<?xml version="1.0" encoding="UTF-8"?>
<testsuite xmlns:xsi="http://www.w3.org/2001/XMLSchema-instance" xsi:noNamespaceSchemaLocation="https://maven.apache.org/surefire/maven-surefire-plugin/xsd/surefire-test-report.xsd" name="org.apache.hadoop.ozone.client.rpc.TestOzoneClientRetriesOnException" time="83.055" tests="2" errors="2" skipped="0" failures="0">
  <properties>
    <property name="awt.toolkit" value="sun.awt.X11.XToolkit"/>
    <property name="file.encoding.pkg" value="sun.io"/>
    <property name="java.specification.version" value="1.8"/>
    <property name="sun.cpu.isalist" value=""/>
    <property name="sun.jnu.encoding" value="UTF-8"/>
    <property name="java.class.path" value="/tmp/workdir/hadoop-ozone/integration-test/target/test-classes:/tmp/workdir/hadoop-ozone/integration-test/target/classes:/home/user/.m2/repository/org/apache/hadoop/hadoop-ozone-common/0.5.0-SNAPSHOT/hadoop-ozone-common-0.5.0-SNAPSHOT.jar:/home/user/.m2/repository/org/apache/commons/commons-compress/1.4.1/commons-compress-1.4.1.jar:/home/user/.m2/repository/org/tukaani/xz/1.0/xz-1.0.jar:/home/user/.m2/repository/org/apache/hadoop/hadoop-common/3.2.0/hadoop-common-3.2.0.jar:/home/user/.m2/repository/org/apache/hadoop/hadoop-hdfs/3.2.0/hadoop-hdfs-3.2.0.jar:/home/user/.m2/repository/org/apache/hadoop/hadoop-hdfs-client/3.2.0/hadoop-hdfs-client-3.2.0.jar:/home/user/.m2/repository/com/fasterxml/jackson/core/jackson-annotations/2.9.5/jackson-annotations-2.9.5.jar:/home/user/.m2/repository/org/apache/hadoop/hadoop-hdds-common/0.5.0-SNAPSHOT/hadoop-hdds-common-0.5.0-SNAPSHOT.jar:/home/user/.m2/repository/javax/annotation/javax.annotation-api/1.2/javax.annotation-api-1.2.jar:/home/user/.m2/repository/org/apache/ratis/ratis-server/0.4.0-2337318-SNAPSHOT/ratis-server-0.4.0-2337318-SNAPSHOT.jar:/home/user/.m2/repository/org/apache/ratis/ratis-thirdparty-misc/0.2.0/ratis-thirdparty-misc-0.2.0.jar:/home/user/.m2/repository/org/apache/ratis/ratis-proto/0.4.0-2337318-SNAPSHOT/ratis-proto-0.4.0-2337318-SNAPSHOT.jar:/home/user/.m2/repository/org/apache/ratis/ratis-common/0.4.0-2337318-SNAPSHOT/ratis-common-0.4.0-2337318-SNAPSHOT.jar:/home/user/.m2/repository/org/apache/ratis/ratis-client/0.4.0-2337318-SNAPSHOT/ratis-client-0.4.0-2337318-SNAPSHOT.jar:/home/user/.m2/repository/org/apache/ratis/ratis-metrics/0.4.0-2337318-SNAPSHOT/ratis-metrics-0.4.0-2337318-SNAPSHOT.jar:/home/user/.m2/repository/org/apache/ratis/ratis-netty/0.4.0-2337318-SNAPSHOT/ratis-netty-0.4.0-2337318-SNAPSHOT.jar:/home/user/.m2/repository/org/apache/ratis/ratis-grpc/0.4.0-2337318-SNAPSHOT/ratis-grpc-0.4.0-2337318-SNAPSHOT.jar:/home/user/.m2/repository/org/rocksdb/rocksdbjni/6.0.1/rocksdbjni-6.0.1.jar:/home/user/.m2/repository/org/apache/logging/log4j/log4j-api/2.11.0/log4j-api-2.11.0.jar:/home/user/.m2/repository/org/apache/logging/log4j/log4j-core/2.11.0/log4j-core-2.11.0.jar:/home/user/.m2/repository/com/lmax/disruptor/3.4.2/disruptor-3.4.2.jar:/home/user/.m2/repository/org/apache/commons/commons-pool2/2.6.0/commons-pool2-2.6.0.jar:/home/user/.m2/repository/org/bouncycastle/bcpkix-jdk15on/1.60/bcpkix-jdk15on-1.60.jar:/home/user/.m2/repository/commons-validator/commons-validator/1.6/commons-validator-1.6.jar:/home/user/.m2/repository/commons-digester/commons-digester/1.8.1/commons-digester-1.8.1.jar:/home/user/.m2/repository/io/jaegertracing/jaeger-client/0.33.1/jaeger-client-0.33.1.jar:/home/user/.m2/repository/io/jaegertracing/jaeger-thrift/0.33.1/jaeger-thrift-0.33.1.jar:/home/user/.m2/repository/org/apache/thrift/libthrift/0.11.0/libthrift-0.11.0.jar:/home/user/.m2/repository/com/squareup/okhttp3/okhttp/3.9.0/okhttp-3.9.0.jar:/home/user/.m2/repository/com/squareup/okio/okio/1.13.0/okio-1.13.0.jar:/home/user/.m2/repository/io/jaegertracing/jaeger-core/0.33.1/jaeger-core-0.33.1.jar:/home/user/.m2/repository/io/jaegertracing/jaeger-tracerresolver/0.33.1/jaeger-tracerresolver-0.33.1.jar:/home/user/.m2/repository/io/opentracing/contrib/opentracing-tracerresolver/0.1.5/opentracing-tracerresolver-0.1.5.jar:/home/user/.m2/repository/io/opentracing/opentracing-util/0.31.0/opentracing-util-0.31.0.jar:/home/user/.m2/repository/io/opentracing/opentracing-api/0.31.0/opentracing-api-0.31.0.jar:/home/user/.m2/repository/io/opentracing/opentracing-noop/0.31.0/opentracing-noop-0.31.0.jar:/home/user/.m2/repository/org/apache/hadoop/hadoop-hdds-server-framework/0.5.0-SNAPSHOT/hadoop-hdds-server-framework-0.5.0-SNAPSHOT.jar:/home/user/.m2/repository/org/apache/hadoop/hadoop-hdds-container-service/0.5.0-SNAPSHOT/hadoop-hdds-container-service-0.5.0-SNAPSHOT.jar:/home/user/.m2/repository/org/apache/hadoop/hadoop-hdds-client/0.5.0-SNAPSHOT/hadoop-hdds-client-0.5.0-SNAPSHOT.jar:/home/user/.m2/repository/org/apache/hadoop/hadoop-hdds-tools/0.5.0-SNAPSHOT/hadoop-hdds-tools-0.5.0-SNAPSHOT.jar:/home/user/.m2/repository/org/apache/hadoop/hadoop-hdds-server-scm/0.5.0-SNAPSHOT/hadoop-hdds-server-scm-0.5.0-SNAPSHOT.jar:/home/user/.m2/repository/org/apache/hadoop/hadoop-hdds-docs/0.5.0-SNAPSHOT/hadoop-hdds-docs-0.5.0-SNAPSHOT.jar:/home/user/.m2/repository/io/dropwizard/metrics/metrics-core/3.2.4/metrics-core-3.2.4.jar:/home/user/.m2/repository/org/hamcrest/hamcrest-all/1.3/hamcrest-all-1.3.jar:/home/user/.m2/repository/org/bouncycastle/bcprov-jdk15on/1.60/bcprov-jdk15on-1.60.jar:/home/user/.m2/repository/info/picocli/picocli/3.9.6/picocli-3.9.6.jar:/home/user/.m2/repository/com/google/protobuf/protobuf-java/2.5.0/protobuf-java-2.5.0.jar:/home/user/.m2/repository/com/google/guava/guava/11.0.2/guava-11.0.2.jar:/home/user/.m2/repository/org/apache/hadoop/hadoop-ozone-ozone-manager/0.5.0-SNAPSHOT/hadoop-ozone-ozone-manager-0.5.0-SNAPSHOT.jar:/home/user/.m2/repository/org/apache/hadoop/hadoop-minikdc/3.2.0/hadoop-minikdc-3.2.0.jar:/home/user/.m2/repository/commons-io/commons-io/2.5/commons-io-2.5.jar:/home/user/.m2/repository/org/apache/kerby/kerb-simplekdc/1.0.1/kerb-simplekdc-1.0.1.jar:/home/user/.m2/repository/org/apache/kerby/kerb-client/1.0.1/kerb-client-1.0.1.jar:/home/user/.m2/repository/org/apache/kerby/kerby-config/1.0.1/kerby-config-1.0.1.jar:/home/user/.m2/repository/org/apache/kerby/kerb-core/1.0.1/kerb-core-1.0.1.jar:/home/user/.m2/repository/org/apache/kerby/kerby-pkix/1.0.1/kerby-pkix-1.0.1.jar:/home/user/.m2/repository/org/apache/kerby/kerby-asn1/1.0.1/kerby-asn1-1.0.1.jar:/home/user/.m2/repository/org/apache/kerby/kerby-util/1.0.1/kerby-util-1.0.1.jar:/home/user/.m2/repository/org/apache/kerby/kerb-common/1.0.1/kerb-common-1.0.1.jar:/home/user/.m2/repository/org/apache/kerby/kerb-crypto/1.0.1/kerb-crypto-1.0.1.jar:/home/user/.m2/repository/org/apache/kerby/kerb-util/1.0.1/kerb-util-1.0.1.jar:/home/user/.m2/repository/org/apache/kerby/token-provider/1.0.1/token-provider-1.0.1.jar:/home/user/.m2/repository/org/apache/kerby/kerb-admin/1.0.1/kerb-admin-1.0.1.jar:/home/user/.m2/repository/org/apache/kerby/kerb-server/1.0.1/kerb-server-1.0.1.jar:/home/user/.m2/repository/org/apache/kerby/kerb-identity/1.0.1/kerb-identity-1.0.1.jar:/home/user/.m2/repository/org/apache/kerby/kerby-xdr/1.0.1/kerby-xdr-1.0.1.jar:/home/user/.m2/repository/org/slf4j/slf4j-log4j12/1.7.25/slf4j-log4j12-1.7.25.jar:/home/user/.m2/repository/org/apache/hadoop/hadoop-ozone-objectstore-service/0.5.0-SNAPSHOT/hadoop-ozone-objectstore-service-0.5.0-SNAPSHOT.jar:/home/user/.m2/repository/org/apache/hadoop/hadoop-ozone-s3gateway/0.5.0-SNAPSHOT/hadoop-ozone-s3gateway-0.5.0-SNAPSHOT.jar:/home/user/.m2/repository/org/jboss/weld/servlet/weld-servlet/2.4.7.Final/weld-servlet-2.4.7.Final.jar:/home/user/.m2/repository/org/glassfish/jersey/containers/jersey-container-servlet-core/2.27/jersey-container-servlet-core-2.27.jar:/home/user/.m2/repository/org/glassfish/hk2/external/javax.inject/2.5.0-b42/javax.inject-2.5.0-b42.jar:/home/user/.m2/repository/org/glassfish/jersey/core/jersey-common/2.27/jersey-common-2.27.jar:/home/user/.m2/repository/org/glassfish/hk2/osgi-resource-locator/1.0.1/osgi-resource-locator-1.0.1.jar:/home/user/.m2/repository/javax/ws/rs/javax.ws.rs-api/2.1/javax.ws.rs-api-2.1.jar:/home/user/.m2/repository/org/glassfish/jersey/ext/cdi/jersey-cdi1x/2.27/jersey-cdi1x-2.27.jar:/home/user/.m2/repository/org/glassfish/jersey/inject/jersey-hk2/2.27/jersey-hk2-2.27.jar:/home/user/.m2/repository/org/glassfish/hk2/hk2-locator/2.5.0-b42/hk2-locator-2.5.0-b42.jar:/home/user/.m2/repository/org/javassist/javassist/3.22.0-CR2/javassist-3.22.0-CR2.jar:/home/user/.m2/repository/org/glassfish/hk2/hk2-api/2.5.0/hk2-api-2.5.0.jar:/home/user/.m2/repository/org/glassfish/hk2/external/jakarta.inject/2.5.0/jakarta.inject-2.5.0.jar:/home/user/.m2/repository/org/glassfish/hk2/hk2-utils/2.5.0/hk2-utils-2.5.0.jar:/home/user/.m2/repository/jakarta/annotation/jakarta.annotation-api/1.3.4/jakarta.annotation-api-1.3.4.jar:/home/user/.m2/repository/org/glassfish/hk2/external/aopalliance-repackaged/2.5.0/aopalliance-repackaged-2.5.0.jar:/home/user/.m2/repository/com/fasterxml/jackson/dataformat/jackson-dataformat-xml/2.9.0/jackson-dataformat-xml-2.9.0.jar:/home/user/.m2/repository/com/fasterxml/jackson/core/jackson-core/2.9.5/jackson-core-2.9.5.jar:/home/user/.m2/repository/com/fasterxml/jackson/module/jackson-module-jaxb-annotations/2.9.5/jackson-module-jaxb-annotations-2.9.5.jar:/home/user/.m2/repository/javax/enterprise/cdi-api/1.2/cdi-api-1.2.jar:/home/user/.m2/repository/javax/el/javax.el-api/3.0.0/javax.el-api-3.0.0.jar:/home/user/.m2/repository/javax/interceptor/javax.interceptor-api/1.2/javax.interceptor-api-1.2.jar:/home/user/.m2/repository/javax/inject/javax.inject/1/javax.inject-1.jar:/home/user/.m2/repository/com/sun/xml/bind/jaxb-impl/2.3.0.1/jaxb-impl-2.3.0.1.jar:/home/user/.m2/repository/com/sun/xml/bind/jaxb-core/2.3.0.1/jaxb-core-2.3.0.1.jar:/home/user/.m2/repository/javax/xml/bind/jaxb-api/2.3.0/jaxb-api-2.3.0.jar:/home/user/.m2/repository/javax/activation/activation/1.1.1/activation-1.1.1.jar:/home/user/.m2/repository/org/apache/hadoop/hadoop-ozone-csi/0.5.0-SNAPSHOT/hadoop-ozone-csi-0.5.0-SNAPSHOT.jar:/home/user/.m2/repository/com/google/protobuf/protobuf-java-util/3.5.1/protobuf-java-util-3.5.1.jar:/home/user/.m2/repository/org/apache/hadoop/hadoop-hdds-config/0.5.0-SNAPSHOT/hadoop-hdds-config-0.5.0-SNAPSHOT.jar:/home/user/.m2/repository/io/grpc/grpc-netty/1.17.1/grpc-netty-1.17.1.jar:/home/user/.m2/repository/io/grpc/grpc-core/1.17.1/grpc-core-1.17.1.jar:/home/user/.m2/repository/io/grpc/grpc-context/1.17.1/grpc-context-1.17.1.jar:/home/user/.m2/repository/com/google/errorprone/error_prone_annotations/2.2.0/error_prone_annotations-2.2.0.jar:/home/user/.m2/repository/org/codehaus/mojo/animal-sniffer-annotations/1.17/animal-sniffer-annotations-1.17.jar:/home/user/.m2/repository/io/opencensus/opencensus-api/0.17.0/opencensus-api-0.17.0.jar:/home/user/.m2/repository/io/opencensus/opencensus-contrib-grpc-metrics/0.17.0/opencensus-contrib-grpc-metrics-0.17.0.jar:/home/user/.m2/repository/io/netty/netty-codec-http2/4.1.30.Final/netty-codec-http2-4.1.30.Final.jar:/home/user/.m2/repository/io/netty/netty-codec-http/4.1.30.Final/netty-codec-http-4.1.30.Final.jar:/home/user/.m2/repository/io/netty/netty-codec/4.1.30.Final/netty-codec-4.1.30.Final.jar:/home/user/.m2/repository/io/netty/netty-handler/4.1.30.Final/netty-handler-4.1.30.Final.jar:/home/user/.m2/repository/io/netty/netty-handler-proxy/4.1.30.Final/netty-handler-proxy-4.1.30.Final.jar:/home/user/.m2/repository/io/netty/netty-codec-socks/4.1.30.Final/netty-codec-socks-4.1.30.Final.jar:/home/user/.m2/repository/io/netty/netty-transport-native-epoll/4.1.30.Final/netty-transport-native-epoll-4.1.30.Final.jar:/home/user/.m2/repository/io/netty/netty-common/4.1.30.Final/netty-common-4.1.30.Final.jar:/home/user/.m2/repository/io/netty/netty-buffer/4.1.30.Final/netty-buffer-4.1.30.Final.jar:/home/user/.m2/repository/io/netty/netty-transport/4.1.30.Final/netty-transport-4.1.30.Final.jar:/home/user/.m2/repository/io/netty/netty-resolver/4.1.30.Final/netty-resolver-4.1.30.Final.jar:/home/user/.m2/repository/io/netty/netty-transport-native-unix-common/4.1.30.Final/netty-transport-native-unix-common-4.1.30.Final.jar:/home/user/.m2/repository/io/grpc/grpc-protobuf/1.17.1/grpc-protobuf-1.17.1.jar:/home/user/.m2/repository/com/google/api/grpc/proto-google-common-protos/1.0.0/proto-google-common-protos-1.0.0.jar:/home/user/.m2/repository/io/grpc/grpc-protobuf-lite/1.17.1/grpc-protobuf-lite-1.17.1.jar:/home/user/.m2/repository/io/grpc/grpc-stub/1.17.1/grpc-stub-1.17.1.jar:/home/user/.m2/repository/org/apache/hadoop/hadoop-ozone-recon/0.5.0-SNAPSHOT/hadoop-ozone-recon-0.5.0-SNAPSHOT.jar:/home/user/.m2/repository/org/apache/hadoop/hadoop-ozone-reconcodegen/0.5.0-SNAPSHOT/hadoop-ozone-reconcodegen-0.5.0-SNAPSHOT.jar:/home/user/.m2/repository/com/google/inject/extensions/guice-multibindings/4.0/guice-multibindings-4.0.jar:/home/user/.m2/repository/com/google/inject/guice/4.0/guice-4.0.jar:/home/user/.m2/repository/aopalliance/aopalliance/1.0/aopalliance-1.0.jar:/home/user/.m2/repository/com/google/inject/extensions/guice-servlet/4.0/guice-servlet-4.0.jar:/home/user/.m2/repository/org/glassfish/jersey/containers/jersey-container-servlet/2.27/jersey-container-servlet-2.27.jar:/home/user/.m2/repository/org/glassfish/hk2/guice-bridge/2.5.0/guice-bridge-2.5.0.jar:/home/user/.m2/repository/org/glassfish/jersey/core/jersey-server/2.27/jersey-server-2.27.jar:/home/user/.m2/repository/org/glassfish/jersey/core/jersey-client/2.27/jersey-client-2.27.jar:/home/user/.m2/repository/org/glassfish/jersey/media/jersey-media-jaxb/2.27/jersey-media-jaxb-2.27.jar:/home/user/.m2/repository/javax/validation/validation-api/1.1.0.Final/validation-api-1.1.0.Final.jar:/home/user/.m2/repository/org/glassfish/jersey/media/jersey-media-json-jackson/2.27/jersey-media-json-jackson-2.27.jar:/home/user/.m2/repository/org/glassfish/jersey/ext/jersey-entity-filtering/2.27/jersey-entity-filtering-2.27.jar:/home/user/.m2/repository/com/google/inject/extensions/guice-assistedinject/4.0/guice-assistedinject-4.0.jar:/home/user/.m2/repository/org/jooq/jooq/3.11.10/jooq-3.11.10.jar:/home/user/.m2/repository/org/jooq/jooq-meta/3.11.10/jooq-meta-3.11.10.jar:/home/user/.m2/repository/org/jooq/jooq-codegen/3.11.10/jooq-codegen-3.11.10.jar:/home/user/.m2/repository/com/jolbox/bonecp/0.8.0.RELEASE/bonecp-0.8.0.RELEASE.jar:/home/user/.m2/repository/org/xerial/sqlite-jdbc/3.25.2/sqlite-jdbc-3.25.2.jar:/home/user/.m2/repository/org/springframework/spring-jdbc/5.1.3.RELEASE/spring-jdbc-5.1.3.RELEASE.jar:/home/user/.m2/repository/org/springframework/spring-beans/5.1.3.RELEASE/spring-beans-5.1.3.RELEASE.jar:/home/user/.m2/repository/org/springframework/spring-core/5.1.3.RELEASE/spring-core-5.1.3.RELEASE.jar:/home/user/.m2/repository/org/springframework/spring-jcl/5.1.3.RELEASE/spring-jcl-5.1.3.RELEASE.jar:/home/user/.m2/repository/org/springframework/spring-tx/5.1.3.RELEASE/spring-tx-5.1.3.RELEASE.jar:/home/user/.m2/repository/org/apache/hadoop/hadoop-ozone-client/0.5.0-SNAPSHOT/hadoop-ozone-client-0.5.0-SNAPSHOT.jar:/home/user/.m2/repository/commons-lang/commons-lang/2.6/commons-lang-2.6.jar:/home/user/.m2/repository/org/apache/hadoop/hadoop-ozone-ozone-manager/0.5.0-SNAPSHOT/hadoop-ozone-ozone-manager-0.5.0-SNAPSHOT-tests.jar:/home/user/.m2/repository/junit/junit/4.11/junit-4.11.jar:/home/user/.m2/repository/org/hamcrest/hamcrest-core/1.3/hamcrest-core-1.3.jar:/home/user/.m2/repository/org/openjdk/jmh/jmh-core/1.19/jmh-core-1.19.jar:/home/user/.m2/repository/net/sf/jopt-simple/jopt-simple/4.6/jopt-simple-4.6.jar:/home/user/.m2/repository/org/apache/commons/commons-math3/3.1.1/commons-math3-3.1.1.jar:/home/user/.m2/repository/org/openjdk/jmh/jmh-generator-annprocess/1.19/jmh-generator-annprocess-1.19.jar:/home/user/.m2/repository/org/mockito/mockito-all/1.8.5/mockito-all-1.8.5.jar:/home/user/.m2/repository/org/apache/hadoop/hadoop-kms/3.2.0/hadoop-kms-3.2.0.jar:/home/user/.m2/repository/org/apache/hadoop/hadoop-auth/3.2.0/hadoop-auth-3.2.0.jar:/home/user/.m2/repository/com/nimbusds/nimbus-jose-jwt/4.41.1/nimbus-jose-jwt-4.41.1.jar:/home/user/.m2/repository/com/github/stephenc/jcip/jcip-annotations/1.0-1/jcip-annotations-1.0-1.jar:/home/user/.m2/repository/net/minidev/json-smart/2.3/json-smart-2.3.jar:/home/user/.m2/repository/net/minidev/accessors-smart/1.2/accessors-smart-1.2.jar:/home/user/.m2/repository/org/ow2/asm/asm/5.0.4/asm-5.0.4.jar:/home/user/.m2/repository/org/apache/curator/curator-framework/2.12.0/curator-framework-2.12.0.jar:/home/user/.m2/repository/com/sun/jersey/jersey-core/1.19/jersey-core-1.19.jar:/home/user/.m2/repository/javax/ws/rs/jsr311-api/1.1.1/jsr311-api-1.1.1.jar:/home/user/.m2/repository/com/sun/jersey/jersey-server/1.19/jersey-server-1.19.jar:/home/user/.m2/repository/javax/servlet/javax.servlet-api/3.1.0/javax.servlet-api-3.1.0.jar:/home/user/.m2/repository/org/eclipse/jetty/jetty-server/9.3.24.v20180605/jetty-server-9.3.24.v20180605.jar:/home/user/.m2/repository/org/eclipse/jetty/jetty-http/9.3.24.v20180605/jetty-http-9.3.24.v20180605.jar:/home/user/.m2/repository/org/eclipse/jetty/jetty-io/9.3.24.v20180605/jetty-io-9.3.24.v20180605.jar:/home/user/.m2/repository/org/eclipse/jetty/jetty-webapp/9.3.24.v20180605/jetty-webapp-9.3.24.v20180605.jar:/home/user/.m2/repository/org/eclipse/jetty/jetty-xml/9.3.24.v20180605/jetty-xml-9.3.24.v20180605.jar:/home/user/.m2/repository/log4j/log4j/1.2.17/log4j-1.2.17.jar:/home/user/.m2/repository/org/slf4j/slf4j-api/1.7.25/slf4j-api-1.7.25.jar:/home/user/.m2/repository/org/slf4j/jul-to-slf4j/1.7.25/jul-to-slf4j-1.7.25.jar:/home/user/.m2/repository/org/eclipse/jetty/jetty-util/9.3.24.v20180605/jetty-util-9.3.24.v20180605.jar:/home/user/.m2/repository/com/fasterxml/jackson/core/jackson-databind/2.9.5/jackson-databind-2.9.5.jar:/home/user/.m2/repository/org/apache/hadoop/hadoop-kms/3.2.0/hadoop-kms-3.2.0-tests.jar:/home/user/.m2/repository/org/apache/hadoop/hadoop-hdds-server-scm/0.5.0-SNAPSHOT/hadoop-hdds-server-scm-0.5.0-SNAPSHOT-tests.jar:/home/user/.m2/repository/org/apache/hadoop/hadoop-hdds-container-service/0.5.0-SNAPSHOT/hadoop-hdds-container-service-0.5.0-SNAPSHOT-tests.jar:/home/user/.m2/repository/org/yaml/snakeyaml/1.16/snakeyaml-1.16.jar:/home/user/.m2/repository/org/apache/hadoop/hadoop-common/3.2.0/hadoop-common-3.2.0-tests.jar:/home/user/.m2/repository/org/apache/hadoop/hadoop-annotations/3.2.0/hadoop-annotations-3.2.0.jar:/usr/lib/jvm/java-1.8-openjdk/jre/../lib/tools.jar:/home/user/.m2/repository/commons-cli/commons-cli/1.2/commons-cli-1.2.jar:/home/user/.m2/repository/org/apache/httpcomponents/httpclient/4.5.2/httpclient-4.5.2.jar:/home/user/.m2/repository/org/apache/httpcomponents/httpcore/4.4.4/httpcore-4.4.4.jar:/home/user/.m2/repository/commons-codec/commons-codec/1.11/commons-codec-1.11.jar:/home/user/.m2/repository/commons-net/commons-net/3.6/commons-net-3.6.jar:/home/user/.m2/repository/commons-collections/commons-collections/3.2.2/commons-collections-3.2.2.jar:/home/user/.m2/repository/org/eclipse/jetty/jetty-servlet/9.3.24.v20180605/jetty-servlet-9.3.24.v20180605.jar:/home/user/.m2/repository/org/eclipse/jetty/jetty-security/9.3.24.v20180605/jetty-security-9.3.24.v20180605.jar:/home/user/.m2/repository/javax/servlet/jsp/jsp-api/2.1/jsp-api-2.1.jar:/home/user/.m2/repository/com/sun/jersey/jersey-servlet/1.19/jersey-servlet-1.19.jar:/home/user/.m2/repository/com/sun/jersey/jersey-json/1.19/jersey-json-1.19.jar:/home/user/.m2/repository/org/codehaus/jettison/jettison/1.1/jettison-1.1.jar:/home/user/.m2/repository/org/codehaus/jackson/jackson-core-asl/1.9.13/jackson-core-asl-1.9.13.jar:/home/user/.m2/repository/org/codehaus/jackson/jackson-mapper-asl/1.9.13/jackson-mapper-asl-1.9.13.jar:/home/user/.m2/repository/org/codehaus/jackson/jackson-jaxrs/1.9.13/jackson-jaxrs-1.9.13.jar:/home/user/.m2/repository/org/codehaus/jackson/jackson-xc/1.9.13/jackson-xc-1.9.13.jar:/home/user/.m2/repository/commons-logging/commons-logging/1.1.3/commons-logging-1.1.3.jar:/home/user/.m2/repository/commons-beanutils/commons-beanutils/1.9.3/commons-beanutils-1.9.3.jar:/home/user/.m2/repository/org/apache/commons/commons-configuration2/2.1.1/commons-configuration2-2.1.1.jar:/home/user/.m2/repository/org/apache/commons/commons-lang3/3.7/commons-lang3-3.7.jar:/home/user/.m2/repository/org/apache/commons/commons-text/1.4/commons-text-1.4.jar:/home/user/.m2/repository/org/apache/avro/avro/1.7.7/avro-1.7.7.jar:/home/user/.m2/repository/com/thoughtworks/paranamer/paranamer/2.3/paranamer-2.3.jar:/home/user/.m2/repository/org/xerial/snappy/snappy-java/1.0.5/snappy-java-1.0.5.jar:/home/user/.m2/repository/com/google/re2j/re2j/1.1/re2j-1.1.jar:/home/user/.m2/repository/com/google/code/gson/gson/2.2.4/gson-2.2.4.jar:/home/user/.m2/repository/com/jcraft/jsch/0.1.54/jsch-0.1.54.jar:/home/user/.m2/repository/org/apache/curator/curator-client/2.12.0/curator-client-2.12.0.jar:/home/user/.m2/repository/org/apache/curator/curator-recipes/2.12.0/curator-recipes-2.12.0.jar:/home/user/.m2/repository/com/google/code/findbugs/jsr305/3.0.0/jsr305-3.0.0.jar:/home/user/.m2/repository/org/apache/htrace/htrace-core4/4.1.0-incubating/htrace-core4-4.1.0-incubating.jar:/home/user/.m2/repository/org/apache/zookeeper/zookeeper/3.4.13/zookeeper-3.4.13.jar:/home/user/.m2/repository/org/apache/yetus/audience-annotations/0.5.0/audience-annotations-0.5.0.jar:/home/user/.m2/repository/org/codehaus/woodstox/stax2-api/3.1.4/stax2-api-3.1.4.jar:/home/user/.m2/repository/com/fasterxml/woodstox/woodstox-core/5.0.3/woodstox-core-5.0.3.jar:/home/user/.m2/repository/dnsjava/dnsjava/2.1.7/dnsjava-2.1.7.jar:/home/user/.m2/repository/org/apache/hadoop/hadoop-hdfs/3.2.0/hadoop-hdfs-3.2.0-tests.jar:/home/user/.m2/repository/org/eclipse/jetty/jetty-util-ajax/9.3.24.v20180605/jetty-util-ajax-9.3.24.v20180605.jar:/home/user/.m2/repository/commons-daemon/commons-daemon/1.0.13/commons-daemon-1.0.13.jar:/home/user/.m2/repository/io/netty/netty/3.10.5.Final/netty-3.10.5.Final.jar:/home/user/.m2/repository/io/netty/netty-all/4.0.52.Final/netty-all-4.0.52.Final.jar:/home/user/.m2/repository/org/fusesource/leveldbjni/leveldbjni-all/1.8/leveldbjni-all-1.8.jar:"/>
    <property name="java.vm.vendor" value="IcedTea"/>
    <property name="sun.arch.data.model" value="64"/>
    <property name="test.build.dir" value="/tmp/workdir/hadoop-ozone/integration-test/target/test-dir"/>
    <property name="test.cache.data" value=""/>
    <property name="java.vendor.url" value="https://icedtea.classpath.org"/>
    <property name="user.timezone" value=""/>
    <property name="java.vm.specification.version" value="1.8"/>
    <property name="os.name" value="Linux"/>
    <property name="test.build.data" value="/tmp/workdir/hadoop-ozone/integration-test/target/test-dir"/>
    <property name="user.country" value="US"/>
    <property name="sun.java.launcher" value="SUN_STANDARD"/>
    <property name="sun.boot.library.path" value="/usr/lib/jvm/java-1.8-openjdk/jre/lib/amd64"/>
    <property name="sun.java.command" value="/tmp/workdir/hadoop-ozone/integration-test/target/surefire/surefirebooter5660148955845557528.jar /tmp/workdir/hadoop-ozone/integration-test/target/surefire 2019-07-13T06-34-03_108-jvmRun1 surefire4547149294564409184tmp surefire_744464101334223507905tmp"/>
    <property name="surefire.test.class.path" value="/tmp/workdir/hadoop-ozone/integration-test/target/test-classes:/tmp/workdir/hadoop-ozone/integration-test/target/classes:/home/user/.m2/repository/org/apache/hadoop/hadoop-ozone-common/0.5.0-SNAPSHOT/hadoop-ozone-common-0.5.0-SNAPSHOT.jar:/home/user/.m2/repository/org/apache/commons/commons-compress/1.4.1/commons-compress-1.4.1.jar:/home/user/.m2/repository/org/tukaani/xz/1.0/xz-1.0.jar:/home/user/.m2/repository/org/apache/hadoop/hadoop-common/3.2.0/hadoop-common-3.2.0.jar:/home/user/.m2/repository/org/apache/hadoop/hadoop-hdfs/3.2.0/hadoop-hdfs-3.2.0.jar:/home/user/.m2/repository/org/apache/hadoop/hadoop-hdfs-client/3.2.0/hadoop-hdfs-client-3.2.0.jar:/home/user/.m2/repository/com/fasterxml/jackson/core/jackson-annotations/2.9.5/jackson-annotations-2.9.5.jar:/home/user/.m2/repository/org/apache/hadoop/hadoop-hdds-common/0.5.0-SNAPSHOT/hadoop-hdds-common-0.5.0-SNAPSHOT.jar:/home/user/.m2/repository/javax/annotation/javax.annotation-api/1.2/javax.annotation-api-1.2.jar:/home/user/.m2/repository/org/apache/ratis/ratis-server/0.4.0-2337318-SNAPSHOT/ratis-server-0.4.0-2337318-SNAPSHOT.jar:/home/user/.m2/repository/org/apache/ratis/ratis-thirdparty-misc/0.2.0/ratis-thirdparty-misc-0.2.0.jar:/home/user/.m2/repository/org/apache/ratis/ratis-proto/0.4.0-2337318-SNAPSHOT/ratis-proto-0.4.0-2337318-SNAPSHOT.jar:/home/user/.m2/repository/org/apache/ratis/ratis-common/0.4.0-2337318-SNAPSHOT/ratis-common-0.4.0-2337318-SNAPSHOT.jar:/home/user/.m2/repository/org/apache/ratis/ratis-client/0.4.0-2337318-SNAPSHOT/ratis-client-0.4.0-2337318-SNAPSHOT.jar:/home/user/.m2/repository/org/apache/ratis/ratis-metrics/0.4.0-2337318-SNAPSHOT/ratis-metrics-0.4.0-2337318-SNAPSHOT.jar:/home/user/.m2/repository/org/apache/ratis/ratis-netty/0.4.0-2337318-SNAPSHOT/ratis-netty-0.4.0-2337318-SNAPSHOT.jar:/home/user/.m2/repository/org/apache/ratis/ratis-grpc/0.4.0-2337318-SNAPSHOT/ratis-grpc-0.4.0-2337318-SNAPSHOT.jar:/home/user/.m2/repository/org/rocksdb/rocksdbjni/6.0.1/rocksdbjni-6.0.1.jar:/home/user/.m2/repository/org/apache/logging/log4j/log4j-api/2.11.0/log4j-api-2.11.0.jar:/home/user/.m2/repository/org/apache/logging/log4j/log4j-core/2.11.0/log4j-core-2.11.0.jar:/home/user/.m2/repository/com/lmax/disruptor/3.4.2/disruptor-3.4.2.jar:/home/user/.m2/repository/org/apache/commons/commons-pool2/2.6.0/commons-pool2-2.6.0.jar:/home/user/.m2/repository/org/bouncycastle/bcpkix-jdk15on/1.60/bcpkix-jdk15on-1.60.jar:/home/user/.m2/repository/commons-validator/commons-validator/1.6/commons-validator-1.6.jar:/home/user/.m2/repository/commons-digester/commons-digester/1.8.1/commons-digester-1.8.1.jar:/home/user/.m2/repository/io/jaegertracing/jaeger-client/0.33.1/jaeger-client-0.33.1.jar:/home/user/.m2/repository/io/jaegertracing/jaeger-thrift/0.33.1/jaeger-thrift-0.33.1.jar:/home/user/.m2/repository/org/apache/thrift/libthrift/0.11.0/libthrift-0.11.0.jar:/home/user/.m2/repository/com/squareup/okhttp3/okhttp/3.9.0/okhttp-3.9.0.jar:/home/user/.m2/repository/com/squareup/okio/okio/1.13.0/okio-1.13.0.jar:/home/user/.m2/repository/io/jaegertracing/jaeger-core/0.33.1/jaeger-core-0.33.1.jar:/home/user/.m2/repository/io/jaegertracing/jaeger-tracerresolver/0.33.1/jaeger-tracerresolver-0.33.1.jar:/home/user/.m2/repository/io/opentracing/contrib/opentracing-tracerresolver/0.1.5/opentracing-tracerresolver-0.1.5.jar:/home/user/.m2/repository/io/opentracing/opentracing-util/0.31.0/opentracing-util-0.31.0.jar:/home/user/.m2/repository/io/opentracing/opentracing-api/0.31.0/opentracing-api-0.31.0.jar:/home/user/.m2/repository/io/opentracing/opentracing-noop/0.31.0/opentracing-noop-0.31.0.jar:/home/user/.m2/repository/org/apache/hadoop/hadoop-hdds-server-framework/0.5.0-SNAPSHOT/hadoop-hdds-server-framework-0.5.0-SNAPSHOT.jar:/home/user/.m2/repository/org/apache/hadoop/hadoop-hdds-container-service/0.5.0-SNAPSHOT/hadoop-hdds-container-service-0.5.0-SNAPSHOT.jar:/home/user/.m2/repository/org/apache/hadoop/hadoop-hdds-client/0.5.0-SNAPSHOT/hadoop-hdds-client-0.5.0-SNAPSHOT.jar:/home/user/.m2/repository/org/apache/hadoop/hadoop-hdds-tools/0.5.0-SNAPSHOT/hadoop-hdds-tools-0.5.0-SNAPSHOT.jar:/home/user/.m2/repository/org/apache/hadoop/hadoop-hdds-server-scm/0.5.0-SNAPSHOT/hadoop-hdds-server-scm-0.5.0-SNAPSHOT.jar:/home/user/.m2/repository/org/apache/hadoop/hadoop-hdds-docs/0.5.0-SNAPSHOT/hadoop-hdds-docs-0.5.0-SNAPSHOT.jar:/home/user/.m2/repository/io/dropwizard/metrics/metrics-core/3.2.4/metrics-core-3.2.4.jar:/home/user/.m2/repository/org/hamcrest/hamcrest-all/1.3/hamcrest-all-1.3.jar:/home/user/.m2/repository/org/bouncycastle/bcprov-jdk15on/1.60/bcprov-jdk15on-1.60.jar:/home/user/.m2/repository/info/picocli/picocli/3.9.6/picocli-3.9.6.jar:/home/user/.m2/repository/com/google/protobuf/protobuf-java/2.5.0/protobuf-java-2.5.0.jar:/home/user/.m2/repository/com/google/guava/guava/11.0.2/guava-11.0.2.jar:/home/user/.m2/repository/org/apache/hadoop/hadoop-ozone-ozone-manager/0.5.0-SNAPSHOT/hadoop-ozone-ozone-manager-0.5.0-SNAPSHOT.jar:/home/user/.m2/repository/org/apache/hadoop/hadoop-minikdc/3.2.0/hadoop-minikdc-3.2.0.jar:/home/user/.m2/repository/commons-io/commons-io/2.5/commons-io-2.5.jar:/home/user/.m2/repository/org/apache/kerby/kerb-simplekdc/1.0.1/kerb-simplekdc-1.0.1.jar:/home/user/.m2/repository/org/apache/kerby/kerb-client/1.0.1/kerb-client-1.0.1.jar:/home/user/.m2/repository/org/apache/kerby/kerby-config/1.0.1/kerby-config-1.0.1.jar:/home/user/.m2/repository/org/apache/kerby/kerb-core/1.0.1/kerb-core-1.0.1.jar:/home/user/.m2/repository/org/apache/kerby/kerby-pkix/1.0.1/kerby-pkix-1.0.1.jar:/home/user/.m2/repository/org/apache/kerby/kerby-asn1/1.0.1/kerby-asn1-1.0.1.jar:/home/user/.m2/repository/org/apache/kerby/kerby-util/1.0.1/kerby-util-1.0.1.jar:/home/user/.m2/repository/org/apache/kerby/kerb-common/1.0.1/kerb-common-1.0.1.jar:/home/user/.m2/repository/org/apache/kerby/kerb-crypto/1.0.1/kerb-crypto-1.0.1.jar:/home/user/.m2/repository/org/apache/kerby/kerb-util/1.0.1/kerb-util-1.0.1.jar:/home/user/.m2/repository/org/apache/kerby/token-provider/1.0.1/token-provider-1.0.1.jar:/home/user/.m2/repository/org/apache/kerby/kerb-admin/1.0.1/kerb-admin-1.0.1.jar:/home/user/.m2/repository/org/apache/kerby/kerb-server/1.0.1/kerb-server-1.0.1.jar:/home/user/.m2/repository/org/apache/kerby/kerb-identity/1.0.1/kerb-identity-1.0.1.jar:/home/user/.m2/repository/org/apache/kerby/kerby-xdr/1.0.1/kerby-xdr-1.0.1.jar:/home/user/.m2/repository/org/slf4j/slf4j-log4j12/1.7.25/slf4j-log4j12-1.7.25.jar:/home/user/.m2/repository/org/apache/hadoop/hadoop-ozone-objectstore-service/0.5.0-SNAPSHOT/hadoop-ozone-objectstore-service-0.5.0-SNAPSHOT.jar:/home/user/.m2/repository/org/apache/hadoop/hadoop-ozone-s3gateway/0.5.0-SNAPSHOT/hadoop-ozone-s3gateway-0.5.0-SNAPSHOT.jar:/home/user/.m2/repository/org/jboss/weld/servlet/weld-servlet/2.4.7.Final/weld-servlet-2.4.7.Final.jar:/home/user/.m2/repository/org/glassfish/jersey/containers/jersey-container-servlet-core/2.27/jersey-container-servlet-core-2.27.jar:/home/user/.m2/repository/org/glassfish/hk2/external/javax.inject/2.5.0-b42/javax.inject-2.5.0-b42.jar:/home/user/.m2/repository/org/glassfish/jersey/core/jersey-common/2.27/jersey-common-2.27.jar:/home/user/.m2/repository/org/glassfish/hk2/osgi-resource-locator/1.0.1/osgi-resource-locator-1.0.1.jar:/home/user/.m2/repository/javax/ws/rs/javax.ws.rs-api/2.1/javax.ws.rs-api-2.1.jar:/home/user/.m2/repository/org/glassfish/jersey/ext/cdi/jersey-cdi1x/2.27/jersey-cdi1x-2.27.jar:/home/user/.m2/repository/org/glassfish/jersey/inject/jersey-hk2/2.27/jersey-hk2-2.27.jar:/home/user/.m2/repository/org/glassfish/hk2/hk2-locator/2.5.0-b42/hk2-locator-2.5.0-b42.jar:/home/user/.m2/repository/org/javassist/javassist/3.22.0-CR2/javassist-3.22.0-CR2.jar:/home/user/.m2/repository/org/glassfish/hk2/hk2-api/2.5.0/hk2-api-2.5.0.jar:/home/user/.m2/repository/org/glassfish/hk2/external/jakarta.inject/2.5.0/jakarta.inject-2.5.0.jar:/home/user/.m2/repository/org/glassfish/hk2/hk2-utils/2.5.0/hk2-utils-2.5.0.jar:/home/user/.m2/repository/jakarta/annotation/jakarta.annotation-api/1.3.4/jakarta.annotation-api-1.3.4.jar:/home/user/.m2/repository/org/glassfish/hk2/external/aopalliance-repackaged/2.5.0/aopalliance-repackaged-2.5.0.jar:/home/user/.m2/repository/com/fasterxml/jackson/dataformat/jackson-dataformat-xml/2.9.0/jackson-dataformat-xml-2.9.0.jar:/home/user/.m2/repository/com/fasterxml/jackson/core/jackson-core/2.9.5/jackson-core-2.9.5.jar:/home/user/.m2/repository/com/fasterxml/jackson/module/jackson-module-jaxb-annotations/2.9.5/jackson-module-jaxb-annotations-2.9.5.jar:/home/user/.m2/repository/javax/enterprise/cdi-api/1.2/cdi-api-1.2.jar:/home/user/.m2/repository/javax/el/javax.el-api/3.0.0/javax.el-api-3.0.0.jar:/home/user/.m2/repository/javax/interceptor/javax.interceptor-api/1.2/javax.interceptor-api-1.2.jar:/home/user/.m2/repository/javax/inject/javax.inject/1/javax.inject-1.jar:/home/user/.m2/repository/com/sun/xml/bind/jaxb-impl/2.3.0.1/jaxb-impl-2.3.0.1.jar:/home/user/.m2/repository/com/sun/xml/bind/jaxb-core/2.3.0.1/jaxb-core-2.3.0.1.jar:/home/user/.m2/repository/javax/xml/bind/jaxb-api/2.3.0/jaxb-api-2.3.0.jar:/home/user/.m2/repository/javax/activation/activation/1.1.1/activation-1.1.1.jar:/home/user/.m2/repository/org/apache/hadoop/hadoop-ozone-csi/0.5.0-SNAPSHOT/hadoop-ozone-csi-0.5.0-SNAPSHOT.jar:/home/user/.m2/repository/com/google/protobuf/protobuf-java-util/3.5.1/protobuf-java-util-3.5.1.jar:/home/user/.m2/repository/org/apache/hadoop/hadoop-hdds-config/0.5.0-SNAPSHOT/hadoop-hdds-config-0.5.0-SNAPSHOT.jar:/home/user/.m2/repository/io/grpc/grpc-netty/1.17.1/grpc-netty-1.17.1.jar:/home/user/.m2/repository/io/grpc/grpc-core/1.17.1/grpc-core-1.17.1.jar:/home/user/.m2/repository/io/grpc/grpc-context/1.17.1/grpc-context-1.17.1.jar:/home/user/.m2/repository/com/google/errorprone/error_prone_annotations/2.2.0/error_prone_annotations-2.2.0.jar:/home/user/.m2/repository/org/codehaus/mojo/animal-sniffer-annotations/1.17/animal-sniffer-annotations-1.17.jar:/home/user/.m2/repository/io/opencensus/opencensus-api/0.17.0/opencensus-api-0.17.0.jar:/home/user/.m2/repository/io/opencensus/opencensus-contrib-grpc-metrics/0.17.0/opencensus-contrib-grpc-metrics-0.17.0.jar:/home/user/.m2/repository/io/netty/netty-codec-http2/4.1.30.Final/netty-codec-http2-4.1.30.Final.jar:/home/user/.m2/repository/io/netty/netty-codec-http/4.1.30.Final/netty-codec-http-4.1.30.Final.jar:/home/user/.m2/repository/io/netty/netty-codec/4.1.30.Final/netty-codec-4.1.30.Final.jar:/home/user/.m2/repository/io/netty/netty-handler/4.1.30.Final/netty-handler-4.1.30.Final.jar:/home/user/.m2/repository/io/netty/netty-handler-proxy/4.1.30.Final/netty-handler-proxy-4.1.30.Final.jar:/home/user/.m2/repository/io/netty/netty-codec-socks/4.1.30.Final/netty-codec-socks-4.1.30.Final.jar:/home/user/.m2/repository/io/netty/netty-transport-native-epoll/4.1.30.Final/netty-transport-native-epoll-4.1.30.Final.jar:/home/user/.m2/repository/io/netty/netty-common/4.1.30.Final/netty-common-4.1.30.Final.jar:/home/user/.m2/repository/io/netty/netty-buffer/4.1.30.Final/netty-buffer-4.1.30.Final.jar:/home/user/.m2/repository/io/netty/netty-transport/4.1.30.Final/netty-transport-4.1.30.Final.jar:/home/user/.m2/repository/io/netty/netty-resolver/4.1.30.Final/netty-resolver-4.1.30.Final.jar:/home/user/.m2/repository/io/netty/netty-transport-native-unix-common/4.1.30.Final/netty-transport-native-unix-common-4.1.30.Final.jar:/home/user/.m2/repository/io/grpc/grpc-protobuf/1.17.1/grpc-protobuf-1.17.1.jar:/home/user/.m2/repository/com/google/api/grpc/proto-google-common-protos/1.0.0/proto-google-common-protos-1.0.0.jar:/home/user/.m2/repository/io/grpc/grpc-protobuf-lite/1.17.1/grpc-protobuf-lite-1.17.1.jar:/home/user/.m2/repository/io/grpc/grpc-stub/1.17.1/grpc-stub-1.17.1.jar:/home/user/.m2/repository/org/apache/hadoop/hadoop-ozone-recon/0.5.0-SNAPSHOT/hadoop-ozone-recon-0.5.0-SNAPSHOT.jar:/home/user/.m2/repository/org/apache/hadoop/hadoop-ozone-reconcodegen/0.5.0-SNAPSHOT/hadoop-ozone-reconcodegen-0.5.0-SNAPSHOT.jar:/home/user/.m2/repository/com/google/inject/extensions/guice-multibindings/4.0/guice-multibindings-4.0.jar:/home/user/.m2/repository/com/google/inject/guice/4.0/guice-4.0.jar:/home/user/.m2/repository/aopalliance/aopalliance/1.0/aopalliance-1.0.jar:/home/user/.m2/repository/com/google/inject/extensions/guice-servlet/4.0/guice-servlet-4.0.jar:/home/user/.m2/repository/org/glassfish/jersey/containers/jersey-container-servlet/2.27/jersey-container-servlet-2.27.jar:/home/user/.m2/repository/org/glassfish/hk2/guice-bridge/2.5.0/guice-bridge-2.5.0.jar:/home/user/.m2/repository/org/glassfish/jersey/core/jersey-server/2.27/jersey-server-2.27.jar:/home/user/.m2/repository/org/glassfish/jersey/core/jersey-client/2.27/jersey-client-2.27.jar:/home/user/.m2/repository/org/glassfish/jersey/media/jersey-media-jaxb/2.27/jersey-media-jaxb-2.27.jar:/home/user/.m2/repository/javax/validation/validation-api/1.1.0.Final/validation-api-1.1.0.Final.jar:/home/user/.m2/repository/org/glassfish/jersey/media/jersey-media-json-jackson/2.27/jersey-media-json-jackson-2.27.jar:/home/user/.m2/repository/org/glassfish/jersey/ext/jersey-entity-filtering/2.27/jersey-entity-filtering-2.27.jar:/home/user/.m2/repository/com/google/inject/extensions/guice-assistedinject/4.0/guice-assistedinject-4.0.jar:/home/user/.m2/repository/org/jooq/jooq/3.11.10/jooq-3.11.10.jar:/home/user/.m2/repository/org/jooq/jooq-meta/3.11.10/jooq-meta-3.11.10.jar:/home/user/.m2/repository/org/jooq/jooq-codegen/3.11.10/jooq-codegen-3.11.10.jar:/home/user/.m2/repository/com/jolbox/bonecp/0.8.0.RELEASE/bonecp-0.8.0.RELEASE.jar:/home/user/.m2/repository/org/xerial/sqlite-jdbc/3.25.2/sqlite-jdbc-3.25.2.jar:/home/user/.m2/repository/org/springframework/spring-jdbc/5.1.3.RELEASE/spring-jdbc-5.1.3.RELEASE.jar:/home/user/.m2/repository/org/springframework/spring-beans/5.1.3.RELEASE/spring-beans-5.1.3.RELEASE.jar:/home/user/.m2/repository/org/springframework/spring-core/5.1.3.RELEASE/spring-core-5.1.3.RELEASE.jar:/home/user/.m2/repository/org/springframework/spring-jcl/5.1.3.RELEASE/spring-jcl-5.1.3.RELEASE.jar:/home/user/.m2/repository/org/springframework/spring-tx/5.1.3.RELEASE/spring-tx-5.1.3.RELEASE.jar:/home/user/.m2/repository/org/apache/hadoop/hadoop-ozone-client/0.5.0-SNAPSHOT/hadoop-ozone-client-0.5.0-SNAPSHOT.jar:/home/user/.m2/repository/commons-lang/commons-lang/2.6/commons-lang-2.6.jar:/home/user/.m2/repository/org/apache/hadoop/hadoop-ozone-ozone-manager/0.5.0-SNAPSHOT/hadoop-ozone-ozone-manager-0.5.0-SNAPSHOT-tests.jar:/home/user/.m2/repository/junit/junit/4.11/junit-4.11.jar:/home/user/.m2/repository/org/hamcrest/hamcrest-core/1.3/hamcrest-core-1.3.jar:/home/user/.m2/repository/org/openjdk/jmh/jmh-core/1.19/jmh-core-1.19.jar:/home/user/.m2/repository/net/sf/jopt-simple/jopt-simple/4.6/jopt-simple-4.6.jar:/home/user/.m2/repository/org/apache/commons/commons-math3/3.1.1/commons-math3-3.1.1.jar:/home/user/.m2/repository/org/openjdk/jmh/jmh-generator-annprocess/1.19/jmh-generator-annprocess-1.19.jar:/home/user/.m2/repository/org/mockito/mockito-all/1.8.5/mockito-all-1.8.5.jar:/home/user/.m2/repository/org/apache/hadoop/hadoop-kms/3.2.0/hadoop-kms-3.2.0.jar:/home/user/.m2/repository/org/apache/hadoop/hadoop-auth/3.2.0/hadoop-auth-3.2.0.jar:/home/user/.m2/repository/com/nimbusds/nimbus-jose-jwt/4.41.1/nimbus-jose-jwt-4.41.1.jar:/home/user/.m2/repository/com/github/stephenc/jcip/jcip-annotations/1.0-1/jcip-annotations-1.0-1.jar:/home/user/.m2/repository/net/minidev/json-smart/2.3/json-smart-2.3.jar:/home/user/.m2/repository/net/minidev/accessors-smart/1.2/accessors-smart-1.2.jar:/home/user/.m2/repository/org/ow2/asm/asm/5.0.4/asm-5.0.4.jar:/home/user/.m2/repository/org/apache/curator/curator-framework/2.12.0/curator-framework-2.12.0.jar:/home/user/.m2/repository/com/sun/jersey/jersey-core/1.19/jersey-core-1.19.jar:/home/user/.m2/repository/javax/ws/rs/jsr311-api/1.1.1/jsr311-api-1.1.1.jar:/home/user/.m2/repository/com/sun/jersey/jersey-server/1.19/jersey-server-1.19.jar:/home/user/.m2/repository/javax/servlet/javax.servlet-api/3.1.0/javax.servlet-api-3.1.0.jar:/home/user/.m2/repository/org/eclipse/jetty/jetty-server/9.3.24.v20180605/jetty-server-9.3.24.v20180605.jar:/home/user/.m2/repository/org/eclipse/jetty/jetty-http/9.3.24.v20180605/jetty-http-9.3.24.v20180605.jar:/home/user/.m2/repository/org/eclipse/jetty/jetty-io/9.3.24.v20180605/jetty-io-9.3.24.v20180605.jar:/home/user/.m2/repository/org/eclipse/jetty/jetty-webapp/9.3.24.v20180605/jetty-webapp-9.3.24.v20180605.jar:/home/user/.m2/repository/org/eclipse/jetty/jetty-xml/9.3.24.v20180605/jetty-xml-9.3.24.v20180605.jar:/home/user/.m2/repository/log4j/log4j/1.2.17/log4j-1.2.17.jar:/home/user/.m2/repository/org/slf4j/slf4j-api/1.7.25/slf4j-api-1.7.25.jar:/home/user/.m2/repository/org/slf4j/jul-to-slf4j/1.7.25/jul-to-slf4j-1.7.25.jar:/home/user/.m2/repository/org/eclipse/jetty/jetty-util/9.3.24.v20180605/jetty-util-9.3.24.v20180605.jar:/home/user/.m2/repository/com/fasterxml/jackson/core/jackson-databind/2.9.5/jackson-databind-2.9.5.jar:/home/user/.m2/repository/org/apache/hadoop/hadoop-kms/3.2.0/hadoop-kms-3.2.0-tests.jar:/home/user/.m2/repository/org/apache/hadoop/hadoop-hdds-server-scm/0.5.0-SNAPSHOT/hadoop-hdds-server-scm-0.5.0-SNAPSHOT-tests.jar:/home/user/.m2/repository/org/apache/hadoop/hadoop-hdds-container-service/0.5.0-SNAPSHOT/hadoop-hdds-container-service-0.5.0-SNAPSHOT-tests.jar:/home/user/.m2/repository/org/yaml/snakeyaml/1.16/snakeyaml-1.16.jar:/home/user/.m2/repository/org/apache/hadoop/hadoop-common/3.2.0/hadoop-common-3.2.0-tests.jar:/home/user/.m2/repository/org/apache/hadoop/hadoop-annotations/3.2.0/hadoop-annotations-3.2.0.jar:/usr/lib/jvm/java-1.8-openjdk/jre/../lib/tools.jar:/home/user/.m2/repository/commons-cli/commons-cli/1.2/commons-cli-1.2.jar:/home/user/.m2/repository/org/apache/httpcomponents/httpclient/4.5.2/httpclient-4.5.2.jar:/home/user/.m2/repository/org/apache/httpcomponents/httpcore/4.4.4/httpcore-4.4.4.jar:/home/user/.m2/repository/commons-codec/commons-codec/1.11/commons-codec-1.11.jar:/home/user/.m2/repository/commons-net/commons-net/3.6/commons-net-3.6.jar:/home/user/.m2/repository/commons-collections/commons-collections/3.2.2/commons-collections-3.2.2.jar:/home/user/.m2/repository/org/eclipse/jetty/jetty-servlet/9.3.24.v20180605/jetty-servlet-9.3.24.v20180605.jar:/home/user/.m2/repository/org/eclipse/jetty/jetty-security/9.3.24.v20180605/jetty-security-9.3.24.v20180605.jar:/home/user/.m2/repository/javax/servlet/jsp/jsp-api/2.1/jsp-api-2.1.jar:/home/user/.m2/repository/com/sun/jersey/jersey-servlet/1.19/jersey-servlet-1.19.jar:/home/user/.m2/repository/com/sun/jersey/jersey-json/1.19/jersey-json-1.19.jar:/home/user/.m2/repository/org/codehaus/jettison/jettison/1.1/jettison-1.1.jar:/home/user/.m2/repository/org/codehaus/jackson/jackson-core-asl/1.9.13/jackson-core-asl-1.9.13.jar:/home/user/.m2/repository/org/codehaus/jackson/jackson-mapper-asl/1.9.13/jackson-mapper-asl-1.9.13.jar:/home/user/.m2/repository/org/codehaus/jackson/jackson-jaxrs/1.9.13/jackson-jaxrs-1.9.13.jar:/home/user/.m2/repository/org/codehaus/jackson/jackson-xc/1.9.13/jackson-xc-1.9.13.jar:/home/user/.m2/repository/commons-logging/commons-logging/1.1.3/commons-logging-1.1.3.jar:/home/user/.m2/repository/commons-beanutils/commons-beanutils/1.9.3/commons-beanutils-1.9.3.jar:/home/user/.m2/repository/org/apache/commons/commons-configuration2/2.1.1/commons-configuration2-2.1.1.jar:/home/user/.m2/repository/org/apache/commons/commons-lang3/3.7/commons-lang3-3.7.jar:/home/user/.m2/repository/org/apache/commons/commons-text/1.4/commons-text-1.4.jar:/home/user/.m2/repository/org/apache/avro/avro/1.7.7/avro-1.7.7.jar:/home/user/.m2/repository/com/thoughtworks/paranamer/paranamer/2.3/paranamer-2.3.jar:/home/user/.m2/repository/org/xerial/snappy/snappy-java/1.0.5/snappy-java-1.0.5.jar:/home/user/.m2/repository/com/google/re2j/re2j/1.1/re2j-1.1.jar:/home/user/.m2/repository/com/google/code/gson/gson/2.2.4/gson-2.2.4.jar:/home/user/.m2/repository/com/jcraft/jsch/0.1.54/jsch-0.1.54.jar:/home/user/.m2/repository/org/apache/curator/curator-client/2.12.0/curator-client-2.12.0.jar:/home/user/.m2/repository/org/apache/curator/curator-recipes/2.12.0/curator-recipes-2.12.0.jar:/home/user/.m2/repository/com/google/code/findbugs/jsr305/3.0.0/jsr305-3.0.0.jar:/home/user/.m2/repository/org/apache/htrace/htrace-core4/4.1.0-incubating/htrace-core4-4.1.0-incubating.jar:/home/user/.m2/repository/org/apache/zookeeper/zookeeper/3.4.13/zookeeper-3.4.13.jar:/home/user/.m2/repository/org/apache/yetus/audience-annotations/0.5.0/audience-annotations-0.5.0.jar:/home/user/.m2/repository/org/codehaus/woodstox/stax2-api/3.1.4/stax2-api-3.1.4.jar:/home/user/.m2/repository/com/fasterxml/woodstox/woodstox-core/5.0.3/woodstox-core-5.0.3.jar:/home/user/.m2/repository/dnsjava/dnsjava/2.1.7/dnsjava-2.1.7.jar:/home/user/.m2/repository/org/apache/hadoop/hadoop-hdfs/3.2.0/hadoop-hdfs-3.2.0-tests.jar:/home/user/.m2/repository/org/eclipse/jetty/jetty-util-ajax/9.3.24.v20180605/jetty-util-ajax-9.3.24.v20180605.jar:/home/user/.m2/repository/commons-daemon/commons-daemon/1.0.13/commons-daemon-1.0.13.jar:/home/user/.m2/repository/io/netty/netty/3.10.5.Final/netty-3.10.5.Final.jar:/home/user/.m2/repository/io/netty/netty-all/4.0.52.Final/netty-all-4.0.52.Final.jar:/home/user/.m2/repository/org/fusesource/leveldbjni/leveldbjni-all/1.8/leveldbjni-all-1.8.jar:"/>
    <property name="sun.cpu.endian" value="little"/>
    <property name="user.home" value="/home/user"/>
    <property name="user.language" value="en"/>
    <property name="java.specification.vendor" value="Oracle Corporation"/>
    <property name="java.home" value="/usr/lib/jvm/java-1.8-openjdk/jre"/>
    <property name="java.security.krb5.conf" value="/tmp/workdir/hadoop-ozone/integration-test/target/test-classes/krb5.conf"/>
    <property name="basedir" value="/tmp/workdir/hadoop-ozone/integration-test"/>
    <property name="file.separator" value="/"/>
    <property name="line.separator" value="&#10;"/>
    <property name="java.vm.specification.vendor" value="Oracle Corporation"/>
    <property name="java.specification.name" value="Java Platform API Specification"/>
    <property name="java.awt.graphicsenv" value="sun.awt.X11GraphicsEnvironment"/>
    <property name="surefire.real.class.path" value="/tmp/workdir/hadoop-ozone/integration-test/target/surefire/surefirebooter5660148955845557528.jar"/>
    <property name="hadoop.log.dir" value="/tmp/workdir/hadoop-ozone/integration-test/target/log"/>
    <property name="sun.boot.class.path" value="/usr/lib/jvm/java-1.8-openjdk/jre/lib/resources.jar:/usr/lib/jvm/java-1.8-openjdk/jre/lib/rt.jar:/usr/lib/jvm/java-1.8-openjdk/jre/lib/sunrsasign.jar:/usr/lib/jvm/java-1.8-openjdk/jre/lib/jsse.jar:/usr/lib/jvm/java-1.8-openjdk/jre/lib/jce.jar:/usr/lib/jvm/java-1.8-openjdk/jre/lib/charsets.jar:/usr/lib/jvm/java-1.8-openjdk/jre/lib/jfr.jar:/usr/lib/jvm/java-1.8-openjdk/jre/classes"/>
    <property name="sun.management.compiler" value="HotSpot 64-Bit Tiered Compilers"/>
    <property name="java.runtime.version" value="1.8.0_212-b04"/>
    <property name="java.net.preferIPv4Stack" value="true"/>
    <property name="user.name" value="jenkins1000"/>
    <property name="path.separator" value=":"/>
    <property name="java.security.egd" value="file:///dev/urandom"/>
    <property name="os.version" value="3.10.0-957.12.2.el7.x86_64"/>
    <property name="java.endorsed.dirs" value="/usr/lib/jvm/java-1.8-openjdk/jre/lib/endorsed"/>
    <property name="java.runtime.name" value="OpenJDK Runtime Environment"/>
    <property name="file.encoding" value="UTF-8"/>
    <property name="java.vm.name" value="OpenJDK 64-Bit Server VM"/>
    <property name="test.build.webapps" value=""/>
    <property name="localRepository" value="/home/user/.m2/repository"/>
    <property name="java.vendor.url.bug" value="https://icedtea.classpath.org/bugzilla"/>
    <property name="java.io.tmpdir" value="/tmp"/>
    <property name="require.test.libhadoop" value=""/>
    <property name="java.version" value="1.8.0_212"/>
    <property name="user.dir" value="/tmp/workdir/hadoop-ozone/integration-test"/>
    <property name="os.arch" value="amd64"/>
    <property name="java.vm.specification.name" value="Java Virtual Machine Specification"/>
    <property name="test.build.classes" value="/tmp/workdir/hadoop-ozone/integration-test/target/test-classes"/>
    <property name="java.awt.printerjob" value="sun.print.PSPrinterJob"/>
    <property name="sun.os.patch.level" value="unknown"/>
    <property name="hadoop.tmp.dir" value="/tmp/workdir/hadoop-ozone/integration-test/target/tmp"/>
    <property name="java.library.path" value="/usr/lib/jvm/java-1.8-openjdk/jre/lib/amd64/server:/usr/lib/jvm/java-1.8-openjdk/jre/lib/amd64:/usr/lib/jvm/java-1.8-openjdk/jre/../lib/amd64:/tmp/workdir/hadoop-ozone/integration-test/target/native/target/usr/local/lib:/tmp/workdir/hadoop-ozone/integration-test/../../hadoop-common-project/hadoop-common/target/native/target/usr/local/lib:/usr/java/packages/lib/amd64:/usr/lib64:/lib64:/lib:/usr/lib"/>
    <property name="java.vm.info" value="mixed mode"/>
    <property name="java.vendor" value="IcedTea"/>
    <property name="java.vm.version" value="25.212-b04"/>
    <property name="java.ext.dirs" value="/usr/lib/jvm/java-1.8-openjdk/jre/lib/ext:/usr/java/packages/lib/ext"/>
    <property name="sun.io.unicode.encoding" value="UnicodeLittle"/>
    <property name="java.class.version" value="52.0"/>
  </properties>
  <testcase name="testGroupMismatchExceptionHandling" classname="org.apache.hadoop.ozone.client.rpc.TestOzoneClientRetriesOnException" time="44.606">
    <error type="java.lang.IllegalArgumentException">java.lang.IllegalArgumentException
	at com.google.common.base.Preconditions.checkArgument(Preconditions.java:72)
	at org.apache.hadoop.hdds.scm.XceiverClientManager.acquireClient(XceiverClientManager.java:150)
	at org.apache.hadoop.hdds.scm.XceiverClientManager.acquireClientForReadData(XceiverClientManager.java:143)
	at org.apache.hadoop.hdds.scm.storage.BlockInputStream.getChunkInfos(BlockInputStream.java:154)
	at org.apache.hadoop.hdds.scm.storage.BlockInputStream.initialize(BlockInputStream.java:118)
	at org.apache.hadoop.hdds.scm.storage.BlockInputStream.read(BlockInputStream.java:222)
	at org.apache.hadoop.ozone.client.io.KeyInputStream.read(KeyInputStream.java:171)
	at org.apache.hadoop.ozone.client.io.OzoneInputStream.read(OzoneInputStream.java:47)
	at java.io.InputStream.read(InputStream.java:101)
	at org.apache.hadoop.ozone.container.ContainerTestHelper.validateData(ContainerTestHelper.java:709)
	at org.apache.hadoop.ozone.client.rpc.TestOzoneClientRetriesOnException.validateData(TestOzoneClientRetriesOnException.java:231)
	at org.apache.hadoop.ozone.client.rpc.TestOzoneClientRetriesOnException.testGroupMismatchExceptionHandling(TestOzoneClientRetriesOnException.java:160)
	at sun.reflect.NativeMethodAccessorImpl.invoke0(Native Method)
	at sun.reflect.NativeMethodAccessorImpl.invoke(NativeMethodAccessorImpl.java:62)
	at sun.reflect.DelegatingMethodAccessorImpl.invoke(DelegatingMethodAccessorImpl.java:43)
	at java.lang.reflect.Method.invoke(Method.java:498)
	at org.junit.runners.model.FrameworkMethod$1.runReflectiveCall(FrameworkMethod.java:47)
	at org.junit.internal.runners.model.ReflectiveCallable.run(ReflectiveCallable.java:12)
	at org.junit.runners.model.FrameworkMethod.invokeExplosively(FrameworkMethod.java:44)
	at org.junit.internal.runners.statements.InvokeMethod.evaluate(InvokeMethod.java:17)
	at org.junit.internal.runners.statements.RunBefores.evaluate(RunBefores.java:26)
	at org.junit.internal.runners.statements.RunAfters.evaluate(RunAfters.java:27)
	at org.junit.runners.ParentRunner.runLeaf(ParentRunner.java:271)
	at org.junit.runners.BlockJUnit4ClassRunner.runChild(BlockJUnit4ClassRunner.java:70)
	at org.junit.runners.BlockJUnit4ClassRunner.runChild(BlockJUnit4ClassRunner.java:50)
	at org.junit.runners.ParentRunner$3.run(ParentRunner.java:238)
	at org.junit.runners.ParentRunner$1.schedule(ParentRunner.java:63)
	at org.junit.runners.ParentRunner.runChildren(ParentRunner.java:236)
	at org.junit.runners.ParentRunner.access$000(ParentRunner.java:53)
	at org.junit.runners.ParentRunner$2.evaluate(ParentRunner.java:229)
	at org.junit.runners.ParentRunner.run(ParentRunner.java:309)
	at org.apache.maven.surefire.junit4.JUnit4Provider.execute(JUnit4Provider.java:365)
	at org.apache.maven.surefire.junit4.JUnit4Provider.executeWithRerun(JUnit4Provider.java:273)
	at org.apache.maven.surefire.junit4.JUnit4Provider.executeTestSet(JUnit4Provider.java:238)
	at org.apache.maven.surefire.junit4.JUnit4Provider.invoke(JUnit4Provider.java:159)
	at org.apache.maven.surefire.booter.ForkedBooter.invokeProviderInSameClassLoader(ForkedBooter.java:384)
	at org.apache.maven.surefire.booter.ForkedBooter.runSuitesInProcess(ForkedBooter.java:345)
	at org.apache.maven.surefire.booter.ForkedBooter.execute(ForkedBooter.java:126)
	at org.apache.maven.surefire.booter.ForkedBooter.main(ForkedBooter.java:418)
</error>
    <system-out><![CDATA[2019-07-13 07:45:30,967 WARN  server.ServerUtils (ServerUtils.java:getScmDbDir(145)) - ozone.scm.db.dirs is not configured. We recommend adding this setting. Falling back to ozone.metadata.dirs instead.
2019-07-13 07:45:31,092 WARN  server.ServerUtils (ServerUtils.java:getScmDbDir(145)) - ozone.scm.db.dirs is not configured. We recommend adding this setting. Falling back to ozone.metadata.dirs instead.
2019-07-13 07:45:31,095 WARN  server.ServerUtils (ServerUtils.java:getScmDbDir(145)) - ozone.scm.db.dirs is not configured. We recommend adding this setting. Falling back to ozone.metadata.dirs instead.
2019-07-13 07:45:31,114 INFO  util.log (Log.java:initialized(192)) - Logging initialized @904ms
2019-07-13 07:45:31,217 INFO  db.DBStoreBuilder (DBStoreBuilder.java:addTable(110)) - using custom profile for table: deletedBlocks
2019-07-13 07:45:31,217 INFO  db.DBStoreBuilder (DBStoreBuilder.java:processTables(161)) - Using default column profile:DBProfile.DISK for Table:deletedBlocks
2019-07-13 07:45:31,218 INFO  db.DBStoreBuilder (DBStoreBuilder.java:addTable(110)) - using custom profile for table: validCerts
2019-07-13 07:45:31,218 INFO  db.DBStoreBuilder (DBStoreBuilder.java:processTables(161)) - Using default column profile:DBProfile.DISK for Table:validCerts
2019-07-13 07:45:31,218 INFO  db.DBStoreBuilder (DBStoreBuilder.java:addTable(110)) - using custom profile for table: revokedCerts
2019-07-13 07:45:31,218 INFO  db.DBStoreBuilder (DBStoreBuilder.java:processTables(161)) - Using default column profile:DBProfile.DISK for Table:revokedCerts
2019-07-13 07:45:31,230 INFO  db.DBStoreBuilder (DBStoreBuilder.java:addTable(110)) - using custom profile for table: default
2019-07-13 07:45:31,230 INFO  db.DBStoreBuilder (DBStoreBuilder.java:processTables(167)) - Using default column profile:DBProfile.DISK for Table:default
2019-07-13 07:45:31,232 INFO  db.DBStoreBuilder (DBStoreBuilder.java:getDbProfile(198)) - Using default options. DBProfile.DISK
2019-07-13 07:45:31,427 INFO  net.NodeSchemaLoader (NodeSchemaLoader.java:loadSchemaFromFile(125)) - Loading file from sun.misc.CompoundEnumeration@20ce78ec
2019-07-13 07:45:31,431 INFO  net.NodeSchemaLoader (NodeSchemaLoader.java:loadSchema(171)) - Loading network topology layer schema file
2019-07-13 07:45:31,504 WARN  server.ServerUtils (ServerUtils.java:sanitizeUserArgs(70)) - ozone.scm.stale.node.interval value = 300000 is larger than max = 100000 based on the key value of ozone.scm.heartbeat.thread.interval, reset to the max value 100000.
2019-07-13 07:45:31,506 WARN  server.ServerUtils (ServerUtils.java:sanitizeUserArgs(70)) - ozone.scm.stale.node.interval value = 300000 is larger than max = 100000 based on the key value of ozone.scm.heartbeat.thread.interval, reset to the max value 100000.
2019-07-13 07:45:31,508 INFO  node.SCMNodeManager (SCMNodeManager.java:<init>(119)) - Entering startup safe mode.
2019-07-13 07:45:31,591 WARN  server.ServerUtils (ServerUtils.java:getScmDbDir(145)) - ozone.scm.db.dirs is not configured. We recommend adding this setting. Falling back to ozone.metadata.dirs instead.
2019-07-13 07:45:31,664 INFO  pipeline.SCMPipelineManager (SCMPipelineManager.java:initializePipelineState(126)) - No pipeline exists in current db
2019-07-13 07:45:31,666 WARN  server.ServerUtils (ServerUtils.java:getScmDbDir(145)) - ozone.scm.db.dirs is not configured. We recommend adding this setting. Falling back to ozone.metadata.dirs instead.
2019-07-13 07:45:31,775 WARN  events.EventQueue (EventQueue.java:fireEvent(175)) - No event handler registered for event TypedEvent{payloadType=SafeModeStatus, name='SafeModeStatus'}
2019-07-13 07:45:32,113 INFO  ipc.CallQueueManager (CallQueueManager.java:<init>(84)) - Using callQueue: class java.util.concurrent.LinkedBlockingQueue, queueCapacity: 2000, scheduler: class org.apache.hadoop.ipc.DefaultRpcScheduler, ipcBackoff: false.
2019-07-13 07:45:32,140 INFO  ipc.Server (Server.java:run(1074)) - Starting Socket Reader #1 for port 40035
2019-07-13 07:45:32,164 INFO  ipc.CallQueueManager (CallQueueManager.java:<init>(84)) - Using callQueue: class java.util.concurrent.LinkedBlockingQueue, queueCapacity: 2000, scheduler: class org.apache.hadoop.ipc.DefaultRpcScheduler, ipcBackoff: false.
2019-07-13 07:45:32,165 INFO  ipc.Server (Server.java:run(1074)) - Starting Socket Reader #1 for port 33307
2019-07-13 07:45:32,171 INFO  ipc.CallQueueManager (CallQueueManager.java:<init>(84)) - Using callQueue: class java.util.concurrent.LinkedBlockingQueue, queueCapacity: 2000, scheduler: class org.apache.hadoop.ipc.DefaultRpcScheduler, ipcBackoff: false.
2019-07-13 07:45:32,172 INFO  ipc.Server (Server.java:run(1074)) - Starting Socket Reader #1 for port 35268
2019-07-13 07:45:32,305 INFO  hdfs.DFSUtil (DFSUtil.java:httpServerTemplateForNNAndJN(1641)) - Starting Web-server for scm at: http://0.0.0.0:0
2019-07-13 07:45:32,439 INFO  server.AuthenticationFilter (AuthenticationFilter.java:constructSecretProvider(240)) - Unable to initialize FileSignerSecretProvider, falling back to use random secrets.
2019-07-13 07:45:32,446 WARN  http.HttpRequestLog (HttpRequestLog.java:getRequestLog(97)) - Jetty request log can only be enabled using Log4j
2019-07-13 07:45:32,454 INFO  http.HttpServer2 (HttpServer2.java:addGlobalFilter(975)) - Added global filter 'safety' (class=org.apache.hadoop.http.HttpServer2$QuotingInputFilter)
2019-07-13 07:45:32,457 INFO  http.HttpServer2 (HttpServer2.java:addFilter(948)) - Added filter static_user_filter (class=org.apache.hadoop.http.lib.StaticUserWebFilter$StaticUserFilter) to context scm
2019-07-13 07:45:32,457 INFO  http.HttpServer2 (HttpServer2.java:addFilter(958)) - Added filter static_user_filter (class=org.apache.hadoop.http.lib.StaticUserWebFilter$StaticUserFilter) to context static
2019-07-13 07:45:32,458 INFO  http.HttpServer2 (HttpServer2.java:addFilter(958)) - Added filter static_user_filter (class=org.apache.hadoop.http.lib.StaticUserWebFilter$StaticUserFilter) to context logs
2019-07-13 07:45:32,484 INFO  server.StorageContainerManager (StorageContainerManager.java:start(759)) - StorageContainerLocationProtocol RPC server is listening at /0.0.0.0:35268
2019-07-13 07:45:32,540 WARN  impl.MetricsConfig (MetricsConfig.java:loadFirst(134)) - Cannot locate configuration: tried hadoop-metrics2-storagecontainermanager.properties,hadoop-metrics2.properties
2019-07-13 07:45:32,552 INFO  impl.MetricsSystemImpl (MetricsSystemImpl.java:startTimer(374)) - Scheduled Metric snapshot period at 10 second(s).
2019-07-13 07:45:32,553 INFO  impl.MetricsSystemImpl (MetricsSystemImpl.java:start(191)) - StorageContainerManager metrics system started
2019-07-13 07:45:32,762 INFO  server.SCMClientProtocolServer (SCMClientProtocolServer.java:start(149)) - RPC server for Client  is listening at /0.0.0.0:35268
2019-07-13 07:45:32,763 INFO  ipc.Server (Server.java:run(1314)) - IPC Server Responder: starting
2019-07-13 07:45:32,764 INFO  ipc.Server (Server.java:run(1153)) - IPC Server listener on 35268: starting
2019-07-13 07:45:32,768 INFO  server.StorageContainerManager (StorageContainerManager.java:start(768)) - ScmBlockLocationProtocol RPC server is listening at /0.0.0.0:33307
2019-07-13 07:45:32,769 INFO  server.SCMBlockProtocolServer (SCMBlockProtocolServer.java:start(140)) - RPC server for Block Protocol is listening at /0.0.0.0:33307
2019-07-13 07:45:32,769 INFO  ipc.Server (Server.java:run(1314)) - IPC Server Responder: starting
2019-07-13 07:45:32,769 INFO  ipc.Server (Server.java:run(1153)) - IPC Server listener on 33307: starting
2019-07-13 07:45:32,778 INFO  server.StorageContainerManager (StorageContainerManager.java:start(772)) - ScmDatanodeProtocl RPC server is listening at /0.0.0.0:40035
2019-07-13 07:45:32,778 INFO  server.SCMDatanodeProtocolServer (SCMDatanodeProtocolServer.java:start(191)) - RPC server for DataNodes is listening at /0.0.0.0:40035
2019-07-13 07:45:32,780 INFO  ipc.Server (Server.java:run(1314)) - IPC Server Responder: starting
2019-07-13 07:45:32,781 INFO  ipc.Server (Server.java:run(1153)) - IPC Server listener on 40035: starting
2019-07-13 07:45:32,790 INFO  http.HttpServer2 (HttpServer2.java:bindListener(1191)) - Jetty bound to port 34632
2019-07-13 07:45:32,792 INFO  server.Server (Server.java:doStart(351)) - jetty-9.3.24.v20180605, build timestamp: 2018-06-05T17:11:56Z, git hash: 84205aa28f11a4f31f2a3b86d1bba2cc8ab69827
2019-07-13 07:45:32,822 INFO  handler.ContextHandler (ContextHandler.java:doStart(781)) - Started o.e.j.s.ServletContextHandler@635572a7{/logs,file:///tmp/workdir/hadoop-ozone/integration-test/target/log,AVAILABLE}
2019-07-13 07:45:32,823 INFO  handler.ContextHandler (ContextHandler.java:doStart(781)) - Started o.e.j.s.ServletContextHandler@4dd02341{/static,file:///tmp/workdir/hadoop-ozone/integration-test/target/test-classes/webapps/static,AVAILABLE}
2019-07-13 07:45:32,848 INFO  handler.ContextHandler (ContextHandler.java:doStart(781)) - Started o.e.j.w.WebAppContext@6fff253c{/,file:///tmp/workdir/hadoop-ozone/integration-test/target/test-classes/webapps/scm/,AVAILABLE}{/scm}
2019-07-13 07:45:32,852 INFO  server.AbstractConnector (AbstractConnector.java:doStart(278)) - Started ServerConnector@7c041b41{HTTP/1.1,[http/1.1]}{0.0.0.0:34632}
2019-07-13 07:45:32,852 INFO  server.Server (Server.java:doStart(419)) - Started @2643ms
2019-07-13 07:45:32,855 INFO  server.BaseHttpServer (BaseHttpServer.java:updateConnectorAddress(207)) - HTTP server of SCM is listening at http://0.0.0.0:34632
2019-07-13 07:45:32,860 INFO  util.JvmPauseMonitor (JvmPauseMonitor.java:run(188)) - Starting JVM pause monitor
2019-07-13 07:45:32,861 WARN  server.ServerUtils (ServerUtils.java:getDBPath(222)) - ozone.om.db.dirs is not configured. We recommend adding this setting. Falling back to ozone.metadata.dirs instead.
2019-07-13 07:45:32,939 WARN  server.ServerUtils (ServerUtils.java:getDBPath(222)) - ozone.om.db.dirs is not configured. We recommend adding this setting. Falling back to ozone.metadata.dirs instead.
2019-07-13 07:45:32,940 INFO  om.OzoneManager (OzoneManager.java:setOMNodeDetails(630)) - OM Service ID is not set. Setting it to the default ID: omServiceIdDefault
2019-07-13 07:45:32,940 INFO  om.OzoneManager (OzoneManager.java:setOMNodeDetails(636)) - OM Node ID is not set. Setting it to the OmStorage's OmID: 4f56b2be-40ac-46e5-927e-61e571017dbd
2019-07-13 07:45:32,941 INFO  om.OzoneManager (OzoneManager.java:loadOMHAConfigs(587)) - Found matching OM address with OMServiceId: null, OMNodeId: null, RPC Address: localhost:0 and Ratis port: 9872
2019-07-13 07:45:33,158 WARN  server.ServerUtils (ServerUtils.java:getDBPath(222)) - ozone.om.db.dirs is not configured. We recommend adding this setting. Falling back to ozone.metadata.dirs instead.
2019-07-13 07:45:33,168 INFO  db.DBStoreBuilder (DBStoreBuilder.java:addTable(110)) - using custom profile for table: userTable
2019-07-13 07:45:33,169 INFO  db.DBStoreBuilder (DBStoreBuilder.java:processTables(161)) - Using default column profile:DBProfile.DISK for Table:userTable
2019-07-13 07:45:33,169 INFO  db.DBStoreBuilder (DBStoreBuilder.java:addTable(110)) - using custom profile for table: volumeTable
2019-07-13 07:45:33,169 INFO  db.DBStoreBuilder (DBStoreBuilder.java:processTables(161)) - Using default column profile:DBProfile.DISK for Table:volumeTable
2019-07-13 07:45:33,170 INFO  db.DBStoreBuilder (DBStoreBuilder.java:addTable(110)) - using custom profile for table: bucketTable
2019-07-13 07:45:33,170 INFO  db.DBStoreBuilder (DBStoreBuilder.java:processTables(161)) - Using default column profile:DBProfile.DISK for Table:bucketTable
2019-07-13 07:45:33,171 INFO  db.DBStoreBuilder (DBStoreBuilder.java:addTable(110)) - using custom profile for table: keyTable
2019-07-13 07:45:33,171 INFO  db.DBStoreBuilder (DBStoreBuilder.java:processTables(161)) - Using default column profile:DBProfile.DISK for Table:keyTable
2019-07-13 07:45:33,171 INFO  db.DBStoreBuilder (DBStoreBuilder.java:addTable(110)) - using custom profile for table: deletedTable
2019-07-13 07:45:33,172 INFO  db.DBStoreBuilder (DBStoreBuilder.java:processTables(161)) - Using default column profile:DBProfile.DISK for Table:deletedTable
2019-07-13 07:45:33,172 INFO  db.DBStoreBuilder (DBStoreBuilder.java:addTable(110)) - using custom profile for table: openKeyTable
2019-07-13 07:45:33,172 INFO  db.DBStoreBuilder (DBStoreBuilder.java:processTables(161)) - Using default column profile:DBProfile.DISK for Table:openKeyTable
2019-07-13 07:45:33,173 INFO  db.DBStoreBuilder (DBStoreBuilder.java:addTable(110)) - using custom profile for table: s3Table
2019-07-13 07:45:33,173 INFO  db.DBStoreBuilder (DBStoreBuilder.java:processTables(161)) - Using default column profile:DBProfile.DISK for Table:s3Table
2019-07-13 07:45:33,173 INFO  db.DBStoreBuilder (DBStoreBuilder.java:addTable(110)) - using custom profile for table: multipartInfoTable
2019-07-13 07:45:33,174 INFO  db.DBStoreBuilder (DBStoreBuilder.java:processTables(161)) - Using default column profile:DBProfile.DISK for Table:multipartInfoTable
2019-07-13 07:45:33,174 INFO  db.DBStoreBuilder (DBStoreBuilder.java:addTable(110)) - using custom profile for table: dTokenTable
2019-07-13 07:45:33,174 INFO  db.DBStoreBuilder (DBStoreBuilder.java:processTables(161)) - Using default column profile:DBProfile.DISK for Table:dTokenTable
2019-07-13 07:45:33,175 INFO  db.DBStoreBuilder (DBStoreBuilder.java:addTable(110)) - using custom profile for table: s3SecretTable
2019-07-13 07:45:33,175 INFO  db.DBStoreBuilder (DBStoreBuilder.java:processTables(161)) - Using default column profile:DBProfile.DISK for Table:s3SecretTable
2019-07-13 07:45:33,175 INFO  db.DBStoreBuilder (DBStoreBuilder.java:addTable(110)) - using custom profile for table: prefixTable
2019-07-13 07:45:33,176 INFO  db.DBStoreBuilder (DBStoreBuilder.java:processTables(161)) - Using default column profile:DBProfile.DISK for Table:prefixTable
2019-07-13 07:45:33,176 INFO  db.DBStoreBuilder (DBStoreBuilder.java:addTable(110)) - using custom profile for table: default
2019-07-13 07:45:33,176 INFO  db.DBStoreBuilder (DBStoreBuilder.java:processTables(167)) - Using default column profile:DBProfile.DISK for Table:default
2019-07-13 07:45:33,177 INFO  db.DBStoreBuilder (DBStoreBuilder.java:getDbProfile(198)) - Using default options. DBProfile.DISK
2019-07-13 07:45:34,202 INFO  ipc.CallQueueManager (CallQueueManager.java:<init>(84)) - Using callQueue: class java.util.concurrent.LinkedBlockingQueue, queueCapacity: 2000, scheduler: class org.apache.hadoop.ipc.DefaultRpcScheduler, ipcBackoff: false.
2019-07-13 07:45:34,204 INFO  ipc.Server (Server.java:run(1074)) - Starting Socket Reader #1 for port 34648
2019-07-13 07:45:34,235 WARN  server.ServerUtils (ServerUtils.java:getDBPath(222)) - ozone.om.db.dirs is not configured. We recommend adding this setting. Falling back to ozone.metadata.dirs instead.
2019-07-13 07:45:34,235 INFO  om.OzoneManager (OzoneManager.java:start(1228)) - OzoneManager RPC server is listening at localhost/127.0.0.1:34648
2019-07-13 07:45:34,235 INFO  impl.MetricsSystemImpl (MetricsSystemImpl.java:init(158)) - OzoneManager metrics system started (again)
2019-07-13 07:45:34,237 INFO  ipc.Server (Server.java:run(1314)) - IPC Server Responder: starting
2019-07-13 07:45:34,238 INFO  ipc.Server (Server.java:run(1153)) - IPC Server listener on 34648: starting
2019-07-13 07:45:34,252 INFO  hdfs.DFSUtil (DFSUtil.java:httpServerTemplateForNNAndJN(1641)) - Starting Web-server for ozoneManager at: http://0.0.0.0:0
2019-07-13 07:45:34,255 INFO  server.AuthenticationFilter (AuthenticationFilter.java:constructSecretProvider(240)) - Unable to initialize FileSignerSecretProvider, falling back to use random secrets.
2019-07-13 07:45:34,256 WARN  http.HttpRequestLog (HttpRequestLog.java:getRequestLog(97)) - Jetty request log can only be enabled using Log4j
2019-07-13 07:45:34,259 INFO  http.HttpServer2 (HttpServer2.java:addGlobalFilter(975)) - Added global filter 'safety' (class=org.apache.hadoop.http.HttpServer2$QuotingInputFilter)
2019-07-13 07:45:34,261 INFO  http.HttpServer2 (HttpServer2.java:addFilter(948)) - Added filter static_user_filter (class=org.apache.hadoop.http.lib.StaticUserWebFilter$StaticUserFilter) to context ozoneManager
2019-07-13 07:45:34,261 INFO  http.HttpServer2 (HttpServer2.java:addFilter(958)) - Added filter static_user_filter (class=org.apache.hadoop.http.lib.StaticUserWebFilter$StaticUserFilter) to context static
2019-07-13 07:45:34,261 INFO  http.HttpServer2 (HttpServer2.java:addFilter(958)) - Added filter static_user_filter (class=org.apache.hadoop.http.lib.StaticUserWebFilter$StaticUserFilter) to context logs
2019-07-13 07:45:34,265 INFO  http.HttpServer2 (HttpServer2.java:bindListener(1191)) - Jetty bound to port 39404
2019-07-13 07:45:34,266 INFO  server.Server (Server.java:doStart(351)) - jetty-9.3.24.v20180605, build timestamp: 2018-06-05T17:11:56Z, git hash: 84205aa28f11a4f31f2a3b86d1bba2cc8ab69827
2019-07-13 07:45:34,268 INFO  handler.ContextHandler (ContextHandler.java:doStart(781)) - Started o.e.j.s.ServletContextHandler@2d0bfb24{/logs,file:///tmp/workdir/hadoop-ozone/integration-test/target/log,AVAILABLE}
2019-07-13 07:45:34,269 INFO  handler.ContextHandler (ContextHandler.java:doStart(781)) - Started o.e.j.s.ServletContextHandler@7b44b63d{/static,file:///tmp/workdir/hadoop-ozone/integration-test/target/test-classes/webapps/static,AVAILABLE}
2019-07-13 07:45:34,277 INFO  handler.ContextHandler (ContextHandler.java:doStart(781)) - Started o.e.j.w.WebAppContext@3e9803c2{/,file:///tmp/workdir/hadoop-ozone/integration-test/target/test-classes/webapps/ozoneManager/,AVAILABLE}{/ozoneManager}
2019-07-13 07:45:34,278 INFO  server.AbstractConnector (AbstractConnector.java:doStart(278)) - Started ServerConnector@4525d1d3{HTTP/1.1,[http/1.1]}{0.0.0.0:39404}
2019-07-13 07:45:34,278 INFO  server.Server (Server.java:doStart(419)) - Started @4069ms
2019-07-13 07:45:34,279 INFO  server.BaseHttpServer (BaseHttpServer.java:updateConnectorAddress(207)) - HTTP server of OZONEMANAGER is listening at http://0.0.0.0:39404
2019-07-13 07:45:34,632 INFO  impl.MetricsSystemImpl (MetricsSystemImpl.java:init(158)) - HddsDatanode metrics system started (again)
2019-07-13 07:45:34,722 INFO  ozone.HddsDatanodeService (HddsDatanodeService.java:start(185)) - HddsDatanodeService host:trunk-nightly-9lh4p-2362225927 ip:192.168.69.84
2019-07-13 07:45:34,754 INFO  volume.HddsVolume (HddsVolume.java:<init>(176)) - Creating Volume: /tmp/workdir/hadoop-ozone/integration-test/target/test-dir/MiniOzoneClusterImpl-5ac1d508-1700-49a1-8f37-e4cad1a6cc92/datanode-0/data/containers/hdds of  storage type : DISK and capacity : 52710309888
2019-07-13 07:45:34,755 INFO  volume.VolumeSet (VolumeSet.java:initializeVolumeSet(170)) - Added Volume : /tmp/workdir/hadoop-ozone/integration-test/target/test-dir/MiniOzoneClusterImpl-5ac1d508-1700-49a1-8f37-e4cad1a6cc92/datanode-0/data/containers/hdds to VolumeSet
2019-07-13 07:45:34,758 INFO  volume.ThrottledAsyncChecker (ThrottledAsyncChecker.java:schedule(140)) - Scheduling a check for org.apache.hadoop.ozone.container.common.volume.HddsVolume@59546cfe
2019-07-13 07:45:34,776 INFO  volume.HddsVolumeChecker (HddsVolumeChecker.java:checkAllVolumes(203)) - Scheduled health check for volume org.apache.hadoop.ozone.container.common.volume.HddsVolume@59546cfe
2019-07-13 07:45:34,919 INFO  impl.RaftServerProxy (ConfUtils.java:logGet(43)) - raft.rpc.type = GRPC (default)
2019-07-13 07:45:34,996 INFO  grpc.GrpcFactory (GrpcFactory.java:checkPooledByteBufAllocatorUseCacheForAllThreads(45)) - PERFORMANCE WARNING: useCacheForAllThreads is true that may cause Netty to create a lot garbage objects and, as a result, trigger GC.
	It is recommended to disable useCacheForAllThreads by setting -Dorg.apache.ratis.thirdparty.io.netty.allocator.useCacheForAllThreads=false in command line.
2019-07-13 07:45:35,002 INFO  grpc.GrpcConfigKeys$Server (ConfUtils.java:logGet(43)) - raft.grpc.server.port = 0 (default)
2019-07-13 07:45:35,004 INFO  server.GrpcService (ConfUtils.java:logGet(43)) - raft.grpc.message.size.max = 33570816 (custom)
2019-07-13 07:45:35,005 INFO  server.RaftServerConfigKeys (ConfUtils.java:logGet(43)) - raft.server.log.appender.buffer.byte-limit = 33554432 (custom)
2019-07-13 07:45:35,006 INFO  server.GrpcService (ConfUtils.java:logGet(43)) - raft.grpc.flow.control.window = 1MB (=1048576) (default)
2019-07-13 07:45:35,007 INFO  server.RaftServerConfigKeys (ConfUtils.java:logGet(43)) - raft.server.rpc.request.timeout = 3000ms (default)
2019-07-13 07:45:35,174 INFO  server.RaftServerConfigKeys (ConfUtils.java:logGet(43)) - raft.server.storage.dir = [/tmp/workdir/hadoop-ozone/integration-test/target/test-dir/MiniOzoneClusterImpl-5ac1d508-1700-49a1-8f37-e4cad1a6cc92/datanode-0/data/ratis] (custom)
2019-07-13 07:45:35,210 INFO  replication.SimpleContainerDownloader (SimpleContainerDownloader.java:<init>(72)) - Starting container downloader service to copy containers to replicate.
2019-07-13 07:45:35,224 INFO  hdfs.DFSUtil (DFSUtil.java:httpServerTemplateForNNAndJN(1641)) - Starting Web-server for hddsDatanode at: http://0.0.0.0:0
2019-07-13 07:45:35,228 INFO  server.AuthenticationFilter (AuthenticationFilter.java:constructSecretProvider(240)) - Unable to initialize FileSignerSecretProvider, falling back to use random secrets.
2019-07-13 07:45:35,230 WARN  http.HttpRequestLog (HttpRequestLog.java:getRequestLog(97)) - Jetty request log can only be enabled using Log4j
2019-07-13 07:45:35,234 INFO  http.HttpServer2 (HttpServer2.java:addGlobalFilter(975)) - Added global filter 'safety' (class=org.apache.hadoop.http.HttpServer2$QuotingInputFilter)
2019-07-13 07:45:35,235 INFO  http.HttpServer2 (HttpServer2.java:addFilter(948)) - Added filter static_user_filter (class=org.apache.hadoop.http.lib.StaticUserWebFilter$StaticUserFilter) to context hddsDatanode
2019-07-13 07:45:35,235 INFO  http.HttpServer2 (HttpServer2.java:addFilter(958)) - Added filter static_user_filter (class=org.apache.hadoop.http.lib.StaticUserWebFilter$StaticUserFilter) to context static
2019-07-13 07:45:35,236 INFO  http.HttpServer2 (HttpServer2.java:addFilter(958)) - Added filter static_user_filter (class=org.apache.hadoop.http.lib.StaticUserWebFilter$StaticUserFilter) to context logs
2019-07-13 07:45:35,238 INFO  http.HttpServer2 (HttpServer2.java:bindListener(1191)) - Jetty bound to port 37415
2019-07-13 07:45:35,238 INFO  server.Server (Server.java:doStart(351)) - jetty-9.3.24.v20180605, build timestamp: 2018-06-05T17:11:56Z, git hash: 84205aa28f11a4f31f2a3b86d1bba2cc8ab69827
2019-07-13 07:45:35,242 INFO  handler.ContextHandler (ContextHandler.java:doStart(781)) - Started o.e.j.s.ServletContextHandler@36cc9385{/logs,file:///tmp/workdir/hadoop-ozone/integration-test/target/log,AVAILABLE}
2019-07-13 07:45:35,243 INFO  handler.ContextHandler (ContextHandler.java:doStart(781)) - Started o.e.j.s.ServletContextHandler@7915bca3{/static,jar:file:/home/user/.m2/repository/org/apache/hadoop/hadoop-hdds-container-service/0.5.0-SNAPSHOT/hadoop-hdds-container-service-0.5.0-SNAPSHOT.jar!/webapps/static,AVAILABLE}
2019-07-13 07:45:35,292 INFO  handler.ContextHandler (ContextHandler.java:doStart(781)) - Started o.e.j.w.WebAppContext@37e0292a{/,file:///tmp/jetty-0.0.0.0-37415-hddsDatanode-_-any-681148332359926436.dir/webapp/,AVAILABLE}{/hddsDatanode}
2019-07-13 07:45:35,293 INFO  server.AbstractConnector (AbstractConnector.java:doStart(278)) - Started ServerConnector@4af70944{HTTP/1.1,[http/1.1]}{0.0.0.0:37415}
2019-07-13 07:45:35,294 INFO  server.Server (Server.java:doStart(419)) - Started @5084ms
2019-07-13 07:45:35,296 INFO  server.BaseHttpServer (BaseHttpServer.java:updateConnectorAddress(207)) - HTTP server of HDDSDATANODE is listening at http://0.0.0.0:37415
2019-07-13 07:45:36,338 INFO  ozone.HddsDatanodeService (HddsDatanodeService.java:startPlugins(396)) - Started plug-in org.apache.hadoop.ozone.web.OzoneHddsDatanodeService@b4732dc
2019-07-13 07:45:36,339 INFO  impl.MetricsSystemImpl (MetricsSystemImpl.java:init(158)) - HddsDatanode metrics system started (again)
2019-07-13 07:45:36,340 INFO  ozone.HddsDatanodeService (HddsDatanodeService.java:start(185)) - HddsDatanodeService host:trunk-nightly-9lh4p-2362225927 ip:192.168.69.84
2019-07-13 07:45:36,348 INFO  util.JvmPauseMonitor (JvmPauseMonitor.java:run(188)) - Starting JVM pause monitor
2019-07-13 07:45:36,351 INFO  volume.HddsVolume (HddsVolume.java:<init>(176)) - Creating Volume: /tmp/workdir/hadoop-ozone/integration-test/target/test-dir/MiniOzoneClusterImpl-5ac1d508-1700-49a1-8f37-e4cad1a6cc92/datanode-1/data/containers/hdds of  storage type : DISK and capacity : 52710309888
2019-07-13 07:45:36,352 INFO  volume.VolumeSet (VolumeSet.java:initializeVolumeSet(170)) - Added Volume : /tmp/workdir/hadoop-ozone/integration-test/target/test-dir/MiniOzoneClusterImpl-5ac1d508-1700-49a1-8f37-e4cad1a6cc92/datanode-1/data/containers/hdds to VolumeSet
2019-07-13 07:45:36,352 INFO  volume.ThrottledAsyncChecker (ThrottledAsyncChecker.java:schedule(140)) - Scheduling a check for org.apache.hadoop.ozone.container.common.volume.HddsVolume@778a1250
2019-07-13 07:45:36,354 INFO  volume.HddsVolumeChecker (HddsVolumeChecker.java:checkAllVolumes(203)) - Scheduled health check for volume org.apache.hadoop.ozone.container.common.volume.HddsVolume@778a1250
2019-07-13 07:45:36,382 INFO  impl.RaftServerProxy (ConfUtils.java:logGet(43)) - raft.rpc.type = GRPC (default)
2019-07-13 07:45:36,383 INFO  grpc.GrpcFactory (GrpcFactory.java:checkPooledByteBufAllocatorUseCacheForAllThreads(45)) - PERFORMANCE WARNING: useCacheForAllThreads is true that may cause Netty to create a lot garbage objects and, as a result, trigger GC.
	It is recommended to disable useCacheForAllThreads by setting -Dorg.apache.ratis.thirdparty.io.netty.allocator.useCacheForAllThreads=false in command line.
2019-07-13 07:45:36,383 INFO  grpc.GrpcConfigKeys$Server (ConfUtils.java:logGet(43)) - raft.grpc.server.port = 0 (default)
2019-07-13 07:45:36,383 INFO  server.GrpcService (ConfUtils.java:logGet(43)) - raft.grpc.message.size.max = 33570816 (custom)
2019-07-13 07:45:36,384 INFO  server.RaftServerConfigKeys (ConfUtils.java:logGet(43)) - raft.server.log.appender.buffer.byte-limit = 33554432 (custom)
2019-07-13 07:45:36,384 INFO  server.GrpcService (ConfUtils.java:logGet(43)) - raft.grpc.flow.control.window = 1MB (=1048576) (default)
2019-07-13 07:45:36,384 INFO  server.RaftServerConfigKeys (ConfUtils.java:logGet(43)) - raft.server.rpc.request.timeout = 3000ms (default)
2019-07-13 07:45:36,385 INFO  server.RaftServerConfigKeys (ConfUtils.java:logGet(43)) - raft.server.storage.dir = [/tmp/workdir/hadoop-ozone/integration-test/target/test-dir/MiniOzoneClusterImpl-5ac1d508-1700-49a1-8f37-e4cad1a6cc92/datanode-1/data/ratis] (custom)
2019-07-13 07:45:36,386 INFO  replication.SimpleContainerDownloader (SimpleContainerDownloader.java:<init>(72)) - Starting container downloader service to copy containers to replicate.
2019-07-13 07:45:36,387 INFO  hdfs.DFSUtil (DFSUtil.java:httpServerTemplateForNNAndJN(1641)) - Starting Web-server for hddsDatanode at: http://0.0.0.0:0
2019-07-13 07:45:36,390 INFO  server.AuthenticationFilter (AuthenticationFilter.java:constructSecretProvider(240)) - Unable to initialize FileSignerSecretProvider, falling back to use random secrets.
2019-07-13 07:45:36,391 WARN  http.HttpRequestLog (HttpRequestLog.java:getRequestLog(97)) - Jetty request log can only be enabled using Log4j
2019-07-13 07:45:36,394 INFO  http.HttpServer2 (HttpServer2.java:addGlobalFilter(975)) - Added global filter 'safety' (class=org.apache.hadoop.http.HttpServer2$QuotingInputFilter)
2019-07-13 07:45:36,395 INFO  http.HttpServer2 (HttpServer2.java:addFilter(948)) - Added filter static_user_filter (class=org.apache.hadoop.http.lib.StaticUserWebFilter$StaticUserFilter) to context hddsDatanode
2019-07-13 07:45:36,395 INFO  http.HttpServer2 (HttpServer2.java:addFilter(958)) - Added filter static_user_filter (class=org.apache.hadoop.http.lib.StaticUserWebFilter$StaticUserFilter) to context static
2019-07-13 07:45:36,396 INFO  http.HttpServer2 (HttpServer2.java:addFilter(958)) - Added filter static_user_filter (class=org.apache.hadoop.http.lib.StaticUserWebFilter$StaticUserFilter) to context logs
2019-07-13 07:45:36,397 INFO  http.HttpServer2 (HttpServer2.java:bindListener(1191)) - Jetty bound to port 37060
2019-07-13 07:45:36,397 INFO  server.Server (Server.java:doStart(351)) - jetty-9.3.24.v20180605, build timestamp: 2018-06-05T17:11:56Z, git hash: 84205aa28f11a4f31f2a3b86d1bba2cc8ab69827
2019-07-13 07:45:36,400 INFO  handler.ContextHandler (ContextHandler.java:doStart(781)) - Started o.e.j.s.ServletContextHandler@359066bc{/logs,file:///tmp/workdir/hadoop-ozone/integration-test/target/log,AVAILABLE}
2019-07-13 07:45:36,401 INFO  handler.ContextHandler (ContextHandler.java:doStart(781)) - Started o.e.j.s.ServletContextHandler@364fd4ae{/static,jar:file:/home/user/.m2/repository/org/apache/hadoop/hadoop-hdds-container-service/0.5.0-SNAPSHOT/hadoop-hdds-container-service-0.5.0-SNAPSHOT.jar!/webapps/static,AVAILABLE}
2019-07-13 07:45:36,432 INFO  datanode.InitDatanodeState (InitDatanodeState.java:persistContainerDatanodeDetails(140)) - DatanodeDetails is persisted to /tmp/workdir/hadoop-ozone/integration-test/target/test-dir/MiniOzoneClusterImpl-5ac1d508-1700-49a1-8f37-e4cad1a6cc92/datanode-0/meta/datanode.id
2019-07-13 07:45:36,445 INFO  handler.ContextHandler (ContextHandler.java:doStart(781)) - Started o.e.j.w.WebAppContext@2e1eb85f{/,file:///tmp/jetty-0.0.0.0-37060-hddsDatanode-_-any-1935422671067216673.dir/webapp/,AVAILABLE}{/hddsDatanode}
2019-07-13 07:45:36,445 INFO  server.AbstractConnector (AbstractConnector.java:doStart(278)) - Started ServerConnector@ea7a4c3{HTTP/1.1,[http/1.1]}{0.0.0.0:37060}
2019-07-13 07:45:36,446 INFO  server.Server (Server.java:doStart(419)) - Started @6237ms
2019-07-13 07:45:36,451 INFO  server.BaseHttpServer (BaseHttpServer.java:updateConnectorAddress(207)) - HTTP server of HDDSDATANODE is listening at http://0.0.0.0:37060
2019-07-13 07:45:36,627 INFO  ozone.HddsDatanodeService (HddsDatanodeService.java:startPlugins(396)) - Started plug-in org.apache.hadoop.ozone.web.OzoneHddsDatanodeService@5729b410
2019-07-13 07:45:36,628 INFO  impl.MetricsSystemImpl (MetricsSystemImpl.java:init(158)) - HddsDatanode metrics system started (again)
2019-07-13 07:45:36,629 INFO  ozone.HddsDatanodeService (HddsDatanodeService.java:start(185)) - HddsDatanodeService host:trunk-nightly-9lh4p-2362225927 ip:192.168.69.84
2019-07-13 07:45:36,630 INFO  util.JvmPauseMonitor (JvmPauseMonitor.java:run(188)) - Starting JVM pause monitor
2019-07-13 07:45:36,640 INFO  volume.HddsVolume (HddsVolume.java:<init>(176)) - Creating Volume: /tmp/workdir/hadoop-ozone/integration-test/target/test-dir/MiniOzoneClusterImpl-5ac1d508-1700-49a1-8f37-e4cad1a6cc92/datanode-2/data/containers/hdds of  storage type : DISK and capacity : 52710309888
2019-07-13 07:45:36,640 INFO  volume.VolumeSet (VolumeSet.java:initializeVolumeSet(170)) - Added Volume : /tmp/workdir/hadoop-ozone/integration-test/target/test-dir/MiniOzoneClusterImpl-5ac1d508-1700-49a1-8f37-e4cad1a6cc92/datanode-2/data/containers/hdds to VolumeSet
2019-07-13 07:45:36,641 INFO  volume.ThrottledAsyncChecker (ThrottledAsyncChecker.java:schedule(140)) - Scheduling a check for org.apache.hadoop.ozone.container.common.volume.HddsVolume@52b959df
2019-07-13 07:45:36,641 INFO  volume.HddsVolumeChecker (HddsVolumeChecker.java:checkAllVolumes(203)) - Scheduled health check for volume org.apache.hadoop.ozone.container.common.volume.HddsVolume@52b959df
2019-07-13 07:45:36,642 INFO  datanode.InitDatanodeState (InitDatanodeState.java:persistContainerDatanodeDetails(140)) - DatanodeDetails is persisted to /tmp/workdir/hadoop-ozone/integration-test/target/test-dir/MiniOzoneClusterImpl-5ac1d508-1700-49a1-8f37-e4cad1a6cc92/datanode-1/meta/datanode.id
2019-07-13 07:45:36,656 INFO  impl.RaftServerProxy (ConfUtils.java:logGet(43)) - raft.rpc.type = GRPC (default)
2019-07-13 07:45:36,657 INFO  grpc.GrpcFactory (GrpcFactory.java:checkPooledByteBufAllocatorUseCacheForAllThreads(45)) - PERFORMANCE WARNING: useCacheForAllThreads is true that may cause Netty to create a lot garbage objects and, as a result, trigger GC.
	It is recommended to disable useCacheForAllThreads by setting -Dorg.apache.ratis.thirdparty.io.netty.allocator.useCacheForAllThreads=false in command line.
2019-07-13 07:45:36,657 INFO  grpc.GrpcConfigKeys$Server (ConfUtils.java:logGet(43)) - raft.grpc.server.port = 0 (default)
2019-07-13 07:45:36,657 INFO  server.GrpcService (ConfUtils.java:logGet(43)) - raft.grpc.message.size.max = 33570816 (custom)
2019-07-13 07:45:36,657 INFO  server.RaftServerConfigKeys (ConfUtils.java:logGet(43)) - raft.server.log.appender.buffer.byte-limit = 33554432 (custom)
2019-07-13 07:45:36,658 INFO  server.GrpcService (ConfUtils.java:logGet(43)) - raft.grpc.flow.control.window = 1MB (=1048576) (default)
2019-07-13 07:45:36,658 INFO  server.RaftServerConfigKeys (ConfUtils.java:logGet(43)) - raft.server.rpc.request.timeout = 3000ms (default)
2019-07-13 07:45:36,659 INFO  server.RaftServerConfigKeys (ConfUtils.java:logGet(43)) - raft.server.storage.dir = [/tmp/workdir/hadoop-ozone/integration-test/target/test-dir/MiniOzoneClusterImpl-5ac1d508-1700-49a1-8f37-e4cad1a6cc92/datanode-2/data/ratis] (custom)
2019-07-13 07:45:36,660 INFO  replication.SimpleContainerDownloader (SimpleContainerDownloader.java:<init>(72)) - Starting container downloader service to copy containers to replicate.
2019-07-13 07:45:36,661 INFO  hdfs.DFSUtil (DFSUtil.java:httpServerTemplateForNNAndJN(1641)) - Starting Web-server for hddsDatanode at: http://0.0.0.0:0
2019-07-13 07:45:36,662 INFO  server.AuthenticationFilter (AuthenticationFilter.java:constructSecretProvider(240)) - Unable to initialize FileSignerSecretProvider, falling back to use random secrets.
2019-07-13 07:45:36,663 WARN  http.HttpRequestLog (HttpRequestLog.java:getRequestLog(97)) - Jetty request log can only be enabled using Log4j
2019-07-13 07:45:36,664 INFO  http.HttpServer2 (HttpServer2.java:addGlobalFilter(975)) - Added global filter 'safety' (class=org.apache.hadoop.http.HttpServer2$QuotingInputFilter)
2019-07-13 07:45:36,664 INFO  http.HttpServer2 (HttpServer2.java:addFilter(948)) - Added filter static_user_filter (class=org.apache.hadoop.http.lib.StaticUserWebFilter$StaticUserFilter) to context hddsDatanode
2019-07-13 07:45:36,665 INFO  http.HttpServer2 (HttpServer2.java:addFilter(958)) - Added filter static_user_filter (class=org.apache.hadoop.http.lib.StaticUserWebFilter$StaticUserFilter) to context static
2019-07-13 07:45:36,665 INFO  http.HttpServer2 (HttpServer2.java:addFilter(958)) - Added filter static_user_filter (class=org.apache.hadoop.http.lib.StaticUserWebFilter$StaticUserFilter) to context logs
2019-07-13 07:45:36,666 INFO  http.HttpServer2 (HttpServer2.java:bindListener(1191)) - Jetty bound to port 35809
2019-07-13 07:45:36,666 INFO  server.Server (Server.java:doStart(351)) - jetty-9.3.24.v20180605, build timestamp: 2018-06-05T17:11:56Z, git hash: 84205aa28f11a4f31f2a3b86d1bba2cc8ab69827
2019-07-13 07:45:36,670 INFO  handler.ContextHandler (ContextHandler.java:doStart(781)) - Started o.e.j.s.ServletContextHandler@631c6d11{/logs,file:///tmp/workdir/hadoop-ozone/integration-test/target/log,AVAILABLE}
2019-07-13 07:45:36,670 INFO  handler.ContextHandler (ContextHandler.java:doStart(781)) - Started o.e.j.s.ServletContextHandler@62ade015{/static,jar:file:/home/user/.m2/repository/org/apache/hadoop/hadoop-hdds-container-service/0.5.0-SNAPSHOT/hadoop-hdds-container-service-0.5.0-SNAPSHOT.jar!/webapps/static,AVAILABLE}
2019-07-13 07:45:36,701 INFO  handler.ContextHandler (ContextHandler.java:doStart(781)) - Started o.e.j.w.WebAppContext@7197b07f{/,file:///tmp/jetty-0.0.0.0-35809-hddsDatanode-_-any-8780070686780832700.dir/webapp/,AVAILABLE}{/hddsDatanode}
2019-07-13 07:45:36,701 INFO  server.AbstractConnector (AbstractConnector.java:doStart(278)) - Started ServerConnector@1f10fec6{HTTP/1.1,[http/1.1]}{0.0.0.0:35809}
2019-07-13 07:45:36,702 INFO  server.Server (Server.java:doStart(419)) - Started @6493ms
2019-07-13 07:45:36,704 INFO  server.BaseHttpServer (BaseHttpServer.java:updateConnectorAddress(207)) - HTTP server of HDDSDATANODE is listening at http://0.0.0.0:35809
2019-07-13 07:45:36,849 INFO  ozone.HddsDatanodeService (HddsDatanodeService.java:startPlugins(396)) - Started plug-in org.apache.hadoop.ozone.web.OzoneHddsDatanodeService@7436364d
2019-07-13 07:45:36,849 INFO  impl.MetricsSystemImpl (MetricsSystemImpl.java:init(158)) - HddsDatanode metrics system started (again)
2019-07-13 07:45:36,851 INFO  ozone.HddsDatanodeService (HddsDatanodeService.java:start(185)) - HddsDatanodeService host:trunk-nightly-9lh4p-2362225927 ip:192.168.69.84
2019-07-13 07:45:36,853 INFO  util.JvmPauseMonitor (JvmPauseMonitor.java:run(188)) - Starting JVM pause monitor
2019-07-13 07:45:36,861 INFO  datanode.InitDatanodeState (InitDatanodeState.java:persistContainerDatanodeDetails(140)) - DatanodeDetails is persisted to /tmp/workdir/hadoop-ozone/integration-test/target/test-dir/MiniOzoneClusterImpl-5ac1d508-1700-49a1-8f37-e4cad1a6cc92/datanode-2/meta/datanode.id
2019-07-13 07:45:36,861 INFO  volume.HddsVolume (HddsVolume.java:<init>(176)) - Creating Volume: /tmp/workdir/hadoop-ozone/integration-test/target/test-dir/MiniOzoneClusterImpl-5ac1d508-1700-49a1-8f37-e4cad1a6cc92/datanode-3/data/containers/hdds of  storage type : DISK and capacity : 52710309888
2019-07-13 07:45:36,861 INFO  volume.VolumeSet (VolumeSet.java:initializeVolumeSet(170)) - Added Volume : /tmp/workdir/hadoop-ozone/integration-test/target/test-dir/MiniOzoneClusterImpl-5ac1d508-1700-49a1-8f37-e4cad1a6cc92/datanode-3/data/containers/hdds to VolumeSet
2019-07-13 07:45:36,861 INFO  volume.ThrottledAsyncChecker (ThrottledAsyncChecker.java:schedule(140)) - Scheduling a check for org.apache.hadoop.ozone.container.common.volume.HddsVolume@517704
2019-07-13 07:45:36,862 INFO  volume.HddsVolumeChecker (HddsVolumeChecker.java:checkAllVolumes(203)) - Scheduled health check for volume org.apache.hadoop.ozone.container.common.volume.HddsVolume@517704
2019-07-13 07:45:36,876 INFO  impl.RaftServerProxy (ConfUtils.java:logGet(43)) - raft.rpc.type = GRPC (default)
2019-07-13 07:45:36,877 INFO  grpc.GrpcFactory (GrpcFactory.java:checkPooledByteBufAllocatorUseCacheForAllThreads(45)) - PERFORMANCE WARNING: useCacheForAllThreads is true that may cause Netty to create a lot garbage objects and, as a result, trigger GC.
	It is recommended to disable useCacheForAllThreads by setting -Dorg.apache.ratis.thirdparty.io.netty.allocator.useCacheForAllThreads=false in command line.
2019-07-13 07:45:36,877 INFO  grpc.GrpcConfigKeys$Server (ConfUtils.java:logGet(43)) - raft.grpc.server.port = 0 (default)
2019-07-13 07:45:36,877 INFO  server.GrpcService (ConfUtils.java:logGet(43)) - raft.grpc.message.size.max = 33570816 (custom)
2019-07-13 07:45:36,877 INFO  server.RaftServerConfigKeys (ConfUtils.java:logGet(43)) - raft.server.log.appender.buffer.byte-limit = 33554432 (custom)
2019-07-13 07:45:36,878 INFO  server.GrpcService (ConfUtils.java:logGet(43)) - raft.grpc.flow.control.window = 1MB (=1048576) (default)
2019-07-13 07:45:36,878 INFO  server.RaftServerConfigKeys (ConfUtils.java:logGet(43)) - raft.server.rpc.request.timeout = 3000ms (default)
2019-07-13 07:45:36,878 INFO  server.RaftServerConfigKeys (ConfUtils.java:logGet(43)) - raft.server.storage.dir = [/tmp/workdir/hadoop-ozone/integration-test/target/test-dir/MiniOzoneClusterImpl-5ac1d508-1700-49a1-8f37-e4cad1a6cc92/datanode-3/data/ratis] (custom)
2019-07-13 07:45:36,879 INFO  replication.SimpleContainerDownloader (SimpleContainerDownloader.java:<init>(72)) - Starting container downloader service to copy containers to replicate.
2019-07-13 07:45:36,880 INFO  hdfs.DFSUtil (DFSUtil.java:httpServerTemplateForNNAndJN(1641)) - Starting Web-server for hddsDatanode at: http://0.0.0.0:0
2019-07-13 07:45:36,881 INFO  server.AuthenticationFilter (AuthenticationFilter.java:constructSecretProvider(240)) - Unable to initialize FileSignerSecretProvider, falling back to use random secrets.
2019-07-13 07:45:36,882 WARN  http.HttpRequestLog (HttpRequestLog.java:getRequestLog(97)) - Jetty request log can only be enabled using Log4j
2019-07-13 07:45:36,883 INFO  http.HttpServer2 (HttpServer2.java:addGlobalFilter(975)) - Added global filter 'safety' (class=org.apache.hadoop.http.HttpServer2$QuotingInputFilter)
2019-07-13 07:45:36,884 INFO  http.HttpServer2 (HttpServer2.java:addFilter(948)) - Added filter static_user_filter (class=org.apache.hadoop.http.lib.StaticUserWebFilter$StaticUserFilter) to context hddsDatanode
2019-07-13 07:45:36,884 INFO  http.HttpServer2 (HttpServer2.java:addFilter(958)) - Added filter static_user_filter (class=org.apache.hadoop.http.lib.StaticUserWebFilter$StaticUserFilter) to context static
2019-07-13 07:45:36,884 INFO  http.HttpServer2 (HttpServer2.java:addFilter(958)) - Added filter static_user_filter (class=org.apache.hadoop.http.lib.StaticUserWebFilter$StaticUserFilter) to context logs
2019-07-13 07:45:36,885 INFO  http.HttpServer2 (HttpServer2.java:bindListener(1191)) - Jetty bound to port 39684
2019-07-13 07:45:36,885 INFO  server.Server (Server.java:doStart(351)) - jetty-9.3.24.v20180605, build timestamp: 2018-06-05T17:11:56Z, git hash: 84205aa28f11a4f31f2a3b86d1bba2cc8ab69827
2019-07-13 07:45:36,888 INFO  handler.ContextHandler (ContextHandler.java:doStart(781)) - Started o.e.j.s.ServletContextHandler@1e30db85{/logs,file:///tmp/workdir/hadoop-ozone/integration-test/target/log,AVAILABLE}
2019-07-13 07:45:36,888 INFO  handler.ContextHandler (ContextHandler.java:doStart(781)) - Started o.e.j.s.ServletContextHandler@cc9ef8d{/static,jar:file:/home/user/.m2/repository/org/apache/hadoop/hadoop-hdds-container-service/0.5.0-SNAPSHOT/hadoop-hdds-container-service-0.5.0-SNAPSHOT.jar!/webapps/static,AVAILABLE}
2019-07-13 07:45:36,916 INFO  handler.ContextHandler (ContextHandler.java:doStart(781)) - Started o.e.j.w.WebAppContext@6a2d867d{/,file:///tmp/jetty-0.0.0.0-39684-hddsDatanode-_-any-1270547482047051352.dir/webapp/,AVAILABLE}{/hddsDatanode}
2019-07-13 07:45:36,917 INFO  server.AbstractConnector (AbstractConnector.java:doStart(278)) - Started ServerConnector@73bb1337{HTTP/1.1,[http/1.1]}{0.0.0.0:39684}
2019-07-13 07:45:36,918 INFO  server.Server (Server.java:doStart(419)) - Started @6708ms
2019-07-13 07:45:36,920 INFO  server.BaseHttpServer (BaseHttpServer.java:updateConnectorAddress(207)) - HTTP server of HDDSDATANODE is listening at http://0.0.0.0:39684
2019-07-13 07:45:37,063 INFO  ozone.HddsDatanodeService (HddsDatanodeService.java:startPlugins(396)) - Started plug-in org.apache.hadoop.ozone.web.OzoneHddsDatanodeService@65da01f4
2019-07-13 07:45:37,063 INFO  impl.MetricsSystemImpl (MetricsSystemImpl.java:init(158)) - HddsDatanode metrics system started (again)
2019-07-13 07:45:37,065 INFO  ozone.HddsDatanodeService (HddsDatanodeService.java:start(185)) - HddsDatanodeService host:trunk-nightly-9lh4p-2362225927 ip:192.168.69.84
2019-07-13 07:45:37,067 INFO  util.JvmPauseMonitor (JvmPauseMonitor.java:run(188)) - Starting JVM pause monitor
2019-07-13 07:45:37,070 INFO  datanode.InitDatanodeState (InitDatanodeState.java:persistContainerDatanodeDetails(140)) - DatanodeDetails is persisted to /tmp/workdir/hadoop-ozone/integration-test/target/test-dir/MiniOzoneClusterImpl-5ac1d508-1700-49a1-8f37-e4cad1a6cc92/datanode-3/meta/datanode.id
2019-07-13 07:45:37,075 INFO  volume.HddsVolume (HddsVolume.java:<init>(176)) - Creating Volume: /tmp/workdir/hadoop-ozone/integration-test/target/test-dir/MiniOzoneClusterImpl-5ac1d508-1700-49a1-8f37-e4cad1a6cc92/datanode-4/data/containers/hdds of  storage type : DISK and capacity : 52710309888
2019-07-13 07:45:37,075 INFO  volume.VolumeSet (VolumeSet.java:initializeVolumeSet(170)) - Added Volume : /tmp/workdir/hadoop-ozone/integration-test/target/test-dir/MiniOzoneClusterImpl-5ac1d508-1700-49a1-8f37-e4cad1a6cc92/datanode-4/data/containers/hdds to VolumeSet
2019-07-13 07:45:37,076 INFO  volume.ThrottledAsyncChecker (ThrottledAsyncChecker.java:schedule(140)) - Scheduling a check for org.apache.hadoop.ozone.container.common.volume.HddsVolume@6b2fdffc
2019-07-13 07:45:37,076 INFO  volume.HddsVolumeChecker (HddsVolumeChecker.java:checkAllVolumes(203)) - Scheduled health check for volume org.apache.hadoop.ozone.container.common.volume.HddsVolume@6b2fdffc
2019-07-13 07:45:37,091 INFO  impl.RaftServerProxy (ConfUtils.java:logGet(43)) - raft.rpc.type = GRPC (default)
2019-07-13 07:45:37,091 INFO  grpc.GrpcFactory (GrpcFactory.java:checkPooledByteBufAllocatorUseCacheForAllThreads(45)) - PERFORMANCE WARNING: useCacheForAllThreads is true that may cause Netty to create a lot garbage objects and, as a result, trigger GC.
	It is recommended to disable useCacheForAllThreads by setting -Dorg.apache.ratis.thirdparty.io.netty.allocator.useCacheForAllThreads=false in command line.
2019-07-13 07:45:37,092 INFO  grpc.GrpcConfigKeys$Server (ConfUtils.java:logGet(43)) - raft.grpc.server.port = 0 (default)
2019-07-13 07:45:37,092 INFO  server.GrpcService (ConfUtils.java:logGet(43)) - raft.grpc.message.size.max = 33570816 (custom)
2019-07-13 07:45:37,092 INFO  server.RaftServerConfigKeys (ConfUtils.java:logGet(43)) - raft.server.log.appender.buffer.byte-limit = 33554432 (custom)
2019-07-13 07:45:37,092 INFO  server.GrpcService (ConfUtils.java:logGet(43)) - raft.grpc.flow.control.window = 1MB (=1048576) (default)
2019-07-13 07:45:37,093 INFO  server.RaftServerConfigKeys (ConfUtils.java:logGet(43)) - raft.server.rpc.request.timeout = 3000ms (default)
2019-07-13 07:45:37,093 INFO  server.RaftServerConfigKeys (ConfUtils.java:logGet(43)) - raft.server.storage.dir = [/tmp/workdir/hadoop-ozone/integration-test/target/test-dir/MiniOzoneClusterImpl-5ac1d508-1700-49a1-8f37-e4cad1a6cc92/datanode-4/data/ratis] (custom)
2019-07-13 07:45:37,094 INFO  replication.SimpleContainerDownloader (SimpleContainerDownloader.java:<init>(72)) - Starting container downloader service to copy containers to replicate.
2019-07-13 07:45:37,095 INFO  hdfs.DFSUtil (DFSUtil.java:httpServerTemplateForNNAndJN(1641)) - Starting Web-server for hddsDatanode at: http://0.0.0.0:0
2019-07-13 07:45:37,096 INFO  server.AuthenticationFilter (AuthenticationFilter.java:constructSecretProvider(240)) - Unable to initialize FileSignerSecretProvider, falling back to use random secrets.
2019-07-13 07:45:37,097 WARN  http.HttpRequestLog (HttpRequestLog.java:getRequestLog(97)) - Jetty request log can only be enabled using Log4j
2019-07-13 07:45:37,098 INFO  http.HttpServer2 (HttpServer2.java:addGlobalFilter(975)) - Added global filter 'safety' (class=org.apache.hadoop.http.HttpServer2$QuotingInputFilter)
2019-07-13 07:45:37,099 INFO  http.HttpServer2 (HttpServer2.java:addFilter(948)) - Added filter static_user_filter (class=org.apache.hadoop.http.lib.StaticUserWebFilter$StaticUserFilter) to context hddsDatanode
2019-07-13 07:45:37,099 INFO  http.HttpServer2 (HttpServer2.java:addFilter(958)) - Added filter static_user_filter (class=org.apache.hadoop.http.lib.StaticUserWebFilter$StaticUserFilter) to context logs
2019-07-13 07:45:37,099 INFO  http.HttpServer2 (HttpServer2.java:addFilter(958)) - Added filter static_user_filter (class=org.apache.hadoop.http.lib.StaticUserWebFilter$StaticUserFilter) to context static
2019-07-13 07:45:37,100 INFO  http.HttpServer2 (HttpServer2.java:bindListener(1191)) - Jetty bound to port 41987
2019-07-13 07:45:37,100 INFO  server.Server (Server.java:doStart(351)) - jetty-9.3.24.v20180605, build timestamp: 2018-06-05T17:11:56Z, git hash: 84205aa28f11a4f31f2a3b86d1bba2cc8ab69827
2019-07-13 07:45:37,105 INFO  handler.ContextHandler (ContextHandler.java:doStart(781)) - Started o.e.j.s.ServletContextHandler@615db358{/logs,file:///tmp/workdir/hadoop-ozone/integration-test/target/log,AVAILABLE}
2019-07-13 07:45:37,106 INFO  handler.ContextHandler (ContextHandler.java:doStart(781)) - Started o.e.j.s.ServletContextHandler@5fef0c19{/static,jar:file:/home/user/.m2/repository/org/apache/hadoop/hadoop-hdds-container-service/0.5.0-SNAPSHOT/hadoop-hdds-container-service-0.5.0-SNAPSHOT.jar!/webapps/static,AVAILABLE}
2019-07-13 07:45:37,133 INFO  handler.ContextHandler (ContextHandler.java:doStart(781)) - Started o.e.j.w.WebAppContext@367d34c0{/,file:///tmp/jetty-0.0.0.0-41987-hddsDatanode-_-any-1798410103462268475.dir/webapp/,AVAILABLE}{/hddsDatanode}
2019-07-13 07:45:37,134 INFO  server.AbstractConnector (AbstractConnector.java:doStart(278)) - Started ServerConnector@4ce25e47{HTTP/1.1,[http/1.1]}{0.0.0.0:41987}
2019-07-13 07:45:37,135 INFO  server.Server (Server.java:doStart(419)) - Started @6926ms
2019-07-13 07:45:37,136 INFO  server.BaseHttpServer (BaseHttpServer.java:updateConnectorAddress(207)) - HTTP server of HDDSDATANODE is listening at http://0.0.0.0:41987
2019-07-13 07:45:37,271 INFO  ozone.HddsDatanodeService (HddsDatanodeService.java:startPlugins(396)) - Started plug-in org.apache.hadoop.ozone.web.OzoneHddsDatanodeService@15d236fd
2019-07-13 07:45:37,271 INFO  impl.MetricsSystemImpl (MetricsSystemImpl.java:init(158)) - HddsDatanode metrics system started (again)
2019-07-13 07:45:37,273 INFO  ozone.HddsDatanodeService (HddsDatanodeService.java:start(185)) - HddsDatanodeService host:trunk-nightly-9lh4p-2362225927 ip:192.168.69.84
2019-07-13 07:45:37,276 INFO  util.JvmPauseMonitor (JvmPauseMonitor.java:run(188)) - Starting JVM pause monitor
2019-07-13 07:45:37,278 INFO  datanode.InitDatanodeState (InitDatanodeState.java:persistContainerDatanodeDetails(140)) - DatanodeDetails is persisted to /tmp/workdir/hadoop-ozone/integration-test/target/test-dir/MiniOzoneClusterImpl-5ac1d508-1700-49a1-8f37-e4cad1a6cc92/datanode-4/meta/datanode.id
2019-07-13 07:45:37,283 INFO  volume.HddsVolume (HddsVolume.java:<init>(176)) - Creating Volume: /tmp/workdir/hadoop-ozone/integration-test/target/test-dir/MiniOzoneClusterImpl-5ac1d508-1700-49a1-8f37-e4cad1a6cc92/datanode-5/data/containers/hdds of  storage type : DISK and capacity : 52710309888
2019-07-13 07:45:37,283 INFO  volume.VolumeSet (VolumeSet.java:initializeVolumeSet(170)) - Added Volume : /tmp/workdir/hadoop-ozone/integration-test/target/test-dir/MiniOzoneClusterImpl-5ac1d508-1700-49a1-8f37-e4cad1a6cc92/datanode-5/data/containers/hdds to VolumeSet
2019-07-13 07:45:37,283 INFO  volume.ThrottledAsyncChecker (ThrottledAsyncChecker.java:schedule(140)) - Scheduling a check for org.apache.hadoop.ozone.container.common.volume.HddsVolume@33eb0d4
2019-07-13 07:45:37,284 INFO  volume.HddsVolumeChecker (HddsVolumeChecker.java:checkAllVolumes(203)) - Scheduled health check for volume org.apache.hadoop.ozone.container.common.volume.HddsVolume@33eb0d4
2019-07-13 07:45:37,299 INFO  impl.RaftServerProxy (ConfUtils.java:logGet(43)) - raft.rpc.type = GRPC (default)
2019-07-13 07:45:37,299 INFO  grpc.GrpcFactory (GrpcFactory.java:checkPooledByteBufAllocatorUseCacheForAllThreads(45)) - PERFORMANCE WARNING: useCacheForAllThreads is true that may cause Netty to create a lot garbage objects and, as a result, trigger GC.
	It is recommended to disable useCacheForAllThreads by setting -Dorg.apache.ratis.thirdparty.io.netty.allocator.useCacheForAllThreads=false in command line.
2019-07-13 07:45:37,299 INFO  grpc.GrpcConfigKeys$Server (ConfUtils.java:logGet(43)) - raft.grpc.server.port = 0 (default)
2019-07-13 07:45:37,299 INFO  server.GrpcService (ConfUtils.java:logGet(43)) - raft.grpc.message.size.max = 33570816 (custom)
2019-07-13 07:45:37,300 INFO  server.RaftServerConfigKeys (ConfUtils.java:logGet(43)) - raft.server.log.appender.buffer.byte-limit = 33554432 (custom)
2019-07-13 07:45:37,300 INFO  server.GrpcService (ConfUtils.java:logGet(43)) - raft.grpc.flow.control.window = 1MB (=1048576) (default)
2019-07-13 07:45:37,300 INFO  server.RaftServerConfigKeys (ConfUtils.java:logGet(43)) - raft.server.rpc.request.timeout = 3000ms (default)
2019-07-13 07:45:37,301 INFO  server.RaftServerConfigKeys (ConfUtils.java:logGet(43)) - raft.server.storage.dir = [/tmp/workdir/hadoop-ozone/integration-test/target/test-dir/MiniOzoneClusterImpl-5ac1d508-1700-49a1-8f37-e4cad1a6cc92/datanode-5/data/ratis] (custom)
2019-07-13 07:45:37,301 INFO  replication.SimpleContainerDownloader (SimpleContainerDownloader.java:<init>(72)) - Starting container downloader service to copy containers to replicate.
2019-07-13 07:45:37,302 INFO  hdfs.DFSUtil (DFSUtil.java:httpServerTemplateForNNAndJN(1641)) - Starting Web-server for hddsDatanode at: http://0.0.0.0:0
2019-07-13 07:45:37,304 INFO  server.AuthenticationFilter (AuthenticationFilter.java:constructSecretProvider(240)) - Unable to initialize FileSignerSecretProvider, falling back to use random secrets.
2019-07-13 07:45:37,304 WARN  http.HttpRequestLog (HttpRequestLog.java:getRequestLog(97)) - Jetty request log can only be enabled using Log4j
2019-07-13 07:45:37,305 INFO  http.HttpServer2 (HttpServer2.java:addGlobalFilter(975)) - Added global filter 'safety' (class=org.apache.hadoop.http.HttpServer2$QuotingInputFilter)
2019-07-13 07:45:37,306 INFO  http.HttpServer2 (HttpServer2.java:addFilter(948)) - Added filter static_user_filter (class=org.apache.hadoop.http.lib.StaticUserWebFilter$StaticUserFilter) to context hddsDatanode
2019-07-13 07:45:37,306 INFO  http.HttpServer2 (HttpServer2.java:addFilter(958)) - Added filter static_user_filter (class=org.apache.hadoop.http.lib.StaticUserWebFilter$StaticUserFilter) to context static
2019-07-13 07:45:37,306 INFO  http.HttpServer2 (HttpServer2.java:addFilter(958)) - Added filter static_user_filter (class=org.apache.hadoop.http.lib.StaticUserWebFilter$StaticUserFilter) to context logs
2019-07-13 07:45:37,307 INFO  http.HttpServer2 (HttpServer2.java:bindListener(1191)) - Jetty bound to port 43468
2019-07-13 07:45:37,307 INFO  server.Server (Server.java:doStart(351)) - jetty-9.3.24.v20180605, build timestamp: 2018-06-05T17:11:56Z, git hash: 84205aa28f11a4f31f2a3b86d1bba2cc8ab69827
2019-07-13 07:45:37,309 INFO  handler.ContextHandler (ContextHandler.java:doStart(781)) - Started o.e.j.s.ServletContextHandler@6885ed19{/logs,file:///tmp/workdir/hadoop-ozone/integration-test/target/log,AVAILABLE}
2019-07-13 07:45:37,310 INFO  handler.ContextHandler (ContextHandler.java:doStart(781)) - Started o.e.j.s.ServletContextHandler@2d4a3e13{/static,jar:file:/home/user/.m2/repository/org/apache/hadoop/hadoop-hdds-container-service/0.5.0-SNAPSHOT/hadoop-hdds-container-service-0.5.0-SNAPSHOT.jar!/webapps/static,AVAILABLE}
2019-07-13 07:45:37,337 INFO  handler.ContextHandler (ContextHandler.java:doStart(781)) - Started o.e.j.w.WebAppContext@561f9d92{/,file:///tmp/jetty-0.0.0.0-43468-hddsDatanode-_-any-4936778341441481072.dir/webapp/,AVAILABLE}{/hddsDatanode}
2019-07-13 07:45:37,338 INFO  server.AbstractConnector (AbstractConnector.java:doStart(278)) - Started ServerConnector@1c84d80a{HTTP/1.1,[http/1.1]}{0.0.0.0:43468}
2019-07-13 07:45:37,339 INFO  server.Server (Server.java:doStart(419)) - Started @7130ms
2019-07-13 07:45:37,340 INFO  server.BaseHttpServer (BaseHttpServer.java:updateConnectorAddress(207)) - HTTP server of HDDSDATANODE is listening at http://0.0.0.0:43468
2019-07-13 07:45:37,475 INFO  ozone.HddsDatanodeService (HddsDatanodeService.java:startPlugins(396)) - Started plug-in org.apache.hadoop.ozone.web.OzoneHddsDatanodeService@16f15ae9
2019-07-13 07:45:37,476 INFO  impl.MetricsSystemImpl (MetricsSystemImpl.java:init(158)) - HddsDatanode metrics system started (again)
2019-07-13 07:45:37,478 INFO  ozone.HddsDatanodeService (HddsDatanodeService.java:start(185)) - HddsDatanodeService host:trunk-nightly-9lh4p-2362225927 ip:192.168.69.84
2019-07-13 07:45:37,524 INFO  util.JvmPauseMonitor (JvmPauseMonitor.java:run(188)) - Starting JVM pause monitor
2019-07-13 07:45:37,530 INFO  datanode.InitDatanodeState (InitDatanodeState.java:persistContainerDatanodeDetails(140)) - DatanodeDetails is persisted to /tmp/workdir/hadoop-ozone/integration-test/target/test-dir/MiniOzoneClusterImpl-5ac1d508-1700-49a1-8f37-e4cad1a6cc92/datanode-5/meta/datanode.id
2019-07-13 07:45:37,533 INFO  volume.HddsVolume (HddsVolume.java:<init>(176)) - Creating Volume: /tmp/workdir/hadoop-ozone/integration-test/target/test-dir/MiniOzoneClusterImpl-5ac1d508-1700-49a1-8f37-e4cad1a6cc92/datanode-6/data/containers/hdds of  storage type : DISK and capacity : 52710309888
2019-07-13 07:45:37,533 INFO  volume.VolumeSet (VolumeSet.java:initializeVolumeSet(170)) - Added Volume : /tmp/workdir/hadoop-ozone/integration-test/target/test-dir/MiniOzoneClusterImpl-5ac1d508-1700-49a1-8f37-e4cad1a6cc92/datanode-6/data/containers/hdds to VolumeSet
2019-07-13 07:45:37,534 INFO  volume.ThrottledAsyncChecker (ThrottledAsyncChecker.java:schedule(140)) - Scheduling a check for org.apache.hadoop.ozone.container.common.volume.HddsVolume@2b79c8ff
2019-07-13 07:45:37,535 INFO  volume.HddsVolumeChecker (HddsVolumeChecker.java:checkAllVolumes(203)) - Scheduled health check for volume org.apache.hadoop.ozone.container.common.volume.HddsVolume@2b79c8ff
2019-07-13 07:45:37,577 INFO  impl.RaftServerProxy (ConfUtils.java:logGet(43)) - raft.rpc.type = GRPC (default)
2019-07-13 07:45:37,578 INFO  grpc.GrpcFactory (GrpcFactory.java:checkPooledByteBufAllocatorUseCacheForAllThreads(45)) - PERFORMANCE WARNING: useCacheForAllThreads is true that may cause Netty to create a lot garbage objects and, as a result, trigger GC.
	It is recommended to disable useCacheForAllThreads by setting -Dorg.apache.ratis.thirdparty.io.netty.allocator.useCacheForAllThreads=false in command line.
2019-07-13 07:45:37,578 INFO  grpc.GrpcConfigKeys$Server (ConfUtils.java:logGet(43)) - raft.grpc.server.port = 0 (default)
2019-07-13 07:45:37,578 INFO  server.GrpcService (ConfUtils.java:logGet(43)) - raft.grpc.message.size.max = 33570816 (custom)
2019-07-13 07:45:37,579 INFO  server.RaftServerConfigKeys (ConfUtils.java:logGet(43)) - raft.server.log.appender.buffer.byte-limit = 33554432 (custom)
2019-07-13 07:45:37,579 INFO  server.GrpcService (ConfUtils.java:logGet(43)) - raft.grpc.flow.control.window = 1MB (=1048576) (default)
2019-07-13 07:45:37,580 INFO  server.RaftServerConfigKeys (ConfUtils.java:logGet(43)) - raft.server.rpc.request.timeout = 3000ms (default)
2019-07-13 07:45:37,580 INFO  server.RaftServerConfigKeys (ConfUtils.java:logGet(43)) - raft.server.storage.dir = [/tmp/workdir/hadoop-ozone/integration-test/target/test-dir/MiniOzoneClusterImpl-5ac1d508-1700-49a1-8f37-e4cad1a6cc92/datanode-6/data/ratis] (custom)
2019-07-13 07:45:37,581 INFO  replication.SimpleContainerDownloader (SimpleContainerDownloader.java:<init>(72)) - Starting container downloader service to copy containers to replicate.
2019-07-13 07:45:37,583 INFO  hdfs.DFSUtil (DFSUtil.java:httpServerTemplateForNNAndJN(1641)) - Starting Web-server for hddsDatanode at: http://0.0.0.0:0
2019-07-13 07:45:37,584 INFO  server.AuthenticationFilter (AuthenticationFilter.java:constructSecretProvider(240)) - Unable to initialize FileSignerSecretProvider, falling back to use random secrets.
2019-07-13 07:45:37,584 WARN  http.HttpRequestLog (HttpRequestLog.java:getRequestLog(97)) - Jetty request log can only be enabled using Log4j
2019-07-13 07:45:37,586 INFO  http.HttpServer2 (HttpServer2.java:addGlobalFilter(975)) - Added global filter 'safety' (class=org.apache.hadoop.http.HttpServer2$QuotingInputFilter)
2019-07-13 07:45:37,586 INFO  http.HttpServer2 (HttpServer2.java:addFilter(948)) - Added filter static_user_filter (class=org.apache.hadoop.http.lib.StaticUserWebFilter$StaticUserFilter) to context hddsDatanode
2019-07-13 07:45:37,586 INFO  http.HttpServer2 (HttpServer2.java:addFilter(958)) - Added filter static_user_filter (class=org.apache.hadoop.http.lib.StaticUserWebFilter$StaticUserFilter) to context logs
2019-07-13 07:45:37,586 INFO  http.HttpServer2 (HttpServer2.java:addFilter(958)) - Added filter static_user_filter (class=org.apache.hadoop.http.lib.StaticUserWebFilter$StaticUserFilter) to context static
2019-07-13 07:45:37,587 INFO  http.HttpServer2 (HttpServer2.java:bindListener(1191)) - Jetty bound to port 37693
2019-07-13 07:45:37,587 INFO  server.Server (Server.java:doStart(351)) - jetty-9.3.24.v20180605, build timestamp: 2018-06-05T17:11:56Z, git hash: 84205aa28f11a4f31f2a3b86d1bba2cc8ab69827
2019-07-13 07:45:37,589 INFO  handler.ContextHandler (ContextHandler.java:doStart(781)) - Started o.e.j.s.ServletContextHandler@6568f998{/logs,file:///tmp/workdir/hadoop-ozone/integration-test/target/log,AVAILABLE}
2019-07-13 07:45:37,590 INFO  handler.ContextHandler (ContextHandler.java:doStart(781)) - Started o.e.j.s.ServletContextHandler@782fd504{/static,jar:file:/home/user/.m2/repository/org/apache/hadoop/hadoop-hdds-container-service/0.5.0-SNAPSHOT/hadoop-hdds-container-service-0.5.0-SNAPSHOT.jar!/webapps/static,AVAILABLE}
2019-07-13 07:45:37,611 INFO  handler.ContextHandler (ContextHandler.java:doStart(781)) - Started o.e.j.w.WebAppContext@418f0534{/,file:///tmp/jetty-0.0.0.0-37693-hddsDatanode-_-any-1508299293876680133.dir/webapp/,AVAILABLE}{/hddsDatanode}
2019-07-13 07:45:37,611 INFO  server.AbstractConnector (AbstractConnector.java:doStart(278)) - Started ServerConnector@3dfd7eaa{HTTP/1.1,[http/1.1]}{0.0.0.0:37693}
2019-07-13 07:45:37,612 INFO  server.Server (Server.java:doStart(419)) - Started @7403ms
2019-07-13 07:45:37,613 INFO  server.BaseHttpServer (BaseHttpServer.java:updateConnectorAddress(207)) - HTTP server of HDDSDATANODE is listening at http://0.0.0.0:37693
2019-07-13 07:45:37,721 INFO  ozone.HddsDatanodeService (HddsDatanodeService.java:startPlugins(396)) - Started plug-in org.apache.hadoop.ozone.web.OzoneHddsDatanodeService@28e7bb31
2019-07-13 07:45:37,724 INFO  ozone.MiniOzoneClusterImpl (MiniOzoneClusterImpl.java:lambda$waitForClusterToBeReady$0(142)) - Waiting for cluster to be ready. Got 0 of 7 DN Heartbeats.
2019-07-13 07:45:37,725 INFO  util.JvmPauseMonitor (JvmPauseMonitor.java:run(188)) - Starting JVM pause monitor
2019-07-13 07:45:37,727 INFO  datanode.InitDatanodeState (InitDatanodeState.java:persistContainerDatanodeDetails(140)) - DatanodeDetails is persisted to /tmp/workdir/hadoop-ozone/integration-test/target/test-dir/MiniOzoneClusterImpl-5ac1d508-1700-49a1-8f37-e4cad1a6cc92/datanode-6/meta/datanode.id
2019-07-13 07:45:38,391 INFO  ozoneimpl.OzoneContainer (OzoneContainer.java:start(186)) - Attempting to start container services.
2019-07-13 07:45:38,393 INFO  ozoneimpl.OzoneContainer (OzoneContainer.java:startContainerScrub(160)) - Background container scrubber has been disabled by hdds.containerscrub.enabled
2019-07-13 07:45:38,393 INFO  ratis.XceiverServerRatis (XceiverServerRatis.java:start(418)) - Starting XceiverServerRatis d551fa2e-1e1a-4bc0-928c-6dbc342b9b94 at port 0
2019-07-13 07:45:38,413 INFO  impl.RaftServerProxy (RaftServerProxy.java:lambda$start$3(299)) - d551fa2e-1e1a-4bc0-928c-6dbc342b9b94: start RPC server
2019-07-13 07:45:38,542 INFO  server.GrpcService (GrpcService.java:startImpl(149)) - d551fa2e-1e1a-4bc0-928c-6dbc342b9b94: GrpcService started, listening on 0.0.0.0/0.0.0.0:33989
2019-07-13 07:45:38,543 INFO  ratis.XceiverServerRatis (XceiverServerRatis.java:start(428)) - XceiverServerRatis d551fa2e-1e1a-4bc0-928c-6dbc342b9b94 is started using port 33989
2019-07-13 07:45:38,545 INFO  server.XceiverServerGrpc (XceiverServerGrpc.java:start(161)) - XceiverServerGrpc d551fa2e-1e1a-4bc0-928c-6dbc342b9b94 is started using port 43819
2019-07-13 07:45:38,660 INFO  ozoneimpl.OzoneContainer (OzoneContainer.java:start(186)) - Attempting to start container services.
2019-07-13 07:45:38,663 INFO  ozoneimpl.OzoneContainer (OzoneContainer.java:startContainerScrub(160)) - Background container scrubber has been disabled by hdds.containerscrub.enabled
2019-07-13 07:45:38,663 INFO  ratis.XceiverServerRatis (XceiverServerRatis.java:start(418)) - Starting XceiverServerRatis 209f1d8d-4964-4543-a1ce-63909dc5ac44 at port 0
2019-07-13 07:45:38,671 INFO  impl.RaftServerProxy (RaftServerProxy.java:lambda$start$3(299)) - 209f1d8d-4964-4543-a1ce-63909dc5ac44: start RPC server
2019-07-13 07:45:38,675 INFO  server.GrpcService (GrpcService.java:startImpl(149)) - 209f1d8d-4964-4543-a1ce-63909dc5ac44: GrpcService started, listening on 0.0.0.0/0.0.0.0:39962
2019-07-13 07:45:38,675 INFO  ratis.XceiverServerRatis (XceiverServerRatis.java:start(428)) - XceiverServerRatis 209f1d8d-4964-4543-a1ce-63909dc5ac44 is started using port 39962
2019-07-13 07:45:38,679 INFO  server.XceiverServerGrpc (XceiverServerGrpc.java:start(161)) - XceiverServerGrpc 209f1d8d-4964-4543-a1ce-63909dc5ac44 is started using port 38192
2019-07-13 07:45:38,724 INFO  ozone.MiniOzoneClusterImpl (MiniOzoneClusterImpl.java:lambda$waitForClusterToBeReady$0(142)) - Waiting for cluster to be ready. Got 0 of 7 DN Heartbeats.
2019-07-13 07:45:38,882 INFO  ozoneimpl.OzoneContainer (OzoneContainer.java:start(186)) - Attempting to start container services.
2019-07-13 07:45:38,884 INFO  ozoneimpl.OzoneContainer (OzoneContainer.java:startContainerScrub(160)) - Background container scrubber has been disabled by hdds.containerscrub.enabled
2019-07-13 07:45:38,885 INFO  ratis.XceiverServerRatis (XceiverServerRatis.java:start(418)) - Starting XceiverServerRatis c19ba71b-66e7-4db4-b375-62e358c85a29 at port 0
2019-07-13 07:45:38,894 INFO  impl.RaftServerProxy (RaftServerProxy.java:lambda$start$3(299)) - c19ba71b-66e7-4db4-b375-62e358c85a29: start RPC server
2019-07-13 07:45:38,898 INFO  server.GrpcService (GrpcService.java:startImpl(149)) - c19ba71b-66e7-4db4-b375-62e358c85a29: GrpcService started, listening on 0.0.0.0/0.0.0.0:43437
2019-07-13 07:45:38,898 INFO  ratis.XceiverServerRatis (XceiverServerRatis.java:start(428)) - XceiverServerRatis c19ba71b-66e7-4db4-b375-62e358c85a29 is started using port 43437
2019-07-13 07:45:38,901 INFO  server.XceiverServerGrpc (XceiverServerGrpc.java:start(161)) - XceiverServerGrpc c19ba71b-66e7-4db4-b375-62e358c85a29 is started using port 43984
2019-07-13 07:45:39,083 INFO  ozoneimpl.OzoneContainer (OzoneContainer.java:start(186)) - Attempting to start container services.
2019-07-13 07:45:39,090 INFO  ozoneimpl.OzoneContainer (OzoneContainer.java:startContainerScrub(160)) - Background container scrubber has been disabled by hdds.containerscrub.enabled
2019-07-13 07:45:39,090 INFO  ratis.XceiverServerRatis (XceiverServerRatis.java:start(418)) - Starting XceiverServerRatis 2d959879-8814-4dda-9d68-c16227aaa522 at port 0
2019-07-13 07:45:39,100 INFO  impl.RaftServerProxy (RaftServerProxy.java:lambda$start$3(299)) - 2d959879-8814-4dda-9d68-c16227aaa522: start RPC server
2019-07-13 07:45:39,104 INFO  server.GrpcService (GrpcService.java:startImpl(149)) - 2d959879-8814-4dda-9d68-c16227aaa522: GrpcService started, listening on 0.0.0.0/0.0.0.0:43992
2019-07-13 07:45:39,104 INFO  ratis.XceiverServerRatis (XceiverServerRatis.java:start(428)) - XceiverServerRatis 2d959879-8814-4dda-9d68-c16227aaa522 is started using port 43992
2019-07-13 07:45:39,108 INFO  server.XceiverServerGrpc (XceiverServerGrpc.java:start(161)) - XceiverServerGrpc 2d959879-8814-4dda-9d68-c16227aaa522 is started using port 43187
2019-07-13 07:45:39,304 INFO  ozoneimpl.OzoneContainer (OzoneContainer.java:start(186)) - Attempting to start container services.
2019-07-13 07:45:39,304 INFO  ozoneimpl.OzoneContainer (OzoneContainer.java:startContainerScrub(160)) - Background container scrubber has been disabled by hdds.containerscrub.enabled
2019-07-13 07:45:39,304 INFO  ratis.XceiverServerRatis (XceiverServerRatis.java:start(418)) - Starting XceiverServerRatis 292e5068-2635-4b85-ab72-b1ce48bb290d at port 0
2019-07-13 07:45:39,315 INFO  impl.RaftServerProxy (RaftServerProxy.java:lambda$start$3(299)) - 292e5068-2635-4b85-ab72-b1ce48bb290d: start RPC server
2019-07-13 07:45:39,319 INFO  server.GrpcService (GrpcService.java:startImpl(149)) - 292e5068-2635-4b85-ab72-b1ce48bb290d: GrpcService started, listening on 0.0.0.0/0.0.0.0:45184
2019-07-13 07:45:39,320 INFO  ratis.XceiverServerRatis (XceiverServerRatis.java:start(428)) - XceiverServerRatis 292e5068-2635-4b85-ab72-b1ce48bb290d is started using port 45184
2019-07-13 07:45:39,323 INFO  server.XceiverServerGrpc (XceiverServerGrpc.java:start(161)) - XceiverServerGrpc 292e5068-2635-4b85-ab72-b1ce48bb290d is started using port 43771
2019-07-13 07:45:39,541 INFO  ozoneimpl.OzoneContainer (OzoneContainer.java:start(186)) - Attempting to start container services.
2019-07-13 07:45:39,541 INFO  ozoneimpl.OzoneContainer (OzoneContainer.java:startContainerScrub(160)) - Background container scrubber has been disabled by hdds.containerscrub.enabled
2019-07-13 07:45:39,541 INFO  ratis.XceiverServerRatis (XceiverServerRatis.java:start(418)) - Starting XceiverServerRatis 9f00932c-fd6e-4f79-9102-0c8b0e5c90fc at port 0
2019-07-13 07:45:39,553 INFO  impl.RaftServerProxy (RaftServerProxy.java:lambda$start$3(299)) - 9f00932c-fd6e-4f79-9102-0c8b0e5c90fc: start RPC server
2019-07-13 07:45:39,558 INFO  server.GrpcService (GrpcService.java:startImpl(149)) - 9f00932c-fd6e-4f79-9102-0c8b0e5c90fc: GrpcService started, listening on 0.0.0.0/0.0.0.0:34108
2019-07-13 07:45:39,558 INFO  ratis.XceiverServerRatis (XceiverServerRatis.java:start(428)) - XceiverServerRatis 9f00932c-fd6e-4f79-9102-0c8b0e5c90fc is started using port 34108
2019-07-13 07:45:39,563 INFO  server.XceiverServerGrpc (XceiverServerGrpc.java:start(161)) - XceiverServerGrpc 9f00932c-fd6e-4f79-9102-0c8b0e5c90fc is started using port 36768
2019-07-13 07:45:39,730 INFO  ozone.MiniOzoneClusterImpl (MiniOzoneClusterImpl.java:lambda$waitForClusterToBeReady$0(142)) - Waiting for cluster to be ready. Got 0 of 7 DN Heartbeats.
2019-07-13 07:45:39,748 INFO  ozoneimpl.OzoneContainer (OzoneContainer.java:start(186)) - Attempting to start container services.
2019-07-13 07:45:39,748 INFO  ozoneimpl.OzoneContainer (OzoneContainer.java:startContainerScrub(160)) - Background container scrubber has been disabled by hdds.containerscrub.enabled
2019-07-13 07:45:39,748 INFO  ratis.XceiverServerRatis (XceiverServerRatis.java:start(418)) - Starting XceiverServerRatis 7ba46cb1-1a35-4258-aa91-dac5fff72408 at port 0
2019-07-13 07:45:39,759 INFO  impl.RaftServerProxy (RaftServerProxy.java:lambda$start$3(299)) - 7ba46cb1-1a35-4258-aa91-dac5fff72408: start RPC server
2019-07-13 07:45:39,763 INFO  server.GrpcService (GrpcService.java:startImpl(149)) - 7ba46cb1-1a35-4258-aa91-dac5fff72408: GrpcService started, listening on 0.0.0.0/0.0.0.0:42572
2019-07-13 07:45:39,763 INFO  ratis.XceiverServerRatis (XceiverServerRatis.java:start(428)) - XceiverServerRatis 7ba46cb1-1a35-4258-aa91-dac5fff72408 is started using port 42572
2019-07-13 07:45:39,767 INFO  server.XceiverServerGrpc (XceiverServerGrpc.java:start(161)) - XceiverServerGrpc 7ba46cb1-1a35-4258-aa91-dac5fff72408 is started using port 35189
2019-07-13 07:45:40,396 INFO  net.NetworkTopology (NetworkTopologyImpl.java:add(110)) - Added a new node: /default-rack/192.168.69.84
2019-07-13 07:45:40,397 INFO  node.SCMNodeManager (SCMNodeManager.java:register(269)) - Registered Data node : d551fa2e-1e1a-4bc0-928c-6dbc342b9b94{ip: 192.168.69.84, host: trunk-nightly-9lh4p-2362225927, networkLocation: /default-rack, certSerialId: null}
2019-07-13 07:45:40,405 INFO  safemode.SCMSafeModeManager (DataNodeSafeModeRule.java:process(71)) - SCM in safe mode. 1 DataNodes registered, 1 required.
2019-07-13 07:45:40,406 INFO  safemode.SCMSafeModeManager (SCMSafeModeManager.java:validateSafeModeExitRules(177)) - ScmSafeModeManager, all rules are successfully validated
2019-07-13 07:45:40,406 INFO  safemode.SCMSafeModeManager (SCMSafeModeManager.java:exitSafeMode(193)) - SCM exiting safe mode.
2019-07-13 07:45:40,639 INFO  node.SCMNodeManager (SCMNodeManager.java:register(269)) - Registered Data node : 209f1d8d-4964-4543-a1ce-63909dc5ac44{ip: 192.168.69.84, host: trunk-nightly-9lh4p-2362225927, networkLocation: /default-rack, certSerialId: null}
2019-07-13 07:45:40,731 INFO  ozone.MiniOzoneClusterImpl (MiniOzoneClusterImpl.java:lambda$waitForClusterToBeReady$0(142)) - Waiting for cluster to be ready. Got 2 of 7 DN Heartbeats.
2019-07-13 07:45:40,859 INFO  node.SCMNodeManager (SCMNodeManager.java:register(269)) - Registered Data node : c19ba71b-66e7-4db4-b375-62e358c85a29{ip: 192.168.69.84, host: trunk-nightly-9lh4p-2362225927, networkLocation: /default-rack, certSerialId: null}
2019-07-13 07:45:41,381 INFO  node.SCMNodeManager (SCMNodeManager.java:register(269)) - Registered Data node : 292e5068-2635-4b85-ab72-b1ce48bb290d{ip: 192.168.69.84, host: trunk-nightly-9lh4p-2362225927, networkLocation: /default-rack, certSerialId: null}
2019-07-13 07:45:41,381 INFO  node.SCMNodeManager (SCMNodeManager.java:register(269)) - Registered Data node : 2d959879-8814-4dda-9d68-c16227aaa522{ip: 192.168.69.84, host: trunk-nightly-9lh4p-2362225927, networkLocation: /default-rack, certSerialId: null}
2019-07-13 07:45:41,442 INFO  impl.RaftServerProxy (RaftServerProxy.java:addNew(89)) - d551fa2e-1e1a-4bc0-928c-6dbc342b9b94: addNew group-86327C56133C:[d551fa2e-1e1a-4bc0-928c-6dbc342b9b94:192.168.69.84:33989] returns group-86327C56133C:java.util.concurrent.CompletableFuture@790ad2ca[Not completed]
2019-07-13 07:45:41,462 INFO  impl.RaftServerImpl (RaftServerImpl.java:<init>(93)) - d551fa2e-1e1a-4bc0-928c-6dbc342b9b94: new RaftServerImpl for group-86327C56133C:[d551fa2e-1e1a-4bc0-928c-6dbc342b9b94:192.168.69.84:33989] with ContainerStateMachine:uninitialized
2019-07-13 07:45:41,464 INFO  server.RaftServerConfigKeys (ConfUtils.java:logGet(43)) - raft.server.rpc.timeout.min = 5s (custom)
2019-07-13 07:45:41,466 INFO  server.RaftServerConfigKeys (ConfUtils.java:logGet(43)) - raft.server.rpc.timeout.max = 5200ms (custom)
2019-07-13 07:45:41,466 INFO  server.RaftServerConfigKeys (ConfUtils.java:logGet(43)) - raft.server.rpcslowness.timeout = 120s (custom)
2019-07-13 07:45:41,467 INFO  server.RaftServerConfigKeys (ConfUtils.java:logGet(43)) - raft.server.sleep.deviation.threshold = 300 (default)
2019-07-13 07:45:41,468 INFO  server.RaftServerConfigKeys (ConfUtils.java:logGet(43)) - raft.server.log.appender.install.snapshot.enabled = false (custom)
2019-07-13 07:45:41,477 INFO  impl.RaftServerImpl (ServerState.java:<init>(105)) - d551fa2e-1e1a-4bc0-928c-6dbc342b9b94:group-86327C56133C ConfigurationManager, init=-1: [d551fa2e-1e1a-4bc0-928c-6dbc342b9b94:192.168.69.84:33989], old=null, confs=<EMPTY_MAP>
2019-07-13 07:45:41,478 INFO  server.RaftServerConfigKeys (ConfUtils.java:logGet(43)) - raft.server.storage.dir = [/tmp/workdir/hadoop-ozone/integration-test/target/test-dir/MiniOzoneClusterImpl-5ac1d508-1700-49a1-8f37-e4cad1a6cc92/datanode-0/data/ratis] (custom)
2019-07-13 07:45:41,487 INFO  storage.RaftStorageDirectory (RaftStorageDirectory.java:analyzeStorage(246)) - The storage directory /tmp/workdir/hadoop-ozone/integration-test/target/test-dir/MiniOzoneClusterImpl-5ac1d508-1700-49a1-8f37-e4cad1a6cc92/datanode-0/data/ratis/188339b7-c3b3-4c86-ac98-86327c56133c does not exist. Creating ...
2019-07-13 07:45:41,505 INFO  storage.RaftStorageDirectory (RaftStorageDirectory.java:tryLock(328)) - Lock on /tmp/workdir/hadoop-ozone/integration-test/target/test-dir/MiniOzoneClusterImpl-5ac1d508-1700-49a1-8f37-e4cad1a6cc92/datanode-0/data/ratis/188339b7-c3b3-4c86-ac98-86327c56133c/in_use.lock acquired by nodename 17101@trunk-nightly-9lh4p-2362225927
2019-07-13 07:45:41,520 INFO  storage.RaftStorage (RaftStorage.java:format(72)) - Storage directory /tmp/workdir/hadoop-ozone/integration-test/target/test-dir/MiniOzoneClusterImpl-5ac1d508-1700-49a1-8f37-e4cad1a6cc92/datanode-0/data/ratis/188339b7-c3b3-4c86-ac98-86327c56133c has been successfully formatted.
2019-07-13 07:45:41,522 INFO  ratis.ContainerStateMachine (ContainerStateMachine.java:loadSnapshot(200)) - The snapshot info is null.Setting the last applied index to:(t:0, i:~)
2019-07-13 07:45:41,522 INFO  server.RaftServerConfigKeys (ConfUtils.java:logGet(43)) - raft.server.leader.election.timeout = 120s (custom)
2019-07-13 07:45:41,527 INFO  server.RaftServerConfigKeys (ConfUtils.java:logGet(43)) - raft.server.log.use.memory = false (default)
2019-07-13 07:45:41,528 INFO  node.SCMNodeManager (SCMNodeManager.java:register(269)) - Registered Data node : 9f00932c-fd6e-4f79-9102-0c8b0e5c90fc{ip: 192.168.69.84, host: trunk-nightly-9lh4p-2362225927, networkLocation: /default-rack, certSerialId: null}
2019-07-13 07:45:41,533 INFO  server.RaftServerConfigKeys (ConfUtils.java:logGet(43)) - raft.server.log.purge.gap = 1000000000 (custom)
2019-07-13 07:45:41,533 INFO  server.RaftServerConfigKeys (ConfUtils.java:logGet(43)) - raft.server.log.appender.buffer.byte-limit = 33554432 (custom)
2019-07-13 07:45:41,535 INFO  server.RaftServerConfigKeys (ConfUtils.java:logGet(43)) - raft.server.log.segment.size.max = 1048576 (custom)
2019-07-13 07:45:41,539 INFO  server.RaftServerConfigKeys (ConfUtils.java:logGet(43)) - raft.server.log.segment.cache.num.max = 2 (custom)
2019-07-13 07:45:41,544 INFO  segmented.SegmentedRaftLogWorker (SegmentedRaftLogWorker.java:<init>(172)) - new d551fa2e-1e1a-4bc0-928c-6dbc342b9b94-SegmentedRaftLogWorker:Storage Directory /tmp/workdir/hadoop-ozone/integration-test/target/test-dir/MiniOzoneClusterImpl-5ac1d508-1700-49a1-8f37-e4cad1a6cc92/datanode-0/data/ratis/188339b7-c3b3-4c86-ac98-86327c56133c for RaftStorage:Storage Directory /tmp/workdir/hadoop-ozone/integration-test/target/test-dir/MiniOzoneClusterImpl-5ac1d508-1700-49a1-8f37-e4cad1a6cc92/datanode-0/data/ratis/188339b7-c3b3-4c86-ac98-86327c56133c
2019-07-13 07:45:41,555 INFO  server.RaftServerConfigKeys (ConfUtils.java:logGet(43)) - raft.server.log.queue.byte-limit = 2147483647 (custom)
2019-07-13 07:45:41,555 INFO  server.RaftServerConfigKeys (ConfUtils.java:logGet(43)) - raft.server.log.queue.element-limit = 1024 (custom)
2019-07-13 07:45:41,560 INFO  server.RaftServerConfigKeys (ConfUtils.java:logGet(43)) - raft.server.log.segment.size.max = 1048576 (custom)
2019-07-13 07:45:41,560 INFO  server.RaftServerConfigKeys (ConfUtils.java:logGet(43)) - raft.server.log.preallocated.size = 16384 (custom)
2019-07-13 07:45:41,560 INFO  server.RaftServerConfigKeys (ConfUtils.java:logGet(43)) - raft.server.log.write.buffer.size = 33554432 (custom)
2019-07-13 07:45:41,561 INFO  server.RaftServerConfigKeys (ConfUtils.java:logGet(43)) - raft.server.log.force.sync.num = 128 (default)
2019-07-13 07:45:41,562 INFO  server.RaftServerConfigKeys (ConfUtils.java:logGet(43)) - raft.server.log.statemachine.data.sync = true (default)
2019-07-13 07:45:41,562 INFO  server.RaftServerConfigKeys (ConfUtils.java:logGet(43)) - raft.server.log.statemachine.data.sync.timeout = 10s (default)
2019-07-13 07:45:41,562 INFO  server.RaftServerConfigKeys (ConfUtils.java:logGet(43)) - raft.server.log.statemachine.data.sync.timeout.retry = -1 (default)
2019-07-13 07:45:41,570 INFO  server.RaftServerConfigKeys (ConfUtils.java:logGet(43)) - raft.server.log.statemachine.data.caching.enabled = true (custom)
2019-07-13 07:45:41,573 INFO  segmented.SegmentedRaftLogWorker (SegmentedRaftLogWorker.java:lambda$new$0(132)) - d551fa2e-1e1a-4bc0-928c-6dbc342b9b94-SegmentedRaftLogWorker:Storage Directory /tmp/workdir/hadoop-ozone/integration-test/target/test-dir/MiniOzoneClusterImpl-5ac1d508-1700-49a1-8f37-e4cad1a6cc92/datanode-0/data/ratis/188339b7-c3b3-4c86-ac98-86327c56133c: flushIndex: setUnconditionally 0 -> -1
2019-07-13 07:45:41,577 INFO  server.RaftServerConfigKeys (ConfUtils.java:logGet(43)) - raft.server.snapshot.auto.trigger.enabled = true (custom)
2019-07-13 07:45:41,578 INFO  server.RaftServerConfigKeys (ConfUtils.java:logGet(43)) - raft.server.snapshot.auto.trigger.threshold = 10000 (custom)
2019-07-13 07:45:41,578 INFO  server.RaftServerConfigKeys (ConfUtils.java:logGet(43)) - raft.server.retrycache.expirytime = 600000ms (custom)
2019-07-13 07:45:41,597 INFO  impl.RaftServerImpl (RaftServerImpl.java:start(180)) - d551fa2e-1e1a-4bc0-928c-6dbc342b9b94: start group-86327C56133C
2019-07-13 07:45:41,598 INFO  impl.RaftServerImpl (RaftServerImpl.java:setRole(171)) - d551fa2e-1e1a-4bc0-928c-6dbc342b9b94:group-86327C56133C changes role from null to FOLLOWER at term 0 for startAsFollower
2019-07-13 07:45:41,599 INFO  impl.RoleInfo (RoleInfo.java:updateAndGet(143)) - d551fa2e-1e1a-4bc0-928c-6dbc342b9b94: start FollowerState
2019-07-13 07:45:41,600 INFO  util.JmxRegister (JmxRegister.java:tryRegister(44)) - Successfully registered JMX Bean with object name Ratis:service=RaftServer,group=group-86327C56133C,id=d551fa2e-1e1a-4bc0-928c-6dbc342b9b94
2019-07-13 07:45:41,667 INFO  pipeline.PipelineStateManager (PipelineStateManager.java:addPipeline(56)) - Created pipeline Pipeline[ Id: 188339b7-c3b3-4c86-ac98-86327c56133c, Nodes: d551fa2e-1e1a-4bc0-928c-6dbc342b9b94{ip: 192.168.69.84, host: trunk-nightly-9lh4p-2362225927, networkLocation: /default-rack, certSerialId: null}, Type:RATIS, Factor:ONE, State:OPEN]
2019-07-13 07:45:41,704 INFO  impl.RaftServerProxy (RaftServerProxy.java:addNew(89)) - 2d959879-8814-4dda-9d68-c16227aaa522: addNew group-E21D3C509DBF:[2d959879-8814-4dda-9d68-c16227aaa522:192.168.69.84:43992] returns group-E21D3C509DBF:java.util.concurrent.CompletableFuture@538d9e3[Not completed]
2019-07-13 07:45:41,735 INFO  ozone.MiniOzoneClusterImpl (MiniOzoneClusterImpl.java:lambda$waitForClusterToBeReady$0(142)) - Waiting for cluster to be ready. Got 6 of 7 DN Heartbeats.
2019-07-13 07:45:41,754 INFO  impl.RaftServerImpl (RaftServerImpl.java:<init>(93)) - 2d959879-8814-4dda-9d68-c16227aaa522: new RaftServerImpl for group-E21D3C509DBF:[2d959879-8814-4dda-9d68-c16227aaa522:192.168.69.84:43992] with ContainerStateMachine:uninitialized
2019-07-13 07:45:41,755 INFO  server.RaftServerConfigKeys (ConfUtils.java:logGet(43)) - raft.server.rpc.timeout.min = 5s (custom)
2019-07-13 07:45:41,755 INFO  server.RaftServerConfigKeys (ConfUtils.java:logGet(43)) - raft.server.rpc.timeout.max = 5200ms (custom)
2019-07-13 07:45:41,756 INFO  server.RaftServerConfigKeys (ConfUtils.java:logGet(43)) - raft.server.rpcslowness.timeout = 120s (custom)
2019-07-13 07:45:41,756 INFO  server.RaftServerConfigKeys (ConfUtils.java:logGet(43)) - raft.server.sleep.deviation.threshold = 300 (default)
2019-07-13 07:45:41,756 INFO  server.RaftServerConfigKeys (ConfUtils.java:logGet(43)) - raft.server.log.appender.install.snapshot.enabled = false (custom)
2019-07-13 07:45:41,756 INFO  node.SCMNodeManager (SCMNodeManager.java:register(269)) - Registered Data node : 7ba46cb1-1a35-4258-aa91-dac5fff72408{ip: 192.168.69.84, host: trunk-nightly-9lh4p-2362225927, networkLocation: /default-rack, certSerialId: null}
2019-07-13 07:45:41,756 INFO  impl.RaftServerImpl (ServerState.java:<init>(105)) - 2d959879-8814-4dda-9d68-c16227aaa522:group-E21D3C509DBF ConfigurationManager, init=-1: [2d959879-8814-4dda-9d68-c16227aaa522:192.168.69.84:43992], old=null, confs=<EMPTY_MAP>
2019-07-13 07:45:41,757 INFO  server.RaftServerConfigKeys (ConfUtils.java:logGet(43)) - raft.server.storage.dir = [/tmp/workdir/hadoop-ozone/integration-test/target/test-dir/MiniOzoneClusterImpl-5ac1d508-1700-49a1-8f37-e4cad1a6cc92/datanode-3/data/ratis] (custom)
2019-07-13 07:45:41,757 INFO  storage.RaftStorageDirectory (RaftStorageDirectory.java:analyzeStorage(246)) - The storage directory /tmp/workdir/hadoop-ozone/integration-test/target/test-dir/MiniOzoneClusterImpl-5ac1d508-1700-49a1-8f37-e4cad1a6cc92/datanode-3/data/ratis/38138c76-feef-4931-a94b-e21d3c509dbf does not exist. Creating ...
2019-07-13 07:45:41,783 INFO  storage.RaftStorageDirectory (RaftStorageDirectory.java:tryLock(328)) - Lock on /tmp/workdir/hadoop-ozone/integration-test/target/test-dir/MiniOzoneClusterImpl-5ac1d508-1700-49a1-8f37-e4cad1a6cc92/datanode-3/data/ratis/38138c76-feef-4931-a94b-e21d3c509dbf/in_use.lock acquired by nodename 17101@trunk-nightly-9lh4p-2362225927
2019-07-13 07:45:41,800 INFO  storage.RaftStorage (RaftStorage.java:format(72)) - Storage directory /tmp/workdir/hadoop-ozone/integration-test/target/test-dir/MiniOzoneClusterImpl-5ac1d508-1700-49a1-8f37-e4cad1a6cc92/datanode-3/data/ratis/38138c76-feef-4931-a94b-e21d3c509dbf has been successfully formatted.
2019-07-13 07:45:41,802 INFO  ratis.ContainerStateMachine (ContainerStateMachine.java:loadSnapshot(200)) - The snapshot info is null.Setting the last applied index to:(t:0, i:~)
2019-07-13 07:45:41,804 INFO  server.RaftServerConfigKeys (ConfUtils.java:logGet(43)) - raft.server.leader.election.timeout = 120s (custom)
2019-07-13 07:45:41,805 INFO  server.RaftServerConfigKeys (ConfUtils.java:logGet(43)) - raft.server.log.use.memory = false (default)
2019-07-13 07:45:41,805 INFO  server.RaftServerConfigKeys (ConfUtils.java:logGet(43)) - raft.server.log.purge.gap = 1000000000 (custom)
2019-07-13 07:45:41,805 INFO  server.RaftServerConfigKeys (ConfUtils.java:logGet(43)) - raft.server.log.appender.buffer.byte-limit = 33554432 (custom)
2019-07-13 07:45:41,805 INFO  server.RaftServerConfigKeys (ConfUtils.java:logGet(43)) - raft.server.log.segment.size.max = 1048576 (custom)
2019-07-13 07:45:41,805 INFO  server.RaftServerConfigKeys (ConfUtils.java:logGet(43)) - raft.server.log.segment.cache.num.max = 2 (custom)
2019-07-13 07:45:41,806 INFO  segmented.SegmentedRaftLogWorker (SegmentedRaftLogWorker.java:<init>(172)) - new 2d959879-8814-4dda-9d68-c16227aaa522-SegmentedRaftLogWorker:Storage Directory /tmp/workdir/hadoop-ozone/integration-test/target/test-dir/MiniOzoneClusterImpl-5ac1d508-1700-49a1-8f37-e4cad1a6cc92/datanode-3/data/ratis/38138c76-feef-4931-a94b-e21d3c509dbf for RaftStorage:Storage Directory /tmp/workdir/hadoop-ozone/integration-test/target/test-dir/MiniOzoneClusterImpl-5ac1d508-1700-49a1-8f37-e4cad1a6cc92/datanode-3/data/ratis/38138c76-feef-4931-a94b-e21d3c509dbf
2019-07-13 07:45:41,808 INFO  server.RaftServerConfigKeys (ConfUtils.java:logGet(43)) - raft.server.log.queue.byte-limit = 2147483647 (custom)
2019-07-13 07:45:41,808 INFO  server.RaftServerConfigKeys (ConfUtils.java:logGet(43)) - raft.server.log.queue.element-limit = 1024 (custom)
2019-07-13 07:45:41,808 INFO  server.RaftServerConfigKeys (ConfUtils.java:logGet(43)) - raft.server.log.segment.size.max = 1048576 (custom)
2019-07-13 07:45:41,808 INFO  server.RaftServerConfigKeys (ConfUtils.java:logGet(43)) - raft.server.log.preallocated.size = 16384 (custom)
2019-07-13 07:45:41,809 INFO  server.RaftServerConfigKeys (ConfUtils.java:logGet(43)) - raft.server.log.write.buffer.size = 33554432 (custom)
2019-07-13 07:45:41,809 INFO  server.RaftServerConfigKeys (ConfUtils.java:logGet(43)) - raft.server.log.force.sync.num = 128 (default)
2019-07-13 07:45:41,809 INFO  server.RaftServerConfigKeys (ConfUtils.java:logGet(43)) - raft.server.log.statemachine.data.sync = true (default)
2019-07-13 07:45:41,809 INFO  server.RaftServerConfigKeys (ConfUtils.java:logGet(43)) - raft.server.log.statemachine.data.sync.timeout = 10s (default)
2019-07-13 07:45:41,809 INFO  server.RaftServerConfigKeys (ConfUtils.java:logGet(43)) - raft.server.log.statemachine.data.sync.timeout.retry = -1 (default)
2019-07-13 07:45:41,810 INFO  server.RaftServerConfigKeys (ConfUtils.java:logGet(43)) - raft.server.log.statemachine.data.caching.enabled = true (custom)
2019-07-13 07:45:41,810 INFO  segmented.SegmentedRaftLogWorker (SegmentedRaftLogWorker.java:lambda$new$0(132)) - 2d959879-8814-4dda-9d68-c16227aaa522-SegmentedRaftLogWorker:Storage Directory /tmp/workdir/hadoop-ozone/integration-test/target/test-dir/MiniOzoneClusterImpl-5ac1d508-1700-49a1-8f37-e4cad1a6cc92/datanode-3/data/ratis/38138c76-feef-4931-a94b-e21d3c509dbf: flushIndex: setUnconditionally 0 -> -1
2019-07-13 07:45:41,811 INFO  server.RaftServerConfigKeys (ConfUtils.java:logGet(43)) - raft.server.snapshot.auto.trigger.enabled = true (custom)
2019-07-13 07:45:41,811 INFO  server.RaftServerConfigKeys (ConfUtils.java:logGet(43)) - raft.server.snapshot.auto.trigger.threshold = 10000 (custom)
2019-07-13 07:45:41,811 INFO  server.RaftServerConfigKeys (ConfUtils.java:logGet(43)) - raft.server.retrycache.expirytime = 600000ms (custom)
2019-07-13 07:45:41,811 INFO  impl.RaftServerImpl (RaftServerImpl.java:start(180)) - 2d959879-8814-4dda-9d68-c16227aaa522: start group-E21D3C509DBF
2019-07-13 07:45:41,812 INFO  impl.RaftServerImpl (RaftServerImpl.java:setRole(171)) - 2d959879-8814-4dda-9d68-c16227aaa522:group-E21D3C509DBF changes role from null to FOLLOWER at term 0 for startAsFollower
2019-07-13 07:45:41,812 INFO  impl.RoleInfo (RoleInfo.java:updateAndGet(143)) - 2d959879-8814-4dda-9d68-c16227aaa522: start FollowerState
2019-07-13 07:45:41,814 INFO  util.JmxRegister (JmxRegister.java:tryRegister(44)) - Successfully registered JMX Bean with object name Ratis:service=RaftServer,group=group-E21D3C509DBF,id=2d959879-8814-4dda-9d68-c16227aaa522
2019-07-13 07:45:41,831 INFO  pipeline.PipelineStateManager (PipelineStateManager.java:addPipeline(56)) - Created pipeline Pipeline[ Id: 38138c76-feef-4931-a94b-e21d3c509dbf, Nodes: 2d959879-8814-4dda-9d68-c16227aaa522{ip: 192.168.69.84, host: trunk-nightly-9lh4p-2362225927, networkLocation: /default-rack, certSerialId: null}, Type:RATIS, Factor:ONE, State:OPEN]
2019-07-13 07:45:41,862 INFO  impl.RaftServerProxy (RaftServerProxy.java:addNew(89)) - 9f00932c-fd6e-4f79-9102-0c8b0e5c90fc: addNew group-65FCE032ED3F:[9f00932c-fd6e-4f79-9102-0c8b0e5c90fc:192.168.69.84:34108] returns group-65FCE032ED3F:java.util.concurrent.CompletableFuture@7b4d4f69[Not completed]
2019-07-13 07:45:41,874 INFO  impl.RaftServerImpl (RaftServerImpl.java:<init>(93)) - 9f00932c-fd6e-4f79-9102-0c8b0e5c90fc: new RaftServerImpl for group-65FCE032ED3F:[9f00932c-fd6e-4f79-9102-0c8b0e5c90fc:192.168.69.84:34108] with ContainerStateMachine:uninitialized
2019-07-13 07:45:41,874 INFO  server.RaftServerConfigKeys (ConfUtils.java:logGet(43)) - raft.server.rpc.timeout.min = 5s (custom)
2019-07-13 07:45:41,874 INFO  server.RaftServerConfigKeys (ConfUtils.java:logGet(43)) - raft.server.rpc.timeout.max = 5200ms (custom)
2019-07-13 07:45:41,874 INFO  server.RaftServerConfigKeys (ConfUtils.java:logGet(43)) - raft.server.rpcslowness.timeout = 120s (custom)
2019-07-13 07:45:41,874 INFO  server.RaftServerConfigKeys (ConfUtils.java:logGet(43)) - raft.server.sleep.deviation.threshold = 300 (default)
2019-07-13 07:45:41,875 INFO  server.RaftServerConfigKeys (ConfUtils.java:logGet(43)) - raft.server.log.appender.install.snapshot.enabled = false (custom)
2019-07-13 07:45:41,875 INFO  impl.RaftServerImpl (ServerState.java:<init>(105)) - 9f00932c-fd6e-4f79-9102-0c8b0e5c90fc:group-65FCE032ED3F ConfigurationManager, init=-1: [9f00932c-fd6e-4f79-9102-0c8b0e5c90fc:192.168.69.84:34108], old=null, confs=<EMPTY_MAP>
2019-07-13 07:45:41,875 INFO  server.RaftServerConfigKeys (ConfUtils.java:logGet(43)) - raft.server.storage.dir = [/tmp/workdir/hadoop-ozone/integration-test/target/test-dir/MiniOzoneClusterImpl-5ac1d508-1700-49a1-8f37-e4cad1a6cc92/datanode-5/data/ratis] (custom)
2019-07-13 07:45:41,875 INFO  storage.RaftStorageDirectory (RaftStorageDirectory.java:analyzeStorage(246)) - The storage directory /tmp/workdir/hadoop-ozone/integration-test/target/test-dir/MiniOzoneClusterImpl-5ac1d508-1700-49a1-8f37-e4cad1a6cc92/datanode-5/data/ratis/5d771f33-ad3f-437e-8b07-65fce032ed3f does not exist. Creating ...
2019-07-13 07:45:41,888 INFO  storage.RaftStorageDirectory (RaftStorageDirectory.java:tryLock(328)) - Lock on /tmp/workdir/hadoop-ozone/integration-test/target/test-dir/MiniOzoneClusterImpl-5ac1d508-1700-49a1-8f37-e4cad1a6cc92/datanode-5/data/ratis/5d771f33-ad3f-437e-8b07-65fce032ed3f/in_use.lock acquired by nodename 17101@trunk-nightly-9lh4p-2362225927
2019-07-13 07:45:41,901 INFO  storage.RaftStorage (RaftStorage.java:format(72)) - Storage directory /tmp/workdir/hadoop-ozone/integration-test/target/test-dir/MiniOzoneClusterImpl-5ac1d508-1700-49a1-8f37-e4cad1a6cc92/datanode-5/data/ratis/5d771f33-ad3f-437e-8b07-65fce032ed3f has been successfully formatted.
2019-07-13 07:45:41,901 INFO  ratis.ContainerStateMachine (ContainerStateMachine.java:loadSnapshot(200)) - The snapshot info is null.Setting the last applied index to:(t:0, i:~)
2019-07-13 07:45:41,901 INFO  server.RaftServerConfigKeys (ConfUtils.java:logGet(43)) - raft.server.leader.election.timeout = 120s (custom)
2019-07-13 07:45:41,902 INFO  server.RaftServerConfigKeys (ConfUtils.java:logGet(43)) - raft.server.log.use.memory = false (default)
2019-07-13 07:45:41,902 INFO  server.RaftServerConfigKeys (ConfUtils.java:logGet(43)) - raft.server.log.purge.gap = 1000000000 (custom)
2019-07-13 07:45:41,902 INFO  server.RaftServerConfigKeys (ConfUtils.java:logGet(43)) - raft.server.log.appender.buffer.byte-limit = 33554432 (custom)
2019-07-13 07:45:41,902 INFO  server.RaftServerConfigKeys (ConfUtils.java:logGet(43)) - raft.server.log.segment.size.max = 1048576 (custom)
2019-07-13 07:45:41,902 INFO  server.RaftServerConfigKeys (ConfUtils.java:logGet(43)) - raft.server.log.segment.cache.num.max = 2 (custom)
2019-07-13 07:45:41,903 INFO  segmented.SegmentedRaftLogWorker (SegmentedRaftLogWorker.java:<init>(172)) - new 9f00932c-fd6e-4f79-9102-0c8b0e5c90fc-SegmentedRaftLogWorker:Storage Directory /tmp/workdir/hadoop-ozone/integration-test/target/test-dir/MiniOzoneClusterImpl-5ac1d508-1700-49a1-8f37-e4cad1a6cc92/datanode-5/data/ratis/5d771f33-ad3f-437e-8b07-65fce032ed3f for RaftStorage:Storage Directory /tmp/workdir/hadoop-ozone/integration-test/target/test-dir/MiniOzoneClusterImpl-5ac1d508-1700-49a1-8f37-e4cad1a6cc92/datanode-5/data/ratis/5d771f33-ad3f-437e-8b07-65fce032ed3f
2019-07-13 07:45:41,903 INFO  server.RaftServerConfigKeys (ConfUtils.java:logGet(43)) - raft.server.log.queue.byte-limit = 2147483647 (custom)
2019-07-13 07:45:41,903 INFO  server.RaftServerConfigKeys (ConfUtils.java:logGet(43)) - raft.server.log.queue.element-limit = 1024 (custom)
2019-07-13 07:45:41,903 INFO  server.RaftServerConfigKeys (ConfUtils.java:logGet(43)) - raft.server.log.segment.size.max = 1048576 (custom)
2019-07-13 07:45:41,904 INFO  server.RaftServerConfigKeys (ConfUtils.java:logGet(43)) - raft.server.log.preallocated.size = 16384 (custom)
2019-07-13 07:45:41,904 INFO  server.RaftServerConfigKeys (ConfUtils.java:logGet(43)) - raft.server.log.write.buffer.size = 33554432 (custom)
2019-07-13 07:45:41,904 INFO  server.RaftServerConfigKeys (ConfUtils.java:logGet(43)) - raft.server.log.force.sync.num = 128 (default)
2019-07-13 07:45:41,904 INFO  server.RaftServerConfigKeys (ConfUtils.java:logGet(43)) - raft.server.log.statemachine.data.sync = true (default)
2019-07-13 07:45:41,904 INFO  server.RaftServerConfigKeys (ConfUtils.java:logGet(43)) - raft.server.log.statemachine.data.sync.timeout = 10s (default)
2019-07-13 07:45:41,905 INFO  server.RaftServerConfigKeys (ConfUtils.java:logGet(43)) - raft.server.log.statemachine.data.sync.timeout.retry = -1 (default)
2019-07-13 07:45:41,905 INFO  server.RaftServerConfigKeys (ConfUtils.java:logGet(43)) - raft.server.log.statemachine.data.caching.enabled = true (custom)
2019-07-13 07:45:41,905 INFO  segmented.SegmentedRaftLogWorker (SegmentedRaftLogWorker.java:lambda$new$0(132)) - 9f00932c-fd6e-4f79-9102-0c8b0e5c90fc-SegmentedRaftLogWorker:Storage Directory /tmp/workdir/hadoop-ozone/integration-test/target/test-dir/MiniOzoneClusterImpl-5ac1d508-1700-49a1-8f37-e4cad1a6cc92/datanode-5/data/ratis/5d771f33-ad3f-437e-8b07-65fce032ed3f: flushIndex: setUnconditionally 0 -> -1
2019-07-13 07:45:41,906 INFO  server.RaftServerConfigKeys (ConfUtils.java:logGet(43)) - raft.server.snapshot.auto.trigger.enabled = true (custom)
2019-07-13 07:45:41,906 INFO  server.RaftServerConfigKeys (ConfUtils.java:logGet(43)) - raft.server.snapshot.auto.trigger.threshold = 10000 (custom)
2019-07-13 07:45:41,906 INFO  server.RaftServerConfigKeys (ConfUtils.java:logGet(43)) - raft.server.retrycache.expirytime = 600000ms (custom)
2019-07-13 07:45:41,907 INFO  impl.RaftServerImpl (RaftServerImpl.java:start(180)) - 9f00932c-fd6e-4f79-9102-0c8b0e5c90fc: start group-65FCE032ED3F
2019-07-13 07:45:41,907 INFO  impl.RaftServerImpl (RaftServerImpl.java:setRole(171)) - 9f00932c-fd6e-4f79-9102-0c8b0e5c90fc:group-65FCE032ED3F changes role from null to FOLLOWER at term 0 for startAsFollower
2019-07-13 07:45:41,907 INFO  impl.RoleInfo (RoleInfo.java:updateAndGet(143)) - 9f00932c-fd6e-4f79-9102-0c8b0e5c90fc: start FollowerState
2019-07-13 07:45:41,907 INFO  util.JmxRegister (JmxRegister.java:tryRegister(44)) - Successfully registered JMX Bean with object name Ratis:service=RaftServer,group=group-65FCE032ED3F,id=9f00932c-fd6e-4f79-9102-0c8b0e5c90fc
2019-07-13 07:45:41,922 INFO  pipeline.PipelineStateManager (PipelineStateManager.java:addPipeline(56)) - Created pipeline Pipeline[ Id: 5d771f33-ad3f-437e-8b07-65fce032ed3f, Nodes: 9f00932c-fd6e-4f79-9102-0c8b0e5c90fc{ip: 192.168.69.84, host: trunk-nightly-9lh4p-2362225927, networkLocation: /default-rack, certSerialId: null}, Type:RATIS, Factor:ONE, State:OPEN]
2019-07-13 07:45:41,947 INFO  impl.RaftServerProxy (RaftServerProxy.java:addNew(89)) - 7ba46cb1-1a35-4258-aa91-dac5fff72408: addNew group-A6CF8F381E9F:[7ba46cb1-1a35-4258-aa91-dac5fff72408:192.168.69.84:42572] returns group-A6CF8F381E9F:java.util.concurrent.CompletableFuture@2b1db3ed[Not completed]
2019-07-13 07:45:41,949 INFO  impl.RaftServerImpl (RaftServerImpl.java:<init>(93)) - 7ba46cb1-1a35-4258-aa91-dac5fff72408: new RaftServerImpl for group-A6CF8F381E9F:[7ba46cb1-1a35-4258-aa91-dac5fff72408:192.168.69.84:42572] with ContainerStateMachine:uninitialized
2019-07-13 07:45:41,949 INFO  server.RaftServerConfigKeys (ConfUtils.java:logGet(43)) - raft.server.rpc.timeout.min = 5s (custom)
2019-07-13 07:45:41,949 INFO  server.RaftServerConfigKeys (ConfUtils.java:logGet(43)) - raft.server.rpc.timeout.max = 5200ms (custom)
2019-07-13 07:45:41,949 INFO  server.RaftServerConfigKeys (ConfUtils.java:logGet(43)) - raft.server.rpcslowness.timeout = 120s (custom)
2019-07-13 07:45:41,949 INFO  server.RaftServerConfigKeys (ConfUtils.java:logGet(43)) - raft.server.sleep.deviation.threshold = 300 (default)
2019-07-13 07:45:41,950 INFO  server.RaftServerConfigKeys (ConfUtils.java:logGet(43)) - raft.server.log.appender.install.snapshot.enabled = false (custom)
2019-07-13 07:45:41,950 INFO  impl.RaftServerImpl (ServerState.java:<init>(105)) - 7ba46cb1-1a35-4258-aa91-dac5fff72408:group-A6CF8F381E9F ConfigurationManager, init=-1: [7ba46cb1-1a35-4258-aa91-dac5fff72408:192.168.69.84:42572], old=null, confs=<EMPTY_MAP>
2019-07-13 07:45:41,950 INFO  server.RaftServerConfigKeys (ConfUtils.java:logGet(43)) - raft.server.storage.dir = [/tmp/workdir/hadoop-ozone/integration-test/target/test-dir/MiniOzoneClusterImpl-5ac1d508-1700-49a1-8f37-e4cad1a6cc92/datanode-6/data/ratis] (custom)
2019-07-13 07:45:41,951 INFO  storage.RaftStorageDirectory (RaftStorageDirectory.java:analyzeStorage(246)) - The storage directory /tmp/workdir/hadoop-ozone/integration-test/target/test-dir/MiniOzoneClusterImpl-5ac1d508-1700-49a1-8f37-e4cad1a6cc92/datanode-6/data/ratis/9d4db4e5-2718-45ce-91c2-a6cf8f381e9f does not exist. Creating ...
2019-07-13 07:45:41,963 INFO  storage.RaftStorageDirectory (RaftStorageDirectory.java:tryLock(328)) - Lock on /tmp/workdir/hadoop-ozone/integration-test/target/test-dir/MiniOzoneClusterImpl-5ac1d508-1700-49a1-8f37-e4cad1a6cc92/datanode-6/data/ratis/9d4db4e5-2718-45ce-91c2-a6cf8f381e9f/in_use.lock acquired by nodename 17101@trunk-nightly-9lh4p-2362225927
2019-07-13 07:45:41,976 INFO  storage.RaftStorage (RaftStorage.java:format(72)) - Storage directory /tmp/workdir/hadoop-ozone/integration-test/target/test-dir/MiniOzoneClusterImpl-5ac1d508-1700-49a1-8f37-e4cad1a6cc92/datanode-6/data/ratis/9d4db4e5-2718-45ce-91c2-a6cf8f381e9f has been successfully formatted.
2019-07-13 07:45:41,977 INFO  ratis.ContainerStateMachine (ContainerStateMachine.java:loadSnapshot(200)) - The snapshot info is null.Setting the last applied index to:(t:0, i:~)
2019-07-13 07:45:41,977 INFO  server.RaftServerConfigKeys (ConfUtils.java:logGet(43)) - raft.server.leader.election.timeout = 120s (custom)
2019-07-13 07:45:41,977 INFO  server.RaftServerConfigKeys (ConfUtils.java:logGet(43)) - raft.server.log.use.memory = false (default)
2019-07-13 07:45:41,977 INFO  server.RaftServerConfigKeys (ConfUtils.java:logGet(43)) - raft.server.log.purge.gap = 1000000000 (custom)
2019-07-13 07:45:41,977 INFO  server.RaftServerConfigKeys (ConfUtils.java:logGet(43)) - raft.server.log.appender.buffer.byte-limit = 33554432 (custom)
2019-07-13 07:45:41,978 INFO  server.RaftServerConfigKeys (ConfUtils.java:logGet(43)) - raft.server.log.segment.size.max = 1048576 (custom)
2019-07-13 07:45:41,978 INFO  server.RaftServerConfigKeys (ConfUtils.java:logGet(43)) - raft.server.log.segment.cache.num.max = 2 (custom)
2019-07-13 07:45:41,978 INFO  segmented.SegmentedRaftLogWorker (SegmentedRaftLogWorker.java:<init>(172)) - new 7ba46cb1-1a35-4258-aa91-dac5fff72408-SegmentedRaftLogWorker:Storage Directory /tmp/workdir/hadoop-ozone/integration-test/target/test-dir/MiniOzoneClusterImpl-5ac1d508-1700-49a1-8f37-e4cad1a6cc92/datanode-6/data/ratis/9d4db4e5-2718-45ce-91c2-a6cf8f381e9f for RaftStorage:Storage Directory /tmp/workdir/hadoop-ozone/integration-test/target/test-dir/MiniOzoneClusterImpl-5ac1d508-1700-49a1-8f37-e4cad1a6cc92/datanode-6/data/ratis/9d4db4e5-2718-45ce-91c2-a6cf8f381e9f
2019-07-13 07:45:41,978 INFO  server.RaftServerConfigKeys (ConfUtils.java:logGet(43)) - raft.server.log.queue.byte-limit = 2147483647 (custom)
2019-07-13 07:45:41,978 INFO  server.RaftServerConfigKeys (ConfUtils.java:logGet(43)) - raft.server.log.queue.element-limit = 1024 (custom)
2019-07-13 07:45:41,979 INFO  server.RaftServerConfigKeys (ConfUtils.java:logGet(43)) - raft.server.log.segment.size.max = 1048576 (custom)
2019-07-13 07:45:41,979 INFO  server.RaftServerConfigKeys (ConfUtils.java:logGet(43)) - raft.server.log.preallocated.size = 16384 (custom)
2019-07-13 07:45:41,979 INFO  server.RaftServerConfigKeys (ConfUtils.java:logGet(43)) - raft.server.log.write.buffer.size = 33554432 (custom)
2019-07-13 07:45:41,979 INFO  server.RaftServerConfigKeys (ConfUtils.java:logGet(43)) - raft.server.log.force.sync.num = 128 (default)
2019-07-13 07:45:41,979 INFO  server.RaftServerConfigKeys (ConfUtils.java:logGet(43)) - raft.server.log.statemachine.data.sync = true (default)
2019-07-13 07:45:41,980 INFO  server.RaftServerConfigKeys (ConfUtils.java:logGet(43)) - raft.server.log.statemachine.data.sync.timeout = 10s (default)
2019-07-13 07:45:41,980 INFO  server.RaftServerConfigKeys (ConfUtils.java:logGet(43)) - raft.server.log.statemachine.data.sync.timeout.retry = -1 (default)
2019-07-13 07:45:41,980 INFO  server.RaftServerConfigKeys (ConfUtils.java:logGet(43)) - raft.server.log.statemachine.data.caching.enabled = true (custom)
2019-07-13 07:45:41,981 INFO  segmented.SegmentedRaftLogWorker (SegmentedRaftLogWorker.java:lambda$new$0(132)) - 7ba46cb1-1a35-4258-aa91-dac5fff72408-SegmentedRaftLogWorker:Storage Directory /tmp/workdir/hadoop-ozone/integration-test/target/test-dir/MiniOzoneClusterImpl-5ac1d508-1700-49a1-8f37-e4cad1a6cc92/datanode-6/data/ratis/9d4db4e5-2718-45ce-91c2-a6cf8f381e9f: flushIndex: setUnconditionally 0 -> -1
2019-07-13 07:45:41,981 INFO  server.RaftServerConfigKeys (ConfUtils.java:logGet(43)) - raft.server.snapshot.auto.trigger.enabled = true (custom)
2019-07-13 07:45:41,981 INFO  server.RaftServerConfigKeys (ConfUtils.java:logGet(43)) - raft.server.snapshot.auto.trigger.threshold = 10000 (custom)
2019-07-13 07:45:41,981 INFO  server.RaftServerConfigKeys (ConfUtils.java:logGet(43)) - raft.server.retrycache.expirytime = 600000ms (custom)
2019-07-13 07:45:41,982 INFO  impl.RaftServerImpl (RaftServerImpl.java:start(180)) - 7ba46cb1-1a35-4258-aa91-dac5fff72408: start group-A6CF8F381E9F
2019-07-13 07:45:41,982 INFO  impl.RaftServerImpl (RaftServerImpl.java:setRole(171)) - 7ba46cb1-1a35-4258-aa91-dac5fff72408:group-A6CF8F381E9F changes role from null to FOLLOWER at term 0 for startAsFollower
2019-07-13 07:45:41,982 INFO  impl.RoleInfo (RoleInfo.java:updateAndGet(143)) - 7ba46cb1-1a35-4258-aa91-dac5fff72408: start FollowerState
2019-07-13 07:45:41,983 INFO  util.JmxRegister (JmxRegister.java:tryRegister(44)) - Successfully registered JMX Bean with object name Ratis:service=RaftServer,group=group-A6CF8F381E9F,id=7ba46cb1-1a35-4258-aa91-dac5fff72408
2019-07-13 07:45:41,998 INFO  pipeline.PipelineStateManager (PipelineStateManager.java:addPipeline(56)) - Created pipeline Pipeline[ Id: 9d4db4e5-2718-45ce-91c2-a6cf8f381e9f, Nodes: 7ba46cb1-1a35-4258-aa91-dac5fff72408{ip: 192.168.69.84, host: trunk-nightly-9lh4p-2362225927, networkLocation: /default-rack, certSerialId: null}, Type:RATIS, Factor:ONE, State:OPEN]
2019-07-13 07:45:42,022 INFO  impl.RaftServerProxy (RaftServerProxy.java:addNew(89)) - c19ba71b-66e7-4db4-b375-62e358c85a29: addNew group-D0CA664C1CAB:[c19ba71b-66e7-4db4-b375-62e358c85a29:192.168.69.84:43437] returns group-D0CA664C1CAB:java.util.concurrent.CompletableFuture@16375e60[Not completed]
2019-07-13 07:45:42,023 INFO  impl.RaftServerImpl (RaftServerImpl.java:<init>(93)) - c19ba71b-66e7-4db4-b375-62e358c85a29: new RaftServerImpl for group-D0CA664C1CAB:[c19ba71b-66e7-4db4-b375-62e358c85a29:192.168.69.84:43437] with ContainerStateMachine:uninitialized
2019-07-13 07:45:42,023 INFO  server.RaftServerConfigKeys (ConfUtils.java:logGet(43)) - raft.server.rpc.timeout.min = 5s (custom)
2019-07-13 07:45:42,024 INFO  server.RaftServerConfigKeys (ConfUtils.java:logGet(43)) - raft.server.rpc.timeout.max = 5200ms (custom)
2019-07-13 07:45:42,024 INFO  server.RaftServerConfigKeys (ConfUtils.java:logGet(43)) - raft.server.rpcslowness.timeout = 120s (custom)
2019-07-13 07:45:42,024 INFO  server.RaftServerConfigKeys (ConfUtils.java:logGet(43)) - raft.server.sleep.deviation.threshold = 300 (default)
2019-07-13 07:45:42,024 INFO  server.RaftServerConfigKeys (ConfUtils.java:logGet(43)) - raft.server.log.appender.install.snapshot.enabled = false (custom)
2019-07-13 07:45:42,024 INFO  impl.RaftServerImpl (ServerState.java:<init>(105)) - c19ba71b-66e7-4db4-b375-62e358c85a29:group-D0CA664C1CAB ConfigurationManager, init=-1: [c19ba71b-66e7-4db4-b375-62e358c85a29:192.168.69.84:43437], old=null, confs=<EMPTY_MAP>
2019-07-13 07:45:42,025 INFO  server.RaftServerConfigKeys (ConfUtils.java:logGet(43)) - raft.server.storage.dir = [/tmp/workdir/hadoop-ozone/integration-test/target/test-dir/MiniOzoneClusterImpl-5ac1d508-1700-49a1-8f37-e4cad1a6cc92/datanode-2/data/ratis] (custom)
2019-07-13 07:45:42,025 INFO  storage.RaftStorageDirectory (RaftStorageDirectory.java:analyzeStorage(246)) - The storage directory /tmp/workdir/hadoop-ozone/integration-test/target/test-dir/MiniOzoneClusterImpl-5ac1d508-1700-49a1-8f37-e4cad1a6cc92/datanode-2/data/ratis/970aa736-68a3-450f-b61c-d0ca664c1cab does not exist. Creating ...
2019-07-13 07:45:42,046 INFO  storage.RaftStorageDirectory (RaftStorageDirectory.java:tryLock(328)) - Lock on /tmp/workdir/hadoop-ozone/integration-test/target/test-dir/MiniOzoneClusterImpl-5ac1d508-1700-49a1-8f37-e4cad1a6cc92/datanode-2/data/ratis/970aa736-68a3-450f-b61c-d0ca664c1cab/in_use.lock acquired by nodename 17101@trunk-nightly-9lh4p-2362225927
2019-07-13 07:45:42,060 INFO  storage.RaftStorage (RaftStorage.java:format(72)) - Storage directory /tmp/workdir/hadoop-ozone/integration-test/target/test-dir/MiniOzoneClusterImpl-5ac1d508-1700-49a1-8f37-e4cad1a6cc92/datanode-2/data/ratis/970aa736-68a3-450f-b61c-d0ca664c1cab has been successfully formatted.
2019-07-13 07:45:42,060 INFO  ratis.ContainerStateMachine (ContainerStateMachine.java:loadSnapshot(200)) - The snapshot info is null.Setting the last applied index to:(t:0, i:~)
2019-07-13 07:45:42,060 INFO  server.RaftServerConfigKeys (ConfUtils.java:logGet(43)) - raft.server.leader.election.timeout = 120s (custom)
2019-07-13 07:45:42,060 INFO  server.RaftServerConfigKeys (ConfUtils.java:logGet(43)) - raft.server.log.use.memory = false (default)
2019-07-13 07:45:42,061 INFO  server.RaftServerConfigKeys (ConfUtils.java:logGet(43)) - raft.server.log.purge.gap = 1000000000 (custom)
2019-07-13 07:45:42,061 INFO  server.RaftServerConfigKeys (ConfUtils.java:logGet(43)) - raft.server.log.appender.buffer.byte-limit = 33554432 (custom)
2019-07-13 07:45:42,061 INFO  server.RaftServerConfigKeys (ConfUtils.java:logGet(43)) - raft.server.log.segment.size.max = 1048576 (custom)
2019-07-13 07:45:42,061 INFO  server.RaftServerConfigKeys (ConfUtils.java:logGet(43)) - raft.server.log.segment.cache.num.max = 2 (custom)
2019-07-13 07:45:42,061 INFO  segmented.SegmentedRaftLogWorker (SegmentedRaftLogWorker.java:<init>(172)) - new c19ba71b-66e7-4db4-b375-62e358c85a29-SegmentedRaftLogWorker:Storage Directory /tmp/workdir/hadoop-ozone/integration-test/target/test-dir/MiniOzoneClusterImpl-5ac1d508-1700-49a1-8f37-e4cad1a6cc92/datanode-2/data/ratis/970aa736-68a3-450f-b61c-d0ca664c1cab for RaftStorage:Storage Directory /tmp/workdir/hadoop-ozone/integration-test/target/test-dir/MiniOzoneClusterImpl-5ac1d508-1700-49a1-8f37-e4cad1a6cc92/datanode-2/data/ratis/970aa736-68a3-450f-b61c-d0ca664c1cab
2019-07-13 07:45:42,062 INFO  server.RaftServerConfigKeys (ConfUtils.java:logGet(43)) - raft.server.log.queue.byte-limit = 2147483647 (custom)
2019-07-13 07:45:42,062 INFO  server.RaftServerConfigKeys (ConfUtils.java:logGet(43)) - raft.server.log.queue.element-limit = 1024 (custom)
2019-07-13 07:45:42,062 INFO  server.RaftServerConfigKeys (ConfUtils.java:logGet(43)) - raft.server.log.segment.size.max = 1048576 (custom)
2019-07-13 07:45:42,062 INFO  server.RaftServerConfigKeys (ConfUtils.java:logGet(43)) - raft.server.log.preallocated.size = 16384 (custom)
2019-07-13 07:45:42,062 INFO  server.RaftServerConfigKeys (ConfUtils.java:logGet(43)) - raft.server.log.write.buffer.size = 33554432 (custom)
2019-07-13 07:45:42,063 INFO  server.RaftServerConfigKeys (ConfUtils.java:logGet(43)) - raft.server.log.force.sync.num = 128 (default)
2019-07-13 07:45:42,063 INFO  server.RaftServerConfigKeys (ConfUtils.java:logGet(43)) - raft.server.log.statemachine.data.sync = true (default)
2019-07-13 07:45:42,063 INFO  server.RaftServerConfigKeys (ConfUtils.java:logGet(43)) - raft.server.log.statemachine.data.sync.timeout = 10s (default)
2019-07-13 07:45:42,063 INFO  server.RaftServerConfigKeys (ConfUtils.java:logGet(43)) - raft.server.log.statemachine.data.sync.timeout.retry = -1 (default)
2019-07-13 07:45:42,064 INFO  server.RaftServerConfigKeys (ConfUtils.java:logGet(43)) - raft.server.log.statemachine.data.caching.enabled = true (custom)
2019-07-13 07:45:42,064 INFO  segmented.SegmentedRaftLogWorker (SegmentedRaftLogWorker.java:lambda$new$0(132)) - c19ba71b-66e7-4db4-b375-62e358c85a29-SegmentedRaftLogWorker:Storage Directory /tmp/workdir/hadoop-ozone/integration-test/target/test-dir/MiniOzoneClusterImpl-5ac1d508-1700-49a1-8f37-e4cad1a6cc92/datanode-2/data/ratis/970aa736-68a3-450f-b61c-d0ca664c1cab: flushIndex: setUnconditionally 0 -> -1
2019-07-13 07:45:42,064 INFO  server.RaftServerConfigKeys (ConfUtils.java:logGet(43)) - raft.server.snapshot.auto.trigger.enabled = true (custom)
2019-07-13 07:45:42,065 INFO  server.RaftServerConfigKeys (ConfUtils.java:logGet(43)) - raft.server.snapshot.auto.trigger.threshold = 10000 (custom)
2019-07-13 07:45:42,065 INFO  server.RaftServerConfigKeys (ConfUtils.java:logGet(43)) - raft.server.retrycache.expirytime = 600000ms (custom)
2019-07-13 07:45:42,065 INFO  impl.RaftServerImpl (RaftServerImpl.java:start(180)) - c19ba71b-66e7-4db4-b375-62e358c85a29: start group-D0CA664C1CAB
2019-07-13 07:45:42,065 INFO  impl.RaftServerImpl (RaftServerImpl.java:setRole(171)) - c19ba71b-66e7-4db4-b375-62e358c85a29:group-D0CA664C1CAB changes role from null to FOLLOWER at term 0 for startAsFollower
2019-07-13 07:45:42,065 INFO  impl.RoleInfo (RoleInfo.java:updateAndGet(143)) - c19ba71b-66e7-4db4-b375-62e358c85a29: start FollowerState
2019-07-13 07:45:42,066 INFO  util.JmxRegister (JmxRegister.java:tryRegister(44)) - Successfully registered JMX Bean with object name Ratis:service=RaftServer,group=group-D0CA664C1CAB,id=c19ba71b-66e7-4db4-b375-62e358c85a29
2019-07-13 07:45:42,082 INFO  pipeline.PipelineStateManager (PipelineStateManager.java:addPipeline(56)) - Created pipeline Pipeline[ Id: 970aa736-68a3-450f-b61c-d0ca664c1cab, Nodes: c19ba71b-66e7-4db4-b375-62e358c85a29{ip: 192.168.69.84, host: trunk-nightly-9lh4p-2362225927, networkLocation: /default-rack, certSerialId: null}, Type:RATIS, Factor:ONE, State:OPEN]
2019-07-13 07:45:42,108 INFO  impl.RaftServerProxy (RaftServerProxy.java:addNew(89)) - 209f1d8d-4964-4543-a1ce-63909dc5ac44: addNew group-F8E847448D5A:[209f1d8d-4964-4543-a1ce-63909dc5ac44:192.168.69.84:39962] returns group-F8E847448D5A:java.util.concurrent.CompletableFuture@7e2edaef[Not completed]
2019-07-13 07:45:42,110 INFO  impl.RaftServerImpl (RaftServerImpl.java:<init>(93)) - 209f1d8d-4964-4543-a1ce-63909dc5ac44: new RaftServerImpl for group-F8E847448D5A:[209f1d8d-4964-4543-a1ce-63909dc5ac44:192.168.69.84:39962] with ContainerStateMachine:uninitialized
2019-07-13 07:45:42,110 INFO  server.RaftServerConfigKeys (ConfUtils.java:logGet(43)) - raft.server.rpc.timeout.min = 5s (custom)
2019-07-13 07:45:42,110 INFO  server.RaftServerConfigKeys (ConfUtils.java:logGet(43)) - raft.server.rpc.timeout.max = 5200ms (custom)
2019-07-13 07:45:42,110 INFO  server.RaftServerConfigKeys (ConfUtils.java:logGet(43)) - raft.server.rpcslowness.timeout = 120s (custom)
2019-07-13 07:45:42,110 INFO  server.RaftServerConfigKeys (ConfUtils.java:logGet(43)) - raft.server.sleep.deviation.threshold = 300 (default)
2019-07-13 07:45:42,111 INFO  server.RaftServerConfigKeys (ConfUtils.java:logGet(43)) - raft.server.log.appender.install.snapshot.enabled = false (custom)
2019-07-13 07:45:42,111 INFO  impl.RaftServerImpl (ServerState.java:<init>(105)) - 209f1d8d-4964-4543-a1ce-63909dc5ac44:group-F8E847448D5A ConfigurationManager, init=-1: [209f1d8d-4964-4543-a1ce-63909dc5ac44:192.168.69.84:39962], old=null, confs=<EMPTY_MAP>
2019-07-13 07:45:42,111 INFO  server.RaftServerConfigKeys (ConfUtils.java:logGet(43)) - raft.server.storage.dir = [/tmp/workdir/hadoop-ozone/integration-test/target/test-dir/MiniOzoneClusterImpl-5ac1d508-1700-49a1-8f37-e4cad1a6cc92/datanode-1/data/ratis] (custom)
2019-07-13 07:45:42,112 INFO  storage.RaftStorageDirectory (RaftStorageDirectory.java:analyzeStorage(246)) - The storage directory /tmp/workdir/hadoop-ozone/integration-test/target/test-dir/MiniOzoneClusterImpl-5ac1d508-1700-49a1-8f37-e4cad1a6cc92/datanode-1/data/ratis/3da8acbd-f03e-4ea5-9166-f8e847448d5a does not exist. Creating ...
2019-07-13 07:45:42,125 INFO  storage.RaftStorageDirectory (RaftStorageDirectory.java:tryLock(328)) - Lock on /tmp/workdir/hadoop-ozone/integration-test/target/test-dir/MiniOzoneClusterImpl-5ac1d508-1700-49a1-8f37-e4cad1a6cc92/datanode-1/data/ratis/3da8acbd-f03e-4ea5-9166-f8e847448d5a/in_use.lock acquired by nodename 17101@trunk-nightly-9lh4p-2362225927
2019-07-13 07:45:42,139 INFO  storage.RaftStorage (RaftStorage.java:format(72)) - Storage directory /tmp/workdir/hadoop-ozone/integration-test/target/test-dir/MiniOzoneClusterImpl-5ac1d508-1700-49a1-8f37-e4cad1a6cc92/datanode-1/data/ratis/3da8acbd-f03e-4ea5-9166-f8e847448d5a has been successfully formatted.
2019-07-13 07:45:42,139 INFO  ratis.ContainerStateMachine (ContainerStateMachine.java:loadSnapshot(200)) - The snapshot info is null.Setting the last applied index to:(t:0, i:~)
2019-07-13 07:45:42,139 INFO  server.RaftServerConfigKeys (ConfUtils.java:logGet(43)) - raft.server.leader.election.timeout = 120s (custom)
2019-07-13 07:45:42,140 INFO  server.RaftServerConfigKeys (ConfUtils.java:logGet(43)) - raft.server.log.use.memory = false (default)
2019-07-13 07:45:42,140 INFO  server.RaftServerConfigKeys (ConfUtils.java:logGet(43)) - raft.server.log.purge.gap = 1000000000 (custom)
2019-07-13 07:45:42,140 INFO  server.RaftServerConfigKeys (ConfUtils.java:logGet(43)) - raft.server.log.appender.buffer.byte-limit = 33554432 (custom)
2019-07-13 07:45:42,140 INFO  server.RaftServerConfigKeys (ConfUtils.java:logGet(43)) - raft.server.log.segment.size.max = 1048576 (custom)
2019-07-13 07:45:42,140 INFO  server.RaftServerConfigKeys (ConfUtils.java:logGet(43)) - raft.server.log.segment.cache.num.max = 2 (custom)
2019-07-13 07:45:42,141 INFO  segmented.SegmentedRaftLogWorker (SegmentedRaftLogWorker.java:<init>(172)) - new 209f1d8d-4964-4543-a1ce-63909dc5ac44-SegmentedRaftLogWorker:Storage Directory /tmp/workdir/hadoop-ozone/integration-test/target/test-dir/MiniOzoneClusterImpl-5ac1d508-1700-49a1-8f37-e4cad1a6cc92/datanode-1/data/ratis/3da8acbd-f03e-4ea5-9166-f8e847448d5a for RaftStorage:Storage Directory /tmp/workdir/hadoop-ozone/integration-test/target/test-dir/MiniOzoneClusterImpl-5ac1d508-1700-49a1-8f37-e4cad1a6cc92/datanode-1/data/ratis/3da8acbd-f03e-4ea5-9166-f8e847448d5a
2019-07-13 07:45:42,141 INFO  server.RaftServerConfigKeys (ConfUtils.java:logGet(43)) - raft.server.log.queue.byte-limit = 2147483647 (custom)
2019-07-13 07:45:42,141 INFO  server.RaftServerConfigKeys (ConfUtils.java:logGet(43)) - raft.server.log.queue.element-limit = 1024 (custom)
2019-07-13 07:45:42,141 INFO  server.RaftServerConfigKeys (ConfUtils.java:logGet(43)) - raft.server.log.segment.size.max = 1048576 (custom)
2019-07-13 07:45:42,141 INFO  server.RaftServerConfigKeys (ConfUtils.java:logGet(43)) - raft.server.log.preallocated.size = 16384 (custom)
2019-07-13 07:45:42,142 INFO  server.RaftServerConfigKeys (ConfUtils.java:logGet(43)) - raft.server.log.write.buffer.size = 33554432 (custom)
2019-07-13 07:45:42,142 INFO  server.RaftServerConfigKeys (ConfUtils.java:logGet(43)) - raft.server.log.force.sync.num = 128 (default)
2019-07-13 07:45:42,142 INFO  server.RaftServerConfigKeys (ConfUtils.java:logGet(43)) - raft.server.log.statemachine.data.sync = true (default)
2019-07-13 07:45:42,142 INFO  server.RaftServerConfigKeys (ConfUtils.java:logGet(43)) - raft.server.log.statemachine.data.sync.timeout = 10s (default)
2019-07-13 07:45:42,142 INFO  server.RaftServerConfigKeys (ConfUtils.java:logGet(43)) - raft.server.log.statemachine.data.sync.timeout.retry = -1 (default)
2019-07-13 07:45:42,143 INFO  server.RaftServerConfigKeys (ConfUtils.java:logGet(43)) - raft.server.log.statemachine.data.caching.enabled = true (custom)
2019-07-13 07:45:42,143 INFO  segmented.SegmentedRaftLogWorker (SegmentedRaftLogWorker.java:lambda$new$0(132)) - 209f1d8d-4964-4543-a1ce-63909dc5ac44-SegmentedRaftLogWorker:Storage Directory /tmp/workdir/hadoop-ozone/integration-test/target/test-dir/MiniOzoneClusterImpl-5ac1d508-1700-49a1-8f37-e4cad1a6cc92/datanode-1/data/ratis/3da8acbd-f03e-4ea5-9166-f8e847448d5a: flushIndex: setUnconditionally 0 -> -1
2019-07-13 07:45:42,143 INFO  server.RaftServerConfigKeys (ConfUtils.java:logGet(43)) - raft.server.snapshot.auto.trigger.enabled = true (custom)
2019-07-13 07:45:42,144 INFO  server.RaftServerConfigKeys (ConfUtils.java:logGet(43)) - raft.server.snapshot.auto.trigger.threshold = 10000 (custom)
2019-07-13 07:45:42,144 INFO  server.RaftServerConfigKeys (ConfUtils.java:logGet(43)) - raft.server.retrycache.expirytime = 600000ms (custom)
2019-07-13 07:45:42,144 INFO  impl.RaftServerImpl (RaftServerImpl.java:start(180)) - 209f1d8d-4964-4543-a1ce-63909dc5ac44: start group-F8E847448D5A
2019-07-13 07:45:42,144 INFO  impl.RaftServerImpl (RaftServerImpl.java:setRole(171)) - 209f1d8d-4964-4543-a1ce-63909dc5ac44:group-F8E847448D5A changes role from null to FOLLOWER at term 0 for startAsFollower
2019-07-13 07:45:42,144 INFO  impl.RoleInfo (RoleInfo.java:updateAndGet(143)) - 209f1d8d-4964-4543-a1ce-63909dc5ac44: start FollowerState
2019-07-13 07:45:42,145 INFO  util.JmxRegister (JmxRegister.java:tryRegister(44)) - Successfully registered JMX Bean with object name Ratis:service=RaftServer,group=group-F8E847448D5A,id=209f1d8d-4964-4543-a1ce-63909dc5ac44
2019-07-13 07:45:42,157 INFO  pipeline.PipelineStateManager (PipelineStateManager.java:addPipeline(56)) - Created pipeline Pipeline[ Id: 3da8acbd-f03e-4ea5-9166-f8e847448d5a, Nodes: 209f1d8d-4964-4543-a1ce-63909dc5ac44{ip: 192.168.69.84, host: trunk-nightly-9lh4p-2362225927, networkLocation: /default-rack, certSerialId: null}, Type:RATIS, Factor:ONE, State:OPEN]
2019-07-13 07:45:42,175 INFO  impl.RaftServerProxy (RaftServerProxy.java:addNew(89)) - 292e5068-2635-4b85-ab72-b1ce48bb290d: addNew group-2123149BE747:[292e5068-2635-4b85-ab72-b1ce48bb290d:192.168.69.84:45184] returns group-2123149BE747:java.util.concurrent.CompletableFuture@60dc2ebf[Not completed]
2019-07-13 07:45:42,176 INFO  impl.RaftServerImpl (RaftServerImpl.java:<init>(93)) - 292e5068-2635-4b85-ab72-b1ce48bb290d: new RaftServerImpl for group-2123149BE747:[292e5068-2635-4b85-ab72-b1ce48bb290d:192.168.69.84:45184] with ContainerStateMachine:uninitialized
2019-07-13 07:45:42,177 INFO  server.RaftServerConfigKeys (ConfUtils.java:logGet(43)) - raft.server.rpc.timeout.min = 5s (custom)
2019-07-13 07:45:42,177 INFO  server.RaftServerConfigKeys (ConfUtils.java:logGet(43)) - raft.server.rpc.timeout.max = 5200ms (custom)
2019-07-13 07:45:42,177 INFO  server.RaftServerConfigKeys (ConfUtils.java:logGet(43)) - raft.server.rpcslowness.timeout = 120s (custom)
2019-07-13 07:45:42,177 INFO  server.RaftServerConfigKeys (ConfUtils.java:logGet(43)) - raft.server.sleep.deviation.threshold = 300 (default)
2019-07-13 07:45:42,177 INFO  server.RaftServerConfigKeys (ConfUtils.java:logGet(43)) - raft.server.log.appender.install.snapshot.enabled = false (custom)
2019-07-13 07:45:42,177 INFO  impl.RaftServerImpl (ServerState.java:<init>(105)) - 292e5068-2635-4b85-ab72-b1ce48bb290d:group-2123149BE747 ConfigurationManager, init=-1: [292e5068-2635-4b85-ab72-b1ce48bb290d:192.168.69.84:45184], old=null, confs=<EMPTY_MAP>
2019-07-13 07:45:42,178 INFO  server.RaftServerConfigKeys (ConfUtils.java:logGet(43)) - raft.server.storage.dir = [/tmp/workdir/hadoop-ozone/integration-test/target/test-dir/MiniOzoneClusterImpl-5ac1d508-1700-49a1-8f37-e4cad1a6cc92/datanode-4/data/ratis] (custom)
2019-07-13 07:45:42,178 INFO  storage.RaftStorageDirectory (RaftStorageDirectory.java:analyzeStorage(246)) - The storage directory /tmp/workdir/hadoop-ozone/integration-test/target/test-dir/MiniOzoneClusterImpl-5ac1d508-1700-49a1-8f37-e4cad1a6cc92/datanode-4/data/ratis/a761f8ed-98cc-45f7-be89-2123149be747 does not exist. Creating ...
2019-07-13 07:45:42,192 INFO  storage.RaftStorageDirectory (RaftStorageDirectory.java:tryLock(328)) - Lock on /tmp/workdir/hadoop-ozone/integration-test/target/test-dir/MiniOzoneClusterImpl-5ac1d508-1700-49a1-8f37-e4cad1a6cc92/datanode-4/data/ratis/a761f8ed-98cc-45f7-be89-2123149be747/in_use.lock acquired by nodename 17101@trunk-nightly-9lh4p-2362225927
2019-07-13 07:45:42,204 INFO  storage.RaftStorage (RaftStorage.java:format(72)) - Storage directory /tmp/workdir/hadoop-ozone/integration-test/target/test-dir/MiniOzoneClusterImpl-5ac1d508-1700-49a1-8f37-e4cad1a6cc92/datanode-4/data/ratis/a761f8ed-98cc-45f7-be89-2123149be747 has been successfully formatted.
2019-07-13 07:45:42,205 INFO  ratis.ContainerStateMachine (ContainerStateMachine.java:loadSnapshot(200)) - The snapshot info is null.Setting the last applied index to:(t:0, i:~)
2019-07-13 07:45:42,205 INFO  server.RaftServerConfigKeys (ConfUtils.java:logGet(43)) - raft.server.leader.election.timeout = 120s (custom)
2019-07-13 07:45:42,205 INFO  server.RaftServerConfigKeys (ConfUtils.java:logGet(43)) - raft.server.log.use.memory = false (default)
2019-07-13 07:45:42,205 INFO  server.RaftServerConfigKeys (ConfUtils.java:logGet(43)) - raft.server.log.purge.gap = 1000000000 (custom)
2019-07-13 07:45:42,205 INFO  server.RaftServerConfigKeys (ConfUtils.java:logGet(43)) - raft.server.log.appender.buffer.byte-limit = 33554432 (custom)
2019-07-13 07:45:42,206 INFO  server.RaftServerConfigKeys (ConfUtils.java:logGet(43)) - raft.server.log.segment.size.max = 1048576 (custom)
2019-07-13 07:45:42,206 INFO  server.RaftServerConfigKeys (ConfUtils.java:logGet(43)) - raft.server.log.segment.cache.num.max = 2 (custom)
2019-07-13 07:45:42,206 INFO  segmented.SegmentedRaftLogWorker (SegmentedRaftLogWorker.java:<init>(172)) - new 292e5068-2635-4b85-ab72-b1ce48bb290d-SegmentedRaftLogWorker:Storage Directory /tmp/workdir/hadoop-ozone/integration-test/target/test-dir/MiniOzoneClusterImpl-5ac1d508-1700-49a1-8f37-e4cad1a6cc92/datanode-4/data/ratis/a761f8ed-98cc-45f7-be89-2123149be747 for RaftStorage:Storage Directory /tmp/workdir/hadoop-ozone/integration-test/target/test-dir/MiniOzoneClusterImpl-5ac1d508-1700-49a1-8f37-e4cad1a6cc92/datanode-4/data/ratis/a761f8ed-98cc-45f7-be89-2123149be747
2019-07-13 07:45:42,206 INFO  server.RaftServerConfigKeys (ConfUtils.java:logGet(43)) - raft.server.log.queue.byte-limit = 2147483647 (custom)
2019-07-13 07:45:42,206 INFO  server.RaftServerConfigKeys (ConfUtils.java:logGet(43)) - raft.server.log.queue.element-limit = 1024 (custom)
2019-07-13 07:45:42,207 INFO  server.RaftServerConfigKeys (ConfUtils.java:logGet(43)) - raft.server.log.segment.size.max = 1048576 (custom)
2019-07-13 07:45:42,207 INFO  server.RaftServerConfigKeys (ConfUtils.java:logGet(43)) - raft.server.log.preallocated.size = 16384 (custom)
2019-07-13 07:45:42,207 INFO  server.RaftServerConfigKeys (ConfUtils.java:logGet(43)) - raft.server.log.write.buffer.size = 33554432 (custom)
2019-07-13 07:45:42,207 INFO  server.RaftServerConfigKeys (ConfUtils.java:logGet(43)) - raft.server.log.force.sync.num = 128 (default)
2019-07-13 07:45:42,207 INFO  server.RaftServerConfigKeys (ConfUtils.java:logGet(43)) - raft.server.log.statemachine.data.sync = true (default)
2019-07-13 07:45:42,207 INFO  server.RaftServerConfigKeys (ConfUtils.java:logGet(43)) - raft.server.log.statemachine.data.sync.timeout = 10s (default)
2019-07-13 07:45:42,207 INFO  server.RaftServerConfigKeys (ConfUtils.java:logGet(43)) - raft.server.log.statemachine.data.sync.timeout.retry = -1 (default)
2019-07-13 07:45:42,208 INFO  server.RaftServerConfigKeys (ConfUtils.java:logGet(43)) - raft.server.log.statemachine.data.caching.enabled = true (custom)
2019-07-13 07:45:42,208 INFO  segmented.SegmentedRaftLogWorker (SegmentedRaftLogWorker.java:lambda$new$0(132)) - 292e5068-2635-4b85-ab72-b1ce48bb290d-SegmentedRaftLogWorker:Storage Directory /tmp/workdir/hadoop-ozone/integration-test/target/test-dir/MiniOzoneClusterImpl-5ac1d508-1700-49a1-8f37-e4cad1a6cc92/datanode-4/data/ratis/a761f8ed-98cc-45f7-be89-2123149be747: flushIndex: setUnconditionally 0 -> -1
2019-07-13 07:45:42,208 INFO  server.RaftServerConfigKeys (ConfUtils.java:logGet(43)) - raft.server.snapshot.auto.trigger.enabled = true (custom)
2019-07-13 07:45:42,209 INFO  server.RaftServerConfigKeys (ConfUtils.java:logGet(43)) - raft.server.snapshot.auto.trigger.threshold = 10000 (custom)
2019-07-13 07:45:42,209 INFO  server.RaftServerConfigKeys (ConfUtils.java:logGet(43)) - raft.server.retrycache.expirytime = 600000ms (custom)
2019-07-13 07:45:42,209 INFO  impl.RaftServerImpl (RaftServerImpl.java:start(180)) - 292e5068-2635-4b85-ab72-b1ce48bb290d: start group-2123149BE747
2019-07-13 07:45:42,209 INFO  impl.RaftServerImpl (RaftServerImpl.java:setRole(171)) - 292e5068-2635-4b85-ab72-b1ce48bb290d:group-2123149BE747 changes role from null to FOLLOWER at term 0 for startAsFollower
2019-07-13 07:45:42,209 INFO  impl.RoleInfo (RoleInfo.java:updateAndGet(143)) - 292e5068-2635-4b85-ab72-b1ce48bb290d: start FollowerState
2019-07-13 07:45:42,210 INFO  util.JmxRegister (JmxRegister.java:tryRegister(44)) - Successfully registered JMX Bean with object name Ratis:service=RaftServer,group=group-2123149BE747,id=292e5068-2635-4b85-ab72-b1ce48bb290d
2019-07-13 07:45:42,226 INFO  pipeline.PipelineStateManager (PipelineStateManager.java:addPipeline(56)) - Created pipeline Pipeline[ Id: a761f8ed-98cc-45f7-be89-2123149be747, Nodes: 292e5068-2635-4b85-ab72-b1ce48bb290d{ip: 192.168.69.84, host: trunk-nightly-9lh4p-2362225927, networkLocation: /default-rack, certSerialId: null}, Type:RATIS, Factor:ONE, State:OPEN]
2019-07-13 07:45:42,257 INFO  impl.RaftServerProxy (RaftServerProxy.java:addNew(89)) - 9f00932c-fd6e-4f79-9102-0c8b0e5c90fc: addNew group-F68CC2B7F04D:[9f00932c-fd6e-4f79-9102-0c8b0e5c90fc:192.168.69.84:34108, 7ba46cb1-1a35-4258-aa91-dac5fff72408:192.168.69.84:42572, 2d959879-8814-4dda-9d68-c16227aaa522:192.168.69.84:43992] returns group-F68CC2B7F04D:java.util.concurrent.CompletableFuture@167bf1a8[Not completed]
2019-07-13 07:45:42,261 INFO  impl.RaftServerProxy (RaftServerProxy.java:addNew(89)) - 2d959879-8814-4dda-9d68-c16227aaa522: addNew group-F68CC2B7F04D:[9f00932c-fd6e-4f79-9102-0c8b0e5c90fc:192.168.69.84:34108, 7ba46cb1-1a35-4258-aa91-dac5fff72408:192.168.69.84:42572, 2d959879-8814-4dda-9d68-c16227aaa522:192.168.69.84:43992] returns group-F68CC2B7F04D:java.util.concurrent.CompletableFuture@124477bf[Not completed]
2019-07-13 07:45:42,261 INFO  impl.RaftServerImpl (RaftServerImpl.java:<init>(93)) - 9f00932c-fd6e-4f79-9102-0c8b0e5c90fc: new RaftServerImpl for group-F68CC2B7F04D:[9f00932c-fd6e-4f79-9102-0c8b0e5c90fc:192.168.69.84:34108, 7ba46cb1-1a35-4258-aa91-dac5fff72408:192.168.69.84:42572, 2d959879-8814-4dda-9d68-c16227aaa522:192.168.69.84:43992] with ContainerStateMachine:uninitialized
2019-07-13 07:45:42,261 INFO  impl.RaftServerProxy (RaftServerProxy.java:addNew(89)) - 7ba46cb1-1a35-4258-aa91-dac5fff72408: addNew group-F68CC2B7F04D:[9f00932c-fd6e-4f79-9102-0c8b0e5c90fc:192.168.69.84:34108, 7ba46cb1-1a35-4258-aa91-dac5fff72408:192.168.69.84:42572, 2d959879-8814-4dda-9d68-c16227aaa522:192.168.69.84:43992] returns group-F68CC2B7F04D:java.util.concurrent.CompletableFuture@39488f94[Not completed]
2019-07-13 07:45:42,262 INFO  server.RaftServerConfigKeys (ConfUtils.java:logGet(43)) - raft.server.rpc.timeout.min = 5s (custom)
2019-07-13 07:45:42,262 INFO  server.RaftServerConfigKeys (ConfUtils.java:logGet(43)) - raft.server.rpc.timeout.max = 5200ms (custom)
2019-07-13 07:45:42,262 INFO  server.RaftServerConfigKeys (ConfUtils.java:logGet(43)) - raft.server.rpcslowness.timeout = 120s (custom)
2019-07-13 07:45:42,262 INFO  server.RaftServerConfigKeys (ConfUtils.java:logGet(43)) - raft.server.sleep.deviation.threshold = 300 (default)
2019-07-13 07:45:42,262 INFO  server.RaftServerConfigKeys (ConfUtils.java:logGet(43)) - raft.server.log.appender.install.snapshot.enabled = false (custom)
2019-07-13 07:45:42,262 INFO  impl.RaftServerImpl (ServerState.java:<init>(105)) - 9f00932c-fd6e-4f79-9102-0c8b0e5c90fc:group-F68CC2B7F04D ConfigurationManager, init=-1: [9f00932c-fd6e-4f79-9102-0c8b0e5c90fc:192.168.69.84:34108, 7ba46cb1-1a35-4258-aa91-dac5fff72408:192.168.69.84:42572, 2d959879-8814-4dda-9d68-c16227aaa522:192.168.69.84:43992], old=null, confs=<EMPTY_MAP>
2019-07-13 07:45:42,262 INFO  server.RaftServerConfigKeys (ConfUtils.java:logGet(43)) - raft.server.storage.dir = [/tmp/workdir/hadoop-ozone/integration-test/target/test-dir/MiniOzoneClusterImpl-5ac1d508-1700-49a1-8f37-e4cad1a6cc92/datanode-5/data/ratis] (custom)
2019-07-13 07:45:42,263 INFO  impl.RaftServerImpl (RaftServerImpl.java:<init>(93)) - 2d959879-8814-4dda-9d68-c16227aaa522: new RaftServerImpl for group-F68CC2B7F04D:[9f00932c-fd6e-4f79-9102-0c8b0e5c90fc:192.168.69.84:34108, 7ba46cb1-1a35-4258-aa91-dac5fff72408:192.168.69.84:42572, 2d959879-8814-4dda-9d68-c16227aaa522:192.168.69.84:43992] with ContainerStateMachine:uninitialized
2019-07-13 07:45:42,263 INFO  storage.RaftStorageDirectory (RaftStorageDirectory.java:analyzeStorage(246)) - The storage directory /tmp/workdir/hadoop-ozone/integration-test/target/test-dir/MiniOzoneClusterImpl-5ac1d508-1700-49a1-8f37-e4cad1a6cc92/datanode-5/data/ratis/410a1400-7357-4be7-bd73-f68cc2b7f04d does not exist. Creating ...
2019-07-13 07:45:42,263 INFO  server.RaftServerConfigKeys (ConfUtils.java:logGet(43)) - raft.server.rpc.timeout.min = 5s (custom)
2019-07-13 07:45:42,263 INFO  server.RaftServerConfigKeys (ConfUtils.java:logGet(43)) - raft.server.rpc.timeout.max = 5200ms (custom)
2019-07-13 07:45:42,263 INFO  impl.RaftServerImpl (RaftServerImpl.java:<init>(93)) - 7ba46cb1-1a35-4258-aa91-dac5fff72408: new RaftServerImpl for group-F68CC2B7F04D:[9f00932c-fd6e-4f79-9102-0c8b0e5c90fc:192.168.69.84:34108, 7ba46cb1-1a35-4258-aa91-dac5fff72408:192.168.69.84:42572, 2d959879-8814-4dda-9d68-c16227aaa522:192.168.69.84:43992] with ContainerStateMachine:uninitialized
2019-07-13 07:45:42,263 INFO  server.RaftServerConfigKeys (ConfUtils.java:logGet(43)) - raft.server.rpcslowness.timeout = 120s (custom)
2019-07-13 07:45:42,263 INFO  server.RaftServerConfigKeys (ConfUtils.java:logGet(43)) - raft.server.rpc.timeout.min = 5s (custom)
2019-07-13 07:45:42,264 INFO  server.RaftServerConfigKeys (ConfUtils.java:logGet(43)) - raft.server.sleep.deviation.threshold = 300 (default)
2019-07-13 07:45:42,264 INFO  server.RaftServerConfigKeys (ConfUtils.java:logGet(43)) - raft.server.rpc.timeout.max = 5200ms (custom)
2019-07-13 07:45:42,264 INFO  server.RaftServerConfigKeys (ConfUtils.java:logGet(43)) - raft.server.log.appender.install.snapshot.enabled = false (custom)
2019-07-13 07:45:42,264 INFO  server.RaftServerConfigKeys (ConfUtils.java:logGet(43)) - raft.server.rpcslowness.timeout = 120s (custom)
2019-07-13 07:45:42,264 INFO  impl.RaftServerImpl (ServerState.java:<init>(105)) - 2d959879-8814-4dda-9d68-c16227aaa522:group-F68CC2B7F04D ConfigurationManager, init=-1: [9f00932c-fd6e-4f79-9102-0c8b0e5c90fc:192.168.69.84:34108, 7ba46cb1-1a35-4258-aa91-dac5fff72408:192.168.69.84:42572, 2d959879-8814-4dda-9d68-c16227aaa522:192.168.69.84:43992], old=null, confs=<EMPTY_MAP>
2019-07-13 07:45:42,264 INFO  server.RaftServerConfigKeys (ConfUtils.java:logGet(43)) - raft.server.sleep.deviation.threshold = 300 (default)
2019-07-13 07:45:42,264 INFO  server.RaftServerConfigKeys (ConfUtils.java:logGet(43)) - raft.server.log.appender.install.snapshot.enabled = false (custom)
2019-07-13 07:45:42,264 INFO  server.RaftServerConfigKeys (ConfUtils.java:logGet(43)) - raft.server.storage.dir = [/tmp/workdir/hadoop-ozone/integration-test/target/test-dir/MiniOzoneClusterImpl-5ac1d508-1700-49a1-8f37-e4cad1a6cc92/datanode-3/data/ratis] (custom)
2019-07-13 07:45:42,265 INFO  impl.RaftServerImpl (ServerState.java:<init>(105)) - 7ba46cb1-1a35-4258-aa91-dac5fff72408:group-F68CC2B7F04D ConfigurationManager, init=-1: [9f00932c-fd6e-4f79-9102-0c8b0e5c90fc:192.168.69.84:34108, 7ba46cb1-1a35-4258-aa91-dac5fff72408:192.168.69.84:42572, 2d959879-8814-4dda-9d68-c16227aaa522:192.168.69.84:43992], old=null, confs=<EMPTY_MAP>
2019-07-13 07:45:42,265 INFO  server.RaftServerConfigKeys (ConfUtils.java:logGet(43)) - raft.server.storage.dir = [/tmp/workdir/hadoop-ozone/integration-test/target/test-dir/MiniOzoneClusterImpl-5ac1d508-1700-49a1-8f37-e4cad1a6cc92/datanode-6/data/ratis] (custom)
2019-07-13 07:45:42,265 INFO  storage.RaftStorageDirectory (RaftStorageDirectory.java:analyzeStorage(246)) - The storage directory /tmp/workdir/hadoop-ozone/integration-test/target/test-dir/MiniOzoneClusterImpl-5ac1d508-1700-49a1-8f37-e4cad1a6cc92/datanode-3/data/ratis/410a1400-7357-4be7-bd73-f68cc2b7f04d does not exist. Creating ...
2019-07-13 07:45:42,265 INFO  storage.RaftStorageDirectory (RaftStorageDirectory.java:analyzeStorage(246)) - The storage directory /tmp/workdir/hadoop-ozone/integration-test/target/test-dir/MiniOzoneClusterImpl-5ac1d508-1700-49a1-8f37-e4cad1a6cc92/datanode-6/data/ratis/410a1400-7357-4be7-bd73-f68cc2b7f04d does not exist. Creating ...
2019-07-13 07:45:42,276 INFO  storage.RaftStorageDirectory (RaftStorageDirectory.java:tryLock(328)) - Lock on /tmp/workdir/hadoop-ozone/integration-test/target/test-dir/MiniOzoneClusterImpl-5ac1d508-1700-49a1-8f37-e4cad1a6cc92/datanode-5/data/ratis/410a1400-7357-4be7-bd73-f68cc2b7f04d/in_use.lock acquired by nodename 17101@trunk-nightly-9lh4p-2362225927
2019-07-13 07:45:42,276 INFO  storage.RaftStorageDirectory (RaftStorageDirectory.java:tryLock(328)) - Lock on /tmp/workdir/hadoop-ozone/integration-test/target/test-dir/MiniOzoneClusterImpl-5ac1d508-1700-49a1-8f37-e4cad1a6cc92/datanode-6/data/ratis/410a1400-7357-4be7-bd73-f68cc2b7f04d/in_use.lock acquired by nodename 17101@trunk-nightly-9lh4p-2362225927
2019-07-13 07:45:42,276 INFO  storage.RaftStorageDirectory (RaftStorageDirectory.java:tryLock(328)) - Lock on /tmp/workdir/hadoop-ozone/integration-test/target/test-dir/MiniOzoneClusterImpl-5ac1d508-1700-49a1-8f37-e4cad1a6cc92/datanode-3/data/ratis/410a1400-7357-4be7-bd73-f68cc2b7f04d/in_use.lock acquired by nodename 17101@trunk-nightly-9lh4p-2362225927
2019-07-13 07:45:42,289 INFO  storage.RaftStorage (RaftStorage.java:format(72)) - Storage directory /tmp/workdir/hadoop-ozone/integration-test/target/test-dir/MiniOzoneClusterImpl-5ac1d508-1700-49a1-8f37-e4cad1a6cc92/datanode-5/data/ratis/410a1400-7357-4be7-bd73-f68cc2b7f04d has been successfully formatted.
2019-07-13 07:45:42,289 INFO  storage.RaftStorage (RaftStorage.java:format(72)) - Storage directory /tmp/workdir/hadoop-ozone/integration-test/target/test-dir/MiniOzoneClusterImpl-5ac1d508-1700-49a1-8f37-e4cad1a6cc92/datanode-6/data/ratis/410a1400-7357-4be7-bd73-f68cc2b7f04d has been successfully formatted.
2019-07-13 07:45:42,289 INFO  storage.RaftStorage (RaftStorage.java:format(72)) - Storage directory /tmp/workdir/hadoop-ozone/integration-test/target/test-dir/MiniOzoneClusterImpl-5ac1d508-1700-49a1-8f37-e4cad1a6cc92/datanode-3/data/ratis/410a1400-7357-4be7-bd73-f68cc2b7f04d has been successfully formatted.
2019-07-13 07:45:42,290 INFO  ratis.ContainerStateMachine (ContainerStateMachine.java:loadSnapshot(200)) - The snapshot info is null.Setting the last applied index to:(t:0, i:~)
2019-07-13 07:45:42,290 INFO  ratis.ContainerStateMachine (ContainerStateMachine.java:loadSnapshot(200)) - The snapshot info is null.Setting the last applied index to:(t:0, i:~)
2019-07-13 07:45:42,290 INFO  server.RaftServerConfigKeys (ConfUtils.java:logGet(43)) - raft.server.leader.election.timeout = 120s (custom)
2019-07-13 07:45:42,290 INFO  ratis.ContainerStateMachine (ContainerStateMachine.java:loadSnapshot(200)) - The snapshot info is null.Setting the last applied index to:(t:0, i:~)
2019-07-13 07:45:42,290 INFO  server.RaftServerConfigKeys (ConfUtils.java:logGet(43)) - raft.server.log.use.memory = false (default)
2019-07-13 07:45:42,290 INFO  server.RaftServerConfigKeys (ConfUtils.java:logGet(43)) - raft.server.leader.election.timeout = 120s (custom)
2019-07-13 07:45:42,291 INFO  server.RaftServerConfigKeys (ConfUtils.java:logGet(43)) - raft.server.log.purge.gap = 1000000000 (custom)
2019-07-13 07:45:42,291 INFO  server.RaftServerConfigKeys (ConfUtils.java:logGet(43)) - raft.server.leader.election.timeout = 120s (custom)
2019-07-13 07:45:42,291 INFO  server.RaftServerConfigKeys (ConfUtils.java:logGet(43)) - raft.server.log.appender.buffer.byte-limit = 33554432 (custom)
2019-07-13 07:45:42,291 INFO  server.RaftServerConfigKeys (ConfUtils.java:logGet(43)) - raft.server.log.use.memory = false (default)
2019-07-13 07:45:42,291 INFO  server.RaftServerConfigKeys (ConfUtils.java:logGet(43)) - raft.server.log.segment.size.max = 1048576 (custom)
2019-07-13 07:45:42,291 INFO  server.RaftServerConfigKeys (ConfUtils.java:logGet(43)) - raft.server.log.use.memory = false (default)
2019-07-13 07:45:42,292 INFO  server.RaftServerConfigKeys (ConfUtils.java:logGet(43)) - raft.server.log.segment.cache.num.max = 2 (custom)
2019-07-13 07:45:42,291 INFO  server.RaftServerConfigKeys (ConfUtils.java:logGet(43)) - raft.server.log.purge.gap = 1000000000 (custom)
2019-07-13 07:45:42,292 INFO  segmented.SegmentedRaftLogWorker (SegmentedRaftLogWorker.java:<init>(172)) - new 7ba46cb1-1a35-4258-aa91-dac5fff72408-SegmentedRaftLogWorker:Storage Directory /tmp/workdir/hadoop-ozone/integration-test/target/test-dir/MiniOzoneClusterImpl-5ac1d508-1700-49a1-8f37-e4cad1a6cc92/datanode-6/data/ratis/410a1400-7357-4be7-bd73-f68cc2b7f04d for RaftStorage:Storage Directory /tmp/workdir/hadoop-ozone/integration-test/target/test-dir/MiniOzoneClusterImpl-5ac1d508-1700-49a1-8f37-e4cad1a6cc92/datanode-6/data/ratis/410a1400-7357-4be7-bd73-f68cc2b7f04d
2019-07-13 07:45:42,292 INFO  server.RaftServerConfigKeys (ConfUtils.java:logGet(43)) - raft.server.log.purge.gap = 1000000000 (custom)
2019-07-13 07:45:42,292 INFO  server.RaftServerConfigKeys (ConfUtils.java:logGet(43)) - raft.server.log.queue.byte-limit = 2147483647 (custom)
2019-07-13 07:45:42,292 INFO  server.RaftServerConfigKeys (ConfUtils.java:logGet(43)) - raft.server.log.appender.buffer.byte-limit = 33554432 (custom)
2019-07-13 07:45:42,294 INFO  server.RaftServerConfigKeys (ConfUtils.java:logGet(43)) - raft.server.log.queue.element-limit = 1024 (custom)
2019-07-13 07:45:42,292 INFO  server.RaftServerConfigKeys (ConfUtils.java:logGet(43)) - raft.server.log.appender.buffer.byte-limit = 33554432 (custom)
2019-07-13 07:45:42,294 INFO  server.RaftServerConfigKeys (ConfUtils.java:logGet(43)) - raft.server.log.segment.size.max = 1048576 (custom)
2019-07-13 07:45:42,294 INFO  server.RaftServerConfigKeys (ConfUtils.java:logGet(43)) - raft.server.log.segment.size.max = 1048576 (custom)
2019-07-13 07:45:42,295 INFO  server.RaftServerConfigKeys (ConfUtils.java:logGet(43)) - raft.server.log.preallocated.size = 16384 (custom)
2019-07-13 07:45:42,295 INFO  server.RaftServerConfigKeys (ConfUtils.java:logGet(43)) - raft.server.log.segment.size.max = 1048576 (custom)
2019-07-13 07:45:42,295 INFO  server.RaftServerConfigKeys (ConfUtils.java:logGet(43)) - raft.server.log.write.buffer.size = 33554432 (custom)
2019-07-13 07:45:42,295 INFO  server.RaftServerConfigKeys (ConfUtils.java:logGet(43)) - raft.server.log.segment.cache.num.max = 2 (custom)
2019-07-13 07:45:42,295 INFO  server.RaftServerConfigKeys (ConfUtils.java:logGet(43)) - raft.server.log.force.sync.num = 128 (default)
2019-07-13 07:45:42,295 INFO  server.RaftServerConfigKeys (ConfUtils.java:logGet(43)) - raft.server.log.segment.cache.num.max = 2 (custom)
2019-07-13 07:45:42,296 INFO  server.RaftServerConfigKeys (ConfUtils.java:logGet(43)) - raft.server.log.statemachine.data.sync = true (default)
2019-07-13 07:45:42,295 INFO  segmented.SegmentedRaftLogWorker (SegmentedRaftLogWorker.java:<init>(172)) - new 9f00932c-fd6e-4f79-9102-0c8b0e5c90fc-SegmentedRaftLogWorker:Storage Directory /tmp/workdir/hadoop-ozone/integration-test/target/test-dir/MiniOzoneClusterImpl-5ac1d508-1700-49a1-8f37-e4cad1a6cc92/datanode-5/data/ratis/410a1400-7357-4be7-bd73-f68cc2b7f04d for RaftStorage:Storage Directory /tmp/workdir/hadoop-ozone/integration-test/target/test-dir/MiniOzoneClusterImpl-5ac1d508-1700-49a1-8f37-e4cad1a6cc92/datanode-5/data/ratis/410a1400-7357-4be7-bd73-f68cc2b7f04d
2019-07-13 07:45:42,296 INFO  server.RaftServerConfigKeys (ConfUtils.java:logGet(43)) - raft.server.log.statemachine.data.sync.timeout = 10s (default)
2019-07-13 07:45:42,296 INFO  segmented.SegmentedRaftLogWorker (SegmentedRaftLogWorker.java:<init>(172)) - new 2d959879-8814-4dda-9d68-c16227aaa522-SegmentedRaftLogWorker:Storage Directory /tmp/workdir/hadoop-ozone/integration-test/target/test-dir/MiniOzoneClusterImpl-5ac1d508-1700-49a1-8f37-e4cad1a6cc92/datanode-3/data/ratis/410a1400-7357-4be7-bd73-f68cc2b7f04d for RaftStorage:Storage Directory /tmp/workdir/hadoop-ozone/integration-test/target/test-dir/MiniOzoneClusterImpl-5ac1d508-1700-49a1-8f37-e4cad1a6cc92/datanode-3/data/ratis/410a1400-7357-4be7-bd73-f68cc2b7f04d
2019-07-13 07:45:42,296 INFO  server.RaftServerConfigKeys (ConfUtils.java:logGet(43)) - raft.server.log.statemachine.data.sync.timeout.retry = -1 (default)
2019-07-13 07:45:42,296 INFO  server.RaftServerConfigKeys (ConfUtils.java:logGet(43)) - raft.server.log.queue.byte-limit = 2147483647 (custom)
2019-07-13 07:45:42,300 INFO  server.RaftServerConfigKeys (ConfUtils.java:logGet(43)) - raft.server.log.statemachine.data.caching.enabled = true (custom)
2019-07-13 07:45:42,298 INFO  server.RaftServerConfigKeys (ConfUtils.java:logGet(43)) - raft.server.log.queue.byte-limit = 2147483647 (custom)
2019-07-13 07:45:42,300 INFO  server.RaftServerConfigKeys (ConfUtils.java:logGet(43)) - raft.server.log.queue.element-limit = 1024 (custom)
2019-07-13 07:45:42,300 INFO  server.RaftServerConfigKeys (ConfUtils.java:logGet(43)) - raft.server.log.queue.element-limit = 1024 (custom)
2019-07-13 07:45:42,300 INFO  segmented.SegmentedRaftLogWorker (SegmentedRaftLogWorker.java:lambda$new$0(132)) - 7ba46cb1-1a35-4258-aa91-dac5fff72408-SegmentedRaftLogWorker:Storage Directory /tmp/workdir/hadoop-ozone/integration-test/target/test-dir/MiniOzoneClusterImpl-5ac1d508-1700-49a1-8f37-e4cad1a6cc92/datanode-6/data/ratis/410a1400-7357-4be7-bd73-f68cc2b7f04d: flushIndex: setUnconditionally 0 -> -1
2019-07-13 07:45:42,301 INFO  server.RaftServerConfigKeys (ConfUtils.java:logGet(43)) - raft.server.log.segment.size.max = 1048576 (custom)
2019-07-13 07:45:42,300 INFO  server.RaftServerConfigKeys (ConfUtils.java:logGet(43)) - raft.server.log.segment.size.max = 1048576 (custom)
2019-07-13 07:45:42,301 INFO  server.RaftServerConfigKeys (ConfUtils.java:logGet(43)) - raft.server.snapshot.auto.trigger.enabled = true (custom)
2019-07-13 07:45:42,301 INFO  server.RaftServerConfigKeys (ConfUtils.java:logGet(43)) - raft.server.log.preallocated.size = 16384 (custom)
2019-07-13 07:45:42,301 INFO  server.RaftServerConfigKeys (ConfUtils.java:logGet(43)) - raft.server.log.preallocated.size = 16384 (custom)
2019-07-13 07:45:42,301 INFO  server.RaftServerConfigKeys (ConfUtils.java:logGet(43)) - raft.server.log.write.buffer.size = 33554432 (custom)
2019-07-13 07:45:42,301 INFO  server.RaftServerConfigKeys (ConfUtils.java:logGet(43)) - raft.server.snapshot.auto.trigger.threshold = 10000 (custom)
2019-07-13 07:45:42,301 INFO  server.RaftServerConfigKeys (ConfUtils.java:logGet(43)) - raft.server.log.force.sync.num = 128 (default)
2019-07-13 07:45:42,302 INFO  server.RaftServerConfigKeys (ConfUtils.java:logGet(43)) - raft.server.log.statemachine.data.sync = true (default)
2019-07-13 07:45:42,301 INFO  server.RaftServerConfigKeys (ConfUtils.java:logGet(43)) - raft.server.log.write.buffer.size = 33554432 (custom)
2019-07-13 07:45:42,302 INFO  server.RaftServerConfigKeys (ConfUtils.java:logGet(43)) - raft.server.log.statemachine.data.sync.timeout = 10s (default)
2019-07-13 07:45:42,302 INFO  server.RaftServerConfigKeys (ConfUtils.java:logGet(43)) - raft.server.retrycache.expirytime = 600000ms (custom)
2019-07-13 07:45:42,302 INFO  server.RaftServerConfigKeys (ConfUtils.java:logGet(43)) - raft.server.log.statemachine.data.sync.timeout.retry = -1 (default)
2019-07-13 07:45:42,302 INFO  server.RaftServerConfigKeys (ConfUtils.java:logGet(43)) - raft.server.log.force.sync.num = 128 (default)
2019-07-13 07:45:42,302 INFO  server.RaftServerConfigKeys (ConfUtils.java:logGet(43)) - raft.server.log.statemachine.data.caching.enabled = true (custom)
2019-07-13 07:45:42,302 INFO  impl.RaftServerImpl (RaftServerImpl.java:start(180)) - 7ba46cb1-1a35-4258-aa91-dac5fff72408: start group-F68CC2B7F04D
2019-07-13 07:45:42,302 INFO  server.RaftServerConfigKeys (ConfUtils.java:logGet(43)) - raft.server.log.statemachine.data.sync = true (default)
2019-07-13 07:45:42,303 INFO  impl.RaftServerImpl (RaftServerImpl.java:setRole(171)) - 7ba46cb1-1a35-4258-aa91-dac5fff72408:group-F68CC2B7F04D changes role from null to FOLLOWER at term 0 for startAsFollower
2019-07-13 07:45:42,303 INFO  segmented.SegmentedRaftLogWorker (SegmentedRaftLogWorker.java:lambda$new$0(132)) - 9f00932c-fd6e-4f79-9102-0c8b0e5c90fc-SegmentedRaftLogWorker:Storage Directory /tmp/workdir/hadoop-ozone/integration-test/target/test-dir/MiniOzoneClusterImpl-5ac1d508-1700-49a1-8f37-e4cad1a6cc92/datanode-5/data/ratis/410a1400-7357-4be7-bd73-f68cc2b7f04d: flushIndex: setUnconditionally 0 -> -1
2019-07-13 07:45:42,303 INFO  impl.RoleInfo (RoleInfo.java:updateAndGet(143)) - 7ba46cb1-1a35-4258-aa91-dac5fff72408: start FollowerState
2019-07-13 07:45:42,303 INFO  server.RaftServerConfigKeys (ConfUtils.java:logGet(43)) - raft.server.log.statemachine.data.sync.timeout = 10s (default)
2019-07-13 07:45:42,303 INFO  server.RaftServerConfigKeys (ConfUtils.java:logGet(43)) - raft.server.snapshot.auto.trigger.enabled = true (custom)
2019-07-13 07:45:42,303 INFO  server.RaftServerConfigKeys (ConfUtils.java:logGet(43)) - raft.server.log.statemachine.data.sync.timeout.retry = -1 (default)
2019-07-13 07:45:42,303 INFO  server.RaftServerConfigKeys (ConfUtils.java:logGet(43)) - raft.server.snapshot.auto.trigger.threshold = 10000 (custom)
2019-07-13 07:45:42,304 INFO  server.RaftServerConfigKeys (ConfUtils.java:logGet(43)) - raft.server.log.statemachine.data.caching.enabled = true (custom)
2019-07-13 07:45:42,304 INFO  util.JmxRegister (JmxRegister.java:tryRegister(44)) - Successfully registered JMX Bean with object name Ratis:service=RaftServer,group=group-F68CC2B7F04D,id=7ba46cb1-1a35-4258-aa91-dac5fff72408
2019-07-13 07:45:42,304 INFO  server.RaftServerConfigKeys (ConfUtils.java:logGet(43)) - raft.server.retrycache.expirytime = 600000ms (custom)
2019-07-13 07:45:42,304 INFO  segmented.SegmentedRaftLogWorker (SegmentedRaftLogWorker.java:lambda$new$0(132)) - 2d959879-8814-4dda-9d68-c16227aaa522-SegmentedRaftLogWorker:Storage Directory /tmp/workdir/hadoop-ozone/integration-test/target/test-dir/MiniOzoneClusterImpl-5ac1d508-1700-49a1-8f37-e4cad1a6cc92/datanode-3/data/ratis/410a1400-7357-4be7-bd73-f68cc2b7f04d: flushIndex: setUnconditionally 0 -> -1
2019-07-13 07:45:42,304 INFO  impl.RaftServerImpl (RaftServerImpl.java:start(180)) - 9f00932c-fd6e-4f79-9102-0c8b0e5c90fc: start group-F68CC2B7F04D
2019-07-13 07:45:42,304 INFO  impl.RaftServerImpl (RaftServerImpl.java:setRole(171)) - 9f00932c-fd6e-4f79-9102-0c8b0e5c90fc:group-F68CC2B7F04D changes role from null to FOLLOWER at term 0 for startAsFollower
2019-07-13 07:45:42,304 INFO  server.RaftServerConfigKeys (ConfUtils.java:logGet(43)) - raft.server.snapshot.auto.trigger.enabled = true (custom)
2019-07-13 07:45:42,304 INFO  impl.RoleInfo (RoleInfo.java:updateAndGet(143)) - 9f00932c-fd6e-4f79-9102-0c8b0e5c90fc: start FollowerState
2019-07-13 07:45:42,305 INFO  server.RaftServerConfigKeys (ConfUtils.java:logGet(43)) - raft.server.snapshot.auto.trigger.threshold = 10000 (custom)
2019-07-13 07:45:42,305 INFO  server.RaftServerConfigKeys (ConfUtils.java:logGet(43)) - raft.server.retrycache.expirytime = 600000ms (custom)
2019-07-13 07:45:42,305 INFO  util.JmxRegister (JmxRegister.java:tryRegister(44)) - Successfully registered JMX Bean with object name Ratis:service=RaftServer,group=group-F68CC2B7F04D,id=9f00932c-fd6e-4f79-9102-0c8b0e5c90fc
2019-07-13 07:45:42,305 INFO  impl.RaftServerImpl (RaftServerImpl.java:start(180)) - 2d959879-8814-4dda-9d68-c16227aaa522: start group-F68CC2B7F04D
2019-07-13 07:45:42,305 INFO  impl.RaftServerImpl (RaftServerImpl.java:setRole(171)) - 2d959879-8814-4dda-9d68-c16227aaa522:group-F68CC2B7F04D changes role from null to FOLLOWER at term 0 for startAsFollower
2019-07-13 07:45:42,305 INFO  impl.RoleInfo (RoleInfo.java:updateAndGet(143)) - 2d959879-8814-4dda-9d68-c16227aaa522: start FollowerState
2019-07-13 07:45:42,306 INFO  util.JmxRegister (JmxRegister.java:tryRegister(44)) - Successfully registered JMX Bean with object name Ratis:service=RaftServer,group=group-F68CC2B7F04D,id=2d959879-8814-4dda-9d68-c16227aaa522
2019-07-13 07:45:42,329 INFO  pipeline.PipelineStateManager (PipelineStateManager.java:addPipeline(56)) - Created pipeline Pipeline[ Id: 410a1400-7357-4be7-bd73-f68cc2b7f04d, Nodes: 2d959879-8814-4dda-9d68-c16227aaa522{ip: 192.168.69.84, host: trunk-nightly-9lh4p-2362225927, networkLocation: /default-rack, certSerialId: null}9f00932c-fd6e-4f79-9102-0c8b0e5c90fc{ip: 192.168.69.84, host: trunk-nightly-9lh4p-2362225927, networkLocation: /default-rack, certSerialId: null}7ba46cb1-1a35-4258-aa91-dac5fff72408{ip: 192.168.69.84, host: trunk-nightly-9lh4p-2362225927, networkLocation: /default-rack, certSerialId: null}, Type:RATIS, Factor:THREE, State:OPEN]
2019-07-13 07:45:42,357 INFO  impl.RaftServerProxy (RaftServerProxy.java:addNew(89)) - 209f1d8d-4964-4543-a1ce-63909dc5ac44: addNew group-B1C3FC638945:[c19ba71b-66e7-4db4-b375-62e358c85a29:192.168.69.84:43437, d551fa2e-1e1a-4bc0-928c-6dbc342b9b94:192.168.69.84:33989, 209f1d8d-4964-4543-a1ce-63909dc5ac44:192.168.69.84:39962] returns group-B1C3FC638945:java.util.concurrent.CompletableFuture@2f64cfd0[Not completed]
2019-07-13 07:45:42,358 INFO  impl.RaftServerProxy (RaftServerProxy.java:addNew(89)) - d551fa2e-1e1a-4bc0-928c-6dbc342b9b94: addNew group-B1C3FC638945:[c19ba71b-66e7-4db4-b375-62e358c85a29:192.168.69.84:43437, d551fa2e-1e1a-4bc0-928c-6dbc342b9b94:192.168.69.84:33989, 209f1d8d-4964-4543-a1ce-63909dc5ac44:192.168.69.84:39962] returns group-B1C3FC638945:java.util.concurrent.CompletableFuture@1f662437[Not completed]
2019-07-13 07:45:42,360 INFO  impl.RaftServerProxy (RaftServerProxy.java:addNew(89)) - c19ba71b-66e7-4db4-b375-62e358c85a29: addNew group-B1C3FC638945:[c19ba71b-66e7-4db4-b375-62e358c85a29:192.168.69.84:43437, d551fa2e-1e1a-4bc0-928c-6dbc342b9b94:192.168.69.84:33989, 209f1d8d-4964-4543-a1ce-63909dc5ac44:192.168.69.84:39962] returns group-B1C3FC638945:java.util.concurrent.CompletableFuture@665b8d25[Not completed]
2019-07-13 07:45:42,360 INFO  impl.RaftServerImpl (RaftServerImpl.java:<init>(93)) - 209f1d8d-4964-4543-a1ce-63909dc5ac44: new RaftServerImpl for group-B1C3FC638945:[c19ba71b-66e7-4db4-b375-62e358c85a29:192.168.69.84:43437, d551fa2e-1e1a-4bc0-928c-6dbc342b9b94:192.168.69.84:33989, 209f1d8d-4964-4543-a1ce-63909dc5ac44:192.168.69.84:39962] with ContainerStateMachine:uninitialized
2019-07-13 07:45:42,360 INFO  server.RaftServerConfigKeys (ConfUtils.java:logGet(43)) - raft.server.rpc.timeout.min = 5s (custom)
2019-07-13 07:45:42,360 INFO  server.RaftServerConfigKeys (ConfUtils.java:logGet(43)) - raft.server.rpc.timeout.max = 5200ms (custom)
2019-07-13 07:45:42,361 INFO  server.RaftServerConfigKeys (ConfUtils.java:logGet(43)) - raft.server.rpcslowness.timeout = 120s (custom)
2019-07-13 07:45:42,361 INFO  server.RaftServerConfigKeys (ConfUtils.java:logGet(43)) - raft.server.sleep.deviation.threshold = 300 (default)
2019-07-13 07:45:42,361 INFO  server.RaftServerConfigKeys (ConfUtils.java:logGet(43)) - raft.server.log.appender.install.snapshot.enabled = false (custom)
2019-07-13 07:45:42,361 INFO  impl.RaftServerImpl (ServerState.java:<init>(105)) - 209f1d8d-4964-4543-a1ce-63909dc5ac44:group-B1C3FC638945 ConfigurationManager, init=-1: [c19ba71b-66e7-4db4-b375-62e358c85a29:192.168.69.84:43437, d551fa2e-1e1a-4bc0-928c-6dbc342b9b94:192.168.69.84:33989, 209f1d8d-4964-4543-a1ce-63909dc5ac44:192.168.69.84:39962], old=null, confs=<EMPTY_MAP>
2019-07-13 07:45:42,361 INFO  server.RaftServerConfigKeys (ConfUtils.java:logGet(43)) - raft.server.storage.dir = [/tmp/workdir/hadoop-ozone/integration-test/target/test-dir/MiniOzoneClusterImpl-5ac1d508-1700-49a1-8f37-e4cad1a6cc92/datanode-1/data/ratis] (custom)
2019-07-13 07:45:42,361 INFO  impl.RaftServerImpl (RaftServerImpl.java:<init>(93)) - d551fa2e-1e1a-4bc0-928c-6dbc342b9b94: new RaftServerImpl for group-B1C3FC638945:[c19ba71b-66e7-4db4-b375-62e358c85a29:192.168.69.84:43437, d551fa2e-1e1a-4bc0-928c-6dbc342b9b94:192.168.69.84:33989, 209f1d8d-4964-4543-a1ce-63909dc5ac44:192.168.69.84:39962] with ContainerStateMachine:uninitialized
2019-07-13 07:45:42,361 INFO  storage.RaftStorageDirectory (RaftStorageDirectory.java:analyzeStorage(246)) - The storage directory /tmp/workdir/hadoop-ozone/integration-test/target/test-dir/MiniOzoneClusterImpl-5ac1d508-1700-49a1-8f37-e4cad1a6cc92/datanode-1/data/ratis/800694ea-2d70-4415-acd2-b1c3fc638945 does not exist. Creating ...
2019-07-13 07:45:42,362 INFO  server.RaftServerConfigKeys (ConfUtils.java:logGet(43)) - raft.server.rpc.timeout.min = 5s (custom)
2019-07-13 07:45:42,362 INFO  server.RaftServerConfigKeys (ConfUtils.java:logGet(43)) - raft.server.rpc.timeout.max = 5200ms (custom)
2019-07-13 07:45:42,362 INFO  server.RaftServerConfigKeys (ConfUtils.java:logGet(43)) - raft.server.rpcslowness.timeout = 120s (custom)
2019-07-13 07:45:42,362 INFO  impl.RaftServerImpl (RaftServerImpl.java:<init>(93)) - c19ba71b-66e7-4db4-b375-62e358c85a29: new RaftServerImpl for group-B1C3FC638945:[c19ba71b-66e7-4db4-b375-62e358c85a29:192.168.69.84:43437, d551fa2e-1e1a-4bc0-928c-6dbc342b9b94:192.168.69.84:33989, 209f1d8d-4964-4543-a1ce-63909dc5ac44:192.168.69.84:39962] with ContainerStateMachine:uninitialized
2019-07-13 07:45:42,362 INFO  server.RaftServerConfigKeys (ConfUtils.java:logGet(43)) - raft.server.sleep.deviation.threshold = 300 (default)
2019-07-13 07:45:42,362 INFO  server.RaftServerConfigKeys (ConfUtils.java:logGet(43)) - raft.server.rpc.timeout.min = 5s (custom)
2019-07-13 07:45:42,364 INFO  server.RaftServerConfigKeys (ConfUtils.java:logGet(43)) - raft.server.log.appender.install.snapshot.enabled = false (custom)
2019-07-13 07:45:42,364 INFO  server.RaftServerConfigKeys (ConfUtils.java:logGet(43)) - raft.server.rpc.timeout.max = 5200ms (custom)
2019-07-13 07:45:42,364 INFO  impl.RaftServerImpl (ServerState.java:<init>(105)) - d551fa2e-1e1a-4bc0-928c-6dbc342b9b94:group-B1C3FC638945 ConfigurationManager, init=-1: [c19ba71b-66e7-4db4-b375-62e358c85a29:192.168.69.84:43437, d551fa2e-1e1a-4bc0-928c-6dbc342b9b94:192.168.69.84:33989, 209f1d8d-4964-4543-a1ce-63909dc5ac44:192.168.69.84:39962], old=null, confs=<EMPTY_MAP>
2019-07-13 07:45:42,364 INFO  server.RaftServerConfigKeys (ConfUtils.java:logGet(43)) - raft.server.rpcslowness.timeout = 120s (custom)
2019-07-13 07:45:42,364 INFO  server.RaftServerConfigKeys (ConfUtils.java:logGet(43)) - raft.server.storage.dir = [/tmp/workdir/hadoop-ozone/integration-test/target/test-dir/MiniOzoneClusterImpl-5ac1d508-1700-49a1-8f37-e4cad1a6cc92/datanode-0/data/ratis] (custom)
2019-07-13 07:45:42,364 INFO  server.RaftServerConfigKeys (ConfUtils.java:logGet(43)) - raft.server.sleep.deviation.threshold = 300 (default)
2019-07-13 07:45:42,364 INFO  server.RaftServerConfigKeys (ConfUtils.java:logGet(43)) - raft.server.log.appender.install.snapshot.enabled = false (custom)
2019-07-13 07:45:42,365 INFO  storage.RaftStorageDirectory (RaftStorageDirectory.java:analyzeStorage(246)) - The storage directory /tmp/workdir/hadoop-ozone/integration-test/target/test-dir/MiniOzoneClusterImpl-5ac1d508-1700-49a1-8f37-e4cad1a6cc92/datanode-0/data/ratis/800694ea-2d70-4415-acd2-b1c3fc638945 does not exist. Creating ...
2019-07-13 07:45:42,365 INFO  impl.RaftServerImpl (ServerState.java:<init>(105)) - c19ba71b-66e7-4db4-b375-62e358c85a29:group-B1C3FC638945 ConfigurationManager, init=-1: [c19ba71b-66e7-4db4-b375-62e358c85a29:192.168.69.84:43437, d551fa2e-1e1a-4bc0-928c-6dbc342b9b94:192.168.69.84:33989, 209f1d8d-4964-4543-a1ce-63909dc5ac44:192.168.69.84:39962], old=null, confs=<EMPTY_MAP>
2019-07-13 07:45:42,365 INFO  server.RaftServerConfigKeys (ConfUtils.java:logGet(43)) - raft.server.storage.dir = [/tmp/workdir/hadoop-ozone/integration-test/target/test-dir/MiniOzoneClusterImpl-5ac1d508-1700-49a1-8f37-e4cad1a6cc92/datanode-2/data/ratis] (custom)
2019-07-13 07:45:42,365 INFO  storage.RaftStorageDirectory (RaftStorageDirectory.java:analyzeStorage(246)) - The storage directory /tmp/workdir/hadoop-ozone/integration-test/target/test-dir/MiniOzoneClusterImpl-5ac1d508-1700-49a1-8f37-e4cad1a6cc92/datanode-2/data/ratis/800694ea-2d70-4415-acd2-b1c3fc638945 does not exist. Creating ...
2019-07-13 07:45:42,375 INFO  storage.RaftStorageDirectory (RaftStorageDirectory.java:tryLock(328)) - Lock on /tmp/workdir/hadoop-ozone/integration-test/target/test-dir/MiniOzoneClusterImpl-5ac1d508-1700-49a1-8f37-e4cad1a6cc92/datanode-2/data/ratis/800694ea-2d70-4415-acd2-b1c3fc638945/in_use.lock acquired by nodename 17101@trunk-nightly-9lh4p-2362225927
2019-07-13 07:45:42,375 INFO  storage.RaftStorageDirectory (RaftStorageDirectory.java:tryLock(328)) - Lock on /tmp/workdir/hadoop-ozone/integration-test/target/test-dir/MiniOzoneClusterImpl-5ac1d508-1700-49a1-8f37-e4cad1a6cc92/datanode-1/data/ratis/800694ea-2d70-4415-acd2-b1c3fc638945/in_use.lock acquired by nodename 17101@trunk-nightly-9lh4p-2362225927
2019-07-13 07:45:42,375 INFO  storage.RaftStorageDirectory (RaftStorageDirectory.java:tryLock(328)) - Lock on /tmp/workdir/hadoop-ozone/integration-test/target/test-dir/MiniOzoneClusterImpl-5ac1d508-1700-49a1-8f37-e4cad1a6cc92/datanode-0/data/ratis/800694ea-2d70-4415-acd2-b1c3fc638945/in_use.lock acquired by nodename 17101@trunk-nightly-9lh4p-2362225927
2019-07-13 07:45:42,389 INFO  storage.RaftStorage (RaftStorage.java:format(72)) - Storage directory /tmp/workdir/hadoop-ozone/integration-test/target/test-dir/MiniOzoneClusterImpl-5ac1d508-1700-49a1-8f37-e4cad1a6cc92/datanode-1/data/ratis/800694ea-2d70-4415-acd2-b1c3fc638945 has been successfully formatted.
2019-07-13 07:45:42,389 INFO  storage.RaftStorage (RaftStorage.java:format(72)) - Storage directory /tmp/workdir/hadoop-ozone/integration-test/target/test-dir/MiniOzoneClusterImpl-5ac1d508-1700-49a1-8f37-e4cad1a6cc92/datanode-0/data/ratis/800694ea-2d70-4415-acd2-b1c3fc638945 has been successfully formatted.
2019-07-13 07:45:42,389 INFO  storage.RaftStorage (RaftStorage.java:format(72)) - Storage directory /tmp/workdir/hadoop-ozone/integration-test/target/test-dir/MiniOzoneClusterImpl-5ac1d508-1700-49a1-8f37-e4cad1a6cc92/datanode-2/data/ratis/800694ea-2d70-4415-acd2-b1c3fc638945 has been successfully formatted.
2019-07-13 07:45:42,389 INFO  ratis.ContainerStateMachine (ContainerStateMachine.java:loadSnapshot(200)) - The snapshot info is null.Setting the last applied index to:(t:0, i:~)
2019-07-13 07:45:42,389 INFO  ratis.ContainerStateMachine (ContainerStateMachine.java:loadSnapshot(200)) - The snapshot info is null.Setting the last applied index to:(t:0, i:~)
2019-07-13 07:45:42,389 INFO  server.RaftServerConfigKeys (ConfUtils.java:logGet(43)) - raft.server.leader.election.timeout = 120s (custom)
2019-07-13 07:45:42,389 INFO  ratis.ContainerStateMachine (ContainerStateMachine.java:loadSnapshot(200)) - The snapshot info is null.Setting the last applied index to:(t:0, i:~)
2019-07-13 07:45:42,389 INFO  server.RaftServerConfigKeys (ConfUtils.java:logGet(43)) - raft.server.log.use.memory = false (default)
2019-07-13 07:45:42,389 INFO  server.RaftServerConfigKeys (ConfUtils.java:logGet(43)) - raft.server.leader.election.timeout = 120s (custom)
2019-07-13 07:45:42,390 INFO  server.RaftServerConfigKeys (ConfUtils.java:logGet(43)) - raft.server.log.purge.gap = 1000000000 (custom)
2019-07-13 07:45:42,389 INFO  server.RaftServerConfigKeys (ConfUtils.java:logGet(43)) - raft.server.leader.election.timeout = 120s (custom)
2019-07-13 07:45:42,390 INFO  server.RaftServerConfigKeys (ConfUtils.java:logGet(43)) - raft.server.log.appender.buffer.byte-limit = 33554432 (custom)
2019-07-13 07:45:42,390 INFO  server.RaftServerConfigKeys (ConfUtils.java:logGet(43)) - raft.server.log.use.memory = false (default)
2019-07-13 07:45:42,390 INFO  server.RaftServerConfigKeys (ConfUtils.java:logGet(43)) - raft.server.log.segment.size.max = 1048576 (custom)
2019-07-13 07:45:42,390 INFO  server.RaftServerConfigKeys (ConfUtils.java:logGet(43)) - raft.server.log.use.memory = false (default)
2019-07-13 07:45:42,390 INFO  server.RaftServerConfigKeys (ConfUtils.java:logGet(43)) - raft.server.log.segment.cache.num.max = 2 (custom)
2019-07-13 07:45:42,390 INFO  server.RaftServerConfigKeys (ConfUtils.java:logGet(43)) - raft.server.log.purge.gap = 1000000000 (custom)
2019-07-13 07:45:42,391 INFO  segmented.SegmentedRaftLogWorker (SegmentedRaftLogWorker.java:<init>(172)) - new d551fa2e-1e1a-4bc0-928c-6dbc342b9b94-SegmentedRaftLogWorker:Storage Directory /tmp/workdir/hadoop-ozone/integration-test/target/test-dir/MiniOzoneClusterImpl-5ac1d508-1700-49a1-8f37-e4cad1a6cc92/datanode-0/data/ratis/800694ea-2d70-4415-acd2-b1c3fc638945 for RaftStorage:Storage Directory /tmp/workdir/hadoop-ozone/integration-test/target/test-dir/MiniOzoneClusterImpl-5ac1d508-1700-49a1-8f37-e4cad1a6cc92/datanode-0/data/ratis/800694ea-2d70-4415-acd2-b1c3fc638945
2019-07-13 07:45:42,391 INFO  server.RaftServerConfigKeys (ConfUtils.java:logGet(43)) - raft.server.log.appender.buffer.byte-limit = 33554432 (custom)
2019-07-13 07:45:42,391 INFO  server.RaftServerConfigKeys (ConfUtils.java:logGet(43)) - raft.server.log.purge.gap = 1000000000 (custom)
2019-07-13 07:45:42,392 INFO  server.RaftServerConfigKeys (ConfUtils.java:logGet(43)) - raft.server.log.segment.size.max = 1048576 (custom)
2019-07-13 07:45:42,392 INFO  server.RaftServerConfigKeys (ConfUtils.java:logGet(43)) - raft.server.log.segment.cache.num.max = 2 (custom)
2019-07-13 07:45:42,391 INFO  server.RaftServerConfigKeys (ConfUtils.java:logGet(43)) - raft.server.log.queue.byte-limit = 2147483647 (custom)
2019-07-13 07:45:42,392 INFO  segmented.SegmentedRaftLogWorker (SegmentedRaftLogWorker.java:<init>(172)) - new 209f1d8d-4964-4543-a1ce-63909dc5ac44-SegmentedRaftLogWorker:Storage Directory /tmp/workdir/hadoop-ozone/integration-test/target/test-dir/MiniOzoneClusterImpl-5ac1d508-1700-49a1-8f37-e4cad1a6cc92/datanode-1/data/ratis/800694ea-2d70-4415-acd2-b1c3fc638945 for RaftStorage:Storage Directory /tmp/workdir/hadoop-ozone/integration-test/target/test-dir/MiniOzoneClusterImpl-5ac1d508-1700-49a1-8f37-e4cad1a6cc92/datanode-1/data/ratis/800694ea-2d70-4415-acd2-b1c3fc638945
2019-07-13 07:45:42,392 INFO  server.RaftServerConfigKeys (ConfUtils.java:logGet(43)) - raft.server.log.appender.buffer.byte-limit = 33554432 (custom)
2019-07-13 07:45:42,393 INFO  server.RaftServerConfigKeys (ConfUtils.java:logGet(43)) - raft.server.log.queue.byte-limit = 2147483647 (custom)
2019-07-13 07:45:42,393 INFO  server.RaftServerConfigKeys (ConfUtils.java:logGet(43)) - raft.server.log.queue.element-limit = 1024 (custom)
2019-07-13 07:45:42,394 INFO  server.RaftServerConfigKeys (ConfUtils.java:logGet(43)) - raft.server.log.queue.element-limit = 1024 (custom)
2019-07-13 07:45:42,394 INFO  server.RaftServerConfigKeys (ConfUtils.java:logGet(43)) - raft.server.log.segment.size.max = 1048576 (custom)
2019-07-13 07:45:42,394 INFO  server.RaftServerConfigKeys (ConfUtils.java:logGet(43)) - raft.server.log.segment.size.max = 1048576 (custom)
2019-07-13 07:45:42,394 INFO  server.RaftServerConfigKeys (ConfUtils.java:logGet(43)) - raft.server.log.segment.size.max = 1048576 (custom)
2019-07-13 07:45:42,394 INFO  server.RaftServerConfigKeys (ConfUtils.java:logGet(43)) - raft.server.log.preallocated.size = 16384 (custom)
2019-07-13 07:45:42,394 INFO  server.RaftServerConfigKeys (ConfUtils.java:logGet(43)) - raft.server.log.segment.cache.num.max = 2 (custom)
2019-07-13 07:45:42,395 INFO  server.RaftServerConfigKeys (ConfUtils.java:logGet(43)) - raft.server.log.write.buffer.size = 33554432 (custom)
2019-07-13 07:45:42,395 INFO  server.RaftServerConfigKeys (ConfUtils.java:logGet(43)) - raft.server.log.preallocated.size = 16384 (custom)
2019-07-13 07:45:42,395 INFO  server.RaftServerConfigKeys (ConfUtils.java:logGet(43)) - raft.server.log.force.sync.num = 128 (default)
2019-07-13 07:45:42,395 INFO  segmented.SegmentedRaftLogWorker (SegmentedRaftLogWorker.java:<init>(172)) - new c19ba71b-66e7-4db4-b375-62e358c85a29-SegmentedRaftLogWorker:Storage Directory /tmp/workdir/hadoop-ozone/integration-test/target/test-dir/MiniOzoneClusterImpl-5ac1d508-1700-49a1-8f37-e4cad1a6cc92/datanode-2/data/ratis/800694ea-2d70-4415-acd2-b1c3fc638945 for RaftStorage:Storage Directory /tmp/workdir/hadoop-ozone/integration-test/target/test-dir/MiniOzoneClusterImpl-5ac1d508-1700-49a1-8f37-e4cad1a6cc92/datanode-2/data/ratis/800694ea-2d70-4415-acd2-b1c3fc638945
2019-07-13 07:45:42,395 INFO  server.RaftServerConfigKeys (ConfUtils.java:logGet(43)) - raft.server.log.statemachine.data.sync = true (default)
2019-07-13 07:45:42,395 INFO  server.RaftServerConfigKeys (ConfUtils.java:logGet(43)) - raft.server.log.write.buffer.size = 33554432 (custom)
2019-07-13 07:45:42,396 INFO  server.RaftServerConfigKeys (ConfUtils.java:logGet(43)) - raft.server.log.statemachine.data.sync.timeout = 10s (default)
2019-07-13 07:45:42,397 INFO  server.RaftServerConfigKeys (ConfUtils.java:logGet(43)) - raft.server.log.statemachine.data.sync.timeout.retry = -1 (default)
2019-07-13 07:45:42,395 INFO  server.RaftServerConfigKeys (ConfUtils.java:logGet(43)) - raft.server.log.queue.byte-limit = 2147483647 (custom)
2019-07-13 07:45:42,397 INFO  server.RaftServerConfigKeys (ConfUtils.java:logGet(43)) - raft.server.log.statemachine.data.caching.enabled = true (custom)
2019-07-13 07:45:42,397 INFO  server.RaftServerConfigKeys (ConfUtils.java:logGet(43)) - raft.server.log.force.sync.num = 128 (default)
2019-07-13 07:45:42,397 INFO  server.RaftServerConfigKeys (ConfUtils.java:logGet(43)) - raft.server.log.queue.element-limit = 1024 (custom)
2019-07-13 07:45:42,397 INFO  server.RaftServerConfigKeys (ConfUtils.java:logGet(43)) - raft.server.log.statemachine.data.sync = true (default)
2019-07-13 07:45:42,397 INFO  segmented.SegmentedRaftLogWorker (SegmentedRaftLogWorker.java:lambda$new$0(132)) - 209f1d8d-4964-4543-a1ce-63909dc5ac44-SegmentedRaftLogWorker:Storage Directory /tmp/workdir/hadoop-ozone/integration-test/target/test-dir/MiniOzoneClusterImpl-5ac1d508-1700-49a1-8f37-e4cad1a6cc92/datanode-1/data/ratis/800694ea-2d70-4415-acd2-b1c3fc638945: flushIndex: setUnconditionally 0 -> -1
2019-07-13 07:45:42,397 INFO  server.RaftServerConfigKeys (ConfUtils.java:logGet(43)) - raft.server.log.statemachine.data.sync.timeout = 10s (default)
2019-07-13 07:45:42,397 INFO  server.RaftServerConfigKeys (ConfUtils.java:logGet(43)) - raft.server.log.segment.size.max = 1048576 (custom)
2019-07-13 07:45:42,398 INFO  server.RaftServerConfigKeys (ConfUtils.java:logGet(43)) - raft.server.snapshot.auto.trigger.enabled = true (custom)
2019-07-13 07:45:42,398 INFO  server.RaftServerConfigKeys (ConfUtils.java:logGet(43)) - raft.server.log.statemachine.data.sync.timeout.retry = -1 (default)
2019-07-13 07:45:42,398 INFO  server.RaftServerConfigKeys (ConfUtils.java:logGet(43)) - raft.server.snapshot.auto.trigger.threshold = 10000 (custom)
2019-07-13 07:45:42,398 INFO  server.RaftServerConfigKeys (ConfUtils.java:logGet(43)) - raft.server.log.statemachine.data.caching.enabled = true (custom)
2019-07-13 07:45:42,398 INFO  server.RaftServerConfigKeys (ConfUtils.java:logGet(43)) - raft.server.log.preallocated.size = 16384 (custom)
2019-07-13 07:45:42,398 INFO  server.RaftServerConfigKeys (ConfUtils.java:logGet(43)) - raft.server.retrycache.expirytime = 600000ms (custom)
2019-07-13 07:45:42,398 INFO  segmented.SegmentedRaftLogWorker (SegmentedRaftLogWorker.java:lambda$new$0(132)) - d551fa2e-1e1a-4bc0-928c-6dbc342b9b94-SegmentedRaftLogWorker:Storage Directory /tmp/workdir/hadoop-ozone/integration-test/target/test-dir/MiniOzoneClusterImpl-5ac1d508-1700-49a1-8f37-e4cad1a6cc92/datanode-0/data/ratis/800694ea-2d70-4415-acd2-b1c3fc638945: flushIndex: setUnconditionally 0 -> -1
2019-07-13 07:45:42,398 INFO  server.RaftServerConfigKeys (ConfUtils.java:logGet(43)) - raft.server.log.write.buffer.size = 33554432 (custom)
2019-07-13 07:45:42,398 INFO  impl.RaftServerImpl (RaftServerImpl.java:start(180)) - 209f1d8d-4964-4543-a1ce-63909dc5ac44: start group-B1C3FC638945
2019-07-13 07:45:42,399 INFO  server.RaftServerConfigKeys (ConfUtils.java:logGet(43)) - raft.server.snapshot.auto.trigger.enabled = true (custom)
2019-07-13 07:45:42,399 INFO  server.RaftServerConfigKeys (ConfUtils.java:logGet(43)) - raft.server.log.force.sync.num = 128 (default)
2019-07-13 07:45:42,399 INFO  server.RaftServerConfigKeys (ConfUtils.java:logGet(43)) - raft.server.snapshot.auto.trigger.threshold = 10000 (custom)
2019-07-13 07:45:42,399 INFO  impl.RaftServerImpl (RaftServerImpl.java:setRole(171)) - 209f1d8d-4964-4543-a1ce-63909dc5ac44:group-B1C3FC638945 changes role from null to FOLLOWER at term 0 for startAsFollower
2019-07-13 07:45:42,399 INFO  server.RaftServerConfigKeys (ConfUtils.java:logGet(43)) - raft.server.log.statemachine.data.sync = true (default)
2019-07-13 07:45:42,399 INFO  impl.RoleInfo (RoleInfo.java:updateAndGet(143)) - 209f1d8d-4964-4543-a1ce-63909dc5ac44: start FollowerState
2019-07-13 07:45:42,399 INFO  server.RaftServerConfigKeys (ConfUtils.java:logGet(43)) - raft.server.retrycache.expirytime = 600000ms (custom)
2019-07-13 07:45:42,399 INFO  server.RaftServerConfigKeys (ConfUtils.java:logGet(43)) - raft.server.log.statemachine.data.sync.timeout = 10s (default)
2019-07-13 07:45:42,400 INFO  impl.RaftServerImpl (RaftServerImpl.java:start(180)) - d551fa2e-1e1a-4bc0-928c-6dbc342b9b94: start group-B1C3FC638945
2019-07-13 07:45:42,400 INFO  server.RaftServerConfigKeys (ConfUtils.java:logGet(43)) - raft.server.log.statemachine.data.sync.timeout.retry = -1 (default)
2019-07-13 07:45:42,400 INFO  util.JmxRegister (JmxRegister.java:tryRegister(44)) - Successfully registered JMX Bean with object name Ratis:service=RaftServer,group=group-B1C3FC638945,id=209f1d8d-4964-4543-a1ce-63909dc5ac44
2019-07-13 07:45:42,400 INFO  server.RaftServerConfigKeys (ConfUtils.java:logGet(43)) - raft.server.log.statemachine.data.caching.enabled = true (custom)
2019-07-13 07:45:42,400 INFO  impl.RaftServerImpl (RaftServerImpl.java:setRole(171)) - d551fa2e-1e1a-4bc0-928c-6dbc342b9b94:group-B1C3FC638945 changes role from null to FOLLOWER at term 0 for startAsFollower
2019-07-13 07:45:42,400 INFO  segmented.SegmentedRaftLogWorker (SegmentedRaftLogWorker.java:lambda$new$0(132)) - c19ba71b-66e7-4db4-b375-62e358c85a29-SegmentedRaftLogWorker:Storage Directory /tmp/workdir/hadoop-ozone/integration-test/target/test-dir/MiniOzoneClusterImpl-5ac1d508-1700-49a1-8f37-e4cad1a6cc92/datanode-2/data/ratis/800694ea-2d70-4415-acd2-b1c3fc638945: flushIndex: setUnconditionally 0 -> -1
2019-07-13 07:45:42,400 INFO  impl.RoleInfo (RoleInfo.java:updateAndGet(143)) - d551fa2e-1e1a-4bc0-928c-6dbc342b9b94: start FollowerState
2019-07-13 07:45:42,400 INFO  server.RaftServerConfigKeys (ConfUtils.java:logGet(43)) - raft.server.snapshot.auto.trigger.enabled = true (custom)
2019-07-13 07:45:42,401 INFO  server.RaftServerConfigKeys (ConfUtils.java:logGet(43)) - raft.server.snapshot.auto.trigger.threshold = 10000 (custom)
2019-07-13 07:45:42,401 INFO  util.JmxRegister (JmxRegister.java:tryRegister(44)) - Successfully registered JMX Bean with object name Ratis:service=RaftServer,group=group-B1C3FC638945,id=d551fa2e-1e1a-4bc0-928c-6dbc342b9b94
2019-07-13 07:45:42,401 INFO  server.RaftServerConfigKeys (ConfUtils.java:logGet(43)) - raft.server.retrycache.expirytime = 600000ms (custom)
2019-07-13 07:45:42,401 INFO  impl.RaftServerImpl (RaftServerImpl.java:start(180)) - c19ba71b-66e7-4db4-b375-62e358c85a29: start group-B1C3FC638945
2019-07-13 07:45:42,401 INFO  impl.RaftServerImpl (RaftServerImpl.java:setRole(171)) - c19ba71b-66e7-4db4-b375-62e358c85a29:group-B1C3FC638945 changes role from null to FOLLOWER at term 0 for startAsFollower
2019-07-13 07:45:42,401 INFO  impl.RoleInfo (RoleInfo.java:updateAndGet(143)) - c19ba71b-66e7-4db4-b375-62e358c85a29: start FollowerState
2019-07-13 07:45:42,403 INFO  util.JmxRegister (JmxRegister.java:tryRegister(44)) - Successfully registered JMX Bean with object name Ratis:service=RaftServer,group=group-B1C3FC638945,id=c19ba71b-66e7-4db4-b375-62e358c85a29
2019-07-13 07:45:42,421 INFO  pipeline.PipelineStateManager (PipelineStateManager.java:addPipeline(56)) - Created pipeline Pipeline[ Id: 800694ea-2d70-4415-acd2-b1c3fc638945, Nodes: c19ba71b-66e7-4db4-b375-62e358c85a29{ip: 192.168.69.84, host: trunk-nightly-9lh4p-2362225927, networkLocation: /default-rack, certSerialId: null}d551fa2e-1e1a-4bc0-928c-6dbc342b9b94{ip: 192.168.69.84, host: trunk-nightly-9lh4p-2362225927, networkLocation: /default-rack, certSerialId: null}209f1d8d-4964-4543-a1ce-63909dc5ac44{ip: 192.168.69.84, host: trunk-nightly-9lh4p-2362225927, networkLocation: /default-rack, certSerialId: null}, Type:RATIS, Factor:THREE, State:OPEN]
2019-07-13 07:45:42,752 INFO  ozone.MiniOzoneClusterImpl (MiniOzoneClusterImpl.java:lambda$waitForClusterToBeReady$0(142)) - Cluster is ready. Got 7 of 7 DN Heartbeats.
2019-07-13 07:45:43,096 INFO  rpc.RpcClient (RpcClient.java:createVolume(287)) - Creating Volume: testblockoutputstreamwithretries, with jenkins1000 as owner.
2019-07-13 07:45:43,157 INFO  rpc.RpcClient (RpcClient.java:createBucket(424)) - Creating Bucket: testblockoutputstreamwithretries/testblockoutputstreamwithretries, with Versioning false and Storage Type set to DISK and Encryption set to false 
2019-07-13 07:45:43,408 INFO  container.ReplicationManager (ReplicationManager.java:start(155)) - Starting Replication Monitor Thread.
2019-07-13 07:45:43,414 INFO  container.ReplicationManager (ReplicationManager.java:run(207)) - Replication Monitor Thread took 4 milliseconds for processing 1 containers.
2019-07-13 07:45:43,463 INFO  client.GrpcClientProtocolClient (GrpcClientProtocolClient.java:onNext(255)) - client-DEDBBDFDE2C9->c19ba71b-66e7-4db4-b375-62e358c85a29: receive RaftClientReply:client-DEDBBDFDE2C9->c19ba71b-66e7-4db4-b375-62e358c85a29@group-B1C3FC638945, cid=13, FAILED org.apache.ratis.protocol.NotLeaderException: Server c19ba71b-66e7-4db4-b375-62e358c85a29 is not the leader (null). Request must be sent to leader., logIndex=0, commits[c19ba71b-66e7-4db4-b375-62e358c85a29:c-1]
2019-07-13 07:45:44,511 INFO  client.GrpcClientProtocolClient (GrpcClientProtocolClient.java:onNext(255)) - client-DEDBBDFDE2C9->209f1d8d-4964-4543-a1ce-63909dc5ac44: receive RaftClientReply:client-DEDBBDFDE2C9->209f1d8d-4964-4543-a1ce-63909dc5ac44@group-B1C3FC638945, cid=13, FAILED org.apache.ratis.protocol.NotLeaderException: Server 209f1d8d-4964-4543-a1ce-63909dc5ac44 is not the leader (null). Request must be sent to leader., logIndex=0, commits[209f1d8d-4964-4543-a1ce-63909dc5ac44:c-1]
2019-07-13 07:45:45,540 INFO  client.GrpcClientProtocolClient (GrpcClientProtocolClient.java:onNext(255)) - client-DEDBBDFDE2C9->d551fa2e-1e1a-4bc0-928c-6dbc342b9b94: receive RaftClientReply:client-DEDBBDFDE2C9->d551fa2e-1e1a-4bc0-928c-6dbc342b9b94@group-B1C3FC638945, cid=13, FAILED org.apache.ratis.protocol.NotLeaderException: Server d551fa2e-1e1a-4bc0-928c-6dbc342b9b94 is not the leader (null). Request must be sent to leader., logIndex=0, commits[d551fa2e-1e1a-4bc0-928c-6dbc342b9b94:c-1]
2019-07-13 07:45:46,564 INFO  client.GrpcClientProtocolClient (GrpcClientProtocolClient.java:onNext(255)) - client-DEDBBDFDE2C9->209f1d8d-4964-4543-a1ce-63909dc5ac44: receive RaftClientReply:client-DEDBBDFDE2C9->209f1d8d-4964-4543-a1ce-63909dc5ac44@group-B1C3FC638945, cid=13, FAILED org.apache.ratis.protocol.NotLeaderException: Server 209f1d8d-4964-4543-a1ce-63909dc5ac44 is not the leader (null). Request must be sent to leader., logIndex=0, commits[209f1d8d-4964-4543-a1ce-63909dc5ac44:c-1]
2019-07-13 07:45:46,623 INFO  impl.FollowerState (FollowerState.java:run(106)) - d551fa2e-1e1a-4bc0-928c-6dbc342b9b94:group-86327C56133C changes to CANDIDATE, lastRpcTime:5024, electionTimeout:5023ms
2019-07-13 07:45:46,623 INFO  impl.RoleInfo (RoleInfo.java:shutdownFollowerState(121)) - d551fa2e-1e1a-4bc0-928c-6dbc342b9b94: shutdown FollowerState
2019-07-13 07:45:46,623 INFO  impl.RaftServerImpl (RaftServerImpl.java:setRole(171)) - d551fa2e-1e1a-4bc0-928c-6dbc342b9b94:group-86327C56133C changes role from FOLLOWER to CANDIDATE at term 0 for changeToCandidate
2019-07-13 07:45:46,631 INFO  impl.RoleInfo (RoleInfo.java:updateAndGet(143)) - d551fa2e-1e1a-4bc0-928c-6dbc342b9b94: start LeaderElection
2019-07-13 07:45:46,652 INFO  impl.LeaderElection (LeaderElection.java:askForVotes(181)) - d551fa2e-1e1a-4bc0-928c-6dbc342b9b94:group-86327C56133C:LeaderElection1: begin an election at term 1 for -1: [d551fa2e-1e1a-4bc0-928c-6dbc342b9b94:192.168.69.84:33989], old=null
2019-07-13 07:45:46,654 INFO  impl.RoleInfo (RoleInfo.java:shutdownLeaderElection(134)) - d551fa2e-1e1a-4bc0-928c-6dbc342b9b94: shutdown LeaderElection
2019-07-13 07:45:46,655 INFO  impl.RaftServerImpl (RaftServerImpl.java:setRole(171)) - d551fa2e-1e1a-4bc0-928c-6dbc342b9b94:group-86327C56133C changes role from CANDIDATE to LEADER at term 1 for changeToLeader
2019-07-13 07:45:46,655 INFO  impl.RaftServerImpl (ServerState.java:setLeader(263)) - d551fa2e-1e1a-4bc0-928c-6dbc342b9b94:group-86327C56133C change Leader from null to d551fa2e-1e1a-4bc0-928c-6dbc342b9b94 at term 1 for becomeLeader, leader elected after 5132ms
2019-07-13 07:45:46,665 INFO  server.RaftServerConfigKeys (ConfUtils.java:logGet(43)) - raft.server.staging.catchup.gap = 1000 (default)
2019-07-13 07:45:46,665 INFO  server.RaftServerConfigKeys (ConfUtils.java:logGet(43)) - raft.server.rpc.sleep.time = 25ms (default)
2019-07-13 07:45:46,668 INFO  server.RaftServerConfigKeys (ConfUtils.java:logGet(43)) - raft.server.write.element-limit = 4096 (default)
2019-07-13 07:45:46,672 INFO  server.RaftServerConfigKeys (ConfUtils.java:logGet(43)) - raft.server.watch.timeout = 10s (default)
2019-07-13 07:45:46,672 INFO  server.RaftServerConfigKeys (ConfUtils.java:logGet(43)) - raft.server.watch.timeout.denomination = 1s (default)
2019-07-13 07:45:46,673 INFO  server.RaftServerConfigKeys (ConfUtils.java:logGet(43)) - raft.server.watch.element-limit = 65536 (default)
2019-07-13 07:45:46,683 INFO  impl.RoleInfo (RoleInfo.java:updateAndGet(143)) - d551fa2e-1e1a-4bc0-928c-6dbc342b9b94: start LeaderState
2019-07-13 07:45:46,711 INFO  segmented.SegmentedRaftLogWorker (SegmentedRaftLogWorker.java:startLogSegment(380)) - d551fa2e-1e1a-4bc0-928c-6dbc342b9b94-SegmentedRaftLogWorker:Storage Directory /tmp/workdir/hadoop-ozone/integration-test/target/test-dir/MiniOzoneClusterImpl-5ac1d508-1700-49a1-8f37-e4cad1a6cc92/datanode-0/data/ratis/188339b7-c3b3-4c86-ac98-86327c56133c: Starting segment from index:0
2019-07-13 07:45:46,725 INFO  impl.RaftServerImpl (ServerState.java:setRaftConf(361)) - d551fa2e-1e1a-4bc0-928c-6dbc342b9b94:group-86327C56133C set configuration 0: [d551fa2e-1e1a-4bc0-928c-6dbc342b9b94:192.168.69.84:33989], old=null at 0
2019-07-13 07:45:46,882 INFO  segmented.SegmentedRaftLogWorker (SegmentedRaftLogWorker.java:execute(569)) - d551fa2e-1e1a-4bc0-928c-6dbc342b9b94-SegmentedRaftLogWorker:Storage Directory /tmp/workdir/hadoop-ozone/integration-test/target/test-dir/MiniOzoneClusterImpl-5ac1d508-1700-49a1-8f37-e4cad1a6cc92/datanode-0/data/ratis/188339b7-c3b3-4c86-ac98-86327c56133c: created new log segment /tmp/workdir/hadoop-ozone/integration-test/target/test-dir/MiniOzoneClusterImpl-5ac1d508-1700-49a1-8f37-e4cad1a6cc92/datanode-0/data/ratis/188339b7-c3b3-4c86-ac98-86327c56133c/current/log_inprogress_0
2019-07-13 07:45:46,930 INFO  impl.FollowerState (FollowerState.java:run(106)) - 2d959879-8814-4dda-9d68-c16227aaa522:group-E21D3C509DBF changes to CANDIDATE, lastRpcTime:5118, electionTimeout:5116ms
2019-07-13 07:45:46,934 INFO  impl.RoleInfo (RoleInfo.java:shutdownFollowerState(121)) - 2d959879-8814-4dda-9d68-c16227aaa522: shutdown FollowerState
2019-07-13 07:45:46,934 INFO  impl.RaftServerImpl (RaftServerImpl.java:setRole(171)) - 2d959879-8814-4dda-9d68-c16227aaa522:group-E21D3C509DBF changes role from FOLLOWER to CANDIDATE at term 0 for changeToCandidate
2019-07-13 07:45:46,934 INFO  impl.RoleInfo (RoleInfo.java:updateAndGet(143)) - 2d959879-8814-4dda-9d68-c16227aaa522: start LeaderElection
2019-07-13 07:45:46,954 INFO  impl.LeaderElection (LeaderElection.java:askForVotes(181)) - 2d959879-8814-4dda-9d68-c16227aaa522:group-E21D3C509DBF:LeaderElection2: begin an election at term 1 for -1: [2d959879-8814-4dda-9d68-c16227aaa522:192.168.69.84:43992], old=null
2019-07-13 07:45:46,958 INFO  impl.RoleInfo (RoleInfo.java:shutdownLeaderElection(134)) - 2d959879-8814-4dda-9d68-c16227aaa522: shutdown LeaderElection
2019-07-13 07:45:46,958 INFO  impl.RaftServerImpl (RaftServerImpl.java:setRole(171)) - 2d959879-8814-4dda-9d68-c16227aaa522:group-E21D3C509DBF changes role from CANDIDATE to LEADER at term 1 for changeToLeader
2019-07-13 07:45:46,958 INFO  impl.RaftServerImpl (ServerState.java:setLeader(263)) - 2d959879-8814-4dda-9d68-c16227aaa522:group-E21D3C509DBF change Leader from null to 2d959879-8814-4dda-9d68-c16227aaa522 at term 1 for becomeLeader, leader elected after 5153ms
2019-07-13 07:45:46,960 INFO  server.RaftServerConfigKeys (ConfUtils.java:logGet(43)) - raft.server.staging.catchup.gap = 1000 (default)
2019-07-13 07:45:46,961 INFO  server.RaftServerConfigKeys (ConfUtils.java:logGet(43)) - raft.server.rpc.sleep.time = 25ms (default)
2019-07-13 07:45:46,961 INFO  server.RaftServerConfigKeys (ConfUtils.java:logGet(43)) - raft.server.write.element-limit = 4096 (default)
2019-07-13 07:45:46,961 INFO  server.RaftServerConfigKeys (ConfUtils.java:logGet(43)) - raft.server.watch.timeout = 10s (default)
2019-07-13 07:45:46,961 INFO  server.RaftServerConfigKeys (ConfUtils.java:logGet(43)) - raft.server.watch.timeout.denomination = 1s (default)
2019-07-13 07:45:46,963 INFO  server.RaftServerConfigKeys (ConfUtils.java:logGet(43)) - raft.server.watch.element-limit = 65536 (default)
2019-07-13 07:45:46,964 INFO  impl.RoleInfo (RoleInfo.java:updateAndGet(143)) - 2d959879-8814-4dda-9d68-c16227aaa522: start LeaderState
2019-07-13 07:45:46,964 INFO  segmented.SegmentedRaftLogWorker (SegmentedRaftLogWorker.java:startLogSegment(380)) - 2d959879-8814-4dda-9d68-c16227aaa522-SegmentedRaftLogWorker:Storage Directory /tmp/workdir/hadoop-ozone/integration-test/target/test-dir/MiniOzoneClusterImpl-5ac1d508-1700-49a1-8f37-e4cad1a6cc92/datanode-3/data/ratis/38138c76-feef-4931-a94b-e21d3c509dbf: Starting segment from index:0
2019-07-13 07:45:46,965 INFO  impl.RaftServerImpl (ServerState.java:setRaftConf(361)) - 2d959879-8814-4dda-9d68-c16227aaa522:group-E21D3C509DBF set configuration 0: [2d959879-8814-4dda-9d68-c16227aaa522:192.168.69.84:43992], old=null at 0
2019-07-13 07:45:47,001 INFO  segmented.SegmentedRaftLogWorker (SegmentedRaftLogWorker.java:execute(569)) - 2d959879-8814-4dda-9d68-c16227aaa522-SegmentedRaftLogWorker:Storage Directory /tmp/workdir/hadoop-ozone/integration-test/target/test-dir/MiniOzoneClusterImpl-5ac1d508-1700-49a1-8f37-e4cad1a6cc92/datanode-3/data/ratis/38138c76-feef-4931-a94b-e21d3c509dbf: created new log segment /tmp/workdir/hadoop-ozone/integration-test/target/test-dir/MiniOzoneClusterImpl-5ac1d508-1700-49a1-8f37-e4cad1a6cc92/datanode-3/data/ratis/38138c76-feef-4931-a94b-e21d3c509dbf/current/log_inprogress_0
2019-07-13 07:45:47,043 INFO  impl.FollowerState (FollowerState.java:run(106)) - 9f00932c-fd6e-4f79-9102-0c8b0e5c90fc:group-65FCE032ED3F changes to CANDIDATE, lastRpcTime:5136, electionTimeout:5136ms
2019-07-13 07:45:47,044 INFO  impl.RoleInfo (RoleInfo.java:shutdownFollowerState(121)) - 9f00932c-fd6e-4f79-9102-0c8b0e5c90fc: shutdown FollowerState
2019-07-13 07:45:47,044 INFO  impl.RaftServerImpl (RaftServerImpl.java:setRole(171)) - 9f00932c-fd6e-4f79-9102-0c8b0e5c90fc:group-65FCE032ED3F changes role from FOLLOWER to CANDIDATE at term 0 for changeToCandidate
2019-07-13 07:45:47,044 INFO  impl.RoleInfo (RoleInfo.java:updateAndGet(143)) - 9f00932c-fd6e-4f79-9102-0c8b0e5c90fc: start LeaderElection
2019-07-13 07:45:47,061 INFO  impl.LeaderElection (LeaderElection.java:askForVotes(181)) - 9f00932c-fd6e-4f79-9102-0c8b0e5c90fc:group-65FCE032ED3F:LeaderElection3: begin an election at term 1 for -1: [9f00932c-fd6e-4f79-9102-0c8b0e5c90fc:192.168.69.84:34108], old=null
2019-07-13 07:45:47,064 INFO  impl.RoleInfo (RoleInfo.java:shutdownLeaderElection(134)) - 9f00932c-fd6e-4f79-9102-0c8b0e5c90fc: shutdown LeaderElection
2019-07-13 07:45:47,064 INFO  impl.RaftServerImpl (RaftServerImpl.java:setRole(171)) - 9f00932c-fd6e-4f79-9102-0c8b0e5c90fc:group-65FCE032ED3F changes role from CANDIDATE to LEADER at term 1 for changeToLeader
2019-07-13 07:45:47,064 INFO  impl.RaftServerImpl (ServerState.java:setLeader(263)) - 9f00932c-fd6e-4f79-9102-0c8b0e5c90fc:group-65FCE032ED3F change Leader from null to 9f00932c-fd6e-4f79-9102-0c8b0e5c90fc at term 1 for becomeLeader, leader elected after 5162ms
2019-07-13 07:45:47,066 INFO  server.RaftServerConfigKeys (ConfUtils.java:logGet(43)) - raft.server.staging.catchup.gap = 1000 (default)
2019-07-13 07:45:47,066 INFO  server.RaftServerConfigKeys (ConfUtils.java:logGet(43)) - raft.server.rpc.sleep.time = 25ms (default)
2019-07-13 07:45:47,066 INFO  server.RaftServerConfigKeys (ConfUtils.java:logGet(43)) - raft.server.write.element-limit = 4096 (default)
2019-07-13 07:45:47,066 INFO  server.RaftServerConfigKeys (ConfUtils.java:logGet(43)) - raft.server.watch.timeout = 10s (default)
2019-07-13 07:45:47,067 INFO  server.RaftServerConfigKeys (ConfUtils.java:logGet(43)) - raft.server.watch.timeout.denomination = 1s (default)
2019-07-13 07:45:47,067 INFO  server.RaftServerConfigKeys (ConfUtils.java:logGet(43)) - raft.server.watch.element-limit = 65536 (default)
2019-07-13 07:45:47,067 INFO  impl.RoleInfo (RoleInfo.java:updateAndGet(143)) - 9f00932c-fd6e-4f79-9102-0c8b0e5c90fc: start LeaderState
2019-07-13 07:45:47,067 INFO  segmented.SegmentedRaftLogWorker (SegmentedRaftLogWorker.java:startLogSegment(380)) - 9f00932c-fd6e-4f79-9102-0c8b0e5c90fc-SegmentedRaftLogWorker:Storage Directory /tmp/workdir/hadoop-ozone/integration-test/target/test-dir/MiniOzoneClusterImpl-5ac1d508-1700-49a1-8f37-e4cad1a6cc92/datanode-5/data/ratis/5d771f33-ad3f-437e-8b07-65fce032ed3f: Starting segment from index:0
2019-07-13 07:45:47,068 INFO  impl.RaftServerImpl (ServerState.java:setRaftConf(361)) - 9f00932c-fd6e-4f79-9102-0c8b0e5c90fc:group-65FCE032ED3F set configuration 0: [9f00932c-fd6e-4f79-9102-0c8b0e5c90fc:192.168.69.84:34108], old=null at 0
2019-07-13 07:45:47,089 INFO  impl.FollowerState (FollowerState.java:run(106)) - 7ba46cb1-1a35-4258-aa91-dac5fff72408:group-A6CF8F381E9F changes to CANDIDATE, lastRpcTime:5107, electionTimeout:5105ms
2019-07-13 07:45:47,090 INFO  impl.RoleInfo (RoleInfo.java:shutdownFollowerState(121)) - 7ba46cb1-1a35-4258-aa91-dac5fff72408: shutdown FollowerState
2019-07-13 07:45:47,090 INFO  impl.RaftServerImpl (RaftServerImpl.java:setRole(171)) - 7ba46cb1-1a35-4258-aa91-dac5fff72408:group-A6CF8F381E9F changes role from FOLLOWER to CANDIDATE at term 0 for changeToCandidate
2019-07-13 07:45:47,090 INFO  impl.RoleInfo (RoleInfo.java:updateAndGet(143)) - 7ba46cb1-1a35-4258-aa91-dac5fff72408: start LeaderElection
2019-07-13 07:45:47,103 INFO  segmented.SegmentedRaftLogWorker (SegmentedRaftLogWorker.java:execute(569)) - 9f00932c-fd6e-4f79-9102-0c8b0e5c90fc-SegmentedRaftLogWorker:Storage Directory /tmp/workdir/hadoop-ozone/integration-test/target/test-dir/MiniOzoneClusterImpl-5ac1d508-1700-49a1-8f37-e4cad1a6cc92/datanode-5/data/ratis/5d771f33-ad3f-437e-8b07-65fce032ed3f: created new log segment /tmp/workdir/hadoop-ozone/integration-test/target/test-dir/MiniOzoneClusterImpl-5ac1d508-1700-49a1-8f37-e4cad1a6cc92/datanode-5/data/ratis/5d771f33-ad3f-437e-8b07-65fce032ed3f/current/log_inprogress_0
2019-07-13 07:45:47,103 INFO  impl.LeaderElection (LeaderElection.java:askForVotes(181)) - 7ba46cb1-1a35-4258-aa91-dac5fff72408:group-A6CF8F381E9F:LeaderElection4: begin an election at term 1 for -1: [7ba46cb1-1a35-4258-aa91-dac5fff72408:192.168.69.84:42572], old=null
2019-07-13 07:45:47,103 INFO  impl.RoleInfo (RoleInfo.java:shutdownLeaderElection(134)) - 7ba46cb1-1a35-4258-aa91-dac5fff72408: shutdown LeaderElection
2019-07-13 07:45:47,103 INFO  impl.RaftServerImpl (RaftServerImpl.java:setRole(171)) - 7ba46cb1-1a35-4258-aa91-dac5fff72408:group-A6CF8F381E9F changes role from CANDIDATE to LEADER at term 1 for changeToLeader
2019-07-13 07:45:47,103 INFO  impl.RaftServerImpl (ServerState.java:setLeader(263)) - 7ba46cb1-1a35-4258-aa91-dac5fff72408:group-A6CF8F381E9F change Leader from null to 7ba46cb1-1a35-4258-aa91-dac5fff72408 at term 1 for becomeLeader, leader elected after 5126ms
2019-07-13 07:45:47,106 INFO  server.RaftServerConfigKeys (ConfUtils.java:logGet(43)) - raft.server.staging.catchup.gap = 1000 (default)
2019-07-13 07:45:47,106 INFO  server.RaftServerConfigKeys (ConfUtils.java:logGet(43)) - raft.server.rpc.sleep.time = 25ms (default)
2019-07-13 07:45:47,106 INFO  server.RaftServerConfigKeys (ConfUtils.java:logGet(43)) - raft.server.write.element-limit = 4096 (default)
2019-07-13 07:45:47,106 INFO  server.RaftServerConfigKeys (ConfUtils.java:logGet(43)) - raft.server.watch.timeout = 10s (default)
2019-07-13 07:45:47,106 INFO  server.RaftServerConfigKeys (ConfUtils.java:logGet(43)) - raft.server.watch.timeout.denomination = 1s (default)
2019-07-13 07:45:47,107 INFO  server.RaftServerConfigKeys (ConfUtils.java:logGet(43)) - raft.server.watch.element-limit = 65536 (default)
2019-07-13 07:45:47,107 INFO  impl.RoleInfo (RoleInfo.java:updateAndGet(143)) - 7ba46cb1-1a35-4258-aa91-dac5fff72408: start LeaderState
2019-07-13 07:45:47,107 INFO  segmented.SegmentedRaftLogWorker (SegmentedRaftLogWorker.java:startLogSegment(380)) - 7ba46cb1-1a35-4258-aa91-dac5fff72408-SegmentedRaftLogWorker:Storage Directory /tmp/workdir/hadoop-ozone/integration-test/target/test-dir/MiniOzoneClusterImpl-5ac1d508-1700-49a1-8f37-e4cad1a6cc92/datanode-6/data/ratis/9d4db4e5-2718-45ce-91c2-a6cf8f381e9f: Starting segment from index:0
2019-07-13 07:45:47,108 INFO  impl.RaftServerImpl (ServerState.java:setRaftConf(361)) - 7ba46cb1-1a35-4258-aa91-dac5fff72408:group-A6CF8F381E9F set configuration 0: [7ba46cb1-1a35-4258-aa91-dac5fff72408:192.168.69.84:42572], old=null at 0
2019-07-13 07:45:47,140 INFO  segmented.SegmentedRaftLogWorker (SegmentedRaftLogWorker.java:execute(569)) - 7ba46cb1-1a35-4258-aa91-dac5fff72408-SegmentedRaftLogWorker:Storage Directory /tmp/workdir/hadoop-ozone/integration-test/target/test-dir/MiniOzoneClusterImpl-5ac1d508-1700-49a1-8f37-e4cad1a6cc92/datanode-6/data/ratis/9d4db4e5-2718-45ce-91c2-a6cf8f381e9f: created new log segment /tmp/workdir/hadoop-ozone/integration-test/target/test-dir/MiniOzoneClusterImpl-5ac1d508-1700-49a1-8f37-e4cad1a6cc92/datanode-6/data/ratis/9d4db4e5-2718-45ce-91c2-a6cf8f381e9f/current/log_inprogress_0
2019-07-13 07:45:47,142 INFO  impl.FollowerState (FollowerState.java:run(106)) - c19ba71b-66e7-4db4-b375-62e358c85a29:group-D0CA664C1CAB changes to CANDIDATE, lastRpcTime:5076, electionTimeout:5075ms
2019-07-13 07:45:47,142 INFO  impl.RoleInfo (RoleInfo.java:shutdownFollowerState(121)) - c19ba71b-66e7-4db4-b375-62e358c85a29: shutdown FollowerState
2019-07-13 07:45:47,143 INFO  impl.RaftServerImpl (RaftServerImpl.java:setRole(171)) - c19ba71b-66e7-4db4-b375-62e358c85a29:group-D0CA664C1CAB changes role from FOLLOWER to CANDIDATE at term 0 for changeToCandidate
2019-07-13 07:45:47,143 INFO  impl.RoleInfo (RoleInfo.java:updateAndGet(143)) - c19ba71b-66e7-4db4-b375-62e358c85a29: start LeaderElection
2019-07-13 07:45:47,153 INFO  impl.FollowerState (FollowerState.java:run(106)) - 209f1d8d-4964-4543-a1ce-63909dc5ac44:group-F8E847448D5A changes to CANDIDATE, lastRpcTime:5008, electionTimeout:5008ms
2019-07-13 07:45:47,155 INFO  impl.RoleInfo (RoleInfo.java:shutdownFollowerState(121)) - 209f1d8d-4964-4543-a1ce-63909dc5ac44: shutdown FollowerState
2019-07-13 07:45:47,155 INFO  impl.RaftServerImpl (RaftServerImpl.java:setRole(171)) - 209f1d8d-4964-4543-a1ce-63909dc5ac44:group-F8E847448D5A changes role from FOLLOWER to CANDIDATE at term 0 for changeToCandidate
2019-07-13 07:45:47,155 INFO  impl.RoleInfo (RoleInfo.java:updateAndGet(143)) - 209f1d8d-4964-4543-a1ce-63909dc5ac44: start LeaderElection
2019-07-13 07:45:47,161 INFO  impl.LeaderElection (LeaderElection.java:askForVotes(181)) - c19ba71b-66e7-4db4-b375-62e358c85a29:group-D0CA664C1CAB:LeaderElection5: begin an election at term 1 for -1: [c19ba71b-66e7-4db4-b375-62e358c85a29:192.168.69.84:43437], old=null
2019-07-13 07:45:47,161 INFO  impl.RoleInfo (RoleInfo.java:shutdownLeaderElection(134)) - c19ba71b-66e7-4db4-b375-62e358c85a29: shutdown LeaderElection
2019-07-13 07:45:47,161 INFO  impl.RaftServerImpl (RaftServerImpl.java:setRole(171)) - c19ba71b-66e7-4db4-b375-62e358c85a29:group-D0CA664C1CAB changes role from CANDIDATE to LEADER at term 1 for changeToLeader
2019-07-13 07:45:47,162 INFO  impl.RaftServerImpl (ServerState.java:setLeader(263)) - c19ba71b-66e7-4db4-b375-62e358c85a29:group-D0CA664C1CAB change Leader from null to c19ba71b-66e7-4db4-b375-62e358c85a29 at term 1 for becomeLeader, leader elected after 5101ms
2019-07-13 07:45:47,163 INFO  server.RaftServerConfigKeys (ConfUtils.java:logGet(43)) - raft.server.staging.catchup.gap = 1000 (default)
2019-07-13 07:45:47,164 INFO  server.RaftServerConfigKeys (ConfUtils.java:logGet(43)) - raft.server.rpc.sleep.time = 25ms (default)
2019-07-13 07:45:47,164 INFO  server.RaftServerConfigKeys (ConfUtils.java:logGet(43)) - raft.server.write.element-limit = 4096 (default)
2019-07-13 07:45:47,164 INFO  server.RaftServerConfigKeys (ConfUtils.java:logGet(43)) - raft.server.watch.timeout = 10s (default)
2019-07-13 07:45:47,164 INFO  server.RaftServerConfigKeys (ConfUtils.java:logGet(43)) - raft.server.watch.timeout.denomination = 1s (default)
2019-07-13 07:45:47,165 INFO  server.RaftServerConfigKeys (ConfUtils.java:logGet(43)) - raft.server.watch.element-limit = 65536 (default)
2019-07-13 07:45:47,165 INFO  impl.RoleInfo (RoleInfo.java:updateAndGet(143)) - c19ba71b-66e7-4db4-b375-62e358c85a29: start LeaderState
2019-07-13 07:45:47,165 INFO  segmented.SegmentedRaftLogWorker (SegmentedRaftLogWorker.java:startLogSegment(380)) - c19ba71b-66e7-4db4-b375-62e358c85a29-SegmentedRaftLogWorker:Storage Directory /tmp/workdir/hadoop-ozone/integration-test/target/test-dir/MiniOzoneClusterImpl-5ac1d508-1700-49a1-8f37-e4cad1a6cc92/datanode-2/data/ratis/970aa736-68a3-450f-b61c-d0ca664c1cab: Starting segment from index:0
2019-07-13 07:45:47,166 INFO  impl.RaftServerImpl (ServerState.java:setRaftConf(361)) - c19ba71b-66e7-4db4-b375-62e358c85a29:group-D0CA664C1CAB set configuration 0: [c19ba71b-66e7-4db4-b375-62e358c85a29:192.168.69.84:43437], old=null at 0
2019-07-13 07:45:47,186 INFO  impl.LeaderElection (LeaderElection.java:askForVotes(181)) - 209f1d8d-4964-4543-a1ce-63909dc5ac44:group-F8E847448D5A:LeaderElection6: begin an election at term 1 for -1: [209f1d8d-4964-4543-a1ce-63909dc5ac44:192.168.69.84:39962], old=null
2019-07-13 07:45:47,186 INFO  impl.RoleInfo (RoleInfo.java:shutdownLeaderElection(134)) - 209f1d8d-4964-4543-a1ce-63909dc5ac44: shutdown LeaderElection
2019-07-13 07:45:47,187 INFO  impl.RaftServerImpl (RaftServerImpl.java:setRole(171)) - 209f1d8d-4964-4543-a1ce-63909dc5ac44:group-F8E847448D5A changes role from CANDIDATE to LEADER at term 1 for changeToLeader
2019-07-13 07:45:47,187 INFO  impl.RaftServerImpl (ServerState.java:setLeader(263)) - 209f1d8d-4964-4543-a1ce-63909dc5ac44:group-F8E847448D5A change Leader from null to 209f1d8d-4964-4543-a1ce-63909dc5ac44 at term 1 for becomeLeader, leader elected after 5047ms
2019-07-13 07:45:47,189 INFO  server.RaftServerConfigKeys (ConfUtils.java:logGet(43)) - raft.server.staging.catchup.gap = 1000 (default)
2019-07-13 07:45:47,189 INFO  server.RaftServerConfigKeys (ConfUtils.java:logGet(43)) - raft.server.rpc.sleep.time = 25ms (default)
2019-07-13 07:45:47,189 INFO  server.RaftServerConfigKeys (ConfUtils.java:logGet(43)) - raft.server.write.element-limit = 4096 (default)
2019-07-13 07:45:47,189 INFO  server.RaftServerConfigKeys (ConfUtils.java:logGet(43)) - raft.server.watch.timeout = 10s (default)
2019-07-13 07:45:47,190 INFO  server.RaftServerConfigKeys (ConfUtils.java:logGet(43)) - raft.server.watch.timeout.denomination = 1s (default)
2019-07-13 07:45:47,190 INFO  server.RaftServerConfigKeys (ConfUtils.java:logGet(43)) - raft.server.watch.element-limit = 65536 (default)
2019-07-13 07:45:47,190 INFO  impl.RoleInfo (RoleInfo.java:updateAndGet(143)) - 209f1d8d-4964-4543-a1ce-63909dc5ac44: start LeaderState
2019-07-13 07:45:47,190 INFO  segmented.SegmentedRaftLogWorker (SegmentedRaftLogWorker.java:startLogSegment(380)) - 209f1d8d-4964-4543-a1ce-63909dc5ac44-SegmentedRaftLogWorker:Storage Directory /tmp/workdir/hadoop-ozone/integration-test/target/test-dir/MiniOzoneClusterImpl-5ac1d508-1700-49a1-8f37-e4cad1a6cc92/datanode-1/data/ratis/3da8acbd-f03e-4ea5-9166-f8e847448d5a: Starting segment from index:0
2019-07-13 07:45:47,191 INFO  impl.RaftServerImpl (ServerState.java:setRaftConf(361)) - 209f1d8d-4964-4543-a1ce-63909dc5ac44:group-F8E847448D5A set configuration 0: [209f1d8d-4964-4543-a1ce-63909dc5ac44:192.168.69.84:39962], old=null at 0
2019-07-13 07:45:47,211 INFO  segmented.SegmentedRaftLogWorker (SegmentedRaftLogWorker.java:execute(569)) - c19ba71b-66e7-4db4-b375-62e358c85a29-SegmentedRaftLogWorker:Storage Directory /tmp/workdir/hadoop-ozone/integration-test/target/test-dir/MiniOzoneClusterImpl-5ac1d508-1700-49a1-8f37-e4cad1a6cc92/datanode-2/data/ratis/970aa736-68a3-450f-b61c-d0ca664c1cab: created new log segment /tmp/workdir/hadoop-ozone/integration-test/target/test-dir/MiniOzoneClusterImpl-5ac1d508-1700-49a1-8f37-e4cad1a6cc92/datanode-2/data/ratis/970aa736-68a3-450f-b61c-d0ca664c1cab/current/log_inprogress_0
2019-07-13 07:45:47,223 INFO  segmented.SegmentedRaftLogWorker (SegmentedRaftLogWorker.java:execute(569)) - 209f1d8d-4964-4543-a1ce-63909dc5ac44-SegmentedRaftLogWorker:Storage Directory /tmp/workdir/hadoop-ozone/integration-test/target/test-dir/MiniOzoneClusterImpl-5ac1d508-1700-49a1-8f37-e4cad1a6cc92/datanode-1/data/ratis/3da8acbd-f03e-4ea5-9166-f8e847448d5a: created new log segment /tmp/workdir/hadoop-ozone/integration-test/target/test-dir/MiniOzoneClusterImpl-5ac1d508-1700-49a1-8f37-e4cad1a6cc92/datanode-1/data/ratis/3da8acbd-f03e-4ea5-9166-f8e847448d5a/current/log_inprogress_0
2019-07-13 07:45:47,330 INFO  impl.FollowerState (FollowerState.java:run(106)) - 7ba46cb1-1a35-4258-aa91-dac5fff72408:group-F68CC2B7F04D changes to CANDIDATE, lastRpcTime:5026, electionTimeout:5026ms
2019-07-13 07:45:47,339 INFO  impl.FollowerState (FollowerState.java:run(106)) - 9f00932c-fd6e-4f79-9102-0c8b0e5c90fc:group-F68CC2B7F04D changes to CANDIDATE, lastRpcTime:5034, electionTimeout:5026ms
2019-07-13 07:45:47,341 INFO  impl.RoleInfo (RoleInfo.java:shutdownFollowerState(121)) - 9f00932c-fd6e-4f79-9102-0c8b0e5c90fc: shutdown FollowerState
2019-07-13 07:45:47,339 INFO  impl.RoleInfo (RoleInfo.java:shutdownFollowerState(121)) - 7ba46cb1-1a35-4258-aa91-dac5fff72408: shutdown FollowerState
2019-07-13 07:45:47,341 INFO  impl.RaftServerImpl (RaftServerImpl.java:setRole(171)) - 9f00932c-fd6e-4f79-9102-0c8b0e5c90fc:group-F68CC2B7F04D changes role from FOLLOWER to CANDIDATE at term 0 for changeToCandidate
2019-07-13 07:45:47,342 INFO  impl.RaftServerImpl (RaftServerImpl.java:setRole(171)) - 7ba46cb1-1a35-4258-aa91-dac5fff72408:group-F68CC2B7F04D changes role from FOLLOWER to CANDIDATE at term 0 for changeToCandidate
2019-07-13 07:45:47,342 INFO  impl.RoleInfo (RoleInfo.java:updateAndGet(143)) - 9f00932c-fd6e-4f79-9102-0c8b0e5c90fc: start LeaderElection
2019-07-13 07:45:47,342 INFO  impl.RoleInfo (RoleInfo.java:updateAndGet(143)) - 7ba46cb1-1a35-4258-aa91-dac5fff72408: start LeaderElection
2019-07-13 07:45:47,356 INFO  impl.FollowerState (FollowerState.java:run(106)) - 292e5068-2635-4b85-ab72-b1ce48bb290d:group-2123149BE747 changes to CANDIDATE, lastRpcTime:5146, electionTimeout:5146ms
2019-07-13 07:45:47,356 INFO  impl.RoleInfo (RoleInfo.java:shutdownFollowerState(121)) - 292e5068-2635-4b85-ab72-b1ce48bb290d: shutdown FollowerState
2019-07-13 07:45:47,356 INFO  impl.RaftServerImpl (RaftServerImpl.java:setRole(171)) - 292e5068-2635-4b85-ab72-b1ce48bb290d:group-2123149BE747 changes role from FOLLOWER to CANDIDATE at term 0 for changeToCandidate
2019-07-13 07:45:47,356 INFO  impl.RoleInfo (RoleInfo.java:updateAndGet(143)) - 292e5068-2635-4b85-ab72-b1ce48bb290d: start LeaderElection
2019-07-13 07:45:47,376 INFO  impl.LeaderElection (LeaderElection.java:askForVotes(181)) - 7ba46cb1-1a35-4258-aa91-dac5fff72408:group-F68CC2B7F04D:LeaderElection8: begin an election at term 1 for -1: [9f00932c-fd6e-4f79-9102-0c8b0e5c90fc:192.168.69.84:34108, 7ba46cb1-1a35-4258-aa91-dac5fff72408:192.168.69.84:42572, 2d959879-8814-4dda-9d68-c16227aaa522:192.168.69.84:43992], old=null
2019-07-13 07:45:47,376 INFO  impl.LeaderElection (LeaderElection.java:askForVotes(181)) - 9f00932c-fd6e-4f79-9102-0c8b0e5c90fc:group-F68CC2B7F04D:LeaderElection7: begin an election at term 1 for -1: [9f00932c-fd6e-4f79-9102-0c8b0e5c90fc:192.168.69.84:34108, 7ba46cb1-1a35-4258-aa91-dac5fff72408:192.168.69.84:42572, 2d959879-8814-4dda-9d68-c16227aaa522:192.168.69.84:43992], old=null
2019-07-13 07:45:47,378 INFO  impl.LeaderElection (LeaderElection.java:askForVotes(181)) - 292e5068-2635-4b85-ab72-b1ce48bb290d:group-2123149BE747:LeaderElection9: begin an election at term 1 for -1: [292e5068-2635-4b85-ab72-b1ce48bb290d:192.168.69.84:45184], old=null
2019-07-13 07:45:47,378 INFO  impl.RoleInfo (RoleInfo.java:shutdownLeaderElection(134)) - 292e5068-2635-4b85-ab72-b1ce48bb290d: shutdown LeaderElection
2019-07-13 07:45:47,379 INFO  impl.RaftServerImpl (RaftServerImpl.java:setRole(171)) - 292e5068-2635-4b85-ab72-b1ce48bb290d:group-2123149BE747 changes role from CANDIDATE to LEADER at term 1 for changeToLeader
2019-07-13 07:45:47,379 INFO  impl.RaftServerImpl (ServerState.java:setLeader(263)) - 292e5068-2635-4b85-ab72-b1ce48bb290d:group-2123149BE747 change Leader from null to 292e5068-2635-4b85-ab72-b1ce48bb290d at term 1 for becomeLeader, leader elected after 5173ms
2019-07-13 07:45:47,381 INFO  server.RaftServerConfigKeys (ConfUtils.java:logGet(43)) - raft.server.staging.catchup.gap = 1000 (default)
2019-07-13 07:45:47,381 INFO  server.RaftServerConfigKeys (ConfUtils.java:logGet(43)) - raft.server.rpc.sleep.time = 25ms (default)
2019-07-13 07:45:47,381 INFO  server.RaftServerConfigKeys (ConfUtils.java:logGet(43)) - raft.server.write.element-limit = 4096 (default)
2019-07-13 07:45:47,381 INFO  server.RaftServerConfigKeys (ConfUtils.java:logGet(43)) - raft.server.watch.timeout = 10s (default)
2019-07-13 07:45:47,382 INFO  server.RaftServerConfigKeys (ConfUtils.java:logGet(43)) - raft.server.watch.timeout.denomination = 1s (default)
2019-07-13 07:45:47,382 INFO  server.RaftServerConfigKeys (ConfUtils.java:logGet(43)) - raft.server.watch.element-limit = 65536 (default)
2019-07-13 07:45:47,382 INFO  impl.RoleInfo (RoleInfo.java:updateAndGet(143)) - 292e5068-2635-4b85-ab72-b1ce48bb290d: start LeaderState
2019-07-13 07:45:47,382 INFO  segmented.SegmentedRaftLogWorker (SegmentedRaftLogWorker.java:startLogSegment(380)) - 292e5068-2635-4b85-ab72-b1ce48bb290d-SegmentedRaftLogWorker:Storage Directory /tmp/workdir/hadoop-ozone/integration-test/target/test-dir/MiniOzoneClusterImpl-5ac1d508-1700-49a1-8f37-e4cad1a6cc92/datanode-4/data/ratis/a761f8ed-98cc-45f7-be89-2123149be747: Starting segment from index:0
2019-07-13 07:45:47,383 INFO  impl.RaftServerImpl (ServerState.java:setRaftConf(361)) - 292e5068-2635-4b85-ab72-b1ce48bb290d:group-2123149BE747 set configuration 0: [292e5068-2635-4b85-ab72-b1ce48bb290d:192.168.69.84:45184], old=null at 0
2019-07-13 07:45:47,411 INFO  impl.FollowerState (FollowerState.java:run(106)) - 2d959879-8814-4dda-9d68-c16227aaa522:group-F68CC2B7F04D changes to CANDIDATE, lastRpcTime:5105, electionTimeout:5105ms
2019-07-13 07:45:47,412 INFO  impl.RoleInfo (RoleInfo.java:shutdownFollowerState(121)) - 2d959879-8814-4dda-9d68-c16227aaa522: shutdown FollowerState
2019-07-13 07:45:47,412 INFO  impl.FollowerState (FollowerState.java:run(106)) - 209f1d8d-4964-4543-a1ce-63909dc5ac44:group-B1C3FC638945 changes to CANDIDATE, lastRpcTime:5012, electionTimeout:5012ms
2019-07-13 07:45:47,412 INFO  impl.RaftServerImpl (RaftServerImpl.java:setRole(171)) - 2d959879-8814-4dda-9d68-c16227aaa522:group-F68CC2B7F04D changes role from FOLLOWER to CANDIDATE at term 0 for changeToCandidate
2019-07-13 07:45:47,412 INFO  impl.RoleInfo (RoleInfo.java:shutdownFollowerState(121)) - 209f1d8d-4964-4543-a1ce-63909dc5ac44: shutdown FollowerState
2019-07-13 07:45:47,413 INFO  impl.RaftServerImpl (RaftServerImpl.java:setRole(171)) - 209f1d8d-4964-4543-a1ce-63909dc5ac44:group-B1C3FC638945 changes role from FOLLOWER to CANDIDATE at term 0 for changeToCandidate
2019-07-13 07:45:47,413 INFO  impl.RoleInfo (RoleInfo.java:updateAndGet(143)) - 2d959879-8814-4dda-9d68-c16227aaa522: start LeaderElection
2019-07-13 07:45:47,413 INFO  impl.RoleInfo (RoleInfo.java:updateAndGet(143)) - 209f1d8d-4964-4543-a1ce-63909dc5ac44: start LeaderElection
2019-07-13 07:45:47,420 INFO  segmented.SegmentedRaftLogWorker (SegmentedRaftLogWorker.java:execute(569)) - 292e5068-2635-4b85-ab72-b1ce48bb290d-SegmentedRaftLogWorker:Storage Directory /tmp/workdir/hadoop-ozone/integration-test/target/test-dir/MiniOzoneClusterImpl-5ac1d508-1700-49a1-8f37-e4cad1a6cc92/datanode-4/data/ratis/a761f8ed-98cc-45f7-be89-2123149be747: created new log segment /tmp/workdir/hadoop-ozone/integration-test/target/test-dir/MiniOzoneClusterImpl-5ac1d508-1700-49a1-8f37-e4cad1a6cc92/datanode-4/data/ratis/a761f8ed-98cc-45f7-be89-2123149be747/current/log_inprogress_0
2019-07-13 07:45:47,422 INFO  impl.FollowerState (FollowerState.java:run(106)) - c19ba71b-66e7-4db4-b375-62e358c85a29:group-B1C3FC638945 changes to CANDIDATE, lastRpcTime:5020, electionTimeout:5015ms
2019-07-13 07:45:47,422 INFO  impl.RoleInfo (RoleInfo.java:shutdownFollowerState(121)) - c19ba71b-66e7-4db4-b375-62e358c85a29: shutdown FollowerState
2019-07-13 07:45:47,423 INFO  impl.RaftServerImpl (RaftServerImpl.java:setRole(171)) - c19ba71b-66e7-4db4-b375-62e358c85a29:group-B1C3FC638945 changes role from FOLLOWER to CANDIDATE at term 0 for changeToCandidate
2019-07-13 07:45:47,423 INFO  impl.RoleInfo (RoleInfo.java:updateAndGet(143)) - c19ba71b-66e7-4db4-b375-62e358c85a29: start LeaderElection
2019-07-13 07:45:47,495 INFO  impl.LeaderElection (LeaderElection.java:askForVotes(181)) - 2d959879-8814-4dda-9d68-c16227aaa522:group-F68CC2B7F04D:LeaderElection10: begin an election at term 1 for -1: [9f00932c-fd6e-4f79-9102-0c8b0e5c90fc:192.168.69.84:34108, 7ba46cb1-1a35-4258-aa91-dac5fff72408:192.168.69.84:42572, 2d959879-8814-4dda-9d68-c16227aaa522:192.168.69.84:43992], old=null
2019-07-13 07:45:47,495 INFO  impl.LeaderElection (LeaderElection.java:askForVotes(181)) - c19ba71b-66e7-4db4-b375-62e358c85a29:group-B1C3FC638945:LeaderElection12: begin an election at term 1 for -1: [c19ba71b-66e7-4db4-b375-62e358c85a29:192.168.69.84:43437, d551fa2e-1e1a-4bc0-928c-6dbc342b9b94:192.168.69.84:33989, 209f1d8d-4964-4543-a1ce-63909dc5ac44:192.168.69.84:39962], old=null
2019-07-13 07:45:47,495 INFO  impl.LeaderElection (LeaderElection.java:askForVotes(181)) - 209f1d8d-4964-4543-a1ce-63909dc5ac44:group-B1C3FC638945:LeaderElection11: begin an election at term 1 for -1: [c19ba71b-66e7-4db4-b375-62e358c85a29:192.168.69.84:43437, d551fa2e-1e1a-4bc0-928c-6dbc342b9b94:192.168.69.84:33989, 209f1d8d-4964-4543-a1ce-63909dc5ac44:192.168.69.84:39962], old=null
2019-07-13 07:45:47,520 INFO  impl.LeaderElection (LeaderElection.java:logAndReturn(56)) - 9f00932c-fd6e-4f79-9102-0c8b0e5c90fc:group-F68CC2B7F04D:LeaderElection7: Election REJECTED; received 2 response(s) [9f00932c-fd6e-4f79-9102-0c8b0e5c90fc<-7ba46cb1-1a35-4258-aa91-dac5fff72408#0:FAIL-t1, 9f00932c-fd6e-4f79-9102-0c8b0e5c90fc<-2d959879-8814-4dda-9d68-c16227aaa522#0:FAIL-t1] and 0 exception(s); 9f00932c-fd6e-4f79-9102-0c8b0e5c90fc:t1, leader=null, voted=9f00932c-fd6e-4f79-9102-0c8b0e5c90fc, raftlog=9f00932c-fd6e-4f79-9102-0c8b0e5c90fc-SegmentedRaftLog:OPENED:c-1,f-1,i0, conf=-1: [9f00932c-fd6e-4f79-9102-0c8b0e5c90fc:192.168.69.84:34108, 7ba46cb1-1a35-4258-aa91-dac5fff72408:192.168.69.84:42572, 2d959879-8814-4dda-9d68-c16227aaa522:192.168.69.84:43992], old=null
2019-07-13 07:45:47,520 INFO  impl.LeaderElection (LeaderElection.java:logAndReturn(56)) - 7ba46cb1-1a35-4258-aa91-dac5fff72408:group-F68CC2B7F04D:LeaderElection8: Election REJECTED; received 2 response(s) [7ba46cb1-1a35-4258-aa91-dac5fff72408<-9f00932c-fd6e-4f79-9102-0c8b0e5c90fc#0:FAIL-t1, 7ba46cb1-1a35-4258-aa91-dac5fff72408<-2d959879-8814-4dda-9d68-c16227aaa522#0:FAIL-t1] and 0 exception(s); 7ba46cb1-1a35-4258-aa91-dac5fff72408:t1, leader=null, voted=7ba46cb1-1a35-4258-aa91-dac5fff72408, raftlog=7ba46cb1-1a35-4258-aa91-dac5fff72408-SegmentedRaftLog:OPENED:c-1,f-1,i0, conf=-1: [9f00932c-fd6e-4f79-9102-0c8b0e5c90fc:192.168.69.84:34108, 7ba46cb1-1a35-4258-aa91-dac5fff72408:192.168.69.84:42572, 2d959879-8814-4dda-9d68-c16227aaa522:192.168.69.84:43992], old=null
2019-07-13 07:45:47,529 INFO  impl.RaftServerImpl (RaftServerImpl.java:setRole(171)) - 7ba46cb1-1a35-4258-aa91-dac5fff72408:group-F68CC2B7F04D changes role from CANDIDATE to FOLLOWER at term 1 for DISCOVERED_A_NEW_TERM
2019-07-13 07:45:47,529 INFO  impl.RaftServerImpl (RaftServerImpl.java:setRole(171)) - 9f00932c-fd6e-4f79-9102-0c8b0e5c90fc:group-F68CC2B7F04D changes role from CANDIDATE to FOLLOWER at term 1 for DISCOVERED_A_NEW_TERM
2019-07-13 07:45:47,529 INFO  impl.RoleInfo (RoleInfo.java:shutdownLeaderElection(134)) - 7ba46cb1-1a35-4258-aa91-dac5fff72408: shutdown LeaderElection
2019-07-13 07:45:47,531 INFO  impl.RoleInfo (RoleInfo.java:shutdownLeaderElection(134)) - 9f00932c-fd6e-4f79-9102-0c8b0e5c90fc: shutdown LeaderElection
2019-07-13 07:45:47,531 INFO  impl.RoleInfo (RoleInfo.java:updateAndGet(143)) - 7ba46cb1-1a35-4258-aa91-dac5fff72408: start FollowerState
2019-07-13 07:45:47,531 INFO  impl.RoleInfo (RoleInfo.java:updateAndGet(143)) - 9f00932c-fd6e-4f79-9102-0c8b0e5c90fc: start FollowerState
2019-07-13 07:45:47,548 INFO  impl.RaftServerImpl (RaftServerImpl.java:setRole(171)) - d551fa2e-1e1a-4bc0-928c-6dbc342b9b94:group-B1C3FC638945 changes role from FOLLOWER to FOLLOWER at term 1 for recognizeCandidate:209f1d8d-4964-4543-a1ce-63909dc5ac44
2019-07-13 07:45:47,548 INFO  impl.RoleInfo (RoleInfo.java:shutdownFollowerState(121)) - d551fa2e-1e1a-4bc0-928c-6dbc342b9b94: shutdown FollowerState
2019-07-13 07:45:47,553 INFO  impl.RoleInfo (RoleInfo.java:updateAndGet(143)) - d551fa2e-1e1a-4bc0-928c-6dbc342b9b94: start FollowerState
2019-07-13 07:45:47,555 INFO  impl.FollowerState (FollowerState.java:run(114)) - d551fa2e-1e1a-4bc0-928c-6dbc342b9b94: FollowerState was interrupted: java.lang.InterruptedException: sleep interrupted
2019-07-13 07:45:47,562 INFO  impl.LeaderElection (LeaderElection.java:logAndReturn(56)) - 2d959879-8814-4dda-9d68-c16227aaa522:group-F68CC2B7F04D:LeaderElection10: Election REJECTED; received 2 response(s) [2d959879-8814-4dda-9d68-c16227aaa522<-9f00932c-fd6e-4f79-9102-0c8b0e5c90fc#0:FAIL-t1, 2d959879-8814-4dda-9d68-c16227aaa522<-7ba46cb1-1a35-4258-aa91-dac5fff72408#0:FAIL-t1] and 0 exception(s); 2d959879-8814-4dda-9d68-c16227aaa522:t1, leader=null, voted=2d959879-8814-4dda-9d68-c16227aaa522, raftlog=2d959879-8814-4dda-9d68-c16227aaa522-SegmentedRaftLog:OPENED:c-1,f-1,i0, conf=-1: [9f00932c-fd6e-4f79-9102-0c8b0e5c90fc:192.168.69.84:34108, 7ba46cb1-1a35-4258-aa91-dac5fff72408:192.168.69.84:42572, 2d959879-8814-4dda-9d68-c16227aaa522:192.168.69.84:43992], old=null
2019-07-13 07:45:47,564 INFO  impl.RaftServerImpl (RaftServerImpl.java:setRole(171)) - 2d959879-8814-4dda-9d68-c16227aaa522:group-F68CC2B7F04D changes role from CANDIDATE to FOLLOWER at term 1 for DISCOVERED_A_NEW_TERM
2019-07-13 07:45:47,566 INFO  impl.RoleInfo (RoleInfo.java:shutdownLeaderElection(134)) - 2d959879-8814-4dda-9d68-c16227aaa522: shutdown LeaderElection
2019-07-13 07:45:47,568 INFO  impl.RoleInfo (RoleInfo.java:updateAndGet(143)) - 2d959879-8814-4dda-9d68-c16227aaa522: start FollowerState
2019-07-13 07:45:47,585 INFO  client.GrpcClientProtocolClient (GrpcClientProtocolClient.java:onNext(255)) - client-DEDBBDFDE2C9->d551fa2e-1e1a-4bc0-928c-6dbc342b9b94: receive RaftClientReply:client-DEDBBDFDE2C9->d551fa2e-1e1a-4bc0-928c-6dbc342b9b94@group-B1C3FC638945, cid=13, FAILED org.apache.ratis.protocol.NotLeaderException: Server d551fa2e-1e1a-4bc0-928c-6dbc342b9b94 is not the leader (null). Request must be sent to leader., logIndex=0, commits[d551fa2e-1e1a-4bc0-928c-6dbc342b9b94:c-1]
2019-07-13 07:45:47,605 INFO  impl.LeaderElection (LeaderElection.java:logAndReturn(56)) - c19ba71b-66e7-4db4-b375-62e358c85a29:group-B1C3FC638945:LeaderElection12: Election REJECTED; received 2 response(s) [c19ba71b-66e7-4db4-b375-62e358c85a29<-d551fa2e-1e1a-4bc0-928c-6dbc342b9b94#0:FAIL-t1, c19ba71b-66e7-4db4-b375-62e358c85a29<-209f1d8d-4964-4543-a1ce-63909dc5ac44#0:FAIL-t1] and 0 exception(s); c19ba71b-66e7-4db4-b375-62e358c85a29:t1, leader=null, voted=c19ba71b-66e7-4db4-b375-62e358c85a29, raftlog=c19ba71b-66e7-4db4-b375-62e358c85a29-SegmentedRaftLog:OPENED:c-1,f-1,i0, conf=-1: [c19ba71b-66e7-4db4-b375-62e358c85a29:192.168.69.84:43437, d551fa2e-1e1a-4bc0-928c-6dbc342b9b94:192.168.69.84:33989, 209f1d8d-4964-4543-a1ce-63909dc5ac44:192.168.69.84:39962], old=null
2019-07-13 07:45:47,605 INFO  impl.RaftServerImpl (RaftServerImpl.java:setRole(171)) - c19ba71b-66e7-4db4-b375-62e358c85a29:group-B1C3FC638945 changes role from CANDIDATE to FOLLOWER at term 1 for DISCOVERED_A_NEW_TERM
2019-07-13 07:45:47,605 INFO  impl.LeaderElection (LeaderElection.java:logAndReturn(56)) - 209f1d8d-4964-4543-a1ce-63909dc5ac44:group-B1C3FC638945:LeaderElection11: Election PASSED; received 2 response(s) [209f1d8d-4964-4543-a1ce-63909dc5ac44<-c19ba71b-66e7-4db4-b375-62e358c85a29#0:FAIL-t1, 209f1d8d-4964-4543-a1ce-63909dc5ac44<-d551fa2e-1e1a-4bc0-928c-6dbc342b9b94#0:OK-t1] and 0 exception(s); 209f1d8d-4964-4543-a1ce-63909dc5ac44:t1, leader=null, voted=209f1d8d-4964-4543-a1ce-63909dc5ac44, raftlog=209f1d8d-4964-4543-a1ce-63909dc5ac44-SegmentedRaftLog:OPENED:c-1,f-1,i0, conf=-1: [c19ba71b-66e7-4db4-b375-62e358c85a29:192.168.69.84:43437, d551fa2e-1e1a-4bc0-928c-6dbc342b9b94:192.168.69.84:33989, 209f1d8d-4964-4543-a1ce-63909dc5ac44:192.168.69.84:39962], old=null
2019-07-13 07:45:47,605 INFO  impl.RoleInfo (RoleInfo.java:shutdownLeaderElection(134)) - c19ba71b-66e7-4db4-b375-62e358c85a29: shutdown LeaderElection
2019-07-13 07:45:47,609 INFO  impl.RoleInfo (RoleInfo.java:shutdownLeaderElection(134)) - 209f1d8d-4964-4543-a1ce-63909dc5ac44: shutdown LeaderElection
2019-07-13 07:45:47,620 INFO  impl.RaftServerImpl (RaftServerImpl.java:setRole(171)) - 209f1d8d-4964-4543-a1ce-63909dc5ac44:group-B1C3FC638945 changes role from CANDIDATE to LEADER at term 1 for changeToLeader
2019-07-13 07:45:47,620 INFO  impl.RoleInfo (RoleInfo.java:updateAndGet(143)) - c19ba71b-66e7-4db4-b375-62e358c85a29: start FollowerState
2019-07-13 07:45:47,620 INFO  impl.RaftServerImpl (ServerState.java:setLeader(263)) - 209f1d8d-4964-4543-a1ce-63909dc5ac44:group-B1C3FC638945 change Leader from null to 209f1d8d-4964-4543-a1ce-63909dc5ac44 at term 1 for becomeLeader, leader elected after 5231ms
2019-07-13 07:45:47,621 INFO  server.RaftServerConfigKeys (ConfUtils.java:logGet(43)) - raft.server.staging.catchup.gap = 1000 (default)
2019-07-13 07:45:47,621 INFO  server.RaftServerConfigKeys (ConfUtils.java:logGet(43)) - raft.server.rpc.sleep.time = 25ms (default)
2019-07-13 07:45:47,621 INFO  server.RaftServerConfigKeys (ConfUtils.java:logGet(43)) - raft.server.write.element-limit = 4096 (default)
2019-07-13 07:45:47,621 INFO  server.RaftServerConfigKeys (ConfUtils.java:logGet(43)) - raft.server.watch.timeout = 10s (default)
2019-07-13 07:45:47,621 INFO  server.RaftServerConfigKeys (ConfUtils.java:logGet(43)) - raft.server.watch.timeout.denomination = 1s (default)
2019-07-13 07:45:47,622 INFO  server.RaftServerConfigKeys (ConfUtils.java:logGet(43)) - raft.server.watch.element-limit = 65536 (default)
2019-07-13 07:45:47,624 INFO  server.RaftServerConfigKeys (ConfUtils.java:logGet(43)) - raft.server.log.appender.snapshot.chunk.size.max = 16MB (=16777216) (default)
2019-07-13 07:45:47,625 INFO  server.RaftServerConfigKeys (ConfUtils.java:logGet(43)) - raft.server.log.appender.buffer.byte-limit = 33554432 (custom)
2019-07-13 07:45:47,625 INFO  server.RaftServerConfigKeys (ConfUtils.java:logGet(43)) - raft.server.log.appender.buffer.element-limit = 1 (custom)
2019-07-13 07:45:47,629 INFO  grpc.GrpcConfigKeys$Server (ConfUtils.java:logGet(43)) - raft.grpc.server.leader.outstanding.appends.max = 128 (default)
2019-07-13 07:45:47,631 INFO  server.RaftServerConfigKeys (ConfUtils.java:logGet(43)) - raft.server.rpc.request.timeout = 3000ms (default)
2019-07-13 07:45:47,631 INFO  server.RaftServerConfigKeys (ConfUtils.java:logGet(43)) - raft.server.log.appender.install.snapshot.enabled = false (custom)
2019-07-13 07:45:47,631 INFO  server.RaftServerConfigKeys (ConfUtils.java:logGet(43)) - raft.server.log.appender.snapshot.chunk.size.max = 16MB (=16777216) (default)
2019-07-13 07:45:47,632 INFO  server.RaftServerConfigKeys (ConfUtils.java:logGet(43)) - raft.server.log.appender.buffer.byte-limit = 33554432 (custom)
2019-07-13 07:45:47,632 INFO  server.RaftServerConfigKeys (ConfUtils.java:logGet(43)) - raft.server.log.appender.buffer.element-limit = 1 (custom)
2019-07-13 07:45:47,632 INFO  grpc.GrpcConfigKeys$Server (ConfUtils.java:logGet(43)) - raft.grpc.server.leader.outstanding.appends.max = 128 (default)
2019-07-13 07:45:47,632 INFO  server.RaftServerConfigKeys (ConfUtils.java:logGet(43)) - raft.server.rpc.request.timeout = 3000ms (default)
2019-07-13 07:45:47,632 INFO  server.RaftServerConfigKeys (ConfUtils.java:logGet(43)) - raft.server.log.appender.install.snapshot.enabled = false (custom)
2019-07-13 07:45:47,634 INFO  impl.RoleInfo (RoleInfo.java:updateAndGet(143)) - 209f1d8d-4964-4543-a1ce-63909dc5ac44: start LeaderState
2019-07-13 07:45:47,634 INFO  segmented.SegmentedRaftLogWorker (SegmentedRaftLogWorker.java:startLogSegment(380)) - 209f1d8d-4964-4543-a1ce-63909dc5ac44-SegmentedRaftLogWorker:Storage Directory /tmp/workdir/hadoop-ozone/integration-test/target/test-dir/MiniOzoneClusterImpl-5ac1d508-1700-49a1-8f37-e4cad1a6cc92/datanode-1/data/ratis/800694ea-2d70-4415-acd2-b1c3fc638945: Starting segment from index:0
2019-07-13 07:45:47,635 INFO  impl.RaftServerImpl (ServerState.java:setRaftConf(361)) - 209f1d8d-4964-4543-a1ce-63909dc5ac44:group-B1C3FC638945 set configuration 0: [c19ba71b-66e7-4db4-b375-62e358c85a29:192.168.69.84:43437, d551fa2e-1e1a-4bc0-928c-6dbc342b9b94:192.168.69.84:33989, 209f1d8d-4964-4543-a1ce-63909dc5ac44:192.168.69.84:39962], old=null at 0
2019-07-13 07:45:47,667 INFO  segmented.SegmentedRaftLogWorker (SegmentedRaftLogWorker.java:execute(569)) - 209f1d8d-4964-4543-a1ce-63909dc5ac44-SegmentedRaftLogWorker:Storage Directory /tmp/workdir/hadoop-ozone/integration-test/target/test-dir/MiniOzoneClusterImpl-5ac1d508-1700-49a1-8f37-e4cad1a6cc92/datanode-1/data/ratis/800694ea-2d70-4415-acd2-b1c3fc638945: created new log segment /tmp/workdir/hadoop-ozone/integration-test/target/test-dir/MiniOzoneClusterImpl-5ac1d508-1700-49a1-8f37-e4cad1a6cc92/datanode-1/data/ratis/800694ea-2d70-4415-acd2-b1c3fc638945/current/log_inprogress_0
2019-07-13 07:45:47,675 INFO  impl.RaftServerImpl (ServerState.java:setLeader(263)) - c19ba71b-66e7-4db4-b375-62e358c85a29:group-B1C3FC638945 change Leader from null to 209f1d8d-4964-4543-a1ce-63909dc5ac44 at term 1 for appendEntries, leader elected after 5285ms
2019-07-13 07:45:47,675 INFO  impl.RaftServerImpl (ServerState.java:setLeader(263)) - d551fa2e-1e1a-4bc0-928c-6dbc342b9b94:group-B1C3FC638945 change Leader from null to 209f1d8d-4964-4543-a1ce-63909dc5ac44 at term 1 for appendEntries, leader elected after 5285ms
2019-07-13 07:45:47,714 INFO  impl.RaftServerImpl (ServerState.java:setRaftConf(361)) - d551fa2e-1e1a-4bc0-928c-6dbc342b9b94:group-B1C3FC638945 set configuration 0: [c19ba71b-66e7-4db4-b375-62e358c85a29:192.168.69.84:43437, d551fa2e-1e1a-4bc0-928c-6dbc342b9b94:192.168.69.84:33989, 209f1d8d-4964-4543-a1ce-63909dc5ac44:192.168.69.84:39962], old=null at 0
2019-07-13 07:45:47,715 INFO  segmented.SegmentedRaftLogWorker (SegmentedRaftLogWorker.java:startLogSegment(380)) - d551fa2e-1e1a-4bc0-928c-6dbc342b9b94-SegmentedRaftLogWorker:Storage Directory /tmp/workdir/hadoop-ozone/integration-test/target/test-dir/MiniOzoneClusterImpl-5ac1d508-1700-49a1-8f37-e4cad1a6cc92/datanode-0/data/ratis/800694ea-2d70-4415-acd2-b1c3fc638945: Starting segment from index:0
2019-07-13 07:45:47,716 INFO  impl.RaftServerImpl (ServerState.java:setRaftConf(361)) - c19ba71b-66e7-4db4-b375-62e358c85a29:group-B1C3FC638945 set configuration 0: [c19ba71b-66e7-4db4-b375-62e358c85a29:192.168.69.84:43437, d551fa2e-1e1a-4bc0-928c-6dbc342b9b94:192.168.69.84:33989, 209f1d8d-4964-4543-a1ce-63909dc5ac44:192.168.69.84:39962], old=null at 0
2019-07-13 07:45:47,716 INFO  segmented.SegmentedRaftLogWorker (SegmentedRaftLogWorker.java:startLogSegment(380)) - c19ba71b-66e7-4db4-b375-62e358c85a29-SegmentedRaftLogWorker:Storage Directory /tmp/workdir/hadoop-ozone/integration-test/target/test-dir/MiniOzoneClusterImpl-5ac1d508-1700-49a1-8f37-e4cad1a6cc92/datanode-2/data/ratis/800694ea-2d70-4415-acd2-b1c3fc638945: Starting segment from index:0
2019-07-13 07:45:47,744 INFO  segmented.SegmentedRaftLogWorker (SegmentedRaftLogWorker.java:execute(569)) - c19ba71b-66e7-4db4-b375-62e358c85a29-SegmentedRaftLogWorker:Storage Directory /tmp/workdir/hadoop-ozone/integration-test/target/test-dir/MiniOzoneClusterImpl-5ac1d508-1700-49a1-8f37-e4cad1a6cc92/datanode-2/data/ratis/800694ea-2d70-4415-acd2-b1c3fc638945: created new log segment /tmp/workdir/hadoop-ozone/integration-test/target/test-dir/MiniOzoneClusterImpl-5ac1d508-1700-49a1-8f37-e4cad1a6cc92/datanode-2/data/ratis/800694ea-2d70-4415-acd2-b1c3fc638945/current/log_inprogress_0
2019-07-13 07:45:47,744 INFO  segmented.SegmentedRaftLogWorker (SegmentedRaftLogWorker.java:execute(569)) - d551fa2e-1e1a-4bc0-928c-6dbc342b9b94-SegmentedRaftLogWorker:Storage Directory /tmp/workdir/hadoop-ozone/integration-test/target/test-dir/MiniOzoneClusterImpl-5ac1d508-1700-49a1-8f37-e4cad1a6cc92/datanode-0/data/ratis/800694ea-2d70-4415-acd2-b1c3fc638945: created new log segment /tmp/workdir/hadoop-ozone/integration-test/target/test-dir/MiniOzoneClusterImpl-5ac1d508-1700-49a1-8f37-e4cad1a6cc92/datanode-0/data/ratis/800694ea-2d70-4415-acd2-b1c3fc638945/current/log_inprogress_0
2019-07-13 07:45:48,914 INFO  client.GrpcClientProtocolClient (GrpcClientProtocolClient.java:onNext(255)) - client-DEDBBDFDE2C9->209f1d8d-4964-4543-a1ce-63909dc5ac44: receive RaftClientReply:client-DEDBBDFDE2C9->209f1d8d-4964-4543-a1ce-63909dc5ac44@group-B1C3FC638945, cid=13, SUCCESS, logIndex=1, commits[209f1d8d-4964-4543-a1ce-63909dc5ac44:c1, c19ba71b-66e7-4db4-b375-62e358c85a29:c0, d551fa2e-1e1a-4bc0-928c-6dbc342b9b94:c0]
2019-07-13 07:45:48,950 INFO  client.GrpcClientProtocolClient (GrpcClientProtocolClient.java:onNext(255)) - client-DEDBBDFDE2C9->209f1d8d-4964-4543-a1ce-63909dc5ac44: receive RaftClientReply:client-DEDBBDFDE2C9->209f1d8d-4964-4543-a1ce-63909dc5ac44@group-B1C3FC638945, cid=14, SUCCESS, logIndex=3, commits[209f1d8d-4964-4543-a1ce-63909dc5ac44:c3, c19ba71b-66e7-4db4-b375-62e358c85a29:c2, d551fa2e-1e1a-4bc0-928c-6dbc342b9b94:c2]
2019-07-13 07:45:49,018 INFO  client.GrpcClientProtocolClient (GrpcClientProtocolClient.java:onNext(255)) - client-DEDBBDFDE2C9->209f1d8d-4964-4543-a1ce-63909dc5ac44: receive RaftClientReply:client-DEDBBDFDE2C9->209f1d8d-4964-4543-a1ce-63909dc5ac44@group-B1C3FC638945, cid=15, SUCCESS, logIndex=4, commits[209f1d8d-4964-4543-a1ce-63909dc5ac44:c12, c19ba71b-66e7-4db4-b375-62e358c85a29:c7, d551fa2e-1e1a-4bc0-928c-6dbc342b9b94:c7]
2019-07-13 07:45:49,021 INFO  client.GrpcClientProtocolClient (GrpcClientProtocolClient.java:onNext(255)) - client-DEDBBDFDE2C9->209f1d8d-4964-4543-a1ce-63909dc5ac44: receive RaftClientReply:client-DEDBBDFDE2C9->209f1d8d-4964-4543-a1ce-63909dc5ac44@group-B1C3FC638945, cid=16, SUCCESS, logIndex=5, commits[209f1d8d-4964-4543-a1ce-63909dc5ac44:c12, c19ba71b-66e7-4db4-b375-62e358c85a29:c7, d551fa2e-1e1a-4bc0-928c-6dbc342b9b94:c7]
2019-07-13 07:45:49,022 INFO  client.GrpcClientProtocolClient (GrpcClientProtocolClient.java:onNext(255)) - client-DEDBBDFDE2C9->209f1d8d-4964-4543-a1ce-63909dc5ac44: receive RaftClientReply:client-DEDBBDFDE2C9->209f1d8d-4964-4543-a1ce-63909dc5ac44@group-B1C3FC638945, cid=17, SUCCESS, logIndex=6, commits[209f1d8d-4964-4543-a1ce-63909dc5ac44:c12, c19ba71b-66e7-4db4-b375-62e358c85a29:c7, d551fa2e-1e1a-4bc0-928c-6dbc342b9b94:c7]
2019-07-13 07:45:49,078 INFO  client.GrpcClientProtocolClient (GrpcClientProtocolClient.java:onNext(255)) - client-DEDBBDFDE2C9->209f1d8d-4964-4543-a1ce-63909dc5ac44: receive RaftClientReply:client-DEDBBDFDE2C9->209f1d8d-4964-4543-a1ce-63909dc5ac44@group-B1C3FC638945, cid=18, SUCCESS, logIndex=7, commits[209f1d8d-4964-4543-a1ce-63909dc5ac44:c12, c19ba71b-66e7-4db4-b375-62e358c85a29:c7, d551fa2e-1e1a-4bc0-928c-6dbc342b9b94:c7]
2019-07-13 07:45:49,087 INFO  pipeline.SCMPipelineManager (SCMPipelineManager.java:finalizeAndDestroyPipeline(309)) - destroying pipeline:Pipeline[ Id: 800694ea-2d70-4415-acd2-b1c3fc638945, Nodes: c19ba71b-66e7-4db4-b375-62e358c85a29{ip: 192.168.69.84, host: trunk-nightly-9lh4p-2362225927, networkLocation: /default-rack, certSerialId: null}d551fa2e-1e1a-4bc0-928c-6dbc342b9b94{ip: 192.168.69.84, host: trunk-nightly-9lh4p-2362225927, networkLocation: /default-rack, certSerialId: null}209f1d8d-4964-4543-a1ce-63909dc5ac44{ip: 192.168.69.84, host: trunk-nightly-9lh4p-2362225927, networkLocation: /default-rack, certSerialId: null}, Type:RATIS, Factor:THREE, State:OPEN]
2019-07-13 07:45:49,088 INFO  pipeline.PipelineStateManager (PipelineStateManager.java:finalizePipeline(123)) - Pipeline Pipeline[ Id: 800694ea-2d70-4415-acd2-b1c3fc638945, Nodes: c19ba71b-66e7-4db4-b375-62e358c85a29{ip: 192.168.69.84, host: trunk-nightly-9lh4p-2362225927, networkLocation: /default-rack, certSerialId: null}d551fa2e-1e1a-4bc0-928c-6dbc342b9b94{ip: 192.168.69.84, host: trunk-nightly-9lh4p-2362225927, networkLocation: /default-rack, certSerialId: null}209f1d8d-4964-4543-a1ce-63909dc5ac44{ip: 192.168.69.84, host: trunk-nightly-9lh4p-2362225927, networkLocation: /default-rack, certSerialId: null}, Type:RATIS, Factor:THREE, State:CLOSED] moved to CLOSED state
2019-07-13 07:45:49,088 INFO  container.CloseContainerEventHandler (CloseContainerEventHandler.java:onMessage(61)) - Close container Event triggered for container : #1
2019-07-13 07:45:49,109 INFO  impl.RaftServerProxy (RaftServerProxy.java:remove(95)) - c19ba71b-66e7-4db4-b375-62e358c85a29: remove FOLLOWER group-B1C3FC638945 c19ba71b-66e7-4db4-b375-62e358c85a29:t1, leader=209f1d8d-4964-4543-a1ce-63909dc5ac44, voted=c19ba71b-66e7-4db4-b375-62e358c85a29, raftlog=c19ba71b-66e7-4db4-b375-62e358c85a29-SegmentedRaftLog:OPENED:c7,f12,i12, conf=0: [c19ba71b-66e7-4db4-b375-62e358c85a29:192.168.69.84:43437, d551fa2e-1e1a-4bc0-928c-6dbc342b9b94:192.168.69.84:33989, 209f1d8d-4964-4543-a1ce-63909dc5ac44:192.168.69.84:39962], old=null RUNNING
2019-07-13 07:45:49,112 INFO  impl.RaftServerImpl (RaftServerImpl.java:lambda$shutdown$3(245)) - c19ba71b-66e7-4db4-b375-62e358c85a29: shutdown group-B1C3FC638945
2019-07-13 07:45:49,112 INFO  util.JmxRegister (JmxRegister.java:unregister(73)) - Successfully un-registered JMX Bean with object name Ratis:service=RaftServer,group=group-B1C3FC638945,id=c19ba71b-66e7-4db4-b375-62e358c85a29
2019-07-13 07:45:49,112 INFO  impl.RoleInfo (RoleInfo.java:shutdownFollowerState(121)) - c19ba71b-66e7-4db4-b375-62e358c85a29: shutdown FollowerState
2019-07-13 07:45:49,113 INFO  impl.StateMachineUpdater (StateMachineUpdater.java:stopAndJoin(115)) - StateMachineUpdater:c19ba71b-66e7-4db4-b375-62e358c85a29:group-B1C3FC638945: set stopIndex = 7
2019-07-13 07:45:49,113 INFO  impl.FollowerState (FollowerState.java:run(114)) - c19ba71b-66e7-4db4-b375-62e358c85a29: FollowerState was interrupted: java.lang.InterruptedException: sleep interrupted
2019-07-13 07:45:49,114 INFO  ratis.ContainerStateMachine (ContainerStateMachine.java:takeSnapshot(246)) - Taking snapshot at termIndex:(t:1, i:7)
2019-07-13 07:45:49,116 INFO  ratis.ContainerStateMachine (ContainerStateMachine.java:takeSnapshot(250)) - Taking a snapshot to file /tmp/workdir/hadoop-ozone/integration-test/target/test-dir/MiniOzoneClusterImpl-5ac1d508-1700-49a1-8f37-e4cad1a6cc92/datanode-2/data/ratis/800694ea-2d70-4415-acd2-b1c3fc638945/sm/snapshot.1_7
2019-07-13 07:45:49,129 INFO  impl.StateMachineUpdater (StateMachineUpdater.java:takeSnapshot(242)) - StateMachineUpdater:c19ba71b-66e7-4db4-b375-62e358c85a29:group-B1C3FC638945: Took a snapshot at index 7
2019-07-13 07:45:49,130 INFO  impl.StateMachineUpdater (StateMachineUpdater.java:lambda$new$0(80)) - StateMachineUpdater:c19ba71b-66e7-4db4-b375-62e358c85a29:group-B1C3FC638945: snapshotIndex: updateIncreasingly -1 -> 7
2019-07-13 07:45:49,135 INFO  impl.RaftServerImpl (ServerState.java:close(394)) - c19ba71b-66e7-4db4-b375-62e358c85a29:group-B1C3FC638945 closes. The last applied log index is 7
2019-07-13 07:45:49,137 INFO  segmented.SegmentedRaftLogWorker (SegmentedRaftLogWorker.java:run(313)) - c19ba71b-66e7-4db4-b375-62e358c85a29-SegmentedRaftLogWorker:Storage Directory /tmp/workdir/hadoop-ozone/integration-test/target/test-dir/MiniOzoneClusterImpl-5ac1d508-1700-49a1-8f37-e4cad1a6cc92/datanode-2/data/ratis/800694ea-2d70-4415-acd2-b1c3fc638945 was interrupted, exiting. There are 0 tasks remaining in the queue.
2019-07-13 07:45:49,138 INFO  segmented.SegmentedRaftLogWorker (SegmentedRaftLogWorker.java:close(228)) - c19ba71b-66e7-4db4-b375-62e358c85a29-SegmentedRaftLogWorker:Storage Directory /tmp/workdir/hadoop-ozone/integration-test/target/test-dir/MiniOzoneClusterImpl-5ac1d508-1700-49a1-8f37-e4cad1a6cc92/datanode-2/data/ratis/800694ea-2d70-4415-acd2-b1c3fc638945 close()
2019-07-13 07:45:49,158 INFO  impl.RaftServerProxy (RaftServerProxy.java:remove(95)) - d551fa2e-1e1a-4bc0-928c-6dbc342b9b94: remove FOLLOWER group-B1C3FC638945 d551fa2e-1e1a-4bc0-928c-6dbc342b9b94:t1, leader=209f1d8d-4964-4543-a1ce-63909dc5ac44, voted=209f1d8d-4964-4543-a1ce-63909dc5ac44, raftlog=d551fa2e-1e1a-4bc0-928c-6dbc342b9b94-SegmentedRaftLog:OPENED:c7,f12,i12, conf=0: [c19ba71b-66e7-4db4-b375-62e358c85a29:192.168.69.84:43437, d551fa2e-1e1a-4bc0-928c-6dbc342b9b94:192.168.69.84:33989, 209f1d8d-4964-4543-a1ce-63909dc5ac44:192.168.69.84:39962], old=null RUNNING
2019-07-13 07:45:49,158 INFO  impl.RaftServerImpl (RaftServerImpl.java:lambda$shutdown$3(245)) - d551fa2e-1e1a-4bc0-928c-6dbc342b9b94: shutdown group-B1C3FC638945
2019-07-13 07:45:49,159 INFO  util.JmxRegister (JmxRegister.java:unregister(73)) - Successfully un-registered JMX Bean with object name Ratis:service=RaftServer,group=group-B1C3FC638945,id=d551fa2e-1e1a-4bc0-928c-6dbc342b9b94
2019-07-13 07:45:49,159 INFO  impl.RoleInfo (RoleInfo.java:shutdownFollowerState(121)) - d551fa2e-1e1a-4bc0-928c-6dbc342b9b94: shutdown FollowerState
2019-07-13 07:45:49,159 INFO  impl.StateMachineUpdater (StateMachineUpdater.java:stopAndJoin(115)) - StateMachineUpdater:d551fa2e-1e1a-4bc0-928c-6dbc342b9b94:group-B1C3FC638945: set stopIndex = 7
2019-07-13 07:45:49,159 INFO  ratis.ContainerStateMachine (ContainerStateMachine.java:takeSnapshot(246)) - Taking snapshot at termIndex:(t:1, i:7)
2019-07-13 07:45:49,159 INFO  impl.FollowerState (FollowerState.java:run(114)) - d551fa2e-1e1a-4bc0-928c-6dbc342b9b94: FollowerState was interrupted: java.lang.InterruptedException: sleep interrupted
2019-07-13 07:45:49,161 INFO  ratis.ContainerStateMachine (ContainerStateMachine.java:takeSnapshot(250)) - Taking a snapshot to file /tmp/workdir/hadoop-ozone/integration-test/target/test-dir/MiniOzoneClusterImpl-5ac1d508-1700-49a1-8f37-e4cad1a6cc92/datanode-0/data/ratis/800694ea-2d70-4415-acd2-b1c3fc638945/sm/snapshot.1_7
2019-07-13 07:45:49,163 INFO  impl.StateMachineUpdater (StateMachineUpdater.java:takeSnapshot(242)) - StateMachineUpdater:d551fa2e-1e1a-4bc0-928c-6dbc342b9b94:group-B1C3FC638945: Took a snapshot at index 7
2019-07-13 07:45:49,163 INFO  impl.StateMachineUpdater (StateMachineUpdater.java:lambda$new$0(80)) - StateMachineUpdater:d551fa2e-1e1a-4bc0-928c-6dbc342b9b94:group-B1C3FC638945: snapshotIndex: updateIncreasingly -1 -> 7
2019-07-13 07:45:49,163 INFO  impl.RaftServerImpl (ServerState.java:close(394)) - d551fa2e-1e1a-4bc0-928c-6dbc342b9b94:group-B1C3FC638945 closes. The last applied log index is 7
2019-07-13 07:45:49,163 INFO  segmented.SegmentedRaftLogWorker (SegmentedRaftLogWorker.java:run(313)) - d551fa2e-1e1a-4bc0-928c-6dbc342b9b94-SegmentedRaftLogWorker:Storage Directory /tmp/workdir/hadoop-ozone/integration-test/target/test-dir/MiniOzoneClusterImpl-5ac1d508-1700-49a1-8f37-e4cad1a6cc92/datanode-0/data/ratis/800694ea-2d70-4415-acd2-b1c3fc638945 was interrupted, exiting. There are 0 tasks remaining in the queue.
2019-07-13 07:45:49,165 INFO  segmented.SegmentedRaftLogWorker (SegmentedRaftLogWorker.java:close(228)) - d551fa2e-1e1a-4bc0-928c-6dbc342b9b94-SegmentedRaftLogWorker:Storage Directory /tmp/workdir/hadoop-ozone/integration-test/target/test-dir/MiniOzoneClusterImpl-5ac1d508-1700-49a1-8f37-e4cad1a6cc92/datanode-0/data/ratis/800694ea-2d70-4415-acd2-b1c3fc638945 close()
2019-07-13 07:45:49,179 INFO  impl.RaftServerProxy (RaftServerProxy.java:remove(95)) - 209f1d8d-4964-4543-a1ce-63909dc5ac44: remove   LEADER group-B1C3FC638945 209f1d8d-4964-4543-a1ce-63909dc5ac44:t1, leader=209f1d8d-4964-4543-a1ce-63909dc5ac44, voted=209f1d8d-4964-4543-a1ce-63909dc5ac44, raftlog=209f1d8d-4964-4543-a1ce-63909dc5ac44-SegmentedRaftLog:OPENED:c12,f12,i12, conf=0: [c19ba71b-66e7-4db4-b375-62e358c85a29:192.168.69.84:43437, d551fa2e-1e1a-4bc0-928c-6dbc342b9b94:192.168.69.84:33989, 209f1d8d-4964-4543-a1ce-63909dc5ac44:192.168.69.84:39962], old=null RUNNING
2019-07-13 07:45:49,179 INFO  impl.RaftServerImpl (RaftServerImpl.java:lambda$shutdown$3(245)) - 209f1d8d-4964-4543-a1ce-63909dc5ac44: shutdown group-B1C3FC638945
2019-07-13 07:45:49,180 INFO  util.JmxRegister (JmxRegister.java:unregister(73)) - Successfully un-registered JMX Bean with object name Ratis:service=RaftServer,group=group-B1C3FC638945,id=209f1d8d-4964-4543-a1ce-63909dc5ac44
2019-07-13 07:45:49,180 INFO  impl.RoleInfo (RoleInfo.java:shutdownLeaderState(104)) - 209f1d8d-4964-4543-a1ce-63909dc5ac44: shutdown LeaderState
2019-07-13 07:45:49,183 INFO  impl.PendingRequests (PendingRequests.java:sendNotLeaderResponses(202)) - 209f1d8d-4964-4543-a1ce-63909dc5ac44-PendingRequests: sendNotLeaderResponses
2019-07-13 07:45:49,183 WARN  server.GrpcLogAppender (GrpcLogAppender.java:mayWait(143)) - GrpcLogAppender(209f1d8d-4964-4543-a1ce-63909dc5ac44->d551fa2e-1e1a-4bc0-928c-6dbc342b9b94): Wait interrupted by java.lang.InterruptedException
2019-07-13 07:45:49,183 WARN  server.GrpcLogAppender (GrpcLogAppender.java:mayWait(143)) - GrpcLogAppender(209f1d8d-4964-4543-a1ce-63909dc5ac44->c19ba71b-66e7-4db4-b375-62e358c85a29): Wait interrupted by java.lang.InterruptedException
2019-07-13 07:45:49,194 INFO  server.GrpcServerProtocolService (GrpcServerProtocolService.java:onCompleted(104)) - c19ba71b-66e7-4db4-b375-62e358c85a29: appendEntries completed
2019-07-13 07:45:49,194 INFO  server.GrpcServerProtocolService (GrpcServerProtocolService.java:onCompleted(104)) - d551fa2e-1e1a-4bc0-928c-6dbc342b9b94: appendEntries completed
2019-07-13 07:45:49,198 INFO  server.GrpcLogAppender (GrpcLogAppender.java:onCompleted(292)) - 209f1d8d-4964-4543-a1ce-63909dc5ac44->c19ba71b-66e7-4db4-b375-62e358c85a29: follower responses appendEntries COMPLETED
2019-07-13 07:45:49,199 INFO  server.GrpcLogAppender (GrpcLogAppender.java:onCompleted(292)) - 209f1d8d-4964-4543-a1ce-63909dc5ac44->d551fa2e-1e1a-4bc0-928c-6dbc342b9b94: follower responses appendEntries COMPLETED
2019-07-13 07:45:49,204 INFO  impl.FollowerInfo (FollowerInfo.java:lambda$new$0(50)) - 209f1d8d-4964-4543-a1ce-63909dc5ac44->d551fa2e-1e1a-4bc0-928c-6dbc342b9b94: nextIndex: updateUnconditionally 13 -> 12
2019-07-13 07:45:49,204 INFO  ratis.ContainerStateMachine (ContainerStateMachine.java:takeSnapshot(246)) - Taking snapshot at termIndex:(t:1, i:12)
2019-07-13 07:45:49,204 INFO  impl.StateMachineUpdater (StateMachineUpdater.java:stopAndJoin(115)) - StateMachineUpdater:209f1d8d-4964-4543-a1ce-63909dc5ac44:group-B1C3FC638945: set stopIndex = 12
2019-07-13 07:45:49,204 INFO  impl.FollowerInfo (FollowerInfo.java:lambda$new$0(50)) - 209f1d8d-4964-4543-a1ce-63909dc5ac44->c19ba71b-66e7-4db4-b375-62e358c85a29: nextIndex: updateUnconditionally 13 -> 12
2019-07-13 07:45:49,204 INFO  ratis.ContainerStateMachine (ContainerStateMachine.java:takeSnapshot(250)) - Taking a snapshot to file /tmp/workdir/hadoop-ozone/integration-test/target/test-dir/MiniOzoneClusterImpl-5ac1d508-1700-49a1-8f37-e4cad1a6cc92/datanode-1/data/ratis/800694ea-2d70-4415-acd2-b1c3fc638945/sm/snapshot.1_12
2019-07-13 07:45:49,207 INFO  impl.StateMachineUpdater (StateMachineUpdater.java:takeSnapshot(242)) - StateMachineUpdater:209f1d8d-4964-4543-a1ce-63909dc5ac44:group-B1C3FC638945: Took a snapshot at index 12
2019-07-13 07:45:49,207 INFO  impl.StateMachineUpdater (StateMachineUpdater.java:lambda$new$0(80)) - StateMachineUpdater:209f1d8d-4964-4543-a1ce-63909dc5ac44:group-B1C3FC638945: snapshotIndex: updateIncreasingly -1 -> 12
2019-07-13 07:45:49,208 INFO  impl.RaftServerImpl (ServerState.java:close(394)) - 209f1d8d-4964-4543-a1ce-63909dc5ac44:group-B1C3FC638945 closes. The last applied log index is 12
2019-07-13 07:45:49,208 INFO  segmented.SegmentedRaftLogWorker (SegmentedRaftLogWorker.java:run(313)) - 209f1d8d-4964-4543-a1ce-63909dc5ac44-SegmentedRaftLogWorker:Storage Directory /tmp/workdir/hadoop-ozone/integration-test/target/test-dir/MiniOzoneClusterImpl-5ac1d508-1700-49a1-8f37-e4cad1a6cc92/datanode-1/data/ratis/800694ea-2d70-4415-acd2-b1c3fc638945 was interrupted, exiting. There are 0 tasks remaining in the queue.
2019-07-13 07:45:49,209 INFO  segmented.SegmentedRaftLogWorker (SegmentedRaftLogWorker.java:close(228)) - 209f1d8d-4964-4543-a1ce-63909dc5ac44-SegmentedRaftLogWorker:Storage Directory /tmp/workdir/hadoop-ozone/integration-test/target/test-dir/MiniOzoneClusterImpl-5ac1d508-1700-49a1-8f37-e4cad1a6cc92/datanode-1/data/ratis/800694ea-2d70-4415-acd2-b1c3fc638945 close()
2019-07-13 07:45:49,216 INFO  pipeline.PipelineStateManager (PipelineStateManager.java:removePipeline(108)) - Pipeline Pipeline[ Id: 800694ea-2d70-4415-acd2-b1c3fc638945, Nodes: c19ba71b-66e7-4db4-b375-62e358c85a29{ip: 192.168.69.84, host: trunk-nightly-9lh4p-2362225927, networkLocation: /default-rack, certSerialId: null}d551fa2e-1e1a-4bc0-928c-6dbc342b9b94{ip: 192.168.69.84, host: trunk-nightly-9lh4p-2362225927, networkLocation: /default-rack, certSerialId: null}209f1d8d-4964-4543-a1ce-63909dc5ac44{ip: 192.168.69.84, host: trunk-nightly-9lh4p-2362225927, networkLocation: /default-rack, certSerialId: null}, Type:RATIS, Factor:THREE, State:CLOSED] removed from db
2019-07-13 07:45:49,218 INFO  ratis.XceiverServerRatis (XceiverServerRatis.java:getPipelineIds(614)) - pipeline id PipelineID=970aa736-68a3-450f-b61c-d0ca664c1cab
2019-07-13 07:45:49,220 INFO  ratis.XceiverServerRatis (XceiverServerRatis.java:getPipelineIds(614)) - pipeline id PipelineID=188339b7-c3b3-4c86-ac98-86327c56133c
2019-07-13 07:45:49,220 INFO  ratis.XceiverServerRatis (XceiverServerRatis.java:getPipelineIds(614)) - pipeline id PipelineID=3da8acbd-f03e-4ea5-9166-f8e847448d5a
2019-07-13 07:45:49,235 INFO  impl.RaftServerProxy (RaftServerProxy.java:addNew(89)) - c19ba71b-66e7-4db4-b375-62e358c85a29: addNew group-E49A339D4D7F:[c19ba71b-66e7-4db4-b375-62e358c85a29:192.168.69.84:43437, d551fa2e-1e1a-4bc0-928c-6dbc342b9b94:192.168.69.84:33989, 209f1d8d-4964-4543-a1ce-63909dc5ac44:192.168.69.84:39962] returns group-E49A339D4D7F:java.util.concurrent.CompletableFuture@146b8abb[Not completed]
2019-07-13 07:45:49,238 INFO  impl.RaftServerImpl (RaftServerImpl.java:<init>(93)) - c19ba71b-66e7-4db4-b375-62e358c85a29: new RaftServerImpl for group-E49A339D4D7F:[c19ba71b-66e7-4db4-b375-62e358c85a29:192.168.69.84:43437, d551fa2e-1e1a-4bc0-928c-6dbc342b9b94:192.168.69.84:33989, 209f1d8d-4964-4543-a1ce-63909dc5ac44:192.168.69.84:39962] with ContainerStateMachine:uninitialized
2019-07-13 07:45:49,238 INFO  server.RaftServerConfigKeys (ConfUtils.java:logGet(43)) - raft.server.rpc.timeout.min = 5s (custom)
2019-07-13 07:45:49,238 INFO  server.RaftServerConfigKeys (ConfUtils.java:logGet(43)) - raft.server.rpc.timeout.max = 5200ms (custom)
2019-07-13 07:45:49,238 INFO  server.RaftServerConfigKeys (ConfUtils.java:logGet(43)) - raft.server.rpcslowness.timeout = 120s (custom)
2019-07-13 07:45:49,238 INFO  server.RaftServerConfigKeys (ConfUtils.java:logGet(43)) - raft.server.sleep.deviation.threshold = 300 (default)
2019-07-13 07:45:49,238 INFO  server.RaftServerConfigKeys (ConfUtils.java:logGet(43)) - raft.server.log.appender.install.snapshot.enabled = false (custom)
2019-07-13 07:45:49,238 INFO  impl.RaftServerImpl (ServerState.java:<init>(105)) - c19ba71b-66e7-4db4-b375-62e358c85a29:group-E49A339D4D7F ConfigurationManager, init=-1: [c19ba71b-66e7-4db4-b375-62e358c85a29:192.168.69.84:43437, d551fa2e-1e1a-4bc0-928c-6dbc342b9b94:192.168.69.84:33989, 209f1d8d-4964-4543-a1ce-63909dc5ac44:192.168.69.84:39962], old=null, confs=<EMPTY_MAP>
2019-07-13 07:45:49,239 INFO  server.RaftServerConfigKeys (ConfUtils.java:logGet(43)) - raft.server.storage.dir = [/tmp/workdir/hadoop-ozone/integration-test/target/test-dir/MiniOzoneClusterImpl-5ac1d508-1700-49a1-8f37-e4cad1a6cc92/datanode-2/data/ratis] (custom)
2019-07-13 07:45:49,240 INFO  storage.RaftStorageDirectory (RaftStorageDirectory.java:analyzeStorage(246)) - The storage directory /tmp/workdir/hadoop-ozone/integration-test/target/test-dir/MiniOzoneClusterImpl-5ac1d508-1700-49a1-8f37-e4cad1a6cc92/datanode-2/data/ratis/e08c1d03-7cb7-42a1-9e9c-e49a339d4d7f does not exist. Creating ...
2019-07-13 07:45:49,240 INFO  impl.RaftServerProxy (RaftServerProxy.java:addNew(89)) - 209f1d8d-4964-4543-a1ce-63909dc5ac44: addNew group-E49A339D4D7F:[c19ba71b-66e7-4db4-b375-62e358c85a29:192.168.69.84:43437, d551fa2e-1e1a-4bc0-928c-6dbc342b9b94:192.168.69.84:33989, 209f1d8d-4964-4543-a1ce-63909dc5ac44:192.168.69.84:39962] returns group-E49A339D4D7F:java.util.concurrent.CompletableFuture@333e0bd9[Not completed]
2019-07-13 07:45:49,242 INFO  impl.RaftServerProxy (RaftServerProxy.java:addNew(89)) - d551fa2e-1e1a-4bc0-928c-6dbc342b9b94: addNew group-E49A339D4D7F:[c19ba71b-66e7-4db4-b375-62e358c85a29:192.168.69.84:43437, d551fa2e-1e1a-4bc0-928c-6dbc342b9b94:192.168.69.84:33989, 209f1d8d-4964-4543-a1ce-63909dc5ac44:192.168.69.84:39962] returns group-E49A339D4D7F:java.util.concurrent.CompletableFuture@7c68df7b[Not completed]
2019-07-13 07:45:49,243 INFO  impl.RaftServerImpl (RaftServerImpl.java:<init>(93)) - 209f1d8d-4964-4543-a1ce-63909dc5ac44: new RaftServerImpl for group-E49A339D4D7F:[c19ba71b-66e7-4db4-b375-62e358c85a29:192.168.69.84:43437, d551fa2e-1e1a-4bc0-928c-6dbc342b9b94:192.168.69.84:33989, 209f1d8d-4964-4543-a1ce-63909dc5ac44:192.168.69.84:39962] with ContainerStateMachine:uninitialized
2019-07-13 07:45:49,243 INFO  server.RaftServerConfigKeys (ConfUtils.java:logGet(43)) - raft.server.rpc.timeout.min = 5s (custom)
2019-07-13 07:45:49,243 INFO  server.RaftServerConfigKeys (ConfUtils.java:logGet(43)) - raft.server.rpc.timeout.max = 5200ms (custom)
2019-07-13 07:45:49,243 INFO  server.RaftServerConfigKeys (ConfUtils.java:logGet(43)) - raft.server.rpcslowness.timeout = 120s (custom)
2019-07-13 07:45:49,243 INFO  server.RaftServerConfigKeys (ConfUtils.java:logGet(43)) - raft.server.sleep.deviation.threshold = 300 (default)
2019-07-13 07:45:49,243 INFO  server.RaftServerConfigKeys (ConfUtils.java:logGet(43)) - raft.server.log.appender.install.snapshot.enabled = false (custom)
2019-07-13 07:45:49,244 INFO  impl.RaftServerImpl (ServerState.java:<init>(105)) - 209f1d8d-4964-4543-a1ce-63909dc5ac44:group-E49A339D4D7F ConfigurationManager, init=-1: [c19ba71b-66e7-4db4-b375-62e358c85a29:192.168.69.84:43437, d551fa2e-1e1a-4bc0-928c-6dbc342b9b94:192.168.69.84:33989, 209f1d8d-4964-4543-a1ce-63909dc5ac44:192.168.69.84:39962], old=null, confs=<EMPTY_MAP>
2019-07-13 07:45:49,244 INFO  impl.RaftServerImpl (RaftServerImpl.java:<init>(93)) - d551fa2e-1e1a-4bc0-928c-6dbc342b9b94: new RaftServerImpl for group-E49A339D4D7F:[c19ba71b-66e7-4db4-b375-62e358c85a29:192.168.69.84:43437, d551fa2e-1e1a-4bc0-928c-6dbc342b9b94:192.168.69.84:33989, 209f1d8d-4964-4543-a1ce-63909dc5ac44:192.168.69.84:39962] with ContainerStateMachine:uninitialized
2019-07-13 07:45:49,244 INFO  server.RaftServerConfigKeys (ConfUtils.java:logGet(43)) - raft.server.storage.dir = [/tmp/workdir/hadoop-ozone/integration-test/target/test-dir/MiniOzoneClusterImpl-5ac1d508-1700-49a1-8f37-e4cad1a6cc92/datanode-1/data/ratis] (custom)
2019-07-13 07:45:49,244 INFO  server.RaftServerConfigKeys (ConfUtils.java:logGet(43)) - raft.server.rpc.timeout.min = 5s (custom)
2019-07-13 07:45:49,244 INFO  server.RaftServerConfigKeys (ConfUtils.java:logGet(43)) - raft.server.rpc.timeout.max = 5200ms (custom)
2019-07-13 07:45:49,244 INFO  storage.RaftStorageDirectory (RaftStorageDirectory.java:analyzeStorage(246)) - The storage directory /tmp/workdir/hadoop-ozone/integration-test/target/test-dir/MiniOzoneClusterImpl-5ac1d508-1700-49a1-8f37-e4cad1a6cc92/datanode-1/data/ratis/e08c1d03-7cb7-42a1-9e9c-e49a339d4d7f does not exist. Creating ...
2019-07-13 07:45:49,244 INFO  server.RaftServerConfigKeys (ConfUtils.java:logGet(43)) - raft.server.rpcslowness.timeout = 120s (custom)
2019-07-13 07:45:49,244 INFO  server.RaftServerConfigKeys (ConfUtils.java:logGet(43)) - raft.server.sleep.deviation.threshold = 300 (default)
2019-07-13 07:45:49,245 INFO  server.RaftServerConfigKeys (ConfUtils.java:logGet(43)) - raft.server.log.appender.install.snapshot.enabled = false (custom)
2019-07-13 07:45:49,245 INFO  impl.RaftServerImpl (ServerState.java:<init>(105)) - d551fa2e-1e1a-4bc0-928c-6dbc342b9b94:group-E49A339D4D7F ConfigurationManager, init=-1: [c19ba71b-66e7-4db4-b375-62e358c85a29:192.168.69.84:43437, d551fa2e-1e1a-4bc0-928c-6dbc342b9b94:192.168.69.84:33989, 209f1d8d-4964-4543-a1ce-63909dc5ac44:192.168.69.84:39962], old=null, confs=<EMPTY_MAP>
2019-07-13 07:45:49,245 INFO  server.RaftServerConfigKeys (ConfUtils.java:logGet(43)) - raft.server.storage.dir = [/tmp/workdir/hadoop-ozone/integration-test/target/test-dir/MiniOzoneClusterImpl-5ac1d508-1700-49a1-8f37-e4cad1a6cc92/datanode-0/data/ratis] (custom)
2019-07-13 07:45:49,245 INFO  storage.RaftStorageDirectory (RaftStorageDirectory.java:analyzeStorage(246)) - The storage directory /tmp/workdir/hadoop-ozone/integration-test/target/test-dir/MiniOzoneClusterImpl-5ac1d508-1700-49a1-8f37-e4cad1a6cc92/datanode-0/data/ratis/e08c1d03-7cb7-42a1-9e9c-e49a339d4d7f does not exist. Creating ...
2019-07-13 07:45:49,255 INFO  storage.RaftStorageDirectory (RaftStorageDirectory.java:tryLock(328)) - Lock on /tmp/workdir/hadoop-ozone/integration-test/target/test-dir/MiniOzoneClusterImpl-5ac1d508-1700-49a1-8f37-e4cad1a6cc92/datanode-2/data/ratis/e08c1d03-7cb7-42a1-9e9c-e49a339d4d7f/in_use.lock acquired by nodename 17101@trunk-nightly-9lh4p-2362225927
2019-07-13 07:45:49,255 INFO  storage.RaftStorageDirectory (RaftStorageDirectory.java:tryLock(328)) - Lock on /tmp/workdir/hadoop-ozone/integration-test/target/test-dir/MiniOzoneClusterImpl-5ac1d508-1700-49a1-8f37-e4cad1a6cc92/datanode-0/data/ratis/e08c1d03-7cb7-42a1-9e9c-e49a339d4d7f/in_use.lock acquired by nodename 17101@trunk-nightly-9lh4p-2362225927
2019-07-13 07:45:49,255 INFO  storage.RaftStorageDirectory (RaftStorageDirectory.java:tryLock(328)) - Lock on /tmp/workdir/hadoop-ozone/integration-test/target/test-dir/MiniOzoneClusterImpl-5ac1d508-1700-49a1-8f37-e4cad1a6cc92/datanode-1/data/ratis/e08c1d03-7cb7-42a1-9e9c-e49a339d4d7f/in_use.lock acquired by nodename 17101@trunk-nightly-9lh4p-2362225927
2019-07-13 07:45:49,268 INFO  storage.RaftStorage (RaftStorage.java:format(72)) - Storage directory /tmp/workdir/hadoop-ozone/integration-test/target/test-dir/MiniOzoneClusterImpl-5ac1d508-1700-49a1-8f37-e4cad1a6cc92/datanode-2/data/ratis/e08c1d03-7cb7-42a1-9e9c-e49a339d4d7f has been successfully formatted.
2019-07-13 07:45:49,268 INFO  storage.RaftStorage (RaftStorage.java:format(72)) - Storage directory /tmp/workdir/hadoop-ozone/integration-test/target/test-dir/MiniOzoneClusterImpl-5ac1d508-1700-49a1-8f37-e4cad1a6cc92/datanode-1/data/ratis/e08c1d03-7cb7-42a1-9e9c-e49a339d4d7f has been successfully formatted.
2019-07-13 07:45:49,268 INFO  storage.RaftStorage (RaftStorage.java:format(72)) - Storage directory /tmp/workdir/hadoop-ozone/integration-test/target/test-dir/MiniOzoneClusterImpl-5ac1d508-1700-49a1-8f37-e4cad1a6cc92/datanode-0/data/ratis/e08c1d03-7cb7-42a1-9e9c-e49a339d4d7f has been successfully formatted.
2019-07-13 07:45:49,268 INFO  ratis.ContainerStateMachine (ContainerStateMachine.java:loadSnapshot(200)) - The snapshot info is null.Setting the last applied index to:(t:0, i:~)
2019-07-13 07:45:49,268 INFO  ratis.ContainerStateMachine (ContainerStateMachine.java:loadSnapshot(200)) - The snapshot info is null.Setting the last applied index to:(t:0, i:~)
2019-07-13 07:45:49,269 INFO  server.RaftServerConfigKeys (ConfUtils.java:logGet(43)) - raft.server.leader.election.timeout = 120s (custom)
2019-07-13 07:45:49,269 INFO  ratis.ContainerStateMachine (ContainerStateMachine.java:loadSnapshot(200)) - The snapshot info is null.Setting the last applied index to:(t:0, i:~)
2019-07-13 07:45:49,269 INFO  server.RaftServerConfigKeys (ConfUtils.java:logGet(43)) - raft.server.log.use.memory = false (default)
2019-07-13 07:45:49,269 INFO  server.RaftServerConfigKeys (ConfUtils.java:logGet(43)) - raft.server.leader.election.timeout = 120s (custom)
2019-07-13 07:45:49,269 INFO  server.RaftServerConfigKeys (ConfUtils.java:logGet(43)) - raft.server.log.purge.gap = 1000000000 (custom)
2019-07-13 07:45:49,269 INFO  server.RaftServerConfigKeys (ConfUtils.java:logGet(43)) - raft.server.leader.election.timeout = 120s (custom)
2019-07-13 07:45:49,269 INFO  server.RaftServerConfigKeys (ConfUtils.java:logGet(43)) - raft.server.log.appender.buffer.byte-limit = 33554432 (custom)
2019-07-13 07:45:49,269 INFO  server.RaftServerConfigKeys (ConfUtils.java:logGet(43)) - raft.server.log.use.memory = false (default)
2019-07-13 07:45:49,270 INFO  server.RaftServerConfigKeys (ConfUtils.java:logGet(43)) - raft.server.log.segment.size.max = 1048576 (custom)
2019-07-13 07:45:49,270 INFO  server.RaftServerConfigKeys (ConfUtils.java:logGet(43)) - raft.server.log.use.memory = false (default)
2019-07-13 07:45:49,270 INFO  server.RaftServerConfigKeys (ConfUtils.java:logGet(43)) - raft.server.log.segment.cache.num.max = 2 (custom)
2019-07-13 07:45:49,270 INFO  server.RaftServerConfigKeys (ConfUtils.java:logGet(43)) - raft.server.log.purge.gap = 1000000000 (custom)
2019-07-13 07:45:49,270 INFO  segmented.SegmentedRaftLogWorker (SegmentedRaftLogWorker.java:<init>(172)) - new 209f1d8d-4964-4543-a1ce-63909dc5ac44-SegmentedRaftLogWorker:Storage Directory /tmp/workdir/hadoop-ozone/integration-test/target/test-dir/MiniOzoneClusterImpl-5ac1d508-1700-49a1-8f37-e4cad1a6cc92/datanode-1/data/ratis/e08c1d03-7cb7-42a1-9e9c-e49a339d4d7f for RaftStorage:Storage Directory /tmp/workdir/hadoop-ozone/integration-test/target/test-dir/MiniOzoneClusterImpl-5ac1d508-1700-49a1-8f37-e4cad1a6cc92/datanode-1/data/ratis/e08c1d03-7cb7-42a1-9e9c-e49a339d4d7f
2019-07-13 07:45:49,270 INFO  server.RaftServerConfigKeys (ConfUtils.java:logGet(43)) - raft.server.log.purge.gap = 1000000000 (custom)
2019-07-13 07:45:49,271 INFO  server.RaftServerConfigKeys (ConfUtils.java:logGet(43)) - raft.server.log.queue.byte-limit = 2147483647 (custom)
2019-07-13 07:45:49,270 INFO  server.RaftServerConfigKeys (ConfUtils.java:logGet(43)) - raft.server.log.appender.buffer.byte-limit = 33554432 (custom)
2019-07-13 07:45:49,273 INFO  server.RaftServerConfigKeys (ConfUtils.java:logGet(43)) - raft.server.log.queue.element-limit = 1024 (custom)
2019-07-13 07:45:49,271 INFO  server.RaftServerConfigKeys (ConfUtils.java:logGet(43)) - raft.server.log.appender.buffer.byte-limit = 33554432 (custom)
2019-07-13 07:45:49,273 INFO  server.RaftServerConfigKeys (ConfUtils.java:logGet(43)) - raft.server.log.segment.size.max = 1048576 (custom)
2019-07-13 07:45:49,273 INFO  server.RaftServerConfigKeys (ConfUtils.java:logGet(43)) - raft.server.log.segment.size.max = 1048576 (custom)
2019-07-13 07:45:49,274 INFO  server.RaftServerConfigKeys (ConfUtils.java:logGet(43)) - raft.server.log.preallocated.size = 16384 (custom)
2019-07-13 07:45:49,274 INFO  server.RaftServerConfigKeys (ConfUtils.java:logGet(43)) - raft.server.log.segment.size.max = 1048576 (custom)
2019-07-13 07:45:49,274 INFO  server.RaftServerConfigKeys (ConfUtils.java:logGet(43)) - raft.server.log.write.buffer.size = 33554432 (custom)
2019-07-13 07:45:49,274 INFO  server.RaftServerConfigKeys (ConfUtils.java:logGet(43)) - raft.server.log.segment.cache.num.max = 2 (custom)
2019-07-13 07:45:49,274 INFO  server.RaftServerConfigKeys (ConfUtils.java:logGet(43)) - raft.server.log.force.sync.num = 128 (default)
2019-07-13 07:45:49,274 INFO  server.RaftServerConfigKeys (ConfUtils.java:logGet(43)) - raft.server.log.segment.cache.num.max = 2 (custom)
2019-07-13 07:45:49,275 INFO  server.RaftServerConfigKeys (ConfUtils.java:logGet(43)) - raft.server.log.statemachine.data.sync = true (default)
2019-07-13 07:45:49,274 INFO  segmented.SegmentedRaftLogWorker (SegmentedRaftLogWorker.java:<init>(172)) - new c19ba71b-66e7-4db4-b375-62e358c85a29-SegmentedRaftLogWorker:Storage Directory /tmp/workdir/hadoop-ozone/integration-test/target/test-dir/MiniOzoneClusterImpl-5ac1d508-1700-49a1-8f37-e4cad1a6cc92/datanode-2/data/ratis/e08c1d03-7cb7-42a1-9e9c-e49a339d4d7f for RaftStorage:Storage Directory /tmp/workdir/hadoop-ozone/integration-test/target/test-dir/MiniOzoneClusterImpl-5ac1d508-1700-49a1-8f37-e4cad1a6cc92/datanode-2/data/ratis/e08c1d03-7cb7-42a1-9e9c-e49a339d4d7f
2019-07-13 07:45:49,275 INFO  server.RaftServerConfigKeys (ConfUtils.java:logGet(43)) - raft.server.log.statemachine.data.sync.timeout = 10s (default)
2019-07-13 07:45:49,275 INFO  server.RaftServerConfigKeys (ConfUtils.java:logGet(43)) - raft.server.log.statemachine.data.sync.timeout.retry = -1 (default)
2019-07-13 07:45:49,275 INFO  segmented.SegmentedRaftLogWorker (SegmentedRaftLogWorker.java:<init>(172)) - new d551fa2e-1e1a-4bc0-928c-6dbc342b9b94-SegmentedRaftLogWorker:Storage Directory /tmp/workdir/hadoop-ozone/integration-test/target/test-dir/MiniOzoneClusterImpl-5ac1d508-1700-49a1-8f37-e4cad1a6cc92/datanode-0/data/ratis/e08c1d03-7cb7-42a1-9e9c-e49a339d4d7f for RaftStorage:Storage Directory /tmp/workdir/hadoop-ozone/integration-test/target/test-dir/MiniOzoneClusterImpl-5ac1d508-1700-49a1-8f37-e4cad1a6cc92/datanode-0/data/ratis/e08c1d03-7cb7-42a1-9e9c-e49a339d4d7f
2019-07-13 07:45:49,277 INFO  server.RaftServerConfigKeys (ConfUtils.java:logGet(43)) - raft.server.log.statemachine.data.caching.enabled = true (custom)
2019-07-13 07:45:49,275 INFO  server.RaftServerConfigKeys (ConfUtils.java:logGet(43)) - raft.server.log.queue.byte-limit = 2147483647 (custom)
2019-07-13 07:45:49,278 INFO  server.RaftServerConfigKeys (ConfUtils.java:logGet(43)) - raft.server.log.queue.byte-limit = 2147483647 (custom)
2019-07-13 07:45:49,280 INFO  segmented.SegmentedRaftLogWorker (SegmentedRaftLogWorker.java:lambda$new$0(132)) - 209f1d8d-4964-4543-a1ce-63909dc5ac44-SegmentedRaftLogWorker:Storage Directory /tmp/workdir/hadoop-ozone/integration-test/target/test-dir/MiniOzoneClusterImpl-5ac1d508-1700-49a1-8f37-e4cad1a6cc92/datanode-1/data/ratis/e08c1d03-7cb7-42a1-9e9c-e49a339d4d7f: flushIndex: setUnconditionally 0 -> -1
2019-07-13 07:45:49,280 INFO  server.RaftServerConfigKeys (ConfUtils.java:logGet(43)) - raft.server.log.queue.element-limit = 1024 (custom)
2019-07-13 07:45:49,280 INFO  server.RaftServerConfigKeys (ConfUtils.java:logGet(43)) - raft.server.log.queue.element-limit = 1024 (custom)
2019-07-13 07:45:49,281 INFO  server.RaftServerConfigKeys (ConfUtils.java:logGet(43)) - raft.server.snapshot.auto.trigger.enabled = true (custom)
2019-07-13 07:45:49,280 INFO  server.RaftServerConfigKeys (ConfUtils.java:logGet(43)) - raft.server.log.segment.size.max = 1048576 (custom)
2019-07-13 07:45:49,281 INFO  server.RaftServerConfigKeys (ConfUtils.java:logGet(43)) - raft.server.snapshot.auto.trigger.threshold = 10000 (custom)
2019-07-13 07:45:49,281 INFO  server.RaftServerConfigKeys (ConfUtils.java:logGet(43)) - raft.server.log.segment.size.max = 1048576 (custom)
2019-07-13 07:45:49,281 INFO  server.RaftServerConfigKeys (ConfUtils.java:logGet(43)) - raft.server.retrycache.expirytime = 600000ms (custom)
2019-07-13 07:45:49,281 INFO  server.RaftServerConfigKeys (ConfUtils.java:logGet(43)) - raft.server.log.preallocated.size = 16384 (custom)
2019-07-13 07:45:49,281 INFO  server.RaftServerConfigKeys (ConfUtils.java:logGet(43)) - raft.server.log.preallocated.size = 16384 (custom)
2019-07-13 07:45:49,281 INFO  impl.RaftServerImpl (RaftServerImpl.java:start(180)) - 209f1d8d-4964-4543-a1ce-63909dc5ac44: start group-E49A339D4D7F
2019-07-13 07:45:49,281 INFO  server.RaftServerConfigKeys (ConfUtils.java:logGet(43)) - raft.server.log.write.buffer.size = 33554432 (custom)
2019-07-13 07:45:49,282 INFO  impl.RaftServerImpl (RaftServerImpl.java:setRole(171)) - 209f1d8d-4964-4543-a1ce-63909dc5ac44:group-E49A339D4D7F changes role from null to FOLLOWER at term 0 for startAsFollower
2019-07-13 07:45:49,282 INFO  server.RaftServerConfigKeys (ConfUtils.java:logGet(43)) - raft.server.log.write.buffer.size = 33554432 (custom)
2019-07-13 07:45:49,282 INFO  impl.RoleInfo (RoleInfo.java:updateAndGet(143)) - 209f1d8d-4964-4543-a1ce-63909dc5ac44: start FollowerState
2019-07-13 07:45:49,282 INFO  server.RaftServerConfigKeys (ConfUtils.java:logGet(43)) - raft.server.log.force.sync.num = 128 (default)
2019-07-13 07:45:49,282 INFO  server.RaftServerConfigKeys (ConfUtils.java:logGet(43)) - raft.server.log.force.sync.num = 128 (default)
2019-07-13 07:45:49,282 INFO  server.RaftServerConfigKeys (ConfUtils.java:logGet(43)) - raft.server.log.statemachine.data.sync = true (default)
2019-07-13 07:45:49,283 INFO  server.RaftServerConfigKeys (ConfUtils.java:logGet(43)) - raft.server.log.statemachine.data.sync = true (default)
2019-07-13 07:45:49,283 INFO  util.JmxRegister (JmxRegister.java:tryRegister(44)) - Successfully registered JMX Bean with object name Ratis:service=RaftServer,group=group-E49A339D4D7F,id=209f1d8d-4964-4543-a1ce-63909dc5ac44
2019-07-13 07:45:49,283 INFO  server.RaftServerConfigKeys (ConfUtils.java:logGet(43)) - raft.server.log.statemachine.data.sync.timeout = 10s (default)
2019-07-13 07:45:49,283 INFO  server.RaftServerConfigKeys (ConfUtils.java:logGet(43)) - raft.server.log.statemachine.data.sync.timeout = 10s (default)
2019-07-13 07:45:49,283 INFO  server.RaftServerConfigKeys (ConfUtils.java:logGet(43)) - raft.server.log.statemachine.data.sync.timeout.retry = -1 (default)
2019-07-13 07:45:49,283 INFO  server.RaftServerConfigKeys (ConfUtils.java:logGet(43)) - raft.server.log.statemachine.data.sync.timeout.retry = -1 (default)
2019-07-13 07:45:49,283 INFO  server.RaftServerConfigKeys (ConfUtils.java:logGet(43)) - raft.server.log.statemachine.data.caching.enabled = true (custom)
2019-07-13 07:45:49,284 INFO  server.RaftServerConfigKeys (ConfUtils.java:logGet(43)) - raft.server.log.statemachine.data.caching.enabled = true (custom)
2019-07-13 07:45:49,284 INFO  segmented.SegmentedRaftLogWorker (SegmentedRaftLogWorker.java:lambda$new$0(132)) - c19ba71b-66e7-4db4-b375-62e358c85a29-SegmentedRaftLogWorker:Storage Directory /tmp/workdir/hadoop-ozone/integration-test/target/test-dir/MiniOzoneClusterImpl-5ac1d508-1700-49a1-8f37-e4cad1a6cc92/datanode-2/data/ratis/e08c1d03-7cb7-42a1-9e9c-e49a339d4d7f: flushIndex: setUnconditionally 0 -> -1
2019-07-13 07:45:49,284 INFO  segmented.SegmentedRaftLogWorker (SegmentedRaftLogWorker.java:lambda$new$0(132)) - d551fa2e-1e1a-4bc0-928c-6dbc342b9b94-SegmentedRaftLogWorker:Storage Directory /tmp/workdir/hadoop-ozone/integration-test/target/test-dir/MiniOzoneClusterImpl-5ac1d508-1700-49a1-8f37-e4cad1a6cc92/datanode-0/data/ratis/e08c1d03-7cb7-42a1-9e9c-e49a339d4d7f: flushIndex: setUnconditionally 0 -> -1
2019-07-13 07:45:49,284 INFO  server.RaftServerConfigKeys (ConfUtils.java:logGet(43)) - raft.server.snapshot.auto.trigger.enabled = true (custom)
2019-07-13 07:45:49,284 INFO  server.RaftServerConfigKeys (ConfUtils.java:logGet(43)) - raft.server.snapshot.auto.trigger.threshold = 10000 (custom)
2019-07-13 07:45:49,286 INFO  server.RaftServerConfigKeys (ConfUtils.java:logGet(43)) - raft.server.retrycache.expirytime = 600000ms (custom)
2019-07-13 07:45:49,287 INFO  server.RaftServerConfigKeys (ConfUtils.java:logGet(43)) - raft.server.snapshot.auto.trigger.enabled = true (custom)
2019-07-13 07:45:49,287 INFO  impl.RaftServerImpl (RaftServerImpl.java:start(180)) - c19ba71b-66e7-4db4-b375-62e358c85a29: start group-E49A339D4D7F
2019-07-13 07:45:49,287 INFO  server.RaftServerConfigKeys (ConfUtils.java:logGet(43)) - raft.server.snapshot.auto.trigger.threshold = 10000 (custom)
2019-07-13 07:45:49,287 INFO  impl.RaftServerImpl (RaftServerImpl.java:setRole(171)) - c19ba71b-66e7-4db4-b375-62e358c85a29:group-E49A339D4D7F changes role from null to FOLLOWER at term 0 for startAsFollower
2019-07-13 07:45:49,287 INFO  server.RaftServerConfigKeys (ConfUtils.java:logGet(43)) - raft.server.retrycache.expirytime = 600000ms (custom)
2019-07-13 07:45:49,287 INFO  impl.RoleInfo (RoleInfo.java:updateAndGet(143)) - c19ba71b-66e7-4db4-b375-62e358c85a29: start FollowerState
2019-07-13 07:45:49,287 INFO  impl.RaftServerImpl (RaftServerImpl.java:start(180)) - d551fa2e-1e1a-4bc0-928c-6dbc342b9b94: start group-E49A339D4D7F
2019-07-13 07:45:49,287 INFO  impl.RaftServerImpl (RaftServerImpl.java:setRole(171)) - d551fa2e-1e1a-4bc0-928c-6dbc342b9b94:group-E49A339D4D7F changes role from null to FOLLOWER at term 0 for startAsFollower
2019-07-13 07:45:49,288 INFO  util.JmxRegister (JmxRegister.java:tryRegister(44)) - Successfully registered JMX Bean with object name Ratis:service=RaftServer,group=group-E49A339D4D7F,id=c19ba71b-66e7-4db4-b375-62e358c85a29
2019-07-13 07:45:49,288 INFO  impl.RoleInfo (RoleInfo.java:updateAndGet(143)) - d551fa2e-1e1a-4bc0-928c-6dbc342b9b94: start FollowerState
2019-07-13 07:45:49,288 INFO  util.JmxRegister (JmxRegister.java:tryRegister(44)) - Successfully registered JMX Bean with object name Ratis:service=RaftServer,group=group-E49A339D4D7F,id=d551fa2e-1e1a-4bc0-928c-6dbc342b9b94
2019-07-13 07:45:49,295 INFO  pipeline.PipelineStateManager (PipelineStateManager.java:addPipeline(56)) - Created pipeline Pipeline[ Id: e08c1d03-7cb7-42a1-9e9c-e49a339d4d7f, Nodes: c19ba71b-66e7-4db4-b375-62e358c85a29{ip: 192.168.69.84, host: trunk-nightly-9lh4p-2362225927, networkLocation: /default-rack, certSerialId: null}d551fa2e-1e1a-4bc0-928c-6dbc342b9b94{ip: 192.168.69.84, host: trunk-nightly-9lh4p-2362225927, networkLocation: /default-rack, certSerialId: null}209f1d8d-4964-4543-a1ce-63909dc5ac44{ip: 192.168.69.84, host: trunk-nightly-9lh4p-2362225927, networkLocation: /default-rack, certSerialId: null}, Type:RATIS, Factor:THREE, State:OPEN]
2019-07-13 07:45:50,305 WARN  io.KeyOutputStream (KeyOutputStream.java:handleException(276)) - Encountered exception java.io.IOException: Unexpected Storage Container Exception: java.util.concurrent.CompletionException: java.util.concurrent.CompletionException: org.apache.ratis.protocol.GroupMismatchException: 209f1d8d-4964-4543-a1ce-63909dc5ac44: group-B1C3FC638945 not found. on the pipeline Pipeline[ Id: 800694ea-2d70-4415-acd2-b1c3fc638945, Nodes: c19ba71b-66e7-4db4-b375-62e358c85a29{ip: 192.168.69.84, host: trunk-nightly-9lh4p-2362225927, networkLocation: /default-rack, certSerialId: null}d551fa2e-1e1a-4bc0-928c-6dbc342b9b94{ip: 192.168.69.84, host: trunk-nightly-9lh4p-2362225927, networkLocation: /default-rack, certSerialId: null}209f1d8d-4964-4543-a1ce-63909dc5ac44{ip: 192.168.69.84, host: trunk-nightly-9lh4p-2362225927, networkLocation: /default-rack, certSerialId: null}, Type:RATIS, Factor:THREE, State:OPEN]. The last committed block length is 400, uncommitted data length is 50 retry count 0
2019-07-13 07:45:50,349 INFO  client.GrpcClientProtocolClient (GrpcClientProtocolClient.java:onNext(255)) - client-28F8AB84F8B0->c19ba71b-66e7-4db4-b375-62e358c85a29: receive RaftClientReply:client-28F8AB84F8B0->c19ba71b-66e7-4db4-b375-62e358c85a29@group-E49A339D4D7F, cid=27, FAILED org.apache.ratis.protocol.NotLeaderException: Server c19ba71b-66e7-4db4-b375-62e358c85a29 is not the leader (null). Request must be sent to leader., logIndex=0, commits[c19ba71b-66e7-4db4-b375-62e358c85a29:c-1]
2019-07-13 07:45:51,388 INFO  client.GrpcClientProtocolClient (GrpcClientProtocolClient.java:onNext(255)) - client-28F8AB84F8B0->d551fa2e-1e1a-4bc0-928c-6dbc342b9b94: receive RaftClientReply:client-28F8AB84F8B0->d551fa2e-1e1a-4bc0-928c-6dbc342b9b94@group-E49A339D4D7F, cid=27, FAILED org.apache.ratis.protocol.NotLeaderException: Server d551fa2e-1e1a-4bc0-928c-6dbc342b9b94 is not the leader (null). Request must be sent to leader., logIndex=0, commits[d551fa2e-1e1a-4bc0-928c-6dbc342b9b94:c-1]
2019-07-13 07:45:52,426 INFO  client.GrpcClientProtocolClient (GrpcClientProtocolClient.java:onNext(255)) - client-28F8AB84F8B0->209f1d8d-4964-4543-a1ce-63909dc5ac44: receive RaftClientReply:client-28F8AB84F8B0->209f1d8d-4964-4543-a1ce-63909dc5ac44@group-E49A339D4D7F, cid=27, FAILED org.apache.ratis.protocol.NotLeaderException: Server 209f1d8d-4964-4543-a1ce-63909dc5ac44 is not the leader (null). Request must be sent to leader., logIndex=0, commits[209f1d8d-4964-4543-a1ce-63909dc5ac44:c-1]
2019-07-13 07:45:52,650 INFO  impl.FollowerState (FollowerState.java:run(106)) - 7ba46cb1-1a35-4258-aa91-dac5fff72408:group-F68CC2B7F04D changes to CANDIDATE, lastRpcTime:5118, electionTimeout:5113ms
2019-07-13 07:45:52,650 INFO  impl.RoleInfo (RoleInfo.java:shutdownFollowerState(121)) - 7ba46cb1-1a35-4258-aa91-dac5fff72408: shutdown FollowerState
2019-07-13 07:45:52,650 INFO  impl.RaftServerImpl (RaftServerImpl.java:setRole(171)) - 7ba46cb1-1a35-4258-aa91-dac5fff72408:group-F68CC2B7F04D changes role from FOLLOWER to CANDIDATE at term 1 for changeToCandidate
2019-07-13 07:45:52,650 INFO  impl.RoleInfo (RoleInfo.java:updateAndGet(143)) - 7ba46cb1-1a35-4258-aa91-dac5fff72408: start LeaderElection
2019-07-13 07:45:52,668 INFO  impl.LeaderElection (LeaderElection.java:askForVotes(181)) - 7ba46cb1-1a35-4258-aa91-dac5fff72408:group-F68CC2B7F04D:LeaderElection13: begin an election at term 2 for -1: [9f00932c-fd6e-4f79-9102-0c8b0e5c90fc:192.168.69.84:34108, 7ba46cb1-1a35-4258-aa91-dac5fff72408:192.168.69.84:42572, 2d959879-8814-4dda-9d68-c16227aaa522:192.168.69.84:43992], old=null
2019-07-13 07:45:52,682 INFO  impl.RaftServerImpl (RaftServerImpl.java:setRole(171)) - 9f00932c-fd6e-4f79-9102-0c8b0e5c90fc:group-F68CC2B7F04D changes role from FOLLOWER to FOLLOWER at term 2 for recognizeCandidate:7ba46cb1-1a35-4258-aa91-dac5fff72408
2019-07-13 07:45:52,683 INFO  impl.RaftServerImpl (RaftServerImpl.java:setRole(171)) - 2d959879-8814-4dda-9d68-c16227aaa522:group-F68CC2B7F04D changes role from FOLLOWER to FOLLOWER at term 2 for recognizeCandidate:7ba46cb1-1a35-4258-aa91-dac5fff72408
2019-07-13 07:45:52,683 INFO  impl.RoleInfo (RoleInfo.java:shutdownFollowerState(121)) - 2d959879-8814-4dda-9d68-c16227aaa522: shutdown FollowerState
2019-07-13 07:45:52,683 INFO  impl.RoleInfo (RoleInfo.java:shutdownFollowerState(121)) - 9f00932c-fd6e-4f79-9102-0c8b0e5c90fc: shutdown FollowerState
2019-07-13 07:45:52,683 INFO  impl.RoleInfo (RoleInfo.java:updateAndGet(143)) - 2d959879-8814-4dda-9d68-c16227aaa522: start FollowerState
2019-07-13 07:45:52,684 INFO  impl.RoleInfo (RoleInfo.java:updateAndGet(143)) - 9f00932c-fd6e-4f79-9102-0c8b0e5c90fc: start FollowerState
2019-07-13 07:45:52,684 INFO  impl.FollowerState (FollowerState.java:run(114)) - 2d959879-8814-4dda-9d68-c16227aaa522: FollowerState was interrupted: java.lang.InterruptedException: sleep interrupted
2019-07-13 07:45:52,684 INFO  impl.FollowerState (FollowerState.java:run(114)) - 9f00932c-fd6e-4f79-9102-0c8b0e5c90fc: FollowerState was interrupted: java.lang.InterruptedException: sleep interrupted
2019-07-13 07:45:52,697 INFO  impl.LeaderElection (LeaderElection.java:logAndReturn(56)) - 7ba46cb1-1a35-4258-aa91-dac5fff72408:group-F68CC2B7F04D:LeaderElection13: Election PASSED; received 1 response(s) [7ba46cb1-1a35-4258-aa91-dac5fff72408<-9f00932c-fd6e-4f79-9102-0c8b0e5c90fc#0:OK-t2] and 0 exception(s); 7ba46cb1-1a35-4258-aa91-dac5fff72408:t2, leader=null, voted=7ba46cb1-1a35-4258-aa91-dac5fff72408, raftlog=7ba46cb1-1a35-4258-aa91-dac5fff72408-SegmentedRaftLog:OPENED:c-1,f-1,i0, conf=-1: [9f00932c-fd6e-4f79-9102-0c8b0e5c90fc:192.168.69.84:34108, 7ba46cb1-1a35-4258-aa91-dac5fff72408:192.168.69.84:42572, 2d959879-8814-4dda-9d68-c16227aaa522:192.168.69.84:43992], old=null
2019-07-13 07:45:52,698 INFO  impl.RoleInfo (RoleInfo.java:shutdownLeaderElection(134)) - 7ba46cb1-1a35-4258-aa91-dac5fff72408: shutdown LeaderElection
2019-07-13 07:45:52,700 INFO  impl.RaftServerImpl (RaftServerImpl.java:setRole(171)) - 7ba46cb1-1a35-4258-aa91-dac5fff72408:group-F68CC2B7F04D changes role from CANDIDATE to LEADER at term 2 for changeToLeader
2019-07-13 07:45:52,700 INFO  impl.RaftServerImpl (ServerState.java:setLeader(263)) - 7ba46cb1-1a35-4258-aa91-dac5fff72408:group-F68CC2B7F04D change Leader from null to 7ba46cb1-1a35-4258-aa91-dac5fff72408 at term 2 for becomeLeader, leader elected after 10410ms
2019-07-13 07:45:52,700 INFO  server.RaftServerConfigKeys (ConfUtils.java:logGet(43)) - raft.server.staging.catchup.gap = 1000 (default)
2019-07-13 07:45:52,701 INFO  server.RaftServerConfigKeys (ConfUtils.java:logGet(43)) - raft.server.rpc.sleep.time = 25ms (default)
2019-07-13 07:45:52,701 INFO  server.RaftServerConfigKeys (ConfUtils.java:logGet(43)) - raft.server.write.element-limit = 4096 (default)
2019-07-13 07:45:52,701 INFO  server.RaftServerConfigKeys (ConfUtils.java:logGet(43)) - raft.server.watch.timeout = 10s (default)
2019-07-13 07:45:52,701 INFO  server.RaftServerConfigKeys (ConfUtils.java:logGet(43)) - raft.server.watch.timeout.denomination = 1s (default)
2019-07-13 07:45:52,701 INFO  server.RaftServerConfigKeys (ConfUtils.java:logGet(43)) - raft.server.watch.element-limit = 65536 (default)
2019-07-13 07:45:52,702 INFO  server.RaftServerConfigKeys (ConfUtils.java:logGet(43)) - raft.server.log.appender.snapshot.chunk.size.max = 16MB (=16777216) (default)
2019-07-13 07:45:52,702 INFO  server.RaftServerConfigKeys (ConfUtils.java:logGet(43)) - raft.server.log.appender.buffer.byte-limit = 33554432 (custom)
2019-07-13 07:45:52,702 INFO  server.RaftServerConfigKeys (ConfUtils.java:logGet(43)) - raft.server.log.appender.buffer.element-limit = 1 (custom)
2019-07-13 07:45:52,703 INFO  grpc.GrpcConfigKeys$Server (ConfUtils.java:logGet(43)) - raft.grpc.server.leader.outstanding.appends.max = 128 (default)
2019-07-13 07:45:52,703 INFO  server.RaftServerConfigKeys (ConfUtils.java:logGet(43)) - raft.server.rpc.request.timeout = 3000ms (default)
2019-07-13 07:45:52,703 INFO  server.RaftServerConfigKeys (ConfUtils.java:logGet(43)) - raft.server.log.appender.install.snapshot.enabled = false (custom)
2019-07-13 07:45:52,704 INFO  server.RaftServerConfigKeys (ConfUtils.java:logGet(43)) - raft.server.log.appender.snapshot.chunk.size.max = 16MB (=16777216) (default)
2019-07-13 07:45:52,704 INFO  server.RaftServerConfigKeys (ConfUtils.java:logGet(43)) - raft.server.log.appender.buffer.byte-limit = 33554432 (custom)
2019-07-13 07:45:52,704 INFO  server.RaftServerConfigKeys (ConfUtils.java:logGet(43)) - raft.server.log.appender.buffer.element-limit = 1 (custom)
2019-07-13 07:45:52,704 INFO  grpc.GrpcConfigKeys$Server (ConfUtils.java:logGet(43)) - raft.grpc.server.leader.outstanding.appends.max = 128 (default)
2019-07-13 07:45:52,705 INFO  server.RaftServerConfigKeys (ConfUtils.java:logGet(43)) - raft.server.rpc.request.timeout = 3000ms (default)
2019-07-13 07:45:52,705 INFO  server.RaftServerConfigKeys (ConfUtils.java:logGet(43)) - raft.server.log.appender.install.snapshot.enabled = false (custom)
2019-07-13 07:45:52,705 INFO  impl.RoleInfo (RoleInfo.java:updateAndGet(143)) - 7ba46cb1-1a35-4258-aa91-dac5fff72408: start LeaderState
2019-07-13 07:45:52,706 INFO  segmented.SegmentedRaftLogWorker (SegmentedRaftLogWorker.java:startLogSegment(380)) - 7ba46cb1-1a35-4258-aa91-dac5fff72408-SegmentedRaftLogWorker:Storage Directory /tmp/workdir/hadoop-ozone/integration-test/target/test-dir/MiniOzoneClusterImpl-5ac1d508-1700-49a1-8f37-e4cad1a6cc92/datanode-6/data/ratis/410a1400-7357-4be7-bd73-f68cc2b7f04d: Starting segment from index:0
2019-07-13 07:45:52,708 INFO  impl.RaftServerImpl (ServerState.java:setRaftConf(361)) - 7ba46cb1-1a35-4258-aa91-dac5fff72408:group-F68CC2B7F04D set configuration 0: [9f00932c-fd6e-4f79-9102-0c8b0e5c90fc:192.168.69.84:34108, 7ba46cb1-1a35-4258-aa91-dac5fff72408:192.168.69.84:42572, 2d959879-8814-4dda-9d68-c16227aaa522:192.168.69.84:43992], old=null at 0
2019-07-13 07:45:52,733 INFO  impl.RaftServerImpl (ServerState.java:setLeader(263)) - 9f00932c-fd6e-4f79-9102-0c8b0e5c90fc:group-F68CC2B7F04D change Leader from null to 7ba46cb1-1a35-4258-aa91-dac5fff72408 at term 2 for appendEntries, leader elected after 10442ms
2019-07-13 07:45:52,733 INFO  impl.RaftServerImpl (ServerState.java:setLeader(263)) - 2d959879-8814-4dda-9d68-c16227aaa522:group-F68CC2B7F04D change Leader from null to 7ba46cb1-1a35-4258-aa91-dac5fff72408 at term 2 for appendEntries, leader elected after 10441ms
2019-07-13 07:45:52,737 INFO  impl.RaftServerImpl (ServerState.java:setRaftConf(361)) - 2d959879-8814-4dda-9d68-c16227aaa522:group-F68CC2B7F04D set configuration 0: [9f00932c-fd6e-4f79-9102-0c8b0e5c90fc:192.168.69.84:34108, 7ba46cb1-1a35-4258-aa91-dac5fff72408:192.168.69.84:42572, 2d959879-8814-4dda-9d68-c16227aaa522:192.168.69.84:43992], old=null at 0
2019-07-13 07:45:52,737 INFO  impl.RaftServerImpl (ServerState.java:setRaftConf(361)) - 9f00932c-fd6e-4f79-9102-0c8b0e5c90fc:group-F68CC2B7F04D set configuration 0: [9f00932c-fd6e-4f79-9102-0c8b0e5c90fc:192.168.69.84:34108, 7ba46cb1-1a35-4258-aa91-dac5fff72408:192.168.69.84:42572, 2d959879-8814-4dda-9d68-c16227aaa522:192.168.69.84:43992], old=null at 0
2019-07-13 07:45:52,737 INFO  segmented.SegmentedRaftLogWorker (SegmentedRaftLogWorker.java:startLogSegment(380)) - 2d959879-8814-4dda-9d68-c16227aaa522-SegmentedRaftLogWorker:Storage Directory /tmp/workdir/hadoop-ozone/integration-test/target/test-dir/MiniOzoneClusterImpl-5ac1d508-1700-49a1-8f37-e4cad1a6cc92/datanode-3/data/ratis/410a1400-7357-4be7-bd73-f68cc2b7f04d: Starting segment from index:0
2019-07-13 07:45:52,738 INFO  segmented.SegmentedRaftLogWorker (SegmentedRaftLogWorker.java:startLogSegment(380)) - 9f00932c-fd6e-4f79-9102-0c8b0e5c90fc-SegmentedRaftLogWorker:Storage Directory /tmp/workdir/hadoop-ozone/integration-test/target/test-dir/MiniOzoneClusterImpl-5ac1d508-1700-49a1-8f37-e4cad1a6cc92/datanode-5/data/ratis/410a1400-7357-4be7-bd73-f68cc2b7f04d: Starting segment from index:0
2019-07-13 07:45:52,743 INFO  segmented.SegmentedRaftLogWorker (SegmentedRaftLogWorker.java:execute(569)) - 7ba46cb1-1a35-4258-aa91-dac5fff72408-SegmentedRaftLogWorker:Storage Directory /tmp/workdir/hadoop-ozone/integration-test/target/test-dir/MiniOzoneClusterImpl-5ac1d508-1700-49a1-8f37-e4cad1a6cc92/datanode-6/data/ratis/410a1400-7357-4be7-bd73-f68cc2b7f04d: created new log segment /tmp/workdir/hadoop-ozone/integration-test/target/test-dir/MiniOzoneClusterImpl-5ac1d508-1700-49a1-8f37-e4cad1a6cc92/datanode-6/data/ratis/410a1400-7357-4be7-bd73-f68cc2b7f04d/current/log_inprogress_0
2019-07-13 07:45:52,772 INFO  segmented.SegmentedRaftLogWorker (SegmentedRaftLogWorker.java:execute(569)) - 2d959879-8814-4dda-9d68-c16227aaa522-SegmentedRaftLogWorker:Storage Directory /tmp/workdir/hadoop-ozone/integration-test/target/test-dir/MiniOzoneClusterImpl-5ac1d508-1700-49a1-8f37-e4cad1a6cc92/datanode-3/data/ratis/410a1400-7357-4be7-bd73-f68cc2b7f04d: created new log segment /tmp/workdir/hadoop-ozone/integration-test/target/test-dir/MiniOzoneClusterImpl-5ac1d508-1700-49a1-8f37-e4cad1a6cc92/datanode-3/data/ratis/410a1400-7357-4be7-bd73-f68cc2b7f04d/current/log_inprogress_0
2019-07-13 07:45:52,772 INFO  segmented.SegmentedRaftLogWorker (SegmentedRaftLogWorker.java:execute(569)) - 9f00932c-fd6e-4f79-9102-0c8b0e5c90fc-SegmentedRaftLogWorker:Storage Directory /tmp/workdir/hadoop-ozone/integration-test/target/test-dir/MiniOzoneClusterImpl-5ac1d508-1700-49a1-8f37-e4cad1a6cc92/datanode-5/data/ratis/410a1400-7357-4be7-bd73-f68cc2b7f04d: created new log segment /tmp/workdir/hadoop-ozone/integration-test/target/test-dir/MiniOzoneClusterImpl-5ac1d508-1700-49a1-8f37-e4cad1a6cc92/datanode-5/data/ratis/410a1400-7357-4be7-bd73-f68cc2b7f04d/current/log_inprogress_0
2019-07-13 07:45:53,463 INFO  client.GrpcClientProtocolClient (GrpcClientProtocolClient.java:onNext(255)) - client-28F8AB84F8B0->c19ba71b-66e7-4db4-b375-62e358c85a29: receive RaftClientReply:client-28F8AB84F8B0->c19ba71b-66e7-4db4-b375-62e358c85a29@group-E49A339D4D7F, cid=27, FAILED org.apache.ratis.protocol.NotLeaderException: Server c19ba71b-66e7-4db4-b375-62e358c85a29 is not the leader (null). Request must be sent to leader., logIndex=0, commits[c19ba71b-66e7-4db4-b375-62e358c85a29:c-1]
2019-07-13 07:45:54,301 INFO  impl.FollowerState (FollowerState.java:run(106)) - 209f1d8d-4964-4543-a1ce-63909dc5ac44:group-E49A339D4D7F changes to CANDIDATE, lastRpcTime:5018, electionTimeout:5018ms
2019-07-13 07:45:54,301 INFO  impl.RoleInfo (RoleInfo.java:shutdownFollowerState(121)) - 209f1d8d-4964-4543-a1ce-63909dc5ac44: shutdown FollowerState
2019-07-13 07:45:54,301 INFO  impl.RaftServerImpl (RaftServerImpl.java:setRole(171)) - 209f1d8d-4964-4543-a1ce-63909dc5ac44:group-E49A339D4D7F changes role from FOLLOWER to CANDIDATE at term 0 for changeToCandidate
2019-07-13 07:45:54,301 INFO  impl.RoleInfo (RoleInfo.java:updateAndGet(143)) - 209f1d8d-4964-4543-a1ce-63909dc5ac44: start LeaderElection
2019-07-13 07:45:54,320 INFO  impl.LeaderElection (LeaderElection.java:askForVotes(181)) - 209f1d8d-4964-4543-a1ce-63909dc5ac44:group-E49A339D4D7F:LeaderElection14: begin an election at term 1 for -1: [c19ba71b-66e7-4db4-b375-62e358c85a29:192.168.69.84:43437, d551fa2e-1e1a-4bc0-928c-6dbc342b9b94:192.168.69.84:33989, 209f1d8d-4964-4543-a1ce-63909dc5ac44:192.168.69.84:39962], old=null
2019-07-13 07:45:54,327 INFO  impl.RaftServerImpl (RaftServerImpl.java:setRole(171)) - d551fa2e-1e1a-4bc0-928c-6dbc342b9b94:group-E49A339D4D7F changes role from FOLLOWER to FOLLOWER at term 1 for recognizeCandidate:209f1d8d-4964-4543-a1ce-63909dc5ac44
2019-07-13 07:45:54,327 INFO  impl.RaftServerImpl (RaftServerImpl.java:setRole(171)) - c19ba71b-66e7-4db4-b375-62e358c85a29:group-E49A339D4D7F changes role from FOLLOWER to FOLLOWER at term 1 for recognizeCandidate:209f1d8d-4964-4543-a1ce-63909dc5ac44
2019-07-13 07:45:54,327 INFO  impl.RoleInfo (RoleInfo.java:shutdownFollowerState(121)) - d551fa2e-1e1a-4bc0-928c-6dbc342b9b94: shutdown FollowerState
2019-07-13 07:45:54,327 INFO  impl.RoleInfo (RoleInfo.java:shutdownFollowerState(121)) - c19ba71b-66e7-4db4-b375-62e358c85a29: shutdown FollowerState
2019-07-13 07:45:54,328 INFO  impl.FollowerState (FollowerState.java:run(114)) - d551fa2e-1e1a-4bc0-928c-6dbc342b9b94: FollowerState was interrupted: java.lang.InterruptedException: sleep interrupted
2019-07-13 07:45:54,328 INFO  impl.RoleInfo (RoleInfo.java:updateAndGet(143)) - c19ba71b-66e7-4db4-b375-62e358c85a29: start FollowerState
2019-07-13 07:45:54,328 INFO  impl.RoleInfo (RoleInfo.java:updateAndGet(143)) - d551fa2e-1e1a-4bc0-928c-6dbc342b9b94: start FollowerState
2019-07-13 07:45:54,328 INFO  impl.FollowerState (FollowerState.java:run(114)) - c19ba71b-66e7-4db4-b375-62e358c85a29: FollowerState was interrupted: java.lang.InterruptedException: sleep interrupted
2019-07-13 07:45:54,355 INFO  impl.LeaderElection (LeaderElection.java:logAndReturn(56)) - 209f1d8d-4964-4543-a1ce-63909dc5ac44:group-E49A339D4D7F:LeaderElection14: Election PASSED; received 1 response(s) [209f1d8d-4964-4543-a1ce-63909dc5ac44<-c19ba71b-66e7-4db4-b375-62e358c85a29#0:OK-t1] and 0 exception(s); 209f1d8d-4964-4543-a1ce-63909dc5ac44:t1, leader=null, voted=209f1d8d-4964-4543-a1ce-63909dc5ac44, raftlog=209f1d8d-4964-4543-a1ce-63909dc5ac44-SegmentedRaftLog:OPENED:c-1,f-1,i0, conf=-1: [c19ba71b-66e7-4db4-b375-62e358c85a29:192.168.69.84:43437, d551fa2e-1e1a-4bc0-928c-6dbc342b9b94:192.168.69.84:33989, 209f1d8d-4964-4543-a1ce-63909dc5ac44:192.168.69.84:39962], old=null
2019-07-13 07:45:54,355 INFO  impl.RoleInfo (RoleInfo.java:shutdownLeaderElection(134)) - 209f1d8d-4964-4543-a1ce-63909dc5ac44: shutdown LeaderElection
2019-07-13 07:45:54,358 INFO  impl.RaftServerImpl (RaftServerImpl.java:setRole(171)) - 209f1d8d-4964-4543-a1ce-63909dc5ac44:group-E49A339D4D7F changes role from CANDIDATE to LEADER at term 1 for changeToLeader
2019-07-13 07:45:54,358 INFO  impl.RaftServerImpl (ServerState.java:setLeader(263)) - 209f1d8d-4964-4543-a1ce-63909dc5ac44:group-E49A339D4D7F change Leader from null to 209f1d8d-4964-4543-a1ce-63909dc5ac44 at term 1 for becomeLeader, leader elected after 5089ms
2019-07-13 07:45:54,358 INFO  server.RaftServerConfigKeys (ConfUtils.java:logGet(43)) - raft.server.staging.catchup.gap = 1000 (default)
2019-07-13 07:45:54,358 INFO  server.RaftServerConfigKeys (ConfUtils.java:logGet(43)) - raft.server.rpc.sleep.time = 25ms (default)
2019-07-13 07:45:54,358 INFO  server.RaftServerConfigKeys (ConfUtils.java:logGet(43)) - raft.server.write.element-limit = 4096 (default)
2019-07-13 07:45:54,359 INFO  server.RaftServerConfigKeys (ConfUtils.java:logGet(43)) - raft.server.watch.timeout = 10s (default)
2019-07-13 07:45:54,359 INFO  server.RaftServerConfigKeys (ConfUtils.java:logGet(43)) - raft.server.watch.timeout.denomination = 1s (default)
2019-07-13 07:45:54,359 INFO  server.RaftServerConfigKeys (ConfUtils.java:logGet(43)) - raft.server.watch.element-limit = 65536 (default)
2019-07-13 07:45:54,359 INFO  server.RaftServerConfigKeys (ConfUtils.java:logGet(43)) - raft.server.log.appender.snapshot.chunk.size.max = 16MB (=16777216) (default)
2019-07-13 07:45:54,359 INFO  server.RaftServerConfigKeys (ConfUtils.java:logGet(43)) - raft.server.log.appender.buffer.byte-limit = 33554432 (custom)
2019-07-13 07:45:54,360 INFO  server.RaftServerConfigKeys (ConfUtils.java:logGet(43)) - raft.server.log.appender.buffer.element-limit = 1 (custom)
2019-07-13 07:45:54,360 INFO  grpc.GrpcConfigKeys$Server (ConfUtils.java:logGet(43)) - raft.grpc.server.leader.outstanding.appends.max = 128 (default)
2019-07-13 07:45:54,360 INFO  server.RaftServerConfigKeys (ConfUtils.java:logGet(43)) - raft.server.rpc.request.timeout = 3000ms (default)
2019-07-13 07:45:54,360 INFO  server.RaftServerConfigKeys (ConfUtils.java:logGet(43)) - raft.server.log.appender.install.snapshot.enabled = false (custom)
2019-07-13 07:45:54,360 INFO  server.RaftServerConfigKeys (ConfUtils.java:logGet(43)) - raft.server.log.appender.snapshot.chunk.size.max = 16MB (=16777216) (default)
2019-07-13 07:45:54,361 INFO  server.RaftServerConfigKeys (ConfUtils.java:logGet(43)) - raft.server.log.appender.buffer.byte-limit = 33554432 (custom)
2019-07-13 07:45:54,361 INFO  server.RaftServerConfigKeys (ConfUtils.java:logGet(43)) - raft.server.log.appender.buffer.element-limit = 1 (custom)
2019-07-13 07:45:54,361 INFO  grpc.GrpcConfigKeys$Server (ConfUtils.java:logGet(43)) - raft.grpc.server.leader.outstanding.appends.max = 128 (default)
2019-07-13 07:45:54,361 INFO  server.RaftServerConfigKeys (ConfUtils.java:logGet(43)) - raft.server.rpc.request.timeout = 3000ms (default)
2019-07-13 07:45:54,362 INFO  server.RaftServerConfigKeys (ConfUtils.java:logGet(43)) - raft.server.log.appender.install.snapshot.enabled = false (custom)
2019-07-13 07:45:54,362 INFO  impl.RoleInfo (RoleInfo.java:updateAndGet(143)) - 209f1d8d-4964-4543-a1ce-63909dc5ac44: start LeaderState
2019-07-13 07:45:54,362 INFO  segmented.SegmentedRaftLogWorker (SegmentedRaftLogWorker.java:startLogSegment(380)) - 209f1d8d-4964-4543-a1ce-63909dc5ac44-SegmentedRaftLogWorker:Storage Directory /tmp/workdir/hadoop-ozone/integration-test/target/test-dir/MiniOzoneClusterImpl-5ac1d508-1700-49a1-8f37-e4cad1a6cc92/datanode-1/data/ratis/e08c1d03-7cb7-42a1-9e9c-e49a339d4d7f: Starting segment from index:0
2019-07-13 07:45:54,363 INFO  impl.RaftServerImpl (ServerState.java:setRaftConf(361)) - 209f1d8d-4964-4543-a1ce-63909dc5ac44:group-E49A339D4D7F set configuration 0: [c19ba71b-66e7-4db4-b375-62e358c85a29:192.168.69.84:43437, d551fa2e-1e1a-4bc0-928c-6dbc342b9b94:192.168.69.84:33989, 209f1d8d-4964-4543-a1ce-63909dc5ac44:192.168.69.84:39962], old=null at 0
2019-07-13 07:45:54,388 INFO  impl.RaftServerImpl (ServerState.java:setLeader(263)) - d551fa2e-1e1a-4bc0-928c-6dbc342b9b94:group-E49A339D4D7F change Leader from null to 209f1d8d-4964-4543-a1ce-63909dc5ac44 at term 1 for appendEntries, leader elected after 5119ms
2019-07-13 07:45:54,388 INFO  impl.RaftServerImpl (ServerState.java:setLeader(263)) - c19ba71b-66e7-4db4-b375-62e358c85a29:group-E49A339D4D7F change Leader from null to 209f1d8d-4964-4543-a1ce-63909dc5ac44 at term 1 for appendEntries, leader elected after 5119ms
2019-07-13 07:45:54,395 INFO  segmented.SegmentedRaftLogWorker (SegmentedRaftLogWorker.java:execute(569)) - 209f1d8d-4964-4543-a1ce-63909dc5ac44-SegmentedRaftLogWorker:Storage Directory /tmp/workdir/hadoop-ozone/integration-test/target/test-dir/MiniOzoneClusterImpl-5ac1d508-1700-49a1-8f37-e4cad1a6cc92/datanode-1/data/ratis/e08c1d03-7cb7-42a1-9e9c-e49a339d4d7f: created new log segment /tmp/workdir/hadoop-ozone/integration-test/target/test-dir/MiniOzoneClusterImpl-5ac1d508-1700-49a1-8f37-e4cad1a6cc92/datanode-1/data/ratis/e08c1d03-7cb7-42a1-9e9c-e49a339d4d7f/current/log_inprogress_0
2019-07-13 07:45:54,397 INFO  impl.RaftServerImpl (ServerState.java:setRaftConf(361)) - d551fa2e-1e1a-4bc0-928c-6dbc342b9b94:group-E49A339D4D7F set configuration 0: [c19ba71b-66e7-4db4-b375-62e358c85a29:192.168.69.84:43437, d551fa2e-1e1a-4bc0-928c-6dbc342b9b94:192.168.69.84:33989, 209f1d8d-4964-4543-a1ce-63909dc5ac44:192.168.69.84:39962], old=null at 0
2019-07-13 07:45:54,398 INFO  segmented.SegmentedRaftLogWorker (SegmentedRaftLogWorker.java:startLogSegment(380)) - d551fa2e-1e1a-4bc0-928c-6dbc342b9b94-SegmentedRaftLogWorker:Storage Directory /tmp/workdir/hadoop-ozone/integration-test/target/test-dir/MiniOzoneClusterImpl-5ac1d508-1700-49a1-8f37-e4cad1a6cc92/datanode-0/data/ratis/e08c1d03-7cb7-42a1-9e9c-e49a339d4d7f: Starting segment from index:0
2019-07-13 07:45:54,398 INFO  impl.RaftServerImpl (ServerState.java:setRaftConf(361)) - c19ba71b-66e7-4db4-b375-62e358c85a29:group-E49A339D4D7F set configuration 0: [c19ba71b-66e7-4db4-b375-62e358c85a29:192.168.69.84:43437, d551fa2e-1e1a-4bc0-928c-6dbc342b9b94:192.168.69.84:33989, 209f1d8d-4964-4543-a1ce-63909dc5ac44:192.168.69.84:39962], old=null at 0
2019-07-13 07:45:54,398 INFO  segmented.SegmentedRaftLogWorker (SegmentedRaftLogWorker.java:startLogSegment(380)) - c19ba71b-66e7-4db4-b375-62e358c85a29-SegmentedRaftLogWorker:Storage Directory /tmp/workdir/hadoop-ozone/integration-test/target/test-dir/MiniOzoneClusterImpl-5ac1d508-1700-49a1-8f37-e4cad1a6cc92/datanode-2/data/ratis/e08c1d03-7cb7-42a1-9e9c-e49a339d4d7f: Starting segment from index:0
2019-07-13 07:45:54,432 INFO  segmented.SegmentedRaftLogWorker (SegmentedRaftLogWorker.java:execute(569)) - c19ba71b-66e7-4db4-b375-62e358c85a29-SegmentedRaftLogWorker:Storage Directory /tmp/workdir/hadoop-ozone/integration-test/target/test-dir/MiniOzoneClusterImpl-5ac1d508-1700-49a1-8f37-e4cad1a6cc92/datanode-2/data/ratis/e08c1d03-7cb7-42a1-9e9c-e49a339d4d7f: created new log segment /tmp/workdir/hadoop-ozone/integration-test/target/test-dir/MiniOzoneClusterImpl-5ac1d508-1700-49a1-8f37-e4cad1a6cc92/datanode-2/data/ratis/e08c1d03-7cb7-42a1-9e9c-e49a339d4d7f/current/log_inprogress_0
2019-07-13 07:45:54,432 INFO  segmented.SegmentedRaftLogWorker (SegmentedRaftLogWorker.java:execute(569)) - d551fa2e-1e1a-4bc0-928c-6dbc342b9b94-SegmentedRaftLogWorker:Storage Directory /tmp/workdir/hadoop-ozone/integration-test/target/test-dir/MiniOzoneClusterImpl-5ac1d508-1700-49a1-8f37-e4cad1a6cc92/datanode-0/data/ratis/e08c1d03-7cb7-42a1-9e9c-e49a339d4d7f: created new log segment /tmp/workdir/hadoop-ozone/integration-test/target/test-dir/MiniOzoneClusterImpl-5ac1d508-1700-49a1-8f37-e4cad1a6cc92/datanode-0/data/ratis/e08c1d03-7cb7-42a1-9e9c-e49a339d4d7f/current/log_inprogress_0
2019-07-13 07:45:54,612 INFO  client.GrpcClientProtocolClient (GrpcClientProtocolClient.java:onNext(255)) - client-28F8AB84F8B0->209f1d8d-4964-4543-a1ce-63909dc5ac44: receive RaftClientReply:client-28F8AB84F8B0->209f1d8d-4964-4543-a1ce-63909dc5ac44@group-E49A339D4D7F, cid=27, SUCCESS, logIndex=1, commits[209f1d8d-4964-4543-a1ce-63909dc5ac44:c1, c19ba71b-66e7-4db4-b375-62e358c85a29:c0, d551fa2e-1e1a-4bc0-928c-6dbc342b9b94:c0]
2019-07-13 07:45:54,727 INFO  client.GrpcClientProtocolClient (GrpcClientProtocolClient.java:onNext(255)) - client-28F8AB84F8B0->209f1d8d-4964-4543-a1ce-63909dc5ac44: receive RaftClientReply:client-28F8AB84F8B0->209f1d8d-4964-4543-a1ce-63909dc5ac44@group-E49A339D4D7F, cid=28, SUCCESS, logIndex=3, commits[209f1d8d-4964-4543-a1ce-63909dc5ac44:c4, c19ba71b-66e7-4db4-b375-62e358c85a29:c3, d551fa2e-1e1a-4bc0-928c-6dbc342b9b94:c3]
2019-07-13 07:45:54,795 INFO  pipeline.Pipeline (Pipeline.java:getProtobufMessage(195)) - Serialize pipeline PipelineID=e08c1d03-7cb7-42a1-9e9c-e49a339d4d7f with nodesInOrder{ }
2019-07-13 07:45:54,802 INFO  ozone.MiniOzoneClusterImpl (MiniOzoneClusterImpl.java:shutdown(321)) - Shutting down the Mini Ozone Cluster
2019-07-13 07:45:54,802 INFO  ozone.MiniOzoneClusterImpl (MiniOzoneClusterImpl.java:stop(336)) - Stopping the Mini Ozone Cluster
2019-07-13 07:45:54,802 INFO  ozone.MiniOzoneClusterImpl (MiniOzoneClusterImpl.java:stop(338)) - Stopping the OzoneManager
2019-07-13 07:45:54,803 INFO  ipc.Server (Server.java:stop(3082)) - Stopping server on 34648
2019-07-13 07:45:54,804 INFO  ipc.Server (Server.java:run(1185)) - Stopping IPC Server listener on 34648
2019-07-13 07:45:54,804 INFO  utils.BackgroundService (BackgroundService.java:shutdown(148)) - Shutting down service KeyDeletingService
2019-07-13 07:45:54,805 INFO  ipc.Server (Server.java:run(1319)) - Stopping IPC Server Responder
2019-07-13 07:45:54,812 INFO  handler.ContextHandler (ContextHandler.java:doStop(910)) - Stopped o.e.j.w.WebAppContext@3e9803c2{/,null,UNAVAILABLE}{/ozoneManager}
2019-07-13 07:45:54,819 INFO  server.AbstractConnector (AbstractConnector.java:doStop(318)) - Stopped ServerConnector@4525d1d3{HTTP/1.1,[http/1.1]}{0.0.0.0:0}
2019-07-13 07:45:54,819 INFO  handler.ContextHandler (ContextHandler.java:doStop(910)) - Stopped o.e.j.s.ServletContextHandler@7b44b63d{/static,file:///tmp/workdir/hadoop-ozone/integration-test/target/test-classes/webapps/static,UNAVAILABLE}
2019-07-13 07:45:54,820 INFO  handler.ContextHandler (ContextHandler.java:doStop(910)) - Stopped o.e.j.s.ServletContextHandler@2d0bfb24{/logs,file:///tmp/workdir/hadoop-ozone/integration-test/target/log,UNAVAILABLE}
2019-07-13 07:45:54,827 INFO  ozone.MiniOzoneClusterImpl (MiniOzoneClusterImpl.java:stop(344)) - Shutting the HddsDatanodes
2019-07-13 07:45:54,827 INFO  datanode.ObjectStoreHandler (ObjectStoreHandler.java:close(155)) - Closing ObjectStoreHandler.
2019-07-13 07:45:54,827 INFO  datanode.ObjectStoreHandler (ObjectStoreHandler.java:close(155)) - Closing ObjectStoreHandler.
2019-07-13 07:45:54,831 INFO  ozone.HddsDatanodeService (HddsDatanodeService.java:stop(452)) - Stopped plug-in org.apache.hadoop.ozone.web.OzoneHddsDatanodeService@15d236fd
2019-07-13 07:45:54,831 INFO  ozone.HddsDatanodeService (HddsDatanodeService.java:stop(452)) - Stopped plug-in org.apache.hadoop.ozone.web.OzoneHddsDatanodeService@5729b410
2019-07-13 07:45:55,382 INFO  statemachine.DatanodeStateMachine (DatanodeStateMachine.java:lambda$startDaemon$0(350)) - Ozone container server started.
2019-07-13 07:45:55,589 INFO  statemachine.DatanodeStateMachine (DatanodeStateMachine.java:lambda$startDaemon$0(350)) - Ozone container server started.
2019-07-13 07:45:59,834 INFO  ozoneimpl.OzoneContainer (OzoneContainer.java:stop(199)) - Attempting to stop container services.
2019-07-13 07:45:59,834 INFO  ozoneimpl.OzoneContainer (OzoneContainer.java:stop(199)) - Attempting to stop container services.
2019-07-13 07:45:59,835 INFO  impl.RaftServerProxy (RaftServerProxy.java:lambda$close$4(314)) - 209f1d8d-4964-4543-a1ce-63909dc5ac44: close
2019-07-13 07:45:59,835 INFO  impl.RaftServerProxy (RaftServerProxy.java:lambda$close$4(314)) - 292e5068-2635-4b85-ab72-b1ce48bb290d: close
2019-07-13 07:45:59,837 INFO  impl.RaftServerImpl (RaftServerImpl.java:lambda$shutdown$3(245)) - 209f1d8d-4964-4543-a1ce-63909dc5ac44: shutdown group-E49A339D4D7F
2019-07-13 07:45:59,837 INFO  impl.RaftServerImpl (RaftServerImpl.java:lambda$shutdown$3(245)) - 292e5068-2635-4b85-ab72-b1ce48bb290d: shutdown group-2123149BE747
2019-07-13 07:45:59,837 INFO  util.JmxRegister (JmxRegister.java:unregister(73)) - Successfully un-registered JMX Bean with object name Ratis:service=RaftServer,group=group-E49A339D4D7F,id=209f1d8d-4964-4543-a1ce-63909dc5ac44
2019-07-13 07:45:59,838 INFO  util.JmxRegister (JmxRegister.java:unregister(73)) - Successfully un-registered JMX Bean with object name Ratis:service=RaftServer,group=group-2123149BE747,id=292e5068-2635-4b85-ab72-b1ce48bb290d
2019-07-13 07:45:59,838 INFO  impl.RoleInfo (RoleInfo.java:shutdownLeaderState(104)) - 209f1d8d-4964-4543-a1ce-63909dc5ac44: shutdown LeaderState
2019-07-13 07:45:59,838 INFO  impl.RoleInfo (RoleInfo.java:shutdownLeaderState(104)) - 292e5068-2635-4b85-ab72-b1ce48bb290d: shutdown LeaderState
2019-07-13 07:45:59,843 WARN  server.GrpcLogAppender (GrpcLogAppender.java:mayWait(143)) - GrpcLogAppender(209f1d8d-4964-4543-a1ce-63909dc5ac44->c19ba71b-66e7-4db4-b375-62e358c85a29): Wait interrupted by java.lang.InterruptedException
2019-07-13 07:45:59,843 WARN  server.GrpcLogAppender (GrpcLogAppender.java:mayWait(143)) - GrpcLogAppender(209f1d8d-4964-4543-a1ce-63909dc5ac44->d551fa2e-1e1a-4bc0-928c-6dbc342b9b94): Wait interrupted by java.lang.InterruptedException
2019-07-13 07:45:59,843 INFO  impl.PendingRequests (PendingRequests.java:sendNotLeaderResponses(202)) - 209f1d8d-4964-4543-a1ce-63909dc5ac44-PendingRequests: sendNotLeaderResponses
2019-07-13 07:45:59,843 INFO  impl.PendingRequests (PendingRequests.java:sendNotLeaderResponses(202)) - 292e5068-2635-4b85-ab72-b1ce48bb290d-PendingRequests: sendNotLeaderResponses
2019-07-13 07:45:59,862 INFO  ratis.ContainerStateMachine (ContainerStateMachine.java:takeSnapshot(246)) - Taking snapshot at termIndex:(t:1, i:4)
2019-07-13 07:45:59,862 INFO  impl.StateMachineUpdater (StateMachineUpdater.java:stopAndJoin(115)) - StateMachineUpdater:209f1d8d-4964-4543-a1ce-63909dc5ac44:group-E49A339D4D7F: set stopIndex = 4
2019-07-13 07:45:59,860 INFO  server.GrpcServerProtocolService (GrpcServerProtocolService.java:onCompleted(104)) - d551fa2e-1e1a-4bc0-928c-6dbc342b9b94: appendEntries completed
2019-07-13 07:45:59,852 INFO  server.GrpcServerProtocolService (GrpcServerProtocolService.java:onCompleted(104)) - c19ba71b-66e7-4db4-b375-62e358c85a29: appendEntries completed
2019-07-13 07:45:59,865 INFO  ratis.ContainerStateMachine (ContainerStateMachine.java:takeSnapshot(246)) - Taking snapshot at termIndex:(t:0, i:~)
2019-07-13 07:45:59,862 INFO  ratis.ContainerStateMachine (ContainerStateMachine.java:takeSnapshot(250)) - Taking a snapshot to file /tmp/workdir/hadoop-ozone/integration-test/target/test-dir/MiniOzoneClusterImpl-5ac1d508-1700-49a1-8f37-e4cad1a6cc92/datanode-1/data/ratis/e08c1d03-7cb7-42a1-9e9c-e49a339d4d7f/sm/snapshot.1_4
2019-07-13 07:45:59,862 INFO  impl.StateMachineUpdater (StateMachineUpdater.java:stopAndJoin(115)) - StateMachineUpdater:292e5068-2635-4b85-ab72-b1ce48bb290d:group-2123149BE747: set stopIndex = 0
2019-07-13 07:45:59,866 INFO  server.GrpcLogAppender (GrpcLogAppender.java:onCompleted(292)) - 209f1d8d-4964-4543-a1ce-63909dc5ac44->c19ba71b-66e7-4db4-b375-62e358c85a29: follower responses appendEntries COMPLETED
2019-07-13 07:45:59,866 INFO  server.GrpcLogAppender (GrpcLogAppender.java:onCompleted(292)) - 209f1d8d-4964-4543-a1ce-63909dc5ac44->d551fa2e-1e1a-4bc0-928c-6dbc342b9b94: follower responses appendEntries COMPLETED
2019-07-13 07:45:59,866 INFO  impl.StateMachineUpdater (StateMachineUpdater.java:takeSnapshot(242)) - StateMachineUpdater:209f1d8d-4964-4543-a1ce-63909dc5ac44:group-E49A339D4D7F: Took a snapshot at index 4
2019-07-13 07:45:59,866 INFO  impl.RaftServerImpl (ServerState.java:close(394)) - 292e5068-2635-4b85-ab72-b1ce48bb290d:group-2123149BE747 closes. The last applied log index is 0
2019-07-13 07:45:59,871 INFO  impl.StateMachineUpdater (StateMachineUpdater.java:lambda$new$0(80)) - StateMachineUpdater:209f1d8d-4964-4543-a1ce-63909dc5ac44:group-E49A339D4D7F: snapshotIndex: updateIncreasingly -1 -> 4
2019-07-13 07:45:59,871 INFO  impl.FollowerInfo (FollowerInfo.java:lambda$new$0(50)) - 209f1d8d-4964-4543-a1ce-63909dc5ac44->d551fa2e-1e1a-4bc0-928c-6dbc342b9b94: nextIndex: updateUnconditionally 5 -> 4
2019-07-13 07:45:59,870 INFO  impl.FollowerInfo (FollowerInfo.java:lambda$new$0(50)) - 209f1d8d-4964-4543-a1ce-63909dc5ac44->c19ba71b-66e7-4db4-b375-62e358c85a29: nextIndex: updateUnconditionally 5 -> 4
2019-07-13 07:45:59,871 INFO  impl.RaftServerImpl (ServerState.java:close(394)) - 209f1d8d-4964-4543-a1ce-63909dc5ac44:group-E49A339D4D7F closes. The last applied log index is 4
2019-07-13 07:45:59,871 INFO  segmented.SegmentedRaftLogWorker (SegmentedRaftLogWorker.java:run(313)) - 292e5068-2635-4b85-ab72-b1ce48bb290d-SegmentedRaftLogWorker:Storage Directory /tmp/workdir/hadoop-ozone/integration-test/target/test-dir/MiniOzoneClusterImpl-5ac1d508-1700-49a1-8f37-e4cad1a6cc92/datanode-4/data/ratis/a761f8ed-98cc-45f7-be89-2123149be747 was interrupted, exiting. There are 0 tasks remaining in the queue.
2019-07-13 07:45:59,872 INFO  segmented.SegmentedRaftLogWorker (SegmentedRaftLogWorker.java:run(313)) - 209f1d8d-4964-4543-a1ce-63909dc5ac44-SegmentedRaftLogWorker:Storage Directory /tmp/workdir/hadoop-ozone/integration-test/target/test-dir/MiniOzoneClusterImpl-5ac1d508-1700-49a1-8f37-e4cad1a6cc92/datanode-1/data/ratis/e08c1d03-7cb7-42a1-9e9c-e49a339d4d7f was interrupted, exiting. There are 0 tasks remaining in the queue.
2019-07-13 07:45:59,878 INFO  segmented.SegmentedRaftLogWorker (SegmentedRaftLogWorker.java:close(228)) - 209f1d8d-4964-4543-a1ce-63909dc5ac44-SegmentedRaftLogWorker:Storage Directory /tmp/workdir/hadoop-ozone/integration-test/target/test-dir/MiniOzoneClusterImpl-5ac1d508-1700-49a1-8f37-e4cad1a6cc92/datanode-1/data/ratis/e08c1d03-7cb7-42a1-9e9c-e49a339d4d7f close()
2019-07-13 07:45:59,878 INFO  segmented.SegmentedRaftLogWorker (SegmentedRaftLogWorker.java:close(228)) - 292e5068-2635-4b85-ab72-b1ce48bb290d-SegmentedRaftLogWorker:Storage Directory /tmp/workdir/hadoop-ozone/integration-test/target/test-dir/MiniOzoneClusterImpl-5ac1d508-1700-49a1-8f37-e4cad1a6cc92/datanode-4/data/ratis/a761f8ed-98cc-45f7-be89-2123149be747 close()
2019-07-13 07:45:59,883 INFO  impl.RaftServerImpl (RaftServerImpl.java:lambda$shutdown$3(245)) - 209f1d8d-4964-4543-a1ce-63909dc5ac44: shutdown group-F8E847448D5A
2019-07-13 07:45:59,887 INFO  server.GrpcService (GrpcService.java:closeImpl(155)) - 292e5068-2635-4b85-ab72-b1ce48bb290d: shutdown server with port 45184 now
2019-07-13 07:45:59,887 INFO  util.JmxRegister (JmxRegister.java:unregister(73)) - Successfully un-registered JMX Bean with object name Ratis:service=RaftServer,group=group-F8E847448D5A,id=209f1d8d-4964-4543-a1ce-63909dc5ac44
2019-07-13 07:45:59,888 INFO  impl.RoleInfo (RoleInfo.java:shutdownLeaderState(104)) - 209f1d8d-4964-4543-a1ce-63909dc5ac44: shutdown LeaderState
2019-07-13 07:45:59,888 INFO  impl.PendingRequests (PendingRequests.java:sendNotLeaderResponses(202)) - 209f1d8d-4964-4543-a1ce-63909dc5ac44-PendingRequests: sendNotLeaderResponses
2019-07-13 07:45:59,889 INFO  impl.StateMachineUpdater (StateMachineUpdater.java:stopAndJoin(115)) - StateMachineUpdater:209f1d8d-4964-4543-a1ce-63909dc5ac44:group-F8E847448D5A: set stopIndex = 0
2019-07-13 07:45:59,889 INFO  ratis.ContainerStateMachine (ContainerStateMachine.java:takeSnapshot(246)) - Taking snapshot at termIndex:(t:0, i:~)
2019-07-13 07:45:59,889 INFO  impl.RaftServerImpl (ServerState.java:close(394)) - 209f1d8d-4964-4543-a1ce-63909dc5ac44:group-F8E847448D5A closes. The last applied log index is 0
2019-07-13 07:45:59,891 INFO  segmented.SegmentedRaftLogWorker (SegmentedRaftLogWorker.java:run(313)) - 209f1d8d-4964-4543-a1ce-63909dc5ac44-SegmentedRaftLogWorker:Storage Directory /tmp/workdir/hadoop-ozone/integration-test/target/test-dir/MiniOzoneClusterImpl-5ac1d508-1700-49a1-8f37-e4cad1a6cc92/datanode-1/data/ratis/3da8acbd-f03e-4ea5-9166-f8e847448d5a was interrupted, exiting. There are 0 tasks remaining in the queue.
2019-07-13 07:45:59,891 INFO  server.GrpcService (GrpcService.java:closeImpl(163)) - 292e5068-2635-4b85-ab72-b1ce48bb290d: shutdown server with port 45184 successfully
2019-07-13 07:45:59,893 INFO  segmented.SegmentedRaftLogWorker (SegmentedRaftLogWorker.java:close(228)) - 209f1d8d-4964-4543-a1ce-63909dc5ac44-SegmentedRaftLogWorker:Storage Directory /tmp/workdir/hadoop-ozone/integration-test/target/test-dir/MiniOzoneClusterImpl-5ac1d508-1700-49a1-8f37-e4cad1a6cc92/datanode-1/data/ratis/3da8acbd-f03e-4ea5-9166-f8e847448d5a close()
2019-07-13 07:45:59,898 INFO  server.GrpcService (GrpcService.java:closeImpl(155)) - 209f1d8d-4964-4543-a1ce-63909dc5ac44: shutdown server with port 39962 now
2019-07-13 07:45:59,900 INFO  utils.BackgroundService (BackgroundService.java:shutdown(148)) - Shutting down service BlockDeletingService
2019-07-13 07:45:59,900 INFO  server.GrpcService (GrpcService.java:closeImpl(163)) - 209f1d8d-4964-4543-a1ce-63909dc5ac44: shutdown server with port 39962 successfully
2019-07-13 07:45:59,902 WARN  fs.CachingGetSpaceUsed (CachingGetSpaceUsed.java:run(183)) - Thread Interrupted waiting to refresh disk information: sleep interrupted
2019-07-13 07:45:59,921 INFO  utils.BackgroundService (BackgroundService.java:shutdown(148)) - Shutting down service BlockDeletingService
2019-07-13 07:45:59,930 WARN  fs.CachingGetSpaceUsed (CachingGetSpaceUsed.java:run(183)) - Thread Interrupted waiting to refresh disk information: sleep interrupted
2019-07-13 07:45:59,933 INFO  statemachine.DatanodeStateMachine (DatanodeStateMachine.java:stopDaemon(395)) - Ozone container server stopped.
2019-07-13 07:45:59,945 INFO  handler.ContextHandler (ContextHandler.java:doStop(910)) - Stopped o.e.j.w.WebAppContext@367d34c0{/,null,UNAVAILABLE}{/hddsDatanode}
2019-07-13 07:45:59,946 INFO  server.AbstractConnector (AbstractConnector.java:doStop(318)) - Stopped ServerConnector@4ce25e47{HTTP/1.1,[http/1.1]}{0.0.0.0:0}
2019-07-13 07:45:59,946 INFO  handler.ContextHandler (ContextHandler.java:doStop(910)) - Stopped o.e.j.s.ServletContextHandler@5fef0c19{/static,jar:file:/home/user/.m2/repository/org/apache/hadoop/hadoop-hdds-container-service/0.5.0-SNAPSHOT/hadoop-hdds-container-service-0.5.0-SNAPSHOT.jar!/webapps/static,UNAVAILABLE}
2019-07-13 07:45:59,947 INFO  handler.ContextHandler (ContextHandler.java:doStop(910)) - Stopped o.e.j.s.ServletContextHandler@615db358{/logs,file:///tmp/workdir/hadoop-ozone/integration-test/target/log,UNAVAILABLE}
2019-07-13 07:45:59,948 INFO  datanode.ObjectStoreHandler (ObjectStoreHandler.java:close(155)) - Closing ObjectStoreHandler.
2019-07-13 07:45:59,953 INFO  statemachine.DatanodeStateMachine (DatanodeStateMachine.java:stopDaemon(395)) - Ozone container server stopped.
2019-07-13 07:45:59,953 INFO  ozone.HddsDatanodeService (HddsDatanodeService.java:stop(452)) - Stopped plug-in org.apache.hadoop.ozone.web.OzoneHddsDatanodeService@65da01f4
2019-07-13 07:45:59,959 INFO  handler.ContextHandler (ContextHandler.java:doStop(910)) - Stopped o.e.j.w.WebAppContext@2e1eb85f{/,null,UNAVAILABLE}{/hddsDatanode}
2019-07-13 07:45:59,960 INFO  server.AbstractConnector (AbstractConnector.java:doStop(318)) - Stopped ServerConnector@ea7a4c3{HTTP/1.1,[http/1.1]}{0.0.0.0:0}
2019-07-13 07:45:59,962 INFO  handler.ContextHandler (ContextHandler.java:doStop(910)) - Stopped o.e.j.s.ServletContextHandler@364fd4ae{/static,jar:file:/home/user/.m2/repository/org/apache/hadoop/hadoop-hdds-container-service/0.5.0-SNAPSHOT/hadoop-hdds-container-service-0.5.0-SNAPSHOT.jar!/webapps/static,UNAVAILABLE}
2019-07-13 07:45:59,963 INFO  handler.ContextHandler (ContextHandler.java:doStop(910)) - Stopped o.e.j.s.ServletContextHandler@359066bc{/logs,file:///tmp/workdir/hadoop-ozone/integration-test/target/log,UNAVAILABLE}
2019-07-13 07:45:59,965 INFO  datanode.ObjectStoreHandler (ObjectStoreHandler.java:close(155)) - Closing ObjectStoreHandler.
2019-07-13 07:45:59,966 INFO  ozone.HddsDatanodeService (HddsDatanodeService.java:stop(452)) - Stopped plug-in org.apache.hadoop.ozone.web.OzoneHddsDatanodeService@7436364d
2019-07-13 07:46:00,383 INFO  statemachine.DatanodeStateMachine (DatanodeStateMachine.java:lambda$startDaemon$0(350)) - Ozone container server started.
2019-07-13 07:46:00,592 INFO  statemachine.DatanodeStateMachine (DatanodeStateMachine.java:lambda$startDaemon$0(350)) - Ozone container server started.
2019-07-13 07:46:04,957 INFO  ozoneimpl.OzoneContainer (OzoneContainer.java:stop(199)) - Attempting to stop container services.
2019-07-13 07:46:04,958 INFO  impl.RaftServerProxy (RaftServerProxy.java:lambda$close$4(314)) - 2d959879-8814-4dda-9d68-c16227aaa522: close
2019-07-13 07:46:04,959 INFO  impl.RaftServerImpl (RaftServerImpl.java:lambda$shutdown$3(245)) - 2d959879-8814-4dda-9d68-c16227aaa522: shutdown group-E21D3C509DBF
2019-07-13 07:46:04,959 INFO  util.JmxRegister (JmxRegister.java:unregister(73)) - Successfully un-registered JMX Bean with object name Ratis:service=RaftServer,group=group-E21D3C509DBF,id=2d959879-8814-4dda-9d68-c16227aaa522
2019-07-13 07:46:04,960 INFO  impl.RoleInfo (RoleInfo.java:shutdownLeaderState(104)) - 2d959879-8814-4dda-9d68-c16227aaa522: shutdown LeaderState
2019-07-13 07:46:04,960 INFO  impl.PendingRequests (PendingRequests.java:sendNotLeaderResponses(202)) - 2d959879-8814-4dda-9d68-c16227aaa522-PendingRequests: sendNotLeaderResponses
2019-07-13 07:46:04,961 INFO  impl.StateMachineUpdater (StateMachineUpdater.java:stopAndJoin(115)) - StateMachineUpdater:2d959879-8814-4dda-9d68-c16227aaa522:group-E21D3C509DBF: set stopIndex = 0
2019-07-13 07:46:04,961 INFO  ratis.ContainerStateMachine (ContainerStateMachine.java:takeSnapshot(246)) - Taking snapshot at termIndex:(t:0, i:~)
2019-07-13 07:46:04,962 INFO  impl.RaftServerImpl (ServerState.java:close(394)) - 2d959879-8814-4dda-9d68-c16227aaa522:group-E21D3C509DBF closes. The last applied log index is 0
2019-07-13 07:46:04,962 INFO  segmented.SegmentedRaftLogWorker (SegmentedRaftLogWorker.java:run(313)) - 2d959879-8814-4dda-9d68-c16227aaa522-SegmentedRaftLogWorker:Storage Directory /tmp/workdir/hadoop-ozone/integration-test/target/test-dir/MiniOzoneClusterImpl-5ac1d508-1700-49a1-8f37-e4cad1a6cc92/datanode-3/data/ratis/38138c76-feef-4931-a94b-e21d3c509dbf was interrupted, exiting. There are 0 tasks remaining in the queue.
2019-07-13 07:46:04,965 INFO  segmented.SegmentedRaftLogWorker (SegmentedRaftLogWorker.java:close(228)) - 2d959879-8814-4dda-9d68-c16227aaa522-SegmentedRaftLogWorker:Storage Directory /tmp/workdir/hadoop-ozone/integration-test/target/test-dir/MiniOzoneClusterImpl-5ac1d508-1700-49a1-8f37-e4cad1a6cc92/datanode-3/data/ratis/38138c76-feef-4931-a94b-e21d3c509dbf close()
2019-07-13 07:46:04,969 INFO  impl.RaftServerImpl (RaftServerImpl.java:lambda$shutdown$3(245)) - 2d959879-8814-4dda-9d68-c16227aaa522: shutdown group-F68CC2B7F04D
2019-07-13 07:46:04,969 INFO  ozoneimpl.OzoneContainer (OzoneContainer.java:stop(199)) - Attempting to stop container services.
2019-07-13 07:46:04,970 INFO  util.JmxRegister (JmxRegister.java:unregister(73)) - Successfully un-registered JMX Bean with object name Ratis:service=RaftServer,group=group-F68CC2B7F04D,id=2d959879-8814-4dda-9d68-c16227aaa522
2019-07-13 07:46:04,970 INFO  impl.RaftServerProxy (RaftServerProxy.java:lambda$close$4(314)) - c19ba71b-66e7-4db4-b375-62e358c85a29: close
2019-07-13 07:46:04,970 INFO  impl.RoleInfo (RoleInfo.java:shutdownFollowerState(121)) - 2d959879-8814-4dda-9d68-c16227aaa522: shutdown FollowerState
2019-07-13 07:46:04,971 INFO  impl.RaftServerImpl (RaftServerImpl.java:lambda$shutdown$3(245)) - c19ba71b-66e7-4db4-b375-62e358c85a29: shutdown group-D0CA664C1CAB
2019-07-13 07:46:04,971 INFO  impl.FollowerState (FollowerState.java:run(114)) - 2d959879-8814-4dda-9d68-c16227aaa522: FollowerState was interrupted: java.lang.InterruptedException: sleep interrupted
2019-07-13 07:46:04,971 INFO  ratis.ContainerStateMachine (ContainerStateMachine.java:takeSnapshot(246)) - Taking snapshot at termIndex:(t:0, i:~)
2019-07-13 07:46:04,971 INFO  impl.StateMachineUpdater (StateMachineUpdater.java:stopAndJoin(115)) - StateMachineUpdater:2d959879-8814-4dda-9d68-c16227aaa522:group-F68CC2B7F04D: set stopIndex = 0
2019-07-13 07:46:04,972 INFO  impl.RaftServerImpl (ServerState.java:close(394)) - 2d959879-8814-4dda-9d68-c16227aaa522:group-F68CC2B7F04D closes. The last applied log index is 0
2019-07-13 07:46:04,972 INFO  util.JmxRegister (JmxRegister.java:unregister(73)) - Successfully un-registered JMX Bean with object name Ratis:service=RaftServer,group=group-D0CA664C1CAB,id=c19ba71b-66e7-4db4-b375-62e358c85a29
2019-07-13 07:46:04,973 INFO  segmented.SegmentedRaftLogWorker (SegmentedRaftLogWorker.java:run(313)) - 2d959879-8814-4dda-9d68-c16227aaa522-SegmentedRaftLogWorker:Storage Directory /tmp/workdir/hadoop-ozone/integration-test/target/test-dir/MiniOzoneClusterImpl-5ac1d508-1700-49a1-8f37-e4cad1a6cc92/datanode-3/data/ratis/410a1400-7357-4be7-bd73-f68cc2b7f04d was interrupted, exiting. There are 0 tasks remaining in the queue.
2019-07-13 07:46:04,973 INFO  impl.RoleInfo (RoleInfo.java:shutdownLeaderState(104)) - c19ba71b-66e7-4db4-b375-62e358c85a29: shutdown LeaderState
2019-07-13 07:46:04,975 INFO  impl.PendingRequests (PendingRequests.java:sendNotLeaderResponses(202)) - c19ba71b-66e7-4db4-b375-62e358c85a29-PendingRequests: sendNotLeaderResponses
2019-07-13 07:46:04,976 INFO  impl.StateMachineUpdater (StateMachineUpdater.java:stopAndJoin(115)) - StateMachineUpdater:c19ba71b-66e7-4db4-b375-62e358c85a29:group-D0CA664C1CAB: set stopIndex = 0
2019-07-13 07:46:04,976 INFO  ratis.ContainerStateMachine (ContainerStateMachine.java:takeSnapshot(246)) - Taking snapshot at termIndex:(t:0, i:~)
2019-07-13 07:46:04,976 INFO  impl.RaftServerImpl (ServerState.java:close(394)) - c19ba71b-66e7-4db4-b375-62e358c85a29:group-D0CA664C1CAB closes. The last applied log index is 0
2019-07-13 07:46:04,977 INFO  segmented.SegmentedRaftLogWorker (SegmentedRaftLogWorker.java:run(313)) - c19ba71b-66e7-4db4-b375-62e358c85a29-SegmentedRaftLogWorker:Storage Directory /tmp/workdir/hadoop-ozone/integration-test/target/test-dir/MiniOzoneClusterImpl-5ac1d508-1700-49a1-8f37-e4cad1a6cc92/datanode-2/data/ratis/970aa736-68a3-450f-b61c-d0ca664c1cab was interrupted, exiting. There are 0 tasks remaining in the queue.
2019-07-13 07:46:04,979 INFO  segmented.SegmentedRaftLogWorker (SegmentedRaftLogWorker.java:close(228)) - 2d959879-8814-4dda-9d68-c16227aaa522-SegmentedRaftLogWorker:Storage Directory /tmp/workdir/hadoop-ozone/integration-test/target/test-dir/MiniOzoneClusterImpl-5ac1d508-1700-49a1-8f37-e4cad1a6cc92/datanode-3/data/ratis/410a1400-7357-4be7-bd73-f68cc2b7f04d close()
2019-07-13 07:46:04,979 INFO  segmented.SegmentedRaftLogWorker (SegmentedRaftLogWorker.java:close(228)) - c19ba71b-66e7-4db4-b375-62e358c85a29-SegmentedRaftLogWorker:Storage Directory /tmp/workdir/hadoop-ozone/integration-test/target/test-dir/MiniOzoneClusterImpl-5ac1d508-1700-49a1-8f37-e4cad1a6cc92/datanode-2/data/ratis/970aa736-68a3-450f-b61c-d0ca664c1cab close()
2019-07-13 07:46:04,983 INFO  server.GrpcService (GrpcService.java:closeImpl(155)) - 2d959879-8814-4dda-9d68-c16227aaa522: shutdown server with port 43992 now
2019-07-13 07:46:04,986 INFO  impl.RaftServerImpl (RaftServerImpl.java:lambda$shutdown$3(245)) - c19ba71b-66e7-4db4-b375-62e358c85a29: shutdown group-E49A339D4D7F
2019-07-13 07:46:04,990 INFO  util.JmxRegister (JmxRegister.java:unregister(73)) - Successfully un-registered JMX Bean with object name Ratis:service=RaftServer,group=group-E49A339D4D7F,id=c19ba71b-66e7-4db4-b375-62e358c85a29
2019-07-13 07:46:04,990 INFO  impl.RoleInfo (RoleInfo.java:shutdownFollowerState(121)) - c19ba71b-66e7-4db4-b375-62e358c85a29: shutdown FollowerState
2019-07-13 07:46:04,991 INFO  impl.StateMachineUpdater (StateMachineUpdater.java:stopAndJoin(115)) - StateMachineUpdater:c19ba71b-66e7-4db4-b375-62e358c85a29:group-E49A339D4D7F: set stopIndex = 4
2019-07-13 07:46:04,991 INFO  impl.FollowerState (FollowerState.java:run(114)) - c19ba71b-66e7-4db4-b375-62e358c85a29: FollowerState was interrupted: java.lang.InterruptedException: sleep interrupted
2019-07-13 07:46:04,991 INFO  ratis.ContainerStateMachine (ContainerStateMachine.java:takeSnapshot(246)) - Taking snapshot at termIndex:(t:1, i:3)
2019-07-13 07:46:04,995 INFO  ratis.ContainerStateMachine (ContainerStateMachine.java:takeSnapshot(250)) - Taking a snapshot to file /tmp/workdir/hadoop-ozone/integration-test/target/test-dir/MiniOzoneClusterImpl-5ac1d508-1700-49a1-8f37-e4cad1a6cc92/datanode-2/data/ratis/e08c1d03-7cb7-42a1-9e9c-e49a339d4d7f/sm/snapshot.1_3
2019-07-13 07:46:04,996 INFO  impl.StateMachineUpdater (StateMachineUpdater.java:takeSnapshot(242)) - StateMachineUpdater:c19ba71b-66e7-4db4-b375-62e358c85a29:group-E49A339D4D7F: Took a snapshot at index 3
2019-07-13 07:46:04,996 INFO  server.GrpcService (GrpcService.java:closeImpl(163)) - 2d959879-8814-4dda-9d68-c16227aaa522: shutdown server with port 43992 successfully
2019-07-13 07:46:04,996 INFO  impl.StateMachineUpdater (StateMachineUpdater.java:lambda$new$0(80)) - StateMachineUpdater:c19ba71b-66e7-4db4-b375-62e358c85a29:group-E49A339D4D7F: snapshotIndex: updateIncreasingly -1 -> 3
2019-07-13 07:46:04,997 WARN  server.GrpcLogAppender (LogUtils.java:warn(134)) - 7ba46cb1-1a35-4258-aa91-dac5fff72408->2d959879-8814-4dda-9d68-c16227aaa522: Failed appendEntries: org.apache.ratis.thirdparty.io.grpc.StatusRuntimeException: CANCELLED: HTTP/2 error code: CANCEL
Received Rst Stream
2019-07-13 07:46:04,997 INFO  impl.RaftServerImpl (ServerState.java:close(394)) - c19ba71b-66e7-4db4-b375-62e358c85a29:group-E49A339D4D7F closes. The last applied log index is 4
2019-07-13 07:46:04,999 INFO  impl.FollowerInfo (FollowerInfo.java:lambda$new$0(50)) - 7ba46cb1-1a35-4258-aa91-dac5fff72408->2d959879-8814-4dda-9d68-c16227aaa522: nextIndex: updateUnconditionally 1 -> 0
2019-07-13 07:46:04,997 WARN  server.GrpcServerProtocolService (LogUtils.java:warn(134)) - 2d959879-8814-4dda-9d68-c16227aaa522: appendEntries onError: org.apache.ratis.thirdparty.io.grpc.StatusRuntimeException: CANCELLED: cancelled before receiving half close
2019-07-13 07:46:04,999 INFO  utils.BackgroundService (BackgroundService.java:shutdown(148)) - Shutting down service BlockDeletingService
2019-07-13 07:46:04,999 INFO  segmented.SegmentedRaftLogWorker (SegmentedRaftLogWorker.java:run(313)) - c19ba71b-66e7-4db4-b375-62e358c85a29-SegmentedRaftLogWorker:Storage Directory /tmp/workdir/hadoop-ozone/integration-test/target/test-dir/MiniOzoneClusterImpl-5ac1d508-1700-49a1-8f37-e4cad1a6cc92/datanode-2/data/ratis/e08c1d03-7cb7-42a1-9e9c-e49a339d4d7f was interrupted, exiting. There are 0 tasks remaining in the queue.
2019-07-13 07:46:05,004 INFO  segmented.SegmentedRaftLogWorker (SegmentedRaftLogWorker.java:close(228)) - c19ba71b-66e7-4db4-b375-62e358c85a29-SegmentedRaftLogWorker:Storage Directory /tmp/workdir/hadoop-ozone/integration-test/target/test-dir/MiniOzoneClusterImpl-5ac1d508-1700-49a1-8f37-e4cad1a6cc92/datanode-2/data/ratis/e08c1d03-7cb7-42a1-9e9c-e49a339d4d7f close()
2019-07-13 07:46:05,004 WARN  fs.CachingGetSpaceUsed (CachingGetSpaceUsed.java:run(183)) - Thread Interrupted waiting to refresh disk information: sleep interrupted
2019-07-13 07:46:05,015 INFO  server.GrpcService (GrpcService.java:closeImpl(155)) - c19ba71b-66e7-4db4-b375-62e358c85a29: shutdown server with port 43437 now
2019-07-13 07:46:05,019 INFO  server.GrpcService (GrpcService.java:closeImpl(163)) - c19ba71b-66e7-4db4-b375-62e358c85a29: shutdown server with port 43437 successfully
2019-07-13 07:46:05,042 INFO  statemachine.DatanodeStateMachine (DatanodeStateMachine.java:stopDaemon(395)) - Ozone container server stopped.
2019-07-13 07:46:05,044 INFO  handler.ContextHandler (ContextHandler.java:doStop(910)) - Stopped o.e.j.w.WebAppContext@6a2d867d{/,null,UNAVAILABLE}{/hddsDatanode}
2019-07-13 07:46:05,045 INFO  utils.BackgroundService (BackgroundService.java:shutdown(148)) - Shutting down service BlockDeletingService
2019-07-13 07:46:05,045 INFO  server.AbstractConnector (AbstractConnector.java:doStop(318)) - Stopped ServerConnector@73bb1337{HTTP/1.1,[http/1.1]}{0.0.0.0:0}
2019-07-13 07:46:05,046 INFO  handler.ContextHandler (ContextHandler.java:doStop(910)) - Stopped o.e.j.s.ServletContextHandler@cc9ef8d{/static,jar:file:/home/user/.m2/repository/org/apache/hadoop/hadoop-hdds-container-service/0.5.0-SNAPSHOT/hadoop-hdds-container-service-0.5.0-SNAPSHOT.jar!/webapps/static,UNAVAILABLE}
2019-07-13 07:46:05,047 INFO  handler.ContextHandler (ContextHandler.java:doStop(910)) - Stopped o.e.j.s.ServletContextHandler@1e30db85{/logs,file:///tmp/workdir/hadoop-ozone/integration-test/target/log,UNAVAILABLE}
2019-07-13 07:46:05,051 WARN  fs.CachingGetSpaceUsed (CachingGetSpaceUsed.java:run(183)) - Thread Interrupted waiting to refresh disk information: sleep interrupted
2019-07-13 07:46:05,051 INFO  datanode.ObjectStoreHandler (ObjectStoreHandler.java:close(155)) - Closing ObjectStoreHandler.
2019-07-13 07:46:05,052 INFO  ozone.HddsDatanodeService (HddsDatanodeService.java:stop(452)) - Stopped plug-in org.apache.hadoop.ozone.web.OzoneHddsDatanodeService@28e7bb31
2019-07-13 07:46:05,067 INFO  statemachine.DatanodeStateMachine (DatanodeStateMachine.java:stopDaemon(395)) - Ozone container server stopped.
2019-07-13 07:46:05,077 INFO  handler.ContextHandler (ContextHandler.java:doStop(910)) - Stopped o.e.j.w.WebAppContext@7197b07f{/,null,UNAVAILABLE}{/hddsDatanode}
2019-07-13 07:46:05,078 INFO  server.AbstractConnector (AbstractConnector.java:doStop(318)) - Stopped ServerConnector@1f10fec6{HTTP/1.1,[http/1.1]}{0.0.0.0:0}
2019-07-13 07:46:05,079 INFO  handler.ContextHandler (ContextHandler.java:doStop(910)) - Stopped o.e.j.s.ServletContextHandler@62ade015{/static,jar:file:/home/user/.m2/repository/org/apache/hadoop/hadoop-hdds-container-service/0.5.0-SNAPSHOT/hadoop-hdds-container-service-0.5.0-SNAPSHOT.jar!/webapps/static,UNAVAILABLE}
2019-07-13 07:46:05,081 INFO  handler.ContextHandler (ContextHandler.java:doStop(910)) - Stopped o.e.j.s.ServletContextHandler@631c6d11{/logs,file:///tmp/workdir/hadoop-ozone/integration-test/target/log,UNAVAILABLE}
2019-07-13 07:46:05,082 INFO  datanode.ObjectStoreHandler (ObjectStoreHandler.java:close(155)) - Closing ObjectStoreHandler.
2019-07-13 07:46:05,083 INFO  ozone.HddsDatanodeService (HddsDatanodeService.java:stop(452)) - Stopped plug-in org.apache.hadoop.ozone.web.OzoneHddsDatanodeService@b4732dc
2019-07-13 07:46:05,316 WARN  server.GrpcLogAppender (LogUtils.java:warn(134)) - 7ba46cb1-1a35-4258-aa91-dac5fff72408->2d959879-8814-4dda-9d68-c16227aaa522: Failed appendEntries: org.apache.ratis.thirdparty.io.grpc.StatusRuntimeException: UNAVAILABLE: io exception
2019-07-13 07:46:05,320 INFO  impl.FollowerInfo (FollowerInfo.java:lambda$new$0(50)) - 7ba46cb1-1a35-4258-aa91-dac5fff72408->2d959879-8814-4dda-9d68-c16227aaa522: nextIndex: updateUnconditionally 0 -> 0
2019-07-13 07:46:05,594 INFO  statemachine.DatanodeStateMachine (DatanodeStateMachine.java:lambda$startDaemon$0(350)) - Ozone container server started.
2019-07-13 07:46:05,730 INFO  statemachine.DatanodeStateMachine (DatanodeStateMachine.java:lambda$startDaemon$0(350)) - Ozone container server started.
2019-07-13 07:46:07,810 WARN  server.GrpcLogAppender (LogUtils.java:warn(134)) - 7ba46cb1-1a35-4258-aa91-dac5fff72408->2d959879-8814-4dda-9d68-c16227aaa522: Failed appendEntries: org.apache.ratis.thirdparty.io.grpc.StatusRuntimeException: UNAVAILABLE: io exception
2019-07-13 07:46:07,813 INFO  impl.FollowerInfo (FollowerInfo.java:lambda$new$0(50)) - 7ba46cb1-1a35-4258-aa91-dac5fff72408->2d959879-8814-4dda-9d68-c16227aaa522: nextIndex: updateUnconditionally 0 -> 0
2019-07-13 07:46:09,464 INFO  impl.FollowerState (FollowerState.java:run(106)) - d551fa2e-1e1a-4bc0-928c-6dbc342b9b94:group-E49A339D4D7F changes to CANDIDATE, lastRpcTime:9795, electionTimeout:5025ms
2019-07-13 07:46:09,464 INFO  impl.RoleInfo (RoleInfo.java:shutdownFollowerState(121)) - d551fa2e-1e1a-4bc0-928c-6dbc342b9b94: shutdown FollowerState
2019-07-13 07:46:09,465 INFO  impl.RaftServerImpl (RaftServerImpl.java:setRole(171)) - d551fa2e-1e1a-4bc0-928c-6dbc342b9b94:group-E49A339D4D7F changes role from FOLLOWER to CANDIDATE at term 1 for changeToCandidate
2019-07-13 07:46:09,465 INFO  impl.RoleInfo (RoleInfo.java:updateAndGet(143)) - d551fa2e-1e1a-4bc0-928c-6dbc342b9b94: start LeaderElection
2019-07-13 07:46:09,467 INFO  impl.RaftServerImpl (ServerState.java:setLeader(263)) - d551fa2e-1e1a-4bc0-928c-6dbc342b9b94:group-E49A339D4D7F change Leader from 209f1d8d-4964-4543-a1ce-63909dc5ac44 to null at term 1 for initElection
2019-07-13 07:46:09,494 INFO  impl.LeaderElection (LeaderElection.java:askForVotes(181)) - d551fa2e-1e1a-4bc0-928c-6dbc342b9b94:group-E49A339D4D7F:LeaderElection15: begin an election at term 2 for 0: [c19ba71b-66e7-4db4-b375-62e358c85a29:192.168.69.84:43437, d551fa2e-1e1a-4bc0-928c-6dbc342b9b94:192.168.69.84:33989, 209f1d8d-4964-4543-a1ce-63909dc5ac44:192.168.69.84:39962], old=null
2019-07-13 07:46:09,503 INFO  impl.LeaderElection (LogUtils.java:infoOrTrace(149)) - d551fa2e-1e1a-4bc0-928c-6dbc342b9b94:group-E49A339D4D7F:LeaderElection15 got exception when requesting votes: {}
java.util.concurrent.ExecutionException: org.apache.ratis.thirdparty.io.grpc.StatusRuntimeException: UNAVAILABLE: io exception
	at java.util.concurrent.FutureTask.report(FutureTask.java:122)
	at java.util.concurrent.FutureTask.get(FutureTask.java:192)
	at org.apache.ratis.server.impl.LeaderElection.waitForResults(LeaderElection.java:262)
	at org.apache.ratis.server.impl.LeaderElection.askForVotes(LeaderElection.java:200)
	at org.apache.ratis.server.impl.LeaderElection.run(LeaderElection.java:130)
	at java.lang.Thread.run(Thread.java:748)
Caused by: org.apache.ratis.thirdparty.io.grpc.StatusRuntimeException: UNAVAILABLE: io exception
	at org.apache.ratis.thirdparty.io.grpc.stub.ClientCalls.toStatusRuntimeException(ClientCalls.java:233)
	at org.apache.ratis.thirdparty.io.grpc.stub.ClientCalls.getUnchecked(ClientCalls.java:214)
	at org.apache.ratis.thirdparty.io.grpc.stub.ClientCalls.blockingUnaryCall(ClientCalls.java:139)
	at org.apache.ratis.proto.grpc.RaftServerProtocolServiceGrpc$RaftServerProtocolServiceBlockingStub.requestVote(RaftServerProtocolServiceGrpc.java:265)
	at org.apache.ratis.grpc.server.GrpcServerProtocolClient.requestVote(GrpcServerProtocolClient.java:83)
	at org.apache.ratis.grpc.server.GrpcService.requestVote(GrpcService.java:195)
	at org.apache.ratis.server.impl.LeaderElection.lambda$submitRequests$1(LeaderElection.java:237)
	at java.util.concurrent.FutureTask.run(FutureTask.java:266)
	at java.util.concurrent.Executors$RunnableAdapter.call(Executors.java:511)
	at java.util.concurrent.FutureTask.run(FutureTask.java:266)
	at java.util.concurrent.ThreadPoolExecutor.runWorker(ThreadPoolExecutor.java:1149)
	at java.util.concurrent.ThreadPoolExecutor$Worker.run(ThreadPoolExecutor.java:624)
	... 1 more
Caused by: org.apache.ratis.thirdparty.io.netty.channel.AbstractChannel$AnnotatedConnectException: Connection refused: /192.168.69.84:43437
	at sun.nio.ch.SocketChannelImpl.checkConnect(Native Method)
	at sun.nio.ch.SocketChannelImpl.finishConnect(SocketChannelImpl.java:717)
	at org.apache.ratis.thirdparty.io.netty.channel.socket.nio.NioSocketChannel.doFinishConnect(NioSocketChannel.java:327)
	at org.apache.ratis.thirdparty.io.netty.channel.nio.AbstractNioChannel$AbstractNioUnsafe.finishConnect(AbstractNioChannel.java:340)
	at org.apache.ratis.thirdparty.io.netty.channel.nio.NioEventLoop.processSelectedKey(NioEventLoop.java:632)
	at org.apache.ratis.thirdparty.io.netty.channel.nio.NioEventLoop.processSelectedKeysOptimized(NioEventLoop.java:579)
	at org.apache.ratis.thirdparty.io.netty.channel.nio.NioEventLoop.processSelectedKeys(NioEventLoop.java:496)
	at org.apache.ratis.thirdparty.io.netty.channel.nio.NioEventLoop.run(NioEventLoop.java:458)
	at org.apache.ratis.thirdparty.io.netty.util.concurrent.SingleThreadEventExecutor$5.run(SingleThreadEventExecutor.java:897)
	at org.apache.ratis.thirdparty.io.netty.util.concurrent.FastThreadLocalRunnable.run(FastThreadLocalRunnable.java:30)
	... 1 more
Caused by: java.net.ConnectException: Connection refused
	... 11 more
2019-07-13 07:46:09,507 INFO  impl.LeaderElection (LogUtils.java:infoOrTrace(149)) - d551fa2e-1e1a-4bc0-928c-6dbc342b9b94:group-E49A339D4D7F:LeaderElection15 got exception when requesting votes: {}
java.util.concurrent.ExecutionException: org.apache.ratis.thirdparty.io.grpc.StatusRuntimeException: UNAVAILABLE: io exception
	at java.util.concurrent.FutureTask.report(FutureTask.java:122)
	at java.util.concurrent.FutureTask.get(FutureTask.java:192)
	at org.apache.ratis.server.impl.LeaderElection.waitForResults(LeaderElection.java:262)
	at org.apache.ratis.server.impl.LeaderElection.askForVotes(LeaderElection.java:200)
	at org.apache.ratis.server.impl.LeaderElection.run(LeaderElection.java:130)
	at java.lang.Thread.run(Thread.java:748)
Caused by: org.apache.ratis.thirdparty.io.grpc.StatusRuntimeException: UNAVAILABLE: io exception
	at org.apache.ratis.thirdparty.io.grpc.stub.ClientCalls.toStatusRuntimeException(ClientCalls.java:233)
	at org.apache.ratis.thirdparty.io.grpc.stub.ClientCalls.getUnchecked(ClientCalls.java:214)
	at org.apache.ratis.thirdparty.io.grpc.stub.ClientCalls.blockingUnaryCall(ClientCalls.java:139)
	at org.apache.ratis.proto.grpc.RaftServerProtocolServiceGrpc$RaftServerProtocolServiceBlockingStub.requestVote(RaftServerProtocolServiceGrpc.java:265)
	at org.apache.ratis.grpc.server.GrpcServerProtocolClient.requestVote(GrpcServerProtocolClient.java:83)
	at org.apache.ratis.grpc.server.GrpcService.requestVote(GrpcService.java:195)
	at org.apache.ratis.server.impl.LeaderElection.lambda$submitRequests$1(LeaderElection.java:237)
	at java.util.concurrent.FutureTask.run(FutureTask.java:266)
	at java.util.concurrent.Executors$RunnableAdapter.call(Executors.java:511)
	at java.util.concurrent.FutureTask.run(FutureTask.java:266)
	at java.util.concurrent.ThreadPoolExecutor.runWorker(ThreadPoolExecutor.java:1149)
	at java.util.concurrent.ThreadPoolExecutor$Worker.run(ThreadPoolExecutor.java:624)
	... 1 more
Caused by: org.apache.ratis.thirdparty.io.netty.channel.AbstractChannel$AnnotatedConnectException: Connection refused: /192.168.69.84:39962
	at sun.nio.ch.SocketChannelImpl.checkConnect(Native Method)
	at sun.nio.ch.SocketChannelImpl.finishConnect(SocketChannelImpl.java:717)
	at org.apache.ratis.thirdparty.io.netty.channel.socket.nio.NioSocketChannel.doFinishConnect(NioSocketChannel.java:327)
	at org.apache.ratis.thirdparty.io.netty.channel.nio.AbstractNioChannel$AbstractNioUnsafe.finishConnect(AbstractNioChannel.java:340)
	at org.apache.ratis.thirdparty.io.netty.channel.nio.NioEventLoop.processSelectedKey(NioEventLoop.java:632)
	at org.apache.ratis.thirdparty.io.netty.channel.nio.NioEventLoop.processSelectedKeysOptimized(NioEventLoop.java:579)
	at org.apache.ratis.thirdparty.io.netty.channel.nio.NioEventLoop.processSelectedKeys(NioEventLoop.java:496)
	at org.apache.ratis.thirdparty.io.netty.channel.nio.NioEventLoop.run(NioEventLoop.java:458)
	at org.apache.ratis.thirdparty.io.netty.util.concurrent.SingleThreadEventExecutor$5.run(SingleThreadEventExecutor.java:897)
	at org.apache.ratis.thirdparty.io.netty.util.concurrent.FastThreadLocalRunnable.run(FastThreadLocalRunnable.java:30)
	... 1 more
Caused by: java.net.ConnectException: Connection refused
	... 11 more
2019-07-13 07:46:09,509 INFO  impl.LeaderElection (LeaderElection.java:logAndReturn(56)) - d551fa2e-1e1a-4bc0-928c-6dbc342b9b94:group-E49A339D4D7F:LeaderElection15: Election REJECTED; received 0 response(s) [] and 2 exception(s); d551fa2e-1e1a-4bc0-928c-6dbc342b9b94:t2, leader=null, voted=d551fa2e-1e1a-4bc0-928c-6dbc342b9b94, raftlog=d551fa2e-1e1a-4bc0-928c-6dbc342b9b94-SegmentedRaftLog:OPENED:c4,f4,i4, conf=0: [c19ba71b-66e7-4db4-b375-62e358c85a29:192.168.69.84:43437, d551fa2e-1e1a-4bc0-928c-6dbc342b9b94:192.168.69.84:33989, 209f1d8d-4964-4543-a1ce-63909dc5ac44:192.168.69.84:39962], old=null
2019-07-13 07:46:09,510 INFO  impl.LeaderElection (LogUtils.java:infoOrTrace(149)) -   Exception 0: {}
java.util.concurrent.ExecutionException: org.apache.ratis.thirdparty.io.grpc.StatusRuntimeException: UNAVAILABLE: io exception
	at java.util.concurrent.FutureTask.report(FutureTask.java:122)
	at java.util.concurrent.FutureTask.get(FutureTask.java:192)
	at org.apache.ratis.server.impl.LeaderElection.waitForResults(LeaderElection.java:262)
	at org.apache.ratis.server.impl.LeaderElection.askForVotes(LeaderElection.java:200)
	at org.apache.ratis.server.impl.LeaderElection.run(LeaderElection.java:130)
	at java.lang.Thread.run(Thread.java:748)
Caused by: org.apache.ratis.thirdparty.io.grpc.StatusRuntimeException: UNAVAILABLE: io exception
	at org.apache.ratis.thirdparty.io.grpc.stub.ClientCalls.toStatusRuntimeException(ClientCalls.java:233)
	at org.apache.ratis.thirdparty.io.grpc.stub.ClientCalls.getUnchecked(ClientCalls.java:214)
	at org.apache.ratis.thirdparty.io.grpc.stub.ClientCalls.blockingUnaryCall(ClientCalls.java:139)
	at org.apache.ratis.proto.grpc.RaftServerProtocolServiceGrpc$RaftServerProtocolServiceBlockingStub.requestVote(RaftServerProtocolServiceGrpc.java:265)
	at org.apache.ratis.grpc.server.GrpcServerProtocolClient.requestVote(GrpcServerProtocolClient.java:83)
	at org.apache.ratis.grpc.server.GrpcService.requestVote(GrpcService.java:195)
	at org.apache.ratis.server.impl.LeaderElection.lambda$submitRequests$1(LeaderElection.java:237)
	at java.util.concurrent.FutureTask.run(FutureTask.java:266)
	at java.util.concurrent.Executors$RunnableAdapter.call(Executors.java:511)
	at java.util.concurrent.FutureTask.run(FutureTask.java:266)
	at java.util.concurrent.ThreadPoolExecutor.runWorker(ThreadPoolExecutor.java:1149)
	at java.util.concurrent.ThreadPoolExecutor$Worker.run(ThreadPoolExecutor.java:624)
	... 1 more
Caused by: org.apache.ratis.thirdparty.io.netty.channel.AbstractChannel$AnnotatedConnectException: Connection refused: /192.168.69.84:43437
	at sun.nio.ch.SocketChannelImpl.checkConnect(Native Method)
	at sun.nio.ch.SocketChannelImpl.finishConnect(SocketChannelImpl.java:717)
	at org.apache.ratis.thirdparty.io.netty.channel.socket.nio.NioSocketChannel.doFinishConnect(NioSocketChannel.java:327)
	at org.apache.ratis.thirdparty.io.netty.channel.nio.AbstractNioChannel$AbstractNioUnsafe.finishConnect(AbstractNioChannel.java:340)
	at org.apache.ratis.thirdparty.io.netty.channel.nio.NioEventLoop.processSelectedKey(NioEventLoop.java:632)
	at org.apache.ratis.thirdparty.io.netty.channel.nio.NioEventLoop.processSelectedKeysOptimized(NioEventLoop.java:579)
	at org.apache.ratis.thirdparty.io.netty.channel.nio.NioEventLoop.processSelectedKeys(NioEventLoop.java:496)
	at org.apache.ratis.thirdparty.io.netty.channel.nio.NioEventLoop.run(NioEventLoop.java:458)
	at org.apache.ratis.thirdparty.io.netty.util.concurrent.SingleThreadEventExecutor$5.run(SingleThreadEventExecutor.java:897)
	at org.apache.ratis.thirdparty.io.netty.util.concurrent.FastThreadLocalRunnable.run(FastThreadLocalRunnable.java:30)
	... 1 more
Caused by: java.net.ConnectException: Connection refused
	... 11 more
2019-07-13 07:46:09,510 INFO  impl.LeaderElection (LogUtils.java:infoOrTrace(149)) -   Exception 1: {}
java.util.concurrent.ExecutionException: org.apache.ratis.thirdparty.io.grpc.StatusRuntimeException: UNAVAILABLE: io exception
	at java.util.concurrent.FutureTask.report(FutureTask.java:122)
	at java.util.concurrent.FutureTask.get(FutureTask.java:192)
	at org.apache.ratis.server.impl.LeaderElection.waitForResults(LeaderElection.java:262)
	at org.apache.ratis.server.impl.LeaderElection.askForVotes(LeaderElection.java:200)
	at org.apache.ratis.server.impl.LeaderElection.run(LeaderElection.java:130)
	at java.lang.Thread.run(Thread.java:748)
Caused by: org.apache.ratis.thirdparty.io.grpc.StatusRuntimeException: UNAVAILABLE: io exception
	at org.apache.ratis.thirdparty.io.grpc.stub.ClientCalls.toStatusRuntimeException(ClientCalls.java:233)
	at org.apache.ratis.thirdparty.io.grpc.stub.ClientCalls.getUnchecked(ClientCalls.java:214)
	at org.apache.ratis.thirdparty.io.grpc.stub.ClientCalls.blockingUnaryCall(ClientCalls.java:139)
	at org.apache.ratis.proto.grpc.RaftServerProtocolServiceGrpc$RaftServerProtocolServiceBlockingStub.requestVote(RaftServerProtocolServiceGrpc.java:265)
	at org.apache.ratis.grpc.server.GrpcServerProtocolClient.requestVote(GrpcServerProtocolClient.java:83)
	at org.apache.ratis.grpc.server.GrpcService.requestVote(GrpcService.java:195)
	at org.apache.ratis.server.impl.LeaderElection.lambda$submitRequests$1(LeaderElection.java:237)
	at java.util.concurrent.FutureTask.run(FutureTask.java:266)
	at java.util.concurrent.Executors$RunnableAdapter.call(Executors.java:511)
	at java.util.concurrent.FutureTask.run(FutureTask.java:266)
	at java.util.concurrent.ThreadPoolExecutor.runWorker(ThreadPoolExecutor.java:1149)
	at java.util.concurrent.ThreadPoolExecutor$Worker.run(ThreadPoolExecutor.java:624)
	... 1 more
Caused by: org.apache.ratis.thirdparty.io.netty.channel.AbstractChannel$AnnotatedConnectException: Connection refused: /192.168.69.84:39962
	at sun.nio.ch.SocketChannelImpl.checkConnect(Native Method)
	at sun.nio.ch.SocketChannelImpl.finishConnect(SocketChannelImpl.java:717)
	at org.apache.ratis.thirdparty.io.netty.channel.socket.nio.NioSocketChannel.doFinishConnect(NioSocketChannel.java:327)
	at org.apache.ratis.thirdparty.io.netty.channel.nio.AbstractNioChannel$AbstractNioUnsafe.finishConnect(AbstractNioChannel.java:340)
	at org.apache.ratis.thirdparty.io.netty.channel.nio.NioEventLoop.processSelectedKey(NioEventLoop.java:632)
	at org.apache.ratis.thirdparty.io.netty.channel.nio.NioEventLoop.processSelectedKeysOptimized(NioEventLoop.java:579)
	at org.apache.ratis.thirdparty.io.netty.channel.nio.NioEventLoop.processSelectedKeys(NioEventLoop.java:496)
	at org.apache.ratis.thirdparty.io.netty.channel.nio.NioEventLoop.run(NioEventLoop.java:458)
	at org.apache.ratis.thirdparty.io.netty.util.concurrent.SingleThreadEventExecutor$5.run(SingleThreadEventExecutor.java:897)
	at org.apache.ratis.thirdparty.io.netty.util.concurrent.FastThreadLocalRunnable.run(FastThreadLocalRunnable.java:30)
	... 1 more
Caused by: java.net.ConnectException: Connection refused
	... 11 more
2019-07-13 07:46:09,511 INFO  impl.RaftServerImpl (RaftServerImpl.java:setRole(171)) - d551fa2e-1e1a-4bc0-928c-6dbc342b9b94:group-E49A339D4D7F changes role from CANDIDATE to FOLLOWER at term 2 for DISCOVERED_A_NEW_TERM
2019-07-13 07:46:09,511 INFO  impl.RoleInfo (RoleInfo.java:shutdownLeaderElection(134)) - d551fa2e-1e1a-4bc0-928c-6dbc342b9b94: shutdown LeaderElection
2019-07-13 07:46:09,517 INFO  impl.RoleInfo (RoleInfo.java:updateAndGet(143)) - d551fa2e-1e1a-4bc0-928c-6dbc342b9b94: start FollowerState
2019-07-13 07:46:10,053 INFO  ozoneimpl.OzoneContainer (OzoneContainer.java:stop(199)) - Attempting to stop container services.
2019-07-13 07:46:10,054 INFO  impl.RaftServerProxy (RaftServerProxy.java:lambda$close$4(314)) - 7ba46cb1-1a35-4258-aa91-dac5fff72408: close
2019-07-13 07:46:10,055 INFO  impl.RaftServerImpl (RaftServerImpl.java:lambda$shutdown$3(245)) - 7ba46cb1-1a35-4258-aa91-dac5fff72408: shutdown group-A6CF8F381E9F
2019-07-13 07:46:10,055 INFO  util.JmxRegister (JmxRegister.java:unregister(73)) - Successfully un-registered JMX Bean with object name Ratis:service=RaftServer,group=group-A6CF8F381E9F,id=7ba46cb1-1a35-4258-aa91-dac5fff72408
2019-07-13 07:46:10,056 INFO  impl.RoleInfo (RoleInfo.java:shutdownLeaderState(104)) - 7ba46cb1-1a35-4258-aa91-dac5fff72408: shutdown LeaderState
2019-07-13 07:46:10,056 INFO  impl.PendingRequests (PendingRequests.java:sendNotLeaderResponses(202)) - 7ba46cb1-1a35-4258-aa91-dac5fff72408-PendingRequests: sendNotLeaderResponses
2019-07-13 07:46:10,057 INFO  impl.StateMachineUpdater (StateMachineUpdater.java:stopAndJoin(115)) - StateMachineUpdater:7ba46cb1-1a35-4258-aa91-dac5fff72408:group-A6CF8F381E9F: set stopIndex = 0
2019-07-13 07:46:10,057 INFO  ratis.ContainerStateMachine (ContainerStateMachine.java:takeSnapshot(246)) - Taking snapshot at termIndex:(t:0, i:~)
2019-07-13 07:46:10,058 INFO  impl.RaftServerImpl (ServerState.java:close(394)) - 7ba46cb1-1a35-4258-aa91-dac5fff72408:group-A6CF8F381E9F closes. The last applied log index is 0
2019-07-13 07:46:10,058 INFO  segmented.SegmentedRaftLogWorker (SegmentedRaftLogWorker.java:run(313)) - 7ba46cb1-1a35-4258-aa91-dac5fff72408-SegmentedRaftLogWorker:Storage Directory /tmp/workdir/hadoop-ozone/integration-test/target/test-dir/MiniOzoneClusterImpl-5ac1d508-1700-49a1-8f37-e4cad1a6cc92/datanode-6/data/ratis/9d4db4e5-2718-45ce-91c2-a6cf8f381e9f was interrupted, exiting. There are 0 tasks remaining in the queue.
2019-07-13 07:46:10,059 INFO  segmented.SegmentedRaftLogWorker (SegmentedRaftLogWorker.java:close(228)) - 7ba46cb1-1a35-4258-aa91-dac5fff72408-SegmentedRaftLogWorker:Storage Directory /tmp/workdir/hadoop-ozone/integration-test/target/test-dir/MiniOzoneClusterImpl-5ac1d508-1700-49a1-8f37-e4cad1a6cc92/datanode-6/data/ratis/9d4db4e5-2718-45ce-91c2-a6cf8f381e9f close()
2019-07-13 07:46:10,061 INFO  impl.RaftServerImpl (RaftServerImpl.java:lambda$shutdown$3(245)) - 7ba46cb1-1a35-4258-aa91-dac5fff72408: shutdown group-F68CC2B7F04D
2019-07-13 07:46:10,061 INFO  util.JmxRegister (JmxRegister.java:unregister(73)) - Successfully un-registered JMX Bean with object name Ratis:service=RaftServer,group=group-F68CC2B7F04D,id=7ba46cb1-1a35-4258-aa91-dac5fff72408
2019-07-13 07:46:10,062 INFO  impl.RoleInfo (RoleInfo.java:shutdownLeaderState(104)) - 7ba46cb1-1a35-4258-aa91-dac5fff72408: shutdown LeaderState
2019-07-13 07:46:10,065 WARN  server.GrpcLogAppender (GrpcLogAppender.java:mayWait(143)) - GrpcLogAppender(7ba46cb1-1a35-4258-aa91-dac5fff72408->9f00932c-fd6e-4f79-9102-0c8b0e5c90fc): Wait interrupted by java.lang.InterruptedException
2019-07-13 07:46:10,065 WARN  server.GrpcLogAppender (GrpcLogAppender.java:mayWait(143)) - GrpcLogAppender(7ba46cb1-1a35-4258-aa91-dac5fff72408->2d959879-8814-4dda-9d68-c16227aaa522): Wait interrupted by java.lang.InterruptedException
2019-07-13 07:46:10,065 INFO  impl.PendingRequests (PendingRequests.java:sendNotLeaderResponses(202)) - 7ba46cb1-1a35-4258-aa91-dac5fff72408-PendingRequests: sendNotLeaderResponses
2019-07-13 07:46:10,066 INFO  server.GrpcServerProtocolService (GrpcServerProtocolService.java:onCompleted(104)) - 9f00932c-fd6e-4f79-9102-0c8b0e5c90fc: appendEntries completed
2019-07-13 07:46:10,066 INFO  ratis.ContainerStateMachine (ContainerStateMachine.java:takeSnapshot(246)) - Taking snapshot at termIndex:(t:0, i:~)
2019-07-13 07:46:10,066 INFO  impl.StateMachineUpdater (StateMachineUpdater.java:stopAndJoin(115)) - StateMachineUpdater:7ba46cb1-1a35-4258-aa91-dac5fff72408:group-F68CC2B7F04D: set stopIndex = 0
2019-07-13 07:46:10,067 INFO  impl.RaftServerImpl (ServerState.java:close(394)) - 7ba46cb1-1a35-4258-aa91-dac5fff72408:group-F68CC2B7F04D closes. The last applied log index is 0
2019-07-13 07:46:10,067 INFO  server.GrpcLogAppender (GrpcLogAppender.java:onCompleted(292)) - 7ba46cb1-1a35-4258-aa91-dac5fff72408->9f00932c-fd6e-4f79-9102-0c8b0e5c90fc: follower responses appendEntries COMPLETED
2019-07-13 07:46:10,067 INFO  segmented.SegmentedRaftLogWorker (SegmentedRaftLogWorker.java:run(313)) - 7ba46cb1-1a35-4258-aa91-dac5fff72408-SegmentedRaftLogWorker:Storage Directory /tmp/workdir/hadoop-ozone/integration-test/target/test-dir/MiniOzoneClusterImpl-5ac1d508-1700-49a1-8f37-e4cad1a6cc92/datanode-6/data/ratis/410a1400-7357-4be7-bd73-f68cc2b7f04d was interrupted, exiting. There are 0 tasks remaining in the queue.
2019-07-13 07:46:10,068 INFO  segmented.SegmentedRaftLogWorker (SegmentedRaftLogWorker.java:close(228)) - 7ba46cb1-1a35-4258-aa91-dac5fff72408-SegmentedRaftLogWorker:Storage Directory /tmp/workdir/hadoop-ozone/integration-test/target/test-dir/MiniOzoneClusterImpl-5ac1d508-1700-49a1-8f37-e4cad1a6cc92/datanode-6/data/ratis/410a1400-7357-4be7-bd73-f68cc2b7f04d close()
2019-07-13 07:46:10,068 INFO  impl.FollowerInfo (FollowerInfo.java:lambda$new$0(50)) - 7ba46cb1-1a35-4258-aa91-dac5fff72408->9f00932c-fd6e-4f79-9102-0c8b0e5c90fc: nextIndex: updateUnconditionally 1 -> 0
2019-07-13 07:46:10,070 INFO  server.GrpcService (GrpcService.java:closeImpl(155)) - 7ba46cb1-1a35-4258-aa91-dac5fff72408: shutdown server with port 42572 now
2019-07-13 07:46:10,071 INFO  server.GrpcService (GrpcService.java:closeImpl(163)) - 7ba46cb1-1a35-4258-aa91-dac5fff72408: shutdown server with port 42572 successfully
2019-07-13 07:46:10,078 INFO  utils.BackgroundService (BackgroundService.java:shutdown(148)) - Shutting down service BlockDeletingService
2019-07-13 07:46:10,083 WARN  fs.CachingGetSpaceUsed (CachingGetSpaceUsed.java:run(183)) - Thread Interrupted waiting to refresh disk information: sleep interrupted
2019-07-13 07:46:10,084 INFO  ozoneimpl.OzoneContainer (OzoneContainer.java:stop(199)) - Attempting to stop container services.
2019-07-13 07:46:10,084 INFO  impl.RaftServerProxy (RaftServerProxy.java:lambda$close$4(314)) - d551fa2e-1e1a-4bc0-928c-6dbc342b9b94: close
2019-07-13 07:46:10,085 INFO  impl.RaftServerImpl (RaftServerImpl.java:lambda$shutdown$3(245)) - d551fa2e-1e1a-4bc0-928c-6dbc342b9b94: shutdown group-86327C56133C
2019-07-13 07:46:10,085 INFO  util.JmxRegister (JmxRegister.java:unregister(73)) - Successfully un-registered JMX Bean with object name Ratis:service=RaftServer,group=group-86327C56133C,id=d551fa2e-1e1a-4bc0-928c-6dbc342b9b94
2019-07-13 07:46:10,086 INFO  impl.RoleInfo (RoleInfo.java:shutdownLeaderState(104)) - d551fa2e-1e1a-4bc0-928c-6dbc342b9b94: shutdown LeaderState
2019-07-13 07:46:10,086 INFO  impl.PendingRequests (PendingRequests.java:sendNotLeaderResponses(202)) - d551fa2e-1e1a-4bc0-928c-6dbc342b9b94-PendingRequests: sendNotLeaderResponses
2019-07-13 07:46:10,087 INFO  impl.StateMachineUpdater (StateMachineUpdater.java:stopAndJoin(115)) - StateMachineUpdater:d551fa2e-1e1a-4bc0-928c-6dbc342b9b94:group-86327C56133C: set stopIndex = 0
2019-07-13 07:46:10,087 INFO  ratis.ContainerStateMachine (ContainerStateMachine.java:takeSnapshot(246)) - Taking snapshot at termIndex:(t:0, i:~)
2019-07-13 07:46:10,088 INFO  impl.RaftServerImpl (ServerState.java:close(394)) - d551fa2e-1e1a-4bc0-928c-6dbc342b9b94:group-86327C56133C closes. The last applied log index is 0
2019-07-13 07:46:10,088 INFO  segmented.SegmentedRaftLogWorker (SegmentedRaftLogWorker.java:run(313)) - d551fa2e-1e1a-4bc0-928c-6dbc342b9b94-SegmentedRaftLogWorker:Storage Directory /tmp/workdir/hadoop-ozone/integration-test/target/test-dir/MiniOzoneClusterImpl-5ac1d508-1700-49a1-8f37-e4cad1a6cc92/datanode-0/data/ratis/188339b7-c3b3-4c86-ac98-86327c56133c was interrupted, exiting. There are 0 tasks remaining in the queue.
2019-07-13 07:46:10,088 INFO  segmented.SegmentedRaftLogWorker (SegmentedRaftLogWorker.java:close(228)) - d551fa2e-1e1a-4bc0-928c-6dbc342b9b94-SegmentedRaftLogWorker:Storage Directory /tmp/workdir/hadoop-ozone/integration-test/target/test-dir/MiniOzoneClusterImpl-5ac1d508-1700-49a1-8f37-e4cad1a6cc92/datanode-0/data/ratis/188339b7-c3b3-4c86-ac98-86327c56133c close()
2019-07-13 07:46:10,090 INFO  impl.RaftServerImpl (RaftServerImpl.java:lambda$shutdown$3(245)) - d551fa2e-1e1a-4bc0-928c-6dbc342b9b94: shutdown group-E49A339D4D7F
2019-07-13 07:46:10,090 INFO  util.JmxRegister (JmxRegister.java:unregister(73)) - Successfully un-registered JMX Bean with object name Ratis:service=RaftServer,group=group-E49A339D4D7F,id=d551fa2e-1e1a-4bc0-928c-6dbc342b9b94
2019-07-13 07:46:10,091 INFO  impl.RoleInfo (RoleInfo.java:shutdownFollowerState(121)) - d551fa2e-1e1a-4bc0-928c-6dbc342b9b94: shutdown FollowerState
2019-07-13 07:46:10,091 INFO  impl.StateMachineUpdater (StateMachineUpdater.java:stopAndJoin(115)) - StateMachineUpdater:d551fa2e-1e1a-4bc0-928c-6dbc342b9b94:group-E49A339D4D7F: set stopIndex = 4
2019-07-13 07:46:10,091 INFO  ratis.ContainerStateMachine (ContainerStateMachine.java:takeSnapshot(246)) - Taking snapshot at termIndex:(t:1, i:3)
2019-07-13 07:46:10,091 INFO  impl.FollowerState (FollowerState.java:run(114)) - d551fa2e-1e1a-4bc0-928c-6dbc342b9b94: FollowerState was interrupted: java.lang.InterruptedException: sleep interrupted
2019-07-13 07:46:10,091 INFO  ratis.ContainerStateMachine (ContainerStateMachine.java:takeSnapshot(250)) - Taking a snapshot to file /tmp/workdir/hadoop-ozone/integration-test/target/test-dir/MiniOzoneClusterImpl-5ac1d508-1700-49a1-8f37-e4cad1a6cc92/datanode-0/data/ratis/e08c1d03-7cb7-42a1-9e9c-e49a339d4d7f/sm/snapshot.1_3
2019-07-13 07:46:10,093 INFO  impl.StateMachineUpdater (StateMachineUpdater.java:takeSnapshot(242)) - StateMachineUpdater:d551fa2e-1e1a-4bc0-928c-6dbc342b9b94:group-E49A339D4D7F: Took a snapshot at index 3
2019-07-13 07:46:10,093 INFO  impl.StateMachineUpdater (StateMachineUpdater.java:lambda$new$0(80)) - StateMachineUpdater:d551fa2e-1e1a-4bc0-928c-6dbc342b9b94:group-E49A339D4D7F: snapshotIndex: updateIncreasingly -1 -> 3
2019-07-13 07:46:10,093 INFO  impl.RaftServerImpl (ServerState.java:close(394)) - d551fa2e-1e1a-4bc0-928c-6dbc342b9b94:group-E49A339D4D7F closes. The last applied log index is 4
2019-07-13 07:46:10,094 INFO  segmented.SegmentedRaftLogWorker (SegmentedRaftLogWorker.java:run(313)) - d551fa2e-1e1a-4bc0-928c-6dbc342b9b94-SegmentedRaftLogWorker:Storage Directory /tmp/workdir/hadoop-ozone/integration-test/target/test-dir/MiniOzoneClusterImpl-5ac1d508-1700-49a1-8f37-e4cad1a6cc92/datanode-0/data/ratis/e08c1d03-7cb7-42a1-9e9c-e49a339d4d7f was interrupted, exiting. There are 0 tasks remaining in the queue.
2019-07-13 07:46:10,094 INFO  segmented.SegmentedRaftLogWorker (SegmentedRaftLogWorker.java:close(228)) - d551fa2e-1e1a-4bc0-928c-6dbc342b9b94-SegmentedRaftLogWorker:Storage Directory /tmp/workdir/hadoop-ozone/integration-test/target/test-dir/MiniOzoneClusterImpl-5ac1d508-1700-49a1-8f37-e4cad1a6cc92/datanode-0/data/ratis/e08c1d03-7cb7-42a1-9e9c-e49a339d4d7f close()
2019-07-13 07:46:10,096 INFO  server.GrpcService (GrpcService.java:closeImpl(155)) - d551fa2e-1e1a-4bc0-928c-6dbc342b9b94: shutdown server with port 33989 now
2019-07-13 07:46:10,098 INFO  server.GrpcService (GrpcService.java:closeImpl(163)) - d551fa2e-1e1a-4bc0-928c-6dbc342b9b94: shutdown server with port 33989 successfully
2019-07-13 07:46:10,100 INFO  utils.BackgroundService (BackgroundService.java:shutdown(148)) - Shutting down service BlockDeletingService
2019-07-13 07:46:10,103 WARN  fs.CachingGetSpaceUsed (CachingGetSpaceUsed.java:run(183)) - Thread Interrupted waiting to refresh disk information: sleep interrupted
2019-07-13 07:46:10,111 INFO  statemachine.DatanodeStateMachine (DatanodeStateMachine.java:stopDaemon(395)) - Ozone container server stopped.
2019-07-13 07:46:10,125 INFO  statemachine.DatanodeStateMachine (DatanodeStateMachine.java:stopDaemon(395)) - Ozone container server stopped.
2019-07-13 07:46:10,125 INFO  handler.ContextHandler (ContextHandler.java:doStop(910)) - Stopped o.e.j.w.WebAppContext@418f0534{/,null,UNAVAILABLE}{/hddsDatanode}
2019-07-13 07:46:10,129 INFO  handler.ContextHandler (ContextHandler.java:doStop(910)) - Stopped o.e.j.w.WebAppContext@37e0292a{/,null,UNAVAILABLE}{/hddsDatanode}
2019-07-13 07:46:10,129 INFO  server.AbstractConnector (AbstractConnector.java:doStop(318)) - Stopped ServerConnector@3dfd7eaa{HTTP/1.1,[http/1.1]}{0.0.0.0:0}
2019-07-13 07:46:10,129 INFO  server.AbstractConnector (AbstractConnector.java:doStop(318)) - Stopped ServerConnector@4af70944{HTTP/1.1,[http/1.1]}{0.0.0.0:0}
2019-07-13 07:46:10,130 INFO  handler.ContextHandler (ContextHandler.java:doStop(910)) - Stopped o.e.j.s.ServletContextHandler@782fd504{/static,jar:file:/home/user/.m2/repository/org/apache/hadoop/hadoop-hdds-container-service/0.5.0-SNAPSHOT/hadoop-hdds-container-service-0.5.0-SNAPSHOT.jar!/webapps/static,UNAVAILABLE}
2019-07-13 07:46:10,131 INFO  handler.ContextHandler (ContextHandler.java:doStop(910)) - Stopped o.e.j.s.ServletContextHandler@7915bca3{/static,jar:file:/home/user/.m2/repository/org/apache/hadoop/hadoop-hdds-container-service/0.5.0-SNAPSHOT/hadoop-hdds-container-service-0.5.0-SNAPSHOT.jar!/webapps/static,UNAVAILABLE}
2019-07-13 07:46:10,131 INFO  handler.ContextHandler (ContextHandler.java:doStop(910)) - Stopped o.e.j.s.ServletContextHandler@6568f998{/logs,file:///tmp/workdir/hadoop-ozone/integration-test/target/log,UNAVAILABLE}
2019-07-13 07:46:10,132 INFO  handler.ContextHandler (ContextHandler.java:doStop(910)) - Stopped o.e.j.s.ServletContextHandler@36cc9385{/logs,file:///tmp/workdir/hadoop-ozone/integration-test/target/log,UNAVAILABLE}
2019-07-13 07:46:10,134 INFO  datanode.ObjectStoreHandler (ObjectStoreHandler.java:close(155)) - Closing ObjectStoreHandler.
2019-07-13 07:46:10,135 INFO  ozone.HddsDatanodeService (HddsDatanodeService.java:stop(452)) - Stopped plug-in org.apache.hadoop.ozone.web.OzoneHddsDatanodeService@16f15ae9
2019-07-13 07:46:10,528 INFO  statemachine.DatanodeStateMachine (DatanodeStateMachine.java:lambda$startDaemon$0(350)) - Ozone container server started.
2019-07-13 07:46:13,089 INFO  impl.FollowerState (FollowerState.java:run(106)) - 9f00932c-fd6e-4f79-9102-0c8b0e5c90fc:group-F68CC2B7F04D changes to CANDIDATE, lastRpcTime:5279, electionTimeout:5147ms
2019-07-13 07:46:13,089 INFO  impl.RoleInfo (RoleInfo.java:shutdownFollowerState(121)) - 9f00932c-fd6e-4f79-9102-0c8b0e5c90fc: shutdown FollowerState
2019-07-13 07:46:13,090 INFO  impl.RaftServerImpl (RaftServerImpl.java:setRole(171)) - 9f00932c-fd6e-4f79-9102-0c8b0e5c90fc:group-F68CC2B7F04D changes role from FOLLOWER to CANDIDATE at term 2 for changeToCandidate
2019-07-13 07:46:13,090 INFO  impl.RoleInfo (RoleInfo.java:updateAndGet(143)) - 9f00932c-fd6e-4f79-9102-0c8b0e5c90fc: start LeaderElection
2019-07-13 07:46:13,090 INFO  impl.RaftServerImpl (ServerState.java:setLeader(263)) - 9f00932c-fd6e-4f79-9102-0c8b0e5c90fc:group-F68CC2B7F04D change Leader from 7ba46cb1-1a35-4258-aa91-dac5fff72408 to null at term 2 for initElection
2019-07-13 07:46:13,117 INFO  impl.LeaderElection (LeaderElection.java:askForVotes(181)) - 9f00932c-fd6e-4f79-9102-0c8b0e5c90fc:group-F68CC2B7F04D:LeaderElection16: begin an election at term 3 for 0: [9f00932c-fd6e-4f79-9102-0c8b0e5c90fc:192.168.69.84:34108, 7ba46cb1-1a35-4258-aa91-dac5fff72408:192.168.69.84:42572, 2d959879-8814-4dda-9d68-c16227aaa522:192.168.69.84:43992], old=null
2019-07-13 07:46:13,121 INFO  impl.LeaderElection (LogUtils.java:infoOrTrace(149)) - 9f00932c-fd6e-4f79-9102-0c8b0e5c90fc:group-F68CC2B7F04D:LeaderElection16 got exception when requesting votes: {}
java.util.concurrent.ExecutionException: org.apache.ratis.thirdparty.io.grpc.StatusRuntimeException: UNAVAILABLE: io exception
	at java.util.concurrent.FutureTask.report(FutureTask.java:122)
	at java.util.concurrent.FutureTask.get(FutureTask.java:192)
	at org.apache.ratis.server.impl.LeaderElection.waitForResults(LeaderElection.java:262)
	at org.apache.ratis.server.impl.LeaderElection.askForVotes(LeaderElection.java:200)
	at org.apache.ratis.server.impl.LeaderElection.run(LeaderElection.java:130)
	at java.lang.Thread.run(Thread.java:748)
Caused by: org.apache.ratis.thirdparty.io.grpc.StatusRuntimeException: UNAVAILABLE: io exception
	at org.apache.ratis.thirdparty.io.grpc.stub.ClientCalls.toStatusRuntimeException(ClientCalls.java:233)
	at org.apache.ratis.thirdparty.io.grpc.stub.ClientCalls.getUnchecked(ClientCalls.java:214)
	at org.apache.ratis.thirdparty.io.grpc.stub.ClientCalls.blockingUnaryCall(ClientCalls.java:139)
	at org.apache.ratis.proto.grpc.RaftServerProtocolServiceGrpc$RaftServerProtocolServiceBlockingStub.requestVote(RaftServerProtocolServiceGrpc.java:265)
	at org.apache.ratis.grpc.server.GrpcServerProtocolClient.requestVote(GrpcServerProtocolClient.java:83)
	at org.apache.ratis.grpc.server.GrpcService.requestVote(GrpcService.java:195)
	at org.apache.ratis.server.impl.LeaderElection.lambda$submitRequests$1(LeaderElection.java:237)
	at java.util.concurrent.FutureTask.run(FutureTask.java:266)
	at java.util.concurrent.Executors$RunnableAdapter.call(Executors.java:511)
	at java.util.concurrent.FutureTask.run(FutureTask.java:266)
	at java.util.concurrent.ThreadPoolExecutor.runWorker(ThreadPoolExecutor.java:1149)
	at java.util.concurrent.ThreadPoolExecutor$Worker.run(ThreadPoolExecutor.java:624)
	... 1 more
Caused by: org.apache.ratis.thirdparty.io.netty.channel.AbstractChannel$AnnotatedConnectException: Connection refused: /192.168.69.84:42572
	at sun.nio.ch.SocketChannelImpl.checkConnect(Native Method)
	at sun.nio.ch.SocketChannelImpl.finishConnect(SocketChannelImpl.java:717)
	at org.apache.ratis.thirdparty.io.netty.channel.socket.nio.NioSocketChannel.doFinishConnect(NioSocketChannel.java:327)
	at org.apache.ratis.thirdparty.io.netty.channel.nio.AbstractNioChannel$AbstractNioUnsafe.finishConnect(AbstractNioChannel.java:340)
	at org.apache.ratis.thirdparty.io.netty.channel.nio.NioEventLoop.processSelectedKey(NioEventLoop.java:632)
	at org.apache.ratis.thirdparty.io.netty.channel.nio.NioEventLoop.processSelectedKeysOptimized(NioEventLoop.java:579)
	at org.apache.ratis.thirdparty.io.netty.channel.nio.NioEventLoop.processSelectedKeys(NioEventLoop.java:496)
	at org.apache.ratis.thirdparty.io.netty.channel.nio.NioEventLoop.run(NioEventLoop.java:458)
	at org.apache.ratis.thirdparty.io.netty.util.concurrent.SingleThreadEventExecutor$5.run(SingleThreadEventExecutor.java:897)
	at org.apache.ratis.thirdparty.io.netty.util.concurrent.FastThreadLocalRunnable.run(FastThreadLocalRunnable.java:30)
	... 1 more
Caused by: java.net.ConnectException: Connection refused
	... 11 more
2019-07-13 07:46:13,124 INFO  impl.LeaderElection (LogUtils.java:infoOrTrace(149)) - 9f00932c-fd6e-4f79-9102-0c8b0e5c90fc:group-F68CC2B7F04D:LeaderElection16 got exception when requesting votes: {}
java.util.concurrent.ExecutionException: org.apache.ratis.thirdparty.io.grpc.StatusRuntimeException: UNAVAILABLE: io exception
	at java.util.concurrent.FutureTask.report(FutureTask.java:122)
	at java.util.concurrent.FutureTask.get(FutureTask.java:192)
	at org.apache.ratis.server.impl.LeaderElection.waitForResults(LeaderElection.java:262)
	at org.apache.ratis.server.impl.LeaderElection.askForVotes(LeaderElection.java:200)
	at org.apache.ratis.server.impl.LeaderElection.run(LeaderElection.java:130)
	at java.lang.Thread.run(Thread.java:748)
Caused by: org.apache.ratis.thirdparty.io.grpc.StatusRuntimeException: UNAVAILABLE: io exception
	at org.apache.ratis.thirdparty.io.grpc.stub.ClientCalls.toStatusRuntimeException(ClientCalls.java:233)
	at org.apache.ratis.thirdparty.io.grpc.stub.ClientCalls.getUnchecked(ClientCalls.java:214)
	at org.apache.ratis.thirdparty.io.grpc.stub.ClientCalls.blockingUnaryCall(ClientCalls.java:139)
	at org.apache.ratis.proto.grpc.RaftServerProtocolServiceGrpc$RaftServerProtocolServiceBlockingStub.requestVote(RaftServerProtocolServiceGrpc.java:265)
	at org.apache.ratis.grpc.server.GrpcServerProtocolClient.requestVote(GrpcServerProtocolClient.java:83)
	at org.apache.ratis.grpc.server.GrpcService.requestVote(GrpcService.java:195)
	at org.apache.ratis.server.impl.LeaderElection.lambda$submitRequests$1(LeaderElection.java:237)
	at java.util.concurrent.FutureTask.run(FutureTask.java:266)
	at java.util.concurrent.Executors$RunnableAdapter.call(Executors.java:511)
	at java.util.concurrent.FutureTask.run(FutureTask.java:266)
	at java.util.concurrent.ThreadPoolExecutor.runWorker(ThreadPoolExecutor.java:1149)
	at java.util.concurrent.ThreadPoolExecutor$Worker.run(ThreadPoolExecutor.java:624)
	... 1 more
Caused by: org.apache.ratis.thirdparty.io.netty.channel.AbstractChannel$AnnotatedConnectException: Connection refused: /192.168.69.84:43992
	at sun.nio.ch.SocketChannelImpl.checkConnect(Native Method)
	at sun.nio.ch.SocketChannelImpl.finishConnect(SocketChannelImpl.java:717)
	at org.apache.ratis.thirdparty.io.netty.channel.socket.nio.NioSocketChannel.doFinishConnect(NioSocketChannel.java:327)
	at org.apache.ratis.thirdparty.io.netty.channel.nio.AbstractNioChannel$AbstractNioUnsafe.finishConnect(AbstractNioChannel.java:340)
	at org.apache.ratis.thirdparty.io.netty.channel.nio.NioEventLoop.processSelectedKey(NioEventLoop.java:632)
	at org.apache.ratis.thirdparty.io.netty.channel.nio.NioEventLoop.processSelectedKeysOptimized(NioEventLoop.java:579)
	at org.apache.ratis.thirdparty.io.netty.channel.nio.NioEventLoop.processSelectedKeys(NioEventLoop.java:496)
	at org.apache.ratis.thirdparty.io.netty.channel.nio.NioEventLoop.run(NioEventLoop.java:458)
	at org.apache.ratis.thirdparty.io.netty.util.concurrent.SingleThreadEventExecutor$5.run(SingleThreadEventExecutor.java:897)
	at org.apache.ratis.thirdparty.io.netty.util.concurrent.FastThreadLocalRunnable.run(FastThreadLocalRunnable.java:30)
	... 1 more
Caused by: java.net.ConnectException: Connection refused
	... 11 more
2019-07-13 07:46:13,126 INFO  impl.LeaderElection (LeaderElection.java:logAndReturn(56)) - 9f00932c-fd6e-4f79-9102-0c8b0e5c90fc:group-F68CC2B7F04D:LeaderElection16: Election REJECTED; received 0 response(s) [] and 2 exception(s); 9f00932c-fd6e-4f79-9102-0c8b0e5c90fc:t3, leader=null, voted=9f00932c-fd6e-4f79-9102-0c8b0e5c90fc, raftlog=9f00932c-fd6e-4f79-9102-0c8b0e5c90fc-SegmentedRaftLog:OPENED:c0,f0,i0, conf=0: [9f00932c-fd6e-4f79-9102-0c8b0e5c90fc:192.168.69.84:34108, 7ba46cb1-1a35-4258-aa91-dac5fff72408:192.168.69.84:42572, 2d959879-8814-4dda-9d68-c16227aaa522:192.168.69.84:43992], old=null
2019-07-13 07:46:13,126 INFO  impl.LeaderElection (LogUtils.java:infoOrTrace(149)) -   Exception 0: {}
java.util.concurrent.ExecutionException: org.apache.ratis.thirdparty.io.grpc.StatusRuntimeException: UNAVAILABLE: io exception
	at java.util.concurrent.FutureTask.report(FutureTask.java:122)
	at java.util.concurrent.FutureTask.get(FutureTask.java:192)
	at org.apache.ratis.server.impl.LeaderElection.waitForResults(LeaderElection.java:262)
	at org.apache.ratis.server.impl.LeaderElection.askForVotes(LeaderElection.java:200)
	at org.apache.ratis.server.impl.LeaderElection.run(LeaderElection.java:130)
	at java.lang.Thread.run(Thread.java:748)
Caused by: org.apache.ratis.thirdparty.io.grpc.StatusRuntimeException: UNAVAILABLE: io exception
	at org.apache.ratis.thirdparty.io.grpc.stub.ClientCalls.toStatusRuntimeException(ClientCalls.java:233)
	at org.apache.ratis.thirdparty.io.grpc.stub.ClientCalls.getUnchecked(ClientCalls.java:214)
	at org.apache.ratis.thirdparty.io.grpc.stub.ClientCalls.blockingUnaryCall(ClientCalls.java:139)
	at org.apache.ratis.proto.grpc.RaftServerProtocolServiceGrpc$RaftServerProtocolServiceBlockingStub.requestVote(RaftServerProtocolServiceGrpc.java:265)
	at org.apache.ratis.grpc.server.GrpcServerProtocolClient.requestVote(GrpcServerProtocolClient.java:83)
	at org.apache.ratis.grpc.server.GrpcService.requestVote(GrpcService.java:195)
	at org.apache.ratis.server.impl.LeaderElection.lambda$submitRequests$1(LeaderElection.java:237)
	at java.util.concurrent.FutureTask.run(FutureTask.java:266)
	at java.util.concurrent.Executors$RunnableAdapter.call(Executors.java:511)
	at java.util.concurrent.FutureTask.run(FutureTask.java:266)
	at java.util.concurrent.ThreadPoolExecutor.runWorker(ThreadPoolExecutor.java:1149)
	at java.util.concurrent.ThreadPoolExecutor$Worker.run(ThreadPoolExecutor.java:624)
	... 1 more
Caused by: org.apache.ratis.thirdparty.io.netty.channel.AbstractChannel$AnnotatedConnectException: Connection refused: /192.168.69.84:42572
	at sun.nio.ch.SocketChannelImpl.checkConnect(Native Method)
	at sun.nio.ch.SocketChannelImpl.finishConnect(SocketChannelImpl.java:717)
	at org.apache.ratis.thirdparty.io.netty.channel.socket.nio.NioSocketChannel.doFinishConnect(NioSocketChannel.java:327)
	at org.apache.ratis.thirdparty.io.netty.channel.nio.AbstractNioChannel$AbstractNioUnsafe.finishConnect(AbstractNioChannel.java:340)
	at org.apache.ratis.thirdparty.io.netty.channel.nio.NioEventLoop.processSelectedKey(NioEventLoop.java:632)
	at org.apache.ratis.thirdparty.io.netty.channel.nio.NioEventLoop.processSelectedKeysOptimized(NioEventLoop.java:579)
	at org.apache.ratis.thirdparty.io.netty.channel.nio.NioEventLoop.processSelectedKeys(NioEventLoop.java:496)
	at org.apache.ratis.thirdparty.io.netty.channel.nio.NioEventLoop.run(NioEventLoop.java:458)
	at org.apache.ratis.thirdparty.io.netty.util.concurrent.SingleThreadEventExecutor$5.run(SingleThreadEventExecutor.java:897)
	at org.apache.ratis.thirdparty.io.netty.util.concurrent.FastThreadLocalRunnable.run(FastThreadLocalRunnable.java:30)
	... 1 more
Caused by: java.net.ConnectException: Connection refused
	... 11 more
2019-07-13 07:46:13,127 INFO  impl.LeaderElection (LogUtils.java:infoOrTrace(149)) -   Exception 1: {}
java.util.concurrent.ExecutionException: org.apache.ratis.thirdparty.io.grpc.StatusRuntimeException: UNAVAILABLE: io exception
	at java.util.concurrent.FutureTask.report(FutureTask.java:122)
	at java.util.concurrent.FutureTask.get(FutureTask.java:192)
	at org.apache.ratis.server.impl.LeaderElection.waitForResults(LeaderElection.java:262)
	at org.apache.ratis.server.impl.LeaderElection.askForVotes(LeaderElection.java:200)
	at org.apache.ratis.server.impl.LeaderElection.run(LeaderElection.java:130)
	at java.lang.Thread.run(Thread.java:748)
Caused by: org.apache.ratis.thirdparty.io.grpc.StatusRuntimeException: UNAVAILABLE: io exception
	at org.apache.ratis.thirdparty.io.grpc.stub.ClientCalls.toStatusRuntimeException(ClientCalls.java:233)
	at org.apache.ratis.thirdparty.io.grpc.stub.ClientCalls.getUnchecked(ClientCalls.java:214)
	at org.apache.ratis.thirdparty.io.grpc.stub.ClientCalls.blockingUnaryCall(ClientCalls.java:139)
	at org.apache.ratis.proto.grpc.RaftServerProtocolServiceGrpc$RaftServerProtocolServiceBlockingStub.requestVote(RaftServerProtocolServiceGrpc.java:265)
	at org.apache.ratis.grpc.server.GrpcServerProtocolClient.requestVote(GrpcServerProtocolClient.java:83)
	at org.apache.ratis.grpc.server.GrpcService.requestVote(GrpcService.java:195)
	at org.apache.ratis.server.impl.LeaderElection.lambda$submitRequests$1(LeaderElection.java:237)
	at java.util.concurrent.FutureTask.run(FutureTask.java:266)
	at java.util.concurrent.Executors$RunnableAdapter.call(Executors.java:511)
	at java.util.concurrent.FutureTask.run(FutureTask.java:266)
	at java.util.concurrent.ThreadPoolExecutor.runWorker(ThreadPoolExecutor.java:1149)
	at java.util.concurrent.ThreadPoolExecutor$Worker.run(ThreadPoolExecutor.java:624)
	... 1 more
Caused by: org.apache.ratis.thirdparty.io.netty.channel.AbstractChannel$AnnotatedConnectException: Connection refused: /192.168.69.84:43992
	at sun.nio.ch.SocketChannelImpl.checkConnect(Native Method)
	at sun.nio.ch.SocketChannelImpl.finishConnect(SocketChannelImpl.java:717)
	at org.apache.ratis.thirdparty.io.netty.channel.socket.nio.NioSocketChannel.doFinishConnect(NioSocketChannel.java:327)
	at org.apache.ratis.thirdparty.io.netty.channel.nio.AbstractNioChannel$AbstractNioUnsafe.finishConnect(AbstractNioChannel.java:340)
	at org.apache.ratis.thirdparty.io.netty.channel.nio.NioEventLoop.processSelectedKey(NioEventLoop.java:632)
	at org.apache.ratis.thirdparty.io.netty.channel.nio.NioEventLoop.processSelectedKeysOptimized(NioEventLoop.java:579)
	at org.apache.ratis.thirdparty.io.netty.channel.nio.NioEventLoop.processSelectedKeys(NioEventLoop.java:496)
	at org.apache.ratis.thirdparty.io.netty.channel.nio.NioEventLoop.run(NioEventLoop.java:458)
	at org.apache.ratis.thirdparty.io.netty.util.concurrent.SingleThreadEventExecutor$5.run(SingleThreadEventExecutor.java:897)
	at org.apache.ratis.thirdparty.io.netty.util.concurrent.FastThreadLocalRunnable.run(FastThreadLocalRunnable.java:30)
	... 1 more
Caused by: java.net.ConnectException: Connection refused
	... 11 more
2019-07-13 07:46:13,128 INFO  impl.RaftServerImpl (RaftServerImpl.java:setRole(171)) - 9f00932c-fd6e-4f79-9102-0c8b0e5c90fc:group-F68CC2B7F04D changes role from CANDIDATE to FOLLOWER at term 3 for DISCOVERED_A_NEW_TERM
2019-07-13 07:46:13,129 INFO  impl.RoleInfo (RoleInfo.java:shutdownLeaderElection(134)) - 9f00932c-fd6e-4f79-9102-0c8b0e5c90fc: shutdown LeaderElection
2019-07-13 07:46:13,129 INFO  impl.RoleInfo (RoleInfo.java:updateAndGet(143)) - 9f00932c-fd6e-4f79-9102-0c8b0e5c90fc: start FollowerState
2019-07-13 07:46:15,136 INFO  ozoneimpl.OzoneContainer (OzoneContainer.java:stop(199)) - Attempting to stop container services.
2019-07-13 07:46:15,137 INFO  impl.RaftServerProxy (RaftServerProxy.java:lambda$close$4(314)) - 9f00932c-fd6e-4f79-9102-0c8b0e5c90fc: close
2019-07-13 07:46:15,137 INFO  impl.RaftServerImpl (RaftServerImpl.java:lambda$shutdown$3(245)) - 9f00932c-fd6e-4f79-9102-0c8b0e5c90fc: shutdown group-65FCE032ED3F
2019-07-13 07:46:15,138 INFO  impl.RaftServerImpl (RaftServerImpl.java:lambda$shutdown$3(245)) - 9f00932c-fd6e-4f79-9102-0c8b0e5c90fc: shutdown group-F68CC2B7F04D
2019-07-13 07:46:15,138 INFO  util.JmxRegister (JmxRegister.java:unregister(73)) - Successfully un-registered JMX Bean with object name Ratis:service=RaftServer,group=group-65FCE032ED3F,id=9f00932c-fd6e-4f79-9102-0c8b0e5c90fc
2019-07-13 07:46:15,138 INFO  util.JmxRegister (JmxRegister.java:unregister(73)) - Successfully un-registered JMX Bean with object name Ratis:service=RaftServer,group=group-F68CC2B7F04D,id=9f00932c-fd6e-4f79-9102-0c8b0e5c90fc
2019-07-13 07:46:15,139 INFO  impl.RoleInfo (RoleInfo.java:shutdownLeaderState(104)) - 9f00932c-fd6e-4f79-9102-0c8b0e5c90fc: shutdown LeaderState
2019-07-13 07:46:15,139 INFO  impl.RoleInfo (RoleInfo.java:shutdownFollowerState(121)) - 9f00932c-fd6e-4f79-9102-0c8b0e5c90fc: shutdown FollowerState
2019-07-13 07:46:15,140 INFO  impl.PendingRequests (PendingRequests.java:sendNotLeaderResponses(202)) - 9f00932c-fd6e-4f79-9102-0c8b0e5c90fc-PendingRequests: sendNotLeaderResponses
2019-07-13 07:46:15,140 INFO  ratis.ContainerStateMachine (ContainerStateMachine.java:takeSnapshot(246)) - Taking snapshot at termIndex:(t:0, i:~)
2019-07-13 07:46:15,140 INFO  impl.FollowerState (FollowerState.java:run(114)) - 9f00932c-fd6e-4f79-9102-0c8b0e5c90fc: FollowerState was interrupted: java.lang.InterruptedException: sleep interrupted
2019-07-13 07:46:15,140 INFO  impl.StateMachineUpdater (StateMachineUpdater.java:stopAndJoin(115)) - StateMachineUpdater:9f00932c-fd6e-4f79-9102-0c8b0e5c90fc:group-F68CC2B7F04D: set stopIndex = 0
2019-07-13 07:46:15,142 INFO  ratis.ContainerStateMachine (ContainerStateMachine.java:takeSnapshot(246)) - Taking snapshot at termIndex:(t:0, i:~)
2019-07-13 07:46:15,140 INFO  impl.StateMachineUpdater (StateMachineUpdater.java:stopAndJoin(115)) - StateMachineUpdater:9f00932c-fd6e-4f79-9102-0c8b0e5c90fc:group-65FCE032ED3F: set stopIndex = 0
2019-07-13 07:46:15,142 INFO  impl.RaftServerImpl (ServerState.java:close(394)) - 9f00932c-fd6e-4f79-9102-0c8b0e5c90fc:group-F68CC2B7F04D closes. The last applied log index is 0
2019-07-13 07:46:15,143 INFO  impl.RaftServerImpl (ServerState.java:close(394)) - 9f00932c-fd6e-4f79-9102-0c8b0e5c90fc:group-65FCE032ED3F closes. The last applied log index is 0
2019-07-13 07:46:15,143 INFO  segmented.SegmentedRaftLogWorker (SegmentedRaftLogWorker.java:run(313)) - 9f00932c-fd6e-4f79-9102-0c8b0e5c90fc-SegmentedRaftLogWorker:Storage Directory /tmp/workdir/hadoop-ozone/integration-test/target/test-dir/MiniOzoneClusterImpl-5ac1d508-1700-49a1-8f37-e4cad1a6cc92/datanode-5/data/ratis/410a1400-7357-4be7-bd73-f68cc2b7f04d was interrupted, exiting. There are 0 tasks remaining in the queue.
2019-07-13 07:46:15,144 INFO  segmented.SegmentedRaftLogWorker (SegmentedRaftLogWorker.java:run(313)) - 9f00932c-fd6e-4f79-9102-0c8b0e5c90fc-SegmentedRaftLogWorker:Storage Directory /tmp/workdir/hadoop-ozone/integration-test/target/test-dir/MiniOzoneClusterImpl-5ac1d508-1700-49a1-8f37-e4cad1a6cc92/datanode-5/data/ratis/5d771f33-ad3f-437e-8b07-65fce032ed3f was interrupted, exiting. There are 0 tasks remaining in the queue.
2019-07-13 07:46:15,144 INFO  segmented.SegmentedRaftLogWorker (SegmentedRaftLogWorker.java:close(228)) - 9f00932c-fd6e-4f79-9102-0c8b0e5c90fc-SegmentedRaftLogWorker:Storage Directory /tmp/workdir/hadoop-ozone/integration-test/target/test-dir/MiniOzoneClusterImpl-5ac1d508-1700-49a1-8f37-e4cad1a6cc92/datanode-5/data/ratis/410a1400-7357-4be7-bd73-f68cc2b7f04d close()
2019-07-13 07:46:15,144 INFO  segmented.SegmentedRaftLogWorker (SegmentedRaftLogWorker.java:close(228)) - 9f00932c-fd6e-4f79-9102-0c8b0e5c90fc-SegmentedRaftLogWorker:Storage Directory /tmp/workdir/hadoop-ozone/integration-test/target/test-dir/MiniOzoneClusterImpl-5ac1d508-1700-49a1-8f37-e4cad1a6cc92/datanode-5/data/ratis/5d771f33-ad3f-437e-8b07-65fce032ed3f close()
2019-07-13 07:46:15,147 INFO  server.GrpcService (GrpcService.java:closeImpl(155)) - 9f00932c-fd6e-4f79-9102-0c8b0e5c90fc: shutdown server with port 34108 now
2019-07-13 07:46:15,148 INFO  server.GrpcService (GrpcService.java:closeImpl(163)) - 9f00932c-fd6e-4f79-9102-0c8b0e5c90fc: shutdown server with port 34108 successfully
2019-07-13 07:46:15,150 INFO  utils.BackgroundService (BackgroundService.java:shutdown(148)) - Shutting down service BlockDeletingService
2019-07-13 07:46:15,154 WARN  fs.CachingGetSpaceUsed (CachingGetSpaceUsed.java:run(183)) - Thread Interrupted waiting to refresh disk information: sleep interrupted
2019-07-13 07:46:15,172 INFO  statemachine.DatanodeStateMachine (DatanodeStateMachine.java:stopDaemon(395)) - Ozone container server stopped.
2019-07-13 07:46:15,184 INFO  handler.ContextHandler (ContextHandler.java:doStop(910)) - Stopped o.e.j.w.WebAppContext@561f9d92{/,null,UNAVAILABLE}{/hddsDatanode}
2019-07-13 07:46:15,186 INFO  server.AbstractConnector (AbstractConnector.java:doStop(318)) - Stopped ServerConnector@1c84d80a{HTTP/1.1,[http/1.1]}{0.0.0.0:0}
2019-07-13 07:46:15,186 INFO  handler.ContextHandler (ContextHandler.java:doStop(910)) - Stopped o.e.j.s.ServletContextHandler@2d4a3e13{/static,jar:file:/home/user/.m2/repository/org/apache/hadoop/hadoop-hdds-container-service/0.5.0-SNAPSHOT/hadoop-hdds-container-service-0.5.0-SNAPSHOT.jar!/webapps/static,UNAVAILABLE}
2019-07-13 07:46:15,187 INFO  handler.ContextHandler (ContextHandler.java:doStop(910)) - Stopped o.e.j.s.ServletContextHandler@6885ed19{/logs,file:///tmp/workdir/hadoop-ozone/integration-test/target/log,UNAVAILABLE}
2019-07-13 07:46:15,188 INFO  ozone.MiniOzoneClusterImpl (MiniOzoneClusterImpl.java:stop(353)) - Stopping the StorageContainerManager
2019-07-13 07:46:15,189 INFO  server.StorageContainerManager (StorageContainerManager.java:stop(796)) - Stopping Replication Manager Service.
2019-07-13 07:46:15,189 INFO  container.ReplicationManager (ReplicationManager.java:stop(187)) - Stopping Replication Monitor Thread.
2019-07-13 07:46:15,189 INFO  server.StorageContainerManager (StorageContainerManager.java:stop(803)) - Stopping Lease Manager of the command watchers
2019-07-13 07:46:15,190 INFO  server.StorageContainerManager (StorageContainerManager.java:stop(810)) - Stopping datanode service RPC server
2019-07-13 07:46:15,190 INFO  server.SCMDatanodeProtocolServer (SCMDatanodeProtocolServer.java:stop(375)) - Stopping the RPC server for DataNodes
2019-07-13 07:46:15,190 INFO  ipc.Server (Server.java:stop(3082)) - Stopping server on 40035
2019-07-13 07:46:15,193 INFO  ipc.Server (Server.java:run(1185)) - Stopping IPC Server listener on 40035
2019-07-13 07:46:15,193 INFO  ipc.Server (Server.java:run(1319)) - Stopping IPC Server Responder
2019-07-13 07:46:15,288 WARN  node.NodeStateManager (NodeStateManager.java:scheduleNextHealthCheck(631)) - Current Thread is interrupted, shutting down HB processing thread for Node Manager.
2019-07-13 07:46:15,288 INFO  server.StorageContainerManager (StorageContainerManager.java:stop(818)) - Stopping block service RPC server
2019-07-13 07:46:15,288 INFO  server.SCMBlockProtocolServer (SCMBlockProtocolServer.java:stop(148)) - Stopping the RPC server for Block Protocol
2019-07-13 07:46:15,288 INFO  ipc.Server (Server.java:stop(3082)) - Stopping server on 33307
2019-07-13 07:46:15,290 INFO  server.StorageContainerManager (StorageContainerManager.java:stop(825)) - Stopping the StorageContainerLocationProtocol RPC server
2019-07-13 07:46:15,291 INFO  server.SCMClientProtocolServer (SCMClientProtocolServer.java:stop(157)) - Stopping the RPC server for Client Protocol
2019-07-13 07:46:15,292 INFO  ipc.Server (Server.java:stop(3082)) - Stopping server on 35268
2019-07-13 07:46:15,292 INFO  ipc.Server (Server.java:run(1185)) - Stopping IPC Server listener on 33307
2019-07-13 07:46:15,293 INFO  ipc.Server (Server.java:run(1319)) - Stopping IPC Server Responder
2019-07-13 07:46:15,293 INFO  ipc.Server (Server.java:run(1185)) - Stopping IPC Server listener on 35268
2019-07-13 07:46:15,293 INFO  server.StorageContainerManager (StorageContainerManager.java:stop(832)) - Stopping Storage Container Manager HTTP server.
2019-07-13 07:46:15,295 INFO  handler.ContextHandler (ContextHandler.java:doStop(910)) - Stopped o.e.j.w.WebAppContext@6fff253c{/,null,UNAVAILABLE}{/scm}
2019-07-13 07:46:15,296 INFO  ipc.Server (Server.java:run(1319)) - Stopping IPC Server Responder
2019-07-13 07:46:15,298 INFO  server.AbstractConnector (AbstractConnector.java:doStop(318)) - Stopped ServerConnector@7c041b41{HTTP/1.1,[http/1.1]}{0.0.0.0:0}
2019-07-13 07:46:15,298 INFO  handler.ContextHandler (ContextHandler.java:doStop(910)) - Stopped o.e.j.s.ServletContextHandler@4dd02341{/static,file:///tmp/workdir/hadoop-ozone/integration-test/target/test-classes/webapps/static,UNAVAILABLE}
2019-07-13 07:46:15,299 INFO  handler.ContextHandler (ContextHandler.java:doStop(910)) - Stopped o.e.j.s.ServletContextHandler@635572a7{/logs,file:///tmp/workdir/hadoop-ozone/integration-test/target/log,UNAVAILABLE}
2019-07-13 07:46:15,300 INFO  server.StorageContainerManager (StorageContainerManager.java:stop(843)) - Stopping Block Manager Service.
2019-07-13 07:46:15,301 INFO  utils.BackgroundService (BackgroundService.java:shutdown(148)) - Shutting down service SCMBlockDeletingService
2019-07-13 07:46:15,301 INFO  utils.BackgroundService (BackgroundService.java:shutdown(148)) - Shutting down service SCMBlockDeletingService
2019-07-13 07:46:15,302 INFO  server.StorageContainerManager (StorageContainerManager.java:stop(865)) - Stopping SCM Event Queue.
2019-07-13 07:46:15,320 INFO  impl.MetricsSystemImpl (MetricsSystemImpl.java:stop(210)) - Stopping HddsDatanode metrics system...
2019-07-13 07:46:15,330 INFO  impl.MetricsSystemImpl (MetricsSystemImpl.java:stop(216)) - HddsDatanode metrics system stopped.
]]></system-out>
    <system-err><![CDATA[ERROR StatusLogger No Log4j 2 configuration file found. Using default configuration (logging only errors to the console), or user programmatically provided configurations. Set system property 'log4j2.debug' to show Log4j 2 internal initialization logging. See https://logging.apache.org/log4j/2.x/manual/configuration.html for instructions on how to configure Log4j 2
Jul 13, 2019 7:45:35 AM com.sun.jersey.server.impl.application.WebApplicationImpl _initiate
INFO: Initiating Jersey application, version 'Jersey: 1.19 02/11/2015 03:25 AM'
Jul 13, 2019 7:45:36 AM com.sun.jersey.server.impl.application.WebApplicationImpl _initiate
INFO: Initiating Jersey application, version 'Jersey: 1.19 02/11/2015 03:25 AM'
Jul 13, 2019 7:45:36 AM com.sun.jersey.server.impl.application.WebApplicationImpl _initiate
INFO: Initiating Jersey application, version 'Jersey: 1.19 02/11/2015 03:25 AM'
Jul 13, 2019 7:45:36 AM com.sun.jersey.server.impl.application.WebApplicationImpl _initiate
INFO: Initiating Jersey application, version 'Jersey: 1.19 02/11/2015 03:25 AM'
Jul 13, 2019 7:45:37 AM com.sun.jersey.server.impl.application.WebApplicationImpl _initiate
INFO: Initiating Jersey application, version 'Jersey: 1.19 02/11/2015 03:25 AM'
Jul 13, 2019 7:45:37 AM com.sun.jersey.server.impl.application.WebApplicationImpl _initiate
INFO: Initiating Jersey application, version 'Jersey: 1.19 02/11/2015 03:25 AM'
Jul 13, 2019 7:45:37 AM com.sun.jersey.server.impl.application.WebApplicationImpl _initiate
INFO: Initiating Jersey application, version 'Jersey: 1.19 02/11/2015 03:25 AM'
]]></system-err>
  </testcase>
  <testcase name="testMaxRetriesByOzoneClient" classname="org.apache.hadoop.ozone.client.rpc.TestOzoneClientRetriesOnException" time="38.227">
    <error message="Failed to command cmdType: CreateContainer&#10;containerID: 4&#10;datanodeUuid: &quot;31cc92b9-dce5-4312-afa8-f8fbf4207340&quot;&#10;createContainer {&#10;}&#10;" type="java.io.IOException">java.io.IOException: 
Failed to command cmdType: CreateContainer
containerID: 4
datanodeUuid: "31cc92b9-dce5-4312-afa8-f8fbf4207340"
createContainer {
}

	at org.apache.hadoop.hdds.scm.XceiverClientSpi.sendCommand(XceiverClientSpi.java:113)
	at org.apache.hadoop.ozone.client.rpc.TestOzoneClientRetriesOnException.testMaxRetriesByOzoneClient(TestOzoneClientRetriesOnException.java:190)
	at sun.reflect.NativeMethodAccessorImpl.invoke0(Native Method)
	at sun.reflect.NativeMethodAccessorImpl.invoke(NativeMethodAccessorImpl.java:62)
	at sun.reflect.DelegatingMethodAccessorImpl.invoke(DelegatingMethodAccessorImpl.java:43)
	at java.lang.reflect.Method.invoke(Method.java:498)
	at org.junit.runners.model.FrameworkMethod$1.runReflectiveCall(FrameworkMethod.java:47)
	at org.junit.internal.runners.model.ReflectiveCallable.run(ReflectiveCallable.java:12)
	at org.junit.runners.model.FrameworkMethod.invokeExplosively(FrameworkMethod.java:44)
	at org.junit.internal.runners.statements.InvokeMethod.evaluate(InvokeMethod.java:17)
	at org.junit.internal.runners.statements.RunBefores.evaluate(RunBefores.java:26)
	at org.junit.internal.runners.statements.RunAfters.evaluate(RunAfters.java:27)
	at org.junit.runners.ParentRunner.runLeaf(ParentRunner.java:271)
	at org.junit.runners.BlockJUnit4ClassRunner.runChild(BlockJUnit4ClassRunner.java:70)
	at org.junit.runners.BlockJUnit4ClassRunner.runChild(BlockJUnit4ClassRunner.java:50)
	at org.junit.runners.ParentRunner$3.run(ParentRunner.java:238)
	at org.junit.runners.ParentRunner$1.schedule(ParentRunner.java:63)
	at org.junit.runners.ParentRunner.runChildren(ParentRunner.java:236)
	at org.junit.runners.ParentRunner.access$000(ParentRunner.java:53)
	at org.junit.runners.ParentRunner$2.evaluate(ParentRunner.java:229)
	at org.junit.runners.ParentRunner.run(ParentRunner.java:309)
	at org.apache.maven.surefire.junit4.JUnit4Provider.execute(JUnit4Provider.java:365)
	at org.apache.maven.surefire.junit4.JUnit4Provider.executeWithRerun(JUnit4Provider.java:273)
	at org.apache.maven.surefire.junit4.JUnit4Provider.executeTestSet(JUnit4Provider.java:238)
	at org.apache.maven.surefire.junit4.JUnit4Provider.invoke(JUnit4Provider.java:159)
	at org.apache.maven.surefire.booter.ForkedBooter.invokeProviderInSameClassLoader(ForkedBooter.java:384)
	at org.apache.maven.surefire.booter.ForkedBooter.runSuitesInProcess(ForkedBooter.java:345)
	at org.apache.maven.surefire.booter.ForkedBooter.execute(ForkedBooter.java:126)
	at org.apache.maven.surefire.booter.ForkedBooter.main(ForkedBooter.java:418)
Caused by: java.util.concurrent.ExecutionException: org.apache.ratis.protocol.StateMachineException: java.util.concurrent.CompletionException: java.lang.NullPointerException
	at java.util.concurrent.CompletableFuture.reportGet(CompletableFuture.java:357)
	at java.util.concurrent.CompletableFuture.get(CompletableFuture.java:1895)
	at org.apache.hadoop.hdds.scm.XceiverClientSpi.sendCommand(XceiverClientSpi.java:110)
	... 28 more
Caused by: org.apache.ratis.protocol.StateMachineException: java.util.concurrent.CompletionException: java.lang.NullPointerException
	at java.util.concurrent.CompletableFuture.encodeThrowable(CompletableFuture.java:273)
	at java.util.concurrent.CompletableFuture.completeThrowable(CompletableFuture.java:280)
	at java.util.concurrent.CompletableFuture$AsyncSupply.run(CompletableFuture.java:1592)
	at java.util.concurrent.ThreadPoolExecutor.runWorker(ThreadPoolExecutor.java:1149)
	at java.util.concurrent.ThreadPoolExecutor$Worker.run(ThreadPoolExecutor.java:624)
	at java.lang.Thread.run(Thread.java:748)
</error>
    <system-out><![CDATA[2019-07-13 07:46:15,417 WARN  server.ServerUtils (ServerUtils.java:getScmDbDir(145)) - ozone.scm.db.dirs is not configured. We recommend adding this setting. Falling back to ozone.metadata.dirs instead.
2019-07-13 07:46:15,443 WARN  server.ServerUtils (ServerUtils.java:getScmDbDir(145)) - ozone.scm.db.dirs is not configured. We recommend adding this setting. Falling back to ozone.metadata.dirs instead.
2019-07-13 07:46:15,443 WARN  server.ServerUtils (ServerUtils.java:getScmDbDir(145)) - ozone.scm.db.dirs is not configured. We recommend adding this setting. Falling back to ozone.metadata.dirs instead.
2019-07-13 07:46:15,444 INFO  db.DBStoreBuilder (DBStoreBuilder.java:addTable(110)) - using custom profile for table: deletedBlocks
2019-07-13 07:46:15,444 INFO  db.DBStoreBuilder (DBStoreBuilder.java:processTables(161)) - Using default column profile:DBProfile.DISK for Table:deletedBlocks
2019-07-13 07:46:15,444 INFO  db.DBStoreBuilder (DBStoreBuilder.java:addTable(110)) - using custom profile for table: validCerts
2019-07-13 07:46:15,444 INFO  db.DBStoreBuilder (DBStoreBuilder.java:processTables(161)) - Using default column profile:DBProfile.DISK for Table:validCerts
2019-07-13 07:46:15,445 INFO  db.DBStoreBuilder (DBStoreBuilder.java:addTable(110)) - using custom profile for table: revokedCerts
2019-07-13 07:46:15,445 INFO  db.DBStoreBuilder (DBStoreBuilder.java:processTables(161)) - Using default column profile:DBProfile.DISK for Table:revokedCerts
2019-07-13 07:46:15,445 INFO  db.DBStoreBuilder (DBStoreBuilder.java:addTable(110)) - using custom profile for table: default
2019-07-13 07:46:15,445 INFO  db.DBStoreBuilder (DBStoreBuilder.java:processTables(167)) - Using default column profile:DBProfile.DISK for Table:default
2019-07-13 07:46:15,446 INFO  db.DBStoreBuilder (DBStoreBuilder.java:getDbProfile(198)) - Using default options. DBProfile.DISK
2019-07-13 07:46:15,598 INFO  net.NodeSchemaLoader (NodeSchemaLoader.java:loadSchemaFromFile(125)) - Loading file from sun.misc.CompoundEnumeration@b3fc6d8
2019-07-13 07:46:15,598 INFO  net.NodeSchemaLoader (NodeSchemaLoader.java:loadSchema(171)) - Loading network topology layer schema file
2019-07-13 07:46:15,603 WARN  server.ServerUtils (ServerUtils.java:sanitizeUserArgs(70)) - ozone.scm.stale.node.interval value = 300000 is larger than max = 100000 based on the key value of ozone.scm.heartbeat.thread.interval, reset to the max value 100000.
2019-07-13 07:46:15,603 WARN  server.ServerUtils (ServerUtils.java:sanitizeUserArgs(70)) - ozone.scm.stale.node.interval value = 300000 is larger than max = 100000 based on the key value of ozone.scm.heartbeat.thread.interval, reset to the max value 100000.
2019-07-13 07:46:15,604 INFO  node.SCMNodeManager (SCMNodeManager.java:<init>(119)) - Entering startup safe mode.
2019-07-13 07:46:15,605 WARN  server.ServerUtils (ServerUtils.java:getScmDbDir(145)) - ozone.scm.db.dirs is not configured. We recommend adding this setting. Falling back to ozone.metadata.dirs instead.
2019-07-13 07:46:15,662 INFO  pipeline.SCMPipelineManager (SCMPipelineManager.java:initializePipelineState(126)) - No pipeline exists in current db
2019-07-13 07:46:15,662 WARN  server.ServerUtils (ServerUtils.java:getScmDbDir(145)) - ozone.scm.db.dirs is not configured. We recommend adding this setting. Falling back to ozone.metadata.dirs instead.
2019-07-13 07:46:15,713 WARN  events.EventQueue (EventQueue.java:fireEvent(175)) - No event handler registered for event TypedEvent{payloadType=SafeModeStatus, name='SafeModeStatus'}
2019-07-13 07:46:15,714 INFO  ipc.CallQueueManager (CallQueueManager.java:<init>(84)) - Using callQueue: class java.util.concurrent.LinkedBlockingQueue, queueCapacity: 2000, scheduler: class org.apache.hadoop.ipc.DefaultRpcScheduler, ipcBackoff: false.
2019-07-13 07:46:15,715 INFO  ipc.Server (Server.java:run(1074)) - Starting Socket Reader #1 for port 43642
2019-07-13 07:46:15,717 INFO  ipc.CallQueueManager (CallQueueManager.java:<init>(84)) - Using callQueue: class java.util.concurrent.LinkedBlockingQueue, queueCapacity: 2000, scheduler: class org.apache.hadoop.ipc.DefaultRpcScheduler, ipcBackoff: false.
2019-07-13 07:46:15,718 INFO  ipc.Server (Server.java:run(1074)) - Starting Socket Reader #1 for port 33949
2019-07-13 07:46:15,719 INFO  ipc.CallQueueManager (CallQueueManager.java:<init>(84)) - Using callQueue: class java.util.concurrent.LinkedBlockingQueue, queueCapacity: 2000, scheduler: class org.apache.hadoop.ipc.DefaultRpcScheduler, ipcBackoff: false.
2019-07-13 07:46:15,720 INFO  ipc.Server (Server.java:run(1074)) - Starting Socket Reader #1 for port 46595
2019-07-13 07:46:15,725 INFO  hdfs.DFSUtil (DFSUtil.java:httpServerTemplateForNNAndJN(1641)) - Starting Web-server for scm at: http://0.0.0.0:0
2019-07-13 07:46:15,728 INFO  server.AuthenticationFilter (AuthenticationFilter.java:constructSecretProvider(240)) - Unable to initialize FileSignerSecretProvider, falling back to use random secrets.
2019-07-13 07:46:15,729 WARN  http.HttpRequestLog (HttpRequestLog.java:getRequestLog(97)) - Jetty request log can only be enabled using Log4j
2019-07-13 07:46:15,731 INFO  http.HttpServer2 (HttpServer2.java:addGlobalFilter(975)) - Added global filter 'safety' (class=org.apache.hadoop.http.HttpServer2$QuotingInputFilter)
2019-07-13 07:46:15,733 INFO  http.HttpServer2 (HttpServer2.java:addFilter(948)) - Added filter static_user_filter (class=org.apache.hadoop.http.lib.StaticUserWebFilter$StaticUserFilter) to context scm
2019-07-13 07:46:15,733 INFO  http.HttpServer2 (HttpServer2.java:addFilter(958)) - Added filter static_user_filter (class=org.apache.hadoop.http.lib.StaticUserWebFilter$StaticUserFilter) to context logs
2019-07-13 07:46:15,733 INFO  http.HttpServer2 (HttpServer2.java:addFilter(958)) - Added filter static_user_filter (class=org.apache.hadoop.http.lib.StaticUserWebFilter$StaticUserFilter) to context static
2019-07-13 07:46:15,737 INFO  server.StorageContainerManager (StorageContainerManager.java:start(759)) - StorageContainerLocationProtocol RPC server is listening at /0.0.0.0:46595
2019-07-13 07:46:15,740 WARN  impl.MetricsConfig (MetricsConfig.java:loadFirst(134)) - Cannot locate configuration: tried hadoop-metrics2-storagecontainermanager.properties,hadoop-metrics2.properties
2019-07-13 07:46:15,741 INFO  impl.MetricsSystemImpl (MetricsSystemImpl.java:startTimer(374)) - Scheduled Metric snapshot period at 10 second(s).
2019-07-13 07:46:15,742 INFO  impl.MetricsSystemImpl (MetricsSystemImpl.java:start(191)) - StorageContainerManager metrics system started
2019-07-13 07:46:15,791 INFO  server.SCMClientProtocolServer (SCMClientProtocolServer.java:start(149)) - RPC server for Client  is listening at /0.0.0.0:46595
2019-07-13 07:46:15,792 INFO  ipc.Server (Server.java:run(1314)) - IPC Server Responder: starting
2019-07-13 07:46:15,792 INFO  ipc.Server (Server.java:run(1153)) - IPC Server listener on 46595: starting
2019-07-13 07:46:15,796 INFO  server.StorageContainerManager (StorageContainerManager.java:start(768)) - ScmBlockLocationProtocol RPC server is listening at /0.0.0.0:33949
2019-07-13 07:46:15,796 INFO  server.SCMBlockProtocolServer (SCMBlockProtocolServer.java:start(140)) - RPC server for Block Protocol is listening at /0.0.0.0:33949
2019-07-13 07:46:15,797 INFO  ipc.Server (Server.java:run(1314)) - IPC Server Responder: starting
2019-07-13 07:46:15,797 INFO  ipc.Server (Server.java:run(1153)) - IPC Server listener on 33949: starting
2019-07-13 07:46:15,801 INFO  server.StorageContainerManager (StorageContainerManager.java:start(772)) - ScmDatanodeProtocl RPC server is listening at /0.0.0.0:43642
2019-07-13 07:46:15,801 INFO  server.SCMDatanodeProtocolServer (SCMDatanodeProtocolServer.java:start(191)) - RPC server for DataNodes is listening at /0.0.0.0:43642
2019-07-13 07:46:15,801 INFO  ipc.Server (Server.java:run(1314)) - IPC Server Responder: starting
2019-07-13 07:46:15,801 INFO  ipc.Server (Server.java:run(1153)) - IPC Server listener on 43642: starting
2019-07-13 07:46:15,806 INFO  http.HttpServer2 (HttpServer2.java:bindListener(1191)) - Jetty bound to port 38025
2019-07-13 07:46:15,806 INFO  server.Server (Server.java:doStart(351)) - jetty-9.3.24.v20180605, build timestamp: 2018-06-05T17:11:56Z, git hash: 84205aa28f11a4f31f2a3b86d1bba2cc8ab69827
2019-07-13 07:46:15,808 INFO  handler.ContextHandler (ContextHandler.java:doStart(781)) - Started o.e.j.s.ServletContextHandler@2154652c{/logs,file:///tmp/workdir/hadoop-ozone/integration-test/target/log,AVAILABLE}
2019-07-13 07:46:15,809 INFO  handler.ContextHandler (ContextHandler.java:doStart(781)) - Started o.e.j.s.ServletContextHandler@4c2ab536{/static,file:///tmp/workdir/hadoop-ozone/integration-test/target/test-classes/webapps/static,AVAILABLE}
2019-07-13 07:46:15,815 INFO  handler.ContextHandler (ContextHandler.java:doStart(781)) - Started o.e.j.w.WebAppContext@1b4a3a1{/,file:///tmp/workdir/hadoop-ozone/integration-test/target/test-classes/webapps/scm/,AVAILABLE}{/scm}
2019-07-13 07:46:15,815 INFO  server.AbstractConnector (AbstractConnector.java:doStart(278)) - Started ServerConnector@7e848aea{HTTP/1.1,[http/1.1]}{0.0.0.0:38025}
2019-07-13 07:46:15,816 INFO  server.Server (Server.java:doStart(419)) - Started @45607ms
2019-07-13 07:46:15,818 INFO  server.BaseHttpServer (BaseHttpServer.java:updateConnectorAddress(207)) - HTTP server of SCM is listening at http://0.0.0.0:38025
2019-07-13 07:46:15,819 WARN  server.ServerUtils (ServerUtils.java:getDBPath(222)) - ozone.om.db.dirs is not configured. We recommend adding this setting. Falling back to ozone.metadata.dirs instead.
2019-07-13 07:46:15,819 INFO  util.JvmPauseMonitor (JvmPauseMonitor.java:run(188)) - Starting JVM pause monitor
2019-07-13 07:46:15,833 WARN  server.ServerUtils (ServerUtils.java:getDBPath(222)) - ozone.om.db.dirs is not configured. We recommend adding this setting. Falling back to ozone.metadata.dirs instead.
2019-07-13 07:46:15,833 INFO  om.OzoneManager (OzoneManager.java:setOMNodeDetails(630)) - OM Service ID is not set. Setting it to the default ID: omServiceIdDefault
2019-07-13 07:46:15,833 INFO  om.OzoneManager (OzoneManager.java:setOMNodeDetails(636)) - OM Node ID is not set. Setting it to the OmStorage's OmID: 89925d4e-9a9e-4c19-8122-cb93b99bb479
2019-07-13 07:46:15,834 INFO  om.OzoneManager (OzoneManager.java:loadOMHAConfigs(587)) - Found matching OM address with OMServiceId: null, OMNodeId: null, RPC Address: localhost:0 and Ratis port: 9872
2019-07-13 07:46:15,841 WARN  server.ServerUtils (ServerUtils.java:getDBPath(222)) - ozone.om.db.dirs is not configured. We recommend adding this setting. Falling back to ozone.metadata.dirs instead.
2019-07-13 07:46:15,842 INFO  db.DBStoreBuilder (DBStoreBuilder.java:addTable(110)) - using custom profile for table: userTable
2019-07-13 07:46:15,842 INFO  db.DBStoreBuilder (DBStoreBuilder.java:processTables(161)) - Using default column profile:DBProfile.DISK for Table:userTable
2019-07-13 07:46:15,842 INFO  db.DBStoreBuilder (DBStoreBuilder.java:addTable(110)) - using custom profile for table: volumeTable
2019-07-13 07:46:15,843 INFO  db.DBStoreBuilder (DBStoreBuilder.java:processTables(161)) - Using default column profile:DBProfile.DISK for Table:volumeTable
2019-07-13 07:46:15,843 INFO  db.DBStoreBuilder (DBStoreBuilder.java:addTable(110)) - using custom profile for table: bucketTable
2019-07-13 07:46:15,843 INFO  db.DBStoreBuilder (DBStoreBuilder.java:processTables(161)) - Using default column profile:DBProfile.DISK for Table:bucketTable
2019-07-13 07:46:15,843 INFO  db.DBStoreBuilder (DBStoreBuilder.java:addTable(110)) - using custom profile for table: keyTable
2019-07-13 07:46:15,844 INFO  db.DBStoreBuilder (DBStoreBuilder.java:processTables(161)) - Using default column profile:DBProfile.DISK for Table:keyTable
2019-07-13 07:46:15,844 INFO  db.DBStoreBuilder (DBStoreBuilder.java:addTable(110)) - using custom profile for table: deletedTable
2019-07-13 07:46:15,844 INFO  db.DBStoreBuilder (DBStoreBuilder.java:processTables(161)) - Using default column profile:DBProfile.DISK for Table:deletedTable
2019-07-13 07:46:15,844 INFO  db.DBStoreBuilder (DBStoreBuilder.java:addTable(110)) - using custom profile for table: openKeyTable
2019-07-13 07:46:15,845 INFO  db.DBStoreBuilder (DBStoreBuilder.java:processTables(161)) - Using default column profile:DBProfile.DISK for Table:openKeyTable
2019-07-13 07:46:15,845 INFO  db.DBStoreBuilder (DBStoreBuilder.java:addTable(110)) - using custom profile for table: s3Table
2019-07-13 07:46:15,845 INFO  db.DBStoreBuilder (DBStoreBuilder.java:processTables(161)) - Using default column profile:DBProfile.DISK for Table:s3Table
2019-07-13 07:46:15,845 INFO  db.DBStoreBuilder (DBStoreBuilder.java:addTable(110)) - using custom profile for table: multipartInfoTable
2019-07-13 07:46:15,845 INFO  db.DBStoreBuilder (DBStoreBuilder.java:processTables(161)) - Using default column profile:DBProfile.DISK for Table:multipartInfoTable
2019-07-13 07:46:15,846 INFO  db.DBStoreBuilder (DBStoreBuilder.java:addTable(110)) - using custom profile for table: dTokenTable
2019-07-13 07:46:15,846 INFO  db.DBStoreBuilder (DBStoreBuilder.java:processTables(161)) - Using default column profile:DBProfile.DISK for Table:dTokenTable
2019-07-13 07:46:15,846 INFO  db.DBStoreBuilder (DBStoreBuilder.java:addTable(110)) - using custom profile for table: s3SecretTable
2019-07-13 07:46:15,846 INFO  db.DBStoreBuilder (DBStoreBuilder.java:processTables(161)) - Using default column profile:DBProfile.DISK for Table:s3SecretTable
2019-07-13 07:46:15,847 INFO  db.DBStoreBuilder (DBStoreBuilder.java:addTable(110)) - using custom profile for table: prefixTable
2019-07-13 07:46:15,847 INFO  db.DBStoreBuilder (DBStoreBuilder.java:processTables(161)) - Using default column profile:DBProfile.DISK for Table:prefixTable
2019-07-13 07:46:15,847 INFO  db.DBStoreBuilder (DBStoreBuilder.java:addTable(110)) - using custom profile for table: default
2019-07-13 07:46:15,847 INFO  db.DBStoreBuilder (DBStoreBuilder.java:processTables(167)) - Using default column profile:DBProfile.DISK for Table:default
2019-07-13 07:46:15,848 INFO  db.DBStoreBuilder (DBStoreBuilder.java:getDbProfile(198)) - Using default options. DBProfile.DISK
2019-07-13 07:46:16,532 INFO  ipc.CallQueueManager (CallQueueManager.java:<init>(84)) - Using callQueue: class java.util.concurrent.LinkedBlockingQueue, queueCapacity: 2000, scheduler: class org.apache.hadoop.ipc.DefaultRpcScheduler, ipcBackoff: false.
2019-07-13 07:46:16,533 INFO  ipc.Server (Server.java:run(1074)) - Starting Socket Reader #1 for port 40982
2019-07-13 07:46:16,553 WARN  server.ServerUtils (ServerUtils.java:getDBPath(222)) - ozone.om.db.dirs is not configured. We recommend adding this setting. Falling back to ozone.metadata.dirs instead.
2019-07-13 07:46:16,553 INFO  om.OzoneManager (OzoneManager.java:start(1228)) - OzoneManager RPC server is listening at localhost/127.0.0.1:40982
2019-07-13 07:46:16,553 INFO  impl.MetricsSystemImpl (MetricsSystemImpl.java:init(158)) - OzoneManager metrics system started (again)
2019-07-13 07:46:16,554 INFO  ipc.Server (Server.java:run(1314)) - IPC Server Responder: starting
2019-07-13 07:46:16,555 INFO  ipc.Server (Server.java:run(1153)) - IPC Server listener on 40982: starting
2019-07-13 07:46:16,560 INFO  hdfs.DFSUtil (DFSUtil.java:httpServerTemplateForNNAndJN(1641)) - Starting Web-server for ozoneManager at: http://0.0.0.0:0
2019-07-13 07:46:16,562 INFO  server.AuthenticationFilter (AuthenticationFilter.java:constructSecretProvider(240)) - Unable to initialize FileSignerSecretProvider, falling back to use random secrets.
2019-07-13 07:46:16,563 WARN  http.HttpRequestLog (HttpRequestLog.java:getRequestLog(97)) - Jetty request log can only be enabled using Log4j
2019-07-13 07:46:16,565 INFO  http.HttpServer2 (HttpServer2.java:addGlobalFilter(975)) - Added global filter 'safety' (class=org.apache.hadoop.http.HttpServer2$QuotingInputFilter)
2019-07-13 07:46:16,565 INFO  http.HttpServer2 (HttpServer2.java:addFilter(948)) - Added filter static_user_filter (class=org.apache.hadoop.http.lib.StaticUserWebFilter$StaticUserFilter) to context ozoneManager
2019-07-13 07:46:16,566 INFO  http.HttpServer2 (HttpServer2.java:addFilter(958)) - Added filter static_user_filter (class=org.apache.hadoop.http.lib.StaticUserWebFilter$StaticUserFilter) to context logs
2019-07-13 07:46:16,566 INFO  http.HttpServer2 (HttpServer2.java:addFilter(958)) - Added filter static_user_filter (class=org.apache.hadoop.http.lib.StaticUserWebFilter$StaticUserFilter) to context static
2019-07-13 07:46:16,567 INFO  http.HttpServer2 (HttpServer2.java:bindListener(1191)) - Jetty bound to port 35543
2019-07-13 07:46:16,567 INFO  server.Server (Server.java:doStart(351)) - jetty-9.3.24.v20180605, build timestamp: 2018-06-05T17:11:56Z, git hash: 84205aa28f11a4f31f2a3b86d1bba2cc8ab69827
2019-07-13 07:46:16,570 INFO  handler.ContextHandler (ContextHandler.java:doStart(781)) - Started o.e.j.s.ServletContextHandler@55951fcd{/logs,file:///tmp/workdir/hadoop-ozone/integration-test/target/log,AVAILABLE}
2019-07-13 07:46:16,570 INFO  handler.ContextHandler (ContextHandler.java:doStart(781)) - Started o.e.j.s.ServletContextHandler@7534785a{/static,file:///tmp/workdir/hadoop-ozone/integration-test/target/test-classes/webapps/static,AVAILABLE}
2019-07-13 07:46:16,576 INFO  handler.ContextHandler (ContextHandler.java:doStart(781)) - Started o.e.j.w.WebAppContext@1426370c{/,file:///tmp/workdir/hadoop-ozone/integration-test/target/test-classes/webapps/ozoneManager/,AVAILABLE}{/ozoneManager}
2019-07-13 07:46:16,577 INFO  server.AbstractConnector (AbstractConnector.java:doStart(278)) - Started ServerConnector@9f9146d{HTTP/1.1,[http/1.1]}{0.0.0.0:35543}
2019-07-13 07:46:16,578 INFO  server.Server (Server.java:doStart(419)) - Started @46368ms
2019-07-13 07:46:16,578 INFO  server.BaseHttpServer (BaseHttpServer.java:updateConnectorAddress(207)) - HTTP server of OZONEMANAGER is listening at http://0.0.0.0:35543
2019-07-13 07:46:16,598 INFO  impl.MetricsSystemImpl (MetricsSystemImpl.java:init(158)) - HddsDatanode metrics system started (again)
2019-07-13 07:46:16,598 INFO  ozone.HddsDatanodeService (HddsDatanodeService.java:start(185)) - HddsDatanodeService host:trunk-nightly-9lh4p-2362225927 ip:192.168.69.84
2019-07-13 07:46:16,606 INFO  volume.HddsVolume (HddsVolume.java:<init>(176)) - Creating Volume: /tmp/workdir/hadoop-ozone/integration-test/target/test-dir/MiniOzoneClusterImpl-487749ed-5fa8-466c-a363-f34ace555a1b/datanode-0/data/containers/hdds of  storage type : DISK and capacity : 52710309888
2019-07-13 07:46:16,606 INFO  volume.VolumeSet (VolumeSet.java:initializeVolumeSet(170)) - Added Volume : /tmp/workdir/hadoop-ozone/integration-test/target/test-dir/MiniOzoneClusterImpl-487749ed-5fa8-466c-a363-f34ace555a1b/datanode-0/data/containers/hdds to VolumeSet
2019-07-13 07:46:16,606 INFO  volume.ThrottledAsyncChecker (ThrottledAsyncChecker.java:schedule(140)) - Scheduling a check for org.apache.hadoop.ozone.container.common.volume.HddsVolume@203765b2
2019-07-13 07:46:16,607 INFO  volume.HddsVolumeChecker (HddsVolumeChecker.java:checkAllVolumes(203)) - Scheduled health check for volume org.apache.hadoop.ozone.container.common.volume.HddsVolume@203765b2
2019-07-13 07:46:16,623 INFO  impl.RaftServerProxy (ConfUtils.java:logGet(43)) - raft.rpc.type = GRPC (default)
2019-07-13 07:46:16,623 INFO  grpc.GrpcFactory (GrpcFactory.java:checkPooledByteBufAllocatorUseCacheForAllThreads(45)) - PERFORMANCE WARNING: useCacheForAllThreads is true that may cause Netty to create a lot garbage objects and, as a result, trigger GC.
	It is recommended to disable useCacheForAllThreads by setting -Dorg.apache.ratis.thirdparty.io.netty.allocator.useCacheForAllThreads=false in command line.
2019-07-13 07:46:16,623 INFO  grpc.GrpcConfigKeys$Server (ConfUtils.java:logGet(43)) - raft.grpc.server.port = 0 (default)
2019-07-13 07:46:16,623 INFO  server.GrpcService (ConfUtils.java:logGet(43)) - raft.grpc.message.size.max = 33570816 (custom)
2019-07-13 07:46:16,624 INFO  server.RaftServerConfigKeys (ConfUtils.java:logGet(43)) - raft.server.log.appender.buffer.byte-limit = 33554432 (custom)
2019-07-13 07:46:16,624 INFO  server.GrpcService (ConfUtils.java:logGet(43)) - raft.grpc.flow.control.window = 1MB (=1048576) (default)
2019-07-13 07:46:16,624 INFO  server.RaftServerConfigKeys (ConfUtils.java:logGet(43)) - raft.server.rpc.request.timeout = 3000ms (default)
2019-07-13 07:46:16,625 INFO  server.RaftServerConfigKeys (ConfUtils.java:logGet(43)) - raft.server.storage.dir = [/tmp/workdir/hadoop-ozone/integration-test/target/test-dir/MiniOzoneClusterImpl-487749ed-5fa8-466c-a363-f34ace555a1b/datanode-0/data/ratis] (custom)
2019-07-13 07:46:16,625 INFO  replication.SimpleContainerDownloader (SimpleContainerDownloader.java:<init>(72)) - Starting container downloader service to copy containers to replicate.
2019-07-13 07:46:16,626 INFO  hdfs.DFSUtil (DFSUtil.java:httpServerTemplateForNNAndJN(1641)) - Starting Web-server for hddsDatanode at: http://0.0.0.0:0
2019-07-13 07:46:16,628 INFO  server.AuthenticationFilter (AuthenticationFilter.java:constructSecretProvider(240)) - Unable to initialize FileSignerSecretProvider, falling back to use random secrets.
2019-07-13 07:46:16,628 WARN  http.HttpRequestLog (HttpRequestLog.java:getRequestLog(97)) - Jetty request log can only be enabled using Log4j
2019-07-13 07:46:16,630 INFO  http.HttpServer2 (HttpServer2.java:addGlobalFilter(975)) - Added global filter 'safety' (class=org.apache.hadoop.http.HttpServer2$QuotingInputFilter)
2019-07-13 07:46:16,630 INFO  http.HttpServer2 (HttpServer2.java:addFilter(948)) - Added filter static_user_filter (class=org.apache.hadoop.http.lib.StaticUserWebFilter$StaticUserFilter) to context hddsDatanode
2019-07-13 07:46:16,630 INFO  http.HttpServer2 (HttpServer2.java:addFilter(958)) - Added filter static_user_filter (class=org.apache.hadoop.http.lib.StaticUserWebFilter$StaticUserFilter) to context static
2019-07-13 07:46:16,630 INFO  http.HttpServer2 (HttpServer2.java:addFilter(958)) - Added filter static_user_filter (class=org.apache.hadoop.http.lib.StaticUserWebFilter$StaticUserFilter) to context logs
2019-07-13 07:46:16,631 INFO  http.HttpServer2 (HttpServer2.java:bindListener(1191)) - Jetty bound to port 37774
2019-07-13 07:46:16,631 INFO  server.Server (Server.java:doStart(351)) - jetty-9.3.24.v20180605, build timestamp: 2018-06-05T17:11:56Z, git hash: 84205aa28f11a4f31f2a3b86d1bba2cc8ab69827
2019-07-13 07:46:16,633 INFO  handler.ContextHandler (ContextHandler.java:doStart(781)) - Started o.e.j.s.ServletContextHandler@be6d228{/logs,file:///tmp/workdir/hadoop-ozone/integration-test/target/log,AVAILABLE}
2019-07-13 07:46:16,634 INFO  handler.ContextHandler (ContextHandler.java:doStart(781)) - Started o.e.j.s.ServletContextHandler@7eee6c13{/static,jar:file:/home/user/.m2/repository/org/apache/hadoop/hadoop-hdds-container-service/0.5.0-SNAPSHOT/hadoop-hdds-container-service-0.5.0-SNAPSHOT.jar!/webapps/static,AVAILABLE}
2019-07-13 07:46:16,664 INFO  handler.ContextHandler (ContextHandler.java:doStart(781)) - Started o.e.j.w.WebAppContext@c262f2f{/,file:///tmp/jetty-0.0.0.0-37774-hddsDatanode-_-any-5988046264925619014.dir/webapp/,AVAILABLE}{/hddsDatanode}
2019-07-13 07:46:16,665 INFO  server.AbstractConnector (AbstractConnector.java:doStart(278)) - Started ServerConnector@5563bb40{HTTP/1.1,[http/1.1]}{0.0.0.0:37774}
2019-07-13 07:46:16,666 INFO  server.Server (Server.java:doStart(419)) - Started @46457ms
2019-07-13 07:46:16,667 INFO  server.BaseHttpServer (BaseHttpServer.java:updateConnectorAddress(207)) - HTTP server of HDDSDATANODE is listening at http://0.0.0.0:37774
2019-07-13 07:46:16,804 INFO  ozone.HddsDatanodeService (HddsDatanodeService.java:startPlugins(396)) - Started plug-in org.apache.hadoop.ozone.web.OzoneHddsDatanodeService@45bd4753
2019-07-13 07:46:16,804 INFO  impl.MetricsSystemImpl (MetricsSystemImpl.java:init(158)) - HddsDatanode metrics system started (again)
2019-07-13 07:46:16,806 INFO  ozone.HddsDatanodeService (HddsDatanodeService.java:start(185)) - HddsDatanodeService host:trunk-nightly-9lh4p-2362225927 ip:192.168.69.84
2019-07-13 07:46:16,808 INFO  util.JvmPauseMonitor (JvmPauseMonitor.java:run(188)) - Starting JVM pause monitor
2019-07-13 07:46:16,810 INFO  datanode.InitDatanodeState (InitDatanodeState.java:persistContainerDatanodeDetails(140)) - DatanodeDetails is persisted to /tmp/workdir/hadoop-ozone/integration-test/target/test-dir/MiniOzoneClusterImpl-487749ed-5fa8-466c-a363-f34ace555a1b/datanode-0/meta/datanode.id
2019-07-13 07:46:16,813 INFO  volume.HddsVolume (HddsVolume.java:<init>(176)) - Creating Volume: /tmp/workdir/hadoop-ozone/integration-test/target/test-dir/MiniOzoneClusterImpl-487749ed-5fa8-466c-a363-f34ace555a1b/datanode-1/data/containers/hdds of  storage type : DISK and capacity : 52710309888
2019-07-13 07:46:16,814 INFO  volume.VolumeSet (VolumeSet.java:initializeVolumeSet(170)) - Added Volume : /tmp/workdir/hadoop-ozone/integration-test/target/test-dir/MiniOzoneClusterImpl-487749ed-5fa8-466c-a363-f34ace555a1b/datanode-1/data/containers/hdds to VolumeSet
2019-07-13 07:46:16,814 INFO  volume.ThrottledAsyncChecker (ThrottledAsyncChecker.java:schedule(140)) - Scheduling a check for org.apache.hadoop.ozone.container.common.volume.HddsVolume@3005623b
2019-07-13 07:46:16,814 INFO  volume.HddsVolumeChecker (HddsVolumeChecker.java:checkAllVolumes(203)) - Scheduled health check for volume org.apache.hadoop.ozone.container.common.volume.HddsVolume@3005623b
2019-07-13 07:46:16,828 INFO  impl.RaftServerProxy (ConfUtils.java:logGet(43)) - raft.rpc.type = GRPC (default)
2019-07-13 07:46:16,828 INFO  grpc.GrpcFactory (GrpcFactory.java:checkPooledByteBufAllocatorUseCacheForAllThreads(45)) - PERFORMANCE WARNING: useCacheForAllThreads is true that may cause Netty to create a lot garbage objects and, as a result, trigger GC.
	It is recommended to disable useCacheForAllThreads by setting -Dorg.apache.ratis.thirdparty.io.netty.allocator.useCacheForAllThreads=false in command line.
2019-07-13 07:46:16,829 INFO  grpc.GrpcConfigKeys$Server (ConfUtils.java:logGet(43)) - raft.grpc.server.port = 0 (default)
2019-07-13 07:46:16,829 INFO  server.GrpcService (ConfUtils.java:logGet(43)) - raft.grpc.message.size.max = 33570816 (custom)
2019-07-13 07:46:16,829 INFO  server.RaftServerConfigKeys (ConfUtils.java:logGet(43)) - raft.server.log.appender.buffer.byte-limit = 33554432 (custom)
2019-07-13 07:46:16,829 INFO  server.GrpcService (ConfUtils.java:logGet(43)) - raft.grpc.flow.control.window = 1MB (=1048576) (default)
2019-07-13 07:46:16,829 INFO  server.RaftServerConfigKeys (ConfUtils.java:logGet(43)) - raft.server.rpc.request.timeout = 3000ms (default)
2019-07-13 07:46:16,830 INFO  server.RaftServerConfigKeys (ConfUtils.java:logGet(43)) - raft.server.storage.dir = [/tmp/workdir/hadoop-ozone/integration-test/target/test-dir/MiniOzoneClusterImpl-487749ed-5fa8-466c-a363-f34ace555a1b/datanode-1/data/ratis] (custom)
2019-07-13 07:46:16,830 INFO  replication.SimpleContainerDownloader (SimpleContainerDownloader.java:<init>(72)) - Starting container downloader service to copy containers to replicate.
2019-07-13 07:46:16,831 INFO  hdfs.DFSUtil (DFSUtil.java:httpServerTemplateForNNAndJN(1641)) - Starting Web-server for hddsDatanode at: http://0.0.0.0:0
2019-07-13 07:46:16,833 INFO  server.AuthenticationFilter (AuthenticationFilter.java:constructSecretProvider(240)) - Unable to initialize FileSignerSecretProvider, falling back to use random secrets.
2019-07-13 07:46:16,833 WARN  http.HttpRequestLog (HttpRequestLog.java:getRequestLog(97)) - Jetty request log can only be enabled using Log4j
2019-07-13 07:46:16,834 INFO  http.HttpServer2 (HttpServer2.java:addGlobalFilter(975)) - Added global filter 'safety' (class=org.apache.hadoop.http.HttpServer2$QuotingInputFilter)
2019-07-13 07:46:16,835 INFO  http.HttpServer2 (HttpServer2.java:addFilter(948)) - Added filter static_user_filter (class=org.apache.hadoop.http.lib.StaticUserWebFilter$StaticUserFilter) to context hddsDatanode
2019-07-13 07:46:16,835 INFO  http.HttpServer2 (HttpServer2.java:addFilter(958)) - Added filter static_user_filter (class=org.apache.hadoop.http.lib.StaticUserWebFilter$StaticUserFilter) to context logs
2019-07-13 07:46:16,835 INFO  http.HttpServer2 (HttpServer2.java:addFilter(958)) - Added filter static_user_filter (class=org.apache.hadoop.http.lib.StaticUserWebFilter$StaticUserFilter) to context static
2019-07-13 07:46:16,836 INFO  http.HttpServer2 (HttpServer2.java:bindListener(1191)) - Jetty bound to port 36187
2019-07-13 07:46:16,836 INFO  server.Server (Server.java:doStart(351)) - jetty-9.3.24.v20180605, build timestamp: 2018-06-05T17:11:56Z, git hash: 84205aa28f11a4f31f2a3b86d1bba2cc8ab69827
2019-07-13 07:46:16,838 INFO  handler.ContextHandler (ContextHandler.java:doStart(781)) - Started o.e.j.s.ServletContextHandler@27bb74e1{/logs,file:///tmp/workdir/hadoop-ozone/integration-test/target/log,AVAILABLE}
2019-07-13 07:46:16,839 INFO  handler.ContextHandler (ContextHandler.java:doStart(781)) - Started o.e.j.s.ServletContextHandler@2e3cd732{/static,jar:file:/home/user/.m2/repository/org/apache/hadoop/hadoop-hdds-container-service/0.5.0-SNAPSHOT/hadoop-hdds-container-service-0.5.0-SNAPSHOT.jar!/webapps/static,AVAILABLE}
2019-07-13 07:46:16,866 INFO  handler.ContextHandler (ContextHandler.java:doStart(781)) - Started o.e.j.w.WebAppContext@7bbdb220{/,file:///tmp/jetty-0.0.0.0-36187-hddsDatanode-_-any-5414341705292056612.dir/webapp/,AVAILABLE}{/hddsDatanode}
2019-07-13 07:46:16,867 INFO  server.AbstractConnector (AbstractConnector.java:doStart(278)) - Started ServerConnector@6d001fbe{HTTP/1.1,[http/1.1]}{0.0.0.0:36187}
2019-07-13 07:46:16,868 INFO  server.Server (Server.java:doStart(419)) - Started @46659ms
2019-07-13 07:46:16,869 INFO  server.BaseHttpServer (BaseHttpServer.java:updateConnectorAddress(207)) - HTTP server of HDDSDATANODE is listening at http://0.0.0.0:36187
2019-07-13 07:46:17,019 INFO  ozone.HddsDatanodeService (HddsDatanodeService.java:startPlugins(396)) - Started plug-in org.apache.hadoop.ozone.web.OzoneHddsDatanodeService@70884875
2019-07-13 07:46:17,019 INFO  impl.MetricsSystemImpl (MetricsSystemImpl.java:init(158)) - HddsDatanode metrics system started (again)
2019-07-13 07:46:17,021 INFO  ozone.HddsDatanodeService (HddsDatanodeService.java:start(185)) - HddsDatanodeService host:trunk-nightly-9lh4p-2362225927 ip:192.168.69.84
2019-07-13 07:46:17,022 INFO  util.JvmPauseMonitor (JvmPauseMonitor.java:run(188)) - Starting JVM pause monitor
2019-07-13 07:46:17,024 INFO  datanode.InitDatanodeState (InitDatanodeState.java:persistContainerDatanodeDetails(140)) - DatanodeDetails is persisted to /tmp/workdir/hadoop-ozone/integration-test/target/test-dir/MiniOzoneClusterImpl-487749ed-5fa8-466c-a363-f34ace555a1b/datanode-1/meta/datanode.id
2019-07-13 07:46:17,029 INFO  volume.HddsVolume (HddsVolume.java:<init>(176)) - Creating Volume: /tmp/workdir/hadoop-ozone/integration-test/target/test-dir/MiniOzoneClusterImpl-487749ed-5fa8-466c-a363-f34ace555a1b/datanode-2/data/containers/hdds of  storage type : DISK and capacity : 52710309888
2019-07-13 07:46:17,030 INFO  volume.VolumeSet (VolumeSet.java:initializeVolumeSet(170)) - Added Volume : /tmp/workdir/hadoop-ozone/integration-test/target/test-dir/MiniOzoneClusterImpl-487749ed-5fa8-466c-a363-f34ace555a1b/datanode-2/data/containers/hdds to VolumeSet
2019-07-13 07:46:17,030 INFO  volume.ThrottledAsyncChecker (ThrottledAsyncChecker.java:schedule(140)) - Scheduling a check for org.apache.hadoop.ozone.container.common.volume.HddsVolume@4ad1a276
2019-07-13 07:46:17,030 INFO  volume.HddsVolumeChecker (HddsVolumeChecker.java:checkAllVolumes(203)) - Scheduled health check for volume org.apache.hadoop.ozone.container.common.volume.HddsVolume@4ad1a276
2019-07-13 07:46:17,043 INFO  impl.RaftServerProxy (ConfUtils.java:logGet(43)) - raft.rpc.type = GRPC (default)
2019-07-13 07:46:17,044 INFO  grpc.GrpcFactory (GrpcFactory.java:checkPooledByteBufAllocatorUseCacheForAllThreads(45)) - PERFORMANCE WARNING: useCacheForAllThreads is true that may cause Netty to create a lot garbage objects and, as a result, trigger GC.
	It is recommended to disable useCacheForAllThreads by setting -Dorg.apache.ratis.thirdparty.io.netty.allocator.useCacheForAllThreads=false in command line.
2019-07-13 07:46:17,044 INFO  grpc.GrpcConfigKeys$Server (ConfUtils.java:logGet(43)) - raft.grpc.server.port = 0 (default)
2019-07-13 07:46:17,044 INFO  server.GrpcService (ConfUtils.java:logGet(43)) - raft.grpc.message.size.max = 33570816 (custom)
2019-07-13 07:46:17,044 INFO  server.RaftServerConfigKeys (ConfUtils.java:logGet(43)) - raft.server.log.appender.buffer.byte-limit = 33554432 (custom)
2019-07-13 07:46:17,044 INFO  server.GrpcService (ConfUtils.java:logGet(43)) - raft.grpc.flow.control.window = 1MB (=1048576) (default)
2019-07-13 07:46:17,045 INFO  server.RaftServerConfigKeys (ConfUtils.java:logGet(43)) - raft.server.rpc.request.timeout = 3000ms (default)
2019-07-13 07:46:17,045 INFO  server.RaftServerConfigKeys (ConfUtils.java:logGet(43)) - raft.server.storage.dir = [/tmp/workdir/hadoop-ozone/integration-test/target/test-dir/MiniOzoneClusterImpl-487749ed-5fa8-466c-a363-f34ace555a1b/datanode-2/data/ratis] (custom)
2019-07-13 07:46:17,046 INFO  replication.SimpleContainerDownloader (SimpleContainerDownloader.java:<init>(72)) - Starting container downloader service to copy containers to replicate.
2019-07-13 07:46:17,047 INFO  hdfs.DFSUtil (DFSUtil.java:httpServerTemplateForNNAndJN(1641)) - Starting Web-server for hddsDatanode at: http://0.0.0.0:0
2019-07-13 07:46:17,049 INFO  server.AuthenticationFilter (AuthenticationFilter.java:constructSecretProvider(240)) - Unable to initialize FileSignerSecretProvider, falling back to use random secrets.
2019-07-13 07:46:17,049 WARN  http.HttpRequestLog (HttpRequestLog.java:getRequestLog(97)) - Jetty request log can only be enabled using Log4j
2019-07-13 07:46:17,051 INFO  http.HttpServer2 (HttpServer2.java:addGlobalFilter(975)) - Added global filter 'safety' (class=org.apache.hadoop.http.HttpServer2$QuotingInputFilter)
2019-07-13 07:46:17,052 INFO  http.HttpServer2 (HttpServer2.java:addFilter(948)) - Added filter static_user_filter (class=org.apache.hadoop.http.lib.StaticUserWebFilter$StaticUserFilter) to context hddsDatanode
2019-07-13 07:46:17,052 INFO  http.HttpServer2 (HttpServer2.java:addFilter(958)) - Added filter static_user_filter (class=org.apache.hadoop.http.lib.StaticUserWebFilter$StaticUserFilter) to context static
2019-07-13 07:46:17,053 INFO  http.HttpServer2 (HttpServer2.java:addFilter(958)) - Added filter static_user_filter (class=org.apache.hadoop.http.lib.StaticUserWebFilter$StaticUserFilter) to context logs
2019-07-13 07:46:17,054 INFO  http.HttpServer2 (HttpServer2.java:bindListener(1191)) - Jetty bound to port 39520
2019-07-13 07:46:17,054 INFO  server.Server (Server.java:doStart(351)) - jetty-9.3.24.v20180605, build timestamp: 2018-06-05T17:11:56Z, git hash: 84205aa28f11a4f31f2a3b86d1bba2cc8ab69827
2019-07-13 07:46:17,056 INFO  handler.ContextHandler (ContextHandler.java:doStart(781)) - Started o.e.j.s.ServletContextHandler@40b31a16{/logs,file:///tmp/workdir/hadoop-ozone/integration-test/target/log,AVAILABLE}
2019-07-13 07:46:17,057 INFO  handler.ContextHandler (ContextHandler.java:doStart(781)) - Started o.e.j.s.ServletContextHandler@1de73d37{/static,jar:file:/home/user/.m2/repository/org/apache/hadoop/hadoop-hdds-container-service/0.5.0-SNAPSHOT/hadoop-hdds-container-service-0.5.0-SNAPSHOT.jar!/webapps/static,AVAILABLE}
2019-07-13 07:46:17,099 INFO  handler.ContextHandler (ContextHandler.java:doStart(781)) - Started o.e.j.w.WebAppContext@105dc04d{/,file:///tmp/jetty-0.0.0.0-39520-hddsDatanode-_-any-1632992671469823916.dir/webapp/,AVAILABLE}{/hddsDatanode}
2019-07-13 07:46:17,099 INFO  server.AbstractConnector (AbstractConnector.java:doStart(278)) - Started ServerConnector@504b8705{HTTP/1.1,[http/1.1]}{0.0.0.0:39520}
2019-07-13 07:46:17,101 INFO  server.Server (Server.java:doStart(419)) - Started @46891ms
2019-07-13 07:46:17,101 INFO  server.BaseHttpServer (BaseHttpServer.java:updateConnectorAddress(207)) - HTTP server of HDDSDATANODE is listening at http://0.0.0.0:39520
2019-07-13 07:46:17,230 INFO  ozone.HddsDatanodeService (HddsDatanodeService.java:startPlugins(396)) - Started plug-in org.apache.hadoop.ozone.web.OzoneHddsDatanodeService@52856ff9
2019-07-13 07:46:17,231 INFO  impl.MetricsSystemImpl (MetricsSystemImpl.java:init(158)) - HddsDatanode metrics system started (again)
2019-07-13 07:46:17,233 INFO  ozone.HddsDatanodeService (HddsDatanodeService.java:start(185)) - HddsDatanodeService host:trunk-nightly-9lh4p-2362225927 ip:192.168.69.84
2019-07-13 07:46:17,234 INFO  util.JvmPauseMonitor (JvmPauseMonitor.java:run(188)) - Starting JVM pause monitor
2019-07-13 07:46:17,236 INFO  datanode.InitDatanodeState (InitDatanodeState.java:persistContainerDatanodeDetails(140)) - DatanodeDetails is persisted to /tmp/workdir/hadoop-ozone/integration-test/target/test-dir/MiniOzoneClusterImpl-487749ed-5fa8-466c-a363-f34ace555a1b/datanode-2/meta/datanode.id
2019-07-13 07:46:17,241 INFO  volume.HddsVolume (HddsVolume.java:<init>(176)) - Creating Volume: /tmp/workdir/hadoop-ozone/integration-test/target/test-dir/MiniOzoneClusterImpl-487749ed-5fa8-466c-a363-f34ace555a1b/datanode-3/data/containers/hdds of  storage type : DISK and capacity : 52710309888
2019-07-13 07:46:17,241 INFO  volume.VolumeSet (VolumeSet.java:initializeVolumeSet(170)) - Added Volume : /tmp/workdir/hadoop-ozone/integration-test/target/test-dir/MiniOzoneClusterImpl-487749ed-5fa8-466c-a363-f34ace555a1b/datanode-3/data/containers/hdds to VolumeSet
2019-07-13 07:46:17,241 INFO  volume.ThrottledAsyncChecker (ThrottledAsyncChecker.java:schedule(140)) - Scheduling a check for org.apache.hadoop.ozone.container.common.volume.HddsVolume@377e573a
2019-07-13 07:46:17,242 INFO  volume.HddsVolumeChecker (HddsVolumeChecker.java:checkAllVolumes(203)) - Scheduled health check for volume org.apache.hadoop.ozone.container.common.volume.HddsVolume@377e573a
2019-07-13 07:46:17,259 INFO  impl.RaftServerProxy (ConfUtils.java:logGet(43)) - raft.rpc.type = GRPC (default)
2019-07-13 07:46:17,259 INFO  grpc.GrpcFactory (GrpcFactory.java:checkPooledByteBufAllocatorUseCacheForAllThreads(45)) - PERFORMANCE WARNING: useCacheForAllThreads is true that may cause Netty to create a lot garbage objects and, as a result, trigger GC.
	It is recommended to disable useCacheForAllThreads by setting -Dorg.apache.ratis.thirdparty.io.netty.allocator.useCacheForAllThreads=false in command line.
2019-07-13 07:46:17,259 INFO  grpc.GrpcConfigKeys$Server (ConfUtils.java:logGet(43)) - raft.grpc.server.port = 0 (default)
2019-07-13 07:46:17,259 INFO  server.GrpcService (ConfUtils.java:logGet(43)) - raft.grpc.message.size.max = 33570816 (custom)
2019-07-13 07:46:17,260 INFO  server.RaftServerConfigKeys (ConfUtils.java:logGet(43)) - raft.server.log.appender.buffer.byte-limit = 33554432 (custom)
2019-07-13 07:46:17,260 INFO  server.GrpcService (ConfUtils.java:logGet(43)) - raft.grpc.flow.control.window = 1MB (=1048576) (default)
2019-07-13 07:46:17,260 INFO  server.RaftServerConfigKeys (ConfUtils.java:logGet(43)) - raft.server.rpc.request.timeout = 3000ms (default)
2019-07-13 07:46:17,260 INFO  server.RaftServerConfigKeys (ConfUtils.java:logGet(43)) - raft.server.storage.dir = [/tmp/workdir/hadoop-ozone/integration-test/target/test-dir/MiniOzoneClusterImpl-487749ed-5fa8-466c-a363-f34ace555a1b/datanode-3/data/ratis] (custom)
2019-07-13 07:46:17,261 INFO  replication.SimpleContainerDownloader (SimpleContainerDownloader.java:<init>(72)) - Starting container downloader service to copy containers to replicate.
2019-07-13 07:46:17,262 INFO  hdfs.DFSUtil (DFSUtil.java:httpServerTemplateForNNAndJN(1641)) - Starting Web-server for hddsDatanode at: http://0.0.0.0:0
2019-07-13 07:46:17,263 INFO  server.AuthenticationFilter (AuthenticationFilter.java:constructSecretProvider(240)) - Unable to initialize FileSignerSecretProvider, falling back to use random secrets.
2019-07-13 07:46:17,264 WARN  http.HttpRequestLog (HttpRequestLog.java:getRequestLog(97)) - Jetty request log can only be enabled using Log4j
2019-07-13 07:46:17,265 INFO  http.HttpServer2 (HttpServer2.java:addGlobalFilter(975)) - Added global filter 'safety' (class=org.apache.hadoop.http.HttpServer2$QuotingInputFilter)
2019-07-13 07:46:17,266 INFO  http.HttpServer2 (HttpServer2.java:addFilter(948)) - Added filter static_user_filter (class=org.apache.hadoop.http.lib.StaticUserWebFilter$StaticUserFilter) to context hddsDatanode
2019-07-13 07:46:17,266 INFO  http.HttpServer2 (HttpServer2.java:addFilter(958)) - Added filter static_user_filter (class=org.apache.hadoop.http.lib.StaticUserWebFilter$StaticUserFilter) to context logs
2019-07-13 07:46:17,266 INFO  http.HttpServer2 (HttpServer2.java:addFilter(958)) - Added filter static_user_filter (class=org.apache.hadoop.http.lib.StaticUserWebFilter$StaticUserFilter) to context static
2019-07-13 07:46:17,267 INFO  http.HttpServer2 (HttpServer2.java:bindListener(1191)) - Jetty bound to port 39565
2019-07-13 07:46:17,267 INFO  server.Server (Server.java:doStart(351)) - jetty-9.3.24.v20180605, build timestamp: 2018-06-05T17:11:56Z, git hash: 84205aa28f11a4f31f2a3b86d1bba2cc8ab69827
2019-07-13 07:46:17,268 INFO  handler.ContextHandler (ContextHandler.java:doStart(781)) - Started o.e.j.s.ServletContextHandler@100807ca{/logs,file:///tmp/workdir/hadoop-ozone/integration-test/target/log,AVAILABLE}
2019-07-13 07:46:17,269 INFO  handler.ContextHandler (ContextHandler.java:doStart(781)) - Started o.e.j.s.ServletContextHandler@5fc7255c{/static,jar:file:/home/user/.m2/repository/org/apache/hadoop/hadoop-hdds-container-service/0.5.0-SNAPSHOT/hadoop-hdds-container-service-0.5.0-SNAPSHOT.jar!/webapps/static,AVAILABLE}
2019-07-13 07:46:17,296 INFO  handler.ContextHandler (ContextHandler.java:doStart(781)) - Started o.e.j.w.WebAppContext@55c03e4{/,file:///tmp/jetty-0.0.0.0-39565-hddsDatanode-_-any-334855807205669200.dir/webapp/,AVAILABLE}{/hddsDatanode}
2019-07-13 07:46:17,296 INFO  server.AbstractConnector (AbstractConnector.java:doStart(278)) - Started ServerConnector@14df5253{HTTP/1.1,[http/1.1]}{0.0.0.0:39565}
2019-07-13 07:46:17,298 INFO  server.Server (Server.java:doStart(419)) - Started @47089ms
2019-07-13 07:46:17,299 INFO  server.BaseHttpServer (BaseHttpServer.java:updateConnectorAddress(207)) - HTTP server of HDDSDATANODE is listening at http://0.0.0.0:39565
2019-07-13 07:46:17,417 INFO  ozone.HddsDatanodeService (HddsDatanodeService.java:startPlugins(396)) - Started plug-in org.apache.hadoop.ozone.web.OzoneHddsDatanodeService@4fbe486c
2019-07-13 07:46:17,418 INFO  impl.MetricsSystemImpl (MetricsSystemImpl.java:init(158)) - HddsDatanode metrics system started (again)
2019-07-13 07:46:17,420 INFO  ozone.HddsDatanodeService (HddsDatanodeService.java:start(185)) - HddsDatanodeService host:trunk-nightly-9lh4p-2362225927 ip:192.168.69.84
2019-07-13 07:46:17,421 INFO  util.JvmPauseMonitor (JvmPauseMonitor.java:run(188)) - Starting JVM pause monitor
2019-07-13 07:46:17,423 INFO  datanode.InitDatanodeState (InitDatanodeState.java:persistContainerDatanodeDetails(140)) - DatanodeDetails is persisted to /tmp/workdir/hadoop-ozone/integration-test/target/test-dir/MiniOzoneClusterImpl-487749ed-5fa8-466c-a363-f34ace555a1b/datanode-3/meta/datanode.id
2019-07-13 07:46:17,428 INFO  volume.HddsVolume (HddsVolume.java:<init>(176)) - Creating Volume: /tmp/workdir/hadoop-ozone/integration-test/target/test-dir/MiniOzoneClusterImpl-487749ed-5fa8-466c-a363-f34ace555a1b/datanode-4/data/containers/hdds of  storage type : DISK and capacity : 52710309888
2019-07-13 07:46:17,428 INFO  volume.VolumeSet (VolumeSet.java:initializeVolumeSet(170)) - Added Volume : /tmp/workdir/hadoop-ozone/integration-test/target/test-dir/MiniOzoneClusterImpl-487749ed-5fa8-466c-a363-f34ace555a1b/datanode-4/data/containers/hdds to VolumeSet
2019-07-13 07:46:17,429 INFO  volume.ThrottledAsyncChecker (ThrottledAsyncChecker.java:schedule(140)) - Scheduling a check for org.apache.hadoop.ozone.container.common.volume.HddsVolume@66a472b9
2019-07-13 07:46:17,429 INFO  volume.HddsVolumeChecker (HddsVolumeChecker.java:checkAllVolumes(203)) - Scheduled health check for volume org.apache.hadoop.ozone.container.common.volume.HddsVolume@66a472b9
2019-07-13 07:46:17,443 INFO  impl.RaftServerProxy (ConfUtils.java:logGet(43)) - raft.rpc.type = GRPC (default)
2019-07-13 07:46:17,444 INFO  grpc.GrpcFactory (GrpcFactory.java:checkPooledByteBufAllocatorUseCacheForAllThreads(45)) - PERFORMANCE WARNING: useCacheForAllThreads is true that may cause Netty to create a lot garbage objects and, as a result, trigger GC.
	It is recommended to disable useCacheForAllThreads by setting -Dorg.apache.ratis.thirdparty.io.netty.allocator.useCacheForAllThreads=false in command line.
2019-07-13 07:46:17,444 INFO  grpc.GrpcConfigKeys$Server (ConfUtils.java:logGet(43)) - raft.grpc.server.port = 0 (default)
2019-07-13 07:46:17,444 INFO  server.GrpcService (ConfUtils.java:logGet(43)) - raft.grpc.message.size.max = 33570816 (custom)
2019-07-13 07:46:17,444 INFO  server.RaftServerConfigKeys (ConfUtils.java:logGet(43)) - raft.server.log.appender.buffer.byte-limit = 33554432 (custom)
2019-07-13 07:46:17,444 INFO  server.GrpcService (ConfUtils.java:logGet(43)) - raft.grpc.flow.control.window = 1MB (=1048576) (default)
2019-07-13 07:46:17,445 INFO  server.RaftServerConfigKeys (ConfUtils.java:logGet(43)) - raft.server.rpc.request.timeout = 3000ms (default)
2019-07-13 07:46:17,445 INFO  server.RaftServerConfigKeys (ConfUtils.java:logGet(43)) - raft.server.storage.dir = [/tmp/workdir/hadoop-ozone/integration-test/target/test-dir/MiniOzoneClusterImpl-487749ed-5fa8-466c-a363-f34ace555a1b/datanode-4/data/ratis] (custom)
2019-07-13 07:46:17,446 INFO  replication.SimpleContainerDownloader (SimpleContainerDownloader.java:<init>(72)) - Starting container downloader service to copy containers to replicate.
2019-07-13 07:46:17,447 INFO  hdfs.DFSUtil (DFSUtil.java:httpServerTemplateForNNAndJN(1641)) - Starting Web-server for hddsDatanode at: http://0.0.0.0:0
2019-07-13 07:46:17,448 INFO  server.AuthenticationFilter (AuthenticationFilter.java:constructSecretProvider(240)) - Unable to initialize FileSignerSecretProvider, falling back to use random secrets.
2019-07-13 07:46:17,448 WARN  http.HttpRequestLog (HttpRequestLog.java:getRequestLog(97)) - Jetty request log can only be enabled using Log4j
2019-07-13 07:46:17,450 INFO  http.HttpServer2 (HttpServer2.java:addGlobalFilter(975)) - Added global filter 'safety' (class=org.apache.hadoop.http.HttpServer2$QuotingInputFilter)
2019-07-13 07:46:17,450 INFO  http.HttpServer2 (HttpServer2.java:addFilter(948)) - Added filter static_user_filter (class=org.apache.hadoop.http.lib.StaticUserWebFilter$StaticUserFilter) to context hddsDatanode
2019-07-13 07:46:17,451 INFO  http.HttpServer2 (HttpServer2.java:addFilter(958)) - Added filter static_user_filter (class=org.apache.hadoop.http.lib.StaticUserWebFilter$StaticUserFilter) to context static
2019-07-13 07:46:17,451 INFO  http.HttpServer2 (HttpServer2.java:addFilter(958)) - Added filter static_user_filter (class=org.apache.hadoop.http.lib.StaticUserWebFilter$StaticUserFilter) to context logs
2019-07-13 07:46:17,451 INFO  http.HttpServer2 (HttpServer2.java:bindListener(1191)) - Jetty bound to port 44429
2019-07-13 07:46:17,451 INFO  server.Server (Server.java:doStart(351)) - jetty-9.3.24.v20180605, build timestamp: 2018-06-05T17:11:56Z, git hash: 84205aa28f11a4f31f2a3b86d1bba2cc8ab69827
2019-07-13 07:46:17,453 INFO  handler.ContextHandler (ContextHandler.java:doStart(781)) - Started o.e.j.s.ServletContextHandler@c0013b8{/logs,file:///tmp/workdir/hadoop-ozone/integration-test/target/log,AVAILABLE}
2019-07-13 07:46:17,454 INFO  handler.ContextHandler (ContextHandler.java:doStart(781)) - Started o.e.j.s.ServletContextHandler@2493eec6{/static,jar:file:/home/user/.m2/repository/org/apache/hadoop/hadoop-hdds-container-service/0.5.0-SNAPSHOT/hadoop-hdds-container-service-0.5.0-SNAPSHOT.jar!/webapps/static,AVAILABLE}
2019-07-13 07:46:17,483 INFO  handler.ContextHandler (ContextHandler.java:doStart(781)) - Started o.e.j.w.WebAppContext@61b8c9de{/,file:///tmp/jetty-0.0.0.0-44429-hddsDatanode-_-any-4920470941675078732.dir/webapp/,AVAILABLE}{/hddsDatanode}
2019-07-13 07:46:17,483 INFO  server.AbstractConnector (AbstractConnector.java:doStart(278)) - Started ServerConnector@b34c7c9{HTTP/1.1,[http/1.1]}{0.0.0.0:44429}
2019-07-13 07:46:17,485 INFO  server.Server (Server.java:doStart(419)) - Started @47275ms
2019-07-13 07:46:17,485 INFO  server.BaseHttpServer (BaseHttpServer.java:updateConnectorAddress(207)) - HTTP server of HDDSDATANODE is listening at http://0.0.0.0:44429
2019-07-13 07:46:17,707 INFO  ozone.HddsDatanodeService (HddsDatanodeService.java:startPlugins(396)) - Started plug-in org.apache.hadoop.ozone.web.OzoneHddsDatanodeService@70f5f59d
2019-07-13 07:46:17,707 INFO  impl.MetricsSystemImpl (MetricsSystemImpl.java:init(158)) - HddsDatanode metrics system started (again)
2019-07-13 07:46:17,709 INFO  ozone.HddsDatanodeService (HddsDatanodeService.java:start(185)) - HddsDatanodeService host:trunk-nightly-9lh4p-2362225927 ip:192.168.69.84
2019-07-13 07:46:17,711 INFO  util.JvmPauseMonitor (JvmPauseMonitor.java:run(188)) - Starting JVM pause monitor
2019-07-13 07:46:17,713 INFO  datanode.InitDatanodeState (InitDatanodeState.java:persistContainerDatanodeDetails(140)) - DatanodeDetails is persisted to /tmp/workdir/hadoop-ozone/integration-test/target/test-dir/MiniOzoneClusterImpl-487749ed-5fa8-466c-a363-f34ace555a1b/datanode-4/meta/datanode.id
2019-07-13 07:46:17,719 INFO  volume.HddsVolume (HddsVolume.java:<init>(176)) - Creating Volume: /tmp/workdir/hadoop-ozone/integration-test/target/test-dir/MiniOzoneClusterImpl-487749ed-5fa8-466c-a363-f34ace555a1b/datanode-5/data/containers/hdds of  storage type : DISK and capacity : 52710309888
2019-07-13 07:46:17,720 INFO  volume.VolumeSet (VolumeSet.java:initializeVolumeSet(170)) - Added Volume : /tmp/workdir/hadoop-ozone/integration-test/target/test-dir/MiniOzoneClusterImpl-487749ed-5fa8-466c-a363-f34ace555a1b/datanode-5/data/containers/hdds to VolumeSet
2019-07-13 07:46:17,720 INFO  volume.ThrottledAsyncChecker (ThrottledAsyncChecker.java:schedule(140)) - Scheduling a check for org.apache.hadoop.ozone.container.common.volume.HddsVolume@39695803
2019-07-13 07:46:17,721 INFO  volume.HddsVolumeChecker (HddsVolumeChecker.java:checkAllVolumes(203)) - Scheduled health check for volume org.apache.hadoop.ozone.container.common.volume.HddsVolume@39695803
2019-07-13 07:46:17,739 INFO  impl.RaftServerProxy (ConfUtils.java:logGet(43)) - raft.rpc.type = GRPC (default)
2019-07-13 07:46:17,739 INFO  grpc.GrpcFactory (GrpcFactory.java:checkPooledByteBufAllocatorUseCacheForAllThreads(45)) - PERFORMANCE WARNING: useCacheForAllThreads is true that may cause Netty to create a lot garbage objects and, as a result, trigger GC.
	It is recommended to disable useCacheForAllThreads by setting -Dorg.apache.ratis.thirdparty.io.netty.allocator.useCacheForAllThreads=false in command line.
2019-07-13 07:46:17,740 INFO  grpc.GrpcConfigKeys$Server (ConfUtils.java:logGet(43)) - raft.grpc.server.port = 0 (default)
2019-07-13 07:46:17,740 INFO  server.GrpcService (ConfUtils.java:logGet(43)) - raft.grpc.message.size.max = 33570816 (custom)
2019-07-13 07:46:17,740 INFO  server.RaftServerConfigKeys (ConfUtils.java:logGet(43)) - raft.server.log.appender.buffer.byte-limit = 33554432 (custom)
2019-07-13 07:46:17,740 INFO  server.GrpcService (ConfUtils.java:logGet(43)) - raft.grpc.flow.control.window = 1MB (=1048576) (default)
2019-07-13 07:46:17,741 INFO  server.RaftServerConfigKeys (ConfUtils.java:logGet(43)) - raft.server.rpc.request.timeout = 3000ms (default)
2019-07-13 07:46:17,741 INFO  server.RaftServerConfigKeys (ConfUtils.java:logGet(43)) - raft.server.storage.dir = [/tmp/workdir/hadoop-ozone/integration-test/target/test-dir/MiniOzoneClusterImpl-487749ed-5fa8-466c-a363-f34ace555a1b/datanode-5/data/ratis] (custom)
2019-07-13 07:46:17,742 INFO  replication.SimpleContainerDownloader (SimpleContainerDownloader.java:<init>(72)) - Starting container downloader service to copy containers to replicate.
2019-07-13 07:46:17,743 INFO  hdfs.DFSUtil (DFSUtil.java:httpServerTemplateForNNAndJN(1641)) - Starting Web-server for hddsDatanode at: http://0.0.0.0:0
2019-07-13 07:46:17,745 INFO  server.AuthenticationFilter (AuthenticationFilter.java:constructSecretProvider(240)) - Unable to initialize FileSignerSecretProvider, falling back to use random secrets.
2019-07-13 07:46:17,745 WARN  http.HttpRequestLog (HttpRequestLog.java:getRequestLog(97)) - Jetty request log can only be enabled using Log4j
2019-07-13 07:46:17,747 INFO  http.HttpServer2 (HttpServer2.java:addGlobalFilter(975)) - Added global filter 'safety' (class=org.apache.hadoop.http.HttpServer2$QuotingInputFilter)
2019-07-13 07:46:17,748 INFO  http.HttpServer2 (HttpServer2.java:addFilter(948)) - Added filter static_user_filter (class=org.apache.hadoop.http.lib.StaticUserWebFilter$StaticUserFilter) to context hddsDatanode
2019-07-13 07:46:17,748 INFO  http.HttpServer2 (HttpServer2.java:addFilter(958)) - Added filter static_user_filter (class=org.apache.hadoop.http.lib.StaticUserWebFilter$StaticUserFilter) to context logs
2019-07-13 07:46:17,748 INFO  http.HttpServer2 (HttpServer2.java:addFilter(958)) - Added filter static_user_filter (class=org.apache.hadoop.http.lib.StaticUserWebFilter$StaticUserFilter) to context static
2019-07-13 07:46:17,749 INFO  http.HttpServer2 (HttpServer2.java:bindListener(1191)) - Jetty bound to port 34617
2019-07-13 07:46:17,749 INFO  server.Server (Server.java:doStart(351)) - jetty-9.3.24.v20180605, build timestamp: 2018-06-05T17:11:56Z, git hash: 84205aa28f11a4f31f2a3b86d1bba2cc8ab69827
2019-07-13 07:46:17,751 INFO  handler.ContextHandler (ContextHandler.java:doStart(781)) - Started o.e.j.s.ServletContextHandler@120d6cbf{/logs,file:///tmp/workdir/hadoop-ozone/integration-test/target/log,AVAILABLE}
2019-07-13 07:46:17,752 INFO  handler.ContextHandler (ContextHandler.java:doStart(781)) - Started o.e.j.s.ServletContextHandler@1115be8c{/static,jar:file:/home/user/.m2/repository/org/apache/hadoop/hadoop-hdds-container-service/0.5.0-SNAPSHOT/hadoop-hdds-container-service-0.5.0-SNAPSHOT.jar!/webapps/static,AVAILABLE}
2019-07-13 07:46:17,787 INFO  handler.ContextHandler (ContextHandler.java:doStart(781)) - Started o.e.j.w.WebAppContext@3fe98084{/,file:///tmp/jetty-0.0.0.0-34617-hddsDatanode-_-any-2699613218061201399.dir/webapp/,AVAILABLE}{/hddsDatanode}
2019-07-13 07:46:17,787 INFO  server.AbstractConnector (AbstractConnector.java:doStart(278)) - Started ServerConnector@5f33e6d{HTTP/1.1,[http/1.1]}{0.0.0.0:34617}
2019-07-13 07:46:17,789 INFO  server.Server (Server.java:doStart(419)) - Started @47580ms
2019-07-13 07:46:17,790 INFO  server.BaseHttpServer (BaseHttpServer.java:updateConnectorAddress(207)) - HTTP server of HDDSDATANODE is listening at http://0.0.0.0:34617
2019-07-13 07:46:17,933 INFO  ozone.HddsDatanodeService (HddsDatanodeService.java:startPlugins(396)) - Started plug-in org.apache.hadoop.ozone.web.OzoneHddsDatanodeService@280d6a20
2019-07-13 07:46:17,934 INFO  impl.MetricsSystemImpl (MetricsSystemImpl.java:init(158)) - HddsDatanode metrics system started (again)
2019-07-13 07:46:17,936 INFO  ozone.HddsDatanodeService (HddsDatanodeService.java:start(185)) - HddsDatanodeService host:trunk-nightly-9lh4p-2362225927 ip:192.168.69.84
2019-07-13 07:46:17,938 INFO  util.JvmPauseMonitor (JvmPauseMonitor.java:run(188)) - Starting JVM pause monitor
2019-07-13 07:46:17,940 INFO  datanode.InitDatanodeState (InitDatanodeState.java:persistContainerDatanodeDetails(140)) - DatanodeDetails is persisted to /tmp/workdir/hadoop-ozone/integration-test/target/test-dir/MiniOzoneClusterImpl-487749ed-5fa8-466c-a363-f34ace555a1b/datanode-5/meta/datanode.id
2019-07-13 07:46:17,945 INFO  volume.HddsVolume (HddsVolume.java:<init>(176)) - Creating Volume: /tmp/workdir/hadoop-ozone/integration-test/target/test-dir/MiniOzoneClusterImpl-487749ed-5fa8-466c-a363-f34ace555a1b/datanode-6/data/containers/hdds of  storage type : DISK and capacity : 52710309888
2019-07-13 07:46:17,945 INFO  volume.VolumeSet (VolumeSet.java:initializeVolumeSet(170)) - Added Volume : /tmp/workdir/hadoop-ozone/integration-test/target/test-dir/MiniOzoneClusterImpl-487749ed-5fa8-466c-a363-f34ace555a1b/datanode-6/data/containers/hdds to VolumeSet
2019-07-13 07:46:17,945 INFO  volume.ThrottledAsyncChecker (ThrottledAsyncChecker.java:schedule(140)) - Scheduling a check for org.apache.hadoop.ozone.container.common.volume.HddsVolume@2ef913a4
2019-07-13 07:46:17,946 INFO  volume.HddsVolumeChecker (HddsVolumeChecker.java:checkAllVolumes(203)) - Scheduled health check for volume org.apache.hadoop.ozone.container.common.volume.HddsVolume@2ef913a4
2019-07-13 07:46:17,963 INFO  impl.RaftServerProxy (ConfUtils.java:logGet(43)) - raft.rpc.type = GRPC (default)
2019-07-13 07:46:17,963 INFO  grpc.GrpcFactory (GrpcFactory.java:checkPooledByteBufAllocatorUseCacheForAllThreads(45)) - PERFORMANCE WARNING: useCacheForAllThreads is true that may cause Netty to create a lot garbage objects and, as a result, trigger GC.
	It is recommended to disable useCacheForAllThreads by setting -Dorg.apache.ratis.thirdparty.io.netty.allocator.useCacheForAllThreads=false in command line.
2019-07-13 07:46:17,964 INFO  grpc.GrpcConfigKeys$Server (ConfUtils.java:logGet(43)) - raft.grpc.server.port = 0 (default)
2019-07-13 07:46:17,964 INFO  server.GrpcService (ConfUtils.java:logGet(43)) - raft.grpc.message.size.max = 33570816 (custom)
2019-07-13 07:46:17,964 INFO  server.RaftServerConfigKeys (ConfUtils.java:logGet(43)) - raft.server.log.appender.buffer.byte-limit = 33554432 (custom)
2019-07-13 07:46:17,965 INFO  server.GrpcService (ConfUtils.java:logGet(43)) - raft.grpc.flow.control.window = 1MB (=1048576) (default)
2019-07-13 07:46:17,965 INFO  server.RaftServerConfigKeys (ConfUtils.java:logGet(43)) - raft.server.rpc.request.timeout = 3000ms (default)
2019-07-13 07:46:17,966 INFO  server.RaftServerConfigKeys (ConfUtils.java:logGet(43)) - raft.server.storage.dir = [/tmp/workdir/hadoop-ozone/integration-test/target/test-dir/MiniOzoneClusterImpl-487749ed-5fa8-466c-a363-f34ace555a1b/datanode-6/data/ratis] (custom)
2019-07-13 07:46:17,966 INFO  replication.SimpleContainerDownloader (SimpleContainerDownloader.java:<init>(72)) - Starting container downloader service to copy containers to replicate.
2019-07-13 07:46:17,968 INFO  hdfs.DFSUtil (DFSUtil.java:httpServerTemplateForNNAndJN(1641)) - Starting Web-server for hddsDatanode at: http://0.0.0.0:0
2019-07-13 07:46:17,969 INFO  server.AuthenticationFilter (AuthenticationFilter.java:constructSecretProvider(240)) - Unable to initialize FileSignerSecretProvider, falling back to use random secrets.
2019-07-13 07:46:17,970 WARN  http.HttpRequestLog (HttpRequestLog.java:getRequestLog(97)) - Jetty request log can only be enabled using Log4j
2019-07-13 07:46:17,971 INFO  http.HttpServer2 (HttpServer2.java:addGlobalFilter(975)) - Added global filter 'safety' (class=org.apache.hadoop.http.HttpServer2$QuotingInputFilter)
2019-07-13 07:46:17,972 INFO  http.HttpServer2 (HttpServer2.java:addFilter(948)) - Added filter static_user_filter (class=org.apache.hadoop.http.lib.StaticUserWebFilter$StaticUserFilter) to context hddsDatanode
2019-07-13 07:46:17,972 INFO  http.HttpServer2 (HttpServer2.java:addFilter(958)) - Added filter static_user_filter (class=org.apache.hadoop.http.lib.StaticUserWebFilter$StaticUserFilter) to context logs
2019-07-13 07:46:17,972 INFO  http.HttpServer2 (HttpServer2.java:addFilter(958)) - Added filter static_user_filter (class=org.apache.hadoop.http.lib.StaticUserWebFilter$StaticUserFilter) to context static
2019-07-13 07:46:17,973 INFO  http.HttpServer2 (HttpServer2.java:bindListener(1191)) - Jetty bound to port 33080
2019-07-13 07:46:17,973 INFO  server.Server (Server.java:doStart(351)) - jetty-9.3.24.v20180605, build timestamp: 2018-06-05T17:11:56Z, git hash: 84205aa28f11a4f31f2a3b86d1bba2cc8ab69827
2019-07-13 07:46:17,975 INFO  handler.ContextHandler (ContextHandler.java:doStart(781)) - Started o.e.j.s.ServletContextHandler@7ac1b6c0{/logs,file:///tmp/workdir/hadoop-ozone/integration-test/target/log,AVAILABLE}
2019-07-13 07:46:17,976 INFO  handler.ContextHandler (ContextHandler.java:doStart(781)) - Started o.e.j.s.ServletContextHandler@7fb82f73{/static,jar:file:/home/user/.m2/repository/org/apache/hadoop/hadoop-hdds-container-service/0.5.0-SNAPSHOT/hadoop-hdds-container-service-0.5.0-SNAPSHOT.jar!/webapps/static,AVAILABLE}
2019-07-13 07:46:18,005 INFO  handler.ContextHandler (ContextHandler.java:doStart(781)) - Started o.e.j.w.WebAppContext@2b1d1a5{/,file:///tmp/jetty-0.0.0.0-33080-hddsDatanode-_-any-1205859064729962134.dir/webapp/,AVAILABLE}{/hddsDatanode}
2019-07-13 07:46:18,006 INFO  server.AbstractConnector (AbstractConnector.java:doStart(278)) - Started ServerConnector@41e7a544{HTTP/1.1,[http/1.1]}{0.0.0.0:33080}
2019-07-13 07:46:18,007 INFO  server.Server (Server.java:doStart(419)) - Started @47798ms
2019-07-13 07:46:18,009 INFO  server.BaseHttpServer (BaseHttpServer.java:updateConnectorAddress(207)) - HTTP server of HDDSDATANODE is listening at http://0.0.0.0:33080
2019-07-13 07:46:18,157 INFO  ozone.HddsDatanodeService (HddsDatanodeService.java:startPlugins(396)) - Started plug-in org.apache.hadoop.ozone.web.OzoneHddsDatanodeService@614cd187
2019-07-13 07:46:18,158 INFO  ozone.MiniOzoneClusterImpl (MiniOzoneClusterImpl.java:lambda$waitForClusterToBeReady$0(142)) - Waiting for cluster to be ready. Got 0 of 7 DN Heartbeats.
2019-07-13 07:46:18,162 INFO  util.JvmPauseMonitor (JvmPauseMonitor.java:run(188)) - Starting JVM pause monitor
2019-07-13 07:46:18,165 INFO  datanode.InitDatanodeState (InitDatanodeState.java:persistContainerDatanodeDetails(140)) - DatanodeDetails is persisted to /tmp/workdir/hadoop-ozone/integration-test/target/test-dir/MiniOzoneClusterImpl-487749ed-5fa8-466c-a363-f34ace555a1b/datanode-6/meta/datanode.id
2019-07-13 07:46:18,835 INFO  ozoneimpl.OzoneContainer (OzoneContainer.java:start(186)) - Attempting to start container services.
2019-07-13 07:46:18,838 INFO  ozoneimpl.OzoneContainer (OzoneContainer.java:startContainerScrub(160)) - Background container scrubber has been disabled by hdds.containerscrub.enabled
2019-07-13 07:46:18,838 INFO  ratis.XceiverServerRatis (XceiverServerRatis.java:start(418)) - Starting XceiverServerRatis 852a83c0-e248-4744-b21a-e29c86840c6d at port 0
2019-07-13 07:46:18,848 INFO  impl.RaftServerProxy (RaftServerProxy.java:lambda$start$3(299)) - 852a83c0-e248-4744-b21a-e29c86840c6d: start RPC server
2019-07-13 07:46:18,852 INFO  server.GrpcService (GrpcService.java:startImpl(149)) - 852a83c0-e248-4744-b21a-e29c86840c6d: GrpcService started, listening on 0.0.0.0/0.0.0.0:39915
2019-07-13 07:46:18,852 INFO  ratis.XceiverServerRatis (XceiverServerRatis.java:start(428)) - XceiverServerRatis 852a83c0-e248-4744-b21a-e29c86840c6d is started using port 39915
2019-07-13 07:46:18,856 INFO  server.XceiverServerGrpc (XceiverServerGrpc.java:start(161)) - XceiverServerGrpc 852a83c0-e248-4744-b21a-e29c86840c6d is started using port 45846
2019-07-13 07:46:19,041 INFO  ozoneimpl.OzoneContainer (OzoneContainer.java:start(186)) - Attempting to start container services.
2019-07-13 07:46:19,048 INFO  ozoneimpl.OzoneContainer (OzoneContainer.java:startContainerScrub(160)) - Background container scrubber has been disabled by hdds.containerscrub.enabled
2019-07-13 07:46:19,048 INFO  ratis.XceiverServerRatis (XceiverServerRatis.java:start(418)) - Starting XceiverServerRatis dfcdd0cd-d7f3-4c51-a25f-466e2276d529 at port 0
2019-07-13 07:46:19,058 INFO  impl.RaftServerProxy (RaftServerProxy.java:lambda$start$3(299)) - dfcdd0cd-d7f3-4c51-a25f-466e2276d529: start RPC server
2019-07-13 07:46:19,059 INFO  server.GrpcService (GrpcService.java:startImpl(149)) - dfcdd0cd-d7f3-4c51-a25f-466e2276d529: GrpcService started, listening on 0.0.0.0/0.0.0.0:44737
2019-07-13 07:46:19,059 INFO  ratis.XceiverServerRatis (XceiverServerRatis.java:start(428)) - XceiverServerRatis dfcdd0cd-d7f3-4c51-a25f-466e2276d529 is started using port 44737
2019-07-13 07:46:19,065 INFO  server.XceiverServerGrpc (XceiverServerGrpc.java:start(161)) - XceiverServerGrpc dfcdd0cd-d7f3-4c51-a25f-466e2276d529 is started using port 38573
2019-07-13 07:46:19,158 INFO  ozone.MiniOzoneClusterImpl (MiniOzoneClusterImpl.java:lambda$waitForClusterToBeReady$0(142)) - Waiting for cluster to be ready. Got 0 of 7 DN Heartbeats.
2019-07-13 07:46:19,250 INFO  ozoneimpl.OzoneContainer (OzoneContainer.java:start(186)) - Attempting to start container services.
2019-07-13 07:46:19,250 INFO  ozoneimpl.OzoneContainer (OzoneContainer.java:startContainerScrub(160)) - Background container scrubber has been disabled by hdds.containerscrub.enabled
2019-07-13 07:46:19,251 INFO  ratis.XceiverServerRatis (XceiverServerRatis.java:start(418)) - Starting XceiverServerRatis 35f792f5-4ff5-4df4-a20f-ebe4ee56e078 at port 0
2019-07-13 07:46:19,259 INFO  impl.RaftServerProxy (RaftServerProxy.java:lambda$start$3(299)) - 35f792f5-4ff5-4df4-a20f-ebe4ee56e078: start RPC server
2019-07-13 07:46:19,260 INFO  server.GrpcService (GrpcService.java:startImpl(149)) - 35f792f5-4ff5-4df4-a20f-ebe4ee56e078: GrpcService started, listening on 0.0.0.0/0.0.0.0:43295
2019-07-13 07:46:19,260 INFO  ratis.XceiverServerRatis (XceiverServerRatis.java:start(428)) - XceiverServerRatis 35f792f5-4ff5-4df4-a20f-ebe4ee56e078 is started using port 43295
2019-07-13 07:46:19,268 INFO  server.XceiverServerGrpc (XceiverServerGrpc.java:start(161)) - XceiverServerGrpc 35f792f5-4ff5-4df4-a20f-ebe4ee56e078 is started using port 40515
2019-07-13 07:46:19,431 INFO  ozoneimpl.OzoneContainer (OzoneContainer.java:start(186)) - Attempting to start container services.
2019-07-13 07:46:19,431 INFO  ozoneimpl.OzoneContainer (OzoneContainer.java:startContainerScrub(160)) - Background container scrubber has been disabled by hdds.containerscrub.enabled
2019-07-13 07:46:19,431 INFO  ratis.XceiverServerRatis (XceiverServerRatis.java:start(418)) - Starting XceiverServerRatis c98025ee-4765-40ec-be79-c1ab36f8aa48 at port 0
2019-07-13 07:46:19,440 INFO  impl.RaftServerProxy (RaftServerProxy.java:lambda$start$3(299)) - c98025ee-4765-40ec-be79-c1ab36f8aa48: start RPC server
2019-07-13 07:46:19,441 INFO  server.GrpcService (GrpcService.java:startImpl(149)) - c98025ee-4765-40ec-be79-c1ab36f8aa48: GrpcService started, listening on 0.0.0.0/0.0.0.0:41016
2019-07-13 07:46:19,441 INFO  ratis.XceiverServerRatis (XceiverServerRatis.java:start(428)) - XceiverServerRatis c98025ee-4765-40ec-be79-c1ab36f8aa48 is started using port 41016
2019-07-13 07:46:19,442 INFO  server.XceiverServerGrpc (XceiverServerGrpc.java:start(161)) - XceiverServerGrpc c98025ee-4765-40ec-be79-c1ab36f8aa48 is started using port 38252
2019-07-13 07:46:19,725 INFO  ozoneimpl.OzoneContainer (OzoneContainer.java:start(186)) - Attempting to start container services.
2019-07-13 07:46:19,725 INFO  ozoneimpl.OzoneContainer (OzoneContainer.java:startContainerScrub(160)) - Background container scrubber has been disabled by hdds.containerscrub.enabled
2019-07-13 07:46:19,726 INFO  ratis.XceiverServerRatis (XceiverServerRatis.java:start(418)) - Starting XceiverServerRatis 725945e1-f11d-4591-9c35-bca7a7bb12b1 at port 0
2019-07-13 07:46:19,734 INFO  impl.RaftServerProxy (RaftServerProxy.java:lambda$start$3(299)) - 725945e1-f11d-4591-9c35-bca7a7bb12b1: start RPC server
2019-07-13 07:46:19,738 INFO  server.GrpcService (GrpcService.java:startImpl(149)) - 725945e1-f11d-4591-9c35-bca7a7bb12b1: GrpcService started, listening on 0.0.0.0/0.0.0.0:44805
2019-07-13 07:46:19,738 INFO  ratis.XceiverServerRatis (XceiverServerRatis.java:start(428)) - XceiverServerRatis 725945e1-f11d-4591-9c35-bca7a7bb12b1 is started using port 44805
2019-07-13 07:46:19,740 INFO  server.XceiverServerGrpc (XceiverServerGrpc.java:start(161)) - XceiverServerGrpc 725945e1-f11d-4591-9c35-bca7a7bb12b1 is started using port 46349
2019-07-13 07:46:19,952 INFO  ozoneimpl.OzoneContainer (OzoneContainer.java:start(186)) - Attempting to start container services.
2019-07-13 07:46:19,952 INFO  ozoneimpl.OzoneContainer (OzoneContainer.java:startContainerScrub(160)) - Background container scrubber has been disabled by hdds.containerscrub.enabled
2019-07-13 07:46:19,952 INFO  ratis.XceiverServerRatis (XceiverServerRatis.java:start(418)) - Starting XceiverServerRatis 31cc92b9-dce5-4312-afa8-f8fbf4207340 at port 0
2019-07-13 07:46:19,961 INFO  impl.RaftServerProxy (RaftServerProxy.java:lambda$start$3(299)) - 31cc92b9-dce5-4312-afa8-f8fbf4207340: start RPC server
2019-07-13 07:46:19,964 INFO  server.GrpcService (GrpcService.java:startImpl(149)) - 31cc92b9-dce5-4312-afa8-f8fbf4207340: GrpcService started, listening on 0.0.0.0/0.0.0.0:46028
2019-07-13 07:46:19,964 INFO  ratis.XceiverServerRatis (XceiverServerRatis.java:start(428)) - XceiverServerRatis 31cc92b9-dce5-4312-afa8-f8fbf4207340 is started using port 46028
2019-07-13 07:46:19,965 INFO  server.XceiverServerGrpc (XceiverServerGrpc.java:start(161)) - XceiverServerGrpc 31cc92b9-dce5-4312-afa8-f8fbf4207340 is started using port 39179
2019-07-13 07:46:20,159 INFO  ozone.MiniOzoneClusterImpl (MiniOzoneClusterImpl.java:lambda$waitForClusterToBeReady$0(142)) - Waiting for cluster to be ready. Got 0 of 7 DN Heartbeats.
2019-07-13 07:46:20,188 INFO  ozoneimpl.OzoneContainer (OzoneContainer.java:start(186)) - Attempting to start container services.
2019-07-13 07:46:20,188 INFO  ozoneimpl.OzoneContainer (OzoneContainer.java:startContainerScrub(160)) - Background container scrubber has been disabled by hdds.containerscrub.enabled
2019-07-13 07:46:20,189 INFO  ratis.XceiverServerRatis (XceiverServerRatis.java:start(418)) - Starting XceiverServerRatis aad43ef4-f334-4a1c-8f5d-01764ba3cf0f at port 0
2019-07-13 07:46:20,198 INFO  impl.RaftServerProxy (RaftServerProxy.java:lambda$start$3(299)) - aad43ef4-f334-4a1c-8f5d-01764ba3cf0f: start RPC server
2019-07-13 07:46:20,201 INFO  server.GrpcService (GrpcService.java:startImpl(149)) - aad43ef4-f334-4a1c-8f5d-01764ba3cf0f: GrpcService started, listening on 0.0.0.0/0.0.0.0:45925
2019-07-13 07:46:20,201 INFO  ratis.XceiverServerRatis (XceiverServerRatis.java:start(428)) - XceiverServerRatis aad43ef4-f334-4a1c-8f5d-01764ba3cf0f is started using port 45925
2019-07-13 07:46:20,204 INFO  server.XceiverServerGrpc (XceiverServerGrpc.java:start(161)) - XceiverServerGrpc aad43ef4-f334-4a1c-8f5d-01764ba3cf0f is started using port 44257
2019-07-13 07:46:20,814 INFO  net.NetworkTopology (NetworkTopologyImpl.java:add(110)) - Added a new node: /default-rack/192.168.69.84
2019-07-13 07:46:20,817 INFO  node.SCMNodeManager (SCMNodeManager.java:register(269)) - Registered Data node : 852a83c0-e248-4744-b21a-e29c86840c6d{ip: 192.168.69.84, host: trunk-nightly-9lh4p-2362225927, networkLocation: /default-rack, certSerialId: null}
2019-07-13 07:46:20,819 INFO  safemode.SCMSafeModeManager (DataNodeSafeModeRule.java:process(71)) - SCM in safe mode. 1 DataNodes registered, 1 required.
2019-07-13 07:46:20,821 INFO  safemode.SCMSafeModeManager (SCMSafeModeManager.java:validateSafeModeExitRules(177)) - ScmSafeModeManager, all rules are successfully validated
2019-07-13 07:46:20,822 INFO  safemode.SCMSafeModeManager (SCMSafeModeManager.java:exitSafeMode(193)) - SCM exiting safe mode.
2019-07-13 07:46:20,838 INFO  impl.RaftServerProxy (RaftServerProxy.java:addNew(89)) - 852a83c0-e248-4744-b21a-e29c86840c6d: addNew group-60D53A29954B:[852a83c0-e248-4744-b21a-e29c86840c6d:192.168.69.84:39915] returns group-60D53A29954B:java.util.concurrent.CompletableFuture@21c41831[Not completed]
2019-07-13 07:46:20,840 INFO  impl.RaftServerImpl (RaftServerImpl.java:<init>(93)) - 852a83c0-e248-4744-b21a-e29c86840c6d: new RaftServerImpl for group-60D53A29954B:[852a83c0-e248-4744-b21a-e29c86840c6d:192.168.69.84:39915] with ContainerStateMachine:uninitialized
2019-07-13 07:46:20,840 INFO  server.RaftServerConfigKeys (ConfUtils.java:logGet(43)) - raft.server.rpc.timeout.min = 5s (custom)
2019-07-13 07:46:20,840 INFO  server.RaftServerConfigKeys (ConfUtils.java:logGet(43)) - raft.server.rpc.timeout.max = 5200ms (custom)
2019-07-13 07:46:20,840 INFO  server.RaftServerConfigKeys (ConfUtils.java:logGet(43)) - raft.server.rpcslowness.timeout = 120s (custom)
2019-07-13 07:46:20,841 INFO  server.RaftServerConfigKeys (ConfUtils.java:logGet(43)) - raft.server.sleep.deviation.threshold = 300 (default)
2019-07-13 07:46:20,841 INFO  server.RaftServerConfigKeys (ConfUtils.java:logGet(43)) - raft.server.log.appender.install.snapshot.enabled = false (custom)
2019-07-13 07:46:20,841 INFO  impl.RaftServerImpl (ServerState.java:<init>(105)) - 852a83c0-e248-4744-b21a-e29c86840c6d:group-60D53A29954B ConfigurationManager, init=-1: [852a83c0-e248-4744-b21a-e29c86840c6d:192.168.69.84:39915], old=null, confs=<EMPTY_MAP>
2019-07-13 07:46:20,841 INFO  server.RaftServerConfigKeys (ConfUtils.java:logGet(43)) - raft.server.storage.dir = [/tmp/workdir/hadoop-ozone/integration-test/target/test-dir/MiniOzoneClusterImpl-487749ed-5fa8-466c-a363-f34ace555a1b/datanode-0/data/ratis] (custom)
2019-07-13 07:46:20,842 INFO  storage.RaftStorageDirectory (RaftStorageDirectory.java:analyzeStorage(246)) - The storage directory /tmp/workdir/hadoop-ozone/integration-test/target/test-dir/MiniOzoneClusterImpl-487749ed-5fa8-466c-a363-f34ace555a1b/datanode-0/data/ratis/f8f3c935-b0de-4051-8547-60d53a29954b does not exist. Creating ...
2019-07-13 07:46:20,869 INFO  storage.RaftStorageDirectory (RaftStorageDirectory.java:tryLock(328)) - Lock on /tmp/workdir/hadoop-ozone/integration-test/target/test-dir/MiniOzoneClusterImpl-487749ed-5fa8-466c-a363-f34ace555a1b/datanode-0/data/ratis/f8f3c935-b0de-4051-8547-60d53a29954b/in_use.lock acquired by nodename 17101@trunk-nightly-9lh4p-2362225927
2019-07-13 07:46:20,884 INFO  storage.RaftStorage (RaftStorage.java:format(72)) - Storage directory /tmp/workdir/hadoop-ozone/integration-test/target/test-dir/MiniOzoneClusterImpl-487749ed-5fa8-466c-a363-f34ace555a1b/datanode-0/data/ratis/f8f3c935-b0de-4051-8547-60d53a29954b has been successfully formatted.
2019-07-13 07:46:20,885 INFO  ratis.ContainerStateMachine (ContainerStateMachine.java:loadSnapshot(200)) - The snapshot info is null.Setting the last applied index to:(t:0, i:~)
2019-07-13 07:46:20,885 INFO  server.RaftServerConfigKeys (ConfUtils.java:logGet(43)) - raft.server.leader.election.timeout = 120s (custom)
2019-07-13 07:46:20,885 INFO  server.RaftServerConfigKeys (ConfUtils.java:logGet(43)) - raft.server.log.use.memory = false (default)
2019-07-13 07:46:20,885 INFO  server.RaftServerConfigKeys (ConfUtils.java:logGet(43)) - raft.server.log.purge.gap = 1000000000 (custom)
2019-07-13 07:46:20,886 INFO  server.RaftServerConfigKeys (ConfUtils.java:logGet(43)) - raft.server.log.appender.buffer.byte-limit = 33554432 (custom)
2019-07-13 07:46:20,886 INFO  server.RaftServerConfigKeys (ConfUtils.java:logGet(43)) - raft.server.log.segment.size.max = 1048576 (custom)
2019-07-13 07:46:20,886 INFO  server.RaftServerConfigKeys (ConfUtils.java:logGet(43)) - raft.server.log.segment.cache.num.max = 2 (custom)
2019-07-13 07:46:20,886 INFO  segmented.SegmentedRaftLogWorker (SegmentedRaftLogWorker.java:<init>(172)) - new 852a83c0-e248-4744-b21a-e29c86840c6d-SegmentedRaftLogWorker:Storage Directory /tmp/workdir/hadoop-ozone/integration-test/target/test-dir/MiniOzoneClusterImpl-487749ed-5fa8-466c-a363-f34ace555a1b/datanode-0/data/ratis/f8f3c935-b0de-4051-8547-60d53a29954b for RaftStorage:Storage Directory /tmp/workdir/hadoop-ozone/integration-test/target/test-dir/MiniOzoneClusterImpl-487749ed-5fa8-466c-a363-f34ace555a1b/datanode-0/data/ratis/f8f3c935-b0de-4051-8547-60d53a29954b
2019-07-13 07:46:20,886 INFO  server.RaftServerConfigKeys (ConfUtils.java:logGet(43)) - raft.server.log.queue.byte-limit = 2147483647 (custom)
2019-07-13 07:46:20,887 INFO  server.RaftServerConfigKeys (ConfUtils.java:logGet(43)) - raft.server.log.queue.element-limit = 1024 (custom)
2019-07-13 07:46:20,887 INFO  server.RaftServerConfigKeys (ConfUtils.java:logGet(43)) - raft.server.log.segment.size.max = 1048576 (custom)
2019-07-13 07:46:20,887 INFO  server.RaftServerConfigKeys (ConfUtils.java:logGet(43)) - raft.server.log.preallocated.size = 16384 (custom)
2019-07-13 07:46:20,887 INFO  server.RaftServerConfigKeys (ConfUtils.java:logGet(43)) - raft.server.log.write.buffer.size = 33554432 (custom)
2019-07-13 07:46:20,888 INFO  server.RaftServerConfigKeys (ConfUtils.java:logGet(43)) - raft.server.log.force.sync.num = 128 (default)
2019-07-13 07:46:20,888 INFO  server.RaftServerConfigKeys (ConfUtils.java:logGet(43)) - raft.server.log.statemachine.data.sync = true (default)
2019-07-13 07:46:20,888 INFO  server.RaftServerConfigKeys (ConfUtils.java:logGet(43)) - raft.server.log.statemachine.data.sync.timeout = 10s (default)
2019-07-13 07:46:20,888 INFO  server.RaftServerConfigKeys (ConfUtils.java:logGet(43)) - raft.server.log.statemachine.data.sync.timeout.retry = -1 (default)
2019-07-13 07:46:20,889 INFO  server.RaftServerConfigKeys (ConfUtils.java:logGet(43)) - raft.server.log.statemachine.data.caching.enabled = true (custom)
2019-07-13 07:46:20,889 INFO  segmented.SegmentedRaftLogWorker (SegmentedRaftLogWorker.java:lambda$new$0(132)) - 852a83c0-e248-4744-b21a-e29c86840c6d-SegmentedRaftLogWorker:Storage Directory /tmp/workdir/hadoop-ozone/integration-test/target/test-dir/MiniOzoneClusterImpl-487749ed-5fa8-466c-a363-f34ace555a1b/datanode-0/data/ratis/f8f3c935-b0de-4051-8547-60d53a29954b: flushIndex: setUnconditionally 0 -> -1
2019-07-13 07:46:20,889 INFO  server.RaftServerConfigKeys (ConfUtils.java:logGet(43)) - raft.server.snapshot.auto.trigger.enabled = true (custom)
2019-07-13 07:46:20,890 INFO  server.RaftServerConfigKeys (ConfUtils.java:logGet(43)) - raft.server.snapshot.auto.trigger.threshold = 10000 (custom)
2019-07-13 07:46:20,890 INFO  server.RaftServerConfigKeys (ConfUtils.java:logGet(43)) - raft.server.retrycache.expirytime = 600000ms (custom)
2019-07-13 07:46:20,890 INFO  impl.RaftServerImpl (RaftServerImpl.java:start(180)) - 852a83c0-e248-4744-b21a-e29c86840c6d: start group-60D53A29954B
2019-07-13 07:46:20,890 INFO  impl.RaftServerImpl (RaftServerImpl.java:setRole(171)) - 852a83c0-e248-4744-b21a-e29c86840c6d:group-60D53A29954B changes role from null to FOLLOWER at term 0 for startAsFollower
2019-07-13 07:46:20,890 INFO  impl.RoleInfo (RoleInfo.java:updateAndGet(143)) - 852a83c0-e248-4744-b21a-e29c86840c6d: start FollowerState
2019-07-13 07:46:20,892 INFO  util.JmxRegister (JmxRegister.java:tryRegister(44)) - Successfully registered JMX Bean with object name Ratis:service=RaftServer,group=group-60D53A29954B,id=852a83c0-e248-4744-b21a-e29c86840c6d
2019-07-13 07:46:20,897 INFO  pipeline.PipelineStateManager (PipelineStateManager.java:addPipeline(56)) - Created pipeline Pipeline[ Id: f8f3c935-b0de-4051-8547-60d53a29954b, Nodes: 852a83c0-e248-4744-b21a-e29c86840c6d{ip: 192.168.69.84, host: trunk-nightly-9lh4p-2362225927, networkLocation: /default-rack, certSerialId: null}, Type:RATIS, Factor:ONE, State:OPEN]
2019-07-13 07:46:21,024 INFO  node.SCMNodeManager (SCMNodeManager.java:register(269)) - Registered Data node : dfcdd0cd-d7f3-4c51-a25f-466e2276d529{ip: 192.168.69.84, host: trunk-nightly-9lh4p-2362225927, networkLocation: /default-rack, certSerialId: null}
2019-07-13 07:46:21,034 INFO  impl.RaftServerProxy (RaftServerProxy.java:addNew(89)) - dfcdd0cd-d7f3-4c51-a25f-466e2276d529: addNew group-0B95D25122F9:[dfcdd0cd-d7f3-4c51-a25f-466e2276d529:192.168.69.84:44737] returns group-0B95D25122F9:java.util.concurrent.CompletableFuture@5748d11f[Not completed]
2019-07-13 07:46:21,036 INFO  impl.RaftServerImpl (RaftServerImpl.java:<init>(93)) - dfcdd0cd-d7f3-4c51-a25f-466e2276d529: new RaftServerImpl for group-0B95D25122F9:[dfcdd0cd-d7f3-4c51-a25f-466e2276d529:192.168.69.84:44737] with ContainerStateMachine:uninitialized
2019-07-13 07:46:21,036 INFO  server.RaftServerConfigKeys (ConfUtils.java:logGet(43)) - raft.server.rpc.timeout.min = 5s (custom)
2019-07-13 07:46:21,037 INFO  server.RaftServerConfigKeys (ConfUtils.java:logGet(43)) - raft.server.rpc.timeout.max = 5200ms (custom)
2019-07-13 07:46:21,037 INFO  server.RaftServerConfigKeys (ConfUtils.java:logGet(43)) - raft.server.rpcslowness.timeout = 120s (custom)
2019-07-13 07:46:21,037 INFO  server.RaftServerConfigKeys (ConfUtils.java:logGet(43)) - raft.server.sleep.deviation.threshold = 300 (default)
2019-07-13 07:46:21,037 INFO  server.RaftServerConfigKeys (ConfUtils.java:logGet(43)) - raft.server.log.appender.install.snapshot.enabled = false (custom)
2019-07-13 07:46:21,037 INFO  impl.RaftServerImpl (ServerState.java:<init>(105)) - dfcdd0cd-d7f3-4c51-a25f-466e2276d529:group-0B95D25122F9 ConfigurationManager, init=-1: [dfcdd0cd-d7f3-4c51-a25f-466e2276d529:192.168.69.84:44737], old=null, confs=<EMPTY_MAP>
2019-07-13 07:46:21,038 INFO  server.RaftServerConfigKeys (ConfUtils.java:logGet(43)) - raft.server.storage.dir = [/tmp/workdir/hadoop-ozone/integration-test/target/test-dir/MiniOzoneClusterImpl-487749ed-5fa8-466c-a363-f34ace555a1b/datanode-1/data/ratis] (custom)
2019-07-13 07:46:21,038 INFO  storage.RaftStorageDirectory (RaftStorageDirectory.java:analyzeStorage(246)) - The storage directory /tmp/workdir/hadoop-ozone/integration-test/target/test-dir/MiniOzoneClusterImpl-487749ed-5fa8-466c-a363-f34ace555a1b/datanode-1/data/ratis/73ed13b6-d654-451a-bcae-0b95d25122f9 does not exist. Creating ...
2019-07-13 07:46:21,063 INFO  storage.RaftStorageDirectory (RaftStorageDirectory.java:tryLock(328)) - Lock on /tmp/workdir/hadoop-ozone/integration-test/target/test-dir/MiniOzoneClusterImpl-487749ed-5fa8-466c-a363-f34ace555a1b/datanode-1/data/ratis/73ed13b6-d654-451a-bcae-0b95d25122f9/in_use.lock acquired by nodename 17101@trunk-nightly-9lh4p-2362225927
2019-07-13 07:46:21,076 INFO  storage.RaftStorage (RaftStorage.java:format(72)) - Storage directory /tmp/workdir/hadoop-ozone/integration-test/target/test-dir/MiniOzoneClusterImpl-487749ed-5fa8-466c-a363-f34ace555a1b/datanode-1/data/ratis/73ed13b6-d654-451a-bcae-0b95d25122f9 has been successfully formatted.
2019-07-13 07:46:21,077 INFO  ratis.ContainerStateMachine (ContainerStateMachine.java:loadSnapshot(200)) - The snapshot info is null.Setting the last applied index to:(t:0, i:~)
2019-07-13 07:46:21,077 INFO  server.RaftServerConfigKeys (ConfUtils.java:logGet(43)) - raft.server.leader.election.timeout = 120s (custom)
2019-07-13 07:46:21,077 INFO  server.RaftServerConfigKeys (ConfUtils.java:logGet(43)) - raft.server.log.use.memory = false (default)
2019-07-13 07:46:21,077 INFO  server.RaftServerConfigKeys (ConfUtils.java:logGet(43)) - raft.server.log.purge.gap = 1000000000 (custom)
2019-07-13 07:46:21,077 INFO  server.RaftServerConfigKeys (ConfUtils.java:logGet(43)) - raft.server.log.appender.buffer.byte-limit = 33554432 (custom)
2019-07-13 07:46:21,078 INFO  server.RaftServerConfigKeys (ConfUtils.java:logGet(43)) - raft.server.log.segment.size.max = 1048576 (custom)
2019-07-13 07:46:21,078 INFO  server.RaftServerConfigKeys (ConfUtils.java:logGet(43)) - raft.server.log.segment.cache.num.max = 2 (custom)
2019-07-13 07:46:21,078 INFO  segmented.SegmentedRaftLogWorker (SegmentedRaftLogWorker.java:<init>(172)) - new dfcdd0cd-d7f3-4c51-a25f-466e2276d529-SegmentedRaftLogWorker:Storage Directory /tmp/workdir/hadoop-ozone/integration-test/target/test-dir/MiniOzoneClusterImpl-487749ed-5fa8-466c-a363-f34ace555a1b/datanode-1/data/ratis/73ed13b6-d654-451a-bcae-0b95d25122f9 for RaftStorage:Storage Directory /tmp/workdir/hadoop-ozone/integration-test/target/test-dir/MiniOzoneClusterImpl-487749ed-5fa8-466c-a363-f34ace555a1b/datanode-1/data/ratis/73ed13b6-d654-451a-bcae-0b95d25122f9
2019-07-13 07:46:21,078 INFO  server.RaftServerConfigKeys (ConfUtils.java:logGet(43)) - raft.server.log.queue.byte-limit = 2147483647 (custom)
2019-07-13 07:46:21,078 INFO  server.RaftServerConfigKeys (ConfUtils.java:logGet(43)) - raft.server.log.queue.element-limit = 1024 (custom)
2019-07-13 07:46:21,079 INFO  server.RaftServerConfigKeys (ConfUtils.java:logGet(43)) - raft.server.log.segment.size.max = 1048576 (custom)
2019-07-13 07:46:21,079 INFO  server.RaftServerConfigKeys (ConfUtils.java:logGet(43)) - raft.server.log.preallocated.size = 16384 (custom)
2019-07-13 07:46:21,079 INFO  server.RaftServerConfigKeys (ConfUtils.java:logGet(43)) - raft.server.log.write.buffer.size = 33554432 (custom)
2019-07-13 07:46:21,079 INFO  server.RaftServerConfigKeys (ConfUtils.java:logGet(43)) - raft.server.log.force.sync.num = 128 (default)
2019-07-13 07:46:21,079 INFO  server.RaftServerConfigKeys (ConfUtils.java:logGet(43)) - raft.server.log.statemachine.data.sync = true (default)
2019-07-13 07:46:21,080 INFO  server.RaftServerConfigKeys (ConfUtils.java:logGet(43)) - raft.server.log.statemachine.data.sync.timeout = 10s (default)
2019-07-13 07:46:21,080 INFO  server.RaftServerConfigKeys (ConfUtils.java:logGet(43)) - raft.server.log.statemachine.data.sync.timeout.retry = -1 (default)
2019-07-13 07:46:21,080 INFO  server.RaftServerConfigKeys (ConfUtils.java:logGet(43)) - raft.server.log.statemachine.data.caching.enabled = true (custom)
2019-07-13 07:46:21,081 INFO  segmented.SegmentedRaftLogWorker (SegmentedRaftLogWorker.java:lambda$new$0(132)) - dfcdd0cd-d7f3-4c51-a25f-466e2276d529-SegmentedRaftLogWorker:Storage Directory /tmp/workdir/hadoop-ozone/integration-test/target/test-dir/MiniOzoneClusterImpl-487749ed-5fa8-466c-a363-f34ace555a1b/datanode-1/data/ratis/73ed13b6-d654-451a-bcae-0b95d25122f9: flushIndex: setUnconditionally 0 -> -1
2019-07-13 07:46:21,081 INFO  server.RaftServerConfigKeys (ConfUtils.java:logGet(43)) - raft.server.snapshot.auto.trigger.enabled = true (custom)
2019-07-13 07:46:21,081 INFO  server.RaftServerConfigKeys (ConfUtils.java:logGet(43)) - raft.server.snapshot.auto.trigger.threshold = 10000 (custom)
2019-07-13 07:46:21,081 INFO  server.RaftServerConfigKeys (ConfUtils.java:logGet(43)) - raft.server.retrycache.expirytime = 600000ms (custom)
2019-07-13 07:46:21,082 INFO  impl.RaftServerImpl (RaftServerImpl.java:start(180)) - dfcdd0cd-d7f3-4c51-a25f-466e2276d529: start group-0B95D25122F9
2019-07-13 07:46:21,082 INFO  impl.RaftServerImpl (RaftServerImpl.java:setRole(171)) - dfcdd0cd-d7f3-4c51-a25f-466e2276d529:group-0B95D25122F9 changes role from null to FOLLOWER at term 0 for startAsFollower
2019-07-13 07:46:21,082 INFO  impl.RoleInfo (RoleInfo.java:updateAndGet(143)) - dfcdd0cd-d7f3-4c51-a25f-466e2276d529: start FollowerState
2019-07-13 07:46:21,083 INFO  util.JmxRegister (JmxRegister.java:tryRegister(44)) - Successfully registered JMX Bean with object name Ratis:service=RaftServer,group=group-0B95D25122F9,id=dfcdd0cd-d7f3-4c51-a25f-466e2276d529
2019-07-13 07:46:21,086 INFO  pipeline.PipelineStateManager (PipelineStateManager.java:addPipeline(56)) - Created pipeline Pipeline[ Id: 73ed13b6-d654-451a-bcae-0b95d25122f9, Nodes: dfcdd0cd-d7f3-4c51-a25f-466e2276d529{ip: 192.168.69.84, host: trunk-nightly-9lh4p-2362225927, networkLocation: /default-rack, certSerialId: null}, Type:RATIS, Factor:ONE, State:OPEN]
2019-07-13 07:46:21,159 INFO  ozone.MiniOzoneClusterImpl (MiniOzoneClusterImpl.java:lambda$waitForClusterToBeReady$0(142)) - Waiting for cluster to be ready. Got 2 of 7 DN Heartbeats.
2019-07-13 07:46:21,236 INFO  node.SCMNodeManager (SCMNodeManager.java:register(269)) - Registered Data node : 35f792f5-4ff5-4df4-a20f-ebe4ee56e078{ip: 192.168.69.84, host: trunk-nightly-9lh4p-2362225927, networkLocation: /default-rack, certSerialId: null}
2019-07-13 07:46:21,246 INFO  impl.RaftServerProxy (RaftServerProxy.java:addNew(89)) - 35f792f5-4ff5-4df4-a20f-ebe4ee56e078: addNew group-CD5B2CE5B143:[35f792f5-4ff5-4df4-a20f-ebe4ee56e078:192.168.69.84:43295] returns group-CD5B2CE5B143:java.util.concurrent.CompletableFuture@42579b92[Not completed]
2019-07-13 07:46:21,247 INFO  impl.RaftServerImpl (RaftServerImpl.java:<init>(93)) - 35f792f5-4ff5-4df4-a20f-ebe4ee56e078: new RaftServerImpl for group-CD5B2CE5B143:[35f792f5-4ff5-4df4-a20f-ebe4ee56e078:192.168.69.84:43295] with ContainerStateMachine:uninitialized
2019-07-13 07:46:21,248 INFO  server.RaftServerConfigKeys (ConfUtils.java:logGet(43)) - raft.server.rpc.timeout.min = 5s (custom)
2019-07-13 07:46:21,248 INFO  server.RaftServerConfigKeys (ConfUtils.java:logGet(43)) - raft.server.rpc.timeout.max = 5200ms (custom)
2019-07-13 07:46:21,248 INFO  server.RaftServerConfigKeys (ConfUtils.java:logGet(43)) - raft.server.rpcslowness.timeout = 120s (custom)
2019-07-13 07:46:21,248 INFO  server.RaftServerConfigKeys (ConfUtils.java:logGet(43)) - raft.server.sleep.deviation.threshold = 300 (default)
2019-07-13 07:46:21,248 INFO  server.RaftServerConfigKeys (ConfUtils.java:logGet(43)) - raft.server.log.appender.install.snapshot.enabled = false (custom)
2019-07-13 07:46:21,248 INFO  impl.RaftServerImpl (ServerState.java:<init>(105)) - 35f792f5-4ff5-4df4-a20f-ebe4ee56e078:group-CD5B2CE5B143 ConfigurationManager, init=-1: [35f792f5-4ff5-4df4-a20f-ebe4ee56e078:192.168.69.84:43295], old=null, confs=<EMPTY_MAP>
2019-07-13 07:46:21,249 INFO  server.RaftServerConfigKeys (ConfUtils.java:logGet(43)) - raft.server.storage.dir = [/tmp/workdir/hadoop-ozone/integration-test/target/test-dir/MiniOzoneClusterImpl-487749ed-5fa8-466c-a363-f34ace555a1b/datanode-2/data/ratis] (custom)
2019-07-13 07:46:21,249 INFO  storage.RaftStorageDirectory (RaftStorageDirectory.java:analyzeStorage(246)) - The storage directory /tmp/workdir/hadoop-ozone/integration-test/target/test-dir/MiniOzoneClusterImpl-487749ed-5fa8-466c-a363-f34ace555a1b/datanode-2/data/ratis/88a4b06e-6ab8-4dfb-bc65-cd5b2ce5b143 does not exist. Creating ...
2019-07-13 07:46:21,263 INFO  storage.RaftStorageDirectory (RaftStorageDirectory.java:tryLock(328)) - Lock on /tmp/workdir/hadoop-ozone/integration-test/target/test-dir/MiniOzoneClusterImpl-487749ed-5fa8-466c-a363-f34ace555a1b/datanode-2/data/ratis/88a4b06e-6ab8-4dfb-bc65-cd5b2ce5b143/in_use.lock acquired by nodename 17101@trunk-nightly-9lh4p-2362225927
2019-07-13 07:46:21,275 INFO  storage.RaftStorage (RaftStorage.java:format(72)) - Storage directory /tmp/workdir/hadoop-ozone/integration-test/target/test-dir/MiniOzoneClusterImpl-487749ed-5fa8-466c-a363-f34ace555a1b/datanode-2/data/ratis/88a4b06e-6ab8-4dfb-bc65-cd5b2ce5b143 has been successfully formatted.
2019-07-13 07:46:21,276 INFO  ratis.ContainerStateMachine (ContainerStateMachine.java:loadSnapshot(200)) - The snapshot info is null.Setting the last applied index to:(t:0, i:~)
2019-07-13 07:46:21,276 INFO  server.RaftServerConfigKeys (ConfUtils.java:logGet(43)) - raft.server.leader.election.timeout = 120s (custom)
2019-07-13 07:46:21,276 INFO  server.RaftServerConfigKeys (ConfUtils.java:logGet(43)) - raft.server.log.use.memory = false (default)
2019-07-13 07:46:21,276 INFO  server.RaftServerConfigKeys (ConfUtils.java:logGet(43)) - raft.server.log.purge.gap = 1000000000 (custom)
2019-07-13 07:46:21,276 INFO  server.RaftServerConfigKeys (ConfUtils.java:logGet(43)) - raft.server.log.appender.buffer.byte-limit = 33554432 (custom)
2019-07-13 07:46:21,276 INFO  server.RaftServerConfigKeys (ConfUtils.java:logGet(43)) - raft.server.log.segment.size.max = 1048576 (custom)
2019-07-13 07:46:21,277 INFO  server.RaftServerConfigKeys (ConfUtils.java:logGet(43)) - raft.server.log.segment.cache.num.max = 2 (custom)
2019-07-13 07:46:21,277 INFO  segmented.SegmentedRaftLogWorker (SegmentedRaftLogWorker.java:<init>(172)) - new 35f792f5-4ff5-4df4-a20f-ebe4ee56e078-SegmentedRaftLogWorker:Storage Directory /tmp/workdir/hadoop-ozone/integration-test/target/test-dir/MiniOzoneClusterImpl-487749ed-5fa8-466c-a363-f34ace555a1b/datanode-2/data/ratis/88a4b06e-6ab8-4dfb-bc65-cd5b2ce5b143 for RaftStorage:Storage Directory /tmp/workdir/hadoop-ozone/integration-test/target/test-dir/MiniOzoneClusterImpl-487749ed-5fa8-466c-a363-f34ace555a1b/datanode-2/data/ratis/88a4b06e-6ab8-4dfb-bc65-cd5b2ce5b143
2019-07-13 07:46:21,277 INFO  server.RaftServerConfigKeys (ConfUtils.java:logGet(43)) - raft.server.log.queue.byte-limit = 2147483647 (custom)
2019-07-13 07:46:21,277 INFO  server.RaftServerConfigKeys (ConfUtils.java:logGet(43)) - raft.server.log.queue.element-limit = 1024 (custom)
2019-07-13 07:46:21,277 INFO  server.RaftServerConfigKeys (ConfUtils.java:logGet(43)) - raft.server.log.segment.size.max = 1048576 (custom)
2019-07-13 07:46:21,278 INFO  server.RaftServerConfigKeys (ConfUtils.java:logGet(43)) - raft.server.log.preallocated.size = 16384 (custom)
2019-07-13 07:46:21,278 INFO  server.RaftServerConfigKeys (ConfUtils.java:logGet(43)) - raft.server.log.write.buffer.size = 33554432 (custom)
2019-07-13 07:46:21,278 INFO  server.RaftServerConfigKeys (ConfUtils.java:logGet(43)) - raft.server.log.force.sync.num = 128 (default)
2019-07-13 07:46:21,278 INFO  server.RaftServerConfigKeys (ConfUtils.java:logGet(43)) - raft.server.log.statemachine.data.sync = true (default)
2019-07-13 07:46:21,278 INFO  server.RaftServerConfigKeys (ConfUtils.java:logGet(43)) - raft.server.log.statemachine.data.sync.timeout = 10s (default)
2019-07-13 07:46:21,278 INFO  server.RaftServerConfigKeys (ConfUtils.java:logGet(43)) - raft.server.log.statemachine.data.sync.timeout.retry = -1 (default)
2019-07-13 07:46:21,279 INFO  server.RaftServerConfigKeys (ConfUtils.java:logGet(43)) - raft.server.log.statemachine.data.caching.enabled = true (custom)
2019-07-13 07:46:21,279 INFO  segmented.SegmentedRaftLogWorker (SegmentedRaftLogWorker.java:lambda$new$0(132)) - 35f792f5-4ff5-4df4-a20f-ebe4ee56e078-SegmentedRaftLogWorker:Storage Directory /tmp/workdir/hadoop-ozone/integration-test/target/test-dir/MiniOzoneClusterImpl-487749ed-5fa8-466c-a363-f34ace555a1b/datanode-2/data/ratis/88a4b06e-6ab8-4dfb-bc65-cd5b2ce5b143: flushIndex: setUnconditionally 0 -> -1
2019-07-13 07:46:21,280 INFO  server.RaftServerConfigKeys (ConfUtils.java:logGet(43)) - raft.server.snapshot.auto.trigger.enabled = true (custom)
2019-07-13 07:46:21,280 INFO  server.RaftServerConfigKeys (ConfUtils.java:logGet(43)) - raft.server.snapshot.auto.trigger.threshold = 10000 (custom)
2019-07-13 07:46:21,280 INFO  server.RaftServerConfigKeys (ConfUtils.java:logGet(43)) - raft.server.retrycache.expirytime = 600000ms (custom)
2019-07-13 07:46:21,280 INFO  impl.RaftServerImpl (RaftServerImpl.java:start(180)) - 35f792f5-4ff5-4df4-a20f-ebe4ee56e078: start group-CD5B2CE5B143
2019-07-13 07:46:21,280 INFO  impl.RaftServerImpl (RaftServerImpl.java:setRole(171)) - 35f792f5-4ff5-4df4-a20f-ebe4ee56e078:group-CD5B2CE5B143 changes role from null to FOLLOWER at term 0 for startAsFollower
2019-07-13 07:46:21,281 INFO  impl.RoleInfo (RoleInfo.java:updateAndGet(143)) - 35f792f5-4ff5-4df4-a20f-ebe4ee56e078: start FollowerState
2019-07-13 07:46:21,281 INFO  util.JmxRegister (JmxRegister.java:tryRegister(44)) - Successfully registered JMX Bean with object name Ratis:service=RaftServer,group=group-CD5B2CE5B143,id=35f792f5-4ff5-4df4-a20f-ebe4ee56e078
2019-07-13 07:46:21,284 INFO  pipeline.PipelineStateManager (PipelineStateManager.java:addPipeline(56)) - Created pipeline Pipeline[ Id: 88a4b06e-6ab8-4dfb-bc65-cd5b2ce5b143, Nodes: 35f792f5-4ff5-4df4-a20f-ebe4ee56e078{ip: 192.168.69.84, host: trunk-nightly-9lh4p-2362225927, networkLocation: /default-rack, certSerialId: null}, Type:RATIS, Factor:ONE, State:OPEN]
2019-07-13 07:46:21,295 INFO  impl.RaftServerProxy (RaftServerProxy.java:addNew(89)) - 852a83c0-e248-4744-b21a-e29c86840c6d: addNew group-168EE6489F8D:[35f792f5-4ff5-4df4-a20f-ebe4ee56e078:192.168.69.84:43295, 852a83c0-e248-4744-b21a-e29c86840c6d:192.168.69.84:39915, dfcdd0cd-d7f3-4c51-a25f-466e2276d529:192.168.69.84:44737] returns group-168EE6489F8D:java.util.concurrent.CompletableFuture@500f4385[Not completed]
2019-07-13 07:46:21,295 INFO  impl.RaftServerProxy (RaftServerProxy.java:addNew(89)) - 35f792f5-4ff5-4df4-a20f-ebe4ee56e078: addNew group-168EE6489F8D:[35f792f5-4ff5-4df4-a20f-ebe4ee56e078:192.168.69.84:43295, 852a83c0-e248-4744-b21a-e29c86840c6d:192.168.69.84:39915, dfcdd0cd-d7f3-4c51-a25f-466e2276d529:192.168.69.84:44737] returns group-168EE6489F8D:java.util.concurrent.CompletableFuture@2cddf2d2[Not completed]
2019-07-13 07:46:21,295 INFO  impl.RaftServerProxy (RaftServerProxy.java:addNew(89)) - dfcdd0cd-d7f3-4c51-a25f-466e2276d529: addNew group-168EE6489F8D:[35f792f5-4ff5-4df4-a20f-ebe4ee56e078:192.168.69.84:43295, 852a83c0-e248-4744-b21a-e29c86840c6d:192.168.69.84:39915, dfcdd0cd-d7f3-4c51-a25f-466e2276d529:192.168.69.84:44737] returns group-168EE6489F8D:java.util.concurrent.CompletableFuture@670c383f[Not completed]
2019-07-13 07:46:21,297 INFO  impl.RaftServerImpl (RaftServerImpl.java:<init>(93)) - dfcdd0cd-d7f3-4c51-a25f-466e2276d529: new RaftServerImpl for group-168EE6489F8D:[35f792f5-4ff5-4df4-a20f-ebe4ee56e078:192.168.69.84:43295, 852a83c0-e248-4744-b21a-e29c86840c6d:192.168.69.84:39915, dfcdd0cd-d7f3-4c51-a25f-466e2276d529:192.168.69.84:44737] with ContainerStateMachine:uninitialized
2019-07-13 07:46:21,297 INFO  server.RaftServerConfigKeys (ConfUtils.java:logGet(43)) - raft.server.rpc.timeout.min = 5s (custom)
2019-07-13 07:46:21,297 INFO  server.RaftServerConfigKeys (ConfUtils.java:logGet(43)) - raft.server.rpc.timeout.max = 5200ms (custom)
2019-07-13 07:46:21,298 INFO  server.RaftServerConfigKeys (ConfUtils.java:logGet(43)) - raft.server.rpcslowness.timeout = 120s (custom)
2019-07-13 07:46:21,298 INFO  server.RaftServerConfigKeys (ConfUtils.java:logGet(43)) - raft.server.sleep.deviation.threshold = 300 (default)
2019-07-13 07:46:21,298 INFO  impl.RaftServerImpl (RaftServerImpl.java:<init>(93)) - 35f792f5-4ff5-4df4-a20f-ebe4ee56e078: new RaftServerImpl for group-168EE6489F8D:[35f792f5-4ff5-4df4-a20f-ebe4ee56e078:192.168.69.84:43295, 852a83c0-e248-4744-b21a-e29c86840c6d:192.168.69.84:39915, dfcdd0cd-d7f3-4c51-a25f-466e2276d529:192.168.69.84:44737] with ContainerStateMachine:uninitialized
2019-07-13 07:46:21,298 INFO  server.RaftServerConfigKeys (ConfUtils.java:logGet(43)) - raft.server.log.appender.install.snapshot.enabled = false (custom)
2019-07-13 07:46:21,298 INFO  server.RaftServerConfigKeys (ConfUtils.java:logGet(43)) - raft.server.rpc.timeout.min = 5s (custom)
2019-07-13 07:46:21,298 INFO  impl.RaftServerImpl (RaftServerImpl.java:<init>(93)) - 852a83c0-e248-4744-b21a-e29c86840c6d: new RaftServerImpl for group-168EE6489F8D:[35f792f5-4ff5-4df4-a20f-ebe4ee56e078:192.168.69.84:43295, 852a83c0-e248-4744-b21a-e29c86840c6d:192.168.69.84:39915, dfcdd0cd-d7f3-4c51-a25f-466e2276d529:192.168.69.84:44737] with ContainerStateMachine:uninitialized
2019-07-13 07:46:21,298 INFO  server.RaftServerConfigKeys (ConfUtils.java:logGet(43)) - raft.server.rpc.timeout.max = 5200ms (custom)
2019-07-13 07:46:21,298 INFO  impl.RaftServerImpl (ServerState.java:<init>(105)) - dfcdd0cd-d7f3-4c51-a25f-466e2276d529:group-168EE6489F8D ConfigurationManager, init=-1: [35f792f5-4ff5-4df4-a20f-ebe4ee56e078:192.168.69.84:43295, 852a83c0-e248-4744-b21a-e29c86840c6d:192.168.69.84:39915, dfcdd0cd-d7f3-4c51-a25f-466e2276d529:192.168.69.84:44737], old=null, confs=<EMPTY_MAP>
2019-07-13 07:46:21,299 INFO  server.RaftServerConfigKeys (ConfUtils.java:logGet(43)) - raft.server.rpcslowness.timeout = 120s (custom)
2019-07-13 07:46:21,299 INFO  server.RaftServerConfigKeys (ConfUtils.java:logGet(43)) - raft.server.rpc.timeout.min = 5s (custom)
2019-07-13 07:46:21,299 INFO  server.RaftServerConfigKeys (ConfUtils.java:logGet(43)) - raft.server.sleep.deviation.threshold = 300 (default)
2019-07-13 07:46:21,299 INFO  server.RaftServerConfigKeys (ConfUtils.java:logGet(43)) - raft.server.log.appender.install.snapshot.enabled = false (custom)
2019-07-13 07:46:21,299 INFO  server.RaftServerConfigKeys (ConfUtils.java:logGet(43)) - raft.server.storage.dir = [/tmp/workdir/hadoop-ozone/integration-test/target/test-dir/MiniOzoneClusterImpl-487749ed-5fa8-466c-a363-f34ace555a1b/datanode-1/data/ratis] (custom)
2019-07-13 07:46:21,299 INFO  impl.RaftServerImpl (ServerState.java:<init>(105)) - 35f792f5-4ff5-4df4-a20f-ebe4ee56e078:group-168EE6489F8D ConfigurationManager, init=-1: [35f792f5-4ff5-4df4-a20f-ebe4ee56e078:192.168.69.84:43295, 852a83c0-e248-4744-b21a-e29c86840c6d:192.168.69.84:39915, dfcdd0cd-d7f3-4c51-a25f-466e2276d529:192.168.69.84:44737], old=null, confs=<EMPTY_MAP>
2019-07-13 07:46:21,299 INFO  server.RaftServerConfigKeys (ConfUtils.java:logGet(43)) - raft.server.rpc.timeout.max = 5200ms (custom)
2019-07-13 07:46:21,300 INFO  server.RaftServerConfigKeys (ConfUtils.java:logGet(43)) - raft.server.storage.dir = [/tmp/workdir/hadoop-ozone/integration-test/target/test-dir/MiniOzoneClusterImpl-487749ed-5fa8-466c-a363-f34ace555a1b/datanode-2/data/ratis] (custom)
2019-07-13 07:46:21,300 INFO  server.RaftServerConfigKeys (ConfUtils.java:logGet(43)) - raft.server.rpcslowness.timeout = 120s (custom)
2019-07-13 07:46:21,300 INFO  storage.RaftStorageDirectory (RaftStorageDirectory.java:analyzeStorage(246)) - The storage directory /tmp/workdir/hadoop-ozone/integration-test/target/test-dir/MiniOzoneClusterImpl-487749ed-5fa8-466c-a363-f34ace555a1b/datanode-1/data/ratis/3efbce23-5504-437d-992d-168ee6489f8d does not exist. Creating ...
2019-07-13 07:46:21,300 INFO  server.RaftServerConfigKeys (ConfUtils.java:logGet(43)) - raft.server.sleep.deviation.threshold = 300 (default)
2019-07-13 07:46:21,300 INFO  storage.RaftStorageDirectory (RaftStorageDirectory.java:analyzeStorage(246)) - The storage directory /tmp/workdir/hadoop-ozone/integration-test/target/test-dir/MiniOzoneClusterImpl-487749ed-5fa8-466c-a363-f34ace555a1b/datanode-2/data/ratis/3efbce23-5504-437d-992d-168ee6489f8d does not exist. Creating ...
2019-07-13 07:46:21,300 INFO  server.RaftServerConfigKeys (ConfUtils.java:logGet(43)) - raft.server.log.appender.install.snapshot.enabled = false (custom)
2019-07-13 07:46:21,301 INFO  impl.RaftServerImpl (ServerState.java:<init>(105)) - 852a83c0-e248-4744-b21a-e29c86840c6d:group-168EE6489F8D ConfigurationManager, init=-1: [35f792f5-4ff5-4df4-a20f-ebe4ee56e078:192.168.69.84:43295, 852a83c0-e248-4744-b21a-e29c86840c6d:192.168.69.84:39915, dfcdd0cd-d7f3-4c51-a25f-466e2276d529:192.168.69.84:44737], old=null, confs=<EMPTY_MAP>
2019-07-13 07:46:21,301 INFO  server.RaftServerConfigKeys (ConfUtils.java:logGet(43)) - raft.server.storage.dir = [/tmp/workdir/hadoop-ozone/integration-test/target/test-dir/MiniOzoneClusterImpl-487749ed-5fa8-466c-a363-f34ace555a1b/datanode-0/data/ratis] (custom)
2019-07-13 07:46:21,301 INFO  storage.RaftStorageDirectory (RaftStorageDirectory.java:analyzeStorage(246)) - The storage directory /tmp/workdir/hadoop-ozone/integration-test/target/test-dir/MiniOzoneClusterImpl-487749ed-5fa8-466c-a363-f34ace555a1b/datanode-0/data/ratis/3efbce23-5504-437d-992d-168ee6489f8d does not exist. Creating ...
2019-07-13 07:46:21,326 INFO  storage.RaftStorageDirectory (RaftStorageDirectory.java:tryLock(328)) - Lock on /tmp/workdir/hadoop-ozone/integration-test/target/test-dir/MiniOzoneClusterImpl-487749ed-5fa8-466c-a363-f34ace555a1b/datanode-0/data/ratis/3efbce23-5504-437d-992d-168ee6489f8d/in_use.lock acquired by nodename 17101@trunk-nightly-9lh4p-2362225927
2019-07-13 07:46:21,326 INFO  storage.RaftStorageDirectory (RaftStorageDirectory.java:tryLock(328)) - Lock on /tmp/workdir/hadoop-ozone/integration-test/target/test-dir/MiniOzoneClusterImpl-487749ed-5fa8-466c-a363-f34ace555a1b/datanode-2/data/ratis/3efbce23-5504-437d-992d-168ee6489f8d/in_use.lock acquired by nodename 17101@trunk-nightly-9lh4p-2362225927
2019-07-13 07:46:21,326 INFO  storage.RaftStorageDirectory (RaftStorageDirectory.java:tryLock(328)) - Lock on /tmp/workdir/hadoop-ozone/integration-test/target/test-dir/MiniOzoneClusterImpl-487749ed-5fa8-466c-a363-f34ace555a1b/datanode-1/data/ratis/3efbce23-5504-437d-992d-168ee6489f8d/in_use.lock acquired by nodename 17101@trunk-nightly-9lh4p-2362225927
2019-07-13 07:46:21,352 INFO  storage.RaftStorage (RaftStorage.java:format(72)) - Storage directory /tmp/workdir/hadoop-ozone/integration-test/target/test-dir/MiniOzoneClusterImpl-487749ed-5fa8-466c-a363-f34ace555a1b/datanode-1/data/ratis/3efbce23-5504-437d-992d-168ee6489f8d has been successfully formatted.
2019-07-13 07:46:21,352 INFO  storage.RaftStorage (RaftStorage.java:format(72)) - Storage directory /tmp/workdir/hadoop-ozone/integration-test/target/test-dir/MiniOzoneClusterImpl-487749ed-5fa8-466c-a363-f34ace555a1b/datanode-2/data/ratis/3efbce23-5504-437d-992d-168ee6489f8d has been successfully formatted.
2019-07-13 07:46:21,352 INFO  storage.RaftStorage (RaftStorage.java:format(72)) - Storage directory /tmp/workdir/hadoop-ozone/integration-test/target/test-dir/MiniOzoneClusterImpl-487749ed-5fa8-466c-a363-f34ace555a1b/datanode-0/data/ratis/3efbce23-5504-437d-992d-168ee6489f8d has been successfully formatted.
2019-07-13 07:46:21,352 INFO  ratis.ContainerStateMachine (ContainerStateMachine.java:loadSnapshot(200)) - The snapshot info is null.Setting the last applied index to:(t:0, i:~)
2019-07-13 07:46:21,352 INFO  ratis.ContainerStateMachine (ContainerStateMachine.java:loadSnapshot(200)) - The snapshot info is null.Setting the last applied index to:(t:0, i:~)
2019-07-13 07:46:21,352 INFO  server.RaftServerConfigKeys (ConfUtils.java:logGet(43)) - raft.server.leader.election.timeout = 120s (custom)
2019-07-13 07:46:21,352 INFO  ratis.ContainerStateMachine (ContainerStateMachine.java:loadSnapshot(200)) - The snapshot info is null.Setting the last applied index to:(t:0, i:~)
2019-07-13 07:46:21,353 INFO  server.RaftServerConfigKeys (ConfUtils.java:logGet(43)) - raft.server.log.use.memory = false (default)
2019-07-13 07:46:21,352 INFO  server.RaftServerConfigKeys (ConfUtils.java:logGet(43)) - raft.server.leader.election.timeout = 120s (custom)
2019-07-13 07:46:21,353 INFO  server.RaftServerConfigKeys (ConfUtils.java:logGet(43)) - raft.server.log.purge.gap = 1000000000 (custom)
2019-07-13 07:46:21,353 INFO  server.RaftServerConfigKeys (ConfUtils.java:logGet(43)) - raft.server.log.appender.buffer.byte-limit = 33554432 (custom)
2019-07-13 07:46:21,353 INFO  server.RaftServerConfigKeys (ConfUtils.java:logGet(43)) - raft.server.leader.election.timeout = 120s (custom)
2019-07-13 07:46:21,353 INFO  server.RaftServerConfigKeys (ConfUtils.java:logGet(43)) - raft.server.log.segment.size.max = 1048576 (custom)
2019-07-13 07:46:21,353 INFO  server.RaftServerConfigKeys (ConfUtils.java:logGet(43)) - raft.server.log.use.memory = false (default)
2019-07-13 07:46:21,354 INFO  server.RaftServerConfigKeys (ConfUtils.java:logGet(43)) - raft.server.log.segment.cache.num.max = 2 (custom)
2019-07-13 07:46:21,354 INFO  server.RaftServerConfigKeys (ConfUtils.java:logGet(43)) - raft.server.log.use.memory = false (default)
2019-07-13 07:46:21,354 INFO  segmented.SegmentedRaftLogWorker (SegmentedRaftLogWorker.java:<init>(172)) - new 35f792f5-4ff5-4df4-a20f-ebe4ee56e078-SegmentedRaftLogWorker:Storage Directory /tmp/workdir/hadoop-ozone/integration-test/target/test-dir/MiniOzoneClusterImpl-487749ed-5fa8-466c-a363-f34ace555a1b/datanode-2/data/ratis/3efbce23-5504-437d-992d-168ee6489f8d for RaftStorage:Storage Directory /tmp/workdir/hadoop-ozone/integration-test/target/test-dir/MiniOzoneClusterImpl-487749ed-5fa8-466c-a363-f34ace555a1b/datanode-2/data/ratis/3efbce23-5504-437d-992d-168ee6489f8d
2019-07-13 07:46:21,354 INFO  server.RaftServerConfigKeys (ConfUtils.java:logGet(43)) - raft.server.log.purge.gap = 1000000000 (custom)
2019-07-13 07:46:21,354 INFO  server.RaftServerConfigKeys (ConfUtils.java:logGet(43)) - raft.server.log.queue.byte-limit = 2147483647 (custom)
2019-07-13 07:46:21,354 INFO  server.RaftServerConfigKeys (ConfUtils.java:logGet(43)) - raft.server.log.purge.gap = 1000000000 (custom)
2019-07-13 07:46:21,355 INFO  server.RaftServerConfigKeys (ConfUtils.java:logGet(43)) - raft.server.log.queue.element-limit = 1024 (custom)
2019-07-13 07:46:21,354 INFO  server.RaftServerConfigKeys (ConfUtils.java:logGet(43)) - raft.server.log.appender.buffer.byte-limit = 33554432 (custom)
2019-07-13 07:46:21,355 INFO  server.RaftServerConfigKeys (ConfUtils.java:logGet(43)) - raft.server.log.segment.size.max = 1048576 (custom)
2019-07-13 07:46:21,355 INFO  server.RaftServerConfigKeys (ConfUtils.java:logGet(43)) - raft.server.log.appender.buffer.byte-limit = 33554432 (custom)
2019-07-13 07:46:21,355 INFO  server.RaftServerConfigKeys (ConfUtils.java:logGet(43)) - raft.server.log.preallocated.size = 16384 (custom)
2019-07-13 07:46:21,355 INFO  server.RaftServerConfigKeys (ConfUtils.java:logGet(43)) - raft.server.log.segment.size.max = 1048576 (custom)
2019-07-13 07:46:21,356 INFO  server.RaftServerConfigKeys (ConfUtils.java:logGet(43)) - raft.server.log.write.buffer.size = 33554432 (custom)
2019-07-13 07:46:21,356 INFO  server.RaftServerConfigKeys (ConfUtils.java:logGet(43)) - raft.server.log.segment.size.max = 1048576 (custom)
2019-07-13 07:46:21,356 INFO  server.RaftServerConfigKeys (ConfUtils.java:logGet(43)) - raft.server.log.force.sync.num = 128 (default)
2019-07-13 07:46:21,356 INFO  server.RaftServerConfigKeys (ConfUtils.java:logGet(43)) - raft.server.log.segment.cache.num.max = 2 (custom)
2019-07-13 07:46:21,356 INFO  server.RaftServerConfigKeys (ConfUtils.java:logGet(43)) - raft.server.log.statemachine.data.sync = true (default)
2019-07-13 07:46:21,356 INFO  server.RaftServerConfigKeys (ConfUtils.java:logGet(43)) - raft.server.log.segment.cache.num.max = 2 (custom)
2019-07-13 07:46:21,357 INFO  server.RaftServerConfigKeys (ConfUtils.java:logGet(43)) - raft.server.log.statemachine.data.sync.timeout = 10s (default)
2019-07-13 07:46:21,357 INFO  segmented.SegmentedRaftLogWorker (SegmentedRaftLogWorker.java:<init>(172)) - new dfcdd0cd-d7f3-4c51-a25f-466e2276d529-SegmentedRaftLogWorker:Storage Directory /tmp/workdir/hadoop-ozone/integration-test/target/test-dir/MiniOzoneClusterImpl-487749ed-5fa8-466c-a363-f34ace555a1b/datanode-1/data/ratis/3efbce23-5504-437d-992d-168ee6489f8d for RaftStorage:Storage Directory /tmp/workdir/hadoop-ozone/integration-test/target/test-dir/MiniOzoneClusterImpl-487749ed-5fa8-466c-a363-f34ace555a1b/datanode-1/data/ratis/3efbce23-5504-437d-992d-168ee6489f8d
2019-07-13 07:46:21,357 INFO  server.RaftServerConfigKeys (ConfUtils.java:logGet(43)) - raft.server.log.statemachine.data.sync.timeout.retry = -1 (default)
2019-07-13 07:46:21,357 INFO  segmented.SegmentedRaftLogWorker (SegmentedRaftLogWorker.java:<init>(172)) - new 852a83c0-e248-4744-b21a-e29c86840c6d-SegmentedRaftLogWorker:Storage Directory /tmp/workdir/hadoop-ozone/integration-test/target/test-dir/MiniOzoneClusterImpl-487749ed-5fa8-466c-a363-f34ace555a1b/datanode-0/data/ratis/3efbce23-5504-437d-992d-168ee6489f8d for RaftStorage:Storage Directory /tmp/workdir/hadoop-ozone/integration-test/target/test-dir/MiniOzoneClusterImpl-487749ed-5fa8-466c-a363-f34ace555a1b/datanode-0/data/ratis/3efbce23-5504-437d-992d-168ee6489f8d
2019-07-13 07:46:21,358 INFO  server.RaftServerConfigKeys (ConfUtils.java:logGet(43)) - raft.server.log.statemachine.data.caching.enabled = true (custom)
2019-07-13 07:46:21,357 INFO  server.RaftServerConfigKeys (ConfUtils.java:logGet(43)) - raft.server.log.queue.byte-limit = 2147483647 (custom)
2019-07-13 07:46:21,358 INFO  server.RaftServerConfigKeys (ConfUtils.java:logGet(43)) - raft.server.log.queue.byte-limit = 2147483647 (custom)
2019-07-13 07:46:21,358 INFO  segmented.SegmentedRaftLogWorker (SegmentedRaftLogWorker.java:lambda$new$0(132)) - 35f792f5-4ff5-4df4-a20f-ebe4ee56e078-SegmentedRaftLogWorker:Storage Directory /tmp/workdir/hadoop-ozone/integration-test/target/test-dir/MiniOzoneClusterImpl-487749ed-5fa8-466c-a363-f34ace555a1b/datanode-2/data/ratis/3efbce23-5504-437d-992d-168ee6489f8d: flushIndex: setUnconditionally 0 -> -1
2019-07-13 07:46:21,358 INFO  server.RaftServerConfigKeys (ConfUtils.java:logGet(43)) - raft.server.log.queue.element-limit = 1024 (custom)
2019-07-13 07:46:21,358 INFO  server.RaftServerConfigKeys (ConfUtils.java:logGet(43)) - raft.server.log.queue.element-limit = 1024 (custom)
2019-07-13 07:46:21,359 INFO  server.RaftServerConfigKeys (ConfUtils.java:logGet(43)) - raft.server.snapshot.auto.trigger.enabled = true (custom)
2019-07-13 07:46:21,359 INFO  server.RaftServerConfigKeys (ConfUtils.java:logGet(43)) - raft.server.log.segment.size.max = 1048576 (custom)
2019-07-13 07:46:21,359 INFO  server.RaftServerConfigKeys (ConfUtils.java:logGet(43)) - raft.server.snapshot.auto.trigger.threshold = 10000 (custom)
2019-07-13 07:46:21,359 INFO  server.RaftServerConfigKeys (ConfUtils.java:logGet(43)) - raft.server.log.segment.size.max = 1048576 (custom)
2019-07-13 07:46:21,359 INFO  server.RaftServerConfigKeys (ConfUtils.java:logGet(43)) - raft.server.retrycache.expirytime = 600000ms (custom)
2019-07-13 07:46:21,359 INFO  server.RaftServerConfigKeys (ConfUtils.java:logGet(43)) - raft.server.log.preallocated.size = 16384 (custom)
2019-07-13 07:46:21,360 INFO  impl.RaftServerImpl (RaftServerImpl.java:start(180)) - 35f792f5-4ff5-4df4-a20f-ebe4ee56e078: start group-168EE6489F8D
2019-07-13 07:46:21,360 INFO  impl.RaftServerImpl (RaftServerImpl.java:setRole(171)) - 35f792f5-4ff5-4df4-a20f-ebe4ee56e078:group-168EE6489F8D changes role from null to FOLLOWER at term 0 for startAsFollower
2019-07-13 07:46:21,359 INFO  server.RaftServerConfigKeys (ConfUtils.java:logGet(43)) - raft.server.log.preallocated.size = 16384 (custom)
2019-07-13 07:46:21,360 INFO  impl.RoleInfo (RoleInfo.java:updateAndGet(143)) - 35f792f5-4ff5-4df4-a20f-ebe4ee56e078: start FollowerState
2019-07-13 07:46:21,360 INFO  server.RaftServerConfigKeys (ConfUtils.java:logGet(43)) - raft.server.log.write.buffer.size = 33554432 (custom)
2019-07-13 07:46:21,360 INFO  server.RaftServerConfigKeys (ConfUtils.java:logGet(43)) - raft.server.log.write.buffer.size = 33554432 (custom)
2019-07-13 07:46:21,361 INFO  server.RaftServerConfigKeys (ConfUtils.java:logGet(43)) - raft.server.log.force.sync.num = 128 (default)
2019-07-13 07:46:21,378 INFO  server.RaftServerConfigKeys (ConfUtils.java:logGet(43)) - raft.server.log.force.sync.num = 128 (default)
2019-07-13 07:46:21,378 INFO  util.JmxRegister (JmxRegister.java:tryRegister(44)) - Successfully registered JMX Bean with object name Ratis:service=RaftServer,group=group-168EE6489F8D,id=35f792f5-4ff5-4df4-a20f-ebe4ee56e078
2019-07-13 07:46:21,378 INFO  server.RaftServerConfigKeys (ConfUtils.java:logGet(43)) - raft.server.log.statemachine.data.sync = true (default)
2019-07-13 07:46:21,378 INFO  server.RaftServerConfigKeys (ConfUtils.java:logGet(43)) - raft.server.log.statemachine.data.sync = true (default)
2019-07-13 07:46:21,379 INFO  server.RaftServerConfigKeys (ConfUtils.java:logGet(43)) - raft.server.log.statemachine.data.sync.timeout = 10s (default)
2019-07-13 07:46:21,379 INFO  server.RaftServerConfigKeys (ConfUtils.java:logGet(43)) - raft.server.log.statemachine.data.sync.timeout = 10s (default)
2019-07-13 07:46:21,386 INFO  server.RaftServerConfigKeys (ConfUtils.java:logGet(43)) - raft.server.log.statemachine.data.sync.timeout.retry = -1 (default)
2019-07-13 07:46:21,386 INFO  server.RaftServerConfigKeys (ConfUtils.java:logGet(43)) - raft.server.log.statemachine.data.sync.timeout.retry = -1 (default)
2019-07-13 07:46:21,387 INFO  server.RaftServerConfigKeys (ConfUtils.java:logGet(43)) - raft.server.log.statemachine.data.caching.enabled = true (custom)
2019-07-13 07:46:21,387 INFO  server.RaftServerConfigKeys (ConfUtils.java:logGet(43)) - raft.server.log.statemachine.data.caching.enabled = true (custom)
2019-07-13 07:46:21,387 INFO  segmented.SegmentedRaftLogWorker (SegmentedRaftLogWorker.java:lambda$new$0(132)) - 852a83c0-e248-4744-b21a-e29c86840c6d-SegmentedRaftLogWorker:Storage Directory /tmp/workdir/hadoop-ozone/integration-test/target/test-dir/MiniOzoneClusterImpl-487749ed-5fa8-466c-a363-f34ace555a1b/datanode-0/data/ratis/3efbce23-5504-437d-992d-168ee6489f8d: flushIndex: setUnconditionally 0 -> -1
2019-07-13 07:46:21,387 INFO  segmented.SegmentedRaftLogWorker (SegmentedRaftLogWorker.java:lambda$new$0(132)) - dfcdd0cd-d7f3-4c51-a25f-466e2276d529-SegmentedRaftLogWorker:Storage Directory /tmp/workdir/hadoop-ozone/integration-test/target/test-dir/MiniOzoneClusterImpl-487749ed-5fa8-466c-a363-f34ace555a1b/datanode-1/data/ratis/3efbce23-5504-437d-992d-168ee6489f8d: flushIndex: setUnconditionally 0 -> -1
2019-07-13 07:46:21,388 INFO  server.RaftServerConfigKeys (ConfUtils.java:logGet(43)) - raft.server.snapshot.auto.trigger.enabled = true (custom)
2019-07-13 07:46:21,388 INFO  server.RaftServerConfigKeys (ConfUtils.java:logGet(43)) - raft.server.snapshot.auto.trigger.enabled = true (custom)
2019-07-13 07:46:21,388 INFO  server.RaftServerConfigKeys (ConfUtils.java:logGet(43)) - raft.server.snapshot.auto.trigger.threshold = 10000 (custom)
2019-07-13 07:46:21,388 INFO  server.RaftServerConfigKeys (ConfUtils.java:logGet(43)) - raft.server.snapshot.auto.trigger.threshold = 10000 (custom)
2019-07-13 07:46:21,388 INFO  server.RaftServerConfigKeys (ConfUtils.java:logGet(43)) - raft.server.retrycache.expirytime = 600000ms (custom)
2019-07-13 07:46:21,388 INFO  server.RaftServerConfigKeys (ConfUtils.java:logGet(43)) - raft.server.retrycache.expirytime = 600000ms (custom)
2019-07-13 07:46:21,388 INFO  impl.RaftServerImpl (RaftServerImpl.java:start(180)) - 852a83c0-e248-4744-b21a-e29c86840c6d: start group-168EE6489F8D
2019-07-13 07:46:21,389 INFO  impl.RaftServerImpl (RaftServerImpl.java:setRole(171)) - 852a83c0-e248-4744-b21a-e29c86840c6d:group-168EE6489F8D changes role from null to FOLLOWER at term 0 for startAsFollower
2019-07-13 07:46:21,389 INFO  impl.RaftServerImpl (RaftServerImpl.java:start(180)) - dfcdd0cd-d7f3-4c51-a25f-466e2276d529: start group-168EE6489F8D
2019-07-13 07:46:21,389 INFO  impl.RoleInfo (RoleInfo.java:updateAndGet(143)) - 852a83c0-e248-4744-b21a-e29c86840c6d: start FollowerState
2019-07-13 07:46:21,389 INFO  impl.RaftServerImpl (RaftServerImpl.java:setRole(171)) - dfcdd0cd-d7f3-4c51-a25f-466e2276d529:group-168EE6489F8D changes role from null to FOLLOWER at term 0 for startAsFollower
2019-07-13 07:46:21,389 INFO  impl.RoleInfo (RoleInfo.java:updateAndGet(143)) - dfcdd0cd-d7f3-4c51-a25f-466e2276d529: start FollowerState
2019-07-13 07:46:21,389 INFO  util.JmxRegister (JmxRegister.java:tryRegister(44)) - Successfully registered JMX Bean with object name Ratis:service=RaftServer,group=group-168EE6489F8D,id=852a83c0-e248-4744-b21a-e29c86840c6d
2019-07-13 07:46:21,390 INFO  util.JmxRegister (JmxRegister.java:tryRegister(44)) - Successfully registered JMX Bean with object name Ratis:service=RaftServer,group=group-168EE6489F8D,id=dfcdd0cd-d7f3-4c51-a25f-466e2276d529
2019-07-13 07:46:21,393 INFO  pipeline.PipelineStateManager (PipelineStateManager.java:addPipeline(56)) - Created pipeline Pipeline[ Id: 3efbce23-5504-437d-992d-168ee6489f8d, Nodes: 35f792f5-4ff5-4df4-a20f-ebe4ee56e078{ip: 192.168.69.84, host: trunk-nightly-9lh4p-2362225927, networkLocation: /default-rack, certSerialId: null}852a83c0-e248-4744-b21a-e29c86840c6d{ip: 192.168.69.84, host: trunk-nightly-9lh4p-2362225927, networkLocation: /default-rack, certSerialId: null}dfcdd0cd-d7f3-4c51-a25f-466e2276d529{ip: 192.168.69.84, host: trunk-nightly-9lh4p-2362225927, networkLocation: /default-rack, certSerialId: null}, Type:RATIS, Factor:THREE, State:OPEN]
2019-07-13 07:46:21,423 INFO  node.SCMNodeManager (SCMNodeManager.java:register(269)) - Registered Data node : c98025ee-4765-40ec-be79-c1ab36f8aa48{ip: 192.168.69.84, host: trunk-nightly-9lh4p-2362225927, networkLocation: /default-rack, certSerialId: null}
2019-07-13 07:46:21,441 INFO  impl.RaftServerProxy (RaftServerProxy.java:addNew(89)) - c98025ee-4765-40ec-be79-c1ab36f8aa48: addNew group-8229D89BF1DD:[c98025ee-4765-40ec-be79-c1ab36f8aa48:192.168.69.84:41016] returns group-8229D89BF1DD:java.util.concurrent.CompletableFuture@53ae1c83[Not completed]
2019-07-13 07:46:21,443 INFO  impl.RaftServerImpl (RaftServerImpl.java:<init>(93)) - c98025ee-4765-40ec-be79-c1ab36f8aa48: new RaftServerImpl for group-8229D89BF1DD:[c98025ee-4765-40ec-be79-c1ab36f8aa48:192.168.69.84:41016] with ContainerStateMachine:uninitialized
2019-07-13 07:46:21,443 INFO  server.RaftServerConfigKeys (ConfUtils.java:logGet(43)) - raft.server.rpc.timeout.min = 5s (custom)
2019-07-13 07:46:21,443 INFO  server.RaftServerConfigKeys (ConfUtils.java:logGet(43)) - raft.server.rpc.timeout.max = 5200ms (custom)
2019-07-13 07:46:21,443 INFO  server.RaftServerConfigKeys (ConfUtils.java:logGet(43)) - raft.server.rpcslowness.timeout = 120s (custom)
2019-07-13 07:46:21,443 INFO  server.RaftServerConfigKeys (ConfUtils.java:logGet(43)) - raft.server.sleep.deviation.threshold = 300 (default)
2019-07-13 07:46:21,443 INFO  server.RaftServerConfigKeys (ConfUtils.java:logGet(43)) - raft.server.log.appender.install.snapshot.enabled = false (custom)
2019-07-13 07:46:21,444 INFO  impl.RaftServerImpl (ServerState.java:<init>(105)) - c98025ee-4765-40ec-be79-c1ab36f8aa48:group-8229D89BF1DD ConfigurationManager, init=-1: [c98025ee-4765-40ec-be79-c1ab36f8aa48:192.168.69.84:41016], old=null, confs=<EMPTY_MAP>
2019-07-13 07:46:21,444 INFO  server.RaftServerConfigKeys (ConfUtils.java:logGet(43)) - raft.server.storage.dir = [/tmp/workdir/hadoop-ozone/integration-test/target/test-dir/MiniOzoneClusterImpl-487749ed-5fa8-466c-a363-f34ace555a1b/datanode-3/data/ratis] (custom)
2019-07-13 07:46:21,444 INFO  storage.RaftStorageDirectory (RaftStorageDirectory.java:analyzeStorage(246)) - The storage directory /tmp/workdir/hadoop-ozone/integration-test/target/test-dir/MiniOzoneClusterImpl-487749ed-5fa8-466c-a363-f34ace555a1b/datanode-3/data/ratis/99677228-bc2e-4189-a1dc-8229d89bf1dd does not exist. Creating ...
2019-07-13 07:46:21,469 INFO  storage.RaftStorageDirectory (RaftStorageDirectory.java:tryLock(328)) - Lock on /tmp/workdir/hadoop-ozone/integration-test/target/test-dir/MiniOzoneClusterImpl-487749ed-5fa8-466c-a363-f34ace555a1b/datanode-3/data/ratis/99677228-bc2e-4189-a1dc-8229d89bf1dd/in_use.lock acquired by nodename 17101@trunk-nightly-9lh4p-2362225927
2019-07-13 07:46:21,482 INFO  storage.RaftStorage (RaftStorage.java:format(72)) - Storage directory /tmp/workdir/hadoop-ozone/integration-test/target/test-dir/MiniOzoneClusterImpl-487749ed-5fa8-466c-a363-f34ace555a1b/datanode-3/data/ratis/99677228-bc2e-4189-a1dc-8229d89bf1dd has been successfully formatted.
2019-07-13 07:46:21,483 INFO  ratis.ContainerStateMachine (ContainerStateMachine.java:loadSnapshot(200)) - The snapshot info is null.Setting the last applied index to:(t:0, i:~)
2019-07-13 07:46:21,483 INFO  server.RaftServerConfigKeys (ConfUtils.java:logGet(43)) - raft.server.leader.election.timeout = 120s (custom)
2019-07-13 07:46:21,483 INFO  server.RaftServerConfigKeys (ConfUtils.java:logGet(43)) - raft.server.log.use.memory = false (default)
2019-07-13 07:46:21,483 INFO  server.RaftServerConfigKeys (ConfUtils.java:logGet(43)) - raft.server.log.purge.gap = 1000000000 (custom)
2019-07-13 07:46:21,483 INFO  server.RaftServerConfigKeys (ConfUtils.java:logGet(43)) - raft.server.log.appender.buffer.byte-limit = 33554432 (custom)
2019-07-13 07:46:21,484 INFO  server.RaftServerConfigKeys (ConfUtils.java:logGet(43)) - raft.server.log.segment.size.max = 1048576 (custom)
2019-07-13 07:46:21,484 INFO  server.RaftServerConfigKeys (ConfUtils.java:logGet(43)) - raft.server.log.segment.cache.num.max = 2 (custom)
2019-07-13 07:46:21,484 INFO  segmented.SegmentedRaftLogWorker (SegmentedRaftLogWorker.java:<init>(172)) - new c98025ee-4765-40ec-be79-c1ab36f8aa48-SegmentedRaftLogWorker:Storage Directory /tmp/workdir/hadoop-ozone/integration-test/target/test-dir/MiniOzoneClusterImpl-487749ed-5fa8-466c-a363-f34ace555a1b/datanode-3/data/ratis/99677228-bc2e-4189-a1dc-8229d89bf1dd for RaftStorage:Storage Directory /tmp/workdir/hadoop-ozone/integration-test/target/test-dir/MiniOzoneClusterImpl-487749ed-5fa8-466c-a363-f34ace555a1b/datanode-3/data/ratis/99677228-bc2e-4189-a1dc-8229d89bf1dd
2019-07-13 07:46:21,484 INFO  server.RaftServerConfigKeys (ConfUtils.java:logGet(43)) - raft.server.log.queue.byte-limit = 2147483647 (custom)
2019-07-13 07:46:21,484 INFO  server.RaftServerConfigKeys (ConfUtils.java:logGet(43)) - raft.server.log.queue.element-limit = 1024 (custom)
2019-07-13 07:46:21,485 INFO  server.RaftServerConfigKeys (ConfUtils.java:logGet(43)) - raft.server.log.segment.size.max = 1048576 (custom)
2019-07-13 07:46:21,485 INFO  server.RaftServerConfigKeys (ConfUtils.java:logGet(43)) - raft.server.log.preallocated.size = 16384 (custom)
2019-07-13 07:46:21,485 INFO  server.RaftServerConfigKeys (ConfUtils.java:logGet(43)) - raft.server.log.write.buffer.size = 33554432 (custom)
2019-07-13 07:46:21,485 INFO  server.RaftServerConfigKeys (ConfUtils.java:logGet(43)) - raft.server.log.force.sync.num = 128 (default)
2019-07-13 07:46:21,485 INFO  server.RaftServerConfigKeys (ConfUtils.java:logGet(43)) - raft.server.log.statemachine.data.sync = true (default)
2019-07-13 07:46:21,485 INFO  server.RaftServerConfigKeys (ConfUtils.java:logGet(43)) - raft.server.log.statemachine.data.sync.timeout = 10s (default)
2019-07-13 07:46:21,486 INFO  server.RaftServerConfigKeys (ConfUtils.java:logGet(43)) - raft.server.log.statemachine.data.sync.timeout.retry = -1 (default)
2019-07-13 07:46:21,486 INFO  server.RaftServerConfigKeys (ConfUtils.java:logGet(43)) - raft.server.log.statemachine.data.caching.enabled = true (custom)
2019-07-13 07:46:21,486 INFO  segmented.SegmentedRaftLogWorker (SegmentedRaftLogWorker.java:lambda$new$0(132)) - c98025ee-4765-40ec-be79-c1ab36f8aa48-SegmentedRaftLogWorker:Storage Directory /tmp/workdir/hadoop-ozone/integration-test/target/test-dir/MiniOzoneClusterImpl-487749ed-5fa8-466c-a363-f34ace555a1b/datanode-3/data/ratis/99677228-bc2e-4189-a1dc-8229d89bf1dd: flushIndex: setUnconditionally 0 -> -1
2019-07-13 07:46:21,487 INFO  server.RaftServerConfigKeys (ConfUtils.java:logGet(43)) - raft.server.snapshot.auto.trigger.enabled = true (custom)
2019-07-13 07:46:21,487 INFO  server.RaftServerConfigKeys (ConfUtils.java:logGet(43)) - raft.server.snapshot.auto.trigger.threshold = 10000 (custom)
2019-07-13 07:46:21,487 INFO  server.RaftServerConfigKeys (ConfUtils.java:logGet(43)) - raft.server.retrycache.expirytime = 600000ms (custom)
2019-07-13 07:46:21,487 INFO  impl.RaftServerImpl (RaftServerImpl.java:start(180)) - c98025ee-4765-40ec-be79-c1ab36f8aa48: start group-8229D89BF1DD
2019-07-13 07:46:21,487 INFO  impl.RaftServerImpl (RaftServerImpl.java:setRole(171)) - c98025ee-4765-40ec-be79-c1ab36f8aa48:group-8229D89BF1DD changes role from null to FOLLOWER at term 0 for startAsFollower
2019-07-13 07:46:21,487 INFO  impl.RoleInfo (RoleInfo.java:updateAndGet(143)) - c98025ee-4765-40ec-be79-c1ab36f8aa48: start FollowerState
2019-07-13 07:46:21,488 INFO  util.JmxRegister (JmxRegister.java:tryRegister(44)) - Successfully registered JMX Bean with object name Ratis:service=RaftServer,group=group-8229D89BF1DD,id=c98025ee-4765-40ec-be79-c1ab36f8aa48
2019-07-13 07:46:21,490 INFO  pipeline.PipelineStateManager (PipelineStateManager.java:addPipeline(56)) - Created pipeline Pipeline[ Id: 99677228-bc2e-4189-a1dc-8229d89bf1dd, Nodes: c98025ee-4765-40ec-be79-c1ab36f8aa48{ip: 192.168.69.84, host: trunk-nightly-9lh4p-2362225927, networkLocation: /default-rack, certSerialId: null}, Type:RATIS, Factor:ONE, State:OPEN]
2019-07-13 07:46:21,712 INFO  node.SCMNodeManager (SCMNodeManager.java:register(269)) - Registered Data node : 725945e1-f11d-4591-9c35-bca7a7bb12b1{ip: 192.168.69.84, host: trunk-nightly-9lh4p-2362225927, networkLocation: /default-rack, certSerialId: null}
2019-07-13 07:46:21,724 INFO  impl.RaftServerProxy (RaftServerProxy.java:addNew(89)) - 725945e1-f11d-4591-9c35-bca7a7bb12b1: addNew group-489C7DD04583:[725945e1-f11d-4591-9c35-bca7a7bb12b1:192.168.69.84:44805] returns group-489C7DD04583:java.util.concurrent.CompletableFuture@3cf191ec[Not completed]
2019-07-13 07:46:21,726 INFO  impl.RaftServerImpl (RaftServerImpl.java:<init>(93)) - 725945e1-f11d-4591-9c35-bca7a7bb12b1: new RaftServerImpl for group-489C7DD04583:[725945e1-f11d-4591-9c35-bca7a7bb12b1:192.168.69.84:44805] with ContainerStateMachine:uninitialized
2019-07-13 07:46:21,726 INFO  server.RaftServerConfigKeys (ConfUtils.java:logGet(43)) - raft.server.rpc.timeout.min = 5s (custom)
2019-07-13 07:46:21,726 INFO  server.RaftServerConfigKeys (ConfUtils.java:logGet(43)) - raft.server.rpc.timeout.max = 5200ms (custom)
2019-07-13 07:46:21,726 INFO  server.RaftServerConfigKeys (ConfUtils.java:logGet(43)) - raft.server.rpcslowness.timeout = 120s (custom)
2019-07-13 07:46:21,726 INFO  server.RaftServerConfigKeys (ConfUtils.java:logGet(43)) - raft.server.sleep.deviation.threshold = 300 (default)
2019-07-13 07:46:21,726 INFO  server.RaftServerConfigKeys (ConfUtils.java:logGet(43)) - raft.server.log.appender.install.snapshot.enabled = false (custom)
2019-07-13 07:46:21,727 INFO  impl.RaftServerImpl (ServerState.java:<init>(105)) - 725945e1-f11d-4591-9c35-bca7a7bb12b1:group-489C7DD04583 ConfigurationManager, init=-1: [725945e1-f11d-4591-9c35-bca7a7bb12b1:192.168.69.84:44805], old=null, confs=<EMPTY_MAP>
2019-07-13 07:46:21,727 INFO  server.RaftServerConfigKeys (ConfUtils.java:logGet(43)) - raft.server.storage.dir = [/tmp/workdir/hadoop-ozone/integration-test/target/test-dir/MiniOzoneClusterImpl-487749ed-5fa8-466c-a363-f34ace555a1b/datanode-4/data/ratis] (custom)
2019-07-13 07:46:21,727 INFO  storage.RaftStorageDirectory (RaftStorageDirectory.java:analyzeStorage(246)) - The storage directory /tmp/workdir/hadoop-ozone/integration-test/target/test-dir/MiniOzoneClusterImpl-487749ed-5fa8-466c-a363-f34ace555a1b/datanode-4/data/ratis/c72670cb-dc5a-4974-b29c-489c7dd04583 does not exist. Creating ...
2019-07-13 07:46:21,749 INFO  storage.RaftStorageDirectory (RaftStorageDirectory.java:tryLock(328)) - Lock on /tmp/workdir/hadoop-ozone/integration-test/target/test-dir/MiniOzoneClusterImpl-487749ed-5fa8-466c-a363-f34ace555a1b/datanode-4/data/ratis/c72670cb-dc5a-4974-b29c-489c7dd04583/in_use.lock acquired by nodename 17101@trunk-nightly-9lh4p-2362225927
2019-07-13 07:46:21,764 INFO  storage.RaftStorage (RaftStorage.java:format(72)) - Storage directory /tmp/workdir/hadoop-ozone/integration-test/target/test-dir/MiniOzoneClusterImpl-487749ed-5fa8-466c-a363-f34ace555a1b/datanode-4/data/ratis/c72670cb-dc5a-4974-b29c-489c7dd04583 has been successfully formatted.
2019-07-13 07:46:21,764 INFO  ratis.ContainerStateMachine (ContainerStateMachine.java:loadSnapshot(200)) - The snapshot info is null.Setting the last applied index to:(t:0, i:~)
2019-07-13 07:46:21,764 INFO  server.RaftServerConfigKeys (ConfUtils.java:logGet(43)) - raft.server.leader.election.timeout = 120s (custom)
2019-07-13 07:46:21,764 INFO  server.RaftServerConfigKeys (ConfUtils.java:logGet(43)) - raft.server.log.use.memory = false (default)
2019-07-13 07:46:21,764 INFO  server.RaftServerConfigKeys (ConfUtils.java:logGet(43)) - raft.server.log.purge.gap = 1000000000 (custom)
2019-07-13 07:46:21,765 INFO  server.RaftServerConfigKeys (ConfUtils.java:logGet(43)) - raft.server.log.appender.buffer.byte-limit = 33554432 (custom)
2019-07-13 07:46:21,765 INFO  server.RaftServerConfigKeys (ConfUtils.java:logGet(43)) - raft.server.log.segment.size.max = 1048576 (custom)
2019-07-13 07:46:21,765 INFO  server.RaftServerConfigKeys (ConfUtils.java:logGet(43)) - raft.server.log.segment.cache.num.max = 2 (custom)
2019-07-13 07:46:21,765 INFO  segmented.SegmentedRaftLogWorker (SegmentedRaftLogWorker.java:<init>(172)) - new 725945e1-f11d-4591-9c35-bca7a7bb12b1-SegmentedRaftLogWorker:Storage Directory /tmp/workdir/hadoop-ozone/integration-test/target/test-dir/MiniOzoneClusterImpl-487749ed-5fa8-466c-a363-f34ace555a1b/datanode-4/data/ratis/c72670cb-dc5a-4974-b29c-489c7dd04583 for RaftStorage:Storage Directory /tmp/workdir/hadoop-ozone/integration-test/target/test-dir/MiniOzoneClusterImpl-487749ed-5fa8-466c-a363-f34ace555a1b/datanode-4/data/ratis/c72670cb-dc5a-4974-b29c-489c7dd04583
2019-07-13 07:46:21,765 INFO  server.RaftServerConfigKeys (ConfUtils.java:logGet(43)) - raft.server.log.queue.byte-limit = 2147483647 (custom)
2019-07-13 07:46:21,765 INFO  server.RaftServerConfigKeys (ConfUtils.java:logGet(43)) - raft.server.log.queue.element-limit = 1024 (custom)
2019-07-13 07:46:21,766 INFO  server.RaftServerConfigKeys (ConfUtils.java:logGet(43)) - raft.server.log.segment.size.max = 1048576 (custom)
2019-07-13 07:46:21,766 INFO  server.RaftServerConfigKeys (ConfUtils.java:logGet(43)) - raft.server.log.preallocated.size = 16384 (custom)
2019-07-13 07:46:21,766 INFO  server.RaftServerConfigKeys (ConfUtils.java:logGet(43)) - raft.server.log.write.buffer.size = 33554432 (custom)
2019-07-13 07:46:21,766 INFO  server.RaftServerConfigKeys (ConfUtils.java:logGet(43)) - raft.server.log.force.sync.num = 128 (default)
2019-07-13 07:46:21,767 INFO  server.RaftServerConfigKeys (ConfUtils.java:logGet(43)) - raft.server.log.statemachine.data.sync = true (default)
2019-07-13 07:46:21,767 INFO  server.RaftServerConfigKeys (ConfUtils.java:logGet(43)) - raft.server.log.statemachine.data.sync.timeout = 10s (default)
2019-07-13 07:46:21,767 INFO  server.RaftServerConfigKeys (ConfUtils.java:logGet(43)) - raft.server.log.statemachine.data.sync.timeout.retry = -1 (default)
2019-07-13 07:46:21,767 INFO  server.RaftServerConfigKeys (ConfUtils.java:logGet(43)) - raft.server.log.statemachine.data.caching.enabled = true (custom)
2019-07-13 07:46:21,768 INFO  segmented.SegmentedRaftLogWorker (SegmentedRaftLogWorker.java:lambda$new$0(132)) - 725945e1-f11d-4591-9c35-bca7a7bb12b1-SegmentedRaftLogWorker:Storage Directory /tmp/workdir/hadoop-ozone/integration-test/target/test-dir/MiniOzoneClusterImpl-487749ed-5fa8-466c-a363-f34ace555a1b/datanode-4/data/ratis/c72670cb-dc5a-4974-b29c-489c7dd04583: flushIndex: setUnconditionally 0 -> -1
2019-07-13 07:46:21,768 INFO  server.RaftServerConfigKeys (ConfUtils.java:logGet(43)) - raft.server.snapshot.auto.trigger.enabled = true (custom)
2019-07-13 07:46:21,768 INFO  server.RaftServerConfigKeys (ConfUtils.java:logGet(43)) - raft.server.snapshot.auto.trigger.threshold = 10000 (custom)
2019-07-13 07:46:21,768 INFO  server.RaftServerConfigKeys (ConfUtils.java:logGet(43)) - raft.server.retrycache.expirytime = 600000ms (custom)
2019-07-13 07:46:21,769 INFO  impl.RaftServerImpl (RaftServerImpl.java:start(180)) - 725945e1-f11d-4591-9c35-bca7a7bb12b1: start group-489C7DD04583
2019-07-13 07:46:21,769 INFO  impl.RaftServerImpl (RaftServerImpl.java:setRole(171)) - 725945e1-f11d-4591-9c35-bca7a7bb12b1:group-489C7DD04583 changes role from null to FOLLOWER at term 0 for startAsFollower
2019-07-13 07:46:21,769 INFO  impl.RoleInfo (RoleInfo.java:updateAndGet(143)) - 725945e1-f11d-4591-9c35-bca7a7bb12b1: start FollowerState
2019-07-13 07:46:21,770 INFO  util.JmxRegister (JmxRegister.java:tryRegister(44)) - Successfully registered JMX Bean with object name Ratis:service=RaftServer,group=group-489C7DD04583,id=725945e1-f11d-4591-9c35-bca7a7bb12b1
2019-07-13 07:46:21,772 INFO  pipeline.PipelineStateManager (PipelineStateManager.java:addPipeline(56)) - Created pipeline Pipeline[ Id: c72670cb-dc5a-4974-b29c-489c7dd04583, Nodes: 725945e1-f11d-4591-9c35-bca7a7bb12b1{ip: 192.168.69.84, host: trunk-nightly-9lh4p-2362225927, networkLocation: /default-rack, certSerialId: null}, Type:RATIS, Factor:ONE, State:OPEN]
2019-07-13 07:46:21,939 INFO  node.SCMNodeManager (SCMNodeManager.java:register(269)) - Registered Data node : 31cc92b9-dce5-4312-afa8-f8fbf4207340{ip: 192.168.69.84, host: trunk-nightly-9lh4p-2362225927, networkLocation: /default-rack, certSerialId: null}
2019-07-13 07:46:21,949 INFO  impl.RaftServerProxy (RaftServerProxy.java:addNew(89)) - 31cc92b9-dce5-4312-afa8-f8fbf4207340: addNew group-0A7627C31D7B:[31cc92b9-dce5-4312-afa8-f8fbf4207340:192.168.69.84:46028] returns group-0A7627C31D7B:java.util.concurrent.CompletableFuture@2fd2abf1[Not completed]
2019-07-13 07:46:21,950 INFO  impl.RaftServerImpl (RaftServerImpl.java:<init>(93)) - 31cc92b9-dce5-4312-afa8-f8fbf4207340: new RaftServerImpl for group-0A7627C31D7B:[31cc92b9-dce5-4312-afa8-f8fbf4207340:192.168.69.84:46028] with ContainerStateMachine:uninitialized
2019-07-13 07:46:21,950 INFO  server.RaftServerConfigKeys (ConfUtils.java:logGet(43)) - raft.server.rpc.timeout.min = 5s (custom)
2019-07-13 07:46:21,950 INFO  server.RaftServerConfigKeys (ConfUtils.java:logGet(43)) - raft.server.rpc.timeout.max = 5200ms (custom)
2019-07-13 07:46:21,950 INFO  server.RaftServerConfigKeys (ConfUtils.java:logGet(43)) - raft.server.rpcslowness.timeout = 120s (custom)
2019-07-13 07:46:21,951 INFO  server.RaftServerConfigKeys (ConfUtils.java:logGet(43)) - raft.server.sleep.deviation.threshold = 300 (default)
2019-07-13 07:46:21,951 INFO  server.RaftServerConfigKeys (ConfUtils.java:logGet(43)) - raft.server.log.appender.install.snapshot.enabled = false (custom)
2019-07-13 07:46:21,951 INFO  impl.RaftServerImpl (ServerState.java:<init>(105)) - 31cc92b9-dce5-4312-afa8-f8fbf4207340:group-0A7627C31D7B ConfigurationManager, init=-1: [31cc92b9-dce5-4312-afa8-f8fbf4207340:192.168.69.84:46028], old=null, confs=<EMPTY_MAP>
2019-07-13 07:46:21,951 INFO  server.RaftServerConfigKeys (ConfUtils.java:logGet(43)) - raft.server.storage.dir = [/tmp/workdir/hadoop-ozone/integration-test/target/test-dir/MiniOzoneClusterImpl-487749ed-5fa8-466c-a363-f34ace555a1b/datanode-5/data/ratis] (custom)
2019-07-13 07:46:21,952 INFO  storage.RaftStorageDirectory (RaftStorageDirectory.java:analyzeStorage(246)) - The storage directory /tmp/workdir/hadoop-ozone/integration-test/target/test-dir/MiniOzoneClusterImpl-487749ed-5fa8-466c-a363-f34ace555a1b/datanode-5/data/ratis/1ceba496-8d97-42d6-b356-0a7627c31d7b does not exist. Creating ...
2019-07-13 07:46:21,966 INFO  storage.RaftStorageDirectory (RaftStorageDirectory.java:tryLock(328)) - Lock on /tmp/workdir/hadoop-ozone/integration-test/target/test-dir/MiniOzoneClusterImpl-487749ed-5fa8-466c-a363-f34ace555a1b/datanode-5/data/ratis/1ceba496-8d97-42d6-b356-0a7627c31d7b/in_use.lock acquired by nodename 17101@trunk-nightly-9lh4p-2362225927
2019-07-13 07:46:21,986 INFO  storage.RaftStorage (RaftStorage.java:format(72)) - Storage directory /tmp/workdir/hadoop-ozone/integration-test/target/test-dir/MiniOzoneClusterImpl-487749ed-5fa8-466c-a363-f34ace555a1b/datanode-5/data/ratis/1ceba496-8d97-42d6-b356-0a7627c31d7b has been successfully formatted.
2019-07-13 07:46:21,986 INFO  ratis.ContainerStateMachine (ContainerStateMachine.java:loadSnapshot(200)) - The snapshot info is null.Setting the last applied index to:(t:0, i:~)
2019-07-13 07:46:21,986 INFO  server.RaftServerConfigKeys (ConfUtils.java:logGet(43)) - raft.server.leader.election.timeout = 120s (custom)
2019-07-13 07:46:21,986 INFO  server.RaftServerConfigKeys (ConfUtils.java:logGet(43)) - raft.server.log.use.memory = false (default)
2019-07-13 07:46:21,987 INFO  server.RaftServerConfigKeys (ConfUtils.java:logGet(43)) - raft.server.log.purge.gap = 1000000000 (custom)
2019-07-13 07:46:21,987 INFO  server.RaftServerConfigKeys (ConfUtils.java:logGet(43)) - raft.server.log.appender.buffer.byte-limit = 33554432 (custom)
2019-07-13 07:46:21,987 INFO  server.RaftServerConfigKeys (ConfUtils.java:logGet(43)) - raft.server.log.segment.size.max = 1048576 (custom)
2019-07-13 07:46:21,987 INFO  server.RaftServerConfigKeys (ConfUtils.java:logGet(43)) - raft.server.log.segment.cache.num.max = 2 (custom)
2019-07-13 07:46:21,987 INFO  segmented.SegmentedRaftLogWorker (SegmentedRaftLogWorker.java:<init>(172)) - new 31cc92b9-dce5-4312-afa8-f8fbf4207340-SegmentedRaftLogWorker:Storage Directory /tmp/workdir/hadoop-ozone/integration-test/target/test-dir/MiniOzoneClusterImpl-487749ed-5fa8-466c-a363-f34ace555a1b/datanode-5/data/ratis/1ceba496-8d97-42d6-b356-0a7627c31d7b for RaftStorage:Storage Directory /tmp/workdir/hadoop-ozone/integration-test/target/test-dir/MiniOzoneClusterImpl-487749ed-5fa8-466c-a363-f34ace555a1b/datanode-5/data/ratis/1ceba496-8d97-42d6-b356-0a7627c31d7b
2019-07-13 07:46:21,988 INFO  server.RaftServerConfigKeys (ConfUtils.java:logGet(43)) - raft.server.log.queue.byte-limit = 2147483647 (custom)
2019-07-13 07:46:21,988 INFO  server.RaftServerConfigKeys (ConfUtils.java:logGet(43)) - raft.server.log.queue.element-limit = 1024 (custom)
2019-07-13 07:46:21,988 INFO  server.RaftServerConfigKeys (ConfUtils.java:logGet(43)) - raft.server.log.segment.size.max = 1048576 (custom)
2019-07-13 07:46:21,988 INFO  server.RaftServerConfigKeys (ConfUtils.java:logGet(43)) - raft.server.log.preallocated.size = 16384 (custom)
2019-07-13 07:46:21,989 INFO  server.RaftServerConfigKeys (ConfUtils.java:logGet(43)) - raft.server.log.write.buffer.size = 33554432 (custom)
2019-07-13 07:46:21,989 INFO  server.RaftServerConfigKeys (ConfUtils.java:logGet(43)) - raft.server.log.force.sync.num = 128 (default)
2019-07-13 07:46:21,989 INFO  server.RaftServerConfigKeys (ConfUtils.java:logGet(43)) - raft.server.log.statemachine.data.sync = true (default)
2019-07-13 07:46:21,989 INFO  server.RaftServerConfigKeys (ConfUtils.java:logGet(43)) - raft.server.log.statemachine.data.sync.timeout = 10s (default)
2019-07-13 07:46:21,989 INFO  server.RaftServerConfigKeys (ConfUtils.java:logGet(43)) - raft.server.log.statemachine.data.sync.timeout.retry = -1 (default)
2019-07-13 07:46:21,990 INFO  server.RaftServerConfigKeys (ConfUtils.java:logGet(43)) - raft.server.log.statemachine.data.caching.enabled = true (custom)
2019-07-13 07:46:21,990 INFO  segmented.SegmentedRaftLogWorker (SegmentedRaftLogWorker.java:lambda$new$0(132)) - 31cc92b9-dce5-4312-afa8-f8fbf4207340-SegmentedRaftLogWorker:Storage Directory /tmp/workdir/hadoop-ozone/integration-test/target/test-dir/MiniOzoneClusterImpl-487749ed-5fa8-466c-a363-f34ace555a1b/datanode-5/data/ratis/1ceba496-8d97-42d6-b356-0a7627c31d7b: flushIndex: setUnconditionally 0 -> -1
2019-07-13 07:46:21,990 INFO  server.RaftServerConfigKeys (ConfUtils.java:logGet(43)) - raft.server.snapshot.auto.trigger.enabled = true (custom)
2019-07-13 07:46:21,991 INFO  server.RaftServerConfigKeys (ConfUtils.java:logGet(43)) - raft.server.snapshot.auto.trigger.threshold = 10000 (custom)
2019-07-13 07:46:21,991 INFO  server.RaftServerConfigKeys (ConfUtils.java:logGet(43)) - raft.server.retrycache.expirytime = 600000ms (custom)
2019-07-13 07:46:21,991 INFO  impl.RaftServerImpl (RaftServerImpl.java:start(180)) - 31cc92b9-dce5-4312-afa8-f8fbf4207340: start group-0A7627C31D7B
2019-07-13 07:46:21,991 INFO  impl.RaftServerImpl (RaftServerImpl.java:setRole(171)) - 31cc92b9-dce5-4312-afa8-f8fbf4207340:group-0A7627C31D7B changes role from null to FOLLOWER at term 0 for startAsFollower
2019-07-13 07:46:21,991 INFO  impl.RoleInfo (RoleInfo.java:updateAndGet(143)) - 31cc92b9-dce5-4312-afa8-f8fbf4207340: start FollowerState
2019-07-13 07:46:21,992 INFO  util.JmxRegister (JmxRegister.java:tryRegister(44)) - Successfully registered JMX Bean with object name Ratis:service=RaftServer,group=group-0A7627C31D7B,id=31cc92b9-dce5-4312-afa8-f8fbf4207340
2019-07-13 07:46:21,995 INFO  pipeline.PipelineStateManager (PipelineStateManager.java:addPipeline(56)) - Created pipeline Pipeline[ Id: 1ceba496-8d97-42d6-b356-0a7627c31d7b, Nodes: 31cc92b9-dce5-4312-afa8-f8fbf4207340{ip: 192.168.69.84, host: trunk-nightly-9lh4p-2362225927, networkLocation: /default-rack, certSerialId: null}, Type:RATIS, Factor:ONE, State:OPEN]
2019-07-13 07:46:22,012 INFO  impl.RaftServerProxy (RaftServerProxy.java:addNew(89)) - 725945e1-f11d-4591-9c35-bca7a7bb12b1: addNew group-F5E1443B2B7C:[31cc92b9-dce5-4312-afa8-f8fbf4207340:192.168.69.84:46028, c98025ee-4765-40ec-be79-c1ab36f8aa48:192.168.69.84:41016, 725945e1-f11d-4591-9c35-bca7a7bb12b1:192.168.69.84:44805] returns group-F5E1443B2B7C:java.util.concurrent.CompletableFuture@268cdeed[Not completed]
2019-07-13 07:46:22,012 INFO  impl.RaftServerProxy (RaftServerProxy.java:addNew(89)) - c98025ee-4765-40ec-be79-c1ab36f8aa48: addNew group-F5E1443B2B7C:[31cc92b9-dce5-4312-afa8-f8fbf4207340:192.168.69.84:46028, c98025ee-4765-40ec-be79-c1ab36f8aa48:192.168.69.84:41016, 725945e1-f11d-4591-9c35-bca7a7bb12b1:192.168.69.84:44805] returns group-F5E1443B2B7C:java.util.concurrent.CompletableFuture@5a09a486[Not completed]
2019-07-13 07:46:22,012 INFO  impl.RaftServerProxy (RaftServerProxy.java:addNew(89)) - 31cc92b9-dce5-4312-afa8-f8fbf4207340: addNew group-F5E1443B2B7C:[31cc92b9-dce5-4312-afa8-f8fbf4207340:192.168.69.84:46028, c98025ee-4765-40ec-be79-c1ab36f8aa48:192.168.69.84:41016, 725945e1-f11d-4591-9c35-bca7a7bb12b1:192.168.69.84:44805] returns group-F5E1443B2B7C:java.util.concurrent.CompletableFuture@469a9d70[Not completed]
2019-07-13 07:46:22,014 INFO  impl.RaftServerImpl (RaftServerImpl.java:<init>(93)) - 725945e1-f11d-4591-9c35-bca7a7bb12b1: new RaftServerImpl for group-F5E1443B2B7C:[31cc92b9-dce5-4312-afa8-f8fbf4207340:192.168.69.84:46028, c98025ee-4765-40ec-be79-c1ab36f8aa48:192.168.69.84:41016, 725945e1-f11d-4591-9c35-bca7a7bb12b1:192.168.69.84:44805] with ContainerStateMachine:uninitialized
2019-07-13 07:46:22,014 INFO  server.RaftServerConfigKeys (ConfUtils.java:logGet(43)) - raft.server.rpc.timeout.min = 5s (custom)
2019-07-13 07:46:22,014 INFO  server.RaftServerConfigKeys (ConfUtils.java:logGet(43)) - raft.server.rpc.timeout.max = 5200ms (custom)
2019-07-13 07:46:22,014 INFO  server.RaftServerConfigKeys (ConfUtils.java:logGet(43)) - raft.server.rpcslowness.timeout = 120s (custom)
2019-07-13 07:46:22,014 INFO  impl.RaftServerImpl (RaftServerImpl.java:<init>(93)) - 31cc92b9-dce5-4312-afa8-f8fbf4207340: new RaftServerImpl for group-F5E1443B2B7C:[31cc92b9-dce5-4312-afa8-f8fbf4207340:192.168.69.84:46028, c98025ee-4765-40ec-be79-c1ab36f8aa48:192.168.69.84:41016, 725945e1-f11d-4591-9c35-bca7a7bb12b1:192.168.69.84:44805] with ContainerStateMachine:uninitialized
2019-07-13 07:46:22,014 INFO  server.RaftServerConfigKeys (ConfUtils.java:logGet(43)) - raft.server.sleep.deviation.threshold = 300 (default)
2019-07-13 07:46:22,014 INFO  server.RaftServerConfigKeys (ConfUtils.java:logGet(43)) - raft.server.rpc.timeout.min = 5s (custom)
2019-07-13 07:46:22,015 INFO  server.RaftServerConfigKeys (ConfUtils.java:logGet(43)) - raft.server.log.appender.install.snapshot.enabled = false (custom)
2019-07-13 07:46:22,015 INFO  server.RaftServerConfigKeys (ConfUtils.java:logGet(43)) - raft.server.rpc.timeout.max = 5200ms (custom)
2019-07-13 07:46:22,015 INFO  impl.RaftServerImpl (RaftServerImpl.java:<init>(93)) - c98025ee-4765-40ec-be79-c1ab36f8aa48: new RaftServerImpl for group-F5E1443B2B7C:[31cc92b9-dce5-4312-afa8-f8fbf4207340:192.168.69.84:46028, c98025ee-4765-40ec-be79-c1ab36f8aa48:192.168.69.84:41016, 725945e1-f11d-4591-9c35-bca7a7bb12b1:192.168.69.84:44805] with ContainerStateMachine:uninitialized
2019-07-13 07:46:22,015 INFO  impl.RaftServerImpl (ServerState.java:<init>(105)) - 725945e1-f11d-4591-9c35-bca7a7bb12b1:group-F5E1443B2B7C ConfigurationManager, init=-1: [31cc92b9-dce5-4312-afa8-f8fbf4207340:192.168.69.84:46028, c98025ee-4765-40ec-be79-c1ab36f8aa48:192.168.69.84:41016, 725945e1-f11d-4591-9c35-bca7a7bb12b1:192.168.69.84:44805], old=null, confs=<EMPTY_MAP>
2019-07-13 07:46:22,015 INFO  server.RaftServerConfigKeys (ConfUtils.java:logGet(43)) - raft.server.rpc.timeout.min = 5s (custom)
2019-07-13 07:46:22,015 INFO  server.RaftServerConfigKeys (ConfUtils.java:logGet(43)) - raft.server.rpcslowness.timeout = 120s (custom)
2019-07-13 07:46:22,016 INFO  server.RaftServerConfigKeys (ConfUtils.java:logGet(43)) - raft.server.rpc.timeout.max = 5200ms (custom)
2019-07-13 07:46:22,015 INFO  server.RaftServerConfigKeys (ConfUtils.java:logGet(43)) - raft.server.storage.dir = [/tmp/workdir/hadoop-ozone/integration-test/target/test-dir/MiniOzoneClusterImpl-487749ed-5fa8-466c-a363-f34ace555a1b/datanode-4/data/ratis] (custom)
2019-07-13 07:46:22,016 INFO  server.RaftServerConfigKeys (ConfUtils.java:logGet(43)) - raft.server.rpcslowness.timeout = 120s (custom)
2019-07-13 07:46:22,016 INFO  server.RaftServerConfigKeys (ConfUtils.java:logGet(43)) - raft.server.sleep.deviation.threshold = 300 (default)
2019-07-13 07:46:22,016 INFO  storage.RaftStorageDirectory (RaftStorageDirectory.java:analyzeStorage(246)) - The storage directory /tmp/workdir/hadoop-ozone/integration-test/target/test-dir/MiniOzoneClusterImpl-487749ed-5fa8-466c-a363-f34ace555a1b/datanode-4/data/ratis/839c12e0-1575-4b5c-9c26-f5e1443b2b7c does not exist. Creating ...
2019-07-13 07:46:22,016 INFO  server.RaftServerConfigKeys (ConfUtils.java:logGet(43)) - raft.server.sleep.deviation.threshold = 300 (default)
2019-07-13 07:46:22,016 INFO  server.RaftServerConfigKeys (ConfUtils.java:logGet(43)) - raft.server.log.appender.install.snapshot.enabled = false (custom)
2019-07-13 07:46:22,017 INFO  server.RaftServerConfigKeys (ConfUtils.java:logGet(43)) - raft.server.log.appender.install.snapshot.enabled = false (custom)
2019-07-13 07:46:22,017 INFO  impl.RaftServerImpl (ServerState.java:<init>(105)) - 31cc92b9-dce5-4312-afa8-f8fbf4207340:group-F5E1443B2B7C ConfigurationManager, init=-1: [31cc92b9-dce5-4312-afa8-f8fbf4207340:192.168.69.84:46028, c98025ee-4765-40ec-be79-c1ab36f8aa48:192.168.69.84:41016, 725945e1-f11d-4591-9c35-bca7a7bb12b1:192.168.69.84:44805], old=null, confs=<EMPTY_MAP>
2019-07-13 07:46:22,017 INFO  impl.RaftServerImpl (ServerState.java:<init>(105)) - c98025ee-4765-40ec-be79-c1ab36f8aa48:group-F5E1443B2B7C ConfigurationManager, init=-1: [31cc92b9-dce5-4312-afa8-f8fbf4207340:192.168.69.84:46028, c98025ee-4765-40ec-be79-c1ab36f8aa48:192.168.69.84:41016, 725945e1-f11d-4591-9c35-bca7a7bb12b1:192.168.69.84:44805], old=null, confs=<EMPTY_MAP>
2019-07-13 07:46:22,017 INFO  server.RaftServerConfigKeys (ConfUtils.java:logGet(43)) - raft.server.storage.dir = [/tmp/workdir/hadoop-ozone/integration-test/target/test-dir/MiniOzoneClusterImpl-487749ed-5fa8-466c-a363-f34ace555a1b/datanode-5/data/ratis] (custom)
2019-07-13 07:46:22,017 INFO  server.RaftServerConfigKeys (ConfUtils.java:logGet(43)) - raft.server.storage.dir = [/tmp/workdir/hadoop-ozone/integration-test/target/test-dir/MiniOzoneClusterImpl-487749ed-5fa8-466c-a363-f34ace555a1b/datanode-3/data/ratis] (custom)
2019-07-13 07:46:22,017 INFO  storage.RaftStorageDirectory (RaftStorageDirectory.java:analyzeStorage(246)) - The storage directory /tmp/workdir/hadoop-ozone/integration-test/target/test-dir/MiniOzoneClusterImpl-487749ed-5fa8-466c-a363-f34ace555a1b/datanode-5/data/ratis/839c12e0-1575-4b5c-9c26-f5e1443b2b7c does not exist. Creating ...
2019-07-13 07:46:22,018 INFO  storage.RaftStorageDirectory (RaftStorageDirectory.java:analyzeStorage(246)) - The storage directory /tmp/workdir/hadoop-ozone/integration-test/target/test-dir/MiniOzoneClusterImpl-487749ed-5fa8-466c-a363-f34ace555a1b/datanode-3/data/ratis/839c12e0-1575-4b5c-9c26-f5e1443b2b7c does not exist. Creating ...
2019-07-13 07:46:22,030 INFO  storage.RaftStorageDirectory (RaftStorageDirectory.java:tryLock(328)) - Lock on /tmp/workdir/hadoop-ozone/integration-test/target/test-dir/MiniOzoneClusterImpl-487749ed-5fa8-466c-a363-f34ace555a1b/datanode-4/data/ratis/839c12e0-1575-4b5c-9c26-f5e1443b2b7c/in_use.lock acquired by nodename 17101@trunk-nightly-9lh4p-2362225927
2019-07-13 07:46:22,030 INFO  storage.RaftStorageDirectory (RaftStorageDirectory.java:tryLock(328)) - Lock on /tmp/workdir/hadoop-ozone/integration-test/target/test-dir/MiniOzoneClusterImpl-487749ed-5fa8-466c-a363-f34ace555a1b/datanode-5/data/ratis/839c12e0-1575-4b5c-9c26-f5e1443b2b7c/in_use.lock acquired by nodename 17101@trunk-nightly-9lh4p-2362225927
2019-07-13 07:46:22,030 INFO  storage.RaftStorageDirectory (RaftStorageDirectory.java:tryLock(328)) - Lock on /tmp/workdir/hadoop-ozone/integration-test/target/test-dir/MiniOzoneClusterImpl-487749ed-5fa8-466c-a363-f34ace555a1b/datanode-3/data/ratis/839c12e0-1575-4b5c-9c26-f5e1443b2b7c/in_use.lock acquired by nodename 17101@trunk-nightly-9lh4p-2362225927
2019-07-13 07:46:22,043 INFO  storage.RaftStorage (RaftStorage.java:format(72)) - Storage directory /tmp/workdir/hadoop-ozone/integration-test/target/test-dir/MiniOzoneClusterImpl-487749ed-5fa8-466c-a363-f34ace555a1b/datanode-5/data/ratis/839c12e0-1575-4b5c-9c26-f5e1443b2b7c has been successfully formatted.
2019-07-13 07:46:22,043 INFO  storage.RaftStorage (RaftStorage.java:format(72)) - Storage directory /tmp/workdir/hadoop-ozone/integration-test/target/test-dir/MiniOzoneClusterImpl-487749ed-5fa8-466c-a363-f34ace555a1b/datanode-3/data/ratis/839c12e0-1575-4b5c-9c26-f5e1443b2b7c has been successfully formatted.
2019-07-13 07:46:22,043 INFO  storage.RaftStorage (RaftStorage.java:format(72)) - Storage directory /tmp/workdir/hadoop-ozone/integration-test/target/test-dir/MiniOzoneClusterImpl-487749ed-5fa8-466c-a363-f34ace555a1b/datanode-4/data/ratis/839c12e0-1575-4b5c-9c26-f5e1443b2b7c has been successfully formatted.
2019-07-13 07:46:22,044 INFO  ratis.ContainerStateMachine (ContainerStateMachine.java:loadSnapshot(200)) - The snapshot info is null.Setting the last applied index to:(t:0, i:~)
2019-07-13 07:46:22,043 INFO  ratis.ContainerStateMachine (ContainerStateMachine.java:loadSnapshot(200)) - The snapshot info is null.Setting the last applied index to:(t:0, i:~)
2019-07-13 07:46:22,044 INFO  server.RaftServerConfigKeys (ConfUtils.java:logGet(43)) - raft.server.leader.election.timeout = 120s (custom)
2019-07-13 07:46:22,044 INFO  ratis.ContainerStateMachine (ContainerStateMachine.java:loadSnapshot(200)) - The snapshot info is null.Setting the last applied index to:(t:0, i:~)
2019-07-13 07:46:22,044 INFO  server.RaftServerConfigKeys (ConfUtils.java:logGet(43)) - raft.server.log.use.memory = false (default)
2019-07-13 07:46:22,044 INFO  server.RaftServerConfigKeys (ConfUtils.java:logGet(43)) - raft.server.leader.election.timeout = 120s (custom)
2019-07-13 07:46:22,045 INFO  server.RaftServerConfigKeys (ConfUtils.java:logGet(43)) - raft.server.log.purge.gap = 1000000000 (custom)
2019-07-13 07:46:22,044 INFO  server.RaftServerConfigKeys (ConfUtils.java:logGet(43)) - raft.server.leader.election.timeout = 120s (custom)
2019-07-13 07:46:22,045 INFO  server.RaftServerConfigKeys (ConfUtils.java:logGet(43)) - raft.server.log.appender.buffer.byte-limit = 33554432 (custom)
2019-07-13 07:46:22,045 INFO  server.RaftServerConfigKeys (ConfUtils.java:logGet(43)) - raft.server.log.use.memory = false (default)
2019-07-13 07:46:22,045 INFO  server.RaftServerConfigKeys (ConfUtils.java:logGet(43)) - raft.server.log.segment.size.max = 1048576 (custom)
2019-07-13 07:46:22,045 INFO  server.RaftServerConfigKeys (ConfUtils.java:logGet(43)) - raft.server.log.use.memory = false (default)
2019-07-13 07:46:22,046 INFO  server.RaftServerConfigKeys (ConfUtils.java:logGet(43)) - raft.server.log.segment.cache.num.max = 2 (custom)
2019-07-13 07:46:22,045 INFO  server.RaftServerConfigKeys (ConfUtils.java:logGet(43)) - raft.server.log.purge.gap = 1000000000 (custom)
2019-07-13 07:46:22,046 INFO  segmented.SegmentedRaftLogWorker (SegmentedRaftLogWorker.java:<init>(172)) - new c98025ee-4765-40ec-be79-c1ab36f8aa48-SegmentedRaftLogWorker:Storage Directory /tmp/workdir/hadoop-ozone/integration-test/target/test-dir/MiniOzoneClusterImpl-487749ed-5fa8-466c-a363-f34ace555a1b/datanode-3/data/ratis/839c12e0-1575-4b5c-9c26-f5e1443b2b7c for RaftStorage:Storage Directory /tmp/workdir/hadoop-ozone/integration-test/target/test-dir/MiniOzoneClusterImpl-487749ed-5fa8-466c-a363-f34ace555a1b/datanode-3/data/ratis/839c12e0-1575-4b5c-9c26-f5e1443b2b7c
2019-07-13 07:46:22,046 INFO  server.RaftServerConfigKeys (ConfUtils.java:logGet(43)) - raft.server.log.purge.gap = 1000000000 (custom)
2019-07-13 07:46:22,046 INFO  server.RaftServerConfigKeys (ConfUtils.java:logGet(43)) - raft.server.log.queue.byte-limit = 2147483647 (custom)
2019-07-13 07:46:22,046 INFO  server.RaftServerConfigKeys (ConfUtils.java:logGet(43)) - raft.server.log.appender.buffer.byte-limit = 33554432 (custom)
2019-07-13 07:46:22,047 INFO  server.RaftServerConfigKeys (ConfUtils.java:logGet(43)) - raft.server.log.queue.element-limit = 1024 (custom)
2019-07-13 07:46:22,046 INFO  server.RaftServerConfigKeys (ConfUtils.java:logGet(43)) - raft.server.log.appender.buffer.byte-limit = 33554432 (custom)
2019-07-13 07:46:22,047 INFO  server.RaftServerConfigKeys (ConfUtils.java:logGet(43)) - raft.server.log.segment.size.max = 1048576 (custom)
2019-07-13 07:46:22,047 INFO  server.RaftServerConfigKeys (ConfUtils.java:logGet(43)) - raft.server.log.preallocated.size = 16384 (custom)
2019-07-13 07:46:22,047 INFO  server.RaftServerConfigKeys (ConfUtils.java:logGet(43)) - raft.server.log.segment.size.max = 1048576 (custom)
2019-07-13 07:46:22,047 INFO  server.RaftServerConfigKeys (ConfUtils.java:logGet(43)) - raft.server.log.write.buffer.size = 33554432 (custom)
2019-07-13 07:46:22,047 INFO  server.RaftServerConfigKeys (ConfUtils.java:logGet(43)) - raft.server.log.segment.size.max = 1048576 (custom)
2019-07-13 07:46:22,048 INFO  server.RaftServerConfigKeys (ConfUtils.java:logGet(43)) - raft.server.log.force.sync.num = 128 (default)
2019-07-13 07:46:22,048 INFO  server.RaftServerConfigKeys (ConfUtils.java:logGet(43)) - raft.server.log.segment.cache.num.max = 2 (custom)
2019-07-13 07:46:22,048 INFO  server.RaftServerConfigKeys (ConfUtils.java:logGet(43)) - raft.server.log.statemachine.data.sync = true (default)
2019-07-13 07:46:22,048 INFO  server.RaftServerConfigKeys (ConfUtils.java:logGet(43)) - raft.server.log.segment.cache.num.max = 2 (custom)
2019-07-13 07:46:22,048 INFO  segmented.SegmentedRaftLogWorker (SegmentedRaftLogWorker.java:<init>(172)) - new 31cc92b9-dce5-4312-afa8-f8fbf4207340-SegmentedRaftLogWorker:Storage Directory /tmp/workdir/hadoop-ozone/integration-test/target/test-dir/MiniOzoneClusterImpl-487749ed-5fa8-466c-a363-f34ace555a1b/datanode-5/data/ratis/839c12e0-1575-4b5c-9c26-f5e1443b2b7c for RaftStorage:Storage Directory /tmp/workdir/hadoop-ozone/integration-test/target/test-dir/MiniOzoneClusterImpl-487749ed-5fa8-466c-a363-f34ace555a1b/datanode-5/data/ratis/839c12e0-1575-4b5c-9c26-f5e1443b2b7c
2019-07-13 07:46:22,049 INFO  server.RaftServerConfigKeys (ConfUtils.java:logGet(43)) - raft.server.log.statemachine.data.sync.timeout = 10s (default)
2019-07-13 07:46:22,049 INFO  segmented.SegmentedRaftLogWorker (SegmentedRaftLogWorker.java:<init>(172)) - new 725945e1-f11d-4591-9c35-bca7a7bb12b1-SegmentedRaftLogWorker:Storage Directory /tmp/workdir/hadoop-ozone/integration-test/target/test-dir/MiniOzoneClusterImpl-487749ed-5fa8-466c-a363-f34ace555a1b/datanode-4/data/ratis/839c12e0-1575-4b5c-9c26-f5e1443b2b7c for RaftStorage:Storage Directory /tmp/workdir/hadoop-ozone/integration-test/target/test-dir/MiniOzoneClusterImpl-487749ed-5fa8-466c-a363-f34ace555a1b/datanode-4/data/ratis/839c12e0-1575-4b5c-9c26-f5e1443b2b7c
2019-07-13 07:46:22,049 INFO  server.RaftServerConfigKeys (ConfUtils.java:logGet(43)) - raft.server.log.statemachine.data.sync.timeout.retry = -1 (default)
2019-07-13 07:46:22,049 INFO  server.RaftServerConfigKeys (ConfUtils.java:logGet(43)) - raft.server.log.queue.byte-limit = 2147483647 (custom)
2019-07-13 07:46:22,049 INFO  server.RaftServerConfigKeys (ConfUtils.java:logGet(43)) - raft.server.log.statemachine.data.caching.enabled = true (custom)
2019-07-13 07:46:22,049 INFO  server.RaftServerConfigKeys (ConfUtils.java:logGet(43)) - raft.server.log.queue.byte-limit = 2147483647 (custom)
2019-07-13 07:46:22,050 INFO  server.RaftServerConfigKeys (ConfUtils.java:logGet(43)) - raft.server.log.queue.element-limit = 1024 (custom)
2019-07-13 07:46:22,050 INFO  segmented.SegmentedRaftLogWorker (SegmentedRaftLogWorker.java:lambda$new$0(132)) - c98025ee-4765-40ec-be79-c1ab36f8aa48-SegmentedRaftLogWorker:Storage Directory /tmp/workdir/hadoop-ozone/integration-test/target/test-dir/MiniOzoneClusterImpl-487749ed-5fa8-466c-a363-f34ace555a1b/datanode-3/data/ratis/839c12e0-1575-4b5c-9c26-f5e1443b2b7c: flushIndex: setUnconditionally 0 -> -1
2019-07-13 07:46:22,050 INFO  server.RaftServerConfigKeys (ConfUtils.java:logGet(43)) - raft.server.log.queue.element-limit = 1024 (custom)
2019-07-13 07:46:22,050 INFO  server.RaftServerConfigKeys (ConfUtils.java:logGet(43)) - raft.server.log.segment.size.max = 1048576 (custom)
2019-07-13 07:46:22,050 INFO  server.RaftServerConfigKeys (ConfUtils.java:logGet(43)) - raft.server.snapshot.auto.trigger.enabled = true (custom)
2019-07-13 07:46:22,050 INFO  server.RaftServerConfigKeys (ConfUtils.java:logGet(43)) - raft.server.log.segment.size.max = 1048576 (custom)
2019-07-13 07:46:22,051 INFO  server.RaftServerConfigKeys (ConfUtils.java:logGet(43)) - raft.server.snapshot.auto.trigger.threshold = 10000 (custom)
2019-07-13 07:46:22,051 INFO  server.RaftServerConfigKeys (ConfUtils.java:logGet(43)) - raft.server.log.preallocated.size = 16384 (custom)
2019-07-13 07:46:22,051 INFO  server.RaftServerConfigKeys (ConfUtils.java:logGet(43)) - raft.server.retrycache.expirytime = 600000ms (custom)
2019-07-13 07:46:22,051 INFO  server.RaftServerConfigKeys (ConfUtils.java:logGet(43)) - raft.server.log.preallocated.size = 16384 (custom)
2019-07-13 07:46:22,052 INFO  impl.RaftServerImpl (RaftServerImpl.java:start(180)) - c98025ee-4765-40ec-be79-c1ab36f8aa48: start group-F5E1443B2B7C
2019-07-13 07:46:22,051 INFO  server.RaftServerConfigKeys (ConfUtils.java:logGet(43)) - raft.server.log.write.buffer.size = 33554432 (custom)
2019-07-13 07:46:22,052 INFO  impl.RaftServerImpl (RaftServerImpl.java:setRole(171)) - c98025ee-4765-40ec-be79-c1ab36f8aa48:group-F5E1443B2B7C changes role from null to FOLLOWER at term 0 for startAsFollower
2019-07-13 07:46:22,052 INFO  server.RaftServerConfigKeys (ConfUtils.java:logGet(43)) - raft.server.log.write.buffer.size = 33554432 (custom)
2019-07-13 07:46:22,052 INFO  impl.RoleInfo (RoleInfo.java:updateAndGet(143)) - c98025ee-4765-40ec-be79-c1ab36f8aa48: start FollowerState
2019-07-13 07:46:22,052 INFO  server.RaftServerConfigKeys (ConfUtils.java:logGet(43)) - raft.server.log.force.sync.num = 128 (default)
2019-07-13 07:46:22,052 INFO  server.RaftServerConfigKeys (ConfUtils.java:logGet(43)) - raft.server.log.force.sync.num = 128 (default)
2019-07-13 07:46:22,053 INFO  server.RaftServerConfigKeys (ConfUtils.java:logGet(43)) - raft.server.log.statemachine.data.sync = true (default)
2019-07-13 07:46:22,053 INFO  server.RaftServerConfigKeys (ConfUtils.java:logGet(43)) - raft.server.log.statemachine.data.sync = true (default)
2019-07-13 07:46:22,053 INFO  util.JmxRegister (JmxRegister.java:tryRegister(44)) - Successfully registered JMX Bean with object name Ratis:service=RaftServer,group=group-F5E1443B2B7C,id=c98025ee-4765-40ec-be79-c1ab36f8aa48
2019-07-13 07:46:22,053 INFO  server.RaftServerConfigKeys (ConfUtils.java:logGet(43)) - raft.server.log.statemachine.data.sync.timeout = 10s (default)
2019-07-13 07:46:22,054 INFO  server.RaftServerConfigKeys (ConfUtils.java:logGet(43)) - raft.server.log.statemachine.data.sync.timeout.retry = -1 (default)
2019-07-13 07:46:22,053 INFO  server.RaftServerConfigKeys (ConfUtils.java:logGet(43)) - raft.server.log.statemachine.data.sync.timeout = 10s (default)
2019-07-13 07:46:22,054 INFO  server.RaftServerConfigKeys (ConfUtils.java:logGet(43)) - raft.server.log.statemachine.data.caching.enabled = true (custom)
2019-07-13 07:46:22,054 INFO  server.RaftServerConfigKeys (ConfUtils.java:logGet(43)) - raft.server.log.statemachine.data.sync.timeout.retry = -1 (default)
2019-07-13 07:46:22,054 INFO  segmented.SegmentedRaftLogWorker (SegmentedRaftLogWorker.java:lambda$new$0(132)) - 725945e1-f11d-4591-9c35-bca7a7bb12b1-SegmentedRaftLogWorker:Storage Directory /tmp/workdir/hadoop-ozone/integration-test/target/test-dir/MiniOzoneClusterImpl-487749ed-5fa8-466c-a363-f34ace555a1b/datanode-4/data/ratis/839c12e0-1575-4b5c-9c26-f5e1443b2b7c: flushIndex: setUnconditionally 0 -> -1
2019-07-13 07:46:22,054 INFO  server.RaftServerConfigKeys (ConfUtils.java:logGet(43)) - raft.server.log.statemachine.data.caching.enabled = true (custom)
2019-07-13 07:46:22,055 INFO  server.RaftServerConfigKeys (ConfUtils.java:logGet(43)) - raft.server.snapshot.auto.trigger.enabled = true (custom)
2019-07-13 07:46:22,055 INFO  segmented.SegmentedRaftLogWorker (SegmentedRaftLogWorker.java:lambda$new$0(132)) - 31cc92b9-dce5-4312-afa8-f8fbf4207340-SegmentedRaftLogWorker:Storage Directory /tmp/workdir/hadoop-ozone/integration-test/target/test-dir/MiniOzoneClusterImpl-487749ed-5fa8-466c-a363-f34ace555a1b/datanode-5/data/ratis/839c12e0-1575-4b5c-9c26-f5e1443b2b7c: flushIndex: setUnconditionally 0 -> -1
2019-07-13 07:46:22,055 INFO  server.RaftServerConfigKeys (ConfUtils.java:logGet(43)) - raft.server.snapshot.auto.trigger.threshold = 10000 (custom)
2019-07-13 07:46:22,055 INFO  server.RaftServerConfigKeys (ConfUtils.java:logGet(43)) - raft.server.snapshot.auto.trigger.enabled = true (custom)
2019-07-13 07:46:22,055 INFO  server.RaftServerConfigKeys (ConfUtils.java:logGet(43)) - raft.server.retrycache.expirytime = 600000ms (custom)
2019-07-13 07:46:22,056 INFO  server.RaftServerConfigKeys (ConfUtils.java:logGet(43)) - raft.server.snapshot.auto.trigger.threshold = 10000 (custom)
2019-07-13 07:46:22,056 INFO  impl.RaftServerImpl (RaftServerImpl.java:start(180)) - 725945e1-f11d-4591-9c35-bca7a7bb12b1: start group-F5E1443B2B7C
2019-07-13 07:46:22,056 INFO  server.RaftServerConfigKeys (ConfUtils.java:logGet(43)) - raft.server.retrycache.expirytime = 600000ms (custom)
2019-07-13 07:46:22,056 INFO  impl.RaftServerImpl (RaftServerImpl.java:setRole(171)) - 725945e1-f11d-4591-9c35-bca7a7bb12b1:group-F5E1443B2B7C changes role from null to FOLLOWER at term 0 for startAsFollower
2019-07-13 07:46:22,056 INFO  impl.RaftServerImpl (RaftServerImpl.java:start(180)) - 31cc92b9-dce5-4312-afa8-f8fbf4207340: start group-F5E1443B2B7C
2019-07-13 07:46:22,056 INFO  impl.RoleInfo (RoleInfo.java:updateAndGet(143)) - 725945e1-f11d-4591-9c35-bca7a7bb12b1: start FollowerState
2019-07-13 07:46:22,056 INFO  impl.RaftServerImpl (RaftServerImpl.java:setRole(171)) - 31cc92b9-dce5-4312-afa8-f8fbf4207340:group-F5E1443B2B7C changes role from null to FOLLOWER at term 0 for startAsFollower
2019-07-13 07:46:22,057 INFO  impl.RoleInfo (RoleInfo.java:updateAndGet(143)) - 31cc92b9-dce5-4312-afa8-f8fbf4207340: start FollowerState
2019-07-13 07:46:22,057 INFO  util.JmxRegister (JmxRegister.java:tryRegister(44)) - Successfully registered JMX Bean with object name Ratis:service=RaftServer,group=group-F5E1443B2B7C,id=725945e1-f11d-4591-9c35-bca7a7bb12b1
2019-07-13 07:46:22,057 INFO  util.JmxRegister (JmxRegister.java:tryRegister(44)) - Successfully registered JMX Bean with object name Ratis:service=RaftServer,group=group-F5E1443B2B7C,id=31cc92b9-dce5-4312-afa8-f8fbf4207340
2019-07-13 07:46:22,060 INFO  pipeline.PipelineStateManager (PipelineStateManager.java:addPipeline(56)) - Created pipeline Pipeline[ Id: 839c12e0-1575-4b5c-9c26-f5e1443b2b7c, Nodes: 31cc92b9-dce5-4312-afa8-f8fbf4207340{ip: 192.168.69.84, host: trunk-nightly-9lh4p-2362225927, networkLocation: /default-rack, certSerialId: null}c98025ee-4765-40ec-be79-c1ab36f8aa48{ip: 192.168.69.84, host: trunk-nightly-9lh4p-2362225927, networkLocation: /default-rack, certSerialId: null}725945e1-f11d-4591-9c35-bca7a7bb12b1{ip: 192.168.69.84, host: trunk-nightly-9lh4p-2362225927, networkLocation: /default-rack, certSerialId: null}, Type:RATIS, Factor:THREE, State:OPEN]
2019-07-13 07:46:22,160 INFO  ozone.MiniOzoneClusterImpl (MiniOzoneClusterImpl.java:lambda$waitForClusterToBeReady$0(142)) - Waiting for cluster to be ready. Got 6 of 7 DN Heartbeats.
2019-07-13 07:46:22,163 INFO  node.SCMNodeManager (SCMNodeManager.java:register(269)) - Registered Data node : aad43ef4-f334-4a1c-8f5d-01764ba3cf0f{ip: 192.168.69.84, host: trunk-nightly-9lh4p-2362225927, networkLocation: /default-rack, certSerialId: null}
2019-07-13 07:46:22,172 INFO  impl.RaftServerProxy (RaftServerProxy.java:addNew(89)) - aad43ef4-f334-4a1c-8f5d-01764ba3cf0f: addNew group-926FB88F252E:[aad43ef4-f334-4a1c-8f5d-01764ba3cf0f:192.168.69.84:45925] returns group-926FB88F252E:java.util.concurrent.CompletableFuture@10f2fe0f[Not completed]
2019-07-13 07:46:22,174 INFO  impl.RaftServerImpl (RaftServerImpl.java:<init>(93)) - aad43ef4-f334-4a1c-8f5d-01764ba3cf0f: new RaftServerImpl for group-926FB88F252E:[aad43ef4-f334-4a1c-8f5d-01764ba3cf0f:192.168.69.84:45925] with ContainerStateMachine:uninitialized
2019-07-13 07:46:22,174 INFO  server.RaftServerConfigKeys (ConfUtils.java:logGet(43)) - raft.server.rpc.timeout.min = 5s (custom)
2019-07-13 07:46:22,174 INFO  server.RaftServerConfigKeys (ConfUtils.java:logGet(43)) - raft.server.rpc.timeout.max = 5200ms (custom)
2019-07-13 07:46:22,174 INFO  server.RaftServerConfigKeys (ConfUtils.java:logGet(43)) - raft.server.rpcslowness.timeout = 120s (custom)
2019-07-13 07:46:22,174 INFO  server.RaftServerConfigKeys (ConfUtils.java:logGet(43)) - raft.server.sleep.deviation.threshold = 300 (default)
2019-07-13 07:46:22,175 INFO  server.RaftServerConfigKeys (ConfUtils.java:logGet(43)) - raft.server.log.appender.install.snapshot.enabled = false (custom)
2019-07-13 07:46:22,175 INFO  impl.RaftServerImpl (ServerState.java:<init>(105)) - aad43ef4-f334-4a1c-8f5d-01764ba3cf0f:group-926FB88F252E ConfigurationManager, init=-1: [aad43ef4-f334-4a1c-8f5d-01764ba3cf0f:192.168.69.84:45925], old=null, confs=<EMPTY_MAP>
2019-07-13 07:46:22,175 INFO  server.RaftServerConfigKeys (ConfUtils.java:logGet(43)) - raft.server.storage.dir = [/tmp/workdir/hadoop-ozone/integration-test/target/test-dir/MiniOzoneClusterImpl-487749ed-5fa8-466c-a363-f34ace555a1b/datanode-6/data/ratis] (custom)
2019-07-13 07:46:22,175 INFO  storage.RaftStorageDirectory (RaftStorageDirectory.java:analyzeStorage(246)) - The storage directory /tmp/workdir/hadoop-ozone/integration-test/target/test-dir/MiniOzoneClusterImpl-487749ed-5fa8-466c-a363-f34ace555a1b/datanode-6/data/ratis/31f395b5-509f-4c58-99a2-926fb88f252e does not exist. Creating ...
2019-07-13 07:46:22,188 INFO  storage.RaftStorageDirectory (RaftStorageDirectory.java:tryLock(328)) - Lock on /tmp/workdir/hadoop-ozone/integration-test/target/test-dir/MiniOzoneClusterImpl-487749ed-5fa8-466c-a363-f34ace555a1b/datanode-6/data/ratis/31f395b5-509f-4c58-99a2-926fb88f252e/in_use.lock acquired by nodename 17101@trunk-nightly-9lh4p-2362225927
2019-07-13 07:46:22,201 INFO  storage.RaftStorage (RaftStorage.java:format(72)) - Storage directory /tmp/workdir/hadoop-ozone/integration-test/target/test-dir/MiniOzoneClusterImpl-487749ed-5fa8-466c-a363-f34ace555a1b/datanode-6/data/ratis/31f395b5-509f-4c58-99a2-926fb88f252e has been successfully formatted.
2019-07-13 07:46:22,202 INFO  ratis.ContainerStateMachine (ContainerStateMachine.java:loadSnapshot(200)) - The snapshot info is null.Setting the last applied index to:(t:0, i:~)
2019-07-13 07:46:22,202 INFO  server.RaftServerConfigKeys (ConfUtils.java:logGet(43)) - raft.server.leader.election.timeout = 120s (custom)
2019-07-13 07:46:22,202 INFO  server.RaftServerConfigKeys (ConfUtils.java:logGet(43)) - raft.server.log.use.memory = false (default)
2019-07-13 07:46:22,202 INFO  server.RaftServerConfigKeys (ConfUtils.java:logGet(43)) - raft.server.log.purge.gap = 1000000000 (custom)
2019-07-13 07:46:22,202 INFO  server.RaftServerConfigKeys (ConfUtils.java:logGet(43)) - raft.server.log.appender.buffer.byte-limit = 33554432 (custom)
2019-07-13 07:46:22,203 INFO  server.RaftServerConfigKeys (ConfUtils.java:logGet(43)) - raft.server.log.segment.size.max = 1048576 (custom)
2019-07-13 07:46:22,203 INFO  server.RaftServerConfigKeys (ConfUtils.java:logGet(43)) - raft.server.log.segment.cache.num.max = 2 (custom)
2019-07-13 07:46:22,203 INFO  segmented.SegmentedRaftLogWorker (SegmentedRaftLogWorker.java:<init>(172)) - new aad43ef4-f334-4a1c-8f5d-01764ba3cf0f-SegmentedRaftLogWorker:Storage Directory /tmp/workdir/hadoop-ozone/integration-test/target/test-dir/MiniOzoneClusterImpl-487749ed-5fa8-466c-a363-f34ace555a1b/datanode-6/data/ratis/31f395b5-509f-4c58-99a2-926fb88f252e for RaftStorage:Storage Directory /tmp/workdir/hadoop-ozone/integration-test/target/test-dir/MiniOzoneClusterImpl-487749ed-5fa8-466c-a363-f34ace555a1b/datanode-6/data/ratis/31f395b5-509f-4c58-99a2-926fb88f252e
2019-07-13 07:46:22,203 INFO  server.RaftServerConfigKeys (ConfUtils.java:logGet(43)) - raft.server.log.queue.byte-limit = 2147483647 (custom)
2019-07-13 07:46:22,203 INFO  server.RaftServerConfigKeys (ConfUtils.java:logGet(43)) - raft.server.log.queue.element-limit = 1024 (custom)
2019-07-13 07:46:22,204 INFO  server.RaftServerConfigKeys (ConfUtils.java:logGet(43)) - raft.server.log.segment.size.max = 1048576 (custom)
2019-07-13 07:46:22,204 INFO  server.RaftServerConfigKeys (ConfUtils.java:logGet(43)) - raft.server.log.preallocated.size = 16384 (custom)
2019-07-13 07:46:22,204 INFO  server.RaftServerConfigKeys (ConfUtils.java:logGet(43)) - raft.server.log.write.buffer.size = 33554432 (custom)
2019-07-13 07:46:22,204 INFO  server.RaftServerConfigKeys (ConfUtils.java:logGet(43)) - raft.server.log.force.sync.num = 128 (default)
2019-07-13 07:46:22,204 INFO  server.RaftServerConfigKeys (ConfUtils.java:logGet(43)) - raft.server.log.statemachine.data.sync = true (default)
2019-07-13 07:46:22,204 INFO  server.RaftServerConfigKeys (ConfUtils.java:logGet(43)) - raft.server.log.statemachine.data.sync.timeout = 10s (default)
2019-07-13 07:46:22,205 INFO  server.RaftServerConfigKeys (ConfUtils.java:logGet(43)) - raft.server.log.statemachine.data.sync.timeout.retry = -1 (default)
2019-07-13 07:46:22,205 INFO  server.RaftServerConfigKeys (ConfUtils.java:logGet(43)) - raft.server.log.statemachine.data.caching.enabled = true (custom)
2019-07-13 07:46:22,205 INFO  segmented.SegmentedRaftLogWorker (SegmentedRaftLogWorker.java:lambda$new$0(132)) - aad43ef4-f334-4a1c-8f5d-01764ba3cf0f-SegmentedRaftLogWorker:Storage Directory /tmp/workdir/hadoop-ozone/integration-test/target/test-dir/MiniOzoneClusterImpl-487749ed-5fa8-466c-a363-f34ace555a1b/datanode-6/data/ratis/31f395b5-509f-4c58-99a2-926fb88f252e: flushIndex: setUnconditionally 0 -> -1
2019-07-13 07:46:22,206 INFO  server.RaftServerConfigKeys (ConfUtils.java:logGet(43)) - raft.server.snapshot.auto.trigger.enabled = true (custom)
2019-07-13 07:46:22,206 INFO  server.RaftServerConfigKeys (ConfUtils.java:logGet(43)) - raft.server.snapshot.auto.trigger.threshold = 10000 (custom)
2019-07-13 07:46:22,206 INFO  server.RaftServerConfigKeys (ConfUtils.java:logGet(43)) - raft.server.retrycache.expirytime = 600000ms (custom)
2019-07-13 07:46:22,206 INFO  impl.RaftServerImpl (RaftServerImpl.java:start(180)) - aad43ef4-f334-4a1c-8f5d-01764ba3cf0f: start group-926FB88F252E
2019-07-13 07:46:22,206 INFO  impl.RaftServerImpl (RaftServerImpl.java:setRole(171)) - aad43ef4-f334-4a1c-8f5d-01764ba3cf0f:group-926FB88F252E changes role from null to FOLLOWER at term 0 for startAsFollower
2019-07-13 07:46:22,207 INFO  impl.RoleInfo (RoleInfo.java:updateAndGet(143)) - aad43ef4-f334-4a1c-8f5d-01764ba3cf0f: start FollowerState
2019-07-13 07:46:22,207 INFO  util.JmxRegister (JmxRegister.java:tryRegister(44)) - Successfully registered JMX Bean with object name Ratis:service=RaftServer,group=group-926FB88F252E,id=aad43ef4-f334-4a1c-8f5d-01764ba3cf0f
2019-07-13 07:46:22,210 INFO  pipeline.PipelineStateManager (PipelineStateManager.java:addPipeline(56)) - Created pipeline Pipeline[ Id: 31f395b5-509f-4c58-99a2-926fb88f252e, Nodes: aad43ef4-f334-4a1c-8f5d-01764ba3cf0f{ip: 192.168.69.84, host: trunk-nightly-9lh4p-2362225927, networkLocation: /default-rack, certSerialId: null}, Type:RATIS, Factor:ONE, State:OPEN]
2019-07-13 07:46:23,160 INFO  ozone.MiniOzoneClusterImpl (MiniOzoneClusterImpl.java:lambda$waitForClusterToBeReady$0(142)) - Cluster is ready. Got 7 of 7 DN Heartbeats.
2019-07-13 07:46:23,209 INFO  rpc.RpcClient (RpcClient.java:createVolume(287)) - Creating Volume: testblockoutputstreamwithretries, with jenkins1000 as owner.
2019-07-13 07:46:23,228 INFO  rpc.RpcClient (RpcClient.java:createBucket(424)) - Creating Bucket: testblockoutputstreamwithretries/testblockoutputstreamwithretries, with Versioning false and Storage Type set to DISK and Encryption set to false 
2019-07-13 07:46:23,264 INFO  client.GrpcClientProtocolClient (GrpcClientProtocolClient.java:onNext(255)) - client-E8173B69D77F->35f792f5-4ff5-4df4-a20f-ebe4ee56e078: receive RaftClientReply:client-E8173B69D77F->35f792f5-4ff5-4df4-a20f-ebe4ee56e078@group-168EE6489F8D, cid=42, FAILED org.apache.ratis.protocol.NotLeaderException: Server 35f792f5-4ff5-4df4-a20f-ebe4ee56e078 is not the leader (null). Request must be sent to leader., logIndex=0, commits[35f792f5-4ff5-4df4-a20f-ebe4ee56e078:c-1]
2019-07-13 07:46:23,825 INFO  container.ReplicationManager (ReplicationManager.java:start(155)) - Starting Replication Monitor Thread.
2019-07-13 07:46:23,828 INFO  container.ReplicationManager (ReplicationManager.java:run(207)) - Replication Monitor Thread took 1 milliseconds for processing 4 containers.
2019-07-13 07:46:24,291 INFO  client.GrpcClientProtocolClient (GrpcClientProtocolClient.java:onNext(255)) - client-E8173B69D77F->dfcdd0cd-d7f3-4c51-a25f-466e2276d529: receive RaftClientReply:client-E8173B69D77F->dfcdd0cd-d7f3-4c51-a25f-466e2276d529@group-168EE6489F8D, cid=42, FAILED org.apache.ratis.protocol.NotLeaderException: Server dfcdd0cd-d7f3-4c51-a25f-466e2276d529 is not the leader (null). Request must be sent to leader., logIndex=0, commits[dfcdd0cd-d7f3-4c51-a25f-466e2276d529:c-1]
2019-07-13 07:46:25,315 INFO  client.GrpcClientProtocolClient (GrpcClientProtocolClient.java:onNext(255)) - client-E8173B69D77F->852a83c0-e248-4744-b21a-e29c86840c6d: receive RaftClientReply:client-E8173B69D77F->852a83c0-e248-4744-b21a-e29c86840c6d@group-168EE6489F8D, cid=42, FAILED org.apache.ratis.protocol.NotLeaderException: Server 852a83c0-e248-4744-b21a-e29c86840c6d is not the leader (null). Request must be sent to leader., logIndex=0, commits[852a83c0-e248-4744-b21a-e29c86840c6d:c-1]
2019-07-13 07:46:26,024 INFO  impl.FollowerState (FollowerState.java:run(106)) - 852a83c0-e248-4744-b21a-e29c86840c6d:group-60D53A29954B changes to CANDIDATE, lastRpcTime:5133, electionTimeout:5133ms
2019-07-13 07:46:26,024 INFO  impl.RoleInfo (RoleInfo.java:shutdownFollowerState(121)) - 852a83c0-e248-4744-b21a-e29c86840c6d: shutdown FollowerState
2019-07-13 07:46:26,025 INFO  impl.RaftServerImpl (RaftServerImpl.java:setRole(171)) - 852a83c0-e248-4744-b21a-e29c86840c6d:group-60D53A29954B changes role from FOLLOWER to CANDIDATE at term 0 for changeToCandidate
2019-07-13 07:46:26,025 INFO  impl.RoleInfo (RoleInfo.java:updateAndGet(143)) - 852a83c0-e248-4744-b21a-e29c86840c6d: start LeaderElection
2019-07-13 07:46:26,058 INFO  impl.LeaderElection (LeaderElection.java:askForVotes(181)) - 852a83c0-e248-4744-b21a-e29c86840c6d:group-60D53A29954B:LeaderElection17: begin an election at term 1 for -1: [852a83c0-e248-4744-b21a-e29c86840c6d:192.168.69.84:39915], old=null
2019-07-13 07:46:26,059 INFO  impl.RoleInfo (RoleInfo.java:shutdownLeaderElection(134)) - 852a83c0-e248-4744-b21a-e29c86840c6d: shutdown LeaderElection
2019-07-13 07:46:26,059 INFO  impl.RaftServerImpl (RaftServerImpl.java:setRole(171)) - 852a83c0-e248-4744-b21a-e29c86840c6d:group-60D53A29954B changes role from CANDIDATE to LEADER at term 1 for changeToLeader
2019-07-13 07:46:26,059 INFO  impl.RaftServerImpl (ServerState.java:setLeader(263)) - 852a83c0-e248-4744-b21a-e29c86840c6d:group-60D53A29954B change Leader from null to 852a83c0-e248-4744-b21a-e29c86840c6d at term 1 for becomeLeader, leader elected after 5174ms
2019-07-13 07:46:26,062 INFO  server.RaftServerConfigKeys (ConfUtils.java:logGet(43)) - raft.server.staging.catchup.gap = 1000 (default)
2019-07-13 07:46:26,062 INFO  server.RaftServerConfigKeys (ConfUtils.java:logGet(43)) - raft.server.rpc.sleep.time = 25ms (default)
2019-07-13 07:46:26,062 INFO  server.RaftServerConfigKeys (ConfUtils.java:logGet(43)) - raft.server.write.element-limit = 4096 (default)
2019-07-13 07:46:26,062 INFO  server.RaftServerConfigKeys (ConfUtils.java:logGet(43)) - raft.server.watch.timeout = 10s (default)
2019-07-13 07:46:26,063 INFO  server.RaftServerConfigKeys (ConfUtils.java:logGet(43)) - raft.server.watch.timeout.denomination = 1s (default)
2019-07-13 07:46:26,063 INFO  server.RaftServerConfigKeys (ConfUtils.java:logGet(43)) - raft.server.watch.element-limit = 65536 (default)
2019-07-13 07:46:26,063 INFO  impl.RoleInfo (RoleInfo.java:updateAndGet(143)) - 852a83c0-e248-4744-b21a-e29c86840c6d: start LeaderState
2019-07-13 07:46:26,063 INFO  segmented.SegmentedRaftLogWorker (SegmentedRaftLogWorker.java:startLogSegment(380)) - 852a83c0-e248-4744-b21a-e29c86840c6d-SegmentedRaftLogWorker:Storage Directory /tmp/workdir/hadoop-ozone/integration-test/target/test-dir/MiniOzoneClusterImpl-487749ed-5fa8-466c-a363-f34ace555a1b/datanode-0/data/ratis/f8f3c935-b0de-4051-8547-60d53a29954b: Starting segment from index:0
2019-07-13 07:46:26,064 INFO  impl.RaftServerImpl (ServerState.java:setRaftConf(361)) - 852a83c0-e248-4744-b21a-e29c86840c6d:group-60D53A29954B set configuration 0: [852a83c0-e248-4744-b21a-e29c86840c6d:192.168.69.84:39915], old=null at 0
2019-07-13 07:46:26,111 INFO  segmented.SegmentedRaftLogWorker (SegmentedRaftLogWorker.java:execute(569)) - 852a83c0-e248-4744-b21a-e29c86840c6d-SegmentedRaftLogWorker:Storage Directory /tmp/workdir/hadoop-ozone/integration-test/target/test-dir/MiniOzoneClusterImpl-487749ed-5fa8-466c-a363-f34ace555a1b/datanode-0/data/ratis/f8f3c935-b0de-4051-8547-60d53a29954b: created new log segment /tmp/workdir/hadoop-ozone/integration-test/target/test-dir/MiniOzoneClusterImpl-487749ed-5fa8-466c-a363-f34ace555a1b/datanode-0/data/ratis/f8f3c935-b0de-4051-8547-60d53a29954b/current/log_inprogress_0
2019-07-13 07:46:26,181 INFO  impl.FollowerState (FollowerState.java:run(106)) - dfcdd0cd-d7f3-4c51-a25f-466e2276d529:group-0B95D25122F9 changes to CANDIDATE, lastRpcTime:5098, electionTimeout:5098ms
2019-07-13 07:46:26,181 INFO  impl.RoleInfo (RoleInfo.java:shutdownFollowerState(121)) - dfcdd0cd-d7f3-4c51-a25f-466e2276d529: shutdown FollowerState
2019-07-13 07:46:26,181 INFO  impl.RaftServerImpl (RaftServerImpl.java:setRole(171)) - dfcdd0cd-d7f3-4c51-a25f-466e2276d529:group-0B95D25122F9 changes role from FOLLOWER to CANDIDATE at term 0 for changeToCandidate
2019-07-13 07:46:26,181 INFO  impl.RoleInfo (RoleInfo.java:updateAndGet(143)) - dfcdd0cd-d7f3-4c51-a25f-466e2276d529: start LeaderElection
2019-07-13 07:46:26,200 INFO  impl.LeaderElection (LeaderElection.java:askForVotes(181)) - dfcdd0cd-d7f3-4c51-a25f-466e2276d529:group-0B95D25122F9:LeaderElection18: begin an election at term 1 for -1: [dfcdd0cd-d7f3-4c51-a25f-466e2276d529:192.168.69.84:44737], old=null
2019-07-13 07:46:26,200 INFO  impl.RoleInfo (RoleInfo.java:shutdownLeaderElection(134)) - dfcdd0cd-d7f3-4c51-a25f-466e2276d529: shutdown LeaderElection
2019-07-13 07:46:26,200 INFO  impl.RaftServerImpl (RaftServerImpl.java:setRole(171)) - dfcdd0cd-d7f3-4c51-a25f-466e2276d529:group-0B95D25122F9 changes role from CANDIDATE to LEADER at term 1 for changeToLeader
2019-07-13 07:46:26,201 INFO  impl.RaftServerImpl (ServerState.java:setLeader(263)) - dfcdd0cd-d7f3-4c51-a25f-466e2276d529:group-0B95D25122F9 change Leader from null to dfcdd0cd-d7f3-4c51-a25f-466e2276d529 at term 1 for becomeLeader, leader elected after 5123ms
2019-07-13 07:46:26,203 INFO  server.RaftServerConfigKeys (ConfUtils.java:logGet(43)) - raft.server.staging.catchup.gap = 1000 (default)
2019-07-13 07:46:26,203 INFO  server.RaftServerConfigKeys (ConfUtils.java:logGet(43)) - raft.server.rpc.sleep.time = 25ms (default)
2019-07-13 07:46:26,204 INFO  server.RaftServerConfigKeys (ConfUtils.java:logGet(43)) - raft.server.write.element-limit = 4096 (default)
2019-07-13 07:46:26,204 INFO  server.RaftServerConfigKeys (ConfUtils.java:logGet(43)) - raft.server.watch.timeout = 10s (default)
2019-07-13 07:46:26,204 INFO  server.RaftServerConfigKeys (ConfUtils.java:logGet(43)) - raft.server.watch.timeout.denomination = 1s (default)
2019-07-13 07:46:26,204 INFO  server.RaftServerConfigKeys (ConfUtils.java:logGet(43)) - raft.server.watch.element-limit = 65536 (default)
2019-07-13 07:46:26,204 INFO  impl.RoleInfo (RoleInfo.java:updateAndGet(143)) - dfcdd0cd-d7f3-4c51-a25f-466e2276d529: start LeaderState
2019-07-13 07:46:26,205 INFO  segmented.SegmentedRaftLogWorker (SegmentedRaftLogWorker.java:startLogSegment(380)) - dfcdd0cd-d7f3-4c51-a25f-466e2276d529-SegmentedRaftLogWorker:Storage Directory /tmp/workdir/hadoop-ozone/integration-test/target/test-dir/MiniOzoneClusterImpl-487749ed-5fa8-466c-a363-f34ace555a1b/datanode-1/data/ratis/73ed13b6-d654-451a-bcae-0b95d25122f9: Starting segment from index:0
2019-07-13 07:46:26,205 INFO  impl.RaftServerImpl (ServerState.java:setRaftConf(361)) - dfcdd0cd-d7f3-4c51-a25f-466e2276d529:group-0B95D25122F9 set configuration 0: [dfcdd0cd-d7f3-4c51-a25f-466e2276d529:192.168.69.84:44737], old=null at 0
2019-07-13 07:46:26,251 INFO  segmented.SegmentedRaftLogWorker (SegmentedRaftLogWorker.java:execute(569)) - dfcdd0cd-d7f3-4c51-a25f-466e2276d529-SegmentedRaftLogWorker:Storage Directory /tmp/workdir/hadoop-ozone/integration-test/target/test-dir/MiniOzoneClusterImpl-487749ed-5fa8-466c-a363-f34ace555a1b/datanode-1/data/ratis/73ed13b6-d654-451a-bcae-0b95d25122f9: created new log segment /tmp/workdir/hadoop-ozone/integration-test/target/test-dir/MiniOzoneClusterImpl-487749ed-5fa8-466c-a363-f34ace555a1b/datanode-1/data/ratis/73ed13b6-d654-451a-bcae-0b95d25122f9/current/log_inprogress_0
2019-07-13 07:46:26,330 INFO  impl.FollowerState (FollowerState.java:run(106)) - 35f792f5-4ff5-4df4-a20f-ebe4ee56e078:group-CD5B2CE5B143 changes to CANDIDATE, lastRpcTime:5049, electionTimeout:5049ms
2019-07-13 07:46:26,330 INFO  impl.RoleInfo (RoleInfo.java:shutdownFollowerState(121)) - 35f792f5-4ff5-4df4-a20f-ebe4ee56e078: shutdown FollowerState
2019-07-13 07:46:26,330 INFO  impl.RaftServerImpl (RaftServerImpl.java:setRole(171)) - 35f792f5-4ff5-4df4-a20f-ebe4ee56e078:group-CD5B2CE5B143 changes role from FOLLOWER to CANDIDATE at term 0 for changeToCandidate
2019-07-13 07:46:26,331 INFO  impl.RoleInfo (RoleInfo.java:updateAndGet(143)) - 35f792f5-4ff5-4df4-a20f-ebe4ee56e078: start LeaderElection
2019-07-13 07:46:26,340 INFO  client.GrpcClientProtocolClient (GrpcClientProtocolClient.java:onNext(255)) - client-E8173B69D77F->dfcdd0cd-d7f3-4c51-a25f-466e2276d529: receive RaftClientReply:client-E8173B69D77F->dfcdd0cd-d7f3-4c51-a25f-466e2276d529@group-168EE6489F8D, cid=42, FAILED org.apache.ratis.protocol.NotLeaderException: Server dfcdd0cd-d7f3-4c51-a25f-466e2276d529 is not the leader (null). Request must be sent to leader., logIndex=0, commits[dfcdd0cd-d7f3-4c51-a25f-466e2276d529:c-1]
2019-07-13 07:46:26,358 INFO  impl.LeaderElection (LeaderElection.java:askForVotes(181)) - 35f792f5-4ff5-4df4-a20f-ebe4ee56e078:group-CD5B2CE5B143:LeaderElection19: begin an election at term 1 for -1: [35f792f5-4ff5-4df4-a20f-ebe4ee56e078:192.168.69.84:43295], old=null
2019-07-13 07:46:26,358 INFO  impl.RoleInfo (RoleInfo.java:shutdownLeaderElection(134)) - 35f792f5-4ff5-4df4-a20f-ebe4ee56e078: shutdown LeaderElection
2019-07-13 07:46:26,358 INFO  impl.RaftServerImpl (RaftServerImpl.java:setRole(171)) - 35f792f5-4ff5-4df4-a20f-ebe4ee56e078:group-CD5B2CE5B143 changes role from CANDIDATE to LEADER at term 1 for changeToLeader
2019-07-13 07:46:26,358 INFO  impl.RaftServerImpl (ServerState.java:setLeader(263)) - 35f792f5-4ff5-4df4-a20f-ebe4ee56e078:group-CD5B2CE5B143 change Leader from null to 35f792f5-4ff5-4df4-a20f-ebe4ee56e078 at term 1 for becomeLeader, leader elected after 5082ms
2019-07-13 07:46:26,361 INFO  server.RaftServerConfigKeys (ConfUtils.java:logGet(43)) - raft.server.staging.catchup.gap = 1000 (default)
2019-07-13 07:46:26,361 INFO  server.RaftServerConfigKeys (ConfUtils.java:logGet(43)) - raft.server.rpc.sleep.time = 25ms (default)
2019-07-13 07:46:26,361 INFO  server.RaftServerConfigKeys (ConfUtils.java:logGet(43)) - raft.server.write.element-limit = 4096 (default)
2019-07-13 07:46:26,361 INFO  server.RaftServerConfigKeys (ConfUtils.java:logGet(43)) - raft.server.watch.timeout = 10s (default)
2019-07-13 07:46:26,361 INFO  server.RaftServerConfigKeys (ConfUtils.java:logGet(43)) - raft.server.watch.timeout.denomination = 1s (default)
2019-07-13 07:46:26,361 INFO  server.RaftServerConfigKeys (ConfUtils.java:logGet(43)) - raft.server.watch.element-limit = 65536 (default)
2019-07-13 07:46:26,362 INFO  impl.RoleInfo (RoleInfo.java:updateAndGet(143)) - 35f792f5-4ff5-4df4-a20f-ebe4ee56e078: start LeaderState
2019-07-13 07:46:26,362 INFO  segmented.SegmentedRaftLogWorker (SegmentedRaftLogWorker.java:startLogSegment(380)) - 35f792f5-4ff5-4df4-a20f-ebe4ee56e078-SegmentedRaftLogWorker:Storage Directory /tmp/workdir/hadoop-ozone/integration-test/target/test-dir/MiniOzoneClusterImpl-487749ed-5fa8-466c-a363-f34ace555a1b/datanode-2/data/ratis/88a4b06e-6ab8-4dfb-bc65-cd5b2ce5b143: Starting segment from index:0
2019-07-13 07:46:26,363 INFO  impl.RaftServerImpl (ServerState.java:setRaftConf(361)) - 35f792f5-4ff5-4df4-a20f-ebe4ee56e078:group-CD5B2CE5B143 set configuration 0: [35f792f5-4ff5-4df4-a20f-ebe4ee56e078:192.168.69.84:43295], old=null at 0
2019-07-13 07:46:26,397 INFO  segmented.SegmentedRaftLogWorker (SegmentedRaftLogWorker.java:execute(569)) - 35f792f5-4ff5-4df4-a20f-ebe4ee56e078-SegmentedRaftLogWorker:Storage Directory /tmp/workdir/hadoop-ozone/integration-test/target/test-dir/MiniOzoneClusterImpl-487749ed-5fa8-466c-a363-f34ace555a1b/datanode-2/data/ratis/88a4b06e-6ab8-4dfb-bc65-cd5b2ce5b143: created new log segment /tmp/workdir/hadoop-ozone/integration-test/target/test-dir/MiniOzoneClusterImpl-487749ed-5fa8-466c-a363-f34ace555a1b/datanode-2/data/ratis/88a4b06e-6ab8-4dfb-bc65-cd5b2ce5b143/current/log_inprogress_0
2019-07-13 07:46:26,464 INFO  impl.FollowerState (FollowerState.java:run(106)) - 852a83c0-e248-4744-b21a-e29c86840c6d:group-168EE6489F8D changes to CANDIDATE, lastRpcTime:5075, electionTimeout:5075ms
2019-07-13 07:46:26,465 INFO  impl.RoleInfo (RoleInfo.java:shutdownFollowerState(121)) - 852a83c0-e248-4744-b21a-e29c86840c6d: shutdown FollowerState
2019-07-13 07:46:26,465 INFO  impl.RaftServerImpl (RaftServerImpl.java:setRole(171)) - 852a83c0-e248-4744-b21a-e29c86840c6d:group-168EE6489F8D changes role from FOLLOWER to CANDIDATE at term 0 for changeToCandidate
2019-07-13 07:46:26,465 INFO  impl.RoleInfo (RoleInfo.java:updateAndGet(143)) - 852a83c0-e248-4744-b21a-e29c86840c6d: start LeaderElection
2019-07-13 07:46:26,491 INFO  impl.LeaderElection (LeaderElection.java:askForVotes(181)) - 852a83c0-e248-4744-b21a-e29c86840c6d:group-168EE6489F8D:LeaderElection20: begin an election at term 1 for -1: [35f792f5-4ff5-4df4-a20f-ebe4ee56e078:192.168.69.84:43295, 852a83c0-e248-4744-b21a-e29c86840c6d:192.168.69.84:39915, dfcdd0cd-d7f3-4c51-a25f-466e2276d529:192.168.69.84:44737], old=null
2019-07-13 07:46:26,499 INFO  impl.RaftServerImpl (RaftServerImpl.java:setRole(171)) - dfcdd0cd-d7f3-4c51-a25f-466e2276d529:group-168EE6489F8D changes role from FOLLOWER to FOLLOWER at term 1 for recognizeCandidate:852a83c0-e248-4744-b21a-e29c86840c6d
2019-07-13 07:46:26,499 INFO  impl.RaftServerImpl (RaftServerImpl.java:setRole(171)) - 35f792f5-4ff5-4df4-a20f-ebe4ee56e078:group-168EE6489F8D changes role from FOLLOWER to FOLLOWER at term 1 for recognizeCandidate:852a83c0-e248-4744-b21a-e29c86840c6d
2019-07-13 07:46:26,499 INFO  impl.RoleInfo (RoleInfo.java:shutdownFollowerState(121)) - dfcdd0cd-d7f3-4c51-a25f-466e2276d529: shutdown FollowerState
2019-07-13 07:46:26,499 INFO  impl.RoleInfo (RoleInfo.java:shutdownFollowerState(121)) - 35f792f5-4ff5-4df4-a20f-ebe4ee56e078: shutdown FollowerState
2019-07-13 07:46:26,500 INFO  impl.FollowerState (FollowerState.java:run(114)) - dfcdd0cd-d7f3-4c51-a25f-466e2276d529: FollowerState was interrupted: java.lang.InterruptedException: sleep interrupted
2019-07-13 07:46:26,500 INFO  impl.RoleInfo (RoleInfo.java:updateAndGet(143)) - dfcdd0cd-d7f3-4c51-a25f-466e2276d529: start FollowerState
2019-07-13 07:46:26,500 INFO  impl.FollowerState (FollowerState.java:run(114)) - 35f792f5-4ff5-4df4-a20f-ebe4ee56e078: FollowerState was interrupted: java.lang.InterruptedException: sleep interrupted
2019-07-13 07:46:26,500 INFO  impl.RoleInfo (RoleInfo.java:updateAndGet(143)) - 35f792f5-4ff5-4df4-a20f-ebe4ee56e078: start FollowerState
2019-07-13 07:46:26,532 INFO  impl.LeaderElection (LeaderElection.java:logAndReturn(56)) - 852a83c0-e248-4744-b21a-e29c86840c6d:group-168EE6489F8D:LeaderElection20: Election PASSED; received 1 response(s) [852a83c0-e248-4744-b21a-e29c86840c6d<-dfcdd0cd-d7f3-4c51-a25f-466e2276d529#0:OK-t1] and 0 exception(s); 852a83c0-e248-4744-b21a-e29c86840c6d:t1, leader=null, voted=852a83c0-e248-4744-b21a-e29c86840c6d, raftlog=852a83c0-e248-4744-b21a-e29c86840c6d-SegmentedRaftLog:OPENED:c-1,f-1,i0, conf=-1: [35f792f5-4ff5-4df4-a20f-ebe4ee56e078:192.168.69.84:43295, 852a83c0-e248-4744-b21a-e29c86840c6d:192.168.69.84:39915, dfcdd0cd-d7f3-4c51-a25f-466e2276d529:192.168.69.84:44737], old=null
2019-07-13 07:46:26,533 INFO  impl.RoleInfo (RoleInfo.java:shutdownLeaderElection(134)) - 852a83c0-e248-4744-b21a-e29c86840c6d: shutdown LeaderElection
2019-07-13 07:46:26,533 INFO  impl.RaftServerImpl (RaftServerImpl.java:setRole(171)) - 852a83c0-e248-4744-b21a-e29c86840c6d:group-168EE6489F8D changes role from CANDIDATE to LEADER at term 1 for changeToLeader
2019-07-13 07:46:26,533 INFO  impl.RaftServerImpl (ServerState.java:setLeader(263)) - 852a83c0-e248-4744-b21a-e29c86840c6d:group-168EE6489F8D change Leader from null to 852a83c0-e248-4744-b21a-e29c86840c6d at term 1 for becomeLeader, leader elected after 5180ms
2019-07-13 07:46:26,533 INFO  server.RaftServerConfigKeys (ConfUtils.java:logGet(43)) - raft.server.staging.catchup.gap = 1000 (default)
2019-07-13 07:46:26,533 INFO  server.RaftServerConfigKeys (ConfUtils.java:logGet(43)) - raft.server.rpc.sleep.time = 25ms (default)
2019-07-13 07:46:26,533 INFO  server.RaftServerConfigKeys (ConfUtils.java:logGet(43)) - raft.server.write.element-limit = 4096 (default)
2019-07-13 07:46:26,534 INFO  server.RaftServerConfigKeys (ConfUtils.java:logGet(43)) - raft.server.watch.timeout = 10s (default)
2019-07-13 07:46:26,534 INFO  server.RaftServerConfigKeys (ConfUtils.java:logGet(43)) - raft.server.watch.timeout.denomination = 1s (default)
2019-07-13 07:46:26,534 INFO  server.RaftServerConfigKeys (ConfUtils.java:logGet(43)) - raft.server.watch.element-limit = 65536 (default)
2019-07-13 07:46:26,534 INFO  server.RaftServerConfigKeys (ConfUtils.java:logGet(43)) - raft.server.log.appender.snapshot.chunk.size.max = 16MB (=16777216) (default)
2019-07-13 07:46:26,535 INFO  server.RaftServerConfigKeys (ConfUtils.java:logGet(43)) - raft.server.log.appender.buffer.byte-limit = 33554432 (custom)
2019-07-13 07:46:26,535 INFO  server.RaftServerConfigKeys (ConfUtils.java:logGet(43)) - raft.server.log.appender.buffer.element-limit = 1 (custom)
2019-07-13 07:46:26,535 INFO  grpc.GrpcConfigKeys$Server (ConfUtils.java:logGet(43)) - raft.grpc.server.leader.outstanding.appends.max = 128 (default)
2019-07-13 07:46:26,535 INFO  server.RaftServerConfigKeys (ConfUtils.java:logGet(43)) - raft.server.rpc.request.timeout = 3000ms (default)
2019-07-13 07:46:26,536 INFO  server.RaftServerConfigKeys (ConfUtils.java:logGet(43)) - raft.server.log.appender.install.snapshot.enabled = false (custom)
2019-07-13 07:46:26,536 INFO  server.RaftServerConfigKeys (ConfUtils.java:logGet(43)) - raft.server.log.appender.snapshot.chunk.size.max = 16MB (=16777216) (default)
2019-07-13 07:46:26,536 INFO  server.RaftServerConfigKeys (ConfUtils.java:logGet(43)) - raft.server.log.appender.buffer.byte-limit = 33554432 (custom)
2019-07-13 07:46:26,536 INFO  server.RaftServerConfigKeys (ConfUtils.java:logGet(43)) - raft.server.log.appender.buffer.element-limit = 1 (custom)
2019-07-13 07:46:26,537 INFO  grpc.GrpcConfigKeys$Server (ConfUtils.java:logGet(43)) - raft.grpc.server.leader.outstanding.appends.max = 128 (default)
2019-07-13 07:46:26,537 INFO  server.RaftServerConfigKeys (ConfUtils.java:logGet(43)) - raft.server.rpc.request.timeout = 3000ms (default)
2019-07-13 07:46:26,537 INFO  server.RaftServerConfigKeys (ConfUtils.java:logGet(43)) - raft.server.log.appender.install.snapshot.enabled = false (custom)
2019-07-13 07:46:26,537 INFO  impl.RoleInfo (RoleInfo.java:updateAndGet(143)) - 852a83c0-e248-4744-b21a-e29c86840c6d: start LeaderState
2019-07-13 07:46:26,538 INFO  segmented.SegmentedRaftLogWorker (SegmentedRaftLogWorker.java:startLogSegment(380)) - 852a83c0-e248-4744-b21a-e29c86840c6d-SegmentedRaftLogWorker:Storage Directory /tmp/workdir/hadoop-ozone/integration-test/target/test-dir/MiniOzoneClusterImpl-487749ed-5fa8-466c-a363-f34ace555a1b/datanode-0/data/ratis/3efbce23-5504-437d-992d-168ee6489f8d: Starting segment from index:0
2019-07-13 07:46:26,561 INFO  impl.RaftServerImpl (ServerState.java:setRaftConf(361)) - 852a83c0-e248-4744-b21a-e29c86840c6d:group-168EE6489F8D set configuration 0: [35f792f5-4ff5-4df4-a20f-ebe4ee56e078:192.168.69.84:43295, 852a83c0-e248-4744-b21a-e29c86840c6d:192.168.69.84:39915, dfcdd0cd-d7f3-4c51-a25f-466e2276d529:192.168.69.84:44737], old=null at 0
2019-07-13 07:46:26,566 INFO  impl.RaftServerImpl (ServerState.java:setLeader(263)) - dfcdd0cd-d7f3-4c51-a25f-466e2276d529:group-168EE6489F8D change Leader from null to 852a83c0-e248-4744-b21a-e29c86840c6d at term 1 for appendEntries, leader elected after 5213ms
2019-07-13 07:46:26,569 INFO  impl.RaftServerImpl (ServerState.java:setLeader(263)) - 35f792f5-4ff5-4df4-a20f-ebe4ee56e078:group-168EE6489F8D change Leader from null to 852a83c0-e248-4744-b21a-e29c86840c6d at term 1 for appendEntries, leader elected after 5216ms
2019-07-13 07:46:26,573 INFO  impl.RaftServerImpl (ServerState.java:setRaftConf(361)) - dfcdd0cd-d7f3-4c51-a25f-466e2276d529:group-168EE6489F8D set configuration 0: [35f792f5-4ff5-4df4-a20f-ebe4ee56e078:192.168.69.84:43295, 852a83c0-e248-4744-b21a-e29c86840c6d:192.168.69.84:39915, dfcdd0cd-d7f3-4c51-a25f-466e2276d529:192.168.69.84:44737], old=null at 0
2019-07-13 07:46:26,573 INFO  impl.RaftServerImpl (ServerState.java:setRaftConf(361)) - 35f792f5-4ff5-4df4-a20f-ebe4ee56e078:group-168EE6489F8D set configuration 0: [35f792f5-4ff5-4df4-a20f-ebe4ee56e078:192.168.69.84:43295, 852a83c0-e248-4744-b21a-e29c86840c6d:192.168.69.84:39915, dfcdd0cd-d7f3-4c51-a25f-466e2276d529:192.168.69.84:44737], old=null at 0
2019-07-13 07:46:26,573 INFO  segmented.SegmentedRaftLogWorker (SegmentedRaftLogWorker.java:execute(569)) - 852a83c0-e248-4744-b21a-e29c86840c6d-SegmentedRaftLogWorker:Storage Directory /tmp/workdir/hadoop-ozone/integration-test/target/test-dir/MiniOzoneClusterImpl-487749ed-5fa8-466c-a363-f34ace555a1b/datanode-0/data/ratis/3efbce23-5504-437d-992d-168ee6489f8d: created new log segment /tmp/workdir/hadoop-ozone/integration-test/target/test-dir/MiniOzoneClusterImpl-487749ed-5fa8-466c-a363-f34ace555a1b/datanode-0/data/ratis/3efbce23-5504-437d-992d-168ee6489f8d/current/log_inprogress_0
2019-07-13 07:46:26,573 INFO  segmented.SegmentedRaftLogWorker (SegmentedRaftLogWorker.java:startLogSegment(380)) - dfcdd0cd-d7f3-4c51-a25f-466e2276d529-SegmentedRaftLogWorker:Storage Directory /tmp/workdir/hadoop-ozone/integration-test/target/test-dir/MiniOzoneClusterImpl-487749ed-5fa8-466c-a363-f34ace555a1b/datanode-1/data/ratis/3efbce23-5504-437d-992d-168ee6489f8d: Starting segment from index:0
2019-07-13 07:46:26,574 INFO  segmented.SegmentedRaftLogWorker (SegmentedRaftLogWorker.java:startLogSegment(380)) - 35f792f5-4ff5-4df4-a20f-ebe4ee56e078-SegmentedRaftLogWorker:Storage Directory /tmp/workdir/hadoop-ozone/integration-test/target/test-dir/MiniOzoneClusterImpl-487749ed-5fa8-466c-a363-f34ace555a1b/datanode-2/data/ratis/3efbce23-5504-437d-992d-168ee6489f8d: Starting segment from index:0
2019-07-13 07:46:26,609 INFO  segmented.SegmentedRaftLogWorker (SegmentedRaftLogWorker.java:execute(569)) - 35f792f5-4ff5-4df4-a20f-ebe4ee56e078-SegmentedRaftLogWorker:Storage Directory /tmp/workdir/hadoop-ozone/integration-test/target/test-dir/MiniOzoneClusterImpl-487749ed-5fa8-466c-a363-f34ace555a1b/datanode-2/data/ratis/3efbce23-5504-437d-992d-168ee6489f8d: created new log segment /tmp/workdir/hadoop-ozone/integration-test/target/test-dir/MiniOzoneClusterImpl-487749ed-5fa8-466c-a363-f34ace555a1b/datanode-2/data/ratis/3efbce23-5504-437d-992d-168ee6489f8d/current/log_inprogress_0
2019-07-13 07:46:26,609 INFO  segmented.SegmentedRaftLogWorker (SegmentedRaftLogWorker.java:execute(569)) - dfcdd0cd-d7f3-4c51-a25f-466e2276d529-SegmentedRaftLogWorker:Storage Directory /tmp/workdir/hadoop-ozone/integration-test/target/test-dir/MiniOzoneClusterImpl-487749ed-5fa8-466c-a363-f34ace555a1b/datanode-1/data/ratis/3efbce23-5504-437d-992d-168ee6489f8d: created new log segment /tmp/workdir/hadoop-ozone/integration-test/target/test-dir/MiniOzoneClusterImpl-487749ed-5fa8-466c-a363-f34ace555a1b/datanode-1/data/ratis/3efbce23-5504-437d-992d-168ee6489f8d/current/log_inprogress_0
2019-07-13 07:46:26,645 INFO  impl.FollowerState (FollowerState.java:run(106)) - c98025ee-4765-40ec-be79-c1ab36f8aa48:group-8229D89BF1DD changes to CANDIDATE, lastRpcTime:5157, electionTimeout:5157ms
2019-07-13 07:46:26,645 INFO  impl.RoleInfo (RoleInfo.java:shutdownFollowerState(121)) - c98025ee-4765-40ec-be79-c1ab36f8aa48: shutdown FollowerState
2019-07-13 07:46:26,645 INFO  impl.RaftServerImpl (RaftServerImpl.java:setRole(171)) - c98025ee-4765-40ec-be79-c1ab36f8aa48:group-8229D89BF1DD changes role from FOLLOWER to CANDIDATE at term 0 for changeToCandidate
2019-07-13 07:46:26,645 INFO  impl.RoleInfo (RoleInfo.java:updateAndGet(143)) - c98025ee-4765-40ec-be79-c1ab36f8aa48: start LeaderElection
2019-07-13 07:46:26,666 INFO  impl.LeaderElection (LeaderElection.java:askForVotes(181)) - c98025ee-4765-40ec-be79-c1ab36f8aa48:group-8229D89BF1DD:LeaderElection21: begin an election at term 1 for -1: [c98025ee-4765-40ec-be79-c1ab36f8aa48:192.168.69.84:41016], old=null
2019-07-13 07:46:26,666 INFO  impl.RoleInfo (RoleInfo.java:shutdownLeaderElection(134)) - c98025ee-4765-40ec-be79-c1ab36f8aa48: shutdown LeaderElection
2019-07-13 07:46:26,666 INFO  impl.RaftServerImpl (RaftServerImpl.java:setRole(171)) - c98025ee-4765-40ec-be79-c1ab36f8aa48:group-8229D89BF1DD changes role from CANDIDATE to LEADER at term 1 for changeToLeader
2019-07-13 07:46:26,666 INFO  impl.RaftServerImpl (ServerState.java:setLeader(263)) - c98025ee-4765-40ec-be79-c1ab36f8aa48:group-8229D89BF1DD change Leader from null to c98025ee-4765-40ec-be79-c1ab36f8aa48 at term 1 for becomeLeader, leader elected after 5183ms
2019-07-13 07:46:26,669 INFO  server.RaftServerConfigKeys (ConfUtils.java:logGet(43)) - raft.server.staging.catchup.gap = 1000 (default)
2019-07-13 07:46:26,669 INFO  server.RaftServerConfigKeys (ConfUtils.java:logGet(43)) - raft.server.rpc.sleep.time = 25ms (default)
2019-07-13 07:46:26,669 INFO  server.RaftServerConfigKeys (ConfUtils.java:logGet(43)) - raft.server.write.element-limit = 4096 (default)
2019-07-13 07:46:26,669 INFO  server.RaftServerConfigKeys (ConfUtils.java:logGet(43)) - raft.server.watch.timeout = 10s (default)
2019-07-13 07:46:26,669 INFO  server.RaftServerConfigKeys (ConfUtils.java:logGet(43)) - raft.server.watch.timeout.denomination = 1s (default)
2019-07-13 07:46:26,670 INFO  server.RaftServerConfigKeys (ConfUtils.java:logGet(43)) - raft.server.watch.element-limit = 65536 (default)
2019-07-13 07:46:26,670 INFO  impl.RoleInfo (RoleInfo.java:updateAndGet(143)) - c98025ee-4765-40ec-be79-c1ab36f8aa48: start LeaderState
2019-07-13 07:46:26,670 INFO  segmented.SegmentedRaftLogWorker (SegmentedRaftLogWorker.java:startLogSegment(380)) - c98025ee-4765-40ec-be79-c1ab36f8aa48-SegmentedRaftLogWorker:Storage Directory /tmp/workdir/hadoop-ozone/integration-test/target/test-dir/MiniOzoneClusterImpl-487749ed-5fa8-466c-a363-f34ace555a1b/datanode-3/data/ratis/99677228-bc2e-4189-a1dc-8229d89bf1dd: Starting segment from index:0
2019-07-13 07:46:26,671 INFO  impl.RaftServerImpl (ServerState.java:setRaftConf(361)) - c98025ee-4765-40ec-be79-c1ab36f8aa48:group-8229D89BF1DD set configuration 0: [c98025ee-4765-40ec-be79-c1ab36f8aa48:192.168.69.84:41016], old=null at 0
2019-07-13 07:46:26,714 INFO  segmented.SegmentedRaftLogWorker (SegmentedRaftLogWorker.java:execute(569)) - c98025ee-4765-40ec-be79-c1ab36f8aa48-SegmentedRaftLogWorker:Storage Directory /tmp/workdir/hadoop-ozone/integration-test/target/test-dir/MiniOzoneClusterImpl-487749ed-5fa8-466c-a363-f34ace555a1b/datanode-3/data/ratis/99677228-bc2e-4189-a1dc-8229d89bf1dd: created new log segment /tmp/workdir/hadoop-ozone/integration-test/target/test-dir/MiniOzoneClusterImpl-487749ed-5fa8-466c-a363-f34ace555a1b/datanode-3/data/ratis/99677228-bc2e-4189-a1dc-8229d89bf1dd/current/log_inprogress_0
2019-07-13 07:46:26,913 INFO  impl.FollowerState (FollowerState.java:run(106)) - 725945e1-f11d-4591-9c35-bca7a7bb12b1:group-489C7DD04583 changes to CANDIDATE, lastRpcTime:5143, electionTimeout:5143ms
2019-07-13 07:46:26,913 INFO  impl.RoleInfo (RoleInfo.java:shutdownFollowerState(121)) - 725945e1-f11d-4591-9c35-bca7a7bb12b1: shutdown FollowerState
2019-07-13 07:46:26,913 INFO  impl.RaftServerImpl (RaftServerImpl.java:setRole(171)) - 725945e1-f11d-4591-9c35-bca7a7bb12b1:group-489C7DD04583 changes role from FOLLOWER to CANDIDATE at term 0 for changeToCandidate
2019-07-13 07:46:26,913 INFO  impl.RoleInfo (RoleInfo.java:updateAndGet(143)) - 725945e1-f11d-4591-9c35-bca7a7bb12b1: start LeaderElection
2019-07-13 07:46:26,933 INFO  impl.LeaderElection (LeaderElection.java:askForVotes(181)) - 725945e1-f11d-4591-9c35-bca7a7bb12b1:group-489C7DD04583:LeaderElection22: begin an election at term 1 for -1: [725945e1-f11d-4591-9c35-bca7a7bb12b1:192.168.69.84:44805], old=null
2019-07-13 07:46:26,933 INFO  impl.RoleInfo (RoleInfo.java:shutdownLeaderElection(134)) - 725945e1-f11d-4591-9c35-bca7a7bb12b1: shutdown LeaderElection
2019-07-13 07:46:26,933 INFO  impl.RaftServerImpl (RaftServerImpl.java:setRole(171)) - 725945e1-f11d-4591-9c35-bca7a7bb12b1:group-489C7DD04583 changes role from CANDIDATE to LEADER at term 1 for changeToLeader
2019-07-13 07:46:26,933 INFO  impl.RaftServerImpl (ServerState.java:setLeader(263)) - 725945e1-f11d-4591-9c35-bca7a7bb12b1:group-489C7DD04583 change Leader from null to 725945e1-f11d-4591-9c35-bca7a7bb12b1 at term 1 for becomeLeader, leader elected after 5169ms
2019-07-13 07:46:26,936 INFO  server.RaftServerConfigKeys (ConfUtils.java:logGet(43)) - raft.server.staging.catchup.gap = 1000 (default)
2019-07-13 07:46:26,936 INFO  server.RaftServerConfigKeys (ConfUtils.java:logGet(43)) - raft.server.rpc.sleep.time = 25ms (default)
2019-07-13 07:46:26,936 INFO  server.RaftServerConfigKeys (ConfUtils.java:logGet(43)) - raft.server.write.element-limit = 4096 (default)
2019-07-13 07:46:26,937 INFO  server.RaftServerConfigKeys (ConfUtils.java:logGet(43)) - raft.server.watch.timeout = 10s (default)
2019-07-13 07:46:26,937 INFO  server.RaftServerConfigKeys (ConfUtils.java:logGet(43)) - raft.server.watch.timeout.denomination = 1s (default)
2019-07-13 07:46:26,937 INFO  server.RaftServerConfigKeys (ConfUtils.java:logGet(43)) - raft.server.watch.element-limit = 65536 (default)
2019-07-13 07:46:26,937 INFO  impl.RoleInfo (RoleInfo.java:updateAndGet(143)) - 725945e1-f11d-4591-9c35-bca7a7bb12b1: start LeaderState
2019-07-13 07:46:26,938 INFO  segmented.SegmentedRaftLogWorker (SegmentedRaftLogWorker.java:startLogSegment(380)) - 725945e1-f11d-4591-9c35-bca7a7bb12b1-SegmentedRaftLogWorker:Storage Directory /tmp/workdir/hadoop-ozone/integration-test/target/test-dir/MiniOzoneClusterImpl-487749ed-5fa8-466c-a363-f34ace555a1b/datanode-4/data/ratis/c72670cb-dc5a-4974-b29c-489c7dd04583: Starting segment from index:0
2019-07-13 07:46:26,938 INFO  impl.RaftServerImpl (ServerState.java:setRaftConf(361)) - 725945e1-f11d-4591-9c35-bca7a7bb12b1:group-489C7DD04583 set configuration 0: [725945e1-f11d-4591-9c35-bca7a7bb12b1:192.168.69.84:44805], old=null at 0
2019-07-13 07:46:26,985 INFO  segmented.SegmentedRaftLogWorker (SegmentedRaftLogWorker.java:execute(569)) - 725945e1-f11d-4591-9c35-bca7a7bb12b1-SegmentedRaftLogWorker:Storage Directory /tmp/workdir/hadoop-ozone/integration-test/target/test-dir/MiniOzoneClusterImpl-487749ed-5fa8-466c-a363-f34ace555a1b/datanode-4/data/ratis/c72670cb-dc5a-4974-b29c-489c7dd04583: created new log segment /tmp/workdir/hadoop-ozone/integration-test/target/test-dir/MiniOzoneClusterImpl-487749ed-5fa8-466c-a363-f34ace555a1b/datanode-4/data/ratis/c72670cb-dc5a-4974-b29c-489c7dd04583/current/log_inprogress_0
2019-07-13 07:46:27,108 INFO  impl.FollowerState (FollowerState.java:run(106)) - 31cc92b9-dce5-4312-afa8-f8fbf4207340:group-0A7627C31D7B changes to CANDIDATE, lastRpcTime:5116, electionTimeout:5116ms
2019-07-13 07:46:27,108 INFO  impl.RoleInfo (RoleInfo.java:shutdownFollowerState(121)) - 31cc92b9-dce5-4312-afa8-f8fbf4207340: shutdown FollowerState
2019-07-13 07:46:27,108 INFO  impl.RaftServerImpl (RaftServerImpl.java:setRole(171)) - 31cc92b9-dce5-4312-afa8-f8fbf4207340:group-0A7627C31D7B changes role from FOLLOWER to CANDIDATE at term 0 for changeToCandidate
2019-07-13 07:46:27,108 INFO  impl.RoleInfo (RoleInfo.java:updateAndGet(143)) - 31cc92b9-dce5-4312-afa8-f8fbf4207340: start LeaderElection
2019-07-13 07:46:27,125 INFO  impl.FollowerState (FollowerState.java:run(106)) - 725945e1-f11d-4591-9c35-bca7a7bb12b1:group-F5E1443B2B7C changes to CANDIDATE, lastRpcTime:5068, electionTimeout:5068ms
2019-07-13 07:46:27,125 INFO  impl.RoleInfo (RoleInfo.java:shutdownFollowerState(121)) - 725945e1-f11d-4591-9c35-bca7a7bb12b1: shutdown FollowerState
2019-07-13 07:46:27,125 INFO  impl.FollowerState (FollowerState.java:run(106)) - 31cc92b9-dce5-4312-afa8-f8fbf4207340:group-F5E1443B2B7C changes to CANDIDATE, lastRpcTime:5068, electionTimeout:5068ms
2019-07-13 07:46:27,125 INFO  impl.RaftServerImpl (RaftServerImpl.java:setRole(171)) - 725945e1-f11d-4591-9c35-bca7a7bb12b1:group-F5E1443B2B7C changes role from FOLLOWER to CANDIDATE at term 0 for changeToCandidate
2019-07-13 07:46:27,125 INFO  impl.RoleInfo (RoleInfo.java:shutdownFollowerState(121)) - 31cc92b9-dce5-4312-afa8-f8fbf4207340: shutdown FollowerState
2019-07-13 07:46:27,126 INFO  impl.RoleInfo (RoleInfo.java:updateAndGet(143)) - 725945e1-f11d-4591-9c35-bca7a7bb12b1: start LeaderElection
2019-07-13 07:46:27,126 INFO  impl.RaftServerImpl (RaftServerImpl.java:setRole(171)) - 31cc92b9-dce5-4312-afa8-f8fbf4207340:group-F5E1443B2B7C changes role from FOLLOWER to CANDIDATE at term 0 for changeToCandidate
2019-07-13 07:46:27,126 INFO  impl.RoleInfo (RoleInfo.java:updateAndGet(143)) - 31cc92b9-dce5-4312-afa8-f8fbf4207340: start LeaderElection
2019-07-13 07:46:27,129 INFO  impl.LeaderElection (LeaderElection.java:askForVotes(181)) - 31cc92b9-dce5-4312-afa8-f8fbf4207340:group-0A7627C31D7B:LeaderElection23: begin an election at term 1 for -1: [31cc92b9-dce5-4312-afa8-f8fbf4207340:192.168.69.84:46028], old=null
2019-07-13 07:46:27,133 INFO  impl.RoleInfo (RoleInfo.java:shutdownLeaderElection(134)) - 31cc92b9-dce5-4312-afa8-f8fbf4207340: shutdown LeaderElection
2019-07-13 07:46:27,136 INFO  impl.RaftServerImpl (RaftServerImpl.java:setRole(171)) - 31cc92b9-dce5-4312-afa8-f8fbf4207340:group-0A7627C31D7B changes role from CANDIDATE to LEADER at term 1 for changeToLeader
2019-07-13 07:46:27,136 INFO  impl.RaftServerImpl (ServerState.java:setLeader(263)) - 31cc92b9-dce5-4312-afa8-f8fbf4207340:group-0A7627C31D7B change Leader from null to 31cc92b9-dce5-4312-afa8-f8fbf4207340 at term 1 for becomeLeader, leader elected after 5149ms
2019-07-13 07:46:27,138 INFO  server.RaftServerConfigKeys (ConfUtils.java:logGet(43)) - raft.server.staging.catchup.gap = 1000 (default)
2019-07-13 07:46:27,138 INFO  server.RaftServerConfigKeys (ConfUtils.java:logGet(43)) - raft.server.rpc.sleep.time = 25ms (default)
2019-07-13 07:46:27,139 INFO  server.RaftServerConfigKeys (ConfUtils.java:logGet(43)) - raft.server.write.element-limit = 4096 (default)
2019-07-13 07:46:27,139 INFO  server.RaftServerConfigKeys (ConfUtils.java:logGet(43)) - raft.server.watch.timeout = 10s (default)
2019-07-13 07:46:27,139 INFO  server.RaftServerConfigKeys (ConfUtils.java:logGet(43)) - raft.server.watch.timeout.denomination = 1s (default)
2019-07-13 07:46:27,139 INFO  server.RaftServerConfigKeys (ConfUtils.java:logGet(43)) - raft.server.watch.element-limit = 65536 (default)
2019-07-13 07:46:27,139 INFO  impl.RoleInfo (RoleInfo.java:updateAndGet(143)) - 31cc92b9-dce5-4312-afa8-f8fbf4207340: start LeaderState
2019-07-13 07:46:27,140 INFO  segmented.SegmentedRaftLogWorker (SegmentedRaftLogWorker.java:startLogSegment(380)) - 31cc92b9-dce5-4312-afa8-f8fbf4207340-SegmentedRaftLogWorker:Storage Directory /tmp/workdir/hadoop-ozone/integration-test/target/test-dir/MiniOzoneClusterImpl-487749ed-5fa8-466c-a363-f34ace555a1b/datanode-5/data/ratis/1ceba496-8d97-42d6-b356-0a7627c31d7b: Starting segment from index:0
2019-07-13 07:46:27,140 INFO  impl.RaftServerImpl (ServerState.java:setRaftConf(361)) - 31cc92b9-dce5-4312-afa8-f8fbf4207340:group-0A7627C31D7B set configuration 0: [31cc92b9-dce5-4312-afa8-f8fbf4207340:192.168.69.84:46028], old=null at 0
2019-07-13 07:46:27,162 INFO  impl.FollowerState (FollowerState.java:run(106)) - c98025ee-4765-40ec-be79-c1ab36f8aa48:group-F5E1443B2B7C changes to CANDIDATE, lastRpcTime:5110, electionTimeout:5097ms
2019-07-13 07:46:27,163 INFO  impl.LeaderElection (LeaderElection.java:askForVotes(181)) - 725945e1-f11d-4591-9c35-bca7a7bb12b1:group-F5E1443B2B7C:LeaderElection24: begin an election at term 1 for -1: [31cc92b9-dce5-4312-afa8-f8fbf4207340:192.168.69.84:46028, c98025ee-4765-40ec-be79-c1ab36f8aa48:192.168.69.84:41016, 725945e1-f11d-4591-9c35-bca7a7bb12b1:192.168.69.84:44805], old=null
2019-07-13 07:46:27,163 INFO  impl.RoleInfo (RoleInfo.java:shutdownFollowerState(121)) - c98025ee-4765-40ec-be79-c1ab36f8aa48: shutdown FollowerState
2019-07-13 07:46:27,163 INFO  impl.RaftServerImpl (RaftServerImpl.java:setRole(171)) - c98025ee-4765-40ec-be79-c1ab36f8aa48:group-F5E1443B2B7C changes role from FOLLOWER to CANDIDATE at term 0 for changeToCandidate
2019-07-13 07:46:27,163 INFO  impl.LeaderElection (LeaderElection.java:askForVotes(181)) - 31cc92b9-dce5-4312-afa8-f8fbf4207340:group-F5E1443B2B7C:LeaderElection25: begin an election at term 1 for -1: [31cc92b9-dce5-4312-afa8-f8fbf4207340:192.168.69.84:46028, c98025ee-4765-40ec-be79-c1ab36f8aa48:192.168.69.84:41016, 725945e1-f11d-4591-9c35-bca7a7bb12b1:192.168.69.84:44805], old=null
2019-07-13 07:46:27,163 INFO  impl.RoleInfo (RoleInfo.java:updateAndGet(143)) - c98025ee-4765-40ec-be79-c1ab36f8aa48: start LeaderElection
2019-07-13 07:46:27,175 INFO  segmented.SegmentedRaftLogWorker (SegmentedRaftLogWorker.java:execute(569)) - 31cc92b9-dce5-4312-afa8-f8fbf4207340-SegmentedRaftLogWorker:Storage Directory /tmp/workdir/hadoop-ozone/integration-test/target/test-dir/MiniOzoneClusterImpl-487749ed-5fa8-466c-a363-f34ace555a1b/datanode-5/data/ratis/1ceba496-8d97-42d6-b356-0a7627c31d7b: created new log segment /tmp/workdir/hadoop-ozone/integration-test/target/test-dir/MiniOzoneClusterImpl-487749ed-5fa8-466c-a363-f34ace555a1b/datanode-5/data/ratis/1ceba496-8d97-42d6-b356-0a7627c31d7b/current/log_inprogress_0
2019-07-13 07:46:27,178 INFO  impl.LeaderElection (LeaderElection.java:askForVotes(181)) - c98025ee-4765-40ec-be79-c1ab36f8aa48:group-F5E1443B2B7C:LeaderElection26: begin an election at term 1 for -1: [31cc92b9-dce5-4312-afa8-f8fbf4207340:192.168.69.84:46028, c98025ee-4765-40ec-be79-c1ab36f8aa48:192.168.69.84:41016, 725945e1-f11d-4591-9c35-bca7a7bb12b1:192.168.69.84:44805], old=null
2019-07-13 07:46:27,179 INFO  impl.LeaderElection (LeaderElection.java:logAndReturn(56)) - 31cc92b9-dce5-4312-afa8-f8fbf4207340:group-F5E1443B2B7C:LeaderElection25: Election REJECTED; received 2 response(s) [31cc92b9-dce5-4312-afa8-f8fbf4207340<-c98025ee-4765-40ec-be79-c1ab36f8aa48#0:FAIL-t1, 31cc92b9-dce5-4312-afa8-f8fbf4207340<-725945e1-f11d-4591-9c35-bca7a7bb12b1#0:FAIL-t1] and 0 exception(s); 31cc92b9-dce5-4312-afa8-f8fbf4207340:t1, leader=null, voted=31cc92b9-dce5-4312-afa8-f8fbf4207340, raftlog=31cc92b9-dce5-4312-afa8-f8fbf4207340-SegmentedRaftLog:OPENED:c-1,f-1,i0, conf=-1: [31cc92b9-dce5-4312-afa8-f8fbf4207340:192.168.69.84:46028, c98025ee-4765-40ec-be79-c1ab36f8aa48:192.168.69.84:41016, 725945e1-f11d-4591-9c35-bca7a7bb12b1:192.168.69.84:44805], old=null
2019-07-13 07:46:27,179 INFO  impl.LeaderElection (LeaderElection.java:logAndReturn(56)) - 725945e1-f11d-4591-9c35-bca7a7bb12b1:group-F5E1443B2B7C:LeaderElection24: Election REJECTED; received 2 response(s) [725945e1-f11d-4591-9c35-bca7a7bb12b1<-31cc92b9-dce5-4312-afa8-f8fbf4207340#0:FAIL-t1, 725945e1-f11d-4591-9c35-bca7a7bb12b1<-c98025ee-4765-40ec-be79-c1ab36f8aa48#0:FAIL-t1] and 0 exception(s); 725945e1-f11d-4591-9c35-bca7a7bb12b1:t1, leader=null, voted=725945e1-f11d-4591-9c35-bca7a7bb12b1, raftlog=725945e1-f11d-4591-9c35-bca7a7bb12b1-SegmentedRaftLog:OPENED:c-1,f-1,i0, conf=-1: [31cc92b9-dce5-4312-afa8-f8fbf4207340:192.168.69.84:46028, c98025ee-4765-40ec-be79-c1ab36f8aa48:192.168.69.84:41016, 725945e1-f11d-4591-9c35-bca7a7bb12b1:192.168.69.84:44805], old=null
2019-07-13 07:46:27,180 INFO  impl.RaftServerImpl (RaftServerImpl.java:setRole(171)) - 31cc92b9-dce5-4312-afa8-f8fbf4207340:group-F5E1443B2B7C changes role from CANDIDATE to FOLLOWER at term 1 for DISCOVERED_A_NEW_TERM
2019-07-13 07:46:27,180 INFO  impl.RaftServerImpl (RaftServerImpl.java:setRole(171)) - 725945e1-f11d-4591-9c35-bca7a7bb12b1:group-F5E1443B2B7C changes role from CANDIDATE to FOLLOWER at term 1 for DISCOVERED_A_NEW_TERM
2019-07-13 07:46:27,180 INFO  impl.RoleInfo (RoleInfo.java:shutdownLeaderElection(134)) - 31cc92b9-dce5-4312-afa8-f8fbf4207340: shutdown LeaderElection
2019-07-13 07:46:27,180 INFO  impl.RoleInfo (RoleInfo.java:shutdownLeaderElection(134)) - 725945e1-f11d-4591-9c35-bca7a7bb12b1: shutdown LeaderElection
2019-07-13 07:46:27,180 INFO  impl.RoleInfo (RoleInfo.java:updateAndGet(143)) - 31cc92b9-dce5-4312-afa8-f8fbf4207340: start FollowerState
2019-07-13 07:46:27,180 INFO  impl.RoleInfo (RoleInfo.java:updateAndGet(143)) - 725945e1-f11d-4591-9c35-bca7a7bb12b1: start FollowerState
2019-07-13 07:46:27,184 INFO  impl.LeaderElection (LeaderElection.java:logAndReturn(56)) - c98025ee-4765-40ec-be79-c1ab36f8aa48:group-F5E1443B2B7C:LeaderElection26: Election REJECTED; received 2 response(s) [c98025ee-4765-40ec-be79-c1ab36f8aa48<-31cc92b9-dce5-4312-afa8-f8fbf4207340#0:FAIL-t1, c98025ee-4765-40ec-be79-c1ab36f8aa48<-725945e1-f11d-4591-9c35-bca7a7bb12b1#0:FAIL-t1] and 0 exception(s); c98025ee-4765-40ec-be79-c1ab36f8aa48:t1, leader=null, voted=c98025ee-4765-40ec-be79-c1ab36f8aa48, raftlog=c98025ee-4765-40ec-be79-c1ab36f8aa48-SegmentedRaftLog:OPENED:c-1,f-1,i0, conf=-1: [31cc92b9-dce5-4312-afa8-f8fbf4207340:192.168.69.84:46028, c98025ee-4765-40ec-be79-c1ab36f8aa48:192.168.69.84:41016, 725945e1-f11d-4591-9c35-bca7a7bb12b1:192.168.69.84:44805], old=null
2019-07-13 07:46:27,184 INFO  impl.RaftServerImpl (RaftServerImpl.java:setRole(171)) - c98025ee-4765-40ec-be79-c1ab36f8aa48:group-F5E1443B2B7C changes role from CANDIDATE to FOLLOWER at term 1 for DISCOVERED_A_NEW_TERM
2019-07-13 07:46:27,184 INFO  impl.RoleInfo (RoleInfo.java:shutdownLeaderElection(134)) - c98025ee-4765-40ec-be79-c1ab36f8aa48: shutdown LeaderElection
2019-07-13 07:46:27,185 INFO  impl.RoleInfo (RoleInfo.java:updateAndGet(143)) - c98025ee-4765-40ec-be79-c1ab36f8aa48: start FollowerState
2019-07-13 07:46:27,368 INFO  impl.FollowerState (FollowerState.java:run(106)) - aad43ef4-f334-4a1c-8f5d-01764ba3cf0f:group-926FB88F252E changes to CANDIDATE, lastRpcTime:5161, electionTimeout:5161ms
2019-07-13 07:46:27,368 INFO  impl.RoleInfo (RoleInfo.java:shutdownFollowerState(121)) - aad43ef4-f334-4a1c-8f5d-01764ba3cf0f: shutdown FollowerState
2019-07-13 07:46:27,369 INFO  impl.RaftServerImpl (RaftServerImpl.java:setRole(171)) - aad43ef4-f334-4a1c-8f5d-01764ba3cf0f:group-926FB88F252E changes role from FOLLOWER to CANDIDATE at term 0 for changeToCandidate
2019-07-13 07:46:27,369 INFO  impl.RoleInfo (RoleInfo.java:updateAndGet(143)) - aad43ef4-f334-4a1c-8f5d-01764ba3cf0f: start LeaderElection
2019-07-13 07:46:27,396 INFO  impl.LeaderElection (LeaderElection.java:askForVotes(181)) - aad43ef4-f334-4a1c-8f5d-01764ba3cf0f:group-926FB88F252E:LeaderElection27: begin an election at term 1 for -1: [aad43ef4-f334-4a1c-8f5d-01764ba3cf0f:192.168.69.84:45925], old=null
2019-07-13 07:46:27,396 INFO  impl.RoleInfo (RoleInfo.java:shutdownLeaderElection(134)) - aad43ef4-f334-4a1c-8f5d-01764ba3cf0f: shutdown LeaderElection
2019-07-13 07:46:27,396 INFO  impl.RaftServerImpl (RaftServerImpl.java:setRole(171)) - aad43ef4-f334-4a1c-8f5d-01764ba3cf0f:group-926FB88F252E changes role from CANDIDATE to LEADER at term 1 for changeToLeader
2019-07-13 07:46:27,396 INFO  impl.RaftServerImpl (ServerState.java:setLeader(263)) - aad43ef4-f334-4a1c-8f5d-01764ba3cf0f:group-926FB88F252E change Leader from null to aad43ef4-f334-4a1c-8f5d-01764ba3cf0f at term 1 for becomeLeader, leader elected after 5194ms
2019-07-13 07:46:27,399 INFO  server.RaftServerConfigKeys (ConfUtils.java:logGet(43)) - raft.server.staging.catchup.gap = 1000 (default)
2019-07-13 07:46:27,399 INFO  server.RaftServerConfigKeys (ConfUtils.java:logGet(43)) - raft.server.rpc.sleep.time = 25ms (default)
2019-07-13 07:46:27,399 INFO  server.RaftServerConfigKeys (ConfUtils.java:logGet(43)) - raft.server.write.element-limit = 4096 (default)
2019-07-13 07:46:27,399 INFO  server.RaftServerConfigKeys (ConfUtils.java:logGet(43)) - raft.server.watch.timeout = 10s (default)
2019-07-13 07:46:27,399 INFO  server.RaftServerConfigKeys (ConfUtils.java:logGet(43)) - raft.server.watch.timeout.denomination = 1s (default)
2019-07-13 07:46:27,400 INFO  server.RaftServerConfigKeys (ConfUtils.java:logGet(43)) - raft.server.watch.element-limit = 65536 (default)
2019-07-13 07:46:27,400 INFO  impl.RoleInfo (RoleInfo.java:updateAndGet(143)) - aad43ef4-f334-4a1c-8f5d-01764ba3cf0f: start LeaderState
2019-07-13 07:46:27,400 INFO  segmented.SegmentedRaftLogWorker (SegmentedRaftLogWorker.java:startLogSegment(380)) - aad43ef4-f334-4a1c-8f5d-01764ba3cf0f-SegmentedRaftLogWorker:Storage Directory /tmp/workdir/hadoop-ozone/integration-test/target/test-dir/MiniOzoneClusterImpl-487749ed-5fa8-466c-a363-f34ace555a1b/datanode-6/data/ratis/31f395b5-509f-4c58-99a2-926fb88f252e: Starting segment from index:0
2019-07-13 07:46:27,401 INFO  impl.RaftServerImpl (ServerState.java:setRaftConf(361)) - aad43ef4-f334-4a1c-8f5d-01764ba3cf0f:group-926FB88F252E set configuration 0: [aad43ef4-f334-4a1c-8f5d-01764ba3cf0f:192.168.69.84:45925], old=null at 0
2019-07-13 07:46:27,427 INFO  segmented.SegmentedRaftLogWorker (SegmentedRaftLogWorker.java:execute(569)) - aad43ef4-f334-4a1c-8f5d-01764ba3cf0f-SegmentedRaftLogWorker:Storage Directory /tmp/workdir/hadoop-ozone/integration-test/target/test-dir/MiniOzoneClusterImpl-487749ed-5fa8-466c-a363-f34ace555a1b/datanode-6/data/ratis/31f395b5-509f-4c58-99a2-926fb88f252e: created new log segment /tmp/workdir/hadoop-ozone/integration-test/target/test-dir/MiniOzoneClusterImpl-487749ed-5fa8-466c-a363-f34ace555a1b/datanode-6/data/ratis/31f395b5-509f-4c58-99a2-926fb88f252e/current/log_inprogress_0
2019-07-13 07:46:27,502 INFO  client.GrpcClientProtocolClient (GrpcClientProtocolClient.java:onNext(255)) - client-E8173B69D77F->852a83c0-e248-4744-b21a-e29c86840c6d: receive RaftClientReply:client-E8173B69D77F->852a83c0-e248-4744-b21a-e29c86840c6d@group-168EE6489F8D, cid=42, SUCCESS, logIndex=1, commits[852a83c0-e248-4744-b21a-e29c86840c6d:c2, 35f792f5-4ff5-4df4-a20f-ebe4ee56e078:c1, dfcdd0cd-d7f3-4c51-a25f-466e2276d529:c1]
2019-07-13 07:46:27,523 INFO  client.GrpcClientProtocolClient (GrpcClientProtocolClient.java:onNext(255)) - client-866634B74621->31cc92b9-dce5-4312-afa8-f8fbf4207340: receive RaftClientReply:client-866634B74621->31cc92b9-dce5-4312-afa8-f8fbf4207340@group-F5E1443B2B7C, cid=43, FAILED org.apache.ratis.protocol.NotLeaderException: Server 31cc92b9-dce5-4312-afa8-f8fbf4207340 is not the leader (null). Request must be sent to leader., logIndex=0, commits[31cc92b9-dce5-4312-afa8-f8fbf4207340:c-1]
2019-07-13 07:46:28,549 INFO  client.GrpcClientProtocolClient (GrpcClientProtocolClient.java:onNext(255)) - client-866634B74621->c98025ee-4765-40ec-be79-c1ab36f8aa48: receive RaftClientReply:client-866634B74621->c98025ee-4765-40ec-be79-c1ab36f8aa48@group-F5E1443B2B7C, cid=43, FAILED org.apache.ratis.protocol.NotLeaderException: Server c98025ee-4765-40ec-be79-c1ab36f8aa48 is not the leader (null). Request must be sent to leader., logIndex=0, commits[c98025ee-4765-40ec-be79-c1ab36f8aa48:c-1]
2019-07-13 07:46:29,572 INFO  client.GrpcClientProtocolClient (GrpcClientProtocolClient.java:onNext(255)) - client-866634B74621->31cc92b9-dce5-4312-afa8-f8fbf4207340: receive RaftClientReply:client-866634B74621->31cc92b9-dce5-4312-afa8-f8fbf4207340@group-F5E1443B2B7C, cid=43, FAILED org.apache.ratis.protocol.NotLeaderException: Server 31cc92b9-dce5-4312-afa8-f8fbf4207340 is not the leader (null). Request must be sent to leader., logIndex=0, commits[31cc92b9-dce5-4312-afa8-f8fbf4207340:c-1]
2019-07-13 07:46:30,605 INFO  client.GrpcClientProtocolClient (GrpcClientProtocolClient.java:onNext(255)) - client-866634B74621->725945e1-f11d-4591-9c35-bca7a7bb12b1: receive RaftClientReply:client-866634B74621->725945e1-f11d-4591-9c35-bca7a7bb12b1@group-F5E1443B2B7C, cid=43, FAILED org.apache.ratis.protocol.NotLeaderException: Server 725945e1-f11d-4591-9c35-bca7a7bb12b1 is not the leader (null). Request must be sent to leader., logIndex=0, commits[725945e1-f11d-4591-9c35-bca7a7bb12b1:c-1]
2019-07-13 07:46:31,630 INFO  client.GrpcClientProtocolClient (GrpcClientProtocolClient.java:onNext(255)) - client-866634B74621->c98025ee-4765-40ec-be79-c1ab36f8aa48: receive RaftClientReply:client-866634B74621->c98025ee-4765-40ec-be79-c1ab36f8aa48@group-F5E1443B2B7C, cid=43, FAILED org.apache.ratis.protocol.NotLeaderException: Server c98025ee-4765-40ec-be79-c1ab36f8aa48 is not the leader (null). Request must be sent to leader., logIndex=0, commits[c98025ee-4765-40ec-be79-c1ab36f8aa48:c-1]
2019-07-13 07:46:32,192 INFO  impl.FollowerState (FollowerState.java:run(106)) - 725945e1-f11d-4591-9c35-bca7a7bb12b1:group-F5E1443B2B7C changes to CANDIDATE, lastRpcTime:5011, electionTimeout:5011ms
2019-07-13 07:46:32,193 INFO  impl.RoleInfo (RoleInfo.java:shutdownFollowerState(121)) - 725945e1-f11d-4591-9c35-bca7a7bb12b1: shutdown FollowerState
2019-07-13 07:46:32,193 INFO  impl.RaftServerImpl (RaftServerImpl.java:setRole(171)) - 725945e1-f11d-4591-9c35-bca7a7bb12b1:group-F5E1443B2B7C changes role from FOLLOWER to CANDIDATE at term 1 for changeToCandidate
2019-07-13 07:46:32,193 INFO  impl.RoleInfo (RoleInfo.java:updateAndGet(143)) - 725945e1-f11d-4591-9c35-bca7a7bb12b1: start LeaderElection
2019-07-13 07:46:32,213 INFO  impl.LeaderElection (LeaderElection.java:askForVotes(181)) - 725945e1-f11d-4591-9c35-bca7a7bb12b1:group-F5E1443B2B7C:LeaderElection28: begin an election at term 2 for -1: [31cc92b9-dce5-4312-afa8-f8fbf4207340:192.168.69.84:46028, c98025ee-4765-40ec-be79-c1ab36f8aa48:192.168.69.84:41016, 725945e1-f11d-4591-9c35-bca7a7bb12b1:192.168.69.84:44805], old=null
2019-07-13 07:46:32,214 INFO  impl.FollowerState (FollowerState.java:run(106)) - 31cc92b9-dce5-4312-afa8-f8fbf4207340:group-F5E1443B2B7C changes to CANDIDATE, lastRpcTime:5033, electionTimeout:5033ms
2019-07-13 07:46:32,214 INFO  impl.RoleInfo (RoleInfo.java:shutdownFollowerState(121)) - 31cc92b9-dce5-4312-afa8-f8fbf4207340: shutdown FollowerState
2019-07-13 07:46:32,214 INFO  impl.RaftServerImpl (RaftServerImpl.java:setRole(171)) - 31cc92b9-dce5-4312-afa8-f8fbf4207340:group-F5E1443B2B7C changes role from FOLLOWER to CANDIDATE at term 1 for changeToCandidate
2019-07-13 07:46:32,215 INFO  impl.RoleInfo (RoleInfo.java:updateAndGet(143)) - 31cc92b9-dce5-4312-afa8-f8fbf4207340: start LeaderElection
2019-07-13 07:46:32,220 INFO  impl.RaftServerImpl (RaftServerImpl.java:setRole(171)) - c98025ee-4765-40ec-be79-c1ab36f8aa48:group-F5E1443B2B7C changes role from FOLLOWER to FOLLOWER at term 2 for recognizeCandidate:725945e1-f11d-4591-9c35-bca7a7bb12b1
2019-07-13 07:46:32,220 INFO  impl.RoleInfo (RoleInfo.java:shutdownFollowerState(121)) - c98025ee-4765-40ec-be79-c1ab36f8aa48: shutdown FollowerState
2019-07-13 07:46:32,220 INFO  impl.RoleInfo (RoleInfo.java:updateAndGet(143)) - c98025ee-4765-40ec-be79-c1ab36f8aa48: start FollowerState
2019-07-13 07:46:32,220 INFO  impl.FollowerState (FollowerState.java:run(114)) - c98025ee-4765-40ec-be79-c1ab36f8aa48: FollowerState was interrupted: java.lang.InterruptedException: sleep interrupted
2019-07-13 07:46:32,243 INFO  impl.LeaderElection (LeaderElection.java:askForVotes(181)) - 31cc92b9-dce5-4312-afa8-f8fbf4207340:group-F5E1443B2B7C:LeaderElection29: begin an election at term 2 for -1: [31cc92b9-dce5-4312-afa8-f8fbf4207340:192.168.69.84:46028, c98025ee-4765-40ec-be79-c1ab36f8aa48:192.168.69.84:41016, 725945e1-f11d-4591-9c35-bca7a7bb12b1:192.168.69.84:44805], old=null
2019-07-13 07:46:32,245 INFO  impl.LeaderElection (LeaderElection.java:logAndReturn(56)) - 725945e1-f11d-4591-9c35-bca7a7bb12b1:group-F5E1443B2B7C:LeaderElection28: Election PASSED; received 1 response(s) [725945e1-f11d-4591-9c35-bca7a7bb12b1<-c98025ee-4765-40ec-be79-c1ab36f8aa48#0:OK-t2] and 0 exception(s); 725945e1-f11d-4591-9c35-bca7a7bb12b1:t2, leader=null, voted=725945e1-f11d-4591-9c35-bca7a7bb12b1, raftlog=725945e1-f11d-4591-9c35-bca7a7bb12b1-SegmentedRaftLog:OPENED:c-1,f-1,i0, conf=-1: [31cc92b9-dce5-4312-afa8-f8fbf4207340:192.168.69.84:46028, c98025ee-4765-40ec-be79-c1ab36f8aa48:192.168.69.84:41016, 725945e1-f11d-4591-9c35-bca7a7bb12b1:192.168.69.84:44805], old=null
2019-07-13 07:46:32,245 INFO  impl.RoleInfo (RoleInfo.java:shutdownLeaderElection(134)) - 725945e1-f11d-4591-9c35-bca7a7bb12b1: shutdown LeaderElection
2019-07-13 07:46:32,245 INFO  impl.RaftServerImpl (RaftServerImpl.java:setRole(171)) - 725945e1-f11d-4591-9c35-bca7a7bb12b1:group-F5E1443B2B7C changes role from CANDIDATE to LEADER at term 2 for changeToLeader
2019-07-13 07:46:32,245 INFO  impl.RaftServerImpl (ServerState.java:setLeader(263)) - 725945e1-f11d-4591-9c35-bca7a7bb12b1:group-F5E1443B2B7C change Leader from null to 725945e1-f11d-4591-9c35-bca7a7bb12b1 at term 2 for becomeLeader, leader elected after 10200ms
2019-07-13 07:46:32,245 INFO  server.RaftServerConfigKeys (ConfUtils.java:logGet(43)) - raft.server.staging.catchup.gap = 1000 (default)
2019-07-13 07:46:32,246 INFO  server.RaftServerConfigKeys (ConfUtils.java:logGet(43)) - raft.server.rpc.sleep.time = 25ms (default)
2019-07-13 07:46:32,246 INFO  server.RaftServerConfigKeys (ConfUtils.java:logGet(43)) - raft.server.write.element-limit = 4096 (default)
2019-07-13 07:46:32,246 INFO  server.RaftServerConfigKeys (ConfUtils.java:logGet(43)) - raft.server.watch.timeout = 10s (default)
2019-07-13 07:46:32,246 INFO  server.RaftServerConfigKeys (ConfUtils.java:logGet(43)) - raft.server.watch.timeout.denomination = 1s (default)
2019-07-13 07:46:32,246 INFO  server.RaftServerConfigKeys (ConfUtils.java:logGet(43)) - raft.server.watch.element-limit = 65536 (default)
2019-07-13 07:46:32,247 INFO  server.RaftServerConfigKeys (ConfUtils.java:logGet(43)) - raft.server.log.appender.snapshot.chunk.size.max = 16MB (=16777216) (default)
2019-07-13 07:46:32,247 INFO  server.RaftServerConfigKeys (ConfUtils.java:logGet(43)) - raft.server.log.appender.buffer.byte-limit = 33554432 (custom)
2019-07-13 07:46:32,247 INFO  server.RaftServerConfigKeys (ConfUtils.java:logGet(43)) - raft.server.log.appender.buffer.element-limit = 1 (custom)
2019-07-13 07:46:32,248 INFO  grpc.GrpcConfigKeys$Server (ConfUtils.java:logGet(43)) - raft.grpc.server.leader.outstanding.appends.max = 128 (default)
2019-07-13 07:46:32,248 INFO  server.RaftServerConfigKeys (ConfUtils.java:logGet(43)) - raft.server.rpc.request.timeout = 3000ms (default)
2019-07-13 07:46:32,248 INFO  server.RaftServerConfigKeys (ConfUtils.java:logGet(43)) - raft.server.log.appender.install.snapshot.enabled = false (custom)
2019-07-13 07:46:32,248 INFO  server.RaftServerConfigKeys (ConfUtils.java:logGet(43)) - raft.server.log.appender.snapshot.chunk.size.max = 16MB (=16777216) (default)
2019-07-13 07:46:32,248 INFO  server.RaftServerConfigKeys (ConfUtils.java:logGet(43)) - raft.server.log.appender.buffer.byte-limit = 33554432 (custom)
2019-07-13 07:46:32,249 INFO  server.RaftServerConfigKeys (ConfUtils.java:logGet(43)) - raft.server.log.appender.buffer.element-limit = 1 (custom)
2019-07-13 07:46:32,249 INFO  grpc.GrpcConfigKeys$Server (ConfUtils.java:logGet(43)) - raft.grpc.server.leader.outstanding.appends.max = 128 (default)
2019-07-13 07:46:32,249 INFO  server.RaftServerConfigKeys (ConfUtils.java:logGet(43)) - raft.server.rpc.request.timeout = 3000ms (default)
2019-07-13 07:46:32,249 INFO  server.RaftServerConfigKeys (ConfUtils.java:logGet(43)) - raft.server.log.appender.install.snapshot.enabled = false (custom)
2019-07-13 07:46:32,250 INFO  impl.RoleInfo (RoleInfo.java:updateAndGet(143)) - 725945e1-f11d-4591-9c35-bca7a7bb12b1: start LeaderState
2019-07-13 07:46:32,250 INFO  segmented.SegmentedRaftLogWorker (SegmentedRaftLogWorker.java:startLogSegment(380)) - 725945e1-f11d-4591-9c35-bca7a7bb12b1-SegmentedRaftLogWorker:Storage Directory /tmp/workdir/hadoop-ozone/integration-test/target/test-dir/MiniOzoneClusterImpl-487749ed-5fa8-466c-a363-f34ace555a1b/datanode-4/data/ratis/839c12e0-1575-4b5c-9c26-f5e1443b2b7c: Starting segment from index:0
2019-07-13 07:46:32,251 INFO  impl.RaftServerImpl (ServerState.java:setRaftConf(361)) - 725945e1-f11d-4591-9c35-bca7a7bb12b1:group-F5E1443B2B7C set configuration 0: [31cc92b9-dce5-4312-afa8-f8fbf4207340:192.168.69.84:46028, c98025ee-4765-40ec-be79-c1ab36f8aa48:192.168.69.84:41016, 725945e1-f11d-4591-9c35-bca7a7bb12b1:192.168.69.84:44805], old=null at 0
2019-07-13 07:46:32,251 INFO  impl.RaftServerImpl (RaftServerImpl.java:requestVote(754)) - 725945e1-f11d-4591-9c35-bca7a7bb12b1-LEADER: Withhold vote from candidate 31cc92b9-dce5-4312-afa8-f8fbf4207340 with term 2. State: leader=725945e1-f11d-4591-9c35-bca7a7bb12b1, term=2, lastRpcElapsed=null
2019-07-13 07:46:32,253 INFO  impl.RaftServerImpl (RaftServerImpl.java:setRole(171)) - 31cc92b9-dce5-4312-afa8-f8fbf4207340:group-F5E1443B2B7C changes role from CANDIDATE to FOLLOWER at term 2 for appendEntries
2019-07-13 07:46:32,253 INFO  impl.RaftServerImpl (ServerState.java:setLeader(263)) - c98025ee-4765-40ec-be79-c1ab36f8aa48:group-F5E1443B2B7C change Leader from null to 725945e1-f11d-4591-9c35-bca7a7bb12b1 at term 2 for appendEntries, leader elected after 10209ms
2019-07-13 07:46:32,253 INFO  impl.RoleInfo (RoleInfo.java:shutdownLeaderElection(134)) - 31cc92b9-dce5-4312-afa8-f8fbf4207340: shutdown LeaderElection
2019-07-13 07:46:32,253 INFO  impl.LeaderElection (LeaderElection.java:logAndReturn(56)) - 31cc92b9-dce5-4312-afa8-f8fbf4207340:group-F5E1443B2B7C:LeaderElection29: Election REJECTED; received 2 response(s) [31cc92b9-dce5-4312-afa8-f8fbf4207340<-c98025ee-4765-40ec-be79-c1ab36f8aa48#0:FAIL-t2, 31cc92b9-dce5-4312-afa8-f8fbf4207340<-725945e1-f11d-4591-9c35-bca7a7bb12b1#0:FAIL-t2] and 0 exception(s); 31cc92b9-dce5-4312-afa8-f8fbf4207340:t2, leader=null, voted=31cc92b9-dce5-4312-afa8-f8fbf4207340, raftlog=31cc92b9-dce5-4312-afa8-f8fbf4207340-SegmentedRaftLog:OPENED:c-1,f-1,i0, conf=-1: [31cc92b9-dce5-4312-afa8-f8fbf4207340:192.168.69.84:46028, c98025ee-4765-40ec-be79-c1ab36f8aa48:192.168.69.84:41016, 725945e1-f11d-4591-9c35-bca7a7bb12b1:192.168.69.84:44805], old=null
2019-07-13 07:46:32,254 INFO  impl.RoleInfo (RoleInfo.java:updateAndGet(143)) - 31cc92b9-dce5-4312-afa8-f8fbf4207340: start FollowerState
2019-07-13 07:46:32,256 INFO  impl.RaftServerImpl (ServerState.java:setLeader(263)) - 31cc92b9-dce5-4312-afa8-f8fbf4207340:group-F5E1443B2B7C change Leader from null to 725945e1-f11d-4591-9c35-bca7a7bb12b1 at term 2 for appendEntries, leader elected after 10212ms
2019-07-13 07:46:32,258 INFO  impl.RaftServerImpl (ServerState.java:setRaftConf(361)) - c98025ee-4765-40ec-be79-c1ab36f8aa48:group-F5E1443B2B7C set configuration 0: [31cc92b9-dce5-4312-afa8-f8fbf4207340:192.168.69.84:46028, c98025ee-4765-40ec-be79-c1ab36f8aa48:192.168.69.84:41016, 725945e1-f11d-4591-9c35-bca7a7bb12b1:192.168.69.84:44805], old=null at 0
2019-07-13 07:46:32,259 INFO  segmented.SegmentedRaftLogWorker (SegmentedRaftLogWorker.java:startLogSegment(380)) - c98025ee-4765-40ec-be79-c1ab36f8aa48-SegmentedRaftLogWorker:Storage Directory /tmp/workdir/hadoop-ozone/integration-test/target/test-dir/MiniOzoneClusterImpl-487749ed-5fa8-466c-a363-f34ace555a1b/datanode-3/data/ratis/839c12e0-1575-4b5c-9c26-f5e1443b2b7c: Starting segment from index:0
2019-07-13 07:46:32,260 INFO  impl.RaftServerImpl (ServerState.java:setRaftConf(361)) - 31cc92b9-dce5-4312-afa8-f8fbf4207340:group-F5E1443B2B7C set configuration 0: [31cc92b9-dce5-4312-afa8-f8fbf4207340:192.168.69.84:46028, c98025ee-4765-40ec-be79-c1ab36f8aa48:192.168.69.84:41016, 725945e1-f11d-4591-9c35-bca7a7bb12b1:192.168.69.84:44805], old=null at 0
2019-07-13 07:46:32,260 INFO  segmented.SegmentedRaftLogWorker (SegmentedRaftLogWorker.java:startLogSegment(380)) - 31cc92b9-dce5-4312-afa8-f8fbf4207340-SegmentedRaftLogWorker:Storage Directory /tmp/workdir/hadoop-ozone/integration-test/target/test-dir/MiniOzoneClusterImpl-487749ed-5fa8-466c-a363-f34ace555a1b/datanode-5/data/ratis/839c12e0-1575-4b5c-9c26-f5e1443b2b7c: Starting segment from index:0
2019-07-13 07:46:32,282 INFO  segmented.SegmentedRaftLogWorker (SegmentedRaftLogWorker.java:execute(569)) - 725945e1-f11d-4591-9c35-bca7a7bb12b1-SegmentedRaftLogWorker:Storage Directory /tmp/workdir/hadoop-ozone/integration-test/target/test-dir/MiniOzoneClusterImpl-487749ed-5fa8-466c-a363-f34ace555a1b/datanode-4/data/ratis/839c12e0-1575-4b5c-9c26-f5e1443b2b7c: created new log segment /tmp/workdir/hadoop-ozone/integration-test/target/test-dir/MiniOzoneClusterImpl-487749ed-5fa8-466c-a363-f34ace555a1b/datanode-4/data/ratis/839c12e0-1575-4b5c-9c26-f5e1443b2b7c/current/log_inprogress_0
2019-07-13 07:46:32,282 INFO  segmented.SegmentedRaftLogWorker (SegmentedRaftLogWorker.java:execute(569)) - 31cc92b9-dce5-4312-afa8-f8fbf4207340-SegmentedRaftLogWorker:Storage Directory /tmp/workdir/hadoop-ozone/integration-test/target/test-dir/MiniOzoneClusterImpl-487749ed-5fa8-466c-a363-f34ace555a1b/datanode-5/data/ratis/839c12e0-1575-4b5c-9c26-f5e1443b2b7c: created new log segment /tmp/workdir/hadoop-ozone/integration-test/target/test-dir/MiniOzoneClusterImpl-487749ed-5fa8-466c-a363-f34ace555a1b/datanode-5/data/ratis/839c12e0-1575-4b5c-9c26-f5e1443b2b7c/current/log_inprogress_0
2019-07-13 07:46:32,282 INFO  segmented.SegmentedRaftLogWorker (SegmentedRaftLogWorker.java:execute(569)) - c98025ee-4765-40ec-be79-c1ab36f8aa48-SegmentedRaftLogWorker:Storage Directory /tmp/workdir/hadoop-ozone/integration-test/target/test-dir/MiniOzoneClusterImpl-487749ed-5fa8-466c-a363-f34ace555a1b/datanode-3/data/ratis/839c12e0-1575-4b5c-9c26-f5e1443b2b7c: created new log segment /tmp/workdir/hadoop-ozone/integration-test/target/test-dir/MiniOzoneClusterImpl-487749ed-5fa8-466c-a363-f34ace555a1b/datanode-3/data/ratis/839c12e0-1575-4b5c-9c26-f5e1443b2b7c/current/log_inprogress_0
2019-07-13 07:46:32,658 INFO  client.GrpcClientProtocolClient (GrpcClientProtocolClient.java:onNext(255)) - client-866634B74621->31cc92b9-dce5-4312-afa8-f8fbf4207340: receive RaftClientReply:client-866634B74621->31cc92b9-dce5-4312-afa8-f8fbf4207340@group-F5E1443B2B7C, cid=43, FAILED org.apache.ratis.protocol.NotLeaderException: Server 31cc92b9-dce5-4312-afa8-f8fbf4207340 is not the leader (725945e1-f11d-4591-9c35-bca7a7bb12b1:192.168.69.84:44805). Request must be sent to leader., logIndex=0, commits[31cc92b9-dce5-4312-afa8-f8fbf4207340:c-1, c98025ee-4765-40ec-be79-c1ab36f8aa48:c-1, 725945e1-f11d-4591-9c35-bca7a7bb12b1:c-1]
2019-07-13 07:46:32,865 INFO  client.GrpcClientProtocolClient (GrpcClientProtocolClient.java:onNext(255)) - client-866634B74621->725945e1-f11d-4591-9c35-bca7a7bb12b1: receive RaftClientReply:client-866634B74621->725945e1-f11d-4591-9c35-bca7a7bb12b1@group-F5E1443B2B7C, cid=43, SUCCESS, logIndex=1, commits[725945e1-f11d-4591-9c35-bca7a7bb12b1:c2, 31cc92b9-dce5-4312-afa8-f8fbf4207340:c1, c98025ee-4765-40ec-be79-c1ab36f8aa48:c1]
2019-07-13 07:46:33,026 INFO  client.GrpcClientProtocolClient (GrpcClientProtocolClient.java:onNext(255)) - client-866634B74621->725945e1-f11d-4591-9c35-bca7a7bb12b1: receive RaftClientReply:client-866634B74621->725945e1-f11d-4591-9c35-bca7a7bb12b1@group-F5E1443B2B7C, cid=44, SUCCESS, logIndex=3, commits[725945e1-f11d-4591-9c35-bca7a7bb12b1:c4, 31cc92b9-dce5-4312-afa8-f8fbf4207340:c3, c98025ee-4765-40ec-be79-c1ab36f8aa48:c3]
2019-07-13 07:46:33,036 INFO  keyvalue.KeyValueHandler (ContainerUtils.java:logAndReturnError(146)) - Operation: CreateContainer : Trace ID: 2d275aaf94c68073:2d275aaf94c68073:0:0 : Message: Container creation failed, due to disk out of space : Result: DISK_OUT_OF_SPACE
2019-07-13 07:46:33,050 INFO  keyvalue.KeyValueHandler (ContainerUtils.java:logAndReturnError(146)) - Operation: CreateContainer : Trace ID: 2d275aaf94c68073:2d275aaf94c68073:0:0 : Message: Container creation failed, due to disk out of space : Result: DISK_OUT_OF_SPACE
2019-07-13 07:46:33,053 INFO  keyvalue.KeyValueHandler (ContainerUtils.java:logAndReturnError(146)) - Operation: CreateContainer : Trace ID: 2d275aaf94c68073:2d275aaf94c68073:0:0 : Message: Container creation failed, due to disk out of space : Result: DISK_OUT_OF_SPACE
2019-07-13 07:46:33,054 INFO  client.GrpcClientProtocolClient (GrpcClientProtocolClient.java:onNext(255)) - client-866634B74621->725945e1-f11d-4591-9c35-bca7a7bb12b1: receive RaftClientReply:client-866634B74621->725945e1-f11d-4591-9c35-bca7a7bb12b1@group-F5E1443B2B7C, cid=45, FAILED org.apache.ratis.protocol.StateMachineException: java.util.concurrent.CompletionException: java.lang.NullPointerException, logIndex=5, commits[725945e1-f11d-4591-9c35-bca7a7bb12b1:c5, 31cc92b9-dce5-4312-afa8-f8fbf4207340:c4, c98025ee-4765-40ec-be79-c1ab36f8aa48:c4]
2019-07-13 07:46:33,110 INFO  ozone.MiniOzoneClusterImpl (MiniOzoneClusterImpl.java:shutdown(321)) - Shutting down the Mini Ozone Cluster
2019-07-13 07:46:33,110 INFO  ozone.MiniOzoneClusterImpl (MiniOzoneClusterImpl.java:stop(336)) - Stopping the Mini Ozone Cluster
2019-07-13 07:46:33,110 INFO  ozone.MiniOzoneClusterImpl (MiniOzoneClusterImpl.java:stop(338)) - Stopping the OzoneManager
2019-07-13 07:46:33,111 INFO  ipc.Server (Server.java:stop(3082)) - Stopping server on 40982
2019-07-13 07:46:33,127 INFO  ipc.Server (Server.java:run(1185)) - Stopping IPC Server listener on 40982
2019-07-13 07:46:33,127 INFO  utils.BackgroundService (BackgroundService.java:shutdown(148)) - Shutting down service KeyDeletingService
2019-07-13 07:46:33,130 INFO  ipc.Server (Server.java:run(1319)) - Stopping IPC Server Responder
2019-07-13 07:46:33,145 INFO  handler.ContextHandler (ContextHandler.java:doStop(910)) - Stopped o.e.j.w.WebAppContext@1426370c{/,null,UNAVAILABLE}{/ozoneManager}
2019-07-13 07:46:33,146 INFO  server.AbstractConnector (AbstractConnector.java:doStop(318)) - Stopped ServerConnector@9f9146d{HTTP/1.1,[http/1.1]}{0.0.0.0:0}
2019-07-13 07:46:33,146 INFO  handler.ContextHandler (ContextHandler.java:doStop(910)) - Stopped o.e.j.s.ServletContextHandler@7534785a{/static,file:///tmp/workdir/hadoop-ozone/integration-test/target/test-classes/webapps/static,UNAVAILABLE}
2019-07-13 07:46:33,147 INFO  handler.ContextHandler (ContextHandler.java:doStop(910)) - Stopped o.e.j.s.ServletContextHandler@55951fcd{/logs,file:///tmp/workdir/hadoop-ozone/integration-test/target/log,UNAVAILABLE}
2019-07-13 07:46:33,162 INFO  ozone.MiniOzoneClusterImpl (MiniOzoneClusterImpl.java:stop(344)) - Shutting the HddsDatanodes
2019-07-13 07:46:33,162 INFO  datanode.ObjectStoreHandler (ObjectStoreHandler.java:close(155)) - Closing ObjectStoreHandler.
2019-07-13 07:46:33,162 INFO  datanode.ObjectStoreHandler (ObjectStoreHandler.java:close(155)) - Closing ObjectStoreHandler.
2019-07-13 07:46:33,164 INFO  ozone.HddsDatanodeService (HddsDatanodeService.java:stop(452)) - Stopped plug-in org.apache.hadoop.ozone.web.OzoneHddsDatanodeService@70f5f59d
2019-07-13 07:46:33,164 INFO  ozone.HddsDatanodeService (HddsDatanodeService.java:stop(452)) - Stopped plug-in org.apache.hadoop.ozone.web.OzoneHddsDatanodeService@70884875
2019-07-13 07:46:33,514 INFO  statemachine.DatanodeStateMachine (DatanodeStateMachine.java:lambda$startDaemon$0(350)) - Ozone container server started.
2019-07-13 07:46:34,021 INFO  statemachine.DatanodeStateMachine (DatanodeStateMachine.java:lambda$startDaemon$0(350)) - Ozone container server started.
2019-07-13 07:46:38,164 INFO  ozoneimpl.OzoneContainer (OzoneContainer.java:stop(199)) - Attempting to stop container services.
2019-07-13 07:46:38,165 INFO  ozoneimpl.OzoneContainer (OzoneContainer.java:stop(199)) - Attempting to stop container services.
2019-07-13 07:46:38,165 INFO  impl.RaftServerProxy (RaftServerProxy.java:lambda$close$4(314)) - 725945e1-f11d-4591-9c35-bca7a7bb12b1: close
2019-07-13 07:46:38,165 INFO  impl.RaftServerProxy (RaftServerProxy.java:lambda$close$4(314)) - dfcdd0cd-d7f3-4c51-a25f-466e2276d529: close
2019-07-13 07:46:38,166 INFO  impl.RaftServerImpl (RaftServerImpl.java:lambda$shutdown$3(245)) - 725945e1-f11d-4591-9c35-bca7a7bb12b1: shutdown group-489C7DD04583
2019-07-13 07:46:38,166 INFO  impl.RaftServerImpl (RaftServerImpl.java:lambda$shutdown$3(245)) - dfcdd0cd-d7f3-4c51-a25f-466e2276d529: shutdown group-0B95D25122F9
2019-07-13 07:46:38,166 INFO  util.JmxRegister (JmxRegister.java:unregister(73)) - Successfully un-registered JMX Bean with object name Ratis:service=RaftServer,group=group-489C7DD04583,id=725945e1-f11d-4591-9c35-bca7a7bb12b1
2019-07-13 07:46:38,167 INFO  util.JmxRegister (JmxRegister.java:unregister(73)) - Successfully un-registered JMX Bean with object name Ratis:service=RaftServer,group=group-0B95D25122F9,id=dfcdd0cd-d7f3-4c51-a25f-466e2276d529
2019-07-13 07:46:38,167 INFO  impl.RoleInfo (RoleInfo.java:shutdownLeaderState(104)) - 725945e1-f11d-4591-9c35-bca7a7bb12b1: shutdown LeaderState
2019-07-13 07:46:38,167 INFO  impl.RoleInfo (RoleInfo.java:shutdownLeaderState(104)) - dfcdd0cd-d7f3-4c51-a25f-466e2276d529: shutdown LeaderState
2019-07-13 07:46:38,167 INFO  impl.PendingRequests (PendingRequests.java:sendNotLeaderResponses(202)) - 725945e1-f11d-4591-9c35-bca7a7bb12b1-PendingRequests: sendNotLeaderResponses
2019-07-13 07:46:38,167 INFO  impl.PendingRequests (PendingRequests.java:sendNotLeaderResponses(202)) - dfcdd0cd-d7f3-4c51-a25f-466e2276d529-PendingRequests: sendNotLeaderResponses
2019-07-13 07:46:38,168 INFO  ratis.ContainerStateMachine (ContainerStateMachine.java:takeSnapshot(246)) - Taking snapshot at termIndex:(t:0, i:~)
2019-07-13 07:46:38,168 INFO  ratis.ContainerStateMachine (ContainerStateMachine.java:takeSnapshot(246)) - Taking snapshot at termIndex:(t:0, i:~)
2019-07-13 07:46:38,168 INFO  impl.StateMachineUpdater (StateMachineUpdater.java:stopAndJoin(115)) - StateMachineUpdater:725945e1-f11d-4591-9c35-bca7a7bb12b1:group-489C7DD04583: set stopIndex = 0
2019-07-13 07:46:38,168 INFO  impl.StateMachineUpdater (StateMachineUpdater.java:stopAndJoin(115)) - StateMachineUpdater:dfcdd0cd-d7f3-4c51-a25f-466e2276d529:group-0B95D25122F9: set stopIndex = 0
2019-07-13 07:46:38,168 INFO  impl.RaftServerImpl (ServerState.java:close(394)) - 725945e1-f11d-4591-9c35-bca7a7bb12b1:group-489C7DD04583 closes. The last applied log index is 0
2019-07-13 07:46:38,169 INFO  impl.RaftServerImpl (ServerState.java:close(394)) - dfcdd0cd-d7f3-4c51-a25f-466e2276d529:group-0B95D25122F9 closes. The last applied log index is 0
2019-07-13 07:46:38,169 INFO  segmented.SegmentedRaftLogWorker (SegmentedRaftLogWorker.java:run(313)) - 725945e1-f11d-4591-9c35-bca7a7bb12b1-SegmentedRaftLogWorker:Storage Directory /tmp/workdir/hadoop-ozone/integration-test/target/test-dir/MiniOzoneClusterImpl-487749ed-5fa8-466c-a363-f34ace555a1b/datanode-4/data/ratis/c72670cb-dc5a-4974-b29c-489c7dd04583 was interrupted, exiting. There are 0 tasks remaining in the queue.
2019-07-13 07:46:38,169 INFO  segmented.SegmentedRaftLogWorker (SegmentedRaftLogWorker.java:run(313)) - dfcdd0cd-d7f3-4c51-a25f-466e2276d529-SegmentedRaftLogWorker:Storage Directory /tmp/workdir/hadoop-ozone/integration-test/target/test-dir/MiniOzoneClusterImpl-487749ed-5fa8-466c-a363-f34ace555a1b/datanode-1/data/ratis/73ed13b6-d654-451a-bcae-0b95d25122f9 was interrupted, exiting. There are 0 tasks remaining in the queue.
2019-07-13 07:46:38,173 INFO  segmented.SegmentedRaftLogWorker (SegmentedRaftLogWorker.java:close(228)) - 725945e1-f11d-4591-9c35-bca7a7bb12b1-SegmentedRaftLogWorker:Storage Directory /tmp/workdir/hadoop-ozone/integration-test/target/test-dir/MiniOzoneClusterImpl-487749ed-5fa8-466c-a363-f34ace555a1b/datanode-4/data/ratis/c72670cb-dc5a-4974-b29c-489c7dd04583 close()
2019-07-13 07:46:38,175 INFO  segmented.SegmentedRaftLogWorker (SegmentedRaftLogWorker.java:close(228)) - dfcdd0cd-d7f3-4c51-a25f-466e2276d529-SegmentedRaftLogWorker:Storage Directory /tmp/workdir/hadoop-ozone/integration-test/target/test-dir/MiniOzoneClusterImpl-487749ed-5fa8-466c-a363-f34ace555a1b/datanode-1/data/ratis/73ed13b6-d654-451a-bcae-0b95d25122f9 close()
2019-07-13 07:46:38,178 INFO  impl.RaftServerImpl (RaftServerImpl.java:lambda$shutdown$3(245)) - 725945e1-f11d-4591-9c35-bca7a7bb12b1: shutdown group-F5E1443B2B7C
2019-07-13 07:46:38,182 INFO  impl.RaftServerImpl (RaftServerImpl.java:lambda$shutdown$3(245)) - dfcdd0cd-d7f3-4c51-a25f-466e2276d529: shutdown group-168EE6489F8D
2019-07-13 07:46:38,183 INFO  util.JmxRegister (JmxRegister.java:unregister(73)) - Successfully un-registered JMX Bean with object name Ratis:service=RaftServer,group=group-F5E1443B2B7C,id=725945e1-f11d-4591-9c35-bca7a7bb12b1
2019-07-13 07:46:38,183 INFO  util.JmxRegister (JmxRegister.java:unregister(73)) - Successfully un-registered JMX Bean with object name Ratis:service=RaftServer,group=group-168EE6489F8D,id=dfcdd0cd-d7f3-4c51-a25f-466e2276d529
2019-07-13 07:46:38,183 INFO  impl.RoleInfo (RoleInfo.java:shutdownLeaderState(104)) - 725945e1-f11d-4591-9c35-bca7a7bb12b1: shutdown LeaderState
2019-07-13 07:46:38,183 INFO  impl.RoleInfo (RoleInfo.java:shutdownFollowerState(121)) - dfcdd0cd-d7f3-4c51-a25f-466e2276d529: shutdown FollowerState
2019-07-13 07:46:38,187 INFO  impl.PendingRequests (PendingRequests.java:sendNotLeaderResponses(202)) - 725945e1-f11d-4591-9c35-bca7a7bb12b1-PendingRequests: sendNotLeaderResponses
2019-07-13 07:46:38,187 INFO  ratis.ContainerStateMachine (ContainerStateMachine.java:takeSnapshot(246)) - Taking snapshot at termIndex:(t:1, i:1)
2019-07-13 07:46:38,187 INFO  impl.FollowerState (FollowerState.java:run(114)) - dfcdd0cd-d7f3-4c51-a25f-466e2276d529: FollowerState was interrupted: java.lang.InterruptedException: sleep interrupted
2019-07-13 07:46:38,187 WARN  server.GrpcLogAppender (GrpcLogAppender.java:mayWait(143)) - GrpcLogAppender(725945e1-f11d-4591-9c35-bca7a7bb12b1->c98025ee-4765-40ec-be79-c1ab36f8aa48): Wait interrupted by java.lang.InterruptedException
2019-07-13 07:46:38,187 INFO  impl.StateMachineUpdater (StateMachineUpdater.java:stopAndJoin(115)) - StateMachineUpdater:dfcdd0cd-d7f3-4c51-a25f-466e2276d529:group-168EE6489F8D: set stopIndex = 2
2019-07-13 07:46:38,187 WARN  server.GrpcLogAppender (GrpcLogAppender.java:mayWait(143)) - GrpcLogAppender(725945e1-f11d-4591-9c35-bca7a7bb12b1->31cc92b9-dce5-4312-afa8-f8fbf4207340): Wait interrupted by java.lang.InterruptedException
2019-07-13 07:46:38,195 INFO  ratis.ContainerStateMachine (ContainerStateMachine.java:takeSnapshot(246)) - Taking snapshot at termIndex:(t:2, i:4)
2019-07-13 07:46:38,196 INFO  ratis.ContainerStateMachine (ContainerStateMachine.java:takeSnapshot(250)) - Taking a snapshot to file /tmp/workdir/hadoop-ozone/integration-test/target/test-dir/MiniOzoneClusterImpl-487749ed-5fa8-466c-a363-f34ace555a1b/datanode-4/data/ratis/839c12e0-1575-4b5c-9c26-f5e1443b2b7c/sm/snapshot.2_4
2019-07-13 07:46:38,195 INFO  impl.StateMachineUpdater (StateMachineUpdater.java:stopAndJoin(115)) - StateMachineUpdater:725945e1-f11d-4591-9c35-bca7a7bb12b1:group-F5E1443B2B7C: set stopIndex = 6
2019-07-13 07:46:38,196 INFO  server.GrpcServerProtocolService (GrpcServerProtocolService.java:onCompleted(104)) - c98025ee-4765-40ec-be79-c1ab36f8aa48: appendEntries completed
2019-07-13 07:46:38,191 INFO  ratis.ContainerStateMachine (ContainerStateMachine.java:takeSnapshot(250)) - Taking a snapshot to file /tmp/workdir/hadoop-ozone/integration-test/target/test-dir/MiniOzoneClusterImpl-487749ed-5fa8-466c-a363-f34ace555a1b/datanode-1/data/ratis/3efbce23-5504-437d-992d-168ee6489f8d/sm/snapshot.1_1
2019-07-13 07:46:38,196 INFO  impl.StateMachineUpdater (StateMachineUpdater.java:takeSnapshot(242)) - StateMachineUpdater:725945e1-f11d-4591-9c35-bca7a7bb12b1:group-F5E1443B2B7C: Took a snapshot at index 4
2019-07-13 07:46:38,197 INFO  impl.StateMachineUpdater (StateMachineUpdater.java:lambda$new$0(80)) - StateMachineUpdater:725945e1-f11d-4591-9c35-bca7a7bb12b1:group-F5E1443B2B7C: snapshotIndex: updateIncreasingly -1 -> 4
2019-07-13 07:46:38,196 INFO  server.GrpcServerProtocolService (GrpcServerProtocolService.java:onCompleted(104)) - 31cc92b9-dce5-4312-afa8-f8fbf4207340: appendEntries completed
2019-07-13 07:46:38,197 INFO  server.GrpcLogAppender (GrpcLogAppender.java:onCompleted(292)) - 725945e1-f11d-4591-9c35-bca7a7bb12b1->c98025ee-4765-40ec-be79-c1ab36f8aa48: follower responses appendEntries COMPLETED
2019-07-13 07:46:38,197 INFO  impl.StateMachineUpdater (StateMachineUpdater.java:takeSnapshot(242)) - StateMachineUpdater:dfcdd0cd-d7f3-4c51-a25f-466e2276d529:group-168EE6489F8D: Took a snapshot at index 1
2019-07-13 07:46:38,197 INFO  impl.RaftServerImpl (ServerState.java:close(394)) - 725945e1-f11d-4591-9c35-bca7a7bb12b1:group-F5E1443B2B7C closes. The last applied log index is 6
2019-07-13 07:46:38,199 INFO  impl.FollowerInfo (FollowerInfo.java:lambda$new$0(50)) - 725945e1-f11d-4591-9c35-bca7a7bb12b1->c98025ee-4765-40ec-be79-c1ab36f8aa48: nextIndex: updateUnconditionally 7 -> 6
2019-07-13 07:46:38,199 INFO  server.GrpcLogAppender (GrpcLogAppender.java:onCompleted(292)) - 725945e1-f11d-4591-9c35-bca7a7bb12b1->31cc92b9-dce5-4312-afa8-f8fbf4207340: follower responses appendEntries COMPLETED
2019-07-13 07:46:38,199 INFO  impl.StateMachineUpdater (StateMachineUpdater.java:lambda$new$0(80)) - StateMachineUpdater:dfcdd0cd-d7f3-4c51-a25f-466e2276d529:group-168EE6489F8D: snapshotIndex: updateIncreasingly -1 -> 1
2019-07-13 07:46:38,199 INFO  segmented.SegmentedRaftLogWorker (SegmentedRaftLogWorker.java:run(313)) - 725945e1-f11d-4591-9c35-bca7a7bb12b1-SegmentedRaftLogWorker:Storage Directory /tmp/workdir/hadoop-ozone/integration-test/target/test-dir/MiniOzoneClusterImpl-487749ed-5fa8-466c-a363-f34ace555a1b/datanode-4/data/ratis/839c12e0-1575-4b5c-9c26-f5e1443b2b7c was interrupted, exiting. There are 0 tasks remaining in the queue.
2019-07-13 07:46:38,202 INFO  impl.FollowerInfo (FollowerInfo.java:lambda$new$0(50)) - 725945e1-f11d-4591-9c35-bca7a7bb12b1->31cc92b9-dce5-4312-afa8-f8fbf4207340: nextIndex: updateUnconditionally 7 -> 6
2019-07-13 07:46:38,204 INFO  segmented.SegmentedRaftLogWorker (SegmentedRaftLogWorker.java:close(228)) - 725945e1-f11d-4591-9c35-bca7a7bb12b1-SegmentedRaftLogWorker:Storage Directory /tmp/workdir/hadoop-ozone/integration-test/target/test-dir/MiniOzoneClusterImpl-487749ed-5fa8-466c-a363-f34ace555a1b/datanode-4/data/ratis/839c12e0-1575-4b5c-9c26-f5e1443b2b7c close()
2019-07-13 07:46:38,202 INFO  impl.RaftServerImpl (ServerState.java:close(394)) - dfcdd0cd-d7f3-4c51-a25f-466e2276d529:group-168EE6489F8D closes. The last applied log index is 2
2019-07-13 07:46:38,208 INFO  server.GrpcService (GrpcService.java:closeImpl(155)) - 725945e1-f11d-4591-9c35-bca7a7bb12b1: shutdown server with port 44805 now
2019-07-13 07:46:38,208 INFO  segmented.SegmentedRaftLogWorker (SegmentedRaftLogWorker.java:run(313)) - dfcdd0cd-d7f3-4c51-a25f-466e2276d529-SegmentedRaftLogWorker:Storage Directory /tmp/workdir/hadoop-ozone/integration-test/target/test-dir/MiniOzoneClusterImpl-487749ed-5fa8-466c-a363-f34ace555a1b/datanode-1/data/ratis/3efbce23-5504-437d-992d-168ee6489f8d was interrupted, exiting. There are 0 tasks remaining in the queue.
2019-07-13 07:46:38,210 INFO  segmented.SegmentedRaftLogWorker (SegmentedRaftLogWorker.java:close(228)) - dfcdd0cd-d7f3-4c51-a25f-466e2276d529-SegmentedRaftLogWorker:Storage Directory /tmp/workdir/hadoop-ozone/integration-test/target/test-dir/MiniOzoneClusterImpl-487749ed-5fa8-466c-a363-f34ace555a1b/datanode-1/data/ratis/3efbce23-5504-437d-992d-168ee6489f8d close()
2019-07-13 07:46:38,223 INFO  server.GrpcService (GrpcService.java:closeImpl(155)) - dfcdd0cd-d7f3-4c51-a25f-466e2276d529: shutdown server with port 44737 now
2019-07-13 07:46:38,224 INFO  server.GrpcService (GrpcService.java:closeImpl(163)) - 725945e1-f11d-4591-9c35-bca7a7bb12b1: shutdown server with port 44805 successfully
2019-07-13 07:46:38,224 INFO  server.GrpcService (GrpcService.java:closeImpl(163)) - dfcdd0cd-d7f3-4c51-a25f-466e2276d529: shutdown server with port 44737 successfully
2019-07-13 07:46:38,224 WARN  server.GrpcServerProtocolService (LogUtils.java:warn(134)) - dfcdd0cd-d7f3-4c51-a25f-466e2276d529: appendEntries onError: org.apache.ratis.thirdparty.io.grpc.StatusRuntimeException: CANCELLED: cancelled before receiving half close
2019-07-13 07:46:38,224 WARN  server.GrpcLogAppender (LogUtils.java:warn(134)) - 852a83c0-e248-4744-b21a-e29c86840c6d->dfcdd0cd-d7f3-4c51-a25f-466e2276d529: Failed appendEntries: org.apache.ratis.thirdparty.io.grpc.StatusRuntimeException: CANCELLED: HTTP/2 error code: CANCEL
Received Rst Stream
2019-07-13 07:46:38,227 INFO  impl.FollowerInfo (FollowerInfo.java:lambda$new$0(50)) - 852a83c0-e248-4744-b21a-e29c86840c6d->dfcdd0cd-d7f3-4c51-a25f-466e2276d529: nextIndex: updateUnconditionally 3 -> 2
2019-07-13 07:46:38,228 INFO  utils.BackgroundService (BackgroundService.java:shutdown(148)) - Shutting down service BlockDeletingService
2019-07-13 07:46:38,230 INFO  utils.BackgroundService (BackgroundService.java:shutdown(148)) - Shutting down service BlockDeletingService
2019-07-13 07:46:38,231 WARN  fs.CachingGetSpaceUsed (CachingGetSpaceUsed.java:run(183)) - Thread Interrupted waiting to refresh disk information: sleep interrupted
2019-07-13 07:46:38,232 WARN  fs.CachingGetSpaceUsed (CachingGetSpaceUsed.java:run(183)) - Thread Interrupted waiting to refresh disk information: sleep interrupted
2019-07-13 07:46:38,249 INFO  statemachine.DatanodeStateMachine (DatanodeStateMachine.java:stopDaemon(395)) - Ozone container server stopped.
2019-07-13 07:46:38,257 INFO  statemachine.DatanodeStateMachine (DatanodeStateMachine.java:stopDaemon(395)) - Ozone container server stopped.
2019-07-13 07:46:38,266 INFO  handler.ContextHandler (ContextHandler.java:doStop(910)) - Stopped o.e.j.w.WebAppContext@7bbdb220{/,null,UNAVAILABLE}{/hddsDatanode}
2019-07-13 07:46:38,266 INFO  handler.ContextHandler (ContextHandler.java:doStop(910)) - Stopped o.e.j.w.WebAppContext@61b8c9de{/,null,UNAVAILABLE}{/hddsDatanode}
2019-07-13 07:46:38,266 INFO  server.AbstractConnector (AbstractConnector.java:doStop(318)) - Stopped ServerConnector@6d001fbe{HTTP/1.1,[http/1.1]}{0.0.0.0:0}
2019-07-13 07:46:38,266 INFO  server.AbstractConnector (AbstractConnector.java:doStop(318)) - Stopped ServerConnector@b34c7c9{HTTP/1.1,[http/1.1]}{0.0.0.0:0}
2019-07-13 07:46:38,268 INFO  handler.ContextHandler (ContextHandler.java:doStop(910)) - Stopped o.e.j.s.ServletContextHandler@2e3cd732{/static,jar:file:/home/user/.m2/repository/org/apache/hadoop/hadoop-hdds-container-service/0.5.0-SNAPSHOT/hadoop-hdds-container-service-0.5.0-SNAPSHOT.jar!/webapps/static,UNAVAILABLE}
2019-07-13 07:46:38,268 INFO  handler.ContextHandler (ContextHandler.java:doStop(910)) - Stopped o.e.j.s.ServletContextHandler@2493eec6{/static,jar:file:/home/user/.m2/repository/org/apache/hadoop/hadoop-hdds-container-service/0.5.0-SNAPSHOT/hadoop-hdds-container-service-0.5.0-SNAPSHOT.jar!/webapps/static,UNAVAILABLE}
2019-07-13 07:46:38,269 INFO  handler.ContextHandler (ContextHandler.java:doStop(910)) - Stopped o.e.j.s.ServletContextHandler@27bb74e1{/logs,file:///tmp/workdir/hadoop-ozone/integration-test/target/log,UNAVAILABLE}
2019-07-13 07:46:38,270 INFO  handler.ContextHandler (ContextHandler.java:doStop(910)) - Stopped o.e.j.s.ServletContextHandler@c0013b8{/logs,file:///tmp/workdir/hadoop-ozone/integration-test/target/log,UNAVAILABLE}
2019-07-13 07:46:38,271 INFO  datanode.ObjectStoreHandler (ObjectStoreHandler.java:close(155)) - Closing ObjectStoreHandler.
2019-07-13 07:46:38,271 INFO  ozone.HddsDatanodeService (HddsDatanodeService.java:stop(452)) - Stopped plug-in org.apache.hadoop.ozone.web.OzoneHddsDatanodeService@52856ff9
2019-07-13 07:46:38,272 INFO  datanode.ObjectStoreHandler (ObjectStoreHandler.java:close(155)) - Closing ObjectStoreHandler.
2019-07-13 07:46:38,272 INFO  ozone.HddsDatanodeService (HddsDatanodeService.java:stop(452)) - Stopped plug-in org.apache.hadoop.ozone.web.OzoneHddsDatanodeService@4fbe486c
2019-07-13 07:46:38,510 INFO  statemachine.DatanodeStateMachine (DatanodeStateMachine.java:lambda$startDaemon$0(350)) - Ozone container server started.
2019-07-13 07:46:39,053 INFO  statemachine.DatanodeStateMachine (DatanodeStateMachine.java:lambda$startDaemon$0(350)) - Ozone container server started.
2019-07-13 07:46:39,910 WARN  server.GrpcLogAppender (LogUtils.java:warn(134)) - 852a83c0-e248-4744-b21a-e29c86840c6d->dfcdd0cd-d7f3-4c51-a25f-466e2276d529: Failed appendEntries: org.apache.ratis.thirdparty.io.grpc.StatusRuntimeException: UNAVAILABLE: io exception
2019-07-13 07:46:39,913 INFO  impl.FollowerInfo (FollowerInfo.java:lambda$new$0(50)) - 852a83c0-e248-4744-b21a-e29c86840c6d->dfcdd0cd-d7f3-4c51-a25f-466e2276d529: nextIndex: updateUnconditionally 2 -> 1
2019-07-13 07:46:42,411 WARN  server.GrpcLogAppender (LogUtils.java:warn(134)) - 852a83c0-e248-4744-b21a-e29c86840c6d->dfcdd0cd-d7f3-4c51-a25f-466e2276d529: Failed appendEntries: org.apache.ratis.thirdparty.io.grpc.StatusRuntimeException: UNAVAILABLE: io exception
2019-07-13 07:46:42,414 INFO  impl.FollowerInfo (FollowerInfo.java:lambda$new$0(50)) - 852a83c0-e248-4744-b21a-e29c86840c6d->dfcdd0cd-d7f3-4c51-a25f-466e2276d529: nextIndex: updateUnconditionally 1 -> 0
2019-07-13 07:46:43,272 INFO  ozoneimpl.OzoneContainer (OzoneContainer.java:stop(199)) - Attempting to stop container services.
2019-07-13 07:46:43,272 INFO  impl.RaftServerProxy (RaftServerProxy.java:lambda$close$4(314)) - 35f792f5-4ff5-4df4-a20f-ebe4ee56e078: close
2019-07-13 07:46:43,273 INFO  ozoneimpl.OzoneContainer (OzoneContainer.java:stop(199)) - Attempting to stop container services.
2019-07-13 07:46:43,273 INFO  impl.RaftServerImpl (RaftServerImpl.java:lambda$shutdown$3(245)) - 35f792f5-4ff5-4df4-a20f-ebe4ee56e078: shutdown group-CD5B2CE5B143
2019-07-13 07:46:43,273 INFO  impl.RaftServerProxy (RaftServerProxy.java:lambda$close$4(314)) - c98025ee-4765-40ec-be79-c1ab36f8aa48: close
2019-07-13 07:46:43,274 INFO  util.JmxRegister (JmxRegister.java:unregister(73)) - Successfully un-registered JMX Bean with object name Ratis:service=RaftServer,group=group-CD5B2CE5B143,id=35f792f5-4ff5-4df4-a20f-ebe4ee56e078
2019-07-13 07:46:43,274 INFO  impl.RaftServerImpl (RaftServerImpl.java:lambda$shutdown$3(245)) - c98025ee-4765-40ec-be79-c1ab36f8aa48: shutdown group-F5E1443B2B7C
2019-07-13 07:46:43,274 INFO  impl.RoleInfo (RoleInfo.java:shutdownLeaderState(104)) - 35f792f5-4ff5-4df4-a20f-ebe4ee56e078: shutdown LeaderState
2019-07-13 07:46:43,275 INFO  util.JmxRegister (JmxRegister.java:unregister(73)) - Successfully un-registered JMX Bean with object name Ratis:service=RaftServer,group=group-F5E1443B2B7C,id=c98025ee-4765-40ec-be79-c1ab36f8aa48
2019-07-13 07:46:43,275 INFO  impl.PendingRequests (PendingRequests.java:sendNotLeaderResponses(202)) - 35f792f5-4ff5-4df4-a20f-ebe4ee56e078-PendingRequests: sendNotLeaderResponses
2019-07-13 07:46:43,276 INFO  impl.RoleInfo (RoleInfo.java:shutdownFollowerState(121)) - c98025ee-4765-40ec-be79-c1ab36f8aa48: shutdown FollowerState
2019-07-13 07:46:43,276 INFO  ratis.ContainerStateMachine (ContainerStateMachine.java:takeSnapshot(246)) - Taking snapshot at termIndex:(t:0, i:~)
2019-07-13 07:46:43,276 INFO  impl.StateMachineUpdater (StateMachineUpdater.java:stopAndJoin(115)) - StateMachineUpdater:35f792f5-4ff5-4df4-a20f-ebe4ee56e078:group-CD5B2CE5B143: set stopIndex = 0
2019-07-13 07:46:43,277 INFO  impl.RaftServerImpl (ServerState.java:close(394)) - 35f792f5-4ff5-4df4-a20f-ebe4ee56e078:group-CD5B2CE5B143 closes. The last applied log index is 0
2019-07-13 07:46:43,276 INFO  impl.FollowerState (FollowerState.java:run(114)) - c98025ee-4765-40ec-be79-c1ab36f8aa48: FollowerState was interrupted: java.lang.InterruptedException: sleep interrupted
2019-07-13 07:46:43,276 INFO  ratis.ContainerStateMachine (ContainerStateMachine.java:takeSnapshot(246)) - Taking snapshot at termIndex:(t:2, i:4)
2019-07-13 07:46:43,276 INFO  impl.StateMachineUpdater (StateMachineUpdater.java:stopAndJoin(115)) - StateMachineUpdater:c98025ee-4765-40ec-be79-c1ab36f8aa48:group-F5E1443B2B7C: set stopIndex = 6
2019-07-13 07:46:43,280 INFO  ratis.ContainerStateMachine (ContainerStateMachine.java:takeSnapshot(250)) - Taking a snapshot to file /tmp/workdir/hadoop-ozone/integration-test/target/test-dir/MiniOzoneClusterImpl-487749ed-5fa8-466c-a363-f34ace555a1b/datanode-3/data/ratis/839c12e0-1575-4b5c-9c26-f5e1443b2b7c/sm/snapshot.2_4
2019-07-13 07:46:43,277 INFO  segmented.SegmentedRaftLogWorker (SegmentedRaftLogWorker.java:run(313)) - 35f792f5-4ff5-4df4-a20f-ebe4ee56e078-SegmentedRaftLogWorker:Storage Directory /tmp/workdir/hadoop-ozone/integration-test/target/test-dir/MiniOzoneClusterImpl-487749ed-5fa8-466c-a363-f34ace555a1b/datanode-2/data/ratis/88a4b06e-6ab8-4dfb-bc65-cd5b2ce5b143 was interrupted, exiting. There are 0 tasks remaining in the queue.
2019-07-13 07:46:43,284 INFO  impl.StateMachineUpdater (StateMachineUpdater.java:takeSnapshot(242)) - StateMachineUpdater:c98025ee-4765-40ec-be79-c1ab36f8aa48:group-F5E1443B2B7C: Took a snapshot at index 4
2019-07-13 07:46:43,284 INFO  segmented.SegmentedRaftLogWorker (SegmentedRaftLogWorker.java:close(228)) - 35f792f5-4ff5-4df4-a20f-ebe4ee56e078-SegmentedRaftLogWorker:Storage Directory /tmp/workdir/hadoop-ozone/integration-test/target/test-dir/MiniOzoneClusterImpl-487749ed-5fa8-466c-a363-f34ace555a1b/datanode-2/data/ratis/88a4b06e-6ab8-4dfb-bc65-cd5b2ce5b143 close()
2019-07-13 07:46:43,284 INFO  impl.StateMachineUpdater (StateMachineUpdater.java:lambda$new$0(80)) - StateMachineUpdater:c98025ee-4765-40ec-be79-c1ab36f8aa48:group-F5E1443B2B7C: snapshotIndex: updateIncreasingly -1 -> 4
2019-07-13 07:46:43,286 INFO  impl.RaftServerImpl (RaftServerImpl.java:lambda$shutdown$3(245)) - 35f792f5-4ff5-4df4-a20f-ebe4ee56e078: shutdown group-168EE6489F8D
2019-07-13 07:46:43,287 INFO  impl.RaftServerImpl (ServerState.java:close(394)) - c98025ee-4765-40ec-be79-c1ab36f8aa48:group-F5E1443B2B7C closes. The last applied log index is 6
2019-07-13 07:46:43,287 INFO  util.JmxRegister (JmxRegister.java:unregister(73)) - Successfully un-registered JMX Bean with object name Ratis:service=RaftServer,group=group-168EE6489F8D,id=35f792f5-4ff5-4df4-a20f-ebe4ee56e078
2019-07-13 07:46:43,287 INFO  segmented.SegmentedRaftLogWorker (SegmentedRaftLogWorker.java:run(313)) - c98025ee-4765-40ec-be79-c1ab36f8aa48-SegmentedRaftLogWorker:Storage Directory /tmp/workdir/hadoop-ozone/integration-test/target/test-dir/MiniOzoneClusterImpl-487749ed-5fa8-466c-a363-f34ace555a1b/datanode-3/data/ratis/839c12e0-1575-4b5c-9c26-f5e1443b2b7c was interrupted, exiting. There are 0 tasks remaining in the queue.
2019-07-13 07:46:43,287 INFO  impl.RoleInfo (RoleInfo.java:shutdownFollowerState(121)) - 35f792f5-4ff5-4df4-a20f-ebe4ee56e078: shutdown FollowerState
2019-07-13 07:46:43,290 INFO  segmented.SegmentedRaftLogWorker (SegmentedRaftLogWorker.java:close(228)) - c98025ee-4765-40ec-be79-c1ab36f8aa48-SegmentedRaftLogWorker:Storage Directory /tmp/workdir/hadoop-ozone/integration-test/target/test-dir/MiniOzoneClusterImpl-487749ed-5fa8-466c-a363-f34ace555a1b/datanode-3/data/ratis/839c12e0-1575-4b5c-9c26-f5e1443b2b7c close()
2019-07-13 07:46:43,290 INFO  impl.FollowerState (FollowerState.java:run(114)) - 35f792f5-4ff5-4df4-a20f-ebe4ee56e078: FollowerState was interrupted: java.lang.InterruptedException: sleep interrupted
2019-07-13 07:46:43,290 INFO  ratis.ContainerStateMachine (ContainerStateMachine.java:takeSnapshot(246)) - Taking snapshot at termIndex:(t:1, i:1)
2019-07-13 07:46:43,290 INFO  impl.StateMachineUpdater (StateMachineUpdater.java:stopAndJoin(115)) - StateMachineUpdater:35f792f5-4ff5-4df4-a20f-ebe4ee56e078:group-168EE6489F8D: set stopIndex = 2
2019-07-13 07:46:43,295 INFO  ratis.ContainerStateMachine (ContainerStateMachine.java:takeSnapshot(250)) - Taking a snapshot to file /tmp/workdir/hadoop-ozone/integration-test/target/test-dir/MiniOzoneClusterImpl-487749ed-5fa8-466c-a363-f34ace555a1b/datanode-2/data/ratis/3efbce23-5504-437d-992d-168ee6489f8d/sm/snapshot.1_1
2019-07-13 07:46:43,292 INFO  impl.RaftServerImpl (RaftServerImpl.java:lambda$shutdown$3(245)) - c98025ee-4765-40ec-be79-c1ab36f8aa48: shutdown group-8229D89BF1DD
2019-07-13 07:46:43,295 INFO  impl.StateMachineUpdater (StateMachineUpdater.java:takeSnapshot(242)) - StateMachineUpdater:35f792f5-4ff5-4df4-a20f-ebe4ee56e078:group-168EE6489F8D: Took a snapshot at index 1
2019-07-13 07:46:43,296 INFO  util.JmxRegister (JmxRegister.java:unregister(73)) - Successfully un-registered JMX Bean with object name Ratis:service=RaftServer,group=group-8229D89BF1DD,id=c98025ee-4765-40ec-be79-c1ab36f8aa48
2019-07-13 07:46:43,296 INFO  impl.StateMachineUpdater (StateMachineUpdater.java:lambda$new$0(80)) - StateMachineUpdater:35f792f5-4ff5-4df4-a20f-ebe4ee56e078:group-168EE6489F8D: snapshotIndex: updateIncreasingly -1 -> 1
2019-07-13 07:46:43,296 INFO  impl.RoleInfo (RoleInfo.java:shutdownLeaderState(104)) - c98025ee-4765-40ec-be79-c1ab36f8aa48: shutdown LeaderState
2019-07-13 07:46:43,297 INFO  impl.RaftServerImpl (ServerState.java:close(394)) - 35f792f5-4ff5-4df4-a20f-ebe4ee56e078:group-168EE6489F8D closes. The last applied log index is 2
2019-07-13 07:46:43,297 INFO  impl.PendingRequests (PendingRequests.java:sendNotLeaderResponses(202)) - c98025ee-4765-40ec-be79-c1ab36f8aa48-PendingRequests: sendNotLeaderResponses
2019-07-13 07:46:43,297 INFO  segmented.SegmentedRaftLogWorker (SegmentedRaftLogWorker.java:run(313)) - 35f792f5-4ff5-4df4-a20f-ebe4ee56e078-SegmentedRaftLogWorker:Storage Directory /tmp/workdir/hadoop-ozone/integration-test/target/test-dir/MiniOzoneClusterImpl-487749ed-5fa8-466c-a363-f34ace555a1b/datanode-2/data/ratis/3efbce23-5504-437d-992d-168ee6489f8d was interrupted, exiting. There are 0 tasks remaining in the queue.
2019-07-13 07:46:43,298 INFO  impl.StateMachineUpdater (StateMachineUpdater.java:stopAndJoin(115)) - StateMachineUpdater:c98025ee-4765-40ec-be79-c1ab36f8aa48:group-8229D89BF1DD: set stopIndex = 0
2019-07-13 07:46:43,300 INFO  segmented.SegmentedRaftLogWorker (SegmentedRaftLogWorker.java:close(228)) - 35f792f5-4ff5-4df4-a20f-ebe4ee56e078-SegmentedRaftLogWorker:Storage Directory /tmp/workdir/hadoop-ozone/integration-test/target/test-dir/MiniOzoneClusterImpl-487749ed-5fa8-466c-a363-f34ace555a1b/datanode-2/data/ratis/3efbce23-5504-437d-992d-168ee6489f8d close()
2019-07-13 07:46:43,298 INFO  ratis.ContainerStateMachine (ContainerStateMachine.java:takeSnapshot(246)) - Taking snapshot at termIndex:(t:0, i:~)
2019-07-13 07:46:43,302 INFO  server.GrpcService (GrpcService.java:closeImpl(155)) - 35f792f5-4ff5-4df4-a20f-ebe4ee56e078: shutdown server with port 43295 now
2019-07-13 07:46:43,303 INFO  impl.RaftServerImpl (ServerState.java:close(394)) - c98025ee-4765-40ec-be79-c1ab36f8aa48:group-8229D89BF1DD closes. The last applied log index is 0
2019-07-13 07:46:43,303 INFO  segmented.SegmentedRaftLogWorker (SegmentedRaftLogWorker.java:run(313)) - c98025ee-4765-40ec-be79-c1ab36f8aa48-SegmentedRaftLogWorker:Storage Directory /tmp/workdir/hadoop-ozone/integration-test/target/test-dir/MiniOzoneClusterImpl-487749ed-5fa8-466c-a363-f34ace555a1b/datanode-3/data/ratis/99677228-bc2e-4189-a1dc-8229d89bf1dd was interrupted, exiting. There are 0 tasks remaining in the queue.
2019-07-13 07:46:43,306 INFO  segmented.SegmentedRaftLogWorker (SegmentedRaftLogWorker.java:close(228)) - c98025ee-4765-40ec-be79-c1ab36f8aa48-SegmentedRaftLogWorker:Storage Directory /tmp/workdir/hadoop-ozone/integration-test/target/test-dir/MiniOzoneClusterImpl-487749ed-5fa8-466c-a363-f34ace555a1b/datanode-3/data/ratis/99677228-bc2e-4189-a1dc-8229d89bf1dd close()
2019-07-13 07:46:43,306 INFO  server.GrpcService (GrpcService.java:closeImpl(163)) - 35f792f5-4ff5-4df4-a20f-ebe4ee56e078: shutdown server with port 43295 successfully
2019-07-13 07:46:43,308 WARN  server.GrpcLogAppender (LogUtils.java:warn(134)) - 852a83c0-e248-4744-b21a-e29c86840c6d->35f792f5-4ff5-4df4-a20f-ebe4ee56e078: Failed appendEntries: org.apache.ratis.thirdparty.io.grpc.StatusRuntimeException: CANCELLED: HTTP/2 error code: CANCEL
Received Rst Stream
2019-07-13 07:46:43,308 INFO  server.GrpcService (GrpcService.java:closeImpl(155)) - c98025ee-4765-40ec-be79-c1ab36f8aa48: shutdown server with port 41016 now
2019-07-13 07:46:43,306 WARN  server.GrpcServerProtocolService (LogUtils.java:warn(134)) - 35f792f5-4ff5-4df4-a20f-ebe4ee56e078: appendEntries onError: org.apache.ratis.thirdparty.io.grpc.StatusRuntimeException: CANCELLED: cancelled before receiving half close
2019-07-13 07:46:43,316 INFO  utils.BackgroundService (BackgroundService.java:shutdown(148)) - Shutting down service BlockDeletingService
2019-07-13 07:46:43,311 INFO  impl.FollowerInfo (FollowerInfo.java:lambda$new$0(50)) - 852a83c0-e248-4744-b21a-e29c86840c6d->35f792f5-4ff5-4df4-a20f-ebe4ee56e078: nextIndex: updateUnconditionally 3 -> 2
2019-07-13 07:46:43,317 INFO  server.GrpcService (GrpcService.java:closeImpl(163)) - c98025ee-4765-40ec-be79-c1ab36f8aa48: shutdown server with port 41016 successfully
2019-07-13 07:46:43,317 WARN  fs.CachingGetSpaceUsed (CachingGetSpaceUsed.java:run(183)) - Thread Interrupted waiting to refresh disk information: sleep interrupted
2019-07-13 07:46:43,323 INFO  utils.BackgroundService (BackgroundService.java:shutdown(148)) - Shutting down service BlockDeletingService
2019-07-13 07:46:43,326 WARN  fs.CachingGetSpaceUsed (CachingGetSpaceUsed.java:run(183)) - Thread Interrupted waiting to refresh disk information: sleep interrupted
2019-07-13 07:46:43,339 INFO  statemachine.DatanodeStateMachine (DatanodeStateMachine.java:stopDaemon(395)) - Ozone container server stopped.
2019-07-13 07:46:43,347 INFO  statemachine.DatanodeStateMachine (DatanodeStateMachine.java:stopDaemon(395)) - Ozone container server stopped.
2019-07-13 07:46:43,356 INFO  handler.ContextHandler (ContextHandler.java:doStop(910)) - Stopped o.e.j.w.WebAppContext@105dc04d{/,null,UNAVAILABLE}{/hddsDatanode}
2019-07-13 07:46:43,356 INFO  handler.ContextHandler (ContextHandler.java:doStop(910)) - Stopped o.e.j.w.WebAppContext@55c03e4{/,null,UNAVAILABLE}{/hddsDatanode}
2019-07-13 07:46:43,357 INFO  server.AbstractConnector (AbstractConnector.java:doStop(318)) - Stopped ServerConnector@504b8705{HTTP/1.1,[http/1.1]}{0.0.0.0:0}
2019-07-13 07:46:43,359 INFO  handler.ContextHandler (ContextHandler.java:doStop(910)) - Stopped o.e.j.s.ServletContextHandler@1de73d37{/static,jar:file:/home/user/.m2/repository/org/apache/hadoop/hadoop-hdds-container-service/0.5.0-SNAPSHOT/hadoop-hdds-container-service-0.5.0-SNAPSHOT.jar!/webapps/static,UNAVAILABLE}
2019-07-13 07:46:43,359 INFO  server.AbstractConnector (AbstractConnector.java:doStop(318)) - Stopped ServerConnector@14df5253{HTTP/1.1,[http/1.1]}{0.0.0.0:0}
2019-07-13 07:46:43,361 INFO  handler.ContextHandler (ContextHandler.java:doStop(910)) - Stopped o.e.j.s.ServletContextHandler@40b31a16{/logs,file:///tmp/workdir/hadoop-ozone/integration-test/target/log,UNAVAILABLE}
2019-07-13 07:46:43,361 INFO  handler.ContextHandler (ContextHandler.java:doStop(910)) - Stopped o.e.j.s.ServletContextHandler@5fc7255c{/static,jar:file:/home/user/.m2/repository/org/apache/hadoop/hadoop-hdds-container-service/0.5.0-SNAPSHOT/hadoop-hdds-container-service-0.5.0-SNAPSHOT.jar!/webapps/static,UNAVAILABLE}
2019-07-13 07:46:43,362 INFO  handler.ContextHandler (ContextHandler.java:doStop(910)) - Stopped o.e.j.s.ServletContextHandler@100807ca{/logs,file:///tmp/workdir/hadoop-ozone/integration-test/target/log,UNAVAILABLE}
2019-07-13 07:46:43,363 INFO  datanode.ObjectStoreHandler (ObjectStoreHandler.java:close(155)) - Closing ObjectStoreHandler.
2019-07-13 07:46:43,364 INFO  ozone.HddsDatanodeService (HddsDatanodeService.java:stop(452)) - Stopped plug-in org.apache.hadoop.ozone.web.OzoneHddsDatanodeService@45bd4753
2019-07-13 07:46:43,364 INFO  datanode.ObjectStoreHandler (ObjectStoreHandler.java:close(155)) - Closing ObjectStoreHandler.
2019-07-13 07:46:43,365 INFO  ozone.HddsDatanodeService (HddsDatanodeService.java:stop(452)) - Stopped plug-in org.apache.hadoop.ozone.web.OzoneHddsDatanodeService@614cd187
2019-07-13 07:46:43,493 INFO  statemachine.DatanodeStateMachine (DatanodeStateMachine.java:lambda$startDaemon$0(350)) - Ozone container server started.
2019-07-13 07:46:44,166 INFO  statemachine.DatanodeStateMachine (DatanodeStateMachine.java:lambda$startDaemon$0(350)) - Ozone container server started.
2019-07-13 07:46:44,912 WARN  server.GrpcLogAppender (LogUtils.java:warn(134)) - 852a83c0-e248-4744-b21a-e29c86840c6d->dfcdd0cd-d7f3-4c51-a25f-466e2276d529: Failed appendEntries: org.apache.ratis.thirdparty.io.grpc.StatusRuntimeException: UNAVAILABLE: io exception
2019-07-13 07:46:44,915 INFO  impl.FollowerInfo (FollowerInfo.java:lambda$new$0(50)) - 852a83c0-e248-4744-b21a-e29c86840c6d->dfcdd0cd-d7f3-4c51-a25f-466e2276d529: nextIndex: updateUnconditionally 0 -> 0
2019-07-13 07:46:44,919 WARN  server.GrpcLogAppender (LogUtils.java:warn(134)) - 852a83c0-e248-4744-b21a-e29c86840c6d->35f792f5-4ff5-4df4-a20f-ebe4ee56e078: Failed appendEntries: org.apache.ratis.thirdparty.io.grpc.StatusRuntimeException: UNAVAILABLE: io exception
2019-07-13 07:46:44,921 INFO  impl.FollowerInfo (FollowerInfo.java:lambda$new$0(50)) - 852a83c0-e248-4744-b21a-e29c86840c6d->35f792f5-4ff5-4df4-a20f-ebe4ee56e078: nextIndex: updateUnconditionally 2 -> 1
2019-07-13 07:46:47,414 WARN  server.GrpcLogAppender (LogUtils.java:warn(134)) - 852a83c0-e248-4744-b21a-e29c86840c6d->dfcdd0cd-d7f3-4c51-a25f-466e2276d529: Failed appendEntries: org.apache.ratis.thirdparty.io.grpc.StatusRuntimeException: UNAVAILABLE: io exception
2019-07-13 07:46:47,416 INFO  impl.FollowerInfo (FollowerInfo.java:lambda$new$0(50)) - 852a83c0-e248-4744-b21a-e29c86840c6d->dfcdd0cd-d7f3-4c51-a25f-466e2276d529: nextIndex: updateUnconditionally 0 -> 0
2019-07-13 07:46:47,420 WARN  server.GrpcLogAppender (LogUtils.java:warn(134)) - 852a83c0-e248-4744-b21a-e29c86840c6d->35f792f5-4ff5-4df4-a20f-ebe4ee56e078: Failed appendEntries: org.apache.ratis.thirdparty.io.grpc.StatusRuntimeException: UNAVAILABLE: io exception
2019-07-13 07:46:47,423 INFO  impl.FollowerInfo (FollowerInfo.java:lambda$new$0(50)) - 852a83c0-e248-4744-b21a-e29c86840c6d->35f792f5-4ff5-4df4-a20f-ebe4ee56e078: nextIndex: updateUnconditionally 1 -> 0
2019-07-13 07:46:47,586 INFO  impl.FollowerState (FollowerState.java:run(106)) - 31cc92b9-dce5-4312-afa8-f8fbf4207340:group-F5E1443B2B7C changes to CANDIDATE, lastRpcTime:9542, electionTimeout:5149ms
2019-07-13 07:46:47,586 INFO  impl.RoleInfo (RoleInfo.java:shutdownFollowerState(121)) - 31cc92b9-dce5-4312-afa8-f8fbf4207340: shutdown FollowerState
2019-07-13 07:46:47,586 INFO  impl.RaftServerImpl (RaftServerImpl.java:setRole(171)) - 31cc92b9-dce5-4312-afa8-f8fbf4207340:group-F5E1443B2B7C changes role from FOLLOWER to CANDIDATE at term 2 for changeToCandidate
2019-07-13 07:46:47,587 INFO  impl.RoleInfo (RoleInfo.java:updateAndGet(143)) - 31cc92b9-dce5-4312-afa8-f8fbf4207340: start LeaderElection
2019-07-13 07:46:47,594 INFO  impl.RaftServerImpl (ServerState.java:setLeader(263)) - 31cc92b9-dce5-4312-afa8-f8fbf4207340:group-F5E1443B2B7C change Leader from 725945e1-f11d-4591-9c35-bca7a7bb12b1 to null at term 2 for initElection
2019-07-13 07:46:47,617 INFO  impl.LeaderElection (LeaderElection.java:askForVotes(181)) - 31cc92b9-dce5-4312-afa8-f8fbf4207340:group-F5E1443B2B7C:LeaderElection30: begin an election at term 3 for 0: [31cc92b9-dce5-4312-afa8-f8fbf4207340:192.168.69.84:46028, c98025ee-4765-40ec-be79-c1ab36f8aa48:192.168.69.84:41016, 725945e1-f11d-4591-9c35-bca7a7bb12b1:192.168.69.84:44805], old=null
2019-07-13 07:46:47,621 INFO  impl.LeaderElection (LogUtils.java:infoOrTrace(149)) - 31cc92b9-dce5-4312-afa8-f8fbf4207340:group-F5E1443B2B7C:LeaderElection30 got exception when requesting votes: {}
java.util.concurrent.ExecutionException: org.apache.ratis.thirdparty.io.grpc.StatusRuntimeException: UNAVAILABLE: io exception
	at java.util.concurrent.FutureTask.report(FutureTask.java:122)
	at java.util.concurrent.FutureTask.get(FutureTask.java:192)
	at org.apache.ratis.server.impl.LeaderElection.waitForResults(LeaderElection.java:262)
	at org.apache.ratis.server.impl.LeaderElection.askForVotes(LeaderElection.java:200)
	at org.apache.ratis.server.impl.LeaderElection.run(LeaderElection.java:130)
	at java.lang.Thread.run(Thread.java:748)
Caused by: org.apache.ratis.thirdparty.io.grpc.StatusRuntimeException: UNAVAILABLE: io exception
	at org.apache.ratis.thirdparty.io.grpc.stub.ClientCalls.toStatusRuntimeException(ClientCalls.java:233)
	at org.apache.ratis.thirdparty.io.grpc.stub.ClientCalls.getUnchecked(ClientCalls.java:214)
	at org.apache.ratis.thirdparty.io.grpc.stub.ClientCalls.blockingUnaryCall(ClientCalls.java:139)
	at org.apache.ratis.proto.grpc.RaftServerProtocolServiceGrpc$RaftServerProtocolServiceBlockingStub.requestVote(RaftServerProtocolServiceGrpc.java:265)
	at org.apache.ratis.grpc.server.GrpcServerProtocolClient.requestVote(GrpcServerProtocolClient.java:83)
	at org.apache.ratis.grpc.server.GrpcService.requestVote(GrpcService.java:195)
	at org.apache.ratis.server.impl.LeaderElection.lambda$submitRequests$1(LeaderElection.java:237)
	at java.util.concurrent.FutureTask.run(FutureTask.java:266)
	at java.util.concurrent.Executors$RunnableAdapter.call(Executors.java:511)
	at java.util.concurrent.FutureTask.run(FutureTask.java:266)
	at java.util.concurrent.ThreadPoolExecutor.runWorker(ThreadPoolExecutor.java:1149)
	at java.util.concurrent.ThreadPoolExecutor$Worker.run(ThreadPoolExecutor.java:624)
	... 1 more
Caused by: org.apache.ratis.thirdparty.io.netty.channel.AbstractChannel$AnnotatedConnectException: Connection refused: /192.168.69.84:41016
	at sun.nio.ch.SocketChannelImpl.checkConnect(Native Method)
	at sun.nio.ch.SocketChannelImpl.finishConnect(SocketChannelImpl.java:717)
	at org.apache.ratis.thirdparty.io.netty.channel.socket.nio.NioSocketChannel.doFinishConnect(NioSocketChannel.java:327)
	at org.apache.ratis.thirdparty.io.netty.channel.nio.AbstractNioChannel$AbstractNioUnsafe.finishConnect(AbstractNioChannel.java:340)
	at org.apache.ratis.thirdparty.io.netty.channel.nio.NioEventLoop.processSelectedKey(NioEventLoop.java:632)
	at org.apache.ratis.thirdparty.io.netty.channel.nio.NioEventLoop.processSelectedKeysOptimized(NioEventLoop.java:579)
	at org.apache.ratis.thirdparty.io.netty.channel.nio.NioEventLoop.processSelectedKeys(NioEventLoop.java:496)
	at org.apache.ratis.thirdparty.io.netty.channel.nio.NioEventLoop.run(NioEventLoop.java:458)
	at org.apache.ratis.thirdparty.io.netty.util.concurrent.SingleThreadEventExecutor$5.run(SingleThreadEventExecutor.java:897)
	at org.apache.ratis.thirdparty.io.netty.util.concurrent.FastThreadLocalRunnable.run(FastThreadLocalRunnable.java:30)
	... 1 more
Caused by: java.net.ConnectException: Connection refused
	... 11 more
2019-07-13 07:46:47,623 INFO  impl.LeaderElection (LogUtils.java:infoOrTrace(149)) - 31cc92b9-dce5-4312-afa8-f8fbf4207340:group-F5E1443B2B7C:LeaderElection30 got exception when requesting votes: {}
java.util.concurrent.ExecutionException: org.apache.ratis.thirdparty.io.grpc.StatusRuntimeException: UNAVAILABLE: io exception
	at java.util.concurrent.FutureTask.report(FutureTask.java:122)
	at java.util.concurrent.FutureTask.get(FutureTask.java:192)
	at org.apache.ratis.server.impl.LeaderElection.waitForResults(LeaderElection.java:262)
	at org.apache.ratis.server.impl.LeaderElection.askForVotes(LeaderElection.java:200)
	at org.apache.ratis.server.impl.LeaderElection.run(LeaderElection.java:130)
	at java.lang.Thread.run(Thread.java:748)
Caused by: org.apache.ratis.thirdparty.io.grpc.StatusRuntimeException: UNAVAILABLE: io exception
	at org.apache.ratis.thirdparty.io.grpc.stub.ClientCalls.toStatusRuntimeException(ClientCalls.java:233)
	at org.apache.ratis.thirdparty.io.grpc.stub.ClientCalls.getUnchecked(ClientCalls.java:214)
	at org.apache.ratis.thirdparty.io.grpc.stub.ClientCalls.blockingUnaryCall(ClientCalls.java:139)
	at org.apache.ratis.proto.grpc.RaftServerProtocolServiceGrpc$RaftServerProtocolServiceBlockingStub.requestVote(RaftServerProtocolServiceGrpc.java:265)
	at org.apache.ratis.grpc.server.GrpcServerProtocolClient.requestVote(GrpcServerProtocolClient.java:83)
	at org.apache.ratis.grpc.server.GrpcService.requestVote(GrpcService.java:195)
	at org.apache.ratis.server.impl.LeaderElection.lambda$submitRequests$1(LeaderElection.java:237)
	at java.util.concurrent.FutureTask.run(FutureTask.java:266)
	at java.util.concurrent.Executors$RunnableAdapter.call(Executors.java:511)
	at java.util.concurrent.FutureTask.run(FutureTask.java:266)
	at java.util.concurrent.ThreadPoolExecutor.runWorker(ThreadPoolExecutor.java:1149)
	at java.util.concurrent.ThreadPoolExecutor$Worker.run(ThreadPoolExecutor.java:624)
	... 1 more
Caused by: org.apache.ratis.thirdparty.io.netty.channel.AbstractChannel$AnnotatedConnectException: Connection refused: /192.168.69.84:44805
	at sun.nio.ch.SocketChannelImpl.checkConnect(Native Method)
	at sun.nio.ch.SocketChannelImpl.finishConnect(SocketChannelImpl.java:717)
	at org.apache.ratis.thirdparty.io.netty.channel.socket.nio.NioSocketChannel.doFinishConnect(NioSocketChannel.java:327)
	at org.apache.ratis.thirdparty.io.netty.channel.nio.AbstractNioChannel$AbstractNioUnsafe.finishConnect(AbstractNioChannel.java:340)
	at org.apache.ratis.thirdparty.io.netty.channel.nio.NioEventLoop.processSelectedKey(NioEventLoop.java:632)
	at org.apache.ratis.thirdparty.io.netty.channel.nio.NioEventLoop.processSelectedKeysOptimized(NioEventLoop.java:579)
	at org.apache.ratis.thirdparty.io.netty.channel.nio.NioEventLoop.processSelectedKeys(NioEventLoop.java:496)
	at org.apache.ratis.thirdparty.io.netty.channel.nio.NioEventLoop.run(NioEventLoop.java:458)
	at org.apache.ratis.thirdparty.io.netty.util.concurrent.SingleThreadEventExecutor$5.run(SingleThreadEventExecutor.java:897)
	at org.apache.ratis.thirdparty.io.netty.util.concurrent.FastThreadLocalRunnable.run(FastThreadLocalRunnable.java:30)
	... 1 more
Caused by: java.net.ConnectException: Connection refused
	... 11 more
2019-07-13 07:46:47,625 INFO  impl.LeaderElection (LeaderElection.java:logAndReturn(56)) - 31cc92b9-dce5-4312-afa8-f8fbf4207340:group-F5E1443B2B7C:LeaderElection30: Election REJECTED; received 0 response(s) [] and 2 exception(s); 31cc92b9-dce5-4312-afa8-f8fbf4207340:t3, leader=null, voted=31cc92b9-dce5-4312-afa8-f8fbf4207340, raftlog=31cc92b9-dce5-4312-afa8-f8fbf4207340-SegmentedRaftLog:OPENED:c6,f6,i6, conf=0: [31cc92b9-dce5-4312-afa8-f8fbf4207340:192.168.69.84:46028, c98025ee-4765-40ec-be79-c1ab36f8aa48:192.168.69.84:41016, 725945e1-f11d-4591-9c35-bca7a7bb12b1:192.168.69.84:44805], old=null
2019-07-13 07:46:47,625 INFO  impl.LeaderElection (LogUtils.java:infoOrTrace(149)) -   Exception 0: {}
java.util.concurrent.ExecutionException: org.apache.ratis.thirdparty.io.grpc.StatusRuntimeException: UNAVAILABLE: io exception
	at java.util.concurrent.FutureTask.report(FutureTask.java:122)
	at java.util.concurrent.FutureTask.get(FutureTask.java:192)
	at org.apache.ratis.server.impl.LeaderElection.waitForResults(LeaderElection.java:262)
	at org.apache.ratis.server.impl.LeaderElection.askForVotes(LeaderElection.java:200)
	at org.apache.ratis.server.impl.LeaderElection.run(LeaderElection.java:130)
	at java.lang.Thread.run(Thread.java:748)
Caused by: org.apache.ratis.thirdparty.io.grpc.StatusRuntimeException: UNAVAILABLE: io exception
	at org.apache.ratis.thirdparty.io.grpc.stub.ClientCalls.toStatusRuntimeException(ClientCalls.java:233)
	at org.apache.ratis.thirdparty.io.grpc.stub.ClientCalls.getUnchecked(ClientCalls.java:214)
	at org.apache.ratis.thirdparty.io.grpc.stub.ClientCalls.blockingUnaryCall(ClientCalls.java:139)
	at org.apache.ratis.proto.grpc.RaftServerProtocolServiceGrpc$RaftServerProtocolServiceBlockingStub.requestVote(RaftServerProtocolServiceGrpc.java:265)
	at org.apache.ratis.grpc.server.GrpcServerProtocolClient.requestVote(GrpcServerProtocolClient.java:83)
	at org.apache.ratis.grpc.server.GrpcService.requestVote(GrpcService.java:195)
	at org.apache.ratis.server.impl.LeaderElection.lambda$submitRequests$1(LeaderElection.java:237)
	at java.util.concurrent.FutureTask.run(FutureTask.java:266)
	at java.util.concurrent.Executors$RunnableAdapter.call(Executors.java:511)
	at java.util.concurrent.FutureTask.run(FutureTask.java:266)
	at java.util.concurrent.ThreadPoolExecutor.runWorker(ThreadPoolExecutor.java:1149)
	at java.util.concurrent.ThreadPoolExecutor$Worker.run(ThreadPoolExecutor.java:624)
	... 1 more
Caused by: org.apache.ratis.thirdparty.io.netty.channel.AbstractChannel$AnnotatedConnectException: Connection refused: /192.168.69.84:41016
	at sun.nio.ch.SocketChannelImpl.checkConnect(Native Method)
	at sun.nio.ch.SocketChannelImpl.finishConnect(SocketChannelImpl.java:717)
	at org.apache.ratis.thirdparty.io.netty.channel.socket.nio.NioSocketChannel.doFinishConnect(NioSocketChannel.java:327)
	at org.apache.ratis.thirdparty.io.netty.channel.nio.AbstractNioChannel$AbstractNioUnsafe.finishConnect(AbstractNioChannel.java:340)
	at org.apache.ratis.thirdparty.io.netty.channel.nio.NioEventLoop.processSelectedKey(NioEventLoop.java:632)
	at org.apache.ratis.thirdparty.io.netty.channel.nio.NioEventLoop.processSelectedKeysOptimized(NioEventLoop.java:579)
	at org.apache.ratis.thirdparty.io.netty.channel.nio.NioEventLoop.processSelectedKeys(NioEventLoop.java:496)
	at org.apache.ratis.thirdparty.io.netty.channel.nio.NioEventLoop.run(NioEventLoop.java:458)
	at org.apache.ratis.thirdparty.io.netty.util.concurrent.SingleThreadEventExecutor$5.run(SingleThreadEventExecutor.java:897)
	at org.apache.ratis.thirdparty.io.netty.util.concurrent.FastThreadLocalRunnable.run(FastThreadLocalRunnable.java:30)
	... 1 more
Caused by: java.net.ConnectException: Connection refused
	... 11 more
2019-07-13 07:46:47,625 INFO  impl.LeaderElection (LogUtils.java:infoOrTrace(149)) -   Exception 1: {}
java.util.concurrent.ExecutionException: org.apache.ratis.thirdparty.io.grpc.StatusRuntimeException: UNAVAILABLE: io exception
	at java.util.concurrent.FutureTask.report(FutureTask.java:122)
	at java.util.concurrent.FutureTask.get(FutureTask.java:192)
	at org.apache.ratis.server.impl.LeaderElection.waitForResults(LeaderElection.java:262)
	at org.apache.ratis.server.impl.LeaderElection.askForVotes(LeaderElection.java:200)
	at org.apache.ratis.server.impl.LeaderElection.run(LeaderElection.java:130)
	at java.lang.Thread.run(Thread.java:748)
Caused by: org.apache.ratis.thirdparty.io.grpc.StatusRuntimeException: UNAVAILABLE: io exception
	at org.apache.ratis.thirdparty.io.grpc.stub.ClientCalls.toStatusRuntimeException(ClientCalls.java:233)
	at org.apache.ratis.thirdparty.io.grpc.stub.ClientCalls.getUnchecked(ClientCalls.java:214)
	at org.apache.ratis.thirdparty.io.grpc.stub.ClientCalls.blockingUnaryCall(ClientCalls.java:139)
	at org.apache.ratis.proto.grpc.RaftServerProtocolServiceGrpc$RaftServerProtocolServiceBlockingStub.requestVote(RaftServerProtocolServiceGrpc.java:265)
	at org.apache.ratis.grpc.server.GrpcServerProtocolClient.requestVote(GrpcServerProtocolClient.java:83)
	at org.apache.ratis.grpc.server.GrpcService.requestVote(GrpcService.java:195)
	at org.apache.ratis.server.impl.LeaderElection.lambda$submitRequests$1(LeaderElection.java:237)
	at java.util.concurrent.FutureTask.run(FutureTask.java:266)
	at java.util.concurrent.Executors$RunnableAdapter.call(Executors.java:511)
	at java.util.concurrent.FutureTask.run(FutureTask.java:266)
	at java.util.concurrent.ThreadPoolExecutor.runWorker(ThreadPoolExecutor.java:1149)
	at java.util.concurrent.ThreadPoolExecutor$Worker.run(ThreadPoolExecutor.java:624)
	... 1 more
Caused by: org.apache.ratis.thirdparty.io.netty.channel.AbstractChannel$AnnotatedConnectException: Connection refused: /192.168.69.84:44805
	at sun.nio.ch.SocketChannelImpl.checkConnect(Native Method)
	at sun.nio.ch.SocketChannelImpl.finishConnect(SocketChannelImpl.java:717)
	at org.apache.ratis.thirdparty.io.netty.channel.socket.nio.NioSocketChannel.doFinishConnect(NioSocketChannel.java:327)
	at org.apache.ratis.thirdparty.io.netty.channel.nio.AbstractNioChannel$AbstractNioUnsafe.finishConnect(AbstractNioChannel.java:340)
	at org.apache.ratis.thirdparty.io.netty.channel.nio.NioEventLoop.processSelectedKey(NioEventLoop.java:632)
	at org.apache.ratis.thirdparty.io.netty.channel.nio.NioEventLoop.processSelectedKeysOptimized(NioEventLoop.java:579)
	at org.apache.ratis.thirdparty.io.netty.channel.nio.NioEventLoop.processSelectedKeys(NioEventLoop.java:496)
	at org.apache.ratis.thirdparty.io.netty.channel.nio.NioEventLoop.run(NioEventLoop.java:458)
	at org.apache.ratis.thirdparty.io.netty.util.concurrent.SingleThreadEventExecutor$5.run(SingleThreadEventExecutor.java:897)
	at org.apache.ratis.thirdparty.io.netty.util.concurrent.FastThreadLocalRunnable.run(FastThreadLocalRunnable.java:30)
	... 1 more
Caused by: java.net.ConnectException: Connection refused
	... 11 more
2019-07-13 07:46:47,626 INFO  impl.RaftServerImpl (RaftServerImpl.java:setRole(171)) - 31cc92b9-dce5-4312-afa8-f8fbf4207340:group-F5E1443B2B7C changes role from CANDIDATE to FOLLOWER at term 3 for DISCOVERED_A_NEW_TERM
2019-07-13 07:46:47,626 INFO  impl.RoleInfo (RoleInfo.java:shutdownLeaderElection(134)) - 31cc92b9-dce5-4312-afa8-f8fbf4207340: shutdown LeaderElection
2019-07-13 07:46:47,626 INFO  impl.RoleInfo (RoleInfo.java:updateAndGet(143)) - 31cc92b9-dce5-4312-afa8-f8fbf4207340: start FollowerState
2019-07-13 07:46:48,365 INFO  ozoneimpl.OzoneContainer (OzoneContainer.java:stop(199)) - Attempting to stop container services.
2019-07-13 07:46:48,366 INFO  ozoneimpl.OzoneContainer (OzoneContainer.java:stop(199)) - Attempting to stop container services.
2019-07-13 07:46:48,366 INFO  impl.RaftServerProxy (RaftServerProxy.java:lambda$close$4(314)) - 852a83c0-e248-4744-b21a-e29c86840c6d: close
2019-07-13 07:46:48,366 INFO  impl.RaftServerProxy (RaftServerProxy.java:lambda$close$4(314)) - aad43ef4-f334-4a1c-8f5d-01764ba3cf0f: close
2019-07-13 07:46:48,366 INFO  impl.RaftServerImpl (RaftServerImpl.java:lambda$shutdown$3(245)) - 852a83c0-e248-4744-b21a-e29c86840c6d: shutdown group-168EE6489F8D
2019-07-13 07:46:48,367 INFO  impl.RaftServerImpl (RaftServerImpl.java:lambda$shutdown$3(245)) - aad43ef4-f334-4a1c-8f5d-01764ba3cf0f: shutdown group-926FB88F252E
2019-07-13 07:46:48,367 INFO  util.JmxRegister (JmxRegister.java:unregister(73)) - Successfully un-registered JMX Bean with object name Ratis:service=RaftServer,group=group-168EE6489F8D,id=852a83c0-e248-4744-b21a-e29c86840c6d
2019-07-13 07:46:48,368 INFO  util.JmxRegister (JmxRegister.java:unregister(73)) - Successfully un-registered JMX Bean with object name Ratis:service=RaftServer,group=group-926FB88F252E,id=aad43ef4-f334-4a1c-8f5d-01764ba3cf0f
2019-07-13 07:46:48,368 INFO  impl.RoleInfo (RoleInfo.java:shutdownLeaderState(104)) - 852a83c0-e248-4744-b21a-e29c86840c6d: shutdown LeaderState
2019-07-13 07:46:48,368 INFO  impl.RoleInfo (RoleInfo.java:shutdownLeaderState(104)) - aad43ef4-f334-4a1c-8f5d-01764ba3cf0f: shutdown LeaderState
2019-07-13 07:46:48,373 WARN  server.GrpcLogAppender (GrpcLogAppender.java:mayWait(143)) - GrpcLogAppender(852a83c0-e248-4744-b21a-e29c86840c6d->dfcdd0cd-d7f3-4c51-a25f-466e2276d529): Wait interrupted by java.lang.InterruptedException
2019-07-13 07:46:48,373 INFO  impl.PendingRequests (PendingRequests.java:sendNotLeaderResponses(202)) - 852a83c0-e248-4744-b21a-e29c86840c6d-PendingRequests: sendNotLeaderResponses
2019-07-13 07:46:48,373 WARN  server.GrpcLogAppender (GrpcLogAppender.java:mayWait(143)) - GrpcLogAppender(852a83c0-e248-4744-b21a-e29c86840c6d->35f792f5-4ff5-4df4-a20f-ebe4ee56e078): Wait interrupted by java.lang.InterruptedException
2019-07-13 07:46:48,373 INFO  impl.PendingRequests (PendingRequests.java:sendNotLeaderResponses(202)) - aad43ef4-f334-4a1c-8f5d-01764ba3cf0f-PendingRequests: sendNotLeaderResponses
2019-07-13 07:46:48,377 INFO  ratis.ContainerStateMachine (ContainerStateMachine.java:takeSnapshot(246)) - Taking snapshot at termIndex:(t:1, i:2)
2019-07-13 07:46:48,377 INFO  impl.StateMachineUpdater (StateMachineUpdater.java:stopAndJoin(115)) - StateMachineUpdater:852a83c0-e248-4744-b21a-e29c86840c6d:group-168EE6489F8D: set stopIndex = 2
2019-07-13 07:46:48,378 INFO  ratis.ContainerStateMachine (ContainerStateMachine.java:takeSnapshot(250)) - Taking a snapshot to file /tmp/workdir/hadoop-ozone/integration-test/target/test-dir/MiniOzoneClusterImpl-487749ed-5fa8-466c-a363-f34ace555a1b/datanode-0/data/ratis/3efbce23-5504-437d-992d-168ee6489f8d/sm/snapshot.1_2
2019-07-13 07:46:48,377 INFO  ratis.ContainerStateMachine (ContainerStateMachine.java:takeSnapshot(246)) - Taking snapshot at termIndex:(t:0, i:~)
2019-07-13 07:46:48,377 INFO  impl.StateMachineUpdater (StateMachineUpdater.java:stopAndJoin(115)) - StateMachineUpdater:aad43ef4-f334-4a1c-8f5d-01764ba3cf0f:group-926FB88F252E: set stopIndex = 0
2019-07-13 07:46:48,378 INFO  impl.StateMachineUpdater (StateMachineUpdater.java:takeSnapshot(242)) - StateMachineUpdater:852a83c0-e248-4744-b21a-e29c86840c6d:group-168EE6489F8D: Took a snapshot at index 2
2019-07-13 07:46:48,379 INFO  impl.RaftServerImpl (ServerState.java:close(394)) - aad43ef4-f334-4a1c-8f5d-01764ba3cf0f:group-926FB88F252E closes. The last applied log index is 0
2019-07-13 07:46:48,379 INFO  impl.StateMachineUpdater (StateMachineUpdater.java:lambda$new$0(80)) - StateMachineUpdater:852a83c0-e248-4744-b21a-e29c86840c6d:group-168EE6489F8D: snapshotIndex: updateIncreasingly -1 -> 2
2019-07-13 07:46:48,379 INFO  segmented.SegmentedRaftLogWorker (SegmentedRaftLogWorker.java:run(313)) - aad43ef4-f334-4a1c-8f5d-01764ba3cf0f-SegmentedRaftLogWorker:Storage Directory /tmp/workdir/hadoop-ozone/integration-test/target/test-dir/MiniOzoneClusterImpl-487749ed-5fa8-466c-a363-f34ace555a1b/datanode-6/data/ratis/31f395b5-509f-4c58-99a2-926fb88f252e was interrupted, exiting. There are 0 tasks remaining in the queue.
2019-07-13 07:46:48,380 INFO  impl.RaftServerImpl (ServerState.java:close(394)) - 852a83c0-e248-4744-b21a-e29c86840c6d:group-168EE6489F8D closes. The last applied log index is 2
2019-07-13 07:46:48,381 INFO  segmented.SegmentedRaftLogWorker (SegmentedRaftLogWorker.java:close(228)) - aad43ef4-f334-4a1c-8f5d-01764ba3cf0f-SegmentedRaftLogWorker:Storage Directory /tmp/workdir/hadoop-ozone/integration-test/target/test-dir/MiniOzoneClusterImpl-487749ed-5fa8-466c-a363-f34ace555a1b/datanode-6/data/ratis/31f395b5-509f-4c58-99a2-926fb88f252e close()
2019-07-13 07:46:48,382 INFO  segmented.SegmentedRaftLogWorker (SegmentedRaftLogWorker.java:run(313)) - 852a83c0-e248-4744-b21a-e29c86840c6d-SegmentedRaftLogWorker:Storage Directory /tmp/workdir/hadoop-ozone/integration-test/target/test-dir/MiniOzoneClusterImpl-487749ed-5fa8-466c-a363-f34ace555a1b/datanode-0/data/ratis/3efbce23-5504-437d-992d-168ee6489f8d was interrupted, exiting. There are 0 tasks remaining in the queue.
2019-07-13 07:46:48,384 INFO  server.GrpcService (GrpcService.java:closeImpl(155)) - aad43ef4-f334-4a1c-8f5d-01764ba3cf0f: shutdown server with port 45925 now
2019-07-13 07:46:48,386 INFO  segmented.SegmentedRaftLogWorker (SegmentedRaftLogWorker.java:close(228)) - 852a83c0-e248-4744-b21a-e29c86840c6d-SegmentedRaftLogWorker:Storage Directory /tmp/workdir/hadoop-ozone/integration-test/target/test-dir/MiniOzoneClusterImpl-487749ed-5fa8-466c-a363-f34ace555a1b/datanode-0/data/ratis/3efbce23-5504-437d-992d-168ee6489f8d close()
2019-07-13 07:46:48,388 INFO  server.GrpcService (GrpcService.java:closeImpl(163)) - aad43ef4-f334-4a1c-8f5d-01764ba3cf0f: shutdown server with port 45925 successfully
2019-07-13 07:46:48,394 INFO  impl.RaftServerImpl (RaftServerImpl.java:lambda$shutdown$3(245)) - 852a83c0-e248-4744-b21a-e29c86840c6d: shutdown group-60D53A29954B
2019-07-13 07:46:48,395 INFO  util.JmxRegister (JmxRegister.java:unregister(73)) - Successfully un-registered JMX Bean with object name Ratis:service=RaftServer,group=group-60D53A29954B,id=852a83c0-e248-4744-b21a-e29c86840c6d
2019-07-13 07:46:48,395 INFO  impl.RoleInfo (RoleInfo.java:shutdownLeaderState(104)) - 852a83c0-e248-4744-b21a-e29c86840c6d: shutdown LeaderState
2019-07-13 07:46:48,395 INFO  impl.PendingRequests (PendingRequests.java:sendNotLeaderResponses(202)) - 852a83c0-e248-4744-b21a-e29c86840c6d-PendingRequests: sendNotLeaderResponses
2019-07-13 07:46:48,395 INFO  utils.BackgroundService (BackgroundService.java:shutdown(148)) - Shutting down service BlockDeletingService
2019-07-13 07:46:48,396 INFO  ratis.ContainerStateMachine (ContainerStateMachine.java:takeSnapshot(246)) - Taking snapshot at termIndex:(t:0, i:~)
2019-07-13 07:46:48,396 INFO  impl.StateMachineUpdater (StateMachineUpdater.java:stopAndJoin(115)) - StateMachineUpdater:852a83c0-e248-4744-b21a-e29c86840c6d:group-60D53A29954B: set stopIndex = 0
2019-07-13 07:46:48,396 INFO  impl.RaftServerImpl (ServerState.java:close(394)) - 852a83c0-e248-4744-b21a-e29c86840c6d:group-60D53A29954B closes. The last applied log index is 0
2019-07-13 07:46:48,396 WARN  fs.CachingGetSpaceUsed (CachingGetSpaceUsed.java:run(183)) - Thread Interrupted waiting to refresh disk information: sleep interrupted
2019-07-13 07:46:48,397 INFO  segmented.SegmentedRaftLogWorker (SegmentedRaftLogWorker.java:run(313)) - 852a83c0-e248-4744-b21a-e29c86840c6d-SegmentedRaftLogWorker:Storage Directory /tmp/workdir/hadoop-ozone/integration-test/target/test-dir/MiniOzoneClusterImpl-487749ed-5fa8-466c-a363-f34ace555a1b/datanode-0/data/ratis/f8f3c935-b0de-4051-8547-60d53a29954b was interrupted, exiting. There are 0 tasks remaining in the queue.
2019-07-13 07:46:48,397 INFO  segmented.SegmentedRaftLogWorker (SegmentedRaftLogWorker.java:close(228)) - 852a83c0-e248-4744-b21a-e29c86840c6d-SegmentedRaftLogWorker:Storage Directory /tmp/workdir/hadoop-ozone/integration-test/target/test-dir/MiniOzoneClusterImpl-487749ed-5fa8-466c-a363-f34ace555a1b/datanode-0/data/ratis/f8f3c935-b0de-4051-8547-60d53a29954b close()
2019-07-13 07:46:48,398 INFO  server.GrpcService (GrpcService.java:closeImpl(155)) - 852a83c0-e248-4744-b21a-e29c86840c6d: shutdown server with port 39915 now
2019-07-13 07:46:48,399 INFO  server.GrpcService (GrpcService.java:closeImpl(163)) - 852a83c0-e248-4744-b21a-e29c86840c6d: shutdown server with port 39915 successfully
2019-07-13 07:46:48,400 INFO  utils.BackgroundService (BackgroundService.java:shutdown(148)) - Shutting down service BlockDeletingService
2019-07-13 07:46:48,402 WARN  fs.CachingGetSpaceUsed (CachingGetSpaceUsed.java:run(183)) - Thread Interrupted waiting to refresh disk information: sleep interrupted
2019-07-13 07:46:48,415 INFO  statemachine.DatanodeStateMachine (DatanodeStateMachine.java:stopDaemon(395)) - Ozone container server stopped.
2019-07-13 07:46:48,416 INFO  handler.ContextHandler (ContextHandler.java:doStop(910)) - Stopped o.e.j.w.WebAppContext@2b1d1a5{/,null,UNAVAILABLE}{/hddsDatanode}
2019-07-13 07:46:48,417 INFO  server.AbstractConnector (AbstractConnector.java:doStop(318)) - Stopped ServerConnector@41e7a544{HTTP/1.1,[http/1.1]}{0.0.0.0:0}
2019-07-13 07:46:48,417 INFO  handler.ContextHandler (ContextHandler.java:doStop(910)) - Stopped o.e.j.s.ServletContextHandler@7fb82f73{/static,jar:file:/home/user/.m2/repository/org/apache/hadoop/hadoop-hdds-container-service/0.5.0-SNAPSHOT/hadoop-hdds-container-service-0.5.0-SNAPSHOT.jar!/webapps/static,UNAVAILABLE}
2019-07-13 07:46:48,418 INFO  handler.ContextHandler (ContextHandler.java:doStop(910)) - Stopped o.e.j.s.ServletContextHandler@7ac1b6c0{/logs,file:///tmp/workdir/hadoop-ozone/integration-test/target/log,UNAVAILABLE}
2019-07-13 07:46:48,418 INFO  datanode.ObjectStoreHandler (ObjectStoreHandler.java:close(155)) - Closing ObjectStoreHandler.
2019-07-13 07:46:48,419 INFO  ozone.HddsDatanodeService (HddsDatanodeService.java:stop(452)) - Stopped plug-in org.apache.hadoop.ozone.web.OzoneHddsDatanodeService@280d6a20
2019-07-13 07:46:48,422 INFO  statemachine.DatanodeStateMachine (DatanodeStateMachine.java:stopDaemon(395)) - Ozone container server stopped.
2019-07-13 07:46:48,425 INFO  handler.ContextHandler (ContextHandler.java:doStop(910)) - Stopped o.e.j.w.WebAppContext@c262f2f{/,null,UNAVAILABLE}{/hddsDatanode}
2019-07-13 07:46:48,426 INFO  server.AbstractConnector (AbstractConnector.java:doStop(318)) - Stopped ServerConnector@5563bb40{HTTP/1.1,[http/1.1]}{0.0.0.0:0}
2019-07-13 07:46:48,428 INFO  handler.ContextHandler (ContextHandler.java:doStop(910)) - Stopped o.e.j.s.ServletContextHandler@7eee6c13{/static,jar:file:/home/user/.m2/repository/org/apache/hadoop/hadoop-hdds-container-service/0.5.0-SNAPSHOT/hadoop-hdds-container-service-0.5.0-SNAPSHOT.jar!/webapps/static,UNAVAILABLE}
2019-07-13 07:46:48,429 INFO  handler.ContextHandler (ContextHandler.java:doStop(910)) - Stopped o.e.j.s.ServletContextHandler@be6d228{/logs,file:///tmp/workdir/hadoop-ozone/integration-test/target/log,UNAVAILABLE}
2019-07-13 07:46:49,053 INFO  statemachine.DatanodeStateMachine (DatanodeStateMachine.java:lambda$startDaemon$0(350)) - Ozone container server started.
2019-07-13 07:46:52,655 INFO  impl.FollowerState (FollowerState.java:run(106)) - 31cc92b9-dce5-4312-afa8-f8fbf4207340:group-F5E1443B2B7C changes to CANDIDATE, lastRpcTime:5028, electionTimeout:5028ms
2019-07-13 07:46:52,655 INFO  impl.RoleInfo (RoleInfo.java:shutdownFollowerState(121)) - 31cc92b9-dce5-4312-afa8-f8fbf4207340: shutdown FollowerState
2019-07-13 07:46:52,655 INFO  impl.RaftServerImpl (RaftServerImpl.java:setRole(171)) - 31cc92b9-dce5-4312-afa8-f8fbf4207340:group-F5E1443B2B7C changes role from FOLLOWER to CANDIDATE at term 3 for changeToCandidate
2019-07-13 07:46:52,655 INFO  impl.RoleInfo (RoleInfo.java:updateAndGet(143)) - 31cc92b9-dce5-4312-afa8-f8fbf4207340: start LeaderElection
2019-07-13 07:46:52,685 INFO  impl.LeaderElection (LeaderElection.java:askForVotes(181)) - 31cc92b9-dce5-4312-afa8-f8fbf4207340:group-F5E1443B2B7C:LeaderElection31: begin an election at term 4 for 0: [31cc92b9-dce5-4312-afa8-f8fbf4207340:192.168.69.84:46028, c98025ee-4765-40ec-be79-c1ab36f8aa48:192.168.69.84:41016, 725945e1-f11d-4591-9c35-bca7a7bb12b1:192.168.69.84:44805], old=null
2019-07-13 07:46:52,686 INFO  impl.LeaderElection (LogUtils.java:infoOrTrace(149)) - 31cc92b9-dce5-4312-afa8-f8fbf4207340:group-F5E1443B2B7C:LeaderElection31 got exception when requesting votes: {}
java.util.concurrent.ExecutionException: org.apache.ratis.thirdparty.io.grpc.StatusRuntimeException: UNAVAILABLE: io exception
	at java.util.concurrent.FutureTask.report(FutureTask.java:122)
	at java.util.concurrent.FutureTask.get(FutureTask.java:192)
	at org.apache.ratis.server.impl.LeaderElection.waitForResults(LeaderElection.java:262)
	at org.apache.ratis.server.impl.LeaderElection.askForVotes(LeaderElection.java:200)
	at org.apache.ratis.server.impl.LeaderElection.run(LeaderElection.java:130)
	at java.lang.Thread.run(Thread.java:748)
Caused by: org.apache.ratis.thirdparty.io.grpc.StatusRuntimeException: UNAVAILABLE: io exception
	at org.apache.ratis.thirdparty.io.grpc.stub.ClientCalls.toStatusRuntimeException(ClientCalls.java:233)
	at org.apache.ratis.thirdparty.io.grpc.stub.ClientCalls.getUnchecked(ClientCalls.java:214)
	at org.apache.ratis.thirdparty.io.grpc.stub.ClientCalls.blockingUnaryCall(ClientCalls.java:139)
	at org.apache.ratis.proto.grpc.RaftServerProtocolServiceGrpc$RaftServerProtocolServiceBlockingStub.requestVote(RaftServerProtocolServiceGrpc.java:265)
	at org.apache.ratis.grpc.server.GrpcServerProtocolClient.requestVote(GrpcServerProtocolClient.java:83)
	at org.apache.ratis.grpc.server.GrpcService.requestVote(GrpcService.java:195)
	at org.apache.ratis.server.impl.LeaderElection.lambda$submitRequests$1(LeaderElection.java:237)
	at java.util.concurrent.FutureTask.run(FutureTask.java:266)
	at java.util.concurrent.Executors$RunnableAdapter.call(Executors.java:511)
	at java.util.concurrent.FutureTask.run(FutureTask.java:266)
	at java.util.concurrent.ThreadPoolExecutor.runWorker(ThreadPoolExecutor.java:1149)
	at java.util.concurrent.ThreadPoolExecutor$Worker.run(ThreadPoolExecutor.java:624)
	... 1 more
Caused by: org.apache.ratis.thirdparty.io.netty.channel.AbstractChannel$AnnotatedConnectException: Connection refused: /192.168.69.84:41016
	at sun.nio.ch.SocketChannelImpl.checkConnect(Native Method)
	at sun.nio.ch.SocketChannelImpl.finishConnect(SocketChannelImpl.java:717)
	at org.apache.ratis.thirdparty.io.netty.channel.socket.nio.NioSocketChannel.doFinishConnect(NioSocketChannel.java:327)
	at org.apache.ratis.thirdparty.io.netty.channel.nio.AbstractNioChannel$AbstractNioUnsafe.finishConnect(AbstractNioChannel.java:340)
	at org.apache.ratis.thirdparty.io.netty.channel.nio.NioEventLoop.processSelectedKey(NioEventLoop.java:632)
	at org.apache.ratis.thirdparty.io.netty.channel.nio.NioEventLoop.processSelectedKeysOptimized(NioEventLoop.java:579)
	at org.apache.ratis.thirdparty.io.netty.channel.nio.NioEventLoop.processSelectedKeys(NioEventLoop.java:496)
	at org.apache.ratis.thirdparty.io.netty.channel.nio.NioEventLoop.run(NioEventLoop.java:458)
	at org.apache.ratis.thirdparty.io.netty.util.concurrent.SingleThreadEventExecutor$5.run(SingleThreadEventExecutor.java:897)
	at org.apache.ratis.thirdparty.io.netty.util.concurrent.FastThreadLocalRunnable.run(FastThreadLocalRunnable.java:30)
	... 1 more
Caused by: java.net.ConnectException: Connection refused
	... 11 more
2019-07-13 07:46:52,688 INFO  impl.LeaderElection (LogUtils.java:infoOrTrace(149)) - 31cc92b9-dce5-4312-afa8-f8fbf4207340:group-F5E1443B2B7C:LeaderElection31 got exception when requesting votes: {}
java.util.concurrent.ExecutionException: org.apache.ratis.thirdparty.io.grpc.StatusRuntimeException: UNAVAILABLE: io exception
	at java.util.concurrent.FutureTask.report(FutureTask.java:122)
	at java.util.concurrent.FutureTask.get(FutureTask.java:192)
	at org.apache.ratis.server.impl.LeaderElection.waitForResults(LeaderElection.java:262)
	at org.apache.ratis.server.impl.LeaderElection.askForVotes(LeaderElection.java:200)
	at org.apache.ratis.server.impl.LeaderElection.run(LeaderElection.java:130)
	at java.lang.Thread.run(Thread.java:748)
Caused by: org.apache.ratis.thirdparty.io.grpc.StatusRuntimeException: UNAVAILABLE: io exception
	at org.apache.ratis.thirdparty.io.grpc.stub.ClientCalls.toStatusRuntimeException(ClientCalls.java:233)
	at org.apache.ratis.thirdparty.io.grpc.stub.ClientCalls.getUnchecked(ClientCalls.java:214)
	at org.apache.ratis.thirdparty.io.grpc.stub.ClientCalls.blockingUnaryCall(ClientCalls.java:139)
	at org.apache.ratis.proto.grpc.RaftServerProtocolServiceGrpc$RaftServerProtocolServiceBlockingStub.requestVote(RaftServerProtocolServiceGrpc.java:265)
	at org.apache.ratis.grpc.server.GrpcServerProtocolClient.requestVote(GrpcServerProtocolClient.java:83)
	at org.apache.ratis.grpc.server.GrpcService.requestVote(GrpcService.java:195)
	at org.apache.ratis.server.impl.LeaderElection.lambda$submitRequests$1(LeaderElection.java:237)
	at java.util.concurrent.FutureTask.run(FutureTask.java:266)
	at java.util.concurrent.Executors$RunnableAdapter.call(Executors.java:511)
	at java.util.concurrent.FutureTask.run(FutureTask.java:266)
	at java.util.concurrent.ThreadPoolExecutor.runWorker(ThreadPoolExecutor.java:1149)
	at java.util.concurrent.ThreadPoolExecutor$Worker.run(ThreadPoolExecutor.java:624)
	... 1 more
Caused by: org.apache.ratis.thirdparty.io.netty.channel.AbstractChannel$AnnotatedConnectException: Connection refused: /192.168.69.84:44805
	at sun.nio.ch.SocketChannelImpl.checkConnect(Native Method)
	at sun.nio.ch.SocketChannelImpl.finishConnect(SocketChannelImpl.java:717)
	at org.apache.ratis.thirdparty.io.netty.channel.socket.nio.NioSocketChannel.doFinishConnect(NioSocketChannel.java:327)
	at org.apache.ratis.thirdparty.io.netty.channel.nio.AbstractNioChannel$AbstractNioUnsafe.finishConnect(AbstractNioChannel.java:340)
	at org.apache.ratis.thirdparty.io.netty.channel.nio.NioEventLoop.processSelectedKey(NioEventLoop.java:632)
	at org.apache.ratis.thirdparty.io.netty.channel.nio.NioEventLoop.processSelectedKeysOptimized(NioEventLoop.java:579)
	at org.apache.ratis.thirdparty.io.netty.channel.nio.NioEventLoop.processSelectedKeys(NioEventLoop.java:496)
	at org.apache.ratis.thirdparty.io.netty.channel.nio.NioEventLoop.run(NioEventLoop.java:458)
	at org.apache.ratis.thirdparty.io.netty.util.concurrent.SingleThreadEventExecutor$5.run(SingleThreadEventExecutor.java:897)
	at org.apache.ratis.thirdparty.io.netty.util.concurrent.FastThreadLocalRunnable.run(FastThreadLocalRunnable.java:30)
	... 1 more
Caused by: java.net.ConnectException: Connection refused
	... 11 more
2019-07-13 07:46:52,690 INFO  impl.LeaderElection (LeaderElection.java:logAndReturn(56)) - 31cc92b9-dce5-4312-afa8-f8fbf4207340:group-F5E1443B2B7C:LeaderElection31: Election REJECTED; received 0 response(s) [] and 2 exception(s); 31cc92b9-dce5-4312-afa8-f8fbf4207340:t4, leader=null, voted=31cc92b9-dce5-4312-afa8-f8fbf4207340, raftlog=31cc92b9-dce5-4312-afa8-f8fbf4207340-SegmentedRaftLog:OPENED:c6,f6,i6, conf=0: [31cc92b9-dce5-4312-afa8-f8fbf4207340:192.168.69.84:46028, c98025ee-4765-40ec-be79-c1ab36f8aa48:192.168.69.84:41016, 725945e1-f11d-4591-9c35-bca7a7bb12b1:192.168.69.84:44805], old=null
2019-07-13 07:46:52,690 INFO  impl.LeaderElection (LogUtils.java:infoOrTrace(149)) -   Exception 0: {}
java.util.concurrent.ExecutionException: org.apache.ratis.thirdparty.io.grpc.StatusRuntimeException: UNAVAILABLE: io exception
	at java.util.concurrent.FutureTask.report(FutureTask.java:122)
	at java.util.concurrent.FutureTask.get(FutureTask.java:192)
	at org.apache.ratis.server.impl.LeaderElection.waitForResults(LeaderElection.java:262)
	at org.apache.ratis.server.impl.LeaderElection.askForVotes(LeaderElection.java:200)
	at org.apache.ratis.server.impl.LeaderElection.run(LeaderElection.java:130)
	at java.lang.Thread.run(Thread.java:748)
Caused by: org.apache.ratis.thirdparty.io.grpc.StatusRuntimeException: UNAVAILABLE: io exception
	at org.apache.ratis.thirdparty.io.grpc.stub.ClientCalls.toStatusRuntimeException(ClientCalls.java:233)
	at org.apache.ratis.thirdparty.io.grpc.stub.ClientCalls.getUnchecked(ClientCalls.java:214)
	at org.apache.ratis.thirdparty.io.grpc.stub.ClientCalls.blockingUnaryCall(ClientCalls.java:139)
	at org.apache.ratis.proto.grpc.RaftServerProtocolServiceGrpc$RaftServerProtocolServiceBlockingStub.requestVote(RaftServerProtocolServiceGrpc.java:265)
	at org.apache.ratis.grpc.server.GrpcServerProtocolClient.requestVote(GrpcServerProtocolClient.java:83)
	at org.apache.ratis.grpc.server.GrpcService.requestVote(GrpcService.java:195)
	at org.apache.ratis.server.impl.LeaderElection.lambda$submitRequests$1(LeaderElection.java:237)
	at java.util.concurrent.FutureTask.run(FutureTask.java:266)
	at java.util.concurrent.Executors$RunnableAdapter.call(Executors.java:511)
	at java.util.concurrent.FutureTask.run(FutureTask.java:266)
	at java.util.concurrent.ThreadPoolExecutor.runWorker(ThreadPoolExecutor.java:1149)
	at java.util.concurrent.ThreadPoolExecutor$Worker.run(ThreadPoolExecutor.java:624)
	... 1 more
Caused by: org.apache.ratis.thirdparty.io.netty.channel.AbstractChannel$AnnotatedConnectException: Connection refused: /192.168.69.84:41016
	at sun.nio.ch.SocketChannelImpl.checkConnect(Native Method)
	at sun.nio.ch.SocketChannelImpl.finishConnect(SocketChannelImpl.java:717)
	at org.apache.ratis.thirdparty.io.netty.channel.socket.nio.NioSocketChannel.doFinishConnect(NioSocketChannel.java:327)
	at org.apache.ratis.thirdparty.io.netty.channel.nio.AbstractNioChannel$AbstractNioUnsafe.finishConnect(AbstractNioChannel.java:340)
	at org.apache.ratis.thirdparty.io.netty.channel.nio.NioEventLoop.processSelectedKey(NioEventLoop.java:632)
	at org.apache.ratis.thirdparty.io.netty.channel.nio.NioEventLoop.processSelectedKeysOptimized(NioEventLoop.java:579)
	at org.apache.ratis.thirdparty.io.netty.channel.nio.NioEventLoop.processSelectedKeys(NioEventLoop.java:496)
	at org.apache.ratis.thirdparty.io.netty.channel.nio.NioEventLoop.run(NioEventLoop.java:458)
	at org.apache.ratis.thirdparty.io.netty.util.concurrent.SingleThreadEventExecutor$5.run(SingleThreadEventExecutor.java:897)
	at org.apache.ratis.thirdparty.io.netty.util.concurrent.FastThreadLocalRunnable.run(FastThreadLocalRunnable.java:30)
	... 1 more
Caused by: java.net.ConnectException: Connection refused
	... 11 more
2019-07-13 07:46:52,690 INFO  impl.LeaderElection (LogUtils.java:infoOrTrace(149)) -   Exception 1: {}
java.util.concurrent.ExecutionException: org.apache.ratis.thirdparty.io.grpc.StatusRuntimeException: UNAVAILABLE: io exception
	at java.util.concurrent.FutureTask.report(FutureTask.java:122)
	at java.util.concurrent.FutureTask.get(FutureTask.java:192)
	at org.apache.ratis.server.impl.LeaderElection.waitForResults(LeaderElection.java:262)
	at org.apache.ratis.server.impl.LeaderElection.askForVotes(LeaderElection.java:200)
	at org.apache.ratis.server.impl.LeaderElection.run(LeaderElection.java:130)
	at java.lang.Thread.run(Thread.java:748)
Caused by: org.apache.ratis.thirdparty.io.grpc.StatusRuntimeException: UNAVAILABLE: io exception
	at org.apache.ratis.thirdparty.io.grpc.stub.ClientCalls.toStatusRuntimeException(ClientCalls.java:233)
	at org.apache.ratis.thirdparty.io.grpc.stub.ClientCalls.getUnchecked(ClientCalls.java:214)
	at org.apache.ratis.thirdparty.io.grpc.stub.ClientCalls.blockingUnaryCall(ClientCalls.java:139)
	at org.apache.ratis.proto.grpc.RaftServerProtocolServiceGrpc$RaftServerProtocolServiceBlockingStub.requestVote(RaftServerProtocolServiceGrpc.java:265)
	at org.apache.ratis.grpc.server.GrpcServerProtocolClient.requestVote(GrpcServerProtocolClient.java:83)
	at org.apache.ratis.grpc.server.GrpcService.requestVote(GrpcService.java:195)
	at org.apache.ratis.server.impl.LeaderElection.lambda$submitRequests$1(LeaderElection.java:237)
	at java.util.concurrent.FutureTask.run(FutureTask.java:266)
	at java.util.concurrent.Executors$RunnableAdapter.call(Executors.java:511)
	at java.util.concurrent.FutureTask.run(FutureTask.java:266)
	at java.util.concurrent.ThreadPoolExecutor.runWorker(ThreadPoolExecutor.java:1149)
	at java.util.concurrent.ThreadPoolExecutor$Worker.run(ThreadPoolExecutor.java:624)
	... 1 more
Caused by: org.apache.ratis.thirdparty.io.netty.channel.AbstractChannel$AnnotatedConnectException: Connection refused: /192.168.69.84:44805
	at sun.nio.ch.SocketChannelImpl.checkConnect(Native Method)
	at sun.nio.ch.SocketChannelImpl.finishConnect(SocketChannelImpl.java:717)
	at org.apache.ratis.thirdparty.io.netty.channel.socket.nio.NioSocketChannel.doFinishConnect(NioSocketChannel.java:327)
	at org.apache.ratis.thirdparty.io.netty.channel.nio.AbstractNioChannel$AbstractNioUnsafe.finishConnect(AbstractNioChannel.java:340)
	at org.apache.ratis.thirdparty.io.netty.channel.nio.NioEventLoop.processSelectedKey(NioEventLoop.java:632)
	at org.apache.ratis.thirdparty.io.netty.channel.nio.NioEventLoop.processSelectedKeysOptimized(NioEventLoop.java:579)
	at org.apache.ratis.thirdparty.io.netty.channel.nio.NioEventLoop.processSelectedKeys(NioEventLoop.java:496)
	at org.apache.ratis.thirdparty.io.netty.channel.nio.NioEventLoop.run(NioEventLoop.java:458)
	at org.apache.ratis.thirdparty.io.netty.util.concurrent.SingleThreadEventExecutor$5.run(SingleThreadEventExecutor.java:897)
	at org.apache.ratis.thirdparty.io.netty.util.concurrent.FastThreadLocalRunnable.run(FastThreadLocalRunnable.java:30)
	... 1 more
Caused by: java.net.ConnectException: Connection refused
	... 11 more
2019-07-13 07:46:52,691 INFO  impl.RaftServerImpl (RaftServerImpl.java:setRole(171)) - 31cc92b9-dce5-4312-afa8-f8fbf4207340:group-F5E1443B2B7C changes role from CANDIDATE to FOLLOWER at term 4 for DISCOVERED_A_NEW_TERM
2019-07-13 07:46:52,691 INFO  impl.RoleInfo (RoleInfo.java:shutdownLeaderElection(134)) - 31cc92b9-dce5-4312-afa8-f8fbf4207340: shutdown LeaderElection
2019-07-13 07:46:52,691 INFO  impl.RoleInfo (RoleInfo.java:updateAndGet(143)) - 31cc92b9-dce5-4312-afa8-f8fbf4207340: start FollowerState
2019-07-13 07:46:53,421 INFO  ozoneimpl.OzoneContainer (OzoneContainer.java:stop(199)) - Attempting to stop container services.
2019-07-13 07:46:53,422 INFO  impl.RaftServerProxy (RaftServerProxy.java:lambda$close$4(314)) - 31cc92b9-dce5-4312-afa8-f8fbf4207340: close
2019-07-13 07:46:53,423 INFO  impl.RaftServerImpl (RaftServerImpl.java:lambda$shutdown$3(245)) - 31cc92b9-dce5-4312-afa8-f8fbf4207340: shutdown group-0A7627C31D7B
2019-07-13 07:46:53,423 INFO  util.JmxRegister (JmxRegister.java:unregister(73)) - Successfully un-registered JMX Bean with object name Ratis:service=RaftServer,group=group-0A7627C31D7B,id=31cc92b9-dce5-4312-afa8-f8fbf4207340
2019-07-13 07:46:53,424 INFO  impl.RoleInfo (RoleInfo.java:shutdownLeaderState(104)) - 31cc92b9-dce5-4312-afa8-f8fbf4207340: shutdown LeaderState
2019-07-13 07:46:53,424 INFO  impl.PendingRequests (PendingRequests.java:sendNotLeaderResponses(202)) - 31cc92b9-dce5-4312-afa8-f8fbf4207340-PendingRequests: sendNotLeaderResponses
2019-07-13 07:46:53,425 INFO  impl.StateMachineUpdater (StateMachineUpdater.java:stopAndJoin(115)) - StateMachineUpdater:31cc92b9-dce5-4312-afa8-f8fbf4207340:group-0A7627C31D7B: set stopIndex = 0
2019-07-13 07:46:53,425 INFO  ratis.ContainerStateMachine (ContainerStateMachine.java:takeSnapshot(246)) - Taking snapshot at termIndex:(t:0, i:~)
2019-07-13 07:46:53,426 INFO  impl.RaftServerImpl (ServerState.java:close(394)) - 31cc92b9-dce5-4312-afa8-f8fbf4207340:group-0A7627C31D7B closes. The last applied log index is 0
2019-07-13 07:46:53,426 INFO  segmented.SegmentedRaftLogWorker (SegmentedRaftLogWorker.java:run(313)) - 31cc92b9-dce5-4312-afa8-f8fbf4207340-SegmentedRaftLogWorker:Storage Directory /tmp/workdir/hadoop-ozone/integration-test/target/test-dir/MiniOzoneClusterImpl-487749ed-5fa8-466c-a363-f34ace555a1b/datanode-5/data/ratis/1ceba496-8d97-42d6-b356-0a7627c31d7b was interrupted, exiting. There are 0 tasks remaining in the queue.
2019-07-13 07:46:53,427 INFO  segmented.SegmentedRaftLogWorker (SegmentedRaftLogWorker.java:close(228)) - 31cc92b9-dce5-4312-afa8-f8fbf4207340-SegmentedRaftLogWorker:Storage Directory /tmp/workdir/hadoop-ozone/integration-test/target/test-dir/MiniOzoneClusterImpl-487749ed-5fa8-466c-a363-f34ace555a1b/datanode-5/data/ratis/1ceba496-8d97-42d6-b356-0a7627c31d7b close()
2019-07-13 07:46:53,427 INFO  impl.RaftServerImpl (RaftServerImpl.java:lambda$shutdown$3(245)) - 31cc92b9-dce5-4312-afa8-f8fbf4207340: shutdown group-F5E1443B2B7C
2019-07-13 07:46:53,428 INFO  util.JmxRegister (JmxRegister.java:unregister(73)) - Successfully un-registered JMX Bean with object name Ratis:service=RaftServer,group=group-F5E1443B2B7C,id=31cc92b9-dce5-4312-afa8-f8fbf4207340
2019-07-13 07:46:53,428 INFO  impl.RoleInfo (RoleInfo.java:shutdownFollowerState(121)) - 31cc92b9-dce5-4312-afa8-f8fbf4207340: shutdown FollowerState
2019-07-13 07:46:53,429 INFO  impl.StateMachineUpdater (StateMachineUpdater.java:stopAndJoin(115)) - StateMachineUpdater:31cc92b9-dce5-4312-afa8-f8fbf4207340:group-F5E1443B2B7C: set stopIndex = 6
2019-07-13 07:46:53,429 INFO  impl.FollowerState (FollowerState.java:run(114)) - 31cc92b9-dce5-4312-afa8-f8fbf4207340: FollowerState was interrupted: java.lang.InterruptedException: sleep interrupted
2019-07-13 07:46:53,429 INFO  ratis.ContainerStateMachine (ContainerStateMachine.java:takeSnapshot(246)) - Taking snapshot at termIndex:(t:2, i:4)
2019-07-13 07:46:53,431 INFO  ratis.ContainerStateMachine (ContainerStateMachine.java:takeSnapshot(250)) - Taking a snapshot to file /tmp/workdir/hadoop-ozone/integration-test/target/test-dir/MiniOzoneClusterImpl-487749ed-5fa8-466c-a363-f34ace555a1b/datanode-5/data/ratis/839c12e0-1575-4b5c-9c26-f5e1443b2b7c/sm/snapshot.2_4
2019-07-13 07:46:53,431 INFO  impl.StateMachineUpdater (StateMachineUpdater.java:takeSnapshot(242)) - StateMachineUpdater:31cc92b9-dce5-4312-afa8-f8fbf4207340:group-F5E1443B2B7C: Took a snapshot at index 4
2019-07-13 07:46:53,431 INFO  impl.StateMachineUpdater (StateMachineUpdater.java:lambda$new$0(80)) - StateMachineUpdater:31cc92b9-dce5-4312-afa8-f8fbf4207340:group-F5E1443B2B7C: snapshotIndex: updateIncreasingly -1 -> 4
2019-07-13 07:46:53,431 INFO  impl.RaftServerImpl (ServerState.java:close(394)) - 31cc92b9-dce5-4312-afa8-f8fbf4207340:group-F5E1443B2B7C closes. The last applied log index is 6
2019-07-13 07:46:53,432 INFO  segmented.SegmentedRaftLogWorker (SegmentedRaftLogWorker.java:run(313)) - 31cc92b9-dce5-4312-afa8-f8fbf4207340-SegmentedRaftLogWorker:Storage Directory /tmp/workdir/hadoop-ozone/integration-test/target/test-dir/MiniOzoneClusterImpl-487749ed-5fa8-466c-a363-f34ace555a1b/datanode-5/data/ratis/839c12e0-1575-4b5c-9c26-f5e1443b2b7c was interrupted, exiting. There are 0 tasks remaining in the queue.
2019-07-13 07:46:53,432 INFO  segmented.SegmentedRaftLogWorker (SegmentedRaftLogWorker.java:close(228)) - 31cc92b9-dce5-4312-afa8-f8fbf4207340-SegmentedRaftLogWorker:Storage Directory /tmp/workdir/hadoop-ozone/integration-test/target/test-dir/MiniOzoneClusterImpl-487749ed-5fa8-466c-a363-f34ace555a1b/datanode-5/data/ratis/839c12e0-1575-4b5c-9c26-f5e1443b2b7c close()
2019-07-13 07:46:53,433 INFO  server.GrpcService (GrpcService.java:closeImpl(155)) - 31cc92b9-dce5-4312-afa8-f8fbf4207340: shutdown server with port 46028 now
2019-07-13 07:46:53,436 INFO  server.GrpcService (GrpcService.java:closeImpl(163)) - 31cc92b9-dce5-4312-afa8-f8fbf4207340: shutdown server with port 46028 successfully
2019-07-13 07:46:53,437 INFO  utils.BackgroundService (BackgroundService.java:shutdown(148)) - Shutting down service BlockDeletingService
2019-07-13 07:46:53,439 WARN  fs.CachingGetSpaceUsed (CachingGetSpaceUsed.java:run(183)) - Thread Interrupted waiting to refresh disk information: sleep interrupted
2019-07-13 07:46:53,458 INFO  statemachine.DatanodeStateMachine (DatanodeStateMachine.java:stopDaemon(395)) - Ozone container server stopped.
2019-07-13 07:46:53,479 INFO  handler.ContextHandler (ContextHandler.java:doStop(910)) - Stopped o.e.j.w.WebAppContext@3fe98084{/,null,UNAVAILABLE}{/hddsDatanode}
2019-07-13 07:46:53,480 INFO  server.AbstractConnector (AbstractConnector.java:doStop(318)) - Stopped ServerConnector@5f33e6d{HTTP/1.1,[http/1.1]}{0.0.0.0:0}
2019-07-13 07:46:53,481 INFO  handler.ContextHandler (ContextHandler.java:doStop(910)) - Stopped o.e.j.s.ServletContextHandler@1115be8c{/static,jar:file:/home/user/.m2/repository/org/apache/hadoop/hadoop-hdds-container-service/0.5.0-SNAPSHOT/hadoop-hdds-container-service-0.5.0-SNAPSHOT.jar!/webapps/static,UNAVAILABLE}
2019-07-13 07:46:53,482 INFO  handler.ContextHandler (ContextHandler.java:doStop(910)) - Stopped o.e.j.s.ServletContextHandler@120d6cbf{/logs,file:///tmp/workdir/hadoop-ozone/integration-test/target/log,UNAVAILABLE}
2019-07-13 07:46:53,484 INFO  ozone.MiniOzoneClusterImpl (MiniOzoneClusterImpl.java:stop(353)) - Stopping the StorageContainerManager
2019-07-13 07:46:53,484 INFO  server.StorageContainerManager (StorageContainerManager.java:stop(796)) - Stopping Replication Manager Service.
2019-07-13 07:46:53,484 INFO  container.ReplicationManager (ReplicationManager.java:stop(187)) - Stopping Replication Monitor Thread.
2019-07-13 07:46:53,484 INFO  server.StorageContainerManager (StorageContainerManager.java:stop(803)) - Stopping Lease Manager of the command watchers
2019-07-13 07:46:53,485 INFO  server.StorageContainerManager (StorageContainerManager.java:stop(810)) - Stopping datanode service RPC server
2019-07-13 07:46:53,485 INFO  server.SCMDatanodeProtocolServer (SCMDatanodeProtocolServer.java:stop(375)) - Stopping the RPC server for DataNodes
2019-07-13 07:46:53,485 INFO  ipc.Server (Server.java:stop(3082)) - Stopping server on 43642
2019-07-13 07:46:53,488 INFO  ipc.Server (Server.java:run(1185)) - Stopping IPC Server listener on 43642
2019-07-13 07:46:53,488 INFO  ipc.Server (Server.java:run(1319)) - Stopping IPC Server Responder
2019-07-13 07:46:53,573 WARN  node.NodeStateManager (NodeStateManager.java:scheduleNextHealthCheck(631)) - Current Thread is interrupted, shutting down HB processing thread for Node Manager.
2019-07-13 07:46:53,574 INFO  server.StorageContainerManager (StorageContainerManager.java:stop(818)) - Stopping block service RPC server
2019-07-13 07:46:53,574 INFO  server.SCMBlockProtocolServer (SCMBlockProtocolServer.java:stop(148)) - Stopping the RPC server for Block Protocol
2019-07-13 07:46:53,574 INFO  ipc.Server (Server.java:stop(3082)) - Stopping server on 33949
2019-07-13 07:46:53,576 INFO  server.StorageContainerManager (StorageContainerManager.java:stop(825)) - Stopping the StorageContainerLocationProtocol RPC server
2019-07-13 07:46:53,577 INFO  server.SCMClientProtocolServer (SCMClientProtocolServer.java:stop(157)) - Stopping the RPC server for Client Protocol
2019-07-13 07:46:53,577 INFO  ipc.Server (Server.java:run(1319)) - Stopping IPC Server Responder
2019-07-13 07:46:53,577 INFO  ipc.Server (Server.java:stop(3082)) - Stopping server on 46595
2019-07-13 07:46:53,577 INFO  ipc.Server (Server.java:run(1185)) - Stopping IPC Server listener on 33949
2019-07-13 07:46:53,579 INFO  server.StorageContainerManager (StorageContainerManager.java:stop(832)) - Stopping Storage Container Manager HTTP server.
2019-07-13 07:46:53,580 INFO  handler.ContextHandler (ContextHandler.java:doStop(910)) - Stopped o.e.j.w.WebAppContext@1b4a3a1{/,null,UNAVAILABLE}{/scm}
2019-07-13 07:46:53,580 INFO  ipc.Server (Server.java:run(1319)) - Stopping IPC Server Responder
2019-07-13 07:46:53,580 INFO  ipc.Server (Server.java:run(1185)) - Stopping IPC Server listener on 46595
2019-07-13 07:46:53,582 INFO  server.AbstractConnector (AbstractConnector.java:doStop(318)) - Stopped ServerConnector@7e848aea{HTTP/1.1,[http/1.1]}{0.0.0.0:0}
2019-07-13 07:46:53,582 INFO  handler.ContextHandler (ContextHandler.java:doStop(910)) - Stopped o.e.j.s.ServletContextHandler@4c2ab536{/static,file:///tmp/workdir/hadoop-ozone/integration-test/target/test-classes/webapps/static,UNAVAILABLE}
2019-07-13 07:46:53,583 INFO  handler.ContextHandler (ContextHandler.java:doStop(910)) - Stopped o.e.j.s.ServletContextHandler@2154652c{/logs,file:///tmp/workdir/hadoop-ozone/integration-test/target/log,UNAVAILABLE}
2019-07-13 07:46:53,584 INFO  server.StorageContainerManager (StorageContainerManager.java:stop(843)) - Stopping Block Manager Service.
2019-07-13 07:46:53,585 INFO  utils.BackgroundService (BackgroundService.java:shutdown(148)) - Shutting down service SCMBlockDeletingService
2019-07-13 07:46:53,585 INFO  utils.BackgroundService (BackgroundService.java:shutdown(148)) - Shutting down service SCMBlockDeletingService
2019-07-13 07:46:53,586 INFO  server.StorageContainerManager (StorageContainerManager.java:stop(865)) - Stopping SCM Event Queue.
2019-07-13 07:46:53,590 INFO  impl.MetricsSystemImpl (MetricsSystemImpl.java:stop(210)) - Stopping HddsDatanode metrics system...
2019-07-13 07:46:53,595 INFO  impl.MetricsSystemImpl (MetricsSystemImpl.java:stop(216)) - HddsDatanode metrics system stopped.
]]></system-out>
    <system-err><![CDATA[Jul 13, 2019 7:46:16 AM com.sun.jersey.server.impl.application.WebApplicationImpl _initiate
INFO: Initiating Jersey application, version 'Jersey: 1.19 02/11/2015 03:25 AM'
Jul 13, 2019 7:46:16 AM com.sun.jersey.server.impl.application.WebApplicationImpl _initiate
INFO: Initiating Jersey application, version 'Jersey: 1.19 02/11/2015 03:25 AM'
Jul 13, 2019 7:46:17 AM com.sun.jersey.server.impl.application.WebApplicationImpl _initiate
INFO: Initiating Jersey application, version 'Jersey: 1.19 02/11/2015 03:25 AM'
Jul 13, 2019 7:46:17 AM com.sun.jersey.server.impl.application.WebApplicationImpl _initiate
INFO: Initiating Jersey application, version 'Jersey: 1.19 02/11/2015 03:25 AM'
Jul 13, 2019 7:46:17 AM com.sun.jersey.server.impl.application.WebApplicationImpl _initiate
INFO: Initiating Jersey application, version 'Jersey: 1.19 02/11/2015 03:25 AM'
Jul 13, 2019 7:46:17 AM com.sun.jersey.server.impl.application.WebApplicationImpl _initiate
INFO: Initiating Jersey application, version 'Jersey: 1.19 02/11/2015 03:25 AM'
Jul 13, 2019 7:46:18 AM com.sun.jersey.server.impl.application.WebApplicationImpl _initiate
INFO: Initiating Jersey application, version 'Jersey: 1.19 02/11/2015 03:25 AM'
]]></system-err>
  </testcase>
</testsuite>