<?xml version="1.0" encoding="UTF-8"?>
<testsuite xmlns:xsi="http://www.w3.org/2001/XMLSchema-instance" xsi:noNamespaceSchemaLocation="https://maven.apache.org/surefire/maven-surefire-plugin/xsd/surefire-test-report.xsd" name="org.apache.hadoop.ozone.client.rpc.TestFailureHandlingByClient" time="184.459" tests="7" errors="2" skipped="0" failures="2">
  <properties>
    <property name="awt.toolkit" value="sun.awt.X11.XToolkit"/>
    <property name="file.encoding.pkg" value="sun.io"/>
    <property name="java.specification.version" value="1.8"/>
    <property name="sun.cpu.isalist" value=""/>
    <property name="sun.jnu.encoding" value="UTF-8"/>
    <property name="java.class.path" value="/tmp/workdir/hadoop-ozone/integration-test/target/test-classes:/tmp/workdir/hadoop-ozone/integration-test/target/classes:/home/user/.m2/repository/org/apache/hadoop/hadoop-ozone-common/0.5.0-SNAPSHOT/hadoop-ozone-common-0.5.0-SNAPSHOT.jar:/home/user/.m2/repository/org/apache/commons/commons-compress/1.4.1/commons-compress-1.4.1.jar:/home/user/.m2/repository/org/tukaani/xz/1.0/xz-1.0.jar:/home/user/.m2/repository/org/apache/hadoop/hadoop-common/3.2.0/hadoop-common-3.2.0.jar:/home/user/.m2/repository/org/apache/hadoop/hadoop-hdfs/3.2.0/hadoop-hdfs-3.2.0.jar:/home/user/.m2/repository/org/apache/hadoop/hadoop-hdfs-client/3.2.0/hadoop-hdfs-client-3.2.0.jar:/home/user/.m2/repository/com/fasterxml/jackson/core/jackson-annotations/2.9.5/jackson-annotations-2.9.5.jar:/home/user/.m2/repository/org/apache/hadoop/hadoop-hdds-common/0.5.0-SNAPSHOT/hadoop-hdds-common-0.5.0-SNAPSHOT.jar:/home/user/.m2/repository/javax/annotation/javax.annotation-api/1.2/javax.annotation-api-1.2.jar:/home/user/.m2/repository/org/apache/ratis/ratis-server/0.4.0-2337318-SNAPSHOT/ratis-server-0.4.0-2337318-SNAPSHOT.jar:/home/user/.m2/repository/org/apache/ratis/ratis-thirdparty-misc/0.2.0/ratis-thirdparty-misc-0.2.0.jar:/home/user/.m2/repository/org/apache/ratis/ratis-proto/0.4.0-2337318-SNAPSHOT/ratis-proto-0.4.0-2337318-SNAPSHOT.jar:/home/user/.m2/repository/org/apache/ratis/ratis-common/0.4.0-2337318-SNAPSHOT/ratis-common-0.4.0-2337318-SNAPSHOT.jar:/home/user/.m2/repository/org/apache/ratis/ratis-client/0.4.0-2337318-SNAPSHOT/ratis-client-0.4.0-2337318-SNAPSHOT.jar:/home/user/.m2/repository/org/apache/ratis/ratis-metrics/0.4.0-2337318-SNAPSHOT/ratis-metrics-0.4.0-2337318-SNAPSHOT.jar:/home/user/.m2/repository/org/apache/ratis/ratis-netty/0.4.0-2337318-SNAPSHOT/ratis-netty-0.4.0-2337318-SNAPSHOT.jar:/home/user/.m2/repository/org/apache/ratis/ratis-grpc/0.4.0-2337318-SNAPSHOT/ratis-grpc-0.4.0-2337318-SNAPSHOT.jar:/home/user/.m2/repository/org/rocksdb/rocksdbjni/6.0.1/rocksdbjni-6.0.1.jar:/home/user/.m2/repository/org/apache/logging/log4j/log4j-api/2.11.0/log4j-api-2.11.0.jar:/home/user/.m2/repository/org/apache/logging/log4j/log4j-core/2.11.0/log4j-core-2.11.0.jar:/home/user/.m2/repository/com/lmax/disruptor/3.4.2/disruptor-3.4.2.jar:/home/user/.m2/repository/org/apache/commons/commons-pool2/2.6.0/commons-pool2-2.6.0.jar:/home/user/.m2/repository/org/bouncycastle/bcpkix-jdk15on/1.60/bcpkix-jdk15on-1.60.jar:/home/user/.m2/repository/commons-validator/commons-validator/1.6/commons-validator-1.6.jar:/home/user/.m2/repository/commons-digester/commons-digester/1.8.1/commons-digester-1.8.1.jar:/home/user/.m2/repository/io/jaegertracing/jaeger-client/0.33.1/jaeger-client-0.33.1.jar:/home/user/.m2/repository/io/jaegertracing/jaeger-thrift/0.33.1/jaeger-thrift-0.33.1.jar:/home/user/.m2/repository/org/apache/thrift/libthrift/0.11.0/libthrift-0.11.0.jar:/home/user/.m2/repository/com/squareup/okhttp3/okhttp/3.9.0/okhttp-3.9.0.jar:/home/user/.m2/repository/com/squareup/okio/okio/1.13.0/okio-1.13.0.jar:/home/user/.m2/repository/io/jaegertracing/jaeger-core/0.33.1/jaeger-core-0.33.1.jar:/home/user/.m2/repository/io/jaegertracing/jaeger-tracerresolver/0.33.1/jaeger-tracerresolver-0.33.1.jar:/home/user/.m2/repository/io/opentracing/contrib/opentracing-tracerresolver/0.1.5/opentracing-tracerresolver-0.1.5.jar:/home/user/.m2/repository/io/opentracing/opentracing-util/0.31.0/opentracing-util-0.31.0.jar:/home/user/.m2/repository/io/opentracing/opentracing-api/0.31.0/opentracing-api-0.31.0.jar:/home/user/.m2/repository/io/opentracing/opentracing-noop/0.31.0/opentracing-noop-0.31.0.jar:/home/user/.m2/repository/org/apache/hadoop/hadoop-hdds-server-framework/0.5.0-SNAPSHOT/hadoop-hdds-server-framework-0.5.0-SNAPSHOT.jar:/home/user/.m2/repository/org/apache/hadoop/hadoop-hdds-container-service/0.5.0-SNAPSHOT/hadoop-hdds-container-service-0.5.0-SNAPSHOT.jar:/home/user/.m2/repository/org/apache/hadoop/hadoop-hdds-client/0.5.0-SNAPSHOT/hadoop-hdds-client-0.5.0-SNAPSHOT.jar:/home/user/.m2/repository/org/apache/hadoop/hadoop-hdds-tools/0.5.0-SNAPSHOT/hadoop-hdds-tools-0.5.0-SNAPSHOT.jar:/home/user/.m2/repository/org/apache/hadoop/hadoop-hdds-server-scm/0.5.0-SNAPSHOT/hadoop-hdds-server-scm-0.5.0-SNAPSHOT.jar:/home/user/.m2/repository/org/apache/hadoop/hadoop-hdds-docs/0.5.0-SNAPSHOT/hadoop-hdds-docs-0.5.0-SNAPSHOT.jar:/home/user/.m2/repository/io/dropwizard/metrics/metrics-core/3.2.4/metrics-core-3.2.4.jar:/home/user/.m2/repository/org/hamcrest/hamcrest-all/1.3/hamcrest-all-1.3.jar:/home/user/.m2/repository/org/bouncycastle/bcprov-jdk15on/1.60/bcprov-jdk15on-1.60.jar:/home/user/.m2/repository/info/picocli/picocli/3.9.6/picocli-3.9.6.jar:/home/user/.m2/repository/com/google/protobuf/protobuf-java/2.5.0/protobuf-java-2.5.0.jar:/home/user/.m2/repository/com/google/guava/guava/11.0.2/guava-11.0.2.jar:/home/user/.m2/repository/org/apache/hadoop/hadoop-ozone-ozone-manager/0.5.0-SNAPSHOT/hadoop-ozone-ozone-manager-0.5.0-SNAPSHOT.jar:/home/user/.m2/repository/org/apache/hadoop/hadoop-minikdc/3.2.0/hadoop-minikdc-3.2.0.jar:/home/user/.m2/repository/commons-io/commons-io/2.5/commons-io-2.5.jar:/home/user/.m2/repository/org/apache/kerby/kerb-simplekdc/1.0.1/kerb-simplekdc-1.0.1.jar:/home/user/.m2/repository/org/apache/kerby/kerb-client/1.0.1/kerb-client-1.0.1.jar:/home/user/.m2/repository/org/apache/kerby/kerby-config/1.0.1/kerby-config-1.0.1.jar:/home/user/.m2/repository/org/apache/kerby/kerb-core/1.0.1/kerb-core-1.0.1.jar:/home/user/.m2/repository/org/apache/kerby/kerby-pkix/1.0.1/kerby-pkix-1.0.1.jar:/home/user/.m2/repository/org/apache/kerby/kerby-asn1/1.0.1/kerby-asn1-1.0.1.jar:/home/user/.m2/repository/org/apache/kerby/kerby-util/1.0.1/kerby-util-1.0.1.jar:/home/user/.m2/repository/org/apache/kerby/kerb-common/1.0.1/kerb-common-1.0.1.jar:/home/user/.m2/repository/org/apache/kerby/kerb-crypto/1.0.1/kerb-crypto-1.0.1.jar:/home/user/.m2/repository/org/apache/kerby/kerb-util/1.0.1/kerb-util-1.0.1.jar:/home/user/.m2/repository/org/apache/kerby/token-provider/1.0.1/token-provider-1.0.1.jar:/home/user/.m2/repository/org/apache/kerby/kerb-admin/1.0.1/kerb-admin-1.0.1.jar:/home/user/.m2/repository/org/apache/kerby/kerb-server/1.0.1/kerb-server-1.0.1.jar:/home/user/.m2/repository/org/apache/kerby/kerb-identity/1.0.1/kerb-identity-1.0.1.jar:/home/user/.m2/repository/org/apache/kerby/kerby-xdr/1.0.1/kerby-xdr-1.0.1.jar:/home/user/.m2/repository/org/slf4j/slf4j-log4j12/1.7.25/slf4j-log4j12-1.7.25.jar:/home/user/.m2/repository/org/apache/hadoop/hadoop-ozone-objectstore-service/0.5.0-SNAPSHOT/hadoop-ozone-objectstore-service-0.5.0-SNAPSHOT.jar:/home/user/.m2/repository/org/apache/hadoop/hadoop-ozone-s3gateway/0.5.0-SNAPSHOT/hadoop-ozone-s3gateway-0.5.0-SNAPSHOT.jar:/home/user/.m2/repository/org/jboss/weld/servlet/weld-servlet/2.4.7.Final/weld-servlet-2.4.7.Final.jar:/home/user/.m2/repository/org/glassfish/jersey/containers/jersey-container-servlet-core/2.27/jersey-container-servlet-core-2.27.jar:/home/user/.m2/repository/org/glassfish/hk2/external/javax.inject/2.5.0-b42/javax.inject-2.5.0-b42.jar:/home/user/.m2/repository/org/glassfish/jersey/core/jersey-common/2.27/jersey-common-2.27.jar:/home/user/.m2/repository/org/glassfish/hk2/osgi-resource-locator/1.0.1/osgi-resource-locator-1.0.1.jar:/home/user/.m2/repository/javax/ws/rs/javax.ws.rs-api/2.1/javax.ws.rs-api-2.1.jar:/home/user/.m2/repository/org/glassfish/jersey/ext/cdi/jersey-cdi1x/2.27/jersey-cdi1x-2.27.jar:/home/user/.m2/repository/org/glassfish/jersey/inject/jersey-hk2/2.27/jersey-hk2-2.27.jar:/home/user/.m2/repository/org/glassfish/hk2/hk2-locator/2.5.0-b42/hk2-locator-2.5.0-b42.jar:/home/user/.m2/repository/org/javassist/javassist/3.22.0-CR2/javassist-3.22.0-CR2.jar:/home/user/.m2/repository/org/glassfish/hk2/hk2-api/2.5.0/hk2-api-2.5.0.jar:/home/user/.m2/repository/org/glassfish/hk2/external/jakarta.inject/2.5.0/jakarta.inject-2.5.0.jar:/home/user/.m2/repository/org/glassfish/hk2/hk2-utils/2.5.0/hk2-utils-2.5.0.jar:/home/user/.m2/repository/jakarta/annotation/jakarta.annotation-api/1.3.4/jakarta.annotation-api-1.3.4.jar:/home/user/.m2/repository/org/glassfish/hk2/external/aopalliance-repackaged/2.5.0/aopalliance-repackaged-2.5.0.jar:/home/user/.m2/repository/com/fasterxml/jackson/dataformat/jackson-dataformat-xml/2.9.0/jackson-dataformat-xml-2.9.0.jar:/home/user/.m2/repository/com/fasterxml/jackson/core/jackson-core/2.9.5/jackson-core-2.9.5.jar:/home/user/.m2/repository/com/fasterxml/jackson/module/jackson-module-jaxb-annotations/2.9.5/jackson-module-jaxb-annotations-2.9.5.jar:/home/user/.m2/repository/javax/enterprise/cdi-api/1.2/cdi-api-1.2.jar:/home/user/.m2/repository/javax/el/javax.el-api/3.0.0/javax.el-api-3.0.0.jar:/home/user/.m2/repository/javax/interceptor/javax.interceptor-api/1.2/javax.interceptor-api-1.2.jar:/home/user/.m2/repository/javax/inject/javax.inject/1/javax.inject-1.jar:/home/user/.m2/repository/com/sun/xml/bind/jaxb-impl/2.3.0.1/jaxb-impl-2.3.0.1.jar:/home/user/.m2/repository/com/sun/xml/bind/jaxb-core/2.3.0.1/jaxb-core-2.3.0.1.jar:/home/user/.m2/repository/javax/xml/bind/jaxb-api/2.3.0/jaxb-api-2.3.0.jar:/home/user/.m2/repository/javax/activation/activation/1.1.1/activation-1.1.1.jar:/home/user/.m2/repository/org/apache/hadoop/hadoop-ozone-csi/0.5.0-SNAPSHOT/hadoop-ozone-csi-0.5.0-SNAPSHOT.jar:/home/user/.m2/repository/com/google/protobuf/protobuf-java-util/3.5.1/protobuf-java-util-3.5.1.jar:/home/user/.m2/repository/org/apache/hadoop/hadoop-hdds-config/0.5.0-SNAPSHOT/hadoop-hdds-config-0.5.0-SNAPSHOT.jar:/home/user/.m2/repository/io/grpc/grpc-netty/1.17.1/grpc-netty-1.17.1.jar:/home/user/.m2/repository/io/grpc/grpc-core/1.17.1/grpc-core-1.17.1.jar:/home/user/.m2/repository/io/grpc/grpc-context/1.17.1/grpc-context-1.17.1.jar:/home/user/.m2/repository/com/google/errorprone/error_prone_annotations/2.2.0/error_prone_annotations-2.2.0.jar:/home/user/.m2/repository/org/codehaus/mojo/animal-sniffer-annotations/1.17/animal-sniffer-annotations-1.17.jar:/home/user/.m2/repository/io/opencensus/opencensus-api/0.17.0/opencensus-api-0.17.0.jar:/home/user/.m2/repository/io/opencensus/opencensus-contrib-grpc-metrics/0.17.0/opencensus-contrib-grpc-metrics-0.17.0.jar:/home/user/.m2/repository/io/netty/netty-codec-http2/4.1.30.Final/netty-codec-http2-4.1.30.Final.jar:/home/user/.m2/repository/io/netty/netty-codec-http/4.1.30.Final/netty-codec-http-4.1.30.Final.jar:/home/user/.m2/repository/io/netty/netty-codec/4.1.30.Final/netty-codec-4.1.30.Final.jar:/home/user/.m2/repository/io/netty/netty-handler/4.1.30.Final/netty-handler-4.1.30.Final.jar:/home/user/.m2/repository/io/netty/netty-handler-proxy/4.1.30.Final/netty-handler-proxy-4.1.30.Final.jar:/home/user/.m2/repository/io/netty/netty-codec-socks/4.1.30.Final/netty-codec-socks-4.1.30.Final.jar:/home/user/.m2/repository/io/netty/netty-transport-native-epoll/4.1.30.Final/netty-transport-native-epoll-4.1.30.Final.jar:/home/user/.m2/repository/io/netty/netty-common/4.1.30.Final/netty-common-4.1.30.Final.jar:/home/user/.m2/repository/io/netty/netty-buffer/4.1.30.Final/netty-buffer-4.1.30.Final.jar:/home/user/.m2/repository/io/netty/netty-transport/4.1.30.Final/netty-transport-4.1.30.Final.jar:/home/user/.m2/repository/io/netty/netty-resolver/4.1.30.Final/netty-resolver-4.1.30.Final.jar:/home/user/.m2/repository/io/netty/netty-transport-native-unix-common/4.1.30.Final/netty-transport-native-unix-common-4.1.30.Final.jar:/home/user/.m2/repository/io/grpc/grpc-protobuf/1.17.1/grpc-protobuf-1.17.1.jar:/home/user/.m2/repository/com/google/api/grpc/proto-google-common-protos/1.0.0/proto-google-common-protos-1.0.0.jar:/home/user/.m2/repository/io/grpc/grpc-protobuf-lite/1.17.1/grpc-protobuf-lite-1.17.1.jar:/home/user/.m2/repository/io/grpc/grpc-stub/1.17.1/grpc-stub-1.17.1.jar:/home/user/.m2/repository/org/apache/hadoop/hadoop-ozone-recon/0.5.0-SNAPSHOT/hadoop-ozone-recon-0.5.0-SNAPSHOT.jar:/home/user/.m2/repository/org/apache/hadoop/hadoop-ozone-reconcodegen/0.5.0-SNAPSHOT/hadoop-ozone-reconcodegen-0.5.0-SNAPSHOT.jar:/home/user/.m2/repository/com/google/inject/extensions/guice-multibindings/4.0/guice-multibindings-4.0.jar:/home/user/.m2/repository/com/google/inject/guice/4.0/guice-4.0.jar:/home/user/.m2/repository/aopalliance/aopalliance/1.0/aopalliance-1.0.jar:/home/user/.m2/repository/com/google/inject/extensions/guice-servlet/4.0/guice-servlet-4.0.jar:/home/user/.m2/repository/org/glassfish/jersey/containers/jersey-container-servlet/2.27/jersey-container-servlet-2.27.jar:/home/user/.m2/repository/org/glassfish/hk2/guice-bridge/2.5.0/guice-bridge-2.5.0.jar:/home/user/.m2/repository/org/glassfish/jersey/core/jersey-server/2.27/jersey-server-2.27.jar:/home/user/.m2/repository/org/glassfish/jersey/core/jersey-client/2.27/jersey-client-2.27.jar:/home/user/.m2/repository/org/glassfish/jersey/media/jersey-media-jaxb/2.27/jersey-media-jaxb-2.27.jar:/home/user/.m2/repository/javax/validation/validation-api/1.1.0.Final/validation-api-1.1.0.Final.jar:/home/user/.m2/repository/org/glassfish/jersey/media/jersey-media-json-jackson/2.27/jersey-media-json-jackson-2.27.jar:/home/user/.m2/repository/org/glassfish/jersey/ext/jersey-entity-filtering/2.27/jersey-entity-filtering-2.27.jar:/home/user/.m2/repository/com/google/inject/extensions/guice-assistedinject/4.0/guice-assistedinject-4.0.jar:/home/user/.m2/repository/org/jooq/jooq/3.11.10/jooq-3.11.10.jar:/home/user/.m2/repository/org/jooq/jooq-meta/3.11.10/jooq-meta-3.11.10.jar:/home/user/.m2/repository/org/jooq/jooq-codegen/3.11.10/jooq-codegen-3.11.10.jar:/home/user/.m2/repository/com/jolbox/bonecp/0.8.0.RELEASE/bonecp-0.8.0.RELEASE.jar:/home/user/.m2/repository/org/xerial/sqlite-jdbc/3.25.2/sqlite-jdbc-3.25.2.jar:/home/user/.m2/repository/org/springframework/spring-jdbc/5.1.3.RELEASE/spring-jdbc-5.1.3.RELEASE.jar:/home/user/.m2/repository/org/springframework/spring-beans/5.1.3.RELEASE/spring-beans-5.1.3.RELEASE.jar:/home/user/.m2/repository/org/springframework/spring-core/5.1.3.RELEASE/spring-core-5.1.3.RELEASE.jar:/home/user/.m2/repository/org/springframework/spring-jcl/5.1.3.RELEASE/spring-jcl-5.1.3.RELEASE.jar:/home/user/.m2/repository/org/springframework/spring-tx/5.1.3.RELEASE/spring-tx-5.1.3.RELEASE.jar:/home/user/.m2/repository/org/apache/hadoop/hadoop-ozone-client/0.5.0-SNAPSHOT/hadoop-ozone-client-0.5.0-SNAPSHOT.jar:/home/user/.m2/repository/commons-lang/commons-lang/2.6/commons-lang-2.6.jar:/home/user/.m2/repository/org/apache/hadoop/hadoop-ozone-ozone-manager/0.5.0-SNAPSHOT/hadoop-ozone-ozone-manager-0.5.0-SNAPSHOT-tests.jar:/home/user/.m2/repository/junit/junit/4.11/junit-4.11.jar:/home/user/.m2/repository/org/hamcrest/hamcrest-core/1.3/hamcrest-core-1.3.jar:/home/user/.m2/repository/org/openjdk/jmh/jmh-core/1.19/jmh-core-1.19.jar:/home/user/.m2/repository/net/sf/jopt-simple/jopt-simple/4.6/jopt-simple-4.6.jar:/home/user/.m2/repository/org/apache/commons/commons-math3/3.1.1/commons-math3-3.1.1.jar:/home/user/.m2/repository/org/openjdk/jmh/jmh-generator-annprocess/1.19/jmh-generator-annprocess-1.19.jar:/home/user/.m2/repository/org/mockito/mockito-all/1.8.5/mockito-all-1.8.5.jar:/home/user/.m2/repository/org/apache/hadoop/hadoop-kms/3.2.0/hadoop-kms-3.2.0.jar:/home/user/.m2/repository/org/apache/hadoop/hadoop-auth/3.2.0/hadoop-auth-3.2.0.jar:/home/user/.m2/repository/com/nimbusds/nimbus-jose-jwt/4.41.1/nimbus-jose-jwt-4.41.1.jar:/home/user/.m2/repository/com/github/stephenc/jcip/jcip-annotations/1.0-1/jcip-annotations-1.0-1.jar:/home/user/.m2/repository/net/minidev/json-smart/2.3/json-smart-2.3.jar:/home/user/.m2/repository/net/minidev/accessors-smart/1.2/accessors-smart-1.2.jar:/home/user/.m2/repository/org/ow2/asm/asm/5.0.4/asm-5.0.4.jar:/home/user/.m2/repository/org/apache/curator/curator-framework/2.12.0/curator-framework-2.12.0.jar:/home/user/.m2/repository/com/sun/jersey/jersey-core/1.19/jersey-core-1.19.jar:/home/user/.m2/repository/javax/ws/rs/jsr311-api/1.1.1/jsr311-api-1.1.1.jar:/home/user/.m2/repository/com/sun/jersey/jersey-server/1.19/jersey-server-1.19.jar:/home/user/.m2/repository/javax/servlet/javax.servlet-api/3.1.0/javax.servlet-api-3.1.0.jar:/home/user/.m2/repository/org/eclipse/jetty/jetty-server/9.3.24.v20180605/jetty-server-9.3.24.v20180605.jar:/home/user/.m2/repository/org/eclipse/jetty/jetty-http/9.3.24.v20180605/jetty-http-9.3.24.v20180605.jar:/home/user/.m2/repository/org/eclipse/jetty/jetty-io/9.3.24.v20180605/jetty-io-9.3.24.v20180605.jar:/home/user/.m2/repository/org/eclipse/jetty/jetty-webapp/9.3.24.v20180605/jetty-webapp-9.3.24.v20180605.jar:/home/user/.m2/repository/org/eclipse/jetty/jetty-xml/9.3.24.v20180605/jetty-xml-9.3.24.v20180605.jar:/home/user/.m2/repository/log4j/log4j/1.2.17/log4j-1.2.17.jar:/home/user/.m2/repository/org/slf4j/slf4j-api/1.7.25/slf4j-api-1.7.25.jar:/home/user/.m2/repository/org/slf4j/jul-to-slf4j/1.7.25/jul-to-slf4j-1.7.25.jar:/home/user/.m2/repository/org/eclipse/jetty/jetty-util/9.3.24.v20180605/jetty-util-9.3.24.v20180605.jar:/home/user/.m2/repository/com/fasterxml/jackson/core/jackson-databind/2.9.5/jackson-databind-2.9.5.jar:/home/user/.m2/repository/org/apache/hadoop/hadoop-kms/3.2.0/hadoop-kms-3.2.0-tests.jar:/home/user/.m2/repository/org/apache/hadoop/hadoop-hdds-server-scm/0.5.0-SNAPSHOT/hadoop-hdds-server-scm-0.5.0-SNAPSHOT-tests.jar:/home/user/.m2/repository/org/apache/hadoop/hadoop-hdds-container-service/0.5.0-SNAPSHOT/hadoop-hdds-container-service-0.5.0-SNAPSHOT-tests.jar:/home/user/.m2/repository/org/yaml/snakeyaml/1.16/snakeyaml-1.16.jar:/home/user/.m2/repository/org/apache/hadoop/hadoop-common/3.2.0/hadoop-common-3.2.0-tests.jar:/home/user/.m2/repository/org/apache/hadoop/hadoop-annotations/3.2.0/hadoop-annotations-3.2.0.jar:/usr/lib/jvm/java-1.8-openjdk/jre/../lib/tools.jar:/home/user/.m2/repository/commons-cli/commons-cli/1.2/commons-cli-1.2.jar:/home/user/.m2/repository/org/apache/httpcomponents/httpclient/4.5.2/httpclient-4.5.2.jar:/home/user/.m2/repository/org/apache/httpcomponents/httpcore/4.4.4/httpcore-4.4.4.jar:/home/user/.m2/repository/commons-codec/commons-codec/1.11/commons-codec-1.11.jar:/home/user/.m2/repository/commons-net/commons-net/3.6/commons-net-3.6.jar:/home/user/.m2/repository/commons-collections/commons-collections/3.2.2/commons-collections-3.2.2.jar:/home/user/.m2/repository/org/eclipse/jetty/jetty-servlet/9.3.24.v20180605/jetty-servlet-9.3.24.v20180605.jar:/home/user/.m2/repository/org/eclipse/jetty/jetty-security/9.3.24.v20180605/jetty-security-9.3.24.v20180605.jar:/home/user/.m2/repository/javax/servlet/jsp/jsp-api/2.1/jsp-api-2.1.jar:/home/user/.m2/repository/com/sun/jersey/jersey-servlet/1.19/jersey-servlet-1.19.jar:/home/user/.m2/repository/com/sun/jersey/jersey-json/1.19/jersey-json-1.19.jar:/home/user/.m2/repository/org/codehaus/jettison/jettison/1.1/jettison-1.1.jar:/home/user/.m2/repository/org/codehaus/jackson/jackson-core-asl/1.9.13/jackson-core-asl-1.9.13.jar:/home/user/.m2/repository/org/codehaus/jackson/jackson-mapper-asl/1.9.13/jackson-mapper-asl-1.9.13.jar:/home/user/.m2/repository/org/codehaus/jackson/jackson-jaxrs/1.9.13/jackson-jaxrs-1.9.13.jar:/home/user/.m2/repository/org/codehaus/jackson/jackson-xc/1.9.13/jackson-xc-1.9.13.jar:/home/user/.m2/repository/commons-logging/commons-logging/1.1.3/commons-logging-1.1.3.jar:/home/user/.m2/repository/commons-beanutils/commons-beanutils/1.9.3/commons-beanutils-1.9.3.jar:/home/user/.m2/repository/org/apache/commons/commons-configuration2/2.1.1/commons-configuration2-2.1.1.jar:/home/user/.m2/repository/org/apache/commons/commons-lang3/3.7/commons-lang3-3.7.jar:/home/user/.m2/repository/org/apache/commons/commons-text/1.4/commons-text-1.4.jar:/home/user/.m2/repository/org/apache/avro/avro/1.7.7/avro-1.7.7.jar:/home/user/.m2/repository/com/thoughtworks/paranamer/paranamer/2.3/paranamer-2.3.jar:/home/user/.m2/repository/org/xerial/snappy/snappy-java/1.0.5/snappy-java-1.0.5.jar:/home/user/.m2/repository/com/google/re2j/re2j/1.1/re2j-1.1.jar:/home/user/.m2/repository/com/google/code/gson/gson/2.2.4/gson-2.2.4.jar:/home/user/.m2/repository/com/jcraft/jsch/0.1.54/jsch-0.1.54.jar:/home/user/.m2/repository/org/apache/curator/curator-client/2.12.0/curator-client-2.12.0.jar:/home/user/.m2/repository/org/apache/curator/curator-recipes/2.12.0/curator-recipes-2.12.0.jar:/home/user/.m2/repository/com/google/code/findbugs/jsr305/3.0.0/jsr305-3.0.0.jar:/home/user/.m2/repository/org/apache/htrace/htrace-core4/4.1.0-incubating/htrace-core4-4.1.0-incubating.jar:/home/user/.m2/repository/org/apache/zookeeper/zookeeper/3.4.13/zookeeper-3.4.13.jar:/home/user/.m2/repository/org/apache/yetus/audience-annotations/0.5.0/audience-annotations-0.5.0.jar:/home/user/.m2/repository/org/codehaus/woodstox/stax2-api/3.1.4/stax2-api-3.1.4.jar:/home/user/.m2/repository/com/fasterxml/woodstox/woodstox-core/5.0.3/woodstox-core-5.0.3.jar:/home/user/.m2/repository/dnsjava/dnsjava/2.1.7/dnsjava-2.1.7.jar:/home/user/.m2/repository/org/apache/hadoop/hadoop-hdfs/3.2.0/hadoop-hdfs-3.2.0-tests.jar:/home/user/.m2/repository/org/eclipse/jetty/jetty-util-ajax/9.3.24.v20180605/jetty-util-ajax-9.3.24.v20180605.jar:/home/user/.m2/repository/commons-daemon/commons-daemon/1.0.13/commons-daemon-1.0.13.jar:/home/user/.m2/repository/io/netty/netty/3.10.5.Final/netty-3.10.5.Final.jar:/home/user/.m2/repository/io/netty/netty-all/4.0.52.Final/netty-all-4.0.52.Final.jar:/home/user/.m2/repository/org/fusesource/leveldbjni/leveldbjni-all/1.8/leveldbjni-all-1.8.jar:"/>
    <property name="java.vm.vendor" value="IcedTea"/>
    <property name="sun.arch.data.model" value="64"/>
    <property name="test.build.dir" value="/tmp/workdir/hadoop-ozone/integration-test/target/test-dir"/>
    <property name="test.cache.data" value=""/>
    <property name="java.vendor.url" value="https://icedtea.classpath.org"/>
    <property name="user.timezone" value=""/>
    <property name="java.vm.specification.version" value="1.8"/>
    <property name="os.name" value="Linux"/>
    <property name="test.build.data" value="/tmp/workdir/hadoop-ozone/integration-test/target/test-dir"/>
    <property name="user.country" value="US"/>
    <property name="sun.java.launcher" value="SUN_STANDARD"/>
    <property name="sun.boot.library.path" value="/usr/lib/jvm/java-1.8-openjdk/jre/lib/amd64"/>
    <property name="sun.java.command" value="/tmp/workdir/hadoop-ozone/integration-test/target/surefire/surefirebooter2667849466686409805.jar /tmp/workdir/hadoop-ozone/integration-test/target/surefire 2019-07-13T06-34-03_108-jvmRun1 surefire8990577686284113941tmp surefire_657794364663544305614tmp"/>
    <property name="surefire.test.class.path" value="/tmp/workdir/hadoop-ozone/integration-test/target/test-classes:/tmp/workdir/hadoop-ozone/integration-test/target/classes:/home/user/.m2/repository/org/apache/hadoop/hadoop-ozone-common/0.5.0-SNAPSHOT/hadoop-ozone-common-0.5.0-SNAPSHOT.jar:/home/user/.m2/repository/org/apache/commons/commons-compress/1.4.1/commons-compress-1.4.1.jar:/home/user/.m2/repository/org/tukaani/xz/1.0/xz-1.0.jar:/home/user/.m2/repository/org/apache/hadoop/hadoop-common/3.2.0/hadoop-common-3.2.0.jar:/home/user/.m2/repository/org/apache/hadoop/hadoop-hdfs/3.2.0/hadoop-hdfs-3.2.0.jar:/home/user/.m2/repository/org/apache/hadoop/hadoop-hdfs-client/3.2.0/hadoop-hdfs-client-3.2.0.jar:/home/user/.m2/repository/com/fasterxml/jackson/core/jackson-annotations/2.9.5/jackson-annotations-2.9.5.jar:/home/user/.m2/repository/org/apache/hadoop/hadoop-hdds-common/0.5.0-SNAPSHOT/hadoop-hdds-common-0.5.0-SNAPSHOT.jar:/home/user/.m2/repository/javax/annotation/javax.annotation-api/1.2/javax.annotation-api-1.2.jar:/home/user/.m2/repository/org/apache/ratis/ratis-server/0.4.0-2337318-SNAPSHOT/ratis-server-0.4.0-2337318-SNAPSHOT.jar:/home/user/.m2/repository/org/apache/ratis/ratis-thirdparty-misc/0.2.0/ratis-thirdparty-misc-0.2.0.jar:/home/user/.m2/repository/org/apache/ratis/ratis-proto/0.4.0-2337318-SNAPSHOT/ratis-proto-0.4.0-2337318-SNAPSHOT.jar:/home/user/.m2/repository/org/apache/ratis/ratis-common/0.4.0-2337318-SNAPSHOT/ratis-common-0.4.0-2337318-SNAPSHOT.jar:/home/user/.m2/repository/org/apache/ratis/ratis-client/0.4.0-2337318-SNAPSHOT/ratis-client-0.4.0-2337318-SNAPSHOT.jar:/home/user/.m2/repository/org/apache/ratis/ratis-metrics/0.4.0-2337318-SNAPSHOT/ratis-metrics-0.4.0-2337318-SNAPSHOT.jar:/home/user/.m2/repository/org/apache/ratis/ratis-netty/0.4.0-2337318-SNAPSHOT/ratis-netty-0.4.0-2337318-SNAPSHOT.jar:/home/user/.m2/repository/org/apache/ratis/ratis-grpc/0.4.0-2337318-SNAPSHOT/ratis-grpc-0.4.0-2337318-SNAPSHOT.jar:/home/user/.m2/repository/org/rocksdb/rocksdbjni/6.0.1/rocksdbjni-6.0.1.jar:/home/user/.m2/repository/org/apache/logging/log4j/log4j-api/2.11.0/log4j-api-2.11.0.jar:/home/user/.m2/repository/org/apache/logging/log4j/log4j-core/2.11.0/log4j-core-2.11.0.jar:/home/user/.m2/repository/com/lmax/disruptor/3.4.2/disruptor-3.4.2.jar:/home/user/.m2/repository/org/apache/commons/commons-pool2/2.6.0/commons-pool2-2.6.0.jar:/home/user/.m2/repository/org/bouncycastle/bcpkix-jdk15on/1.60/bcpkix-jdk15on-1.60.jar:/home/user/.m2/repository/commons-validator/commons-validator/1.6/commons-validator-1.6.jar:/home/user/.m2/repository/commons-digester/commons-digester/1.8.1/commons-digester-1.8.1.jar:/home/user/.m2/repository/io/jaegertracing/jaeger-client/0.33.1/jaeger-client-0.33.1.jar:/home/user/.m2/repository/io/jaegertracing/jaeger-thrift/0.33.1/jaeger-thrift-0.33.1.jar:/home/user/.m2/repository/org/apache/thrift/libthrift/0.11.0/libthrift-0.11.0.jar:/home/user/.m2/repository/com/squareup/okhttp3/okhttp/3.9.0/okhttp-3.9.0.jar:/home/user/.m2/repository/com/squareup/okio/okio/1.13.0/okio-1.13.0.jar:/home/user/.m2/repository/io/jaegertracing/jaeger-core/0.33.1/jaeger-core-0.33.1.jar:/home/user/.m2/repository/io/jaegertracing/jaeger-tracerresolver/0.33.1/jaeger-tracerresolver-0.33.1.jar:/home/user/.m2/repository/io/opentracing/contrib/opentracing-tracerresolver/0.1.5/opentracing-tracerresolver-0.1.5.jar:/home/user/.m2/repository/io/opentracing/opentracing-util/0.31.0/opentracing-util-0.31.0.jar:/home/user/.m2/repository/io/opentracing/opentracing-api/0.31.0/opentracing-api-0.31.0.jar:/home/user/.m2/repository/io/opentracing/opentracing-noop/0.31.0/opentracing-noop-0.31.0.jar:/home/user/.m2/repository/org/apache/hadoop/hadoop-hdds-server-framework/0.5.0-SNAPSHOT/hadoop-hdds-server-framework-0.5.0-SNAPSHOT.jar:/home/user/.m2/repository/org/apache/hadoop/hadoop-hdds-container-service/0.5.0-SNAPSHOT/hadoop-hdds-container-service-0.5.0-SNAPSHOT.jar:/home/user/.m2/repository/org/apache/hadoop/hadoop-hdds-client/0.5.0-SNAPSHOT/hadoop-hdds-client-0.5.0-SNAPSHOT.jar:/home/user/.m2/repository/org/apache/hadoop/hadoop-hdds-tools/0.5.0-SNAPSHOT/hadoop-hdds-tools-0.5.0-SNAPSHOT.jar:/home/user/.m2/repository/org/apache/hadoop/hadoop-hdds-server-scm/0.5.0-SNAPSHOT/hadoop-hdds-server-scm-0.5.0-SNAPSHOT.jar:/home/user/.m2/repository/org/apache/hadoop/hadoop-hdds-docs/0.5.0-SNAPSHOT/hadoop-hdds-docs-0.5.0-SNAPSHOT.jar:/home/user/.m2/repository/io/dropwizard/metrics/metrics-core/3.2.4/metrics-core-3.2.4.jar:/home/user/.m2/repository/org/hamcrest/hamcrest-all/1.3/hamcrest-all-1.3.jar:/home/user/.m2/repository/org/bouncycastle/bcprov-jdk15on/1.60/bcprov-jdk15on-1.60.jar:/home/user/.m2/repository/info/picocli/picocli/3.9.6/picocli-3.9.6.jar:/home/user/.m2/repository/com/google/protobuf/protobuf-java/2.5.0/protobuf-java-2.5.0.jar:/home/user/.m2/repository/com/google/guava/guava/11.0.2/guava-11.0.2.jar:/home/user/.m2/repository/org/apache/hadoop/hadoop-ozone-ozone-manager/0.5.0-SNAPSHOT/hadoop-ozone-ozone-manager-0.5.0-SNAPSHOT.jar:/home/user/.m2/repository/org/apache/hadoop/hadoop-minikdc/3.2.0/hadoop-minikdc-3.2.0.jar:/home/user/.m2/repository/commons-io/commons-io/2.5/commons-io-2.5.jar:/home/user/.m2/repository/org/apache/kerby/kerb-simplekdc/1.0.1/kerb-simplekdc-1.0.1.jar:/home/user/.m2/repository/org/apache/kerby/kerb-client/1.0.1/kerb-client-1.0.1.jar:/home/user/.m2/repository/org/apache/kerby/kerby-config/1.0.1/kerby-config-1.0.1.jar:/home/user/.m2/repository/org/apache/kerby/kerb-core/1.0.1/kerb-core-1.0.1.jar:/home/user/.m2/repository/org/apache/kerby/kerby-pkix/1.0.1/kerby-pkix-1.0.1.jar:/home/user/.m2/repository/org/apache/kerby/kerby-asn1/1.0.1/kerby-asn1-1.0.1.jar:/home/user/.m2/repository/org/apache/kerby/kerby-util/1.0.1/kerby-util-1.0.1.jar:/home/user/.m2/repository/org/apache/kerby/kerb-common/1.0.1/kerb-common-1.0.1.jar:/home/user/.m2/repository/org/apache/kerby/kerb-crypto/1.0.1/kerb-crypto-1.0.1.jar:/home/user/.m2/repository/org/apache/kerby/kerb-util/1.0.1/kerb-util-1.0.1.jar:/home/user/.m2/repository/org/apache/kerby/token-provider/1.0.1/token-provider-1.0.1.jar:/home/user/.m2/repository/org/apache/kerby/kerb-admin/1.0.1/kerb-admin-1.0.1.jar:/home/user/.m2/repository/org/apache/kerby/kerb-server/1.0.1/kerb-server-1.0.1.jar:/home/user/.m2/repository/org/apache/kerby/kerb-identity/1.0.1/kerb-identity-1.0.1.jar:/home/user/.m2/repository/org/apache/kerby/kerby-xdr/1.0.1/kerby-xdr-1.0.1.jar:/home/user/.m2/repository/org/slf4j/slf4j-log4j12/1.7.25/slf4j-log4j12-1.7.25.jar:/home/user/.m2/repository/org/apache/hadoop/hadoop-ozone-objectstore-service/0.5.0-SNAPSHOT/hadoop-ozone-objectstore-service-0.5.0-SNAPSHOT.jar:/home/user/.m2/repository/org/apache/hadoop/hadoop-ozone-s3gateway/0.5.0-SNAPSHOT/hadoop-ozone-s3gateway-0.5.0-SNAPSHOT.jar:/home/user/.m2/repository/org/jboss/weld/servlet/weld-servlet/2.4.7.Final/weld-servlet-2.4.7.Final.jar:/home/user/.m2/repository/org/glassfish/jersey/containers/jersey-container-servlet-core/2.27/jersey-container-servlet-core-2.27.jar:/home/user/.m2/repository/org/glassfish/hk2/external/javax.inject/2.5.0-b42/javax.inject-2.5.0-b42.jar:/home/user/.m2/repository/org/glassfish/jersey/core/jersey-common/2.27/jersey-common-2.27.jar:/home/user/.m2/repository/org/glassfish/hk2/osgi-resource-locator/1.0.1/osgi-resource-locator-1.0.1.jar:/home/user/.m2/repository/javax/ws/rs/javax.ws.rs-api/2.1/javax.ws.rs-api-2.1.jar:/home/user/.m2/repository/org/glassfish/jersey/ext/cdi/jersey-cdi1x/2.27/jersey-cdi1x-2.27.jar:/home/user/.m2/repository/org/glassfish/jersey/inject/jersey-hk2/2.27/jersey-hk2-2.27.jar:/home/user/.m2/repository/org/glassfish/hk2/hk2-locator/2.5.0-b42/hk2-locator-2.5.0-b42.jar:/home/user/.m2/repository/org/javassist/javassist/3.22.0-CR2/javassist-3.22.0-CR2.jar:/home/user/.m2/repository/org/glassfish/hk2/hk2-api/2.5.0/hk2-api-2.5.0.jar:/home/user/.m2/repository/org/glassfish/hk2/external/jakarta.inject/2.5.0/jakarta.inject-2.5.0.jar:/home/user/.m2/repository/org/glassfish/hk2/hk2-utils/2.5.0/hk2-utils-2.5.0.jar:/home/user/.m2/repository/jakarta/annotation/jakarta.annotation-api/1.3.4/jakarta.annotation-api-1.3.4.jar:/home/user/.m2/repository/org/glassfish/hk2/external/aopalliance-repackaged/2.5.0/aopalliance-repackaged-2.5.0.jar:/home/user/.m2/repository/com/fasterxml/jackson/dataformat/jackson-dataformat-xml/2.9.0/jackson-dataformat-xml-2.9.0.jar:/home/user/.m2/repository/com/fasterxml/jackson/core/jackson-core/2.9.5/jackson-core-2.9.5.jar:/home/user/.m2/repository/com/fasterxml/jackson/module/jackson-module-jaxb-annotations/2.9.5/jackson-module-jaxb-annotations-2.9.5.jar:/home/user/.m2/repository/javax/enterprise/cdi-api/1.2/cdi-api-1.2.jar:/home/user/.m2/repository/javax/el/javax.el-api/3.0.0/javax.el-api-3.0.0.jar:/home/user/.m2/repository/javax/interceptor/javax.interceptor-api/1.2/javax.interceptor-api-1.2.jar:/home/user/.m2/repository/javax/inject/javax.inject/1/javax.inject-1.jar:/home/user/.m2/repository/com/sun/xml/bind/jaxb-impl/2.3.0.1/jaxb-impl-2.3.0.1.jar:/home/user/.m2/repository/com/sun/xml/bind/jaxb-core/2.3.0.1/jaxb-core-2.3.0.1.jar:/home/user/.m2/repository/javax/xml/bind/jaxb-api/2.3.0/jaxb-api-2.3.0.jar:/home/user/.m2/repository/javax/activation/activation/1.1.1/activation-1.1.1.jar:/home/user/.m2/repository/org/apache/hadoop/hadoop-ozone-csi/0.5.0-SNAPSHOT/hadoop-ozone-csi-0.5.0-SNAPSHOT.jar:/home/user/.m2/repository/com/google/protobuf/protobuf-java-util/3.5.1/protobuf-java-util-3.5.1.jar:/home/user/.m2/repository/org/apache/hadoop/hadoop-hdds-config/0.5.0-SNAPSHOT/hadoop-hdds-config-0.5.0-SNAPSHOT.jar:/home/user/.m2/repository/io/grpc/grpc-netty/1.17.1/grpc-netty-1.17.1.jar:/home/user/.m2/repository/io/grpc/grpc-core/1.17.1/grpc-core-1.17.1.jar:/home/user/.m2/repository/io/grpc/grpc-context/1.17.1/grpc-context-1.17.1.jar:/home/user/.m2/repository/com/google/errorprone/error_prone_annotations/2.2.0/error_prone_annotations-2.2.0.jar:/home/user/.m2/repository/org/codehaus/mojo/animal-sniffer-annotations/1.17/animal-sniffer-annotations-1.17.jar:/home/user/.m2/repository/io/opencensus/opencensus-api/0.17.0/opencensus-api-0.17.0.jar:/home/user/.m2/repository/io/opencensus/opencensus-contrib-grpc-metrics/0.17.0/opencensus-contrib-grpc-metrics-0.17.0.jar:/home/user/.m2/repository/io/netty/netty-codec-http2/4.1.30.Final/netty-codec-http2-4.1.30.Final.jar:/home/user/.m2/repository/io/netty/netty-codec-http/4.1.30.Final/netty-codec-http-4.1.30.Final.jar:/home/user/.m2/repository/io/netty/netty-codec/4.1.30.Final/netty-codec-4.1.30.Final.jar:/home/user/.m2/repository/io/netty/netty-handler/4.1.30.Final/netty-handler-4.1.30.Final.jar:/home/user/.m2/repository/io/netty/netty-handler-proxy/4.1.30.Final/netty-handler-proxy-4.1.30.Final.jar:/home/user/.m2/repository/io/netty/netty-codec-socks/4.1.30.Final/netty-codec-socks-4.1.30.Final.jar:/home/user/.m2/repository/io/netty/netty-transport-native-epoll/4.1.30.Final/netty-transport-native-epoll-4.1.30.Final.jar:/home/user/.m2/repository/io/netty/netty-common/4.1.30.Final/netty-common-4.1.30.Final.jar:/home/user/.m2/repository/io/netty/netty-buffer/4.1.30.Final/netty-buffer-4.1.30.Final.jar:/home/user/.m2/repository/io/netty/netty-transport/4.1.30.Final/netty-transport-4.1.30.Final.jar:/home/user/.m2/repository/io/netty/netty-resolver/4.1.30.Final/netty-resolver-4.1.30.Final.jar:/home/user/.m2/repository/io/netty/netty-transport-native-unix-common/4.1.30.Final/netty-transport-native-unix-common-4.1.30.Final.jar:/home/user/.m2/repository/io/grpc/grpc-protobuf/1.17.1/grpc-protobuf-1.17.1.jar:/home/user/.m2/repository/com/google/api/grpc/proto-google-common-protos/1.0.0/proto-google-common-protos-1.0.0.jar:/home/user/.m2/repository/io/grpc/grpc-protobuf-lite/1.17.1/grpc-protobuf-lite-1.17.1.jar:/home/user/.m2/repository/io/grpc/grpc-stub/1.17.1/grpc-stub-1.17.1.jar:/home/user/.m2/repository/org/apache/hadoop/hadoop-ozone-recon/0.5.0-SNAPSHOT/hadoop-ozone-recon-0.5.0-SNAPSHOT.jar:/home/user/.m2/repository/org/apache/hadoop/hadoop-ozone-reconcodegen/0.5.0-SNAPSHOT/hadoop-ozone-reconcodegen-0.5.0-SNAPSHOT.jar:/home/user/.m2/repository/com/google/inject/extensions/guice-multibindings/4.0/guice-multibindings-4.0.jar:/home/user/.m2/repository/com/google/inject/guice/4.0/guice-4.0.jar:/home/user/.m2/repository/aopalliance/aopalliance/1.0/aopalliance-1.0.jar:/home/user/.m2/repository/com/google/inject/extensions/guice-servlet/4.0/guice-servlet-4.0.jar:/home/user/.m2/repository/org/glassfish/jersey/containers/jersey-container-servlet/2.27/jersey-container-servlet-2.27.jar:/home/user/.m2/repository/org/glassfish/hk2/guice-bridge/2.5.0/guice-bridge-2.5.0.jar:/home/user/.m2/repository/org/glassfish/jersey/core/jersey-server/2.27/jersey-server-2.27.jar:/home/user/.m2/repository/org/glassfish/jersey/core/jersey-client/2.27/jersey-client-2.27.jar:/home/user/.m2/repository/org/glassfish/jersey/media/jersey-media-jaxb/2.27/jersey-media-jaxb-2.27.jar:/home/user/.m2/repository/javax/validation/validation-api/1.1.0.Final/validation-api-1.1.0.Final.jar:/home/user/.m2/repository/org/glassfish/jersey/media/jersey-media-json-jackson/2.27/jersey-media-json-jackson-2.27.jar:/home/user/.m2/repository/org/glassfish/jersey/ext/jersey-entity-filtering/2.27/jersey-entity-filtering-2.27.jar:/home/user/.m2/repository/com/google/inject/extensions/guice-assistedinject/4.0/guice-assistedinject-4.0.jar:/home/user/.m2/repository/org/jooq/jooq/3.11.10/jooq-3.11.10.jar:/home/user/.m2/repository/org/jooq/jooq-meta/3.11.10/jooq-meta-3.11.10.jar:/home/user/.m2/repository/org/jooq/jooq-codegen/3.11.10/jooq-codegen-3.11.10.jar:/home/user/.m2/repository/com/jolbox/bonecp/0.8.0.RELEASE/bonecp-0.8.0.RELEASE.jar:/home/user/.m2/repository/org/xerial/sqlite-jdbc/3.25.2/sqlite-jdbc-3.25.2.jar:/home/user/.m2/repository/org/springframework/spring-jdbc/5.1.3.RELEASE/spring-jdbc-5.1.3.RELEASE.jar:/home/user/.m2/repository/org/springframework/spring-beans/5.1.3.RELEASE/spring-beans-5.1.3.RELEASE.jar:/home/user/.m2/repository/org/springframework/spring-core/5.1.3.RELEASE/spring-core-5.1.3.RELEASE.jar:/home/user/.m2/repository/org/springframework/spring-jcl/5.1.3.RELEASE/spring-jcl-5.1.3.RELEASE.jar:/home/user/.m2/repository/org/springframework/spring-tx/5.1.3.RELEASE/spring-tx-5.1.3.RELEASE.jar:/home/user/.m2/repository/org/apache/hadoop/hadoop-ozone-client/0.5.0-SNAPSHOT/hadoop-ozone-client-0.5.0-SNAPSHOT.jar:/home/user/.m2/repository/commons-lang/commons-lang/2.6/commons-lang-2.6.jar:/home/user/.m2/repository/org/apache/hadoop/hadoop-ozone-ozone-manager/0.5.0-SNAPSHOT/hadoop-ozone-ozone-manager-0.5.0-SNAPSHOT-tests.jar:/home/user/.m2/repository/junit/junit/4.11/junit-4.11.jar:/home/user/.m2/repository/org/hamcrest/hamcrest-core/1.3/hamcrest-core-1.3.jar:/home/user/.m2/repository/org/openjdk/jmh/jmh-core/1.19/jmh-core-1.19.jar:/home/user/.m2/repository/net/sf/jopt-simple/jopt-simple/4.6/jopt-simple-4.6.jar:/home/user/.m2/repository/org/apache/commons/commons-math3/3.1.1/commons-math3-3.1.1.jar:/home/user/.m2/repository/org/openjdk/jmh/jmh-generator-annprocess/1.19/jmh-generator-annprocess-1.19.jar:/home/user/.m2/repository/org/mockito/mockito-all/1.8.5/mockito-all-1.8.5.jar:/home/user/.m2/repository/org/apache/hadoop/hadoop-kms/3.2.0/hadoop-kms-3.2.0.jar:/home/user/.m2/repository/org/apache/hadoop/hadoop-auth/3.2.0/hadoop-auth-3.2.0.jar:/home/user/.m2/repository/com/nimbusds/nimbus-jose-jwt/4.41.1/nimbus-jose-jwt-4.41.1.jar:/home/user/.m2/repository/com/github/stephenc/jcip/jcip-annotations/1.0-1/jcip-annotations-1.0-1.jar:/home/user/.m2/repository/net/minidev/json-smart/2.3/json-smart-2.3.jar:/home/user/.m2/repository/net/minidev/accessors-smart/1.2/accessors-smart-1.2.jar:/home/user/.m2/repository/org/ow2/asm/asm/5.0.4/asm-5.0.4.jar:/home/user/.m2/repository/org/apache/curator/curator-framework/2.12.0/curator-framework-2.12.0.jar:/home/user/.m2/repository/com/sun/jersey/jersey-core/1.19/jersey-core-1.19.jar:/home/user/.m2/repository/javax/ws/rs/jsr311-api/1.1.1/jsr311-api-1.1.1.jar:/home/user/.m2/repository/com/sun/jersey/jersey-server/1.19/jersey-server-1.19.jar:/home/user/.m2/repository/javax/servlet/javax.servlet-api/3.1.0/javax.servlet-api-3.1.0.jar:/home/user/.m2/repository/org/eclipse/jetty/jetty-server/9.3.24.v20180605/jetty-server-9.3.24.v20180605.jar:/home/user/.m2/repository/org/eclipse/jetty/jetty-http/9.3.24.v20180605/jetty-http-9.3.24.v20180605.jar:/home/user/.m2/repository/org/eclipse/jetty/jetty-io/9.3.24.v20180605/jetty-io-9.3.24.v20180605.jar:/home/user/.m2/repository/org/eclipse/jetty/jetty-webapp/9.3.24.v20180605/jetty-webapp-9.3.24.v20180605.jar:/home/user/.m2/repository/org/eclipse/jetty/jetty-xml/9.3.24.v20180605/jetty-xml-9.3.24.v20180605.jar:/home/user/.m2/repository/log4j/log4j/1.2.17/log4j-1.2.17.jar:/home/user/.m2/repository/org/slf4j/slf4j-api/1.7.25/slf4j-api-1.7.25.jar:/home/user/.m2/repository/org/slf4j/jul-to-slf4j/1.7.25/jul-to-slf4j-1.7.25.jar:/home/user/.m2/repository/org/eclipse/jetty/jetty-util/9.3.24.v20180605/jetty-util-9.3.24.v20180605.jar:/home/user/.m2/repository/com/fasterxml/jackson/core/jackson-databind/2.9.5/jackson-databind-2.9.5.jar:/home/user/.m2/repository/org/apache/hadoop/hadoop-kms/3.2.0/hadoop-kms-3.2.0-tests.jar:/home/user/.m2/repository/org/apache/hadoop/hadoop-hdds-server-scm/0.5.0-SNAPSHOT/hadoop-hdds-server-scm-0.5.0-SNAPSHOT-tests.jar:/home/user/.m2/repository/org/apache/hadoop/hadoop-hdds-container-service/0.5.0-SNAPSHOT/hadoop-hdds-container-service-0.5.0-SNAPSHOT-tests.jar:/home/user/.m2/repository/org/yaml/snakeyaml/1.16/snakeyaml-1.16.jar:/home/user/.m2/repository/org/apache/hadoop/hadoop-common/3.2.0/hadoop-common-3.2.0-tests.jar:/home/user/.m2/repository/org/apache/hadoop/hadoop-annotations/3.2.0/hadoop-annotations-3.2.0.jar:/usr/lib/jvm/java-1.8-openjdk/jre/../lib/tools.jar:/home/user/.m2/repository/commons-cli/commons-cli/1.2/commons-cli-1.2.jar:/home/user/.m2/repository/org/apache/httpcomponents/httpclient/4.5.2/httpclient-4.5.2.jar:/home/user/.m2/repository/org/apache/httpcomponents/httpcore/4.4.4/httpcore-4.4.4.jar:/home/user/.m2/repository/commons-codec/commons-codec/1.11/commons-codec-1.11.jar:/home/user/.m2/repository/commons-net/commons-net/3.6/commons-net-3.6.jar:/home/user/.m2/repository/commons-collections/commons-collections/3.2.2/commons-collections-3.2.2.jar:/home/user/.m2/repository/org/eclipse/jetty/jetty-servlet/9.3.24.v20180605/jetty-servlet-9.3.24.v20180605.jar:/home/user/.m2/repository/org/eclipse/jetty/jetty-security/9.3.24.v20180605/jetty-security-9.3.24.v20180605.jar:/home/user/.m2/repository/javax/servlet/jsp/jsp-api/2.1/jsp-api-2.1.jar:/home/user/.m2/repository/com/sun/jersey/jersey-servlet/1.19/jersey-servlet-1.19.jar:/home/user/.m2/repository/com/sun/jersey/jersey-json/1.19/jersey-json-1.19.jar:/home/user/.m2/repository/org/codehaus/jettison/jettison/1.1/jettison-1.1.jar:/home/user/.m2/repository/org/codehaus/jackson/jackson-core-asl/1.9.13/jackson-core-asl-1.9.13.jar:/home/user/.m2/repository/org/codehaus/jackson/jackson-mapper-asl/1.9.13/jackson-mapper-asl-1.9.13.jar:/home/user/.m2/repository/org/codehaus/jackson/jackson-jaxrs/1.9.13/jackson-jaxrs-1.9.13.jar:/home/user/.m2/repository/org/codehaus/jackson/jackson-xc/1.9.13/jackson-xc-1.9.13.jar:/home/user/.m2/repository/commons-logging/commons-logging/1.1.3/commons-logging-1.1.3.jar:/home/user/.m2/repository/commons-beanutils/commons-beanutils/1.9.3/commons-beanutils-1.9.3.jar:/home/user/.m2/repository/org/apache/commons/commons-configuration2/2.1.1/commons-configuration2-2.1.1.jar:/home/user/.m2/repository/org/apache/commons/commons-lang3/3.7/commons-lang3-3.7.jar:/home/user/.m2/repository/org/apache/commons/commons-text/1.4/commons-text-1.4.jar:/home/user/.m2/repository/org/apache/avro/avro/1.7.7/avro-1.7.7.jar:/home/user/.m2/repository/com/thoughtworks/paranamer/paranamer/2.3/paranamer-2.3.jar:/home/user/.m2/repository/org/xerial/snappy/snappy-java/1.0.5/snappy-java-1.0.5.jar:/home/user/.m2/repository/com/google/re2j/re2j/1.1/re2j-1.1.jar:/home/user/.m2/repository/com/google/code/gson/gson/2.2.4/gson-2.2.4.jar:/home/user/.m2/repository/com/jcraft/jsch/0.1.54/jsch-0.1.54.jar:/home/user/.m2/repository/org/apache/curator/curator-client/2.12.0/curator-client-2.12.0.jar:/home/user/.m2/repository/org/apache/curator/curator-recipes/2.12.0/curator-recipes-2.12.0.jar:/home/user/.m2/repository/com/google/code/findbugs/jsr305/3.0.0/jsr305-3.0.0.jar:/home/user/.m2/repository/org/apache/htrace/htrace-core4/4.1.0-incubating/htrace-core4-4.1.0-incubating.jar:/home/user/.m2/repository/org/apache/zookeeper/zookeeper/3.4.13/zookeeper-3.4.13.jar:/home/user/.m2/repository/org/apache/yetus/audience-annotations/0.5.0/audience-annotations-0.5.0.jar:/home/user/.m2/repository/org/codehaus/woodstox/stax2-api/3.1.4/stax2-api-3.1.4.jar:/home/user/.m2/repository/com/fasterxml/woodstox/woodstox-core/5.0.3/woodstox-core-5.0.3.jar:/home/user/.m2/repository/dnsjava/dnsjava/2.1.7/dnsjava-2.1.7.jar:/home/user/.m2/repository/org/apache/hadoop/hadoop-hdfs/3.2.0/hadoop-hdfs-3.2.0-tests.jar:/home/user/.m2/repository/org/eclipse/jetty/jetty-util-ajax/9.3.24.v20180605/jetty-util-ajax-9.3.24.v20180605.jar:/home/user/.m2/repository/commons-daemon/commons-daemon/1.0.13/commons-daemon-1.0.13.jar:/home/user/.m2/repository/io/netty/netty/3.10.5.Final/netty-3.10.5.Final.jar:/home/user/.m2/repository/io/netty/netty-all/4.0.52.Final/netty-all-4.0.52.Final.jar:/home/user/.m2/repository/org/fusesource/leveldbjni/leveldbjni-all/1.8/leveldbjni-all-1.8.jar:"/>
    <property name="sun.cpu.endian" value="little"/>
    <property name="user.home" value="/home/user"/>
    <property name="user.language" value="en"/>
    <property name="java.specification.vendor" value="Oracle Corporation"/>
    <property name="java.home" value="/usr/lib/jvm/java-1.8-openjdk/jre"/>
    <property name="java.security.krb5.conf" value="/tmp/workdir/hadoop-ozone/integration-test/target/test-classes/krb5.conf"/>
    <property name="basedir" value="/tmp/workdir/hadoop-ozone/integration-test"/>
    <property name="file.separator" value="/"/>
    <property name="line.separator" value="&#10;"/>
    <property name="java.vm.specification.vendor" value="Oracle Corporation"/>
    <property name="java.specification.name" value="Java Platform API Specification"/>
    <property name="java.awt.graphicsenv" value="sun.awt.X11GraphicsEnvironment"/>
    <property name="surefire.real.class.path" value="/tmp/workdir/hadoop-ozone/integration-test/target/surefire/surefirebooter2667849466686409805.jar"/>
    <property name="hadoop.log.dir" value="/tmp/workdir/hadoop-ozone/integration-test/target/log"/>
    <property name="sun.boot.class.path" value="/usr/lib/jvm/java-1.8-openjdk/jre/lib/resources.jar:/usr/lib/jvm/java-1.8-openjdk/jre/lib/rt.jar:/usr/lib/jvm/java-1.8-openjdk/jre/lib/sunrsasign.jar:/usr/lib/jvm/java-1.8-openjdk/jre/lib/jsse.jar:/usr/lib/jvm/java-1.8-openjdk/jre/lib/jce.jar:/usr/lib/jvm/java-1.8-openjdk/jre/lib/charsets.jar:/usr/lib/jvm/java-1.8-openjdk/jre/lib/jfr.jar:/usr/lib/jvm/java-1.8-openjdk/jre/classes"/>
    <property name="sun.management.compiler" value="HotSpot 64-Bit Tiered Compilers"/>
    <property name="java.runtime.version" value="1.8.0_212-b04"/>
    <property name="java.net.preferIPv4Stack" value="true"/>
    <property name="user.name" value="jenkins1000"/>
    <property name="path.separator" value=":"/>
    <property name="java.security.egd" value="file:///dev/urandom"/>
    <property name="os.version" value="3.10.0-957.12.2.el7.x86_64"/>
    <property name="java.endorsed.dirs" value="/usr/lib/jvm/java-1.8-openjdk/jre/lib/endorsed"/>
    <property name="java.runtime.name" value="OpenJDK Runtime Environment"/>
    <property name="file.encoding" value="UTF-8"/>
    <property name="java.vm.name" value="OpenJDK 64-Bit Server VM"/>
    <property name="test.build.webapps" value=""/>
    <property name="localRepository" value="/home/user/.m2/repository"/>
    <property name="java.vendor.url.bug" value="https://icedtea.classpath.org/bugzilla"/>
    <property name="java.io.tmpdir" value="/tmp"/>
    <property name="require.test.libhadoop" value=""/>
    <property name="java.version" value="1.8.0_212"/>
    <property name="user.dir" value="/tmp/workdir/hadoop-ozone/integration-test"/>
    <property name="os.arch" value="amd64"/>
    <property name="java.vm.specification.name" value="Java Virtual Machine Specification"/>
    <property name="test.build.classes" value="/tmp/workdir/hadoop-ozone/integration-test/target/test-classes"/>
    <property name="java.awt.printerjob" value="sun.print.PSPrinterJob"/>
    <property name="sun.os.patch.level" value="unknown"/>
    <property name="hadoop.tmp.dir" value="/tmp/workdir/hadoop-ozone/integration-test/target/tmp"/>
    <property name="java.library.path" value="/usr/lib/jvm/java-1.8-openjdk/jre/lib/amd64/server:/usr/lib/jvm/java-1.8-openjdk/jre/lib/amd64:/usr/lib/jvm/java-1.8-openjdk/jre/../lib/amd64:/tmp/workdir/hadoop-ozone/integration-test/target/native/target/usr/local/lib:/tmp/workdir/hadoop-ozone/integration-test/../../hadoop-common-project/hadoop-common/target/native/target/usr/local/lib:/usr/java/packages/lib/amd64:/usr/lib64:/lib64:/lib:/usr/lib"/>
    <property name="java.vm.info" value="mixed mode"/>
    <property name="java.vendor" value="IcedTea"/>
    <property name="java.vm.version" value="25.212-b04"/>
    <property name="java.ext.dirs" value="/usr/lib/jvm/java-1.8-openjdk/jre/lib/ext:/usr/java/packages/lib/ext"/>
    <property name="sun.io.unicode.encoding" value="UnicodeLittle"/>
    <property name="java.class.version" value="52.0"/>
  </properties>
  <testcase name="testPipelineExclusionWithPipelineFailure" classname="org.apache.hadoop.ozone.client.rpc.TestFailureHandlingByClient" time="37.975"/>
  <testcase name="testContainerExclusionWithClosedContainerException" classname="org.apache.hadoop.ozone.client.rpc.TestFailureHandlingByClient" time="18.396">
    <failure type="java.lang.AssertionError">java.lang.AssertionError
	at org.junit.Assert.fail(Assert.java:86)
	at org.junit.Assert.assertTrue(Assert.java:41)
	at org.junit.Assert.assertTrue(Assert.java:52)
	at org.apache.hadoop.ozone.client.rpc.TestFailureHandlingByClient.testContainerExclusionWithClosedContainerException(TestFailureHandlingByClient.java:341)
	at sun.reflect.NativeMethodAccessorImpl.invoke0(Native Method)
	at sun.reflect.NativeMethodAccessorImpl.invoke(NativeMethodAccessorImpl.java:62)
	at sun.reflect.DelegatingMethodAccessorImpl.invoke(DelegatingMethodAccessorImpl.java:43)
	at java.lang.reflect.Method.invoke(Method.java:498)
	at org.junit.runners.model.FrameworkMethod$1.runReflectiveCall(FrameworkMethod.java:47)
	at org.junit.internal.runners.model.ReflectiveCallable.run(ReflectiveCallable.java:12)
	at org.junit.runners.model.FrameworkMethod.invokeExplosively(FrameworkMethod.java:44)
	at org.junit.internal.runners.statements.InvokeMethod.evaluate(InvokeMethod.java:17)
	at org.junit.runners.ParentRunner.runLeaf(ParentRunner.java:271)
	at org.junit.runners.BlockJUnit4ClassRunner.runChild(BlockJUnit4ClassRunner.java:70)
	at org.junit.runners.BlockJUnit4ClassRunner.runChild(BlockJUnit4ClassRunner.java:50)
	at org.junit.runners.ParentRunner$3.run(ParentRunner.java:238)
	at org.junit.runners.ParentRunner$1.schedule(ParentRunner.java:63)
	at org.junit.runners.ParentRunner.runChildren(ParentRunner.java:236)
	at org.junit.runners.ParentRunner.access$000(ParentRunner.java:53)
	at org.junit.runners.ParentRunner$2.evaluate(ParentRunner.java:229)
	at org.junit.runners.ParentRunner.run(ParentRunner.java:309)
	at org.apache.maven.surefire.junit4.JUnit4Provider.execute(JUnit4Provider.java:365)
	at org.apache.maven.surefire.junit4.JUnit4Provider.executeWithRerun(JUnit4Provider.java:273)
	at org.apache.maven.surefire.junit4.JUnit4Provider.executeTestSet(JUnit4Provider.java:238)
	at org.apache.maven.surefire.junit4.JUnit4Provider.invoke(JUnit4Provider.java:159)
	at org.apache.maven.surefire.booter.ForkedBooter.invokeProviderInSameClassLoader(ForkedBooter.java:384)
	at org.apache.maven.surefire.booter.ForkedBooter.runSuitesInProcess(ForkedBooter.java:345)
	at org.apache.maven.surefire.booter.ForkedBooter.execute(ForkedBooter.java:126)
	at org.apache.maven.surefire.booter.ForkedBooter.main(ForkedBooter.java:418)
</failure>
    <system-out><![CDATA[2019-07-13 07:22:55,341 WARN  server.ServerUtils (ServerUtils.java:getScmDbDir(145)) - ozone.scm.db.dirs is not configured. We recommend adding this setting. Falling back to ozone.metadata.dirs instead.
2019-07-13 07:22:55,357 WARN  server.ServerUtils (ServerUtils.java:getScmDbDir(145)) - ozone.scm.db.dirs is not configured. We recommend adding this setting. Falling back to ozone.metadata.dirs instead.
2019-07-13 07:22:55,358 WARN  server.ServerUtils (ServerUtils.java:getScmDbDir(145)) - ozone.scm.db.dirs is not configured. We recommend adding this setting. Falling back to ozone.metadata.dirs instead.
2019-07-13 07:22:55,358 INFO  db.DBStoreBuilder (DBStoreBuilder.java:addTable(110)) - using custom profile for table: deletedBlocks
2019-07-13 07:22:55,358 INFO  db.DBStoreBuilder (DBStoreBuilder.java:processTables(161)) - Using default column profile:DBProfile.DISK for Table:deletedBlocks
2019-07-13 07:22:55,359 INFO  db.DBStoreBuilder (DBStoreBuilder.java:addTable(110)) - using custom profile for table: validCerts
2019-07-13 07:22:55,359 INFO  db.DBStoreBuilder (DBStoreBuilder.java:processTables(161)) - Using default column profile:DBProfile.DISK for Table:validCerts
2019-07-13 07:22:55,359 INFO  db.DBStoreBuilder (DBStoreBuilder.java:addTable(110)) - using custom profile for table: revokedCerts
2019-07-13 07:22:55,359 INFO  db.DBStoreBuilder (DBStoreBuilder.java:processTables(161)) - Using default column profile:DBProfile.DISK for Table:revokedCerts
2019-07-13 07:22:55,360 INFO  db.DBStoreBuilder (DBStoreBuilder.java:addTable(110)) - using custom profile for table: default
2019-07-13 07:22:55,360 INFO  db.DBStoreBuilder (DBStoreBuilder.java:processTables(167)) - Using default column profile:DBProfile.DISK for Table:default
2019-07-13 07:22:55,360 INFO  db.DBStoreBuilder (DBStoreBuilder.java:getDbProfile(198)) - Using default options. DBProfile.DISK
2019-07-13 07:22:55,514 INFO  net.NodeSchemaLoader (NodeSchemaLoader.java:loadSchemaFromFile(125)) - Loading file from sun.misc.CompoundEnumeration@a457c2b
2019-07-13 07:22:55,514 INFO  net.NodeSchemaLoader (NodeSchemaLoader.java:loadSchema(171)) - Loading network topology layer schema file
2019-07-13 07:22:55,519 INFO  node.SCMNodeManager (SCMNodeManager.java:<init>(119)) - Entering startup safe mode.
2019-07-13 07:22:55,520 WARN  server.ServerUtils (ServerUtils.java:getScmDbDir(145)) - ozone.scm.db.dirs is not configured. We recommend adding this setting. Falling back to ozone.metadata.dirs instead.
2019-07-13 07:22:55,566 INFO  pipeline.SCMPipelineManager (SCMPipelineManager.java:initializePipelineState(126)) - No pipeline exists in current db
2019-07-13 07:22:55,566 WARN  server.ServerUtils (ServerUtils.java:getScmDbDir(145)) - ozone.scm.db.dirs is not configured. We recommend adding this setting. Falling back to ozone.metadata.dirs instead.
2019-07-13 07:22:55,621 WARN  events.EventQueue (EventQueue.java:fireEvent(175)) - No event handler registered for event TypedEvent{payloadType=SafeModeStatus, name='SafeModeStatus'}
2019-07-13 07:22:55,622 INFO  ipc.CallQueueManager (CallQueueManager.java:<init>(84)) - Using callQueue: class java.util.concurrent.LinkedBlockingQueue, queueCapacity: 2000, scheduler: class org.apache.hadoop.ipc.DefaultRpcScheduler, ipcBackoff: false.
2019-07-13 07:22:55,623 INFO  ipc.Server (Server.java:run(1074)) - Starting Socket Reader #1 for port 37499
2019-07-13 07:22:55,625 INFO  ipc.CallQueueManager (CallQueueManager.java:<init>(84)) - Using callQueue: class java.util.concurrent.LinkedBlockingQueue, queueCapacity: 2000, scheduler: class org.apache.hadoop.ipc.DefaultRpcScheduler, ipcBackoff: false.
2019-07-13 07:22:55,626 INFO  ipc.Server (Server.java:run(1074)) - Starting Socket Reader #1 for port 40070
2019-07-13 07:22:55,628 INFO  ipc.CallQueueManager (CallQueueManager.java:<init>(84)) - Using callQueue: class java.util.concurrent.LinkedBlockingQueue, queueCapacity: 2000, scheduler: class org.apache.hadoop.ipc.DefaultRpcScheduler, ipcBackoff: false.
2019-07-13 07:22:55,628 INFO  ipc.Server (Server.java:run(1074)) - Starting Socket Reader #1 for port 41251
2019-07-13 07:22:55,631 INFO  hdfs.DFSUtil (DFSUtil.java:httpServerTemplateForNNAndJN(1641)) - Starting Web-server for scm at: http://0.0.0.0:0
2019-07-13 07:22:55,633 INFO  server.AuthenticationFilter (AuthenticationFilter.java:constructSecretProvider(240)) - Unable to initialize FileSignerSecretProvider, falling back to use random secrets.
2019-07-13 07:22:55,634 WARN  http.HttpRequestLog (HttpRequestLog.java:getRequestLog(97)) - Jetty request log can only be enabled using Log4j
2019-07-13 07:22:55,636 INFO  http.HttpServer2 (HttpServer2.java:addGlobalFilter(975)) - Added global filter 'safety' (class=org.apache.hadoop.http.HttpServer2$QuotingInputFilter)
2019-07-13 07:22:55,637 INFO  http.HttpServer2 (HttpServer2.java:addFilter(948)) - Added filter static_user_filter (class=org.apache.hadoop.http.lib.StaticUserWebFilter$StaticUserFilter) to context scm
2019-07-13 07:22:55,637 INFO  http.HttpServer2 (HttpServer2.java:addFilter(958)) - Added filter static_user_filter (class=org.apache.hadoop.http.lib.StaticUserWebFilter$StaticUserFilter) to context static
2019-07-13 07:22:55,637 INFO  http.HttpServer2 (HttpServer2.java:addFilter(958)) - Added filter static_user_filter (class=org.apache.hadoop.http.lib.StaticUserWebFilter$StaticUserFilter) to context logs
2019-07-13 07:22:55,640 INFO  server.StorageContainerManager (StorageContainerManager.java:start(759)) - StorageContainerLocationProtocol RPC server is listening at /0.0.0.0:41251
2019-07-13 07:22:55,641 WARN  impl.MetricsConfig (MetricsConfig.java:loadFirst(134)) - Cannot locate configuration: tried hadoop-metrics2-storagecontainermanager.properties,hadoop-metrics2.properties
2019-07-13 07:22:55,643 INFO  impl.MetricsSystemImpl (MetricsSystemImpl.java:startTimer(374)) - Scheduled Metric snapshot period at 10 second(s).
2019-07-13 07:22:55,643 INFO  impl.MetricsSystemImpl (MetricsSystemImpl.java:start(191)) - StorageContainerManager metrics system started
2019-07-13 07:22:55,681 INFO  server.SCMClientProtocolServer (SCMClientProtocolServer.java:start(149)) - RPC server for Client  is listening at /0.0.0.0:41251
2019-07-13 07:22:55,682 INFO  ipc.Server (Server.java:run(1314)) - IPC Server Responder: starting
2019-07-13 07:22:55,682 INFO  ipc.Server (Server.java:run(1153)) - IPC Server listener on 41251: starting
2019-07-13 07:22:55,686 INFO  server.StorageContainerManager (StorageContainerManager.java:start(768)) - ScmBlockLocationProtocol RPC server is listening at /0.0.0.0:40070
2019-07-13 07:22:55,686 INFO  server.SCMBlockProtocolServer (SCMBlockProtocolServer.java:start(140)) - RPC server for Block Protocol is listening at /0.0.0.0:40070
2019-07-13 07:22:55,686 INFO  ipc.Server (Server.java:run(1314)) - IPC Server Responder: starting
2019-07-13 07:22:55,686 INFO  ipc.Server (Server.java:run(1153)) - IPC Server listener on 40070: starting
2019-07-13 07:22:55,690 INFO  server.StorageContainerManager (StorageContainerManager.java:start(772)) - ScmDatanodeProtocl RPC server is listening at /0.0.0.0:37499
2019-07-13 07:22:55,691 INFO  server.SCMDatanodeProtocolServer (SCMDatanodeProtocolServer.java:start(191)) - RPC server for DataNodes is listening at /0.0.0.0:37499
2019-07-13 07:22:55,691 INFO  ipc.Server (Server.java:run(1314)) - IPC Server Responder: starting
2019-07-13 07:22:55,691 INFO  ipc.Server (Server.java:run(1153)) - IPC Server listener on 37499: starting
2019-07-13 07:22:55,695 INFO  http.HttpServer2 (HttpServer2.java:bindListener(1191)) - Jetty bound to port 44818
2019-07-13 07:22:55,695 INFO  server.Server (Server.java:doStart(351)) - jetty-9.3.24.v20180605, build timestamp: 2018-06-05T17:11:56Z, git hash: 84205aa28f11a4f31f2a3b86d1bba2cc8ab69827
2019-07-13 07:22:55,697 INFO  handler.ContextHandler (ContextHandler.java:doStart(781)) - Started o.e.j.s.ServletContextHandler@4438938e{/logs,file:///tmp/workdir/hadoop-ozone/integration-test/target/log,AVAILABLE}
2019-07-13 07:22:55,698 INFO  handler.ContextHandler (ContextHandler.java:doStart(781)) - Started o.e.j.s.ServletContextHandler@1c68d0db{/static,file:///tmp/workdir/hadoop-ozone/integration-test/target/test-classes/webapps/static,AVAILABLE}
2019-07-13 07:22:55,704 INFO  handler.ContextHandler (ContextHandler.java:doStart(781)) - Started o.e.j.w.WebAppContext@72fb989b{/,file:///tmp/workdir/hadoop-ozone/integration-test/target/test-classes/webapps/scm/,AVAILABLE}{/scm}
2019-07-13 07:22:55,704 INFO  server.AbstractConnector (AbstractConnector.java:doStart(278)) - Started ServerConnector@4f235e8e{HTTP/1.1,[http/1.1]}{0.0.0.0:44818}
2019-07-13 07:22:55,705 INFO  server.Server (Server.java:doStart(419)) - Started @38743ms
2019-07-13 07:22:55,707 INFO  server.BaseHttpServer (BaseHttpServer.java:updateConnectorAddress(207)) - HTTP server of SCM is listening at http://0.0.0.0:44818
2019-07-13 07:22:55,708 WARN  server.ServerUtils (ServerUtils.java:getDBPath(222)) - ozone.om.db.dirs is not configured. We recommend adding this setting. Falling back to ozone.metadata.dirs instead.
2019-07-13 07:22:55,708 INFO  util.JvmPauseMonitor (JvmPauseMonitor.java:run(188)) - Starting JVM pause monitor
2019-07-13 07:22:55,722 WARN  server.ServerUtils (ServerUtils.java:getDBPath(222)) - ozone.om.db.dirs is not configured. We recommend adding this setting. Falling back to ozone.metadata.dirs instead.
2019-07-13 07:22:55,723 INFO  om.OzoneManager (OzoneManager.java:setOMNodeDetails(630)) - OM Service ID is not set. Setting it to the default ID: omServiceIdDefault
2019-07-13 07:22:55,723 INFO  om.OzoneManager (OzoneManager.java:setOMNodeDetails(636)) - OM Node ID is not set. Setting it to the OmStorage's OmID: d2ae6480-24bb-4c72-a08c-1eb029beecac
2019-07-13 07:22:55,723 INFO  om.OzoneManager (OzoneManager.java:loadOMHAConfigs(587)) - Found matching OM address with OMServiceId: null, OMNodeId: null, RPC Address: localhost:0 and Ratis port: 9872
2019-07-13 07:22:55,731 WARN  server.ServerUtils (ServerUtils.java:getDBPath(222)) - ozone.om.db.dirs is not configured. We recommend adding this setting. Falling back to ozone.metadata.dirs instead.
2019-07-13 07:22:55,731 INFO  db.DBStoreBuilder (DBStoreBuilder.java:addTable(110)) - using custom profile for table: userTable
2019-07-13 07:22:55,731 INFO  db.DBStoreBuilder (DBStoreBuilder.java:processTables(161)) - Using default column profile:DBProfile.DISK for Table:userTable
2019-07-13 07:22:55,732 INFO  db.DBStoreBuilder (DBStoreBuilder.java:addTable(110)) - using custom profile for table: volumeTable
2019-07-13 07:22:55,732 INFO  db.DBStoreBuilder (DBStoreBuilder.java:processTables(161)) - Using default column profile:DBProfile.DISK for Table:volumeTable
2019-07-13 07:22:55,732 INFO  db.DBStoreBuilder (DBStoreBuilder.java:addTable(110)) - using custom profile for table: bucketTable
2019-07-13 07:22:55,732 INFO  db.DBStoreBuilder (DBStoreBuilder.java:processTables(161)) - Using default column profile:DBProfile.DISK for Table:bucketTable
2019-07-13 07:22:55,733 INFO  db.DBStoreBuilder (DBStoreBuilder.java:addTable(110)) - using custom profile for table: keyTable
2019-07-13 07:22:55,733 INFO  db.DBStoreBuilder (DBStoreBuilder.java:processTables(161)) - Using default column profile:DBProfile.DISK for Table:keyTable
2019-07-13 07:22:55,733 INFO  db.DBStoreBuilder (DBStoreBuilder.java:addTable(110)) - using custom profile for table: deletedTable
2019-07-13 07:22:55,733 INFO  db.DBStoreBuilder (DBStoreBuilder.java:processTables(161)) - Using default column profile:DBProfile.DISK for Table:deletedTable
2019-07-13 07:22:55,733 INFO  db.DBStoreBuilder (DBStoreBuilder.java:addTable(110)) - using custom profile for table: openKeyTable
2019-07-13 07:22:55,734 INFO  db.DBStoreBuilder (DBStoreBuilder.java:processTables(161)) - Using default column profile:DBProfile.DISK for Table:openKeyTable
2019-07-13 07:22:55,734 INFO  db.DBStoreBuilder (DBStoreBuilder.java:addTable(110)) - using custom profile for table: s3Table
2019-07-13 07:22:55,734 INFO  db.DBStoreBuilder (DBStoreBuilder.java:processTables(161)) - Using default column profile:DBProfile.DISK for Table:s3Table
2019-07-13 07:22:55,734 INFO  db.DBStoreBuilder (DBStoreBuilder.java:addTable(110)) - using custom profile for table: multipartInfoTable
2019-07-13 07:22:55,734 INFO  db.DBStoreBuilder (DBStoreBuilder.java:processTables(161)) - Using default column profile:DBProfile.DISK for Table:multipartInfoTable
2019-07-13 07:22:55,735 INFO  db.DBStoreBuilder (DBStoreBuilder.java:addTable(110)) - using custom profile for table: dTokenTable
2019-07-13 07:22:55,735 INFO  db.DBStoreBuilder (DBStoreBuilder.java:processTables(161)) - Using default column profile:DBProfile.DISK for Table:dTokenTable
2019-07-13 07:22:55,735 INFO  db.DBStoreBuilder (DBStoreBuilder.java:addTable(110)) - using custom profile for table: s3SecretTable
2019-07-13 07:22:55,735 INFO  db.DBStoreBuilder (DBStoreBuilder.java:processTables(161)) - Using default column profile:DBProfile.DISK for Table:s3SecretTable
2019-07-13 07:22:55,736 INFO  db.DBStoreBuilder (DBStoreBuilder.java:addTable(110)) - using custom profile for table: prefixTable
2019-07-13 07:22:55,736 INFO  db.DBStoreBuilder (DBStoreBuilder.java:processTables(161)) - Using default column profile:DBProfile.DISK for Table:prefixTable
2019-07-13 07:22:55,736 INFO  db.DBStoreBuilder (DBStoreBuilder.java:addTable(110)) - using custom profile for table: default
2019-07-13 07:22:55,736 INFO  db.DBStoreBuilder (DBStoreBuilder.java:processTables(167)) - Using default column profile:DBProfile.DISK for Table:default
2019-07-13 07:22:55,736 INFO  db.DBStoreBuilder (DBStoreBuilder.java:getDbProfile(198)) - Using default options. DBProfile.DISK
2019-07-13 07:22:56,296 INFO  ipc.CallQueueManager (CallQueueManager.java:<init>(84)) - Using callQueue: class java.util.concurrent.LinkedBlockingQueue, queueCapacity: 2000, scheduler: class org.apache.hadoop.ipc.DefaultRpcScheduler, ipcBackoff: false.
2019-07-13 07:22:56,297 INFO  ipc.Server (Server.java:run(1074)) - Starting Socket Reader #1 for port 40359
2019-07-13 07:22:56,318 WARN  server.ServerUtils (ServerUtils.java:getDBPath(222)) - ozone.om.db.dirs is not configured. We recommend adding this setting. Falling back to ozone.metadata.dirs instead.
2019-07-13 07:22:56,318 INFO  om.OzoneManager (OzoneManager.java:start(1228)) - OzoneManager RPC server is listening at localhost/127.0.0.1:40359
2019-07-13 07:22:56,318 INFO  impl.MetricsSystemImpl (MetricsSystemImpl.java:init(158)) - OzoneManager metrics system started (again)
2019-07-13 07:22:56,319 INFO  ipc.Server (Server.java:run(1314)) - IPC Server Responder: starting
2019-07-13 07:22:56,320 INFO  ipc.Server (Server.java:run(1153)) - IPC Server listener on 40359: starting
2019-07-13 07:22:56,326 INFO  hdfs.DFSUtil (DFSUtil.java:httpServerTemplateForNNAndJN(1641)) - Starting Web-server for ozoneManager at: http://0.0.0.0:0
2019-07-13 07:22:56,328 INFO  server.AuthenticationFilter (AuthenticationFilter.java:constructSecretProvider(240)) - Unable to initialize FileSignerSecretProvider, falling back to use random secrets.
2019-07-13 07:22:56,328 WARN  http.HttpRequestLog (HttpRequestLog.java:getRequestLog(97)) - Jetty request log can only be enabled using Log4j
2019-07-13 07:22:56,330 INFO  http.HttpServer2 (HttpServer2.java:addGlobalFilter(975)) - Added global filter 'safety' (class=org.apache.hadoop.http.HttpServer2$QuotingInputFilter)
2019-07-13 07:22:56,331 INFO  http.HttpServer2 (HttpServer2.java:addFilter(948)) - Added filter static_user_filter (class=org.apache.hadoop.http.lib.StaticUserWebFilter$StaticUserFilter) to context ozoneManager
2019-07-13 07:22:56,331 INFO  http.HttpServer2 (HttpServer2.java:addFilter(958)) - Added filter static_user_filter (class=org.apache.hadoop.http.lib.StaticUserWebFilter$StaticUserFilter) to context logs
2019-07-13 07:22:56,331 INFO  http.HttpServer2 (HttpServer2.java:addFilter(958)) - Added filter static_user_filter (class=org.apache.hadoop.http.lib.StaticUserWebFilter$StaticUserFilter) to context static
2019-07-13 07:22:56,332 INFO  http.HttpServer2 (HttpServer2.java:bindListener(1191)) - Jetty bound to port 45904
2019-07-13 07:22:56,332 INFO  server.Server (Server.java:doStart(351)) - jetty-9.3.24.v20180605, build timestamp: 2018-06-05T17:11:56Z, git hash: 84205aa28f11a4f31f2a3b86d1bba2cc8ab69827
2019-07-13 07:22:56,335 INFO  handler.ContextHandler (ContextHandler.java:doStart(781)) - Started o.e.j.s.ServletContextHandler@56d6a1b1{/logs,file:///tmp/workdir/hadoop-ozone/integration-test/target/log,AVAILABLE}
2019-07-13 07:22:56,336 INFO  handler.ContextHandler (ContextHandler.java:doStart(781)) - Started o.e.j.s.ServletContextHandler@44da7eb3{/static,file:///tmp/workdir/hadoop-ozone/integration-test/target/test-classes/webapps/static,AVAILABLE}
2019-07-13 07:22:56,341 INFO  handler.ContextHandler (ContextHandler.java:doStart(781)) - Started o.e.j.w.WebAppContext@49038f97{/,file:///tmp/workdir/hadoop-ozone/integration-test/target/test-classes/webapps/ozoneManager/,AVAILABLE}{/ozoneManager}
2019-07-13 07:22:56,342 INFO  server.AbstractConnector (AbstractConnector.java:doStart(278)) - Started ServerConnector@36211bbc{HTTP/1.1,[http/1.1]}{0.0.0.0:45904}
2019-07-13 07:22:56,343 INFO  server.Server (Server.java:doStart(419)) - Started @39380ms
2019-07-13 07:22:56,343 INFO  server.BaseHttpServer (BaseHttpServer.java:updateConnectorAddress(207)) - HTTP server of OZONEMANAGER is listening at http://0.0.0.0:45904
2019-07-13 07:22:56,359 INFO  impl.MetricsSystemImpl (MetricsSystemImpl.java:init(158)) - HddsDatanode metrics system started (again)
2019-07-13 07:22:56,359 INFO  ozone.HddsDatanodeService (HddsDatanodeService.java:start(185)) - HddsDatanodeService host:trunk-nightly-9lh4p-2362225927 ip:192.168.69.84
2019-07-13 07:22:56,366 INFO  volume.HddsVolume (HddsVolume.java:<init>(176)) - Creating Volume: /tmp/workdir/hadoop-ozone/integration-test/target/test-dir/MiniOzoneClusterImpl-35f2412a-9966-4e2f-8b9c-01fb3afcc828/datanode-0/data/containers/hdds of  storage type : DISK and capacity : 52710309888
2019-07-13 07:22:56,366 INFO  volume.VolumeSet (VolumeSet.java:initializeVolumeSet(170)) - Added Volume : /tmp/workdir/hadoop-ozone/integration-test/target/test-dir/MiniOzoneClusterImpl-35f2412a-9966-4e2f-8b9c-01fb3afcc828/datanode-0/data/containers/hdds to VolumeSet
2019-07-13 07:22:56,366 INFO  volume.ThrottledAsyncChecker (ThrottledAsyncChecker.java:schedule(140)) - Scheduling a check for org.apache.hadoop.ozone.container.common.volume.HddsVolume@10bf1ec9
2019-07-13 07:22:56,367 INFO  volume.HddsVolumeChecker (HddsVolumeChecker.java:checkAllVolumes(203)) - Scheduled health check for volume org.apache.hadoop.ozone.container.common.volume.HddsVolume@10bf1ec9
2019-07-13 07:22:56,381 INFO  impl.RaftServerProxy (ConfUtils.java:logGet(43)) - raft.rpc.type = GRPC (default)
2019-07-13 07:22:56,381 INFO  grpc.GrpcFactory (GrpcFactory.java:checkPooledByteBufAllocatorUseCacheForAllThreads(45)) - PERFORMANCE WARNING: useCacheForAllThreads is true that may cause Netty to create a lot garbage objects and, as a result, trigger GC.
	It is recommended to disable useCacheForAllThreads by setting -Dorg.apache.ratis.thirdparty.io.netty.allocator.useCacheForAllThreads=false in command line.
2019-07-13 07:22:56,382 INFO  grpc.GrpcConfigKeys$Server (ConfUtils.java:logGet(43)) - raft.grpc.server.port = 0 (default)
2019-07-13 07:22:56,382 INFO  server.GrpcService (ConfUtils.java:logGet(43)) - raft.grpc.message.size.max = 33570816 (custom)
2019-07-13 07:22:56,382 INFO  server.RaftServerConfigKeys (ConfUtils.java:logGet(43)) - raft.server.log.appender.buffer.byte-limit = 33554432 (custom)
2019-07-13 07:22:56,382 INFO  server.GrpcService (ConfUtils.java:logGet(43)) - raft.grpc.flow.control.window = 1MB (=1048576) (default)
2019-07-13 07:22:56,382 INFO  server.RaftServerConfigKeys (ConfUtils.java:logGet(43)) - raft.server.rpc.request.timeout = 3000ms (default)
2019-07-13 07:22:56,383 INFO  server.RaftServerConfigKeys (ConfUtils.java:logGet(43)) - raft.server.storage.dir = [/tmp/workdir/hadoop-ozone/integration-test/target/test-dir/MiniOzoneClusterImpl-35f2412a-9966-4e2f-8b9c-01fb3afcc828/datanode-0/data/ratis] (custom)
2019-07-13 07:22:56,383 INFO  replication.SimpleContainerDownloader (SimpleContainerDownloader.java:<init>(72)) - Starting container downloader service to copy containers to replicate.
2019-07-13 07:22:56,384 INFO  hdfs.DFSUtil (DFSUtil.java:httpServerTemplateForNNAndJN(1641)) - Starting Web-server for hddsDatanode at: http://0.0.0.0:0
2019-07-13 07:22:56,386 INFO  server.AuthenticationFilter (AuthenticationFilter.java:constructSecretProvider(240)) - Unable to initialize FileSignerSecretProvider, falling back to use random secrets.
2019-07-13 07:22:56,386 WARN  http.HttpRequestLog (HttpRequestLog.java:getRequestLog(97)) - Jetty request log can only be enabled using Log4j
2019-07-13 07:22:56,387 INFO  http.HttpServer2 (HttpServer2.java:addGlobalFilter(975)) - Added global filter 'safety' (class=org.apache.hadoop.http.HttpServer2$QuotingInputFilter)
2019-07-13 07:22:56,389 INFO  http.HttpServer2 (HttpServer2.java:addFilter(948)) - Added filter static_user_filter (class=org.apache.hadoop.http.lib.StaticUserWebFilter$StaticUserFilter) to context hddsDatanode
2019-07-13 07:22:56,389 INFO  http.HttpServer2 (HttpServer2.java:addFilter(958)) - Added filter static_user_filter (class=org.apache.hadoop.http.lib.StaticUserWebFilter$StaticUserFilter) to context logs
2019-07-13 07:22:56,389 INFO  http.HttpServer2 (HttpServer2.java:addFilter(958)) - Added filter static_user_filter (class=org.apache.hadoop.http.lib.StaticUserWebFilter$StaticUserFilter) to context static
2019-07-13 07:22:56,390 INFO  http.HttpServer2 (HttpServer2.java:bindListener(1191)) - Jetty bound to port 42744
2019-07-13 07:22:56,390 INFO  server.Server (Server.java:doStart(351)) - jetty-9.3.24.v20180605, build timestamp: 2018-06-05T17:11:56Z, git hash: 84205aa28f11a4f31f2a3b86d1bba2cc8ab69827
2019-07-13 07:22:56,391 INFO  handler.ContextHandler (ContextHandler.java:doStart(781)) - Started o.e.j.s.ServletContextHandler@18907af2{/logs,file:///tmp/workdir/hadoop-ozone/integration-test/target/log,AVAILABLE}
2019-07-13 07:22:56,392 INFO  handler.ContextHandler (ContextHandler.java:doStart(781)) - Started o.e.j.s.ServletContextHandler@cfd5cd2{/static,jar:file:/home/user/.m2/repository/org/apache/hadoop/hadoop-hdds-container-service/0.5.0-SNAPSHOT/hadoop-hdds-container-service-0.5.0-SNAPSHOT.jar!/webapps/static,AVAILABLE}
2019-07-13 07:22:56,419 INFO  handler.ContextHandler (ContextHandler.java:doStart(781)) - Started o.e.j.w.WebAppContext@56da96b3{/,file:///tmp/jetty-0.0.0.0-42744-hddsDatanode-_-any-6025341505973548239.dir/webapp/,AVAILABLE}{/hddsDatanode}
2019-07-13 07:22:56,420 INFO  server.AbstractConnector (AbstractConnector.java:doStart(278)) - Started ServerConnector@6b3d9c38{HTTP/1.1,[http/1.1]}{0.0.0.0:42744}
2019-07-13 07:22:56,420 INFO  server.Server (Server.java:doStart(419)) - Started @39458ms
2019-07-13 07:22:56,421 INFO  server.BaseHttpServer (BaseHttpServer.java:updateConnectorAddress(207)) - HTTP server of HDDSDATANODE is listening at http://0.0.0.0:42744
2019-07-13 07:22:56,541 INFO  ozone.HddsDatanodeService (HddsDatanodeService.java:startPlugins(396)) - Started plug-in org.apache.hadoop.ozone.web.OzoneHddsDatanodeService@467ef400
2019-07-13 07:22:56,542 INFO  impl.MetricsSystemImpl (MetricsSystemImpl.java:init(158)) - HddsDatanode metrics system started (again)
2019-07-13 07:22:56,543 INFO  ozone.HddsDatanodeService (HddsDatanodeService.java:start(185)) - HddsDatanodeService host:trunk-nightly-9lh4p-2362225927 ip:192.168.69.84
2019-07-13 07:22:56,544 INFO  util.JvmPauseMonitor (JvmPauseMonitor.java:run(188)) - Starting JVM pause monitor
2019-07-13 07:22:56,546 INFO  datanode.InitDatanodeState (InitDatanodeState.java:persistContainerDatanodeDetails(140)) - DatanodeDetails is persisted to /tmp/workdir/hadoop-ozone/integration-test/target/test-dir/MiniOzoneClusterImpl-35f2412a-9966-4e2f-8b9c-01fb3afcc828/datanode-0/meta/datanode.id
2019-07-13 07:22:56,550 INFO  volume.HddsVolume (HddsVolume.java:<init>(176)) - Creating Volume: /tmp/workdir/hadoop-ozone/integration-test/target/test-dir/MiniOzoneClusterImpl-35f2412a-9966-4e2f-8b9c-01fb3afcc828/datanode-1/data/containers/hdds of  storage type : DISK and capacity : 52710309888
2019-07-13 07:22:56,551 INFO  volume.VolumeSet (VolumeSet.java:initializeVolumeSet(170)) - Added Volume : /tmp/workdir/hadoop-ozone/integration-test/target/test-dir/MiniOzoneClusterImpl-35f2412a-9966-4e2f-8b9c-01fb3afcc828/datanode-1/data/containers/hdds to VolumeSet
2019-07-13 07:22:56,551 INFO  volume.ThrottledAsyncChecker (ThrottledAsyncChecker.java:schedule(140)) - Scheduling a check for org.apache.hadoop.ozone.container.common.volume.HddsVolume@49190ed6
2019-07-13 07:22:56,551 INFO  volume.HddsVolumeChecker (HddsVolumeChecker.java:checkAllVolumes(203)) - Scheduled health check for volume org.apache.hadoop.ozone.container.common.volume.HddsVolume@49190ed6
2019-07-13 07:22:56,565 INFO  impl.RaftServerProxy (ConfUtils.java:logGet(43)) - raft.rpc.type = GRPC (default)
2019-07-13 07:22:56,565 INFO  grpc.GrpcFactory (GrpcFactory.java:checkPooledByteBufAllocatorUseCacheForAllThreads(45)) - PERFORMANCE WARNING: useCacheForAllThreads is true that may cause Netty to create a lot garbage objects and, as a result, trigger GC.
	It is recommended to disable useCacheForAllThreads by setting -Dorg.apache.ratis.thirdparty.io.netty.allocator.useCacheForAllThreads=false in command line.
2019-07-13 07:22:56,565 INFO  grpc.GrpcConfigKeys$Server (ConfUtils.java:logGet(43)) - raft.grpc.server.port = 0 (default)
2019-07-13 07:22:56,565 INFO  server.GrpcService (ConfUtils.java:logGet(43)) - raft.grpc.message.size.max = 33570816 (custom)
2019-07-13 07:22:56,565 INFO  server.RaftServerConfigKeys (ConfUtils.java:logGet(43)) - raft.server.log.appender.buffer.byte-limit = 33554432 (custom)
2019-07-13 07:22:56,566 INFO  server.GrpcService (ConfUtils.java:logGet(43)) - raft.grpc.flow.control.window = 1MB (=1048576) (default)
2019-07-13 07:22:56,566 INFO  server.RaftServerConfigKeys (ConfUtils.java:logGet(43)) - raft.server.rpc.request.timeout = 3000ms (default)
2019-07-13 07:22:56,566 INFO  server.RaftServerConfigKeys (ConfUtils.java:logGet(43)) - raft.server.storage.dir = [/tmp/workdir/hadoop-ozone/integration-test/target/test-dir/MiniOzoneClusterImpl-35f2412a-9966-4e2f-8b9c-01fb3afcc828/datanode-1/data/ratis] (custom)
2019-07-13 07:22:56,567 INFO  replication.SimpleContainerDownloader (SimpleContainerDownloader.java:<init>(72)) - Starting container downloader service to copy containers to replicate.
2019-07-13 07:22:56,568 INFO  hdfs.DFSUtil (DFSUtil.java:httpServerTemplateForNNAndJN(1641)) - Starting Web-server for hddsDatanode at: http://0.0.0.0:0
2019-07-13 07:22:56,569 INFO  server.AuthenticationFilter (AuthenticationFilter.java:constructSecretProvider(240)) - Unable to initialize FileSignerSecretProvider, falling back to use random secrets.
2019-07-13 07:22:56,569 WARN  http.HttpRequestLog (HttpRequestLog.java:getRequestLog(97)) - Jetty request log can only be enabled using Log4j
2019-07-13 07:22:56,570 INFO  http.HttpServer2 (HttpServer2.java:addGlobalFilter(975)) - Added global filter 'safety' (class=org.apache.hadoop.http.HttpServer2$QuotingInputFilter)
2019-07-13 07:22:56,571 INFO  http.HttpServer2 (HttpServer2.java:addFilter(948)) - Added filter static_user_filter (class=org.apache.hadoop.http.lib.StaticUserWebFilter$StaticUserFilter) to context hddsDatanode
2019-07-13 07:22:56,571 INFO  http.HttpServer2 (HttpServer2.java:addFilter(958)) - Added filter static_user_filter (class=org.apache.hadoop.http.lib.StaticUserWebFilter$StaticUserFilter) to context static
2019-07-13 07:22:56,571 INFO  http.HttpServer2 (HttpServer2.java:addFilter(958)) - Added filter static_user_filter (class=org.apache.hadoop.http.lib.StaticUserWebFilter$StaticUserFilter) to context logs
2019-07-13 07:22:56,572 INFO  http.HttpServer2 (HttpServer2.java:bindListener(1191)) - Jetty bound to port 40217
2019-07-13 07:22:56,572 INFO  server.Server (Server.java:doStart(351)) - jetty-9.3.24.v20180605, build timestamp: 2018-06-05T17:11:56Z, git hash: 84205aa28f11a4f31f2a3b86d1bba2cc8ab69827
2019-07-13 07:22:56,574 INFO  handler.ContextHandler (ContextHandler.java:doStart(781)) - Started o.e.j.s.ServletContextHandler@6e9a10cd{/logs,file:///tmp/workdir/hadoop-ozone/integration-test/target/log,AVAILABLE}
2019-07-13 07:22:56,575 INFO  handler.ContextHandler (ContextHandler.java:doStart(781)) - Started o.e.j.s.ServletContextHandler@59b447a4{/static,jar:file:/home/user/.m2/repository/org/apache/hadoop/hadoop-hdds-container-service/0.5.0-SNAPSHOT/hadoop-hdds-container-service-0.5.0-SNAPSHOT.jar!/webapps/static,AVAILABLE}
2019-07-13 07:22:56,602 INFO  handler.ContextHandler (ContextHandler.java:doStart(781)) - Started o.e.j.w.WebAppContext@1377b1a0{/,file:///tmp/jetty-0.0.0.0-40217-hddsDatanode-_-any-7655300530821864933.dir/webapp/,AVAILABLE}{/hddsDatanode}
2019-07-13 07:22:56,603 INFO  server.AbstractConnector (AbstractConnector.java:doStart(278)) - Started ServerConnector@48cf8414{HTTP/1.1,[http/1.1]}{0.0.0.0:40217}
2019-07-13 07:22:56,603 INFO  server.Server (Server.java:doStart(419)) - Started @39641ms
2019-07-13 07:22:56,604 INFO  server.BaseHttpServer (BaseHttpServer.java:updateConnectorAddress(207)) - HTTP server of HDDSDATANODE is listening at http://0.0.0.0:40217
2019-07-13 07:22:56,721 INFO  ozone.HddsDatanodeService (HddsDatanodeService.java:startPlugins(396)) - Started plug-in org.apache.hadoop.ozone.web.OzoneHddsDatanodeService@20864cd1
2019-07-13 07:22:56,721 INFO  impl.MetricsSystemImpl (MetricsSystemImpl.java:init(158)) - HddsDatanode metrics system started (again)
2019-07-13 07:22:56,723 INFO  ozone.HddsDatanodeService (HddsDatanodeService.java:start(185)) - HddsDatanodeService host:trunk-nightly-9lh4p-2362225927 ip:192.168.69.84
2019-07-13 07:22:56,724 INFO  util.JvmPauseMonitor (JvmPauseMonitor.java:run(188)) - Starting JVM pause monitor
2019-07-13 07:22:56,726 INFO  datanode.InitDatanodeState (InitDatanodeState.java:persistContainerDatanodeDetails(140)) - DatanodeDetails is persisted to /tmp/workdir/hadoop-ozone/integration-test/target/test-dir/MiniOzoneClusterImpl-35f2412a-9966-4e2f-8b9c-01fb3afcc828/datanode-1/meta/datanode.id
2019-07-13 07:22:56,730 INFO  volume.HddsVolume (HddsVolume.java:<init>(176)) - Creating Volume: /tmp/workdir/hadoop-ozone/integration-test/target/test-dir/MiniOzoneClusterImpl-35f2412a-9966-4e2f-8b9c-01fb3afcc828/datanode-2/data/containers/hdds of  storage type : DISK and capacity : 52710309888
2019-07-13 07:22:56,730 INFO  volume.VolumeSet (VolumeSet.java:initializeVolumeSet(170)) - Added Volume : /tmp/workdir/hadoop-ozone/integration-test/target/test-dir/MiniOzoneClusterImpl-35f2412a-9966-4e2f-8b9c-01fb3afcc828/datanode-2/data/containers/hdds to VolumeSet
2019-07-13 07:22:56,731 INFO  volume.ThrottledAsyncChecker (ThrottledAsyncChecker.java:schedule(140)) - Scheduling a check for org.apache.hadoop.ozone.container.common.volume.HddsVolume@5cffec7
2019-07-13 07:22:56,731 INFO  volume.HddsVolumeChecker (HddsVolumeChecker.java:checkAllVolumes(203)) - Scheduled health check for volume org.apache.hadoop.ozone.container.common.volume.HddsVolume@5cffec7
2019-07-13 07:22:56,745 INFO  impl.RaftServerProxy (ConfUtils.java:logGet(43)) - raft.rpc.type = GRPC (default)
2019-07-13 07:22:56,745 INFO  grpc.GrpcFactory (GrpcFactory.java:checkPooledByteBufAllocatorUseCacheForAllThreads(45)) - PERFORMANCE WARNING: useCacheForAllThreads is true that may cause Netty to create a lot garbage objects and, as a result, trigger GC.
	It is recommended to disable useCacheForAllThreads by setting -Dorg.apache.ratis.thirdparty.io.netty.allocator.useCacheForAllThreads=false in command line.
2019-07-13 07:22:56,745 INFO  grpc.GrpcConfigKeys$Server (ConfUtils.java:logGet(43)) - raft.grpc.server.port = 0 (default)
2019-07-13 07:22:56,745 INFO  server.GrpcService (ConfUtils.java:logGet(43)) - raft.grpc.message.size.max = 33570816 (custom)
2019-07-13 07:22:56,745 INFO  server.RaftServerConfigKeys (ConfUtils.java:logGet(43)) - raft.server.log.appender.buffer.byte-limit = 33554432 (custom)
2019-07-13 07:22:56,746 INFO  server.GrpcService (ConfUtils.java:logGet(43)) - raft.grpc.flow.control.window = 1MB (=1048576) (default)
2019-07-13 07:22:56,746 INFO  server.RaftServerConfigKeys (ConfUtils.java:logGet(43)) - raft.server.rpc.request.timeout = 3000ms (default)
2019-07-13 07:22:56,746 INFO  server.RaftServerConfigKeys (ConfUtils.java:logGet(43)) - raft.server.storage.dir = [/tmp/workdir/hadoop-ozone/integration-test/target/test-dir/MiniOzoneClusterImpl-35f2412a-9966-4e2f-8b9c-01fb3afcc828/datanode-2/data/ratis] (custom)
2019-07-13 07:22:56,747 INFO  replication.SimpleContainerDownloader (SimpleContainerDownloader.java:<init>(72)) - Starting container downloader service to copy containers to replicate.
2019-07-13 07:22:56,748 INFO  hdfs.DFSUtil (DFSUtil.java:httpServerTemplateForNNAndJN(1641)) - Starting Web-server for hddsDatanode at: http://0.0.0.0:0
2019-07-13 07:22:56,749 INFO  server.AuthenticationFilter (AuthenticationFilter.java:constructSecretProvider(240)) - Unable to initialize FileSignerSecretProvider, falling back to use random secrets.
2019-07-13 07:22:56,749 WARN  http.HttpRequestLog (HttpRequestLog.java:getRequestLog(97)) - Jetty request log can only be enabled using Log4j
2019-07-13 07:22:56,751 INFO  http.HttpServer2 (HttpServer2.java:addGlobalFilter(975)) - Added global filter 'safety' (class=org.apache.hadoop.http.HttpServer2$QuotingInputFilter)
2019-07-13 07:22:56,751 INFO  http.HttpServer2 (HttpServer2.java:addFilter(948)) - Added filter static_user_filter (class=org.apache.hadoop.http.lib.StaticUserWebFilter$StaticUserFilter) to context hddsDatanode
2019-07-13 07:22:56,751 INFO  http.HttpServer2 (HttpServer2.java:addFilter(958)) - Added filter static_user_filter (class=org.apache.hadoop.http.lib.StaticUserWebFilter$StaticUserFilter) to context logs
2019-07-13 07:22:56,751 INFO  http.HttpServer2 (HttpServer2.java:addFilter(958)) - Added filter static_user_filter (class=org.apache.hadoop.http.lib.StaticUserWebFilter$StaticUserFilter) to context static
2019-07-13 07:22:56,752 INFO  http.HttpServer2 (HttpServer2.java:bindListener(1191)) - Jetty bound to port 35830
2019-07-13 07:22:56,752 INFO  server.Server (Server.java:doStart(351)) - jetty-9.3.24.v20180605, build timestamp: 2018-06-05T17:11:56Z, git hash: 84205aa28f11a4f31f2a3b86d1bba2cc8ab69827
2019-07-13 07:22:56,754 INFO  handler.ContextHandler (ContextHandler.java:doStart(781)) - Started o.e.j.s.ServletContextHandler@53dba9cd{/logs,file:///tmp/workdir/hadoop-ozone/integration-test/target/log,AVAILABLE}
2019-07-13 07:22:56,754 INFO  handler.ContextHandler (ContextHandler.java:doStart(781)) - Started o.e.j.s.ServletContextHandler@5834198f{/static,jar:file:/home/user/.m2/repository/org/apache/hadoop/hadoop-hdds-container-service/0.5.0-SNAPSHOT/hadoop-hdds-container-service-0.5.0-SNAPSHOT.jar!/webapps/static,AVAILABLE}
2019-07-13 07:22:56,781 INFO  handler.ContextHandler (ContextHandler.java:doStart(781)) - Started o.e.j.w.WebAppContext@20027c44{/,file:///tmp/jetty-0.0.0.0-35830-hddsDatanode-_-any-1996378731890575379.dir/webapp/,AVAILABLE}{/hddsDatanode}
2019-07-13 07:22:56,782 INFO  server.AbstractConnector (AbstractConnector.java:doStart(278)) - Started ServerConnector@7eae55{HTTP/1.1,[http/1.1]}{0.0.0.0:35830}
2019-07-13 07:22:56,783 INFO  server.Server (Server.java:doStart(419)) - Started @39821ms
2019-07-13 07:22:56,784 INFO  server.BaseHttpServer (BaseHttpServer.java:updateConnectorAddress(207)) - HTTP server of HDDSDATANODE is listening at http://0.0.0.0:35830
2019-07-13 07:22:57,007 INFO  ozone.HddsDatanodeService (HddsDatanodeService.java:startPlugins(396)) - Started plug-in org.apache.hadoop.ozone.web.OzoneHddsDatanodeService@5464b97c
2019-07-13 07:22:57,008 INFO  impl.MetricsSystemImpl (MetricsSystemImpl.java:init(158)) - HddsDatanode metrics system started (again)
2019-07-13 07:22:57,010 INFO  ozone.HddsDatanodeService (HddsDatanodeService.java:start(185)) - HddsDatanodeService host:trunk-nightly-9lh4p-2362225927 ip:192.168.69.84
2019-07-13 07:22:57,011 INFO  util.JvmPauseMonitor (JvmPauseMonitor.java:run(188)) - Starting JVM pause monitor
2019-07-13 07:22:57,013 INFO  datanode.InitDatanodeState (InitDatanodeState.java:persistContainerDatanodeDetails(140)) - DatanodeDetails is persisted to /tmp/workdir/hadoop-ozone/integration-test/target/test-dir/MiniOzoneClusterImpl-35f2412a-9966-4e2f-8b9c-01fb3afcc828/datanode-2/meta/datanode.id
2019-07-13 07:22:57,019 INFO  volume.HddsVolume (HddsVolume.java:<init>(176)) - Creating Volume: /tmp/workdir/hadoop-ozone/integration-test/target/test-dir/MiniOzoneClusterImpl-35f2412a-9966-4e2f-8b9c-01fb3afcc828/datanode-3/data/containers/hdds of  storage type : DISK and capacity : 52710309888
2019-07-13 07:22:57,019 INFO  volume.VolumeSet (VolumeSet.java:initializeVolumeSet(170)) - Added Volume : /tmp/workdir/hadoop-ozone/integration-test/target/test-dir/MiniOzoneClusterImpl-35f2412a-9966-4e2f-8b9c-01fb3afcc828/datanode-3/data/containers/hdds to VolumeSet
2019-07-13 07:22:57,020 INFO  volume.ThrottledAsyncChecker (ThrottledAsyncChecker.java:schedule(140)) - Scheduling a check for org.apache.hadoop.ozone.container.common.volume.HddsVolume@13c90c06
2019-07-13 07:22:57,020 INFO  volume.HddsVolumeChecker (HddsVolumeChecker.java:checkAllVolumes(203)) - Scheduled health check for volume org.apache.hadoop.ozone.container.common.volume.HddsVolume@13c90c06
2019-07-13 07:22:57,039 INFO  impl.RaftServerProxy (ConfUtils.java:logGet(43)) - raft.rpc.type = GRPC (default)
2019-07-13 07:22:57,039 INFO  grpc.GrpcFactory (GrpcFactory.java:checkPooledByteBufAllocatorUseCacheForAllThreads(45)) - PERFORMANCE WARNING: useCacheForAllThreads is true that may cause Netty to create a lot garbage objects and, as a result, trigger GC.
	It is recommended to disable useCacheForAllThreads by setting -Dorg.apache.ratis.thirdparty.io.netty.allocator.useCacheForAllThreads=false in command line.
2019-07-13 07:22:57,040 INFO  grpc.GrpcConfigKeys$Server (ConfUtils.java:logGet(43)) - raft.grpc.server.port = 0 (default)
2019-07-13 07:22:57,040 INFO  server.GrpcService (ConfUtils.java:logGet(43)) - raft.grpc.message.size.max = 33570816 (custom)
2019-07-13 07:22:57,040 INFO  server.RaftServerConfigKeys (ConfUtils.java:logGet(43)) - raft.server.log.appender.buffer.byte-limit = 33554432 (custom)
2019-07-13 07:22:57,041 INFO  server.GrpcService (ConfUtils.java:logGet(43)) - raft.grpc.flow.control.window = 1MB (=1048576) (default)
2019-07-13 07:22:57,041 INFO  server.RaftServerConfigKeys (ConfUtils.java:logGet(43)) - raft.server.rpc.request.timeout = 3000ms (default)
2019-07-13 07:22:57,042 INFO  server.RaftServerConfigKeys (ConfUtils.java:logGet(43)) - raft.server.storage.dir = [/tmp/workdir/hadoop-ozone/integration-test/target/test-dir/MiniOzoneClusterImpl-35f2412a-9966-4e2f-8b9c-01fb3afcc828/datanode-3/data/ratis] (custom)
2019-07-13 07:22:57,042 INFO  replication.SimpleContainerDownloader (SimpleContainerDownloader.java:<init>(72)) - Starting container downloader service to copy containers to replicate.
2019-07-13 07:22:57,044 INFO  hdfs.DFSUtil (DFSUtil.java:httpServerTemplateForNNAndJN(1641)) - Starting Web-server for hddsDatanode at: http://0.0.0.0:0
2019-07-13 07:22:57,045 INFO  server.AuthenticationFilter (AuthenticationFilter.java:constructSecretProvider(240)) - Unable to initialize FileSignerSecretProvider, falling back to use random secrets.
2019-07-13 07:22:57,046 WARN  http.HttpRequestLog (HttpRequestLog.java:getRequestLog(97)) - Jetty request log can only be enabled using Log4j
2019-07-13 07:22:57,048 INFO  http.HttpServer2 (HttpServer2.java:addGlobalFilter(975)) - Added global filter 'safety' (class=org.apache.hadoop.http.HttpServer2$QuotingInputFilter)
2019-07-13 07:22:57,048 INFO  http.HttpServer2 (HttpServer2.java:addFilter(948)) - Added filter static_user_filter (class=org.apache.hadoop.http.lib.StaticUserWebFilter$StaticUserFilter) to context hddsDatanode
2019-07-13 07:22:57,048 INFO  http.HttpServer2 (HttpServer2.java:addFilter(958)) - Added filter static_user_filter (class=org.apache.hadoop.http.lib.StaticUserWebFilter$StaticUserFilter) to context static
2019-07-13 07:22:57,049 INFO  http.HttpServer2 (HttpServer2.java:addFilter(958)) - Added filter static_user_filter (class=org.apache.hadoop.http.lib.StaticUserWebFilter$StaticUserFilter) to context logs
2019-07-13 07:22:57,049 INFO  http.HttpServer2 (HttpServer2.java:bindListener(1191)) - Jetty bound to port 45850
2019-07-13 07:22:57,050 INFO  server.Server (Server.java:doStart(351)) - jetty-9.3.24.v20180605, build timestamp: 2018-06-05T17:11:56Z, git hash: 84205aa28f11a4f31f2a3b86d1bba2cc8ab69827
2019-07-13 07:22:57,052 INFO  handler.ContextHandler (ContextHandler.java:doStart(781)) - Started o.e.j.s.ServletContextHandler@4537880f{/logs,file:///tmp/workdir/hadoop-ozone/integration-test/target/log,AVAILABLE}
2019-07-13 07:22:57,052 INFO  handler.ContextHandler (ContextHandler.java:doStart(781)) - Started o.e.j.s.ServletContextHandler@48e74764{/static,jar:file:/home/user/.m2/repository/org/apache/hadoop/hadoop-hdds-container-service/0.5.0-SNAPSHOT/hadoop-hdds-container-service-0.5.0-SNAPSHOT.jar!/webapps/static,AVAILABLE}
2019-07-13 07:22:57,089 INFO  handler.ContextHandler (ContextHandler.java:doStart(781)) - Started o.e.j.w.WebAppContext@3b65084e{/,file:///tmp/jetty-0.0.0.0-45850-hddsDatanode-_-any-3273763364054851740.dir/webapp/,AVAILABLE}{/hddsDatanode}
2019-07-13 07:22:57,090 INFO  server.AbstractConnector (AbstractConnector.java:doStart(278)) - Started ServerConnector@32d0d7eb{HTTP/1.1,[http/1.1]}{0.0.0.0:45850}
2019-07-13 07:22:57,091 INFO  server.Server (Server.java:doStart(419)) - Started @40129ms
2019-07-13 07:22:57,092 INFO  server.BaseHttpServer (BaseHttpServer.java:updateConnectorAddress(207)) - HTTP server of HDDSDATANODE is listening at http://0.0.0.0:45850
2019-07-13 07:22:57,207 INFO  ozone.HddsDatanodeService (HddsDatanodeService.java:startPlugins(396)) - Started plug-in org.apache.hadoop.ozone.web.OzoneHddsDatanodeService@3e2c4d4b
2019-07-13 07:22:57,207 INFO  impl.MetricsSystemImpl (MetricsSystemImpl.java:init(158)) - HddsDatanode metrics system started (again)
2019-07-13 07:22:57,209 INFO  ozone.HddsDatanodeService (HddsDatanodeService.java:start(185)) - HddsDatanodeService host:trunk-nightly-9lh4p-2362225927 ip:192.168.69.84
2019-07-13 07:22:57,210 INFO  util.JvmPauseMonitor (JvmPauseMonitor.java:run(188)) - Starting JVM pause monitor
2019-07-13 07:22:57,212 INFO  datanode.InitDatanodeState (InitDatanodeState.java:persistContainerDatanodeDetails(140)) - DatanodeDetails is persisted to /tmp/workdir/hadoop-ozone/integration-test/target/test-dir/MiniOzoneClusterImpl-35f2412a-9966-4e2f-8b9c-01fb3afcc828/datanode-3/meta/datanode.id
2019-07-13 07:22:57,217 INFO  volume.HddsVolume (HddsVolume.java:<init>(176)) - Creating Volume: /tmp/workdir/hadoop-ozone/integration-test/target/test-dir/MiniOzoneClusterImpl-35f2412a-9966-4e2f-8b9c-01fb3afcc828/datanode-4/data/containers/hdds of  storage type : DISK and capacity : 52710309888
2019-07-13 07:22:57,218 INFO  volume.VolumeSet (VolumeSet.java:initializeVolumeSet(170)) - Added Volume : /tmp/workdir/hadoop-ozone/integration-test/target/test-dir/MiniOzoneClusterImpl-35f2412a-9966-4e2f-8b9c-01fb3afcc828/datanode-4/data/containers/hdds to VolumeSet
2019-07-13 07:22:57,218 INFO  volume.ThrottledAsyncChecker (ThrottledAsyncChecker.java:schedule(140)) - Scheduling a check for org.apache.hadoop.ozone.container.common.volume.HddsVolume@63814bbe
2019-07-13 07:22:57,219 INFO  volume.HddsVolumeChecker (HddsVolumeChecker.java:checkAllVolumes(203)) - Scheduled health check for volume org.apache.hadoop.ozone.container.common.volume.HddsVolume@63814bbe
2019-07-13 07:22:57,232 INFO  impl.RaftServerProxy (ConfUtils.java:logGet(43)) - raft.rpc.type = GRPC (default)
2019-07-13 07:22:57,232 INFO  grpc.GrpcFactory (GrpcFactory.java:checkPooledByteBufAllocatorUseCacheForAllThreads(45)) - PERFORMANCE WARNING: useCacheForAllThreads is true that may cause Netty to create a lot garbage objects and, as a result, trigger GC.
	It is recommended to disable useCacheForAllThreads by setting -Dorg.apache.ratis.thirdparty.io.netty.allocator.useCacheForAllThreads=false in command line.
2019-07-13 07:22:57,233 INFO  grpc.GrpcConfigKeys$Server (ConfUtils.java:logGet(43)) - raft.grpc.server.port = 0 (default)
2019-07-13 07:22:57,233 INFO  server.GrpcService (ConfUtils.java:logGet(43)) - raft.grpc.message.size.max = 33570816 (custom)
2019-07-13 07:22:57,233 INFO  server.RaftServerConfigKeys (ConfUtils.java:logGet(43)) - raft.server.log.appender.buffer.byte-limit = 33554432 (custom)
2019-07-13 07:22:57,233 INFO  server.GrpcService (ConfUtils.java:logGet(43)) - raft.grpc.flow.control.window = 1MB (=1048576) (default)
2019-07-13 07:22:57,233 INFO  server.RaftServerConfigKeys (ConfUtils.java:logGet(43)) - raft.server.rpc.request.timeout = 3000ms (default)
2019-07-13 07:22:57,234 INFO  server.RaftServerConfigKeys (ConfUtils.java:logGet(43)) - raft.server.storage.dir = [/tmp/workdir/hadoop-ozone/integration-test/target/test-dir/MiniOzoneClusterImpl-35f2412a-9966-4e2f-8b9c-01fb3afcc828/datanode-4/data/ratis] (custom)
2019-07-13 07:22:57,234 INFO  replication.SimpleContainerDownloader (SimpleContainerDownloader.java:<init>(72)) - Starting container downloader service to copy containers to replicate.
2019-07-13 07:22:57,235 INFO  hdfs.DFSUtil (DFSUtil.java:httpServerTemplateForNNAndJN(1641)) - Starting Web-server for hddsDatanode at: http://0.0.0.0:0
2019-07-13 07:22:57,236 INFO  server.AuthenticationFilter (AuthenticationFilter.java:constructSecretProvider(240)) - Unable to initialize FileSignerSecretProvider, falling back to use random secrets.
2019-07-13 07:22:57,237 WARN  http.HttpRequestLog (HttpRequestLog.java:getRequestLog(97)) - Jetty request log can only be enabled using Log4j
2019-07-13 07:22:57,238 INFO  http.HttpServer2 (HttpServer2.java:addGlobalFilter(975)) - Added global filter 'safety' (class=org.apache.hadoop.http.HttpServer2$QuotingInputFilter)
2019-07-13 07:22:57,238 INFO  http.HttpServer2 (HttpServer2.java:addFilter(948)) - Added filter static_user_filter (class=org.apache.hadoop.http.lib.StaticUserWebFilter$StaticUserFilter) to context hddsDatanode
2019-07-13 07:22:57,238 INFO  http.HttpServer2 (HttpServer2.java:addFilter(958)) - Added filter static_user_filter (class=org.apache.hadoop.http.lib.StaticUserWebFilter$StaticUserFilter) to context logs
2019-07-13 07:22:57,239 INFO  http.HttpServer2 (HttpServer2.java:addFilter(958)) - Added filter static_user_filter (class=org.apache.hadoop.http.lib.StaticUserWebFilter$StaticUserFilter) to context static
2019-07-13 07:22:57,239 INFO  http.HttpServer2 (HttpServer2.java:bindListener(1191)) - Jetty bound to port 42336
2019-07-13 07:22:57,239 INFO  server.Server (Server.java:doStart(351)) - jetty-9.3.24.v20180605, build timestamp: 2018-06-05T17:11:56Z, git hash: 84205aa28f11a4f31f2a3b86d1bba2cc8ab69827
2019-07-13 07:22:57,241 INFO  handler.ContextHandler (ContextHandler.java:doStart(781)) - Started o.e.j.s.ServletContextHandler@6cc8adff{/logs,file:///tmp/workdir/hadoop-ozone/integration-test/target/log,AVAILABLE}
2019-07-13 07:22:57,242 INFO  handler.ContextHandler (ContextHandler.java:doStart(781)) - Started o.e.j.s.ServletContextHandler@280d5a82{/static,jar:file:/home/user/.m2/repository/org/apache/hadoop/hadoop-hdds-container-service/0.5.0-SNAPSHOT/hadoop-hdds-container-service-0.5.0-SNAPSHOT.jar!/webapps/static,AVAILABLE}
2019-07-13 07:22:57,268 INFO  handler.ContextHandler (ContextHandler.java:doStart(781)) - Started o.e.j.w.WebAppContext@503a7990{/,file:///tmp/jetty-0.0.0.0-42336-hddsDatanode-_-any-3831528926265029532.dir/webapp/,AVAILABLE}{/hddsDatanode}
2019-07-13 07:22:57,269 INFO  server.AbstractConnector (AbstractConnector.java:doStart(278)) - Started ServerConnector@69a90b81{HTTP/1.1,[http/1.1]}{0.0.0.0:42336}
2019-07-13 07:22:57,270 INFO  server.Server (Server.java:doStart(419)) - Started @40308ms
2019-07-13 07:22:57,271 INFO  server.BaseHttpServer (BaseHttpServer.java:updateConnectorAddress(207)) - HTTP server of HDDSDATANODE is listening at http://0.0.0.0:42336
2019-07-13 07:22:57,379 INFO  ozone.HddsDatanodeService (HddsDatanodeService.java:startPlugins(396)) - Started plug-in org.apache.hadoop.ozone.web.OzoneHddsDatanodeService@58ebee9
2019-07-13 07:22:57,380 INFO  impl.MetricsSystemImpl (MetricsSystemImpl.java:init(158)) - HddsDatanode metrics system started (again)
2019-07-13 07:22:57,383 INFO  ozone.HddsDatanodeService (HddsDatanodeService.java:start(185)) - HddsDatanodeService host:trunk-nightly-9lh4p-2362225927 ip:192.168.69.84
2019-07-13 07:22:57,384 INFO  util.JvmPauseMonitor (JvmPauseMonitor.java:run(188)) - Starting JVM pause monitor
2019-07-13 07:22:57,385 INFO  datanode.InitDatanodeState (InitDatanodeState.java:persistContainerDatanodeDetails(140)) - DatanodeDetails is persisted to /tmp/workdir/hadoop-ozone/integration-test/target/test-dir/MiniOzoneClusterImpl-35f2412a-9966-4e2f-8b9c-01fb3afcc828/datanode-4/meta/datanode.id
2019-07-13 07:22:57,392 INFO  volume.HddsVolume (HddsVolume.java:<init>(176)) - Creating Volume: /tmp/workdir/hadoop-ozone/integration-test/target/test-dir/MiniOzoneClusterImpl-35f2412a-9966-4e2f-8b9c-01fb3afcc828/datanode-5/data/containers/hdds of  storage type : DISK and capacity : 52710309888
2019-07-13 07:22:57,393 INFO  volume.VolumeSet (VolumeSet.java:initializeVolumeSet(170)) - Added Volume : /tmp/workdir/hadoop-ozone/integration-test/target/test-dir/MiniOzoneClusterImpl-35f2412a-9966-4e2f-8b9c-01fb3afcc828/datanode-5/data/containers/hdds to VolumeSet
2019-07-13 07:22:57,393 INFO  volume.ThrottledAsyncChecker (ThrottledAsyncChecker.java:schedule(140)) - Scheduling a check for org.apache.hadoop.ozone.container.common.volume.HddsVolume@ce2eaa7
2019-07-13 07:22:57,394 INFO  volume.HddsVolumeChecker (HddsVolumeChecker.java:checkAllVolumes(203)) - Scheduled health check for volume org.apache.hadoop.ozone.container.common.volume.HddsVolume@ce2eaa7
2019-07-13 07:22:57,414 INFO  impl.RaftServerProxy (ConfUtils.java:logGet(43)) - raft.rpc.type = GRPC (default)
2019-07-13 07:22:57,414 INFO  grpc.GrpcFactory (GrpcFactory.java:checkPooledByteBufAllocatorUseCacheForAllThreads(45)) - PERFORMANCE WARNING: useCacheForAllThreads is true that may cause Netty to create a lot garbage objects and, as a result, trigger GC.
	It is recommended to disable useCacheForAllThreads by setting -Dorg.apache.ratis.thirdparty.io.netty.allocator.useCacheForAllThreads=false in command line.
2019-07-13 07:22:57,414 INFO  grpc.GrpcConfigKeys$Server (ConfUtils.java:logGet(43)) - raft.grpc.server.port = 0 (default)
2019-07-13 07:22:57,415 INFO  server.GrpcService (ConfUtils.java:logGet(43)) - raft.grpc.message.size.max = 33570816 (custom)
2019-07-13 07:22:57,415 INFO  server.RaftServerConfigKeys (ConfUtils.java:logGet(43)) - raft.server.log.appender.buffer.byte-limit = 33554432 (custom)
2019-07-13 07:22:57,415 INFO  server.GrpcService (ConfUtils.java:logGet(43)) - raft.grpc.flow.control.window = 1MB (=1048576) (default)
2019-07-13 07:22:57,415 INFO  server.RaftServerConfigKeys (ConfUtils.java:logGet(43)) - raft.server.rpc.request.timeout = 3000ms (default)
2019-07-13 07:22:57,416 INFO  server.RaftServerConfigKeys (ConfUtils.java:logGet(43)) - raft.server.storage.dir = [/tmp/workdir/hadoop-ozone/integration-test/target/test-dir/MiniOzoneClusterImpl-35f2412a-9966-4e2f-8b9c-01fb3afcc828/datanode-5/data/ratis] (custom)
2019-07-13 07:22:57,417 INFO  replication.SimpleContainerDownloader (SimpleContainerDownloader.java:<init>(72)) - Starting container downloader service to copy containers to replicate.
2019-07-13 07:22:57,418 INFO  hdfs.DFSUtil (DFSUtil.java:httpServerTemplateForNNAndJN(1641)) - Starting Web-server for hddsDatanode at: http://0.0.0.0:0
2019-07-13 07:22:57,420 INFO  server.AuthenticationFilter (AuthenticationFilter.java:constructSecretProvider(240)) - Unable to initialize FileSignerSecretProvider, falling back to use random secrets.
2019-07-13 07:22:57,420 WARN  http.HttpRequestLog (HttpRequestLog.java:getRequestLog(97)) - Jetty request log can only be enabled using Log4j
2019-07-13 07:22:57,422 INFO  http.HttpServer2 (HttpServer2.java:addGlobalFilter(975)) - Added global filter 'safety' (class=org.apache.hadoop.http.HttpServer2$QuotingInputFilter)
2019-07-13 07:22:57,423 INFO  http.HttpServer2 (HttpServer2.java:addFilter(948)) - Added filter static_user_filter (class=org.apache.hadoop.http.lib.StaticUserWebFilter$StaticUserFilter) to context hddsDatanode
2019-07-13 07:22:57,423 INFO  http.HttpServer2 (HttpServer2.java:addFilter(958)) - Added filter static_user_filter (class=org.apache.hadoop.http.lib.StaticUserWebFilter$StaticUserFilter) to context static
2019-07-13 07:22:57,424 INFO  http.HttpServer2 (HttpServer2.java:addFilter(958)) - Added filter static_user_filter (class=org.apache.hadoop.http.lib.StaticUserWebFilter$StaticUserFilter) to context logs
2019-07-13 07:22:57,424 INFO  http.HttpServer2 (HttpServer2.java:bindListener(1191)) - Jetty bound to port 38643
2019-07-13 07:22:57,425 INFO  server.Server (Server.java:doStart(351)) - jetty-9.3.24.v20180605, build timestamp: 2018-06-05T17:11:56Z, git hash: 84205aa28f11a4f31f2a3b86d1bba2cc8ab69827
2019-07-13 07:22:57,427 INFO  handler.ContextHandler (ContextHandler.java:doStart(781)) - Started o.e.j.s.ServletContextHandler@288409f0{/logs,file:///tmp/workdir/hadoop-ozone/integration-test/target/log,AVAILABLE}
2019-07-13 07:22:57,428 INFO  handler.ContextHandler (ContextHandler.java:doStart(781)) - Started o.e.j.s.ServletContextHandler@61eab26b{/static,jar:file:/home/user/.m2/repository/org/apache/hadoop/hadoop-hdds-container-service/0.5.0-SNAPSHOT/hadoop-hdds-container-service-0.5.0-SNAPSHOT.jar!/webapps/static,AVAILABLE}
2019-07-13 07:22:57,466 INFO  handler.ContextHandler (ContextHandler.java:doStart(781)) - Started o.e.j.w.WebAppContext@2efcc0b3{/,file:///tmp/jetty-0.0.0.0-38643-hddsDatanode-_-any-3336268662710159301.dir/webapp/,AVAILABLE}{/hddsDatanode}
2019-07-13 07:22:57,467 INFO  server.AbstractConnector (AbstractConnector.java:doStart(278)) - Started ServerConnector@4a453f8d{HTTP/1.1,[http/1.1]}{0.0.0.0:38643}
2019-07-13 07:22:57,468 INFO  server.Server (Server.java:doStart(419)) - Started @40506ms
2019-07-13 07:22:57,469 INFO  server.BaseHttpServer (BaseHttpServer.java:updateConnectorAddress(207)) - HTTP server of HDDSDATANODE is listening at http://0.0.0.0:38643
2019-07-13 07:22:57,581 INFO  ozone.HddsDatanodeService (HddsDatanodeService.java:startPlugins(396)) - Started plug-in org.apache.hadoop.ozone.web.OzoneHddsDatanodeService@6b3b2c34
2019-07-13 07:22:57,581 INFO  ozone.MiniOzoneClusterImpl (MiniOzoneClusterImpl.java:lambda$waitForClusterToBeReady$0(142)) - Waiting for cluster to be ready. Got 0 of 6 DN Heartbeats.
2019-07-13 07:22:57,585 INFO  util.JvmPauseMonitor (JvmPauseMonitor.java:run(188)) - Starting JVM pause monitor
2019-07-13 07:22:57,587 INFO  datanode.InitDatanodeState (InitDatanodeState.java:persistContainerDatanodeDetails(140)) - DatanodeDetails is persisted to /tmp/workdir/hadoop-ozone/integration-test/target/test-dir/MiniOzoneClusterImpl-35f2412a-9966-4e2f-8b9c-01fb3afcc828/datanode-5/meta/datanode.id
2019-07-13 07:22:58,569 INFO  ozoneimpl.OzoneContainer (OzoneContainer.java:start(186)) - Attempting to start container services.
2019-07-13 07:22:58,571 INFO  ozoneimpl.OzoneContainer (OzoneContainer.java:startContainerScrub(160)) - Background container scrubber has been disabled by hdds.containerscrub.enabled
2019-07-13 07:22:58,572 INFO  ratis.XceiverServerRatis (XceiverServerRatis.java:start(418)) - Starting XceiverServerRatis 9c343af4-c05a-43b8-aa7c-e8ca3b13aa3c at port 0
2019-07-13 07:22:58,579 INFO  impl.RaftServerProxy (RaftServerProxy.java:lambda$start$3(299)) - 9c343af4-c05a-43b8-aa7c-e8ca3b13aa3c: start RPC server
2019-07-13 07:22:58,581 INFO  server.GrpcService (GrpcService.java:startImpl(149)) - 9c343af4-c05a-43b8-aa7c-e8ca3b13aa3c: GrpcService started, listening on 0.0.0.0/0.0.0.0:35704
2019-07-13 07:22:58,582 INFO  ratis.XceiverServerRatis (XceiverServerRatis.java:start(428)) - XceiverServerRatis 9c343af4-c05a-43b8-aa7c-e8ca3b13aa3c is started using port 35704
2019-07-13 07:22:58,582 INFO  ozone.MiniOzoneClusterImpl (MiniOzoneClusterImpl.java:lambda$waitForClusterToBeReady$0(142)) - Waiting for cluster to be ready. Got 0 of 6 DN Heartbeats.
2019-07-13 07:22:58,583 INFO  server.XceiverServerGrpc (XceiverServerGrpc.java:start(161)) - XceiverServerGrpc 9c343af4-c05a-43b8-aa7c-e8ca3b13aa3c is started using port 33559
2019-07-13 07:22:58,740 INFO  ozoneimpl.OzoneContainer (OzoneContainer.java:start(186)) - Attempting to start container services.
2019-07-13 07:22:58,743 INFO  ozoneimpl.OzoneContainer (OzoneContainer.java:startContainerScrub(160)) - Background container scrubber has been disabled by hdds.containerscrub.enabled
2019-07-13 07:22:58,743 INFO  ratis.XceiverServerRatis (XceiverServerRatis.java:start(418)) - Starting XceiverServerRatis 5ad86f75-e507-485a-9899-0310f98c9cb1 at port 0
2019-07-13 07:22:58,751 INFO  impl.RaftServerProxy (RaftServerProxy.java:lambda$start$3(299)) - 5ad86f75-e507-485a-9899-0310f98c9cb1: start RPC server
2019-07-13 07:22:58,753 INFO  server.GrpcService (GrpcService.java:startImpl(149)) - 5ad86f75-e507-485a-9899-0310f98c9cb1: GrpcService started, listening on 0.0.0.0/0.0.0.0:42780
2019-07-13 07:22:58,753 INFO  ratis.XceiverServerRatis (XceiverServerRatis.java:start(428)) - XceiverServerRatis 5ad86f75-e507-485a-9899-0310f98c9cb1 is started using port 42780
2019-07-13 07:22:58,761 INFO  server.XceiverServerGrpc (XceiverServerGrpc.java:start(161)) - XceiverServerGrpc 5ad86f75-e507-485a-9899-0310f98c9cb1 is started using port 36442
2019-07-13 07:22:59,030 INFO  ozoneimpl.OzoneContainer (OzoneContainer.java:start(186)) - Attempting to start container services.
2019-07-13 07:22:59,033 INFO  ozoneimpl.OzoneContainer (OzoneContainer.java:startContainerScrub(160)) - Background container scrubber has been disabled by hdds.containerscrub.enabled
2019-07-13 07:22:59,034 INFO  ratis.XceiverServerRatis (XceiverServerRatis.java:start(418)) - Starting XceiverServerRatis 39edbc2c-2dac-420c-b4ca-f318d5f2f9bf at port 0
2019-07-13 07:22:59,041 INFO  impl.RaftServerProxy (RaftServerProxy.java:lambda$start$3(299)) - 39edbc2c-2dac-420c-b4ca-f318d5f2f9bf: start RPC server
2019-07-13 07:22:59,044 INFO  server.GrpcService (GrpcService.java:startImpl(149)) - 39edbc2c-2dac-420c-b4ca-f318d5f2f9bf: GrpcService started, listening on 0.0.0.0/0.0.0.0:40449
2019-07-13 07:22:59,044 INFO  ratis.XceiverServerRatis (XceiverServerRatis.java:start(428)) - XceiverServerRatis 39edbc2c-2dac-420c-b4ca-f318d5f2f9bf is started using port 40449
2019-07-13 07:22:59,045 INFO  server.XceiverServerGrpc (XceiverServerGrpc.java:start(161)) - XceiverServerGrpc 39edbc2c-2dac-420c-b4ca-f318d5f2f9bf is started using port 39399
2019-07-13 07:22:59,229 INFO  ozoneimpl.OzoneContainer (OzoneContainer.java:start(186)) - Attempting to start container services.
2019-07-13 07:22:59,237 INFO  ozoneimpl.OzoneContainer (OzoneContainer.java:startContainerScrub(160)) - Background container scrubber has been disabled by hdds.containerscrub.enabled
2019-07-13 07:22:59,237 INFO  ratis.XceiverServerRatis (XceiverServerRatis.java:start(418)) - Starting XceiverServerRatis a97d2114-7749-4499-b4d7-d95d9746d721 at port 0
2019-07-13 07:22:59,244 INFO  impl.RaftServerProxy (RaftServerProxy.java:lambda$start$3(299)) - a97d2114-7749-4499-b4d7-d95d9746d721: start RPC server
2019-07-13 07:22:59,247 INFO  server.GrpcService (GrpcService.java:startImpl(149)) - a97d2114-7749-4499-b4d7-d95d9746d721: GrpcService started, listening on 0.0.0.0/0.0.0.0:37016
2019-07-13 07:22:59,247 INFO  ratis.XceiverServerRatis (XceiverServerRatis.java:start(428)) - XceiverServerRatis a97d2114-7749-4499-b4d7-d95d9746d721 is started using port 37016
2019-07-13 07:22:59,254 INFO  server.XceiverServerGrpc (XceiverServerGrpc.java:start(161)) - XceiverServerGrpc a97d2114-7749-4499-b4d7-d95d9746d721 is started using port 33785
2019-07-13 07:22:59,399 INFO  ozoneimpl.OzoneContainer (OzoneContainer.java:start(186)) - Attempting to start container services.
2019-07-13 07:22:59,400 INFO  ozoneimpl.OzoneContainer (OzoneContainer.java:startContainerScrub(160)) - Background container scrubber has been disabled by hdds.containerscrub.enabled
2019-07-13 07:22:59,400 INFO  ratis.XceiverServerRatis (XceiverServerRatis.java:start(418)) - Starting XceiverServerRatis b1ff5848-6003-4ee8-9f43-30d2cda1f1d8 at port 0
2019-07-13 07:22:59,407 INFO  impl.RaftServerProxy (RaftServerProxy.java:lambda$start$3(299)) - b1ff5848-6003-4ee8-9f43-30d2cda1f1d8: start RPC server
2019-07-13 07:22:59,408 INFO  server.GrpcService (GrpcService.java:startImpl(149)) - b1ff5848-6003-4ee8-9f43-30d2cda1f1d8: GrpcService started, listening on 0.0.0.0/0.0.0.0:39675
2019-07-13 07:22:59,408 INFO  ratis.XceiverServerRatis (XceiverServerRatis.java:start(428)) - XceiverServerRatis b1ff5848-6003-4ee8-9f43-30d2cda1f1d8 is started using port 39675
2019-07-13 07:22:59,409 INFO  server.XceiverServerGrpc (XceiverServerGrpc.java:start(161)) - XceiverServerGrpc b1ff5848-6003-4ee8-9f43-30d2cda1f1d8 is started using port 43709
2019-07-13 07:22:59,582 INFO  ozone.MiniOzoneClusterImpl (MiniOzoneClusterImpl.java:lambda$waitForClusterToBeReady$0(142)) - Waiting for cluster to be ready. Got 0 of 6 DN Heartbeats.
2019-07-13 07:22:59,601 INFO  ozoneimpl.OzoneContainer (OzoneContainer.java:start(186)) - Attempting to start container services.
2019-07-13 07:22:59,601 INFO  ozoneimpl.OzoneContainer (OzoneContainer.java:startContainerScrub(160)) - Background container scrubber has been disabled by hdds.containerscrub.enabled
2019-07-13 07:22:59,601 INFO  ratis.XceiverServerRatis (XceiverServerRatis.java:start(418)) - Starting XceiverServerRatis 17b79d47-ca1d-452c-a8b3-9c1bdecaed3c at port 0
2019-07-13 07:22:59,610 INFO  impl.RaftServerProxy (RaftServerProxy.java:lambda$start$3(299)) - 17b79d47-ca1d-452c-a8b3-9c1bdecaed3c: start RPC server
2019-07-13 07:22:59,614 INFO  server.GrpcService (GrpcService.java:startImpl(149)) - 17b79d47-ca1d-452c-a8b3-9c1bdecaed3c: GrpcService started, listening on 0.0.0.0/0.0.0.0:42090
2019-07-13 07:22:59,614 INFO  ratis.XceiverServerRatis (XceiverServerRatis.java:start(428)) - XceiverServerRatis 17b79d47-ca1d-452c-a8b3-9c1bdecaed3c is started using port 42090
2019-07-13 07:22:59,617 INFO  server.XceiverServerGrpc (XceiverServerGrpc.java:start(161)) - XceiverServerGrpc 17b79d47-ca1d-452c-a8b3-9c1bdecaed3c is started using port 33980
2019-07-13 07:23:00,549 INFO  net.NetworkTopology (NetworkTopologyImpl.java:add(110)) - Added a new node: /default-rack/192.168.69.84
2019-07-13 07:23:00,552 INFO  node.SCMNodeManager (SCMNodeManager.java:register(269)) - Registered Data node : 9c343af4-c05a-43b8-aa7c-e8ca3b13aa3c{ip: 192.168.69.84, host: trunk-nightly-9lh4p-2362225927, networkLocation: /default-rack, certSerialId: null}
2019-07-13 07:23:00,553 INFO  safemode.SCMSafeModeManager (DataNodeSafeModeRule.java:process(71)) - SCM in safe mode. 1 DataNodes registered, 1 required.
2019-07-13 07:23:00,555 INFO  safemode.SCMSafeModeManager (SCMSafeModeManager.java:validateSafeModeExitRules(177)) - ScmSafeModeManager, all rules are successfully validated
2019-07-13 07:23:00,556 INFO  safemode.SCMSafeModeManager (SCMSafeModeManager.java:exitSafeMode(193)) - SCM exiting safe mode.
2019-07-13 07:23:00,577 INFO  impl.RaftServerProxy (RaftServerProxy.java:addNew(89)) - 9c343af4-c05a-43b8-aa7c-e8ca3b13aa3c: addNew group-3E284FF5A496:[9c343af4-c05a-43b8-aa7c-e8ca3b13aa3c:192.168.69.84:35704] returns group-3E284FF5A496:java.util.concurrent.CompletableFuture@18ea916c[Not completed]
2019-07-13 07:23:00,580 INFO  impl.RaftServerImpl (RaftServerImpl.java:<init>(93)) - 9c343af4-c05a-43b8-aa7c-e8ca3b13aa3c: new RaftServerImpl for group-3E284FF5A496:[9c343af4-c05a-43b8-aa7c-e8ca3b13aa3c:192.168.69.84:35704] with ContainerStateMachine:uninitialized
2019-07-13 07:23:00,580 INFO  server.RaftServerConfigKeys (ConfUtils.java:logGet(43)) - raft.server.rpc.timeout.min = 5s (custom)
2019-07-13 07:23:00,580 INFO  server.RaftServerConfigKeys (ConfUtils.java:logGet(43)) - raft.server.rpc.timeout.max = 5200ms (custom)
2019-07-13 07:23:00,580 INFO  server.RaftServerConfigKeys (ConfUtils.java:logGet(43)) - raft.server.rpcslowness.timeout = 120s (custom)
2019-07-13 07:23:00,580 INFO  server.RaftServerConfigKeys (ConfUtils.java:logGet(43)) - raft.server.sleep.deviation.threshold = 300 (default)
2019-07-13 07:23:00,580 INFO  server.RaftServerConfigKeys (ConfUtils.java:logGet(43)) - raft.server.log.appender.install.snapshot.enabled = false (custom)
2019-07-13 07:23:00,581 INFO  impl.RaftServerImpl (ServerState.java:<init>(105)) - 9c343af4-c05a-43b8-aa7c-e8ca3b13aa3c:group-3E284FF5A496 ConfigurationManager, init=-1: [9c343af4-c05a-43b8-aa7c-e8ca3b13aa3c:192.168.69.84:35704], old=null, confs=<EMPTY_MAP>
2019-07-13 07:23:00,581 INFO  server.RaftServerConfigKeys (ConfUtils.java:logGet(43)) - raft.server.storage.dir = [/tmp/workdir/hadoop-ozone/integration-test/target/test-dir/MiniOzoneClusterImpl-35f2412a-9966-4e2f-8b9c-01fb3afcc828/datanode-0/data/ratis] (custom)
2019-07-13 07:23:00,582 INFO  storage.RaftStorageDirectory (RaftStorageDirectory.java:analyzeStorage(246)) - The storage directory /tmp/workdir/hadoop-ozone/integration-test/target/test-dir/MiniOzoneClusterImpl-35f2412a-9966-4e2f-8b9c-01fb3afcc828/datanode-0/data/ratis/637671b2-57f6-499a-af0b-3e284ff5a496 does not exist. Creating ...
2019-07-13 07:23:00,583 INFO  ozone.MiniOzoneClusterImpl (MiniOzoneClusterImpl.java:lambda$waitForClusterToBeReady$0(142)) - Waiting for cluster to be ready. Got 1 of 6 DN Heartbeats.
2019-07-13 07:23:00,596 INFO  storage.RaftStorageDirectory (RaftStorageDirectory.java:tryLock(328)) - Lock on /tmp/workdir/hadoop-ozone/integration-test/target/test-dir/MiniOzoneClusterImpl-35f2412a-9966-4e2f-8b9c-01fb3afcc828/datanode-0/data/ratis/637671b2-57f6-499a-af0b-3e284ff5a496/in_use.lock acquired by nodename 15876@trunk-nightly-9lh4p-2362225927
2019-07-13 07:23:00,609 INFO  storage.RaftStorage (RaftStorage.java:format(72)) - Storage directory /tmp/workdir/hadoop-ozone/integration-test/target/test-dir/MiniOzoneClusterImpl-35f2412a-9966-4e2f-8b9c-01fb3afcc828/datanode-0/data/ratis/637671b2-57f6-499a-af0b-3e284ff5a496 has been successfully formatted.
2019-07-13 07:23:00,610 INFO  ratis.ContainerStateMachine (ContainerStateMachine.java:loadSnapshot(200)) - The snapshot info is null.Setting the last applied index to:(t:0, i:~)
2019-07-13 07:23:00,610 INFO  server.RaftServerConfigKeys (ConfUtils.java:logGet(43)) - raft.server.leader.election.timeout = 120s (custom)
2019-07-13 07:23:00,610 INFO  server.RaftServerConfigKeys (ConfUtils.java:logGet(43)) - raft.server.log.use.memory = false (default)
2019-07-13 07:23:00,610 INFO  server.RaftServerConfigKeys (ConfUtils.java:logGet(43)) - raft.server.log.purge.gap = 1000000000 (custom)
2019-07-13 07:23:00,611 INFO  server.RaftServerConfigKeys (ConfUtils.java:logGet(43)) - raft.server.log.appender.buffer.byte-limit = 33554432 (custom)
2019-07-13 07:23:00,611 INFO  server.RaftServerConfigKeys (ConfUtils.java:logGet(43)) - raft.server.log.segment.size.max = 1048576 (custom)
2019-07-13 07:23:00,611 INFO  server.RaftServerConfigKeys (ConfUtils.java:logGet(43)) - raft.server.log.segment.cache.num.max = 2 (custom)
2019-07-13 07:23:00,611 INFO  segmented.SegmentedRaftLogWorker (SegmentedRaftLogWorker.java:<init>(172)) - new 9c343af4-c05a-43b8-aa7c-e8ca3b13aa3c-SegmentedRaftLogWorker:Storage Directory /tmp/workdir/hadoop-ozone/integration-test/target/test-dir/MiniOzoneClusterImpl-35f2412a-9966-4e2f-8b9c-01fb3afcc828/datanode-0/data/ratis/637671b2-57f6-499a-af0b-3e284ff5a496 for RaftStorage:Storage Directory /tmp/workdir/hadoop-ozone/integration-test/target/test-dir/MiniOzoneClusterImpl-35f2412a-9966-4e2f-8b9c-01fb3afcc828/datanode-0/data/ratis/637671b2-57f6-499a-af0b-3e284ff5a496
2019-07-13 07:23:00,612 INFO  server.RaftServerConfigKeys (ConfUtils.java:logGet(43)) - raft.server.log.queue.byte-limit = 2147483647 (custom)
2019-07-13 07:23:00,612 INFO  server.RaftServerConfigKeys (ConfUtils.java:logGet(43)) - raft.server.log.queue.element-limit = 1024 (custom)
2019-07-13 07:23:00,612 INFO  server.RaftServerConfigKeys (ConfUtils.java:logGet(43)) - raft.server.log.segment.size.max = 1048576 (custom)
2019-07-13 07:23:00,612 INFO  server.RaftServerConfigKeys (ConfUtils.java:logGet(43)) - raft.server.log.preallocated.size = 16384 (custom)
2019-07-13 07:23:00,613 INFO  server.RaftServerConfigKeys (ConfUtils.java:logGet(43)) - raft.server.log.write.buffer.size = 33554432 (custom)
2019-07-13 07:23:00,613 INFO  server.RaftServerConfigKeys (ConfUtils.java:logGet(43)) - raft.server.log.force.sync.num = 128 (default)
2019-07-13 07:23:00,613 INFO  server.RaftServerConfigKeys (ConfUtils.java:logGet(43)) - raft.server.log.statemachine.data.sync = true (default)
2019-07-13 07:23:00,613 INFO  server.RaftServerConfigKeys (ConfUtils.java:logGet(43)) - raft.server.log.statemachine.data.sync.timeout = 10s (default)
2019-07-13 07:23:00,613 INFO  server.RaftServerConfigKeys (ConfUtils.java:logGet(43)) - raft.server.log.statemachine.data.sync.timeout.retry = -1 (default)
2019-07-13 07:23:00,614 INFO  server.RaftServerConfigKeys (ConfUtils.java:logGet(43)) - raft.server.log.statemachine.data.caching.enabled = true (custom)
2019-07-13 07:23:00,614 INFO  segmented.SegmentedRaftLogWorker (SegmentedRaftLogWorker.java:lambda$new$0(132)) - 9c343af4-c05a-43b8-aa7c-e8ca3b13aa3c-SegmentedRaftLogWorker:Storage Directory /tmp/workdir/hadoop-ozone/integration-test/target/test-dir/MiniOzoneClusterImpl-35f2412a-9966-4e2f-8b9c-01fb3afcc828/datanode-0/data/ratis/637671b2-57f6-499a-af0b-3e284ff5a496: flushIndex: setUnconditionally 0 -> -1
2019-07-13 07:23:00,615 INFO  server.RaftServerConfigKeys (ConfUtils.java:logGet(43)) - raft.server.snapshot.auto.trigger.enabled = true (custom)
2019-07-13 07:23:00,615 INFO  server.RaftServerConfigKeys (ConfUtils.java:logGet(43)) - raft.server.snapshot.auto.trigger.threshold = 10000 (custom)
2019-07-13 07:23:00,615 INFO  server.RaftServerConfigKeys (ConfUtils.java:logGet(43)) - raft.server.retrycache.expirytime = 600000ms (custom)
2019-07-13 07:23:00,616 INFO  impl.RaftServerImpl (RaftServerImpl.java:start(180)) - 9c343af4-c05a-43b8-aa7c-e8ca3b13aa3c: start group-3E284FF5A496
2019-07-13 07:23:00,616 INFO  impl.RaftServerImpl (RaftServerImpl.java:setRole(171)) - 9c343af4-c05a-43b8-aa7c-e8ca3b13aa3c:group-3E284FF5A496 changes role from null to FOLLOWER at term 0 for startAsFollower
2019-07-13 07:23:00,616 INFO  impl.RoleInfo (RoleInfo.java:updateAndGet(143)) - 9c343af4-c05a-43b8-aa7c-e8ca3b13aa3c: start FollowerState
2019-07-13 07:23:00,617 INFO  util.JmxRegister (JmxRegister.java:tryRegister(44)) - Successfully registered JMX Bean with object name Ratis:service=RaftServer,group=group-3E284FF5A496,id=9c343af4-c05a-43b8-aa7c-e8ca3b13aa3c
2019-07-13 07:23:00,623 INFO  pipeline.PipelineStateManager (PipelineStateManager.java:addPipeline(56)) - Created pipeline Pipeline[ Id: 637671b2-57f6-499a-af0b-3e284ff5a496, Nodes: 9c343af4-c05a-43b8-aa7c-e8ca3b13aa3c{ip: 192.168.69.84, host: trunk-nightly-9lh4p-2362225927, networkLocation: /default-rack, certSerialId: null}, Type:RATIS, Factor:ONE, State:OPEN]
2019-07-13 07:23:00,726 INFO  node.SCMNodeManager (SCMNodeManager.java:register(269)) - Registered Data node : 5ad86f75-e507-485a-9899-0310f98c9cb1{ip: 192.168.69.84, host: trunk-nightly-9lh4p-2362225927, networkLocation: /default-rack, certSerialId: null}
2019-07-13 07:23:00,740 INFO  impl.RaftServerProxy (RaftServerProxy.java:addNew(89)) - 5ad86f75-e507-485a-9899-0310f98c9cb1: addNew group-D74D8ACE9927:[5ad86f75-e507-485a-9899-0310f98c9cb1:192.168.69.84:42780] returns group-D74D8ACE9927:java.util.concurrent.CompletableFuture@271acc4d[Not completed]
2019-07-13 07:23:00,742 INFO  impl.RaftServerImpl (RaftServerImpl.java:<init>(93)) - 5ad86f75-e507-485a-9899-0310f98c9cb1: new RaftServerImpl for group-D74D8ACE9927:[5ad86f75-e507-485a-9899-0310f98c9cb1:192.168.69.84:42780] with ContainerStateMachine:uninitialized
2019-07-13 07:23:00,742 INFO  server.RaftServerConfigKeys (ConfUtils.java:logGet(43)) - raft.server.rpc.timeout.min = 5s (custom)
2019-07-13 07:23:00,742 INFO  server.RaftServerConfigKeys (ConfUtils.java:logGet(43)) - raft.server.rpc.timeout.max = 5200ms (custom)
2019-07-13 07:23:00,742 INFO  server.RaftServerConfigKeys (ConfUtils.java:logGet(43)) - raft.server.rpcslowness.timeout = 120s (custom)
2019-07-13 07:23:00,742 INFO  server.RaftServerConfigKeys (ConfUtils.java:logGet(43)) - raft.server.sleep.deviation.threshold = 300 (default)
2019-07-13 07:23:00,743 INFO  server.RaftServerConfigKeys (ConfUtils.java:logGet(43)) - raft.server.log.appender.install.snapshot.enabled = false (custom)
2019-07-13 07:23:00,743 INFO  impl.RaftServerImpl (ServerState.java:<init>(105)) - 5ad86f75-e507-485a-9899-0310f98c9cb1:group-D74D8ACE9927 ConfigurationManager, init=-1: [5ad86f75-e507-485a-9899-0310f98c9cb1:192.168.69.84:42780], old=null, confs=<EMPTY_MAP>
2019-07-13 07:23:00,743 INFO  server.RaftServerConfigKeys (ConfUtils.java:logGet(43)) - raft.server.storage.dir = [/tmp/workdir/hadoop-ozone/integration-test/target/test-dir/MiniOzoneClusterImpl-35f2412a-9966-4e2f-8b9c-01fb3afcc828/datanode-1/data/ratis] (custom)
2019-07-13 07:23:00,743 INFO  storage.RaftStorageDirectory (RaftStorageDirectory.java:analyzeStorage(246)) - The storage directory /tmp/workdir/hadoop-ozone/integration-test/target/test-dir/MiniOzoneClusterImpl-35f2412a-9966-4e2f-8b9c-01fb3afcc828/datanode-1/data/ratis/df21bc27-67f0-4b97-9fc0-d74d8ace9927 does not exist. Creating ...
2019-07-13 07:23:00,757 INFO  storage.RaftStorageDirectory (RaftStorageDirectory.java:tryLock(328)) - Lock on /tmp/workdir/hadoop-ozone/integration-test/target/test-dir/MiniOzoneClusterImpl-35f2412a-9966-4e2f-8b9c-01fb3afcc828/datanode-1/data/ratis/df21bc27-67f0-4b97-9fc0-d74d8ace9927/in_use.lock acquired by nodename 15876@trunk-nightly-9lh4p-2362225927
2019-07-13 07:23:00,771 INFO  storage.RaftStorage (RaftStorage.java:format(72)) - Storage directory /tmp/workdir/hadoop-ozone/integration-test/target/test-dir/MiniOzoneClusterImpl-35f2412a-9966-4e2f-8b9c-01fb3afcc828/datanode-1/data/ratis/df21bc27-67f0-4b97-9fc0-d74d8ace9927 has been successfully formatted.
2019-07-13 07:23:00,771 INFO  ratis.ContainerStateMachine (ContainerStateMachine.java:loadSnapshot(200)) - The snapshot info is null.Setting the last applied index to:(t:0, i:~)
2019-07-13 07:23:00,771 INFO  server.RaftServerConfigKeys (ConfUtils.java:logGet(43)) - raft.server.leader.election.timeout = 120s (custom)
2019-07-13 07:23:00,771 INFO  server.RaftServerConfigKeys (ConfUtils.java:logGet(43)) - raft.server.log.use.memory = false (default)
2019-07-13 07:23:00,772 INFO  server.RaftServerConfigKeys (ConfUtils.java:logGet(43)) - raft.server.log.purge.gap = 1000000000 (custom)
2019-07-13 07:23:00,772 INFO  server.RaftServerConfigKeys (ConfUtils.java:logGet(43)) - raft.server.log.appender.buffer.byte-limit = 33554432 (custom)
2019-07-13 07:23:00,772 INFO  server.RaftServerConfigKeys (ConfUtils.java:logGet(43)) - raft.server.log.segment.size.max = 1048576 (custom)
2019-07-13 07:23:00,772 INFO  server.RaftServerConfigKeys (ConfUtils.java:logGet(43)) - raft.server.log.segment.cache.num.max = 2 (custom)
2019-07-13 07:23:00,772 INFO  segmented.SegmentedRaftLogWorker (SegmentedRaftLogWorker.java:<init>(172)) - new 5ad86f75-e507-485a-9899-0310f98c9cb1-SegmentedRaftLogWorker:Storage Directory /tmp/workdir/hadoop-ozone/integration-test/target/test-dir/MiniOzoneClusterImpl-35f2412a-9966-4e2f-8b9c-01fb3afcc828/datanode-1/data/ratis/df21bc27-67f0-4b97-9fc0-d74d8ace9927 for RaftStorage:Storage Directory /tmp/workdir/hadoop-ozone/integration-test/target/test-dir/MiniOzoneClusterImpl-35f2412a-9966-4e2f-8b9c-01fb3afcc828/datanode-1/data/ratis/df21bc27-67f0-4b97-9fc0-d74d8ace9927
2019-07-13 07:23:00,773 INFO  server.RaftServerConfigKeys (ConfUtils.java:logGet(43)) - raft.server.log.queue.byte-limit = 2147483647 (custom)
2019-07-13 07:23:00,773 INFO  server.RaftServerConfigKeys (ConfUtils.java:logGet(43)) - raft.server.log.queue.element-limit = 1024 (custom)
2019-07-13 07:23:00,773 INFO  server.RaftServerConfigKeys (ConfUtils.java:logGet(43)) - raft.server.log.segment.size.max = 1048576 (custom)
2019-07-13 07:23:00,773 INFO  server.RaftServerConfigKeys (ConfUtils.java:logGet(43)) - raft.server.log.preallocated.size = 16384 (custom)
2019-07-13 07:23:00,773 INFO  server.RaftServerConfigKeys (ConfUtils.java:logGet(43)) - raft.server.log.write.buffer.size = 33554432 (custom)
2019-07-13 07:23:00,773 INFO  server.RaftServerConfigKeys (ConfUtils.java:logGet(43)) - raft.server.log.force.sync.num = 128 (default)
2019-07-13 07:23:00,774 INFO  server.RaftServerConfigKeys (ConfUtils.java:logGet(43)) - raft.server.log.statemachine.data.sync = true (default)
2019-07-13 07:23:00,774 INFO  server.RaftServerConfigKeys (ConfUtils.java:logGet(43)) - raft.server.log.statemachine.data.sync.timeout = 10s (default)
2019-07-13 07:23:00,774 INFO  server.RaftServerConfigKeys (ConfUtils.java:logGet(43)) - raft.server.log.statemachine.data.sync.timeout.retry = -1 (default)
2019-07-13 07:23:00,774 INFO  server.RaftServerConfigKeys (ConfUtils.java:logGet(43)) - raft.server.log.statemachine.data.caching.enabled = true (custom)
2019-07-13 07:23:00,775 INFO  segmented.SegmentedRaftLogWorker (SegmentedRaftLogWorker.java:lambda$new$0(132)) - 5ad86f75-e507-485a-9899-0310f98c9cb1-SegmentedRaftLogWorker:Storage Directory /tmp/workdir/hadoop-ozone/integration-test/target/test-dir/MiniOzoneClusterImpl-35f2412a-9966-4e2f-8b9c-01fb3afcc828/datanode-1/data/ratis/df21bc27-67f0-4b97-9fc0-d74d8ace9927: flushIndex: setUnconditionally 0 -> -1
2019-07-13 07:23:00,775 INFO  server.RaftServerConfigKeys (ConfUtils.java:logGet(43)) - raft.server.snapshot.auto.trigger.enabled = true (custom)
2019-07-13 07:23:00,775 INFO  server.RaftServerConfigKeys (ConfUtils.java:logGet(43)) - raft.server.snapshot.auto.trigger.threshold = 10000 (custom)
2019-07-13 07:23:00,775 INFO  server.RaftServerConfigKeys (ConfUtils.java:logGet(43)) - raft.server.retrycache.expirytime = 600000ms (custom)
2019-07-13 07:23:00,776 INFO  impl.RaftServerImpl (RaftServerImpl.java:start(180)) - 5ad86f75-e507-485a-9899-0310f98c9cb1: start group-D74D8ACE9927
2019-07-13 07:23:00,776 INFO  impl.RaftServerImpl (RaftServerImpl.java:setRole(171)) - 5ad86f75-e507-485a-9899-0310f98c9cb1:group-D74D8ACE9927 changes role from null to FOLLOWER at term 0 for startAsFollower
2019-07-13 07:23:00,776 INFO  impl.RoleInfo (RoleInfo.java:updateAndGet(143)) - 5ad86f75-e507-485a-9899-0310f98c9cb1: start FollowerState
2019-07-13 07:23:00,776 INFO  util.JmxRegister (JmxRegister.java:tryRegister(44)) - Successfully registered JMX Bean with object name Ratis:service=RaftServer,group=group-D74D8ACE9927,id=5ad86f75-e507-485a-9899-0310f98c9cb1
2019-07-13 07:23:00,781 INFO  pipeline.PipelineStateManager (PipelineStateManager.java:addPipeline(56)) - Created pipeline Pipeline[ Id: df21bc27-67f0-4b97-9fc0-d74d8ace9927, Nodes: 5ad86f75-e507-485a-9899-0310f98c9cb1{ip: 192.168.69.84, host: trunk-nightly-9lh4p-2362225927, networkLocation: /default-rack, certSerialId: null}, Type:RATIS, Factor:ONE, State:OPEN]
2019-07-13 07:23:01,012 INFO  node.SCMNodeManager (SCMNodeManager.java:register(269)) - Registered Data node : 39edbc2c-2dac-420c-b4ca-f318d5f2f9bf{ip: 192.168.69.84, host: trunk-nightly-9lh4p-2362225927, networkLocation: /default-rack, certSerialId: null}
2019-07-13 07:23:01,029 INFO  impl.RaftServerProxy (RaftServerProxy.java:addNew(89)) - 39edbc2c-2dac-420c-b4ca-f318d5f2f9bf: addNew group-0390700193E7:[39edbc2c-2dac-420c-b4ca-f318d5f2f9bf:192.168.69.84:40449] returns group-0390700193E7:java.util.concurrent.CompletableFuture@28495341[Not completed]
2019-07-13 07:23:01,031 INFO  impl.RaftServerImpl (RaftServerImpl.java:<init>(93)) - 39edbc2c-2dac-420c-b4ca-f318d5f2f9bf: new RaftServerImpl for group-0390700193E7:[39edbc2c-2dac-420c-b4ca-f318d5f2f9bf:192.168.69.84:40449] with ContainerStateMachine:uninitialized
2019-07-13 07:23:01,031 INFO  server.RaftServerConfigKeys (ConfUtils.java:logGet(43)) - raft.server.rpc.timeout.min = 5s (custom)
2019-07-13 07:23:01,031 INFO  server.RaftServerConfigKeys (ConfUtils.java:logGet(43)) - raft.server.rpc.timeout.max = 5200ms (custom)
2019-07-13 07:23:01,031 INFO  server.RaftServerConfigKeys (ConfUtils.java:logGet(43)) - raft.server.rpcslowness.timeout = 120s (custom)
2019-07-13 07:23:01,031 INFO  server.RaftServerConfigKeys (ConfUtils.java:logGet(43)) - raft.server.sleep.deviation.threshold = 300 (default)
2019-07-13 07:23:01,032 INFO  server.RaftServerConfigKeys (ConfUtils.java:logGet(43)) - raft.server.log.appender.install.snapshot.enabled = false (custom)
2019-07-13 07:23:01,032 INFO  impl.RaftServerImpl (ServerState.java:<init>(105)) - 39edbc2c-2dac-420c-b4ca-f318d5f2f9bf:group-0390700193E7 ConfigurationManager, init=-1: [39edbc2c-2dac-420c-b4ca-f318d5f2f9bf:192.168.69.84:40449], old=null, confs=<EMPTY_MAP>
2019-07-13 07:23:01,032 INFO  server.RaftServerConfigKeys (ConfUtils.java:logGet(43)) - raft.server.storage.dir = [/tmp/workdir/hadoop-ozone/integration-test/target/test-dir/MiniOzoneClusterImpl-35f2412a-9966-4e2f-8b9c-01fb3afcc828/datanode-2/data/ratis] (custom)
2019-07-13 07:23:01,032 INFO  storage.RaftStorageDirectory (RaftStorageDirectory.java:analyzeStorage(246)) - The storage directory /tmp/workdir/hadoop-ozone/integration-test/target/test-dir/MiniOzoneClusterImpl-35f2412a-9966-4e2f-8b9c-01fb3afcc828/datanode-2/data/ratis/e7516c22-df4b-44cc-b93c-0390700193e7 does not exist. Creating ...
2019-07-13 07:23:01,046 INFO  storage.RaftStorageDirectory (RaftStorageDirectory.java:tryLock(328)) - Lock on /tmp/workdir/hadoop-ozone/integration-test/target/test-dir/MiniOzoneClusterImpl-35f2412a-9966-4e2f-8b9c-01fb3afcc828/datanode-2/data/ratis/e7516c22-df4b-44cc-b93c-0390700193e7/in_use.lock acquired by nodename 15876@trunk-nightly-9lh4p-2362225927
2019-07-13 07:23:01,060 INFO  storage.RaftStorage (RaftStorage.java:format(72)) - Storage directory /tmp/workdir/hadoop-ozone/integration-test/target/test-dir/MiniOzoneClusterImpl-35f2412a-9966-4e2f-8b9c-01fb3afcc828/datanode-2/data/ratis/e7516c22-df4b-44cc-b93c-0390700193e7 has been successfully formatted.
2019-07-13 07:23:01,060 INFO  ratis.ContainerStateMachine (ContainerStateMachine.java:loadSnapshot(200)) - The snapshot info is null.Setting the last applied index to:(t:0, i:~)
2019-07-13 07:23:01,061 INFO  server.RaftServerConfigKeys (ConfUtils.java:logGet(43)) - raft.server.leader.election.timeout = 120s (custom)
2019-07-13 07:23:01,061 INFO  server.RaftServerConfigKeys (ConfUtils.java:logGet(43)) - raft.server.log.use.memory = false (default)
2019-07-13 07:23:01,061 INFO  server.RaftServerConfigKeys (ConfUtils.java:logGet(43)) - raft.server.log.purge.gap = 1000000000 (custom)
2019-07-13 07:23:01,061 INFO  server.RaftServerConfigKeys (ConfUtils.java:logGet(43)) - raft.server.log.appender.buffer.byte-limit = 33554432 (custom)
2019-07-13 07:23:01,061 INFO  server.RaftServerConfigKeys (ConfUtils.java:logGet(43)) - raft.server.log.segment.size.max = 1048576 (custom)
2019-07-13 07:23:01,062 INFO  server.RaftServerConfigKeys (ConfUtils.java:logGet(43)) - raft.server.log.segment.cache.num.max = 2 (custom)
2019-07-13 07:23:01,062 INFO  segmented.SegmentedRaftLogWorker (SegmentedRaftLogWorker.java:<init>(172)) - new 39edbc2c-2dac-420c-b4ca-f318d5f2f9bf-SegmentedRaftLogWorker:Storage Directory /tmp/workdir/hadoop-ozone/integration-test/target/test-dir/MiniOzoneClusterImpl-35f2412a-9966-4e2f-8b9c-01fb3afcc828/datanode-2/data/ratis/e7516c22-df4b-44cc-b93c-0390700193e7 for RaftStorage:Storage Directory /tmp/workdir/hadoop-ozone/integration-test/target/test-dir/MiniOzoneClusterImpl-35f2412a-9966-4e2f-8b9c-01fb3afcc828/datanode-2/data/ratis/e7516c22-df4b-44cc-b93c-0390700193e7
2019-07-13 07:23:01,062 INFO  server.RaftServerConfigKeys (ConfUtils.java:logGet(43)) - raft.server.log.queue.byte-limit = 2147483647 (custom)
2019-07-13 07:23:01,062 INFO  server.RaftServerConfigKeys (ConfUtils.java:logGet(43)) - raft.server.log.queue.element-limit = 1024 (custom)
2019-07-13 07:23:01,062 INFO  server.RaftServerConfigKeys (ConfUtils.java:logGet(43)) - raft.server.log.segment.size.max = 1048576 (custom)
2019-07-13 07:23:01,063 INFO  server.RaftServerConfigKeys (ConfUtils.java:logGet(43)) - raft.server.log.preallocated.size = 16384 (custom)
2019-07-13 07:23:01,063 INFO  server.RaftServerConfigKeys (ConfUtils.java:logGet(43)) - raft.server.log.write.buffer.size = 33554432 (custom)
2019-07-13 07:23:01,063 INFO  server.RaftServerConfigKeys (ConfUtils.java:logGet(43)) - raft.server.log.force.sync.num = 128 (default)
2019-07-13 07:23:01,063 INFO  server.RaftServerConfigKeys (ConfUtils.java:logGet(43)) - raft.server.log.statemachine.data.sync = true (default)
2019-07-13 07:23:01,063 INFO  server.RaftServerConfigKeys (ConfUtils.java:logGet(43)) - raft.server.log.statemachine.data.sync.timeout = 10s (default)
2019-07-13 07:23:01,063 INFO  server.RaftServerConfigKeys (ConfUtils.java:logGet(43)) - raft.server.log.statemachine.data.sync.timeout.retry = -1 (default)
2019-07-13 07:23:01,064 INFO  server.RaftServerConfigKeys (ConfUtils.java:logGet(43)) - raft.server.log.statemachine.data.caching.enabled = true (custom)
2019-07-13 07:23:01,064 INFO  segmented.SegmentedRaftLogWorker (SegmentedRaftLogWorker.java:lambda$new$0(132)) - 39edbc2c-2dac-420c-b4ca-f318d5f2f9bf-SegmentedRaftLogWorker:Storage Directory /tmp/workdir/hadoop-ozone/integration-test/target/test-dir/MiniOzoneClusterImpl-35f2412a-9966-4e2f-8b9c-01fb3afcc828/datanode-2/data/ratis/e7516c22-df4b-44cc-b93c-0390700193e7: flushIndex: setUnconditionally 0 -> -1
2019-07-13 07:23:01,065 INFO  server.RaftServerConfigKeys (ConfUtils.java:logGet(43)) - raft.server.snapshot.auto.trigger.enabled = true (custom)
2019-07-13 07:23:01,065 INFO  server.RaftServerConfigKeys (ConfUtils.java:logGet(43)) - raft.server.snapshot.auto.trigger.threshold = 10000 (custom)
2019-07-13 07:23:01,065 INFO  server.RaftServerConfigKeys (ConfUtils.java:logGet(43)) - raft.server.retrycache.expirytime = 600000ms (custom)
2019-07-13 07:23:01,065 INFO  impl.RaftServerImpl (RaftServerImpl.java:start(180)) - 39edbc2c-2dac-420c-b4ca-f318d5f2f9bf: start group-0390700193E7
2019-07-13 07:23:01,065 INFO  impl.RaftServerImpl (RaftServerImpl.java:setRole(171)) - 39edbc2c-2dac-420c-b4ca-f318d5f2f9bf:group-0390700193E7 changes role from null to FOLLOWER at term 0 for startAsFollower
2019-07-13 07:23:01,066 INFO  impl.RoleInfo (RoleInfo.java:updateAndGet(143)) - 39edbc2c-2dac-420c-b4ca-f318d5f2f9bf: start FollowerState
2019-07-13 07:23:01,066 INFO  util.JmxRegister (JmxRegister.java:tryRegister(44)) - Successfully registered JMX Bean with object name Ratis:service=RaftServer,group=group-0390700193E7,id=39edbc2c-2dac-420c-b4ca-f318d5f2f9bf
2019-07-13 07:23:01,071 INFO  pipeline.PipelineStateManager (PipelineStateManager.java:addPipeline(56)) - Created pipeline Pipeline[ Id: e7516c22-df4b-44cc-b93c-0390700193e7, Nodes: 39edbc2c-2dac-420c-b4ca-f318d5f2f9bf{ip: 192.168.69.84, host: trunk-nightly-9lh4p-2362225927, networkLocation: /default-rack, certSerialId: null}, Type:RATIS, Factor:ONE, State:OPEN]
2019-07-13 07:23:01,093 INFO  impl.RaftServerProxy (RaftServerProxy.java:addNew(89)) - 39edbc2c-2dac-420c-b4ca-f318d5f2f9bf: addNew group-17200D235925:[9c343af4-c05a-43b8-aa7c-e8ca3b13aa3c:192.168.69.84:35704, 5ad86f75-e507-485a-9899-0310f98c9cb1:192.168.69.84:42780, 39edbc2c-2dac-420c-b4ca-f318d5f2f9bf:192.168.69.84:40449] returns group-17200D235925:java.util.concurrent.CompletableFuture@60651c2a[Not completed]
2019-07-13 07:23:01,094 INFO  impl.RaftServerImpl (RaftServerImpl.java:<init>(93)) - 39edbc2c-2dac-420c-b4ca-f318d5f2f9bf: new RaftServerImpl for group-17200D235925:[9c343af4-c05a-43b8-aa7c-e8ca3b13aa3c:192.168.69.84:35704, 5ad86f75-e507-485a-9899-0310f98c9cb1:192.168.69.84:42780, 39edbc2c-2dac-420c-b4ca-f318d5f2f9bf:192.168.69.84:40449] with ContainerStateMachine:uninitialized
2019-07-13 07:23:01,096 INFO  server.RaftServerConfigKeys (ConfUtils.java:logGet(43)) - raft.server.rpc.timeout.min = 5s (custom)
2019-07-13 07:23:01,097 INFO  server.RaftServerConfigKeys (ConfUtils.java:logGet(43)) - raft.server.rpc.timeout.max = 5200ms (custom)
2019-07-13 07:23:01,097 INFO  impl.RaftServerProxy (RaftServerProxy.java:addNew(89)) - 9c343af4-c05a-43b8-aa7c-e8ca3b13aa3c: addNew group-17200D235925:[9c343af4-c05a-43b8-aa7c-e8ca3b13aa3c:192.168.69.84:35704, 5ad86f75-e507-485a-9899-0310f98c9cb1:192.168.69.84:42780, 39edbc2c-2dac-420c-b4ca-f318d5f2f9bf:192.168.69.84:40449] returns group-17200D235925:java.util.concurrent.CompletableFuture@4065ee22[Not completed]
2019-07-13 07:23:01,098 INFO  server.RaftServerConfigKeys (ConfUtils.java:logGet(43)) - raft.server.rpcslowness.timeout = 120s (custom)
2019-07-13 07:23:01,099 INFO  impl.RaftServerProxy (RaftServerProxy.java:addNew(89)) - 5ad86f75-e507-485a-9899-0310f98c9cb1: addNew group-17200D235925:[9c343af4-c05a-43b8-aa7c-e8ca3b13aa3c:192.168.69.84:35704, 5ad86f75-e507-485a-9899-0310f98c9cb1:192.168.69.84:42780, 39edbc2c-2dac-420c-b4ca-f318d5f2f9bf:192.168.69.84:40449] returns group-17200D235925:java.util.concurrent.CompletableFuture@3d477f85[Not completed]
2019-07-13 07:23:01,099 INFO  server.RaftServerConfigKeys (ConfUtils.java:logGet(43)) - raft.server.sleep.deviation.threshold = 300 (default)
2019-07-13 07:23:01,099 INFO  server.RaftServerConfigKeys (ConfUtils.java:logGet(43)) - raft.server.log.appender.install.snapshot.enabled = false (custom)
2019-07-13 07:23:01,099 INFO  impl.RaftServerImpl (ServerState.java:<init>(105)) - 39edbc2c-2dac-420c-b4ca-f318d5f2f9bf:group-17200D235925 ConfigurationManager, init=-1: [9c343af4-c05a-43b8-aa7c-e8ca3b13aa3c:192.168.69.84:35704, 5ad86f75-e507-485a-9899-0310f98c9cb1:192.168.69.84:42780, 39edbc2c-2dac-420c-b4ca-f318d5f2f9bf:192.168.69.84:40449], old=null, confs=<EMPTY_MAP>
2019-07-13 07:23:01,100 INFO  server.RaftServerConfigKeys (ConfUtils.java:logGet(43)) - raft.server.storage.dir = [/tmp/workdir/hadoop-ozone/integration-test/target/test-dir/MiniOzoneClusterImpl-35f2412a-9966-4e2f-8b9c-01fb3afcc828/datanode-2/data/ratis] (custom)
2019-07-13 07:23:01,100 INFO  impl.RaftServerImpl (RaftServerImpl.java:<init>(93)) - 9c343af4-c05a-43b8-aa7c-e8ca3b13aa3c: new RaftServerImpl for group-17200D235925:[9c343af4-c05a-43b8-aa7c-e8ca3b13aa3c:192.168.69.84:35704, 5ad86f75-e507-485a-9899-0310f98c9cb1:192.168.69.84:42780, 39edbc2c-2dac-420c-b4ca-f318d5f2f9bf:192.168.69.84:40449] with ContainerStateMachine:uninitialized
2019-07-13 07:23:01,100 INFO  server.RaftServerConfigKeys (ConfUtils.java:logGet(43)) - raft.server.rpc.timeout.min = 5s (custom)
2019-07-13 07:23:01,100 INFO  storage.RaftStorageDirectory (RaftStorageDirectory.java:analyzeStorage(246)) - The storage directory /tmp/workdir/hadoop-ozone/integration-test/target/test-dir/MiniOzoneClusterImpl-35f2412a-9966-4e2f-8b9c-01fb3afcc828/datanode-2/data/ratis/2d0dd8d5-7afe-47d7-b84b-17200d235925 does not exist. Creating ...
2019-07-13 07:23:01,100 INFO  server.RaftServerConfigKeys (ConfUtils.java:logGet(43)) - raft.server.rpc.timeout.max = 5200ms (custom)
2019-07-13 07:23:01,100 INFO  impl.RaftServerImpl (RaftServerImpl.java:<init>(93)) - 5ad86f75-e507-485a-9899-0310f98c9cb1: new RaftServerImpl for group-17200D235925:[9c343af4-c05a-43b8-aa7c-e8ca3b13aa3c:192.168.69.84:35704, 5ad86f75-e507-485a-9899-0310f98c9cb1:192.168.69.84:42780, 39edbc2c-2dac-420c-b4ca-f318d5f2f9bf:192.168.69.84:40449] with ContainerStateMachine:uninitialized
2019-07-13 07:23:01,100 INFO  server.RaftServerConfigKeys (ConfUtils.java:logGet(43)) - raft.server.rpcslowness.timeout = 120s (custom)
2019-07-13 07:23:01,101 INFO  server.RaftServerConfigKeys (ConfUtils.java:logGet(43)) - raft.server.rpc.timeout.min = 5s (custom)
2019-07-13 07:23:01,101 INFO  server.RaftServerConfigKeys (ConfUtils.java:logGet(43)) - raft.server.sleep.deviation.threshold = 300 (default)
2019-07-13 07:23:01,101 INFO  server.RaftServerConfigKeys (ConfUtils.java:logGet(43)) - raft.server.rpc.timeout.max = 5200ms (custom)
2019-07-13 07:23:01,101 INFO  server.RaftServerConfigKeys (ConfUtils.java:logGet(43)) - raft.server.log.appender.install.snapshot.enabled = false (custom)
2019-07-13 07:23:01,101 INFO  server.RaftServerConfigKeys (ConfUtils.java:logGet(43)) - raft.server.rpcslowness.timeout = 120s (custom)
2019-07-13 07:23:01,101 INFO  impl.RaftServerImpl (ServerState.java:<init>(105)) - 9c343af4-c05a-43b8-aa7c-e8ca3b13aa3c:group-17200D235925 ConfigurationManager, init=-1: [9c343af4-c05a-43b8-aa7c-e8ca3b13aa3c:192.168.69.84:35704, 5ad86f75-e507-485a-9899-0310f98c9cb1:192.168.69.84:42780, 39edbc2c-2dac-420c-b4ca-f318d5f2f9bf:192.168.69.84:40449], old=null, confs=<EMPTY_MAP>
2019-07-13 07:23:01,101 INFO  server.RaftServerConfigKeys (ConfUtils.java:logGet(43)) - raft.server.sleep.deviation.threshold = 300 (default)
2019-07-13 07:23:01,102 INFO  server.RaftServerConfigKeys (ConfUtils.java:logGet(43)) - raft.server.storage.dir = [/tmp/workdir/hadoop-ozone/integration-test/target/test-dir/MiniOzoneClusterImpl-35f2412a-9966-4e2f-8b9c-01fb3afcc828/datanode-0/data/ratis] (custom)
2019-07-13 07:23:01,102 INFO  server.RaftServerConfigKeys (ConfUtils.java:logGet(43)) - raft.server.log.appender.install.snapshot.enabled = false (custom)
2019-07-13 07:23:01,102 INFO  impl.RaftServerImpl (ServerState.java:<init>(105)) - 5ad86f75-e507-485a-9899-0310f98c9cb1:group-17200D235925 ConfigurationManager, init=-1: [9c343af4-c05a-43b8-aa7c-e8ca3b13aa3c:192.168.69.84:35704, 5ad86f75-e507-485a-9899-0310f98c9cb1:192.168.69.84:42780, 39edbc2c-2dac-420c-b4ca-f318d5f2f9bf:192.168.69.84:40449], old=null, confs=<EMPTY_MAP>
2019-07-13 07:23:01,102 INFO  storage.RaftStorageDirectory (RaftStorageDirectory.java:analyzeStorage(246)) - The storage directory /tmp/workdir/hadoop-ozone/integration-test/target/test-dir/MiniOzoneClusterImpl-35f2412a-9966-4e2f-8b9c-01fb3afcc828/datanode-0/data/ratis/2d0dd8d5-7afe-47d7-b84b-17200d235925 does not exist. Creating ...
2019-07-13 07:23:01,102 INFO  server.RaftServerConfigKeys (ConfUtils.java:logGet(43)) - raft.server.storage.dir = [/tmp/workdir/hadoop-ozone/integration-test/target/test-dir/MiniOzoneClusterImpl-35f2412a-9966-4e2f-8b9c-01fb3afcc828/datanode-1/data/ratis] (custom)
2019-07-13 07:23:01,103 INFO  storage.RaftStorageDirectory (RaftStorageDirectory.java:analyzeStorage(246)) - The storage directory /tmp/workdir/hadoop-ozone/integration-test/target/test-dir/MiniOzoneClusterImpl-35f2412a-9966-4e2f-8b9c-01fb3afcc828/datanode-1/data/ratis/2d0dd8d5-7afe-47d7-b84b-17200d235925 does not exist. Creating ...
2019-07-13 07:23:01,114 INFO  storage.RaftStorageDirectory (RaftStorageDirectory.java:tryLock(328)) - Lock on /tmp/workdir/hadoop-ozone/integration-test/target/test-dir/MiniOzoneClusterImpl-35f2412a-9966-4e2f-8b9c-01fb3afcc828/datanode-2/data/ratis/2d0dd8d5-7afe-47d7-b84b-17200d235925/in_use.lock acquired by nodename 15876@trunk-nightly-9lh4p-2362225927
2019-07-13 07:23:01,114 INFO  storage.RaftStorageDirectory (RaftStorageDirectory.java:tryLock(328)) - Lock on /tmp/workdir/hadoop-ozone/integration-test/target/test-dir/MiniOzoneClusterImpl-35f2412a-9966-4e2f-8b9c-01fb3afcc828/datanode-0/data/ratis/2d0dd8d5-7afe-47d7-b84b-17200d235925/in_use.lock acquired by nodename 15876@trunk-nightly-9lh4p-2362225927
2019-07-13 07:23:01,114 INFO  storage.RaftStorageDirectory (RaftStorageDirectory.java:tryLock(328)) - Lock on /tmp/workdir/hadoop-ozone/integration-test/target/test-dir/MiniOzoneClusterImpl-35f2412a-9966-4e2f-8b9c-01fb3afcc828/datanode-1/data/ratis/2d0dd8d5-7afe-47d7-b84b-17200d235925/in_use.lock acquired by nodename 15876@trunk-nightly-9lh4p-2362225927
2019-07-13 07:23:01,127 INFO  storage.RaftStorage (RaftStorage.java:format(72)) - Storage directory /tmp/workdir/hadoop-ozone/integration-test/target/test-dir/MiniOzoneClusterImpl-35f2412a-9966-4e2f-8b9c-01fb3afcc828/datanode-2/data/ratis/2d0dd8d5-7afe-47d7-b84b-17200d235925 has been successfully formatted.
2019-07-13 07:23:01,127 INFO  storage.RaftStorage (RaftStorage.java:format(72)) - Storage directory /tmp/workdir/hadoop-ozone/integration-test/target/test-dir/MiniOzoneClusterImpl-35f2412a-9966-4e2f-8b9c-01fb3afcc828/datanode-0/data/ratis/2d0dd8d5-7afe-47d7-b84b-17200d235925 has been successfully formatted.
2019-07-13 07:23:01,127 INFO  storage.RaftStorage (RaftStorage.java:format(72)) - Storage directory /tmp/workdir/hadoop-ozone/integration-test/target/test-dir/MiniOzoneClusterImpl-35f2412a-9966-4e2f-8b9c-01fb3afcc828/datanode-1/data/ratis/2d0dd8d5-7afe-47d7-b84b-17200d235925 has been successfully formatted.
2019-07-13 07:23:01,128 INFO  ratis.ContainerStateMachine (ContainerStateMachine.java:loadSnapshot(200)) - The snapshot info is null.Setting the last applied index to:(t:0, i:~)
2019-07-13 07:23:01,128 INFO  ratis.ContainerStateMachine (ContainerStateMachine.java:loadSnapshot(200)) - The snapshot info is null.Setting the last applied index to:(t:0, i:~)
2019-07-13 07:23:01,128 INFO  server.RaftServerConfigKeys (ConfUtils.java:logGet(43)) - raft.server.leader.election.timeout = 120s (custom)
2019-07-13 07:23:01,128 INFO  ratis.ContainerStateMachine (ContainerStateMachine.java:loadSnapshot(200)) - The snapshot info is null.Setting the last applied index to:(t:0, i:~)
2019-07-13 07:23:01,129 INFO  server.RaftServerConfigKeys (ConfUtils.java:logGet(43)) - raft.server.log.use.memory = false (default)
2019-07-13 07:23:01,128 INFO  server.RaftServerConfigKeys (ConfUtils.java:logGet(43)) - raft.server.leader.election.timeout = 120s (custom)
2019-07-13 07:23:01,129 INFO  server.RaftServerConfigKeys (ConfUtils.java:logGet(43)) - raft.server.log.purge.gap = 1000000000 (custom)
2019-07-13 07:23:01,129 INFO  server.RaftServerConfigKeys (ConfUtils.java:logGet(43)) - raft.server.leader.election.timeout = 120s (custom)
2019-07-13 07:23:01,129 INFO  server.RaftServerConfigKeys (ConfUtils.java:logGet(43)) - raft.server.log.appender.buffer.byte-limit = 33554432 (custom)
2019-07-13 07:23:01,129 INFO  server.RaftServerConfigKeys (ConfUtils.java:logGet(43)) - raft.server.log.use.memory = false (default)
2019-07-13 07:23:01,130 INFO  server.RaftServerConfigKeys (ConfUtils.java:logGet(43)) - raft.server.log.segment.size.max = 1048576 (custom)
2019-07-13 07:23:01,130 INFO  server.RaftServerConfigKeys (ConfUtils.java:logGet(43)) - raft.server.log.use.memory = false (default)
2019-07-13 07:23:01,130 INFO  server.RaftServerConfigKeys (ConfUtils.java:logGet(43)) - raft.server.log.segment.cache.num.max = 2 (custom)
2019-07-13 07:23:01,130 INFO  server.RaftServerConfigKeys (ConfUtils.java:logGet(43)) - raft.server.log.purge.gap = 1000000000 (custom)
2019-07-13 07:23:01,130 INFO  segmented.SegmentedRaftLogWorker (SegmentedRaftLogWorker.java:<init>(172)) - new 9c343af4-c05a-43b8-aa7c-e8ca3b13aa3c-SegmentedRaftLogWorker:Storage Directory /tmp/workdir/hadoop-ozone/integration-test/target/test-dir/MiniOzoneClusterImpl-35f2412a-9966-4e2f-8b9c-01fb3afcc828/datanode-0/data/ratis/2d0dd8d5-7afe-47d7-b84b-17200d235925 for RaftStorage:Storage Directory /tmp/workdir/hadoop-ozone/integration-test/target/test-dir/MiniOzoneClusterImpl-35f2412a-9966-4e2f-8b9c-01fb3afcc828/datanode-0/data/ratis/2d0dd8d5-7afe-47d7-b84b-17200d235925
2019-07-13 07:23:01,130 INFO  server.RaftServerConfigKeys (ConfUtils.java:logGet(43)) - raft.server.log.purge.gap = 1000000000 (custom)
2019-07-13 07:23:01,131 INFO  server.RaftServerConfigKeys (ConfUtils.java:logGet(43)) - raft.server.log.queue.byte-limit = 2147483647 (custom)
2019-07-13 07:23:01,131 INFO  server.RaftServerConfigKeys (ConfUtils.java:logGet(43)) - raft.server.log.appender.buffer.byte-limit = 33554432 (custom)
2019-07-13 07:23:01,131 INFO  server.RaftServerConfigKeys (ConfUtils.java:logGet(43)) - raft.server.log.queue.element-limit = 1024 (custom)
2019-07-13 07:23:01,131 INFO  server.RaftServerConfigKeys (ConfUtils.java:logGet(43)) - raft.server.log.appender.buffer.byte-limit = 33554432 (custom)
2019-07-13 07:23:01,132 INFO  server.RaftServerConfigKeys (ConfUtils.java:logGet(43)) - raft.server.log.segment.size.max = 1048576 (custom)
2019-07-13 07:23:01,131 INFO  server.RaftServerConfigKeys (ConfUtils.java:logGet(43)) - raft.server.log.segment.size.max = 1048576 (custom)
2019-07-13 07:23:01,132 INFO  server.RaftServerConfigKeys (ConfUtils.java:logGet(43)) - raft.server.log.preallocated.size = 16384 (custom)
2019-07-13 07:23:01,132 INFO  server.RaftServerConfigKeys (ConfUtils.java:logGet(43)) - raft.server.log.write.buffer.size = 33554432 (custom)
2019-07-13 07:23:01,132 INFO  server.RaftServerConfigKeys (ConfUtils.java:logGet(43)) - raft.server.log.segment.size.max = 1048576 (custom)
2019-07-13 07:23:01,132 INFO  server.RaftServerConfigKeys (ConfUtils.java:logGet(43)) - raft.server.log.force.sync.num = 128 (default)
2019-07-13 07:23:01,132 INFO  server.RaftServerConfigKeys (ConfUtils.java:logGet(43)) - raft.server.log.segment.cache.num.max = 2 (custom)
2019-07-13 07:23:01,133 INFO  server.RaftServerConfigKeys (ConfUtils.java:logGet(43)) - raft.server.log.statemachine.data.sync = true (default)
2019-07-13 07:23:01,133 INFO  server.RaftServerConfigKeys (ConfUtils.java:logGet(43)) - raft.server.log.segment.cache.num.max = 2 (custom)
2019-07-13 07:23:01,133 INFO  server.RaftServerConfigKeys (ConfUtils.java:logGet(43)) - raft.server.log.statemachine.data.sync.timeout = 10s (default)
2019-07-13 07:23:01,133 INFO  segmented.SegmentedRaftLogWorker (SegmentedRaftLogWorker.java:<init>(172)) - new 39edbc2c-2dac-420c-b4ca-f318d5f2f9bf-SegmentedRaftLogWorker:Storage Directory /tmp/workdir/hadoop-ozone/integration-test/target/test-dir/MiniOzoneClusterImpl-35f2412a-9966-4e2f-8b9c-01fb3afcc828/datanode-2/data/ratis/2d0dd8d5-7afe-47d7-b84b-17200d235925 for RaftStorage:Storage Directory /tmp/workdir/hadoop-ozone/integration-test/target/test-dir/MiniOzoneClusterImpl-35f2412a-9966-4e2f-8b9c-01fb3afcc828/datanode-2/data/ratis/2d0dd8d5-7afe-47d7-b84b-17200d235925
2019-07-13 07:23:01,133 INFO  server.RaftServerConfigKeys (ConfUtils.java:logGet(43)) - raft.server.log.statemachine.data.sync.timeout.retry = -1 (default)
2019-07-13 07:23:01,133 INFO  segmented.SegmentedRaftLogWorker (SegmentedRaftLogWorker.java:<init>(172)) - new 5ad86f75-e507-485a-9899-0310f98c9cb1-SegmentedRaftLogWorker:Storage Directory /tmp/workdir/hadoop-ozone/integration-test/target/test-dir/MiniOzoneClusterImpl-35f2412a-9966-4e2f-8b9c-01fb3afcc828/datanode-1/data/ratis/2d0dd8d5-7afe-47d7-b84b-17200d235925 for RaftStorage:Storage Directory /tmp/workdir/hadoop-ozone/integration-test/target/test-dir/MiniOzoneClusterImpl-35f2412a-9966-4e2f-8b9c-01fb3afcc828/datanode-1/data/ratis/2d0dd8d5-7afe-47d7-b84b-17200d235925
2019-07-13 07:23:01,134 INFO  server.RaftServerConfigKeys (ConfUtils.java:logGet(43)) - raft.server.log.statemachine.data.caching.enabled = true (custom)
2019-07-13 07:23:01,134 INFO  server.RaftServerConfigKeys (ConfUtils.java:logGet(43)) - raft.server.log.queue.byte-limit = 2147483647 (custom)
2019-07-13 07:23:01,134 INFO  server.RaftServerConfigKeys (ConfUtils.java:logGet(43)) - raft.server.log.queue.element-limit = 1024 (custom)
2019-07-13 07:23:01,134 INFO  server.RaftServerConfigKeys (ConfUtils.java:logGet(43)) - raft.server.log.queue.byte-limit = 2147483647 (custom)
2019-07-13 07:23:01,134 INFO  server.RaftServerConfigKeys (ConfUtils.java:logGet(43)) - raft.server.log.segment.size.max = 1048576 (custom)
2019-07-13 07:23:01,134 INFO  segmented.SegmentedRaftLogWorker (SegmentedRaftLogWorker.java:lambda$new$0(132)) - 9c343af4-c05a-43b8-aa7c-e8ca3b13aa3c-SegmentedRaftLogWorker:Storage Directory /tmp/workdir/hadoop-ozone/integration-test/target/test-dir/MiniOzoneClusterImpl-35f2412a-9966-4e2f-8b9c-01fb3afcc828/datanode-0/data/ratis/2d0dd8d5-7afe-47d7-b84b-17200d235925: flushIndex: setUnconditionally 0 -> -1
2019-07-13 07:23:01,135 INFO  server.RaftServerConfigKeys (ConfUtils.java:logGet(43)) - raft.server.log.preallocated.size = 16384 (custom)
2019-07-13 07:23:01,135 INFO  server.RaftServerConfigKeys (ConfUtils.java:logGet(43)) - raft.server.log.queue.element-limit = 1024 (custom)
2019-07-13 07:23:01,135 INFO  server.RaftServerConfigKeys (ConfUtils.java:logGet(43)) - raft.server.snapshot.auto.trigger.enabled = true (custom)
2019-07-13 07:23:01,135 INFO  server.RaftServerConfigKeys (ConfUtils.java:logGet(43)) - raft.server.log.write.buffer.size = 33554432 (custom)
2019-07-13 07:23:01,135 INFO  server.RaftServerConfigKeys (ConfUtils.java:logGet(43)) - raft.server.snapshot.auto.trigger.threshold = 10000 (custom)
2019-07-13 07:23:01,135 INFO  server.RaftServerConfigKeys (ConfUtils.java:logGet(43)) - raft.server.log.segment.size.max = 1048576 (custom)
2019-07-13 07:23:01,136 INFO  server.RaftServerConfigKeys (ConfUtils.java:logGet(43)) - raft.server.retrycache.expirytime = 600000ms (custom)
2019-07-13 07:23:01,135 INFO  server.RaftServerConfigKeys (ConfUtils.java:logGet(43)) - raft.server.log.force.sync.num = 128 (default)
2019-07-13 07:23:01,136 INFO  impl.RaftServerImpl (RaftServerImpl.java:start(180)) - 9c343af4-c05a-43b8-aa7c-e8ca3b13aa3c: start group-17200D235925
2019-07-13 07:23:01,136 INFO  impl.RaftServerImpl (RaftServerImpl.java:setRole(171)) - 9c343af4-c05a-43b8-aa7c-e8ca3b13aa3c:group-17200D235925 changes role from null to FOLLOWER at term 0 for startAsFollower
2019-07-13 07:23:01,136 INFO  server.RaftServerConfigKeys (ConfUtils.java:logGet(43)) - raft.server.log.preallocated.size = 16384 (custom)
2019-07-13 07:23:01,137 INFO  impl.RoleInfo (RoleInfo.java:updateAndGet(143)) - 9c343af4-c05a-43b8-aa7c-e8ca3b13aa3c: start FollowerState
2019-07-13 07:23:01,136 INFO  server.RaftServerConfigKeys (ConfUtils.java:logGet(43)) - raft.server.log.statemachine.data.sync = true (default)
2019-07-13 07:23:01,137 INFO  server.RaftServerConfigKeys (ConfUtils.java:logGet(43)) - raft.server.log.write.buffer.size = 33554432 (custom)
2019-07-13 07:23:01,137 INFO  util.JmxRegister (JmxRegister.java:tryRegister(44)) - Successfully registered JMX Bean with object name Ratis:service=RaftServer,group=group-17200D235925,id=9c343af4-c05a-43b8-aa7c-e8ca3b13aa3c
2019-07-13 07:23:01,137 INFO  server.RaftServerConfigKeys (ConfUtils.java:logGet(43)) - raft.server.log.statemachine.data.sync.timeout = 10s (default)
2019-07-13 07:23:01,137 INFO  server.RaftServerConfigKeys (ConfUtils.java:logGet(43)) - raft.server.log.force.sync.num = 128 (default)
2019-07-13 07:23:01,137 INFO  server.RaftServerConfigKeys (ConfUtils.java:logGet(43)) - raft.server.log.statemachine.data.sync.timeout.retry = -1 (default)
2019-07-13 07:23:01,138 INFO  server.RaftServerConfigKeys (ConfUtils.java:logGet(43)) - raft.server.log.statemachine.data.sync = true (default)
2019-07-13 07:23:01,138 INFO  server.RaftServerConfigKeys (ConfUtils.java:logGet(43)) - raft.server.log.statemachine.data.caching.enabled = true (custom)
2019-07-13 07:23:01,138 INFO  server.RaftServerConfigKeys (ConfUtils.java:logGet(43)) - raft.server.log.statemachine.data.sync.timeout = 10s (default)
2019-07-13 07:23:01,138 INFO  server.RaftServerConfigKeys (ConfUtils.java:logGet(43)) - raft.server.log.statemachine.data.sync.timeout.retry = -1 (default)
2019-07-13 07:23:01,138 INFO  segmented.SegmentedRaftLogWorker (SegmentedRaftLogWorker.java:lambda$new$0(132)) - 39edbc2c-2dac-420c-b4ca-f318d5f2f9bf-SegmentedRaftLogWorker:Storage Directory /tmp/workdir/hadoop-ozone/integration-test/target/test-dir/MiniOzoneClusterImpl-35f2412a-9966-4e2f-8b9c-01fb3afcc828/datanode-2/data/ratis/2d0dd8d5-7afe-47d7-b84b-17200d235925: flushIndex: setUnconditionally 0 -> -1
2019-07-13 07:23:01,139 INFO  server.RaftServerConfigKeys (ConfUtils.java:logGet(43)) - raft.server.log.statemachine.data.caching.enabled = true (custom)
2019-07-13 07:23:01,141 INFO  server.RaftServerConfigKeys (ConfUtils.java:logGet(43)) - raft.server.snapshot.auto.trigger.enabled = true (custom)
2019-07-13 07:23:01,141 INFO  server.RaftServerConfigKeys (ConfUtils.java:logGet(43)) - raft.server.snapshot.auto.trigger.threshold = 10000 (custom)
2019-07-13 07:23:01,141 INFO  segmented.SegmentedRaftLogWorker (SegmentedRaftLogWorker.java:lambda$new$0(132)) - 5ad86f75-e507-485a-9899-0310f98c9cb1-SegmentedRaftLogWorker:Storage Directory /tmp/workdir/hadoop-ozone/integration-test/target/test-dir/MiniOzoneClusterImpl-35f2412a-9966-4e2f-8b9c-01fb3afcc828/datanode-1/data/ratis/2d0dd8d5-7afe-47d7-b84b-17200d235925: flushIndex: setUnconditionally 0 -> -1
2019-07-13 07:23:01,141 INFO  server.RaftServerConfigKeys (ConfUtils.java:logGet(43)) - raft.server.retrycache.expirytime = 600000ms (custom)
2019-07-13 07:23:01,142 INFO  impl.RaftServerImpl (RaftServerImpl.java:start(180)) - 39edbc2c-2dac-420c-b4ca-f318d5f2f9bf: start group-17200D235925
2019-07-13 07:23:01,142 INFO  server.RaftServerConfigKeys (ConfUtils.java:logGet(43)) - raft.server.snapshot.auto.trigger.enabled = true (custom)
2019-07-13 07:23:01,142 INFO  impl.RaftServerImpl (RaftServerImpl.java:setRole(171)) - 39edbc2c-2dac-420c-b4ca-f318d5f2f9bf:group-17200D235925 changes role from null to FOLLOWER at term 0 for startAsFollower
2019-07-13 07:23:01,142 INFO  server.RaftServerConfigKeys (ConfUtils.java:logGet(43)) - raft.server.snapshot.auto.trigger.threshold = 10000 (custom)
2019-07-13 07:23:01,142 INFO  impl.RoleInfo (RoleInfo.java:updateAndGet(143)) - 39edbc2c-2dac-420c-b4ca-f318d5f2f9bf: start FollowerState
2019-07-13 07:23:01,142 INFO  server.RaftServerConfigKeys (ConfUtils.java:logGet(43)) - raft.server.retrycache.expirytime = 600000ms (custom)
2019-07-13 07:23:01,142 INFO  impl.RaftServerImpl (RaftServerImpl.java:start(180)) - 5ad86f75-e507-485a-9899-0310f98c9cb1: start group-17200D235925
2019-07-13 07:23:01,142 INFO  util.JmxRegister (JmxRegister.java:tryRegister(44)) - Successfully registered JMX Bean with object name Ratis:service=RaftServer,group=group-17200D235925,id=39edbc2c-2dac-420c-b4ca-f318d5f2f9bf
2019-07-13 07:23:01,143 INFO  impl.RaftServerImpl (RaftServerImpl.java:setRole(171)) - 5ad86f75-e507-485a-9899-0310f98c9cb1:group-17200D235925 changes role from null to FOLLOWER at term 0 for startAsFollower
2019-07-13 07:23:01,143 INFO  impl.RoleInfo (RoleInfo.java:updateAndGet(143)) - 5ad86f75-e507-485a-9899-0310f98c9cb1: start FollowerState
2019-07-13 07:23:01,143 INFO  util.JmxRegister (JmxRegister.java:tryRegister(44)) - Successfully registered JMX Bean with object name Ratis:service=RaftServer,group=group-17200D235925,id=5ad86f75-e507-485a-9899-0310f98c9cb1
2019-07-13 07:23:01,151 INFO  pipeline.PipelineStateManager (PipelineStateManager.java:addPipeline(56)) - Created pipeline Pipeline[ Id: 2d0dd8d5-7afe-47d7-b84b-17200d235925, Nodes: 5ad86f75-e507-485a-9899-0310f98c9cb1{ip: 192.168.69.84, host: trunk-nightly-9lh4p-2362225927, networkLocation: /default-rack, certSerialId: null}9c343af4-c05a-43b8-aa7c-e8ca3b13aa3c{ip: 192.168.69.84, host: trunk-nightly-9lh4p-2362225927, networkLocation: /default-rack, certSerialId: null}39edbc2c-2dac-420c-b4ca-f318d5f2f9bf{ip: 192.168.69.84, host: trunk-nightly-9lh4p-2362225927, networkLocation: /default-rack, certSerialId: null}, Type:RATIS, Factor:THREE, State:OPEN]
2019-07-13 07:23:01,212 INFO  node.SCMNodeManager (SCMNodeManager.java:register(269)) - Registered Data node : a97d2114-7749-4499-b4d7-d95d9746d721{ip: 192.168.69.84, host: trunk-nightly-9lh4p-2362225927, networkLocation: /default-rack, certSerialId: null}
2019-07-13 07:23:01,231 INFO  impl.RaftServerProxy (RaftServerProxy.java:addNew(89)) - a97d2114-7749-4499-b4d7-d95d9746d721: addNew group-51EE216D3CA4:[a97d2114-7749-4499-b4d7-d95d9746d721:192.168.69.84:37016] returns group-51EE216D3CA4:java.util.concurrent.CompletableFuture@48c8b377[Not completed]
2019-07-13 07:23:01,234 INFO  impl.RaftServerImpl (RaftServerImpl.java:<init>(93)) - a97d2114-7749-4499-b4d7-d95d9746d721: new RaftServerImpl for group-51EE216D3CA4:[a97d2114-7749-4499-b4d7-d95d9746d721:192.168.69.84:37016] with ContainerStateMachine:uninitialized
2019-07-13 07:23:01,235 INFO  server.RaftServerConfigKeys (ConfUtils.java:logGet(43)) - raft.server.rpc.timeout.min = 5s (custom)
2019-07-13 07:23:01,235 INFO  server.RaftServerConfigKeys (ConfUtils.java:logGet(43)) - raft.server.rpc.timeout.max = 5200ms (custom)
2019-07-13 07:23:01,235 INFO  server.RaftServerConfigKeys (ConfUtils.java:logGet(43)) - raft.server.rpcslowness.timeout = 120s (custom)
2019-07-13 07:23:01,235 INFO  server.RaftServerConfigKeys (ConfUtils.java:logGet(43)) - raft.server.sleep.deviation.threshold = 300 (default)
2019-07-13 07:23:01,236 INFO  server.RaftServerConfigKeys (ConfUtils.java:logGet(43)) - raft.server.log.appender.install.snapshot.enabled = false (custom)
2019-07-13 07:23:01,236 INFO  impl.RaftServerImpl (ServerState.java:<init>(105)) - a97d2114-7749-4499-b4d7-d95d9746d721:group-51EE216D3CA4 ConfigurationManager, init=-1: [a97d2114-7749-4499-b4d7-d95d9746d721:192.168.69.84:37016], old=null, confs=<EMPTY_MAP>
2019-07-13 07:23:01,236 INFO  server.RaftServerConfigKeys (ConfUtils.java:logGet(43)) - raft.server.storage.dir = [/tmp/workdir/hadoop-ozone/integration-test/target/test-dir/MiniOzoneClusterImpl-35f2412a-9966-4e2f-8b9c-01fb3afcc828/datanode-3/data/ratis] (custom)
2019-07-13 07:23:01,237 INFO  storage.RaftStorageDirectory (RaftStorageDirectory.java:analyzeStorage(246)) - The storage directory /tmp/workdir/hadoop-ozone/integration-test/target/test-dir/MiniOzoneClusterImpl-35f2412a-9966-4e2f-8b9c-01fb3afcc828/datanode-3/data/ratis/a1059c4a-f609-4ddc-b34c-51ee216d3ca4 does not exist. Creating ...
2019-07-13 07:23:01,250 INFO  storage.RaftStorageDirectory (RaftStorageDirectory.java:tryLock(328)) - Lock on /tmp/workdir/hadoop-ozone/integration-test/target/test-dir/MiniOzoneClusterImpl-35f2412a-9966-4e2f-8b9c-01fb3afcc828/datanode-3/data/ratis/a1059c4a-f609-4ddc-b34c-51ee216d3ca4/in_use.lock acquired by nodename 15876@trunk-nightly-9lh4p-2362225927
2019-07-13 07:23:01,264 INFO  storage.RaftStorage (RaftStorage.java:format(72)) - Storage directory /tmp/workdir/hadoop-ozone/integration-test/target/test-dir/MiniOzoneClusterImpl-35f2412a-9966-4e2f-8b9c-01fb3afcc828/datanode-3/data/ratis/a1059c4a-f609-4ddc-b34c-51ee216d3ca4 has been successfully formatted.
2019-07-13 07:23:01,264 INFO  ratis.ContainerStateMachine (ContainerStateMachine.java:loadSnapshot(200)) - The snapshot info is null.Setting the last applied index to:(t:0, i:~)
2019-07-13 07:23:01,264 INFO  server.RaftServerConfigKeys (ConfUtils.java:logGet(43)) - raft.server.leader.election.timeout = 120s (custom)
2019-07-13 07:23:01,265 INFO  server.RaftServerConfigKeys (ConfUtils.java:logGet(43)) - raft.server.log.use.memory = false (default)
2019-07-13 07:23:01,265 INFO  server.RaftServerConfigKeys (ConfUtils.java:logGet(43)) - raft.server.log.purge.gap = 1000000000 (custom)
2019-07-13 07:23:01,265 INFO  server.RaftServerConfigKeys (ConfUtils.java:logGet(43)) - raft.server.log.appender.buffer.byte-limit = 33554432 (custom)
2019-07-13 07:23:01,265 INFO  server.RaftServerConfigKeys (ConfUtils.java:logGet(43)) - raft.server.log.segment.size.max = 1048576 (custom)
2019-07-13 07:23:01,266 INFO  server.RaftServerConfigKeys (ConfUtils.java:logGet(43)) - raft.server.log.segment.cache.num.max = 2 (custom)
2019-07-13 07:23:01,266 INFO  segmented.SegmentedRaftLogWorker (SegmentedRaftLogWorker.java:<init>(172)) - new a97d2114-7749-4499-b4d7-d95d9746d721-SegmentedRaftLogWorker:Storage Directory /tmp/workdir/hadoop-ozone/integration-test/target/test-dir/MiniOzoneClusterImpl-35f2412a-9966-4e2f-8b9c-01fb3afcc828/datanode-3/data/ratis/a1059c4a-f609-4ddc-b34c-51ee216d3ca4 for RaftStorage:Storage Directory /tmp/workdir/hadoop-ozone/integration-test/target/test-dir/MiniOzoneClusterImpl-35f2412a-9966-4e2f-8b9c-01fb3afcc828/datanode-3/data/ratis/a1059c4a-f609-4ddc-b34c-51ee216d3ca4
2019-07-13 07:23:01,266 INFO  server.RaftServerConfigKeys (ConfUtils.java:logGet(43)) - raft.server.log.queue.byte-limit = 2147483647 (custom)
2019-07-13 07:23:01,266 INFO  server.RaftServerConfigKeys (ConfUtils.java:logGet(43)) - raft.server.log.queue.element-limit = 1024 (custom)
2019-07-13 07:23:01,267 INFO  server.RaftServerConfigKeys (ConfUtils.java:logGet(43)) - raft.server.log.segment.size.max = 1048576 (custom)
2019-07-13 07:23:01,267 INFO  server.RaftServerConfigKeys (ConfUtils.java:logGet(43)) - raft.server.log.preallocated.size = 16384 (custom)
2019-07-13 07:23:01,267 INFO  server.RaftServerConfigKeys (ConfUtils.java:logGet(43)) - raft.server.log.write.buffer.size = 33554432 (custom)
2019-07-13 07:23:01,267 INFO  server.RaftServerConfigKeys (ConfUtils.java:logGet(43)) - raft.server.log.force.sync.num = 128 (default)
2019-07-13 07:23:01,268 INFO  server.RaftServerConfigKeys (ConfUtils.java:logGet(43)) - raft.server.log.statemachine.data.sync = true (default)
2019-07-13 07:23:01,268 INFO  server.RaftServerConfigKeys (ConfUtils.java:logGet(43)) - raft.server.log.statemachine.data.sync.timeout = 10s (default)
2019-07-13 07:23:01,268 INFO  server.RaftServerConfigKeys (ConfUtils.java:logGet(43)) - raft.server.log.statemachine.data.sync.timeout.retry = -1 (default)
2019-07-13 07:23:01,269 INFO  server.RaftServerConfigKeys (ConfUtils.java:logGet(43)) - raft.server.log.statemachine.data.caching.enabled = true (custom)
2019-07-13 07:23:01,269 INFO  segmented.SegmentedRaftLogWorker (SegmentedRaftLogWorker.java:lambda$new$0(132)) - a97d2114-7749-4499-b4d7-d95d9746d721-SegmentedRaftLogWorker:Storage Directory /tmp/workdir/hadoop-ozone/integration-test/target/test-dir/MiniOzoneClusterImpl-35f2412a-9966-4e2f-8b9c-01fb3afcc828/datanode-3/data/ratis/a1059c4a-f609-4ddc-b34c-51ee216d3ca4: flushIndex: setUnconditionally 0 -> -1
2019-07-13 07:23:01,270 INFO  server.RaftServerConfigKeys (ConfUtils.java:logGet(43)) - raft.server.snapshot.auto.trigger.enabled = true (custom)
2019-07-13 07:23:01,270 INFO  server.RaftServerConfigKeys (ConfUtils.java:logGet(43)) - raft.server.snapshot.auto.trigger.threshold = 10000 (custom)
2019-07-13 07:23:01,270 INFO  server.RaftServerConfigKeys (ConfUtils.java:logGet(43)) - raft.server.retrycache.expirytime = 600000ms (custom)
2019-07-13 07:23:01,270 INFO  impl.RaftServerImpl (RaftServerImpl.java:start(180)) - a97d2114-7749-4499-b4d7-d95d9746d721: start group-51EE216D3CA4
2019-07-13 07:23:01,271 INFO  impl.RaftServerImpl (RaftServerImpl.java:setRole(171)) - a97d2114-7749-4499-b4d7-d95d9746d721:group-51EE216D3CA4 changes role from null to FOLLOWER at term 0 for startAsFollower
2019-07-13 07:23:01,271 INFO  impl.RoleInfo (RoleInfo.java:updateAndGet(143)) - a97d2114-7749-4499-b4d7-d95d9746d721: start FollowerState
2019-07-13 07:23:01,271 INFO  util.JmxRegister (JmxRegister.java:tryRegister(44)) - Successfully registered JMX Bean with object name Ratis:service=RaftServer,group=group-51EE216D3CA4,id=a97d2114-7749-4499-b4d7-d95d9746d721
2019-07-13 07:23:01,279 INFO  pipeline.PipelineStateManager (PipelineStateManager.java:addPipeline(56)) - Created pipeline Pipeline[ Id: a1059c4a-f609-4ddc-b34c-51ee216d3ca4, Nodes: a97d2114-7749-4499-b4d7-d95d9746d721{ip: 192.168.69.84, host: trunk-nightly-9lh4p-2362225927, networkLocation: /default-rack, certSerialId: null}, Type:RATIS, Factor:ONE, State:OPEN]
2019-07-13 07:23:01,386 INFO  node.SCMNodeManager (SCMNodeManager.java:register(269)) - Registered Data node : b1ff5848-6003-4ee8-9f43-30d2cda1f1d8{ip: 192.168.69.84, host: trunk-nightly-9lh4p-2362225927, networkLocation: /default-rack, certSerialId: null}
2019-07-13 07:23:01,403 INFO  impl.RaftServerProxy (RaftServerProxy.java:addNew(89)) - b1ff5848-6003-4ee8-9f43-30d2cda1f1d8: addNew group-A89D6DA42749:[b1ff5848-6003-4ee8-9f43-30d2cda1f1d8:192.168.69.84:39675] returns group-A89D6DA42749:java.util.concurrent.CompletableFuture@4ff009f6[Not completed]
2019-07-13 07:23:01,405 INFO  impl.RaftServerImpl (RaftServerImpl.java:<init>(93)) - b1ff5848-6003-4ee8-9f43-30d2cda1f1d8: new RaftServerImpl for group-A89D6DA42749:[b1ff5848-6003-4ee8-9f43-30d2cda1f1d8:192.168.69.84:39675] with ContainerStateMachine:uninitialized
2019-07-13 07:23:01,405 INFO  server.RaftServerConfigKeys (ConfUtils.java:logGet(43)) - raft.server.rpc.timeout.min = 5s (custom)
2019-07-13 07:23:01,405 INFO  server.RaftServerConfigKeys (ConfUtils.java:logGet(43)) - raft.server.rpc.timeout.max = 5200ms (custom)
2019-07-13 07:23:01,405 INFO  server.RaftServerConfigKeys (ConfUtils.java:logGet(43)) - raft.server.rpcslowness.timeout = 120s (custom)
2019-07-13 07:23:01,405 INFO  server.RaftServerConfigKeys (ConfUtils.java:logGet(43)) - raft.server.sleep.deviation.threshold = 300 (default)
2019-07-13 07:23:01,406 INFO  server.RaftServerConfigKeys (ConfUtils.java:logGet(43)) - raft.server.log.appender.install.snapshot.enabled = false (custom)
2019-07-13 07:23:01,406 INFO  impl.RaftServerImpl (ServerState.java:<init>(105)) - b1ff5848-6003-4ee8-9f43-30d2cda1f1d8:group-A89D6DA42749 ConfigurationManager, init=-1: [b1ff5848-6003-4ee8-9f43-30d2cda1f1d8:192.168.69.84:39675], old=null, confs=<EMPTY_MAP>
2019-07-13 07:23:01,406 INFO  server.RaftServerConfigKeys (ConfUtils.java:logGet(43)) - raft.server.storage.dir = [/tmp/workdir/hadoop-ozone/integration-test/target/test-dir/MiniOzoneClusterImpl-35f2412a-9966-4e2f-8b9c-01fb3afcc828/datanode-4/data/ratis] (custom)
2019-07-13 07:23:01,407 INFO  storage.RaftStorageDirectory (RaftStorageDirectory.java:analyzeStorage(246)) - The storage directory /tmp/workdir/hadoop-ozone/integration-test/target/test-dir/MiniOzoneClusterImpl-35f2412a-9966-4e2f-8b9c-01fb3afcc828/datanode-4/data/ratis/0b2e03ba-c715-4d4a-abb9-a89d6da42749 does not exist. Creating ...
2019-07-13 07:23:01,420 INFO  storage.RaftStorageDirectory (RaftStorageDirectory.java:tryLock(328)) - Lock on /tmp/workdir/hadoop-ozone/integration-test/target/test-dir/MiniOzoneClusterImpl-35f2412a-9966-4e2f-8b9c-01fb3afcc828/datanode-4/data/ratis/0b2e03ba-c715-4d4a-abb9-a89d6da42749/in_use.lock acquired by nodename 15876@trunk-nightly-9lh4p-2362225927
2019-07-13 07:23:01,434 INFO  storage.RaftStorage (RaftStorage.java:format(72)) - Storage directory /tmp/workdir/hadoop-ozone/integration-test/target/test-dir/MiniOzoneClusterImpl-35f2412a-9966-4e2f-8b9c-01fb3afcc828/datanode-4/data/ratis/0b2e03ba-c715-4d4a-abb9-a89d6da42749 has been successfully formatted.
2019-07-13 07:23:01,434 INFO  ratis.ContainerStateMachine (ContainerStateMachine.java:loadSnapshot(200)) - The snapshot info is null.Setting the last applied index to:(t:0, i:~)
2019-07-13 07:23:01,434 INFO  server.RaftServerConfigKeys (ConfUtils.java:logGet(43)) - raft.server.leader.election.timeout = 120s (custom)
2019-07-13 07:23:01,434 INFO  server.RaftServerConfigKeys (ConfUtils.java:logGet(43)) - raft.server.log.use.memory = false (default)
2019-07-13 07:23:01,435 INFO  server.RaftServerConfigKeys (ConfUtils.java:logGet(43)) - raft.server.log.purge.gap = 1000000000 (custom)
2019-07-13 07:23:01,435 INFO  server.RaftServerConfigKeys (ConfUtils.java:logGet(43)) - raft.server.log.appender.buffer.byte-limit = 33554432 (custom)
2019-07-13 07:23:01,435 INFO  server.RaftServerConfigKeys (ConfUtils.java:logGet(43)) - raft.server.log.segment.size.max = 1048576 (custom)
2019-07-13 07:23:01,435 INFO  server.RaftServerConfigKeys (ConfUtils.java:logGet(43)) - raft.server.log.segment.cache.num.max = 2 (custom)
2019-07-13 07:23:01,435 INFO  segmented.SegmentedRaftLogWorker (SegmentedRaftLogWorker.java:<init>(172)) - new b1ff5848-6003-4ee8-9f43-30d2cda1f1d8-SegmentedRaftLogWorker:Storage Directory /tmp/workdir/hadoop-ozone/integration-test/target/test-dir/MiniOzoneClusterImpl-35f2412a-9966-4e2f-8b9c-01fb3afcc828/datanode-4/data/ratis/0b2e03ba-c715-4d4a-abb9-a89d6da42749 for RaftStorage:Storage Directory /tmp/workdir/hadoop-ozone/integration-test/target/test-dir/MiniOzoneClusterImpl-35f2412a-9966-4e2f-8b9c-01fb3afcc828/datanode-4/data/ratis/0b2e03ba-c715-4d4a-abb9-a89d6da42749
2019-07-13 07:23:01,436 INFO  server.RaftServerConfigKeys (ConfUtils.java:logGet(43)) - raft.server.log.queue.byte-limit = 2147483647 (custom)
2019-07-13 07:23:01,436 INFO  server.RaftServerConfigKeys (ConfUtils.java:logGet(43)) - raft.server.log.queue.element-limit = 1024 (custom)
2019-07-13 07:23:01,436 INFO  server.RaftServerConfigKeys (ConfUtils.java:logGet(43)) - raft.server.log.segment.size.max = 1048576 (custom)
2019-07-13 07:23:01,436 INFO  server.RaftServerConfigKeys (ConfUtils.java:logGet(43)) - raft.server.log.preallocated.size = 16384 (custom)
2019-07-13 07:23:01,436 INFO  server.RaftServerConfigKeys (ConfUtils.java:logGet(43)) - raft.server.log.write.buffer.size = 33554432 (custom)
2019-07-13 07:23:01,437 INFO  server.RaftServerConfigKeys (ConfUtils.java:logGet(43)) - raft.server.log.force.sync.num = 128 (default)
2019-07-13 07:23:01,437 INFO  server.RaftServerConfigKeys (ConfUtils.java:logGet(43)) - raft.server.log.statemachine.data.sync = true (default)
2019-07-13 07:23:01,437 INFO  server.RaftServerConfigKeys (ConfUtils.java:logGet(43)) - raft.server.log.statemachine.data.sync.timeout = 10s (default)
2019-07-13 07:23:01,437 INFO  server.RaftServerConfigKeys (ConfUtils.java:logGet(43)) - raft.server.log.statemachine.data.sync.timeout.retry = -1 (default)
2019-07-13 07:23:01,438 INFO  server.RaftServerConfigKeys (ConfUtils.java:logGet(43)) - raft.server.log.statemachine.data.caching.enabled = true (custom)
2019-07-13 07:23:01,438 INFO  segmented.SegmentedRaftLogWorker (SegmentedRaftLogWorker.java:lambda$new$0(132)) - b1ff5848-6003-4ee8-9f43-30d2cda1f1d8-SegmentedRaftLogWorker:Storage Directory /tmp/workdir/hadoop-ozone/integration-test/target/test-dir/MiniOzoneClusterImpl-35f2412a-9966-4e2f-8b9c-01fb3afcc828/datanode-4/data/ratis/0b2e03ba-c715-4d4a-abb9-a89d6da42749: flushIndex: setUnconditionally 0 -> -1
2019-07-13 07:23:01,439 INFO  server.RaftServerConfigKeys (ConfUtils.java:logGet(43)) - raft.server.snapshot.auto.trigger.enabled = true (custom)
2019-07-13 07:23:01,439 INFO  server.RaftServerConfigKeys (ConfUtils.java:logGet(43)) - raft.server.snapshot.auto.trigger.threshold = 10000 (custom)
2019-07-13 07:23:01,439 INFO  server.RaftServerConfigKeys (ConfUtils.java:logGet(43)) - raft.server.retrycache.expirytime = 600000ms (custom)
2019-07-13 07:23:01,439 INFO  impl.RaftServerImpl (RaftServerImpl.java:start(180)) - b1ff5848-6003-4ee8-9f43-30d2cda1f1d8: start group-A89D6DA42749
2019-07-13 07:23:01,439 INFO  impl.RaftServerImpl (RaftServerImpl.java:setRole(171)) - b1ff5848-6003-4ee8-9f43-30d2cda1f1d8:group-A89D6DA42749 changes role from null to FOLLOWER at term 0 for startAsFollower
2019-07-13 07:23:01,440 INFO  impl.RoleInfo (RoleInfo.java:updateAndGet(143)) - b1ff5848-6003-4ee8-9f43-30d2cda1f1d8: start FollowerState
2019-07-13 07:23:01,450 INFO  util.JmxRegister (JmxRegister.java:tryRegister(44)) - Successfully registered JMX Bean with object name Ratis:service=RaftServer,group=group-A89D6DA42749,id=b1ff5848-6003-4ee8-9f43-30d2cda1f1d8
2019-07-13 07:23:01,463 INFO  pipeline.PipelineStateManager (PipelineStateManager.java:addPipeline(56)) - Created pipeline Pipeline[ Id: 0b2e03ba-c715-4d4a-abb9-a89d6da42749, Nodes: b1ff5848-6003-4ee8-9f43-30d2cda1f1d8{ip: 192.168.69.84, host: trunk-nightly-9lh4p-2362225927, networkLocation: /default-rack, certSerialId: null}, Type:RATIS, Factor:ONE, State:OPEN]
2019-07-13 07:23:01,583 INFO  ozone.MiniOzoneClusterImpl (MiniOzoneClusterImpl.java:lambda$waitForClusterToBeReady$0(142)) - Waiting for cluster to be ready. Got 5 of 6 DN Heartbeats.
2019-07-13 07:23:01,587 INFO  node.SCMNodeManager (SCMNodeManager.java:register(269)) - Registered Data node : 17b79d47-ca1d-452c-a8b3-9c1bdecaed3c{ip: 192.168.69.84, host: trunk-nightly-9lh4p-2362225927, networkLocation: /default-rack, certSerialId: null}
2019-07-13 07:23:01,601 INFO  impl.RaftServerProxy (RaftServerProxy.java:addNew(89)) - 17b79d47-ca1d-452c-a8b3-9c1bdecaed3c: addNew group-9F91FF4FC77C:[17b79d47-ca1d-452c-a8b3-9c1bdecaed3c:192.168.69.84:42090] returns group-9F91FF4FC77C:java.util.concurrent.CompletableFuture@78f68867[Not completed]
2019-07-13 07:23:01,603 INFO  impl.RaftServerImpl (RaftServerImpl.java:<init>(93)) - 17b79d47-ca1d-452c-a8b3-9c1bdecaed3c: new RaftServerImpl for group-9F91FF4FC77C:[17b79d47-ca1d-452c-a8b3-9c1bdecaed3c:192.168.69.84:42090] with ContainerStateMachine:uninitialized
2019-07-13 07:23:01,603 INFO  server.RaftServerConfigKeys (ConfUtils.java:logGet(43)) - raft.server.rpc.timeout.min = 5s (custom)
2019-07-13 07:23:01,603 INFO  server.RaftServerConfigKeys (ConfUtils.java:logGet(43)) - raft.server.rpc.timeout.max = 5200ms (custom)
2019-07-13 07:23:01,603 INFO  server.RaftServerConfigKeys (ConfUtils.java:logGet(43)) - raft.server.rpcslowness.timeout = 120s (custom)
2019-07-13 07:23:01,604 INFO  server.RaftServerConfigKeys (ConfUtils.java:logGet(43)) - raft.server.sleep.deviation.threshold = 300 (default)
2019-07-13 07:23:01,604 INFO  server.RaftServerConfigKeys (ConfUtils.java:logGet(43)) - raft.server.log.appender.install.snapshot.enabled = false (custom)
2019-07-13 07:23:01,604 INFO  impl.RaftServerImpl (ServerState.java:<init>(105)) - 17b79d47-ca1d-452c-a8b3-9c1bdecaed3c:group-9F91FF4FC77C ConfigurationManager, init=-1: [17b79d47-ca1d-452c-a8b3-9c1bdecaed3c:192.168.69.84:42090], old=null, confs=<EMPTY_MAP>
2019-07-13 07:23:01,604 INFO  server.RaftServerConfigKeys (ConfUtils.java:logGet(43)) - raft.server.storage.dir = [/tmp/workdir/hadoop-ozone/integration-test/target/test-dir/MiniOzoneClusterImpl-35f2412a-9966-4e2f-8b9c-01fb3afcc828/datanode-5/data/ratis] (custom)
2019-07-13 07:23:01,605 INFO  storage.RaftStorageDirectory (RaftStorageDirectory.java:analyzeStorage(246)) - The storage directory /tmp/workdir/hadoop-ozone/integration-test/target/test-dir/MiniOzoneClusterImpl-35f2412a-9966-4e2f-8b9c-01fb3afcc828/datanode-5/data/ratis/f77b4eb1-b6a0-4805-87e3-9f91ff4fc77c does not exist. Creating ...
2019-07-13 07:23:01,617 INFO  storage.RaftStorageDirectory (RaftStorageDirectory.java:tryLock(328)) - Lock on /tmp/workdir/hadoop-ozone/integration-test/target/test-dir/MiniOzoneClusterImpl-35f2412a-9966-4e2f-8b9c-01fb3afcc828/datanode-5/data/ratis/f77b4eb1-b6a0-4805-87e3-9f91ff4fc77c/in_use.lock acquired by nodename 15876@trunk-nightly-9lh4p-2362225927
2019-07-13 07:23:01,630 INFO  storage.RaftStorage (RaftStorage.java:format(72)) - Storage directory /tmp/workdir/hadoop-ozone/integration-test/target/test-dir/MiniOzoneClusterImpl-35f2412a-9966-4e2f-8b9c-01fb3afcc828/datanode-5/data/ratis/f77b4eb1-b6a0-4805-87e3-9f91ff4fc77c has been successfully formatted.
2019-07-13 07:23:01,631 INFO  ratis.ContainerStateMachine (ContainerStateMachine.java:loadSnapshot(200)) - The snapshot info is null.Setting the last applied index to:(t:0, i:~)
2019-07-13 07:23:01,631 INFO  server.RaftServerConfigKeys (ConfUtils.java:logGet(43)) - raft.server.leader.election.timeout = 120s (custom)
2019-07-13 07:23:01,631 INFO  server.RaftServerConfigKeys (ConfUtils.java:logGet(43)) - raft.server.log.use.memory = false (default)
2019-07-13 07:23:01,631 INFO  server.RaftServerConfigKeys (ConfUtils.java:logGet(43)) - raft.server.log.purge.gap = 1000000000 (custom)
2019-07-13 07:23:01,632 INFO  server.RaftServerConfigKeys (ConfUtils.java:logGet(43)) - raft.server.log.appender.buffer.byte-limit = 33554432 (custom)
2019-07-13 07:23:01,632 INFO  server.RaftServerConfigKeys (ConfUtils.java:logGet(43)) - raft.server.log.segment.size.max = 1048576 (custom)
2019-07-13 07:23:01,632 INFO  server.RaftServerConfigKeys (ConfUtils.java:logGet(43)) - raft.server.log.segment.cache.num.max = 2 (custom)
2019-07-13 07:23:01,632 INFO  segmented.SegmentedRaftLogWorker (SegmentedRaftLogWorker.java:<init>(172)) - new 17b79d47-ca1d-452c-a8b3-9c1bdecaed3c-SegmentedRaftLogWorker:Storage Directory /tmp/workdir/hadoop-ozone/integration-test/target/test-dir/MiniOzoneClusterImpl-35f2412a-9966-4e2f-8b9c-01fb3afcc828/datanode-5/data/ratis/f77b4eb1-b6a0-4805-87e3-9f91ff4fc77c for RaftStorage:Storage Directory /tmp/workdir/hadoop-ozone/integration-test/target/test-dir/MiniOzoneClusterImpl-35f2412a-9966-4e2f-8b9c-01fb3afcc828/datanode-5/data/ratis/f77b4eb1-b6a0-4805-87e3-9f91ff4fc77c
2019-07-13 07:23:01,632 INFO  server.RaftServerConfigKeys (ConfUtils.java:logGet(43)) - raft.server.log.queue.byte-limit = 2147483647 (custom)
2019-07-13 07:23:01,633 INFO  server.RaftServerConfigKeys (ConfUtils.java:logGet(43)) - raft.server.log.queue.element-limit = 1024 (custom)
2019-07-13 07:23:01,633 INFO  server.RaftServerConfigKeys (ConfUtils.java:logGet(43)) - raft.server.log.segment.size.max = 1048576 (custom)
2019-07-13 07:23:01,633 INFO  server.RaftServerConfigKeys (ConfUtils.java:logGet(43)) - raft.server.log.preallocated.size = 16384 (custom)
2019-07-13 07:23:01,633 INFO  server.RaftServerConfigKeys (ConfUtils.java:logGet(43)) - raft.server.log.write.buffer.size = 33554432 (custom)
2019-07-13 07:23:01,633 INFO  server.RaftServerConfigKeys (ConfUtils.java:logGet(43)) - raft.server.log.force.sync.num = 128 (default)
2019-07-13 07:23:01,634 INFO  server.RaftServerConfigKeys (ConfUtils.java:logGet(43)) - raft.server.log.statemachine.data.sync = true (default)
2019-07-13 07:23:01,634 INFO  server.RaftServerConfigKeys (ConfUtils.java:logGet(43)) - raft.server.log.statemachine.data.sync.timeout = 10s (default)
2019-07-13 07:23:01,634 INFO  server.RaftServerConfigKeys (ConfUtils.java:logGet(43)) - raft.server.log.statemachine.data.sync.timeout.retry = -1 (default)
2019-07-13 07:23:01,634 INFO  server.RaftServerConfigKeys (ConfUtils.java:logGet(43)) - raft.server.log.statemachine.data.caching.enabled = true (custom)
2019-07-13 07:23:01,635 INFO  segmented.SegmentedRaftLogWorker (SegmentedRaftLogWorker.java:lambda$new$0(132)) - 17b79d47-ca1d-452c-a8b3-9c1bdecaed3c-SegmentedRaftLogWorker:Storage Directory /tmp/workdir/hadoop-ozone/integration-test/target/test-dir/MiniOzoneClusterImpl-35f2412a-9966-4e2f-8b9c-01fb3afcc828/datanode-5/data/ratis/f77b4eb1-b6a0-4805-87e3-9f91ff4fc77c: flushIndex: setUnconditionally 0 -> -1
2019-07-13 07:23:01,635 INFO  server.RaftServerConfigKeys (ConfUtils.java:logGet(43)) - raft.server.snapshot.auto.trigger.enabled = true (custom)
2019-07-13 07:23:01,635 INFO  server.RaftServerConfigKeys (ConfUtils.java:logGet(43)) - raft.server.snapshot.auto.trigger.threshold = 10000 (custom)
2019-07-13 07:23:01,636 INFO  server.RaftServerConfigKeys (ConfUtils.java:logGet(43)) - raft.server.retrycache.expirytime = 600000ms (custom)
2019-07-13 07:23:01,636 INFO  impl.RaftServerImpl (RaftServerImpl.java:start(180)) - 17b79d47-ca1d-452c-a8b3-9c1bdecaed3c: start group-9F91FF4FC77C
2019-07-13 07:23:01,636 INFO  impl.RaftServerImpl (RaftServerImpl.java:setRole(171)) - 17b79d47-ca1d-452c-a8b3-9c1bdecaed3c:group-9F91FF4FC77C changes role from null to FOLLOWER at term 0 for startAsFollower
2019-07-13 07:23:01,636 INFO  impl.RoleInfo (RoleInfo.java:updateAndGet(143)) - 17b79d47-ca1d-452c-a8b3-9c1bdecaed3c: start FollowerState
2019-07-13 07:23:01,637 INFO  util.JmxRegister (JmxRegister.java:tryRegister(44)) - Successfully registered JMX Bean with object name Ratis:service=RaftServer,group=group-9F91FF4FC77C,id=17b79d47-ca1d-452c-a8b3-9c1bdecaed3c
2019-07-13 07:23:01,642 INFO  pipeline.PipelineStateManager (PipelineStateManager.java:addPipeline(56)) - Created pipeline Pipeline[ Id: f77b4eb1-b6a0-4805-87e3-9f91ff4fc77c, Nodes: 17b79d47-ca1d-452c-a8b3-9c1bdecaed3c{ip: 192.168.69.84, host: trunk-nightly-9lh4p-2362225927, networkLocation: /default-rack, certSerialId: null}, Type:RATIS, Factor:ONE, State:OPEN]
2019-07-13 07:23:01,667 INFO  impl.RaftServerProxy (RaftServerProxy.java:addNew(89)) - a97d2114-7749-4499-b4d7-d95d9746d721: addNew group-AD218519AB09:[b1ff5848-6003-4ee8-9f43-30d2cda1f1d8:192.168.69.84:39675, 17b79d47-ca1d-452c-a8b3-9c1bdecaed3c:192.168.69.84:42090, a97d2114-7749-4499-b4d7-d95d9746d721:192.168.69.84:37016] returns group-AD218519AB09:java.util.concurrent.CompletableFuture@7417b4e3[Not completed]
2019-07-13 07:23:01,667 INFO  impl.RaftServerProxy (RaftServerProxy.java:addNew(89)) - b1ff5848-6003-4ee8-9f43-30d2cda1f1d8: addNew group-AD218519AB09:[b1ff5848-6003-4ee8-9f43-30d2cda1f1d8:192.168.69.84:39675, 17b79d47-ca1d-452c-a8b3-9c1bdecaed3c:192.168.69.84:42090, a97d2114-7749-4499-b4d7-d95d9746d721:192.168.69.84:37016] returns group-AD218519AB09:java.util.concurrent.CompletableFuture@6be01f49[Not completed]
2019-07-13 07:23:01,668 INFO  impl.RaftServerProxy (RaftServerProxy.java:addNew(89)) - 17b79d47-ca1d-452c-a8b3-9c1bdecaed3c: addNew group-AD218519AB09:[b1ff5848-6003-4ee8-9f43-30d2cda1f1d8:192.168.69.84:39675, 17b79d47-ca1d-452c-a8b3-9c1bdecaed3c:192.168.69.84:42090, a97d2114-7749-4499-b4d7-d95d9746d721:192.168.69.84:37016] returns group-AD218519AB09:java.util.concurrent.CompletableFuture@75b824a[Not completed]
2019-07-13 07:23:01,669 INFO  impl.RaftServerImpl (RaftServerImpl.java:<init>(93)) - a97d2114-7749-4499-b4d7-d95d9746d721: new RaftServerImpl for group-AD218519AB09:[b1ff5848-6003-4ee8-9f43-30d2cda1f1d8:192.168.69.84:39675, 17b79d47-ca1d-452c-a8b3-9c1bdecaed3c:192.168.69.84:42090, a97d2114-7749-4499-b4d7-d95d9746d721:192.168.69.84:37016] with ContainerStateMachine:uninitialized
2019-07-13 07:23:01,669 INFO  server.RaftServerConfigKeys (ConfUtils.java:logGet(43)) - raft.server.rpc.timeout.min = 5s (custom)
2019-07-13 07:23:01,669 INFO  server.RaftServerConfigKeys (ConfUtils.java:logGet(43)) - raft.server.rpc.timeout.max = 5200ms (custom)
2019-07-13 07:23:01,669 INFO  server.RaftServerConfigKeys (ConfUtils.java:logGet(43)) - raft.server.rpcslowness.timeout = 120s (custom)
2019-07-13 07:23:01,669 INFO  server.RaftServerConfigKeys (ConfUtils.java:logGet(43)) - raft.server.sleep.deviation.threshold = 300 (default)
2019-07-13 07:23:01,669 INFO  impl.RaftServerImpl (RaftServerImpl.java:<init>(93)) - b1ff5848-6003-4ee8-9f43-30d2cda1f1d8: new RaftServerImpl for group-AD218519AB09:[b1ff5848-6003-4ee8-9f43-30d2cda1f1d8:192.168.69.84:39675, 17b79d47-ca1d-452c-a8b3-9c1bdecaed3c:192.168.69.84:42090, a97d2114-7749-4499-b4d7-d95d9746d721:192.168.69.84:37016] with ContainerStateMachine:uninitialized
2019-07-13 07:23:01,670 INFO  server.RaftServerConfigKeys (ConfUtils.java:logGet(43)) - raft.server.log.appender.install.snapshot.enabled = false (custom)
2019-07-13 07:23:01,670 INFO  server.RaftServerConfigKeys (ConfUtils.java:logGet(43)) - raft.server.rpc.timeout.min = 5s (custom)
2019-07-13 07:23:01,670 INFO  impl.RaftServerImpl (ServerState.java:<init>(105)) - a97d2114-7749-4499-b4d7-d95d9746d721:group-AD218519AB09 ConfigurationManager, init=-1: [b1ff5848-6003-4ee8-9f43-30d2cda1f1d8:192.168.69.84:39675, 17b79d47-ca1d-452c-a8b3-9c1bdecaed3c:192.168.69.84:42090, a97d2114-7749-4499-b4d7-d95d9746d721:192.168.69.84:37016], old=null, confs=<EMPTY_MAP>
2019-07-13 07:23:01,670 INFO  impl.RaftServerImpl (RaftServerImpl.java:<init>(93)) - 17b79d47-ca1d-452c-a8b3-9c1bdecaed3c: new RaftServerImpl for group-AD218519AB09:[b1ff5848-6003-4ee8-9f43-30d2cda1f1d8:192.168.69.84:39675, 17b79d47-ca1d-452c-a8b3-9c1bdecaed3c:192.168.69.84:42090, a97d2114-7749-4499-b4d7-d95d9746d721:192.168.69.84:37016] with ContainerStateMachine:uninitialized
2019-07-13 07:23:01,670 INFO  server.RaftServerConfigKeys (ConfUtils.java:logGet(43)) - raft.server.rpc.timeout.max = 5200ms (custom)
2019-07-13 07:23:01,670 INFO  server.RaftServerConfigKeys (ConfUtils.java:logGet(43)) - raft.server.rpc.timeout.min = 5s (custom)
2019-07-13 07:23:01,670 INFO  server.RaftServerConfigKeys (ConfUtils.java:logGet(43)) - raft.server.storage.dir = [/tmp/workdir/hadoop-ozone/integration-test/target/test-dir/MiniOzoneClusterImpl-35f2412a-9966-4e2f-8b9c-01fb3afcc828/datanode-3/data/ratis] (custom)
2019-07-13 07:23:01,671 INFO  server.RaftServerConfigKeys (ConfUtils.java:logGet(43)) - raft.server.rpc.timeout.max = 5200ms (custom)
2019-07-13 07:23:01,671 INFO  server.RaftServerConfigKeys (ConfUtils.java:logGet(43)) - raft.server.rpcslowness.timeout = 120s (custom)
2019-07-13 07:23:01,671 INFO  server.RaftServerConfigKeys (ConfUtils.java:logGet(43)) - raft.server.rpcslowness.timeout = 120s (custom)
2019-07-13 07:23:01,671 INFO  server.RaftServerConfigKeys (ConfUtils.java:logGet(43)) - raft.server.sleep.deviation.threshold = 300 (default)
2019-07-13 07:23:01,671 INFO  storage.RaftStorageDirectory (RaftStorageDirectory.java:analyzeStorage(246)) - The storage directory /tmp/workdir/hadoop-ozone/integration-test/target/test-dir/MiniOzoneClusterImpl-35f2412a-9966-4e2f-8b9c-01fb3afcc828/datanode-3/data/ratis/4ce049ef-1313-48fd-b0d5-ad218519ab09 does not exist. Creating ...
2019-07-13 07:23:01,671 INFO  server.RaftServerConfigKeys (ConfUtils.java:logGet(43)) - raft.server.log.appender.install.snapshot.enabled = false (custom)
2019-07-13 07:23:01,671 INFO  server.RaftServerConfigKeys (ConfUtils.java:logGet(43)) - raft.server.sleep.deviation.threshold = 300 (default)
2019-07-13 07:23:01,672 INFO  impl.RaftServerImpl (ServerState.java:<init>(105)) - b1ff5848-6003-4ee8-9f43-30d2cda1f1d8:group-AD218519AB09 ConfigurationManager, init=-1: [b1ff5848-6003-4ee8-9f43-30d2cda1f1d8:192.168.69.84:39675, 17b79d47-ca1d-452c-a8b3-9c1bdecaed3c:192.168.69.84:42090, a97d2114-7749-4499-b4d7-d95d9746d721:192.168.69.84:37016], old=null, confs=<EMPTY_MAP>
2019-07-13 07:23:01,672 INFO  server.RaftServerConfigKeys (ConfUtils.java:logGet(43)) - raft.server.log.appender.install.snapshot.enabled = false (custom)
2019-07-13 07:23:01,672 INFO  server.RaftServerConfigKeys (ConfUtils.java:logGet(43)) - raft.server.storage.dir = [/tmp/workdir/hadoop-ozone/integration-test/target/test-dir/MiniOzoneClusterImpl-35f2412a-9966-4e2f-8b9c-01fb3afcc828/datanode-4/data/ratis] (custom)
2019-07-13 07:23:01,672 INFO  impl.RaftServerImpl (ServerState.java:<init>(105)) - 17b79d47-ca1d-452c-a8b3-9c1bdecaed3c:group-AD218519AB09 ConfigurationManager, init=-1: [b1ff5848-6003-4ee8-9f43-30d2cda1f1d8:192.168.69.84:39675, 17b79d47-ca1d-452c-a8b3-9c1bdecaed3c:192.168.69.84:42090, a97d2114-7749-4499-b4d7-d95d9746d721:192.168.69.84:37016], old=null, confs=<EMPTY_MAP>
2019-07-13 07:23:01,672 INFO  server.RaftServerConfigKeys (ConfUtils.java:logGet(43)) - raft.server.storage.dir = [/tmp/workdir/hadoop-ozone/integration-test/target/test-dir/MiniOzoneClusterImpl-35f2412a-9966-4e2f-8b9c-01fb3afcc828/datanode-5/data/ratis] (custom)
2019-07-13 07:23:01,673 INFO  storage.RaftStorageDirectory (RaftStorageDirectory.java:analyzeStorage(246)) - The storage directory /tmp/workdir/hadoop-ozone/integration-test/target/test-dir/MiniOzoneClusterImpl-35f2412a-9966-4e2f-8b9c-01fb3afcc828/datanode-4/data/ratis/4ce049ef-1313-48fd-b0d5-ad218519ab09 does not exist. Creating ...
2019-07-13 07:23:01,673 INFO  storage.RaftStorageDirectory (RaftStorageDirectory.java:analyzeStorage(246)) - The storage directory /tmp/workdir/hadoop-ozone/integration-test/target/test-dir/MiniOzoneClusterImpl-35f2412a-9966-4e2f-8b9c-01fb3afcc828/datanode-5/data/ratis/4ce049ef-1313-48fd-b0d5-ad218519ab09 does not exist. Creating ...
2019-07-13 07:23:01,685 INFO  storage.RaftStorageDirectory (RaftStorageDirectory.java:tryLock(328)) - Lock on /tmp/workdir/hadoop-ozone/integration-test/target/test-dir/MiniOzoneClusterImpl-35f2412a-9966-4e2f-8b9c-01fb3afcc828/datanode-5/data/ratis/4ce049ef-1313-48fd-b0d5-ad218519ab09/in_use.lock acquired by nodename 15876@trunk-nightly-9lh4p-2362225927
2019-07-13 07:23:01,685 INFO  storage.RaftStorageDirectory (RaftStorageDirectory.java:tryLock(328)) - Lock on /tmp/workdir/hadoop-ozone/integration-test/target/test-dir/MiniOzoneClusterImpl-35f2412a-9966-4e2f-8b9c-01fb3afcc828/datanode-3/data/ratis/4ce049ef-1313-48fd-b0d5-ad218519ab09/in_use.lock acquired by nodename 15876@trunk-nightly-9lh4p-2362225927
2019-07-13 07:23:01,685 INFO  storage.RaftStorageDirectory (RaftStorageDirectory.java:tryLock(328)) - Lock on /tmp/workdir/hadoop-ozone/integration-test/target/test-dir/MiniOzoneClusterImpl-35f2412a-9966-4e2f-8b9c-01fb3afcc828/datanode-4/data/ratis/4ce049ef-1313-48fd-b0d5-ad218519ab09/in_use.lock acquired by nodename 15876@trunk-nightly-9lh4p-2362225927
2019-07-13 07:23:01,700 INFO  storage.RaftStorage (RaftStorage.java:format(72)) - Storage directory /tmp/workdir/hadoop-ozone/integration-test/target/test-dir/MiniOzoneClusterImpl-35f2412a-9966-4e2f-8b9c-01fb3afcc828/datanode-3/data/ratis/4ce049ef-1313-48fd-b0d5-ad218519ab09 has been successfully formatted.
2019-07-13 07:23:01,700 INFO  storage.RaftStorage (RaftStorage.java:format(72)) - Storage directory /tmp/workdir/hadoop-ozone/integration-test/target/test-dir/MiniOzoneClusterImpl-35f2412a-9966-4e2f-8b9c-01fb3afcc828/datanode-5/data/ratis/4ce049ef-1313-48fd-b0d5-ad218519ab09 has been successfully formatted.
2019-07-13 07:23:01,700 INFO  storage.RaftStorage (RaftStorage.java:format(72)) - Storage directory /tmp/workdir/hadoop-ozone/integration-test/target/test-dir/MiniOzoneClusterImpl-35f2412a-9966-4e2f-8b9c-01fb3afcc828/datanode-4/data/ratis/4ce049ef-1313-48fd-b0d5-ad218519ab09 has been successfully formatted.
2019-07-13 07:23:01,701 INFO  ratis.ContainerStateMachine (ContainerStateMachine.java:loadSnapshot(200)) - The snapshot info is null.Setting the last applied index to:(t:0, i:~)
2019-07-13 07:23:01,700 INFO  ratis.ContainerStateMachine (ContainerStateMachine.java:loadSnapshot(200)) - The snapshot info is null.Setting the last applied index to:(t:0, i:~)
2019-07-13 07:23:01,701 INFO  server.RaftServerConfigKeys (ConfUtils.java:logGet(43)) - raft.server.leader.election.timeout = 120s (custom)
2019-07-13 07:23:01,701 INFO  ratis.ContainerStateMachine (ContainerStateMachine.java:loadSnapshot(200)) - The snapshot info is null.Setting the last applied index to:(t:0, i:~)
2019-07-13 07:23:01,701 INFO  server.RaftServerConfigKeys (ConfUtils.java:logGet(43)) - raft.server.log.use.memory = false (default)
2019-07-13 07:23:01,701 INFO  server.RaftServerConfigKeys (ConfUtils.java:logGet(43)) - raft.server.leader.election.timeout = 120s (custom)
2019-07-13 07:23:01,702 INFO  server.RaftServerConfigKeys (ConfUtils.java:logGet(43)) - raft.server.log.purge.gap = 1000000000 (custom)
2019-07-13 07:23:01,702 INFO  server.RaftServerConfigKeys (ConfUtils.java:logGet(43)) - raft.server.leader.election.timeout = 120s (custom)
2019-07-13 07:23:01,702 INFO  server.RaftServerConfigKeys (ConfUtils.java:logGet(43)) - raft.server.log.appender.buffer.byte-limit = 33554432 (custom)
2019-07-13 07:23:01,702 INFO  server.RaftServerConfigKeys (ConfUtils.java:logGet(43)) - raft.server.log.use.memory = false (default)
2019-07-13 07:23:01,702 INFO  server.RaftServerConfigKeys (ConfUtils.java:logGet(43)) - raft.server.log.segment.size.max = 1048576 (custom)
2019-07-13 07:23:01,702 INFO  server.RaftServerConfigKeys (ConfUtils.java:logGet(43)) - raft.server.log.use.memory = false (default)
2019-07-13 07:23:01,703 INFO  server.RaftServerConfigKeys (ConfUtils.java:logGet(43)) - raft.server.log.segment.cache.num.max = 2 (custom)
2019-07-13 07:23:01,703 INFO  server.RaftServerConfigKeys (ConfUtils.java:logGet(43)) - raft.server.log.purge.gap = 1000000000 (custom)
2019-07-13 07:23:01,703 INFO  segmented.SegmentedRaftLogWorker (SegmentedRaftLogWorker.java:<init>(172)) - new 17b79d47-ca1d-452c-a8b3-9c1bdecaed3c-SegmentedRaftLogWorker:Storage Directory /tmp/workdir/hadoop-ozone/integration-test/target/test-dir/MiniOzoneClusterImpl-35f2412a-9966-4e2f-8b9c-01fb3afcc828/datanode-5/data/ratis/4ce049ef-1313-48fd-b0d5-ad218519ab09 for RaftStorage:Storage Directory /tmp/workdir/hadoop-ozone/integration-test/target/test-dir/MiniOzoneClusterImpl-35f2412a-9966-4e2f-8b9c-01fb3afcc828/datanode-5/data/ratis/4ce049ef-1313-48fd-b0d5-ad218519ab09
2019-07-13 07:23:01,703 INFO  server.RaftServerConfigKeys (ConfUtils.java:logGet(43)) - raft.server.log.purge.gap = 1000000000 (custom)
2019-07-13 07:23:01,703 INFO  server.RaftServerConfigKeys (ConfUtils.java:logGet(43)) - raft.server.log.queue.byte-limit = 2147483647 (custom)
2019-07-13 07:23:01,703 INFO  server.RaftServerConfigKeys (ConfUtils.java:logGet(43)) - raft.server.log.appender.buffer.byte-limit = 33554432 (custom)
2019-07-13 07:23:01,704 INFO  server.RaftServerConfigKeys (ConfUtils.java:logGet(43)) - raft.server.log.queue.element-limit = 1024 (custom)
2019-07-13 07:23:01,704 INFO  server.RaftServerConfigKeys (ConfUtils.java:logGet(43)) - raft.server.log.appender.buffer.byte-limit = 33554432 (custom)
2019-07-13 07:23:01,704 INFO  server.RaftServerConfigKeys (ConfUtils.java:logGet(43)) - raft.server.log.segment.size.max = 1048576 (custom)
2019-07-13 07:23:01,704 INFO  server.RaftServerConfigKeys (ConfUtils.java:logGet(43)) - raft.server.log.segment.size.max = 1048576 (custom)
2019-07-13 07:23:01,705 INFO  server.RaftServerConfigKeys (ConfUtils.java:logGet(43)) - raft.server.log.preallocated.size = 16384 (custom)
2019-07-13 07:23:01,704 INFO  server.RaftServerConfigKeys (ConfUtils.java:logGet(43)) - raft.server.log.segment.size.max = 1048576 (custom)
2019-07-13 07:23:01,705 INFO  server.RaftServerConfigKeys (ConfUtils.java:logGet(43)) - raft.server.log.write.buffer.size = 33554432 (custom)
2019-07-13 07:23:01,705 INFO  server.RaftServerConfigKeys (ConfUtils.java:logGet(43)) - raft.server.log.force.sync.num = 128 (default)
2019-07-13 07:23:01,705 INFO  server.RaftServerConfigKeys (ConfUtils.java:logGet(43)) - raft.server.log.segment.cache.num.max = 2 (custom)
2019-07-13 07:23:01,705 INFO  server.RaftServerConfigKeys (ConfUtils.java:logGet(43)) - raft.server.log.statemachine.data.sync = true (default)
2019-07-13 07:23:01,705 INFO  server.RaftServerConfigKeys (ConfUtils.java:logGet(43)) - raft.server.log.segment.cache.num.max = 2 (custom)
2019-07-13 07:23:01,706 INFO  server.RaftServerConfigKeys (ConfUtils.java:logGet(43)) - raft.server.log.statemachine.data.sync.timeout = 10s (default)
2019-07-13 07:23:01,706 INFO  segmented.SegmentedRaftLogWorker (SegmentedRaftLogWorker.java:<init>(172)) - new a97d2114-7749-4499-b4d7-d95d9746d721-SegmentedRaftLogWorker:Storage Directory /tmp/workdir/hadoop-ozone/integration-test/target/test-dir/MiniOzoneClusterImpl-35f2412a-9966-4e2f-8b9c-01fb3afcc828/datanode-3/data/ratis/4ce049ef-1313-48fd-b0d5-ad218519ab09 for RaftStorage:Storage Directory /tmp/workdir/hadoop-ozone/integration-test/target/test-dir/MiniOzoneClusterImpl-35f2412a-9966-4e2f-8b9c-01fb3afcc828/datanode-3/data/ratis/4ce049ef-1313-48fd-b0d5-ad218519ab09
2019-07-13 07:23:01,706 INFO  server.RaftServerConfigKeys (ConfUtils.java:logGet(43)) - raft.server.log.statemachine.data.sync.timeout.retry = -1 (default)
2019-07-13 07:23:01,706 INFO  segmented.SegmentedRaftLogWorker (SegmentedRaftLogWorker.java:<init>(172)) - new b1ff5848-6003-4ee8-9f43-30d2cda1f1d8-SegmentedRaftLogWorker:Storage Directory /tmp/workdir/hadoop-ozone/integration-test/target/test-dir/MiniOzoneClusterImpl-35f2412a-9966-4e2f-8b9c-01fb3afcc828/datanode-4/data/ratis/4ce049ef-1313-48fd-b0d5-ad218519ab09 for RaftStorage:Storage Directory /tmp/workdir/hadoop-ozone/integration-test/target/test-dir/MiniOzoneClusterImpl-35f2412a-9966-4e2f-8b9c-01fb3afcc828/datanode-4/data/ratis/4ce049ef-1313-48fd-b0d5-ad218519ab09
2019-07-13 07:23:01,706 INFO  server.RaftServerConfigKeys (ConfUtils.java:logGet(43)) - raft.server.log.statemachine.data.caching.enabled = true (custom)
2019-07-13 07:23:01,706 INFO  server.RaftServerConfigKeys (ConfUtils.java:logGet(43)) - raft.server.log.queue.byte-limit = 2147483647 (custom)
2019-07-13 07:23:01,707 INFO  server.RaftServerConfigKeys (ConfUtils.java:logGet(43)) - raft.server.log.queue.byte-limit = 2147483647 (custom)
2019-07-13 07:23:01,707 INFO  server.RaftServerConfigKeys (ConfUtils.java:logGet(43)) - raft.server.log.queue.element-limit = 1024 (custom)
2019-07-13 07:23:01,707 INFO  segmented.SegmentedRaftLogWorker (SegmentedRaftLogWorker.java:lambda$new$0(132)) - 17b79d47-ca1d-452c-a8b3-9c1bdecaed3c-SegmentedRaftLogWorker:Storage Directory /tmp/workdir/hadoop-ozone/integration-test/target/test-dir/MiniOzoneClusterImpl-35f2412a-9966-4e2f-8b9c-01fb3afcc828/datanode-5/data/ratis/4ce049ef-1313-48fd-b0d5-ad218519ab09: flushIndex: setUnconditionally 0 -> -1
2019-07-13 07:23:01,707 INFO  server.RaftServerConfigKeys (ConfUtils.java:logGet(43)) - raft.server.log.segment.size.max = 1048576 (custom)
2019-07-13 07:23:01,707 INFO  server.RaftServerConfigKeys (ConfUtils.java:logGet(43)) - raft.server.log.queue.element-limit = 1024 (custom)
2019-07-13 07:23:01,708 INFO  server.RaftServerConfigKeys (ConfUtils.java:logGet(43)) - raft.server.snapshot.auto.trigger.enabled = true (custom)
2019-07-13 07:23:01,708 INFO  server.RaftServerConfigKeys (ConfUtils.java:logGet(43)) - raft.server.log.preallocated.size = 16384 (custom)
2019-07-13 07:23:01,708 INFO  server.RaftServerConfigKeys (ConfUtils.java:logGet(43)) - raft.server.snapshot.auto.trigger.threshold = 10000 (custom)
2019-07-13 07:23:01,708 INFO  server.RaftServerConfigKeys (ConfUtils.java:logGet(43)) - raft.server.log.segment.size.max = 1048576 (custom)
2019-07-13 07:23:01,709 INFO  server.RaftServerConfigKeys (ConfUtils.java:logGet(43)) - raft.server.retrycache.expirytime = 600000ms (custom)
2019-07-13 07:23:01,708 INFO  server.RaftServerConfigKeys (ConfUtils.java:logGet(43)) - raft.server.log.write.buffer.size = 33554432 (custom)
2019-07-13 07:23:01,709 INFO  impl.RaftServerImpl (RaftServerImpl.java:start(180)) - 17b79d47-ca1d-452c-a8b3-9c1bdecaed3c: start group-AD218519AB09
2019-07-13 07:23:01,709 INFO  impl.RaftServerImpl (RaftServerImpl.java:setRole(171)) - 17b79d47-ca1d-452c-a8b3-9c1bdecaed3c:group-AD218519AB09 changes role from null to FOLLOWER at term 0 for startAsFollower
2019-07-13 07:23:01,709 INFO  server.RaftServerConfigKeys (ConfUtils.java:logGet(43)) - raft.server.log.preallocated.size = 16384 (custom)
2019-07-13 07:23:01,709 INFO  impl.RoleInfo (RoleInfo.java:updateAndGet(143)) - 17b79d47-ca1d-452c-a8b3-9c1bdecaed3c: start FollowerState
2019-07-13 07:23:01,709 INFO  server.RaftServerConfigKeys (ConfUtils.java:logGet(43)) - raft.server.log.force.sync.num = 128 (default)
2019-07-13 07:23:01,710 INFO  server.RaftServerConfigKeys (ConfUtils.java:logGet(43)) - raft.server.log.write.buffer.size = 33554432 (custom)
2019-07-13 07:23:01,710 INFO  util.JmxRegister (JmxRegister.java:tryRegister(44)) - Successfully registered JMX Bean with object name Ratis:service=RaftServer,group=group-AD218519AB09,id=17b79d47-ca1d-452c-a8b3-9c1bdecaed3c
2019-07-13 07:23:01,710 INFO  server.RaftServerConfigKeys (ConfUtils.java:logGet(43)) - raft.server.log.statemachine.data.sync = true (default)
2019-07-13 07:23:01,710 INFO  server.RaftServerConfigKeys (ConfUtils.java:logGet(43)) - raft.server.log.force.sync.num = 128 (default)
2019-07-13 07:23:01,711 INFO  server.RaftServerConfigKeys (ConfUtils.java:logGet(43)) - raft.server.log.statemachine.data.sync.timeout = 10s (default)
2019-07-13 07:23:01,711 INFO  server.RaftServerConfigKeys (ConfUtils.java:logGet(43)) - raft.server.log.statemachine.data.sync = true (default)
2019-07-13 07:23:01,711 INFO  server.RaftServerConfigKeys (ConfUtils.java:logGet(43)) - raft.server.log.statemachine.data.sync.timeout.retry = -1 (default)
2019-07-13 07:23:01,711 INFO  server.RaftServerConfigKeys (ConfUtils.java:logGet(43)) - raft.server.log.statemachine.data.sync.timeout = 10s (default)
2019-07-13 07:23:01,711 INFO  server.RaftServerConfigKeys (ConfUtils.java:logGet(43)) - raft.server.log.statemachine.data.caching.enabled = true (custom)
2019-07-13 07:23:01,711 INFO  server.RaftServerConfigKeys (ConfUtils.java:logGet(43)) - raft.server.log.statemachine.data.sync.timeout.retry = -1 (default)
2019-07-13 07:23:01,715 INFO  segmented.SegmentedRaftLogWorker (SegmentedRaftLogWorker.java:lambda$new$0(132)) - a97d2114-7749-4499-b4d7-d95d9746d721-SegmentedRaftLogWorker:Storage Directory /tmp/workdir/hadoop-ozone/integration-test/target/test-dir/MiniOzoneClusterImpl-35f2412a-9966-4e2f-8b9c-01fb3afcc828/datanode-3/data/ratis/4ce049ef-1313-48fd-b0d5-ad218519ab09: flushIndex: setUnconditionally 0 -> -1
2019-07-13 07:23:01,715 INFO  server.RaftServerConfigKeys (ConfUtils.java:logGet(43)) - raft.server.log.statemachine.data.caching.enabled = true (custom)
2019-07-13 07:23:01,715 INFO  server.RaftServerConfigKeys (ConfUtils.java:logGet(43)) - raft.server.snapshot.auto.trigger.enabled = true (custom)
2019-07-13 07:23:01,715 INFO  server.RaftServerConfigKeys (ConfUtils.java:logGet(43)) - raft.server.snapshot.auto.trigger.threshold = 10000 (custom)
2019-07-13 07:23:01,715 INFO  segmented.SegmentedRaftLogWorker (SegmentedRaftLogWorker.java:lambda$new$0(132)) - b1ff5848-6003-4ee8-9f43-30d2cda1f1d8-SegmentedRaftLogWorker:Storage Directory /tmp/workdir/hadoop-ozone/integration-test/target/test-dir/MiniOzoneClusterImpl-35f2412a-9966-4e2f-8b9c-01fb3afcc828/datanode-4/data/ratis/4ce049ef-1313-48fd-b0d5-ad218519ab09: flushIndex: setUnconditionally 0 -> -1
2019-07-13 07:23:01,716 INFO  server.RaftServerConfigKeys (ConfUtils.java:logGet(43)) - raft.server.retrycache.expirytime = 600000ms (custom)
2019-07-13 07:23:01,716 INFO  impl.RaftServerImpl (RaftServerImpl.java:start(180)) - a97d2114-7749-4499-b4d7-d95d9746d721: start group-AD218519AB09
2019-07-13 07:23:01,716 INFO  server.RaftServerConfigKeys (ConfUtils.java:logGet(43)) - raft.server.snapshot.auto.trigger.enabled = true (custom)
2019-07-13 07:23:01,716 INFO  impl.RaftServerImpl (RaftServerImpl.java:setRole(171)) - a97d2114-7749-4499-b4d7-d95d9746d721:group-AD218519AB09 changes role from null to FOLLOWER at term 0 for startAsFollower
2019-07-13 07:23:01,716 INFO  server.RaftServerConfigKeys (ConfUtils.java:logGet(43)) - raft.server.snapshot.auto.trigger.threshold = 10000 (custom)
2019-07-13 07:23:01,716 INFO  impl.RoleInfo (RoleInfo.java:updateAndGet(143)) - a97d2114-7749-4499-b4d7-d95d9746d721: start FollowerState
2019-07-13 07:23:01,717 INFO  server.RaftServerConfigKeys (ConfUtils.java:logGet(43)) - raft.server.retrycache.expirytime = 600000ms (custom)
2019-07-13 07:23:01,717 INFO  impl.RaftServerImpl (RaftServerImpl.java:start(180)) - b1ff5848-6003-4ee8-9f43-30d2cda1f1d8: start group-AD218519AB09
2019-07-13 07:23:01,717 INFO  util.JmxRegister (JmxRegister.java:tryRegister(44)) - Successfully registered JMX Bean with object name Ratis:service=RaftServer,group=group-AD218519AB09,id=a97d2114-7749-4499-b4d7-d95d9746d721
2019-07-13 07:23:01,717 INFO  impl.RaftServerImpl (RaftServerImpl.java:setRole(171)) - b1ff5848-6003-4ee8-9f43-30d2cda1f1d8:group-AD218519AB09 changes role from null to FOLLOWER at term 0 for startAsFollower
2019-07-13 07:23:01,717 INFO  impl.RoleInfo (RoleInfo.java:updateAndGet(143)) - b1ff5848-6003-4ee8-9f43-30d2cda1f1d8: start FollowerState
2019-07-13 07:23:01,718 INFO  util.JmxRegister (JmxRegister.java:tryRegister(44)) - Successfully registered JMX Bean with object name Ratis:service=RaftServer,group=group-AD218519AB09,id=b1ff5848-6003-4ee8-9f43-30d2cda1f1d8
2019-07-13 07:23:01,725 INFO  pipeline.PipelineStateManager (PipelineStateManager.java:addPipeline(56)) - Created pipeline Pipeline[ Id: 4ce049ef-1313-48fd-b0d5-ad218519ab09, Nodes: a97d2114-7749-4499-b4d7-d95d9746d721{ip: 192.168.69.84, host: trunk-nightly-9lh4p-2362225927, networkLocation: /default-rack, certSerialId: null}b1ff5848-6003-4ee8-9f43-30d2cda1f1d8{ip: 192.168.69.84, host: trunk-nightly-9lh4p-2362225927, networkLocation: /default-rack, certSerialId: null}17b79d47-ca1d-452c-a8b3-9c1bdecaed3c{ip: 192.168.69.84, host: trunk-nightly-9lh4p-2362225927, networkLocation: /default-rack, certSerialId: null}, Type:RATIS, Factor:THREE, State:OPEN]
2019-07-13 07:23:02,584 INFO  ozone.MiniOzoneClusterImpl (MiniOzoneClusterImpl.java:lambda$waitForClusterToBeReady$0(142)) - Cluster is ready. Got 6 of 6 DN Heartbeats.
2019-07-13 07:23:02,631 INFO  rpc.RpcClient (RpcClient.java:createVolume(287)) - Creating Volume: datanodefailurehandlingtest, with jenkins1000 as owner.
2019-07-13 07:23:02,652 INFO  rpc.RpcClient (RpcClient.java:createBucket(424)) - Creating Bucket: datanodefailurehandlingtest/datanodefailurehandlingtest, with Versioning false and Storage Type set to DISK and Encryption set to false 
2019-07-13 07:23:02,723 INFO  client.GrpcClientProtocolClient (GrpcClientProtocolClient.java:onNext(255)) - client-59316C4A0F1B->5ad86f75-e507-485a-9899-0310f98c9cb1: receive RaftClientReply:client-59316C4A0F1B->5ad86f75-e507-485a-9899-0310f98c9cb1@group-17200D235925, cid=34, FAILED org.apache.ratis.protocol.NotLeaderException: Server 5ad86f75-e507-485a-9899-0310f98c9cb1 is not the leader (null). Request must be sent to leader., logIndex=0, commits[5ad86f75-e507-485a-9899-0310f98c9cb1:c-1]
2019-07-13 07:23:03,561 INFO  container.ReplicationManager (ReplicationManager.java:start(155)) - Starting Replication Monitor Thread.
2019-07-13 07:23:03,565 INFO  container.ReplicationManager (ReplicationManager.java:run(207)) - Replication Monitor Thread took 0 milliseconds for processing 1 containers.
2019-07-13 07:23:03,756 INFO  client.GrpcClientProtocolClient (GrpcClientProtocolClient.java:onNext(255)) - client-59316C4A0F1B->39edbc2c-2dac-420c-b4ca-f318d5f2f9bf: receive RaftClientReply:client-59316C4A0F1B->39edbc2c-2dac-420c-b4ca-f318d5f2f9bf@group-17200D235925, cid=34, FAILED org.apache.ratis.protocol.NotLeaderException: Server 39edbc2c-2dac-420c-b4ca-f318d5f2f9bf is not the leader (null). Request must be sent to leader., logIndex=0, commits[39edbc2c-2dac-420c-b4ca-f318d5f2f9bf:c-1]
2019-07-13 07:23:04,784 INFO  client.GrpcClientProtocolClient (GrpcClientProtocolClient.java:onNext(255)) - client-59316C4A0F1B->5ad86f75-e507-485a-9899-0310f98c9cb1: receive RaftClientReply:client-59316C4A0F1B->5ad86f75-e507-485a-9899-0310f98c9cb1@group-17200D235925, cid=34, FAILED org.apache.ratis.protocol.NotLeaderException: Server 5ad86f75-e507-485a-9899-0310f98c9cb1 is not the leader (null). Request must be sent to leader., logIndex=0, commits[5ad86f75-e507-485a-9899-0310f98c9cb1:c-1]
2019-07-13 07:23:05,801 INFO  impl.FollowerState (FollowerState.java:run(106)) - 9c343af4-c05a-43b8-aa7c-e8ca3b13aa3c:group-3E284FF5A496 changes to CANDIDATE, lastRpcTime:5184, electionTimeout:5183ms
2019-07-13 07:23:05,801 INFO  impl.RoleInfo (RoleInfo.java:shutdownFollowerState(121)) - 9c343af4-c05a-43b8-aa7c-e8ca3b13aa3c: shutdown FollowerState
2019-07-13 07:23:05,801 INFO  impl.RaftServerImpl (RaftServerImpl.java:setRole(171)) - 9c343af4-c05a-43b8-aa7c-e8ca3b13aa3c:group-3E284FF5A496 changes role from FOLLOWER to CANDIDATE at term 0 for changeToCandidate
2019-07-13 07:23:05,801 INFO  impl.RoleInfo (RoleInfo.java:updateAndGet(143)) - 9c343af4-c05a-43b8-aa7c-e8ca3b13aa3c: start LeaderElection
2019-07-13 07:23:05,829 INFO  client.GrpcClientProtocolClient (GrpcClientProtocolClient.java:onNext(255)) - client-59316C4A0F1B->9c343af4-c05a-43b8-aa7c-e8ca3b13aa3c: receive RaftClientReply:client-59316C4A0F1B->9c343af4-c05a-43b8-aa7c-e8ca3b13aa3c@group-17200D235925, cid=34, FAILED org.apache.ratis.protocol.NotLeaderException: Server 9c343af4-c05a-43b8-aa7c-e8ca3b13aa3c is not the leader (null). Request must be sent to leader., logIndex=0, commits[9c343af4-c05a-43b8-aa7c-e8ca3b13aa3c:c-1]
2019-07-13 07:23:05,836 INFO  impl.LeaderElection (LeaderElection.java:askForVotes(181)) - 9c343af4-c05a-43b8-aa7c-e8ca3b13aa3c:group-3E284FF5A496:LeaderElection13: begin an election at term 1 for -1: [9c343af4-c05a-43b8-aa7c-e8ca3b13aa3c:192.168.69.84:35704], old=null
2019-07-13 07:23:05,836 INFO  impl.RoleInfo (RoleInfo.java:shutdownLeaderElection(134)) - 9c343af4-c05a-43b8-aa7c-e8ca3b13aa3c: shutdown LeaderElection
2019-07-13 07:23:05,839 INFO  impl.RaftServerImpl (RaftServerImpl.java:setRole(171)) - 9c343af4-c05a-43b8-aa7c-e8ca3b13aa3c:group-3E284FF5A496 changes role from CANDIDATE to LEADER at term 1 for changeToLeader
2019-07-13 07:23:05,839 INFO  impl.RaftServerImpl (ServerState.java:setLeader(263)) - 9c343af4-c05a-43b8-aa7c-e8ca3b13aa3c:group-3E284FF5A496 change Leader from null to 9c343af4-c05a-43b8-aa7c-e8ca3b13aa3c at term 1 for becomeLeader, leader elected after 5228ms
2019-07-13 07:23:05,841 INFO  server.RaftServerConfigKeys (ConfUtils.java:logGet(43)) - raft.server.staging.catchup.gap = 1000 (default)
2019-07-13 07:23:05,843 INFO  server.RaftServerConfigKeys (ConfUtils.java:logGet(43)) - raft.server.rpc.sleep.time = 25ms (default)
2019-07-13 07:23:05,844 INFO  server.RaftServerConfigKeys (ConfUtils.java:logGet(43)) - raft.server.write.element-limit = 4096 (default)
2019-07-13 07:23:05,844 INFO  server.RaftServerConfigKeys (ConfUtils.java:logGet(43)) - raft.server.watch.timeout = 10s (default)
2019-07-13 07:23:05,844 INFO  server.RaftServerConfigKeys (ConfUtils.java:logGet(43)) - raft.server.watch.timeout.denomination = 1s (default)
2019-07-13 07:23:05,844 INFO  server.RaftServerConfigKeys (ConfUtils.java:logGet(43)) - raft.server.watch.element-limit = 65536 (default)
2019-07-13 07:23:05,845 INFO  impl.RoleInfo (RoleInfo.java:updateAndGet(143)) - 9c343af4-c05a-43b8-aa7c-e8ca3b13aa3c: start LeaderState
2019-07-13 07:23:05,845 INFO  segmented.SegmentedRaftLogWorker (SegmentedRaftLogWorker.java:startLogSegment(380)) - 9c343af4-c05a-43b8-aa7c-e8ca3b13aa3c-SegmentedRaftLogWorker:Storage Directory /tmp/workdir/hadoop-ozone/integration-test/target/test-dir/MiniOzoneClusterImpl-35f2412a-9966-4e2f-8b9c-01fb3afcc828/datanode-0/data/ratis/637671b2-57f6-499a-af0b-3e284ff5a496: Starting segment from index:0
2019-07-13 07:23:05,846 INFO  impl.RaftServerImpl (ServerState.java:setRaftConf(361)) - 9c343af4-c05a-43b8-aa7c-e8ca3b13aa3c:group-3E284FF5A496 set configuration 0: [9c343af4-c05a-43b8-aa7c-e8ca3b13aa3c:192.168.69.84:35704], old=null at 0
2019-07-13 07:23:05,866 INFO  impl.FollowerState (FollowerState.java:run(106)) - 5ad86f75-e507-485a-9899-0310f98c9cb1:group-D74D8ACE9927 changes to CANDIDATE, lastRpcTime:5090, electionTimeout:5070ms
2019-07-13 07:23:05,866 INFO  impl.RoleInfo (RoleInfo.java:shutdownFollowerState(121)) - 5ad86f75-e507-485a-9899-0310f98c9cb1: shutdown FollowerState
2019-07-13 07:23:05,867 INFO  impl.RaftServerImpl (RaftServerImpl.java:setRole(171)) - 5ad86f75-e507-485a-9899-0310f98c9cb1:group-D74D8ACE9927 changes role from FOLLOWER to CANDIDATE at term 0 for changeToCandidate
2019-07-13 07:23:05,867 INFO  impl.RoleInfo (RoleInfo.java:updateAndGet(143)) - 5ad86f75-e507-485a-9899-0310f98c9cb1: start LeaderElection
2019-07-13 07:23:05,880 INFO  segmented.SegmentedRaftLogWorker (SegmentedRaftLogWorker.java:execute(569)) - 9c343af4-c05a-43b8-aa7c-e8ca3b13aa3c-SegmentedRaftLogWorker:Storage Directory /tmp/workdir/hadoop-ozone/integration-test/target/test-dir/MiniOzoneClusterImpl-35f2412a-9966-4e2f-8b9c-01fb3afcc828/datanode-0/data/ratis/637671b2-57f6-499a-af0b-3e284ff5a496: created new log segment /tmp/workdir/hadoop-ozone/integration-test/target/test-dir/MiniOzoneClusterImpl-35f2412a-9966-4e2f-8b9c-01fb3afcc828/datanode-0/data/ratis/637671b2-57f6-499a-af0b-3e284ff5a496/current/log_inprogress_0
2019-07-13 07:23:05,880 INFO  impl.LeaderElection (LeaderElection.java:askForVotes(181)) - 5ad86f75-e507-485a-9899-0310f98c9cb1:group-D74D8ACE9927:LeaderElection14: begin an election at term 1 for -1: [5ad86f75-e507-485a-9899-0310f98c9cb1:192.168.69.84:42780], old=null
2019-07-13 07:23:05,880 INFO  impl.RoleInfo (RoleInfo.java:shutdownLeaderElection(134)) - 5ad86f75-e507-485a-9899-0310f98c9cb1: shutdown LeaderElection
2019-07-13 07:23:05,880 INFO  impl.RaftServerImpl (RaftServerImpl.java:setRole(171)) - 5ad86f75-e507-485a-9899-0310f98c9cb1:group-D74D8ACE9927 changes role from CANDIDATE to LEADER at term 1 for changeToLeader
2019-07-13 07:23:05,881 INFO  impl.RaftServerImpl (ServerState.java:setLeader(263)) - 5ad86f75-e507-485a-9899-0310f98c9cb1:group-D74D8ACE9927 change Leader from null to 5ad86f75-e507-485a-9899-0310f98c9cb1 at term 1 for becomeLeader, leader elected after 5109ms
2019-07-13 07:23:05,883 INFO  server.RaftServerConfigKeys (ConfUtils.java:logGet(43)) - raft.server.staging.catchup.gap = 1000 (default)
2019-07-13 07:23:05,883 INFO  server.RaftServerConfigKeys (ConfUtils.java:logGet(43)) - raft.server.rpc.sleep.time = 25ms (default)
2019-07-13 07:23:05,883 INFO  server.RaftServerConfigKeys (ConfUtils.java:logGet(43)) - raft.server.write.element-limit = 4096 (default)
2019-07-13 07:23:05,883 INFO  server.RaftServerConfigKeys (ConfUtils.java:logGet(43)) - raft.server.watch.timeout = 10s (default)
2019-07-13 07:23:05,884 INFO  server.RaftServerConfigKeys (ConfUtils.java:logGet(43)) - raft.server.watch.timeout.denomination = 1s (default)
2019-07-13 07:23:05,884 INFO  server.RaftServerConfigKeys (ConfUtils.java:logGet(43)) - raft.server.watch.element-limit = 65536 (default)
2019-07-13 07:23:05,884 INFO  impl.RoleInfo (RoleInfo.java:updateAndGet(143)) - 5ad86f75-e507-485a-9899-0310f98c9cb1: start LeaderState
2019-07-13 07:23:05,884 INFO  segmented.SegmentedRaftLogWorker (SegmentedRaftLogWorker.java:startLogSegment(380)) - 5ad86f75-e507-485a-9899-0310f98c9cb1-SegmentedRaftLogWorker:Storage Directory /tmp/workdir/hadoop-ozone/integration-test/target/test-dir/MiniOzoneClusterImpl-35f2412a-9966-4e2f-8b9c-01fb3afcc828/datanode-1/data/ratis/df21bc27-67f0-4b97-9fc0-d74d8ace9927: Starting segment from index:0
2019-07-13 07:23:05,885 INFO  impl.RaftServerImpl (ServerState.java:setRaftConf(361)) - 5ad86f75-e507-485a-9899-0310f98c9cb1:group-D74D8ACE9927 set configuration 0: [5ad86f75-e507-485a-9899-0310f98c9cb1:192.168.69.84:42780], old=null at 0
2019-07-13 07:23:05,920 INFO  segmented.SegmentedRaftLogWorker (SegmentedRaftLogWorker.java:execute(569)) - 5ad86f75-e507-485a-9899-0310f98c9cb1-SegmentedRaftLogWorker:Storage Directory /tmp/workdir/hadoop-ozone/integration-test/target/test-dir/MiniOzoneClusterImpl-35f2412a-9966-4e2f-8b9c-01fb3afcc828/datanode-1/data/ratis/df21bc27-67f0-4b97-9fc0-d74d8ace9927: created new log segment /tmp/workdir/hadoop-ozone/integration-test/target/test-dir/MiniOzoneClusterImpl-35f2412a-9966-4e2f-8b9c-01fb3afcc828/datanode-1/data/ratis/df21bc27-67f0-4b97-9fc0-d74d8ace9927/current/log_inprogress_0
2019-07-13 07:23:06,071 INFO  impl.FollowerState (FollowerState.java:run(106)) - 39edbc2c-2dac-420c-b4ca-f318d5f2f9bf:group-0390700193E7 changes to CANDIDATE, lastRpcTime:5005, electionTimeout:5005ms
2019-07-13 07:23:06,071 INFO  impl.RoleInfo (RoleInfo.java:shutdownFollowerState(121)) - 39edbc2c-2dac-420c-b4ca-f318d5f2f9bf: shutdown FollowerState
2019-07-13 07:23:06,071 INFO  impl.RaftServerImpl (RaftServerImpl.java:setRole(171)) - 39edbc2c-2dac-420c-b4ca-f318d5f2f9bf:group-0390700193E7 changes role from FOLLOWER to CANDIDATE at term 0 for changeToCandidate
2019-07-13 07:23:06,072 INFO  impl.RoleInfo (RoleInfo.java:updateAndGet(143)) - 39edbc2c-2dac-420c-b4ca-f318d5f2f9bf: start LeaderElection
2019-07-13 07:23:06,091 INFO  impl.LeaderElection (LeaderElection.java:askForVotes(181)) - 39edbc2c-2dac-420c-b4ca-f318d5f2f9bf:group-0390700193E7:LeaderElection15: begin an election at term 1 for -1: [39edbc2c-2dac-420c-b4ca-f318d5f2f9bf:192.168.69.84:40449], old=null
2019-07-13 07:23:06,091 INFO  impl.RoleInfo (RoleInfo.java:shutdownLeaderElection(134)) - 39edbc2c-2dac-420c-b4ca-f318d5f2f9bf: shutdown LeaderElection
2019-07-13 07:23:06,091 INFO  impl.RaftServerImpl (RaftServerImpl.java:setRole(171)) - 39edbc2c-2dac-420c-b4ca-f318d5f2f9bf:group-0390700193E7 changes role from CANDIDATE to LEADER at term 1 for changeToLeader
2019-07-13 07:23:06,091 INFO  impl.RaftServerImpl (ServerState.java:setLeader(263)) - 39edbc2c-2dac-420c-b4ca-f318d5f2f9bf:group-0390700193E7 change Leader from null to 39edbc2c-2dac-420c-b4ca-f318d5f2f9bf at term 1 for becomeLeader, leader elected after 5030ms
2019-07-13 07:23:06,093 INFO  server.RaftServerConfigKeys (ConfUtils.java:logGet(43)) - raft.server.staging.catchup.gap = 1000 (default)
2019-07-13 07:23:06,093 INFO  server.RaftServerConfigKeys (ConfUtils.java:logGet(43)) - raft.server.rpc.sleep.time = 25ms (default)
2019-07-13 07:23:06,094 INFO  server.RaftServerConfigKeys (ConfUtils.java:logGet(43)) - raft.server.write.element-limit = 4096 (default)
2019-07-13 07:23:06,094 INFO  server.RaftServerConfigKeys (ConfUtils.java:logGet(43)) - raft.server.watch.timeout = 10s (default)
2019-07-13 07:23:06,094 INFO  server.RaftServerConfigKeys (ConfUtils.java:logGet(43)) - raft.server.watch.timeout.denomination = 1s (default)
2019-07-13 07:23:06,094 INFO  server.RaftServerConfigKeys (ConfUtils.java:logGet(43)) - raft.server.watch.element-limit = 65536 (default)
2019-07-13 07:23:06,094 INFO  impl.RoleInfo (RoleInfo.java:updateAndGet(143)) - 39edbc2c-2dac-420c-b4ca-f318d5f2f9bf: start LeaderState
2019-07-13 07:23:06,095 INFO  segmented.SegmentedRaftLogWorker (SegmentedRaftLogWorker.java:startLogSegment(380)) - 39edbc2c-2dac-420c-b4ca-f318d5f2f9bf-SegmentedRaftLogWorker:Storage Directory /tmp/workdir/hadoop-ozone/integration-test/target/test-dir/MiniOzoneClusterImpl-35f2412a-9966-4e2f-8b9c-01fb3afcc828/datanode-2/data/ratis/e7516c22-df4b-44cc-b93c-0390700193e7: Starting segment from index:0
2019-07-13 07:23:06,095 INFO  impl.RaftServerImpl (ServerState.java:setRaftConf(361)) - 39edbc2c-2dac-420c-b4ca-f318d5f2f9bf:group-0390700193E7 set configuration 0: [39edbc2c-2dac-420c-b4ca-f318d5f2f9bf:192.168.69.84:40449], old=null at 0
2019-07-13 07:23:06,130 INFO  segmented.SegmentedRaftLogWorker (SegmentedRaftLogWorker.java:execute(569)) - 39edbc2c-2dac-420c-b4ca-f318d5f2f9bf-SegmentedRaftLogWorker:Storage Directory /tmp/workdir/hadoop-ozone/integration-test/target/test-dir/MiniOzoneClusterImpl-35f2412a-9966-4e2f-8b9c-01fb3afcc828/datanode-2/data/ratis/e7516c22-df4b-44cc-b93c-0390700193e7: created new log segment /tmp/workdir/hadoop-ozone/integration-test/target/test-dir/MiniOzoneClusterImpl-35f2412a-9966-4e2f-8b9c-01fb3afcc828/datanode-2/data/ratis/e7516c22-df4b-44cc-b93c-0390700193e7/current/log_inprogress_0
2019-07-13 07:23:06,213 INFO  impl.FollowerState (FollowerState.java:run(106)) - 39edbc2c-2dac-420c-b4ca-f318d5f2f9bf:group-17200D235925 changes to CANDIDATE, lastRpcTime:5070, electionTimeout:5070ms
2019-07-13 07:23:06,213 INFO  impl.RoleInfo (RoleInfo.java:shutdownFollowerState(121)) - 39edbc2c-2dac-420c-b4ca-f318d5f2f9bf: shutdown FollowerState
2019-07-13 07:23:06,213 INFO  impl.RaftServerImpl (RaftServerImpl.java:setRole(171)) - 39edbc2c-2dac-420c-b4ca-f318d5f2f9bf:group-17200D235925 changes role from FOLLOWER to CANDIDATE at term 0 for changeToCandidate
2019-07-13 07:23:06,213 INFO  impl.RoleInfo (RoleInfo.java:updateAndGet(143)) - 39edbc2c-2dac-420c-b4ca-f318d5f2f9bf: start LeaderElection
2019-07-13 07:23:06,229 INFO  impl.LeaderElection (LeaderElection.java:askForVotes(181)) - 39edbc2c-2dac-420c-b4ca-f318d5f2f9bf:group-17200D235925:LeaderElection16: begin an election at term 1 for -1: [9c343af4-c05a-43b8-aa7c-e8ca3b13aa3c:192.168.69.84:35704, 5ad86f75-e507-485a-9899-0310f98c9cb1:192.168.69.84:42780, 39edbc2c-2dac-420c-b4ca-f318d5f2f9bf:192.168.69.84:40449], old=null
2019-07-13 07:23:06,244 INFO  impl.RaftServerImpl (RaftServerImpl.java:setRole(171)) - 5ad86f75-e507-485a-9899-0310f98c9cb1:group-17200D235925 changes role from FOLLOWER to FOLLOWER at term 1 for recognizeCandidate:39edbc2c-2dac-420c-b4ca-f318d5f2f9bf
2019-07-13 07:23:06,244 INFO  impl.RaftServerImpl (RaftServerImpl.java:setRole(171)) - 9c343af4-c05a-43b8-aa7c-e8ca3b13aa3c:group-17200D235925 changes role from FOLLOWER to FOLLOWER at term 1 for recognizeCandidate:39edbc2c-2dac-420c-b4ca-f318d5f2f9bf
2019-07-13 07:23:06,244 INFO  impl.RoleInfo (RoleInfo.java:shutdownFollowerState(121)) - 5ad86f75-e507-485a-9899-0310f98c9cb1: shutdown FollowerState
2019-07-13 07:23:06,245 INFO  impl.RoleInfo (RoleInfo.java:shutdownFollowerState(121)) - 9c343af4-c05a-43b8-aa7c-e8ca3b13aa3c: shutdown FollowerState
2019-07-13 07:23:06,245 INFO  impl.FollowerState (FollowerState.java:run(114)) - 5ad86f75-e507-485a-9899-0310f98c9cb1: FollowerState was interrupted: java.lang.InterruptedException: sleep interrupted
2019-07-13 07:23:06,245 INFO  impl.FollowerState (FollowerState.java:run(114)) - 9c343af4-c05a-43b8-aa7c-e8ca3b13aa3c: FollowerState was interrupted: java.lang.InterruptedException: sleep interrupted
2019-07-13 07:23:06,245 INFO  impl.RoleInfo (RoleInfo.java:updateAndGet(143)) - 5ad86f75-e507-485a-9899-0310f98c9cb1: start FollowerState
2019-07-13 07:23:06,245 INFO  impl.RoleInfo (RoleInfo.java:updateAndGet(143)) - 9c343af4-c05a-43b8-aa7c-e8ca3b13aa3c: start FollowerState
2019-07-13 07:23:06,266 INFO  impl.LeaderElection (LeaderElection.java:logAndReturn(56)) - 39edbc2c-2dac-420c-b4ca-f318d5f2f9bf:group-17200D235925:LeaderElection16: Election PASSED; received 1 response(s) [39edbc2c-2dac-420c-b4ca-f318d5f2f9bf<-9c343af4-c05a-43b8-aa7c-e8ca3b13aa3c#0:OK-t1] and 0 exception(s); 39edbc2c-2dac-420c-b4ca-f318d5f2f9bf:t1, leader=null, voted=39edbc2c-2dac-420c-b4ca-f318d5f2f9bf, raftlog=39edbc2c-2dac-420c-b4ca-f318d5f2f9bf-SegmentedRaftLog:OPENED:c-1,f-1,i0, conf=-1: [9c343af4-c05a-43b8-aa7c-e8ca3b13aa3c:192.168.69.84:35704, 5ad86f75-e507-485a-9899-0310f98c9cb1:192.168.69.84:42780, 39edbc2c-2dac-420c-b4ca-f318d5f2f9bf:192.168.69.84:40449], old=null
2019-07-13 07:23:06,266 INFO  impl.RoleInfo (RoleInfo.java:shutdownLeaderElection(134)) - 39edbc2c-2dac-420c-b4ca-f318d5f2f9bf: shutdown LeaderElection
2019-07-13 07:23:06,268 INFO  impl.RaftServerImpl (RaftServerImpl.java:setRole(171)) - 39edbc2c-2dac-420c-b4ca-f318d5f2f9bf:group-17200D235925 changes role from CANDIDATE to LEADER at term 1 for changeToLeader
2019-07-13 07:23:06,268 INFO  impl.RaftServerImpl (ServerState.java:setLeader(263)) - 39edbc2c-2dac-420c-b4ca-f318d5f2f9bf:group-17200D235925 change Leader from null to 39edbc2c-2dac-420c-b4ca-f318d5f2f9bf at term 1 for becomeLeader, leader elected after 5139ms
2019-07-13 07:23:06,269 INFO  server.RaftServerConfigKeys (ConfUtils.java:logGet(43)) - raft.server.staging.catchup.gap = 1000 (default)
2019-07-13 07:23:06,269 INFO  server.RaftServerConfigKeys (ConfUtils.java:logGet(43)) - raft.server.rpc.sleep.time = 25ms (default)
2019-07-13 07:23:06,269 INFO  server.RaftServerConfigKeys (ConfUtils.java:logGet(43)) - raft.server.write.element-limit = 4096 (default)
2019-07-13 07:23:06,269 INFO  server.RaftServerConfigKeys (ConfUtils.java:logGet(43)) - raft.server.watch.timeout = 10s (default)
2019-07-13 07:23:06,269 INFO  server.RaftServerConfigKeys (ConfUtils.java:logGet(43)) - raft.server.watch.timeout.denomination = 1s (default)
2019-07-13 07:23:06,269 INFO  server.RaftServerConfigKeys (ConfUtils.java:logGet(43)) - raft.server.watch.element-limit = 65536 (default)
2019-07-13 07:23:06,270 INFO  server.RaftServerConfigKeys (ConfUtils.java:logGet(43)) - raft.server.log.appender.snapshot.chunk.size.max = 16MB (=16777216) (default)
2019-07-13 07:23:06,270 INFO  server.RaftServerConfigKeys (ConfUtils.java:logGet(43)) - raft.server.log.appender.buffer.byte-limit = 33554432 (custom)
2019-07-13 07:23:06,270 INFO  server.RaftServerConfigKeys (ConfUtils.java:logGet(43)) - raft.server.log.appender.buffer.element-limit = 1 (custom)
2019-07-13 07:23:06,271 INFO  grpc.GrpcConfigKeys$Server (ConfUtils.java:logGet(43)) - raft.grpc.server.leader.outstanding.appends.max = 128 (default)
2019-07-13 07:23:06,271 INFO  server.RaftServerConfigKeys (ConfUtils.java:logGet(43)) - raft.server.rpc.request.timeout = 3000ms (default)
2019-07-13 07:23:06,271 INFO  server.RaftServerConfigKeys (ConfUtils.java:logGet(43)) - raft.server.log.appender.install.snapshot.enabled = false (custom)
2019-07-13 07:23:06,271 INFO  server.RaftServerConfigKeys (ConfUtils.java:logGet(43)) - raft.server.log.appender.snapshot.chunk.size.max = 16MB (=16777216) (default)
2019-07-13 07:23:06,272 INFO  server.RaftServerConfigKeys (ConfUtils.java:logGet(43)) - raft.server.log.appender.buffer.byte-limit = 33554432 (custom)
2019-07-13 07:23:06,272 INFO  server.RaftServerConfigKeys (ConfUtils.java:logGet(43)) - raft.server.log.appender.buffer.element-limit = 1 (custom)
2019-07-13 07:23:06,272 INFO  grpc.GrpcConfigKeys$Server (ConfUtils.java:logGet(43)) - raft.grpc.server.leader.outstanding.appends.max = 128 (default)
2019-07-13 07:23:06,272 INFO  server.RaftServerConfigKeys (ConfUtils.java:logGet(43)) - raft.server.rpc.request.timeout = 3000ms (default)
2019-07-13 07:23:06,273 INFO  server.RaftServerConfigKeys (ConfUtils.java:logGet(43)) - raft.server.log.appender.install.snapshot.enabled = false (custom)
2019-07-13 07:23:06,273 INFO  impl.RoleInfo (RoleInfo.java:updateAndGet(143)) - 39edbc2c-2dac-420c-b4ca-f318d5f2f9bf: start LeaderState
2019-07-13 07:23:06,273 INFO  segmented.SegmentedRaftLogWorker (SegmentedRaftLogWorker.java:startLogSegment(380)) - 39edbc2c-2dac-420c-b4ca-f318d5f2f9bf-SegmentedRaftLogWorker:Storage Directory /tmp/workdir/hadoop-ozone/integration-test/target/test-dir/MiniOzoneClusterImpl-35f2412a-9966-4e2f-8b9c-01fb3afcc828/datanode-2/data/ratis/2d0dd8d5-7afe-47d7-b84b-17200d235925: Starting segment from index:0
2019-07-13 07:23:06,274 INFO  impl.RaftServerImpl (ServerState.java:setRaftConf(361)) - 39edbc2c-2dac-420c-b4ca-f318d5f2f9bf:group-17200D235925 set configuration 0: [9c343af4-c05a-43b8-aa7c-e8ca3b13aa3c:192.168.69.84:35704, 5ad86f75-e507-485a-9899-0310f98c9cb1:192.168.69.84:42780, 39edbc2c-2dac-420c-b4ca-f318d5f2f9bf:192.168.69.84:40449], old=null at 0
2019-07-13 07:23:06,297 INFO  impl.RaftServerImpl (ServerState.java:setLeader(263)) - 5ad86f75-e507-485a-9899-0310f98c9cb1:group-17200D235925 change Leader from null to 39edbc2c-2dac-420c-b4ca-f318d5f2f9bf at term 1 for appendEntries, leader elected after 5168ms
2019-07-13 07:23:06,297 INFO  impl.RaftServerImpl (ServerState.java:setLeader(263)) - 9c343af4-c05a-43b8-aa7c-e8ca3b13aa3c:group-17200D235925 change Leader from null to 39edbc2c-2dac-420c-b4ca-f318d5f2f9bf at term 1 for appendEntries, leader elected after 5168ms
2019-07-13 07:23:06,305 INFO  impl.RaftServerImpl (ServerState.java:setRaftConf(361)) - 5ad86f75-e507-485a-9899-0310f98c9cb1:group-17200D235925 set configuration 0: [9c343af4-c05a-43b8-aa7c-e8ca3b13aa3c:192.168.69.84:35704, 5ad86f75-e507-485a-9899-0310f98c9cb1:192.168.69.84:42780, 39edbc2c-2dac-420c-b4ca-f318d5f2f9bf:192.168.69.84:40449], old=null at 0
2019-07-13 07:23:06,305 INFO  impl.RaftServerImpl (ServerState.java:setRaftConf(361)) - 9c343af4-c05a-43b8-aa7c-e8ca3b13aa3c:group-17200D235925 set configuration 0: [9c343af4-c05a-43b8-aa7c-e8ca3b13aa3c:192.168.69.84:35704, 5ad86f75-e507-485a-9899-0310f98c9cb1:192.168.69.84:42780, 39edbc2c-2dac-420c-b4ca-f318d5f2f9bf:192.168.69.84:40449], old=null at 0
2019-07-13 07:23:06,305 INFO  segmented.SegmentedRaftLogWorker (SegmentedRaftLogWorker.java:startLogSegment(380)) - 5ad86f75-e507-485a-9899-0310f98c9cb1-SegmentedRaftLogWorker:Storage Directory /tmp/workdir/hadoop-ozone/integration-test/target/test-dir/MiniOzoneClusterImpl-35f2412a-9966-4e2f-8b9c-01fb3afcc828/datanode-1/data/ratis/2d0dd8d5-7afe-47d7-b84b-17200d235925: Starting segment from index:0
2019-07-13 07:23:06,305 INFO  segmented.SegmentedRaftLogWorker (SegmentedRaftLogWorker.java:startLogSegment(380)) - 9c343af4-c05a-43b8-aa7c-e8ca3b13aa3c-SegmentedRaftLogWorker:Storage Directory /tmp/workdir/hadoop-ozone/integration-test/target/test-dir/MiniOzoneClusterImpl-35f2412a-9966-4e2f-8b9c-01fb3afcc828/datanode-0/data/ratis/2d0dd8d5-7afe-47d7-b84b-17200d235925: Starting segment from index:0
2019-07-13 07:23:06,308 INFO  segmented.SegmentedRaftLogWorker (SegmentedRaftLogWorker.java:execute(569)) - 39edbc2c-2dac-420c-b4ca-f318d5f2f9bf-SegmentedRaftLogWorker:Storage Directory /tmp/workdir/hadoop-ozone/integration-test/target/test-dir/MiniOzoneClusterImpl-35f2412a-9966-4e2f-8b9c-01fb3afcc828/datanode-2/data/ratis/2d0dd8d5-7afe-47d7-b84b-17200d235925: created new log segment /tmp/workdir/hadoop-ozone/integration-test/target/test-dir/MiniOzoneClusterImpl-35f2412a-9966-4e2f-8b9c-01fb3afcc828/datanode-2/data/ratis/2d0dd8d5-7afe-47d7-b84b-17200d235925/current/log_inprogress_0
2019-07-13 07:23:06,337 INFO  segmented.SegmentedRaftLogWorker (SegmentedRaftLogWorker.java:execute(569)) - 5ad86f75-e507-485a-9899-0310f98c9cb1-SegmentedRaftLogWorker:Storage Directory /tmp/workdir/hadoop-ozone/integration-test/target/test-dir/MiniOzoneClusterImpl-35f2412a-9966-4e2f-8b9c-01fb3afcc828/datanode-1/data/ratis/2d0dd8d5-7afe-47d7-b84b-17200d235925: created new log segment /tmp/workdir/hadoop-ozone/integration-test/target/test-dir/MiniOzoneClusterImpl-35f2412a-9966-4e2f-8b9c-01fb3afcc828/datanode-1/data/ratis/2d0dd8d5-7afe-47d7-b84b-17200d235925/current/log_inprogress_0
2019-07-13 07:23:06,337 INFO  segmented.SegmentedRaftLogWorker (SegmentedRaftLogWorker.java:execute(569)) - 9c343af4-c05a-43b8-aa7c-e8ca3b13aa3c-SegmentedRaftLogWorker:Storage Directory /tmp/workdir/hadoop-ozone/integration-test/target/test-dir/MiniOzoneClusterImpl-35f2412a-9966-4e2f-8b9c-01fb3afcc828/datanode-0/data/ratis/2d0dd8d5-7afe-47d7-b84b-17200d235925: created new log segment /tmp/workdir/hadoop-ozone/integration-test/target/test-dir/MiniOzoneClusterImpl-35f2412a-9966-4e2f-8b9c-01fb3afcc828/datanode-0/data/ratis/2d0dd8d5-7afe-47d7-b84b-17200d235925/current/log_inprogress_0
2019-07-13 07:23:06,433 INFO  impl.FollowerState (FollowerState.java:run(106)) - a97d2114-7749-4499-b4d7-d95d9746d721:group-51EE216D3CA4 changes to CANDIDATE, lastRpcTime:5161, electionTimeout:5161ms
2019-07-13 07:23:06,433 INFO  impl.RoleInfo (RoleInfo.java:shutdownFollowerState(121)) - a97d2114-7749-4499-b4d7-d95d9746d721: shutdown FollowerState
2019-07-13 07:23:06,433 INFO  impl.RaftServerImpl (RaftServerImpl.java:setRole(171)) - a97d2114-7749-4499-b4d7-d95d9746d721:group-51EE216D3CA4 changes role from FOLLOWER to CANDIDATE at term 0 for changeToCandidate
2019-07-13 07:23:06,433 INFO  impl.RoleInfo (RoleInfo.java:updateAndGet(143)) - a97d2114-7749-4499-b4d7-d95d9746d721: start LeaderElection
2019-07-13 07:23:06,453 INFO  impl.LeaderElection (LeaderElection.java:askForVotes(181)) - a97d2114-7749-4499-b4d7-d95d9746d721:group-51EE216D3CA4:LeaderElection17: begin an election at term 1 for -1: [a97d2114-7749-4499-b4d7-d95d9746d721:192.168.69.84:37016], old=null
2019-07-13 07:23:06,453 INFO  impl.RoleInfo (RoleInfo.java:shutdownLeaderElection(134)) - a97d2114-7749-4499-b4d7-d95d9746d721: shutdown LeaderElection
2019-07-13 07:23:06,453 INFO  impl.RaftServerImpl (RaftServerImpl.java:setRole(171)) - a97d2114-7749-4499-b4d7-d95d9746d721:group-51EE216D3CA4 changes role from CANDIDATE to LEADER at term 1 for changeToLeader
2019-07-13 07:23:06,453 INFO  impl.RaftServerImpl (ServerState.java:setLeader(263)) - a97d2114-7749-4499-b4d7-d95d9746d721:group-51EE216D3CA4 change Leader from null to a97d2114-7749-4499-b4d7-d95d9746d721 at term 1 for becomeLeader, leader elected after 5188ms
2019-07-13 07:23:06,455 INFO  server.RaftServerConfigKeys (ConfUtils.java:logGet(43)) - raft.server.staging.catchup.gap = 1000 (default)
2019-07-13 07:23:06,456 INFO  server.RaftServerConfigKeys (ConfUtils.java:logGet(43)) - raft.server.rpc.sleep.time = 25ms (default)
2019-07-13 07:23:06,456 INFO  server.RaftServerConfigKeys (ConfUtils.java:logGet(43)) - raft.server.write.element-limit = 4096 (default)
2019-07-13 07:23:06,456 INFO  server.RaftServerConfigKeys (ConfUtils.java:logGet(43)) - raft.server.watch.timeout = 10s (default)
2019-07-13 07:23:06,456 INFO  server.RaftServerConfigKeys (ConfUtils.java:logGet(43)) - raft.server.watch.timeout.denomination = 1s (default)
2019-07-13 07:23:06,456 INFO  server.RaftServerConfigKeys (ConfUtils.java:logGet(43)) - raft.server.watch.element-limit = 65536 (default)
2019-07-13 07:23:06,457 INFO  impl.RoleInfo (RoleInfo.java:updateAndGet(143)) - a97d2114-7749-4499-b4d7-d95d9746d721: start LeaderState
2019-07-13 07:23:06,457 INFO  segmented.SegmentedRaftLogWorker (SegmentedRaftLogWorker.java:startLogSegment(380)) - a97d2114-7749-4499-b4d7-d95d9746d721-SegmentedRaftLogWorker:Storage Directory /tmp/workdir/hadoop-ozone/integration-test/target/test-dir/MiniOzoneClusterImpl-35f2412a-9966-4e2f-8b9c-01fb3afcc828/datanode-3/data/ratis/a1059c4a-f609-4ddc-b34c-51ee216d3ca4: Starting segment from index:0
2019-07-13 07:23:06,458 INFO  impl.RaftServerImpl (ServerState.java:setRaftConf(361)) - a97d2114-7749-4499-b4d7-d95d9746d721:group-51EE216D3CA4 set configuration 0: [a97d2114-7749-4499-b4d7-d95d9746d721:192.168.69.84:37016], old=null at 0
2019-07-13 07:23:06,490 INFO  segmented.SegmentedRaftLogWorker (SegmentedRaftLogWorker.java:execute(569)) - a97d2114-7749-4499-b4d7-d95d9746d721-SegmentedRaftLogWorker:Storage Directory /tmp/workdir/hadoop-ozone/integration-test/target/test-dir/MiniOzoneClusterImpl-35f2412a-9966-4e2f-8b9c-01fb3afcc828/datanode-3/data/ratis/a1059c4a-f609-4ddc-b34c-51ee216d3ca4: created new log segment /tmp/workdir/hadoop-ozone/integration-test/target/test-dir/MiniOzoneClusterImpl-35f2412a-9966-4e2f-8b9c-01fb3afcc828/datanode-3/data/ratis/a1059c4a-f609-4ddc-b34c-51ee216d3ca4/current/log_inprogress_0
2019-07-13 07:23:06,592 INFO  impl.FollowerState (FollowerState.java:run(106)) - b1ff5848-6003-4ee8-9f43-30d2cda1f1d8:group-A89D6DA42749 changes to CANDIDATE, lastRpcTime:5152, electionTimeout:5152ms
2019-07-13 07:23:06,592 INFO  impl.RoleInfo (RoleInfo.java:shutdownFollowerState(121)) - b1ff5848-6003-4ee8-9f43-30d2cda1f1d8: shutdown FollowerState
2019-07-13 07:23:06,593 INFO  impl.RaftServerImpl (RaftServerImpl.java:setRole(171)) - b1ff5848-6003-4ee8-9f43-30d2cda1f1d8:group-A89D6DA42749 changes role from FOLLOWER to CANDIDATE at term 0 for changeToCandidate
2019-07-13 07:23:06,593 INFO  impl.RoleInfo (RoleInfo.java:updateAndGet(143)) - b1ff5848-6003-4ee8-9f43-30d2cda1f1d8: start LeaderElection
2019-07-13 07:23:06,623 INFO  impl.LeaderElection (LeaderElection.java:askForVotes(181)) - b1ff5848-6003-4ee8-9f43-30d2cda1f1d8:group-A89D6DA42749:LeaderElection18: begin an election at term 1 for -1: [b1ff5848-6003-4ee8-9f43-30d2cda1f1d8:192.168.69.84:39675], old=null
2019-07-13 07:23:06,624 INFO  impl.RoleInfo (RoleInfo.java:shutdownLeaderElection(134)) - b1ff5848-6003-4ee8-9f43-30d2cda1f1d8: shutdown LeaderElection
2019-07-13 07:23:06,624 INFO  impl.RaftServerImpl (RaftServerImpl.java:setRole(171)) - b1ff5848-6003-4ee8-9f43-30d2cda1f1d8:group-A89D6DA42749 changes role from CANDIDATE to LEADER at term 1 for changeToLeader
2019-07-13 07:23:06,624 INFO  impl.RaftServerImpl (ServerState.java:setLeader(263)) - b1ff5848-6003-4ee8-9f43-30d2cda1f1d8:group-A89D6DA42749 change Leader from null to b1ff5848-6003-4ee8-9f43-30d2cda1f1d8 at term 1 for becomeLeader, leader elected after 5189ms
2019-07-13 07:23:06,626 INFO  server.RaftServerConfigKeys (ConfUtils.java:logGet(43)) - raft.server.staging.catchup.gap = 1000 (default)
2019-07-13 07:23:06,626 INFO  server.RaftServerConfigKeys (ConfUtils.java:logGet(43)) - raft.server.rpc.sleep.time = 25ms (default)
2019-07-13 07:23:06,626 INFO  server.RaftServerConfigKeys (ConfUtils.java:logGet(43)) - raft.server.write.element-limit = 4096 (default)
2019-07-13 07:23:06,627 INFO  server.RaftServerConfigKeys (ConfUtils.java:logGet(43)) - raft.server.watch.timeout = 10s (default)
2019-07-13 07:23:06,627 INFO  server.RaftServerConfigKeys (ConfUtils.java:logGet(43)) - raft.server.watch.timeout.denomination = 1s (default)
2019-07-13 07:23:06,627 INFO  server.RaftServerConfigKeys (ConfUtils.java:logGet(43)) - raft.server.watch.element-limit = 65536 (default)
2019-07-13 07:23:06,627 INFO  impl.RoleInfo (RoleInfo.java:updateAndGet(143)) - b1ff5848-6003-4ee8-9f43-30d2cda1f1d8: start LeaderState
2019-07-13 07:23:06,628 INFO  segmented.SegmentedRaftLogWorker (SegmentedRaftLogWorker.java:startLogSegment(380)) - b1ff5848-6003-4ee8-9f43-30d2cda1f1d8-SegmentedRaftLogWorker:Storage Directory /tmp/workdir/hadoop-ozone/integration-test/target/test-dir/MiniOzoneClusterImpl-35f2412a-9966-4e2f-8b9c-01fb3afcc828/datanode-4/data/ratis/0b2e03ba-c715-4d4a-abb9-a89d6da42749: Starting segment from index:0
2019-07-13 07:23:06,628 INFO  impl.RaftServerImpl (ServerState.java:setRaftConf(361)) - b1ff5848-6003-4ee8-9f43-30d2cda1f1d8:group-A89D6DA42749 set configuration 0: [b1ff5848-6003-4ee8-9f43-30d2cda1f1d8:192.168.69.84:39675], old=null at 0
2019-07-13 07:23:06,687 INFO  segmented.SegmentedRaftLogWorker (SegmentedRaftLogWorker.java:execute(569)) - b1ff5848-6003-4ee8-9f43-30d2cda1f1d8-SegmentedRaftLogWorker:Storage Directory /tmp/workdir/hadoop-ozone/integration-test/target/test-dir/MiniOzoneClusterImpl-35f2412a-9966-4e2f-8b9c-01fb3afcc828/datanode-4/data/ratis/0b2e03ba-c715-4d4a-abb9-a89d6da42749: created new log segment /tmp/workdir/hadoop-ozone/integration-test/target/test-dir/MiniOzoneClusterImpl-35f2412a-9966-4e2f-8b9c-01fb3afcc828/datanode-4/data/ratis/0b2e03ba-c715-4d4a-abb9-a89d6da42749/current/log_inprogress_0
2019-07-13 07:23:06,778 INFO  impl.FollowerState (FollowerState.java:run(106)) - 17b79d47-ca1d-452c-a8b3-9c1bdecaed3c:group-AD218519AB09 changes to CANDIDATE, lastRpcTime:5068, electionTimeout:5068ms
2019-07-13 07:23:06,778 INFO  impl.RoleInfo (RoleInfo.java:shutdownFollowerState(121)) - 17b79d47-ca1d-452c-a8b3-9c1bdecaed3c: shutdown FollowerState
2019-07-13 07:23:06,779 INFO  impl.RaftServerImpl (RaftServerImpl.java:setRole(171)) - 17b79d47-ca1d-452c-a8b3-9c1bdecaed3c:group-AD218519AB09 changes role from FOLLOWER to CANDIDATE at term 0 for changeToCandidate
2019-07-13 07:23:06,779 INFO  impl.RoleInfo (RoleInfo.java:updateAndGet(143)) - 17b79d47-ca1d-452c-a8b3-9c1bdecaed3c: start LeaderElection
2019-07-13 07:23:06,784 INFO  impl.FollowerState (FollowerState.java:run(106)) - 17b79d47-ca1d-452c-a8b3-9c1bdecaed3c:group-9F91FF4FC77C changes to CANDIDATE, lastRpcTime:5147, electionTimeout:5147ms
2019-07-13 07:23:06,784 INFO  impl.RoleInfo (RoleInfo.java:shutdownFollowerState(121)) - 17b79d47-ca1d-452c-a8b3-9c1bdecaed3c: shutdown FollowerState
2019-07-13 07:23:06,784 INFO  impl.RaftServerImpl (RaftServerImpl.java:setRole(171)) - 17b79d47-ca1d-452c-a8b3-9c1bdecaed3c:group-9F91FF4FC77C changes role from FOLLOWER to CANDIDATE at term 0 for changeToCandidate
2019-07-13 07:23:06,784 INFO  impl.RoleInfo (RoleInfo.java:updateAndGet(143)) - 17b79d47-ca1d-452c-a8b3-9c1bdecaed3c: start LeaderElection
2019-07-13 07:23:06,796 INFO  impl.LeaderElection (LeaderElection.java:askForVotes(181)) - 17b79d47-ca1d-452c-a8b3-9c1bdecaed3c:group-9F91FF4FC77C:LeaderElection20: begin an election at term 1 for -1: [17b79d47-ca1d-452c-a8b3-9c1bdecaed3c:192.168.69.84:42090], old=null
2019-07-13 07:23:06,796 INFO  impl.LeaderElection (LeaderElection.java:askForVotes(181)) - 17b79d47-ca1d-452c-a8b3-9c1bdecaed3c:group-AD218519AB09:LeaderElection19: begin an election at term 1 for -1: [b1ff5848-6003-4ee8-9f43-30d2cda1f1d8:192.168.69.84:39675, 17b79d47-ca1d-452c-a8b3-9c1bdecaed3c:192.168.69.84:42090, a97d2114-7749-4499-b4d7-d95d9746d721:192.168.69.84:37016], old=null
2019-07-13 07:23:06,796 INFO  impl.RoleInfo (RoleInfo.java:shutdownLeaderElection(134)) - 17b79d47-ca1d-452c-a8b3-9c1bdecaed3c: shutdown LeaderElection
2019-07-13 07:23:06,796 INFO  impl.RaftServerImpl (RaftServerImpl.java:setRole(171)) - 17b79d47-ca1d-452c-a8b3-9c1bdecaed3c:group-9F91FF4FC77C changes role from CANDIDATE to LEADER at term 1 for changeToLeader
2019-07-13 07:23:06,796 INFO  impl.RaftServerImpl (ServerState.java:setLeader(263)) - 17b79d47-ca1d-452c-a8b3-9c1bdecaed3c:group-9F91FF4FC77C change Leader from null to 17b79d47-ca1d-452c-a8b3-9c1bdecaed3c at term 1 for becomeLeader, leader elected after 5165ms
2019-07-13 07:23:06,799 INFO  server.RaftServerConfigKeys (ConfUtils.java:logGet(43)) - raft.server.staging.catchup.gap = 1000 (default)
2019-07-13 07:23:06,799 INFO  server.RaftServerConfigKeys (ConfUtils.java:logGet(43)) - raft.server.rpc.sleep.time = 25ms (default)
2019-07-13 07:23:06,799 INFO  server.RaftServerConfigKeys (ConfUtils.java:logGet(43)) - raft.server.write.element-limit = 4096 (default)
2019-07-13 07:23:06,799 INFO  server.RaftServerConfigKeys (ConfUtils.java:logGet(43)) - raft.server.watch.timeout = 10s (default)
2019-07-13 07:23:06,799 INFO  server.RaftServerConfigKeys (ConfUtils.java:logGet(43)) - raft.server.watch.timeout.denomination = 1s (default)
2019-07-13 07:23:06,800 INFO  server.RaftServerConfigKeys (ConfUtils.java:logGet(43)) - raft.server.watch.element-limit = 65536 (default)
2019-07-13 07:23:06,808 INFO  impl.FollowerState (FollowerState.java:run(106)) - b1ff5848-6003-4ee8-9f43-30d2cda1f1d8:group-AD218519AB09 changes to CANDIDATE, lastRpcTime:5090, electionTimeout:5088ms
2019-07-13 07:23:06,809 INFO  impl.RoleInfo (RoleInfo.java:shutdownFollowerState(121)) - b1ff5848-6003-4ee8-9f43-30d2cda1f1d8: shutdown FollowerState
2019-07-13 07:23:06,809 INFO  impl.RoleInfo (RoleInfo.java:updateAndGet(143)) - 17b79d47-ca1d-452c-a8b3-9c1bdecaed3c: start LeaderState
2019-07-13 07:23:06,809 INFO  impl.RaftServerImpl (RaftServerImpl.java:setRole(171)) - b1ff5848-6003-4ee8-9f43-30d2cda1f1d8:group-AD218519AB09 changes role from FOLLOWER to CANDIDATE at term 0 for changeToCandidate
2019-07-13 07:23:06,809 INFO  segmented.SegmentedRaftLogWorker (SegmentedRaftLogWorker.java:startLogSegment(380)) - 17b79d47-ca1d-452c-a8b3-9c1bdecaed3c-SegmentedRaftLogWorker:Storage Directory /tmp/workdir/hadoop-ozone/integration-test/target/test-dir/MiniOzoneClusterImpl-35f2412a-9966-4e2f-8b9c-01fb3afcc828/datanode-5/data/ratis/f77b4eb1-b6a0-4805-87e3-9f91ff4fc77c: Starting segment from index:0
2019-07-13 07:23:06,809 INFO  impl.RoleInfo (RoleInfo.java:updateAndGet(143)) - b1ff5848-6003-4ee8-9f43-30d2cda1f1d8: start LeaderElection
2019-07-13 07:23:06,810 INFO  impl.RaftServerImpl (ServerState.java:setRaftConf(361)) - 17b79d47-ca1d-452c-a8b3-9c1bdecaed3c:group-9F91FF4FC77C set configuration 0: [17b79d47-ca1d-452c-a8b3-9c1bdecaed3c:192.168.69.84:42090], old=null at 0
2019-07-13 07:23:06,830 INFO  impl.FollowerState (FollowerState.java:run(106)) - a97d2114-7749-4499-b4d7-d95d9746d721:group-AD218519AB09 changes to CANDIDATE, lastRpcTime:5113, electionTimeout:5096ms
2019-07-13 07:23:06,831 INFO  impl.RoleInfo (RoleInfo.java:shutdownFollowerState(121)) - a97d2114-7749-4499-b4d7-d95d9746d721: shutdown FollowerState
2019-07-13 07:23:06,833 INFO  impl.RaftServerImpl (RaftServerImpl.java:setRole(171)) - a97d2114-7749-4499-b4d7-d95d9746d721:group-AD218519AB09 changes role from FOLLOWER to CANDIDATE at term 0 for changeToCandidate
2019-07-13 07:23:06,833 INFO  impl.RoleInfo (RoleInfo.java:updateAndGet(143)) - a97d2114-7749-4499-b4d7-d95d9746d721: start LeaderElection
2019-07-13 07:23:06,844 INFO  segmented.SegmentedRaftLogWorker (SegmentedRaftLogWorker.java:execute(569)) - 17b79d47-ca1d-452c-a8b3-9c1bdecaed3c-SegmentedRaftLogWorker:Storage Directory /tmp/workdir/hadoop-ozone/integration-test/target/test-dir/MiniOzoneClusterImpl-35f2412a-9966-4e2f-8b9c-01fb3afcc828/datanode-5/data/ratis/f77b4eb1-b6a0-4805-87e3-9f91ff4fc77c: created new log segment /tmp/workdir/hadoop-ozone/integration-test/target/test-dir/MiniOzoneClusterImpl-35f2412a-9966-4e2f-8b9c-01fb3afcc828/datanode-5/data/ratis/f77b4eb1-b6a0-4805-87e3-9f91ff4fc77c/current/log_inprogress_0
2019-07-13 07:23:06,845 INFO  impl.LeaderElection (LeaderElection.java:askForVotes(181)) - b1ff5848-6003-4ee8-9f43-30d2cda1f1d8:group-AD218519AB09:LeaderElection21: begin an election at term 1 for -1: [b1ff5848-6003-4ee8-9f43-30d2cda1f1d8:192.168.69.84:39675, 17b79d47-ca1d-452c-a8b3-9c1bdecaed3c:192.168.69.84:42090, a97d2114-7749-4499-b4d7-d95d9746d721:192.168.69.84:37016], old=null
2019-07-13 07:23:06,847 INFO  impl.LeaderElection (LeaderElection.java:askForVotes(181)) - a97d2114-7749-4499-b4d7-d95d9746d721:group-AD218519AB09:LeaderElection22: begin an election at term 1 for -1: [b1ff5848-6003-4ee8-9f43-30d2cda1f1d8:192.168.69.84:39675, 17b79d47-ca1d-452c-a8b3-9c1bdecaed3c:192.168.69.84:42090, a97d2114-7749-4499-b4d7-d95d9746d721:192.168.69.84:37016], old=null
2019-07-13 07:23:06,862 INFO  impl.LeaderElection (LeaderElection.java:logAndReturn(56)) - 17b79d47-ca1d-452c-a8b3-9c1bdecaed3c:group-AD218519AB09:LeaderElection19: Election REJECTED; received 2 response(s) [17b79d47-ca1d-452c-a8b3-9c1bdecaed3c<-b1ff5848-6003-4ee8-9f43-30d2cda1f1d8#0:FAIL-t1, 17b79d47-ca1d-452c-a8b3-9c1bdecaed3c<-a97d2114-7749-4499-b4d7-d95d9746d721#0:FAIL-t1] and 0 exception(s); 17b79d47-ca1d-452c-a8b3-9c1bdecaed3c:t1, leader=null, voted=17b79d47-ca1d-452c-a8b3-9c1bdecaed3c, raftlog=17b79d47-ca1d-452c-a8b3-9c1bdecaed3c-SegmentedRaftLog:OPENED:c-1,f-1,i0, conf=-1: [b1ff5848-6003-4ee8-9f43-30d2cda1f1d8:192.168.69.84:39675, 17b79d47-ca1d-452c-a8b3-9c1bdecaed3c:192.168.69.84:42090, a97d2114-7749-4499-b4d7-d95d9746d721:192.168.69.84:37016], old=null
2019-07-13 07:23:06,864 INFO  impl.RaftServerImpl (RaftServerImpl.java:setRole(171)) - 17b79d47-ca1d-452c-a8b3-9c1bdecaed3c:group-AD218519AB09 changes role from CANDIDATE to FOLLOWER at term 1 for DISCOVERED_A_NEW_TERM
2019-07-13 07:23:06,866 INFO  impl.RoleInfo (RoleInfo.java:shutdownLeaderElection(134)) - 17b79d47-ca1d-452c-a8b3-9c1bdecaed3c: shutdown LeaderElection
2019-07-13 07:23:06,868 INFO  impl.RoleInfo (RoleInfo.java:updateAndGet(143)) - 17b79d47-ca1d-452c-a8b3-9c1bdecaed3c: start FollowerState
2019-07-13 07:23:06,894 INFO  impl.LeaderElection (LeaderElection.java:logAndReturn(56)) - a97d2114-7749-4499-b4d7-d95d9746d721:group-AD218519AB09:LeaderElection22: Election REJECTED; received 2 response(s) [a97d2114-7749-4499-b4d7-d95d9746d721<-b1ff5848-6003-4ee8-9f43-30d2cda1f1d8#0:FAIL-t1, a97d2114-7749-4499-b4d7-d95d9746d721<-17b79d47-ca1d-452c-a8b3-9c1bdecaed3c#0:FAIL-t1] and 0 exception(s); a97d2114-7749-4499-b4d7-d95d9746d721:t1, leader=null, voted=a97d2114-7749-4499-b4d7-d95d9746d721, raftlog=a97d2114-7749-4499-b4d7-d95d9746d721-SegmentedRaftLog:OPENED:c-1,f-1,i0, conf=-1: [b1ff5848-6003-4ee8-9f43-30d2cda1f1d8:192.168.69.84:39675, 17b79d47-ca1d-452c-a8b3-9c1bdecaed3c:192.168.69.84:42090, a97d2114-7749-4499-b4d7-d95d9746d721:192.168.69.84:37016], old=null
2019-07-13 07:23:06,897 INFO  impl.RaftServerImpl (RaftServerImpl.java:setRole(171)) - a97d2114-7749-4499-b4d7-d95d9746d721:group-AD218519AB09 changes role from CANDIDATE to FOLLOWER at term 1 for DISCOVERED_A_NEW_TERM
2019-07-13 07:23:06,898 INFO  impl.RoleInfo (RoleInfo.java:shutdownLeaderElection(134)) - a97d2114-7749-4499-b4d7-d95d9746d721: shutdown LeaderElection
2019-07-13 07:23:06,899 INFO  impl.LeaderElection (LeaderElection.java:logAndReturn(56)) - b1ff5848-6003-4ee8-9f43-30d2cda1f1d8:group-AD218519AB09:LeaderElection21: Election REJECTED; received 2 response(s) [b1ff5848-6003-4ee8-9f43-30d2cda1f1d8<-17b79d47-ca1d-452c-a8b3-9c1bdecaed3c#0:FAIL-t1, b1ff5848-6003-4ee8-9f43-30d2cda1f1d8<-a97d2114-7749-4499-b4d7-d95d9746d721#0:FAIL-t1] and 0 exception(s); b1ff5848-6003-4ee8-9f43-30d2cda1f1d8:t1, leader=null, voted=b1ff5848-6003-4ee8-9f43-30d2cda1f1d8, raftlog=b1ff5848-6003-4ee8-9f43-30d2cda1f1d8-SegmentedRaftLog:OPENED:c-1,f-1,i0, conf=-1: [b1ff5848-6003-4ee8-9f43-30d2cda1f1d8:192.168.69.84:39675, 17b79d47-ca1d-452c-a8b3-9c1bdecaed3c:192.168.69.84:42090, a97d2114-7749-4499-b4d7-d95d9746d721:192.168.69.84:37016], old=null
2019-07-13 07:23:06,899 INFO  impl.RoleInfo (RoleInfo.java:updateAndGet(143)) - a97d2114-7749-4499-b4d7-d95d9746d721: start FollowerState
2019-07-13 07:23:06,899 INFO  impl.RaftServerImpl (RaftServerImpl.java:setRole(171)) - b1ff5848-6003-4ee8-9f43-30d2cda1f1d8:group-AD218519AB09 changes role from CANDIDATE to FOLLOWER at term 1 for DISCOVERED_A_NEW_TERM
2019-07-13 07:23:06,902 INFO  impl.RoleInfo (RoleInfo.java:shutdownLeaderElection(134)) - b1ff5848-6003-4ee8-9f43-30d2cda1f1d8: shutdown LeaderElection
2019-07-13 07:23:06,904 INFO  impl.RoleInfo (RoleInfo.java:updateAndGet(143)) - b1ff5848-6003-4ee8-9f43-30d2cda1f1d8: start FollowerState
2019-07-13 07:23:07,048 INFO  client.GrpcClientProtocolClient (GrpcClientProtocolClient.java:onNext(255)) - client-59316C4A0F1B->39edbc2c-2dac-420c-b4ca-f318d5f2f9bf: receive RaftClientReply:client-59316C4A0F1B->39edbc2c-2dac-420c-b4ca-f318d5f2f9bf@group-17200D235925, cid=34, SUCCESS, logIndex=1, commits[39edbc2c-2dac-420c-b4ca-f318d5f2f9bf:c1, 9c343af4-c05a-43b8-aa7c-e8ca3b13aa3c:c0, 5ad86f75-e507-485a-9899-0310f98c9cb1:c0]
2019-07-13 07:23:07,193 INFO  client.GrpcClientProtocolClient (GrpcClientProtocolClient.java:onNext(255)) - client-59316C4A0F1B->39edbc2c-2dac-420c-b4ca-f318d5f2f9bf: receive RaftClientReply:client-59316C4A0F1B->39edbc2c-2dac-420c-b4ca-f318d5f2f9bf@group-17200D235925, cid=35, SUCCESS, logIndex=3, commits[39edbc2c-2dac-420c-b4ca-f318d5f2f9bf:c4, 9c343af4-c05a-43b8-aa7c-e8ca3b13aa3c:c3, 5ad86f75-e507-485a-9899-0310f98c9cb1:c3]
2019-07-13 07:23:07,196 INFO  container.CloseContainerEventHandler (CloseContainerEventHandler.java:onMessage(61)) - Close container Event triggered for container : #1
2019-07-13 07:23:07,197 INFO  container.CloseContainerEventHandler (CloseContainerEventHandler.java:onMessage(61)) - Close container Event triggered for container : #1
2019-07-13 07:23:07,198 INFO  container.CloseContainerEventHandler (CloseContainerEventHandler.java:onMessage(61)) - Close container Event triggered for container : #1
2019-07-13 07:23:09,063 INFO  interfaces.Container (KeyValueContainer.java:compactDB(356)) - Container 1 is closed with bcsId 3.
2019-07-13 07:23:09,071 INFO  interfaces.Container (KeyValueContainer.java:compactDB(356)) - Container 1 is closed with bcsId 3.
2019-07-13 07:23:09,087 INFO  interfaces.Container (KeyValueContainer.java:compactDB(356)) - Container 1 is closed with bcsId 3.
07:23:09.217 [grpc-default-executor-2] ERROR DNAudit - user=null | ip=null | op=WRITE_CHUNK {blockData=conID: 1 locID: 102432937257598980 bcsId: 3} | ret=FAILURE
org.apache.hadoop.hdds.scm.container.common.helpers.ContainerNotOpenException: Container 1 in CLOSED state
	at org.apache.hadoop.ozone.container.common.impl.HddsDispatcher.validateContainerCommand(HddsDispatcher.java:408) ~[hadoop-hdds-container-service-0.5.0-SNAPSHOT.jar:?]
	at org.apache.hadoop.ozone.container.common.transport.server.ratis.ContainerStateMachine.startTransaction(ContainerStateMachine.java:271) ~[hadoop-hdds-container-service-0.5.0-SNAPSHOT.jar:?]
	at org.apache.ratis.server.impl.RaftServerImpl.submitClientRequestAsync(RaftServerImpl.java:566) ~[ratis-server-0.4.0-2337318-SNAPSHOT.jar:0.4.0-2337318-SNAPSHOT]
	at org.apache.ratis.server.impl.RaftServerProxy.lambda$submitClientRequestAsync$7(RaftServerProxy.java:333) ~[ratis-server-0.4.0-2337318-SNAPSHOT.jar:0.4.0-2337318-SNAPSHOT]
	at org.apache.ratis.server.impl.RaftServerProxy.lambda$null$5(RaftServerProxy.java:328) ~[ratis-server-0.4.0-2337318-SNAPSHOT.jar:0.4.0-2337318-SNAPSHOT]
	at org.apache.ratis.util.JavaUtils.callAsUnchecked(JavaUtils.java:109) ~[ratis-common-0.4.0-2337318-SNAPSHOT.jar:0.4.0-2337318-SNAPSHOT]
	at org.apache.ratis.server.impl.RaftServerProxy.lambda$submitRequest$6(RaftServerProxy.java:328) ~[ratis-server-0.4.0-2337318-SNAPSHOT.jar:0.4.0-2337318-SNAPSHOT]
	at java.util.concurrent.CompletableFuture.uniComposeStage(CompletableFuture.java:981) ~[?:1.8.0_212]
	at java.util.concurrent.CompletableFuture.thenCompose(CompletableFuture.java:2124) ~[?:1.8.0_212]
	at org.apache.ratis.server.impl.RaftServerProxy.submitRequest(RaftServerProxy.java:327) ~[ratis-server-0.4.0-2337318-SNAPSHOT.jar:0.4.0-2337318-SNAPSHOT]
	at org.apache.ratis.server.impl.RaftServerProxy.submitClientRequestAsync(RaftServerProxy.java:333) ~[ratis-server-0.4.0-2337318-SNAPSHOT.jar:0.4.0-2337318-SNAPSHOT]
	at org.apache.ratis.grpc.client.GrpcClientProtocolService$RequestStreamObserver.processClientRequest(GrpcClientProtocolService.java:220) ~[ratis-grpc-0.4.0-2337318-SNAPSHOT.jar:0.4.0-2337318-SNAPSHOT]
	at org.apache.ratis.grpc.client.GrpcClientProtocolService$OrderedRequestStreamObserver.processClientRequest(GrpcClientProtocolService.java:326) ~[ratis-grpc-0.4.0-2337318-SNAPSHOT.jar:0.4.0-2337318-SNAPSHOT]
	at org.apache.ratis.util.SlidingWindow$Server.processRequestsFromHead(SlidingWindow.java:429) [ratis-common-0.4.0-2337318-SNAPSHOT.jar:0.4.0-2337318-SNAPSHOT]
	at org.apache.ratis.util.SlidingWindow$Server.receivedRequest(SlidingWindow.java:421) [ratis-common-0.4.0-2337318-SNAPSHOT.jar:0.4.0-2337318-SNAPSHOT]
	at org.apache.ratis.grpc.client.GrpcClientProtocolService$OrderedRequestStreamObserver.processClientRequest(GrpcClientProtocolService.java:345) [ratis-grpc-0.4.0-2337318-SNAPSHOT.jar:0.4.0-2337318-SNAPSHOT]
	at org.apache.ratis.grpc.client.GrpcClientProtocolService$RequestStreamObserver.onNext(GrpcClientProtocolService.java:240) [ratis-grpc-0.4.0-2337318-SNAPSHOT.jar:0.4.0-2337318-SNAPSHOT]
	at org.apache.ratis.grpc.client.GrpcClientProtocolService$RequestStreamObserver.onNext(GrpcClientProtocolService.java:168) [ratis-grpc-0.4.0-2337318-SNAPSHOT.jar:0.4.0-2337318-SNAPSHOT]
	at org.apache.ratis.thirdparty.io.grpc.stub.ServerCalls$StreamingServerCallHandler$StreamingServerCallListener.onMessage(ServerCalls.java:248) [ratis-thirdparty-misc-0.2.0.jar:0.2.0]
	at org.apache.ratis.thirdparty.io.grpc.internal.ServerCallImpl$ServerStreamListenerImpl.messagesAvailable(ServerCallImpl.java:263) [ratis-thirdparty-misc-0.2.0.jar:0.2.0]
	at org.apache.ratis.thirdparty.io.grpc.internal.ServerImpl$JumpToApplicationThreadServerStreamListener$1MessagesAvailable.runInContext(ServerImpl.java:686) [ratis-thirdparty-misc-0.2.0.jar:0.2.0]
	at org.apache.ratis.thirdparty.io.grpc.internal.ContextRunnable.run(ContextRunnable.java:37) [ratis-thirdparty-misc-0.2.0.jar:0.2.0]
	at org.apache.ratis.thirdparty.io.grpc.internal.SerializingExecutor.run(SerializingExecutor.java:123) [ratis-thirdparty-misc-0.2.0.jar:0.2.0]
	at java.util.concurrent.ThreadPoolExecutor.runWorker(ThreadPoolExecutor.java:1149) [?:1.8.0_212]
	at java.util.concurrent.ThreadPoolExecutor$Worker.run(ThreadPoolExecutor.java:624) [?:1.8.0_212]
	at java.lang.Thread.run(Thread.java:748) [?:1.8.0_212]
07:23:09.268 [grpc-default-executor-2] ERROR DNAudit - user=null | ip=null | op=PUT_BLOCK {blockData=[blockId=conID: 1 locID: 102432937257598980 bcsId: 0,size=2097152]} | ret=FAILURE
org.apache.hadoop.hdds.scm.container.common.helpers.ContainerNotOpenException: Container 1 in CLOSED state
	at org.apache.hadoop.ozone.container.common.impl.HddsDispatcher.validateContainerCommand(HddsDispatcher.java:408) ~[hadoop-hdds-container-service-0.5.0-SNAPSHOT.jar:?]
	at org.apache.hadoop.ozone.container.common.transport.server.ratis.ContainerStateMachine.startTransaction(ContainerStateMachine.java:271) ~[hadoop-hdds-container-service-0.5.0-SNAPSHOT.jar:?]
	at org.apache.ratis.server.impl.RaftServerImpl.submitClientRequestAsync(RaftServerImpl.java:566) ~[ratis-server-0.4.0-2337318-SNAPSHOT.jar:0.4.0-2337318-SNAPSHOT]
	at org.apache.ratis.server.impl.RaftServerProxy.lambda$submitClientRequestAsync$7(RaftServerProxy.java:333) ~[ratis-server-0.4.0-2337318-SNAPSHOT.jar:0.4.0-2337318-SNAPSHOT]
	at org.apache.ratis.server.impl.RaftServerProxy.lambda$null$5(RaftServerProxy.java:328) ~[ratis-server-0.4.0-2337318-SNAPSHOT.jar:0.4.0-2337318-SNAPSHOT]
	at org.apache.ratis.util.JavaUtils.callAsUnchecked(JavaUtils.java:109) ~[ratis-common-0.4.0-2337318-SNAPSHOT.jar:0.4.0-2337318-SNAPSHOT]
	at org.apache.ratis.server.impl.RaftServerProxy.lambda$submitRequest$6(RaftServerProxy.java:328) ~[ratis-server-0.4.0-2337318-SNAPSHOT.jar:0.4.0-2337318-SNAPSHOT]
	at java.util.concurrent.CompletableFuture.uniComposeStage(CompletableFuture.java:981) ~[?:1.8.0_212]
	at java.util.concurrent.CompletableFuture.thenCompose(CompletableFuture.java:2124) ~[?:1.8.0_212]
	at org.apache.ratis.server.impl.RaftServerProxy.submitRequest(RaftServerProxy.java:327) ~[ratis-server-0.4.0-2337318-SNAPSHOT.jar:0.4.0-2337318-SNAPSHOT]
	at org.apache.ratis.server.impl.RaftServerProxy.submitClientRequestAsync(RaftServerProxy.java:333) ~[ratis-server-0.4.0-2337318-SNAPSHOT.jar:0.4.0-2337318-SNAPSHOT]
	at org.apache.ratis.grpc.client.GrpcClientProtocolService$RequestStreamObserver.processClientRequest(GrpcClientProtocolService.java:220) ~[ratis-grpc-0.4.0-2337318-SNAPSHOT.jar:0.4.0-2337318-SNAPSHOT]
	at org.apache.ratis.grpc.client.GrpcClientProtocolService$OrderedRequestStreamObserver.processClientRequest(GrpcClientProtocolService.java:326) ~[ratis-grpc-0.4.0-2337318-SNAPSHOT.jar:0.4.0-2337318-SNAPSHOT]
	at org.apache.ratis.util.SlidingWindow$Server.processRequestsFromHead(SlidingWindow.java:429) [ratis-common-0.4.0-2337318-SNAPSHOT.jar:0.4.0-2337318-SNAPSHOT]
	at org.apache.ratis.util.SlidingWindow$Server.receivedRequest(SlidingWindow.java:421) [ratis-common-0.4.0-2337318-SNAPSHOT.jar:0.4.0-2337318-SNAPSHOT]
	at org.apache.ratis.grpc.client.GrpcClientProtocolService$OrderedRequestStreamObserver.processClientRequest(GrpcClientProtocolService.java:345) [ratis-grpc-0.4.0-2337318-SNAPSHOT.jar:0.4.0-2337318-SNAPSHOT]
	at org.apache.ratis.grpc.client.GrpcClientProtocolService$RequestStreamObserver.onNext(GrpcClientProtocolService.java:240) [ratis-grpc-0.4.0-2337318-SNAPSHOT.jar:0.4.0-2337318-SNAPSHOT]
	at org.apache.ratis.grpc.client.GrpcClientProtocolService$RequestStreamObserver.onNext(GrpcClientProtocolService.java:168) [ratis-grpc-0.4.0-2337318-SNAPSHOT.jar:0.4.0-2337318-SNAPSHOT]
	at org.apache.ratis.thirdparty.io.grpc.stub.ServerCalls$StreamingServerCallHandler$StreamingServerCallListener.onMessage(ServerCalls.java:248) [ratis-thirdparty-misc-0.2.0.jar:0.2.0]
	at org.apache.ratis.thirdparty.io.grpc.internal.ServerCallImpl$ServerStreamListenerImpl.messagesAvailable(ServerCallImpl.java:263) [ratis-thirdparty-misc-0.2.0.jar:0.2.0]
	at org.apache.ratis.thirdparty.io.grpc.internal.ServerImpl$JumpToApplicationThreadServerStreamListener$1MessagesAvailable.runInContext(ServerImpl.java:686) [ratis-thirdparty-misc-0.2.0.jar:0.2.0]
	at org.apache.ratis.thirdparty.io.grpc.internal.ContextRunnable.run(ContextRunnable.java:37) [ratis-thirdparty-misc-0.2.0.jar:0.2.0]
	at org.apache.ratis.thirdparty.io.grpc.internal.SerializingExecutor.run(SerializingExecutor.java:123) [ratis-thirdparty-misc-0.2.0.jar:0.2.0]
	at java.util.concurrent.ThreadPoolExecutor.runWorker(ThreadPoolExecutor.java:1149) [?:1.8.0_212]
	at java.util.concurrent.ThreadPoolExecutor$Worker.run(ThreadPoolExecutor.java:624) [?:1.8.0_212]
	at java.lang.Thread.run(Thread.java:748) [?:1.8.0_212]
2019-07-13 07:23:09,279 INFO  client.GrpcClientProtocolClient (GrpcClientProtocolClient.java:onNext(255)) - client-59316C4A0F1B->39edbc2c-2dac-420c-b4ca-f318d5f2f9bf: receive RaftClientReply:client-59316C4A0F1B->39edbc2c-2dac-420c-b4ca-f318d5f2f9bf@group-17200D235925, cid=36, FAILED org.apache.ratis.protocol.StateMachineException: org.apache.hadoop.hdds.scm.container.common.helpers.ContainerNotOpenException from Server 39edbc2c-2dac-420c-b4ca-f318d5f2f9bf: Container 1 in CLOSED state, logIndex=0, commits[39edbc2c-2dac-420c-b4ca-f318d5f2f9bf:c6, 9c343af4-c05a-43b8-aa7c-e8ca3b13aa3c:c5, 5ad86f75-e507-485a-9899-0310f98c9cb1:c5]
2019-07-13 07:23:09,281 INFO  client.GrpcClientProtocolClient (GrpcClientProtocolClient.java:onNext(255)) - client-59316C4A0F1B->39edbc2c-2dac-420c-b4ca-f318d5f2f9bf: receive RaftClientReply:client-59316C4A0F1B->39edbc2c-2dac-420c-b4ca-f318d5f2f9bf@group-17200D235925, cid=37, FAILED org.apache.ratis.protocol.StateMachineException: org.apache.hadoop.hdds.scm.container.common.helpers.ContainerNotOpenException from Server 39edbc2c-2dac-420c-b4ca-f318d5f2f9bf: Container 1 in CLOSED state, logIndex=0, commits[39edbc2c-2dac-420c-b4ca-f318d5f2f9bf:c6, 9c343af4-c05a-43b8-aa7c-e8ca3b13aa3c:c5, 5ad86f75-e507-485a-9899-0310f98c9cb1:c5]
2019-07-13 07:23:09,327 INFO  client.GrpcClientProtocolClient (GrpcClientProtocolClient.java:onNext(255)) - client-C320F0FE4FB4->a97d2114-7749-4499-b4d7-d95d9746d721: receive RaftClientReply:client-C320F0FE4FB4->a97d2114-7749-4499-b4d7-d95d9746d721@group-AD218519AB09, cid=38, FAILED org.apache.ratis.protocol.NotLeaderException: Server a97d2114-7749-4499-b4d7-d95d9746d721 is not the leader (null). Request must be sent to leader., logIndex=0, commits[a97d2114-7749-4499-b4d7-d95d9746d721:c-1]
2019-07-13 07:23:10,361 INFO  client.GrpcClientProtocolClient (GrpcClientProtocolClient.java:onNext(255)) - client-C320F0FE4FB4->17b79d47-ca1d-452c-a8b3-9c1bdecaed3c: receive RaftClientReply:client-C320F0FE4FB4->17b79d47-ca1d-452c-a8b3-9c1bdecaed3c@group-AD218519AB09, cid=38, FAILED org.apache.ratis.protocol.NotLeaderException: Server 17b79d47-ca1d-452c-a8b3-9c1bdecaed3c is not the leader (null). Request must be sent to leader., logIndex=0, commits[17b79d47-ca1d-452c-a8b3-9c1bdecaed3c:c-1]
2019-07-13 07:23:11,387 INFO  client.GrpcClientProtocolClient (GrpcClientProtocolClient.java:onNext(255)) - client-C320F0FE4FB4->a97d2114-7749-4499-b4d7-d95d9746d721: receive RaftClientReply:client-C320F0FE4FB4->a97d2114-7749-4499-b4d7-d95d9746d721@group-AD218519AB09, cid=38, FAILED org.apache.ratis.protocol.NotLeaderException: Server a97d2114-7749-4499-b4d7-d95d9746d721 is not the leader (null). Request must be sent to leader., logIndex=0, commits[a97d2114-7749-4499-b4d7-d95d9746d721:c-1]
2019-07-13 07:23:12,050 INFO  impl.FollowerState (FollowerState.java:run(106)) - 17b79d47-ca1d-452c-a8b3-9c1bdecaed3c:group-AD218519AB09 changes to CANDIDATE, lastRpcTime:5181, electionTimeout:5179ms
2019-07-13 07:23:12,050 INFO  impl.RoleInfo (RoleInfo.java:shutdownFollowerState(121)) - 17b79d47-ca1d-452c-a8b3-9c1bdecaed3c: shutdown FollowerState
2019-07-13 07:23:12,050 INFO  impl.RaftServerImpl (RaftServerImpl.java:setRole(171)) - 17b79d47-ca1d-452c-a8b3-9c1bdecaed3c:group-AD218519AB09 changes role from FOLLOWER to CANDIDATE at term 1 for changeToCandidate
2019-07-13 07:23:12,050 INFO  impl.RoleInfo (RoleInfo.java:updateAndGet(143)) - 17b79d47-ca1d-452c-a8b3-9c1bdecaed3c: start LeaderElection
2019-07-13 07:23:12,059 INFO  impl.FollowerState (FollowerState.java:run(106)) - b1ff5848-6003-4ee8-9f43-30d2cda1f1d8:group-AD218519AB09 changes to CANDIDATE, lastRpcTime:5155, electionTimeout:5153ms
2019-07-13 07:23:12,059 INFO  impl.RoleInfo (RoleInfo.java:shutdownFollowerState(121)) - b1ff5848-6003-4ee8-9f43-30d2cda1f1d8: shutdown FollowerState
2019-07-13 07:23:12,059 INFO  impl.RaftServerImpl (RaftServerImpl.java:setRole(171)) - b1ff5848-6003-4ee8-9f43-30d2cda1f1d8:group-AD218519AB09 changes role from FOLLOWER to CANDIDATE at term 1 for changeToCandidate
2019-07-13 07:23:12,060 INFO  impl.RoleInfo (RoleInfo.java:updateAndGet(143)) - b1ff5848-6003-4ee8-9f43-30d2cda1f1d8: start LeaderElection
2019-07-13 07:23:12,062 INFO  impl.FollowerState (FollowerState.java:run(106)) - a97d2114-7749-4499-b4d7-d95d9746d721:group-AD218519AB09 changes to CANDIDATE, lastRpcTime:5163, electionTimeout:5157ms
2019-07-13 07:23:12,062 INFO  impl.RoleInfo (RoleInfo.java:shutdownFollowerState(121)) - a97d2114-7749-4499-b4d7-d95d9746d721: shutdown FollowerState
2019-07-13 07:23:12,062 INFO  impl.RaftServerImpl (RaftServerImpl.java:setRole(171)) - a97d2114-7749-4499-b4d7-d95d9746d721:group-AD218519AB09 changes role from FOLLOWER to CANDIDATE at term 1 for changeToCandidate
2019-07-13 07:23:12,063 INFO  impl.RoleInfo (RoleInfo.java:updateAndGet(143)) - a97d2114-7749-4499-b4d7-d95d9746d721: start LeaderElection
2019-07-13 07:23:12,071 INFO  impl.LeaderElection (LeaderElection.java:askForVotes(181)) - b1ff5848-6003-4ee8-9f43-30d2cda1f1d8:group-AD218519AB09:LeaderElection24: begin an election at term 2 for -1: [b1ff5848-6003-4ee8-9f43-30d2cda1f1d8:192.168.69.84:39675, 17b79d47-ca1d-452c-a8b3-9c1bdecaed3c:192.168.69.84:42090, a97d2114-7749-4499-b4d7-d95d9746d721:192.168.69.84:37016], old=null
2019-07-13 07:23:12,071 INFO  impl.LeaderElection (LeaderElection.java:askForVotes(181)) - a97d2114-7749-4499-b4d7-d95d9746d721:group-AD218519AB09:LeaderElection25: begin an election at term 2 for -1: [b1ff5848-6003-4ee8-9f43-30d2cda1f1d8:192.168.69.84:39675, 17b79d47-ca1d-452c-a8b3-9c1bdecaed3c:192.168.69.84:42090, a97d2114-7749-4499-b4d7-d95d9746d721:192.168.69.84:37016], old=null
2019-07-13 07:23:12,071 INFO  impl.LeaderElection (LeaderElection.java:askForVotes(181)) - 17b79d47-ca1d-452c-a8b3-9c1bdecaed3c:group-AD218519AB09:LeaderElection23: begin an election at term 2 for -1: [b1ff5848-6003-4ee8-9f43-30d2cda1f1d8:192.168.69.84:39675, 17b79d47-ca1d-452c-a8b3-9c1bdecaed3c:192.168.69.84:42090, a97d2114-7749-4499-b4d7-d95d9746d721:192.168.69.84:37016], old=null
2019-07-13 07:23:12,091 INFO  impl.LeaderElection (LeaderElection.java:logAndReturn(56)) - b1ff5848-6003-4ee8-9f43-30d2cda1f1d8:group-AD218519AB09:LeaderElection24: Election REJECTED; received 2 response(s) [b1ff5848-6003-4ee8-9f43-30d2cda1f1d8<-17b79d47-ca1d-452c-a8b3-9c1bdecaed3c#0:FAIL-t2, b1ff5848-6003-4ee8-9f43-30d2cda1f1d8<-a97d2114-7749-4499-b4d7-d95d9746d721#0:FAIL-t2] and 0 exception(s); b1ff5848-6003-4ee8-9f43-30d2cda1f1d8:t2, leader=null, voted=b1ff5848-6003-4ee8-9f43-30d2cda1f1d8, raftlog=b1ff5848-6003-4ee8-9f43-30d2cda1f1d8-SegmentedRaftLog:OPENED:c-1,f-1,i0, conf=-1: [b1ff5848-6003-4ee8-9f43-30d2cda1f1d8:192.168.69.84:39675, 17b79d47-ca1d-452c-a8b3-9c1bdecaed3c:192.168.69.84:42090, a97d2114-7749-4499-b4d7-d95d9746d721:192.168.69.84:37016], old=null
2019-07-13 07:23:12,092 INFO  impl.RaftServerImpl (RaftServerImpl.java:setRole(171)) - b1ff5848-6003-4ee8-9f43-30d2cda1f1d8:group-AD218519AB09 changes role from CANDIDATE to FOLLOWER at term 2 for DISCOVERED_A_NEW_TERM
2019-07-13 07:23:12,101 INFO  impl.RoleInfo (RoleInfo.java:shutdownLeaderElection(134)) - b1ff5848-6003-4ee8-9f43-30d2cda1f1d8: shutdown LeaderElection
2019-07-13 07:23:12,101 INFO  impl.RoleInfo (RoleInfo.java:updateAndGet(143)) - b1ff5848-6003-4ee8-9f43-30d2cda1f1d8: start FollowerState
2019-07-13 07:23:12,101 INFO  impl.LeaderElection (LeaderElection.java:logAndReturn(56)) - a97d2114-7749-4499-b4d7-d95d9746d721:group-AD218519AB09:LeaderElection25: Election REJECTED; received 2 response(s) [a97d2114-7749-4499-b4d7-d95d9746d721<-b1ff5848-6003-4ee8-9f43-30d2cda1f1d8#0:FAIL-t2, a97d2114-7749-4499-b4d7-d95d9746d721<-17b79d47-ca1d-452c-a8b3-9c1bdecaed3c#0:FAIL-t2] and 0 exception(s); a97d2114-7749-4499-b4d7-d95d9746d721:t2, leader=null, voted=a97d2114-7749-4499-b4d7-d95d9746d721, raftlog=a97d2114-7749-4499-b4d7-d95d9746d721-SegmentedRaftLog:OPENED:c-1,f-1,i0, conf=-1: [b1ff5848-6003-4ee8-9f43-30d2cda1f1d8:192.168.69.84:39675, 17b79d47-ca1d-452c-a8b3-9c1bdecaed3c:192.168.69.84:42090, a97d2114-7749-4499-b4d7-d95d9746d721:192.168.69.84:37016], old=null
2019-07-13 07:23:12,101 INFO  impl.LeaderElection (LeaderElection.java:logAndReturn(56)) - 17b79d47-ca1d-452c-a8b3-9c1bdecaed3c:group-AD218519AB09:LeaderElection23: Election REJECTED; received 2 response(s) [17b79d47-ca1d-452c-a8b3-9c1bdecaed3c<-b1ff5848-6003-4ee8-9f43-30d2cda1f1d8#0:FAIL-t2, 17b79d47-ca1d-452c-a8b3-9c1bdecaed3c<-a97d2114-7749-4499-b4d7-d95d9746d721#0:FAIL-t2] and 0 exception(s); 17b79d47-ca1d-452c-a8b3-9c1bdecaed3c:t2, leader=null, voted=17b79d47-ca1d-452c-a8b3-9c1bdecaed3c, raftlog=17b79d47-ca1d-452c-a8b3-9c1bdecaed3c-SegmentedRaftLog:OPENED:c-1,f-1,i0, conf=-1: [b1ff5848-6003-4ee8-9f43-30d2cda1f1d8:192.168.69.84:39675, 17b79d47-ca1d-452c-a8b3-9c1bdecaed3c:192.168.69.84:42090, a97d2114-7749-4499-b4d7-d95d9746d721:192.168.69.84:37016], old=null
2019-07-13 07:23:12,101 INFO  impl.RaftServerImpl (RaftServerImpl.java:setRole(171)) - a97d2114-7749-4499-b4d7-d95d9746d721:group-AD218519AB09 changes role from CANDIDATE to FOLLOWER at term 2 for DISCOVERED_A_NEW_TERM
2019-07-13 07:23:12,102 INFO  impl.RaftServerImpl (RaftServerImpl.java:setRole(171)) - 17b79d47-ca1d-452c-a8b3-9c1bdecaed3c:group-AD218519AB09 changes role from CANDIDATE to FOLLOWER at term 2 for DISCOVERED_A_NEW_TERM
2019-07-13 07:23:12,102 INFO  impl.RoleInfo (RoleInfo.java:shutdownLeaderElection(134)) - a97d2114-7749-4499-b4d7-d95d9746d721: shutdown LeaderElection
2019-07-13 07:23:12,102 INFO  impl.RoleInfo (RoleInfo.java:shutdownLeaderElection(134)) - 17b79d47-ca1d-452c-a8b3-9c1bdecaed3c: shutdown LeaderElection
2019-07-13 07:23:12,102 INFO  impl.RoleInfo (RoleInfo.java:updateAndGet(143)) - a97d2114-7749-4499-b4d7-d95d9746d721: start FollowerState
2019-07-13 07:23:12,102 INFO  impl.RoleInfo (RoleInfo.java:updateAndGet(143)) - 17b79d47-ca1d-452c-a8b3-9c1bdecaed3c: start FollowerState
2019-07-13 07:23:12,412 INFO  client.GrpcClientProtocolClient (GrpcClientProtocolClient.java:onNext(255)) - client-C320F0FE4FB4->17b79d47-ca1d-452c-a8b3-9c1bdecaed3c: receive RaftClientReply:client-C320F0FE4FB4->17b79d47-ca1d-452c-a8b3-9c1bdecaed3c@group-AD218519AB09, cid=38, FAILED org.apache.ratis.protocol.NotLeaderException: Server 17b79d47-ca1d-452c-a8b3-9c1bdecaed3c is not the leader (null). Request must be sent to leader., logIndex=0, commits[17b79d47-ca1d-452c-a8b3-9c1bdecaed3c:c-1]
2019-07-13 07:23:13,439 INFO  client.GrpcClientProtocolClient (GrpcClientProtocolClient.java:onNext(255)) - client-C320F0FE4FB4->a97d2114-7749-4499-b4d7-d95d9746d721: receive RaftClientReply:client-C320F0FE4FB4->a97d2114-7749-4499-b4d7-d95d9746d721@group-AD218519AB09, cid=38, FAILED org.apache.ratis.protocol.NotLeaderException: Server a97d2114-7749-4499-b4d7-d95d9746d721 is not the leader (null). Request must be sent to leader., logIndex=0, commits[a97d2114-7749-4499-b4d7-d95d9746d721:c-1]
2019-07-13 07:23:13,451 WARN  io.KeyOutputStream (KeyOutputStream.java:handleException(276)) - Encountered exception java.io.IOException: Unexpected Storage Container Exception: java.util.concurrent.CompletionException: java.util.concurrent.CompletionException: org.apache.ratis.protocol.RaftRetryFailureException: Failed RaftClientRequest:client-C320F0FE4FB4->a97d2114-7749-4499-b4d7-d95d9746d721@group-AD218519AB09, cid=38, seq=1*, RW, org.apache.hadoop.hdds.scm.XceiverClientRatis$$Lambda$309/1480893137@27218397 for 5 attempts with RetryLimited(maxAttempts=5, sleepTime=1000ms) on the pipeline Pipeline[ Id: 4ce049ef-1313-48fd-b0d5-ad218519ab09, Nodes: a97d2114-7749-4499-b4d7-d95d9746d721{ip: 192.168.69.84, host: trunk-nightly-9lh4p-2362225927, networkLocation: /default-rack, certSerialId: null}b1ff5848-6003-4ee8-9f43-30d2cda1f1d8{ip: 192.168.69.84, host: trunk-nightly-9lh4p-2362225927, networkLocation: /default-rack, certSerialId: null}17b79d47-ca1d-452c-a8b3-9c1bdecaed3c{ip: 192.168.69.84, host: trunk-nightly-9lh4p-2362225927, networkLocation: /default-rack, certSerialId: null}, Type:RATIS, Factor:THREE, State:OPEN]. The last committed block length is 0, uncommitted data length is 1048576 retry count 0
2019-07-13 07:23:13,495 INFO  client.GrpcClientProtocolClient (GrpcClientProtocolClient.java:onNext(255)) - client-8404F0288F60->5ad86f75-e507-485a-9899-0310f98c9cb1: receive RaftClientReply:client-8404F0288F60->5ad86f75-e507-485a-9899-0310f98c9cb1@group-17200D235925, cid=40, FAILED org.apache.ratis.protocol.NotLeaderException: Server 5ad86f75-e507-485a-9899-0310f98c9cb1 is not the leader (39edbc2c-2dac-420c-b4ca-f318d5f2f9bf:192.168.69.84:40449). Request must be sent to leader., logIndex=0, commits[5ad86f75-e507-485a-9899-0310f98c9cb1:c6, 9c343af4-c05a-43b8-aa7c-e8ca3b13aa3c:c5, 39edbc2c-2dac-420c-b4ca-f318d5f2f9bf:c6]
2019-07-13 07:23:13,630 INFO  client.GrpcClientProtocolClient (GrpcClientProtocolClient.java:onNext(255)) - client-8404F0288F60->39edbc2c-2dac-420c-b4ca-f318d5f2f9bf: receive RaftClientReply:client-8404F0288F60->39edbc2c-2dac-420c-b4ca-f318d5f2f9bf@group-17200D235925, cid=40, SUCCESS, logIndex=7, commits[39edbc2c-2dac-420c-b4ca-f318d5f2f9bf:c7, 9c343af4-c05a-43b8-aa7c-e8ca3b13aa3c:c6, 5ad86f75-e507-485a-9899-0310f98c9cb1:c6]
2019-07-13 07:23:13,710 INFO  client.GrpcClientProtocolClient (GrpcClientProtocolClient.java:onNext(255)) - client-8404F0288F60->39edbc2c-2dac-420c-b4ca-f318d5f2f9bf: receive RaftClientReply:client-8404F0288F60->39edbc2c-2dac-420c-b4ca-f318d5f2f9bf@group-17200D235925, cid=41, SUCCESS, logIndex=9, commits[39edbc2c-2dac-420c-b4ca-f318d5f2f9bf:c10, 9c343af4-c05a-43b8-aa7c-e8ca3b13aa3c:c9, 5ad86f75-e507-485a-9899-0310f98c9cb1:c9]
]]></system-out>
    <system-err><![CDATA[Jul 13, 2019 7:22:56 AM com.sun.jersey.server.impl.application.WebApplicationImpl _initiate
INFO: Initiating Jersey application, version 'Jersey: 1.19 02/11/2015 03:25 AM'
Jul 13, 2019 7:22:56 AM com.sun.jersey.server.impl.application.WebApplicationImpl _initiate
INFO: Initiating Jersey application, version 'Jersey: 1.19 02/11/2015 03:25 AM'
Jul 13, 2019 7:22:56 AM com.sun.jersey.server.impl.application.WebApplicationImpl _initiate
INFO: Initiating Jersey application, version 'Jersey: 1.19 02/11/2015 03:25 AM'
Jul 13, 2019 7:22:57 AM com.sun.jersey.server.impl.application.WebApplicationImpl _initiate
INFO: Initiating Jersey application, version 'Jersey: 1.19 02/11/2015 03:25 AM'
Jul 13, 2019 7:22:57 AM com.sun.jersey.server.impl.application.WebApplicationImpl _initiate
INFO: Initiating Jersey application, version 'Jersey: 1.19 02/11/2015 03:25 AM'
Jul 13, 2019 7:22:57 AM com.sun.jersey.server.impl.application.WebApplicationImpl _initiate
INFO: Initiating Jersey application, version 'Jersey: 1.19 02/11/2015 03:25 AM'
]]></system-err>
  </testcase>
  <testcase name="testWriteSmallFile" classname="org.apache.hadoop.ozone.client.rpc.TestFailureHandlingByClient" time="35.603"/>
  <testcase name="testMultiBlockWritesWithIntermittentDnFailures" classname="org.apache.hadoop.ozone.client.rpc.TestFailureHandlingByClient" time="23.089">
    <error type="java.lang.UnsupportedOperationException">java.lang.UnsupportedOperationException
	at java.util.AbstractList.add(AbstractList.java:148)
	at java.util.AbstractList.add(AbstractList.java:108)
	at java.util.AbstractCollection.addAll(AbstractCollection.java:344)
	at org.apache.hadoop.hdds.scm.storage.BlockOutputStream.watchForCommit(BlockOutputStream.java:363)
	at org.apache.hadoop.hdds.scm.storage.BlockOutputStream.handleFullBuffer(BlockOutputStream.java:332)
	at org.apache.hadoop.hdds.scm.storage.BlockOutputStream.write(BlockOutputStream.java:259)
	at org.apache.hadoop.ozone.client.io.BlockOutputStreamEntry.write(BlockOutputStreamEntry.java:129)
	at org.apache.hadoop.ozone.client.io.KeyOutputStream.handleWrite(KeyOutputStream.java:211)
	at org.apache.hadoop.ozone.client.io.KeyOutputStream.write(KeyOutputStream.java:193)
	at org.apache.hadoop.ozone.client.io.OzoneOutputStream.write(OzoneOutputStream.java:49)
	at java.io.OutputStream.write(OutputStream.java:75)
	at org.apache.hadoop.ozone.client.rpc.TestFailureHandlingByClient.testMultiBlockWritesWithIntermittentDnFailures(TestFailureHandlingByClient.java:237)
	at sun.reflect.NativeMethodAccessorImpl.invoke0(Native Method)
	at sun.reflect.NativeMethodAccessorImpl.invoke(NativeMethodAccessorImpl.java:62)
	at sun.reflect.DelegatingMethodAccessorImpl.invoke(DelegatingMethodAccessorImpl.java:43)
	at java.lang.reflect.Method.invoke(Method.java:498)
	at org.junit.runners.model.FrameworkMethod$1.runReflectiveCall(FrameworkMethod.java:47)
	at org.junit.internal.runners.model.ReflectiveCallable.run(ReflectiveCallable.java:12)
	at org.junit.runners.model.FrameworkMethod.invokeExplosively(FrameworkMethod.java:44)
	at org.junit.internal.runners.statements.InvokeMethod.evaluate(InvokeMethod.java:17)
	at org.junit.runners.ParentRunner.runLeaf(ParentRunner.java:271)
	at org.junit.runners.BlockJUnit4ClassRunner.runChild(BlockJUnit4ClassRunner.java:70)
	at org.junit.runners.BlockJUnit4ClassRunner.runChild(BlockJUnit4ClassRunner.java:50)
	at org.junit.runners.ParentRunner$3.run(ParentRunner.java:238)
	at org.junit.runners.ParentRunner$1.schedule(ParentRunner.java:63)
	at org.junit.runners.ParentRunner.runChildren(ParentRunner.java:236)
	at org.junit.runners.ParentRunner.access$000(ParentRunner.java:53)
	at org.junit.runners.ParentRunner$2.evaluate(ParentRunner.java:229)
	at org.junit.runners.ParentRunner.run(ParentRunner.java:309)
	at org.apache.maven.surefire.junit4.JUnit4Provider.execute(JUnit4Provider.java:365)
	at org.apache.maven.surefire.junit4.JUnit4Provider.executeWithRerun(JUnit4Provider.java:273)
	at org.apache.maven.surefire.junit4.JUnit4Provider.executeTestSet(JUnit4Provider.java:238)
	at org.apache.maven.surefire.junit4.JUnit4Provider.invoke(JUnit4Provider.java:159)
	at org.apache.maven.surefire.booter.ForkedBooter.invokeProviderInSameClassLoader(ForkedBooter.java:384)
	at org.apache.maven.surefire.booter.ForkedBooter.runSuitesInProcess(ForkedBooter.java:345)
	at org.apache.maven.surefire.booter.ForkedBooter.execute(ForkedBooter.java:126)
	at org.apache.maven.surefire.booter.ForkedBooter.main(ForkedBooter.java:418)
</error>
    <system-out><![CDATA[2019-07-13 07:23:49,340 WARN  server.ServerUtils (ServerUtils.java:getScmDbDir(145)) - ozone.scm.db.dirs is not configured. We recommend adding this setting. Falling back to ozone.metadata.dirs instead.
2019-07-13 07:23:49,369 WARN  server.ServerUtils (ServerUtils.java:getScmDbDir(145)) - ozone.scm.db.dirs is not configured. We recommend adding this setting. Falling back to ozone.metadata.dirs instead.
2019-07-13 07:23:49,369 WARN  server.ServerUtils (ServerUtils.java:getScmDbDir(145)) - ozone.scm.db.dirs is not configured. We recommend adding this setting. Falling back to ozone.metadata.dirs instead.
2019-07-13 07:23:49,369 INFO  db.DBStoreBuilder (DBStoreBuilder.java:addTable(110)) - using custom profile for table: deletedBlocks
2019-07-13 07:23:49,370 INFO  db.DBStoreBuilder (DBStoreBuilder.java:processTables(161)) - Using default column profile:DBProfile.DISK for Table:deletedBlocks
2019-07-13 07:23:49,370 INFO  db.DBStoreBuilder (DBStoreBuilder.java:addTable(110)) - using custom profile for table: validCerts
2019-07-13 07:23:49,370 INFO  db.DBStoreBuilder (DBStoreBuilder.java:processTables(161)) - Using default column profile:DBProfile.DISK for Table:validCerts
2019-07-13 07:23:49,370 INFO  db.DBStoreBuilder (DBStoreBuilder.java:addTable(110)) - using custom profile for table: revokedCerts
2019-07-13 07:23:49,370 INFO  db.DBStoreBuilder (DBStoreBuilder.java:processTables(161)) - Using default column profile:DBProfile.DISK for Table:revokedCerts
2019-07-13 07:23:49,371 INFO  db.DBStoreBuilder (DBStoreBuilder.java:addTable(110)) - using custom profile for table: default
2019-07-13 07:23:49,371 INFO  db.DBStoreBuilder (DBStoreBuilder.java:processTables(167)) - Using default column profile:DBProfile.DISK for Table:default
2019-07-13 07:23:49,371 INFO  db.DBStoreBuilder (DBStoreBuilder.java:getDbProfile(198)) - Using default options. DBProfile.DISK
2019-07-13 07:23:49,526 INFO  net.NodeSchemaLoader (NodeSchemaLoader.java:loadSchemaFromFile(125)) - Loading file from sun.misc.CompoundEnumeration@5eba9e41
2019-07-13 07:23:49,527 INFO  net.NodeSchemaLoader (NodeSchemaLoader.java:loadSchema(171)) - Loading network topology layer schema file
2019-07-13 07:23:49,531 INFO  node.SCMNodeManager (SCMNodeManager.java:<init>(119)) - Entering startup safe mode.
2019-07-13 07:23:49,532 WARN  server.ServerUtils (ServerUtils.java:getScmDbDir(145)) - ozone.scm.db.dirs is not configured. We recommend adding this setting. Falling back to ozone.metadata.dirs instead.
2019-07-13 07:23:49,583 INFO  pipeline.SCMPipelineManager (SCMPipelineManager.java:initializePipelineState(126)) - No pipeline exists in current db
2019-07-13 07:23:49,583 WARN  server.ServerUtils (ServerUtils.java:getScmDbDir(145)) - ozone.scm.db.dirs is not configured. We recommend adding this setting. Falling back to ozone.metadata.dirs instead.
2019-07-13 07:23:49,651 WARN  events.EventQueue (EventQueue.java:fireEvent(175)) - No event handler registered for event TypedEvent{payloadType=SafeModeStatus, name='SafeModeStatus'}
2019-07-13 07:23:49,652 INFO  ipc.CallQueueManager (CallQueueManager.java:<init>(84)) - Using callQueue: class java.util.concurrent.LinkedBlockingQueue, queueCapacity: 2000, scheduler: class org.apache.hadoop.ipc.DefaultRpcScheduler, ipcBackoff: false.
2019-07-13 07:23:49,653 INFO  ipc.Server (Server.java:run(1074)) - Starting Socket Reader #1 for port 42437
2019-07-13 07:23:49,658 INFO  ipc.CallQueueManager (CallQueueManager.java:<init>(84)) - Using callQueue: class java.util.concurrent.LinkedBlockingQueue, queueCapacity: 2000, scheduler: class org.apache.hadoop.ipc.DefaultRpcScheduler, ipcBackoff: false.
2019-07-13 07:23:49,659 INFO  ipc.Server (Server.java:run(1074)) - Starting Socket Reader #1 for port 43167
2019-07-13 07:23:49,663 INFO  ipc.CallQueueManager (CallQueueManager.java:<init>(84)) - Using callQueue: class java.util.concurrent.LinkedBlockingQueue, queueCapacity: 2000, scheduler: class org.apache.hadoop.ipc.DefaultRpcScheduler, ipcBackoff: false.
2019-07-13 07:23:49,663 INFO  ipc.Server (Server.java:run(1074)) - Starting Socket Reader #1 for port 34285
2019-07-13 07:23:49,669 INFO  hdfs.DFSUtil (DFSUtil.java:httpServerTemplateForNNAndJN(1641)) - Starting Web-server for scm at: http://0.0.0.0:0
2019-07-13 07:23:49,671 INFO  server.AuthenticationFilter (AuthenticationFilter.java:constructSecretProvider(240)) - Unable to initialize FileSignerSecretProvider, falling back to use random secrets.
2019-07-13 07:23:49,672 WARN  http.HttpRequestLog (HttpRequestLog.java:getRequestLog(97)) - Jetty request log can only be enabled using Log4j
2019-07-13 07:23:49,674 INFO  http.HttpServer2 (HttpServer2.java:addGlobalFilter(975)) - Added global filter 'safety' (class=org.apache.hadoop.http.HttpServer2$QuotingInputFilter)
2019-07-13 07:23:49,674 INFO  http.HttpServer2 (HttpServer2.java:addFilter(948)) - Added filter static_user_filter (class=org.apache.hadoop.http.lib.StaticUserWebFilter$StaticUserFilter) to context scm
2019-07-13 07:23:49,675 INFO  http.HttpServer2 (HttpServer2.java:addFilter(958)) - Added filter static_user_filter (class=org.apache.hadoop.http.lib.StaticUserWebFilter$StaticUserFilter) to context logs
2019-07-13 07:23:49,675 INFO  http.HttpServer2 (HttpServer2.java:addFilter(958)) - Added filter static_user_filter (class=org.apache.hadoop.http.lib.StaticUserWebFilter$StaticUserFilter) to context static
2019-07-13 07:23:49,677 INFO  server.StorageContainerManager (StorageContainerManager.java:start(759)) - StorageContainerLocationProtocol RPC server is listening at /0.0.0.0:34285
2019-07-13 07:23:49,679 WARN  impl.MetricsConfig (MetricsConfig.java:loadFirst(134)) - Cannot locate configuration: tried hadoop-metrics2-storagecontainermanager.properties,hadoop-metrics2.properties
2019-07-13 07:23:49,681 INFO  impl.MetricsSystemImpl (MetricsSystemImpl.java:startTimer(374)) - Scheduled Metric snapshot period at 10 second(s).
2019-07-13 07:23:49,681 INFO  impl.MetricsSystemImpl (MetricsSystemImpl.java:start(191)) - StorageContainerManager metrics system started
2019-07-13 07:23:49,787 INFO  server.SCMClientProtocolServer (SCMClientProtocolServer.java:start(149)) - RPC server for Client  is listening at /0.0.0.0:34285
2019-07-13 07:23:49,788 INFO  ipc.Server (Server.java:run(1314)) - IPC Server Responder: starting
2019-07-13 07:23:49,788 INFO  ipc.Server (Server.java:run(1153)) - IPC Server listener on 34285: starting
2019-07-13 07:23:49,796 INFO  server.StorageContainerManager (StorageContainerManager.java:start(768)) - ScmBlockLocationProtocol RPC server is listening at /0.0.0.0:43167
2019-07-13 07:23:49,796 INFO  server.SCMBlockProtocolServer (SCMBlockProtocolServer.java:start(140)) - RPC server for Block Protocol is listening at /0.0.0.0:43167
2019-07-13 07:23:49,797 INFO  ipc.Server (Server.java:run(1314)) - IPC Server Responder: starting
2019-07-13 07:23:49,797 INFO  ipc.Server (Server.java:run(1153)) - IPC Server listener on 43167: starting
2019-07-13 07:23:49,804 INFO  server.StorageContainerManager (StorageContainerManager.java:start(772)) - ScmDatanodeProtocl RPC server is listening at /0.0.0.0:42437
2019-07-13 07:23:49,804 INFO  server.SCMDatanodeProtocolServer (SCMDatanodeProtocolServer.java:start(191)) - RPC server for DataNodes is listening at /0.0.0.0:42437
2019-07-13 07:23:49,805 INFO  ipc.Server (Server.java:run(1314)) - IPC Server Responder: starting
2019-07-13 07:23:49,805 INFO  ipc.Server (Server.java:run(1153)) - IPC Server listener on 42437: starting
2019-07-13 07:23:49,812 INFO  http.HttpServer2 (HttpServer2.java:bindListener(1191)) - Jetty bound to port 43066
2019-07-13 07:23:49,812 INFO  server.Server (Server.java:doStart(351)) - jetty-9.3.24.v20180605, build timestamp: 2018-06-05T17:11:56Z, git hash: 84205aa28f11a4f31f2a3b86d1bba2cc8ab69827
2019-07-13 07:23:49,814 INFO  handler.ContextHandler (ContextHandler.java:doStart(781)) - Started o.e.j.s.ServletContextHandler@6fe9c048{/logs,file:///tmp/workdir/hadoop-ozone/integration-test/target/log,AVAILABLE}
2019-07-13 07:23:49,815 INFO  handler.ContextHandler (ContextHandler.java:doStart(781)) - Started o.e.j.s.ServletContextHandler@1ddba7a0{/static,file:///tmp/workdir/hadoop-ozone/integration-test/target/test-classes/webapps/static,AVAILABLE}
2019-07-13 07:23:49,820 INFO  handler.ContextHandler (ContextHandler.java:doStart(781)) - Started o.e.j.w.WebAppContext@52bc6fcf{/,file:///tmp/workdir/hadoop-ozone/integration-test/target/test-classes/webapps/scm/,AVAILABLE}{/scm}
2019-07-13 07:23:49,820 INFO  server.AbstractConnector (AbstractConnector.java:doStart(278)) - Started ServerConnector@1942a36e{HTTP/1.1,[http/1.1]}{0.0.0.0:43066}
2019-07-13 07:23:49,822 INFO  server.Server (Server.java:doStart(419)) - Started @92860ms
2019-07-13 07:23:49,823 INFO  server.BaseHttpServer (BaseHttpServer.java:updateConnectorAddress(207)) - HTTP server of SCM is listening at http://0.0.0.0:43066
2019-07-13 07:23:49,826 WARN  server.ServerUtils (ServerUtils.java:getDBPath(222)) - ozone.om.db.dirs is not configured. We recommend adding this setting. Falling back to ozone.metadata.dirs instead.
2019-07-13 07:23:49,826 INFO  util.JvmPauseMonitor (JvmPauseMonitor.java:run(188)) - Starting JVM pause monitor
2019-07-13 07:23:49,840 WARN  server.ServerUtils (ServerUtils.java:getDBPath(222)) - ozone.om.db.dirs is not configured. We recommend adding this setting. Falling back to ozone.metadata.dirs instead.
2019-07-13 07:23:49,841 INFO  om.OzoneManager (OzoneManager.java:setOMNodeDetails(630)) - OM Service ID is not set. Setting it to the default ID: omServiceIdDefault
2019-07-13 07:23:49,841 INFO  om.OzoneManager (OzoneManager.java:setOMNodeDetails(636)) - OM Node ID is not set. Setting it to the OmStorage's OmID: fc0b72dd-5057-406e-9d49-63ce011dd340
2019-07-13 07:23:49,842 INFO  om.OzoneManager (OzoneManager.java:loadOMHAConfigs(587)) - Found matching OM address with OMServiceId: null, OMNodeId: null, RPC Address: localhost:0 and Ratis port: 9872
2019-07-13 07:23:49,851 WARN  server.ServerUtils (ServerUtils.java:getDBPath(222)) - ozone.om.db.dirs is not configured. We recommend adding this setting. Falling back to ozone.metadata.dirs instead.
2019-07-13 07:23:49,851 INFO  db.DBStoreBuilder (DBStoreBuilder.java:addTable(110)) - using custom profile for table: userTable
2019-07-13 07:23:49,852 INFO  db.DBStoreBuilder (DBStoreBuilder.java:processTables(161)) - Using default column profile:DBProfile.DISK for Table:userTable
2019-07-13 07:23:49,852 INFO  db.DBStoreBuilder (DBStoreBuilder.java:addTable(110)) - using custom profile for table: volumeTable
2019-07-13 07:23:49,852 INFO  db.DBStoreBuilder (DBStoreBuilder.java:processTables(161)) - Using default column profile:DBProfile.DISK for Table:volumeTable
2019-07-13 07:23:49,853 INFO  db.DBStoreBuilder (DBStoreBuilder.java:addTable(110)) - using custom profile for table: bucketTable
2019-07-13 07:23:49,853 INFO  db.DBStoreBuilder (DBStoreBuilder.java:processTables(161)) - Using default column profile:DBProfile.DISK for Table:bucketTable
2019-07-13 07:23:49,853 INFO  db.DBStoreBuilder (DBStoreBuilder.java:addTable(110)) - using custom profile for table: keyTable
2019-07-13 07:23:49,853 INFO  db.DBStoreBuilder (DBStoreBuilder.java:processTables(161)) - Using default column profile:DBProfile.DISK for Table:keyTable
2019-07-13 07:23:49,854 INFO  db.DBStoreBuilder (DBStoreBuilder.java:addTable(110)) - using custom profile for table: deletedTable
2019-07-13 07:23:49,854 INFO  db.DBStoreBuilder (DBStoreBuilder.java:processTables(161)) - Using default column profile:DBProfile.DISK for Table:deletedTable
2019-07-13 07:23:49,854 INFO  db.DBStoreBuilder (DBStoreBuilder.java:addTable(110)) - using custom profile for table: openKeyTable
2019-07-13 07:23:49,855 INFO  db.DBStoreBuilder (DBStoreBuilder.java:processTables(161)) - Using default column profile:DBProfile.DISK for Table:openKeyTable
2019-07-13 07:23:49,855 INFO  db.DBStoreBuilder (DBStoreBuilder.java:addTable(110)) - using custom profile for table: s3Table
2019-07-13 07:23:49,855 INFO  db.DBStoreBuilder (DBStoreBuilder.java:processTables(161)) - Using default column profile:DBProfile.DISK for Table:s3Table
2019-07-13 07:23:49,855 INFO  db.DBStoreBuilder (DBStoreBuilder.java:addTable(110)) - using custom profile for table: multipartInfoTable
2019-07-13 07:23:49,856 INFO  db.DBStoreBuilder (DBStoreBuilder.java:processTables(161)) - Using default column profile:DBProfile.DISK for Table:multipartInfoTable
2019-07-13 07:23:49,856 INFO  db.DBStoreBuilder (DBStoreBuilder.java:addTable(110)) - using custom profile for table: dTokenTable
2019-07-13 07:23:49,856 INFO  db.DBStoreBuilder (DBStoreBuilder.java:processTables(161)) - Using default column profile:DBProfile.DISK for Table:dTokenTable
2019-07-13 07:23:49,857 INFO  db.DBStoreBuilder (DBStoreBuilder.java:addTable(110)) - using custom profile for table: s3SecretTable
2019-07-13 07:23:49,857 INFO  db.DBStoreBuilder (DBStoreBuilder.java:processTables(161)) - Using default column profile:DBProfile.DISK for Table:s3SecretTable
2019-07-13 07:23:49,857 INFO  db.DBStoreBuilder (DBStoreBuilder.java:addTable(110)) - using custom profile for table: prefixTable
2019-07-13 07:23:49,857 INFO  db.DBStoreBuilder (DBStoreBuilder.java:processTables(161)) - Using default column profile:DBProfile.DISK for Table:prefixTable
2019-07-13 07:23:49,858 INFO  db.DBStoreBuilder (DBStoreBuilder.java:addTable(110)) - using custom profile for table: default
2019-07-13 07:23:49,858 INFO  db.DBStoreBuilder (DBStoreBuilder.java:processTables(167)) - Using default column profile:DBProfile.DISK for Table:default
2019-07-13 07:23:49,858 INFO  db.DBStoreBuilder (DBStoreBuilder.java:getDbProfile(198)) - Using default options. DBProfile.DISK
2019-07-13 07:23:50,325 INFO  ipc.CallQueueManager (CallQueueManager.java:<init>(84)) - Using callQueue: class java.util.concurrent.LinkedBlockingQueue, queueCapacity: 2000, scheduler: class org.apache.hadoop.ipc.DefaultRpcScheduler, ipcBackoff: false.
2019-07-13 07:23:50,326 INFO  ipc.Server (Server.java:run(1074)) - Starting Socket Reader #1 for port 44268
2019-07-13 07:23:50,344 WARN  server.ServerUtils (ServerUtils.java:getDBPath(222)) - ozone.om.db.dirs is not configured. We recommend adding this setting. Falling back to ozone.metadata.dirs instead.
2019-07-13 07:23:50,344 INFO  om.OzoneManager (OzoneManager.java:start(1228)) - OzoneManager RPC server is listening at localhost/127.0.0.1:44268
2019-07-13 07:23:50,344 INFO  impl.MetricsSystemImpl (MetricsSystemImpl.java:init(158)) - OzoneManager metrics system started (again)
2019-07-13 07:23:50,345 INFO  ipc.Server (Server.java:run(1153)) - IPC Server listener on 44268: starting
2019-07-13 07:23:50,346 INFO  ipc.Server (Server.java:run(1314)) - IPC Server Responder: starting
2019-07-13 07:23:50,357 INFO  hdfs.DFSUtil (DFSUtil.java:httpServerTemplateForNNAndJN(1641)) - Starting Web-server for ozoneManager at: http://0.0.0.0:0
2019-07-13 07:23:50,358 INFO  server.AuthenticationFilter (AuthenticationFilter.java:constructSecretProvider(240)) - Unable to initialize FileSignerSecretProvider, falling back to use random secrets.
2019-07-13 07:23:50,359 WARN  http.HttpRequestLog (HttpRequestLog.java:getRequestLog(97)) - Jetty request log can only be enabled using Log4j
2019-07-13 07:23:50,360 INFO  http.HttpServer2 (HttpServer2.java:addGlobalFilter(975)) - Added global filter 'safety' (class=org.apache.hadoop.http.HttpServer2$QuotingInputFilter)
2019-07-13 07:23:50,360 INFO  http.HttpServer2 (HttpServer2.java:addFilter(948)) - Added filter static_user_filter (class=org.apache.hadoop.http.lib.StaticUserWebFilter$StaticUserFilter) to context ozoneManager
2019-07-13 07:23:50,361 INFO  http.HttpServer2 (HttpServer2.java:addFilter(958)) - Added filter static_user_filter (class=org.apache.hadoop.http.lib.StaticUserWebFilter$StaticUserFilter) to context static
2019-07-13 07:23:50,361 INFO  http.HttpServer2 (HttpServer2.java:addFilter(958)) - Added filter static_user_filter (class=org.apache.hadoop.http.lib.StaticUserWebFilter$StaticUserFilter) to context logs
2019-07-13 07:23:50,361 INFO  http.HttpServer2 (HttpServer2.java:bindListener(1191)) - Jetty bound to port 38534
2019-07-13 07:23:50,362 INFO  server.Server (Server.java:doStart(351)) - jetty-9.3.24.v20180605, build timestamp: 2018-06-05T17:11:56Z, git hash: 84205aa28f11a4f31f2a3b86d1bba2cc8ab69827
2019-07-13 07:23:50,364 INFO  handler.ContextHandler (ContextHandler.java:doStart(781)) - Started o.e.j.s.ServletContextHandler@1e36baca{/logs,file:///tmp/workdir/hadoop-ozone/integration-test/target/log,AVAILABLE}
2019-07-13 07:23:50,364 INFO  handler.ContextHandler (ContextHandler.java:doStart(781)) - Started o.e.j.s.ServletContextHandler@60484429{/static,file:///tmp/workdir/hadoop-ozone/integration-test/target/test-classes/webapps/static,AVAILABLE}
2019-07-13 07:23:50,368 INFO  handler.ContextHandler (ContextHandler.java:doStart(781)) - Started o.e.j.w.WebAppContext@7ee02968{/,file:///tmp/workdir/hadoop-ozone/integration-test/target/test-classes/webapps/ozoneManager/,AVAILABLE}{/ozoneManager}
2019-07-13 07:23:50,369 INFO  server.AbstractConnector (AbstractConnector.java:doStart(278)) - Started ServerConnector@4a773f08{HTTP/1.1,[http/1.1]}{0.0.0.0:38534}
2019-07-13 07:23:50,372 INFO  server.Server (Server.java:doStart(419)) - Started @93410ms
2019-07-13 07:23:50,372 INFO  server.BaseHttpServer (BaseHttpServer.java:updateConnectorAddress(207)) - HTTP server of OZONEMANAGER is listening at http://0.0.0.0:38534
2019-07-13 07:23:50,384 INFO  impl.MetricsSystemImpl (MetricsSystemImpl.java:init(158)) - HddsDatanode metrics system started (again)
2019-07-13 07:23:50,384 INFO  ozone.HddsDatanodeService (HddsDatanodeService.java:start(185)) - HddsDatanodeService host:trunk-nightly-9lh4p-2362225927 ip:192.168.69.84
2019-07-13 07:23:50,412 INFO  volume.HddsVolume (HddsVolume.java:<init>(176)) - Creating Volume: /tmp/workdir/hadoop-ozone/integration-test/target/test-dir/MiniOzoneClusterImpl-c9fbaf72-4ac0-424a-a2d4-982d8f0d8e26/datanode-0/data/containers/hdds of  storage type : DISK and capacity : 52710309888
2019-07-13 07:23:50,412 INFO  volume.VolumeSet (VolumeSet.java:initializeVolumeSet(170)) - Added Volume : /tmp/workdir/hadoop-ozone/integration-test/target/test-dir/MiniOzoneClusterImpl-c9fbaf72-4ac0-424a-a2d4-982d8f0d8e26/datanode-0/data/containers/hdds to VolumeSet
2019-07-13 07:23:50,413 INFO  volume.ThrottledAsyncChecker (ThrottledAsyncChecker.java:schedule(140)) - Scheduling a check for org.apache.hadoop.ozone.container.common.volume.HddsVolume@65f470f8
2019-07-13 07:23:50,414 INFO  volume.HddsVolumeChecker (HddsVolumeChecker.java:checkAllVolumes(203)) - Scheduled health check for volume org.apache.hadoop.ozone.container.common.volume.HddsVolume@65f470f8
2019-07-13 07:23:50,438 INFO  impl.RaftServerProxy (ConfUtils.java:logGet(43)) - raft.rpc.type = GRPC (default)
2019-07-13 07:23:50,438 INFO  grpc.GrpcFactory (GrpcFactory.java:checkPooledByteBufAllocatorUseCacheForAllThreads(45)) - PERFORMANCE WARNING: useCacheForAllThreads is true that may cause Netty to create a lot garbage objects and, as a result, trigger GC.
	It is recommended to disable useCacheForAllThreads by setting -Dorg.apache.ratis.thirdparty.io.netty.allocator.useCacheForAllThreads=false in command line.
2019-07-13 07:23:50,438 INFO  grpc.GrpcConfigKeys$Server (ConfUtils.java:logGet(43)) - raft.grpc.server.port = 0 (default)
2019-07-13 07:23:50,439 INFO  server.GrpcService (ConfUtils.java:logGet(43)) - raft.grpc.message.size.max = 33570816 (custom)
2019-07-13 07:23:50,439 INFO  server.RaftServerConfigKeys (ConfUtils.java:logGet(43)) - raft.server.log.appender.buffer.byte-limit = 33554432 (custom)
2019-07-13 07:23:50,439 INFO  server.GrpcService (ConfUtils.java:logGet(43)) - raft.grpc.flow.control.window = 1MB (=1048576) (default)
2019-07-13 07:23:50,439 INFO  server.RaftServerConfigKeys (ConfUtils.java:logGet(43)) - raft.server.rpc.request.timeout = 3000ms (default)
2019-07-13 07:23:50,440 INFO  server.RaftServerConfigKeys (ConfUtils.java:logGet(43)) - raft.server.storage.dir = [/tmp/workdir/hadoop-ozone/integration-test/target/test-dir/MiniOzoneClusterImpl-c9fbaf72-4ac0-424a-a2d4-982d8f0d8e26/datanode-0/data/ratis] (custom)
2019-07-13 07:23:50,441 INFO  replication.SimpleContainerDownloader (SimpleContainerDownloader.java:<init>(72)) - Starting container downloader service to copy containers to replicate.
2019-07-13 07:23:50,442 INFO  hdfs.DFSUtil (DFSUtil.java:httpServerTemplateForNNAndJN(1641)) - Starting Web-server for hddsDatanode at: http://0.0.0.0:0
2019-07-13 07:23:50,444 INFO  server.AuthenticationFilter (AuthenticationFilter.java:constructSecretProvider(240)) - Unable to initialize FileSignerSecretProvider, falling back to use random secrets.
2019-07-13 07:23:50,445 WARN  http.HttpRequestLog (HttpRequestLog.java:getRequestLog(97)) - Jetty request log can only be enabled using Log4j
2019-07-13 07:23:50,447 INFO  http.HttpServer2 (HttpServer2.java:addGlobalFilter(975)) - Added global filter 'safety' (class=org.apache.hadoop.http.HttpServer2$QuotingInputFilter)
2019-07-13 07:23:50,447 INFO  http.HttpServer2 (HttpServer2.java:addFilter(948)) - Added filter static_user_filter (class=org.apache.hadoop.http.lib.StaticUserWebFilter$StaticUserFilter) to context hddsDatanode
2019-07-13 07:23:50,448 INFO  http.HttpServer2 (HttpServer2.java:addFilter(958)) - Added filter static_user_filter (class=org.apache.hadoop.http.lib.StaticUserWebFilter$StaticUserFilter) to context logs
2019-07-13 07:23:50,448 INFO  http.HttpServer2 (HttpServer2.java:addFilter(958)) - Added filter static_user_filter (class=org.apache.hadoop.http.lib.StaticUserWebFilter$StaticUserFilter) to context static
2019-07-13 07:23:50,449 INFO  http.HttpServer2 (HttpServer2.java:bindListener(1191)) - Jetty bound to port 41570
2019-07-13 07:23:50,449 INFO  server.Server (Server.java:doStart(351)) - jetty-9.3.24.v20180605, build timestamp: 2018-06-05T17:11:56Z, git hash: 84205aa28f11a4f31f2a3b86d1bba2cc8ab69827
2019-07-13 07:23:50,452 INFO  handler.ContextHandler (ContextHandler.java:doStart(781)) - Started o.e.j.s.ServletContextHandler@3346e906{/logs,file:///tmp/workdir/hadoop-ozone/integration-test/target/log,AVAILABLE}
2019-07-13 07:23:50,452 INFO  handler.ContextHandler (ContextHandler.java:doStart(781)) - Started o.e.j.s.ServletContextHandler@126d0868{/static,jar:file:/home/user/.m2/repository/org/apache/hadoop/hadoop-hdds-container-service/0.5.0-SNAPSHOT/hadoop-hdds-container-service-0.5.0-SNAPSHOT.jar!/webapps/static,AVAILABLE}
2019-07-13 07:23:50,497 INFO  handler.ContextHandler (ContextHandler.java:doStart(781)) - Started o.e.j.w.WebAppContext@788d9139{/,file:///tmp/jetty-0.0.0.0-41570-hddsDatanode-_-any-8112556264017944310.dir/webapp/,AVAILABLE}{/hddsDatanode}
2019-07-13 07:23:50,497 INFO  server.AbstractConnector (AbstractConnector.java:doStart(278)) - Started ServerConnector@53d2f0ec{HTTP/1.1,[http/1.1]}{0.0.0.0:41570}
2019-07-13 07:23:50,501 INFO  server.Server (Server.java:doStart(419)) - Started @93539ms
2019-07-13 07:23:50,502 INFO  server.BaseHttpServer (BaseHttpServer.java:updateConnectorAddress(207)) - HTTP server of HDDSDATANODE is listening at http://0.0.0.0:41570
2019-07-13 07:23:50,635 INFO  ozone.HddsDatanodeService (HddsDatanodeService.java:startPlugins(396)) - Started plug-in org.apache.hadoop.ozone.web.OzoneHddsDatanodeService@319d106c
2019-07-13 07:23:50,636 INFO  impl.MetricsSystemImpl (MetricsSystemImpl.java:init(158)) - HddsDatanode metrics system started (again)
2019-07-13 07:23:50,636 INFO  ozone.HddsDatanodeService (HddsDatanodeService.java:start(185)) - HddsDatanodeService host:trunk-nightly-9lh4p-2362225927 ip:192.168.69.84
2019-07-13 07:23:50,637 INFO  util.JvmPauseMonitor (JvmPauseMonitor.java:run(188)) - Starting JVM pause monitor
2019-07-13 07:23:50,639 INFO  datanode.InitDatanodeState (InitDatanodeState.java:persistContainerDatanodeDetails(140)) - DatanodeDetails is persisted to /tmp/workdir/hadoop-ozone/integration-test/target/test-dir/MiniOzoneClusterImpl-c9fbaf72-4ac0-424a-a2d4-982d8f0d8e26/datanode-0/meta/datanode.id
2019-07-13 07:23:50,647 INFO  volume.HddsVolume (HddsVolume.java:<init>(176)) - Creating Volume: /tmp/workdir/hadoop-ozone/integration-test/target/test-dir/MiniOzoneClusterImpl-c9fbaf72-4ac0-424a-a2d4-982d8f0d8e26/datanode-1/data/containers/hdds of  storage type : DISK and capacity : 52710309888
2019-07-13 07:23:50,647 INFO  volume.VolumeSet (VolumeSet.java:initializeVolumeSet(170)) - Added Volume : /tmp/workdir/hadoop-ozone/integration-test/target/test-dir/MiniOzoneClusterImpl-c9fbaf72-4ac0-424a-a2d4-982d8f0d8e26/datanode-1/data/containers/hdds to VolumeSet
2019-07-13 07:23:50,648 INFO  volume.ThrottledAsyncChecker (ThrottledAsyncChecker.java:schedule(140)) - Scheduling a check for org.apache.hadoop.ozone.container.common.volume.HddsVolume@22b10124
2019-07-13 07:23:50,648 INFO  volume.HddsVolumeChecker (HddsVolumeChecker.java:checkAllVolumes(203)) - Scheduled health check for volume org.apache.hadoop.ozone.container.common.volume.HddsVolume@22b10124
2019-07-13 07:23:50,671 INFO  impl.RaftServerProxy (ConfUtils.java:logGet(43)) - raft.rpc.type = GRPC (default)
2019-07-13 07:23:50,672 INFO  grpc.GrpcFactory (GrpcFactory.java:checkPooledByteBufAllocatorUseCacheForAllThreads(45)) - PERFORMANCE WARNING: useCacheForAllThreads is true that may cause Netty to create a lot garbage objects and, as a result, trigger GC.
	It is recommended to disable useCacheForAllThreads by setting -Dorg.apache.ratis.thirdparty.io.netty.allocator.useCacheForAllThreads=false in command line.
2019-07-13 07:23:50,672 INFO  grpc.GrpcConfigKeys$Server (ConfUtils.java:logGet(43)) - raft.grpc.server.port = 0 (default)
2019-07-13 07:23:50,672 INFO  server.GrpcService (ConfUtils.java:logGet(43)) - raft.grpc.message.size.max = 33570816 (custom)
2019-07-13 07:23:50,672 INFO  server.RaftServerConfigKeys (ConfUtils.java:logGet(43)) - raft.server.log.appender.buffer.byte-limit = 33554432 (custom)
2019-07-13 07:23:50,673 INFO  server.GrpcService (ConfUtils.java:logGet(43)) - raft.grpc.flow.control.window = 1MB (=1048576) (default)
2019-07-13 07:23:50,673 INFO  server.RaftServerConfigKeys (ConfUtils.java:logGet(43)) - raft.server.rpc.request.timeout = 3000ms (default)
2019-07-13 07:23:50,674 INFO  server.RaftServerConfigKeys (ConfUtils.java:logGet(43)) - raft.server.storage.dir = [/tmp/workdir/hadoop-ozone/integration-test/target/test-dir/MiniOzoneClusterImpl-c9fbaf72-4ac0-424a-a2d4-982d8f0d8e26/datanode-1/data/ratis] (custom)
2019-07-13 07:23:50,674 INFO  replication.SimpleContainerDownloader (SimpleContainerDownloader.java:<init>(72)) - Starting container downloader service to copy containers to replicate.
2019-07-13 07:23:50,676 INFO  hdfs.DFSUtil (DFSUtil.java:httpServerTemplateForNNAndJN(1641)) - Starting Web-server for hddsDatanode at: http://0.0.0.0:0
2019-07-13 07:23:50,677 INFO  server.AuthenticationFilter (AuthenticationFilter.java:constructSecretProvider(240)) - Unable to initialize FileSignerSecretProvider, falling back to use random secrets.
2019-07-13 07:23:50,677 WARN  http.HttpRequestLog (HttpRequestLog.java:getRequestLog(97)) - Jetty request log can only be enabled using Log4j
2019-07-13 07:23:50,679 INFO  http.HttpServer2 (HttpServer2.java:addGlobalFilter(975)) - Added global filter 'safety' (class=org.apache.hadoop.http.HttpServer2$QuotingInputFilter)
2019-07-13 07:23:50,679 INFO  http.HttpServer2 (HttpServer2.java:addFilter(948)) - Added filter static_user_filter (class=org.apache.hadoop.http.lib.StaticUserWebFilter$StaticUserFilter) to context hddsDatanode
2019-07-13 07:23:50,679 INFO  http.HttpServer2 (HttpServer2.java:addFilter(958)) - Added filter static_user_filter (class=org.apache.hadoop.http.lib.StaticUserWebFilter$StaticUserFilter) to context logs
2019-07-13 07:23:50,679 INFO  http.HttpServer2 (HttpServer2.java:addFilter(958)) - Added filter static_user_filter (class=org.apache.hadoop.http.lib.StaticUserWebFilter$StaticUserFilter) to context static
2019-07-13 07:23:50,680 INFO  http.HttpServer2 (HttpServer2.java:bindListener(1191)) - Jetty bound to port 43321
2019-07-13 07:23:50,680 INFO  server.Server (Server.java:doStart(351)) - jetty-9.3.24.v20180605, build timestamp: 2018-06-05T17:11:56Z, git hash: 84205aa28f11a4f31f2a3b86d1bba2cc8ab69827
2019-07-13 07:23:50,682 INFO  handler.ContextHandler (ContextHandler.java:doStart(781)) - Started o.e.j.s.ServletContextHandler@272c5abd{/logs,file:///tmp/workdir/hadoop-ozone/integration-test/target/log,AVAILABLE}
2019-07-13 07:23:50,683 INFO  handler.ContextHandler (ContextHandler.java:doStart(781)) - Started o.e.j.s.ServletContextHandler@70ad0854{/static,jar:file:/home/user/.m2/repository/org/apache/hadoop/hadoop-hdds-container-service/0.5.0-SNAPSHOT/hadoop-hdds-container-service-0.5.0-SNAPSHOT.jar!/webapps/static,AVAILABLE}
2019-07-13 07:23:50,724 INFO  handler.ContextHandler (ContextHandler.java:doStart(781)) - Started o.e.j.w.WebAppContext@1fa44f66{/,file:///tmp/jetty-0.0.0.0-43321-hddsDatanode-_-any-8996902705066933877.dir/webapp/,AVAILABLE}{/hddsDatanode}
2019-07-13 07:23:50,724 INFO  server.AbstractConnector (AbstractConnector.java:doStart(278)) - Started ServerConnector@4229b92c{HTTP/1.1,[http/1.1]}{0.0.0.0:43321}
2019-07-13 07:23:50,728 INFO  server.Server (Server.java:doStart(419)) - Started @93766ms
2019-07-13 07:23:50,729 INFO  server.BaseHttpServer (BaseHttpServer.java:updateConnectorAddress(207)) - HTTP server of HDDSDATANODE is listening at http://0.0.0.0:43321
2019-07-13 07:23:50,861 INFO  ozone.HddsDatanodeService (HddsDatanodeService.java:startPlugins(396)) - Started plug-in org.apache.hadoop.ozone.web.OzoneHddsDatanodeService@66e62fc4
2019-07-13 07:23:50,861 INFO  impl.MetricsSystemImpl (MetricsSystemImpl.java:init(158)) - HddsDatanode metrics system started (again)
2019-07-13 07:23:50,861 INFO  ozone.HddsDatanodeService (HddsDatanodeService.java:start(185)) - HddsDatanodeService host:trunk-nightly-9lh4p-2362225927 ip:192.168.69.84
2019-07-13 07:23:50,862 INFO  util.JvmPauseMonitor (JvmPauseMonitor.java:run(188)) - Starting JVM pause monitor
2019-07-13 07:23:50,864 INFO  datanode.InitDatanodeState (InitDatanodeState.java:persistContainerDatanodeDetails(140)) - DatanodeDetails is persisted to /tmp/workdir/hadoop-ozone/integration-test/target/test-dir/MiniOzoneClusterImpl-c9fbaf72-4ac0-424a-a2d4-982d8f0d8e26/datanode-1/meta/datanode.id
2019-07-13 07:23:50,873 INFO  volume.HddsVolume (HddsVolume.java:<init>(176)) - Creating Volume: /tmp/workdir/hadoop-ozone/integration-test/target/test-dir/MiniOzoneClusterImpl-c9fbaf72-4ac0-424a-a2d4-982d8f0d8e26/datanode-2/data/containers/hdds of  storage type : DISK and capacity : 52710309888
2019-07-13 07:23:50,873 INFO  volume.VolumeSet (VolumeSet.java:initializeVolumeSet(170)) - Added Volume : /tmp/workdir/hadoop-ozone/integration-test/target/test-dir/MiniOzoneClusterImpl-c9fbaf72-4ac0-424a-a2d4-982d8f0d8e26/datanode-2/data/containers/hdds to VolumeSet
2019-07-13 07:23:50,873 INFO  volume.ThrottledAsyncChecker (ThrottledAsyncChecker.java:schedule(140)) - Scheduling a check for org.apache.hadoop.ozone.container.common.volume.HddsVolume@35efd12c
2019-07-13 07:23:50,874 INFO  volume.HddsVolumeChecker (HddsVolumeChecker.java:checkAllVolumes(203)) - Scheduled health check for volume org.apache.hadoop.ozone.container.common.volume.HddsVolume@35efd12c
2019-07-13 07:23:50,891 INFO  impl.RaftServerProxy (ConfUtils.java:logGet(43)) - raft.rpc.type = GRPC (default)
2019-07-13 07:23:50,891 INFO  grpc.GrpcFactory (GrpcFactory.java:checkPooledByteBufAllocatorUseCacheForAllThreads(45)) - PERFORMANCE WARNING: useCacheForAllThreads is true that may cause Netty to create a lot garbage objects and, as a result, trigger GC.
	It is recommended to disable useCacheForAllThreads by setting -Dorg.apache.ratis.thirdparty.io.netty.allocator.useCacheForAllThreads=false in command line.
2019-07-13 07:23:50,891 INFO  grpc.GrpcConfigKeys$Server (ConfUtils.java:logGet(43)) - raft.grpc.server.port = 0 (default)
2019-07-13 07:23:50,891 INFO  server.GrpcService (ConfUtils.java:logGet(43)) - raft.grpc.message.size.max = 33570816 (custom)
2019-07-13 07:23:50,891 INFO  server.RaftServerConfigKeys (ConfUtils.java:logGet(43)) - raft.server.log.appender.buffer.byte-limit = 33554432 (custom)
2019-07-13 07:23:50,892 INFO  server.GrpcService (ConfUtils.java:logGet(43)) - raft.grpc.flow.control.window = 1MB (=1048576) (default)
2019-07-13 07:23:50,892 INFO  server.RaftServerConfigKeys (ConfUtils.java:logGet(43)) - raft.server.rpc.request.timeout = 3000ms (default)
2019-07-13 07:23:50,892 INFO  server.RaftServerConfigKeys (ConfUtils.java:logGet(43)) - raft.server.storage.dir = [/tmp/workdir/hadoop-ozone/integration-test/target/test-dir/MiniOzoneClusterImpl-c9fbaf72-4ac0-424a-a2d4-982d8f0d8e26/datanode-2/data/ratis] (custom)
2019-07-13 07:23:50,893 INFO  replication.SimpleContainerDownloader (SimpleContainerDownloader.java:<init>(72)) - Starting container downloader service to copy containers to replicate.
2019-07-13 07:23:50,894 INFO  hdfs.DFSUtil (DFSUtil.java:httpServerTemplateForNNAndJN(1641)) - Starting Web-server for hddsDatanode at: http://0.0.0.0:0
2019-07-13 07:23:50,895 INFO  server.AuthenticationFilter (AuthenticationFilter.java:constructSecretProvider(240)) - Unable to initialize FileSignerSecretProvider, falling back to use random secrets.
2019-07-13 07:23:50,895 WARN  http.HttpRequestLog (HttpRequestLog.java:getRequestLog(97)) - Jetty request log can only be enabled using Log4j
2019-07-13 07:23:50,896 INFO  http.HttpServer2 (HttpServer2.java:addGlobalFilter(975)) - Added global filter 'safety' (class=org.apache.hadoop.http.HttpServer2$QuotingInputFilter)
2019-07-13 07:23:50,897 INFO  http.HttpServer2 (HttpServer2.java:addFilter(948)) - Added filter static_user_filter (class=org.apache.hadoop.http.lib.StaticUserWebFilter$StaticUserFilter) to context hddsDatanode
2019-07-13 07:23:50,897 INFO  http.HttpServer2 (HttpServer2.java:addFilter(958)) - Added filter static_user_filter (class=org.apache.hadoop.http.lib.StaticUserWebFilter$StaticUserFilter) to context static
2019-07-13 07:23:50,897 INFO  http.HttpServer2 (HttpServer2.java:addFilter(958)) - Added filter static_user_filter (class=org.apache.hadoop.http.lib.StaticUserWebFilter$StaticUserFilter) to context logs
2019-07-13 07:23:50,898 INFO  http.HttpServer2 (HttpServer2.java:bindListener(1191)) - Jetty bound to port 37020
2019-07-13 07:23:50,898 INFO  server.Server (Server.java:doStart(351)) - jetty-9.3.24.v20180605, build timestamp: 2018-06-05T17:11:56Z, git hash: 84205aa28f11a4f31f2a3b86d1bba2cc8ab69827
2019-07-13 07:23:50,899 INFO  handler.ContextHandler (ContextHandler.java:doStart(781)) - Started o.e.j.s.ServletContextHandler@50f6ecab{/logs,file:///tmp/workdir/hadoop-ozone/integration-test/target/log,AVAILABLE}
2019-07-13 07:23:50,900 INFO  handler.ContextHandler (ContextHandler.java:doStart(781)) - Started o.e.j.s.ServletContextHandler@58647985{/static,jar:file:/home/user/.m2/repository/org/apache/hadoop/hadoop-hdds-container-service/0.5.0-SNAPSHOT/hadoop-hdds-container-service-0.5.0-SNAPSHOT.jar!/webapps/static,AVAILABLE}
2019-07-13 07:23:50,927 INFO  handler.ContextHandler (ContextHandler.java:doStart(781)) - Started o.e.j.w.WebAppContext@3f62d56{/,file:///tmp/jetty-0.0.0.0-37020-hddsDatanode-_-any-3331160100979377828.dir/webapp/,AVAILABLE}{/hddsDatanode}
2019-07-13 07:23:50,927 INFO  server.AbstractConnector (AbstractConnector.java:doStart(278)) - Started ServerConnector@2d41bb5a{HTTP/1.1,[http/1.1]}{0.0.0.0:37020}
2019-07-13 07:23:50,930 INFO  server.Server (Server.java:doStart(419)) - Started @93968ms
2019-07-13 07:23:50,931 INFO  server.BaseHttpServer (BaseHttpServer.java:updateConnectorAddress(207)) - HTTP server of HDDSDATANODE is listening at http://0.0.0.0:37020
2019-07-13 07:23:51,037 INFO  ozone.HddsDatanodeService (HddsDatanodeService.java:startPlugins(396)) - Started plug-in org.apache.hadoop.ozone.web.OzoneHddsDatanodeService@6686507b
2019-07-13 07:23:51,037 INFO  impl.MetricsSystemImpl (MetricsSystemImpl.java:init(158)) - HddsDatanode metrics system started (again)
2019-07-13 07:23:51,038 INFO  ozone.HddsDatanodeService (HddsDatanodeService.java:start(185)) - HddsDatanodeService host:trunk-nightly-9lh4p-2362225927 ip:192.168.69.84
2019-07-13 07:23:51,039 INFO  util.JvmPauseMonitor (JvmPauseMonitor.java:run(188)) - Starting JVM pause monitor
2019-07-13 07:23:51,041 INFO  datanode.InitDatanodeState (InitDatanodeState.java:persistContainerDatanodeDetails(140)) - DatanodeDetails is persisted to /tmp/workdir/hadoop-ozone/integration-test/target/test-dir/MiniOzoneClusterImpl-c9fbaf72-4ac0-424a-a2d4-982d8f0d8e26/datanode-2/meta/datanode.id
2019-07-13 07:23:51,050 INFO  volume.HddsVolume (HddsVolume.java:<init>(176)) - Creating Volume: /tmp/workdir/hadoop-ozone/integration-test/target/test-dir/MiniOzoneClusterImpl-c9fbaf72-4ac0-424a-a2d4-982d8f0d8e26/datanode-3/data/containers/hdds of  storage type : DISK and capacity : 52710309888
2019-07-13 07:23:51,050 INFO  volume.VolumeSet (VolumeSet.java:initializeVolumeSet(170)) - Added Volume : /tmp/workdir/hadoop-ozone/integration-test/target/test-dir/MiniOzoneClusterImpl-c9fbaf72-4ac0-424a-a2d4-982d8f0d8e26/datanode-3/data/containers/hdds to VolumeSet
2019-07-13 07:23:51,051 INFO  volume.ThrottledAsyncChecker (ThrottledAsyncChecker.java:schedule(140)) - Scheduling a check for org.apache.hadoop.ozone.container.common.volume.HddsVolume@2aac87ab
2019-07-13 07:23:51,051 INFO  volume.HddsVolumeChecker (HddsVolumeChecker.java:checkAllVolumes(203)) - Scheduled health check for volume org.apache.hadoop.ozone.container.common.volume.HddsVolume@2aac87ab
2019-07-13 07:23:51,070 INFO  impl.RaftServerProxy (ConfUtils.java:logGet(43)) - raft.rpc.type = GRPC (default)
2019-07-13 07:23:51,070 INFO  grpc.GrpcFactory (GrpcFactory.java:checkPooledByteBufAllocatorUseCacheForAllThreads(45)) - PERFORMANCE WARNING: useCacheForAllThreads is true that may cause Netty to create a lot garbage objects and, as a result, trigger GC.
	It is recommended to disable useCacheForAllThreads by setting -Dorg.apache.ratis.thirdparty.io.netty.allocator.useCacheForAllThreads=false in command line.
2019-07-13 07:23:51,071 INFO  grpc.GrpcConfigKeys$Server (ConfUtils.java:logGet(43)) - raft.grpc.server.port = 0 (default)
2019-07-13 07:23:51,071 INFO  server.GrpcService (ConfUtils.java:logGet(43)) - raft.grpc.message.size.max = 33570816 (custom)
2019-07-13 07:23:51,071 INFO  server.RaftServerConfigKeys (ConfUtils.java:logGet(43)) - raft.server.log.appender.buffer.byte-limit = 33554432 (custom)
2019-07-13 07:23:51,071 INFO  server.GrpcService (ConfUtils.java:logGet(43)) - raft.grpc.flow.control.window = 1MB (=1048576) (default)
2019-07-13 07:23:51,071 INFO  server.RaftServerConfigKeys (ConfUtils.java:logGet(43)) - raft.server.rpc.request.timeout = 3000ms (default)
2019-07-13 07:23:51,072 INFO  server.RaftServerConfigKeys (ConfUtils.java:logGet(43)) - raft.server.storage.dir = [/tmp/workdir/hadoop-ozone/integration-test/target/test-dir/MiniOzoneClusterImpl-c9fbaf72-4ac0-424a-a2d4-982d8f0d8e26/datanode-3/data/ratis] (custom)
2019-07-13 07:23:51,072 INFO  replication.SimpleContainerDownloader (SimpleContainerDownloader.java:<init>(72)) - Starting container downloader service to copy containers to replicate.
2019-07-13 07:23:51,073 INFO  hdfs.DFSUtil (DFSUtil.java:httpServerTemplateForNNAndJN(1641)) - Starting Web-server for hddsDatanode at: http://0.0.0.0:0
2019-07-13 07:23:51,074 INFO  server.AuthenticationFilter (AuthenticationFilter.java:constructSecretProvider(240)) - Unable to initialize FileSignerSecretProvider, falling back to use random secrets.
2019-07-13 07:23:51,075 WARN  http.HttpRequestLog (HttpRequestLog.java:getRequestLog(97)) - Jetty request log can only be enabled using Log4j
2019-07-13 07:23:51,076 INFO  http.HttpServer2 (HttpServer2.java:addGlobalFilter(975)) - Added global filter 'safety' (class=org.apache.hadoop.http.HttpServer2$QuotingInputFilter)
2019-07-13 07:23:51,076 INFO  http.HttpServer2 (HttpServer2.java:addFilter(948)) - Added filter static_user_filter (class=org.apache.hadoop.http.lib.StaticUserWebFilter$StaticUserFilter) to context hddsDatanode
2019-07-13 07:23:51,076 INFO  http.HttpServer2 (HttpServer2.java:addFilter(958)) - Added filter static_user_filter (class=org.apache.hadoop.http.lib.StaticUserWebFilter$StaticUserFilter) to context logs
2019-07-13 07:23:51,077 INFO  http.HttpServer2 (HttpServer2.java:addFilter(958)) - Added filter static_user_filter (class=org.apache.hadoop.http.lib.StaticUserWebFilter$StaticUserFilter) to context static
2019-07-13 07:23:51,077 INFO  http.HttpServer2 (HttpServer2.java:bindListener(1191)) - Jetty bound to port 41873
2019-07-13 07:23:51,077 INFO  server.Server (Server.java:doStart(351)) - jetty-9.3.24.v20180605, build timestamp: 2018-06-05T17:11:56Z, git hash: 84205aa28f11a4f31f2a3b86d1bba2cc8ab69827
2019-07-13 07:23:51,079 INFO  handler.ContextHandler (ContextHandler.java:doStart(781)) - Started o.e.j.s.ServletContextHandler@40199d5e{/logs,file:///tmp/workdir/hadoop-ozone/integration-test/target/log,AVAILABLE}
2019-07-13 07:23:51,079 INFO  handler.ContextHandler (ContextHandler.java:doStart(781)) - Started o.e.j.s.ServletContextHandler@571c7572{/static,jar:file:/home/user/.m2/repository/org/apache/hadoop/hadoop-hdds-container-service/0.5.0-SNAPSHOT/hadoop-hdds-container-service-0.5.0-SNAPSHOT.jar!/webapps/static,AVAILABLE}
2019-07-13 07:23:51,106 INFO  handler.ContextHandler (ContextHandler.java:doStart(781)) - Started o.e.j.w.WebAppContext@43e2b8da{/,file:///tmp/jetty-0.0.0.0-41873-hddsDatanode-_-any-4940963312617003521.dir/webapp/,AVAILABLE}{/hddsDatanode}
2019-07-13 07:23:51,106 INFO  server.AbstractConnector (AbstractConnector.java:doStart(278)) - Started ServerConnector@1ac68548{HTTP/1.1,[http/1.1]}{0.0.0.0:41873}
2019-07-13 07:23:51,110 INFO  server.Server (Server.java:doStart(419)) - Started @94148ms
2019-07-13 07:23:51,110 INFO  server.BaseHttpServer (BaseHttpServer.java:updateConnectorAddress(207)) - HTTP server of HDDSDATANODE is listening at http://0.0.0.0:41873
2019-07-13 07:23:51,223 INFO  ozone.HddsDatanodeService (HddsDatanodeService.java:startPlugins(396)) - Started plug-in org.apache.hadoop.ozone.web.OzoneHddsDatanodeService@4e35a219
2019-07-13 07:23:51,224 INFO  impl.MetricsSystemImpl (MetricsSystemImpl.java:init(158)) - HddsDatanode metrics system started (again)
2019-07-13 07:23:51,224 INFO  ozone.HddsDatanodeService (HddsDatanodeService.java:start(185)) - HddsDatanodeService host:trunk-nightly-9lh4p-2362225927 ip:192.168.69.84
2019-07-13 07:23:51,225 INFO  util.JvmPauseMonitor (JvmPauseMonitor.java:run(188)) - Starting JVM pause monitor
2019-07-13 07:23:51,226 INFO  datanode.InitDatanodeState (InitDatanodeState.java:persistContainerDatanodeDetails(140)) - DatanodeDetails is persisted to /tmp/workdir/hadoop-ozone/integration-test/target/test-dir/MiniOzoneClusterImpl-c9fbaf72-4ac0-424a-a2d4-982d8f0d8e26/datanode-3/meta/datanode.id
2019-07-13 07:23:51,240 INFO  volume.HddsVolume (HddsVolume.java:<init>(176)) - Creating Volume: /tmp/workdir/hadoop-ozone/integration-test/target/test-dir/MiniOzoneClusterImpl-c9fbaf72-4ac0-424a-a2d4-982d8f0d8e26/datanode-4/data/containers/hdds of  storage type : DISK and capacity : 52710309888
2019-07-13 07:23:51,240 INFO  volume.VolumeSet (VolumeSet.java:initializeVolumeSet(170)) - Added Volume : /tmp/workdir/hadoop-ozone/integration-test/target/test-dir/MiniOzoneClusterImpl-c9fbaf72-4ac0-424a-a2d4-982d8f0d8e26/datanode-4/data/containers/hdds to VolumeSet
2019-07-13 07:23:51,240 INFO  volume.ThrottledAsyncChecker (ThrottledAsyncChecker.java:schedule(140)) - Scheduling a check for org.apache.hadoop.ozone.container.common.volume.HddsVolume@34ab398b
2019-07-13 07:23:51,241 INFO  volume.HddsVolumeChecker (HddsVolumeChecker.java:checkAllVolumes(203)) - Scheduled health check for volume org.apache.hadoop.ozone.container.common.volume.HddsVolume@34ab398b
2019-07-13 07:23:51,256 INFO  impl.RaftServerProxy (ConfUtils.java:logGet(43)) - raft.rpc.type = GRPC (default)
2019-07-13 07:23:51,257 INFO  grpc.GrpcFactory (GrpcFactory.java:checkPooledByteBufAllocatorUseCacheForAllThreads(45)) - PERFORMANCE WARNING: useCacheForAllThreads is true that may cause Netty to create a lot garbage objects and, as a result, trigger GC.
	It is recommended to disable useCacheForAllThreads by setting -Dorg.apache.ratis.thirdparty.io.netty.allocator.useCacheForAllThreads=false in command line.
2019-07-13 07:23:51,257 INFO  grpc.GrpcConfigKeys$Server (ConfUtils.java:logGet(43)) - raft.grpc.server.port = 0 (default)
2019-07-13 07:23:51,257 INFO  server.GrpcService (ConfUtils.java:logGet(43)) - raft.grpc.message.size.max = 33570816 (custom)
2019-07-13 07:23:51,257 INFO  server.RaftServerConfigKeys (ConfUtils.java:logGet(43)) - raft.server.log.appender.buffer.byte-limit = 33554432 (custom)
2019-07-13 07:23:51,257 INFO  server.GrpcService (ConfUtils.java:logGet(43)) - raft.grpc.flow.control.window = 1MB (=1048576) (default)
2019-07-13 07:23:51,258 INFO  server.RaftServerConfigKeys (ConfUtils.java:logGet(43)) - raft.server.rpc.request.timeout = 3000ms (default)
2019-07-13 07:23:51,258 INFO  server.RaftServerConfigKeys (ConfUtils.java:logGet(43)) - raft.server.storage.dir = [/tmp/workdir/hadoop-ozone/integration-test/target/test-dir/MiniOzoneClusterImpl-c9fbaf72-4ac0-424a-a2d4-982d8f0d8e26/datanode-4/data/ratis] (custom)
2019-07-13 07:23:51,258 INFO  replication.SimpleContainerDownloader (SimpleContainerDownloader.java:<init>(72)) - Starting container downloader service to copy containers to replicate.
2019-07-13 07:23:51,260 INFO  hdfs.DFSUtil (DFSUtil.java:httpServerTemplateForNNAndJN(1641)) - Starting Web-server for hddsDatanode at: http://0.0.0.0:0
2019-07-13 07:23:51,261 INFO  server.AuthenticationFilter (AuthenticationFilter.java:constructSecretProvider(240)) - Unable to initialize FileSignerSecretProvider, falling back to use random secrets.
2019-07-13 07:23:51,261 WARN  http.HttpRequestLog (HttpRequestLog.java:getRequestLog(97)) - Jetty request log can only be enabled using Log4j
2019-07-13 07:23:51,262 INFO  http.HttpServer2 (HttpServer2.java:addGlobalFilter(975)) - Added global filter 'safety' (class=org.apache.hadoop.http.HttpServer2$QuotingInputFilter)
2019-07-13 07:23:51,262 INFO  http.HttpServer2 (HttpServer2.java:addFilter(948)) - Added filter static_user_filter (class=org.apache.hadoop.http.lib.StaticUserWebFilter$StaticUserFilter) to context hddsDatanode
2019-07-13 07:23:51,263 INFO  http.HttpServer2 (HttpServer2.java:addFilter(958)) - Added filter static_user_filter (class=org.apache.hadoop.http.lib.StaticUserWebFilter$StaticUserFilter) to context logs
2019-07-13 07:23:51,263 INFO  http.HttpServer2 (HttpServer2.java:addFilter(958)) - Added filter static_user_filter (class=org.apache.hadoop.http.lib.StaticUserWebFilter$StaticUserFilter) to context static
2019-07-13 07:23:51,263 INFO  http.HttpServer2 (HttpServer2.java:bindListener(1191)) - Jetty bound to port 44797
2019-07-13 07:23:51,263 INFO  server.Server (Server.java:doStart(351)) - jetty-9.3.24.v20180605, build timestamp: 2018-06-05T17:11:56Z, git hash: 84205aa28f11a4f31f2a3b86d1bba2cc8ab69827
2019-07-13 07:23:51,265 INFO  handler.ContextHandler (ContextHandler.java:doStart(781)) - Started o.e.j.s.ServletContextHandler@2748bd6c{/logs,file:///tmp/workdir/hadoop-ozone/integration-test/target/log,AVAILABLE}
2019-07-13 07:23:51,265 INFO  handler.ContextHandler (ContextHandler.java:doStart(781)) - Started o.e.j.s.ServletContextHandler@7ab3f194{/static,jar:file:/home/user/.m2/repository/org/apache/hadoop/hadoop-hdds-container-service/0.5.0-SNAPSHOT/hadoop-hdds-container-service-0.5.0-SNAPSHOT.jar!/webapps/static,AVAILABLE}
2019-07-13 07:23:51,292 INFO  handler.ContextHandler (ContextHandler.java:doStart(781)) - Started o.e.j.w.WebAppContext@60251ddb{/,file:///tmp/jetty-0.0.0.0-44797-hddsDatanode-_-any-2368774379120548941.dir/webapp/,AVAILABLE}{/hddsDatanode}
2019-07-13 07:23:51,292 INFO  server.AbstractConnector (AbstractConnector.java:doStart(278)) - Started ServerConnector@2059c3ff{HTTP/1.1,[http/1.1]}{0.0.0.0:44797}
2019-07-13 07:23:51,296 INFO  server.Server (Server.java:doStart(419)) - Started @94334ms
2019-07-13 07:23:51,297 INFO  server.BaseHttpServer (BaseHttpServer.java:updateConnectorAddress(207)) - HTTP server of HDDSDATANODE is listening at http://0.0.0.0:44797
2019-07-13 07:23:51,400 INFO  ozone.HddsDatanodeService (HddsDatanodeService.java:startPlugins(396)) - Started plug-in org.apache.hadoop.ozone.web.OzoneHddsDatanodeService@52a3eef8
2019-07-13 07:23:51,401 INFO  impl.MetricsSystemImpl (MetricsSystemImpl.java:init(158)) - HddsDatanode metrics system started (again)
2019-07-13 07:23:51,401 INFO  ozone.HddsDatanodeService (HddsDatanodeService.java:start(185)) - HddsDatanodeService host:trunk-nightly-9lh4p-2362225927 ip:192.168.69.84
2019-07-13 07:23:51,402 INFO  util.JvmPauseMonitor (JvmPauseMonitor.java:run(188)) - Starting JVM pause monitor
2019-07-13 07:23:51,404 INFO  datanode.InitDatanodeState (InitDatanodeState.java:persistContainerDatanodeDetails(140)) - DatanodeDetails is persisted to /tmp/workdir/hadoop-ozone/integration-test/target/test-dir/MiniOzoneClusterImpl-c9fbaf72-4ac0-424a-a2d4-982d8f0d8e26/datanode-4/meta/datanode.id
2019-07-13 07:23:51,414 INFO  volume.HddsVolume (HddsVolume.java:<init>(176)) - Creating Volume: /tmp/workdir/hadoop-ozone/integration-test/target/test-dir/MiniOzoneClusterImpl-c9fbaf72-4ac0-424a-a2d4-982d8f0d8e26/datanode-5/data/containers/hdds of  storage type : DISK and capacity : 52710309888
2019-07-13 07:23:51,414 INFO  volume.VolumeSet (VolumeSet.java:initializeVolumeSet(170)) - Added Volume : /tmp/workdir/hadoop-ozone/integration-test/target/test-dir/MiniOzoneClusterImpl-c9fbaf72-4ac0-424a-a2d4-982d8f0d8e26/datanode-5/data/containers/hdds to VolumeSet
2019-07-13 07:23:51,414 INFO  volume.ThrottledAsyncChecker (ThrottledAsyncChecker.java:schedule(140)) - Scheduling a check for org.apache.hadoop.ozone.container.common.volume.HddsVolume@6b6939e1
2019-07-13 07:23:51,415 INFO  volume.HddsVolumeChecker (HddsVolumeChecker.java:checkAllVolumes(203)) - Scheduled health check for volume org.apache.hadoop.ozone.container.common.volume.HddsVolume@6b6939e1
2019-07-13 07:23:51,433 INFO  impl.RaftServerProxy (ConfUtils.java:logGet(43)) - raft.rpc.type = GRPC (default)
2019-07-13 07:23:51,433 INFO  grpc.GrpcFactory (GrpcFactory.java:checkPooledByteBufAllocatorUseCacheForAllThreads(45)) - PERFORMANCE WARNING: useCacheForAllThreads is true that may cause Netty to create a lot garbage objects and, as a result, trigger GC.
	It is recommended to disable useCacheForAllThreads by setting -Dorg.apache.ratis.thirdparty.io.netty.allocator.useCacheForAllThreads=false in command line.
2019-07-13 07:23:51,433 INFO  grpc.GrpcConfigKeys$Server (ConfUtils.java:logGet(43)) - raft.grpc.server.port = 0 (default)
2019-07-13 07:23:51,433 INFO  server.GrpcService (ConfUtils.java:logGet(43)) - raft.grpc.message.size.max = 33570816 (custom)
2019-07-13 07:23:51,433 INFO  server.RaftServerConfigKeys (ConfUtils.java:logGet(43)) - raft.server.log.appender.buffer.byte-limit = 33554432 (custom)
2019-07-13 07:23:51,434 INFO  server.GrpcService (ConfUtils.java:logGet(43)) - raft.grpc.flow.control.window = 1MB (=1048576) (default)
2019-07-13 07:23:51,434 INFO  server.RaftServerConfigKeys (ConfUtils.java:logGet(43)) - raft.server.rpc.request.timeout = 3000ms (default)
2019-07-13 07:23:51,434 INFO  server.RaftServerConfigKeys (ConfUtils.java:logGet(43)) - raft.server.storage.dir = [/tmp/workdir/hadoop-ozone/integration-test/target/test-dir/MiniOzoneClusterImpl-c9fbaf72-4ac0-424a-a2d4-982d8f0d8e26/datanode-5/data/ratis] (custom)
2019-07-13 07:23:51,435 INFO  replication.SimpleContainerDownloader (SimpleContainerDownloader.java:<init>(72)) - Starting container downloader service to copy containers to replicate.
2019-07-13 07:23:51,435 INFO  hdfs.DFSUtil (DFSUtil.java:httpServerTemplateForNNAndJN(1641)) - Starting Web-server for hddsDatanode at: http://0.0.0.0:0
2019-07-13 07:23:51,437 INFO  server.AuthenticationFilter (AuthenticationFilter.java:constructSecretProvider(240)) - Unable to initialize FileSignerSecretProvider, falling back to use random secrets.
2019-07-13 07:23:51,437 WARN  http.HttpRequestLog (HttpRequestLog.java:getRequestLog(97)) - Jetty request log can only be enabled using Log4j
2019-07-13 07:23:51,438 INFO  http.HttpServer2 (HttpServer2.java:addGlobalFilter(975)) - Added global filter 'safety' (class=org.apache.hadoop.http.HttpServer2$QuotingInputFilter)
2019-07-13 07:23:51,438 INFO  http.HttpServer2 (HttpServer2.java:addFilter(948)) - Added filter static_user_filter (class=org.apache.hadoop.http.lib.StaticUserWebFilter$StaticUserFilter) to context hddsDatanode
2019-07-13 07:23:51,438 INFO  http.HttpServer2 (HttpServer2.java:addFilter(958)) - Added filter static_user_filter (class=org.apache.hadoop.http.lib.StaticUserWebFilter$StaticUserFilter) to context logs
2019-07-13 07:23:51,439 INFO  http.HttpServer2 (HttpServer2.java:addFilter(958)) - Added filter static_user_filter (class=org.apache.hadoop.http.lib.StaticUserWebFilter$StaticUserFilter) to context static
2019-07-13 07:23:51,439 INFO  http.HttpServer2 (HttpServer2.java:bindListener(1191)) - Jetty bound to port 36550
2019-07-13 07:23:51,439 INFO  server.Server (Server.java:doStart(351)) - jetty-9.3.24.v20180605, build timestamp: 2018-06-05T17:11:56Z, git hash: 84205aa28f11a4f31f2a3b86d1bba2cc8ab69827
2019-07-13 07:23:51,441 INFO  handler.ContextHandler (ContextHandler.java:doStart(781)) - Started o.e.j.s.ServletContextHandler@55300b93{/logs,file:///tmp/workdir/hadoop-ozone/integration-test/target/log,AVAILABLE}
2019-07-13 07:23:51,441 INFO  handler.ContextHandler (ContextHandler.java:doStart(781)) - Started o.e.j.s.ServletContextHandler@4353db40{/static,jar:file:/home/user/.m2/repository/org/apache/hadoop/hadoop-hdds-container-service/0.5.0-SNAPSHOT/hadoop-hdds-container-service-0.5.0-SNAPSHOT.jar!/webapps/static,AVAILABLE}
2019-07-13 07:23:51,468 INFO  handler.ContextHandler (ContextHandler.java:doStart(781)) - Started o.e.j.w.WebAppContext@400d1c30{/,file:///tmp/jetty-0.0.0.0-36550-hddsDatanode-_-any-2529680825096179840.dir/webapp/,AVAILABLE}{/hddsDatanode}
2019-07-13 07:23:51,468 INFO  server.AbstractConnector (AbstractConnector.java:doStart(278)) - Started ServerConnector@3b9a2629{HTTP/1.1,[http/1.1]}{0.0.0.0:36550}
2019-07-13 07:23:51,472 INFO  server.Server (Server.java:doStart(419)) - Started @94510ms
2019-07-13 07:23:51,472 INFO  server.BaseHttpServer (BaseHttpServer.java:updateConnectorAddress(207)) - HTTP server of HDDSDATANODE is listening at http://0.0.0.0:36550
2019-07-13 07:23:51,581 INFO  ozone.HddsDatanodeService (HddsDatanodeService.java:startPlugins(396)) - Started plug-in org.apache.hadoop.ozone.web.OzoneHddsDatanodeService@229fe7ab
2019-07-13 07:23:51,582 INFO  ozone.MiniOzoneClusterImpl (MiniOzoneClusterImpl.java:lambda$waitForClusterToBeReady$0(142)) - Waiting for cluster to be ready. Got 0 of 6 DN Heartbeats.
2019-07-13 07:23:51,583 INFO  util.JvmPauseMonitor (JvmPauseMonitor.java:run(188)) - Starting JVM pause monitor
2019-07-13 07:23:51,585 INFO  datanode.InitDatanodeState (InitDatanodeState.java:persistContainerDatanodeDetails(140)) - DatanodeDetails is persisted to /tmp/workdir/hadoop-ozone/integration-test/target/test-dir/MiniOzoneClusterImpl-c9fbaf72-4ac0-424a-a2d4-982d8f0d8e26/datanode-5/meta/datanode.id
2019-07-13 07:23:52,582 INFO  ozone.MiniOzoneClusterImpl (MiniOzoneClusterImpl.java:lambda$waitForClusterToBeReady$0(142)) - Waiting for cluster to be ready. Got 0 of 6 DN Heartbeats.
2019-07-13 07:23:52,660 INFO  ozoneimpl.OzoneContainer (OzoneContainer.java:start(186)) - Attempting to start container services.
2019-07-13 07:23:52,661 INFO  ozoneimpl.OzoneContainer (OzoneContainer.java:startContainerScrub(160)) - Background container scrubber has been disabled by hdds.containerscrub.enabled
2019-07-13 07:23:52,661 INFO  ratis.XceiverServerRatis (XceiverServerRatis.java:start(418)) - Starting XceiverServerRatis c9b476ec-1c93-423e-9659-d334a51175a4 at port 0
2019-07-13 07:23:52,668 INFO  impl.RaftServerProxy (RaftServerProxy.java:lambda$start$3(299)) - c9b476ec-1c93-423e-9659-d334a51175a4: start RPC server
2019-07-13 07:23:52,669 INFO  server.GrpcService (GrpcService.java:startImpl(149)) - c9b476ec-1c93-423e-9659-d334a51175a4: GrpcService started, listening on 0.0.0.0/0.0.0.0:39274
2019-07-13 07:23:52,669 INFO  ratis.XceiverServerRatis (XceiverServerRatis.java:start(428)) - XceiverServerRatis c9b476ec-1c93-423e-9659-d334a51175a4 is started using port 39274
2019-07-13 07:23:52,670 INFO  server.XceiverServerGrpc (XceiverServerGrpc.java:start(161)) - XceiverServerGrpc c9b476ec-1c93-423e-9659-d334a51175a4 is started using port 34541
2019-07-13 07:23:52,877 INFO  ozoneimpl.OzoneContainer (OzoneContainer.java:start(186)) - Attempting to start container services.
2019-07-13 07:23:52,877 INFO  ozoneimpl.OzoneContainer (OzoneContainer.java:startContainerScrub(160)) - Background container scrubber has been disabled by hdds.containerscrub.enabled
2019-07-13 07:23:52,878 INFO  ratis.XceiverServerRatis (XceiverServerRatis.java:start(418)) - Starting XceiverServerRatis bd68fe04-e0d0-41cf-b5c6-9e8d7c51f834 at port 0
2019-07-13 07:23:52,885 INFO  impl.RaftServerProxy (RaftServerProxy.java:lambda$start$3(299)) - bd68fe04-e0d0-41cf-b5c6-9e8d7c51f834: start RPC server
2019-07-13 07:23:52,886 INFO  server.GrpcService (GrpcService.java:startImpl(149)) - bd68fe04-e0d0-41cf-b5c6-9e8d7c51f834: GrpcService started, listening on 0.0.0.0/0.0.0.0:33939
2019-07-13 07:23:52,886 INFO  ratis.XceiverServerRatis (XceiverServerRatis.java:start(428)) - XceiverServerRatis bd68fe04-e0d0-41cf-b5c6-9e8d7c51f834 is started using port 33939
2019-07-13 07:23:52,887 INFO  server.XceiverServerGrpc (XceiverServerGrpc.java:start(161)) - XceiverServerGrpc bd68fe04-e0d0-41cf-b5c6-9e8d7c51f834 is started using port 37232
2019-07-13 07:23:53,059 INFO  ozoneimpl.OzoneContainer (OzoneContainer.java:start(186)) - Attempting to start container services.
2019-07-13 07:23:53,059 INFO  ozoneimpl.OzoneContainer (OzoneContainer.java:startContainerScrub(160)) - Background container scrubber has been disabled by hdds.containerscrub.enabled
2019-07-13 07:23:53,059 INFO  ratis.XceiverServerRatis (XceiverServerRatis.java:start(418)) - Starting XceiverServerRatis aa3e1aa5-f501-4c7e-af90-62cced1437a2 at port 0
2019-07-13 07:23:53,067 INFO  impl.RaftServerProxy (RaftServerProxy.java:lambda$start$3(299)) - aa3e1aa5-f501-4c7e-af90-62cced1437a2: start RPC server
2019-07-13 07:23:53,067 INFO  server.GrpcService (GrpcService.java:startImpl(149)) - aa3e1aa5-f501-4c7e-af90-62cced1437a2: GrpcService started, listening on 0.0.0.0/0.0.0.0:32941
2019-07-13 07:23:53,068 INFO  ratis.XceiverServerRatis (XceiverServerRatis.java:start(428)) - XceiverServerRatis aa3e1aa5-f501-4c7e-af90-62cced1437a2 is started using port 32941
2019-07-13 07:23:53,068 INFO  server.XceiverServerGrpc (XceiverServerGrpc.java:start(161)) - XceiverServerGrpc aa3e1aa5-f501-4c7e-af90-62cced1437a2 is started using port 41142
2019-07-13 07:23:53,239 INFO  ozoneimpl.OzoneContainer (OzoneContainer.java:start(186)) - Attempting to start container services.
2019-07-13 07:23:53,239 INFO  ozoneimpl.OzoneContainer (OzoneContainer.java:startContainerScrub(160)) - Background container scrubber has been disabled by hdds.containerscrub.enabled
2019-07-13 07:23:53,240 INFO  ratis.XceiverServerRatis (XceiverServerRatis.java:start(418)) - Starting XceiverServerRatis b6a2e03e-f3bd-4b9a-b2cc-05e16fdeb3db at port 0
2019-07-13 07:23:53,247 INFO  impl.RaftServerProxy (RaftServerProxy.java:lambda$start$3(299)) - b6a2e03e-f3bd-4b9a-b2cc-05e16fdeb3db: start RPC server
2019-07-13 07:23:53,248 INFO  server.GrpcService (GrpcService.java:startImpl(149)) - b6a2e03e-f3bd-4b9a-b2cc-05e16fdeb3db: GrpcService started, listening on 0.0.0.0/0.0.0.0:37076
2019-07-13 07:23:53,248 INFO  ratis.XceiverServerRatis (XceiverServerRatis.java:start(428)) - XceiverServerRatis b6a2e03e-f3bd-4b9a-b2cc-05e16fdeb3db is started using port 37076
2019-07-13 07:23:53,249 INFO  server.XceiverServerGrpc (XceiverServerGrpc.java:start(161)) - XceiverServerGrpc b6a2e03e-f3bd-4b9a-b2cc-05e16fdeb3db is started using port 37250
2019-07-13 07:23:53,417 INFO  ozoneimpl.OzoneContainer (OzoneContainer.java:start(186)) - Attempting to start container services.
2019-07-13 07:23:53,417 INFO  ozoneimpl.OzoneContainer (OzoneContainer.java:startContainerScrub(160)) - Background container scrubber has been disabled by hdds.containerscrub.enabled
2019-07-13 07:23:53,417 INFO  ratis.XceiverServerRatis (XceiverServerRatis.java:start(418)) - Starting XceiverServerRatis 77e76158-35fc-4695-b3e3-a902d0efea44 at port 0
2019-07-13 07:23:53,425 INFO  impl.RaftServerProxy (RaftServerProxy.java:lambda$start$3(299)) - 77e76158-35fc-4695-b3e3-a902d0efea44: start RPC server
2019-07-13 07:23:53,426 INFO  server.GrpcService (GrpcService.java:startImpl(149)) - 77e76158-35fc-4695-b3e3-a902d0efea44: GrpcService started, listening on 0.0.0.0/0.0.0.0:39278
2019-07-13 07:23:53,426 INFO  ratis.XceiverServerRatis (XceiverServerRatis.java:start(428)) - XceiverServerRatis 77e76158-35fc-4695-b3e3-a902d0efea44 is started using port 39278
2019-07-13 07:23:53,426 INFO  server.XceiverServerGrpc (XceiverServerGrpc.java:start(161)) - XceiverServerGrpc 77e76158-35fc-4695-b3e3-a902d0efea44 is started using port 39847
2019-07-13 07:23:53,582 INFO  ozone.MiniOzoneClusterImpl (MiniOzoneClusterImpl.java:lambda$waitForClusterToBeReady$0(142)) - Waiting for cluster to be ready. Got 0 of 6 DN Heartbeats.
2019-07-13 07:23:53,598 INFO  ozoneimpl.OzoneContainer (OzoneContainer.java:start(186)) - Attempting to start container services.
2019-07-13 07:23:53,598 INFO  ozoneimpl.OzoneContainer (OzoneContainer.java:startContainerScrub(160)) - Background container scrubber has been disabled by hdds.containerscrub.enabled
2019-07-13 07:23:53,598 INFO  ratis.XceiverServerRatis (XceiverServerRatis.java:start(418)) - Starting XceiverServerRatis c18e5551-1800-40d1-9af7-9b9ec855c36c at port 0
2019-07-13 07:23:53,606 INFO  impl.RaftServerProxy (RaftServerProxy.java:lambda$start$3(299)) - c18e5551-1800-40d1-9af7-9b9ec855c36c: start RPC server
2019-07-13 07:23:53,606 INFO  server.GrpcService (GrpcService.java:startImpl(149)) - c18e5551-1800-40d1-9af7-9b9ec855c36c: GrpcService started, listening on 0.0.0.0/0.0.0.0:40728
2019-07-13 07:23:53,607 INFO  ratis.XceiverServerRatis (XceiverServerRatis.java:start(428)) - XceiverServerRatis c18e5551-1800-40d1-9af7-9b9ec855c36c is started using port 40728
2019-07-13 07:23:53,607 INFO  server.XceiverServerGrpc (XceiverServerGrpc.java:start(161)) - XceiverServerGrpc c18e5551-1800-40d1-9af7-9b9ec855c36c is started using port 34017
2019-07-13 07:23:54,583 INFO  ozone.MiniOzoneClusterImpl (MiniOzoneClusterImpl.java:lambda$waitForClusterToBeReady$0(142)) - Waiting for cluster to be ready. Got 0 of 6 DN Heartbeats.
2019-07-13 07:23:54,643 INFO  net.NetworkTopology (NetworkTopologyImpl.java:add(110)) - Added a new node: /default-rack/192.168.69.84
2019-07-13 07:23:54,649 INFO  node.SCMNodeManager (SCMNodeManager.java:register(269)) - Registered Data node : c9b476ec-1c93-423e-9659-d334a51175a4{ip: 192.168.69.84, host: trunk-nightly-9lh4p-2362225927, networkLocation: /default-rack, certSerialId: null}
2019-07-13 07:23:54,649 INFO  safemode.SCMSafeModeManager (DataNodeSafeModeRule.java:process(71)) - SCM in safe mode. 1 DataNodes registered, 1 required.
2019-07-13 07:23:54,654 INFO  safemode.SCMSafeModeManager (SCMSafeModeManager.java:validateSafeModeExitRules(177)) - ScmSafeModeManager, all rules are successfully validated
2019-07-13 07:23:54,654 INFO  safemode.SCMSafeModeManager (SCMSafeModeManager.java:exitSafeMode(193)) - SCM exiting safe mode.
2019-07-13 07:23:54,665 INFO  impl.RaftServerProxy (RaftServerProxy.java:addNew(89)) - c9b476ec-1c93-423e-9659-d334a51175a4: addNew group-59C9E45CD894:[c9b476ec-1c93-423e-9659-d334a51175a4:192.168.69.84:39274] returns group-59C9E45CD894:java.util.concurrent.CompletableFuture@703aae3[Not completed]
2019-07-13 07:23:54,666 INFO  impl.RaftServerImpl (RaftServerImpl.java:<init>(93)) - c9b476ec-1c93-423e-9659-d334a51175a4: new RaftServerImpl for group-59C9E45CD894:[c9b476ec-1c93-423e-9659-d334a51175a4:192.168.69.84:39274] with ContainerStateMachine:uninitialized
2019-07-13 07:23:54,666 INFO  server.RaftServerConfigKeys (ConfUtils.java:logGet(43)) - raft.server.rpc.timeout.min = 5s (custom)
2019-07-13 07:23:54,666 INFO  server.RaftServerConfigKeys (ConfUtils.java:logGet(43)) - raft.server.rpc.timeout.max = 5200ms (custom)
2019-07-13 07:23:54,666 INFO  server.RaftServerConfigKeys (ConfUtils.java:logGet(43)) - raft.server.rpcslowness.timeout = 120s (custom)
2019-07-13 07:23:54,667 INFO  server.RaftServerConfigKeys (ConfUtils.java:logGet(43)) - raft.server.sleep.deviation.threshold = 300 (default)
2019-07-13 07:23:54,667 INFO  server.RaftServerConfigKeys (ConfUtils.java:logGet(43)) - raft.server.log.appender.install.snapshot.enabled = false (custom)
2019-07-13 07:23:54,667 INFO  impl.RaftServerImpl (ServerState.java:<init>(105)) - c9b476ec-1c93-423e-9659-d334a51175a4:group-59C9E45CD894 ConfigurationManager, init=-1: [c9b476ec-1c93-423e-9659-d334a51175a4:192.168.69.84:39274], old=null, confs=<EMPTY_MAP>
2019-07-13 07:23:54,667 INFO  server.RaftServerConfigKeys (ConfUtils.java:logGet(43)) - raft.server.storage.dir = [/tmp/workdir/hadoop-ozone/integration-test/target/test-dir/MiniOzoneClusterImpl-c9fbaf72-4ac0-424a-a2d4-982d8f0d8e26/datanode-0/data/ratis] (custom)
2019-07-13 07:23:54,668 INFO  storage.RaftStorageDirectory (RaftStorageDirectory.java:analyzeStorage(246)) - The storage directory /tmp/workdir/hadoop-ozone/integration-test/target/test-dir/MiniOzoneClusterImpl-c9fbaf72-4ac0-424a-a2d4-982d8f0d8e26/datanode-0/data/ratis/d6eb7c1c-5a37-4123-a053-59c9e45cd894 does not exist. Creating ...
2019-07-13 07:23:54,681 INFO  storage.RaftStorageDirectory (RaftStorageDirectory.java:tryLock(328)) - Lock on /tmp/workdir/hadoop-ozone/integration-test/target/test-dir/MiniOzoneClusterImpl-c9fbaf72-4ac0-424a-a2d4-982d8f0d8e26/datanode-0/data/ratis/d6eb7c1c-5a37-4123-a053-59c9e45cd894/in_use.lock acquired by nodename 15876@trunk-nightly-9lh4p-2362225927
2019-07-13 07:23:54,685 INFO  storage.RaftStorage (RaftStorage.java:format(72)) - Storage directory /tmp/workdir/hadoop-ozone/integration-test/target/test-dir/MiniOzoneClusterImpl-c9fbaf72-4ac0-424a-a2d4-982d8f0d8e26/datanode-0/data/ratis/d6eb7c1c-5a37-4123-a053-59c9e45cd894 has been successfully formatted.
2019-07-13 07:23:54,686 INFO  ratis.ContainerStateMachine (ContainerStateMachine.java:loadSnapshot(200)) - The snapshot info is null.Setting the last applied index to:(t:0, i:~)
2019-07-13 07:23:54,686 INFO  server.RaftServerConfigKeys (ConfUtils.java:logGet(43)) - raft.server.leader.election.timeout = 120s (custom)
2019-07-13 07:23:54,686 INFO  server.RaftServerConfigKeys (ConfUtils.java:logGet(43)) - raft.server.log.use.memory = false (default)
2019-07-13 07:23:54,686 INFO  server.RaftServerConfigKeys (ConfUtils.java:logGet(43)) - raft.server.log.purge.gap = 1000000000 (custom)
2019-07-13 07:23:54,686 INFO  server.RaftServerConfigKeys (ConfUtils.java:logGet(43)) - raft.server.log.appender.buffer.byte-limit = 33554432 (custom)
2019-07-13 07:23:54,686 INFO  server.RaftServerConfigKeys (ConfUtils.java:logGet(43)) - raft.server.log.segment.size.max = 1048576 (custom)
2019-07-13 07:23:54,687 INFO  server.RaftServerConfigKeys (ConfUtils.java:logGet(43)) - raft.server.log.segment.cache.num.max = 2 (custom)
2019-07-13 07:23:54,687 INFO  segmented.SegmentedRaftLogWorker (SegmentedRaftLogWorker.java:<init>(172)) - new c9b476ec-1c93-423e-9659-d334a51175a4-SegmentedRaftLogWorker:Storage Directory /tmp/workdir/hadoop-ozone/integration-test/target/test-dir/MiniOzoneClusterImpl-c9fbaf72-4ac0-424a-a2d4-982d8f0d8e26/datanode-0/data/ratis/d6eb7c1c-5a37-4123-a053-59c9e45cd894 for RaftStorage:Storage Directory /tmp/workdir/hadoop-ozone/integration-test/target/test-dir/MiniOzoneClusterImpl-c9fbaf72-4ac0-424a-a2d4-982d8f0d8e26/datanode-0/data/ratis/d6eb7c1c-5a37-4123-a053-59c9e45cd894
2019-07-13 07:23:54,687 INFO  server.RaftServerConfigKeys (ConfUtils.java:logGet(43)) - raft.server.log.queue.byte-limit = 2147483647 (custom)
2019-07-13 07:23:54,687 INFO  server.RaftServerConfigKeys (ConfUtils.java:logGet(43)) - raft.server.log.queue.element-limit = 1024 (custom)
2019-07-13 07:23:54,688 INFO  server.RaftServerConfigKeys (ConfUtils.java:logGet(43)) - raft.server.log.segment.size.max = 1048576 (custom)
2019-07-13 07:23:54,688 INFO  server.RaftServerConfigKeys (ConfUtils.java:logGet(43)) - raft.server.log.preallocated.size = 16384 (custom)
2019-07-13 07:23:54,688 INFO  server.RaftServerConfigKeys (ConfUtils.java:logGet(43)) - raft.server.log.write.buffer.size = 33554432 (custom)
2019-07-13 07:23:54,688 INFO  server.RaftServerConfigKeys (ConfUtils.java:logGet(43)) - raft.server.log.force.sync.num = 128 (default)
2019-07-13 07:23:54,688 INFO  server.RaftServerConfigKeys (ConfUtils.java:logGet(43)) - raft.server.log.statemachine.data.sync = true (default)
2019-07-13 07:23:54,688 INFO  server.RaftServerConfigKeys (ConfUtils.java:logGet(43)) - raft.server.log.statemachine.data.sync.timeout = 10s (default)
2019-07-13 07:23:54,689 INFO  server.RaftServerConfigKeys (ConfUtils.java:logGet(43)) - raft.server.log.statemachine.data.sync.timeout.retry = -1 (default)
2019-07-13 07:23:54,689 INFO  server.RaftServerConfigKeys (ConfUtils.java:logGet(43)) - raft.server.log.statemachine.data.caching.enabled = true (custom)
2019-07-13 07:23:54,689 INFO  segmented.SegmentedRaftLogWorker (SegmentedRaftLogWorker.java:lambda$new$0(132)) - c9b476ec-1c93-423e-9659-d334a51175a4-SegmentedRaftLogWorker:Storage Directory /tmp/workdir/hadoop-ozone/integration-test/target/test-dir/MiniOzoneClusterImpl-c9fbaf72-4ac0-424a-a2d4-982d8f0d8e26/datanode-0/data/ratis/d6eb7c1c-5a37-4123-a053-59c9e45cd894: flushIndex: setUnconditionally 0 -> -1
2019-07-13 07:23:54,690 INFO  server.RaftServerConfigKeys (ConfUtils.java:logGet(43)) - raft.server.snapshot.auto.trigger.enabled = true (custom)
2019-07-13 07:23:54,690 INFO  server.RaftServerConfigKeys (ConfUtils.java:logGet(43)) - raft.server.snapshot.auto.trigger.threshold = 10000 (custom)
2019-07-13 07:23:54,690 INFO  server.RaftServerConfigKeys (ConfUtils.java:logGet(43)) - raft.server.retrycache.expirytime = 600000ms (custom)
2019-07-13 07:23:54,690 INFO  impl.RaftServerImpl (RaftServerImpl.java:start(180)) - c9b476ec-1c93-423e-9659-d334a51175a4: start group-59C9E45CD894
2019-07-13 07:23:54,691 INFO  impl.RaftServerImpl (RaftServerImpl.java:setRole(171)) - c9b476ec-1c93-423e-9659-d334a51175a4:group-59C9E45CD894 changes role from null to FOLLOWER at term 0 for startAsFollower
2019-07-13 07:23:54,691 INFO  impl.RoleInfo (RoleInfo.java:updateAndGet(143)) - c9b476ec-1c93-423e-9659-d334a51175a4: start FollowerState
2019-07-13 07:23:54,691 INFO  util.JmxRegister (JmxRegister.java:tryRegister(44)) - Successfully registered JMX Bean with object name Ratis:service=RaftServer,group=group-59C9E45CD894,id=c9b476ec-1c93-423e-9659-d334a51175a4
2019-07-13 07:23:54,694 INFO  pipeline.PipelineStateManager (PipelineStateManager.java:addPipeline(56)) - Created pipeline Pipeline[ Id: d6eb7c1c-5a37-4123-a053-59c9e45cd894, Nodes: c9b476ec-1c93-423e-9659-d334a51175a4{ip: 192.168.69.84, host: trunk-nightly-9lh4p-2362225927, networkLocation: /default-rack, certSerialId: null}, Type:RATIS, Factor:ONE, State:OPEN]
2019-07-13 07:23:54,864 INFO  node.SCMNodeManager (SCMNodeManager.java:register(269)) - Registered Data node : bd68fe04-e0d0-41cf-b5c6-9e8d7c51f834{ip: 192.168.69.84, host: trunk-nightly-9lh4p-2362225927, networkLocation: /default-rack, certSerialId: null}
2019-07-13 07:23:54,901 INFO  impl.RaftServerProxy (RaftServerProxy.java:addNew(89)) - bd68fe04-e0d0-41cf-b5c6-9e8d7c51f834: addNew group-BB25B29FBC1C:[bd68fe04-e0d0-41cf-b5c6-9e8d7c51f834:192.168.69.84:33939] returns group-BB25B29FBC1C:java.util.concurrent.CompletableFuture@25012032[Not completed]
2019-07-13 07:23:54,902 INFO  impl.RaftServerImpl (RaftServerImpl.java:<init>(93)) - bd68fe04-e0d0-41cf-b5c6-9e8d7c51f834: new RaftServerImpl for group-BB25B29FBC1C:[bd68fe04-e0d0-41cf-b5c6-9e8d7c51f834:192.168.69.84:33939] with ContainerStateMachine:uninitialized
2019-07-13 07:23:54,903 INFO  server.RaftServerConfigKeys (ConfUtils.java:logGet(43)) - raft.server.rpc.timeout.min = 5s (custom)
2019-07-13 07:23:54,903 INFO  server.RaftServerConfigKeys (ConfUtils.java:logGet(43)) - raft.server.rpc.timeout.max = 5200ms (custom)
2019-07-13 07:23:54,903 INFO  server.RaftServerConfigKeys (ConfUtils.java:logGet(43)) - raft.server.rpcslowness.timeout = 120s (custom)
2019-07-13 07:23:54,903 INFO  server.RaftServerConfigKeys (ConfUtils.java:logGet(43)) - raft.server.sleep.deviation.threshold = 300 (default)
2019-07-13 07:23:54,903 INFO  server.RaftServerConfigKeys (ConfUtils.java:logGet(43)) - raft.server.log.appender.install.snapshot.enabled = false (custom)
2019-07-13 07:23:54,903 INFO  impl.RaftServerImpl (ServerState.java:<init>(105)) - bd68fe04-e0d0-41cf-b5c6-9e8d7c51f834:group-BB25B29FBC1C ConfigurationManager, init=-1: [bd68fe04-e0d0-41cf-b5c6-9e8d7c51f834:192.168.69.84:33939], old=null, confs=<EMPTY_MAP>
2019-07-13 07:23:54,904 INFO  server.RaftServerConfigKeys (ConfUtils.java:logGet(43)) - raft.server.storage.dir = [/tmp/workdir/hadoop-ozone/integration-test/target/test-dir/MiniOzoneClusterImpl-c9fbaf72-4ac0-424a-a2d4-982d8f0d8e26/datanode-1/data/ratis] (custom)
2019-07-13 07:23:54,904 INFO  storage.RaftStorageDirectory (RaftStorageDirectory.java:analyzeStorage(246)) - The storage directory /tmp/workdir/hadoop-ozone/integration-test/target/test-dir/MiniOzoneClusterImpl-c9fbaf72-4ac0-424a-a2d4-982d8f0d8e26/datanode-1/data/ratis/4e6a394f-38f1-49de-a097-bb25b29fbc1c does not exist. Creating ...
2019-07-13 07:23:54,916 INFO  storage.RaftStorageDirectory (RaftStorageDirectory.java:tryLock(328)) - Lock on /tmp/workdir/hadoop-ozone/integration-test/target/test-dir/MiniOzoneClusterImpl-c9fbaf72-4ac0-424a-a2d4-982d8f0d8e26/datanode-1/data/ratis/4e6a394f-38f1-49de-a097-bb25b29fbc1c/in_use.lock acquired by nodename 15876@trunk-nightly-9lh4p-2362225927
2019-07-13 07:23:54,920 INFO  storage.RaftStorage (RaftStorage.java:format(72)) - Storage directory /tmp/workdir/hadoop-ozone/integration-test/target/test-dir/MiniOzoneClusterImpl-c9fbaf72-4ac0-424a-a2d4-982d8f0d8e26/datanode-1/data/ratis/4e6a394f-38f1-49de-a097-bb25b29fbc1c has been successfully formatted.
2019-07-13 07:23:54,920 INFO  ratis.ContainerStateMachine (ContainerStateMachine.java:loadSnapshot(200)) - The snapshot info is null.Setting the last applied index to:(t:0, i:~)
2019-07-13 07:23:54,920 INFO  server.RaftServerConfigKeys (ConfUtils.java:logGet(43)) - raft.server.leader.election.timeout = 120s (custom)
2019-07-13 07:23:54,921 INFO  server.RaftServerConfigKeys (ConfUtils.java:logGet(43)) - raft.server.log.use.memory = false (default)
2019-07-13 07:23:54,921 INFO  server.RaftServerConfigKeys (ConfUtils.java:logGet(43)) - raft.server.log.purge.gap = 1000000000 (custom)
2019-07-13 07:23:54,921 INFO  server.RaftServerConfigKeys (ConfUtils.java:logGet(43)) - raft.server.log.appender.buffer.byte-limit = 33554432 (custom)
2019-07-13 07:23:54,921 INFO  server.RaftServerConfigKeys (ConfUtils.java:logGet(43)) - raft.server.log.segment.size.max = 1048576 (custom)
2019-07-13 07:23:54,921 INFO  server.RaftServerConfigKeys (ConfUtils.java:logGet(43)) - raft.server.log.segment.cache.num.max = 2 (custom)
2019-07-13 07:23:54,921 INFO  segmented.SegmentedRaftLogWorker (SegmentedRaftLogWorker.java:<init>(172)) - new bd68fe04-e0d0-41cf-b5c6-9e8d7c51f834-SegmentedRaftLogWorker:Storage Directory /tmp/workdir/hadoop-ozone/integration-test/target/test-dir/MiniOzoneClusterImpl-c9fbaf72-4ac0-424a-a2d4-982d8f0d8e26/datanode-1/data/ratis/4e6a394f-38f1-49de-a097-bb25b29fbc1c for RaftStorage:Storage Directory /tmp/workdir/hadoop-ozone/integration-test/target/test-dir/MiniOzoneClusterImpl-c9fbaf72-4ac0-424a-a2d4-982d8f0d8e26/datanode-1/data/ratis/4e6a394f-38f1-49de-a097-bb25b29fbc1c
2019-07-13 07:23:54,922 INFO  server.RaftServerConfigKeys (ConfUtils.java:logGet(43)) - raft.server.log.queue.byte-limit = 2147483647 (custom)
2019-07-13 07:23:54,922 INFO  server.RaftServerConfigKeys (ConfUtils.java:logGet(43)) - raft.server.log.queue.element-limit = 1024 (custom)
2019-07-13 07:23:54,922 INFO  server.RaftServerConfigKeys (ConfUtils.java:logGet(43)) - raft.server.log.segment.size.max = 1048576 (custom)
2019-07-13 07:23:54,922 INFO  server.RaftServerConfigKeys (ConfUtils.java:logGet(43)) - raft.server.log.preallocated.size = 16384 (custom)
2019-07-13 07:23:54,922 INFO  server.RaftServerConfigKeys (ConfUtils.java:logGet(43)) - raft.server.log.write.buffer.size = 33554432 (custom)
2019-07-13 07:23:54,923 INFO  server.RaftServerConfigKeys (ConfUtils.java:logGet(43)) - raft.server.log.force.sync.num = 128 (default)
2019-07-13 07:23:54,923 INFO  server.RaftServerConfigKeys (ConfUtils.java:logGet(43)) - raft.server.log.statemachine.data.sync = true (default)
2019-07-13 07:23:54,923 INFO  server.RaftServerConfigKeys (ConfUtils.java:logGet(43)) - raft.server.log.statemachine.data.sync.timeout = 10s (default)
2019-07-13 07:23:54,923 INFO  server.RaftServerConfigKeys (ConfUtils.java:logGet(43)) - raft.server.log.statemachine.data.sync.timeout.retry = -1 (default)
2019-07-13 07:23:54,923 INFO  server.RaftServerConfigKeys (ConfUtils.java:logGet(43)) - raft.server.log.statemachine.data.caching.enabled = true (custom)
2019-07-13 07:23:54,924 INFO  segmented.SegmentedRaftLogWorker (SegmentedRaftLogWorker.java:lambda$new$0(132)) - bd68fe04-e0d0-41cf-b5c6-9e8d7c51f834-SegmentedRaftLogWorker:Storage Directory /tmp/workdir/hadoop-ozone/integration-test/target/test-dir/MiniOzoneClusterImpl-c9fbaf72-4ac0-424a-a2d4-982d8f0d8e26/datanode-1/data/ratis/4e6a394f-38f1-49de-a097-bb25b29fbc1c: flushIndex: setUnconditionally 0 -> -1
2019-07-13 07:23:54,924 INFO  server.RaftServerConfigKeys (ConfUtils.java:logGet(43)) - raft.server.snapshot.auto.trigger.enabled = true (custom)
2019-07-13 07:23:54,925 INFO  server.RaftServerConfigKeys (ConfUtils.java:logGet(43)) - raft.server.snapshot.auto.trigger.threshold = 10000 (custom)
2019-07-13 07:23:54,925 INFO  server.RaftServerConfigKeys (ConfUtils.java:logGet(43)) - raft.server.retrycache.expirytime = 600000ms (custom)
2019-07-13 07:23:54,925 INFO  impl.RaftServerImpl (RaftServerImpl.java:start(180)) - bd68fe04-e0d0-41cf-b5c6-9e8d7c51f834: start group-BB25B29FBC1C
2019-07-13 07:23:54,925 INFO  impl.RaftServerImpl (RaftServerImpl.java:setRole(171)) - bd68fe04-e0d0-41cf-b5c6-9e8d7c51f834:group-BB25B29FBC1C changes role from null to FOLLOWER at term 0 for startAsFollower
2019-07-13 07:23:54,925 INFO  impl.RoleInfo (RoleInfo.java:updateAndGet(143)) - bd68fe04-e0d0-41cf-b5c6-9e8d7c51f834: start FollowerState
2019-07-13 07:23:54,926 INFO  util.JmxRegister (JmxRegister.java:tryRegister(44)) - Successfully registered JMX Bean with object name Ratis:service=RaftServer,group=group-BB25B29FBC1C,id=bd68fe04-e0d0-41cf-b5c6-9e8d7c51f834
2019-07-13 07:23:54,929 INFO  pipeline.PipelineStateManager (PipelineStateManager.java:addPipeline(56)) - Created pipeline Pipeline[ Id: 4e6a394f-38f1-49de-a097-bb25b29fbc1c, Nodes: bd68fe04-e0d0-41cf-b5c6-9e8d7c51f834{ip: 192.168.69.84, host: trunk-nightly-9lh4p-2362225927, networkLocation: /default-rack, certSerialId: null}, Type:RATIS, Factor:ONE, State:OPEN]
2019-07-13 07:23:55,042 INFO  node.SCMNodeManager (SCMNodeManager.java:register(269)) - Registered Data node : aa3e1aa5-f501-4c7e-af90-62cced1437a2{ip: 192.168.69.84, host: trunk-nightly-9lh4p-2362225927, networkLocation: /default-rack, certSerialId: null}
2019-07-13 07:23:55,054 INFO  impl.RaftServerProxy (RaftServerProxy.java:addNew(89)) - aa3e1aa5-f501-4c7e-af90-62cced1437a2: addNew group-DB059788179F:[aa3e1aa5-f501-4c7e-af90-62cced1437a2:192.168.69.84:32941] returns group-DB059788179F:java.util.concurrent.CompletableFuture@219e22cd[Not completed]
2019-07-13 07:23:55,055 INFO  impl.RaftServerImpl (RaftServerImpl.java:<init>(93)) - aa3e1aa5-f501-4c7e-af90-62cced1437a2: new RaftServerImpl for group-DB059788179F:[aa3e1aa5-f501-4c7e-af90-62cced1437a2:192.168.69.84:32941] with ContainerStateMachine:uninitialized
2019-07-13 07:23:55,055 INFO  server.RaftServerConfigKeys (ConfUtils.java:logGet(43)) - raft.server.rpc.timeout.min = 5s (custom)
2019-07-13 07:23:55,056 INFO  server.RaftServerConfigKeys (ConfUtils.java:logGet(43)) - raft.server.rpc.timeout.max = 5200ms (custom)
2019-07-13 07:23:55,056 INFO  server.RaftServerConfigKeys (ConfUtils.java:logGet(43)) - raft.server.rpcslowness.timeout = 120s (custom)
2019-07-13 07:23:55,056 INFO  server.RaftServerConfigKeys (ConfUtils.java:logGet(43)) - raft.server.sleep.deviation.threshold = 300 (default)
2019-07-13 07:23:55,056 INFO  server.RaftServerConfigKeys (ConfUtils.java:logGet(43)) - raft.server.log.appender.install.snapshot.enabled = false (custom)
2019-07-13 07:23:55,056 INFO  impl.RaftServerImpl (ServerState.java:<init>(105)) - aa3e1aa5-f501-4c7e-af90-62cced1437a2:group-DB059788179F ConfigurationManager, init=-1: [aa3e1aa5-f501-4c7e-af90-62cced1437a2:192.168.69.84:32941], old=null, confs=<EMPTY_MAP>
2019-07-13 07:23:55,056 INFO  server.RaftServerConfigKeys (ConfUtils.java:logGet(43)) - raft.server.storage.dir = [/tmp/workdir/hadoop-ozone/integration-test/target/test-dir/MiniOzoneClusterImpl-c9fbaf72-4ac0-424a-a2d4-982d8f0d8e26/datanode-2/data/ratis] (custom)
2019-07-13 07:23:55,057 INFO  storage.RaftStorageDirectory (RaftStorageDirectory.java:analyzeStorage(246)) - The storage directory /tmp/workdir/hadoop-ozone/integration-test/target/test-dir/MiniOzoneClusterImpl-c9fbaf72-4ac0-424a-a2d4-982d8f0d8e26/datanode-2/data/ratis/29457697-718f-4680-b0b2-db059788179f does not exist. Creating ...
2019-07-13 07:23:55,070 INFO  storage.RaftStorageDirectory (RaftStorageDirectory.java:tryLock(328)) - Lock on /tmp/workdir/hadoop-ozone/integration-test/target/test-dir/MiniOzoneClusterImpl-c9fbaf72-4ac0-424a-a2d4-982d8f0d8e26/datanode-2/data/ratis/29457697-718f-4680-b0b2-db059788179f/in_use.lock acquired by nodename 15876@trunk-nightly-9lh4p-2362225927
2019-07-13 07:23:55,084 INFO  storage.RaftStorage (RaftStorage.java:format(72)) - Storage directory /tmp/workdir/hadoop-ozone/integration-test/target/test-dir/MiniOzoneClusterImpl-c9fbaf72-4ac0-424a-a2d4-982d8f0d8e26/datanode-2/data/ratis/29457697-718f-4680-b0b2-db059788179f has been successfully formatted.
2019-07-13 07:23:55,084 INFO  ratis.ContainerStateMachine (ContainerStateMachine.java:loadSnapshot(200)) - The snapshot info is null.Setting the last applied index to:(t:0, i:~)
2019-07-13 07:23:55,085 INFO  server.RaftServerConfigKeys (ConfUtils.java:logGet(43)) - raft.server.leader.election.timeout = 120s (custom)
2019-07-13 07:23:55,085 INFO  server.RaftServerConfigKeys (ConfUtils.java:logGet(43)) - raft.server.log.use.memory = false (default)
2019-07-13 07:23:55,085 INFO  server.RaftServerConfigKeys (ConfUtils.java:logGet(43)) - raft.server.log.purge.gap = 1000000000 (custom)
2019-07-13 07:23:55,085 INFO  server.RaftServerConfigKeys (ConfUtils.java:logGet(43)) - raft.server.log.appender.buffer.byte-limit = 33554432 (custom)
2019-07-13 07:23:55,085 INFO  server.RaftServerConfigKeys (ConfUtils.java:logGet(43)) - raft.server.log.segment.size.max = 1048576 (custom)
2019-07-13 07:23:55,085 INFO  server.RaftServerConfigKeys (ConfUtils.java:logGet(43)) - raft.server.log.segment.cache.num.max = 2 (custom)
2019-07-13 07:23:55,085 INFO  segmented.SegmentedRaftLogWorker (SegmentedRaftLogWorker.java:<init>(172)) - new aa3e1aa5-f501-4c7e-af90-62cced1437a2-SegmentedRaftLogWorker:Storage Directory /tmp/workdir/hadoop-ozone/integration-test/target/test-dir/MiniOzoneClusterImpl-c9fbaf72-4ac0-424a-a2d4-982d8f0d8e26/datanode-2/data/ratis/29457697-718f-4680-b0b2-db059788179f for RaftStorage:Storage Directory /tmp/workdir/hadoop-ozone/integration-test/target/test-dir/MiniOzoneClusterImpl-c9fbaf72-4ac0-424a-a2d4-982d8f0d8e26/datanode-2/data/ratis/29457697-718f-4680-b0b2-db059788179f
2019-07-13 07:23:55,086 INFO  server.RaftServerConfigKeys (ConfUtils.java:logGet(43)) - raft.server.log.queue.byte-limit = 2147483647 (custom)
2019-07-13 07:23:55,086 INFO  server.RaftServerConfigKeys (ConfUtils.java:logGet(43)) - raft.server.log.queue.element-limit = 1024 (custom)
2019-07-13 07:23:55,086 INFO  server.RaftServerConfigKeys (ConfUtils.java:logGet(43)) - raft.server.log.segment.size.max = 1048576 (custom)
2019-07-13 07:23:55,086 INFO  server.RaftServerConfigKeys (ConfUtils.java:logGet(43)) - raft.server.log.preallocated.size = 16384 (custom)
2019-07-13 07:23:55,086 INFO  server.RaftServerConfigKeys (ConfUtils.java:logGet(43)) - raft.server.log.write.buffer.size = 33554432 (custom)
2019-07-13 07:23:55,087 INFO  server.RaftServerConfigKeys (ConfUtils.java:logGet(43)) - raft.server.log.force.sync.num = 128 (default)
2019-07-13 07:23:55,087 INFO  server.RaftServerConfigKeys (ConfUtils.java:logGet(43)) - raft.server.log.statemachine.data.sync = true (default)
2019-07-13 07:23:55,087 INFO  server.RaftServerConfigKeys (ConfUtils.java:logGet(43)) - raft.server.log.statemachine.data.sync.timeout = 10s (default)
2019-07-13 07:23:55,087 INFO  server.RaftServerConfigKeys (ConfUtils.java:logGet(43)) - raft.server.log.statemachine.data.sync.timeout.retry = -1 (default)
2019-07-13 07:23:55,087 INFO  server.RaftServerConfigKeys (ConfUtils.java:logGet(43)) - raft.server.log.statemachine.data.caching.enabled = true (custom)
2019-07-13 07:23:55,088 INFO  segmented.SegmentedRaftLogWorker (SegmentedRaftLogWorker.java:lambda$new$0(132)) - aa3e1aa5-f501-4c7e-af90-62cced1437a2-SegmentedRaftLogWorker:Storage Directory /tmp/workdir/hadoop-ozone/integration-test/target/test-dir/MiniOzoneClusterImpl-c9fbaf72-4ac0-424a-a2d4-982d8f0d8e26/datanode-2/data/ratis/29457697-718f-4680-b0b2-db059788179f: flushIndex: setUnconditionally 0 -> -1
2019-07-13 07:23:55,088 INFO  server.RaftServerConfigKeys (ConfUtils.java:logGet(43)) - raft.server.snapshot.auto.trigger.enabled = true (custom)
2019-07-13 07:23:55,088 INFO  server.RaftServerConfigKeys (ConfUtils.java:logGet(43)) - raft.server.snapshot.auto.trigger.threshold = 10000 (custom)
2019-07-13 07:23:55,088 INFO  server.RaftServerConfigKeys (ConfUtils.java:logGet(43)) - raft.server.retrycache.expirytime = 600000ms (custom)
2019-07-13 07:23:55,088 INFO  impl.RaftServerImpl (RaftServerImpl.java:start(180)) - aa3e1aa5-f501-4c7e-af90-62cced1437a2: start group-DB059788179F
2019-07-13 07:23:55,089 INFO  impl.RaftServerImpl (RaftServerImpl.java:setRole(171)) - aa3e1aa5-f501-4c7e-af90-62cced1437a2:group-DB059788179F changes role from null to FOLLOWER at term 0 for startAsFollower
2019-07-13 07:23:55,089 INFO  impl.RoleInfo (RoleInfo.java:updateAndGet(143)) - aa3e1aa5-f501-4c7e-af90-62cced1437a2: start FollowerState
2019-07-13 07:23:55,089 INFO  util.JmxRegister (JmxRegister.java:tryRegister(44)) - Successfully registered JMX Bean with object name Ratis:service=RaftServer,group=group-DB059788179F,id=aa3e1aa5-f501-4c7e-af90-62cced1437a2
2019-07-13 07:23:55,091 INFO  pipeline.PipelineStateManager (PipelineStateManager.java:addPipeline(56)) - Created pipeline Pipeline[ Id: 29457697-718f-4680-b0b2-db059788179f, Nodes: aa3e1aa5-f501-4c7e-af90-62cced1437a2{ip: 192.168.69.84, host: trunk-nightly-9lh4p-2362225927, networkLocation: /default-rack, certSerialId: null}, Type:RATIS, Factor:ONE, State:OPEN]
2019-07-13 07:23:55,107 INFO  impl.RaftServerProxy (RaftServerProxy.java:addNew(89)) - bd68fe04-e0d0-41cf-b5c6-9e8d7c51f834: addNew group-0931D272AF22:[aa3e1aa5-f501-4c7e-af90-62cced1437a2:192.168.69.84:32941, bd68fe04-e0d0-41cf-b5c6-9e8d7c51f834:192.168.69.84:33939, c9b476ec-1c93-423e-9659-d334a51175a4:192.168.69.84:39274] returns group-0931D272AF22:java.util.concurrent.CompletableFuture@3fc40e1c[Not completed]
2019-07-13 07:23:55,108 INFO  impl.RaftServerProxy (RaftServerProxy.java:addNew(89)) - aa3e1aa5-f501-4c7e-af90-62cced1437a2: addNew group-0931D272AF22:[aa3e1aa5-f501-4c7e-af90-62cced1437a2:192.168.69.84:32941, bd68fe04-e0d0-41cf-b5c6-9e8d7c51f834:192.168.69.84:33939, c9b476ec-1c93-423e-9659-d334a51175a4:192.168.69.84:39274] returns group-0931D272AF22:java.util.concurrent.CompletableFuture@3cd26dd1[Not completed]
2019-07-13 07:23:55,108 INFO  impl.RaftServerProxy (RaftServerProxy.java:addNew(89)) - c9b476ec-1c93-423e-9659-d334a51175a4: addNew group-0931D272AF22:[aa3e1aa5-f501-4c7e-af90-62cced1437a2:192.168.69.84:32941, bd68fe04-e0d0-41cf-b5c6-9e8d7c51f834:192.168.69.84:33939, c9b476ec-1c93-423e-9659-d334a51175a4:192.168.69.84:39274] returns group-0931D272AF22:java.util.concurrent.CompletableFuture@4af74ece[Not completed]
2019-07-13 07:23:55,108 INFO  impl.RaftServerImpl (RaftServerImpl.java:<init>(93)) - bd68fe04-e0d0-41cf-b5c6-9e8d7c51f834: new RaftServerImpl for group-0931D272AF22:[aa3e1aa5-f501-4c7e-af90-62cced1437a2:192.168.69.84:32941, bd68fe04-e0d0-41cf-b5c6-9e8d7c51f834:192.168.69.84:33939, c9b476ec-1c93-423e-9659-d334a51175a4:192.168.69.84:39274] with ContainerStateMachine:uninitialized
2019-07-13 07:23:55,108 INFO  server.RaftServerConfigKeys (ConfUtils.java:logGet(43)) - raft.server.rpc.timeout.min = 5s (custom)
2019-07-13 07:23:55,108 INFO  server.RaftServerConfigKeys (ConfUtils.java:logGet(43)) - raft.server.rpc.timeout.max = 5200ms (custom)
2019-07-13 07:23:55,109 INFO  server.RaftServerConfigKeys (ConfUtils.java:logGet(43)) - raft.server.rpcslowness.timeout = 120s (custom)
2019-07-13 07:23:55,109 INFO  impl.RaftServerImpl (RaftServerImpl.java:<init>(93)) - aa3e1aa5-f501-4c7e-af90-62cced1437a2: new RaftServerImpl for group-0931D272AF22:[aa3e1aa5-f501-4c7e-af90-62cced1437a2:192.168.69.84:32941, bd68fe04-e0d0-41cf-b5c6-9e8d7c51f834:192.168.69.84:33939, c9b476ec-1c93-423e-9659-d334a51175a4:192.168.69.84:39274] with ContainerStateMachine:uninitialized
2019-07-13 07:23:55,109 INFO  server.RaftServerConfigKeys (ConfUtils.java:logGet(43)) - raft.server.sleep.deviation.threshold = 300 (default)
2019-07-13 07:23:55,109 INFO  server.RaftServerConfigKeys (ConfUtils.java:logGet(43)) - raft.server.rpc.timeout.min = 5s (custom)
2019-07-13 07:23:55,109 INFO  impl.RaftServerImpl (RaftServerImpl.java:<init>(93)) - c9b476ec-1c93-423e-9659-d334a51175a4: new RaftServerImpl for group-0931D272AF22:[aa3e1aa5-f501-4c7e-af90-62cced1437a2:192.168.69.84:32941, bd68fe04-e0d0-41cf-b5c6-9e8d7c51f834:192.168.69.84:33939, c9b476ec-1c93-423e-9659-d334a51175a4:192.168.69.84:39274] with ContainerStateMachine:uninitialized
2019-07-13 07:23:55,109 INFO  server.RaftServerConfigKeys (ConfUtils.java:logGet(43)) - raft.server.log.appender.install.snapshot.enabled = false (custom)
2019-07-13 07:23:55,109 INFO  server.RaftServerConfigKeys (ConfUtils.java:logGet(43)) - raft.server.rpc.timeout.min = 5s (custom)
2019-07-13 07:23:55,109 INFO  server.RaftServerConfigKeys (ConfUtils.java:logGet(43)) - raft.server.rpc.timeout.max = 5200ms (custom)
2019-07-13 07:23:55,109 INFO  server.RaftServerConfigKeys (ConfUtils.java:logGet(43)) - raft.server.rpc.timeout.max = 5200ms (custom)
2019-07-13 07:23:55,110 INFO  server.RaftServerConfigKeys (ConfUtils.java:logGet(43)) - raft.server.rpcslowness.timeout = 120s (custom)
2019-07-13 07:23:55,110 INFO  server.RaftServerConfigKeys (ConfUtils.java:logGet(43)) - raft.server.sleep.deviation.threshold = 300 (default)
2019-07-13 07:23:55,109 INFO  impl.RaftServerImpl (ServerState.java:<init>(105)) - bd68fe04-e0d0-41cf-b5c6-9e8d7c51f834:group-0931D272AF22 ConfigurationManager, init=-1: [aa3e1aa5-f501-4c7e-af90-62cced1437a2:192.168.69.84:32941, bd68fe04-e0d0-41cf-b5c6-9e8d7c51f834:192.168.69.84:33939, c9b476ec-1c93-423e-9659-d334a51175a4:192.168.69.84:39274], old=null, confs=<EMPTY_MAP>
2019-07-13 07:23:55,110 INFO  server.RaftServerConfigKeys (ConfUtils.java:logGet(43)) - raft.server.log.appender.install.snapshot.enabled = false (custom)
2019-07-13 07:23:55,110 INFO  server.RaftServerConfigKeys (ConfUtils.java:logGet(43)) - raft.server.rpcslowness.timeout = 120s (custom)
2019-07-13 07:23:55,110 INFO  impl.RaftServerImpl (ServerState.java:<init>(105)) - c9b476ec-1c93-423e-9659-d334a51175a4:group-0931D272AF22 ConfigurationManager, init=-1: [aa3e1aa5-f501-4c7e-af90-62cced1437a2:192.168.69.84:32941, bd68fe04-e0d0-41cf-b5c6-9e8d7c51f834:192.168.69.84:33939, c9b476ec-1c93-423e-9659-d334a51175a4:192.168.69.84:39274], old=null, confs=<EMPTY_MAP>
2019-07-13 07:23:55,110 INFO  server.RaftServerConfigKeys (ConfUtils.java:logGet(43)) - raft.server.storage.dir = [/tmp/workdir/hadoop-ozone/integration-test/target/test-dir/MiniOzoneClusterImpl-c9fbaf72-4ac0-424a-a2d4-982d8f0d8e26/datanode-1/data/ratis] (custom)
2019-07-13 07:23:55,111 INFO  server.RaftServerConfigKeys (ConfUtils.java:logGet(43)) - raft.server.storage.dir = [/tmp/workdir/hadoop-ozone/integration-test/target/test-dir/MiniOzoneClusterImpl-c9fbaf72-4ac0-424a-a2d4-982d8f0d8e26/datanode-0/data/ratis] (custom)
2019-07-13 07:23:55,111 INFO  server.RaftServerConfigKeys (ConfUtils.java:logGet(43)) - raft.server.sleep.deviation.threshold = 300 (default)
2019-07-13 07:23:55,111 INFO  storage.RaftStorageDirectory (RaftStorageDirectory.java:analyzeStorage(246)) - The storage directory /tmp/workdir/hadoop-ozone/integration-test/target/test-dir/MiniOzoneClusterImpl-c9fbaf72-4ac0-424a-a2d4-982d8f0d8e26/datanode-1/data/ratis/0c543b5f-edb4-46b1-9d3d-0931d272af22 does not exist. Creating ...
2019-07-13 07:23:55,111 INFO  storage.RaftStorageDirectory (RaftStorageDirectory.java:analyzeStorage(246)) - The storage directory /tmp/workdir/hadoop-ozone/integration-test/target/test-dir/MiniOzoneClusterImpl-c9fbaf72-4ac0-424a-a2d4-982d8f0d8e26/datanode-0/data/ratis/0c543b5f-edb4-46b1-9d3d-0931d272af22 does not exist. Creating ...
2019-07-13 07:23:55,111 INFO  server.RaftServerConfigKeys (ConfUtils.java:logGet(43)) - raft.server.log.appender.install.snapshot.enabled = false (custom)
2019-07-13 07:23:55,112 INFO  impl.RaftServerImpl (ServerState.java:<init>(105)) - aa3e1aa5-f501-4c7e-af90-62cced1437a2:group-0931D272AF22 ConfigurationManager, init=-1: [aa3e1aa5-f501-4c7e-af90-62cced1437a2:192.168.69.84:32941, bd68fe04-e0d0-41cf-b5c6-9e8d7c51f834:192.168.69.84:33939, c9b476ec-1c93-423e-9659-d334a51175a4:192.168.69.84:39274], old=null, confs=<EMPTY_MAP>
2019-07-13 07:23:55,112 INFO  server.RaftServerConfigKeys (ConfUtils.java:logGet(43)) - raft.server.storage.dir = [/tmp/workdir/hadoop-ozone/integration-test/target/test-dir/MiniOzoneClusterImpl-c9fbaf72-4ac0-424a-a2d4-982d8f0d8e26/datanode-2/data/ratis] (custom)
2019-07-13 07:23:55,112 INFO  storage.RaftStorageDirectory (RaftStorageDirectory.java:analyzeStorage(246)) - The storage directory /tmp/workdir/hadoop-ozone/integration-test/target/test-dir/MiniOzoneClusterImpl-c9fbaf72-4ac0-424a-a2d4-982d8f0d8e26/datanode-2/data/ratis/0c543b5f-edb4-46b1-9d3d-0931d272af22 does not exist. Creating ...
2019-07-13 07:23:55,125 INFO  storage.RaftStorageDirectory (RaftStorageDirectory.java:tryLock(328)) - Lock on /tmp/workdir/hadoop-ozone/integration-test/target/test-dir/MiniOzoneClusterImpl-c9fbaf72-4ac0-424a-a2d4-982d8f0d8e26/datanode-2/data/ratis/0c543b5f-edb4-46b1-9d3d-0931d272af22/in_use.lock acquired by nodename 15876@trunk-nightly-9lh4p-2362225927
2019-07-13 07:23:55,125 INFO  storage.RaftStorageDirectory (RaftStorageDirectory.java:tryLock(328)) - Lock on /tmp/workdir/hadoop-ozone/integration-test/target/test-dir/MiniOzoneClusterImpl-c9fbaf72-4ac0-424a-a2d4-982d8f0d8e26/datanode-1/data/ratis/0c543b5f-edb4-46b1-9d3d-0931d272af22/in_use.lock acquired by nodename 15876@trunk-nightly-9lh4p-2362225927
2019-07-13 07:23:55,125 INFO  storage.RaftStorageDirectory (RaftStorageDirectory.java:tryLock(328)) - Lock on /tmp/workdir/hadoop-ozone/integration-test/target/test-dir/MiniOzoneClusterImpl-c9fbaf72-4ac0-424a-a2d4-982d8f0d8e26/datanode-0/data/ratis/0c543b5f-edb4-46b1-9d3d-0931d272af22/in_use.lock acquired by nodename 15876@trunk-nightly-9lh4p-2362225927
2019-07-13 07:23:55,139 INFO  storage.RaftStorage (RaftStorage.java:format(72)) - Storage directory /tmp/workdir/hadoop-ozone/integration-test/target/test-dir/MiniOzoneClusterImpl-c9fbaf72-4ac0-424a-a2d4-982d8f0d8e26/datanode-1/data/ratis/0c543b5f-edb4-46b1-9d3d-0931d272af22 has been successfully formatted.
2019-07-13 07:23:55,139 INFO  storage.RaftStorage (RaftStorage.java:format(72)) - Storage directory /tmp/workdir/hadoop-ozone/integration-test/target/test-dir/MiniOzoneClusterImpl-c9fbaf72-4ac0-424a-a2d4-982d8f0d8e26/datanode-2/data/ratis/0c543b5f-edb4-46b1-9d3d-0931d272af22 has been successfully formatted.
2019-07-13 07:23:55,139 INFO  storage.RaftStorage (RaftStorage.java:format(72)) - Storage directory /tmp/workdir/hadoop-ozone/integration-test/target/test-dir/MiniOzoneClusterImpl-c9fbaf72-4ac0-424a-a2d4-982d8f0d8e26/datanode-0/data/ratis/0c543b5f-edb4-46b1-9d3d-0931d272af22 has been successfully formatted.
2019-07-13 07:23:55,139 INFO  ratis.ContainerStateMachine (ContainerStateMachine.java:loadSnapshot(200)) - The snapshot info is null.Setting the last applied index to:(t:0, i:~)
2019-07-13 07:23:55,139 INFO  ratis.ContainerStateMachine (ContainerStateMachine.java:loadSnapshot(200)) - The snapshot info is null.Setting the last applied index to:(t:0, i:~)
2019-07-13 07:23:55,140 INFO  server.RaftServerConfigKeys (ConfUtils.java:logGet(43)) - raft.server.leader.election.timeout = 120s (custom)
2019-07-13 07:23:55,140 INFO  ratis.ContainerStateMachine (ContainerStateMachine.java:loadSnapshot(200)) - The snapshot info is null.Setting the last applied index to:(t:0, i:~)
2019-07-13 07:23:55,140 INFO  server.RaftServerConfigKeys (ConfUtils.java:logGet(43)) - raft.server.log.use.memory = false (default)
2019-07-13 07:23:55,140 INFO  server.RaftServerConfigKeys (ConfUtils.java:logGet(43)) - raft.server.leader.election.timeout = 120s (custom)
2019-07-13 07:23:55,140 INFO  server.RaftServerConfigKeys (ConfUtils.java:logGet(43)) - raft.server.log.purge.gap = 1000000000 (custom)
2019-07-13 07:23:55,140 INFO  server.RaftServerConfigKeys (ConfUtils.java:logGet(43)) - raft.server.leader.election.timeout = 120s (custom)
2019-07-13 07:23:55,141 INFO  server.RaftServerConfigKeys (ConfUtils.java:logGet(43)) - raft.server.log.appender.buffer.byte-limit = 33554432 (custom)
2019-07-13 07:23:55,140 INFO  server.RaftServerConfigKeys (ConfUtils.java:logGet(43)) - raft.server.log.use.memory = false (default)
2019-07-13 07:23:55,141 INFO  server.RaftServerConfigKeys (ConfUtils.java:logGet(43)) - raft.server.log.segment.size.max = 1048576 (custom)
2019-07-13 07:23:55,141 INFO  server.RaftServerConfigKeys (ConfUtils.java:logGet(43)) - raft.server.log.use.memory = false (default)
2019-07-13 07:23:55,141 INFO  server.RaftServerConfigKeys (ConfUtils.java:logGet(43)) - raft.server.log.segment.cache.num.max = 2 (custom)
2019-07-13 07:23:55,141 INFO  server.RaftServerConfigKeys (ConfUtils.java:logGet(43)) - raft.server.log.purge.gap = 1000000000 (custom)
2019-07-13 07:23:55,142 INFO  segmented.SegmentedRaftLogWorker (SegmentedRaftLogWorker.java:<init>(172)) - new aa3e1aa5-f501-4c7e-af90-62cced1437a2-SegmentedRaftLogWorker:Storage Directory /tmp/workdir/hadoop-ozone/integration-test/target/test-dir/MiniOzoneClusterImpl-c9fbaf72-4ac0-424a-a2d4-982d8f0d8e26/datanode-2/data/ratis/0c543b5f-edb4-46b1-9d3d-0931d272af22 for RaftStorage:Storage Directory /tmp/workdir/hadoop-ozone/integration-test/target/test-dir/MiniOzoneClusterImpl-c9fbaf72-4ac0-424a-a2d4-982d8f0d8e26/datanode-2/data/ratis/0c543b5f-edb4-46b1-9d3d-0931d272af22
2019-07-13 07:23:55,141 INFO  server.RaftServerConfigKeys (ConfUtils.java:logGet(43)) - raft.server.log.purge.gap = 1000000000 (custom)
2019-07-13 07:23:55,142 INFO  server.RaftServerConfigKeys (ConfUtils.java:logGet(43)) - raft.server.log.queue.byte-limit = 2147483647 (custom)
2019-07-13 07:23:55,142 INFO  server.RaftServerConfigKeys (ConfUtils.java:logGet(43)) - raft.server.log.queue.element-limit = 1024 (custom)
2019-07-13 07:23:55,142 INFO  server.RaftServerConfigKeys (ConfUtils.java:logGet(43)) - raft.server.log.appender.buffer.byte-limit = 33554432 (custom)
2019-07-13 07:23:55,142 INFO  server.RaftServerConfigKeys (ConfUtils.java:logGet(43)) - raft.server.log.segment.size.max = 1048576 (custom)
2019-07-13 07:23:55,142 INFO  server.RaftServerConfigKeys (ConfUtils.java:logGet(43)) - raft.server.log.appender.buffer.byte-limit = 33554432 (custom)
2019-07-13 07:23:55,143 INFO  server.RaftServerConfigKeys (ConfUtils.java:logGet(43)) - raft.server.log.preallocated.size = 16384 (custom)
2019-07-13 07:23:55,143 INFO  server.RaftServerConfigKeys (ConfUtils.java:logGet(43)) - raft.server.log.segment.size.max = 1048576 (custom)
2019-07-13 07:23:55,143 INFO  server.RaftServerConfigKeys (ConfUtils.java:logGet(43)) - raft.server.log.write.buffer.size = 33554432 (custom)
2019-07-13 07:23:55,143 INFO  server.RaftServerConfigKeys (ConfUtils.java:logGet(43)) - raft.server.log.force.sync.num = 128 (default)
2019-07-13 07:23:55,143 INFO  server.RaftServerConfigKeys (ConfUtils.java:logGet(43)) - raft.server.log.segment.size.max = 1048576 (custom)
2019-07-13 07:23:55,143 INFO  server.RaftServerConfigKeys (ConfUtils.java:logGet(43)) - raft.server.log.statemachine.data.sync = true (default)
2019-07-13 07:23:55,144 INFO  server.RaftServerConfigKeys (ConfUtils.java:logGet(43)) - raft.server.log.statemachine.data.sync.timeout = 10s (default)
2019-07-13 07:23:55,143 INFO  server.RaftServerConfigKeys (ConfUtils.java:logGet(43)) - raft.server.log.segment.cache.num.max = 2 (custom)
2019-07-13 07:23:55,144 INFO  server.RaftServerConfigKeys (ConfUtils.java:logGet(43)) - raft.server.log.statemachine.data.sync.timeout.retry = -1 (default)
2019-07-13 07:23:55,144 INFO  server.RaftServerConfigKeys (ConfUtils.java:logGet(43)) - raft.server.log.segment.cache.num.max = 2 (custom)
2019-07-13 07:23:55,144 INFO  server.RaftServerConfigKeys (ConfUtils.java:logGet(43)) - raft.server.log.statemachine.data.caching.enabled = true (custom)
2019-07-13 07:23:55,144 INFO  segmented.SegmentedRaftLogWorker (SegmentedRaftLogWorker.java:<init>(172)) - new bd68fe04-e0d0-41cf-b5c6-9e8d7c51f834-SegmentedRaftLogWorker:Storage Directory /tmp/workdir/hadoop-ozone/integration-test/target/test-dir/MiniOzoneClusterImpl-c9fbaf72-4ac0-424a-a2d4-982d8f0d8e26/datanode-1/data/ratis/0c543b5f-edb4-46b1-9d3d-0931d272af22 for RaftStorage:Storage Directory /tmp/workdir/hadoop-ozone/integration-test/target/test-dir/MiniOzoneClusterImpl-c9fbaf72-4ac0-424a-a2d4-982d8f0d8e26/datanode-1/data/ratis/0c543b5f-edb4-46b1-9d3d-0931d272af22
2019-07-13 07:23:55,145 INFO  segmented.SegmentedRaftLogWorker (SegmentedRaftLogWorker.java:lambda$new$0(132)) - aa3e1aa5-f501-4c7e-af90-62cced1437a2-SegmentedRaftLogWorker:Storage Directory /tmp/workdir/hadoop-ozone/integration-test/target/test-dir/MiniOzoneClusterImpl-c9fbaf72-4ac0-424a-a2d4-982d8f0d8e26/datanode-2/data/ratis/0c543b5f-edb4-46b1-9d3d-0931d272af22: flushIndex: setUnconditionally 0 -> -1
2019-07-13 07:23:55,145 INFO  segmented.SegmentedRaftLogWorker (SegmentedRaftLogWorker.java:<init>(172)) - new c9b476ec-1c93-423e-9659-d334a51175a4-SegmentedRaftLogWorker:Storage Directory /tmp/workdir/hadoop-ozone/integration-test/target/test-dir/MiniOzoneClusterImpl-c9fbaf72-4ac0-424a-a2d4-982d8f0d8e26/datanode-0/data/ratis/0c543b5f-edb4-46b1-9d3d-0931d272af22 for RaftStorage:Storage Directory /tmp/workdir/hadoop-ozone/integration-test/target/test-dir/MiniOzoneClusterImpl-c9fbaf72-4ac0-424a-a2d4-982d8f0d8e26/datanode-0/data/ratis/0c543b5f-edb4-46b1-9d3d-0931d272af22
2019-07-13 07:23:55,145 INFO  server.RaftServerConfigKeys (ConfUtils.java:logGet(43)) - raft.server.log.queue.byte-limit = 2147483647 (custom)
2019-07-13 07:23:55,145 INFO  server.RaftServerConfigKeys (ConfUtils.java:logGet(43)) - raft.server.snapshot.auto.trigger.enabled = true (custom)
2019-07-13 07:23:55,145 INFO  server.RaftServerConfigKeys (ConfUtils.java:logGet(43)) - raft.server.log.queue.byte-limit = 2147483647 (custom)
2019-07-13 07:23:55,146 INFO  server.RaftServerConfigKeys (ConfUtils.java:logGet(43)) - raft.server.snapshot.auto.trigger.threshold = 10000 (custom)
2019-07-13 07:23:55,145 INFO  server.RaftServerConfigKeys (ConfUtils.java:logGet(43)) - raft.server.log.queue.element-limit = 1024 (custom)
2019-07-13 07:23:55,146 INFO  server.RaftServerConfigKeys (ConfUtils.java:logGet(43)) - raft.server.retrycache.expirytime = 600000ms (custom)
2019-07-13 07:23:55,146 INFO  server.RaftServerConfigKeys (ConfUtils.java:logGet(43)) - raft.server.log.queue.element-limit = 1024 (custom)
2019-07-13 07:23:55,146 INFO  impl.RaftServerImpl (RaftServerImpl.java:start(180)) - aa3e1aa5-f501-4c7e-af90-62cced1437a2: start group-0931D272AF22
2019-07-13 07:23:55,147 INFO  impl.RaftServerImpl (RaftServerImpl.java:setRole(171)) - aa3e1aa5-f501-4c7e-af90-62cced1437a2:group-0931D272AF22 changes role from null to FOLLOWER at term 0 for startAsFollower
2019-07-13 07:23:55,146 INFO  server.RaftServerConfigKeys (ConfUtils.java:logGet(43)) - raft.server.log.segment.size.max = 1048576 (custom)
2019-07-13 07:23:55,147 INFO  impl.RoleInfo (RoleInfo.java:updateAndGet(143)) - aa3e1aa5-f501-4c7e-af90-62cced1437a2: start FollowerState
2019-07-13 07:23:55,146 INFO  server.RaftServerConfigKeys (ConfUtils.java:logGet(43)) - raft.server.log.segment.size.max = 1048576 (custom)
2019-07-13 07:23:55,147 INFO  server.RaftServerConfigKeys (ConfUtils.java:logGet(43)) - raft.server.log.preallocated.size = 16384 (custom)
2019-07-13 07:23:55,147 INFO  server.RaftServerConfigKeys (ConfUtils.java:logGet(43)) - raft.server.log.preallocated.size = 16384 (custom)
2019-07-13 07:23:55,147 INFO  server.RaftServerConfigKeys (ConfUtils.java:logGet(43)) - raft.server.log.write.buffer.size = 33554432 (custom)
2019-07-13 07:23:55,147 INFO  util.JmxRegister (JmxRegister.java:tryRegister(44)) - Successfully registered JMX Bean with object name Ratis:service=RaftServer,group=group-0931D272AF22,id=aa3e1aa5-f501-4c7e-af90-62cced1437a2
2019-07-13 07:23:55,148 INFO  server.RaftServerConfigKeys (ConfUtils.java:logGet(43)) - raft.server.log.force.sync.num = 128 (default)
2019-07-13 07:23:55,148 INFO  server.RaftServerConfigKeys (ConfUtils.java:logGet(43)) - raft.server.log.write.buffer.size = 33554432 (custom)
2019-07-13 07:23:55,148 INFO  server.RaftServerConfigKeys (ConfUtils.java:logGet(43)) - raft.server.log.statemachine.data.sync = true (default)
2019-07-13 07:23:55,148 INFO  server.RaftServerConfigKeys (ConfUtils.java:logGet(43)) - raft.server.log.force.sync.num = 128 (default)
2019-07-13 07:23:55,148 INFO  server.RaftServerConfigKeys (ConfUtils.java:logGet(43)) - raft.server.log.statemachine.data.sync.timeout = 10s (default)
2019-07-13 07:23:55,149 INFO  server.RaftServerConfigKeys (ConfUtils.java:logGet(43)) - raft.server.log.statemachine.data.sync = true (default)
2019-07-13 07:23:55,149 INFO  server.RaftServerConfigKeys (ConfUtils.java:logGet(43)) - raft.server.log.statemachine.data.sync.timeout.retry = -1 (default)
2019-07-13 07:23:55,149 INFO  server.RaftServerConfigKeys (ConfUtils.java:logGet(43)) - raft.server.log.statemachine.data.sync.timeout = 10s (default)
2019-07-13 07:23:55,149 INFO  server.RaftServerConfigKeys (ConfUtils.java:logGet(43)) - raft.server.log.statemachine.data.caching.enabled = true (custom)
2019-07-13 07:23:55,149 INFO  server.RaftServerConfigKeys (ConfUtils.java:logGet(43)) - raft.server.log.statemachine.data.sync.timeout.retry = -1 (default)
2019-07-13 07:23:55,150 INFO  server.RaftServerConfigKeys (ConfUtils.java:logGet(43)) - raft.server.log.statemachine.data.caching.enabled = true (custom)
2019-07-13 07:23:55,150 INFO  segmented.SegmentedRaftLogWorker (SegmentedRaftLogWorker.java:lambda$new$0(132)) - bd68fe04-e0d0-41cf-b5c6-9e8d7c51f834-SegmentedRaftLogWorker:Storage Directory /tmp/workdir/hadoop-ozone/integration-test/target/test-dir/MiniOzoneClusterImpl-c9fbaf72-4ac0-424a-a2d4-982d8f0d8e26/datanode-1/data/ratis/0c543b5f-edb4-46b1-9d3d-0931d272af22: flushIndex: setUnconditionally 0 -> -1
2019-07-13 07:23:55,150 INFO  segmented.SegmentedRaftLogWorker (SegmentedRaftLogWorker.java:lambda$new$0(132)) - c9b476ec-1c93-423e-9659-d334a51175a4-SegmentedRaftLogWorker:Storage Directory /tmp/workdir/hadoop-ozone/integration-test/target/test-dir/MiniOzoneClusterImpl-c9fbaf72-4ac0-424a-a2d4-982d8f0d8e26/datanode-0/data/ratis/0c543b5f-edb4-46b1-9d3d-0931d272af22: flushIndex: setUnconditionally 0 -> -1
2019-07-13 07:23:55,150 INFO  server.RaftServerConfigKeys (ConfUtils.java:logGet(43)) - raft.server.snapshot.auto.trigger.enabled = true (custom)
2019-07-13 07:23:55,150 INFO  server.RaftServerConfigKeys (ConfUtils.java:logGet(43)) - raft.server.snapshot.auto.trigger.threshold = 10000 (custom)
2019-07-13 07:23:55,150 INFO  server.RaftServerConfigKeys (ConfUtils.java:logGet(43)) - raft.server.snapshot.auto.trigger.enabled = true (custom)
2019-07-13 07:23:55,150 INFO  server.RaftServerConfigKeys (ConfUtils.java:logGet(43)) - raft.server.retrycache.expirytime = 600000ms (custom)
2019-07-13 07:23:55,151 INFO  server.RaftServerConfigKeys (ConfUtils.java:logGet(43)) - raft.server.snapshot.auto.trigger.threshold = 10000 (custom)
2019-07-13 07:23:55,151 INFO  impl.RaftServerImpl (RaftServerImpl.java:start(180)) - bd68fe04-e0d0-41cf-b5c6-9e8d7c51f834: start group-0931D272AF22
2019-07-13 07:23:55,151 INFO  server.RaftServerConfigKeys (ConfUtils.java:logGet(43)) - raft.server.retrycache.expirytime = 600000ms (custom)
2019-07-13 07:23:55,151 INFO  impl.RaftServerImpl (RaftServerImpl.java:setRole(171)) - bd68fe04-e0d0-41cf-b5c6-9e8d7c51f834:group-0931D272AF22 changes role from null to FOLLOWER at term 0 for startAsFollower
2019-07-13 07:23:55,151 INFO  impl.RaftServerImpl (RaftServerImpl.java:start(180)) - c9b476ec-1c93-423e-9659-d334a51175a4: start group-0931D272AF22
2019-07-13 07:23:55,151 INFO  impl.RoleInfo (RoleInfo.java:updateAndGet(143)) - bd68fe04-e0d0-41cf-b5c6-9e8d7c51f834: start FollowerState
2019-07-13 07:23:55,151 INFO  impl.RaftServerImpl (RaftServerImpl.java:setRole(171)) - c9b476ec-1c93-423e-9659-d334a51175a4:group-0931D272AF22 changes role from null to FOLLOWER at term 0 for startAsFollower
2019-07-13 07:23:55,152 INFO  impl.RoleInfo (RoleInfo.java:updateAndGet(143)) - c9b476ec-1c93-423e-9659-d334a51175a4: start FollowerState
2019-07-13 07:23:55,152 INFO  util.JmxRegister (JmxRegister.java:tryRegister(44)) - Successfully registered JMX Bean with object name Ratis:service=RaftServer,group=group-0931D272AF22,id=bd68fe04-e0d0-41cf-b5c6-9e8d7c51f834
2019-07-13 07:23:55,152 INFO  util.JmxRegister (JmxRegister.java:tryRegister(44)) - Successfully registered JMX Bean with object name Ratis:service=RaftServer,group=group-0931D272AF22,id=c9b476ec-1c93-423e-9659-d334a51175a4
2019-07-13 07:23:55,155 INFO  pipeline.PipelineStateManager (PipelineStateManager.java:addPipeline(56)) - Created pipeline Pipeline[ Id: 0c543b5f-edb4-46b1-9d3d-0931d272af22, Nodes: c9b476ec-1c93-423e-9659-d334a51175a4{ip: 192.168.69.84, host: trunk-nightly-9lh4p-2362225927, networkLocation: /default-rack, certSerialId: null}bd68fe04-e0d0-41cf-b5c6-9e8d7c51f834{ip: 192.168.69.84, host: trunk-nightly-9lh4p-2362225927, networkLocation: /default-rack, certSerialId: null}aa3e1aa5-f501-4c7e-af90-62cced1437a2{ip: 192.168.69.84, host: trunk-nightly-9lh4p-2362225927, networkLocation: /default-rack, certSerialId: null}, Type:RATIS, Factor:THREE, State:OPEN]
2019-07-13 07:23:55,225 INFO  node.SCMNodeManager (SCMNodeManager.java:register(269)) - Registered Data node : b6a2e03e-f3bd-4b9a-b2cc-05e16fdeb3db{ip: 192.168.69.84, host: trunk-nightly-9lh4p-2362225927, networkLocation: /default-rack, certSerialId: null}
2019-07-13 07:23:55,236 INFO  impl.RaftServerProxy (RaftServerProxy.java:addNew(89)) - b6a2e03e-f3bd-4b9a-b2cc-05e16fdeb3db: addNew group-72FC7CDCEF28:[b6a2e03e-f3bd-4b9a-b2cc-05e16fdeb3db:192.168.69.84:37076] returns group-72FC7CDCEF28:java.util.concurrent.CompletableFuture@4207f126[Not completed]
2019-07-13 07:23:55,238 INFO  impl.RaftServerImpl (RaftServerImpl.java:<init>(93)) - b6a2e03e-f3bd-4b9a-b2cc-05e16fdeb3db: new RaftServerImpl for group-72FC7CDCEF28:[b6a2e03e-f3bd-4b9a-b2cc-05e16fdeb3db:192.168.69.84:37076] with ContainerStateMachine:uninitialized
2019-07-13 07:23:55,238 INFO  server.RaftServerConfigKeys (ConfUtils.java:logGet(43)) - raft.server.rpc.timeout.min = 5s (custom)
2019-07-13 07:23:55,238 INFO  server.RaftServerConfigKeys (ConfUtils.java:logGet(43)) - raft.server.rpc.timeout.max = 5200ms (custom)
2019-07-13 07:23:55,238 INFO  server.RaftServerConfigKeys (ConfUtils.java:logGet(43)) - raft.server.rpcslowness.timeout = 120s (custom)
2019-07-13 07:23:55,238 INFO  server.RaftServerConfigKeys (ConfUtils.java:logGet(43)) - raft.server.sleep.deviation.threshold = 300 (default)
2019-07-13 07:23:55,238 INFO  server.RaftServerConfigKeys (ConfUtils.java:logGet(43)) - raft.server.log.appender.install.snapshot.enabled = false (custom)
2019-07-13 07:23:55,238 INFO  impl.RaftServerImpl (ServerState.java:<init>(105)) - b6a2e03e-f3bd-4b9a-b2cc-05e16fdeb3db:group-72FC7CDCEF28 ConfigurationManager, init=-1: [b6a2e03e-f3bd-4b9a-b2cc-05e16fdeb3db:192.168.69.84:37076], old=null, confs=<EMPTY_MAP>
2019-07-13 07:23:55,239 INFO  server.RaftServerConfigKeys (ConfUtils.java:logGet(43)) - raft.server.storage.dir = [/tmp/workdir/hadoop-ozone/integration-test/target/test-dir/MiniOzoneClusterImpl-c9fbaf72-4ac0-424a-a2d4-982d8f0d8e26/datanode-3/data/ratis] (custom)
2019-07-13 07:23:55,239 INFO  storage.RaftStorageDirectory (RaftStorageDirectory.java:analyzeStorage(246)) - The storage directory /tmp/workdir/hadoop-ozone/integration-test/target/test-dir/MiniOzoneClusterImpl-c9fbaf72-4ac0-424a-a2d4-982d8f0d8e26/datanode-3/data/ratis/b46037b2-73da-45c5-8034-72fc7cdcef28 does not exist. Creating ...
2019-07-13 07:23:55,252 INFO  storage.RaftStorageDirectory (RaftStorageDirectory.java:tryLock(328)) - Lock on /tmp/workdir/hadoop-ozone/integration-test/target/test-dir/MiniOzoneClusterImpl-c9fbaf72-4ac0-424a-a2d4-982d8f0d8e26/datanode-3/data/ratis/b46037b2-73da-45c5-8034-72fc7cdcef28/in_use.lock acquired by nodename 15876@trunk-nightly-9lh4p-2362225927
2019-07-13 07:23:55,267 INFO  storage.RaftStorage (RaftStorage.java:format(72)) - Storage directory /tmp/workdir/hadoop-ozone/integration-test/target/test-dir/MiniOzoneClusterImpl-c9fbaf72-4ac0-424a-a2d4-982d8f0d8e26/datanode-3/data/ratis/b46037b2-73da-45c5-8034-72fc7cdcef28 has been successfully formatted.
2019-07-13 07:23:55,267 INFO  ratis.ContainerStateMachine (ContainerStateMachine.java:loadSnapshot(200)) - The snapshot info is null.Setting the last applied index to:(t:0, i:~)
2019-07-13 07:23:55,267 INFO  server.RaftServerConfigKeys (ConfUtils.java:logGet(43)) - raft.server.leader.election.timeout = 120s (custom)
2019-07-13 07:23:55,267 INFO  server.RaftServerConfigKeys (ConfUtils.java:logGet(43)) - raft.server.log.use.memory = false (default)
2019-07-13 07:23:55,267 INFO  server.RaftServerConfigKeys (ConfUtils.java:logGet(43)) - raft.server.log.purge.gap = 1000000000 (custom)
2019-07-13 07:23:55,268 INFO  server.RaftServerConfigKeys (ConfUtils.java:logGet(43)) - raft.server.log.appender.buffer.byte-limit = 33554432 (custom)
2019-07-13 07:23:55,268 INFO  server.RaftServerConfigKeys (ConfUtils.java:logGet(43)) - raft.server.log.segment.size.max = 1048576 (custom)
2019-07-13 07:23:55,268 INFO  server.RaftServerConfigKeys (ConfUtils.java:logGet(43)) - raft.server.log.segment.cache.num.max = 2 (custom)
2019-07-13 07:23:55,268 INFO  segmented.SegmentedRaftLogWorker (SegmentedRaftLogWorker.java:<init>(172)) - new b6a2e03e-f3bd-4b9a-b2cc-05e16fdeb3db-SegmentedRaftLogWorker:Storage Directory /tmp/workdir/hadoop-ozone/integration-test/target/test-dir/MiniOzoneClusterImpl-c9fbaf72-4ac0-424a-a2d4-982d8f0d8e26/datanode-3/data/ratis/b46037b2-73da-45c5-8034-72fc7cdcef28 for RaftStorage:Storage Directory /tmp/workdir/hadoop-ozone/integration-test/target/test-dir/MiniOzoneClusterImpl-c9fbaf72-4ac0-424a-a2d4-982d8f0d8e26/datanode-3/data/ratis/b46037b2-73da-45c5-8034-72fc7cdcef28
2019-07-13 07:23:55,268 INFO  server.RaftServerConfigKeys (ConfUtils.java:logGet(43)) - raft.server.log.queue.byte-limit = 2147483647 (custom)
2019-07-13 07:23:55,268 INFO  server.RaftServerConfigKeys (ConfUtils.java:logGet(43)) - raft.server.log.queue.element-limit = 1024 (custom)
2019-07-13 07:23:55,269 INFO  server.RaftServerConfigKeys (ConfUtils.java:logGet(43)) - raft.server.log.segment.size.max = 1048576 (custom)
2019-07-13 07:23:55,269 INFO  server.RaftServerConfigKeys (ConfUtils.java:logGet(43)) - raft.server.log.preallocated.size = 16384 (custom)
2019-07-13 07:23:55,269 INFO  server.RaftServerConfigKeys (ConfUtils.java:logGet(43)) - raft.server.log.write.buffer.size = 33554432 (custom)
2019-07-13 07:23:55,269 INFO  server.RaftServerConfigKeys (ConfUtils.java:logGet(43)) - raft.server.log.force.sync.num = 128 (default)
2019-07-13 07:23:55,269 INFO  server.RaftServerConfigKeys (ConfUtils.java:logGet(43)) - raft.server.log.statemachine.data.sync = true (default)
2019-07-13 07:23:55,270 INFO  server.RaftServerConfigKeys (ConfUtils.java:logGet(43)) - raft.server.log.statemachine.data.sync.timeout = 10s (default)
2019-07-13 07:23:55,270 INFO  server.RaftServerConfigKeys (ConfUtils.java:logGet(43)) - raft.server.log.statemachine.data.sync.timeout.retry = -1 (default)
2019-07-13 07:23:55,270 INFO  server.RaftServerConfigKeys (ConfUtils.java:logGet(43)) - raft.server.log.statemachine.data.caching.enabled = true (custom)
2019-07-13 07:23:55,270 INFO  segmented.SegmentedRaftLogWorker (SegmentedRaftLogWorker.java:lambda$new$0(132)) - b6a2e03e-f3bd-4b9a-b2cc-05e16fdeb3db-SegmentedRaftLogWorker:Storage Directory /tmp/workdir/hadoop-ozone/integration-test/target/test-dir/MiniOzoneClusterImpl-c9fbaf72-4ac0-424a-a2d4-982d8f0d8e26/datanode-3/data/ratis/b46037b2-73da-45c5-8034-72fc7cdcef28: flushIndex: setUnconditionally 0 -> -1
2019-07-13 07:23:55,271 INFO  server.RaftServerConfigKeys (ConfUtils.java:logGet(43)) - raft.server.snapshot.auto.trigger.enabled = true (custom)
2019-07-13 07:23:55,271 INFO  server.RaftServerConfigKeys (ConfUtils.java:logGet(43)) - raft.server.snapshot.auto.trigger.threshold = 10000 (custom)
2019-07-13 07:23:55,271 INFO  server.RaftServerConfigKeys (ConfUtils.java:logGet(43)) - raft.server.retrycache.expirytime = 600000ms (custom)
2019-07-13 07:23:55,271 INFO  impl.RaftServerImpl (RaftServerImpl.java:start(180)) - b6a2e03e-f3bd-4b9a-b2cc-05e16fdeb3db: start group-72FC7CDCEF28
2019-07-13 07:23:55,271 INFO  impl.RaftServerImpl (RaftServerImpl.java:setRole(171)) - b6a2e03e-f3bd-4b9a-b2cc-05e16fdeb3db:group-72FC7CDCEF28 changes role from null to FOLLOWER at term 0 for startAsFollower
2019-07-13 07:23:55,272 INFO  impl.RoleInfo (RoleInfo.java:updateAndGet(143)) - b6a2e03e-f3bd-4b9a-b2cc-05e16fdeb3db: start FollowerState
2019-07-13 07:23:55,272 INFO  util.JmxRegister (JmxRegister.java:tryRegister(44)) - Successfully registered JMX Bean with object name Ratis:service=RaftServer,group=group-72FC7CDCEF28,id=b6a2e03e-f3bd-4b9a-b2cc-05e16fdeb3db
2019-07-13 07:23:55,274 INFO  pipeline.PipelineStateManager (PipelineStateManager.java:addPipeline(56)) - Created pipeline Pipeline[ Id: b46037b2-73da-45c5-8034-72fc7cdcef28, Nodes: b6a2e03e-f3bd-4b9a-b2cc-05e16fdeb3db{ip: 192.168.69.84, host: trunk-nightly-9lh4p-2362225927, networkLocation: /default-rack, certSerialId: null}, Type:RATIS, Factor:ONE, State:OPEN]
2019-07-13 07:23:55,404 INFO  node.SCMNodeManager (SCMNodeManager.java:register(269)) - Registered Data node : 77e76158-35fc-4695-b3e3-a902d0efea44{ip: 192.168.69.84, host: trunk-nightly-9lh4p-2362225927, networkLocation: /default-rack, certSerialId: null}
2019-07-13 07:23:55,415 INFO  impl.RaftServerProxy (RaftServerProxy.java:addNew(89)) - 77e76158-35fc-4695-b3e3-a902d0efea44: addNew group-55245FDF6E4A:[77e76158-35fc-4695-b3e3-a902d0efea44:192.168.69.84:39278] returns group-55245FDF6E4A:java.util.concurrent.CompletableFuture@5f39f9fa[Not completed]
2019-07-13 07:23:55,416 INFO  impl.RaftServerImpl (RaftServerImpl.java:<init>(93)) - 77e76158-35fc-4695-b3e3-a902d0efea44: new RaftServerImpl for group-55245FDF6E4A:[77e76158-35fc-4695-b3e3-a902d0efea44:192.168.69.84:39278] with ContainerStateMachine:uninitialized
2019-07-13 07:23:55,416 INFO  server.RaftServerConfigKeys (ConfUtils.java:logGet(43)) - raft.server.rpc.timeout.min = 5s (custom)
2019-07-13 07:23:55,416 INFO  server.RaftServerConfigKeys (ConfUtils.java:logGet(43)) - raft.server.rpc.timeout.max = 5200ms (custom)
2019-07-13 07:23:55,417 INFO  server.RaftServerConfigKeys (ConfUtils.java:logGet(43)) - raft.server.rpcslowness.timeout = 120s (custom)
2019-07-13 07:23:55,417 INFO  server.RaftServerConfigKeys (ConfUtils.java:logGet(43)) - raft.server.sleep.deviation.threshold = 300 (default)
2019-07-13 07:23:55,417 INFO  server.RaftServerConfigKeys (ConfUtils.java:logGet(43)) - raft.server.log.appender.install.snapshot.enabled = false (custom)
2019-07-13 07:23:55,417 INFO  impl.RaftServerImpl (ServerState.java:<init>(105)) - 77e76158-35fc-4695-b3e3-a902d0efea44:group-55245FDF6E4A ConfigurationManager, init=-1: [77e76158-35fc-4695-b3e3-a902d0efea44:192.168.69.84:39278], old=null, confs=<EMPTY_MAP>
2019-07-13 07:23:55,417 INFO  server.RaftServerConfigKeys (ConfUtils.java:logGet(43)) - raft.server.storage.dir = [/tmp/workdir/hadoop-ozone/integration-test/target/test-dir/MiniOzoneClusterImpl-c9fbaf72-4ac0-424a-a2d4-982d8f0d8e26/datanode-4/data/ratis] (custom)
2019-07-13 07:23:55,418 INFO  storage.RaftStorageDirectory (RaftStorageDirectory.java:analyzeStorage(246)) - The storage directory /tmp/workdir/hadoop-ozone/integration-test/target/test-dir/MiniOzoneClusterImpl-c9fbaf72-4ac0-424a-a2d4-982d8f0d8e26/datanode-4/data/ratis/5293454d-43c8-4159-b514-55245fdf6e4a does not exist. Creating ...
2019-07-13 07:23:55,431 INFO  storage.RaftStorageDirectory (RaftStorageDirectory.java:tryLock(328)) - Lock on /tmp/workdir/hadoop-ozone/integration-test/target/test-dir/MiniOzoneClusterImpl-c9fbaf72-4ac0-424a-a2d4-982d8f0d8e26/datanode-4/data/ratis/5293454d-43c8-4159-b514-55245fdf6e4a/in_use.lock acquired by nodename 15876@trunk-nightly-9lh4p-2362225927
2019-07-13 07:23:55,444 INFO  storage.RaftStorage (RaftStorage.java:format(72)) - Storage directory /tmp/workdir/hadoop-ozone/integration-test/target/test-dir/MiniOzoneClusterImpl-c9fbaf72-4ac0-424a-a2d4-982d8f0d8e26/datanode-4/data/ratis/5293454d-43c8-4159-b514-55245fdf6e4a has been successfully formatted.
2019-07-13 07:23:55,445 INFO  ratis.ContainerStateMachine (ContainerStateMachine.java:loadSnapshot(200)) - The snapshot info is null.Setting the last applied index to:(t:0, i:~)
2019-07-13 07:23:55,445 INFO  server.RaftServerConfigKeys (ConfUtils.java:logGet(43)) - raft.server.leader.election.timeout = 120s (custom)
2019-07-13 07:23:55,445 INFO  server.RaftServerConfigKeys (ConfUtils.java:logGet(43)) - raft.server.log.use.memory = false (default)
2019-07-13 07:23:55,445 INFO  server.RaftServerConfigKeys (ConfUtils.java:logGet(43)) - raft.server.log.purge.gap = 1000000000 (custom)
2019-07-13 07:23:55,445 INFO  server.RaftServerConfigKeys (ConfUtils.java:logGet(43)) - raft.server.log.appender.buffer.byte-limit = 33554432 (custom)
2019-07-13 07:23:55,446 INFO  server.RaftServerConfigKeys (ConfUtils.java:logGet(43)) - raft.server.log.segment.size.max = 1048576 (custom)
2019-07-13 07:23:55,446 INFO  server.RaftServerConfigKeys (ConfUtils.java:logGet(43)) - raft.server.log.segment.cache.num.max = 2 (custom)
2019-07-13 07:23:55,446 INFO  segmented.SegmentedRaftLogWorker (SegmentedRaftLogWorker.java:<init>(172)) - new 77e76158-35fc-4695-b3e3-a902d0efea44-SegmentedRaftLogWorker:Storage Directory /tmp/workdir/hadoop-ozone/integration-test/target/test-dir/MiniOzoneClusterImpl-c9fbaf72-4ac0-424a-a2d4-982d8f0d8e26/datanode-4/data/ratis/5293454d-43c8-4159-b514-55245fdf6e4a for RaftStorage:Storage Directory /tmp/workdir/hadoop-ozone/integration-test/target/test-dir/MiniOzoneClusterImpl-c9fbaf72-4ac0-424a-a2d4-982d8f0d8e26/datanode-4/data/ratis/5293454d-43c8-4159-b514-55245fdf6e4a
2019-07-13 07:23:55,446 INFO  server.RaftServerConfigKeys (ConfUtils.java:logGet(43)) - raft.server.log.queue.byte-limit = 2147483647 (custom)
2019-07-13 07:23:55,446 INFO  server.RaftServerConfigKeys (ConfUtils.java:logGet(43)) - raft.server.log.queue.element-limit = 1024 (custom)
2019-07-13 07:23:55,447 INFO  server.RaftServerConfigKeys (ConfUtils.java:logGet(43)) - raft.server.log.segment.size.max = 1048576 (custom)
2019-07-13 07:23:55,447 INFO  server.RaftServerConfigKeys (ConfUtils.java:logGet(43)) - raft.server.log.preallocated.size = 16384 (custom)
2019-07-13 07:23:55,447 INFO  server.RaftServerConfigKeys (ConfUtils.java:logGet(43)) - raft.server.log.write.buffer.size = 33554432 (custom)
2019-07-13 07:23:55,447 INFO  server.RaftServerConfigKeys (ConfUtils.java:logGet(43)) - raft.server.log.force.sync.num = 128 (default)
2019-07-13 07:23:55,447 INFO  server.RaftServerConfigKeys (ConfUtils.java:logGet(43)) - raft.server.log.statemachine.data.sync = true (default)
2019-07-13 07:23:55,447 INFO  server.RaftServerConfigKeys (ConfUtils.java:logGet(43)) - raft.server.log.statemachine.data.sync.timeout = 10s (default)
2019-07-13 07:23:55,448 INFO  server.RaftServerConfigKeys (ConfUtils.java:logGet(43)) - raft.server.log.statemachine.data.sync.timeout.retry = -1 (default)
2019-07-13 07:23:55,448 INFO  server.RaftServerConfigKeys (ConfUtils.java:logGet(43)) - raft.server.log.statemachine.data.caching.enabled = true (custom)
2019-07-13 07:23:55,448 INFO  segmented.SegmentedRaftLogWorker (SegmentedRaftLogWorker.java:lambda$new$0(132)) - 77e76158-35fc-4695-b3e3-a902d0efea44-SegmentedRaftLogWorker:Storage Directory /tmp/workdir/hadoop-ozone/integration-test/target/test-dir/MiniOzoneClusterImpl-c9fbaf72-4ac0-424a-a2d4-982d8f0d8e26/datanode-4/data/ratis/5293454d-43c8-4159-b514-55245fdf6e4a: flushIndex: setUnconditionally 0 -> -1
2019-07-13 07:23:55,449 INFO  server.RaftServerConfigKeys (ConfUtils.java:logGet(43)) - raft.server.snapshot.auto.trigger.enabled = true (custom)
2019-07-13 07:23:55,449 INFO  server.RaftServerConfigKeys (ConfUtils.java:logGet(43)) - raft.server.snapshot.auto.trigger.threshold = 10000 (custom)
2019-07-13 07:23:55,449 INFO  server.RaftServerConfigKeys (ConfUtils.java:logGet(43)) - raft.server.retrycache.expirytime = 600000ms (custom)
2019-07-13 07:23:55,449 INFO  impl.RaftServerImpl (RaftServerImpl.java:start(180)) - 77e76158-35fc-4695-b3e3-a902d0efea44: start group-55245FDF6E4A
2019-07-13 07:23:55,449 INFO  impl.RaftServerImpl (RaftServerImpl.java:setRole(171)) - 77e76158-35fc-4695-b3e3-a902d0efea44:group-55245FDF6E4A changes role from null to FOLLOWER at term 0 for startAsFollower
2019-07-13 07:23:55,450 INFO  impl.RoleInfo (RoleInfo.java:updateAndGet(143)) - 77e76158-35fc-4695-b3e3-a902d0efea44: start FollowerState
2019-07-13 07:23:55,450 INFO  util.JmxRegister (JmxRegister.java:tryRegister(44)) - Successfully registered JMX Bean with object name Ratis:service=RaftServer,group=group-55245FDF6E4A,id=77e76158-35fc-4695-b3e3-a902d0efea44
2019-07-13 07:23:55,452 INFO  pipeline.PipelineStateManager (PipelineStateManager.java:addPipeline(56)) - Created pipeline Pipeline[ Id: 5293454d-43c8-4159-b514-55245fdf6e4a, Nodes: 77e76158-35fc-4695-b3e3-a902d0efea44{ip: 192.168.69.84, host: trunk-nightly-9lh4p-2362225927, networkLocation: /default-rack, certSerialId: null}, Type:RATIS, Factor:ONE, State:OPEN]
2019-07-13 07:23:55,583 INFO  ozone.MiniOzoneClusterImpl (MiniOzoneClusterImpl.java:lambda$waitForClusterToBeReady$0(142)) - Waiting for cluster to be ready. Got 5 of 6 DN Heartbeats.
2019-07-13 07:23:55,584 INFO  node.SCMNodeManager (SCMNodeManager.java:register(269)) - Registered Data node : c18e5551-1800-40d1-9af7-9b9ec855c36c{ip: 192.168.69.84, host: trunk-nightly-9lh4p-2362225927, networkLocation: /default-rack, certSerialId: null}
2019-07-13 07:23:55,595 INFO  impl.RaftServerProxy (RaftServerProxy.java:addNew(89)) - c18e5551-1800-40d1-9af7-9b9ec855c36c: addNew group-8148F4C92D2A:[c18e5551-1800-40d1-9af7-9b9ec855c36c:192.168.69.84:40728] returns group-8148F4C92D2A:java.util.concurrent.CompletableFuture@782c2b38[Not completed]
2019-07-13 07:23:55,596 INFO  impl.RaftServerImpl (RaftServerImpl.java:<init>(93)) - c18e5551-1800-40d1-9af7-9b9ec855c36c: new RaftServerImpl for group-8148F4C92D2A:[c18e5551-1800-40d1-9af7-9b9ec855c36c:192.168.69.84:40728] with ContainerStateMachine:uninitialized
2019-07-13 07:23:55,596 INFO  server.RaftServerConfigKeys (ConfUtils.java:logGet(43)) - raft.server.rpc.timeout.min = 5s (custom)
2019-07-13 07:23:55,596 INFO  server.RaftServerConfigKeys (ConfUtils.java:logGet(43)) - raft.server.rpc.timeout.max = 5200ms (custom)
2019-07-13 07:23:55,597 INFO  server.RaftServerConfigKeys (ConfUtils.java:logGet(43)) - raft.server.rpcslowness.timeout = 120s (custom)
2019-07-13 07:23:55,597 INFO  server.RaftServerConfigKeys (ConfUtils.java:logGet(43)) - raft.server.sleep.deviation.threshold = 300 (default)
2019-07-13 07:23:55,597 INFO  server.RaftServerConfigKeys (ConfUtils.java:logGet(43)) - raft.server.log.appender.install.snapshot.enabled = false (custom)
2019-07-13 07:23:55,597 INFO  impl.RaftServerImpl (ServerState.java:<init>(105)) - c18e5551-1800-40d1-9af7-9b9ec855c36c:group-8148F4C92D2A ConfigurationManager, init=-1: [c18e5551-1800-40d1-9af7-9b9ec855c36c:192.168.69.84:40728], old=null, confs=<EMPTY_MAP>
2019-07-13 07:23:55,597 INFO  server.RaftServerConfigKeys (ConfUtils.java:logGet(43)) - raft.server.storage.dir = [/tmp/workdir/hadoop-ozone/integration-test/target/test-dir/MiniOzoneClusterImpl-c9fbaf72-4ac0-424a-a2d4-982d8f0d8e26/datanode-5/data/ratis] (custom)
2019-07-13 07:23:55,598 INFO  storage.RaftStorageDirectory (RaftStorageDirectory.java:analyzeStorage(246)) - The storage directory /tmp/workdir/hadoop-ozone/integration-test/target/test-dir/MiniOzoneClusterImpl-c9fbaf72-4ac0-424a-a2d4-982d8f0d8e26/datanode-5/data/ratis/4592f135-81e1-4c79-9056-8148f4c92d2a does not exist. Creating ...
2019-07-13 07:23:55,611 INFO  storage.RaftStorageDirectory (RaftStorageDirectory.java:tryLock(328)) - Lock on /tmp/workdir/hadoop-ozone/integration-test/target/test-dir/MiniOzoneClusterImpl-c9fbaf72-4ac0-424a-a2d4-982d8f0d8e26/datanode-5/data/ratis/4592f135-81e1-4c79-9056-8148f4c92d2a/in_use.lock acquired by nodename 15876@trunk-nightly-9lh4p-2362225927
2019-07-13 07:23:55,627 INFO  storage.RaftStorage (RaftStorage.java:format(72)) - Storage directory /tmp/workdir/hadoop-ozone/integration-test/target/test-dir/MiniOzoneClusterImpl-c9fbaf72-4ac0-424a-a2d4-982d8f0d8e26/datanode-5/data/ratis/4592f135-81e1-4c79-9056-8148f4c92d2a has been successfully formatted.
2019-07-13 07:23:55,628 INFO  ratis.ContainerStateMachine (ContainerStateMachine.java:loadSnapshot(200)) - The snapshot info is null.Setting the last applied index to:(t:0, i:~)
2019-07-13 07:23:55,628 INFO  server.RaftServerConfigKeys (ConfUtils.java:logGet(43)) - raft.server.leader.election.timeout = 120s (custom)
2019-07-13 07:23:55,628 INFO  server.RaftServerConfigKeys (ConfUtils.java:logGet(43)) - raft.server.log.use.memory = false (default)
2019-07-13 07:23:55,628 INFO  server.RaftServerConfigKeys (ConfUtils.java:logGet(43)) - raft.server.log.purge.gap = 1000000000 (custom)
2019-07-13 07:23:55,628 INFO  server.RaftServerConfigKeys (ConfUtils.java:logGet(43)) - raft.server.log.appender.buffer.byte-limit = 33554432 (custom)
2019-07-13 07:23:55,628 INFO  server.RaftServerConfigKeys (ConfUtils.java:logGet(43)) - raft.server.log.segment.size.max = 1048576 (custom)
2019-07-13 07:23:55,629 INFO  server.RaftServerConfigKeys (ConfUtils.java:logGet(43)) - raft.server.log.segment.cache.num.max = 2 (custom)
2019-07-13 07:23:55,629 INFO  segmented.SegmentedRaftLogWorker (SegmentedRaftLogWorker.java:<init>(172)) - new c18e5551-1800-40d1-9af7-9b9ec855c36c-SegmentedRaftLogWorker:Storage Directory /tmp/workdir/hadoop-ozone/integration-test/target/test-dir/MiniOzoneClusterImpl-c9fbaf72-4ac0-424a-a2d4-982d8f0d8e26/datanode-5/data/ratis/4592f135-81e1-4c79-9056-8148f4c92d2a for RaftStorage:Storage Directory /tmp/workdir/hadoop-ozone/integration-test/target/test-dir/MiniOzoneClusterImpl-c9fbaf72-4ac0-424a-a2d4-982d8f0d8e26/datanode-5/data/ratis/4592f135-81e1-4c79-9056-8148f4c92d2a
2019-07-13 07:23:55,629 INFO  server.RaftServerConfigKeys (ConfUtils.java:logGet(43)) - raft.server.log.queue.byte-limit = 2147483647 (custom)
2019-07-13 07:23:55,629 INFO  server.RaftServerConfigKeys (ConfUtils.java:logGet(43)) - raft.server.log.queue.element-limit = 1024 (custom)
2019-07-13 07:23:55,629 INFO  server.RaftServerConfigKeys (ConfUtils.java:logGet(43)) - raft.server.log.segment.size.max = 1048576 (custom)
2019-07-13 07:23:55,629 INFO  server.RaftServerConfigKeys (ConfUtils.java:logGet(43)) - raft.server.log.preallocated.size = 16384 (custom)
2019-07-13 07:23:55,630 INFO  server.RaftServerConfigKeys (ConfUtils.java:logGet(43)) - raft.server.log.write.buffer.size = 33554432 (custom)
2019-07-13 07:23:55,630 INFO  server.RaftServerConfigKeys (ConfUtils.java:logGet(43)) - raft.server.log.force.sync.num = 128 (default)
2019-07-13 07:23:55,630 INFO  server.RaftServerConfigKeys (ConfUtils.java:logGet(43)) - raft.server.log.statemachine.data.sync = true (default)
2019-07-13 07:23:55,630 INFO  server.RaftServerConfigKeys (ConfUtils.java:logGet(43)) - raft.server.log.statemachine.data.sync.timeout = 10s (default)
2019-07-13 07:23:55,630 INFO  server.RaftServerConfigKeys (ConfUtils.java:logGet(43)) - raft.server.log.statemachine.data.sync.timeout.retry = -1 (default)
2019-07-13 07:23:55,630 INFO  server.RaftServerConfigKeys (ConfUtils.java:logGet(43)) - raft.server.log.statemachine.data.caching.enabled = true (custom)
2019-07-13 07:23:55,631 INFO  segmented.SegmentedRaftLogWorker (SegmentedRaftLogWorker.java:lambda$new$0(132)) - c18e5551-1800-40d1-9af7-9b9ec855c36c-SegmentedRaftLogWorker:Storage Directory /tmp/workdir/hadoop-ozone/integration-test/target/test-dir/MiniOzoneClusterImpl-c9fbaf72-4ac0-424a-a2d4-982d8f0d8e26/datanode-5/data/ratis/4592f135-81e1-4c79-9056-8148f4c92d2a: flushIndex: setUnconditionally 0 -> -1
2019-07-13 07:23:55,631 INFO  server.RaftServerConfigKeys (ConfUtils.java:logGet(43)) - raft.server.snapshot.auto.trigger.enabled = true (custom)
2019-07-13 07:23:55,631 INFO  server.RaftServerConfigKeys (ConfUtils.java:logGet(43)) - raft.server.snapshot.auto.trigger.threshold = 10000 (custom)
2019-07-13 07:23:55,632 INFO  server.RaftServerConfigKeys (ConfUtils.java:logGet(43)) - raft.server.retrycache.expirytime = 600000ms (custom)
2019-07-13 07:23:55,632 INFO  impl.RaftServerImpl (RaftServerImpl.java:start(180)) - c18e5551-1800-40d1-9af7-9b9ec855c36c: start group-8148F4C92D2A
2019-07-13 07:23:55,632 INFO  impl.RaftServerImpl (RaftServerImpl.java:setRole(171)) - c18e5551-1800-40d1-9af7-9b9ec855c36c:group-8148F4C92D2A changes role from null to FOLLOWER at term 0 for startAsFollower
2019-07-13 07:23:55,632 INFO  impl.RoleInfo (RoleInfo.java:updateAndGet(143)) - c18e5551-1800-40d1-9af7-9b9ec855c36c: start FollowerState
2019-07-13 07:23:55,632 INFO  util.JmxRegister (JmxRegister.java:tryRegister(44)) - Successfully registered JMX Bean with object name Ratis:service=RaftServer,group=group-8148F4C92D2A,id=c18e5551-1800-40d1-9af7-9b9ec855c36c
2019-07-13 07:23:55,635 INFO  pipeline.PipelineStateManager (PipelineStateManager.java:addPipeline(56)) - Created pipeline Pipeline[ Id: 4592f135-81e1-4c79-9056-8148f4c92d2a, Nodes: c18e5551-1800-40d1-9af7-9b9ec855c36c{ip: 192.168.69.84, host: trunk-nightly-9lh4p-2362225927, networkLocation: /default-rack, certSerialId: null}, Type:RATIS, Factor:ONE, State:OPEN]
2019-07-13 07:23:55,655 INFO  impl.RaftServerProxy (RaftServerProxy.java:addNew(89)) - 77e76158-35fc-4695-b3e3-a902d0efea44: addNew group-CE70FBAEA904:[77e76158-35fc-4695-b3e3-a902d0efea44:192.168.69.84:39278, b6a2e03e-f3bd-4b9a-b2cc-05e16fdeb3db:192.168.69.84:37076, c18e5551-1800-40d1-9af7-9b9ec855c36c:192.168.69.84:40728] returns group-CE70FBAEA904:java.util.concurrent.CompletableFuture@22e55ac[Not completed]
2019-07-13 07:23:55,655 INFO  impl.RaftServerProxy (RaftServerProxy.java:addNew(89)) - b6a2e03e-f3bd-4b9a-b2cc-05e16fdeb3db: addNew group-CE70FBAEA904:[77e76158-35fc-4695-b3e3-a902d0efea44:192.168.69.84:39278, b6a2e03e-f3bd-4b9a-b2cc-05e16fdeb3db:192.168.69.84:37076, c18e5551-1800-40d1-9af7-9b9ec855c36c:192.168.69.84:40728] returns group-CE70FBAEA904:java.util.concurrent.CompletableFuture@51762865[Not completed]
2019-07-13 07:23:55,655 INFO  impl.RaftServerProxy (RaftServerProxy.java:addNew(89)) - c18e5551-1800-40d1-9af7-9b9ec855c36c: addNew group-CE70FBAEA904:[77e76158-35fc-4695-b3e3-a902d0efea44:192.168.69.84:39278, b6a2e03e-f3bd-4b9a-b2cc-05e16fdeb3db:192.168.69.84:37076, c18e5551-1800-40d1-9af7-9b9ec855c36c:192.168.69.84:40728] returns group-CE70FBAEA904:java.util.concurrent.CompletableFuture@1f98ae70[Not completed]
2019-07-13 07:23:55,655 INFO  impl.RaftServerImpl (RaftServerImpl.java:<init>(93)) - 77e76158-35fc-4695-b3e3-a902d0efea44: new RaftServerImpl for group-CE70FBAEA904:[77e76158-35fc-4695-b3e3-a902d0efea44:192.168.69.84:39278, b6a2e03e-f3bd-4b9a-b2cc-05e16fdeb3db:192.168.69.84:37076, c18e5551-1800-40d1-9af7-9b9ec855c36c:192.168.69.84:40728] with ContainerStateMachine:uninitialized
2019-07-13 07:23:55,656 INFO  server.RaftServerConfigKeys (ConfUtils.java:logGet(43)) - raft.server.rpc.timeout.min = 5s (custom)
2019-07-13 07:23:55,656 INFO  server.RaftServerConfigKeys (ConfUtils.java:logGet(43)) - raft.server.rpc.timeout.max = 5200ms (custom)
2019-07-13 07:23:55,656 INFO  server.RaftServerConfigKeys (ConfUtils.java:logGet(43)) - raft.server.rpcslowness.timeout = 120s (custom)
2019-07-13 07:23:55,656 INFO  impl.RaftServerImpl (RaftServerImpl.java:<init>(93)) - b6a2e03e-f3bd-4b9a-b2cc-05e16fdeb3db: new RaftServerImpl for group-CE70FBAEA904:[77e76158-35fc-4695-b3e3-a902d0efea44:192.168.69.84:39278, b6a2e03e-f3bd-4b9a-b2cc-05e16fdeb3db:192.168.69.84:37076, c18e5551-1800-40d1-9af7-9b9ec855c36c:192.168.69.84:40728] with ContainerStateMachine:uninitialized
2019-07-13 07:23:55,656 INFO  server.RaftServerConfigKeys (ConfUtils.java:logGet(43)) - raft.server.sleep.deviation.threshold = 300 (default)
2019-07-13 07:23:55,656 INFO  server.RaftServerConfigKeys (ConfUtils.java:logGet(43)) - raft.server.rpc.timeout.min = 5s (custom)
2019-07-13 07:23:55,656 INFO  server.RaftServerConfigKeys (ConfUtils.java:logGet(43)) - raft.server.log.appender.install.snapshot.enabled = false (custom)
2019-07-13 07:23:55,657 INFO  impl.RaftServerImpl (RaftServerImpl.java:<init>(93)) - c18e5551-1800-40d1-9af7-9b9ec855c36c: new RaftServerImpl for group-CE70FBAEA904:[77e76158-35fc-4695-b3e3-a902d0efea44:192.168.69.84:39278, b6a2e03e-f3bd-4b9a-b2cc-05e16fdeb3db:192.168.69.84:37076, c18e5551-1800-40d1-9af7-9b9ec855c36c:192.168.69.84:40728] with ContainerStateMachine:uninitialized
2019-07-13 07:23:55,657 INFO  server.RaftServerConfigKeys (ConfUtils.java:logGet(43)) - raft.server.rpc.timeout.max = 5200ms (custom)
2019-07-13 07:23:55,657 INFO  server.RaftServerConfigKeys (ConfUtils.java:logGet(43)) - raft.server.rpc.timeout.min = 5s (custom)
2019-07-13 07:23:55,657 INFO  impl.RaftServerImpl (ServerState.java:<init>(105)) - 77e76158-35fc-4695-b3e3-a902d0efea44:group-CE70FBAEA904 ConfigurationManager, init=-1: [77e76158-35fc-4695-b3e3-a902d0efea44:192.168.69.84:39278, b6a2e03e-f3bd-4b9a-b2cc-05e16fdeb3db:192.168.69.84:37076, c18e5551-1800-40d1-9af7-9b9ec855c36c:192.168.69.84:40728], old=null, confs=<EMPTY_MAP>
2019-07-13 07:23:55,657 INFO  server.RaftServerConfigKeys (ConfUtils.java:logGet(43)) - raft.server.rpc.timeout.max = 5200ms (custom)
2019-07-13 07:23:55,657 INFO  server.RaftServerConfigKeys (ConfUtils.java:logGet(43)) - raft.server.rpcslowness.timeout = 120s (custom)
2019-07-13 07:23:55,657 INFO  server.RaftServerConfigKeys (ConfUtils.java:logGet(43)) - raft.server.rpcslowness.timeout = 120s (custom)
2019-07-13 07:23:55,658 INFO  server.RaftServerConfigKeys (ConfUtils.java:logGet(43)) - raft.server.sleep.deviation.threshold = 300 (default)
2019-07-13 07:23:55,657 INFO  server.RaftServerConfigKeys (ConfUtils.java:logGet(43)) - raft.server.storage.dir = [/tmp/workdir/hadoop-ozone/integration-test/target/test-dir/MiniOzoneClusterImpl-c9fbaf72-4ac0-424a-a2d4-982d8f0d8e26/datanode-4/data/ratis] (custom)
2019-07-13 07:23:55,658 INFO  server.RaftServerConfigKeys (ConfUtils.java:logGet(43)) - raft.server.log.appender.install.snapshot.enabled = false (custom)
2019-07-13 07:23:55,658 INFO  server.RaftServerConfigKeys (ConfUtils.java:logGet(43)) - raft.server.sleep.deviation.threshold = 300 (default)
2019-07-13 07:23:55,658 INFO  impl.RaftServerImpl (ServerState.java:<init>(105)) - c18e5551-1800-40d1-9af7-9b9ec855c36c:group-CE70FBAEA904 ConfigurationManager, init=-1: [77e76158-35fc-4695-b3e3-a902d0efea44:192.168.69.84:39278, b6a2e03e-f3bd-4b9a-b2cc-05e16fdeb3db:192.168.69.84:37076, c18e5551-1800-40d1-9af7-9b9ec855c36c:192.168.69.84:40728], old=null, confs=<EMPTY_MAP>
2019-07-13 07:23:55,658 INFO  storage.RaftStorageDirectory (RaftStorageDirectory.java:analyzeStorage(246)) - The storage directory /tmp/workdir/hadoop-ozone/integration-test/target/test-dir/MiniOzoneClusterImpl-c9fbaf72-4ac0-424a-a2d4-982d8f0d8e26/datanode-4/data/ratis/a7c8efc7-3d68-4391-8b01-ce70fbaea904 does not exist. Creating ...
2019-07-13 07:23:55,658 INFO  server.RaftServerConfigKeys (ConfUtils.java:logGet(43)) - raft.server.log.appender.install.snapshot.enabled = false (custom)
2019-07-13 07:23:55,659 INFO  server.RaftServerConfigKeys (ConfUtils.java:logGet(43)) - raft.server.storage.dir = [/tmp/workdir/hadoop-ozone/integration-test/target/test-dir/MiniOzoneClusterImpl-c9fbaf72-4ac0-424a-a2d4-982d8f0d8e26/datanode-5/data/ratis] (custom)
2019-07-13 07:23:55,659 INFO  impl.RaftServerImpl (ServerState.java:<init>(105)) - b6a2e03e-f3bd-4b9a-b2cc-05e16fdeb3db:group-CE70FBAEA904 ConfigurationManager, init=-1: [77e76158-35fc-4695-b3e3-a902d0efea44:192.168.69.84:39278, b6a2e03e-f3bd-4b9a-b2cc-05e16fdeb3db:192.168.69.84:37076, c18e5551-1800-40d1-9af7-9b9ec855c36c:192.168.69.84:40728], old=null, confs=<EMPTY_MAP>
2019-07-13 07:23:55,659 INFO  server.RaftServerConfigKeys (ConfUtils.java:logGet(43)) - raft.server.storage.dir = [/tmp/workdir/hadoop-ozone/integration-test/target/test-dir/MiniOzoneClusterImpl-c9fbaf72-4ac0-424a-a2d4-982d8f0d8e26/datanode-3/data/ratis] (custom)
2019-07-13 07:23:55,659 INFO  storage.RaftStorageDirectory (RaftStorageDirectory.java:analyzeStorage(246)) - The storage directory /tmp/workdir/hadoop-ozone/integration-test/target/test-dir/MiniOzoneClusterImpl-c9fbaf72-4ac0-424a-a2d4-982d8f0d8e26/datanode-5/data/ratis/a7c8efc7-3d68-4391-8b01-ce70fbaea904 does not exist. Creating ...
2019-07-13 07:23:55,660 INFO  storage.RaftStorageDirectory (RaftStorageDirectory.java:analyzeStorage(246)) - The storage directory /tmp/workdir/hadoop-ozone/integration-test/target/test-dir/MiniOzoneClusterImpl-c9fbaf72-4ac0-424a-a2d4-982d8f0d8e26/datanode-3/data/ratis/a7c8efc7-3d68-4391-8b01-ce70fbaea904 does not exist. Creating ...
2019-07-13 07:23:55,673 INFO  storage.RaftStorageDirectory (RaftStorageDirectory.java:tryLock(328)) - Lock on /tmp/workdir/hadoop-ozone/integration-test/target/test-dir/MiniOzoneClusterImpl-c9fbaf72-4ac0-424a-a2d4-982d8f0d8e26/datanode-3/data/ratis/a7c8efc7-3d68-4391-8b01-ce70fbaea904/in_use.lock acquired by nodename 15876@trunk-nightly-9lh4p-2362225927
2019-07-13 07:23:55,673 INFO  storage.RaftStorageDirectory (RaftStorageDirectory.java:tryLock(328)) - Lock on /tmp/workdir/hadoop-ozone/integration-test/target/test-dir/MiniOzoneClusterImpl-c9fbaf72-4ac0-424a-a2d4-982d8f0d8e26/datanode-5/data/ratis/a7c8efc7-3d68-4391-8b01-ce70fbaea904/in_use.lock acquired by nodename 15876@trunk-nightly-9lh4p-2362225927
2019-07-13 07:23:55,673 INFO  storage.RaftStorageDirectory (RaftStorageDirectory.java:tryLock(328)) - Lock on /tmp/workdir/hadoop-ozone/integration-test/target/test-dir/MiniOzoneClusterImpl-c9fbaf72-4ac0-424a-a2d4-982d8f0d8e26/datanode-4/data/ratis/a7c8efc7-3d68-4391-8b01-ce70fbaea904/in_use.lock acquired by nodename 15876@trunk-nightly-9lh4p-2362225927
2019-07-13 07:23:55,687 INFO  storage.RaftStorage (RaftStorage.java:format(72)) - Storage directory /tmp/workdir/hadoop-ozone/integration-test/target/test-dir/MiniOzoneClusterImpl-c9fbaf72-4ac0-424a-a2d4-982d8f0d8e26/datanode-5/data/ratis/a7c8efc7-3d68-4391-8b01-ce70fbaea904 has been successfully formatted.
2019-07-13 07:23:55,687 INFO  storage.RaftStorage (RaftStorage.java:format(72)) - Storage directory /tmp/workdir/hadoop-ozone/integration-test/target/test-dir/MiniOzoneClusterImpl-c9fbaf72-4ac0-424a-a2d4-982d8f0d8e26/datanode-4/data/ratis/a7c8efc7-3d68-4391-8b01-ce70fbaea904 has been successfully formatted.
2019-07-13 07:23:55,687 INFO  storage.RaftStorage (RaftStorage.java:format(72)) - Storage directory /tmp/workdir/hadoop-ozone/integration-test/target/test-dir/MiniOzoneClusterImpl-c9fbaf72-4ac0-424a-a2d4-982d8f0d8e26/datanode-3/data/ratis/a7c8efc7-3d68-4391-8b01-ce70fbaea904 has been successfully formatted.
2019-07-13 07:23:55,687 INFO  ratis.ContainerStateMachine (ContainerStateMachine.java:loadSnapshot(200)) - The snapshot info is null.Setting the last applied index to:(t:0, i:~)
2019-07-13 07:23:55,687 INFO  ratis.ContainerStateMachine (ContainerStateMachine.java:loadSnapshot(200)) - The snapshot info is null.Setting the last applied index to:(t:0, i:~)
2019-07-13 07:23:55,687 INFO  ratis.ContainerStateMachine (ContainerStateMachine.java:loadSnapshot(200)) - The snapshot info is null.Setting the last applied index to:(t:0, i:~)
2019-07-13 07:23:55,688 INFO  server.RaftServerConfigKeys (ConfUtils.java:logGet(43)) - raft.server.leader.election.timeout = 120s (custom)
2019-07-13 07:23:55,687 INFO  server.RaftServerConfigKeys (ConfUtils.java:logGet(43)) - raft.server.leader.election.timeout = 120s (custom)
2019-07-13 07:23:55,688 INFO  server.RaftServerConfigKeys (ConfUtils.java:logGet(43)) - raft.server.log.use.memory = false (default)
2019-07-13 07:23:55,688 INFO  server.RaftServerConfigKeys (ConfUtils.java:logGet(43)) - raft.server.leader.election.timeout = 120s (custom)
2019-07-13 07:23:55,688 INFO  server.RaftServerConfigKeys (ConfUtils.java:logGet(43)) - raft.server.log.purge.gap = 1000000000 (custom)
2019-07-13 07:23:55,688 INFO  server.RaftServerConfigKeys (ConfUtils.java:logGet(43)) - raft.server.log.use.memory = false (default)
2019-07-13 07:23:55,689 INFO  server.RaftServerConfigKeys (ConfUtils.java:logGet(43)) - raft.server.log.appender.buffer.byte-limit = 33554432 (custom)
2019-07-13 07:23:55,688 INFO  server.RaftServerConfigKeys (ConfUtils.java:logGet(43)) - raft.server.log.use.memory = false (default)
2019-07-13 07:23:55,689 INFO  server.RaftServerConfigKeys (ConfUtils.java:logGet(43)) - raft.server.log.segment.size.max = 1048576 (custom)
2019-07-13 07:23:55,689 INFO  server.RaftServerConfigKeys (ConfUtils.java:logGet(43)) - raft.server.log.purge.gap = 1000000000 (custom)
2019-07-13 07:23:55,689 INFO  server.RaftServerConfigKeys (ConfUtils.java:logGet(43)) - raft.server.log.segment.cache.num.max = 2 (custom)
2019-07-13 07:23:55,689 INFO  server.RaftServerConfigKeys (ConfUtils.java:logGet(43)) - raft.server.log.purge.gap = 1000000000 (custom)
2019-07-13 07:23:55,690 INFO  segmented.SegmentedRaftLogWorker (SegmentedRaftLogWorker.java:<init>(172)) - new b6a2e03e-f3bd-4b9a-b2cc-05e16fdeb3db-SegmentedRaftLogWorker:Storage Directory /tmp/workdir/hadoop-ozone/integration-test/target/test-dir/MiniOzoneClusterImpl-c9fbaf72-4ac0-424a-a2d4-982d8f0d8e26/datanode-3/data/ratis/a7c8efc7-3d68-4391-8b01-ce70fbaea904 for RaftStorage:Storage Directory /tmp/workdir/hadoop-ozone/integration-test/target/test-dir/MiniOzoneClusterImpl-c9fbaf72-4ac0-424a-a2d4-982d8f0d8e26/datanode-3/data/ratis/a7c8efc7-3d68-4391-8b01-ce70fbaea904
2019-07-13 07:23:55,689 INFO  server.RaftServerConfigKeys (ConfUtils.java:logGet(43)) - raft.server.log.appender.buffer.byte-limit = 33554432 (custom)
2019-07-13 07:23:55,690 INFO  server.RaftServerConfigKeys (ConfUtils.java:logGet(43)) - raft.server.log.queue.byte-limit = 2147483647 (custom)
2019-07-13 07:23:55,690 INFO  server.RaftServerConfigKeys (ConfUtils.java:logGet(43)) - raft.server.log.appender.buffer.byte-limit = 33554432 (custom)
2019-07-13 07:23:55,690 INFO  server.RaftServerConfigKeys (ConfUtils.java:logGet(43)) - raft.server.log.queue.element-limit = 1024 (custom)
2019-07-13 07:23:55,690 INFO  server.RaftServerConfigKeys (ConfUtils.java:logGet(43)) - raft.server.log.segment.size.max = 1048576 (custom)
2019-07-13 07:23:55,691 INFO  server.RaftServerConfigKeys (ConfUtils.java:logGet(43)) - raft.server.log.segment.size.max = 1048576 (custom)
2019-07-13 07:23:55,691 INFO  server.RaftServerConfigKeys (ConfUtils.java:logGet(43)) - raft.server.log.segment.size.max = 1048576 (custom)
2019-07-13 07:23:55,691 INFO  server.RaftServerConfigKeys (ConfUtils.java:logGet(43)) - raft.server.log.preallocated.size = 16384 (custom)
2019-07-13 07:23:55,691 INFO  server.RaftServerConfigKeys (ConfUtils.java:logGet(43)) - raft.server.log.segment.cache.num.max = 2 (custom)
2019-07-13 07:23:55,691 INFO  server.RaftServerConfigKeys (ConfUtils.java:logGet(43)) - raft.server.log.write.buffer.size = 33554432 (custom)
2019-07-13 07:23:55,692 INFO  server.RaftServerConfigKeys (ConfUtils.java:logGet(43)) - raft.server.log.force.sync.num = 128 (default)
2019-07-13 07:23:55,691 INFO  server.RaftServerConfigKeys (ConfUtils.java:logGet(43)) - raft.server.log.segment.cache.num.max = 2 (custom)
2019-07-13 07:23:55,692 INFO  server.RaftServerConfigKeys (ConfUtils.java:logGet(43)) - raft.server.log.statemachine.data.sync = true (default)
2019-07-13 07:23:55,692 INFO  server.RaftServerConfigKeys (ConfUtils.java:logGet(43)) - raft.server.log.statemachine.data.sync.timeout = 10s (default)
2019-07-13 07:23:55,692 INFO  segmented.SegmentedRaftLogWorker (SegmentedRaftLogWorker.java:<init>(172)) - new c18e5551-1800-40d1-9af7-9b9ec855c36c-SegmentedRaftLogWorker:Storage Directory /tmp/workdir/hadoop-ozone/integration-test/target/test-dir/MiniOzoneClusterImpl-c9fbaf72-4ac0-424a-a2d4-982d8f0d8e26/datanode-5/data/ratis/a7c8efc7-3d68-4391-8b01-ce70fbaea904 for RaftStorage:Storage Directory /tmp/workdir/hadoop-ozone/integration-test/target/test-dir/MiniOzoneClusterImpl-c9fbaf72-4ac0-424a-a2d4-982d8f0d8e26/datanode-5/data/ratis/a7c8efc7-3d68-4391-8b01-ce70fbaea904
2019-07-13 07:23:55,692 INFO  server.RaftServerConfigKeys (ConfUtils.java:logGet(43)) - raft.server.log.statemachine.data.sync.timeout.retry = -1 (default)
2019-07-13 07:23:55,692 INFO  segmented.SegmentedRaftLogWorker (SegmentedRaftLogWorker.java:<init>(172)) - new 77e76158-35fc-4695-b3e3-a902d0efea44-SegmentedRaftLogWorker:Storage Directory /tmp/workdir/hadoop-ozone/integration-test/target/test-dir/MiniOzoneClusterImpl-c9fbaf72-4ac0-424a-a2d4-982d8f0d8e26/datanode-4/data/ratis/a7c8efc7-3d68-4391-8b01-ce70fbaea904 for RaftStorage:Storage Directory /tmp/workdir/hadoop-ozone/integration-test/target/test-dir/MiniOzoneClusterImpl-c9fbaf72-4ac0-424a-a2d4-982d8f0d8e26/datanode-4/data/ratis/a7c8efc7-3d68-4391-8b01-ce70fbaea904
2019-07-13 07:23:55,693 INFO  server.RaftServerConfigKeys (ConfUtils.java:logGet(43)) - raft.server.log.statemachine.data.caching.enabled = true (custom)
2019-07-13 07:23:55,693 INFO  server.RaftServerConfigKeys (ConfUtils.java:logGet(43)) - raft.server.log.queue.byte-limit = 2147483647 (custom)
2019-07-13 07:23:55,693 INFO  server.RaftServerConfigKeys (ConfUtils.java:logGet(43)) - raft.server.log.queue.byte-limit = 2147483647 (custom)
2019-07-13 07:23:55,693 INFO  server.RaftServerConfigKeys (ConfUtils.java:logGet(43)) - raft.server.log.queue.element-limit = 1024 (custom)
2019-07-13 07:23:55,693 INFO  segmented.SegmentedRaftLogWorker (SegmentedRaftLogWorker.java:lambda$new$0(132)) - b6a2e03e-f3bd-4b9a-b2cc-05e16fdeb3db-SegmentedRaftLogWorker:Storage Directory /tmp/workdir/hadoop-ozone/integration-test/target/test-dir/MiniOzoneClusterImpl-c9fbaf72-4ac0-424a-a2d4-982d8f0d8e26/datanode-3/data/ratis/a7c8efc7-3d68-4391-8b01-ce70fbaea904: flushIndex: setUnconditionally 0 -> -1
2019-07-13 07:23:55,694 INFO  server.RaftServerConfigKeys (ConfUtils.java:logGet(43)) - raft.server.log.segment.size.max = 1048576 (custom)
2019-07-13 07:23:55,693 INFO  server.RaftServerConfigKeys (ConfUtils.java:logGet(43)) - raft.server.log.queue.element-limit = 1024 (custom)
2019-07-13 07:23:55,694 INFO  server.RaftServerConfigKeys (ConfUtils.java:logGet(43)) - raft.server.snapshot.auto.trigger.enabled = true (custom)
2019-07-13 07:23:55,694 INFO  server.RaftServerConfigKeys (ConfUtils.java:logGet(43)) - raft.server.log.preallocated.size = 16384 (custom)
2019-07-13 07:23:55,694 INFO  server.RaftServerConfigKeys (ConfUtils.java:logGet(43)) - raft.server.snapshot.auto.trigger.threshold = 10000 (custom)
2019-07-13 07:23:55,694 INFO  server.RaftServerConfigKeys (ConfUtils.java:logGet(43)) - raft.server.log.segment.size.max = 1048576 (custom)
2019-07-13 07:23:55,695 INFO  server.RaftServerConfigKeys (ConfUtils.java:logGet(43)) - raft.server.retrycache.expirytime = 600000ms (custom)
2019-07-13 07:23:55,694 INFO  server.RaftServerConfigKeys (ConfUtils.java:logGet(43)) - raft.server.log.write.buffer.size = 33554432 (custom)
2019-07-13 07:23:55,695 INFO  impl.RaftServerImpl (RaftServerImpl.java:start(180)) - b6a2e03e-f3bd-4b9a-b2cc-05e16fdeb3db: start group-CE70FBAEA904
2019-07-13 07:23:55,695 INFO  impl.RaftServerImpl (RaftServerImpl.java:setRole(171)) - b6a2e03e-f3bd-4b9a-b2cc-05e16fdeb3db:group-CE70FBAEA904 changes role from null to FOLLOWER at term 0 for startAsFollower
2019-07-13 07:23:55,695 INFO  server.RaftServerConfigKeys (ConfUtils.java:logGet(43)) - raft.server.log.preallocated.size = 16384 (custom)
2019-07-13 07:23:55,695 INFO  impl.RoleInfo (RoleInfo.java:updateAndGet(143)) - b6a2e03e-f3bd-4b9a-b2cc-05e16fdeb3db: start FollowerState
2019-07-13 07:23:55,695 INFO  server.RaftServerConfigKeys (ConfUtils.java:logGet(43)) - raft.server.log.force.sync.num = 128 (default)
2019-07-13 07:23:55,696 INFO  server.RaftServerConfigKeys (ConfUtils.java:logGet(43)) - raft.server.log.statemachine.data.sync = true (default)
2019-07-13 07:23:55,696 INFO  server.RaftServerConfigKeys (ConfUtils.java:logGet(43)) - raft.server.log.write.buffer.size = 33554432 (custom)
2019-07-13 07:23:55,696 INFO  server.RaftServerConfigKeys (ConfUtils.java:logGet(43)) - raft.server.log.statemachine.data.sync.timeout = 10s (default)
2019-07-13 07:23:55,696 INFO  util.JmxRegister (JmxRegister.java:tryRegister(44)) - Successfully registered JMX Bean with object name Ratis:service=RaftServer,group=group-CE70FBAEA904,id=b6a2e03e-f3bd-4b9a-b2cc-05e16fdeb3db
2019-07-13 07:23:55,696 INFO  server.RaftServerConfigKeys (ConfUtils.java:logGet(43)) - raft.server.log.statemachine.data.sync.timeout.retry = -1 (default)
2019-07-13 07:23:55,696 INFO  server.RaftServerConfigKeys (ConfUtils.java:logGet(43)) - raft.server.log.force.sync.num = 128 (default)
2019-07-13 07:23:55,697 INFO  server.RaftServerConfigKeys (ConfUtils.java:logGet(43)) - raft.server.log.statemachine.data.sync = true (default)
2019-07-13 07:23:55,697 INFO  server.RaftServerConfigKeys (ConfUtils.java:logGet(43)) - raft.server.log.statemachine.data.caching.enabled = true (custom)
2019-07-13 07:23:55,697 INFO  server.RaftServerConfigKeys (ConfUtils.java:logGet(43)) - raft.server.log.statemachine.data.sync.timeout = 10s (default)
2019-07-13 07:23:55,698 INFO  server.RaftServerConfigKeys (ConfUtils.java:logGet(43)) - raft.server.log.statemachine.data.sync.timeout.retry = -1 (default)
2019-07-13 07:23:55,698 INFO  segmented.SegmentedRaftLogWorker (SegmentedRaftLogWorker.java:lambda$new$0(132)) - c18e5551-1800-40d1-9af7-9b9ec855c36c-SegmentedRaftLogWorker:Storage Directory /tmp/workdir/hadoop-ozone/integration-test/target/test-dir/MiniOzoneClusterImpl-c9fbaf72-4ac0-424a-a2d4-982d8f0d8e26/datanode-5/data/ratis/a7c8efc7-3d68-4391-8b01-ce70fbaea904: flushIndex: setUnconditionally 0 -> -1
2019-07-13 07:23:55,698 INFO  server.RaftServerConfigKeys (ConfUtils.java:logGet(43)) - raft.server.log.statemachine.data.caching.enabled = true (custom)
2019-07-13 07:23:55,699 INFO  server.RaftServerConfigKeys (ConfUtils.java:logGet(43)) - raft.server.snapshot.auto.trigger.enabled = true (custom)
2019-07-13 07:23:55,699 INFO  segmented.SegmentedRaftLogWorker (SegmentedRaftLogWorker.java:lambda$new$0(132)) - 77e76158-35fc-4695-b3e3-a902d0efea44-SegmentedRaftLogWorker:Storage Directory /tmp/workdir/hadoop-ozone/integration-test/target/test-dir/MiniOzoneClusterImpl-c9fbaf72-4ac0-424a-a2d4-982d8f0d8e26/datanode-4/data/ratis/a7c8efc7-3d68-4391-8b01-ce70fbaea904: flushIndex: setUnconditionally 0 -> -1
2019-07-13 07:23:55,699 INFO  server.RaftServerConfigKeys (ConfUtils.java:logGet(43)) - raft.server.snapshot.auto.trigger.threshold = 10000 (custom)
2019-07-13 07:23:55,699 INFO  server.RaftServerConfigKeys (ConfUtils.java:logGet(43)) - raft.server.snapshot.auto.trigger.enabled = true (custom)
2019-07-13 07:23:55,699 INFO  server.RaftServerConfigKeys (ConfUtils.java:logGet(43)) - raft.server.retrycache.expirytime = 600000ms (custom)
2019-07-13 07:23:55,699 INFO  server.RaftServerConfigKeys (ConfUtils.java:logGet(43)) - raft.server.snapshot.auto.trigger.threshold = 10000 (custom)
2019-07-13 07:23:55,700 INFO  impl.RaftServerImpl (RaftServerImpl.java:start(180)) - c18e5551-1800-40d1-9af7-9b9ec855c36c: start group-CE70FBAEA904
2019-07-13 07:23:55,700 INFO  server.RaftServerConfigKeys (ConfUtils.java:logGet(43)) - raft.server.retrycache.expirytime = 600000ms (custom)
2019-07-13 07:23:55,700 INFO  impl.RaftServerImpl (RaftServerImpl.java:setRole(171)) - c18e5551-1800-40d1-9af7-9b9ec855c36c:group-CE70FBAEA904 changes role from null to FOLLOWER at term 0 for startAsFollower
2019-07-13 07:23:55,700 INFO  impl.RaftServerImpl (RaftServerImpl.java:start(180)) - 77e76158-35fc-4695-b3e3-a902d0efea44: start group-CE70FBAEA904
2019-07-13 07:23:55,700 INFO  impl.RoleInfo (RoleInfo.java:updateAndGet(143)) - c18e5551-1800-40d1-9af7-9b9ec855c36c: start FollowerState
2019-07-13 07:23:55,700 INFO  impl.RaftServerImpl (RaftServerImpl.java:setRole(171)) - 77e76158-35fc-4695-b3e3-a902d0efea44:group-CE70FBAEA904 changes role from null to FOLLOWER at term 0 for startAsFollower
2019-07-13 07:23:55,701 INFO  impl.RoleInfo (RoleInfo.java:updateAndGet(143)) - 77e76158-35fc-4695-b3e3-a902d0efea44: start FollowerState
2019-07-13 07:23:55,701 INFO  util.JmxRegister (JmxRegister.java:tryRegister(44)) - Successfully registered JMX Bean with object name Ratis:service=RaftServer,group=group-CE70FBAEA904,id=c18e5551-1800-40d1-9af7-9b9ec855c36c
2019-07-13 07:23:55,701 INFO  util.JmxRegister (JmxRegister.java:tryRegister(44)) - Successfully registered JMX Bean with object name Ratis:service=RaftServer,group=group-CE70FBAEA904,id=77e76158-35fc-4695-b3e3-a902d0efea44
2019-07-13 07:23:55,704 INFO  pipeline.PipelineStateManager (PipelineStateManager.java:addPipeline(56)) - Created pipeline Pipeline[ Id: a7c8efc7-3d68-4391-8b01-ce70fbaea904, Nodes: b6a2e03e-f3bd-4b9a-b2cc-05e16fdeb3db{ip: 192.168.69.84, host: trunk-nightly-9lh4p-2362225927, networkLocation: /default-rack, certSerialId: null}77e76158-35fc-4695-b3e3-a902d0efea44{ip: 192.168.69.84, host: trunk-nightly-9lh4p-2362225927, networkLocation: /default-rack, certSerialId: null}c18e5551-1800-40d1-9af7-9b9ec855c36c{ip: 192.168.69.84, host: trunk-nightly-9lh4p-2362225927, networkLocation: /default-rack, certSerialId: null}, Type:RATIS, Factor:THREE, State:OPEN]
2019-07-13 07:23:56,584 INFO  ozone.MiniOzoneClusterImpl (MiniOzoneClusterImpl.java:lambda$waitForClusterToBeReady$0(142)) - Cluster is ready. Got 6 of 6 DN Heartbeats.
2019-07-13 07:23:56,694 INFO  rpc.RpcClient (RpcClient.java:createVolume(287)) - Creating Volume: datanodefailurehandlingtest, with jenkins1000 as owner.
2019-07-13 07:23:56,719 INFO  rpc.RpcClient (RpcClient.java:createBucket(424)) - Creating Bucket: datanodefailurehandlingtest/datanodefailurehandlingtest, with Versioning false and Storage Type set to DISK and Encryption set to false 
2019-07-13 07:23:56,848 INFO  client.GrpcClientProtocolClient (GrpcClientProtocolClient.java:onNext(255)) - client-42BC1A69A137->b6a2e03e-f3bd-4b9a-b2cc-05e16fdeb3db: receive RaftClientReply:client-42BC1A69A137->b6a2e03e-f3bd-4b9a-b2cc-05e16fdeb3db@group-CE70FBAEA904, cid=70, FAILED org.apache.ratis.protocol.NotLeaderException: Server b6a2e03e-f3bd-4b9a-b2cc-05e16fdeb3db is not the leader (null). Request must be sent to leader., logIndex=0, commits[b6a2e03e-f3bd-4b9a-b2cc-05e16fdeb3db:c-1]
2019-07-13 07:23:57,655 INFO  container.ReplicationManager (ReplicationManager.java:start(155)) - Starting Replication Monitor Thread.
2019-07-13 07:23:57,661 INFO  container.ReplicationManager (ReplicationManager.java:run(207)) - Replication Monitor Thread took 0 milliseconds for processing 5 containers.
2019-07-13 07:23:57,889 INFO  client.GrpcClientProtocolClient (GrpcClientProtocolClient.java:onNext(255)) - client-42BC1A69A137->77e76158-35fc-4695-b3e3-a902d0efea44: receive RaftClientReply:client-42BC1A69A137->77e76158-35fc-4695-b3e3-a902d0efea44@group-CE70FBAEA904, cid=70, FAILED org.apache.ratis.protocol.NotLeaderException: Server 77e76158-35fc-4695-b3e3-a902d0efea44 is not the leader (null). Request must be sent to leader., logIndex=0, commits[77e76158-35fc-4695-b3e3-a902d0efea44:c-1]
2019-07-13 07:23:58,925 INFO  client.GrpcClientProtocolClient (GrpcClientProtocolClient.java:onNext(255)) - client-42BC1A69A137->c18e5551-1800-40d1-9af7-9b9ec855c36c: receive RaftClientReply:client-42BC1A69A137->c18e5551-1800-40d1-9af7-9b9ec855c36c@group-CE70FBAEA904, cid=70, FAILED org.apache.ratis.protocol.NotLeaderException: Server c18e5551-1800-40d1-9af7-9b9ec855c36c is not the leader (null). Request must be sent to leader., logIndex=0, commits[c18e5551-1800-40d1-9af7-9b9ec855c36c:c-1]
2019-07-13 07:23:59,813 INFO  impl.FollowerState (FollowerState.java:run(106)) - c9b476ec-1c93-423e-9659-d334a51175a4:group-59C9E45CD894 changes to CANDIDATE, lastRpcTime:5122, electionTimeout:5122ms
2019-07-13 07:23:59,813 INFO  impl.RoleInfo (RoleInfo.java:shutdownFollowerState(121)) - c9b476ec-1c93-423e-9659-d334a51175a4: shutdown FollowerState
2019-07-13 07:23:59,814 INFO  impl.RaftServerImpl (RaftServerImpl.java:setRole(171)) - c9b476ec-1c93-423e-9659-d334a51175a4:group-59C9E45CD894 changes role from FOLLOWER to CANDIDATE at term 0 for changeToCandidate
2019-07-13 07:23:59,814 INFO  impl.RoleInfo (RoleInfo.java:updateAndGet(143)) - c9b476ec-1c93-423e-9659-d334a51175a4: start LeaderElection
2019-07-13 07:23:59,838 INFO  impl.LeaderElection (LeaderElection.java:askForVotes(181)) - c9b476ec-1c93-423e-9659-d334a51175a4:group-59C9E45CD894:LeaderElection39: begin an election at term 1 for -1: [c9b476ec-1c93-423e-9659-d334a51175a4:192.168.69.84:39274], old=null
2019-07-13 07:23:59,838 INFO  impl.RoleInfo (RoleInfo.java:shutdownLeaderElection(134)) - c9b476ec-1c93-423e-9659-d334a51175a4: shutdown LeaderElection
2019-07-13 07:23:59,838 INFO  impl.RaftServerImpl (RaftServerImpl.java:setRole(171)) - c9b476ec-1c93-423e-9659-d334a51175a4:group-59C9E45CD894 changes role from CANDIDATE to LEADER at term 1 for changeToLeader
2019-07-13 07:23:59,838 INFO  impl.RaftServerImpl (ServerState.java:setLeader(263)) - c9b476ec-1c93-423e-9659-d334a51175a4:group-59C9E45CD894 change Leader from null to c9b476ec-1c93-423e-9659-d334a51175a4 at term 1 for becomeLeader, leader elected after 5152ms
2019-07-13 07:23:59,839 INFO  server.RaftServerConfigKeys (ConfUtils.java:logGet(43)) - raft.server.staging.catchup.gap = 1000 (default)
2019-07-13 07:23:59,839 INFO  server.RaftServerConfigKeys (ConfUtils.java:logGet(43)) - raft.server.rpc.sleep.time = 25ms (default)
2019-07-13 07:23:59,839 INFO  server.RaftServerConfigKeys (ConfUtils.java:logGet(43)) - raft.server.write.element-limit = 4096 (default)
2019-07-13 07:23:59,839 INFO  server.RaftServerConfigKeys (ConfUtils.java:logGet(43)) - raft.server.watch.timeout = 10s (default)
2019-07-13 07:23:59,839 INFO  server.RaftServerConfigKeys (ConfUtils.java:logGet(43)) - raft.server.watch.timeout.denomination = 1s (default)
2019-07-13 07:23:59,840 INFO  server.RaftServerConfigKeys (ConfUtils.java:logGet(43)) - raft.server.watch.element-limit = 65536 (default)
2019-07-13 07:23:59,840 INFO  impl.RoleInfo (RoleInfo.java:updateAndGet(143)) - c9b476ec-1c93-423e-9659-d334a51175a4: start LeaderState
2019-07-13 07:23:59,840 INFO  segmented.SegmentedRaftLogWorker (SegmentedRaftLogWorker.java:startLogSegment(380)) - c9b476ec-1c93-423e-9659-d334a51175a4-SegmentedRaftLogWorker:Storage Directory /tmp/workdir/hadoop-ozone/integration-test/target/test-dir/MiniOzoneClusterImpl-c9fbaf72-4ac0-424a-a2d4-982d8f0d8e26/datanode-0/data/ratis/d6eb7c1c-5a37-4123-a053-59c9e45cd894: Starting segment from index:0
2019-07-13 07:23:59,841 INFO  impl.RaftServerImpl (ServerState.java:setRaftConf(361)) - c9b476ec-1c93-423e-9659-d334a51175a4:group-59C9E45CD894 set configuration 0: [c9b476ec-1c93-423e-9659-d334a51175a4:192.168.69.84:39274], old=null at 0
2019-07-13 07:23:59,871 INFO  segmented.SegmentedRaftLogWorker (SegmentedRaftLogWorker.java:execute(569)) - c9b476ec-1c93-423e-9659-d334a51175a4-SegmentedRaftLogWorker:Storage Directory /tmp/workdir/hadoop-ozone/integration-test/target/test-dir/MiniOzoneClusterImpl-c9fbaf72-4ac0-424a-a2d4-982d8f0d8e26/datanode-0/data/ratis/d6eb7c1c-5a37-4123-a053-59c9e45cd894: created new log segment /tmp/workdir/hadoop-ozone/integration-test/target/test-dir/MiniOzoneClusterImpl-c9fbaf72-4ac0-424a-a2d4-982d8f0d8e26/datanode-0/data/ratis/d6eb7c1c-5a37-4123-a053-59c9e45cd894/current/log_inprogress_0
2019-07-13 07:23:59,961 INFO  client.GrpcClientProtocolClient (GrpcClientProtocolClient.java:onNext(255)) - client-42BC1A69A137->b6a2e03e-f3bd-4b9a-b2cc-05e16fdeb3db: receive RaftClientReply:client-42BC1A69A137->b6a2e03e-f3bd-4b9a-b2cc-05e16fdeb3db@group-CE70FBAEA904, cid=70, FAILED org.apache.ratis.protocol.NotLeaderException: Server b6a2e03e-f3bd-4b9a-b2cc-05e16fdeb3db is not the leader (null). Request must be sent to leader., logIndex=0, commits[b6a2e03e-f3bd-4b9a-b2cc-05e16fdeb3db:c-1]
2019-07-13 07:24:00,015 INFO  impl.FollowerState (FollowerState.java:run(106)) - bd68fe04-e0d0-41cf-b5c6-9e8d7c51f834:group-BB25B29FBC1C changes to CANDIDATE, lastRpcTime:5089, electionTimeout:5089ms
2019-07-13 07:24:00,015 INFO  impl.RoleInfo (RoleInfo.java:shutdownFollowerState(121)) - bd68fe04-e0d0-41cf-b5c6-9e8d7c51f834: shutdown FollowerState
2019-07-13 07:24:00,015 INFO  impl.RaftServerImpl (RaftServerImpl.java:setRole(171)) - bd68fe04-e0d0-41cf-b5c6-9e8d7c51f834:group-BB25B29FBC1C changes role from FOLLOWER to CANDIDATE at term 0 for changeToCandidate
2019-07-13 07:24:00,015 INFO  impl.RoleInfo (RoleInfo.java:updateAndGet(143)) - bd68fe04-e0d0-41cf-b5c6-9e8d7c51f834: start LeaderElection
2019-07-13 07:24:00,038 INFO  impl.LeaderElection (LeaderElection.java:askForVotes(181)) - bd68fe04-e0d0-41cf-b5c6-9e8d7c51f834:group-BB25B29FBC1C:LeaderElection40: begin an election at term 1 for -1: [bd68fe04-e0d0-41cf-b5c6-9e8d7c51f834:192.168.69.84:33939], old=null
2019-07-13 07:24:00,038 INFO  impl.RoleInfo (RoleInfo.java:shutdownLeaderElection(134)) - bd68fe04-e0d0-41cf-b5c6-9e8d7c51f834: shutdown LeaderElection
2019-07-13 07:24:00,038 INFO  impl.RaftServerImpl (RaftServerImpl.java:setRole(171)) - bd68fe04-e0d0-41cf-b5c6-9e8d7c51f834:group-BB25B29FBC1C changes role from CANDIDATE to LEADER at term 1 for changeToLeader
2019-07-13 07:24:00,038 INFO  impl.RaftServerImpl (ServerState.java:setLeader(263)) - bd68fe04-e0d0-41cf-b5c6-9e8d7c51f834:group-BB25B29FBC1C change Leader from null to bd68fe04-e0d0-41cf-b5c6-9e8d7c51f834 at term 1 for becomeLeader, leader elected after 5117ms
2019-07-13 07:24:00,038 INFO  server.RaftServerConfigKeys (ConfUtils.java:logGet(43)) - raft.server.staging.catchup.gap = 1000 (default)
2019-07-13 07:24:00,039 INFO  server.RaftServerConfigKeys (ConfUtils.java:logGet(43)) - raft.server.rpc.sleep.time = 25ms (default)
2019-07-13 07:24:00,039 INFO  server.RaftServerConfigKeys (ConfUtils.java:logGet(43)) - raft.server.write.element-limit = 4096 (default)
2019-07-13 07:24:00,039 INFO  server.RaftServerConfigKeys (ConfUtils.java:logGet(43)) - raft.server.watch.timeout = 10s (default)
2019-07-13 07:24:00,039 INFO  server.RaftServerConfigKeys (ConfUtils.java:logGet(43)) - raft.server.watch.timeout.denomination = 1s (default)
2019-07-13 07:24:00,039 INFO  server.RaftServerConfigKeys (ConfUtils.java:logGet(43)) - raft.server.watch.element-limit = 65536 (default)
2019-07-13 07:24:00,040 INFO  impl.RoleInfo (RoleInfo.java:updateAndGet(143)) - bd68fe04-e0d0-41cf-b5c6-9e8d7c51f834: start LeaderState
2019-07-13 07:24:00,040 INFO  segmented.SegmentedRaftLogWorker (SegmentedRaftLogWorker.java:startLogSegment(380)) - bd68fe04-e0d0-41cf-b5c6-9e8d7c51f834-SegmentedRaftLogWorker:Storage Directory /tmp/workdir/hadoop-ozone/integration-test/target/test-dir/MiniOzoneClusterImpl-c9fbaf72-4ac0-424a-a2d4-982d8f0d8e26/datanode-1/data/ratis/4e6a394f-38f1-49de-a097-bb25b29fbc1c: Starting segment from index:0
2019-07-13 07:24:00,040 INFO  impl.RaftServerImpl (ServerState.java:setRaftConf(361)) - bd68fe04-e0d0-41cf-b5c6-9e8d7c51f834:group-BB25B29FBC1C set configuration 0: [bd68fe04-e0d0-41cf-b5c6-9e8d7c51f834:192.168.69.84:33939], old=null at 0
2019-07-13 07:24:00,071 INFO  segmented.SegmentedRaftLogWorker (SegmentedRaftLogWorker.java:execute(569)) - bd68fe04-e0d0-41cf-b5c6-9e8d7c51f834-SegmentedRaftLogWorker:Storage Directory /tmp/workdir/hadoop-ozone/integration-test/target/test-dir/MiniOzoneClusterImpl-c9fbaf72-4ac0-424a-a2d4-982d8f0d8e26/datanode-1/data/ratis/4e6a394f-38f1-49de-a097-bb25b29fbc1c: created new log segment /tmp/workdir/hadoop-ozone/integration-test/target/test-dir/MiniOzoneClusterImpl-c9fbaf72-4ac0-424a-a2d4-982d8f0d8e26/datanode-1/data/ratis/4e6a394f-38f1-49de-a097-bb25b29fbc1c/current/log_inprogress_0
2019-07-13 07:24:00,168 INFO  impl.FollowerState (FollowerState.java:run(106)) - aa3e1aa5-f501-4c7e-af90-62cced1437a2:group-DB059788179F changes to CANDIDATE, lastRpcTime:5079, electionTimeout:5079ms
2019-07-13 07:24:00,168 INFO  impl.RoleInfo (RoleInfo.java:shutdownFollowerState(121)) - aa3e1aa5-f501-4c7e-af90-62cced1437a2: shutdown FollowerState
2019-07-13 07:24:00,169 INFO  impl.RaftServerImpl (RaftServerImpl.java:setRole(171)) - aa3e1aa5-f501-4c7e-af90-62cced1437a2:group-DB059788179F changes role from FOLLOWER to CANDIDATE at term 0 for changeToCandidate
2019-07-13 07:24:00,169 INFO  impl.RoleInfo (RoleInfo.java:updateAndGet(143)) - aa3e1aa5-f501-4c7e-af90-62cced1437a2: start LeaderElection
2019-07-13 07:24:00,193 INFO  impl.FollowerState (FollowerState.java:run(106)) - aa3e1aa5-f501-4c7e-af90-62cced1437a2:group-0931D272AF22 changes to CANDIDATE, lastRpcTime:5045, electionTimeout:5045ms
2019-07-13 07:24:00,193 INFO  impl.RoleInfo (RoleInfo.java:shutdownFollowerState(121)) - aa3e1aa5-f501-4c7e-af90-62cced1437a2: shutdown FollowerState
2019-07-13 07:24:00,193 INFO  impl.RaftServerImpl (RaftServerImpl.java:setRole(171)) - aa3e1aa5-f501-4c7e-af90-62cced1437a2:group-0931D272AF22 changes role from FOLLOWER to CANDIDATE at term 0 for changeToCandidate
2019-07-13 07:24:00,193 INFO  impl.RoleInfo (RoleInfo.java:updateAndGet(143)) - aa3e1aa5-f501-4c7e-af90-62cced1437a2: start LeaderElection
2019-07-13 07:24:00,197 INFO  impl.LeaderElection (LeaderElection.java:askForVotes(181)) - aa3e1aa5-f501-4c7e-af90-62cced1437a2:group-DB059788179F:LeaderElection41: begin an election at term 1 for -1: [aa3e1aa5-f501-4c7e-af90-62cced1437a2:192.168.69.84:32941], old=null
2019-07-13 07:24:00,201 INFO  impl.RoleInfo (RoleInfo.java:shutdownLeaderElection(134)) - aa3e1aa5-f501-4c7e-af90-62cced1437a2: shutdown LeaderElection
2019-07-13 07:24:00,201 INFO  impl.RaftServerImpl (RaftServerImpl.java:setRole(171)) - aa3e1aa5-f501-4c7e-af90-62cced1437a2:group-DB059788179F changes role from CANDIDATE to LEADER at term 1 for changeToLeader
2019-07-13 07:24:00,201 INFO  impl.RaftServerImpl (ServerState.java:setLeader(263)) - aa3e1aa5-f501-4c7e-af90-62cced1437a2:group-DB059788179F change Leader from null to aa3e1aa5-f501-4c7e-af90-62cced1437a2 at term 1 for becomeLeader, leader elected after 5116ms
2019-07-13 07:24:00,201 INFO  server.RaftServerConfigKeys (ConfUtils.java:logGet(43)) - raft.server.staging.catchup.gap = 1000 (default)
2019-07-13 07:24:00,201 INFO  server.RaftServerConfigKeys (ConfUtils.java:logGet(43)) - raft.server.rpc.sleep.time = 25ms (default)
2019-07-13 07:24:00,202 INFO  server.RaftServerConfigKeys (ConfUtils.java:logGet(43)) - raft.server.write.element-limit = 4096 (default)
2019-07-13 07:24:00,202 INFO  server.RaftServerConfigKeys (ConfUtils.java:logGet(43)) - raft.server.watch.timeout = 10s (default)
2019-07-13 07:24:00,202 INFO  server.RaftServerConfigKeys (ConfUtils.java:logGet(43)) - raft.server.watch.timeout.denomination = 1s (default)
2019-07-13 07:24:00,202 INFO  server.RaftServerConfigKeys (ConfUtils.java:logGet(43)) - raft.server.watch.element-limit = 65536 (default)
2019-07-13 07:24:00,202 INFO  impl.RoleInfo (RoleInfo.java:updateAndGet(143)) - aa3e1aa5-f501-4c7e-af90-62cced1437a2: start LeaderState
2019-07-13 07:24:00,203 INFO  segmented.SegmentedRaftLogWorker (SegmentedRaftLogWorker.java:startLogSegment(380)) - aa3e1aa5-f501-4c7e-af90-62cced1437a2-SegmentedRaftLogWorker:Storage Directory /tmp/workdir/hadoop-ozone/integration-test/target/test-dir/MiniOzoneClusterImpl-c9fbaf72-4ac0-424a-a2d4-982d8f0d8e26/datanode-2/data/ratis/29457697-718f-4680-b0b2-db059788179f: Starting segment from index:0
2019-07-13 07:24:00,203 INFO  impl.RaftServerImpl (ServerState.java:setRaftConf(361)) - aa3e1aa5-f501-4c7e-af90-62cced1437a2:group-DB059788179F set configuration 0: [aa3e1aa5-f501-4c7e-af90-62cced1437a2:192.168.69.84:32941], old=null at 0
2019-07-13 07:24:00,214 INFO  impl.LeaderElection (LeaderElection.java:askForVotes(181)) - aa3e1aa5-f501-4c7e-af90-62cced1437a2:group-0931D272AF22:LeaderElection42: begin an election at term 1 for -1: [aa3e1aa5-f501-4c7e-af90-62cced1437a2:192.168.69.84:32941, bd68fe04-e0d0-41cf-b5c6-9e8d7c51f834:192.168.69.84:33939, c9b476ec-1c93-423e-9659-d334a51175a4:192.168.69.84:39274], old=null
2019-07-13 07:24:00,231 INFO  impl.RaftServerImpl (RaftServerImpl.java:setRole(171)) - bd68fe04-e0d0-41cf-b5c6-9e8d7c51f834:group-0931D272AF22 changes role from FOLLOWER to FOLLOWER at term 1 for recognizeCandidate:aa3e1aa5-f501-4c7e-af90-62cced1437a2
2019-07-13 07:24:00,231 INFO  impl.RaftServerImpl (RaftServerImpl.java:setRole(171)) - c9b476ec-1c93-423e-9659-d334a51175a4:group-0931D272AF22 changes role from FOLLOWER to FOLLOWER at term 1 for recognizeCandidate:aa3e1aa5-f501-4c7e-af90-62cced1437a2
2019-07-13 07:24:00,232 INFO  impl.RoleInfo (RoleInfo.java:shutdownFollowerState(121)) - bd68fe04-e0d0-41cf-b5c6-9e8d7c51f834: shutdown FollowerState
2019-07-13 07:24:00,232 INFO  impl.RoleInfo (RoleInfo.java:shutdownFollowerState(121)) - c9b476ec-1c93-423e-9659-d334a51175a4: shutdown FollowerState
2019-07-13 07:24:00,232 INFO  impl.RoleInfo (RoleInfo.java:updateAndGet(143)) - bd68fe04-e0d0-41cf-b5c6-9e8d7c51f834: start FollowerState
2019-07-13 07:24:00,232 INFO  impl.RoleInfo (RoleInfo.java:updateAndGet(143)) - c9b476ec-1c93-423e-9659-d334a51175a4: start FollowerState
2019-07-13 07:24:00,232 INFO  impl.FollowerState (FollowerState.java:run(114)) - bd68fe04-e0d0-41cf-b5c6-9e8d7c51f834: FollowerState was interrupted: java.lang.InterruptedException: sleep interrupted
2019-07-13 07:24:00,232 INFO  impl.FollowerState (FollowerState.java:run(114)) - c9b476ec-1c93-423e-9659-d334a51175a4: FollowerState was interrupted: java.lang.InterruptedException: sleep interrupted
2019-07-13 07:24:00,245 INFO  segmented.SegmentedRaftLogWorker (SegmentedRaftLogWorker.java:execute(569)) - aa3e1aa5-f501-4c7e-af90-62cced1437a2-SegmentedRaftLogWorker:Storage Directory /tmp/workdir/hadoop-ozone/integration-test/target/test-dir/MiniOzoneClusterImpl-c9fbaf72-4ac0-424a-a2d4-982d8f0d8e26/datanode-2/data/ratis/29457697-718f-4680-b0b2-db059788179f: created new log segment /tmp/workdir/hadoop-ozone/integration-test/target/test-dir/MiniOzoneClusterImpl-c9fbaf72-4ac0-424a-a2d4-982d8f0d8e26/datanode-2/data/ratis/29457697-718f-4680-b0b2-db059788179f/current/log_inprogress_0
2019-07-13 07:24:00,248 INFO  impl.LeaderElection (LeaderElection.java:logAndReturn(56)) - aa3e1aa5-f501-4c7e-af90-62cced1437a2:group-0931D272AF22:LeaderElection42: Election PASSED; received 1 response(s) [aa3e1aa5-f501-4c7e-af90-62cced1437a2<-bd68fe04-e0d0-41cf-b5c6-9e8d7c51f834#0:OK-t1] and 0 exception(s); aa3e1aa5-f501-4c7e-af90-62cced1437a2:t1, leader=null, voted=aa3e1aa5-f501-4c7e-af90-62cced1437a2, raftlog=aa3e1aa5-f501-4c7e-af90-62cced1437a2-SegmentedRaftLog:OPENED:c-1,f-1,i0, conf=-1: [aa3e1aa5-f501-4c7e-af90-62cced1437a2:192.168.69.84:32941, bd68fe04-e0d0-41cf-b5c6-9e8d7c51f834:192.168.69.84:33939, c9b476ec-1c93-423e-9659-d334a51175a4:192.168.69.84:39274], old=null
2019-07-13 07:24:00,248 INFO  impl.RoleInfo (RoleInfo.java:shutdownLeaderElection(134)) - aa3e1aa5-f501-4c7e-af90-62cced1437a2: shutdown LeaderElection
2019-07-13 07:24:00,248 INFO  impl.RaftServerImpl (RaftServerImpl.java:setRole(171)) - aa3e1aa5-f501-4c7e-af90-62cced1437a2:group-0931D272AF22 changes role from CANDIDATE to LEADER at term 1 for changeToLeader
2019-07-13 07:24:00,248 INFO  impl.RaftServerImpl (ServerState.java:setLeader(263)) - aa3e1aa5-f501-4c7e-af90-62cced1437a2:group-0931D272AF22 change Leader from null to aa3e1aa5-f501-4c7e-af90-62cced1437a2 at term 1 for becomeLeader, leader elected after 5108ms
2019-07-13 07:24:00,248 INFO  server.RaftServerConfigKeys (ConfUtils.java:logGet(43)) - raft.server.staging.catchup.gap = 1000 (default)
2019-07-13 07:24:00,248 INFO  server.RaftServerConfigKeys (ConfUtils.java:logGet(43)) - raft.server.rpc.sleep.time = 25ms (default)
2019-07-13 07:24:00,249 INFO  server.RaftServerConfigKeys (ConfUtils.java:logGet(43)) - raft.server.write.element-limit = 4096 (default)
2019-07-13 07:24:00,249 INFO  server.RaftServerConfigKeys (ConfUtils.java:logGet(43)) - raft.server.watch.timeout = 10s (default)
2019-07-13 07:24:00,249 INFO  server.RaftServerConfigKeys (ConfUtils.java:logGet(43)) - raft.server.watch.timeout.denomination = 1s (default)
2019-07-13 07:24:00,249 INFO  server.RaftServerConfigKeys (ConfUtils.java:logGet(43)) - raft.server.watch.element-limit = 65536 (default)
2019-07-13 07:24:00,249 INFO  server.RaftServerConfigKeys (ConfUtils.java:logGet(43)) - raft.server.log.appender.snapshot.chunk.size.max = 16MB (=16777216) (default)
2019-07-13 07:24:00,250 INFO  server.RaftServerConfigKeys (ConfUtils.java:logGet(43)) - raft.server.log.appender.buffer.byte-limit = 33554432 (custom)
2019-07-13 07:24:00,250 INFO  server.RaftServerConfigKeys (ConfUtils.java:logGet(43)) - raft.server.log.appender.buffer.element-limit = 1 (custom)
2019-07-13 07:24:00,250 INFO  grpc.GrpcConfigKeys$Server (ConfUtils.java:logGet(43)) - raft.grpc.server.leader.outstanding.appends.max = 128 (default)
2019-07-13 07:24:00,250 INFO  server.RaftServerConfigKeys (ConfUtils.java:logGet(43)) - raft.server.rpc.request.timeout = 3000ms (default)
2019-07-13 07:24:00,251 INFO  server.RaftServerConfigKeys (ConfUtils.java:logGet(43)) - raft.server.log.appender.install.snapshot.enabled = false (custom)
2019-07-13 07:24:00,251 INFO  server.RaftServerConfigKeys (ConfUtils.java:logGet(43)) - raft.server.log.appender.snapshot.chunk.size.max = 16MB (=16777216) (default)
2019-07-13 07:24:00,251 INFO  server.RaftServerConfigKeys (ConfUtils.java:logGet(43)) - raft.server.log.appender.buffer.byte-limit = 33554432 (custom)
2019-07-13 07:24:00,251 INFO  server.RaftServerConfigKeys (ConfUtils.java:logGet(43)) - raft.server.log.appender.buffer.element-limit = 1 (custom)
2019-07-13 07:24:00,252 INFO  grpc.GrpcConfigKeys$Server (ConfUtils.java:logGet(43)) - raft.grpc.server.leader.outstanding.appends.max = 128 (default)
2019-07-13 07:24:00,252 INFO  server.RaftServerConfigKeys (ConfUtils.java:logGet(43)) - raft.server.rpc.request.timeout = 3000ms (default)
2019-07-13 07:24:00,252 INFO  server.RaftServerConfigKeys (ConfUtils.java:logGet(43)) - raft.server.log.appender.install.snapshot.enabled = false (custom)
2019-07-13 07:24:00,252 INFO  impl.RoleInfo (RoleInfo.java:updateAndGet(143)) - aa3e1aa5-f501-4c7e-af90-62cced1437a2: start LeaderState
2019-07-13 07:24:00,253 INFO  segmented.SegmentedRaftLogWorker (SegmentedRaftLogWorker.java:startLogSegment(380)) - aa3e1aa5-f501-4c7e-af90-62cced1437a2-SegmentedRaftLogWorker:Storage Directory /tmp/workdir/hadoop-ozone/integration-test/target/test-dir/MiniOzoneClusterImpl-c9fbaf72-4ac0-424a-a2d4-982d8f0d8e26/datanode-2/data/ratis/0c543b5f-edb4-46b1-9d3d-0931d272af22: Starting segment from index:0
2019-07-13 07:24:00,254 INFO  impl.RaftServerImpl (ServerState.java:setRaftConf(361)) - aa3e1aa5-f501-4c7e-af90-62cced1437a2:group-0931D272AF22 set configuration 0: [aa3e1aa5-f501-4c7e-af90-62cced1437a2:192.168.69.84:32941, bd68fe04-e0d0-41cf-b5c6-9e8d7c51f834:192.168.69.84:33939, c9b476ec-1c93-423e-9659-d334a51175a4:192.168.69.84:39274], old=null at 0
2019-07-13 07:24:00,256 INFO  impl.RaftServerImpl (ServerState.java:setLeader(263)) - bd68fe04-e0d0-41cf-b5c6-9e8d7c51f834:group-0931D272AF22 change Leader from null to aa3e1aa5-f501-4c7e-af90-62cced1437a2 at term 1 for appendEntries, leader elected after 5115ms
2019-07-13 07:24:00,256 INFO  impl.RaftServerImpl (ServerState.java:setLeader(263)) - c9b476ec-1c93-423e-9659-d334a51175a4:group-0931D272AF22 change Leader from null to aa3e1aa5-f501-4c7e-af90-62cced1437a2 at term 1 for appendEntries, leader elected after 5115ms
2019-07-13 07:24:00,281 INFO  impl.RaftServerImpl (ServerState.java:setRaftConf(361)) - bd68fe04-e0d0-41cf-b5c6-9e8d7c51f834:group-0931D272AF22 set configuration 0: [aa3e1aa5-f501-4c7e-af90-62cced1437a2:192.168.69.84:32941, bd68fe04-e0d0-41cf-b5c6-9e8d7c51f834:192.168.69.84:33939, c9b476ec-1c93-423e-9659-d334a51175a4:192.168.69.84:39274], old=null at 0
2019-07-13 07:24:00,281 INFO  segmented.SegmentedRaftLogWorker (SegmentedRaftLogWorker.java:startLogSegment(380)) - bd68fe04-e0d0-41cf-b5c6-9e8d7c51f834-SegmentedRaftLogWorker:Storage Directory /tmp/workdir/hadoop-ozone/integration-test/target/test-dir/MiniOzoneClusterImpl-c9fbaf72-4ac0-424a-a2d4-982d8f0d8e26/datanode-1/data/ratis/0c543b5f-edb4-46b1-9d3d-0931d272af22: Starting segment from index:0
2019-07-13 07:24:00,282 INFO  impl.RaftServerImpl (ServerState.java:setRaftConf(361)) - c9b476ec-1c93-423e-9659-d334a51175a4:group-0931D272AF22 set configuration 0: [aa3e1aa5-f501-4c7e-af90-62cced1437a2:192.168.69.84:32941, bd68fe04-e0d0-41cf-b5c6-9e8d7c51f834:192.168.69.84:33939, c9b476ec-1c93-423e-9659-d334a51175a4:192.168.69.84:39274], old=null at 0
2019-07-13 07:24:00,282 INFO  segmented.SegmentedRaftLogWorker (SegmentedRaftLogWorker.java:startLogSegment(380)) - c9b476ec-1c93-423e-9659-d334a51175a4-SegmentedRaftLogWorker:Storage Directory /tmp/workdir/hadoop-ozone/integration-test/target/test-dir/MiniOzoneClusterImpl-c9fbaf72-4ac0-424a-a2d4-982d8f0d8e26/datanode-0/data/ratis/0c543b5f-edb4-46b1-9d3d-0931d272af22: Starting segment from index:0
2019-07-13 07:24:00,292 INFO  segmented.SegmentedRaftLogWorker (SegmentedRaftLogWorker.java:execute(569)) - aa3e1aa5-f501-4c7e-af90-62cced1437a2-SegmentedRaftLogWorker:Storage Directory /tmp/workdir/hadoop-ozone/integration-test/target/test-dir/MiniOzoneClusterImpl-c9fbaf72-4ac0-424a-a2d4-982d8f0d8e26/datanode-2/data/ratis/0c543b5f-edb4-46b1-9d3d-0931d272af22: created new log segment /tmp/workdir/hadoop-ozone/integration-test/target/test-dir/MiniOzoneClusterImpl-c9fbaf72-4ac0-424a-a2d4-982d8f0d8e26/datanode-2/data/ratis/0c543b5f-edb4-46b1-9d3d-0931d272af22/current/log_inprogress_0
2019-07-13 07:24:00,305 INFO  segmented.SegmentedRaftLogWorker (SegmentedRaftLogWorker.java:execute(569)) - c9b476ec-1c93-423e-9659-d334a51175a4-SegmentedRaftLogWorker:Storage Directory /tmp/workdir/hadoop-ozone/integration-test/target/test-dir/MiniOzoneClusterImpl-c9fbaf72-4ac0-424a-a2d4-982d8f0d8e26/datanode-0/data/ratis/0c543b5f-edb4-46b1-9d3d-0931d272af22: created new log segment /tmp/workdir/hadoop-ozone/integration-test/target/test-dir/MiniOzoneClusterImpl-c9fbaf72-4ac0-424a-a2d4-982d8f0d8e26/datanode-0/data/ratis/0c543b5f-edb4-46b1-9d3d-0931d272af22/current/log_inprogress_0
2019-07-13 07:24:00,306 INFO  segmented.SegmentedRaftLogWorker (SegmentedRaftLogWorker.java:execute(569)) - bd68fe04-e0d0-41cf-b5c6-9e8d7c51f834-SegmentedRaftLogWorker:Storage Directory /tmp/workdir/hadoop-ozone/integration-test/target/test-dir/MiniOzoneClusterImpl-c9fbaf72-4ac0-424a-a2d4-982d8f0d8e26/datanode-1/data/ratis/0c543b5f-edb4-46b1-9d3d-0931d272af22: created new log segment /tmp/workdir/hadoop-ozone/integration-test/target/test-dir/MiniOzoneClusterImpl-c9fbaf72-4ac0-424a-a2d4-982d8f0d8e26/datanode-1/data/ratis/0c543b5f-edb4-46b1-9d3d-0931d272af22/current/log_inprogress_0
2019-07-13 07:24:00,344 INFO  impl.FollowerState (FollowerState.java:run(106)) - b6a2e03e-f3bd-4b9a-b2cc-05e16fdeb3db:group-72FC7CDCEF28 changes to CANDIDATE, lastRpcTime:5072, electionTimeout:5072ms
2019-07-13 07:24:00,344 INFO  impl.RoleInfo (RoleInfo.java:shutdownFollowerState(121)) - b6a2e03e-f3bd-4b9a-b2cc-05e16fdeb3db: shutdown FollowerState
2019-07-13 07:24:00,344 INFO  impl.RaftServerImpl (RaftServerImpl.java:setRole(171)) - b6a2e03e-f3bd-4b9a-b2cc-05e16fdeb3db:group-72FC7CDCEF28 changes role from FOLLOWER to CANDIDATE at term 0 for changeToCandidate
2019-07-13 07:24:00,345 INFO  impl.RoleInfo (RoleInfo.java:updateAndGet(143)) - b6a2e03e-f3bd-4b9a-b2cc-05e16fdeb3db: start LeaderElection
2019-07-13 07:24:00,369 INFO  impl.LeaderElection (LeaderElection.java:askForVotes(181)) - b6a2e03e-f3bd-4b9a-b2cc-05e16fdeb3db:group-72FC7CDCEF28:LeaderElection43: begin an election at term 1 for -1: [b6a2e03e-f3bd-4b9a-b2cc-05e16fdeb3db:192.168.69.84:37076], old=null
2019-07-13 07:24:00,369 INFO  impl.RoleInfo (RoleInfo.java:shutdownLeaderElection(134)) - b6a2e03e-f3bd-4b9a-b2cc-05e16fdeb3db: shutdown LeaderElection
2019-07-13 07:24:00,369 INFO  impl.RaftServerImpl (RaftServerImpl.java:setRole(171)) - b6a2e03e-f3bd-4b9a-b2cc-05e16fdeb3db:group-72FC7CDCEF28 changes role from CANDIDATE to LEADER at term 1 for changeToLeader
2019-07-13 07:24:00,369 INFO  impl.RaftServerImpl (ServerState.java:setLeader(263)) - b6a2e03e-f3bd-4b9a-b2cc-05e16fdeb3db:group-72FC7CDCEF28 change Leader from null to b6a2e03e-f3bd-4b9a-b2cc-05e16fdeb3db at term 1 for becomeLeader, leader elected after 5102ms
2019-07-13 07:24:00,369 INFO  server.RaftServerConfigKeys (ConfUtils.java:logGet(43)) - raft.server.staging.catchup.gap = 1000 (default)
2019-07-13 07:24:00,370 INFO  server.RaftServerConfigKeys (ConfUtils.java:logGet(43)) - raft.server.rpc.sleep.time = 25ms (default)
2019-07-13 07:24:00,370 INFO  server.RaftServerConfigKeys (ConfUtils.java:logGet(43)) - raft.server.write.element-limit = 4096 (default)
2019-07-13 07:24:00,370 INFO  server.RaftServerConfigKeys (ConfUtils.java:logGet(43)) - raft.server.watch.timeout = 10s (default)
2019-07-13 07:24:00,370 INFO  server.RaftServerConfigKeys (ConfUtils.java:logGet(43)) - raft.server.watch.timeout.denomination = 1s (default)
2019-07-13 07:24:00,370 INFO  server.RaftServerConfigKeys (ConfUtils.java:logGet(43)) - raft.server.watch.element-limit = 65536 (default)
2019-07-13 07:24:00,371 INFO  impl.RoleInfo (RoleInfo.java:updateAndGet(143)) - b6a2e03e-f3bd-4b9a-b2cc-05e16fdeb3db: start LeaderState
2019-07-13 07:24:00,371 INFO  segmented.SegmentedRaftLogWorker (SegmentedRaftLogWorker.java:startLogSegment(380)) - b6a2e03e-f3bd-4b9a-b2cc-05e16fdeb3db-SegmentedRaftLogWorker:Storage Directory /tmp/workdir/hadoop-ozone/integration-test/target/test-dir/MiniOzoneClusterImpl-c9fbaf72-4ac0-424a-a2d4-982d8f0d8e26/datanode-3/data/ratis/b46037b2-73da-45c5-8034-72fc7cdcef28: Starting segment from index:0
2019-07-13 07:24:00,372 INFO  impl.RaftServerImpl (ServerState.java:setRaftConf(361)) - b6a2e03e-f3bd-4b9a-b2cc-05e16fdeb3db:group-72FC7CDCEF28 set configuration 0: [b6a2e03e-f3bd-4b9a-b2cc-05e16fdeb3db:192.168.69.84:37076], old=null at 0
2019-07-13 07:24:00,403 INFO  segmented.SegmentedRaftLogWorker (SegmentedRaftLogWorker.java:execute(569)) - b6a2e03e-f3bd-4b9a-b2cc-05e16fdeb3db-SegmentedRaftLogWorker:Storage Directory /tmp/workdir/hadoop-ozone/integration-test/target/test-dir/MiniOzoneClusterImpl-c9fbaf72-4ac0-424a-a2d4-982d8f0d8e26/datanode-3/data/ratis/b46037b2-73da-45c5-8034-72fc7cdcef28: created new log segment /tmp/workdir/hadoop-ozone/integration-test/target/test-dir/MiniOzoneClusterImpl-c9fbaf72-4ac0-424a-a2d4-982d8f0d8e26/datanode-3/data/ratis/b46037b2-73da-45c5-8034-72fc7cdcef28/current/log_inprogress_0
2019-07-13 07:24:00,473 INFO  impl.FollowerState (FollowerState.java:run(106)) - 77e76158-35fc-4695-b3e3-a902d0efea44:group-55245FDF6E4A changes to CANDIDATE, lastRpcTime:5023, electionTimeout:5023ms
2019-07-13 07:24:00,473 INFO  impl.RoleInfo (RoleInfo.java:shutdownFollowerState(121)) - 77e76158-35fc-4695-b3e3-a902d0efea44: shutdown FollowerState
2019-07-13 07:24:00,473 INFO  impl.RaftServerImpl (RaftServerImpl.java:setRole(171)) - 77e76158-35fc-4695-b3e3-a902d0efea44:group-55245FDF6E4A changes role from FOLLOWER to CANDIDATE at term 0 for changeToCandidate
2019-07-13 07:24:00,474 INFO  impl.RoleInfo (RoleInfo.java:updateAndGet(143)) - 77e76158-35fc-4695-b3e3-a902d0efea44: start LeaderElection
2019-07-13 07:24:00,499 INFO  impl.LeaderElection (LeaderElection.java:askForVotes(181)) - 77e76158-35fc-4695-b3e3-a902d0efea44:group-55245FDF6E4A:LeaderElection44: begin an election at term 1 for -1: [77e76158-35fc-4695-b3e3-a902d0efea44:192.168.69.84:39278], old=null
2019-07-13 07:24:00,499 INFO  impl.RoleInfo (RoleInfo.java:shutdownLeaderElection(134)) - 77e76158-35fc-4695-b3e3-a902d0efea44: shutdown LeaderElection
2019-07-13 07:24:00,499 INFO  impl.RaftServerImpl (RaftServerImpl.java:setRole(171)) - 77e76158-35fc-4695-b3e3-a902d0efea44:group-55245FDF6E4A changes role from CANDIDATE to LEADER at term 1 for changeToLeader
2019-07-13 07:24:00,499 INFO  impl.RaftServerImpl (ServerState.java:setLeader(263)) - 77e76158-35fc-4695-b3e3-a902d0efea44:group-55245FDF6E4A change Leader from null to 77e76158-35fc-4695-b3e3-a902d0efea44 at term 1 for becomeLeader, leader elected after 5054ms
2019-07-13 07:24:00,499 INFO  server.RaftServerConfigKeys (ConfUtils.java:logGet(43)) - raft.server.staging.catchup.gap = 1000 (default)
2019-07-13 07:24:00,500 INFO  server.RaftServerConfigKeys (ConfUtils.java:logGet(43)) - raft.server.rpc.sleep.time = 25ms (default)
2019-07-13 07:24:00,500 INFO  server.RaftServerConfigKeys (ConfUtils.java:logGet(43)) - raft.server.write.element-limit = 4096 (default)
2019-07-13 07:24:00,500 INFO  server.RaftServerConfigKeys (ConfUtils.java:logGet(43)) - raft.server.watch.timeout = 10s (default)
2019-07-13 07:24:00,500 INFO  server.RaftServerConfigKeys (ConfUtils.java:logGet(43)) - raft.server.watch.timeout.denomination = 1s (default)
2019-07-13 07:24:00,500 INFO  server.RaftServerConfigKeys (ConfUtils.java:logGet(43)) - raft.server.watch.element-limit = 65536 (default)
2019-07-13 07:24:00,501 INFO  impl.RoleInfo (RoleInfo.java:updateAndGet(143)) - 77e76158-35fc-4695-b3e3-a902d0efea44: start LeaderState
2019-07-13 07:24:00,501 INFO  segmented.SegmentedRaftLogWorker (SegmentedRaftLogWorker.java:startLogSegment(380)) - 77e76158-35fc-4695-b3e3-a902d0efea44-SegmentedRaftLogWorker:Storage Directory /tmp/workdir/hadoop-ozone/integration-test/target/test-dir/MiniOzoneClusterImpl-c9fbaf72-4ac0-424a-a2d4-982d8f0d8e26/datanode-4/data/ratis/5293454d-43c8-4159-b514-55245fdf6e4a: Starting segment from index:0
2019-07-13 07:24:00,502 INFO  impl.RaftServerImpl (ServerState.java:setRaftConf(361)) - 77e76158-35fc-4695-b3e3-a902d0efea44:group-55245FDF6E4A set configuration 0: [77e76158-35fc-4695-b3e3-a902d0efea44:192.168.69.84:39278], old=null at 0
2019-07-13 07:24:00,532 INFO  segmented.SegmentedRaftLogWorker (SegmentedRaftLogWorker.java:execute(569)) - 77e76158-35fc-4695-b3e3-a902d0efea44-SegmentedRaftLogWorker:Storage Directory /tmp/workdir/hadoop-ozone/integration-test/target/test-dir/MiniOzoneClusterImpl-c9fbaf72-4ac0-424a-a2d4-982d8f0d8e26/datanode-4/data/ratis/5293454d-43c8-4159-b514-55245fdf6e4a: created new log segment /tmp/workdir/hadoop-ozone/integration-test/target/test-dir/MiniOzoneClusterImpl-c9fbaf72-4ac0-424a-a2d4-982d8f0d8e26/datanode-4/data/ratis/5293454d-43c8-4159-b514-55245fdf6e4a/current/log_inprogress_0
2019-07-13 07:24:00,753 INFO  impl.FollowerState (FollowerState.java:run(106)) - c18e5551-1800-40d1-9af7-9b9ec855c36c:group-CE70FBAEA904 changes to CANDIDATE, lastRpcTime:5052, electionTimeout:5052ms
2019-07-13 07:24:00,753 INFO  impl.RoleInfo (RoleInfo.java:shutdownFollowerState(121)) - c18e5551-1800-40d1-9af7-9b9ec855c36c: shutdown FollowerState
2019-07-13 07:24:00,753 INFO  impl.RaftServerImpl (RaftServerImpl.java:setRole(171)) - c18e5551-1800-40d1-9af7-9b9ec855c36c:group-CE70FBAEA904 changes role from FOLLOWER to CANDIDATE at term 0 for changeToCandidate
2019-07-13 07:24:00,753 INFO  impl.RoleInfo (RoleInfo.java:updateAndGet(143)) - c18e5551-1800-40d1-9af7-9b9ec855c36c: start LeaderElection
2019-07-13 07:24:00,775 INFO  impl.LeaderElection (LeaderElection.java:askForVotes(181)) - c18e5551-1800-40d1-9af7-9b9ec855c36c:group-CE70FBAEA904:LeaderElection45: begin an election at term 1 for -1: [77e76158-35fc-4695-b3e3-a902d0efea44:192.168.69.84:39278, b6a2e03e-f3bd-4b9a-b2cc-05e16fdeb3db:192.168.69.84:37076, c18e5551-1800-40d1-9af7-9b9ec855c36c:192.168.69.84:40728], old=null
2019-07-13 07:24:00,781 INFO  impl.RaftServerImpl (RaftServerImpl.java:setRole(171)) - b6a2e03e-f3bd-4b9a-b2cc-05e16fdeb3db:group-CE70FBAEA904 changes role from FOLLOWER to FOLLOWER at term 1 for recognizeCandidate:c18e5551-1800-40d1-9af7-9b9ec855c36c
2019-07-13 07:24:00,781 INFO  impl.RaftServerImpl (RaftServerImpl.java:setRole(171)) - 77e76158-35fc-4695-b3e3-a902d0efea44:group-CE70FBAEA904 changes role from FOLLOWER to FOLLOWER at term 1 for recognizeCandidate:c18e5551-1800-40d1-9af7-9b9ec855c36c
2019-07-13 07:24:00,782 INFO  impl.RoleInfo (RoleInfo.java:shutdownFollowerState(121)) - b6a2e03e-f3bd-4b9a-b2cc-05e16fdeb3db: shutdown FollowerState
2019-07-13 07:24:00,782 INFO  impl.RoleInfo (RoleInfo.java:shutdownFollowerState(121)) - 77e76158-35fc-4695-b3e3-a902d0efea44: shutdown FollowerState
2019-07-13 07:24:00,782 INFO  impl.FollowerState (FollowerState.java:run(114)) - b6a2e03e-f3bd-4b9a-b2cc-05e16fdeb3db: FollowerState was interrupted: java.lang.InterruptedException: sleep interrupted
2019-07-13 07:24:00,782 INFO  impl.RoleInfo (RoleInfo.java:updateAndGet(143)) - b6a2e03e-f3bd-4b9a-b2cc-05e16fdeb3db: start FollowerState
2019-07-13 07:24:00,782 INFO  impl.FollowerState (FollowerState.java:run(114)) - 77e76158-35fc-4695-b3e3-a902d0efea44: FollowerState was interrupted: java.lang.InterruptedException: sleep interrupted
2019-07-13 07:24:00,782 INFO  impl.RoleInfo (RoleInfo.java:updateAndGet(143)) - 77e76158-35fc-4695-b3e3-a902d0efea44: start FollowerState
2019-07-13 07:24:00,798 INFO  impl.LeaderElection (LeaderElection.java:logAndReturn(56)) - c18e5551-1800-40d1-9af7-9b9ec855c36c:group-CE70FBAEA904:LeaderElection45: Election PASSED; received 1 response(s) [c18e5551-1800-40d1-9af7-9b9ec855c36c<-b6a2e03e-f3bd-4b9a-b2cc-05e16fdeb3db#0:OK-t1] and 0 exception(s); c18e5551-1800-40d1-9af7-9b9ec855c36c:t1, leader=null, voted=c18e5551-1800-40d1-9af7-9b9ec855c36c, raftlog=c18e5551-1800-40d1-9af7-9b9ec855c36c-SegmentedRaftLog:OPENED:c-1,f-1,i0, conf=-1: [77e76158-35fc-4695-b3e3-a902d0efea44:192.168.69.84:39278, b6a2e03e-f3bd-4b9a-b2cc-05e16fdeb3db:192.168.69.84:37076, c18e5551-1800-40d1-9af7-9b9ec855c36c:192.168.69.84:40728], old=null
2019-07-13 07:24:00,798 INFO  impl.RoleInfo (RoleInfo.java:shutdownLeaderElection(134)) - c18e5551-1800-40d1-9af7-9b9ec855c36c: shutdown LeaderElection
2019-07-13 07:24:00,798 INFO  impl.RaftServerImpl (RaftServerImpl.java:setRole(171)) - c18e5551-1800-40d1-9af7-9b9ec855c36c:group-CE70FBAEA904 changes role from CANDIDATE to LEADER at term 1 for changeToLeader
2019-07-13 07:24:00,798 INFO  impl.RaftServerImpl (ServerState.java:setLeader(263)) - c18e5551-1800-40d1-9af7-9b9ec855c36c:group-CE70FBAEA904 change Leader from null to c18e5551-1800-40d1-9af7-9b9ec855c36c at term 1 for becomeLeader, leader elected after 5110ms
2019-07-13 07:24:00,798 INFO  server.RaftServerConfigKeys (ConfUtils.java:logGet(43)) - raft.server.staging.catchup.gap = 1000 (default)
2019-07-13 07:24:00,799 INFO  server.RaftServerConfigKeys (ConfUtils.java:logGet(43)) - raft.server.rpc.sleep.time = 25ms (default)
2019-07-13 07:24:00,799 INFO  server.RaftServerConfigKeys (ConfUtils.java:logGet(43)) - raft.server.write.element-limit = 4096 (default)
2019-07-13 07:24:00,799 INFO  server.RaftServerConfigKeys (ConfUtils.java:logGet(43)) - raft.server.watch.timeout = 10s (default)
2019-07-13 07:24:00,799 INFO  server.RaftServerConfigKeys (ConfUtils.java:logGet(43)) - raft.server.watch.timeout.denomination = 1s (default)
2019-07-13 07:24:00,799 INFO  server.RaftServerConfigKeys (ConfUtils.java:logGet(43)) - raft.server.watch.element-limit = 65536 (default)
2019-07-13 07:24:00,800 INFO  server.RaftServerConfigKeys (ConfUtils.java:logGet(43)) - raft.server.log.appender.snapshot.chunk.size.max = 16MB (=16777216) (default)
2019-07-13 07:24:00,800 INFO  server.RaftServerConfigKeys (ConfUtils.java:logGet(43)) - raft.server.log.appender.buffer.byte-limit = 33554432 (custom)
2019-07-13 07:24:00,800 INFO  server.RaftServerConfigKeys (ConfUtils.java:logGet(43)) - raft.server.log.appender.buffer.element-limit = 1 (custom)
2019-07-13 07:24:00,800 INFO  grpc.GrpcConfigKeys$Server (ConfUtils.java:logGet(43)) - raft.grpc.server.leader.outstanding.appends.max = 128 (default)
2019-07-13 07:24:00,801 INFO  server.RaftServerConfigKeys (ConfUtils.java:logGet(43)) - raft.server.rpc.request.timeout = 3000ms (default)
2019-07-13 07:24:00,801 INFO  server.RaftServerConfigKeys (ConfUtils.java:logGet(43)) - raft.server.log.appender.install.snapshot.enabled = false (custom)
2019-07-13 07:24:00,801 INFO  server.RaftServerConfigKeys (ConfUtils.java:logGet(43)) - raft.server.log.appender.snapshot.chunk.size.max = 16MB (=16777216) (default)
2019-07-13 07:24:00,801 INFO  server.RaftServerConfigKeys (ConfUtils.java:logGet(43)) - raft.server.log.appender.buffer.byte-limit = 33554432 (custom)
2019-07-13 07:24:00,801 INFO  server.RaftServerConfigKeys (ConfUtils.java:logGet(43)) - raft.server.log.appender.buffer.element-limit = 1 (custom)
2019-07-13 07:24:00,802 INFO  grpc.GrpcConfigKeys$Server (ConfUtils.java:logGet(43)) - raft.grpc.server.leader.outstanding.appends.max = 128 (default)
2019-07-13 07:24:00,802 INFO  server.RaftServerConfigKeys (ConfUtils.java:logGet(43)) - raft.server.rpc.request.timeout = 3000ms (default)
2019-07-13 07:24:00,802 INFO  server.RaftServerConfigKeys (ConfUtils.java:logGet(43)) - raft.server.log.appender.install.snapshot.enabled = false (custom)
2019-07-13 07:24:00,802 INFO  impl.RoleInfo (RoleInfo.java:updateAndGet(143)) - c18e5551-1800-40d1-9af7-9b9ec855c36c: start LeaderState
2019-07-13 07:24:00,803 INFO  segmented.SegmentedRaftLogWorker (SegmentedRaftLogWorker.java:startLogSegment(380)) - c18e5551-1800-40d1-9af7-9b9ec855c36c-SegmentedRaftLogWorker:Storage Directory /tmp/workdir/hadoop-ozone/integration-test/target/test-dir/MiniOzoneClusterImpl-c9fbaf72-4ac0-424a-a2d4-982d8f0d8e26/datanode-5/data/ratis/a7c8efc7-3d68-4391-8b01-ce70fbaea904: Starting segment from index:0
2019-07-13 07:24:00,803 INFO  impl.RaftServerImpl (ServerState.java:setRaftConf(361)) - c18e5551-1800-40d1-9af7-9b9ec855c36c:group-CE70FBAEA904 set configuration 0: [77e76158-35fc-4695-b3e3-a902d0efea44:192.168.69.84:39278, b6a2e03e-f3bd-4b9a-b2cc-05e16fdeb3db:192.168.69.84:37076, c18e5551-1800-40d1-9af7-9b9ec855c36c:192.168.69.84:40728], old=null at 0
2019-07-13 07:24:00,805 INFO  impl.RaftServerImpl (ServerState.java:setLeader(263)) - 77e76158-35fc-4695-b3e3-a902d0efea44:group-CE70FBAEA904 change Leader from null to c18e5551-1800-40d1-9af7-9b9ec855c36c at term 1 for appendEntries, leader elected after 5117ms
2019-07-13 07:24:00,805 INFO  impl.RaftServerImpl (ServerState.java:setLeader(263)) - b6a2e03e-f3bd-4b9a-b2cc-05e16fdeb3db:group-CE70FBAEA904 change Leader from null to c18e5551-1800-40d1-9af7-9b9ec855c36c at term 1 for appendEntries, leader elected after 5117ms
2019-07-13 07:24:00,834 INFO  impl.FollowerState (FollowerState.java:run(106)) - c18e5551-1800-40d1-9af7-9b9ec855c36c:group-8148F4C92D2A changes to CANDIDATE, lastRpcTime:5201, electionTimeout:5199ms
2019-07-13 07:24:00,834 INFO  impl.RoleInfo (RoleInfo.java:shutdownFollowerState(121)) - c18e5551-1800-40d1-9af7-9b9ec855c36c: shutdown FollowerState
2019-07-13 07:24:00,834 INFO  impl.RaftServerImpl (RaftServerImpl.java:setRole(171)) - c18e5551-1800-40d1-9af7-9b9ec855c36c:group-8148F4C92D2A changes role from FOLLOWER to CANDIDATE at term 0 for changeToCandidate
2019-07-13 07:24:00,834 INFO  impl.RoleInfo (RoleInfo.java:updateAndGet(143)) - c18e5551-1800-40d1-9af7-9b9ec855c36c: start LeaderElection
2019-07-13 07:24:00,843 INFO  segmented.SegmentedRaftLogWorker (SegmentedRaftLogWorker.java:execute(569)) - c18e5551-1800-40d1-9af7-9b9ec855c36c-SegmentedRaftLogWorker:Storage Directory /tmp/workdir/hadoop-ozone/integration-test/target/test-dir/MiniOzoneClusterImpl-c9fbaf72-4ac0-424a-a2d4-982d8f0d8e26/datanode-5/data/ratis/a7c8efc7-3d68-4391-8b01-ce70fbaea904: created new log segment /tmp/workdir/hadoop-ozone/integration-test/target/test-dir/MiniOzoneClusterImpl-c9fbaf72-4ac0-424a-a2d4-982d8f0d8e26/datanode-5/data/ratis/a7c8efc7-3d68-4391-8b01-ce70fbaea904/current/log_inprogress_0
2019-07-13 07:24:00,843 INFO  impl.RaftServerImpl (ServerState.java:setRaftConf(361)) - 77e76158-35fc-4695-b3e3-a902d0efea44:group-CE70FBAEA904 set configuration 0: [77e76158-35fc-4695-b3e3-a902d0efea44:192.168.69.84:39278, b6a2e03e-f3bd-4b9a-b2cc-05e16fdeb3db:192.168.69.84:37076, c18e5551-1800-40d1-9af7-9b9ec855c36c:192.168.69.84:40728], old=null at 0
2019-07-13 07:24:00,844 INFO  impl.RaftServerImpl (ServerState.java:setRaftConf(361)) - b6a2e03e-f3bd-4b9a-b2cc-05e16fdeb3db:group-CE70FBAEA904 set configuration 0: [77e76158-35fc-4695-b3e3-a902d0efea44:192.168.69.84:39278, b6a2e03e-f3bd-4b9a-b2cc-05e16fdeb3db:192.168.69.84:37076, c18e5551-1800-40d1-9af7-9b9ec855c36c:192.168.69.84:40728], old=null at 0
2019-07-13 07:24:00,844 INFO  segmented.SegmentedRaftLogWorker (SegmentedRaftLogWorker.java:startLogSegment(380)) - 77e76158-35fc-4695-b3e3-a902d0efea44-SegmentedRaftLogWorker:Storage Directory /tmp/workdir/hadoop-ozone/integration-test/target/test-dir/MiniOzoneClusterImpl-c9fbaf72-4ac0-424a-a2d4-982d8f0d8e26/datanode-4/data/ratis/a7c8efc7-3d68-4391-8b01-ce70fbaea904: Starting segment from index:0
2019-07-13 07:24:00,844 INFO  segmented.SegmentedRaftLogWorker (SegmentedRaftLogWorker.java:startLogSegment(380)) - b6a2e03e-f3bd-4b9a-b2cc-05e16fdeb3db-SegmentedRaftLogWorker:Storage Directory /tmp/workdir/hadoop-ozone/integration-test/target/test-dir/MiniOzoneClusterImpl-c9fbaf72-4ac0-424a-a2d4-982d8f0d8e26/datanode-3/data/ratis/a7c8efc7-3d68-4391-8b01-ce70fbaea904: Starting segment from index:0
2019-07-13 07:24:00,856 INFO  impl.LeaderElection (LeaderElection.java:askForVotes(181)) - c18e5551-1800-40d1-9af7-9b9ec855c36c:group-8148F4C92D2A:LeaderElection46: begin an election at term 1 for -1: [c18e5551-1800-40d1-9af7-9b9ec855c36c:192.168.69.84:40728], old=null
2019-07-13 07:24:00,857 INFO  impl.RoleInfo (RoleInfo.java:shutdownLeaderElection(134)) - c18e5551-1800-40d1-9af7-9b9ec855c36c: shutdown LeaderElection
2019-07-13 07:24:00,857 INFO  impl.RaftServerImpl (RaftServerImpl.java:setRole(171)) - c18e5551-1800-40d1-9af7-9b9ec855c36c:group-8148F4C92D2A changes role from CANDIDATE to LEADER at term 1 for changeToLeader
2019-07-13 07:24:00,857 INFO  impl.RaftServerImpl (ServerState.java:setLeader(263)) - c18e5551-1800-40d1-9af7-9b9ec855c36c:group-8148F4C92D2A change Leader from null to c18e5551-1800-40d1-9af7-9b9ec855c36c at term 1 for becomeLeader, leader elected after 5229ms
2019-07-13 07:24:00,857 INFO  server.RaftServerConfigKeys (ConfUtils.java:logGet(43)) - raft.server.staging.catchup.gap = 1000 (default)
2019-07-13 07:24:00,857 INFO  server.RaftServerConfigKeys (ConfUtils.java:logGet(43)) - raft.server.rpc.sleep.time = 25ms (default)
2019-07-13 07:24:00,858 INFO  server.RaftServerConfigKeys (ConfUtils.java:logGet(43)) - raft.server.write.element-limit = 4096 (default)
2019-07-13 07:24:00,858 INFO  server.RaftServerConfigKeys (ConfUtils.java:logGet(43)) - raft.server.watch.timeout = 10s (default)
2019-07-13 07:24:00,858 INFO  server.RaftServerConfigKeys (ConfUtils.java:logGet(43)) - raft.server.watch.timeout.denomination = 1s (default)
2019-07-13 07:24:00,858 INFO  server.RaftServerConfigKeys (ConfUtils.java:logGet(43)) - raft.server.watch.element-limit = 65536 (default)
2019-07-13 07:24:00,858 INFO  impl.RoleInfo (RoleInfo.java:updateAndGet(143)) - c18e5551-1800-40d1-9af7-9b9ec855c36c: start LeaderState
2019-07-13 07:24:00,859 INFO  segmented.SegmentedRaftLogWorker (SegmentedRaftLogWorker.java:startLogSegment(380)) - c18e5551-1800-40d1-9af7-9b9ec855c36c-SegmentedRaftLogWorker:Storage Directory /tmp/workdir/hadoop-ozone/integration-test/target/test-dir/MiniOzoneClusterImpl-c9fbaf72-4ac0-424a-a2d4-982d8f0d8e26/datanode-5/data/ratis/4592f135-81e1-4c79-9056-8148f4c92d2a: Starting segment from index:0
2019-07-13 07:24:00,860 INFO  impl.RaftServerImpl (ServerState.java:setRaftConf(361)) - c18e5551-1800-40d1-9af7-9b9ec855c36c:group-8148F4C92D2A set configuration 0: [c18e5551-1800-40d1-9af7-9b9ec855c36c:192.168.69.84:40728], old=null at 0
2019-07-13 07:24:00,884 INFO  segmented.SegmentedRaftLogWorker (SegmentedRaftLogWorker.java:execute(569)) - 77e76158-35fc-4695-b3e3-a902d0efea44-SegmentedRaftLogWorker:Storage Directory /tmp/workdir/hadoop-ozone/integration-test/target/test-dir/MiniOzoneClusterImpl-c9fbaf72-4ac0-424a-a2d4-982d8f0d8e26/datanode-4/data/ratis/a7c8efc7-3d68-4391-8b01-ce70fbaea904: created new log segment /tmp/workdir/hadoop-ozone/integration-test/target/test-dir/MiniOzoneClusterImpl-c9fbaf72-4ac0-424a-a2d4-982d8f0d8e26/datanode-4/data/ratis/a7c8efc7-3d68-4391-8b01-ce70fbaea904/current/log_inprogress_0
2019-07-13 07:24:00,884 INFO  segmented.SegmentedRaftLogWorker (SegmentedRaftLogWorker.java:execute(569)) - b6a2e03e-f3bd-4b9a-b2cc-05e16fdeb3db-SegmentedRaftLogWorker:Storage Directory /tmp/workdir/hadoop-ozone/integration-test/target/test-dir/MiniOzoneClusterImpl-c9fbaf72-4ac0-424a-a2d4-982d8f0d8e26/datanode-3/data/ratis/a7c8efc7-3d68-4391-8b01-ce70fbaea904: created new log segment /tmp/workdir/hadoop-ozone/integration-test/target/test-dir/MiniOzoneClusterImpl-c9fbaf72-4ac0-424a-a2d4-982d8f0d8e26/datanode-3/data/ratis/a7c8efc7-3d68-4391-8b01-ce70fbaea904/current/log_inprogress_0
2019-07-13 07:24:00,896 INFO  segmented.SegmentedRaftLogWorker (SegmentedRaftLogWorker.java:execute(569)) - c18e5551-1800-40d1-9af7-9b9ec855c36c-SegmentedRaftLogWorker:Storage Directory /tmp/workdir/hadoop-ozone/integration-test/target/test-dir/MiniOzoneClusterImpl-c9fbaf72-4ac0-424a-a2d4-982d8f0d8e26/datanode-5/data/ratis/4592f135-81e1-4c79-9056-8148f4c92d2a: created new log segment /tmp/workdir/hadoop-ozone/integration-test/target/test-dir/MiniOzoneClusterImpl-c9fbaf72-4ac0-424a-a2d4-982d8f0d8e26/datanode-5/data/ratis/4592f135-81e1-4c79-9056-8148f4c92d2a/current/log_inprogress_0
2019-07-13 07:24:01,114 INFO  client.GrpcClientProtocolClient (GrpcClientProtocolClient.java:onNext(255)) - client-42BC1A69A137->c18e5551-1800-40d1-9af7-9b9ec855c36c: receive RaftClientReply:client-42BC1A69A137->c18e5551-1800-40d1-9af7-9b9ec855c36c@group-CE70FBAEA904, cid=70, SUCCESS, logIndex=1, commits[c18e5551-1800-40d1-9af7-9b9ec855c36c:c1, 77e76158-35fc-4695-b3e3-a902d0efea44:c0, b6a2e03e-f3bd-4b9a-b2cc-05e16fdeb3db:c0]
2019-07-13 07:24:01,195 INFO  client.GrpcClientProtocolClient (GrpcClientProtocolClient.java:onNext(255)) - client-42BC1A69A137->c18e5551-1800-40d1-9af7-9b9ec855c36c: receive RaftClientReply:client-42BC1A69A137->c18e5551-1800-40d1-9af7-9b9ec855c36c@group-CE70FBAEA904, cid=71, SUCCESS, logIndex=3, commits[c18e5551-1800-40d1-9af7-9b9ec855c36c:c8, 77e76158-35fc-4695-b3e3-a902d0efea44:c5, b6a2e03e-f3bd-4b9a-b2cc-05e16fdeb3db:c6]
2019-07-13 07:24:01,196 INFO  client.GrpcClientProtocolClient (GrpcClientProtocolClient.java:onNext(255)) - client-42BC1A69A137->c18e5551-1800-40d1-9af7-9b9ec855c36c: receive RaftClientReply:client-42BC1A69A137->c18e5551-1800-40d1-9af7-9b9ec855c36c@group-CE70FBAEA904, cid=72, SUCCESS, logIndex=4, commits[c18e5551-1800-40d1-9af7-9b9ec855c36c:c8, 77e76158-35fc-4695-b3e3-a902d0efea44:c5, b6a2e03e-f3bd-4b9a-b2cc-05e16fdeb3db:c6]
2019-07-13 07:24:01,288 INFO  client.GrpcClientProtocolClient (GrpcClientProtocolClient.java:onNext(255)) - client-42BC1A69A137->c18e5551-1800-40d1-9af7-9b9ec855c36c: receive RaftClientReply:client-42BC1A69A137->c18e5551-1800-40d1-9af7-9b9ec855c36c@group-CE70FBAEA904, cid=73, SUCCESS, logIndex=5, commits[c18e5551-1800-40d1-9af7-9b9ec855c36c:c8, 77e76158-35fc-4695-b3e3-a902d0efea44:c5, b6a2e03e-f3bd-4b9a-b2cc-05e16fdeb3db:c6]
2019-07-13 07:24:01,337 INFO  client.GrpcClientProtocolClient (GrpcClientProtocolClient.java:onNext(255)) - client-42BC1A69A137->c18e5551-1800-40d1-9af7-9b9ec855c36c: receive RaftClientReply:client-42BC1A69A137->c18e5551-1800-40d1-9af7-9b9ec855c36c@group-CE70FBAEA904, cid=74, SUCCESS, logIndex=9, commits[c18e5551-1800-40d1-9af7-9b9ec855c36c:c10, 77e76158-35fc-4695-b3e3-a902d0efea44:c5, b6a2e03e-f3bd-4b9a-b2cc-05e16fdeb3db:c8]
2019-07-13 07:24:01,339 INFO  client.GrpcClientProtocolClient (GrpcClientProtocolClient.java:onNext(255)) - client-42BC1A69A137->c18e5551-1800-40d1-9af7-9b9ec855c36c: receive RaftClientReply:client-42BC1A69A137->c18e5551-1800-40d1-9af7-9b9ec855c36c@group-CE70FBAEA904, cid=75, SUCCESS, logIndex=10, commits[c18e5551-1800-40d1-9af7-9b9ec855c36c:c12, 77e76158-35fc-4695-b3e3-a902d0efea44:c8, b6a2e03e-f3bd-4b9a-b2cc-05e16fdeb3db:c8]
2019-07-13 07:24:01,348 INFO  client.GrpcClientProtocolClient (GrpcClientProtocolClient.java:onNext(255)) - client-42BC1A69A137->c18e5551-1800-40d1-9af7-9b9ec855c36c: receive RaftClientReply:client-42BC1A69A137->c18e5551-1800-40d1-9af7-9b9ec855c36c@group-CE70FBAEA904, cid=76, SUCCESS, logIndex=11, commits[c18e5551-1800-40d1-9af7-9b9ec855c36c:c13, 77e76158-35fc-4695-b3e3-a902d0efea44:c9, b6a2e03e-f3bd-4b9a-b2cc-05e16fdeb3db:c10]
2019-07-13 07:24:01,354 INFO  client.GrpcClientProtocolClient (GrpcClientProtocolClient.java:onNext(255)) - client-42BC1A69A137->c18e5551-1800-40d1-9af7-9b9ec855c36c: receive RaftClientReply:client-42BC1A69A137->c18e5551-1800-40d1-9af7-9b9ec855c36c@group-CE70FBAEA904, cid=77, SUCCESS, logIndex=12, commits[c18e5551-1800-40d1-9af7-9b9ec855c36c:c13, 77e76158-35fc-4695-b3e3-a902d0efea44:c9, b6a2e03e-f3bd-4b9a-b2cc-05e16fdeb3db:c10]
2019-07-13 07:24:01,366 INFO  client.GrpcClientProtocolClient (GrpcClientProtocolClient.java:onNext(255)) - client-42BC1A69A137->c18e5551-1800-40d1-9af7-9b9ec855c36c: receive RaftClientReply:client-42BC1A69A137->c18e5551-1800-40d1-9af7-9b9ec855c36c@group-CE70FBAEA904, cid=78, SUCCESS, logIndex=0, commits[c18e5551-1800-40d1-9af7-9b9ec855c36c:c16, 77e76158-35fc-4695-b3e3-a902d0efea44:c12, b6a2e03e-f3bd-4b9a-b2cc-05e16fdeb3db:c12]
2019-07-13 07:24:01,368 INFO  client.GrpcClientProtocolClient (GrpcClientProtocolClient.java:onNext(255)) - client-42BC1A69A137->c18e5551-1800-40d1-9af7-9b9ec855c36c: receive RaftClientReply:client-42BC1A69A137->c18e5551-1800-40d1-9af7-9b9ec855c36c@group-CE70FBAEA904, cid=79, SUCCESS, logIndex=0, commits[c18e5551-1800-40d1-9af7-9b9ec855c36c:c16, 77e76158-35fc-4695-b3e3-a902d0efea44:c12, b6a2e03e-f3bd-4b9a-b2cc-05e16fdeb3db:c12]
2019-07-13 07:24:01,557 INFO  client.GrpcClientProtocolClient (GrpcClientProtocolClient.java:onNext(255)) - client-2A3CB02C7D51->c9b476ec-1c93-423e-9659-d334a51175a4: receive RaftClientReply:client-2A3CB02C7D51->c9b476ec-1c93-423e-9659-d334a51175a4@group-0931D272AF22, cid=80, FAILED org.apache.ratis.protocol.NotLeaderException: Server c9b476ec-1c93-423e-9659-d334a51175a4 is not the leader (aa3e1aa5-f501-4c7e-af90-62cced1437a2:192.168.69.84:32941). Request must be sent to leader., logIndex=0, commits[c9b476ec-1c93-423e-9659-d334a51175a4:c-1, aa3e1aa5-f501-4c7e-af90-62cced1437a2:c-1, bd68fe04-e0d0-41cf-b5c6-9e8d7c51f834:c-1]
2019-07-13 07:24:01,727 INFO  client.GrpcClientProtocolClient (GrpcClientProtocolClient.java:onNext(255)) - client-2A3CB02C7D51->aa3e1aa5-f501-4c7e-af90-62cced1437a2: receive RaftClientReply:client-2A3CB02C7D51->aa3e1aa5-f501-4c7e-af90-62cced1437a2@group-0931D272AF22, cid=80, SUCCESS, logIndex=1, commits[aa3e1aa5-f501-4c7e-af90-62cced1437a2:c1, bd68fe04-e0d0-41cf-b5c6-9e8d7c51f834:c0, c9b476ec-1c93-423e-9659-d334a51175a4:c0]
2019-07-13 07:24:01,838 INFO  client.GrpcClientProtocolClient (GrpcClientProtocolClient.java:onNext(255)) - client-2A3CB02C7D51->aa3e1aa5-f501-4c7e-af90-62cced1437a2: receive RaftClientReply:client-2A3CB02C7D51->aa3e1aa5-f501-4c7e-af90-62cced1437a2@group-0931D272AF22, cid=81, SUCCESS, logIndex=3, commits[aa3e1aa5-f501-4c7e-af90-62cced1437a2:c8, bd68fe04-e0d0-41cf-b5c6-9e8d7c51f834:c5, c9b476ec-1c93-423e-9659-d334a51175a4:c5]
2019-07-13 07:24:01,839 INFO  client.GrpcClientProtocolClient (GrpcClientProtocolClient.java:onNext(255)) - client-2A3CB02C7D51->aa3e1aa5-f501-4c7e-af90-62cced1437a2: receive RaftClientReply:client-2A3CB02C7D51->aa3e1aa5-f501-4c7e-af90-62cced1437a2@group-0931D272AF22, cid=82, SUCCESS, logIndex=4, commits[aa3e1aa5-f501-4c7e-af90-62cced1437a2:c8, bd68fe04-e0d0-41cf-b5c6-9e8d7c51f834:c5, c9b476ec-1c93-423e-9659-d334a51175a4:c5]
2019-07-13 07:24:01,894 INFO  client.GrpcClientProtocolClient (GrpcClientProtocolClient.java:onNext(255)) - client-2A3CB02C7D51->aa3e1aa5-f501-4c7e-af90-62cced1437a2: receive RaftClientReply:client-2A3CB02C7D51->aa3e1aa5-f501-4c7e-af90-62cced1437a2@group-0931D272AF22, cid=83, SUCCESS, logIndex=5, commits[aa3e1aa5-f501-4c7e-af90-62cced1437a2:c8, bd68fe04-e0d0-41cf-b5c6-9e8d7c51f834:c5, c9b476ec-1c93-423e-9659-d334a51175a4:c5]
2019-07-13 07:24:01,951 INFO  client.GrpcClientProtocolClient (GrpcClientProtocolClient.java:onNext(255)) - client-2A3CB02C7D51->aa3e1aa5-f501-4c7e-af90-62cced1437a2: receive RaftClientReply:client-2A3CB02C7D51->aa3e1aa5-f501-4c7e-af90-62cced1437a2@group-0931D272AF22, cid=84, SUCCESS, logIndex=9, commits[aa3e1aa5-f501-4c7e-af90-62cced1437a2:c11, bd68fe04-e0d0-41cf-b5c6-9e8d7c51f834:c8, c9b476ec-1c93-423e-9659-d334a51175a4:c8]
2019-07-13 07:24:01,953 INFO  client.GrpcClientProtocolClient (GrpcClientProtocolClient.java:onNext(255)) - client-2A3CB02C7D51->aa3e1aa5-f501-4c7e-af90-62cced1437a2: receive RaftClientReply:client-2A3CB02C7D51->aa3e1aa5-f501-4c7e-af90-62cced1437a2@group-0931D272AF22, cid=85, SUCCESS, logIndex=10, commits[aa3e1aa5-f501-4c7e-af90-62cced1437a2:c12, bd68fe04-e0d0-41cf-b5c6-9e8d7c51f834:c8, c9b476ec-1c93-423e-9659-d334a51175a4:c8]
2019-07-13 07:24:01,954 INFO  client.GrpcClientProtocolClient (GrpcClientProtocolClient.java:onNext(255)) - client-2A3CB02C7D51->aa3e1aa5-f501-4c7e-af90-62cced1437a2: receive RaftClientReply:client-2A3CB02C7D51->aa3e1aa5-f501-4c7e-af90-62cced1437a2@group-0931D272AF22, cid=86, SUCCESS, logIndex=11, commits[aa3e1aa5-f501-4c7e-af90-62cced1437a2:c12, bd68fe04-e0d0-41cf-b5c6-9e8d7c51f834:c8, c9b476ec-1c93-423e-9659-d334a51175a4:c8]
2019-07-13 07:24:01,954 INFO  client.GrpcClientProtocolClient (GrpcClientProtocolClient.java:onNext(255)) - client-2A3CB02C7D51->aa3e1aa5-f501-4c7e-af90-62cced1437a2: receive RaftClientReply:client-2A3CB02C7D51->aa3e1aa5-f501-4c7e-af90-62cced1437a2@group-0931D272AF22, cid=87, SUCCESS, logIndex=12, commits[aa3e1aa5-f501-4c7e-af90-62cced1437a2:c12, bd68fe04-e0d0-41cf-b5c6-9e8d7c51f834:c8, c9b476ec-1c93-423e-9659-d334a51175a4:c8]
2019-07-13 07:24:01,975 INFO  client.GrpcClientProtocolClient (GrpcClientProtocolClient.java:onNext(255)) - client-2A3CB02C7D51->aa3e1aa5-f501-4c7e-af90-62cced1437a2: receive RaftClientReply:client-2A3CB02C7D51->aa3e1aa5-f501-4c7e-af90-62cced1437a2@group-0931D272AF22, cid=88, SUCCESS, logIndex=0, commits[aa3e1aa5-f501-4c7e-af90-62cced1437a2:c16, bd68fe04-e0d0-41cf-b5c6-9e8d7c51f834:c11, c9b476ec-1c93-423e-9659-d334a51175a4:c12]
2019-07-13 07:24:01,977 INFO  client.GrpcClientProtocolClient (GrpcClientProtocolClient.java:onNext(255)) - client-2A3CB02C7D51->aa3e1aa5-f501-4c7e-af90-62cced1437a2: receive RaftClientReply:client-2A3CB02C7D51->aa3e1aa5-f501-4c7e-af90-62cced1437a2@group-0931D272AF22, cid=89, SUCCESS, logIndex=0, commits[aa3e1aa5-f501-4c7e-af90-62cced1437a2:c16, bd68fe04-e0d0-41cf-b5c6-9e8d7c51f834:c12, c9b476ec-1c93-423e-9659-d334a51175a4:c12]
2019-07-13 07:24:02,096 INFO  client.GrpcClientProtocolClient (GrpcClientProtocolClient.java:onNext(255)) - client-42BC1A69A137->c18e5551-1800-40d1-9af7-9b9ec855c36c: receive RaftClientReply:client-42BC1A69A137->c18e5551-1800-40d1-9af7-9b9ec855c36c@group-CE70FBAEA904, cid=90, SUCCESS, logIndex=17, commits[c18e5551-1800-40d1-9af7-9b9ec855c36c:c20, 77e76158-35fc-4695-b3e3-a902d0efea44:c16, b6a2e03e-f3bd-4b9a-b2cc-05e16fdeb3db:c16]
2019-07-13 07:24:02,143 INFO  client.GrpcClientProtocolClient (GrpcClientProtocolClient.java:onNext(255)) - client-42BC1A69A137->c18e5551-1800-40d1-9af7-9b9ec855c36c: receive RaftClientReply:client-42BC1A69A137->c18e5551-1800-40d1-9af7-9b9ec855c36c@group-CE70FBAEA904, cid=91, SUCCESS, logIndex=18, commits[c18e5551-1800-40d1-9af7-9b9ec855c36c:c23, 77e76158-35fc-4695-b3e3-a902d0efea44:c20, b6a2e03e-f3bd-4b9a-b2cc-05e16fdeb3db:c20]
2019-07-13 07:24:02,144 INFO  client.GrpcClientProtocolClient (GrpcClientProtocolClient.java:onNext(255)) - client-42BC1A69A137->c18e5551-1800-40d1-9af7-9b9ec855c36c: receive RaftClientReply:client-42BC1A69A137->c18e5551-1800-40d1-9af7-9b9ec855c36c@group-CE70FBAEA904, cid=92, SUCCESS, logIndex=19, commits[c18e5551-1800-40d1-9af7-9b9ec855c36c:c23, 77e76158-35fc-4695-b3e3-a902d0efea44:c20, b6a2e03e-f3bd-4b9a-b2cc-05e16fdeb3db:c20]
2019-07-13 07:24:02,249 INFO  client.GrpcClientProtocolClient (GrpcClientProtocolClient.java:onNext(255)) - client-42BC1A69A137->c18e5551-1800-40d1-9af7-9b9ec855c36c: receive RaftClientReply:client-42BC1A69A137->c18e5551-1800-40d1-9af7-9b9ec855c36c@group-CE70FBAEA904, cid=93, SUCCESS, logIndex=20, commits[c18e5551-1800-40d1-9af7-9b9ec855c36c:c23, 77e76158-35fc-4695-b3e3-a902d0efea44:c20, b6a2e03e-f3bd-4b9a-b2cc-05e16fdeb3db:c20]
2019-07-13 07:24:02,250 INFO  datanode.ObjectStoreHandler (ObjectStoreHandler.java:close(155)) - Closing ObjectStoreHandler.
2019-07-13 07:24:02,251 INFO  ozone.HddsDatanodeService (HddsDatanodeService.java:stop(452)) - Stopped plug-in org.apache.hadoop.ozone.web.OzoneHddsDatanodeService@4e35a219
2019-07-13 07:24:03,083 INFO  statemachine.DatanodeStateMachine (DatanodeStateMachine.java:lambda$startDaemon$0(350)) - Ozone container server started.
2019-07-13 07:24:05,116 INFO  node.StaleNodeHandler (StaleNodeHandler.java:onMessage(58)) - Datanode b6a2e03e-f3bd-4b9a-b2cc-05e16fdeb3db{ip: 192.168.69.84, host: trunk-nightly-9lh4p-2362225927, networkLocation: /default-rack, certSerialId: null} moved to stale state. Finalizing its pipelines [PipelineID=b46037b2-73da-45c5-8034-72fc7cdcef28, PipelineID=a7c8efc7-3d68-4391-8b01-ce70fbaea904]
2019-07-13 07:24:05,117 INFO  pipeline.SCMPipelineManager (SCMPipelineManager.java:finalizeAndDestroyPipeline(309)) - destroying pipeline:Pipeline[ Id: b46037b2-73da-45c5-8034-72fc7cdcef28, Nodes: b6a2e03e-f3bd-4b9a-b2cc-05e16fdeb3db{ip: 192.168.69.84, host: trunk-nightly-9lh4p-2362225927, networkLocation: /default-rack, certSerialId: null}, Type:RATIS, Factor:ONE, State:OPEN]
2019-07-13 07:24:05,117 INFO  pipeline.PipelineStateManager (PipelineStateManager.java:finalizePipeline(123)) - Pipeline Pipeline[ Id: b46037b2-73da-45c5-8034-72fc7cdcef28, Nodes: b6a2e03e-f3bd-4b9a-b2cc-05e16fdeb3db{ip: 192.168.69.84, host: trunk-nightly-9lh4p-2362225927, networkLocation: /default-rack, certSerialId: null}, Type:RATIS, Factor:ONE, State:CLOSED] moved to CLOSED state
2019-07-13 07:24:05,117 INFO  pipeline.SCMPipelineManager (SCMPipelineManager.java:finalizeAndDestroyPipeline(309)) - destroying pipeline:Pipeline[ Id: a7c8efc7-3d68-4391-8b01-ce70fbaea904, Nodes: b6a2e03e-f3bd-4b9a-b2cc-05e16fdeb3db{ip: 192.168.69.84, host: trunk-nightly-9lh4p-2362225927, networkLocation: /default-rack, certSerialId: null}77e76158-35fc-4695-b3e3-a902d0efea44{ip: 192.168.69.84, host: trunk-nightly-9lh4p-2362225927, networkLocation: /default-rack, certSerialId: null}c18e5551-1800-40d1-9af7-9b9ec855c36c{ip: 192.168.69.84, host: trunk-nightly-9lh4p-2362225927, networkLocation: /default-rack, certSerialId: null}, Type:RATIS, Factor:THREE, State:OPEN]
2019-07-13 07:24:05,118 INFO  pipeline.PipelineStateManager (PipelineStateManager.java:finalizePipeline(123)) - Pipeline Pipeline[ Id: a7c8efc7-3d68-4391-8b01-ce70fbaea904, Nodes: b6a2e03e-f3bd-4b9a-b2cc-05e16fdeb3db{ip: 192.168.69.84, host: trunk-nightly-9lh4p-2362225927, networkLocation: /default-rack, certSerialId: null}77e76158-35fc-4695-b3e3-a902d0efea44{ip: 192.168.69.84, host: trunk-nightly-9lh4p-2362225927, networkLocation: /default-rack, certSerialId: null}c18e5551-1800-40d1-9af7-9b9ec855c36c{ip: 192.168.69.84, host: trunk-nightly-9lh4p-2362225927, networkLocation: /default-rack, certSerialId: null}, Type:RATIS, Factor:THREE, State:CLOSED] moved to CLOSED state
2019-07-13 07:24:05,118 INFO  container.CloseContainerEventHandler (CloseContainerEventHandler.java:onMessage(61)) - Close container Event triggered for container : #1
2019-07-13 07:24:05,119 INFO  container.CloseContainerEventHandler (CloseContainerEventHandler.java:onMessage(61)) - Close container Event triggered for container : #3
2019-07-13 07:24:05,120 INFO  container.CloseContainerEventHandler (CloseContainerEventHandler.java:onMessage(61)) - Close container Event triggered for container : #4
2019-07-13 07:24:07,088 ERROR commandhandler.CloseContainerCommandHandler (CloseContainerCommandHandler.java:handle(84)) - Container #4 does not exist in datanode. Container close failed.
2019-07-13 07:24:07,252 INFO  ozoneimpl.OzoneContainer (OzoneContainer.java:stop(199)) - Attempting to stop container services.
2019-07-13 07:24:07,253 INFO  impl.RaftServerProxy (RaftServerProxy.java:lambda$close$4(314)) - b6a2e03e-f3bd-4b9a-b2cc-05e16fdeb3db: close
2019-07-13 07:24:07,253 INFO  impl.RaftServerImpl (RaftServerImpl.java:lambda$shutdown$3(245)) - b6a2e03e-f3bd-4b9a-b2cc-05e16fdeb3db: shutdown group-72FC7CDCEF28
2019-07-13 07:24:07,253 INFO  impl.RaftServerImpl (RaftServerImpl.java:lambda$shutdown$3(245)) - b6a2e03e-f3bd-4b9a-b2cc-05e16fdeb3db: shutdown group-CE70FBAEA904
2019-07-13 07:24:07,254 INFO  util.JmxRegister (JmxRegister.java:unregister(73)) - Successfully un-registered JMX Bean with object name Ratis:service=RaftServer,group=group-72FC7CDCEF28,id=b6a2e03e-f3bd-4b9a-b2cc-05e16fdeb3db
2019-07-13 07:24:07,254 INFO  util.JmxRegister (JmxRegister.java:unregister(73)) - Successfully un-registered JMX Bean with object name Ratis:service=RaftServer,group=group-CE70FBAEA904,id=b6a2e03e-f3bd-4b9a-b2cc-05e16fdeb3db
2019-07-13 07:24:07,254 INFO  impl.RoleInfo (RoleInfo.java:shutdownLeaderState(104)) - b6a2e03e-f3bd-4b9a-b2cc-05e16fdeb3db: shutdown LeaderState
2019-07-13 07:24:07,255 INFO  impl.RoleInfo (RoleInfo.java:shutdownFollowerState(121)) - b6a2e03e-f3bd-4b9a-b2cc-05e16fdeb3db: shutdown FollowerState
2019-07-13 07:24:07,255 INFO  impl.PendingRequests (PendingRequests.java:sendNotLeaderResponses(202)) - b6a2e03e-f3bd-4b9a-b2cc-05e16fdeb3db-PendingRequests: sendNotLeaderResponses
2019-07-13 07:24:07,255 INFO  impl.FollowerState (FollowerState.java:run(114)) - b6a2e03e-f3bd-4b9a-b2cc-05e16fdeb3db: FollowerState was interrupted: java.lang.InterruptedException: sleep interrupted
2019-07-13 07:24:07,256 INFO  impl.StateMachineUpdater (StateMachineUpdater.java:stopAndJoin(115)) - StateMachineUpdater:b6a2e03e-f3bd-4b9a-b2cc-05e16fdeb3db:group-72FC7CDCEF28: set stopIndex = 0
2019-07-13 07:24:07,255 INFO  ratis.ContainerStateMachine (ContainerStateMachine.java:takeSnapshot(246)) - Taking snapshot at termIndex:(t:1, i:20)
2019-07-13 07:24:07,255 INFO  impl.StateMachineUpdater (StateMachineUpdater.java:stopAndJoin(115)) - StateMachineUpdater:b6a2e03e-f3bd-4b9a-b2cc-05e16fdeb3db:group-CE70FBAEA904: set stopIndex = 23
2019-07-13 07:24:07,256 INFO  ratis.ContainerStateMachine (ContainerStateMachine.java:takeSnapshot(250)) - Taking a snapshot to file /tmp/workdir/hadoop-ozone/integration-test/target/test-dir/MiniOzoneClusterImpl-c9fbaf72-4ac0-424a-a2d4-982d8f0d8e26/datanode-3/data/ratis/a7c8efc7-3d68-4391-8b01-ce70fbaea904/sm/snapshot.1_20
2019-07-13 07:24:07,256 INFO  ratis.ContainerStateMachine (ContainerStateMachine.java:takeSnapshot(246)) - Taking snapshot at termIndex:(t:0, i:~)
2019-07-13 07:24:07,257 INFO  impl.RaftServerImpl (ServerState.java:close(394)) - b6a2e03e-f3bd-4b9a-b2cc-05e16fdeb3db:group-72FC7CDCEF28 closes. The last applied log index is 0
2019-07-13 07:24:07,258 INFO  segmented.SegmentedRaftLogWorker (SegmentedRaftLogWorker.java:run(313)) - b6a2e03e-f3bd-4b9a-b2cc-05e16fdeb3db-SegmentedRaftLogWorker:Storage Directory /tmp/workdir/hadoop-ozone/integration-test/target/test-dir/MiniOzoneClusterImpl-c9fbaf72-4ac0-424a-a2d4-982d8f0d8e26/datanode-3/data/ratis/b46037b2-73da-45c5-8034-72fc7cdcef28 was interrupted, exiting. There are 0 tasks remaining in the queue.
2019-07-13 07:24:07,270 INFO  impl.StateMachineUpdater (StateMachineUpdater.java:takeSnapshot(242)) - StateMachineUpdater:b6a2e03e-f3bd-4b9a-b2cc-05e16fdeb3db:group-CE70FBAEA904: Took a snapshot at index 20
2019-07-13 07:24:07,270 INFO  segmented.SegmentedRaftLogWorker (SegmentedRaftLogWorker.java:close(228)) - b6a2e03e-f3bd-4b9a-b2cc-05e16fdeb3db-SegmentedRaftLogWorker:Storage Directory /tmp/workdir/hadoop-ozone/integration-test/target/test-dir/MiniOzoneClusterImpl-c9fbaf72-4ac0-424a-a2d4-982d8f0d8e26/datanode-3/data/ratis/b46037b2-73da-45c5-8034-72fc7cdcef28 close()
2019-07-13 07:24:07,270 INFO  impl.StateMachineUpdater (StateMachineUpdater.java:lambda$new$0(80)) - StateMachineUpdater:b6a2e03e-f3bd-4b9a-b2cc-05e16fdeb3db:group-CE70FBAEA904: snapshotIndex: updateIncreasingly -1 -> 20
2019-07-13 07:24:07,279 INFO  impl.RaftServerImpl (ServerState.java:close(394)) - b6a2e03e-f3bd-4b9a-b2cc-05e16fdeb3db:group-CE70FBAEA904 closes. The last applied log index is 23
2019-07-13 07:24:07,279 INFO  segmented.SegmentedRaftLogWorker (SegmentedRaftLogWorker.java:run(313)) - b6a2e03e-f3bd-4b9a-b2cc-05e16fdeb3db-SegmentedRaftLogWorker:Storage Directory /tmp/workdir/hadoop-ozone/integration-test/target/test-dir/MiniOzoneClusterImpl-c9fbaf72-4ac0-424a-a2d4-982d8f0d8e26/datanode-3/data/ratis/a7c8efc7-3d68-4391-8b01-ce70fbaea904 was interrupted, exiting. There are 0 tasks remaining in the queue.
2019-07-13 07:24:07,283 INFO  segmented.SegmentedRaftLogWorker (SegmentedRaftLogWorker.java:close(228)) - b6a2e03e-f3bd-4b9a-b2cc-05e16fdeb3db-SegmentedRaftLogWorker:Storage Directory /tmp/workdir/hadoop-ozone/integration-test/target/test-dir/MiniOzoneClusterImpl-c9fbaf72-4ac0-424a-a2d4-982d8f0d8e26/datanode-3/data/ratis/a7c8efc7-3d68-4391-8b01-ce70fbaea904 close()
2019-07-13 07:24:07,291 INFO  server.GrpcService (GrpcService.java:closeImpl(155)) - b6a2e03e-f3bd-4b9a-b2cc-05e16fdeb3db: shutdown server with port 37076 now
2019-07-13 07:24:07,293 WARN  server.GrpcServerProtocolService (LogUtils.java:warn(134)) - b6a2e03e-f3bd-4b9a-b2cc-05e16fdeb3db: appendEntries onError: org.apache.ratis.thirdparty.io.grpc.StatusRuntimeException: CANCELLED: cancelled before receiving half close
2019-07-13 07:24:07,293 INFO  server.GrpcService (GrpcService.java:closeImpl(163)) - b6a2e03e-f3bd-4b9a-b2cc-05e16fdeb3db: shutdown server with port 37076 successfully
2019-07-13 07:24:07,293 WARN  server.GrpcLogAppender (LogUtils.java:warn(134)) - c18e5551-1800-40d1-9af7-9b9ec855c36c->b6a2e03e-f3bd-4b9a-b2cc-05e16fdeb3db: Failed appendEntries: org.apache.ratis.thirdparty.io.grpc.StatusRuntimeException: CANCELLED: HTTP/2 error code: CANCEL
Received Rst Stream
2019-07-13 07:24:07,299 INFO  impl.FollowerInfo (FollowerInfo.java:lambda$new$0(50)) - c18e5551-1800-40d1-9af7-9b9ec855c36c->b6a2e03e-f3bd-4b9a-b2cc-05e16fdeb3db: nextIndex: updateUnconditionally 24 -> 23
2019-07-13 07:24:07,299 INFO  utils.BackgroundService (BackgroundService.java:shutdown(148)) - Shutting down service BlockDeletingService
2019-07-13 07:24:07,300 WARN  fs.CachingGetSpaceUsed (CachingGetSpaceUsed.java:run(183)) - Thread Interrupted waiting to refresh disk information: sleep interrupted
2019-07-13 07:24:07,329 INFO  statemachine.DatanodeStateMachine (DatanodeStateMachine.java:stopDaemon(395)) - Ozone container server stopped.
2019-07-13 07:24:07,331 INFO  handler.ContextHandler (ContextHandler.java:doStop(910)) - Stopped o.e.j.w.WebAppContext@43e2b8da{/,null,UNAVAILABLE}{/hddsDatanode}
2019-07-13 07:24:07,331 INFO  server.AbstractConnector (AbstractConnector.java:doStop(318)) - Stopped ServerConnector@1ac68548{HTTP/1.1,[http/1.1]}{0.0.0.0:0}
2019-07-13 07:24:07,332 INFO  handler.ContextHandler (ContextHandler.java:doStop(910)) - Stopped o.e.j.s.ServletContextHandler@571c7572{/static,jar:file:/home/user/.m2/repository/org/apache/hadoop/hadoop-hdds-container-service/0.5.0-SNAPSHOT/hadoop-hdds-container-service-0.5.0-SNAPSHOT.jar!/webapps/static,UNAVAILABLE}
2019-07-13 07:24:07,332 INFO  handler.ContextHandler (ContextHandler.java:doStop(910)) - Stopped o.e.j.s.ServletContextHandler@40199d5e{/logs,file:///tmp/workdir/hadoop-ozone/integration-test/target/log,UNAVAILABLE}
2019-07-13 07:24:07,359 WARN  server.GrpcLogAppender (LogUtils.java:warn(134)) - c18e5551-1800-40d1-9af7-9b9ec855c36c->b6a2e03e-f3bd-4b9a-b2cc-05e16fdeb3db: Failed appendEntries: org.apache.ratis.thirdparty.io.grpc.StatusRuntimeException: UNAVAILABLE: io exception
2019-07-13 07:24:07,366 INFO  impl.FollowerInfo (FollowerInfo.java:lambda$new$0(50)) - c18e5551-1800-40d1-9af7-9b9ec855c36c->b6a2e03e-f3bd-4b9a-b2cc-05e16fdeb3db: nextIndex: updateUnconditionally 24 -> 23
2019-07-13 07:24:07,372 WARN  server.GrpcLogAppender (LogUtils.java:warn(134)) - c18e5551-1800-40d1-9af7-9b9ec855c36c->b6a2e03e-f3bd-4b9a-b2cc-05e16fdeb3db: Failed appendEntries: org.apache.ratis.thirdparty.io.grpc.StatusRuntimeException: UNAVAILABLE: io exception
2019-07-13 07:24:07,377 INFO  impl.FollowerInfo (FollowerInfo.java:lambda$new$0(50)) - c18e5551-1800-40d1-9af7-9b9ec855c36c->b6a2e03e-f3bd-4b9a-b2cc-05e16fdeb3db: nextIndex: updateUnconditionally 24 -> 23
2019-07-13 07:24:07,393 INFO  client.GrpcClientProtocolClient (GrpcClientProtocolClient.java:onNext(255)) - client-42BC1A69A137->c18e5551-1800-40d1-9af7-9b9ec855c36c: receive RaftClientReply:client-42BC1A69A137->c18e5551-1800-40d1-9af7-9b9ec855c36c@group-CE70FBAEA904, cid=94, SUCCESS, logIndex=24, commits[c18e5551-1800-40d1-9af7-9b9ec855c36c:c27, 77e76158-35fc-4695-b3e3-a902d0efea44:c23, b6a2e03e-f3bd-4b9a-b2cc-05e16fdeb3db:c23]
2019-07-13 07:24:07,393 WARN  server.GrpcLogAppender (LogUtils.java:warn(134)) - c18e5551-1800-40d1-9af7-9b9ec855c36c->b6a2e03e-f3bd-4b9a-b2cc-05e16fdeb3db: Failed appendEntries: org.apache.ratis.thirdparty.io.grpc.StatusRuntimeException: UNAVAILABLE: io exception
2019-07-13 07:24:07,398 INFO  impl.FollowerInfo (FollowerInfo.java:lambda$new$0(50)) - c18e5551-1800-40d1-9af7-9b9ec855c36c->b6a2e03e-f3bd-4b9a-b2cc-05e16fdeb3db: nextIndex: updateUnconditionally 24 -> 23
2019-07-13 07:24:07,399 INFO  client.GrpcClientProtocolClient (GrpcClientProtocolClient.java:onNext(255)) - client-42BC1A69A137->c18e5551-1800-40d1-9af7-9b9ec855c36c: receive RaftClientReply:client-42BC1A69A137->c18e5551-1800-40d1-9af7-9b9ec855c36c@group-CE70FBAEA904, cid=95, SUCCESS, logIndex=25, commits[c18e5551-1800-40d1-9af7-9b9ec855c36c:c27, 77e76158-35fc-4695-b3e3-a902d0efea44:c23, b6a2e03e-f3bd-4b9a-b2cc-05e16fdeb3db:c23]
2019-07-13 07:24:07,399 INFO  client.GrpcClientProtocolClient (GrpcClientProtocolClient.java:onNext(255)) - client-42BC1A69A137->c18e5551-1800-40d1-9af7-9b9ec855c36c: receive RaftClientReply:client-42BC1A69A137->c18e5551-1800-40d1-9af7-9b9ec855c36c@group-CE70FBAEA904, cid=96, SUCCESS, logIndex=26, commits[c18e5551-1800-40d1-9af7-9b9ec855c36c:c27, 77e76158-35fc-4695-b3e3-a902d0efea44:c23, b6a2e03e-f3bd-4b9a-b2cc-05e16fdeb3db:c23]
2019-07-13 07:24:07,400 INFO  client.GrpcClientProtocolClient (GrpcClientProtocolClient.java:onNext(255)) - client-42BC1A69A137->c18e5551-1800-40d1-9af7-9b9ec855c36c: receive RaftClientReply:client-42BC1A69A137->c18e5551-1800-40d1-9af7-9b9ec855c36c@group-CE70FBAEA904, cid=97, SUCCESS, logIndex=27, commits[c18e5551-1800-40d1-9af7-9b9ec855c36c:c27, 77e76158-35fc-4695-b3e3-a902d0efea44:c23, b6a2e03e-f3bd-4b9a-b2cc-05e16fdeb3db:c23]
2019-07-13 07:24:07,405 WARN  server.GrpcLogAppender (LogUtils.java:warn(134)) - c18e5551-1800-40d1-9af7-9b9ec855c36c->b6a2e03e-f3bd-4b9a-b2cc-05e16fdeb3db: Failed appendEntries: org.apache.ratis.thirdparty.io.grpc.StatusRuntimeException: UNAVAILABLE: io exception
2019-07-13 07:24:07,410 INFO  impl.FollowerInfo (FollowerInfo.java:lambda$new$0(50)) - c18e5551-1800-40d1-9af7-9b9ec855c36c->b6a2e03e-f3bd-4b9a-b2cc-05e16fdeb3db: nextIndex: updateUnconditionally 24 -> 23
2019-07-13 07:24:08,088 WARN  server.GrpcLogAppender (LogUtils.java:warn(134)) - c18e5551-1800-40d1-9af7-9b9ec855c36c->b6a2e03e-f3bd-4b9a-b2cc-05e16fdeb3db: Failed appendEntries: org.apache.ratis.thirdparty.io.grpc.StatusRuntimeException: UNAVAILABLE: io exception
2019-07-13 07:24:08,094 INFO  impl.FollowerInfo (FollowerInfo.java:lambda$new$0(50)) - c18e5551-1800-40d1-9af7-9b9ec855c36c->b6a2e03e-f3bd-4b9a-b2cc-05e16fdeb3db: nextIndex: updateUnconditionally 24 -> 23
2019-07-13 07:24:08,099 WARN  server.GrpcLogAppender (LogUtils.java:warn(134)) - c18e5551-1800-40d1-9af7-9b9ec855c36c->b6a2e03e-f3bd-4b9a-b2cc-05e16fdeb3db: Failed appendEntries: org.apache.ratis.thirdparty.io.grpc.StatusRuntimeException: UNAVAILABLE: io exception
2019-07-13 07:24:08,105 INFO  impl.FollowerInfo (FollowerInfo.java:lambda$new$0(50)) - c18e5551-1800-40d1-9af7-9b9ec855c36c->b6a2e03e-f3bd-4b9a-b2cc-05e16fdeb3db: nextIndex: updateUnconditionally 24 -> 23
2019-07-13 07:24:08,111 WARN  server.GrpcLogAppender (LogUtils.java:warn(134)) - c18e5551-1800-40d1-9af7-9b9ec855c36c->b6a2e03e-f3bd-4b9a-b2cc-05e16fdeb3db: Failed appendEntries: org.apache.ratis.thirdparty.io.grpc.StatusRuntimeException: UNAVAILABLE: io exception
2019-07-13 07:24:08,115 INFO  impl.FollowerInfo (FollowerInfo.java:lambda$new$0(50)) - c18e5551-1800-40d1-9af7-9b9ec855c36c->b6a2e03e-f3bd-4b9a-b2cc-05e16fdeb3db: nextIndex: updateUnconditionally 24 -> 23
2019-07-13 07:24:08,140 INFO  interfaces.Container (KeyValueContainer.java:compactDB(356)) - Container 1 is closed with bcsId 12.
2019-07-13 07:24:08,146 WARN  server.GrpcLogAppender (LogUtils.java:warn(134)) - c18e5551-1800-40d1-9af7-9b9ec855c36c->b6a2e03e-f3bd-4b9a-b2cc-05e16fdeb3db: Failed appendEntries: org.apache.ratis.thirdparty.io.grpc.StatusRuntimeException: UNAVAILABLE: io exception
2019-07-13 07:24:08,150 INFO  impl.FollowerInfo (FollowerInfo.java:lambda$new$0(50)) - c18e5551-1800-40d1-9af7-9b9ec855c36c->b6a2e03e-f3bd-4b9a-b2cc-05e16fdeb3db: nextIndex: updateUnconditionally 24 -> 23
2019-07-13 07:24:08,156 INFO  interfaces.Container (KeyValueContainer.java:compactDB(356)) - Container 1 is closed with bcsId 12.
2019-07-13 07:24:08,157 WARN  server.GrpcLogAppender (LogUtils.java:warn(134)) - c18e5551-1800-40d1-9af7-9b9ec855c36c->b6a2e03e-f3bd-4b9a-b2cc-05e16fdeb3db: Failed appendEntries: org.apache.ratis.thirdparty.io.grpc.StatusRuntimeException: UNAVAILABLE: io exception
2019-07-13 07:24:08,162 INFO  impl.FollowerInfo (FollowerInfo.java:lambda$new$0(50)) - c18e5551-1800-40d1-9af7-9b9ec855c36c->b6a2e03e-f3bd-4b9a-b2cc-05e16fdeb3db: nextIndex: updateUnconditionally 24 -> 23
2019-07-13 07:24:08,164 WARN  server.GrpcLogAppender (LogUtils.java:warn(134)) - c18e5551-1800-40d1-9af7-9b9ec855c36c->b6a2e03e-f3bd-4b9a-b2cc-05e16fdeb3db: Failed appendEntries: org.apache.ratis.thirdparty.io.grpc.StatusRuntimeException: UNAVAILABLE: io exception
2019-07-13 07:24:08,167 INFO  impl.FollowerInfo (FollowerInfo.java:lambda$new$0(50)) - c18e5551-1800-40d1-9af7-9b9ec855c36c->b6a2e03e-f3bd-4b9a-b2cc-05e16fdeb3db: nextIndex: updateUnconditionally 24 -> 23
2019-07-13 07:24:08,169 INFO  interfaces.Container (KeyValueContainer.java:compactDB(356)) - Container 3 is closed with bcsId 27.
2019-07-13 07:24:08,170 ERROR commandhandler.CloseContainerCommandHandler (CloseContainerCommandHandler.java:handle(84)) - Container #4 does not exist in datanode. Container close failed.
2019-07-13 07:24:08,188 INFO  interfaces.Container (KeyValueContainer.java:compactDB(356)) - Container 3 is closed with bcsId 27.
2019-07-13 07:24:10,666 WARN  server.GrpcLogAppender (LogUtils.java:warn(134)) - c18e5551-1800-40d1-9af7-9b9ec855c36c->b6a2e03e-f3bd-4b9a-b2cc-05e16fdeb3db: Failed appendEntries: org.apache.ratis.thirdparty.io.grpc.StatusRuntimeException: UNAVAILABLE: io exception
2019-07-13 07:24:10,672 INFO  impl.FollowerInfo (FollowerInfo.java:lambda$new$0(50)) - c18e5551-1800-40d1-9af7-9b9ec855c36c->b6a2e03e-f3bd-4b9a-b2cc-05e16fdeb3db: nextIndex: updateUnconditionally 23 -> 22
2019-07-13 07:24:12,405 WARN  scm.XceiverClientRatis (XceiverClientRatis.java:watchForCommit(262)) - 3 way commit failed on pipeline Pipeline[ Id: a7c8efc7-3d68-4391-8b01-ce70fbaea904, Nodes: b6a2e03e-f3bd-4b9a-b2cc-05e16fdeb3db{ip: 192.168.69.84, host: trunk-nightly-9lh4p-2362225927, networkLocation: /default-rack, certSerialId: null}77e76158-35fc-4695-b3e3-a902d0efea44{ip: 192.168.69.84, host: trunk-nightly-9lh4p-2362225927, networkLocation: /default-rack, certSerialId: null}c18e5551-1800-40d1-9af7-9b9ec855c36c{ip: 192.168.69.84, host: trunk-nightly-9lh4p-2362225927, networkLocation: /default-rack, certSerialId: null}, Type:RATIS, Factor:THREE, State:OPEN]
java.util.concurrent.TimeoutException
	at java.util.concurrent.CompletableFuture.timedGet(CompletableFuture.java:1771)
	at java.util.concurrent.CompletableFuture.get(CompletableFuture.java:1915)
	at org.apache.hadoop.hdds.scm.XceiverClientRatis.watchForCommit(XceiverClientRatis.java:259)
	at org.apache.hadoop.hdds.scm.storage.CommitWatcher.watchForCommit(CommitWatcher.java:194)
	at org.apache.hadoop.hdds.scm.storage.CommitWatcher.watchOnFirstIndex(CommitWatcher.java:135)
	at org.apache.hadoop.hdds.scm.storage.BlockOutputStream.watchForCommit(BlockOutputStream.java:355)
	at org.apache.hadoop.hdds.scm.storage.BlockOutputStream.handleFullBuffer(BlockOutputStream.java:332)
	at org.apache.hadoop.hdds.scm.storage.BlockOutputStream.write(BlockOutputStream.java:259)
	at org.apache.hadoop.ozone.client.io.BlockOutputStreamEntry.write(BlockOutputStreamEntry.java:129)
	at org.apache.hadoop.ozone.client.io.KeyOutputStream.handleWrite(KeyOutputStream.java:211)
	at org.apache.hadoop.ozone.client.io.KeyOutputStream.write(KeyOutputStream.java:193)
	at org.apache.hadoop.ozone.client.io.OzoneOutputStream.write(OzoneOutputStream.java:49)
	at java.io.OutputStream.write(OutputStream.java:75)
	at org.apache.hadoop.ozone.client.rpc.TestFailureHandlingByClient.testMultiBlockWritesWithIntermittentDnFailures(TestFailureHandlingByClient.java:237)
	at sun.reflect.NativeMethodAccessorImpl.invoke0(Native Method)
	at sun.reflect.NativeMethodAccessorImpl.invoke(NativeMethodAccessorImpl.java:62)
	at sun.reflect.DelegatingMethodAccessorImpl.invoke(DelegatingMethodAccessorImpl.java:43)
	at java.lang.reflect.Method.invoke(Method.java:498)
	at org.junit.runners.model.FrameworkMethod$1.runReflectiveCall(FrameworkMethod.java:47)
	at org.junit.internal.runners.model.ReflectiveCallable.run(ReflectiveCallable.java:12)
	at org.junit.runners.model.FrameworkMethod.invokeExplosively(FrameworkMethod.java:44)
	at org.junit.internal.runners.statements.InvokeMethod.evaluate(InvokeMethod.java:17)
	at org.junit.runners.ParentRunner.runLeaf(ParentRunner.java:271)
	at org.junit.runners.BlockJUnit4ClassRunner.runChild(BlockJUnit4ClassRunner.java:70)
	at org.junit.runners.BlockJUnit4ClassRunner.runChild(BlockJUnit4ClassRunner.java:50)
	at org.junit.runners.ParentRunner$3.run(ParentRunner.java:238)
	at org.junit.runners.ParentRunner$1.schedule(ParentRunner.java:63)
	at org.junit.runners.ParentRunner.runChildren(ParentRunner.java:236)
	at org.junit.runners.ParentRunner.access$000(ParentRunner.java:53)
	at org.junit.runners.ParentRunner$2.evaluate(ParentRunner.java:229)
	at org.junit.runners.ParentRunner.run(ParentRunner.java:309)
	at org.apache.maven.surefire.junit4.JUnit4Provider.execute(JUnit4Provider.java:365)
	at org.apache.maven.surefire.junit4.JUnit4Provider.executeWithRerun(JUnit4Provider.java:273)
	at org.apache.maven.surefire.junit4.JUnit4Provider.executeTestSet(JUnit4Provider.java:238)
	at org.apache.maven.surefire.junit4.JUnit4Provider.invoke(JUnit4Provider.java:159)
	at org.apache.maven.surefire.booter.ForkedBooter.invokeProviderInSameClassLoader(ForkedBooter.java:384)
	at org.apache.maven.surefire.booter.ForkedBooter.runSuitesInProcess(ForkedBooter.java:345)
	at org.apache.maven.surefire.booter.ForkedBooter.execute(ForkedBooter.java:126)
	at org.apache.maven.surefire.booter.ForkedBooter.main(ForkedBooter.java:418)
2019-07-13 07:24:12,411 INFO  client.GrpcClientProtocolClient (GrpcClientProtocolClient.java:onNext(255)) - client-42BC1A69A137->c18e5551-1800-40d1-9af7-9b9ec855c36c: receive RaftClientReply:client-42BC1A69A137->c18e5551-1800-40d1-9af7-9b9ec855c36c@group-CE70FBAEA904, cid=99, SUCCESS, logIndex=0, commits[c18e5551-1800-40d1-9af7-9b9ec855c36c:c33, 77e76158-35fc-4695-b3e3-a902d0efea44:c33, b6a2e03e-f3bd-4b9a-b2cc-05e16fdeb3db:c23]
2019-07-13 07:24:12,414 INFO  scm.XceiverClientRatis (XceiverClientRatis.java:lambda$watchForCommit$7(280)) - Could not commit index 25 on pipeline Pipeline[ Id: a7c8efc7-3d68-4391-8b01-ce70fbaea904, Nodes: b6a2e03e-f3bd-4b9a-b2cc-05e16fdeb3db{ip: 192.168.69.84, host: trunk-nightly-9lh4p-2362225927, networkLocation: /default-rack, certSerialId: null}77e76158-35fc-4695-b3e3-a902d0efea44{ip: 192.168.69.84, host: trunk-nightly-9lh4p-2362225927, networkLocation: /default-rack, certSerialId: null}c18e5551-1800-40d1-9af7-9b9ec855c36c{ip: 192.168.69.84, host: trunk-nightly-9lh4p-2362225927, networkLocation: /default-rack, certSerialId: null}, Type:RATIS, Factor:THREE, State:OPEN] to all the nodes. Server b6a2e03e-f3bd-4b9a-b2cc-05e16fdeb3db has failed. Committed by majority.
2019-07-13 07:24:12,414 WARN  storage.BlockOutputStream (BlockOutputStream.java:watchForCommit(361)) - Failed to commit BlockId conID: 3 locID: 102432940800868365 bcsId: 27 on Pipeline[ Id: a7c8efc7-3d68-4391-8b01-ce70fbaea904, Nodes: b6a2e03e-f3bd-4b9a-b2cc-05e16fdeb3db{ip: 192.168.69.84, host: trunk-nightly-9lh4p-2362225927, networkLocation: /default-rack, certSerialId: null}77e76158-35fc-4695-b3e3-a902d0efea44{ip: 192.168.69.84, host: trunk-nightly-9lh4p-2362225927, networkLocation: /default-rack, certSerialId: null}c18e5551-1800-40d1-9af7-9b9ec855c36c{ip: 192.168.69.84, host: trunk-nightly-9lh4p-2362225927, networkLocation: /default-rack, certSerialId: null}, Type:RATIS, Factor:THREE, State:OPEN]. Failed nodes: [b6a2e03e-f3bd-4b9a-b2cc-05e16fdeb3db{ip: null, host: null, networkLocation: /default-rack, certSerialId: null}]
]]></system-out>
    <system-err><![CDATA[Jul 13, 2019 7:23:50 AM com.sun.jersey.server.impl.application.WebApplicationImpl _initiate
INFO: Initiating Jersey application, version 'Jersey: 1.19 02/11/2015 03:25 AM'
Jul 13, 2019 7:23:50 AM com.sun.jersey.server.impl.application.WebApplicationImpl _initiate
INFO: Initiating Jersey application, version 'Jersey: 1.19 02/11/2015 03:25 AM'
Jul 13, 2019 7:23:50 AM com.sun.jersey.server.impl.application.WebApplicationImpl _initiate
INFO: Initiating Jersey application, version 'Jersey: 1.19 02/11/2015 03:25 AM'
Jul 13, 2019 7:23:51 AM com.sun.jersey.server.impl.application.WebApplicationImpl _initiate
INFO: Initiating Jersey application, version 'Jersey: 1.19 02/11/2015 03:25 AM'
Jul 13, 2019 7:23:51 AM com.sun.jersey.server.impl.application.WebApplicationImpl _initiate
INFO: Initiating Jersey application, version 'Jersey: 1.19 02/11/2015 03:25 AM'
Jul 13, 2019 7:23:51 AM com.sun.jersey.server.impl.application.WebApplicationImpl _initiate
INFO: Initiating Jersey application, version 'Jersey: 1.19 02/11/2015 03:25 AM'
Jul 13, 2019 7:24:01 AM org.apache.ratis.thirdparty.io.grpc.internal.ManagedChannelOrphanWrapper$ManagedChannelReference cleanQueue
SEVERE: *~*~*~ Channel ManagedChannelImpl{logId=611, target=192.168.69.84:37907} was not shutdown properly!!! ~*~*~*
    Make sure to call shutdown()/shutdownNow() and wait until awaitTermination() returns true.
java.lang.RuntimeException: ManagedChannel allocation site
	at org.apache.ratis.thirdparty.io.grpc.internal.ManagedChannelOrphanWrapper$ManagedChannelReference.<init>(ManagedChannelOrphanWrapper.java:103)
	at org.apache.ratis.thirdparty.io.grpc.internal.ManagedChannelOrphanWrapper.<init>(ManagedChannelOrphanWrapper.java:53)
	at org.apache.ratis.thirdparty.io.grpc.internal.ManagedChannelOrphanWrapper.<init>(ManagedChannelOrphanWrapper.java:44)
	at org.apache.ratis.thirdparty.io.grpc.internal.AbstractManagedChannelImplBuilder.build(AbstractManagedChannelImplBuilder.java:411)
	at org.apache.ratis.grpc.client.GrpcClientProtocolClient.<init>(GrpcClientProtocolClient.java:119)
	at org.apache.ratis.grpc.client.GrpcClientRpc.lambda$new$0(GrpcClientRpc.java:55)
	at org.apache.ratis.util.PeerProxyMap$PeerAndProxy.lambda$getProxy$0(PeerProxyMap.java:61)
	at org.apache.ratis.util.LifeCycle.startAndTransition(LifeCycle.java:202)
	at org.apache.ratis.util.PeerProxyMap$PeerAndProxy.getProxy(PeerProxyMap.java:60)
	at org.apache.ratis.util.PeerProxyMap.getProxy(PeerProxyMap.java:107)
	at org.apache.ratis.grpc.client.GrpcClientRpc.sendRequestAsync(GrpcClientRpc.java:66)
	at org.apache.ratis.client.impl.OrderedAsync.sendRequest(OrderedAsync.java:208)
	at org.apache.ratis.client.impl.OrderedAsync.sendRequestWithRetry(OrderedAsync.java:169)
	at org.apache.ratis.util.SlidingWindow$Client.sendOrDelayRequest(SlidingWindow.java:278)
	at org.apache.ratis.util.SlidingWindow$Client.retry(SlidingWindow.java:294)
	at org.apache.ratis.client.impl.OrderedAsync.lambda$scheduleWithTimeout$7(OrderedAsync.java:195)
	at org.apache.ratis.util.TimeoutScheduler.lambda$onTimeout$0(TimeoutScheduler.java:85)
	at org.apache.ratis.util.TimeoutScheduler.lambda$onTimeout$1(TimeoutScheduler.java:104)
	at org.apache.ratis.util.LogUtils.runAndLog(LogUtils.java:50)
	at org.apache.ratis.util.LogUtils$1.run(LogUtils.java:91)
	at java.util.concurrent.Executors$RunnableAdapter.call(Executors.java:511)
	at java.util.concurrent.FutureTask.run(FutureTask.java:266)
	at java.util.concurrent.ScheduledThreadPoolExecutor$ScheduledFutureTask.access$201(ScheduledThreadPoolExecutor.java:180)
	at java.util.concurrent.ScheduledThreadPoolExecutor$ScheduledFutureTask.run(ScheduledThreadPoolExecutor.java:293)
	at java.util.concurrent.ThreadPoolExecutor.runWorker(ThreadPoolExecutor.java:1149)
	at java.util.concurrent.ThreadPoolExecutor$Worker.run(ThreadPoolExecutor.java:624)
	at java.lang.Thread.run(Thread.java:748)

Jul 13, 2019 7:24:01 AM org.apache.ratis.thirdparty.io.grpc.internal.ManagedChannelOrphanWrapper$ManagedChannelReference cleanQueue
SEVERE: *~*~*~ Channel ManagedChannelImpl{logId=616, target=192.168.69.84:43683} was not shutdown properly!!! ~*~*~*
    Make sure to call shutdown()/shutdownNow() and wait until awaitTermination() returns true.
java.lang.RuntimeException: ManagedChannel allocation site
	at org.apache.ratis.thirdparty.io.grpc.internal.ManagedChannelOrphanWrapper$ManagedChannelReference.<init>(ManagedChannelOrphanWrapper.java:103)
	at org.apache.ratis.thirdparty.io.grpc.internal.ManagedChannelOrphanWrapper.<init>(ManagedChannelOrphanWrapper.java:53)
	at org.apache.ratis.thirdparty.io.grpc.internal.ManagedChannelOrphanWrapper.<init>(ManagedChannelOrphanWrapper.java:44)
	at org.apache.ratis.thirdparty.io.grpc.internal.AbstractManagedChannelImplBuilder.build(AbstractManagedChannelImplBuilder.java:411)
	at org.apache.hadoop.hdds.scm.XceiverClientGrpc.connectToDatanode(XceiverClientGrpc.java:172)
	at org.apache.hadoop.hdds.scm.XceiverClientGrpc.reconnect(XceiverClientGrpc.java:417)
	at org.apache.hadoop.hdds.scm.XceiverClientGrpc.sendCommandAsync(XceiverClientGrpc.java:366)
	at org.apache.hadoop.hdds.scm.XceiverClientGrpc.sendCommandWithRetry(XceiverClientGrpc.java:279)
	at org.apache.hadoop.hdds.scm.XceiverClientGrpc.sendCommandWithTraceIDAndRetry(XceiverClientGrpc.java:248)
	at org.apache.hadoop.hdds.scm.XceiverClientGrpc.sendCommand(XceiverClientGrpc.java:231)
	at org.apache.hadoop.hdds.scm.storage.ContainerProtocolCalls.getBlock(ContainerProtocolCalls.java:118)
	at org.apache.hadoop.hdds.scm.storage.BlockInputStream.getChunkInfos(BlockInputStream.java:167)
	at org.apache.hadoop.hdds.scm.storage.BlockInputStream.initialize(BlockInputStream.java:118)
	at org.apache.hadoop.hdds.scm.storage.BlockInputStream.read(BlockInputStream.java:222)
	at org.apache.hadoop.ozone.client.io.KeyInputStream.read(KeyInputStream.java:171)
	at org.apache.hadoop.ozone.client.io.OzoneInputStream.read(OzoneInputStream.java:47)
	at java.io.InputStream.read(InputStream.java:101)
	at org.apache.hadoop.ozone.container.ContainerTestHelper.validateData(ContainerTestHelper.java:709)
	at org.apache.hadoop.ozone.client.rpc.TestFailureHandlingByClient.validateData(TestFailureHandlingByClient.java:497)
	at org.apache.hadoop.ozone.client.rpc.TestFailureHandlingByClient.testWriteSmallFile(TestFailureHandlingByClient.java:297)
	at sun.reflect.NativeMethodAccessorImpl.invoke0(Native Method)
	at sun.reflect.NativeMethodAccessorImpl.invoke(NativeMethodAccessorImpl.java:62)
	at sun.reflect.DelegatingMethodAccessorImpl.invoke(DelegatingMethodAccessorImpl.java:43)
	at java.lang.reflect.Method.invoke(Method.java:498)
	at org.junit.runners.model.FrameworkMethod$1.runReflectiveCall(FrameworkMethod.java:47)
	at org.junit.internal.runners.model.ReflectiveCallable.run(ReflectiveCallable.java:12)
	at org.junit.runners.model.FrameworkMethod.invokeExplosively(FrameworkMethod.java:44)
	at org.junit.internal.runners.statements.InvokeMethod.evaluate(InvokeMethod.java:17)
	at org.junit.runners.ParentRunner.runLeaf(ParentRunner.java:271)
	at org.junit.runners.BlockJUnit4ClassRunner.runChild(BlockJUnit4ClassRunner.java:70)
	at org.junit.runners.BlockJUnit4ClassRunner.runChild(BlockJUnit4ClassRunner.java:50)
	at org.junit.runners.ParentRunner$3.run(ParentRunner.java:238)
	at org.junit.runners.ParentRunner$1.schedule(ParentRunner.java:63)
	at org.junit.runners.ParentRunner.runChildren(ParentRunner.java:236)
	at org.junit.runners.ParentRunner.access$000(ParentRunner.java:53)
	at org.junit.runners.ParentRunner$2.evaluate(ParentRunner.java:229)
	at org.junit.runners.ParentRunner.run(ParentRunner.java:309)
	at org.apache.maven.surefire.junit4.JUnit4Provider.execute(JUnit4Provider.java:365)
	at org.apache.maven.surefire.junit4.JUnit4Provider.executeWithRerun(JUnit4Provider.java:273)
	at org.apache.maven.surefire.junit4.JUnit4Provider.executeTestSet(JUnit4Provider.java:238)
	at org.apache.maven.surefire.junit4.JUnit4Provider.invoke(JUnit4Provider.java:159)
	at org.apache.maven.surefire.booter.ForkedBooter.invokeProviderInSameClassLoader(ForkedBooter.java:384)
	at org.apache.maven.surefire.booter.ForkedBooter.runSuitesInProcess(ForkedBooter.java:345)
	at org.apache.maven.surefire.booter.ForkedBooter.execute(ForkedBooter.java:126)
	at org.apache.maven.surefire.booter.ForkedBooter.main(ForkedBooter.java:418)

Jul 13, 2019 7:24:01 AM org.apache.ratis.thirdparty.io.grpc.internal.ManagedChannelOrphanWrapper$ManagedChannelReference cleanQueue
SEVERE: *~*~*~ Channel ManagedChannelImpl{logId=621, target=192.168.69.84:41681} was not shutdown properly!!! ~*~*~*
    Make sure to call shutdown()/shutdownNow() and wait until awaitTermination() returns true.
java.lang.RuntimeException: ManagedChannel allocation site
	at org.apache.ratis.thirdparty.io.grpc.internal.ManagedChannelOrphanWrapper$ManagedChannelReference.<init>(ManagedChannelOrphanWrapper.java:103)
	at org.apache.ratis.thirdparty.io.grpc.internal.ManagedChannelOrphanWrapper.<init>(ManagedChannelOrphanWrapper.java:53)
	at org.apache.ratis.thirdparty.io.grpc.internal.ManagedChannelOrphanWrapper.<init>(ManagedChannelOrphanWrapper.java:44)
	at org.apache.ratis.thirdparty.io.grpc.internal.AbstractManagedChannelImplBuilder.build(AbstractManagedChannelImplBuilder.java:411)
	at org.apache.hadoop.hdds.scm.XceiverClientGrpc.connectToDatanode(XceiverClientGrpc.java:172)
	at org.apache.hadoop.hdds.scm.XceiverClientGrpc.reconnect(XceiverClientGrpc.java:417)
	at org.apache.hadoop.hdds.scm.XceiverClientGrpc.sendCommandAsync(XceiverClientGrpc.java:366)
	at org.apache.hadoop.hdds.scm.XceiverClientGrpc.sendCommandWithRetry(XceiverClientGrpc.java:279)
	at org.apache.hadoop.hdds.scm.XceiverClientGrpc.sendCommandWithTraceIDAndRetry(XceiverClientGrpc.java:248)
	at org.apache.hadoop.hdds.scm.XceiverClientGrpc.sendCommand(XceiverClientGrpc.java:231)
	at org.apache.hadoop.hdds.scm.storage.ContainerProtocolCalls.readChunk(ContainerProtocolCalls.java:245)
	at org.apache.hadoop.hdds.scm.storage.ChunkInputStream.readChunk(ChunkInputStream.java:335)
	at org.apache.hadoop.hdds.scm.storage.ChunkInputStream.readChunkFromContainer(ChunkInputStream.java:307)
	at org.apache.hadoop.hdds.scm.storage.ChunkInputStream.prepareRead(ChunkInputStream.java:259)
	at org.apache.hadoop.hdds.scm.storage.ChunkInputStream.read(ChunkInputStream.java:144)
	at org.apache.hadoop.hdds.scm.storage.BlockInputStream.read(BlockInputStream.java:239)
	at org.apache.hadoop.ozone.client.io.KeyInputStream.read(KeyInputStream.java:171)
	at org.apache.hadoop.ozone.client.io.OzoneInputStream.read(OzoneInputStream.java:47)
	at java.io.InputStream.read(InputStream.java:101)
	at org.apache.hadoop.ozone.container.ContainerTestHelper.validateData(ContainerTestHelper.java:709)
	at org.apache.hadoop.ozone.client.rpc.TestFailureHandlingByClient.validateData(TestFailureHandlingByClient.java:497)
	at org.apache.hadoop.ozone.client.rpc.TestFailureHandlingByClient.testWriteSmallFile(TestFailureHandlingByClient.java:297)
	at sun.reflect.NativeMethodAccessorImpl.invoke0(Native Method)
	at sun.reflect.NativeMethodAccessorImpl.invoke(NativeMethodAccessorImpl.java:62)
	at sun.reflect.DelegatingMethodAccessorImpl.invoke(DelegatingMethodAccessorImpl.java:43)
	at java.lang.reflect.Method.invoke(Method.java:498)
	at org.junit.runners.model.FrameworkMethod$1.runReflectiveCall(FrameworkMethod.java:47)
	at org.junit.internal.runners.model.ReflectiveCallable.run(ReflectiveCallable.java:12)
	at org.junit.runners.model.FrameworkMethod.invokeExplosively(FrameworkMethod.java:44)
	at org.junit.internal.runners.statements.InvokeMethod.evaluate(InvokeMethod.java:17)
	at org.junit.runners.ParentRunner.runLeaf(ParentRunner.java:271)
	at org.junit.runners.BlockJUnit4ClassRunner.runChild(BlockJUnit4ClassRunner.java:70)
	at org.junit.runners.BlockJUnit4ClassRunner.runChild(BlockJUnit4ClassRunner.java:50)
	at org.junit.runners.ParentRunner$3.run(ParentRunner.java:238)
	at org.junit.runners.ParentRunner$1.schedule(ParentRunner.java:63)
	at org.junit.runners.ParentRunner.runChildren(ParentRunner.java:236)
	at org.junit.runners.ParentRunner.access$000(ParentRunner.java:53)
	at org.junit.runners.ParentRunner$2.evaluate(ParentRunner.java:229)
	at org.junit.runners.ParentRunner.run(ParentRunner.java:309)
	at org.apache.maven.surefire.junit4.JUnit4Provider.execute(JUnit4Provider.java:365)
	at org.apache.maven.surefire.junit4.JUnit4Provider.executeWithRerun(JUnit4Provider.java:273)
	at org.apache.maven.surefire.junit4.JUnit4Provider.executeTestSet(JUnit4Provider.java:238)
	at org.apache.maven.surefire.junit4.JUnit4Provider.invoke(JUnit4Provider.java:159)
	at org.apache.maven.surefire.booter.ForkedBooter.invokeProviderInSameClassLoader(ForkedBooter.java:384)
	at org.apache.maven.surefire.booter.ForkedBooter.runSuitesInProcess(ForkedBooter.java:345)
	at org.apache.maven.surefire.booter.ForkedBooter.execute(ForkedBooter.java:126)
	at org.apache.maven.surefire.booter.ForkedBooter.main(ForkedBooter.java:418)

]]></system-err>
  </testcase>
  <testcase name="testBlockWritesWithDnFailures" classname="org.apache.hadoop.ozone.client.rpc.TestFailureHandlingByClient" time="27.86"/>
  <testcase name="testDatanodeExclusionWithMajorityCommit" classname="org.apache.hadoop.ozone.client.rpc.TestFailureHandlingByClient" time="17.652">
    <failure type="java.lang.AssertionError">java.lang.AssertionError
	at org.junit.Assert.fail(Assert.java:86)
	at org.junit.Assert.assertTrue(Assert.java:41)
	at org.junit.Assert.assertTrue(Assert.java:52)
	at org.apache.hadoop.ozone.client.rpc.TestFailureHandlingByClient.testDatanodeExclusionWithMajorityCommit(TestFailureHandlingByClient.java:400)
	at sun.reflect.NativeMethodAccessorImpl.invoke0(Native Method)
	at sun.reflect.NativeMethodAccessorImpl.invoke(NativeMethodAccessorImpl.java:62)
	at sun.reflect.DelegatingMethodAccessorImpl.invoke(DelegatingMethodAccessorImpl.java:43)
	at java.lang.reflect.Method.invoke(Method.java:498)
	at org.junit.runners.model.FrameworkMethod$1.runReflectiveCall(FrameworkMethod.java:47)
	at org.junit.internal.runners.model.ReflectiveCallable.run(ReflectiveCallable.java:12)
	at org.junit.runners.model.FrameworkMethod.invokeExplosively(FrameworkMethod.java:44)
	at org.junit.internal.runners.statements.InvokeMethod.evaluate(InvokeMethod.java:17)
	at org.junit.runners.ParentRunner.runLeaf(ParentRunner.java:271)
	at org.junit.runners.BlockJUnit4ClassRunner.runChild(BlockJUnit4ClassRunner.java:70)
	at org.junit.runners.BlockJUnit4ClassRunner.runChild(BlockJUnit4ClassRunner.java:50)
	at org.junit.runners.ParentRunner$3.run(ParentRunner.java:238)
	at org.junit.runners.ParentRunner$1.schedule(ParentRunner.java:63)
	at org.junit.runners.ParentRunner.runChildren(ParentRunner.java:236)
	at org.junit.runners.ParentRunner.access$000(ParentRunner.java:53)
	at org.junit.runners.ParentRunner$2.evaluate(ParentRunner.java:229)
	at org.junit.runners.ParentRunner.run(ParentRunner.java:309)
	at org.apache.maven.surefire.junit4.JUnit4Provider.execute(JUnit4Provider.java:365)
	at org.apache.maven.surefire.junit4.JUnit4Provider.executeWithRerun(JUnit4Provider.java:273)
	at org.apache.maven.surefire.junit4.JUnit4Provider.executeTestSet(JUnit4Provider.java:238)
	at org.apache.maven.surefire.junit4.JUnit4Provider.invoke(JUnit4Provider.java:159)
	at org.apache.maven.surefire.booter.ForkedBooter.invokeProviderInSameClassLoader(ForkedBooter.java:384)
	at org.apache.maven.surefire.booter.ForkedBooter.runSuitesInProcess(ForkedBooter.java:345)
	at org.apache.maven.surefire.booter.ForkedBooter.execute(ForkedBooter.java:126)
	at org.apache.maven.surefire.booter.ForkedBooter.main(ForkedBooter.java:418)
</failure>
    <system-out><![CDATA[2019-07-13 07:24:40,290 WARN  server.ServerUtils (ServerUtils.java:getScmDbDir(145)) - ozone.scm.db.dirs is not configured. We recommend adding this setting. Falling back to ozone.metadata.dirs instead.
2019-07-13 07:24:40,307 WARN  server.ServerUtils (ServerUtils.java:getScmDbDir(145)) - ozone.scm.db.dirs is not configured. We recommend adding this setting. Falling back to ozone.metadata.dirs instead.
2019-07-13 07:24:40,308 WARN  server.ServerUtils (ServerUtils.java:getScmDbDir(145)) - ozone.scm.db.dirs is not configured. We recommend adding this setting. Falling back to ozone.metadata.dirs instead.
2019-07-13 07:24:40,308 INFO  db.DBStoreBuilder (DBStoreBuilder.java:addTable(110)) - using custom profile for table: deletedBlocks
2019-07-13 07:24:40,308 INFO  db.DBStoreBuilder (DBStoreBuilder.java:processTables(161)) - Using default column profile:DBProfile.DISK for Table:deletedBlocks
2019-07-13 07:24:40,309 INFO  db.DBStoreBuilder (DBStoreBuilder.java:addTable(110)) - using custom profile for table: validCerts
2019-07-13 07:24:40,309 INFO  db.DBStoreBuilder (DBStoreBuilder.java:processTables(161)) - Using default column profile:DBProfile.DISK for Table:validCerts
2019-07-13 07:24:40,309 INFO  db.DBStoreBuilder (DBStoreBuilder.java:addTable(110)) - using custom profile for table: revokedCerts
2019-07-13 07:24:40,309 INFO  db.DBStoreBuilder (DBStoreBuilder.java:processTables(161)) - Using default column profile:DBProfile.DISK for Table:revokedCerts
2019-07-13 07:24:40,310 INFO  db.DBStoreBuilder (DBStoreBuilder.java:addTable(110)) - using custom profile for table: default
2019-07-13 07:24:40,310 INFO  db.DBStoreBuilder (DBStoreBuilder.java:processTables(167)) - Using default column profile:DBProfile.DISK for Table:default
2019-07-13 07:24:40,310 INFO  db.DBStoreBuilder (DBStoreBuilder.java:getDbProfile(198)) - Using default options. DBProfile.DISK
2019-07-13 07:24:40,472 INFO  net.NodeSchemaLoader (NodeSchemaLoader.java:loadSchemaFromFile(125)) - Loading file from sun.misc.CompoundEnumeration@20bf7206
2019-07-13 07:24:40,472 INFO  net.NodeSchemaLoader (NodeSchemaLoader.java:loadSchema(171)) - Loading network topology layer schema file
2019-07-13 07:24:40,477 INFO  node.SCMNodeManager (SCMNodeManager.java:<init>(119)) - Entering startup safe mode.
2019-07-13 07:24:40,478 WARN  server.ServerUtils (ServerUtils.java:getScmDbDir(145)) - ozone.scm.db.dirs is not configured. We recommend adding this setting. Falling back to ozone.metadata.dirs instead.
2019-07-13 07:24:40,530 INFO  pipeline.SCMPipelineManager (SCMPipelineManager.java:initializePipelineState(126)) - No pipeline exists in current db
2019-07-13 07:24:40,530 WARN  server.ServerUtils (ServerUtils.java:getScmDbDir(145)) - ozone.scm.db.dirs is not configured. We recommend adding this setting. Falling back to ozone.metadata.dirs instead.
2019-07-13 07:24:40,585 WARN  events.EventQueue (EventQueue.java:fireEvent(175)) - No event handler registered for event TypedEvent{payloadType=SafeModeStatus, name='SafeModeStatus'}
2019-07-13 07:24:40,586 INFO  ipc.CallQueueManager (CallQueueManager.java:<init>(84)) - Using callQueue: class java.util.concurrent.LinkedBlockingQueue, queueCapacity: 2000, scheduler: class org.apache.hadoop.ipc.DefaultRpcScheduler, ipcBackoff: false.
2019-07-13 07:24:40,587 INFO  ipc.Server (Server.java:run(1074)) - Starting Socket Reader #1 for port 40304
2019-07-13 07:24:40,594 INFO  ipc.CallQueueManager (CallQueueManager.java:<init>(84)) - Using callQueue: class java.util.concurrent.LinkedBlockingQueue, queueCapacity: 2000, scheduler: class org.apache.hadoop.ipc.DefaultRpcScheduler, ipcBackoff: false.
2019-07-13 07:24:40,595 INFO  ipc.Server (Server.java:run(1074)) - Starting Socket Reader #1 for port 43667
2019-07-13 07:24:40,600 INFO  ipc.CallQueueManager (CallQueueManager.java:<init>(84)) - Using callQueue: class java.util.concurrent.LinkedBlockingQueue, queueCapacity: 2000, scheduler: class org.apache.hadoop.ipc.DefaultRpcScheduler, ipcBackoff: false.
2019-07-13 07:24:40,601 INFO  ipc.Server (Server.java:run(1074)) - Starting Socket Reader #1 for port 40307
2019-07-13 07:24:40,607 INFO  hdfs.DFSUtil (DFSUtil.java:httpServerTemplateForNNAndJN(1641)) - Starting Web-server for scm at: http://0.0.0.0:0
2019-07-13 07:24:40,609 INFO  server.AuthenticationFilter (AuthenticationFilter.java:constructSecretProvider(240)) - Unable to initialize FileSignerSecretProvider, falling back to use random secrets.
2019-07-13 07:24:40,610 WARN  http.HttpRequestLog (HttpRequestLog.java:getRequestLog(97)) - Jetty request log can only be enabled using Log4j
2019-07-13 07:24:40,612 INFO  http.HttpServer2 (HttpServer2.java:addGlobalFilter(975)) - Added global filter 'safety' (class=org.apache.hadoop.http.HttpServer2$QuotingInputFilter)
2019-07-13 07:24:40,613 INFO  http.HttpServer2 (HttpServer2.java:addFilter(948)) - Added filter static_user_filter (class=org.apache.hadoop.http.lib.StaticUserWebFilter$StaticUserFilter) to context scm
2019-07-13 07:24:40,613 INFO  http.HttpServer2 (HttpServer2.java:addFilter(958)) - Added filter static_user_filter (class=org.apache.hadoop.http.lib.StaticUserWebFilter$StaticUserFilter) to context logs
2019-07-13 07:24:40,613 INFO  http.HttpServer2 (HttpServer2.java:addFilter(958)) - Added filter static_user_filter (class=org.apache.hadoop.http.lib.StaticUserWebFilter$StaticUserFilter) to context static
2019-07-13 07:24:40,615 INFO  server.StorageContainerManager (StorageContainerManager.java:start(759)) - StorageContainerLocationProtocol RPC server is listening at /0.0.0.0:40307
2019-07-13 07:24:40,617 WARN  impl.MetricsConfig (MetricsConfig.java:loadFirst(134)) - Cannot locate configuration: tried hadoop-metrics2-storagecontainermanager.properties,hadoop-metrics2.properties
2019-07-13 07:24:40,618 INFO  impl.MetricsSystemImpl (MetricsSystemImpl.java:startTimer(374)) - Scheduled Metric snapshot period at 10 second(s).
2019-07-13 07:24:40,619 INFO  impl.MetricsSystemImpl (MetricsSystemImpl.java:start(191)) - StorageContainerManager metrics system started
2019-07-13 07:24:40,736 WARN  server.GrpcLogAppender (LogUtils.java:warn(134)) - c18e5551-1800-40d1-9af7-9b9ec855c36c->b6a2e03e-f3bd-4b9a-b2cc-05e16fdeb3db: Failed appendEntries: org.apache.ratis.thirdparty.io.grpc.StatusRuntimeException: UNAVAILABLE: io exception
2019-07-13 07:24:40,740 INFO  impl.FollowerInfo (FollowerInfo.java:lambda$new$0(50)) - c18e5551-1800-40d1-9af7-9b9ec855c36c->b6a2e03e-f3bd-4b9a-b2cc-05e16fdeb3db: nextIndex: updateUnconditionally 11 -> 10
2019-07-13 07:24:40,815 INFO  server.SCMClientProtocolServer (SCMClientProtocolServer.java:start(149)) - RPC server for Client  is listening at /0.0.0.0:40307
2019-07-13 07:24:40,816 INFO  ipc.Server (Server.java:run(1314)) - IPC Server Responder: starting
2019-07-13 07:24:40,816 INFO  ipc.Server (Server.java:run(1153)) - IPC Server listener on 40307: starting
2019-07-13 07:24:40,826 INFO  server.StorageContainerManager (StorageContainerManager.java:start(768)) - ScmBlockLocationProtocol RPC server is listening at /0.0.0.0:43667
2019-07-13 07:24:40,826 INFO  server.SCMBlockProtocolServer (SCMBlockProtocolServer.java:start(140)) - RPC server for Block Protocol is listening at /0.0.0.0:43667
2019-07-13 07:24:40,827 INFO  ipc.Server (Server.java:run(1314)) - IPC Server Responder: starting
2019-07-13 07:24:40,827 INFO  ipc.Server (Server.java:run(1153)) - IPC Server listener on 43667: starting
2019-07-13 07:24:40,837 INFO  server.StorageContainerManager (StorageContainerManager.java:start(772)) - ScmDatanodeProtocl RPC server is listening at /0.0.0.0:40304
2019-07-13 07:24:40,837 INFO  server.SCMDatanodeProtocolServer (SCMDatanodeProtocolServer.java:start(191)) - RPC server for DataNodes is listening at /0.0.0.0:40304
2019-07-13 07:24:40,837 INFO  ipc.Server (Server.java:run(1314)) - IPC Server Responder: starting
2019-07-13 07:24:40,837 INFO  ipc.Server (Server.java:run(1153)) - IPC Server listener on 40304: starting
2019-07-13 07:24:40,847 INFO  http.HttpServer2 (HttpServer2.java:bindListener(1191)) - Jetty bound to port 45980
2019-07-13 07:24:40,847 INFO  server.Server (Server.java:doStart(351)) - jetty-9.3.24.v20180605, build timestamp: 2018-06-05T17:11:56Z, git hash: 84205aa28f11a4f31f2a3b86d1bba2cc8ab69827
2019-07-13 07:24:40,849 INFO  handler.ContextHandler (ContextHandler.java:doStart(781)) - Started o.e.j.s.ServletContextHandler@31ecb361{/logs,file:///tmp/workdir/hadoop-ozone/integration-test/target/log,AVAILABLE}
2019-07-13 07:24:40,849 INFO  handler.ContextHandler (ContextHandler.java:doStart(781)) - Started o.e.j.s.ServletContextHandler@51d26fed{/static,file:///tmp/workdir/hadoop-ozone/integration-test/target/test-classes/webapps/static,AVAILABLE}
2019-07-13 07:24:40,854 INFO  handler.ContextHandler (ContextHandler.java:doStart(781)) - Started o.e.j.w.WebAppContext@374013e8{/,file:///tmp/workdir/hadoop-ozone/integration-test/target/test-classes/webapps/scm/,AVAILABLE}{/scm}
2019-07-13 07:24:40,854 INFO  server.AbstractConnector (AbstractConnector.java:doStart(278)) - Started ServerConnector@712dd0b0{HTTP/1.1,[http/1.1]}{0.0.0.0:45980}
2019-07-13 07:24:40,859 INFO  server.Server (Server.java:doStart(419)) - Started @143897ms
2019-07-13 07:24:40,861 INFO  server.BaseHttpServer (BaseHttpServer.java:updateConnectorAddress(207)) - HTTP server of SCM is listening at http://0.0.0.0:45980
2019-07-13 07:24:40,862 WARN  server.ServerUtils (ServerUtils.java:getDBPath(222)) - ozone.om.db.dirs is not configured. We recommend adding this setting. Falling back to ozone.metadata.dirs instead.
2019-07-13 07:24:40,866 INFO  util.JvmPauseMonitor (JvmPauseMonitor.java:run(188)) - Starting JVM pause monitor
2019-07-13 07:24:41,041 WARN  server.ServerUtils (ServerUtils.java:getDBPath(222)) - ozone.om.db.dirs is not configured. We recommend adding this setting. Falling back to ozone.metadata.dirs instead.
2019-07-13 07:24:41,046 INFO  om.OzoneManager (OzoneManager.java:setOMNodeDetails(630)) - OM Service ID is not set. Setting it to the default ID: omServiceIdDefault
2019-07-13 07:24:41,047 INFO  om.OzoneManager (OzoneManager.java:setOMNodeDetails(636)) - OM Node ID is not set. Setting it to the OmStorage's OmID: d65f8233-a317-4bcb-baab-c4656ca24f4e
2019-07-13 07:24:41,048 INFO  om.OzoneManager (OzoneManager.java:loadOMHAConfigs(587)) - Found matching OM address with OMServiceId: null, OMNodeId: null, RPC Address: localhost:0 and Ratis port: 9872
2019-07-13 07:24:41,069 WARN  server.ServerUtils (ServerUtils.java:getDBPath(222)) - ozone.om.db.dirs is not configured. We recommend adding this setting. Falling back to ozone.metadata.dirs instead.
2019-07-13 07:24:41,069 INFO  db.DBStoreBuilder (DBStoreBuilder.java:addTable(110)) - using custom profile for table: userTable
2019-07-13 07:24:41,070 INFO  db.DBStoreBuilder (DBStoreBuilder.java:processTables(161)) - Using default column profile:DBProfile.DISK for Table:userTable
2019-07-13 07:24:41,070 INFO  db.DBStoreBuilder (DBStoreBuilder.java:addTable(110)) - using custom profile for table: volumeTable
2019-07-13 07:24:41,070 INFO  db.DBStoreBuilder (DBStoreBuilder.java:processTables(161)) - Using default column profile:DBProfile.DISK for Table:volumeTable
2019-07-13 07:24:41,070 INFO  db.DBStoreBuilder (DBStoreBuilder.java:addTable(110)) - using custom profile for table: bucketTable
2019-07-13 07:24:41,071 INFO  db.DBStoreBuilder (DBStoreBuilder.java:processTables(161)) - Using default column profile:DBProfile.DISK for Table:bucketTable
2019-07-13 07:24:41,071 INFO  db.DBStoreBuilder (DBStoreBuilder.java:addTable(110)) - using custom profile for table: keyTable
2019-07-13 07:24:41,071 INFO  db.DBStoreBuilder (DBStoreBuilder.java:processTables(161)) - Using default column profile:DBProfile.DISK for Table:keyTable
2019-07-13 07:24:41,071 INFO  db.DBStoreBuilder (DBStoreBuilder.java:addTable(110)) - using custom profile for table: deletedTable
2019-07-13 07:24:41,072 INFO  db.DBStoreBuilder (DBStoreBuilder.java:processTables(161)) - Using default column profile:DBProfile.DISK for Table:deletedTable
2019-07-13 07:24:41,072 INFO  db.DBStoreBuilder (DBStoreBuilder.java:addTable(110)) - using custom profile for table: openKeyTable
2019-07-13 07:24:41,072 INFO  db.DBStoreBuilder (DBStoreBuilder.java:processTables(161)) - Using default column profile:DBProfile.DISK for Table:openKeyTable
2019-07-13 07:24:41,072 INFO  db.DBStoreBuilder (DBStoreBuilder.java:addTable(110)) - using custom profile for table: s3Table
2019-07-13 07:24:41,073 INFO  db.DBStoreBuilder (DBStoreBuilder.java:processTables(161)) - Using default column profile:DBProfile.DISK for Table:s3Table
2019-07-13 07:24:41,073 INFO  db.DBStoreBuilder (DBStoreBuilder.java:addTable(110)) - using custom profile for table: multipartInfoTable
2019-07-13 07:24:41,073 INFO  db.DBStoreBuilder (DBStoreBuilder.java:processTables(161)) - Using default column profile:DBProfile.DISK for Table:multipartInfoTable
2019-07-13 07:24:41,073 INFO  db.DBStoreBuilder (DBStoreBuilder.java:addTable(110)) - using custom profile for table: dTokenTable
2019-07-13 07:24:41,074 INFO  db.DBStoreBuilder (DBStoreBuilder.java:processTables(161)) - Using default column profile:DBProfile.DISK for Table:dTokenTable
2019-07-13 07:24:41,074 INFO  db.DBStoreBuilder (DBStoreBuilder.java:addTable(110)) - using custom profile for table: s3SecretTable
2019-07-13 07:24:41,074 INFO  db.DBStoreBuilder (DBStoreBuilder.java:processTables(161)) - Using default column profile:DBProfile.DISK for Table:s3SecretTable
2019-07-13 07:24:41,074 INFO  db.DBStoreBuilder (DBStoreBuilder.java:addTable(110)) - using custom profile for table: prefixTable
2019-07-13 07:24:41,075 INFO  db.DBStoreBuilder (DBStoreBuilder.java:processTables(161)) - Using default column profile:DBProfile.DISK for Table:prefixTable
2019-07-13 07:24:41,086 INFO  db.DBStoreBuilder (DBStoreBuilder.java:addTable(110)) - using custom profile for table: default
2019-07-13 07:24:41,089 INFO  db.DBStoreBuilder (DBStoreBuilder.java:processTables(167)) - Using default column profile:DBProfile.DISK for Table:default
2019-07-13 07:24:41,089 INFO  db.DBStoreBuilder (DBStoreBuilder.java:getDbProfile(198)) - Using default options. DBProfile.DISK
2019-07-13 07:24:41,564 INFO  ipc.CallQueueManager (CallQueueManager.java:<init>(84)) - Using callQueue: class java.util.concurrent.LinkedBlockingQueue, queueCapacity: 2000, scheduler: class org.apache.hadoop.ipc.DefaultRpcScheduler, ipcBackoff: false.
2019-07-13 07:24:41,565 INFO  ipc.Server (Server.java:run(1074)) - Starting Socket Reader #1 for port 43230
2019-07-13 07:24:41,603 WARN  server.ServerUtils (ServerUtils.java:getDBPath(222)) - ozone.om.db.dirs is not configured. We recommend adding this setting. Falling back to ozone.metadata.dirs instead.
2019-07-13 07:24:41,603 INFO  om.OzoneManager (OzoneManager.java:start(1228)) - OzoneManager RPC server is listening at localhost/127.0.0.1:43230
2019-07-13 07:24:41,603 INFO  impl.MetricsSystemImpl (MetricsSystemImpl.java:init(158)) - OzoneManager metrics system started (again)
2019-07-13 07:24:41,604 INFO  ipc.Server (Server.java:run(1314)) - IPC Server Responder: starting
2019-07-13 07:24:41,621 INFO  ipc.Server (Server.java:run(1153)) - IPC Server listener on 43230: starting
2019-07-13 07:24:41,643 INFO  hdfs.DFSUtil (DFSUtil.java:httpServerTemplateForNNAndJN(1641)) - Starting Web-server for ozoneManager at: http://0.0.0.0:0
2019-07-13 07:24:41,645 INFO  server.AuthenticationFilter (AuthenticationFilter.java:constructSecretProvider(240)) - Unable to initialize FileSignerSecretProvider, falling back to use random secrets.
2019-07-13 07:24:41,645 WARN  http.HttpRequestLog (HttpRequestLog.java:getRequestLog(97)) - Jetty request log can only be enabled using Log4j
2019-07-13 07:24:41,648 INFO  http.HttpServer2 (HttpServer2.java:addGlobalFilter(975)) - Added global filter 'safety' (class=org.apache.hadoop.http.HttpServer2$QuotingInputFilter)
2019-07-13 07:24:41,648 INFO  http.HttpServer2 (HttpServer2.java:addFilter(948)) - Added filter static_user_filter (class=org.apache.hadoop.http.lib.StaticUserWebFilter$StaticUserFilter) to context ozoneManager
2019-07-13 07:24:41,649 INFO  http.HttpServer2 (HttpServer2.java:addFilter(958)) - Added filter static_user_filter (class=org.apache.hadoop.http.lib.StaticUserWebFilter$StaticUserFilter) to context logs
2019-07-13 07:24:41,649 INFO  http.HttpServer2 (HttpServer2.java:addFilter(958)) - Added filter static_user_filter (class=org.apache.hadoop.http.lib.StaticUserWebFilter$StaticUserFilter) to context static
2019-07-13 07:24:41,650 INFO  http.HttpServer2 (HttpServer2.java:bindListener(1191)) - Jetty bound to port 36906
2019-07-13 07:24:41,650 INFO  server.Server (Server.java:doStart(351)) - jetty-9.3.24.v20180605, build timestamp: 2018-06-05T17:11:56Z, git hash: 84205aa28f11a4f31f2a3b86d1bba2cc8ab69827
2019-07-13 07:24:41,652 INFO  handler.ContextHandler (ContextHandler.java:doStart(781)) - Started o.e.j.s.ServletContextHandler@3b446d7{/logs,file:///tmp/workdir/hadoop-ozone/integration-test/target/log,AVAILABLE}
2019-07-13 07:24:41,653 INFO  handler.ContextHandler (ContextHandler.java:doStart(781)) - Started o.e.j.s.ServletContextHandler@2b71a12e{/static,file:///tmp/workdir/hadoop-ozone/integration-test/target/test-classes/webapps/static,AVAILABLE}
2019-07-13 07:24:41,659 INFO  handler.ContextHandler (ContextHandler.java:doStart(781)) - Started o.e.j.w.WebAppContext@700596f9{/,file:///tmp/workdir/hadoop-ozone/integration-test/target/test-classes/webapps/ozoneManager/,AVAILABLE}{/ozoneManager}
2019-07-13 07:24:41,659 INFO  server.AbstractConnector (AbstractConnector.java:doStart(278)) - Started ServerConnector@2ac00dc9{HTTP/1.1,[http/1.1]}{0.0.0.0:36906}
2019-07-13 07:24:41,663 INFO  server.Server (Server.java:doStart(419)) - Started @144701ms
2019-07-13 07:24:41,664 INFO  server.BaseHttpServer (BaseHttpServer.java:updateConnectorAddress(207)) - HTTP server of OZONEMANAGER is listening at http://0.0.0.0:36906
2019-07-13 07:24:41,675 INFO  impl.MetricsSystemImpl (MetricsSystemImpl.java:init(158)) - HddsDatanode metrics system started (again)
2019-07-13 07:24:41,675 INFO  ozone.HddsDatanodeService (HddsDatanodeService.java:start(185)) - HddsDatanodeService host:trunk-nightly-9lh4p-2362225927 ip:192.168.69.84
2019-07-13 07:24:41,688 INFO  volume.HddsVolume (HddsVolume.java:<init>(176)) - Creating Volume: /tmp/workdir/hadoop-ozone/integration-test/target/test-dir/MiniOzoneClusterImpl-941c324f-0157-4255-9475-d1e8b8c31c02/datanode-0/data/containers/hdds of  storage type : DISK and capacity : 52710309888
2019-07-13 07:24:41,689 INFO  volume.VolumeSet (VolumeSet.java:initializeVolumeSet(170)) - Added Volume : /tmp/workdir/hadoop-ozone/integration-test/target/test-dir/MiniOzoneClusterImpl-941c324f-0157-4255-9475-d1e8b8c31c02/datanode-0/data/containers/hdds to VolumeSet
2019-07-13 07:24:41,689 INFO  volume.ThrottledAsyncChecker (ThrottledAsyncChecker.java:schedule(140)) - Scheduling a check for org.apache.hadoop.ozone.container.common.volume.HddsVolume@4b8ba6b7
2019-07-13 07:24:41,689 INFO  volume.HddsVolumeChecker (HddsVolumeChecker.java:checkAllVolumes(203)) - Scheduled health check for volume org.apache.hadoop.ozone.container.common.volume.HddsVolume@4b8ba6b7
2019-07-13 07:24:41,716 INFO  impl.RaftServerProxy (ConfUtils.java:logGet(43)) - raft.rpc.type = GRPC (default)
2019-07-13 07:24:41,716 INFO  grpc.GrpcFactory (GrpcFactory.java:checkPooledByteBufAllocatorUseCacheForAllThreads(45)) - PERFORMANCE WARNING: useCacheForAllThreads is true that may cause Netty to create a lot garbage objects and, as a result, trigger GC.
	It is recommended to disable useCacheForAllThreads by setting -Dorg.apache.ratis.thirdparty.io.netty.allocator.useCacheForAllThreads=false in command line.
2019-07-13 07:24:41,717 INFO  grpc.GrpcConfigKeys$Server (ConfUtils.java:logGet(43)) - raft.grpc.server.port = 0 (default)
2019-07-13 07:24:41,717 INFO  server.GrpcService (ConfUtils.java:logGet(43)) - raft.grpc.message.size.max = 33570816 (custom)
2019-07-13 07:24:41,717 INFO  server.RaftServerConfigKeys (ConfUtils.java:logGet(43)) - raft.server.log.appender.buffer.byte-limit = 33554432 (custom)
2019-07-13 07:24:41,717 INFO  server.GrpcService (ConfUtils.java:logGet(43)) - raft.grpc.flow.control.window = 1MB (=1048576) (default)
2019-07-13 07:24:41,717 INFO  server.RaftServerConfigKeys (ConfUtils.java:logGet(43)) - raft.server.rpc.request.timeout = 3000ms (default)
2019-07-13 07:24:41,718 INFO  server.RaftServerConfigKeys (ConfUtils.java:logGet(43)) - raft.server.storage.dir = [/tmp/workdir/hadoop-ozone/integration-test/target/test-dir/MiniOzoneClusterImpl-941c324f-0157-4255-9475-d1e8b8c31c02/datanode-0/data/ratis] (custom)
2019-07-13 07:24:41,719 INFO  replication.SimpleContainerDownloader (SimpleContainerDownloader.java:<init>(72)) - Starting container downloader service to copy containers to replicate.
2019-07-13 07:24:41,720 INFO  hdfs.DFSUtil (DFSUtil.java:httpServerTemplateForNNAndJN(1641)) - Starting Web-server for hddsDatanode at: http://0.0.0.0:0
2019-07-13 07:24:41,721 INFO  server.AuthenticationFilter (AuthenticationFilter.java:constructSecretProvider(240)) - Unable to initialize FileSignerSecretProvider, falling back to use random secrets.
2019-07-13 07:24:41,722 WARN  http.HttpRequestLog (HttpRequestLog.java:getRequestLog(97)) - Jetty request log can only be enabled using Log4j
2019-07-13 07:24:41,723 INFO  http.HttpServer2 (HttpServer2.java:addGlobalFilter(975)) - Added global filter 'safety' (class=org.apache.hadoop.http.HttpServer2$QuotingInputFilter)
2019-07-13 07:24:41,723 INFO  http.HttpServer2 (HttpServer2.java:addFilter(948)) - Added filter static_user_filter (class=org.apache.hadoop.http.lib.StaticUserWebFilter$StaticUserFilter) to context hddsDatanode
2019-07-13 07:24:41,723 INFO  http.HttpServer2 (HttpServer2.java:addFilter(958)) - Added filter static_user_filter (class=org.apache.hadoop.http.lib.StaticUserWebFilter$StaticUserFilter) to context logs
2019-07-13 07:24:41,723 INFO  http.HttpServer2 (HttpServer2.java:addFilter(958)) - Added filter static_user_filter (class=org.apache.hadoop.http.lib.StaticUserWebFilter$StaticUserFilter) to context static
2019-07-13 07:24:41,724 INFO  http.HttpServer2 (HttpServer2.java:bindListener(1191)) - Jetty bound to port 46411
2019-07-13 07:24:41,724 INFO  server.Server (Server.java:doStart(351)) - jetty-9.3.24.v20180605, build timestamp: 2018-06-05T17:11:56Z, git hash: 84205aa28f11a4f31f2a3b86d1bba2cc8ab69827
2019-07-13 07:24:41,726 INFO  handler.ContextHandler (ContextHandler.java:doStart(781)) - Started o.e.j.s.ServletContextHandler@7021bb55{/logs,file:///tmp/workdir/hadoop-ozone/integration-test/target/log,AVAILABLE}
2019-07-13 07:24:41,726 INFO  handler.ContextHandler (ContextHandler.java:doStart(781)) - Started o.e.j.s.ServletContextHandler@14d9ae22{/static,jar:file:/home/user/.m2/repository/org/apache/hadoop/hadoop-hdds-container-service/0.5.0-SNAPSHOT/hadoop-hdds-container-service-0.5.0-SNAPSHOT.jar!/webapps/static,AVAILABLE}
2019-07-13 07:24:41,753 INFO  handler.ContextHandler (ContextHandler.java:doStart(781)) - Started o.e.j.w.WebAppContext@1b641c97{/,file:///tmp/jetty-0.0.0.0-46411-hddsDatanode-_-any-5874396833734521731.dir/webapp/,AVAILABLE}{/hddsDatanode}
2019-07-13 07:24:41,754 INFO  server.AbstractConnector (AbstractConnector.java:doStart(278)) - Started ServerConnector@7f065f9e{HTTP/1.1,[http/1.1]}{0.0.0.0:46411}
2019-07-13 07:24:41,773 INFO  server.Server (Server.java:doStart(419)) - Started @144811ms
2019-07-13 07:24:41,774 INFO  server.BaseHttpServer (BaseHttpServer.java:updateConnectorAddress(207)) - HTTP server of HDDSDATANODE is listening at http://0.0.0.0:46411
2019-07-13 07:24:41,890 INFO  ozone.HddsDatanodeService (HddsDatanodeService.java:startPlugins(396)) - Started plug-in org.apache.hadoop.ozone.web.OzoneHddsDatanodeService@6bc1c8d0
2019-07-13 07:24:41,890 INFO  impl.MetricsSystemImpl (MetricsSystemImpl.java:init(158)) - HddsDatanode metrics system started (again)
2019-07-13 07:24:41,891 INFO  ozone.HddsDatanodeService (HddsDatanodeService.java:start(185)) - HddsDatanodeService host:trunk-nightly-9lh4p-2362225927 ip:192.168.69.84
2019-07-13 07:24:41,892 INFO  util.JvmPauseMonitor (JvmPauseMonitor.java:run(188)) - Starting JVM pause monitor
2019-07-13 07:24:41,893 INFO  datanode.InitDatanodeState (InitDatanodeState.java:persistContainerDatanodeDetails(140)) - DatanodeDetails is persisted to /tmp/workdir/hadoop-ozone/integration-test/target/test-dir/MiniOzoneClusterImpl-941c324f-0157-4255-9475-d1e8b8c31c02/datanode-0/meta/datanode.id
2019-07-13 07:24:41,909 INFO  volume.HddsVolume (HddsVolume.java:<init>(176)) - Creating Volume: /tmp/workdir/hadoop-ozone/integration-test/target/test-dir/MiniOzoneClusterImpl-941c324f-0157-4255-9475-d1e8b8c31c02/datanode-1/data/containers/hdds of  storage type : DISK and capacity : 52710309888
2019-07-13 07:24:41,909 INFO  volume.VolumeSet (VolumeSet.java:initializeVolumeSet(170)) - Added Volume : /tmp/workdir/hadoop-ozone/integration-test/target/test-dir/MiniOzoneClusterImpl-941c324f-0157-4255-9475-d1e8b8c31c02/datanode-1/data/containers/hdds to VolumeSet
2019-07-13 07:24:41,909 INFO  volume.ThrottledAsyncChecker (ThrottledAsyncChecker.java:schedule(140)) - Scheduling a check for org.apache.hadoop.ozone.container.common.volume.HddsVolume@2fccfcdb
2019-07-13 07:24:41,910 INFO  volume.HddsVolumeChecker (HddsVolumeChecker.java:checkAllVolumes(203)) - Scheduled health check for volume org.apache.hadoop.ozone.container.common.volume.HddsVolume@2fccfcdb
2019-07-13 07:24:41,929 INFO  impl.RaftServerProxy (ConfUtils.java:logGet(43)) - raft.rpc.type = GRPC (default)
2019-07-13 07:24:41,930 INFO  grpc.GrpcFactory (GrpcFactory.java:checkPooledByteBufAllocatorUseCacheForAllThreads(45)) - PERFORMANCE WARNING: useCacheForAllThreads is true that may cause Netty to create a lot garbage objects and, as a result, trigger GC.
	It is recommended to disable useCacheForAllThreads by setting -Dorg.apache.ratis.thirdparty.io.netty.allocator.useCacheForAllThreads=false in command line.
2019-07-13 07:24:41,930 INFO  grpc.GrpcConfigKeys$Server (ConfUtils.java:logGet(43)) - raft.grpc.server.port = 0 (default)
2019-07-13 07:24:41,930 INFO  server.GrpcService (ConfUtils.java:logGet(43)) - raft.grpc.message.size.max = 33570816 (custom)
2019-07-13 07:24:41,930 INFO  server.RaftServerConfigKeys (ConfUtils.java:logGet(43)) - raft.server.log.appender.buffer.byte-limit = 33554432 (custom)
2019-07-13 07:24:41,930 INFO  server.GrpcService (ConfUtils.java:logGet(43)) - raft.grpc.flow.control.window = 1MB (=1048576) (default)
2019-07-13 07:24:41,931 INFO  server.RaftServerConfigKeys (ConfUtils.java:logGet(43)) - raft.server.rpc.request.timeout = 3000ms (default)
2019-07-13 07:24:41,931 INFO  server.RaftServerConfigKeys (ConfUtils.java:logGet(43)) - raft.server.storage.dir = [/tmp/workdir/hadoop-ozone/integration-test/target/test-dir/MiniOzoneClusterImpl-941c324f-0157-4255-9475-d1e8b8c31c02/datanode-1/data/ratis] (custom)
2019-07-13 07:24:41,931 INFO  replication.SimpleContainerDownloader (SimpleContainerDownloader.java:<init>(72)) - Starting container downloader service to copy containers to replicate.
2019-07-13 07:24:41,932 INFO  hdfs.DFSUtil (DFSUtil.java:httpServerTemplateForNNAndJN(1641)) - Starting Web-server for hddsDatanode at: http://0.0.0.0:0
2019-07-13 07:24:41,952 INFO  server.AuthenticationFilter (AuthenticationFilter.java:constructSecretProvider(240)) - Unable to initialize FileSignerSecretProvider, falling back to use random secrets.
2019-07-13 07:24:41,953 WARN  http.HttpRequestLog (HttpRequestLog.java:getRequestLog(97)) - Jetty request log can only be enabled using Log4j
2019-07-13 07:24:41,954 INFO  http.HttpServer2 (HttpServer2.java:addGlobalFilter(975)) - Added global filter 'safety' (class=org.apache.hadoop.http.HttpServer2$QuotingInputFilter)
2019-07-13 07:24:41,954 INFO  http.HttpServer2 (HttpServer2.java:addFilter(948)) - Added filter static_user_filter (class=org.apache.hadoop.http.lib.StaticUserWebFilter$StaticUserFilter) to context hddsDatanode
2019-07-13 07:24:41,954 INFO  http.HttpServer2 (HttpServer2.java:addFilter(958)) - Added filter static_user_filter (class=org.apache.hadoop.http.lib.StaticUserWebFilter$StaticUserFilter) to context logs
2019-07-13 07:24:41,955 INFO  http.HttpServer2 (HttpServer2.java:addFilter(958)) - Added filter static_user_filter (class=org.apache.hadoop.http.lib.StaticUserWebFilter$StaticUserFilter) to context static
2019-07-13 07:24:41,955 INFO  http.HttpServer2 (HttpServer2.java:bindListener(1191)) - Jetty bound to port 40966
2019-07-13 07:24:41,955 INFO  server.Server (Server.java:doStart(351)) - jetty-9.3.24.v20180605, build timestamp: 2018-06-05T17:11:56Z, git hash: 84205aa28f11a4f31f2a3b86d1bba2cc8ab69827
2019-07-13 07:24:41,957 INFO  handler.ContextHandler (ContextHandler.java:doStart(781)) - Started o.e.j.s.ServletContextHandler@8b93c88{/logs,file:///tmp/workdir/hadoop-ozone/integration-test/target/log,AVAILABLE}
2019-07-13 07:24:41,958 INFO  handler.ContextHandler (ContextHandler.java:doStart(781)) - Started o.e.j.s.ServletContextHandler@3a70acd5{/static,jar:file:/home/user/.m2/repository/org/apache/hadoop/hadoop-hdds-container-service/0.5.0-SNAPSHOT/hadoop-hdds-container-service-0.5.0-SNAPSHOT.jar!/webapps/static,AVAILABLE}
2019-07-13 07:24:41,985 INFO  handler.ContextHandler (ContextHandler.java:doStart(781)) - Started o.e.j.w.WebAppContext@1f031994{/,file:///tmp/jetty-0.0.0.0-40966-hddsDatanode-_-any-8679034683159651879.dir/webapp/,AVAILABLE}{/hddsDatanode}
2019-07-13 07:24:41,985 INFO  server.AbstractConnector (AbstractConnector.java:doStart(278)) - Started ServerConnector@37bac0f4{HTTP/1.1,[http/1.1]}{0.0.0.0:40966}
2019-07-13 07:24:41,990 INFO  server.Server (Server.java:doStart(419)) - Started @145028ms
2019-07-13 07:24:41,991 INFO  server.BaseHttpServer (BaseHttpServer.java:updateConnectorAddress(207)) - HTTP server of HDDSDATANODE is listening at http://0.0.0.0:40966
2019-07-13 07:24:42,097 INFO  ozone.HddsDatanodeService (HddsDatanodeService.java:startPlugins(396)) - Started plug-in org.apache.hadoop.ozone.web.OzoneHddsDatanodeService@37e15055
2019-07-13 07:24:42,102 INFO  impl.MetricsSystemImpl (MetricsSystemImpl.java:init(158)) - HddsDatanode metrics system started (again)
2019-07-13 07:24:42,102 INFO  ozone.HddsDatanodeService (HddsDatanodeService.java:start(185)) - HddsDatanodeService host:trunk-nightly-9lh4p-2362225927 ip:192.168.69.84
2019-07-13 07:24:42,103 INFO  util.JvmPauseMonitor (JvmPauseMonitor.java:run(188)) - Starting JVM pause monitor
2019-07-13 07:24:42,105 INFO  datanode.InitDatanodeState (InitDatanodeState.java:persistContainerDatanodeDetails(140)) - DatanodeDetails is persisted to /tmp/workdir/hadoop-ozone/integration-test/target/test-dir/MiniOzoneClusterImpl-941c324f-0157-4255-9475-d1e8b8c31c02/datanode-1/meta/datanode.id
2019-07-13 07:24:42,119 INFO  volume.HddsVolume (HddsVolume.java:<init>(176)) - Creating Volume: /tmp/workdir/hadoop-ozone/integration-test/target/test-dir/MiniOzoneClusterImpl-941c324f-0157-4255-9475-d1e8b8c31c02/datanode-2/data/containers/hdds of  storage type : DISK and capacity : 52710309888
2019-07-13 07:24:42,119 INFO  volume.VolumeSet (VolumeSet.java:initializeVolumeSet(170)) - Added Volume : /tmp/workdir/hadoop-ozone/integration-test/target/test-dir/MiniOzoneClusterImpl-941c324f-0157-4255-9475-d1e8b8c31c02/datanode-2/data/containers/hdds to VolumeSet
2019-07-13 07:24:42,119 INFO  volume.ThrottledAsyncChecker (ThrottledAsyncChecker.java:schedule(140)) - Scheduling a check for org.apache.hadoop.ozone.container.common.volume.HddsVolume@40cd02fc
2019-07-13 07:24:42,120 INFO  volume.HddsVolumeChecker (HddsVolumeChecker.java:checkAllVolumes(203)) - Scheduled health check for volume org.apache.hadoop.ozone.container.common.volume.HddsVolume@40cd02fc
2019-07-13 07:24:42,137 INFO  impl.RaftServerProxy (ConfUtils.java:logGet(43)) - raft.rpc.type = GRPC (default)
2019-07-13 07:24:42,138 INFO  grpc.GrpcFactory (GrpcFactory.java:checkPooledByteBufAllocatorUseCacheForAllThreads(45)) - PERFORMANCE WARNING: useCacheForAllThreads is true that may cause Netty to create a lot garbage objects and, as a result, trigger GC.
	It is recommended to disable useCacheForAllThreads by setting -Dorg.apache.ratis.thirdparty.io.netty.allocator.useCacheForAllThreads=false in command line.
2019-07-13 07:24:42,138 INFO  grpc.GrpcConfigKeys$Server (ConfUtils.java:logGet(43)) - raft.grpc.server.port = 0 (default)
2019-07-13 07:24:42,138 INFO  server.GrpcService (ConfUtils.java:logGet(43)) - raft.grpc.message.size.max = 33570816 (custom)
2019-07-13 07:24:42,138 INFO  server.RaftServerConfigKeys (ConfUtils.java:logGet(43)) - raft.server.log.appender.buffer.byte-limit = 33554432 (custom)
2019-07-13 07:24:42,138 INFO  server.GrpcService (ConfUtils.java:logGet(43)) - raft.grpc.flow.control.window = 1MB (=1048576) (default)
2019-07-13 07:24:42,139 INFO  server.RaftServerConfigKeys (ConfUtils.java:logGet(43)) - raft.server.rpc.request.timeout = 3000ms (default)
2019-07-13 07:24:42,139 INFO  server.RaftServerConfigKeys (ConfUtils.java:logGet(43)) - raft.server.storage.dir = [/tmp/workdir/hadoop-ozone/integration-test/target/test-dir/MiniOzoneClusterImpl-941c324f-0157-4255-9475-d1e8b8c31c02/datanode-2/data/ratis] (custom)
2019-07-13 07:24:42,140 INFO  replication.SimpleContainerDownloader (SimpleContainerDownloader.java:<init>(72)) - Starting container downloader service to copy containers to replicate.
2019-07-13 07:24:42,141 INFO  hdfs.DFSUtil (DFSUtil.java:httpServerTemplateForNNAndJN(1641)) - Starting Web-server for hddsDatanode at: http://0.0.0.0:0
2019-07-13 07:24:42,142 INFO  server.AuthenticationFilter (AuthenticationFilter.java:constructSecretProvider(240)) - Unable to initialize FileSignerSecretProvider, falling back to use random secrets.
2019-07-13 07:24:42,142 WARN  http.HttpRequestLog (HttpRequestLog.java:getRequestLog(97)) - Jetty request log can only be enabled using Log4j
2019-07-13 07:24:42,143 INFO  http.HttpServer2 (HttpServer2.java:addGlobalFilter(975)) - Added global filter 'safety' (class=org.apache.hadoop.http.HttpServer2$QuotingInputFilter)
2019-07-13 07:24:42,143 INFO  http.HttpServer2 (HttpServer2.java:addFilter(948)) - Added filter static_user_filter (class=org.apache.hadoop.http.lib.StaticUserWebFilter$StaticUserFilter) to context hddsDatanode
2019-07-13 07:24:42,144 INFO  http.HttpServer2 (HttpServer2.java:addFilter(958)) - Added filter static_user_filter (class=org.apache.hadoop.http.lib.StaticUserWebFilter$StaticUserFilter) to context logs
2019-07-13 07:24:42,144 INFO  http.HttpServer2 (HttpServer2.java:addFilter(958)) - Added filter static_user_filter (class=org.apache.hadoop.http.lib.StaticUserWebFilter$StaticUserFilter) to context static
2019-07-13 07:24:42,144 INFO  http.HttpServer2 (HttpServer2.java:bindListener(1191)) - Jetty bound to port 35306
2019-07-13 07:24:42,144 INFO  server.Server (Server.java:doStart(351)) - jetty-9.3.24.v20180605, build timestamp: 2018-06-05T17:11:56Z, git hash: 84205aa28f11a4f31f2a3b86d1bba2cc8ab69827
2019-07-13 07:24:42,146 INFO  handler.ContextHandler (ContextHandler.java:doStart(781)) - Started o.e.j.s.ServletContextHandler@65374526{/logs,file:///tmp/workdir/hadoop-ozone/integration-test/target/log,AVAILABLE}
2019-07-13 07:24:42,146 INFO  handler.ContextHandler (ContextHandler.java:doStart(781)) - Started o.e.j.s.ServletContextHandler@2edc6690{/static,jar:file:/home/user/.m2/repository/org/apache/hadoop/hadoop-hdds-container-service/0.5.0-SNAPSHOT/hadoop-hdds-container-service-0.5.0-SNAPSHOT.jar!/webapps/static,AVAILABLE}
2019-07-13 07:24:42,172 INFO  handler.ContextHandler (ContextHandler.java:doStart(781)) - Started o.e.j.w.WebAppContext@47e89fed{/,file:///tmp/jetty-0.0.0.0-35306-hddsDatanode-_-any-7365371552187892219.dir/webapp/,AVAILABLE}{/hddsDatanode}
2019-07-13 07:24:42,173 INFO  server.AbstractConnector (AbstractConnector.java:doStart(278)) - Started ServerConnector@1fcef6f9{HTTP/1.1,[http/1.1]}{0.0.0.0:35306}
2019-07-13 07:24:42,178 INFO  server.Server (Server.java:doStart(419)) - Started @145216ms
2019-07-13 07:24:42,179 INFO  server.BaseHttpServer (BaseHttpServer.java:updateConnectorAddress(207)) - HTTP server of HDDSDATANODE is listening at http://0.0.0.0:35306
2019-07-13 07:24:42,292 INFO  ozone.HddsDatanodeService (HddsDatanodeService.java:startPlugins(396)) - Started plug-in org.apache.hadoop.ozone.web.OzoneHddsDatanodeService@68ac6e6e
2019-07-13 07:24:42,292 INFO  impl.MetricsSystemImpl (MetricsSystemImpl.java:init(158)) - HddsDatanode metrics system started (again)
2019-07-13 07:24:42,292 INFO  ozone.HddsDatanodeService (HddsDatanodeService.java:start(185)) - HddsDatanodeService host:trunk-nightly-9lh4p-2362225927 ip:192.168.69.84
2019-07-13 07:24:42,293 INFO  util.JvmPauseMonitor (JvmPauseMonitor.java:run(188)) - Starting JVM pause monitor
2019-07-13 07:24:42,295 INFO  datanode.InitDatanodeState (InitDatanodeState.java:persistContainerDatanodeDetails(140)) - DatanodeDetails is persisted to /tmp/workdir/hadoop-ozone/integration-test/target/test-dir/MiniOzoneClusterImpl-941c324f-0157-4255-9475-d1e8b8c31c02/datanode-2/meta/datanode.id
2019-07-13 07:24:42,309 INFO  volume.HddsVolume (HddsVolume.java:<init>(176)) - Creating Volume: /tmp/workdir/hadoop-ozone/integration-test/target/test-dir/MiniOzoneClusterImpl-941c324f-0157-4255-9475-d1e8b8c31c02/datanode-3/data/containers/hdds of  storage type : DISK and capacity : 52710309888
2019-07-13 07:24:42,309 INFO  volume.VolumeSet (VolumeSet.java:initializeVolumeSet(170)) - Added Volume : /tmp/workdir/hadoop-ozone/integration-test/target/test-dir/MiniOzoneClusterImpl-941c324f-0157-4255-9475-d1e8b8c31c02/datanode-3/data/containers/hdds to VolumeSet
2019-07-13 07:24:42,309 INFO  volume.ThrottledAsyncChecker (ThrottledAsyncChecker.java:schedule(140)) - Scheduling a check for org.apache.hadoop.ozone.container.common.volume.HddsVolume@5817b0d1
2019-07-13 07:24:42,310 INFO  volume.HddsVolumeChecker (HddsVolumeChecker.java:checkAllVolumes(203)) - Scheduled health check for volume org.apache.hadoop.ozone.container.common.volume.HddsVolume@5817b0d1
2019-07-13 07:24:42,332 INFO  impl.RaftServerProxy (ConfUtils.java:logGet(43)) - raft.rpc.type = GRPC (default)
2019-07-13 07:24:42,332 INFO  grpc.GrpcFactory (GrpcFactory.java:checkPooledByteBufAllocatorUseCacheForAllThreads(45)) - PERFORMANCE WARNING: useCacheForAllThreads is true that may cause Netty to create a lot garbage objects and, as a result, trigger GC.
	It is recommended to disable useCacheForAllThreads by setting -Dorg.apache.ratis.thirdparty.io.netty.allocator.useCacheForAllThreads=false in command line.
2019-07-13 07:24:42,332 INFO  grpc.GrpcConfigKeys$Server (ConfUtils.java:logGet(43)) - raft.grpc.server.port = 0 (default)
2019-07-13 07:24:42,332 INFO  server.GrpcService (ConfUtils.java:logGet(43)) - raft.grpc.message.size.max = 33570816 (custom)
2019-07-13 07:24:42,332 INFO  server.RaftServerConfigKeys (ConfUtils.java:logGet(43)) - raft.server.log.appender.buffer.byte-limit = 33554432 (custom)
2019-07-13 07:24:42,332 INFO  server.GrpcService (ConfUtils.java:logGet(43)) - raft.grpc.flow.control.window = 1MB (=1048576) (default)
2019-07-13 07:24:42,333 INFO  server.RaftServerConfigKeys (ConfUtils.java:logGet(43)) - raft.server.rpc.request.timeout = 3000ms (default)
2019-07-13 07:24:42,333 INFO  server.RaftServerConfigKeys (ConfUtils.java:logGet(43)) - raft.server.storage.dir = [/tmp/workdir/hadoop-ozone/integration-test/target/test-dir/MiniOzoneClusterImpl-941c324f-0157-4255-9475-d1e8b8c31c02/datanode-3/data/ratis] (custom)
2019-07-13 07:24:42,333 INFO  replication.SimpleContainerDownloader (SimpleContainerDownloader.java:<init>(72)) - Starting container downloader service to copy containers to replicate.
2019-07-13 07:24:42,334 INFO  hdfs.DFSUtil (DFSUtil.java:httpServerTemplateForNNAndJN(1641)) - Starting Web-server for hddsDatanode at: http://0.0.0.0:0
2019-07-13 07:24:42,336 INFO  server.AuthenticationFilter (AuthenticationFilter.java:constructSecretProvider(240)) - Unable to initialize FileSignerSecretProvider, falling back to use random secrets.
2019-07-13 07:24:42,336 WARN  http.HttpRequestLog (HttpRequestLog.java:getRequestLog(97)) - Jetty request log can only be enabled using Log4j
2019-07-13 07:24:42,337 INFO  http.HttpServer2 (HttpServer2.java:addGlobalFilter(975)) - Added global filter 'safety' (class=org.apache.hadoop.http.HttpServer2$QuotingInputFilter)
2019-07-13 07:24:42,337 INFO  http.HttpServer2 (HttpServer2.java:addFilter(948)) - Added filter static_user_filter (class=org.apache.hadoop.http.lib.StaticUserWebFilter$StaticUserFilter) to context hddsDatanode
2019-07-13 07:24:42,338 INFO  http.HttpServer2 (HttpServer2.java:addFilter(958)) - Added filter static_user_filter (class=org.apache.hadoop.http.lib.StaticUserWebFilter$StaticUserFilter) to context logs
2019-07-13 07:24:42,338 INFO  http.HttpServer2 (HttpServer2.java:addFilter(958)) - Added filter static_user_filter (class=org.apache.hadoop.http.lib.StaticUserWebFilter$StaticUserFilter) to context static
2019-07-13 07:24:42,338 INFO  http.HttpServer2 (HttpServer2.java:bindListener(1191)) - Jetty bound to port 39782
2019-07-13 07:24:42,338 INFO  server.Server (Server.java:doStart(351)) - jetty-9.3.24.v20180605, build timestamp: 2018-06-05T17:11:56Z, git hash: 84205aa28f11a4f31f2a3b86d1bba2cc8ab69827
2019-07-13 07:24:42,340 INFO  handler.ContextHandler (ContextHandler.java:doStart(781)) - Started o.e.j.s.ServletContextHandler@6afdb486{/logs,file:///tmp/workdir/hadoop-ozone/integration-test/target/log,AVAILABLE}
2019-07-13 07:24:42,340 INFO  handler.ContextHandler (ContextHandler.java:doStart(781)) - Started o.e.j.s.ServletContextHandler@598f6c93{/static,jar:file:/home/user/.m2/repository/org/apache/hadoop/hadoop-hdds-container-service/0.5.0-SNAPSHOT/hadoop-hdds-container-service-0.5.0-SNAPSHOT.jar!/webapps/static,AVAILABLE}
2019-07-13 07:24:42,367 INFO  handler.ContextHandler (ContextHandler.java:doStart(781)) - Started o.e.j.w.WebAppContext@184e5c44{/,file:///tmp/jetty-0.0.0.0-39782-hddsDatanode-_-any-3079954819097943206.dir/webapp/,AVAILABLE}{/hddsDatanode}
2019-07-13 07:24:42,367 INFO  server.AbstractConnector (AbstractConnector.java:doStart(278)) - Started ServerConnector@6527aa0{HTTP/1.1,[http/1.1]}{0.0.0.0:39782}
2019-07-13 07:24:42,372 INFO  server.Server (Server.java:doStart(419)) - Started @145410ms
2019-07-13 07:24:42,372 INFO  server.BaseHttpServer (BaseHttpServer.java:updateConnectorAddress(207)) - HTTP server of HDDSDATANODE is listening at http://0.0.0.0:39782
2019-07-13 07:24:42,475 INFO  ozone.HddsDatanodeService (HddsDatanodeService.java:startPlugins(396)) - Started plug-in org.apache.hadoop.ozone.web.OzoneHddsDatanodeService@5a503cf0
2019-07-13 07:24:42,475 INFO  impl.MetricsSystemImpl (MetricsSystemImpl.java:init(158)) - HddsDatanode metrics system started (again)
2019-07-13 07:24:42,475 INFO  ozone.HddsDatanodeService (HddsDatanodeService.java:start(185)) - HddsDatanodeService host:trunk-nightly-9lh4p-2362225927 ip:192.168.69.84
2019-07-13 07:24:42,477 INFO  util.JvmPauseMonitor (JvmPauseMonitor.java:run(188)) - Starting JVM pause monitor
2019-07-13 07:24:42,478 INFO  datanode.InitDatanodeState (InitDatanodeState.java:persistContainerDatanodeDetails(140)) - DatanodeDetails is persisted to /tmp/workdir/hadoop-ozone/integration-test/target/test-dir/MiniOzoneClusterImpl-941c324f-0157-4255-9475-d1e8b8c31c02/datanode-3/meta/datanode.id
2019-07-13 07:24:42,494 INFO  volume.HddsVolume (HddsVolume.java:<init>(176)) - Creating Volume: /tmp/workdir/hadoop-ozone/integration-test/target/test-dir/MiniOzoneClusterImpl-941c324f-0157-4255-9475-d1e8b8c31c02/datanode-4/data/containers/hdds of  storage type : DISK and capacity : 52710309888
2019-07-13 07:24:42,494 INFO  volume.VolumeSet (VolumeSet.java:initializeVolumeSet(170)) - Added Volume : /tmp/workdir/hadoop-ozone/integration-test/target/test-dir/MiniOzoneClusterImpl-941c324f-0157-4255-9475-d1e8b8c31c02/datanode-4/data/containers/hdds to VolumeSet
2019-07-13 07:24:42,495 INFO  volume.ThrottledAsyncChecker (ThrottledAsyncChecker.java:schedule(140)) - Scheduling a check for org.apache.hadoop.ozone.container.common.volume.HddsVolume@42f9b425
2019-07-13 07:24:42,495 INFO  volume.HddsVolumeChecker (HddsVolumeChecker.java:checkAllVolumes(203)) - Scheduled health check for volume org.apache.hadoop.ozone.container.common.volume.HddsVolume@42f9b425
2019-07-13 07:24:42,519 INFO  impl.RaftServerProxy (ConfUtils.java:logGet(43)) - raft.rpc.type = GRPC (default)
2019-07-13 07:24:42,520 INFO  grpc.GrpcFactory (GrpcFactory.java:checkPooledByteBufAllocatorUseCacheForAllThreads(45)) - PERFORMANCE WARNING: useCacheForAllThreads is true that may cause Netty to create a lot garbage objects and, as a result, trigger GC.
	It is recommended to disable useCacheForAllThreads by setting -Dorg.apache.ratis.thirdparty.io.netty.allocator.useCacheForAllThreads=false in command line.
2019-07-13 07:24:42,520 INFO  grpc.GrpcConfigKeys$Server (ConfUtils.java:logGet(43)) - raft.grpc.server.port = 0 (default)
2019-07-13 07:24:42,520 INFO  server.GrpcService (ConfUtils.java:logGet(43)) - raft.grpc.message.size.max = 33570816 (custom)
2019-07-13 07:24:42,520 INFO  server.RaftServerConfigKeys (ConfUtils.java:logGet(43)) - raft.server.log.appender.buffer.byte-limit = 33554432 (custom)
2019-07-13 07:24:42,521 INFO  server.GrpcService (ConfUtils.java:logGet(43)) - raft.grpc.flow.control.window = 1MB (=1048576) (default)
2019-07-13 07:24:42,521 INFO  server.RaftServerConfigKeys (ConfUtils.java:logGet(43)) - raft.server.rpc.request.timeout = 3000ms (default)
2019-07-13 07:24:42,521 INFO  server.RaftServerConfigKeys (ConfUtils.java:logGet(43)) - raft.server.storage.dir = [/tmp/workdir/hadoop-ozone/integration-test/target/test-dir/MiniOzoneClusterImpl-941c324f-0157-4255-9475-d1e8b8c31c02/datanode-4/data/ratis] (custom)
2019-07-13 07:24:42,522 INFO  replication.SimpleContainerDownloader (SimpleContainerDownloader.java:<init>(72)) - Starting container downloader service to copy containers to replicate.
2019-07-13 07:24:42,523 INFO  hdfs.DFSUtil (DFSUtil.java:httpServerTemplateForNNAndJN(1641)) - Starting Web-server for hddsDatanode at: http://0.0.0.0:0
2019-07-13 07:24:42,524 INFO  server.AuthenticationFilter (AuthenticationFilter.java:constructSecretProvider(240)) - Unable to initialize FileSignerSecretProvider, falling back to use random secrets.
2019-07-13 07:24:42,524 WARN  http.HttpRequestLog (HttpRequestLog.java:getRequestLog(97)) - Jetty request log can only be enabled using Log4j
2019-07-13 07:24:42,525 INFO  http.HttpServer2 (HttpServer2.java:addGlobalFilter(975)) - Added global filter 'safety' (class=org.apache.hadoop.http.HttpServer2$QuotingInputFilter)
2019-07-13 07:24:42,526 INFO  http.HttpServer2 (HttpServer2.java:addFilter(948)) - Added filter static_user_filter (class=org.apache.hadoop.http.lib.StaticUserWebFilter$StaticUserFilter) to context hddsDatanode
2019-07-13 07:24:42,526 INFO  http.HttpServer2 (HttpServer2.java:addFilter(958)) - Added filter static_user_filter (class=org.apache.hadoop.http.lib.StaticUserWebFilter$StaticUserFilter) to context static
2019-07-13 07:24:42,526 INFO  http.HttpServer2 (HttpServer2.java:addFilter(958)) - Added filter static_user_filter (class=org.apache.hadoop.http.lib.StaticUserWebFilter$StaticUserFilter) to context logs
2019-07-13 07:24:42,526 INFO  http.HttpServer2 (HttpServer2.java:bindListener(1191)) - Jetty bound to port 41194
2019-07-13 07:24:42,527 INFO  server.Server (Server.java:doStart(351)) - jetty-9.3.24.v20180605, build timestamp: 2018-06-05T17:11:56Z, git hash: 84205aa28f11a4f31f2a3b86d1bba2cc8ab69827
2019-07-13 07:24:42,528 INFO  handler.ContextHandler (ContextHandler.java:doStart(781)) - Started o.e.j.s.ServletContextHandler@4ebe6c24{/logs,file:///tmp/workdir/hadoop-ozone/integration-test/target/log,AVAILABLE}
2019-07-13 07:24:42,529 INFO  handler.ContextHandler (ContextHandler.java:doStart(781)) - Started o.e.j.s.ServletContextHandler@23ba2c1e{/static,jar:file:/home/user/.m2/repository/org/apache/hadoop/hadoop-hdds-container-service/0.5.0-SNAPSHOT/hadoop-hdds-container-service-0.5.0-SNAPSHOT.jar!/webapps/static,AVAILABLE}
2019-07-13 07:24:42,557 INFO  handler.ContextHandler (ContextHandler.java:doStart(781)) - Started o.e.j.w.WebAppContext@272de8ab{/,file:///tmp/jetty-0.0.0.0-41194-hddsDatanode-_-any-7905186405571474532.dir/webapp/,AVAILABLE}{/hddsDatanode}
2019-07-13 07:24:42,557 INFO  server.AbstractConnector (AbstractConnector.java:doStart(278)) - Started ServerConnector@c53dfb2{HTTP/1.1,[http/1.1]}{0.0.0.0:41194}
2019-07-13 07:24:42,562 INFO  server.Server (Server.java:doStart(419)) - Started @145600ms
2019-07-13 07:24:42,563 INFO  server.BaseHttpServer (BaseHttpServer.java:updateConnectorAddress(207)) - HTTP server of HDDSDATANODE is listening at http://0.0.0.0:41194
2019-07-13 07:24:42,670 INFO  ozone.HddsDatanodeService (HddsDatanodeService.java:startPlugins(396)) - Started plug-in org.apache.hadoop.ozone.web.OzoneHddsDatanodeService@240a717d
2019-07-13 07:24:42,671 INFO  impl.MetricsSystemImpl (MetricsSystemImpl.java:init(158)) - HddsDatanode metrics system started (again)
2019-07-13 07:24:42,671 INFO  ozone.HddsDatanodeService (HddsDatanodeService.java:start(185)) - HddsDatanodeService host:trunk-nightly-9lh4p-2362225927 ip:192.168.69.84
2019-07-13 07:24:42,672 INFO  util.JvmPauseMonitor (JvmPauseMonitor.java:run(188)) - Starting JVM pause monitor
2019-07-13 07:24:42,673 INFO  datanode.InitDatanodeState (InitDatanodeState.java:persistContainerDatanodeDetails(140)) - DatanodeDetails is persisted to /tmp/workdir/hadoop-ozone/integration-test/target/test-dir/MiniOzoneClusterImpl-941c324f-0157-4255-9475-d1e8b8c31c02/datanode-4/meta/datanode.id
2019-07-13 07:24:42,689 INFO  volume.HddsVolume (HddsVolume.java:<init>(176)) - Creating Volume: /tmp/workdir/hadoop-ozone/integration-test/target/test-dir/MiniOzoneClusterImpl-941c324f-0157-4255-9475-d1e8b8c31c02/datanode-5/data/containers/hdds of  storage type : DISK and capacity : 52710309888
2019-07-13 07:24:42,690 INFO  volume.VolumeSet (VolumeSet.java:initializeVolumeSet(170)) - Added Volume : /tmp/workdir/hadoop-ozone/integration-test/target/test-dir/MiniOzoneClusterImpl-941c324f-0157-4255-9475-d1e8b8c31c02/datanode-5/data/containers/hdds to VolumeSet
2019-07-13 07:24:42,690 INFO  volume.ThrottledAsyncChecker (ThrottledAsyncChecker.java:schedule(140)) - Scheduling a check for org.apache.hadoop.ozone.container.common.volume.HddsVolume@2bcaec2e
2019-07-13 07:24:42,691 INFO  volume.HddsVolumeChecker (HddsVolumeChecker.java:checkAllVolumes(203)) - Scheduled health check for volume org.apache.hadoop.ozone.container.common.volume.HddsVolume@2bcaec2e
2019-07-13 07:24:42,715 INFO  impl.RaftServerProxy (ConfUtils.java:logGet(43)) - raft.rpc.type = GRPC (default)
2019-07-13 07:24:42,716 INFO  grpc.GrpcFactory (GrpcFactory.java:checkPooledByteBufAllocatorUseCacheForAllThreads(45)) - PERFORMANCE WARNING: useCacheForAllThreads is true that may cause Netty to create a lot garbage objects and, as a result, trigger GC.
	It is recommended to disable useCacheForAllThreads by setting -Dorg.apache.ratis.thirdparty.io.netty.allocator.useCacheForAllThreads=false in command line.
2019-07-13 07:24:42,716 INFO  grpc.GrpcConfigKeys$Server (ConfUtils.java:logGet(43)) - raft.grpc.server.port = 0 (default)
2019-07-13 07:24:42,716 INFO  server.GrpcService (ConfUtils.java:logGet(43)) - raft.grpc.message.size.max = 33570816 (custom)
2019-07-13 07:24:42,716 INFO  server.RaftServerConfigKeys (ConfUtils.java:logGet(43)) - raft.server.log.appender.buffer.byte-limit = 33554432 (custom)
2019-07-13 07:24:42,717 INFO  server.GrpcService (ConfUtils.java:logGet(43)) - raft.grpc.flow.control.window = 1MB (=1048576) (default)
2019-07-13 07:24:42,717 INFO  server.RaftServerConfigKeys (ConfUtils.java:logGet(43)) - raft.server.rpc.request.timeout = 3000ms (default)
2019-07-13 07:24:42,717 INFO  server.RaftServerConfigKeys (ConfUtils.java:logGet(43)) - raft.server.storage.dir = [/tmp/workdir/hadoop-ozone/integration-test/target/test-dir/MiniOzoneClusterImpl-941c324f-0157-4255-9475-d1e8b8c31c02/datanode-5/data/ratis] (custom)
2019-07-13 07:24:42,718 INFO  replication.SimpleContainerDownloader (SimpleContainerDownloader.java:<init>(72)) - Starting container downloader service to copy containers to replicate.
2019-07-13 07:24:42,719 INFO  hdfs.DFSUtil (DFSUtil.java:httpServerTemplateForNNAndJN(1641)) - Starting Web-server for hddsDatanode at: http://0.0.0.0:0
2019-07-13 07:24:42,721 INFO  server.AuthenticationFilter (AuthenticationFilter.java:constructSecretProvider(240)) - Unable to initialize FileSignerSecretProvider, falling back to use random secrets.
2019-07-13 07:24:42,721 WARN  http.HttpRequestLog (HttpRequestLog.java:getRequestLog(97)) - Jetty request log can only be enabled using Log4j
2019-07-13 07:24:42,723 INFO  http.HttpServer2 (HttpServer2.java:addGlobalFilter(975)) - Added global filter 'safety' (class=org.apache.hadoop.http.HttpServer2$QuotingInputFilter)
2019-07-13 07:24:42,724 INFO  http.HttpServer2 (HttpServer2.java:addFilter(948)) - Added filter static_user_filter (class=org.apache.hadoop.http.lib.StaticUserWebFilter$StaticUserFilter) to context hddsDatanode
2019-07-13 07:24:42,724 INFO  http.HttpServer2 (HttpServer2.java:addFilter(958)) - Added filter static_user_filter (class=org.apache.hadoop.http.lib.StaticUserWebFilter$StaticUserFilter) to context static
2019-07-13 07:24:42,724 INFO  http.HttpServer2 (HttpServer2.java:addFilter(958)) - Added filter static_user_filter (class=org.apache.hadoop.http.lib.StaticUserWebFilter$StaticUserFilter) to context logs
2019-07-13 07:24:42,725 INFO  http.HttpServer2 (HttpServer2.java:bindListener(1191)) - Jetty bound to port 44352
2019-07-13 07:24:42,725 INFO  server.Server (Server.java:doStart(351)) - jetty-9.3.24.v20180605, build timestamp: 2018-06-05T17:11:56Z, git hash: 84205aa28f11a4f31f2a3b86d1bba2cc8ab69827
2019-07-13 07:24:42,727 INFO  handler.ContextHandler (ContextHandler.java:doStart(781)) - Started o.e.j.s.ServletContextHandler@685e97e0{/logs,file:///tmp/workdir/hadoop-ozone/integration-test/target/log,AVAILABLE}
2019-07-13 07:24:42,728 INFO  handler.ContextHandler (ContextHandler.java:doStart(781)) - Started o.e.j.s.ServletContextHandler@5dfaa2f0{/static,jar:file:/home/user/.m2/repository/org/apache/hadoop/hadoop-hdds-container-service/0.5.0-SNAPSHOT/hadoop-hdds-container-service-0.5.0-SNAPSHOT.jar!/webapps/static,AVAILABLE}
2019-07-13 07:24:42,765 INFO  handler.ContextHandler (ContextHandler.java:doStart(781)) - Started o.e.j.w.WebAppContext@5e8f1db2{/,file:///tmp/jetty-0.0.0.0-44352-hddsDatanode-_-any-5855533690976924599.dir/webapp/,AVAILABLE}{/hddsDatanode}
2019-07-13 07:24:42,766 INFO  server.AbstractConnector (AbstractConnector.java:doStart(278)) - Started ServerConnector@64bb6ba7{HTTP/1.1,[http/1.1]}{0.0.0.0:44352}
2019-07-13 07:24:42,773 INFO  server.Server (Server.java:doStart(419)) - Started @145810ms
2019-07-13 07:24:42,774 INFO  server.BaseHttpServer (BaseHttpServer.java:updateConnectorAddress(207)) - HTTP server of HDDSDATANODE is listening at http://0.0.0.0:44352
2019-07-13 07:24:42,897 INFO  ozone.HddsDatanodeService (HddsDatanodeService.java:startPlugins(396)) - Started plug-in org.apache.hadoop.ozone.web.OzoneHddsDatanodeService@2f4c83f1
2019-07-13 07:24:42,897 INFO  ozone.MiniOzoneClusterImpl (MiniOzoneClusterImpl.java:lambda$waitForClusterToBeReady$0(142)) - Waiting for cluster to be ready. Got 0 of 6 DN Heartbeats.
2019-07-13 07:24:42,898 INFO  util.JvmPauseMonitor (JvmPauseMonitor.java:run(188)) - Starting JVM pause monitor
2019-07-13 07:24:42,900 INFO  datanode.InitDatanodeState (InitDatanodeState.java:persistContainerDatanodeDetails(140)) - DatanodeDetails is persisted to /tmp/workdir/hadoop-ozone/integration-test/target/test-dir/MiniOzoneClusterImpl-941c324f-0157-4255-9475-d1e8b8c31c02/datanode-5/meta/datanode.id
2019-07-13 07:24:43,259 WARN  server.GrpcLogAppender (LogUtils.java:warn(134)) - c18e5551-1800-40d1-9af7-9b9ec855c36c->b6a2e03e-f3bd-4b9a-b2cc-05e16fdeb3db: Failed appendEntries: org.apache.ratis.thirdparty.io.grpc.StatusRuntimeException: UNAVAILABLE: io exception
2019-07-13 07:24:43,265 INFO  impl.FollowerInfo (FollowerInfo.java:lambda$new$0(50)) - c18e5551-1800-40d1-9af7-9b9ec855c36c->b6a2e03e-f3bd-4b9a-b2cc-05e16fdeb3db: nextIndex: updateUnconditionally 10 -> 9
2019-07-13 07:24:43,903 INFO  ozone.MiniOzoneClusterImpl (MiniOzoneClusterImpl.java:lambda$waitForClusterToBeReady$0(142)) - Waiting for cluster to be ready. Got 0 of 6 DN Heartbeats.
2019-07-13 07:24:43,920 INFO  ozoneimpl.OzoneContainer (OzoneContainer.java:start(186)) - Attempting to start container services.
2019-07-13 07:24:43,920 INFO  ozoneimpl.OzoneContainer (OzoneContainer.java:startContainerScrub(160)) - Background container scrubber has been disabled by hdds.containerscrub.enabled
2019-07-13 07:24:43,921 INFO  ratis.XceiverServerRatis (XceiverServerRatis.java:start(418)) - Starting XceiverServerRatis 1a861c74-1484-402a-9ff9-9d6113d38ce4 at port 0
2019-07-13 07:24:43,928 INFO  impl.RaftServerProxy (RaftServerProxy.java:lambda$start$3(299)) - 1a861c74-1484-402a-9ff9-9d6113d38ce4: start RPC server
2019-07-13 07:24:43,929 INFO  server.GrpcService (GrpcService.java:startImpl(149)) - 1a861c74-1484-402a-9ff9-9d6113d38ce4: GrpcService started, listening on 0.0.0.0/0.0.0.0:38340
2019-07-13 07:24:43,929 INFO  ratis.XceiverServerRatis (XceiverServerRatis.java:start(428)) - XceiverServerRatis 1a861c74-1484-402a-9ff9-9d6113d38ce4 is started using port 38340
2019-07-13 07:24:43,930 INFO  server.XceiverServerGrpc (XceiverServerGrpc.java:start(161)) - XceiverServerGrpc 1a861c74-1484-402a-9ff9-9d6113d38ce4 is started using port 35089
2019-07-13 07:24:44,123 INFO  ozoneimpl.OzoneContainer (OzoneContainer.java:start(186)) - Attempting to start container services.
2019-07-13 07:24:44,123 INFO  ozoneimpl.OzoneContainer (OzoneContainer.java:startContainerScrub(160)) - Background container scrubber has been disabled by hdds.containerscrub.enabled
2019-07-13 07:24:44,124 INFO  ratis.XceiverServerRatis (XceiverServerRatis.java:start(418)) - Starting XceiverServerRatis c914261d-7132-4fca-86ff-e1ab4ebbf7be at port 0
2019-07-13 07:24:44,131 INFO  impl.RaftServerProxy (RaftServerProxy.java:lambda$start$3(299)) - c914261d-7132-4fca-86ff-e1ab4ebbf7be: start RPC server
2019-07-13 07:24:44,132 INFO  server.GrpcService (GrpcService.java:startImpl(149)) - c914261d-7132-4fca-86ff-e1ab4ebbf7be: GrpcService started, listening on 0.0.0.0/0.0.0.0:46731
2019-07-13 07:24:44,132 INFO  ratis.XceiverServerRatis (XceiverServerRatis.java:start(428)) - XceiverServerRatis c914261d-7132-4fca-86ff-e1ab4ebbf7be is started using port 46731
2019-07-13 07:24:44,133 INFO  server.XceiverServerGrpc (XceiverServerGrpc.java:start(161)) - XceiverServerGrpc c914261d-7132-4fca-86ff-e1ab4ebbf7be is started using port 41480
2019-07-13 07:24:44,307 INFO  ozoneimpl.OzoneContainer (OzoneContainer.java:start(186)) - Attempting to start container services.
2019-07-13 07:24:44,308 INFO  ozoneimpl.OzoneContainer (OzoneContainer.java:startContainerScrub(160)) - Background container scrubber has been disabled by hdds.containerscrub.enabled
2019-07-13 07:24:44,308 INFO  ratis.XceiverServerRatis (XceiverServerRatis.java:start(418)) - Starting XceiverServerRatis e7a9de48-873e-48a5-b9f6-7a4625dd6b0b at port 0
2019-07-13 07:24:44,315 INFO  impl.RaftServerProxy (RaftServerProxy.java:lambda$start$3(299)) - e7a9de48-873e-48a5-b9f6-7a4625dd6b0b: start RPC server
2019-07-13 07:24:44,316 INFO  server.GrpcService (GrpcService.java:startImpl(149)) - e7a9de48-873e-48a5-b9f6-7a4625dd6b0b: GrpcService started, listening on 0.0.0.0/0.0.0.0:46001
2019-07-13 07:24:44,316 INFO  ratis.XceiverServerRatis (XceiverServerRatis.java:start(428)) - XceiverServerRatis e7a9de48-873e-48a5-b9f6-7a4625dd6b0b is started using port 46001
2019-07-13 07:24:44,317 INFO  server.XceiverServerGrpc (XceiverServerGrpc.java:start(161)) - XceiverServerGrpc e7a9de48-873e-48a5-b9f6-7a4625dd6b0b is started using port 45935
2019-07-13 07:24:44,491 INFO  ozoneimpl.OzoneContainer (OzoneContainer.java:start(186)) - Attempting to start container services.
2019-07-13 07:24:44,492 INFO  ozoneimpl.OzoneContainer (OzoneContainer.java:startContainerScrub(160)) - Background container scrubber has been disabled by hdds.containerscrub.enabled
2019-07-13 07:24:44,492 INFO  ratis.XceiverServerRatis (XceiverServerRatis.java:start(418)) - Starting XceiverServerRatis bcfa1d54-0cc1-4401-b26c-7cc42d7d3c1e at port 0
2019-07-13 07:24:44,499 INFO  impl.RaftServerProxy (RaftServerProxy.java:lambda$start$3(299)) - bcfa1d54-0cc1-4401-b26c-7cc42d7d3c1e: start RPC server
2019-07-13 07:24:44,499 INFO  server.GrpcService (GrpcService.java:startImpl(149)) - bcfa1d54-0cc1-4401-b26c-7cc42d7d3c1e: GrpcService started, listening on 0.0.0.0/0.0.0.0:39478
2019-07-13 07:24:44,500 INFO  ratis.XceiverServerRatis (XceiverServerRatis.java:start(428)) - XceiverServerRatis bcfa1d54-0cc1-4401-b26c-7cc42d7d3c1e is started using port 39478
2019-07-13 07:24:44,500 INFO  server.XceiverServerGrpc (XceiverServerGrpc.java:start(161)) - XceiverServerGrpc bcfa1d54-0cc1-4401-b26c-7cc42d7d3c1e is started using port 42910
2019-07-13 07:24:44,687 INFO  ozoneimpl.OzoneContainer (OzoneContainer.java:start(186)) - Attempting to start container services.
2019-07-13 07:24:44,687 INFO  ozoneimpl.OzoneContainer (OzoneContainer.java:startContainerScrub(160)) - Background container scrubber has been disabled by hdds.containerscrub.enabled
2019-07-13 07:24:44,687 INFO  ratis.XceiverServerRatis (XceiverServerRatis.java:start(418)) - Starting XceiverServerRatis 3124f886-aefa-4d74-8825-f582d519003a at port 0
2019-07-13 07:24:44,694 INFO  impl.RaftServerProxy (RaftServerProxy.java:lambda$start$3(299)) - 3124f886-aefa-4d74-8825-f582d519003a: start RPC server
2019-07-13 07:24:44,695 INFO  server.GrpcService (GrpcService.java:startImpl(149)) - 3124f886-aefa-4d74-8825-f582d519003a: GrpcService started, listening on 0.0.0.0/0.0.0.0:37139
2019-07-13 07:24:44,695 INFO  ratis.XceiverServerRatis (XceiverServerRatis.java:start(428)) - XceiverServerRatis 3124f886-aefa-4d74-8825-f582d519003a is started using port 37139
2019-07-13 07:24:44,696 INFO  server.XceiverServerGrpc (XceiverServerGrpc.java:start(161)) - XceiverServerGrpc 3124f886-aefa-4d74-8825-f582d519003a is started using port 33234
2019-07-13 07:24:44,903 INFO  ozone.MiniOzoneClusterImpl (MiniOzoneClusterImpl.java:lambda$waitForClusterToBeReady$0(142)) - Waiting for cluster to be ready. Got 0 of 6 DN Heartbeats.
2019-07-13 07:24:44,913 INFO  ozoneimpl.OzoneContainer (OzoneContainer.java:start(186)) - Attempting to start container services.
2019-07-13 07:24:44,913 INFO  ozoneimpl.OzoneContainer (OzoneContainer.java:startContainerScrub(160)) - Background container scrubber has been disabled by hdds.containerscrub.enabled
2019-07-13 07:24:44,914 INFO  ratis.XceiverServerRatis (XceiverServerRatis.java:start(418)) - Starting XceiverServerRatis 087355bb-25f1-45f5-b864-6f7d8d3ec78b at port 0
2019-07-13 07:24:44,921 INFO  impl.RaftServerProxy (RaftServerProxy.java:lambda$start$3(299)) - 087355bb-25f1-45f5-b864-6f7d8d3ec78b: start RPC server
2019-07-13 07:24:44,922 INFO  server.GrpcService (GrpcService.java:startImpl(149)) - 087355bb-25f1-45f5-b864-6f7d8d3ec78b: GrpcService started, listening on 0.0.0.0/0.0.0.0:37578
2019-07-13 07:24:44,922 INFO  ratis.XceiverServerRatis (XceiverServerRatis.java:start(428)) - XceiverServerRatis 087355bb-25f1-45f5-b864-6f7d8d3ec78b is started using port 37578
2019-07-13 07:24:44,923 INFO  server.XceiverServerGrpc (XceiverServerGrpc.java:start(161)) - XceiverServerGrpc 087355bb-25f1-45f5-b864-6f7d8d3ec78b is started using port 40583
2019-07-13 07:24:45,760 WARN  server.GrpcLogAppender (LogUtils.java:warn(134)) - c18e5551-1800-40d1-9af7-9b9ec855c36c->b6a2e03e-f3bd-4b9a-b2cc-05e16fdeb3db: Failed appendEntries: org.apache.ratis.thirdparty.io.grpc.StatusRuntimeException: UNAVAILABLE: io exception
2019-07-13 07:24:45,782 INFO  impl.FollowerInfo (FollowerInfo.java:lambda$new$0(50)) - c18e5551-1800-40d1-9af7-9b9ec855c36c->b6a2e03e-f3bd-4b9a-b2cc-05e16fdeb3db: nextIndex: updateUnconditionally 9 -> 8
2019-07-13 07:24:45,904 INFO  net.NetworkTopology (NetworkTopologyImpl.java:add(110)) - Added a new node: /default-rack/192.168.69.84
2019-07-13 07:24:45,904 INFO  ozone.MiniOzoneClusterImpl (MiniOzoneClusterImpl.java:lambda$waitForClusterToBeReady$0(142)) - Waiting for cluster to be ready. Got 1 of 6 DN Heartbeats.
2019-07-13 07:24:45,912 INFO  node.SCMNodeManager (SCMNodeManager.java:register(269)) - Registered Data node : 1a861c74-1484-402a-9ff9-9d6113d38ce4{ip: 192.168.69.84, host: trunk-nightly-9lh4p-2362225927, networkLocation: /default-rack, certSerialId: null}
2019-07-13 07:24:45,914 INFO  safemode.SCMSafeModeManager (DataNodeSafeModeRule.java:process(71)) - SCM in safe mode. 1 DataNodes registered, 1 required.
2019-07-13 07:24:45,920 INFO  safemode.SCMSafeModeManager (SCMSafeModeManager.java:validateSafeModeExitRules(177)) - ScmSafeModeManager, all rules are successfully validated
2019-07-13 07:24:45,920 INFO  safemode.SCMSafeModeManager (SCMSafeModeManager.java:exitSafeMode(193)) - SCM exiting safe mode.
2019-07-13 07:24:45,932 INFO  impl.RaftServerProxy (RaftServerProxy.java:addNew(89)) - 1a861c74-1484-402a-9ff9-9d6113d38ce4: addNew group-91C1353F4ED1:[1a861c74-1484-402a-9ff9-9d6113d38ce4:192.168.69.84:38340] returns group-91C1353F4ED1:java.util.concurrent.CompletableFuture@2d4d006b[Not completed]
2019-07-13 07:24:45,934 INFO  impl.RaftServerImpl (RaftServerImpl.java:<init>(93)) - 1a861c74-1484-402a-9ff9-9d6113d38ce4: new RaftServerImpl for group-91C1353F4ED1:[1a861c74-1484-402a-9ff9-9d6113d38ce4:192.168.69.84:38340] with ContainerStateMachine:uninitialized
2019-07-13 07:24:45,934 INFO  server.RaftServerConfigKeys (ConfUtils.java:logGet(43)) - raft.server.rpc.timeout.min = 5s (custom)
2019-07-13 07:24:45,934 INFO  server.RaftServerConfigKeys (ConfUtils.java:logGet(43)) - raft.server.rpc.timeout.max = 5200ms (custom)
2019-07-13 07:24:45,935 INFO  server.RaftServerConfigKeys (ConfUtils.java:logGet(43)) - raft.server.rpcslowness.timeout = 120s (custom)
2019-07-13 07:24:45,935 INFO  server.RaftServerConfigKeys (ConfUtils.java:logGet(43)) - raft.server.sleep.deviation.threshold = 300 (default)
2019-07-13 07:24:45,935 INFO  server.RaftServerConfigKeys (ConfUtils.java:logGet(43)) - raft.server.log.appender.install.snapshot.enabled = false (custom)
2019-07-13 07:24:45,935 INFO  impl.RaftServerImpl (ServerState.java:<init>(105)) - 1a861c74-1484-402a-9ff9-9d6113d38ce4:group-91C1353F4ED1 ConfigurationManager, init=-1: [1a861c74-1484-402a-9ff9-9d6113d38ce4:192.168.69.84:38340], old=null, confs=<EMPTY_MAP>
2019-07-13 07:24:45,935 INFO  server.RaftServerConfigKeys (ConfUtils.java:logGet(43)) - raft.server.storage.dir = [/tmp/workdir/hadoop-ozone/integration-test/target/test-dir/MiniOzoneClusterImpl-941c324f-0157-4255-9475-d1e8b8c31c02/datanode-0/data/ratis] (custom)
2019-07-13 07:24:45,936 INFO  storage.RaftStorageDirectory (RaftStorageDirectory.java:analyzeStorage(246)) - The storage directory /tmp/workdir/hadoop-ozone/integration-test/target/test-dir/MiniOzoneClusterImpl-941c324f-0157-4255-9475-d1e8b8c31c02/datanode-0/data/ratis/a2fdc612-7136-4d38-bb12-91c1353f4ed1 does not exist. Creating ...
2019-07-13 07:24:45,949 INFO  storage.RaftStorageDirectory (RaftStorageDirectory.java:tryLock(328)) - Lock on /tmp/workdir/hadoop-ozone/integration-test/target/test-dir/MiniOzoneClusterImpl-941c324f-0157-4255-9475-d1e8b8c31c02/datanode-0/data/ratis/a2fdc612-7136-4d38-bb12-91c1353f4ed1/in_use.lock acquired by nodename 15876@trunk-nightly-9lh4p-2362225927
2019-07-13 07:24:45,972 INFO  storage.RaftStorage (RaftStorage.java:format(72)) - Storage directory /tmp/workdir/hadoop-ozone/integration-test/target/test-dir/MiniOzoneClusterImpl-941c324f-0157-4255-9475-d1e8b8c31c02/datanode-0/data/ratis/a2fdc612-7136-4d38-bb12-91c1353f4ed1 has been successfully formatted.
2019-07-13 07:24:45,972 INFO  ratis.ContainerStateMachine (ContainerStateMachine.java:loadSnapshot(200)) - The snapshot info is null.Setting the last applied index to:(t:0, i:~)
2019-07-13 07:24:45,973 INFO  server.RaftServerConfigKeys (ConfUtils.java:logGet(43)) - raft.server.leader.election.timeout = 120s (custom)
2019-07-13 07:24:45,973 INFO  server.RaftServerConfigKeys (ConfUtils.java:logGet(43)) - raft.server.log.use.memory = false (default)
2019-07-13 07:24:45,973 INFO  server.RaftServerConfigKeys (ConfUtils.java:logGet(43)) - raft.server.log.purge.gap = 1000000000 (custom)
2019-07-13 07:24:45,973 INFO  server.RaftServerConfigKeys (ConfUtils.java:logGet(43)) - raft.server.log.appender.buffer.byte-limit = 33554432 (custom)
2019-07-13 07:24:45,973 INFO  server.RaftServerConfigKeys (ConfUtils.java:logGet(43)) - raft.server.log.segment.size.max = 1048576 (custom)
2019-07-13 07:24:45,973 INFO  server.RaftServerConfigKeys (ConfUtils.java:logGet(43)) - raft.server.log.segment.cache.num.max = 2 (custom)
2019-07-13 07:24:45,974 INFO  segmented.SegmentedRaftLogWorker (SegmentedRaftLogWorker.java:<init>(172)) - new 1a861c74-1484-402a-9ff9-9d6113d38ce4-SegmentedRaftLogWorker:Storage Directory /tmp/workdir/hadoop-ozone/integration-test/target/test-dir/MiniOzoneClusterImpl-941c324f-0157-4255-9475-d1e8b8c31c02/datanode-0/data/ratis/a2fdc612-7136-4d38-bb12-91c1353f4ed1 for RaftStorage:Storage Directory /tmp/workdir/hadoop-ozone/integration-test/target/test-dir/MiniOzoneClusterImpl-941c324f-0157-4255-9475-d1e8b8c31c02/datanode-0/data/ratis/a2fdc612-7136-4d38-bb12-91c1353f4ed1
2019-07-13 07:24:45,974 INFO  server.RaftServerConfigKeys (ConfUtils.java:logGet(43)) - raft.server.log.queue.byte-limit = 2147483647 (custom)
2019-07-13 07:24:45,974 INFO  server.RaftServerConfigKeys (ConfUtils.java:logGet(43)) - raft.server.log.queue.element-limit = 1024 (custom)
2019-07-13 07:24:45,974 INFO  server.RaftServerConfigKeys (ConfUtils.java:logGet(43)) - raft.server.log.segment.size.max = 1048576 (custom)
2019-07-13 07:24:45,975 INFO  server.RaftServerConfigKeys (ConfUtils.java:logGet(43)) - raft.server.log.preallocated.size = 16384 (custom)
2019-07-13 07:24:45,975 INFO  server.RaftServerConfigKeys (ConfUtils.java:logGet(43)) - raft.server.log.write.buffer.size = 33554432 (custom)
2019-07-13 07:24:45,975 INFO  server.RaftServerConfigKeys (ConfUtils.java:logGet(43)) - raft.server.log.force.sync.num = 128 (default)
2019-07-13 07:24:45,975 INFO  server.RaftServerConfigKeys (ConfUtils.java:logGet(43)) - raft.server.log.statemachine.data.sync = true (default)
2019-07-13 07:24:45,975 INFO  server.RaftServerConfigKeys (ConfUtils.java:logGet(43)) - raft.server.log.statemachine.data.sync.timeout = 10s (default)
2019-07-13 07:24:45,975 INFO  server.RaftServerConfigKeys (ConfUtils.java:logGet(43)) - raft.server.log.statemachine.data.sync.timeout.retry = -1 (default)
2019-07-13 07:24:45,976 INFO  server.RaftServerConfigKeys (ConfUtils.java:logGet(43)) - raft.server.log.statemachine.data.caching.enabled = true (custom)
2019-07-13 07:24:45,976 INFO  segmented.SegmentedRaftLogWorker (SegmentedRaftLogWorker.java:lambda$new$0(132)) - 1a861c74-1484-402a-9ff9-9d6113d38ce4-SegmentedRaftLogWorker:Storage Directory /tmp/workdir/hadoop-ozone/integration-test/target/test-dir/MiniOzoneClusterImpl-941c324f-0157-4255-9475-d1e8b8c31c02/datanode-0/data/ratis/a2fdc612-7136-4d38-bb12-91c1353f4ed1: flushIndex: setUnconditionally 0 -> -1
2019-07-13 07:24:45,977 INFO  server.RaftServerConfigKeys (ConfUtils.java:logGet(43)) - raft.server.snapshot.auto.trigger.enabled = true (custom)
2019-07-13 07:24:45,977 INFO  server.RaftServerConfigKeys (ConfUtils.java:logGet(43)) - raft.server.snapshot.auto.trigger.threshold = 10000 (custom)
2019-07-13 07:24:45,977 INFO  server.RaftServerConfigKeys (ConfUtils.java:logGet(43)) - raft.server.retrycache.expirytime = 600000ms (custom)
2019-07-13 07:24:45,977 INFO  impl.RaftServerImpl (RaftServerImpl.java:start(180)) - 1a861c74-1484-402a-9ff9-9d6113d38ce4: start group-91C1353F4ED1
2019-07-13 07:24:45,977 INFO  impl.RaftServerImpl (RaftServerImpl.java:setRole(171)) - 1a861c74-1484-402a-9ff9-9d6113d38ce4:group-91C1353F4ED1 changes role from null to FOLLOWER at term 0 for startAsFollower
2019-07-13 07:24:45,978 INFO  impl.RoleInfo (RoleInfo.java:updateAndGet(143)) - 1a861c74-1484-402a-9ff9-9d6113d38ce4: start FollowerState
2019-07-13 07:24:45,978 INFO  util.JmxRegister (JmxRegister.java:tryRegister(44)) - Successfully registered JMX Bean with object name Ratis:service=RaftServer,group=group-91C1353F4ED1,id=1a861c74-1484-402a-9ff9-9d6113d38ce4
2019-07-13 07:24:45,981 INFO  pipeline.PipelineStateManager (PipelineStateManager.java:addPipeline(56)) - Created pipeline Pipeline[ Id: a2fdc612-7136-4d38-bb12-91c1353f4ed1, Nodes: 1a861c74-1484-402a-9ff9-9d6113d38ce4{ip: 192.168.69.84, host: trunk-nightly-9lh4p-2362225927, networkLocation: /default-rack, certSerialId: null}, Type:RATIS, Factor:ONE, State:OPEN]
2019-07-13 07:24:46,105 INFO  node.SCMNodeManager (SCMNodeManager.java:register(269)) - Registered Data node : c914261d-7132-4fca-86ff-e1ab4ebbf7be{ip: 192.168.69.84, host: trunk-nightly-9lh4p-2362225927, networkLocation: /default-rack, certSerialId: null}
2019-07-13 07:24:46,117 INFO  impl.RaftServerProxy (RaftServerProxy.java:addNew(89)) - c914261d-7132-4fca-86ff-e1ab4ebbf7be: addNew group-8D20CAFB8FEB:[c914261d-7132-4fca-86ff-e1ab4ebbf7be:192.168.69.84:46731] returns group-8D20CAFB8FEB:java.util.concurrent.CompletableFuture@1d4d79b5[Not completed]
2019-07-13 07:24:46,119 INFO  impl.RaftServerImpl (RaftServerImpl.java:<init>(93)) - c914261d-7132-4fca-86ff-e1ab4ebbf7be: new RaftServerImpl for group-8D20CAFB8FEB:[c914261d-7132-4fca-86ff-e1ab4ebbf7be:192.168.69.84:46731] with ContainerStateMachine:uninitialized
2019-07-13 07:24:46,119 INFO  server.RaftServerConfigKeys (ConfUtils.java:logGet(43)) - raft.server.rpc.timeout.min = 5s (custom)
2019-07-13 07:24:46,119 INFO  server.RaftServerConfigKeys (ConfUtils.java:logGet(43)) - raft.server.rpc.timeout.max = 5200ms (custom)
2019-07-13 07:24:46,119 INFO  server.RaftServerConfigKeys (ConfUtils.java:logGet(43)) - raft.server.rpcslowness.timeout = 120s (custom)
2019-07-13 07:24:46,119 INFO  server.RaftServerConfigKeys (ConfUtils.java:logGet(43)) - raft.server.sleep.deviation.threshold = 300 (default)
2019-07-13 07:24:46,119 INFO  server.RaftServerConfigKeys (ConfUtils.java:logGet(43)) - raft.server.log.appender.install.snapshot.enabled = false (custom)
2019-07-13 07:24:46,120 INFO  impl.RaftServerImpl (ServerState.java:<init>(105)) - c914261d-7132-4fca-86ff-e1ab4ebbf7be:group-8D20CAFB8FEB ConfigurationManager, init=-1: [c914261d-7132-4fca-86ff-e1ab4ebbf7be:192.168.69.84:46731], old=null, confs=<EMPTY_MAP>
2019-07-13 07:24:46,120 INFO  server.RaftServerConfigKeys (ConfUtils.java:logGet(43)) - raft.server.storage.dir = [/tmp/workdir/hadoop-ozone/integration-test/target/test-dir/MiniOzoneClusterImpl-941c324f-0157-4255-9475-d1e8b8c31c02/datanode-1/data/ratis] (custom)
2019-07-13 07:24:46,120 INFO  storage.RaftStorageDirectory (RaftStorageDirectory.java:analyzeStorage(246)) - The storage directory /tmp/workdir/hadoop-ozone/integration-test/target/test-dir/MiniOzoneClusterImpl-941c324f-0157-4255-9475-d1e8b8c31c02/datanode-1/data/ratis/23bb4fda-50c6-435e-a161-8d20cafb8feb does not exist. Creating ...
2019-07-13 07:24:46,134 INFO  storage.RaftStorageDirectory (RaftStorageDirectory.java:tryLock(328)) - Lock on /tmp/workdir/hadoop-ozone/integration-test/target/test-dir/MiniOzoneClusterImpl-941c324f-0157-4255-9475-d1e8b8c31c02/datanode-1/data/ratis/23bb4fda-50c6-435e-a161-8d20cafb8feb/in_use.lock acquired by nodename 15876@trunk-nightly-9lh4p-2362225927
2019-07-13 07:24:46,147 INFO  storage.RaftStorage (RaftStorage.java:format(72)) - Storage directory /tmp/workdir/hadoop-ozone/integration-test/target/test-dir/MiniOzoneClusterImpl-941c324f-0157-4255-9475-d1e8b8c31c02/datanode-1/data/ratis/23bb4fda-50c6-435e-a161-8d20cafb8feb has been successfully formatted.
2019-07-13 07:24:46,148 INFO  ratis.ContainerStateMachine (ContainerStateMachine.java:loadSnapshot(200)) - The snapshot info is null.Setting the last applied index to:(t:0, i:~)
2019-07-13 07:24:46,148 INFO  server.RaftServerConfigKeys (ConfUtils.java:logGet(43)) - raft.server.leader.election.timeout = 120s (custom)
2019-07-13 07:24:46,148 INFO  server.RaftServerConfigKeys (ConfUtils.java:logGet(43)) - raft.server.log.use.memory = false (default)
2019-07-13 07:24:46,148 INFO  server.RaftServerConfigKeys (ConfUtils.java:logGet(43)) - raft.server.log.purge.gap = 1000000000 (custom)
2019-07-13 07:24:46,148 INFO  server.RaftServerConfigKeys (ConfUtils.java:logGet(43)) - raft.server.log.appender.buffer.byte-limit = 33554432 (custom)
2019-07-13 07:24:46,148 INFO  server.RaftServerConfigKeys (ConfUtils.java:logGet(43)) - raft.server.log.segment.size.max = 1048576 (custom)
2019-07-13 07:24:46,149 INFO  server.RaftServerConfigKeys (ConfUtils.java:logGet(43)) - raft.server.log.segment.cache.num.max = 2 (custom)
2019-07-13 07:24:46,149 INFO  segmented.SegmentedRaftLogWorker (SegmentedRaftLogWorker.java:<init>(172)) - new c914261d-7132-4fca-86ff-e1ab4ebbf7be-SegmentedRaftLogWorker:Storage Directory /tmp/workdir/hadoop-ozone/integration-test/target/test-dir/MiniOzoneClusterImpl-941c324f-0157-4255-9475-d1e8b8c31c02/datanode-1/data/ratis/23bb4fda-50c6-435e-a161-8d20cafb8feb for RaftStorage:Storage Directory /tmp/workdir/hadoop-ozone/integration-test/target/test-dir/MiniOzoneClusterImpl-941c324f-0157-4255-9475-d1e8b8c31c02/datanode-1/data/ratis/23bb4fda-50c6-435e-a161-8d20cafb8feb
2019-07-13 07:24:46,149 INFO  server.RaftServerConfigKeys (ConfUtils.java:logGet(43)) - raft.server.log.queue.byte-limit = 2147483647 (custom)
2019-07-13 07:24:46,149 INFO  server.RaftServerConfigKeys (ConfUtils.java:logGet(43)) - raft.server.log.queue.element-limit = 1024 (custom)
2019-07-13 07:24:46,149 INFO  server.RaftServerConfigKeys (ConfUtils.java:logGet(43)) - raft.server.log.segment.size.max = 1048576 (custom)
2019-07-13 07:24:46,150 INFO  server.RaftServerConfigKeys (ConfUtils.java:logGet(43)) - raft.server.log.preallocated.size = 16384 (custom)
2019-07-13 07:24:46,150 INFO  server.RaftServerConfigKeys (ConfUtils.java:logGet(43)) - raft.server.log.write.buffer.size = 33554432 (custom)
2019-07-13 07:24:46,150 INFO  server.RaftServerConfigKeys (ConfUtils.java:logGet(43)) - raft.server.log.force.sync.num = 128 (default)
2019-07-13 07:24:46,150 INFO  server.RaftServerConfigKeys (ConfUtils.java:logGet(43)) - raft.server.log.statemachine.data.sync = true (default)
2019-07-13 07:24:46,150 INFO  server.RaftServerConfigKeys (ConfUtils.java:logGet(43)) - raft.server.log.statemachine.data.sync.timeout = 10s (default)
2019-07-13 07:24:46,150 INFO  server.RaftServerConfigKeys (ConfUtils.java:logGet(43)) - raft.server.log.statemachine.data.sync.timeout.retry = -1 (default)
2019-07-13 07:24:46,151 INFO  server.RaftServerConfigKeys (ConfUtils.java:logGet(43)) - raft.server.log.statemachine.data.caching.enabled = true (custom)
2019-07-13 07:24:46,151 INFO  segmented.SegmentedRaftLogWorker (SegmentedRaftLogWorker.java:lambda$new$0(132)) - c914261d-7132-4fca-86ff-e1ab4ebbf7be-SegmentedRaftLogWorker:Storage Directory /tmp/workdir/hadoop-ozone/integration-test/target/test-dir/MiniOzoneClusterImpl-941c324f-0157-4255-9475-d1e8b8c31c02/datanode-1/data/ratis/23bb4fda-50c6-435e-a161-8d20cafb8feb: flushIndex: setUnconditionally 0 -> -1
2019-07-13 07:24:46,151 INFO  server.RaftServerConfigKeys (ConfUtils.java:logGet(43)) - raft.server.snapshot.auto.trigger.enabled = true (custom)
2019-07-13 07:24:46,151 INFO  server.RaftServerConfigKeys (ConfUtils.java:logGet(43)) - raft.server.snapshot.auto.trigger.threshold = 10000 (custom)
2019-07-13 07:24:46,152 INFO  server.RaftServerConfigKeys (ConfUtils.java:logGet(43)) - raft.server.retrycache.expirytime = 600000ms (custom)
2019-07-13 07:24:46,152 INFO  impl.RaftServerImpl (RaftServerImpl.java:start(180)) - c914261d-7132-4fca-86ff-e1ab4ebbf7be: start group-8D20CAFB8FEB
2019-07-13 07:24:46,152 INFO  impl.RaftServerImpl (RaftServerImpl.java:setRole(171)) - c914261d-7132-4fca-86ff-e1ab4ebbf7be:group-8D20CAFB8FEB changes role from null to FOLLOWER at term 0 for startAsFollower
2019-07-13 07:24:46,152 INFO  impl.RoleInfo (RoleInfo.java:updateAndGet(143)) - c914261d-7132-4fca-86ff-e1ab4ebbf7be: start FollowerState
2019-07-13 07:24:46,153 INFO  util.JmxRegister (JmxRegister.java:tryRegister(44)) - Successfully registered JMX Bean with object name Ratis:service=RaftServer,group=group-8D20CAFB8FEB,id=c914261d-7132-4fca-86ff-e1ab4ebbf7be
2019-07-13 07:24:46,155 INFO  pipeline.PipelineStateManager (PipelineStateManager.java:addPipeline(56)) - Created pipeline Pipeline[ Id: 23bb4fda-50c6-435e-a161-8d20cafb8feb, Nodes: c914261d-7132-4fca-86ff-e1ab4ebbf7be{ip: 192.168.69.84, host: trunk-nightly-9lh4p-2362225927, networkLocation: /default-rack, certSerialId: null}, Type:RATIS, Factor:ONE, State:OPEN]
2019-07-13 07:24:46,294 INFO  node.SCMNodeManager (SCMNodeManager.java:register(269)) - Registered Data node : e7a9de48-873e-48a5-b9f6-7a4625dd6b0b{ip: 192.168.69.84, host: trunk-nightly-9lh4p-2362225927, networkLocation: /default-rack, certSerialId: null}
2019-07-13 07:24:46,308 INFO  impl.RaftServerProxy (RaftServerProxy.java:addNew(89)) - e7a9de48-873e-48a5-b9f6-7a4625dd6b0b: addNew group-32B6B5C6CEA8:[e7a9de48-873e-48a5-b9f6-7a4625dd6b0b:192.168.69.84:46001] returns group-32B6B5C6CEA8:java.util.concurrent.CompletableFuture@540b640[Not completed]
2019-07-13 07:24:46,309 INFO  impl.RaftServerImpl (RaftServerImpl.java:<init>(93)) - e7a9de48-873e-48a5-b9f6-7a4625dd6b0b: new RaftServerImpl for group-32B6B5C6CEA8:[e7a9de48-873e-48a5-b9f6-7a4625dd6b0b:192.168.69.84:46001] with ContainerStateMachine:uninitialized
2019-07-13 07:24:46,309 INFO  server.RaftServerConfigKeys (ConfUtils.java:logGet(43)) - raft.server.rpc.timeout.min = 5s (custom)
2019-07-13 07:24:46,309 INFO  server.RaftServerConfigKeys (ConfUtils.java:logGet(43)) - raft.server.rpc.timeout.max = 5200ms (custom)
2019-07-13 07:24:46,310 INFO  server.RaftServerConfigKeys (ConfUtils.java:logGet(43)) - raft.server.rpcslowness.timeout = 120s (custom)
2019-07-13 07:24:46,310 INFO  server.RaftServerConfigKeys (ConfUtils.java:logGet(43)) - raft.server.sleep.deviation.threshold = 300 (default)
2019-07-13 07:24:46,310 INFO  server.RaftServerConfigKeys (ConfUtils.java:logGet(43)) - raft.server.log.appender.install.snapshot.enabled = false (custom)
2019-07-13 07:24:46,310 INFO  impl.RaftServerImpl (ServerState.java:<init>(105)) - e7a9de48-873e-48a5-b9f6-7a4625dd6b0b:group-32B6B5C6CEA8 ConfigurationManager, init=-1: [e7a9de48-873e-48a5-b9f6-7a4625dd6b0b:192.168.69.84:46001], old=null, confs=<EMPTY_MAP>
2019-07-13 07:24:46,310 INFO  server.RaftServerConfigKeys (ConfUtils.java:logGet(43)) - raft.server.storage.dir = [/tmp/workdir/hadoop-ozone/integration-test/target/test-dir/MiniOzoneClusterImpl-941c324f-0157-4255-9475-d1e8b8c31c02/datanode-2/data/ratis] (custom)
2019-07-13 07:24:46,311 INFO  storage.RaftStorageDirectory (RaftStorageDirectory.java:analyzeStorage(246)) - The storage directory /tmp/workdir/hadoop-ozone/integration-test/target/test-dir/MiniOzoneClusterImpl-941c324f-0157-4255-9475-d1e8b8c31c02/datanode-2/data/ratis/df8a3ac5-0b46-4196-a648-32b6b5c6cea8 does not exist. Creating ...
2019-07-13 07:24:46,324 INFO  storage.RaftStorageDirectory (RaftStorageDirectory.java:tryLock(328)) - Lock on /tmp/workdir/hadoop-ozone/integration-test/target/test-dir/MiniOzoneClusterImpl-941c324f-0157-4255-9475-d1e8b8c31c02/datanode-2/data/ratis/df8a3ac5-0b46-4196-a648-32b6b5c6cea8/in_use.lock acquired by nodename 15876@trunk-nightly-9lh4p-2362225927
2019-07-13 07:24:46,337 INFO  storage.RaftStorage (RaftStorage.java:format(72)) - Storage directory /tmp/workdir/hadoop-ozone/integration-test/target/test-dir/MiniOzoneClusterImpl-941c324f-0157-4255-9475-d1e8b8c31c02/datanode-2/data/ratis/df8a3ac5-0b46-4196-a648-32b6b5c6cea8 has been successfully formatted.
2019-07-13 07:24:46,338 INFO  ratis.ContainerStateMachine (ContainerStateMachine.java:loadSnapshot(200)) - The snapshot info is null.Setting the last applied index to:(t:0, i:~)
2019-07-13 07:24:46,338 INFO  server.RaftServerConfigKeys (ConfUtils.java:logGet(43)) - raft.server.leader.election.timeout = 120s (custom)
2019-07-13 07:24:46,338 INFO  server.RaftServerConfigKeys (ConfUtils.java:logGet(43)) - raft.server.log.use.memory = false (default)
2019-07-13 07:24:46,338 INFO  server.RaftServerConfigKeys (ConfUtils.java:logGet(43)) - raft.server.log.purge.gap = 1000000000 (custom)
2019-07-13 07:24:46,338 INFO  server.RaftServerConfigKeys (ConfUtils.java:logGet(43)) - raft.server.log.appender.buffer.byte-limit = 33554432 (custom)
2019-07-13 07:24:46,339 INFO  server.RaftServerConfigKeys (ConfUtils.java:logGet(43)) - raft.server.log.segment.size.max = 1048576 (custom)
2019-07-13 07:24:46,339 INFO  server.RaftServerConfigKeys (ConfUtils.java:logGet(43)) - raft.server.log.segment.cache.num.max = 2 (custom)
2019-07-13 07:24:46,339 INFO  segmented.SegmentedRaftLogWorker (SegmentedRaftLogWorker.java:<init>(172)) - new e7a9de48-873e-48a5-b9f6-7a4625dd6b0b-SegmentedRaftLogWorker:Storage Directory /tmp/workdir/hadoop-ozone/integration-test/target/test-dir/MiniOzoneClusterImpl-941c324f-0157-4255-9475-d1e8b8c31c02/datanode-2/data/ratis/df8a3ac5-0b46-4196-a648-32b6b5c6cea8 for RaftStorage:Storage Directory /tmp/workdir/hadoop-ozone/integration-test/target/test-dir/MiniOzoneClusterImpl-941c324f-0157-4255-9475-d1e8b8c31c02/datanode-2/data/ratis/df8a3ac5-0b46-4196-a648-32b6b5c6cea8
2019-07-13 07:24:46,339 INFO  server.RaftServerConfigKeys (ConfUtils.java:logGet(43)) - raft.server.log.queue.byte-limit = 2147483647 (custom)
2019-07-13 07:24:46,339 INFO  server.RaftServerConfigKeys (ConfUtils.java:logGet(43)) - raft.server.log.queue.element-limit = 1024 (custom)
2019-07-13 07:24:46,340 INFO  server.RaftServerConfigKeys (ConfUtils.java:logGet(43)) - raft.server.log.segment.size.max = 1048576 (custom)
2019-07-13 07:24:46,340 INFO  server.RaftServerConfigKeys (ConfUtils.java:logGet(43)) - raft.server.log.preallocated.size = 16384 (custom)
2019-07-13 07:24:46,340 INFO  server.RaftServerConfigKeys (ConfUtils.java:logGet(43)) - raft.server.log.write.buffer.size = 33554432 (custom)
2019-07-13 07:24:46,340 INFO  server.RaftServerConfigKeys (ConfUtils.java:logGet(43)) - raft.server.log.force.sync.num = 128 (default)
2019-07-13 07:24:46,340 INFO  server.RaftServerConfigKeys (ConfUtils.java:logGet(43)) - raft.server.log.statemachine.data.sync = true (default)
2019-07-13 07:24:46,340 INFO  server.RaftServerConfigKeys (ConfUtils.java:logGet(43)) - raft.server.log.statemachine.data.sync.timeout = 10s (default)
2019-07-13 07:24:46,340 INFO  server.RaftServerConfigKeys (ConfUtils.java:logGet(43)) - raft.server.log.statemachine.data.sync.timeout.retry = -1 (default)
2019-07-13 07:24:46,341 INFO  server.RaftServerConfigKeys (ConfUtils.java:logGet(43)) - raft.server.log.statemachine.data.caching.enabled = true (custom)
2019-07-13 07:24:46,341 INFO  segmented.SegmentedRaftLogWorker (SegmentedRaftLogWorker.java:lambda$new$0(132)) - e7a9de48-873e-48a5-b9f6-7a4625dd6b0b-SegmentedRaftLogWorker:Storage Directory /tmp/workdir/hadoop-ozone/integration-test/target/test-dir/MiniOzoneClusterImpl-941c324f-0157-4255-9475-d1e8b8c31c02/datanode-2/data/ratis/df8a3ac5-0b46-4196-a648-32b6b5c6cea8: flushIndex: setUnconditionally 0 -> -1
2019-07-13 07:24:46,342 INFO  server.RaftServerConfigKeys (ConfUtils.java:logGet(43)) - raft.server.snapshot.auto.trigger.enabled = true (custom)
2019-07-13 07:24:46,342 INFO  server.RaftServerConfigKeys (ConfUtils.java:logGet(43)) - raft.server.snapshot.auto.trigger.threshold = 10000 (custom)
2019-07-13 07:24:46,342 INFO  server.RaftServerConfigKeys (ConfUtils.java:logGet(43)) - raft.server.retrycache.expirytime = 600000ms (custom)
2019-07-13 07:24:46,342 INFO  impl.RaftServerImpl (RaftServerImpl.java:start(180)) - e7a9de48-873e-48a5-b9f6-7a4625dd6b0b: start group-32B6B5C6CEA8
2019-07-13 07:24:46,342 INFO  impl.RaftServerImpl (RaftServerImpl.java:setRole(171)) - e7a9de48-873e-48a5-b9f6-7a4625dd6b0b:group-32B6B5C6CEA8 changes role from null to FOLLOWER at term 0 for startAsFollower
2019-07-13 07:24:46,343 INFO  impl.RoleInfo (RoleInfo.java:updateAndGet(143)) - e7a9de48-873e-48a5-b9f6-7a4625dd6b0b: start FollowerState
2019-07-13 07:24:46,343 INFO  util.JmxRegister (JmxRegister.java:tryRegister(44)) - Successfully registered JMX Bean with object name Ratis:service=RaftServer,group=group-32B6B5C6CEA8,id=e7a9de48-873e-48a5-b9f6-7a4625dd6b0b
2019-07-13 07:24:46,345 INFO  pipeline.PipelineStateManager (PipelineStateManager.java:addPipeline(56)) - Created pipeline Pipeline[ Id: df8a3ac5-0b46-4196-a648-32b6b5c6cea8, Nodes: e7a9de48-873e-48a5-b9f6-7a4625dd6b0b{ip: 192.168.69.84, host: trunk-nightly-9lh4p-2362225927, networkLocation: /default-rack, certSerialId: null}, Type:RATIS, Factor:ONE, State:OPEN]
2019-07-13 07:24:46,430 INFO  impl.RaftServerProxy (RaftServerProxy.java:addNew(89)) - c914261d-7132-4fca-86ff-e1ab4ebbf7be: addNew group-209CBD3109F0:[e7a9de48-873e-48a5-b9f6-7a4625dd6b0b:192.168.69.84:46001, c914261d-7132-4fca-86ff-e1ab4ebbf7be:192.168.69.84:46731, 1a861c74-1484-402a-9ff9-9d6113d38ce4:192.168.69.84:38340] returns group-209CBD3109F0:java.util.concurrent.CompletableFuture@187a5ac1[Not completed]
2019-07-13 07:24:46,430 INFO  impl.RaftServerProxy (RaftServerProxy.java:addNew(89)) - e7a9de48-873e-48a5-b9f6-7a4625dd6b0b: addNew group-209CBD3109F0:[e7a9de48-873e-48a5-b9f6-7a4625dd6b0b:192.168.69.84:46001, c914261d-7132-4fca-86ff-e1ab4ebbf7be:192.168.69.84:46731, 1a861c74-1484-402a-9ff9-9d6113d38ce4:192.168.69.84:38340] returns group-209CBD3109F0:java.util.concurrent.CompletableFuture@4b5736e6[Not completed]
2019-07-13 07:24:46,430 INFO  impl.RaftServerProxy (RaftServerProxy.java:addNew(89)) - 1a861c74-1484-402a-9ff9-9d6113d38ce4: addNew group-209CBD3109F0:[e7a9de48-873e-48a5-b9f6-7a4625dd6b0b:192.168.69.84:46001, c914261d-7132-4fca-86ff-e1ab4ebbf7be:192.168.69.84:46731, 1a861c74-1484-402a-9ff9-9d6113d38ce4:192.168.69.84:38340] returns group-209CBD3109F0:java.util.concurrent.CompletableFuture@108a4ba9[Not completed]
2019-07-13 07:24:46,431 INFO  impl.RaftServerImpl (RaftServerImpl.java:<init>(93)) - c914261d-7132-4fca-86ff-e1ab4ebbf7be: new RaftServerImpl for group-209CBD3109F0:[e7a9de48-873e-48a5-b9f6-7a4625dd6b0b:192.168.69.84:46001, c914261d-7132-4fca-86ff-e1ab4ebbf7be:192.168.69.84:46731, 1a861c74-1484-402a-9ff9-9d6113d38ce4:192.168.69.84:38340] with ContainerStateMachine:uninitialized
2019-07-13 07:24:46,431 INFO  server.RaftServerConfigKeys (ConfUtils.java:logGet(43)) - raft.server.rpc.timeout.min = 5s (custom)
2019-07-13 07:24:46,431 INFO  server.RaftServerConfigKeys (ConfUtils.java:logGet(43)) - raft.server.rpc.timeout.max = 5200ms (custom)
2019-07-13 07:24:46,432 INFO  server.RaftServerConfigKeys (ConfUtils.java:logGet(43)) - raft.server.rpcslowness.timeout = 120s (custom)
2019-07-13 07:24:46,432 INFO  server.RaftServerConfigKeys (ConfUtils.java:logGet(43)) - raft.server.sleep.deviation.threshold = 300 (default)
2019-07-13 07:24:46,432 INFO  impl.RaftServerImpl (RaftServerImpl.java:<init>(93)) - 1a861c74-1484-402a-9ff9-9d6113d38ce4: new RaftServerImpl for group-209CBD3109F0:[e7a9de48-873e-48a5-b9f6-7a4625dd6b0b:192.168.69.84:46001, c914261d-7132-4fca-86ff-e1ab4ebbf7be:192.168.69.84:46731, 1a861c74-1484-402a-9ff9-9d6113d38ce4:192.168.69.84:38340] with ContainerStateMachine:uninitialized
2019-07-13 07:24:46,432 INFO  server.RaftServerConfigKeys (ConfUtils.java:logGet(43)) - raft.server.log.appender.install.snapshot.enabled = false (custom)
2019-07-13 07:24:46,432 INFO  server.RaftServerConfigKeys (ConfUtils.java:logGet(43)) - raft.server.rpc.timeout.min = 5s (custom)
2019-07-13 07:24:46,432 INFO  impl.RaftServerImpl (ServerState.java:<init>(105)) - c914261d-7132-4fca-86ff-e1ab4ebbf7be:group-209CBD3109F0 ConfigurationManager, init=-1: [e7a9de48-873e-48a5-b9f6-7a4625dd6b0b:192.168.69.84:46001, c914261d-7132-4fca-86ff-e1ab4ebbf7be:192.168.69.84:46731, 1a861c74-1484-402a-9ff9-9d6113d38ce4:192.168.69.84:38340], old=null, confs=<EMPTY_MAP>
2019-07-13 07:24:46,432 INFO  impl.RaftServerImpl (RaftServerImpl.java:<init>(93)) - e7a9de48-873e-48a5-b9f6-7a4625dd6b0b: new RaftServerImpl for group-209CBD3109F0:[e7a9de48-873e-48a5-b9f6-7a4625dd6b0b:192.168.69.84:46001, c914261d-7132-4fca-86ff-e1ab4ebbf7be:192.168.69.84:46731, 1a861c74-1484-402a-9ff9-9d6113d38ce4:192.168.69.84:38340] with ContainerStateMachine:uninitialized
2019-07-13 07:24:46,433 INFO  server.RaftServerConfigKeys (ConfUtils.java:logGet(43)) - raft.server.storage.dir = [/tmp/workdir/hadoop-ozone/integration-test/target/test-dir/MiniOzoneClusterImpl-941c324f-0157-4255-9475-d1e8b8c31c02/datanode-1/data/ratis] (custom)
2019-07-13 07:24:46,432 INFO  server.RaftServerConfigKeys (ConfUtils.java:logGet(43)) - raft.server.rpc.timeout.max = 5200ms (custom)
2019-07-13 07:24:46,433 INFO  server.RaftServerConfigKeys (ConfUtils.java:logGet(43)) - raft.server.rpc.timeout.min = 5s (custom)
2019-07-13 07:24:46,433 INFO  storage.RaftStorageDirectory (RaftStorageDirectory.java:analyzeStorage(246)) - The storage directory /tmp/workdir/hadoop-ozone/integration-test/target/test-dir/MiniOzoneClusterImpl-941c324f-0157-4255-9475-d1e8b8c31c02/datanode-1/data/ratis/a89d6e8d-924b-4872-8f34-209cbd3109f0 does not exist. Creating ...
2019-07-13 07:24:46,433 INFO  server.RaftServerConfigKeys (ConfUtils.java:logGet(43)) - raft.server.rpcslowness.timeout = 120s (custom)
2019-07-13 07:24:46,433 INFO  server.RaftServerConfigKeys (ConfUtils.java:logGet(43)) - raft.server.rpc.timeout.max = 5200ms (custom)
2019-07-13 07:24:46,433 INFO  server.RaftServerConfigKeys (ConfUtils.java:logGet(43)) - raft.server.sleep.deviation.threshold = 300 (default)
2019-07-13 07:24:46,434 INFO  server.RaftServerConfigKeys (ConfUtils.java:logGet(43)) - raft.server.rpcslowness.timeout = 120s (custom)
2019-07-13 07:24:46,434 INFO  server.RaftServerConfigKeys (ConfUtils.java:logGet(43)) - raft.server.log.appender.install.snapshot.enabled = false (custom)
2019-07-13 07:24:46,434 INFO  server.RaftServerConfigKeys (ConfUtils.java:logGet(43)) - raft.server.sleep.deviation.threshold = 300 (default)
2019-07-13 07:24:46,434 INFO  impl.RaftServerImpl (ServerState.java:<init>(105)) - 1a861c74-1484-402a-9ff9-9d6113d38ce4:group-209CBD3109F0 ConfigurationManager, init=-1: [e7a9de48-873e-48a5-b9f6-7a4625dd6b0b:192.168.69.84:46001, c914261d-7132-4fca-86ff-e1ab4ebbf7be:192.168.69.84:46731, 1a861c74-1484-402a-9ff9-9d6113d38ce4:192.168.69.84:38340], old=null, confs=<EMPTY_MAP>
2019-07-13 07:24:46,434 INFO  server.RaftServerConfigKeys (ConfUtils.java:logGet(43)) - raft.server.log.appender.install.snapshot.enabled = false (custom)
2019-07-13 07:24:46,434 INFO  server.RaftServerConfigKeys (ConfUtils.java:logGet(43)) - raft.server.storage.dir = [/tmp/workdir/hadoop-ozone/integration-test/target/test-dir/MiniOzoneClusterImpl-941c324f-0157-4255-9475-d1e8b8c31c02/datanode-0/data/ratis] (custom)
2019-07-13 07:24:46,434 INFO  impl.RaftServerImpl (ServerState.java:<init>(105)) - e7a9de48-873e-48a5-b9f6-7a4625dd6b0b:group-209CBD3109F0 ConfigurationManager, init=-1: [e7a9de48-873e-48a5-b9f6-7a4625dd6b0b:192.168.69.84:46001, c914261d-7132-4fca-86ff-e1ab4ebbf7be:192.168.69.84:46731, 1a861c74-1484-402a-9ff9-9d6113d38ce4:192.168.69.84:38340], old=null, confs=<EMPTY_MAP>
2019-07-13 07:24:46,435 INFO  server.RaftServerConfigKeys (ConfUtils.java:logGet(43)) - raft.server.storage.dir = [/tmp/workdir/hadoop-ozone/integration-test/target/test-dir/MiniOzoneClusterImpl-941c324f-0157-4255-9475-d1e8b8c31c02/datanode-2/data/ratis] (custom)
2019-07-13 07:24:46,435 INFO  storage.RaftStorageDirectory (RaftStorageDirectory.java:analyzeStorage(246)) - The storage directory /tmp/workdir/hadoop-ozone/integration-test/target/test-dir/MiniOzoneClusterImpl-941c324f-0157-4255-9475-d1e8b8c31c02/datanode-0/data/ratis/a89d6e8d-924b-4872-8f34-209cbd3109f0 does not exist. Creating ...
2019-07-13 07:24:46,435 INFO  storage.RaftStorageDirectory (RaftStorageDirectory.java:analyzeStorage(246)) - The storage directory /tmp/workdir/hadoop-ozone/integration-test/target/test-dir/MiniOzoneClusterImpl-941c324f-0157-4255-9475-d1e8b8c31c02/datanode-2/data/ratis/a89d6e8d-924b-4872-8f34-209cbd3109f0 does not exist. Creating ...
2019-07-13 07:24:46,447 INFO  storage.RaftStorageDirectory (RaftStorageDirectory.java:tryLock(328)) - Lock on /tmp/workdir/hadoop-ozone/integration-test/target/test-dir/MiniOzoneClusterImpl-941c324f-0157-4255-9475-d1e8b8c31c02/datanode-0/data/ratis/a89d6e8d-924b-4872-8f34-209cbd3109f0/in_use.lock acquired by nodename 15876@trunk-nightly-9lh4p-2362225927
2019-07-13 07:24:46,447 INFO  storage.RaftStorageDirectory (RaftStorageDirectory.java:tryLock(328)) - Lock on /tmp/workdir/hadoop-ozone/integration-test/target/test-dir/MiniOzoneClusterImpl-941c324f-0157-4255-9475-d1e8b8c31c02/datanode-1/data/ratis/a89d6e8d-924b-4872-8f34-209cbd3109f0/in_use.lock acquired by nodename 15876@trunk-nightly-9lh4p-2362225927
2019-07-13 07:24:46,447 INFO  storage.RaftStorageDirectory (RaftStorageDirectory.java:tryLock(328)) - Lock on /tmp/workdir/hadoop-ozone/integration-test/target/test-dir/MiniOzoneClusterImpl-941c324f-0157-4255-9475-d1e8b8c31c02/datanode-2/data/ratis/a89d6e8d-924b-4872-8f34-209cbd3109f0/in_use.lock acquired by nodename 15876@trunk-nightly-9lh4p-2362225927
2019-07-13 07:24:46,461 INFO  storage.RaftStorage (RaftStorage.java:format(72)) - Storage directory /tmp/workdir/hadoop-ozone/integration-test/target/test-dir/MiniOzoneClusterImpl-941c324f-0157-4255-9475-d1e8b8c31c02/datanode-2/data/ratis/a89d6e8d-924b-4872-8f34-209cbd3109f0 has been successfully formatted.
2019-07-13 07:24:46,461 INFO  storage.RaftStorage (RaftStorage.java:format(72)) - Storage directory /tmp/workdir/hadoop-ozone/integration-test/target/test-dir/MiniOzoneClusterImpl-941c324f-0157-4255-9475-d1e8b8c31c02/datanode-1/data/ratis/a89d6e8d-924b-4872-8f34-209cbd3109f0 has been successfully formatted.
2019-07-13 07:24:46,461 INFO  storage.RaftStorage (RaftStorage.java:format(72)) - Storage directory /tmp/workdir/hadoop-ozone/integration-test/target/test-dir/MiniOzoneClusterImpl-941c324f-0157-4255-9475-d1e8b8c31c02/datanode-0/data/ratis/a89d6e8d-924b-4872-8f34-209cbd3109f0 has been successfully formatted.
2019-07-13 07:24:46,461 INFO  ratis.ContainerStateMachine (ContainerStateMachine.java:loadSnapshot(200)) - The snapshot info is null.Setting the last applied index to:(t:0, i:~)
2019-07-13 07:24:46,462 INFO  ratis.ContainerStateMachine (ContainerStateMachine.java:loadSnapshot(200)) - The snapshot info is null.Setting the last applied index to:(t:0, i:~)
2019-07-13 07:24:46,461 INFO  ratis.ContainerStateMachine (ContainerStateMachine.java:loadSnapshot(200)) - The snapshot info is null.Setting the last applied index to:(t:0, i:~)
2019-07-13 07:24:46,462 INFO  server.RaftServerConfigKeys (ConfUtils.java:logGet(43)) - raft.server.leader.election.timeout = 120s (custom)
2019-07-13 07:24:46,462 INFO  server.RaftServerConfigKeys (ConfUtils.java:logGet(43)) - raft.server.log.use.memory = false (default)
2019-07-13 07:24:46,462 INFO  server.RaftServerConfigKeys (ConfUtils.java:logGet(43)) - raft.server.leader.election.timeout = 120s (custom)
2019-07-13 07:24:46,462 INFO  server.RaftServerConfigKeys (ConfUtils.java:logGet(43)) - raft.server.log.purge.gap = 1000000000 (custom)
2019-07-13 07:24:46,462 INFO  server.RaftServerConfigKeys (ConfUtils.java:logGet(43)) - raft.server.leader.election.timeout = 120s (custom)
2019-07-13 07:24:46,463 INFO  server.RaftServerConfigKeys (ConfUtils.java:logGet(43)) - raft.server.log.appender.buffer.byte-limit = 33554432 (custom)
2019-07-13 07:24:46,462 INFO  server.RaftServerConfigKeys (ConfUtils.java:logGet(43)) - raft.server.log.use.memory = false (default)
2019-07-13 07:24:46,463 INFO  server.RaftServerConfigKeys (ConfUtils.java:logGet(43)) - raft.server.log.segment.size.max = 1048576 (custom)
2019-07-13 07:24:46,463 INFO  server.RaftServerConfigKeys (ConfUtils.java:logGet(43)) - raft.server.log.segment.cache.num.max = 2 (custom)
2019-07-13 07:24:46,463 INFO  server.RaftServerConfigKeys (ConfUtils.java:logGet(43)) - raft.server.log.use.memory = false (default)
2019-07-13 07:24:46,463 INFO  segmented.SegmentedRaftLogWorker (SegmentedRaftLogWorker.java:<init>(172)) - new 1a861c74-1484-402a-9ff9-9d6113d38ce4-SegmentedRaftLogWorker:Storage Directory /tmp/workdir/hadoop-ozone/integration-test/target/test-dir/MiniOzoneClusterImpl-941c324f-0157-4255-9475-d1e8b8c31c02/datanode-0/data/ratis/a89d6e8d-924b-4872-8f34-209cbd3109f0 for RaftStorage:Storage Directory /tmp/workdir/hadoop-ozone/integration-test/target/test-dir/MiniOzoneClusterImpl-941c324f-0157-4255-9475-d1e8b8c31c02/datanode-0/data/ratis/a89d6e8d-924b-4872-8f34-209cbd3109f0
2019-07-13 07:24:46,463 INFO  server.RaftServerConfigKeys (ConfUtils.java:logGet(43)) - raft.server.log.purge.gap = 1000000000 (custom)
2019-07-13 07:24:46,464 INFO  server.RaftServerConfigKeys (ConfUtils.java:logGet(43)) - raft.server.log.queue.byte-limit = 2147483647 (custom)
2019-07-13 07:24:46,464 INFO  server.RaftServerConfigKeys (ConfUtils.java:logGet(43)) - raft.server.log.purge.gap = 1000000000 (custom)
2019-07-13 07:24:46,464 INFO  server.RaftServerConfigKeys (ConfUtils.java:logGet(43)) - raft.server.log.queue.element-limit = 1024 (custom)
2019-07-13 07:24:46,464 INFO  server.RaftServerConfigKeys (ConfUtils.java:logGet(43)) - raft.server.log.appender.buffer.byte-limit = 33554432 (custom)
2019-07-13 07:24:46,464 INFO  server.RaftServerConfigKeys (ConfUtils.java:logGet(43)) - raft.server.log.segment.size.max = 1048576 (custom)
2019-07-13 07:24:46,465 INFO  server.RaftServerConfigKeys (ConfUtils.java:logGet(43)) - raft.server.log.preallocated.size = 16384 (custom)
2019-07-13 07:24:46,464 INFO  server.RaftServerConfigKeys (ConfUtils.java:logGet(43)) - raft.server.log.appender.buffer.byte-limit = 33554432 (custom)
2019-07-13 07:24:46,465 INFO  server.RaftServerConfigKeys (ConfUtils.java:logGet(43)) - raft.server.log.write.buffer.size = 33554432 (custom)
2019-07-13 07:24:46,465 INFO  server.RaftServerConfigKeys (ConfUtils.java:logGet(43)) - raft.server.log.force.sync.num = 128 (default)
2019-07-13 07:24:46,465 INFO  server.RaftServerConfigKeys (ConfUtils.java:logGet(43)) - raft.server.log.segment.size.max = 1048576 (custom)
2019-07-13 07:24:46,465 INFO  server.RaftServerConfigKeys (ConfUtils.java:logGet(43)) - raft.server.log.statemachine.data.sync = true (default)
2019-07-13 07:24:46,465 INFO  server.RaftServerConfigKeys (ConfUtils.java:logGet(43)) - raft.server.log.segment.size.max = 1048576 (custom)
2019-07-13 07:24:46,466 INFO  server.RaftServerConfigKeys (ConfUtils.java:logGet(43)) - raft.server.log.statemachine.data.sync.timeout = 10s (default)
2019-07-13 07:24:46,465 INFO  server.RaftServerConfigKeys (ConfUtils.java:logGet(43)) - raft.server.log.segment.cache.num.max = 2 (custom)
2019-07-13 07:24:46,466 INFO  server.RaftServerConfigKeys (ConfUtils.java:logGet(43)) - raft.server.log.statemachine.data.sync.timeout.retry = -1 (default)
2019-07-13 07:24:46,466 INFO  server.RaftServerConfigKeys (ConfUtils.java:logGet(43)) - raft.server.log.segment.cache.num.max = 2 (custom)
2019-07-13 07:24:46,466 INFO  server.RaftServerConfigKeys (ConfUtils.java:logGet(43)) - raft.server.log.statemachine.data.caching.enabled = true (custom)
2019-07-13 07:24:46,466 INFO  segmented.SegmentedRaftLogWorker (SegmentedRaftLogWorker.java:<init>(172)) - new c914261d-7132-4fca-86ff-e1ab4ebbf7be-SegmentedRaftLogWorker:Storage Directory /tmp/workdir/hadoop-ozone/integration-test/target/test-dir/MiniOzoneClusterImpl-941c324f-0157-4255-9475-d1e8b8c31c02/datanode-1/data/ratis/a89d6e8d-924b-4872-8f34-209cbd3109f0 for RaftStorage:Storage Directory /tmp/workdir/hadoop-ozone/integration-test/target/test-dir/MiniOzoneClusterImpl-941c324f-0157-4255-9475-d1e8b8c31c02/datanode-1/data/ratis/a89d6e8d-924b-4872-8f34-209cbd3109f0
2019-07-13 07:24:46,467 INFO  segmented.SegmentedRaftLogWorker (SegmentedRaftLogWorker.java:<init>(172)) - new e7a9de48-873e-48a5-b9f6-7a4625dd6b0b-SegmentedRaftLogWorker:Storage Directory /tmp/workdir/hadoop-ozone/integration-test/target/test-dir/MiniOzoneClusterImpl-941c324f-0157-4255-9475-d1e8b8c31c02/datanode-2/data/ratis/a89d6e8d-924b-4872-8f34-209cbd3109f0 for RaftStorage:Storage Directory /tmp/workdir/hadoop-ozone/integration-test/target/test-dir/MiniOzoneClusterImpl-941c324f-0157-4255-9475-d1e8b8c31c02/datanode-2/data/ratis/a89d6e8d-924b-4872-8f34-209cbd3109f0
2019-07-13 07:24:46,467 INFO  segmented.SegmentedRaftLogWorker (SegmentedRaftLogWorker.java:lambda$new$0(132)) - 1a861c74-1484-402a-9ff9-9d6113d38ce4-SegmentedRaftLogWorker:Storage Directory /tmp/workdir/hadoop-ozone/integration-test/target/test-dir/MiniOzoneClusterImpl-941c324f-0157-4255-9475-d1e8b8c31c02/datanode-0/data/ratis/a89d6e8d-924b-4872-8f34-209cbd3109f0: flushIndex: setUnconditionally 0 -> -1
2019-07-13 07:24:46,467 INFO  server.RaftServerConfigKeys (ConfUtils.java:logGet(43)) - raft.server.log.queue.byte-limit = 2147483647 (custom)
2019-07-13 07:24:46,467 INFO  server.RaftServerConfigKeys (ConfUtils.java:logGet(43)) - raft.server.log.queue.element-limit = 1024 (custom)
2019-07-13 07:24:46,468 INFO  server.RaftServerConfigKeys (ConfUtils.java:logGet(43)) - raft.server.snapshot.auto.trigger.enabled = true (custom)
2019-07-13 07:24:46,467 INFO  server.RaftServerConfigKeys (ConfUtils.java:logGet(43)) - raft.server.log.queue.byte-limit = 2147483647 (custom)
2019-07-13 07:24:46,468 INFO  server.RaftServerConfigKeys (ConfUtils.java:logGet(43)) - raft.server.snapshot.auto.trigger.threshold = 10000 (custom)
2019-07-13 07:24:46,468 INFO  server.RaftServerConfigKeys (ConfUtils.java:logGet(43)) - raft.server.log.segment.size.max = 1048576 (custom)
2019-07-13 07:24:46,468 INFO  server.RaftServerConfigKeys (ConfUtils.java:logGet(43)) - raft.server.retrycache.expirytime = 600000ms (custom)
2019-07-13 07:24:46,468 INFO  server.RaftServerConfigKeys (ConfUtils.java:logGet(43)) - raft.server.log.queue.element-limit = 1024 (custom)
2019-07-13 07:24:46,469 INFO  impl.RaftServerImpl (RaftServerImpl.java:start(180)) - 1a861c74-1484-402a-9ff9-9d6113d38ce4: start group-209CBD3109F0
2019-07-13 07:24:46,468 INFO  server.RaftServerConfigKeys (ConfUtils.java:logGet(43)) - raft.server.log.preallocated.size = 16384 (custom)
2019-07-13 07:24:46,469 INFO  impl.RaftServerImpl (RaftServerImpl.java:setRole(171)) - 1a861c74-1484-402a-9ff9-9d6113d38ce4:group-209CBD3109F0 changes role from null to FOLLOWER at term 0 for startAsFollower
2019-07-13 07:24:46,469 INFO  server.RaftServerConfigKeys (ConfUtils.java:logGet(43)) - raft.server.log.segment.size.max = 1048576 (custom)
2019-07-13 07:24:46,469 INFO  impl.RoleInfo (RoleInfo.java:updateAndGet(143)) - 1a861c74-1484-402a-9ff9-9d6113d38ce4: start FollowerState
2019-07-13 07:24:46,469 INFO  server.RaftServerConfigKeys (ConfUtils.java:logGet(43)) - raft.server.log.write.buffer.size = 33554432 (custom)
2019-07-13 07:24:46,470 INFO  server.RaftServerConfigKeys (ConfUtils.java:logGet(43)) - raft.server.log.force.sync.num = 128 (default)
2019-07-13 07:24:46,470 INFO  server.RaftServerConfigKeys (ConfUtils.java:logGet(43)) - raft.server.log.preallocated.size = 16384 (custom)
2019-07-13 07:24:46,470 INFO  server.RaftServerConfigKeys (ConfUtils.java:logGet(43)) - raft.server.log.statemachine.data.sync = true (default)
2019-07-13 07:24:46,470 INFO  util.JmxRegister (JmxRegister.java:tryRegister(44)) - Successfully registered JMX Bean with object name Ratis:service=RaftServer,group=group-209CBD3109F0,id=1a861c74-1484-402a-9ff9-9d6113d38ce4
2019-07-13 07:24:46,470 INFO  server.RaftServerConfigKeys (ConfUtils.java:logGet(43)) - raft.server.log.statemachine.data.sync.timeout = 10s (default)
2019-07-13 07:24:46,471 INFO  server.RaftServerConfigKeys (ConfUtils.java:logGet(43)) - raft.server.log.statemachine.data.sync.timeout.retry = -1 (default)
2019-07-13 07:24:46,470 INFO  server.RaftServerConfigKeys (ConfUtils.java:logGet(43)) - raft.server.log.write.buffer.size = 33554432 (custom)
2019-07-13 07:24:46,471 INFO  server.RaftServerConfigKeys (ConfUtils.java:logGet(43)) - raft.server.log.statemachine.data.caching.enabled = true (custom)
2019-07-13 07:24:46,471 INFO  server.RaftServerConfigKeys (ConfUtils.java:logGet(43)) - raft.server.log.force.sync.num = 128 (default)
2019-07-13 07:24:46,471 INFO  segmented.SegmentedRaftLogWorker (SegmentedRaftLogWorker.java:lambda$new$0(132)) - c914261d-7132-4fca-86ff-e1ab4ebbf7be-SegmentedRaftLogWorker:Storage Directory /tmp/workdir/hadoop-ozone/integration-test/target/test-dir/MiniOzoneClusterImpl-941c324f-0157-4255-9475-d1e8b8c31c02/datanode-1/data/ratis/a89d6e8d-924b-4872-8f34-209cbd3109f0: flushIndex: setUnconditionally 0 -> -1
2019-07-13 07:24:46,471 INFO  server.RaftServerConfigKeys (ConfUtils.java:logGet(43)) - raft.server.log.statemachine.data.sync = true (default)
2019-07-13 07:24:46,472 INFO  server.RaftServerConfigKeys (ConfUtils.java:logGet(43)) - raft.server.log.statemachine.data.sync.timeout = 10s (default)
2019-07-13 07:24:46,472 INFO  server.RaftServerConfigKeys (ConfUtils.java:logGet(43)) - raft.server.snapshot.auto.trigger.enabled = true (custom)
2019-07-13 07:24:46,472 INFO  server.RaftServerConfigKeys (ConfUtils.java:logGet(43)) - raft.server.log.statemachine.data.sync.timeout.retry = -1 (default)
2019-07-13 07:24:46,472 INFO  server.RaftServerConfigKeys (ConfUtils.java:logGet(43)) - raft.server.snapshot.auto.trigger.threshold = 10000 (custom)
2019-07-13 07:24:46,472 INFO  server.RaftServerConfigKeys (ConfUtils.java:logGet(43)) - raft.server.log.statemachine.data.caching.enabled = true (custom)
2019-07-13 07:24:46,472 INFO  server.RaftServerConfigKeys (ConfUtils.java:logGet(43)) - raft.server.retrycache.expirytime = 600000ms (custom)
2019-07-13 07:24:46,473 INFO  segmented.SegmentedRaftLogWorker (SegmentedRaftLogWorker.java:lambda$new$0(132)) - e7a9de48-873e-48a5-b9f6-7a4625dd6b0b-SegmentedRaftLogWorker:Storage Directory /tmp/workdir/hadoop-ozone/integration-test/target/test-dir/MiniOzoneClusterImpl-941c324f-0157-4255-9475-d1e8b8c31c02/datanode-2/data/ratis/a89d6e8d-924b-4872-8f34-209cbd3109f0: flushIndex: setUnconditionally 0 -> -1
2019-07-13 07:24:46,473 INFO  impl.RaftServerImpl (RaftServerImpl.java:start(180)) - c914261d-7132-4fca-86ff-e1ab4ebbf7be: start group-209CBD3109F0
2019-07-13 07:24:46,473 INFO  impl.RaftServerImpl (RaftServerImpl.java:setRole(171)) - c914261d-7132-4fca-86ff-e1ab4ebbf7be:group-209CBD3109F0 changes role from null to FOLLOWER at term 0 for startAsFollower
2019-07-13 07:24:46,473 INFO  server.RaftServerConfigKeys (ConfUtils.java:logGet(43)) - raft.server.snapshot.auto.trigger.enabled = true (custom)
2019-07-13 07:24:46,473 INFO  impl.RoleInfo (RoleInfo.java:updateAndGet(143)) - c914261d-7132-4fca-86ff-e1ab4ebbf7be: start FollowerState
2019-07-13 07:24:46,473 INFO  server.RaftServerConfigKeys (ConfUtils.java:logGet(43)) - raft.server.snapshot.auto.trigger.threshold = 10000 (custom)
2019-07-13 07:24:46,474 INFO  server.RaftServerConfigKeys (ConfUtils.java:logGet(43)) - raft.server.retrycache.expirytime = 600000ms (custom)
2019-07-13 07:24:46,474 INFO  util.JmxRegister (JmxRegister.java:tryRegister(44)) - Successfully registered JMX Bean with object name Ratis:service=RaftServer,group=group-209CBD3109F0,id=c914261d-7132-4fca-86ff-e1ab4ebbf7be
2019-07-13 07:24:46,474 INFO  impl.RaftServerImpl (RaftServerImpl.java:start(180)) - e7a9de48-873e-48a5-b9f6-7a4625dd6b0b: start group-209CBD3109F0
2019-07-13 07:24:46,474 INFO  impl.RaftServerImpl (RaftServerImpl.java:setRole(171)) - e7a9de48-873e-48a5-b9f6-7a4625dd6b0b:group-209CBD3109F0 changes role from null to FOLLOWER at term 0 for startAsFollower
2019-07-13 07:24:46,474 INFO  impl.RoleInfo (RoleInfo.java:updateAndGet(143)) - e7a9de48-873e-48a5-b9f6-7a4625dd6b0b: start FollowerState
2019-07-13 07:24:46,475 INFO  util.JmxRegister (JmxRegister.java:tryRegister(44)) - Successfully registered JMX Bean with object name Ratis:service=RaftServer,group=group-209CBD3109F0,id=e7a9de48-873e-48a5-b9f6-7a4625dd6b0b
2019-07-13 07:24:46,477 INFO  pipeline.PipelineStateManager (PipelineStateManager.java:addPipeline(56)) - Created pipeline Pipeline[ Id: a89d6e8d-924b-4872-8f34-209cbd3109f0, Nodes: c914261d-7132-4fca-86ff-e1ab4ebbf7be{ip: 192.168.69.84, host: trunk-nightly-9lh4p-2362225927, networkLocation: /default-rack, certSerialId: null}1a861c74-1484-402a-9ff9-9d6113d38ce4{ip: 192.168.69.84, host: trunk-nightly-9lh4p-2362225927, networkLocation: /default-rack, certSerialId: null}e7a9de48-873e-48a5-b9f6-7a4625dd6b0b{ip: 192.168.69.84, host: trunk-nightly-9lh4p-2362225927, networkLocation: /default-rack, certSerialId: null}, Type:RATIS, Factor:THREE, State:OPEN]
2019-07-13 07:24:46,478 INFO  node.SCMNodeManager (SCMNodeManager.java:register(269)) - Registered Data node : bcfa1d54-0cc1-4401-b26c-7cc42d7d3c1e{ip: 192.168.69.84, host: trunk-nightly-9lh4p-2362225927, networkLocation: /default-rack, certSerialId: null}
2019-07-13 07:24:46,490 INFO  impl.RaftServerProxy (RaftServerProxy.java:addNew(89)) - bcfa1d54-0cc1-4401-b26c-7cc42d7d3c1e: addNew group-43311851B3DB:[bcfa1d54-0cc1-4401-b26c-7cc42d7d3c1e:192.168.69.84:39478] returns group-43311851B3DB:java.util.concurrent.CompletableFuture@33b74f89[Not completed]
2019-07-13 07:24:46,491 INFO  impl.RaftServerImpl (RaftServerImpl.java:<init>(93)) - bcfa1d54-0cc1-4401-b26c-7cc42d7d3c1e: new RaftServerImpl for group-43311851B3DB:[bcfa1d54-0cc1-4401-b26c-7cc42d7d3c1e:192.168.69.84:39478] with ContainerStateMachine:uninitialized
2019-07-13 07:24:46,492 INFO  server.RaftServerConfigKeys (ConfUtils.java:logGet(43)) - raft.server.rpc.timeout.min = 5s (custom)
2019-07-13 07:24:46,492 INFO  server.RaftServerConfigKeys (ConfUtils.java:logGet(43)) - raft.server.rpc.timeout.max = 5200ms (custom)
2019-07-13 07:24:46,492 INFO  server.RaftServerConfigKeys (ConfUtils.java:logGet(43)) - raft.server.rpcslowness.timeout = 120s (custom)
2019-07-13 07:24:46,492 INFO  server.RaftServerConfigKeys (ConfUtils.java:logGet(43)) - raft.server.sleep.deviation.threshold = 300 (default)
2019-07-13 07:24:46,492 INFO  server.RaftServerConfigKeys (ConfUtils.java:logGet(43)) - raft.server.log.appender.install.snapshot.enabled = false (custom)
2019-07-13 07:24:46,492 INFO  impl.RaftServerImpl (ServerState.java:<init>(105)) - bcfa1d54-0cc1-4401-b26c-7cc42d7d3c1e:group-43311851B3DB ConfigurationManager, init=-1: [bcfa1d54-0cc1-4401-b26c-7cc42d7d3c1e:192.168.69.84:39478], old=null, confs=<EMPTY_MAP>
2019-07-13 07:24:46,492 INFO  server.RaftServerConfigKeys (ConfUtils.java:logGet(43)) - raft.server.storage.dir = [/tmp/workdir/hadoop-ozone/integration-test/target/test-dir/MiniOzoneClusterImpl-941c324f-0157-4255-9475-d1e8b8c31c02/datanode-3/data/ratis] (custom)
2019-07-13 07:24:46,493 INFO  storage.RaftStorageDirectory (RaftStorageDirectory.java:analyzeStorage(246)) - The storage directory /tmp/workdir/hadoop-ozone/integration-test/target/test-dir/MiniOzoneClusterImpl-941c324f-0157-4255-9475-d1e8b8c31c02/datanode-3/data/ratis/8c2318e9-74f9-4be9-a2af-43311851b3db does not exist. Creating ...
2019-07-13 07:24:46,506 INFO  storage.RaftStorageDirectory (RaftStorageDirectory.java:tryLock(328)) - Lock on /tmp/workdir/hadoop-ozone/integration-test/target/test-dir/MiniOzoneClusterImpl-941c324f-0157-4255-9475-d1e8b8c31c02/datanode-3/data/ratis/8c2318e9-74f9-4be9-a2af-43311851b3db/in_use.lock acquired by nodename 15876@trunk-nightly-9lh4p-2362225927
2019-07-13 07:24:46,520 INFO  storage.RaftStorage (RaftStorage.java:format(72)) - Storage directory /tmp/workdir/hadoop-ozone/integration-test/target/test-dir/MiniOzoneClusterImpl-941c324f-0157-4255-9475-d1e8b8c31c02/datanode-3/data/ratis/8c2318e9-74f9-4be9-a2af-43311851b3db has been successfully formatted.
2019-07-13 07:24:46,520 INFO  ratis.ContainerStateMachine (ContainerStateMachine.java:loadSnapshot(200)) - The snapshot info is null.Setting the last applied index to:(t:0, i:~)
2019-07-13 07:24:46,520 INFO  server.RaftServerConfigKeys (ConfUtils.java:logGet(43)) - raft.server.leader.election.timeout = 120s (custom)
2019-07-13 07:24:46,520 INFO  server.RaftServerConfigKeys (ConfUtils.java:logGet(43)) - raft.server.log.use.memory = false (default)
2019-07-13 07:24:46,520 INFO  server.RaftServerConfigKeys (ConfUtils.java:logGet(43)) - raft.server.log.purge.gap = 1000000000 (custom)
2019-07-13 07:24:46,521 INFO  server.RaftServerConfigKeys (ConfUtils.java:logGet(43)) - raft.server.log.appender.buffer.byte-limit = 33554432 (custom)
2019-07-13 07:24:46,521 INFO  server.RaftServerConfigKeys (ConfUtils.java:logGet(43)) - raft.server.log.segment.size.max = 1048576 (custom)
2019-07-13 07:24:46,521 INFO  server.RaftServerConfigKeys (ConfUtils.java:logGet(43)) - raft.server.log.segment.cache.num.max = 2 (custom)
2019-07-13 07:24:46,521 INFO  segmented.SegmentedRaftLogWorker (SegmentedRaftLogWorker.java:<init>(172)) - new bcfa1d54-0cc1-4401-b26c-7cc42d7d3c1e-SegmentedRaftLogWorker:Storage Directory /tmp/workdir/hadoop-ozone/integration-test/target/test-dir/MiniOzoneClusterImpl-941c324f-0157-4255-9475-d1e8b8c31c02/datanode-3/data/ratis/8c2318e9-74f9-4be9-a2af-43311851b3db for RaftStorage:Storage Directory /tmp/workdir/hadoop-ozone/integration-test/target/test-dir/MiniOzoneClusterImpl-941c324f-0157-4255-9475-d1e8b8c31c02/datanode-3/data/ratis/8c2318e9-74f9-4be9-a2af-43311851b3db
2019-07-13 07:24:46,521 INFO  server.RaftServerConfigKeys (ConfUtils.java:logGet(43)) - raft.server.log.queue.byte-limit = 2147483647 (custom)
2019-07-13 07:24:46,522 INFO  server.RaftServerConfigKeys (ConfUtils.java:logGet(43)) - raft.server.log.queue.element-limit = 1024 (custom)
2019-07-13 07:24:46,522 INFO  server.RaftServerConfigKeys (ConfUtils.java:logGet(43)) - raft.server.log.segment.size.max = 1048576 (custom)
2019-07-13 07:24:46,522 INFO  server.RaftServerConfigKeys (ConfUtils.java:logGet(43)) - raft.server.log.preallocated.size = 16384 (custom)
2019-07-13 07:24:46,522 INFO  server.RaftServerConfigKeys (ConfUtils.java:logGet(43)) - raft.server.log.write.buffer.size = 33554432 (custom)
2019-07-13 07:24:46,523 INFO  server.RaftServerConfigKeys (ConfUtils.java:logGet(43)) - raft.server.log.force.sync.num = 128 (default)
2019-07-13 07:24:46,523 INFO  server.RaftServerConfigKeys (ConfUtils.java:logGet(43)) - raft.server.log.statemachine.data.sync = true (default)
2019-07-13 07:24:46,523 INFO  server.RaftServerConfigKeys (ConfUtils.java:logGet(43)) - raft.server.log.statemachine.data.sync.timeout = 10s (default)
2019-07-13 07:24:46,523 INFO  server.RaftServerConfigKeys (ConfUtils.java:logGet(43)) - raft.server.log.statemachine.data.sync.timeout.retry = -1 (default)
2019-07-13 07:24:46,523 INFO  server.RaftServerConfigKeys (ConfUtils.java:logGet(43)) - raft.server.log.statemachine.data.caching.enabled = true (custom)
2019-07-13 07:24:46,524 INFO  segmented.SegmentedRaftLogWorker (SegmentedRaftLogWorker.java:lambda$new$0(132)) - bcfa1d54-0cc1-4401-b26c-7cc42d7d3c1e-SegmentedRaftLogWorker:Storage Directory /tmp/workdir/hadoop-ozone/integration-test/target/test-dir/MiniOzoneClusterImpl-941c324f-0157-4255-9475-d1e8b8c31c02/datanode-3/data/ratis/8c2318e9-74f9-4be9-a2af-43311851b3db: flushIndex: setUnconditionally 0 -> -1
2019-07-13 07:24:46,524 INFO  server.RaftServerConfigKeys (ConfUtils.java:logGet(43)) - raft.server.snapshot.auto.trigger.enabled = true (custom)
2019-07-13 07:24:46,524 INFO  server.RaftServerConfigKeys (ConfUtils.java:logGet(43)) - raft.server.snapshot.auto.trigger.threshold = 10000 (custom)
2019-07-13 07:24:46,524 INFO  server.RaftServerConfigKeys (ConfUtils.java:logGet(43)) - raft.server.retrycache.expirytime = 600000ms (custom)
2019-07-13 07:24:46,525 INFO  impl.RaftServerImpl (RaftServerImpl.java:start(180)) - bcfa1d54-0cc1-4401-b26c-7cc42d7d3c1e: start group-43311851B3DB
2019-07-13 07:24:46,525 INFO  impl.RaftServerImpl (RaftServerImpl.java:setRole(171)) - bcfa1d54-0cc1-4401-b26c-7cc42d7d3c1e:group-43311851B3DB changes role from null to FOLLOWER at term 0 for startAsFollower
2019-07-13 07:24:46,525 INFO  impl.RoleInfo (RoleInfo.java:updateAndGet(143)) - bcfa1d54-0cc1-4401-b26c-7cc42d7d3c1e: start FollowerState
2019-07-13 07:24:46,525 INFO  util.JmxRegister (JmxRegister.java:tryRegister(44)) - Successfully registered JMX Bean with object name Ratis:service=RaftServer,group=group-43311851B3DB,id=bcfa1d54-0cc1-4401-b26c-7cc42d7d3c1e
2019-07-13 07:24:46,527 INFO  pipeline.PipelineStateManager (PipelineStateManager.java:addPipeline(56)) - Created pipeline Pipeline[ Id: 8c2318e9-74f9-4be9-a2af-43311851b3db, Nodes: bcfa1d54-0cc1-4401-b26c-7cc42d7d3c1e{ip: 192.168.69.84, host: trunk-nightly-9lh4p-2362225927, networkLocation: /default-rack, certSerialId: null}, Type:RATIS, Factor:ONE, State:OPEN]
2019-07-13 07:24:46,673 INFO  node.SCMNodeManager (SCMNodeManager.java:register(269)) - Registered Data node : 3124f886-aefa-4d74-8825-f582d519003a{ip: 192.168.69.84, host: trunk-nightly-9lh4p-2362225927, networkLocation: /default-rack, certSerialId: null}
2019-07-13 07:24:46,689 INFO  impl.RaftServerProxy (RaftServerProxy.java:addNew(89)) - 3124f886-aefa-4d74-8825-f582d519003a: addNew group-AFC2CCC99AB3:[3124f886-aefa-4d74-8825-f582d519003a:192.168.69.84:37139] returns group-AFC2CCC99AB3:java.util.concurrent.CompletableFuture@4bc55450[Not completed]
2019-07-13 07:24:46,690 INFO  impl.RaftServerImpl (RaftServerImpl.java:<init>(93)) - 3124f886-aefa-4d74-8825-f582d519003a: new RaftServerImpl for group-AFC2CCC99AB3:[3124f886-aefa-4d74-8825-f582d519003a:192.168.69.84:37139] with ContainerStateMachine:uninitialized
2019-07-13 07:24:46,690 INFO  server.RaftServerConfigKeys (ConfUtils.java:logGet(43)) - raft.server.rpc.timeout.min = 5s (custom)
2019-07-13 07:24:46,691 INFO  server.RaftServerConfigKeys (ConfUtils.java:logGet(43)) - raft.server.rpc.timeout.max = 5200ms (custom)
2019-07-13 07:24:46,691 INFO  server.RaftServerConfigKeys (ConfUtils.java:logGet(43)) - raft.server.rpcslowness.timeout = 120s (custom)
2019-07-13 07:24:46,691 INFO  server.RaftServerConfigKeys (ConfUtils.java:logGet(43)) - raft.server.sleep.deviation.threshold = 300 (default)
2019-07-13 07:24:46,691 INFO  server.RaftServerConfigKeys (ConfUtils.java:logGet(43)) - raft.server.log.appender.install.snapshot.enabled = false (custom)
2019-07-13 07:24:46,691 INFO  impl.RaftServerImpl (ServerState.java:<init>(105)) - 3124f886-aefa-4d74-8825-f582d519003a:group-AFC2CCC99AB3 ConfigurationManager, init=-1: [3124f886-aefa-4d74-8825-f582d519003a:192.168.69.84:37139], old=null, confs=<EMPTY_MAP>
2019-07-13 07:24:46,691 INFO  server.RaftServerConfigKeys (ConfUtils.java:logGet(43)) - raft.server.storage.dir = [/tmp/workdir/hadoop-ozone/integration-test/target/test-dir/MiniOzoneClusterImpl-941c324f-0157-4255-9475-d1e8b8c31c02/datanode-4/data/ratis] (custom)
2019-07-13 07:24:46,692 INFO  storage.RaftStorageDirectory (RaftStorageDirectory.java:analyzeStorage(246)) - The storage directory /tmp/workdir/hadoop-ozone/integration-test/target/test-dir/MiniOzoneClusterImpl-941c324f-0157-4255-9475-d1e8b8c31c02/datanode-4/data/ratis/4697c348-ee68-4ee8-b6c5-afc2ccc99ab3 does not exist. Creating ...
2019-07-13 07:24:46,706 INFO  storage.RaftStorageDirectory (RaftStorageDirectory.java:tryLock(328)) - Lock on /tmp/workdir/hadoop-ozone/integration-test/target/test-dir/MiniOzoneClusterImpl-941c324f-0157-4255-9475-d1e8b8c31c02/datanode-4/data/ratis/4697c348-ee68-4ee8-b6c5-afc2ccc99ab3/in_use.lock acquired by nodename 15876@trunk-nightly-9lh4p-2362225927
2019-07-13 07:24:46,719 INFO  storage.RaftStorage (RaftStorage.java:format(72)) - Storage directory /tmp/workdir/hadoop-ozone/integration-test/target/test-dir/MiniOzoneClusterImpl-941c324f-0157-4255-9475-d1e8b8c31c02/datanode-4/data/ratis/4697c348-ee68-4ee8-b6c5-afc2ccc99ab3 has been successfully formatted.
2019-07-13 07:24:46,720 INFO  ratis.ContainerStateMachine (ContainerStateMachine.java:loadSnapshot(200)) - The snapshot info is null.Setting the last applied index to:(t:0, i:~)
2019-07-13 07:24:46,720 INFO  server.RaftServerConfigKeys (ConfUtils.java:logGet(43)) - raft.server.leader.election.timeout = 120s (custom)
2019-07-13 07:24:46,720 INFO  server.RaftServerConfigKeys (ConfUtils.java:logGet(43)) - raft.server.log.use.memory = false (default)
2019-07-13 07:24:46,720 INFO  server.RaftServerConfigKeys (ConfUtils.java:logGet(43)) - raft.server.log.purge.gap = 1000000000 (custom)
2019-07-13 07:24:46,720 INFO  server.RaftServerConfigKeys (ConfUtils.java:logGet(43)) - raft.server.log.appender.buffer.byte-limit = 33554432 (custom)
2019-07-13 07:24:46,721 INFO  server.RaftServerConfigKeys (ConfUtils.java:logGet(43)) - raft.server.log.segment.size.max = 1048576 (custom)
2019-07-13 07:24:46,721 INFO  server.RaftServerConfigKeys (ConfUtils.java:logGet(43)) - raft.server.log.segment.cache.num.max = 2 (custom)
2019-07-13 07:24:46,721 INFO  segmented.SegmentedRaftLogWorker (SegmentedRaftLogWorker.java:<init>(172)) - new 3124f886-aefa-4d74-8825-f582d519003a-SegmentedRaftLogWorker:Storage Directory /tmp/workdir/hadoop-ozone/integration-test/target/test-dir/MiniOzoneClusterImpl-941c324f-0157-4255-9475-d1e8b8c31c02/datanode-4/data/ratis/4697c348-ee68-4ee8-b6c5-afc2ccc99ab3 for RaftStorage:Storage Directory /tmp/workdir/hadoop-ozone/integration-test/target/test-dir/MiniOzoneClusterImpl-941c324f-0157-4255-9475-d1e8b8c31c02/datanode-4/data/ratis/4697c348-ee68-4ee8-b6c5-afc2ccc99ab3
2019-07-13 07:24:46,721 INFO  server.RaftServerConfigKeys (ConfUtils.java:logGet(43)) - raft.server.log.queue.byte-limit = 2147483647 (custom)
2019-07-13 07:24:46,721 INFO  server.RaftServerConfigKeys (ConfUtils.java:logGet(43)) - raft.server.log.queue.element-limit = 1024 (custom)
2019-07-13 07:24:46,722 INFO  server.RaftServerConfigKeys (ConfUtils.java:logGet(43)) - raft.server.log.segment.size.max = 1048576 (custom)
2019-07-13 07:24:46,722 INFO  server.RaftServerConfigKeys (ConfUtils.java:logGet(43)) - raft.server.log.preallocated.size = 16384 (custom)
2019-07-13 07:24:46,722 INFO  server.RaftServerConfigKeys (ConfUtils.java:logGet(43)) - raft.server.log.write.buffer.size = 33554432 (custom)
2019-07-13 07:24:46,722 INFO  server.RaftServerConfigKeys (ConfUtils.java:logGet(43)) - raft.server.log.force.sync.num = 128 (default)
2019-07-13 07:24:46,722 INFO  server.RaftServerConfigKeys (ConfUtils.java:logGet(43)) - raft.server.log.statemachine.data.sync = true (default)
2019-07-13 07:24:46,722 INFO  server.RaftServerConfigKeys (ConfUtils.java:logGet(43)) - raft.server.log.statemachine.data.sync.timeout = 10s (default)
2019-07-13 07:24:46,722 INFO  server.RaftServerConfigKeys (ConfUtils.java:logGet(43)) - raft.server.log.statemachine.data.sync.timeout.retry = -1 (default)
2019-07-13 07:24:46,723 INFO  server.RaftServerConfigKeys (ConfUtils.java:logGet(43)) - raft.server.log.statemachine.data.caching.enabled = true (custom)
2019-07-13 07:24:46,723 INFO  segmented.SegmentedRaftLogWorker (SegmentedRaftLogWorker.java:lambda$new$0(132)) - 3124f886-aefa-4d74-8825-f582d519003a-SegmentedRaftLogWorker:Storage Directory /tmp/workdir/hadoop-ozone/integration-test/target/test-dir/MiniOzoneClusterImpl-941c324f-0157-4255-9475-d1e8b8c31c02/datanode-4/data/ratis/4697c348-ee68-4ee8-b6c5-afc2ccc99ab3: flushIndex: setUnconditionally 0 -> -1
2019-07-13 07:24:46,724 INFO  server.RaftServerConfigKeys (ConfUtils.java:logGet(43)) - raft.server.snapshot.auto.trigger.enabled = true (custom)
2019-07-13 07:24:46,724 INFO  server.RaftServerConfigKeys (ConfUtils.java:logGet(43)) - raft.server.snapshot.auto.trigger.threshold = 10000 (custom)
2019-07-13 07:24:46,724 INFO  server.RaftServerConfigKeys (ConfUtils.java:logGet(43)) - raft.server.retrycache.expirytime = 600000ms (custom)
2019-07-13 07:24:46,724 INFO  impl.RaftServerImpl (RaftServerImpl.java:start(180)) - 3124f886-aefa-4d74-8825-f582d519003a: start group-AFC2CCC99AB3
2019-07-13 07:24:46,724 INFO  impl.RaftServerImpl (RaftServerImpl.java:setRole(171)) - 3124f886-aefa-4d74-8825-f582d519003a:group-AFC2CCC99AB3 changes role from null to FOLLOWER at term 0 for startAsFollower
2019-07-13 07:24:46,724 INFO  impl.RoleInfo (RoleInfo.java:updateAndGet(143)) - 3124f886-aefa-4d74-8825-f582d519003a: start FollowerState
2019-07-13 07:24:46,725 INFO  util.JmxRegister (JmxRegister.java:tryRegister(44)) - Successfully registered JMX Bean with object name Ratis:service=RaftServer,group=group-AFC2CCC99AB3,id=3124f886-aefa-4d74-8825-f582d519003a
2019-07-13 07:24:46,727 INFO  pipeline.PipelineStateManager (PipelineStateManager.java:addPipeline(56)) - Created pipeline Pipeline[ Id: 4697c348-ee68-4ee8-b6c5-afc2ccc99ab3, Nodes: 3124f886-aefa-4d74-8825-f582d519003a{ip: 192.168.69.84, host: trunk-nightly-9lh4p-2362225927, networkLocation: /default-rack, certSerialId: null}, Type:RATIS, Factor:ONE, State:OPEN]
2019-07-13 07:24:46,899 INFO  node.SCMNodeManager (SCMNodeManager.java:register(269)) - Registered Data node : 087355bb-25f1-45f5-b864-6f7d8d3ec78b{ip: 192.168.69.84, host: trunk-nightly-9lh4p-2362225927, networkLocation: /default-rack, certSerialId: null}
2019-07-13 07:24:46,914 INFO  ozone.MiniOzoneClusterImpl (MiniOzoneClusterImpl.java:lambda$waitForClusterToBeReady$0(142)) - Cluster is ready. Got 6 of 6 DN Heartbeats.
2019-07-13 07:24:46,914 INFO  impl.RaftServerProxy (RaftServerProxy.java:addNew(89)) - 087355bb-25f1-45f5-b864-6f7d8d3ec78b: addNew group-4D1970DF7CF4:[087355bb-25f1-45f5-b864-6f7d8d3ec78b:192.168.69.84:37578] returns group-4D1970DF7CF4:java.util.concurrent.CompletableFuture@2aad7896[Not completed]
2019-07-13 07:24:46,915 INFO  impl.RaftServerImpl (RaftServerImpl.java:<init>(93)) - 087355bb-25f1-45f5-b864-6f7d8d3ec78b: new RaftServerImpl for group-4D1970DF7CF4:[087355bb-25f1-45f5-b864-6f7d8d3ec78b:192.168.69.84:37578] with ContainerStateMachine:uninitialized
2019-07-13 07:24:46,915 INFO  server.RaftServerConfigKeys (ConfUtils.java:logGet(43)) - raft.server.rpc.timeout.min = 5s (custom)
2019-07-13 07:24:46,916 INFO  server.RaftServerConfigKeys (ConfUtils.java:logGet(43)) - raft.server.rpc.timeout.max = 5200ms (custom)
2019-07-13 07:24:46,916 INFO  server.RaftServerConfigKeys (ConfUtils.java:logGet(43)) - raft.server.rpcslowness.timeout = 120s (custom)
2019-07-13 07:24:46,916 INFO  server.RaftServerConfigKeys (ConfUtils.java:logGet(43)) - raft.server.sleep.deviation.threshold = 300 (default)
2019-07-13 07:24:46,916 INFO  server.RaftServerConfigKeys (ConfUtils.java:logGet(43)) - raft.server.log.appender.install.snapshot.enabled = false (custom)
2019-07-13 07:24:46,916 INFO  impl.RaftServerImpl (ServerState.java:<init>(105)) - 087355bb-25f1-45f5-b864-6f7d8d3ec78b:group-4D1970DF7CF4 ConfigurationManager, init=-1: [087355bb-25f1-45f5-b864-6f7d8d3ec78b:192.168.69.84:37578], old=null, confs=<EMPTY_MAP>
2019-07-13 07:24:46,916 INFO  server.RaftServerConfigKeys (ConfUtils.java:logGet(43)) - raft.server.storage.dir = [/tmp/workdir/hadoop-ozone/integration-test/target/test-dir/MiniOzoneClusterImpl-941c324f-0157-4255-9475-d1e8b8c31c02/datanode-5/data/ratis] (custom)
2019-07-13 07:24:46,917 INFO  storage.RaftStorageDirectory (RaftStorageDirectory.java:analyzeStorage(246)) - The storage directory /tmp/workdir/hadoop-ozone/integration-test/target/test-dir/MiniOzoneClusterImpl-941c324f-0157-4255-9475-d1e8b8c31c02/datanode-5/data/ratis/7c80d18e-9daa-4274-8563-4d1970df7cf4 does not exist. Creating ...
2019-07-13 07:24:46,942 INFO  storage.RaftStorageDirectory (RaftStorageDirectory.java:tryLock(328)) - Lock on /tmp/workdir/hadoop-ozone/integration-test/target/test-dir/MiniOzoneClusterImpl-941c324f-0157-4255-9475-d1e8b8c31c02/datanode-5/data/ratis/7c80d18e-9daa-4274-8563-4d1970df7cf4/in_use.lock acquired by nodename 15876@trunk-nightly-9lh4p-2362225927
2019-07-13 07:24:46,971 INFO  rpc.RpcClient (RpcClient.java:createVolume(287)) - Creating Volume: datanodefailurehandlingtest, with jenkins1000 as owner.
2019-07-13 07:24:46,993 INFO  storage.RaftStorage (RaftStorage.java:format(72)) - Storage directory /tmp/workdir/hadoop-ozone/integration-test/target/test-dir/MiniOzoneClusterImpl-941c324f-0157-4255-9475-d1e8b8c31c02/datanode-5/data/ratis/7c80d18e-9daa-4274-8563-4d1970df7cf4 has been successfully formatted.
2019-07-13 07:24:46,997 INFO  ratis.ContainerStateMachine (ContainerStateMachine.java:loadSnapshot(200)) - The snapshot info is null.Setting the last applied index to:(t:0, i:~)
2019-07-13 07:24:46,997 INFO  server.RaftServerConfigKeys (ConfUtils.java:logGet(43)) - raft.server.leader.election.timeout = 120s (custom)
2019-07-13 07:24:46,998 INFO  server.RaftServerConfigKeys (ConfUtils.java:logGet(43)) - raft.server.log.use.memory = false (default)
2019-07-13 07:24:46,998 INFO  server.RaftServerConfigKeys (ConfUtils.java:logGet(43)) - raft.server.log.purge.gap = 1000000000 (custom)
2019-07-13 07:24:46,998 INFO  rpc.RpcClient (RpcClient.java:createBucket(424)) - Creating Bucket: datanodefailurehandlingtest/datanodefailurehandlingtest, with Versioning false and Storage Type set to DISK and Encryption set to false 
2019-07-13 07:24:46,998 INFO  server.RaftServerConfigKeys (ConfUtils.java:logGet(43)) - raft.server.log.appender.buffer.byte-limit = 33554432 (custom)
2019-07-13 07:24:46,998 INFO  server.RaftServerConfigKeys (ConfUtils.java:logGet(43)) - raft.server.log.segment.size.max = 1048576 (custom)
2019-07-13 07:24:46,998 INFO  server.RaftServerConfigKeys (ConfUtils.java:logGet(43)) - raft.server.log.segment.cache.num.max = 2 (custom)
2019-07-13 07:24:46,999 INFO  segmented.SegmentedRaftLogWorker (SegmentedRaftLogWorker.java:<init>(172)) - new 087355bb-25f1-45f5-b864-6f7d8d3ec78b-SegmentedRaftLogWorker:Storage Directory /tmp/workdir/hadoop-ozone/integration-test/target/test-dir/MiniOzoneClusterImpl-941c324f-0157-4255-9475-d1e8b8c31c02/datanode-5/data/ratis/7c80d18e-9daa-4274-8563-4d1970df7cf4 for RaftStorage:Storage Directory /tmp/workdir/hadoop-ozone/integration-test/target/test-dir/MiniOzoneClusterImpl-941c324f-0157-4255-9475-d1e8b8c31c02/datanode-5/data/ratis/7c80d18e-9daa-4274-8563-4d1970df7cf4
2019-07-13 07:24:46,999 INFO  server.RaftServerConfigKeys (ConfUtils.java:logGet(43)) - raft.server.log.queue.byte-limit = 2147483647 (custom)
2019-07-13 07:24:46,999 INFO  server.RaftServerConfigKeys (ConfUtils.java:logGet(43)) - raft.server.log.queue.element-limit = 1024 (custom)
2019-07-13 07:24:47,003 INFO  server.RaftServerConfigKeys (ConfUtils.java:logGet(43)) - raft.server.log.segment.size.max = 1048576 (custom)
2019-07-13 07:24:47,004 INFO  server.RaftServerConfigKeys (ConfUtils.java:logGet(43)) - raft.server.log.preallocated.size = 16384 (custom)
2019-07-13 07:24:47,004 INFO  server.RaftServerConfigKeys (ConfUtils.java:logGet(43)) - raft.server.log.write.buffer.size = 33554432 (custom)
2019-07-13 07:24:47,004 INFO  server.RaftServerConfigKeys (ConfUtils.java:logGet(43)) - raft.server.log.force.sync.num = 128 (default)
2019-07-13 07:24:47,004 INFO  server.RaftServerConfigKeys (ConfUtils.java:logGet(43)) - raft.server.log.statemachine.data.sync = true (default)
2019-07-13 07:24:47,004 INFO  server.RaftServerConfigKeys (ConfUtils.java:logGet(43)) - raft.server.log.statemachine.data.sync.timeout = 10s (default)
2019-07-13 07:24:47,004 INFO  server.RaftServerConfigKeys (ConfUtils.java:logGet(43)) - raft.server.log.statemachine.data.sync.timeout.retry = -1 (default)
2019-07-13 07:24:47,005 INFO  server.RaftServerConfigKeys (ConfUtils.java:logGet(43)) - raft.server.log.statemachine.data.caching.enabled = true (custom)
2019-07-13 07:24:47,005 INFO  segmented.SegmentedRaftLogWorker (SegmentedRaftLogWorker.java:lambda$new$0(132)) - 087355bb-25f1-45f5-b864-6f7d8d3ec78b-SegmentedRaftLogWorker:Storage Directory /tmp/workdir/hadoop-ozone/integration-test/target/test-dir/MiniOzoneClusterImpl-941c324f-0157-4255-9475-d1e8b8c31c02/datanode-5/data/ratis/7c80d18e-9daa-4274-8563-4d1970df7cf4: flushIndex: setUnconditionally 0 -> -1
2019-07-13 07:24:47,005 INFO  server.RaftServerConfigKeys (ConfUtils.java:logGet(43)) - raft.server.snapshot.auto.trigger.enabled = true (custom)
2019-07-13 07:24:47,006 INFO  server.RaftServerConfigKeys (ConfUtils.java:logGet(43)) - raft.server.snapshot.auto.trigger.threshold = 10000 (custom)
2019-07-13 07:24:47,006 INFO  server.RaftServerConfigKeys (ConfUtils.java:logGet(43)) - raft.server.retrycache.expirytime = 600000ms (custom)
2019-07-13 07:24:47,006 INFO  impl.RaftServerImpl (RaftServerImpl.java:start(180)) - 087355bb-25f1-45f5-b864-6f7d8d3ec78b: start group-4D1970DF7CF4
2019-07-13 07:24:47,006 INFO  impl.RaftServerImpl (RaftServerImpl.java:setRole(171)) - 087355bb-25f1-45f5-b864-6f7d8d3ec78b:group-4D1970DF7CF4 changes role from null to FOLLOWER at term 0 for startAsFollower
2019-07-13 07:24:47,006 INFO  impl.RoleInfo (RoleInfo.java:updateAndGet(143)) - 087355bb-25f1-45f5-b864-6f7d8d3ec78b: start FollowerState
2019-07-13 07:24:47,007 INFO  util.JmxRegister (JmxRegister.java:tryRegister(44)) - Successfully registered JMX Bean with object name Ratis:service=RaftServer,group=group-4D1970DF7CF4,id=087355bb-25f1-45f5-b864-6f7d8d3ec78b
2019-07-13 07:24:47,009 INFO  pipeline.PipelineStateManager (PipelineStateManager.java:addPipeline(56)) - Created pipeline Pipeline[ Id: 7c80d18e-9daa-4274-8563-4d1970df7cf4, Nodes: 087355bb-25f1-45f5-b864-6f7d8d3ec78b{ip: 192.168.69.84, host: trunk-nightly-9lh4p-2362225927, networkLocation: /default-rack, certSerialId: null}, Type:RATIS, Factor:ONE, State:OPEN]
2019-07-13 07:24:47,028 INFO  impl.RaftServerProxy (RaftServerProxy.java:addNew(89)) - bcfa1d54-0cc1-4401-b26c-7cc42d7d3c1e: addNew group-F283260AA46A:[bcfa1d54-0cc1-4401-b26c-7cc42d7d3c1e:192.168.69.84:39478, 087355bb-25f1-45f5-b864-6f7d8d3ec78b:192.168.69.84:37578, 3124f886-aefa-4d74-8825-f582d519003a:192.168.69.84:37139] returns group-F283260AA46A:java.util.concurrent.CompletableFuture@35df6c35[Not completed]
2019-07-13 07:24:47,028 INFO  impl.RaftServerProxy (RaftServerProxy.java:addNew(89)) - 3124f886-aefa-4d74-8825-f582d519003a: addNew group-F283260AA46A:[bcfa1d54-0cc1-4401-b26c-7cc42d7d3c1e:192.168.69.84:39478, 087355bb-25f1-45f5-b864-6f7d8d3ec78b:192.168.69.84:37578, 3124f886-aefa-4d74-8825-f582d519003a:192.168.69.84:37139] returns group-F283260AA46A:java.util.concurrent.CompletableFuture@719f1591[Not completed]
2019-07-13 07:24:47,028 INFO  impl.RaftServerProxy (RaftServerProxy.java:addNew(89)) - 087355bb-25f1-45f5-b864-6f7d8d3ec78b: addNew group-F283260AA46A:[bcfa1d54-0cc1-4401-b26c-7cc42d7d3c1e:192.168.69.84:39478, 087355bb-25f1-45f5-b864-6f7d8d3ec78b:192.168.69.84:37578, 3124f886-aefa-4d74-8825-f582d519003a:192.168.69.84:37139] returns group-F283260AA46A:java.util.concurrent.CompletableFuture@23d8fa7[Not completed]
2019-07-13 07:24:47,029 INFO  impl.RaftServerImpl (RaftServerImpl.java:<init>(93)) - bcfa1d54-0cc1-4401-b26c-7cc42d7d3c1e: new RaftServerImpl for group-F283260AA46A:[bcfa1d54-0cc1-4401-b26c-7cc42d7d3c1e:192.168.69.84:39478, 087355bb-25f1-45f5-b864-6f7d8d3ec78b:192.168.69.84:37578, 3124f886-aefa-4d74-8825-f582d519003a:192.168.69.84:37139] with ContainerStateMachine:uninitialized
2019-07-13 07:24:47,030 INFO  server.RaftServerConfigKeys (ConfUtils.java:logGet(43)) - raft.server.rpc.timeout.min = 5s (custom)
2019-07-13 07:24:47,030 INFO  server.RaftServerConfigKeys (ConfUtils.java:logGet(43)) - raft.server.rpc.timeout.max = 5200ms (custom)
2019-07-13 07:24:47,030 INFO  server.RaftServerConfigKeys (ConfUtils.java:logGet(43)) - raft.server.rpcslowness.timeout = 120s (custom)
2019-07-13 07:24:47,030 INFO  impl.RaftServerImpl (RaftServerImpl.java:<init>(93)) - 087355bb-25f1-45f5-b864-6f7d8d3ec78b: new RaftServerImpl for group-F283260AA46A:[bcfa1d54-0cc1-4401-b26c-7cc42d7d3c1e:192.168.69.84:39478, 087355bb-25f1-45f5-b864-6f7d8d3ec78b:192.168.69.84:37578, 3124f886-aefa-4d74-8825-f582d519003a:192.168.69.84:37139] with ContainerStateMachine:uninitialized
2019-07-13 07:24:47,030 INFO  impl.RaftServerImpl (RaftServerImpl.java:<init>(93)) - 3124f886-aefa-4d74-8825-f582d519003a: new RaftServerImpl for group-F283260AA46A:[bcfa1d54-0cc1-4401-b26c-7cc42d7d3c1e:192.168.69.84:39478, 087355bb-25f1-45f5-b864-6f7d8d3ec78b:192.168.69.84:37578, 3124f886-aefa-4d74-8825-f582d519003a:192.168.69.84:37139] with ContainerStateMachine:uninitialized
2019-07-13 07:24:47,030 INFO  server.RaftServerConfigKeys (ConfUtils.java:logGet(43)) - raft.server.sleep.deviation.threshold = 300 (default)
2019-07-13 07:24:47,030 INFO  server.RaftServerConfigKeys (ConfUtils.java:logGet(43)) - raft.server.rpc.timeout.min = 5s (custom)
2019-07-13 07:24:47,030 INFO  server.RaftServerConfigKeys (ConfUtils.java:logGet(43)) - raft.server.rpc.timeout.min = 5s (custom)
2019-07-13 07:24:47,030 INFO  server.RaftServerConfigKeys (ConfUtils.java:logGet(43)) - raft.server.rpc.timeout.max = 5200ms (custom)
2019-07-13 07:24:47,030 INFO  server.RaftServerConfigKeys (ConfUtils.java:logGet(43)) - raft.server.log.appender.install.snapshot.enabled = false (custom)
2019-07-13 07:24:47,031 INFO  server.RaftServerConfigKeys (ConfUtils.java:logGet(43)) - raft.server.rpcslowness.timeout = 120s (custom)
2019-07-13 07:24:47,031 INFO  server.RaftServerConfigKeys (ConfUtils.java:logGet(43)) - raft.server.sleep.deviation.threshold = 300 (default)
2019-07-13 07:24:47,031 INFO  server.RaftServerConfigKeys (ConfUtils.java:logGet(43)) - raft.server.rpc.timeout.max = 5200ms (custom)
2019-07-13 07:24:47,031 INFO  server.RaftServerConfigKeys (ConfUtils.java:logGet(43)) - raft.server.log.appender.install.snapshot.enabled = false (custom)
2019-07-13 07:24:47,031 INFO  impl.RaftServerImpl (ServerState.java:<init>(105)) - bcfa1d54-0cc1-4401-b26c-7cc42d7d3c1e:group-F283260AA46A ConfigurationManager, init=-1: [bcfa1d54-0cc1-4401-b26c-7cc42d7d3c1e:192.168.69.84:39478, 087355bb-25f1-45f5-b864-6f7d8d3ec78b:192.168.69.84:37578, 3124f886-aefa-4d74-8825-f582d519003a:192.168.69.84:37139], old=null, confs=<EMPTY_MAP>
2019-07-13 07:24:47,031 INFO  impl.RaftServerImpl (ServerState.java:<init>(105)) - 3124f886-aefa-4d74-8825-f582d519003a:group-F283260AA46A ConfigurationManager, init=-1: [bcfa1d54-0cc1-4401-b26c-7cc42d7d3c1e:192.168.69.84:39478, 087355bb-25f1-45f5-b864-6f7d8d3ec78b:192.168.69.84:37578, 3124f886-aefa-4d74-8825-f582d519003a:192.168.69.84:37139], old=null, confs=<EMPTY_MAP>
2019-07-13 07:24:47,031 INFO  server.RaftServerConfigKeys (ConfUtils.java:logGet(43)) - raft.server.rpcslowness.timeout = 120s (custom)
2019-07-13 07:24:47,032 INFO  server.RaftServerConfigKeys (ConfUtils.java:logGet(43)) - raft.server.storage.dir = [/tmp/workdir/hadoop-ozone/integration-test/target/test-dir/MiniOzoneClusterImpl-941c324f-0157-4255-9475-d1e8b8c31c02/datanode-4/data/ratis] (custom)
2019-07-13 07:24:47,032 INFO  server.RaftServerConfigKeys (ConfUtils.java:logGet(43)) - raft.server.storage.dir = [/tmp/workdir/hadoop-ozone/integration-test/target/test-dir/MiniOzoneClusterImpl-941c324f-0157-4255-9475-d1e8b8c31c02/datanode-3/data/ratis] (custom)
2019-07-13 07:24:47,032 INFO  server.RaftServerConfigKeys (ConfUtils.java:logGet(43)) - raft.server.sleep.deviation.threshold = 300 (default)
2019-07-13 07:24:47,032 INFO  storage.RaftStorageDirectory (RaftStorageDirectory.java:analyzeStorage(246)) - The storage directory /tmp/workdir/hadoop-ozone/integration-test/target/test-dir/MiniOzoneClusterImpl-941c324f-0157-4255-9475-d1e8b8c31c02/datanode-4/data/ratis/979f6734-129e-42d3-8609-f283260aa46a does not exist. Creating ...
2019-07-13 07:24:47,032 INFO  storage.RaftStorageDirectory (RaftStorageDirectory.java:analyzeStorage(246)) - The storage directory /tmp/workdir/hadoop-ozone/integration-test/target/test-dir/MiniOzoneClusterImpl-941c324f-0157-4255-9475-d1e8b8c31c02/datanode-3/data/ratis/979f6734-129e-42d3-8609-f283260aa46a does not exist. Creating ...
2019-07-13 07:24:47,032 INFO  server.RaftServerConfigKeys (ConfUtils.java:logGet(43)) - raft.server.log.appender.install.snapshot.enabled = false (custom)
2019-07-13 07:24:47,033 INFO  impl.RaftServerImpl (ServerState.java:<init>(105)) - 087355bb-25f1-45f5-b864-6f7d8d3ec78b:group-F283260AA46A ConfigurationManager, init=-1: [bcfa1d54-0cc1-4401-b26c-7cc42d7d3c1e:192.168.69.84:39478, 087355bb-25f1-45f5-b864-6f7d8d3ec78b:192.168.69.84:37578, 3124f886-aefa-4d74-8825-f582d519003a:192.168.69.84:37139], old=null, confs=<EMPTY_MAP>
2019-07-13 07:24:47,033 INFO  server.RaftServerConfigKeys (ConfUtils.java:logGet(43)) - raft.server.storage.dir = [/tmp/workdir/hadoop-ozone/integration-test/target/test-dir/MiniOzoneClusterImpl-941c324f-0157-4255-9475-d1e8b8c31c02/datanode-5/data/ratis] (custom)
2019-07-13 07:24:47,033 INFO  storage.RaftStorageDirectory (RaftStorageDirectory.java:analyzeStorage(246)) - The storage directory /tmp/workdir/hadoop-ozone/integration-test/target/test-dir/MiniOzoneClusterImpl-941c324f-0157-4255-9475-d1e8b8c31c02/datanode-5/data/ratis/979f6734-129e-42d3-8609-f283260aa46a does not exist. Creating ...
2019-07-13 07:24:47,047 INFO  storage.RaftStorageDirectory (RaftStorageDirectory.java:tryLock(328)) - Lock on /tmp/workdir/hadoop-ozone/integration-test/target/test-dir/MiniOzoneClusterImpl-941c324f-0157-4255-9475-d1e8b8c31c02/datanode-4/data/ratis/979f6734-129e-42d3-8609-f283260aa46a/in_use.lock acquired by nodename 15876@trunk-nightly-9lh4p-2362225927
2019-07-13 07:24:47,047 INFO  storage.RaftStorageDirectory (RaftStorageDirectory.java:tryLock(328)) - Lock on /tmp/workdir/hadoop-ozone/integration-test/target/test-dir/MiniOzoneClusterImpl-941c324f-0157-4255-9475-d1e8b8c31c02/datanode-5/data/ratis/979f6734-129e-42d3-8609-f283260aa46a/in_use.lock acquired by nodename 15876@trunk-nightly-9lh4p-2362225927
2019-07-13 07:24:47,047 INFO  storage.RaftStorageDirectory (RaftStorageDirectory.java:tryLock(328)) - Lock on /tmp/workdir/hadoop-ozone/integration-test/target/test-dir/MiniOzoneClusterImpl-941c324f-0157-4255-9475-d1e8b8c31c02/datanode-3/data/ratis/979f6734-129e-42d3-8609-f283260aa46a/in_use.lock acquired by nodename 15876@trunk-nightly-9lh4p-2362225927
2019-07-13 07:24:47,061 INFO  storage.RaftStorage (RaftStorage.java:format(72)) - Storage directory /tmp/workdir/hadoop-ozone/integration-test/target/test-dir/MiniOzoneClusterImpl-941c324f-0157-4255-9475-d1e8b8c31c02/datanode-3/data/ratis/979f6734-129e-42d3-8609-f283260aa46a has been successfully formatted.
2019-07-13 07:24:47,061 INFO  storage.RaftStorage (RaftStorage.java:format(72)) - Storage directory /tmp/workdir/hadoop-ozone/integration-test/target/test-dir/MiniOzoneClusterImpl-941c324f-0157-4255-9475-d1e8b8c31c02/datanode-5/data/ratis/979f6734-129e-42d3-8609-f283260aa46a has been successfully formatted.
2019-07-13 07:24:47,061 INFO  storage.RaftStorage (RaftStorage.java:format(72)) - Storage directory /tmp/workdir/hadoop-ozone/integration-test/target/test-dir/MiniOzoneClusterImpl-941c324f-0157-4255-9475-d1e8b8c31c02/datanode-4/data/ratis/979f6734-129e-42d3-8609-f283260aa46a has been successfully formatted.
2019-07-13 07:24:47,061 INFO  ratis.ContainerStateMachine (ContainerStateMachine.java:loadSnapshot(200)) - The snapshot info is null.Setting the last applied index to:(t:0, i:~)
2019-07-13 07:24:47,062 INFO  ratis.ContainerStateMachine (ContainerStateMachine.java:loadSnapshot(200)) - The snapshot info is null.Setting the last applied index to:(t:0, i:~)
2019-07-13 07:24:47,061 INFO  ratis.ContainerStateMachine (ContainerStateMachine.java:loadSnapshot(200)) - The snapshot info is null.Setting the last applied index to:(t:0, i:~)
2019-07-13 07:24:47,062 INFO  server.RaftServerConfigKeys (ConfUtils.java:logGet(43)) - raft.server.leader.election.timeout = 120s (custom)
2019-07-13 07:24:47,062 INFO  server.RaftServerConfigKeys (ConfUtils.java:logGet(43)) - raft.server.leader.election.timeout = 120s (custom)
2019-07-13 07:24:47,062 INFO  server.RaftServerConfigKeys (ConfUtils.java:logGet(43)) - raft.server.log.use.memory = false (default)
2019-07-13 07:24:47,062 INFO  server.RaftServerConfigKeys (ConfUtils.java:logGet(43)) - raft.server.leader.election.timeout = 120s (custom)
2019-07-13 07:24:47,062 INFO  server.RaftServerConfigKeys (ConfUtils.java:logGet(43)) - raft.server.log.purge.gap = 1000000000 (custom)
2019-07-13 07:24:47,063 INFO  server.RaftServerConfigKeys (ConfUtils.java:logGet(43)) - raft.server.log.appender.buffer.byte-limit = 33554432 (custom)
2019-07-13 07:24:47,062 INFO  server.RaftServerConfigKeys (ConfUtils.java:logGet(43)) - raft.server.log.use.memory = false (default)
2019-07-13 07:24:47,063 INFO  server.RaftServerConfigKeys (ConfUtils.java:logGet(43)) - raft.server.log.segment.size.max = 1048576 (custom)
2019-07-13 07:24:47,062 INFO  server.RaftServerConfigKeys (ConfUtils.java:logGet(43)) - raft.server.log.use.memory = false (default)
2019-07-13 07:24:47,063 INFO  server.RaftServerConfigKeys (ConfUtils.java:logGet(43)) - raft.server.log.segment.cache.num.max = 2 (custom)
2019-07-13 07:24:47,063 INFO  server.RaftServerConfigKeys (ConfUtils.java:logGet(43)) - raft.server.log.purge.gap = 1000000000 (custom)
2019-07-13 07:24:47,063 INFO  segmented.SegmentedRaftLogWorker (SegmentedRaftLogWorker.java:<init>(172)) - new 3124f886-aefa-4d74-8825-f582d519003a-SegmentedRaftLogWorker:Storage Directory /tmp/workdir/hadoop-ozone/integration-test/target/test-dir/MiniOzoneClusterImpl-941c324f-0157-4255-9475-d1e8b8c31c02/datanode-4/data/ratis/979f6734-129e-42d3-8609-f283260aa46a for RaftStorage:Storage Directory /tmp/workdir/hadoop-ozone/integration-test/target/test-dir/MiniOzoneClusterImpl-941c324f-0157-4255-9475-d1e8b8c31c02/datanode-4/data/ratis/979f6734-129e-42d3-8609-f283260aa46a
2019-07-13 07:24:47,063 INFO  server.RaftServerConfigKeys (ConfUtils.java:logGet(43)) - raft.server.log.purge.gap = 1000000000 (custom)
2019-07-13 07:24:47,064 INFO  server.RaftServerConfigKeys (ConfUtils.java:logGet(43)) - raft.server.log.queue.byte-limit = 2147483647 (custom)
2019-07-13 07:24:47,063 INFO  server.RaftServerConfigKeys (ConfUtils.java:logGet(43)) - raft.server.log.appender.buffer.byte-limit = 33554432 (custom)
2019-07-13 07:24:47,064 INFO  server.RaftServerConfigKeys (ConfUtils.java:logGet(43)) - raft.server.log.queue.element-limit = 1024 (custom)
2019-07-13 07:24:47,064 INFO  server.RaftServerConfigKeys (ConfUtils.java:logGet(43)) - raft.server.log.appender.buffer.byte-limit = 33554432 (custom)
2019-07-13 07:24:47,064 INFO  server.RaftServerConfigKeys (ConfUtils.java:logGet(43)) - raft.server.log.segment.size.max = 1048576 (custom)
2019-07-13 07:24:47,064 INFO  server.RaftServerConfigKeys (ConfUtils.java:logGet(43)) - raft.server.log.segment.size.max = 1048576 (custom)
2019-07-13 07:24:47,064 INFO  server.RaftServerConfigKeys (ConfUtils.java:logGet(43)) - raft.server.log.preallocated.size = 16384 (custom)
2019-07-13 07:24:47,065 INFO  server.RaftServerConfigKeys (ConfUtils.java:logGet(43)) - raft.server.log.write.buffer.size = 33554432 (custom)
2019-07-13 07:24:47,064 INFO  server.RaftServerConfigKeys (ConfUtils.java:logGet(43)) - raft.server.log.segment.size.max = 1048576 (custom)
2019-07-13 07:24:47,065 INFO  server.RaftServerConfigKeys (ConfUtils.java:logGet(43)) - raft.server.log.force.sync.num = 128 (default)
2019-07-13 07:24:47,065 INFO  server.RaftServerConfigKeys (ConfUtils.java:logGet(43)) - raft.server.log.segment.cache.num.max = 2 (custom)
2019-07-13 07:24:47,065 INFO  server.RaftServerConfigKeys (ConfUtils.java:logGet(43)) - raft.server.log.statemachine.data.sync = true (default)
2019-07-13 07:24:47,065 INFO  server.RaftServerConfigKeys (ConfUtils.java:logGet(43)) - raft.server.log.segment.cache.num.max = 2 (custom)
2019-07-13 07:24:47,065 INFO  server.RaftServerConfigKeys (ConfUtils.java:logGet(43)) - raft.server.log.statemachine.data.sync.timeout = 10s (default)
2019-07-13 07:24:47,066 INFO  server.RaftServerConfigKeys (ConfUtils.java:logGet(43)) - raft.server.log.statemachine.data.sync.timeout.retry = -1 (default)
2019-07-13 07:24:47,065 INFO  segmented.SegmentedRaftLogWorker (SegmentedRaftLogWorker.java:<init>(172)) - new bcfa1d54-0cc1-4401-b26c-7cc42d7d3c1e-SegmentedRaftLogWorker:Storage Directory /tmp/workdir/hadoop-ozone/integration-test/target/test-dir/MiniOzoneClusterImpl-941c324f-0157-4255-9475-d1e8b8c31c02/datanode-3/data/ratis/979f6734-129e-42d3-8609-f283260aa46a for RaftStorage:Storage Directory /tmp/workdir/hadoop-ozone/integration-test/target/test-dir/MiniOzoneClusterImpl-941c324f-0157-4255-9475-d1e8b8c31c02/datanode-3/data/ratis/979f6734-129e-42d3-8609-f283260aa46a
2019-07-13 07:24:47,066 INFO  server.RaftServerConfigKeys (ConfUtils.java:logGet(43)) - raft.server.log.statemachine.data.caching.enabled = true (custom)
2019-07-13 07:24:47,065 INFO  segmented.SegmentedRaftLogWorker (SegmentedRaftLogWorker.java:<init>(172)) - new 087355bb-25f1-45f5-b864-6f7d8d3ec78b-SegmentedRaftLogWorker:Storage Directory /tmp/workdir/hadoop-ozone/integration-test/target/test-dir/MiniOzoneClusterImpl-941c324f-0157-4255-9475-d1e8b8c31c02/datanode-5/data/ratis/979f6734-129e-42d3-8609-f283260aa46a for RaftStorage:Storage Directory /tmp/workdir/hadoop-ozone/integration-test/target/test-dir/MiniOzoneClusterImpl-941c324f-0157-4255-9475-d1e8b8c31c02/datanode-5/data/ratis/979f6734-129e-42d3-8609-f283260aa46a
2019-07-13 07:24:47,066 INFO  segmented.SegmentedRaftLogWorker (SegmentedRaftLogWorker.java:lambda$new$0(132)) - 3124f886-aefa-4d74-8825-f582d519003a-SegmentedRaftLogWorker:Storage Directory /tmp/workdir/hadoop-ozone/integration-test/target/test-dir/MiniOzoneClusterImpl-941c324f-0157-4255-9475-d1e8b8c31c02/datanode-4/data/ratis/979f6734-129e-42d3-8609-f283260aa46a: flushIndex: setUnconditionally 0 -> -1
2019-07-13 07:24:47,066 INFO  server.RaftServerConfigKeys (ConfUtils.java:logGet(43)) - raft.server.log.queue.byte-limit = 2147483647 (custom)
2019-07-13 07:24:47,066 INFO  server.RaftServerConfigKeys (ConfUtils.java:logGet(43)) - raft.server.log.queue.byte-limit = 2147483647 (custom)
2019-07-13 07:24:47,066 INFO  server.RaftServerConfigKeys (ConfUtils.java:logGet(43)) - raft.server.snapshot.auto.trigger.enabled = true (custom)
2019-07-13 07:24:47,066 INFO  server.RaftServerConfigKeys (ConfUtils.java:logGet(43)) - raft.server.log.queue.element-limit = 1024 (custom)
2019-07-13 07:24:47,067 INFO  server.RaftServerConfigKeys (ConfUtils.java:logGet(43)) - raft.server.snapshot.auto.trigger.threshold = 10000 (custom)
2019-07-13 07:24:47,067 INFO  server.RaftServerConfigKeys (ConfUtils.java:logGet(43)) - raft.server.log.queue.element-limit = 1024 (custom)
2019-07-13 07:24:47,067 INFO  server.RaftServerConfigKeys (ConfUtils.java:logGet(43)) - raft.server.retrycache.expirytime = 600000ms (custom)
2019-07-13 07:24:47,067 INFO  server.RaftServerConfigKeys (ConfUtils.java:logGet(43)) - raft.server.log.segment.size.max = 1048576 (custom)
2019-07-13 07:24:47,067 INFO  impl.RaftServerImpl (RaftServerImpl.java:start(180)) - 3124f886-aefa-4d74-8825-f582d519003a: start group-F283260AA46A
2019-07-13 07:24:47,067 INFO  impl.RaftServerImpl (RaftServerImpl.java:setRole(171)) - 3124f886-aefa-4d74-8825-f582d519003a:group-F283260AA46A changes role from null to FOLLOWER at term 0 for startAsFollower
2019-07-13 07:24:47,067 INFO  server.RaftServerConfigKeys (ConfUtils.java:logGet(43)) - raft.server.log.segment.size.max = 1048576 (custom)
2019-07-13 07:24:47,068 INFO  impl.RoleInfo (RoleInfo.java:updateAndGet(143)) - 3124f886-aefa-4d74-8825-f582d519003a: start FollowerState
2019-07-13 07:24:47,067 INFO  server.RaftServerConfigKeys (ConfUtils.java:logGet(43)) - raft.server.log.preallocated.size = 16384 (custom)
2019-07-13 07:24:47,068 INFO  server.RaftServerConfigKeys (ConfUtils.java:logGet(43)) - raft.server.log.preallocated.size = 16384 (custom)
2019-07-13 07:24:47,068 INFO  util.JmxRegister (JmxRegister.java:tryRegister(44)) - Successfully registered JMX Bean with object name Ratis:service=RaftServer,group=group-F283260AA46A,id=3124f886-aefa-4d74-8825-f582d519003a
2019-07-13 07:24:47,068 INFO  server.RaftServerConfigKeys (ConfUtils.java:logGet(43)) - raft.server.log.write.buffer.size = 33554432 (custom)
2019-07-13 07:24:47,068 INFO  server.RaftServerConfigKeys (ConfUtils.java:logGet(43)) - raft.server.log.write.buffer.size = 33554432 (custom)
2019-07-13 07:24:47,068 INFO  server.RaftServerConfigKeys (ConfUtils.java:logGet(43)) - raft.server.log.force.sync.num = 128 (default)
2019-07-13 07:24:47,069 INFO  server.RaftServerConfigKeys (ConfUtils.java:logGet(43)) - raft.server.log.force.sync.num = 128 (default)
2019-07-13 07:24:47,069 INFO  server.RaftServerConfigKeys (ConfUtils.java:logGet(43)) - raft.server.log.statemachine.data.sync = true (default)
2019-07-13 07:24:47,069 INFO  server.RaftServerConfigKeys (ConfUtils.java:logGet(43)) - raft.server.log.statemachine.data.sync = true (default)
2019-07-13 07:24:47,069 INFO  server.RaftServerConfigKeys (ConfUtils.java:logGet(43)) - raft.server.log.statemachine.data.sync.timeout = 10s (default)
2019-07-13 07:24:47,069 INFO  server.RaftServerConfigKeys (ConfUtils.java:logGet(43)) - raft.server.log.statemachine.data.sync.timeout = 10s (default)
2019-07-13 07:24:47,069 INFO  server.RaftServerConfigKeys (ConfUtils.java:logGet(43)) - raft.server.log.statemachine.data.sync.timeout.retry = -1 (default)
2019-07-13 07:24:47,070 INFO  server.RaftServerConfigKeys (ConfUtils.java:logGet(43)) - raft.server.log.statemachine.data.sync.timeout.retry = -1 (default)
2019-07-13 07:24:47,070 INFO  server.RaftServerConfigKeys (ConfUtils.java:logGet(43)) - raft.server.log.statemachine.data.caching.enabled = true (custom)
2019-07-13 07:24:47,070 INFO  server.RaftServerConfigKeys (ConfUtils.java:logGet(43)) - raft.server.log.statemachine.data.caching.enabled = true (custom)
2019-07-13 07:24:47,070 INFO  segmented.SegmentedRaftLogWorker (SegmentedRaftLogWorker.java:lambda$new$0(132)) - bcfa1d54-0cc1-4401-b26c-7cc42d7d3c1e-SegmentedRaftLogWorker:Storage Directory /tmp/workdir/hadoop-ozone/integration-test/target/test-dir/MiniOzoneClusterImpl-941c324f-0157-4255-9475-d1e8b8c31c02/datanode-3/data/ratis/979f6734-129e-42d3-8609-f283260aa46a: flushIndex: setUnconditionally 0 -> -1
2019-07-13 07:24:47,070 INFO  segmented.SegmentedRaftLogWorker (SegmentedRaftLogWorker.java:lambda$new$0(132)) - 087355bb-25f1-45f5-b864-6f7d8d3ec78b-SegmentedRaftLogWorker:Storage Directory /tmp/workdir/hadoop-ozone/integration-test/target/test-dir/MiniOzoneClusterImpl-941c324f-0157-4255-9475-d1e8b8c31c02/datanode-5/data/ratis/979f6734-129e-42d3-8609-f283260aa46a: flushIndex: setUnconditionally 0 -> -1
2019-07-13 07:24:47,071 INFO  server.RaftServerConfigKeys (ConfUtils.java:logGet(43)) - raft.server.snapshot.auto.trigger.enabled = true (custom)
2019-07-13 07:24:47,071 INFO  server.RaftServerConfigKeys (ConfUtils.java:logGet(43)) - raft.server.snapshot.auto.trigger.threshold = 10000 (custom)
2019-07-13 07:24:47,071 INFO  server.RaftServerConfigKeys (ConfUtils.java:logGet(43)) - raft.server.snapshot.auto.trigger.enabled = true (custom)
2019-07-13 07:24:47,071 INFO  server.RaftServerConfigKeys (ConfUtils.java:logGet(43)) - raft.server.retrycache.expirytime = 600000ms (custom)
2019-07-13 07:24:47,071 INFO  server.RaftServerConfigKeys (ConfUtils.java:logGet(43)) - raft.server.snapshot.auto.trigger.threshold = 10000 (custom)
2019-07-13 07:24:47,071 INFO  impl.RaftServerImpl (RaftServerImpl.java:start(180)) - bcfa1d54-0cc1-4401-b26c-7cc42d7d3c1e: start group-F283260AA46A
2019-07-13 07:24:47,071 INFO  server.RaftServerConfigKeys (ConfUtils.java:logGet(43)) - raft.server.retrycache.expirytime = 600000ms (custom)
2019-07-13 07:24:47,071 INFO  impl.RaftServerImpl (RaftServerImpl.java:setRole(171)) - bcfa1d54-0cc1-4401-b26c-7cc42d7d3c1e:group-F283260AA46A changes role from null to FOLLOWER at term 0 for startAsFollower
2019-07-13 07:24:47,072 INFO  impl.RaftServerImpl (RaftServerImpl.java:start(180)) - 087355bb-25f1-45f5-b864-6f7d8d3ec78b: start group-F283260AA46A
2019-07-13 07:24:47,072 INFO  impl.RoleInfo (RoleInfo.java:updateAndGet(143)) - bcfa1d54-0cc1-4401-b26c-7cc42d7d3c1e: start FollowerState
2019-07-13 07:24:47,072 INFO  impl.RaftServerImpl (RaftServerImpl.java:setRole(171)) - 087355bb-25f1-45f5-b864-6f7d8d3ec78b:group-F283260AA46A changes role from null to FOLLOWER at term 0 for startAsFollower
2019-07-13 07:24:47,072 INFO  impl.RoleInfo (RoleInfo.java:updateAndGet(143)) - 087355bb-25f1-45f5-b864-6f7d8d3ec78b: start FollowerState
2019-07-13 07:24:47,072 INFO  util.JmxRegister (JmxRegister.java:tryRegister(44)) - Successfully registered JMX Bean with object name Ratis:service=RaftServer,group=group-F283260AA46A,id=bcfa1d54-0cc1-4401-b26c-7cc42d7d3c1e
2019-07-13 07:24:47,072 INFO  util.JmxRegister (JmxRegister.java:tryRegister(44)) - Successfully registered JMX Bean with object name Ratis:service=RaftServer,group=group-F283260AA46A,id=087355bb-25f1-45f5-b864-6f7d8d3ec78b
2019-07-13 07:24:47,075 INFO  pipeline.PipelineStateManager (PipelineStateManager.java:addPipeline(56)) - Created pipeline Pipeline[ Id: 979f6734-129e-42d3-8609-f283260aa46a, Nodes: 087355bb-25f1-45f5-b864-6f7d8d3ec78b{ip: 192.168.69.84, host: trunk-nightly-9lh4p-2362225927, networkLocation: /default-rack, certSerialId: null}bcfa1d54-0cc1-4401-b26c-7cc42d7d3c1e{ip: 192.168.69.84, host: trunk-nightly-9lh4p-2362225927, networkLocation: /default-rack, certSerialId: null}3124f886-aefa-4d74-8825-f582d519003a{ip: 192.168.69.84, host: trunk-nightly-9lh4p-2362225927, networkLocation: /default-rack, certSerialId: null}, Type:RATIS, Factor:THREE, State:OPEN]
2019-07-13 07:24:47,114 INFO  client.GrpcClientProtocolClient (GrpcClientProtocolClient.java:onNext(255)) - client-E10D2D790EAC->c914261d-7132-4fca-86ff-e1ab4ebbf7be: receive RaftClientReply:client-E10D2D790EAC->c914261d-7132-4fca-86ff-e1ab4ebbf7be@group-209CBD3109F0, cid=130, FAILED org.apache.ratis.protocol.NotLeaderException: Server c914261d-7132-4fca-86ff-e1ab4ebbf7be is not the leader (null). Request must be sent to leader., logIndex=0, commits[c914261d-7132-4fca-86ff-e1ab4ebbf7be:c-1]
2019-07-13 07:24:48,162 INFO  client.GrpcClientProtocolClient (GrpcClientProtocolClient.java:onNext(255)) - client-E10D2D790EAC->e7a9de48-873e-48a5-b9f6-7a4625dd6b0b: receive RaftClientReply:client-E10D2D790EAC->e7a9de48-873e-48a5-b9f6-7a4625dd6b0b@group-209CBD3109F0, cid=130, FAILED org.apache.ratis.protocol.NotLeaderException: Server e7a9de48-873e-48a5-b9f6-7a4625dd6b0b is not the leader (null). Request must be sent to leader., logIndex=0, commits[e7a9de48-873e-48a5-b9f6-7a4625dd6b0b:c-1]
2019-07-13 07:24:48,261 WARN  server.GrpcLogAppender (LogUtils.java:warn(134)) - c18e5551-1800-40d1-9af7-9b9ec855c36c->b6a2e03e-f3bd-4b9a-b2cc-05e16fdeb3db: Failed appendEntries: org.apache.ratis.thirdparty.io.grpc.StatusRuntimeException: UNAVAILABLE: io exception
2019-07-13 07:24:48,269 INFO  impl.FollowerInfo (FollowerInfo.java:lambda$new$0(50)) - c18e5551-1800-40d1-9af7-9b9ec855c36c->b6a2e03e-f3bd-4b9a-b2cc-05e16fdeb3db: nextIndex: updateUnconditionally 8 -> 7
2019-07-13 07:24:48,922 INFO  container.ReplicationManager (ReplicationManager.java:start(155)) - Starting Replication Monitor Thread.
2019-07-13 07:24:48,932 INFO  container.ReplicationManager (ReplicationManager.java:run(207)) - Replication Monitor Thread took 1 milliseconds for processing 1 containers.
2019-07-13 07:24:49,205 INFO  client.GrpcClientProtocolClient (GrpcClientProtocolClient.java:onNext(255)) - client-E10D2D790EAC->1a861c74-1484-402a-9ff9-9d6113d38ce4: receive RaftClientReply:client-E10D2D790EAC->1a861c74-1484-402a-9ff9-9d6113d38ce4@group-209CBD3109F0, cid=130, FAILED org.apache.ratis.protocol.NotLeaderException: Server 1a861c74-1484-402a-9ff9-9d6113d38ce4 is not the leader (null). Request must be sent to leader., logIndex=0, commits[1a861c74-1484-402a-9ff9-9d6113d38ce4:c-1]
2019-07-13 07:24:50,239 INFO  client.GrpcClientProtocolClient (GrpcClientProtocolClient.java:onNext(255)) - client-E10D2D790EAC->c914261d-7132-4fca-86ff-e1ab4ebbf7be: receive RaftClientReply:client-E10D2D790EAC->c914261d-7132-4fca-86ff-e1ab4ebbf7be@group-209CBD3109F0, cid=130, FAILED org.apache.ratis.protocol.NotLeaderException: Server c914261d-7132-4fca-86ff-e1ab4ebbf7be is not the leader (null). Request must be sent to leader., logIndex=0, commits[c914261d-7132-4fca-86ff-e1ab4ebbf7be:c-1]
2019-07-13 07:24:50,762 WARN  server.GrpcLogAppender (LogUtils.java:warn(134)) - c18e5551-1800-40d1-9af7-9b9ec855c36c->b6a2e03e-f3bd-4b9a-b2cc-05e16fdeb3db: Failed appendEntries: org.apache.ratis.thirdparty.io.grpc.StatusRuntimeException: UNAVAILABLE: io exception
2019-07-13 07:24:50,772 INFO  impl.FollowerInfo (FollowerInfo.java:lambda$new$0(50)) - c18e5551-1800-40d1-9af7-9b9ec855c36c->b6a2e03e-f3bd-4b9a-b2cc-05e16fdeb3db: nextIndex: updateUnconditionally 7 -> 6
2019-07-13 07:24:51,156 INFO  impl.FollowerState (FollowerState.java:run(106)) - 1a861c74-1484-402a-9ff9-9d6113d38ce4:group-91C1353F4ED1 changes to CANDIDATE, lastRpcTime:5178, electionTimeout:5178ms
2019-07-13 07:24:51,156 INFO  impl.RoleInfo (RoleInfo.java:shutdownFollowerState(121)) - 1a861c74-1484-402a-9ff9-9d6113d38ce4: shutdown FollowerState
2019-07-13 07:24:51,157 INFO  impl.RaftServerImpl (RaftServerImpl.java:setRole(171)) - 1a861c74-1484-402a-9ff9-9d6113d38ce4:group-91C1353F4ED1 changes role from FOLLOWER to CANDIDATE at term 0 for changeToCandidate
2019-07-13 07:24:51,157 INFO  impl.RoleInfo (RoleInfo.java:updateAndGet(143)) - 1a861c74-1484-402a-9ff9-9d6113d38ce4: start LeaderElection
2019-07-13 07:24:51,182 INFO  impl.LeaderElection (LeaderElection.java:askForVotes(181)) - 1a861c74-1484-402a-9ff9-9d6113d38ce4:group-91C1353F4ED1:LeaderElection57: begin an election at term 1 for -1: [1a861c74-1484-402a-9ff9-9d6113d38ce4:192.168.69.84:38340], old=null
2019-07-13 07:24:51,182 INFO  impl.RoleInfo (RoleInfo.java:shutdownLeaderElection(134)) - 1a861c74-1484-402a-9ff9-9d6113d38ce4: shutdown LeaderElection
2019-07-13 07:24:51,182 INFO  impl.RaftServerImpl (RaftServerImpl.java:setRole(171)) - 1a861c74-1484-402a-9ff9-9d6113d38ce4:group-91C1353F4ED1 changes role from CANDIDATE to LEADER at term 1 for changeToLeader
2019-07-13 07:24:51,182 INFO  impl.RaftServerImpl (ServerState.java:setLeader(263)) - 1a861c74-1484-402a-9ff9-9d6113d38ce4:group-91C1353F4ED1 change Leader from null to 1a861c74-1484-402a-9ff9-9d6113d38ce4 at term 1 for becomeLeader, leader elected after 5209ms
2019-07-13 07:24:51,183 INFO  server.RaftServerConfigKeys (ConfUtils.java:logGet(43)) - raft.server.staging.catchup.gap = 1000 (default)
2019-07-13 07:24:51,183 INFO  server.RaftServerConfigKeys (ConfUtils.java:logGet(43)) - raft.server.rpc.sleep.time = 25ms (default)
2019-07-13 07:24:51,183 INFO  server.RaftServerConfigKeys (ConfUtils.java:logGet(43)) - raft.server.write.element-limit = 4096 (default)
2019-07-13 07:24:51,183 INFO  server.RaftServerConfigKeys (ConfUtils.java:logGet(43)) - raft.server.watch.timeout = 10s (default)
2019-07-13 07:24:51,183 INFO  server.RaftServerConfigKeys (ConfUtils.java:logGet(43)) - raft.server.watch.timeout.denomination = 1s (default)
2019-07-13 07:24:51,184 INFO  server.RaftServerConfigKeys (ConfUtils.java:logGet(43)) - raft.server.watch.element-limit = 65536 (default)
2019-07-13 07:24:51,184 INFO  impl.RoleInfo (RoleInfo.java:updateAndGet(143)) - 1a861c74-1484-402a-9ff9-9d6113d38ce4: start LeaderState
2019-07-13 07:24:51,184 INFO  segmented.SegmentedRaftLogWorker (SegmentedRaftLogWorker.java:startLogSegment(380)) - 1a861c74-1484-402a-9ff9-9d6113d38ce4-SegmentedRaftLogWorker:Storage Directory /tmp/workdir/hadoop-ozone/integration-test/target/test-dir/MiniOzoneClusterImpl-941c324f-0157-4255-9475-d1e8b8c31c02/datanode-0/data/ratis/a2fdc612-7136-4d38-bb12-91c1353f4ed1: Starting segment from index:0
2019-07-13 07:24:51,185 INFO  impl.RaftServerImpl (ServerState.java:setRaftConf(361)) - 1a861c74-1484-402a-9ff9-9d6113d38ce4:group-91C1353F4ED1 set configuration 0: [1a861c74-1484-402a-9ff9-9d6113d38ce4:192.168.69.84:38340], old=null at 0
2019-07-13 07:24:51,216 INFO  segmented.SegmentedRaftLogWorker (SegmentedRaftLogWorker.java:execute(569)) - 1a861c74-1484-402a-9ff9-9d6113d38ce4-SegmentedRaftLogWorker:Storage Directory /tmp/workdir/hadoop-ozone/integration-test/target/test-dir/MiniOzoneClusterImpl-941c324f-0157-4255-9475-d1e8b8c31c02/datanode-0/data/ratis/a2fdc612-7136-4d38-bb12-91c1353f4ed1: created new log segment /tmp/workdir/hadoop-ozone/integration-test/target/test-dir/MiniOzoneClusterImpl-941c324f-0157-4255-9475-d1e8b8c31c02/datanode-0/data/ratis/a2fdc612-7136-4d38-bb12-91c1353f4ed1/current/log_inprogress_0
2019-07-13 07:24:51,309 INFO  impl.FollowerState (FollowerState.java:run(106)) - c914261d-7132-4fca-86ff-e1ab4ebbf7be:group-8D20CAFB8FEB changes to CANDIDATE, lastRpcTime:5156, electionTimeout:5151ms
2019-07-13 07:24:51,309 INFO  impl.RoleInfo (RoleInfo.java:shutdownFollowerState(121)) - c914261d-7132-4fca-86ff-e1ab4ebbf7be: shutdown FollowerState
2019-07-13 07:24:51,309 INFO  impl.RaftServerImpl (RaftServerImpl.java:setRole(171)) - c914261d-7132-4fca-86ff-e1ab4ebbf7be:group-8D20CAFB8FEB changes role from FOLLOWER to CANDIDATE at term 0 for changeToCandidate
2019-07-13 07:24:51,309 INFO  impl.RoleInfo (RoleInfo.java:updateAndGet(143)) - c914261d-7132-4fca-86ff-e1ab4ebbf7be: start LeaderElection
2019-07-13 07:24:51,310 INFO  client.GrpcClientProtocolClient (GrpcClientProtocolClient.java:onNext(255)) - client-E10D2D790EAC->1a861c74-1484-402a-9ff9-9d6113d38ce4: receive RaftClientReply:client-E10D2D790EAC->1a861c74-1484-402a-9ff9-9d6113d38ce4@group-209CBD3109F0, cid=130, FAILED org.apache.ratis.protocol.NotLeaderException: Server 1a861c74-1484-402a-9ff9-9d6113d38ce4 is not the leader (null). Request must be sent to leader., logIndex=0, commits[1a861c74-1484-402a-9ff9-9d6113d38ce4:c-1]
2019-07-13 07:24:51,348 WARN  io.KeyOutputStream (KeyOutputStream.java:handleException(276)) - Encountered exception java.io.IOException: Unexpected Storage Container Exception: java.util.concurrent.CompletionException: java.util.concurrent.CompletionException: org.apache.ratis.protocol.RaftRetryFailureException: Failed RaftClientRequest:client-E10D2D790EAC->1a861c74-1484-402a-9ff9-9d6113d38ce4@group-209CBD3109F0, cid=130, seq=1*, RW, org.apache.hadoop.hdds.scm.XceiverClientRatis$$Lambda$309/1480893137@45a1305c for 5 attempts with RetryLimited(maxAttempts=5, sleepTime=1000ms) on the pipeline Pipeline[ Id: a89d6e8d-924b-4872-8f34-209cbd3109f0, Nodes: c914261d-7132-4fca-86ff-e1ab4ebbf7be{ip: 192.168.69.84, host: trunk-nightly-9lh4p-2362225927, networkLocation: /default-rack, certSerialId: null}1a861c74-1484-402a-9ff9-9d6113d38ce4{ip: 192.168.69.84, host: trunk-nightly-9lh4p-2362225927, networkLocation: /default-rack, certSerialId: null}e7a9de48-873e-48a5-b9f6-7a4625dd6b0b{ip: 192.168.69.84, host: trunk-nightly-9lh4p-2362225927, networkLocation: /default-rack, certSerialId: null}, Type:RATIS, Factor:THREE, State:OPEN]. The last committed block length is 0, uncommitted data length is 1048576 retry count 0
2019-07-13 07:24:51,358 INFO  impl.LeaderElection (LeaderElection.java:askForVotes(181)) - c914261d-7132-4fca-86ff-e1ab4ebbf7be:group-8D20CAFB8FEB:LeaderElection58: begin an election at term 1 for -1: [c914261d-7132-4fca-86ff-e1ab4ebbf7be:192.168.69.84:46731], old=null
2019-07-13 07:24:51,363 INFO  impl.RoleInfo (RoleInfo.java:shutdownLeaderElection(134)) - c914261d-7132-4fca-86ff-e1ab4ebbf7be: shutdown LeaderElection
2019-07-13 07:24:51,363 INFO  impl.RaftServerImpl (RaftServerImpl.java:setRole(171)) - c914261d-7132-4fca-86ff-e1ab4ebbf7be:group-8D20CAFB8FEB changes role from CANDIDATE to LEADER at term 1 for changeToLeader
2019-07-13 07:24:51,363 INFO  impl.RaftServerImpl (ServerState.java:setLeader(263)) - c914261d-7132-4fca-86ff-e1ab4ebbf7be:group-8D20CAFB8FEB change Leader from null to c914261d-7132-4fca-86ff-e1ab4ebbf7be at term 1 for becomeLeader, leader elected after 5215ms
2019-07-13 07:24:51,364 INFO  server.RaftServerConfigKeys (ConfUtils.java:logGet(43)) - raft.server.staging.catchup.gap = 1000 (default)
2019-07-13 07:24:51,364 INFO  server.RaftServerConfigKeys (ConfUtils.java:logGet(43)) - raft.server.rpc.sleep.time = 25ms (default)
2019-07-13 07:24:51,364 INFO  server.RaftServerConfigKeys (ConfUtils.java:logGet(43)) - raft.server.write.element-limit = 4096 (default)
2019-07-13 07:24:51,364 INFO  server.RaftServerConfigKeys (ConfUtils.java:logGet(43)) - raft.server.watch.timeout = 10s (default)
2019-07-13 07:24:51,364 INFO  server.RaftServerConfigKeys (ConfUtils.java:logGet(43)) - raft.server.watch.timeout.denomination = 1s (default)
2019-07-13 07:24:51,364 INFO  server.RaftServerConfigKeys (ConfUtils.java:logGet(43)) - raft.server.watch.element-limit = 65536 (default)
2019-07-13 07:24:51,365 INFO  impl.RoleInfo (RoleInfo.java:updateAndGet(143)) - c914261d-7132-4fca-86ff-e1ab4ebbf7be: start LeaderState
2019-07-13 07:24:51,365 INFO  segmented.SegmentedRaftLogWorker (SegmentedRaftLogWorker.java:startLogSegment(380)) - c914261d-7132-4fca-86ff-e1ab4ebbf7be-SegmentedRaftLogWorker:Storage Directory /tmp/workdir/hadoop-ozone/integration-test/target/test-dir/MiniOzoneClusterImpl-941c324f-0157-4255-9475-d1e8b8c31c02/datanode-1/data/ratis/23bb4fda-50c6-435e-a161-8d20cafb8feb: Starting segment from index:0
2019-07-13 07:24:51,365 INFO  impl.RaftServerImpl (ServerState.java:setRaftConf(361)) - c914261d-7132-4fca-86ff-e1ab4ebbf7be:group-8D20CAFB8FEB set configuration 0: [c914261d-7132-4fca-86ff-e1ab4ebbf7be:192.168.69.84:46731], old=null at 0
2019-07-13 07:24:51,403 INFO  segmented.SegmentedRaftLogWorker (SegmentedRaftLogWorker.java:execute(569)) - c914261d-7132-4fca-86ff-e1ab4ebbf7be-SegmentedRaftLogWorker:Storage Directory /tmp/workdir/hadoop-ozone/integration-test/target/test-dir/MiniOzoneClusterImpl-941c324f-0157-4255-9475-d1e8b8c31c02/datanode-1/data/ratis/23bb4fda-50c6-435e-a161-8d20cafb8feb: created new log segment /tmp/workdir/hadoop-ozone/integration-test/target/test-dir/MiniOzoneClusterImpl-941c324f-0157-4255-9475-d1e8b8c31c02/datanode-1/data/ratis/23bb4fda-50c6-435e-a161-8d20cafb8feb/current/log_inprogress_0
2019-07-13 07:24:51,424 INFO  client.GrpcClientProtocolClient (GrpcClientProtocolClient.java:onNext(255)) - client-B4517EDD298F->087355bb-25f1-45f5-b864-6f7d8d3ec78b: receive RaftClientReply:client-B4517EDD298F->087355bb-25f1-45f5-b864-6f7d8d3ec78b@group-F283260AA46A, cid=132, FAILED org.apache.ratis.protocol.NotLeaderException: Server 087355bb-25f1-45f5-b864-6f7d8d3ec78b is not the leader (null). Request must be sent to leader., logIndex=0, commits[087355bb-25f1-45f5-b864-6f7d8d3ec78b:c-1]
2019-07-13 07:24:51,439 INFO  impl.FollowerState (FollowerState.java:run(106)) - e7a9de48-873e-48a5-b9f6-7a4625dd6b0b:group-32B6B5C6CEA8 changes to CANDIDATE, lastRpcTime:5096, electionTimeout:5095ms
2019-07-13 07:24:51,462 INFO  impl.RoleInfo (RoleInfo.java:shutdownFollowerState(121)) - e7a9de48-873e-48a5-b9f6-7a4625dd6b0b: shutdown FollowerState
2019-07-13 07:24:51,462 INFO  impl.RaftServerImpl (RaftServerImpl.java:setRole(171)) - e7a9de48-873e-48a5-b9f6-7a4625dd6b0b:group-32B6B5C6CEA8 changes role from FOLLOWER to CANDIDATE at term 0 for changeToCandidate
2019-07-13 07:24:51,468 INFO  impl.RoleInfo (RoleInfo.java:updateAndGet(143)) - e7a9de48-873e-48a5-b9f6-7a4625dd6b0b: start LeaderElection
2019-07-13 07:24:51,482 INFO  impl.FollowerState (FollowerState.java:run(106)) - 1a861c74-1484-402a-9ff9-9d6113d38ce4:group-209CBD3109F0 changes to CANDIDATE, lastRpcTime:5012, electionTimeout:5012ms
2019-07-13 07:24:51,482 INFO  impl.RoleInfo (RoleInfo.java:shutdownFollowerState(121)) - 1a861c74-1484-402a-9ff9-9d6113d38ce4: shutdown FollowerState
2019-07-13 07:24:51,483 INFO  impl.RaftServerImpl (RaftServerImpl.java:setRole(171)) - 1a861c74-1484-402a-9ff9-9d6113d38ce4:group-209CBD3109F0 changes role from FOLLOWER to CANDIDATE at term 0 for changeToCandidate
2019-07-13 07:24:51,483 INFO  impl.RoleInfo (RoleInfo.java:updateAndGet(143)) - 1a861c74-1484-402a-9ff9-9d6113d38ce4: start LeaderElection
2019-07-13 07:24:51,492 INFO  impl.LeaderElection (LeaderElection.java:askForVotes(181)) - e7a9de48-873e-48a5-b9f6-7a4625dd6b0b:group-32B6B5C6CEA8:LeaderElection59: begin an election at term 1 for -1: [e7a9de48-873e-48a5-b9f6-7a4625dd6b0b:192.168.69.84:46001], old=null
2019-07-13 07:24:51,492 INFO  impl.LeaderElection (LeaderElection.java:askForVotes(181)) - 1a861c74-1484-402a-9ff9-9d6113d38ce4:group-209CBD3109F0:LeaderElection60: begin an election at term 1 for -1: [e7a9de48-873e-48a5-b9f6-7a4625dd6b0b:192.168.69.84:46001, c914261d-7132-4fca-86ff-e1ab4ebbf7be:192.168.69.84:46731, 1a861c74-1484-402a-9ff9-9d6113d38ce4:192.168.69.84:38340], old=null
2019-07-13 07:24:51,492 INFO  impl.RoleInfo (RoleInfo.java:shutdownLeaderElection(134)) - e7a9de48-873e-48a5-b9f6-7a4625dd6b0b: shutdown LeaderElection
2019-07-13 07:24:51,492 INFO  impl.RaftServerImpl (RaftServerImpl.java:setRole(171)) - e7a9de48-873e-48a5-b9f6-7a4625dd6b0b:group-32B6B5C6CEA8 changes role from CANDIDATE to LEADER at term 1 for changeToLeader
2019-07-13 07:24:51,492 INFO  impl.RaftServerImpl (ServerState.java:setLeader(263)) - e7a9de48-873e-48a5-b9f6-7a4625dd6b0b:group-32B6B5C6CEA8 change Leader from null to e7a9de48-873e-48a5-b9f6-7a4625dd6b0b at term 1 for becomeLeader, leader elected after 5154ms
2019-07-13 07:24:51,492 INFO  server.RaftServerConfigKeys (ConfUtils.java:logGet(43)) - raft.server.staging.catchup.gap = 1000 (default)
2019-07-13 07:24:51,493 INFO  server.RaftServerConfigKeys (ConfUtils.java:logGet(43)) - raft.server.rpc.sleep.time = 25ms (default)
2019-07-13 07:24:51,493 INFO  server.RaftServerConfigKeys (ConfUtils.java:logGet(43)) - raft.server.write.element-limit = 4096 (default)
2019-07-13 07:24:51,493 INFO  server.RaftServerConfigKeys (ConfUtils.java:logGet(43)) - raft.server.watch.timeout = 10s (default)
2019-07-13 07:24:51,493 INFO  server.RaftServerConfigKeys (ConfUtils.java:logGet(43)) - raft.server.watch.timeout.denomination = 1s (default)
2019-07-13 07:24:51,493 INFO  server.RaftServerConfigKeys (ConfUtils.java:logGet(43)) - raft.server.watch.element-limit = 65536 (default)
2019-07-13 07:24:51,494 INFO  impl.RoleInfo (RoleInfo.java:updateAndGet(143)) - e7a9de48-873e-48a5-b9f6-7a4625dd6b0b: start LeaderState
2019-07-13 07:24:51,494 INFO  segmented.SegmentedRaftLogWorker (SegmentedRaftLogWorker.java:startLogSegment(380)) - e7a9de48-873e-48a5-b9f6-7a4625dd6b0b-SegmentedRaftLogWorker:Storage Directory /tmp/workdir/hadoop-ozone/integration-test/target/test-dir/MiniOzoneClusterImpl-941c324f-0157-4255-9475-d1e8b8c31c02/datanode-2/data/ratis/df8a3ac5-0b46-4196-a648-32b6b5c6cea8: Starting segment from index:0
2019-07-13 07:24:51,494 INFO  impl.RaftServerImpl (ServerState.java:setRaftConf(361)) - e7a9de48-873e-48a5-b9f6-7a4625dd6b0b:group-32B6B5C6CEA8 set configuration 0: [e7a9de48-873e-48a5-b9f6-7a4625dd6b0b:192.168.69.84:46001], old=null at 0
2019-07-13 07:24:51,497 INFO  impl.RaftServerImpl (RaftServerImpl.java:setRole(171)) - c914261d-7132-4fca-86ff-e1ab4ebbf7be:group-209CBD3109F0 changes role from FOLLOWER to FOLLOWER at term 1 for recognizeCandidate:1a861c74-1484-402a-9ff9-9d6113d38ce4
2019-07-13 07:24:51,497 INFO  impl.RaftServerImpl (RaftServerImpl.java:setRole(171)) - e7a9de48-873e-48a5-b9f6-7a4625dd6b0b:group-209CBD3109F0 changes role from FOLLOWER to FOLLOWER at term 1 for recognizeCandidate:1a861c74-1484-402a-9ff9-9d6113d38ce4
2019-07-13 07:24:51,497 INFO  impl.RoleInfo (RoleInfo.java:shutdownFollowerState(121)) - c914261d-7132-4fca-86ff-e1ab4ebbf7be: shutdown FollowerState
2019-07-13 07:24:51,497 INFO  impl.RoleInfo (RoleInfo.java:shutdownFollowerState(121)) - e7a9de48-873e-48a5-b9f6-7a4625dd6b0b: shutdown FollowerState
2019-07-13 07:24:51,497 INFO  impl.FollowerState (FollowerState.java:run(114)) - c914261d-7132-4fca-86ff-e1ab4ebbf7be: FollowerState was interrupted: java.lang.InterruptedException: sleep interrupted
2019-07-13 07:24:51,497 INFO  impl.RoleInfo (RoleInfo.java:updateAndGet(143)) - c914261d-7132-4fca-86ff-e1ab4ebbf7be: start FollowerState
2019-07-13 07:24:51,497 INFO  impl.FollowerState (FollowerState.java:run(114)) - e7a9de48-873e-48a5-b9f6-7a4625dd6b0b: FollowerState was interrupted: java.lang.InterruptedException: sleep interrupted
2019-07-13 07:24:51,497 INFO  impl.RoleInfo (RoleInfo.java:updateAndGet(143)) - e7a9de48-873e-48a5-b9f6-7a4625dd6b0b: start FollowerState
2019-07-13 07:24:51,514 INFO  impl.LeaderElection (LeaderElection.java:logAndReturn(56)) - 1a861c74-1484-402a-9ff9-9d6113d38ce4:group-209CBD3109F0:LeaderElection60: Election PASSED; received 1 response(s) [1a861c74-1484-402a-9ff9-9d6113d38ce4<-e7a9de48-873e-48a5-b9f6-7a4625dd6b0b#0:OK-t1] and 0 exception(s); 1a861c74-1484-402a-9ff9-9d6113d38ce4:t1, leader=null, voted=1a861c74-1484-402a-9ff9-9d6113d38ce4, raftlog=1a861c74-1484-402a-9ff9-9d6113d38ce4-SegmentedRaftLog:OPENED:c-1,f-1,i0, conf=-1: [e7a9de48-873e-48a5-b9f6-7a4625dd6b0b:192.168.69.84:46001, c914261d-7132-4fca-86ff-e1ab4ebbf7be:192.168.69.84:46731, 1a861c74-1484-402a-9ff9-9d6113d38ce4:192.168.69.84:38340], old=null
2019-07-13 07:24:51,514 INFO  impl.RoleInfo (RoleInfo.java:shutdownLeaderElection(134)) - 1a861c74-1484-402a-9ff9-9d6113d38ce4: shutdown LeaderElection
2019-07-13 07:24:51,514 INFO  impl.RaftServerImpl (RaftServerImpl.java:setRole(171)) - 1a861c74-1484-402a-9ff9-9d6113d38ce4:group-209CBD3109F0 changes role from CANDIDATE to LEADER at term 1 for changeToLeader
2019-07-13 07:24:51,514 INFO  impl.RaftServerImpl (ServerState.java:setLeader(263)) - 1a861c74-1484-402a-9ff9-9d6113d38ce4:group-209CBD3109F0 change Leader from null to 1a861c74-1484-402a-9ff9-9d6113d38ce4 at term 1 for becomeLeader, leader elected after 5052ms
2019-07-13 07:24:51,515 INFO  server.RaftServerConfigKeys (ConfUtils.java:logGet(43)) - raft.server.staging.catchup.gap = 1000 (default)
2019-07-13 07:24:51,515 INFO  segmented.SegmentedRaftLogWorker (SegmentedRaftLogWorker.java:execute(569)) - e7a9de48-873e-48a5-b9f6-7a4625dd6b0b-SegmentedRaftLogWorker:Storage Directory /tmp/workdir/hadoop-ozone/integration-test/target/test-dir/MiniOzoneClusterImpl-941c324f-0157-4255-9475-d1e8b8c31c02/datanode-2/data/ratis/df8a3ac5-0b46-4196-a648-32b6b5c6cea8: created new log segment /tmp/workdir/hadoop-ozone/integration-test/target/test-dir/MiniOzoneClusterImpl-941c324f-0157-4255-9475-d1e8b8c31c02/datanode-2/data/ratis/df8a3ac5-0b46-4196-a648-32b6b5c6cea8/current/log_inprogress_0
2019-07-13 07:24:51,515 INFO  server.RaftServerConfigKeys (ConfUtils.java:logGet(43)) - raft.server.rpc.sleep.time = 25ms (default)
2019-07-13 07:24:51,515 INFO  server.RaftServerConfigKeys (ConfUtils.java:logGet(43)) - raft.server.write.element-limit = 4096 (default)
2019-07-13 07:24:51,515 INFO  server.RaftServerConfigKeys (ConfUtils.java:logGet(43)) - raft.server.watch.timeout = 10s (default)
2019-07-13 07:24:51,515 INFO  server.RaftServerConfigKeys (ConfUtils.java:logGet(43)) - raft.server.watch.timeout.denomination = 1s (default)
2019-07-13 07:24:51,515 INFO  server.RaftServerConfigKeys (ConfUtils.java:logGet(43)) - raft.server.watch.element-limit = 65536 (default)
2019-07-13 07:24:51,516 INFO  server.RaftServerConfigKeys (ConfUtils.java:logGet(43)) - raft.server.log.appender.snapshot.chunk.size.max = 16MB (=16777216) (default)
2019-07-13 07:24:51,516 INFO  server.RaftServerConfigKeys (ConfUtils.java:logGet(43)) - raft.server.log.appender.buffer.byte-limit = 33554432 (custom)
2019-07-13 07:24:51,516 INFO  server.RaftServerConfigKeys (ConfUtils.java:logGet(43)) - raft.server.log.appender.buffer.element-limit = 1 (custom)
2019-07-13 07:24:51,516 INFO  grpc.GrpcConfigKeys$Server (ConfUtils.java:logGet(43)) - raft.grpc.server.leader.outstanding.appends.max = 128 (default)
2019-07-13 07:24:51,517 INFO  server.RaftServerConfigKeys (ConfUtils.java:logGet(43)) - raft.server.rpc.request.timeout = 3000ms (default)
2019-07-13 07:24:51,517 INFO  server.RaftServerConfigKeys (ConfUtils.java:logGet(43)) - raft.server.log.appender.install.snapshot.enabled = false (custom)
2019-07-13 07:24:51,517 INFO  server.RaftServerConfigKeys (ConfUtils.java:logGet(43)) - raft.server.log.appender.snapshot.chunk.size.max = 16MB (=16777216) (default)
2019-07-13 07:24:51,517 INFO  server.RaftServerConfigKeys (ConfUtils.java:logGet(43)) - raft.server.log.appender.buffer.byte-limit = 33554432 (custom)
2019-07-13 07:24:51,517 INFO  server.RaftServerConfigKeys (ConfUtils.java:logGet(43)) - raft.server.log.appender.buffer.element-limit = 1 (custom)
2019-07-13 07:24:51,517 INFO  grpc.GrpcConfigKeys$Server (ConfUtils.java:logGet(43)) - raft.grpc.server.leader.outstanding.appends.max = 128 (default)
2019-07-13 07:24:51,517 INFO  server.RaftServerConfigKeys (ConfUtils.java:logGet(43)) - raft.server.rpc.request.timeout = 3000ms (default)
2019-07-13 07:24:51,518 INFO  server.RaftServerConfigKeys (ConfUtils.java:logGet(43)) - raft.server.log.appender.install.snapshot.enabled = false (custom)
2019-07-13 07:24:51,518 INFO  impl.RoleInfo (RoleInfo.java:updateAndGet(143)) - 1a861c74-1484-402a-9ff9-9d6113d38ce4: start LeaderState
2019-07-13 07:24:51,518 INFO  segmented.SegmentedRaftLogWorker (SegmentedRaftLogWorker.java:startLogSegment(380)) - 1a861c74-1484-402a-9ff9-9d6113d38ce4-SegmentedRaftLogWorker:Storage Directory /tmp/workdir/hadoop-ozone/integration-test/target/test-dir/MiniOzoneClusterImpl-941c324f-0157-4255-9475-d1e8b8c31c02/datanode-0/data/ratis/a89d6e8d-924b-4872-8f34-209cbd3109f0: Starting segment from index:0
2019-07-13 07:24:51,519 INFO  impl.RaftServerImpl (ServerState.java:setRaftConf(361)) - 1a861c74-1484-402a-9ff9-9d6113d38ce4:group-209CBD3109F0 set configuration 0: [e7a9de48-873e-48a5-b9f6-7a4625dd6b0b:192.168.69.84:46001, c914261d-7132-4fca-86ff-e1ab4ebbf7be:192.168.69.84:46731, 1a861c74-1484-402a-9ff9-9d6113d38ce4:192.168.69.84:38340], old=null at 0
2019-07-13 07:24:51,520 INFO  impl.RaftServerImpl (ServerState.java:setLeader(263)) - c914261d-7132-4fca-86ff-e1ab4ebbf7be:group-209CBD3109F0 change Leader from null to 1a861c74-1484-402a-9ff9-9d6113d38ce4 at term 1 for appendEntries, leader elected after 5058ms
2019-07-13 07:24:51,520 INFO  impl.RaftServerImpl (ServerState.java:setLeader(263)) - e7a9de48-873e-48a5-b9f6-7a4625dd6b0b:group-209CBD3109F0 change Leader from null to 1a861c74-1484-402a-9ff9-9d6113d38ce4 at term 1 for appendEntries, leader elected after 5058ms
2019-07-13 07:24:51,551 INFO  impl.RaftServerImpl (ServerState.java:setRaftConf(361)) - e7a9de48-873e-48a5-b9f6-7a4625dd6b0b:group-209CBD3109F0 set configuration 0: [e7a9de48-873e-48a5-b9f6-7a4625dd6b0b:192.168.69.84:46001, c914261d-7132-4fca-86ff-e1ab4ebbf7be:192.168.69.84:46731, 1a861c74-1484-402a-9ff9-9d6113d38ce4:192.168.69.84:38340], old=null at 0
2019-07-13 07:24:51,551 INFO  impl.RaftServerImpl (ServerState.java:setRaftConf(361)) - c914261d-7132-4fca-86ff-e1ab4ebbf7be:group-209CBD3109F0 set configuration 0: [e7a9de48-873e-48a5-b9f6-7a4625dd6b0b:192.168.69.84:46001, c914261d-7132-4fca-86ff-e1ab4ebbf7be:192.168.69.84:46731, 1a861c74-1484-402a-9ff9-9d6113d38ce4:192.168.69.84:38340], old=null at 0
2019-07-13 07:24:51,552 INFO  segmented.SegmentedRaftLogWorker (SegmentedRaftLogWorker.java:startLogSegment(380)) - e7a9de48-873e-48a5-b9f6-7a4625dd6b0b-SegmentedRaftLogWorker:Storage Directory /tmp/workdir/hadoop-ozone/integration-test/target/test-dir/MiniOzoneClusterImpl-941c324f-0157-4255-9475-d1e8b8c31c02/datanode-2/data/ratis/a89d6e8d-924b-4872-8f34-209cbd3109f0: Starting segment from index:0
2019-07-13 07:24:51,552 INFO  segmented.SegmentedRaftLogWorker (SegmentedRaftLogWorker.java:startLogSegment(380)) - c914261d-7132-4fca-86ff-e1ab4ebbf7be-SegmentedRaftLogWorker:Storage Directory /tmp/workdir/hadoop-ozone/integration-test/target/test-dir/MiniOzoneClusterImpl-941c324f-0157-4255-9475-d1e8b8c31c02/datanode-1/data/ratis/a89d6e8d-924b-4872-8f34-209cbd3109f0: Starting segment from index:0
2019-07-13 07:24:51,557 INFO  segmented.SegmentedRaftLogWorker (SegmentedRaftLogWorker.java:execute(569)) - 1a861c74-1484-402a-9ff9-9d6113d38ce4-SegmentedRaftLogWorker:Storage Directory /tmp/workdir/hadoop-ozone/integration-test/target/test-dir/MiniOzoneClusterImpl-941c324f-0157-4255-9475-d1e8b8c31c02/datanode-0/data/ratis/a89d6e8d-924b-4872-8f34-209cbd3109f0: created new log segment /tmp/workdir/hadoop-ozone/integration-test/target/test-dir/MiniOzoneClusterImpl-941c324f-0157-4255-9475-d1e8b8c31c02/datanode-0/data/ratis/a89d6e8d-924b-4872-8f34-209cbd3109f0/current/log_inprogress_0
2019-07-13 07:24:51,581 INFO  segmented.SegmentedRaftLogWorker (SegmentedRaftLogWorker.java:execute(569)) - e7a9de48-873e-48a5-b9f6-7a4625dd6b0b-SegmentedRaftLogWorker:Storage Directory /tmp/workdir/hadoop-ozone/integration-test/target/test-dir/MiniOzoneClusterImpl-941c324f-0157-4255-9475-d1e8b8c31c02/datanode-2/data/ratis/a89d6e8d-924b-4872-8f34-209cbd3109f0: created new log segment /tmp/workdir/hadoop-ozone/integration-test/target/test-dir/MiniOzoneClusterImpl-941c324f-0157-4255-9475-d1e8b8c31c02/datanode-2/data/ratis/a89d6e8d-924b-4872-8f34-209cbd3109f0/current/log_inprogress_0
2019-07-13 07:24:51,581 INFO  segmented.SegmentedRaftLogWorker (SegmentedRaftLogWorker.java:execute(569)) - c914261d-7132-4fca-86ff-e1ab4ebbf7be-SegmentedRaftLogWorker:Storage Directory /tmp/workdir/hadoop-ozone/integration-test/target/test-dir/MiniOzoneClusterImpl-941c324f-0157-4255-9475-d1e8b8c31c02/datanode-1/data/ratis/a89d6e8d-924b-4872-8f34-209cbd3109f0: created new log segment /tmp/workdir/hadoop-ozone/integration-test/target/test-dir/MiniOzoneClusterImpl-941c324f-0157-4255-9475-d1e8b8c31c02/datanode-1/data/ratis/a89d6e8d-924b-4872-8f34-209cbd3109f0/current/log_inprogress_0
2019-07-13 07:24:51,650 INFO  impl.FollowerState (FollowerState.java:run(106)) - bcfa1d54-0cc1-4401-b26c-7cc42d7d3c1e:group-43311851B3DB changes to CANDIDATE, lastRpcTime:5124, electionTimeout:5124ms
2019-07-13 07:24:51,650 INFO  impl.RoleInfo (RoleInfo.java:shutdownFollowerState(121)) - bcfa1d54-0cc1-4401-b26c-7cc42d7d3c1e: shutdown FollowerState
2019-07-13 07:24:51,650 INFO  impl.RaftServerImpl (RaftServerImpl.java:setRole(171)) - bcfa1d54-0cc1-4401-b26c-7cc42d7d3c1e:group-43311851B3DB changes role from FOLLOWER to CANDIDATE at term 0 for changeToCandidate
2019-07-13 07:24:51,650 INFO  impl.RoleInfo (RoleInfo.java:updateAndGet(143)) - bcfa1d54-0cc1-4401-b26c-7cc42d7d3c1e: start LeaderElection
2019-07-13 07:24:51,673 INFO  impl.LeaderElection (LeaderElection.java:askForVotes(181)) - bcfa1d54-0cc1-4401-b26c-7cc42d7d3c1e:group-43311851B3DB:LeaderElection61: begin an election at term 1 for -1: [bcfa1d54-0cc1-4401-b26c-7cc42d7d3c1e:192.168.69.84:39478], old=null
2019-07-13 07:24:51,674 INFO  impl.RoleInfo (RoleInfo.java:shutdownLeaderElection(134)) - bcfa1d54-0cc1-4401-b26c-7cc42d7d3c1e: shutdown LeaderElection
2019-07-13 07:24:51,674 INFO  impl.RaftServerImpl (RaftServerImpl.java:setRole(171)) - bcfa1d54-0cc1-4401-b26c-7cc42d7d3c1e:group-43311851B3DB changes role from CANDIDATE to LEADER at term 1 for changeToLeader
2019-07-13 07:24:51,674 INFO  impl.RaftServerImpl (ServerState.java:setLeader(263)) - bcfa1d54-0cc1-4401-b26c-7cc42d7d3c1e:group-43311851B3DB change Leader from null to bcfa1d54-0cc1-4401-b26c-7cc42d7d3c1e at term 1 for becomeLeader, leader elected after 5153ms
2019-07-13 07:24:51,674 INFO  server.RaftServerConfigKeys (ConfUtils.java:logGet(43)) - raft.server.staging.catchup.gap = 1000 (default)
2019-07-13 07:24:51,674 INFO  server.RaftServerConfigKeys (ConfUtils.java:logGet(43)) - raft.server.rpc.sleep.time = 25ms (default)
2019-07-13 07:24:51,674 INFO  server.RaftServerConfigKeys (ConfUtils.java:logGet(43)) - raft.server.write.element-limit = 4096 (default)
2019-07-13 07:24:51,674 INFO  server.RaftServerConfigKeys (ConfUtils.java:logGet(43)) - raft.server.watch.timeout = 10s (default)
2019-07-13 07:24:51,674 INFO  server.RaftServerConfigKeys (ConfUtils.java:logGet(43)) - raft.server.watch.timeout.denomination = 1s (default)
2019-07-13 07:24:51,675 INFO  server.RaftServerConfigKeys (ConfUtils.java:logGet(43)) - raft.server.watch.element-limit = 65536 (default)
2019-07-13 07:24:51,675 INFO  impl.RoleInfo (RoleInfo.java:updateAndGet(143)) - bcfa1d54-0cc1-4401-b26c-7cc42d7d3c1e: start LeaderState
2019-07-13 07:24:51,675 INFO  segmented.SegmentedRaftLogWorker (SegmentedRaftLogWorker.java:startLogSegment(380)) - bcfa1d54-0cc1-4401-b26c-7cc42d7d3c1e-SegmentedRaftLogWorker:Storage Directory /tmp/workdir/hadoop-ozone/integration-test/target/test-dir/MiniOzoneClusterImpl-941c324f-0157-4255-9475-d1e8b8c31c02/datanode-3/data/ratis/8c2318e9-74f9-4be9-a2af-43311851b3db: Starting segment from index:0
2019-07-13 07:24:51,676 INFO  impl.RaftServerImpl (ServerState.java:setRaftConf(361)) - bcfa1d54-0cc1-4401-b26c-7cc42d7d3c1e:group-43311851B3DB set configuration 0: [bcfa1d54-0cc1-4401-b26c-7cc42d7d3c1e:192.168.69.84:39478], old=null at 0
2019-07-13 07:24:51,704 INFO  segmented.SegmentedRaftLogWorker (SegmentedRaftLogWorker.java:execute(569)) - bcfa1d54-0cc1-4401-b26c-7cc42d7d3c1e-SegmentedRaftLogWorker:Storage Directory /tmp/workdir/hadoop-ozone/integration-test/target/test-dir/MiniOzoneClusterImpl-941c324f-0157-4255-9475-d1e8b8c31c02/datanode-3/data/ratis/8c2318e9-74f9-4be9-a2af-43311851b3db: created new log segment /tmp/workdir/hadoop-ozone/integration-test/target/test-dir/MiniOzoneClusterImpl-941c324f-0157-4255-9475-d1e8b8c31c02/datanode-3/data/ratis/8c2318e9-74f9-4be9-a2af-43311851b3db/current/log_inprogress_0
2019-07-13 07:24:51,764 INFO  impl.FollowerState (FollowerState.java:run(106)) - 3124f886-aefa-4d74-8825-f582d519003a:group-AFC2CCC99AB3 changes to CANDIDATE, lastRpcTime:5039, electionTimeout:5039ms
2019-07-13 07:24:51,764 INFO  impl.RoleInfo (RoleInfo.java:shutdownFollowerState(121)) - 3124f886-aefa-4d74-8825-f582d519003a: shutdown FollowerState
2019-07-13 07:24:51,764 INFO  impl.RaftServerImpl (RaftServerImpl.java:setRole(171)) - 3124f886-aefa-4d74-8825-f582d519003a:group-AFC2CCC99AB3 changes role from FOLLOWER to CANDIDATE at term 0 for changeToCandidate
2019-07-13 07:24:51,764 INFO  impl.RoleInfo (RoleInfo.java:updateAndGet(143)) - 3124f886-aefa-4d74-8825-f582d519003a: start LeaderElection
2019-07-13 07:24:51,793 INFO  impl.LeaderElection (LeaderElection.java:askForVotes(181)) - 3124f886-aefa-4d74-8825-f582d519003a:group-AFC2CCC99AB3:LeaderElection62: begin an election at term 1 for -1: [3124f886-aefa-4d74-8825-f582d519003a:192.168.69.84:37139], old=null
2019-07-13 07:24:51,793 INFO  impl.RoleInfo (RoleInfo.java:shutdownLeaderElection(134)) - 3124f886-aefa-4d74-8825-f582d519003a: shutdown LeaderElection
2019-07-13 07:24:51,793 INFO  impl.RaftServerImpl (RaftServerImpl.java:setRole(171)) - 3124f886-aefa-4d74-8825-f582d519003a:group-AFC2CCC99AB3 changes role from CANDIDATE to LEADER at term 1 for changeToLeader
2019-07-13 07:24:51,793 INFO  impl.RaftServerImpl (ServerState.java:setLeader(263)) - 3124f886-aefa-4d74-8825-f582d519003a:group-AFC2CCC99AB3 change Leader from null to 3124f886-aefa-4d74-8825-f582d519003a at term 1 for becomeLeader, leader elected after 5073ms
2019-07-13 07:24:51,794 INFO  server.RaftServerConfigKeys (ConfUtils.java:logGet(43)) - raft.server.staging.catchup.gap = 1000 (default)
2019-07-13 07:24:51,794 INFO  server.RaftServerConfigKeys (ConfUtils.java:logGet(43)) - raft.server.rpc.sleep.time = 25ms (default)
2019-07-13 07:24:51,794 INFO  server.RaftServerConfigKeys (ConfUtils.java:logGet(43)) - raft.server.write.element-limit = 4096 (default)
2019-07-13 07:24:51,794 INFO  server.RaftServerConfigKeys (ConfUtils.java:logGet(43)) - raft.server.watch.timeout = 10s (default)
2019-07-13 07:24:51,794 INFO  server.RaftServerConfigKeys (ConfUtils.java:logGet(43)) - raft.server.watch.timeout.denomination = 1s (default)
2019-07-13 07:24:51,794 INFO  server.RaftServerConfigKeys (ConfUtils.java:logGet(43)) - raft.server.watch.element-limit = 65536 (default)
2019-07-13 07:24:51,795 INFO  impl.RoleInfo (RoleInfo.java:updateAndGet(143)) - 3124f886-aefa-4d74-8825-f582d519003a: start LeaderState
2019-07-13 07:24:51,795 INFO  segmented.SegmentedRaftLogWorker (SegmentedRaftLogWorker.java:startLogSegment(380)) - 3124f886-aefa-4d74-8825-f582d519003a-SegmentedRaftLogWorker:Storage Directory /tmp/workdir/hadoop-ozone/integration-test/target/test-dir/MiniOzoneClusterImpl-941c324f-0157-4255-9475-d1e8b8c31c02/datanode-4/data/ratis/4697c348-ee68-4ee8-b6c5-afc2ccc99ab3: Starting segment from index:0
2019-07-13 07:24:51,796 INFO  impl.RaftServerImpl (ServerState.java:setRaftConf(361)) - 3124f886-aefa-4d74-8825-f582d519003a:group-AFC2CCC99AB3 set configuration 0: [3124f886-aefa-4d74-8825-f582d519003a:192.168.69.84:37139], old=null at 0
2019-07-13 07:24:51,827 INFO  segmented.SegmentedRaftLogWorker (SegmentedRaftLogWorker.java:execute(569)) - 3124f886-aefa-4d74-8825-f582d519003a-SegmentedRaftLogWorker:Storage Directory /tmp/workdir/hadoop-ozone/integration-test/target/test-dir/MiniOzoneClusterImpl-941c324f-0157-4255-9475-d1e8b8c31c02/datanode-4/data/ratis/4697c348-ee68-4ee8-b6c5-afc2ccc99ab3: created new log segment /tmp/workdir/hadoop-ozone/integration-test/target/test-dir/MiniOzoneClusterImpl-941c324f-0157-4255-9475-d1e8b8c31c02/datanode-4/data/ratis/4697c348-ee68-4ee8-b6c5-afc2ccc99ab3/current/log_inprogress_0
2019-07-13 07:24:52,102 INFO  impl.FollowerState (FollowerState.java:run(106)) - 3124f886-aefa-4d74-8825-f582d519003a:group-F283260AA46A changes to CANDIDATE, lastRpcTime:5034, electionTimeout:5034ms
2019-07-13 07:24:52,102 INFO  impl.RoleInfo (RoleInfo.java:shutdownFollowerState(121)) - 3124f886-aefa-4d74-8825-f582d519003a: shutdown FollowerState
2019-07-13 07:24:52,102 INFO  impl.RaftServerImpl (RaftServerImpl.java:setRole(171)) - 3124f886-aefa-4d74-8825-f582d519003a:group-F283260AA46A changes role from FOLLOWER to CANDIDATE at term 0 for changeToCandidate
2019-07-13 07:24:52,103 INFO  impl.RoleInfo (RoleInfo.java:updateAndGet(143)) - 3124f886-aefa-4d74-8825-f582d519003a: start LeaderElection
2019-07-13 07:24:52,130 INFO  impl.LeaderElection (LeaderElection.java:askForVotes(181)) - 3124f886-aefa-4d74-8825-f582d519003a:group-F283260AA46A:LeaderElection63: begin an election at term 1 for -1: [bcfa1d54-0cc1-4401-b26c-7cc42d7d3c1e:192.168.69.84:39478, 087355bb-25f1-45f5-b864-6f7d8d3ec78b:192.168.69.84:37578, 3124f886-aefa-4d74-8825-f582d519003a:192.168.69.84:37139], old=null
2019-07-13 07:24:52,141 INFO  impl.RaftServerImpl (RaftServerImpl.java:setRole(171)) - bcfa1d54-0cc1-4401-b26c-7cc42d7d3c1e:group-F283260AA46A changes role from FOLLOWER to FOLLOWER at term 1 for recognizeCandidate:3124f886-aefa-4d74-8825-f582d519003a
2019-07-13 07:24:52,141 INFO  impl.RaftServerImpl (RaftServerImpl.java:setRole(171)) - 087355bb-25f1-45f5-b864-6f7d8d3ec78b:group-F283260AA46A changes role from FOLLOWER to FOLLOWER at term 1 for recognizeCandidate:3124f886-aefa-4d74-8825-f582d519003a
2019-07-13 07:24:52,142 INFO  impl.RoleInfo (RoleInfo.java:shutdownFollowerState(121)) - bcfa1d54-0cc1-4401-b26c-7cc42d7d3c1e: shutdown FollowerState
2019-07-13 07:24:52,142 INFO  impl.RoleInfo (RoleInfo.java:shutdownFollowerState(121)) - 087355bb-25f1-45f5-b864-6f7d8d3ec78b: shutdown FollowerState
2019-07-13 07:24:52,142 INFO  impl.FollowerState (FollowerState.java:run(114)) - bcfa1d54-0cc1-4401-b26c-7cc42d7d3c1e: FollowerState was interrupted: java.lang.InterruptedException: sleep interrupted
2019-07-13 07:24:52,142 INFO  impl.RoleInfo (RoleInfo.java:updateAndGet(143)) - bcfa1d54-0cc1-4401-b26c-7cc42d7d3c1e: start FollowerState
2019-07-13 07:24:52,142 INFO  impl.FollowerState (FollowerState.java:run(114)) - 087355bb-25f1-45f5-b864-6f7d8d3ec78b: FollowerState was interrupted: java.lang.InterruptedException: sleep interrupted
2019-07-13 07:24:52,142 INFO  impl.RoleInfo (RoleInfo.java:updateAndGet(143)) - 087355bb-25f1-45f5-b864-6f7d8d3ec78b: start FollowerState
2019-07-13 07:24:52,158 INFO  impl.LeaderElection (LeaderElection.java:logAndReturn(56)) - 3124f886-aefa-4d74-8825-f582d519003a:group-F283260AA46A:LeaderElection63: Election PASSED; received 1 response(s) [3124f886-aefa-4d74-8825-f582d519003a<-bcfa1d54-0cc1-4401-b26c-7cc42d7d3c1e#0:OK-t1] and 0 exception(s); 3124f886-aefa-4d74-8825-f582d519003a:t1, leader=null, voted=3124f886-aefa-4d74-8825-f582d519003a, raftlog=3124f886-aefa-4d74-8825-f582d519003a-SegmentedRaftLog:OPENED:c-1,f-1,i0, conf=-1: [bcfa1d54-0cc1-4401-b26c-7cc42d7d3c1e:192.168.69.84:39478, 087355bb-25f1-45f5-b864-6f7d8d3ec78b:192.168.69.84:37578, 3124f886-aefa-4d74-8825-f582d519003a:192.168.69.84:37139], old=null
2019-07-13 07:24:52,158 INFO  impl.RoleInfo (RoleInfo.java:shutdownLeaderElection(134)) - 3124f886-aefa-4d74-8825-f582d519003a: shutdown LeaderElection
2019-07-13 07:24:52,158 INFO  impl.RaftServerImpl (RaftServerImpl.java:setRole(171)) - 3124f886-aefa-4d74-8825-f582d519003a:group-F283260AA46A changes role from CANDIDATE to LEADER at term 1 for changeToLeader
2019-07-13 07:24:52,158 INFO  impl.RaftServerImpl (ServerState.java:setLeader(263)) - 3124f886-aefa-4d74-8825-f582d519003a:group-F283260AA46A change Leader from null to 3124f886-aefa-4d74-8825-f582d519003a at term 1 for becomeLeader, leader elected after 5096ms
2019-07-13 07:24:52,158 INFO  server.RaftServerConfigKeys (ConfUtils.java:logGet(43)) - raft.server.staging.catchup.gap = 1000 (default)
2019-07-13 07:24:52,159 INFO  server.RaftServerConfigKeys (ConfUtils.java:logGet(43)) - raft.server.rpc.sleep.time = 25ms (default)
2019-07-13 07:24:52,159 INFO  server.RaftServerConfigKeys (ConfUtils.java:logGet(43)) - raft.server.write.element-limit = 4096 (default)
2019-07-13 07:24:52,159 INFO  server.RaftServerConfigKeys (ConfUtils.java:logGet(43)) - raft.server.watch.timeout = 10s (default)
2019-07-13 07:24:52,159 INFO  server.RaftServerConfigKeys (ConfUtils.java:logGet(43)) - raft.server.watch.timeout.denomination = 1s (default)
2019-07-13 07:24:52,159 INFO  server.RaftServerConfigKeys (ConfUtils.java:logGet(43)) - raft.server.watch.element-limit = 65536 (default)
2019-07-13 07:24:52,160 INFO  server.RaftServerConfigKeys (ConfUtils.java:logGet(43)) - raft.server.log.appender.snapshot.chunk.size.max = 16MB (=16777216) (default)
2019-07-13 07:24:52,160 INFO  server.RaftServerConfigKeys (ConfUtils.java:logGet(43)) - raft.server.log.appender.buffer.byte-limit = 33554432 (custom)
2019-07-13 07:24:52,160 INFO  server.RaftServerConfigKeys (ConfUtils.java:logGet(43)) - raft.server.log.appender.buffer.element-limit = 1 (custom)
2019-07-13 07:24:52,160 INFO  grpc.GrpcConfigKeys$Server (ConfUtils.java:logGet(43)) - raft.grpc.server.leader.outstanding.appends.max = 128 (default)
2019-07-13 07:24:52,160 INFO  server.RaftServerConfigKeys (ConfUtils.java:logGet(43)) - raft.server.rpc.request.timeout = 3000ms (default)
2019-07-13 07:24:52,161 INFO  server.RaftServerConfigKeys (ConfUtils.java:logGet(43)) - raft.server.log.appender.install.snapshot.enabled = false (custom)
2019-07-13 07:24:52,161 INFO  server.RaftServerConfigKeys (ConfUtils.java:logGet(43)) - raft.server.log.appender.snapshot.chunk.size.max = 16MB (=16777216) (default)
2019-07-13 07:24:52,161 INFO  server.RaftServerConfigKeys (ConfUtils.java:logGet(43)) - raft.server.log.appender.buffer.byte-limit = 33554432 (custom)
2019-07-13 07:24:52,161 INFO  server.RaftServerConfigKeys (ConfUtils.java:logGet(43)) - raft.server.log.appender.buffer.element-limit = 1 (custom)
2019-07-13 07:24:52,161 INFO  grpc.GrpcConfigKeys$Server (ConfUtils.java:logGet(43)) - raft.grpc.server.leader.outstanding.appends.max = 128 (default)
2019-07-13 07:24:52,161 INFO  server.RaftServerConfigKeys (ConfUtils.java:logGet(43)) - raft.server.rpc.request.timeout = 3000ms (default)
2019-07-13 07:24:52,162 INFO  server.RaftServerConfigKeys (ConfUtils.java:logGet(43)) - raft.server.log.appender.install.snapshot.enabled = false (custom)
2019-07-13 07:24:52,162 INFO  impl.RoleInfo (RoleInfo.java:updateAndGet(143)) - 3124f886-aefa-4d74-8825-f582d519003a: start LeaderState
2019-07-13 07:24:52,162 INFO  segmented.SegmentedRaftLogWorker (SegmentedRaftLogWorker.java:startLogSegment(380)) - 3124f886-aefa-4d74-8825-f582d519003a-SegmentedRaftLogWorker:Storage Directory /tmp/workdir/hadoop-ozone/integration-test/target/test-dir/MiniOzoneClusterImpl-941c324f-0157-4255-9475-d1e8b8c31c02/datanode-4/data/ratis/979f6734-129e-42d3-8609-f283260aa46a: Starting segment from index:0
2019-07-13 07:24:52,163 INFO  impl.RaftServerImpl (ServerState.java:setRaftConf(361)) - 3124f886-aefa-4d74-8825-f582d519003a:group-F283260AA46A set configuration 0: [bcfa1d54-0cc1-4401-b26c-7cc42d7d3c1e:192.168.69.84:39478, 087355bb-25f1-45f5-b864-6f7d8d3ec78b:192.168.69.84:37578, 3124f886-aefa-4d74-8825-f582d519003a:192.168.69.84:37139], old=null at 0
2019-07-13 07:24:52,188 INFO  impl.FollowerState (FollowerState.java:run(106)) - 087355bb-25f1-45f5-b864-6f7d8d3ec78b:group-4D1970DF7CF4 changes to CANDIDATE, lastRpcTime:5181, electionTimeout:5166ms
2019-07-13 07:24:52,193 INFO  impl.RaftServerImpl (ServerState.java:setLeader(263)) - 087355bb-25f1-45f5-b864-6f7d8d3ec78b:group-F283260AA46A change Leader from null to 3124f886-aefa-4d74-8825-f582d519003a at term 1 for appendEntries, leader elected after 5130ms
2019-07-13 07:24:52,193 INFO  impl.RoleInfo (RoleInfo.java:shutdownFollowerState(121)) - 087355bb-25f1-45f5-b864-6f7d8d3ec78b: shutdown FollowerState
2019-07-13 07:24:52,193 INFO  impl.RaftServerImpl (RaftServerImpl.java:setRole(171)) - 087355bb-25f1-45f5-b864-6f7d8d3ec78b:group-4D1970DF7CF4 changes role from FOLLOWER to CANDIDATE at term 0 for changeToCandidate
2019-07-13 07:24:52,193 INFO  impl.RaftServerImpl (ServerState.java:setLeader(263)) - bcfa1d54-0cc1-4401-b26c-7cc42d7d3c1e:group-F283260AA46A change Leader from null to 3124f886-aefa-4d74-8825-f582d519003a at term 1 for appendEntries, leader elected after 5131ms
2019-07-13 07:24:52,193 INFO  impl.RoleInfo (RoleInfo.java:updateAndGet(143)) - 087355bb-25f1-45f5-b864-6f7d8d3ec78b: start LeaderElection
2019-07-13 07:24:52,205 INFO  segmented.SegmentedRaftLogWorker (SegmentedRaftLogWorker.java:execute(569)) - 3124f886-aefa-4d74-8825-f582d519003a-SegmentedRaftLogWorker:Storage Directory /tmp/workdir/hadoop-ozone/integration-test/target/test-dir/MiniOzoneClusterImpl-941c324f-0157-4255-9475-d1e8b8c31c02/datanode-4/data/ratis/979f6734-129e-42d3-8609-f283260aa46a: created new log segment /tmp/workdir/hadoop-ozone/integration-test/target/test-dir/MiniOzoneClusterImpl-941c324f-0157-4255-9475-d1e8b8c31c02/datanode-4/data/ratis/979f6734-129e-42d3-8609-f283260aa46a/current/log_inprogress_0
2019-07-13 07:24:52,211 INFO  impl.RaftServerImpl (ServerState.java:setRaftConf(361)) - 087355bb-25f1-45f5-b864-6f7d8d3ec78b:group-F283260AA46A set configuration 0: [bcfa1d54-0cc1-4401-b26c-7cc42d7d3c1e:192.168.69.84:39478, 087355bb-25f1-45f5-b864-6f7d8d3ec78b:192.168.69.84:37578, 3124f886-aefa-4d74-8825-f582d519003a:192.168.69.84:37139], old=null at 0
2019-07-13 07:24:52,211 INFO  impl.RaftServerImpl (ServerState.java:setRaftConf(361)) - bcfa1d54-0cc1-4401-b26c-7cc42d7d3c1e:group-F283260AA46A set configuration 0: [bcfa1d54-0cc1-4401-b26c-7cc42d7d3c1e:192.168.69.84:39478, 087355bb-25f1-45f5-b864-6f7d8d3ec78b:192.168.69.84:37578, 3124f886-aefa-4d74-8825-f582d519003a:192.168.69.84:37139], old=null at 0
2019-07-13 07:24:52,211 INFO  segmented.SegmentedRaftLogWorker (SegmentedRaftLogWorker.java:startLogSegment(380)) - 087355bb-25f1-45f5-b864-6f7d8d3ec78b-SegmentedRaftLogWorker:Storage Directory /tmp/workdir/hadoop-ozone/integration-test/target/test-dir/MiniOzoneClusterImpl-941c324f-0157-4255-9475-d1e8b8c31c02/datanode-5/data/ratis/979f6734-129e-42d3-8609-f283260aa46a: Starting segment from index:0
2019-07-13 07:24:52,212 INFO  segmented.SegmentedRaftLogWorker (SegmentedRaftLogWorker.java:startLogSegment(380)) - bcfa1d54-0cc1-4401-b26c-7cc42d7d3c1e-SegmentedRaftLogWorker:Storage Directory /tmp/workdir/hadoop-ozone/integration-test/target/test-dir/MiniOzoneClusterImpl-941c324f-0157-4255-9475-d1e8b8c31c02/datanode-3/data/ratis/979f6734-129e-42d3-8609-f283260aa46a: Starting segment from index:0
2019-07-13 07:24:52,219 INFO  impl.LeaderElection (LeaderElection.java:askForVotes(181)) - 087355bb-25f1-45f5-b864-6f7d8d3ec78b:group-4D1970DF7CF4:LeaderElection64: begin an election at term 1 for -1: [087355bb-25f1-45f5-b864-6f7d8d3ec78b:192.168.69.84:37578], old=null
2019-07-13 07:24:52,219 INFO  impl.RoleInfo (RoleInfo.java:shutdownLeaderElection(134)) - 087355bb-25f1-45f5-b864-6f7d8d3ec78b: shutdown LeaderElection
2019-07-13 07:24:52,219 INFO  impl.RaftServerImpl (RaftServerImpl.java:setRole(171)) - 087355bb-25f1-45f5-b864-6f7d8d3ec78b:group-4D1970DF7CF4 changes role from CANDIDATE to LEADER at term 1 for changeToLeader
2019-07-13 07:24:52,219 INFO  impl.RaftServerImpl (ServerState.java:setLeader(263)) - 087355bb-25f1-45f5-b864-6f7d8d3ec78b:group-4D1970DF7CF4 change Leader from null to 087355bb-25f1-45f5-b864-6f7d8d3ec78b at term 1 for becomeLeader, leader elected after 5221ms
2019-07-13 07:24:52,219 INFO  server.RaftServerConfigKeys (ConfUtils.java:logGet(43)) - raft.server.staging.catchup.gap = 1000 (default)
2019-07-13 07:24:52,219 INFO  server.RaftServerConfigKeys (ConfUtils.java:logGet(43)) - raft.server.rpc.sleep.time = 25ms (default)
2019-07-13 07:24:52,219 INFO  server.RaftServerConfigKeys (ConfUtils.java:logGet(43)) - raft.server.write.element-limit = 4096 (default)
2019-07-13 07:24:52,220 INFO  server.RaftServerConfigKeys (ConfUtils.java:logGet(43)) - raft.server.watch.timeout = 10s (default)
2019-07-13 07:24:52,220 INFO  server.RaftServerConfigKeys (ConfUtils.java:logGet(43)) - raft.server.watch.timeout.denomination = 1s (default)
2019-07-13 07:24:52,220 INFO  server.RaftServerConfigKeys (ConfUtils.java:logGet(43)) - raft.server.watch.element-limit = 65536 (default)
2019-07-13 07:24:52,220 INFO  impl.RoleInfo (RoleInfo.java:updateAndGet(143)) - 087355bb-25f1-45f5-b864-6f7d8d3ec78b: start LeaderState
2019-07-13 07:24:52,220 INFO  segmented.SegmentedRaftLogWorker (SegmentedRaftLogWorker.java:startLogSegment(380)) - 087355bb-25f1-45f5-b864-6f7d8d3ec78b-SegmentedRaftLogWorker:Storage Directory /tmp/workdir/hadoop-ozone/integration-test/target/test-dir/MiniOzoneClusterImpl-941c324f-0157-4255-9475-d1e8b8c31c02/datanode-5/data/ratis/7c80d18e-9daa-4274-8563-4d1970df7cf4: Starting segment from index:0
2019-07-13 07:24:52,221 INFO  impl.RaftServerImpl (ServerState.java:setRaftConf(361)) - 087355bb-25f1-45f5-b864-6f7d8d3ec78b:group-4D1970DF7CF4 set configuration 0: [087355bb-25f1-45f5-b864-6f7d8d3ec78b:192.168.69.84:37578], old=null at 0
2019-07-13 07:24:52,244 INFO  segmented.SegmentedRaftLogWorker (SegmentedRaftLogWorker.java:execute(569)) - bcfa1d54-0cc1-4401-b26c-7cc42d7d3c1e-SegmentedRaftLogWorker:Storage Directory /tmp/workdir/hadoop-ozone/integration-test/target/test-dir/MiniOzoneClusterImpl-941c324f-0157-4255-9475-d1e8b8c31c02/datanode-3/data/ratis/979f6734-129e-42d3-8609-f283260aa46a: created new log segment /tmp/workdir/hadoop-ozone/integration-test/target/test-dir/MiniOzoneClusterImpl-941c324f-0157-4255-9475-d1e8b8c31c02/datanode-3/data/ratis/979f6734-129e-42d3-8609-f283260aa46a/current/log_inprogress_0
2019-07-13 07:24:52,244 INFO  segmented.SegmentedRaftLogWorker (SegmentedRaftLogWorker.java:execute(569)) - 087355bb-25f1-45f5-b864-6f7d8d3ec78b-SegmentedRaftLogWorker:Storage Directory /tmp/workdir/hadoop-ozone/integration-test/target/test-dir/MiniOzoneClusterImpl-941c324f-0157-4255-9475-d1e8b8c31c02/datanode-5/data/ratis/979f6734-129e-42d3-8609-f283260aa46a: created new log segment /tmp/workdir/hadoop-ozone/integration-test/target/test-dir/MiniOzoneClusterImpl-941c324f-0157-4255-9475-d1e8b8c31c02/datanode-5/data/ratis/979f6734-129e-42d3-8609-f283260aa46a/current/log_inprogress_0
2019-07-13 07:24:52,246 INFO  segmented.SegmentedRaftLogWorker (SegmentedRaftLogWorker.java:execute(569)) - 087355bb-25f1-45f5-b864-6f7d8d3ec78b-SegmentedRaftLogWorker:Storage Directory /tmp/workdir/hadoop-ozone/integration-test/target/test-dir/MiniOzoneClusterImpl-941c324f-0157-4255-9475-d1e8b8c31c02/datanode-5/data/ratis/7c80d18e-9daa-4274-8563-4d1970df7cf4: created new log segment /tmp/workdir/hadoop-ozone/integration-test/target/test-dir/MiniOzoneClusterImpl-941c324f-0157-4255-9475-d1e8b8c31c02/datanode-5/data/ratis/7c80d18e-9daa-4274-8563-4d1970df7cf4/current/log_inprogress_0
2019-07-13 07:24:52,638 INFO  client.GrpcClientProtocolClient (GrpcClientProtocolClient.java:onNext(255)) - client-B4517EDD298F->3124f886-aefa-4d74-8825-f582d519003a: receive RaftClientReply:client-B4517EDD298F->3124f886-aefa-4d74-8825-f582d519003a@group-F283260AA46A, cid=132, SUCCESS, logIndex=1, commits[3124f886-aefa-4d74-8825-f582d519003a:c1, bcfa1d54-0cc1-4401-b26c-7cc42d7d3c1e:c0, 087355bb-25f1-45f5-b864-6f7d8d3ec78b:c0]
2019-07-13 07:24:52,734 INFO  client.GrpcClientProtocolClient (GrpcClientProtocolClient.java:onNext(255)) - client-B4517EDD298F->3124f886-aefa-4d74-8825-f582d519003a: receive RaftClientReply:client-B4517EDD298F->3124f886-aefa-4d74-8825-f582d519003a@group-F283260AA46A, cid=133, SUCCESS, logIndex=3, commits[3124f886-aefa-4d74-8825-f582d519003a:c4, bcfa1d54-0cc1-4401-b26c-7cc42d7d3c1e:c3, 087355bb-25f1-45f5-b864-6f7d8d3ec78b:c3]
2019-07-13 07:24:52,735 INFO  datanode.ObjectStoreHandler (ObjectStoreHandler.java:close(155)) - Closing ObjectStoreHandler.
2019-07-13 07:24:52,735 INFO  ozone.HddsDatanodeService (HddsDatanodeService.java:stop(452)) - Stopped plug-in org.apache.hadoop.ozone.web.OzoneHddsDatanodeService@37e15055
2019-07-13 07:24:53,117 INFO  statemachine.DatanodeStateMachine (DatanodeStateMachine.java:lambda$startDaemon$0(350)) - Ozone container server started.
2019-07-13 07:24:53,263 WARN  server.GrpcLogAppender (LogUtils.java:warn(134)) - c18e5551-1800-40d1-9af7-9b9ec855c36c->b6a2e03e-f3bd-4b9a-b2cc-05e16fdeb3db: Failed appendEntries: org.apache.ratis.thirdparty.io.grpc.StatusRuntimeException: UNAVAILABLE: io exception
2019-07-13 07:24:53,269 INFO  impl.FollowerInfo (FollowerInfo.java:lambda$new$0(50)) - c18e5551-1800-40d1-9af7-9b9ec855c36c->b6a2e03e-f3bd-4b9a-b2cc-05e16fdeb3db: nextIndex: updateUnconditionally 6 -> 5
2019-07-13 07:24:54,201 INFO  container.ContainerReportHandler (AbstractContainerReportHandler.java:updateContainerState(176)) - Moving container #1 to CLOSED state, datanode c18e5551-1800-40d1-9af7-9b9ec855c36c{ip: 192.168.69.84, host: trunk-nightly-9lh4p-2362225927, networkLocation: /default-rack, certSerialId: null} reported CLOSED replica.
2019-07-13 07:24:54,201 INFO  container.ContainerReportHandler (AbstractContainerReportHandler.java:updateContainerState(176)) - Moving container #3 to CLOSED state, datanode c18e5551-1800-40d1-9af7-9b9ec855c36c{ip: 192.168.69.84, host: trunk-nightly-9lh4p-2362225927, networkLocation: /default-rack, certSerialId: null} reported CLOSED replica.
2019-07-13 07:24:55,159 INFO  node.StaleNodeHandler (StaleNodeHandler.java:onMessage(58)) - Datanode c914261d-7132-4fca-86ff-e1ab4ebbf7be{ip: 192.168.69.84, host: trunk-nightly-9lh4p-2362225927, networkLocation: /default-rack, certSerialId: null} moved to stale state. Finalizing its pipelines [PipelineID=a89d6e8d-924b-4872-8f34-209cbd3109f0, PipelineID=23bb4fda-50c6-435e-a161-8d20cafb8feb]
2019-07-13 07:24:55,159 INFO  pipeline.SCMPipelineManager (SCMPipelineManager.java:finalizeAndDestroyPipeline(309)) - destroying pipeline:Pipeline[ Id: a89d6e8d-924b-4872-8f34-209cbd3109f0, Nodes: c914261d-7132-4fca-86ff-e1ab4ebbf7be{ip: 192.168.69.84, host: trunk-nightly-9lh4p-2362225927, networkLocation: /default-rack, certSerialId: null}1a861c74-1484-402a-9ff9-9d6113d38ce4{ip: 192.168.69.84, host: trunk-nightly-9lh4p-2362225927, networkLocation: /default-rack, certSerialId: null}e7a9de48-873e-48a5-b9f6-7a4625dd6b0b{ip: 192.168.69.84, host: trunk-nightly-9lh4p-2362225927, networkLocation: /default-rack, certSerialId: null}, Type:RATIS, Factor:THREE, State:OPEN]
2019-07-13 07:24:55,159 INFO  pipeline.PipelineStateManager (PipelineStateManager.java:finalizePipeline(123)) - Pipeline Pipeline[ Id: a89d6e8d-924b-4872-8f34-209cbd3109f0, Nodes: c914261d-7132-4fca-86ff-e1ab4ebbf7be{ip: 192.168.69.84, host: trunk-nightly-9lh4p-2362225927, networkLocation: /default-rack, certSerialId: null}1a861c74-1484-402a-9ff9-9d6113d38ce4{ip: 192.168.69.84, host: trunk-nightly-9lh4p-2362225927, networkLocation: /default-rack, certSerialId: null}e7a9de48-873e-48a5-b9f6-7a4625dd6b0b{ip: 192.168.69.84, host: trunk-nightly-9lh4p-2362225927, networkLocation: /default-rack, certSerialId: null}, Type:RATIS, Factor:THREE, State:CLOSED] moved to CLOSED state
2019-07-13 07:24:55,160 INFO  pipeline.SCMPipelineManager (SCMPipelineManager.java:finalizeAndDestroyPipeline(309)) - destroying pipeline:Pipeline[ Id: 23bb4fda-50c6-435e-a161-8d20cafb8feb, Nodes: c914261d-7132-4fca-86ff-e1ab4ebbf7be{ip: 192.168.69.84, host: trunk-nightly-9lh4p-2362225927, networkLocation: /default-rack, certSerialId: null}, Type:RATIS, Factor:ONE, State:OPEN]
2019-07-13 07:24:55,160 INFO  container.CloseContainerEventHandler (CloseContainerEventHandler.java:onMessage(61)) - Close container Event triggered for container : #1
2019-07-13 07:24:55,160 INFO  pipeline.PipelineStateManager (PipelineStateManager.java:finalizePipeline(123)) - Pipeline Pipeline[ Id: 23bb4fda-50c6-435e-a161-8d20cafb8feb, Nodes: c914261d-7132-4fca-86ff-e1ab4ebbf7be{ip: 192.168.69.84, host: trunk-nightly-9lh4p-2362225927, networkLocation: /default-rack, certSerialId: null}, Type:RATIS, Factor:ONE, State:CLOSED] moved to CLOSED state
2019-07-13 07:24:55,764 WARN  server.GrpcLogAppender (LogUtils.java:warn(134)) - c18e5551-1800-40d1-9af7-9b9ec855c36c->b6a2e03e-f3bd-4b9a-b2cc-05e16fdeb3db: Failed appendEntries: org.apache.ratis.thirdparty.io.grpc.StatusRuntimeException: UNAVAILABLE: io exception
2019-07-13 07:24:55,770 INFO  impl.FollowerInfo (FollowerInfo.java:lambda$new$0(50)) - c18e5551-1800-40d1-9af7-9b9ec855c36c->b6a2e03e-f3bd-4b9a-b2cc-05e16fdeb3db: nextIndex: updateUnconditionally 5 -> 4
2019-07-13 07:24:56,298 ERROR commandhandler.CloseContainerCommandHandler (CloseContainerCommandHandler.java:handle(84)) - Container #1 does not exist in datanode. Container close failed.
2019-07-13 07:24:56,894 ERROR commandhandler.CloseContainerCommandHandler (CloseContainerCommandHandler.java:handle(84)) - Container #1 does not exist in datanode. Container close failed.
2019-07-13 07:24:57,736 INFO  ozoneimpl.OzoneContainer (OzoneContainer.java:stop(199)) - Attempting to stop container services.
2019-07-13 07:24:57,737 INFO  impl.RaftServerProxy (RaftServerProxy.java:lambda$close$4(314)) - c914261d-7132-4fca-86ff-e1ab4ebbf7be: close
2019-07-13 07:24:57,738 INFO  impl.RaftServerImpl (RaftServerImpl.java:lambda$shutdown$3(245)) - c914261d-7132-4fca-86ff-e1ab4ebbf7be: shutdown group-209CBD3109F0
2019-07-13 07:24:57,738 INFO  impl.RaftServerImpl (RaftServerImpl.java:lambda$shutdown$3(245)) - c914261d-7132-4fca-86ff-e1ab4ebbf7be: shutdown group-8D20CAFB8FEB
2019-07-13 07:24:57,738 INFO  util.JmxRegister (JmxRegister.java:unregister(73)) - Successfully un-registered JMX Bean with object name Ratis:service=RaftServer,group=group-209CBD3109F0,id=c914261d-7132-4fca-86ff-e1ab4ebbf7be
2019-07-13 07:24:57,739 INFO  impl.RoleInfo (RoleInfo.java:shutdownFollowerState(121)) - c914261d-7132-4fca-86ff-e1ab4ebbf7be: shutdown FollowerState
2019-07-13 07:24:57,739 INFO  impl.StateMachineUpdater (StateMachineUpdater.java:stopAndJoin(115)) - StateMachineUpdater:c914261d-7132-4fca-86ff-e1ab4ebbf7be:group-209CBD3109F0: set stopIndex = 0
2019-07-13 07:24:57,738 INFO  util.JmxRegister (JmxRegister.java:unregister(73)) - Successfully un-registered JMX Bean with object name Ratis:service=RaftServer,group=group-8D20CAFB8FEB,id=c914261d-7132-4fca-86ff-e1ab4ebbf7be
2019-07-13 07:24:57,740 INFO  impl.RoleInfo (RoleInfo.java:shutdownLeaderState(104)) - c914261d-7132-4fca-86ff-e1ab4ebbf7be: shutdown LeaderState
2019-07-13 07:24:57,739 INFO  impl.FollowerState (FollowerState.java:run(114)) - c914261d-7132-4fca-86ff-e1ab4ebbf7be: FollowerState was interrupted: java.lang.InterruptedException: sleep interrupted
2019-07-13 07:24:57,739 INFO  ratis.ContainerStateMachine (ContainerStateMachine.java:takeSnapshot(246)) - Taking snapshot at termIndex:(t:0, i:~)
2019-07-13 07:24:57,740 INFO  impl.PendingRequests (PendingRequests.java:sendNotLeaderResponses(202)) - c914261d-7132-4fca-86ff-e1ab4ebbf7be-PendingRequests: sendNotLeaderResponses
2019-07-13 07:24:57,740 INFO  impl.RaftServerImpl (ServerState.java:close(394)) - c914261d-7132-4fca-86ff-e1ab4ebbf7be:group-209CBD3109F0 closes. The last applied log index is 0
2019-07-13 07:24:57,741 INFO  impl.StateMachineUpdater (StateMachineUpdater.java:stopAndJoin(115)) - StateMachineUpdater:c914261d-7132-4fca-86ff-e1ab4ebbf7be:group-8D20CAFB8FEB: set stopIndex = 0
2019-07-13 07:24:57,741 INFO  ratis.ContainerStateMachine (ContainerStateMachine.java:takeSnapshot(246)) - Taking snapshot at termIndex:(t:0, i:~)
2019-07-13 07:24:57,741 INFO  segmented.SegmentedRaftLogWorker (SegmentedRaftLogWorker.java:run(313)) - c914261d-7132-4fca-86ff-e1ab4ebbf7be-SegmentedRaftLogWorker:Storage Directory /tmp/workdir/hadoop-ozone/integration-test/target/test-dir/MiniOzoneClusterImpl-941c324f-0157-4255-9475-d1e8b8c31c02/datanode-1/data/ratis/a89d6e8d-924b-4872-8f34-209cbd3109f0 was interrupted, exiting. There are 0 tasks remaining in the queue.
2019-07-13 07:24:57,741 INFO  impl.RaftServerImpl (ServerState.java:close(394)) - c914261d-7132-4fca-86ff-e1ab4ebbf7be:group-8D20CAFB8FEB closes. The last applied log index is 0
2019-07-13 07:24:57,748 INFO  segmented.SegmentedRaftLogWorker (SegmentedRaftLogWorker.java:close(228)) - c914261d-7132-4fca-86ff-e1ab4ebbf7be-SegmentedRaftLogWorker:Storage Directory /tmp/workdir/hadoop-ozone/integration-test/target/test-dir/MiniOzoneClusterImpl-941c324f-0157-4255-9475-d1e8b8c31c02/datanode-1/data/ratis/a89d6e8d-924b-4872-8f34-209cbd3109f0 close()
2019-07-13 07:24:57,748 INFO  segmented.SegmentedRaftLogWorker (SegmentedRaftLogWorker.java:run(313)) - c914261d-7132-4fca-86ff-e1ab4ebbf7be-SegmentedRaftLogWorker:Storage Directory /tmp/workdir/hadoop-ozone/integration-test/target/test-dir/MiniOzoneClusterImpl-941c324f-0157-4255-9475-d1e8b8c31c02/datanode-1/data/ratis/23bb4fda-50c6-435e-a161-8d20cafb8feb was interrupted, exiting. There are 0 tasks remaining in the queue.
2019-07-13 07:24:57,771 INFO  segmented.SegmentedRaftLogWorker (SegmentedRaftLogWorker.java:close(228)) - c914261d-7132-4fca-86ff-e1ab4ebbf7be-SegmentedRaftLogWorker:Storage Directory /tmp/workdir/hadoop-ozone/integration-test/target/test-dir/MiniOzoneClusterImpl-941c324f-0157-4255-9475-d1e8b8c31c02/datanode-1/data/ratis/23bb4fda-50c6-435e-a161-8d20cafb8feb close()
2019-07-13 07:24:57,782 INFO  server.GrpcService (GrpcService.java:closeImpl(155)) - c914261d-7132-4fca-86ff-e1ab4ebbf7be: shutdown server with port 46731 now
2019-07-13 07:24:57,783 WARN  server.GrpcServerProtocolService (LogUtils.java:warn(134)) - c914261d-7132-4fca-86ff-e1ab4ebbf7be: appendEntries onError: org.apache.ratis.thirdparty.io.grpc.StatusRuntimeException: CANCELLED: cancelled before receiving half close
2019-07-13 07:24:57,783 INFO  server.GrpcService (GrpcService.java:closeImpl(163)) - c914261d-7132-4fca-86ff-e1ab4ebbf7be: shutdown server with port 46731 successfully
2019-07-13 07:24:57,783 WARN  server.GrpcLogAppender (LogUtils.java:warn(134)) - 1a861c74-1484-402a-9ff9-9d6113d38ce4->c914261d-7132-4fca-86ff-e1ab4ebbf7be: Failed appendEntries: org.apache.ratis.thirdparty.io.grpc.StatusRuntimeException: CANCELLED: HTTP/2 error code: CANCEL
Received Rst Stream
2019-07-13 07:24:57,790 INFO  impl.FollowerInfo (FollowerInfo.java:lambda$new$0(50)) - 1a861c74-1484-402a-9ff9-9d6113d38ce4->c914261d-7132-4fca-86ff-e1ab4ebbf7be: nextIndex: updateUnconditionally 1 -> 0
2019-07-13 07:24:57,792 INFO  utils.BackgroundService (BackgroundService.java:shutdown(148)) - Shutting down service BlockDeletingService
2019-07-13 07:24:57,795 WARN  fs.CachingGetSpaceUsed (CachingGetSpaceUsed.java:run(183)) - Thread Interrupted waiting to refresh disk information: sleep interrupted
2019-07-13 07:24:57,881 INFO  statemachine.DatanodeStateMachine (DatanodeStateMachine.java:stopDaemon(395)) - Ozone container server stopped.
2019-07-13 07:24:57,882 INFO  handler.ContextHandler (ContextHandler.java:doStop(910)) - Stopped o.e.j.w.WebAppContext@1f031994{/,null,UNAVAILABLE}{/hddsDatanode}
2019-07-13 07:24:57,883 INFO  server.AbstractConnector (AbstractConnector.java:doStop(318)) - Stopped ServerConnector@37bac0f4{HTTP/1.1,[http/1.1]}{0.0.0.0:0}
2019-07-13 07:24:57,883 INFO  handler.ContextHandler (ContextHandler.java:doStop(910)) - Stopped o.e.j.s.ServletContextHandler@3a70acd5{/static,jar:file:/home/user/.m2/repository/org/apache/hadoop/hadoop-hdds-container-service/0.5.0-SNAPSHOT/hadoop-hdds-container-service-0.5.0-SNAPSHOT.jar!/webapps/static,UNAVAILABLE}
2019-07-13 07:24:57,883 INFO  handler.ContextHandler (ContextHandler.java:doStop(910)) - Stopped o.e.j.s.ServletContextHandler@8b93c88{/logs,file:///tmp/workdir/hadoop-ozone/integration-test/target/log,UNAVAILABLE}
2019-07-13 07:24:57,913 INFO  client.GrpcClientProtocolClient (GrpcClientProtocolClient.java:onNext(255)) - client-B4517EDD298F->3124f886-aefa-4d74-8825-f582d519003a: receive RaftClientReply:client-B4517EDD298F->3124f886-aefa-4d74-8825-f582d519003a@group-F283260AA46A, cid=134, SUCCESS, logIndex=5, commits[3124f886-aefa-4d74-8825-f582d519003a:c5, bcfa1d54-0cc1-4401-b26c-7cc42d7d3c1e:c4, 087355bb-25f1-45f5-b864-6f7d8d3ec78b:c4]
2019-07-13 07:24:57,914 INFO  client.GrpcClientProtocolClient (GrpcClientProtocolClient.java:onNext(255)) - client-B4517EDD298F->3124f886-aefa-4d74-8825-f582d519003a: receive RaftClientReply:client-B4517EDD298F->3124f886-aefa-4d74-8825-f582d519003a@group-F283260AA46A, cid=135, SUCCESS, logIndex=6, commits[3124f886-aefa-4d74-8825-f582d519003a:c8, bcfa1d54-0cc1-4401-b26c-7cc42d7d3c1e:c4, 087355bb-25f1-45f5-b864-6f7d8d3ec78b:c4]
2019-07-13 07:24:57,915 INFO  client.GrpcClientProtocolClient (GrpcClientProtocolClient.java:onNext(255)) - client-B4517EDD298F->3124f886-aefa-4d74-8825-f582d519003a: receive RaftClientReply:client-B4517EDD298F->3124f886-aefa-4d74-8825-f582d519003a@group-F283260AA46A, cid=136, SUCCESS, logIndex=7, commits[3124f886-aefa-4d74-8825-f582d519003a:c8, bcfa1d54-0cc1-4401-b26c-7cc42d7d3c1e:c4, 087355bb-25f1-45f5-b864-6f7d8d3ec78b:c4]
2019-07-13 07:24:57,916 INFO  client.GrpcClientProtocolClient (GrpcClientProtocolClient.java:onNext(255)) - client-B4517EDD298F->3124f886-aefa-4d74-8825-f582d519003a: receive RaftClientReply:client-B4517EDD298F->3124f886-aefa-4d74-8825-f582d519003a@group-F283260AA46A, cid=137, SUCCESS, logIndex=8, commits[3124f886-aefa-4d74-8825-f582d519003a:c9, bcfa1d54-0cc1-4401-b26c-7cc42d7d3c1e:c5, 087355bb-25f1-45f5-b864-6f7d8d3ec78b:c6]
2019-07-13 07:24:57,925 INFO  client.GrpcClientProtocolClient (GrpcClientProtocolClient.java:onNext(255)) - client-B4517EDD298F->3124f886-aefa-4d74-8825-f582d519003a: receive RaftClientReply:client-B4517EDD298F->3124f886-aefa-4d74-8825-f582d519003a@group-F283260AA46A, cid=138, SUCCESS, logIndex=0, commits[3124f886-aefa-4d74-8825-f582d519003a:c12, bcfa1d54-0cc1-4401-b26c-7cc42d7d3c1e:c8, 087355bb-25f1-45f5-b864-6f7d8d3ec78b:c8]
2019-07-13 07:24:57,927 INFO  client.GrpcClientProtocolClient (GrpcClientProtocolClient.java:onNext(255)) - client-B4517EDD298F->3124f886-aefa-4d74-8825-f582d519003a: receive RaftClientReply:client-B4517EDD298F->3124f886-aefa-4d74-8825-f582d519003a@group-F283260AA46A, cid=139, SUCCESS, logIndex=0, commits[3124f886-aefa-4d74-8825-f582d519003a:c12, bcfa1d54-0cc1-4401-b26c-7cc42d7d3c1e:c8, 087355bb-25f1-45f5-b864-6f7d8d3ec78b:c8]
]]></system-out>
    <system-err><![CDATA[Jul 13, 2019 7:24:41 AM com.sun.jersey.server.impl.application.WebApplicationImpl _initiate
INFO: Initiating Jersey application, version 'Jersey: 1.19 02/11/2015 03:25 AM'
Jul 13, 2019 7:24:41 AM com.sun.jersey.server.impl.application.WebApplicationImpl _initiate
INFO: Initiating Jersey application, version 'Jersey: 1.19 02/11/2015 03:25 AM'
Jul 13, 2019 7:24:42 AM com.sun.jersey.server.impl.application.WebApplicationImpl _initiate
INFO: Initiating Jersey application, version 'Jersey: 1.19 02/11/2015 03:25 AM'
Jul 13, 2019 7:24:42 AM com.sun.jersey.server.impl.application.WebApplicationImpl _initiate
INFO: Initiating Jersey application, version 'Jersey: 1.19 02/11/2015 03:25 AM'
Jul 13, 2019 7:24:42 AM com.sun.jersey.server.impl.application.WebApplicationImpl _initiate
INFO: Initiating Jersey application, version 'Jersey: 1.19 02/11/2015 03:25 AM'
Jul 13, 2019 7:24:42 AM com.sun.jersey.server.impl.application.WebApplicationImpl _initiate
INFO: Initiating Jersey application, version 'Jersey: 1.19 02/11/2015 03:25 AM'
Jul 13, 2019 7:24:43 AM org.apache.ratis.thirdparty.io.grpc.internal.ManagedChannelOrphanWrapper$ManagedChannelReference cleanQueue
SEVERE: *~*~*~ Channel ManagedChannelImpl{logId=1042, target=192.168.69.84:45338} was not shutdown properly!!! ~*~*~*
    Make sure to call shutdown()/shutdownNow() and wait until awaitTermination() returns true.
java.lang.RuntimeException: ManagedChannel allocation site
	at org.apache.ratis.thirdparty.io.grpc.internal.ManagedChannelOrphanWrapper$ManagedChannelReference.<init>(ManagedChannelOrphanWrapper.java:103)
	at org.apache.ratis.thirdparty.io.grpc.internal.ManagedChannelOrphanWrapper.<init>(ManagedChannelOrphanWrapper.java:53)
	at org.apache.ratis.thirdparty.io.grpc.internal.ManagedChannelOrphanWrapper.<init>(ManagedChannelOrphanWrapper.java:44)
	at org.apache.ratis.thirdparty.io.grpc.internal.AbstractManagedChannelImplBuilder.build(AbstractManagedChannelImplBuilder.java:411)
	at org.apache.hadoop.hdds.scm.XceiverClientGrpc.connectToDatanode(XceiverClientGrpc.java:172)
	at org.apache.hadoop.hdds.scm.XceiverClientGrpc.reconnect(XceiverClientGrpc.java:417)
	at org.apache.hadoop.hdds.scm.XceiverClientGrpc.sendCommandAsync(XceiverClientGrpc.java:366)
	at org.apache.hadoop.hdds.scm.XceiverClientGrpc.sendCommandWithRetry(XceiverClientGrpc.java:279)
	at org.apache.hadoop.hdds.scm.XceiverClientGrpc.sendCommandWithTraceIDAndRetry(XceiverClientGrpc.java:248)
	at org.apache.hadoop.hdds.scm.XceiverClientGrpc.sendCommand(XceiverClientGrpc.java:231)
	at org.apache.hadoop.hdds.scm.storage.ContainerProtocolCalls.getBlock(ContainerProtocolCalls.java:118)
	at org.apache.hadoop.hdds.scm.storage.BlockInputStream.getChunkInfos(BlockInputStream.java:167)
	at org.apache.hadoop.hdds.scm.storage.BlockInputStream.initialize(BlockInputStream.java:118)
	at org.apache.hadoop.hdds.scm.storage.BlockInputStream.read(BlockInputStream.java:222)
	at org.apache.hadoop.ozone.client.io.KeyInputStream.read(KeyInputStream.java:171)
	at org.apache.hadoop.ozone.client.io.OzoneInputStream.read(OzoneInputStream.java:47)
	at java.io.InputStream.read(InputStream.java:101)
	at org.apache.hadoop.ozone.container.ContainerTestHelper.validateData(ContainerTestHelper.java:709)
	at org.apache.hadoop.ozone.client.rpc.TestFailureHandlingByClient.validateData(TestFailureHandlingByClient.java:497)
	at org.apache.hadoop.ozone.client.rpc.TestFailureHandlingByClient.testBlockWritesWithDnFailures(TestFailureHandlingByClient.java:155)
	at sun.reflect.NativeMethodAccessorImpl.invoke0(Native Method)
	at sun.reflect.NativeMethodAccessorImpl.invoke(NativeMethodAccessorImpl.java:62)
	at sun.reflect.DelegatingMethodAccessorImpl.invoke(DelegatingMethodAccessorImpl.java:43)
	at java.lang.reflect.Method.invoke(Method.java:498)
	at org.junit.runners.model.FrameworkMethod$1.runReflectiveCall(FrameworkMethod.java:47)
	at org.junit.internal.runners.model.ReflectiveCallable.run(ReflectiveCallable.java:12)
	at org.junit.runners.model.FrameworkMethod.invokeExplosively(FrameworkMethod.java:44)
	at org.junit.internal.runners.statements.InvokeMethod.evaluate(InvokeMethod.java:17)
	at org.junit.runners.ParentRunner.runLeaf(ParentRunner.java:271)
	at org.junit.runners.BlockJUnit4ClassRunner.runChild(BlockJUnit4ClassRunner.java:70)
	at org.junit.runners.BlockJUnit4ClassRunner.runChild(BlockJUnit4ClassRunner.java:50)
	at org.junit.runners.ParentRunner$3.run(ParentRunner.java:238)
	at org.junit.runners.ParentRunner$1.schedule(ParentRunner.java:63)
	at org.junit.runners.ParentRunner.runChildren(ParentRunner.java:236)
	at org.junit.runners.ParentRunner.access$000(ParentRunner.java:53)
	at org.junit.runners.ParentRunner$2.evaluate(ParentRunner.java:229)
	at org.junit.runners.ParentRunner.run(ParentRunner.java:309)
	at org.apache.maven.surefire.junit4.JUnit4Provider.execute(JUnit4Provider.java:365)
	at org.apache.maven.surefire.junit4.JUnit4Provider.executeWithRerun(JUnit4Provider.java:273)
	at org.apache.maven.surefire.junit4.JUnit4Provider.executeTestSet(JUnit4Provider.java:238)
	at org.apache.maven.surefire.junit4.JUnit4Provider.invoke(JUnit4Provider.java:159)
	at org.apache.maven.surefire.booter.ForkedBooter.invokeProviderInSameClassLoader(ForkedBooter.java:384)
	at org.apache.maven.surefire.booter.ForkedBooter.runSuitesInProcess(ForkedBooter.java:345)
	at org.apache.maven.surefire.booter.ForkedBooter.execute(ForkedBooter.java:126)
	at org.apache.maven.surefire.booter.ForkedBooter.main(ForkedBooter.java:418)

Jul 13, 2019 7:24:43 AM org.apache.ratis.thirdparty.io.grpc.internal.ManagedChannelOrphanWrapper$ManagedChannelReference cleanQueue
SEVERE: *~*~*~ Channel ManagedChannelImpl{logId=1037, target=192.168.69.84:33995} was not shutdown properly!!! ~*~*~*
    Make sure to call shutdown()/shutdownNow() and wait until awaitTermination() returns true.
java.lang.RuntimeException: ManagedChannel allocation site
	at org.apache.ratis.thirdparty.io.grpc.internal.ManagedChannelOrphanWrapper$ManagedChannelReference.<init>(ManagedChannelOrphanWrapper.java:103)
	at org.apache.ratis.thirdparty.io.grpc.internal.ManagedChannelOrphanWrapper.<init>(ManagedChannelOrphanWrapper.java:53)
	at org.apache.ratis.thirdparty.io.grpc.internal.ManagedChannelOrphanWrapper.<init>(ManagedChannelOrphanWrapper.java:44)
	at org.apache.ratis.thirdparty.io.grpc.internal.AbstractManagedChannelImplBuilder.build(AbstractManagedChannelImplBuilder.java:411)
	at org.apache.ratis.grpc.client.GrpcClientProtocolClient.<init>(GrpcClientProtocolClient.java:119)
	at org.apache.ratis.grpc.client.GrpcClientRpc.lambda$new$0(GrpcClientRpc.java:55)
	at org.apache.ratis.util.PeerProxyMap$PeerAndProxy.lambda$getProxy$0(PeerProxyMap.java:61)
	at org.apache.ratis.util.LifeCycle.startAndTransition(LifeCycle.java:202)
	at org.apache.ratis.util.PeerProxyMap$PeerAndProxy.getProxy(PeerProxyMap.java:60)
	at org.apache.ratis.util.PeerProxyMap.getProxy(PeerProxyMap.java:107)
	at org.apache.ratis.grpc.client.GrpcClientRpc.sendRequestAsync(GrpcClientRpc.java:66)
	at org.apache.ratis.client.impl.OrderedAsync.sendRequest(OrderedAsync.java:208)
	at org.apache.ratis.client.impl.OrderedAsync.sendRequestWithRetry(OrderedAsync.java:169)
	at org.apache.ratis.util.SlidingWindow$Client.sendOrDelayRequest(SlidingWindow.java:278)
	at org.apache.ratis.util.SlidingWindow$Client.retry(SlidingWindow.java:294)
	at org.apache.ratis.client.impl.OrderedAsync.lambda$scheduleWithTimeout$7(OrderedAsync.java:195)
	at org.apache.ratis.util.TimeoutScheduler.lambda$onTimeout$0(TimeoutScheduler.java:85)
	at org.apache.ratis.util.TimeoutScheduler.lambda$onTimeout$1(TimeoutScheduler.java:104)
	at org.apache.ratis.util.LogUtils.runAndLog(LogUtils.java:50)
	at org.apache.ratis.util.LogUtils$1.run(LogUtils.java:91)
	at java.util.concurrent.Executors$RunnableAdapter.call(Executors.java:511)
	at java.util.concurrent.FutureTask.run(FutureTask.java:266)
	at java.util.concurrent.ScheduledThreadPoolExecutor$ScheduledFutureTask.access$201(ScheduledThreadPoolExecutor.java:180)
	at java.util.concurrent.ScheduledThreadPoolExecutor$ScheduledFutureTask.run(ScheduledThreadPoolExecutor.java:293)
	at java.util.concurrent.ThreadPoolExecutor.runWorker(ThreadPoolExecutor.java:1149)
	at java.util.concurrent.ThreadPoolExecutor$Worker.run(ThreadPoolExecutor.java:624)
	at java.lang.Thread.run(Thread.java:748)

Jul 13, 2019 7:24:43 AM org.apache.ratis.thirdparty.io.grpc.internal.ManagedChannelOrphanWrapper$ManagedChannelReference cleanQueue
SEVERE: *~*~*~ Channel ManagedChannelImpl{logId=1047, target=192.168.69.84:44703} was not shutdown properly!!! ~*~*~*
    Make sure to call shutdown()/shutdownNow() and wait until awaitTermination() returns true.
java.lang.RuntimeException: ManagedChannel allocation site
	at org.apache.ratis.thirdparty.io.grpc.internal.ManagedChannelOrphanWrapper$ManagedChannelReference.<init>(ManagedChannelOrphanWrapper.java:103)
	at org.apache.ratis.thirdparty.io.grpc.internal.ManagedChannelOrphanWrapper.<init>(ManagedChannelOrphanWrapper.java:53)
	at org.apache.ratis.thirdparty.io.grpc.internal.ManagedChannelOrphanWrapper.<init>(ManagedChannelOrphanWrapper.java:44)
	at org.apache.ratis.thirdparty.io.grpc.internal.AbstractManagedChannelImplBuilder.build(AbstractManagedChannelImplBuilder.java:411)
	at org.apache.hadoop.hdds.scm.XceiverClientGrpc.connectToDatanode(XceiverClientGrpc.java:172)
	at org.apache.hadoop.hdds.scm.XceiverClientGrpc.reconnect(XceiverClientGrpc.java:417)
	at org.apache.hadoop.hdds.scm.XceiverClientGrpc.sendCommandAsync(XceiverClientGrpc.java:366)
	at org.apache.hadoop.hdds.scm.XceiverClientGrpc.sendCommandWithRetry(XceiverClientGrpc.java:279)
	at org.apache.hadoop.hdds.scm.XceiverClientGrpc.sendCommandWithTraceIDAndRetry(XceiverClientGrpc.java:248)
	at org.apache.hadoop.hdds.scm.XceiverClientGrpc.sendCommand(XceiverClientGrpc.java:231)
	at org.apache.hadoop.hdds.scm.storage.ContainerProtocolCalls.readChunk(ContainerProtocolCalls.java:245)
	at org.apache.hadoop.hdds.scm.storage.ChunkInputStream.readChunk(ChunkInputStream.java:335)
	at org.apache.hadoop.hdds.scm.storage.ChunkInputStream.readChunkFromContainer(ChunkInputStream.java:307)
	at org.apache.hadoop.hdds.scm.storage.ChunkInputStream.prepareRead(ChunkInputStream.java:259)
	at org.apache.hadoop.hdds.scm.storage.ChunkInputStream.read(ChunkInputStream.java:144)
	at org.apache.hadoop.hdds.scm.storage.BlockInputStream.read(BlockInputStream.java:239)
	at org.apache.hadoop.ozone.client.io.KeyInputStream.read(KeyInputStream.java:171)
	at org.apache.hadoop.ozone.client.io.OzoneInputStream.read(OzoneInputStream.java:47)
	at java.io.InputStream.read(InputStream.java:101)
	at org.apache.hadoop.ozone.container.ContainerTestHelper.validateData(ContainerTestHelper.java:709)
	at org.apache.hadoop.ozone.client.rpc.TestFailureHandlingByClient.validateData(TestFailureHandlingByClient.java:497)
	at org.apache.hadoop.ozone.client.rpc.TestFailureHandlingByClient.testBlockWritesWithDnFailures(TestFailureHandlingByClient.java:155)
	at sun.reflect.NativeMethodAccessorImpl.invoke0(Native Method)
	at sun.reflect.NativeMethodAccessorImpl.invoke(NativeMethodAccessorImpl.java:62)
	at sun.reflect.DelegatingMethodAccessorImpl.invoke(DelegatingMethodAccessorImpl.java:43)
	at java.lang.reflect.Method.invoke(Method.java:498)
	at org.junit.runners.model.FrameworkMethod$1.runReflectiveCall(FrameworkMethod.java:47)
	at org.junit.internal.runners.model.ReflectiveCallable.run(ReflectiveCallable.java:12)
	at org.junit.runners.model.FrameworkMethod.invokeExplosively(FrameworkMethod.java:44)
	at org.junit.internal.runners.statements.InvokeMethod.evaluate(InvokeMethod.java:17)
	at org.junit.runners.ParentRunner.runLeaf(ParentRunner.java:271)
	at org.junit.runners.BlockJUnit4ClassRunner.runChild(BlockJUnit4ClassRunner.java:70)
	at org.junit.runners.BlockJUnit4ClassRunner.runChild(BlockJUnit4ClassRunner.java:50)
	at org.junit.runners.ParentRunner$3.run(ParentRunner.java:238)
	at org.junit.runners.ParentRunner$1.schedule(ParentRunner.java:63)
	at org.junit.runners.ParentRunner.runChildren(ParentRunner.java:236)
	at org.junit.runners.ParentRunner.access$000(ParentRunner.java:53)
	at org.junit.runners.ParentRunner$2.evaluate(ParentRunner.java:229)
	at org.junit.runners.ParentRunner.run(ParentRunner.java:309)
	at org.apache.maven.surefire.junit4.JUnit4Provider.execute(JUnit4Provider.java:365)
	at org.apache.maven.surefire.junit4.JUnit4Provider.executeWithRerun(JUnit4Provider.java:273)
	at org.apache.maven.surefire.junit4.JUnit4Provider.executeTestSet(JUnit4Provider.java:238)
	at org.apache.maven.surefire.junit4.JUnit4Provider.invoke(JUnit4Provider.java:159)
	at org.apache.maven.surefire.booter.ForkedBooter.invokeProviderInSameClassLoader(ForkedBooter.java:384)
	at org.apache.maven.surefire.booter.ForkedBooter.runSuitesInProcess(ForkedBooter.java:345)
	at org.apache.maven.surefire.booter.ForkedBooter.execute(ForkedBooter.java:126)
	at org.apache.maven.surefire.booter.ForkedBooter.main(ForkedBooter.java:418)

Jul 13, 2019 7:24:43 AM org.apache.ratis.thirdparty.io.grpc.internal.ManagedChannelOrphanWrapper$ManagedChannelReference cleanQueue
SEVERE: *~*~*~ Channel ManagedChannelImpl{logId=977, target=192.168.69.84:44256} was not shutdown properly!!! ~*~*~*
    Make sure to call shutdown()/shutdownNow() and wait until awaitTermination() returns true.
java.lang.RuntimeException: ManagedChannel allocation site
	at org.apache.ratis.thirdparty.io.grpc.internal.ManagedChannelOrphanWrapper$ManagedChannelReference.<init>(ManagedChannelOrphanWrapper.java:103)
	at org.apache.ratis.thirdparty.io.grpc.internal.ManagedChannelOrphanWrapper.<init>(ManagedChannelOrphanWrapper.java:53)
	at org.apache.ratis.thirdparty.io.grpc.internal.ManagedChannelOrphanWrapper.<init>(ManagedChannelOrphanWrapper.java:44)
	at org.apache.ratis.thirdparty.io.grpc.internal.AbstractManagedChannelImplBuilder.build(AbstractManagedChannelImplBuilder.java:411)
	at org.apache.ratis.grpc.client.GrpcClientProtocolClient.<init>(GrpcClientProtocolClient.java:119)
	at org.apache.ratis.grpc.client.GrpcClientRpc.lambda$new$0(GrpcClientRpc.java:55)
	at org.apache.ratis.util.PeerProxyMap$PeerAndProxy.lambda$getProxy$0(PeerProxyMap.java:61)
	at org.apache.ratis.util.LifeCycle.startAndTransition(LifeCycle.java:202)
	at org.apache.ratis.util.PeerProxyMap$PeerAndProxy.getProxy(PeerProxyMap.java:60)
	at org.apache.ratis.util.PeerProxyMap.getProxy(PeerProxyMap.java:107)
	at org.apache.ratis.grpc.client.GrpcClientRpc.sendRequestAsync(GrpcClientRpc.java:66)
	at org.apache.ratis.client.impl.OrderedAsync.sendRequest(OrderedAsync.java:208)
	at org.apache.ratis.client.impl.OrderedAsync.sendRequestWithRetry(OrderedAsync.java:169)
	at org.apache.ratis.util.SlidingWindow$Client.sendOrDelayRequest(SlidingWindow.java:278)
	at org.apache.ratis.util.SlidingWindow$Client.retry(SlidingWindow.java:294)
	at org.apache.ratis.client.impl.OrderedAsync.lambda$scheduleWithTimeout$7(OrderedAsync.java:195)
	at org.apache.ratis.util.TimeoutScheduler.lambda$onTimeout$0(TimeoutScheduler.java:85)
	at org.apache.ratis.util.TimeoutScheduler.lambda$onTimeout$1(TimeoutScheduler.java:104)
	at org.apache.ratis.util.LogUtils.runAndLog(LogUtils.java:50)
	at org.apache.ratis.util.LogUtils$1.run(LogUtils.java:91)
	at java.util.concurrent.Executors$RunnableAdapter.call(Executors.java:511)
	at java.util.concurrent.FutureTask.run(FutureTask.java:266)
	at java.util.concurrent.ScheduledThreadPoolExecutor$ScheduledFutureTask.access$201(ScheduledThreadPoolExecutor.java:180)
	at java.util.concurrent.ScheduledThreadPoolExecutor$ScheduledFutureTask.run(ScheduledThreadPoolExecutor.java:293)
	at java.util.concurrent.ThreadPoolExecutor.runWorker(ThreadPoolExecutor.java:1149)
	at java.util.concurrent.ThreadPoolExecutor$Worker.run(ThreadPoolExecutor.java:624)
	at java.lang.Thread.run(Thread.java:748)

]]></system-err>
  </testcase>
  <testcase name="testMultiBlockWritesWithDnFailures" classname="org.apache.hadoop.ozone.client.rpc.TestFailureHandlingByClient" time="23.823">
    <error type="java.lang.IllegalArgumentException">java.lang.IllegalArgumentException
	at com.google.common.base.Preconditions.checkArgument(Preconditions.java:72)
	at org.apache.hadoop.hdds.scm.XceiverClientManager.acquireClient(XceiverClientManager.java:150)
	at org.apache.hadoop.hdds.scm.XceiverClientManager.acquireClientForReadData(XceiverClientManager.java:143)
	at org.apache.hadoop.hdds.scm.storage.BlockInputStream.getChunkInfos(BlockInputStream.java:154)
	at org.apache.hadoop.hdds.scm.storage.BlockInputStream.initialize(BlockInputStream.java:118)
	at org.apache.hadoop.hdds.scm.storage.BlockInputStream.read(BlockInputStream.java:222)
	at org.apache.hadoop.ozone.client.io.KeyInputStream.read(KeyInputStream.java:171)
	at org.apache.hadoop.ozone.client.io.OzoneInputStream.read(OzoneInputStream.java:47)
	at java.io.InputStream.read(InputStream.java:101)
	at org.apache.hadoop.ozone.container.ContainerTestHelper.validateData(ContainerTestHelper.java:709)
	at org.apache.hadoop.ozone.client.rpc.TestFailureHandlingByClient.validateData(TestFailureHandlingByClient.java:497)
	at org.apache.hadoop.ozone.client.rpc.TestFailureHandlingByClient.testMultiBlockWritesWithDnFailures(TestFailureHandlingByClient.java:198)
	at sun.reflect.NativeMethodAccessorImpl.invoke0(Native Method)
	at sun.reflect.NativeMethodAccessorImpl.invoke(NativeMethodAccessorImpl.java:62)
	at sun.reflect.DelegatingMethodAccessorImpl.invoke(DelegatingMethodAccessorImpl.java:43)
	at java.lang.reflect.Method.invoke(Method.java:498)
	at org.junit.runners.model.FrameworkMethod$1.runReflectiveCall(FrameworkMethod.java:47)
	at org.junit.internal.runners.model.ReflectiveCallable.run(ReflectiveCallable.java:12)
	at org.junit.runners.model.FrameworkMethod.invokeExplosively(FrameworkMethod.java:44)
	at org.junit.internal.runners.statements.InvokeMethod.evaluate(InvokeMethod.java:17)
	at org.junit.runners.ParentRunner.runLeaf(ParentRunner.java:271)
	at org.junit.runners.BlockJUnit4ClassRunner.runChild(BlockJUnit4ClassRunner.java:70)
	at org.junit.runners.BlockJUnit4ClassRunner.runChild(BlockJUnit4ClassRunner.java:50)
	at org.junit.runners.ParentRunner$3.run(ParentRunner.java:238)
	at org.junit.runners.ParentRunner$1.schedule(ParentRunner.java:63)
	at org.junit.runners.ParentRunner.runChildren(ParentRunner.java:236)
	at org.junit.runners.ParentRunner.access$000(ParentRunner.java:53)
	at org.junit.runners.ParentRunner$2.evaluate(ParentRunner.java:229)
	at org.junit.runners.ParentRunner.run(ParentRunner.java:309)
	at org.apache.maven.surefire.junit4.JUnit4Provider.execute(JUnit4Provider.java:365)
	at org.apache.maven.surefire.junit4.JUnit4Provider.executeWithRerun(JUnit4Provider.java:273)
	at org.apache.maven.surefire.junit4.JUnit4Provider.executeTestSet(JUnit4Provider.java:238)
	at org.apache.maven.surefire.junit4.JUnit4Provider.invoke(JUnit4Provider.java:159)
	at org.apache.maven.surefire.booter.ForkedBooter.invokeProviderInSameClassLoader(ForkedBooter.java:384)
	at org.apache.maven.surefire.booter.ForkedBooter.runSuitesInProcess(ForkedBooter.java:345)
	at org.apache.maven.surefire.booter.ForkedBooter.execute(ForkedBooter.java:126)
	at org.apache.maven.surefire.booter.ForkedBooter.main(ForkedBooter.java:418)
</error>
    <system-out><![CDATA[2019-07-13 07:24:57,944 WARN  server.ServerUtils (ServerUtils.java:getScmDbDir(145)) - ozone.scm.db.dirs is not configured. We recommend adding this setting. Falling back to ozone.metadata.dirs instead.
2019-07-13 07:24:57,959 WARN  server.ServerUtils (ServerUtils.java:getScmDbDir(145)) - ozone.scm.db.dirs is not configured. We recommend adding this setting. Falling back to ozone.metadata.dirs instead.
2019-07-13 07:24:57,959 WARN  server.ServerUtils (ServerUtils.java:getScmDbDir(145)) - ozone.scm.db.dirs is not configured. We recommend adding this setting. Falling back to ozone.metadata.dirs instead.
2019-07-13 07:24:57,960 INFO  db.DBStoreBuilder (DBStoreBuilder.java:addTable(110)) - using custom profile for table: deletedBlocks
2019-07-13 07:24:57,960 INFO  db.DBStoreBuilder (DBStoreBuilder.java:processTables(161)) - Using default column profile:DBProfile.DISK for Table:deletedBlocks
2019-07-13 07:24:57,960 INFO  db.DBStoreBuilder (DBStoreBuilder.java:addTable(110)) - using custom profile for table: validCerts
2019-07-13 07:24:57,961 INFO  db.DBStoreBuilder (DBStoreBuilder.java:processTables(161)) - Using default column profile:DBProfile.DISK for Table:validCerts
2019-07-13 07:24:57,961 INFO  db.DBStoreBuilder (DBStoreBuilder.java:addTable(110)) - using custom profile for table: revokedCerts
2019-07-13 07:24:57,961 INFO  db.DBStoreBuilder (DBStoreBuilder.java:processTables(161)) - Using default column profile:DBProfile.DISK for Table:revokedCerts
2019-07-13 07:24:57,961 INFO  db.DBStoreBuilder (DBStoreBuilder.java:addTable(110)) - using custom profile for table: default
2019-07-13 07:24:57,961 INFO  db.DBStoreBuilder (DBStoreBuilder.java:processTables(167)) - Using default column profile:DBProfile.DISK for Table:default
2019-07-13 07:24:57,962 INFO  db.DBStoreBuilder (DBStoreBuilder.java:getDbProfile(198)) - Using default options. DBProfile.DISK
2019-07-13 07:24:58,118 INFO  net.NodeSchemaLoader (NodeSchemaLoader.java:loadSchemaFromFile(125)) - Loading file from sun.misc.CompoundEnumeration@7789719e
2019-07-13 07:24:58,118 INFO  net.NodeSchemaLoader (NodeSchemaLoader.java:loadSchema(171)) - Loading network topology layer schema file
2019-07-13 07:24:58,122 INFO  node.SCMNodeManager (SCMNodeManager.java:<init>(119)) - Entering startup safe mode.
2019-07-13 07:24:58,123 WARN  server.ServerUtils (ServerUtils.java:getScmDbDir(145)) - ozone.scm.db.dirs is not configured. We recommend adding this setting. Falling back to ozone.metadata.dirs instead.
2019-07-13 07:24:58,174 INFO  pipeline.SCMPipelineManager (SCMPipelineManager.java:initializePipelineState(126)) - No pipeline exists in current db
2019-07-13 07:24:58,175 WARN  server.ServerUtils (ServerUtils.java:getScmDbDir(145)) - ozone.scm.db.dirs is not configured. We recommend adding this setting. Falling back to ozone.metadata.dirs instead.
2019-07-13 07:24:58,239 WARN  events.EventQueue (EventQueue.java:fireEvent(175)) - No event handler registered for event TypedEvent{payloadType=SafeModeStatus, name='SafeModeStatus'}
2019-07-13 07:24:58,240 INFO  ipc.CallQueueManager (CallQueueManager.java:<init>(84)) - Using callQueue: class java.util.concurrent.LinkedBlockingQueue, queueCapacity: 2000, scheduler: class org.apache.hadoop.ipc.DefaultRpcScheduler, ipcBackoff: false.
2019-07-13 07:24:58,241 INFO  ipc.Server (Server.java:run(1074)) - Starting Socket Reader #1 for port 35468
2019-07-13 07:24:58,251 INFO  ipc.CallQueueManager (CallQueueManager.java:<init>(84)) - Using callQueue: class java.util.concurrent.LinkedBlockingQueue, queueCapacity: 2000, scheduler: class org.apache.hadoop.ipc.DefaultRpcScheduler, ipcBackoff: false.
2019-07-13 07:24:58,252 INFO  ipc.Server (Server.java:run(1074)) - Starting Socket Reader #1 for port 42283
2019-07-13 07:24:58,258 INFO  ipc.CallQueueManager (CallQueueManager.java:<init>(84)) - Using callQueue: class java.util.concurrent.LinkedBlockingQueue, queueCapacity: 2000, scheduler: class org.apache.hadoop.ipc.DefaultRpcScheduler, ipcBackoff: false.
2019-07-13 07:24:58,259 INFO  ipc.Server (Server.java:run(1074)) - Starting Socket Reader #1 for port 45734
2019-07-13 07:24:58,267 INFO  hdfs.DFSUtil (DFSUtil.java:httpServerTemplateForNNAndJN(1641)) - Starting Web-server for scm at: http://0.0.0.0:0
2019-07-13 07:24:58,268 WARN  server.GrpcLogAppender (LogUtils.java:warn(134)) - c18e5551-1800-40d1-9af7-9b9ec855c36c->b6a2e03e-f3bd-4b9a-b2cc-05e16fdeb3db: Failed appendEntries: org.apache.ratis.thirdparty.io.grpc.StatusRuntimeException: UNAVAILABLE: io exception
2019-07-13 07:24:58,275 INFO  impl.FollowerInfo (FollowerInfo.java:lambda$new$0(50)) - c18e5551-1800-40d1-9af7-9b9ec855c36c->b6a2e03e-f3bd-4b9a-b2cc-05e16fdeb3db: nextIndex: updateUnconditionally 4 -> 3
2019-07-13 07:24:58,275 INFO  server.AuthenticationFilter (AuthenticationFilter.java:constructSecretProvider(240)) - Unable to initialize FileSignerSecretProvider, falling back to use random secrets.
2019-07-13 07:24:58,276 WARN  http.HttpRequestLog (HttpRequestLog.java:getRequestLog(97)) - Jetty request log can only be enabled using Log4j
2019-07-13 07:24:58,278 INFO  http.HttpServer2 (HttpServer2.java:addGlobalFilter(975)) - Added global filter 'safety' (class=org.apache.hadoop.http.HttpServer2$QuotingInputFilter)
2019-07-13 07:24:58,279 INFO  http.HttpServer2 (HttpServer2.java:addFilter(948)) - Added filter static_user_filter (class=org.apache.hadoop.http.lib.StaticUserWebFilter$StaticUserFilter) to context scm
2019-07-13 07:24:58,279 INFO  http.HttpServer2 (HttpServer2.java:addFilter(958)) - Added filter static_user_filter (class=org.apache.hadoop.http.lib.StaticUserWebFilter$StaticUserFilter) to context logs
2019-07-13 07:24:58,279 INFO  http.HttpServer2 (HttpServer2.java:addFilter(958)) - Added filter static_user_filter (class=org.apache.hadoop.http.lib.StaticUserWebFilter$StaticUserFilter) to context static
2019-07-13 07:24:58,283 INFO  server.StorageContainerManager (StorageContainerManager.java:start(759)) - StorageContainerLocationProtocol RPC server is listening at /0.0.0.0:45734
2019-07-13 07:24:58,283 INFO  impl.MetricsSystemImpl (MetricsSystemImpl.java:init(158)) - StorageContainerManager metrics system started (again)
2019-07-13 07:24:58,284 INFO  server.SCMClientProtocolServer (SCMClientProtocolServer.java:start(149)) - RPC server for Client  is listening at /0.0.0.0:45734
2019-07-13 07:24:58,284 INFO  ipc.Server (Server.java:run(1314)) - IPC Server Responder: starting
2019-07-13 07:24:58,285 INFO  ipc.Server (Server.java:run(1153)) - IPC Server listener on 45734: starting
2019-07-13 07:24:58,299 INFO  server.StorageContainerManager (StorageContainerManager.java:start(768)) - ScmBlockLocationProtocol RPC server is listening at /0.0.0.0:42283
2019-07-13 07:24:58,299 INFO  server.SCMBlockProtocolServer (SCMBlockProtocolServer.java:start(140)) - RPC server for Block Protocol is listening at /0.0.0.0:42283
2019-07-13 07:24:58,299 INFO  ipc.Server (Server.java:run(1314)) - IPC Server Responder: starting
2019-07-13 07:24:58,300 INFO  ipc.Server (Server.java:run(1153)) - IPC Server listener on 42283: starting
2019-07-13 07:24:58,318 INFO  server.StorageContainerManager (StorageContainerManager.java:start(772)) - ScmDatanodeProtocl RPC server is listening at /0.0.0.0:35468
2019-07-13 07:24:58,318 INFO  server.SCMDatanodeProtocolServer (SCMDatanodeProtocolServer.java:start(191)) - RPC server for DataNodes is listening at /0.0.0.0:35468
2019-07-13 07:24:58,319 INFO  ipc.Server (Server.java:run(1314)) - IPC Server Responder: starting
2019-07-13 07:24:58,319 INFO  ipc.Server (Server.java:run(1153)) - IPC Server listener on 35468: starting
2019-07-13 07:24:58,332 INFO  http.HttpServer2 (HttpServer2.java:bindListener(1191)) - Jetty bound to port 34464
2019-07-13 07:24:58,333 INFO  server.Server (Server.java:doStart(351)) - jetty-9.3.24.v20180605, build timestamp: 2018-06-05T17:11:56Z, git hash: 84205aa28f11a4f31f2a3b86d1bba2cc8ab69827
2019-07-13 07:24:58,335 INFO  handler.ContextHandler (ContextHandler.java:doStart(781)) - Started o.e.j.s.ServletContextHandler@2ce7d43{/logs,file:///tmp/workdir/hadoop-ozone/integration-test/target/log,AVAILABLE}
2019-07-13 07:24:58,336 INFO  handler.ContextHandler (ContextHandler.java:doStart(781)) - Started o.e.j.s.ServletContextHandler@1ca55d5{/static,file:///tmp/workdir/hadoop-ozone/integration-test/target/test-classes/webapps/static,AVAILABLE}
2019-07-13 07:24:58,341 INFO  handler.ContextHandler (ContextHandler.java:doStart(781)) - Started o.e.j.w.WebAppContext@57bc7f67{/,file:///tmp/workdir/hadoop-ozone/integration-test/target/test-classes/webapps/scm/,AVAILABLE}{/scm}
2019-07-13 07:24:58,341 INFO  server.AbstractConnector (AbstractConnector.java:doStart(278)) - Started ServerConnector@3f808ad9{HTTP/1.1,[http/1.1]}{0.0.0.0:34464}
2019-07-13 07:24:58,348 INFO  server.Server (Server.java:doStart(419)) - Started @161386ms
2019-07-13 07:24:58,349 INFO  server.BaseHttpServer (BaseHttpServer.java:updateConnectorAddress(207)) - HTTP server of SCM is listening at http://0.0.0.0:34464
2019-07-13 07:24:58,349 WARN  server.ServerUtils (ServerUtils.java:getDBPath(222)) - ozone.om.db.dirs is not configured. We recommend adding this setting. Falling back to ozone.metadata.dirs instead.
2019-07-13 07:24:58,356 INFO  util.JvmPauseMonitor (JvmPauseMonitor.java:run(188)) - Starting JVM pause monitor
2019-07-13 07:24:58,370 WARN  server.ServerUtils (ServerUtils.java:getDBPath(222)) - ozone.om.db.dirs is not configured. We recommend adding this setting. Falling back to ozone.metadata.dirs instead.
2019-07-13 07:24:58,370 INFO  om.OzoneManager (OzoneManager.java:setOMNodeDetails(630)) - OM Service ID is not set. Setting it to the default ID: omServiceIdDefault
2019-07-13 07:24:58,371 INFO  om.OzoneManager (OzoneManager.java:setOMNodeDetails(636)) - OM Node ID is not set. Setting it to the OmStorage's OmID: a05230d7-f760-41ce-8ab7-32615ecadf8f
2019-07-13 07:24:58,371 INFO  om.OzoneManager (OzoneManager.java:loadOMHAConfigs(587)) - Found matching OM address with OMServiceId: null, OMNodeId: null, RPC Address: localhost:0 and Ratis port: 9872
2019-07-13 07:24:58,388 WARN  server.ServerUtils (ServerUtils.java:getDBPath(222)) - ozone.om.db.dirs is not configured. We recommend adding this setting. Falling back to ozone.metadata.dirs instead.
2019-07-13 07:24:58,388 INFO  db.DBStoreBuilder (DBStoreBuilder.java:addTable(110)) - using custom profile for table: userTable
2019-07-13 07:24:58,388 INFO  db.DBStoreBuilder (DBStoreBuilder.java:processTables(161)) - Using default column profile:DBProfile.DISK for Table:userTable
2019-07-13 07:24:58,389 INFO  db.DBStoreBuilder (DBStoreBuilder.java:addTable(110)) - using custom profile for table: volumeTable
2019-07-13 07:24:58,389 INFO  db.DBStoreBuilder (DBStoreBuilder.java:processTables(161)) - Using default column profile:DBProfile.DISK for Table:volumeTable
2019-07-13 07:24:58,389 INFO  db.DBStoreBuilder (DBStoreBuilder.java:addTable(110)) - using custom profile for table: bucketTable
2019-07-13 07:24:58,389 INFO  db.DBStoreBuilder (DBStoreBuilder.java:processTables(161)) - Using default column profile:DBProfile.DISK for Table:bucketTable
2019-07-13 07:24:58,390 INFO  db.DBStoreBuilder (DBStoreBuilder.java:addTable(110)) - using custom profile for table: keyTable
2019-07-13 07:24:58,390 INFO  db.DBStoreBuilder (DBStoreBuilder.java:processTables(161)) - Using default column profile:DBProfile.DISK for Table:keyTable
2019-07-13 07:24:58,390 INFO  db.DBStoreBuilder (DBStoreBuilder.java:addTable(110)) - using custom profile for table: deletedTable
2019-07-13 07:24:58,390 INFO  db.DBStoreBuilder (DBStoreBuilder.java:processTables(161)) - Using default column profile:DBProfile.DISK for Table:deletedTable
2019-07-13 07:24:58,391 INFO  db.DBStoreBuilder (DBStoreBuilder.java:addTable(110)) - using custom profile for table: openKeyTable
2019-07-13 07:24:58,391 INFO  db.DBStoreBuilder (DBStoreBuilder.java:processTables(161)) - Using default column profile:DBProfile.DISK for Table:openKeyTable
2019-07-13 07:24:58,391 INFO  db.DBStoreBuilder (DBStoreBuilder.java:addTable(110)) - using custom profile for table: s3Table
2019-07-13 07:24:58,392 INFO  db.DBStoreBuilder (DBStoreBuilder.java:processTables(161)) - Using default column profile:DBProfile.DISK for Table:s3Table
2019-07-13 07:24:58,392 INFO  db.DBStoreBuilder (DBStoreBuilder.java:addTable(110)) - using custom profile for table: multipartInfoTable
2019-07-13 07:24:58,392 INFO  db.DBStoreBuilder (DBStoreBuilder.java:processTables(161)) - Using default column profile:DBProfile.DISK for Table:multipartInfoTable
2019-07-13 07:24:58,392 INFO  db.DBStoreBuilder (DBStoreBuilder.java:addTable(110)) - using custom profile for table: dTokenTable
2019-07-13 07:24:58,392 INFO  db.DBStoreBuilder (DBStoreBuilder.java:processTables(161)) - Using default column profile:DBProfile.DISK for Table:dTokenTable
2019-07-13 07:24:58,393 INFO  db.DBStoreBuilder (DBStoreBuilder.java:addTable(110)) - using custom profile for table: s3SecretTable
2019-07-13 07:24:58,393 INFO  db.DBStoreBuilder (DBStoreBuilder.java:processTables(161)) - Using default column profile:DBProfile.DISK for Table:s3SecretTable
2019-07-13 07:24:58,393 INFO  db.DBStoreBuilder (DBStoreBuilder.java:addTable(110)) - using custom profile for table: prefixTable
2019-07-13 07:24:58,393 INFO  db.DBStoreBuilder (DBStoreBuilder.java:processTables(161)) - Using default column profile:DBProfile.DISK for Table:prefixTable
2019-07-13 07:24:58,394 INFO  db.DBStoreBuilder (DBStoreBuilder.java:addTable(110)) - using custom profile for table: default
2019-07-13 07:24:58,394 INFO  db.DBStoreBuilder (DBStoreBuilder.java:processTables(167)) - Using default column profile:DBProfile.DISK for Table:default
2019-07-13 07:24:58,394 INFO  db.DBStoreBuilder (DBStoreBuilder.java:getDbProfile(198)) - Using default options. DBProfile.DISK
2019-07-13 07:24:58,913 INFO  ipc.CallQueueManager (CallQueueManager.java:<init>(84)) - Using callQueue: class java.util.concurrent.LinkedBlockingQueue, queueCapacity: 2000, scheduler: class org.apache.hadoop.ipc.DefaultRpcScheduler, ipcBackoff: false.
2019-07-13 07:24:58,914 INFO  ipc.Server (Server.java:run(1074)) - Starting Socket Reader #1 for port 46523
2019-07-13 07:24:58,945 WARN  server.ServerUtils (ServerUtils.java:getDBPath(222)) - ozone.om.db.dirs is not configured. We recommend adding this setting. Falling back to ozone.metadata.dirs instead.
2019-07-13 07:24:58,945 INFO  om.OzoneManager (OzoneManager.java:start(1228)) - OzoneManager RPC server is listening at localhost/127.0.0.1:46523
2019-07-13 07:24:58,945 INFO  impl.MetricsSystemImpl (MetricsSystemImpl.java:init(158)) - OzoneManager metrics system started (again)
2019-07-13 07:24:58,946 INFO  ipc.Server (Server.java:run(1314)) - IPC Server Responder: starting
2019-07-13 07:24:58,946 INFO  ipc.Server (Server.java:run(1153)) - IPC Server listener on 46523: starting
2019-07-13 07:24:58,966 INFO  hdfs.DFSUtil (DFSUtil.java:httpServerTemplateForNNAndJN(1641)) - Starting Web-server for ozoneManager at: http://0.0.0.0:0
2019-07-13 07:24:58,969 INFO  server.AuthenticationFilter (AuthenticationFilter.java:constructSecretProvider(240)) - Unable to initialize FileSignerSecretProvider, falling back to use random secrets.
2019-07-13 07:24:58,969 WARN  http.HttpRequestLog (HttpRequestLog.java:getRequestLog(97)) - Jetty request log can only be enabled using Log4j
2019-07-13 07:24:58,971 INFO  http.HttpServer2 (HttpServer2.java:addGlobalFilter(975)) - Added global filter 'safety' (class=org.apache.hadoop.http.HttpServer2$QuotingInputFilter)
2019-07-13 07:24:58,972 INFO  http.HttpServer2 (HttpServer2.java:addFilter(948)) - Added filter static_user_filter (class=org.apache.hadoop.http.lib.StaticUserWebFilter$StaticUserFilter) to context ozoneManager
2019-07-13 07:24:58,972 INFO  http.HttpServer2 (HttpServer2.java:addFilter(958)) - Added filter static_user_filter (class=org.apache.hadoop.http.lib.StaticUserWebFilter$StaticUserFilter) to context logs
2019-07-13 07:24:58,972 INFO  http.HttpServer2 (HttpServer2.java:addFilter(958)) - Added filter static_user_filter (class=org.apache.hadoop.http.lib.StaticUserWebFilter$StaticUserFilter) to context static
2019-07-13 07:24:58,973 INFO  http.HttpServer2 (HttpServer2.java:bindListener(1191)) - Jetty bound to port 41244
2019-07-13 07:24:58,973 INFO  server.Server (Server.java:doStart(351)) - jetty-9.3.24.v20180605, build timestamp: 2018-06-05T17:11:56Z, git hash: 84205aa28f11a4f31f2a3b86d1bba2cc8ab69827
2019-07-13 07:24:58,975 INFO  handler.ContextHandler (ContextHandler.java:doStart(781)) - Started o.e.j.s.ServletContextHandler@109fff4a{/logs,file:///tmp/workdir/hadoop-ozone/integration-test/target/log,AVAILABLE}
2019-07-13 07:24:58,976 INFO  handler.ContextHandler (ContextHandler.java:doStart(781)) - Started o.e.j.s.ServletContextHandler@144caca6{/static,file:///tmp/workdir/hadoop-ozone/integration-test/target/test-classes/webapps/static,AVAILABLE}
2019-07-13 07:24:58,981 INFO  handler.ContextHandler (ContextHandler.java:doStart(781)) - Started o.e.j.w.WebAppContext@4e132a9b{/,file:///tmp/workdir/hadoop-ozone/integration-test/target/test-classes/webapps/ozoneManager/,AVAILABLE}{/ozoneManager}
2019-07-13 07:24:58,981 INFO  server.AbstractConnector (AbstractConnector.java:doStart(278)) - Started ServerConnector@7f2d4ffc{HTTP/1.1,[http/1.1]}{0.0.0.0:41244}
2019-07-13 07:24:58,982 INFO  server.Server (Server.java:doStart(419)) - Started @162020ms
2019-07-13 07:24:58,988 INFO  server.BaseHttpServer (BaseHttpServer.java:updateConnectorAddress(207)) - HTTP server of OZONEMANAGER is listening at http://0.0.0.0:41244
2019-07-13 07:24:59,002 INFO  impl.MetricsSystemImpl (MetricsSystemImpl.java:init(158)) - HddsDatanode metrics system started (again)
2019-07-13 07:24:59,003 INFO  ozone.HddsDatanodeService (HddsDatanodeService.java:start(185)) - HddsDatanodeService host:trunk-nightly-9lh4p-2362225927 ip:192.168.69.84
2019-07-13 07:24:59,025 INFO  volume.HddsVolume (HddsVolume.java:<init>(176)) - Creating Volume: /tmp/workdir/hadoop-ozone/integration-test/target/test-dir/MiniOzoneClusterImpl-0cda291e-93d6-4d20-8c29-6d118f79bbd1/datanode-0/data/containers/hdds of  storage type : DISK and capacity : 52710309888
2019-07-13 07:24:59,026 INFO  volume.VolumeSet (VolumeSet.java:initializeVolumeSet(170)) - Added Volume : /tmp/workdir/hadoop-ozone/integration-test/target/test-dir/MiniOzoneClusterImpl-0cda291e-93d6-4d20-8c29-6d118f79bbd1/datanode-0/data/containers/hdds to VolumeSet
2019-07-13 07:24:59,026 INFO  volume.ThrottledAsyncChecker (ThrottledAsyncChecker.java:schedule(140)) - Scheduling a check for org.apache.hadoop.ozone.container.common.volume.HddsVolume@7f746160
2019-07-13 07:24:59,027 INFO  volume.HddsVolumeChecker (HddsVolumeChecker.java:checkAllVolumes(203)) - Scheduled health check for volume org.apache.hadoop.ozone.container.common.volume.HddsVolume@7f746160
2019-07-13 07:24:59,082 INFO  impl.RaftServerProxy (ConfUtils.java:logGet(43)) - raft.rpc.type = GRPC (default)
2019-07-13 07:24:59,083 INFO  grpc.GrpcFactory (GrpcFactory.java:checkPooledByteBufAllocatorUseCacheForAllThreads(45)) - PERFORMANCE WARNING: useCacheForAllThreads is true that may cause Netty to create a lot garbage objects and, as a result, trigger GC.
	It is recommended to disable useCacheForAllThreads by setting -Dorg.apache.ratis.thirdparty.io.netty.allocator.useCacheForAllThreads=false in command line.
2019-07-13 07:24:59,083 INFO  grpc.GrpcConfigKeys$Server (ConfUtils.java:logGet(43)) - raft.grpc.server.port = 0 (default)
2019-07-13 07:24:59,083 INFO  server.GrpcService (ConfUtils.java:logGet(43)) - raft.grpc.message.size.max = 33570816 (custom)
2019-07-13 07:24:59,083 INFO  server.RaftServerConfigKeys (ConfUtils.java:logGet(43)) - raft.server.log.appender.buffer.byte-limit = 33554432 (custom)
2019-07-13 07:24:59,084 INFO  server.GrpcService (ConfUtils.java:logGet(43)) - raft.grpc.flow.control.window = 1MB (=1048576) (default)
2019-07-13 07:24:59,084 INFO  server.RaftServerConfigKeys (ConfUtils.java:logGet(43)) - raft.server.rpc.request.timeout = 3000ms (default)
2019-07-13 07:24:59,085 INFO  server.RaftServerConfigKeys (ConfUtils.java:logGet(43)) - raft.server.storage.dir = [/tmp/workdir/hadoop-ozone/integration-test/target/test-dir/MiniOzoneClusterImpl-0cda291e-93d6-4d20-8c29-6d118f79bbd1/datanode-0/data/ratis] (custom)
2019-07-13 07:24:59,085 INFO  replication.SimpleContainerDownloader (SimpleContainerDownloader.java:<init>(72)) - Starting container downloader service to copy containers to replicate.
2019-07-13 07:24:59,087 INFO  hdfs.DFSUtil (DFSUtil.java:httpServerTemplateForNNAndJN(1641)) - Starting Web-server for hddsDatanode at: http://0.0.0.0:0
2019-07-13 07:24:59,088 INFO  server.AuthenticationFilter (AuthenticationFilter.java:constructSecretProvider(240)) - Unable to initialize FileSignerSecretProvider, falling back to use random secrets.
2019-07-13 07:24:59,089 WARN  http.HttpRequestLog (HttpRequestLog.java:getRequestLog(97)) - Jetty request log can only be enabled using Log4j
2019-07-13 07:24:59,091 INFO  http.HttpServer2 (HttpServer2.java:addGlobalFilter(975)) - Added global filter 'safety' (class=org.apache.hadoop.http.HttpServer2$QuotingInputFilter)
2019-07-13 07:24:59,091 INFO  http.HttpServer2 (HttpServer2.java:addFilter(948)) - Added filter static_user_filter (class=org.apache.hadoop.http.lib.StaticUserWebFilter$StaticUserFilter) to context hddsDatanode
2019-07-13 07:24:59,092 INFO  http.HttpServer2 (HttpServer2.java:addFilter(958)) - Added filter static_user_filter (class=org.apache.hadoop.http.lib.StaticUserWebFilter$StaticUserFilter) to context static
2019-07-13 07:24:59,092 INFO  http.HttpServer2 (HttpServer2.java:addFilter(958)) - Added filter static_user_filter (class=org.apache.hadoop.http.lib.StaticUserWebFilter$StaticUserFilter) to context logs
2019-07-13 07:24:59,093 INFO  http.HttpServer2 (HttpServer2.java:bindListener(1191)) - Jetty bound to port 37182
2019-07-13 07:24:59,093 INFO  server.Server (Server.java:doStart(351)) - jetty-9.3.24.v20180605, build timestamp: 2018-06-05T17:11:56Z, git hash: 84205aa28f11a4f31f2a3b86d1bba2cc8ab69827
2019-07-13 07:24:59,095 INFO  handler.ContextHandler (ContextHandler.java:doStart(781)) - Started o.e.j.s.ServletContextHandler@76b8b6a6{/logs,file:///tmp/workdir/hadoop-ozone/integration-test/target/log,AVAILABLE}
2019-07-13 07:24:59,096 INFO  handler.ContextHandler (ContextHandler.java:doStart(781)) - Started o.e.j.s.ServletContextHandler@6d9bcf19{/static,jar:file:/home/user/.m2/repository/org/apache/hadoop/hadoop-hdds-container-service/0.5.0-SNAPSHOT/hadoop-hdds-container-service-0.5.0-SNAPSHOT.jar!/webapps/static,AVAILABLE}
2019-07-13 07:24:59,101 WARN  server.GrpcLogAppender (LogUtils.java:warn(134)) - 1a861c74-1484-402a-9ff9-9d6113d38ce4->c914261d-7132-4fca-86ff-e1ab4ebbf7be: Failed appendEntries: org.apache.ratis.thirdparty.io.grpc.StatusRuntimeException: UNAVAILABLE: io exception
2019-07-13 07:24:59,107 INFO  impl.FollowerInfo (FollowerInfo.java:lambda$new$0(50)) - 1a861c74-1484-402a-9ff9-9d6113d38ce4->c914261d-7132-4fca-86ff-e1ab4ebbf7be: nextIndex: updateUnconditionally 0 -> 0
2019-07-13 07:24:59,143 INFO  handler.ContextHandler (ContextHandler.java:doStart(781)) - Started o.e.j.w.WebAppContext@794cd751{/,file:///tmp/jetty-0.0.0.0-37182-hddsDatanode-_-any-3133803622830092530.dir/webapp/,AVAILABLE}{/hddsDatanode}
2019-07-13 07:24:59,143 INFO  server.AbstractConnector (AbstractConnector.java:doStart(278)) - Started ServerConnector@63069995{HTTP/1.1,[http/1.1]}{0.0.0.0:37182}
2019-07-13 07:24:59,144 INFO  server.Server (Server.java:doStart(419)) - Started @162181ms
2019-07-13 07:24:59,150 INFO  server.BaseHttpServer (BaseHttpServer.java:updateConnectorAddress(207)) - HTTP server of HDDSDATANODE is listening at http://0.0.0.0:37182
2019-07-13 07:24:59,271 INFO  ozone.HddsDatanodeService (HddsDatanodeService.java:startPlugins(396)) - Started plug-in org.apache.hadoop.ozone.web.OzoneHddsDatanodeService@38410ce5
2019-07-13 07:24:59,271 INFO  impl.MetricsSystemImpl (MetricsSystemImpl.java:init(158)) - HddsDatanode metrics system started (again)
2019-07-13 07:24:59,272 INFO  ozone.HddsDatanodeService (HddsDatanodeService.java:start(185)) - HddsDatanodeService host:trunk-nightly-9lh4p-2362225927 ip:192.168.69.84
2019-07-13 07:24:59,273 INFO  util.JvmPauseMonitor (JvmPauseMonitor.java:run(188)) - Starting JVM pause monitor
2019-07-13 07:24:59,274 INFO  datanode.InitDatanodeState (InitDatanodeState.java:persistContainerDatanodeDetails(140)) - DatanodeDetails is persisted to /tmp/workdir/hadoop-ozone/integration-test/target/test-dir/MiniOzoneClusterImpl-0cda291e-93d6-4d20-8c29-6d118f79bbd1/datanode-0/meta/datanode.id
2019-07-13 07:24:59,294 INFO  volume.HddsVolume (HddsVolume.java:<init>(176)) - Creating Volume: /tmp/workdir/hadoop-ozone/integration-test/target/test-dir/MiniOzoneClusterImpl-0cda291e-93d6-4d20-8c29-6d118f79bbd1/datanode-1/data/containers/hdds of  storage type : DISK and capacity : 52710309888
2019-07-13 07:24:59,294 INFO  volume.VolumeSet (VolumeSet.java:initializeVolumeSet(170)) - Added Volume : /tmp/workdir/hadoop-ozone/integration-test/target/test-dir/MiniOzoneClusterImpl-0cda291e-93d6-4d20-8c29-6d118f79bbd1/datanode-1/data/containers/hdds to VolumeSet
2019-07-13 07:24:59,294 INFO  volume.ThrottledAsyncChecker (ThrottledAsyncChecker.java:schedule(140)) - Scheduling a check for org.apache.hadoop.ozone.container.common.volume.HddsVolume@38bce2ed
2019-07-13 07:24:59,295 INFO  volume.HddsVolumeChecker (HddsVolumeChecker.java:checkAllVolumes(203)) - Scheduled health check for volume org.apache.hadoop.ozone.container.common.volume.HddsVolume@38bce2ed
2019-07-13 07:24:59,323 INFO  impl.RaftServerProxy (ConfUtils.java:logGet(43)) - raft.rpc.type = GRPC (default)
2019-07-13 07:24:59,324 INFO  grpc.GrpcFactory (GrpcFactory.java:checkPooledByteBufAllocatorUseCacheForAllThreads(45)) - PERFORMANCE WARNING: useCacheForAllThreads is true that may cause Netty to create a lot garbage objects and, as a result, trigger GC.
	It is recommended to disable useCacheForAllThreads by setting -Dorg.apache.ratis.thirdparty.io.netty.allocator.useCacheForAllThreads=false in command line.
2019-07-13 07:24:59,324 INFO  grpc.GrpcConfigKeys$Server (ConfUtils.java:logGet(43)) - raft.grpc.server.port = 0 (default)
2019-07-13 07:24:59,324 INFO  server.GrpcService (ConfUtils.java:logGet(43)) - raft.grpc.message.size.max = 33570816 (custom)
2019-07-13 07:24:59,324 INFO  server.RaftServerConfigKeys (ConfUtils.java:logGet(43)) - raft.server.log.appender.buffer.byte-limit = 33554432 (custom)
2019-07-13 07:24:59,324 INFO  server.GrpcService (ConfUtils.java:logGet(43)) - raft.grpc.flow.control.window = 1MB (=1048576) (default)
2019-07-13 07:24:59,325 INFO  server.RaftServerConfigKeys (ConfUtils.java:logGet(43)) - raft.server.rpc.request.timeout = 3000ms (default)
2019-07-13 07:24:59,325 INFO  server.RaftServerConfigKeys (ConfUtils.java:logGet(43)) - raft.server.storage.dir = [/tmp/workdir/hadoop-ozone/integration-test/target/test-dir/MiniOzoneClusterImpl-0cda291e-93d6-4d20-8c29-6d118f79bbd1/datanode-1/data/ratis] (custom)
2019-07-13 07:24:59,325 INFO  replication.SimpleContainerDownloader (SimpleContainerDownloader.java:<init>(72)) - Starting container downloader service to copy containers to replicate.
2019-07-13 07:24:59,327 INFO  hdfs.DFSUtil (DFSUtil.java:httpServerTemplateForNNAndJN(1641)) - Starting Web-server for hddsDatanode at: http://0.0.0.0:0
2019-07-13 07:24:59,328 INFO  server.AuthenticationFilter (AuthenticationFilter.java:constructSecretProvider(240)) - Unable to initialize FileSignerSecretProvider, falling back to use random secrets.
2019-07-13 07:24:59,328 WARN  http.HttpRequestLog (HttpRequestLog.java:getRequestLog(97)) - Jetty request log can only be enabled using Log4j
2019-07-13 07:24:59,330 INFO  http.HttpServer2 (HttpServer2.java:addGlobalFilter(975)) - Added global filter 'safety' (class=org.apache.hadoop.http.HttpServer2$QuotingInputFilter)
2019-07-13 07:24:59,330 INFO  http.HttpServer2 (HttpServer2.java:addFilter(948)) - Added filter static_user_filter (class=org.apache.hadoop.http.lib.StaticUserWebFilter$StaticUserFilter) to context hddsDatanode
2019-07-13 07:24:59,330 INFO  http.HttpServer2 (HttpServer2.java:addFilter(958)) - Added filter static_user_filter (class=org.apache.hadoop.http.lib.StaticUserWebFilter$StaticUserFilter) to context static
2019-07-13 07:24:59,330 INFO  http.HttpServer2 (HttpServer2.java:addFilter(958)) - Added filter static_user_filter (class=org.apache.hadoop.http.lib.StaticUserWebFilter$StaticUserFilter) to context logs
2019-07-13 07:24:59,331 INFO  http.HttpServer2 (HttpServer2.java:bindListener(1191)) - Jetty bound to port 46474
2019-07-13 07:24:59,331 INFO  server.Server (Server.java:doStart(351)) - jetty-9.3.24.v20180605, build timestamp: 2018-06-05T17:11:56Z, git hash: 84205aa28f11a4f31f2a3b86d1bba2cc8ab69827
2019-07-13 07:24:59,333 INFO  handler.ContextHandler (ContextHandler.java:doStart(781)) - Started o.e.j.s.ServletContextHandler@363a1d8d{/logs,file:///tmp/workdir/hadoop-ozone/integration-test/target/log,AVAILABLE}
2019-07-13 07:24:59,333 INFO  handler.ContextHandler (ContextHandler.java:doStart(781)) - Started o.e.j.s.ServletContextHandler@2d73aa17{/static,jar:file:/home/user/.m2/repository/org/apache/hadoop/hadoop-hdds-container-service/0.5.0-SNAPSHOT/hadoop-hdds-container-service-0.5.0-SNAPSHOT.jar!/webapps/static,AVAILABLE}
2019-07-13 07:24:59,371 INFO  handler.ContextHandler (ContextHandler.java:doStart(781)) - Started o.e.j.w.WebAppContext@7e9b68c5{/,file:///tmp/jetty-0.0.0.0-46474-hddsDatanode-_-any-292645792287464419.dir/webapp/,AVAILABLE}{/hddsDatanode}
2019-07-13 07:24:59,371 INFO  server.AbstractConnector (AbstractConnector.java:doStart(278)) - Started ServerConnector@3d41881{HTTP/1.1,[http/1.1]}{0.0.0.0:46474}
2019-07-13 07:24:59,371 INFO  server.Server (Server.java:doStart(419)) - Started @162409ms
2019-07-13 07:24:59,378 INFO  server.BaseHttpServer (BaseHttpServer.java:updateConnectorAddress(207)) - HTTP server of HDDSDATANODE is listening at http://0.0.0.0:46474
2019-07-13 07:24:59,509 INFO  ozone.HddsDatanodeService (HddsDatanodeService.java:startPlugins(396)) - Started plug-in org.apache.hadoop.ozone.web.OzoneHddsDatanodeService@3705e3fb
2019-07-13 07:24:59,509 INFO  impl.MetricsSystemImpl (MetricsSystemImpl.java:init(158)) - HddsDatanode metrics system started (again)
2019-07-13 07:24:59,510 INFO  ozone.HddsDatanodeService (HddsDatanodeService.java:start(185)) - HddsDatanodeService host:trunk-nightly-9lh4p-2362225927 ip:192.168.69.84
2019-07-13 07:24:59,511 INFO  util.JvmPauseMonitor (JvmPauseMonitor.java:run(188)) - Starting JVM pause monitor
2019-07-13 07:24:59,513 INFO  datanode.InitDatanodeState (InitDatanodeState.java:persistContainerDatanodeDetails(140)) - DatanodeDetails is persisted to /tmp/workdir/hadoop-ozone/integration-test/target/test-dir/MiniOzoneClusterImpl-0cda291e-93d6-4d20-8c29-6d118f79bbd1/datanode-1/meta/datanode.id
2019-07-13 07:24:59,531 INFO  volume.HddsVolume (HddsVolume.java:<init>(176)) - Creating Volume: /tmp/workdir/hadoop-ozone/integration-test/target/test-dir/MiniOzoneClusterImpl-0cda291e-93d6-4d20-8c29-6d118f79bbd1/datanode-2/data/containers/hdds of  storage type : DISK and capacity : 52710309888
2019-07-13 07:24:59,531 INFO  volume.VolumeSet (VolumeSet.java:initializeVolumeSet(170)) - Added Volume : /tmp/workdir/hadoop-ozone/integration-test/target/test-dir/MiniOzoneClusterImpl-0cda291e-93d6-4d20-8c29-6d118f79bbd1/datanode-2/data/containers/hdds to VolumeSet
2019-07-13 07:24:59,532 INFO  volume.ThrottledAsyncChecker (ThrottledAsyncChecker.java:schedule(140)) - Scheduling a check for org.apache.hadoop.ozone.container.common.volume.HddsVolume@1a819769
2019-07-13 07:24:59,532 INFO  volume.HddsVolumeChecker (HddsVolumeChecker.java:checkAllVolumes(203)) - Scheduled health check for volume org.apache.hadoop.ozone.container.common.volume.HddsVolume@1a819769
2019-07-13 07:24:59,558 INFO  impl.RaftServerProxy (ConfUtils.java:logGet(43)) - raft.rpc.type = GRPC (default)
2019-07-13 07:24:59,558 INFO  grpc.GrpcFactory (GrpcFactory.java:checkPooledByteBufAllocatorUseCacheForAllThreads(45)) - PERFORMANCE WARNING: useCacheForAllThreads is true that may cause Netty to create a lot garbage objects and, as a result, trigger GC.
	It is recommended to disable useCacheForAllThreads by setting -Dorg.apache.ratis.thirdparty.io.netty.allocator.useCacheForAllThreads=false in command line.
2019-07-13 07:24:59,558 INFO  grpc.GrpcConfigKeys$Server (ConfUtils.java:logGet(43)) - raft.grpc.server.port = 0 (default)
2019-07-13 07:24:59,559 INFO  server.GrpcService (ConfUtils.java:logGet(43)) - raft.grpc.message.size.max = 33570816 (custom)
2019-07-13 07:24:59,559 INFO  server.RaftServerConfigKeys (ConfUtils.java:logGet(43)) - raft.server.log.appender.buffer.byte-limit = 33554432 (custom)
2019-07-13 07:24:59,559 INFO  server.GrpcService (ConfUtils.java:logGet(43)) - raft.grpc.flow.control.window = 1MB (=1048576) (default)
2019-07-13 07:24:59,559 INFO  server.RaftServerConfigKeys (ConfUtils.java:logGet(43)) - raft.server.rpc.request.timeout = 3000ms (default)
2019-07-13 07:24:59,560 INFO  server.RaftServerConfigKeys (ConfUtils.java:logGet(43)) - raft.server.storage.dir = [/tmp/workdir/hadoop-ozone/integration-test/target/test-dir/MiniOzoneClusterImpl-0cda291e-93d6-4d20-8c29-6d118f79bbd1/datanode-2/data/ratis] (custom)
2019-07-13 07:24:59,560 INFO  replication.SimpleContainerDownloader (SimpleContainerDownloader.java:<init>(72)) - Starting container downloader service to copy containers to replicate.
2019-07-13 07:24:59,561 INFO  hdfs.DFSUtil (DFSUtil.java:httpServerTemplateForNNAndJN(1641)) - Starting Web-server for hddsDatanode at: http://0.0.0.0:0
2019-07-13 07:24:59,562 INFO  server.AuthenticationFilter (AuthenticationFilter.java:constructSecretProvider(240)) - Unable to initialize FileSignerSecretProvider, falling back to use random secrets.
2019-07-13 07:24:59,562 WARN  http.HttpRequestLog (HttpRequestLog.java:getRequestLog(97)) - Jetty request log can only be enabled using Log4j
2019-07-13 07:24:59,564 INFO  http.HttpServer2 (HttpServer2.java:addGlobalFilter(975)) - Added global filter 'safety' (class=org.apache.hadoop.http.HttpServer2$QuotingInputFilter)
2019-07-13 07:24:59,564 INFO  http.HttpServer2 (HttpServer2.java:addFilter(948)) - Added filter static_user_filter (class=org.apache.hadoop.http.lib.StaticUserWebFilter$StaticUserFilter) to context hddsDatanode
2019-07-13 07:24:59,564 INFO  http.HttpServer2 (HttpServer2.java:addFilter(958)) - Added filter static_user_filter (class=org.apache.hadoop.http.lib.StaticUserWebFilter$StaticUserFilter) to context logs
2019-07-13 07:24:59,564 INFO  http.HttpServer2 (HttpServer2.java:addFilter(958)) - Added filter static_user_filter (class=org.apache.hadoop.http.lib.StaticUserWebFilter$StaticUserFilter) to context static
2019-07-13 07:24:59,565 INFO  http.HttpServer2 (HttpServer2.java:bindListener(1191)) - Jetty bound to port 43844
2019-07-13 07:24:59,565 INFO  server.Server (Server.java:doStart(351)) - jetty-9.3.24.v20180605, build timestamp: 2018-06-05T17:11:56Z, git hash: 84205aa28f11a4f31f2a3b86d1bba2cc8ab69827
2019-07-13 07:24:59,566 INFO  handler.ContextHandler (ContextHandler.java:doStart(781)) - Started o.e.j.s.ServletContextHandler@29244152{/logs,file:///tmp/workdir/hadoop-ozone/integration-test/target/log,AVAILABLE}
2019-07-13 07:24:59,567 INFO  handler.ContextHandler (ContextHandler.java:doStart(781)) - Started o.e.j.s.ServletContextHandler@53dfb073{/static,jar:file:/home/user/.m2/repository/org/apache/hadoop/hadoop-hdds-container-service/0.5.0-SNAPSHOT/hadoop-hdds-container-service-0.5.0-SNAPSHOT.jar!/webapps/static,AVAILABLE}
2019-07-13 07:24:59,593 INFO  handler.ContextHandler (ContextHandler.java:doStart(781)) - Started o.e.j.w.WebAppContext@5c3f9618{/,file:///tmp/jetty-0.0.0.0-43844-hddsDatanode-_-any-2924645253276639056.dir/webapp/,AVAILABLE}{/hddsDatanode}
2019-07-13 07:24:59,594 INFO  server.AbstractConnector (AbstractConnector.java:doStart(278)) - Started ServerConnector@deb0c0e{HTTP/1.1,[http/1.1]}{0.0.0.0:43844}
2019-07-13 07:24:59,594 INFO  server.Server (Server.java:doStart(419)) - Started @162632ms
2019-07-13 07:24:59,601 INFO  server.BaseHttpServer (BaseHttpServer.java:updateConnectorAddress(207)) - HTTP server of HDDSDATANODE is listening at http://0.0.0.0:43844
2019-07-13 07:24:59,918 INFO  ozone.HddsDatanodeService (HddsDatanodeService.java:startPlugins(396)) - Started plug-in org.apache.hadoop.ozone.web.OzoneHddsDatanodeService@708f4d81
2019-07-13 07:24:59,918 INFO  impl.MetricsSystemImpl (MetricsSystemImpl.java:init(158)) - HddsDatanode metrics system started (again)
2019-07-13 07:24:59,919 INFO  ozone.HddsDatanodeService (HddsDatanodeService.java:start(185)) - HddsDatanodeService host:trunk-nightly-9lh4p-2362225927 ip:192.168.69.84
2019-07-13 07:24:59,920 INFO  util.JvmPauseMonitor (JvmPauseMonitor.java:run(188)) - Starting JVM pause monitor
2019-07-13 07:24:59,922 INFO  datanode.InitDatanodeState (InitDatanodeState.java:persistContainerDatanodeDetails(140)) - DatanodeDetails is persisted to /tmp/workdir/hadoop-ozone/integration-test/target/test-dir/MiniOzoneClusterImpl-0cda291e-93d6-4d20-8c29-6d118f79bbd1/datanode-2/meta/datanode.id
2019-07-13 07:24:59,940 INFO  volume.HddsVolume (HddsVolume.java:<init>(176)) - Creating Volume: /tmp/workdir/hadoop-ozone/integration-test/target/test-dir/MiniOzoneClusterImpl-0cda291e-93d6-4d20-8c29-6d118f79bbd1/datanode-3/data/containers/hdds of  storage type : DISK and capacity : 52710309888
2019-07-13 07:24:59,940 INFO  volume.VolumeSet (VolumeSet.java:initializeVolumeSet(170)) - Added Volume : /tmp/workdir/hadoop-ozone/integration-test/target/test-dir/MiniOzoneClusterImpl-0cda291e-93d6-4d20-8c29-6d118f79bbd1/datanode-3/data/containers/hdds to VolumeSet
2019-07-13 07:24:59,940 INFO  volume.ThrottledAsyncChecker (ThrottledAsyncChecker.java:schedule(140)) - Scheduling a check for org.apache.hadoop.ozone.container.common.volume.HddsVolume@428169d
2019-07-13 07:24:59,941 INFO  volume.HddsVolumeChecker (HddsVolumeChecker.java:checkAllVolumes(203)) - Scheduled health check for volume org.apache.hadoop.ozone.container.common.volume.HddsVolume@428169d
2019-07-13 07:24:59,964 INFO  impl.RaftServerProxy (ConfUtils.java:logGet(43)) - raft.rpc.type = GRPC (default)
2019-07-13 07:24:59,964 INFO  grpc.GrpcFactory (GrpcFactory.java:checkPooledByteBufAllocatorUseCacheForAllThreads(45)) - PERFORMANCE WARNING: useCacheForAllThreads is true that may cause Netty to create a lot garbage objects and, as a result, trigger GC.
	It is recommended to disable useCacheForAllThreads by setting -Dorg.apache.ratis.thirdparty.io.netty.allocator.useCacheForAllThreads=false in command line.
2019-07-13 07:24:59,964 INFO  grpc.GrpcConfigKeys$Server (ConfUtils.java:logGet(43)) - raft.grpc.server.port = 0 (default)
2019-07-13 07:24:59,965 INFO  server.GrpcService (ConfUtils.java:logGet(43)) - raft.grpc.message.size.max = 33570816 (custom)
2019-07-13 07:24:59,965 INFO  server.RaftServerConfigKeys (ConfUtils.java:logGet(43)) - raft.server.log.appender.buffer.byte-limit = 33554432 (custom)
2019-07-13 07:24:59,965 INFO  server.GrpcService (ConfUtils.java:logGet(43)) - raft.grpc.flow.control.window = 1MB (=1048576) (default)
2019-07-13 07:24:59,965 INFO  server.RaftServerConfigKeys (ConfUtils.java:logGet(43)) - raft.server.rpc.request.timeout = 3000ms (default)
2019-07-13 07:24:59,966 INFO  server.RaftServerConfigKeys (ConfUtils.java:logGet(43)) - raft.server.storage.dir = [/tmp/workdir/hadoop-ozone/integration-test/target/test-dir/MiniOzoneClusterImpl-0cda291e-93d6-4d20-8c29-6d118f79bbd1/datanode-3/data/ratis] (custom)
2019-07-13 07:24:59,967 INFO  replication.SimpleContainerDownloader (SimpleContainerDownloader.java:<init>(72)) - Starting container downloader service to copy containers to replicate.
2019-07-13 07:24:59,968 INFO  hdfs.DFSUtil (DFSUtil.java:httpServerTemplateForNNAndJN(1641)) - Starting Web-server for hddsDatanode at: http://0.0.0.0:0
2019-07-13 07:24:59,970 INFO  server.AuthenticationFilter (AuthenticationFilter.java:constructSecretProvider(240)) - Unable to initialize FileSignerSecretProvider, falling back to use random secrets.
2019-07-13 07:24:59,971 WARN  http.HttpRequestLog (HttpRequestLog.java:getRequestLog(97)) - Jetty request log can only be enabled using Log4j
2019-07-13 07:24:59,972 INFO  http.HttpServer2 (HttpServer2.java:addGlobalFilter(975)) - Added global filter 'safety' (class=org.apache.hadoop.http.HttpServer2$QuotingInputFilter)
2019-07-13 07:24:59,973 INFO  http.HttpServer2 (HttpServer2.java:addFilter(948)) - Added filter static_user_filter (class=org.apache.hadoop.http.lib.StaticUserWebFilter$StaticUserFilter) to context hddsDatanode
2019-07-13 07:24:59,973 INFO  http.HttpServer2 (HttpServer2.java:addFilter(958)) - Added filter static_user_filter (class=org.apache.hadoop.http.lib.StaticUserWebFilter$StaticUserFilter) to context logs
2019-07-13 07:24:59,974 INFO  http.HttpServer2 (HttpServer2.java:addFilter(958)) - Added filter static_user_filter (class=org.apache.hadoop.http.lib.StaticUserWebFilter$StaticUserFilter) to context static
2019-07-13 07:24:59,974 INFO  http.HttpServer2 (HttpServer2.java:bindListener(1191)) - Jetty bound to port 33917
2019-07-13 07:24:59,975 INFO  server.Server (Server.java:doStart(351)) - jetty-9.3.24.v20180605, build timestamp: 2018-06-05T17:11:56Z, git hash: 84205aa28f11a4f31f2a3b86d1bba2cc8ab69827
2019-07-13 07:24:59,977 INFO  handler.ContextHandler (ContextHandler.java:doStart(781)) - Started o.e.j.s.ServletContextHandler@792bf78a{/logs,file:///tmp/workdir/hadoop-ozone/integration-test/target/log,AVAILABLE}
2019-07-13 07:24:59,978 INFO  handler.ContextHandler (ContextHandler.java:doStart(781)) - Started o.e.j.s.ServletContextHandler@5ed4c87{/static,jar:file:/home/user/.m2/repository/org/apache/hadoop/hadoop-hdds-container-service/0.5.0-SNAPSHOT/hadoop-hdds-container-service-0.5.0-SNAPSHOT.jar!/webapps/static,AVAILABLE}
2019-07-13 07:25:00,021 INFO  handler.ContextHandler (ContextHandler.java:doStart(781)) - Started o.e.j.w.WebAppContext@2728e305{/,file:///tmp/jetty-0.0.0.0-33917-hddsDatanode-_-any-7550101567320940253.dir/webapp/,AVAILABLE}{/hddsDatanode}
2019-07-13 07:25:00,022 INFO  server.AbstractConnector (AbstractConnector.java:doStart(278)) - Started ServerConnector@52813ba4{HTTP/1.1,[http/1.1]}{0.0.0.0:33917}
2019-07-13 07:25:00,029 INFO  server.Server (Server.java:doStart(419)) - Started @163066ms
2019-07-13 07:25:00,030 INFO  server.BaseHttpServer (BaseHttpServer.java:updateConnectorAddress(207)) - HTTP server of HDDSDATANODE is listening at http://0.0.0.0:33917
2019-07-13 07:25:00,151 INFO  ozone.HddsDatanodeService (HddsDatanodeService.java:startPlugins(396)) - Started plug-in org.apache.hadoop.ozone.web.OzoneHddsDatanodeService@3653bb61
2019-07-13 07:25:00,151 INFO  impl.MetricsSystemImpl (MetricsSystemImpl.java:init(158)) - HddsDatanode metrics system started (again)
2019-07-13 07:25:00,151 INFO  ozone.HddsDatanodeService (HddsDatanodeService.java:start(185)) - HddsDatanodeService host:trunk-nightly-9lh4p-2362225927 ip:192.168.69.84
2019-07-13 07:25:00,153 INFO  util.JvmPauseMonitor (JvmPauseMonitor.java:run(188)) - Starting JVM pause monitor
2019-07-13 07:25:00,154 INFO  datanode.InitDatanodeState (InitDatanodeState.java:persistContainerDatanodeDetails(140)) - DatanodeDetails is persisted to /tmp/workdir/hadoop-ozone/integration-test/target/test-dir/MiniOzoneClusterImpl-0cda291e-93d6-4d20-8c29-6d118f79bbd1/datanode-3/meta/datanode.id
2019-07-13 07:25:00,174 INFO  volume.HddsVolume (HddsVolume.java:<init>(176)) - Creating Volume: /tmp/workdir/hadoop-ozone/integration-test/target/test-dir/MiniOzoneClusterImpl-0cda291e-93d6-4d20-8c29-6d118f79bbd1/datanode-4/data/containers/hdds of  storage type : DISK and capacity : 52710309888
2019-07-13 07:25:00,175 INFO  volume.VolumeSet (VolumeSet.java:initializeVolumeSet(170)) - Added Volume : /tmp/workdir/hadoop-ozone/integration-test/target/test-dir/MiniOzoneClusterImpl-0cda291e-93d6-4d20-8c29-6d118f79bbd1/datanode-4/data/containers/hdds to VolumeSet
2019-07-13 07:25:00,175 INFO  volume.ThrottledAsyncChecker (ThrottledAsyncChecker.java:schedule(140)) - Scheduling a check for org.apache.hadoop.ozone.container.common.volume.HddsVolume@251d64d6
2019-07-13 07:25:00,175 INFO  volume.HddsVolumeChecker (HddsVolumeChecker.java:checkAllVolumes(203)) - Scheduled health check for volume org.apache.hadoop.ozone.container.common.volume.HddsVolume@251d64d6
2019-07-13 07:25:00,210 INFO  impl.RaftServerProxy (ConfUtils.java:logGet(43)) - raft.rpc.type = GRPC (default)
2019-07-13 07:25:00,210 INFO  grpc.GrpcFactory (GrpcFactory.java:checkPooledByteBufAllocatorUseCacheForAllThreads(45)) - PERFORMANCE WARNING: useCacheForAllThreads is true that may cause Netty to create a lot garbage objects and, as a result, trigger GC.
	It is recommended to disable useCacheForAllThreads by setting -Dorg.apache.ratis.thirdparty.io.netty.allocator.useCacheForAllThreads=false in command line.
2019-07-13 07:25:00,210 INFO  grpc.GrpcConfigKeys$Server (ConfUtils.java:logGet(43)) - raft.grpc.server.port = 0 (default)
2019-07-13 07:25:00,211 INFO  server.GrpcService (ConfUtils.java:logGet(43)) - raft.grpc.message.size.max = 33570816 (custom)
2019-07-13 07:25:00,211 INFO  server.RaftServerConfigKeys (ConfUtils.java:logGet(43)) - raft.server.log.appender.buffer.byte-limit = 33554432 (custom)
2019-07-13 07:25:00,211 INFO  server.GrpcService (ConfUtils.java:logGet(43)) - raft.grpc.flow.control.window = 1MB (=1048576) (default)
2019-07-13 07:25:00,212 INFO  server.RaftServerConfigKeys (ConfUtils.java:logGet(43)) - raft.server.rpc.request.timeout = 3000ms (default)
2019-07-13 07:25:00,212 INFO  server.RaftServerConfigKeys (ConfUtils.java:logGet(43)) - raft.server.storage.dir = [/tmp/workdir/hadoop-ozone/integration-test/target/test-dir/MiniOzoneClusterImpl-0cda291e-93d6-4d20-8c29-6d118f79bbd1/datanode-4/data/ratis] (custom)
2019-07-13 07:25:00,213 INFO  replication.SimpleContainerDownloader (SimpleContainerDownloader.java:<init>(72)) - Starting container downloader service to copy containers to replicate.
2019-07-13 07:25:00,214 INFO  hdfs.DFSUtil (DFSUtil.java:httpServerTemplateForNNAndJN(1641)) - Starting Web-server for hddsDatanode at: http://0.0.0.0:0
2019-07-13 07:25:00,215 INFO  server.AuthenticationFilter (AuthenticationFilter.java:constructSecretProvider(240)) - Unable to initialize FileSignerSecretProvider, falling back to use random secrets.
2019-07-13 07:25:00,216 WARN  http.HttpRequestLog (HttpRequestLog.java:getRequestLog(97)) - Jetty request log can only be enabled using Log4j
2019-07-13 07:25:00,217 INFO  http.HttpServer2 (HttpServer2.java:addGlobalFilter(975)) - Added global filter 'safety' (class=org.apache.hadoop.http.HttpServer2$QuotingInputFilter)
2019-07-13 07:25:00,218 INFO  http.HttpServer2 (HttpServer2.java:addFilter(948)) - Added filter static_user_filter (class=org.apache.hadoop.http.lib.StaticUserWebFilter$StaticUserFilter) to context hddsDatanode
2019-07-13 07:25:00,218 INFO  http.HttpServer2 (HttpServer2.java:addFilter(958)) - Added filter static_user_filter (class=org.apache.hadoop.http.lib.StaticUserWebFilter$StaticUserFilter) to context logs
2019-07-13 07:25:00,218 INFO  http.HttpServer2 (HttpServer2.java:addFilter(958)) - Added filter static_user_filter (class=org.apache.hadoop.http.lib.StaticUserWebFilter$StaticUserFilter) to context static
2019-07-13 07:25:00,219 INFO  http.HttpServer2 (HttpServer2.java:bindListener(1191)) - Jetty bound to port 37711
2019-07-13 07:25:00,219 INFO  server.Server (Server.java:doStart(351)) - jetty-9.3.24.v20180605, build timestamp: 2018-06-05T17:11:56Z, git hash: 84205aa28f11a4f31f2a3b86d1bba2cc8ab69827
2019-07-13 07:25:00,221 INFO  handler.ContextHandler (ContextHandler.java:doStart(781)) - Started o.e.j.s.ServletContextHandler@541ea657{/logs,file:///tmp/workdir/hadoop-ozone/integration-test/target/log,AVAILABLE}
2019-07-13 07:25:00,221 INFO  handler.ContextHandler (ContextHandler.java:doStart(781)) - Started o.e.j.s.ServletContextHandler@37b97394{/static,jar:file:/home/user/.m2/repository/org/apache/hadoop/hadoop-hdds-container-service/0.5.0-SNAPSHOT/hadoop-hdds-container-service-0.5.0-SNAPSHOT.jar!/webapps/static,AVAILABLE}
2019-07-13 07:25:00,250 INFO  handler.ContextHandler (ContextHandler.java:doStart(781)) - Started o.e.j.w.WebAppContext@439c706{/,file:///tmp/jetty-0.0.0.0-37711-hddsDatanode-_-any-1564065987021610886.dir/webapp/,AVAILABLE}{/hddsDatanode}
2019-07-13 07:25:00,250 INFO  server.AbstractConnector (AbstractConnector.java:doStart(278)) - Started ServerConnector@17e427b6{HTTP/1.1,[http/1.1]}{0.0.0.0:37711}
2019-07-13 07:25:00,250 INFO  server.Server (Server.java:doStart(419)) - Started @163288ms
2019-07-13 07:25:00,257 INFO  server.BaseHttpServer (BaseHttpServer.java:updateConnectorAddress(207)) - HTTP server of HDDSDATANODE is listening at http://0.0.0.0:37711
2019-07-13 07:25:00,364 INFO  ozone.HddsDatanodeService (HddsDatanodeService.java:startPlugins(396)) - Started plug-in org.apache.hadoop.ozone.web.OzoneHddsDatanodeService@11885841
2019-07-13 07:25:00,364 INFO  impl.MetricsSystemImpl (MetricsSystemImpl.java:init(158)) - HddsDatanode metrics system started (again)
2019-07-13 07:25:00,364 INFO  ozone.HddsDatanodeService (HddsDatanodeService.java:start(185)) - HddsDatanodeService host:trunk-nightly-9lh4p-2362225927 ip:192.168.69.84
2019-07-13 07:25:00,366 INFO  util.JvmPauseMonitor (JvmPauseMonitor.java:run(188)) - Starting JVM pause monitor
2019-07-13 07:25:00,367 INFO  datanode.InitDatanodeState (InitDatanodeState.java:persistContainerDatanodeDetails(140)) - DatanodeDetails is persisted to /tmp/workdir/hadoop-ozone/integration-test/target/test-dir/MiniOzoneClusterImpl-0cda291e-93d6-4d20-8c29-6d118f79bbd1/datanode-4/meta/datanode.id
2019-07-13 07:25:00,387 INFO  volume.HddsVolume (HddsVolume.java:<init>(176)) - Creating Volume: /tmp/workdir/hadoop-ozone/integration-test/target/test-dir/MiniOzoneClusterImpl-0cda291e-93d6-4d20-8c29-6d118f79bbd1/datanode-5/data/containers/hdds of  storage type : DISK and capacity : 52710309888
2019-07-13 07:25:00,387 INFO  volume.VolumeSet (VolumeSet.java:initializeVolumeSet(170)) - Added Volume : /tmp/workdir/hadoop-ozone/integration-test/target/test-dir/MiniOzoneClusterImpl-0cda291e-93d6-4d20-8c29-6d118f79bbd1/datanode-5/data/containers/hdds to VolumeSet
2019-07-13 07:25:00,387 INFO  volume.ThrottledAsyncChecker (ThrottledAsyncChecker.java:schedule(140)) - Scheduling a check for org.apache.hadoop.ozone.container.common.volume.HddsVolume@70c6860
2019-07-13 07:25:00,388 INFO  volume.HddsVolumeChecker (HddsVolumeChecker.java:checkAllVolumes(203)) - Scheduled health check for volume org.apache.hadoop.ozone.container.common.volume.HddsVolume@70c6860
2019-07-13 07:25:00,412 INFO  impl.RaftServerProxy (ConfUtils.java:logGet(43)) - raft.rpc.type = GRPC (default)
2019-07-13 07:25:00,412 INFO  grpc.GrpcFactory (GrpcFactory.java:checkPooledByteBufAllocatorUseCacheForAllThreads(45)) - PERFORMANCE WARNING: useCacheForAllThreads is true that may cause Netty to create a lot garbage objects and, as a result, trigger GC.
	It is recommended to disable useCacheForAllThreads by setting -Dorg.apache.ratis.thirdparty.io.netty.allocator.useCacheForAllThreads=false in command line.
2019-07-13 07:25:00,412 INFO  grpc.GrpcConfigKeys$Server (ConfUtils.java:logGet(43)) - raft.grpc.server.port = 0 (default)
2019-07-13 07:25:00,413 INFO  server.GrpcService (ConfUtils.java:logGet(43)) - raft.grpc.message.size.max = 33570816 (custom)
2019-07-13 07:25:00,413 INFO  server.RaftServerConfigKeys (ConfUtils.java:logGet(43)) - raft.server.log.appender.buffer.byte-limit = 33554432 (custom)
2019-07-13 07:25:00,413 INFO  server.GrpcService (ConfUtils.java:logGet(43)) - raft.grpc.flow.control.window = 1MB (=1048576) (default)
2019-07-13 07:25:00,413 INFO  server.RaftServerConfigKeys (ConfUtils.java:logGet(43)) - raft.server.rpc.request.timeout = 3000ms (default)
2019-07-13 07:25:00,414 INFO  server.RaftServerConfigKeys (ConfUtils.java:logGet(43)) - raft.server.storage.dir = [/tmp/workdir/hadoop-ozone/integration-test/target/test-dir/MiniOzoneClusterImpl-0cda291e-93d6-4d20-8c29-6d118f79bbd1/datanode-5/data/ratis] (custom)
2019-07-13 07:25:00,414 INFO  replication.SimpleContainerDownloader (SimpleContainerDownloader.java:<init>(72)) - Starting container downloader service to copy containers to replicate.
2019-07-13 07:25:00,415 INFO  hdfs.DFSUtil (DFSUtil.java:httpServerTemplateForNNAndJN(1641)) - Starting Web-server for hddsDatanode at: http://0.0.0.0:0
2019-07-13 07:25:00,417 INFO  server.AuthenticationFilter (AuthenticationFilter.java:constructSecretProvider(240)) - Unable to initialize FileSignerSecretProvider, falling back to use random secrets.
2019-07-13 07:25:00,417 WARN  http.HttpRequestLog (HttpRequestLog.java:getRequestLog(97)) - Jetty request log can only be enabled using Log4j
2019-07-13 07:25:00,419 INFO  http.HttpServer2 (HttpServer2.java:addGlobalFilter(975)) - Added global filter 'safety' (class=org.apache.hadoop.http.HttpServer2$QuotingInputFilter)
2019-07-13 07:25:00,419 INFO  http.HttpServer2 (HttpServer2.java:addFilter(948)) - Added filter static_user_filter (class=org.apache.hadoop.http.lib.StaticUserWebFilter$StaticUserFilter) to context hddsDatanode
2019-07-13 07:25:00,419 INFO  http.HttpServer2 (HttpServer2.java:addFilter(958)) - Added filter static_user_filter (class=org.apache.hadoop.http.lib.StaticUserWebFilter$StaticUserFilter) to context static
2019-07-13 07:25:00,419 INFO  http.HttpServer2 (HttpServer2.java:addFilter(958)) - Added filter static_user_filter (class=org.apache.hadoop.http.lib.StaticUserWebFilter$StaticUserFilter) to context logs
2019-07-13 07:25:00,420 INFO  http.HttpServer2 (HttpServer2.java:bindListener(1191)) - Jetty bound to port 36339
2019-07-13 07:25:00,420 INFO  server.Server (Server.java:doStart(351)) - jetty-9.3.24.v20180605, build timestamp: 2018-06-05T17:11:56Z, git hash: 84205aa28f11a4f31f2a3b86d1bba2cc8ab69827
2019-07-13 07:25:00,422 INFO  handler.ContextHandler (ContextHandler.java:doStart(781)) - Started o.e.j.s.ServletContextHandler@613bebb9{/logs,file:///tmp/workdir/hadoop-ozone/integration-test/target/log,AVAILABLE}
2019-07-13 07:25:00,422 INFO  handler.ContextHandler (ContextHandler.java:doStart(781)) - Started o.e.j.s.ServletContextHandler@2625eb84{/static,jar:file:/home/user/.m2/repository/org/apache/hadoop/hadoop-hdds-container-service/0.5.0-SNAPSHOT/hadoop-hdds-container-service-0.5.0-SNAPSHOT.jar!/webapps/static,AVAILABLE}
2019-07-13 07:25:00,454 INFO  handler.ContextHandler (ContextHandler.java:doStart(781)) - Started o.e.j.w.WebAppContext@6236beac{/,file:///tmp/jetty-0.0.0.0-36339-hddsDatanode-_-any-5677613796460213098.dir/webapp/,AVAILABLE}{/hddsDatanode}
2019-07-13 07:25:00,454 INFO  server.AbstractConnector (AbstractConnector.java:doStart(278)) - Started ServerConnector@1508bc71{HTTP/1.1,[http/1.1]}{0.0.0.0:36339}
2019-07-13 07:25:00,455 INFO  server.Server (Server.java:doStart(419)) - Started @163492ms
2019-07-13 07:25:00,461 INFO  server.BaseHttpServer (BaseHttpServer.java:updateConnectorAddress(207)) - HTTP server of HDDSDATANODE is listening at http://0.0.0.0:36339
2019-07-13 07:25:00,568 INFO  ozone.HddsDatanodeService (HddsDatanodeService.java:startPlugins(396)) - Started plug-in org.apache.hadoop.ozone.web.OzoneHddsDatanodeService@7bb50de0
2019-07-13 07:25:00,568 INFO  ozone.MiniOzoneClusterImpl (MiniOzoneClusterImpl.java:lambda$waitForClusterToBeReady$0(142)) - Waiting for cluster to be ready. Got 0 of 6 DN Heartbeats.
2019-07-13 07:25:00,570 INFO  util.JvmPauseMonitor (JvmPauseMonitor.java:run(188)) - Starting JVM pause monitor
2019-07-13 07:25:00,571 INFO  datanode.InitDatanodeState (InitDatanodeState.java:persistContainerDatanodeDetails(140)) - DatanodeDetails is persisted to /tmp/workdir/hadoop-ozone/integration-test/target/test-dir/MiniOzoneClusterImpl-0cda291e-93d6-4d20-8c29-6d118f79bbd1/datanode-5/meta/datanode.id
2019-07-13 07:25:00,769 WARN  server.GrpcLogAppender (LogUtils.java:warn(134)) - c18e5551-1800-40d1-9af7-9b9ec855c36c->b6a2e03e-f3bd-4b9a-b2cc-05e16fdeb3db: Failed appendEntries: org.apache.ratis.thirdparty.io.grpc.StatusRuntimeException: UNAVAILABLE: io exception
2019-07-13 07:25:00,777 INFO  impl.FollowerInfo (FollowerInfo.java:lambda$new$0(50)) - c18e5551-1800-40d1-9af7-9b9ec855c36c->b6a2e03e-f3bd-4b9a-b2cc-05e16fdeb3db: nextIndex: updateUnconditionally 3 -> 2
2019-07-13 07:25:01,321 INFO  ozoneimpl.OzoneContainer (OzoneContainer.java:start(186)) - Attempting to start container services.
2019-07-13 07:25:01,321 INFO  ozoneimpl.OzoneContainer (OzoneContainer.java:startContainerScrub(160)) - Background container scrubber has been disabled by hdds.containerscrub.enabled
2019-07-13 07:25:01,321 INFO  ratis.XceiverServerRatis (XceiverServerRatis.java:start(418)) - Starting XceiverServerRatis ebc3321e-a67e-4048-9fa7-beeb05df4a43 at port 0
2019-07-13 07:25:01,329 INFO  impl.RaftServerProxy (RaftServerProxy.java:lambda$start$3(299)) - ebc3321e-a67e-4048-9fa7-beeb05df4a43: start RPC server
2019-07-13 07:25:01,330 INFO  server.GrpcService (GrpcService.java:startImpl(149)) - ebc3321e-a67e-4048-9fa7-beeb05df4a43: GrpcService started, listening on 0.0.0.0/0.0.0.0:45558
2019-07-13 07:25:01,330 INFO  ratis.XceiverServerRatis (XceiverServerRatis.java:start(428)) - XceiverServerRatis ebc3321e-a67e-4048-9fa7-beeb05df4a43 is started using port 45558
2019-07-13 07:25:01,331 INFO  server.XceiverServerGrpc (XceiverServerGrpc.java:start(161)) - XceiverServerGrpc ebc3321e-a67e-4048-9fa7-beeb05df4a43 is started using port 34555
2019-07-13 07:25:01,525 INFO  ozoneimpl.OzoneContainer (OzoneContainer.java:start(186)) - Attempting to start container services.
2019-07-13 07:25:01,526 INFO  ozoneimpl.OzoneContainer (OzoneContainer.java:startContainerScrub(160)) - Background container scrubber has been disabled by hdds.containerscrub.enabled
2019-07-13 07:25:01,526 INFO  ratis.XceiverServerRatis (XceiverServerRatis.java:start(418)) - Starting XceiverServerRatis 41b9c1bd-cf21-4c7a-8d7a-e228988eafd6 at port 0
2019-07-13 07:25:01,535 INFO  impl.RaftServerProxy (RaftServerProxy.java:lambda$start$3(299)) - 41b9c1bd-cf21-4c7a-8d7a-e228988eafd6: start RPC server
2019-07-13 07:25:01,536 INFO  server.GrpcService (GrpcService.java:startImpl(149)) - 41b9c1bd-cf21-4c7a-8d7a-e228988eafd6: GrpcService started, listening on 0.0.0.0/0.0.0.0:46521
2019-07-13 07:25:01,536 INFO  ratis.XceiverServerRatis (XceiverServerRatis.java:start(428)) - XceiverServerRatis 41b9c1bd-cf21-4c7a-8d7a-e228988eafd6 is started using port 46521
2019-07-13 07:25:01,536 INFO  server.XceiverServerGrpc (XceiverServerGrpc.java:start(161)) - XceiverServerGrpc 41b9c1bd-cf21-4c7a-8d7a-e228988eafd6 is started using port 39232
2019-07-13 07:25:01,569 INFO  ozone.MiniOzoneClusterImpl (MiniOzoneClusterImpl.java:lambda$waitForClusterToBeReady$0(142)) - Waiting for cluster to be ready. Got 0 of 6 DN Heartbeats.
2019-07-13 07:25:01,602 WARN  server.GrpcLogAppender (LogUtils.java:warn(134)) - 1a861c74-1484-402a-9ff9-9d6113d38ce4->c914261d-7132-4fca-86ff-e1ab4ebbf7be: Failed appendEntries: org.apache.ratis.thirdparty.io.grpc.StatusRuntimeException: UNAVAILABLE: io exception
2019-07-13 07:25:01,611 INFO  impl.FollowerInfo (FollowerInfo.java:lambda$new$0(50)) - 1a861c74-1484-402a-9ff9-9d6113d38ce4->c914261d-7132-4fca-86ff-e1ab4ebbf7be: nextIndex: updateUnconditionally 0 -> 0
2019-07-13 07:25:01,942 INFO  ozoneimpl.OzoneContainer (OzoneContainer.java:start(186)) - Attempting to start container services.
2019-07-13 07:25:01,942 INFO  ozoneimpl.OzoneContainer (OzoneContainer.java:startContainerScrub(160)) - Background container scrubber has been disabled by hdds.containerscrub.enabled
2019-07-13 07:25:01,942 INFO  ratis.XceiverServerRatis (XceiverServerRatis.java:start(418)) - Starting XceiverServerRatis 081e239d-284e-44f2-be8f-6052e512c341 at port 0
2019-07-13 07:25:01,952 INFO  impl.RaftServerProxy (RaftServerProxy.java:lambda$start$3(299)) - 081e239d-284e-44f2-be8f-6052e512c341: start RPC server
2019-07-13 07:25:01,953 INFO  server.GrpcService (GrpcService.java:startImpl(149)) - 081e239d-284e-44f2-be8f-6052e512c341: GrpcService started, listening on 0.0.0.0/0.0.0.0:40660
2019-07-13 07:25:01,953 INFO  ratis.XceiverServerRatis (XceiverServerRatis.java:start(428)) - XceiverServerRatis 081e239d-284e-44f2-be8f-6052e512c341 is started using port 40660
2019-07-13 07:25:01,953 INFO  server.XceiverServerGrpc (XceiverServerGrpc.java:start(161)) - XceiverServerGrpc 081e239d-284e-44f2-be8f-6052e512c341 is started using port 33972
2019-07-13 07:25:02,167 INFO  ozoneimpl.OzoneContainer (OzoneContainer.java:start(186)) - Attempting to start container services.
2019-07-13 07:25:02,167 INFO  ozoneimpl.OzoneContainer (OzoneContainer.java:startContainerScrub(160)) - Background container scrubber has been disabled by hdds.containerscrub.enabled
2019-07-13 07:25:02,167 INFO  ratis.XceiverServerRatis (XceiverServerRatis.java:start(418)) - Starting XceiverServerRatis 065c58a9-3173-4344-9164-c86366c67d3e at port 0
2019-07-13 07:25:02,176 INFO  impl.RaftServerProxy (RaftServerProxy.java:lambda$start$3(299)) - 065c58a9-3173-4344-9164-c86366c67d3e: start RPC server
2019-07-13 07:25:02,177 INFO  server.GrpcService (GrpcService.java:startImpl(149)) - 065c58a9-3173-4344-9164-c86366c67d3e: GrpcService started, listening on 0.0.0.0/0.0.0.0:37943
2019-07-13 07:25:02,177 INFO  ratis.XceiverServerRatis (XceiverServerRatis.java:start(428)) - XceiverServerRatis 065c58a9-3173-4344-9164-c86366c67d3e is started using port 37943
2019-07-13 07:25:02,213 INFO  server.XceiverServerGrpc (XceiverServerGrpc.java:start(161)) - XceiverServerGrpc 065c58a9-3173-4344-9164-c86366c67d3e is started using port 35816
2019-07-13 07:25:02,380 INFO  ozoneimpl.OzoneContainer (OzoneContainer.java:start(186)) - Attempting to start container services.
2019-07-13 07:25:02,380 INFO  ozoneimpl.OzoneContainer (OzoneContainer.java:startContainerScrub(160)) - Background container scrubber has been disabled by hdds.containerscrub.enabled
2019-07-13 07:25:02,380 INFO  ratis.XceiverServerRatis (XceiverServerRatis.java:start(418)) - Starting XceiverServerRatis bedd0106-2caf-44e8-be25-b5cd250d796d at port 0
2019-07-13 07:25:02,389 INFO  impl.RaftServerProxy (RaftServerProxy.java:lambda$start$3(299)) - bedd0106-2caf-44e8-be25-b5cd250d796d: start RPC server
2019-07-13 07:25:02,390 INFO  server.GrpcService (GrpcService.java:startImpl(149)) - bedd0106-2caf-44e8-be25-b5cd250d796d: GrpcService started, listening on 0.0.0.0/0.0.0.0:43390
2019-07-13 07:25:02,390 INFO  ratis.XceiverServerRatis (XceiverServerRatis.java:start(428)) - XceiverServerRatis bedd0106-2caf-44e8-be25-b5cd250d796d is started using port 43390
2019-07-13 07:25:02,391 INFO  server.XceiverServerGrpc (XceiverServerGrpc.java:start(161)) - XceiverServerGrpc bedd0106-2caf-44e8-be25-b5cd250d796d is started using port 43404
2019-07-13 07:25:02,569 INFO  ozone.MiniOzoneClusterImpl (MiniOzoneClusterImpl.java:lambda$waitForClusterToBeReady$0(142)) - Waiting for cluster to be ready. Got 0 of 6 DN Heartbeats.
2019-07-13 07:25:02,585 INFO  ozoneimpl.OzoneContainer (OzoneContainer.java:start(186)) - Attempting to start container services.
2019-07-13 07:25:02,585 INFO  ozoneimpl.OzoneContainer (OzoneContainer.java:startContainerScrub(160)) - Background container scrubber has been disabled by hdds.containerscrub.enabled
2019-07-13 07:25:02,585 INFO  ratis.XceiverServerRatis (XceiverServerRatis.java:start(418)) - Starting XceiverServerRatis 13b5e0e7-42b7-4760-b7b7-d2ff82d10736 at port 0
2019-07-13 07:25:02,593 INFO  impl.RaftServerProxy (RaftServerProxy.java:lambda$start$3(299)) - 13b5e0e7-42b7-4760-b7b7-d2ff82d10736: start RPC server
2019-07-13 07:25:02,593 INFO  server.GrpcService (GrpcService.java:startImpl(149)) - 13b5e0e7-42b7-4760-b7b7-d2ff82d10736: GrpcService started, listening on 0.0.0.0/0.0.0.0:39462
2019-07-13 07:25:02,593 INFO  ratis.XceiverServerRatis (XceiverServerRatis.java:start(428)) - XceiverServerRatis 13b5e0e7-42b7-4760-b7b7-d2ff82d10736 is started using port 39462
2019-07-13 07:25:02,594 INFO  server.XceiverServerGrpc (XceiverServerGrpc.java:start(161)) - XceiverServerGrpc 13b5e0e7-42b7-4760-b7b7-d2ff82d10736 is started using port 34096
2019-07-13 07:25:03,270 WARN  server.GrpcLogAppender (LogUtils.java:warn(134)) - c18e5551-1800-40d1-9af7-9b9ec855c36c->b6a2e03e-f3bd-4b9a-b2cc-05e16fdeb3db: Failed appendEntries: org.apache.ratis.thirdparty.io.grpc.StatusRuntimeException: UNAVAILABLE: io exception
2019-07-13 07:25:03,282 INFO  impl.FollowerInfo (FollowerInfo.java:lambda$new$0(50)) - c18e5551-1800-40d1-9af7-9b9ec855c36c->b6a2e03e-f3bd-4b9a-b2cc-05e16fdeb3db: nextIndex: updateUnconditionally 2 -> 1
2019-07-13 07:25:03,292 INFO  net.NetworkTopology (NetworkTopologyImpl.java:add(110)) - Added a new node: /default-rack/192.168.69.84
2019-07-13 07:25:03,299 INFO  node.SCMNodeManager (SCMNodeManager.java:register(269)) - Registered Data node : ebc3321e-a67e-4048-9fa7-beeb05df4a43{ip: 192.168.69.84, host: trunk-nightly-9lh4p-2362225927, networkLocation: /default-rack, certSerialId: null}
2019-07-13 07:25:03,300 INFO  safemode.SCMSafeModeManager (DataNodeSafeModeRule.java:process(71)) - SCM in safe mode. 1 DataNodes registered, 1 required.
2019-07-13 07:25:03,307 INFO  safemode.SCMSafeModeManager (SCMSafeModeManager.java:validateSafeModeExitRules(177)) - ScmSafeModeManager, all rules are successfully validated
2019-07-13 07:25:03,307 INFO  safemode.SCMSafeModeManager (SCMSafeModeManager.java:exitSafeMode(193)) - SCM exiting safe mode.
2019-07-13 07:25:03,319 INFO  impl.RaftServerProxy (RaftServerProxy.java:addNew(89)) - ebc3321e-a67e-4048-9fa7-beeb05df4a43: addNew group-302EA8592928:[ebc3321e-a67e-4048-9fa7-beeb05df4a43:192.168.69.84:45558] returns group-302EA8592928:java.util.concurrent.CompletableFuture@3c2179df[Not completed]
2019-07-13 07:25:03,320 INFO  impl.RaftServerImpl (RaftServerImpl.java:<init>(93)) - ebc3321e-a67e-4048-9fa7-beeb05df4a43: new RaftServerImpl for group-302EA8592928:[ebc3321e-a67e-4048-9fa7-beeb05df4a43:192.168.69.84:45558] with ContainerStateMachine:uninitialized
2019-07-13 07:25:03,320 INFO  server.RaftServerConfigKeys (ConfUtils.java:logGet(43)) - raft.server.rpc.timeout.min = 5s (custom)
2019-07-13 07:25:03,321 INFO  server.RaftServerConfigKeys (ConfUtils.java:logGet(43)) - raft.server.rpc.timeout.max = 5200ms (custom)
2019-07-13 07:25:03,321 INFO  server.RaftServerConfigKeys (ConfUtils.java:logGet(43)) - raft.server.rpcslowness.timeout = 120s (custom)
2019-07-13 07:25:03,321 INFO  server.RaftServerConfigKeys (ConfUtils.java:logGet(43)) - raft.server.sleep.deviation.threshold = 300 (default)
2019-07-13 07:25:03,321 INFO  server.RaftServerConfigKeys (ConfUtils.java:logGet(43)) - raft.server.log.appender.install.snapshot.enabled = false (custom)
2019-07-13 07:25:03,321 INFO  impl.RaftServerImpl (ServerState.java:<init>(105)) - ebc3321e-a67e-4048-9fa7-beeb05df4a43:group-302EA8592928 ConfigurationManager, init=-1: [ebc3321e-a67e-4048-9fa7-beeb05df4a43:192.168.69.84:45558], old=null, confs=<EMPTY_MAP>
2019-07-13 07:25:03,321 INFO  server.RaftServerConfigKeys (ConfUtils.java:logGet(43)) - raft.server.storage.dir = [/tmp/workdir/hadoop-ozone/integration-test/target/test-dir/MiniOzoneClusterImpl-0cda291e-93d6-4d20-8c29-6d118f79bbd1/datanode-0/data/ratis] (custom)
2019-07-13 07:25:03,322 INFO  storage.RaftStorageDirectory (RaftStorageDirectory.java:analyzeStorage(246)) - The storage directory /tmp/workdir/hadoop-ozone/integration-test/target/test-dir/MiniOzoneClusterImpl-0cda291e-93d6-4d20-8c29-6d118f79bbd1/datanode-0/data/ratis/df87f697-578e-4a93-ad05-302ea8592928 does not exist. Creating ...
2019-07-13 07:25:03,336 INFO  storage.RaftStorageDirectory (RaftStorageDirectory.java:tryLock(328)) - Lock on /tmp/workdir/hadoop-ozone/integration-test/target/test-dir/MiniOzoneClusterImpl-0cda291e-93d6-4d20-8c29-6d118f79bbd1/datanode-0/data/ratis/df87f697-578e-4a93-ad05-302ea8592928/in_use.lock acquired by nodename 15876@trunk-nightly-9lh4p-2362225927
2019-07-13 07:25:03,350 INFO  storage.RaftStorage (RaftStorage.java:format(72)) - Storage directory /tmp/workdir/hadoop-ozone/integration-test/target/test-dir/MiniOzoneClusterImpl-0cda291e-93d6-4d20-8c29-6d118f79bbd1/datanode-0/data/ratis/df87f697-578e-4a93-ad05-302ea8592928 has been successfully formatted.
2019-07-13 07:25:03,350 INFO  ratis.ContainerStateMachine (ContainerStateMachine.java:loadSnapshot(200)) - The snapshot info is null.Setting the last applied index to:(t:0, i:~)
2019-07-13 07:25:03,350 INFO  server.RaftServerConfigKeys (ConfUtils.java:logGet(43)) - raft.server.leader.election.timeout = 120s (custom)
2019-07-13 07:25:03,350 INFO  server.RaftServerConfigKeys (ConfUtils.java:logGet(43)) - raft.server.log.use.memory = false (default)
2019-07-13 07:25:03,350 INFO  server.RaftServerConfigKeys (ConfUtils.java:logGet(43)) - raft.server.log.purge.gap = 1000000000 (custom)
2019-07-13 07:25:03,350 INFO  server.RaftServerConfigKeys (ConfUtils.java:logGet(43)) - raft.server.log.appender.buffer.byte-limit = 33554432 (custom)
2019-07-13 07:25:03,351 INFO  server.RaftServerConfigKeys (ConfUtils.java:logGet(43)) - raft.server.log.segment.size.max = 1048576 (custom)
2019-07-13 07:25:03,351 INFO  server.RaftServerConfigKeys (ConfUtils.java:logGet(43)) - raft.server.log.segment.cache.num.max = 2 (custom)
2019-07-13 07:25:03,351 INFO  segmented.SegmentedRaftLogWorker (SegmentedRaftLogWorker.java:<init>(172)) - new ebc3321e-a67e-4048-9fa7-beeb05df4a43-SegmentedRaftLogWorker:Storage Directory /tmp/workdir/hadoop-ozone/integration-test/target/test-dir/MiniOzoneClusterImpl-0cda291e-93d6-4d20-8c29-6d118f79bbd1/datanode-0/data/ratis/df87f697-578e-4a93-ad05-302ea8592928 for RaftStorage:Storage Directory /tmp/workdir/hadoop-ozone/integration-test/target/test-dir/MiniOzoneClusterImpl-0cda291e-93d6-4d20-8c29-6d118f79bbd1/datanode-0/data/ratis/df87f697-578e-4a93-ad05-302ea8592928
2019-07-13 07:25:03,351 INFO  server.RaftServerConfigKeys (ConfUtils.java:logGet(43)) - raft.server.log.queue.byte-limit = 2147483647 (custom)
2019-07-13 07:25:03,351 INFO  server.RaftServerConfigKeys (ConfUtils.java:logGet(43)) - raft.server.log.queue.element-limit = 1024 (custom)
2019-07-13 07:25:03,352 INFO  server.RaftServerConfigKeys (ConfUtils.java:logGet(43)) - raft.server.log.segment.size.max = 1048576 (custom)
2019-07-13 07:25:03,352 INFO  server.RaftServerConfigKeys (ConfUtils.java:logGet(43)) - raft.server.log.preallocated.size = 16384 (custom)
2019-07-13 07:25:03,352 INFO  server.RaftServerConfigKeys (ConfUtils.java:logGet(43)) - raft.server.log.write.buffer.size = 33554432 (custom)
2019-07-13 07:25:03,352 INFO  server.RaftServerConfigKeys (ConfUtils.java:logGet(43)) - raft.server.log.force.sync.num = 128 (default)
2019-07-13 07:25:03,352 INFO  server.RaftServerConfigKeys (ConfUtils.java:logGet(43)) - raft.server.log.statemachine.data.sync = true (default)
2019-07-13 07:25:03,352 INFO  server.RaftServerConfigKeys (ConfUtils.java:logGet(43)) - raft.server.log.statemachine.data.sync.timeout = 10s (default)
2019-07-13 07:25:03,352 INFO  server.RaftServerConfigKeys (ConfUtils.java:logGet(43)) - raft.server.log.statemachine.data.sync.timeout.retry = -1 (default)
2019-07-13 07:25:03,353 INFO  server.RaftServerConfigKeys (ConfUtils.java:logGet(43)) - raft.server.log.statemachine.data.caching.enabled = true (custom)
2019-07-13 07:25:03,353 INFO  segmented.SegmentedRaftLogWorker (SegmentedRaftLogWorker.java:lambda$new$0(132)) - ebc3321e-a67e-4048-9fa7-beeb05df4a43-SegmentedRaftLogWorker:Storage Directory /tmp/workdir/hadoop-ozone/integration-test/target/test-dir/MiniOzoneClusterImpl-0cda291e-93d6-4d20-8c29-6d118f79bbd1/datanode-0/data/ratis/df87f697-578e-4a93-ad05-302ea8592928: flushIndex: setUnconditionally 0 -> -1
2019-07-13 07:25:03,353 INFO  server.RaftServerConfigKeys (ConfUtils.java:logGet(43)) - raft.server.snapshot.auto.trigger.enabled = true (custom)
2019-07-13 07:25:03,354 INFO  server.RaftServerConfigKeys (ConfUtils.java:logGet(43)) - raft.server.snapshot.auto.trigger.threshold = 10000 (custom)
2019-07-13 07:25:03,354 INFO  server.RaftServerConfigKeys (ConfUtils.java:logGet(43)) - raft.server.retrycache.expirytime = 600000ms (custom)
2019-07-13 07:25:03,354 INFO  impl.RaftServerImpl (RaftServerImpl.java:start(180)) - ebc3321e-a67e-4048-9fa7-beeb05df4a43: start group-302EA8592928
2019-07-13 07:25:03,354 INFO  impl.RaftServerImpl (RaftServerImpl.java:setRole(171)) - ebc3321e-a67e-4048-9fa7-beeb05df4a43:group-302EA8592928 changes role from null to FOLLOWER at term 0 for startAsFollower
2019-07-13 07:25:03,354 INFO  impl.RoleInfo (RoleInfo.java:updateAndGet(143)) - ebc3321e-a67e-4048-9fa7-beeb05df4a43: start FollowerState
2019-07-13 07:25:03,355 INFO  util.JmxRegister (JmxRegister.java:tryRegister(44)) - Successfully registered JMX Bean with object name Ratis:service=RaftServer,group=group-302EA8592928,id=ebc3321e-a67e-4048-9fa7-beeb05df4a43
2019-07-13 07:25:03,357 INFO  pipeline.PipelineStateManager (PipelineStateManager.java:addPipeline(56)) - Created pipeline Pipeline[ Id: df87f697-578e-4a93-ad05-302ea8592928, Nodes: ebc3321e-a67e-4048-9fa7-beeb05df4a43{ip: 192.168.69.84, host: trunk-nightly-9lh4p-2362225927, networkLocation: /default-rack, certSerialId: null}, Type:RATIS, Factor:ONE, State:OPEN]
2019-07-13 07:25:03,513 INFO  node.SCMNodeManager (SCMNodeManager.java:register(269)) - Registered Data node : 41b9c1bd-cf21-4c7a-8d7a-e228988eafd6{ip: 192.168.69.84, host: trunk-nightly-9lh4p-2362225927, networkLocation: /default-rack, certSerialId: null}
2019-07-13 07:25:03,529 INFO  impl.RaftServerProxy (RaftServerProxy.java:addNew(89)) - 41b9c1bd-cf21-4c7a-8d7a-e228988eafd6: addNew group-B41410263D9C:[41b9c1bd-cf21-4c7a-8d7a-e228988eafd6:192.168.69.84:46521] returns group-B41410263D9C:java.util.concurrent.CompletableFuture@63a216de[Not completed]
2019-07-13 07:25:03,531 INFO  impl.RaftServerImpl (RaftServerImpl.java:<init>(93)) - 41b9c1bd-cf21-4c7a-8d7a-e228988eafd6: new RaftServerImpl for group-B41410263D9C:[41b9c1bd-cf21-4c7a-8d7a-e228988eafd6:192.168.69.84:46521] with ContainerStateMachine:uninitialized
2019-07-13 07:25:03,531 INFO  server.RaftServerConfigKeys (ConfUtils.java:logGet(43)) - raft.server.rpc.timeout.min = 5s (custom)
2019-07-13 07:25:03,531 INFO  server.RaftServerConfigKeys (ConfUtils.java:logGet(43)) - raft.server.rpc.timeout.max = 5200ms (custom)
2019-07-13 07:25:03,531 INFO  server.RaftServerConfigKeys (ConfUtils.java:logGet(43)) - raft.server.rpcslowness.timeout = 120s (custom)
2019-07-13 07:25:03,531 INFO  server.RaftServerConfigKeys (ConfUtils.java:logGet(43)) - raft.server.sleep.deviation.threshold = 300 (default)
2019-07-13 07:25:03,531 INFO  server.RaftServerConfigKeys (ConfUtils.java:logGet(43)) - raft.server.log.appender.install.snapshot.enabled = false (custom)
2019-07-13 07:25:03,532 INFO  impl.RaftServerImpl (ServerState.java:<init>(105)) - 41b9c1bd-cf21-4c7a-8d7a-e228988eafd6:group-B41410263D9C ConfigurationManager, init=-1: [41b9c1bd-cf21-4c7a-8d7a-e228988eafd6:192.168.69.84:46521], old=null, confs=<EMPTY_MAP>
2019-07-13 07:25:03,532 INFO  server.RaftServerConfigKeys (ConfUtils.java:logGet(43)) - raft.server.storage.dir = [/tmp/workdir/hadoop-ozone/integration-test/target/test-dir/MiniOzoneClusterImpl-0cda291e-93d6-4d20-8c29-6d118f79bbd1/datanode-1/data/ratis] (custom)
2019-07-13 07:25:03,532 INFO  storage.RaftStorageDirectory (RaftStorageDirectory.java:analyzeStorage(246)) - The storage directory /tmp/workdir/hadoop-ozone/integration-test/target/test-dir/MiniOzoneClusterImpl-0cda291e-93d6-4d20-8c29-6d118f79bbd1/datanode-1/data/ratis/5c3763d2-ad20-41ff-becd-b41410263d9c does not exist. Creating ...
2019-07-13 07:25:03,546 INFO  storage.RaftStorageDirectory (RaftStorageDirectory.java:tryLock(328)) - Lock on /tmp/workdir/hadoop-ozone/integration-test/target/test-dir/MiniOzoneClusterImpl-0cda291e-93d6-4d20-8c29-6d118f79bbd1/datanode-1/data/ratis/5c3763d2-ad20-41ff-becd-b41410263d9c/in_use.lock acquired by nodename 15876@trunk-nightly-9lh4p-2362225927
2019-07-13 07:25:03,560 INFO  storage.RaftStorage (RaftStorage.java:format(72)) - Storage directory /tmp/workdir/hadoop-ozone/integration-test/target/test-dir/MiniOzoneClusterImpl-0cda291e-93d6-4d20-8c29-6d118f79bbd1/datanode-1/data/ratis/5c3763d2-ad20-41ff-becd-b41410263d9c has been successfully formatted.
2019-07-13 07:25:03,560 INFO  ratis.ContainerStateMachine (ContainerStateMachine.java:loadSnapshot(200)) - The snapshot info is null.Setting the last applied index to:(t:0, i:~)
2019-07-13 07:25:03,561 INFO  server.RaftServerConfigKeys (ConfUtils.java:logGet(43)) - raft.server.leader.election.timeout = 120s (custom)
2019-07-13 07:25:03,561 INFO  server.RaftServerConfigKeys (ConfUtils.java:logGet(43)) - raft.server.log.use.memory = false (default)
2019-07-13 07:25:03,561 INFO  server.RaftServerConfigKeys (ConfUtils.java:logGet(43)) - raft.server.log.purge.gap = 1000000000 (custom)
2019-07-13 07:25:03,561 INFO  server.RaftServerConfigKeys (ConfUtils.java:logGet(43)) - raft.server.log.appender.buffer.byte-limit = 33554432 (custom)
2019-07-13 07:25:03,561 INFO  server.RaftServerConfigKeys (ConfUtils.java:logGet(43)) - raft.server.log.segment.size.max = 1048576 (custom)
2019-07-13 07:25:03,561 INFO  server.RaftServerConfigKeys (ConfUtils.java:logGet(43)) - raft.server.log.segment.cache.num.max = 2 (custom)
2019-07-13 07:25:03,561 INFO  segmented.SegmentedRaftLogWorker (SegmentedRaftLogWorker.java:<init>(172)) - new 41b9c1bd-cf21-4c7a-8d7a-e228988eafd6-SegmentedRaftLogWorker:Storage Directory /tmp/workdir/hadoop-ozone/integration-test/target/test-dir/MiniOzoneClusterImpl-0cda291e-93d6-4d20-8c29-6d118f79bbd1/datanode-1/data/ratis/5c3763d2-ad20-41ff-becd-b41410263d9c for RaftStorage:Storage Directory /tmp/workdir/hadoop-ozone/integration-test/target/test-dir/MiniOzoneClusterImpl-0cda291e-93d6-4d20-8c29-6d118f79bbd1/datanode-1/data/ratis/5c3763d2-ad20-41ff-becd-b41410263d9c
2019-07-13 07:25:03,562 INFO  server.RaftServerConfigKeys (ConfUtils.java:logGet(43)) - raft.server.log.queue.byte-limit = 2147483647 (custom)
2019-07-13 07:25:03,562 INFO  server.RaftServerConfigKeys (ConfUtils.java:logGet(43)) - raft.server.log.queue.element-limit = 1024 (custom)
2019-07-13 07:25:03,562 INFO  server.RaftServerConfigKeys (ConfUtils.java:logGet(43)) - raft.server.log.segment.size.max = 1048576 (custom)
2019-07-13 07:25:03,562 INFO  server.RaftServerConfigKeys (ConfUtils.java:logGet(43)) - raft.server.log.preallocated.size = 16384 (custom)
2019-07-13 07:25:03,562 INFO  server.RaftServerConfigKeys (ConfUtils.java:logGet(43)) - raft.server.log.write.buffer.size = 33554432 (custom)
2019-07-13 07:25:03,563 INFO  server.RaftServerConfigKeys (ConfUtils.java:logGet(43)) - raft.server.log.force.sync.num = 128 (default)
2019-07-13 07:25:03,563 INFO  server.RaftServerConfigKeys (ConfUtils.java:logGet(43)) - raft.server.log.statemachine.data.sync = true (default)
2019-07-13 07:25:03,563 INFO  server.RaftServerConfigKeys (ConfUtils.java:logGet(43)) - raft.server.log.statemachine.data.sync.timeout = 10s (default)
2019-07-13 07:25:03,563 INFO  server.RaftServerConfigKeys (ConfUtils.java:logGet(43)) - raft.server.log.statemachine.data.sync.timeout.retry = -1 (default)
2019-07-13 07:25:03,563 INFO  server.RaftServerConfigKeys (ConfUtils.java:logGet(43)) - raft.server.log.statemachine.data.caching.enabled = true (custom)
2019-07-13 07:25:03,564 INFO  segmented.SegmentedRaftLogWorker (SegmentedRaftLogWorker.java:lambda$new$0(132)) - 41b9c1bd-cf21-4c7a-8d7a-e228988eafd6-SegmentedRaftLogWorker:Storage Directory /tmp/workdir/hadoop-ozone/integration-test/target/test-dir/MiniOzoneClusterImpl-0cda291e-93d6-4d20-8c29-6d118f79bbd1/datanode-1/data/ratis/5c3763d2-ad20-41ff-becd-b41410263d9c: flushIndex: setUnconditionally 0 -> -1
2019-07-13 07:25:03,564 INFO  server.RaftServerConfigKeys (ConfUtils.java:logGet(43)) - raft.server.snapshot.auto.trigger.enabled = true (custom)
2019-07-13 07:25:03,564 INFO  server.RaftServerConfigKeys (ConfUtils.java:logGet(43)) - raft.server.snapshot.auto.trigger.threshold = 10000 (custom)
2019-07-13 07:25:03,564 INFO  server.RaftServerConfigKeys (ConfUtils.java:logGet(43)) - raft.server.retrycache.expirytime = 600000ms (custom)
2019-07-13 07:25:03,565 INFO  impl.RaftServerImpl (RaftServerImpl.java:start(180)) - 41b9c1bd-cf21-4c7a-8d7a-e228988eafd6: start group-B41410263D9C
2019-07-13 07:25:03,565 INFO  impl.RaftServerImpl (RaftServerImpl.java:setRole(171)) - 41b9c1bd-cf21-4c7a-8d7a-e228988eafd6:group-B41410263D9C changes role from null to FOLLOWER at term 0 for startAsFollower
2019-07-13 07:25:03,565 INFO  impl.RoleInfo (RoleInfo.java:updateAndGet(143)) - 41b9c1bd-cf21-4c7a-8d7a-e228988eafd6: start FollowerState
2019-07-13 07:25:03,565 INFO  util.JmxRegister (JmxRegister.java:tryRegister(44)) - Successfully registered JMX Bean with object name Ratis:service=RaftServer,group=group-B41410263D9C,id=41b9c1bd-cf21-4c7a-8d7a-e228988eafd6
2019-07-13 07:25:03,568 INFO  pipeline.PipelineStateManager (PipelineStateManager.java:addPipeline(56)) - Created pipeline Pipeline[ Id: 5c3763d2-ad20-41ff-becd-b41410263d9c, Nodes: 41b9c1bd-cf21-4c7a-8d7a-e228988eafd6{ip: 192.168.69.84, host: trunk-nightly-9lh4p-2362225927, networkLocation: /default-rack, certSerialId: null}, Type:RATIS, Factor:ONE, State:OPEN]
2019-07-13 07:25:03,570 INFO  ozone.MiniOzoneClusterImpl (MiniOzoneClusterImpl.java:lambda$waitForClusterToBeReady$0(142)) - Waiting for cluster to be ready. Got 2 of 6 DN Heartbeats.
2019-07-13 07:25:03,921 INFO  node.SCMNodeManager (SCMNodeManager.java:register(269)) - Registered Data node : 081e239d-284e-44f2-be8f-6052e512c341{ip: 192.168.69.84, host: trunk-nightly-9lh4p-2362225927, networkLocation: /default-rack, certSerialId: null}
2019-07-13 07:25:03,937 INFO  impl.RaftServerProxy (RaftServerProxy.java:addNew(89)) - 081e239d-284e-44f2-be8f-6052e512c341: addNew group-7D580069B266:[081e239d-284e-44f2-be8f-6052e512c341:192.168.69.84:40660] returns group-7D580069B266:java.util.concurrent.CompletableFuture@1d22868c[Not completed]
2019-07-13 07:25:03,938 INFO  impl.RaftServerImpl (RaftServerImpl.java:<init>(93)) - 081e239d-284e-44f2-be8f-6052e512c341: new RaftServerImpl for group-7D580069B266:[081e239d-284e-44f2-be8f-6052e512c341:192.168.69.84:40660] with ContainerStateMachine:uninitialized
2019-07-13 07:25:03,939 INFO  server.RaftServerConfigKeys (ConfUtils.java:logGet(43)) - raft.server.rpc.timeout.min = 5s (custom)
2019-07-13 07:25:03,939 INFO  server.RaftServerConfigKeys (ConfUtils.java:logGet(43)) - raft.server.rpc.timeout.max = 5200ms (custom)
2019-07-13 07:25:03,939 INFO  server.RaftServerConfigKeys (ConfUtils.java:logGet(43)) - raft.server.rpcslowness.timeout = 120s (custom)
2019-07-13 07:25:03,939 INFO  server.RaftServerConfigKeys (ConfUtils.java:logGet(43)) - raft.server.sleep.deviation.threshold = 300 (default)
2019-07-13 07:25:03,939 INFO  server.RaftServerConfigKeys (ConfUtils.java:logGet(43)) - raft.server.log.appender.install.snapshot.enabled = false (custom)
2019-07-13 07:25:03,939 INFO  impl.RaftServerImpl (ServerState.java:<init>(105)) - 081e239d-284e-44f2-be8f-6052e512c341:group-7D580069B266 ConfigurationManager, init=-1: [081e239d-284e-44f2-be8f-6052e512c341:192.168.69.84:40660], old=null, confs=<EMPTY_MAP>
2019-07-13 07:25:03,940 INFO  server.RaftServerConfigKeys (ConfUtils.java:logGet(43)) - raft.server.storage.dir = [/tmp/workdir/hadoop-ozone/integration-test/target/test-dir/MiniOzoneClusterImpl-0cda291e-93d6-4d20-8c29-6d118f79bbd1/datanode-2/data/ratis] (custom)
2019-07-13 07:25:03,940 INFO  storage.RaftStorageDirectory (RaftStorageDirectory.java:analyzeStorage(246)) - The storage directory /tmp/workdir/hadoop-ozone/integration-test/target/test-dir/MiniOzoneClusterImpl-0cda291e-93d6-4d20-8c29-6d118f79bbd1/datanode-2/data/ratis/b18f553c-e59b-40e3-a62b-7d580069b266 does not exist. Creating ...
2019-07-13 07:25:03,954 INFO  storage.RaftStorageDirectory (RaftStorageDirectory.java:tryLock(328)) - Lock on /tmp/workdir/hadoop-ozone/integration-test/target/test-dir/MiniOzoneClusterImpl-0cda291e-93d6-4d20-8c29-6d118f79bbd1/datanode-2/data/ratis/b18f553c-e59b-40e3-a62b-7d580069b266/in_use.lock acquired by nodename 15876@trunk-nightly-9lh4p-2362225927
2019-07-13 07:25:03,967 INFO  storage.RaftStorage (RaftStorage.java:format(72)) - Storage directory /tmp/workdir/hadoop-ozone/integration-test/target/test-dir/MiniOzoneClusterImpl-0cda291e-93d6-4d20-8c29-6d118f79bbd1/datanode-2/data/ratis/b18f553c-e59b-40e3-a62b-7d580069b266 has been successfully formatted.
2019-07-13 07:25:03,967 INFO  ratis.ContainerStateMachine (ContainerStateMachine.java:loadSnapshot(200)) - The snapshot info is null.Setting the last applied index to:(t:0, i:~)
2019-07-13 07:25:03,967 INFO  server.RaftServerConfigKeys (ConfUtils.java:logGet(43)) - raft.server.leader.election.timeout = 120s (custom)
2019-07-13 07:25:03,967 INFO  server.RaftServerConfigKeys (ConfUtils.java:logGet(43)) - raft.server.log.use.memory = false (default)
2019-07-13 07:25:03,968 INFO  server.RaftServerConfigKeys (ConfUtils.java:logGet(43)) - raft.server.log.purge.gap = 1000000000 (custom)
2019-07-13 07:25:03,968 INFO  server.RaftServerConfigKeys (ConfUtils.java:logGet(43)) - raft.server.log.appender.buffer.byte-limit = 33554432 (custom)
2019-07-13 07:25:03,968 INFO  server.RaftServerConfigKeys (ConfUtils.java:logGet(43)) - raft.server.log.segment.size.max = 1048576 (custom)
2019-07-13 07:25:03,968 INFO  server.RaftServerConfigKeys (ConfUtils.java:logGet(43)) - raft.server.log.segment.cache.num.max = 2 (custom)
2019-07-13 07:25:03,968 INFO  segmented.SegmentedRaftLogWorker (SegmentedRaftLogWorker.java:<init>(172)) - new 081e239d-284e-44f2-be8f-6052e512c341-SegmentedRaftLogWorker:Storage Directory /tmp/workdir/hadoop-ozone/integration-test/target/test-dir/MiniOzoneClusterImpl-0cda291e-93d6-4d20-8c29-6d118f79bbd1/datanode-2/data/ratis/b18f553c-e59b-40e3-a62b-7d580069b266 for RaftStorage:Storage Directory /tmp/workdir/hadoop-ozone/integration-test/target/test-dir/MiniOzoneClusterImpl-0cda291e-93d6-4d20-8c29-6d118f79bbd1/datanode-2/data/ratis/b18f553c-e59b-40e3-a62b-7d580069b266
2019-07-13 07:25:03,968 INFO  server.RaftServerConfigKeys (ConfUtils.java:logGet(43)) - raft.server.log.queue.byte-limit = 2147483647 (custom)
2019-07-13 07:25:03,969 INFO  server.RaftServerConfigKeys (ConfUtils.java:logGet(43)) - raft.server.log.queue.element-limit = 1024 (custom)
2019-07-13 07:25:03,969 INFO  server.RaftServerConfigKeys (ConfUtils.java:logGet(43)) - raft.server.log.segment.size.max = 1048576 (custom)
2019-07-13 07:25:03,969 INFO  server.RaftServerConfigKeys (ConfUtils.java:logGet(43)) - raft.server.log.preallocated.size = 16384 (custom)
2019-07-13 07:25:03,969 INFO  server.RaftServerConfigKeys (ConfUtils.java:logGet(43)) - raft.server.log.write.buffer.size = 33554432 (custom)
2019-07-13 07:25:03,969 INFO  server.RaftServerConfigKeys (ConfUtils.java:logGet(43)) - raft.server.log.force.sync.num = 128 (default)
2019-07-13 07:25:03,969 INFO  server.RaftServerConfigKeys (ConfUtils.java:logGet(43)) - raft.server.log.statemachine.data.sync = true (default)
2019-07-13 07:25:03,970 INFO  server.RaftServerConfigKeys (ConfUtils.java:logGet(43)) - raft.server.log.statemachine.data.sync.timeout = 10s (default)
2019-07-13 07:25:03,970 INFO  server.RaftServerConfigKeys (ConfUtils.java:logGet(43)) - raft.server.log.statemachine.data.sync.timeout.retry = -1 (default)
2019-07-13 07:25:03,970 INFO  server.RaftServerConfigKeys (ConfUtils.java:logGet(43)) - raft.server.log.statemachine.data.caching.enabled = true (custom)
2019-07-13 07:25:03,970 INFO  segmented.SegmentedRaftLogWorker (SegmentedRaftLogWorker.java:lambda$new$0(132)) - 081e239d-284e-44f2-be8f-6052e512c341-SegmentedRaftLogWorker:Storage Directory /tmp/workdir/hadoop-ozone/integration-test/target/test-dir/MiniOzoneClusterImpl-0cda291e-93d6-4d20-8c29-6d118f79bbd1/datanode-2/data/ratis/b18f553c-e59b-40e3-a62b-7d580069b266: flushIndex: setUnconditionally 0 -> -1
2019-07-13 07:25:03,971 INFO  server.RaftServerConfigKeys (ConfUtils.java:logGet(43)) - raft.server.snapshot.auto.trigger.enabled = true (custom)
2019-07-13 07:25:03,971 INFO  server.RaftServerConfigKeys (ConfUtils.java:logGet(43)) - raft.server.snapshot.auto.trigger.threshold = 10000 (custom)
2019-07-13 07:25:03,971 INFO  server.RaftServerConfigKeys (ConfUtils.java:logGet(43)) - raft.server.retrycache.expirytime = 600000ms (custom)
2019-07-13 07:25:03,971 INFO  impl.RaftServerImpl (RaftServerImpl.java:start(180)) - 081e239d-284e-44f2-be8f-6052e512c341: start group-7D580069B266
2019-07-13 07:25:03,971 INFO  impl.RaftServerImpl (RaftServerImpl.java:setRole(171)) - 081e239d-284e-44f2-be8f-6052e512c341:group-7D580069B266 changes role from null to FOLLOWER at term 0 for startAsFollower
2019-07-13 07:25:03,972 INFO  impl.RoleInfo (RoleInfo.java:updateAndGet(143)) - 081e239d-284e-44f2-be8f-6052e512c341: start FollowerState
2019-07-13 07:25:03,972 INFO  util.JmxRegister (JmxRegister.java:tryRegister(44)) - Successfully registered JMX Bean with object name Ratis:service=RaftServer,group=group-7D580069B266,id=081e239d-284e-44f2-be8f-6052e512c341
2019-07-13 07:25:03,974 INFO  pipeline.PipelineStateManager (PipelineStateManager.java:addPipeline(56)) - Created pipeline Pipeline[ Id: b18f553c-e59b-40e3-a62b-7d580069b266, Nodes: 081e239d-284e-44f2-be8f-6052e512c341{ip: 192.168.69.84, host: trunk-nightly-9lh4p-2362225927, networkLocation: /default-rack, certSerialId: null}, Type:RATIS, Factor:ONE, State:OPEN]
2019-07-13 07:25:03,997 INFO  impl.RaftServerProxy (RaftServerProxy.java:addNew(89)) - 41b9c1bd-cf21-4c7a-8d7a-e228988eafd6: addNew group-F94DA6EEBDA4:[081e239d-284e-44f2-be8f-6052e512c341:192.168.69.84:40660, 41b9c1bd-cf21-4c7a-8d7a-e228988eafd6:192.168.69.84:46521, ebc3321e-a67e-4048-9fa7-beeb05df4a43:192.168.69.84:45558] returns group-F94DA6EEBDA4:java.util.concurrent.CompletableFuture@4bd3df72[Not completed]
2019-07-13 07:25:03,997 INFO  impl.RaftServerProxy (RaftServerProxy.java:addNew(89)) - ebc3321e-a67e-4048-9fa7-beeb05df4a43: addNew group-F94DA6EEBDA4:[081e239d-284e-44f2-be8f-6052e512c341:192.168.69.84:40660, 41b9c1bd-cf21-4c7a-8d7a-e228988eafd6:192.168.69.84:46521, ebc3321e-a67e-4048-9fa7-beeb05df4a43:192.168.69.84:45558] returns group-F94DA6EEBDA4:java.util.concurrent.CompletableFuture@4bc2911a[Not completed]
2019-07-13 07:25:03,997 INFO  impl.RaftServerProxy (RaftServerProxy.java:addNew(89)) - 081e239d-284e-44f2-be8f-6052e512c341: addNew group-F94DA6EEBDA4:[081e239d-284e-44f2-be8f-6052e512c341:192.168.69.84:40660, 41b9c1bd-cf21-4c7a-8d7a-e228988eafd6:192.168.69.84:46521, ebc3321e-a67e-4048-9fa7-beeb05df4a43:192.168.69.84:45558] returns group-F94DA6EEBDA4:java.util.concurrent.CompletableFuture@699f73f8[Not completed]
2019-07-13 07:25:03,998 INFO  impl.RaftServerImpl (RaftServerImpl.java:<init>(93)) - 41b9c1bd-cf21-4c7a-8d7a-e228988eafd6: new RaftServerImpl for group-F94DA6EEBDA4:[081e239d-284e-44f2-be8f-6052e512c341:192.168.69.84:40660, 41b9c1bd-cf21-4c7a-8d7a-e228988eafd6:192.168.69.84:46521, ebc3321e-a67e-4048-9fa7-beeb05df4a43:192.168.69.84:45558] with ContainerStateMachine:uninitialized
2019-07-13 07:25:03,998 INFO  server.RaftServerConfigKeys (ConfUtils.java:logGet(43)) - raft.server.rpc.timeout.min = 5s (custom)
2019-07-13 07:25:03,998 INFO  server.RaftServerConfigKeys (ConfUtils.java:logGet(43)) - raft.server.rpc.timeout.max = 5200ms (custom)
2019-07-13 07:25:03,998 INFO  impl.RaftServerImpl (RaftServerImpl.java:<init>(93)) - 081e239d-284e-44f2-be8f-6052e512c341: new RaftServerImpl for group-F94DA6EEBDA4:[081e239d-284e-44f2-be8f-6052e512c341:192.168.69.84:40660, 41b9c1bd-cf21-4c7a-8d7a-e228988eafd6:192.168.69.84:46521, ebc3321e-a67e-4048-9fa7-beeb05df4a43:192.168.69.84:45558] with ContainerStateMachine:uninitialized
2019-07-13 07:25:03,999 INFO  server.RaftServerConfigKeys (ConfUtils.java:logGet(43)) - raft.server.rpcslowness.timeout = 120s (custom)
2019-07-13 07:25:03,999 INFO  server.RaftServerConfigKeys (ConfUtils.java:logGet(43)) - raft.server.rpc.timeout.min = 5s (custom)
2019-07-13 07:25:03,999 INFO  server.RaftServerConfigKeys (ConfUtils.java:logGet(43)) - raft.server.sleep.deviation.threshold = 300 (default)
2019-07-13 07:25:03,999 INFO  server.RaftServerConfigKeys (ConfUtils.java:logGet(43)) - raft.server.rpc.timeout.max = 5200ms (custom)
2019-07-13 07:25:03,999 INFO  impl.RaftServerImpl (RaftServerImpl.java:<init>(93)) - ebc3321e-a67e-4048-9fa7-beeb05df4a43: new RaftServerImpl for group-F94DA6EEBDA4:[081e239d-284e-44f2-be8f-6052e512c341:192.168.69.84:40660, 41b9c1bd-cf21-4c7a-8d7a-e228988eafd6:192.168.69.84:46521, ebc3321e-a67e-4048-9fa7-beeb05df4a43:192.168.69.84:45558] with ContainerStateMachine:uninitialized
2019-07-13 07:25:03,999 INFO  server.RaftServerConfigKeys (ConfUtils.java:logGet(43)) - raft.server.rpcslowness.timeout = 120s (custom)
2019-07-13 07:25:03,999 INFO  server.RaftServerConfigKeys (ConfUtils.java:logGet(43)) - raft.server.log.appender.install.snapshot.enabled = false (custom)
2019-07-13 07:25:04,000 INFO  server.RaftServerConfigKeys (ConfUtils.java:logGet(43)) - raft.server.sleep.deviation.threshold = 300 (default)
2019-07-13 07:25:03,999 INFO  server.RaftServerConfigKeys (ConfUtils.java:logGet(43)) - raft.server.rpc.timeout.min = 5s (custom)
2019-07-13 07:25:04,000 INFO  server.RaftServerConfigKeys (ConfUtils.java:logGet(43)) - raft.server.log.appender.install.snapshot.enabled = false (custom)
2019-07-13 07:25:04,000 INFO  impl.RaftServerImpl (ServerState.java:<init>(105)) - 41b9c1bd-cf21-4c7a-8d7a-e228988eafd6:group-F94DA6EEBDA4 ConfigurationManager, init=-1: [081e239d-284e-44f2-be8f-6052e512c341:192.168.69.84:40660, 41b9c1bd-cf21-4c7a-8d7a-e228988eafd6:192.168.69.84:46521, ebc3321e-a67e-4048-9fa7-beeb05df4a43:192.168.69.84:45558], old=null, confs=<EMPTY_MAP>
2019-07-13 07:25:04,000 INFO  impl.RaftServerImpl (ServerState.java:<init>(105)) - 081e239d-284e-44f2-be8f-6052e512c341:group-F94DA6EEBDA4 ConfigurationManager, init=-1: [081e239d-284e-44f2-be8f-6052e512c341:192.168.69.84:40660, 41b9c1bd-cf21-4c7a-8d7a-e228988eafd6:192.168.69.84:46521, ebc3321e-a67e-4048-9fa7-beeb05df4a43:192.168.69.84:45558], old=null, confs=<EMPTY_MAP>
2019-07-13 07:25:04,000 INFO  server.RaftServerConfigKeys (ConfUtils.java:logGet(43)) - raft.server.rpc.timeout.max = 5200ms (custom)
2019-07-13 07:25:04,001 INFO  server.RaftServerConfigKeys (ConfUtils.java:logGet(43)) - raft.server.storage.dir = [/tmp/workdir/hadoop-ozone/integration-test/target/test-dir/MiniOzoneClusterImpl-0cda291e-93d6-4d20-8c29-6d118f79bbd1/datanode-2/data/ratis] (custom)
2019-07-13 07:25:04,000 INFO  server.RaftServerConfigKeys (ConfUtils.java:logGet(43)) - raft.server.storage.dir = [/tmp/workdir/hadoop-ozone/integration-test/target/test-dir/MiniOzoneClusterImpl-0cda291e-93d6-4d20-8c29-6d118f79bbd1/datanode-1/data/ratis] (custom)
2019-07-13 07:25:04,001 INFO  server.RaftServerConfigKeys (ConfUtils.java:logGet(43)) - raft.server.rpcslowness.timeout = 120s (custom)
2019-07-13 07:25:04,001 INFO  storage.RaftStorageDirectory (RaftStorageDirectory.java:analyzeStorage(246)) - The storage directory /tmp/workdir/hadoop-ozone/integration-test/target/test-dir/MiniOzoneClusterImpl-0cda291e-93d6-4d20-8c29-6d118f79bbd1/datanode-2/data/ratis/121ac2b7-4d5f-4496-a7eb-f94da6eebda4 does not exist. Creating ...
2019-07-13 07:25:04,001 INFO  storage.RaftStorageDirectory (RaftStorageDirectory.java:analyzeStorage(246)) - The storage directory /tmp/workdir/hadoop-ozone/integration-test/target/test-dir/MiniOzoneClusterImpl-0cda291e-93d6-4d20-8c29-6d118f79bbd1/datanode-1/data/ratis/121ac2b7-4d5f-4496-a7eb-f94da6eebda4 does not exist. Creating ...
2019-07-13 07:25:04,001 INFO  server.RaftServerConfigKeys (ConfUtils.java:logGet(43)) - raft.server.sleep.deviation.threshold = 300 (default)
2019-07-13 07:25:04,002 INFO  server.RaftServerConfigKeys (ConfUtils.java:logGet(43)) - raft.server.log.appender.install.snapshot.enabled = false (custom)
2019-07-13 07:25:04,002 INFO  impl.RaftServerImpl (ServerState.java:<init>(105)) - ebc3321e-a67e-4048-9fa7-beeb05df4a43:group-F94DA6EEBDA4 ConfigurationManager, init=-1: [081e239d-284e-44f2-be8f-6052e512c341:192.168.69.84:40660, 41b9c1bd-cf21-4c7a-8d7a-e228988eafd6:192.168.69.84:46521, ebc3321e-a67e-4048-9fa7-beeb05df4a43:192.168.69.84:45558], old=null, confs=<EMPTY_MAP>
2019-07-13 07:25:04,002 INFO  server.RaftServerConfigKeys (ConfUtils.java:logGet(43)) - raft.server.storage.dir = [/tmp/workdir/hadoop-ozone/integration-test/target/test-dir/MiniOzoneClusterImpl-0cda291e-93d6-4d20-8c29-6d118f79bbd1/datanode-0/data/ratis] (custom)
2019-07-13 07:25:04,002 INFO  storage.RaftStorageDirectory (RaftStorageDirectory.java:analyzeStorage(246)) - The storage directory /tmp/workdir/hadoop-ozone/integration-test/target/test-dir/MiniOzoneClusterImpl-0cda291e-93d6-4d20-8c29-6d118f79bbd1/datanode-0/data/ratis/121ac2b7-4d5f-4496-a7eb-f94da6eebda4 does not exist. Creating ...
2019-07-13 07:25:04,015 INFO  storage.RaftStorageDirectory (RaftStorageDirectory.java:tryLock(328)) - Lock on /tmp/workdir/hadoop-ozone/integration-test/target/test-dir/MiniOzoneClusterImpl-0cda291e-93d6-4d20-8c29-6d118f79bbd1/datanode-1/data/ratis/121ac2b7-4d5f-4496-a7eb-f94da6eebda4/in_use.lock acquired by nodename 15876@trunk-nightly-9lh4p-2362225927
2019-07-13 07:25:04,015 INFO  storage.RaftStorageDirectory (RaftStorageDirectory.java:tryLock(328)) - Lock on /tmp/workdir/hadoop-ozone/integration-test/target/test-dir/MiniOzoneClusterImpl-0cda291e-93d6-4d20-8c29-6d118f79bbd1/datanode-0/data/ratis/121ac2b7-4d5f-4496-a7eb-f94da6eebda4/in_use.lock acquired by nodename 15876@trunk-nightly-9lh4p-2362225927
2019-07-13 07:25:04,015 INFO  storage.RaftStorageDirectory (RaftStorageDirectory.java:tryLock(328)) - Lock on /tmp/workdir/hadoop-ozone/integration-test/target/test-dir/MiniOzoneClusterImpl-0cda291e-93d6-4d20-8c29-6d118f79bbd1/datanode-2/data/ratis/121ac2b7-4d5f-4496-a7eb-f94da6eebda4/in_use.lock acquired by nodename 15876@trunk-nightly-9lh4p-2362225927
2019-07-13 07:25:04,030 INFO  storage.RaftStorage (RaftStorage.java:format(72)) - Storage directory /tmp/workdir/hadoop-ozone/integration-test/target/test-dir/MiniOzoneClusterImpl-0cda291e-93d6-4d20-8c29-6d118f79bbd1/datanode-1/data/ratis/121ac2b7-4d5f-4496-a7eb-f94da6eebda4 has been successfully formatted.
2019-07-13 07:25:04,030 INFO  storage.RaftStorage (RaftStorage.java:format(72)) - Storage directory /tmp/workdir/hadoop-ozone/integration-test/target/test-dir/MiniOzoneClusterImpl-0cda291e-93d6-4d20-8c29-6d118f79bbd1/datanode-2/data/ratis/121ac2b7-4d5f-4496-a7eb-f94da6eebda4 has been successfully formatted.
2019-07-13 07:25:04,030 INFO  storage.RaftStorage (RaftStorage.java:format(72)) - Storage directory /tmp/workdir/hadoop-ozone/integration-test/target/test-dir/MiniOzoneClusterImpl-0cda291e-93d6-4d20-8c29-6d118f79bbd1/datanode-0/data/ratis/121ac2b7-4d5f-4496-a7eb-f94da6eebda4 has been successfully formatted.
2019-07-13 07:25:04,030 INFO  ratis.ContainerStateMachine (ContainerStateMachine.java:loadSnapshot(200)) - The snapshot info is null.Setting the last applied index to:(t:0, i:~)
2019-07-13 07:25:04,030 INFO  ratis.ContainerStateMachine (ContainerStateMachine.java:loadSnapshot(200)) - The snapshot info is null.Setting the last applied index to:(t:0, i:~)
2019-07-13 07:25:04,030 INFO  ratis.ContainerStateMachine (ContainerStateMachine.java:loadSnapshot(200)) - The snapshot info is null.Setting the last applied index to:(t:0, i:~)
2019-07-13 07:25:04,031 INFO  server.RaftServerConfigKeys (ConfUtils.java:logGet(43)) - raft.server.leader.election.timeout = 120s (custom)
2019-07-13 07:25:04,030 INFO  server.RaftServerConfigKeys (ConfUtils.java:logGet(43)) - raft.server.leader.election.timeout = 120s (custom)
2019-07-13 07:25:04,031 INFO  server.RaftServerConfigKeys (ConfUtils.java:logGet(43)) - raft.server.log.use.memory = false (default)
2019-07-13 07:25:04,031 INFO  server.RaftServerConfigKeys (ConfUtils.java:logGet(43)) - raft.server.leader.election.timeout = 120s (custom)
2019-07-13 07:25:04,031 INFO  server.RaftServerConfigKeys (ConfUtils.java:logGet(43)) - raft.server.log.purge.gap = 1000000000 (custom)
2019-07-13 07:25:04,031 INFO  server.RaftServerConfigKeys (ConfUtils.java:logGet(43)) - raft.server.log.use.memory = false (default)
2019-07-13 07:25:04,031 INFO  server.RaftServerConfigKeys (ConfUtils.java:logGet(43)) - raft.server.log.appender.buffer.byte-limit = 33554432 (custom)
2019-07-13 07:25:04,031 INFO  server.RaftServerConfigKeys (ConfUtils.java:logGet(43)) - raft.server.log.use.memory = false (default)
2019-07-13 07:25:04,032 INFO  server.RaftServerConfigKeys (ConfUtils.java:logGet(43)) - raft.server.log.segment.size.max = 1048576 (custom)
2019-07-13 07:25:04,032 INFO  server.RaftServerConfigKeys (ConfUtils.java:logGet(43)) - raft.server.log.purge.gap = 1000000000 (custom)
2019-07-13 07:25:04,032 INFO  server.RaftServerConfigKeys (ConfUtils.java:logGet(43)) - raft.server.log.segment.cache.num.max = 2 (custom)
2019-07-13 07:25:04,032 INFO  server.RaftServerConfigKeys (ConfUtils.java:logGet(43)) - raft.server.log.purge.gap = 1000000000 (custom)
2019-07-13 07:25:04,032 INFO  segmented.SegmentedRaftLogWorker (SegmentedRaftLogWorker.java:<init>(172)) - new ebc3321e-a67e-4048-9fa7-beeb05df4a43-SegmentedRaftLogWorker:Storage Directory /tmp/workdir/hadoop-ozone/integration-test/target/test-dir/MiniOzoneClusterImpl-0cda291e-93d6-4d20-8c29-6d118f79bbd1/datanode-0/data/ratis/121ac2b7-4d5f-4496-a7eb-f94da6eebda4 for RaftStorage:Storage Directory /tmp/workdir/hadoop-ozone/integration-test/target/test-dir/MiniOzoneClusterImpl-0cda291e-93d6-4d20-8c29-6d118f79bbd1/datanode-0/data/ratis/121ac2b7-4d5f-4496-a7eb-f94da6eebda4
2019-07-13 07:25:04,032 INFO  server.RaftServerConfigKeys (ConfUtils.java:logGet(43)) - raft.server.log.appender.buffer.byte-limit = 33554432 (custom)
2019-07-13 07:25:04,033 INFO  server.RaftServerConfigKeys (ConfUtils.java:logGet(43)) - raft.server.log.queue.byte-limit = 2147483647 (custom)
2019-07-13 07:25:04,032 INFO  server.RaftServerConfigKeys (ConfUtils.java:logGet(43)) - raft.server.log.appender.buffer.byte-limit = 33554432 (custom)
2019-07-13 07:25:04,033 INFO  server.RaftServerConfigKeys (ConfUtils.java:logGet(43)) - raft.server.log.queue.element-limit = 1024 (custom)
2019-07-13 07:25:04,033 INFO  server.RaftServerConfigKeys (ConfUtils.java:logGet(43)) - raft.server.log.segment.size.max = 1048576 (custom)
2019-07-13 07:25:04,033 INFO  server.RaftServerConfigKeys (ConfUtils.java:logGet(43)) - raft.server.log.segment.size.max = 1048576 (custom)
2019-07-13 07:25:04,033 INFO  server.RaftServerConfigKeys (ConfUtils.java:logGet(43)) - raft.server.log.segment.size.max = 1048576 (custom)
2019-07-13 07:25:04,034 INFO  server.RaftServerConfigKeys (ConfUtils.java:logGet(43)) - raft.server.log.preallocated.size = 16384 (custom)
2019-07-13 07:25:04,034 INFO  server.RaftServerConfigKeys (ConfUtils.java:logGet(43)) - raft.server.log.write.buffer.size = 33554432 (custom)
2019-07-13 07:25:04,033 INFO  server.RaftServerConfigKeys (ConfUtils.java:logGet(43)) - raft.server.log.segment.cache.num.max = 2 (custom)
2019-07-13 07:25:04,034 INFO  server.RaftServerConfigKeys (ConfUtils.java:logGet(43)) - raft.server.log.force.sync.num = 128 (default)
2019-07-13 07:25:04,034 INFO  server.RaftServerConfigKeys (ConfUtils.java:logGet(43)) - raft.server.log.statemachine.data.sync = true (default)
2019-07-13 07:25:04,034 INFO  server.RaftServerConfigKeys (ConfUtils.java:logGet(43)) - raft.server.log.segment.cache.num.max = 2 (custom)
2019-07-13 07:25:04,034 INFO  server.RaftServerConfigKeys (ConfUtils.java:logGet(43)) - raft.server.log.statemachine.data.sync.timeout = 10s (default)
2019-07-13 07:25:04,035 INFO  server.RaftServerConfigKeys (ConfUtils.java:logGet(43)) - raft.server.log.statemachine.data.sync.timeout.retry = -1 (default)
2019-07-13 07:25:04,034 INFO  segmented.SegmentedRaftLogWorker (SegmentedRaftLogWorker.java:<init>(172)) - new 081e239d-284e-44f2-be8f-6052e512c341-SegmentedRaftLogWorker:Storage Directory /tmp/workdir/hadoop-ozone/integration-test/target/test-dir/MiniOzoneClusterImpl-0cda291e-93d6-4d20-8c29-6d118f79bbd1/datanode-2/data/ratis/121ac2b7-4d5f-4496-a7eb-f94da6eebda4 for RaftStorage:Storage Directory /tmp/workdir/hadoop-ozone/integration-test/target/test-dir/MiniOzoneClusterImpl-0cda291e-93d6-4d20-8c29-6d118f79bbd1/datanode-2/data/ratis/121ac2b7-4d5f-4496-a7eb-f94da6eebda4
2019-07-13 07:25:04,035 INFO  server.RaftServerConfigKeys (ConfUtils.java:logGet(43)) - raft.server.log.statemachine.data.caching.enabled = true (custom)
2019-07-13 07:25:04,035 INFO  segmented.SegmentedRaftLogWorker (SegmentedRaftLogWorker.java:<init>(172)) - new 41b9c1bd-cf21-4c7a-8d7a-e228988eafd6-SegmentedRaftLogWorker:Storage Directory /tmp/workdir/hadoop-ozone/integration-test/target/test-dir/MiniOzoneClusterImpl-0cda291e-93d6-4d20-8c29-6d118f79bbd1/datanode-1/data/ratis/121ac2b7-4d5f-4496-a7eb-f94da6eebda4 for RaftStorage:Storage Directory /tmp/workdir/hadoop-ozone/integration-test/target/test-dir/MiniOzoneClusterImpl-0cda291e-93d6-4d20-8c29-6d118f79bbd1/datanode-1/data/ratis/121ac2b7-4d5f-4496-a7eb-f94da6eebda4
2019-07-13 07:25:04,035 INFO  segmented.SegmentedRaftLogWorker (SegmentedRaftLogWorker.java:lambda$new$0(132)) - ebc3321e-a67e-4048-9fa7-beeb05df4a43-SegmentedRaftLogWorker:Storage Directory /tmp/workdir/hadoop-ozone/integration-test/target/test-dir/MiniOzoneClusterImpl-0cda291e-93d6-4d20-8c29-6d118f79bbd1/datanode-0/data/ratis/121ac2b7-4d5f-4496-a7eb-f94da6eebda4: flushIndex: setUnconditionally 0 -> -1
2019-07-13 07:25:04,035 INFO  server.RaftServerConfigKeys (ConfUtils.java:logGet(43)) - raft.server.log.queue.byte-limit = 2147483647 (custom)
2019-07-13 07:25:04,035 INFO  server.RaftServerConfigKeys (ConfUtils.java:logGet(43)) - raft.server.log.queue.byte-limit = 2147483647 (custom)
2019-07-13 07:25:04,036 INFO  server.RaftServerConfigKeys (ConfUtils.java:logGet(43)) - raft.server.snapshot.auto.trigger.enabled = true (custom)
2019-07-13 07:25:04,036 INFO  server.RaftServerConfigKeys (ConfUtils.java:logGet(43)) - raft.server.log.queue.element-limit = 1024 (custom)
2019-07-13 07:25:04,036 INFO  server.RaftServerConfigKeys (ConfUtils.java:logGet(43)) - raft.server.snapshot.auto.trigger.threshold = 10000 (custom)
2019-07-13 07:25:04,036 INFO  server.RaftServerConfigKeys (ConfUtils.java:logGet(43)) - raft.server.log.queue.element-limit = 1024 (custom)
2019-07-13 07:25:04,036 INFO  server.RaftServerConfigKeys (ConfUtils.java:logGet(43)) - raft.server.retrycache.expirytime = 600000ms (custom)
2019-07-13 07:25:04,036 INFO  server.RaftServerConfigKeys (ConfUtils.java:logGet(43)) - raft.server.log.segment.size.max = 1048576 (custom)
2019-07-13 07:25:04,037 INFO  impl.RaftServerImpl (RaftServerImpl.java:start(180)) - ebc3321e-a67e-4048-9fa7-beeb05df4a43: start group-F94DA6EEBDA4
2019-07-13 07:25:04,036 INFO  server.RaftServerConfigKeys (ConfUtils.java:logGet(43)) - raft.server.log.segment.size.max = 1048576 (custom)
2019-07-13 07:25:04,037 INFO  impl.RaftServerImpl (RaftServerImpl.java:setRole(171)) - ebc3321e-a67e-4048-9fa7-beeb05df4a43:group-F94DA6EEBDA4 changes role from null to FOLLOWER at term 0 for startAsFollower
2019-07-13 07:25:04,037 INFO  impl.RoleInfo (RoleInfo.java:updateAndGet(143)) - ebc3321e-a67e-4048-9fa7-beeb05df4a43: start FollowerState
2019-07-13 07:25:04,037 INFO  server.RaftServerConfigKeys (ConfUtils.java:logGet(43)) - raft.server.log.preallocated.size = 16384 (custom)
2019-07-13 07:25:04,037 INFO  server.RaftServerConfigKeys (ConfUtils.java:logGet(43)) - raft.server.log.preallocated.size = 16384 (custom)
2019-07-13 07:25:04,038 INFO  util.JmxRegister (JmxRegister.java:tryRegister(44)) - Successfully registered JMX Bean with object name Ratis:service=RaftServer,group=group-F94DA6EEBDA4,id=ebc3321e-a67e-4048-9fa7-beeb05df4a43
2019-07-13 07:25:04,038 INFO  server.RaftServerConfigKeys (ConfUtils.java:logGet(43)) - raft.server.log.write.buffer.size = 33554432 (custom)
2019-07-13 07:25:04,038 INFO  server.RaftServerConfigKeys (ConfUtils.java:logGet(43)) - raft.server.log.write.buffer.size = 33554432 (custom)
2019-07-13 07:25:04,038 INFO  server.RaftServerConfigKeys (ConfUtils.java:logGet(43)) - raft.server.log.force.sync.num = 128 (default)
2019-07-13 07:25:04,038 INFO  server.RaftServerConfigKeys (ConfUtils.java:logGet(43)) - raft.server.log.force.sync.num = 128 (default)
2019-07-13 07:25:04,039 INFO  server.RaftServerConfigKeys (ConfUtils.java:logGet(43)) - raft.server.log.statemachine.data.sync = true (default)
2019-07-13 07:25:04,039 INFO  server.RaftServerConfigKeys (ConfUtils.java:logGet(43)) - raft.server.log.statemachine.data.sync = true (default)
2019-07-13 07:25:04,039 INFO  server.RaftServerConfigKeys (ConfUtils.java:logGet(43)) - raft.server.log.statemachine.data.sync.timeout = 10s (default)
2019-07-13 07:25:04,039 INFO  server.RaftServerConfigKeys (ConfUtils.java:logGet(43)) - raft.server.log.statemachine.data.sync.timeout = 10s (default)
2019-07-13 07:25:04,039 INFO  server.RaftServerConfigKeys (ConfUtils.java:logGet(43)) - raft.server.log.statemachine.data.sync.timeout.retry = -1 (default)
2019-07-13 07:25:04,039 INFO  server.RaftServerConfigKeys (ConfUtils.java:logGet(43)) - raft.server.log.statemachine.data.sync.timeout.retry = -1 (default)
2019-07-13 07:25:04,040 INFO  server.RaftServerConfigKeys (ConfUtils.java:logGet(43)) - raft.server.log.statemachine.data.caching.enabled = true (custom)
2019-07-13 07:25:04,040 INFO  server.RaftServerConfigKeys (ConfUtils.java:logGet(43)) - raft.server.log.statemachine.data.caching.enabled = true (custom)
2019-07-13 07:25:04,040 INFO  segmented.SegmentedRaftLogWorker (SegmentedRaftLogWorker.java:lambda$new$0(132)) - 081e239d-284e-44f2-be8f-6052e512c341-SegmentedRaftLogWorker:Storage Directory /tmp/workdir/hadoop-ozone/integration-test/target/test-dir/MiniOzoneClusterImpl-0cda291e-93d6-4d20-8c29-6d118f79bbd1/datanode-2/data/ratis/121ac2b7-4d5f-4496-a7eb-f94da6eebda4: flushIndex: setUnconditionally 0 -> -1
2019-07-13 07:25:04,040 INFO  segmented.SegmentedRaftLogWorker (SegmentedRaftLogWorker.java:lambda$new$0(132)) - 41b9c1bd-cf21-4c7a-8d7a-e228988eafd6-SegmentedRaftLogWorker:Storage Directory /tmp/workdir/hadoop-ozone/integration-test/target/test-dir/MiniOzoneClusterImpl-0cda291e-93d6-4d20-8c29-6d118f79bbd1/datanode-1/data/ratis/121ac2b7-4d5f-4496-a7eb-f94da6eebda4: flushIndex: setUnconditionally 0 -> -1
2019-07-13 07:25:04,040 INFO  server.RaftServerConfigKeys (ConfUtils.java:logGet(43)) - raft.server.snapshot.auto.trigger.enabled = true (custom)
2019-07-13 07:25:04,041 INFO  server.RaftServerConfigKeys (ConfUtils.java:logGet(43)) - raft.server.snapshot.auto.trigger.threshold = 10000 (custom)
2019-07-13 07:25:04,041 INFO  server.RaftServerConfigKeys (ConfUtils.java:logGet(43)) - raft.server.snapshot.auto.trigger.enabled = true (custom)
2019-07-13 07:25:04,041 INFO  server.RaftServerConfigKeys (ConfUtils.java:logGet(43)) - raft.server.retrycache.expirytime = 600000ms (custom)
2019-07-13 07:25:04,041 INFO  server.RaftServerConfigKeys (ConfUtils.java:logGet(43)) - raft.server.snapshot.auto.trigger.threshold = 10000 (custom)
2019-07-13 07:25:04,041 INFO  impl.RaftServerImpl (RaftServerImpl.java:start(180)) - 081e239d-284e-44f2-be8f-6052e512c341: start group-F94DA6EEBDA4
2019-07-13 07:25:04,041 INFO  server.RaftServerConfigKeys (ConfUtils.java:logGet(43)) - raft.server.retrycache.expirytime = 600000ms (custom)
2019-07-13 07:25:04,041 INFO  impl.RaftServerImpl (RaftServerImpl.java:setRole(171)) - 081e239d-284e-44f2-be8f-6052e512c341:group-F94DA6EEBDA4 changes role from null to FOLLOWER at term 0 for startAsFollower
2019-07-13 07:25:04,042 INFO  impl.RaftServerImpl (RaftServerImpl.java:start(180)) - 41b9c1bd-cf21-4c7a-8d7a-e228988eafd6: start group-F94DA6EEBDA4
2019-07-13 07:25:04,042 INFO  impl.RoleInfo (RoleInfo.java:updateAndGet(143)) - 081e239d-284e-44f2-be8f-6052e512c341: start FollowerState
2019-07-13 07:25:04,042 INFO  impl.RaftServerImpl (RaftServerImpl.java:setRole(171)) - 41b9c1bd-cf21-4c7a-8d7a-e228988eafd6:group-F94DA6EEBDA4 changes role from null to FOLLOWER at term 0 for startAsFollower
2019-07-13 07:25:04,042 INFO  impl.RoleInfo (RoleInfo.java:updateAndGet(143)) - 41b9c1bd-cf21-4c7a-8d7a-e228988eafd6: start FollowerState
2019-07-13 07:25:04,042 INFO  util.JmxRegister (JmxRegister.java:tryRegister(44)) - Successfully registered JMX Bean with object name Ratis:service=RaftServer,group=group-F94DA6EEBDA4,id=081e239d-284e-44f2-be8f-6052e512c341
2019-07-13 07:25:04,042 INFO  util.JmxRegister (JmxRegister.java:tryRegister(44)) - Successfully registered JMX Bean with object name Ratis:service=RaftServer,group=group-F94DA6EEBDA4,id=41b9c1bd-cf21-4c7a-8d7a-e228988eafd6
2019-07-13 07:25:04,045 INFO  pipeline.PipelineStateManager (PipelineStateManager.java:addPipeline(56)) - Created pipeline Pipeline[ Id: 121ac2b7-4d5f-4496-a7eb-f94da6eebda4, Nodes: 081e239d-284e-44f2-be8f-6052e512c341{ip: 192.168.69.84, host: trunk-nightly-9lh4p-2362225927, networkLocation: /default-rack, certSerialId: null}41b9c1bd-cf21-4c7a-8d7a-e228988eafd6{ip: 192.168.69.84, host: trunk-nightly-9lh4p-2362225927, networkLocation: /default-rack, certSerialId: null}ebc3321e-a67e-4048-9fa7-beeb05df4a43{ip: 192.168.69.84, host: trunk-nightly-9lh4p-2362225927, networkLocation: /default-rack, certSerialId: null}, Type:RATIS, Factor:THREE, State:OPEN]
2019-07-13 07:25:04,102 WARN  server.GrpcLogAppender (LogUtils.java:warn(134)) - 1a861c74-1484-402a-9ff9-9d6113d38ce4->c914261d-7132-4fca-86ff-e1ab4ebbf7be: Failed appendEntries: org.apache.ratis.thirdparty.io.grpc.StatusRuntimeException: UNAVAILABLE: io exception
2019-07-13 07:25:04,113 INFO  impl.FollowerInfo (FollowerInfo.java:lambda$new$0(50)) - 1a861c74-1484-402a-9ff9-9d6113d38ce4->c914261d-7132-4fca-86ff-e1ab4ebbf7be: nextIndex: updateUnconditionally 0 -> 0
2019-07-13 07:25:04,154 INFO  node.SCMNodeManager (SCMNodeManager.java:register(269)) - Registered Data node : 065c58a9-3173-4344-9164-c86366c67d3e{ip: 192.168.69.84, host: trunk-nightly-9lh4p-2362225927, networkLocation: /default-rack, certSerialId: null}
2019-07-13 07:25:04,168 INFO  impl.RaftServerProxy (RaftServerProxy.java:addNew(89)) - 065c58a9-3173-4344-9164-c86366c67d3e: addNew group-C32E38C4E4DD:[065c58a9-3173-4344-9164-c86366c67d3e:192.168.69.84:37943] returns group-C32E38C4E4DD:java.util.concurrent.CompletableFuture@1c23538b[Not completed]
2019-07-13 07:25:04,169 INFO  impl.RaftServerImpl (RaftServerImpl.java:<init>(93)) - 065c58a9-3173-4344-9164-c86366c67d3e: new RaftServerImpl for group-C32E38C4E4DD:[065c58a9-3173-4344-9164-c86366c67d3e:192.168.69.84:37943] with ContainerStateMachine:uninitialized
2019-07-13 07:25:04,169 INFO  server.RaftServerConfigKeys (ConfUtils.java:logGet(43)) - raft.server.rpc.timeout.min = 5s (custom)
2019-07-13 07:25:04,169 INFO  server.RaftServerConfigKeys (ConfUtils.java:logGet(43)) - raft.server.rpc.timeout.max = 5200ms (custom)
2019-07-13 07:25:04,169 INFO  server.RaftServerConfigKeys (ConfUtils.java:logGet(43)) - raft.server.rpcslowness.timeout = 120s (custom)
2019-07-13 07:25:04,170 INFO  server.RaftServerConfigKeys (ConfUtils.java:logGet(43)) - raft.server.sleep.deviation.threshold = 300 (default)
2019-07-13 07:25:04,170 INFO  server.RaftServerConfigKeys (ConfUtils.java:logGet(43)) - raft.server.log.appender.install.snapshot.enabled = false (custom)
2019-07-13 07:25:04,170 INFO  impl.RaftServerImpl (ServerState.java:<init>(105)) - 065c58a9-3173-4344-9164-c86366c67d3e:group-C32E38C4E4DD ConfigurationManager, init=-1: [065c58a9-3173-4344-9164-c86366c67d3e:192.168.69.84:37943], old=null, confs=<EMPTY_MAP>
2019-07-13 07:25:04,170 INFO  server.RaftServerConfigKeys (ConfUtils.java:logGet(43)) - raft.server.storage.dir = [/tmp/workdir/hadoop-ozone/integration-test/target/test-dir/MiniOzoneClusterImpl-0cda291e-93d6-4d20-8c29-6d118f79bbd1/datanode-3/data/ratis] (custom)
2019-07-13 07:25:04,170 INFO  storage.RaftStorageDirectory (RaftStorageDirectory.java:analyzeStorage(246)) - The storage directory /tmp/workdir/hadoop-ozone/integration-test/target/test-dir/MiniOzoneClusterImpl-0cda291e-93d6-4d20-8c29-6d118f79bbd1/datanode-3/data/ratis/fb0f291c-58f8-42e1-92ef-c32e38c4e4dd does not exist. Creating ...
2019-07-13 07:25:04,184 INFO  storage.RaftStorageDirectory (RaftStorageDirectory.java:tryLock(328)) - Lock on /tmp/workdir/hadoop-ozone/integration-test/target/test-dir/MiniOzoneClusterImpl-0cda291e-93d6-4d20-8c29-6d118f79bbd1/datanode-3/data/ratis/fb0f291c-58f8-42e1-92ef-c32e38c4e4dd/in_use.lock acquired by nodename 15876@trunk-nightly-9lh4p-2362225927
2019-07-13 07:25:04,198 INFO  storage.RaftStorage (RaftStorage.java:format(72)) - Storage directory /tmp/workdir/hadoop-ozone/integration-test/target/test-dir/MiniOzoneClusterImpl-0cda291e-93d6-4d20-8c29-6d118f79bbd1/datanode-3/data/ratis/fb0f291c-58f8-42e1-92ef-c32e38c4e4dd has been successfully formatted.
2019-07-13 07:25:04,198 INFO  ratis.ContainerStateMachine (ContainerStateMachine.java:loadSnapshot(200)) - The snapshot info is null.Setting the last applied index to:(t:0, i:~)
2019-07-13 07:25:04,198 INFO  server.RaftServerConfigKeys (ConfUtils.java:logGet(43)) - raft.server.leader.election.timeout = 120s (custom)
2019-07-13 07:25:04,198 INFO  server.RaftServerConfigKeys (ConfUtils.java:logGet(43)) - raft.server.log.use.memory = false (default)
2019-07-13 07:25:04,198 INFO  server.RaftServerConfigKeys (ConfUtils.java:logGet(43)) - raft.server.log.purge.gap = 1000000000 (custom)
2019-07-13 07:25:04,198 INFO  server.RaftServerConfigKeys (ConfUtils.java:logGet(43)) - raft.server.log.appender.buffer.byte-limit = 33554432 (custom)
2019-07-13 07:25:04,199 INFO  server.RaftServerConfigKeys (ConfUtils.java:logGet(43)) - raft.server.log.segment.size.max = 1048576 (custom)
2019-07-13 07:25:04,199 INFO  server.RaftServerConfigKeys (ConfUtils.java:logGet(43)) - raft.server.log.segment.cache.num.max = 2 (custom)
2019-07-13 07:25:04,199 INFO  segmented.SegmentedRaftLogWorker (SegmentedRaftLogWorker.java:<init>(172)) - new 065c58a9-3173-4344-9164-c86366c67d3e-SegmentedRaftLogWorker:Storage Directory /tmp/workdir/hadoop-ozone/integration-test/target/test-dir/MiniOzoneClusterImpl-0cda291e-93d6-4d20-8c29-6d118f79bbd1/datanode-3/data/ratis/fb0f291c-58f8-42e1-92ef-c32e38c4e4dd for RaftStorage:Storage Directory /tmp/workdir/hadoop-ozone/integration-test/target/test-dir/MiniOzoneClusterImpl-0cda291e-93d6-4d20-8c29-6d118f79bbd1/datanode-3/data/ratis/fb0f291c-58f8-42e1-92ef-c32e38c4e4dd
2019-07-13 07:25:04,199 INFO  server.RaftServerConfigKeys (ConfUtils.java:logGet(43)) - raft.server.log.queue.byte-limit = 2147483647 (custom)
2019-07-13 07:25:04,199 INFO  server.RaftServerConfigKeys (ConfUtils.java:logGet(43)) - raft.server.log.queue.element-limit = 1024 (custom)
2019-07-13 07:25:04,200 INFO  server.RaftServerConfigKeys (ConfUtils.java:logGet(43)) - raft.server.log.segment.size.max = 1048576 (custom)
2019-07-13 07:25:04,200 INFO  server.RaftServerConfigKeys (ConfUtils.java:logGet(43)) - raft.server.log.preallocated.size = 16384 (custom)
2019-07-13 07:25:04,200 INFO  server.RaftServerConfigKeys (ConfUtils.java:logGet(43)) - raft.server.log.write.buffer.size = 33554432 (custom)
2019-07-13 07:25:04,200 INFO  server.RaftServerConfigKeys (ConfUtils.java:logGet(43)) - raft.server.log.force.sync.num = 128 (default)
2019-07-13 07:25:04,200 INFO  server.RaftServerConfigKeys (ConfUtils.java:logGet(43)) - raft.server.log.statemachine.data.sync = true (default)
2019-07-13 07:25:04,200 INFO  server.RaftServerConfigKeys (ConfUtils.java:logGet(43)) - raft.server.log.statemachine.data.sync.timeout = 10s (default)
2019-07-13 07:25:04,200 INFO  server.RaftServerConfigKeys (ConfUtils.java:logGet(43)) - raft.server.log.statemachine.data.sync.timeout.retry = -1 (default)
2019-07-13 07:25:04,201 INFO  server.RaftServerConfigKeys (ConfUtils.java:logGet(43)) - raft.server.log.statemachine.data.caching.enabled = true (custom)
2019-07-13 07:25:04,201 INFO  segmented.SegmentedRaftLogWorker (SegmentedRaftLogWorker.java:lambda$new$0(132)) - 065c58a9-3173-4344-9164-c86366c67d3e-SegmentedRaftLogWorker:Storage Directory /tmp/workdir/hadoop-ozone/integration-test/target/test-dir/MiniOzoneClusterImpl-0cda291e-93d6-4d20-8c29-6d118f79bbd1/datanode-3/data/ratis/fb0f291c-58f8-42e1-92ef-c32e38c4e4dd: flushIndex: setUnconditionally 0 -> -1
2019-07-13 07:25:04,201 INFO  server.RaftServerConfigKeys (ConfUtils.java:logGet(43)) - raft.server.snapshot.auto.trigger.enabled = true (custom)
2019-07-13 07:25:04,202 INFO  server.RaftServerConfigKeys (ConfUtils.java:logGet(43)) - raft.server.snapshot.auto.trigger.threshold = 10000 (custom)
2019-07-13 07:25:04,202 INFO  server.RaftServerConfigKeys (ConfUtils.java:logGet(43)) - raft.server.retrycache.expirytime = 600000ms (custom)
2019-07-13 07:25:04,202 INFO  impl.RaftServerImpl (RaftServerImpl.java:start(180)) - 065c58a9-3173-4344-9164-c86366c67d3e: start group-C32E38C4E4DD
2019-07-13 07:25:04,202 INFO  impl.RaftServerImpl (RaftServerImpl.java:setRole(171)) - 065c58a9-3173-4344-9164-c86366c67d3e:group-C32E38C4E4DD changes role from null to FOLLOWER at term 0 for startAsFollower
2019-07-13 07:25:04,202 INFO  impl.RoleInfo (RoleInfo.java:updateAndGet(143)) - 065c58a9-3173-4344-9164-c86366c67d3e: start FollowerState
2019-07-13 07:25:04,203 INFO  util.JmxRegister (JmxRegister.java:tryRegister(44)) - Successfully registered JMX Bean with object name Ratis:service=RaftServer,group=group-C32E38C4E4DD,id=065c58a9-3173-4344-9164-c86366c67d3e
2019-07-13 07:25:04,205 INFO  pipeline.PipelineStateManager (PipelineStateManager.java:addPipeline(56)) - Created pipeline Pipeline[ Id: fb0f291c-58f8-42e1-92ef-c32e38c4e4dd, Nodes: 065c58a9-3173-4344-9164-c86366c67d3e{ip: 192.168.69.84, host: trunk-nightly-9lh4p-2362225927, networkLocation: /default-rack, certSerialId: null}, Type:RATIS, Factor:ONE, State:OPEN]
2019-07-13 07:25:04,366 INFO  node.SCMNodeManager (SCMNodeManager.java:register(269)) - Registered Data node : bedd0106-2caf-44e8-be25-b5cd250d796d{ip: 192.168.69.84, host: trunk-nightly-9lh4p-2362225927, networkLocation: /default-rack, certSerialId: null}
2019-07-13 07:25:04,381 INFO  impl.RaftServerProxy (RaftServerProxy.java:addNew(89)) - bedd0106-2caf-44e8-be25-b5cd250d796d: addNew group-EE8906C78214:[bedd0106-2caf-44e8-be25-b5cd250d796d:192.168.69.84:43390] returns group-EE8906C78214:java.util.concurrent.CompletableFuture@38a0affc[Not completed]
2019-07-13 07:25:04,382 INFO  impl.RaftServerImpl (RaftServerImpl.java:<init>(93)) - bedd0106-2caf-44e8-be25-b5cd250d796d: new RaftServerImpl for group-EE8906C78214:[bedd0106-2caf-44e8-be25-b5cd250d796d:192.168.69.84:43390] with ContainerStateMachine:uninitialized
2019-07-13 07:25:04,382 INFO  server.RaftServerConfigKeys (ConfUtils.java:logGet(43)) - raft.server.rpc.timeout.min = 5s (custom)
2019-07-13 07:25:04,382 INFO  server.RaftServerConfigKeys (ConfUtils.java:logGet(43)) - raft.server.rpc.timeout.max = 5200ms (custom)
2019-07-13 07:25:04,382 INFO  server.RaftServerConfigKeys (ConfUtils.java:logGet(43)) - raft.server.rpcslowness.timeout = 120s (custom)
2019-07-13 07:25:04,382 INFO  server.RaftServerConfigKeys (ConfUtils.java:logGet(43)) - raft.server.sleep.deviation.threshold = 300 (default)
2019-07-13 07:25:04,382 INFO  server.RaftServerConfigKeys (ConfUtils.java:logGet(43)) - raft.server.log.appender.install.snapshot.enabled = false (custom)
2019-07-13 07:25:04,383 INFO  impl.RaftServerImpl (ServerState.java:<init>(105)) - bedd0106-2caf-44e8-be25-b5cd250d796d:group-EE8906C78214 ConfigurationManager, init=-1: [bedd0106-2caf-44e8-be25-b5cd250d796d:192.168.69.84:43390], old=null, confs=<EMPTY_MAP>
2019-07-13 07:25:04,383 INFO  server.RaftServerConfigKeys (ConfUtils.java:logGet(43)) - raft.server.storage.dir = [/tmp/workdir/hadoop-ozone/integration-test/target/test-dir/MiniOzoneClusterImpl-0cda291e-93d6-4d20-8c29-6d118f79bbd1/datanode-4/data/ratis] (custom)
2019-07-13 07:25:04,383 INFO  storage.RaftStorageDirectory (RaftStorageDirectory.java:analyzeStorage(246)) - The storage directory /tmp/workdir/hadoop-ozone/integration-test/target/test-dir/MiniOzoneClusterImpl-0cda291e-93d6-4d20-8c29-6d118f79bbd1/datanode-4/data/ratis/6eb52c8e-6a44-4da2-a2e1-ee8906c78214 does not exist. Creating ...
2019-07-13 07:25:04,397 INFO  storage.RaftStorageDirectory (RaftStorageDirectory.java:tryLock(328)) - Lock on /tmp/workdir/hadoop-ozone/integration-test/target/test-dir/MiniOzoneClusterImpl-0cda291e-93d6-4d20-8c29-6d118f79bbd1/datanode-4/data/ratis/6eb52c8e-6a44-4da2-a2e1-ee8906c78214/in_use.lock acquired by nodename 15876@trunk-nightly-9lh4p-2362225927
2019-07-13 07:25:04,410 INFO  storage.RaftStorage (RaftStorage.java:format(72)) - Storage directory /tmp/workdir/hadoop-ozone/integration-test/target/test-dir/MiniOzoneClusterImpl-0cda291e-93d6-4d20-8c29-6d118f79bbd1/datanode-4/data/ratis/6eb52c8e-6a44-4da2-a2e1-ee8906c78214 has been successfully formatted.
2019-07-13 07:25:04,410 INFO  ratis.ContainerStateMachine (ContainerStateMachine.java:loadSnapshot(200)) - The snapshot info is null.Setting the last applied index to:(t:0, i:~)
2019-07-13 07:25:04,411 INFO  server.RaftServerConfigKeys (ConfUtils.java:logGet(43)) - raft.server.leader.election.timeout = 120s (custom)
2019-07-13 07:25:04,411 INFO  server.RaftServerConfigKeys (ConfUtils.java:logGet(43)) - raft.server.log.use.memory = false (default)
2019-07-13 07:25:04,411 INFO  server.RaftServerConfigKeys (ConfUtils.java:logGet(43)) - raft.server.log.purge.gap = 1000000000 (custom)
2019-07-13 07:25:04,411 INFO  server.RaftServerConfigKeys (ConfUtils.java:logGet(43)) - raft.server.log.appender.buffer.byte-limit = 33554432 (custom)
2019-07-13 07:25:04,411 INFO  server.RaftServerConfigKeys (ConfUtils.java:logGet(43)) - raft.server.log.segment.size.max = 1048576 (custom)
2019-07-13 07:25:04,411 INFO  server.RaftServerConfigKeys (ConfUtils.java:logGet(43)) - raft.server.log.segment.cache.num.max = 2 (custom)
2019-07-13 07:25:04,411 INFO  segmented.SegmentedRaftLogWorker (SegmentedRaftLogWorker.java:<init>(172)) - new bedd0106-2caf-44e8-be25-b5cd250d796d-SegmentedRaftLogWorker:Storage Directory /tmp/workdir/hadoop-ozone/integration-test/target/test-dir/MiniOzoneClusterImpl-0cda291e-93d6-4d20-8c29-6d118f79bbd1/datanode-4/data/ratis/6eb52c8e-6a44-4da2-a2e1-ee8906c78214 for RaftStorage:Storage Directory /tmp/workdir/hadoop-ozone/integration-test/target/test-dir/MiniOzoneClusterImpl-0cda291e-93d6-4d20-8c29-6d118f79bbd1/datanode-4/data/ratis/6eb52c8e-6a44-4da2-a2e1-ee8906c78214
2019-07-13 07:25:04,412 INFO  server.RaftServerConfigKeys (ConfUtils.java:logGet(43)) - raft.server.log.queue.byte-limit = 2147483647 (custom)
2019-07-13 07:25:04,412 INFO  server.RaftServerConfigKeys (ConfUtils.java:logGet(43)) - raft.server.log.queue.element-limit = 1024 (custom)
2019-07-13 07:25:04,412 INFO  server.RaftServerConfigKeys (ConfUtils.java:logGet(43)) - raft.server.log.segment.size.max = 1048576 (custom)
2019-07-13 07:25:04,412 INFO  server.RaftServerConfigKeys (ConfUtils.java:logGet(43)) - raft.server.log.preallocated.size = 16384 (custom)
2019-07-13 07:25:04,412 INFO  server.RaftServerConfigKeys (ConfUtils.java:logGet(43)) - raft.server.log.write.buffer.size = 33554432 (custom)
2019-07-13 07:25:04,412 INFO  server.RaftServerConfigKeys (ConfUtils.java:logGet(43)) - raft.server.log.force.sync.num = 128 (default)
2019-07-13 07:25:04,413 INFO  server.RaftServerConfigKeys (ConfUtils.java:logGet(43)) - raft.server.log.statemachine.data.sync = true (default)
2019-07-13 07:25:04,413 INFO  server.RaftServerConfigKeys (ConfUtils.java:logGet(43)) - raft.server.log.statemachine.data.sync.timeout = 10s (default)
2019-07-13 07:25:04,413 INFO  server.RaftServerConfigKeys (ConfUtils.java:logGet(43)) - raft.server.log.statemachine.data.sync.timeout.retry = -1 (default)
2019-07-13 07:25:04,413 INFO  server.RaftServerConfigKeys (ConfUtils.java:logGet(43)) - raft.server.log.statemachine.data.caching.enabled = true (custom)
2019-07-13 07:25:04,414 INFO  segmented.SegmentedRaftLogWorker (SegmentedRaftLogWorker.java:lambda$new$0(132)) - bedd0106-2caf-44e8-be25-b5cd250d796d-SegmentedRaftLogWorker:Storage Directory /tmp/workdir/hadoop-ozone/integration-test/target/test-dir/MiniOzoneClusterImpl-0cda291e-93d6-4d20-8c29-6d118f79bbd1/datanode-4/data/ratis/6eb52c8e-6a44-4da2-a2e1-ee8906c78214: flushIndex: setUnconditionally 0 -> -1
2019-07-13 07:25:04,414 INFO  server.RaftServerConfigKeys (ConfUtils.java:logGet(43)) - raft.server.snapshot.auto.trigger.enabled = true (custom)
2019-07-13 07:25:04,414 INFO  server.RaftServerConfigKeys (ConfUtils.java:logGet(43)) - raft.server.snapshot.auto.trigger.threshold = 10000 (custom)
2019-07-13 07:25:04,414 INFO  server.RaftServerConfigKeys (ConfUtils.java:logGet(43)) - raft.server.retrycache.expirytime = 600000ms (custom)
2019-07-13 07:25:04,414 INFO  impl.RaftServerImpl (RaftServerImpl.java:start(180)) - bedd0106-2caf-44e8-be25-b5cd250d796d: start group-EE8906C78214
2019-07-13 07:25:04,415 INFO  impl.RaftServerImpl (RaftServerImpl.java:setRole(171)) - bedd0106-2caf-44e8-be25-b5cd250d796d:group-EE8906C78214 changes role from null to FOLLOWER at term 0 for startAsFollower
2019-07-13 07:25:04,415 INFO  impl.RoleInfo (RoleInfo.java:updateAndGet(143)) - bedd0106-2caf-44e8-be25-b5cd250d796d: start FollowerState
2019-07-13 07:25:04,463 INFO  util.JmxRegister (JmxRegister.java:tryRegister(44)) - Successfully registered JMX Bean with object name Ratis:service=RaftServer,group=group-EE8906C78214,id=bedd0106-2caf-44e8-be25-b5cd250d796d
2019-07-13 07:25:04,488 INFO  pipeline.PipelineStateManager (PipelineStateManager.java:addPipeline(56)) - Created pipeline Pipeline[ Id: 6eb52c8e-6a44-4da2-a2e1-ee8906c78214, Nodes: bedd0106-2caf-44e8-be25-b5cd250d796d{ip: 192.168.69.84, host: trunk-nightly-9lh4p-2362225927, networkLocation: /default-rack, certSerialId: null}, Type:RATIS, Factor:ONE, State:OPEN]
2019-07-13 07:25:04,570 INFO  ozone.MiniOzoneClusterImpl (MiniOzoneClusterImpl.java:lambda$waitForClusterToBeReady$0(142)) - Waiting for cluster to be ready. Got 5 of 6 DN Heartbeats.
2019-07-13 07:25:04,571 INFO  node.SCMNodeManager (SCMNodeManager.java:register(269)) - Registered Data node : 13b5e0e7-42b7-4760-b7b7-d2ff82d10736{ip: 192.168.69.84, host: trunk-nightly-9lh4p-2362225927, networkLocation: /default-rack, certSerialId: null}
2019-07-13 07:25:04,586 INFO  impl.RaftServerProxy (RaftServerProxy.java:addNew(89)) - 13b5e0e7-42b7-4760-b7b7-d2ff82d10736: addNew group-97A72F4C62BC:[13b5e0e7-42b7-4760-b7b7-d2ff82d10736:192.168.69.84:39462] returns group-97A72F4C62BC:java.util.concurrent.CompletableFuture@3dc7b1bc[Not completed]
2019-07-13 07:25:04,587 INFO  impl.RaftServerImpl (RaftServerImpl.java:<init>(93)) - 13b5e0e7-42b7-4760-b7b7-d2ff82d10736: new RaftServerImpl for group-97A72F4C62BC:[13b5e0e7-42b7-4760-b7b7-d2ff82d10736:192.168.69.84:39462] with ContainerStateMachine:uninitialized
2019-07-13 07:25:04,587 INFO  server.RaftServerConfigKeys (ConfUtils.java:logGet(43)) - raft.server.rpc.timeout.min = 5s (custom)
2019-07-13 07:25:04,587 INFO  server.RaftServerConfigKeys (ConfUtils.java:logGet(43)) - raft.server.rpc.timeout.max = 5200ms (custom)
2019-07-13 07:25:04,587 INFO  server.RaftServerConfigKeys (ConfUtils.java:logGet(43)) - raft.server.rpcslowness.timeout = 120s (custom)
2019-07-13 07:25:04,587 INFO  server.RaftServerConfigKeys (ConfUtils.java:logGet(43)) - raft.server.sleep.deviation.threshold = 300 (default)
2019-07-13 07:25:04,587 INFO  server.RaftServerConfigKeys (ConfUtils.java:logGet(43)) - raft.server.log.appender.install.snapshot.enabled = false (custom)
2019-07-13 07:25:04,588 INFO  impl.RaftServerImpl (ServerState.java:<init>(105)) - 13b5e0e7-42b7-4760-b7b7-d2ff82d10736:group-97A72F4C62BC ConfigurationManager, init=-1: [13b5e0e7-42b7-4760-b7b7-d2ff82d10736:192.168.69.84:39462], old=null, confs=<EMPTY_MAP>
2019-07-13 07:25:04,588 INFO  server.RaftServerConfigKeys (ConfUtils.java:logGet(43)) - raft.server.storage.dir = [/tmp/workdir/hadoop-ozone/integration-test/target/test-dir/MiniOzoneClusterImpl-0cda291e-93d6-4d20-8c29-6d118f79bbd1/datanode-5/data/ratis] (custom)
2019-07-13 07:25:04,588 INFO  storage.RaftStorageDirectory (RaftStorageDirectory.java:analyzeStorage(246)) - The storage directory /tmp/workdir/hadoop-ozone/integration-test/target/test-dir/MiniOzoneClusterImpl-0cda291e-93d6-4d20-8c29-6d118f79bbd1/datanode-5/data/ratis/30f3f72c-9126-43d2-a1b0-97a72f4c62bc does not exist. Creating ...
2019-07-13 07:25:04,602 INFO  storage.RaftStorageDirectory (RaftStorageDirectory.java:tryLock(328)) - Lock on /tmp/workdir/hadoop-ozone/integration-test/target/test-dir/MiniOzoneClusterImpl-0cda291e-93d6-4d20-8c29-6d118f79bbd1/datanode-5/data/ratis/30f3f72c-9126-43d2-a1b0-97a72f4c62bc/in_use.lock acquired by nodename 15876@trunk-nightly-9lh4p-2362225927
2019-07-13 07:25:04,623 INFO  storage.RaftStorage (RaftStorage.java:format(72)) - Storage directory /tmp/workdir/hadoop-ozone/integration-test/target/test-dir/MiniOzoneClusterImpl-0cda291e-93d6-4d20-8c29-6d118f79bbd1/datanode-5/data/ratis/30f3f72c-9126-43d2-a1b0-97a72f4c62bc has been successfully formatted.
2019-07-13 07:25:04,623 INFO  ratis.ContainerStateMachine (ContainerStateMachine.java:loadSnapshot(200)) - The snapshot info is null.Setting the last applied index to:(t:0, i:~)
2019-07-13 07:25:04,623 INFO  server.RaftServerConfigKeys (ConfUtils.java:logGet(43)) - raft.server.leader.election.timeout = 120s (custom)
2019-07-13 07:25:04,623 INFO  server.RaftServerConfigKeys (ConfUtils.java:logGet(43)) - raft.server.log.use.memory = false (default)
2019-07-13 07:25:04,623 INFO  server.RaftServerConfigKeys (ConfUtils.java:logGet(43)) - raft.server.log.purge.gap = 1000000000 (custom)
2019-07-13 07:25:04,624 INFO  server.RaftServerConfigKeys (ConfUtils.java:logGet(43)) - raft.server.log.appender.buffer.byte-limit = 33554432 (custom)
2019-07-13 07:25:04,624 INFO  server.RaftServerConfigKeys (ConfUtils.java:logGet(43)) - raft.server.log.segment.size.max = 1048576 (custom)
2019-07-13 07:25:04,624 INFO  server.RaftServerConfigKeys (ConfUtils.java:logGet(43)) - raft.server.log.segment.cache.num.max = 2 (custom)
2019-07-13 07:25:04,624 INFO  segmented.SegmentedRaftLogWorker (SegmentedRaftLogWorker.java:<init>(172)) - new 13b5e0e7-42b7-4760-b7b7-d2ff82d10736-SegmentedRaftLogWorker:Storage Directory /tmp/workdir/hadoop-ozone/integration-test/target/test-dir/MiniOzoneClusterImpl-0cda291e-93d6-4d20-8c29-6d118f79bbd1/datanode-5/data/ratis/30f3f72c-9126-43d2-a1b0-97a72f4c62bc for RaftStorage:Storage Directory /tmp/workdir/hadoop-ozone/integration-test/target/test-dir/MiniOzoneClusterImpl-0cda291e-93d6-4d20-8c29-6d118f79bbd1/datanode-5/data/ratis/30f3f72c-9126-43d2-a1b0-97a72f4c62bc
2019-07-13 07:25:04,624 INFO  server.RaftServerConfigKeys (ConfUtils.java:logGet(43)) - raft.server.log.queue.byte-limit = 2147483647 (custom)
2019-07-13 07:25:04,624 INFO  server.RaftServerConfigKeys (ConfUtils.java:logGet(43)) - raft.server.log.queue.element-limit = 1024 (custom)
2019-07-13 07:25:04,625 INFO  server.RaftServerConfigKeys (ConfUtils.java:logGet(43)) - raft.server.log.segment.size.max = 1048576 (custom)
2019-07-13 07:25:04,625 INFO  server.RaftServerConfigKeys (ConfUtils.java:logGet(43)) - raft.server.log.preallocated.size = 16384 (custom)
2019-07-13 07:25:04,625 INFO  server.RaftServerConfigKeys (ConfUtils.java:logGet(43)) - raft.server.log.write.buffer.size = 33554432 (custom)
2019-07-13 07:25:04,625 INFO  server.RaftServerConfigKeys (ConfUtils.java:logGet(43)) - raft.server.log.force.sync.num = 128 (default)
2019-07-13 07:25:04,625 INFO  server.RaftServerConfigKeys (ConfUtils.java:logGet(43)) - raft.server.log.statemachine.data.sync = true (default)
2019-07-13 07:25:04,625 INFO  server.RaftServerConfigKeys (ConfUtils.java:logGet(43)) - raft.server.log.statemachine.data.sync.timeout = 10s (default)
2019-07-13 07:25:04,625 INFO  server.RaftServerConfigKeys (ConfUtils.java:logGet(43)) - raft.server.log.statemachine.data.sync.timeout.retry = -1 (default)
2019-07-13 07:25:04,626 INFO  server.RaftServerConfigKeys (ConfUtils.java:logGet(43)) - raft.server.log.statemachine.data.caching.enabled = true (custom)
2019-07-13 07:25:04,626 INFO  segmented.SegmentedRaftLogWorker (SegmentedRaftLogWorker.java:lambda$new$0(132)) - 13b5e0e7-42b7-4760-b7b7-d2ff82d10736-SegmentedRaftLogWorker:Storage Directory /tmp/workdir/hadoop-ozone/integration-test/target/test-dir/MiniOzoneClusterImpl-0cda291e-93d6-4d20-8c29-6d118f79bbd1/datanode-5/data/ratis/30f3f72c-9126-43d2-a1b0-97a72f4c62bc: flushIndex: setUnconditionally 0 -> -1
2019-07-13 07:25:04,626 INFO  server.RaftServerConfigKeys (ConfUtils.java:logGet(43)) - raft.server.snapshot.auto.trigger.enabled = true (custom)
2019-07-13 07:25:04,626 INFO  server.RaftServerConfigKeys (ConfUtils.java:logGet(43)) - raft.server.snapshot.auto.trigger.threshold = 10000 (custom)
2019-07-13 07:25:04,627 INFO  server.RaftServerConfigKeys (ConfUtils.java:logGet(43)) - raft.server.retrycache.expirytime = 600000ms (custom)
2019-07-13 07:25:04,627 INFO  impl.RaftServerImpl (RaftServerImpl.java:start(180)) - 13b5e0e7-42b7-4760-b7b7-d2ff82d10736: start group-97A72F4C62BC
2019-07-13 07:25:04,627 INFO  impl.RaftServerImpl (RaftServerImpl.java:setRole(171)) - 13b5e0e7-42b7-4760-b7b7-d2ff82d10736:group-97A72F4C62BC changes role from null to FOLLOWER at term 0 for startAsFollower
2019-07-13 07:25:04,627 INFO  impl.RoleInfo (RoleInfo.java:updateAndGet(143)) - 13b5e0e7-42b7-4760-b7b7-d2ff82d10736: start FollowerState
2019-07-13 07:25:04,628 INFO  util.JmxRegister (JmxRegister.java:tryRegister(44)) - Successfully registered JMX Bean with object name Ratis:service=RaftServer,group=group-97A72F4C62BC,id=13b5e0e7-42b7-4760-b7b7-d2ff82d10736
2019-07-13 07:25:04,629 INFO  pipeline.PipelineStateManager (PipelineStateManager.java:addPipeline(56)) - Created pipeline Pipeline[ Id: 30f3f72c-9126-43d2-a1b0-97a72f4c62bc, Nodes: 13b5e0e7-42b7-4760-b7b7-d2ff82d10736{ip: 192.168.69.84, host: trunk-nightly-9lh4p-2362225927, networkLocation: /default-rack, certSerialId: null}, Type:RATIS, Factor:ONE, State:OPEN]
2019-07-13 07:25:04,658 INFO  impl.RaftServerProxy (RaftServerProxy.java:addNew(89)) - bedd0106-2caf-44e8-be25-b5cd250d796d: addNew group-390BE36203C9:[13b5e0e7-42b7-4760-b7b7-d2ff82d10736:192.168.69.84:39462, 065c58a9-3173-4344-9164-c86366c67d3e:192.168.69.84:37943, bedd0106-2caf-44e8-be25-b5cd250d796d:192.168.69.84:43390] returns group-390BE36203C9:java.util.concurrent.CompletableFuture@24d50468[Not completed]
2019-07-13 07:25:04,659 INFO  impl.RaftServerProxy (RaftServerProxy.java:addNew(89)) - 065c58a9-3173-4344-9164-c86366c67d3e: addNew group-390BE36203C9:[13b5e0e7-42b7-4760-b7b7-d2ff82d10736:192.168.69.84:39462, 065c58a9-3173-4344-9164-c86366c67d3e:192.168.69.84:37943, bedd0106-2caf-44e8-be25-b5cd250d796d:192.168.69.84:43390] returns group-390BE36203C9:java.util.concurrent.CompletableFuture@36c7b3b9[Not completed]
2019-07-13 07:25:04,659 INFO  impl.RaftServerProxy (RaftServerProxy.java:addNew(89)) - 13b5e0e7-42b7-4760-b7b7-d2ff82d10736: addNew group-390BE36203C9:[13b5e0e7-42b7-4760-b7b7-d2ff82d10736:192.168.69.84:39462, 065c58a9-3173-4344-9164-c86366c67d3e:192.168.69.84:37943, bedd0106-2caf-44e8-be25-b5cd250d796d:192.168.69.84:43390] returns group-390BE36203C9:java.util.concurrent.CompletableFuture@76290087[Not completed]
2019-07-13 07:25:04,659 INFO  impl.RaftServerImpl (RaftServerImpl.java:<init>(93)) - bedd0106-2caf-44e8-be25-b5cd250d796d: new RaftServerImpl for group-390BE36203C9:[13b5e0e7-42b7-4760-b7b7-d2ff82d10736:192.168.69.84:39462, 065c58a9-3173-4344-9164-c86366c67d3e:192.168.69.84:37943, bedd0106-2caf-44e8-be25-b5cd250d796d:192.168.69.84:43390] with ContainerStateMachine:uninitialized
2019-07-13 07:25:04,659 INFO  server.RaftServerConfigKeys (ConfUtils.java:logGet(43)) - raft.server.rpc.timeout.min = 5s (custom)
2019-07-13 07:25:04,659 INFO  server.RaftServerConfigKeys (ConfUtils.java:logGet(43)) - raft.server.rpc.timeout.max = 5200ms (custom)
2019-07-13 07:25:04,660 INFO  impl.RaftServerImpl (RaftServerImpl.java:<init>(93)) - 065c58a9-3173-4344-9164-c86366c67d3e: new RaftServerImpl for group-390BE36203C9:[13b5e0e7-42b7-4760-b7b7-d2ff82d10736:192.168.69.84:39462, 065c58a9-3173-4344-9164-c86366c67d3e:192.168.69.84:37943, bedd0106-2caf-44e8-be25-b5cd250d796d:192.168.69.84:43390] with ContainerStateMachine:uninitialized
2019-07-13 07:25:04,660 INFO  server.RaftServerConfigKeys (ConfUtils.java:logGet(43)) - raft.server.rpcslowness.timeout = 120s (custom)
2019-07-13 07:25:04,660 INFO  server.RaftServerConfigKeys (ConfUtils.java:logGet(43)) - raft.server.rpc.timeout.min = 5s (custom)
2019-07-13 07:25:04,660 INFO  impl.RaftServerImpl (RaftServerImpl.java:<init>(93)) - 13b5e0e7-42b7-4760-b7b7-d2ff82d10736: new RaftServerImpl for group-390BE36203C9:[13b5e0e7-42b7-4760-b7b7-d2ff82d10736:192.168.69.84:39462, 065c58a9-3173-4344-9164-c86366c67d3e:192.168.69.84:37943, bedd0106-2caf-44e8-be25-b5cd250d796d:192.168.69.84:43390] with ContainerStateMachine:uninitialized
2019-07-13 07:25:04,660 INFO  server.RaftServerConfigKeys (ConfUtils.java:logGet(43)) - raft.server.sleep.deviation.threshold = 300 (default)
2019-07-13 07:25:04,660 INFO  server.RaftServerConfigKeys (ConfUtils.java:logGet(43)) - raft.server.rpc.timeout.min = 5s (custom)
2019-07-13 07:25:04,660 INFO  server.RaftServerConfigKeys (ConfUtils.java:logGet(43)) - raft.server.rpc.timeout.max = 5200ms (custom)
2019-07-13 07:25:04,661 INFO  server.RaftServerConfigKeys (ConfUtils.java:logGet(43)) - raft.server.rpc.timeout.max = 5200ms (custom)
2019-07-13 07:25:04,661 INFO  server.RaftServerConfigKeys (ConfUtils.java:logGet(43)) - raft.server.rpcslowness.timeout = 120s (custom)
2019-07-13 07:25:04,660 INFO  server.RaftServerConfigKeys (ConfUtils.java:logGet(43)) - raft.server.log.appender.install.snapshot.enabled = false (custom)
2019-07-13 07:25:04,661 INFO  server.RaftServerConfigKeys (ConfUtils.java:logGet(43)) - raft.server.sleep.deviation.threshold = 300 (default)
2019-07-13 07:25:04,661 INFO  server.RaftServerConfigKeys (ConfUtils.java:logGet(43)) - raft.server.rpcslowness.timeout = 120s (custom)
2019-07-13 07:25:04,661 INFO  server.RaftServerConfigKeys (ConfUtils.java:logGet(43)) - raft.server.log.appender.install.snapshot.enabled = false (custom)
2019-07-13 07:25:04,661 INFO  impl.RaftServerImpl (ServerState.java:<init>(105)) - bedd0106-2caf-44e8-be25-b5cd250d796d:group-390BE36203C9 ConfigurationManager, init=-1: [13b5e0e7-42b7-4760-b7b7-d2ff82d10736:192.168.69.84:39462, 065c58a9-3173-4344-9164-c86366c67d3e:192.168.69.84:37943, bedd0106-2caf-44e8-be25-b5cd250d796d:192.168.69.84:43390], old=null, confs=<EMPTY_MAP>
2019-07-13 07:25:04,662 INFO  impl.RaftServerImpl (ServerState.java:<init>(105)) - 13b5e0e7-42b7-4760-b7b7-d2ff82d10736:group-390BE36203C9 ConfigurationManager, init=-1: [13b5e0e7-42b7-4760-b7b7-d2ff82d10736:192.168.69.84:39462, 065c58a9-3173-4344-9164-c86366c67d3e:192.168.69.84:37943, bedd0106-2caf-44e8-be25-b5cd250d796d:192.168.69.84:43390], old=null, confs=<EMPTY_MAP>
2019-07-13 07:25:04,661 INFO  server.RaftServerConfigKeys (ConfUtils.java:logGet(43)) - raft.server.sleep.deviation.threshold = 300 (default)
2019-07-13 07:25:04,662 INFO  server.RaftServerConfigKeys (ConfUtils.java:logGet(43)) - raft.server.storage.dir = [/tmp/workdir/hadoop-ozone/integration-test/target/test-dir/MiniOzoneClusterImpl-0cda291e-93d6-4d20-8c29-6d118f79bbd1/datanode-5/data/ratis] (custom)
2019-07-13 07:25:04,662 INFO  server.RaftServerConfigKeys (ConfUtils.java:logGet(43)) - raft.server.storage.dir = [/tmp/workdir/hadoop-ozone/integration-test/target/test-dir/MiniOzoneClusterImpl-0cda291e-93d6-4d20-8c29-6d118f79bbd1/datanode-4/data/ratis] (custom)
2019-07-13 07:25:04,662 INFO  server.RaftServerConfigKeys (ConfUtils.java:logGet(43)) - raft.server.log.appender.install.snapshot.enabled = false (custom)
2019-07-13 07:25:04,662 INFO  storage.RaftStorageDirectory (RaftStorageDirectory.java:analyzeStorage(246)) - The storage directory /tmp/workdir/hadoop-ozone/integration-test/target/test-dir/MiniOzoneClusterImpl-0cda291e-93d6-4d20-8c29-6d118f79bbd1/datanode-5/data/ratis/4bdb85ca-03cc-4b61-bf74-390be36203c9 does not exist. Creating ...
2019-07-13 07:25:04,662 INFO  impl.RaftServerImpl (ServerState.java:<init>(105)) - 065c58a9-3173-4344-9164-c86366c67d3e:group-390BE36203C9 ConfigurationManager, init=-1: [13b5e0e7-42b7-4760-b7b7-d2ff82d10736:192.168.69.84:39462, 065c58a9-3173-4344-9164-c86366c67d3e:192.168.69.84:37943, bedd0106-2caf-44e8-be25-b5cd250d796d:192.168.69.84:43390], old=null, confs=<EMPTY_MAP>
2019-07-13 07:25:04,663 INFO  storage.RaftStorageDirectory (RaftStorageDirectory.java:analyzeStorage(246)) - The storage directory /tmp/workdir/hadoop-ozone/integration-test/target/test-dir/MiniOzoneClusterImpl-0cda291e-93d6-4d20-8c29-6d118f79bbd1/datanode-4/data/ratis/4bdb85ca-03cc-4b61-bf74-390be36203c9 does not exist. Creating ...
2019-07-13 07:25:04,663 INFO  server.RaftServerConfigKeys (ConfUtils.java:logGet(43)) - raft.server.storage.dir = [/tmp/workdir/hadoop-ozone/integration-test/target/test-dir/MiniOzoneClusterImpl-0cda291e-93d6-4d20-8c29-6d118f79bbd1/datanode-3/data/ratis] (custom)
2019-07-13 07:25:04,663 INFO  storage.RaftStorageDirectory (RaftStorageDirectory.java:analyzeStorage(246)) - The storage directory /tmp/workdir/hadoop-ozone/integration-test/target/test-dir/MiniOzoneClusterImpl-0cda291e-93d6-4d20-8c29-6d118f79bbd1/datanode-3/data/ratis/4bdb85ca-03cc-4b61-bf74-390be36203c9 does not exist. Creating ...
2019-07-13 07:25:04,676 INFO  storage.RaftStorageDirectory (RaftStorageDirectory.java:tryLock(328)) - Lock on /tmp/workdir/hadoop-ozone/integration-test/target/test-dir/MiniOzoneClusterImpl-0cda291e-93d6-4d20-8c29-6d118f79bbd1/datanode-3/data/ratis/4bdb85ca-03cc-4b61-bf74-390be36203c9/in_use.lock acquired by nodename 15876@trunk-nightly-9lh4p-2362225927
2019-07-13 07:25:04,676 INFO  storage.RaftStorageDirectory (RaftStorageDirectory.java:tryLock(328)) - Lock on /tmp/workdir/hadoop-ozone/integration-test/target/test-dir/MiniOzoneClusterImpl-0cda291e-93d6-4d20-8c29-6d118f79bbd1/datanode-5/data/ratis/4bdb85ca-03cc-4b61-bf74-390be36203c9/in_use.lock acquired by nodename 15876@trunk-nightly-9lh4p-2362225927
2019-07-13 07:25:04,676 INFO  storage.RaftStorageDirectory (RaftStorageDirectory.java:tryLock(328)) - Lock on /tmp/workdir/hadoop-ozone/integration-test/target/test-dir/MiniOzoneClusterImpl-0cda291e-93d6-4d20-8c29-6d118f79bbd1/datanode-4/data/ratis/4bdb85ca-03cc-4b61-bf74-390be36203c9/in_use.lock acquired by nodename 15876@trunk-nightly-9lh4p-2362225927
2019-07-13 07:25:04,690 INFO  storage.RaftStorage (RaftStorage.java:format(72)) - Storage directory /tmp/workdir/hadoop-ozone/integration-test/target/test-dir/MiniOzoneClusterImpl-0cda291e-93d6-4d20-8c29-6d118f79bbd1/datanode-4/data/ratis/4bdb85ca-03cc-4b61-bf74-390be36203c9 has been successfully formatted.
2019-07-13 07:25:04,690 INFO  storage.RaftStorage (RaftStorage.java:format(72)) - Storage directory /tmp/workdir/hadoop-ozone/integration-test/target/test-dir/MiniOzoneClusterImpl-0cda291e-93d6-4d20-8c29-6d118f79bbd1/datanode-3/data/ratis/4bdb85ca-03cc-4b61-bf74-390be36203c9 has been successfully formatted.
2019-07-13 07:25:04,690 INFO  ratis.ContainerStateMachine (ContainerStateMachine.java:loadSnapshot(200)) - The snapshot info is null.Setting the last applied index to:(t:0, i:~)
2019-07-13 07:25:04,690 INFO  storage.RaftStorage (RaftStorage.java:format(72)) - Storage directory /tmp/workdir/hadoop-ozone/integration-test/target/test-dir/MiniOzoneClusterImpl-0cda291e-93d6-4d20-8c29-6d118f79bbd1/datanode-5/data/ratis/4bdb85ca-03cc-4b61-bf74-390be36203c9 has been successfully formatted.
2019-07-13 07:25:04,690 INFO  server.RaftServerConfigKeys (ConfUtils.java:logGet(43)) - raft.server.leader.election.timeout = 120s (custom)
2019-07-13 07:25:04,690 INFO  ratis.ContainerStateMachine (ContainerStateMachine.java:loadSnapshot(200)) - The snapshot info is null.Setting the last applied index to:(t:0, i:~)
2019-07-13 07:25:04,691 INFO  ratis.ContainerStateMachine (ContainerStateMachine.java:loadSnapshot(200)) - The snapshot info is null.Setting the last applied index to:(t:0, i:~)
2019-07-13 07:25:04,691 INFO  server.RaftServerConfigKeys (ConfUtils.java:logGet(43)) - raft.server.log.use.memory = false (default)
2019-07-13 07:25:04,691 INFO  server.RaftServerConfigKeys (ConfUtils.java:logGet(43)) - raft.server.leader.election.timeout = 120s (custom)
2019-07-13 07:25:04,691 INFO  server.RaftServerConfigKeys (ConfUtils.java:logGet(43)) - raft.server.log.use.memory = false (default)
2019-07-13 07:25:04,691 INFO  server.RaftServerConfigKeys (ConfUtils.java:logGet(43)) - raft.server.leader.election.timeout = 120s (custom)
2019-07-13 07:25:04,691 INFO  server.RaftServerConfigKeys (ConfUtils.java:logGet(43)) - raft.server.log.purge.gap = 1000000000 (custom)
2019-07-13 07:25:04,691 INFO  server.RaftServerConfigKeys (ConfUtils.java:logGet(43)) - raft.server.log.purge.gap = 1000000000 (custom)
2019-07-13 07:25:04,692 INFO  server.RaftServerConfigKeys (ConfUtils.java:logGet(43)) - raft.server.log.appender.buffer.byte-limit = 33554432 (custom)
2019-07-13 07:25:04,692 INFO  server.RaftServerConfigKeys (ConfUtils.java:logGet(43)) - raft.server.log.use.memory = false (default)
2019-07-13 07:25:04,692 INFO  server.RaftServerConfigKeys (ConfUtils.java:logGet(43)) - raft.server.log.segment.size.max = 1048576 (custom)
2019-07-13 07:25:04,692 INFO  server.RaftServerConfigKeys (ConfUtils.java:logGet(43)) - raft.server.log.appender.buffer.byte-limit = 33554432 (custom)
2019-07-13 07:25:04,692 INFO  server.RaftServerConfigKeys (ConfUtils.java:logGet(43)) - raft.server.log.segment.cache.num.max = 2 (custom)
2019-07-13 07:25:04,692 INFO  server.RaftServerConfigKeys (ConfUtils.java:logGet(43)) - raft.server.log.purge.gap = 1000000000 (custom)
2019-07-13 07:25:04,693 INFO  segmented.SegmentedRaftLogWorker (SegmentedRaftLogWorker.java:<init>(172)) - new 13b5e0e7-42b7-4760-b7b7-d2ff82d10736-SegmentedRaftLogWorker:Storage Directory /tmp/workdir/hadoop-ozone/integration-test/target/test-dir/MiniOzoneClusterImpl-0cda291e-93d6-4d20-8c29-6d118f79bbd1/datanode-5/data/ratis/4bdb85ca-03cc-4b61-bf74-390be36203c9 for RaftStorage:Storage Directory /tmp/workdir/hadoop-ozone/integration-test/target/test-dir/MiniOzoneClusterImpl-0cda291e-93d6-4d20-8c29-6d118f79bbd1/datanode-5/data/ratis/4bdb85ca-03cc-4b61-bf74-390be36203c9
2019-07-13 07:25:04,693 INFO  server.RaftServerConfigKeys (ConfUtils.java:logGet(43)) - raft.server.log.segment.size.max = 1048576 (custom)
2019-07-13 07:25:04,693 INFO  server.RaftServerConfigKeys (ConfUtils.java:logGet(43)) - raft.server.log.queue.byte-limit = 2147483647 (custom)
2019-07-13 07:25:04,693 INFO  server.RaftServerConfigKeys (ConfUtils.java:logGet(43)) - raft.server.log.appender.buffer.byte-limit = 33554432 (custom)
2019-07-13 07:25:04,693 INFO  server.RaftServerConfigKeys (ConfUtils.java:logGet(43)) - raft.server.log.queue.element-limit = 1024 (custom)
2019-07-13 07:25:04,693 INFO  server.RaftServerConfigKeys (ConfUtils.java:logGet(43)) - raft.server.log.segment.cache.num.max = 2 (custom)
2019-07-13 07:25:04,694 INFO  server.RaftServerConfigKeys (ConfUtils.java:logGet(43)) - raft.server.log.segment.size.max = 1048576 (custom)
2019-07-13 07:25:04,693 INFO  server.RaftServerConfigKeys (ConfUtils.java:logGet(43)) - raft.server.log.segment.size.max = 1048576 (custom)
2019-07-13 07:25:04,694 INFO  server.RaftServerConfigKeys (ConfUtils.java:logGet(43)) - raft.server.log.preallocated.size = 16384 (custom)
2019-07-13 07:25:04,694 INFO  server.RaftServerConfigKeys (ConfUtils.java:logGet(43)) - raft.server.log.write.buffer.size = 33554432 (custom)
2019-07-13 07:25:04,694 INFO  segmented.SegmentedRaftLogWorker (SegmentedRaftLogWorker.java:<init>(172)) - new bedd0106-2caf-44e8-be25-b5cd250d796d-SegmentedRaftLogWorker:Storage Directory /tmp/workdir/hadoop-ozone/integration-test/target/test-dir/MiniOzoneClusterImpl-0cda291e-93d6-4d20-8c29-6d118f79bbd1/datanode-4/data/ratis/4bdb85ca-03cc-4b61-bf74-390be36203c9 for RaftStorage:Storage Directory /tmp/workdir/hadoop-ozone/integration-test/target/test-dir/MiniOzoneClusterImpl-0cda291e-93d6-4d20-8c29-6d118f79bbd1/datanode-4/data/ratis/4bdb85ca-03cc-4b61-bf74-390be36203c9
2019-07-13 07:25:04,694 INFO  server.RaftServerConfigKeys (ConfUtils.java:logGet(43)) - raft.server.log.force.sync.num = 128 (default)
2019-07-13 07:25:04,695 INFO  server.RaftServerConfigKeys (ConfUtils.java:logGet(43)) - raft.server.log.statemachine.data.sync = true (default)
2019-07-13 07:25:04,694 INFO  server.RaftServerConfigKeys (ConfUtils.java:logGet(43)) - raft.server.log.segment.cache.num.max = 2 (custom)
2019-07-13 07:25:04,695 INFO  server.RaftServerConfigKeys (ConfUtils.java:logGet(43)) - raft.server.log.statemachine.data.sync.timeout = 10s (default)
2019-07-13 07:25:04,695 INFO  server.RaftServerConfigKeys (ConfUtils.java:logGet(43)) - raft.server.log.statemachine.data.sync.timeout.retry = -1 (default)
2019-07-13 07:25:04,695 INFO  server.RaftServerConfigKeys (ConfUtils.java:logGet(43)) - raft.server.log.queue.byte-limit = 2147483647 (custom)
2019-07-13 07:25:04,695 INFO  server.RaftServerConfigKeys (ConfUtils.java:logGet(43)) - raft.server.log.statemachine.data.caching.enabled = true (custom)
2019-07-13 07:25:04,695 INFO  segmented.SegmentedRaftLogWorker (SegmentedRaftLogWorker.java:<init>(172)) - new 065c58a9-3173-4344-9164-c86366c67d3e-SegmentedRaftLogWorker:Storage Directory /tmp/workdir/hadoop-ozone/integration-test/target/test-dir/MiniOzoneClusterImpl-0cda291e-93d6-4d20-8c29-6d118f79bbd1/datanode-3/data/ratis/4bdb85ca-03cc-4b61-bf74-390be36203c9 for RaftStorage:Storage Directory /tmp/workdir/hadoop-ozone/integration-test/target/test-dir/MiniOzoneClusterImpl-0cda291e-93d6-4d20-8c29-6d118f79bbd1/datanode-3/data/ratis/4bdb85ca-03cc-4b61-bf74-390be36203c9
2019-07-13 07:25:04,695 INFO  server.RaftServerConfigKeys (ConfUtils.java:logGet(43)) - raft.server.log.queue.element-limit = 1024 (custom)
2019-07-13 07:25:04,696 INFO  segmented.SegmentedRaftLogWorker (SegmentedRaftLogWorker.java:lambda$new$0(132)) - 13b5e0e7-42b7-4760-b7b7-d2ff82d10736-SegmentedRaftLogWorker:Storage Directory /tmp/workdir/hadoop-ozone/integration-test/target/test-dir/MiniOzoneClusterImpl-0cda291e-93d6-4d20-8c29-6d118f79bbd1/datanode-5/data/ratis/4bdb85ca-03cc-4b61-bf74-390be36203c9: flushIndex: setUnconditionally 0 -> -1
2019-07-13 07:25:04,696 INFO  server.RaftServerConfigKeys (ConfUtils.java:logGet(43)) - raft.server.log.queue.byte-limit = 2147483647 (custom)
2019-07-13 07:25:04,696 INFO  server.RaftServerConfigKeys (ConfUtils.java:logGet(43)) - raft.server.log.segment.size.max = 1048576 (custom)
2019-07-13 07:25:04,696 INFO  server.RaftServerConfigKeys (ConfUtils.java:logGet(43)) - raft.server.snapshot.auto.trigger.enabled = true (custom)
2019-07-13 07:25:04,696 INFO  server.RaftServerConfigKeys (ConfUtils.java:logGet(43)) - raft.server.log.queue.element-limit = 1024 (custom)
2019-07-13 07:25:04,697 INFO  server.RaftServerConfigKeys (ConfUtils.java:logGet(43)) - raft.server.snapshot.auto.trigger.threshold = 10000 (custom)
2019-07-13 07:25:04,696 INFO  server.RaftServerConfigKeys (ConfUtils.java:logGet(43)) - raft.server.log.preallocated.size = 16384 (custom)
2019-07-13 07:25:04,697 INFO  server.RaftServerConfigKeys (ConfUtils.java:logGet(43)) - raft.server.retrycache.expirytime = 600000ms (custom)
2019-07-13 07:25:04,697 INFO  server.RaftServerConfigKeys (ConfUtils.java:logGet(43)) - raft.server.log.segment.size.max = 1048576 (custom)
2019-07-13 07:25:04,697 INFO  impl.RaftServerImpl (RaftServerImpl.java:start(180)) - 13b5e0e7-42b7-4760-b7b7-d2ff82d10736: start group-390BE36203C9
2019-07-13 07:25:04,697 INFO  server.RaftServerConfigKeys (ConfUtils.java:logGet(43)) - raft.server.log.write.buffer.size = 33554432 (custom)
2019-07-13 07:25:04,698 INFO  impl.RaftServerImpl (RaftServerImpl.java:setRole(171)) - 13b5e0e7-42b7-4760-b7b7-d2ff82d10736:group-390BE36203C9 changes role from null to FOLLOWER at term 0 for startAsFollower
2019-07-13 07:25:04,697 INFO  server.RaftServerConfigKeys (ConfUtils.java:logGet(43)) - raft.server.log.preallocated.size = 16384 (custom)
2019-07-13 07:25:04,698 INFO  impl.RoleInfo (RoleInfo.java:updateAndGet(143)) - 13b5e0e7-42b7-4760-b7b7-d2ff82d10736: start FollowerState
2019-07-13 07:25:04,698 INFO  server.RaftServerConfigKeys (ConfUtils.java:logGet(43)) - raft.server.log.force.sync.num = 128 (default)
2019-07-13 07:25:04,698 INFO  server.RaftServerConfigKeys (ConfUtils.java:logGet(43)) - raft.server.log.write.buffer.size = 33554432 (custom)
2019-07-13 07:25:04,698 INFO  util.JmxRegister (JmxRegister.java:tryRegister(44)) - Successfully registered JMX Bean with object name Ratis:service=RaftServer,group=group-390BE36203C9,id=13b5e0e7-42b7-4760-b7b7-d2ff82d10736
2019-07-13 07:25:04,698 INFO  server.RaftServerConfigKeys (ConfUtils.java:logGet(43)) - raft.server.log.statemachine.data.sync = true (default)
2019-07-13 07:25:04,699 INFO  server.RaftServerConfigKeys (ConfUtils.java:logGet(43)) - raft.server.log.force.sync.num = 128 (default)
2019-07-13 07:25:04,699 INFO  server.RaftServerConfigKeys (ConfUtils.java:logGet(43)) - raft.server.log.statemachine.data.sync.timeout = 10s (default)
2019-07-13 07:25:04,699 INFO  server.RaftServerConfigKeys (ConfUtils.java:logGet(43)) - raft.server.log.statemachine.data.sync = true (default)
2019-07-13 07:25:04,699 INFO  server.RaftServerConfigKeys (ConfUtils.java:logGet(43)) - raft.server.log.statemachine.data.sync.timeout.retry = -1 (default)
2019-07-13 07:25:04,699 INFO  server.RaftServerConfigKeys (ConfUtils.java:logGet(43)) - raft.server.log.statemachine.data.sync.timeout = 10s (default)
2019-07-13 07:25:04,700 INFO  server.RaftServerConfigKeys (ConfUtils.java:logGet(43)) - raft.server.log.statemachine.data.caching.enabled = true (custom)
2019-07-13 07:25:04,700 INFO  server.RaftServerConfigKeys (ConfUtils.java:logGet(43)) - raft.server.log.statemachine.data.sync.timeout.retry = -1 (default)
2019-07-13 07:25:04,700 INFO  segmented.SegmentedRaftLogWorker (SegmentedRaftLogWorker.java:lambda$new$0(132)) - bedd0106-2caf-44e8-be25-b5cd250d796d-SegmentedRaftLogWorker:Storage Directory /tmp/workdir/hadoop-ozone/integration-test/target/test-dir/MiniOzoneClusterImpl-0cda291e-93d6-4d20-8c29-6d118f79bbd1/datanode-4/data/ratis/4bdb85ca-03cc-4b61-bf74-390be36203c9: flushIndex: setUnconditionally 0 -> -1
2019-07-13 07:25:04,700 INFO  server.RaftServerConfigKeys (ConfUtils.java:logGet(43)) - raft.server.log.statemachine.data.caching.enabled = true (custom)
2019-07-13 07:25:04,700 INFO  server.RaftServerConfigKeys (ConfUtils.java:logGet(43)) - raft.server.snapshot.auto.trigger.enabled = true (custom)
2019-07-13 07:25:04,701 INFO  server.RaftServerConfigKeys (ConfUtils.java:logGet(43)) - raft.server.snapshot.auto.trigger.threshold = 10000 (custom)
2019-07-13 07:25:04,701 INFO  segmented.SegmentedRaftLogWorker (SegmentedRaftLogWorker.java:lambda$new$0(132)) - 065c58a9-3173-4344-9164-c86366c67d3e-SegmentedRaftLogWorker:Storage Directory /tmp/workdir/hadoop-ozone/integration-test/target/test-dir/MiniOzoneClusterImpl-0cda291e-93d6-4d20-8c29-6d118f79bbd1/datanode-3/data/ratis/4bdb85ca-03cc-4b61-bf74-390be36203c9: flushIndex: setUnconditionally 0 -> -1
2019-07-13 07:25:04,701 INFO  server.RaftServerConfigKeys (ConfUtils.java:logGet(43)) - raft.server.retrycache.expirytime = 600000ms (custom)
2019-07-13 07:25:04,701 INFO  impl.RaftServerImpl (RaftServerImpl.java:start(180)) - bedd0106-2caf-44e8-be25-b5cd250d796d: start group-390BE36203C9
2019-07-13 07:25:04,701 INFO  server.RaftServerConfigKeys (ConfUtils.java:logGet(43)) - raft.server.snapshot.auto.trigger.enabled = true (custom)
2019-07-13 07:25:04,701 INFO  impl.RaftServerImpl (RaftServerImpl.java:setRole(171)) - bedd0106-2caf-44e8-be25-b5cd250d796d:group-390BE36203C9 changes role from null to FOLLOWER at term 0 for startAsFollower
2019-07-13 07:25:04,701 INFO  server.RaftServerConfigKeys (ConfUtils.java:logGet(43)) - raft.server.snapshot.auto.trigger.threshold = 10000 (custom)
2019-07-13 07:25:04,701 INFO  impl.RoleInfo (RoleInfo.java:updateAndGet(143)) - bedd0106-2caf-44e8-be25-b5cd250d796d: start FollowerState
2019-07-13 07:25:04,702 INFO  server.RaftServerConfigKeys (ConfUtils.java:logGet(43)) - raft.server.retrycache.expirytime = 600000ms (custom)
2019-07-13 07:25:04,702 INFO  impl.RaftServerImpl (RaftServerImpl.java:start(180)) - 065c58a9-3173-4344-9164-c86366c67d3e: start group-390BE36203C9
2019-07-13 07:25:04,702 INFO  util.JmxRegister (JmxRegister.java:tryRegister(44)) - Successfully registered JMX Bean with object name Ratis:service=RaftServer,group=group-390BE36203C9,id=bedd0106-2caf-44e8-be25-b5cd250d796d
2019-07-13 07:25:04,702 INFO  impl.RaftServerImpl (RaftServerImpl.java:setRole(171)) - 065c58a9-3173-4344-9164-c86366c67d3e:group-390BE36203C9 changes role from null to FOLLOWER at term 0 for startAsFollower
2019-07-13 07:25:04,702 INFO  impl.RoleInfo (RoleInfo.java:updateAndGet(143)) - 065c58a9-3173-4344-9164-c86366c67d3e: start FollowerState
2019-07-13 07:25:04,703 INFO  util.JmxRegister (JmxRegister.java:tryRegister(44)) - Successfully registered JMX Bean with object name Ratis:service=RaftServer,group=group-390BE36203C9,id=065c58a9-3173-4344-9164-c86366c67d3e
2019-07-13 07:25:04,705 INFO  pipeline.PipelineStateManager (PipelineStateManager.java:addPipeline(56)) - Created pipeline Pipeline[ Id: 4bdb85ca-03cc-4b61-bf74-390be36203c9, Nodes: bedd0106-2caf-44e8-be25-b5cd250d796d{ip: 192.168.69.84, host: trunk-nightly-9lh4p-2362225927, networkLocation: /default-rack, certSerialId: null}13b5e0e7-42b7-4760-b7b7-d2ff82d10736{ip: 192.168.69.84, host: trunk-nightly-9lh4p-2362225927, networkLocation: /default-rack, certSerialId: null}065c58a9-3173-4344-9164-c86366c67d3e{ip: 192.168.69.84, host: trunk-nightly-9lh4p-2362225927, networkLocation: /default-rack, certSerialId: null}, Type:RATIS, Factor:THREE, State:OPEN]
2019-07-13 07:25:05,571 INFO  ozone.MiniOzoneClusterImpl (MiniOzoneClusterImpl.java:lambda$waitForClusterToBeReady$0(142)) - Cluster is ready. Got 6 of 6 DN Heartbeats.
2019-07-13 07:25:05,628 INFO  rpc.RpcClient (RpcClient.java:createVolume(287)) - Creating Volume: datanodefailurehandlingtest, with jenkins1000 as owner.
2019-07-13 07:25:05,664 INFO  rpc.RpcClient (RpcClient.java:createBucket(424)) - Creating Bucket: datanodefailurehandlingtest/datanodefailurehandlingtest, with Versioning false and Storage Type set to DISK and Encryption set to false 
2019-07-13 07:25:05,785 INFO  client.GrpcClientProtocolClient (GrpcClientProtocolClient.java:onNext(255)) - client-84A232460EF5->081e239d-284e-44f2-be8f-6052e512c341: receive RaftClientReply:client-84A232460EF5->081e239d-284e-44f2-be8f-6052e512c341@group-F94DA6EEBDA4, cid=152, FAILED org.apache.ratis.protocol.NotLeaderException: Server 081e239d-284e-44f2-be8f-6052e512c341 is not the leader (null). Request must be sent to leader., logIndex=0, commits[081e239d-284e-44f2-be8f-6052e512c341:c-1]
2019-07-13 07:25:05,811 WARN  server.GrpcLogAppender (LogUtils.java:warn(134)) - c18e5551-1800-40d1-9af7-9b9ec855c36c->b6a2e03e-f3bd-4b9a-b2cc-05e16fdeb3db: Failed appendEntries: org.apache.ratis.thirdparty.io.grpc.StatusRuntimeException: UNAVAILABLE: io exception
2019-07-13 07:25:05,823 INFO  impl.FollowerInfo (FollowerInfo.java:lambda$new$0(50)) - c18e5551-1800-40d1-9af7-9b9ec855c36c->b6a2e03e-f3bd-4b9a-b2cc-05e16fdeb3db: nextIndex: updateUnconditionally 1 -> 0
2019-07-13 07:25:06,308 INFO  container.ReplicationManager (ReplicationManager.java:start(155)) - Starting Replication Monitor Thread.
2019-07-13 07:25:06,319 INFO  container.ReplicationManager (ReplicationManager.java:run(207)) - Replication Monitor Thread took 1 milliseconds for processing 1 containers.
2019-07-13 07:25:06,603 WARN  server.GrpcLogAppender (LogUtils.java:warn(134)) - 1a861c74-1484-402a-9ff9-9d6113d38ce4->c914261d-7132-4fca-86ff-e1ab4ebbf7be: Failed appendEntries: org.apache.ratis.thirdparty.io.grpc.StatusRuntimeException: UNAVAILABLE: io exception
2019-07-13 07:25:06,615 INFO  impl.FollowerInfo (FollowerInfo.java:lambda$new$0(50)) - 1a861c74-1484-402a-9ff9-9d6113d38ce4->c914261d-7132-4fca-86ff-e1ab4ebbf7be: nextIndex: updateUnconditionally 0 -> 0
2019-07-13 07:25:06,844 INFO  client.GrpcClientProtocolClient (GrpcClientProtocolClient.java:onNext(255)) - client-84A232460EF5->41b9c1bd-cf21-4c7a-8d7a-e228988eafd6: receive RaftClientReply:client-84A232460EF5->41b9c1bd-cf21-4c7a-8d7a-e228988eafd6@group-F94DA6EEBDA4, cid=152, FAILED org.apache.ratis.protocol.NotLeaderException: Server 41b9c1bd-cf21-4c7a-8d7a-e228988eafd6 is not the leader (null). Request must be sent to leader., logIndex=0, commits[41b9c1bd-cf21-4c7a-8d7a-e228988eafd6:c-1]
2019-07-13 07:25:07,885 INFO  client.GrpcClientProtocolClient (GrpcClientProtocolClient.java:onNext(255)) - client-84A232460EF5->081e239d-284e-44f2-be8f-6052e512c341: receive RaftClientReply:client-84A232460EF5->081e239d-284e-44f2-be8f-6052e512c341@group-F94DA6EEBDA4, cid=152, FAILED org.apache.ratis.protocol.NotLeaderException: Server 081e239d-284e-44f2-be8f-6052e512c341 is not the leader (null). Request must be sent to leader., logIndex=0, commits[081e239d-284e-44f2-be8f-6052e512c341:c-1]
2019-07-13 07:25:08,287 WARN  server.GrpcLogAppender (LogUtils.java:warn(134)) - c18e5551-1800-40d1-9af7-9b9ec855c36c->b6a2e03e-f3bd-4b9a-b2cc-05e16fdeb3db: Failed appendEntries: org.apache.ratis.thirdparty.io.grpc.StatusRuntimeException: UNAVAILABLE: io exception
2019-07-13 07:25:08,299 INFO  impl.FollowerInfo (FollowerInfo.java:lambda$new$0(50)) - c18e5551-1800-40d1-9af7-9b9ec855c36c->b6a2e03e-f3bd-4b9a-b2cc-05e16fdeb3db: nextIndex: updateUnconditionally 0 -> 0
2019-07-13 07:25:08,525 INFO  impl.FollowerState (FollowerState.java:run(106)) - ebc3321e-a67e-4048-9fa7-beeb05df4a43:group-302EA8592928 changes to CANDIDATE, lastRpcTime:5170, electionTimeout:5170ms
2019-07-13 07:25:08,525 INFO  impl.RoleInfo (RoleInfo.java:shutdownFollowerState(121)) - ebc3321e-a67e-4048-9fa7-beeb05df4a43: shutdown FollowerState
2019-07-13 07:25:08,525 INFO  impl.RaftServerImpl (RaftServerImpl.java:setRole(171)) - ebc3321e-a67e-4048-9fa7-beeb05df4a43:group-302EA8592928 changes role from FOLLOWER to CANDIDATE at term 0 for changeToCandidate
2019-07-13 07:25:08,525 INFO  impl.RoleInfo (RoleInfo.java:updateAndGet(143)) - ebc3321e-a67e-4048-9fa7-beeb05df4a43: start LeaderElection
2019-07-13 07:25:08,557 INFO  impl.LeaderElection (LeaderElection.java:askForVotes(181)) - ebc3321e-a67e-4048-9fa7-beeb05df4a43:group-302EA8592928:LeaderElection65: begin an election at term 1 for -1: [ebc3321e-a67e-4048-9fa7-beeb05df4a43:192.168.69.84:45558], old=null
2019-07-13 07:25:08,558 INFO  impl.RoleInfo (RoleInfo.java:shutdownLeaderElection(134)) - ebc3321e-a67e-4048-9fa7-beeb05df4a43: shutdown LeaderElection
2019-07-13 07:25:08,558 INFO  impl.RaftServerImpl (RaftServerImpl.java:setRole(171)) - ebc3321e-a67e-4048-9fa7-beeb05df4a43:group-302EA8592928 changes role from CANDIDATE to LEADER at term 1 for changeToLeader
2019-07-13 07:25:08,558 INFO  impl.RaftServerImpl (ServerState.java:setLeader(263)) - ebc3321e-a67e-4048-9fa7-beeb05df4a43:group-302EA8592928 change Leader from null to ebc3321e-a67e-4048-9fa7-beeb05df4a43 at term 1 for becomeLeader, leader elected after 5207ms
2019-07-13 07:25:08,558 INFO  server.RaftServerConfigKeys (ConfUtils.java:logGet(43)) - raft.server.staging.catchup.gap = 1000 (default)
2019-07-13 07:25:08,558 INFO  server.RaftServerConfigKeys (ConfUtils.java:logGet(43)) - raft.server.rpc.sleep.time = 25ms (default)
2019-07-13 07:25:08,558 INFO  server.RaftServerConfigKeys (ConfUtils.java:logGet(43)) - raft.server.write.element-limit = 4096 (default)
2019-07-13 07:25:08,559 INFO  server.RaftServerConfigKeys (ConfUtils.java:logGet(43)) - raft.server.watch.timeout = 10s (default)
2019-07-13 07:25:08,559 INFO  server.RaftServerConfigKeys (ConfUtils.java:logGet(43)) - raft.server.watch.timeout.denomination = 1s (default)
2019-07-13 07:25:08,559 INFO  server.RaftServerConfigKeys (ConfUtils.java:logGet(43)) - raft.server.watch.element-limit = 65536 (default)
2019-07-13 07:25:08,559 INFO  impl.RoleInfo (RoleInfo.java:updateAndGet(143)) - ebc3321e-a67e-4048-9fa7-beeb05df4a43: start LeaderState
2019-07-13 07:25:08,559 INFO  segmented.SegmentedRaftLogWorker (SegmentedRaftLogWorker.java:startLogSegment(380)) - ebc3321e-a67e-4048-9fa7-beeb05df4a43-SegmentedRaftLogWorker:Storage Directory /tmp/workdir/hadoop-ozone/integration-test/target/test-dir/MiniOzoneClusterImpl-0cda291e-93d6-4d20-8c29-6d118f79bbd1/datanode-0/data/ratis/df87f697-578e-4a93-ad05-302ea8592928: Starting segment from index:0
2019-07-13 07:25:08,560 INFO  impl.RaftServerImpl (ServerState.java:setRaftConf(361)) - ebc3321e-a67e-4048-9fa7-beeb05df4a43:group-302EA8592928 set configuration 0: [ebc3321e-a67e-4048-9fa7-beeb05df4a43:192.168.69.84:45558], old=null at 0
2019-07-13 07:25:08,574 INFO  impl.FollowerState (FollowerState.java:run(106)) - 41b9c1bd-cf21-4c7a-8d7a-e228988eafd6:group-B41410263D9C changes to CANDIDATE, lastRpcTime:5008, electionTimeout:5008ms
2019-07-13 07:25:08,574 INFO  impl.RoleInfo (RoleInfo.java:shutdownFollowerState(121)) - 41b9c1bd-cf21-4c7a-8d7a-e228988eafd6: shutdown FollowerState
2019-07-13 07:25:08,574 INFO  impl.RaftServerImpl (RaftServerImpl.java:setRole(171)) - 41b9c1bd-cf21-4c7a-8d7a-e228988eafd6:group-B41410263D9C changes role from FOLLOWER to CANDIDATE at term 0 for changeToCandidate
2019-07-13 07:25:08,574 INFO  impl.RoleInfo (RoleInfo.java:updateAndGet(143)) - 41b9c1bd-cf21-4c7a-8d7a-e228988eafd6: start LeaderElection
2019-07-13 07:25:08,609 INFO  segmented.SegmentedRaftLogWorker (SegmentedRaftLogWorker.java:execute(569)) - ebc3321e-a67e-4048-9fa7-beeb05df4a43-SegmentedRaftLogWorker:Storage Directory /tmp/workdir/hadoop-ozone/integration-test/target/test-dir/MiniOzoneClusterImpl-0cda291e-93d6-4d20-8c29-6d118f79bbd1/datanode-0/data/ratis/df87f697-578e-4a93-ad05-302ea8592928: created new log segment /tmp/workdir/hadoop-ozone/integration-test/target/test-dir/MiniOzoneClusterImpl-0cda291e-93d6-4d20-8c29-6d118f79bbd1/datanode-0/data/ratis/df87f697-578e-4a93-ad05-302ea8592928/current/log_inprogress_0
2019-07-13 07:25:08,609 INFO  impl.LeaderElection (LeaderElection.java:askForVotes(181)) - 41b9c1bd-cf21-4c7a-8d7a-e228988eafd6:group-B41410263D9C:LeaderElection66: begin an election at term 1 for -1: [41b9c1bd-cf21-4c7a-8d7a-e228988eafd6:192.168.69.84:46521], old=null
2019-07-13 07:25:08,610 INFO  impl.RoleInfo (RoleInfo.java:shutdownLeaderElection(134)) - 41b9c1bd-cf21-4c7a-8d7a-e228988eafd6: shutdown LeaderElection
2019-07-13 07:25:08,610 INFO  impl.RaftServerImpl (RaftServerImpl.java:setRole(171)) - 41b9c1bd-cf21-4c7a-8d7a-e228988eafd6:group-B41410263D9C changes role from CANDIDATE to LEADER at term 1 for changeToLeader
2019-07-13 07:25:08,610 INFO  impl.RaftServerImpl (ServerState.java:setLeader(263)) - 41b9c1bd-cf21-4c7a-8d7a-e228988eafd6:group-B41410263D9C change Leader from null to 41b9c1bd-cf21-4c7a-8d7a-e228988eafd6 at term 1 for becomeLeader, leader elected after 5049ms
2019-07-13 07:25:08,610 INFO  server.RaftServerConfigKeys (ConfUtils.java:logGet(43)) - raft.server.staging.catchup.gap = 1000 (default)
2019-07-13 07:25:08,610 INFO  server.RaftServerConfigKeys (ConfUtils.java:logGet(43)) - raft.server.rpc.sleep.time = 25ms (default)
2019-07-13 07:25:08,610 INFO  server.RaftServerConfigKeys (ConfUtils.java:logGet(43)) - raft.server.write.element-limit = 4096 (default)
2019-07-13 07:25:08,610 INFO  server.RaftServerConfigKeys (ConfUtils.java:logGet(43)) - raft.server.watch.timeout = 10s (default)
2019-07-13 07:25:08,611 INFO  server.RaftServerConfigKeys (ConfUtils.java:logGet(43)) - raft.server.watch.timeout.denomination = 1s (default)
2019-07-13 07:25:08,611 INFO  server.RaftServerConfigKeys (ConfUtils.java:logGet(43)) - raft.server.watch.element-limit = 65536 (default)
2019-07-13 07:25:08,611 INFO  impl.RoleInfo (RoleInfo.java:updateAndGet(143)) - 41b9c1bd-cf21-4c7a-8d7a-e228988eafd6: start LeaderState
2019-07-13 07:25:08,611 INFO  segmented.SegmentedRaftLogWorker (SegmentedRaftLogWorker.java:startLogSegment(380)) - 41b9c1bd-cf21-4c7a-8d7a-e228988eafd6-SegmentedRaftLogWorker:Storage Directory /tmp/workdir/hadoop-ozone/integration-test/target/test-dir/MiniOzoneClusterImpl-0cda291e-93d6-4d20-8c29-6d118f79bbd1/datanode-1/data/ratis/5c3763d2-ad20-41ff-becd-b41410263d9c: Starting segment from index:0
2019-07-13 07:25:08,612 INFO  impl.RaftServerImpl (ServerState.java:setRaftConf(361)) - 41b9c1bd-cf21-4c7a-8d7a-e228988eafd6:group-B41410263D9C set configuration 0: [41b9c1bd-cf21-4c7a-8d7a-e228988eafd6:192.168.69.84:46521], old=null at 0
2019-07-13 07:25:08,644 INFO  segmented.SegmentedRaftLogWorker (SegmentedRaftLogWorker.java:execute(569)) - 41b9c1bd-cf21-4c7a-8d7a-e228988eafd6-SegmentedRaftLogWorker:Storage Directory /tmp/workdir/hadoop-ozone/integration-test/target/test-dir/MiniOzoneClusterImpl-0cda291e-93d6-4d20-8c29-6d118f79bbd1/datanode-1/data/ratis/5c3763d2-ad20-41ff-becd-b41410263d9c: created new log segment /tmp/workdir/hadoop-ozone/integration-test/target/test-dir/MiniOzoneClusterImpl-0cda291e-93d6-4d20-8c29-6d118f79bbd1/datanode-1/data/ratis/5c3763d2-ad20-41ff-becd-b41410263d9c/current/log_inprogress_0
2019-07-13 07:25:08,925 INFO  client.GrpcClientProtocolClient (GrpcClientProtocolClient.java:onNext(255)) - client-84A232460EF5->41b9c1bd-cf21-4c7a-8d7a-e228988eafd6: receive RaftClientReply:client-84A232460EF5->41b9c1bd-cf21-4c7a-8d7a-e228988eafd6@group-F94DA6EEBDA4, cid=152, FAILED org.apache.ratis.protocol.NotLeaderException: Server 41b9c1bd-cf21-4c7a-8d7a-e228988eafd6 is not the leader (null). Request must be sent to leader., logIndex=0, commits[41b9c1bd-cf21-4c7a-8d7a-e228988eafd6:c-1]
2019-07-13 07:25:09,075 INFO  impl.FollowerState (FollowerState.java:run(106)) - ebc3321e-a67e-4048-9fa7-beeb05df4a43:group-F94DA6EEBDA4 changes to CANDIDATE, lastRpcTime:5037, electionTimeout:5037ms
2019-07-13 07:25:09,075 INFO  impl.RoleInfo (RoleInfo.java:shutdownFollowerState(121)) - ebc3321e-a67e-4048-9fa7-beeb05df4a43: shutdown FollowerState
2019-07-13 07:25:09,075 INFO  impl.RaftServerImpl (RaftServerImpl.java:setRole(171)) - ebc3321e-a67e-4048-9fa7-beeb05df4a43:group-F94DA6EEBDA4 changes role from FOLLOWER to CANDIDATE at term 0 for changeToCandidate
2019-07-13 07:25:09,075 INFO  impl.RoleInfo (RoleInfo.java:updateAndGet(143)) - ebc3321e-a67e-4048-9fa7-beeb05df4a43: start LeaderElection
2019-07-13 07:25:09,092 INFO  impl.FollowerState (FollowerState.java:run(106)) - 41b9c1bd-cf21-4c7a-8d7a-e228988eafd6:group-F94DA6EEBDA4 changes to CANDIDATE, lastRpcTime:5049, electionTimeout:5048ms
2019-07-13 07:25:09,092 INFO  impl.FollowerState (FollowerState.java:run(106)) - 081e239d-284e-44f2-be8f-6052e512c341:group-7D580069B266 changes to CANDIDATE, lastRpcTime:5120, electionTimeout:5118ms
2019-07-13 07:25:09,092 INFO  impl.RoleInfo (RoleInfo.java:shutdownFollowerState(121)) - 41b9c1bd-cf21-4c7a-8d7a-e228988eafd6: shutdown FollowerState
2019-07-13 07:25:09,092 INFO  impl.RoleInfo (RoleInfo.java:shutdownFollowerState(121)) - 081e239d-284e-44f2-be8f-6052e512c341: shutdown FollowerState
2019-07-13 07:25:09,092 INFO  impl.RaftServerImpl (RaftServerImpl.java:setRole(171)) - 41b9c1bd-cf21-4c7a-8d7a-e228988eafd6:group-F94DA6EEBDA4 changes role from FOLLOWER to CANDIDATE at term 0 for changeToCandidate
2019-07-13 07:25:09,092 INFO  impl.RaftServerImpl (RaftServerImpl.java:setRole(171)) - 081e239d-284e-44f2-be8f-6052e512c341:group-7D580069B266 changes role from FOLLOWER to CANDIDATE at term 0 for changeToCandidate
2019-07-13 07:25:09,092 INFO  impl.RoleInfo (RoleInfo.java:updateAndGet(143)) - 41b9c1bd-cf21-4c7a-8d7a-e228988eafd6: start LeaderElection
2019-07-13 07:25:09,092 INFO  impl.RoleInfo (RoleInfo.java:updateAndGet(143)) - 081e239d-284e-44f2-be8f-6052e512c341: start LeaderElection
2019-07-13 07:25:09,114 INFO  impl.LeaderElection (LeaderElection.java:askForVotes(181)) - ebc3321e-a67e-4048-9fa7-beeb05df4a43:group-F94DA6EEBDA4:LeaderElection67: begin an election at term 1 for -1: [081e239d-284e-44f2-be8f-6052e512c341:192.168.69.84:40660, 41b9c1bd-cf21-4c7a-8d7a-e228988eafd6:192.168.69.84:46521, ebc3321e-a67e-4048-9fa7-beeb05df4a43:192.168.69.84:45558], old=null
2019-07-13 07:25:09,116 WARN  server.GrpcLogAppender (LogUtils.java:warn(134)) - 1a861c74-1484-402a-9ff9-9d6113d38ce4->c914261d-7132-4fca-86ff-e1ab4ebbf7be: Failed appendEntries: org.apache.ratis.thirdparty.io.grpc.StatusRuntimeException: UNAVAILABLE: io exception
2019-07-13 07:25:09,124 INFO  impl.LeaderElection (LeaderElection.java:askForVotes(181)) - 081e239d-284e-44f2-be8f-6052e512c341:group-7D580069B266:LeaderElection69: begin an election at term 1 for -1: [081e239d-284e-44f2-be8f-6052e512c341:192.168.69.84:40660], old=null
2019-07-13 07:25:09,124 INFO  impl.LeaderElection (LeaderElection.java:askForVotes(181)) - 41b9c1bd-cf21-4c7a-8d7a-e228988eafd6:group-F94DA6EEBDA4:LeaderElection68: begin an election at term 1 for -1: [081e239d-284e-44f2-be8f-6052e512c341:192.168.69.84:40660, 41b9c1bd-cf21-4c7a-8d7a-e228988eafd6:192.168.69.84:46521, ebc3321e-a67e-4048-9fa7-beeb05df4a43:192.168.69.84:45558], old=null
2019-07-13 07:25:09,124 INFO  impl.RoleInfo (RoleInfo.java:shutdownLeaderElection(134)) - 081e239d-284e-44f2-be8f-6052e512c341: shutdown LeaderElection
2019-07-13 07:25:09,124 INFO  impl.RaftServerImpl (RaftServerImpl.java:setRole(171)) - 081e239d-284e-44f2-be8f-6052e512c341:group-7D580069B266 changes role from CANDIDATE to LEADER at term 1 for changeToLeader
2019-07-13 07:25:09,124 INFO  impl.FollowerInfo (FollowerInfo.java:lambda$new$0(50)) - 1a861c74-1484-402a-9ff9-9d6113d38ce4->c914261d-7132-4fca-86ff-e1ab4ebbf7be: nextIndex: updateUnconditionally 0 -> 0
2019-07-13 07:25:09,124 INFO  impl.RaftServerImpl (ServerState.java:setLeader(263)) - 081e239d-284e-44f2-be8f-6052e512c341:group-7D580069B266 change Leader from null to 081e239d-284e-44f2-be8f-6052e512c341 at term 1 for becomeLeader, leader elected after 5157ms
2019-07-13 07:25:09,125 INFO  server.RaftServerConfigKeys (ConfUtils.java:logGet(43)) - raft.server.staging.catchup.gap = 1000 (default)
2019-07-13 07:25:09,125 INFO  server.RaftServerConfigKeys (ConfUtils.java:logGet(43)) - raft.server.rpc.sleep.time = 25ms (default)
2019-07-13 07:25:09,125 INFO  server.RaftServerConfigKeys (ConfUtils.java:logGet(43)) - raft.server.write.element-limit = 4096 (default)
2019-07-13 07:25:09,125 INFO  server.RaftServerConfigKeys (ConfUtils.java:logGet(43)) - raft.server.watch.timeout = 10s (default)
2019-07-13 07:25:09,125 INFO  server.RaftServerConfigKeys (ConfUtils.java:logGet(43)) - raft.server.watch.timeout.denomination = 1s (default)
2019-07-13 07:25:09,126 INFO  server.RaftServerConfigKeys (ConfUtils.java:logGet(43)) - raft.server.watch.element-limit = 65536 (default)
2019-07-13 07:25:09,126 INFO  impl.RaftServerImpl (RaftServerImpl.java:setRole(171)) - 081e239d-284e-44f2-be8f-6052e512c341:group-F94DA6EEBDA4 changes role from FOLLOWER to FOLLOWER at term 1 for recognizeCandidate:ebc3321e-a67e-4048-9fa7-beeb05df4a43
2019-07-13 07:25:09,126 INFO  impl.RoleInfo (RoleInfo.java:updateAndGet(143)) - 081e239d-284e-44f2-be8f-6052e512c341: start LeaderState
2019-07-13 07:25:09,126 INFO  impl.RoleInfo (RoleInfo.java:shutdownFollowerState(121)) - 081e239d-284e-44f2-be8f-6052e512c341: shutdown FollowerState
2019-07-13 07:25:09,126 INFO  impl.RoleInfo (RoleInfo.java:updateAndGet(143)) - 081e239d-284e-44f2-be8f-6052e512c341: start FollowerState
2019-07-13 07:25:09,126 INFO  segmented.SegmentedRaftLogWorker (SegmentedRaftLogWorker.java:startLogSegment(380)) - 081e239d-284e-44f2-be8f-6052e512c341-SegmentedRaftLogWorker:Storage Directory /tmp/workdir/hadoop-ozone/integration-test/target/test-dir/MiniOzoneClusterImpl-0cda291e-93d6-4d20-8c29-6d118f79bbd1/datanode-2/data/ratis/b18f553c-e59b-40e3-a62b-7d580069b266: Starting segment from index:0
2019-07-13 07:25:09,126 INFO  impl.FollowerState (FollowerState.java:run(114)) - 081e239d-284e-44f2-be8f-6052e512c341: FollowerState was interrupted: java.lang.InterruptedException: sleep interrupted
2019-07-13 07:25:09,136 INFO  impl.RaftServerImpl (ServerState.java:setRaftConf(361)) - 081e239d-284e-44f2-be8f-6052e512c341:group-7D580069B266 set configuration 0: [081e239d-284e-44f2-be8f-6052e512c341:192.168.69.84:40660], old=null at 0
2019-07-13 07:25:09,164 INFO  impl.LeaderElection (LeaderElection.java:logAndReturn(56)) - ebc3321e-a67e-4048-9fa7-beeb05df4a43:group-F94DA6EEBDA4:LeaderElection67: Election PASSED; received 2 response(s) [ebc3321e-a67e-4048-9fa7-beeb05df4a43<-081e239d-284e-44f2-be8f-6052e512c341#0:OK-t1, ebc3321e-a67e-4048-9fa7-beeb05df4a43<-41b9c1bd-cf21-4c7a-8d7a-e228988eafd6#0:FAIL-t1] and 0 exception(s); ebc3321e-a67e-4048-9fa7-beeb05df4a43:t1, leader=null, voted=ebc3321e-a67e-4048-9fa7-beeb05df4a43, raftlog=ebc3321e-a67e-4048-9fa7-beeb05df4a43-SegmentedRaftLog:OPENED:c-1,f-1,i0, conf=-1: [081e239d-284e-44f2-be8f-6052e512c341:192.168.69.84:40660, 41b9c1bd-cf21-4c7a-8d7a-e228988eafd6:192.168.69.84:46521, ebc3321e-a67e-4048-9fa7-beeb05df4a43:192.168.69.84:45558], old=null
2019-07-13 07:25:09,164 INFO  impl.LeaderElection (LeaderElection.java:logAndReturn(56)) - 41b9c1bd-cf21-4c7a-8d7a-e228988eafd6:group-F94DA6EEBDA4:LeaderElection68: Election REJECTED; received 2 response(s) [41b9c1bd-cf21-4c7a-8d7a-e228988eafd6<-081e239d-284e-44f2-be8f-6052e512c341#0:FAIL-t1, 41b9c1bd-cf21-4c7a-8d7a-e228988eafd6<-ebc3321e-a67e-4048-9fa7-beeb05df4a43#0:FAIL-t1] and 0 exception(s); 41b9c1bd-cf21-4c7a-8d7a-e228988eafd6:t1, leader=null, voted=41b9c1bd-cf21-4c7a-8d7a-e228988eafd6, raftlog=41b9c1bd-cf21-4c7a-8d7a-e228988eafd6-SegmentedRaftLog:OPENED:c-1,f-1,i0, conf=-1: [081e239d-284e-44f2-be8f-6052e512c341:192.168.69.84:40660, 41b9c1bd-cf21-4c7a-8d7a-e228988eafd6:192.168.69.84:46521, ebc3321e-a67e-4048-9fa7-beeb05df4a43:192.168.69.84:45558], old=null
2019-07-13 07:25:09,165 INFO  impl.RoleInfo (RoleInfo.java:shutdownLeaderElection(134)) - ebc3321e-a67e-4048-9fa7-beeb05df4a43: shutdown LeaderElection
2019-07-13 07:25:09,165 INFO  impl.RaftServerImpl (RaftServerImpl.java:setRole(171)) - 41b9c1bd-cf21-4c7a-8d7a-e228988eafd6:group-F94DA6EEBDA4 changes role from CANDIDATE to FOLLOWER at term 1 for DISCOVERED_A_NEW_TERM
2019-07-13 07:25:09,165 INFO  impl.RaftServerImpl (RaftServerImpl.java:setRole(171)) - ebc3321e-a67e-4048-9fa7-beeb05df4a43:group-F94DA6EEBDA4 changes role from CANDIDATE to LEADER at term 1 for changeToLeader
2019-07-13 07:25:09,165 INFO  impl.RoleInfo (RoleInfo.java:shutdownLeaderElection(134)) - 41b9c1bd-cf21-4c7a-8d7a-e228988eafd6: shutdown LeaderElection
2019-07-13 07:25:09,165 INFO  impl.RaftServerImpl (ServerState.java:setLeader(263)) - ebc3321e-a67e-4048-9fa7-beeb05df4a43:group-F94DA6EEBDA4 change Leader from null to ebc3321e-a67e-4048-9fa7-beeb05df4a43 at term 1 for becomeLeader, leader elected after 5134ms
2019-07-13 07:25:09,165 INFO  impl.RoleInfo (RoleInfo.java:updateAndGet(143)) - 41b9c1bd-cf21-4c7a-8d7a-e228988eafd6: start FollowerState
2019-07-13 07:25:09,165 INFO  server.RaftServerConfigKeys (ConfUtils.java:logGet(43)) - raft.server.staging.catchup.gap = 1000 (default)
2019-07-13 07:25:09,166 INFO  server.RaftServerConfigKeys (ConfUtils.java:logGet(43)) - raft.server.rpc.sleep.time = 25ms (default)
2019-07-13 07:25:09,166 INFO  server.RaftServerConfigKeys (ConfUtils.java:logGet(43)) - raft.server.write.element-limit = 4096 (default)
2019-07-13 07:25:09,166 INFO  server.RaftServerConfigKeys (ConfUtils.java:logGet(43)) - raft.server.watch.timeout = 10s (default)
2019-07-13 07:25:09,166 INFO  server.RaftServerConfigKeys (ConfUtils.java:logGet(43)) - raft.server.watch.timeout.denomination = 1s (default)
2019-07-13 07:25:09,166 INFO  server.RaftServerConfigKeys (ConfUtils.java:logGet(43)) - raft.server.watch.element-limit = 65536 (default)
2019-07-13 07:25:09,167 INFO  server.RaftServerConfigKeys (ConfUtils.java:logGet(43)) - raft.server.log.appender.snapshot.chunk.size.max = 16MB (=16777216) (default)
2019-07-13 07:25:09,167 INFO  server.RaftServerConfigKeys (ConfUtils.java:logGet(43)) - raft.server.log.appender.buffer.byte-limit = 33554432 (custom)
2019-07-13 07:25:09,167 INFO  server.RaftServerConfigKeys (ConfUtils.java:logGet(43)) - raft.server.log.appender.buffer.element-limit = 1 (custom)
2019-07-13 07:25:09,167 INFO  grpc.GrpcConfigKeys$Server (ConfUtils.java:logGet(43)) - raft.grpc.server.leader.outstanding.appends.max = 128 (default)
2019-07-13 07:25:09,167 INFO  server.RaftServerConfigKeys (ConfUtils.java:logGet(43)) - raft.server.rpc.request.timeout = 3000ms (default)
2019-07-13 07:25:09,168 INFO  server.RaftServerConfigKeys (ConfUtils.java:logGet(43)) - raft.server.log.appender.install.snapshot.enabled = false (custom)
2019-07-13 07:25:09,168 INFO  server.RaftServerConfigKeys (ConfUtils.java:logGet(43)) - raft.server.log.appender.snapshot.chunk.size.max = 16MB (=16777216) (default)
2019-07-13 07:25:09,168 INFO  server.RaftServerConfigKeys (ConfUtils.java:logGet(43)) - raft.server.log.appender.buffer.byte-limit = 33554432 (custom)
2019-07-13 07:25:09,168 INFO  server.RaftServerConfigKeys (ConfUtils.java:logGet(43)) - raft.server.log.appender.buffer.element-limit = 1 (custom)
2019-07-13 07:25:09,168 INFO  grpc.GrpcConfigKeys$Server (ConfUtils.java:logGet(43)) - raft.grpc.server.leader.outstanding.appends.max = 128 (default)
2019-07-13 07:25:09,168 INFO  server.RaftServerConfigKeys (ConfUtils.java:logGet(43)) - raft.server.rpc.request.timeout = 3000ms (default)
2019-07-13 07:25:09,169 INFO  server.RaftServerConfigKeys (ConfUtils.java:logGet(43)) - raft.server.log.appender.install.snapshot.enabled = false (custom)
2019-07-13 07:25:09,169 INFO  impl.RoleInfo (RoleInfo.java:updateAndGet(143)) - ebc3321e-a67e-4048-9fa7-beeb05df4a43: start LeaderState
2019-07-13 07:25:09,169 INFO  segmented.SegmentedRaftLogWorker (SegmentedRaftLogWorker.java:startLogSegment(380)) - ebc3321e-a67e-4048-9fa7-beeb05df4a43-SegmentedRaftLogWorker:Storage Directory /tmp/workdir/hadoop-ozone/integration-test/target/test-dir/MiniOzoneClusterImpl-0cda291e-93d6-4d20-8c29-6d118f79bbd1/datanode-0/data/ratis/121ac2b7-4d5f-4496-a7eb-f94da6eebda4: Starting segment from index:0
2019-07-13 07:25:09,170 INFO  impl.RaftServerImpl (ServerState.java:setRaftConf(361)) - ebc3321e-a67e-4048-9fa7-beeb05df4a43:group-F94DA6EEBDA4 set configuration 0: [081e239d-284e-44f2-be8f-6052e512c341:192.168.69.84:40660, 41b9c1bd-cf21-4c7a-8d7a-e228988eafd6:192.168.69.84:46521, ebc3321e-a67e-4048-9fa7-beeb05df4a43:192.168.69.84:45558], old=null at 0
2019-07-13 07:25:09,171 INFO  impl.RaftServerImpl (ServerState.java:setLeader(263)) - 081e239d-284e-44f2-be8f-6052e512c341:group-F94DA6EEBDA4 change Leader from null to ebc3321e-a67e-4048-9fa7-beeb05df4a43 at term 1 for appendEntries, leader elected after 5141ms
2019-07-13 07:25:09,171 INFO  impl.RaftServerImpl (ServerState.java:setLeader(263)) - 41b9c1bd-cf21-4c7a-8d7a-e228988eafd6:group-F94DA6EEBDA4 change Leader from null to ebc3321e-a67e-4048-9fa7-beeb05df4a43 at term 1 for appendEntries, leader elected after 5140ms
2019-07-13 07:25:09,175 INFO  impl.RaftServerImpl (ServerState.java:setRaftConf(361)) - 081e239d-284e-44f2-be8f-6052e512c341:group-F94DA6EEBDA4 set configuration 0: [081e239d-284e-44f2-be8f-6052e512c341:192.168.69.84:40660, 41b9c1bd-cf21-4c7a-8d7a-e228988eafd6:192.168.69.84:46521, ebc3321e-a67e-4048-9fa7-beeb05df4a43:192.168.69.84:45558], old=null at 0
2019-07-13 07:25:09,175 INFO  segmented.SegmentedRaftLogWorker (SegmentedRaftLogWorker.java:startLogSegment(380)) - 081e239d-284e-44f2-be8f-6052e512c341-SegmentedRaftLogWorker:Storage Directory /tmp/workdir/hadoop-ozone/integration-test/target/test-dir/MiniOzoneClusterImpl-0cda291e-93d6-4d20-8c29-6d118f79bbd1/datanode-2/data/ratis/121ac2b7-4d5f-4496-a7eb-f94da6eebda4: Starting segment from index:0
2019-07-13 07:25:09,175 INFO  impl.RaftServerImpl (ServerState.java:setRaftConf(361)) - 41b9c1bd-cf21-4c7a-8d7a-e228988eafd6:group-F94DA6EEBDA4 set configuration 0: [081e239d-284e-44f2-be8f-6052e512c341:192.168.69.84:40660, 41b9c1bd-cf21-4c7a-8d7a-e228988eafd6:192.168.69.84:46521, ebc3321e-a67e-4048-9fa7-beeb05df4a43:192.168.69.84:45558], old=null at 0
2019-07-13 07:25:09,176 INFO  segmented.SegmentedRaftLogWorker (SegmentedRaftLogWorker.java:startLogSegment(380)) - 41b9c1bd-cf21-4c7a-8d7a-e228988eafd6-SegmentedRaftLogWorker:Storage Directory /tmp/workdir/hadoop-ozone/integration-test/target/test-dir/MiniOzoneClusterImpl-0cda291e-93d6-4d20-8c29-6d118f79bbd1/datanode-1/data/ratis/121ac2b7-4d5f-4496-a7eb-f94da6eebda4: Starting segment from index:0
2019-07-13 07:25:09,176 INFO  segmented.SegmentedRaftLogWorker (SegmentedRaftLogWorker.java:execute(569)) - 081e239d-284e-44f2-be8f-6052e512c341-SegmentedRaftLogWorker:Storage Directory /tmp/workdir/hadoop-ozone/integration-test/target/test-dir/MiniOzoneClusterImpl-0cda291e-93d6-4d20-8c29-6d118f79bbd1/datanode-2/data/ratis/b18f553c-e59b-40e3-a62b-7d580069b266: created new log segment /tmp/workdir/hadoop-ozone/integration-test/target/test-dir/MiniOzoneClusterImpl-0cda291e-93d6-4d20-8c29-6d118f79bbd1/datanode-2/data/ratis/b18f553c-e59b-40e3-a62b-7d580069b266/current/log_inprogress_0
2019-07-13 07:25:09,190 INFO  segmented.SegmentedRaftLogWorker (SegmentedRaftLogWorker.java:execute(569)) - ebc3321e-a67e-4048-9fa7-beeb05df4a43-SegmentedRaftLogWorker:Storage Directory /tmp/workdir/hadoop-ozone/integration-test/target/test-dir/MiniOzoneClusterImpl-0cda291e-93d6-4d20-8c29-6d118f79bbd1/datanode-0/data/ratis/121ac2b7-4d5f-4496-a7eb-f94da6eebda4: created new log segment /tmp/workdir/hadoop-ozone/integration-test/target/test-dir/MiniOzoneClusterImpl-0cda291e-93d6-4d20-8c29-6d118f79bbd1/datanode-0/data/ratis/121ac2b7-4d5f-4496-a7eb-f94da6eebda4/current/log_inprogress_0
2019-07-13 07:25:09,204 INFO  segmented.SegmentedRaftLogWorker (SegmentedRaftLogWorker.java:execute(569)) - 081e239d-284e-44f2-be8f-6052e512c341-SegmentedRaftLogWorker:Storage Directory /tmp/workdir/hadoop-ozone/integration-test/target/test-dir/MiniOzoneClusterImpl-0cda291e-93d6-4d20-8c29-6d118f79bbd1/datanode-2/data/ratis/121ac2b7-4d5f-4496-a7eb-f94da6eebda4: created new log segment /tmp/workdir/hadoop-ozone/integration-test/target/test-dir/MiniOzoneClusterImpl-0cda291e-93d6-4d20-8c29-6d118f79bbd1/datanode-2/data/ratis/121ac2b7-4d5f-4496-a7eb-f94da6eebda4/current/log_inprogress_0
2019-07-13 07:25:09,204 INFO  segmented.SegmentedRaftLogWorker (SegmentedRaftLogWorker.java:execute(569)) - 41b9c1bd-cf21-4c7a-8d7a-e228988eafd6-SegmentedRaftLogWorker:Storage Directory /tmp/workdir/hadoop-ozone/integration-test/target/test-dir/MiniOzoneClusterImpl-0cda291e-93d6-4d20-8c29-6d118f79bbd1/datanode-1/data/ratis/121ac2b7-4d5f-4496-a7eb-f94da6eebda4: created new log segment /tmp/workdir/hadoop-ozone/integration-test/target/test-dir/MiniOzoneClusterImpl-0cda291e-93d6-4d20-8c29-6d118f79bbd1/datanode-1/data/ratis/121ac2b7-4d5f-4496-a7eb-f94da6eebda4/current/log_inprogress_0
2019-07-13 07:25:09,245 INFO  impl.FollowerState (FollowerState.java:run(106)) - 065c58a9-3173-4344-9164-c86366c67d3e:group-C32E38C4E4DD changes to CANDIDATE, lastRpcTime:5042, electionTimeout:5042ms
2019-07-13 07:25:09,245 INFO  impl.RoleInfo (RoleInfo.java:shutdownFollowerState(121)) - 065c58a9-3173-4344-9164-c86366c67d3e: shutdown FollowerState
2019-07-13 07:25:09,245 INFO  impl.RaftServerImpl (RaftServerImpl.java:setRole(171)) - 065c58a9-3173-4344-9164-c86366c67d3e:group-C32E38C4E4DD changes role from FOLLOWER to CANDIDATE at term 0 for changeToCandidate
2019-07-13 07:25:09,245 INFO  impl.RoleInfo (RoleInfo.java:updateAndGet(143)) - 065c58a9-3173-4344-9164-c86366c67d3e: start LeaderElection
2019-07-13 07:25:09,279 INFO  impl.LeaderElection (LeaderElection.java:askForVotes(181)) - 065c58a9-3173-4344-9164-c86366c67d3e:group-C32E38C4E4DD:LeaderElection70: begin an election at term 1 for -1: [065c58a9-3173-4344-9164-c86366c67d3e:192.168.69.84:37943], old=null
2019-07-13 07:25:09,279 INFO  impl.RoleInfo (RoleInfo.java:shutdownLeaderElection(134)) - 065c58a9-3173-4344-9164-c86366c67d3e: shutdown LeaderElection
2019-07-13 07:25:09,279 INFO  impl.RaftServerImpl (RaftServerImpl.java:setRole(171)) - 065c58a9-3173-4344-9164-c86366c67d3e:group-C32E38C4E4DD changes role from CANDIDATE to LEADER at term 1 for changeToLeader
2019-07-13 07:25:09,280 INFO  impl.RaftServerImpl (ServerState.java:setLeader(263)) - 065c58a9-3173-4344-9164-c86366c67d3e:group-C32E38C4E4DD change Leader from null to 065c58a9-3173-4344-9164-c86366c67d3e at term 1 for becomeLeader, leader elected after 5081ms
2019-07-13 07:25:09,280 INFO  server.RaftServerConfigKeys (ConfUtils.java:logGet(43)) - raft.server.staging.catchup.gap = 1000 (default)
2019-07-13 07:25:09,280 INFO  server.RaftServerConfigKeys (ConfUtils.java:logGet(43)) - raft.server.rpc.sleep.time = 25ms (default)
2019-07-13 07:25:09,280 INFO  server.RaftServerConfigKeys (ConfUtils.java:logGet(43)) - raft.server.write.element-limit = 4096 (default)
2019-07-13 07:25:09,280 INFO  server.RaftServerConfigKeys (ConfUtils.java:logGet(43)) - raft.server.watch.timeout = 10s (default)
2019-07-13 07:25:09,280 INFO  server.RaftServerConfigKeys (ConfUtils.java:logGet(43)) - raft.server.watch.timeout.denomination = 1s (default)
2019-07-13 07:25:09,280 INFO  server.RaftServerConfigKeys (ConfUtils.java:logGet(43)) - raft.server.watch.element-limit = 65536 (default)
2019-07-13 07:25:09,281 INFO  impl.RoleInfo (RoleInfo.java:updateAndGet(143)) - 065c58a9-3173-4344-9164-c86366c67d3e: start LeaderState
2019-07-13 07:25:09,281 INFO  segmented.SegmentedRaftLogWorker (SegmentedRaftLogWorker.java:startLogSegment(380)) - 065c58a9-3173-4344-9164-c86366c67d3e-SegmentedRaftLogWorker:Storage Directory /tmp/workdir/hadoop-ozone/integration-test/target/test-dir/MiniOzoneClusterImpl-0cda291e-93d6-4d20-8c29-6d118f79bbd1/datanode-3/data/ratis/fb0f291c-58f8-42e1-92ef-c32e38c4e4dd: Starting segment from index:0
2019-07-13 07:25:09,282 INFO  impl.RaftServerImpl (ServerState.java:setRaftConf(361)) - 065c58a9-3173-4344-9164-c86366c67d3e:group-C32E38C4E4DD set configuration 0: [065c58a9-3173-4344-9164-c86366c67d3e:192.168.69.84:37943], old=null at 0
2019-07-13 07:25:09,313 INFO  segmented.SegmentedRaftLogWorker (SegmentedRaftLogWorker.java:execute(569)) - 065c58a9-3173-4344-9164-c86366c67d3e-SegmentedRaftLogWorker:Storage Directory /tmp/workdir/hadoop-ozone/integration-test/target/test-dir/MiniOzoneClusterImpl-0cda291e-93d6-4d20-8c29-6d118f79bbd1/datanode-3/data/ratis/fb0f291c-58f8-42e1-92ef-c32e38c4e4dd: created new log segment /tmp/workdir/hadoop-ozone/integration-test/target/test-dir/MiniOzoneClusterImpl-0cda291e-93d6-4d20-8c29-6d118f79bbd1/datanode-3/data/ratis/fb0f291c-58f8-42e1-92ef-c32e38c4e4dd/current/log_inprogress_0
2019-07-13 07:25:09,507 INFO  impl.FollowerState (FollowerState.java:run(106)) - bedd0106-2caf-44e8-be25-b5cd250d796d:group-EE8906C78214 changes to CANDIDATE, lastRpcTime:5092, electionTimeout:5021ms
2019-07-13 07:25:09,507 INFO  impl.RoleInfo (RoleInfo.java:shutdownFollowerState(121)) - bedd0106-2caf-44e8-be25-b5cd250d796d: shutdown FollowerState
2019-07-13 07:25:09,508 INFO  impl.RaftServerImpl (RaftServerImpl.java:setRole(171)) - bedd0106-2caf-44e8-be25-b5cd250d796d:group-EE8906C78214 changes role from FOLLOWER to CANDIDATE at term 0 for changeToCandidate
2019-07-13 07:25:09,508 INFO  impl.RoleInfo (RoleInfo.java:updateAndGet(143)) - bedd0106-2caf-44e8-be25-b5cd250d796d: start LeaderElection
2019-07-13 07:25:09,586 INFO  impl.LeaderElection (LeaderElection.java:askForVotes(181)) - bedd0106-2caf-44e8-be25-b5cd250d796d:group-EE8906C78214:LeaderElection71: begin an election at term 1 for -1: [bedd0106-2caf-44e8-be25-b5cd250d796d:192.168.69.84:43390], old=null
2019-07-13 07:25:09,586 INFO  impl.RoleInfo (RoleInfo.java:shutdownLeaderElection(134)) - bedd0106-2caf-44e8-be25-b5cd250d796d: shutdown LeaderElection
2019-07-13 07:25:09,586 INFO  impl.RaftServerImpl (RaftServerImpl.java:setRole(171)) - bedd0106-2caf-44e8-be25-b5cd250d796d:group-EE8906C78214 changes role from CANDIDATE to LEADER at term 1 for changeToLeader
2019-07-13 07:25:09,586 INFO  impl.RaftServerImpl (ServerState.java:setLeader(263)) - bedd0106-2caf-44e8-be25-b5cd250d796d:group-EE8906C78214 change Leader from null to bedd0106-2caf-44e8-be25-b5cd250d796d at term 1 for becomeLeader, leader elected after 5175ms
2019-07-13 07:25:09,586 INFO  server.RaftServerConfigKeys (ConfUtils.java:logGet(43)) - raft.server.staging.catchup.gap = 1000 (default)
2019-07-13 07:25:09,586 INFO  server.RaftServerConfigKeys (ConfUtils.java:logGet(43)) - raft.server.rpc.sleep.time = 25ms (default)
2019-07-13 07:25:09,587 INFO  server.RaftServerConfigKeys (ConfUtils.java:logGet(43)) - raft.server.write.element-limit = 4096 (default)
2019-07-13 07:25:09,587 INFO  server.RaftServerConfigKeys (ConfUtils.java:logGet(43)) - raft.server.watch.timeout = 10s (default)
2019-07-13 07:25:09,587 INFO  server.RaftServerConfigKeys (ConfUtils.java:logGet(43)) - raft.server.watch.timeout.denomination = 1s (default)
2019-07-13 07:25:09,587 INFO  server.RaftServerConfigKeys (ConfUtils.java:logGet(43)) - raft.server.watch.element-limit = 65536 (default)
2019-07-13 07:25:09,587 INFO  impl.RoleInfo (RoleInfo.java:updateAndGet(143)) - bedd0106-2caf-44e8-be25-b5cd250d796d: start LeaderState
2019-07-13 07:25:09,587 INFO  segmented.SegmentedRaftLogWorker (SegmentedRaftLogWorker.java:startLogSegment(380)) - bedd0106-2caf-44e8-be25-b5cd250d796d-SegmentedRaftLogWorker:Storage Directory /tmp/workdir/hadoop-ozone/integration-test/target/test-dir/MiniOzoneClusterImpl-0cda291e-93d6-4d20-8c29-6d118f79bbd1/datanode-4/data/ratis/6eb52c8e-6a44-4da2-a2e1-ee8906c78214: Starting segment from index:0
2019-07-13 07:25:09,588 INFO  impl.RaftServerImpl (ServerState.java:setRaftConf(361)) - bedd0106-2caf-44e8-be25-b5cd250d796d:group-EE8906C78214 set configuration 0: [bedd0106-2caf-44e8-be25-b5cd250d796d:192.168.69.84:43390], old=null at 0
2019-07-13 07:25:09,627 INFO  segmented.SegmentedRaftLogWorker (SegmentedRaftLogWorker.java:execute(569)) - bedd0106-2caf-44e8-be25-b5cd250d796d-SegmentedRaftLogWorker:Storage Directory /tmp/workdir/hadoop-ozone/integration-test/target/test-dir/MiniOzoneClusterImpl-0cda291e-93d6-4d20-8c29-6d118f79bbd1/datanode-4/data/ratis/6eb52c8e-6a44-4da2-a2e1-ee8906c78214: created new log segment /tmp/workdir/hadoop-ozone/integration-test/target/test-dir/MiniOzoneClusterImpl-0cda291e-93d6-4d20-8c29-6d118f79bbd1/datanode-4/data/ratis/6eb52c8e-6a44-4da2-a2e1-ee8906c78214/current/log_inprogress_0
2019-07-13 07:25:09,709 INFO  impl.FollowerState (FollowerState.java:run(106)) - 13b5e0e7-42b7-4760-b7b7-d2ff82d10736:group-390BE36203C9 changes to CANDIDATE, lastRpcTime:5010, electionTimeout:5010ms
2019-07-13 07:25:09,709 INFO  impl.RoleInfo (RoleInfo.java:shutdownFollowerState(121)) - 13b5e0e7-42b7-4760-b7b7-d2ff82d10736: shutdown FollowerState
2019-07-13 07:25:09,709 INFO  impl.RaftServerImpl (RaftServerImpl.java:setRole(171)) - 13b5e0e7-42b7-4760-b7b7-d2ff82d10736:group-390BE36203C9 changes role from FOLLOWER to CANDIDATE at term 0 for changeToCandidate
2019-07-13 07:25:09,709 INFO  impl.RoleInfo (RoleInfo.java:updateAndGet(143)) - 13b5e0e7-42b7-4760-b7b7-d2ff82d10736: start LeaderElection
2019-07-13 07:25:09,742 INFO  impl.LeaderElection (LeaderElection.java:askForVotes(181)) - 13b5e0e7-42b7-4760-b7b7-d2ff82d10736:group-390BE36203C9:LeaderElection72: begin an election at term 1 for -1: [13b5e0e7-42b7-4760-b7b7-d2ff82d10736:192.168.69.84:39462, 065c58a9-3173-4344-9164-c86366c67d3e:192.168.69.84:37943, bedd0106-2caf-44e8-be25-b5cd250d796d:192.168.69.84:43390], old=null
2019-07-13 07:25:09,777 INFO  impl.FollowerState (FollowerState.java:run(106)) - 13b5e0e7-42b7-4760-b7b7-d2ff82d10736:group-97A72F4C62BC changes to CANDIDATE, lastRpcTime:5149, electionTimeout:5149ms
2019-07-13 07:25:09,777 INFO  impl.RoleInfo (RoleInfo.java:shutdownFollowerState(121)) - 13b5e0e7-42b7-4760-b7b7-d2ff82d10736: shutdown FollowerState
2019-07-13 07:25:09,777 INFO  impl.RaftServerImpl (RaftServerImpl.java:setRole(171)) - 13b5e0e7-42b7-4760-b7b7-d2ff82d10736:group-97A72F4C62BC changes role from FOLLOWER to CANDIDATE at term 0 for changeToCandidate
2019-07-13 07:25:09,777 INFO  impl.RoleInfo (RoleInfo.java:updateAndGet(143)) - 13b5e0e7-42b7-4760-b7b7-d2ff82d10736: start LeaderElection
2019-07-13 07:25:09,777 INFO  impl.RaftServerImpl (RaftServerImpl.java:setRole(171)) - 065c58a9-3173-4344-9164-c86366c67d3e:group-390BE36203C9 changes role from FOLLOWER to FOLLOWER at term 1 for recognizeCandidate:13b5e0e7-42b7-4760-b7b7-d2ff82d10736
2019-07-13 07:25:09,778 INFO  impl.RoleInfo (RoleInfo.java:shutdownFollowerState(121)) - 065c58a9-3173-4344-9164-c86366c67d3e: shutdown FollowerState
2019-07-13 07:25:09,778 INFO  impl.RaftServerImpl (RaftServerImpl.java:setRole(171)) - bedd0106-2caf-44e8-be25-b5cd250d796d:group-390BE36203C9 changes role from FOLLOWER to FOLLOWER at term 1 for recognizeCandidate:13b5e0e7-42b7-4760-b7b7-d2ff82d10736
2019-07-13 07:25:09,786 INFO  impl.RoleInfo (RoleInfo.java:shutdownFollowerState(121)) - bedd0106-2caf-44e8-be25-b5cd250d796d: shutdown FollowerState
2019-07-13 07:25:09,778 INFO  impl.FollowerState (FollowerState.java:run(114)) - 065c58a9-3173-4344-9164-c86366c67d3e: FollowerState was interrupted: java.lang.InterruptedException: sleep interrupted
2019-07-13 07:25:09,787 INFO  impl.FollowerState (FollowerState.java:run(114)) - bedd0106-2caf-44e8-be25-b5cd250d796d: FollowerState was interrupted: java.lang.InterruptedException: sleep interrupted
2019-07-13 07:25:09,778 INFO  impl.RoleInfo (RoleInfo.java:updateAndGet(143)) - 065c58a9-3173-4344-9164-c86366c67d3e: start FollowerState
2019-07-13 07:25:09,787 INFO  impl.RoleInfo (RoleInfo.java:updateAndGet(143)) - bedd0106-2caf-44e8-be25-b5cd250d796d: start FollowerState
2019-07-13 07:25:09,800 INFO  impl.LeaderElection (LeaderElection.java:askForVotes(181)) - 13b5e0e7-42b7-4760-b7b7-d2ff82d10736:group-97A72F4C62BC:LeaderElection73: begin an election at term 1 for -1: [13b5e0e7-42b7-4760-b7b7-d2ff82d10736:192.168.69.84:39462], old=null
2019-07-13 07:25:09,800 INFO  impl.RoleInfo (RoleInfo.java:shutdownLeaderElection(134)) - 13b5e0e7-42b7-4760-b7b7-d2ff82d10736: shutdown LeaderElection
2019-07-13 07:25:09,800 INFO  impl.RaftServerImpl (RaftServerImpl.java:setRole(171)) - 13b5e0e7-42b7-4760-b7b7-d2ff82d10736:group-97A72F4C62BC changes role from CANDIDATE to LEADER at term 1 for changeToLeader
2019-07-13 07:25:09,800 INFO  impl.RaftServerImpl (ServerState.java:setLeader(263)) - 13b5e0e7-42b7-4760-b7b7-d2ff82d10736:group-97A72F4C62BC change Leader from null to 13b5e0e7-42b7-4760-b7b7-d2ff82d10736 at term 1 for becomeLeader, leader elected after 5177ms
2019-07-13 07:25:09,800 INFO  server.RaftServerConfigKeys (ConfUtils.java:logGet(43)) - raft.server.staging.catchup.gap = 1000 (default)
2019-07-13 07:25:09,801 INFO  server.RaftServerConfigKeys (ConfUtils.java:logGet(43)) - raft.server.rpc.sleep.time = 25ms (default)
2019-07-13 07:25:09,801 INFO  server.RaftServerConfigKeys (ConfUtils.java:logGet(43)) - raft.server.write.element-limit = 4096 (default)
2019-07-13 07:25:09,801 INFO  impl.LeaderElection (LeaderElection.java:logAndReturn(56)) - 13b5e0e7-42b7-4760-b7b7-d2ff82d10736:group-390BE36203C9:LeaderElection72: Election PASSED; received 1 response(s) [13b5e0e7-42b7-4760-b7b7-d2ff82d10736<-065c58a9-3173-4344-9164-c86366c67d3e#0:OK-t1] and 0 exception(s); 13b5e0e7-42b7-4760-b7b7-d2ff82d10736:t1, leader=null, voted=13b5e0e7-42b7-4760-b7b7-d2ff82d10736, raftlog=13b5e0e7-42b7-4760-b7b7-d2ff82d10736-SegmentedRaftLog:OPENED:c-1,f-1,i0, conf=-1: [13b5e0e7-42b7-4760-b7b7-d2ff82d10736:192.168.69.84:39462, 065c58a9-3173-4344-9164-c86366c67d3e:192.168.69.84:37943, bedd0106-2caf-44e8-be25-b5cd250d796d:192.168.69.84:43390], old=null
2019-07-13 07:25:09,801 INFO  server.RaftServerConfigKeys (ConfUtils.java:logGet(43)) - raft.server.watch.timeout = 10s (default)
2019-07-13 07:25:09,801 INFO  impl.RoleInfo (RoleInfo.java:shutdownLeaderElection(134)) - 13b5e0e7-42b7-4760-b7b7-d2ff82d10736: shutdown LeaderElection
2019-07-13 07:25:09,801 INFO  server.RaftServerConfigKeys (ConfUtils.java:logGet(43)) - raft.server.watch.timeout.denomination = 1s (default)
2019-07-13 07:25:09,801 INFO  impl.RaftServerImpl (RaftServerImpl.java:setRole(171)) - 13b5e0e7-42b7-4760-b7b7-d2ff82d10736:group-390BE36203C9 changes role from CANDIDATE to LEADER at term 1 for changeToLeader
2019-07-13 07:25:09,801 INFO  server.RaftServerConfigKeys (ConfUtils.java:logGet(43)) - raft.server.watch.element-limit = 65536 (default)
2019-07-13 07:25:09,802 INFO  impl.RaftServerImpl (ServerState.java:setLeader(263)) - 13b5e0e7-42b7-4760-b7b7-d2ff82d10736:group-390BE36203C9 change Leader from null to 13b5e0e7-42b7-4760-b7b7-d2ff82d10736 at term 1 for becomeLeader, leader elected after 5110ms
2019-07-13 07:25:09,802 INFO  server.RaftServerConfigKeys (ConfUtils.java:logGet(43)) - raft.server.staging.catchup.gap = 1000 (default)
2019-07-13 07:25:09,802 INFO  impl.RoleInfo (RoleInfo.java:updateAndGet(143)) - 13b5e0e7-42b7-4760-b7b7-d2ff82d10736: start LeaderState
2019-07-13 07:25:09,802 INFO  server.RaftServerConfigKeys (ConfUtils.java:logGet(43)) - raft.server.rpc.sleep.time = 25ms (default)
2019-07-13 07:25:09,802 INFO  server.RaftServerConfigKeys (ConfUtils.java:logGet(43)) - raft.server.write.element-limit = 4096 (default)
2019-07-13 07:25:09,802 INFO  segmented.SegmentedRaftLogWorker (SegmentedRaftLogWorker.java:startLogSegment(380)) - 13b5e0e7-42b7-4760-b7b7-d2ff82d10736-SegmentedRaftLogWorker:Storage Directory /tmp/workdir/hadoop-ozone/integration-test/target/test-dir/MiniOzoneClusterImpl-0cda291e-93d6-4d20-8c29-6d118f79bbd1/datanode-5/data/ratis/30f3f72c-9126-43d2-a1b0-97a72f4c62bc: Starting segment from index:0
2019-07-13 07:25:09,802 INFO  server.RaftServerConfigKeys (ConfUtils.java:logGet(43)) - raft.server.watch.timeout = 10s (default)
2019-07-13 07:25:09,803 INFO  server.RaftServerConfigKeys (ConfUtils.java:logGet(43)) - raft.server.watch.timeout.denomination = 1s (default)
2019-07-13 07:25:09,803 INFO  server.RaftServerConfigKeys (ConfUtils.java:logGet(43)) - raft.server.watch.element-limit = 65536 (default)
2019-07-13 07:25:09,803 INFO  impl.RaftServerImpl (ServerState.java:setRaftConf(361)) - 13b5e0e7-42b7-4760-b7b7-d2ff82d10736:group-97A72F4C62BC set configuration 0: [13b5e0e7-42b7-4760-b7b7-d2ff82d10736:192.168.69.84:39462], old=null at 0
2019-07-13 07:25:09,803 INFO  server.RaftServerConfigKeys (ConfUtils.java:logGet(43)) - raft.server.log.appender.snapshot.chunk.size.max = 16MB (=16777216) (default)
2019-07-13 07:25:09,835 INFO  server.RaftServerConfigKeys (ConfUtils.java:logGet(43)) - raft.server.log.appender.buffer.byte-limit = 33554432 (custom)
2019-07-13 07:25:09,835 INFO  server.RaftServerConfigKeys (ConfUtils.java:logGet(43)) - raft.server.log.appender.buffer.element-limit = 1 (custom)
2019-07-13 07:25:09,835 INFO  grpc.GrpcConfigKeys$Server (ConfUtils.java:logGet(43)) - raft.grpc.server.leader.outstanding.appends.max = 128 (default)
2019-07-13 07:25:09,835 INFO  server.RaftServerConfigKeys (ConfUtils.java:logGet(43)) - raft.server.rpc.request.timeout = 3000ms (default)
2019-07-13 07:25:09,835 INFO  server.RaftServerConfigKeys (ConfUtils.java:logGet(43)) - raft.server.log.appender.install.snapshot.enabled = false (custom)
2019-07-13 07:25:09,836 INFO  server.RaftServerConfigKeys (ConfUtils.java:logGet(43)) - raft.server.log.appender.snapshot.chunk.size.max = 16MB (=16777216) (default)
2019-07-13 07:25:09,836 INFO  server.RaftServerConfigKeys (ConfUtils.java:logGet(43)) - raft.server.log.appender.buffer.byte-limit = 33554432 (custom)
2019-07-13 07:25:09,836 INFO  server.RaftServerConfigKeys (ConfUtils.java:logGet(43)) - raft.server.log.appender.buffer.element-limit = 1 (custom)
2019-07-13 07:25:09,836 INFO  grpc.GrpcConfigKeys$Server (ConfUtils.java:logGet(43)) - raft.grpc.server.leader.outstanding.appends.max = 128 (default)
2019-07-13 07:25:09,836 INFO  server.RaftServerConfigKeys (ConfUtils.java:logGet(43)) - raft.server.rpc.request.timeout = 3000ms (default)
2019-07-13 07:25:09,837 INFO  server.RaftServerConfigKeys (ConfUtils.java:logGet(43)) - raft.server.log.appender.install.snapshot.enabled = false (custom)
2019-07-13 07:25:09,837 INFO  impl.RoleInfo (RoleInfo.java:updateAndGet(143)) - 13b5e0e7-42b7-4760-b7b7-d2ff82d10736: start LeaderState
2019-07-13 07:25:09,837 INFO  segmented.SegmentedRaftLogWorker (SegmentedRaftLogWorker.java:startLogSegment(380)) - 13b5e0e7-42b7-4760-b7b7-d2ff82d10736-SegmentedRaftLogWorker:Storage Directory /tmp/workdir/hadoop-ozone/integration-test/target/test-dir/MiniOzoneClusterImpl-0cda291e-93d6-4d20-8c29-6d118f79bbd1/datanode-5/data/ratis/4bdb85ca-03cc-4b61-bf74-390be36203c9: Starting segment from index:0
2019-07-13 07:25:09,838 INFO  impl.RaftServerImpl (ServerState.java:setRaftConf(361)) - 13b5e0e7-42b7-4760-b7b7-d2ff82d10736:group-390BE36203C9 set configuration 0: [13b5e0e7-42b7-4760-b7b7-d2ff82d10736:192.168.69.84:39462, 065c58a9-3173-4344-9164-c86366c67d3e:192.168.69.84:37943, bedd0106-2caf-44e8-be25-b5cd250d796d:192.168.69.84:43390], old=null at 0
2019-07-13 07:25:09,840 INFO  impl.RaftServerImpl (ServerState.java:setLeader(263)) - bedd0106-2caf-44e8-be25-b5cd250d796d:group-390BE36203C9 change Leader from null to 13b5e0e7-42b7-4760-b7b7-d2ff82d10736 at term 1 for appendEntries, leader elected after 5149ms
2019-07-13 07:25:09,840 INFO  impl.RaftServerImpl (ServerState.java:setLeader(263)) - 065c58a9-3173-4344-9164-c86366c67d3e:group-390BE36203C9 change Leader from null to 13b5e0e7-42b7-4760-b7b7-d2ff82d10736 at term 1 for appendEntries, leader elected after 5148ms
2019-07-13 07:25:09,865 INFO  segmented.SegmentedRaftLogWorker (SegmentedRaftLogWorker.java:execute(569)) - 13b5e0e7-42b7-4760-b7b7-d2ff82d10736-SegmentedRaftLogWorker:Storage Directory /tmp/workdir/hadoop-ozone/integration-test/target/test-dir/MiniOzoneClusterImpl-0cda291e-93d6-4d20-8c29-6d118f79bbd1/datanode-5/data/ratis/30f3f72c-9126-43d2-a1b0-97a72f4c62bc: created new log segment /tmp/workdir/hadoop-ozone/integration-test/target/test-dir/MiniOzoneClusterImpl-0cda291e-93d6-4d20-8c29-6d118f79bbd1/datanode-5/data/ratis/30f3f72c-9126-43d2-a1b0-97a72f4c62bc/current/log_inprogress_0
2019-07-13 07:25:09,875 INFO  impl.RaftServerImpl (ServerState.java:setRaftConf(361)) - 065c58a9-3173-4344-9164-c86366c67d3e:group-390BE36203C9 set configuration 0: [13b5e0e7-42b7-4760-b7b7-d2ff82d10736:192.168.69.84:39462, 065c58a9-3173-4344-9164-c86366c67d3e:192.168.69.84:37943, bedd0106-2caf-44e8-be25-b5cd250d796d:192.168.69.84:43390], old=null at 0
2019-07-13 07:25:09,876 INFO  impl.RaftServerImpl (ServerState.java:setRaftConf(361)) - bedd0106-2caf-44e8-be25-b5cd250d796d:group-390BE36203C9 set configuration 0: [13b5e0e7-42b7-4760-b7b7-d2ff82d10736:192.168.69.84:39462, 065c58a9-3173-4344-9164-c86366c67d3e:192.168.69.84:37943, bedd0106-2caf-44e8-be25-b5cd250d796d:192.168.69.84:43390], old=null at 0
2019-07-13 07:25:09,876 INFO  segmented.SegmentedRaftLogWorker (SegmentedRaftLogWorker.java:startLogSegment(380)) - 065c58a9-3173-4344-9164-c86366c67d3e-SegmentedRaftLogWorker:Storage Directory /tmp/workdir/hadoop-ozone/integration-test/target/test-dir/MiniOzoneClusterImpl-0cda291e-93d6-4d20-8c29-6d118f79bbd1/datanode-3/data/ratis/4bdb85ca-03cc-4b61-bf74-390be36203c9: Starting segment from index:0
2019-07-13 07:25:09,876 INFO  segmented.SegmentedRaftLogWorker (SegmentedRaftLogWorker.java:startLogSegment(380)) - bedd0106-2caf-44e8-be25-b5cd250d796d-SegmentedRaftLogWorker:Storage Directory /tmp/workdir/hadoop-ozone/integration-test/target/test-dir/MiniOzoneClusterImpl-0cda291e-93d6-4d20-8c29-6d118f79bbd1/datanode-4/data/ratis/4bdb85ca-03cc-4b61-bf74-390be36203c9: Starting segment from index:0
2019-07-13 07:25:09,877 INFO  segmented.SegmentedRaftLogWorker (SegmentedRaftLogWorker.java:execute(569)) - 13b5e0e7-42b7-4760-b7b7-d2ff82d10736-SegmentedRaftLogWorker:Storage Directory /tmp/workdir/hadoop-ozone/integration-test/target/test-dir/MiniOzoneClusterImpl-0cda291e-93d6-4d20-8c29-6d118f79bbd1/datanode-5/data/ratis/4bdb85ca-03cc-4b61-bf74-390be36203c9: created new log segment /tmp/workdir/hadoop-ozone/integration-test/target/test-dir/MiniOzoneClusterImpl-0cda291e-93d6-4d20-8c29-6d118f79bbd1/datanode-5/data/ratis/4bdb85ca-03cc-4b61-bf74-390be36203c9/current/log_inprogress_0
2019-07-13 07:25:09,908 INFO  segmented.SegmentedRaftLogWorker (SegmentedRaftLogWorker.java:execute(569)) - bedd0106-2caf-44e8-be25-b5cd250d796d-SegmentedRaftLogWorker:Storage Directory /tmp/workdir/hadoop-ozone/integration-test/target/test-dir/MiniOzoneClusterImpl-0cda291e-93d6-4d20-8c29-6d118f79bbd1/datanode-4/data/ratis/4bdb85ca-03cc-4b61-bf74-390be36203c9: created new log segment /tmp/workdir/hadoop-ozone/integration-test/target/test-dir/MiniOzoneClusterImpl-0cda291e-93d6-4d20-8c29-6d118f79bbd1/datanode-4/data/ratis/4bdb85ca-03cc-4b61-bf74-390be36203c9/current/log_inprogress_0
2019-07-13 07:25:09,908 INFO  segmented.SegmentedRaftLogWorker (SegmentedRaftLogWorker.java:execute(569)) - 065c58a9-3173-4344-9164-c86366c67d3e-SegmentedRaftLogWorker:Storage Directory /tmp/workdir/hadoop-ozone/integration-test/target/test-dir/MiniOzoneClusterImpl-0cda291e-93d6-4d20-8c29-6d118f79bbd1/datanode-3/data/ratis/4bdb85ca-03cc-4b61-bf74-390be36203c9: created new log segment /tmp/workdir/hadoop-ozone/integration-test/target/test-dir/MiniOzoneClusterImpl-0cda291e-93d6-4d20-8c29-6d118f79bbd1/datanode-3/data/ratis/4bdb85ca-03cc-4b61-bf74-390be36203c9/current/log_inprogress_0
2019-07-13 07:25:10,120 INFO  client.GrpcClientProtocolClient (GrpcClientProtocolClient.java:onNext(255)) - client-84A232460EF5->ebc3321e-a67e-4048-9fa7-beeb05df4a43: receive RaftClientReply:client-84A232460EF5->ebc3321e-a67e-4048-9fa7-beeb05df4a43@group-F94DA6EEBDA4, cid=152, SUCCESS, logIndex=1, commits[ebc3321e-a67e-4048-9fa7-beeb05df4a43:c1, 081e239d-284e-44f2-be8f-6052e512c341:c0, 41b9c1bd-cf21-4c7a-8d7a-e228988eafd6:c0]
2019-07-13 07:25:10,227 INFO  client.GrpcClientProtocolClient (GrpcClientProtocolClient.java:onNext(255)) - client-84A232460EF5->ebc3321e-a67e-4048-9fa7-beeb05df4a43: receive RaftClientReply:client-84A232460EF5->ebc3321e-a67e-4048-9fa7-beeb05df4a43@group-F94DA6EEBDA4, cid=153, SUCCESS, logIndex=3, commits[ebc3321e-a67e-4048-9fa7-beeb05df4a43:c7, 081e239d-284e-44f2-be8f-6052e512c341:c5, 41b9c1bd-cf21-4c7a-8d7a-e228988eafd6:c5]
2019-07-13 07:25:10,227 INFO  client.GrpcClientProtocolClient (GrpcClientProtocolClient.java:onNext(255)) - client-84A232460EF5->ebc3321e-a67e-4048-9fa7-beeb05df4a43: receive RaftClientReply:client-84A232460EF5->ebc3321e-a67e-4048-9fa7-beeb05df4a43@group-F94DA6EEBDA4, cid=154, SUCCESS, logIndex=4, commits[ebc3321e-a67e-4048-9fa7-beeb05df4a43:c7, 081e239d-284e-44f2-be8f-6052e512c341:c5, 41b9c1bd-cf21-4c7a-8d7a-e228988eafd6:c5]
2019-07-13 07:25:10,316 INFO  client.GrpcClientProtocolClient (GrpcClientProtocolClient.java:onNext(255)) - client-84A232460EF5->ebc3321e-a67e-4048-9fa7-beeb05df4a43: receive RaftClientReply:client-84A232460EF5->ebc3321e-a67e-4048-9fa7-beeb05df4a43@group-F94DA6EEBDA4, cid=155, SUCCESS, logIndex=5, commits[ebc3321e-a67e-4048-9fa7-beeb05df4a43:c7, 081e239d-284e-44f2-be8f-6052e512c341:c5, 41b9c1bd-cf21-4c7a-8d7a-e228988eafd6:c5]
2019-07-13 07:25:10,348 INFO  client.GrpcClientProtocolClient (GrpcClientProtocolClient.java:onNext(255)) - client-84A232460EF5->ebc3321e-a67e-4048-9fa7-beeb05df4a43: receive RaftClientReply:client-84A232460EF5->ebc3321e-a67e-4048-9fa7-beeb05df4a43@group-F94DA6EEBDA4, cid=156, SUCCESS, logIndex=8, commits[ebc3321e-a67e-4048-9fa7-beeb05df4a43:c9, 081e239d-284e-44f2-be8f-6052e512c341:c7, 41b9c1bd-cf21-4c7a-8d7a-e228988eafd6:c7]
2019-07-13 07:25:10,348 INFO  client.GrpcClientProtocolClient (GrpcClientProtocolClient.java:onNext(255)) - client-84A232460EF5->ebc3321e-a67e-4048-9fa7-beeb05df4a43: receive RaftClientReply:client-84A232460EF5->ebc3321e-a67e-4048-9fa7-beeb05df4a43@group-F94DA6EEBDA4, cid=157, SUCCESS, logIndex=9, commits[ebc3321e-a67e-4048-9fa7-beeb05df4a43:c11, 081e239d-284e-44f2-be8f-6052e512c341:c7, 41b9c1bd-cf21-4c7a-8d7a-e228988eafd6:c7]
2019-07-13 07:25:10,349 INFO  client.GrpcClientProtocolClient (GrpcClientProtocolClient.java:onNext(255)) - client-84A232460EF5->ebc3321e-a67e-4048-9fa7-beeb05df4a43: receive RaftClientReply:client-84A232460EF5->ebc3321e-a67e-4048-9fa7-beeb05df4a43@group-F94DA6EEBDA4, cid=158, SUCCESS, logIndex=10, commits[ebc3321e-a67e-4048-9fa7-beeb05df4a43:c11, 081e239d-284e-44f2-be8f-6052e512c341:c7, 41b9c1bd-cf21-4c7a-8d7a-e228988eafd6:c7]
2019-07-13 07:25:10,350 INFO  client.GrpcClientProtocolClient (GrpcClientProtocolClient.java:onNext(255)) - client-84A232460EF5->ebc3321e-a67e-4048-9fa7-beeb05df4a43: receive RaftClientReply:client-84A232460EF5->ebc3321e-a67e-4048-9fa7-beeb05df4a43@group-F94DA6EEBDA4, cid=159, SUCCESS, logIndex=11, commits[ebc3321e-a67e-4048-9fa7-beeb05df4a43:c11, 081e239d-284e-44f2-be8f-6052e512c341:c7, 41b9c1bd-cf21-4c7a-8d7a-e228988eafd6:c7]
2019-07-13 07:25:10,371 INFO  client.GrpcClientProtocolClient (GrpcClientProtocolClient.java:onNext(255)) - client-84A232460EF5->ebc3321e-a67e-4048-9fa7-beeb05df4a43: receive RaftClientReply:client-84A232460EF5->ebc3321e-a67e-4048-9fa7-beeb05df4a43@group-F94DA6EEBDA4, cid=160, SUCCESS, logIndex=0, commits[ebc3321e-a67e-4048-9fa7-beeb05df4a43:c12, 081e239d-284e-44f2-be8f-6052e512c341:c9, 41b9c1bd-cf21-4c7a-8d7a-e228988eafd6:c9]
2019-07-13 07:25:10,373 INFO  client.GrpcClientProtocolClient (GrpcClientProtocolClient.java:onNext(255)) - client-84A232460EF5->ebc3321e-a67e-4048-9fa7-beeb05df4a43: receive RaftClientReply:client-84A232460EF5->ebc3321e-a67e-4048-9fa7-beeb05df4a43@group-F94DA6EEBDA4, cid=161, SUCCESS, logIndex=0, commits[ebc3321e-a67e-4048-9fa7-beeb05df4a43:c14, 081e239d-284e-44f2-be8f-6052e512c341:c11, 41b9c1bd-cf21-4c7a-8d7a-e228988eafd6:c11]
2019-07-13 07:25:10,403 INFO  datanode.ObjectStoreHandler (ObjectStoreHandler.java:close(155)) - Closing ObjectStoreHandler.
2019-07-13 07:25:10,404 INFO  ozone.HddsDatanodeService (HddsDatanodeService.java:stop(452)) - Stopped plug-in org.apache.hadoop.ozone.web.OzoneHddsDatanodeService@708f4d81
2019-07-13 07:25:10,519 INFO  statemachine.DatanodeStateMachine (DatanodeStateMachine.java:lambda$startDaemon$0(350)) - Ozone container server started.
2019-07-13 07:25:10,529 INFO  client.GrpcClientProtocolClient (GrpcClientProtocolClient.java:onNext(255)) - client-84A232460EF5->ebc3321e-a67e-4048-9fa7-beeb05df4a43: receive RaftClientReply:client-84A232460EF5->ebc3321e-a67e-4048-9fa7-beeb05df4a43@group-F94DA6EEBDA4, cid=162, SUCCESS, logIndex=15, commits[ebc3321e-a67e-4048-9fa7-beeb05df4a43:c16, 081e239d-284e-44f2-be8f-6052e512c341:c14, 41b9c1bd-cf21-4c7a-8d7a-e228988eafd6:c14]
2019-07-13 07:25:10,576 INFO  client.GrpcClientProtocolClient (GrpcClientProtocolClient.java:onNext(255)) - client-84A232460EF5->ebc3321e-a67e-4048-9fa7-beeb05df4a43: receive RaftClientReply:client-84A232460EF5->ebc3321e-a67e-4048-9fa7-beeb05df4a43@group-F94DA6EEBDA4, cid=163, SUCCESS, logIndex=16, commits[ebc3321e-a67e-4048-9fa7-beeb05df4a43:c18, 081e239d-284e-44f2-be8f-6052e512c341:c16, 41b9c1bd-cf21-4c7a-8d7a-e228988eafd6:c16]
2019-07-13 07:25:10,788 WARN  server.GrpcLogAppender (LogUtils.java:warn(134)) - c18e5551-1800-40d1-9af7-9b9ec855c36c->b6a2e03e-f3bd-4b9a-b2cc-05e16fdeb3db: Failed appendEntries: org.apache.ratis.thirdparty.io.grpc.StatusRuntimeException: UNAVAILABLE: io exception
2019-07-13 07:25:10,801 INFO  impl.FollowerInfo (FollowerInfo.java:lambda$new$0(50)) - c18e5551-1800-40d1-9af7-9b9ec855c36c->b6a2e03e-f3bd-4b9a-b2cc-05e16fdeb3db: nextIndex: updateUnconditionally 0 -> 0
2019-07-13 07:25:11,128 WARN  pipeline.RatisPipelineUtils (RatisPipelineUtils.java:destroyPipeline(66)) - Pipeline destroy failed for pipeline=PipelineID=b46037b2-73da-45c5-8034-72fc7cdcef28 dn=b6a2e03e-f3bd-4b9a-b2cc-05e16fdeb3db{ip: 192.168.69.84, host: trunk-nightly-9lh4p-2362225927, networkLocation: /default-rack, certSerialId: null}
2019-07-13 07:25:11,129 INFO  pipeline.PipelineStateManager (PipelineStateManager.java:removePipeline(108)) - Pipeline Pipeline[ Id: b46037b2-73da-45c5-8034-72fc7cdcef28, Nodes: b6a2e03e-f3bd-4b9a-b2cc-05e16fdeb3db{ip: 192.168.69.84, host: trunk-nightly-9lh4p-2362225927, networkLocation: /default-rack, certSerialId: null}, Type:RATIS, Factor:ONE, State:CLOSED] removed from db
2019-07-13 07:25:11,133 WARN  pipeline.RatisPipelineUtils (RatisPipelineUtils.java:destroyPipeline(66)) - Pipeline destroy failed for pipeline=PipelineID=a7c8efc7-3d68-4391-8b01-ce70fbaea904 dn=b6a2e03e-f3bd-4b9a-b2cc-05e16fdeb3db{ip: 192.168.69.84, host: trunk-nightly-9lh4p-2362225927, networkLocation: /default-rack, certSerialId: null}
2019-07-13 07:25:11,137 INFO  impl.RaftServerProxy (RaftServerProxy.java:remove(95)) - 77e76158-35fc-4695-b3e3-a902d0efea44: remove FOLLOWER group-CE70FBAEA904 77e76158-35fc-4695-b3e3-a902d0efea44:t1, leader=c18e5551-1800-40d1-9af7-9b9ec855c36c, voted=c18e5551-1800-40d1-9af7-9b9ec855c36c, raftlog=77e76158-35fc-4695-b3e3-a902d0efea44-SegmentedRaftLog:OPENED:c33,f33,i33, conf=0: [77e76158-35fc-4695-b3e3-a902d0efea44:192.168.69.84:39278, b6a2e03e-f3bd-4b9a-b2cc-05e16fdeb3db:192.168.69.84:37076, c18e5551-1800-40d1-9af7-9b9ec855c36c:192.168.69.84:40728], old=null RUNNING
2019-07-13 07:25:11,140 INFO  impl.RaftServerImpl (RaftServerImpl.java:lambda$shutdown$3(245)) - 77e76158-35fc-4695-b3e3-a902d0efea44: shutdown group-CE70FBAEA904
2019-07-13 07:25:11,140 INFO  util.JmxRegister (JmxRegister.java:unregister(73)) - Successfully un-registered JMX Bean with object name Ratis:service=RaftServer,group=group-CE70FBAEA904,id=77e76158-35fc-4695-b3e3-a902d0efea44
2019-07-13 07:25:11,140 INFO  impl.RoleInfo (RoleInfo.java:shutdownFollowerState(121)) - 77e76158-35fc-4695-b3e3-a902d0efea44: shutdown FollowerState
2019-07-13 07:25:11,140 INFO  impl.StateMachineUpdater (StateMachineUpdater.java:stopAndJoin(115)) - StateMachineUpdater:77e76158-35fc-4695-b3e3-a902d0efea44:group-CE70FBAEA904: set stopIndex = 33
2019-07-13 07:25:11,140 INFO  impl.FollowerState (FollowerState.java:run(114)) - 77e76158-35fc-4695-b3e3-a902d0efea44: FollowerState was interrupted: java.lang.InterruptedException: sleep interrupted
2019-07-13 07:25:11,140 INFO  ratis.ContainerStateMachine (ContainerStateMachine.java:takeSnapshot(246)) - Taking snapshot at termIndex:(t:1, i:32)
2019-07-13 07:25:11,141 INFO  ratis.ContainerStateMachine (ContainerStateMachine.java:takeSnapshot(250)) - Taking a snapshot to file /tmp/workdir/hadoop-ozone/integration-test/target/test-dir/MiniOzoneClusterImpl-c9fbaf72-4ac0-424a-a2d4-982d8f0d8e26/datanode-4/data/ratis/a7c8efc7-3d68-4391-8b01-ce70fbaea904/sm/snapshot.1_32
2019-07-13 07:25:11,141 INFO  impl.StateMachineUpdater (StateMachineUpdater.java:takeSnapshot(242)) - StateMachineUpdater:77e76158-35fc-4695-b3e3-a902d0efea44:group-CE70FBAEA904: Took a snapshot at index 32
2019-07-13 07:25:11,141 INFO  impl.StateMachineUpdater (StateMachineUpdater.java:lambda$new$0(80)) - StateMachineUpdater:77e76158-35fc-4695-b3e3-a902d0efea44:group-CE70FBAEA904: snapshotIndex: updateIncreasingly -1 -> 32
2019-07-13 07:25:11,142 INFO  impl.RaftServerImpl (ServerState.java:close(394)) - 77e76158-35fc-4695-b3e3-a902d0efea44:group-CE70FBAEA904 closes. The last applied log index is 33
2019-07-13 07:25:11,142 INFO  segmented.SegmentedRaftLogWorker (SegmentedRaftLogWorker.java:run(313)) - 77e76158-35fc-4695-b3e3-a902d0efea44-SegmentedRaftLogWorker:Storage Directory /tmp/workdir/hadoop-ozone/integration-test/target/test-dir/MiniOzoneClusterImpl-c9fbaf72-4ac0-424a-a2d4-982d8f0d8e26/datanode-4/data/ratis/a7c8efc7-3d68-4391-8b01-ce70fbaea904 was interrupted, exiting. There are 0 tasks remaining in the queue.
2019-07-13 07:25:11,142 INFO  segmented.SegmentedRaftLogWorker (SegmentedRaftLogWorker.java:close(228)) - 77e76158-35fc-4695-b3e3-a902d0efea44-SegmentedRaftLogWorker:Storage Directory /tmp/workdir/hadoop-ozone/integration-test/target/test-dir/MiniOzoneClusterImpl-c9fbaf72-4ac0-424a-a2d4-982d8f0d8e26/datanode-4/data/ratis/a7c8efc7-3d68-4391-8b01-ce70fbaea904 close()
2019-07-13 07:25:11,163 INFO  impl.RaftServerProxy (RaftServerProxy.java:remove(95)) - c18e5551-1800-40d1-9af7-9b9ec855c36c: remove   LEADER group-CE70FBAEA904 c18e5551-1800-40d1-9af7-9b9ec855c36c:t1, leader=c18e5551-1800-40d1-9af7-9b9ec855c36c, voted=c18e5551-1800-40d1-9af7-9b9ec855c36c, raftlog=c18e5551-1800-40d1-9af7-9b9ec855c36c-SegmentedRaftLog:OPENED:c33,f33,i33, conf=0: [77e76158-35fc-4695-b3e3-a902d0efea44:192.168.69.84:39278, b6a2e03e-f3bd-4b9a-b2cc-05e16fdeb3db:192.168.69.84:37076, c18e5551-1800-40d1-9af7-9b9ec855c36c:192.168.69.84:40728], old=null RUNNING
2019-07-13 07:25:11,164 INFO  impl.RaftServerImpl (RaftServerImpl.java:lambda$shutdown$3(245)) - c18e5551-1800-40d1-9af7-9b9ec855c36c: shutdown group-CE70FBAEA904
2019-07-13 07:25:11,164 INFO  util.JmxRegister (JmxRegister.java:unregister(73)) - Successfully un-registered JMX Bean with object name Ratis:service=RaftServer,group=group-CE70FBAEA904,id=c18e5551-1800-40d1-9af7-9b9ec855c36c
2019-07-13 07:25:11,164 INFO  impl.RoleInfo (RoleInfo.java:shutdownLeaderState(104)) - c18e5551-1800-40d1-9af7-9b9ec855c36c: shutdown LeaderState
2019-07-13 07:25:11,179 INFO  impl.PendingRequests (PendingRequests.java:sendNotLeaderResponses(202)) - c18e5551-1800-40d1-9af7-9b9ec855c36c-PendingRequests: sendNotLeaderResponses
2019-07-13 07:25:11,179 WARN  server.GrpcLogAppender (GrpcLogAppender.java:mayWait(143)) - GrpcLogAppender(c18e5551-1800-40d1-9af7-9b9ec855c36c->b6a2e03e-f3bd-4b9a-b2cc-05e16fdeb3db): Wait interrupted by java.lang.InterruptedException
2019-07-13 07:25:11,180 WARN  server.GrpcLogAppender (GrpcLogAppender.java:mayWait(143)) - GrpcLogAppender(c18e5551-1800-40d1-9af7-9b9ec855c36c->77e76158-35fc-4695-b3e3-a902d0efea44): Wait interrupted by java.lang.InterruptedException
2019-07-13 07:25:11,180 INFO  impl.StateMachineUpdater (StateMachineUpdater.java:stopAndJoin(115)) - StateMachineUpdater:c18e5551-1800-40d1-9af7-9b9ec855c36c:group-CE70FBAEA904: set stopIndex = 33
2019-07-13 07:25:11,180 INFO  server.GrpcServerProtocolService (GrpcServerProtocolService.java:onCompleted(104)) - 77e76158-35fc-4695-b3e3-a902d0efea44: appendEntries completed
2019-07-13 07:25:11,181 INFO  ratis.ContainerStateMachine (ContainerStateMachine.java:takeSnapshot(246)) - Taking snapshot at termIndex:(t:1, i:33)
2019-07-13 07:25:11,181 INFO  ratis.ContainerStateMachine (ContainerStateMachine.java:takeSnapshot(250)) - Taking a snapshot to file /tmp/workdir/hadoop-ozone/integration-test/target/test-dir/MiniOzoneClusterImpl-c9fbaf72-4ac0-424a-a2d4-982d8f0d8e26/datanode-5/data/ratis/a7c8efc7-3d68-4391-8b01-ce70fbaea904/sm/snapshot.1_33
2019-07-13 07:25:11,181 INFO  server.GrpcLogAppender (GrpcLogAppender.java:onCompleted(292)) - c18e5551-1800-40d1-9af7-9b9ec855c36c->77e76158-35fc-4695-b3e3-a902d0efea44: follower responses appendEntries COMPLETED
2019-07-13 07:25:11,181 INFO  impl.StateMachineUpdater (StateMachineUpdater.java:takeSnapshot(242)) - StateMachineUpdater:c18e5551-1800-40d1-9af7-9b9ec855c36c:group-CE70FBAEA904: Took a snapshot at index 33
2019-07-13 07:25:11,181 INFO  impl.FollowerInfo (FollowerInfo.java:lambda$new$0(50)) - c18e5551-1800-40d1-9af7-9b9ec855c36c->77e76158-35fc-4695-b3e3-a902d0efea44: nextIndex: updateUnconditionally 34 -> 33
2019-07-13 07:25:11,181 INFO  impl.StateMachineUpdater (StateMachineUpdater.java:lambda$new$0(80)) - StateMachineUpdater:c18e5551-1800-40d1-9af7-9b9ec855c36c:group-CE70FBAEA904: snapshotIndex: updateIncreasingly -1 -> 33
2019-07-13 07:25:11,182 INFO  impl.RaftServerImpl (ServerState.java:close(394)) - c18e5551-1800-40d1-9af7-9b9ec855c36c:group-CE70FBAEA904 closes. The last applied log index is 33
2019-07-13 07:25:11,182 INFO  segmented.SegmentedRaftLogWorker (SegmentedRaftLogWorker.java:run(313)) - c18e5551-1800-40d1-9af7-9b9ec855c36c-SegmentedRaftLogWorker:Storage Directory /tmp/workdir/hadoop-ozone/integration-test/target/test-dir/MiniOzoneClusterImpl-c9fbaf72-4ac0-424a-a2d4-982d8f0d8e26/datanode-5/data/ratis/a7c8efc7-3d68-4391-8b01-ce70fbaea904 was interrupted, exiting. There are 0 tasks remaining in the queue.
2019-07-13 07:25:11,182 INFO  segmented.SegmentedRaftLogWorker (SegmentedRaftLogWorker.java:close(228)) - c18e5551-1800-40d1-9af7-9b9ec855c36c-SegmentedRaftLogWorker:Storage Directory /tmp/workdir/hadoop-ozone/integration-test/target/test-dir/MiniOzoneClusterImpl-c9fbaf72-4ac0-424a-a2d4-982d8f0d8e26/datanode-5/data/ratis/a7c8efc7-3d68-4391-8b01-ce70fbaea904 close()
2019-07-13 07:25:11,192 INFO  pipeline.PipelineStateManager (PipelineStateManager.java:removePipeline(108)) - Pipeline Pipeline[ Id: a7c8efc7-3d68-4391-8b01-ce70fbaea904, Nodes: b6a2e03e-f3bd-4b9a-b2cc-05e16fdeb3db{ip: 192.168.69.84, host: trunk-nightly-9lh4p-2362225927, networkLocation: /default-rack, certSerialId: null}77e76158-35fc-4695-b3e3-a902d0efea44{ip: 192.168.69.84, host: trunk-nightly-9lh4p-2362225927, networkLocation: /default-rack, certSerialId: null}c18e5551-1800-40d1-9af7-9b9ec855c36c{ip: 192.168.69.84, host: trunk-nightly-9lh4p-2362225927, networkLocation: /default-rack, certSerialId: null}, Type:RATIS, Factor:THREE, State:CLOSED] removed from db
2019-07-13 07:25:11,617 WARN  server.GrpcLogAppender (LogUtils.java:warn(134)) - 1a861c74-1484-402a-9ff9-9d6113d38ce4->c914261d-7132-4fca-86ff-e1ab4ebbf7be: Failed appendEntries: org.apache.ratis.thirdparty.io.grpc.StatusRuntimeException: UNAVAILABLE: io exception
2019-07-13 07:25:11,627 INFO  impl.FollowerInfo (FollowerInfo.java:lambda$new$0(50)) - 1a861c74-1484-402a-9ff9-9d6113d38ce4->c914261d-7132-4fca-86ff-e1ab4ebbf7be: nextIndex: updateUnconditionally 0 -> 0
2019-07-13 07:25:13,093 INFO  node.StaleNodeHandler (StaleNodeHandler.java:onMessage(58)) - Datanode 081e239d-284e-44f2-be8f-6052e512c341{ip: 192.168.69.84, host: trunk-nightly-9lh4p-2362225927, networkLocation: /default-rack, certSerialId: null} moved to stale state. Finalizing its pipelines [PipelineID=b18f553c-e59b-40e3-a62b-7d580069b266, PipelineID=121ac2b7-4d5f-4496-a7eb-f94da6eebda4]
2019-07-13 07:25:13,093 INFO  pipeline.SCMPipelineManager (SCMPipelineManager.java:finalizeAndDestroyPipeline(309)) - destroying pipeline:Pipeline[ Id: b18f553c-e59b-40e3-a62b-7d580069b266, Nodes: 081e239d-284e-44f2-be8f-6052e512c341{ip: 192.168.69.84, host: trunk-nightly-9lh4p-2362225927, networkLocation: /default-rack, certSerialId: null}, Type:RATIS, Factor:ONE, State:OPEN]
2019-07-13 07:25:13,093 INFO  pipeline.PipelineStateManager (PipelineStateManager.java:finalizePipeline(123)) - Pipeline Pipeline[ Id: b18f553c-e59b-40e3-a62b-7d580069b266, Nodes: 081e239d-284e-44f2-be8f-6052e512c341{ip: 192.168.69.84, host: trunk-nightly-9lh4p-2362225927, networkLocation: /default-rack, certSerialId: null}, Type:RATIS, Factor:ONE, State:CLOSED] moved to CLOSED state
2019-07-13 07:25:13,093 INFO  pipeline.SCMPipelineManager (SCMPipelineManager.java:finalizeAndDestroyPipeline(309)) - destroying pipeline:Pipeline[ Id: 121ac2b7-4d5f-4496-a7eb-f94da6eebda4, Nodes: 081e239d-284e-44f2-be8f-6052e512c341{ip: 192.168.69.84, host: trunk-nightly-9lh4p-2362225927, networkLocation: /default-rack, certSerialId: null}41b9c1bd-cf21-4c7a-8d7a-e228988eafd6{ip: 192.168.69.84, host: trunk-nightly-9lh4p-2362225927, networkLocation: /default-rack, certSerialId: null}ebc3321e-a67e-4048-9fa7-beeb05df4a43{ip: 192.168.69.84, host: trunk-nightly-9lh4p-2362225927, networkLocation: /default-rack, certSerialId: null}, Type:RATIS, Factor:THREE, State:OPEN]
2019-07-13 07:25:13,094 INFO  pipeline.PipelineStateManager (PipelineStateManager.java:finalizePipeline(123)) - Pipeline Pipeline[ Id: 121ac2b7-4d5f-4496-a7eb-f94da6eebda4, Nodes: 081e239d-284e-44f2-be8f-6052e512c341{ip: 192.168.69.84, host: trunk-nightly-9lh4p-2362225927, networkLocation: /default-rack, certSerialId: null}41b9c1bd-cf21-4c7a-8d7a-e228988eafd6{ip: 192.168.69.84, host: trunk-nightly-9lh4p-2362225927, networkLocation: /default-rack, certSerialId: null}ebc3321e-a67e-4048-9fa7-beeb05df4a43{ip: 192.168.69.84, host: trunk-nightly-9lh4p-2362225927, networkLocation: /default-rack, certSerialId: null}, Type:RATIS, Factor:THREE, State:CLOSED] moved to CLOSED state
2019-07-13 07:25:13,094 INFO  container.CloseContainerEventHandler (CloseContainerEventHandler.java:onMessage(61)) - Close container Event triggered for container : #1
2019-07-13 07:25:13,095 INFO  container.CloseContainerEventHandler (CloseContainerEventHandler.java:onMessage(61)) - Close container Event triggered for container : #2
2019-07-13 07:25:14,118 WARN  server.GrpcLogAppender (LogUtils.java:warn(134)) - 1a861c74-1484-402a-9ff9-9d6113d38ce4->c914261d-7132-4fca-86ff-e1ab4ebbf7be: Failed appendEntries: org.apache.ratis.thirdparty.io.grpc.StatusRuntimeException: UNAVAILABLE: io exception
2019-07-13 07:25:14,132 INFO  impl.FollowerInfo (FollowerInfo.java:lambda$new$0(50)) - 1a861c74-1484-402a-9ff9-9d6113d38ce4->c914261d-7132-4fca-86ff-e1ab4ebbf7be: nextIndex: updateUnconditionally 0 -> 0
2019-07-13 07:25:15,405 INFO  ozoneimpl.OzoneContainer (OzoneContainer.java:stop(199)) - Attempting to stop container services.
2019-07-13 07:25:15,405 INFO  impl.RaftServerProxy (RaftServerProxy.java:lambda$close$4(314)) - 081e239d-284e-44f2-be8f-6052e512c341: close
2019-07-13 07:25:15,406 INFO  impl.RaftServerImpl (RaftServerImpl.java:lambda$shutdown$3(245)) - 081e239d-284e-44f2-be8f-6052e512c341: shutdown group-7D580069B266
2019-07-13 07:25:15,406 INFO  impl.RaftServerImpl (RaftServerImpl.java:lambda$shutdown$3(245)) - 081e239d-284e-44f2-be8f-6052e512c341: shutdown group-F94DA6EEBDA4
2019-07-13 07:25:15,406 INFO  util.JmxRegister (JmxRegister.java:unregister(73)) - Successfully un-registered JMX Bean with object name Ratis:service=RaftServer,group=group-7D580069B266,id=081e239d-284e-44f2-be8f-6052e512c341
2019-07-13 07:25:15,407 INFO  util.JmxRegister (JmxRegister.java:unregister(73)) - Successfully un-registered JMX Bean with object name Ratis:service=RaftServer,group=group-F94DA6EEBDA4,id=081e239d-284e-44f2-be8f-6052e512c341
2019-07-13 07:25:15,407 INFO  impl.RoleInfo (RoleInfo.java:shutdownLeaderState(104)) - 081e239d-284e-44f2-be8f-6052e512c341: shutdown LeaderState
2019-07-13 07:25:15,407 INFO  impl.RoleInfo (RoleInfo.java:shutdownFollowerState(121)) - 081e239d-284e-44f2-be8f-6052e512c341: shutdown FollowerState
2019-07-13 07:25:15,408 INFO  impl.PendingRequests (PendingRequests.java:sendNotLeaderResponses(202)) - 081e239d-284e-44f2-be8f-6052e512c341-PendingRequests: sendNotLeaderResponses
2019-07-13 07:25:15,408 INFO  impl.FollowerState (FollowerState.java:run(114)) - 081e239d-284e-44f2-be8f-6052e512c341: FollowerState was interrupted: java.lang.InterruptedException: sleep interrupted
2019-07-13 07:25:15,408 INFO  ratis.ContainerStateMachine (ContainerStateMachine.java:takeSnapshot(246)) - Taking snapshot at termIndex:(t:1, i:16)
2019-07-13 07:25:15,408 INFO  impl.StateMachineUpdater (StateMachineUpdater.java:stopAndJoin(115)) - StateMachineUpdater:081e239d-284e-44f2-be8f-6052e512c341:group-F94DA6EEBDA4: set stopIndex = 18
2019-07-13 07:25:15,409 INFO  ratis.ContainerStateMachine (ContainerStateMachine.java:takeSnapshot(250)) - Taking a snapshot to file /tmp/workdir/hadoop-ozone/integration-test/target/test-dir/MiniOzoneClusterImpl-0cda291e-93d6-4d20-8c29-6d118f79bbd1/datanode-2/data/ratis/121ac2b7-4d5f-4496-a7eb-f94da6eebda4/sm/snapshot.1_16
2019-07-13 07:25:15,408 INFO  ratis.ContainerStateMachine (ContainerStateMachine.java:takeSnapshot(246)) - Taking snapshot at termIndex:(t:0, i:~)
2019-07-13 07:25:15,408 INFO  impl.StateMachineUpdater (StateMachineUpdater.java:stopAndJoin(115)) - StateMachineUpdater:081e239d-284e-44f2-be8f-6052e512c341:group-7D580069B266: set stopIndex = 0
2019-07-13 07:25:15,409 INFO  impl.RaftServerImpl (ServerState.java:close(394)) - 081e239d-284e-44f2-be8f-6052e512c341:group-7D580069B266 closes. The last applied log index is 0
2019-07-13 07:25:15,410 INFO  impl.StateMachineUpdater (StateMachineUpdater.java:takeSnapshot(242)) - StateMachineUpdater:081e239d-284e-44f2-be8f-6052e512c341:group-F94DA6EEBDA4: Took a snapshot at index 16
2019-07-13 07:25:15,410 INFO  segmented.SegmentedRaftLogWorker (SegmentedRaftLogWorker.java:run(313)) - 081e239d-284e-44f2-be8f-6052e512c341-SegmentedRaftLogWorker:Storage Directory /tmp/workdir/hadoop-ozone/integration-test/target/test-dir/MiniOzoneClusterImpl-0cda291e-93d6-4d20-8c29-6d118f79bbd1/datanode-2/data/ratis/b18f553c-e59b-40e3-a62b-7d580069b266 was interrupted, exiting. There are 0 tasks remaining in the queue.
2019-07-13 07:25:15,410 INFO  impl.StateMachineUpdater (StateMachineUpdater.java:lambda$new$0(80)) - StateMachineUpdater:081e239d-284e-44f2-be8f-6052e512c341:group-F94DA6EEBDA4: snapshotIndex: updateIncreasingly -1 -> 16
2019-07-13 07:25:15,422 INFO  segmented.SegmentedRaftLogWorker (SegmentedRaftLogWorker.java:close(228)) - 081e239d-284e-44f2-be8f-6052e512c341-SegmentedRaftLogWorker:Storage Directory /tmp/workdir/hadoop-ozone/integration-test/target/test-dir/MiniOzoneClusterImpl-0cda291e-93d6-4d20-8c29-6d118f79bbd1/datanode-2/data/ratis/b18f553c-e59b-40e3-a62b-7d580069b266 close()
2019-07-13 07:25:15,437 INFO  impl.RaftServerImpl (ServerState.java:close(394)) - 081e239d-284e-44f2-be8f-6052e512c341:group-F94DA6EEBDA4 closes. The last applied log index is 18
2019-07-13 07:25:15,437 INFO  segmented.SegmentedRaftLogWorker (SegmentedRaftLogWorker.java:run(313)) - 081e239d-284e-44f2-be8f-6052e512c341-SegmentedRaftLogWorker:Storage Directory /tmp/workdir/hadoop-ozone/integration-test/target/test-dir/MiniOzoneClusterImpl-0cda291e-93d6-4d20-8c29-6d118f79bbd1/datanode-2/data/ratis/121ac2b7-4d5f-4496-a7eb-f94da6eebda4 was interrupted, exiting. There are 0 tasks remaining in the queue.
2019-07-13 07:25:15,444 INFO  segmented.SegmentedRaftLogWorker (SegmentedRaftLogWorker.java:close(228)) - 081e239d-284e-44f2-be8f-6052e512c341-SegmentedRaftLogWorker:Storage Directory /tmp/workdir/hadoop-ozone/integration-test/target/test-dir/MiniOzoneClusterImpl-0cda291e-93d6-4d20-8c29-6d118f79bbd1/datanode-2/data/ratis/121ac2b7-4d5f-4496-a7eb-f94da6eebda4 close()
2019-07-13 07:25:15,458 INFO  server.GrpcService (GrpcService.java:closeImpl(155)) - 081e239d-284e-44f2-be8f-6052e512c341: shutdown server with port 40660 now
2019-07-13 07:25:15,459 WARN  server.GrpcServerProtocolService (LogUtils.java:warn(134)) - 081e239d-284e-44f2-be8f-6052e512c341: appendEntries onError: org.apache.ratis.thirdparty.io.grpc.StatusRuntimeException: CANCELLED: cancelled before receiving half close
2019-07-13 07:25:15,459 INFO  server.GrpcService (GrpcService.java:closeImpl(163)) - 081e239d-284e-44f2-be8f-6052e512c341: shutdown server with port 40660 successfully
2019-07-13 07:25:15,460 WARN  server.GrpcLogAppender (LogUtils.java:warn(134)) - ebc3321e-a67e-4048-9fa7-beeb05df4a43->081e239d-284e-44f2-be8f-6052e512c341: Failed appendEntries: org.apache.ratis.thirdparty.io.grpc.StatusRuntimeException: CANCELLED: HTTP/2 error code: CANCEL
Received Rst Stream
2019-07-13 07:25:15,502 INFO  impl.FollowerInfo (FollowerInfo.java:lambda$new$0(50)) - ebc3321e-a67e-4048-9fa7-beeb05df4a43->081e239d-284e-44f2-be8f-6052e512c341: nextIndex: updateUnconditionally 19 -> 18
2019-07-13 07:25:15,503 INFO  utils.BackgroundService (BackgroundService.java:shutdown(148)) - Shutting down service BlockDeletingService
2019-07-13 07:25:15,504 WARN  fs.CachingGetSpaceUsed (CachingGetSpaceUsed.java:run(183)) - Thread Interrupted waiting to refresh disk information: sleep interrupted
2019-07-13 07:25:15,541 INFO  statemachine.DatanodeStateMachine (DatanodeStateMachine.java:stopDaemon(395)) - Ozone container server stopped.
2019-07-13 07:25:15,542 INFO  handler.ContextHandler (ContextHandler.java:doStop(910)) - Stopped o.e.j.w.WebAppContext@5c3f9618{/,null,UNAVAILABLE}{/hddsDatanode}
2019-07-13 07:25:15,543 INFO  server.AbstractConnector (AbstractConnector.java:doStop(318)) - Stopped ServerConnector@deb0c0e{HTTP/1.1,[http/1.1]}{0.0.0.0:0}
2019-07-13 07:25:15,543 WARN  server.GrpcLogAppender (LogUtils.java:warn(134)) - ebc3321e-a67e-4048-9fa7-beeb05df4a43->081e239d-284e-44f2-be8f-6052e512c341: Failed appendEntries: org.apache.ratis.thirdparty.io.grpc.StatusRuntimeException: UNAVAILABLE: io exception
2019-07-13 07:25:15,543 INFO  handler.ContextHandler (ContextHandler.java:doStop(910)) - Stopped o.e.j.s.ServletContextHandler@53dfb073{/static,jar:file:/home/user/.m2/repository/org/apache/hadoop/hadoop-hdds-container-service/0.5.0-SNAPSHOT/hadoop-hdds-container-service-0.5.0-SNAPSHOT.jar!/webapps/static,UNAVAILABLE}
2019-07-13 07:25:15,548 INFO  impl.FollowerInfo (FollowerInfo.java:lambda$new$0(50)) - ebc3321e-a67e-4048-9fa7-beeb05df4a43->081e239d-284e-44f2-be8f-6052e512c341: nextIndex: updateUnconditionally 19 -> 18
2019-07-13 07:25:15,548 INFO  handler.ContextHandler (ContextHandler.java:doStop(910)) - Stopped o.e.j.s.ServletContextHandler@29244152{/logs,file:///tmp/workdir/hadoop-ozone/integration-test/target/log,UNAVAILABLE}
2019-07-13 07:25:15,549 INFO  datanode.ObjectStoreHandler (ObjectStoreHandler.java:close(155)) - Closing ObjectStoreHandler.
2019-07-13 07:25:15,550 INFO  ozone.HddsDatanodeService (HddsDatanodeService.java:stop(452)) - Stopped plug-in org.apache.hadoop.ozone.web.OzoneHddsDatanodeService@3705e3fb
2019-07-13 07:25:15,555 WARN  server.GrpcLogAppender (LogUtils.java:warn(134)) - ebc3321e-a67e-4048-9fa7-beeb05df4a43->081e239d-284e-44f2-be8f-6052e512c341: Failed appendEntries: org.apache.ratis.thirdparty.io.grpc.StatusRuntimeException: UNAVAILABLE: io exception
2019-07-13 07:25:15,560 INFO  impl.FollowerInfo (FollowerInfo.java:lambda$new$0(50)) - ebc3321e-a67e-4048-9fa7-beeb05df4a43->081e239d-284e-44f2-be8f-6052e512c341: nextIndex: updateUnconditionally 19 -> 18
2019-07-13 07:25:15,567 WARN  server.GrpcLogAppender (LogUtils.java:warn(134)) - ebc3321e-a67e-4048-9fa7-beeb05df4a43->081e239d-284e-44f2-be8f-6052e512c341: Failed appendEntries: org.apache.ratis.thirdparty.io.grpc.StatusRuntimeException: UNAVAILABLE: io exception
2019-07-13 07:25:15,572 INFO  impl.FollowerInfo (FollowerInfo.java:lambda$new$0(50)) - ebc3321e-a67e-4048-9fa7-beeb05df4a43->081e239d-284e-44f2-be8f-6052e512c341: nextIndex: updateUnconditionally 19 -> 18
2019-07-13 07:25:15,589 INFO  interfaces.Container (KeyValueContainer.java:compactDB(356)) - Container 1 is closed with bcsId 11.
2019-07-13 07:25:15,638 INFO  interfaces.Container (KeyValueContainer.java:compactDB(356)) - Container 1 is closed with bcsId 11.
2019-07-13 07:25:15,639 WARN  server.GrpcLogAppender (LogUtils.java:warn(134)) - ebc3321e-a67e-4048-9fa7-beeb05df4a43->081e239d-284e-44f2-be8f-6052e512c341: Failed appendEntries: org.apache.ratis.thirdparty.io.grpc.StatusRuntimeException: UNAVAILABLE: io exception
2019-07-13 07:25:15,639 INFO  statemachine.DatanodeStateMachine (DatanodeStateMachine.java:lambda$startDaemon$0(350)) - Ozone container server started.
2019-07-13 07:25:15,645 INFO  impl.FollowerInfo (FollowerInfo.java:lambda$new$0(50)) - ebc3321e-a67e-4048-9fa7-beeb05df4a43->081e239d-284e-44f2-be8f-6052e512c341: nextIndex: updateUnconditionally 19 -> 18
2019-07-13 07:25:15,648 WARN  server.GrpcLogAppender (LogUtils.java:warn(134)) - ebc3321e-a67e-4048-9fa7-beeb05df4a43->081e239d-284e-44f2-be8f-6052e512c341: Failed appendEntries: org.apache.ratis.thirdparty.io.grpc.StatusRuntimeException: UNAVAILABLE: io exception
2019-07-13 07:25:15,653 INFO  impl.FollowerInfo (FollowerInfo.java:lambda$new$0(50)) - ebc3321e-a67e-4048-9fa7-beeb05df4a43->081e239d-284e-44f2-be8f-6052e512c341: nextIndex: updateUnconditionally 19 -> 18
2019-07-13 07:25:15,661 WARN  server.GrpcLogAppender (LogUtils.java:warn(134)) - ebc3321e-a67e-4048-9fa7-beeb05df4a43->081e239d-284e-44f2-be8f-6052e512c341: Failed appendEntries: org.apache.ratis.thirdparty.io.grpc.StatusRuntimeException: UNAVAILABLE: io exception
2019-07-13 07:25:15,666 INFO  impl.FollowerInfo (FollowerInfo.java:lambda$new$0(50)) - ebc3321e-a67e-4048-9fa7-beeb05df4a43->081e239d-284e-44f2-be8f-6052e512c341: nextIndex: updateUnconditionally 19 -> 18
2019-07-13 07:25:15,690 INFO  interfaces.Container (KeyValueContainer.java:compactDB(356)) - Container 2 is closed with bcsId 16.
2019-07-13 07:25:15,704 INFO  interfaces.Container (KeyValueContainer.java:compactDB(356)) - Container 2 is closed with bcsId 16.
2019-07-13 07:25:16,619 WARN  server.GrpcLogAppender (LogUtils.java:warn(134)) - 1a861c74-1484-402a-9ff9-9d6113d38ce4->c914261d-7132-4fca-86ff-e1ab4ebbf7be: Failed appendEntries: org.apache.ratis.thirdparty.io.grpc.StatusRuntimeException: UNAVAILABLE: io exception
2019-07-13 07:25:16,632 INFO  impl.FollowerInfo (FollowerInfo.java:lambda$new$0(50)) - 1a861c74-1484-402a-9ff9-9d6113d38ce4->c914261d-7132-4fca-86ff-e1ab4ebbf7be: nextIndex: updateUnconditionally 0 -> 0
2019-07-13 07:25:18,163 WARN  server.GrpcLogAppender (LogUtils.java:warn(134)) - ebc3321e-a67e-4048-9fa7-beeb05df4a43->081e239d-284e-44f2-be8f-6052e512c341: Failed appendEntries: org.apache.ratis.thirdparty.io.grpc.StatusRuntimeException: UNAVAILABLE: io exception
2019-07-13 07:25:18,175 INFO  impl.FollowerInfo (FollowerInfo.java:lambda$new$0(50)) - ebc3321e-a67e-4048-9fa7-beeb05df4a43->081e239d-284e-44f2-be8f-6052e512c341: nextIndex: updateUnconditionally 18 -> 17
2019-07-13 07:25:18,643 INFO  node.StaleNodeHandler (StaleNodeHandler.java:onMessage(58)) - Datanode 41b9c1bd-cf21-4c7a-8d7a-e228988eafd6{ip: 192.168.69.84, host: trunk-nightly-9lh4p-2362225927, networkLocation: /default-rack, certSerialId: null} moved to stale state. Finalizing its pipelines [PipelineID=121ac2b7-4d5f-4496-a7eb-f94da6eebda4, PipelineID=5c3763d2-ad20-41ff-becd-b41410263d9c]
2019-07-13 07:25:18,643 INFO  pipeline.SCMPipelineManager (SCMPipelineManager.java:finalizeAndDestroyPipeline(309)) - destroying pipeline:Pipeline[ Id: 121ac2b7-4d5f-4496-a7eb-f94da6eebda4, Nodes: 081e239d-284e-44f2-be8f-6052e512c341{ip: 192.168.69.84, host: trunk-nightly-9lh4p-2362225927, networkLocation: /default-rack, certSerialId: null}41b9c1bd-cf21-4c7a-8d7a-e228988eafd6{ip: 192.168.69.84, host: trunk-nightly-9lh4p-2362225927, networkLocation: /default-rack, certSerialId: null}ebc3321e-a67e-4048-9fa7-beeb05df4a43{ip: 192.168.69.84, host: trunk-nightly-9lh4p-2362225927, networkLocation: /default-rack, certSerialId: null}, Type:RATIS, Factor:THREE, State:CLOSED]
2019-07-13 07:25:18,643 INFO  pipeline.SCMPipelineManager (SCMPipelineManager.java:finalizeAndDestroyPipeline(309)) - destroying pipeline:Pipeline[ Id: 5c3763d2-ad20-41ff-becd-b41410263d9c, Nodes: 41b9c1bd-cf21-4c7a-8d7a-e228988eafd6{ip: 192.168.69.84, host: trunk-nightly-9lh4p-2362225927, networkLocation: /default-rack, certSerialId: null}, Type:RATIS, Factor:ONE, State:OPEN]
2019-07-13 07:25:18,643 INFO  pipeline.PipelineStateManager (PipelineStateManager.java:finalizePipeline(123)) - Pipeline Pipeline[ Id: 5c3763d2-ad20-41ff-becd-b41410263d9c, Nodes: 41b9c1bd-cf21-4c7a-8d7a-e228988eafd6{ip: 192.168.69.84, host: trunk-nightly-9lh4p-2362225927, networkLocation: /default-rack, certSerialId: null}, Type:RATIS, Factor:ONE, State:CLOSED] moved to CLOSED state
2019-07-13 07:25:19,120 WARN  server.GrpcLogAppender (LogUtils.java:warn(134)) - 1a861c74-1484-402a-9ff9-9d6113d38ce4->c914261d-7132-4fca-86ff-e1ab4ebbf7be: Failed appendEntries: org.apache.ratis.thirdparty.io.grpc.StatusRuntimeException: UNAVAILABLE: io exception
2019-07-13 07:25:19,132 INFO  impl.FollowerInfo (FollowerInfo.java:lambda$new$0(50)) - 1a861c74-1484-402a-9ff9-9d6113d38ce4->c914261d-7132-4fca-86ff-e1ab4ebbf7be: nextIndex: updateUnconditionally 0 -> 0
2019-07-13 07:25:20,550 INFO  ozoneimpl.OzoneContainer (OzoneContainer.java:stop(199)) - Attempting to stop container services.
2019-07-13 07:25:20,551 INFO  impl.RaftServerProxy (RaftServerProxy.java:lambda$close$4(314)) - 41b9c1bd-cf21-4c7a-8d7a-e228988eafd6: close
2019-07-13 07:25:20,552 INFO  impl.RaftServerImpl (RaftServerImpl.java:lambda$shutdown$3(245)) - 41b9c1bd-cf21-4c7a-8d7a-e228988eafd6: shutdown group-F94DA6EEBDA4
2019-07-13 07:25:20,552 INFO  util.JmxRegister (JmxRegister.java:unregister(73)) - Successfully un-registered JMX Bean with object name Ratis:service=RaftServer,group=group-F94DA6EEBDA4,id=41b9c1bd-cf21-4c7a-8d7a-e228988eafd6
2019-07-13 07:25:20,553 INFO  impl.RoleInfo (RoleInfo.java:shutdownFollowerState(121)) - 41b9c1bd-cf21-4c7a-8d7a-e228988eafd6: shutdown FollowerState
2019-07-13 07:25:20,553 INFO  impl.StateMachineUpdater (StateMachineUpdater.java:stopAndJoin(115)) - StateMachineUpdater:41b9c1bd-cf21-4c7a-8d7a-e228988eafd6:group-F94DA6EEBDA4: set stopIndex = 22
2019-07-13 07:25:20,553 INFO  impl.FollowerState (FollowerState.java:run(114)) - 41b9c1bd-cf21-4c7a-8d7a-e228988eafd6: FollowerState was interrupted: java.lang.InterruptedException: sleep interrupted
2019-07-13 07:25:20,553 INFO  ratis.ContainerStateMachine (ContainerStateMachine.java:takeSnapshot(246)) - Taking snapshot at termIndex:(t:1, i:21)
2019-07-13 07:25:20,554 INFO  ratis.ContainerStateMachine (ContainerStateMachine.java:takeSnapshot(250)) - Taking a snapshot to file /tmp/workdir/hadoop-ozone/integration-test/target/test-dir/MiniOzoneClusterImpl-0cda291e-93d6-4d20-8c29-6d118f79bbd1/datanode-1/data/ratis/121ac2b7-4d5f-4496-a7eb-f94da6eebda4/sm/snapshot.1_21
2019-07-13 07:25:20,554 INFO  impl.StateMachineUpdater (StateMachineUpdater.java:takeSnapshot(242)) - StateMachineUpdater:41b9c1bd-cf21-4c7a-8d7a-e228988eafd6:group-F94DA6EEBDA4: Took a snapshot at index 21
2019-07-13 07:25:20,554 INFO  impl.StateMachineUpdater (StateMachineUpdater.java:lambda$new$0(80)) - StateMachineUpdater:41b9c1bd-cf21-4c7a-8d7a-e228988eafd6:group-F94DA6EEBDA4: snapshotIndex: updateIncreasingly -1 -> 21
2019-07-13 07:25:20,555 INFO  impl.RaftServerImpl (ServerState.java:close(394)) - 41b9c1bd-cf21-4c7a-8d7a-e228988eafd6:group-F94DA6EEBDA4 closes. The last applied log index is 22
2019-07-13 07:25:20,555 INFO  segmented.SegmentedRaftLogWorker (SegmentedRaftLogWorker.java:run(313)) - 41b9c1bd-cf21-4c7a-8d7a-e228988eafd6-SegmentedRaftLogWorker:Storage Directory /tmp/workdir/hadoop-ozone/integration-test/target/test-dir/MiniOzoneClusterImpl-0cda291e-93d6-4d20-8c29-6d118f79bbd1/datanode-1/data/ratis/121ac2b7-4d5f-4496-a7eb-f94da6eebda4 was interrupted, exiting. There are 0 tasks remaining in the queue.
2019-07-13 07:25:20,568 INFO  segmented.SegmentedRaftLogWorker (SegmentedRaftLogWorker.java:close(228)) - 41b9c1bd-cf21-4c7a-8d7a-e228988eafd6-SegmentedRaftLogWorker:Storage Directory /tmp/workdir/hadoop-ozone/integration-test/target/test-dir/MiniOzoneClusterImpl-0cda291e-93d6-4d20-8c29-6d118f79bbd1/datanode-1/data/ratis/121ac2b7-4d5f-4496-a7eb-f94da6eebda4 close()
2019-07-13 07:25:20,582 INFO  impl.RaftServerImpl (RaftServerImpl.java:lambda$shutdown$3(245)) - 41b9c1bd-cf21-4c7a-8d7a-e228988eafd6: shutdown group-B41410263D9C
2019-07-13 07:25:20,583 INFO  util.JmxRegister (JmxRegister.java:unregister(73)) - Successfully un-registered JMX Bean with object name Ratis:service=RaftServer,group=group-B41410263D9C,id=41b9c1bd-cf21-4c7a-8d7a-e228988eafd6
2019-07-13 07:25:20,583 INFO  impl.RoleInfo (RoleInfo.java:shutdownLeaderState(104)) - 41b9c1bd-cf21-4c7a-8d7a-e228988eafd6: shutdown LeaderState
2019-07-13 07:25:20,584 INFO  impl.PendingRequests (PendingRequests.java:sendNotLeaderResponses(202)) - 41b9c1bd-cf21-4c7a-8d7a-e228988eafd6-PendingRequests: sendNotLeaderResponses
2019-07-13 07:25:20,584 INFO  impl.StateMachineUpdater (StateMachineUpdater.java:stopAndJoin(115)) - StateMachineUpdater:41b9c1bd-cf21-4c7a-8d7a-e228988eafd6:group-B41410263D9C: set stopIndex = 0
2019-07-13 07:25:20,584 INFO  ratis.ContainerStateMachine (ContainerStateMachine.java:takeSnapshot(246)) - Taking snapshot at termIndex:(t:0, i:~)
2019-07-13 07:25:20,585 INFO  impl.RaftServerImpl (ServerState.java:close(394)) - 41b9c1bd-cf21-4c7a-8d7a-e228988eafd6:group-B41410263D9C closes. The last applied log index is 0
2019-07-13 07:25:20,585 INFO  segmented.SegmentedRaftLogWorker (SegmentedRaftLogWorker.java:run(313)) - 41b9c1bd-cf21-4c7a-8d7a-e228988eafd6-SegmentedRaftLogWorker:Storage Directory /tmp/workdir/hadoop-ozone/integration-test/target/test-dir/MiniOzoneClusterImpl-0cda291e-93d6-4d20-8c29-6d118f79bbd1/datanode-1/data/ratis/5c3763d2-ad20-41ff-becd-b41410263d9c was interrupted, exiting. There are 0 tasks remaining in the queue.
2019-07-13 07:25:20,592 INFO  segmented.SegmentedRaftLogWorker (SegmentedRaftLogWorker.java:close(228)) - 41b9c1bd-cf21-4c7a-8d7a-e228988eafd6-SegmentedRaftLogWorker:Storage Directory /tmp/workdir/hadoop-ozone/integration-test/target/test-dir/MiniOzoneClusterImpl-0cda291e-93d6-4d20-8c29-6d118f79bbd1/datanode-1/data/ratis/5c3763d2-ad20-41ff-becd-b41410263d9c close()
2019-07-13 07:25:20,642 INFO  server.GrpcService (GrpcService.java:closeImpl(155)) - 41b9c1bd-cf21-4c7a-8d7a-e228988eafd6: shutdown server with port 46521 now
2019-07-13 07:25:20,644 WARN  server.GrpcServerProtocolService (LogUtils.java:warn(134)) - 41b9c1bd-cf21-4c7a-8d7a-e228988eafd6: appendEntries onError: org.apache.ratis.thirdparty.io.grpc.StatusRuntimeException: CANCELLED: cancelled before receiving half close
2019-07-13 07:25:20,644 INFO  server.GrpcService (GrpcService.java:closeImpl(163)) - 41b9c1bd-cf21-4c7a-8d7a-e228988eafd6: shutdown server with port 46521 successfully
2019-07-13 07:25:20,645 WARN  server.GrpcLogAppender (LogUtils.java:warn(134)) - ebc3321e-a67e-4048-9fa7-beeb05df4a43->41b9c1bd-cf21-4c7a-8d7a-e228988eafd6: Failed appendEntries: org.apache.ratis.thirdparty.io.grpc.StatusRuntimeException: CANCELLED: HTTP/2 error code: CANCEL
Received Rst Stream
2019-07-13 07:25:20,645 INFO  impl.FollowerInfo (FollowerInfo.java:lambda$new$0(50)) - ebc3321e-a67e-4048-9fa7-beeb05df4a43->41b9c1bd-cf21-4c7a-8d7a-e228988eafd6: nextIndex: updateUnconditionally 23 -> 22
2019-07-13 07:25:20,645 INFO  utils.BackgroundService (BackgroundService.java:shutdown(148)) - Shutting down service BlockDeletingService
2019-07-13 07:25:20,646 WARN  fs.CachingGetSpaceUsed (CachingGetSpaceUsed.java:run(183)) - Thread Interrupted waiting to refresh disk information: sleep interrupted
2019-07-13 07:25:20,680 INFO  statemachine.DatanodeStateMachine (DatanodeStateMachine.java:stopDaemon(395)) - Ozone container server stopped.
2019-07-13 07:25:20,681 INFO  handler.ContextHandler (ContextHandler.java:doStop(910)) - Stopped o.e.j.w.WebAppContext@7e9b68c5{/,null,UNAVAILABLE}{/hddsDatanode}
2019-07-13 07:25:20,682 WARN  server.GrpcLogAppender (LogUtils.java:warn(134)) - ebc3321e-a67e-4048-9fa7-beeb05df4a43->081e239d-284e-44f2-be8f-6052e512c341: Failed appendEntries: org.apache.ratis.thirdparty.io.grpc.StatusRuntimeException: UNAVAILABLE: io exception
2019-07-13 07:25:20,686 INFO  impl.FollowerInfo (FollowerInfo.java:lambda$new$0(50)) - ebc3321e-a67e-4048-9fa7-beeb05df4a43->081e239d-284e-44f2-be8f-6052e512c341: nextIndex: updateUnconditionally 17 -> 16
2019-07-13 07:25:20,686 INFO  server.AbstractConnector (AbstractConnector.java:doStop(318)) - Stopped ServerConnector@3d41881{HTTP/1.1,[http/1.1]}{0.0.0.0:0}
2019-07-13 07:25:20,686 WARN  server.GrpcLogAppender (LogUtils.java:warn(134)) - ebc3321e-a67e-4048-9fa7-beeb05df4a43->41b9c1bd-cf21-4c7a-8d7a-e228988eafd6: Failed appendEntries: org.apache.ratis.thirdparty.io.grpc.StatusRuntimeException: UNAVAILABLE: io exception
2019-07-13 07:25:20,687 INFO  handler.ContextHandler (ContextHandler.java:doStop(910)) - Stopped o.e.j.s.ServletContextHandler@2d73aa17{/static,jar:file:/home/user/.m2/repository/org/apache/hadoop/hadoop-hdds-container-service/0.5.0-SNAPSHOT/hadoop-hdds-container-service-0.5.0-SNAPSHOT.jar!/webapps/static,UNAVAILABLE}
2019-07-13 07:25:20,691 INFO  impl.FollowerInfo (FollowerInfo.java:lambda$new$0(50)) - ebc3321e-a67e-4048-9fa7-beeb05df4a43->41b9c1bd-cf21-4c7a-8d7a-e228988eafd6: nextIndex: updateUnconditionally 22 -> 21
2019-07-13 07:25:20,691 INFO  handler.ContextHandler (ContextHandler.java:doStop(910)) - Stopped o.e.j.s.ServletContextHandler@363a1d8d{/logs,file:///tmp/workdir/hadoop-ozone/integration-test/target/log,UNAVAILABLE}
07:25:20.710 [grpc-default-executor-5] ERROR DNAudit - user=null | ip=null | op=WRITE_CHUNK {blockData=conID: 2 locID: 102432945628184601 bcsId: 16} | ret=FAILURE
org.apache.hadoop.hdds.scm.container.common.helpers.ContainerNotOpenException: Container 2 in CLOSED state
	at org.apache.hadoop.ozone.container.common.impl.HddsDispatcher.validateContainerCommand(HddsDispatcher.java:408) ~[hadoop-hdds-container-service-0.5.0-SNAPSHOT.jar:?]
	at org.apache.hadoop.ozone.container.common.transport.server.ratis.ContainerStateMachine.startTransaction(ContainerStateMachine.java:271) ~[hadoop-hdds-container-service-0.5.0-SNAPSHOT.jar:?]
	at org.apache.ratis.server.impl.RaftServerImpl.submitClientRequestAsync(RaftServerImpl.java:566) ~[ratis-server-0.4.0-2337318-SNAPSHOT.jar:0.4.0-2337318-SNAPSHOT]
	at org.apache.ratis.server.impl.RaftServerProxy.lambda$submitClientRequestAsync$7(RaftServerProxy.java:333) ~[ratis-server-0.4.0-2337318-SNAPSHOT.jar:0.4.0-2337318-SNAPSHOT]
	at org.apache.ratis.server.impl.RaftServerProxy.lambda$null$5(RaftServerProxy.java:328) ~[ratis-server-0.4.0-2337318-SNAPSHOT.jar:0.4.0-2337318-SNAPSHOT]
	at org.apache.ratis.util.JavaUtils.callAsUnchecked(JavaUtils.java:109) ~[ratis-common-0.4.0-2337318-SNAPSHOT.jar:0.4.0-2337318-SNAPSHOT]
	at org.apache.ratis.server.impl.RaftServerProxy.lambda$submitRequest$6(RaftServerProxy.java:328) ~[ratis-server-0.4.0-2337318-SNAPSHOT.jar:0.4.0-2337318-SNAPSHOT]
	at java.util.concurrent.CompletableFuture.uniComposeStage(CompletableFuture.java:981) ~[?:1.8.0_212]
	at java.util.concurrent.CompletableFuture.thenCompose(CompletableFuture.java:2124) ~[?:1.8.0_212]
	at org.apache.ratis.server.impl.RaftServerProxy.submitRequest(RaftServerProxy.java:327) ~[ratis-server-0.4.0-2337318-SNAPSHOT.jar:0.4.0-2337318-SNAPSHOT]
	at org.apache.ratis.server.impl.RaftServerProxy.submitClientRequestAsync(RaftServerProxy.java:333) ~[ratis-server-0.4.0-2337318-SNAPSHOT.jar:0.4.0-2337318-SNAPSHOT]
	at org.apache.ratis.grpc.client.GrpcClientProtocolService$RequestStreamObserver.processClientRequest(GrpcClientProtocolService.java:220) ~[ratis-grpc-0.4.0-2337318-SNAPSHOT.jar:0.4.0-2337318-SNAPSHOT]
	at org.apache.ratis.grpc.client.GrpcClientProtocolService$OrderedRequestStreamObserver.processClientRequest(GrpcClientProtocolService.java:326) ~[ratis-grpc-0.4.0-2337318-SNAPSHOT.jar:0.4.0-2337318-SNAPSHOT]
	at org.apache.ratis.util.SlidingWindow$Server.processRequestsFromHead(SlidingWindow.java:429) [ratis-common-0.4.0-2337318-SNAPSHOT.jar:0.4.0-2337318-SNAPSHOT]
	at org.apache.ratis.util.SlidingWindow$Server.receivedRequest(SlidingWindow.java:421) [ratis-common-0.4.0-2337318-SNAPSHOT.jar:0.4.0-2337318-SNAPSHOT]
	at org.apache.ratis.grpc.client.GrpcClientProtocolService$OrderedRequestStreamObserver.processClientRequest(GrpcClientProtocolService.java:345) [ratis-grpc-0.4.0-2337318-SNAPSHOT.jar:0.4.0-2337318-SNAPSHOT]
	at org.apache.ratis.grpc.client.GrpcClientProtocolService$RequestStreamObserver.onNext(GrpcClientProtocolService.java:240) [ratis-grpc-0.4.0-2337318-SNAPSHOT.jar:0.4.0-2337318-SNAPSHOT]
	at org.apache.ratis.grpc.client.GrpcClientProtocolService$RequestStreamObserver.onNext(GrpcClientProtocolService.java:168) [ratis-grpc-0.4.0-2337318-SNAPSHOT.jar:0.4.0-2337318-SNAPSHOT]
	at org.apache.ratis.thirdparty.io.grpc.stub.ServerCalls$StreamingServerCallHandler$StreamingServerCallListener.onMessage(ServerCalls.java:248) [ratis-thirdparty-misc-0.2.0.jar:0.2.0]
	at org.apache.ratis.thirdparty.io.grpc.internal.ServerCallImpl$ServerStreamListenerImpl.messagesAvailable(ServerCallImpl.java:263) [ratis-thirdparty-misc-0.2.0.jar:0.2.0]
	at org.apache.ratis.thirdparty.io.grpc.internal.ServerImpl$JumpToApplicationThreadServerStreamListener$1MessagesAvailable.runInContext(ServerImpl.java:686) [ratis-thirdparty-misc-0.2.0.jar:0.2.0]
	at org.apache.ratis.thirdparty.io.grpc.internal.ContextRunnable.run(ContextRunnable.java:37) [ratis-thirdparty-misc-0.2.0.jar:0.2.0]
	at org.apache.ratis.thirdparty.io.grpc.internal.SerializingExecutor.run(SerializingExecutor.java:123) [ratis-thirdparty-misc-0.2.0.jar:0.2.0]
	at java.util.concurrent.ThreadPoolExecutor.runWorker(ThreadPoolExecutor.java:1149) [?:1.8.0_212]
	at java.util.concurrent.ThreadPoolExecutor$Worker.run(ThreadPoolExecutor.java:624) [?:1.8.0_212]
	at java.lang.Thread.run(Thread.java:748) [?:1.8.0_212]
07:25:20.713 [grpc-default-executor-5] ERROR DNAudit - user=null | ip=null | op=PUT_BLOCK {blockData=[blockId=conID: 2 locID: 102432945628184601 bcsId: 0,size=2097152]} | ret=FAILURE
org.apache.hadoop.hdds.scm.container.common.helpers.ContainerNotOpenException: Container 2 in CLOSED state
	at org.apache.hadoop.ozone.container.common.impl.HddsDispatcher.validateContainerCommand(HddsDispatcher.java:408) ~[hadoop-hdds-container-service-0.5.0-SNAPSHOT.jar:?]
	at org.apache.hadoop.ozone.container.common.transport.server.ratis.ContainerStateMachine.startTransaction(ContainerStateMachine.java:271) ~[hadoop-hdds-container-service-0.5.0-SNAPSHOT.jar:?]
	at org.apache.ratis.server.impl.RaftServerImpl.submitClientRequestAsync(RaftServerImpl.java:566) ~[ratis-server-0.4.0-2337318-SNAPSHOT.jar:0.4.0-2337318-SNAPSHOT]
	at org.apache.ratis.server.impl.RaftServerProxy.lambda$submitClientRequestAsync$7(RaftServerProxy.java:333) ~[ratis-server-0.4.0-2337318-SNAPSHOT.jar:0.4.0-2337318-SNAPSHOT]
	at org.apache.ratis.server.impl.RaftServerProxy.lambda$null$5(RaftServerProxy.java:328) ~[ratis-server-0.4.0-2337318-SNAPSHOT.jar:0.4.0-2337318-SNAPSHOT]
	at org.apache.ratis.util.JavaUtils.callAsUnchecked(JavaUtils.java:109) ~[ratis-common-0.4.0-2337318-SNAPSHOT.jar:0.4.0-2337318-SNAPSHOT]
	at org.apache.ratis.server.impl.RaftServerProxy.lambda$submitRequest$6(RaftServerProxy.java:328) ~[ratis-server-0.4.0-2337318-SNAPSHOT.jar:0.4.0-2337318-SNAPSHOT]
	at java.util.concurrent.CompletableFuture.uniComposeStage(CompletableFuture.java:981) ~[?:1.8.0_212]
	at java.util.concurrent.CompletableFuture.thenCompose(CompletableFuture.java:2124) ~[?:1.8.0_212]
	at org.apache.ratis.server.impl.RaftServerProxy.submitRequest(RaftServerProxy.java:327) ~[ratis-server-0.4.0-2337318-SNAPSHOT.jar:0.4.0-2337318-SNAPSHOT]
	at org.apache.ratis.server.impl.RaftServerProxy.submitClientRequestAsync(RaftServerProxy.java:333) ~[ratis-server-0.4.0-2337318-SNAPSHOT.jar:0.4.0-2337318-SNAPSHOT]
	at org.apache.ratis.grpc.client.GrpcClientProtocolService$RequestStreamObserver.processClientRequest(GrpcClientProtocolService.java:220) ~[ratis-grpc-0.4.0-2337318-SNAPSHOT.jar:0.4.0-2337318-SNAPSHOT]
	at org.apache.ratis.grpc.client.GrpcClientProtocolService$OrderedRequestStreamObserver.processClientRequest(GrpcClientProtocolService.java:326) ~[ratis-grpc-0.4.0-2337318-SNAPSHOT.jar:0.4.0-2337318-SNAPSHOT]
	at org.apache.ratis.util.SlidingWindow$Server.processRequestsFromHead(SlidingWindow.java:429) [ratis-common-0.4.0-2337318-SNAPSHOT.jar:0.4.0-2337318-SNAPSHOT]
	at org.apache.ratis.util.SlidingWindow$Server.receivedRequest(SlidingWindow.java:421) [ratis-common-0.4.0-2337318-SNAPSHOT.jar:0.4.0-2337318-SNAPSHOT]
	at org.apache.ratis.grpc.client.GrpcClientProtocolService$OrderedRequestStreamObserver.processClientRequest(GrpcClientProtocolService.java:345) [ratis-grpc-0.4.0-2337318-SNAPSHOT.jar:0.4.0-2337318-SNAPSHOT]
	at org.apache.ratis.grpc.client.GrpcClientProtocolService$RequestStreamObserver.onNext(GrpcClientProtocolService.java:240) [ratis-grpc-0.4.0-2337318-SNAPSHOT.jar:0.4.0-2337318-SNAPSHOT]
	at org.apache.ratis.grpc.client.GrpcClientProtocolService$RequestStreamObserver.onNext(GrpcClientProtocolService.java:168) [ratis-grpc-0.4.0-2337318-SNAPSHOT.jar:0.4.0-2337318-SNAPSHOT]
	at org.apache.ratis.thirdparty.io.grpc.stub.ServerCalls$StreamingServerCallHandler$StreamingServerCallListener.onMessage(ServerCalls.java:248) [ratis-thirdparty-misc-0.2.0.jar:0.2.0]
	at org.apache.ratis.thirdparty.io.grpc.internal.ServerCallImpl$ServerStreamListenerImpl.messagesAvailable(ServerCallImpl.java:263) [ratis-thirdparty-misc-0.2.0.jar:0.2.0]
	at org.apache.ratis.thirdparty.io.grpc.internal.ServerImpl$JumpToApplicationThreadServerStreamListener$1MessagesAvailable.runInContext(ServerImpl.java:686) [ratis-thirdparty-misc-0.2.0.jar:0.2.0]
	at org.apache.ratis.thirdparty.io.grpc.internal.ContextRunnable.run(ContextRunnable.java:37) [ratis-thirdparty-misc-0.2.0.jar:0.2.0]
	at org.apache.ratis.thirdparty.io.grpc.internal.SerializingExecutor.run(SerializingExecutor.java:123) [ratis-thirdparty-misc-0.2.0.jar:0.2.0]
	at java.util.concurrent.ThreadPoolExecutor.runWorker(ThreadPoolExecutor.java:1149) [?:1.8.0_212]
	at java.util.concurrent.ThreadPoolExecutor$Worker.run(ThreadPoolExecutor.java:624) [?:1.8.0_212]
	at java.lang.Thread.run(Thread.java:748) [?:1.8.0_212]
2019-07-13 07:25:20,739 INFO  client.GrpcClientProtocolClient (GrpcClientProtocolClient.java:onNext(255)) - client-84A232460EF5->ebc3321e-a67e-4048-9fa7-beeb05df4a43: receive RaftClientReply:client-84A232460EF5->ebc3321e-a67e-4048-9fa7-beeb05df4a43@group-F94DA6EEBDA4, cid=168, FAILED org.apache.ratis.protocol.StateMachineException: org.apache.hadoop.hdds.scm.container.common.helpers.ContainerNotOpenException from Server ebc3321e-a67e-4048-9fa7-beeb05df4a43: Container 2 in CLOSED state, logIndex=0, commits[ebc3321e-a67e-4048-9fa7-beeb05df4a43:c22, 081e239d-284e-44f2-be8f-6052e512c341:c18, 41b9c1bd-cf21-4c7a-8d7a-e228988eafd6:c22]
2019-07-13 07:25:20,742 INFO  client.GrpcClientProtocolClient (GrpcClientProtocolClient.java:onNext(255)) - client-84A232460EF5->ebc3321e-a67e-4048-9fa7-beeb05df4a43: receive RaftClientReply:client-84A232460EF5->ebc3321e-a67e-4048-9fa7-beeb05df4a43@group-F94DA6EEBDA4, cid=169, FAILED org.apache.ratis.protocol.StateMachineException: org.apache.hadoop.hdds.scm.container.common.helpers.ContainerNotOpenException from Server ebc3321e-a67e-4048-9fa7-beeb05df4a43: Container 2 in CLOSED state, logIndex=0, commits[ebc3321e-a67e-4048-9fa7-beeb05df4a43:c22, 081e239d-284e-44f2-be8f-6052e512c341:c18, 41b9c1bd-cf21-4c7a-8d7a-e228988eafd6:c22]
2019-07-13 07:25:20,846 INFO  client.GrpcClientProtocolClient (GrpcClientProtocolClient.java:onNext(255)) - client-ED624F36F8F4->bedd0106-2caf-44e8-be25-b5cd250d796d: receive RaftClientReply:client-ED624F36F8F4->bedd0106-2caf-44e8-be25-b5cd250d796d@group-390BE36203C9, cid=170, FAILED org.apache.ratis.protocol.NotLeaderException: Server bedd0106-2caf-44e8-be25-b5cd250d796d is not the leader (13b5e0e7-42b7-4760-b7b7-d2ff82d10736:192.168.69.84:39462). Request must be sent to leader., logIndex=0, commits[bedd0106-2caf-44e8-be25-b5cd250d796d:c0, 13b5e0e7-42b7-4760-b7b7-d2ff82d10736:c0, 065c58a9-3173-4344-9164-c86366c67d3e:c0]
2019-07-13 07:25:21,014 INFO  client.GrpcClientProtocolClient (GrpcClientProtocolClient.java:onNext(255)) - client-ED624F36F8F4->13b5e0e7-42b7-4760-b7b7-d2ff82d10736: receive RaftClientReply:client-ED624F36F8F4->13b5e0e7-42b7-4760-b7b7-d2ff82d10736@group-390BE36203C9, cid=170, SUCCESS, logIndex=1, commits[13b5e0e7-42b7-4760-b7b7-d2ff82d10736:c1, 065c58a9-3173-4344-9164-c86366c67d3e:c0, bedd0106-2caf-44e8-be25-b5cd250d796d:c0]
2019-07-13 07:25:21,121 INFO  client.GrpcClientProtocolClient (GrpcClientProtocolClient.java:onNext(255)) - client-ED624F36F8F4->13b5e0e7-42b7-4760-b7b7-d2ff82d10736: receive RaftClientReply:client-ED624F36F8F4->13b5e0e7-42b7-4760-b7b7-d2ff82d10736@group-390BE36203C9, cid=171, SUCCESS, logIndex=3, commits[13b5e0e7-42b7-4760-b7b7-d2ff82d10736:c8, 065c58a9-3173-4344-9164-c86366c67d3e:c5, bedd0106-2caf-44e8-be25-b5cd250d796d:c5]
2019-07-13 07:25:21,122 INFO  client.GrpcClientProtocolClient (GrpcClientProtocolClient.java:onNext(255)) - client-ED624F36F8F4->13b5e0e7-42b7-4760-b7b7-d2ff82d10736: receive RaftClientReply:client-ED624F36F8F4->13b5e0e7-42b7-4760-b7b7-d2ff82d10736@group-390BE36203C9, cid=172, SUCCESS, logIndex=4, commits[13b5e0e7-42b7-4760-b7b7-d2ff82d10736:c8, 065c58a9-3173-4344-9164-c86366c67d3e:c5, bedd0106-2caf-44e8-be25-b5cd250d796d:c5]
2019-07-13 07:25:21,189 INFO  client.GrpcClientProtocolClient (GrpcClientProtocolClient.java:onNext(255)) - client-ED624F36F8F4->13b5e0e7-42b7-4760-b7b7-d2ff82d10736: receive RaftClientReply:client-ED624F36F8F4->13b5e0e7-42b7-4760-b7b7-d2ff82d10736@group-390BE36203C9, cid=173, SUCCESS, logIndex=5, commits[13b5e0e7-42b7-4760-b7b7-d2ff82d10736:c8, 065c58a9-3173-4344-9164-c86366c67d3e:c5, bedd0106-2caf-44e8-be25-b5cd250d796d:c5]
2019-07-13 07:25:21,214 INFO  client.GrpcClientProtocolClient (GrpcClientProtocolClient.java:onNext(255)) - client-ED624F36F8F4->13b5e0e7-42b7-4760-b7b7-d2ff82d10736: receive RaftClientReply:client-ED624F36F8F4->13b5e0e7-42b7-4760-b7b7-d2ff82d10736@group-390BE36203C9, cid=174, SUCCESS, logIndex=9, commits[13b5e0e7-42b7-4760-b7b7-d2ff82d10736:c10, 065c58a9-3173-4344-9164-c86366c67d3e:c8, bedd0106-2caf-44e8-be25-b5cd250d796d:c8]
2019-07-13 07:25:21,215 INFO  client.GrpcClientProtocolClient (GrpcClientProtocolClient.java:onNext(255)) - client-ED624F36F8F4->13b5e0e7-42b7-4760-b7b7-d2ff82d10736: receive RaftClientReply:client-ED624F36F8F4->13b5e0e7-42b7-4760-b7b7-d2ff82d10736@group-390BE36203C9, cid=175, SUCCESS, logIndex=10, commits[13b5e0e7-42b7-4760-b7b7-d2ff82d10736:c10, 065c58a9-3173-4344-9164-c86366c67d3e:c8, bedd0106-2caf-44e8-be25-b5cd250d796d:c8]
2019-07-13 07:25:21,220 INFO  client.GrpcClientProtocolClient (GrpcClientProtocolClient.java:onNext(255)) - client-ED624F36F8F4->13b5e0e7-42b7-4760-b7b7-d2ff82d10736: receive RaftClientReply:client-ED624F36F8F4->13b5e0e7-42b7-4760-b7b7-d2ff82d10736@group-390BE36203C9, cid=176, SUCCESS, logIndex=11, commits[13b5e0e7-42b7-4760-b7b7-d2ff82d10736:c12, 065c58a9-3173-4344-9164-c86366c67d3e:c10, bedd0106-2caf-44e8-be25-b5cd250d796d:c8]
2019-07-13 07:25:21,220 INFO  client.GrpcClientProtocolClient (GrpcClientProtocolClient.java:onNext(255)) - client-ED624F36F8F4->13b5e0e7-42b7-4760-b7b7-d2ff82d10736: receive RaftClientReply:client-ED624F36F8F4->13b5e0e7-42b7-4760-b7b7-d2ff82d10736@group-390BE36203C9, cid=177, SUCCESS, logIndex=12, commits[13b5e0e7-42b7-4760-b7b7-d2ff82d10736:c14, 065c58a9-3173-4344-9164-c86366c67d3e:c10, bedd0106-2caf-44e8-be25-b5cd250d796d:c10]
2019-07-13 07:25:21,243 INFO  client.GrpcClientProtocolClient (GrpcClientProtocolClient.java:onNext(255)) - client-ED624F36F8F4->13b5e0e7-42b7-4760-b7b7-d2ff82d10736: receive RaftClientReply:client-ED624F36F8F4->13b5e0e7-42b7-4760-b7b7-d2ff82d10736@group-390BE36203C9, cid=178, SUCCESS, logIndex=0, commits[13b5e0e7-42b7-4760-b7b7-d2ff82d10736:c16, 065c58a9-3173-4344-9164-c86366c67d3e:c12, bedd0106-2caf-44e8-be25-b5cd250d796d:c12]
2019-07-13 07:25:21,385 INFO  client.GrpcClientProtocolClient (GrpcClientProtocolClient.java:onNext(255)) - client-ED624F36F8F4->13b5e0e7-42b7-4760-b7b7-d2ff82d10736: receive RaftClientReply:client-ED624F36F8F4->13b5e0e7-42b7-4760-b7b7-d2ff82d10736@group-390BE36203C9, cid=179, SUCCESS, logIndex=17, commits[13b5e0e7-42b7-4760-b7b7-d2ff82d10736:c18, 065c58a9-3173-4344-9164-c86366c67d3e:c16, bedd0106-2caf-44e8-be25-b5cd250d796d:c16]
2019-07-13 07:25:21,429 INFO  client.GrpcClientProtocolClient (GrpcClientProtocolClient.java:onNext(255)) - client-ED624F36F8F4->13b5e0e7-42b7-4760-b7b7-d2ff82d10736: receive RaftClientReply:client-ED624F36F8F4->13b5e0e7-42b7-4760-b7b7-d2ff82d10736@group-390BE36203C9, cid=180, SUCCESS, logIndex=18, commits[13b5e0e7-42b7-4760-b7b7-d2ff82d10736:c20, 065c58a9-3173-4344-9164-c86366c67d3e:c18, bedd0106-2caf-44e8-be25-b5cd250d796d:c18]
2019-07-13 07:25:21,682 WARN  server.GrpcLogAppender (LogUtils.java:warn(134)) - 1a861c74-1484-402a-9ff9-9d6113d38ce4->c914261d-7132-4fca-86ff-e1ab4ebbf7be: Failed appendEntries: org.apache.ratis.thirdparty.io.grpc.StatusRuntimeException: UNAVAILABLE: io exception
2019-07-13 07:25:21,692 INFO  impl.FollowerInfo (FollowerInfo.java:lambda$new$0(50)) - 1a861c74-1484-402a-9ff9-9d6113d38ce4->c914261d-7132-4fca-86ff-e1ab4ebbf7be: nextIndex: updateUnconditionally 0 -> 0
2019-07-13 07:25:21,747 INFO  pipeline.Pipeline (Pipeline.java:getProtobufMessage(195)) - Serialize pipeline PipelineID=4bdb85ca-03cc-4b61-bf74-390be36203c9 with nodesInOrder{ }
2019-07-13 07:25:21,748 INFO  pipeline.Pipeline (Pipeline.java:getProtobufMessage(195)) - Serialize pipeline PipelineID=4bdb85ca-03cc-4b61-bf74-390be36203c9 with nodesInOrder{ }
2019-07-13 07:25:21,749 INFO  pipeline.Pipeline (Pipeline.java:build(342)) - Deserialize nodesInOrder [13b5e0e7-42b7-4760-b7b7-d2ff82d10736{ip: 192.168.69.84, host: trunk-nightly-9lh4p-2362225927, networkLocation: /default-rack, certSerialId: null}, 13b5e0e7-42b7-4760-b7b7-d2ff82d10736{ip: 192.168.69.84, host: trunk-nightly-9lh4p-2362225927, networkLocation: /default-rack, certSerialId: null}, 13b5e0e7-42b7-4760-b7b7-d2ff82d10736{ip: 192.168.69.84, host: trunk-nightly-9lh4p-2362225927, networkLocation: /default-rack, certSerialId: null}] in pipeline PipelineID=4bdb85ca-03cc-4b61-bf74-390be36203c9
2019-07-13 07:25:21,749 INFO  pipeline.Pipeline (Pipeline.java:build(342)) - Deserialize nodesInOrder [13b5e0e7-42b7-4760-b7b7-d2ff82d10736{ip: 192.168.69.84, host: trunk-nightly-9lh4p-2362225927, networkLocation: /default-rack, certSerialId: null}, 13b5e0e7-42b7-4760-b7b7-d2ff82d10736{ip: 192.168.69.84, host: trunk-nightly-9lh4p-2362225927, networkLocation: /default-rack, certSerialId: null}, 13b5e0e7-42b7-4760-b7b7-d2ff82d10736{ip: 192.168.69.84, host: trunk-nightly-9lh4p-2362225927, networkLocation: /default-rack, certSerialId: null}] in pipeline PipelineID=4bdb85ca-03cc-4b61-bf74-390be36203c9
]]></system-out>
    <system-err><![CDATA[Jul 13, 2019 7:24:59 AM com.sun.jersey.server.impl.application.WebApplicationImpl _initiate
INFO: Initiating Jersey application, version 'Jersey: 1.19 02/11/2015 03:25 AM'
Jul 13, 2019 7:24:59 AM com.sun.jersey.server.impl.application.WebApplicationImpl _initiate
INFO: Initiating Jersey application, version 'Jersey: 1.19 02/11/2015 03:25 AM'
Jul 13, 2019 7:24:59 AM com.sun.jersey.server.impl.application.WebApplicationImpl _initiate
INFO: Initiating Jersey application, version 'Jersey: 1.19 02/11/2015 03:25 AM'
Jul 13, 2019 7:25:00 AM com.sun.jersey.server.impl.application.WebApplicationImpl _initiate
INFO: Initiating Jersey application, version 'Jersey: 1.19 02/11/2015 03:25 AM'
Jul 13, 2019 7:25:00 AM com.sun.jersey.server.impl.application.WebApplicationImpl _initiate
INFO: Initiating Jersey application, version 'Jersey: 1.19 02/11/2015 03:25 AM'
Jul 13, 2019 7:25:00 AM com.sun.jersey.server.impl.application.WebApplicationImpl _initiate
INFO: Initiating Jersey application, version 'Jersey: 1.19 02/11/2015 03:25 AM'
]]></system-err>
  </testcase>
</testsuite>