<?xml version="1.0" encoding="UTF-8"?>
<testsuite xmlns:xsi="http://www.w3.org/2001/XMLSchema-instance" xsi:noNamespaceSchemaLocation="https://maven.apache.org/surefire/maven-surefire-plugin/xsd/surefire-test-report.xsd" name="org.apache.hadoop.ozone.client.rpc.TestWatchForCommit" time="226.069" tests="6" errors="0" skipped="0" failures="1">
  <properties>
    <property name="awt.toolkit" value="sun.awt.X11.XToolkit"/>
    <property name="file.encoding.pkg" value="sun.io"/>
    <property name="java.specification.version" value="1.8"/>
    <property name="sun.cpu.isalist" value=""/>
    <property name="sun.jnu.encoding" value="UTF-8"/>
    <property name="java.class.path" value="/tmp/workdir/hadoop-ozone/integration-test/target/test-classes:/tmp/workdir/hadoop-ozone/integration-test/target/classes:/home/user/.m2/repository/org/apache/hadoop/hadoop-ozone-common/0.5.0-SNAPSHOT/hadoop-ozone-common-0.5.0-SNAPSHOT.jar:/home/user/.m2/repository/org/apache/commons/commons-compress/1.4.1/commons-compress-1.4.1.jar:/home/user/.m2/repository/org/tukaani/xz/1.0/xz-1.0.jar:/home/user/.m2/repository/org/apache/hadoop/hadoop-common/3.2.0/hadoop-common-3.2.0.jar:/home/user/.m2/repository/org/apache/hadoop/hadoop-hdfs/3.2.0/hadoop-hdfs-3.2.0.jar:/home/user/.m2/repository/org/apache/hadoop/hadoop-hdfs-client/3.2.0/hadoop-hdfs-client-3.2.0.jar:/home/user/.m2/repository/com/fasterxml/jackson/core/jackson-annotations/2.9.5/jackson-annotations-2.9.5.jar:/home/user/.m2/repository/org/apache/hadoop/hadoop-hdds-common/0.5.0-SNAPSHOT/hadoop-hdds-common-0.5.0-SNAPSHOT.jar:/home/user/.m2/repository/javax/annotation/javax.annotation-api/1.2/javax.annotation-api-1.2.jar:/home/user/.m2/repository/org/apache/ratis/ratis-server/0.4.0-2337318-SNAPSHOT/ratis-server-0.4.0-2337318-SNAPSHOT.jar:/home/user/.m2/repository/org/apache/ratis/ratis-thirdparty-misc/0.2.0/ratis-thirdparty-misc-0.2.0.jar:/home/user/.m2/repository/org/apache/ratis/ratis-proto/0.4.0-2337318-SNAPSHOT/ratis-proto-0.4.0-2337318-SNAPSHOT.jar:/home/user/.m2/repository/org/apache/ratis/ratis-common/0.4.0-2337318-SNAPSHOT/ratis-common-0.4.0-2337318-SNAPSHOT.jar:/home/user/.m2/repository/org/apache/ratis/ratis-client/0.4.0-2337318-SNAPSHOT/ratis-client-0.4.0-2337318-SNAPSHOT.jar:/home/user/.m2/repository/org/apache/ratis/ratis-metrics/0.4.0-2337318-SNAPSHOT/ratis-metrics-0.4.0-2337318-SNAPSHOT.jar:/home/user/.m2/repository/org/apache/ratis/ratis-netty/0.4.0-2337318-SNAPSHOT/ratis-netty-0.4.0-2337318-SNAPSHOT.jar:/home/user/.m2/repository/org/apache/ratis/ratis-grpc/0.4.0-2337318-SNAPSHOT/ratis-grpc-0.4.0-2337318-SNAPSHOT.jar:/home/user/.m2/repository/org/rocksdb/rocksdbjni/6.0.1/rocksdbjni-6.0.1.jar:/home/user/.m2/repository/org/apache/logging/log4j/log4j-api/2.11.0/log4j-api-2.11.0.jar:/home/user/.m2/repository/org/apache/logging/log4j/log4j-core/2.11.0/log4j-core-2.11.0.jar:/home/user/.m2/repository/com/lmax/disruptor/3.4.2/disruptor-3.4.2.jar:/home/user/.m2/repository/org/apache/commons/commons-pool2/2.6.0/commons-pool2-2.6.0.jar:/home/user/.m2/repository/org/bouncycastle/bcpkix-jdk15on/1.60/bcpkix-jdk15on-1.60.jar:/home/user/.m2/repository/commons-validator/commons-validator/1.6/commons-validator-1.6.jar:/home/user/.m2/repository/commons-digester/commons-digester/1.8.1/commons-digester-1.8.1.jar:/home/user/.m2/repository/io/jaegertracing/jaeger-client/0.33.1/jaeger-client-0.33.1.jar:/home/user/.m2/repository/io/jaegertracing/jaeger-thrift/0.33.1/jaeger-thrift-0.33.1.jar:/home/user/.m2/repository/org/apache/thrift/libthrift/0.11.0/libthrift-0.11.0.jar:/home/user/.m2/repository/com/squareup/okhttp3/okhttp/3.9.0/okhttp-3.9.0.jar:/home/user/.m2/repository/com/squareup/okio/okio/1.13.0/okio-1.13.0.jar:/home/user/.m2/repository/io/jaegertracing/jaeger-core/0.33.1/jaeger-core-0.33.1.jar:/home/user/.m2/repository/io/jaegertracing/jaeger-tracerresolver/0.33.1/jaeger-tracerresolver-0.33.1.jar:/home/user/.m2/repository/io/opentracing/contrib/opentracing-tracerresolver/0.1.5/opentracing-tracerresolver-0.1.5.jar:/home/user/.m2/repository/io/opentracing/opentracing-util/0.31.0/opentracing-util-0.31.0.jar:/home/user/.m2/repository/io/opentracing/opentracing-api/0.31.0/opentracing-api-0.31.0.jar:/home/user/.m2/repository/io/opentracing/opentracing-noop/0.31.0/opentracing-noop-0.31.0.jar:/home/user/.m2/repository/org/apache/hadoop/hadoop-hdds-server-framework/0.5.0-SNAPSHOT/hadoop-hdds-server-framework-0.5.0-SNAPSHOT.jar:/home/user/.m2/repository/org/apache/hadoop/hadoop-hdds-container-service/0.5.0-SNAPSHOT/hadoop-hdds-container-service-0.5.0-SNAPSHOT.jar:/home/user/.m2/repository/org/apache/hadoop/hadoop-hdds-client/0.5.0-SNAPSHOT/hadoop-hdds-client-0.5.0-SNAPSHOT.jar:/home/user/.m2/repository/org/apache/hadoop/hadoop-hdds-tools/0.5.0-SNAPSHOT/hadoop-hdds-tools-0.5.0-SNAPSHOT.jar:/home/user/.m2/repository/org/apache/hadoop/hadoop-hdds-server-scm/0.5.0-SNAPSHOT/hadoop-hdds-server-scm-0.5.0-SNAPSHOT.jar:/home/user/.m2/repository/org/apache/hadoop/hadoop-hdds-docs/0.5.0-SNAPSHOT/hadoop-hdds-docs-0.5.0-SNAPSHOT.jar:/home/user/.m2/repository/io/dropwizard/metrics/metrics-core/3.2.4/metrics-core-3.2.4.jar:/home/user/.m2/repository/org/hamcrest/hamcrest-all/1.3/hamcrest-all-1.3.jar:/home/user/.m2/repository/org/bouncycastle/bcprov-jdk15on/1.60/bcprov-jdk15on-1.60.jar:/home/user/.m2/repository/info/picocli/picocli/3.9.6/picocli-3.9.6.jar:/home/user/.m2/repository/com/google/protobuf/protobuf-java/2.5.0/protobuf-java-2.5.0.jar:/home/user/.m2/repository/com/google/guava/guava/11.0.2/guava-11.0.2.jar:/home/user/.m2/repository/org/apache/hadoop/hadoop-ozone-ozone-manager/0.5.0-SNAPSHOT/hadoop-ozone-ozone-manager-0.5.0-SNAPSHOT.jar:/home/user/.m2/repository/org/apache/hadoop/hadoop-minikdc/3.2.0/hadoop-minikdc-3.2.0.jar:/home/user/.m2/repository/commons-io/commons-io/2.5/commons-io-2.5.jar:/home/user/.m2/repository/org/apache/kerby/kerb-simplekdc/1.0.1/kerb-simplekdc-1.0.1.jar:/home/user/.m2/repository/org/apache/kerby/kerb-client/1.0.1/kerb-client-1.0.1.jar:/home/user/.m2/repository/org/apache/kerby/kerby-config/1.0.1/kerby-config-1.0.1.jar:/home/user/.m2/repository/org/apache/kerby/kerb-core/1.0.1/kerb-core-1.0.1.jar:/home/user/.m2/repository/org/apache/kerby/kerby-pkix/1.0.1/kerby-pkix-1.0.1.jar:/home/user/.m2/repository/org/apache/kerby/kerby-asn1/1.0.1/kerby-asn1-1.0.1.jar:/home/user/.m2/repository/org/apache/kerby/kerby-util/1.0.1/kerby-util-1.0.1.jar:/home/user/.m2/repository/org/apache/kerby/kerb-common/1.0.1/kerb-common-1.0.1.jar:/home/user/.m2/repository/org/apache/kerby/kerb-crypto/1.0.1/kerb-crypto-1.0.1.jar:/home/user/.m2/repository/org/apache/kerby/kerb-util/1.0.1/kerb-util-1.0.1.jar:/home/user/.m2/repository/org/apache/kerby/token-provider/1.0.1/token-provider-1.0.1.jar:/home/user/.m2/repository/org/apache/kerby/kerb-admin/1.0.1/kerb-admin-1.0.1.jar:/home/user/.m2/repository/org/apache/kerby/kerb-server/1.0.1/kerb-server-1.0.1.jar:/home/user/.m2/repository/org/apache/kerby/kerb-identity/1.0.1/kerb-identity-1.0.1.jar:/home/user/.m2/repository/org/apache/kerby/kerby-xdr/1.0.1/kerby-xdr-1.0.1.jar:/home/user/.m2/repository/org/slf4j/slf4j-log4j12/1.7.25/slf4j-log4j12-1.7.25.jar:/home/user/.m2/repository/org/apache/hadoop/hadoop-ozone-objectstore-service/0.5.0-SNAPSHOT/hadoop-ozone-objectstore-service-0.5.0-SNAPSHOT.jar:/home/user/.m2/repository/org/apache/hadoop/hadoop-ozone-s3gateway/0.5.0-SNAPSHOT/hadoop-ozone-s3gateway-0.5.0-SNAPSHOT.jar:/home/user/.m2/repository/org/jboss/weld/servlet/weld-servlet/2.4.7.Final/weld-servlet-2.4.7.Final.jar:/home/user/.m2/repository/org/glassfish/jersey/containers/jersey-container-servlet-core/2.27/jersey-container-servlet-core-2.27.jar:/home/user/.m2/repository/org/glassfish/hk2/external/javax.inject/2.5.0-b42/javax.inject-2.5.0-b42.jar:/home/user/.m2/repository/org/glassfish/jersey/core/jersey-common/2.27/jersey-common-2.27.jar:/home/user/.m2/repository/org/glassfish/hk2/osgi-resource-locator/1.0.1/osgi-resource-locator-1.0.1.jar:/home/user/.m2/repository/javax/ws/rs/javax.ws.rs-api/2.1/javax.ws.rs-api-2.1.jar:/home/user/.m2/repository/org/glassfish/jersey/ext/cdi/jersey-cdi1x/2.27/jersey-cdi1x-2.27.jar:/home/user/.m2/repository/org/glassfish/jersey/inject/jersey-hk2/2.27/jersey-hk2-2.27.jar:/home/user/.m2/repository/org/glassfish/hk2/hk2-locator/2.5.0-b42/hk2-locator-2.5.0-b42.jar:/home/user/.m2/repository/org/javassist/javassist/3.22.0-CR2/javassist-3.22.0-CR2.jar:/home/user/.m2/repository/org/glassfish/hk2/hk2-api/2.5.0/hk2-api-2.5.0.jar:/home/user/.m2/repository/org/glassfish/hk2/external/jakarta.inject/2.5.0/jakarta.inject-2.5.0.jar:/home/user/.m2/repository/org/glassfish/hk2/hk2-utils/2.5.0/hk2-utils-2.5.0.jar:/home/user/.m2/repository/jakarta/annotation/jakarta.annotation-api/1.3.4/jakarta.annotation-api-1.3.4.jar:/home/user/.m2/repository/org/glassfish/hk2/external/aopalliance-repackaged/2.5.0/aopalliance-repackaged-2.5.0.jar:/home/user/.m2/repository/com/fasterxml/jackson/dataformat/jackson-dataformat-xml/2.9.0/jackson-dataformat-xml-2.9.0.jar:/home/user/.m2/repository/com/fasterxml/jackson/core/jackson-core/2.9.5/jackson-core-2.9.5.jar:/home/user/.m2/repository/com/fasterxml/jackson/module/jackson-module-jaxb-annotations/2.9.5/jackson-module-jaxb-annotations-2.9.5.jar:/home/user/.m2/repository/javax/enterprise/cdi-api/1.2/cdi-api-1.2.jar:/home/user/.m2/repository/javax/el/javax.el-api/3.0.0/javax.el-api-3.0.0.jar:/home/user/.m2/repository/javax/interceptor/javax.interceptor-api/1.2/javax.interceptor-api-1.2.jar:/home/user/.m2/repository/javax/inject/javax.inject/1/javax.inject-1.jar:/home/user/.m2/repository/com/sun/xml/bind/jaxb-impl/2.3.0.1/jaxb-impl-2.3.0.1.jar:/home/user/.m2/repository/com/sun/xml/bind/jaxb-core/2.3.0.1/jaxb-core-2.3.0.1.jar:/home/user/.m2/repository/javax/xml/bind/jaxb-api/2.3.0/jaxb-api-2.3.0.jar:/home/user/.m2/repository/javax/activation/activation/1.1.1/activation-1.1.1.jar:/home/user/.m2/repository/org/apache/hadoop/hadoop-ozone-csi/0.5.0-SNAPSHOT/hadoop-ozone-csi-0.5.0-SNAPSHOT.jar:/home/user/.m2/repository/com/google/protobuf/protobuf-java-util/3.5.1/protobuf-java-util-3.5.1.jar:/home/user/.m2/repository/org/apache/hadoop/hadoop-hdds-config/0.5.0-SNAPSHOT/hadoop-hdds-config-0.5.0-SNAPSHOT.jar:/home/user/.m2/repository/io/grpc/grpc-netty/1.17.1/grpc-netty-1.17.1.jar:/home/user/.m2/repository/io/grpc/grpc-core/1.17.1/grpc-core-1.17.1.jar:/home/user/.m2/repository/io/grpc/grpc-context/1.17.1/grpc-context-1.17.1.jar:/home/user/.m2/repository/com/google/errorprone/error_prone_annotations/2.2.0/error_prone_annotations-2.2.0.jar:/home/user/.m2/repository/org/codehaus/mojo/animal-sniffer-annotations/1.17/animal-sniffer-annotations-1.17.jar:/home/user/.m2/repository/io/opencensus/opencensus-api/0.17.0/opencensus-api-0.17.0.jar:/home/user/.m2/repository/io/opencensus/opencensus-contrib-grpc-metrics/0.17.0/opencensus-contrib-grpc-metrics-0.17.0.jar:/home/user/.m2/repository/io/netty/netty-codec-http2/4.1.30.Final/netty-codec-http2-4.1.30.Final.jar:/home/user/.m2/repository/io/netty/netty-codec-http/4.1.30.Final/netty-codec-http-4.1.30.Final.jar:/home/user/.m2/repository/io/netty/netty-codec/4.1.30.Final/netty-codec-4.1.30.Final.jar:/home/user/.m2/repository/io/netty/netty-handler/4.1.30.Final/netty-handler-4.1.30.Final.jar:/home/user/.m2/repository/io/netty/netty-handler-proxy/4.1.30.Final/netty-handler-proxy-4.1.30.Final.jar:/home/user/.m2/repository/io/netty/netty-codec-socks/4.1.30.Final/netty-codec-socks-4.1.30.Final.jar:/home/user/.m2/repository/io/netty/netty-transport-native-epoll/4.1.30.Final/netty-transport-native-epoll-4.1.30.Final.jar:/home/user/.m2/repository/io/netty/netty-common/4.1.30.Final/netty-common-4.1.30.Final.jar:/home/user/.m2/repository/io/netty/netty-buffer/4.1.30.Final/netty-buffer-4.1.30.Final.jar:/home/user/.m2/repository/io/netty/netty-transport/4.1.30.Final/netty-transport-4.1.30.Final.jar:/home/user/.m2/repository/io/netty/netty-resolver/4.1.30.Final/netty-resolver-4.1.30.Final.jar:/home/user/.m2/repository/io/netty/netty-transport-native-unix-common/4.1.30.Final/netty-transport-native-unix-common-4.1.30.Final.jar:/home/user/.m2/repository/io/grpc/grpc-protobuf/1.17.1/grpc-protobuf-1.17.1.jar:/home/user/.m2/repository/com/google/api/grpc/proto-google-common-protos/1.0.0/proto-google-common-protos-1.0.0.jar:/home/user/.m2/repository/io/grpc/grpc-protobuf-lite/1.17.1/grpc-protobuf-lite-1.17.1.jar:/home/user/.m2/repository/io/grpc/grpc-stub/1.17.1/grpc-stub-1.17.1.jar:/home/user/.m2/repository/org/apache/hadoop/hadoop-ozone-recon/0.5.0-SNAPSHOT/hadoop-ozone-recon-0.5.0-SNAPSHOT.jar:/home/user/.m2/repository/org/apache/hadoop/hadoop-ozone-reconcodegen/0.5.0-SNAPSHOT/hadoop-ozone-reconcodegen-0.5.0-SNAPSHOT.jar:/home/user/.m2/repository/com/google/inject/extensions/guice-multibindings/4.0/guice-multibindings-4.0.jar:/home/user/.m2/repository/com/google/inject/guice/4.0/guice-4.0.jar:/home/user/.m2/repository/aopalliance/aopalliance/1.0/aopalliance-1.0.jar:/home/user/.m2/repository/com/google/inject/extensions/guice-servlet/4.0/guice-servlet-4.0.jar:/home/user/.m2/repository/org/glassfish/jersey/containers/jersey-container-servlet/2.27/jersey-container-servlet-2.27.jar:/home/user/.m2/repository/org/glassfish/hk2/guice-bridge/2.5.0/guice-bridge-2.5.0.jar:/home/user/.m2/repository/org/glassfish/jersey/core/jersey-server/2.27/jersey-server-2.27.jar:/home/user/.m2/repository/org/glassfish/jersey/core/jersey-client/2.27/jersey-client-2.27.jar:/home/user/.m2/repository/org/glassfish/jersey/media/jersey-media-jaxb/2.27/jersey-media-jaxb-2.27.jar:/home/user/.m2/repository/javax/validation/validation-api/1.1.0.Final/validation-api-1.1.0.Final.jar:/home/user/.m2/repository/org/glassfish/jersey/media/jersey-media-json-jackson/2.27/jersey-media-json-jackson-2.27.jar:/home/user/.m2/repository/org/glassfish/jersey/ext/jersey-entity-filtering/2.27/jersey-entity-filtering-2.27.jar:/home/user/.m2/repository/com/google/inject/extensions/guice-assistedinject/4.0/guice-assistedinject-4.0.jar:/home/user/.m2/repository/org/jooq/jooq/3.11.10/jooq-3.11.10.jar:/home/user/.m2/repository/org/jooq/jooq-meta/3.11.10/jooq-meta-3.11.10.jar:/home/user/.m2/repository/org/jooq/jooq-codegen/3.11.10/jooq-codegen-3.11.10.jar:/home/user/.m2/repository/com/jolbox/bonecp/0.8.0.RELEASE/bonecp-0.8.0.RELEASE.jar:/home/user/.m2/repository/org/xerial/sqlite-jdbc/3.25.2/sqlite-jdbc-3.25.2.jar:/home/user/.m2/repository/org/springframework/spring-jdbc/5.1.3.RELEASE/spring-jdbc-5.1.3.RELEASE.jar:/home/user/.m2/repository/org/springframework/spring-beans/5.1.3.RELEASE/spring-beans-5.1.3.RELEASE.jar:/home/user/.m2/repository/org/springframework/spring-core/5.1.3.RELEASE/spring-core-5.1.3.RELEASE.jar:/home/user/.m2/repository/org/springframework/spring-jcl/5.1.3.RELEASE/spring-jcl-5.1.3.RELEASE.jar:/home/user/.m2/repository/org/springframework/spring-tx/5.1.3.RELEASE/spring-tx-5.1.3.RELEASE.jar:/home/user/.m2/repository/org/apache/hadoop/hadoop-ozone-client/0.5.0-SNAPSHOT/hadoop-ozone-client-0.5.0-SNAPSHOT.jar:/home/user/.m2/repository/commons-lang/commons-lang/2.6/commons-lang-2.6.jar:/home/user/.m2/repository/org/apache/hadoop/hadoop-ozone-ozone-manager/0.5.0-SNAPSHOT/hadoop-ozone-ozone-manager-0.5.0-SNAPSHOT-tests.jar:/home/user/.m2/repository/junit/junit/4.11/junit-4.11.jar:/home/user/.m2/repository/org/hamcrest/hamcrest-core/1.3/hamcrest-core-1.3.jar:/home/user/.m2/repository/org/openjdk/jmh/jmh-core/1.19/jmh-core-1.19.jar:/home/user/.m2/repository/net/sf/jopt-simple/jopt-simple/4.6/jopt-simple-4.6.jar:/home/user/.m2/repository/org/apache/commons/commons-math3/3.1.1/commons-math3-3.1.1.jar:/home/user/.m2/repository/org/openjdk/jmh/jmh-generator-annprocess/1.19/jmh-generator-annprocess-1.19.jar:/home/user/.m2/repository/org/mockito/mockito-all/1.8.5/mockito-all-1.8.5.jar:/home/user/.m2/repository/org/apache/hadoop/hadoop-kms/3.2.0/hadoop-kms-3.2.0.jar:/home/user/.m2/repository/org/apache/hadoop/hadoop-auth/3.2.0/hadoop-auth-3.2.0.jar:/home/user/.m2/repository/com/nimbusds/nimbus-jose-jwt/4.41.1/nimbus-jose-jwt-4.41.1.jar:/home/user/.m2/repository/com/github/stephenc/jcip/jcip-annotations/1.0-1/jcip-annotations-1.0-1.jar:/home/user/.m2/repository/net/minidev/json-smart/2.3/json-smart-2.3.jar:/home/user/.m2/repository/net/minidev/accessors-smart/1.2/accessors-smart-1.2.jar:/home/user/.m2/repository/org/ow2/asm/asm/5.0.4/asm-5.0.4.jar:/home/user/.m2/repository/org/apache/curator/curator-framework/2.12.0/curator-framework-2.12.0.jar:/home/user/.m2/repository/com/sun/jersey/jersey-core/1.19/jersey-core-1.19.jar:/home/user/.m2/repository/javax/ws/rs/jsr311-api/1.1.1/jsr311-api-1.1.1.jar:/home/user/.m2/repository/com/sun/jersey/jersey-server/1.19/jersey-server-1.19.jar:/home/user/.m2/repository/javax/servlet/javax.servlet-api/3.1.0/javax.servlet-api-3.1.0.jar:/home/user/.m2/repository/org/eclipse/jetty/jetty-server/9.3.24.v20180605/jetty-server-9.3.24.v20180605.jar:/home/user/.m2/repository/org/eclipse/jetty/jetty-http/9.3.24.v20180605/jetty-http-9.3.24.v20180605.jar:/home/user/.m2/repository/org/eclipse/jetty/jetty-io/9.3.24.v20180605/jetty-io-9.3.24.v20180605.jar:/home/user/.m2/repository/org/eclipse/jetty/jetty-webapp/9.3.24.v20180605/jetty-webapp-9.3.24.v20180605.jar:/home/user/.m2/repository/org/eclipse/jetty/jetty-xml/9.3.24.v20180605/jetty-xml-9.3.24.v20180605.jar:/home/user/.m2/repository/log4j/log4j/1.2.17/log4j-1.2.17.jar:/home/user/.m2/repository/org/slf4j/slf4j-api/1.7.25/slf4j-api-1.7.25.jar:/home/user/.m2/repository/org/slf4j/jul-to-slf4j/1.7.25/jul-to-slf4j-1.7.25.jar:/home/user/.m2/repository/org/eclipse/jetty/jetty-util/9.3.24.v20180605/jetty-util-9.3.24.v20180605.jar:/home/user/.m2/repository/com/fasterxml/jackson/core/jackson-databind/2.9.5/jackson-databind-2.9.5.jar:/home/user/.m2/repository/org/apache/hadoop/hadoop-kms/3.2.0/hadoop-kms-3.2.0-tests.jar:/home/user/.m2/repository/org/apache/hadoop/hadoop-hdds-server-scm/0.5.0-SNAPSHOT/hadoop-hdds-server-scm-0.5.0-SNAPSHOT-tests.jar:/home/user/.m2/repository/org/apache/hadoop/hadoop-hdds-container-service/0.5.0-SNAPSHOT/hadoop-hdds-container-service-0.5.0-SNAPSHOT-tests.jar:/home/user/.m2/repository/org/yaml/snakeyaml/1.16/snakeyaml-1.16.jar:/home/user/.m2/repository/org/apache/hadoop/hadoop-common/3.2.0/hadoop-common-3.2.0-tests.jar:/home/user/.m2/repository/org/apache/hadoop/hadoop-annotations/3.2.0/hadoop-annotations-3.2.0.jar:/usr/lib/jvm/java-1.8-openjdk/jre/../lib/tools.jar:/home/user/.m2/repository/commons-cli/commons-cli/1.2/commons-cli-1.2.jar:/home/user/.m2/repository/org/apache/httpcomponents/httpclient/4.5.2/httpclient-4.5.2.jar:/home/user/.m2/repository/org/apache/httpcomponents/httpcore/4.4.4/httpcore-4.4.4.jar:/home/user/.m2/repository/commons-codec/commons-codec/1.11/commons-codec-1.11.jar:/home/user/.m2/repository/commons-net/commons-net/3.6/commons-net-3.6.jar:/home/user/.m2/repository/commons-collections/commons-collections/3.2.2/commons-collections-3.2.2.jar:/home/user/.m2/repository/org/eclipse/jetty/jetty-servlet/9.3.24.v20180605/jetty-servlet-9.3.24.v20180605.jar:/home/user/.m2/repository/org/eclipse/jetty/jetty-security/9.3.24.v20180605/jetty-security-9.3.24.v20180605.jar:/home/user/.m2/repository/javax/servlet/jsp/jsp-api/2.1/jsp-api-2.1.jar:/home/user/.m2/repository/com/sun/jersey/jersey-servlet/1.19/jersey-servlet-1.19.jar:/home/user/.m2/repository/com/sun/jersey/jersey-json/1.19/jersey-json-1.19.jar:/home/user/.m2/repository/org/codehaus/jettison/jettison/1.1/jettison-1.1.jar:/home/user/.m2/repository/org/codehaus/jackson/jackson-core-asl/1.9.13/jackson-core-asl-1.9.13.jar:/home/user/.m2/repository/org/codehaus/jackson/jackson-mapper-asl/1.9.13/jackson-mapper-asl-1.9.13.jar:/home/user/.m2/repository/org/codehaus/jackson/jackson-jaxrs/1.9.13/jackson-jaxrs-1.9.13.jar:/home/user/.m2/repository/org/codehaus/jackson/jackson-xc/1.9.13/jackson-xc-1.9.13.jar:/home/user/.m2/repository/commons-logging/commons-logging/1.1.3/commons-logging-1.1.3.jar:/home/user/.m2/repository/commons-beanutils/commons-beanutils/1.9.3/commons-beanutils-1.9.3.jar:/home/user/.m2/repository/org/apache/commons/commons-configuration2/2.1.1/commons-configuration2-2.1.1.jar:/home/user/.m2/repository/org/apache/commons/commons-lang3/3.7/commons-lang3-3.7.jar:/home/user/.m2/repository/org/apache/commons/commons-text/1.4/commons-text-1.4.jar:/home/user/.m2/repository/org/apache/avro/avro/1.7.7/avro-1.7.7.jar:/home/user/.m2/repository/com/thoughtworks/paranamer/paranamer/2.3/paranamer-2.3.jar:/home/user/.m2/repository/org/xerial/snappy/snappy-java/1.0.5/snappy-java-1.0.5.jar:/home/user/.m2/repository/com/google/re2j/re2j/1.1/re2j-1.1.jar:/home/user/.m2/repository/com/google/code/gson/gson/2.2.4/gson-2.2.4.jar:/home/user/.m2/repository/com/jcraft/jsch/0.1.54/jsch-0.1.54.jar:/home/user/.m2/repository/org/apache/curator/curator-client/2.12.0/curator-client-2.12.0.jar:/home/user/.m2/repository/org/apache/curator/curator-recipes/2.12.0/curator-recipes-2.12.0.jar:/home/user/.m2/repository/com/google/code/findbugs/jsr305/3.0.0/jsr305-3.0.0.jar:/home/user/.m2/repository/org/apache/htrace/htrace-core4/4.1.0-incubating/htrace-core4-4.1.0-incubating.jar:/home/user/.m2/repository/org/apache/zookeeper/zookeeper/3.4.13/zookeeper-3.4.13.jar:/home/user/.m2/repository/org/apache/yetus/audience-annotations/0.5.0/audience-annotations-0.5.0.jar:/home/user/.m2/repository/org/codehaus/woodstox/stax2-api/3.1.4/stax2-api-3.1.4.jar:/home/user/.m2/repository/com/fasterxml/woodstox/woodstox-core/5.0.3/woodstox-core-5.0.3.jar:/home/user/.m2/repository/dnsjava/dnsjava/2.1.7/dnsjava-2.1.7.jar:/home/user/.m2/repository/org/apache/hadoop/hadoop-hdfs/3.2.0/hadoop-hdfs-3.2.0-tests.jar:/home/user/.m2/repository/org/eclipse/jetty/jetty-util-ajax/9.3.24.v20180605/jetty-util-ajax-9.3.24.v20180605.jar:/home/user/.m2/repository/commons-daemon/commons-daemon/1.0.13/commons-daemon-1.0.13.jar:/home/user/.m2/repository/io/netty/netty/3.10.5.Final/netty-3.10.5.Final.jar:/home/user/.m2/repository/io/netty/netty-all/4.0.52.Final/netty-all-4.0.52.Final.jar:/home/user/.m2/repository/org/fusesource/leveldbjni/leveldbjni-all/1.8/leveldbjni-all-1.8.jar:"/>
    <property name="java.vm.vendor" value="IcedTea"/>
    <property name="sun.arch.data.model" value="64"/>
    <property name="test.build.dir" value="/tmp/workdir/hadoop-ozone/integration-test/target/test-dir"/>
    <property name="test.cache.data" value=""/>
    <property name="java.vendor.url" value="https://icedtea.classpath.org"/>
    <property name="user.timezone" value=""/>
    <property name="java.vm.specification.version" value="1.8"/>
    <property name="os.name" value="Linux"/>
    <property name="test.build.data" value="/tmp/workdir/hadoop-ozone/integration-test/target/test-dir"/>
    <property name="user.country" value="US"/>
    <property name="sun.java.launcher" value="SUN_STANDARD"/>
    <property name="sun.boot.library.path" value="/usr/lib/jvm/java-1.8-openjdk/jre/lib/amd64"/>
    <property name="sun.java.command" value="/tmp/workdir/hadoop-ozone/integration-test/target/surefire/surefirebooter5020254098556083880.jar /tmp/workdir/hadoop-ozone/integration-test/target/surefire 2019-07-13T06-34-03_108-jvmRun1 surefire405836809616586184tmp surefire_795126839172709044174tmp"/>
    <property name="surefire.test.class.path" value="/tmp/workdir/hadoop-ozone/integration-test/target/test-classes:/tmp/workdir/hadoop-ozone/integration-test/target/classes:/home/user/.m2/repository/org/apache/hadoop/hadoop-ozone-common/0.5.0-SNAPSHOT/hadoop-ozone-common-0.5.0-SNAPSHOT.jar:/home/user/.m2/repository/org/apache/commons/commons-compress/1.4.1/commons-compress-1.4.1.jar:/home/user/.m2/repository/org/tukaani/xz/1.0/xz-1.0.jar:/home/user/.m2/repository/org/apache/hadoop/hadoop-common/3.2.0/hadoop-common-3.2.0.jar:/home/user/.m2/repository/org/apache/hadoop/hadoop-hdfs/3.2.0/hadoop-hdfs-3.2.0.jar:/home/user/.m2/repository/org/apache/hadoop/hadoop-hdfs-client/3.2.0/hadoop-hdfs-client-3.2.0.jar:/home/user/.m2/repository/com/fasterxml/jackson/core/jackson-annotations/2.9.5/jackson-annotations-2.9.5.jar:/home/user/.m2/repository/org/apache/hadoop/hadoop-hdds-common/0.5.0-SNAPSHOT/hadoop-hdds-common-0.5.0-SNAPSHOT.jar:/home/user/.m2/repository/javax/annotation/javax.annotation-api/1.2/javax.annotation-api-1.2.jar:/home/user/.m2/repository/org/apache/ratis/ratis-server/0.4.0-2337318-SNAPSHOT/ratis-server-0.4.0-2337318-SNAPSHOT.jar:/home/user/.m2/repository/org/apache/ratis/ratis-thirdparty-misc/0.2.0/ratis-thirdparty-misc-0.2.0.jar:/home/user/.m2/repository/org/apache/ratis/ratis-proto/0.4.0-2337318-SNAPSHOT/ratis-proto-0.4.0-2337318-SNAPSHOT.jar:/home/user/.m2/repository/org/apache/ratis/ratis-common/0.4.0-2337318-SNAPSHOT/ratis-common-0.4.0-2337318-SNAPSHOT.jar:/home/user/.m2/repository/org/apache/ratis/ratis-client/0.4.0-2337318-SNAPSHOT/ratis-client-0.4.0-2337318-SNAPSHOT.jar:/home/user/.m2/repository/org/apache/ratis/ratis-metrics/0.4.0-2337318-SNAPSHOT/ratis-metrics-0.4.0-2337318-SNAPSHOT.jar:/home/user/.m2/repository/org/apache/ratis/ratis-netty/0.4.0-2337318-SNAPSHOT/ratis-netty-0.4.0-2337318-SNAPSHOT.jar:/home/user/.m2/repository/org/apache/ratis/ratis-grpc/0.4.0-2337318-SNAPSHOT/ratis-grpc-0.4.0-2337318-SNAPSHOT.jar:/home/user/.m2/repository/org/rocksdb/rocksdbjni/6.0.1/rocksdbjni-6.0.1.jar:/home/user/.m2/repository/org/apache/logging/log4j/log4j-api/2.11.0/log4j-api-2.11.0.jar:/home/user/.m2/repository/org/apache/logging/log4j/log4j-core/2.11.0/log4j-core-2.11.0.jar:/home/user/.m2/repository/com/lmax/disruptor/3.4.2/disruptor-3.4.2.jar:/home/user/.m2/repository/org/apache/commons/commons-pool2/2.6.0/commons-pool2-2.6.0.jar:/home/user/.m2/repository/org/bouncycastle/bcpkix-jdk15on/1.60/bcpkix-jdk15on-1.60.jar:/home/user/.m2/repository/commons-validator/commons-validator/1.6/commons-validator-1.6.jar:/home/user/.m2/repository/commons-digester/commons-digester/1.8.1/commons-digester-1.8.1.jar:/home/user/.m2/repository/io/jaegertracing/jaeger-client/0.33.1/jaeger-client-0.33.1.jar:/home/user/.m2/repository/io/jaegertracing/jaeger-thrift/0.33.1/jaeger-thrift-0.33.1.jar:/home/user/.m2/repository/org/apache/thrift/libthrift/0.11.0/libthrift-0.11.0.jar:/home/user/.m2/repository/com/squareup/okhttp3/okhttp/3.9.0/okhttp-3.9.0.jar:/home/user/.m2/repository/com/squareup/okio/okio/1.13.0/okio-1.13.0.jar:/home/user/.m2/repository/io/jaegertracing/jaeger-core/0.33.1/jaeger-core-0.33.1.jar:/home/user/.m2/repository/io/jaegertracing/jaeger-tracerresolver/0.33.1/jaeger-tracerresolver-0.33.1.jar:/home/user/.m2/repository/io/opentracing/contrib/opentracing-tracerresolver/0.1.5/opentracing-tracerresolver-0.1.5.jar:/home/user/.m2/repository/io/opentracing/opentracing-util/0.31.0/opentracing-util-0.31.0.jar:/home/user/.m2/repository/io/opentracing/opentracing-api/0.31.0/opentracing-api-0.31.0.jar:/home/user/.m2/repository/io/opentracing/opentracing-noop/0.31.0/opentracing-noop-0.31.0.jar:/home/user/.m2/repository/org/apache/hadoop/hadoop-hdds-server-framework/0.5.0-SNAPSHOT/hadoop-hdds-server-framework-0.5.0-SNAPSHOT.jar:/home/user/.m2/repository/org/apache/hadoop/hadoop-hdds-container-service/0.5.0-SNAPSHOT/hadoop-hdds-container-service-0.5.0-SNAPSHOT.jar:/home/user/.m2/repository/org/apache/hadoop/hadoop-hdds-client/0.5.0-SNAPSHOT/hadoop-hdds-client-0.5.0-SNAPSHOT.jar:/home/user/.m2/repository/org/apache/hadoop/hadoop-hdds-tools/0.5.0-SNAPSHOT/hadoop-hdds-tools-0.5.0-SNAPSHOT.jar:/home/user/.m2/repository/org/apache/hadoop/hadoop-hdds-server-scm/0.5.0-SNAPSHOT/hadoop-hdds-server-scm-0.5.0-SNAPSHOT.jar:/home/user/.m2/repository/org/apache/hadoop/hadoop-hdds-docs/0.5.0-SNAPSHOT/hadoop-hdds-docs-0.5.0-SNAPSHOT.jar:/home/user/.m2/repository/io/dropwizard/metrics/metrics-core/3.2.4/metrics-core-3.2.4.jar:/home/user/.m2/repository/org/hamcrest/hamcrest-all/1.3/hamcrest-all-1.3.jar:/home/user/.m2/repository/org/bouncycastle/bcprov-jdk15on/1.60/bcprov-jdk15on-1.60.jar:/home/user/.m2/repository/info/picocli/picocli/3.9.6/picocli-3.9.6.jar:/home/user/.m2/repository/com/google/protobuf/protobuf-java/2.5.0/protobuf-java-2.5.0.jar:/home/user/.m2/repository/com/google/guava/guava/11.0.2/guava-11.0.2.jar:/home/user/.m2/repository/org/apache/hadoop/hadoop-ozone-ozone-manager/0.5.0-SNAPSHOT/hadoop-ozone-ozone-manager-0.5.0-SNAPSHOT.jar:/home/user/.m2/repository/org/apache/hadoop/hadoop-minikdc/3.2.0/hadoop-minikdc-3.2.0.jar:/home/user/.m2/repository/commons-io/commons-io/2.5/commons-io-2.5.jar:/home/user/.m2/repository/org/apache/kerby/kerb-simplekdc/1.0.1/kerb-simplekdc-1.0.1.jar:/home/user/.m2/repository/org/apache/kerby/kerb-client/1.0.1/kerb-client-1.0.1.jar:/home/user/.m2/repository/org/apache/kerby/kerby-config/1.0.1/kerby-config-1.0.1.jar:/home/user/.m2/repository/org/apache/kerby/kerb-core/1.0.1/kerb-core-1.0.1.jar:/home/user/.m2/repository/org/apache/kerby/kerby-pkix/1.0.1/kerby-pkix-1.0.1.jar:/home/user/.m2/repository/org/apache/kerby/kerby-asn1/1.0.1/kerby-asn1-1.0.1.jar:/home/user/.m2/repository/org/apache/kerby/kerby-util/1.0.1/kerby-util-1.0.1.jar:/home/user/.m2/repository/org/apache/kerby/kerb-common/1.0.1/kerb-common-1.0.1.jar:/home/user/.m2/repository/org/apache/kerby/kerb-crypto/1.0.1/kerb-crypto-1.0.1.jar:/home/user/.m2/repository/org/apache/kerby/kerb-util/1.0.1/kerb-util-1.0.1.jar:/home/user/.m2/repository/org/apache/kerby/token-provider/1.0.1/token-provider-1.0.1.jar:/home/user/.m2/repository/org/apache/kerby/kerb-admin/1.0.1/kerb-admin-1.0.1.jar:/home/user/.m2/repository/org/apache/kerby/kerb-server/1.0.1/kerb-server-1.0.1.jar:/home/user/.m2/repository/org/apache/kerby/kerb-identity/1.0.1/kerb-identity-1.0.1.jar:/home/user/.m2/repository/org/apache/kerby/kerby-xdr/1.0.1/kerby-xdr-1.0.1.jar:/home/user/.m2/repository/org/slf4j/slf4j-log4j12/1.7.25/slf4j-log4j12-1.7.25.jar:/home/user/.m2/repository/org/apache/hadoop/hadoop-ozone-objectstore-service/0.5.0-SNAPSHOT/hadoop-ozone-objectstore-service-0.5.0-SNAPSHOT.jar:/home/user/.m2/repository/org/apache/hadoop/hadoop-ozone-s3gateway/0.5.0-SNAPSHOT/hadoop-ozone-s3gateway-0.5.0-SNAPSHOT.jar:/home/user/.m2/repository/org/jboss/weld/servlet/weld-servlet/2.4.7.Final/weld-servlet-2.4.7.Final.jar:/home/user/.m2/repository/org/glassfish/jersey/containers/jersey-container-servlet-core/2.27/jersey-container-servlet-core-2.27.jar:/home/user/.m2/repository/org/glassfish/hk2/external/javax.inject/2.5.0-b42/javax.inject-2.5.0-b42.jar:/home/user/.m2/repository/org/glassfish/jersey/core/jersey-common/2.27/jersey-common-2.27.jar:/home/user/.m2/repository/org/glassfish/hk2/osgi-resource-locator/1.0.1/osgi-resource-locator-1.0.1.jar:/home/user/.m2/repository/javax/ws/rs/javax.ws.rs-api/2.1/javax.ws.rs-api-2.1.jar:/home/user/.m2/repository/org/glassfish/jersey/ext/cdi/jersey-cdi1x/2.27/jersey-cdi1x-2.27.jar:/home/user/.m2/repository/org/glassfish/jersey/inject/jersey-hk2/2.27/jersey-hk2-2.27.jar:/home/user/.m2/repository/org/glassfish/hk2/hk2-locator/2.5.0-b42/hk2-locator-2.5.0-b42.jar:/home/user/.m2/repository/org/javassist/javassist/3.22.0-CR2/javassist-3.22.0-CR2.jar:/home/user/.m2/repository/org/glassfish/hk2/hk2-api/2.5.0/hk2-api-2.5.0.jar:/home/user/.m2/repository/org/glassfish/hk2/external/jakarta.inject/2.5.0/jakarta.inject-2.5.0.jar:/home/user/.m2/repository/org/glassfish/hk2/hk2-utils/2.5.0/hk2-utils-2.5.0.jar:/home/user/.m2/repository/jakarta/annotation/jakarta.annotation-api/1.3.4/jakarta.annotation-api-1.3.4.jar:/home/user/.m2/repository/org/glassfish/hk2/external/aopalliance-repackaged/2.5.0/aopalliance-repackaged-2.5.0.jar:/home/user/.m2/repository/com/fasterxml/jackson/dataformat/jackson-dataformat-xml/2.9.0/jackson-dataformat-xml-2.9.0.jar:/home/user/.m2/repository/com/fasterxml/jackson/core/jackson-core/2.9.5/jackson-core-2.9.5.jar:/home/user/.m2/repository/com/fasterxml/jackson/module/jackson-module-jaxb-annotations/2.9.5/jackson-module-jaxb-annotations-2.9.5.jar:/home/user/.m2/repository/javax/enterprise/cdi-api/1.2/cdi-api-1.2.jar:/home/user/.m2/repository/javax/el/javax.el-api/3.0.0/javax.el-api-3.0.0.jar:/home/user/.m2/repository/javax/interceptor/javax.interceptor-api/1.2/javax.interceptor-api-1.2.jar:/home/user/.m2/repository/javax/inject/javax.inject/1/javax.inject-1.jar:/home/user/.m2/repository/com/sun/xml/bind/jaxb-impl/2.3.0.1/jaxb-impl-2.3.0.1.jar:/home/user/.m2/repository/com/sun/xml/bind/jaxb-core/2.3.0.1/jaxb-core-2.3.0.1.jar:/home/user/.m2/repository/javax/xml/bind/jaxb-api/2.3.0/jaxb-api-2.3.0.jar:/home/user/.m2/repository/javax/activation/activation/1.1.1/activation-1.1.1.jar:/home/user/.m2/repository/org/apache/hadoop/hadoop-ozone-csi/0.5.0-SNAPSHOT/hadoop-ozone-csi-0.5.0-SNAPSHOT.jar:/home/user/.m2/repository/com/google/protobuf/protobuf-java-util/3.5.1/protobuf-java-util-3.5.1.jar:/home/user/.m2/repository/org/apache/hadoop/hadoop-hdds-config/0.5.0-SNAPSHOT/hadoop-hdds-config-0.5.0-SNAPSHOT.jar:/home/user/.m2/repository/io/grpc/grpc-netty/1.17.1/grpc-netty-1.17.1.jar:/home/user/.m2/repository/io/grpc/grpc-core/1.17.1/grpc-core-1.17.1.jar:/home/user/.m2/repository/io/grpc/grpc-context/1.17.1/grpc-context-1.17.1.jar:/home/user/.m2/repository/com/google/errorprone/error_prone_annotations/2.2.0/error_prone_annotations-2.2.0.jar:/home/user/.m2/repository/org/codehaus/mojo/animal-sniffer-annotations/1.17/animal-sniffer-annotations-1.17.jar:/home/user/.m2/repository/io/opencensus/opencensus-api/0.17.0/opencensus-api-0.17.0.jar:/home/user/.m2/repository/io/opencensus/opencensus-contrib-grpc-metrics/0.17.0/opencensus-contrib-grpc-metrics-0.17.0.jar:/home/user/.m2/repository/io/netty/netty-codec-http2/4.1.30.Final/netty-codec-http2-4.1.30.Final.jar:/home/user/.m2/repository/io/netty/netty-codec-http/4.1.30.Final/netty-codec-http-4.1.30.Final.jar:/home/user/.m2/repository/io/netty/netty-codec/4.1.30.Final/netty-codec-4.1.30.Final.jar:/home/user/.m2/repository/io/netty/netty-handler/4.1.30.Final/netty-handler-4.1.30.Final.jar:/home/user/.m2/repository/io/netty/netty-handler-proxy/4.1.30.Final/netty-handler-proxy-4.1.30.Final.jar:/home/user/.m2/repository/io/netty/netty-codec-socks/4.1.30.Final/netty-codec-socks-4.1.30.Final.jar:/home/user/.m2/repository/io/netty/netty-transport-native-epoll/4.1.30.Final/netty-transport-native-epoll-4.1.30.Final.jar:/home/user/.m2/repository/io/netty/netty-common/4.1.30.Final/netty-common-4.1.30.Final.jar:/home/user/.m2/repository/io/netty/netty-buffer/4.1.30.Final/netty-buffer-4.1.30.Final.jar:/home/user/.m2/repository/io/netty/netty-transport/4.1.30.Final/netty-transport-4.1.30.Final.jar:/home/user/.m2/repository/io/netty/netty-resolver/4.1.30.Final/netty-resolver-4.1.30.Final.jar:/home/user/.m2/repository/io/netty/netty-transport-native-unix-common/4.1.30.Final/netty-transport-native-unix-common-4.1.30.Final.jar:/home/user/.m2/repository/io/grpc/grpc-protobuf/1.17.1/grpc-protobuf-1.17.1.jar:/home/user/.m2/repository/com/google/api/grpc/proto-google-common-protos/1.0.0/proto-google-common-protos-1.0.0.jar:/home/user/.m2/repository/io/grpc/grpc-protobuf-lite/1.17.1/grpc-protobuf-lite-1.17.1.jar:/home/user/.m2/repository/io/grpc/grpc-stub/1.17.1/grpc-stub-1.17.1.jar:/home/user/.m2/repository/org/apache/hadoop/hadoop-ozone-recon/0.5.0-SNAPSHOT/hadoop-ozone-recon-0.5.0-SNAPSHOT.jar:/home/user/.m2/repository/org/apache/hadoop/hadoop-ozone-reconcodegen/0.5.0-SNAPSHOT/hadoop-ozone-reconcodegen-0.5.0-SNAPSHOT.jar:/home/user/.m2/repository/com/google/inject/extensions/guice-multibindings/4.0/guice-multibindings-4.0.jar:/home/user/.m2/repository/com/google/inject/guice/4.0/guice-4.0.jar:/home/user/.m2/repository/aopalliance/aopalliance/1.0/aopalliance-1.0.jar:/home/user/.m2/repository/com/google/inject/extensions/guice-servlet/4.0/guice-servlet-4.0.jar:/home/user/.m2/repository/org/glassfish/jersey/containers/jersey-container-servlet/2.27/jersey-container-servlet-2.27.jar:/home/user/.m2/repository/org/glassfish/hk2/guice-bridge/2.5.0/guice-bridge-2.5.0.jar:/home/user/.m2/repository/org/glassfish/jersey/core/jersey-server/2.27/jersey-server-2.27.jar:/home/user/.m2/repository/org/glassfish/jersey/core/jersey-client/2.27/jersey-client-2.27.jar:/home/user/.m2/repository/org/glassfish/jersey/media/jersey-media-jaxb/2.27/jersey-media-jaxb-2.27.jar:/home/user/.m2/repository/javax/validation/validation-api/1.1.0.Final/validation-api-1.1.0.Final.jar:/home/user/.m2/repository/org/glassfish/jersey/media/jersey-media-json-jackson/2.27/jersey-media-json-jackson-2.27.jar:/home/user/.m2/repository/org/glassfish/jersey/ext/jersey-entity-filtering/2.27/jersey-entity-filtering-2.27.jar:/home/user/.m2/repository/com/google/inject/extensions/guice-assistedinject/4.0/guice-assistedinject-4.0.jar:/home/user/.m2/repository/org/jooq/jooq/3.11.10/jooq-3.11.10.jar:/home/user/.m2/repository/org/jooq/jooq-meta/3.11.10/jooq-meta-3.11.10.jar:/home/user/.m2/repository/org/jooq/jooq-codegen/3.11.10/jooq-codegen-3.11.10.jar:/home/user/.m2/repository/com/jolbox/bonecp/0.8.0.RELEASE/bonecp-0.8.0.RELEASE.jar:/home/user/.m2/repository/org/xerial/sqlite-jdbc/3.25.2/sqlite-jdbc-3.25.2.jar:/home/user/.m2/repository/org/springframework/spring-jdbc/5.1.3.RELEASE/spring-jdbc-5.1.3.RELEASE.jar:/home/user/.m2/repository/org/springframework/spring-beans/5.1.3.RELEASE/spring-beans-5.1.3.RELEASE.jar:/home/user/.m2/repository/org/springframework/spring-core/5.1.3.RELEASE/spring-core-5.1.3.RELEASE.jar:/home/user/.m2/repository/org/springframework/spring-jcl/5.1.3.RELEASE/spring-jcl-5.1.3.RELEASE.jar:/home/user/.m2/repository/org/springframework/spring-tx/5.1.3.RELEASE/spring-tx-5.1.3.RELEASE.jar:/home/user/.m2/repository/org/apache/hadoop/hadoop-ozone-client/0.5.0-SNAPSHOT/hadoop-ozone-client-0.5.0-SNAPSHOT.jar:/home/user/.m2/repository/commons-lang/commons-lang/2.6/commons-lang-2.6.jar:/home/user/.m2/repository/org/apache/hadoop/hadoop-ozone-ozone-manager/0.5.0-SNAPSHOT/hadoop-ozone-ozone-manager-0.5.0-SNAPSHOT-tests.jar:/home/user/.m2/repository/junit/junit/4.11/junit-4.11.jar:/home/user/.m2/repository/org/hamcrest/hamcrest-core/1.3/hamcrest-core-1.3.jar:/home/user/.m2/repository/org/openjdk/jmh/jmh-core/1.19/jmh-core-1.19.jar:/home/user/.m2/repository/net/sf/jopt-simple/jopt-simple/4.6/jopt-simple-4.6.jar:/home/user/.m2/repository/org/apache/commons/commons-math3/3.1.1/commons-math3-3.1.1.jar:/home/user/.m2/repository/org/openjdk/jmh/jmh-generator-annprocess/1.19/jmh-generator-annprocess-1.19.jar:/home/user/.m2/repository/org/mockito/mockito-all/1.8.5/mockito-all-1.8.5.jar:/home/user/.m2/repository/org/apache/hadoop/hadoop-kms/3.2.0/hadoop-kms-3.2.0.jar:/home/user/.m2/repository/org/apache/hadoop/hadoop-auth/3.2.0/hadoop-auth-3.2.0.jar:/home/user/.m2/repository/com/nimbusds/nimbus-jose-jwt/4.41.1/nimbus-jose-jwt-4.41.1.jar:/home/user/.m2/repository/com/github/stephenc/jcip/jcip-annotations/1.0-1/jcip-annotations-1.0-1.jar:/home/user/.m2/repository/net/minidev/json-smart/2.3/json-smart-2.3.jar:/home/user/.m2/repository/net/minidev/accessors-smart/1.2/accessors-smart-1.2.jar:/home/user/.m2/repository/org/ow2/asm/asm/5.0.4/asm-5.0.4.jar:/home/user/.m2/repository/org/apache/curator/curator-framework/2.12.0/curator-framework-2.12.0.jar:/home/user/.m2/repository/com/sun/jersey/jersey-core/1.19/jersey-core-1.19.jar:/home/user/.m2/repository/javax/ws/rs/jsr311-api/1.1.1/jsr311-api-1.1.1.jar:/home/user/.m2/repository/com/sun/jersey/jersey-server/1.19/jersey-server-1.19.jar:/home/user/.m2/repository/javax/servlet/javax.servlet-api/3.1.0/javax.servlet-api-3.1.0.jar:/home/user/.m2/repository/org/eclipse/jetty/jetty-server/9.3.24.v20180605/jetty-server-9.3.24.v20180605.jar:/home/user/.m2/repository/org/eclipse/jetty/jetty-http/9.3.24.v20180605/jetty-http-9.3.24.v20180605.jar:/home/user/.m2/repository/org/eclipse/jetty/jetty-io/9.3.24.v20180605/jetty-io-9.3.24.v20180605.jar:/home/user/.m2/repository/org/eclipse/jetty/jetty-webapp/9.3.24.v20180605/jetty-webapp-9.3.24.v20180605.jar:/home/user/.m2/repository/org/eclipse/jetty/jetty-xml/9.3.24.v20180605/jetty-xml-9.3.24.v20180605.jar:/home/user/.m2/repository/log4j/log4j/1.2.17/log4j-1.2.17.jar:/home/user/.m2/repository/org/slf4j/slf4j-api/1.7.25/slf4j-api-1.7.25.jar:/home/user/.m2/repository/org/slf4j/jul-to-slf4j/1.7.25/jul-to-slf4j-1.7.25.jar:/home/user/.m2/repository/org/eclipse/jetty/jetty-util/9.3.24.v20180605/jetty-util-9.3.24.v20180605.jar:/home/user/.m2/repository/com/fasterxml/jackson/core/jackson-databind/2.9.5/jackson-databind-2.9.5.jar:/home/user/.m2/repository/org/apache/hadoop/hadoop-kms/3.2.0/hadoop-kms-3.2.0-tests.jar:/home/user/.m2/repository/org/apache/hadoop/hadoop-hdds-server-scm/0.5.0-SNAPSHOT/hadoop-hdds-server-scm-0.5.0-SNAPSHOT-tests.jar:/home/user/.m2/repository/org/apache/hadoop/hadoop-hdds-container-service/0.5.0-SNAPSHOT/hadoop-hdds-container-service-0.5.0-SNAPSHOT-tests.jar:/home/user/.m2/repository/org/yaml/snakeyaml/1.16/snakeyaml-1.16.jar:/home/user/.m2/repository/org/apache/hadoop/hadoop-common/3.2.0/hadoop-common-3.2.0-tests.jar:/home/user/.m2/repository/org/apache/hadoop/hadoop-annotations/3.2.0/hadoop-annotations-3.2.0.jar:/usr/lib/jvm/java-1.8-openjdk/jre/../lib/tools.jar:/home/user/.m2/repository/commons-cli/commons-cli/1.2/commons-cli-1.2.jar:/home/user/.m2/repository/org/apache/httpcomponents/httpclient/4.5.2/httpclient-4.5.2.jar:/home/user/.m2/repository/org/apache/httpcomponents/httpcore/4.4.4/httpcore-4.4.4.jar:/home/user/.m2/repository/commons-codec/commons-codec/1.11/commons-codec-1.11.jar:/home/user/.m2/repository/commons-net/commons-net/3.6/commons-net-3.6.jar:/home/user/.m2/repository/commons-collections/commons-collections/3.2.2/commons-collections-3.2.2.jar:/home/user/.m2/repository/org/eclipse/jetty/jetty-servlet/9.3.24.v20180605/jetty-servlet-9.3.24.v20180605.jar:/home/user/.m2/repository/org/eclipse/jetty/jetty-security/9.3.24.v20180605/jetty-security-9.3.24.v20180605.jar:/home/user/.m2/repository/javax/servlet/jsp/jsp-api/2.1/jsp-api-2.1.jar:/home/user/.m2/repository/com/sun/jersey/jersey-servlet/1.19/jersey-servlet-1.19.jar:/home/user/.m2/repository/com/sun/jersey/jersey-json/1.19/jersey-json-1.19.jar:/home/user/.m2/repository/org/codehaus/jettison/jettison/1.1/jettison-1.1.jar:/home/user/.m2/repository/org/codehaus/jackson/jackson-core-asl/1.9.13/jackson-core-asl-1.9.13.jar:/home/user/.m2/repository/org/codehaus/jackson/jackson-mapper-asl/1.9.13/jackson-mapper-asl-1.9.13.jar:/home/user/.m2/repository/org/codehaus/jackson/jackson-jaxrs/1.9.13/jackson-jaxrs-1.9.13.jar:/home/user/.m2/repository/org/codehaus/jackson/jackson-xc/1.9.13/jackson-xc-1.9.13.jar:/home/user/.m2/repository/commons-logging/commons-logging/1.1.3/commons-logging-1.1.3.jar:/home/user/.m2/repository/commons-beanutils/commons-beanutils/1.9.3/commons-beanutils-1.9.3.jar:/home/user/.m2/repository/org/apache/commons/commons-configuration2/2.1.1/commons-configuration2-2.1.1.jar:/home/user/.m2/repository/org/apache/commons/commons-lang3/3.7/commons-lang3-3.7.jar:/home/user/.m2/repository/org/apache/commons/commons-text/1.4/commons-text-1.4.jar:/home/user/.m2/repository/org/apache/avro/avro/1.7.7/avro-1.7.7.jar:/home/user/.m2/repository/com/thoughtworks/paranamer/paranamer/2.3/paranamer-2.3.jar:/home/user/.m2/repository/org/xerial/snappy/snappy-java/1.0.5/snappy-java-1.0.5.jar:/home/user/.m2/repository/com/google/re2j/re2j/1.1/re2j-1.1.jar:/home/user/.m2/repository/com/google/code/gson/gson/2.2.4/gson-2.2.4.jar:/home/user/.m2/repository/com/jcraft/jsch/0.1.54/jsch-0.1.54.jar:/home/user/.m2/repository/org/apache/curator/curator-client/2.12.0/curator-client-2.12.0.jar:/home/user/.m2/repository/org/apache/curator/curator-recipes/2.12.0/curator-recipes-2.12.0.jar:/home/user/.m2/repository/com/google/code/findbugs/jsr305/3.0.0/jsr305-3.0.0.jar:/home/user/.m2/repository/org/apache/htrace/htrace-core4/4.1.0-incubating/htrace-core4-4.1.0-incubating.jar:/home/user/.m2/repository/org/apache/zookeeper/zookeeper/3.4.13/zookeeper-3.4.13.jar:/home/user/.m2/repository/org/apache/yetus/audience-annotations/0.5.0/audience-annotations-0.5.0.jar:/home/user/.m2/repository/org/codehaus/woodstox/stax2-api/3.1.4/stax2-api-3.1.4.jar:/home/user/.m2/repository/com/fasterxml/woodstox/woodstox-core/5.0.3/woodstox-core-5.0.3.jar:/home/user/.m2/repository/dnsjava/dnsjava/2.1.7/dnsjava-2.1.7.jar:/home/user/.m2/repository/org/apache/hadoop/hadoop-hdfs/3.2.0/hadoop-hdfs-3.2.0-tests.jar:/home/user/.m2/repository/org/eclipse/jetty/jetty-util-ajax/9.3.24.v20180605/jetty-util-ajax-9.3.24.v20180605.jar:/home/user/.m2/repository/commons-daemon/commons-daemon/1.0.13/commons-daemon-1.0.13.jar:/home/user/.m2/repository/io/netty/netty/3.10.5.Final/netty-3.10.5.Final.jar:/home/user/.m2/repository/io/netty/netty-all/4.0.52.Final/netty-all-4.0.52.Final.jar:/home/user/.m2/repository/org/fusesource/leveldbjni/leveldbjni-all/1.8/leveldbjni-all-1.8.jar:"/>
    <property name="sun.cpu.endian" value="little"/>
    <property name="user.home" value="/home/user"/>
    <property name="user.language" value="en"/>
    <property name="java.specification.vendor" value="Oracle Corporation"/>
    <property name="java.home" value="/usr/lib/jvm/java-1.8-openjdk/jre"/>
    <property name="java.security.krb5.conf" value="/tmp/workdir/hadoop-ozone/integration-test/target/test-classes/krb5.conf"/>
    <property name="basedir" value="/tmp/workdir/hadoop-ozone/integration-test"/>
    <property name="file.separator" value="/"/>
    <property name="line.separator" value="&#10;"/>
    <property name="java.vm.specification.vendor" value="Oracle Corporation"/>
    <property name="java.specification.name" value="Java Platform API Specification"/>
    <property name="java.awt.graphicsenv" value="sun.awt.X11GraphicsEnvironment"/>
    <property name="surefire.real.class.path" value="/tmp/workdir/hadoop-ozone/integration-test/target/surefire/surefirebooter5020254098556083880.jar"/>
    <property name="hadoop.log.dir" value="/tmp/workdir/hadoop-ozone/integration-test/target/log"/>
    <property name="sun.boot.class.path" value="/usr/lib/jvm/java-1.8-openjdk/jre/lib/resources.jar:/usr/lib/jvm/java-1.8-openjdk/jre/lib/rt.jar:/usr/lib/jvm/java-1.8-openjdk/jre/lib/sunrsasign.jar:/usr/lib/jvm/java-1.8-openjdk/jre/lib/jsse.jar:/usr/lib/jvm/java-1.8-openjdk/jre/lib/jce.jar:/usr/lib/jvm/java-1.8-openjdk/jre/lib/charsets.jar:/usr/lib/jvm/java-1.8-openjdk/jre/lib/jfr.jar:/usr/lib/jvm/java-1.8-openjdk/jre/classes"/>
    <property name="sun.management.compiler" value="HotSpot 64-Bit Tiered Compilers"/>
    <property name="java.runtime.version" value="1.8.0_212-b04"/>
    <property name="java.net.preferIPv4Stack" value="true"/>
    <property name="user.name" value="jenkins1000"/>
    <property name="path.separator" value=":"/>
    <property name="java.security.egd" value="file:///dev/urandom"/>
    <property name="os.version" value="3.10.0-957.12.2.el7.x86_64"/>
    <property name="java.endorsed.dirs" value="/usr/lib/jvm/java-1.8-openjdk/jre/lib/endorsed"/>
    <property name="java.runtime.name" value="OpenJDK Runtime Environment"/>
    <property name="file.encoding" value="UTF-8"/>
    <property name="java.vm.name" value="OpenJDK 64-Bit Server VM"/>
    <property name="test.build.webapps" value=""/>
    <property name="localRepository" value="/home/user/.m2/repository"/>
    <property name="java.vendor.url.bug" value="https://icedtea.classpath.org/bugzilla"/>
    <property name="java.io.tmpdir" value="/tmp"/>
    <property name="require.test.libhadoop" value=""/>
    <property name="java.version" value="1.8.0_212"/>
    <property name="user.dir" value="/tmp/workdir/hadoop-ozone/integration-test"/>
    <property name="os.arch" value="amd64"/>
    <property name="java.vm.specification.name" value="Java Virtual Machine Specification"/>
    <property name="test.build.classes" value="/tmp/workdir/hadoop-ozone/integration-test/target/test-classes"/>
    <property name="java.awt.printerjob" value="sun.print.PSPrinterJob"/>
    <property name="sun.os.patch.level" value="unknown"/>
    <property name="hadoop.tmp.dir" value="/tmp/workdir/hadoop-ozone/integration-test/target/tmp"/>
    <property name="java.library.path" value="/usr/lib/jvm/java-1.8-openjdk/jre/lib/amd64/server:/usr/lib/jvm/java-1.8-openjdk/jre/lib/amd64:/usr/lib/jvm/java-1.8-openjdk/jre/../lib/amd64:/tmp/workdir/hadoop-ozone/integration-test/target/native/target/usr/local/lib:/tmp/workdir/hadoop-ozone/integration-test/../../hadoop-common-project/hadoop-common/target/native/target/usr/local/lib:/usr/java/packages/lib/amd64:/usr/lib64:/lib64:/lib:/usr/lib"/>
    <property name="java.vm.info" value="mixed mode"/>
    <property name="java.vendor" value="IcedTea"/>
    <property name="java.vm.version" value="25.212-b04"/>
    <property name="java.ext.dirs" value="/usr/lib/jvm/java-1.8-openjdk/jre/lib/ext:/usr/java/packages/lib/ext"/>
    <property name="sun.io.unicode.encoding" value="UnicodeLittle"/>
    <property name="java.class.version" value="52.0"/>
  </properties>
  <testcase name="testWatchForCommitWithKeyWrite" classname="org.apache.hadoop.ozone.client.rpc.TestWatchForCommit" time="17.532">
    <failure message="expected:&lt;4&gt; but was:&lt;8&gt;" type="java.lang.AssertionError"><![CDATA[java.lang.AssertionError: expected:<4> but was:<8>
	at org.junit.Assert.fail(Assert.java:88)
	at org.junit.Assert.failNotEquals(Assert.java:743)
	at org.junit.Assert.assertEquals(Assert.java:118)
	at org.junit.Assert.assertEquals(Assert.java:555)
	at org.junit.Assert.assertEquals(Assert.java:542)
	at org.apache.hadoop.ozone.client.rpc.TestWatchForCommit.testWatchForCommitWithKeyWrite(TestWatchForCommit.java:167)
	at sun.reflect.NativeMethodAccessorImpl.invoke0(Native Method)
	at sun.reflect.NativeMethodAccessorImpl.invoke(NativeMethodAccessorImpl.java:62)
	at sun.reflect.DelegatingMethodAccessorImpl.invoke(DelegatingMethodAccessorImpl.java:43)
	at java.lang.reflect.Method.invoke(Method.java:498)
	at org.junit.runners.model.FrameworkMethod$1.runReflectiveCall(FrameworkMethod.java:47)
	at org.junit.internal.runners.model.ReflectiveCallable.run(ReflectiveCallable.java:12)
	at org.junit.runners.model.FrameworkMethod.invokeExplosively(FrameworkMethod.java:44)
	at org.junit.internal.runners.statements.InvokeMethod.evaluate(InvokeMethod.java:17)
	at org.junit.runners.ParentRunner.runLeaf(ParentRunner.java:271)
	at org.junit.runners.BlockJUnit4ClassRunner.runChild(BlockJUnit4ClassRunner.java:70)
	at org.junit.runners.BlockJUnit4ClassRunner.runChild(BlockJUnit4ClassRunner.java:50)
	at org.junit.runners.ParentRunner$3.run(ParentRunner.java:238)
	at org.junit.runners.ParentRunner$1.schedule(ParentRunner.java:63)
	at org.junit.runners.ParentRunner.runChildren(ParentRunner.java:236)
	at org.junit.runners.ParentRunner.access$000(ParentRunner.java:53)
	at org.junit.runners.ParentRunner$2.evaluate(ParentRunner.java:229)
	at org.junit.runners.ParentRunner.run(ParentRunner.java:309)
	at org.apache.maven.surefire.junit4.JUnit4Provider.execute(JUnit4Provider.java:365)
	at org.apache.maven.surefire.junit4.JUnit4Provider.executeWithRerun(JUnit4Provider.java:273)
	at org.apache.maven.surefire.junit4.JUnit4Provider.executeTestSet(JUnit4Provider.java:238)
	at org.apache.maven.surefire.junit4.JUnit4Provider.invoke(JUnit4Provider.java:159)
	at org.apache.maven.surefire.booter.ForkedBooter.invokeProviderInSameClassLoader(ForkedBooter.java:384)
	at org.apache.maven.surefire.booter.ForkedBooter.runSuitesInProcess(ForkedBooter.java:345)
	at org.apache.maven.surefire.booter.ForkedBooter.execute(ForkedBooter.java:126)
	at org.apache.maven.surefire.booter.ForkedBooter.main(ForkedBooter.java:418)
]]></failure>
    <system-out><![CDATA[2019-07-13 07:49:43,733 WARN  server.ServerUtils (ServerUtils.java:getScmDbDir(145)) - ozone.scm.db.dirs is not configured. We recommend adding this setting. Falling back to ozone.metadata.dirs instead.
2019-07-13 07:49:43,856 WARN  server.ServerUtils (ServerUtils.java:getScmDbDir(145)) - ozone.scm.db.dirs is not configured. We recommend adding this setting. Falling back to ozone.metadata.dirs instead.
2019-07-13 07:49:43,859 WARN  server.ServerUtils (ServerUtils.java:getScmDbDir(145)) - ozone.scm.db.dirs is not configured. We recommend adding this setting. Falling back to ozone.metadata.dirs instead.
2019-07-13 07:49:43,876 INFO  util.log (Log.java:initialized(192)) - Logging initialized @878ms
2019-07-13 07:49:43,976 INFO  db.DBStoreBuilder (DBStoreBuilder.java:addTable(110)) - using custom profile for table: deletedBlocks
2019-07-13 07:49:43,977 INFO  db.DBStoreBuilder (DBStoreBuilder.java:processTables(161)) - Using default column profile:DBProfile.DISK for Table:deletedBlocks
2019-07-13 07:49:43,977 INFO  db.DBStoreBuilder (DBStoreBuilder.java:addTable(110)) - using custom profile for table: validCerts
2019-07-13 07:49:43,977 INFO  db.DBStoreBuilder (DBStoreBuilder.java:processTables(161)) - Using default column profile:DBProfile.DISK for Table:validCerts
2019-07-13 07:49:43,978 INFO  db.DBStoreBuilder (DBStoreBuilder.java:addTable(110)) - using custom profile for table: revokedCerts
2019-07-13 07:49:43,978 INFO  db.DBStoreBuilder (DBStoreBuilder.java:processTables(161)) - Using default column profile:DBProfile.DISK for Table:revokedCerts
2019-07-13 07:49:43,989 INFO  db.DBStoreBuilder (DBStoreBuilder.java:addTable(110)) - using custom profile for table: default
2019-07-13 07:49:43,990 INFO  db.DBStoreBuilder (DBStoreBuilder.java:processTables(167)) - Using default column profile:DBProfile.DISK for Table:default
2019-07-13 07:49:43,991 INFO  db.DBStoreBuilder (DBStoreBuilder.java:getDbProfile(198)) - Using default options. DBProfile.DISK
2019-07-13 07:49:44,196 INFO  net.NodeSchemaLoader (NodeSchemaLoader.java:loadSchemaFromFile(125)) - Loading file from sun.misc.CompoundEnumeration@7714e963
2019-07-13 07:49:44,199 INFO  net.NodeSchemaLoader (NodeSchemaLoader.java:loadSchema(171)) - Loading network topology layer schema file
2019-07-13 07:49:44,297 WARN  server.ServerUtils (ServerUtils.java:sanitizeUserArgs(70)) - ozone.scm.stale.node.interval value = 300000 is larger than max = 100000 based on the key value of ozone.scm.heartbeat.thread.interval, reset to the max value 100000.
2019-07-13 07:49:44,300 WARN  server.ServerUtils (ServerUtils.java:sanitizeUserArgs(70)) - ozone.scm.stale.node.interval value = 300000 is larger than max = 100000 based on the key value of ozone.scm.heartbeat.thread.interval, reset to the max value 100000.
2019-07-13 07:49:44,303 INFO  node.SCMNodeManager (SCMNodeManager.java:<init>(119)) - Entering startup safe mode.
2019-07-13 07:49:44,390 WARN  server.ServerUtils (ServerUtils.java:getScmDbDir(145)) - ozone.scm.db.dirs is not configured. We recommend adding this setting. Falling back to ozone.metadata.dirs instead.
2019-07-13 07:49:44,448 INFO  pipeline.SCMPipelineManager (SCMPipelineManager.java:initializePipelineState(126)) - No pipeline exists in current db
2019-07-13 07:49:44,451 WARN  server.ServerUtils (ServerUtils.java:getScmDbDir(145)) - ozone.scm.db.dirs is not configured. We recommend adding this setting. Falling back to ozone.metadata.dirs instead.
2019-07-13 07:49:44,554 WARN  events.EventQueue (EventQueue.java:fireEvent(175)) - No event handler registered for event TypedEvent{payloadType=SafeModeStatus, name='SafeModeStatus'}
2019-07-13 07:49:44,888 INFO  ipc.CallQueueManager (CallQueueManager.java:<init>(84)) - Using callQueue: class java.util.concurrent.LinkedBlockingQueue, queueCapacity: 2000, scheduler: class org.apache.hadoop.ipc.DefaultRpcScheduler, ipcBackoff: false.
2019-07-13 07:49:44,915 INFO  ipc.Server (Server.java:run(1074)) - Starting Socket Reader #1 for port 42911
2019-07-13 07:49:44,938 INFO  ipc.CallQueueManager (CallQueueManager.java:<init>(84)) - Using callQueue: class java.util.concurrent.LinkedBlockingQueue, queueCapacity: 2000, scheduler: class org.apache.hadoop.ipc.DefaultRpcScheduler, ipcBackoff: false.
2019-07-13 07:49:44,939 INFO  ipc.Server (Server.java:run(1074)) - Starting Socket Reader #1 for port 45389
2019-07-13 07:49:44,945 INFO  ipc.CallQueueManager (CallQueueManager.java:<init>(84)) - Using callQueue: class java.util.concurrent.LinkedBlockingQueue, queueCapacity: 2000, scheduler: class org.apache.hadoop.ipc.DefaultRpcScheduler, ipcBackoff: false.
2019-07-13 07:49:44,946 INFO  ipc.Server (Server.java:run(1074)) - Starting Socket Reader #1 for port 42539
2019-07-13 07:49:45,090 INFO  hdfs.DFSUtil (DFSUtil.java:httpServerTemplateForNNAndJN(1641)) - Starting Web-server for scm at: http://0.0.0.0:0
2019-07-13 07:49:45,253 INFO  server.AuthenticationFilter (AuthenticationFilter.java:constructSecretProvider(240)) - Unable to initialize FileSignerSecretProvider, falling back to use random secrets.
2019-07-13 07:49:45,260 WARN  http.HttpRequestLog (HttpRequestLog.java:getRequestLog(97)) - Jetty request log can only be enabled using Log4j
2019-07-13 07:49:45,268 INFO  http.HttpServer2 (HttpServer2.java:addGlobalFilter(975)) - Added global filter 'safety' (class=org.apache.hadoop.http.HttpServer2$QuotingInputFilter)
2019-07-13 07:49:45,270 INFO  http.HttpServer2 (HttpServer2.java:addFilter(948)) - Added filter static_user_filter (class=org.apache.hadoop.http.lib.StaticUserWebFilter$StaticUserFilter) to context scm
2019-07-13 07:49:45,271 INFO  http.HttpServer2 (HttpServer2.java:addFilter(958)) - Added filter static_user_filter (class=org.apache.hadoop.http.lib.StaticUserWebFilter$StaticUserFilter) to context static
2019-07-13 07:49:45,271 INFO  http.HttpServer2 (HttpServer2.java:addFilter(958)) - Added filter static_user_filter (class=org.apache.hadoop.http.lib.StaticUserWebFilter$StaticUserFilter) to context logs
2019-07-13 07:49:45,298 INFO  server.StorageContainerManager (StorageContainerManager.java:start(759)) - StorageContainerLocationProtocol RPC server is listening at /0.0.0.0:42539
2019-07-13 07:49:45,358 WARN  impl.MetricsConfig (MetricsConfig.java:loadFirst(134)) - Cannot locate configuration: tried hadoop-metrics2-storagecontainermanager.properties,hadoop-metrics2.properties
2019-07-13 07:49:45,371 INFO  impl.MetricsSystemImpl (MetricsSystemImpl.java:startTimer(374)) - Scheduled Metric snapshot period at 10 second(s).
2019-07-13 07:49:45,371 INFO  impl.MetricsSystemImpl (MetricsSystemImpl.java:start(191)) - StorageContainerManager metrics system started
2019-07-13 07:49:45,588 INFO  server.SCMClientProtocolServer (SCMClientProtocolServer.java:start(149)) - RPC server for Client  is listening at /0.0.0.0:42539
2019-07-13 07:49:45,589 INFO  ipc.Server (Server.java:run(1314)) - IPC Server Responder: starting
2019-07-13 07:49:45,590 INFO  ipc.Server (Server.java:run(1153)) - IPC Server listener on 42539: starting
2019-07-13 07:49:45,594 INFO  server.StorageContainerManager (StorageContainerManager.java:start(768)) - ScmBlockLocationProtocol RPC server is listening at /0.0.0.0:45389
2019-07-13 07:49:45,594 INFO  server.SCMBlockProtocolServer (SCMBlockProtocolServer.java:start(140)) - RPC server for Block Protocol is listening at /0.0.0.0:45389
2019-07-13 07:49:45,594 INFO  ipc.Server (Server.java:run(1314)) - IPC Server Responder: starting
2019-07-13 07:49:45,595 INFO  ipc.Server (Server.java:run(1153)) - IPC Server listener on 45389: starting
2019-07-13 07:49:45,603 INFO  server.StorageContainerManager (StorageContainerManager.java:start(772)) - ScmDatanodeProtocl RPC server is listening at /0.0.0.0:42911
2019-07-13 07:49:45,603 INFO  server.SCMDatanodeProtocolServer (SCMDatanodeProtocolServer.java:start(191)) - RPC server for DataNodes is listening at /0.0.0.0:42911
2019-07-13 07:49:45,605 INFO  ipc.Server (Server.java:run(1314)) - IPC Server Responder: starting
2019-07-13 07:49:45,606 INFO  ipc.Server (Server.java:run(1153)) - IPC Server listener on 42911: starting
2019-07-13 07:49:45,616 INFO  http.HttpServer2 (HttpServer2.java:bindListener(1191)) - Jetty bound to port 43143
2019-07-13 07:49:45,618 INFO  server.Server (Server.java:doStart(351)) - jetty-9.3.24.v20180605, build timestamp: 2018-06-05T17:11:56Z, git hash: 84205aa28f11a4f31f2a3b86d1bba2cc8ab69827
2019-07-13 07:49:45,657 INFO  handler.ContextHandler (ContextHandler.java:doStart(781)) - Started o.e.j.s.ServletContextHandler@6bbe2511{/logs,file:///tmp/workdir/hadoop-ozone/integration-test/target/log,AVAILABLE}
2019-07-13 07:49:45,658 INFO  handler.ContextHandler (ContextHandler.java:doStart(781)) - Started o.e.j.s.ServletContextHandler@76012793{/static,file:///tmp/workdir/hadoop-ozone/integration-test/target/test-classes/webapps/static,AVAILABLE}
2019-07-13 07:49:45,690 INFO  handler.ContextHandler (ContextHandler.java:doStart(781)) - Started o.e.j.w.WebAppContext@6a1d204a{/,file:///tmp/workdir/hadoop-ozone/integration-test/target/test-classes/webapps/scm/,AVAILABLE}{/scm}
2019-07-13 07:49:45,695 INFO  server.AbstractConnector (AbstractConnector.java:doStart(278)) - Started ServerConnector@9d157ff{HTTP/1.1,[http/1.1]}{0.0.0.0:43143}
2019-07-13 07:49:45,695 INFO  server.Server (Server.java:doStart(419)) - Started @2698ms
2019-07-13 07:49:45,696 INFO  server.BaseHttpServer (BaseHttpServer.java:updateConnectorAddress(207)) - HTTP server of SCM is listening at http://0.0.0.0:43143
2019-07-13 07:49:45,703 INFO  util.JvmPauseMonitor (JvmPauseMonitor.java:run(188)) - Starting JVM pause monitor
2019-07-13 07:49:45,705 WARN  server.ServerUtils (ServerUtils.java:getDBPath(222)) - ozone.om.db.dirs is not configured. We recommend adding this setting. Falling back to ozone.metadata.dirs instead.
2019-07-13 07:49:45,938 WARN  server.ServerUtils (ServerUtils.java:getDBPath(222)) - ozone.om.db.dirs is not configured. We recommend adding this setting. Falling back to ozone.metadata.dirs instead.
2019-07-13 07:49:45,939 INFO  om.OzoneManager (OzoneManager.java:setOMNodeDetails(630)) - OM Service ID is not set. Setting it to the default ID: omServiceIdDefault
2019-07-13 07:49:45,939 INFO  om.OzoneManager (OzoneManager.java:setOMNodeDetails(636)) - OM Node ID is not set. Setting it to the OmStorage's OmID: a12b672a-078b-48d7-8c0a-13229a7e05b1
2019-07-13 07:49:45,941 INFO  om.OzoneManager (OzoneManager.java:loadOMHAConfigs(587)) - Found matching OM address with OMServiceId: null, OMNodeId: null, RPC Address: localhost:0 and Ratis port: 9872
2019-07-13 07:49:46,183 WARN  server.ServerUtils (ServerUtils.java:getDBPath(222)) - ozone.om.db.dirs is not configured. We recommend adding this setting. Falling back to ozone.metadata.dirs instead.
2019-07-13 07:49:46,196 INFO  db.DBStoreBuilder (DBStoreBuilder.java:addTable(110)) - using custom profile for table: userTable
2019-07-13 07:49:46,196 INFO  db.DBStoreBuilder (DBStoreBuilder.java:processTables(161)) - Using default column profile:DBProfile.DISK for Table:userTable
2019-07-13 07:49:46,197 INFO  db.DBStoreBuilder (DBStoreBuilder.java:addTable(110)) - using custom profile for table: volumeTable
2019-07-13 07:49:46,197 INFO  db.DBStoreBuilder (DBStoreBuilder.java:processTables(161)) - Using default column profile:DBProfile.DISK for Table:volumeTable
2019-07-13 07:49:46,198 INFO  db.DBStoreBuilder (DBStoreBuilder.java:addTable(110)) - using custom profile for table: bucketTable
2019-07-13 07:49:46,198 INFO  db.DBStoreBuilder (DBStoreBuilder.java:processTables(161)) - Using default column profile:DBProfile.DISK for Table:bucketTable
2019-07-13 07:49:46,198 INFO  db.DBStoreBuilder (DBStoreBuilder.java:addTable(110)) - using custom profile for table: keyTable
2019-07-13 07:49:46,199 INFO  db.DBStoreBuilder (DBStoreBuilder.java:processTables(161)) - Using default column profile:DBProfile.DISK for Table:keyTable
2019-07-13 07:49:46,199 INFO  db.DBStoreBuilder (DBStoreBuilder.java:addTable(110)) - using custom profile for table: deletedTable
2019-07-13 07:49:46,199 INFO  db.DBStoreBuilder (DBStoreBuilder.java:processTables(161)) - Using default column profile:DBProfile.DISK for Table:deletedTable
2019-07-13 07:49:46,200 INFO  db.DBStoreBuilder (DBStoreBuilder.java:addTable(110)) - using custom profile for table: openKeyTable
2019-07-13 07:49:46,200 INFO  db.DBStoreBuilder (DBStoreBuilder.java:processTables(161)) - Using default column profile:DBProfile.DISK for Table:openKeyTable
2019-07-13 07:49:46,201 INFO  db.DBStoreBuilder (DBStoreBuilder.java:addTable(110)) - using custom profile for table: s3Table
2019-07-13 07:49:46,201 INFO  db.DBStoreBuilder (DBStoreBuilder.java:processTables(161)) - Using default column profile:DBProfile.DISK for Table:s3Table
2019-07-13 07:49:46,201 INFO  db.DBStoreBuilder (DBStoreBuilder.java:addTable(110)) - using custom profile for table: multipartInfoTable
2019-07-13 07:49:46,202 INFO  db.DBStoreBuilder (DBStoreBuilder.java:processTables(161)) - Using default column profile:DBProfile.DISK for Table:multipartInfoTable
2019-07-13 07:49:46,202 INFO  db.DBStoreBuilder (DBStoreBuilder.java:addTable(110)) - using custom profile for table: dTokenTable
2019-07-13 07:49:46,203 INFO  db.DBStoreBuilder (DBStoreBuilder.java:processTables(161)) - Using default column profile:DBProfile.DISK for Table:dTokenTable
2019-07-13 07:49:46,203 INFO  db.DBStoreBuilder (DBStoreBuilder.java:addTable(110)) - using custom profile for table: s3SecretTable
2019-07-13 07:49:46,203 INFO  db.DBStoreBuilder (DBStoreBuilder.java:processTables(161)) - Using default column profile:DBProfile.DISK for Table:s3SecretTable
2019-07-13 07:49:46,204 INFO  db.DBStoreBuilder (DBStoreBuilder.java:addTable(110)) - using custom profile for table: prefixTable
2019-07-13 07:49:46,204 INFO  db.DBStoreBuilder (DBStoreBuilder.java:processTables(161)) - Using default column profile:DBProfile.DISK for Table:prefixTable
2019-07-13 07:49:46,205 INFO  db.DBStoreBuilder (DBStoreBuilder.java:addTable(110)) - using custom profile for table: default
2019-07-13 07:49:46,205 INFO  db.DBStoreBuilder (DBStoreBuilder.java:processTables(167)) - Using default column profile:DBProfile.DISK for Table:default
2019-07-13 07:49:46,205 INFO  db.DBStoreBuilder (DBStoreBuilder.java:getDbProfile(198)) - Using default options. DBProfile.DISK
2019-07-13 07:49:47,086 INFO  ipc.CallQueueManager (CallQueueManager.java:<init>(84)) - Using callQueue: class java.util.concurrent.LinkedBlockingQueue, queueCapacity: 2000, scheduler: class org.apache.hadoop.ipc.DefaultRpcScheduler, ipcBackoff: false.
2019-07-13 07:49:47,088 INFO  ipc.Server (Server.java:run(1074)) - Starting Socket Reader #1 for port 35750
2019-07-13 07:49:47,115 WARN  server.ServerUtils (ServerUtils.java:getDBPath(222)) - ozone.om.db.dirs is not configured. We recommend adding this setting. Falling back to ozone.metadata.dirs instead.
2019-07-13 07:49:47,116 INFO  om.OzoneManager (OzoneManager.java:start(1228)) - OzoneManager RPC server is listening at localhost/127.0.0.1:35750
2019-07-13 07:49:47,116 INFO  impl.MetricsSystemImpl (MetricsSystemImpl.java:init(158)) - OzoneManager metrics system started (again)
2019-07-13 07:49:47,118 INFO  ipc.Server (Server.java:run(1314)) - IPC Server Responder: starting
2019-07-13 07:49:47,119 INFO  ipc.Server (Server.java:run(1153)) - IPC Server listener on 35750: starting
2019-07-13 07:49:47,134 INFO  hdfs.DFSUtil (DFSUtil.java:httpServerTemplateForNNAndJN(1641)) - Starting Web-server for ozoneManager at: http://0.0.0.0:0
2019-07-13 07:49:47,135 INFO  server.AuthenticationFilter (AuthenticationFilter.java:constructSecretProvider(240)) - Unable to initialize FileSignerSecretProvider, falling back to use random secrets.
2019-07-13 07:49:47,136 WARN  http.HttpRequestLog (HttpRequestLog.java:getRequestLog(97)) - Jetty request log can only be enabled using Log4j
2019-07-13 07:49:47,138 INFO  http.HttpServer2 (HttpServer2.java:addGlobalFilter(975)) - Added global filter 'safety' (class=org.apache.hadoop.http.HttpServer2$QuotingInputFilter)
2019-07-13 07:49:47,139 INFO  http.HttpServer2 (HttpServer2.java:addFilter(948)) - Added filter static_user_filter (class=org.apache.hadoop.http.lib.StaticUserWebFilter$StaticUserFilter) to context ozoneManager
2019-07-13 07:49:47,139 INFO  http.HttpServer2 (HttpServer2.java:addFilter(958)) - Added filter static_user_filter (class=org.apache.hadoop.http.lib.StaticUserWebFilter$StaticUserFilter) to context logs
2019-07-13 07:49:47,139 INFO  http.HttpServer2 (HttpServer2.java:addFilter(958)) - Added filter static_user_filter (class=org.apache.hadoop.http.lib.StaticUserWebFilter$StaticUserFilter) to context static
2019-07-13 07:49:47,142 INFO  http.HttpServer2 (HttpServer2.java:bindListener(1191)) - Jetty bound to port 33553
2019-07-13 07:49:47,142 INFO  server.Server (Server.java:doStart(351)) - jetty-9.3.24.v20180605, build timestamp: 2018-06-05T17:11:56Z, git hash: 84205aa28f11a4f31f2a3b86d1bba2cc8ab69827
2019-07-13 07:49:47,144 INFO  handler.ContextHandler (ContextHandler.java:doStart(781)) - Started o.e.j.s.ServletContextHandler@3e134896{/logs,file:///tmp/workdir/hadoop-ozone/integration-test/target/log,AVAILABLE}
2019-07-13 07:49:47,144 INFO  handler.ContextHandler (ContextHandler.java:doStart(781)) - Started o.e.j.s.ServletContextHandler@2e3a5237{/static,file:///tmp/workdir/hadoop-ozone/integration-test/target/test-classes/webapps/static,AVAILABLE}
2019-07-13 07:49:47,149 INFO  handler.ContextHandler (ContextHandler.java:doStart(781)) - Started o.e.j.w.WebAppContext@5b78fdb1{/,file:///tmp/workdir/hadoop-ozone/integration-test/target/test-classes/webapps/ozoneManager/,AVAILABLE}{/ozoneManager}
2019-07-13 07:49:47,151 INFO  server.AbstractConnector (AbstractConnector.java:doStart(278)) - Started ServerConnector@48bfb884{HTTP/1.1,[http/1.1]}{0.0.0.0:33553}
2019-07-13 07:49:47,151 INFO  server.Server (Server.java:doStart(419)) - Started @4154ms
2019-07-13 07:49:47,152 INFO  server.BaseHttpServer (BaseHttpServer.java:updateConnectorAddress(207)) - HTTP server of OZONEMANAGER is listening at http://0.0.0.0:33553
2019-07-13 07:49:47,478 INFO  impl.MetricsSystemImpl (MetricsSystemImpl.java:init(158)) - HddsDatanode metrics system started (again)
2019-07-13 07:49:47,565 INFO  ozone.HddsDatanodeService (HddsDatanodeService.java:start(185)) - HddsDatanodeService host:trunk-nightly-9lh4p-2362225927 ip:192.168.69.84
2019-07-13 07:49:47,597 INFO  volume.HddsVolume (HddsVolume.java:<init>(176)) - Creating Volume: /tmp/workdir/hadoop-ozone/integration-test/target/test-dir/MiniOzoneClusterImpl-b19d29cb-d84c-40b6-9e92-1c9c997984fb/datanode-0/data/containers/hdds of  storage type : DISK and capacity : 52710309888
2019-07-13 07:49:47,598 INFO  volume.VolumeSet (VolumeSet.java:initializeVolumeSet(170)) - Added Volume : /tmp/workdir/hadoop-ozone/integration-test/target/test-dir/MiniOzoneClusterImpl-b19d29cb-d84c-40b6-9e92-1c9c997984fb/datanode-0/data/containers/hdds to VolumeSet
2019-07-13 07:49:47,601 INFO  volume.ThrottledAsyncChecker (ThrottledAsyncChecker.java:schedule(140)) - Scheduling a check for org.apache.hadoop.ozone.container.common.volume.HddsVolume@1f52eb6f
2019-07-13 07:49:47,619 INFO  volume.HddsVolumeChecker (HddsVolumeChecker.java:checkAllVolumes(203)) - Scheduled health check for volume org.apache.hadoop.ozone.container.common.volume.HddsVolume@1f52eb6f
2019-07-13 07:49:47,727 INFO  impl.RaftServerProxy (ConfUtils.java:logGet(43)) - raft.rpc.type = GRPC (default)
2019-07-13 07:49:47,811 INFO  grpc.GrpcFactory (GrpcFactory.java:checkPooledByteBufAllocatorUseCacheForAllThreads(45)) - PERFORMANCE WARNING: useCacheForAllThreads is true that may cause Netty to create a lot garbage objects and, as a result, trigger GC.
	It is recommended to disable useCacheForAllThreads by setting -Dorg.apache.ratis.thirdparty.io.netty.allocator.useCacheForAllThreads=false in command line.
2019-07-13 07:49:47,818 INFO  grpc.GrpcConfigKeys$Server (ConfUtils.java:logGet(43)) - raft.grpc.server.port = 0 (default)
2019-07-13 07:49:47,819 INFO  server.GrpcService (ConfUtils.java:logGet(43)) - raft.grpc.message.size.max = 33570816 (custom)
2019-07-13 07:49:47,821 INFO  server.RaftServerConfigKeys (ConfUtils.java:logGet(43)) - raft.server.log.appender.buffer.byte-limit = 33554432 (custom)
2019-07-13 07:49:47,822 INFO  server.GrpcService (ConfUtils.java:logGet(43)) - raft.grpc.flow.control.window = 1MB (=1048576) (default)
2019-07-13 07:49:47,823 INFO  server.RaftServerConfigKeys (ConfUtils.java:logGet(43)) - raft.server.rpc.request.timeout = 3000ms (default)
2019-07-13 07:49:47,990 INFO  server.RaftServerConfigKeys (ConfUtils.java:logGet(43)) - raft.server.storage.dir = [/tmp/workdir/hadoop-ozone/integration-test/target/test-dir/MiniOzoneClusterImpl-b19d29cb-d84c-40b6-9e92-1c9c997984fb/datanode-0/data/ratis] (custom)
2019-07-13 07:49:48,027 INFO  replication.SimpleContainerDownloader (SimpleContainerDownloader.java:<init>(72)) - Starting container downloader service to copy containers to replicate.
2019-07-13 07:49:48,041 INFO  hdfs.DFSUtil (DFSUtil.java:httpServerTemplateForNNAndJN(1641)) - Starting Web-server for hddsDatanode at: http://0.0.0.0:0
2019-07-13 07:49:48,043 INFO  server.AuthenticationFilter (AuthenticationFilter.java:constructSecretProvider(240)) - Unable to initialize FileSignerSecretProvider, falling back to use random secrets.
2019-07-13 07:49:48,044 WARN  http.HttpRequestLog (HttpRequestLog.java:getRequestLog(97)) - Jetty request log can only be enabled using Log4j
2019-07-13 07:49:48,046 INFO  http.HttpServer2 (HttpServer2.java:addGlobalFilter(975)) - Added global filter 'safety' (class=org.apache.hadoop.http.HttpServer2$QuotingInputFilter)
2019-07-13 07:49:48,046 INFO  http.HttpServer2 (HttpServer2.java:addFilter(948)) - Added filter static_user_filter (class=org.apache.hadoop.http.lib.StaticUserWebFilter$StaticUserFilter) to context hddsDatanode
2019-07-13 07:49:48,046 INFO  http.HttpServer2 (HttpServer2.java:addFilter(958)) - Added filter static_user_filter (class=org.apache.hadoop.http.lib.StaticUserWebFilter$StaticUserFilter) to context static
2019-07-13 07:49:48,047 INFO  http.HttpServer2 (HttpServer2.java:addFilter(958)) - Added filter static_user_filter (class=org.apache.hadoop.http.lib.StaticUserWebFilter$StaticUserFilter) to context logs
2019-07-13 07:49:48,047 INFO  http.HttpServer2 (HttpServer2.java:bindListener(1191)) - Jetty bound to port 41595
2019-07-13 07:49:48,048 INFO  server.Server (Server.java:doStart(351)) - jetty-9.3.24.v20180605, build timestamp: 2018-06-05T17:11:56Z, git hash: 84205aa28f11a4f31f2a3b86d1bba2cc8ab69827
2019-07-13 07:49:48,050 INFO  handler.ContextHandler (ContextHandler.java:doStart(781)) - Started o.e.j.s.ServletContextHandler@761956ac{/logs,file:///tmp/workdir/hadoop-ozone/integration-test/target/log,AVAILABLE}
2019-07-13 07:49:48,050 INFO  handler.ContextHandler (ContextHandler.java:doStart(781)) - Started o.e.j.s.ServletContextHandler@304d0259{/static,jar:file:/home/user/.m2/repository/org/apache/hadoop/hadoop-hdds-container-service/0.5.0-SNAPSHOT/hadoop-hdds-container-service-0.5.0-SNAPSHOT.jar!/webapps/static,AVAILABLE}
2019-07-13 07:49:48,082 INFO  handler.ContextHandler (ContextHandler.java:doStart(781)) - Started o.e.j.w.WebAppContext@124ac145{/,file:///tmp/jetty-0.0.0.0-41595-hddsDatanode-_-any-867629878912291932.dir/webapp/,AVAILABLE}{/hddsDatanode}
2019-07-13 07:49:48,083 INFO  server.AbstractConnector (AbstractConnector.java:doStart(278)) - Started ServerConnector@2def7a7a{HTTP/1.1,[http/1.1]}{0.0.0.0:41595}
2019-07-13 07:49:48,085 INFO  server.Server (Server.java:doStart(419)) - Started @5087ms
2019-07-13 07:49:48,086 INFO  server.BaseHttpServer (BaseHttpServer.java:updateConnectorAddress(207)) - HTTP server of HDDSDATANODE is listening at http://0.0.0.0:41595
2019-07-13 07:49:49,171 INFO  ozone.HddsDatanodeService (HddsDatanodeService.java:startPlugins(396)) - Started plug-in org.apache.hadoop.ozone.web.OzoneHddsDatanodeService@69f2cb04
2019-07-13 07:49:49,173 INFO  impl.MetricsSystemImpl (MetricsSystemImpl.java:init(158)) - HddsDatanode metrics system started (again)
2019-07-13 07:49:49,175 INFO  ozone.HddsDatanodeService (HddsDatanodeService.java:start(185)) - HddsDatanodeService host:trunk-nightly-9lh4p-2362225927 ip:192.168.69.84
2019-07-13 07:49:49,181 INFO  util.JvmPauseMonitor (JvmPauseMonitor.java:run(188)) - Starting JVM pause monitor
2019-07-13 07:49:49,189 INFO  volume.HddsVolume (HddsVolume.java:<init>(176)) - Creating Volume: /tmp/workdir/hadoop-ozone/integration-test/target/test-dir/MiniOzoneClusterImpl-b19d29cb-d84c-40b6-9e92-1c9c997984fb/datanode-1/data/containers/hdds of  storage type : DISK and capacity : 52710309888
2019-07-13 07:49:49,190 INFO  volume.VolumeSet (VolumeSet.java:initializeVolumeSet(170)) - Added Volume : /tmp/workdir/hadoop-ozone/integration-test/target/test-dir/MiniOzoneClusterImpl-b19d29cb-d84c-40b6-9e92-1c9c997984fb/datanode-1/data/containers/hdds to VolumeSet
2019-07-13 07:49:49,191 INFO  volume.ThrottledAsyncChecker (ThrottledAsyncChecker.java:schedule(140)) - Scheduling a check for org.apache.hadoop.ozone.container.common.volume.HddsVolume@656a3d6b
2019-07-13 07:49:49,193 INFO  volume.HddsVolumeChecker (HddsVolumeChecker.java:checkAllVolumes(203)) - Scheduled health check for volume org.apache.hadoop.ozone.container.common.volume.HddsVolume@656a3d6b
2019-07-13 07:49:49,226 INFO  impl.RaftServerProxy (ConfUtils.java:logGet(43)) - raft.rpc.type = GRPC (default)
2019-07-13 07:49:49,227 INFO  grpc.GrpcFactory (GrpcFactory.java:checkPooledByteBufAllocatorUseCacheForAllThreads(45)) - PERFORMANCE WARNING: useCacheForAllThreads is true that may cause Netty to create a lot garbage objects and, as a result, trigger GC.
	It is recommended to disable useCacheForAllThreads by setting -Dorg.apache.ratis.thirdparty.io.netty.allocator.useCacheForAllThreads=false in command line.
2019-07-13 07:49:49,228 INFO  grpc.GrpcConfigKeys$Server (ConfUtils.java:logGet(43)) - raft.grpc.server.port = 0 (default)
2019-07-13 07:49:49,228 INFO  server.GrpcService (ConfUtils.java:logGet(43)) - raft.grpc.message.size.max = 33570816 (custom)
2019-07-13 07:49:49,228 INFO  server.RaftServerConfigKeys (ConfUtils.java:logGet(43)) - raft.server.log.appender.buffer.byte-limit = 33554432 (custom)
2019-07-13 07:49:49,229 INFO  server.GrpcService (ConfUtils.java:logGet(43)) - raft.grpc.flow.control.window = 1MB (=1048576) (default)
2019-07-13 07:49:49,229 INFO  server.RaftServerConfigKeys (ConfUtils.java:logGet(43)) - raft.server.rpc.request.timeout = 3000ms (default)
2019-07-13 07:49:49,232 INFO  server.RaftServerConfigKeys (ConfUtils.java:logGet(43)) - raft.server.storage.dir = [/tmp/workdir/hadoop-ozone/integration-test/target/test-dir/MiniOzoneClusterImpl-b19d29cb-d84c-40b6-9e92-1c9c997984fb/datanode-1/data/ratis] (custom)
2019-07-13 07:49:49,234 INFO  replication.SimpleContainerDownloader (SimpleContainerDownloader.java:<init>(72)) - Starting container downloader service to copy containers to replicate.
2019-07-13 07:49:49,236 INFO  hdfs.DFSUtil (DFSUtil.java:httpServerTemplateForNNAndJN(1641)) - Starting Web-server for hddsDatanode at: http://0.0.0.0:0
2019-07-13 07:49:49,239 INFO  server.AuthenticationFilter (AuthenticationFilter.java:constructSecretProvider(240)) - Unable to initialize FileSignerSecretProvider, falling back to use random secrets.
2019-07-13 07:49:49,241 WARN  http.HttpRequestLog (HttpRequestLog.java:getRequestLog(97)) - Jetty request log can only be enabled using Log4j
2019-07-13 07:49:49,244 INFO  http.HttpServer2 (HttpServer2.java:addGlobalFilter(975)) - Added global filter 'safety' (class=org.apache.hadoop.http.HttpServer2$QuotingInputFilter)
2019-07-13 07:49:49,245 INFO  http.HttpServer2 (HttpServer2.java:addFilter(948)) - Added filter static_user_filter (class=org.apache.hadoop.http.lib.StaticUserWebFilter$StaticUserFilter) to context hddsDatanode
2019-07-13 07:49:49,246 INFO  http.HttpServer2 (HttpServer2.java:addFilter(958)) - Added filter static_user_filter (class=org.apache.hadoop.http.lib.StaticUserWebFilter$StaticUserFilter) to context static
2019-07-13 07:49:49,246 INFO  http.HttpServer2 (HttpServer2.java:addFilter(958)) - Added filter static_user_filter (class=org.apache.hadoop.http.lib.StaticUserWebFilter$StaticUserFilter) to context logs
2019-07-13 07:49:49,248 INFO  http.HttpServer2 (HttpServer2.java:bindListener(1191)) - Jetty bound to port 35276
2019-07-13 07:49:49,248 INFO  server.Server (Server.java:doStart(351)) - jetty-9.3.24.v20180605, build timestamp: 2018-06-05T17:11:56Z, git hash: 84205aa28f11a4f31f2a3b86d1bba2cc8ab69827
2019-07-13 07:49:49,252 INFO  handler.ContextHandler (ContextHandler.java:doStart(781)) - Started o.e.j.s.ServletContextHandler@733fb462{/logs,file:///tmp/workdir/hadoop-ozone/integration-test/target/log,AVAILABLE}
2019-07-13 07:49:49,253 INFO  handler.ContextHandler (ContextHandler.java:doStart(781)) - Started o.e.j.s.ServletContextHandler@359066bc{/static,jar:file:/home/user/.m2/repository/org/apache/hadoop/hadoop-hdds-container-service/0.5.0-SNAPSHOT/hadoop-hdds-container-service-0.5.0-SNAPSHOT.jar!/webapps/static,AVAILABLE}
2019-07-13 07:49:49,297 INFO  handler.ContextHandler (ContextHandler.java:doStart(781)) - Started o.e.j.w.WebAppContext@2a8b33ba{/,file:///tmp/jetty-0.0.0.0-35276-hddsDatanode-_-any-8867273151207264336.dir/webapp/,AVAILABLE}{/hddsDatanode}
2019-07-13 07:49:49,298 INFO  server.AbstractConnector (AbstractConnector.java:doStart(278)) - Started ServerConnector@4e8b357d{HTTP/1.1,[http/1.1]}{0.0.0.0:35276}
2019-07-13 07:49:49,299 INFO  server.Server (Server.java:doStart(419)) - Started @6302ms
2019-07-13 07:49:49,301 INFO  server.BaseHttpServer (BaseHttpServer.java:updateConnectorAddress(207)) - HTTP server of HDDSDATANODE is listening at http://0.0.0.0:35276
2019-07-13 07:49:49,328 INFO  datanode.InitDatanodeState (InitDatanodeState.java:persistContainerDatanodeDetails(140)) - DatanodeDetails is persisted to /tmp/workdir/hadoop-ozone/integration-test/target/test-dir/MiniOzoneClusterImpl-b19d29cb-d84c-40b6-9e92-1c9c997984fb/datanode-0/meta/datanode.id
2019-07-13 07:49:49,450 INFO  ozone.HddsDatanodeService (HddsDatanodeService.java:startPlugins(396)) - Started plug-in org.apache.hadoop.ozone.web.OzoneHddsDatanodeService@6097fca9
2019-07-13 07:49:49,450 INFO  impl.MetricsSystemImpl (MetricsSystemImpl.java:init(158)) - HddsDatanode metrics system started (again)
2019-07-13 07:49:49,450 INFO  ozone.HddsDatanodeService (HddsDatanodeService.java:start(185)) - HddsDatanodeService host:trunk-nightly-9lh4p-2362225927 ip:192.168.69.84
2019-07-13 07:49:49,454 INFO  util.JvmPauseMonitor (JvmPauseMonitor.java:run(188)) - Starting JVM pause monitor
2019-07-13 07:49:49,462 INFO  volume.HddsVolume (HddsVolume.java:<init>(176)) - Creating Volume: /tmp/workdir/hadoop-ozone/integration-test/target/test-dir/MiniOzoneClusterImpl-b19d29cb-d84c-40b6-9e92-1c9c997984fb/datanode-2/data/containers/hdds of  storage type : DISK and capacity : 52710309888
2019-07-13 07:49:49,463 INFO  volume.VolumeSet (VolumeSet.java:initializeVolumeSet(170)) - Added Volume : /tmp/workdir/hadoop-ozone/integration-test/target/test-dir/MiniOzoneClusterImpl-b19d29cb-d84c-40b6-9e92-1c9c997984fb/datanode-2/data/containers/hdds to VolumeSet
2019-07-13 07:49:49,463 INFO  volume.ThrottledAsyncChecker (ThrottledAsyncChecker.java:schedule(140)) - Scheduling a check for org.apache.hadoop.ozone.container.common.volume.HddsVolume@6371cf2f
2019-07-13 07:49:49,463 INFO  volume.HddsVolumeChecker (HddsVolumeChecker.java:checkAllVolumes(203)) - Scheduled health check for volume org.apache.hadoop.ozone.container.common.volume.HddsVolume@6371cf2f
2019-07-13 07:49:49,465 INFO  datanode.InitDatanodeState (InitDatanodeState.java:persistContainerDatanodeDetails(140)) - DatanodeDetails is persisted to /tmp/workdir/hadoop-ozone/integration-test/target/test-dir/MiniOzoneClusterImpl-b19d29cb-d84c-40b6-9e92-1c9c997984fb/datanode-1/meta/datanode.id
2019-07-13 07:49:49,479 INFO  impl.RaftServerProxy (ConfUtils.java:logGet(43)) - raft.rpc.type = GRPC (default)
2019-07-13 07:49:49,479 INFO  grpc.GrpcFactory (GrpcFactory.java:checkPooledByteBufAllocatorUseCacheForAllThreads(45)) - PERFORMANCE WARNING: useCacheForAllThreads is true that may cause Netty to create a lot garbage objects and, as a result, trigger GC.
	It is recommended to disable useCacheForAllThreads by setting -Dorg.apache.ratis.thirdparty.io.netty.allocator.useCacheForAllThreads=false in command line.
2019-07-13 07:49:49,479 INFO  grpc.GrpcConfigKeys$Server (ConfUtils.java:logGet(43)) - raft.grpc.server.port = 0 (default)
2019-07-13 07:49:49,480 INFO  server.GrpcService (ConfUtils.java:logGet(43)) - raft.grpc.message.size.max = 33570816 (custom)
2019-07-13 07:49:49,480 INFO  server.RaftServerConfigKeys (ConfUtils.java:logGet(43)) - raft.server.log.appender.buffer.byte-limit = 33554432 (custom)
2019-07-13 07:49:49,480 INFO  server.GrpcService (ConfUtils.java:logGet(43)) - raft.grpc.flow.control.window = 1MB (=1048576) (default)
2019-07-13 07:49:49,480 INFO  server.RaftServerConfigKeys (ConfUtils.java:logGet(43)) - raft.server.rpc.request.timeout = 3000ms (default)
2019-07-13 07:49:49,481 INFO  server.RaftServerConfigKeys (ConfUtils.java:logGet(43)) - raft.server.storage.dir = [/tmp/workdir/hadoop-ozone/integration-test/target/test-dir/MiniOzoneClusterImpl-b19d29cb-d84c-40b6-9e92-1c9c997984fb/datanode-2/data/ratis] (custom)
2019-07-13 07:49:49,482 INFO  replication.SimpleContainerDownloader (SimpleContainerDownloader.java:<init>(72)) - Starting container downloader service to copy containers to replicate.
2019-07-13 07:49:49,483 INFO  hdfs.DFSUtil (DFSUtil.java:httpServerTemplateForNNAndJN(1641)) - Starting Web-server for hddsDatanode at: http://0.0.0.0:0
2019-07-13 07:49:49,484 INFO  server.AuthenticationFilter (AuthenticationFilter.java:constructSecretProvider(240)) - Unable to initialize FileSignerSecretProvider, falling back to use random secrets.
2019-07-13 07:49:49,484 WARN  http.HttpRequestLog (HttpRequestLog.java:getRequestLog(97)) - Jetty request log can only be enabled using Log4j
2019-07-13 07:49:49,486 INFO  http.HttpServer2 (HttpServer2.java:addGlobalFilter(975)) - Added global filter 'safety' (class=org.apache.hadoop.http.HttpServer2$QuotingInputFilter)
2019-07-13 07:49:49,486 INFO  http.HttpServer2 (HttpServer2.java:addFilter(948)) - Added filter static_user_filter (class=org.apache.hadoop.http.lib.StaticUserWebFilter$StaticUserFilter) to context hddsDatanode
2019-07-13 07:49:49,487 INFO  http.HttpServer2 (HttpServer2.java:addFilter(958)) - Added filter static_user_filter (class=org.apache.hadoop.http.lib.StaticUserWebFilter$StaticUserFilter) to context logs
2019-07-13 07:49:49,487 INFO  http.HttpServer2 (HttpServer2.java:addFilter(958)) - Added filter static_user_filter (class=org.apache.hadoop.http.lib.StaticUserWebFilter$StaticUserFilter) to context static
2019-07-13 07:49:49,487 INFO  http.HttpServer2 (HttpServer2.java:bindListener(1191)) - Jetty bound to port 33360
2019-07-13 07:49:49,488 INFO  server.Server (Server.java:doStart(351)) - jetty-9.3.24.v20180605, build timestamp: 2018-06-05T17:11:56Z, git hash: 84205aa28f11a4f31f2a3b86d1bba2cc8ab69827
2019-07-13 07:49:49,489 INFO  handler.ContextHandler (ContextHandler.java:doStart(781)) - Started o.e.j.s.ServletContextHandler@3b97907c{/logs,file:///tmp/workdir/hadoop-ozone/integration-test/target/log,AVAILABLE}
2019-07-13 07:49:49,490 INFO  handler.ContextHandler (ContextHandler.java:doStart(781)) - Started o.e.j.s.ServletContextHandler@631c6d11{/static,jar:file:/home/user/.m2/repository/org/apache/hadoop/hadoop-hdds-container-service/0.5.0-SNAPSHOT/hadoop-hdds-container-service-0.5.0-SNAPSHOT.jar!/webapps/static,AVAILABLE}
2019-07-13 07:49:49,517 INFO  handler.ContextHandler (ContextHandler.java:doStart(781)) - Started o.e.j.w.WebAppContext@61608e1a{/,file:///tmp/jetty-0.0.0.0-33360-hddsDatanode-_-any-5917565067179174301.dir/webapp/,AVAILABLE}{/hddsDatanode}
2019-07-13 07:49:49,518 INFO  server.AbstractConnector (AbstractConnector.java:doStart(278)) - Started ServerConnector@7c46c9c3{HTTP/1.1,[http/1.1]}{0.0.0.0:33360}
2019-07-13 07:49:49,519 INFO  server.Server (Server.java:doStart(419)) - Started @6521ms
2019-07-13 07:49:49,520 INFO  server.BaseHttpServer (BaseHttpServer.java:updateConnectorAddress(207)) - HTTP server of HDDSDATANODE is listening at http://0.0.0.0:33360
2019-07-13 07:49:49,640 INFO  ozone.HddsDatanodeService (HddsDatanodeService.java:startPlugins(396)) - Started plug-in org.apache.hadoop.ozone.web.OzoneHddsDatanodeService@4026461d
2019-07-13 07:49:49,640 INFO  impl.MetricsSystemImpl (MetricsSystemImpl.java:init(158)) - HddsDatanode metrics system started (again)
2019-07-13 07:49:49,642 INFO  ozone.HddsDatanodeService (HddsDatanodeService.java:start(185)) - HddsDatanodeService host:trunk-nightly-9lh4p-2362225927 ip:192.168.69.84
2019-07-13 07:49:49,644 INFO  util.JvmPauseMonitor (JvmPauseMonitor.java:run(188)) - Starting JVM pause monitor
2019-07-13 07:49:49,646 INFO  datanode.InitDatanodeState (InitDatanodeState.java:persistContainerDatanodeDetails(140)) - DatanodeDetails is persisted to /tmp/workdir/hadoop-ozone/integration-test/target/test-dir/MiniOzoneClusterImpl-b19d29cb-d84c-40b6-9e92-1c9c997984fb/datanode-2/meta/datanode.id
2019-07-13 07:49:49,651 INFO  volume.HddsVolume (HddsVolume.java:<init>(176)) - Creating Volume: /tmp/workdir/hadoop-ozone/integration-test/target/test-dir/MiniOzoneClusterImpl-b19d29cb-d84c-40b6-9e92-1c9c997984fb/datanode-3/data/containers/hdds of  storage type : DISK and capacity : 52710309888
2019-07-13 07:49:49,651 INFO  volume.VolumeSet (VolumeSet.java:initializeVolumeSet(170)) - Added Volume : /tmp/workdir/hadoop-ozone/integration-test/target/test-dir/MiniOzoneClusterImpl-b19d29cb-d84c-40b6-9e92-1c9c997984fb/datanode-3/data/containers/hdds to VolumeSet
2019-07-13 07:49:49,652 INFO  volume.ThrottledAsyncChecker (ThrottledAsyncChecker.java:schedule(140)) - Scheduling a check for org.apache.hadoop.ozone.container.common.volume.HddsVolume@57bd6a8f
2019-07-13 07:49:49,652 INFO  volume.HddsVolumeChecker (HddsVolumeChecker.java:checkAllVolumes(203)) - Scheduled health check for volume org.apache.hadoop.ozone.container.common.volume.HddsVolume@57bd6a8f
2019-07-13 07:49:49,666 INFO  impl.RaftServerProxy (ConfUtils.java:logGet(43)) - raft.rpc.type = GRPC (default)
2019-07-13 07:49:49,666 INFO  grpc.GrpcFactory (GrpcFactory.java:checkPooledByteBufAllocatorUseCacheForAllThreads(45)) - PERFORMANCE WARNING: useCacheForAllThreads is true that may cause Netty to create a lot garbage objects and, as a result, trigger GC.
	It is recommended to disable useCacheForAllThreads by setting -Dorg.apache.ratis.thirdparty.io.netty.allocator.useCacheForAllThreads=false in command line.
2019-07-13 07:49:49,666 INFO  grpc.GrpcConfigKeys$Server (ConfUtils.java:logGet(43)) - raft.grpc.server.port = 0 (default)
2019-07-13 07:49:49,666 INFO  server.GrpcService (ConfUtils.java:logGet(43)) - raft.grpc.message.size.max = 33570816 (custom)
2019-07-13 07:49:49,667 INFO  server.RaftServerConfigKeys (ConfUtils.java:logGet(43)) - raft.server.log.appender.buffer.byte-limit = 33554432 (custom)
2019-07-13 07:49:49,667 INFO  server.GrpcService (ConfUtils.java:logGet(43)) - raft.grpc.flow.control.window = 1MB (=1048576) (default)
2019-07-13 07:49:49,667 INFO  server.RaftServerConfigKeys (ConfUtils.java:logGet(43)) - raft.server.rpc.request.timeout = 3000ms (default)
2019-07-13 07:49:49,668 INFO  server.RaftServerConfigKeys (ConfUtils.java:logGet(43)) - raft.server.storage.dir = [/tmp/workdir/hadoop-ozone/integration-test/target/test-dir/MiniOzoneClusterImpl-b19d29cb-d84c-40b6-9e92-1c9c997984fb/datanode-3/data/ratis] (custom)
2019-07-13 07:49:49,668 INFO  replication.SimpleContainerDownloader (SimpleContainerDownloader.java:<init>(72)) - Starting container downloader service to copy containers to replicate.
2019-07-13 07:49:49,669 INFO  hdfs.DFSUtil (DFSUtil.java:httpServerTemplateForNNAndJN(1641)) - Starting Web-server for hddsDatanode at: http://0.0.0.0:0
2019-07-13 07:49:49,670 INFO  server.AuthenticationFilter (AuthenticationFilter.java:constructSecretProvider(240)) - Unable to initialize FileSignerSecretProvider, falling back to use random secrets.
2019-07-13 07:49:49,671 WARN  http.HttpRequestLog (HttpRequestLog.java:getRequestLog(97)) - Jetty request log can only be enabled using Log4j
2019-07-13 07:49:49,672 INFO  http.HttpServer2 (HttpServer2.java:addGlobalFilter(975)) - Added global filter 'safety' (class=org.apache.hadoop.http.HttpServer2$QuotingInputFilter)
2019-07-13 07:49:49,673 INFO  http.HttpServer2 (HttpServer2.java:addFilter(948)) - Added filter static_user_filter (class=org.apache.hadoop.http.lib.StaticUserWebFilter$StaticUserFilter) to context hddsDatanode
2019-07-13 07:49:49,673 INFO  http.HttpServer2 (HttpServer2.java:addFilter(958)) - Added filter static_user_filter (class=org.apache.hadoop.http.lib.StaticUserWebFilter$StaticUserFilter) to context static
2019-07-13 07:49:49,673 INFO  http.HttpServer2 (HttpServer2.java:addFilter(958)) - Added filter static_user_filter (class=org.apache.hadoop.http.lib.StaticUserWebFilter$StaticUserFilter) to context logs
2019-07-13 07:49:49,674 INFO  http.HttpServer2 (HttpServer2.java:bindListener(1191)) - Jetty bound to port 33657
2019-07-13 07:49:49,674 INFO  server.Server (Server.java:doStart(351)) - jetty-9.3.24.v20180605, build timestamp: 2018-06-05T17:11:56Z, git hash: 84205aa28f11a4f31f2a3b86d1bba2cc8ab69827
2019-07-13 07:49:49,678 INFO  handler.ContextHandler (ContextHandler.java:doStart(781)) - Started o.e.j.s.ServletContextHandler@5f395ce1{/logs,file:///tmp/workdir/hadoop-ozone/integration-test/target/log,AVAILABLE}
2019-07-13 07:49:49,679 INFO  handler.ContextHandler (ContextHandler.java:doStart(781)) - Started o.e.j.s.ServletContextHandler@1e30db85{/static,jar:file:/home/user/.m2/repository/org/apache/hadoop/hadoop-hdds-container-service/0.5.0-SNAPSHOT/hadoop-hdds-container-service-0.5.0-SNAPSHOT.jar!/webapps/static,AVAILABLE}
2019-07-13 07:49:49,707 INFO  handler.ContextHandler (ContextHandler.java:doStart(781)) - Started o.e.j.w.WebAppContext@1e00bfe2{/,file:///tmp/jetty-0.0.0.0-33657-hddsDatanode-_-any-2713998498274953702.dir/webapp/,AVAILABLE}{/hddsDatanode}
2019-07-13 07:49:49,708 INFO  server.AbstractConnector (AbstractConnector.java:doStart(278)) - Started ServerConnector@4702e7a5{HTTP/1.1,[http/1.1]}{0.0.0.0:33657}
2019-07-13 07:49:49,708 INFO  server.Server (Server.java:doStart(419)) - Started @6711ms
2019-07-13 07:49:49,711 INFO  server.BaseHttpServer (BaseHttpServer.java:updateConnectorAddress(207)) - HTTP server of HDDSDATANODE is listening at http://0.0.0.0:33657
2019-07-13 07:49:49,827 INFO  ozone.HddsDatanodeService (HddsDatanodeService.java:startPlugins(396)) - Started plug-in org.apache.hadoop.ozone.web.OzoneHddsDatanodeService@1bd8afc8
2019-07-13 07:49:49,828 INFO  impl.MetricsSystemImpl (MetricsSystemImpl.java:init(158)) - HddsDatanode metrics system started (again)
2019-07-13 07:49:49,829 INFO  ozone.HddsDatanodeService (HddsDatanodeService.java:start(185)) - HddsDatanodeService host:trunk-nightly-9lh4p-2362225927 ip:192.168.69.84
2019-07-13 07:49:49,832 INFO  util.JvmPauseMonitor (JvmPauseMonitor.java:run(188)) - Starting JVM pause monitor
2019-07-13 07:49:49,834 INFO  datanode.InitDatanodeState (InitDatanodeState.java:persistContainerDatanodeDetails(140)) - DatanodeDetails is persisted to /tmp/workdir/hadoop-ozone/integration-test/target/test-dir/MiniOzoneClusterImpl-b19d29cb-d84c-40b6-9e92-1c9c997984fb/datanode-3/meta/datanode.id
2019-07-13 07:49:49,839 INFO  volume.HddsVolume (HddsVolume.java:<init>(176)) - Creating Volume: /tmp/workdir/hadoop-ozone/integration-test/target/test-dir/MiniOzoneClusterImpl-b19d29cb-d84c-40b6-9e92-1c9c997984fb/datanode-4/data/containers/hdds of  storage type : DISK and capacity : 52710309888
2019-07-13 07:49:49,840 INFO  volume.VolumeSet (VolumeSet.java:initializeVolumeSet(170)) - Added Volume : /tmp/workdir/hadoop-ozone/integration-test/target/test-dir/MiniOzoneClusterImpl-b19d29cb-d84c-40b6-9e92-1c9c997984fb/datanode-4/data/containers/hdds to VolumeSet
2019-07-13 07:49:49,840 INFO  volume.ThrottledAsyncChecker (ThrottledAsyncChecker.java:schedule(140)) - Scheduling a check for org.apache.hadoop.ozone.container.common.volume.HddsVolume@77a0dd63
2019-07-13 07:49:49,840 INFO  volume.HddsVolumeChecker (HddsVolumeChecker.java:checkAllVolumes(203)) - Scheduled health check for volume org.apache.hadoop.ozone.container.common.volume.HddsVolume@77a0dd63
2019-07-13 07:49:49,854 INFO  impl.RaftServerProxy (ConfUtils.java:logGet(43)) - raft.rpc.type = GRPC (default)
2019-07-13 07:49:49,855 INFO  grpc.GrpcFactory (GrpcFactory.java:checkPooledByteBufAllocatorUseCacheForAllThreads(45)) - PERFORMANCE WARNING: useCacheForAllThreads is true that may cause Netty to create a lot garbage objects and, as a result, trigger GC.
	It is recommended to disable useCacheForAllThreads by setting -Dorg.apache.ratis.thirdparty.io.netty.allocator.useCacheForAllThreads=false in command line.
2019-07-13 07:49:49,855 INFO  grpc.GrpcConfigKeys$Server (ConfUtils.java:logGet(43)) - raft.grpc.server.port = 0 (default)
2019-07-13 07:49:49,855 INFO  server.GrpcService (ConfUtils.java:logGet(43)) - raft.grpc.message.size.max = 33570816 (custom)
2019-07-13 07:49:49,855 INFO  server.RaftServerConfigKeys (ConfUtils.java:logGet(43)) - raft.server.log.appender.buffer.byte-limit = 33554432 (custom)
2019-07-13 07:49:49,856 INFO  server.GrpcService (ConfUtils.java:logGet(43)) - raft.grpc.flow.control.window = 1MB (=1048576) (default)
2019-07-13 07:49:49,856 INFO  server.RaftServerConfigKeys (ConfUtils.java:logGet(43)) - raft.server.rpc.request.timeout = 3000ms (default)
2019-07-13 07:49:49,857 INFO  server.RaftServerConfigKeys (ConfUtils.java:logGet(43)) - raft.server.storage.dir = [/tmp/workdir/hadoop-ozone/integration-test/target/test-dir/MiniOzoneClusterImpl-b19d29cb-d84c-40b6-9e92-1c9c997984fb/datanode-4/data/ratis] (custom)
2019-07-13 07:49:49,857 INFO  replication.SimpleContainerDownloader (SimpleContainerDownloader.java:<init>(72)) - Starting container downloader service to copy containers to replicate.
2019-07-13 07:49:49,858 INFO  hdfs.DFSUtil (DFSUtil.java:httpServerTemplateForNNAndJN(1641)) - Starting Web-server for hddsDatanode at: http://0.0.0.0:0
2019-07-13 07:49:49,859 INFO  server.AuthenticationFilter (AuthenticationFilter.java:constructSecretProvider(240)) - Unable to initialize FileSignerSecretProvider, falling back to use random secrets.
2019-07-13 07:49:49,860 WARN  http.HttpRequestLog (HttpRequestLog.java:getRequestLog(97)) - Jetty request log can only be enabled using Log4j
2019-07-13 07:49:49,861 INFO  http.HttpServer2 (HttpServer2.java:addGlobalFilter(975)) - Added global filter 'safety' (class=org.apache.hadoop.http.HttpServer2$QuotingInputFilter)
2019-07-13 07:49:49,862 INFO  http.HttpServer2 (HttpServer2.java:addFilter(948)) - Added filter static_user_filter (class=org.apache.hadoop.http.lib.StaticUserWebFilter$StaticUserFilter) to context hddsDatanode
2019-07-13 07:49:49,862 INFO  http.HttpServer2 (HttpServer2.java:addFilter(958)) - Added filter static_user_filter (class=org.apache.hadoop.http.lib.StaticUserWebFilter$StaticUserFilter) to context static
2019-07-13 07:49:49,862 INFO  http.HttpServer2 (HttpServer2.java:addFilter(958)) - Added filter static_user_filter (class=org.apache.hadoop.http.lib.StaticUserWebFilter$StaticUserFilter) to context logs
2019-07-13 07:49:49,863 INFO  http.HttpServer2 (HttpServer2.java:bindListener(1191)) - Jetty bound to port 34125
2019-07-13 07:49:49,863 INFO  server.Server (Server.java:doStart(351)) - jetty-9.3.24.v20180605, build timestamp: 2018-06-05T17:11:56Z, git hash: 84205aa28f11a4f31f2a3b86d1bba2cc8ab69827
2019-07-13 07:49:49,865 INFO  handler.ContextHandler (ContextHandler.java:doStart(781)) - Started o.e.j.s.ServletContextHandler@7aa01bd9{/logs,file:///tmp/workdir/hadoop-ozone/integration-test/target/log,AVAILABLE}
2019-07-13 07:49:49,866 INFO  handler.ContextHandler (ContextHandler.java:doStart(781)) - Started o.e.j.s.ServletContextHandler@615db358{/static,jar:file:/home/user/.m2/repository/org/apache/hadoop/hadoop-hdds-container-service/0.5.0-SNAPSHOT/hadoop-hdds-container-service-0.5.0-SNAPSHOT.jar!/webapps/static,AVAILABLE}
2019-07-13 07:49:49,893 INFO  handler.ContextHandler (ContextHandler.java:doStart(781)) - Started o.e.j.w.WebAppContext@34136bd1{/,file:///tmp/jetty-0.0.0.0-34125-hddsDatanode-_-any-6653993129141244357.dir/webapp/,AVAILABLE}{/hddsDatanode}
2019-07-13 07:49:49,893 INFO  server.AbstractConnector (AbstractConnector.java:doStart(278)) - Started ServerConnector@6de7778f{HTTP/1.1,[http/1.1]}{0.0.0.0:34125}
2019-07-13 07:49:49,895 INFO  server.Server (Server.java:doStart(419)) - Started @6897ms
2019-07-13 07:49:49,895 INFO  server.BaseHttpServer (BaseHttpServer.java:updateConnectorAddress(207)) - HTTP server of HDDSDATANODE is listening at http://0.0.0.0:34125
2019-07-13 07:49:50,009 INFO  ozone.HddsDatanodeService (HddsDatanodeService.java:startPlugins(396)) - Started plug-in org.apache.hadoop.ozone.web.OzoneHddsDatanodeService@5fdd97c1
2019-07-13 07:49:50,009 INFO  impl.MetricsSystemImpl (MetricsSystemImpl.java:init(158)) - HddsDatanode metrics system started (again)
2019-07-13 07:49:50,011 INFO  ozone.HddsDatanodeService (HddsDatanodeService.java:start(185)) - HddsDatanodeService host:trunk-nightly-9lh4p-2362225927 ip:192.168.69.84
2019-07-13 07:49:50,013 INFO  util.JvmPauseMonitor (JvmPauseMonitor.java:run(188)) - Starting JVM pause monitor
2019-07-13 07:49:50,017 INFO  datanode.InitDatanodeState (InitDatanodeState.java:persistContainerDatanodeDetails(140)) - DatanodeDetails is persisted to /tmp/workdir/hadoop-ozone/integration-test/target/test-dir/MiniOzoneClusterImpl-b19d29cb-d84c-40b6-9e92-1c9c997984fb/datanode-4/meta/datanode.id
2019-07-13 07:49:50,020 INFO  volume.HddsVolume (HddsVolume.java:<init>(176)) - Creating Volume: /tmp/workdir/hadoop-ozone/integration-test/target/test-dir/MiniOzoneClusterImpl-b19d29cb-d84c-40b6-9e92-1c9c997984fb/datanode-5/data/containers/hdds of  storage type : DISK and capacity : 52710309888
2019-07-13 07:49:50,020 INFO  volume.VolumeSet (VolumeSet.java:initializeVolumeSet(170)) - Added Volume : /tmp/workdir/hadoop-ozone/integration-test/target/test-dir/MiniOzoneClusterImpl-b19d29cb-d84c-40b6-9e92-1c9c997984fb/datanode-5/data/containers/hdds to VolumeSet
2019-07-13 07:49:50,021 INFO  volume.ThrottledAsyncChecker (ThrottledAsyncChecker.java:schedule(140)) - Scheduling a check for org.apache.hadoop.ozone.container.common.volume.HddsVolume@37d3e140
2019-07-13 07:49:50,021 INFO  volume.HddsVolumeChecker (HddsVolumeChecker.java:checkAllVolumes(203)) - Scheduled health check for volume org.apache.hadoop.ozone.container.common.volume.HddsVolume@37d3e140
2019-07-13 07:49:50,035 INFO  impl.RaftServerProxy (ConfUtils.java:logGet(43)) - raft.rpc.type = GRPC (default)
2019-07-13 07:49:50,035 INFO  grpc.GrpcFactory (GrpcFactory.java:checkPooledByteBufAllocatorUseCacheForAllThreads(45)) - PERFORMANCE WARNING: useCacheForAllThreads is true that may cause Netty to create a lot garbage objects and, as a result, trigger GC.
	It is recommended to disable useCacheForAllThreads by setting -Dorg.apache.ratis.thirdparty.io.netty.allocator.useCacheForAllThreads=false in command line.
2019-07-13 07:49:50,036 INFO  grpc.GrpcConfigKeys$Server (ConfUtils.java:logGet(43)) - raft.grpc.server.port = 0 (default)
2019-07-13 07:49:50,036 INFO  server.GrpcService (ConfUtils.java:logGet(43)) - raft.grpc.message.size.max = 33570816 (custom)
2019-07-13 07:49:50,036 INFO  server.RaftServerConfigKeys (ConfUtils.java:logGet(43)) - raft.server.log.appender.buffer.byte-limit = 33554432 (custom)
2019-07-13 07:49:50,036 INFO  server.GrpcService (ConfUtils.java:logGet(43)) - raft.grpc.flow.control.window = 1MB (=1048576) (default)
2019-07-13 07:49:50,037 INFO  server.RaftServerConfigKeys (ConfUtils.java:logGet(43)) - raft.server.rpc.request.timeout = 3000ms (default)
2019-07-13 07:49:50,037 INFO  server.RaftServerConfigKeys (ConfUtils.java:logGet(43)) - raft.server.storage.dir = [/tmp/workdir/hadoop-ozone/integration-test/target/test-dir/MiniOzoneClusterImpl-b19d29cb-d84c-40b6-9e92-1c9c997984fb/datanode-5/data/ratis] (custom)
2019-07-13 07:49:50,038 INFO  replication.SimpleContainerDownloader (SimpleContainerDownloader.java:<init>(72)) - Starting container downloader service to copy containers to replicate.
2019-07-13 07:49:50,039 INFO  hdfs.DFSUtil (DFSUtil.java:httpServerTemplateForNNAndJN(1641)) - Starting Web-server for hddsDatanode at: http://0.0.0.0:0
2019-07-13 07:49:50,040 INFO  server.AuthenticationFilter (AuthenticationFilter.java:constructSecretProvider(240)) - Unable to initialize FileSignerSecretProvider, falling back to use random secrets.
2019-07-13 07:49:50,040 WARN  http.HttpRequestLog (HttpRequestLog.java:getRequestLog(97)) - Jetty request log can only be enabled using Log4j
2019-07-13 07:49:50,041 INFO  http.HttpServer2 (HttpServer2.java:addGlobalFilter(975)) - Added global filter 'safety' (class=org.apache.hadoop.http.HttpServer2$QuotingInputFilter)
2019-07-13 07:49:50,042 INFO  http.HttpServer2 (HttpServer2.java:addFilter(948)) - Added filter static_user_filter (class=org.apache.hadoop.http.lib.StaticUserWebFilter$StaticUserFilter) to context hddsDatanode
2019-07-13 07:49:50,042 INFO  http.HttpServer2 (HttpServer2.java:addFilter(958)) - Added filter static_user_filter (class=org.apache.hadoop.http.lib.StaticUserWebFilter$StaticUserFilter) to context static
2019-07-13 07:49:50,042 INFO  http.HttpServer2 (HttpServer2.java:addFilter(958)) - Added filter static_user_filter (class=org.apache.hadoop.http.lib.StaticUserWebFilter$StaticUserFilter) to context logs
2019-07-13 07:49:50,043 INFO  http.HttpServer2 (HttpServer2.java:bindListener(1191)) - Jetty bound to port 34204
2019-07-13 07:49:50,043 INFO  server.Server (Server.java:doStart(351)) - jetty-9.3.24.v20180605, build timestamp: 2018-06-05T17:11:56Z, git hash: 84205aa28f11a4f31f2a3b86d1bba2cc8ab69827
2019-07-13 07:49:50,046 INFO  handler.ContextHandler (ContextHandler.java:doStart(781)) - Started o.e.j.s.ServletContextHandler@545d2560{/logs,file:///tmp/workdir/hadoop-ozone/integration-test/target/log,AVAILABLE}
2019-07-13 07:49:50,046 INFO  handler.ContextHandler (ContextHandler.java:doStart(781)) - Started o.e.j.s.ServletContextHandler@6885ed19{/static,jar:file:/home/user/.m2/repository/org/apache/hadoop/hadoop-hdds-container-service/0.5.0-SNAPSHOT/hadoop-hdds-container-service-0.5.0-SNAPSHOT.jar!/webapps/static,AVAILABLE}
2019-07-13 07:49:50,074 INFO  handler.ContextHandler (ContextHandler.java:doStart(781)) - Started o.e.j.w.WebAppContext@40c8067{/,file:///tmp/jetty-0.0.0.0-34204-hddsDatanode-_-any-1765411196248726507.dir/webapp/,AVAILABLE}{/hddsDatanode}
2019-07-13 07:49:50,074 INFO  server.AbstractConnector (AbstractConnector.java:doStart(278)) - Started ServerConnector@46bb0bdf{HTTP/1.1,[http/1.1]}{0.0.0.0:34204}
2019-07-13 07:49:50,076 INFO  server.Server (Server.java:doStart(419)) - Started @7078ms
2019-07-13 07:49:50,076 INFO  server.BaseHttpServer (BaseHttpServer.java:updateConnectorAddress(207)) - HTTP server of HDDSDATANODE is listening at http://0.0.0.0:34204
2019-07-13 07:49:50,198 INFO  ozone.HddsDatanodeService (HddsDatanodeService.java:startPlugins(396)) - Started plug-in org.apache.hadoop.ozone.web.OzoneHddsDatanodeService@7d25913
2019-07-13 07:49:50,198 INFO  impl.MetricsSystemImpl (MetricsSystemImpl.java:init(158)) - HddsDatanode metrics system started (again)
2019-07-13 07:49:50,200 INFO  ozone.HddsDatanodeService (HddsDatanodeService.java:start(185)) - HddsDatanodeService host:trunk-nightly-9lh4p-2362225927 ip:192.168.69.84
2019-07-13 07:49:50,201 INFO  util.JvmPauseMonitor (JvmPauseMonitor.java:run(188)) - Starting JVM pause monitor
2019-07-13 07:49:50,205 INFO  datanode.InitDatanodeState (InitDatanodeState.java:persistContainerDatanodeDetails(140)) - DatanodeDetails is persisted to /tmp/workdir/hadoop-ozone/integration-test/target/test-dir/MiniOzoneClusterImpl-b19d29cb-d84c-40b6-9e92-1c9c997984fb/datanode-5/meta/datanode.id
2019-07-13 07:49:50,210 INFO  volume.HddsVolume (HddsVolume.java:<init>(176)) - Creating Volume: /tmp/workdir/hadoop-ozone/integration-test/target/test-dir/MiniOzoneClusterImpl-b19d29cb-d84c-40b6-9e92-1c9c997984fb/datanode-6/data/containers/hdds of  storage type : DISK and capacity : 52710309888
2019-07-13 07:49:50,211 INFO  volume.VolumeSet (VolumeSet.java:initializeVolumeSet(170)) - Added Volume : /tmp/workdir/hadoop-ozone/integration-test/target/test-dir/MiniOzoneClusterImpl-b19d29cb-d84c-40b6-9e92-1c9c997984fb/datanode-6/data/containers/hdds to VolumeSet
2019-07-13 07:49:50,211 INFO  volume.ThrottledAsyncChecker (ThrottledAsyncChecker.java:schedule(140)) - Scheduling a check for org.apache.hadoop.ozone.container.common.volume.HddsVolume@40a1b6d4
2019-07-13 07:49:50,211 INFO  volume.HddsVolumeChecker (HddsVolumeChecker.java:checkAllVolumes(203)) - Scheduled health check for volume org.apache.hadoop.ozone.container.common.volume.HddsVolume@40a1b6d4
2019-07-13 07:49:50,276 INFO  impl.RaftServerProxy (ConfUtils.java:logGet(43)) - raft.rpc.type = GRPC (default)
2019-07-13 07:49:50,279 INFO  grpc.GrpcFactory (GrpcFactory.java:checkPooledByteBufAllocatorUseCacheForAllThreads(45)) - PERFORMANCE WARNING: useCacheForAllThreads is true that may cause Netty to create a lot garbage objects and, as a result, trigger GC.
	It is recommended to disable useCacheForAllThreads by setting -Dorg.apache.ratis.thirdparty.io.netty.allocator.useCacheForAllThreads=false in command line.
2019-07-13 07:49:50,283 INFO  grpc.GrpcConfigKeys$Server (ConfUtils.java:logGet(43)) - raft.grpc.server.port = 0 (default)
2019-07-13 07:49:50,287 INFO  server.GrpcService (ConfUtils.java:logGet(43)) - raft.grpc.message.size.max = 33570816 (custom)
2019-07-13 07:49:50,287 INFO  server.RaftServerConfigKeys (ConfUtils.java:logGet(43)) - raft.server.log.appender.buffer.byte-limit = 33554432 (custom)
2019-07-13 07:49:50,288 INFO  server.GrpcService (ConfUtils.java:logGet(43)) - raft.grpc.flow.control.window = 1MB (=1048576) (default)
2019-07-13 07:49:50,289 INFO  server.RaftServerConfigKeys (ConfUtils.java:logGet(43)) - raft.server.rpc.request.timeout = 3000ms (default)
2019-07-13 07:49:50,290 INFO  server.RaftServerConfigKeys (ConfUtils.java:logGet(43)) - raft.server.storage.dir = [/tmp/workdir/hadoop-ozone/integration-test/target/test-dir/MiniOzoneClusterImpl-b19d29cb-d84c-40b6-9e92-1c9c997984fb/datanode-6/data/ratis] (custom)
2019-07-13 07:49:50,291 INFO  replication.SimpleContainerDownloader (SimpleContainerDownloader.java:<init>(72)) - Starting container downloader service to copy containers to replicate.
2019-07-13 07:49:50,295 INFO  hdfs.DFSUtil (DFSUtil.java:httpServerTemplateForNNAndJN(1641)) - Starting Web-server for hddsDatanode at: http://0.0.0.0:0
2019-07-13 07:49:50,303 INFO  server.AuthenticationFilter (AuthenticationFilter.java:constructSecretProvider(240)) - Unable to initialize FileSignerSecretProvider, falling back to use random secrets.
2019-07-13 07:49:50,303 WARN  http.HttpRequestLog (HttpRequestLog.java:getRequestLog(97)) - Jetty request log can only be enabled using Log4j
2019-07-13 07:49:50,304 INFO  http.HttpServer2 (HttpServer2.java:addGlobalFilter(975)) - Added global filter 'safety' (class=org.apache.hadoop.http.HttpServer2$QuotingInputFilter)
2019-07-13 07:49:50,305 INFO  http.HttpServer2 (HttpServer2.java:addFilter(948)) - Added filter static_user_filter (class=org.apache.hadoop.http.lib.StaticUserWebFilter$StaticUserFilter) to context hddsDatanode
2019-07-13 07:49:50,305 INFO  http.HttpServer2 (HttpServer2.java:addFilter(958)) - Added filter static_user_filter (class=org.apache.hadoop.http.lib.StaticUserWebFilter$StaticUserFilter) to context static
2019-07-13 07:49:50,305 INFO  http.HttpServer2 (HttpServer2.java:addFilter(958)) - Added filter static_user_filter (class=org.apache.hadoop.http.lib.StaticUserWebFilter$StaticUserFilter) to context logs
2019-07-13 07:49:50,306 INFO  http.HttpServer2 (HttpServer2.java:bindListener(1191)) - Jetty bound to port 40837
2019-07-13 07:49:50,306 INFO  server.Server (Server.java:doStart(351)) - jetty-9.3.24.v20180605, build timestamp: 2018-06-05T17:11:56Z, git hash: 84205aa28f11a4f31f2a3b86d1bba2cc8ab69827
2019-07-13 07:49:50,308 INFO  handler.ContextHandler (ContextHandler.java:doStart(781)) - Started o.e.j.s.ServletContextHandler@718989fa{/logs,file:///tmp/workdir/hadoop-ozone/integration-test/target/log,AVAILABLE}
2019-07-13 07:49:50,308 INFO  handler.ContextHandler (ContextHandler.java:doStart(781)) - Started o.e.j.s.ServletContextHandler@6568f998{/static,jar:file:/home/user/.m2/repository/org/apache/hadoop/hadoop-hdds-container-service/0.5.0-SNAPSHOT/hadoop-hdds-container-service-0.5.0-SNAPSHOT.jar!/webapps/static,AVAILABLE}
2019-07-13 07:49:50,336 INFO  handler.ContextHandler (ContextHandler.java:doStart(781)) - Started o.e.j.w.WebAppContext@448ade1{/,file:///tmp/jetty-0.0.0.0-40837-hddsDatanode-_-any-508092733728120687.dir/webapp/,AVAILABLE}{/hddsDatanode}
2019-07-13 07:49:50,336 INFO  server.AbstractConnector (AbstractConnector.java:doStart(278)) - Started ServerConnector@21f9c6ea{HTTP/1.1,[http/1.1]}{0.0.0.0:40837}
2019-07-13 07:49:50,337 INFO  server.Server (Server.java:doStart(419)) - Started @7340ms
2019-07-13 07:49:50,338 INFO  server.BaseHttpServer (BaseHttpServer.java:updateConnectorAddress(207)) - HTTP server of HDDSDATANODE is listening at http://0.0.0.0:40837
2019-07-13 07:49:50,463 INFO  ozone.HddsDatanodeService (HddsDatanodeService.java:startPlugins(396)) - Started plug-in org.apache.hadoop.ozone.web.OzoneHddsDatanodeService@112c2930
2019-07-13 07:49:50,466 INFO  ozone.MiniOzoneClusterImpl (MiniOzoneClusterImpl.java:lambda$waitForClusterToBeReady$0(142)) - Waiting for cluster to be ready. Got 0 of 7 DN Heartbeats.
2019-07-13 07:49:50,467 INFO  util.JvmPauseMonitor (JvmPauseMonitor.java:run(188)) - Starting JVM pause monitor
2019-07-13 07:49:50,470 INFO  datanode.InitDatanodeState (InitDatanodeState.java:persistContainerDatanodeDetails(140)) - DatanodeDetails is persisted to /tmp/workdir/hadoop-ozone/integration-test/target/test-dir/MiniOzoneClusterImpl-b19d29cb-d84c-40b6-9e92-1c9c997984fb/datanode-6/meta/datanode.id
2019-07-13 07:49:51,236 INFO  ozoneimpl.OzoneContainer (OzoneContainer.java:start(186)) - Attempting to start container services.
2019-07-13 07:49:51,238 INFO  ozoneimpl.OzoneContainer (OzoneContainer.java:startContainerScrub(160)) - Background container scrubber has been disabled by hdds.containerscrub.enabled
2019-07-13 07:49:51,238 INFO  ratis.XceiverServerRatis (XceiverServerRatis.java:start(418)) - Starting XceiverServerRatis 20e42339-5a36-4fe0-801d-4f9d19ea02b6 at port 0
2019-07-13 07:49:51,259 INFO  impl.RaftServerProxy (RaftServerProxy.java:lambda$start$3(299)) - 20e42339-5a36-4fe0-801d-4f9d19ea02b6: start RPC server
2019-07-13 07:49:51,387 INFO  server.GrpcService (GrpcService.java:startImpl(149)) - 20e42339-5a36-4fe0-801d-4f9d19ea02b6: GrpcService started, listening on 0.0.0.0/0.0.0.0:45219
2019-07-13 07:49:51,388 INFO  ratis.XceiverServerRatis (XceiverServerRatis.java:start(428)) - XceiverServerRatis 20e42339-5a36-4fe0-801d-4f9d19ea02b6 is started using port 45219
2019-07-13 07:49:51,390 INFO  server.XceiverServerGrpc (XceiverServerGrpc.java:start(161)) - XceiverServerGrpc 20e42339-5a36-4fe0-801d-4f9d19ea02b6 is started using port 37198
2019-07-13 07:49:51,466 INFO  ozone.MiniOzoneClusterImpl (MiniOzoneClusterImpl.java:lambda$waitForClusterToBeReady$0(142)) - Waiting for cluster to be ready. Got 0 of 7 DN Heartbeats.
2019-07-13 07:49:51,471 INFO  ozoneimpl.OzoneContainer (OzoneContainer.java:start(186)) - Attempting to start container services.
2019-07-13 07:49:51,474 INFO  ozoneimpl.OzoneContainer (OzoneContainer.java:startContainerScrub(160)) - Background container scrubber has been disabled by hdds.containerscrub.enabled
2019-07-13 07:49:51,474 INFO  ratis.XceiverServerRatis (XceiverServerRatis.java:start(418)) - Starting XceiverServerRatis 90dde012-7c03-4ea7-9c76-bbd308b6173a at port 0
2019-07-13 07:49:51,483 INFO  impl.RaftServerProxy (RaftServerProxy.java:lambda$start$3(299)) - 90dde012-7c03-4ea7-9c76-bbd308b6173a: start RPC server
2019-07-13 07:49:51,486 INFO  server.GrpcService (GrpcService.java:startImpl(149)) - 90dde012-7c03-4ea7-9c76-bbd308b6173a: GrpcService started, listening on 0.0.0.0/0.0.0.0:45890
2019-07-13 07:49:51,487 INFO  ratis.XceiverServerRatis (XceiverServerRatis.java:start(428)) - XceiverServerRatis 90dde012-7c03-4ea7-9c76-bbd308b6173a is started using port 45890
2019-07-13 07:49:51,489 INFO  server.XceiverServerGrpc (XceiverServerGrpc.java:start(161)) - XceiverServerGrpc 90dde012-7c03-4ea7-9c76-bbd308b6173a is started using port 32772
2019-07-13 07:49:51,660 INFO  ozoneimpl.OzoneContainer (OzoneContainer.java:start(186)) - Attempting to start container services.
2019-07-13 07:49:51,664 INFO  ozoneimpl.OzoneContainer (OzoneContainer.java:startContainerScrub(160)) - Background container scrubber has been disabled by hdds.containerscrub.enabled
2019-07-13 07:49:51,665 INFO  ratis.XceiverServerRatis (XceiverServerRatis.java:start(418)) - Starting XceiverServerRatis a8e5ea73-aae2-420e-8ceb-bdcb3846e092 at port 0
2019-07-13 07:49:51,672 INFO  impl.RaftServerProxy (RaftServerProxy.java:lambda$start$3(299)) - a8e5ea73-aae2-420e-8ceb-bdcb3846e092: start RPC server
2019-07-13 07:49:51,675 INFO  server.GrpcService (GrpcService.java:startImpl(149)) - a8e5ea73-aae2-420e-8ceb-bdcb3846e092: GrpcService started, listening on 0.0.0.0/0.0.0.0:44966
2019-07-13 07:49:51,675 INFO  ratis.XceiverServerRatis (XceiverServerRatis.java:start(428)) - XceiverServerRatis a8e5ea73-aae2-420e-8ceb-bdcb3846e092 is started using port 44966
2019-07-13 07:49:51,678 INFO  server.XceiverServerGrpc (XceiverServerGrpc.java:start(161)) - XceiverServerGrpc a8e5ea73-aae2-420e-8ceb-bdcb3846e092 is started using port 39031
2019-07-13 07:49:51,842 INFO  ozoneimpl.OzoneContainer (OzoneContainer.java:start(186)) - Attempting to start container services.
2019-07-13 07:49:51,842 INFO  ozoneimpl.OzoneContainer (OzoneContainer.java:startContainerScrub(160)) - Background container scrubber has been disabled by hdds.containerscrub.enabled
2019-07-13 07:49:51,842 INFO  ratis.XceiverServerRatis (XceiverServerRatis.java:start(418)) - Starting XceiverServerRatis 65562a4b-7d90-421d-8806-cc1c3bd48af7 at port 0
2019-07-13 07:49:51,852 INFO  impl.RaftServerProxy (RaftServerProxy.java:lambda$start$3(299)) - 65562a4b-7d90-421d-8806-cc1c3bd48af7: start RPC server
2019-07-13 07:49:51,856 INFO  server.GrpcService (GrpcService.java:startImpl(149)) - 65562a4b-7d90-421d-8806-cc1c3bd48af7: GrpcService started, listening on 0.0.0.0/0.0.0.0:44640
2019-07-13 07:49:51,856 INFO  ratis.XceiverServerRatis (XceiverServerRatis.java:start(428)) - XceiverServerRatis 65562a4b-7d90-421d-8806-cc1c3bd48af7 is started using port 44640
2019-07-13 07:49:51,861 INFO  server.XceiverServerGrpc (XceiverServerGrpc.java:start(161)) - XceiverServerGrpc 65562a4b-7d90-421d-8806-cc1c3bd48af7 is started using port 35476
2019-07-13 07:49:52,030 INFO  ozoneimpl.OzoneContainer (OzoneContainer.java:start(186)) - Attempting to start container services.
2019-07-13 07:49:52,030 INFO  ozoneimpl.OzoneContainer (OzoneContainer.java:startContainerScrub(160)) - Background container scrubber has been disabled by hdds.containerscrub.enabled
2019-07-13 07:49:52,031 INFO  ratis.XceiverServerRatis (XceiverServerRatis.java:start(418)) - Starting XceiverServerRatis b67726a8-d577-409c-a2e5-78c5cc7f838c at port 0
2019-07-13 07:49:52,041 INFO  impl.RaftServerProxy (RaftServerProxy.java:lambda$start$3(299)) - b67726a8-d577-409c-a2e5-78c5cc7f838c: start RPC server
2019-07-13 07:49:52,045 INFO  server.GrpcService (GrpcService.java:startImpl(149)) - b67726a8-d577-409c-a2e5-78c5cc7f838c: GrpcService started, listening on 0.0.0.0/0.0.0.0:39483
2019-07-13 07:49:52,046 INFO  ratis.XceiverServerRatis (XceiverServerRatis.java:start(428)) - XceiverServerRatis b67726a8-d577-409c-a2e5-78c5cc7f838c is started using port 39483
2019-07-13 07:49:52,049 INFO  server.XceiverServerGrpc (XceiverServerGrpc.java:start(161)) - XceiverServerGrpc b67726a8-d577-409c-a2e5-78c5cc7f838c is started using port 41759
2019-07-13 07:49:52,218 INFO  ozoneimpl.OzoneContainer (OzoneContainer.java:start(186)) - Attempting to start container services.
2019-07-13 07:49:52,218 INFO  ozoneimpl.OzoneContainer (OzoneContainer.java:startContainerScrub(160)) - Background container scrubber has been disabled by hdds.containerscrub.enabled
2019-07-13 07:49:52,218 INFO  ratis.XceiverServerRatis (XceiverServerRatis.java:start(418)) - Starting XceiverServerRatis c4f0e421-8083-4827-aa3d-30282f3dd7d5 at port 0
2019-07-13 07:49:52,229 INFO  impl.RaftServerProxy (RaftServerProxy.java:lambda$start$3(299)) - c4f0e421-8083-4827-aa3d-30282f3dd7d5: start RPC server
2019-07-13 07:49:52,233 INFO  server.GrpcService (GrpcService.java:startImpl(149)) - c4f0e421-8083-4827-aa3d-30282f3dd7d5: GrpcService started, listening on 0.0.0.0/0.0.0.0:42248
2019-07-13 07:49:52,234 INFO  ratis.XceiverServerRatis (XceiverServerRatis.java:start(428)) - XceiverServerRatis c4f0e421-8083-4827-aa3d-30282f3dd7d5 is started using port 42248
2019-07-13 07:49:52,237 INFO  server.XceiverServerGrpc (XceiverServerGrpc.java:start(161)) - XceiverServerGrpc c4f0e421-8083-4827-aa3d-30282f3dd7d5 is started using port 38489
2019-07-13 07:49:52,468 INFO  ozone.MiniOzoneClusterImpl (MiniOzoneClusterImpl.java:lambda$waitForClusterToBeReady$0(142)) - Waiting for cluster to be ready. Got 0 of 7 DN Heartbeats.
2019-07-13 07:49:52,486 INFO  ozoneimpl.OzoneContainer (OzoneContainer.java:start(186)) - Attempting to start container services.
2019-07-13 07:49:52,486 INFO  ozoneimpl.OzoneContainer (OzoneContainer.java:startContainerScrub(160)) - Background container scrubber has been disabled by hdds.containerscrub.enabled
2019-07-13 07:49:52,486 INFO  ratis.XceiverServerRatis (XceiverServerRatis.java:start(418)) - Starting XceiverServerRatis 53e4d6b2-2f0c-49c6-b64d-6c13996e2007 at port 0
2019-07-13 07:49:52,497 INFO  impl.RaftServerProxy (RaftServerProxy.java:lambda$start$3(299)) - 53e4d6b2-2f0c-49c6-b64d-6c13996e2007: start RPC server
2019-07-13 07:49:52,501 INFO  server.GrpcService (GrpcService.java:startImpl(149)) - 53e4d6b2-2f0c-49c6-b64d-6c13996e2007: GrpcService started, listening on 0.0.0.0/0.0.0.0:35567
2019-07-13 07:49:52,502 INFO  ratis.XceiverServerRatis (XceiverServerRatis.java:start(428)) - XceiverServerRatis 53e4d6b2-2f0c-49c6-b64d-6c13996e2007 is started using port 35567
2019-07-13 07:49:52,506 INFO  server.XceiverServerGrpc (XceiverServerGrpc.java:start(161)) - XceiverServerGrpc 53e4d6b2-2f0c-49c6-b64d-6c13996e2007 is started using port 35220
2019-07-13 07:49:53,229 INFO  net.NetworkTopology (NetworkTopologyImpl.java:add(110)) - Added a new node: /default-rack/192.168.69.84
2019-07-13 07:49:53,230 INFO  node.SCMNodeManager (SCMNodeManager.java:register(269)) - Registered Data node : 20e42339-5a36-4fe0-801d-4f9d19ea02b6{ip: 192.168.69.84, host: trunk-nightly-9lh4p-2362225927, networkLocation: /default-rack, certSerialId: null}
2019-07-13 07:49:53,238 INFO  safemode.SCMSafeModeManager (DataNodeSafeModeRule.java:process(71)) - SCM in safe mode. 1 DataNodes registered, 1 required.
2019-07-13 07:49:53,238 INFO  safemode.SCMSafeModeManager (SCMSafeModeManager.java:validateSafeModeExitRules(177)) - ScmSafeModeManager, all rules are successfully validated
2019-07-13 07:49:53,238 INFO  safemode.SCMSafeModeManager (SCMSafeModeManager.java:exitSafeMode(193)) - SCM exiting safe mode.
2019-07-13 07:49:53,458 INFO  node.SCMNodeManager (SCMNodeManager.java:register(269)) - Registered Data node : 90dde012-7c03-4ea7-9c76-bbd308b6173a{ip: 192.168.69.84, host: trunk-nightly-9lh4p-2362225927, networkLocation: /default-rack, certSerialId: null}
2019-07-13 07:49:53,469 INFO  ozone.MiniOzoneClusterImpl (MiniOzoneClusterImpl.java:lambda$waitForClusterToBeReady$0(142)) - Waiting for cluster to be ready. Got 2 of 7 DN Heartbeats.
2019-07-13 07:49:53,647 INFO  node.SCMNodeManager (SCMNodeManager.java:register(269)) - Registered Data node : a8e5ea73-aae2-420e-8ceb-bdcb3846e092{ip: 192.168.69.84, host: trunk-nightly-9lh4p-2362225927, networkLocation: /default-rack, certSerialId: null}
2019-07-13 07:49:54,164 INFO  node.SCMNodeManager (SCMNodeManager.java:register(269)) - Registered Data node : b67726a8-d577-409c-a2e5-78c5cc7f838c{ip: 192.168.69.84, host: trunk-nightly-9lh4p-2362225927, networkLocation: /default-rack, certSerialId: null}
2019-07-13 07:49:54,164 INFO  node.SCMNodeManager (SCMNodeManager.java:register(269)) - Registered Data node : 65562a4b-7d90-421d-8806-cc1c3bd48af7{ip: 192.168.69.84, host: trunk-nightly-9lh4p-2362225927, networkLocation: /default-rack, certSerialId: null}
2019-07-13 07:49:54,191 INFO  impl.RaftServerProxy (RaftServerProxy.java:addNew(89)) - 20e42339-5a36-4fe0-801d-4f9d19ea02b6: addNew group-ACDAB7A38BB8:[20e42339-5a36-4fe0-801d-4f9d19ea02b6:192.168.69.84:45219] returns group-ACDAB7A38BB8:java.util.concurrent.CompletableFuture@71ac5c89[Not completed]
2019-07-13 07:49:54,205 INFO  node.SCMNodeManager (SCMNodeManager.java:register(269)) - Registered Data node : c4f0e421-8083-4827-aa3d-30282f3dd7d5{ip: 192.168.69.84, host: trunk-nightly-9lh4p-2362225927, networkLocation: /default-rack, certSerialId: null}
2019-07-13 07:49:54,210 INFO  impl.RaftServerImpl (RaftServerImpl.java:<init>(93)) - 20e42339-5a36-4fe0-801d-4f9d19ea02b6: new RaftServerImpl for group-ACDAB7A38BB8:[20e42339-5a36-4fe0-801d-4f9d19ea02b6:192.168.69.84:45219] with ContainerStateMachine:uninitialized
2019-07-13 07:49:54,212 INFO  server.RaftServerConfigKeys (ConfUtils.java:logGet(43)) - raft.server.rpc.timeout.min = 5s (custom)
2019-07-13 07:49:54,214 INFO  server.RaftServerConfigKeys (ConfUtils.java:logGet(43)) - raft.server.rpc.timeout.max = 5200ms (custom)
2019-07-13 07:49:54,214 INFO  server.RaftServerConfigKeys (ConfUtils.java:logGet(43)) - raft.server.rpcslowness.timeout = 120s (custom)
2019-07-13 07:49:54,215 INFO  server.RaftServerConfigKeys (ConfUtils.java:logGet(43)) - raft.server.sleep.deviation.threshold = 300 (default)
2019-07-13 07:49:54,216 INFO  server.RaftServerConfigKeys (ConfUtils.java:logGet(43)) - raft.server.log.appender.install.snapshot.enabled = false (custom)
2019-07-13 07:49:54,226 INFO  impl.RaftServerImpl (ServerState.java:<init>(105)) - 20e42339-5a36-4fe0-801d-4f9d19ea02b6:group-ACDAB7A38BB8 ConfigurationManager, init=-1: [20e42339-5a36-4fe0-801d-4f9d19ea02b6:192.168.69.84:45219], old=null, confs=<EMPTY_MAP>
2019-07-13 07:49:54,226 INFO  server.RaftServerConfigKeys (ConfUtils.java:logGet(43)) - raft.server.storage.dir = [/tmp/workdir/hadoop-ozone/integration-test/target/test-dir/MiniOzoneClusterImpl-b19d29cb-d84c-40b6-9e92-1c9c997984fb/datanode-0/data/ratis] (custom)
2019-07-13 07:49:54,237 INFO  storage.RaftStorageDirectory (RaftStorageDirectory.java:analyzeStorage(246)) - The storage directory /tmp/workdir/hadoop-ozone/integration-test/target/test-dir/MiniOzoneClusterImpl-b19d29cb-d84c-40b6-9e92-1c9c997984fb/datanode-0/data/ratis/f0138589-4132-48f4-97ce-acdab7a38bb8 does not exist. Creating ...
2019-07-13 07:49:54,255 INFO  storage.RaftStorageDirectory (RaftStorageDirectory.java:tryLock(328)) - Lock on /tmp/workdir/hadoop-ozone/integration-test/target/test-dir/MiniOzoneClusterImpl-b19d29cb-d84c-40b6-9e92-1c9c997984fb/datanode-0/data/ratis/f0138589-4132-48f4-97ce-acdab7a38bb8/in_use.lock acquired by nodename 26340@trunk-nightly-9lh4p-2362225927
2019-07-13 07:49:54,270 INFO  storage.RaftStorage (RaftStorage.java:format(72)) - Storage directory /tmp/workdir/hadoop-ozone/integration-test/target/test-dir/MiniOzoneClusterImpl-b19d29cb-d84c-40b6-9e92-1c9c997984fb/datanode-0/data/ratis/f0138589-4132-48f4-97ce-acdab7a38bb8 has been successfully formatted.
2019-07-13 07:49:54,273 INFO  ratis.ContainerStateMachine (ContainerStateMachine.java:loadSnapshot(200)) - The snapshot info is null.Setting the last applied index to:(t:0, i:~)
2019-07-13 07:49:54,273 INFO  server.RaftServerConfigKeys (ConfUtils.java:logGet(43)) - raft.server.leader.election.timeout = 120s (custom)
2019-07-13 07:49:54,275 INFO  server.RaftServerConfigKeys (ConfUtils.java:logGet(43)) - raft.server.log.use.memory = false (default)
2019-07-13 07:49:54,281 INFO  server.RaftServerConfigKeys (ConfUtils.java:logGet(43)) - raft.server.log.purge.gap = 1000000000 (custom)
2019-07-13 07:49:54,281 INFO  server.RaftServerConfigKeys (ConfUtils.java:logGet(43)) - raft.server.log.appender.buffer.byte-limit = 33554432 (custom)
2019-07-13 07:49:54,283 INFO  server.RaftServerConfigKeys (ConfUtils.java:logGet(43)) - raft.server.log.segment.size.max = 1048576 (custom)
2019-07-13 07:49:54,287 INFO  server.RaftServerConfigKeys (ConfUtils.java:logGet(43)) - raft.server.log.segment.cache.num.max = 2 (custom)
2019-07-13 07:49:54,292 INFO  segmented.SegmentedRaftLogWorker (SegmentedRaftLogWorker.java:<init>(172)) - new 20e42339-5a36-4fe0-801d-4f9d19ea02b6-SegmentedRaftLogWorker:Storage Directory /tmp/workdir/hadoop-ozone/integration-test/target/test-dir/MiniOzoneClusterImpl-b19d29cb-d84c-40b6-9e92-1c9c997984fb/datanode-0/data/ratis/f0138589-4132-48f4-97ce-acdab7a38bb8 for RaftStorage:Storage Directory /tmp/workdir/hadoop-ozone/integration-test/target/test-dir/MiniOzoneClusterImpl-b19d29cb-d84c-40b6-9e92-1c9c997984fb/datanode-0/data/ratis/f0138589-4132-48f4-97ce-acdab7a38bb8
2019-07-13 07:49:54,303 INFO  server.RaftServerConfigKeys (ConfUtils.java:logGet(43)) - raft.server.log.queue.byte-limit = 2147483647 (custom)
2019-07-13 07:49:54,304 INFO  server.RaftServerConfigKeys (ConfUtils.java:logGet(43)) - raft.server.log.queue.element-limit = 1024 (custom)
2019-07-13 07:49:54,308 INFO  server.RaftServerConfigKeys (ConfUtils.java:logGet(43)) - raft.server.log.segment.size.max = 1048576 (custom)
2019-07-13 07:49:54,308 INFO  server.RaftServerConfigKeys (ConfUtils.java:logGet(43)) - raft.server.log.preallocated.size = 16384 (custom)
2019-07-13 07:49:54,309 INFO  server.RaftServerConfigKeys (ConfUtils.java:logGet(43)) - raft.server.log.write.buffer.size = 33554432 (custom)
2019-07-13 07:49:54,309 INFO  server.RaftServerConfigKeys (ConfUtils.java:logGet(43)) - raft.server.log.force.sync.num = 128 (default)
2019-07-13 07:49:54,310 INFO  server.RaftServerConfigKeys (ConfUtils.java:logGet(43)) - raft.server.log.statemachine.data.sync = true (default)
2019-07-13 07:49:54,310 INFO  server.RaftServerConfigKeys (ConfUtils.java:logGet(43)) - raft.server.log.statemachine.data.sync.timeout = 10s (default)
2019-07-13 07:49:54,311 INFO  server.RaftServerConfigKeys (ConfUtils.java:logGet(43)) - raft.server.log.statemachine.data.sync.timeout.retry = -1 (default)
2019-07-13 07:49:54,319 INFO  server.RaftServerConfigKeys (ConfUtils.java:logGet(43)) - raft.server.log.statemachine.data.caching.enabled = true (custom)
2019-07-13 07:49:54,323 INFO  segmented.SegmentedRaftLogWorker (SegmentedRaftLogWorker.java:lambda$new$0(132)) - 20e42339-5a36-4fe0-801d-4f9d19ea02b6-SegmentedRaftLogWorker:Storage Directory /tmp/workdir/hadoop-ozone/integration-test/target/test-dir/MiniOzoneClusterImpl-b19d29cb-d84c-40b6-9e92-1c9c997984fb/datanode-0/data/ratis/f0138589-4132-48f4-97ce-acdab7a38bb8: flushIndex: setUnconditionally 0 -> -1
2019-07-13 07:49:54,327 INFO  server.RaftServerConfigKeys (ConfUtils.java:logGet(43)) - raft.server.snapshot.auto.trigger.enabled = true (custom)
2019-07-13 07:49:54,328 INFO  server.RaftServerConfigKeys (ConfUtils.java:logGet(43)) - raft.server.snapshot.auto.trigger.threshold = 10000 (custom)
2019-07-13 07:49:54,328 INFO  server.RaftServerConfigKeys (ConfUtils.java:logGet(43)) - raft.server.retrycache.expirytime = 600000ms (custom)
2019-07-13 07:49:54,347 INFO  impl.RaftServerImpl (RaftServerImpl.java:start(180)) - 20e42339-5a36-4fe0-801d-4f9d19ea02b6: start group-ACDAB7A38BB8
2019-07-13 07:49:54,348 INFO  impl.RaftServerImpl (RaftServerImpl.java:setRole(171)) - 20e42339-5a36-4fe0-801d-4f9d19ea02b6:group-ACDAB7A38BB8 changes role from null to FOLLOWER at term 0 for startAsFollower
2019-07-13 07:49:54,349 INFO  impl.RoleInfo (RoleInfo.java:updateAndGet(143)) - 20e42339-5a36-4fe0-801d-4f9d19ea02b6: start FollowerState
2019-07-13 07:49:54,351 INFO  util.JmxRegister (JmxRegister.java:tryRegister(44)) - Successfully registered JMX Bean with object name Ratis:service=RaftServer,group=group-ACDAB7A38BB8,id=20e42339-5a36-4fe0-801d-4f9d19ea02b6
2019-07-13 07:49:54,407 INFO  pipeline.PipelineStateManager (PipelineStateManager.java:addPipeline(56)) - Created pipeline Pipeline[ Id: f0138589-4132-48f4-97ce-acdab7a38bb8, Nodes: 20e42339-5a36-4fe0-801d-4f9d19ea02b6{ip: 192.168.69.84, host: trunk-nightly-9lh4p-2362225927, networkLocation: /default-rack, certSerialId: null}, Type:RATIS, Factor:ONE, State:OPEN]
2019-07-13 07:49:54,435 INFO  impl.RaftServerProxy (RaftServerProxy.java:addNew(89)) - 90dde012-7c03-4ea7-9c76-bbd308b6173a: addNew group-3C7F9AB90BCF:[90dde012-7c03-4ea7-9c76-bbd308b6173a:192.168.69.84:45890] returns group-3C7F9AB90BCF:java.util.concurrent.CompletableFuture@1fb6a796[Not completed]
2019-07-13 07:49:54,473 INFO  ozone.MiniOzoneClusterImpl (MiniOzoneClusterImpl.java:lambda$waitForClusterToBeReady$0(142)) - Waiting for cluster to be ready. Got 6 of 7 DN Heartbeats.
2019-07-13 07:49:54,473 INFO  impl.RaftServerImpl (RaftServerImpl.java:<init>(93)) - 90dde012-7c03-4ea7-9c76-bbd308b6173a: new RaftServerImpl for group-3C7F9AB90BCF:[90dde012-7c03-4ea7-9c76-bbd308b6173a:192.168.69.84:45890] with ContainerStateMachine:uninitialized
2019-07-13 07:49:54,475 INFO  server.RaftServerConfigKeys (ConfUtils.java:logGet(43)) - raft.server.rpc.timeout.min = 5s (custom)
2019-07-13 07:49:54,476 INFO  server.RaftServerConfigKeys (ConfUtils.java:logGet(43)) - raft.server.rpc.timeout.max = 5200ms (custom)
2019-07-13 07:49:54,476 INFO  server.RaftServerConfigKeys (ConfUtils.java:logGet(43)) - raft.server.rpcslowness.timeout = 120s (custom)
2019-07-13 07:49:54,476 INFO  server.RaftServerConfigKeys (ConfUtils.java:logGet(43)) - raft.server.sleep.deviation.threshold = 300 (default)
2019-07-13 07:49:54,476 INFO  server.RaftServerConfigKeys (ConfUtils.java:logGet(43)) - raft.server.log.appender.install.snapshot.enabled = false (custom)
2019-07-13 07:49:54,476 INFO  impl.RaftServerImpl (ServerState.java:<init>(105)) - 90dde012-7c03-4ea7-9c76-bbd308b6173a:group-3C7F9AB90BCF ConfigurationManager, init=-1: [90dde012-7c03-4ea7-9c76-bbd308b6173a:192.168.69.84:45890], old=null, confs=<EMPTY_MAP>
2019-07-13 07:49:54,476 INFO  server.RaftServerConfigKeys (ConfUtils.java:logGet(43)) - raft.server.storage.dir = [/tmp/workdir/hadoop-ozone/integration-test/target/test-dir/MiniOzoneClusterImpl-b19d29cb-d84c-40b6-9e92-1c9c997984fb/datanode-1/data/ratis] (custom)
2019-07-13 07:49:54,477 INFO  node.SCMNodeManager (SCMNodeManager.java:register(269)) - Registered Data node : 53e4d6b2-2f0c-49c6-b64d-6c13996e2007{ip: 192.168.69.84, host: trunk-nightly-9lh4p-2362225927, networkLocation: /default-rack, certSerialId: null}
2019-07-13 07:49:54,477 INFO  storage.RaftStorageDirectory (RaftStorageDirectory.java:analyzeStorage(246)) - The storage directory /tmp/workdir/hadoop-ozone/integration-test/target/test-dir/MiniOzoneClusterImpl-b19d29cb-d84c-40b6-9e92-1c9c997984fb/datanode-1/data/ratis/5b7e1273-0336-48c6-9556-3c7f9ab90bcf does not exist. Creating ...
2019-07-13 07:49:54,491 INFO  storage.RaftStorageDirectory (RaftStorageDirectory.java:tryLock(328)) - Lock on /tmp/workdir/hadoop-ozone/integration-test/target/test-dir/MiniOzoneClusterImpl-b19d29cb-d84c-40b6-9e92-1c9c997984fb/datanode-1/data/ratis/5b7e1273-0336-48c6-9556-3c7f9ab90bcf/in_use.lock acquired by nodename 26340@trunk-nightly-9lh4p-2362225927
2019-07-13 07:49:54,505 INFO  storage.RaftStorage (RaftStorage.java:format(72)) - Storage directory /tmp/workdir/hadoop-ozone/integration-test/target/test-dir/MiniOzoneClusterImpl-b19d29cb-d84c-40b6-9e92-1c9c997984fb/datanode-1/data/ratis/5b7e1273-0336-48c6-9556-3c7f9ab90bcf has been successfully formatted.
2019-07-13 07:49:54,507 INFO  ratis.ContainerStateMachine (ContainerStateMachine.java:loadSnapshot(200)) - The snapshot info is null.Setting the last applied index to:(t:0, i:~)
2019-07-13 07:49:54,512 INFO  server.RaftServerConfigKeys (ConfUtils.java:logGet(43)) - raft.server.leader.election.timeout = 120s (custom)
2019-07-13 07:49:54,512 INFO  server.RaftServerConfigKeys (ConfUtils.java:logGet(43)) - raft.server.log.use.memory = false (default)
2019-07-13 07:49:54,512 INFO  server.RaftServerConfigKeys (ConfUtils.java:logGet(43)) - raft.server.log.purge.gap = 1000000000 (custom)
2019-07-13 07:49:54,512 INFO  server.RaftServerConfigKeys (ConfUtils.java:logGet(43)) - raft.server.log.appender.buffer.byte-limit = 33554432 (custom)
2019-07-13 07:49:54,512 INFO  server.RaftServerConfigKeys (ConfUtils.java:logGet(43)) - raft.server.log.segment.size.max = 1048576 (custom)
2019-07-13 07:49:54,512 INFO  server.RaftServerConfigKeys (ConfUtils.java:logGet(43)) - raft.server.log.segment.cache.num.max = 2 (custom)
2019-07-13 07:49:54,513 INFO  segmented.SegmentedRaftLogWorker (SegmentedRaftLogWorker.java:<init>(172)) - new 90dde012-7c03-4ea7-9c76-bbd308b6173a-SegmentedRaftLogWorker:Storage Directory /tmp/workdir/hadoop-ozone/integration-test/target/test-dir/MiniOzoneClusterImpl-b19d29cb-d84c-40b6-9e92-1c9c997984fb/datanode-1/data/ratis/5b7e1273-0336-48c6-9556-3c7f9ab90bcf for RaftStorage:Storage Directory /tmp/workdir/hadoop-ozone/integration-test/target/test-dir/MiniOzoneClusterImpl-b19d29cb-d84c-40b6-9e92-1c9c997984fb/datanode-1/data/ratis/5b7e1273-0336-48c6-9556-3c7f9ab90bcf
2019-07-13 07:49:54,514 INFO  server.RaftServerConfigKeys (ConfUtils.java:logGet(43)) - raft.server.log.queue.byte-limit = 2147483647 (custom)
2019-07-13 07:49:54,514 INFO  server.RaftServerConfigKeys (ConfUtils.java:logGet(43)) - raft.server.log.queue.element-limit = 1024 (custom)
2019-07-13 07:49:54,514 INFO  server.RaftServerConfigKeys (ConfUtils.java:logGet(43)) - raft.server.log.segment.size.max = 1048576 (custom)
2019-07-13 07:49:54,514 INFO  server.RaftServerConfigKeys (ConfUtils.java:logGet(43)) - raft.server.log.preallocated.size = 16384 (custom)
2019-07-13 07:49:54,514 INFO  server.RaftServerConfigKeys (ConfUtils.java:logGet(43)) - raft.server.log.write.buffer.size = 33554432 (custom)
2019-07-13 07:49:54,515 INFO  server.RaftServerConfigKeys (ConfUtils.java:logGet(43)) - raft.server.log.force.sync.num = 128 (default)
2019-07-13 07:49:54,515 INFO  server.RaftServerConfigKeys (ConfUtils.java:logGet(43)) - raft.server.log.statemachine.data.sync = true (default)
2019-07-13 07:49:54,515 INFO  server.RaftServerConfigKeys (ConfUtils.java:logGet(43)) - raft.server.log.statemachine.data.sync.timeout = 10s (default)
2019-07-13 07:49:54,515 INFO  server.RaftServerConfigKeys (ConfUtils.java:logGet(43)) - raft.server.log.statemachine.data.sync.timeout.retry = -1 (default)
2019-07-13 07:49:54,516 INFO  server.RaftServerConfigKeys (ConfUtils.java:logGet(43)) - raft.server.log.statemachine.data.caching.enabled = true (custom)
2019-07-13 07:49:54,516 INFO  segmented.SegmentedRaftLogWorker (SegmentedRaftLogWorker.java:lambda$new$0(132)) - 90dde012-7c03-4ea7-9c76-bbd308b6173a-SegmentedRaftLogWorker:Storage Directory /tmp/workdir/hadoop-ozone/integration-test/target/test-dir/MiniOzoneClusterImpl-b19d29cb-d84c-40b6-9e92-1c9c997984fb/datanode-1/data/ratis/5b7e1273-0336-48c6-9556-3c7f9ab90bcf: flushIndex: setUnconditionally 0 -> -1
2019-07-13 07:49:54,516 INFO  server.RaftServerConfigKeys (ConfUtils.java:logGet(43)) - raft.server.snapshot.auto.trigger.enabled = true (custom)
2019-07-13 07:49:54,516 INFO  server.RaftServerConfigKeys (ConfUtils.java:logGet(43)) - raft.server.snapshot.auto.trigger.threshold = 10000 (custom)
2019-07-13 07:49:54,517 INFO  server.RaftServerConfigKeys (ConfUtils.java:logGet(43)) - raft.server.retrycache.expirytime = 600000ms (custom)
2019-07-13 07:49:54,517 INFO  impl.RaftServerImpl (RaftServerImpl.java:start(180)) - 90dde012-7c03-4ea7-9c76-bbd308b6173a: start group-3C7F9AB90BCF
2019-07-13 07:49:54,517 INFO  impl.RaftServerImpl (RaftServerImpl.java:setRole(171)) - 90dde012-7c03-4ea7-9c76-bbd308b6173a:group-3C7F9AB90BCF changes role from null to FOLLOWER at term 0 for startAsFollower
2019-07-13 07:49:54,517 INFO  impl.RoleInfo (RoleInfo.java:updateAndGet(143)) - 90dde012-7c03-4ea7-9c76-bbd308b6173a: start FollowerState
2019-07-13 07:49:54,519 INFO  util.JmxRegister (JmxRegister.java:tryRegister(44)) - Successfully registered JMX Bean with object name Ratis:service=RaftServer,group=group-3C7F9AB90BCF,id=90dde012-7c03-4ea7-9c76-bbd308b6173a
2019-07-13 07:49:54,531 INFO  pipeline.PipelineStateManager (PipelineStateManager.java:addPipeline(56)) - Created pipeline Pipeline[ Id: 5b7e1273-0336-48c6-9556-3c7f9ab90bcf, Nodes: 90dde012-7c03-4ea7-9c76-bbd308b6173a{ip: 192.168.69.84, host: trunk-nightly-9lh4p-2362225927, networkLocation: /default-rack, certSerialId: null}, Type:RATIS, Factor:ONE, State:OPEN]
2019-07-13 07:49:54,553 INFO  impl.RaftServerProxy (RaftServerProxy.java:addNew(89)) - b67726a8-d577-409c-a2e5-78c5cc7f838c: addNew group-73E8EA76418A:[b67726a8-d577-409c-a2e5-78c5cc7f838c:192.168.69.84:39483] returns group-73E8EA76418A:java.util.concurrent.CompletableFuture@33022e17[Not completed]
2019-07-13 07:49:54,561 INFO  impl.RaftServerImpl (RaftServerImpl.java:<init>(93)) - b67726a8-d577-409c-a2e5-78c5cc7f838c: new RaftServerImpl for group-73E8EA76418A:[b67726a8-d577-409c-a2e5-78c5cc7f838c:192.168.69.84:39483] with ContainerStateMachine:uninitialized
2019-07-13 07:49:54,561 INFO  server.RaftServerConfigKeys (ConfUtils.java:logGet(43)) - raft.server.rpc.timeout.min = 5s (custom)
2019-07-13 07:49:54,561 INFO  server.RaftServerConfigKeys (ConfUtils.java:logGet(43)) - raft.server.rpc.timeout.max = 5200ms (custom)
2019-07-13 07:49:54,561 INFO  server.RaftServerConfigKeys (ConfUtils.java:logGet(43)) - raft.server.rpcslowness.timeout = 120s (custom)
2019-07-13 07:49:54,561 INFO  server.RaftServerConfigKeys (ConfUtils.java:logGet(43)) - raft.server.sleep.deviation.threshold = 300 (default)
2019-07-13 07:49:54,561 INFO  server.RaftServerConfigKeys (ConfUtils.java:logGet(43)) - raft.server.log.appender.install.snapshot.enabled = false (custom)
2019-07-13 07:49:54,561 INFO  impl.RaftServerImpl (ServerState.java:<init>(105)) - b67726a8-d577-409c-a2e5-78c5cc7f838c:group-73E8EA76418A ConfigurationManager, init=-1: [b67726a8-d577-409c-a2e5-78c5cc7f838c:192.168.69.84:39483], old=null, confs=<EMPTY_MAP>
2019-07-13 07:49:54,561 INFO  server.RaftServerConfigKeys (ConfUtils.java:logGet(43)) - raft.server.storage.dir = [/tmp/workdir/hadoop-ozone/integration-test/target/test-dir/MiniOzoneClusterImpl-b19d29cb-d84c-40b6-9e92-1c9c997984fb/datanode-4/data/ratis] (custom)
2019-07-13 07:49:54,562 INFO  storage.RaftStorageDirectory (RaftStorageDirectory.java:analyzeStorage(246)) - The storage directory /tmp/workdir/hadoop-ozone/integration-test/target/test-dir/MiniOzoneClusterImpl-b19d29cb-d84c-40b6-9e92-1c9c997984fb/datanode-4/data/ratis/01bd0eb8-c6a7-4b62-a291-73e8ea76418a does not exist. Creating ...
2019-07-13 07:49:54,575 INFO  storage.RaftStorageDirectory (RaftStorageDirectory.java:tryLock(328)) - Lock on /tmp/workdir/hadoop-ozone/integration-test/target/test-dir/MiniOzoneClusterImpl-b19d29cb-d84c-40b6-9e92-1c9c997984fb/datanode-4/data/ratis/01bd0eb8-c6a7-4b62-a291-73e8ea76418a/in_use.lock acquired by nodename 26340@trunk-nightly-9lh4p-2362225927
2019-07-13 07:49:54,588 INFO  storage.RaftStorage (RaftStorage.java:format(72)) - Storage directory /tmp/workdir/hadoop-ozone/integration-test/target/test-dir/MiniOzoneClusterImpl-b19d29cb-d84c-40b6-9e92-1c9c997984fb/datanode-4/data/ratis/01bd0eb8-c6a7-4b62-a291-73e8ea76418a has been successfully formatted.
2019-07-13 07:49:54,588 INFO  ratis.ContainerStateMachine (ContainerStateMachine.java:loadSnapshot(200)) - The snapshot info is null.Setting the last applied index to:(t:0, i:~)
2019-07-13 07:49:54,588 INFO  server.RaftServerConfigKeys (ConfUtils.java:logGet(43)) - raft.server.leader.election.timeout = 120s (custom)
2019-07-13 07:49:54,588 INFO  server.RaftServerConfigKeys (ConfUtils.java:logGet(43)) - raft.server.log.use.memory = false (default)
2019-07-13 07:49:54,588 INFO  server.RaftServerConfigKeys (ConfUtils.java:logGet(43)) - raft.server.log.purge.gap = 1000000000 (custom)
2019-07-13 07:49:54,588 INFO  server.RaftServerConfigKeys (ConfUtils.java:logGet(43)) - raft.server.log.appender.buffer.byte-limit = 33554432 (custom)
2019-07-13 07:49:54,589 INFO  server.RaftServerConfigKeys (ConfUtils.java:logGet(43)) - raft.server.log.segment.size.max = 1048576 (custom)
2019-07-13 07:49:54,589 INFO  server.RaftServerConfigKeys (ConfUtils.java:logGet(43)) - raft.server.log.segment.cache.num.max = 2 (custom)
2019-07-13 07:49:54,589 INFO  segmented.SegmentedRaftLogWorker (SegmentedRaftLogWorker.java:<init>(172)) - new b67726a8-d577-409c-a2e5-78c5cc7f838c-SegmentedRaftLogWorker:Storage Directory /tmp/workdir/hadoop-ozone/integration-test/target/test-dir/MiniOzoneClusterImpl-b19d29cb-d84c-40b6-9e92-1c9c997984fb/datanode-4/data/ratis/01bd0eb8-c6a7-4b62-a291-73e8ea76418a for RaftStorage:Storage Directory /tmp/workdir/hadoop-ozone/integration-test/target/test-dir/MiniOzoneClusterImpl-b19d29cb-d84c-40b6-9e92-1c9c997984fb/datanode-4/data/ratis/01bd0eb8-c6a7-4b62-a291-73e8ea76418a
2019-07-13 07:49:54,589 INFO  server.RaftServerConfigKeys (ConfUtils.java:logGet(43)) - raft.server.log.queue.byte-limit = 2147483647 (custom)
2019-07-13 07:49:54,589 INFO  server.RaftServerConfigKeys (ConfUtils.java:logGet(43)) - raft.server.log.queue.element-limit = 1024 (custom)
2019-07-13 07:49:54,589 INFO  server.RaftServerConfigKeys (ConfUtils.java:logGet(43)) - raft.server.log.segment.size.max = 1048576 (custom)
2019-07-13 07:49:54,589 INFO  server.RaftServerConfigKeys (ConfUtils.java:logGet(43)) - raft.server.log.preallocated.size = 16384 (custom)
2019-07-13 07:49:54,590 INFO  server.RaftServerConfigKeys (ConfUtils.java:logGet(43)) - raft.server.log.write.buffer.size = 33554432 (custom)
2019-07-13 07:49:54,590 INFO  server.RaftServerConfigKeys (ConfUtils.java:logGet(43)) - raft.server.log.force.sync.num = 128 (default)
2019-07-13 07:49:54,590 INFO  server.RaftServerConfigKeys (ConfUtils.java:logGet(43)) - raft.server.log.statemachine.data.sync = true (default)
2019-07-13 07:49:54,590 INFO  server.RaftServerConfigKeys (ConfUtils.java:logGet(43)) - raft.server.log.statemachine.data.sync.timeout = 10s (default)
2019-07-13 07:49:54,590 INFO  server.RaftServerConfigKeys (ConfUtils.java:logGet(43)) - raft.server.log.statemachine.data.sync.timeout.retry = -1 (default)
2019-07-13 07:49:54,591 INFO  server.RaftServerConfigKeys (ConfUtils.java:logGet(43)) - raft.server.log.statemachine.data.caching.enabled = true (custom)
2019-07-13 07:49:54,591 INFO  segmented.SegmentedRaftLogWorker (SegmentedRaftLogWorker.java:lambda$new$0(132)) - b67726a8-d577-409c-a2e5-78c5cc7f838c-SegmentedRaftLogWorker:Storage Directory /tmp/workdir/hadoop-ozone/integration-test/target/test-dir/MiniOzoneClusterImpl-b19d29cb-d84c-40b6-9e92-1c9c997984fb/datanode-4/data/ratis/01bd0eb8-c6a7-4b62-a291-73e8ea76418a: flushIndex: setUnconditionally 0 -> -1
2019-07-13 07:49:54,591 INFO  server.RaftServerConfigKeys (ConfUtils.java:logGet(43)) - raft.server.snapshot.auto.trigger.enabled = true (custom)
2019-07-13 07:49:54,591 INFO  server.RaftServerConfigKeys (ConfUtils.java:logGet(43)) - raft.server.snapshot.auto.trigger.threshold = 10000 (custom)
2019-07-13 07:49:54,592 INFO  server.RaftServerConfigKeys (ConfUtils.java:logGet(43)) - raft.server.retrycache.expirytime = 600000ms (custom)
2019-07-13 07:49:54,592 INFO  impl.RaftServerImpl (RaftServerImpl.java:start(180)) - b67726a8-d577-409c-a2e5-78c5cc7f838c: start group-73E8EA76418A
2019-07-13 07:49:54,592 INFO  impl.RaftServerImpl (RaftServerImpl.java:setRole(171)) - b67726a8-d577-409c-a2e5-78c5cc7f838c:group-73E8EA76418A changes role from null to FOLLOWER at term 0 for startAsFollower
2019-07-13 07:49:54,592 INFO  impl.RoleInfo (RoleInfo.java:updateAndGet(143)) - b67726a8-d577-409c-a2e5-78c5cc7f838c: start FollowerState
2019-07-13 07:49:54,593 INFO  util.JmxRegister (JmxRegister.java:tryRegister(44)) - Successfully registered JMX Bean with object name Ratis:service=RaftServer,group=group-73E8EA76418A,id=b67726a8-d577-409c-a2e5-78c5cc7f838c
2019-07-13 07:49:54,610 INFO  pipeline.PipelineStateManager (PipelineStateManager.java:addPipeline(56)) - Created pipeline Pipeline[ Id: 01bd0eb8-c6a7-4b62-a291-73e8ea76418a, Nodes: b67726a8-d577-409c-a2e5-78c5cc7f838c{ip: 192.168.69.84, host: trunk-nightly-9lh4p-2362225927, networkLocation: /default-rack, certSerialId: null}, Type:RATIS, Factor:ONE, State:OPEN]
2019-07-13 07:49:54,638 INFO  impl.RaftServerProxy (RaftServerProxy.java:addNew(89)) - c4f0e421-8083-4827-aa3d-30282f3dd7d5: addNew group-2F5A263C5AC1:[c4f0e421-8083-4827-aa3d-30282f3dd7d5:192.168.69.84:42248] returns group-2F5A263C5AC1:java.util.concurrent.CompletableFuture@4fa6a99d[Not completed]
2019-07-13 07:49:54,640 INFO  impl.RaftServerImpl (RaftServerImpl.java:<init>(93)) - c4f0e421-8083-4827-aa3d-30282f3dd7d5: new RaftServerImpl for group-2F5A263C5AC1:[c4f0e421-8083-4827-aa3d-30282f3dd7d5:192.168.69.84:42248] with ContainerStateMachine:uninitialized
2019-07-13 07:49:54,640 INFO  server.RaftServerConfigKeys (ConfUtils.java:logGet(43)) - raft.server.rpc.timeout.min = 5s (custom)
2019-07-13 07:49:54,640 INFO  server.RaftServerConfigKeys (ConfUtils.java:logGet(43)) - raft.server.rpc.timeout.max = 5200ms (custom)
2019-07-13 07:49:54,640 INFO  server.RaftServerConfigKeys (ConfUtils.java:logGet(43)) - raft.server.rpcslowness.timeout = 120s (custom)
2019-07-13 07:49:54,641 INFO  server.RaftServerConfigKeys (ConfUtils.java:logGet(43)) - raft.server.sleep.deviation.threshold = 300 (default)
2019-07-13 07:49:54,641 INFO  server.RaftServerConfigKeys (ConfUtils.java:logGet(43)) - raft.server.log.appender.install.snapshot.enabled = false (custom)
2019-07-13 07:49:54,641 INFO  impl.RaftServerImpl (ServerState.java:<init>(105)) - c4f0e421-8083-4827-aa3d-30282f3dd7d5:group-2F5A263C5AC1 ConfigurationManager, init=-1: [c4f0e421-8083-4827-aa3d-30282f3dd7d5:192.168.69.84:42248], old=null, confs=<EMPTY_MAP>
2019-07-13 07:49:54,641 INFO  server.RaftServerConfigKeys (ConfUtils.java:logGet(43)) - raft.server.storage.dir = [/tmp/workdir/hadoop-ozone/integration-test/target/test-dir/MiniOzoneClusterImpl-b19d29cb-d84c-40b6-9e92-1c9c997984fb/datanode-5/data/ratis] (custom)
2019-07-13 07:49:54,642 INFO  storage.RaftStorageDirectory (RaftStorageDirectory.java:analyzeStorage(246)) - The storage directory /tmp/workdir/hadoop-ozone/integration-test/target/test-dir/MiniOzoneClusterImpl-b19d29cb-d84c-40b6-9e92-1c9c997984fb/datanode-5/data/ratis/247ebf3a-5c4e-4a09-8ceb-2f5a263c5ac1 does not exist. Creating ...
2019-07-13 07:49:54,655 INFO  storage.RaftStorageDirectory (RaftStorageDirectory.java:tryLock(328)) - Lock on /tmp/workdir/hadoop-ozone/integration-test/target/test-dir/MiniOzoneClusterImpl-b19d29cb-d84c-40b6-9e92-1c9c997984fb/datanode-5/data/ratis/247ebf3a-5c4e-4a09-8ceb-2f5a263c5ac1/in_use.lock acquired by nodename 26340@trunk-nightly-9lh4p-2362225927
2019-07-13 07:49:54,668 INFO  storage.RaftStorage (RaftStorage.java:format(72)) - Storage directory /tmp/workdir/hadoop-ozone/integration-test/target/test-dir/MiniOzoneClusterImpl-b19d29cb-d84c-40b6-9e92-1c9c997984fb/datanode-5/data/ratis/247ebf3a-5c4e-4a09-8ceb-2f5a263c5ac1 has been successfully formatted.
2019-07-13 07:49:54,669 INFO  ratis.ContainerStateMachine (ContainerStateMachine.java:loadSnapshot(200)) - The snapshot info is null.Setting the last applied index to:(t:0, i:~)
2019-07-13 07:49:54,669 INFO  server.RaftServerConfigKeys (ConfUtils.java:logGet(43)) - raft.server.leader.election.timeout = 120s (custom)
2019-07-13 07:49:54,669 INFO  server.RaftServerConfigKeys (ConfUtils.java:logGet(43)) - raft.server.log.use.memory = false (default)
2019-07-13 07:49:54,669 INFO  server.RaftServerConfigKeys (ConfUtils.java:logGet(43)) - raft.server.log.purge.gap = 1000000000 (custom)
2019-07-13 07:49:54,669 INFO  server.RaftServerConfigKeys (ConfUtils.java:logGet(43)) - raft.server.log.appender.buffer.byte-limit = 33554432 (custom)
2019-07-13 07:49:54,669 INFO  server.RaftServerConfigKeys (ConfUtils.java:logGet(43)) - raft.server.log.segment.size.max = 1048576 (custom)
2019-07-13 07:49:54,670 INFO  server.RaftServerConfigKeys (ConfUtils.java:logGet(43)) - raft.server.log.segment.cache.num.max = 2 (custom)
2019-07-13 07:49:54,670 INFO  segmented.SegmentedRaftLogWorker (SegmentedRaftLogWorker.java:<init>(172)) - new c4f0e421-8083-4827-aa3d-30282f3dd7d5-SegmentedRaftLogWorker:Storage Directory /tmp/workdir/hadoop-ozone/integration-test/target/test-dir/MiniOzoneClusterImpl-b19d29cb-d84c-40b6-9e92-1c9c997984fb/datanode-5/data/ratis/247ebf3a-5c4e-4a09-8ceb-2f5a263c5ac1 for RaftStorage:Storage Directory /tmp/workdir/hadoop-ozone/integration-test/target/test-dir/MiniOzoneClusterImpl-b19d29cb-d84c-40b6-9e92-1c9c997984fb/datanode-5/data/ratis/247ebf3a-5c4e-4a09-8ceb-2f5a263c5ac1
2019-07-13 07:49:54,670 INFO  server.RaftServerConfigKeys (ConfUtils.java:logGet(43)) - raft.server.log.queue.byte-limit = 2147483647 (custom)
2019-07-13 07:49:54,670 INFO  server.RaftServerConfigKeys (ConfUtils.java:logGet(43)) - raft.server.log.queue.element-limit = 1024 (custom)
2019-07-13 07:49:54,670 INFO  server.RaftServerConfigKeys (ConfUtils.java:logGet(43)) - raft.server.log.segment.size.max = 1048576 (custom)
2019-07-13 07:49:54,671 INFO  server.RaftServerConfigKeys (ConfUtils.java:logGet(43)) - raft.server.log.preallocated.size = 16384 (custom)
2019-07-13 07:49:54,671 INFO  server.RaftServerConfigKeys (ConfUtils.java:logGet(43)) - raft.server.log.write.buffer.size = 33554432 (custom)
2019-07-13 07:49:54,671 INFO  server.RaftServerConfigKeys (ConfUtils.java:logGet(43)) - raft.server.log.force.sync.num = 128 (default)
2019-07-13 07:49:54,671 INFO  server.RaftServerConfigKeys (ConfUtils.java:logGet(43)) - raft.server.log.statemachine.data.sync = true (default)
2019-07-13 07:49:54,671 INFO  server.RaftServerConfigKeys (ConfUtils.java:logGet(43)) - raft.server.log.statemachine.data.sync.timeout = 10s (default)
2019-07-13 07:49:54,671 INFO  server.RaftServerConfigKeys (ConfUtils.java:logGet(43)) - raft.server.log.statemachine.data.sync.timeout.retry = -1 (default)
2019-07-13 07:49:54,672 INFO  server.RaftServerConfigKeys (ConfUtils.java:logGet(43)) - raft.server.log.statemachine.data.caching.enabled = true (custom)
2019-07-13 07:49:54,672 INFO  segmented.SegmentedRaftLogWorker (SegmentedRaftLogWorker.java:lambda$new$0(132)) - c4f0e421-8083-4827-aa3d-30282f3dd7d5-SegmentedRaftLogWorker:Storage Directory /tmp/workdir/hadoop-ozone/integration-test/target/test-dir/MiniOzoneClusterImpl-b19d29cb-d84c-40b6-9e92-1c9c997984fb/datanode-5/data/ratis/247ebf3a-5c4e-4a09-8ceb-2f5a263c5ac1: flushIndex: setUnconditionally 0 -> -1
2019-07-13 07:49:54,672 INFO  server.RaftServerConfigKeys (ConfUtils.java:logGet(43)) - raft.server.snapshot.auto.trigger.enabled = true (custom)
2019-07-13 07:49:54,672 INFO  server.RaftServerConfigKeys (ConfUtils.java:logGet(43)) - raft.server.snapshot.auto.trigger.threshold = 10000 (custom)
2019-07-13 07:49:54,673 INFO  server.RaftServerConfigKeys (ConfUtils.java:logGet(43)) - raft.server.retrycache.expirytime = 600000ms (custom)
2019-07-13 07:49:54,673 INFO  impl.RaftServerImpl (RaftServerImpl.java:start(180)) - c4f0e421-8083-4827-aa3d-30282f3dd7d5: start group-2F5A263C5AC1
2019-07-13 07:49:54,673 INFO  impl.RaftServerImpl (RaftServerImpl.java:setRole(171)) - c4f0e421-8083-4827-aa3d-30282f3dd7d5:group-2F5A263C5AC1 changes role from null to FOLLOWER at term 0 for startAsFollower
2019-07-13 07:49:54,673 INFO  impl.RoleInfo (RoleInfo.java:updateAndGet(143)) - c4f0e421-8083-4827-aa3d-30282f3dd7d5: start FollowerState
2019-07-13 07:49:54,673 INFO  util.JmxRegister (JmxRegister.java:tryRegister(44)) - Successfully registered JMX Bean with object name Ratis:service=RaftServer,group=group-2F5A263C5AC1,id=c4f0e421-8083-4827-aa3d-30282f3dd7d5
2019-07-13 07:49:54,688 INFO  pipeline.PipelineStateManager (PipelineStateManager.java:addPipeline(56)) - Created pipeline Pipeline[ Id: 247ebf3a-5c4e-4a09-8ceb-2f5a263c5ac1, Nodes: c4f0e421-8083-4827-aa3d-30282f3dd7d5{ip: 192.168.69.84, host: trunk-nightly-9lh4p-2362225927, networkLocation: /default-rack, certSerialId: null}, Type:RATIS, Factor:ONE, State:OPEN]
2019-07-13 07:49:54,716 INFO  impl.RaftServerProxy (RaftServerProxy.java:addNew(89)) - 65562a4b-7d90-421d-8806-cc1c3bd48af7: addNew group-8D776EC554F0:[65562a4b-7d90-421d-8806-cc1c3bd48af7:192.168.69.84:44640] returns group-8D776EC554F0:java.util.concurrent.CompletableFuture@26927476[Not completed]
2019-07-13 07:49:54,718 INFO  impl.RaftServerImpl (RaftServerImpl.java:<init>(93)) - 65562a4b-7d90-421d-8806-cc1c3bd48af7: new RaftServerImpl for group-8D776EC554F0:[65562a4b-7d90-421d-8806-cc1c3bd48af7:192.168.69.84:44640] with ContainerStateMachine:uninitialized
2019-07-13 07:49:54,718 INFO  server.RaftServerConfigKeys (ConfUtils.java:logGet(43)) - raft.server.rpc.timeout.min = 5s (custom)
2019-07-13 07:49:54,718 INFO  server.RaftServerConfigKeys (ConfUtils.java:logGet(43)) - raft.server.rpc.timeout.max = 5200ms (custom)
2019-07-13 07:49:54,718 INFO  server.RaftServerConfigKeys (ConfUtils.java:logGet(43)) - raft.server.rpcslowness.timeout = 120s (custom)
2019-07-13 07:49:54,719 INFO  server.RaftServerConfigKeys (ConfUtils.java:logGet(43)) - raft.server.sleep.deviation.threshold = 300 (default)
2019-07-13 07:49:54,719 INFO  server.RaftServerConfigKeys (ConfUtils.java:logGet(43)) - raft.server.log.appender.install.snapshot.enabled = false (custom)
2019-07-13 07:49:54,719 INFO  impl.RaftServerImpl (ServerState.java:<init>(105)) - 65562a4b-7d90-421d-8806-cc1c3bd48af7:group-8D776EC554F0 ConfigurationManager, init=-1: [65562a4b-7d90-421d-8806-cc1c3bd48af7:192.168.69.84:44640], old=null, confs=<EMPTY_MAP>
2019-07-13 07:49:54,719 INFO  server.RaftServerConfigKeys (ConfUtils.java:logGet(43)) - raft.server.storage.dir = [/tmp/workdir/hadoop-ozone/integration-test/target/test-dir/MiniOzoneClusterImpl-b19d29cb-d84c-40b6-9e92-1c9c997984fb/datanode-3/data/ratis] (custom)
2019-07-13 07:49:54,720 INFO  storage.RaftStorageDirectory (RaftStorageDirectory.java:analyzeStorage(246)) - The storage directory /tmp/workdir/hadoop-ozone/integration-test/target/test-dir/MiniOzoneClusterImpl-b19d29cb-d84c-40b6-9e92-1c9c997984fb/datanode-3/data/ratis/85982406-7cc6-43fd-807d-8d776ec554f0 does not exist. Creating ...
2019-07-13 07:49:54,733 INFO  storage.RaftStorageDirectory (RaftStorageDirectory.java:tryLock(328)) - Lock on /tmp/workdir/hadoop-ozone/integration-test/target/test-dir/MiniOzoneClusterImpl-b19d29cb-d84c-40b6-9e92-1c9c997984fb/datanode-3/data/ratis/85982406-7cc6-43fd-807d-8d776ec554f0/in_use.lock acquired by nodename 26340@trunk-nightly-9lh4p-2362225927
2019-07-13 07:49:54,747 INFO  storage.RaftStorage (RaftStorage.java:format(72)) - Storage directory /tmp/workdir/hadoop-ozone/integration-test/target/test-dir/MiniOzoneClusterImpl-b19d29cb-d84c-40b6-9e92-1c9c997984fb/datanode-3/data/ratis/85982406-7cc6-43fd-807d-8d776ec554f0 has been successfully formatted.
2019-07-13 07:49:54,747 INFO  ratis.ContainerStateMachine (ContainerStateMachine.java:loadSnapshot(200)) - The snapshot info is null.Setting the last applied index to:(t:0, i:~)
2019-07-13 07:49:54,747 INFO  server.RaftServerConfigKeys (ConfUtils.java:logGet(43)) - raft.server.leader.election.timeout = 120s (custom)
2019-07-13 07:49:54,748 INFO  server.RaftServerConfigKeys (ConfUtils.java:logGet(43)) - raft.server.log.use.memory = false (default)
2019-07-13 07:49:54,748 INFO  server.RaftServerConfigKeys (ConfUtils.java:logGet(43)) - raft.server.log.purge.gap = 1000000000 (custom)
2019-07-13 07:49:54,748 INFO  server.RaftServerConfigKeys (ConfUtils.java:logGet(43)) - raft.server.log.appender.buffer.byte-limit = 33554432 (custom)
2019-07-13 07:49:54,748 INFO  server.RaftServerConfigKeys (ConfUtils.java:logGet(43)) - raft.server.log.segment.size.max = 1048576 (custom)
2019-07-13 07:49:54,748 INFO  server.RaftServerConfigKeys (ConfUtils.java:logGet(43)) - raft.server.log.segment.cache.num.max = 2 (custom)
2019-07-13 07:49:54,749 INFO  segmented.SegmentedRaftLogWorker (SegmentedRaftLogWorker.java:<init>(172)) - new 65562a4b-7d90-421d-8806-cc1c3bd48af7-SegmentedRaftLogWorker:Storage Directory /tmp/workdir/hadoop-ozone/integration-test/target/test-dir/MiniOzoneClusterImpl-b19d29cb-d84c-40b6-9e92-1c9c997984fb/datanode-3/data/ratis/85982406-7cc6-43fd-807d-8d776ec554f0 for RaftStorage:Storage Directory /tmp/workdir/hadoop-ozone/integration-test/target/test-dir/MiniOzoneClusterImpl-b19d29cb-d84c-40b6-9e92-1c9c997984fb/datanode-3/data/ratis/85982406-7cc6-43fd-807d-8d776ec554f0
2019-07-13 07:49:54,749 INFO  server.RaftServerConfigKeys (ConfUtils.java:logGet(43)) - raft.server.log.queue.byte-limit = 2147483647 (custom)
2019-07-13 07:49:54,749 INFO  server.RaftServerConfigKeys (ConfUtils.java:logGet(43)) - raft.server.log.queue.element-limit = 1024 (custom)
2019-07-13 07:49:54,749 INFO  server.RaftServerConfigKeys (ConfUtils.java:logGet(43)) - raft.server.log.segment.size.max = 1048576 (custom)
2019-07-13 07:49:54,749 INFO  server.RaftServerConfigKeys (ConfUtils.java:logGet(43)) - raft.server.log.preallocated.size = 16384 (custom)
2019-07-13 07:49:54,750 INFO  server.RaftServerConfigKeys (ConfUtils.java:logGet(43)) - raft.server.log.write.buffer.size = 33554432 (custom)
2019-07-13 07:49:54,750 INFO  server.RaftServerConfigKeys (ConfUtils.java:logGet(43)) - raft.server.log.force.sync.num = 128 (default)
2019-07-13 07:49:54,750 INFO  server.RaftServerConfigKeys (ConfUtils.java:logGet(43)) - raft.server.log.statemachine.data.sync = true (default)
2019-07-13 07:49:54,750 INFO  server.RaftServerConfigKeys (ConfUtils.java:logGet(43)) - raft.server.log.statemachine.data.sync.timeout = 10s (default)
2019-07-13 07:49:54,750 INFO  server.RaftServerConfigKeys (ConfUtils.java:logGet(43)) - raft.server.log.statemachine.data.sync.timeout.retry = -1 (default)
2019-07-13 07:49:54,751 INFO  server.RaftServerConfigKeys (ConfUtils.java:logGet(43)) - raft.server.log.statemachine.data.caching.enabled = true (custom)
2019-07-13 07:49:54,751 INFO  segmented.SegmentedRaftLogWorker (SegmentedRaftLogWorker.java:lambda$new$0(132)) - 65562a4b-7d90-421d-8806-cc1c3bd48af7-SegmentedRaftLogWorker:Storage Directory /tmp/workdir/hadoop-ozone/integration-test/target/test-dir/MiniOzoneClusterImpl-b19d29cb-d84c-40b6-9e92-1c9c997984fb/datanode-3/data/ratis/85982406-7cc6-43fd-807d-8d776ec554f0: flushIndex: setUnconditionally 0 -> -1
2019-07-13 07:49:54,752 INFO  server.RaftServerConfigKeys (ConfUtils.java:logGet(43)) - raft.server.snapshot.auto.trigger.enabled = true (custom)
2019-07-13 07:49:54,752 INFO  server.RaftServerConfigKeys (ConfUtils.java:logGet(43)) - raft.server.snapshot.auto.trigger.threshold = 10000 (custom)
2019-07-13 07:49:54,752 INFO  server.RaftServerConfigKeys (ConfUtils.java:logGet(43)) - raft.server.retrycache.expirytime = 600000ms (custom)
2019-07-13 07:49:54,752 INFO  impl.RaftServerImpl (RaftServerImpl.java:start(180)) - 65562a4b-7d90-421d-8806-cc1c3bd48af7: start group-8D776EC554F0
2019-07-13 07:49:54,752 INFO  impl.RaftServerImpl (RaftServerImpl.java:setRole(171)) - 65562a4b-7d90-421d-8806-cc1c3bd48af7:group-8D776EC554F0 changes role from null to FOLLOWER at term 0 for startAsFollower
2019-07-13 07:49:54,753 INFO  impl.RoleInfo (RoleInfo.java:updateAndGet(143)) - 65562a4b-7d90-421d-8806-cc1c3bd48af7: start FollowerState
2019-07-13 07:49:54,753 INFO  util.JmxRegister (JmxRegister.java:tryRegister(44)) - Successfully registered JMX Bean with object name Ratis:service=RaftServer,group=group-8D776EC554F0,id=65562a4b-7d90-421d-8806-cc1c3bd48af7
2019-07-13 07:49:54,768 INFO  pipeline.PipelineStateManager (PipelineStateManager.java:addPipeline(56)) - Created pipeline Pipeline[ Id: 85982406-7cc6-43fd-807d-8d776ec554f0, Nodes: 65562a4b-7d90-421d-8806-cc1c3bd48af7{ip: 192.168.69.84, host: trunk-nightly-9lh4p-2362225927, networkLocation: /default-rack, certSerialId: null}, Type:RATIS, Factor:ONE, State:OPEN]
2019-07-13 07:49:54,795 INFO  impl.RaftServerProxy (RaftServerProxy.java:addNew(89)) - 53e4d6b2-2f0c-49c6-b64d-6c13996e2007: addNew group-4AB1B0791F92:[53e4d6b2-2f0c-49c6-b64d-6c13996e2007:192.168.69.84:35567] returns group-4AB1B0791F92:java.util.concurrent.CompletableFuture@582d96b9[Not completed]
2019-07-13 07:49:54,797 INFO  impl.RaftServerImpl (RaftServerImpl.java:<init>(93)) - 53e4d6b2-2f0c-49c6-b64d-6c13996e2007: new RaftServerImpl for group-4AB1B0791F92:[53e4d6b2-2f0c-49c6-b64d-6c13996e2007:192.168.69.84:35567] with ContainerStateMachine:uninitialized
2019-07-13 07:49:54,798 INFO  server.RaftServerConfigKeys (ConfUtils.java:logGet(43)) - raft.server.rpc.timeout.min = 5s (custom)
2019-07-13 07:49:54,798 INFO  server.RaftServerConfigKeys (ConfUtils.java:logGet(43)) - raft.server.rpc.timeout.max = 5200ms (custom)
2019-07-13 07:49:54,798 INFO  server.RaftServerConfigKeys (ConfUtils.java:logGet(43)) - raft.server.rpcslowness.timeout = 120s (custom)
2019-07-13 07:49:54,798 INFO  server.RaftServerConfigKeys (ConfUtils.java:logGet(43)) - raft.server.sleep.deviation.threshold = 300 (default)
2019-07-13 07:49:54,798 INFO  server.RaftServerConfigKeys (ConfUtils.java:logGet(43)) - raft.server.log.appender.install.snapshot.enabled = false (custom)
2019-07-13 07:49:54,799 INFO  impl.RaftServerImpl (ServerState.java:<init>(105)) - 53e4d6b2-2f0c-49c6-b64d-6c13996e2007:group-4AB1B0791F92 ConfigurationManager, init=-1: [53e4d6b2-2f0c-49c6-b64d-6c13996e2007:192.168.69.84:35567], old=null, confs=<EMPTY_MAP>
2019-07-13 07:49:54,799 INFO  server.RaftServerConfigKeys (ConfUtils.java:logGet(43)) - raft.server.storage.dir = [/tmp/workdir/hadoop-ozone/integration-test/target/test-dir/MiniOzoneClusterImpl-b19d29cb-d84c-40b6-9e92-1c9c997984fb/datanode-6/data/ratis] (custom)
2019-07-13 07:49:54,799 INFO  storage.RaftStorageDirectory (RaftStorageDirectory.java:analyzeStorage(246)) - The storage directory /tmp/workdir/hadoop-ozone/integration-test/target/test-dir/MiniOzoneClusterImpl-b19d29cb-d84c-40b6-9e92-1c9c997984fb/datanode-6/data/ratis/20686cb5-af4d-40d2-a684-4ab1b0791f92 does not exist. Creating ...
2019-07-13 07:49:54,812 INFO  storage.RaftStorageDirectory (RaftStorageDirectory.java:tryLock(328)) - Lock on /tmp/workdir/hadoop-ozone/integration-test/target/test-dir/MiniOzoneClusterImpl-b19d29cb-d84c-40b6-9e92-1c9c997984fb/datanode-6/data/ratis/20686cb5-af4d-40d2-a684-4ab1b0791f92/in_use.lock acquired by nodename 26340@trunk-nightly-9lh4p-2362225927
2019-07-13 07:49:54,826 INFO  storage.RaftStorage (RaftStorage.java:format(72)) - Storage directory /tmp/workdir/hadoop-ozone/integration-test/target/test-dir/MiniOzoneClusterImpl-b19d29cb-d84c-40b6-9e92-1c9c997984fb/datanode-6/data/ratis/20686cb5-af4d-40d2-a684-4ab1b0791f92 has been successfully formatted.
2019-07-13 07:49:54,826 INFO  ratis.ContainerStateMachine (ContainerStateMachine.java:loadSnapshot(200)) - The snapshot info is null.Setting the last applied index to:(t:0, i:~)
2019-07-13 07:49:54,826 INFO  server.RaftServerConfigKeys (ConfUtils.java:logGet(43)) - raft.server.leader.election.timeout = 120s (custom)
2019-07-13 07:49:54,826 INFO  server.RaftServerConfigKeys (ConfUtils.java:logGet(43)) - raft.server.log.use.memory = false (default)
2019-07-13 07:49:54,827 INFO  server.RaftServerConfigKeys (ConfUtils.java:logGet(43)) - raft.server.log.purge.gap = 1000000000 (custom)
2019-07-13 07:49:54,827 INFO  server.RaftServerConfigKeys (ConfUtils.java:logGet(43)) - raft.server.log.appender.buffer.byte-limit = 33554432 (custom)
2019-07-13 07:49:54,827 INFO  server.RaftServerConfigKeys (ConfUtils.java:logGet(43)) - raft.server.log.segment.size.max = 1048576 (custom)
2019-07-13 07:49:54,827 INFO  server.RaftServerConfigKeys (ConfUtils.java:logGet(43)) - raft.server.log.segment.cache.num.max = 2 (custom)
2019-07-13 07:49:54,827 INFO  segmented.SegmentedRaftLogWorker (SegmentedRaftLogWorker.java:<init>(172)) - new 53e4d6b2-2f0c-49c6-b64d-6c13996e2007-SegmentedRaftLogWorker:Storage Directory /tmp/workdir/hadoop-ozone/integration-test/target/test-dir/MiniOzoneClusterImpl-b19d29cb-d84c-40b6-9e92-1c9c997984fb/datanode-6/data/ratis/20686cb5-af4d-40d2-a684-4ab1b0791f92 for RaftStorage:Storage Directory /tmp/workdir/hadoop-ozone/integration-test/target/test-dir/MiniOzoneClusterImpl-b19d29cb-d84c-40b6-9e92-1c9c997984fb/datanode-6/data/ratis/20686cb5-af4d-40d2-a684-4ab1b0791f92
2019-07-13 07:49:54,828 INFO  server.RaftServerConfigKeys (ConfUtils.java:logGet(43)) - raft.server.log.queue.byte-limit = 2147483647 (custom)
2019-07-13 07:49:54,828 INFO  server.RaftServerConfigKeys (ConfUtils.java:logGet(43)) - raft.server.log.queue.element-limit = 1024 (custom)
2019-07-13 07:49:54,828 INFO  server.RaftServerConfigKeys (ConfUtils.java:logGet(43)) - raft.server.log.segment.size.max = 1048576 (custom)
2019-07-13 07:49:54,828 INFO  server.RaftServerConfigKeys (ConfUtils.java:logGet(43)) - raft.server.log.preallocated.size = 16384 (custom)
2019-07-13 07:49:54,828 INFO  server.RaftServerConfigKeys (ConfUtils.java:logGet(43)) - raft.server.log.write.buffer.size = 33554432 (custom)
2019-07-13 07:49:54,829 INFO  server.RaftServerConfigKeys (ConfUtils.java:logGet(43)) - raft.server.log.force.sync.num = 128 (default)
2019-07-13 07:49:54,829 INFO  server.RaftServerConfigKeys (ConfUtils.java:logGet(43)) - raft.server.log.statemachine.data.sync = true (default)
2019-07-13 07:49:54,829 INFO  server.RaftServerConfigKeys (ConfUtils.java:logGet(43)) - raft.server.log.statemachine.data.sync.timeout = 10s (default)
2019-07-13 07:49:54,829 INFO  server.RaftServerConfigKeys (ConfUtils.java:logGet(43)) - raft.server.log.statemachine.data.sync.timeout.retry = -1 (default)
2019-07-13 07:49:54,830 INFO  server.RaftServerConfigKeys (ConfUtils.java:logGet(43)) - raft.server.log.statemachine.data.caching.enabled = true (custom)
2019-07-13 07:49:54,830 INFO  segmented.SegmentedRaftLogWorker (SegmentedRaftLogWorker.java:lambda$new$0(132)) - 53e4d6b2-2f0c-49c6-b64d-6c13996e2007-SegmentedRaftLogWorker:Storage Directory /tmp/workdir/hadoop-ozone/integration-test/target/test-dir/MiniOzoneClusterImpl-b19d29cb-d84c-40b6-9e92-1c9c997984fb/datanode-6/data/ratis/20686cb5-af4d-40d2-a684-4ab1b0791f92: flushIndex: setUnconditionally 0 -> -1
2019-07-13 07:49:54,831 INFO  server.RaftServerConfigKeys (ConfUtils.java:logGet(43)) - raft.server.snapshot.auto.trigger.enabled = true (custom)
2019-07-13 07:49:54,831 INFO  server.RaftServerConfigKeys (ConfUtils.java:logGet(43)) - raft.server.snapshot.auto.trigger.threshold = 10000 (custom)
2019-07-13 07:49:54,831 INFO  server.RaftServerConfigKeys (ConfUtils.java:logGet(43)) - raft.server.retrycache.expirytime = 600000ms (custom)
2019-07-13 07:49:54,831 INFO  impl.RaftServerImpl (RaftServerImpl.java:start(180)) - 53e4d6b2-2f0c-49c6-b64d-6c13996e2007: start group-4AB1B0791F92
2019-07-13 07:49:54,831 INFO  impl.RaftServerImpl (RaftServerImpl.java:setRole(171)) - 53e4d6b2-2f0c-49c6-b64d-6c13996e2007:group-4AB1B0791F92 changes role from null to FOLLOWER at term 0 for startAsFollower
2019-07-13 07:49:54,832 INFO  impl.RoleInfo (RoleInfo.java:updateAndGet(143)) - 53e4d6b2-2f0c-49c6-b64d-6c13996e2007: start FollowerState
2019-07-13 07:49:54,832 INFO  util.JmxRegister (JmxRegister.java:tryRegister(44)) - Successfully registered JMX Bean with object name Ratis:service=RaftServer,group=group-4AB1B0791F92,id=53e4d6b2-2f0c-49c6-b64d-6c13996e2007
2019-07-13 07:49:54,846 INFO  pipeline.PipelineStateManager (PipelineStateManager.java:addPipeline(56)) - Created pipeline Pipeline[ Id: 20686cb5-af4d-40d2-a684-4ab1b0791f92, Nodes: 53e4d6b2-2f0c-49c6-b64d-6c13996e2007{ip: 192.168.69.84, host: trunk-nightly-9lh4p-2362225927, networkLocation: /default-rack, certSerialId: null}, Type:RATIS, Factor:ONE, State:OPEN]
2019-07-13 07:49:54,865 INFO  impl.RaftServerProxy (RaftServerProxy.java:addNew(89)) - a8e5ea73-aae2-420e-8ceb-bdcb3846e092: addNew group-19F4EE9C51AD:[a8e5ea73-aae2-420e-8ceb-bdcb3846e092:192.168.69.84:44966] returns group-19F4EE9C51AD:java.util.concurrent.CompletableFuture@4079a20e[Not completed]
2019-07-13 07:49:54,866 INFO  impl.RaftServerImpl (RaftServerImpl.java:<init>(93)) - a8e5ea73-aae2-420e-8ceb-bdcb3846e092: new RaftServerImpl for group-19F4EE9C51AD:[a8e5ea73-aae2-420e-8ceb-bdcb3846e092:192.168.69.84:44966] with ContainerStateMachine:uninitialized
2019-07-13 07:49:54,867 INFO  server.RaftServerConfigKeys (ConfUtils.java:logGet(43)) - raft.server.rpc.timeout.min = 5s (custom)
2019-07-13 07:49:54,867 INFO  server.RaftServerConfigKeys (ConfUtils.java:logGet(43)) - raft.server.rpc.timeout.max = 5200ms (custom)
2019-07-13 07:49:54,867 INFO  server.RaftServerConfigKeys (ConfUtils.java:logGet(43)) - raft.server.rpcslowness.timeout = 120s (custom)
2019-07-13 07:49:54,867 INFO  server.RaftServerConfigKeys (ConfUtils.java:logGet(43)) - raft.server.sleep.deviation.threshold = 300 (default)
2019-07-13 07:49:54,867 INFO  server.RaftServerConfigKeys (ConfUtils.java:logGet(43)) - raft.server.log.appender.install.snapshot.enabled = false (custom)
2019-07-13 07:49:54,868 INFO  impl.RaftServerImpl (ServerState.java:<init>(105)) - a8e5ea73-aae2-420e-8ceb-bdcb3846e092:group-19F4EE9C51AD ConfigurationManager, init=-1: [a8e5ea73-aae2-420e-8ceb-bdcb3846e092:192.168.69.84:44966], old=null, confs=<EMPTY_MAP>
2019-07-13 07:49:54,868 INFO  server.RaftServerConfigKeys (ConfUtils.java:logGet(43)) - raft.server.storage.dir = [/tmp/workdir/hadoop-ozone/integration-test/target/test-dir/MiniOzoneClusterImpl-b19d29cb-d84c-40b6-9e92-1c9c997984fb/datanode-2/data/ratis] (custom)
2019-07-13 07:49:54,868 INFO  storage.RaftStorageDirectory (RaftStorageDirectory.java:analyzeStorage(246)) - The storage directory /tmp/workdir/hadoop-ozone/integration-test/target/test-dir/MiniOzoneClusterImpl-b19d29cb-d84c-40b6-9e92-1c9c997984fb/datanode-2/data/ratis/a72ebd05-0a80-43d4-91ca-19f4ee9c51ad does not exist. Creating ...
2019-07-13 07:49:54,882 INFO  storage.RaftStorageDirectory (RaftStorageDirectory.java:tryLock(328)) - Lock on /tmp/workdir/hadoop-ozone/integration-test/target/test-dir/MiniOzoneClusterImpl-b19d29cb-d84c-40b6-9e92-1c9c997984fb/datanode-2/data/ratis/a72ebd05-0a80-43d4-91ca-19f4ee9c51ad/in_use.lock acquired by nodename 26340@trunk-nightly-9lh4p-2362225927
2019-07-13 07:49:54,896 INFO  storage.RaftStorage (RaftStorage.java:format(72)) - Storage directory /tmp/workdir/hadoop-ozone/integration-test/target/test-dir/MiniOzoneClusterImpl-b19d29cb-d84c-40b6-9e92-1c9c997984fb/datanode-2/data/ratis/a72ebd05-0a80-43d4-91ca-19f4ee9c51ad has been successfully formatted.
2019-07-13 07:49:54,896 INFO  ratis.ContainerStateMachine (ContainerStateMachine.java:loadSnapshot(200)) - The snapshot info is null.Setting the last applied index to:(t:0, i:~)
2019-07-13 07:49:54,896 INFO  server.RaftServerConfigKeys (ConfUtils.java:logGet(43)) - raft.server.leader.election.timeout = 120s (custom)
2019-07-13 07:49:54,896 INFO  server.RaftServerConfigKeys (ConfUtils.java:logGet(43)) - raft.server.log.use.memory = false (default)
2019-07-13 07:49:54,896 INFO  server.RaftServerConfigKeys (ConfUtils.java:logGet(43)) - raft.server.log.purge.gap = 1000000000 (custom)
2019-07-13 07:49:54,897 INFO  server.RaftServerConfigKeys (ConfUtils.java:logGet(43)) - raft.server.log.appender.buffer.byte-limit = 33554432 (custom)
2019-07-13 07:49:54,897 INFO  server.RaftServerConfigKeys (ConfUtils.java:logGet(43)) - raft.server.log.segment.size.max = 1048576 (custom)
2019-07-13 07:49:54,897 INFO  server.RaftServerConfigKeys (ConfUtils.java:logGet(43)) - raft.server.log.segment.cache.num.max = 2 (custom)
2019-07-13 07:49:54,897 INFO  segmented.SegmentedRaftLogWorker (SegmentedRaftLogWorker.java:<init>(172)) - new a8e5ea73-aae2-420e-8ceb-bdcb3846e092-SegmentedRaftLogWorker:Storage Directory /tmp/workdir/hadoop-ozone/integration-test/target/test-dir/MiniOzoneClusterImpl-b19d29cb-d84c-40b6-9e92-1c9c997984fb/datanode-2/data/ratis/a72ebd05-0a80-43d4-91ca-19f4ee9c51ad for RaftStorage:Storage Directory /tmp/workdir/hadoop-ozone/integration-test/target/test-dir/MiniOzoneClusterImpl-b19d29cb-d84c-40b6-9e92-1c9c997984fb/datanode-2/data/ratis/a72ebd05-0a80-43d4-91ca-19f4ee9c51ad
2019-07-13 07:49:54,897 INFO  server.RaftServerConfigKeys (ConfUtils.java:logGet(43)) - raft.server.log.queue.byte-limit = 2147483647 (custom)
2019-07-13 07:49:54,898 INFO  server.RaftServerConfigKeys (ConfUtils.java:logGet(43)) - raft.server.log.queue.element-limit = 1024 (custom)
2019-07-13 07:49:54,898 INFO  server.RaftServerConfigKeys (ConfUtils.java:logGet(43)) - raft.server.log.segment.size.max = 1048576 (custom)
2019-07-13 07:49:54,898 INFO  server.RaftServerConfigKeys (ConfUtils.java:logGet(43)) - raft.server.log.preallocated.size = 16384 (custom)
2019-07-13 07:49:54,898 INFO  server.RaftServerConfigKeys (ConfUtils.java:logGet(43)) - raft.server.log.write.buffer.size = 33554432 (custom)
2019-07-13 07:49:54,898 INFO  server.RaftServerConfigKeys (ConfUtils.java:logGet(43)) - raft.server.log.force.sync.num = 128 (default)
2019-07-13 07:49:54,899 INFO  server.RaftServerConfigKeys (ConfUtils.java:logGet(43)) - raft.server.log.statemachine.data.sync = true (default)
2019-07-13 07:49:54,899 INFO  server.RaftServerConfigKeys (ConfUtils.java:logGet(43)) - raft.server.log.statemachine.data.sync.timeout = 10s (default)
2019-07-13 07:49:54,899 INFO  server.RaftServerConfigKeys (ConfUtils.java:logGet(43)) - raft.server.log.statemachine.data.sync.timeout.retry = -1 (default)
2019-07-13 07:49:54,899 INFO  server.RaftServerConfigKeys (ConfUtils.java:logGet(43)) - raft.server.log.statemachine.data.caching.enabled = true (custom)
2019-07-13 07:49:54,900 INFO  segmented.SegmentedRaftLogWorker (SegmentedRaftLogWorker.java:lambda$new$0(132)) - a8e5ea73-aae2-420e-8ceb-bdcb3846e092-SegmentedRaftLogWorker:Storage Directory /tmp/workdir/hadoop-ozone/integration-test/target/test-dir/MiniOzoneClusterImpl-b19d29cb-d84c-40b6-9e92-1c9c997984fb/datanode-2/data/ratis/a72ebd05-0a80-43d4-91ca-19f4ee9c51ad: flushIndex: setUnconditionally 0 -> -1
2019-07-13 07:49:54,900 INFO  server.RaftServerConfigKeys (ConfUtils.java:logGet(43)) - raft.server.snapshot.auto.trigger.enabled = true (custom)
2019-07-13 07:49:54,900 INFO  server.RaftServerConfigKeys (ConfUtils.java:logGet(43)) - raft.server.snapshot.auto.trigger.threshold = 10000 (custom)
2019-07-13 07:49:54,901 INFO  server.RaftServerConfigKeys (ConfUtils.java:logGet(43)) - raft.server.retrycache.expirytime = 600000ms (custom)
2019-07-13 07:49:54,901 INFO  impl.RaftServerImpl (RaftServerImpl.java:start(180)) - a8e5ea73-aae2-420e-8ceb-bdcb3846e092: start group-19F4EE9C51AD
2019-07-13 07:49:54,901 INFO  impl.RaftServerImpl (RaftServerImpl.java:setRole(171)) - a8e5ea73-aae2-420e-8ceb-bdcb3846e092:group-19F4EE9C51AD changes role from null to FOLLOWER at term 0 for startAsFollower
2019-07-13 07:49:54,901 INFO  impl.RoleInfo (RoleInfo.java:updateAndGet(143)) - a8e5ea73-aae2-420e-8ceb-bdcb3846e092: start FollowerState
2019-07-13 07:49:54,902 INFO  util.JmxRegister (JmxRegister.java:tryRegister(44)) - Successfully registered JMX Bean with object name Ratis:service=RaftServer,group=group-19F4EE9C51AD,id=a8e5ea73-aae2-420e-8ceb-bdcb3846e092
2019-07-13 07:49:54,921 INFO  pipeline.PipelineStateManager (PipelineStateManager.java:addPipeline(56)) - Created pipeline Pipeline[ Id: a72ebd05-0a80-43d4-91ca-19f4ee9c51ad, Nodes: a8e5ea73-aae2-420e-8ceb-bdcb3846e092{ip: 192.168.69.84, host: trunk-nightly-9lh4p-2362225927, networkLocation: /default-rack, certSerialId: null}, Type:RATIS, Factor:ONE, State:OPEN]
2019-07-13 07:49:54,964 INFO  impl.RaftServerProxy (RaftServerProxy.java:addNew(89)) - 20e42339-5a36-4fe0-801d-4f9d19ea02b6: addNew group-EA66D38B3839:[90dde012-7c03-4ea7-9c76-bbd308b6173a:192.168.69.84:45890, 20e42339-5a36-4fe0-801d-4f9d19ea02b6:192.168.69.84:45219, b67726a8-d577-409c-a2e5-78c5cc7f838c:192.168.69.84:39483] returns group-EA66D38B3839:java.util.concurrent.CompletableFuture@62f9793d[Not completed]
2019-07-13 07:49:54,966 INFO  impl.RaftServerProxy (RaftServerProxy.java:addNew(89)) - b67726a8-d577-409c-a2e5-78c5cc7f838c: addNew group-EA66D38B3839:[90dde012-7c03-4ea7-9c76-bbd308b6173a:192.168.69.84:45890, 20e42339-5a36-4fe0-801d-4f9d19ea02b6:192.168.69.84:45219, b67726a8-d577-409c-a2e5-78c5cc7f838c:192.168.69.84:39483] returns group-EA66D38B3839:java.util.concurrent.CompletableFuture@206c6a96[Not completed]
2019-07-13 07:49:54,966 INFO  impl.RaftServerProxy (RaftServerProxy.java:addNew(89)) - 90dde012-7c03-4ea7-9c76-bbd308b6173a: addNew group-EA66D38B3839:[90dde012-7c03-4ea7-9c76-bbd308b6173a:192.168.69.84:45890, 20e42339-5a36-4fe0-801d-4f9d19ea02b6:192.168.69.84:45219, b67726a8-d577-409c-a2e5-78c5cc7f838c:192.168.69.84:39483] returns group-EA66D38B3839:java.util.concurrent.CompletableFuture@3f73003d[Not completed]
2019-07-13 07:49:54,967 INFO  impl.RaftServerImpl (RaftServerImpl.java:<init>(93)) - 20e42339-5a36-4fe0-801d-4f9d19ea02b6: new RaftServerImpl for group-EA66D38B3839:[90dde012-7c03-4ea7-9c76-bbd308b6173a:192.168.69.84:45890, 20e42339-5a36-4fe0-801d-4f9d19ea02b6:192.168.69.84:45219, b67726a8-d577-409c-a2e5-78c5cc7f838c:192.168.69.84:39483] with ContainerStateMachine:uninitialized
2019-07-13 07:49:54,967 INFO  server.RaftServerConfigKeys (ConfUtils.java:logGet(43)) - raft.server.rpc.timeout.min = 5s (custom)
2019-07-13 07:49:54,968 INFO  server.RaftServerConfigKeys (ConfUtils.java:logGet(43)) - raft.server.rpc.timeout.max = 5200ms (custom)
2019-07-13 07:49:54,968 INFO  server.RaftServerConfigKeys (ConfUtils.java:logGet(43)) - raft.server.rpcslowness.timeout = 120s (custom)
2019-07-13 07:49:54,968 INFO  impl.RaftServerImpl (RaftServerImpl.java:<init>(93)) - 90dde012-7c03-4ea7-9c76-bbd308b6173a: new RaftServerImpl for group-EA66D38B3839:[90dde012-7c03-4ea7-9c76-bbd308b6173a:192.168.69.84:45890, 20e42339-5a36-4fe0-801d-4f9d19ea02b6:192.168.69.84:45219, b67726a8-d577-409c-a2e5-78c5cc7f838c:192.168.69.84:39483] with ContainerStateMachine:uninitialized
2019-07-13 07:49:54,968 INFO  server.RaftServerConfigKeys (ConfUtils.java:logGet(43)) - raft.server.sleep.deviation.threshold = 300 (default)
2019-07-13 07:49:54,968 INFO  server.RaftServerConfigKeys (ConfUtils.java:logGet(43)) - raft.server.rpc.timeout.min = 5s (custom)
2019-07-13 07:49:54,968 INFO  server.RaftServerConfigKeys (ConfUtils.java:logGet(43)) - raft.server.log.appender.install.snapshot.enabled = false (custom)
2019-07-13 07:49:54,968 INFO  server.RaftServerConfigKeys (ConfUtils.java:logGet(43)) - raft.server.rpc.timeout.max = 5200ms (custom)
2019-07-13 07:49:54,969 INFO  impl.RaftServerImpl (ServerState.java:<init>(105)) - 20e42339-5a36-4fe0-801d-4f9d19ea02b6:group-EA66D38B3839 ConfigurationManager, init=-1: [90dde012-7c03-4ea7-9c76-bbd308b6173a:192.168.69.84:45890, 20e42339-5a36-4fe0-801d-4f9d19ea02b6:192.168.69.84:45219, b67726a8-d577-409c-a2e5-78c5cc7f838c:192.168.69.84:39483], old=null, confs=<EMPTY_MAP>
2019-07-13 07:49:54,969 INFO  server.RaftServerConfigKeys (ConfUtils.java:logGet(43)) - raft.server.rpcslowness.timeout = 120s (custom)
2019-07-13 07:49:54,969 INFO  server.RaftServerConfigKeys (ConfUtils.java:logGet(43)) - raft.server.sleep.deviation.threshold = 300 (default)
2019-07-13 07:49:54,969 INFO  server.RaftServerConfigKeys (ConfUtils.java:logGet(43)) - raft.server.storage.dir = [/tmp/workdir/hadoop-ozone/integration-test/target/test-dir/MiniOzoneClusterImpl-b19d29cb-d84c-40b6-9e92-1c9c997984fb/datanode-0/data/ratis] (custom)
2019-07-13 07:49:54,969 INFO  impl.RaftServerImpl (RaftServerImpl.java:<init>(93)) - b67726a8-d577-409c-a2e5-78c5cc7f838c: new RaftServerImpl for group-EA66D38B3839:[90dde012-7c03-4ea7-9c76-bbd308b6173a:192.168.69.84:45890, 20e42339-5a36-4fe0-801d-4f9d19ea02b6:192.168.69.84:45219, b67726a8-d577-409c-a2e5-78c5cc7f838c:192.168.69.84:39483] with ContainerStateMachine:uninitialized
2019-07-13 07:49:54,969 INFO  server.RaftServerConfigKeys (ConfUtils.java:logGet(43)) - raft.server.log.appender.install.snapshot.enabled = false (custom)
2019-07-13 07:49:54,970 INFO  server.RaftServerConfigKeys (ConfUtils.java:logGet(43)) - raft.server.rpc.timeout.min = 5s (custom)
2019-07-13 07:49:54,970 INFO  storage.RaftStorageDirectory (RaftStorageDirectory.java:analyzeStorage(246)) - The storage directory /tmp/workdir/hadoop-ozone/integration-test/target/test-dir/MiniOzoneClusterImpl-b19d29cb-d84c-40b6-9e92-1c9c997984fb/datanode-0/data/ratis/f6c3be12-bfcb-4c15-bbc0-ea66d38b3839 does not exist. Creating ...
2019-07-13 07:49:54,970 INFO  impl.RaftServerImpl (ServerState.java:<init>(105)) - 90dde012-7c03-4ea7-9c76-bbd308b6173a:group-EA66D38B3839 ConfigurationManager, init=-1: [90dde012-7c03-4ea7-9c76-bbd308b6173a:192.168.69.84:45890, 20e42339-5a36-4fe0-801d-4f9d19ea02b6:192.168.69.84:45219, b67726a8-d577-409c-a2e5-78c5cc7f838c:192.168.69.84:39483], old=null, confs=<EMPTY_MAP>
2019-07-13 07:49:54,970 INFO  server.RaftServerConfigKeys (ConfUtils.java:logGet(43)) - raft.server.rpc.timeout.max = 5200ms (custom)
2019-07-13 07:49:54,970 INFO  server.RaftServerConfigKeys (ConfUtils.java:logGet(43)) - raft.server.storage.dir = [/tmp/workdir/hadoop-ozone/integration-test/target/test-dir/MiniOzoneClusterImpl-b19d29cb-d84c-40b6-9e92-1c9c997984fb/datanode-1/data/ratis] (custom)
2019-07-13 07:49:54,970 INFO  server.RaftServerConfigKeys (ConfUtils.java:logGet(43)) - raft.server.rpcslowness.timeout = 120s (custom)
2019-07-13 07:49:54,970 INFO  server.RaftServerConfigKeys (ConfUtils.java:logGet(43)) - raft.server.sleep.deviation.threshold = 300 (default)
2019-07-13 07:49:54,970 INFO  storage.RaftStorageDirectory (RaftStorageDirectory.java:analyzeStorage(246)) - The storage directory /tmp/workdir/hadoop-ozone/integration-test/target/test-dir/MiniOzoneClusterImpl-b19d29cb-d84c-40b6-9e92-1c9c997984fb/datanode-1/data/ratis/f6c3be12-bfcb-4c15-bbc0-ea66d38b3839 does not exist. Creating ...
2019-07-13 07:49:54,971 INFO  server.RaftServerConfigKeys (ConfUtils.java:logGet(43)) - raft.server.log.appender.install.snapshot.enabled = false (custom)
2019-07-13 07:49:54,971 INFO  impl.RaftServerImpl (ServerState.java:<init>(105)) - b67726a8-d577-409c-a2e5-78c5cc7f838c:group-EA66D38B3839 ConfigurationManager, init=-1: [90dde012-7c03-4ea7-9c76-bbd308b6173a:192.168.69.84:45890, 20e42339-5a36-4fe0-801d-4f9d19ea02b6:192.168.69.84:45219, b67726a8-d577-409c-a2e5-78c5cc7f838c:192.168.69.84:39483], old=null, confs=<EMPTY_MAP>
2019-07-13 07:49:54,971 INFO  server.RaftServerConfigKeys (ConfUtils.java:logGet(43)) - raft.server.storage.dir = [/tmp/workdir/hadoop-ozone/integration-test/target/test-dir/MiniOzoneClusterImpl-b19d29cb-d84c-40b6-9e92-1c9c997984fb/datanode-4/data/ratis] (custom)
2019-07-13 07:49:54,972 INFO  storage.RaftStorageDirectory (RaftStorageDirectory.java:analyzeStorage(246)) - The storage directory /tmp/workdir/hadoop-ozone/integration-test/target/test-dir/MiniOzoneClusterImpl-b19d29cb-d84c-40b6-9e92-1c9c997984fb/datanode-4/data/ratis/f6c3be12-bfcb-4c15-bbc0-ea66d38b3839 does not exist. Creating ...
2019-07-13 07:49:54,983 INFO  storage.RaftStorageDirectory (RaftStorageDirectory.java:tryLock(328)) - Lock on /tmp/workdir/hadoop-ozone/integration-test/target/test-dir/MiniOzoneClusterImpl-b19d29cb-d84c-40b6-9e92-1c9c997984fb/datanode-1/data/ratis/f6c3be12-bfcb-4c15-bbc0-ea66d38b3839/in_use.lock acquired by nodename 26340@trunk-nightly-9lh4p-2362225927
2019-07-13 07:49:54,983 INFO  storage.RaftStorageDirectory (RaftStorageDirectory.java:tryLock(328)) - Lock on /tmp/workdir/hadoop-ozone/integration-test/target/test-dir/MiniOzoneClusterImpl-b19d29cb-d84c-40b6-9e92-1c9c997984fb/datanode-0/data/ratis/f6c3be12-bfcb-4c15-bbc0-ea66d38b3839/in_use.lock acquired by nodename 26340@trunk-nightly-9lh4p-2362225927
2019-07-13 07:49:54,983 INFO  storage.RaftStorageDirectory (RaftStorageDirectory.java:tryLock(328)) - Lock on /tmp/workdir/hadoop-ozone/integration-test/target/test-dir/MiniOzoneClusterImpl-b19d29cb-d84c-40b6-9e92-1c9c997984fb/datanode-4/data/ratis/f6c3be12-bfcb-4c15-bbc0-ea66d38b3839/in_use.lock acquired by nodename 26340@trunk-nightly-9lh4p-2362225927
2019-07-13 07:49:54,997 INFO  storage.RaftStorage (RaftStorage.java:format(72)) - Storage directory /tmp/workdir/hadoop-ozone/integration-test/target/test-dir/MiniOzoneClusterImpl-b19d29cb-d84c-40b6-9e92-1c9c997984fb/datanode-0/data/ratis/f6c3be12-bfcb-4c15-bbc0-ea66d38b3839 has been successfully formatted.
2019-07-13 07:49:54,997 INFO  storage.RaftStorage (RaftStorage.java:format(72)) - Storage directory /tmp/workdir/hadoop-ozone/integration-test/target/test-dir/MiniOzoneClusterImpl-b19d29cb-d84c-40b6-9e92-1c9c997984fb/datanode-4/data/ratis/f6c3be12-bfcb-4c15-bbc0-ea66d38b3839 has been successfully formatted.
2019-07-13 07:49:54,998 INFO  ratis.ContainerStateMachine (ContainerStateMachine.java:loadSnapshot(200)) - The snapshot info is null.Setting the last applied index to:(t:0, i:~)
2019-07-13 07:49:54,997 INFO  storage.RaftStorage (RaftStorage.java:format(72)) - Storage directory /tmp/workdir/hadoop-ozone/integration-test/target/test-dir/MiniOzoneClusterImpl-b19d29cb-d84c-40b6-9e92-1c9c997984fb/datanode-1/data/ratis/f6c3be12-bfcb-4c15-bbc0-ea66d38b3839 has been successfully formatted.
2019-07-13 07:49:54,998 INFO  ratis.ContainerStateMachine (ContainerStateMachine.java:loadSnapshot(200)) - The snapshot info is null.Setting the last applied index to:(t:0, i:~)
2019-07-13 07:49:54,998 INFO  server.RaftServerConfigKeys (ConfUtils.java:logGet(43)) - raft.server.leader.election.timeout = 120s (custom)
2019-07-13 07:49:54,998 INFO  ratis.ContainerStateMachine (ContainerStateMachine.java:loadSnapshot(200)) - The snapshot info is null.Setting the last applied index to:(t:0, i:~)
2019-07-13 07:49:54,998 INFO  server.RaftServerConfigKeys (ConfUtils.java:logGet(43)) - raft.server.leader.election.timeout = 120s (custom)
2019-07-13 07:49:54,999 INFO  server.RaftServerConfigKeys (ConfUtils.java:logGet(43)) - raft.server.leader.election.timeout = 120s (custom)
2019-07-13 07:49:54,998 INFO  server.RaftServerConfigKeys (ConfUtils.java:logGet(43)) - raft.server.log.use.memory = false (default)
2019-07-13 07:49:54,999 INFO  server.RaftServerConfigKeys (ConfUtils.java:logGet(43)) - raft.server.log.use.memory = false (default)
2019-07-13 07:49:54,999 INFO  server.RaftServerConfigKeys (ConfUtils.java:logGet(43)) - raft.server.log.use.memory = false (default)
2019-07-13 07:49:54,999 INFO  server.RaftServerConfigKeys (ConfUtils.java:logGet(43)) - raft.server.log.purge.gap = 1000000000 (custom)
2019-07-13 07:49:54,999 INFO  server.RaftServerConfigKeys (ConfUtils.java:logGet(43)) - raft.server.log.purge.gap = 1000000000 (custom)
2019-07-13 07:49:55,000 INFO  server.RaftServerConfigKeys (ConfUtils.java:logGet(43)) - raft.server.log.appender.buffer.byte-limit = 33554432 (custom)
2019-07-13 07:49:54,999 INFO  server.RaftServerConfigKeys (ConfUtils.java:logGet(43)) - raft.server.log.purge.gap = 1000000000 (custom)
2019-07-13 07:49:55,000 INFO  server.RaftServerConfigKeys (ConfUtils.java:logGet(43)) - raft.server.log.segment.size.max = 1048576 (custom)
2019-07-13 07:49:55,000 INFO  server.RaftServerConfigKeys (ConfUtils.java:logGet(43)) - raft.server.log.appender.buffer.byte-limit = 33554432 (custom)
2019-07-13 07:49:55,001 INFO  server.RaftServerConfigKeys (ConfUtils.java:logGet(43)) - raft.server.log.segment.cache.num.max = 2 (custom)
2019-07-13 07:49:55,001 INFO  server.RaftServerConfigKeys (ConfUtils.java:logGet(43)) - raft.server.log.appender.buffer.byte-limit = 33554432 (custom)
2019-07-13 07:49:55,001 INFO  segmented.SegmentedRaftLogWorker (SegmentedRaftLogWorker.java:<init>(172)) - new 90dde012-7c03-4ea7-9c76-bbd308b6173a-SegmentedRaftLogWorker:Storage Directory /tmp/workdir/hadoop-ozone/integration-test/target/test-dir/MiniOzoneClusterImpl-b19d29cb-d84c-40b6-9e92-1c9c997984fb/datanode-1/data/ratis/f6c3be12-bfcb-4c15-bbc0-ea66d38b3839 for RaftStorage:Storage Directory /tmp/workdir/hadoop-ozone/integration-test/target/test-dir/MiniOzoneClusterImpl-b19d29cb-d84c-40b6-9e92-1c9c997984fb/datanode-1/data/ratis/f6c3be12-bfcb-4c15-bbc0-ea66d38b3839
2019-07-13 07:49:55,001 INFO  server.RaftServerConfigKeys (ConfUtils.java:logGet(43)) - raft.server.log.segment.size.max = 1048576 (custom)
2019-07-13 07:49:55,001 INFO  server.RaftServerConfigKeys (ConfUtils.java:logGet(43)) - raft.server.log.queue.byte-limit = 2147483647 (custom)
2019-07-13 07:49:55,001 INFO  server.RaftServerConfigKeys (ConfUtils.java:logGet(43)) - raft.server.log.segment.size.max = 1048576 (custom)
2019-07-13 07:49:55,004 INFO  server.RaftServerConfigKeys (ConfUtils.java:logGet(43)) - raft.server.log.queue.element-limit = 1024 (custom)
2019-07-13 07:49:55,003 INFO  server.RaftServerConfigKeys (ConfUtils.java:logGet(43)) - raft.server.log.segment.cache.num.max = 2 (custom)
2019-07-13 07:49:55,004 INFO  server.RaftServerConfigKeys (ConfUtils.java:logGet(43)) - raft.server.log.segment.size.max = 1048576 (custom)
2019-07-13 07:49:55,004 INFO  server.RaftServerConfigKeys (ConfUtils.java:logGet(43)) - raft.server.log.segment.cache.num.max = 2 (custom)
2019-07-13 07:49:55,004 INFO  server.RaftServerConfigKeys (ConfUtils.java:logGet(43)) - raft.server.log.preallocated.size = 16384 (custom)
2019-07-13 07:49:55,004 INFO  segmented.SegmentedRaftLogWorker (SegmentedRaftLogWorker.java:<init>(172)) - new 20e42339-5a36-4fe0-801d-4f9d19ea02b6-SegmentedRaftLogWorker:Storage Directory /tmp/workdir/hadoop-ozone/integration-test/target/test-dir/MiniOzoneClusterImpl-b19d29cb-d84c-40b6-9e92-1c9c997984fb/datanode-0/data/ratis/f6c3be12-bfcb-4c15-bbc0-ea66d38b3839 for RaftStorage:Storage Directory /tmp/workdir/hadoop-ozone/integration-test/target/test-dir/MiniOzoneClusterImpl-b19d29cb-d84c-40b6-9e92-1c9c997984fb/datanode-0/data/ratis/f6c3be12-bfcb-4c15-bbc0-ea66d38b3839
2019-07-13 07:49:55,005 INFO  server.RaftServerConfigKeys (ConfUtils.java:logGet(43)) - raft.server.log.write.buffer.size = 33554432 (custom)
2019-07-13 07:49:55,005 INFO  segmented.SegmentedRaftLogWorker (SegmentedRaftLogWorker.java:<init>(172)) - new b67726a8-d577-409c-a2e5-78c5cc7f838c-SegmentedRaftLogWorker:Storage Directory /tmp/workdir/hadoop-ozone/integration-test/target/test-dir/MiniOzoneClusterImpl-b19d29cb-d84c-40b6-9e92-1c9c997984fb/datanode-4/data/ratis/f6c3be12-bfcb-4c15-bbc0-ea66d38b3839 for RaftStorage:Storage Directory /tmp/workdir/hadoop-ozone/integration-test/target/test-dir/MiniOzoneClusterImpl-b19d29cb-d84c-40b6-9e92-1c9c997984fb/datanode-4/data/ratis/f6c3be12-bfcb-4c15-bbc0-ea66d38b3839
2019-07-13 07:49:55,005 INFO  server.RaftServerConfigKeys (ConfUtils.java:logGet(43)) - raft.server.log.force.sync.num = 128 (default)
2019-07-13 07:49:55,005 INFO  server.RaftServerConfigKeys (ConfUtils.java:logGet(43)) - raft.server.log.queue.byte-limit = 2147483647 (custom)
2019-07-13 07:49:55,007 INFO  server.RaftServerConfigKeys (ConfUtils.java:logGet(43)) - raft.server.log.statemachine.data.sync = true (default)
2019-07-13 07:49:55,007 INFO  server.RaftServerConfigKeys (ConfUtils.java:logGet(43)) - raft.server.log.queue.byte-limit = 2147483647 (custom)
2019-07-13 07:49:55,010 INFO  server.RaftServerConfigKeys (ConfUtils.java:logGet(43)) - raft.server.log.statemachine.data.sync.timeout = 10s (default)
2019-07-13 07:49:55,009 INFO  server.RaftServerConfigKeys (ConfUtils.java:logGet(43)) - raft.server.log.queue.element-limit = 1024 (custom)
2019-07-13 07:49:55,010 INFO  server.RaftServerConfigKeys (ConfUtils.java:logGet(43)) - raft.server.log.statemachine.data.sync.timeout.retry = -1 (default)
2019-07-13 07:49:55,010 INFO  server.RaftServerConfigKeys (ConfUtils.java:logGet(43)) - raft.server.log.queue.element-limit = 1024 (custom)
2019-07-13 07:49:55,010 INFO  server.RaftServerConfigKeys (ConfUtils.java:logGet(43)) - raft.server.log.statemachine.data.caching.enabled = true (custom)
2019-07-13 07:49:55,010 INFO  server.RaftServerConfigKeys (ConfUtils.java:logGet(43)) - raft.server.log.segment.size.max = 1048576 (custom)
2019-07-13 07:49:55,011 INFO  server.RaftServerConfigKeys (ConfUtils.java:logGet(43)) - raft.server.log.segment.size.max = 1048576 (custom)
2019-07-13 07:49:55,011 INFO  segmented.SegmentedRaftLogWorker (SegmentedRaftLogWorker.java:lambda$new$0(132)) - 90dde012-7c03-4ea7-9c76-bbd308b6173a-SegmentedRaftLogWorker:Storage Directory /tmp/workdir/hadoop-ozone/integration-test/target/test-dir/MiniOzoneClusterImpl-b19d29cb-d84c-40b6-9e92-1c9c997984fb/datanode-1/data/ratis/f6c3be12-bfcb-4c15-bbc0-ea66d38b3839: flushIndex: setUnconditionally 0 -> -1
2019-07-13 07:49:55,011 INFO  server.RaftServerConfigKeys (ConfUtils.java:logGet(43)) - raft.server.log.preallocated.size = 16384 (custom)
2019-07-13 07:49:55,011 INFO  server.RaftServerConfigKeys (ConfUtils.java:logGet(43)) - raft.server.log.preallocated.size = 16384 (custom)
2019-07-13 07:49:55,011 INFO  server.RaftServerConfigKeys (ConfUtils.java:logGet(43)) - raft.server.snapshot.auto.trigger.enabled = true (custom)
2019-07-13 07:49:55,011 INFO  server.RaftServerConfigKeys (ConfUtils.java:logGet(43)) - raft.server.log.write.buffer.size = 33554432 (custom)
2019-07-13 07:49:55,012 INFO  server.RaftServerConfigKeys (ConfUtils.java:logGet(43)) - raft.server.snapshot.auto.trigger.threshold = 10000 (custom)
2019-07-13 07:49:55,012 INFO  server.RaftServerConfigKeys (ConfUtils.java:logGet(43)) - raft.server.log.write.buffer.size = 33554432 (custom)
2019-07-13 07:49:55,012 INFO  server.RaftServerConfigKeys (ConfUtils.java:logGet(43)) - raft.server.log.force.sync.num = 128 (default)
2019-07-13 07:49:55,012 INFO  server.RaftServerConfigKeys (ConfUtils.java:logGet(43)) - raft.server.retrycache.expirytime = 600000ms (custom)
2019-07-13 07:49:55,012 INFO  server.RaftServerConfigKeys (ConfUtils.java:logGet(43)) - raft.server.log.force.sync.num = 128 (default)
2019-07-13 07:49:55,013 INFO  impl.RaftServerImpl (RaftServerImpl.java:start(180)) - 90dde012-7c03-4ea7-9c76-bbd308b6173a: start group-EA66D38B3839
2019-07-13 07:49:55,012 INFO  server.RaftServerConfigKeys (ConfUtils.java:logGet(43)) - raft.server.log.statemachine.data.sync = true (default)
2019-07-13 07:49:55,013 INFO  impl.RaftServerImpl (RaftServerImpl.java:setRole(171)) - 90dde012-7c03-4ea7-9c76-bbd308b6173a:group-EA66D38B3839 changes role from null to FOLLOWER at term 0 for startAsFollower
2019-07-13 07:49:55,013 INFO  server.RaftServerConfigKeys (ConfUtils.java:logGet(43)) - raft.server.log.statemachine.data.sync = true (default)
2019-07-13 07:49:55,013 INFO  impl.RoleInfo (RoleInfo.java:updateAndGet(143)) - 90dde012-7c03-4ea7-9c76-bbd308b6173a: start FollowerState
2019-07-13 07:49:55,013 INFO  server.RaftServerConfigKeys (ConfUtils.java:logGet(43)) - raft.server.log.statemachine.data.sync.timeout = 10s (default)
2019-07-13 07:49:55,014 INFO  server.RaftServerConfigKeys (ConfUtils.java:logGet(43)) - raft.server.log.statemachine.data.sync.timeout = 10s (default)
2019-07-13 07:49:55,014 INFO  server.RaftServerConfigKeys (ConfUtils.java:logGet(43)) - raft.server.log.statemachine.data.sync.timeout.retry = -1 (default)
2019-07-13 07:49:55,014 INFO  server.RaftServerConfigKeys (ConfUtils.java:logGet(43)) - raft.server.log.statemachine.data.sync.timeout.retry = -1 (default)
2019-07-13 07:49:55,014 INFO  server.RaftServerConfigKeys (ConfUtils.java:logGet(43)) - raft.server.log.statemachine.data.caching.enabled = true (custom)
2019-07-13 07:49:55,014 INFO  util.JmxRegister (JmxRegister.java:tryRegister(44)) - Successfully registered JMX Bean with object name Ratis:service=RaftServer,group=group-EA66D38B3839,id=90dde012-7c03-4ea7-9c76-bbd308b6173a
2019-07-13 07:49:55,014 INFO  server.RaftServerConfigKeys (ConfUtils.java:logGet(43)) - raft.server.log.statemachine.data.caching.enabled = true (custom)
2019-07-13 07:49:55,015 INFO  segmented.SegmentedRaftLogWorker (SegmentedRaftLogWorker.java:lambda$new$0(132)) - 20e42339-5a36-4fe0-801d-4f9d19ea02b6-SegmentedRaftLogWorker:Storage Directory /tmp/workdir/hadoop-ozone/integration-test/target/test-dir/MiniOzoneClusterImpl-b19d29cb-d84c-40b6-9e92-1c9c997984fb/datanode-0/data/ratis/f6c3be12-bfcb-4c15-bbc0-ea66d38b3839: flushIndex: setUnconditionally 0 -> -1
2019-07-13 07:49:55,015 INFO  segmented.SegmentedRaftLogWorker (SegmentedRaftLogWorker.java:lambda$new$0(132)) - b67726a8-d577-409c-a2e5-78c5cc7f838c-SegmentedRaftLogWorker:Storage Directory /tmp/workdir/hadoop-ozone/integration-test/target/test-dir/MiniOzoneClusterImpl-b19d29cb-d84c-40b6-9e92-1c9c997984fb/datanode-4/data/ratis/f6c3be12-bfcb-4c15-bbc0-ea66d38b3839: flushIndex: setUnconditionally 0 -> -1
2019-07-13 07:49:55,015 INFO  server.RaftServerConfigKeys (ConfUtils.java:logGet(43)) - raft.server.snapshot.auto.trigger.enabled = true (custom)
2019-07-13 07:49:55,015 INFO  server.RaftServerConfigKeys (ConfUtils.java:logGet(43)) - raft.server.snapshot.auto.trigger.threshold = 10000 (custom)
2019-07-13 07:49:55,016 INFO  server.RaftServerConfigKeys (ConfUtils.java:logGet(43)) - raft.server.snapshot.auto.trigger.enabled = true (custom)
2019-07-13 07:49:55,016 INFO  server.RaftServerConfigKeys (ConfUtils.java:logGet(43)) - raft.server.retrycache.expirytime = 600000ms (custom)
2019-07-13 07:49:55,016 INFO  server.RaftServerConfigKeys (ConfUtils.java:logGet(43)) - raft.server.snapshot.auto.trigger.threshold = 10000 (custom)
2019-07-13 07:49:55,016 INFO  impl.RaftServerImpl (RaftServerImpl.java:start(180)) - 20e42339-5a36-4fe0-801d-4f9d19ea02b6: start group-EA66D38B3839
2019-07-13 07:49:55,016 INFO  server.RaftServerConfigKeys (ConfUtils.java:logGet(43)) - raft.server.retrycache.expirytime = 600000ms (custom)
2019-07-13 07:49:55,016 INFO  impl.RaftServerImpl (RaftServerImpl.java:setRole(171)) - 20e42339-5a36-4fe0-801d-4f9d19ea02b6:group-EA66D38B3839 changes role from null to FOLLOWER at term 0 for startAsFollower
2019-07-13 07:49:55,016 INFO  impl.RaftServerImpl (RaftServerImpl.java:start(180)) - b67726a8-d577-409c-a2e5-78c5cc7f838c: start group-EA66D38B3839
2019-07-13 07:49:55,017 INFO  impl.RoleInfo (RoleInfo.java:updateAndGet(143)) - 20e42339-5a36-4fe0-801d-4f9d19ea02b6: start FollowerState
2019-07-13 07:49:55,017 INFO  impl.RaftServerImpl (RaftServerImpl.java:setRole(171)) - b67726a8-d577-409c-a2e5-78c5cc7f838c:group-EA66D38B3839 changes role from null to FOLLOWER at term 0 for startAsFollower
2019-07-13 07:49:55,017 INFO  impl.RoleInfo (RoleInfo.java:updateAndGet(143)) - b67726a8-d577-409c-a2e5-78c5cc7f838c: start FollowerState
2019-07-13 07:49:55,017 INFO  util.JmxRegister (JmxRegister.java:tryRegister(44)) - Successfully registered JMX Bean with object name Ratis:service=RaftServer,group=group-EA66D38B3839,id=20e42339-5a36-4fe0-801d-4f9d19ea02b6
2019-07-13 07:49:55,018 INFO  util.JmxRegister (JmxRegister.java:tryRegister(44)) - Successfully registered JMX Bean with object name Ratis:service=RaftServer,group=group-EA66D38B3839,id=b67726a8-d577-409c-a2e5-78c5cc7f838c
2019-07-13 07:49:55,041 INFO  pipeline.PipelineStateManager (PipelineStateManager.java:addPipeline(56)) - Created pipeline Pipeline[ Id: f6c3be12-bfcb-4c15-bbc0-ea66d38b3839, Nodes: 90dde012-7c03-4ea7-9c76-bbd308b6173a{ip: 192.168.69.84, host: trunk-nightly-9lh4p-2362225927, networkLocation: /default-rack, certSerialId: null}20e42339-5a36-4fe0-801d-4f9d19ea02b6{ip: 192.168.69.84, host: trunk-nightly-9lh4p-2362225927, networkLocation: /default-rack, certSerialId: null}b67726a8-d577-409c-a2e5-78c5cc7f838c{ip: 192.168.69.84, host: trunk-nightly-9lh4p-2362225927, networkLocation: /default-rack, certSerialId: null}, Type:RATIS, Factor:THREE, State:OPEN]
2019-07-13 07:49:55,076 INFO  impl.RaftServerProxy (RaftServerProxy.java:addNew(89)) - c4f0e421-8083-4827-aa3d-30282f3dd7d5: addNew group-B3D7D99A1B0C:[c4f0e421-8083-4827-aa3d-30282f3dd7d5:192.168.69.84:42248, 53e4d6b2-2f0c-49c6-b64d-6c13996e2007:192.168.69.84:35567, 65562a4b-7d90-421d-8806-cc1c3bd48af7:192.168.69.84:44640] returns group-B3D7D99A1B0C:java.util.concurrent.CompletableFuture@1616c81b[Not completed]
2019-07-13 07:49:55,076 INFO  impl.RaftServerProxy (RaftServerProxy.java:addNew(89)) - 65562a4b-7d90-421d-8806-cc1c3bd48af7: addNew group-B3D7D99A1B0C:[c4f0e421-8083-4827-aa3d-30282f3dd7d5:192.168.69.84:42248, 53e4d6b2-2f0c-49c6-b64d-6c13996e2007:192.168.69.84:35567, 65562a4b-7d90-421d-8806-cc1c3bd48af7:192.168.69.84:44640] returns group-B3D7D99A1B0C:java.util.concurrent.CompletableFuture@7e4e0a06[Not completed]
2019-07-13 07:49:55,077 INFO  impl.RaftServerProxy (RaftServerProxy.java:addNew(89)) - 53e4d6b2-2f0c-49c6-b64d-6c13996e2007: addNew group-B3D7D99A1B0C:[c4f0e421-8083-4827-aa3d-30282f3dd7d5:192.168.69.84:42248, 53e4d6b2-2f0c-49c6-b64d-6c13996e2007:192.168.69.84:35567, 65562a4b-7d90-421d-8806-cc1c3bd48af7:192.168.69.84:44640] returns group-B3D7D99A1B0C:java.util.concurrent.CompletableFuture@7265ae4c[Not completed]
2019-07-13 07:49:55,080 INFO  impl.RaftServerImpl (RaftServerImpl.java:<init>(93)) - c4f0e421-8083-4827-aa3d-30282f3dd7d5: new RaftServerImpl for group-B3D7D99A1B0C:[c4f0e421-8083-4827-aa3d-30282f3dd7d5:192.168.69.84:42248, 53e4d6b2-2f0c-49c6-b64d-6c13996e2007:192.168.69.84:35567, 65562a4b-7d90-421d-8806-cc1c3bd48af7:192.168.69.84:44640] with ContainerStateMachine:uninitialized
2019-07-13 07:49:55,080 INFO  server.RaftServerConfigKeys (ConfUtils.java:logGet(43)) - raft.server.rpc.timeout.min = 5s (custom)
2019-07-13 07:49:55,080 INFO  server.RaftServerConfigKeys (ConfUtils.java:logGet(43)) - raft.server.rpc.timeout.max = 5200ms (custom)
2019-07-13 07:49:55,080 INFO  server.RaftServerConfigKeys (ConfUtils.java:logGet(43)) - raft.server.rpcslowness.timeout = 120s (custom)
2019-07-13 07:49:55,081 INFO  server.RaftServerConfigKeys (ConfUtils.java:logGet(43)) - raft.server.sleep.deviation.threshold = 300 (default)
2019-07-13 07:49:55,081 INFO  server.RaftServerConfigKeys (ConfUtils.java:logGet(43)) - raft.server.log.appender.install.snapshot.enabled = false (custom)
2019-07-13 07:49:55,081 INFO  impl.RaftServerImpl (ServerState.java:<init>(105)) - c4f0e421-8083-4827-aa3d-30282f3dd7d5:group-B3D7D99A1B0C ConfigurationManager, init=-1: [c4f0e421-8083-4827-aa3d-30282f3dd7d5:192.168.69.84:42248, 53e4d6b2-2f0c-49c6-b64d-6c13996e2007:192.168.69.84:35567, 65562a4b-7d90-421d-8806-cc1c3bd48af7:192.168.69.84:44640], old=null, confs=<EMPTY_MAP>
2019-07-13 07:49:55,081 INFO  impl.RaftServerImpl (RaftServerImpl.java:<init>(93)) - 53e4d6b2-2f0c-49c6-b64d-6c13996e2007: new RaftServerImpl for group-B3D7D99A1B0C:[c4f0e421-8083-4827-aa3d-30282f3dd7d5:192.168.69.84:42248, 53e4d6b2-2f0c-49c6-b64d-6c13996e2007:192.168.69.84:35567, 65562a4b-7d90-421d-8806-cc1c3bd48af7:192.168.69.84:44640] with ContainerStateMachine:uninitialized
2019-07-13 07:49:55,081 INFO  server.RaftServerConfigKeys (ConfUtils.java:logGet(43)) - raft.server.storage.dir = [/tmp/workdir/hadoop-ozone/integration-test/target/test-dir/MiniOzoneClusterImpl-b19d29cb-d84c-40b6-9e92-1c9c997984fb/datanode-5/data/ratis] (custom)
2019-07-13 07:49:55,081 INFO  server.RaftServerConfigKeys (ConfUtils.java:logGet(43)) - raft.server.rpc.timeout.min = 5s (custom)
2019-07-13 07:49:55,082 INFO  server.RaftServerConfigKeys (ConfUtils.java:logGet(43)) - raft.server.rpc.timeout.max = 5200ms (custom)
2019-07-13 07:49:55,082 INFO  storage.RaftStorageDirectory (RaftStorageDirectory.java:analyzeStorage(246)) - The storage directory /tmp/workdir/hadoop-ozone/integration-test/target/test-dir/MiniOzoneClusterImpl-b19d29cb-d84c-40b6-9e92-1c9c997984fb/datanode-5/data/ratis/2520a055-7e48-4c74-a187-b3d7d99a1b0c does not exist. Creating ...
2019-07-13 07:49:55,082 INFO  impl.RaftServerImpl (RaftServerImpl.java:<init>(93)) - 65562a4b-7d90-421d-8806-cc1c3bd48af7: new RaftServerImpl for group-B3D7D99A1B0C:[c4f0e421-8083-4827-aa3d-30282f3dd7d5:192.168.69.84:42248, 53e4d6b2-2f0c-49c6-b64d-6c13996e2007:192.168.69.84:35567, 65562a4b-7d90-421d-8806-cc1c3bd48af7:192.168.69.84:44640] with ContainerStateMachine:uninitialized
2019-07-13 07:49:55,082 INFO  server.RaftServerConfigKeys (ConfUtils.java:logGet(43)) - raft.server.rpcslowness.timeout = 120s (custom)
2019-07-13 07:49:55,082 INFO  server.RaftServerConfigKeys (ConfUtils.java:logGet(43)) - raft.server.rpc.timeout.min = 5s (custom)
2019-07-13 07:49:55,082 INFO  server.RaftServerConfigKeys (ConfUtils.java:logGet(43)) - raft.server.sleep.deviation.threshold = 300 (default)
2019-07-13 07:49:55,082 INFO  server.RaftServerConfigKeys (ConfUtils.java:logGet(43)) - raft.server.rpc.timeout.max = 5200ms (custom)
2019-07-13 07:49:55,083 INFO  server.RaftServerConfigKeys (ConfUtils.java:logGet(43)) - raft.server.log.appender.install.snapshot.enabled = false (custom)
2019-07-13 07:49:55,083 INFO  server.RaftServerConfigKeys (ConfUtils.java:logGet(43)) - raft.server.rpcslowness.timeout = 120s (custom)
2019-07-13 07:49:55,083 INFO  impl.RaftServerImpl (ServerState.java:<init>(105)) - 53e4d6b2-2f0c-49c6-b64d-6c13996e2007:group-B3D7D99A1B0C ConfigurationManager, init=-1: [c4f0e421-8083-4827-aa3d-30282f3dd7d5:192.168.69.84:42248, 53e4d6b2-2f0c-49c6-b64d-6c13996e2007:192.168.69.84:35567, 65562a4b-7d90-421d-8806-cc1c3bd48af7:192.168.69.84:44640], old=null, confs=<EMPTY_MAP>
2019-07-13 07:49:55,083 INFO  server.RaftServerConfigKeys (ConfUtils.java:logGet(43)) - raft.server.sleep.deviation.threshold = 300 (default)
2019-07-13 07:49:55,083 INFO  server.RaftServerConfigKeys (ConfUtils.java:logGet(43)) - raft.server.storage.dir = [/tmp/workdir/hadoop-ozone/integration-test/target/test-dir/MiniOzoneClusterImpl-b19d29cb-d84c-40b6-9e92-1c9c997984fb/datanode-6/data/ratis] (custom)
2019-07-13 07:49:55,083 INFO  server.RaftServerConfigKeys (ConfUtils.java:logGet(43)) - raft.server.log.appender.install.snapshot.enabled = false (custom)
2019-07-13 07:49:55,084 INFO  impl.RaftServerImpl (ServerState.java:<init>(105)) - 65562a4b-7d90-421d-8806-cc1c3bd48af7:group-B3D7D99A1B0C ConfigurationManager, init=-1: [c4f0e421-8083-4827-aa3d-30282f3dd7d5:192.168.69.84:42248, 53e4d6b2-2f0c-49c6-b64d-6c13996e2007:192.168.69.84:35567, 65562a4b-7d90-421d-8806-cc1c3bd48af7:192.168.69.84:44640], old=null, confs=<EMPTY_MAP>
2019-07-13 07:49:55,084 INFO  storage.RaftStorageDirectory (RaftStorageDirectory.java:analyzeStorage(246)) - The storage directory /tmp/workdir/hadoop-ozone/integration-test/target/test-dir/MiniOzoneClusterImpl-b19d29cb-d84c-40b6-9e92-1c9c997984fb/datanode-6/data/ratis/2520a055-7e48-4c74-a187-b3d7d99a1b0c does not exist. Creating ...
2019-07-13 07:49:55,084 INFO  server.RaftServerConfigKeys (ConfUtils.java:logGet(43)) - raft.server.storage.dir = [/tmp/workdir/hadoop-ozone/integration-test/target/test-dir/MiniOzoneClusterImpl-b19d29cb-d84c-40b6-9e92-1c9c997984fb/datanode-3/data/ratis] (custom)
2019-07-13 07:49:55,085 INFO  storage.RaftStorageDirectory (RaftStorageDirectory.java:analyzeStorage(246)) - The storage directory /tmp/workdir/hadoop-ozone/integration-test/target/test-dir/MiniOzoneClusterImpl-b19d29cb-d84c-40b6-9e92-1c9c997984fb/datanode-3/data/ratis/2520a055-7e48-4c74-a187-b3d7d99a1b0c does not exist. Creating ...
2019-07-13 07:49:55,100 INFO  storage.RaftStorageDirectory (RaftStorageDirectory.java:tryLock(328)) - Lock on /tmp/workdir/hadoop-ozone/integration-test/target/test-dir/MiniOzoneClusterImpl-b19d29cb-d84c-40b6-9e92-1c9c997984fb/datanode-6/data/ratis/2520a055-7e48-4c74-a187-b3d7d99a1b0c/in_use.lock acquired by nodename 26340@trunk-nightly-9lh4p-2362225927
2019-07-13 07:49:55,100 INFO  storage.RaftStorageDirectory (RaftStorageDirectory.java:tryLock(328)) - Lock on /tmp/workdir/hadoop-ozone/integration-test/target/test-dir/MiniOzoneClusterImpl-b19d29cb-d84c-40b6-9e92-1c9c997984fb/datanode-5/data/ratis/2520a055-7e48-4c74-a187-b3d7d99a1b0c/in_use.lock acquired by nodename 26340@trunk-nightly-9lh4p-2362225927
2019-07-13 07:49:55,100 INFO  storage.RaftStorageDirectory (RaftStorageDirectory.java:tryLock(328)) - Lock on /tmp/workdir/hadoop-ozone/integration-test/target/test-dir/MiniOzoneClusterImpl-b19d29cb-d84c-40b6-9e92-1c9c997984fb/datanode-3/data/ratis/2520a055-7e48-4c74-a187-b3d7d99a1b0c/in_use.lock acquired by nodename 26340@trunk-nightly-9lh4p-2362225927
2019-07-13 07:49:55,114 INFO  storage.RaftStorage (RaftStorage.java:format(72)) - Storage directory /tmp/workdir/hadoop-ozone/integration-test/target/test-dir/MiniOzoneClusterImpl-b19d29cb-d84c-40b6-9e92-1c9c997984fb/datanode-6/data/ratis/2520a055-7e48-4c74-a187-b3d7d99a1b0c has been successfully formatted.
2019-07-13 07:49:55,114 INFO  storage.RaftStorage (RaftStorage.java:format(72)) - Storage directory /tmp/workdir/hadoop-ozone/integration-test/target/test-dir/MiniOzoneClusterImpl-b19d29cb-d84c-40b6-9e92-1c9c997984fb/datanode-5/data/ratis/2520a055-7e48-4c74-a187-b3d7d99a1b0c has been successfully formatted.
2019-07-13 07:49:55,115 INFO  ratis.ContainerStateMachine (ContainerStateMachine.java:loadSnapshot(200)) - The snapshot info is null.Setting the last applied index to:(t:0, i:~)
2019-07-13 07:49:55,114 INFO  storage.RaftStorage (RaftStorage.java:format(72)) - Storage directory /tmp/workdir/hadoop-ozone/integration-test/target/test-dir/MiniOzoneClusterImpl-b19d29cb-d84c-40b6-9e92-1c9c997984fb/datanode-3/data/ratis/2520a055-7e48-4c74-a187-b3d7d99a1b0c has been successfully formatted.
2019-07-13 07:49:55,115 INFO  ratis.ContainerStateMachine (ContainerStateMachine.java:loadSnapshot(200)) - The snapshot info is null.Setting the last applied index to:(t:0, i:~)
2019-07-13 07:49:55,115 INFO  ratis.ContainerStateMachine (ContainerStateMachine.java:loadSnapshot(200)) - The snapshot info is null.Setting the last applied index to:(t:0, i:~)
2019-07-13 07:49:55,115 INFO  server.RaftServerConfigKeys (ConfUtils.java:logGet(43)) - raft.server.leader.election.timeout = 120s (custom)
2019-07-13 07:49:55,115 INFO  server.RaftServerConfigKeys (ConfUtils.java:logGet(43)) - raft.server.leader.election.timeout = 120s (custom)
2019-07-13 07:49:55,115 INFO  server.RaftServerConfigKeys (ConfUtils.java:logGet(43)) - raft.server.leader.election.timeout = 120s (custom)
2019-07-13 07:49:55,116 INFO  server.RaftServerConfigKeys (ConfUtils.java:logGet(43)) - raft.server.log.use.memory = false (default)
2019-07-13 07:49:55,115 INFO  server.RaftServerConfigKeys (ConfUtils.java:logGet(43)) - raft.server.log.use.memory = false (default)
2019-07-13 07:49:55,116 INFO  server.RaftServerConfigKeys (ConfUtils.java:logGet(43)) - raft.server.log.purge.gap = 1000000000 (custom)
2019-07-13 07:49:55,116 INFO  server.RaftServerConfigKeys (ConfUtils.java:logGet(43)) - raft.server.log.use.memory = false (default)
2019-07-13 07:49:55,116 INFO  server.RaftServerConfigKeys (ConfUtils.java:logGet(43)) - raft.server.log.appender.buffer.byte-limit = 33554432 (custom)
2019-07-13 07:49:55,116 INFO  server.RaftServerConfigKeys (ConfUtils.java:logGet(43)) - raft.server.log.purge.gap = 1000000000 (custom)
2019-07-13 07:49:55,117 INFO  server.RaftServerConfigKeys (ConfUtils.java:logGet(43)) - raft.server.log.segment.size.max = 1048576 (custom)
2019-07-13 07:49:55,117 INFO  server.RaftServerConfigKeys (ConfUtils.java:logGet(43)) - raft.server.log.purge.gap = 1000000000 (custom)
2019-07-13 07:49:55,117 INFO  server.RaftServerConfigKeys (ConfUtils.java:logGet(43)) - raft.server.log.segment.cache.num.max = 2 (custom)
2019-07-13 07:49:55,117 INFO  server.RaftServerConfigKeys (ConfUtils.java:logGet(43)) - raft.server.log.appender.buffer.byte-limit = 33554432 (custom)
2019-07-13 07:49:55,118 INFO  segmented.SegmentedRaftLogWorker (SegmentedRaftLogWorker.java:<init>(172)) - new 65562a4b-7d90-421d-8806-cc1c3bd48af7-SegmentedRaftLogWorker:Storage Directory /tmp/workdir/hadoop-ozone/integration-test/target/test-dir/MiniOzoneClusterImpl-b19d29cb-d84c-40b6-9e92-1c9c997984fb/datanode-3/data/ratis/2520a055-7e48-4c74-a187-b3d7d99a1b0c for RaftStorage:Storage Directory /tmp/workdir/hadoop-ozone/integration-test/target/test-dir/MiniOzoneClusterImpl-b19d29cb-d84c-40b6-9e92-1c9c997984fb/datanode-3/data/ratis/2520a055-7e48-4c74-a187-b3d7d99a1b0c
2019-07-13 07:49:55,117 INFO  server.RaftServerConfigKeys (ConfUtils.java:logGet(43)) - raft.server.log.appender.buffer.byte-limit = 33554432 (custom)
2019-07-13 07:49:55,118 INFO  server.RaftServerConfigKeys (ConfUtils.java:logGet(43)) - raft.server.log.queue.byte-limit = 2147483647 (custom)
2019-07-13 07:49:55,118 INFO  server.RaftServerConfigKeys (ConfUtils.java:logGet(43)) - raft.server.log.segment.size.max = 1048576 (custom)
2019-07-13 07:49:55,120 INFO  server.RaftServerConfigKeys (ConfUtils.java:logGet(43)) - raft.server.log.queue.element-limit = 1024 (custom)
2019-07-13 07:49:55,120 INFO  server.RaftServerConfigKeys (ConfUtils.java:logGet(43)) - raft.server.log.segment.size.max = 1048576 (custom)
2019-07-13 07:49:55,120 INFO  server.RaftServerConfigKeys (ConfUtils.java:logGet(43)) - raft.server.log.segment.size.max = 1048576 (custom)
2019-07-13 07:49:55,120 INFO  server.RaftServerConfigKeys (ConfUtils.java:logGet(43)) - raft.server.log.segment.cache.num.max = 2 (custom)
2019-07-13 07:49:55,121 INFO  server.RaftServerConfigKeys (ConfUtils.java:logGet(43)) - raft.server.log.preallocated.size = 16384 (custom)
2019-07-13 07:49:55,120 INFO  server.RaftServerConfigKeys (ConfUtils.java:logGet(43)) - raft.server.log.segment.cache.num.max = 2 (custom)
2019-07-13 07:49:55,121 INFO  server.RaftServerConfigKeys (ConfUtils.java:logGet(43)) - raft.server.log.write.buffer.size = 33554432 (custom)
2019-07-13 07:49:55,121 INFO  segmented.SegmentedRaftLogWorker (SegmentedRaftLogWorker.java:<init>(172)) - new 53e4d6b2-2f0c-49c6-b64d-6c13996e2007-SegmentedRaftLogWorker:Storage Directory /tmp/workdir/hadoop-ozone/integration-test/target/test-dir/MiniOzoneClusterImpl-b19d29cb-d84c-40b6-9e92-1c9c997984fb/datanode-6/data/ratis/2520a055-7e48-4c74-a187-b3d7d99a1b0c for RaftStorage:Storage Directory /tmp/workdir/hadoop-ozone/integration-test/target/test-dir/MiniOzoneClusterImpl-b19d29cb-d84c-40b6-9e92-1c9c997984fb/datanode-6/data/ratis/2520a055-7e48-4c74-a187-b3d7d99a1b0c
2019-07-13 07:49:55,121 INFO  server.RaftServerConfigKeys (ConfUtils.java:logGet(43)) - raft.server.log.force.sync.num = 128 (default)
2019-07-13 07:49:55,121 INFO  segmented.SegmentedRaftLogWorker (SegmentedRaftLogWorker.java:<init>(172)) - new c4f0e421-8083-4827-aa3d-30282f3dd7d5-SegmentedRaftLogWorker:Storage Directory /tmp/workdir/hadoop-ozone/integration-test/target/test-dir/MiniOzoneClusterImpl-b19d29cb-d84c-40b6-9e92-1c9c997984fb/datanode-5/data/ratis/2520a055-7e48-4c74-a187-b3d7d99a1b0c for RaftStorage:Storage Directory /tmp/workdir/hadoop-ozone/integration-test/target/test-dir/MiniOzoneClusterImpl-b19d29cb-d84c-40b6-9e92-1c9c997984fb/datanode-5/data/ratis/2520a055-7e48-4c74-a187-b3d7d99a1b0c
2019-07-13 07:49:55,122 INFO  server.RaftServerConfigKeys (ConfUtils.java:logGet(43)) - raft.server.log.statemachine.data.sync = true (default)
2019-07-13 07:49:55,121 INFO  server.RaftServerConfigKeys (ConfUtils.java:logGet(43)) - raft.server.log.queue.byte-limit = 2147483647 (custom)
2019-07-13 07:49:55,126 INFO  server.RaftServerConfigKeys (ConfUtils.java:logGet(43)) - raft.server.log.statemachine.data.sync.timeout = 10s (default)
2019-07-13 07:49:55,124 INFO  server.RaftServerConfigKeys (ConfUtils.java:logGet(43)) - raft.server.log.queue.byte-limit = 2147483647 (custom)
2019-07-13 07:49:55,127 INFO  server.RaftServerConfigKeys (ConfUtils.java:logGet(43)) - raft.server.log.statemachine.data.sync.timeout.retry = -1 (default)
2019-07-13 07:49:55,126 INFO  server.RaftServerConfigKeys (ConfUtils.java:logGet(43)) - raft.server.log.queue.element-limit = 1024 (custom)
2019-07-13 07:49:55,127 INFO  server.RaftServerConfigKeys (ConfUtils.java:logGet(43)) - raft.server.log.statemachine.data.caching.enabled = true (custom)
2019-07-13 07:49:55,127 INFO  server.RaftServerConfigKeys (ConfUtils.java:logGet(43)) - raft.server.log.queue.element-limit = 1024 (custom)
2019-07-13 07:49:55,127 INFO  server.RaftServerConfigKeys (ConfUtils.java:logGet(43)) - raft.server.log.segment.size.max = 1048576 (custom)
2019-07-13 07:49:55,128 INFO  server.RaftServerConfigKeys (ConfUtils.java:logGet(43)) - raft.server.log.segment.size.max = 1048576 (custom)
2019-07-13 07:49:55,128 INFO  segmented.SegmentedRaftLogWorker (SegmentedRaftLogWorker.java:lambda$new$0(132)) - 65562a4b-7d90-421d-8806-cc1c3bd48af7-SegmentedRaftLogWorker:Storage Directory /tmp/workdir/hadoop-ozone/integration-test/target/test-dir/MiniOzoneClusterImpl-b19d29cb-d84c-40b6-9e92-1c9c997984fb/datanode-3/data/ratis/2520a055-7e48-4c74-a187-b3d7d99a1b0c: flushIndex: setUnconditionally 0 -> -1
2019-07-13 07:49:55,128 INFO  server.RaftServerConfigKeys (ConfUtils.java:logGet(43)) - raft.server.log.preallocated.size = 16384 (custom)
2019-07-13 07:49:55,128 INFO  server.RaftServerConfigKeys (ConfUtils.java:logGet(43)) - raft.server.log.preallocated.size = 16384 (custom)
2019-07-13 07:49:55,129 INFO  server.RaftServerConfigKeys (ConfUtils.java:logGet(43)) - raft.server.snapshot.auto.trigger.enabled = true (custom)
2019-07-13 07:49:55,129 INFO  server.RaftServerConfigKeys (ConfUtils.java:logGet(43)) - raft.server.log.write.buffer.size = 33554432 (custom)
2019-07-13 07:49:55,129 INFO  server.RaftServerConfigKeys (ConfUtils.java:logGet(43)) - raft.server.snapshot.auto.trigger.threshold = 10000 (custom)
2019-07-13 07:49:55,129 INFO  server.RaftServerConfigKeys (ConfUtils.java:logGet(43)) - raft.server.log.write.buffer.size = 33554432 (custom)
2019-07-13 07:49:55,129 INFO  server.RaftServerConfigKeys (ConfUtils.java:logGet(43)) - raft.server.retrycache.expirytime = 600000ms (custom)
2019-07-13 07:49:55,129 INFO  server.RaftServerConfigKeys (ConfUtils.java:logGet(43)) - raft.server.log.force.sync.num = 128 (default)
2019-07-13 07:49:55,130 INFO  impl.RaftServerImpl (RaftServerImpl.java:start(180)) - 65562a4b-7d90-421d-8806-cc1c3bd48af7: start group-B3D7D99A1B0C
2019-07-13 07:49:55,129 INFO  server.RaftServerConfigKeys (ConfUtils.java:logGet(43)) - raft.server.log.force.sync.num = 128 (default)
2019-07-13 07:49:55,130 INFO  impl.RaftServerImpl (RaftServerImpl.java:setRole(171)) - 65562a4b-7d90-421d-8806-cc1c3bd48af7:group-B3D7D99A1B0C changes role from null to FOLLOWER at term 0 for startAsFollower
2019-07-13 07:49:55,130 INFO  server.RaftServerConfigKeys (ConfUtils.java:logGet(43)) - raft.server.log.statemachine.data.sync = true (default)
2019-07-13 07:49:55,130 INFO  impl.RoleInfo (RoleInfo.java:updateAndGet(143)) - 65562a4b-7d90-421d-8806-cc1c3bd48af7: start FollowerState
2019-07-13 07:49:55,130 INFO  server.RaftServerConfigKeys (ConfUtils.java:logGet(43)) - raft.server.log.statemachine.data.sync = true (default)
2019-07-13 07:49:55,131 INFO  server.RaftServerConfigKeys (ConfUtils.java:logGet(43)) - raft.server.log.statemachine.data.sync.timeout = 10s (default)
2019-07-13 07:49:55,131 INFO  server.RaftServerConfigKeys (ConfUtils.java:logGet(43)) - raft.server.log.statemachine.data.sync.timeout = 10s (default)
2019-07-13 07:49:55,131 INFO  server.RaftServerConfigKeys (ConfUtils.java:logGet(43)) - raft.server.log.statemachine.data.sync.timeout.retry = -1 (default)
2019-07-13 07:49:55,131 INFO  util.JmxRegister (JmxRegister.java:tryRegister(44)) - Successfully registered JMX Bean with object name Ratis:service=RaftServer,group=group-B3D7D99A1B0C,id=65562a4b-7d90-421d-8806-cc1c3bd48af7
2019-07-13 07:49:55,132 INFO  server.RaftServerConfigKeys (ConfUtils.java:logGet(43)) - raft.server.log.statemachine.data.caching.enabled = true (custom)
2019-07-13 07:49:55,131 INFO  server.RaftServerConfigKeys (ConfUtils.java:logGet(43)) - raft.server.log.statemachine.data.sync.timeout.retry = -1 (default)
2019-07-13 07:49:55,132 INFO  segmented.SegmentedRaftLogWorker (SegmentedRaftLogWorker.java:lambda$new$0(132)) - c4f0e421-8083-4827-aa3d-30282f3dd7d5-SegmentedRaftLogWorker:Storage Directory /tmp/workdir/hadoop-ozone/integration-test/target/test-dir/MiniOzoneClusterImpl-b19d29cb-d84c-40b6-9e92-1c9c997984fb/datanode-5/data/ratis/2520a055-7e48-4c74-a187-b3d7d99a1b0c: flushIndex: setUnconditionally 0 -> -1
2019-07-13 07:49:55,132 INFO  server.RaftServerConfigKeys (ConfUtils.java:logGet(43)) - raft.server.log.statemachine.data.caching.enabled = true (custom)
2019-07-13 07:49:55,133 INFO  server.RaftServerConfigKeys (ConfUtils.java:logGet(43)) - raft.server.snapshot.auto.trigger.enabled = true (custom)
2019-07-13 07:49:55,133 INFO  segmented.SegmentedRaftLogWorker (SegmentedRaftLogWorker.java:lambda$new$0(132)) - 53e4d6b2-2f0c-49c6-b64d-6c13996e2007-SegmentedRaftLogWorker:Storage Directory /tmp/workdir/hadoop-ozone/integration-test/target/test-dir/MiniOzoneClusterImpl-b19d29cb-d84c-40b6-9e92-1c9c997984fb/datanode-6/data/ratis/2520a055-7e48-4c74-a187-b3d7d99a1b0c: flushIndex: setUnconditionally 0 -> -1
2019-07-13 07:49:55,133 INFO  server.RaftServerConfigKeys (ConfUtils.java:logGet(43)) - raft.server.snapshot.auto.trigger.threshold = 10000 (custom)
2019-07-13 07:49:55,133 INFO  server.RaftServerConfigKeys (ConfUtils.java:logGet(43)) - raft.server.snapshot.auto.trigger.enabled = true (custom)
2019-07-13 07:49:55,133 INFO  server.RaftServerConfigKeys (ConfUtils.java:logGet(43)) - raft.server.retrycache.expirytime = 600000ms (custom)
2019-07-13 07:49:55,133 INFO  server.RaftServerConfigKeys (ConfUtils.java:logGet(43)) - raft.server.snapshot.auto.trigger.threshold = 10000 (custom)
2019-07-13 07:49:55,135 INFO  impl.RaftServerImpl (RaftServerImpl.java:start(180)) - c4f0e421-8083-4827-aa3d-30282f3dd7d5: start group-B3D7D99A1B0C
2019-07-13 07:49:55,136 INFO  server.RaftServerConfigKeys (ConfUtils.java:logGet(43)) - raft.server.retrycache.expirytime = 600000ms (custom)
2019-07-13 07:49:55,136 INFO  impl.RaftServerImpl (RaftServerImpl.java:setRole(171)) - c4f0e421-8083-4827-aa3d-30282f3dd7d5:group-B3D7D99A1B0C changes role from null to FOLLOWER at term 0 for startAsFollower
2019-07-13 07:49:55,136 INFO  impl.RaftServerImpl (RaftServerImpl.java:start(180)) - 53e4d6b2-2f0c-49c6-b64d-6c13996e2007: start group-B3D7D99A1B0C
2019-07-13 07:49:55,138 INFO  impl.RaftServerImpl (RaftServerImpl.java:setRole(171)) - 53e4d6b2-2f0c-49c6-b64d-6c13996e2007:group-B3D7D99A1B0C changes role from null to FOLLOWER at term 0 for startAsFollower
2019-07-13 07:49:55,138 INFO  impl.RoleInfo (RoleInfo.java:updateAndGet(143)) - c4f0e421-8083-4827-aa3d-30282f3dd7d5: start FollowerState
2019-07-13 07:49:55,138 INFO  impl.RoleInfo (RoleInfo.java:updateAndGet(143)) - 53e4d6b2-2f0c-49c6-b64d-6c13996e2007: start FollowerState
2019-07-13 07:49:55,141 INFO  util.JmxRegister (JmxRegister.java:tryRegister(44)) - Successfully registered JMX Bean with object name Ratis:service=RaftServer,group=group-B3D7D99A1B0C,id=c4f0e421-8083-4827-aa3d-30282f3dd7d5
2019-07-13 07:49:55,141 INFO  util.JmxRegister (JmxRegister.java:tryRegister(44)) - Successfully registered JMX Bean with object name Ratis:service=RaftServer,group=group-B3D7D99A1B0C,id=53e4d6b2-2f0c-49c6-b64d-6c13996e2007
2019-07-13 07:49:55,159 INFO  pipeline.PipelineStateManager (PipelineStateManager.java:addPipeline(56)) - Created pipeline Pipeline[ Id: 2520a055-7e48-4c74-a187-b3d7d99a1b0c, Nodes: c4f0e421-8083-4827-aa3d-30282f3dd7d5{ip: 192.168.69.84, host: trunk-nightly-9lh4p-2362225927, networkLocation: /default-rack, certSerialId: null}65562a4b-7d90-421d-8806-cc1c3bd48af7{ip: 192.168.69.84, host: trunk-nightly-9lh4p-2362225927, networkLocation: /default-rack, certSerialId: null}53e4d6b2-2f0c-49c6-b64d-6c13996e2007{ip: 192.168.69.84, host: trunk-nightly-9lh4p-2362225927, networkLocation: /default-rack, certSerialId: null}, Type:RATIS, Factor:THREE, State:OPEN]
2019-07-13 07:49:55,473 INFO  ozone.MiniOzoneClusterImpl (MiniOzoneClusterImpl.java:lambda$waitForClusterToBeReady$0(142)) - Cluster is ready. Got 7 of 7 DN Heartbeats.
2019-07-13 07:49:55,799 INFO  rpc.RpcClient (RpcClient.java:createVolume(287)) - Creating Volume: watchforcommithandlingtest, with jenkins1000 as owner.
2019-07-13 07:49:55,853 INFO  rpc.RpcClient (RpcClient.java:createBucket(424)) - Creating Bucket: watchforcommithandlingtest/watchforcommithandlingtest, with Versioning false and Storage Type set to DISK and Encryption set to false 
2019-07-13 07:49:55,875 INFO  ozone.MiniOzoneClusterImpl (MiniOzoneClusterImpl.java:getStorageContainerLocationClient(241)) - Creating StorageContainerLocationProtocol RPC client with address /0.0.0.0:42539
2019-07-13 07:49:56,151 INFO  client.GrpcClientProtocolClient (GrpcClientProtocolClient.java:onNext(255)) - client-8B69BF0D1173->90dde012-7c03-4ea7-9c76-bbd308b6173a: receive RaftClientReply:client-8B69BF0D1173->90dde012-7c03-4ea7-9c76-bbd308b6173a@group-EA66D38B3839, cid=13, FAILED org.apache.ratis.protocol.NotLeaderException: Server 90dde012-7c03-4ea7-9c76-bbd308b6173a is not the leader (null). Request must be sent to leader., logIndex=0, commits[90dde012-7c03-4ea7-9c76-bbd308b6173a:c-1]
2019-07-13 07:49:56,241 INFO  container.ReplicationManager (ReplicationManager.java:start(155)) - Starting Replication Monitor Thread.
2019-07-13 07:49:56,245 INFO  container.ReplicationManager (ReplicationManager.java:run(207)) - Replication Monitor Thread took 4 milliseconds for processing 1 containers.
2019-07-13 07:49:57,204 INFO  client.GrpcClientProtocolClient (GrpcClientProtocolClient.java:onNext(255)) - client-8B69BF0D1173->20e42339-5a36-4fe0-801d-4f9d19ea02b6: receive RaftClientReply:client-8B69BF0D1173->20e42339-5a36-4fe0-801d-4f9d19ea02b6@group-EA66D38B3839, cid=13, FAILED org.apache.ratis.protocol.NotLeaderException: Server 20e42339-5a36-4fe0-801d-4f9d19ea02b6 is not the leader (null). Request must be sent to leader., logIndex=0, commits[20e42339-5a36-4fe0-801d-4f9d19ea02b6:c-1]
2019-07-13 07:49:58,235 INFO  client.GrpcClientProtocolClient (GrpcClientProtocolClient.java:onNext(255)) - client-8B69BF0D1173->b67726a8-d577-409c-a2e5-78c5cc7f838c: receive RaftClientReply:client-8B69BF0D1173->b67726a8-d577-409c-a2e5-78c5cc7f838c@group-EA66D38B3839, cid=13, FAILED org.apache.ratis.protocol.NotLeaderException: Server b67726a8-d577-409c-a2e5-78c5cc7f838c is not the leader (null). Request must be sent to leader., logIndex=0, commits[b67726a8-d577-409c-a2e5-78c5cc7f838c:c-1]
2019-07-13 07:49:59,261 INFO  client.GrpcClientProtocolClient (GrpcClientProtocolClient.java:onNext(255)) - client-8B69BF0D1173->20e42339-5a36-4fe0-801d-4f9d19ea02b6: receive RaftClientReply:client-8B69BF0D1173->20e42339-5a36-4fe0-801d-4f9d19ea02b6@group-EA66D38B3839, cid=13, FAILED org.apache.ratis.protocol.NotLeaderException: Server 20e42339-5a36-4fe0-801d-4f9d19ea02b6 is not the leader (null). Request must be sent to leader., logIndex=0, commits[20e42339-5a36-4fe0-801d-4f9d19ea02b6:c-1]
2019-07-13 07:49:59,471 INFO  impl.FollowerState (FollowerState.java:run(106)) - 20e42339-5a36-4fe0-801d-4f9d19ea02b6:group-ACDAB7A38BB8 changes to CANDIDATE, lastRpcTime:5121, electionTimeout:5121ms
2019-07-13 07:49:59,471 INFO  impl.RoleInfo (RoleInfo.java:shutdownFollowerState(121)) - 20e42339-5a36-4fe0-801d-4f9d19ea02b6: shutdown FollowerState
2019-07-13 07:49:59,471 INFO  impl.RaftServerImpl (RaftServerImpl.java:setRole(171)) - 20e42339-5a36-4fe0-801d-4f9d19ea02b6:group-ACDAB7A38BB8 changes role from FOLLOWER to CANDIDATE at term 0 for changeToCandidate
2019-07-13 07:49:59,478 INFO  impl.RoleInfo (RoleInfo.java:updateAndGet(143)) - 20e42339-5a36-4fe0-801d-4f9d19ea02b6: start LeaderElection
2019-07-13 07:49:59,500 INFO  impl.LeaderElection (LeaderElection.java:askForVotes(181)) - 20e42339-5a36-4fe0-801d-4f9d19ea02b6:group-ACDAB7A38BB8:LeaderElection1: begin an election at term 1 for -1: [20e42339-5a36-4fe0-801d-4f9d19ea02b6:192.168.69.84:45219], old=null
2019-07-13 07:49:59,502 INFO  impl.RoleInfo (RoleInfo.java:shutdownLeaderElection(134)) - 20e42339-5a36-4fe0-801d-4f9d19ea02b6: shutdown LeaderElection
2019-07-13 07:49:59,502 INFO  impl.RaftServerImpl (RaftServerImpl.java:setRole(171)) - 20e42339-5a36-4fe0-801d-4f9d19ea02b6:group-ACDAB7A38BB8 changes role from CANDIDATE to LEADER at term 1 for changeToLeader
2019-07-13 07:49:59,503 INFO  impl.RaftServerImpl (ServerState.java:setLeader(263)) - 20e42339-5a36-4fe0-801d-4f9d19ea02b6:group-ACDAB7A38BB8 change Leader from null to 20e42339-5a36-4fe0-801d-4f9d19ea02b6 at term 1 for becomeLeader, leader elected after 5229ms
2019-07-13 07:49:59,512 INFO  server.RaftServerConfigKeys (ConfUtils.java:logGet(43)) - raft.server.staging.catchup.gap = 1000 (default)
2019-07-13 07:49:59,512 INFO  server.RaftServerConfigKeys (ConfUtils.java:logGet(43)) - raft.server.rpc.sleep.time = 25ms (default)
2019-07-13 07:49:59,516 INFO  server.RaftServerConfigKeys (ConfUtils.java:logGet(43)) - raft.server.write.element-limit = 4096 (default)
2019-07-13 07:49:59,519 INFO  server.RaftServerConfigKeys (ConfUtils.java:logGet(43)) - raft.server.watch.timeout = 10s (default)
2019-07-13 07:49:59,520 INFO  server.RaftServerConfigKeys (ConfUtils.java:logGet(43)) - raft.server.watch.timeout.denomination = 1s (default)
2019-07-13 07:49:59,521 INFO  server.RaftServerConfigKeys (ConfUtils.java:logGet(43)) - raft.server.watch.element-limit = 65536 (default)
2019-07-13 07:49:59,532 INFO  impl.RoleInfo (RoleInfo.java:updateAndGet(143)) - 20e42339-5a36-4fe0-801d-4f9d19ea02b6: start LeaderState
2019-07-13 07:49:59,562 INFO  segmented.SegmentedRaftLogWorker (SegmentedRaftLogWorker.java:startLogSegment(380)) - 20e42339-5a36-4fe0-801d-4f9d19ea02b6-SegmentedRaftLogWorker:Storage Directory /tmp/workdir/hadoop-ozone/integration-test/target/test-dir/MiniOzoneClusterImpl-b19d29cb-d84c-40b6-9e92-1c9c997984fb/datanode-0/data/ratis/f0138589-4132-48f4-97ce-acdab7a38bb8: Starting segment from index:0
2019-07-13 07:49:59,572 INFO  impl.RaftServerImpl (ServerState.java:setRaftConf(361)) - 20e42339-5a36-4fe0-801d-4f9d19ea02b6:group-ACDAB7A38BB8 set configuration 0: [20e42339-5a36-4fe0-801d-4f9d19ea02b6:192.168.69.84:45219], old=null at 0
2019-07-13 07:49:59,620 INFO  impl.FollowerState (FollowerState.java:run(106)) - b67726a8-d577-409c-a2e5-78c5cc7f838c:group-73E8EA76418A changes to CANDIDATE, lastRpcTime:5027, electionTimeout:5027ms
2019-07-13 07:49:59,622 INFO  impl.RoleInfo (RoleInfo.java:shutdownFollowerState(121)) - b67726a8-d577-409c-a2e5-78c5cc7f838c: shutdown FollowerState
2019-07-13 07:49:59,622 INFO  impl.RaftServerImpl (RaftServerImpl.java:setRole(171)) - b67726a8-d577-409c-a2e5-78c5cc7f838c:group-73E8EA76418A changes role from FOLLOWER to CANDIDATE at term 0 for changeToCandidate
2019-07-13 07:49:59,622 INFO  impl.RoleInfo (RoleInfo.java:updateAndGet(143)) - b67726a8-d577-409c-a2e5-78c5cc7f838c: start LeaderElection
2019-07-13 07:49:59,642 INFO  impl.LeaderElection (LeaderElection.java:askForVotes(181)) - b67726a8-d577-409c-a2e5-78c5cc7f838c:group-73E8EA76418A:LeaderElection2: begin an election at term 1 for -1: [b67726a8-d577-409c-a2e5-78c5cc7f838c:192.168.69.84:39483], old=null
2019-07-13 07:49:59,642 INFO  impl.RoleInfo (RoleInfo.java:shutdownLeaderElection(134)) - b67726a8-d577-409c-a2e5-78c5cc7f838c: shutdown LeaderElection
2019-07-13 07:49:59,643 INFO  impl.RaftServerImpl (RaftServerImpl.java:setRole(171)) - b67726a8-d577-409c-a2e5-78c5cc7f838c:group-73E8EA76418A changes role from CANDIDATE to LEADER at term 1 for changeToLeader
2019-07-13 07:49:59,643 INFO  impl.RaftServerImpl (ServerState.java:setLeader(263)) - b67726a8-d577-409c-a2e5-78c5cc7f838c:group-73E8EA76418A change Leader from null to b67726a8-d577-409c-a2e5-78c5cc7f838c at term 1 for becomeLeader, leader elected after 5054ms
2019-07-13 07:49:59,645 INFO  server.RaftServerConfigKeys (ConfUtils.java:logGet(43)) - raft.server.staging.catchup.gap = 1000 (default)
2019-07-13 07:49:59,645 INFO  server.RaftServerConfigKeys (ConfUtils.java:logGet(43)) - raft.server.rpc.sleep.time = 25ms (default)
2019-07-13 07:49:59,645 INFO  server.RaftServerConfigKeys (ConfUtils.java:logGet(43)) - raft.server.write.element-limit = 4096 (default)
2019-07-13 07:49:59,645 INFO  server.RaftServerConfigKeys (ConfUtils.java:logGet(43)) - raft.server.watch.timeout = 10s (default)
2019-07-13 07:49:59,647 INFO  server.RaftServerConfigKeys (ConfUtils.java:logGet(43)) - raft.server.watch.timeout.denomination = 1s (default)
2019-07-13 07:49:59,648 INFO  server.RaftServerConfigKeys (ConfUtils.java:logGet(43)) - raft.server.watch.element-limit = 65536 (default)
2019-07-13 07:49:59,648 INFO  impl.RoleInfo (RoleInfo.java:updateAndGet(143)) - b67726a8-d577-409c-a2e5-78c5cc7f838c: start LeaderState
2019-07-13 07:49:59,648 INFO  segmented.SegmentedRaftLogWorker (SegmentedRaftLogWorker.java:startLogSegment(380)) - b67726a8-d577-409c-a2e5-78c5cc7f838c-SegmentedRaftLogWorker:Storage Directory /tmp/workdir/hadoop-ozone/integration-test/target/test-dir/MiniOzoneClusterImpl-b19d29cb-d84c-40b6-9e92-1c9c997984fb/datanode-4/data/ratis/01bd0eb8-c6a7-4b62-a291-73e8ea76418a: Starting segment from index:0
2019-07-13 07:49:59,649 INFO  impl.RaftServerImpl (ServerState.java:setRaftConf(361)) - b67726a8-d577-409c-a2e5-78c5cc7f838c:group-73E8EA76418A set configuration 0: [b67726a8-d577-409c-a2e5-78c5cc7f838c:192.168.69.84:39483], old=null at 0
2019-07-13 07:49:59,657 INFO  impl.FollowerState (FollowerState.java:run(106)) - 90dde012-7c03-4ea7-9c76-bbd308b6173a:group-3C7F9AB90BCF changes to CANDIDATE, lastRpcTime:5139, electionTimeout:5138ms
2019-07-13 07:49:59,657 INFO  impl.RoleInfo (RoleInfo.java:shutdownFollowerState(121)) - 90dde012-7c03-4ea7-9c76-bbd308b6173a: shutdown FollowerState
2019-07-13 07:49:59,657 INFO  impl.RaftServerImpl (RaftServerImpl.java:setRole(171)) - 90dde012-7c03-4ea7-9c76-bbd308b6173a:group-3C7F9AB90BCF changes role from FOLLOWER to CANDIDATE at term 0 for changeToCandidate
2019-07-13 07:49:59,657 INFO  impl.RoleInfo (RoleInfo.java:updateAndGet(143)) - 90dde012-7c03-4ea7-9c76-bbd308b6173a: start LeaderElection
2019-07-13 07:49:59,675 INFO  impl.LeaderElection (LeaderElection.java:askForVotes(181)) - 90dde012-7c03-4ea7-9c76-bbd308b6173a:group-3C7F9AB90BCF:LeaderElection3: begin an election at term 1 for -1: [90dde012-7c03-4ea7-9c76-bbd308b6173a:192.168.69.84:45890], old=null
2019-07-13 07:49:59,675 INFO  impl.RoleInfo (RoleInfo.java:shutdownLeaderElection(134)) - 90dde012-7c03-4ea7-9c76-bbd308b6173a: shutdown LeaderElection
2019-07-13 07:49:59,675 INFO  impl.RaftServerImpl (RaftServerImpl.java:setRole(171)) - 90dde012-7c03-4ea7-9c76-bbd308b6173a:group-3C7F9AB90BCF changes role from CANDIDATE to LEADER at term 1 for changeToLeader
2019-07-13 07:49:59,675 INFO  impl.RaftServerImpl (ServerState.java:setLeader(263)) - 90dde012-7c03-4ea7-9c76-bbd308b6173a:group-3C7F9AB90BCF change Leader from null to 90dde012-7c03-4ea7-9c76-bbd308b6173a at term 1 for becomeLeader, leader elected after 5164ms
2019-07-13 07:49:59,677 INFO  server.RaftServerConfigKeys (ConfUtils.java:logGet(43)) - raft.server.staging.catchup.gap = 1000 (default)
2019-07-13 07:49:59,677 INFO  server.RaftServerConfigKeys (ConfUtils.java:logGet(43)) - raft.server.rpc.sleep.time = 25ms (default)
2019-07-13 07:49:59,678 INFO  server.RaftServerConfigKeys (ConfUtils.java:logGet(43)) - raft.server.write.element-limit = 4096 (default)
2019-07-13 07:49:59,678 INFO  server.RaftServerConfigKeys (ConfUtils.java:logGet(43)) - raft.server.watch.timeout = 10s (default)
2019-07-13 07:49:59,678 INFO  server.RaftServerConfigKeys (ConfUtils.java:logGet(43)) - raft.server.watch.timeout.denomination = 1s (default)
2019-07-13 07:49:59,678 INFO  server.RaftServerConfigKeys (ConfUtils.java:logGet(43)) - raft.server.watch.element-limit = 65536 (default)
2019-07-13 07:49:59,678 INFO  impl.RoleInfo (RoleInfo.java:updateAndGet(143)) - 90dde012-7c03-4ea7-9c76-bbd308b6173a: start LeaderState
2019-07-13 07:49:59,679 INFO  segmented.SegmentedRaftLogWorker (SegmentedRaftLogWorker.java:startLogSegment(380)) - 90dde012-7c03-4ea7-9c76-bbd308b6173a-SegmentedRaftLogWorker:Storage Directory /tmp/workdir/hadoop-ozone/integration-test/target/test-dir/MiniOzoneClusterImpl-b19d29cb-d84c-40b6-9e92-1c9c997984fb/datanode-1/data/ratis/5b7e1273-0336-48c6-9556-3c7f9ab90bcf: Starting segment from index:0
2019-07-13 07:49:59,679 INFO  impl.RaftServerImpl (ServerState.java:setRaftConf(361)) - 90dde012-7c03-4ea7-9c76-bbd308b6173a:group-3C7F9AB90BCF set configuration 0: [90dde012-7c03-4ea7-9c76-bbd308b6173a:192.168.69.84:45890], old=null at 0
2019-07-13 07:49:59,688 INFO  impl.FollowerState (FollowerState.java:run(106)) - c4f0e421-8083-4827-aa3d-30282f3dd7d5:group-2F5A263C5AC1 changes to CANDIDATE, lastRpcTime:5014, electionTimeout:5014ms
2019-07-13 07:49:59,688 INFO  impl.RoleInfo (RoleInfo.java:shutdownFollowerState(121)) - c4f0e421-8083-4827-aa3d-30282f3dd7d5: shutdown FollowerState
2019-07-13 07:49:59,688 INFO  impl.RaftServerImpl (RaftServerImpl.java:setRole(171)) - c4f0e421-8083-4827-aa3d-30282f3dd7d5:group-2F5A263C5AC1 changes role from FOLLOWER to CANDIDATE at term 0 for changeToCandidate
2019-07-13 07:49:59,688 INFO  impl.RoleInfo (RoleInfo.java:updateAndGet(143)) - c4f0e421-8083-4827-aa3d-30282f3dd7d5: start LeaderElection
2019-07-13 07:49:59,707 INFO  impl.LeaderElection (LeaderElection.java:askForVotes(181)) - c4f0e421-8083-4827-aa3d-30282f3dd7d5:group-2F5A263C5AC1:LeaderElection4: begin an election at term 1 for -1: [c4f0e421-8083-4827-aa3d-30282f3dd7d5:192.168.69.84:42248], old=null
2019-07-13 07:49:59,708 INFO  impl.RoleInfo (RoleInfo.java:shutdownLeaderElection(134)) - c4f0e421-8083-4827-aa3d-30282f3dd7d5: shutdown LeaderElection
2019-07-13 07:49:59,708 INFO  impl.RaftServerImpl (RaftServerImpl.java:setRole(171)) - c4f0e421-8083-4827-aa3d-30282f3dd7d5:group-2F5A263C5AC1 changes role from CANDIDATE to LEADER at term 1 for changeToLeader
2019-07-13 07:49:59,708 INFO  impl.RaftServerImpl (ServerState.java:setLeader(263)) - c4f0e421-8083-4827-aa3d-30282f3dd7d5:group-2F5A263C5AC1 change Leader from null to c4f0e421-8083-4827-aa3d-30282f3dd7d5 at term 1 for becomeLeader, leader elected after 5038ms
2019-07-13 07:49:59,709 INFO  server.RaftServerConfigKeys (ConfUtils.java:logGet(43)) - raft.server.staging.catchup.gap = 1000 (default)
2019-07-13 07:49:59,710 INFO  server.RaftServerConfigKeys (ConfUtils.java:logGet(43)) - raft.server.rpc.sleep.time = 25ms (default)
2019-07-13 07:49:59,710 INFO  server.RaftServerConfigKeys (ConfUtils.java:logGet(43)) - raft.server.write.element-limit = 4096 (default)
2019-07-13 07:49:59,710 INFO  server.RaftServerConfigKeys (ConfUtils.java:logGet(43)) - raft.server.watch.timeout = 10s (default)
2019-07-13 07:49:59,710 INFO  server.RaftServerConfigKeys (ConfUtils.java:logGet(43)) - raft.server.watch.timeout.denomination = 1s (default)
2019-07-13 07:49:59,710 INFO  server.RaftServerConfigKeys (ConfUtils.java:logGet(43)) - raft.server.watch.element-limit = 65536 (default)
2019-07-13 07:49:59,711 INFO  impl.RoleInfo (RoleInfo.java:updateAndGet(143)) - c4f0e421-8083-4827-aa3d-30282f3dd7d5: start LeaderState
2019-07-13 07:49:59,711 INFO  segmented.SegmentedRaftLogWorker (SegmentedRaftLogWorker.java:startLogSegment(380)) - c4f0e421-8083-4827-aa3d-30282f3dd7d5-SegmentedRaftLogWorker:Storage Directory /tmp/workdir/hadoop-ozone/integration-test/target/test-dir/MiniOzoneClusterImpl-b19d29cb-d84c-40b6-9e92-1c9c997984fb/datanode-5/data/ratis/247ebf3a-5c4e-4a09-8ceb-2f5a263c5ac1: Starting segment from index:0
2019-07-13 07:49:59,711 INFO  impl.RaftServerImpl (ServerState.java:setRaftConf(361)) - c4f0e421-8083-4827-aa3d-30282f3dd7d5:group-2F5A263C5AC1 set configuration 0: [c4f0e421-8083-4827-aa3d-30282f3dd7d5:192.168.69.84:42248], old=null at 0
2019-07-13 07:49:59,791 INFO  segmented.SegmentedRaftLogWorker (SegmentedRaftLogWorker.java:execute(569)) - 20e42339-5a36-4fe0-801d-4f9d19ea02b6-SegmentedRaftLogWorker:Storage Directory /tmp/workdir/hadoop-ozone/integration-test/target/test-dir/MiniOzoneClusterImpl-b19d29cb-d84c-40b6-9e92-1c9c997984fb/datanode-0/data/ratis/f0138589-4132-48f4-97ce-acdab7a38bb8: created new log segment /tmp/workdir/hadoop-ozone/integration-test/target/test-dir/MiniOzoneClusterImpl-b19d29cb-d84c-40b6-9e92-1c9c997984fb/datanode-0/data/ratis/f0138589-4132-48f4-97ce-acdab7a38bb8/current/log_inprogress_0
2019-07-13 07:49:59,791 INFO  segmented.SegmentedRaftLogWorker (SegmentedRaftLogWorker.java:execute(569)) - b67726a8-d577-409c-a2e5-78c5cc7f838c-SegmentedRaftLogWorker:Storage Directory /tmp/workdir/hadoop-ozone/integration-test/target/test-dir/MiniOzoneClusterImpl-b19d29cb-d84c-40b6-9e92-1c9c997984fb/datanode-4/data/ratis/01bd0eb8-c6a7-4b62-a291-73e8ea76418a: created new log segment /tmp/workdir/hadoop-ozone/integration-test/target/test-dir/MiniOzoneClusterImpl-b19d29cb-d84c-40b6-9e92-1c9c997984fb/datanode-4/data/ratis/01bd0eb8-c6a7-4b62-a291-73e8ea76418a/current/log_inprogress_0
2019-07-13 07:49:59,791 INFO  segmented.SegmentedRaftLogWorker (SegmentedRaftLogWorker.java:execute(569)) - 90dde012-7c03-4ea7-9c76-bbd308b6173a-SegmentedRaftLogWorker:Storage Directory /tmp/workdir/hadoop-ozone/integration-test/target/test-dir/MiniOzoneClusterImpl-b19d29cb-d84c-40b6-9e92-1c9c997984fb/datanode-1/data/ratis/5b7e1273-0336-48c6-9556-3c7f9ab90bcf: created new log segment /tmp/workdir/hadoop-ozone/integration-test/target/test-dir/MiniOzoneClusterImpl-b19d29cb-d84c-40b6-9e92-1c9c997984fb/datanode-1/data/ratis/5b7e1273-0336-48c6-9556-3c7f9ab90bcf/current/log_inprogress_0
2019-07-13 07:49:59,791 INFO  segmented.SegmentedRaftLogWorker (SegmentedRaftLogWorker.java:execute(569)) - c4f0e421-8083-4827-aa3d-30282f3dd7d5-SegmentedRaftLogWorker:Storage Directory /tmp/workdir/hadoop-ozone/integration-test/target/test-dir/MiniOzoneClusterImpl-b19d29cb-d84c-40b6-9e92-1c9c997984fb/datanode-5/data/ratis/247ebf3a-5c4e-4a09-8ceb-2f5a263c5ac1: created new log segment /tmp/workdir/hadoop-ozone/integration-test/target/test-dir/MiniOzoneClusterImpl-b19d29cb-d84c-40b6-9e92-1c9c997984fb/datanode-5/data/ratis/247ebf3a-5c4e-4a09-8ceb-2f5a263c5ac1/current/log_inprogress_0
2019-07-13 07:49:59,819 INFO  impl.FollowerState (FollowerState.java:run(106)) - 65562a4b-7d90-421d-8806-cc1c3bd48af7:group-8D776EC554F0 changes to CANDIDATE, lastRpcTime:5066, electionTimeout:5066ms
2019-07-13 07:49:59,821 INFO  impl.RoleInfo (RoleInfo.java:shutdownFollowerState(121)) - 65562a4b-7d90-421d-8806-cc1c3bd48af7: shutdown FollowerState
2019-07-13 07:49:59,821 INFO  impl.RaftServerImpl (RaftServerImpl.java:setRole(171)) - 65562a4b-7d90-421d-8806-cc1c3bd48af7:group-8D776EC554F0 changes role from FOLLOWER to CANDIDATE at term 0 for changeToCandidate
2019-07-13 07:49:59,821 INFO  impl.RoleInfo (RoleInfo.java:updateAndGet(143)) - 65562a4b-7d90-421d-8806-cc1c3bd48af7: start LeaderElection
2019-07-13 07:49:59,840 INFO  impl.LeaderElection (LeaderElection.java:askForVotes(181)) - 65562a4b-7d90-421d-8806-cc1c3bd48af7:group-8D776EC554F0:LeaderElection5: begin an election at term 1 for -1: [65562a4b-7d90-421d-8806-cc1c3bd48af7:192.168.69.84:44640], old=null
2019-07-13 07:49:59,843 INFO  impl.RoleInfo (RoleInfo.java:shutdownLeaderElection(134)) - 65562a4b-7d90-421d-8806-cc1c3bd48af7: shutdown LeaderElection
2019-07-13 07:49:59,843 INFO  impl.RaftServerImpl (RaftServerImpl.java:setRole(171)) - 65562a4b-7d90-421d-8806-cc1c3bd48af7:group-8D776EC554F0 changes role from CANDIDATE to LEADER at term 1 for changeToLeader
2019-07-13 07:49:59,843 INFO  impl.RaftServerImpl (ServerState.java:setLeader(263)) - 65562a4b-7d90-421d-8806-cc1c3bd48af7:group-8D776EC554F0 change Leader from null to 65562a4b-7d90-421d-8806-cc1c3bd48af7 at term 1 for becomeLeader, leader elected after 5096ms
2019-07-13 07:49:59,845 INFO  server.RaftServerConfigKeys (ConfUtils.java:logGet(43)) - raft.server.staging.catchup.gap = 1000 (default)
2019-07-13 07:49:59,845 INFO  server.RaftServerConfigKeys (ConfUtils.java:logGet(43)) - raft.server.rpc.sleep.time = 25ms (default)
2019-07-13 07:49:59,846 INFO  server.RaftServerConfigKeys (ConfUtils.java:logGet(43)) - raft.server.write.element-limit = 4096 (default)
2019-07-13 07:49:59,846 INFO  server.RaftServerConfigKeys (ConfUtils.java:logGet(43)) - raft.server.watch.timeout = 10s (default)
2019-07-13 07:49:59,846 INFO  server.RaftServerConfigKeys (ConfUtils.java:logGet(43)) - raft.server.watch.timeout.denomination = 1s (default)
2019-07-13 07:49:59,846 INFO  server.RaftServerConfigKeys (ConfUtils.java:logGet(43)) - raft.server.watch.element-limit = 65536 (default)
2019-07-13 07:49:59,847 INFO  impl.RoleInfo (RoleInfo.java:updateAndGet(143)) - 65562a4b-7d90-421d-8806-cc1c3bd48af7: start LeaderState
2019-07-13 07:49:59,847 INFO  segmented.SegmentedRaftLogWorker (SegmentedRaftLogWorker.java:startLogSegment(380)) - 65562a4b-7d90-421d-8806-cc1c3bd48af7-SegmentedRaftLogWorker:Storage Directory /tmp/workdir/hadoop-ozone/integration-test/target/test-dir/MiniOzoneClusterImpl-b19d29cb-d84c-40b6-9e92-1c9c997984fb/datanode-3/data/ratis/85982406-7cc6-43fd-807d-8d776ec554f0: Starting segment from index:0
2019-07-13 07:49:59,847 INFO  impl.RaftServerImpl (ServerState.java:setRaftConf(361)) - 65562a4b-7d90-421d-8806-cc1c3bd48af7:group-8D776EC554F0 set configuration 0: [65562a4b-7d90-421d-8806-cc1c3bd48af7:192.168.69.84:44640], old=null at 0
2019-07-13 07:49:59,880 INFO  segmented.SegmentedRaftLogWorker (SegmentedRaftLogWorker.java:execute(569)) - 65562a4b-7d90-421d-8806-cc1c3bd48af7-SegmentedRaftLogWorker:Storage Directory /tmp/workdir/hadoop-ozone/integration-test/target/test-dir/MiniOzoneClusterImpl-b19d29cb-d84c-40b6-9e92-1c9c997984fb/datanode-3/data/ratis/85982406-7cc6-43fd-807d-8d776ec554f0: created new log segment /tmp/workdir/hadoop-ozone/integration-test/target/test-dir/MiniOzoneClusterImpl-b19d29cb-d84c-40b6-9e92-1c9c997984fb/datanode-3/data/ratis/85982406-7cc6-43fd-807d-8d776ec554f0/current/log_inprogress_0
2019-07-13 07:49:59,955 INFO  impl.FollowerState (FollowerState.java:run(106)) - 53e4d6b2-2f0c-49c6-b64d-6c13996e2007:group-4AB1B0791F92 changes to CANDIDATE, lastRpcTime:5123, electionTimeout:5123ms
2019-07-13 07:49:59,955 INFO  impl.RoleInfo (RoleInfo.java:shutdownFollowerState(121)) - 53e4d6b2-2f0c-49c6-b64d-6c13996e2007: shutdown FollowerState
2019-07-13 07:49:59,956 INFO  impl.RaftServerImpl (RaftServerImpl.java:setRole(171)) - 53e4d6b2-2f0c-49c6-b64d-6c13996e2007:group-4AB1B0791F92 changes role from FOLLOWER to CANDIDATE at term 0 for changeToCandidate
2019-07-13 07:49:59,956 INFO  impl.RoleInfo (RoleInfo.java:updateAndGet(143)) - 53e4d6b2-2f0c-49c6-b64d-6c13996e2007: start LeaderElection
2019-07-13 07:49:59,960 INFO  impl.FollowerState (FollowerState.java:run(106)) - a8e5ea73-aae2-420e-8ceb-bdcb3846e092:group-19F4EE9C51AD changes to CANDIDATE, lastRpcTime:5059, electionTimeout:5057ms
2019-07-13 07:49:59,969 INFO  impl.RoleInfo (RoleInfo.java:shutdownFollowerState(121)) - a8e5ea73-aae2-420e-8ceb-bdcb3846e092: shutdown FollowerState
2019-07-13 07:49:59,970 INFO  impl.RaftServerImpl (RaftServerImpl.java:setRole(171)) - a8e5ea73-aae2-420e-8ceb-bdcb3846e092:group-19F4EE9C51AD changes role from FOLLOWER to CANDIDATE at term 0 for changeToCandidate
2019-07-13 07:49:59,970 INFO  impl.RoleInfo (RoleInfo.java:updateAndGet(143)) - a8e5ea73-aae2-420e-8ceb-bdcb3846e092: start LeaderElection
2019-07-13 07:49:59,983 INFO  impl.LeaderElection (LeaderElection.java:askForVotes(181)) - 53e4d6b2-2f0c-49c6-b64d-6c13996e2007:group-4AB1B0791F92:LeaderElection6: begin an election at term 1 for -1: [53e4d6b2-2f0c-49c6-b64d-6c13996e2007:192.168.69.84:35567], old=null
2019-07-13 07:49:59,985 INFO  impl.LeaderElection (LeaderElection.java:askForVotes(181)) - a8e5ea73-aae2-420e-8ceb-bdcb3846e092:group-19F4EE9C51AD:LeaderElection7: begin an election at term 1 for -1: [a8e5ea73-aae2-420e-8ceb-bdcb3846e092:192.168.69.84:44966], old=null
2019-07-13 07:49:59,985 INFO  impl.RoleInfo (RoleInfo.java:shutdownLeaderElection(134)) - 53e4d6b2-2f0c-49c6-b64d-6c13996e2007: shutdown LeaderElection
2019-07-13 07:49:59,985 INFO  impl.RoleInfo (RoleInfo.java:shutdownLeaderElection(134)) - a8e5ea73-aae2-420e-8ceb-bdcb3846e092: shutdown LeaderElection
2019-07-13 07:49:59,985 INFO  impl.RaftServerImpl (RaftServerImpl.java:setRole(171)) - 53e4d6b2-2f0c-49c6-b64d-6c13996e2007:group-4AB1B0791F92 changes role from CANDIDATE to LEADER at term 1 for changeToLeader
2019-07-13 07:49:59,986 INFO  impl.RaftServerImpl (RaftServerImpl.java:setRole(171)) - a8e5ea73-aae2-420e-8ceb-bdcb3846e092:group-19F4EE9C51AD changes role from CANDIDATE to LEADER at term 1 for changeToLeader
2019-07-13 07:49:59,986 INFO  impl.RaftServerImpl (ServerState.java:setLeader(263)) - 53e4d6b2-2f0c-49c6-b64d-6c13996e2007:group-4AB1B0791F92 change Leader from null to 53e4d6b2-2f0c-49c6-b64d-6c13996e2007 at term 1 for becomeLeader, leader elected after 5159ms
2019-07-13 07:49:59,986 INFO  impl.RaftServerImpl (ServerState.java:setLeader(263)) - a8e5ea73-aae2-420e-8ceb-bdcb3846e092:group-19F4EE9C51AD change Leader from null to a8e5ea73-aae2-420e-8ceb-bdcb3846e092 at term 1 for becomeLeader, leader elected after 5089ms
2019-07-13 07:49:59,988 INFO  server.RaftServerConfigKeys (ConfUtils.java:logGet(43)) - raft.server.staging.catchup.gap = 1000 (default)
2019-07-13 07:49:59,990 INFO  server.RaftServerConfigKeys (ConfUtils.java:logGet(43)) - raft.server.staging.catchup.gap = 1000 (default)
2019-07-13 07:49:59,990 INFO  server.RaftServerConfigKeys (ConfUtils.java:logGet(43)) - raft.server.rpc.sleep.time = 25ms (default)
2019-07-13 07:49:59,990 INFO  server.RaftServerConfigKeys (ConfUtils.java:logGet(43)) - raft.server.rpc.sleep.time = 25ms (default)
2019-07-13 07:49:59,990 INFO  server.RaftServerConfigKeys (ConfUtils.java:logGet(43)) - raft.server.write.element-limit = 4096 (default)
2019-07-13 07:49:59,991 INFO  server.RaftServerConfigKeys (ConfUtils.java:logGet(43)) - raft.server.write.element-limit = 4096 (default)
2019-07-13 07:49:59,991 INFO  server.RaftServerConfigKeys (ConfUtils.java:logGet(43)) - raft.server.watch.timeout = 10s (default)
2019-07-13 07:49:59,991 INFO  server.RaftServerConfigKeys (ConfUtils.java:logGet(43)) - raft.server.watch.timeout = 10s (default)
2019-07-13 07:49:59,991 INFO  server.RaftServerConfigKeys (ConfUtils.java:logGet(43)) - raft.server.watch.timeout.denomination = 1s (default)
2019-07-13 07:49:59,991 INFO  server.RaftServerConfigKeys (ConfUtils.java:logGet(43)) - raft.server.watch.timeout.denomination = 1s (default)
2019-07-13 07:49:59,991 INFO  server.RaftServerConfigKeys (ConfUtils.java:logGet(43)) - raft.server.watch.element-limit = 65536 (default)
2019-07-13 07:49:59,991 INFO  server.RaftServerConfigKeys (ConfUtils.java:logGet(43)) - raft.server.watch.element-limit = 65536 (default)
2019-07-13 07:49:59,992 INFO  impl.RoleInfo (RoleInfo.java:updateAndGet(143)) - 53e4d6b2-2f0c-49c6-b64d-6c13996e2007: start LeaderState
2019-07-13 07:49:59,992 INFO  impl.RoleInfo (RoleInfo.java:updateAndGet(143)) - a8e5ea73-aae2-420e-8ceb-bdcb3846e092: start LeaderState
2019-07-13 07:49:59,992 INFO  segmented.SegmentedRaftLogWorker (SegmentedRaftLogWorker.java:startLogSegment(380)) - 53e4d6b2-2f0c-49c6-b64d-6c13996e2007-SegmentedRaftLogWorker:Storage Directory /tmp/workdir/hadoop-ozone/integration-test/target/test-dir/MiniOzoneClusterImpl-b19d29cb-d84c-40b6-9e92-1c9c997984fb/datanode-6/data/ratis/20686cb5-af4d-40d2-a684-4ab1b0791f92: Starting segment from index:0
2019-07-13 07:49:59,992 INFO  segmented.SegmentedRaftLogWorker (SegmentedRaftLogWorker.java:startLogSegment(380)) - a8e5ea73-aae2-420e-8ceb-bdcb3846e092-SegmentedRaftLogWorker:Storage Directory /tmp/workdir/hadoop-ozone/integration-test/target/test-dir/MiniOzoneClusterImpl-b19d29cb-d84c-40b6-9e92-1c9c997984fb/datanode-2/data/ratis/a72ebd05-0a80-43d4-91ca-19f4ee9c51ad: Starting segment from index:0
2019-07-13 07:49:59,993 INFO  impl.RaftServerImpl (ServerState.java:setRaftConf(361)) - 53e4d6b2-2f0c-49c6-b64d-6c13996e2007:group-4AB1B0791F92 set configuration 0: [53e4d6b2-2f0c-49c6-b64d-6c13996e2007:192.168.69.84:35567], old=null at 0
2019-07-13 07:50:00,016 INFO  impl.RaftServerImpl (ServerState.java:setRaftConf(361)) - a8e5ea73-aae2-420e-8ceb-bdcb3846e092:group-19F4EE9C51AD set configuration 0: [a8e5ea73-aae2-420e-8ceb-bdcb3846e092:192.168.69.84:44966], old=null at 0
2019-07-13 07:50:00,028 INFO  segmented.SegmentedRaftLogWorker (SegmentedRaftLogWorker.java:execute(569)) - a8e5ea73-aae2-420e-8ceb-bdcb3846e092-SegmentedRaftLogWorker:Storage Directory /tmp/workdir/hadoop-ozone/integration-test/target/test-dir/MiniOzoneClusterImpl-b19d29cb-d84c-40b6-9e92-1c9c997984fb/datanode-2/data/ratis/a72ebd05-0a80-43d4-91ca-19f4ee9c51ad: created new log segment /tmp/workdir/hadoop-ozone/integration-test/target/test-dir/MiniOzoneClusterImpl-b19d29cb-d84c-40b6-9e92-1c9c997984fb/datanode-2/data/ratis/a72ebd05-0a80-43d4-91ca-19f4ee9c51ad/current/log_inprogress_0
2019-07-13 07:50:00,028 INFO  segmented.SegmentedRaftLogWorker (SegmentedRaftLogWorker.java:execute(569)) - 53e4d6b2-2f0c-49c6-b64d-6c13996e2007-SegmentedRaftLogWorker:Storage Directory /tmp/workdir/hadoop-ozone/integration-test/target/test-dir/MiniOzoneClusterImpl-b19d29cb-d84c-40b6-9e92-1c9c997984fb/datanode-6/data/ratis/20686cb5-af4d-40d2-a684-4ab1b0791f92: created new log segment /tmp/workdir/hadoop-ozone/integration-test/target/test-dir/MiniOzoneClusterImpl-b19d29cb-d84c-40b6-9e92-1c9c997984fb/datanode-6/data/ratis/20686cb5-af4d-40d2-a684-4ab1b0791f92/current/log_inprogress_0
2019-07-13 07:50:00,042 INFO  impl.FollowerState (FollowerState.java:run(106)) - 90dde012-7c03-4ea7-9c76-bbd308b6173a:group-EA66D38B3839 changes to CANDIDATE, lastRpcTime:5028, electionTimeout:5028ms
2019-07-13 07:50:00,044 INFO  impl.RoleInfo (RoleInfo.java:shutdownFollowerState(121)) - 90dde012-7c03-4ea7-9c76-bbd308b6173a: shutdown FollowerState
2019-07-13 07:50:00,044 INFO  impl.RaftServerImpl (RaftServerImpl.java:setRole(171)) - 90dde012-7c03-4ea7-9c76-bbd308b6173a:group-EA66D38B3839 changes role from FOLLOWER to CANDIDATE at term 0 for changeToCandidate
2019-07-13 07:50:00,044 INFO  impl.RoleInfo (RoleInfo.java:updateAndGet(143)) - 90dde012-7c03-4ea7-9c76-bbd308b6173a: start LeaderElection
2019-07-13 07:50:00,053 INFO  impl.LeaderElection (LeaderElection.java:askForVotes(181)) - 90dde012-7c03-4ea7-9c76-bbd308b6173a:group-EA66D38B3839:LeaderElection8: begin an election at term 1 for -1: [90dde012-7c03-4ea7-9c76-bbd308b6173a:192.168.69.84:45890, 20e42339-5a36-4fe0-801d-4f9d19ea02b6:192.168.69.84:45219, b67726a8-d577-409c-a2e5-78c5cc7f838c:192.168.69.84:39483], old=null
2019-07-13 07:50:00,082 INFO  impl.RaftServerImpl (RaftServerImpl.java:setRole(171)) - b67726a8-d577-409c-a2e5-78c5cc7f838c:group-EA66D38B3839 changes role from FOLLOWER to FOLLOWER at term 1 for recognizeCandidate:90dde012-7c03-4ea7-9c76-bbd308b6173a
2019-07-13 07:50:00,082 INFO  impl.RaftServerImpl (RaftServerImpl.java:setRole(171)) - 20e42339-5a36-4fe0-801d-4f9d19ea02b6:group-EA66D38B3839 changes role from FOLLOWER to FOLLOWER at term 1 for recognizeCandidate:90dde012-7c03-4ea7-9c76-bbd308b6173a
2019-07-13 07:50:00,083 INFO  impl.RoleInfo (RoleInfo.java:shutdownFollowerState(121)) - b67726a8-d577-409c-a2e5-78c5cc7f838c: shutdown FollowerState
2019-07-13 07:50:00,083 INFO  impl.RoleInfo (RoleInfo.java:shutdownFollowerState(121)) - 20e42339-5a36-4fe0-801d-4f9d19ea02b6: shutdown FollowerState
2019-07-13 07:50:00,083 INFO  impl.RoleInfo (RoleInfo.java:updateAndGet(143)) - b67726a8-d577-409c-a2e5-78c5cc7f838c: start FollowerState
2019-07-13 07:50:00,083 INFO  impl.FollowerState (FollowerState.java:run(114)) - 20e42339-5a36-4fe0-801d-4f9d19ea02b6: FollowerState was interrupted: java.lang.InterruptedException: sleep interrupted
2019-07-13 07:50:00,083 INFO  impl.RoleInfo (RoleInfo.java:updateAndGet(143)) - 20e42339-5a36-4fe0-801d-4f9d19ea02b6: start FollowerState
2019-07-13 07:50:00,083 INFO  impl.FollowerState (FollowerState.java:run(114)) - b67726a8-d577-409c-a2e5-78c5cc7f838c: FollowerState was interrupted: java.lang.InterruptedException: sleep interrupted
2019-07-13 07:50:00,115 INFO  impl.LeaderElection (LeaderElection.java:logAndReturn(56)) - 90dde012-7c03-4ea7-9c76-bbd308b6173a:group-EA66D38B3839:LeaderElection8: Election PASSED; received 1 response(s) [90dde012-7c03-4ea7-9c76-bbd308b6173a<-b67726a8-d577-409c-a2e5-78c5cc7f838c#0:OK-t1] and 0 exception(s); 90dde012-7c03-4ea7-9c76-bbd308b6173a:t1, leader=null, voted=90dde012-7c03-4ea7-9c76-bbd308b6173a, raftlog=90dde012-7c03-4ea7-9c76-bbd308b6173a-SegmentedRaftLog:OPENED:c-1,f-1,i0, conf=-1: [90dde012-7c03-4ea7-9c76-bbd308b6173a:192.168.69.84:45890, 20e42339-5a36-4fe0-801d-4f9d19ea02b6:192.168.69.84:45219, b67726a8-d577-409c-a2e5-78c5cc7f838c:192.168.69.84:39483], old=null
2019-07-13 07:50:00,115 INFO  impl.RoleInfo (RoleInfo.java:shutdownLeaderElection(134)) - 90dde012-7c03-4ea7-9c76-bbd308b6173a: shutdown LeaderElection
2019-07-13 07:50:00,115 INFO  impl.RaftServerImpl (RaftServerImpl.java:setRole(171)) - 90dde012-7c03-4ea7-9c76-bbd308b6173a:group-EA66D38B3839 changes role from CANDIDATE to LEADER at term 1 for changeToLeader
2019-07-13 07:50:00,115 INFO  impl.RaftServerImpl (ServerState.java:setLeader(263)) - 90dde012-7c03-4ea7-9c76-bbd308b6173a:group-EA66D38B3839 change Leader from null to 90dde012-7c03-4ea7-9c76-bbd308b6173a at term 1 for becomeLeader, leader elected after 5116ms
2019-07-13 07:50:00,119 INFO  server.RaftServerConfigKeys (ConfUtils.java:logGet(43)) - raft.server.staging.catchup.gap = 1000 (default)
2019-07-13 07:50:00,119 INFO  server.RaftServerConfigKeys (ConfUtils.java:logGet(43)) - raft.server.rpc.sleep.time = 25ms (default)
2019-07-13 07:50:00,119 INFO  server.RaftServerConfigKeys (ConfUtils.java:logGet(43)) - raft.server.write.element-limit = 4096 (default)
2019-07-13 07:50:00,119 INFO  server.RaftServerConfigKeys (ConfUtils.java:logGet(43)) - raft.server.watch.timeout = 10s (default)
2019-07-13 07:50:00,119 INFO  server.RaftServerConfigKeys (ConfUtils.java:logGet(43)) - raft.server.watch.timeout.denomination = 1s (default)
2019-07-13 07:50:00,120 INFO  server.RaftServerConfigKeys (ConfUtils.java:logGet(43)) - raft.server.watch.element-limit = 65536 (default)
2019-07-13 07:50:00,123 INFO  server.RaftServerConfigKeys (ConfUtils.java:logGet(43)) - raft.server.log.appender.snapshot.chunk.size.max = 16MB (=16777216) (default)
2019-07-13 07:50:00,123 INFO  server.RaftServerConfigKeys (ConfUtils.java:logGet(43)) - raft.server.log.appender.buffer.byte-limit = 33554432 (custom)
2019-07-13 07:50:00,124 INFO  server.RaftServerConfigKeys (ConfUtils.java:logGet(43)) - raft.server.log.appender.buffer.element-limit = 1 (custom)
2019-07-13 07:50:00,128 INFO  grpc.GrpcConfigKeys$Server (ConfUtils.java:logGet(43)) - raft.grpc.server.leader.outstanding.appends.max = 128 (default)
2019-07-13 07:50:00,130 INFO  server.RaftServerConfigKeys (ConfUtils.java:logGet(43)) - raft.server.rpc.request.timeout = 3000ms (default)
2019-07-13 07:50:00,130 INFO  server.RaftServerConfigKeys (ConfUtils.java:logGet(43)) - raft.server.log.appender.install.snapshot.enabled = false (custom)
2019-07-13 07:50:00,130 INFO  server.RaftServerConfigKeys (ConfUtils.java:logGet(43)) - raft.server.log.appender.snapshot.chunk.size.max = 16MB (=16777216) (default)
2019-07-13 07:50:00,131 INFO  server.RaftServerConfigKeys (ConfUtils.java:logGet(43)) - raft.server.log.appender.buffer.byte-limit = 33554432 (custom)
2019-07-13 07:50:00,131 INFO  server.RaftServerConfigKeys (ConfUtils.java:logGet(43)) - raft.server.log.appender.buffer.element-limit = 1 (custom)
2019-07-13 07:50:00,131 INFO  grpc.GrpcConfigKeys$Server (ConfUtils.java:logGet(43)) - raft.grpc.server.leader.outstanding.appends.max = 128 (default)
2019-07-13 07:50:00,131 INFO  server.RaftServerConfigKeys (ConfUtils.java:logGet(43)) - raft.server.rpc.request.timeout = 3000ms (default)
2019-07-13 07:50:00,132 INFO  server.RaftServerConfigKeys (ConfUtils.java:logGet(43)) - raft.server.log.appender.install.snapshot.enabled = false (custom)
2019-07-13 07:50:00,133 INFO  impl.RoleInfo (RoleInfo.java:updateAndGet(143)) - 90dde012-7c03-4ea7-9c76-bbd308b6173a: start LeaderState
2019-07-13 07:50:00,134 INFO  segmented.SegmentedRaftLogWorker (SegmentedRaftLogWorker.java:startLogSegment(380)) - 90dde012-7c03-4ea7-9c76-bbd308b6173a-SegmentedRaftLogWorker:Storage Directory /tmp/workdir/hadoop-ozone/integration-test/target/test-dir/MiniOzoneClusterImpl-b19d29cb-d84c-40b6-9e92-1c9c997984fb/datanode-1/data/ratis/f6c3be12-bfcb-4c15-bbc0-ea66d38b3839: Starting segment from index:0
2019-07-13 07:50:00,135 INFO  impl.RaftServerImpl (ServerState.java:setRaftConf(361)) - 90dde012-7c03-4ea7-9c76-bbd308b6173a:group-EA66D38B3839 set configuration 0: [90dde012-7c03-4ea7-9c76-bbd308b6173a:192.168.69.84:45890, 20e42339-5a36-4fe0-801d-4f9d19ea02b6:192.168.69.84:45219, b67726a8-d577-409c-a2e5-78c5cc7f838c:192.168.69.84:39483], old=null at 0
2019-07-13 07:50:00,168 INFO  segmented.SegmentedRaftLogWorker (SegmentedRaftLogWorker.java:execute(569)) - 90dde012-7c03-4ea7-9c76-bbd308b6173a-SegmentedRaftLogWorker:Storage Directory /tmp/workdir/hadoop-ozone/integration-test/target/test-dir/MiniOzoneClusterImpl-b19d29cb-d84c-40b6-9e92-1c9c997984fb/datanode-1/data/ratis/f6c3be12-bfcb-4c15-bbc0-ea66d38b3839: created new log segment /tmp/workdir/hadoop-ozone/integration-test/target/test-dir/MiniOzoneClusterImpl-b19d29cb-d84c-40b6-9e92-1c9c997984fb/datanode-1/data/ratis/f6c3be12-bfcb-4c15-bbc0-ea66d38b3839/current/log_inprogress_0
2019-07-13 07:50:00,186 INFO  impl.RaftServerImpl (ServerState.java:setLeader(263)) - 20e42339-5a36-4fe0-801d-4f9d19ea02b6:group-EA66D38B3839 change Leader from null to 90dde012-7c03-4ea7-9c76-bbd308b6173a at term 1 for appendEntries, leader elected after 5188ms
2019-07-13 07:50:00,186 INFO  impl.RaftServerImpl (ServerState.java:setLeader(263)) - b67726a8-d577-409c-a2e5-78c5cc7f838c:group-EA66D38B3839 change Leader from null to 90dde012-7c03-4ea7-9c76-bbd308b6173a at term 1 for appendEntries, leader elected after 5187ms
2019-07-13 07:50:00,225 INFO  impl.FollowerState (FollowerState.java:run(106)) - 53e4d6b2-2f0c-49c6-b64d-6c13996e2007:group-B3D7D99A1B0C changes to CANDIDATE, lastRpcTime:5086, electionTimeout:5083ms
2019-07-13 07:50:00,225 INFO  impl.RoleInfo (RoleInfo.java:shutdownFollowerState(121)) - 53e4d6b2-2f0c-49c6-b64d-6c13996e2007: shutdown FollowerState
2019-07-13 07:50:00,225 INFO  impl.RaftServerImpl (RaftServerImpl.java:setRole(171)) - 53e4d6b2-2f0c-49c6-b64d-6c13996e2007:group-B3D7D99A1B0C changes role from FOLLOWER to CANDIDATE at term 0 for changeToCandidate
2019-07-13 07:50:00,226 INFO  impl.RoleInfo (RoleInfo.java:updateAndGet(143)) - 53e4d6b2-2f0c-49c6-b64d-6c13996e2007: start LeaderElection
2019-07-13 07:50:00,233 INFO  impl.RaftServerImpl (ServerState.java:setRaftConf(361)) - 20e42339-5a36-4fe0-801d-4f9d19ea02b6:group-EA66D38B3839 set configuration 0: [90dde012-7c03-4ea7-9c76-bbd308b6173a:192.168.69.84:45890, 20e42339-5a36-4fe0-801d-4f9d19ea02b6:192.168.69.84:45219, b67726a8-d577-409c-a2e5-78c5cc7f838c:192.168.69.84:39483], old=null at 0
2019-07-13 07:50:00,233 INFO  impl.RaftServerImpl (ServerState.java:setRaftConf(361)) - b67726a8-d577-409c-a2e5-78c5cc7f838c:group-EA66D38B3839 set configuration 0: [90dde012-7c03-4ea7-9c76-bbd308b6173a:192.168.69.84:45890, 20e42339-5a36-4fe0-801d-4f9d19ea02b6:192.168.69.84:45219, b67726a8-d577-409c-a2e5-78c5cc7f838c:192.168.69.84:39483], old=null at 0
2019-07-13 07:50:00,233 INFO  segmented.SegmentedRaftLogWorker (SegmentedRaftLogWorker.java:startLogSegment(380)) - 20e42339-5a36-4fe0-801d-4f9d19ea02b6-SegmentedRaftLogWorker:Storage Directory /tmp/workdir/hadoop-ozone/integration-test/target/test-dir/MiniOzoneClusterImpl-b19d29cb-d84c-40b6-9e92-1c9c997984fb/datanode-0/data/ratis/f6c3be12-bfcb-4c15-bbc0-ea66d38b3839: Starting segment from index:0
2019-07-13 07:50:00,234 INFO  segmented.SegmentedRaftLogWorker (SegmentedRaftLogWorker.java:startLogSegment(380)) - b67726a8-d577-409c-a2e5-78c5cc7f838c-SegmentedRaftLogWorker:Storage Directory /tmp/workdir/hadoop-ozone/integration-test/target/test-dir/MiniOzoneClusterImpl-b19d29cb-d84c-40b6-9e92-1c9c997984fb/datanode-4/data/ratis/f6c3be12-bfcb-4c15-bbc0-ea66d38b3839: Starting segment from index:0
2019-07-13 07:50:00,245 INFO  impl.LeaderElection (LeaderElection.java:askForVotes(181)) - 53e4d6b2-2f0c-49c6-b64d-6c13996e2007:group-B3D7D99A1B0C:LeaderElection9: begin an election at term 1 for -1: [c4f0e421-8083-4827-aa3d-30282f3dd7d5:192.168.69.84:42248, 53e4d6b2-2f0c-49c6-b64d-6c13996e2007:192.168.69.84:35567, 65562a4b-7d90-421d-8806-cc1c3bd48af7:192.168.69.84:44640], old=null
2019-07-13 07:50:00,263 INFO  impl.FollowerState (FollowerState.java:run(106)) - 65562a4b-7d90-421d-8806-cc1c3bd48af7:group-B3D7D99A1B0C changes to CANDIDATE, lastRpcTime:5132, electionTimeout:5129ms
2019-07-13 07:50:00,263 INFO  impl.RoleInfo (RoleInfo.java:shutdownFollowerState(121)) - 65562a4b-7d90-421d-8806-cc1c3bd48af7: shutdown FollowerState
2019-07-13 07:50:00,263 INFO  impl.RaftServerImpl (RaftServerImpl.java:setRole(171)) - 65562a4b-7d90-421d-8806-cc1c3bd48af7:group-B3D7D99A1B0C changes role from FOLLOWER to CANDIDATE at term 0 for changeToCandidate
2019-07-13 07:50:00,264 INFO  impl.RoleInfo (RoleInfo.java:updateAndGet(143)) - 65562a4b-7d90-421d-8806-cc1c3bd48af7: start LeaderElection
2019-07-13 07:50:00,277 INFO  segmented.SegmentedRaftLogWorker (SegmentedRaftLogWorker.java:execute(569)) - 20e42339-5a36-4fe0-801d-4f9d19ea02b6-SegmentedRaftLogWorker:Storage Directory /tmp/workdir/hadoop-ozone/integration-test/target/test-dir/MiniOzoneClusterImpl-b19d29cb-d84c-40b6-9e92-1c9c997984fb/datanode-0/data/ratis/f6c3be12-bfcb-4c15-bbc0-ea66d38b3839: created new log segment /tmp/workdir/hadoop-ozone/integration-test/target/test-dir/MiniOzoneClusterImpl-b19d29cb-d84c-40b6-9e92-1c9c997984fb/datanode-0/data/ratis/f6c3be12-bfcb-4c15-bbc0-ea66d38b3839/current/log_inprogress_0
2019-07-13 07:50:00,277 INFO  segmented.SegmentedRaftLogWorker (SegmentedRaftLogWorker.java:execute(569)) - b67726a8-d577-409c-a2e5-78c5cc7f838c-SegmentedRaftLogWorker:Storage Directory /tmp/workdir/hadoop-ozone/integration-test/target/test-dir/MiniOzoneClusterImpl-b19d29cb-d84c-40b6-9e92-1c9c997984fb/datanode-4/data/ratis/f6c3be12-bfcb-4c15-bbc0-ea66d38b3839: created new log segment /tmp/workdir/hadoop-ozone/integration-test/target/test-dir/MiniOzoneClusterImpl-b19d29cb-d84c-40b6-9e92-1c9c997984fb/datanode-4/data/ratis/f6c3be12-bfcb-4c15-bbc0-ea66d38b3839/current/log_inprogress_0
2019-07-13 07:50:00,277 INFO  impl.LeaderElection (LeaderElection.java:askForVotes(181)) - 65562a4b-7d90-421d-8806-cc1c3bd48af7:group-B3D7D99A1B0C:LeaderElection10: begin an election at term 1 for -1: [c4f0e421-8083-4827-aa3d-30282f3dd7d5:192.168.69.84:42248, 53e4d6b2-2f0c-49c6-b64d-6c13996e2007:192.168.69.84:35567, 65562a4b-7d90-421d-8806-cc1c3bd48af7:192.168.69.84:44640], old=null
2019-07-13 07:50:00,298 INFO  impl.RaftServerImpl (RaftServerImpl.java:setRole(171)) - c4f0e421-8083-4827-aa3d-30282f3dd7d5:group-B3D7D99A1B0C changes role from FOLLOWER to FOLLOWER at term 1 for recognizeCandidate:53e4d6b2-2f0c-49c6-b64d-6c13996e2007
2019-07-13 07:50:00,304 INFO  impl.RoleInfo (RoleInfo.java:shutdownFollowerState(121)) - c4f0e421-8083-4827-aa3d-30282f3dd7d5: shutdown FollowerState
2019-07-13 07:50:00,306 INFO  impl.RoleInfo (RoleInfo.java:updateAndGet(143)) - c4f0e421-8083-4827-aa3d-30282f3dd7d5: start FollowerState
2019-07-13 07:50:00,309 INFO  client.GrpcClientProtocolClient (GrpcClientProtocolClient.java:onNext(255)) - client-8B69BF0D1173->b67726a8-d577-409c-a2e5-78c5cc7f838c: receive RaftClientReply:client-8B69BF0D1173->b67726a8-d577-409c-a2e5-78c5cc7f838c@group-EA66D38B3839, cid=13, FAILED org.apache.ratis.protocol.NotLeaderException: Server b67726a8-d577-409c-a2e5-78c5cc7f838c is not the leader (90dde012-7c03-4ea7-9c76-bbd308b6173a:192.168.69.84:45890). Request must be sent to leader., logIndex=0, commits[b67726a8-d577-409c-a2e5-78c5cc7f838c:c0, 90dde012-7c03-4ea7-9c76-bbd308b6173a:c0, 20e42339-5a36-4fe0-801d-4f9d19ea02b6:c-1]
2019-07-13 07:50:00,336 INFO  impl.LeaderElection (LeaderElection.java:logAndReturn(56)) - 65562a4b-7d90-421d-8806-cc1c3bd48af7:group-B3D7D99A1B0C:LeaderElection10: Election REJECTED; received 2 response(s) [65562a4b-7d90-421d-8806-cc1c3bd48af7<-53e4d6b2-2f0c-49c6-b64d-6c13996e2007#0:FAIL-t1, 65562a4b-7d90-421d-8806-cc1c3bd48af7<-c4f0e421-8083-4827-aa3d-30282f3dd7d5#0:FAIL-t1] and 0 exception(s); 65562a4b-7d90-421d-8806-cc1c3bd48af7:t1, leader=null, voted=65562a4b-7d90-421d-8806-cc1c3bd48af7, raftlog=65562a4b-7d90-421d-8806-cc1c3bd48af7-SegmentedRaftLog:OPENED:c-1,f-1,i0, conf=-1: [c4f0e421-8083-4827-aa3d-30282f3dd7d5:192.168.69.84:42248, 53e4d6b2-2f0c-49c6-b64d-6c13996e2007:192.168.69.84:35567, 65562a4b-7d90-421d-8806-cc1c3bd48af7:192.168.69.84:44640], old=null
2019-07-13 07:50:00,336 INFO  impl.LeaderElection (LeaderElection.java:logAndReturn(56)) - 53e4d6b2-2f0c-49c6-b64d-6c13996e2007:group-B3D7D99A1B0C:LeaderElection9: Election PASSED; received 2 response(s) [53e4d6b2-2f0c-49c6-b64d-6c13996e2007<-c4f0e421-8083-4827-aa3d-30282f3dd7d5#0:OK-t1, 53e4d6b2-2f0c-49c6-b64d-6c13996e2007<-65562a4b-7d90-421d-8806-cc1c3bd48af7#0:FAIL-t1] and 0 exception(s); 53e4d6b2-2f0c-49c6-b64d-6c13996e2007:t1, leader=null, voted=53e4d6b2-2f0c-49c6-b64d-6c13996e2007, raftlog=53e4d6b2-2f0c-49c6-b64d-6c13996e2007-SegmentedRaftLog:OPENED:c-1,f-1,i0, conf=-1: [c4f0e421-8083-4827-aa3d-30282f3dd7d5:192.168.69.84:42248, 53e4d6b2-2f0c-49c6-b64d-6c13996e2007:192.168.69.84:35567, 65562a4b-7d90-421d-8806-cc1c3bd48af7:192.168.69.84:44640], old=null
2019-07-13 07:50:00,336 INFO  impl.RaftServerImpl (RaftServerImpl.java:setRole(171)) - 65562a4b-7d90-421d-8806-cc1c3bd48af7:group-B3D7D99A1B0C changes role from CANDIDATE to FOLLOWER at term 1 for DISCOVERED_A_NEW_TERM
2019-07-13 07:50:00,343 INFO  impl.RoleInfo (RoleInfo.java:shutdownLeaderElection(134)) - 65562a4b-7d90-421d-8806-cc1c3bd48af7: shutdown LeaderElection
2019-07-13 07:50:00,343 INFO  impl.RoleInfo (RoleInfo.java:shutdownLeaderElection(134)) - 53e4d6b2-2f0c-49c6-b64d-6c13996e2007: shutdown LeaderElection
2019-07-13 07:50:00,348 INFO  impl.RaftServerImpl (RaftServerImpl.java:setRole(171)) - 53e4d6b2-2f0c-49c6-b64d-6c13996e2007:group-B3D7D99A1B0C changes role from CANDIDATE to LEADER at term 1 for changeToLeader
2019-07-13 07:50:00,348 INFO  impl.RoleInfo (RoleInfo.java:updateAndGet(143)) - 65562a4b-7d90-421d-8806-cc1c3bd48af7: start FollowerState
2019-07-13 07:50:00,349 INFO  impl.RaftServerImpl (ServerState.java:setLeader(263)) - 53e4d6b2-2f0c-49c6-b64d-6c13996e2007:group-B3D7D99A1B0C change Leader from null to 53e4d6b2-2f0c-49c6-b64d-6c13996e2007 at term 1 for becomeLeader, leader elected after 5233ms
2019-07-13 07:50:00,351 INFO  server.RaftServerConfigKeys (ConfUtils.java:logGet(43)) - raft.server.staging.catchup.gap = 1000 (default)
2019-07-13 07:50:00,351 INFO  server.RaftServerConfigKeys (ConfUtils.java:logGet(43)) - raft.server.rpc.sleep.time = 25ms (default)
2019-07-13 07:50:00,351 INFO  server.RaftServerConfigKeys (ConfUtils.java:logGet(43)) - raft.server.write.element-limit = 4096 (default)
2019-07-13 07:50:00,352 INFO  server.RaftServerConfigKeys (ConfUtils.java:logGet(43)) - raft.server.watch.timeout = 10s (default)
2019-07-13 07:50:00,352 INFO  server.RaftServerConfigKeys (ConfUtils.java:logGet(43)) - raft.server.watch.timeout.denomination = 1s (default)
2019-07-13 07:50:00,352 INFO  server.RaftServerConfigKeys (ConfUtils.java:logGet(43)) - raft.server.watch.element-limit = 65536 (default)
2019-07-13 07:50:00,352 INFO  server.RaftServerConfigKeys (ConfUtils.java:logGet(43)) - raft.server.log.appender.snapshot.chunk.size.max = 16MB (=16777216) (default)
2019-07-13 07:50:00,353 INFO  server.RaftServerConfigKeys (ConfUtils.java:logGet(43)) - raft.server.log.appender.buffer.byte-limit = 33554432 (custom)
2019-07-13 07:50:00,353 INFO  server.RaftServerConfigKeys (ConfUtils.java:logGet(43)) - raft.server.log.appender.buffer.element-limit = 1 (custom)
2019-07-13 07:50:00,353 INFO  grpc.GrpcConfigKeys$Server (ConfUtils.java:logGet(43)) - raft.grpc.server.leader.outstanding.appends.max = 128 (default)
2019-07-13 07:50:00,353 INFO  server.RaftServerConfigKeys (ConfUtils.java:logGet(43)) - raft.server.rpc.request.timeout = 3000ms (default)
2019-07-13 07:50:00,354 INFO  server.RaftServerConfigKeys (ConfUtils.java:logGet(43)) - raft.server.log.appender.install.snapshot.enabled = false (custom)
2019-07-13 07:50:00,354 INFO  server.RaftServerConfigKeys (ConfUtils.java:logGet(43)) - raft.server.log.appender.snapshot.chunk.size.max = 16MB (=16777216) (default)
2019-07-13 07:50:00,359 INFO  server.RaftServerConfigKeys (ConfUtils.java:logGet(43)) - raft.server.log.appender.buffer.byte-limit = 33554432 (custom)
2019-07-13 07:50:00,359 INFO  server.RaftServerConfigKeys (ConfUtils.java:logGet(43)) - raft.server.log.appender.buffer.element-limit = 1 (custom)
2019-07-13 07:50:00,359 WARN  io.KeyOutputStream (KeyOutputStream.java:handleException(276)) - Encountered exception java.io.IOException: Unexpected Storage Container Exception: java.util.concurrent.CompletionException: java.util.concurrent.CompletionException: org.apache.ratis.protocol.RaftRetryFailureException: Failed RaftClientRequest:client-8B69BF0D1173->b67726a8-d577-409c-a2e5-78c5cc7f838c@group-EA66D38B3839, cid=13, seq=1*, RW, org.apache.hadoop.hdds.scm.XceiverClientRatis$$Lambda$309/674659751@40edc41b for 5 attempts with RetryLimited(maxAttempts=5, sleepTime=1000ms) on the pipeline Pipeline[ Id: f6c3be12-bfcb-4c15-bbc0-ea66d38b3839, Nodes: 90dde012-7c03-4ea7-9c76-bbd308b6173a{ip: 192.168.69.84, host: trunk-nightly-9lh4p-2362225927, networkLocation: /default-rack, certSerialId: null}20e42339-5a36-4fe0-801d-4f9d19ea02b6{ip: 192.168.69.84, host: trunk-nightly-9lh4p-2362225927, networkLocation: /default-rack, certSerialId: null}b67726a8-d577-409c-a2e5-78c5cc7f838c{ip: 192.168.69.84, host: trunk-nightly-9lh4p-2362225927, networkLocation: /default-rack, certSerialId: null}, Type:RATIS, Factor:THREE, State:OPEN]. The last committed block length is 0, uncommitted data length is 400 retry count 0
2019-07-13 07:50:00,359 INFO  grpc.GrpcConfigKeys$Server (ConfUtils.java:logGet(43)) - raft.grpc.server.leader.outstanding.appends.max = 128 (default)
2019-07-13 07:50:00,360 INFO  server.RaftServerConfigKeys (ConfUtils.java:logGet(43)) - raft.server.rpc.request.timeout = 3000ms (default)
2019-07-13 07:50:00,360 INFO  server.RaftServerConfigKeys (ConfUtils.java:logGet(43)) - raft.server.log.appender.install.snapshot.enabled = false (custom)
2019-07-13 07:50:00,360 INFO  impl.RoleInfo (RoleInfo.java:updateAndGet(143)) - 53e4d6b2-2f0c-49c6-b64d-6c13996e2007: start LeaderState
2019-07-13 07:50:00,360 INFO  segmented.SegmentedRaftLogWorker (SegmentedRaftLogWorker.java:startLogSegment(380)) - 53e4d6b2-2f0c-49c6-b64d-6c13996e2007-SegmentedRaftLogWorker:Storage Directory /tmp/workdir/hadoop-ozone/integration-test/target/test-dir/MiniOzoneClusterImpl-b19d29cb-d84c-40b6-9e92-1c9c997984fb/datanode-6/data/ratis/2520a055-7e48-4c74-a187-b3d7d99a1b0c: Starting segment from index:0
2019-07-13 07:50:00,362 INFO  impl.RaftServerImpl (ServerState.java:setRaftConf(361)) - 53e4d6b2-2f0c-49c6-b64d-6c13996e2007:group-B3D7D99A1B0C set configuration 0: [c4f0e421-8083-4827-aa3d-30282f3dd7d5:192.168.69.84:42248, 53e4d6b2-2f0c-49c6-b64d-6c13996e2007:192.168.69.84:35567, 65562a4b-7d90-421d-8806-cc1c3bd48af7:192.168.69.84:44640], old=null at 0
2019-07-13 07:50:00,386 INFO  impl.RaftServerImpl (ServerState.java:setLeader(263)) - c4f0e421-8083-4827-aa3d-30282f3dd7d5:group-B3D7D99A1B0C change Leader from null to 53e4d6b2-2f0c-49c6-b64d-6c13996e2007 at term 1 for appendEntries, leader elected after 5270ms
2019-07-13 07:50:00,386 INFO  impl.RaftServerImpl (ServerState.java:setLeader(263)) - 65562a4b-7d90-421d-8806-cc1c3bd48af7:group-B3D7D99A1B0C change Leader from null to 53e4d6b2-2f0c-49c6-b64d-6c13996e2007 at term 1 for appendEntries, leader elected after 5270ms
2019-07-13 07:50:00,396 INFO  segmented.SegmentedRaftLogWorker (SegmentedRaftLogWorker.java:execute(569)) - 53e4d6b2-2f0c-49c6-b64d-6c13996e2007-SegmentedRaftLogWorker:Storage Directory /tmp/workdir/hadoop-ozone/integration-test/target/test-dir/MiniOzoneClusterImpl-b19d29cb-d84c-40b6-9e92-1c9c997984fb/datanode-6/data/ratis/2520a055-7e48-4c74-a187-b3d7d99a1b0c: created new log segment /tmp/workdir/hadoop-ozone/integration-test/target/test-dir/MiniOzoneClusterImpl-b19d29cb-d84c-40b6-9e92-1c9c997984fb/datanode-6/data/ratis/2520a055-7e48-4c74-a187-b3d7d99a1b0c/current/log_inprogress_0
2019-07-13 07:50:00,398 INFO  impl.RaftServerImpl (ServerState.java:setRaftConf(361)) - c4f0e421-8083-4827-aa3d-30282f3dd7d5:group-B3D7D99A1B0C set configuration 0: [c4f0e421-8083-4827-aa3d-30282f3dd7d5:192.168.69.84:42248, 53e4d6b2-2f0c-49c6-b64d-6c13996e2007:192.168.69.84:35567, 65562a4b-7d90-421d-8806-cc1c3bd48af7:192.168.69.84:44640], old=null at 0
2019-07-13 07:50:00,398 INFO  impl.RaftServerImpl (ServerState.java:setRaftConf(361)) - 65562a4b-7d90-421d-8806-cc1c3bd48af7:group-B3D7D99A1B0C set configuration 0: [c4f0e421-8083-4827-aa3d-30282f3dd7d5:192.168.69.84:42248, 53e4d6b2-2f0c-49c6-b64d-6c13996e2007:192.168.69.84:35567, 65562a4b-7d90-421d-8806-cc1c3bd48af7:192.168.69.84:44640], old=null at 0
2019-07-13 07:50:00,400 INFO  segmented.SegmentedRaftLogWorker (SegmentedRaftLogWorker.java:startLogSegment(380)) - c4f0e421-8083-4827-aa3d-30282f3dd7d5-SegmentedRaftLogWorker:Storage Directory /tmp/workdir/hadoop-ozone/integration-test/target/test-dir/MiniOzoneClusterImpl-b19d29cb-d84c-40b6-9e92-1c9c997984fb/datanode-5/data/ratis/2520a055-7e48-4c74-a187-b3d7d99a1b0c: Starting segment from index:0
2019-07-13 07:50:00,401 INFO  segmented.SegmentedRaftLogWorker (SegmentedRaftLogWorker.java:startLogSegment(380)) - 65562a4b-7d90-421d-8806-cc1c3bd48af7-SegmentedRaftLogWorker:Storage Directory /tmp/workdir/hadoop-ozone/integration-test/target/test-dir/MiniOzoneClusterImpl-b19d29cb-d84c-40b6-9e92-1c9c997984fb/datanode-3/data/ratis/2520a055-7e48-4c74-a187-b3d7d99a1b0c: Starting segment from index:0
2019-07-13 07:50:00,430 INFO  segmented.SegmentedRaftLogWorker (SegmentedRaftLogWorker.java:execute(569)) - 65562a4b-7d90-421d-8806-cc1c3bd48af7-SegmentedRaftLogWorker:Storage Directory /tmp/workdir/hadoop-ozone/integration-test/target/test-dir/MiniOzoneClusterImpl-b19d29cb-d84c-40b6-9e92-1c9c997984fb/datanode-3/data/ratis/2520a055-7e48-4c74-a187-b3d7d99a1b0c: created new log segment /tmp/workdir/hadoop-ozone/integration-test/target/test-dir/MiniOzoneClusterImpl-b19d29cb-d84c-40b6-9e92-1c9c997984fb/datanode-3/data/ratis/2520a055-7e48-4c74-a187-b3d7d99a1b0c/current/log_inprogress_0
2019-07-13 07:50:00,431 INFO  segmented.SegmentedRaftLogWorker (SegmentedRaftLogWorker.java:execute(569)) - c4f0e421-8083-4827-aa3d-30282f3dd7d5-SegmentedRaftLogWorker:Storage Directory /tmp/workdir/hadoop-ozone/integration-test/target/test-dir/MiniOzoneClusterImpl-b19d29cb-d84c-40b6-9e92-1c9c997984fb/datanode-5/data/ratis/2520a055-7e48-4c74-a187-b3d7d99a1b0c: created new log segment /tmp/workdir/hadoop-ozone/integration-test/target/test-dir/MiniOzoneClusterImpl-b19d29cb-d84c-40b6-9e92-1c9c997984fb/datanode-5/data/ratis/2520a055-7e48-4c74-a187-b3d7d99a1b0c/current/log_inprogress_0
2019-07-13 07:50:00,435 INFO  client.GrpcClientProtocolClient (GrpcClientProtocolClient.java:onNext(255)) - client-B230166F0286->c4f0e421-8083-4827-aa3d-30282f3dd7d5: receive RaftClientReply:client-B230166F0286->c4f0e421-8083-4827-aa3d-30282f3dd7d5@group-B3D7D99A1B0C, cid=19, FAILED org.apache.ratis.protocol.NotLeaderException: Server c4f0e421-8083-4827-aa3d-30282f3dd7d5 is not the leader (53e4d6b2-2f0c-49c6-b64d-6c13996e2007:192.168.69.84:35567). Request must be sent to leader., logIndex=0, commits[c4f0e421-8083-4827-aa3d-30282f3dd7d5:c-1, 53e4d6b2-2f0c-49c6-b64d-6c13996e2007:c-1, 65562a4b-7d90-421d-8806-cc1c3bd48af7:c-1]
2019-07-13 07:50:00,681 INFO  client.GrpcClientProtocolClient (GrpcClientProtocolClient.java:onNext(255)) - client-B230166F0286->53e4d6b2-2f0c-49c6-b64d-6c13996e2007: receive RaftClientReply:client-B230166F0286->53e4d6b2-2f0c-49c6-b64d-6c13996e2007@group-B3D7D99A1B0C, cid=19, SUCCESS, logIndex=1, commits[53e4d6b2-2f0c-49c6-b64d-6c13996e2007:c1, c4f0e421-8083-4827-aa3d-30282f3dd7d5:c0, 65562a4b-7d90-421d-8806-cc1c3bd48af7:c0]
2019-07-13 07:50:00,716 INFO  client.GrpcClientProtocolClient (GrpcClientProtocolClient.java:onNext(255)) - client-B230166F0286->53e4d6b2-2f0c-49c6-b64d-6c13996e2007: receive RaftClientReply:client-B230166F0286->53e4d6b2-2f0c-49c6-b64d-6c13996e2007@group-B3D7D99A1B0C, cid=20, SUCCESS, logIndex=3, commits[53e4d6b2-2f0c-49c6-b64d-6c13996e2007:c3, c4f0e421-8083-4827-aa3d-30282f3dd7d5:c2, 65562a4b-7d90-421d-8806-cc1c3bd48af7:c2]
2019-07-13 07:50:00,803 INFO  client.GrpcClientProtocolClient (GrpcClientProtocolClient.java:onNext(255)) - client-B230166F0286->53e4d6b2-2f0c-49c6-b64d-6c13996e2007: receive RaftClientReply:client-B230166F0286->53e4d6b2-2f0c-49c6-b64d-6c13996e2007@group-B3D7D99A1B0C, cid=21, SUCCESS, logIndex=4, commits[53e4d6b2-2f0c-49c6-b64d-6c13996e2007:c11, c4f0e421-8083-4827-aa3d-30282f3dd7d5:c7, 65562a4b-7d90-421d-8806-cc1c3bd48af7:c7]
2019-07-13 07:50:00,806 INFO  client.GrpcClientProtocolClient (GrpcClientProtocolClient.java:onNext(255)) - client-B230166F0286->53e4d6b2-2f0c-49c6-b64d-6c13996e2007: receive RaftClientReply:client-B230166F0286->53e4d6b2-2f0c-49c6-b64d-6c13996e2007@group-B3D7D99A1B0C, cid=22, SUCCESS, logIndex=5, commits[53e4d6b2-2f0c-49c6-b64d-6c13996e2007:c11, c4f0e421-8083-4827-aa3d-30282f3dd7d5:c7, 65562a4b-7d90-421d-8806-cc1c3bd48af7:c7]
2019-07-13 07:50:00,807 INFO  client.GrpcClientProtocolClient (GrpcClientProtocolClient.java:onNext(255)) - client-B230166F0286->53e4d6b2-2f0c-49c6-b64d-6c13996e2007: receive RaftClientReply:client-B230166F0286->53e4d6b2-2f0c-49c6-b64d-6c13996e2007@group-B3D7D99A1B0C, cid=23, SUCCESS, logIndex=6, commits[53e4d6b2-2f0c-49c6-b64d-6c13996e2007:c11, c4f0e421-8083-4827-aa3d-30282f3dd7d5:c7, 65562a4b-7d90-421d-8806-cc1c3bd48af7:c7]
2019-07-13 07:50:00,913 INFO  client.GrpcClientProtocolClient (GrpcClientProtocolClient.java:onNext(255)) - client-B230166F0286->53e4d6b2-2f0c-49c6-b64d-6c13996e2007: receive RaftClientReply:client-B230166F0286->53e4d6b2-2f0c-49c6-b64d-6c13996e2007@group-B3D7D99A1B0C, cid=24, SUCCESS, logIndex=7, commits[53e4d6b2-2f0c-49c6-b64d-6c13996e2007:c11, c4f0e421-8083-4827-aa3d-30282f3dd7d5:c7, 65562a4b-7d90-421d-8806-cc1c3bd48af7:c7]
]]></system-out>
    <system-err><![CDATA[ERROR StatusLogger No Log4j 2 configuration file found. Using default configuration (logging only errors to the console), or user programmatically provided configurations. Set system property 'log4j2.debug' to show Log4j 2 internal initialization logging. See https://logging.apache.org/log4j/2.x/manual/configuration.html for instructions on how to configure Log4j 2
Jul 13, 2019 7:49:48 AM com.sun.jersey.server.impl.application.WebApplicationImpl _initiate
INFO: Initiating Jersey application, version 'Jersey: 1.19 02/11/2015 03:25 AM'
Jul 13, 2019 7:49:49 AM com.sun.jersey.server.impl.application.WebApplicationImpl _initiate
INFO: Initiating Jersey application, version 'Jersey: 1.19 02/11/2015 03:25 AM'
Jul 13, 2019 7:49:49 AM com.sun.jersey.server.impl.application.WebApplicationImpl _initiate
INFO: Initiating Jersey application, version 'Jersey: 1.19 02/11/2015 03:25 AM'
Jul 13, 2019 7:49:49 AM com.sun.jersey.server.impl.application.WebApplicationImpl _initiate
INFO: Initiating Jersey application, version 'Jersey: 1.19 02/11/2015 03:25 AM'
Jul 13, 2019 7:49:49 AM com.sun.jersey.server.impl.application.WebApplicationImpl _initiate
INFO: Initiating Jersey application, version 'Jersey: 1.19 02/11/2015 03:25 AM'
Jul 13, 2019 7:49:50 AM com.sun.jersey.server.impl.application.WebApplicationImpl _initiate
INFO: Initiating Jersey application, version 'Jersey: 1.19 02/11/2015 03:25 AM'
Jul 13, 2019 7:49:50 AM com.sun.jersey.server.impl.application.WebApplicationImpl _initiate
INFO: Initiating Jersey application, version 'Jersey: 1.19 02/11/2015 03:25 AM'
]]></system-err>
  </testcase>
  <testcase name="testWatchForCommitWithSmallerTimeoutValue" classname="org.apache.hadoop.ozone.client.rpc.TestWatchForCommit" time="43.974"/>
  <testcase name="testWatchForCommitForRetryfailure" classname="org.apache.hadoop.ozone.client.rpc.TestWatchForCommit" time="52.295"/>
  <testcase name="testWatchForCommitForGroupMismatchException" classname="org.apache.hadoop.ozone.client.rpc.TestWatchForCommit" time="32.737"/>
  <testcase name="test2WayCommitForTimeoutException" classname="org.apache.hadoop.ozone.client.rpc.TestWatchForCommit" time="35.76"/>
  <testcase name="test2WayCommitForRetryfailure" classname="org.apache.hadoop.ozone.client.rpc.TestWatchForCommit" time="43.709"/>
</testsuite>