<?xml version="1.0" encoding="UTF-8"?>
<testsuite xmlns:xsi="http://www.w3.org/2001/XMLSchema-instance" xsi:noNamespaceSchemaLocation="https://maven.apache.org/surefire/maven-surefire-plugin/xsd/surefire-test-report.xsd" name="org.apache.hadoop.ozone.client.rpc.TestBlockOutputStreamWithFailures" time="741.47" tests="8" errors="5" skipped="0" failures="1">
  <properties>
    <property name="awt.toolkit" value="sun.awt.X11.XToolkit"/>
    <property name="file.encoding.pkg" value="sun.io"/>
    <property name="java.specification.version" value="1.8"/>
    <property name="sun.cpu.isalist" value=""/>
    <property name="sun.jnu.encoding" value="UTF-8"/>
    <property name="java.class.path" value="/tmp/workdir/hadoop-ozone/integration-test/target/test-classes:/tmp/workdir/hadoop-ozone/integration-test/target/classes:/home/user/.m2/repository/org/apache/hadoop/hadoop-ozone-common/0.5.0-SNAPSHOT/hadoop-ozone-common-0.5.0-SNAPSHOT.jar:/home/user/.m2/repository/org/apache/commons/commons-compress/1.4.1/commons-compress-1.4.1.jar:/home/user/.m2/repository/org/tukaani/xz/1.0/xz-1.0.jar:/home/user/.m2/repository/org/apache/hadoop/hadoop-common/3.2.0/hadoop-common-3.2.0.jar:/home/user/.m2/repository/org/apache/hadoop/hadoop-hdfs/3.2.0/hadoop-hdfs-3.2.0.jar:/home/user/.m2/repository/org/apache/hadoop/hadoop-hdfs-client/3.2.0/hadoop-hdfs-client-3.2.0.jar:/home/user/.m2/repository/com/fasterxml/jackson/core/jackson-annotations/2.9.5/jackson-annotations-2.9.5.jar:/home/user/.m2/repository/org/apache/hadoop/hadoop-hdds-common/0.5.0-SNAPSHOT/hadoop-hdds-common-0.5.0-SNAPSHOT.jar:/home/user/.m2/repository/javax/annotation/javax.annotation-api/1.2/javax.annotation-api-1.2.jar:/home/user/.m2/repository/org/apache/ratis/ratis-server/0.4.0-2337318-SNAPSHOT/ratis-server-0.4.0-2337318-SNAPSHOT.jar:/home/user/.m2/repository/org/apache/ratis/ratis-thirdparty-misc/0.2.0/ratis-thirdparty-misc-0.2.0.jar:/home/user/.m2/repository/org/apache/ratis/ratis-proto/0.4.0-2337318-SNAPSHOT/ratis-proto-0.4.0-2337318-SNAPSHOT.jar:/home/user/.m2/repository/org/apache/ratis/ratis-common/0.4.0-2337318-SNAPSHOT/ratis-common-0.4.0-2337318-SNAPSHOT.jar:/home/user/.m2/repository/org/apache/ratis/ratis-client/0.4.0-2337318-SNAPSHOT/ratis-client-0.4.0-2337318-SNAPSHOT.jar:/home/user/.m2/repository/org/apache/ratis/ratis-metrics/0.4.0-2337318-SNAPSHOT/ratis-metrics-0.4.0-2337318-SNAPSHOT.jar:/home/user/.m2/repository/org/apache/ratis/ratis-netty/0.4.0-2337318-SNAPSHOT/ratis-netty-0.4.0-2337318-SNAPSHOT.jar:/home/user/.m2/repository/org/apache/ratis/ratis-grpc/0.4.0-2337318-SNAPSHOT/ratis-grpc-0.4.0-2337318-SNAPSHOT.jar:/home/user/.m2/repository/org/rocksdb/rocksdbjni/6.0.1/rocksdbjni-6.0.1.jar:/home/user/.m2/repository/org/apache/logging/log4j/log4j-api/2.11.0/log4j-api-2.11.0.jar:/home/user/.m2/repository/org/apache/logging/log4j/log4j-core/2.11.0/log4j-core-2.11.0.jar:/home/user/.m2/repository/com/lmax/disruptor/3.4.2/disruptor-3.4.2.jar:/home/user/.m2/repository/org/apache/commons/commons-pool2/2.6.0/commons-pool2-2.6.0.jar:/home/user/.m2/repository/org/bouncycastle/bcpkix-jdk15on/1.60/bcpkix-jdk15on-1.60.jar:/home/user/.m2/repository/commons-validator/commons-validator/1.6/commons-validator-1.6.jar:/home/user/.m2/repository/commons-digester/commons-digester/1.8.1/commons-digester-1.8.1.jar:/home/user/.m2/repository/io/jaegertracing/jaeger-client/0.33.1/jaeger-client-0.33.1.jar:/home/user/.m2/repository/io/jaegertracing/jaeger-thrift/0.33.1/jaeger-thrift-0.33.1.jar:/home/user/.m2/repository/org/apache/thrift/libthrift/0.11.0/libthrift-0.11.0.jar:/home/user/.m2/repository/com/squareup/okhttp3/okhttp/3.9.0/okhttp-3.9.0.jar:/home/user/.m2/repository/com/squareup/okio/okio/1.13.0/okio-1.13.0.jar:/home/user/.m2/repository/io/jaegertracing/jaeger-core/0.33.1/jaeger-core-0.33.1.jar:/home/user/.m2/repository/io/jaegertracing/jaeger-tracerresolver/0.33.1/jaeger-tracerresolver-0.33.1.jar:/home/user/.m2/repository/io/opentracing/contrib/opentracing-tracerresolver/0.1.5/opentracing-tracerresolver-0.1.5.jar:/home/user/.m2/repository/io/opentracing/opentracing-util/0.31.0/opentracing-util-0.31.0.jar:/home/user/.m2/repository/io/opentracing/opentracing-api/0.31.0/opentracing-api-0.31.0.jar:/home/user/.m2/repository/io/opentracing/opentracing-noop/0.31.0/opentracing-noop-0.31.0.jar:/home/user/.m2/repository/org/apache/hadoop/hadoop-hdds-server-framework/0.5.0-SNAPSHOT/hadoop-hdds-server-framework-0.5.0-SNAPSHOT.jar:/home/user/.m2/repository/org/apache/hadoop/hadoop-hdds-container-service/0.5.0-SNAPSHOT/hadoop-hdds-container-service-0.5.0-SNAPSHOT.jar:/home/user/.m2/repository/org/apache/hadoop/hadoop-hdds-client/0.5.0-SNAPSHOT/hadoop-hdds-client-0.5.0-SNAPSHOT.jar:/home/user/.m2/repository/org/apache/hadoop/hadoop-hdds-tools/0.5.0-SNAPSHOT/hadoop-hdds-tools-0.5.0-SNAPSHOT.jar:/home/user/.m2/repository/org/apache/hadoop/hadoop-hdds-server-scm/0.5.0-SNAPSHOT/hadoop-hdds-server-scm-0.5.0-SNAPSHOT.jar:/home/user/.m2/repository/org/apache/hadoop/hadoop-hdds-docs/0.5.0-SNAPSHOT/hadoop-hdds-docs-0.5.0-SNAPSHOT.jar:/home/user/.m2/repository/io/dropwizard/metrics/metrics-core/3.2.4/metrics-core-3.2.4.jar:/home/user/.m2/repository/org/hamcrest/hamcrest-all/1.3/hamcrest-all-1.3.jar:/home/user/.m2/repository/org/bouncycastle/bcprov-jdk15on/1.60/bcprov-jdk15on-1.60.jar:/home/user/.m2/repository/info/picocli/picocli/3.9.6/picocli-3.9.6.jar:/home/user/.m2/repository/com/google/protobuf/protobuf-java/2.5.0/protobuf-java-2.5.0.jar:/home/user/.m2/repository/com/google/guava/guava/11.0.2/guava-11.0.2.jar:/home/user/.m2/repository/org/apache/hadoop/hadoop-ozone-ozone-manager/0.5.0-SNAPSHOT/hadoop-ozone-ozone-manager-0.5.0-SNAPSHOT.jar:/home/user/.m2/repository/org/apache/hadoop/hadoop-minikdc/3.2.0/hadoop-minikdc-3.2.0.jar:/home/user/.m2/repository/commons-io/commons-io/2.5/commons-io-2.5.jar:/home/user/.m2/repository/org/apache/kerby/kerb-simplekdc/1.0.1/kerb-simplekdc-1.0.1.jar:/home/user/.m2/repository/org/apache/kerby/kerb-client/1.0.1/kerb-client-1.0.1.jar:/home/user/.m2/repository/org/apache/kerby/kerby-config/1.0.1/kerby-config-1.0.1.jar:/home/user/.m2/repository/org/apache/kerby/kerb-core/1.0.1/kerb-core-1.0.1.jar:/home/user/.m2/repository/org/apache/kerby/kerby-pkix/1.0.1/kerby-pkix-1.0.1.jar:/home/user/.m2/repository/org/apache/kerby/kerby-asn1/1.0.1/kerby-asn1-1.0.1.jar:/home/user/.m2/repository/org/apache/kerby/kerby-util/1.0.1/kerby-util-1.0.1.jar:/home/user/.m2/repository/org/apache/kerby/kerb-common/1.0.1/kerb-common-1.0.1.jar:/home/user/.m2/repository/org/apache/kerby/kerb-crypto/1.0.1/kerb-crypto-1.0.1.jar:/home/user/.m2/repository/org/apache/kerby/kerb-util/1.0.1/kerb-util-1.0.1.jar:/home/user/.m2/repository/org/apache/kerby/token-provider/1.0.1/token-provider-1.0.1.jar:/home/user/.m2/repository/org/apache/kerby/kerb-admin/1.0.1/kerb-admin-1.0.1.jar:/home/user/.m2/repository/org/apache/kerby/kerb-server/1.0.1/kerb-server-1.0.1.jar:/home/user/.m2/repository/org/apache/kerby/kerb-identity/1.0.1/kerb-identity-1.0.1.jar:/home/user/.m2/repository/org/apache/kerby/kerby-xdr/1.0.1/kerby-xdr-1.0.1.jar:/home/user/.m2/repository/org/slf4j/slf4j-log4j12/1.7.25/slf4j-log4j12-1.7.25.jar:/home/user/.m2/repository/org/apache/hadoop/hadoop-ozone-objectstore-service/0.5.0-SNAPSHOT/hadoop-ozone-objectstore-service-0.5.0-SNAPSHOT.jar:/home/user/.m2/repository/org/apache/hadoop/hadoop-ozone-s3gateway/0.5.0-SNAPSHOT/hadoop-ozone-s3gateway-0.5.0-SNAPSHOT.jar:/home/user/.m2/repository/org/jboss/weld/servlet/weld-servlet/2.4.7.Final/weld-servlet-2.4.7.Final.jar:/home/user/.m2/repository/org/glassfish/jersey/containers/jersey-container-servlet-core/2.27/jersey-container-servlet-core-2.27.jar:/home/user/.m2/repository/org/glassfish/hk2/external/javax.inject/2.5.0-b42/javax.inject-2.5.0-b42.jar:/home/user/.m2/repository/org/glassfish/jersey/core/jersey-common/2.27/jersey-common-2.27.jar:/home/user/.m2/repository/org/glassfish/hk2/osgi-resource-locator/1.0.1/osgi-resource-locator-1.0.1.jar:/home/user/.m2/repository/javax/ws/rs/javax.ws.rs-api/2.1/javax.ws.rs-api-2.1.jar:/home/user/.m2/repository/org/glassfish/jersey/ext/cdi/jersey-cdi1x/2.27/jersey-cdi1x-2.27.jar:/home/user/.m2/repository/org/glassfish/jersey/inject/jersey-hk2/2.27/jersey-hk2-2.27.jar:/home/user/.m2/repository/org/glassfish/hk2/hk2-locator/2.5.0-b42/hk2-locator-2.5.0-b42.jar:/home/user/.m2/repository/org/javassist/javassist/3.22.0-CR2/javassist-3.22.0-CR2.jar:/home/user/.m2/repository/org/glassfish/hk2/hk2-api/2.5.0/hk2-api-2.5.0.jar:/home/user/.m2/repository/org/glassfish/hk2/external/jakarta.inject/2.5.0/jakarta.inject-2.5.0.jar:/home/user/.m2/repository/org/glassfish/hk2/hk2-utils/2.5.0/hk2-utils-2.5.0.jar:/home/user/.m2/repository/jakarta/annotation/jakarta.annotation-api/1.3.4/jakarta.annotation-api-1.3.4.jar:/home/user/.m2/repository/org/glassfish/hk2/external/aopalliance-repackaged/2.5.0/aopalliance-repackaged-2.5.0.jar:/home/user/.m2/repository/com/fasterxml/jackson/dataformat/jackson-dataformat-xml/2.9.0/jackson-dataformat-xml-2.9.0.jar:/home/user/.m2/repository/com/fasterxml/jackson/core/jackson-core/2.9.5/jackson-core-2.9.5.jar:/home/user/.m2/repository/com/fasterxml/jackson/module/jackson-module-jaxb-annotations/2.9.5/jackson-module-jaxb-annotations-2.9.5.jar:/home/user/.m2/repository/javax/enterprise/cdi-api/1.2/cdi-api-1.2.jar:/home/user/.m2/repository/javax/el/javax.el-api/3.0.0/javax.el-api-3.0.0.jar:/home/user/.m2/repository/javax/interceptor/javax.interceptor-api/1.2/javax.interceptor-api-1.2.jar:/home/user/.m2/repository/javax/inject/javax.inject/1/javax.inject-1.jar:/home/user/.m2/repository/com/sun/xml/bind/jaxb-impl/2.3.0.1/jaxb-impl-2.3.0.1.jar:/home/user/.m2/repository/com/sun/xml/bind/jaxb-core/2.3.0.1/jaxb-core-2.3.0.1.jar:/home/user/.m2/repository/javax/xml/bind/jaxb-api/2.3.0/jaxb-api-2.3.0.jar:/home/user/.m2/repository/javax/activation/activation/1.1.1/activation-1.1.1.jar:/home/user/.m2/repository/org/apache/hadoop/hadoop-ozone-csi/0.5.0-SNAPSHOT/hadoop-ozone-csi-0.5.0-SNAPSHOT.jar:/home/user/.m2/repository/com/google/protobuf/protobuf-java-util/3.5.1/protobuf-java-util-3.5.1.jar:/home/user/.m2/repository/org/apache/hadoop/hadoop-hdds-config/0.5.0-SNAPSHOT/hadoop-hdds-config-0.5.0-SNAPSHOT.jar:/home/user/.m2/repository/io/grpc/grpc-netty/1.17.1/grpc-netty-1.17.1.jar:/home/user/.m2/repository/io/grpc/grpc-core/1.17.1/grpc-core-1.17.1.jar:/home/user/.m2/repository/io/grpc/grpc-context/1.17.1/grpc-context-1.17.1.jar:/home/user/.m2/repository/com/google/errorprone/error_prone_annotations/2.2.0/error_prone_annotations-2.2.0.jar:/home/user/.m2/repository/org/codehaus/mojo/animal-sniffer-annotations/1.17/animal-sniffer-annotations-1.17.jar:/home/user/.m2/repository/io/opencensus/opencensus-api/0.17.0/opencensus-api-0.17.0.jar:/home/user/.m2/repository/io/opencensus/opencensus-contrib-grpc-metrics/0.17.0/opencensus-contrib-grpc-metrics-0.17.0.jar:/home/user/.m2/repository/io/netty/netty-codec-http2/4.1.30.Final/netty-codec-http2-4.1.30.Final.jar:/home/user/.m2/repository/io/netty/netty-codec-http/4.1.30.Final/netty-codec-http-4.1.30.Final.jar:/home/user/.m2/repository/io/netty/netty-codec/4.1.30.Final/netty-codec-4.1.30.Final.jar:/home/user/.m2/repository/io/netty/netty-handler/4.1.30.Final/netty-handler-4.1.30.Final.jar:/home/user/.m2/repository/io/netty/netty-handler-proxy/4.1.30.Final/netty-handler-proxy-4.1.30.Final.jar:/home/user/.m2/repository/io/netty/netty-codec-socks/4.1.30.Final/netty-codec-socks-4.1.30.Final.jar:/home/user/.m2/repository/io/netty/netty-transport-native-epoll/4.1.30.Final/netty-transport-native-epoll-4.1.30.Final.jar:/home/user/.m2/repository/io/netty/netty-common/4.1.30.Final/netty-common-4.1.30.Final.jar:/home/user/.m2/repository/io/netty/netty-buffer/4.1.30.Final/netty-buffer-4.1.30.Final.jar:/home/user/.m2/repository/io/netty/netty-transport/4.1.30.Final/netty-transport-4.1.30.Final.jar:/home/user/.m2/repository/io/netty/netty-resolver/4.1.30.Final/netty-resolver-4.1.30.Final.jar:/home/user/.m2/repository/io/netty/netty-transport-native-unix-common/4.1.30.Final/netty-transport-native-unix-common-4.1.30.Final.jar:/home/user/.m2/repository/io/grpc/grpc-protobuf/1.17.1/grpc-protobuf-1.17.1.jar:/home/user/.m2/repository/com/google/api/grpc/proto-google-common-protos/1.0.0/proto-google-common-protos-1.0.0.jar:/home/user/.m2/repository/io/grpc/grpc-protobuf-lite/1.17.1/grpc-protobuf-lite-1.17.1.jar:/home/user/.m2/repository/io/grpc/grpc-stub/1.17.1/grpc-stub-1.17.1.jar:/home/user/.m2/repository/org/apache/hadoop/hadoop-ozone-recon/0.5.0-SNAPSHOT/hadoop-ozone-recon-0.5.0-SNAPSHOT.jar:/home/user/.m2/repository/org/apache/hadoop/hadoop-ozone-reconcodegen/0.5.0-SNAPSHOT/hadoop-ozone-reconcodegen-0.5.0-SNAPSHOT.jar:/home/user/.m2/repository/com/google/inject/extensions/guice-multibindings/4.0/guice-multibindings-4.0.jar:/home/user/.m2/repository/com/google/inject/guice/4.0/guice-4.0.jar:/home/user/.m2/repository/aopalliance/aopalliance/1.0/aopalliance-1.0.jar:/home/user/.m2/repository/com/google/inject/extensions/guice-servlet/4.0/guice-servlet-4.0.jar:/home/user/.m2/repository/org/glassfish/jersey/containers/jersey-container-servlet/2.27/jersey-container-servlet-2.27.jar:/home/user/.m2/repository/org/glassfish/hk2/guice-bridge/2.5.0/guice-bridge-2.5.0.jar:/home/user/.m2/repository/org/glassfish/jersey/core/jersey-server/2.27/jersey-server-2.27.jar:/home/user/.m2/repository/org/glassfish/jersey/core/jersey-client/2.27/jersey-client-2.27.jar:/home/user/.m2/repository/org/glassfish/jersey/media/jersey-media-jaxb/2.27/jersey-media-jaxb-2.27.jar:/home/user/.m2/repository/javax/validation/validation-api/1.1.0.Final/validation-api-1.1.0.Final.jar:/home/user/.m2/repository/org/glassfish/jersey/media/jersey-media-json-jackson/2.27/jersey-media-json-jackson-2.27.jar:/home/user/.m2/repository/org/glassfish/jersey/ext/jersey-entity-filtering/2.27/jersey-entity-filtering-2.27.jar:/home/user/.m2/repository/com/google/inject/extensions/guice-assistedinject/4.0/guice-assistedinject-4.0.jar:/home/user/.m2/repository/org/jooq/jooq/3.11.10/jooq-3.11.10.jar:/home/user/.m2/repository/org/jooq/jooq-meta/3.11.10/jooq-meta-3.11.10.jar:/home/user/.m2/repository/org/jooq/jooq-codegen/3.11.10/jooq-codegen-3.11.10.jar:/home/user/.m2/repository/com/jolbox/bonecp/0.8.0.RELEASE/bonecp-0.8.0.RELEASE.jar:/home/user/.m2/repository/org/xerial/sqlite-jdbc/3.25.2/sqlite-jdbc-3.25.2.jar:/home/user/.m2/repository/org/springframework/spring-jdbc/5.1.3.RELEASE/spring-jdbc-5.1.3.RELEASE.jar:/home/user/.m2/repository/org/springframework/spring-beans/5.1.3.RELEASE/spring-beans-5.1.3.RELEASE.jar:/home/user/.m2/repository/org/springframework/spring-core/5.1.3.RELEASE/spring-core-5.1.3.RELEASE.jar:/home/user/.m2/repository/org/springframework/spring-jcl/5.1.3.RELEASE/spring-jcl-5.1.3.RELEASE.jar:/home/user/.m2/repository/org/springframework/spring-tx/5.1.3.RELEASE/spring-tx-5.1.3.RELEASE.jar:/home/user/.m2/repository/org/apache/hadoop/hadoop-ozone-client/0.5.0-SNAPSHOT/hadoop-ozone-client-0.5.0-SNAPSHOT.jar:/home/user/.m2/repository/commons-lang/commons-lang/2.6/commons-lang-2.6.jar:/home/user/.m2/repository/org/apache/hadoop/hadoop-ozone-ozone-manager/0.5.0-SNAPSHOT/hadoop-ozone-ozone-manager-0.5.0-SNAPSHOT-tests.jar:/home/user/.m2/repository/junit/junit/4.11/junit-4.11.jar:/home/user/.m2/repository/org/hamcrest/hamcrest-core/1.3/hamcrest-core-1.3.jar:/home/user/.m2/repository/org/openjdk/jmh/jmh-core/1.19/jmh-core-1.19.jar:/home/user/.m2/repository/net/sf/jopt-simple/jopt-simple/4.6/jopt-simple-4.6.jar:/home/user/.m2/repository/org/apache/commons/commons-math3/3.1.1/commons-math3-3.1.1.jar:/home/user/.m2/repository/org/openjdk/jmh/jmh-generator-annprocess/1.19/jmh-generator-annprocess-1.19.jar:/home/user/.m2/repository/org/mockito/mockito-all/1.8.5/mockito-all-1.8.5.jar:/home/user/.m2/repository/org/apache/hadoop/hadoop-kms/3.2.0/hadoop-kms-3.2.0.jar:/home/user/.m2/repository/org/apache/hadoop/hadoop-auth/3.2.0/hadoop-auth-3.2.0.jar:/home/user/.m2/repository/com/nimbusds/nimbus-jose-jwt/4.41.1/nimbus-jose-jwt-4.41.1.jar:/home/user/.m2/repository/com/github/stephenc/jcip/jcip-annotations/1.0-1/jcip-annotations-1.0-1.jar:/home/user/.m2/repository/net/minidev/json-smart/2.3/json-smart-2.3.jar:/home/user/.m2/repository/net/minidev/accessors-smart/1.2/accessors-smart-1.2.jar:/home/user/.m2/repository/org/ow2/asm/asm/5.0.4/asm-5.0.4.jar:/home/user/.m2/repository/org/apache/curator/curator-framework/2.12.0/curator-framework-2.12.0.jar:/home/user/.m2/repository/com/sun/jersey/jersey-core/1.19/jersey-core-1.19.jar:/home/user/.m2/repository/javax/ws/rs/jsr311-api/1.1.1/jsr311-api-1.1.1.jar:/home/user/.m2/repository/com/sun/jersey/jersey-server/1.19/jersey-server-1.19.jar:/home/user/.m2/repository/javax/servlet/javax.servlet-api/3.1.0/javax.servlet-api-3.1.0.jar:/home/user/.m2/repository/org/eclipse/jetty/jetty-server/9.3.24.v20180605/jetty-server-9.3.24.v20180605.jar:/home/user/.m2/repository/org/eclipse/jetty/jetty-http/9.3.24.v20180605/jetty-http-9.3.24.v20180605.jar:/home/user/.m2/repository/org/eclipse/jetty/jetty-io/9.3.24.v20180605/jetty-io-9.3.24.v20180605.jar:/home/user/.m2/repository/org/eclipse/jetty/jetty-webapp/9.3.24.v20180605/jetty-webapp-9.3.24.v20180605.jar:/home/user/.m2/repository/org/eclipse/jetty/jetty-xml/9.3.24.v20180605/jetty-xml-9.3.24.v20180605.jar:/home/user/.m2/repository/log4j/log4j/1.2.17/log4j-1.2.17.jar:/home/user/.m2/repository/org/slf4j/slf4j-api/1.7.25/slf4j-api-1.7.25.jar:/home/user/.m2/repository/org/slf4j/jul-to-slf4j/1.7.25/jul-to-slf4j-1.7.25.jar:/home/user/.m2/repository/org/eclipse/jetty/jetty-util/9.3.24.v20180605/jetty-util-9.3.24.v20180605.jar:/home/user/.m2/repository/com/fasterxml/jackson/core/jackson-databind/2.9.5/jackson-databind-2.9.5.jar:/home/user/.m2/repository/org/apache/hadoop/hadoop-kms/3.2.0/hadoop-kms-3.2.0-tests.jar:/home/user/.m2/repository/org/apache/hadoop/hadoop-hdds-server-scm/0.5.0-SNAPSHOT/hadoop-hdds-server-scm-0.5.0-SNAPSHOT-tests.jar:/home/user/.m2/repository/org/apache/hadoop/hadoop-hdds-container-service/0.5.0-SNAPSHOT/hadoop-hdds-container-service-0.5.0-SNAPSHOT-tests.jar:/home/user/.m2/repository/org/yaml/snakeyaml/1.16/snakeyaml-1.16.jar:/home/user/.m2/repository/org/apache/hadoop/hadoop-common/3.2.0/hadoop-common-3.2.0-tests.jar:/home/user/.m2/repository/org/apache/hadoop/hadoop-annotations/3.2.0/hadoop-annotations-3.2.0.jar:/usr/lib/jvm/java-1.8-openjdk/jre/../lib/tools.jar:/home/user/.m2/repository/commons-cli/commons-cli/1.2/commons-cli-1.2.jar:/home/user/.m2/repository/org/apache/httpcomponents/httpclient/4.5.2/httpclient-4.5.2.jar:/home/user/.m2/repository/org/apache/httpcomponents/httpcore/4.4.4/httpcore-4.4.4.jar:/home/user/.m2/repository/commons-codec/commons-codec/1.11/commons-codec-1.11.jar:/home/user/.m2/repository/commons-net/commons-net/3.6/commons-net-3.6.jar:/home/user/.m2/repository/commons-collections/commons-collections/3.2.2/commons-collections-3.2.2.jar:/home/user/.m2/repository/org/eclipse/jetty/jetty-servlet/9.3.24.v20180605/jetty-servlet-9.3.24.v20180605.jar:/home/user/.m2/repository/org/eclipse/jetty/jetty-security/9.3.24.v20180605/jetty-security-9.3.24.v20180605.jar:/home/user/.m2/repository/javax/servlet/jsp/jsp-api/2.1/jsp-api-2.1.jar:/home/user/.m2/repository/com/sun/jersey/jersey-servlet/1.19/jersey-servlet-1.19.jar:/home/user/.m2/repository/com/sun/jersey/jersey-json/1.19/jersey-json-1.19.jar:/home/user/.m2/repository/org/codehaus/jettison/jettison/1.1/jettison-1.1.jar:/home/user/.m2/repository/org/codehaus/jackson/jackson-core-asl/1.9.13/jackson-core-asl-1.9.13.jar:/home/user/.m2/repository/org/codehaus/jackson/jackson-mapper-asl/1.9.13/jackson-mapper-asl-1.9.13.jar:/home/user/.m2/repository/org/codehaus/jackson/jackson-jaxrs/1.9.13/jackson-jaxrs-1.9.13.jar:/home/user/.m2/repository/org/codehaus/jackson/jackson-xc/1.9.13/jackson-xc-1.9.13.jar:/home/user/.m2/repository/commons-logging/commons-logging/1.1.3/commons-logging-1.1.3.jar:/home/user/.m2/repository/commons-beanutils/commons-beanutils/1.9.3/commons-beanutils-1.9.3.jar:/home/user/.m2/repository/org/apache/commons/commons-configuration2/2.1.1/commons-configuration2-2.1.1.jar:/home/user/.m2/repository/org/apache/commons/commons-lang3/3.7/commons-lang3-3.7.jar:/home/user/.m2/repository/org/apache/commons/commons-text/1.4/commons-text-1.4.jar:/home/user/.m2/repository/org/apache/avro/avro/1.7.7/avro-1.7.7.jar:/home/user/.m2/repository/com/thoughtworks/paranamer/paranamer/2.3/paranamer-2.3.jar:/home/user/.m2/repository/org/xerial/snappy/snappy-java/1.0.5/snappy-java-1.0.5.jar:/home/user/.m2/repository/com/google/re2j/re2j/1.1/re2j-1.1.jar:/home/user/.m2/repository/com/google/code/gson/gson/2.2.4/gson-2.2.4.jar:/home/user/.m2/repository/com/jcraft/jsch/0.1.54/jsch-0.1.54.jar:/home/user/.m2/repository/org/apache/curator/curator-client/2.12.0/curator-client-2.12.0.jar:/home/user/.m2/repository/org/apache/curator/curator-recipes/2.12.0/curator-recipes-2.12.0.jar:/home/user/.m2/repository/com/google/code/findbugs/jsr305/3.0.0/jsr305-3.0.0.jar:/home/user/.m2/repository/org/apache/htrace/htrace-core4/4.1.0-incubating/htrace-core4-4.1.0-incubating.jar:/home/user/.m2/repository/org/apache/zookeeper/zookeeper/3.4.13/zookeeper-3.4.13.jar:/home/user/.m2/repository/org/apache/yetus/audience-annotations/0.5.0/audience-annotations-0.5.0.jar:/home/user/.m2/repository/org/codehaus/woodstox/stax2-api/3.1.4/stax2-api-3.1.4.jar:/home/user/.m2/repository/com/fasterxml/woodstox/woodstox-core/5.0.3/woodstox-core-5.0.3.jar:/home/user/.m2/repository/dnsjava/dnsjava/2.1.7/dnsjava-2.1.7.jar:/home/user/.m2/repository/org/apache/hadoop/hadoop-hdfs/3.2.0/hadoop-hdfs-3.2.0-tests.jar:/home/user/.m2/repository/org/eclipse/jetty/jetty-util-ajax/9.3.24.v20180605/jetty-util-ajax-9.3.24.v20180605.jar:/home/user/.m2/repository/commons-daemon/commons-daemon/1.0.13/commons-daemon-1.0.13.jar:/home/user/.m2/repository/io/netty/netty/3.10.5.Final/netty-3.10.5.Final.jar:/home/user/.m2/repository/io/netty/netty-all/4.0.52.Final/netty-all-4.0.52.Final.jar:/home/user/.m2/repository/org/fusesource/leveldbjni/leveldbjni-all/1.8/leveldbjni-all-1.8.jar:"/>
    <property name="java.vm.vendor" value="IcedTea"/>
    <property name="sun.arch.data.model" value="64"/>
    <property name="test.build.dir" value="/tmp/workdir/hadoop-ozone/integration-test/target/test-dir"/>
    <property name="test.cache.data" value=""/>
    <property name="java.vendor.url" value="https://icedtea.classpath.org"/>
    <property name="user.timezone" value=""/>
    <property name="java.vm.specification.version" value="1.8"/>
    <property name="os.name" value="Linux"/>
    <property name="test.build.data" value="/tmp/workdir/hadoop-ozone/integration-test/target/test-dir"/>
    <property name="user.country" value="US"/>
    <property name="sun.java.launcher" value="SUN_STANDARD"/>
    <property name="sun.boot.library.path" value="/usr/lib/jvm/java-1.8-openjdk/jre/lib/amd64"/>
    <property name="sun.java.command" value="/tmp/workdir/hadoop-ozone/integration-test/target/surefire/surefirebooter8641027083610712384.jar /tmp/workdir/hadoop-ozone/integration-test/target/surefire 2019-07-13T06-34-03_108-jvmRun1 surefire3650618501269368256tmp surefire_691869307204759754348tmp"/>
    <property name="surefire.test.class.path" value="/tmp/workdir/hadoop-ozone/integration-test/target/test-classes:/tmp/workdir/hadoop-ozone/integration-test/target/classes:/home/user/.m2/repository/org/apache/hadoop/hadoop-ozone-common/0.5.0-SNAPSHOT/hadoop-ozone-common-0.5.0-SNAPSHOT.jar:/home/user/.m2/repository/org/apache/commons/commons-compress/1.4.1/commons-compress-1.4.1.jar:/home/user/.m2/repository/org/tukaani/xz/1.0/xz-1.0.jar:/home/user/.m2/repository/org/apache/hadoop/hadoop-common/3.2.0/hadoop-common-3.2.0.jar:/home/user/.m2/repository/org/apache/hadoop/hadoop-hdfs/3.2.0/hadoop-hdfs-3.2.0.jar:/home/user/.m2/repository/org/apache/hadoop/hadoop-hdfs-client/3.2.0/hadoop-hdfs-client-3.2.0.jar:/home/user/.m2/repository/com/fasterxml/jackson/core/jackson-annotations/2.9.5/jackson-annotations-2.9.5.jar:/home/user/.m2/repository/org/apache/hadoop/hadoop-hdds-common/0.5.0-SNAPSHOT/hadoop-hdds-common-0.5.0-SNAPSHOT.jar:/home/user/.m2/repository/javax/annotation/javax.annotation-api/1.2/javax.annotation-api-1.2.jar:/home/user/.m2/repository/org/apache/ratis/ratis-server/0.4.0-2337318-SNAPSHOT/ratis-server-0.4.0-2337318-SNAPSHOT.jar:/home/user/.m2/repository/org/apache/ratis/ratis-thirdparty-misc/0.2.0/ratis-thirdparty-misc-0.2.0.jar:/home/user/.m2/repository/org/apache/ratis/ratis-proto/0.4.0-2337318-SNAPSHOT/ratis-proto-0.4.0-2337318-SNAPSHOT.jar:/home/user/.m2/repository/org/apache/ratis/ratis-common/0.4.0-2337318-SNAPSHOT/ratis-common-0.4.0-2337318-SNAPSHOT.jar:/home/user/.m2/repository/org/apache/ratis/ratis-client/0.4.0-2337318-SNAPSHOT/ratis-client-0.4.0-2337318-SNAPSHOT.jar:/home/user/.m2/repository/org/apache/ratis/ratis-metrics/0.4.0-2337318-SNAPSHOT/ratis-metrics-0.4.0-2337318-SNAPSHOT.jar:/home/user/.m2/repository/org/apache/ratis/ratis-netty/0.4.0-2337318-SNAPSHOT/ratis-netty-0.4.0-2337318-SNAPSHOT.jar:/home/user/.m2/repository/org/apache/ratis/ratis-grpc/0.4.0-2337318-SNAPSHOT/ratis-grpc-0.4.0-2337318-SNAPSHOT.jar:/home/user/.m2/repository/org/rocksdb/rocksdbjni/6.0.1/rocksdbjni-6.0.1.jar:/home/user/.m2/repository/org/apache/logging/log4j/log4j-api/2.11.0/log4j-api-2.11.0.jar:/home/user/.m2/repository/org/apache/logging/log4j/log4j-core/2.11.0/log4j-core-2.11.0.jar:/home/user/.m2/repository/com/lmax/disruptor/3.4.2/disruptor-3.4.2.jar:/home/user/.m2/repository/org/apache/commons/commons-pool2/2.6.0/commons-pool2-2.6.0.jar:/home/user/.m2/repository/org/bouncycastle/bcpkix-jdk15on/1.60/bcpkix-jdk15on-1.60.jar:/home/user/.m2/repository/commons-validator/commons-validator/1.6/commons-validator-1.6.jar:/home/user/.m2/repository/commons-digester/commons-digester/1.8.1/commons-digester-1.8.1.jar:/home/user/.m2/repository/io/jaegertracing/jaeger-client/0.33.1/jaeger-client-0.33.1.jar:/home/user/.m2/repository/io/jaegertracing/jaeger-thrift/0.33.1/jaeger-thrift-0.33.1.jar:/home/user/.m2/repository/org/apache/thrift/libthrift/0.11.0/libthrift-0.11.0.jar:/home/user/.m2/repository/com/squareup/okhttp3/okhttp/3.9.0/okhttp-3.9.0.jar:/home/user/.m2/repository/com/squareup/okio/okio/1.13.0/okio-1.13.0.jar:/home/user/.m2/repository/io/jaegertracing/jaeger-core/0.33.1/jaeger-core-0.33.1.jar:/home/user/.m2/repository/io/jaegertracing/jaeger-tracerresolver/0.33.1/jaeger-tracerresolver-0.33.1.jar:/home/user/.m2/repository/io/opentracing/contrib/opentracing-tracerresolver/0.1.5/opentracing-tracerresolver-0.1.5.jar:/home/user/.m2/repository/io/opentracing/opentracing-util/0.31.0/opentracing-util-0.31.0.jar:/home/user/.m2/repository/io/opentracing/opentracing-api/0.31.0/opentracing-api-0.31.0.jar:/home/user/.m2/repository/io/opentracing/opentracing-noop/0.31.0/opentracing-noop-0.31.0.jar:/home/user/.m2/repository/org/apache/hadoop/hadoop-hdds-server-framework/0.5.0-SNAPSHOT/hadoop-hdds-server-framework-0.5.0-SNAPSHOT.jar:/home/user/.m2/repository/org/apache/hadoop/hadoop-hdds-container-service/0.5.0-SNAPSHOT/hadoop-hdds-container-service-0.5.0-SNAPSHOT.jar:/home/user/.m2/repository/org/apache/hadoop/hadoop-hdds-client/0.5.0-SNAPSHOT/hadoop-hdds-client-0.5.0-SNAPSHOT.jar:/home/user/.m2/repository/org/apache/hadoop/hadoop-hdds-tools/0.5.0-SNAPSHOT/hadoop-hdds-tools-0.5.0-SNAPSHOT.jar:/home/user/.m2/repository/org/apache/hadoop/hadoop-hdds-server-scm/0.5.0-SNAPSHOT/hadoop-hdds-server-scm-0.5.0-SNAPSHOT.jar:/home/user/.m2/repository/org/apache/hadoop/hadoop-hdds-docs/0.5.0-SNAPSHOT/hadoop-hdds-docs-0.5.0-SNAPSHOT.jar:/home/user/.m2/repository/io/dropwizard/metrics/metrics-core/3.2.4/metrics-core-3.2.4.jar:/home/user/.m2/repository/org/hamcrest/hamcrest-all/1.3/hamcrest-all-1.3.jar:/home/user/.m2/repository/org/bouncycastle/bcprov-jdk15on/1.60/bcprov-jdk15on-1.60.jar:/home/user/.m2/repository/info/picocli/picocli/3.9.6/picocli-3.9.6.jar:/home/user/.m2/repository/com/google/protobuf/protobuf-java/2.5.0/protobuf-java-2.5.0.jar:/home/user/.m2/repository/com/google/guava/guava/11.0.2/guava-11.0.2.jar:/home/user/.m2/repository/org/apache/hadoop/hadoop-ozone-ozone-manager/0.5.0-SNAPSHOT/hadoop-ozone-ozone-manager-0.5.0-SNAPSHOT.jar:/home/user/.m2/repository/org/apache/hadoop/hadoop-minikdc/3.2.0/hadoop-minikdc-3.2.0.jar:/home/user/.m2/repository/commons-io/commons-io/2.5/commons-io-2.5.jar:/home/user/.m2/repository/org/apache/kerby/kerb-simplekdc/1.0.1/kerb-simplekdc-1.0.1.jar:/home/user/.m2/repository/org/apache/kerby/kerb-client/1.0.1/kerb-client-1.0.1.jar:/home/user/.m2/repository/org/apache/kerby/kerby-config/1.0.1/kerby-config-1.0.1.jar:/home/user/.m2/repository/org/apache/kerby/kerb-core/1.0.1/kerb-core-1.0.1.jar:/home/user/.m2/repository/org/apache/kerby/kerby-pkix/1.0.1/kerby-pkix-1.0.1.jar:/home/user/.m2/repository/org/apache/kerby/kerby-asn1/1.0.1/kerby-asn1-1.0.1.jar:/home/user/.m2/repository/org/apache/kerby/kerby-util/1.0.1/kerby-util-1.0.1.jar:/home/user/.m2/repository/org/apache/kerby/kerb-common/1.0.1/kerb-common-1.0.1.jar:/home/user/.m2/repository/org/apache/kerby/kerb-crypto/1.0.1/kerb-crypto-1.0.1.jar:/home/user/.m2/repository/org/apache/kerby/kerb-util/1.0.1/kerb-util-1.0.1.jar:/home/user/.m2/repository/org/apache/kerby/token-provider/1.0.1/token-provider-1.0.1.jar:/home/user/.m2/repository/org/apache/kerby/kerb-admin/1.0.1/kerb-admin-1.0.1.jar:/home/user/.m2/repository/org/apache/kerby/kerb-server/1.0.1/kerb-server-1.0.1.jar:/home/user/.m2/repository/org/apache/kerby/kerb-identity/1.0.1/kerb-identity-1.0.1.jar:/home/user/.m2/repository/org/apache/kerby/kerby-xdr/1.0.1/kerby-xdr-1.0.1.jar:/home/user/.m2/repository/org/slf4j/slf4j-log4j12/1.7.25/slf4j-log4j12-1.7.25.jar:/home/user/.m2/repository/org/apache/hadoop/hadoop-ozone-objectstore-service/0.5.0-SNAPSHOT/hadoop-ozone-objectstore-service-0.5.0-SNAPSHOT.jar:/home/user/.m2/repository/org/apache/hadoop/hadoop-ozone-s3gateway/0.5.0-SNAPSHOT/hadoop-ozone-s3gateway-0.5.0-SNAPSHOT.jar:/home/user/.m2/repository/org/jboss/weld/servlet/weld-servlet/2.4.7.Final/weld-servlet-2.4.7.Final.jar:/home/user/.m2/repository/org/glassfish/jersey/containers/jersey-container-servlet-core/2.27/jersey-container-servlet-core-2.27.jar:/home/user/.m2/repository/org/glassfish/hk2/external/javax.inject/2.5.0-b42/javax.inject-2.5.0-b42.jar:/home/user/.m2/repository/org/glassfish/jersey/core/jersey-common/2.27/jersey-common-2.27.jar:/home/user/.m2/repository/org/glassfish/hk2/osgi-resource-locator/1.0.1/osgi-resource-locator-1.0.1.jar:/home/user/.m2/repository/javax/ws/rs/javax.ws.rs-api/2.1/javax.ws.rs-api-2.1.jar:/home/user/.m2/repository/org/glassfish/jersey/ext/cdi/jersey-cdi1x/2.27/jersey-cdi1x-2.27.jar:/home/user/.m2/repository/org/glassfish/jersey/inject/jersey-hk2/2.27/jersey-hk2-2.27.jar:/home/user/.m2/repository/org/glassfish/hk2/hk2-locator/2.5.0-b42/hk2-locator-2.5.0-b42.jar:/home/user/.m2/repository/org/javassist/javassist/3.22.0-CR2/javassist-3.22.0-CR2.jar:/home/user/.m2/repository/org/glassfish/hk2/hk2-api/2.5.0/hk2-api-2.5.0.jar:/home/user/.m2/repository/org/glassfish/hk2/external/jakarta.inject/2.5.0/jakarta.inject-2.5.0.jar:/home/user/.m2/repository/org/glassfish/hk2/hk2-utils/2.5.0/hk2-utils-2.5.0.jar:/home/user/.m2/repository/jakarta/annotation/jakarta.annotation-api/1.3.4/jakarta.annotation-api-1.3.4.jar:/home/user/.m2/repository/org/glassfish/hk2/external/aopalliance-repackaged/2.5.0/aopalliance-repackaged-2.5.0.jar:/home/user/.m2/repository/com/fasterxml/jackson/dataformat/jackson-dataformat-xml/2.9.0/jackson-dataformat-xml-2.9.0.jar:/home/user/.m2/repository/com/fasterxml/jackson/core/jackson-core/2.9.5/jackson-core-2.9.5.jar:/home/user/.m2/repository/com/fasterxml/jackson/module/jackson-module-jaxb-annotations/2.9.5/jackson-module-jaxb-annotations-2.9.5.jar:/home/user/.m2/repository/javax/enterprise/cdi-api/1.2/cdi-api-1.2.jar:/home/user/.m2/repository/javax/el/javax.el-api/3.0.0/javax.el-api-3.0.0.jar:/home/user/.m2/repository/javax/interceptor/javax.interceptor-api/1.2/javax.interceptor-api-1.2.jar:/home/user/.m2/repository/javax/inject/javax.inject/1/javax.inject-1.jar:/home/user/.m2/repository/com/sun/xml/bind/jaxb-impl/2.3.0.1/jaxb-impl-2.3.0.1.jar:/home/user/.m2/repository/com/sun/xml/bind/jaxb-core/2.3.0.1/jaxb-core-2.3.0.1.jar:/home/user/.m2/repository/javax/xml/bind/jaxb-api/2.3.0/jaxb-api-2.3.0.jar:/home/user/.m2/repository/javax/activation/activation/1.1.1/activation-1.1.1.jar:/home/user/.m2/repository/org/apache/hadoop/hadoop-ozone-csi/0.5.0-SNAPSHOT/hadoop-ozone-csi-0.5.0-SNAPSHOT.jar:/home/user/.m2/repository/com/google/protobuf/protobuf-java-util/3.5.1/protobuf-java-util-3.5.1.jar:/home/user/.m2/repository/org/apache/hadoop/hadoop-hdds-config/0.5.0-SNAPSHOT/hadoop-hdds-config-0.5.0-SNAPSHOT.jar:/home/user/.m2/repository/io/grpc/grpc-netty/1.17.1/grpc-netty-1.17.1.jar:/home/user/.m2/repository/io/grpc/grpc-core/1.17.1/grpc-core-1.17.1.jar:/home/user/.m2/repository/io/grpc/grpc-context/1.17.1/grpc-context-1.17.1.jar:/home/user/.m2/repository/com/google/errorprone/error_prone_annotations/2.2.0/error_prone_annotations-2.2.0.jar:/home/user/.m2/repository/org/codehaus/mojo/animal-sniffer-annotations/1.17/animal-sniffer-annotations-1.17.jar:/home/user/.m2/repository/io/opencensus/opencensus-api/0.17.0/opencensus-api-0.17.0.jar:/home/user/.m2/repository/io/opencensus/opencensus-contrib-grpc-metrics/0.17.0/opencensus-contrib-grpc-metrics-0.17.0.jar:/home/user/.m2/repository/io/netty/netty-codec-http2/4.1.30.Final/netty-codec-http2-4.1.30.Final.jar:/home/user/.m2/repository/io/netty/netty-codec-http/4.1.30.Final/netty-codec-http-4.1.30.Final.jar:/home/user/.m2/repository/io/netty/netty-codec/4.1.30.Final/netty-codec-4.1.30.Final.jar:/home/user/.m2/repository/io/netty/netty-handler/4.1.30.Final/netty-handler-4.1.30.Final.jar:/home/user/.m2/repository/io/netty/netty-handler-proxy/4.1.30.Final/netty-handler-proxy-4.1.30.Final.jar:/home/user/.m2/repository/io/netty/netty-codec-socks/4.1.30.Final/netty-codec-socks-4.1.30.Final.jar:/home/user/.m2/repository/io/netty/netty-transport-native-epoll/4.1.30.Final/netty-transport-native-epoll-4.1.30.Final.jar:/home/user/.m2/repository/io/netty/netty-common/4.1.30.Final/netty-common-4.1.30.Final.jar:/home/user/.m2/repository/io/netty/netty-buffer/4.1.30.Final/netty-buffer-4.1.30.Final.jar:/home/user/.m2/repository/io/netty/netty-transport/4.1.30.Final/netty-transport-4.1.30.Final.jar:/home/user/.m2/repository/io/netty/netty-resolver/4.1.30.Final/netty-resolver-4.1.30.Final.jar:/home/user/.m2/repository/io/netty/netty-transport-native-unix-common/4.1.30.Final/netty-transport-native-unix-common-4.1.30.Final.jar:/home/user/.m2/repository/io/grpc/grpc-protobuf/1.17.1/grpc-protobuf-1.17.1.jar:/home/user/.m2/repository/com/google/api/grpc/proto-google-common-protos/1.0.0/proto-google-common-protos-1.0.0.jar:/home/user/.m2/repository/io/grpc/grpc-protobuf-lite/1.17.1/grpc-protobuf-lite-1.17.1.jar:/home/user/.m2/repository/io/grpc/grpc-stub/1.17.1/grpc-stub-1.17.1.jar:/home/user/.m2/repository/org/apache/hadoop/hadoop-ozone-recon/0.5.0-SNAPSHOT/hadoop-ozone-recon-0.5.0-SNAPSHOT.jar:/home/user/.m2/repository/org/apache/hadoop/hadoop-ozone-reconcodegen/0.5.0-SNAPSHOT/hadoop-ozone-reconcodegen-0.5.0-SNAPSHOT.jar:/home/user/.m2/repository/com/google/inject/extensions/guice-multibindings/4.0/guice-multibindings-4.0.jar:/home/user/.m2/repository/com/google/inject/guice/4.0/guice-4.0.jar:/home/user/.m2/repository/aopalliance/aopalliance/1.0/aopalliance-1.0.jar:/home/user/.m2/repository/com/google/inject/extensions/guice-servlet/4.0/guice-servlet-4.0.jar:/home/user/.m2/repository/org/glassfish/jersey/containers/jersey-container-servlet/2.27/jersey-container-servlet-2.27.jar:/home/user/.m2/repository/org/glassfish/hk2/guice-bridge/2.5.0/guice-bridge-2.5.0.jar:/home/user/.m2/repository/org/glassfish/jersey/core/jersey-server/2.27/jersey-server-2.27.jar:/home/user/.m2/repository/org/glassfish/jersey/core/jersey-client/2.27/jersey-client-2.27.jar:/home/user/.m2/repository/org/glassfish/jersey/media/jersey-media-jaxb/2.27/jersey-media-jaxb-2.27.jar:/home/user/.m2/repository/javax/validation/validation-api/1.1.0.Final/validation-api-1.1.0.Final.jar:/home/user/.m2/repository/org/glassfish/jersey/media/jersey-media-json-jackson/2.27/jersey-media-json-jackson-2.27.jar:/home/user/.m2/repository/org/glassfish/jersey/ext/jersey-entity-filtering/2.27/jersey-entity-filtering-2.27.jar:/home/user/.m2/repository/com/google/inject/extensions/guice-assistedinject/4.0/guice-assistedinject-4.0.jar:/home/user/.m2/repository/org/jooq/jooq/3.11.10/jooq-3.11.10.jar:/home/user/.m2/repository/org/jooq/jooq-meta/3.11.10/jooq-meta-3.11.10.jar:/home/user/.m2/repository/org/jooq/jooq-codegen/3.11.10/jooq-codegen-3.11.10.jar:/home/user/.m2/repository/com/jolbox/bonecp/0.8.0.RELEASE/bonecp-0.8.0.RELEASE.jar:/home/user/.m2/repository/org/xerial/sqlite-jdbc/3.25.2/sqlite-jdbc-3.25.2.jar:/home/user/.m2/repository/org/springframework/spring-jdbc/5.1.3.RELEASE/spring-jdbc-5.1.3.RELEASE.jar:/home/user/.m2/repository/org/springframework/spring-beans/5.1.3.RELEASE/spring-beans-5.1.3.RELEASE.jar:/home/user/.m2/repository/org/springframework/spring-core/5.1.3.RELEASE/spring-core-5.1.3.RELEASE.jar:/home/user/.m2/repository/org/springframework/spring-jcl/5.1.3.RELEASE/spring-jcl-5.1.3.RELEASE.jar:/home/user/.m2/repository/org/springframework/spring-tx/5.1.3.RELEASE/spring-tx-5.1.3.RELEASE.jar:/home/user/.m2/repository/org/apache/hadoop/hadoop-ozone-client/0.5.0-SNAPSHOT/hadoop-ozone-client-0.5.0-SNAPSHOT.jar:/home/user/.m2/repository/commons-lang/commons-lang/2.6/commons-lang-2.6.jar:/home/user/.m2/repository/org/apache/hadoop/hadoop-ozone-ozone-manager/0.5.0-SNAPSHOT/hadoop-ozone-ozone-manager-0.5.0-SNAPSHOT-tests.jar:/home/user/.m2/repository/junit/junit/4.11/junit-4.11.jar:/home/user/.m2/repository/org/hamcrest/hamcrest-core/1.3/hamcrest-core-1.3.jar:/home/user/.m2/repository/org/openjdk/jmh/jmh-core/1.19/jmh-core-1.19.jar:/home/user/.m2/repository/net/sf/jopt-simple/jopt-simple/4.6/jopt-simple-4.6.jar:/home/user/.m2/repository/org/apache/commons/commons-math3/3.1.1/commons-math3-3.1.1.jar:/home/user/.m2/repository/org/openjdk/jmh/jmh-generator-annprocess/1.19/jmh-generator-annprocess-1.19.jar:/home/user/.m2/repository/org/mockito/mockito-all/1.8.5/mockito-all-1.8.5.jar:/home/user/.m2/repository/org/apache/hadoop/hadoop-kms/3.2.0/hadoop-kms-3.2.0.jar:/home/user/.m2/repository/org/apache/hadoop/hadoop-auth/3.2.0/hadoop-auth-3.2.0.jar:/home/user/.m2/repository/com/nimbusds/nimbus-jose-jwt/4.41.1/nimbus-jose-jwt-4.41.1.jar:/home/user/.m2/repository/com/github/stephenc/jcip/jcip-annotations/1.0-1/jcip-annotations-1.0-1.jar:/home/user/.m2/repository/net/minidev/json-smart/2.3/json-smart-2.3.jar:/home/user/.m2/repository/net/minidev/accessors-smart/1.2/accessors-smart-1.2.jar:/home/user/.m2/repository/org/ow2/asm/asm/5.0.4/asm-5.0.4.jar:/home/user/.m2/repository/org/apache/curator/curator-framework/2.12.0/curator-framework-2.12.0.jar:/home/user/.m2/repository/com/sun/jersey/jersey-core/1.19/jersey-core-1.19.jar:/home/user/.m2/repository/javax/ws/rs/jsr311-api/1.1.1/jsr311-api-1.1.1.jar:/home/user/.m2/repository/com/sun/jersey/jersey-server/1.19/jersey-server-1.19.jar:/home/user/.m2/repository/javax/servlet/javax.servlet-api/3.1.0/javax.servlet-api-3.1.0.jar:/home/user/.m2/repository/org/eclipse/jetty/jetty-server/9.3.24.v20180605/jetty-server-9.3.24.v20180605.jar:/home/user/.m2/repository/org/eclipse/jetty/jetty-http/9.3.24.v20180605/jetty-http-9.3.24.v20180605.jar:/home/user/.m2/repository/org/eclipse/jetty/jetty-io/9.3.24.v20180605/jetty-io-9.3.24.v20180605.jar:/home/user/.m2/repository/org/eclipse/jetty/jetty-webapp/9.3.24.v20180605/jetty-webapp-9.3.24.v20180605.jar:/home/user/.m2/repository/org/eclipse/jetty/jetty-xml/9.3.24.v20180605/jetty-xml-9.3.24.v20180605.jar:/home/user/.m2/repository/log4j/log4j/1.2.17/log4j-1.2.17.jar:/home/user/.m2/repository/org/slf4j/slf4j-api/1.7.25/slf4j-api-1.7.25.jar:/home/user/.m2/repository/org/slf4j/jul-to-slf4j/1.7.25/jul-to-slf4j-1.7.25.jar:/home/user/.m2/repository/org/eclipse/jetty/jetty-util/9.3.24.v20180605/jetty-util-9.3.24.v20180605.jar:/home/user/.m2/repository/com/fasterxml/jackson/core/jackson-databind/2.9.5/jackson-databind-2.9.5.jar:/home/user/.m2/repository/org/apache/hadoop/hadoop-kms/3.2.0/hadoop-kms-3.2.0-tests.jar:/home/user/.m2/repository/org/apache/hadoop/hadoop-hdds-server-scm/0.5.0-SNAPSHOT/hadoop-hdds-server-scm-0.5.0-SNAPSHOT-tests.jar:/home/user/.m2/repository/org/apache/hadoop/hadoop-hdds-container-service/0.5.0-SNAPSHOT/hadoop-hdds-container-service-0.5.0-SNAPSHOT-tests.jar:/home/user/.m2/repository/org/yaml/snakeyaml/1.16/snakeyaml-1.16.jar:/home/user/.m2/repository/org/apache/hadoop/hadoop-common/3.2.0/hadoop-common-3.2.0-tests.jar:/home/user/.m2/repository/org/apache/hadoop/hadoop-annotations/3.2.0/hadoop-annotations-3.2.0.jar:/usr/lib/jvm/java-1.8-openjdk/jre/../lib/tools.jar:/home/user/.m2/repository/commons-cli/commons-cli/1.2/commons-cli-1.2.jar:/home/user/.m2/repository/org/apache/httpcomponents/httpclient/4.5.2/httpclient-4.5.2.jar:/home/user/.m2/repository/org/apache/httpcomponents/httpcore/4.4.4/httpcore-4.4.4.jar:/home/user/.m2/repository/commons-codec/commons-codec/1.11/commons-codec-1.11.jar:/home/user/.m2/repository/commons-net/commons-net/3.6/commons-net-3.6.jar:/home/user/.m2/repository/commons-collections/commons-collections/3.2.2/commons-collections-3.2.2.jar:/home/user/.m2/repository/org/eclipse/jetty/jetty-servlet/9.3.24.v20180605/jetty-servlet-9.3.24.v20180605.jar:/home/user/.m2/repository/org/eclipse/jetty/jetty-security/9.3.24.v20180605/jetty-security-9.3.24.v20180605.jar:/home/user/.m2/repository/javax/servlet/jsp/jsp-api/2.1/jsp-api-2.1.jar:/home/user/.m2/repository/com/sun/jersey/jersey-servlet/1.19/jersey-servlet-1.19.jar:/home/user/.m2/repository/com/sun/jersey/jersey-json/1.19/jersey-json-1.19.jar:/home/user/.m2/repository/org/codehaus/jettison/jettison/1.1/jettison-1.1.jar:/home/user/.m2/repository/org/codehaus/jackson/jackson-core-asl/1.9.13/jackson-core-asl-1.9.13.jar:/home/user/.m2/repository/org/codehaus/jackson/jackson-mapper-asl/1.9.13/jackson-mapper-asl-1.9.13.jar:/home/user/.m2/repository/org/codehaus/jackson/jackson-jaxrs/1.9.13/jackson-jaxrs-1.9.13.jar:/home/user/.m2/repository/org/codehaus/jackson/jackson-xc/1.9.13/jackson-xc-1.9.13.jar:/home/user/.m2/repository/commons-logging/commons-logging/1.1.3/commons-logging-1.1.3.jar:/home/user/.m2/repository/commons-beanutils/commons-beanutils/1.9.3/commons-beanutils-1.9.3.jar:/home/user/.m2/repository/org/apache/commons/commons-configuration2/2.1.1/commons-configuration2-2.1.1.jar:/home/user/.m2/repository/org/apache/commons/commons-lang3/3.7/commons-lang3-3.7.jar:/home/user/.m2/repository/org/apache/commons/commons-text/1.4/commons-text-1.4.jar:/home/user/.m2/repository/org/apache/avro/avro/1.7.7/avro-1.7.7.jar:/home/user/.m2/repository/com/thoughtworks/paranamer/paranamer/2.3/paranamer-2.3.jar:/home/user/.m2/repository/org/xerial/snappy/snappy-java/1.0.5/snappy-java-1.0.5.jar:/home/user/.m2/repository/com/google/re2j/re2j/1.1/re2j-1.1.jar:/home/user/.m2/repository/com/google/code/gson/gson/2.2.4/gson-2.2.4.jar:/home/user/.m2/repository/com/jcraft/jsch/0.1.54/jsch-0.1.54.jar:/home/user/.m2/repository/org/apache/curator/curator-client/2.12.0/curator-client-2.12.0.jar:/home/user/.m2/repository/org/apache/curator/curator-recipes/2.12.0/curator-recipes-2.12.0.jar:/home/user/.m2/repository/com/google/code/findbugs/jsr305/3.0.0/jsr305-3.0.0.jar:/home/user/.m2/repository/org/apache/htrace/htrace-core4/4.1.0-incubating/htrace-core4-4.1.0-incubating.jar:/home/user/.m2/repository/org/apache/zookeeper/zookeeper/3.4.13/zookeeper-3.4.13.jar:/home/user/.m2/repository/org/apache/yetus/audience-annotations/0.5.0/audience-annotations-0.5.0.jar:/home/user/.m2/repository/org/codehaus/woodstox/stax2-api/3.1.4/stax2-api-3.1.4.jar:/home/user/.m2/repository/com/fasterxml/woodstox/woodstox-core/5.0.3/woodstox-core-5.0.3.jar:/home/user/.m2/repository/dnsjava/dnsjava/2.1.7/dnsjava-2.1.7.jar:/home/user/.m2/repository/org/apache/hadoop/hadoop-hdfs/3.2.0/hadoop-hdfs-3.2.0-tests.jar:/home/user/.m2/repository/org/eclipse/jetty/jetty-util-ajax/9.3.24.v20180605/jetty-util-ajax-9.3.24.v20180605.jar:/home/user/.m2/repository/commons-daemon/commons-daemon/1.0.13/commons-daemon-1.0.13.jar:/home/user/.m2/repository/io/netty/netty/3.10.5.Final/netty-3.10.5.Final.jar:/home/user/.m2/repository/io/netty/netty-all/4.0.52.Final/netty-all-4.0.52.Final.jar:/home/user/.m2/repository/org/fusesource/leveldbjni/leveldbjni-all/1.8/leveldbjni-all-1.8.jar:"/>
    <property name="sun.cpu.endian" value="little"/>
    <property name="user.home" value="/home/user"/>
    <property name="user.language" value="en"/>
    <property name="java.specification.vendor" value="Oracle Corporation"/>
    <property name="java.home" value="/usr/lib/jvm/java-1.8-openjdk/jre"/>
    <property name="java.security.krb5.conf" value="/tmp/workdir/hadoop-ozone/integration-test/target/test-classes/krb5.conf"/>
    <property name="basedir" value="/tmp/workdir/hadoop-ozone/integration-test"/>
    <property name="file.separator" value="/"/>
    <property name="line.separator" value="&#10;"/>
    <property name="java.vm.specification.vendor" value="Oracle Corporation"/>
    <property name="java.specification.name" value="Java Platform API Specification"/>
    <property name="java.awt.graphicsenv" value="sun.awt.X11GraphicsEnvironment"/>
    <property name="surefire.real.class.path" value="/tmp/workdir/hadoop-ozone/integration-test/target/surefire/surefirebooter8641027083610712384.jar"/>
    <property name="hadoop.log.dir" value="/tmp/workdir/hadoop-ozone/integration-test/target/log"/>
    <property name="sun.boot.class.path" value="/usr/lib/jvm/java-1.8-openjdk/jre/lib/resources.jar:/usr/lib/jvm/java-1.8-openjdk/jre/lib/rt.jar:/usr/lib/jvm/java-1.8-openjdk/jre/lib/sunrsasign.jar:/usr/lib/jvm/java-1.8-openjdk/jre/lib/jsse.jar:/usr/lib/jvm/java-1.8-openjdk/jre/lib/jce.jar:/usr/lib/jvm/java-1.8-openjdk/jre/lib/charsets.jar:/usr/lib/jvm/java-1.8-openjdk/jre/lib/jfr.jar:/usr/lib/jvm/java-1.8-openjdk/jre/classes"/>
    <property name="sun.management.compiler" value="HotSpot 64-Bit Tiered Compilers"/>
    <property name="java.runtime.version" value="1.8.0_212-b04"/>
    <property name="java.net.preferIPv4Stack" value="true"/>
    <property name="user.name" value="jenkins1000"/>
    <property name="path.separator" value=":"/>
    <property name="java.security.egd" value="file:///dev/urandom"/>
    <property name="os.version" value="3.10.0-957.12.2.el7.x86_64"/>
    <property name="java.endorsed.dirs" value="/usr/lib/jvm/java-1.8-openjdk/jre/lib/endorsed"/>
    <property name="java.runtime.name" value="OpenJDK Runtime Environment"/>
    <property name="file.encoding" value="UTF-8"/>
    <property name="java.vm.name" value="OpenJDK 64-Bit Server VM"/>
    <property name="test.build.webapps" value=""/>
    <property name="localRepository" value="/home/user/.m2/repository"/>
    <property name="java.vendor.url.bug" value="https://icedtea.classpath.org/bugzilla"/>
    <property name="java.io.tmpdir" value="/tmp"/>
    <property name="require.test.libhadoop" value=""/>
    <property name="java.version" value="1.8.0_212"/>
    <property name="user.dir" value="/tmp/workdir/hadoop-ozone/integration-test"/>
    <property name="os.arch" value="amd64"/>
    <property name="java.vm.specification.name" value="Java Virtual Machine Specification"/>
    <property name="test.build.classes" value="/tmp/workdir/hadoop-ozone/integration-test/target/test-classes"/>
    <property name="java.awt.printerjob" value="sun.print.PSPrinterJob"/>
    <property name="sun.os.patch.level" value="unknown"/>
    <property name="hadoop.tmp.dir" value="/tmp/workdir/hadoop-ozone/integration-test/target/tmp"/>
    <property name="java.library.path" value="/usr/lib/jvm/java-1.8-openjdk/jre/lib/amd64/server:/usr/lib/jvm/java-1.8-openjdk/jre/lib/amd64:/usr/lib/jvm/java-1.8-openjdk/jre/../lib/amd64:/tmp/workdir/hadoop-ozone/integration-test/target/native/target/usr/local/lib:/tmp/workdir/hadoop-ozone/integration-test/../../hadoop-common-project/hadoop-common/target/native/target/usr/local/lib:/usr/java/packages/lib/amd64:/usr/lib64:/lib64:/lib:/usr/lib"/>
    <property name="java.vm.info" value="mixed mode"/>
    <property name="java.vendor" value="IcedTea"/>
    <property name="java.vm.version" value="25.212-b04"/>
    <property name="java.ext.dirs" value="/usr/lib/jvm/java-1.8-openjdk/jre/lib/ext:/usr/java/packages/lib/ext"/>
    <property name="sun.io.unicode.encoding" value="UnicodeLittle"/>
    <property name="java.class.version" value="52.0"/>
  </properties>
  <testcase name="test2DatanodesFailure" classname="org.apache.hadoop.ozone.client.rpc.TestBlockOutputStreamWithFailures" time="106.794">
    <error type="java.lang.IllegalArgumentException">java.lang.IllegalArgumentException
	at com.google.common.base.Preconditions.checkArgument(Preconditions.java:72)
	at org.apache.hadoop.hdds.scm.XceiverClientManager.acquireClient(XceiverClientManager.java:150)
	at org.apache.hadoop.hdds.scm.XceiverClientManager.acquireClientForReadData(XceiverClientManager.java:143)
	at org.apache.hadoop.hdds.scm.storage.BlockInputStream.getChunkInfos(BlockInputStream.java:154)
	at org.apache.hadoop.hdds.scm.storage.BlockInputStream.initialize(BlockInputStream.java:118)
	at org.apache.hadoop.hdds.scm.storage.BlockInputStream.read(BlockInputStream.java:222)
	at org.apache.hadoop.ozone.client.io.KeyInputStream.read(KeyInputStream.java:171)
	at org.apache.hadoop.ozone.client.io.OzoneInputStream.read(OzoneInputStream.java:47)
	at java.io.InputStream.read(InputStream.java:101)
	at org.apache.hadoop.ozone.container.ContainerTestHelper.validateData(ContainerTestHelper.java:709)
	at org.apache.hadoop.ozone.client.rpc.TestBlockOutputStreamWithFailures.validateData(TestBlockOutputStreamWithFailures.java:1212)
	at org.apache.hadoop.ozone.client.rpc.TestBlockOutputStreamWithFailures.test2DatanodesFailure(TestBlockOutputStreamWithFailures.java:537)
	at sun.reflect.NativeMethodAccessorImpl.invoke0(Native Method)
	at sun.reflect.NativeMethodAccessorImpl.invoke(NativeMethodAccessorImpl.java:62)
	at sun.reflect.DelegatingMethodAccessorImpl.invoke(DelegatingMethodAccessorImpl.java:43)
	at java.lang.reflect.Method.invoke(Method.java:498)
	at org.junit.runners.model.FrameworkMethod$1.runReflectiveCall(FrameworkMethod.java:47)
	at org.junit.internal.runners.model.ReflectiveCallable.run(ReflectiveCallable.java:12)
	at org.junit.runners.model.FrameworkMethod.invokeExplosively(FrameworkMethod.java:44)
	at org.junit.internal.runners.statements.InvokeMethod.evaluate(InvokeMethod.java:17)
	at org.junit.internal.runners.statements.RunBefores.evaluate(RunBefores.java:26)
	at org.junit.internal.runners.statements.RunAfters.evaluate(RunAfters.java:27)
	at org.junit.runners.ParentRunner.runLeaf(ParentRunner.java:271)
	at org.junit.runners.BlockJUnit4ClassRunner.runChild(BlockJUnit4ClassRunner.java:70)
	at org.junit.runners.BlockJUnit4ClassRunner.runChild(BlockJUnit4ClassRunner.java:50)
	at org.junit.runners.ParentRunner$3.run(ParentRunner.java:238)
	at org.junit.runners.ParentRunner$1.schedule(ParentRunner.java:63)
	at org.junit.runners.ParentRunner.runChildren(ParentRunner.java:236)
	at org.junit.runners.ParentRunner.access$000(ParentRunner.java:53)
	at org.junit.runners.ParentRunner$2.evaluate(ParentRunner.java:229)
	at org.junit.runners.ParentRunner.run(ParentRunner.java:309)
	at org.apache.maven.surefire.junit4.JUnit4Provider.execute(JUnit4Provider.java:365)
	at org.apache.maven.surefire.junit4.JUnit4Provider.executeWithRerun(JUnit4Provider.java:273)
	at org.apache.maven.surefire.junit4.JUnit4Provider.executeTestSet(JUnit4Provider.java:238)
	at org.apache.maven.surefire.junit4.JUnit4Provider.invoke(JUnit4Provider.java:159)
	at org.apache.maven.surefire.booter.ForkedBooter.invokeProviderInSameClassLoader(ForkedBooter.java:384)
	at org.apache.maven.surefire.booter.ForkedBooter.runSuitesInProcess(ForkedBooter.java:345)
	at org.apache.maven.surefire.booter.ForkedBooter.execute(ForkedBooter.java:126)
	at org.apache.maven.surefire.booter.ForkedBooter.main(ForkedBooter.java:418)
</error>
    <system-out><![CDATA[2019-07-13 07:29:37,225 WARN  server.ServerUtils (ServerUtils.java:getScmDbDir(145)) - ozone.scm.db.dirs is not configured. We recommend adding this setting. Falling back to ozone.metadata.dirs instead.
2019-07-13 07:29:37,352 WARN  server.ServerUtils (ServerUtils.java:getScmDbDir(145)) - ozone.scm.db.dirs is not configured. We recommend adding this setting. Falling back to ozone.metadata.dirs instead.
2019-07-13 07:29:37,355 WARN  server.ServerUtils (ServerUtils.java:getScmDbDir(145)) - ozone.scm.db.dirs is not configured. We recommend adding this setting. Falling back to ozone.metadata.dirs instead.
2019-07-13 07:29:37,372 INFO  util.log (Log.java:initialized(192)) - Logging initialized @914ms
2019-07-13 07:29:37,473 INFO  db.DBStoreBuilder (DBStoreBuilder.java:addTable(110)) - using custom profile for table: deletedBlocks
2019-07-13 07:29:37,473 INFO  db.DBStoreBuilder (DBStoreBuilder.java:processTables(161)) - Using default column profile:DBProfile.DISK for Table:deletedBlocks
2019-07-13 07:29:37,474 INFO  db.DBStoreBuilder (DBStoreBuilder.java:addTable(110)) - using custom profile for table: validCerts
2019-07-13 07:29:37,474 INFO  db.DBStoreBuilder (DBStoreBuilder.java:processTables(161)) - Using default column profile:DBProfile.DISK for Table:validCerts
2019-07-13 07:29:37,474 INFO  db.DBStoreBuilder (DBStoreBuilder.java:addTable(110)) - using custom profile for table: revokedCerts
2019-07-13 07:29:37,474 INFO  db.DBStoreBuilder (DBStoreBuilder.java:processTables(161)) - Using default column profile:DBProfile.DISK for Table:revokedCerts
2019-07-13 07:29:37,486 INFO  db.DBStoreBuilder (DBStoreBuilder.java:addTable(110)) - using custom profile for table: default
2019-07-13 07:29:37,486 INFO  db.DBStoreBuilder (DBStoreBuilder.java:processTables(167)) - Using default column profile:DBProfile.DISK for Table:default
2019-07-13 07:29:37,488 INFO  db.DBStoreBuilder (DBStoreBuilder.java:getDbProfile(198)) - Using default options. DBProfile.DISK
2019-07-13 07:29:37,699 INFO  net.NodeSchemaLoader (NodeSchemaLoader.java:loadSchemaFromFile(125)) - Loading file from sun.misc.CompoundEnumeration@3835c46
2019-07-13 07:29:37,702 INFO  net.NodeSchemaLoader (NodeSchemaLoader.java:loadSchema(171)) - Loading network topology layer schema file
2019-07-13 07:29:37,791 INFO  node.SCMNodeManager (SCMNodeManager.java:<init>(119)) - Entering startup safe mode.
2019-07-13 07:29:37,879 WARN  server.ServerUtils (ServerUtils.java:getScmDbDir(145)) - ozone.scm.db.dirs is not configured. We recommend adding this setting. Falling back to ozone.metadata.dirs instead.
2019-07-13 07:29:37,949 INFO  pipeline.SCMPipelineManager (SCMPipelineManager.java:initializePipelineState(126)) - No pipeline exists in current db
2019-07-13 07:29:37,952 WARN  server.ServerUtils (ServerUtils.java:getScmDbDir(145)) - ozone.scm.db.dirs is not configured. We recommend adding this setting. Falling back to ozone.metadata.dirs instead.
2019-07-13 07:29:38,108 WARN  events.EventQueue (EventQueue.java:fireEvent(175)) - No event handler registered for event TypedEvent{payloadType=SafeModeStatus, name='SafeModeStatus'}
2019-07-13 07:29:38,451 INFO  ipc.CallQueueManager (CallQueueManager.java:<init>(84)) - Using callQueue: class java.util.concurrent.LinkedBlockingQueue, queueCapacity: 2000, scheduler: class org.apache.hadoop.ipc.DefaultRpcScheduler, ipcBackoff: false.
2019-07-13 07:29:38,479 INFO  ipc.Server (Server.java:run(1074)) - Starting Socket Reader #1 for port 38218
2019-07-13 07:29:38,502 INFO  ipc.CallQueueManager (CallQueueManager.java:<init>(84)) - Using callQueue: class java.util.concurrent.LinkedBlockingQueue, queueCapacity: 2000, scheduler: class org.apache.hadoop.ipc.DefaultRpcScheduler, ipcBackoff: false.
2019-07-13 07:29:38,504 INFO  ipc.Server (Server.java:run(1074)) - Starting Socket Reader #1 for port 46620
2019-07-13 07:29:38,510 INFO  ipc.CallQueueManager (CallQueueManager.java:<init>(84)) - Using callQueue: class java.util.concurrent.LinkedBlockingQueue, queueCapacity: 2000, scheduler: class org.apache.hadoop.ipc.DefaultRpcScheduler, ipcBackoff: false.
2019-07-13 07:29:38,511 INFO  ipc.Server (Server.java:run(1074)) - Starting Socket Reader #1 for port 45844
2019-07-13 07:29:38,647 INFO  hdfs.DFSUtil (DFSUtil.java:httpServerTemplateForNNAndJN(1641)) - Starting Web-server for scm at: http://0.0.0.0:0
2019-07-13 07:29:38,812 INFO  server.AuthenticationFilter (AuthenticationFilter.java:constructSecretProvider(240)) - Unable to initialize FileSignerSecretProvider, falling back to use random secrets.
2019-07-13 07:29:38,819 WARN  http.HttpRequestLog (HttpRequestLog.java:getRequestLog(97)) - Jetty request log can only be enabled using Log4j
2019-07-13 07:29:38,827 INFO  http.HttpServer2 (HttpServer2.java:addGlobalFilter(975)) - Added global filter 'safety' (class=org.apache.hadoop.http.HttpServer2$QuotingInputFilter)
2019-07-13 07:29:38,830 INFO  http.HttpServer2 (HttpServer2.java:addFilter(948)) - Added filter static_user_filter (class=org.apache.hadoop.http.lib.StaticUserWebFilter$StaticUserFilter) to context scm
2019-07-13 07:29:38,830 INFO  http.HttpServer2 (HttpServer2.java:addFilter(958)) - Added filter static_user_filter (class=org.apache.hadoop.http.lib.StaticUserWebFilter$StaticUserFilter) to context static
2019-07-13 07:29:38,830 INFO  http.HttpServer2 (HttpServer2.java:addFilter(958)) - Added filter static_user_filter (class=org.apache.hadoop.http.lib.StaticUserWebFilter$StaticUserFilter) to context logs
2019-07-13 07:29:38,857 INFO  server.StorageContainerManager (StorageContainerManager.java:start(759)) - StorageContainerLocationProtocol RPC server is listening at /0.0.0.0:45844
2019-07-13 07:29:38,914 WARN  impl.MetricsConfig (MetricsConfig.java:loadFirst(134)) - Cannot locate configuration: tried hadoop-metrics2-storagecontainermanager.properties,hadoop-metrics2.properties
2019-07-13 07:29:38,927 INFO  impl.MetricsSystemImpl (MetricsSystemImpl.java:startTimer(374)) - Scheduled Metric snapshot period at 10 second(s).
2019-07-13 07:29:38,927 INFO  impl.MetricsSystemImpl (MetricsSystemImpl.java:start(191)) - StorageContainerManager metrics system started
2019-07-13 07:29:39,146 INFO  server.SCMClientProtocolServer (SCMClientProtocolServer.java:start(149)) - RPC server for Client  is listening at /0.0.0.0:45844
2019-07-13 07:29:39,147 INFO  ipc.Server (Server.java:run(1314)) - IPC Server Responder: starting
2019-07-13 07:29:39,147 INFO  ipc.Server (Server.java:run(1153)) - IPC Server listener on 45844: starting
2019-07-13 07:29:39,153 INFO  server.StorageContainerManager (StorageContainerManager.java:start(768)) - ScmBlockLocationProtocol RPC server is listening at /0.0.0.0:46620
2019-07-13 07:29:39,153 INFO  server.SCMBlockProtocolServer (SCMBlockProtocolServer.java:start(140)) - RPC server for Block Protocol is listening at /0.0.0.0:46620
2019-07-13 07:29:39,153 INFO  ipc.Server (Server.java:run(1314)) - IPC Server Responder: starting
2019-07-13 07:29:39,154 INFO  ipc.Server (Server.java:run(1153)) - IPC Server listener on 46620: starting
2019-07-13 07:29:39,163 INFO  server.StorageContainerManager (StorageContainerManager.java:start(772)) - ScmDatanodeProtocl RPC server is listening at /0.0.0.0:38218
2019-07-13 07:29:39,164 INFO  server.SCMDatanodeProtocolServer (SCMDatanodeProtocolServer.java:start(191)) - RPC server for DataNodes is listening at /0.0.0.0:38218
2019-07-13 07:29:39,165 INFO  ipc.Server (Server.java:run(1314)) - IPC Server Responder: starting
2019-07-13 07:29:39,166 INFO  ipc.Server (Server.java:run(1153)) - IPC Server listener on 38218: starting
2019-07-13 07:29:39,178 INFO  http.HttpServer2 (HttpServer2.java:bindListener(1191)) - Jetty bound to port 35786
2019-07-13 07:29:39,180 INFO  server.Server (Server.java:doStart(351)) - jetty-9.3.24.v20180605, build timestamp: 2018-06-05T17:11:56Z, git hash: 84205aa28f11a4f31f2a3b86d1bba2cc8ab69827
2019-07-13 07:29:39,221 INFO  handler.ContextHandler (ContextHandler.java:doStart(781)) - Started o.e.j.s.ServletContextHandler@6bbe2511{/logs,file:///tmp/workdir/hadoop-ozone/integration-test/target/log,AVAILABLE}
2019-07-13 07:29:39,222 INFO  handler.ContextHandler (ContextHandler.java:doStart(781)) - Started o.e.j.s.ServletContextHandler@76012793{/static,file:///tmp/workdir/hadoop-ozone/integration-test/target/test-classes/webapps/static,AVAILABLE}
2019-07-13 07:29:39,254 INFO  handler.ContextHandler (ContextHandler.java:doStart(781)) - Started o.e.j.w.WebAppContext@6a1d204a{/,file:///tmp/workdir/hadoop-ozone/integration-test/target/test-classes/webapps/scm/,AVAILABLE}{/scm}
2019-07-13 07:29:39,260 INFO  server.AbstractConnector (AbstractConnector.java:doStart(278)) - Started ServerConnector@9d157ff{HTTP/1.1,[http/1.1]}{0.0.0.0:35786}
2019-07-13 07:29:39,260 INFO  server.Server (Server.java:doStart(419)) - Started @2801ms
2019-07-13 07:29:39,261 INFO  server.BaseHttpServer (BaseHttpServer.java:updateConnectorAddress(207)) - HTTP server of SCM is listening at http://0.0.0.0:35786
2019-07-13 07:29:39,268 INFO  util.JvmPauseMonitor (JvmPauseMonitor.java:run(188)) - Starting JVM pause monitor
2019-07-13 07:29:39,270 WARN  server.ServerUtils (ServerUtils.java:getDBPath(222)) - ozone.om.db.dirs is not configured. We recommend adding this setting. Falling back to ozone.metadata.dirs instead.
2019-07-13 07:29:39,369 WARN  server.ServerUtils (ServerUtils.java:getDBPath(222)) - ozone.om.db.dirs is not configured. We recommend adding this setting. Falling back to ozone.metadata.dirs instead.
2019-07-13 07:29:39,371 INFO  om.OzoneManager (OzoneManager.java:setOMNodeDetails(630)) - OM Service ID is not set. Setting it to the default ID: omServiceIdDefault
2019-07-13 07:29:39,371 INFO  om.OzoneManager (OzoneManager.java:setOMNodeDetails(636)) - OM Node ID is not set. Setting it to the OmStorage's OmID: 26d0b509-3729-4e57-b144-eebca8220116
2019-07-13 07:29:39,372 INFO  om.OzoneManager (OzoneManager.java:loadOMHAConfigs(587)) - Found matching OM address with OMServiceId: null, OMNodeId: null, RPC Address: localhost:0 and Ratis port: 9872
2019-07-13 07:29:39,644 WARN  server.ServerUtils (ServerUtils.java:getDBPath(222)) - ozone.om.db.dirs is not configured. We recommend adding this setting. Falling back to ozone.metadata.dirs instead.
2019-07-13 07:29:39,656 INFO  db.DBStoreBuilder (DBStoreBuilder.java:addTable(110)) - using custom profile for table: userTable
2019-07-13 07:29:39,657 INFO  db.DBStoreBuilder (DBStoreBuilder.java:processTables(161)) - Using default column profile:DBProfile.DISK for Table:userTable
2019-07-13 07:29:39,657 INFO  db.DBStoreBuilder (DBStoreBuilder.java:addTable(110)) - using custom profile for table: volumeTable
2019-07-13 07:29:39,658 INFO  db.DBStoreBuilder (DBStoreBuilder.java:processTables(161)) - Using default column profile:DBProfile.DISK for Table:volumeTable
2019-07-13 07:29:39,658 INFO  db.DBStoreBuilder (DBStoreBuilder.java:addTable(110)) - using custom profile for table: bucketTable
2019-07-13 07:29:39,658 INFO  db.DBStoreBuilder (DBStoreBuilder.java:processTables(161)) - Using default column profile:DBProfile.DISK for Table:bucketTable
2019-07-13 07:29:39,659 INFO  db.DBStoreBuilder (DBStoreBuilder.java:addTable(110)) - using custom profile for table: keyTable
2019-07-13 07:29:39,659 INFO  db.DBStoreBuilder (DBStoreBuilder.java:processTables(161)) - Using default column profile:DBProfile.DISK for Table:keyTable
2019-07-13 07:29:39,660 INFO  db.DBStoreBuilder (DBStoreBuilder.java:addTable(110)) - using custom profile for table: deletedTable
2019-07-13 07:29:39,660 INFO  db.DBStoreBuilder (DBStoreBuilder.java:processTables(161)) - Using default column profile:DBProfile.DISK for Table:deletedTable
2019-07-13 07:29:39,660 INFO  db.DBStoreBuilder (DBStoreBuilder.java:addTable(110)) - using custom profile for table: openKeyTable
2019-07-13 07:29:39,661 INFO  db.DBStoreBuilder (DBStoreBuilder.java:processTables(161)) - Using default column profile:DBProfile.DISK for Table:openKeyTable
2019-07-13 07:29:39,661 INFO  db.DBStoreBuilder (DBStoreBuilder.java:addTable(110)) - using custom profile for table: s3Table
2019-07-13 07:29:39,662 INFO  db.DBStoreBuilder (DBStoreBuilder.java:processTables(161)) - Using default column profile:DBProfile.DISK for Table:s3Table
2019-07-13 07:29:39,662 INFO  db.DBStoreBuilder (DBStoreBuilder.java:addTable(110)) - using custom profile for table: multipartInfoTable
2019-07-13 07:29:39,662 INFO  db.DBStoreBuilder (DBStoreBuilder.java:processTables(161)) - Using default column profile:DBProfile.DISK for Table:multipartInfoTable
2019-07-13 07:29:39,663 INFO  db.DBStoreBuilder (DBStoreBuilder.java:addTable(110)) - using custom profile for table: dTokenTable
2019-07-13 07:29:39,663 INFO  db.DBStoreBuilder (DBStoreBuilder.java:processTables(161)) - Using default column profile:DBProfile.DISK for Table:dTokenTable
2019-07-13 07:29:39,664 INFO  db.DBStoreBuilder (DBStoreBuilder.java:addTable(110)) - using custom profile for table: s3SecretTable
2019-07-13 07:29:39,664 INFO  db.DBStoreBuilder (DBStoreBuilder.java:processTables(161)) - Using default column profile:DBProfile.DISK for Table:s3SecretTable
2019-07-13 07:29:39,664 INFO  db.DBStoreBuilder (DBStoreBuilder.java:addTable(110)) - using custom profile for table: prefixTable
2019-07-13 07:29:39,665 INFO  db.DBStoreBuilder (DBStoreBuilder.java:processTables(161)) - Using default column profile:DBProfile.DISK for Table:prefixTable
2019-07-13 07:29:39,665 INFO  db.DBStoreBuilder (DBStoreBuilder.java:addTable(110)) - using custom profile for table: default
2019-07-13 07:29:39,665 INFO  db.DBStoreBuilder (DBStoreBuilder.java:processTables(167)) - Using default column profile:DBProfile.DISK for Table:default
2019-07-13 07:29:39,666 INFO  db.DBStoreBuilder (DBStoreBuilder.java:getDbProfile(198)) - Using default options. DBProfile.DISK
2019-07-13 07:29:40,619 INFO  ipc.CallQueueManager (CallQueueManager.java:<init>(84)) - Using callQueue: class java.util.concurrent.LinkedBlockingQueue, queueCapacity: 2000, scheduler: class org.apache.hadoop.ipc.DefaultRpcScheduler, ipcBackoff: false.
2019-07-13 07:29:40,621 INFO  ipc.Server (Server.java:run(1074)) - Starting Socket Reader #1 for port 36765
2019-07-13 07:29:40,648 WARN  server.ServerUtils (ServerUtils.java:getDBPath(222)) - ozone.om.db.dirs is not configured. We recommend adding this setting. Falling back to ozone.metadata.dirs instead.
2019-07-13 07:29:40,649 INFO  om.OzoneManager (OzoneManager.java:start(1228)) - OzoneManager RPC server is listening at localhost/127.0.0.1:36765
2019-07-13 07:29:40,649 INFO  impl.MetricsSystemImpl (MetricsSystemImpl.java:init(158)) - OzoneManager metrics system started (again)
2019-07-13 07:29:40,650 INFO  ipc.Server (Server.java:run(1314)) - IPC Server Responder: starting
2019-07-13 07:29:40,652 INFO  ipc.Server (Server.java:run(1153)) - IPC Server listener on 36765: starting
2019-07-13 07:29:40,669 INFO  hdfs.DFSUtil (DFSUtil.java:httpServerTemplateForNNAndJN(1641)) - Starting Web-server for ozoneManager at: http://0.0.0.0:0
2019-07-13 07:29:40,671 INFO  server.AuthenticationFilter (AuthenticationFilter.java:constructSecretProvider(240)) - Unable to initialize FileSignerSecretProvider, falling back to use random secrets.
2019-07-13 07:29:40,672 WARN  http.HttpRequestLog (HttpRequestLog.java:getRequestLog(97)) - Jetty request log can only be enabled using Log4j
2019-07-13 07:29:40,674 INFO  http.HttpServer2 (HttpServer2.java:addGlobalFilter(975)) - Added global filter 'safety' (class=org.apache.hadoop.http.HttpServer2$QuotingInputFilter)
2019-07-13 07:29:40,675 INFO  http.HttpServer2 (HttpServer2.java:addFilter(948)) - Added filter static_user_filter (class=org.apache.hadoop.http.lib.StaticUserWebFilter$StaticUserFilter) to context ozoneManager
2019-07-13 07:29:40,675 INFO  http.HttpServer2 (HttpServer2.java:addFilter(958)) - Added filter static_user_filter (class=org.apache.hadoop.http.lib.StaticUserWebFilter$StaticUserFilter) to context static
2019-07-13 07:29:40,675 INFO  http.HttpServer2 (HttpServer2.java:addFilter(958)) - Added filter static_user_filter (class=org.apache.hadoop.http.lib.StaticUserWebFilter$StaticUserFilter) to context logs
2019-07-13 07:29:40,677 INFO  http.HttpServer2 (HttpServer2.java:bindListener(1191)) - Jetty bound to port 46747
2019-07-13 07:29:40,678 INFO  server.Server (Server.java:doStart(351)) - jetty-9.3.24.v20180605, build timestamp: 2018-06-05T17:11:56Z, git hash: 84205aa28f11a4f31f2a3b86d1bba2cc8ab69827
2019-07-13 07:29:40,680 INFO  handler.ContextHandler (ContextHandler.java:doStart(781)) - Started o.e.j.s.ServletContextHandler@6ac97b84{/logs,file:///tmp/workdir/hadoop-ozone/integration-test/target/log,AVAILABLE}
2019-07-13 07:29:40,681 INFO  handler.ContextHandler (ContextHandler.java:doStart(781)) - Started o.e.j.s.ServletContextHandler@35c09b94{/static,file:///tmp/workdir/hadoop-ozone/integration-test/target/test-classes/webapps/static,AVAILABLE}
2019-07-13 07:29:40,686 INFO  handler.ContextHandler (ContextHandler.java:doStart(781)) - Started o.e.j.w.WebAppContext@1b9c1b51{/,file:///tmp/workdir/hadoop-ozone/integration-test/target/test-classes/webapps/ozoneManager/,AVAILABLE}{/ozoneManager}
2019-07-13 07:29:40,687 INFO  server.AbstractConnector (AbstractConnector.java:doStart(278)) - Started ServerConnector@2e52fb3e{HTTP/1.1,[http/1.1]}{0.0.0.0:46747}
2019-07-13 07:29:40,688 INFO  server.Server (Server.java:doStart(419)) - Started @4229ms
2019-07-13 07:29:40,689 INFO  server.BaseHttpServer (BaseHttpServer.java:updateConnectorAddress(207)) - HTTP server of OZONEMANAGER is listening at http://0.0.0.0:46747
2019-07-13 07:29:41,031 INFO  impl.MetricsSystemImpl (MetricsSystemImpl.java:init(158)) - HddsDatanode metrics system started (again)
2019-07-13 07:29:41,117 INFO  ozone.HddsDatanodeService (HddsDatanodeService.java:start(185)) - HddsDatanodeService host:trunk-nightly-9lh4p-2362225927 ip:192.168.69.84
2019-07-13 07:29:41,150 INFO  volume.HddsVolume (HddsVolume.java:<init>(176)) - Creating Volume: /tmp/workdir/hadoop-ozone/integration-test/target/test-dir/MiniOzoneClusterImpl-a1dc88e9-0fc1-4510-915a-29af8445f733/datanode-0/data/containers/hdds of  storage type : DISK and capacity : 52710309888
2019-07-13 07:29:41,151 INFO  volume.VolumeSet (VolumeSet.java:initializeVolumeSet(170)) - Added Volume : /tmp/workdir/hadoop-ozone/integration-test/target/test-dir/MiniOzoneClusterImpl-a1dc88e9-0fc1-4510-915a-29af8445f733/datanode-0/data/containers/hdds to VolumeSet
2019-07-13 07:29:41,154 INFO  volume.ThrottledAsyncChecker (ThrottledAsyncChecker.java:schedule(140)) - Scheduling a check for org.apache.hadoop.ozone.container.common.volume.HddsVolume@6fc3e1a4
2019-07-13 07:29:41,172 INFO  volume.HddsVolumeChecker (HddsVolumeChecker.java:checkAllVolumes(203)) - Scheduled health check for volume org.apache.hadoop.ozone.container.common.volume.HddsVolume@6fc3e1a4
2019-07-13 07:29:41,287 INFO  impl.RaftServerProxy (ConfUtils.java:logGet(43)) - raft.rpc.type = GRPC (default)
2019-07-13 07:29:41,357 INFO  grpc.GrpcFactory (GrpcFactory.java:checkPooledByteBufAllocatorUseCacheForAllThreads(45)) - PERFORMANCE WARNING: useCacheForAllThreads is true that may cause Netty to create a lot garbage objects and, as a result, trigger GC.
	It is recommended to disable useCacheForAllThreads by setting -Dorg.apache.ratis.thirdparty.io.netty.allocator.useCacheForAllThreads=false in command line.
2019-07-13 07:29:41,362 INFO  grpc.GrpcConfigKeys$Server (ConfUtils.java:logGet(43)) - raft.grpc.server.port = 0 (default)
2019-07-13 07:29:41,363 INFO  server.GrpcService (ConfUtils.java:logGet(43)) - raft.grpc.message.size.max = 33570816 (custom)
2019-07-13 07:29:41,366 INFO  server.RaftServerConfigKeys (ConfUtils.java:logGet(43)) - raft.server.log.appender.buffer.byte-limit = 33554432 (custom)
2019-07-13 07:29:41,367 INFO  server.GrpcService (ConfUtils.java:logGet(43)) - raft.grpc.flow.control.window = 1MB (=1048576) (default)
2019-07-13 07:29:41,369 INFO  server.RaftServerConfigKeys (ConfUtils.java:logGet(43)) - raft.server.rpc.request.timeout = 3000ms (default)
2019-07-13 07:29:41,561 INFO  server.RaftServerConfigKeys (ConfUtils.java:logGet(43)) - raft.server.storage.dir = [/tmp/workdir/hadoop-ozone/integration-test/target/test-dir/MiniOzoneClusterImpl-a1dc88e9-0fc1-4510-915a-29af8445f733/datanode-0/data/ratis] (custom)
2019-07-13 07:29:41,612 INFO  replication.SimpleContainerDownloader (SimpleContainerDownloader.java:<init>(72)) - Starting container downloader service to copy containers to replicate.
2019-07-13 07:29:41,636 INFO  hdfs.DFSUtil (DFSUtil.java:httpServerTemplateForNNAndJN(1641)) - Starting Web-server for hddsDatanode at: http://0.0.0.0:0
2019-07-13 07:29:41,641 INFO  server.AuthenticationFilter (AuthenticationFilter.java:constructSecretProvider(240)) - Unable to initialize FileSignerSecretProvider, falling back to use random secrets.
2019-07-13 07:29:41,642 WARN  http.HttpRequestLog (HttpRequestLog.java:getRequestLog(97)) - Jetty request log can only be enabled using Log4j
2019-07-13 07:29:41,646 INFO  http.HttpServer2 (HttpServer2.java:addGlobalFilter(975)) - Added global filter 'safety' (class=org.apache.hadoop.http.HttpServer2$QuotingInputFilter)
2019-07-13 07:29:41,647 INFO  http.HttpServer2 (HttpServer2.java:addFilter(948)) - Added filter static_user_filter (class=org.apache.hadoop.http.lib.StaticUserWebFilter$StaticUserFilter) to context hddsDatanode
2019-07-13 07:29:41,647 INFO  http.HttpServer2 (HttpServer2.java:addFilter(958)) - Added filter static_user_filter (class=org.apache.hadoop.http.lib.StaticUserWebFilter$StaticUserFilter) to context logs
2019-07-13 07:29:41,648 INFO  http.HttpServer2 (HttpServer2.java:addFilter(958)) - Added filter static_user_filter (class=org.apache.hadoop.http.lib.StaticUserWebFilter$StaticUserFilter) to context static
2019-07-13 07:29:41,650 INFO  http.HttpServer2 (HttpServer2.java:bindListener(1191)) - Jetty bound to port 37738
2019-07-13 07:29:41,651 INFO  server.Server (Server.java:doStart(351)) - jetty-9.3.24.v20180605, build timestamp: 2018-06-05T17:11:56Z, git hash: 84205aa28f11a4f31f2a3b86d1bba2cc8ab69827
2019-07-13 07:29:41,654 INFO  handler.ContextHandler (ContextHandler.java:doStart(781)) - Started o.e.j.s.ServletContextHandler@304d0259{/logs,file:///tmp/workdir/hadoop-ozone/integration-test/target/log,AVAILABLE}
2019-07-13 07:29:41,655 INFO  handler.ContextHandler (ContextHandler.java:doStart(781)) - Started o.e.j.s.ServletContextHandler@2133661d{/static,jar:file:/home/user/.m2/repository/org/apache/hadoop/hadoop-hdds-container-service/0.5.0-SNAPSHOT/hadoop-hdds-container-service-0.5.0-SNAPSHOT.jar!/webapps/static,AVAILABLE}
2019-07-13 07:29:41,706 INFO  handler.ContextHandler (ContextHandler.java:doStart(781)) - Started o.e.j.w.WebAppContext@24e83d19{/,file:///tmp/jetty-0.0.0.0-37738-hddsDatanode-_-any-5041374721567571583.dir/webapp/,AVAILABLE}{/hddsDatanode}
2019-07-13 07:29:41,706 INFO  server.AbstractConnector (AbstractConnector.java:doStart(278)) - Started ServerConnector@5c080ef3{HTTP/1.1,[http/1.1]}{0.0.0.0:37738}
2019-07-13 07:29:41,711 INFO  server.Server (Server.java:doStart(419)) - Started @5253ms
2019-07-13 07:29:41,713 INFO  server.BaseHttpServer (BaseHttpServer.java:updateConnectorAddress(207)) - HTTP server of HDDSDATANODE is listening at http://0.0.0.0:37738
2019-07-13 07:29:42,817 INFO  ozone.HddsDatanodeService (HddsDatanodeService.java:startPlugins(396)) - Started plug-in org.apache.hadoop.ozone.web.OzoneHddsDatanodeService@b4732dc
2019-07-13 07:29:42,819 INFO  impl.MetricsSystemImpl (MetricsSystemImpl.java:init(158)) - HddsDatanode metrics system started (again)
2019-07-13 07:29:42,821 INFO  ozone.HddsDatanodeService (HddsDatanodeService.java:start(185)) - HddsDatanodeService host:trunk-nightly-9lh4p-2362225927 ip:192.168.69.84
2019-07-13 07:29:42,827 INFO  util.JvmPauseMonitor (JvmPauseMonitor.java:run(188)) - Starting JVM pause monitor
2019-07-13 07:29:42,832 INFO  volume.HddsVolume (HddsVolume.java:<init>(176)) - Creating Volume: /tmp/workdir/hadoop-ozone/integration-test/target/test-dir/MiniOzoneClusterImpl-a1dc88e9-0fc1-4510-915a-29af8445f733/datanode-1/data/containers/hdds of  storage type : DISK and capacity : 52710309888
2019-07-13 07:29:42,832 INFO  volume.VolumeSet (VolumeSet.java:initializeVolumeSet(170)) - Added Volume : /tmp/workdir/hadoop-ozone/integration-test/target/test-dir/MiniOzoneClusterImpl-a1dc88e9-0fc1-4510-915a-29af8445f733/datanode-1/data/containers/hdds to VolumeSet
2019-07-13 07:29:42,833 INFO  volume.ThrottledAsyncChecker (ThrottledAsyncChecker.java:schedule(140)) - Scheduling a check for org.apache.hadoop.ozone.container.common.volume.HddsVolume@778a1250
2019-07-13 07:29:42,834 INFO  volume.HddsVolumeChecker (HddsVolumeChecker.java:checkAllVolumes(203)) - Scheduled health check for volume org.apache.hadoop.ozone.container.common.volume.HddsVolume@778a1250
2019-07-13 07:29:42,858 INFO  impl.RaftServerProxy (ConfUtils.java:logGet(43)) - raft.rpc.type = GRPC (default)
2019-07-13 07:29:42,859 INFO  grpc.GrpcFactory (GrpcFactory.java:checkPooledByteBufAllocatorUseCacheForAllThreads(45)) - PERFORMANCE WARNING: useCacheForAllThreads is true that may cause Netty to create a lot garbage objects and, as a result, trigger GC.
	It is recommended to disable useCacheForAllThreads by setting -Dorg.apache.ratis.thirdparty.io.netty.allocator.useCacheForAllThreads=false in command line.
2019-07-13 07:29:42,859 INFO  grpc.GrpcConfigKeys$Server (ConfUtils.java:logGet(43)) - raft.grpc.server.port = 0 (default)
2019-07-13 07:29:42,859 INFO  server.GrpcService (ConfUtils.java:logGet(43)) - raft.grpc.message.size.max = 33570816 (custom)
2019-07-13 07:29:42,860 INFO  server.RaftServerConfigKeys (ConfUtils.java:logGet(43)) - raft.server.log.appender.buffer.byte-limit = 33554432 (custom)
2019-07-13 07:29:42,860 INFO  server.GrpcService (ConfUtils.java:logGet(43)) - raft.grpc.flow.control.window = 1MB (=1048576) (default)
2019-07-13 07:29:42,860 INFO  server.RaftServerConfigKeys (ConfUtils.java:logGet(43)) - raft.server.rpc.request.timeout = 3000ms (default)
2019-07-13 07:29:42,861 INFO  server.RaftServerConfigKeys (ConfUtils.java:logGet(43)) - raft.server.storage.dir = [/tmp/workdir/hadoop-ozone/integration-test/target/test-dir/MiniOzoneClusterImpl-a1dc88e9-0fc1-4510-915a-29af8445f733/datanode-1/data/ratis] (custom)
2019-07-13 07:29:42,862 INFO  replication.SimpleContainerDownloader (SimpleContainerDownloader.java:<init>(72)) - Starting container downloader service to copy containers to replicate.
2019-07-13 07:29:42,864 INFO  hdfs.DFSUtil (DFSUtil.java:httpServerTemplateForNNAndJN(1641)) - Starting Web-server for hddsDatanode at: http://0.0.0.0:0
2019-07-13 07:29:42,868 INFO  server.AuthenticationFilter (AuthenticationFilter.java:constructSecretProvider(240)) - Unable to initialize FileSignerSecretProvider, falling back to use random secrets.
2019-07-13 07:29:42,870 WARN  http.HttpRequestLog (HttpRequestLog.java:getRequestLog(97)) - Jetty request log can only be enabled using Log4j
2019-07-13 07:29:42,872 INFO  http.HttpServer2 (HttpServer2.java:addGlobalFilter(975)) - Added global filter 'safety' (class=org.apache.hadoop.http.HttpServer2$QuotingInputFilter)
2019-07-13 07:29:42,873 INFO  http.HttpServer2 (HttpServer2.java:addFilter(948)) - Added filter static_user_filter (class=org.apache.hadoop.http.lib.StaticUserWebFilter$StaticUserFilter) to context hddsDatanode
2019-07-13 07:29:42,874 INFO  http.HttpServer2 (HttpServer2.java:addFilter(958)) - Added filter static_user_filter (class=org.apache.hadoop.http.lib.StaticUserWebFilter$StaticUserFilter) to context static
2019-07-13 07:29:42,874 INFO  http.HttpServer2 (HttpServer2.java:addFilter(958)) - Added filter static_user_filter (class=org.apache.hadoop.http.lib.StaticUserWebFilter$StaticUserFilter) to context logs
2019-07-13 07:29:42,875 INFO  http.HttpServer2 (HttpServer2.java:bindListener(1191)) - Jetty bound to port 45952
2019-07-13 07:29:42,876 INFO  server.Server (Server.java:doStart(351)) - jetty-9.3.24.v20180605, build timestamp: 2018-06-05T17:11:56Z, git hash: 84205aa28f11a4f31f2a3b86d1bba2cc8ab69827
2019-07-13 07:29:42,880 INFO  handler.ContextHandler (ContextHandler.java:doStart(781)) - Started o.e.j.s.ServletContextHandler@359066bc{/logs,file:///tmp/workdir/hadoop-ozone/integration-test/target/log,AVAILABLE}
2019-07-13 07:29:42,881 INFO  handler.ContextHandler (ContextHandler.java:doStart(781)) - Started o.e.j.s.ServletContextHandler@364fd4ae{/static,jar:file:/home/user/.m2/repository/org/apache/hadoop/hadoop-hdds-container-service/0.5.0-SNAPSHOT/hadoop-hdds-container-service-0.5.0-SNAPSHOT.jar!/webapps/static,AVAILABLE}
2019-07-13 07:29:42,937 INFO  handler.ContextHandler (ContextHandler.java:doStart(781)) - Started o.e.j.w.WebAppContext@2e1eb85f{/,file:///tmp/jetty-0.0.0.0-45952-hddsDatanode-_-any-6388195505544432160.dir/webapp/,AVAILABLE}{/hddsDatanode}
2019-07-13 07:29:42,937 INFO  server.AbstractConnector (AbstractConnector.java:doStart(278)) - Started ServerConnector@ea7a4c3{HTTP/1.1,[http/1.1]}{0.0.0.0:45952}
2019-07-13 07:29:42,939 INFO  server.Server (Server.java:doStart(419)) - Started @6480ms
2019-07-13 07:29:42,940 INFO  server.BaseHttpServer (BaseHttpServer.java:updateConnectorAddress(207)) - HTTP server of HDDSDATANODE is listening at http://0.0.0.0:45952
2019-07-13 07:29:42,993 INFO  datanode.InitDatanodeState (InitDatanodeState.java:persistContainerDatanodeDetails(140)) - DatanodeDetails is persisted to /tmp/workdir/hadoop-ozone/integration-test/target/test-dir/MiniOzoneClusterImpl-a1dc88e9-0fc1-4510-915a-29af8445f733/datanode-0/meta/datanode.id
2019-07-13 07:29:43,111 INFO  ozone.HddsDatanodeService (HddsDatanodeService.java:startPlugins(396)) - Started plug-in org.apache.hadoop.ozone.web.OzoneHddsDatanodeService@5729b410
2019-07-13 07:29:43,111 INFO  impl.MetricsSystemImpl (MetricsSystemImpl.java:init(158)) - HddsDatanode metrics system started (again)
2019-07-13 07:29:43,113 INFO  ozone.HddsDatanodeService (HddsDatanodeService.java:start(185)) - HddsDatanodeService host:trunk-nightly-9lh4p-2362225927 ip:192.168.69.84
2019-07-13 07:29:43,115 INFO  util.JvmPauseMonitor (JvmPauseMonitor.java:run(188)) - Starting JVM pause monitor
2019-07-13 07:29:43,123 INFO  volume.HddsVolume (HddsVolume.java:<init>(176)) - Creating Volume: /tmp/workdir/hadoop-ozone/integration-test/target/test-dir/MiniOzoneClusterImpl-a1dc88e9-0fc1-4510-915a-29af8445f733/datanode-2/data/containers/hdds of  storage type : DISK and capacity : 52710309888
2019-07-13 07:29:43,123 INFO  volume.VolumeSet (VolumeSet.java:initializeVolumeSet(170)) - Added Volume : /tmp/workdir/hadoop-ozone/integration-test/target/test-dir/MiniOzoneClusterImpl-a1dc88e9-0fc1-4510-915a-29af8445f733/datanode-2/data/containers/hdds to VolumeSet
2019-07-13 07:29:43,124 INFO  volume.ThrottledAsyncChecker (ThrottledAsyncChecker.java:schedule(140)) - Scheduling a check for org.apache.hadoop.ozone.container.common.volume.HddsVolume@52b959df
2019-07-13 07:29:43,124 INFO  volume.HddsVolumeChecker (HddsVolumeChecker.java:checkAllVolumes(203)) - Scheduled health check for volume org.apache.hadoop.ozone.container.common.volume.HddsVolume@52b959df
2019-07-13 07:29:43,125 INFO  datanode.InitDatanodeState (InitDatanodeState.java:persistContainerDatanodeDetails(140)) - DatanodeDetails is persisted to /tmp/workdir/hadoop-ozone/integration-test/target/test-dir/MiniOzoneClusterImpl-a1dc88e9-0fc1-4510-915a-29af8445f733/datanode-1/meta/datanode.id
2019-07-13 07:29:43,148 INFO  impl.RaftServerProxy (ConfUtils.java:logGet(43)) - raft.rpc.type = GRPC (default)
2019-07-13 07:29:43,149 INFO  grpc.GrpcFactory (GrpcFactory.java:checkPooledByteBufAllocatorUseCacheForAllThreads(45)) - PERFORMANCE WARNING: useCacheForAllThreads is true that may cause Netty to create a lot garbage objects and, as a result, trigger GC.
	It is recommended to disable useCacheForAllThreads by setting -Dorg.apache.ratis.thirdparty.io.netty.allocator.useCacheForAllThreads=false in command line.
2019-07-13 07:29:43,149 INFO  grpc.GrpcConfigKeys$Server (ConfUtils.java:logGet(43)) - raft.grpc.server.port = 0 (default)
2019-07-13 07:29:43,149 INFO  server.GrpcService (ConfUtils.java:logGet(43)) - raft.grpc.message.size.max = 33570816 (custom)
2019-07-13 07:29:43,150 INFO  server.RaftServerConfigKeys (ConfUtils.java:logGet(43)) - raft.server.log.appender.buffer.byte-limit = 33554432 (custom)
2019-07-13 07:29:43,150 INFO  server.GrpcService (ConfUtils.java:logGet(43)) - raft.grpc.flow.control.window = 1MB (=1048576) (default)
2019-07-13 07:29:43,150 INFO  server.RaftServerConfigKeys (ConfUtils.java:logGet(43)) - raft.server.rpc.request.timeout = 3000ms (default)
2019-07-13 07:29:43,151 INFO  server.RaftServerConfigKeys (ConfUtils.java:logGet(43)) - raft.server.storage.dir = [/tmp/workdir/hadoop-ozone/integration-test/target/test-dir/MiniOzoneClusterImpl-a1dc88e9-0fc1-4510-915a-29af8445f733/datanode-2/data/ratis] (custom)
2019-07-13 07:29:43,152 INFO  replication.SimpleContainerDownloader (SimpleContainerDownloader.java:<init>(72)) - Starting container downloader service to copy containers to replicate.
2019-07-13 07:29:43,153 INFO  hdfs.DFSUtil (DFSUtil.java:httpServerTemplateForNNAndJN(1641)) - Starting Web-server for hddsDatanode at: http://0.0.0.0:0
2019-07-13 07:29:43,156 INFO  server.AuthenticationFilter (AuthenticationFilter.java:constructSecretProvider(240)) - Unable to initialize FileSignerSecretProvider, falling back to use random secrets.
2019-07-13 07:29:43,156 WARN  http.HttpRequestLog (HttpRequestLog.java:getRequestLog(97)) - Jetty request log can only be enabled using Log4j
2019-07-13 07:29:43,159 INFO  http.HttpServer2 (HttpServer2.java:addGlobalFilter(975)) - Added global filter 'safety' (class=org.apache.hadoop.http.HttpServer2$QuotingInputFilter)
2019-07-13 07:29:43,160 INFO  http.HttpServer2 (HttpServer2.java:addFilter(948)) - Added filter static_user_filter (class=org.apache.hadoop.http.lib.StaticUserWebFilter$StaticUserFilter) to context hddsDatanode
2019-07-13 07:29:43,160 INFO  http.HttpServer2 (HttpServer2.java:addFilter(958)) - Added filter static_user_filter (class=org.apache.hadoop.http.lib.StaticUserWebFilter$StaticUserFilter) to context static
2019-07-13 07:29:43,160 INFO  http.HttpServer2 (HttpServer2.java:addFilter(958)) - Added filter static_user_filter (class=org.apache.hadoop.http.lib.StaticUserWebFilter$StaticUserFilter) to context logs
2019-07-13 07:29:43,161 INFO  http.HttpServer2 (HttpServer2.java:bindListener(1191)) - Jetty bound to port 34628
2019-07-13 07:29:43,162 INFO  server.Server (Server.java:doStart(351)) - jetty-9.3.24.v20180605, build timestamp: 2018-06-05T17:11:56Z, git hash: 84205aa28f11a4f31f2a3b86d1bba2cc8ab69827
2019-07-13 07:29:43,165 INFO  handler.ContextHandler (ContextHandler.java:doStart(781)) - Started o.e.j.s.ServletContextHandler@631c6d11{/logs,file:///tmp/workdir/hadoop-ozone/integration-test/target/log,AVAILABLE}
2019-07-13 07:29:43,166 INFO  handler.ContextHandler (ContextHandler.java:doStart(781)) - Started o.e.j.s.ServletContextHandler@62ade015{/static,jar:file:/home/user/.m2/repository/org/apache/hadoop/hadoop-hdds-container-service/0.5.0-SNAPSHOT/hadoop-hdds-container-service-0.5.0-SNAPSHOT.jar!/webapps/static,AVAILABLE}
2019-07-13 07:29:43,208 INFO  handler.ContextHandler (ContextHandler.java:doStart(781)) - Started o.e.j.w.WebAppContext@7197b07f{/,file:///tmp/jetty-0.0.0.0-34628-hddsDatanode-_-any-6473999237219172018.dir/webapp/,AVAILABLE}{/hddsDatanode}
2019-07-13 07:29:43,209 INFO  server.AbstractConnector (AbstractConnector.java:doStart(278)) - Started ServerConnector@1f10fec6{HTTP/1.1,[http/1.1]}{0.0.0.0:34628}
2019-07-13 07:29:43,210 INFO  server.Server (Server.java:doStart(419)) - Started @6751ms
2019-07-13 07:29:43,212 INFO  server.BaseHttpServer (BaseHttpServer.java:updateConnectorAddress(207)) - HTTP server of HDDSDATANODE is listening at http://0.0.0.0:34628
2019-07-13 07:29:43,381 INFO  ozone.HddsDatanodeService (HddsDatanodeService.java:startPlugins(396)) - Started plug-in org.apache.hadoop.ozone.web.OzoneHddsDatanodeService@7436364d
2019-07-13 07:29:43,381 INFO  impl.MetricsSystemImpl (MetricsSystemImpl.java:init(158)) - HddsDatanode metrics system started (again)
2019-07-13 07:29:43,383 INFO  ozone.HddsDatanodeService (HddsDatanodeService.java:start(185)) - HddsDatanodeService host:trunk-nightly-9lh4p-2362225927 ip:192.168.69.84
2019-07-13 07:29:43,385 INFO  util.JvmPauseMonitor (JvmPauseMonitor.java:run(188)) - Starting JVM pause monitor
2019-07-13 07:29:43,388 INFO  datanode.InitDatanodeState (InitDatanodeState.java:persistContainerDatanodeDetails(140)) - DatanodeDetails is persisted to /tmp/workdir/hadoop-ozone/integration-test/target/test-dir/MiniOzoneClusterImpl-a1dc88e9-0fc1-4510-915a-29af8445f733/datanode-2/meta/datanode.id
2019-07-13 07:29:43,392 INFO  volume.HddsVolume (HddsVolume.java:<init>(176)) - Creating Volume: /tmp/workdir/hadoop-ozone/integration-test/target/test-dir/MiniOzoneClusterImpl-a1dc88e9-0fc1-4510-915a-29af8445f733/datanode-3/data/containers/hdds of  storage type : DISK and capacity : 52710309888
2019-07-13 07:29:43,393 INFO  volume.VolumeSet (VolumeSet.java:initializeVolumeSet(170)) - Added Volume : /tmp/workdir/hadoop-ozone/integration-test/target/test-dir/MiniOzoneClusterImpl-a1dc88e9-0fc1-4510-915a-29af8445f733/datanode-3/data/containers/hdds to VolumeSet
2019-07-13 07:29:43,393 INFO  volume.ThrottledAsyncChecker (ThrottledAsyncChecker.java:schedule(140)) - Scheduling a check for org.apache.hadoop.ozone.container.common.volume.HddsVolume@517704
2019-07-13 07:29:43,393 INFO  volume.HddsVolumeChecker (HddsVolumeChecker.java:checkAllVolumes(203)) - Scheduled health check for volume org.apache.hadoop.ozone.container.common.volume.HddsVolume@517704
2019-07-13 07:29:43,408 INFO  impl.RaftServerProxy (ConfUtils.java:logGet(43)) - raft.rpc.type = GRPC (default)
2019-07-13 07:29:43,408 INFO  grpc.GrpcFactory (GrpcFactory.java:checkPooledByteBufAllocatorUseCacheForAllThreads(45)) - PERFORMANCE WARNING: useCacheForAllThreads is true that may cause Netty to create a lot garbage objects and, as a result, trigger GC.
	It is recommended to disable useCacheForAllThreads by setting -Dorg.apache.ratis.thirdparty.io.netty.allocator.useCacheForAllThreads=false in command line.
2019-07-13 07:29:43,408 INFO  grpc.GrpcConfigKeys$Server (ConfUtils.java:logGet(43)) - raft.grpc.server.port = 0 (default)
2019-07-13 07:29:43,409 INFO  server.GrpcService (ConfUtils.java:logGet(43)) - raft.grpc.message.size.max = 33570816 (custom)
2019-07-13 07:29:43,409 INFO  server.RaftServerConfigKeys (ConfUtils.java:logGet(43)) - raft.server.log.appender.buffer.byte-limit = 33554432 (custom)
2019-07-13 07:29:43,409 INFO  server.GrpcService (ConfUtils.java:logGet(43)) - raft.grpc.flow.control.window = 1MB (=1048576) (default)
2019-07-13 07:29:43,409 INFO  server.RaftServerConfigKeys (ConfUtils.java:logGet(43)) - raft.server.rpc.request.timeout = 3000ms (default)
2019-07-13 07:29:43,410 INFO  server.RaftServerConfigKeys (ConfUtils.java:logGet(43)) - raft.server.storage.dir = [/tmp/workdir/hadoop-ozone/integration-test/target/test-dir/MiniOzoneClusterImpl-a1dc88e9-0fc1-4510-915a-29af8445f733/datanode-3/data/ratis] (custom)
2019-07-13 07:29:43,410 INFO  replication.SimpleContainerDownloader (SimpleContainerDownloader.java:<init>(72)) - Starting container downloader service to copy containers to replicate.
2019-07-13 07:29:43,412 INFO  hdfs.DFSUtil (DFSUtil.java:httpServerTemplateForNNAndJN(1641)) - Starting Web-server for hddsDatanode at: http://0.0.0.0:0
2019-07-13 07:29:43,414 INFO  server.AuthenticationFilter (AuthenticationFilter.java:constructSecretProvider(240)) - Unable to initialize FileSignerSecretProvider, falling back to use random secrets.
2019-07-13 07:29:43,415 WARN  http.HttpRequestLog (HttpRequestLog.java:getRequestLog(97)) - Jetty request log can only be enabled using Log4j
2019-07-13 07:29:43,418 INFO  http.HttpServer2 (HttpServer2.java:addGlobalFilter(975)) - Added global filter 'safety' (class=org.apache.hadoop.http.HttpServer2$QuotingInputFilter)
2019-07-13 07:29:43,419 INFO  http.HttpServer2 (HttpServer2.java:addFilter(948)) - Added filter static_user_filter (class=org.apache.hadoop.http.lib.StaticUserWebFilter$StaticUserFilter) to context hddsDatanode
2019-07-13 07:29:43,419 INFO  http.HttpServer2 (HttpServer2.java:addFilter(958)) - Added filter static_user_filter (class=org.apache.hadoop.http.lib.StaticUserWebFilter$StaticUserFilter) to context static
2019-07-13 07:29:43,419 INFO  http.HttpServer2 (HttpServer2.java:addFilter(958)) - Added filter static_user_filter (class=org.apache.hadoop.http.lib.StaticUserWebFilter$StaticUserFilter) to context logs
2019-07-13 07:29:43,420 INFO  http.HttpServer2 (HttpServer2.java:bindListener(1191)) - Jetty bound to port 42454
2019-07-13 07:29:43,421 INFO  server.Server (Server.java:doStart(351)) - jetty-9.3.24.v20180605, build timestamp: 2018-06-05T17:11:56Z, git hash: 84205aa28f11a4f31f2a3b86d1bba2cc8ab69827
2019-07-13 07:29:43,426 INFO  handler.ContextHandler (ContextHandler.java:doStart(781)) - Started o.e.j.s.ServletContextHandler@1e30db85{/logs,file:///tmp/workdir/hadoop-ozone/integration-test/target/log,AVAILABLE}
2019-07-13 07:29:43,427 INFO  handler.ContextHandler (ContextHandler.java:doStart(781)) - Started o.e.j.s.ServletContextHandler@cc9ef8d{/static,jar:file:/home/user/.m2/repository/org/apache/hadoop/hadoop-hdds-container-service/0.5.0-SNAPSHOT/hadoop-hdds-container-service-0.5.0-SNAPSHOT.jar!/webapps/static,AVAILABLE}
2019-07-13 07:29:43,471 INFO  handler.ContextHandler (ContextHandler.java:doStart(781)) - Started o.e.j.w.WebAppContext@6a2d867d{/,file:///tmp/jetty-0.0.0.0-42454-hddsDatanode-_-any-5597886617190850730.dir/webapp/,AVAILABLE}{/hddsDatanode}
2019-07-13 07:29:43,471 INFO  server.AbstractConnector (AbstractConnector.java:doStart(278)) - Started ServerConnector@73bb1337{HTTP/1.1,[http/1.1]}{0.0.0.0:42454}
2019-07-13 07:29:43,472 INFO  server.Server (Server.java:doStart(419)) - Started @7014ms
2019-07-13 07:29:43,473 INFO  server.BaseHttpServer (BaseHttpServer.java:updateConnectorAddress(207)) - HTTP server of HDDSDATANODE is listening at http://0.0.0.0:42454
2019-07-13 07:29:43,641 INFO  ozone.HddsDatanodeService (HddsDatanodeService.java:startPlugins(396)) - Started plug-in org.apache.hadoop.ozone.web.OzoneHddsDatanodeService@65da01f4
2019-07-13 07:29:43,641 INFO  impl.MetricsSystemImpl (MetricsSystemImpl.java:init(158)) - HddsDatanode metrics system started (again)
2019-07-13 07:29:43,643 INFO  ozone.HddsDatanodeService (HddsDatanodeService.java:start(185)) - HddsDatanodeService host:trunk-nightly-9lh4p-2362225927 ip:192.168.69.84
2019-07-13 07:29:43,645 INFO  util.JvmPauseMonitor (JvmPauseMonitor.java:run(188)) - Starting JVM pause monitor
2019-07-13 07:29:43,648 INFO  datanode.InitDatanodeState (InitDatanodeState.java:persistContainerDatanodeDetails(140)) - DatanodeDetails is persisted to /tmp/workdir/hadoop-ozone/integration-test/target/test-dir/MiniOzoneClusterImpl-a1dc88e9-0fc1-4510-915a-29af8445f733/datanode-3/meta/datanode.id
2019-07-13 07:29:43,652 INFO  volume.HddsVolume (HddsVolume.java:<init>(176)) - Creating Volume: /tmp/workdir/hadoop-ozone/integration-test/target/test-dir/MiniOzoneClusterImpl-a1dc88e9-0fc1-4510-915a-29af8445f733/datanode-4/data/containers/hdds of  storage type : DISK and capacity : 52710309888
2019-07-13 07:29:43,652 INFO  volume.VolumeSet (VolumeSet.java:initializeVolumeSet(170)) - Added Volume : /tmp/workdir/hadoop-ozone/integration-test/target/test-dir/MiniOzoneClusterImpl-a1dc88e9-0fc1-4510-915a-29af8445f733/datanode-4/data/containers/hdds to VolumeSet
2019-07-13 07:29:43,652 INFO  volume.ThrottledAsyncChecker (ThrottledAsyncChecker.java:schedule(140)) - Scheduling a check for org.apache.hadoop.ozone.container.common.volume.HddsVolume@6b2fdffc
2019-07-13 07:29:43,653 INFO  volume.HddsVolumeChecker (HddsVolumeChecker.java:checkAllVolumes(203)) - Scheduled health check for volume org.apache.hadoop.ozone.container.common.volume.HddsVolume@6b2fdffc
2019-07-13 07:29:43,667 INFO  impl.RaftServerProxy (ConfUtils.java:logGet(43)) - raft.rpc.type = GRPC (default)
2019-07-13 07:29:43,667 INFO  grpc.GrpcFactory (GrpcFactory.java:checkPooledByteBufAllocatorUseCacheForAllThreads(45)) - PERFORMANCE WARNING: useCacheForAllThreads is true that may cause Netty to create a lot garbage objects and, as a result, trigger GC.
	It is recommended to disable useCacheForAllThreads by setting -Dorg.apache.ratis.thirdparty.io.netty.allocator.useCacheForAllThreads=false in command line.
2019-07-13 07:29:43,667 INFO  grpc.GrpcConfigKeys$Server (ConfUtils.java:logGet(43)) - raft.grpc.server.port = 0 (default)
2019-07-13 07:29:43,668 INFO  server.GrpcService (ConfUtils.java:logGet(43)) - raft.grpc.message.size.max = 33570816 (custom)
2019-07-13 07:29:43,668 INFO  server.RaftServerConfigKeys (ConfUtils.java:logGet(43)) - raft.server.log.appender.buffer.byte-limit = 33554432 (custom)
2019-07-13 07:29:43,668 INFO  server.GrpcService (ConfUtils.java:logGet(43)) - raft.grpc.flow.control.window = 1MB (=1048576) (default)
2019-07-13 07:29:43,668 INFO  server.RaftServerConfigKeys (ConfUtils.java:logGet(43)) - raft.server.rpc.request.timeout = 3000ms (default)
2019-07-13 07:29:43,669 INFO  server.RaftServerConfigKeys (ConfUtils.java:logGet(43)) - raft.server.storage.dir = [/tmp/workdir/hadoop-ozone/integration-test/target/test-dir/MiniOzoneClusterImpl-a1dc88e9-0fc1-4510-915a-29af8445f733/datanode-4/data/ratis] (custom)
2019-07-13 07:29:43,669 INFO  replication.SimpleContainerDownloader (SimpleContainerDownloader.java:<init>(72)) - Starting container downloader service to copy containers to replicate.
2019-07-13 07:29:43,671 INFO  hdfs.DFSUtil (DFSUtil.java:httpServerTemplateForNNAndJN(1641)) - Starting Web-server for hddsDatanode at: http://0.0.0.0:0
2019-07-13 07:29:43,673 INFO  server.AuthenticationFilter (AuthenticationFilter.java:constructSecretProvider(240)) - Unable to initialize FileSignerSecretProvider, falling back to use random secrets.
2019-07-13 07:29:43,674 WARN  http.HttpRequestLog (HttpRequestLog.java:getRequestLog(97)) - Jetty request log can only be enabled using Log4j
2019-07-13 07:29:43,676 INFO  http.HttpServer2 (HttpServer2.java:addGlobalFilter(975)) - Added global filter 'safety' (class=org.apache.hadoop.http.HttpServer2$QuotingInputFilter)
2019-07-13 07:29:43,677 INFO  http.HttpServer2 (HttpServer2.java:addFilter(948)) - Added filter static_user_filter (class=org.apache.hadoop.http.lib.StaticUserWebFilter$StaticUserFilter) to context hddsDatanode
2019-07-13 07:29:43,678 INFO  http.HttpServer2 (HttpServer2.java:addFilter(958)) - Added filter static_user_filter (class=org.apache.hadoop.http.lib.StaticUserWebFilter$StaticUserFilter) to context logs
2019-07-13 07:29:43,678 INFO  http.HttpServer2 (HttpServer2.java:addFilter(958)) - Added filter static_user_filter (class=org.apache.hadoop.http.lib.StaticUserWebFilter$StaticUserFilter) to context static
2019-07-13 07:29:43,679 INFO  http.HttpServer2 (HttpServer2.java:bindListener(1191)) - Jetty bound to port 36668
2019-07-13 07:29:43,679 INFO  server.Server (Server.java:doStart(351)) - jetty-9.3.24.v20180605, build timestamp: 2018-06-05T17:11:56Z, git hash: 84205aa28f11a4f31f2a3b86d1bba2cc8ab69827
2019-07-13 07:29:43,683 INFO  handler.ContextHandler (ContextHandler.java:doStart(781)) - Started o.e.j.s.ServletContextHandler@615db358{/logs,file:///tmp/workdir/hadoop-ozone/integration-test/target/log,AVAILABLE}
2019-07-13 07:29:43,683 INFO  handler.ContextHandler (ContextHandler.java:doStart(781)) - Started o.e.j.s.ServletContextHandler@5fef0c19{/static,jar:file:/home/user/.m2/repository/org/apache/hadoop/hadoop-hdds-container-service/0.5.0-SNAPSHOT/hadoop-hdds-container-service-0.5.0-SNAPSHOT.jar!/webapps/static,AVAILABLE}
2019-07-13 07:29:43,727 INFO  handler.ContextHandler (ContextHandler.java:doStart(781)) - Started o.e.j.w.WebAppContext@367d34c0{/,file:///tmp/jetty-0.0.0.0-36668-hddsDatanode-_-any-5349176003262663101.dir/webapp/,AVAILABLE}{/hddsDatanode}
2019-07-13 07:29:43,728 INFO  server.AbstractConnector (AbstractConnector.java:doStart(278)) - Started ServerConnector@4ce25e47{HTTP/1.1,[http/1.1]}{0.0.0.0:36668}
2019-07-13 07:29:43,729 INFO  server.Server (Server.java:doStart(419)) - Started @7270ms
2019-07-13 07:29:43,730 INFO  server.BaseHttpServer (BaseHttpServer.java:updateConnectorAddress(207)) - HTTP server of HDDSDATANODE is listening at http://0.0.0.0:36668
2019-07-13 07:29:43,875 INFO  ozone.HddsDatanodeService (HddsDatanodeService.java:startPlugins(396)) - Started plug-in org.apache.hadoop.ozone.web.OzoneHddsDatanodeService@15d236fd
2019-07-13 07:29:43,876 INFO  impl.MetricsSystemImpl (MetricsSystemImpl.java:init(158)) - HddsDatanode metrics system started (again)
2019-07-13 07:29:43,878 INFO  ozone.HddsDatanodeService (HddsDatanodeService.java:start(185)) - HddsDatanodeService host:trunk-nightly-9lh4p-2362225927 ip:192.168.69.84
2019-07-13 07:29:43,879 INFO  util.JvmPauseMonitor (JvmPauseMonitor.java:run(188)) - Starting JVM pause monitor
2019-07-13 07:29:43,882 INFO  datanode.InitDatanodeState (InitDatanodeState.java:persistContainerDatanodeDetails(140)) - DatanodeDetails is persisted to /tmp/workdir/hadoop-ozone/integration-test/target/test-dir/MiniOzoneClusterImpl-a1dc88e9-0fc1-4510-915a-29af8445f733/datanode-4/meta/datanode.id
2019-07-13 07:29:43,887 INFO  volume.HddsVolume (HddsVolume.java:<init>(176)) - Creating Volume: /tmp/workdir/hadoop-ozone/integration-test/target/test-dir/MiniOzoneClusterImpl-a1dc88e9-0fc1-4510-915a-29af8445f733/datanode-5/data/containers/hdds of  storage type : DISK and capacity : 52710309888
2019-07-13 07:29:43,887 INFO  volume.VolumeSet (VolumeSet.java:initializeVolumeSet(170)) - Added Volume : /tmp/workdir/hadoop-ozone/integration-test/target/test-dir/MiniOzoneClusterImpl-a1dc88e9-0fc1-4510-915a-29af8445f733/datanode-5/data/containers/hdds to VolumeSet
2019-07-13 07:29:43,887 INFO  volume.ThrottledAsyncChecker (ThrottledAsyncChecker.java:schedule(140)) - Scheduling a check for org.apache.hadoop.ozone.container.common.volume.HddsVolume@33eb0d4
2019-07-13 07:29:43,888 INFO  volume.HddsVolumeChecker (HddsVolumeChecker.java:checkAllVolumes(203)) - Scheduled health check for volume org.apache.hadoop.ozone.container.common.volume.HddsVolume@33eb0d4
2019-07-13 07:29:43,906 INFO  impl.RaftServerProxy (ConfUtils.java:logGet(43)) - raft.rpc.type = GRPC (default)
2019-07-13 07:29:43,907 INFO  grpc.GrpcFactory (GrpcFactory.java:checkPooledByteBufAllocatorUseCacheForAllThreads(45)) - PERFORMANCE WARNING: useCacheForAllThreads is true that may cause Netty to create a lot garbage objects and, as a result, trigger GC.
	It is recommended to disable useCacheForAllThreads by setting -Dorg.apache.ratis.thirdparty.io.netty.allocator.useCacheForAllThreads=false in command line.
2019-07-13 07:29:43,907 INFO  grpc.GrpcConfigKeys$Server (ConfUtils.java:logGet(43)) - raft.grpc.server.port = 0 (default)
2019-07-13 07:29:43,907 INFO  server.GrpcService (ConfUtils.java:logGet(43)) - raft.grpc.message.size.max = 33570816 (custom)
2019-07-13 07:29:43,907 INFO  server.RaftServerConfigKeys (ConfUtils.java:logGet(43)) - raft.server.log.appender.buffer.byte-limit = 33554432 (custom)
2019-07-13 07:29:43,908 INFO  server.GrpcService (ConfUtils.java:logGet(43)) - raft.grpc.flow.control.window = 1MB (=1048576) (default)
2019-07-13 07:29:43,908 INFO  server.RaftServerConfigKeys (ConfUtils.java:logGet(43)) - raft.server.rpc.request.timeout = 3000ms (default)
2019-07-13 07:29:43,909 INFO  server.RaftServerConfigKeys (ConfUtils.java:logGet(43)) - raft.server.storage.dir = [/tmp/workdir/hadoop-ozone/integration-test/target/test-dir/MiniOzoneClusterImpl-a1dc88e9-0fc1-4510-915a-29af8445f733/datanode-5/data/ratis] (custom)
2019-07-13 07:29:43,909 INFO  replication.SimpleContainerDownloader (SimpleContainerDownloader.java:<init>(72)) - Starting container downloader service to copy containers to replicate.
2019-07-13 07:29:43,911 INFO  hdfs.DFSUtil (DFSUtil.java:httpServerTemplateForNNAndJN(1641)) - Starting Web-server for hddsDatanode at: http://0.0.0.0:0
2019-07-13 07:29:43,913 INFO  server.AuthenticationFilter (AuthenticationFilter.java:constructSecretProvider(240)) - Unable to initialize FileSignerSecretProvider, falling back to use random secrets.
2019-07-13 07:29:43,914 WARN  http.HttpRequestLog (HttpRequestLog.java:getRequestLog(97)) - Jetty request log can only be enabled using Log4j
2019-07-13 07:29:43,916 INFO  http.HttpServer2 (HttpServer2.java:addGlobalFilter(975)) - Added global filter 'safety' (class=org.apache.hadoop.http.HttpServer2$QuotingInputFilter)
2019-07-13 07:29:43,917 INFO  http.HttpServer2 (HttpServer2.java:addFilter(948)) - Added filter static_user_filter (class=org.apache.hadoop.http.lib.StaticUserWebFilter$StaticUserFilter) to context hddsDatanode
2019-07-13 07:29:43,918 INFO  http.HttpServer2 (HttpServer2.java:addFilter(958)) - Added filter static_user_filter (class=org.apache.hadoop.http.lib.StaticUserWebFilter$StaticUserFilter) to context static
2019-07-13 07:29:43,918 INFO  http.HttpServer2 (HttpServer2.java:addFilter(958)) - Added filter static_user_filter (class=org.apache.hadoop.http.lib.StaticUserWebFilter$StaticUserFilter) to context logs
2019-07-13 07:29:43,919 INFO  http.HttpServer2 (HttpServer2.java:bindListener(1191)) - Jetty bound to port 39403
2019-07-13 07:29:43,919 INFO  server.Server (Server.java:doStart(351)) - jetty-9.3.24.v20180605, build timestamp: 2018-06-05T17:11:56Z, git hash: 84205aa28f11a4f31f2a3b86d1bba2cc8ab69827
2019-07-13 07:29:43,922 INFO  handler.ContextHandler (ContextHandler.java:doStart(781)) - Started o.e.j.s.ServletContextHandler@6885ed19{/logs,file:///tmp/workdir/hadoop-ozone/integration-test/target/log,AVAILABLE}
2019-07-13 07:29:43,923 INFO  handler.ContextHandler (ContextHandler.java:doStart(781)) - Started o.e.j.s.ServletContextHandler@2d4a3e13{/static,jar:file:/home/user/.m2/repository/org/apache/hadoop/hadoop-hdds-container-service/0.5.0-SNAPSHOT/hadoop-hdds-container-service-0.5.0-SNAPSHOT.jar!/webapps/static,AVAILABLE}
2019-07-13 07:29:43,968 INFO  handler.ContextHandler (ContextHandler.java:doStart(781)) - Started o.e.j.w.WebAppContext@561f9d92{/,file:///tmp/jetty-0.0.0.0-39403-hddsDatanode-_-any-2661424647165508207.dir/webapp/,AVAILABLE}{/hddsDatanode}
2019-07-13 07:29:43,970 INFO  server.AbstractConnector (AbstractConnector.java:doStart(278)) - Started ServerConnector@1c84d80a{HTTP/1.1,[http/1.1]}{0.0.0.0:39403}
2019-07-13 07:29:43,970 INFO  server.Server (Server.java:doStart(419)) - Started @7511ms
2019-07-13 07:29:43,971 INFO  server.BaseHttpServer (BaseHttpServer.java:updateConnectorAddress(207)) - HTTP server of HDDSDATANODE is listening at http://0.0.0.0:39403
2019-07-13 07:29:44,110 INFO  ozone.HddsDatanodeService (HddsDatanodeService.java:startPlugins(396)) - Started plug-in org.apache.hadoop.ozone.web.OzoneHddsDatanodeService@16f15ae9
2019-07-13 07:29:44,110 INFO  impl.MetricsSystemImpl (MetricsSystemImpl.java:init(158)) - HddsDatanode metrics system started (again)
2019-07-13 07:29:44,112 INFO  ozone.HddsDatanodeService (HddsDatanodeService.java:start(185)) - HddsDatanodeService host:trunk-nightly-9lh4p-2362225927 ip:192.168.69.84
2019-07-13 07:29:44,114 INFO  util.JvmPauseMonitor (JvmPauseMonitor.java:run(188)) - Starting JVM pause monitor
2019-07-13 07:29:44,117 INFO  datanode.InitDatanodeState (InitDatanodeState.java:persistContainerDatanodeDetails(140)) - DatanodeDetails is persisted to /tmp/workdir/hadoop-ozone/integration-test/target/test-dir/MiniOzoneClusterImpl-a1dc88e9-0fc1-4510-915a-29af8445f733/datanode-5/meta/datanode.id
2019-07-13 07:29:44,121 INFO  volume.HddsVolume (HddsVolume.java:<init>(176)) - Creating Volume: /tmp/workdir/hadoop-ozone/integration-test/target/test-dir/MiniOzoneClusterImpl-a1dc88e9-0fc1-4510-915a-29af8445f733/datanode-6/data/containers/hdds of  storage type : DISK and capacity : 52710309888
2019-07-13 07:29:44,122 INFO  volume.VolumeSet (VolumeSet.java:initializeVolumeSet(170)) - Added Volume : /tmp/workdir/hadoop-ozone/integration-test/target/test-dir/MiniOzoneClusterImpl-a1dc88e9-0fc1-4510-915a-29af8445f733/datanode-6/data/containers/hdds to VolumeSet
2019-07-13 07:29:44,122 INFO  volume.ThrottledAsyncChecker (ThrottledAsyncChecker.java:schedule(140)) - Scheduling a check for org.apache.hadoop.ozone.container.common.volume.HddsVolume@2b79c8ff
2019-07-13 07:29:44,122 INFO  volume.HddsVolumeChecker (HddsVolumeChecker.java:checkAllVolumes(203)) - Scheduled health check for volume org.apache.hadoop.ozone.container.common.volume.HddsVolume@2b79c8ff
2019-07-13 07:29:44,138 INFO  impl.RaftServerProxy (ConfUtils.java:logGet(43)) - raft.rpc.type = GRPC (default)
2019-07-13 07:29:44,138 INFO  grpc.GrpcFactory (GrpcFactory.java:checkPooledByteBufAllocatorUseCacheForAllThreads(45)) - PERFORMANCE WARNING: useCacheForAllThreads is true that may cause Netty to create a lot garbage objects and, as a result, trigger GC.
	It is recommended to disable useCacheForAllThreads by setting -Dorg.apache.ratis.thirdparty.io.netty.allocator.useCacheForAllThreads=false in command line.
2019-07-13 07:29:44,139 INFO  grpc.GrpcConfigKeys$Server (ConfUtils.java:logGet(43)) - raft.grpc.server.port = 0 (default)
2019-07-13 07:29:44,139 INFO  server.GrpcService (ConfUtils.java:logGet(43)) - raft.grpc.message.size.max = 33570816 (custom)
2019-07-13 07:29:44,139 INFO  server.RaftServerConfigKeys (ConfUtils.java:logGet(43)) - raft.server.log.appender.buffer.byte-limit = 33554432 (custom)
2019-07-13 07:29:44,139 INFO  server.GrpcService (ConfUtils.java:logGet(43)) - raft.grpc.flow.control.window = 1MB (=1048576) (default)
2019-07-13 07:29:44,139 INFO  server.RaftServerConfigKeys (ConfUtils.java:logGet(43)) - raft.server.rpc.request.timeout = 3000ms (default)
2019-07-13 07:29:44,140 INFO  server.RaftServerConfigKeys (ConfUtils.java:logGet(43)) - raft.server.storage.dir = [/tmp/workdir/hadoop-ozone/integration-test/target/test-dir/MiniOzoneClusterImpl-a1dc88e9-0fc1-4510-915a-29af8445f733/datanode-6/data/ratis] (custom)
2019-07-13 07:29:44,140 INFO  replication.SimpleContainerDownloader (SimpleContainerDownloader.java:<init>(72)) - Starting container downloader service to copy containers to replicate.
2019-07-13 07:29:44,142 INFO  hdfs.DFSUtil (DFSUtil.java:httpServerTemplateForNNAndJN(1641)) - Starting Web-server for hddsDatanode at: http://0.0.0.0:0
2019-07-13 07:29:44,143 INFO  server.AuthenticationFilter (AuthenticationFilter.java:constructSecretProvider(240)) - Unable to initialize FileSignerSecretProvider, falling back to use random secrets.
2019-07-13 07:29:44,143 WARN  http.HttpRequestLog (HttpRequestLog.java:getRequestLog(97)) - Jetty request log can only be enabled using Log4j
2019-07-13 07:29:44,145 INFO  http.HttpServer2 (HttpServer2.java:addGlobalFilter(975)) - Added global filter 'safety' (class=org.apache.hadoop.http.HttpServer2$QuotingInputFilter)
2019-07-13 07:29:44,145 INFO  http.HttpServer2 (HttpServer2.java:addFilter(948)) - Added filter static_user_filter (class=org.apache.hadoop.http.lib.StaticUserWebFilter$StaticUserFilter) to context hddsDatanode
2019-07-13 07:29:44,145 INFO  http.HttpServer2 (HttpServer2.java:addFilter(958)) - Added filter static_user_filter (class=org.apache.hadoop.http.lib.StaticUserWebFilter$StaticUserFilter) to context logs
2019-07-13 07:29:44,146 INFO  http.HttpServer2 (HttpServer2.java:addFilter(958)) - Added filter static_user_filter (class=org.apache.hadoop.http.lib.StaticUserWebFilter$StaticUserFilter) to context static
2019-07-13 07:29:44,146 INFO  http.HttpServer2 (HttpServer2.java:bindListener(1191)) - Jetty bound to port 37366
2019-07-13 07:29:44,146 INFO  server.Server (Server.java:doStart(351)) - jetty-9.3.24.v20180605, build timestamp: 2018-06-05T17:11:56Z, git hash: 84205aa28f11a4f31f2a3b86d1bba2cc8ab69827
2019-07-13 07:29:44,149 INFO  handler.ContextHandler (ContextHandler.java:doStart(781)) - Started o.e.j.s.ServletContextHandler@6568f998{/logs,file:///tmp/workdir/hadoop-ozone/integration-test/target/log,AVAILABLE}
2019-07-13 07:29:44,150 INFO  handler.ContextHandler (ContextHandler.java:doStart(781)) - Started o.e.j.s.ServletContextHandler@782fd504{/static,jar:file:/home/user/.m2/repository/org/apache/hadoop/hadoop-hdds-container-service/0.5.0-SNAPSHOT/hadoop-hdds-container-service-0.5.0-SNAPSHOT.jar!/webapps/static,AVAILABLE}
2019-07-13 07:29:44,177 INFO  handler.ContextHandler (ContextHandler.java:doStart(781)) - Started o.e.j.w.WebAppContext@418f0534{/,file:///tmp/jetty-0.0.0.0-37366-hddsDatanode-_-any-6485216764314629285.dir/webapp/,AVAILABLE}{/hddsDatanode}
2019-07-13 07:29:44,178 INFO  server.AbstractConnector (AbstractConnector.java:doStart(278)) - Started ServerConnector@3dfd7eaa{HTTP/1.1,[http/1.1]}{0.0.0.0:37366}
2019-07-13 07:29:44,178 INFO  server.Server (Server.java:doStart(419)) - Started @7720ms
2019-07-13 07:29:44,179 INFO  server.BaseHttpServer (BaseHttpServer.java:updateConnectorAddress(207)) - HTTP server of HDDSDATANODE is listening at http://0.0.0.0:37366
2019-07-13 07:29:44,412 INFO  ozone.HddsDatanodeService (HddsDatanodeService.java:startPlugins(396)) - Started plug-in org.apache.hadoop.ozone.web.OzoneHddsDatanodeService@28e7bb31
2019-07-13 07:29:44,415 INFO  ozone.MiniOzoneClusterImpl (MiniOzoneClusterImpl.java:lambda$waitForClusterToBeReady$0(142)) - Waiting for cluster to be ready. Got 0 of 7 DN Heartbeats.
2019-07-13 07:29:44,416 INFO  util.JvmPauseMonitor (JvmPauseMonitor.java:run(188)) - Starting JVM pause monitor
2019-07-13 07:29:44,418 INFO  datanode.InitDatanodeState (InitDatanodeState.java:persistContainerDatanodeDetails(140)) - DatanodeDetails is persisted to /tmp/workdir/hadoop-ozone/integration-test/target/test-dir/MiniOzoneClusterImpl-a1dc88e9-0fc1-4510-915a-29af8445f733/datanode-6/meta/datanode.id
2019-07-13 07:29:44,878 INFO  ozoneimpl.OzoneContainer (OzoneContainer.java:start(186)) - Attempting to start container services.
2019-07-13 07:29:44,880 INFO  ozoneimpl.OzoneContainer (OzoneContainer.java:startContainerScrub(160)) - Background container scrubber has been disabled by hdds.containerscrub.enabled
2019-07-13 07:29:44,880 INFO  ratis.XceiverServerRatis (XceiverServerRatis.java:start(418)) - Starting XceiverServerRatis 421489f5-e73a-44dd-9dcb-3dbe44b16c83 at port 0
2019-07-13 07:29:44,898 INFO  impl.RaftServerProxy (RaftServerProxy.java:lambda$start$3(299)) - 421489f5-e73a-44dd-9dcb-3dbe44b16c83: start RPC server
2019-07-13 07:29:45,019 INFO  server.GrpcService (GrpcService.java:startImpl(149)) - 421489f5-e73a-44dd-9dcb-3dbe44b16c83: GrpcService started, listening on 0.0.0.0/0.0.0.0:46222
2019-07-13 07:29:45,020 INFO  ratis.XceiverServerRatis (XceiverServerRatis.java:start(428)) - XceiverServerRatis 421489f5-e73a-44dd-9dcb-3dbe44b16c83 is started using port 46222
2019-07-13 07:29:45,022 INFO  server.XceiverServerGrpc (XceiverServerGrpc.java:start(161)) - XceiverServerGrpc 421489f5-e73a-44dd-9dcb-3dbe44b16c83 is started using port 35641
2019-07-13 07:29:45,132 INFO  ozoneimpl.OzoneContainer (OzoneContainer.java:start(186)) - Attempting to start container services.
2019-07-13 07:29:45,135 INFO  ozoneimpl.OzoneContainer (OzoneContainer.java:startContainerScrub(160)) - Background container scrubber has been disabled by hdds.containerscrub.enabled
2019-07-13 07:29:45,135 INFO  ratis.XceiverServerRatis (XceiverServerRatis.java:start(418)) - Starting XceiverServerRatis 95846af1-48a0-42db-928b-3dac479c6fa5 at port 0
2019-07-13 07:29:45,144 INFO  impl.RaftServerProxy (RaftServerProxy.java:lambda$start$3(299)) - 95846af1-48a0-42db-928b-3dac479c6fa5: start RPC server
2019-07-13 07:29:45,148 INFO  server.GrpcService (GrpcService.java:startImpl(149)) - 95846af1-48a0-42db-928b-3dac479c6fa5: GrpcService started, listening on 0.0.0.0/0.0.0.0:42094
2019-07-13 07:29:45,149 INFO  ratis.XceiverServerRatis (XceiverServerRatis.java:start(428)) - XceiverServerRatis 95846af1-48a0-42db-928b-3dac479c6fa5 is started using port 42094
2019-07-13 07:29:45,151 INFO  server.XceiverServerGrpc (XceiverServerGrpc.java:start(161)) - XceiverServerGrpc 95846af1-48a0-42db-928b-3dac479c6fa5 is started using port 38944
2019-07-13 07:29:45,401 INFO  ozoneimpl.OzoneContainer (OzoneContainer.java:start(186)) - Attempting to start container services.
2019-07-13 07:29:45,406 INFO  ozoneimpl.OzoneContainer (OzoneContainer.java:startContainerScrub(160)) - Background container scrubber has been disabled by hdds.containerscrub.enabled
2019-07-13 07:29:45,407 INFO  ratis.XceiverServerRatis (XceiverServerRatis.java:start(418)) - Starting XceiverServerRatis 6d791af3-858d-45e1-a270-6cc8d61491a9 at port 0
2019-07-13 07:29:45,415 INFO  impl.RaftServerProxy (RaftServerProxy.java:lambda$start$3(299)) - 6d791af3-858d-45e1-a270-6cc8d61491a9: start RPC server
2019-07-13 07:29:45,415 INFO  ozone.MiniOzoneClusterImpl (MiniOzoneClusterImpl.java:lambda$waitForClusterToBeReady$0(142)) - Waiting for cluster to be ready. Got 0 of 7 DN Heartbeats.
2019-07-13 07:29:45,418 INFO  server.GrpcService (GrpcService.java:startImpl(149)) - 6d791af3-858d-45e1-a270-6cc8d61491a9: GrpcService started, listening on 0.0.0.0/0.0.0.0:44936
2019-07-13 07:29:45,418 INFO  ratis.XceiverServerRatis (XceiverServerRatis.java:start(428)) - XceiverServerRatis 6d791af3-858d-45e1-a270-6cc8d61491a9 is started using port 44936
2019-07-13 07:29:45,421 INFO  server.XceiverServerGrpc (XceiverServerGrpc.java:start(161)) - XceiverServerGrpc 6d791af3-858d-45e1-a270-6cc8d61491a9 is started using port 39323
2019-07-13 07:29:45,662 INFO  ozoneimpl.OzoneContainer (OzoneContainer.java:start(186)) - Attempting to start container services.
2019-07-13 07:29:45,662 INFO  ozoneimpl.OzoneContainer (OzoneContainer.java:startContainerScrub(160)) - Background container scrubber has been disabled by hdds.containerscrub.enabled
2019-07-13 07:29:45,662 INFO  ratis.XceiverServerRatis (XceiverServerRatis.java:start(418)) - Starting XceiverServerRatis fb233e29-eb29-4b58-9f9f-9362acac1024 at port 0
2019-07-13 07:29:45,673 INFO  impl.RaftServerProxy (RaftServerProxy.java:lambda$start$3(299)) - fb233e29-eb29-4b58-9f9f-9362acac1024: start RPC server
2019-07-13 07:29:45,677 INFO  server.GrpcService (GrpcService.java:startImpl(149)) - fb233e29-eb29-4b58-9f9f-9362acac1024: GrpcService started, listening on 0.0.0.0/0.0.0.0:42684
2019-07-13 07:29:45,677 INFO  ratis.XceiverServerRatis (XceiverServerRatis.java:start(428)) - XceiverServerRatis fb233e29-eb29-4b58-9f9f-9362acac1024 is started using port 42684
2019-07-13 07:29:45,680 INFO  server.XceiverServerGrpc (XceiverServerGrpc.java:start(161)) - XceiverServerGrpc fb233e29-eb29-4b58-9f9f-9362acac1024 is started using port 38774
2019-07-13 07:29:45,904 INFO  ozoneimpl.OzoneContainer (OzoneContainer.java:start(186)) - Attempting to start container services.
2019-07-13 07:29:45,905 INFO  ozoneimpl.OzoneContainer (OzoneContainer.java:startContainerScrub(160)) - Background container scrubber has been disabled by hdds.containerscrub.enabled
2019-07-13 07:29:45,905 INFO  ratis.XceiverServerRatis (XceiverServerRatis.java:start(418)) - Starting XceiverServerRatis 65673497-0e17-48a1-b5b2-41721efc9fc5 at port 0
2019-07-13 07:29:45,915 INFO  impl.RaftServerProxy (RaftServerProxy.java:lambda$start$3(299)) - 65673497-0e17-48a1-b5b2-41721efc9fc5: start RPC server
2019-07-13 07:29:45,919 INFO  server.GrpcService (GrpcService.java:startImpl(149)) - 65673497-0e17-48a1-b5b2-41721efc9fc5: GrpcService started, listening on 0.0.0.0/0.0.0.0:45761
2019-07-13 07:29:45,919 INFO  ratis.XceiverServerRatis (XceiverServerRatis.java:start(428)) - XceiverServerRatis 65673497-0e17-48a1-b5b2-41721efc9fc5 is started using port 45761
2019-07-13 07:29:45,923 INFO  server.XceiverServerGrpc (XceiverServerGrpc.java:start(161)) - XceiverServerGrpc 65673497-0e17-48a1-b5b2-41721efc9fc5 is started using port 36078
2019-07-13 07:29:46,131 INFO  ozoneimpl.OzoneContainer (OzoneContainer.java:start(186)) - Attempting to start container services.
2019-07-13 07:29:46,132 INFO  ozoneimpl.OzoneContainer (OzoneContainer.java:startContainerScrub(160)) - Background container scrubber has been disabled by hdds.containerscrub.enabled
2019-07-13 07:29:46,132 INFO  ratis.XceiverServerRatis (XceiverServerRatis.java:start(418)) - Starting XceiverServerRatis 36c37c2c-d4a8-4ab0-a139-b83097af7aa6 at port 0
2019-07-13 07:29:46,141 INFO  impl.RaftServerProxy (RaftServerProxy.java:lambda$start$3(299)) - 36c37c2c-d4a8-4ab0-a139-b83097af7aa6: start RPC server
2019-07-13 07:29:46,146 INFO  server.GrpcService (GrpcService.java:startImpl(149)) - 36c37c2c-d4a8-4ab0-a139-b83097af7aa6: GrpcService started, listening on 0.0.0.0/0.0.0.0:35364
2019-07-13 07:29:46,146 INFO  ratis.XceiverServerRatis (XceiverServerRatis.java:start(428)) - XceiverServerRatis 36c37c2c-d4a8-4ab0-a139-b83097af7aa6 is started using port 35364
2019-07-13 07:29:46,150 INFO  server.XceiverServerGrpc (XceiverServerGrpc.java:start(161)) - XceiverServerGrpc 36c37c2c-d4a8-4ab0-a139-b83097af7aa6 is started using port 39639
2019-07-13 07:29:46,416 INFO  ozone.MiniOzoneClusterImpl (MiniOzoneClusterImpl.java:lambda$waitForClusterToBeReady$0(142)) - Waiting for cluster to be ready. Got 0 of 7 DN Heartbeats.
2019-07-13 07:29:46,427 INFO  ozoneimpl.OzoneContainer (OzoneContainer.java:start(186)) - Attempting to start container services.
2019-07-13 07:29:46,427 INFO  ozoneimpl.OzoneContainer (OzoneContainer.java:startContainerScrub(160)) - Background container scrubber has been disabled by hdds.containerscrub.enabled
2019-07-13 07:29:46,427 INFO  ratis.XceiverServerRatis (XceiverServerRatis.java:start(418)) - Starting XceiverServerRatis 2a65270f-ca9f-476c-bd95-098a2ebcf7cf at port 0
2019-07-13 07:29:46,435 INFO  impl.RaftServerProxy (RaftServerProxy.java:lambda$start$3(299)) - 2a65270f-ca9f-476c-bd95-098a2ebcf7cf: start RPC server
2019-07-13 07:29:46,440 INFO  server.GrpcService (GrpcService.java:startImpl(149)) - 2a65270f-ca9f-476c-bd95-098a2ebcf7cf: GrpcService started, listening on 0.0.0.0/0.0.0.0:33159
2019-07-13 07:29:46,440 INFO  ratis.XceiverServerRatis (XceiverServerRatis.java:start(428)) - XceiverServerRatis 2a65270f-ca9f-476c-bd95-098a2ebcf7cf is started using port 33159
2019-07-13 07:29:46,444 INFO  server.XceiverServerGrpc (XceiverServerGrpc.java:start(161)) - XceiverServerGrpc 2a65270f-ca9f-476c-bd95-098a2ebcf7cf is started using port 46206
2019-07-13 07:29:46,875 INFO  net.NetworkTopology (NetworkTopologyImpl.java:add(110)) - Added a new node: /default-rack/192.168.69.84
2019-07-13 07:29:46,877 INFO  node.SCMNodeManager (SCMNodeManager.java:register(269)) - Registered Data node : 421489f5-e73a-44dd-9dcb-3dbe44b16c83{ip: 192.168.69.84, host: trunk-nightly-9lh4p-2362225927, networkLocation: /default-rack, certSerialId: null}
2019-07-13 07:29:46,884 INFO  safemode.SCMSafeModeManager (DataNodeSafeModeRule.java:process(71)) - SCM in safe mode. 1 DataNodes registered, 1 required.
2019-07-13 07:29:46,884 INFO  safemode.SCMSafeModeManager (SCMSafeModeManager.java:validateSafeModeExitRules(177)) - ScmSafeModeManager, all rules are successfully validated
2019-07-13 07:29:46,884 INFO  safemode.SCMSafeModeManager (SCMSafeModeManager.java:exitSafeMode(193)) - SCM exiting safe mode.
2019-07-13 07:29:47,119 INFO  node.SCMNodeManager (SCMNodeManager.java:register(269)) - Registered Data node : 95846af1-48a0-42db-928b-3dac479c6fa5{ip: 192.168.69.84, host: trunk-nightly-9lh4p-2362225927, networkLocation: /default-rack, certSerialId: null}
2019-07-13 07:29:47,389 INFO  node.SCMNodeManager (SCMNodeManager.java:register(269)) - Registered Data node : 6d791af3-858d-45e1-a270-6cc8d61491a9{ip: 192.168.69.84, host: trunk-nightly-9lh4p-2362225927, networkLocation: /default-rack, certSerialId: null}
2019-07-13 07:29:47,416 INFO  ozone.MiniOzoneClusterImpl (MiniOzoneClusterImpl.java:lambda$waitForClusterToBeReady$0(142)) - Waiting for cluster to be ready. Got 3 of 7 DN Heartbeats.
2019-07-13 07:29:47,826 INFO  node.SCMNodeManager (SCMNodeManager.java:register(269)) - Registered Data node : fb233e29-eb29-4b58-9f9f-9362acac1024{ip: 192.168.69.84, host: trunk-nightly-9lh4p-2362225927, networkLocation: /default-rack, certSerialId: null}
2019-07-13 07:29:47,856 INFO  impl.RaftServerProxy (RaftServerProxy.java:addNew(89)) - 421489f5-e73a-44dd-9dcb-3dbe44b16c83: addNew group-8C3A827ACA02:[421489f5-e73a-44dd-9dcb-3dbe44b16c83:192.168.69.84:46222] returns group-8C3A827ACA02:java.util.concurrent.CompletableFuture@70fb5c80[Not completed]
2019-07-13 07:29:47,877 INFO  impl.RaftServerImpl (RaftServerImpl.java:<init>(93)) - 421489f5-e73a-44dd-9dcb-3dbe44b16c83: new RaftServerImpl for group-8C3A827ACA02:[421489f5-e73a-44dd-9dcb-3dbe44b16c83:192.168.69.84:46222] with ContainerStateMachine:uninitialized
2019-07-13 07:29:47,880 INFO  server.RaftServerConfigKeys (ConfUtils.java:logGet(43)) - raft.server.rpc.timeout.min = 5s (custom)
2019-07-13 07:29:47,881 INFO  server.RaftServerConfigKeys (ConfUtils.java:logGet(43)) - raft.server.rpc.timeout.max = 5200ms (custom)
2019-07-13 07:29:47,881 INFO  server.RaftServerConfigKeys (ConfUtils.java:logGet(43)) - raft.server.rpcslowness.timeout = 120s (custom)
2019-07-13 07:29:47,884 INFO  server.RaftServerConfigKeys (ConfUtils.java:logGet(43)) - raft.server.sleep.deviation.threshold = 300 (default)
2019-07-13 07:29:47,884 INFO  node.SCMNodeManager (SCMNodeManager.java:register(269)) - Registered Data node : 65673497-0e17-48a1-b5b2-41721efc9fc5{ip: 192.168.69.84, host: trunk-nightly-9lh4p-2362225927, networkLocation: /default-rack, certSerialId: null}
2019-07-13 07:29:47,885 INFO  server.RaftServerConfigKeys (ConfUtils.java:logGet(43)) - raft.server.log.appender.install.snapshot.enabled = false (custom)
2019-07-13 07:29:47,895 INFO  impl.RaftServerImpl (ServerState.java:<init>(105)) - 421489f5-e73a-44dd-9dcb-3dbe44b16c83:group-8C3A827ACA02 ConfigurationManager, init=-1: [421489f5-e73a-44dd-9dcb-3dbe44b16c83:192.168.69.84:46222], old=null, confs=<EMPTY_MAP>
2019-07-13 07:29:47,895 INFO  server.RaftServerConfigKeys (ConfUtils.java:logGet(43)) - raft.server.storage.dir = [/tmp/workdir/hadoop-ozone/integration-test/target/test-dir/MiniOzoneClusterImpl-a1dc88e9-0fc1-4510-915a-29af8445f733/datanode-0/data/ratis] (custom)
2019-07-13 07:29:47,902 INFO  storage.RaftStorageDirectory (RaftStorageDirectory.java:analyzeStorage(246)) - The storage directory /tmp/workdir/hadoop-ozone/integration-test/target/test-dir/MiniOzoneClusterImpl-a1dc88e9-0fc1-4510-915a-29af8445f733/datanode-0/data/ratis/6fbd7f6f-c94c-4f9b-9fe5-8c3a827aca02 does not exist. Creating ...
2019-07-13 07:29:47,920 INFO  storage.RaftStorageDirectory (RaftStorageDirectory.java:tryLock(328)) - Lock on /tmp/workdir/hadoop-ozone/integration-test/target/test-dir/MiniOzoneClusterImpl-a1dc88e9-0fc1-4510-915a-29af8445f733/datanode-0/data/ratis/6fbd7f6f-c94c-4f9b-9fe5-8c3a827aca02/in_use.lock acquired by nodename 29913@trunk-nightly-9lh4p-2362225927
2019-07-13 07:29:47,935 INFO  storage.RaftStorage (RaftStorage.java:format(72)) - Storage directory /tmp/workdir/hadoop-ozone/integration-test/target/test-dir/MiniOzoneClusterImpl-a1dc88e9-0fc1-4510-915a-29af8445f733/datanode-0/data/ratis/6fbd7f6f-c94c-4f9b-9fe5-8c3a827aca02 has been successfully formatted.
2019-07-13 07:29:47,937 INFO  ratis.ContainerStateMachine (ContainerStateMachine.java:loadSnapshot(200)) - The snapshot info is null.Setting the last applied index to:(t:0, i:~)
2019-07-13 07:29:47,937 INFO  server.RaftServerConfigKeys (ConfUtils.java:logGet(43)) - raft.server.leader.election.timeout = 120s (custom)
2019-07-13 07:29:47,939 INFO  server.RaftServerConfigKeys (ConfUtils.java:logGet(43)) - raft.server.log.use.memory = false (default)
2019-07-13 07:29:47,944 INFO  server.RaftServerConfigKeys (ConfUtils.java:logGet(43)) - raft.server.log.purge.gap = 1000000000 (custom)
2019-07-13 07:29:47,944 INFO  server.RaftServerConfigKeys (ConfUtils.java:logGet(43)) - raft.server.log.appender.buffer.byte-limit = 33554432 (custom)
2019-07-13 07:29:47,946 INFO  server.RaftServerConfigKeys (ConfUtils.java:logGet(43)) - raft.server.log.segment.size.max = 1048576 (custom)
2019-07-13 07:29:47,950 INFO  server.RaftServerConfigKeys (ConfUtils.java:logGet(43)) - raft.server.log.segment.cache.num.max = 2 (custom)
2019-07-13 07:29:47,955 INFO  segmented.SegmentedRaftLogWorker (SegmentedRaftLogWorker.java:<init>(172)) - new 421489f5-e73a-44dd-9dcb-3dbe44b16c83-SegmentedRaftLogWorker:Storage Directory /tmp/workdir/hadoop-ozone/integration-test/target/test-dir/MiniOzoneClusterImpl-a1dc88e9-0fc1-4510-915a-29af8445f733/datanode-0/data/ratis/6fbd7f6f-c94c-4f9b-9fe5-8c3a827aca02 for RaftStorage:Storage Directory /tmp/workdir/hadoop-ozone/integration-test/target/test-dir/MiniOzoneClusterImpl-a1dc88e9-0fc1-4510-915a-29af8445f733/datanode-0/data/ratis/6fbd7f6f-c94c-4f9b-9fe5-8c3a827aca02
2019-07-13 07:29:47,966 INFO  server.RaftServerConfigKeys (ConfUtils.java:logGet(43)) - raft.server.log.queue.byte-limit = 2147483647 (custom)
2019-07-13 07:29:47,966 INFO  server.RaftServerConfigKeys (ConfUtils.java:logGet(43)) - raft.server.log.queue.element-limit = 1024 (custom)
2019-07-13 07:29:47,971 INFO  server.RaftServerConfigKeys (ConfUtils.java:logGet(43)) - raft.server.log.segment.size.max = 1048576 (custom)
2019-07-13 07:29:47,971 INFO  server.RaftServerConfigKeys (ConfUtils.java:logGet(43)) - raft.server.log.preallocated.size = 16384 (custom)
2019-07-13 07:29:47,971 INFO  server.RaftServerConfigKeys (ConfUtils.java:logGet(43)) - raft.server.log.write.buffer.size = 33554432 (custom)
2019-07-13 07:29:47,972 INFO  server.RaftServerConfigKeys (ConfUtils.java:logGet(43)) - raft.server.log.force.sync.num = 128 (default)
2019-07-13 07:29:47,973 INFO  server.RaftServerConfigKeys (ConfUtils.java:logGet(43)) - raft.server.log.statemachine.data.sync = true (default)
2019-07-13 07:29:47,973 INFO  server.RaftServerConfigKeys (ConfUtils.java:logGet(43)) - raft.server.log.statemachine.data.sync.timeout = 10s (default)
2019-07-13 07:29:47,973 INFO  server.RaftServerConfigKeys (ConfUtils.java:logGet(43)) - raft.server.log.statemachine.data.sync.timeout.retry = -1 (default)
2019-07-13 07:29:47,981 INFO  server.RaftServerConfigKeys (ConfUtils.java:logGet(43)) - raft.server.log.statemachine.data.caching.enabled = true (custom)
2019-07-13 07:29:47,985 INFO  segmented.SegmentedRaftLogWorker (SegmentedRaftLogWorker.java:lambda$new$0(132)) - 421489f5-e73a-44dd-9dcb-3dbe44b16c83-SegmentedRaftLogWorker:Storage Directory /tmp/workdir/hadoop-ozone/integration-test/target/test-dir/MiniOzoneClusterImpl-a1dc88e9-0fc1-4510-915a-29af8445f733/datanode-0/data/ratis/6fbd7f6f-c94c-4f9b-9fe5-8c3a827aca02: flushIndex: setUnconditionally 0 -> -1
2019-07-13 07:29:47,989 INFO  server.RaftServerConfigKeys (ConfUtils.java:logGet(43)) - raft.server.snapshot.auto.trigger.enabled = true (custom)
2019-07-13 07:29:47,990 INFO  server.RaftServerConfigKeys (ConfUtils.java:logGet(43)) - raft.server.snapshot.auto.trigger.threshold = 10000 (custom)
2019-07-13 07:29:47,990 INFO  server.RaftServerConfigKeys (ConfUtils.java:logGet(43)) - raft.server.retrycache.expirytime = 600000ms (custom)
2019-07-13 07:29:48,016 INFO  impl.RaftServerImpl (RaftServerImpl.java:start(180)) - 421489f5-e73a-44dd-9dcb-3dbe44b16c83: start group-8C3A827ACA02
2019-07-13 07:29:48,017 INFO  impl.RaftServerImpl (RaftServerImpl.java:setRole(171)) - 421489f5-e73a-44dd-9dcb-3dbe44b16c83:group-8C3A827ACA02 changes role from null to FOLLOWER at term 0 for startAsFollower
2019-07-13 07:29:48,019 INFO  impl.RoleInfo (RoleInfo.java:updateAndGet(143)) - 421489f5-e73a-44dd-9dcb-3dbe44b16c83: start FollowerState
2019-07-13 07:29:48,022 INFO  util.JmxRegister (JmxRegister.java:tryRegister(44)) - Successfully registered JMX Bean with object name Ratis:service=RaftServer,group=group-8C3A827ACA02,id=421489f5-e73a-44dd-9dcb-3dbe44b16c83
2019-07-13 07:29:48,098 INFO  pipeline.PipelineStateManager (PipelineStateManager.java:addPipeline(56)) - Created pipeline Pipeline[ Id: 6fbd7f6f-c94c-4f9b-9fe5-8c3a827aca02, Nodes: 421489f5-e73a-44dd-9dcb-3dbe44b16c83{ip: 192.168.69.84, host: trunk-nightly-9lh4p-2362225927, networkLocation: /default-rack, certSerialId: null}, Type:RATIS, Factor:ONE, State:OPEN]
2019-07-13 07:29:48,118 INFO  node.SCMNodeManager (SCMNodeManager.java:register(269)) - Registered Data node : 36c37c2c-d4a8-4ab0-a139-b83097af7aa6{ip: 192.168.69.84, host: trunk-nightly-9lh4p-2362225927, networkLocation: /default-rack, certSerialId: null}
2019-07-13 07:29:48,126 INFO  impl.RaftServerProxy (RaftServerProxy.java:addNew(89)) - 95846af1-48a0-42db-928b-3dac479c6fa5: addNew group-B06AC297D880:[95846af1-48a0-42db-928b-3dac479c6fa5:192.168.69.84:42094] returns group-B06AC297D880:java.util.concurrent.CompletableFuture@3f4879b7[Not completed]
2019-07-13 07:29:48,168 INFO  impl.RaftServerImpl (RaftServerImpl.java:<init>(93)) - 95846af1-48a0-42db-928b-3dac479c6fa5: new RaftServerImpl for group-B06AC297D880:[95846af1-48a0-42db-928b-3dac479c6fa5:192.168.69.84:42094] with ContainerStateMachine:uninitialized
2019-07-13 07:29:48,169 INFO  server.RaftServerConfigKeys (ConfUtils.java:logGet(43)) - raft.server.rpc.timeout.min = 5s (custom)
2019-07-13 07:29:48,169 INFO  server.RaftServerConfigKeys (ConfUtils.java:logGet(43)) - raft.server.rpc.timeout.max = 5200ms (custom)
2019-07-13 07:29:48,169 INFO  server.RaftServerConfigKeys (ConfUtils.java:logGet(43)) - raft.server.rpcslowness.timeout = 120s (custom)
2019-07-13 07:29:48,170 INFO  server.RaftServerConfigKeys (ConfUtils.java:logGet(43)) - raft.server.sleep.deviation.threshold = 300 (default)
2019-07-13 07:29:48,170 INFO  server.RaftServerConfigKeys (ConfUtils.java:logGet(43)) - raft.server.log.appender.install.snapshot.enabled = false (custom)
2019-07-13 07:29:48,170 INFO  impl.RaftServerImpl (ServerState.java:<init>(105)) - 95846af1-48a0-42db-928b-3dac479c6fa5:group-B06AC297D880 ConfigurationManager, init=-1: [95846af1-48a0-42db-928b-3dac479c6fa5:192.168.69.84:42094], old=null, confs=<EMPTY_MAP>
2019-07-13 07:29:48,170 INFO  server.RaftServerConfigKeys (ConfUtils.java:logGet(43)) - raft.server.storage.dir = [/tmp/workdir/hadoop-ozone/integration-test/target/test-dir/MiniOzoneClusterImpl-a1dc88e9-0fc1-4510-915a-29af8445f733/datanode-1/data/ratis] (custom)
2019-07-13 07:29:48,171 INFO  storage.RaftStorageDirectory (RaftStorageDirectory.java:analyzeStorage(246)) - The storage directory /tmp/workdir/hadoop-ozone/integration-test/target/test-dir/MiniOzoneClusterImpl-a1dc88e9-0fc1-4510-915a-29af8445f733/datanode-1/data/ratis/ba4c2eca-b9a1-4189-bc0c-b06ac297d880 does not exist. Creating ...
2019-07-13 07:29:48,185 INFO  storage.RaftStorageDirectory (RaftStorageDirectory.java:tryLock(328)) - Lock on /tmp/workdir/hadoop-ozone/integration-test/target/test-dir/MiniOzoneClusterImpl-a1dc88e9-0fc1-4510-915a-29af8445f733/datanode-1/data/ratis/ba4c2eca-b9a1-4189-bc0c-b06ac297d880/in_use.lock acquired by nodename 29913@trunk-nightly-9lh4p-2362225927
2019-07-13 07:29:48,209 INFO  storage.RaftStorage (RaftStorage.java:format(72)) - Storage directory /tmp/workdir/hadoop-ozone/integration-test/target/test-dir/MiniOzoneClusterImpl-a1dc88e9-0fc1-4510-915a-29af8445f733/datanode-1/data/ratis/ba4c2eca-b9a1-4189-bc0c-b06ac297d880 has been successfully formatted.
2019-07-13 07:29:48,211 INFO  ratis.ContainerStateMachine (ContainerStateMachine.java:loadSnapshot(200)) - The snapshot info is null.Setting the last applied index to:(t:0, i:~)
2019-07-13 07:29:48,213 INFO  server.RaftServerConfigKeys (ConfUtils.java:logGet(43)) - raft.server.leader.election.timeout = 120s (custom)
2019-07-13 07:29:48,213 INFO  server.RaftServerConfigKeys (ConfUtils.java:logGet(43)) - raft.server.log.use.memory = false (default)
2019-07-13 07:29:48,213 INFO  server.RaftServerConfigKeys (ConfUtils.java:logGet(43)) - raft.server.log.purge.gap = 1000000000 (custom)
2019-07-13 07:29:48,213 INFO  server.RaftServerConfigKeys (ConfUtils.java:logGet(43)) - raft.server.log.appender.buffer.byte-limit = 33554432 (custom)
2019-07-13 07:29:48,214 INFO  server.RaftServerConfigKeys (ConfUtils.java:logGet(43)) - raft.server.log.segment.size.max = 1048576 (custom)
2019-07-13 07:29:48,214 INFO  server.RaftServerConfigKeys (ConfUtils.java:logGet(43)) - raft.server.log.segment.cache.num.max = 2 (custom)
2019-07-13 07:29:48,214 INFO  segmented.SegmentedRaftLogWorker (SegmentedRaftLogWorker.java:<init>(172)) - new 95846af1-48a0-42db-928b-3dac479c6fa5-SegmentedRaftLogWorker:Storage Directory /tmp/workdir/hadoop-ozone/integration-test/target/test-dir/MiniOzoneClusterImpl-a1dc88e9-0fc1-4510-915a-29af8445f733/datanode-1/data/ratis/ba4c2eca-b9a1-4189-bc0c-b06ac297d880 for RaftStorage:Storage Directory /tmp/workdir/hadoop-ozone/integration-test/target/test-dir/MiniOzoneClusterImpl-a1dc88e9-0fc1-4510-915a-29af8445f733/datanode-1/data/ratis/ba4c2eca-b9a1-4189-bc0c-b06ac297d880
2019-07-13 07:29:48,216 INFO  server.RaftServerConfigKeys (ConfUtils.java:logGet(43)) - raft.server.log.queue.byte-limit = 2147483647 (custom)
2019-07-13 07:29:48,216 INFO  server.RaftServerConfigKeys (ConfUtils.java:logGet(43)) - raft.server.log.queue.element-limit = 1024 (custom)
2019-07-13 07:29:48,216 INFO  server.RaftServerConfigKeys (ConfUtils.java:logGet(43)) - raft.server.log.segment.size.max = 1048576 (custom)
2019-07-13 07:29:48,216 INFO  server.RaftServerConfigKeys (ConfUtils.java:logGet(43)) - raft.server.log.preallocated.size = 16384 (custom)
2019-07-13 07:29:48,217 INFO  server.RaftServerConfigKeys (ConfUtils.java:logGet(43)) - raft.server.log.write.buffer.size = 33554432 (custom)
2019-07-13 07:29:48,217 INFO  server.RaftServerConfigKeys (ConfUtils.java:logGet(43)) - raft.server.log.force.sync.num = 128 (default)
2019-07-13 07:29:48,217 INFO  server.RaftServerConfigKeys (ConfUtils.java:logGet(43)) - raft.server.log.statemachine.data.sync = true (default)
2019-07-13 07:29:48,217 INFO  server.RaftServerConfigKeys (ConfUtils.java:logGet(43)) - raft.server.log.statemachine.data.sync.timeout = 10s (default)
2019-07-13 07:29:48,217 INFO  server.RaftServerConfigKeys (ConfUtils.java:logGet(43)) - raft.server.log.statemachine.data.sync.timeout.retry = -1 (default)
2019-07-13 07:29:48,218 INFO  server.RaftServerConfigKeys (ConfUtils.java:logGet(43)) - raft.server.log.statemachine.data.caching.enabled = true (custom)
2019-07-13 07:29:48,218 INFO  segmented.SegmentedRaftLogWorker (SegmentedRaftLogWorker.java:lambda$new$0(132)) - 95846af1-48a0-42db-928b-3dac479c6fa5-SegmentedRaftLogWorker:Storage Directory /tmp/workdir/hadoop-ozone/integration-test/target/test-dir/MiniOzoneClusterImpl-a1dc88e9-0fc1-4510-915a-29af8445f733/datanode-1/data/ratis/ba4c2eca-b9a1-4189-bc0c-b06ac297d880: flushIndex: setUnconditionally 0 -> -1
2019-07-13 07:29:48,218 INFO  server.RaftServerConfigKeys (ConfUtils.java:logGet(43)) - raft.server.snapshot.auto.trigger.enabled = true (custom)
2019-07-13 07:29:48,219 INFO  server.RaftServerConfigKeys (ConfUtils.java:logGet(43)) - raft.server.snapshot.auto.trigger.threshold = 10000 (custom)
2019-07-13 07:29:48,219 INFO  server.RaftServerConfigKeys (ConfUtils.java:logGet(43)) - raft.server.retrycache.expirytime = 600000ms (custom)
2019-07-13 07:29:48,219 INFO  impl.RaftServerImpl (RaftServerImpl.java:start(180)) - 95846af1-48a0-42db-928b-3dac479c6fa5: start group-B06AC297D880
2019-07-13 07:29:48,219 INFO  impl.RaftServerImpl (RaftServerImpl.java:setRole(171)) - 95846af1-48a0-42db-928b-3dac479c6fa5:group-B06AC297D880 changes role from null to FOLLOWER at term 0 for startAsFollower
2019-07-13 07:29:48,219 INFO  impl.RoleInfo (RoleInfo.java:updateAndGet(143)) - 95846af1-48a0-42db-928b-3dac479c6fa5: start FollowerState
2019-07-13 07:29:48,221 INFO  util.JmxRegister (JmxRegister.java:tryRegister(44)) - Successfully registered JMX Bean with object name Ratis:service=RaftServer,group=group-B06AC297D880,id=95846af1-48a0-42db-928b-3dac479c6fa5
2019-07-13 07:29:48,238 INFO  pipeline.PipelineStateManager (PipelineStateManager.java:addPipeline(56)) - Created pipeline Pipeline[ Id: ba4c2eca-b9a1-4189-bc0c-b06ac297d880, Nodes: 95846af1-48a0-42db-928b-3dac479c6fa5{ip: 192.168.69.84, host: trunk-nightly-9lh4p-2362225927, networkLocation: /default-rack, certSerialId: null}, Type:RATIS, Factor:ONE, State:OPEN]
2019-07-13 07:29:48,267 INFO  impl.RaftServerProxy (RaftServerProxy.java:addNew(89)) - 6d791af3-858d-45e1-a270-6cc8d61491a9: addNew group-7183243492AE:[6d791af3-858d-45e1-a270-6cc8d61491a9:192.168.69.84:44936] returns group-7183243492AE:java.util.concurrent.CompletableFuture@389d95d2[Not completed]
2019-07-13 07:29:48,277 INFO  impl.RaftServerImpl (RaftServerImpl.java:<init>(93)) - 6d791af3-858d-45e1-a270-6cc8d61491a9: new RaftServerImpl for group-7183243492AE:[6d791af3-858d-45e1-a270-6cc8d61491a9:192.168.69.84:44936] with ContainerStateMachine:uninitialized
2019-07-13 07:29:48,277 INFO  server.RaftServerConfigKeys (ConfUtils.java:logGet(43)) - raft.server.rpc.timeout.min = 5s (custom)
2019-07-13 07:29:48,278 INFO  server.RaftServerConfigKeys (ConfUtils.java:logGet(43)) - raft.server.rpc.timeout.max = 5200ms (custom)
2019-07-13 07:29:48,278 INFO  server.RaftServerConfigKeys (ConfUtils.java:logGet(43)) - raft.server.rpcslowness.timeout = 120s (custom)
2019-07-13 07:29:48,278 INFO  server.RaftServerConfigKeys (ConfUtils.java:logGet(43)) - raft.server.sleep.deviation.threshold = 300 (default)
2019-07-13 07:29:48,278 INFO  server.RaftServerConfigKeys (ConfUtils.java:logGet(43)) - raft.server.log.appender.install.snapshot.enabled = false (custom)
2019-07-13 07:29:48,278 INFO  impl.RaftServerImpl (ServerState.java:<init>(105)) - 6d791af3-858d-45e1-a270-6cc8d61491a9:group-7183243492AE ConfigurationManager, init=-1: [6d791af3-858d-45e1-a270-6cc8d61491a9:192.168.69.84:44936], old=null, confs=<EMPTY_MAP>
2019-07-13 07:29:48,279 INFO  server.RaftServerConfigKeys (ConfUtils.java:logGet(43)) - raft.server.storage.dir = [/tmp/workdir/hadoop-ozone/integration-test/target/test-dir/MiniOzoneClusterImpl-a1dc88e9-0fc1-4510-915a-29af8445f733/datanode-2/data/ratis] (custom)
2019-07-13 07:29:48,279 INFO  storage.RaftStorageDirectory (RaftStorageDirectory.java:analyzeStorage(246)) - The storage directory /tmp/workdir/hadoop-ozone/integration-test/target/test-dir/MiniOzoneClusterImpl-a1dc88e9-0fc1-4510-915a-29af8445f733/datanode-2/data/ratis/588f7b1d-100a-4906-b432-7183243492ae does not exist. Creating ...
2019-07-13 07:29:48,293 INFO  storage.RaftStorageDirectory (RaftStorageDirectory.java:tryLock(328)) - Lock on /tmp/workdir/hadoop-ozone/integration-test/target/test-dir/MiniOzoneClusterImpl-a1dc88e9-0fc1-4510-915a-29af8445f733/datanode-2/data/ratis/588f7b1d-100a-4906-b432-7183243492ae/in_use.lock acquired by nodename 29913@trunk-nightly-9lh4p-2362225927
2019-07-13 07:29:48,306 INFO  storage.RaftStorage (RaftStorage.java:format(72)) - Storage directory /tmp/workdir/hadoop-ozone/integration-test/target/test-dir/MiniOzoneClusterImpl-a1dc88e9-0fc1-4510-915a-29af8445f733/datanode-2/data/ratis/588f7b1d-100a-4906-b432-7183243492ae has been successfully formatted.
2019-07-13 07:29:48,306 INFO  ratis.ContainerStateMachine (ContainerStateMachine.java:loadSnapshot(200)) - The snapshot info is null.Setting the last applied index to:(t:0, i:~)
2019-07-13 07:29:48,306 INFO  server.RaftServerConfigKeys (ConfUtils.java:logGet(43)) - raft.server.leader.election.timeout = 120s (custom)
2019-07-13 07:29:48,306 INFO  server.RaftServerConfigKeys (ConfUtils.java:logGet(43)) - raft.server.log.use.memory = false (default)
2019-07-13 07:29:48,307 INFO  server.RaftServerConfigKeys (ConfUtils.java:logGet(43)) - raft.server.log.purge.gap = 1000000000 (custom)
2019-07-13 07:29:48,307 INFO  server.RaftServerConfigKeys (ConfUtils.java:logGet(43)) - raft.server.log.appender.buffer.byte-limit = 33554432 (custom)
2019-07-13 07:29:48,307 INFO  server.RaftServerConfigKeys (ConfUtils.java:logGet(43)) - raft.server.log.segment.size.max = 1048576 (custom)
2019-07-13 07:29:48,307 INFO  server.RaftServerConfigKeys (ConfUtils.java:logGet(43)) - raft.server.log.segment.cache.num.max = 2 (custom)
2019-07-13 07:29:48,307 INFO  segmented.SegmentedRaftLogWorker (SegmentedRaftLogWorker.java:<init>(172)) - new 6d791af3-858d-45e1-a270-6cc8d61491a9-SegmentedRaftLogWorker:Storage Directory /tmp/workdir/hadoop-ozone/integration-test/target/test-dir/MiniOzoneClusterImpl-a1dc88e9-0fc1-4510-915a-29af8445f733/datanode-2/data/ratis/588f7b1d-100a-4906-b432-7183243492ae for RaftStorage:Storage Directory /tmp/workdir/hadoop-ozone/integration-test/target/test-dir/MiniOzoneClusterImpl-a1dc88e9-0fc1-4510-915a-29af8445f733/datanode-2/data/ratis/588f7b1d-100a-4906-b432-7183243492ae
2019-07-13 07:29:48,307 INFO  server.RaftServerConfigKeys (ConfUtils.java:logGet(43)) - raft.server.log.queue.byte-limit = 2147483647 (custom)
2019-07-13 07:29:48,308 INFO  server.RaftServerConfigKeys (ConfUtils.java:logGet(43)) - raft.server.log.queue.element-limit = 1024 (custom)
2019-07-13 07:29:48,308 INFO  server.RaftServerConfigKeys (ConfUtils.java:logGet(43)) - raft.server.log.segment.size.max = 1048576 (custom)
2019-07-13 07:29:48,308 INFO  server.RaftServerConfigKeys (ConfUtils.java:logGet(43)) - raft.server.log.preallocated.size = 16384 (custom)
2019-07-13 07:29:48,308 INFO  server.RaftServerConfigKeys (ConfUtils.java:logGet(43)) - raft.server.log.write.buffer.size = 33554432 (custom)
2019-07-13 07:29:48,309 INFO  server.RaftServerConfigKeys (ConfUtils.java:logGet(43)) - raft.server.log.force.sync.num = 128 (default)
2019-07-13 07:29:48,309 INFO  server.RaftServerConfigKeys (ConfUtils.java:logGet(43)) - raft.server.log.statemachine.data.sync = true (default)
2019-07-13 07:29:48,309 INFO  server.RaftServerConfigKeys (ConfUtils.java:logGet(43)) - raft.server.log.statemachine.data.sync.timeout = 10s (default)
2019-07-13 07:29:48,309 INFO  server.RaftServerConfigKeys (ConfUtils.java:logGet(43)) - raft.server.log.statemachine.data.sync.timeout.retry = -1 (default)
2019-07-13 07:29:48,310 INFO  server.RaftServerConfigKeys (ConfUtils.java:logGet(43)) - raft.server.log.statemachine.data.caching.enabled = true (custom)
2019-07-13 07:29:48,310 INFO  segmented.SegmentedRaftLogWorker (SegmentedRaftLogWorker.java:lambda$new$0(132)) - 6d791af3-858d-45e1-a270-6cc8d61491a9-SegmentedRaftLogWorker:Storage Directory /tmp/workdir/hadoop-ozone/integration-test/target/test-dir/MiniOzoneClusterImpl-a1dc88e9-0fc1-4510-915a-29af8445f733/datanode-2/data/ratis/588f7b1d-100a-4906-b432-7183243492ae: flushIndex: setUnconditionally 0 -> -1
2019-07-13 07:29:48,311 INFO  server.RaftServerConfigKeys (ConfUtils.java:logGet(43)) - raft.server.snapshot.auto.trigger.enabled = true (custom)
2019-07-13 07:29:48,311 INFO  server.RaftServerConfigKeys (ConfUtils.java:logGet(43)) - raft.server.snapshot.auto.trigger.threshold = 10000 (custom)
2019-07-13 07:29:48,311 INFO  server.RaftServerConfigKeys (ConfUtils.java:logGet(43)) - raft.server.retrycache.expirytime = 600000ms (custom)
2019-07-13 07:29:48,311 INFO  impl.RaftServerImpl (RaftServerImpl.java:start(180)) - 6d791af3-858d-45e1-a270-6cc8d61491a9: start group-7183243492AE
2019-07-13 07:29:48,311 INFO  impl.RaftServerImpl (RaftServerImpl.java:setRole(171)) - 6d791af3-858d-45e1-a270-6cc8d61491a9:group-7183243492AE changes role from null to FOLLOWER at term 0 for startAsFollower
2019-07-13 07:29:48,311 INFO  impl.RoleInfo (RoleInfo.java:updateAndGet(143)) - 6d791af3-858d-45e1-a270-6cc8d61491a9: start FollowerState
2019-07-13 07:29:48,312 INFO  util.JmxRegister (JmxRegister.java:tryRegister(44)) - Successfully registered JMX Bean with object name Ratis:service=RaftServer,group=group-7183243492AE,id=6d791af3-858d-45e1-a270-6cc8d61491a9
2019-07-13 07:29:48,324 INFO  pipeline.PipelineStateManager (PipelineStateManager.java:addPipeline(56)) - Created pipeline Pipeline[ Id: 588f7b1d-100a-4906-b432-7183243492ae, Nodes: 6d791af3-858d-45e1-a270-6cc8d61491a9{ip: 192.168.69.84, host: trunk-nightly-9lh4p-2362225927, networkLocation: /default-rack, certSerialId: null}, Type:RATIS, Factor:ONE, State:OPEN]
2019-07-13 07:29:48,345 INFO  impl.RaftServerProxy (RaftServerProxy.java:addNew(89)) - 36c37c2c-d4a8-4ab0-a139-b83097af7aa6: addNew group-6C768A4EF2B8:[36c37c2c-d4a8-4ab0-a139-b83097af7aa6:192.168.69.84:35364] returns group-6C768A4EF2B8:java.util.concurrent.CompletableFuture@f6071ad[Not completed]
2019-07-13 07:29:48,346 INFO  impl.RaftServerImpl (RaftServerImpl.java:<init>(93)) - 36c37c2c-d4a8-4ab0-a139-b83097af7aa6: new RaftServerImpl for group-6C768A4EF2B8:[36c37c2c-d4a8-4ab0-a139-b83097af7aa6:192.168.69.84:35364] with ContainerStateMachine:uninitialized
2019-07-13 07:29:48,346 INFO  server.RaftServerConfigKeys (ConfUtils.java:logGet(43)) - raft.server.rpc.timeout.min = 5s (custom)
2019-07-13 07:29:48,346 INFO  server.RaftServerConfigKeys (ConfUtils.java:logGet(43)) - raft.server.rpc.timeout.max = 5200ms (custom)
2019-07-13 07:29:48,346 INFO  server.RaftServerConfigKeys (ConfUtils.java:logGet(43)) - raft.server.rpcslowness.timeout = 120s (custom)
2019-07-13 07:29:48,347 INFO  server.RaftServerConfigKeys (ConfUtils.java:logGet(43)) - raft.server.sleep.deviation.threshold = 300 (default)
2019-07-13 07:29:48,347 INFO  server.RaftServerConfigKeys (ConfUtils.java:logGet(43)) - raft.server.log.appender.install.snapshot.enabled = false (custom)
2019-07-13 07:29:48,347 INFO  impl.RaftServerImpl (ServerState.java:<init>(105)) - 36c37c2c-d4a8-4ab0-a139-b83097af7aa6:group-6C768A4EF2B8 ConfigurationManager, init=-1: [36c37c2c-d4a8-4ab0-a139-b83097af7aa6:192.168.69.84:35364], old=null, confs=<EMPTY_MAP>
2019-07-13 07:29:48,347 INFO  server.RaftServerConfigKeys (ConfUtils.java:logGet(43)) - raft.server.storage.dir = [/tmp/workdir/hadoop-ozone/integration-test/target/test-dir/MiniOzoneClusterImpl-a1dc88e9-0fc1-4510-915a-29af8445f733/datanode-5/data/ratis] (custom)
2019-07-13 07:29:48,348 INFO  storage.RaftStorageDirectory (RaftStorageDirectory.java:analyzeStorage(246)) - The storage directory /tmp/workdir/hadoop-ozone/integration-test/target/test-dir/MiniOzoneClusterImpl-a1dc88e9-0fc1-4510-915a-29af8445f733/datanode-5/data/ratis/94c61439-485b-4d45-9de2-6c768a4ef2b8 does not exist. Creating ...
2019-07-13 07:29:48,369 INFO  storage.RaftStorageDirectory (RaftStorageDirectory.java:tryLock(328)) - Lock on /tmp/workdir/hadoop-ozone/integration-test/target/test-dir/MiniOzoneClusterImpl-a1dc88e9-0fc1-4510-915a-29af8445f733/datanode-5/data/ratis/94c61439-485b-4d45-9de2-6c768a4ef2b8/in_use.lock acquired by nodename 29913@trunk-nightly-9lh4p-2362225927
2019-07-13 07:29:48,381 INFO  storage.RaftStorage (RaftStorage.java:format(72)) - Storage directory /tmp/workdir/hadoop-ozone/integration-test/target/test-dir/MiniOzoneClusterImpl-a1dc88e9-0fc1-4510-915a-29af8445f733/datanode-5/data/ratis/94c61439-485b-4d45-9de2-6c768a4ef2b8 has been successfully formatted.
2019-07-13 07:29:48,382 INFO  ratis.ContainerStateMachine (ContainerStateMachine.java:loadSnapshot(200)) - The snapshot info is null.Setting the last applied index to:(t:0, i:~)
2019-07-13 07:29:48,382 INFO  server.RaftServerConfigKeys (ConfUtils.java:logGet(43)) - raft.server.leader.election.timeout = 120s (custom)
2019-07-13 07:29:48,382 INFO  server.RaftServerConfigKeys (ConfUtils.java:logGet(43)) - raft.server.log.use.memory = false (default)
2019-07-13 07:29:48,383 INFO  server.RaftServerConfigKeys (ConfUtils.java:logGet(43)) - raft.server.log.purge.gap = 1000000000 (custom)
2019-07-13 07:29:48,383 INFO  server.RaftServerConfigKeys (ConfUtils.java:logGet(43)) - raft.server.log.appender.buffer.byte-limit = 33554432 (custom)
2019-07-13 07:29:48,383 INFO  server.RaftServerConfigKeys (ConfUtils.java:logGet(43)) - raft.server.log.segment.size.max = 1048576 (custom)
2019-07-13 07:29:48,383 INFO  server.RaftServerConfigKeys (ConfUtils.java:logGet(43)) - raft.server.log.segment.cache.num.max = 2 (custom)
2019-07-13 07:29:48,384 INFO  segmented.SegmentedRaftLogWorker (SegmentedRaftLogWorker.java:<init>(172)) - new 36c37c2c-d4a8-4ab0-a139-b83097af7aa6-SegmentedRaftLogWorker:Storage Directory /tmp/workdir/hadoop-ozone/integration-test/target/test-dir/MiniOzoneClusterImpl-a1dc88e9-0fc1-4510-915a-29af8445f733/datanode-5/data/ratis/94c61439-485b-4d45-9de2-6c768a4ef2b8 for RaftStorage:Storage Directory /tmp/workdir/hadoop-ozone/integration-test/target/test-dir/MiniOzoneClusterImpl-a1dc88e9-0fc1-4510-915a-29af8445f733/datanode-5/data/ratis/94c61439-485b-4d45-9de2-6c768a4ef2b8
2019-07-13 07:29:48,384 INFO  server.RaftServerConfigKeys (ConfUtils.java:logGet(43)) - raft.server.log.queue.byte-limit = 2147483647 (custom)
2019-07-13 07:29:48,384 INFO  server.RaftServerConfigKeys (ConfUtils.java:logGet(43)) - raft.server.log.queue.element-limit = 1024 (custom)
2019-07-13 07:29:48,384 INFO  server.RaftServerConfigKeys (ConfUtils.java:logGet(43)) - raft.server.log.segment.size.max = 1048576 (custom)
2019-07-13 07:29:48,385 INFO  server.RaftServerConfigKeys (ConfUtils.java:logGet(43)) - raft.server.log.preallocated.size = 16384 (custom)
2019-07-13 07:29:48,385 INFO  server.RaftServerConfigKeys (ConfUtils.java:logGet(43)) - raft.server.log.write.buffer.size = 33554432 (custom)
2019-07-13 07:29:48,385 INFO  server.RaftServerConfigKeys (ConfUtils.java:logGet(43)) - raft.server.log.force.sync.num = 128 (default)
2019-07-13 07:29:48,385 INFO  server.RaftServerConfigKeys (ConfUtils.java:logGet(43)) - raft.server.log.statemachine.data.sync = true (default)
2019-07-13 07:29:48,386 INFO  server.RaftServerConfigKeys (ConfUtils.java:logGet(43)) - raft.server.log.statemachine.data.sync.timeout = 10s (default)
2019-07-13 07:29:48,386 INFO  server.RaftServerConfigKeys (ConfUtils.java:logGet(43)) - raft.server.log.statemachine.data.sync.timeout.retry = -1 (default)
2019-07-13 07:29:48,386 INFO  server.RaftServerConfigKeys (ConfUtils.java:logGet(43)) - raft.server.log.statemachine.data.caching.enabled = true (custom)
2019-07-13 07:29:48,387 INFO  segmented.SegmentedRaftLogWorker (SegmentedRaftLogWorker.java:lambda$new$0(132)) - 36c37c2c-d4a8-4ab0-a139-b83097af7aa6-SegmentedRaftLogWorker:Storage Directory /tmp/workdir/hadoop-ozone/integration-test/target/test-dir/MiniOzoneClusterImpl-a1dc88e9-0fc1-4510-915a-29af8445f733/datanode-5/data/ratis/94c61439-485b-4d45-9de2-6c768a4ef2b8: flushIndex: setUnconditionally 0 -> -1
2019-07-13 07:29:48,387 INFO  server.RaftServerConfigKeys (ConfUtils.java:logGet(43)) - raft.server.snapshot.auto.trigger.enabled = true (custom)
2019-07-13 07:29:48,387 INFO  server.RaftServerConfigKeys (ConfUtils.java:logGet(43)) - raft.server.snapshot.auto.trigger.threshold = 10000 (custom)
2019-07-13 07:29:48,388 INFO  server.RaftServerConfigKeys (ConfUtils.java:logGet(43)) - raft.server.retrycache.expirytime = 600000ms (custom)
2019-07-13 07:29:48,388 INFO  impl.RaftServerImpl (RaftServerImpl.java:start(180)) - 36c37c2c-d4a8-4ab0-a139-b83097af7aa6: start group-6C768A4EF2B8
2019-07-13 07:29:48,388 INFO  impl.RaftServerImpl (RaftServerImpl.java:setRole(171)) - 36c37c2c-d4a8-4ab0-a139-b83097af7aa6:group-6C768A4EF2B8 changes role from null to FOLLOWER at term 0 for startAsFollower
2019-07-13 07:29:48,388 INFO  impl.RoleInfo (RoleInfo.java:updateAndGet(143)) - 36c37c2c-d4a8-4ab0-a139-b83097af7aa6: start FollowerState
2019-07-13 07:29:48,389 INFO  util.JmxRegister (JmxRegister.java:tryRegister(44)) - Successfully registered JMX Bean with object name Ratis:service=RaftServer,group=group-6C768A4EF2B8,id=36c37c2c-d4a8-4ab0-a139-b83097af7aa6
2019-07-13 07:29:48,406 INFO  pipeline.PipelineStateManager (PipelineStateManager.java:addPipeline(56)) - Created pipeline Pipeline[ Id: 94c61439-485b-4d45-9de2-6c768a4ef2b8, Nodes: 36c37c2c-d4a8-4ab0-a139-b83097af7aa6{ip: 192.168.69.84, host: trunk-nightly-9lh4p-2362225927, networkLocation: /default-rack, certSerialId: null}, Type:RATIS, Factor:ONE, State:OPEN]
2019-07-13 07:29:48,417 INFO  ozone.MiniOzoneClusterImpl (MiniOzoneClusterImpl.java:lambda$waitForClusterToBeReady$0(142)) - Waiting for cluster to be ready. Got 6 of 7 DN Heartbeats.
2019-07-13 07:29:48,426 INFO  node.SCMNodeManager (SCMNodeManager.java:register(269)) - Registered Data node : 2a65270f-ca9f-476c-bd95-098a2ebcf7cf{ip: 192.168.69.84, host: trunk-nightly-9lh4p-2362225927, networkLocation: /default-rack, certSerialId: null}
2019-07-13 07:29:48,435 INFO  impl.RaftServerProxy (RaftServerProxy.java:addNew(89)) - fb233e29-eb29-4b58-9f9f-9362acac1024: addNew group-8C0A76753B48:[fb233e29-eb29-4b58-9f9f-9362acac1024:192.168.69.84:42684] returns group-8C0A76753B48:java.util.concurrent.CompletableFuture@566121e5[Not completed]
2019-07-13 07:29:48,438 INFO  impl.RaftServerImpl (RaftServerImpl.java:<init>(93)) - fb233e29-eb29-4b58-9f9f-9362acac1024: new RaftServerImpl for group-8C0A76753B48:[fb233e29-eb29-4b58-9f9f-9362acac1024:192.168.69.84:42684] with ContainerStateMachine:uninitialized
2019-07-13 07:29:48,438 INFO  server.RaftServerConfigKeys (ConfUtils.java:logGet(43)) - raft.server.rpc.timeout.min = 5s (custom)
2019-07-13 07:29:48,438 INFO  server.RaftServerConfigKeys (ConfUtils.java:logGet(43)) - raft.server.rpc.timeout.max = 5200ms (custom)
2019-07-13 07:29:48,439 INFO  server.RaftServerConfigKeys (ConfUtils.java:logGet(43)) - raft.server.rpcslowness.timeout = 120s (custom)
2019-07-13 07:29:48,439 INFO  server.RaftServerConfigKeys (ConfUtils.java:logGet(43)) - raft.server.sleep.deviation.threshold = 300 (default)
2019-07-13 07:29:48,439 INFO  server.RaftServerConfigKeys (ConfUtils.java:logGet(43)) - raft.server.log.appender.install.snapshot.enabled = false (custom)
2019-07-13 07:29:48,439 INFO  impl.RaftServerImpl (ServerState.java:<init>(105)) - fb233e29-eb29-4b58-9f9f-9362acac1024:group-8C0A76753B48 ConfigurationManager, init=-1: [fb233e29-eb29-4b58-9f9f-9362acac1024:192.168.69.84:42684], old=null, confs=<EMPTY_MAP>
2019-07-13 07:29:48,440 INFO  server.RaftServerConfigKeys (ConfUtils.java:logGet(43)) - raft.server.storage.dir = [/tmp/workdir/hadoop-ozone/integration-test/target/test-dir/MiniOzoneClusterImpl-a1dc88e9-0fc1-4510-915a-29af8445f733/datanode-3/data/ratis] (custom)
2019-07-13 07:29:48,440 INFO  storage.RaftStorageDirectory (RaftStorageDirectory.java:analyzeStorage(246)) - The storage directory /tmp/workdir/hadoop-ozone/integration-test/target/test-dir/MiniOzoneClusterImpl-a1dc88e9-0fc1-4510-915a-29af8445f733/datanode-3/data/ratis/1deebacd-ef39-410d-874a-8c0a76753b48 does not exist. Creating ...
2019-07-13 07:29:48,454 INFO  storage.RaftStorageDirectory (RaftStorageDirectory.java:tryLock(328)) - Lock on /tmp/workdir/hadoop-ozone/integration-test/target/test-dir/MiniOzoneClusterImpl-a1dc88e9-0fc1-4510-915a-29af8445f733/datanode-3/data/ratis/1deebacd-ef39-410d-874a-8c0a76753b48/in_use.lock acquired by nodename 29913@trunk-nightly-9lh4p-2362225927
2019-07-13 07:29:48,472 INFO  storage.RaftStorage (RaftStorage.java:format(72)) - Storage directory /tmp/workdir/hadoop-ozone/integration-test/target/test-dir/MiniOzoneClusterImpl-a1dc88e9-0fc1-4510-915a-29af8445f733/datanode-3/data/ratis/1deebacd-ef39-410d-874a-8c0a76753b48 has been successfully formatted.
2019-07-13 07:29:48,472 INFO  ratis.ContainerStateMachine (ContainerStateMachine.java:loadSnapshot(200)) - The snapshot info is null.Setting the last applied index to:(t:0, i:~)
2019-07-13 07:29:48,472 INFO  server.RaftServerConfigKeys (ConfUtils.java:logGet(43)) - raft.server.leader.election.timeout = 120s (custom)
2019-07-13 07:29:48,472 INFO  server.RaftServerConfigKeys (ConfUtils.java:logGet(43)) - raft.server.log.use.memory = false (default)
2019-07-13 07:29:48,472 INFO  server.RaftServerConfigKeys (ConfUtils.java:logGet(43)) - raft.server.log.purge.gap = 1000000000 (custom)
2019-07-13 07:29:48,473 INFO  server.RaftServerConfigKeys (ConfUtils.java:logGet(43)) - raft.server.log.appender.buffer.byte-limit = 33554432 (custom)
2019-07-13 07:29:48,473 INFO  server.RaftServerConfigKeys (ConfUtils.java:logGet(43)) - raft.server.log.segment.size.max = 1048576 (custom)
2019-07-13 07:29:48,473 INFO  server.RaftServerConfigKeys (ConfUtils.java:logGet(43)) - raft.server.log.segment.cache.num.max = 2 (custom)
2019-07-13 07:29:48,473 INFO  segmented.SegmentedRaftLogWorker (SegmentedRaftLogWorker.java:<init>(172)) - new fb233e29-eb29-4b58-9f9f-9362acac1024-SegmentedRaftLogWorker:Storage Directory /tmp/workdir/hadoop-ozone/integration-test/target/test-dir/MiniOzoneClusterImpl-a1dc88e9-0fc1-4510-915a-29af8445f733/datanode-3/data/ratis/1deebacd-ef39-410d-874a-8c0a76753b48 for RaftStorage:Storage Directory /tmp/workdir/hadoop-ozone/integration-test/target/test-dir/MiniOzoneClusterImpl-a1dc88e9-0fc1-4510-915a-29af8445f733/datanode-3/data/ratis/1deebacd-ef39-410d-874a-8c0a76753b48
2019-07-13 07:29:48,473 INFO  server.RaftServerConfigKeys (ConfUtils.java:logGet(43)) - raft.server.log.queue.byte-limit = 2147483647 (custom)
2019-07-13 07:29:48,473 INFO  server.RaftServerConfigKeys (ConfUtils.java:logGet(43)) - raft.server.log.queue.element-limit = 1024 (custom)
2019-07-13 07:29:48,474 INFO  server.RaftServerConfigKeys (ConfUtils.java:logGet(43)) - raft.server.log.segment.size.max = 1048576 (custom)
2019-07-13 07:29:48,474 INFO  server.RaftServerConfigKeys (ConfUtils.java:logGet(43)) - raft.server.log.preallocated.size = 16384 (custom)
2019-07-13 07:29:48,474 INFO  server.RaftServerConfigKeys (ConfUtils.java:logGet(43)) - raft.server.log.write.buffer.size = 33554432 (custom)
2019-07-13 07:29:48,475 INFO  server.RaftServerConfigKeys (ConfUtils.java:logGet(43)) - raft.server.log.force.sync.num = 128 (default)
2019-07-13 07:29:48,475 INFO  server.RaftServerConfigKeys (ConfUtils.java:logGet(43)) - raft.server.log.statemachine.data.sync = true (default)
2019-07-13 07:29:48,475 INFO  server.RaftServerConfigKeys (ConfUtils.java:logGet(43)) - raft.server.log.statemachine.data.sync.timeout = 10s (default)
2019-07-13 07:29:48,475 INFO  server.RaftServerConfigKeys (ConfUtils.java:logGet(43)) - raft.server.log.statemachine.data.sync.timeout.retry = -1 (default)
2019-07-13 07:29:48,476 INFO  server.RaftServerConfigKeys (ConfUtils.java:logGet(43)) - raft.server.log.statemachine.data.caching.enabled = true (custom)
2019-07-13 07:29:48,476 INFO  segmented.SegmentedRaftLogWorker (SegmentedRaftLogWorker.java:lambda$new$0(132)) - fb233e29-eb29-4b58-9f9f-9362acac1024-SegmentedRaftLogWorker:Storage Directory /tmp/workdir/hadoop-ozone/integration-test/target/test-dir/MiniOzoneClusterImpl-a1dc88e9-0fc1-4510-915a-29af8445f733/datanode-3/data/ratis/1deebacd-ef39-410d-874a-8c0a76753b48: flushIndex: setUnconditionally 0 -> -1
2019-07-13 07:29:48,476 INFO  server.RaftServerConfigKeys (ConfUtils.java:logGet(43)) - raft.server.snapshot.auto.trigger.enabled = true (custom)
2019-07-13 07:29:48,476 INFO  server.RaftServerConfigKeys (ConfUtils.java:logGet(43)) - raft.server.snapshot.auto.trigger.threshold = 10000 (custom)
2019-07-13 07:29:48,477 INFO  server.RaftServerConfigKeys (ConfUtils.java:logGet(43)) - raft.server.retrycache.expirytime = 600000ms (custom)
2019-07-13 07:29:48,477 INFO  impl.RaftServerImpl (RaftServerImpl.java:start(180)) - fb233e29-eb29-4b58-9f9f-9362acac1024: start group-8C0A76753B48
2019-07-13 07:29:48,477 INFO  impl.RaftServerImpl (RaftServerImpl.java:setRole(171)) - fb233e29-eb29-4b58-9f9f-9362acac1024:group-8C0A76753B48 changes role from null to FOLLOWER at term 0 for startAsFollower
2019-07-13 07:29:48,477 INFO  impl.RoleInfo (RoleInfo.java:updateAndGet(143)) - fb233e29-eb29-4b58-9f9f-9362acac1024: start FollowerState
2019-07-13 07:29:48,478 INFO  util.JmxRegister (JmxRegister.java:tryRegister(44)) - Successfully registered JMX Bean with object name Ratis:service=RaftServer,group=group-8C0A76753B48,id=fb233e29-eb29-4b58-9f9f-9362acac1024
2019-07-13 07:29:48,492 INFO  pipeline.PipelineStateManager (PipelineStateManager.java:addPipeline(56)) - Created pipeline Pipeline[ Id: 1deebacd-ef39-410d-874a-8c0a76753b48, Nodes: fb233e29-eb29-4b58-9f9f-9362acac1024{ip: 192.168.69.84, host: trunk-nightly-9lh4p-2362225927, networkLocation: /default-rack, certSerialId: null}, Type:RATIS, Factor:ONE, State:OPEN]
2019-07-13 07:29:48,519 INFO  impl.RaftServerProxy (RaftServerProxy.java:addNew(89)) - 2a65270f-ca9f-476c-bd95-098a2ebcf7cf: addNew group-A149BEB1F5EC:[2a65270f-ca9f-476c-bd95-098a2ebcf7cf:192.168.69.84:33159] returns group-A149BEB1F5EC:java.util.concurrent.CompletableFuture@25e939e2[Not completed]
2019-07-13 07:29:48,521 INFO  impl.RaftServerImpl (RaftServerImpl.java:<init>(93)) - 2a65270f-ca9f-476c-bd95-098a2ebcf7cf: new RaftServerImpl for group-A149BEB1F5EC:[2a65270f-ca9f-476c-bd95-098a2ebcf7cf:192.168.69.84:33159] with ContainerStateMachine:uninitialized
2019-07-13 07:29:48,522 INFO  server.RaftServerConfigKeys (ConfUtils.java:logGet(43)) - raft.server.rpc.timeout.min = 5s (custom)
2019-07-13 07:29:48,522 INFO  server.RaftServerConfigKeys (ConfUtils.java:logGet(43)) - raft.server.rpc.timeout.max = 5200ms (custom)
2019-07-13 07:29:48,522 INFO  server.RaftServerConfigKeys (ConfUtils.java:logGet(43)) - raft.server.rpcslowness.timeout = 120s (custom)
2019-07-13 07:29:48,522 INFO  server.RaftServerConfigKeys (ConfUtils.java:logGet(43)) - raft.server.sleep.deviation.threshold = 300 (default)
2019-07-13 07:29:48,522 INFO  server.RaftServerConfigKeys (ConfUtils.java:logGet(43)) - raft.server.log.appender.install.snapshot.enabled = false (custom)
2019-07-13 07:29:48,522 INFO  impl.RaftServerImpl (ServerState.java:<init>(105)) - 2a65270f-ca9f-476c-bd95-098a2ebcf7cf:group-A149BEB1F5EC ConfigurationManager, init=-1: [2a65270f-ca9f-476c-bd95-098a2ebcf7cf:192.168.69.84:33159], old=null, confs=<EMPTY_MAP>
2019-07-13 07:29:48,523 INFO  server.RaftServerConfigKeys (ConfUtils.java:logGet(43)) - raft.server.storage.dir = [/tmp/workdir/hadoop-ozone/integration-test/target/test-dir/MiniOzoneClusterImpl-a1dc88e9-0fc1-4510-915a-29af8445f733/datanode-6/data/ratis] (custom)
2019-07-13 07:29:48,523 INFO  storage.RaftStorageDirectory (RaftStorageDirectory.java:analyzeStorage(246)) - The storage directory /tmp/workdir/hadoop-ozone/integration-test/target/test-dir/MiniOzoneClusterImpl-a1dc88e9-0fc1-4510-915a-29af8445f733/datanode-6/data/ratis/7abd8fa8-1605-41d3-9936-a149beb1f5ec does not exist. Creating ...
2019-07-13 07:29:48,537 INFO  storage.RaftStorageDirectory (RaftStorageDirectory.java:tryLock(328)) - Lock on /tmp/workdir/hadoop-ozone/integration-test/target/test-dir/MiniOzoneClusterImpl-a1dc88e9-0fc1-4510-915a-29af8445f733/datanode-6/data/ratis/7abd8fa8-1605-41d3-9936-a149beb1f5ec/in_use.lock acquired by nodename 29913@trunk-nightly-9lh4p-2362225927
2019-07-13 07:29:48,549 INFO  storage.RaftStorage (RaftStorage.java:format(72)) - Storage directory /tmp/workdir/hadoop-ozone/integration-test/target/test-dir/MiniOzoneClusterImpl-a1dc88e9-0fc1-4510-915a-29af8445f733/datanode-6/data/ratis/7abd8fa8-1605-41d3-9936-a149beb1f5ec has been successfully formatted.
2019-07-13 07:29:48,550 INFO  ratis.ContainerStateMachine (ContainerStateMachine.java:loadSnapshot(200)) - The snapshot info is null.Setting the last applied index to:(t:0, i:~)
2019-07-13 07:29:48,550 INFO  server.RaftServerConfigKeys (ConfUtils.java:logGet(43)) - raft.server.leader.election.timeout = 120s (custom)
2019-07-13 07:29:48,550 INFO  server.RaftServerConfigKeys (ConfUtils.java:logGet(43)) - raft.server.log.use.memory = false (default)
2019-07-13 07:29:48,550 INFO  server.RaftServerConfigKeys (ConfUtils.java:logGet(43)) - raft.server.log.purge.gap = 1000000000 (custom)
2019-07-13 07:29:48,550 INFO  server.RaftServerConfigKeys (ConfUtils.java:logGet(43)) - raft.server.log.appender.buffer.byte-limit = 33554432 (custom)
2019-07-13 07:29:48,551 INFO  server.RaftServerConfigKeys (ConfUtils.java:logGet(43)) - raft.server.log.segment.size.max = 1048576 (custom)
2019-07-13 07:29:48,551 INFO  server.RaftServerConfigKeys (ConfUtils.java:logGet(43)) - raft.server.log.segment.cache.num.max = 2 (custom)
2019-07-13 07:29:48,551 INFO  segmented.SegmentedRaftLogWorker (SegmentedRaftLogWorker.java:<init>(172)) - new 2a65270f-ca9f-476c-bd95-098a2ebcf7cf-SegmentedRaftLogWorker:Storage Directory /tmp/workdir/hadoop-ozone/integration-test/target/test-dir/MiniOzoneClusterImpl-a1dc88e9-0fc1-4510-915a-29af8445f733/datanode-6/data/ratis/7abd8fa8-1605-41d3-9936-a149beb1f5ec for RaftStorage:Storage Directory /tmp/workdir/hadoop-ozone/integration-test/target/test-dir/MiniOzoneClusterImpl-a1dc88e9-0fc1-4510-915a-29af8445f733/datanode-6/data/ratis/7abd8fa8-1605-41d3-9936-a149beb1f5ec
2019-07-13 07:29:48,551 INFO  server.RaftServerConfigKeys (ConfUtils.java:logGet(43)) - raft.server.log.queue.byte-limit = 2147483647 (custom)
2019-07-13 07:29:48,551 INFO  server.RaftServerConfigKeys (ConfUtils.java:logGet(43)) - raft.server.log.queue.element-limit = 1024 (custom)
2019-07-13 07:29:48,552 INFO  server.RaftServerConfigKeys (ConfUtils.java:logGet(43)) - raft.server.log.segment.size.max = 1048576 (custom)
2019-07-13 07:29:48,552 INFO  server.RaftServerConfigKeys (ConfUtils.java:logGet(43)) - raft.server.log.preallocated.size = 16384 (custom)
2019-07-13 07:29:48,552 INFO  server.RaftServerConfigKeys (ConfUtils.java:logGet(43)) - raft.server.log.write.buffer.size = 33554432 (custom)
2019-07-13 07:29:48,552 INFO  server.RaftServerConfigKeys (ConfUtils.java:logGet(43)) - raft.server.log.force.sync.num = 128 (default)
2019-07-13 07:29:48,552 INFO  server.RaftServerConfigKeys (ConfUtils.java:logGet(43)) - raft.server.log.statemachine.data.sync = true (default)
2019-07-13 07:29:48,552 INFO  server.RaftServerConfigKeys (ConfUtils.java:logGet(43)) - raft.server.log.statemachine.data.sync.timeout = 10s (default)
2019-07-13 07:29:48,553 INFO  server.RaftServerConfigKeys (ConfUtils.java:logGet(43)) - raft.server.log.statemachine.data.sync.timeout.retry = -1 (default)
2019-07-13 07:29:48,553 INFO  server.RaftServerConfigKeys (ConfUtils.java:logGet(43)) - raft.server.log.statemachine.data.caching.enabled = true (custom)
2019-07-13 07:29:48,553 INFO  segmented.SegmentedRaftLogWorker (SegmentedRaftLogWorker.java:lambda$new$0(132)) - 2a65270f-ca9f-476c-bd95-098a2ebcf7cf-SegmentedRaftLogWorker:Storage Directory /tmp/workdir/hadoop-ozone/integration-test/target/test-dir/MiniOzoneClusterImpl-a1dc88e9-0fc1-4510-915a-29af8445f733/datanode-6/data/ratis/7abd8fa8-1605-41d3-9936-a149beb1f5ec: flushIndex: setUnconditionally 0 -> -1
2019-07-13 07:29:48,554 INFO  server.RaftServerConfigKeys (ConfUtils.java:logGet(43)) - raft.server.snapshot.auto.trigger.enabled = true (custom)
2019-07-13 07:29:48,554 INFO  server.RaftServerConfigKeys (ConfUtils.java:logGet(43)) - raft.server.snapshot.auto.trigger.threshold = 10000 (custom)
2019-07-13 07:29:48,554 INFO  server.RaftServerConfigKeys (ConfUtils.java:logGet(43)) - raft.server.retrycache.expirytime = 600000ms (custom)
2019-07-13 07:29:48,555 INFO  impl.RaftServerImpl (RaftServerImpl.java:start(180)) - 2a65270f-ca9f-476c-bd95-098a2ebcf7cf: start group-A149BEB1F5EC
2019-07-13 07:29:48,555 INFO  impl.RaftServerImpl (RaftServerImpl.java:setRole(171)) - 2a65270f-ca9f-476c-bd95-098a2ebcf7cf:group-A149BEB1F5EC changes role from null to FOLLOWER at term 0 for startAsFollower
2019-07-13 07:29:48,555 INFO  impl.RoleInfo (RoleInfo.java:updateAndGet(143)) - 2a65270f-ca9f-476c-bd95-098a2ebcf7cf: start FollowerState
2019-07-13 07:29:48,555 INFO  util.JmxRegister (JmxRegister.java:tryRegister(44)) - Successfully registered JMX Bean with object name Ratis:service=RaftServer,group=group-A149BEB1F5EC,id=2a65270f-ca9f-476c-bd95-098a2ebcf7cf
2019-07-13 07:29:48,570 INFO  pipeline.PipelineStateManager (PipelineStateManager.java:addPipeline(56)) - Created pipeline Pipeline[ Id: 7abd8fa8-1605-41d3-9936-a149beb1f5ec, Nodes: 2a65270f-ca9f-476c-bd95-098a2ebcf7cf{ip: 192.168.69.84, host: trunk-nightly-9lh4p-2362225927, networkLocation: /default-rack, certSerialId: null}, Type:RATIS, Factor:ONE, State:OPEN]
2019-07-13 07:29:48,589 INFO  impl.RaftServerProxy (RaftServerProxy.java:addNew(89)) - 65673497-0e17-48a1-b5b2-41721efc9fc5: addNew group-2C8ECE64B847:[65673497-0e17-48a1-b5b2-41721efc9fc5:192.168.69.84:45761] returns group-2C8ECE64B847:java.util.concurrent.CompletableFuture@d0c2c49[Not completed]
2019-07-13 07:29:48,591 INFO  impl.RaftServerImpl (RaftServerImpl.java:<init>(93)) - 65673497-0e17-48a1-b5b2-41721efc9fc5: new RaftServerImpl for group-2C8ECE64B847:[65673497-0e17-48a1-b5b2-41721efc9fc5:192.168.69.84:45761] with ContainerStateMachine:uninitialized
2019-07-13 07:29:48,591 INFO  server.RaftServerConfigKeys (ConfUtils.java:logGet(43)) - raft.server.rpc.timeout.min = 5s (custom)
2019-07-13 07:29:48,591 INFO  server.RaftServerConfigKeys (ConfUtils.java:logGet(43)) - raft.server.rpc.timeout.max = 5200ms (custom)
2019-07-13 07:29:48,591 INFO  server.RaftServerConfigKeys (ConfUtils.java:logGet(43)) - raft.server.rpcslowness.timeout = 120s (custom)
2019-07-13 07:29:48,592 INFO  server.RaftServerConfigKeys (ConfUtils.java:logGet(43)) - raft.server.sleep.deviation.threshold = 300 (default)
2019-07-13 07:29:48,592 INFO  server.RaftServerConfigKeys (ConfUtils.java:logGet(43)) - raft.server.log.appender.install.snapshot.enabled = false (custom)
2019-07-13 07:29:48,592 INFO  impl.RaftServerImpl (ServerState.java:<init>(105)) - 65673497-0e17-48a1-b5b2-41721efc9fc5:group-2C8ECE64B847 ConfigurationManager, init=-1: [65673497-0e17-48a1-b5b2-41721efc9fc5:192.168.69.84:45761], old=null, confs=<EMPTY_MAP>
2019-07-13 07:29:48,592 INFO  server.RaftServerConfigKeys (ConfUtils.java:logGet(43)) - raft.server.storage.dir = [/tmp/workdir/hadoop-ozone/integration-test/target/test-dir/MiniOzoneClusterImpl-a1dc88e9-0fc1-4510-915a-29af8445f733/datanode-4/data/ratis] (custom)
2019-07-13 07:29:48,592 INFO  storage.RaftStorageDirectory (RaftStorageDirectory.java:analyzeStorage(246)) - The storage directory /tmp/workdir/hadoop-ozone/integration-test/target/test-dir/MiniOzoneClusterImpl-a1dc88e9-0fc1-4510-915a-29af8445f733/datanode-4/data/ratis/8335da15-db22-43db-8634-2c8ece64b847 does not exist. Creating ...
2019-07-13 07:29:48,618 INFO  storage.RaftStorageDirectory (RaftStorageDirectory.java:tryLock(328)) - Lock on /tmp/workdir/hadoop-ozone/integration-test/target/test-dir/MiniOzoneClusterImpl-a1dc88e9-0fc1-4510-915a-29af8445f733/datanode-4/data/ratis/8335da15-db22-43db-8634-2c8ece64b847/in_use.lock acquired by nodename 29913@trunk-nightly-9lh4p-2362225927
2019-07-13 07:29:48,631 INFO  storage.RaftStorage (RaftStorage.java:format(72)) - Storage directory /tmp/workdir/hadoop-ozone/integration-test/target/test-dir/MiniOzoneClusterImpl-a1dc88e9-0fc1-4510-915a-29af8445f733/datanode-4/data/ratis/8335da15-db22-43db-8634-2c8ece64b847 has been successfully formatted.
2019-07-13 07:29:48,631 INFO  ratis.ContainerStateMachine (ContainerStateMachine.java:loadSnapshot(200)) - The snapshot info is null.Setting the last applied index to:(t:0, i:~)
2019-07-13 07:29:48,631 INFO  server.RaftServerConfigKeys (ConfUtils.java:logGet(43)) - raft.server.leader.election.timeout = 120s (custom)
2019-07-13 07:29:48,631 INFO  server.RaftServerConfigKeys (ConfUtils.java:logGet(43)) - raft.server.log.use.memory = false (default)
2019-07-13 07:29:48,632 INFO  server.RaftServerConfigKeys (ConfUtils.java:logGet(43)) - raft.server.log.purge.gap = 1000000000 (custom)
2019-07-13 07:29:48,632 INFO  server.RaftServerConfigKeys (ConfUtils.java:logGet(43)) - raft.server.log.appender.buffer.byte-limit = 33554432 (custom)
2019-07-13 07:29:48,632 INFO  server.RaftServerConfigKeys (ConfUtils.java:logGet(43)) - raft.server.log.segment.size.max = 1048576 (custom)
2019-07-13 07:29:48,632 INFO  server.RaftServerConfigKeys (ConfUtils.java:logGet(43)) - raft.server.log.segment.cache.num.max = 2 (custom)
2019-07-13 07:29:48,632 INFO  segmented.SegmentedRaftLogWorker (SegmentedRaftLogWorker.java:<init>(172)) - new 65673497-0e17-48a1-b5b2-41721efc9fc5-SegmentedRaftLogWorker:Storage Directory /tmp/workdir/hadoop-ozone/integration-test/target/test-dir/MiniOzoneClusterImpl-a1dc88e9-0fc1-4510-915a-29af8445f733/datanode-4/data/ratis/8335da15-db22-43db-8634-2c8ece64b847 for RaftStorage:Storage Directory /tmp/workdir/hadoop-ozone/integration-test/target/test-dir/MiniOzoneClusterImpl-a1dc88e9-0fc1-4510-915a-29af8445f733/datanode-4/data/ratis/8335da15-db22-43db-8634-2c8ece64b847
2019-07-13 07:29:48,633 INFO  server.RaftServerConfigKeys (ConfUtils.java:logGet(43)) - raft.server.log.queue.byte-limit = 2147483647 (custom)
2019-07-13 07:29:48,633 INFO  server.RaftServerConfigKeys (ConfUtils.java:logGet(43)) - raft.server.log.queue.element-limit = 1024 (custom)
2019-07-13 07:29:48,633 INFO  server.RaftServerConfigKeys (ConfUtils.java:logGet(43)) - raft.server.log.segment.size.max = 1048576 (custom)
2019-07-13 07:29:48,633 INFO  server.RaftServerConfigKeys (ConfUtils.java:logGet(43)) - raft.server.log.preallocated.size = 16384 (custom)
2019-07-13 07:29:48,634 INFO  server.RaftServerConfigKeys (ConfUtils.java:logGet(43)) - raft.server.log.write.buffer.size = 33554432 (custom)
2019-07-13 07:29:48,634 INFO  server.RaftServerConfigKeys (ConfUtils.java:logGet(43)) - raft.server.log.force.sync.num = 128 (default)
2019-07-13 07:29:48,634 INFO  server.RaftServerConfigKeys (ConfUtils.java:logGet(43)) - raft.server.log.statemachine.data.sync = true (default)
2019-07-13 07:29:48,634 INFO  server.RaftServerConfigKeys (ConfUtils.java:logGet(43)) - raft.server.log.statemachine.data.sync.timeout = 10s (default)
2019-07-13 07:29:48,634 INFO  server.RaftServerConfigKeys (ConfUtils.java:logGet(43)) - raft.server.log.statemachine.data.sync.timeout.retry = -1 (default)
2019-07-13 07:29:48,635 INFO  server.RaftServerConfigKeys (ConfUtils.java:logGet(43)) - raft.server.log.statemachine.data.caching.enabled = true (custom)
2019-07-13 07:29:48,635 INFO  segmented.SegmentedRaftLogWorker (SegmentedRaftLogWorker.java:lambda$new$0(132)) - 65673497-0e17-48a1-b5b2-41721efc9fc5-SegmentedRaftLogWorker:Storage Directory /tmp/workdir/hadoop-ozone/integration-test/target/test-dir/MiniOzoneClusterImpl-a1dc88e9-0fc1-4510-915a-29af8445f733/datanode-4/data/ratis/8335da15-db22-43db-8634-2c8ece64b847: flushIndex: setUnconditionally 0 -> -1
2019-07-13 07:29:48,636 INFO  server.RaftServerConfigKeys (ConfUtils.java:logGet(43)) - raft.server.snapshot.auto.trigger.enabled = true (custom)
2019-07-13 07:29:48,636 INFO  server.RaftServerConfigKeys (ConfUtils.java:logGet(43)) - raft.server.snapshot.auto.trigger.threshold = 10000 (custom)
2019-07-13 07:29:48,636 INFO  server.RaftServerConfigKeys (ConfUtils.java:logGet(43)) - raft.server.retrycache.expirytime = 600000ms (custom)
2019-07-13 07:29:48,636 INFO  impl.RaftServerImpl (RaftServerImpl.java:start(180)) - 65673497-0e17-48a1-b5b2-41721efc9fc5: start group-2C8ECE64B847
2019-07-13 07:29:48,637 INFO  impl.RaftServerImpl (RaftServerImpl.java:setRole(171)) - 65673497-0e17-48a1-b5b2-41721efc9fc5:group-2C8ECE64B847 changes role from null to FOLLOWER at term 0 for startAsFollower
2019-07-13 07:29:48,637 INFO  impl.RoleInfo (RoleInfo.java:updateAndGet(143)) - 65673497-0e17-48a1-b5b2-41721efc9fc5: start FollowerState
2019-07-13 07:29:48,638 INFO  util.JmxRegister (JmxRegister.java:tryRegister(44)) - Successfully registered JMX Bean with object name Ratis:service=RaftServer,group=group-2C8ECE64B847,id=65673497-0e17-48a1-b5b2-41721efc9fc5
2019-07-13 07:29:48,660 INFO  pipeline.PipelineStateManager (PipelineStateManager.java:addPipeline(56)) - Created pipeline Pipeline[ Id: 8335da15-db22-43db-8634-2c8ece64b847, Nodes: 65673497-0e17-48a1-b5b2-41721efc9fc5{ip: 192.168.69.84, host: trunk-nightly-9lh4p-2362225927, networkLocation: /default-rack, certSerialId: null}, Type:RATIS, Factor:ONE, State:OPEN]
2019-07-13 07:29:48,703 INFO  impl.RaftServerProxy (RaftServerProxy.java:addNew(89)) - 421489f5-e73a-44dd-9dcb-3dbe44b16c83: addNew group-E129051EED46:[95846af1-48a0-42db-928b-3dac479c6fa5:192.168.69.84:42094, 421489f5-e73a-44dd-9dcb-3dbe44b16c83:192.168.69.84:46222, 6d791af3-858d-45e1-a270-6cc8d61491a9:192.168.69.84:44936] returns group-E129051EED46:java.util.concurrent.CompletableFuture@7d436723[Not completed]
2019-07-13 07:29:48,703 INFO  impl.RaftServerProxy (RaftServerProxy.java:addNew(89)) - 6d791af3-858d-45e1-a270-6cc8d61491a9: addNew group-E129051EED46:[95846af1-48a0-42db-928b-3dac479c6fa5:192.168.69.84:42094, 421489f5-e73a-44dd-9dcb-3dbe44b16c83:192.168.69.84:46222, 6d791af3-858d-45e1-a270-6cc8d61491a9:192.168.69.84:44936] returns group-E129051EED46:java.util.concurrent.CompletableFuture@63435f35[Not completed]
2019-07-13 07:29:48,704 INFO  impl.RaftServerProxy (RaftServerProxy.java:addNew(89)) - 95846af1-48a0-42db-928b-3dac479c6fa5: addNew group-E129051EED46:[95846af1-48a0-42db-928b-3dac479c6fa5:192.168.69.84:42094, 421489f5-e73a-44dd-9dcb-3dbe44b16c83:192.168.69.84:46222, 6d791af3-858d-45e1-a270-6cc8d61491a9:192.168.69.84:44936] returns group-E129051EED46:java.util.concurrent.CompletableFuture@3b9b6e88[Not completed]
2019-07-13 07:29:48,705 INFO  impl.RaftServerImpl (RaftServerImpl.java:<init>(93)) - 421489f5-e73a-44dd-9dcb-3dbe44b16c83: new RaftServerImpl for group-E129051EED46:[95846af1-48a0-42db-928b-3dac479c6fa5:192.168.69.84:42094, 421489f5-e73a-44dd-9dcb-3dbe44b16c83:192.168.69.84:46222, 6d791af3-858d-45e1-a270-6cc8d61491a9:192.168.69.84:44936] with ContainerStateMachine:uninitialized
2019-07-13 07:29:48,706 INFO  server.RaftServerConfigKeys (ConfUtils.java:logGet(43)) - raft.server.rpc.timeout.min = 5s (custom)
2019-07-13 07:29:48,706 INFO  server.RaftServerConfigKeys (ConfUtils.java:logGet(43)) - raft.server.rpc.timeout.max = 5200ms (custom)
2019-07-13 07:29:48,706 INFO  server.RaftServerConfigKeys (ConfUtils.java:logGet(43)) - raft.server.rpcslowness.timeout = 120s (custom)
2019-07-13 07:29:48,706 INFO  server.RaftServerConfigKeys (ConfUtils.java:logGet(43)) - raft.server.sleep.deviation.threshold = 300 (default)
2019-07-13 07:29:48,706 INFO  server.RaftServerConfigKeys (ConfUtils.java:logGet(43)) - raft.server.log.appender.install.snapshot.enabled = false (custom)
2019-07-13 07:29:48,707 INFO  impl.RaftServerImpl (ServerState.java:<init>(105)) - 421489f5-e73a-44dd-9dcb-3dbe44b16c83:group-E129051EED46 ConfigurationManager, init=-1: [95846af1-48a0-42db-928b-3dac479c6fa5:192.168.69.84:42094, 421489f5-e73a-44dd-9dcb-3dbe44b16c83:192.168.69.84:46222, 6d791af3-858d-45e1-a270-6cc8d61491a9:192.168.69.84:44936], old=null, confs=<EMPTY_MAP>
2019-07-13 07:29:48,707 INFO  server.RaftServerConfigKeys (ConfUtils.java:logGet(43)) - raft.server.storage.dir = [/tmp/workdir/hadoop-ozone/integration-test/target/test-dir/MiniOzoneClusterImpl-a1dc88e9-0fc1-4510-915a-29af8445f733/datanode-0/data/ratis] (custom)
2019-07-13 07:29:48,707 INFO  impl.RaftServerImpl (RaftServerImpl.java:<init>(93)) - 95846af1-48a0-42db-928b-3dac479c6fa5: new RaftServerImpl for group-E129051EED46:[95846af1-48a0-42db-928b-3dac479c6fa5:192.168.69.84:42094, 421489f5-e73a-44dd-9dcb-3dbe44b16c83:192.168.69.84:46222, 6d791af3-858d-45e1-a270-6cc8d61491a9:192.168.69.84:44936] with ContainerStateMachine:uninitialized
2019-07-13 07:29:48,707 INFO  storage.RaftStorageDirectory (RaftStorageDirectory.java:analyzeStorage(246)) - The storage directory /tmp/workdir/hadoop-ozone/integration-test/target/test-dir/MiniOzoneClusterImpl-a1dc88e9-0fc1-4510-915a-29af8445f733/datanode-0/data/ratis/c5c1eade-76ae-43cc-84c9-e129051eed46 does not exist. Creating ...
2019-07-13 07:29:48,708 INFO  server.RaftServerConfigKeys (ConfUtils.java:logGet(43)) - raft.server.rpc.timeout.min = 5s (custom)
2019-07-13 07:29:48,708 INFO  server.RaftServerConfigKeys (ConfUtils.java:logGet(43)) - raft.server.rpc.timeout.max = 5200ms (custom)
2019-07-13 07:29:48,708 INFO  impl.RaftServerImpl (RaftServerImpl.java:<init>(93)) - 6d791af3-858d-45e1-a270-6cc8d61491a9: new RaftServerImpl for group-E129051EED46:[95846af1-48a0-42db-928b-3dac479c6fa5:192.168.69.84:42094, 421489f5-e73a-44dd-9dcb-3dbe44b16c83:192.168.69.84:46222, 6d791af3-858d-45e1-a270-6cc8d61491a9:192.168.69.84:44936] with ContainerStateMachine:uninitialized
2019-07-13 07:29:48,708 INFO  server.RaftServerConfigKeys (ConfUtils.java:logGet(43)) - raft.server.rpcslowness.timeout = 120s (custom)
2019-07-13 07:29:48,708 INFO  server.RaftServerConfigKeys (ConfUtils.java:logGet(43)) - raft.server.rpc.timeout.min = 5s (custom)
2019-07-13 07:29:48,709 INFO  server.RaftServerConfigKeys (ConfUtils.java:logGet(43)) - raft.server.sleep.deviation.threshold = 300 (default)
2019-07-13 07:29:48,709 INFO  server.RaftServerConfigKeys (ConfUtils.java:logGet(43)) - raft.server.rpc.timeout.max = 5200ms (custom)
2019-07-13 07:29:48,709 INFO  server.RaftServerConfigKeys (ConfUtils.java:logGet(43)) - raft.server.log.appender.install.snapshot.enabled = false (custom)
2019-07-13 07:29:48,709 INFO  server.RaftServerConfigKeys (ConfUtils.java:logGet(43)) - raft.server.rpcslowness.timeout = 120s (custom)
2019-07-13 07:29:48,709 INFO  impl.RaftServerImpl (ServerState.java:<init>(105)) - 95846af1-48a0-42db-928b-3dac479c6fa5:group-E129051EED46 ConfigurationManager, init=-1: [95846af1-48a0-42db-928b-3dac479c6fa5:192.168.69.84:42094, 421489f5-e73a-44dd-9dcb-3dbe44b16c83:192.168.69.84:46222, 6d791af3-858d-45e1-a270-6cc8d61491a9:192.168.69.84:44936], old=null, confs=<EMPTY_MAP>
2019-07-13 07:29:48,710 INFO  server.RaftServerConfigKeys (ConfUtils.java:logGet(43)) - raft.server.sleep.deviation.threshold = 300 (default)
2019-07-13 07:29:48,710 INFO  server.RaftServerConfigKeys (ConfUtils.java:logGet(43)) - raft.server.log.appender.install.snapshot.enabled = false (custom)
2019-07-13 07:29:48,710 INFO  server.RaftServerConfigKeys (ConfUtils.java:logGet(43)) - raft.server.storage.dir = [/tmp/workdir/hadoop-ozone/integration-test/target/test-dir/MiniOzoneClusterImpl-a1dc88e9-0fc1-4510-915a-29af8445f733/datanode-1/data/ratis] (custom)
2019-07-13 07:29:48,710 INFO  impl.RaftServerImpl (ServerState.java:<init>(105)) - 6d791af3-858d-45e1-a270-6cc8d61491a9:group-E129051EED46 ConfigurationManager, init=-1: [95846af1-48a0-42db-928b-3dac479c6fa5:192.168.69.84:42094, 421489f5-e73a-44dd-9dcb-3dbe44b16c83:192.168.69.84:46222, 6d791af3-858d-45e1-a270-6cc8d61491a9:192.168.69.84:44936], old=null, confs=<EMPTY_MAP>
2019-07-13 07:29:48,711 INFO  server.RaftServerConfigKeys (ConfUtils.java:logGet(43)) - raft.server.storage.dir = [/tmp/workdir/hadoop-ozone/integration-test/target/test-dir/MiniOzoneClusterImpl-a1dc88e9-0fc1-4510-915a-29af8445f733/datanode-2/data/ratis] (custom)
2019-07-13 07:29:48,711 INFO  storage.RaftStorageDirectory (RaftStorageDirectory.java:analyzeStorage(246)) - The storage directory /tmp/workdir/hadoop-ozone/integration-test/target/test-dir/MiniOzoneClusterImpl-a1dc88e9-0fc1-4510-915a-29af8445f733/datanode-1/data/ratis/c5c1eade-76ae-43cc-84c9-e129051eed46 does not exist. Creating ...
2019-07-13 07:29:48,711 INFO  storage.RaftStorageDirectory (RaftStorageDirectory.java:analyzeStorage(246)) - The storage directory /tmp/workdir/hadoop-ozone/integration-test/target/test-dir/MiniOzoneClusterImpl-a1dc88e9-0fc1-4510-915a-29af8445f733/datanode-2/data/ratis/c5c1eade-76ae-43cc-84c9-e129051eed46 does not exist. Creating ...
2019-07-13 07:29:48,730 INFO  storage.RaftStorageDirectory (RaftStorageDirectory.java:tryLock(328)) - Lock on /tmp/workdir/hadoop-ozone/integration-test/target/test-dir/MiniOzoneClusterImpl-a1dc88e9-0fc1-4510-915a-29af8445f733/datanode-1/data/ratis/c5c1eade-76ae-43cc-84c9-e129051eed46/in_use.lock acquired by nodename 29913@trunk-nightly-9lh4p-2362225927
2019-07-13 07:29:48,730 INFO  storage.RaftStorageDirectory (RaftStorageDirectory.java:tryLock(328)) - Lock on /tmp/workdir/hadoop-ozone/integration-test/target/test-dir/MiniOzoneClusterImpl-a1dc88e9-0fc1-4510-915a-29af8445f733/datanode-2/data/ratis/c5c1eade-76ae-43cc-84c9-e129051eed46/in_use.lock acquired by nodename 29913@trunk-nightly-9lh4p-2362225927
2019-07-13 07:29:48,730 INFO  storage.RaftStorageDirectory (RaftStorageDirectory.java:tryLock(328)) - Lock on /tmp/workdir/hadoop-ozone/integration-test/target/test-dir/MiniOzoneClusterImpl-a1dc88e9-0fc1-4510-915a-29af8445f733/datanode-0/data/ratis/c5c1eade-76ae-43cc-84c9-e129051eed46/in_use.lock acquired by nodename 29913@trunk-nightly-9lh4p-2362225927
2019-07-13 07:29:48,745 INFO  storage.RaftStorage (RaftStorage.java:format(72)) - Storage directory /tmp/workdir/hadoop-ozone/integration-test/target/test-dir/MiniOzoneClusterImpl-a1dc88e9-0fc1-4510-915a-29af8445f733/datanode-2/data/ratis/c5c1eade-76ae-43cc-84c9-e129051eed46 has been successfully formatted.
2019-07-13 07:29:48,745 INFO  storage.RaftStorage (RaftStorage.java:format(72)) - Storage directory /tmp/workdir/hadoop-ozone/integration-test/target/test-dir/MiniOzoneClusterImpl-a1dc88e9-0fc1-4510-915a-29af8445f733/datanode-0/data/ratis/c5c1eade-76ae-43cc-84c9-e129051eed46 has been successfully formatted.
2019-07-13 07:29:48,745 INFO  storage.RaftStorage (RaftStorage.java:format(72)) - Storage directory /tmp/workdir/hadoop-ozone/integration-test/target/test-dir/MiniOzoneClusterImpl-a1dc88e9-0fc1-4510-915a-29af8445f733/datanode-1/data/ratis/c5c1eade-76ae-43cc-84c9-e129051eed46 has been successfully formatted.
2019-07-13 07:29:48,745 INFO  ratis.ContainerStateMachine (ContainerStateMachine.java:loadSnapshot(200)) - The snapshot info is null.Setting the last applied index to:(t:0, i:~)
2019-07-13 07:29:48,745 INFO  ratis.ContainerStateMachine (ContainerStateMachine.java:loadSnapshot(200)) - The snapshot info is null.Setting the last applied index to:(t:0, i:~)
2019-07-13 07:29:48,745 INFO  server.RaftServerConfigKeys (ConfUtils.java:logGet(43)) - raft.server.leader.election.timeout = 120s (custom)
2019-07-13 07:29:48,745 INFO  ratis.ContainerStateMachine (ContainerStateMachine.java:loadSnapshot(200)) - The snapshot info is null.Setting the last applied index to:(t:0, i:~)
2019-07-13 07:29:48,746 INFO  server.RaftServerConfigKeys (ConfUtils.java:logGet(43)) - raft.server.log.use.memory = false (default)
2019-07-13 07:29:48,746 INFO  server.RaftServerConfigKeys (ConfUtils.java:logGet(43)) - raft.server.leader.election.timeout = 120s (custom)
2019-07-13 07:29:48,746 INFO  server.RaftServerConfigKeys (ConfUtils.java:logGet(43)) - raft.server.log.purge.gap = 1000000000 (custom)
2019-07-13 07:29:48,746 INFO  server.RaftServerConfigKeys (ConfUtils.java:logGet(43)) - raft.server.leader.election.timeout = 120s (custom)
2019-07-13 07:29:48,746 INFO  server.RaftServerConfigKeys (ConfUtils.java:logGet(43)) - raft.server.log.appender.buffer.byte-limit = 33554432 (custom)
2019-07-13 07:29:48,746 INFO  server.RaftServerConfigKeys (ConfUtils.java:logGet(43)) - raft.server.log.use.memory = false (default)
2019-07-13 07:29:48,747 INFO  server.RaftServerConfigKeys (ConfUtils.java:logGet(43)) - raft.server.log.segment.size.max = 1048576 (custom)
2019-07-13 07:29:48,747 INFO  server.RaftServerConfigKeys (ConfUtils.java:logGet(43)) - raft.server.log.use.memory = false (default)
2019-07-13 07:29:48,747 INFO  server.RaftServerConfigKeys (ConfUtils.java:logGet(43)) - raft.server.log.segment.cache.num.max = 2 (custom)
2019-07-13 07:29:48,747 INFO  server.RaftServerConfigKeys (ConfUtils.java:logGet(43)) - raft.server.log.purge.gap = 1000000000 (custom)
2019-07-13 07:29:48,747 INFO  segmented.SegmentedRaftLogWorker (SegmentedRaftLogWorker.java:<init>(172)) - new 6d791af3-858d-45e1-a270-6cc8d61491a9-SegmentedRaftLogWorker:Storage Directory /tmp/workdir/hadoop-ozone/integration-test/target/test-dir/MiniOzoneClusterImpl-a1dc88e9-0fc1-4510-915a-29af8445f733/datanode-2/data/ratis/c5c1eade-76ae-43cc-84c9-e129051eed46 for RaftStorage:Storage Directory /tmp/workdir/hadoop-ozone/integration-test/target/test-dir/MiniOzoneClusterImpl-a1dc88e9-0fc1-4510-915a-29af8445f733/datanode-2/data/ratis/c5c1eade-76ae-43cc-84c9-e129051eed46
2019-07-13 07:29:48,747 INFO  server.RaftServerConfigKeys (ConfUtils.java:logGet(43)) - raft.server.log.purge.gap = 1000000000 (custom)
2019-07-13 07:29:48,748 INFO  server.RaftServerConfigKeys (ConfUtils.java:logGet(43)) - raft.server.log.queue.byte-limit = 2147483647 (custom)
2019-07-13 07:29:48,748 INFO  server.RaftServerConfigKeys (ConfUtils.java:logGet(43)) - raft.server.log.appender.buffer.byte-limit = 33554432 (custom)
2019-07-13 07:29:48,750 INFO  server.RaftServerConfigKeys (ConfUtils.java:logGet(43)) - raft.server.log.queue.element-limit = 1024 (custom)
2019-07-13 07:29:48,748 INFO  server.RaftServerConfigKeys (ConfUtils.java:logGet(43)) - raft.server.log.appender.buffer.byte-limit = 33554432 (custom)
2019-07-13 07:29:48,750 INFO  server.RaftServerConfigKeys (ConfUtils.java:logGet(43)) - raft.server.log.segment.size.max = 1048576 (custom)
2019-07-13 07:29:48,750 INFO  server.RaftServerConfigKeys (ConfUtils.java:logGet(43)) - raft.server.log.segment.size.max = 1048576 (custom)
2019-07-13 07:29:48,751 INFO  server.RaftServerConfigKeys (ConfUtils.java:logGet(43)) - raft.server.log.preallocated.size = 16384 (custom)
2019-07-13 07:29:48,751 INFO  server.RaftServerConfigKeys (ConfUtils.java:logGet(43)) - raft.server.log.write.buffer.size = 33554432 (custom)
2019-07-13 07:29:48,751 INFO  server.RaftServerConfigKeys (ConfUtils.java:logGet(43)) - raft.server.log.segment.size.max = 1048576 (custom)
2019-07-13 07:29:48,751 INFO  server.RaftServerConfigKeys (ConfUtils.java:logGet(43)) - raft.server.log.force.sync.num = 128 (default)
2019-07-13 07:29:48,751 INFO  server.RaftServerConfigKeys (ConfUtils.java:logGet(43)) - raft.server.log.segment.cache.num.max = 2 (custom)
2019-07-13 07:29:48,752 INFO  server.RaftServerConfigKeys (ConfUtils.java:logGet(43)) - raft.server.log.statemachine.data.sync = true (default)
2019-07-13 07:29:48,752 INFO  server.RaftServerConfigKeys (ConfUtils.java:logGet(43)) - raft.server.log.segment.cache.num.max = 2 (custom)
2019-07-13 07:29:48,752 INFO  server.RaftServerConfigKeys (ConfUtils.java:logGet(43)) - raft.server.log.statemachine.data.sync.timeout = 10s (default)
2019-07-13 07:29:48,752 INFO  segmented.SegmentedRaftLogWorker (SegmentedRaftLogWorker.java:<init>(172)) - new 421489f5-e73a-44dd-9dcb-3dbe44b16c83-SegmentedRaftLogWorker:Storage Directory /tmp/workdir/hadoop-ozone/integration-test/target/test-dir/MiniOzoneClusterImpl-a1dc88e9-0fc1-4510-915a-29af8445f733/datanode-0/data/ratis/c5c1eade-76ae-43cc-84c9-e129051eed46 for RaftStorage:Storage Directory /tmp/workdir/hadoop-ozone/integration-test/target/test-dir/MiniOzoneClusterImpl-a1dc88e9-0fc1-4510-915a-29af8445f733/datanode-0/data/ratis/c5c1eade-76ae-43cc-84c9-e129051eed46
2019-07-13 07:29:48,752 INFO  server.RaftServerConfigKeys (ConfUtils.java:logGet(43)) - raft.server.log.statemachine.data.sync.timeout.retry = -1 (default)
2019-07-13 07:29:48,752 INFO  segmented.SegmentedRaftLogWorker (SegmentedRaftLogWorker.java:<init>(172)) - new 95846af1-48a0-42db-928b-3dac479c6fa5-SegmentedRaftLogWorker:Storage Directory /tmp/workdir/hadoop-ozone/integration-test/target/test-dir/MiniOzoneClusterImpl-a1dc88e9-0fc1-4510-915a-29af8445f733/datanode-1/data/ratis/c5c1eade-76ae-43cc-84c9-e129051eed46 for RaftStorage:Storage Directory /tmp/workdir/hadoop-ozone/integration-test/target/test-dir/MiniOzoneClusterImpl-a1dc88e9-0fc1-4510-915a-29af8445f733/datanode-1/data/ratis/c5c1eade-76ae-43cc-84c9-e129051eed46
2019-07-13 07:29:48,755 INFO  server.RaftServerConfigKeys (ConfUtils.java:logGet(43)) - raft.server.log.statemachine.data.caching.enabled = true (custom)
2019-07-13 07:29:48,755 INFO  server.RaftServerConfigKeys (ConfUtils.java:logGet(43)) - raft.server.log.queue.byte-limit = 2147483647 (custom)
2019-07-13 07:29:48,753 INFO  server.RaftServerConfigKeys (ConfUtils.java:logGet(43)) - raft.server.log.queue.byte-limit = 2147483647 (custom)
2019-07-13 07:29:48,757 INFO  server.RaftServerConfigKeys (ConfUtils.java:logGet(43)) - raft.server.log.queue.element-limit = 1024 (custom)
2019-07-13 07:29:48,757 INFO  segmented.SegmentedRaftLogWorker (SegmentedRaftLogWorker.java:lambda$new$0(132)) - 6d791af3-858d-45e1-a270-6cc8d61491a9-SegmentedRaftLogWorker:Storage Directory /tmp/workdir/hadoop-ozone/integration-test/target/test-dir/MiniOzoneClusterImpl-a1dc88e9-0fc1-4510-915a-29af8445f733/datanode-2/data/ratis/c5c1eade-76ae-43cc-84c9-e129051eed46: flushIndex: setUnconditionally 0 -> -1
2019-07-13 07:29:48,758 INFO  server.RaftServerConfigKeys (ConfUtils.java:logGet(43)) - raft.server.log.segment.size.max = 1048576 (custom)
2019-07-13 07:29:48,757 INFO  server.RaftServerConfigKeys (ConfUtils.java:logGet(43)) - raft.server.log.queue.element-limit = 1024 (custom)
2019-07-13 07:29:48,758 INFO  server.RaftServerConfigKeys (ConfUtils.java:logGet(43)) - raft.server.log.preallocated.size = 16384 (custom)
2019-07-13 07:29:48,758 INFO  server.RaftServerConfigKeys (ConfUtils.java:logGet(43)) - raft.server.snapshot.auto.trigger.enabled = true (custom)
2019-07-13 07:29:48,758 INFO  server.RaftServerConfigKeys (ConfUtils.java:logGet(43)) - raft.server.log.write.buffer.size = 33554432 (custom)
2019-07-13 07:29:48,759 INFO  server.RaftServerConfigKeys (ConfUtils.java:logGet(43)) - raft.server.log.force.sync.num = 128 (default)
2019-07-13 07:29:48,758 INFO  server.RaftServerConfigKeys (ConfUtils.java:logGet(43)) - raft.server.log.segment.size.max = 1048576 (custom)
2019-07-13 07:29:48,759 INFO  server.RaftServerConfigKeys (ConfUtils.java:logGet(43)) - raft.server.log.statemachine.data.sync = true (default)
2019-07-13 07:29:48,758 INFO  server.RaftServerConfigKeys (ConfUtils.java:logGet(43)) - raft.server.snapshot.auto.trigger.threshold = 10000 (custom)
2019-07-13 07:29:48,759 INFO  server.RaftServerConfigKeys (ConfUtils.java:logGet(43)) - raft.server.log.statemachine.data.sync.timeout = 10s (default)
2019-07-13 07:29:48,759 INFO  server.RaftServerConfigKeys (ConfUtils.java:logGet(43)) - raft.server.log.preallocated.size = 16384 (custom)
2019-07-13 07:29:48,760 INFO  server.RaftServerConfigKeys (ConfUtils.java:logGet(43)) - raft.server.log.statemachine.data.sync.timeout.retry = -1 (default)
2019-07-13 07:29:48,760 INFO  server.RaftServerConfigKeys (ConfUtils.java:logGet(43)) - raft.server.retrycache.expirytime = 600000ms (custom)
2019-07-13 07:29:48,760 INFO  server.RaftServerConfigKeys (ConfUtils.java:logGet(43)) - raft.server.log.statemachine.data.caching.enabled = true (custom)
2019-07-13 07:29:48,760 INFO  impl.RaftServerImpl (RaftServerImpl.java:start(180)) - 6d791af3-858d-45e1-a270-6cc8d61491a9: start group-E129051EED46
2019-07-13 07:29:48,760 INFO  server.RaftServerConfigKeys (ConfUtils.java:logGet(43)) - raft.server.log.write.buffer.size = 33554432 (custom)
2019-07-13 07:29:48,761 INFO  segmented.SegmentedRaftLogWorker (SegmentedRaftLogWorker.java:lambda$new$0(132)) - 95846af1-48a0-42db-928b-3dac479c6fa5-SegmentedRaftLogWorker:Storage Directory /tmp/workdir/hadoop-ozone/integration-test/target/test-dir/MiniOzoneClusterImpl-a1dc88e9-0fc1-4510-915a-29af8445f733/datanode-1/data/ratis/c5c1eade-76ae-43cc-84c9-e129051eed46: flushIndex: setUnconditionally 0 -> -1
2019-07-13 07:29:48,761 INFO  impl.RaftServerImpl (RaftServerImpl.java:setRole(171)) - 6d791af3-858d-45e1-a270-6cc8d61491a9:group-E129051EED46 changes role from null to FOLLOWER at term 0 for startAsFollower
2019-07-13 07:29:48,761 INFO  server.RaftServerConfigKeys (ConfUtils.java:logGet(43)) - raft.server.log.force.sync.num = 128 (default)
2019-07-13 07:29:48,761 INFO  impl.RoleInfo (RoleInfo.java:updateAndGet(143)) - 6d791af3-858d-45e1-a270-6cc8d61491a9: start FollowerState
2019-07-13 07:29:48,761 INFO  server.RaftServerConfigKeys (ConfUtils.java:logGet(43)) - raft.server.snapshot.auto.trigger.enabled = true (custom)
2019-07-13 07:29:48,761 INFO  server.RaftServerConfigKeys (ConfUtils.java:logGet(43)) - raft.server.log.statemachine.data.sync = true (default)
2019-07-13 07:29:48,762 INFO  server.RaftServerConfigKeys (ConfUtils.java:logGet(43)) - raft.server.snapshot.auto.trigger.threshold = 10000 (custom)
2019-07-13 07:29:48,762 INFO  server.RaftServerConfigKeys (ConfUtils.java:logGet(43)) - raft.server.log.statemachine.data.sync.timeout = 10s (default)
2019-07-13 07:29:48,762 INFO  util.JmxRegister (JmxRegister.java:tryRegister(44)) - Successfully registered JMX Bean with object name Ratis:service=RaftServer,group=group-E129051EED46,id=6d791af3-858d-45e1-a270-6cc8d61491a9
2019-07-13 07:29:48,762 INFO  server.RaftServerConfigKeys (ConfUtils.java:logGet(43)) - raft.server.log.statemachine.data.sync.timeout.retry = -1 (default)
2019-07-13 07:29:48,762 INFO  server.RaftServerConfigKeys (ConfUtils.java:logGet(43)) - raft.server.retrycache.expirytime = 600000ms (custom)
2019-07-13 07:29:48,763 INFO  server.RaftServerConfigKeys (ConfUtils.java:logGet(43)) - raft.server.log.statemachine.data.caching.enabled = true (custom)
2019-07-13 07:29:48,763 INFO  impl.RaftServerImpl (RaftServerImpl.java:start(180)) - 95846af1-48a0-42db-928b-3dac479c6fa5: start group-E129051EED46
2019-07-13 07:29:48,763 INFO  impl.RaftServerImpl (RaftServerImpl.java:setRole(171)) - 95846af1-48a0-42db-928b-3dac479c6fa5:group-E129051EED46 changes role from null to FOLLOWER at term 0 for startAsFollower
2019-07-13 07:29:48,763 INFO  segmented.SegmentedRaftLogWorker (SegmentedRaftLogWorker.java:lambda$new$0(132)) - 421489f5-e73a-44dd-9dcb-3dbe44b16c83-SegmentedRaftLogWorker:Storage Directory /tmp/workdir/hadoop-ozone/integration-test/target/test-dir/MiniOzoneClusterImpl-a1dc88e9-0fc1-4510-915a-29af8445f733/datanode-0/data/ratis/c5c1eade-76ae-43cc-84c9-e129051eed46: flushIndex: setUnconditionally 0 -> -1
2019-07-13 07:29:48,763 INFO  impl.RoleInfo (RoleInfo.java:updateAndGet(143)) - 95846af1-48a0-42db-928b-3dac479c6fa5: start FollowerState
2019-07-13 07:29:48,764 INFO  server.RaftServerConfigKeys (ConfUtils.java:logGet(43)) - raft.server.snapshot.auto.trigger.enabled = true (custom)
2019-07-13 07:29:48,764 INFO  server.RaftServerConfigKeys (ConfUtils.java:logGet(43)) - raft.server.snapshot.auto.trigger.threshold = 10000 (custom)
2019-07-13 07:29:48,764 INFO  util.JmxRegister (JmxRegister.java:tryRegister(44)) - Successfully registered JMX Bean with object name Ratis:service=RaftServer,group=group-E129051EED46,id=95846af1-48a0-42db-928b-3dac479c6fa5
2019-07-13 07:29:48,764 INFO  server.RaftServerConfigKeys (ConfUtils.java:logGet(43)) - raft.server.retrycache.expirytime = 600000ms (custom)
2019-07-13 07:29:48,764 INFO  impl.RaftServerImpl (RaftServerImpl.java:start(180)) - 421489f5-e73a-44dd-9dcb-3dbe44b16c83: start group-E129051EED46
2019-07-13 07:29:48,764 INFO  impl.RaftServerImpl (RaftServerImpl.java:setRole(171)) - 421489f5-e73a-44dd-9dcb-3dbe44b16c83:group-E129051EED46 changes role from null to FOLLOWER at term 0 for startAsFollower
2019-07-13 07:29:48,765 INFO  impl.RoleInfo (RoleInfo.java:updateAndGet(143)) - 421489f5-e73a-44dd-9dcb-3dbe44b16c83: start FollowerState
2019-07-13 07:29:48,767 INFO  util.JmxRegister (JmxRegister.java:tryRegister(44)) - Successfully registered JMX Bean with object name Ratis:service=RaftServer,group=group-E129051EED46,id=421489f5-e73a-44dd-9dcb-3dbe44b16c83
2019-07-13 07:29:48,787 INFO  pipeline.PipelineStateManager (PipelineStateManager.java:addPipeline(56)) - Created pipeline Pipeline[ Id: c5c1eade-76ae-43cc-84c9-e129051eed46, Nodes: 95846af1-48a0-42db-928b-3dac479c6fa5{ip: 192.168.69.84, host: trunk-nightly-9lh4p-2362225927, networkLocation: /default-rack, certSerialId: null}421489f5-e73a-44dd-9dcb-3dbe44b16c83{ip: 192.168.69.84, host: trunk-nightly-9lh4p-2362225927, networkLocation: /default-rack, certSerialId: null}6d791af3-858d-45e1-a270-6cc8d61491a9{ip: 192.168.69.84, host: trunk-nightly-9lh4p-2362225927, networkLocation: /default-rack, certSerialId: null}, Type:RATIS, Factor:THREE, State:OPEN]
2019-07-13 07:29:48,820 INFO  impl.RaftServerProxy (RaftServerProxy.java:addNew(89)) - 2a65270f-ca9f-476c-bd95-098a2ebcf7cf: addNew group-B6F2163524F3:[fb233e29-eb29-4b58-9f9f-9362acac1024:192.168.69.84:42684, 2a65270f-ca9f-476c-bd95-098a2ebcf7cf:192.168.69.84:33159, 36c37c2c-d4a8-4ab0-a139-b83097af7aa6:192.168.69.84:35364] returns group-B6F2163524F3:java.util.concurrent.CompletableFuture@71e843c[Not completed]
2019-07-13 07:29:48,822 INFO  impl.RaftServerProxy (RaftServerProxy.java:addNew(89)) - 36c37c2c-d4a8-4ab0-a139-b83097af7aa6: addNew group-B6F2163524F3:[fb233e29-eb29-4b58-9f9f-9362acac1024:192.168.69.84:42684, 2a65270f-ca9f-476c-bd95-098a2ebcf7cf:192.168.69.84:33159, 36c37c2c-d4a8-4ab0-a139-b83097af7aa6:192.168.69.84:35364] returns group-B6F2163524F3:java.util.concurrent.CompletableFuture@1668dca8[Not completed]
2019-07-13 07:29:48,824 INFO  impl.RaftServerProxy (RaftServerProxy.java:addNew(89)) - fb233e29-eb29-4b58-9f9f-9362acac1024: addNew group-B6F2163524F3:[fb233e29-eb29-4b58-9f9f-9362acac1024:192.168.69.84:42684, 2a65270f-ca9f-476c-bd95-098a2ebcf7cf:192.168.69.84:33159, 36c37c2c-d4a8-4ab0-a139-b83097af7aa6:192.168.69.84:35364] returns group-B6F2163524F3:java.util.concurrent.CompletableFuture@3c7e6d18[Not completed]
2019-07-13 07:29:48,825 INFO  impl.RaftServerImpl (RaftServerImpl.java:<init>(93)) - 2a65270f-ca9f-476c-bd95-098a2ebcf7cf: new RaftServerImpl for group-B6F2163524F3:[fb233e29-eb29-4b58-9f9f-9362acac1024:192.168.69.84:42684, 2a65270f-ca9f-476c-bd95-098a2ebcf7cf:192.168.69.84:33159, 36c37c2c-d4a8-4ab0-a139-b83097af7aa6:192.168.69.84:35364] with ContainerStateMachine:uninitialized
2019-07-13 07:29:48,826 INFO  server.RaftServerConfigKeys (ConfUtils.java:logGet(43)) - raft.server.rpc.timeout.min = 5s (custom)
2019-07-13 07:29:48,826 INFO  server.RaftServerConfigKeys (ConfUtils.java:logGet(43)) - raft.server.rpc.timeout.max = 5200ms (custom)
2019-07-13 07:29:48,826 INFO  server.RaftServerConfigKeys (ConfUtils.java:logGet(43)) - raft.server.rpcslowness.timeout = 120s (custom)
2019-07-13 07:29:48,826 INFO  impl.RaftServerImpl (RaftServerImpl.java:<init>(93)) - fb233e29-eb29-4b58-9f9f-9362acac1024: new RaftServerImpl for group-B6F2163524F3:[fb233e29-eb29-4b58-9f9f-9362acac1024:192.168.69.84:42684, 2a65270f-ca9f-476c-bd95-098a2ebcf7cf:192.168.69.84:33159, 36c37c2c-d4a8-4ab0-a139-b83097af7aa6:192.168.69.84:35364] with ContainerStateMachine:uninitialized
2019-07-13 07:29:48,826 INFO  server.RaftServerConfigKeys (ConfUtils.java:logGet(43)) - raft.server.sleep.deviation.threshold = 300 (default)
2019-07-13 07:29:48,826 INFO  server.RaftServerConfigKeys (ConfUtils.java:logGet(43)) - raft.server.rpc.timeout.min = 5s (custom)
2019-07-13 07:29:48,826 INFO  server.RaftServerConfigKeys (ConfUtils.java:logGet(43)) - raft.server.log.appender.install.snapshot.enabled = false (custom)
2019-07-13 07:29:48,826 INFO  server.RaftServerConfigKeys (ConfUtils.java:logGet(43)) - raft.server.rpc.timeout.max = 5200ms (custom)
2019-07-13 07:29:48,826 INFO  impl.RaftServerImpl (ServerState.java:<init>(105)) - 2a65270f-ca9f-476c-bd95-098a2ebcf7cf:group-B6F2163524F3 ConfigurationManager, init=-1: [fb233e29-eb29-4b58-9f9f-9362acac1024:192.168.69.84:42684, 2a65270f-ca9f-476c-bd95-098a2ebcf7cf:192.168.69.84:33159, 36c37c2c-d4a8-4ab0-a139-b83097af7aa6:192.168.69.84:35364], old=null, confs=<EMPTY_MAP>
2019-07-13 07:29:48,827 INFO  server.RaftServerConfigKeys (ConfUtils.java:logGet(43)) - raft.server.rpcslowness.timeout = 120s (custom)
2019-07-13 07:29:48,827 INFO  server.RaftServerConfigKeys (ConfUtils.java:logGet(43)) - raft.server.sleep.deviation.threshold = 300 (default)
2019-07-13 07:29:48,827 INFO  impl.RaftServerImpl (RaftServerImpl.java:<init>(93)) - 36c37c2c-d4a8-4ab0-a139-b83097af7aa6: new RaftServerImpl for group-B6F2163524F3:[fb233e29-eb29-4b58-9f9f-9362acac1024:192.168.69.84:42684, 2a65270f-ca9f-476c-bd95-098a2ebcf7cf:192.168.69.84:33159, 36c37c2c-d4a8-4ab0-a139-b83097af7aa6:192.168.69.84:35364] with ContainerStateMachine:uninitialized
2019-07-13 07:29:48,827 INFO  server.RaftServerConfigKeys (ConfUtils.java:logGet(43)) - raft.server.storage.dir = [/tmp/workdir/hadoop-ozone/integration-test/target/test-dir/MiniOzoneClusterImpl-a1dc88e9-0fc1-4510-915a-29af8445f733/datanode-6/data/ratis] (custom)
2019-07-13 07:29:48,827 INFO  server.RaftServerConfigKeys (ConfUtils.java:logGet(43)) - raft.server.rpc.timeout.min = 5s (custom)
2019-07-13 07:29:48,827 INFO  server.RaftServerConfigKeys (ConfUtils.java:logGet(43)) - raft.server.log.appender.install.snapshot.enabled = false (custom)
2019-07-13 07:29:48,827 INFO  server.RaftServerConfigKeys (ConfUtils.java:logGet(43)) - raft.server.rpc.timeout.max = 5200ms (custom)
2019-07-13 07:29:48,827 INFO  storage.RaftStorageDirectory (RaftStorageDirectory.java:analyzeStorage(246)) - The storage directory /tmp/workdir/hadoop-ozone/integration-test/target/test-dir/MiniOzoneClusterImpl-a1dc88e9-0fc1-4510-915a-29af8445f733/datanode-6/data/ratis/fc2d85db-31ad-44fd-8020-b6f2163524f3 does not exist. Creating ...
2019-07-13 07:29:48,827 INFO  impl.RaftServerImpl (ServerState.java:<init>(105)) - fb233e29-eb29-4b58-9f9f-9362acac1024:group-B6F2163524F3 ConfigurationManager, init=-1: [fb233e29-eb29-4b58-9f9f-9362acac1024:192.168.69.84:42684, 2a65270f-ca9f-476c-bd95-098a2ebcf7cf:192.168.69.84:33159, 36c37c2c-d4a8-4ab0-a139-b83097af7aa6:192.168.69.84:35364], old=null, confs=<EMPTY_MAP>
2019-07-13 07:29:48,827 INFO  server.RaftServerConfigKeys (ConfUtils.java:logGet(43)) - raft.server.rpcslowness.timeout = 120s (custom)
2019-07-13 07:29:48,828 INFO  server.RaftServerConfigKeys (ConfUtils.java:logGet(43)) - raft.server.storage.dir = [/tmp/workdir/hadoop-ozone/integration-test/target/test-dir/MiniOzoneClusterImpl-a1dc88e9-0fc1-4510-915a-29af8445f733/datanode-3/data/ratis] (custom)
2019-07-13 07:29:48,828 INFO  server.RaftServerConfigKeys (ConfUtils.java:logGet(43)) - raft.server.sleep.deviation.threshold = 300 (default)
2019-07-13 07:29:48,828 INFO  server.RaftServerConfigKeys (ConfUtils.java:logGet(43)) - raft.server.log.appender.install.snapshot.enabled = false (custom)
2019-07-13 07:29:48,828 INFO  storage.RaftStorageDirectory (RaftStorageDirectory.java:analyzeStorage(246)) - The storage directory /tmp/workdir/hadoop-ozone/integration-test/target/test-dir/MiniOzoneClusterImpl-a1dc88e9-0fc1-4510-915a-29af8445f733/datanode-3/data/ratis/fc2d85db-31ad-44fd-8020-b6f2163524f3 does not exist. Creating ...
2019-07-13 07:29:48,828 INFO  impl.RaftServerImpl (ServerState.java:<init>(105)) - 36c37c2c-d4a8-4ab0-a139-b83097af7aa6:group-B6F2163524F3 ConfigurationManager, init=-1: [fb233e29-eb29-4b58-9f9f-9362acac1024:192.168.69.84:42684, 2a65270f-ca9f-476c-bd95-098a2ebcf7cf:192.168.69.84:33159, 36c37c2c-d4a8-4ab0-a139-b83097af7aa6:192.168.69.84:35364], old=null, confs=<EMPTY_MAP>
2019-07-13 07:29:48,828 INFO  server.RaftServerConfigKeys (ConfUtils.java:logGet(43)) - raft.server.storage.dir = [/tmp/workdir/hadoop-ozone/integration-test/target/test-dir/MiniOzoneClusterImpl-a1dc88e9-0fc1-4510-915a-29af8445f733/datanode-5/data/ratis] (custom)
2019-07-13 07:29:48,829 INFO  storage.RaftStorageDirectory (RaftStorageDirectory.java:analyzeStorage(246)) - The storage directory /tmp/workdir/hadoop-ozone/integration-test/target/test-dir/MiniOzoneClusterImpl-a1dc88e9-0fc1-4510-915a-29af8445f733/datanode-5/data/ratis/fc2d85db-31ad-44fd-8020-b6f2163524f3 does not exist. Creating ...
2019-07-13 07:29:48,843 INFO  storage.RaftStorageDirectory (RaftStorageDirectory.java:tryLock(328)) - Lock on /tmp/workdir/hadoop-ozone/integration-test/target/test-dir/MiniOzoneClusterImpl-a1dc88e9-0fc1-4510-915a-29af8445f733/datanode-6/data/ratis/fc2d85db-31ad-44fd-8020-b6f2163524f3/in_use.lock acquired by nodename 29913@trunk-nightly-9lh4p-2362225927
2019-07-13 07:29:48,843 INFO  storage.RaftStorageDirectory (RaftStorageDirectory.java:tryLock(328)) - Lock on /tmp/workdir/hadoop-ozone/integration-test/target/test-dir/MiniOzoneClusterImpl-a1dc88e9-0fc1-4510-915a-29af8445f733/datanode-3/data/ratis/fc2d85db-31ad-44fd-8020-b6f2163524f3/in_use.lock acquired by nodename 29913@trunk-nightly-9lh4p-2362225927
2019-07-13 07:29:48,843 INFO  storage.RaftStorageDirectory (RaftStorageDirectory.java:tryLock(328)) - Lock on /tmp/workdir/hadoop-ozone/integration-test/target/test-dir/MiniOzoneClusterImpl-a1dc88e9-0fc1-4510-915a-29af8445f733/datanode-5/data/ratis/fc2d85db-31ad-44fd-8020-b6f2163524f3/in_use.lock acquired by nodename 29913@trunk-nightly-9lh4p-2362225927
2019-07-13 07:29:48,857 INFO  storage.RaftStorage (RaftStorage.java:format(72)) - Storage directory /tmp/workdir/hadoop-ozone/integration-test/target/test-dir/MiniOzoneClusterImpl-a1dc88e9-0fc1-4510-915a-29af8445f733/datanode-6/data/ratis/fc2d85db-31ad-44fd-8020-b6f2163524f3 has been successfully formatted.
2019-07-13 07:29:48,857 INFO  storage.RaftStorage (RaftStorage.java:format(72)) - Storage directory /tmp/workdir/hadoop-ozone/integration-test/target/test-dir/MiniOzoneClusterImpl-a1dc88e9-0fc1-4510-915a-29af8445f733/datanode-5/data/ratis/fc2d85db-31ad-44fd-8020-b6f2163524f3 has been successfully formatted.
2019-07-13 07:29:48,857 INFO  storage.RaftStorage (RaftStorage.java:format(72)) - Storage directory /tmp/workdir/hadoop-ozone/integration-test/target/test-dir/MiniOzoneClusterImpl-a1dc88e9-0fc1-4510-915a-29af8445f733/datanode-3/data/ratis/fc2d85db-31ad-44fd-8020-b6f2163524f3 has been successfully formatted.
2019-07-13 07:29:48,857 INFO  ratis.ContainerStateMachine (ContainerStateMachine.java:loadSnapshot(200)) - The snapshot info is null.Setting the last applied index to:(t:0, i:~)
2019-07-13 07:29:48,857 INFO  ratis.ContainerStateMachine (ContainerStateMachine.java:loadSnapshot(200)) - The snapshot info is null.Setting the last applied index to:(t:0, i:~)
2019-07-13 07:29:48,857 INFO  ratis.ContainerStateMachine (ContainerStateMachine.java:loadSnapshot(200)) - The snapshot info is null.Setting the last applied index to:(t:0, i:~)
2019-07-13 07:29:48,858 INFO  server.RaftServerConfigKeys (ConfUtils.java:logGet(43)) - raft.server.leader.election.timeout = 120s (custom)
2019-07-13 07:29:48,857 INFO  server.RaftServerConfigKeys (ConfUtils.java:logGet(43)) - raft.server.leader.election.timeout = 120s (custom)
2019-07-13 07:29:48,858 INFO  server.RaftServerConfigKeys (ConfUtils.java:logGet(43)) - raft.server.log.use.memory = false (default)
2019-07-13 07:29:48,858 INFO  server.RaftServerConfigKeys (ConfUtils.java:logGet(43)) - raft.server.leader.election.timeout = 120s (custom)
2019-07-13 07:29:48,858 INFO  server.RaftServerConfigKeys (ConfUtils.java:logGet(43)) - raft.server.log.purge.gap = 1000000000 (custom)
2019-07-13 07:29:48,858 INFO  server.RaftServerConfigKeys (ConfUtils.java:logGet(43)) - raft.server.log.use.memory = false (default)
2019-07-13 07:29:48,858 INFO  server.RaftServerConfigKeys (ConfUtils.java:logGet(43)) - raft.server.log.appender.buffer.byte-limit = 33554432 (custom)
2019-07-13 07:29:48,858 INFO  server.RaftServerConfigKeys (ConfUtils.java:logGet(43)) - raft.server.log.use.memory = false (default)
2019-07-13 07:29:48,859 INFO  server.RaftServerConfigKeys (ConfUtils.java:logGet(43)) - raft.server.log.segment.size.max = 1048576 (custom)
2019-07-13 07:29:48,858 INFO  server.RaftServerConfigKeys (ConfUtils.java:logGet(43)) - raft.server.log.purge.gap = 1000000000 (custom)
2019-07-13 07:29:48,859 INFO  server.RaftServerConfigKeys (ConfUtils.java:logGet(43)) - raft.server.log.segment.cache.num.max = 2 (custom)
2019-07-13 07:29:48,859 INFO  server.RaftServerConfigKeys (ConfUtils.java:logGet(43)) - raft.server.log.purge.gap = 1000000000 (custom)
2019-07-13 07:29:48,859 INFO  segmented.SegmentedRaftLogWorker (SegmentedRaftLogWorker.java:<init>(172)) - new fb233e29-eb29-4b58-9f9f-9362acac1024-SegmentedRaftLogWorker:Storage Directory /tmp/workdir/hadoop-ozone/integration-test/target/test-dir/MiniOzoneClusterImpl-a1dc88e9-0fc1-4510-915a-29af8445f733/datanode-3/data/ratis/fc2d85db-31ad-44fd-8020-b6f2163524f3 for RaftStorage:Storage Directory /tmp/workdir/hadoop-ozone/integration-test/target/test-dir/MiniOzoneClusterImpl-a1dc88e9-0fc1-4510-915a-29af8445f733/datanode-3/data/ratis/fc2d85db-31ad-44fd-8020-b6f2163524f3
2019-07-13 07:29:48,859 INFO  server.RaftServerConfigKeys (ConfUtils.java:logGet(43)) - raft.server.log.appender.buffer.byte-limit = 33554432 (custom)
2019-07-13 07:29:48,859 INFO  server.RaftServerConfigKeys (ConfUtils.java:logGet(43)) - raft.server.log.queue.byte-limit = 2147483647 (custom)
2019-07-13 07:29:48,859 INFO  server.RaftServerConfigKeys (ConfUtils.java:logGet(43)) - raft.server.log.appender.buffer.byte-limit = 33554432 (custom)
2019-07-13 07:29:48,861 INFO  server.RaftServerConfigKeys (ConfUtils.java:logGet(43)) - raft.server.log.queue.element-limit = 1024 (custom)
2019-07-13 07:29:48,859 INFO  server.RaftServerConfigKeys (ConfUtils.java:logGet(43)) - raft.server.log.segment.size.max = 1048576 (custom)
2019-07-13 07:29:48,861 INFO  server.RaftServerConfigKeys (ConfUtils.java:logGet(43)) - raft.server.log.segment.size.max = 1048576 (custom)
2019-07-13 07:29:48,861 INFO  server.RaftServerConfigKeys (ConfUtils.java:logGet(43)) - raft.server.log.segment.size.max = 1048576 (custom)
2019-07-13 07:29:48,862 INFO  server.RaftServerConfigKeys (ConfUtils.java:logGet(43)) - raft.server.log.preallocated.size = 16384 (custom)
2019-07-13 07:29:48,862 INFO  server.RaftServerConfigKeys (ConfUtils.java:logGet(43)) - raft.server.log.segment.cache.num.max = 2 (custom)
2019-07-13 07:29:48,862 INFO  server.RaftServerConfigKeys (ConfUtils.java:logGet(43)) - raft.server.log.write.buffer.size = 33554432 (custom)
2019-07-13 07:29:48,862 INFO  server.RaftServerConfigKeys (ConfUtils.java:logGet(43)) - raft.server.log.segment.cache.num.max = 2 (custom)
2019-07-13 07:29:48,862 INFO  server.RaftServerConfigKeys (ConfUtils.java:logGet(43)) - raft.server.log.force.sync.num = 128 (default)
2019-07-13 07:29:48,862 INFO  segmented.SegmentedRaftLogWorker (SegmentedRaftLogWorker.java:<init>(172)) - new 2a65270f-ca9f-476c-bd95-098a2ebcf7cf-SegmentedRaftLogWorker:Storage Directory /tmp/workdir/hadoop-ozone/integration-test/target/test-dir/MiniOzoneClusterImpl-a1dc88e9-0fc1-4510-915a-29af8445f733/datanode-6/data/ratis/fc2d85db-31ad-44fd-8020-b6f2163524f3 for RaftStorage:Storage Directory /tmp/workdir/hadoop-ozone/integration-test/target/test-dir/MiniOzoneClusterImpl-a1dc88e9-0fc1-4510-915a-29af8445f733/datanode-6/data/ratis/fc2d85db-31ad-44fd-8020-b6f2163524f3
2019-07-13 07:29:48,863 INFO  server.RaftServerConfigKeys (ConfUtils.java:logGet(43)) - raft.server.log.statemachine.data.sync = true (default)
2019-07-13 07:29:48,862 INFO  segmented.SegmentedRaftLogWorker (SegmentedRaftLogWorker.java:<init>(172)) - new 36c37c2c-d4a8-4ab0-a139-b83097af7aa6-SegmentedRaftLogWorker:Storage Directory /tmp/workdir/hadoop-ozone/integration-test/target/test-dir/MiniOzoneClusterImpl-a1dc88e9-0fc1-4510-915a-29af8445f733/datanode-5/data/ratis/fc2d85db-31ad-44fd-8020-b6f2163524f3 for RaftStorage:Storage Directory /tmp/workdir/hadoop-ozone/integration-test/target/test-dir/MiniOzoneClusterImpl-a1dc88e9-0fc1-4510-915a-29af8445f733/datanode-5/data/ratis/fc2d85db-31ad-44fd-8020-b6f2163524f3
2019-07-13 07:29:48,863 INFO  server.RaftServerConfigKeys (ConfUtils.java:logGet(43)) - raft.server.log.statemachine.data.sync.timeout = 10s (default)
2019-07-13 07:29:48,863 INFO  server.RaftServerConfigKeys (ConfUtils.java:logGet(43)) - raft.server.log.queue.byte-limit = 2147483647 (custom)
2019-07-13 07:29:48,865 INFO  server.RaftServerConfigKeys (ConfUtils.java:logGet(43)) - raft.server.log.statemachine.data.sync.timeout.retry = -1 (default)
2019-07-13 07:29:48,865 INFO  server.RaftServerConfigKeys (ConfUtils.java:logGet(43)) - raft.server.log.queue.byte-limit = 2147483647 (custom)
2019-07-13 07:29:48,866 INFO  server.RaftServerConfigKeys (ConfUtils.java:logGet(43)) - raft.server.log.statemachine.data.caching.enabled = true (custom)
2019-07-13 07:29:48,866 INFO  server.RaftServerConfigKeys (ConfUtils.java:logGet(43)) - raft.server.log.queue.element-limit = 1024 (custom)
2019-07-13 07:29:48,867 INFO  server.RaftServerConfigKeys (ConfUtils.java:logGet(43)) - raft.server.log.queue.element-limit = 1024 (custom)
2019-07-13 07:29:48,867 INFO  segmented.SegmentedRaftLogWorker (SegmentedRaftLogWorker.java:lambda$new$0(132)) - fb233e29-eb29-4b58-9f9f-9362acac1024-SegmentedRaftLogWorker:Storage Directory /tmp/workdir/hadoop-ozone/integration-test/target/test-dir/MiniOzoneClusterImpl-a1dc88e9-0fc1-4510-915a-29af8445f733/datanode-3/data/ratis/fc2d85db-31ad-44fd-8020-b6f2163524f3: flushIndex: setUnconditionally 0 -> -1
2019-07-13 07:29:48,867 INFO  server.RaftServerConfigKeys (ConfUtils.java:logGet(43)) - raft.server.log.segment.size.max = 1048576 (custom)
2019-07-13 07:29:48,867 INFO  server.RaftServerConfigKeys (ConfUtils.java:logGet(43)) - raft.server.log.segment.size.max = 1048576 (custom)
2019-07-13 07:29:48,867 INFO  server.RaftServerConfigKeys (ConfUtils.java:logGet(43)) - raft.server.snapshot.auto.trigger.enabled = true (custom)
2019-07-13 07:29:48,867 INFO  server.RaftServerConfigKeys (ConfUtils.java:logGet(43)) - raft.server.log.preallocated.size = 16384 (custom)
2019-07-13 07:29:48,868 INFO  server.RaftServerConfigKeys (ConfUtils.java:logGet(43)) - raft.server.snapshot.auto.trigger.threshold = 10000 (custom)
2019-07-13 07:29:48,868 INFO  server.RaftServerConfigKeys (ConfUtils.java:logGet(43)) - raft.server.log.preallocated.size = 16384 (custom)
2019-07-13 07:29:48,868 INFO  server.RaftServerConfigKeys (ConfUtils.java:logGet(43)) - raft.server.retrycache.expirytime = 600000ms (custom)
2019-07-13 07:29:48,868 INFO  server.RaftServerConfigKeys (ConfUtils.java:logGet(43)) - raft.server.log.write.buffer.size = 33554432 (custom)
2019-07-13 07:29:48,868 INFO  impl.RaftServerImpl (RaftServerImpl.java:start(180)) - fb233e29-eb29-4b58-9f9f-9362acac1024: start group-B6F2163524F3
2019-07-13 07:29:48,868 INFO  server.RaftServerConfigKeys (ConfUtils.java:logGet(43)) - raft.server.log.write.buffer.size = 33554432 (custom)
2019-07-13 07:29:48,868 INFO  impl.RaftServerImpl (RaftServerImpl.java:setRole(171)) - fb233e29-eb29-4b58-9f9f-9362acac1024:group-B6F2163524F3 changes role from null to FOLLOWER at term 0 for startAsFollower
2019-07-13 07:29:48,868 INFO  server.RaftServerConfigKeys (ConfUtils.java:logGet(43)) - raft.server.log.force.sync.num = 128 (default)
2019-07-13 07:29:48,869 INFO  impl.RoleInfo (RoleInfo.java:updateAndGet(143)) - fb233e29-eb29-4b58-9f9f-9362acac1024: start FollowerState
2019-07-13 07:29:48,869 INFO  server.RaftServerConfigKeys (ConfUtils.java:logGet(43)) - raft.server.log.force.sync.num = 128 (default)
2019-07-13 07:29:48,869 INFO  server.RaftServerConfigKeys (ConfUtils.java:logGet(43)) - raft.server.log.statemachine.data.sync = true (default)
2019-07-13 07:29:48,869 INFO  server.RaftServerConfigKeys (ConfUtils.java:logGet(43)) - raft.server.log.statemachine.data.sync = true (default)
2019-07-13 07:29:48,869 INFO  server.RaftServerConfigKeys (ConfUtils.java:logGet(43)) - raft.server.log.statemachine.data.sync.timeout = 10s (default)
2019-07-13 07:29:48,869 INFO  util.JmxRegister (JmxRegister.java:tryRegister(44)) - Successfully registered JMX Bean with object name Ratis:service=RaftServer,group=group-B6F2163524F3,id=fb233e29-eb29-4b58-9f9f-9362acac1024
2019-07-13 07:29:48,869 INFO  server.RaftServerConfigKeys (ConfUtils.java:logGet(43)) - raft.server.log.statemachine.data.sync.timeout.retry = -1 (default)
2019-07-13 07:29:48,869 INFO  server.RaftServerConfigKeys (ConfUtils.java:logGet(43)) - raft.server.log.statemachine.data.sync.timeout = 10s (default)
2019-07-13 07:29:48,870 INFO  server.RaftServerConfigKeys (ConfUtils.java:logGet(43)) - raft.server.log.statemachine.data.caching.enabled = true (custom)
2019-07-13 07:29:48,870 INFO  server.RaftServerConfigKeys (ConfUtils.java:logGet(43)) - raft.server.log.statemachine.data.sync.timeout.retry = -1 (default)
2019-07-13 07:29:48,870 INFO  server.RaftServerConfigKeys (ConfUtils.java:logGet(43)) - raft.server.log.statemachine.data.caching.enabled = true (custom)
2019-07-13 07:29:48,870 INFO  segmented.SegmentedRaftLogWorker (SegmentedRaftLogWorker.java:lambda$new$0(132)) - 2a65270f-ca9f-476c-bd95-098a2ebcf7cf-SegmentedRaftLogWorker:Storage Directory /tmp/workdir/hadoop-ozone/integration-test/target/test-dir/MiniOzoneClusterImpl-a1dc88e9-0fc1-4510-915a-29af8445f733/datanode-6/data/ratis/fc2d85db-31ad-44fd-8020-b6f2163524f3: flushIndex: setUnconditionally 0 -> -1
2019-07-13 07:29:48,871 INFO  segmented.SegmentedRaftLogWorker (SegmentedRaftLogWorker.java:lambda$new$0(132)) - 36c37c2c-d4a8-4ab0-a139-b83097af7aa6-SegmentedRaftLogWorker:Storage Directory /tmp/workdir/hadoop-ozone/integration-test/target/test-dir/MiniOzoneClusterImpl-a1dc88e9-0fc1-4510-915a-29af8445f733/datanode-5/data/ratis/fc2d85db-31ad-44fd-8020-b6f2163524f3: flushIndex: setUnconditionally 0 -> -1
2019-07-13 07:29:48,871 INFO  server.RaftServerConfigKeys (ConfUtils.java:logGet(43)) - raft.server.snapshot.auto.trigger.enabled = true (custom)
2019-07-13 07:29:48,871 INFO  server.RaftServerConfigKeys (ConfUtils.java:logGet(43)) - raft.server.snapshot.auto.trigger.threshold = 10000 (custom)
2019-07-13 07:29:48,871 INFO  server.RaftServerConfigKeys (ConfUtils.java:logGet(43)) - raft.server.snapshot.auto.trigger.enabled = true (custom)
2019-07-13 07:29:48,871 INFO  server.RaftServerConfigKeys (ConfUtils.java:logGet(43)) - raft.server.retrycache.expirytime = 600000ms (custom)
2019-07-13 07:29:48,871 INFO  server.RaftServerConfigKeys (ConfUtils.java:logGet(43)) - raft.server.snapshot.auto.trigger.threshold = 10000 (custom)
2019-07-13 07:29:48,872 INFO  impl.RaftServerImpl (RaftServerImpl.java:start(180)) - 2a65270f-ca9f-476c-bd95-098a2ebcf7cf: start group-B6F2163524F3
2019-07-13 07:29:48,872 INFO  impl.RaftServerImpl (RaftServerImpl.java:setRole(171)) - 2a65270f-ca9f-476c-bd95-098a2ebcf7cf:group-B6F2163524F3 changes role from null to FOLLOWER at term 0 for startAsFollower
2019-07-13 07:29:48,872 INFO  server.RaftServerConfigKeys (ConfUtils.java:logGet(43)) - raft.server.retrycache.expirytime = 600000ms (custom)
2019-07-13 07:29:48,872 INFO  impl.RoleInfo (RoleInfo.java:updateAndGet(143)) - 2a65270f-ca9f-476c-bd95-098a2ebcf7cf: start FollowerState
2019-07-13 07:29:48,872 INFO  impl.RaftServerImpl (RaftServerImpl.java:start(180)) - 36c37c2c-d4a8-4ab0-a139-b83097af7aa6: start group-B6F2163524F3
2019-07-13 07:29:48,874 INFO  util.JmxRegister (JmxRegister.java:tryRegister(44)) - Successfully registered JMX Bean with object name Ratis:service=RaftServer,group=group-B6F2163524F3,id=2a65270f-ca9f-476c-bd95-098a2ebcf7cf
2019-07-13 07:29:48,874 INFO  impl.RaftServerImpl (RaftServerImpl.java:setRole(171)) - 36c37c2c-d4a8-4ab0-a139-b83097af7aa6:group-B6F2163524F3 changes role from null to FOLLOWER at term 0 for startAsFollower
2019-07-13 07:29:48,874 INFO  impl.RoleInfo (RoleInfo.java:updateAndGet(143)) - 36c37c2c-d4a8-4ab0-a139-b83097af7aa6: start FollowerState
2019-07-13 07:29:48,878 INFO  util.JmxRegister (JmxRegister.java:tryRegister(44)) - Successfully registered JMX Bean with object name Ratis:service=RaftServer,group=group-B6F2163524F3,id=36c37c2c-d4a8-4ab0-a139-b83097af7aa6
2019-07-13 07:29:48,896 INFO  pipeline.PipelineStateManager (PipelineStateManager.java:addPipeline(56)) - Created pipeline Pipeline[ Id: fc2d85db-31ad-44fd-8020-b6f2163524f3, Nodes: 2a65270f-ca9f-476c-bd95-098a2ebcf7cf{ip: 192.168.69.84, host: trunk-nightly-9lh4p-2362225927, networkLocation: /default-rack, certSerialId: null}36c37c2c-d4a8-4ab0-a139-b83097af7aa6{ip: 192.168.69.84, host: trunk-nightly-9lh4p-2362225927, networkLocation: /default-rack, certSerialId: null}fb233e29-eb29-4b58-9f9f-9362acac1024{ip: 192.168.69.84, host: trunk-nightly-9lh4p-2362225927, networkLocation: /default-rack, certSerialId: null}, Type:RATIS, Factor:THREE, State:OPEN]
2019-07-13 07:29:49,418 INFO  ozone.MiniOzoneClusterImpl (MiniOzoneClusterImpl.java:lambda$waitForClusterToBeReady$0(142)) - Cluster is ready. Got 7 of 7 DN Heartbeats.
2019-07-13 07:29:49,774 INFO  rpc.RpcClient (RpcClient.java:createVolume(287)) - Creating Volume: testblockoutputstream, with jenkins1000 as owner.
2019-07-13 07:29:49,842 INFO  rpc.RpcClient (RpcClient.java:createBucket(424)) - Creating Bucket: testblockoutputstream/testblockoutputstream, with Versioning false and Storage Type set to DISK and Encryption set to false 
2019-07-13 07:29:49,886 INFO  container.ReplicationManager (ReplicationManager.java:start(155)) - Starting Replication Monitor Thread.
2019-07-13 07:29:49,891 INFO  container.ReplicationManager (ReplicationManager.java:run(207)) - Replication Monitor Thread took 1 milliseconds for processing 0 containers.
2019-07-13 07:29:50,165 INFO  client.GrpcClientProtocolClient (GrpcClientProtocolClient.java:onNext(255)) - client-95024ED96938->2a65270f-ca9f-476c-bd95-098a2ebcf7cf: receive RaftClientReply:client-95024ED96938->2a65270f-ca9f-476c-bd95-098a2ebcf7cf@group-B6F2163524F3, cid=13, FAILED org.apache.ratis.protocol.NotLeaderException: Server 2a65270f-ca9f-476c-bd95-098a2ebcf7cf is not the leader (null). Request must be sent to leader., logIndex=0, commits[2a65270f-ca9f-476c-bd95-098a2ebcf7cf:c-1]
2019-07-13 07:29:51,213 INFO  client.GrpcClientProtocolClient (GrpcClientProtocolClient.java:onNext(255)) - client-95024ED96938->fb233e29-eb29-4b58-9f9f-9362acac1024: receive RaftClientReply:client-95024ED96938->fb233e29-eb29-4b58-9f9f-9362acac1024@group-B6F2163524F3, cid=13, FAILED org.apache.ratis.protocol.NotLeaderException: Server fb233e29-eb29-4b58-9f9f-9362acac1024 is not the leader (null). Request must be sent to leader., logIndex=0, commits[fb233e29-eb29-4b58-9f9f-9362acac1024:c-1]
2019-07-13 07:29:52,244 INFO  client.GrpcClientProtocolClient (GrpcClientProtocolClient.java:onNext(255)) - client-95024ED96938->36c37c2c-d4a8-4ab0-a139-b83097af7aa6: receive RaftClientReply:client-95024ED96938->36c37c2c-d4a8-4ab0-a139-b83097af7aa6@group-B6F2163524F3, cid=13, FAILED org.apache.ratis.protocol.NotLeaderException: Server 36c37c2c-d4a8-4ab0-a139-b83097af7aa6 is not the leader (null). Request must be sent to leader., logIndex=0, commits[36c37c2c-d4a8-4ab0-a139-b83097af7aa6:c-1]
2019-07-13 07:29:53,177 INFO  impl.FollowerState (FollowerState.java:run(106)) - 421489f5-e73a-44dd-9dcb-3dbe44b16c83:group-8C3A827ACA02 changes to CANDIDATE, lastRpcTime:5158, electionTimeout:5157ms
2019-07-13 07:29:53,177 INFO  impl.RoleInfo (RoleInfo.java:shutdownFollowerState(121)) - 421489f5-e73a-44dd-9dcb-3dbe44b16c83: shutdown FollowerState
2019-07-13 07:29:53,177 INFO  impl.RaftServerImpl (RaftServerImpl.java:setRole(171)) - 421489f5-e73a-44dd-9dcb-3dbe44b16c83:group-8C3A827ACA02 changes role from FOLLOWER to CANDIDATE at term 0 for changeToCandidate
2019-07-13 07:29:53,184 INFO  impl.RoleInfo (RoleInfo.java:updateAndGet(143)) - 421489f5-e73a-44dd-9dcb-3dbe44b16c83: start LeaderElection
2019-07-13 07:29:53,206 INFO  impl.LeaderElection (LeaderElection.java:askForVotes(181)) - 421489f5-e73a-44dd-9dcb-3dbe44b16c83:group-8C3A827ACA02:LeaderElection1: begin an election at term 1 for -1: [421489f5-e73a-44dd-9dcb-3dbe44b16c83:192.168.69.84:46222], old=null
2019-07-13 07:29:53,208 INFO  impl.RoleInfo (RoleInfo.java:shutdownLeaderElection(134)) - 421489f5-e73a-44dd-9dcb-3dbe44b16c83: shutdown LeaderElection
2019-07-13 07:29:53,209 INFO  impl.RaftServerImpl (RaftServerImpl.java:setRole(171)) - 421489f5-e73a-44dd-9dcb-3dbe44b16c83:group-8C3A827ACA02 changes role from CANDIDATE to LEADER at term 1 for changeToLeader
2019-07-13 07:29:53,209 INFO  impl.RaftServerImpl (ServerState.java:setLeader(263)) - 421489f5-e73a-44dd-9dcb-3dbe44b16c83:group-8C3A827ACA02 change Leader from null to 421489f5-e73a-44dd-9dcb-3dbe44b16c83 at term 1 for becomeLeader, leader elected after 5271ms
2019-07-13 07:29:53,218 INFO  server.RaftServerConfigKeys (ConfUtils.java:logGet(43)) - raft.server.staging.catchup.gap = 1000 (default)
2019-07-13 07:29:53,219 INFO  server.RaftServerConfigKeys (ConfUtils.java:logGet(43)) - raft.server.rpc.sleep.time = 25ms (default)
2019-07-13 07:29:53,222 INFO  server.RaftServerConfigKeys (ConfUtils.java:logGet(43)) - raft.server.write.element-limit = 4096 (default)
2019-07-13 07:29:53,226 INFO  server.RaftServerConfigKeys (ConfUtils.java:logGet(43)) - raft.server.watch.timeout = 10s (default)
2019-07-13 07:29:53,226 INFO  server.RaftServerConfigKeys (ConfUtils.java:logGet(43)) - raft.server.watch.timeout.denomination = 1s (default)
2019-07-13 07:29:53,227 INFO  server.RaftServerConfigKeys (ConfUtils.java:logGet(43)) - raft.server.watch.element-limit = 65536 (default)
2019-07-13 07:29:53,238 INFO  impl.RoleInfo (RoleInfo.java:updateAndGet(143)) - 421489f5-e73a-44dd-9dcb-3dbe44b16c83: start LeaderState
2019-07-13 07:29:53,269 INFO  segmented.SegmentedRaftLogWorker (SegmentedRaftLogWorker.java:startLogSegment(380)) - 421489f5-e73a-44dd-9dcb-3dbe44b16c83-SegmentedRaftLogWorker:Storage Directory /tmp/workdir/hadoop-ozone/integration-test/target/test-dir/MiniOzoneClusterImpl-a1dc88e9-0fc1-4510-915a-29af8445f733/datanode-0/data/ratis/6fbd7f6f-c94c-4f9b-9fe5-8c3a827aca02: Starting segment from index:0
2019-07-13 07:29:53,270 INFO  client.GrpcClientProtocolClient (GrpcClientProtocolClient.java:onNext(255)) - client-95024ED96938->2a65270f-ca9f-476c-bd95-098a2ebcf7cf: receive RaftClientReply:client-95024ED96938->2a65270f-ca9f-476c-bd95-098a2ebcf7cf@group-B6F2163524F3, cid=13, FAILED org.apache.ratis.protocol.NotLeaderException: Server 2a65270f-ca9f-476c-bd95-098a2ebcf7cf is not the leader (null). Request must be sent to leader., logIndex=0, commits[2a65270f-ca9f-476c-bd95-098a2ebcf7cf:c-1]
2019-07-13 07:29:53,295 INFO  impl.RaftServerImpl (ServerState.java:setRaftConf(361)) - 421489f5-e73a-44dd-9dcb-3dbe44b16c83:group-8C3A827ACA02 set configuration 0: [421489f5-e73a-44dd-9dcb-3dbe44b16c83:192.168.69.84:46222], old=null at 0
2019-07-13 07:29:53,326 INFO  impl.FollowerState (FollowerState.java:run(106)) - 6d791af3-858d-45e1-a270-6cc8d61491a9:group-7183243492AE changes to CANDIDATE, lastRpcTime:5014, electionTimeout:5014ms
2019-07-13 07:29:53,328 INFO  impl.RoleInfo (RoleInfo.java:shutdownFollowerState(121)) - 6d791af3-858d-45e1-a270-6cc8d61491a9: shutdown FollowerState
2019-07-13 07:29:53,328 INFO  impl.RaftServerImpl (RaftServerImpl.java:setRole(171)) - 6d791af3-858d-45e1-a270-6cc8d61491a9:group-7183243492AE changes role from FOLLOWER to CANDIDATE at term 0 for changeToCandidate
2019-07-13 07:29:53,328 INFO  impl.RoleInfo (RoleInfo.java:updateAndGet(143)) - 6d791af3-858d-45e1-a270-6cc8d61491a9: start LeaderElection
2019-07-13 07:29:53,334 INFO  impl.FollowerState (FollowerState.java:run(106)) - 95846af1-48a0-42db-928b-3dac479c6fa5:group-B06AC297D880 changes to CANDIDATE, lastRpcTime:5114, electionTimeout:5111ms
2019-07-13 07:29:53,334 INFO  impl.RoleInfo (RoleInfo.java:shutdownFollowerState(121)) - 95846af1-48a0-42db-928b-3dac479c6fa5: shutdown FollowerState
2019-07-13 07:29:53,334 INFO  impl.RaftServerImpl (RaftServerImpl.java:setRole(171)) - 95846af1-48a0-42db-928b-3dac479c6fa5:group-B06AC297D880 changes role from FOLLOWER to CANDIDATE at term 0 for changeToCandidate
2019-07-13 07:29:53,335 INFO  impl.RoleInfo (RoleInfo.java:updateAndGet(143)) - 95846af1-48a0-42db-928b-3dac479c6fa5: start LeaderElection
2019-07-13 07:29:53,347 INFO  impl.LeaderElection (LeaderElection.java:askForVotes(181)) - 95846af1-48a0-42db-928b-3dac479c6fa5:group-B06AC297D880:LeaderElection3: begin an election at term 1 for -1: [95846af1-48a0-42db-928b-3dac479c6fa5:192.168.69.84:42094], old=null
2019-07-13 07:29:53,347 INFO  impl.LeaderElection (LeaderElection.java:askForVotes(181)) - 6d791af3-858d-45e1-a270-6cc8d61491a9:group-7183243492AE:LeaderElection2: begin an election at term 1 for -1: [6d791af3-858d-45e1-a270-6cc8d61491a9:192.168.69.84:44936], old=null
2019-07-13 07:29:53,349 INFO  impl.RoleInfo (RoleInfo.java:shutdownLeaderElection(134)) - 95846af1-48a0-42db-928b-3dac479c6fa5: shutdown LeaderElection
2019-07-13 07:29:53,350 INFO  impl.RoleInfo (RoleInfo.java:shutdownLeaderElection(134)) - 6d791af3-858d-45e1-a270-6cc8d61491a9: shutdown LeaderElection
2019-07-13 07:29:53,350 INFO  impl.RaftServerImpl (RaftServerImpl.java:setRole(171)) - 95846af1-48a0-42db-928b-3dac479c6fa5:group-B06AC297D880 changes role from CANDIDATE to LEADER at term 1 for changeToLeader
2019-07-13 07:29:53,350 INFO  impl.RaftServerImpl (RaftServerImpl.java:setRole(171)) - 6d791af3-858d-45e1-a270-6cc8d61491a9:group-7183243492AE changes role from CANDIDATE to LEADER at term 1 for changeToLeader
2019-07-13 07:29:53,350 INFO  impl.RaftServerImpl (ServerState.java:setLeader(263)) - 95846af1-48a0-42db-928b-3dac479c6fa5:group-B06AC297D880 change Leader from null to 95846af1-48a0-42db-928b-3dac479c6fa5 at term 1 for becomeLeader, leader elected after 5137ms
2019-07-13 07:29:53,350 INFO  impl.RaftServerImpl (ServerState.java:setLeader(263)) - 6d791af3-858d-45e1-a270-6cc8d61491a9:group-7183243492AE change Leader from null to 6d791af3-858d-45e1-a270-6cc8d61491a9 at term 1 for becomeLeader, leader elected after 5043ms
2019-07-13 07:29:53,352 INFO  server.RaftServerConfigKeys (ConfUtils.java:logGet(43)) - raft.server.staging.catchup.gap = 1000 (default)
2019-07-13 07:29:53,354 INFO  server.RaftServerConfigKeys (ConfUtils.java:logGet(43)) - raft.server.staging.catchup.gap = 1000 (default)
2019-07-13 07:29:53,355 INFO  server.RaftServerConfigKeys (ConfUtils.java:logGet(43)) - raft.server.rpc.sleep.time = 25ms (default)
2019-07-13 07:29:53,355 INFO  server.RaftServerConfigKeys (ConfUtils.java:logGet(43)) - raft.server.rpc.sleep.time = 25ms (default)
2019-07-13 07:29:53,355 INFO  server.RaftServerConfigKeys (ConfUtils.java:logGet(43)) - raft.server.write.element-limit = 4096 (default)
2019-07-13 07:29:53,355 INFO  server.RaftServerConfigKeys (ConfUtils.java:logGet(43)) - raft.server.write.element-limit = 4096 (default)
2019-07-13 07:29:53,357 INFO  server.RaftServerConfigKeys (ConfUtils.java:logGet(43)) - raft.server.watch.timeout = 10s (default)
2019-07-13 07:29:53,358 INFO  server.RaftServerConfigKeys (ConfUtils.java:logGet(43)) - raft.server.watch.timeout = 10s (default)
2019-07-13 07:29:53,358 INFO  server.RaftServerConfigKeys (ConfUtils.java:logGet(43)) - raft.server.watch.timeout.denomination = 1s (default)
2019-07-13 07:29:53,358 INFO  server.RaftServerConfigKeys (ConfUtils.java:logGet(43)) - raft.server.watch.timeout.denomination = 1s (default)
2019-07-13 07:29:53,358 INFO  server.RaftServerConfigKeys (ConfUtils.java:logGet(43)) - raft.server.watch.element-limit = 65536 (default)
2019-07-13 07:29:53,358 INFO  server.RaftServerConfigKeys (ConfUtils.java:logGet(43)) - raft.server.watch.element-limit = 65536 (default)
2019-07-13 07:29:53,359 INFO  impl.RoleInfo (RoleInfo.java:updateAndGet(143)) - 95846af1-48a0-42db-928b-3dac479c6fa5: start LeaderState
2019-07-13 07:29:53,359 INFO  impl.RoleInfo (RoleInfo.java:updateAndGet(143)) - 6d791af3-858d-45e1-a270-6cc8d61491a9: start LeaderState
2019-07-13 07:29:53,359 INFO  segmented.SegmentedRaftLogWorker (SegmentedRaftLogWorker.java:startLogSegment(380)) - 95846af1-48a0-42db-928b-3dac479c6fa5-SegmentedRaftLogWorker:Storage Directory /tmp/workdir/hadoop-ozone/integration-test/target/test-dir/MiniOzoneClusterImpl-a1dc88e9-0fc1-4510-915a-29af8445f733/datanode-1/data/ratis/ba4c2eca-b9a1-4189-bc0c-b06ac297d880: Starting segment from index:0
2019-07-13 07:29:53,359 INFO  segmented.SegmentedRaftLogWorker (SegmentedRaftLogWorker.java:startLogSegment(380)) - 6d791af3-858d-45e1-a270-6cc8d61491a9-SegmentedRaftLogWorker:Storage Directory /tmp/workdir/hadoop-ozone/integration-test/target/test-dir/MiniOzoneClusterImpl-a1dc88e9-0fc1-4510-915a-29af8445f733/datanode-2/data/ratis/588f7b1d-100a-4906-b432-7183243492ae: Starting segment from index:0
2019-07-13 07:29:53,360 INFO  impl.RaftServerImpl (ServerState.java:setRaftConf(361)) - 95846af1-48a0-42db-928b-3dac479c6fa5:group-B06AC297D880 set configuration 0: [95846af1-48a0-42db-928b-3dac479c6fa5:192.168.69.84:42094], old=null at 0
2019-07-13 07:29:53,362 INFO  impl.RaftServerImpl (ServerState.java:setRaftConf(361)) - 6d791af3-858d-45e1-a270-6cc8d61491a9:group-7183243492AE set configuration 0: [6d791af3-858d-45e1-a270-6cc8d61491a9:192.168.69.84:44936], old=null at 0
2019-07-13 07:29:53,456 INFO  impl.FollowerState (FollowerState.java:run(106)) - 36c37c2c-d4a8-4ab0-a139-b83097af7aa6:group-6C768A4EF2B8 changes to CANDIDATE, lastRpcTime:5067, electionTimeout:5067ms
2019-07-13 07:29:53,456 INFO  impl.RoleInfo (RoleInfo.java:shutdownFollowerState(121)) - 36c37c2c-d4a8-4ab0-a139-b83097af7aa6: shutdown FollowerState
2019-07-13 07:29:53,456 INFO  impl.RaftServerImpl (RaftServerImpl.java:setRole(171)) - 36c37c2c-d4a8-4ab0-a139-b83097af7aa6:group-6C768A4EF2B8 changes role from FOLLOWER to CANDIDATE at term 0 for changeToCandidate
2019-07-13 07:29:53,456 INFO  impl.RoleInfo (RoleInfo.java:updateAndGet(143)) - 36c37c2c-d4a8-4ab0-a139-b83097af7aa6: start LeaderElection
2019-07-13 07:29:53,474 INFO  impl.LeaderElection (LeaderElection.java:askForVotes(181)) - 36c37c2c-d4a8-4ab0-a139-b83097af7aa6:group-6C768A4EF2B8:LeaderElection4: begin an election at term 1 for -1: [36c37c2c-d4a8-4ab0-a139-b83097af7aa6:192.168.69.84:35364], old=null
2019-07-13 07:29:53,475 INFO  impl.RoleInfo (RoleInfo.java:shutdownLeaderElection(134)) - 36c37c2c-d4a8-4ab0-a139-b83097af7aa6: shutdown LeaderElection
2019-07-13 07:29:53,475 INFO  impl.RaftServerImpl (RaftServerImpl.java:setRole(171)) - 36c37c2c-d4a8-4ab0-a139-b83097af7aa6:group-6C768A4EF2B8 changes role from CANDIDATE to LEADER at term 1 for changeToLeader
2019-07-13 07:29:53,475 INFO  impl.RaftServerImpl (ServerState.java:setLeader(263)) - 36c37c2c-d4a8-4ab0-a139-b83097af7aa6:group-6C768A4EF2B8 change Leader from null to 36c37c2c-d4a8-4ab0-a139-b83097af7aa6 at term 1 for becomeLeader, leader elected after 5092ms
2019-07-13 07:29:53,477 INFO  server.RaftServerConfigKeys (ConfUtils.java:logGet(43)) - raft.server.staging.catchup.gap = 1000 (default)
2019-07-13 07:29:53,477 INFO  server.RaftServerConfigKeys (ConfUtils.java:logGet(43)) - raft.server.rpc.sleep.time = 25ms (default)
2019-07-13 07:29:53,477 INFO  server.RaftServerConfigKeys (ConfUtils.java:logGet(43)) - raft.server.write.element-limit = 4096 (default)
2019-07-13 07:29:53,478 INFO  server.RaftServerConfigKeys (ConfUtils.java:logGet(43)) - raft.server.watch.timeout = 10s (default)
2019-07-13 07:29:53,478 INFO  server.RaftServerConfigKeys (ConfUtils.java:logGet(43)) - raft.server.watch.timeout.denomination = 1s (default)
2019-07-13 07:29:53,478 INFO  server.RaftServerConfigKeys (ConfUtils.java:logGet(43)) - raft.server.watch.element-limit = 65536 (default)
2019-07-13 07:29:53,478 INFO  impl.RoleInfo (RoleInfo.java:updateAndGet(143)) - 36c37c2c-d4a8-4ab0-a139-b83097af7aa6: start LeaderState
2019-07-13 07:29:53,479 INFO  segmented.SegmentedRaftLogWorker (SegmentedRaftLogWorker.java:startLogSegment(380)) - 36c37c2c-d4a8-4ab0-a139-b83097af7aa6-SegmentedRaftLogWorker:Storage Directory /tmp/workdir/hadoop-ozone/integration-test/target/test-dir/MiniOzoneClusterImpl-a1dc88e9-0fc1-4510-915a-29af8445f733/datanode-5/data/ratis/94c61439-485b-4d45-9de2-6c768a4ef2b8: Starting segment from index:0
2019-07-13 07:29:53,479 INFO  impl.RaftServerImpl (ServerState.java:setRaftConf(361)) - 36c37c2c-d4a8-4ab0-a139-b83097af7aa6:group-6C768A4EF2B8 set configuration 0: [36c37c2c-d4a8-4ab0-a139-b83097af7aa6:192.168.69.84:35364], old=null at 0
2019-07-13 07:29:53,527 INFO  segmented.SegmentedRaftLogWorker (SegmentedRaftLogWorker.java:execute(569)) - 36c37c2c-d4a8-4ab0-a139-b83097af7aa6-SegmentedRaftLogWorker:Storage Directory /tmp/workdir/hadoop-ozone/integration-test/target/test-dir/MiniOzoneClusterImpl-a1dc88e9-0fc1-4510-915a-29af8445f733/datanode-5/data/ratis/94c61439-485b-4d45-9de2-6c768a4ef2b8: created new log segment /tmp/workdir/hadoop-ozone/integration-test/target/test-dir/MiniOzoneClusterImpl-a1dc88e9-0fc1-4510-915a-29af8445f733/datanode-5/data/ratis/94c61439-485b-4d45-9de2-6c768a4ef2b8/current/log_inprogress_0
2019-07-13 07:29:53,527 INFO  segmented.SegmentedRaftLogWorker (SegmentedRaftLogWorker.java:execute(569)) - 421489f5-e73a-44dd-9dcb-3dbe44b16c83-SegmentedRaftLogWorker:Storage Directory /tmp/workdir/hadoop-ozone/integration-test/target/test-dir/MiniOzoneClusterImpl-a1dc88e9-0fc1-4510-915a-29af8445f733/datanode-0/data/ratis/6fbd7f6f-c94c-4f9b-9fe5-8c3a827aca02: created new log segment /tmp/workdir/hadoop-ozone/integration-test/target/test-dir/MiniOzoneClusterImpl-a1dc88e9-0fc1-4510-915a-29af8445f733/datanode-0/data/ratis/6fbd7f6f-c94c-4f9b-9fe5-8c3a827aca02/current/log_inprogress_0
2019-07-13 07:29:53,527 INFO  segmented.SegmentedRaftLogWorker (SegmentedRaftLogWorker.java:execute(569)) - 6d791af3-858d-45e1-a270-6cc8d61491a9-SegmentedRaftLogWorker:Storage Directory /tmp/workdir/hadoop-ozone/integration-test/target/test-dir/MiniOzoneClusterImpl-a1dc88e9-0fc1-4510-915a-29af8445f733/datanode-2/data/ratis/588f7b1d-100a-4906-b432-7183243492ae: created new log segment /tmp/workdir/hadoop-ozone/integration-test/target/test-dir/MiniOzoneClusterImpl-a1dc88e9-0fc1-4510-915a-29af8445f733/datanode-2/data/ratis/588f7b1d-100a-4906-b432-7183243492ae/current/log_inprogress_0
2019-07-13 07:29:53,527 INFO  segmented.SegmentedRaftLogWorker (SegmentedRaftLogWorker.java:execute(569)) - 95846af1-48a0-42db-928b-3dac479c6fa5-SegmentedRaftLogWorker:Storage Directory /tmp/workdir/hadoop-ozone/integration-test/target/test-dir/MiniOzoneClusterImpl-a1dc88e9-0fc1-4510-915a-29af8445f733/datanode-1/data/ratis/ba4c2eca-b9a1-4189-bc0c-b06ac297d880: created new log segment /tmp/workdir/hadoop-ozone/integration-test/target/test-dir/MiniOzoneClusterImpl-a1dc88e9-0fc1-4510-915a-29af8445f733/datanode-1/data/ratis/ba4c2eca-b9a1-4189-bc0c-b06ac297d880/current/log_inprogress_0
2019-07-13 07:29:53,546 INFO  impl.FollowerState (FollowerState.java:run(106)) - fb233e29-eb29-4b58-9f9f-9362acac1024:group-8C0A76753B48 changes to CANDIDATE, lastRpcTime:5068, electionTimeout:5068ms
2019-07-13 07:29:53,548 INFO  impl.RoleInfo (RoleInfo.java:shutdownFollowerState(121)) - fb233e29-eb29-4b58-9f9f-9362acac1024: shutdown FollowerState
2019-07-13 07:29:53,548 INFO  impl.RaftServerImpl (RaftServerImpl.java:setRole(171)) - fb233e29-eb29-4b58-9f9f-9362acac1024:group-8C0A76753B48 changes role from FOLLOWER to CANDIDATE at term 0 for changeToCandidate
2019-07-13 07:29:53,548 INFO  impl.RoleInfo (RoleInfo.java:updateAndGet(143)) - fb233e29-eb29-4b58-9f9f-9362acac1024: start LeaderElection
2019-07-13 07:29:53,568 INFO  impl.LeaderElection (LeaderElection.java:askForVotes(181)) - fb233e29-eb29-4b58-9f9f-9362acac1024:group-8C0A76753B48:LeaderElection5: begin an election at term 1 for -1: [fb233e29-eb29-4b58-9f9f-9362acac1024:192.168.69.84:42684], old=null
2019-07-13 07:29:53,571 INFO  impl.RoleInfo (RoleInfo.java:shutdownLeaderElection(134)) - fb233e29-eb29-4b58-9f9f-9362acac1024: shutdown LeaderElection
2019-07-13 07:29:53,571 INFO  impl.RaftServerImpl (RaftServerImpl.java:setRole(171)) - fb233e29-eb29-4b58-9f9f-9362acac1024:group-8C0A76753B48 changes role from CANDIDATE to LEADER at term 1 for changeToLeader
2019-07-13 07:29:53,571 INFO  impl.RaftServerImpl (ServerState.java:setLeader(263)) - fb233e29-eb29-4b58-9f9f-9362acac1024:group-8C0A76753B48 change Leader from null to fb233e29-eb29-4b58-9f9f-9362acac1024 at term 1 for becomeLeader, leader elected after 5098ms
2019-07-13 07:29:53,573 INFO  server.RaftServerConfigKeys (ConfUtils.java:logGet(43)) - raft.server.staging.catchup.gap = 1000 (default)
2019-07-13 07:29:53,573 INFO  server.RaftServerConfigKeys (ConfUtils.java:logGet(43)) - raft.server.rpc.sleep.time = 25ms (default)
2019-07-13 07:29:53,573 INFO  server.RaftServerConfigKeys (ConfUtils.java:logGet(43)) - raft.server.write.element-limit = 4096 (default)
2019-07-13 07:29:53,574 INFO  server.RaftServerConfigKeys (ConfUtils.java:logGet(43)) - raft.server.watch.timeout = 10s (default)
2019-07-13 07:29:53,574 INFO  server.RaftServerConfigKeys (ConfUtils.java:logGet(43)) - raft.server.watch.timeout.denomination = 1s (default)
2019-07-13 07:29:53,574 INFO  server.RaftServerConfigKeys (ConfUtils.java:logGet(43)) - raft.server.watch.element-limit = 65536 (default)
2019-07-13 07:29:53,574 INFO  impl.RoleInfo (RoleInfo.java:updateAndGet(143)) - fb233e29-eb29-4b58-9f9f-9362acac1024: start LeaderState
2019-07-13 07:29:53,575 INFO  segmented.SegmentedRaftLogWorker (SegmentedRaftLogWorker.java:startLogSegment(380)) - fb233e29-eb29-4b58-9f9f-9362acac1024-SegmentedRaftLogWorker:Storage Directory /tmp/workdir/hadoop-ozone/integration-test/target/test-dir/MiniOzoneClusterImpl-a1dc88e9-0fc1-4510-915a-29af8445f733/datanode-3/data/ratis/1deebacd-ef39-410d-874a-8c0a76753b48: Starting segment from index:0
2019-07-13 07:29:53,575 INFO  impl.RaftServerImpl (ServerState.java:setRaftConf(361)) - fb233e29-eb29-4b58-9f9f-9362acac1024:group-8C0A76753B48 set configuration 0: [fb233e29-eb29-4b58-9f9f-9362acac1024:192.168.69.84:42684], old=null at 0
2019-07-13 07:29:53,606 INFO  segmented.SegmentedRaftLogWorker (SegmentedRaftLogWorker.java:execute(569)) - fb233e29-eb29-4b58-9f9f-9362acac1024-SegmentedRaftLogWorker:Storage Directory /tmp/workdir/hadoop-ozone/integration-test/target/test-dir/MiniOzoneClusterImpl-a1dc88e9-0fc1-4510-915a-29af8445f733/datanode-3/data/ratis/1deebacd-ef39-410d-874a-8c0a76753b48: created new log segment /tmp/workdir/hadoop-ozone/integration-test/target/test-dir/MiniOzoneClusterImpl-a1dc88e9-0fc1-4510-915a-29af8445f733/datanode-3/data/ratis/1deebacd-ef39-410d-874a-8c0a76753b48/current/log_inprogress_0
2019-07-13 07:29:53,657 INFO  impl.FollowerState (FollowerState.java:run(106)) - 65673497-0e17-48a1-b5b2-41721efc9fc5:group-2C8ECE64B847 changes to CANDIDATE, lastRpcTime:5019, electionTimeout:5019ms
2019-07-13 07:29:53,657 INFO  impl.RoleInfo (RoleInfo.java:shutdownFollowerState(121)) - 65673497-0e17-48a1-b5b2-41721efc9fc5: shutdown FollowerState
2019-07-13 07:29:53,657 INFO  impl.RaftServerImpl (RaftServerImpl.java:setRole(171)) - 65673497-0e17-48a1-b5b2-41721efc9fc5:group-2C8ECE64B847 changes role from FOLLOWER to CANDIDATE at term 0 for changeToCandidate
2019-07-13 07:29:53,657 INFO  impl.RoleInfo (RoleInfo.java:updateAndGet(143)) - 65673497-0e17-48a1-b5b2-41721efc9fc5: start LeaderElection
2019-07-13 07:29:53,675 INFO  impl.LeaderElection (LeaderElection.java:askForVotes(181)) - 65673497-0e17-48a1-b5b2-41721efc9fc5:group-2C8ECE64B847:LeaderElection6: begin an election at term 1 for -1: [65673497-0e17-48a1-b5b2-41721efc9fc5:192.168.69.84:45761], old=null
2019-07-13 07:29:53,684 INFO  impl.RoleInfo (RoleInfo.java:shutdownLeaderElection(134)) - 65673497-0e17-48a1-b5b2-41721efc9fc5: shutdown LeaderElection
2019-07-13 07:29:53,684 INFO  impl.RaftServerImpl (RaftServerImpl.java:setRole(171)) - 65673497-0e17-48a1-b5b2-41721efc9fc5:group-2C8ECE64B847 changes role from CANDIDATE to LEADER at term 1 for changeToLeader
2019-07-13 07:29:53,684 INFO  impl.RaftServerImpl (ServerState.java:setLeader(263)) - 65673497-0e17-48a1-b5b2-41721efc9fc5:group-2C8ECE64B847 change Leader from null to 65673497-0e17-48a1-b5b2-41721efc9fc5 at term 1 for becomeLeader, leader elected after 5052ms
2019-07-13 07:29:53,686 INFO  server.RaftServerConfigKeys (ConfUtils.java:logGet(43)) - raft.server.staging.catchup.gap = 1000 (default)
2019-07-13 07:29:53,687 INFO  server.RaftServerConfigKeys (ConfUtils.java:logGet(43)) - raft.server.rpc.sleep.time = 25ms (default)
2019-07-13 07:29:53,687 INFO  server.RaftServerConfigKeys (ConfUtils.java:logGet(43)) - raft.server.write.element-limit = 4096 (default)
2019-07-13 07:29:53,687 INFO  server.RaftServerConfigKeys (ConfUtils.java:logGet(43)) - raft.server.watch.timeout = 10s (default)
2019-07-13 07:29:53,687 INFO  server.RaftServerConfigKeys (ConfUtils.java:logGet(43)) - raft.server.watch.timeout.denomination = 1s (default)
2019-07-13 07:29:53,687 INFO  server.RaftServerConfigKeys (ConfUtils.java:logGet(43)) - raft.server.watch.element-limit = 65536 (default)
2019-07-13 07:29:53,688 INFO  impl.RoleInfo (RoleInfo.java:updateAndGet(143)) - 65673497-0e17-48a1-b5b2-41721efc9fc5: start LeaderState
2019-07-13 07:29:53,688 INFO  segmented.SegmentedRaftLogWorker (SegmentedRaftLogWorker.java:startLogSegment(380)) - 65673497-0e17-48a1-b5b2-41721efc9fc5-SegmentedRaftLogWorker:Storage Directory /tmp/workdir/hadoop-ozone/integration-test/target/test-dir/MiniOzoneClusterImpl-a1dc88e9-0fc1-4510-915a-29af8445f733/datanode-4/data/ratis/8335da15-db22-43db-8634-2c8ece64b847: Starting segment from index:0
2019-07-13 07:29:53,689 INFO  impl.RaftServerImpl (ServerState.java:setRaftConf(361)) - 65673497-0e17-48a1-b5b2-41721efc9fc5:group-2C8ECE64B847 set configuration 0: [65673497-0e17-48a1-b5b2-41721efc9fc5:192.168.69.84:45761], old=null at 0
2019-07-13 07:29:53,722 INFO  segmented.SegmentedRaftLogWorker (SegmentedRaftLogWorker.java:execute(569)) - 65673497-0e17-48a1-b5b2-41721efc9fc5-SegmentedRaftLogWorker:Storage Directory /tmp/workdir/hadoop-ozone/integration-test/target/test-dir/MiniOzoneClusterImpl-a1dc88e9-0fc1-4510-915a-29af8445f733/datanode-4/data/ratis/8335da15-db22-43db-8634-2c8ece64b847: created new log segment /tmp/workdir/hadoop-ozone/integration-test/target/test-dir/MiniOzoneClusterImpl-a1dc88e9-0fc1-4510-915a-29af8445f733/datanode-4/data/ratis/8335da15-db22-43db-8634-2c8ece64b847/current/log_inprogress_0
2019-07-13 07:29:53,728 INFO  impl.FollowerState (FollowerState.java:run(106)) - 2a65270f-ca9f-476c-bd95-098a2ebcf7cf:group-A149BEB1F5EC changes to CANDIDATE, lastRpcTime:5172, electionTimeout:5172ms
2019-07-13 07:29:53,728 INFO  impl.RoleInfo (RoleInfo.java:shutdownFollowerState(121)) - 2a65270f-ca9f-476c-bd95-098a2ebcf7cf: shutdown FollowerState
2019-07-13 07:29:53,728 INFO  impl.RaftServerImpl (RaftServerImpl.java:setRole(171)) - 2a65270f-ca9f-476c-bd95-098a2ebcf7cf:group-A149BEB1F5EC changes role from FOLLOWER to CANDIDATE at term 0 for changeToCandidate
2019-07-13 07:29:53,728 INFO  impl.RoleInfo (RoleInfo.java:updateAndGet(143)) - 2a65270f-ca9f-476c-bd95-098a2ebcf7cf: start LeaderElection
2019-07-13 07:29:53,744 INFO  impl.LeaderElection (LeaderElection.java:askForVotes(181)) - 2a65270f-ca9f-476c-bd95-098a2ebcf7cf:group-A149BEB1F5EC:LeaderElection7: begin an election at term 1 for -1: [2a65270f-ca9f-476c-bd95-098a2ebcf7cf:192.168.69.84:33159], old=null
2019-07-13 07:29:53,746 INFO  impl.RoleInfo (RoleInfo.java:shutdownLeaderElection(134)) - 2a65270f-ca9f-476c-bd95-098a2ebcf7cf: shutdown LeaderElection
2019-07-13 07:29:53,746 INFO  impl.RaftServerImpl (RaftServerImpl.java:setRole(171)) - 2a65270f-ca9f-476c-bd95-098a2ebcf7cf:group-A149BEB1F5EC changes role from CANDIDATE to LEADER at term 1 for changeToLeader
2019-07-13 07:29:53,747 INFO  impl.RaftServerImpl (ServerState.java:setLeader(263)) - 2a65270f-ca9f-476c-bd95-098a2ebcf7cf:group-A149BEB1F5EC change Leader from null to 2a65270f-ca9f-476c-bd95-098a2ebcf7cf at term 1 for becomeLeader, leader elected after 5196ms
2019-07-13 07:29:53,748 INFO  server.RaftServerConfigKeys (ConfUtils.java:logGet(43)) - raft.server.staging.catchup.gap = 1000 (default)
2019-07-13 07:29:53,749 INFO  server.RaftServerConfigKeys (ConfUtils.java:logGet(43)) - raft.server.rpc.sleep.time = 25ms (default)
2019-07-13 07:29:53,749 INFO  server.RaftServerConfigKeys (ConfUtils.java:logGet(43)) - raft.server.write.element-limit = 4096 (default)
2019-07-13 07:29:53,749 INFO  server.RaftServerConfigKeys (ConfUtils.java:logGet(43)) - raft.server.watch.timeout = 10s (default)
2019-07-13 07:29:53,749 INFO  server.RaftServerConfigKeys (ConfUtils.java:logGet(43)) - raft.server.watch.timeout.denomination = 1s (default)
2019-07-13 07:29:53,749 INFO  server.RaftServerConfigKeys (ConfUtils.java:logGet(43)) - raft.server.watch.element-limit = 65536 (default)
2019-07-13 07:29:53,750 INFO  impl.RoleInfo (RoleInfo.java:updateAndGet(143)) - 2a65270f-ca9f-476c-bd95-098a2ebcf7cf: start LeaderState
2019-07-13 07:29:53,750 INFO  segmented.SegmentedRaftLogWorker (SegmentedRaftLogWorker.java:startLogSegment(380)) - 2a65270f-ca9f-476c-bd95-098a2ebcf7cf-SegmentedRaftLogWorker:Storage Directory /tmp/workdir/hadoop-ozone/integration-test/target/test-dir/MiniOzoneClusterImpl-a1dc88e9-0fc1-4510-915a-29af8445f733/datanode-6/data/ratis/7abd8fa8-1605-41d3-9936-a149beb1f5ec: Starting segment from index:0
2019-07-13 07:29:53,751 INFO  impl.RaftServerImpl (ServerState.java:setRaftConf(361)) - 2a65270f-ca9f-476c-bd95-098a2ebcf7cf:group-A149BEB1F5EC set configuration 0: [2a65270f-ca9f-476c-bd95-098a2ebcf7cf:192.168.69.84:33159], old=null at 0
2019-07-13 07:29:53,783 INFO  segmented.SegmentedRaftLogWorker (SegmentedRaftLogWorker.java:execute(569)) - 2a65270f-ca9f-476c-bd95-098a2ebcf7cf-SegmentedRaftLogWorker:Storage Directory /tmp/workdir/hadoop-ozone/integration-test/target/test-dir/MiniOzoneClusterImpl-a1dc88e9-0fc1-4510-915a-29af8445f733/datanode-6/data/ratis/7abd8fa8-1605-41d3-9936-a149beb1f5ec: created new log segment /tmp/workdir/hadoop-ozone/integration-test/target/test-dir/MiniOzoneClusterImpl-a1dc88e9-0fc1-4510-915a-29af8445f733/datanode-6/data/ratis/7abd8fa8-1605-41d3-9936-a149beb1f5ec/current/log_inprogress_0
2019-07-13 07:29:53,799 INFO  impl.FollowerState (FollowerState.java:run(106)) - 6d791af3-858d-45e1-a270-6cc8d61491a9:group-E129051EED46 changes to CANDIDATE, lastRpcTime:5037, electionTimeout:5037ms
2019-07-13 07:29:53,799 INFO  impl.RoleInfo (RoleInfo.java:shutdownFollowerState(121)) - 6d791af3-858d-45e1-a270-6cc8d61491a9: shutdown FollowerState
2019-07-13 07:29:53,799 INFO  impl.RaftServerImpl (RaftServerImpl.java:setRole(171)) - 6d791af3-858d-45e1-a270-6cc8d61491a9:group-E129051EED46 changes role from FOLLOWER to CANDIDATE at term 0 for changeToCandidate
2019-07-13 07:29:53,799 INFO  impl.RoleInfo (RoleInfo.java:updateAndGet(143)) - 6d791af3-858d-45e1-a270-6cc8d61491a9: start LeaderElection
2019-07-13 07:29:53,817 INFO  impl.LeaderElection (LeaderElection.java:askForVotes(181)) - 6d791af3-858d-45e1-a270-6cc8d61491a9:group-E129051EED46:LeaderElection8: begin an election at term 1 for -1: [95846af1-48a0-42db-928b-3dac479c6fa5:192.168.69.84:42094, 421489f5-e73a-44dd-9dcb-3dbe44b16c83:192.168.69.84:46222, 6d791af3-858d-45e1-a270-6cc8d61491a9:192.168.69.84:44936], old=null
2019-07-13 07:29:53,849 INFO  impl.RaftServerImpl (RaftServerImpl.java:setRole(171)) - 95846af1-48a0-42db-928b-3dac479c6fa5:group-E129051EED46 changes role from FOLLOWER to FOLLOWER at term 1 for recognizeCandidate:6d791af3-858d-45e1-a270-6cc8d61491a9
2019-07-13 07:29:53,849 INFO  impl.RaftServerImpl (RaftServerImpl.java:setRole(171)) - 421489f5-e73a-44dd-9dcb-3dbe44b16c83:group-E129051EED46 changes role from FOLLOWER to FOLLOWER at term 1 for recognizeCandidate:6d791af3-858d-45e1-a270-6cc8d61491a9
2019-07-13 07:29:53,850 INFO  impl.RoleInfo (RoleInfo.java:shutdownFollowerState(121)) - 95846af1-48a0-42db-928b-3dac479c6fa5: shutdown FollowerState
2019-07-13 07:29:53,850 INFO  impl.RoleInfo (RoleInfo.java:shutdownFollowerState(121)) - 421489f5-e73a-44dd-9dcb-3dbe44b16c83: shutdown FollowerState
2019-07-13 07:29:53,850 INFO  impl.RoleInfo (RoleInfo.java:updateAndGet(143)) - 95846af1-48a0-42db-928b-3dac479c6fa5: start FollowerState
2019-07-13 07:29:53,850 INFO  impl.RoleInfo (RoleInfo.java:updateAndGet(143)) - 421489f5-e73a-44dd-9dcb-3dbe44b16c83: start FollowerState
2019-07-13 07:29:53,850 INFO  impl.FollowerState (FollowerState.java:run(114)) - 421489f5-e73a-44dd-9dcb-3dbe44b16c83: FollowerState was interrupted: java.lang.InterruptedException: sleep interrupted
2019-07-13 07:29:53,850 INFO  impl.FollowerState (FollowerState.java:run(114)) - 95846af1-48a0-42db-928b-3dac479c6fa5: FollowerState was interrupted: java.lang.InterruptedException: sleep interrupted
2019-07-13 07:29:53,883 INFO  impl.LeaderElection (LeaderElection.java:logAndReturn(56)) - 6d791af3-858d-45e1-a270-6cc8d61491a9:group-E129051EED46:LeaderElection8: Election PASSED; received 1 response(s) [6d791af3-858d-45e1-a270-6cc8d61491a9<-95846af1-48a0-42db-928b-3dac479c6fa5#0:OK-t1] and 0 exception(s); 6d791af3-858d-45e1-a270-6cc8d61491a9:t1, leader=null, voted=6d791af3-858d-45e1-a270-6cc8d61491a9, raftlog=6d791af3-858d-45e1-a270-6cc8d61491a9-SegmentedRaftLog:OPENED:c-1,f-1,i0, conf=-1: [95846af1-48a0-42db-928b-3dac479c6fa5:192.168.69.84:42094, 421489f5-e73a-44dd-9dcb-3dbe44b16c83:192.168.69.84:46222, 6d791af3-858d-45e1-a270-6cc8d61491a9:192.168.69.84:44936], old=null
2019-07-13 07:29:53,883 INFO  impl.RoleInfo (RoleInfo.java:shutdownLeaderElection(134)) - 6d791af3-858d-45e1-a270-6cc8d61491a9: shutdown LeaderElection
2019-07-13 07:29:53,883 INFO  impl.RaftServerImpl (RaftServerImpl.java:setRole(171)) - 6d791af3-858d-45e1-a270-6cc8d61491a9:group-E129051EED46 changes role from CANDIDATE to LEADER at term 1 for changeToLeader
2019-07-13 07:29:53,885 INFO  impl.RaftServerImpl (ServerState.java:setLeader(263)) - 6d791af3-858d-45e1-a270-6cc8d61491a9:group-E129051EED46 change Leader from null to 6d791af3-858d-45e1-a270-6cc8d61491a9 at term 1 for becomeLeader, leader elected after 5138ms
2019-07-13 07:29:53,886 INFO  server.RaftServerConfigKeys (ConfUtils.java:logGet(43)) - raft.server.staging.catchup.gap = 1000 (default)
2019-07-13 07:29:53,886 INFO  server.RaftServerConfigKeys (ConfUtils.java:logGet(43)) - raft.server.rpc.sleep.time = 25ms (default)
2019-07-13 07:29:53,886 INFO  server.RaftServerConfigKeys (ConfUtils.java:logGet(43)) - raft.server.write.element-limit = 4096 (default)
2019-07-13 07:29:53,886 INFO  server.RaftServerConfigKeys (ConfUtils.java:logGet(43)) - raft.server.watch.timeout = 10s (default)
2019-07-13 07:29:53,887 INFO  server.RaftServerConfigKeys (ConfUtils.java:logGet(43)) - raft.server.watch.timeout.denomination = 1s (default)
2019-07-13 07:29:53,887 INFO  server.RaftServerConfigKeys (ConfUtils.java:logGet(43)) - raft.server.watch.element-limit = 65536 (default)
2019-07-13 07:29:53,890 INFO  server.RaftServerConfigKeys (ConfUtils.java:logGet(43)) - raft.server.log.appender.snapshot.chunk.size.max = 16MB (=16777216) (default)
2019-07-13 07:29:53,890 INFO  server.RaftServerConfigKeys (ConfUtils.java:logGet(43)) - raft.server.log.appender.buffer.byte-limit = 33554432 (custom)
2019-07-13 07:29:53,891 INFO  impl.FollowerState (FollowerState.java:run(106)) - 36c37c2c-d4a8-4ab0-a139-b83097af7aa6:group-B6F2163524F3 changes to CANDIDATE, lastRpcTime:5016, electionTimeout:5013ms
2019-07-13 07:29:53,891 INFO  server.RaftServerConfigKeys (ConfUtils.java:logGet(43)) - raft.server.log.appender.buffer.element-limit = 1 (custom)
2019-07-13 07:29:53,893 INFO  impl.RoleInfo (RoleInfo.java:shutdownFollowerState(121)) - 36c37c2c-d4a8-4ab0-a139-b83097af7aa6: shutdown FollowerState
2019-07-13 07:29:53,894 INFO  impl.RaftServerImpl (RaftServerImpl.java:setRole(171)) - 36c37c2c-d4a8-4ab0-a139-b83097af7aa6:group-B6F2163524F3 changes role from FOLLOWER to CANDIDATE at term 0 for changeToCandidate
2019-07-13 07:29:53,894 INFO  impl.RoleInfo (RoleInfo.java:updateAndGet(143)) - 36c37c2c-d4a8-4ab0-a139-b83097af7aa6: start LeaderElection
2019-07-13 07:29:53,902 INFO  grpc.GrpcConfigKeys$Server (ConfUtils.java:logGet(43)) - raft.grpc.server.leader.outstanding.appends.max = 128 (default)
2019-07-13 07:29:53,904 INFO  server.RaftServerConfigKeys (ConfUtils.java:logGet(43)) - raft.server.rpc.request.timeout = 3000ms (default)
2019-07-13 07:29:53,904 INFO  server.RaftServerConfigKeys (ConfUtils.java:logGet(43)) - raft.server.log.appender.install.snapshot.enabled = false (custom)
2019-07-13 07:29:53,905 INFO  server.RaftServerConfigKeys (ConfUtils.java:logGet(43)) - raft.server.log.appender.snapshot.chunk.size.max = 16MB (=16777216) (default)
2019-07-13 07:29:53,905 INFO  server.RaftServerConfigKeys (ConfUtils.java:logGet(43)) - raft.server.log.appender.buffer.byte-limit = 33554432 (custom)
2019-07-13 07:29:53,905 INFO  server.RaftServerConfigKeys (ConfUtils.java:logGet(43)) - raft.server.log.appender.buffer.element-limit = 1 (custom)
2019-07-13 07:29:53,905 INFO  grpc.GrpcConfigKeys$Server (ConfUtils.java:logGet(43)) - raft.grpc.server.leader.outstanding.appends.max = 128 (default)
2019-07-13 07:29:53,905 INFO  server.RaftServerConfigKeys (ConfUtils.java:logGet(43)) - raft.server.rpc.request.timeout = 3000ms (default)
2019-07-13 07:29:53,906 INFO  server.RaftServerConfigKeys (ConfUtils.java:logGet(43)) - raft.server.log.appender.install.snapshot.enabled = false (custom)
2019-07-13 07:29:53,907 INFO  impl.RoleInfo (RoleInfo.java:updateAndGet(143)) - 6d791af3-858d-45e1-a270-6cc8d61491a9: start LeaderState
2019-07-13 07:29:53,908 INFO  segmented.SegmentedRaftLogWorker (SegmentedRaftLogWorker.java:startLogSegment(380)) - 6d791af3-858d-45e1-a270-6cc8d61491a9-SegmentedRaftLogWorker:Storage Directory /tmp/workdir/hadoop-ozone/integration-test/target/test-dir/MiniOzoneClusterImpl-a1dc88e9-0fc1-4510-915a-29af8445f733/datanode-2/data/ratis/c5c1eade-76ae-43cc-84c9-e129051eed46: Starting segment from index:0
2019-07-13 07:29:53,909 INFO  impl.RaftServerImpl (ServerState.java:setRaftConf(361)) - 6d791af3-858d-45e1-a270-6cc8d61491a9:group-E129051EED46 set configuration 0: [95846af1-48a0-42db-928b-3dac479c6fa5:192.168.69.84:42094, 421489f5-e73a-44dd-9dcb-3dbe44b16c83:192.168.69.84:46222, 6d791af3-858d-45e1-a270-6cc8d61491a9:192.168.69.84:44936], old=null at 0
2019-07-13 07:29:53,930 INFO  impl.LeaderElection (LeaderElection.java:askForVotes(181)) - 36c37c2c-d4a8-4ab0-a139-b83097af7aa6:group-B6F2163524F3:LeaderElection9: begin an election at term 1 for -1: [fb233e29-eb29-4b58-9f9f-9362acac1024:192.168.69.84:42684, 2a65270f-ca9f-476c-bd95-098a2ebcf7cf:192.168.69.84:33159, 36c37c2c-d4a8-4ab0-a139-b83097af7aa6:192.168.69.84:35364], old=null
2019-07-13 07:29:53,942 INFO  segmented.SegmentedRaftLogWorker (SegmentedRaftLogWorker.java:execute(569)) - 6d791af3-858d-45e1-a270-6cc8d61491a9-SegmentedRaftLogWorker:Storage Directory /tmp/workdir/hadoop-ozone/integration-test/target/test-dir/MiniOzoneClusterImpl-a1dc88e9-0fc1-4510-915a-29af8445f733/datanode-2/data/ratis/c5c1eade-76ae-43cc-84c9-e129051eed46: created new log segment /tmp/workdir/hadoop-ozone/integration-test/target/test-dir/MiniOzoneClusterImpl-a1dc88e9-0fc1-4510-915a-29af8445f733/datanode-2/data/ratis/c5c1eade-76ae-43cc-84c9-e129051eed46/current/log_inprogress_0
2019-07-13 07:29:53,944 INFO  impl.FollowerState (FollowerState.java:run(106)) - 2a65270f-ca9f-476c-bd95-098a2ebcf7cf:group-B6F2163524F3 changes to CANDIDATE, lastRpcTime:5072, electionTimeout:5070ms
2019-07-13 07:29:53,944 INFO  impl.RoleInfo (RoleInfo.java:shutdownFollowerState(121)) - 2a65270f-ca9f-476c-bd95-098a2ebcf7cf: shutdown FollowerState
2019-07-13 07:29:53,944 INFO  impl.RaftServerImpl (RaftServerImpl.java:setRole(171)) - 2a65270f-ca9f-476c-bd95-098a2ebcf7cf:group-B6F2163524F3 changes role from FOLLOWER to CANDIDATE at term 0 for changeToCandidate
2019-07-13 07:29:53,945 INFO  impl.RoleInfo (RoleInfo.java:updateAndGet(143)) - 2a65270f-ca9f-476c-bd95-098a2ebcf7cf: start LeaderElection
2019-07-13 07:29:53,962 INFO  impl.LeaderElection (LeaderElection.java:askForVotes(181)) - 2a65270f-ca9f-476c-bd95-098a2ebcf7cf:group-B6F2163524F3:LeaderElection10: begin an election at term 1 for -1: [fb233e29-eb29-4b58-9f9f-9362acac1024:192.168.69.84:42684, 2a65270f-ca9f-476c-bd95-098a2ebcf7cf:192.168.69.84:33159, 36c37c2c-d4a8-4ab0-a139-b83097af7aa6:192.168.69.84:35364], old=null
2019-07-13 07:29:53,966 INFO  impl.RaftServerImpl (RaftServerImpl.java:setRole(171)) - fb233e29-eb29-4b58-9f9f-9362acac1024:group-B6F2163524F3 changes role from FOLLOWER to FOLLOWER at term 1 for recognizeCandidate:36c37c2c-d4a8-4ab0-a139-b83097af7aa6
2019-07-13 07:29:53,966 INFO  impl.RoleInfo (RoleInfo.java:shutdownFollowerState(121)) - fb233e29-eb29-4b58-9f9f-9362acac1024: shutdown FollowerState
2019-07-13 07:29:53,969 INFO  impl.FollowerState (FollowerState.java:run(114)) - fb233e29-eb29-4b58-9f9f-9362acac1024: FollowerState was interrupted: java.lang.InterruptedException: sleep interrupted
2019-07-13 07:29:53,969 INFO  impl.RoleInfo (RoleInfo.java:updateAndGet(143)) - fb233e29-eb29-4b58-9f9f-9362acac1024: start FollowerState
2019-07-13 07:29:53,991 INFO  impl.LeaderElection (LeaderElection.java:logAndReturn(56)) - 36c37c2c-d4a8-4ab0-a139-b83097af7aa6:group-B6F2163524F3:LeaderElection9: Election PASSED; received 2 response(s) [36c37c2c-d4a8-4ab0-a139-b83097af7aa6<-fb233e29-eb29-4b58-9f9f-9362acac1024#0:OK-t1, 36c37c2c-d4a8-4ab0-a139-b83097af7aa6<-2a65270f-ca9f-476c-bd95-098a2ebcf7cf#0:FAIL-t1] and 0 exception(s); 36c37c2c-d4a8-4ab0-a139-b83097af7aa6:t1, leader=null, voted=36c37c2c-d4a8-4ab0-a139-b83097af7aa6, raftlog=36c37c2c-d4a8-4ab0-a139-b83097af7aa6-SegmentedRaftLog:OPENED:c-1,f-1,i0, conf=-1: [fb233e29-eb29-4b58-9f9f-9362acac1024:192.168.69.84:42684, 2a65270f-ca9f-476c-bd95-098a2ebcf7cf:192.168.69.84:33159, 36c37c2c-d4a8-4ab0-a139-b83097af7aa6:192.168.69.84:35364], old=null
2019-07-13 07:29:53,991 INFO  impl.RoleInfo (RoleInfo.java:shutdownLeaderElection(134)) - 36c37c2c-d4a8-4ab0-a139-b83097af7aa6: shutdown LeaderElection
2019-07-13 07:29:53,994 INFO  impl.RaftServerImpl (RaftServerImpl.java:setRole(171)) - 36c37c2c-d4a8-4ab0-a139-b83097af7aa6:group-B6F2163524F3 changes role from CANDIDATE to LEADER at term 1 for changeToLeader
2019-07-13 07:29:53,994 INFO  impl.RaftServerImpl (ServerState.java:setLeader(263)) - 36c37c2c-d4a8-4ab0-a139-b83097af7aa6:group-B6F2163524F3 change Leader from null to 36c37c2c-d4a8-4ab0-a139-b83097af7aa6 at term 1 for becomeLeader, leader elected after 5136ms
2019-07-13 07:29:53,995 INFO  server.RaftServerConfigKeys (ConfUtils.java:logGet(43)) - raft.server.staging.catchup.gap = 1000 (default)
2019-07-13 07:29:53,995 INFO  server.RaftServerConfigKeys (ConfUtils.java:logGet(43)) - raft.server.rpc.sleep.time = 25ms (default)
2019-07-13 07:29:53,995 INFO  server.RaftServerConfigKeys (ConfUtils.java:logGet(43)) - raft.server.write.element-limit = 4096 (default)
2019-07-13 07:29:53,999 INFO  server.RaftServerConfigKeys (ConfUtils.java:logGet(43)) - raft.server.watch.timeout = 10s (default)
2019-07-13 07:29:53,999 INFO  server.RaftServerConfigKeys (ConfUtils.java:logGet(43)) - raft.server.watch.timeout.denomination = 1s (default)
2019-07-13 07:29:54,000 INFO  server.RaftServerConfigKeys (ConfUtils.java:logGet(43)) - raft.server.watch.element-limit = 65536 (default)
2019-07-13 07:29:54,004 INFO  server.RaftServerConfigKeys (ConfUtils.java:logGet(43)) - raft.server.log.appender.snapshot.chunk.size.max = 16MB (=16777216) (default)
2019-07-13 07:29:54,005 INFO  server.RaftServerConfigKeys (ConfUtils.java:logGet(43)) - raft.server.log.appender.buffer.byte-limit = 33554432 (custom)
2019-07-13 07:29:54,005 INFO  server.RaftServerConfigKeys (ConfUtils.java:logGet(43)) - raft.server.log.appender.buffer.element-limit = 1 (custom)
2019-07-13 07:29:54,005 INFO  grpc.GrpcConfigKeys$Server (ConfUtils.java:logGet(43)) - raft.grpc.server.leader.outstanding.appends.max = 128 (default)
2019-07-13 07:29:54,007 INFO  server.RaftServerConfigKeys (ConfUtils.java:logGet(43)) - raft.server.rpc.request.timeout = 3000ms (default)
2019-07-13 07:29:54,008 INFO  server.RaftServerConfigKeys (ConfUtils.java:logGet(43)) - raft.server.log.appender.install.snapshot.enabled = false (custom)
2019-07-13 07:29:54,008 INFO  server.RaftServerConfigKeys (ConfUtils.java:logGet(43)) - raft.server.log.appender.snapshot.chunk.size.max = 16MB (=16777216) (default)
2019-07-13 07:29:54,012 INFO  server.RaftServerConfigKeys (ConfUtils.java:logGet(43)) - raft.server.log.appender.buffer.byte-limit = 33554432 (custom)
2019-07-13 07:29:54,012 INFO  server.RaftServerConfigKeys (ConfUtils.java:logGet(43)) - raft.server.log.appender.buffer.element-limit = 1 (custom)
2019-07-13 07:29:54,014 INFO  impl.RaftServerImpl (ServerState.java:setLeader(263)) - 95846af1-48a0-42db-928b-3dac479c6fa5:group-E129051EED46 change Leader from null to 6d791af3-858d-45e1-a270-6cc8d61491a9 at term 1 for appendEntries, leader elected after 5268ms
2019-07-13 07:29:54,017 INFO  grpc.GrpcConfigKeys$Server (ConfUtils.java:logGet(43)) - raft.grpc.server.leader.outstanding.appends.max = 128 (default)
2019-07-13 07:29:54,014 INFO  impl.RaftServerImpl (ServerState.java:setLeader(263)) - 421489f5-e73a-44dd-9dcb-3dbe44b16c83:group-E129051EED46 change Leader from null to 6d791af3-858d-45e1-a270-6cc8d61491a9 at term 1 for appendEntries, leader elected after 5268ms
2019-07-13 07:29:54,017 INFO  server.RaftServerConfigKeys (ConfUtils.java:logGet(43)) - raft.server.rpc.request.timeout = 3000ms (default)
2019-07-13 07:29:54,018 INFO  server.RaftServerConfigKeys (ConfUtils.java:logGet(43)) - raft.server.log.appender.install.snapshot.enabled = false (custom)
2019-07-13 07:29:54,018 INFO  impl.RoleInfo (RoleInfo.java:updateAndGet(143)) - 36c37c2c-d4a8-4ab0-a139-b83097af7aa6: start LeaderState
2019-07-13 07:29:54,018 INFO  segmented.SegmentedRaftLogWorker (SegmentedRaftLogWorker.java:startLogSegment(380)) - 36c37c2c-d4a8-4ab0-a139-b83097af7aa6-SegmentedRaftLogWorker:Storage Directory /tmp/workdir/hadoop-ozone/integration-test/target/test-dir/MiniOzoneClusterImpl-a1dc88e9-0fc1-4510-915a-29af8445f733/datanode-5/data/ratis/fc2d85db-31ad-44fd-8020-b6f2163524f3: Starting segment from index:0
2019-07-13 07:29:54,019 INFO  impl.RaftServerImpl (ServerState.java:setRaftConf(361)) - 36c37c2c-d4a8-4ab0-a139-b83097af7aa6:group-B6F2163524F3 set configuration 0: [fb233e29-eb29-4b58-9f9f-9362acac1024:192.168.69.84:42684, 2a65270f-ca9f-476c-bd95-098a2ebcf7cf:192.168.69.84:33159, 36c37c2c-d4a8-4ab0-a139-b83097af7aa6:192.168.69.84:35364], old=null at 0
2019-07-13 07:29:54,042 INFO  impl.RaftServerImpl (RaftServerImpl.java:requestVote(754)) - 36c37c2c-d4a8-4ab0-a139-b83097af7aa6-LEADER: Withhold vote from candidate 2a65270f-ca9f-476c-bd95-098a2ebcf7cf with term 1. State: leader=36c37c2c-d4a8-4ab0-a139-b83097af7aa6, term=1, lastRpcElapsed=null
2019-07-13 07:29:54,052 INFO  segmented.SegmentedRaftLogWorker (SegmentedRaftLogWorker.java:execute(569)) - 36c37c2c-d4a8-4ab0-a139-b83097af7aa6-SegmentedRaftLogWorker:Storage Directory /tmp/workdir/hadoop-ozone/integration-test/target/test-dir/MiniOzoneClusterImpl-a1dc88e9-0fc1-4510-915a-29af8445f733/datanode-5/data/ratis/fc2d85db-31ad-44fd-8020-b6f2163524f3: created new log segment /tmp/workdir/hadoop-ozone/integration-test/target/test-dir/MiniOzoneClusterImpl-a1dc88e9-0fc1-4510-915a-29af8445f733/datanode-5/data/ratis/fc2d85db-31ad-44fd-8020-b6f2163524f3/current/log_inprogress_0
2019-07-13 07:29:54,052 INFO  impl.LeaderElection (LeaderElection.java:logAndReturn(56)) - 2a65270f-ca9f-476c-bd95-098a2ebcf7cf:group-B6F2163524F3:LeaderElection10: Election REJECTED; received 2 response(s) [2a65270f-ca9f-476c-bd95-098a2ebcf7cf<-fb233e29-eb29-4b58-9f9f-9362acac1024#0:FAIL-t1, 2a65270f-ca9f-476c-bd95-098a2ebcf7cf<-36c37c2c-d4a8-4ab0-a139-b83097af7aa6#0:FAIL-t1] and 0 exception(s); 2a65270f-ca9f-476c-bd95-098a2ebcf7cf:t1, leader=null, voted=2a65270f-ca9f-476c-bd95-098a2ebcf7cf, raftlog=2a65270f-ca9f-476c-bd95-098a2ebcf7cf-SegmentedRaftLog:OPENED:c-1,f-1,i0, conf=-1: [fb233e29-eb29-4b58-9f9f-9362acac1024:192.168.69.84:42684, 2a65270f-ca9f-476c-bd95-098a2ebcf7cf:192.168.69.84:33159, 36c37c2c-d4a8-4ab0-a139-b83097af7aa6:192.168.69.84:35364], old=null
2019-07-13 07:29:54,053 INFO  impl.RaftServerImpl (RaftServerImpl.java:setRole(171)) - 2a65270f-ca9f-476c-bd95-098a2ebcf7cf:group-B6F2163524F3 changes role from CANDIDATE to FOLLOWER at term 1 for appendEntries
2019-07-13 07:29:54,053 INFO  impl.RaftServerImpl (ServerState.java:setLeader(263)) - fb233e29-eb29-4b58-9f9f-9362acac1024:group-B6F2163524F3 change Leader from null to 36c37c2c-d4a8-4ab0-a139-b83097af7aa6 at term 1 for appendEntries, leader elected after 5195ms
2019-07-13 07:29:54,054 INFO  impl.RoleInfo (RoleInfo.java:shutdownLeaderElection(134)) - 2a65270f-ca9f-476c-bd95-098a2ebcf7cf: shutdown LeaderElection
2019-07-13 07:29:54,062 INFO  impl.RoleInfo (RoleInfo.java:updateAndGet(143)) - 2a65270f-ca9f-476c-bd95-098a2ebcf7cf: start FollowerState
2019-07-13 07:29:54,062 INFO  impl.RaftServerImpl (ServerState.java:setLeader(263)) - 2a65270f-ca9f-476c-bd95-098a2ebcf7cf:group-B6F2163524F3 change Leader from null to 36c37c2c-d4a8-4ab0-a139-b83097af7aa6 at term 1 for appendEntries, leader elected after 5204ms
2019-07-13 07:29:54,087 INFO  impl.RaftServerImpl (ServerState.java:setRaftConf(361)) - fb233e29-eb29-4b58-9f9f-9362acac1024:group-B6F2163524F3 set configuration 0: [fb233e29-eb29-4b58-9f9f-9362acac1024:192.168.69.84:42684, 2a65270f-ca9f-476c-bd95-098a2ebcf7cf:192.168.69.84:33159, 36c37c2c-d4a8-4ab0-a139-b83097af7aa6:192.168.69.84:35364], old=null at 0
2019-07-13 07:29:54,087 INFO  impl.RaftServerImpl (ServerState.java:setRaftConf(361)) - 2a65270f-ca9f-476c-bd95-098a2ebcf7cf:group-B6F2163524F3 set configuration 0: [fb233e29-eb29-4b58-9f9f-9362acac1024:192.168.69.84:42684, 2a65270f-ca9f-476c-bd95-098a2ebcf7cf:192.168.69.84:33159, 36c37c2c-d4a8-4ab0-a139-b83097af7aa6:192.168.69.84:35364], old=null at 0
2019-07-13 07:29:54,087 INFO  segmented.SegmentedRaftLogWorker (SegmentedRaftLogWorker.java:startLogSegment(380)) - fb233e29-eb29-4b58-9f9f-9362acac1024-SegmentedRaftLogWorker:Storage Directory /tmp/workdir/hadoop-ozone/integration-test/target/test-dir/MiniOzoneClusterImpl-a1dc88e9-0fc1-4510-915a-29af8445f733/datanode-3/data/ratis/fc2d85db-31ad-44fd-8020-b6f2163524f3: Starting segment from index:0
2019-07-13 07:29:54,087 INFO  impl.RaftServerImpl (ServerState.java:setRaftConf(361)) - 421489f5-e73a-44dd-9dcb-3dbe44b16c83:group-E129051EED46 set configuration 0: [95846af1-48a0-42db-928b-3dac479c6fa5:192.168.69.84:42094, 421489f5-e73a-44dd-9dcb-3dbe44b16c83:192.168.69.84:46222, 6d791af3-858d-45e1-a270-6cc8d61491a9:192.168.69.84:44936], old=null at 0
2019-07-13 07:29:54,087 INFO  impl.RaftServerImpl (ServerState.java:setRaftConf(361)) - 95846af1-48a0-42db-928b-3dac479c6fa5:group-E129051EED46 set configuration 0: [95846af1-48a0-42db-928b-3dac479c6fa5:192.168.69.84:42094, 421489f5-e73a-44dd-9dcb-3dbe44b16c83:192.168.69.84:46222, 6d791af3-858d-45e1-a270-6cc8d61491a9:192.168.69.84:44936], old=null at 0
2019-07-13 07:29:54,088 INFO  segmented.SegmentedRaftLogWorker (SegmentedRaftLogWorker.java:startLogSegment(380)) - 421489f5-e73a-44dd-9dcb-3dbe44b16c83-SegmentedRaftLogWorker:Storage Directory /tmp/workdir/hadoop-ozone/integration-test/target/test-dir/MiniOzoneClusterImpl-a1dc88e9-0fc1-4510-915a-29af8445f733/datanode-0/data/ratis/c5c1eade-76ae-43cc-84c9-e129051eed46: Starting segment from index:0
2019-07-13 07:29:54,087 INFO  segmented.SegmentedRaftLogWorker (SegmentedRaftLogWorker.java:startLogSegment(380)) - 2a65270f-ca9f-476c-bd95-098a2ebcf7cf-SegmentedRaftLogWorker:Storage Directory /tmp/workdir/hadoop-ozone/integration-test/target/test-dir/MiniOzoneClusterImpl-a1dc88e9-0fc1-4510-915a-29af8445f733/datanode-6/data/ratis/fc2d85db-31ad-44fd-8020-b6f2163524f3: Starting segment from index:0
2019-07-13 07:29:54,088 INFO  segmented.SegmentedRaftLogWorker (SegmentedRaftLogWorker.java:startLogSegment(380)) - 95846af1-48a0-42db-928b-3dac479c6fa5-SegmentedRaftLogWorker:Storage Directory /tmp/workdir/hadoop-ozone/integration-test/target/test-dir/MiniOzoneClusterImpl-a1dc88e9-0fc1-4510-915a-29af8445f733/datanode-1/data/ratis/c5c1eade-76ae-43cc-84c9-e129051eed46: Starting segment from index:0
2019-07-13 07:29:54,119 INFO  segmented.SegmentedRaftLogWorker (SegmentedRaftLogWorker.java:execute(569)) - fb233e29-eb29-4b58-9f9f-9362acac1024-SegmentedRaftLogWorker:Storage Directory /tmp/workdir/hadoop-ozone/integration-test/target/test-dir/MiniOzoneClusterImpl-a1dc88e9-0fc1-4510-915a-29af8445f733/datanode-3/data/ratis/fc2d85db-31ad-44fd-8020-b6f2163524f3: created new log segment /tmp/workdir/hadoop-ozone/integration-test/target/test-dir/MiniOzoneClusterImpl-a1dc88e9-0fc1-4510-915a-29af8445f733/datanode-3/data/ratis/fc2d85db-31ad-44fd-8020-b6f2163524f3/current/log_inprogress_0
2019-07-13 07:29:54,119 INFO  segmented.SegmentedRaftLogWorker (SegmentedRaftLogWorker.java:execute(569)) - 2a65270f-ca9f-476c-bd95-098a2ebcf7cf-SegmentedRaftLogWorker:Storage Directory /tmp/workdir/hadoop-ozone/integration-test/target/test-dir/MiniOzoneClusterImpl-a1dc88e9-0fc1-4510-915a-29af8445f733/datanode-6/data/ratis/fc2d85db-31ad-44fd-8020-b6f2163524f3: created new log segment /tmp/workdir/hadoop-ozone/integration-test/target/test-dir/MiniOzoneClusterImpl-a1dc88e9-0fc1-4510-915a-29af8445f733/datanode-6/data/ratis/fc2d85db-31ad-44fd-8020-b6f2163524f3/current/log_inprogress_0
2019-07-13 07:29:54,119 INFO  segmented.SegmentedRaftLogWorker (SegmentedRaftLogWorker.java:execute(569)) - 421489f5-e73a-44dd-9dcb-3dbe44b16c83-SegmentedRaftLogWorker:Storage Directory /tmp/workdir/hadoop-ozone/integration-test/target/test-dir/MiniOzoneClusterImpl-a1dc88e9-0fc1-4510-915a-29af8445f733/datanode-0/data/ratis/c5c1eade-76ae-43cc-84c9-e129051eed46: created new log segment /tmp/workdir/hadoop-ozone/integration-test/target/test-dir/MiniOzoneClusterImpl-a1dc88e9-0fc1-4510-915a-29af8445f733/datanode-0/data/ratis/c5c1eade-76ae-43cc-84c9-e129051eed46/current/log_inprogress_0
2019-07-13 07:29:54,119 INFO  segmented.SegmentedRaftLogWorker (SegmentedRaftLogWorker.java:execute(569)) - 95846af1-48a0-42db-928b-3dac479c6fa5-SegmentedRaftLogWorker:Storage Directory /tmp/workdir/hadoop-ozone/integration-test/target/test-dir/MiniOzoneClusterImpl-a1dc88e9-0fc1-4510-915a-29af8445f733/datanode-1/data/ratis/c5c1eade-76ae-43cc-84c9-e129051eed46: created new log segment /tmp/workdir/hadoop-ozone/integration-test/target/test-dir/MiniOzoneClusterImpl-a1dc88e9-0fc1-4510-915a-29af8445f733/datanode-1/data/ratis/c5c1eade-76ae-43cc-84c9-e129051eed46/current/log_inprogress_0
2019-07-13 07:29:54,524 INFO  client.GrpcClientProtocolClient (GrpcClientProtocolClient.java:onNext(255)) - client-95024ED96938->36c37c2c-d4a8-4ab0-a139-b83097af7aa6: receive RaftClientReply:client-95024ED96938->36c37c2c-d4a8-4ab0-a139-b83097af7aa6@group-B6F2163524F3, cid=13, SUCCESS, logIndex=1, commits[36c37c2c-d4a8-4ab0-a139-b83097af7aa6:c1, fb233e29-eb29-4b58-9f9f-9362acac1024:c0, 2a65270f-ca9f-476c-bd95-098a2ebcf7cf:c0]
2019-07-13 07:29:54,564 INFO  client.GrpcClientProtocolClient (GrpcClientProtocolClient.java:onNext(255)) - client-95024ED96938->36c37c2c-d4a8-4ab0-a139-b83097af7aa6: receive RaftClientReply:client-95024ED96938->36c37c2c-d4a8-4ab0-a139-b83097af7aa6@group-B6F2163524F3, cid=14, SUCCESS, logIndex=3, commits[36c37c2c-d4a8-4ab0-a139-b83097af7aa6:c3, fb233e29-eb29-4b58-9f9f-9362acac1024:c2, 2a65270f-ca9f-476c-bd95-098a2ebcf7cf:c2]
2019-07-13 07:29:54,644 INFO  client.GrpcClientProtocolClient (GrpcClientProtocolClient.java:onNext(255)) - client-95024ED96938->36c37c2c-d4a8-4ab0-a139-b83097af7aa6: receive RaftClientReply:client-95024ED96938->36c37c2c-d4a8-4ab0-a139-b83097af7aa6@group-B6F2163524F3, cid=15, SUCCESS, logIndex=4, commits[36c37c2c-d4a8-4ab0-a139-b83097af7aa6:c12, fb233e29-eb29-4b58-9f9f-9362acac1024:c9, 2a65270f-ca9f-476c-bd95-098a2ebcf7cf:c9]
2019-07-13 07:29:54,649 INFO  client.GrpcClientProtocolClient (GrpcClientProtocolClient.java:onNext(255)) - client-95024ED96938->36c37c2c-d4a8-4ab0-a139-b83097af7aa6: receive RaftClientReply:client-95024ED96938->36c37c2c-d4a8-4ab0-a139-b83097af7aa6@group-B6F2163524F3, cid=16, SUCCESS, logIndex=5, commits[36c37c2c-d4a8-4ab0-a139-b83097af7aa6:c12, fb233e29-eb29-4b58-9f9f-9362acac1024:c9, 2a65270f-ca9f-476c-bd95-098a2ebcf7cf:c9]
2019-07-13 07:29:54,650 INFO  client.GrpcClientProtocolClient (GrpcClientProtocolClient.java:onNext(255)) - client-95024ED96938->36c37c2c-d4a8-4ab0-a139-b83097af7aa6: receive RaftClientReply:client-95024ED96938->36c37c2c-d4a8-4ab0-a139-b83097af7aa6@group-B6F2163524F3, cid=17, SUCCESS, logIndex=6, commits[36c37c2c-d4a8-4ab0-a139-b83097af7aa6:c12, fb233e29-eb29-4b58-9f9f-9362acac1024:c9, 2a65270f-ca9f-476c-bd95-098a2ebcf7cf:c9]
2019-07-13 07:29:54,728 INFO  client.GrpcClientProtocolClient (GrpcClientProtocolClient.java:onNext(255)) - client-95024ED96938->36c37c2c-d4a8-4ab0-a139-b83097af7aa6: receive RaftClientReply:client-95024ED96938->36c37c2c-d4a8-4ab0-a139-b83097af7aa6@group-B6F2163524F3, cid=18, SUCCESS, logIndex=8, commits[36c37c2c-d4a8-4ab0-a139-b83097af7aa6:c12, fb233e29-eb29-4b58-9f9f-9362acac1024:c9, 2a65270f-ca9f-476c-bd95-098a2ebcf7cf:c9]
2019-07-13 07:29:54,754 INFO  client.GrpcClientProtocolClient (GrpcClientProtocolClient.java:onNext(255)) - client-95024ED96938->36c37c2c-d4a8-4ab0-a139-b83097af7aa6: receive RaftClientReply:client-95024ED96938->36c37c2c-d4a8-4ab0-a139-b83097af7aa6@group-B6F2163524F3, cid=19, SUCCESS, logIndex=13, commits[36c37c2c-d4a8-4ab0-a139-b83097af7aa6:c13, fb233e29-eb29-4b58-9f9f-9362acac1024:c12, 2a65270f-ca9f-476c-bd95-098a2ebcf7cf:c12]
2019-07-13 07:29:54,755 INFO  client.GrpcClientProtocolClient (GrpcClientProtocolClient.java:onNext(255)) - client-95024ED96938->36c37c2c-d4a8-4ab0-a139-b83097af7aa6: receive RaftClientReply:client-95024ED96938->36c37c2c-d4a8-4ab0-a139-b83097af7aa6@group-B6F2163524F3, cid=20, SUCCESS, logIndex=14, commits[36c37c2c-d4a8-4ab0-a139-b83097af7aa6:c14, fb233e29-eb29-4b58-9f9f-9362acac1024:c12, 2a65270f-ca9f-476c-bd95-098a2ebcf7cf:c12]
2019-07-13 07:29:54,774 INFO  client.GrpcClientProtocolClient (GrpcClientProtocolClient.java:onNext(255)) - client-95024ED96938->36c37c2c-d4a8-4ab0-a139-b83097af7aa6: receive RaftClientReply:client-95024ED96938->36c37c2c-d4a8-4ab0-a139-b83097af7aa6@group-B6F2163524F3, cid=21, SUCCESS, logIndex=0, commits[36c37c2c-d4a8-4ab0-a139-b83097af7aa6:c16, fb233e29-eb29-4b58-9f9f-9362acac1024:c14, 2a65270f-ca9f-476c-bd95-098a2ebcf7cf:c14]
2019-07-13 07:29:54,775 INFO  datanode.ObjectStoreHandler (ObjectStoreHandler.java:close(155)) - Closing ObjectStoreHandler.
2019-07-13 07:29:54,776 INFO  ozone.HddsDatanodeService (HddsDatanodeService.java:stop(452)) - Stopped plug-in org.apache.hadoop.ozone.web.OzoneHddsDatanodeService@28e7bb31
2019-07-13 07:29:55,497 INFO  statemachine.DatanodeStateMachine (DatanodeStateMachine.java:lambda$startDaemon$0(350)) - Ozone container server started.
2019-07-13 07:29:59,570 INFO  node.StaleNodeHandler (StaleNodeHandler.java:onMessage(58)) - Datanode 2a65270f-ca9f-476c-bd95-098a2ebcf7cf{ip: 192.168.69.84, host: trunk-nightly-9lh4p-2362225927, networkLocation: /default-rack, certSerialId: null} moved to stale state. Finalizing its pipelines [PipelineID=7abd8fa8-1605-41d3-9936-a149beb1f5ec, PipelineID=fc2d85db-31ad-44fd-8020-b6f2163524f3]
2019-07-13 07:29:59,570 INFO  pipeline.SCMPipelineManager (SCMPipelineManager.java:finalizeAndDestroyPipeline(309)) - destroying pipeline:Pipeline[ Id: 7abd8fa8-1605-41d3-9936-a149beb1f5ec, Nodes: 2a65270f-ca9f-476c-bd95-098a2ebcf7cf{ip: 192.168.69.84, host: trunk-nightly-9lh4p-2362225927, networkLocation: /default-rack, certSerialId: null}, Type:RATIS, Factor:ONE, State:OPEN]
2019-07-13 07:29:59,575 INFO  pipeline.PipelineStateManager (PipelineStateManager.java:finalizePipeline(123)) - Pipeline Pipeline[ Id: 7abd8fa8-1605-41d3-9936-a149beb1f5ec, Nodes: 2a65270f-ca9f-476c-bd95-098a2ebcf7cf{ip: 192.168.69.84, host: trunk-nightly-9lh4p-2362225927, networkLocation: /default-rack, certSerialId: null}, Type:RATIS, Factor:ONE, State:CLOSED] moved to CLOSED state
2019-07-13 07:29:59,576 INFO  pipeline.SCMPipelineManager (SCMPipelineManager.java:finalizeAndDestroyPipeline(309)) - destroying pipeline:Pipeline[ Id: fc2d85db-31ad-44fd-8020-b6f2163524f3, Nodes: 2a65270f-ca9f-476c-bd95-098a2ebcf7cf{ip: 192.168.69.84, host: trunk-nightly-9lh4p-2362225927, networkLocation: /default-rack, certSerialId: null}36c37c2c-d4a8-4ab0-a139-b83097af7aa6{ip: 192.168.69.84, host: trunk-nightly-9lh4p-2362225927, networkLocation: /default-rack, certSerialId: null}fb233e29-eb29-4b58-9f9f-9362acac1024{ip: 192.168.69.84, host: trunk-nightly-9lh4p-2362225927, networkLocation: /default-rack, certSerialId: null}, Type:RATIS, Factor:THREE, State:OPEN]
2019-07-13 07:29:59,577 INFO  pipeline.PipelineStateManager (PipelineStateManager.java:finalizePipeline(123)) - Pipeline Pipeline[ Id: fc2d85db-31ad-44fd-8020-b6f2163524f3, Nodes: 2a65270f-ca9f-476c-bd95-098a2ebcf7cf{ip: 192.168.69.84, host: trunk-nightly-9lh4p-2362225927, networkLocation: /default-rack, certSerialId: null}36c37c2c-d4a8-4ab0-a139-b83097af7aa6{ip: 192.168.69.84, host: trunk-nightly-9lh4p-2362225927, networkLocation: /default-rack, certSerialId: null}fb233e29-eb29-4b58-9f9f-9362acac1024{ip: 192.168.69.84, host: trunk-nightly-9lh4p-2362225927, networkLocation: /default-rack, certSerialId: null}, Type:RATIS, Factor:THREE, State:CLOSED] moved to CLOSED state
2019-07-13 07:29:59,577 INFO  container.CloseContainerEventHandler (CloseContainerEventHandler.java:onMessage(61)) - Close container Event triggered for container : #1
2019-07-13 07:29:59,778 INFO  ozoneimpl.OzoneContainer (OzoneContainer.java:stop(199)) - Attempting to stop container services.
2019-07-13 07:29:59,782 INFO  impl.RaftServerProxy (RaftServerProxy.java:lambda$close$4(314)) - 2a65270f-ca9f-476c-bd95-098a2ebcf7cf: close
2019-07-13 07:29:59,788 INFO  impl.RaftServerImpl (RaftServerImpl.java:lambda$shutdown$3(245)) - 2a65270f-ca9f-476c-bd95-098a2ebcf7cf: shutdown group-A149BEB1F5EC
2019-07-13 07:29:59,789 INFO  util.JmxRegister (JmxRegister.java:unregister(73)) - Successfully un-registered JMX Bean with object name Ratis:service=RaftServer,group=group-A149BEB1F5EC,id=2a65270f-ca9f-476c-bd95-098a2ebcf7cf
2019-07-13 07:29:59,790 INFO  impl.RoleInfo (RoleInfo.java:shutdownLeaderState(104)) - 2a65270f-ca9f-476c-bd95-098a2ebcf7cf: shutdown LeaderState
2019-07-13 07:29:59,791 INFO  impl.PendingRequests (PendingRequests.java:sendNotLeaderResponses(202)) - 2a65270f-ca9f-476c-bd95-098a2ebcf7cf-PendingRequests: sendNotLeaderResponses
2019-07-13 07:29:59,797 INFO  impl.StateMachineUpdater (StateMachineUpdater.java:stopAndJoin(115)) - StateMachineUpdater:2a65270f-ca9f-476c-bd95-098a2ebcf7cf:group-A149BEB1F5EC: set stopIndex = 0
2019-07-13 07:29:59,797 INFO  ratis.ContainerStateMachine (ContainerStateMachine.java:takeSnapshot(246)) - Taking snapshot at termIndex:(t:0, i:~)
2019-07-13 07:29:59,804 INFO  impl.RaftServerImpl (ServerState.java:close(394)) - 2a65270f-ca9f-476c-bd95-098a2ebcf7cf:group-A149BEB1F5EC closes. The last applied log index is 0
2019-07-13 07:29:59,808 INFO  segmented.SegmentedRaftLogWorker (SegmentedRaftLogWorker.java:run(313)) - 2a65270f-ca9f-476c-bd95-098a2ebcf7cf-SegmentedRaftLogWorker:Storage Directory /tmp/workdir/hadoop-ozone/integration-test/target/test-dir/MiniOzoneClusterImpl-a1dc88e9-0fc1-4510-915a-29af8445f733/datanode-6/data/ratis/7abd8fa8-1605-41d3-9936-a149beb1f5ec was interrupted, exiting. There are 0 tasks remaining in the queue.
2019-07-13 07:29:59,822 INFO  segmented.SegmentedRaftLogWorker (SegmentedRaftLogWorker.java:close(228)) - 2a65270f-ca9f-476c-bd95-098a2ebcf7cf-SegmentedRaftLogWorker:Storage Directory /tmp/workdir/hadoop-ozone/integration-test/target/test-dir/MiniOzoneClusterImpl-a1dc88e9-0fc1-4510-915a-29af8445f733/datanode-6/data/ratis/7abd8fa8-1605-41d3-9936-a149beb1f5ec close()
2019-07-13 07:29:59,826 INFO  impl.RaftServerImpl (RaftServerImpl.java:lambda$shutdown$3(245)) - 2a65270f-ca9f-476c-bd95-098a2ebcf7cf: shutdown group-B6F2163524F3
2019-07-13 07:29:59,827 INFO  util.JmxRegister (JmxRegister.java:unregister(73)) - Successfully un-registered JMX Bean with object name Ratis:service=RaftServer,group=group-B6F2163524F3,id=2a65270f-ca9f-476c-bd95-098a2ebcf7cf
2019-07-13 07:29:59,827 INFO  impl.RoleInfo (RoleInfo.java:shutdownFollowerState(121)) - 2a65270f-ca9f-476c-bd95-098a2ebcf7cf: shutdown FollowerState
2019-07-13 07:29:59,827 INFO  impl.StateMachineUpdater (StateMachineUpdater.java:stopAndJoin(115)) - StateMachineUpdater:2a65270f-ca9f-476c-bd95-098a2ebcf7cf:group-B6F2163524F3: set stopIndex = 16
2019-07-13 07:29:59,828 INFO  impl.FollowerState (FollowerState.java:run(114)) - 2a65270f-ca9f-476c-bd95-098a2ebcf7cf: FollowerState was interrupted: java.lang.InterruptedException: sleep interrupted
2019-07-13 07:29:59,828 INFO  ratis.ContainerStateMachine (ContainerStateMachine.java:takeSnapshot(246)) - Taking snapshot at termIndex:(t:1, i:14)
2019-07-13 07:29:59,833 INFO  ratis.ContainerStateMachine (ContainerStateMachine.java:takeSnapshot(250)) - Taking a snapshot to file /tmp/workdir/hadoop-ozone/integration-test/target/test-dir/MiniOzoneClusterImpl-a1dc88e9-0fc1-4510-915a-29af8445f733/datanode-6/data/ratis/fc2d85db-31ad-44fd-8020-b6f2163524f3/sm/snapshot.1_14
2019-07-13 07:29:59,850 INFO  impl.StateMachineUpdater (StateMachineUpdater.java:takeSnapshot(242)) - StateMachineUpdater:2a65270f-ca9f-476c-bd95-098a2ebcf7cf:group-B6F2163524F3: Took a snapshot at index 14
2019-07-13 07:29:59,865 INFO  impl.StateMachineUpdater (StateMachineUpdater.java:lambda$new$0(80)) - StateMachineUpdater:2a65270f-ca9f-476c-bd95-098a2ebcf7cf:group-B6F2163524F3: snapshotIndex: updateIncreasingly -1 -> 14
2019-07-13 07:29:59,872 INFO  impl.RaftServerImpl (ServerState.java:close(394)) - 2a65270f-ca9f-476c-bd95-098a2ebcf7cf:group-B6F2163524F3 closes. The last applied log index is 16
2019-07-13 07:29:59,872 INFO  segmented.SegmentedRaftLogWorker (SegmentedRaftLogWorker.java:run(313)) - 2a65270f-ca9f-476c-bd95-098a2ebcf7cf-SegmentedRaftLogWorker:Storage Directory /tmp/workdir/hadoop-ozone/integration-test/target/test-dir/MiniOzoneClusterImpl-a1dc88e9-0fc1-4510-915a-29af8445f733/datanode-6/data/ratis/fc2d85db-31ad-44fd-8020-b6f2163524f3 was interrupted, exiting. There are 0 tasks remaining in the queue.
2019-07-13 07:29:59,875 INFO  segmented.SegmentedRaftLogWorker (SegmentedRaftLogWorker.java:close(228)) - 2a65270f-ca9f-476c-bd95-098a2ebcf7cf-SegmentedRaftLogWorker:Storage Directory /tmp/workdir/hadoop-ozone/integration-test/target/test-dir/MiniOzoneClusterImpl-a1dc88e9-0fc1-4510-915a-29af8445f733/datanode-6/data/ratis/fc2d85db-31ad-44fd-8020-b6f2163524f3 close()
2019-07-13 07:29:59,879 INFO  server.GrpcService (GrpcService.java:closeImpl(155)) - 2a65270f-ca9f-476c-bd95-098a2ebcf7cf: shutdown server with port 33159 now
2019-07-13 07:29:59,894 INFO  server.GrpcService (GrpcService.java:closeImpl(163)) - 2a65270f-ca9f-476c-bd95-098a2ebcf7cf: shutdown server with port 33159 successfully
2019-07-13 07:29:59,894 WARN  server.GrpcServerProtocolService (LogUtils.java:warn(134)) - 2a65270f-ca9f-476c-bd95-098a2ebcf7cf: appendEntries onError: org.apache.ratis.thirdparty.io.grpc.StatusRuntimeException: CANCELLED: cancelled before receiving half close
2019-07-13 07:29:59,898 WARN  server.GrpcLogAppender (LogUtils.java:warn(134)) - 36c37c2c-d4a8-4ab0-a139-b83097af7aa6->2a65270f-ca9f-476c-bd95-098a2ebcf7cf: Failed appendEntries: org.apache.ratis.thirdparty.io.grpc.StatusRuntimeException: CANCELLED: HTTP/2 error code: CANCEL
Received Rst Stream
2019-07-13 07:29:59,899 INFO  utils.BackgroundService (BackgroundService.java:shutdown(148)) - Shutting down service BlockDeletingService
2019-07-13 07:29:59,903 INFO  impl.FollowerInfo (FollowerInfo.java:lambda$new$0(50)) - 36c37c2c-d4a8-4ab0-a139-b83097af7aa6->2a65270f-ca9f-476c-bd95-098a2ebcf7cf: nextIndex: updateUnconditionally 17 -> 16
2019-07-13 07:29:59,904 WARN  fs.CachingGetSpaceUsed (CachingGetSpaceUsed.java:run(183)) - Thread Interrupted waiting to refresh disk information: sleep interrupted
2019-07-13 07:29:59,932 INFO  statemachine.DatanodeStateMachine (DatanodeStateMachine.java:stopDaemon(395)) - Ozone container server stopped.
2019-07-13 07:29:59,937 INFO  handler.ContextHandler (ContextHandler.java:doStop(910)) - Stopped o.e.j.w.WebAppContext@418f0534{/,null,UNAVAILABLE}{/hddsDatanode}
2019-07-13 07:29:59,944 INFO  server.AbstractConnector (AbstractConnector.java:doStop(318)) - Stopped ServerConnector@3dfd7eaa{HTTP/1.1,[http/1.1]}{0.0.0.0:0}
2019-07-13 07:29:59,944 INFO  handler.ContextHandler (ContextHandler.java:doStop(910)) - Stopped o.e.j.s.ServletContextHandler@782fd504{/static,jar:file:/home/user/.m2/repository/org/apache/hadoop/hadoop-hdds-container-service/0.5.0-SNAPSHOT/hadoop-hdds-container-service-0.5.0-SNAPSHOT.jar!/webapps/static,UNAVAILABLE}
2019-07-13 07:29:59,945 INFO  handler.ContextHandler (ContextHandler.java:doStop(910)) - Stopped o.e.j.s.ServletContextHandler@6568f998{/logs,file:///tmp/workdir/hadoop-ozone/integration-test/target/log,UNAVAILABLE}
2019-07-13 07:29:59,947 INFO  datanode.ObjectStoreHandler (ObjectStoreHandler.java:close(155)) - Closing ObjectStoreHandler.
2019-07-13 07:29:59,947 INFO  ozone.HddsDatanodeService (HddsDatanodeService.java:stop(452)) - Stopped plug-in org.apache.hadoop.ozone.web.OzoneHddsDatanodeService@16f15ae9
2019-07-13 07:30:00,446 INFO  statemachine.DatanodeStateMachine (DatanodeStateMachine.java:lambda$startDaemon$0(350)) - Ozone container server started.
2019-07-13 07:30:02,290 WARN  server.GrpcLogAppender (LogUtils.java:warn(134)) - 36c37c2c-d4a8-4ab0-a139-b83097af7aa6->2a65270f-ca9f-476c-bd95-098a2ebcf7cf: Failed appendEntries: org.apache.ratis.thirdparty.io.grpc.StatusRuntimeException: UNAVAILABLE: io exception
2019-07-13 07:30:02,293 INFO  impl.FollowerInfo (FollowerInfo.java:lambda$new$0(50)) - 36c37c2c-d4a8-4ab0-a139-b83097af7aa6->2a65270f-ca9f-476c-bd95-098a2ebcf7cf: nextIndex: updateUnconditionally 16 -> 15
2019-07-13 07:30:04,478 INFO  node.StaleNodeHandler (StaleNodeHandler.java:onMessage(58)) - Datanode 36c37c2c-d4a8-4ab0-a139-b83097af7aa6{ip: 192.168.69.84, host: trunk-nightly-9lh4p-2362225927, networkLocation: /default-rack, certSerialId: null} moved to stale state. Finalizing its pipelines [PipelineID=fc2d85db-31ad-44fd-8020-b6f2163524f3, PipelineID=94c61439-485b-4d45-9de2-6c768a4ef2b8]
2019-07-13 07:30:04,479 INFO  pipeline.SCMPipelineManager (SCMPipelineManager.java:finalizeAndDestroyPipeline(309)) - destroying pipeline:Pipeline[ Id: fc2d85db-31ad-44fd-8020-b6f2163524f3, Nodes: 2a65270f-ca9f-476c-bd95-098a2ebcf7cf{ip: 192.168.69.84, host: trunk-nightly-9lh4p-2362225927, networkLocation: /default-rack, certSerialId: null}36c37c2c-d4a8-4ab0-a139-b83097af7aa6{ip: 192.168.69.84, host: trunk-nightly-9lh4p-2362225927, networkLocation: /default-rack, certSerialId: null}fb233e29-eb29-4b58-9f9f-9362acac1024{ip: 192.168.69.84, host: trunk-nightly-9lh4p-2362225927, networkLocation: /default-rack, certSerialId: null}, Type:RATIS, Factor:THREE, State:CLOSED]
2019-07-13 07:30:04,479 INFO  pipeline.SCMPipelineManager (SCMPipelineManager.java:finalizeAndDestroyPipeline(309)) - destroying pipeline:Pipeline[ Id: 94c61439-485b-4d45-9de2-6c768a4ef2b8, Nodes: 36c37c2c-d4a8-4ab0-a139-b83097af7aa6{ip: 192.168.69.84, host: trunk-nightly-9lh4p-2362225927, networkLocation: /default-rack, certSerialId: null}, Type:RATIS, Factor:ONE, State:OPEN]
2019-07-13 07:30:04,480 INFO  pipeline.PipelineStateManager (PipelineStateManager.java:finalizePipeline(123)) - Pipeline Pipeline[ Id: 94c61439-485b-4d45-9de2-6c768a4ef2b8, Nodes: 36c37c2c-d4a8-4ab0-a139-b83097af7aa6{ip: 192.168.69.84, host: trunk-nightly-9lh4p-2362225927, networkLocation: /default-rack, certSerialId: null}, Type:RATIS, Factor:ONE, State:CLOSED] moved to CLOSED state
2019-07-13 07:30:04,780 WARN  server.GrpcLogAppender (LogUtils.java:warn(134)) - 36c37c2c-d4a8-4ab0-a139-b83097af7aa6->2a65270f-ca9f-476c-bd95-098a2ebcf7cf: Failed appendEntries: org.apache.ratis.thirdparty.io.grpc.StatusRuntimeException: UNAVAILABLE: io exception
2019-07-13 07:30:04,787 INFO  impl.FollowerInfo (FollowerInfo.java:lambda$new$0(50)) - 36c37c2c-d4a8-4ab0-a139-b83097af7aa6->2a65270f-ca9f-476c-bd95-098a2ebcf7cf: nextIndex: updateUnconditionally 15 -> 14
2019-07-13 07:30:04,948 INFO  ozoneimpl.OzoneContainer (OzoneContainer.java:stop(199)) - Attempting to stop container services.
2019-07-13 07:30:04,949 INFO  impl.RaftServerProxy (RaftServerProxy.java:lambda$close$4(314)) - 36c37c2c-d4a8-4ab0-a139-b83097af7aa6: close
2019-07-13 07:30:04,950 INFO  impl.RaftServerImpl (RaftServerImpl.java:lambda$shutdown$3(245)) - 36c37c2c-d4a8-4ab0-a139-b83097af7aa6: shutdown group-B6F2163524F3
2019-07-13 07:30:04,950 INFO  util.JmxRegister (JmxRegister.java:unregister(73)) - Successfully un-registered JMX Bean with object name Ratis:service=RaftServer,group=group-B6F2163524F3,id=36c37c2c-d4a8-4ab0-a139-b83097af7aa6
2019-07-13 07:30:04,950 INFO  impl.RoleInfo (RoleInfo.java:shutdownLeaderState(104)) - 36c37c2c-d4a8-4ab0-a139-b83097af7aa6: shutdown LeaderState
2019-07-13 07:30:04,955 INFO  impl.PendingRequests (PendingRequests.java:sendNotLeaderResponses(202)) - 36c37c2c-d4a8-4ab0-a139-b83097af7aa6-PendingRequests: sendNotLeaderResponses
2019-07-13 07:30:04,955 WARN  server.GrpcLogAppender (GrpcLogAppender.java:mayWait(143)) - GrpcLogAppender(36c37c2c-d4a8-4ab0-a139-b83097af7aa6->2a65270f-ca9f-476c-bd95-098a2ebcf7cf): Wait interrupted by java.lang.InterruptedException
2019-07-13 07:30:04,955 WARN  server.GrpcLogAppender (GrpcLogAppender.java:mayWait(143)) - GrpcLogAppender(36c37c2c-d4a8-4ab0-a139-b83097af7aa6->fb233e29-eb29-4b58-9f9f-9362acac1024): Wait interrupted by java.lang.InterruptedException
2019-07-13 07:30:04,967 INFO  server.GrpcServerProtocolService (GrpcServerProtocolService.java:onCompleted(104)) - fb233e29-eb29-4b58-9f9f-9362acac1024: appendEntries completed
2019-07-13 07:30:04,972 INFO  server.GrpcLogAppender (GrpcLogAppender.java:onCompleted(292)) - 36c37c2c-d4a8-4ab0-a139-b83097af7aa6->fb233e29-eb29-4b58-9f9f-9362acac1024: follower responses appendEntries COMPLETED
2019-07-13 07:30:04,976 INFO  impl.FollowerInfo (FollowerInfo.java:lambda$new$0(50)) - 36c37c2c-d4a8-4ab0-a139-b83097af7aa6->fb233e29-eb29-4b58-9f9f-9362acac1024: nextIndex: updateUnconditionally 17 -> 16
2019-07-13 07:30:04,977 INFO  impl.StateMachineUpdater (StateMachineUpdater.java:stopAndJoin(115)) - StateMachineUpdater:36c37c2c-d4a8-4ab0-a139-b83097af7aa6:group-B6F2163524F3: set stopIndex = 16
2019-07-13 07:30:04,979 INFO  ratis.ContainerStateMachine (ContainerStateMachine.java:takeSnapshot(246)) - Taking snapshot at termIndex:(t:1, i:14)
2019-07-13 07:30:04,979 INFO  ratis.ContainerStateMachine (ContainerStateMachine.java:takeSnapshot(250)) - Taking a snapshot to file /tmp/workdir/hadoop-ozone/integration-test/target/test-dir/MiniOzoneClusterImpl-a1dc88e9-0fc1-4510-915a-29af8445f733/datanode-5/data/ratis/fc2d85db-31ad-44fd-8020-b6f2163524f3/sm/snapshot.1_14
2019-07-13 07:30:04,980 INFO  impl.StateMachineUpdater (StateMachineUpdater.java:takeSnapshot(242)) - StateMachineUpdater:36c37c2c-d4a8-4ab0-a139-b83097af7aa6:group-B6F2163524F3: Took a snapshot at index 14
2019-07-13 07:30:04,980 INFO  impl.StateMachineUpdater (StateMachineUpdater.java:lambda$new$0(80)) - StateMachineUpdater:36c37c2c-d4a8-4ab0-a139-b83097af7aa6:group-B6F2163524F3: snapshotIndex: updateIncreasingly -1 -> 14
2019-07-13 07:30:04,980 INFO  impl.RaftServerImpl (ServerState.java:close(394)) - 36c37c2c-d4a8-4ab0-a139-b83097af7aa6:group-B6F2163524F3 closes. The last applied log index is 16
2019-07-13 07:30:04,981 INFO  segmented.SegmentedRaftLogWorker (SegmentedRaftLogWorker.java:run(313)) - 36c37c2c-d4a8-4ab0-a139-b83097af7aa6-SegmentedRaftLogWorker:Storage Directory /tmp/workdir/hadoop-ozone/integration-test/target/test-dir/MiniOzoneClusterImpl-a1dc88e9-0fc1-4510-915a-29af8445f733/datanode-5/data/ratis/fc2d85db-31ad-44fd-8020-b6f2163524f3 was interrupted, exiting. There are 0 tasks remaining in the queue.
2019-07-13 07:30:04,983 INFO  segmented.SegmentedRaftLogWorker (SegmentedRaftLogWorker.java:close(228)) - 36c37c2c-d4a8-4ab0-a139-b83097af7aa6-SegmentedRaftLogWorker:Storage Directory /tmp/workdir/hadoop-ozone/integration-test/target/test-dir/MiniOzoneClusterImpl-a1dc88e9-0fc1-4510-915a-29af8445f733/datanode-5/data/ratis/fc2d85db-31ad-44fd-8020-b6f2163524f3 close()
2019-07-13 07:30:04,987 INFO  impl.RaftServerImpl (RaftServerImpl.java:lambda$shutdown$3(245)) - 36c37c2c-d4a8-4ab0-a139-b83097af7aa6: shutdown group-6C768A4EF2B8
2019-07-13 07:30:04,988 INFO  util.JmxRegister (JmxRegister.java:unregister(73)) - Successfully un-registered JMX Bean with object name Ratis:service=RaftServer,group=group-6C768A4EF2B8,id=36c37c2c-d4a8-4ab0-a139-b83097af7aa6
2019-07-13 07:30:04,988 INFO  impl.RoleInfo (RoleInfo.java:shutdownLeaderState(104)) - 36c37c2c-d4a8-4ab0-a139-b83097af7aa6: shutdown LeaderState
2019-07-13 07:30:04,988 INFO  impl.PendingRequests (PendingRequests.java:sendNotLeaderResponses(202)) - 36c37c2c-d4a8-4ab0-a139-b83097af7aa6-PendingRequests: sendNotLeaderResponses
2019-07-13 07:30:04,989 INFO  impl.StateMachineUpdater (StateMachineUpdater.java:stopAndJoin(115)) - StateMachineUpdater:36c37c2c-d4a8-4ab0-a139-b83097af7aa6:group-6C768A4EF2B8: set stopIndex = 0
2019-07-13 07:30:04,989 INFO  ratis.ContainerStateMachine (ContainerStateMachine.java:takeSnapshot(246)) - Taking snapshot at termIndex:(t:0, i:~)
2019-07-13 07:30:04,989 INFO  impl.RaftServerImpl (ServerState.java:close(394)) - 36c37c2c-d4a8-4ab0-a139-b83097af7aa6:group-6C768A4EF2B8 closes. The last applied log index is 0
2019-07-13 07:30:04,990 INFO  segmented.SegmentedRaftLogWorker (SegmentedRaftLogWorker.java:run(313)) - 36c37c2c-d4a8-4ab0-a139-b83097af7aa6-SegmentedRaftLogWorker:Storage Directory /tmp/workdir/hadoop-ozone/integration-test/target/test-dir/MiniOzoneClusterImpl-a1dc88e9-0fc1-4510-915a-29af8445f733/datanode-5/data/ratis/94c61439-485b-4d45-9de2-6c768a4ef2b8 was interrupted, exiting. There are 0 tasks remaining in the queue.
2019-07-13 07:30:04,992 INFO  segmented.SegmentedRaftLogWorker (SegmentedRaftLogWorker.java:close(228)) - 36c37c2c-d4a8-4ab0-a139-b83097af7aa6-SegmentedRaftLogWorker:Storage Directory /tmp/workdir/hadoop-ozone/integration-test/target/test-dir/MiniOzoneClusterImpl-a1dc88e9-0fc1-4510-915a-29af8445f733/datanode-5/data/ratis/94c61439-485b-4d45-9de2-6c768a4ef2b8 close()
2019-07-13 07:30:04,996 INFO  server.GrpcService (GrpcService.java:closeImpl(155)) - 36c37c2c-d4a8-4ab0-a139-b83097af7aa6: shutdown server with port 35364 now
2019-07-13 07:30:04,998 INFO  server.GrpcService (GrpcService.java:closeImpl(163)) - 36c37c2c-d4a8-4ab0-a139-b83097af7aa6: shutdown server with port 35364 successfully
2019-07-13 07:30:04,998 WARN  client.GrpcClientProtocolService (LogUtils.java:warn(134)) - 2-UnorderedRequestStreamObserver2: onError: org.apache.ratis.thirdparty.io.grpc.StatusRuntimeException: CANCELLED: cancelled before receiving half close
2019-07-13 07:30:05,003 INFO  utils.BackgroundService (BackgroundService.java:shutdown(148)) - Shutting down service BlockDeletingService
2019-07-13 07:30:05,004 WARN  fs.CachingGetSpaceUsed (CachingGetSpaceUsed.java:run(183)) - Thread Interrupted waiting to refresh disk information: sleep interrupted
2019-07-13 07:30:05,031 INFO  statemachine.DatanodeStateMachine (DatanodeStateMachine.java:stopDaemon(395)) - Ozone container server stopped.
2019-07-13 07:30:05,032 INFO  handler.ContextHandler (ContextHandler.java:doStop(910)) - Stopped o.e.j.w.WebAppContext@561f9d92{/,null,UNAVAILABLE}{/hddsDatanode}
2019-07-13 07:30:05,033 INFO  server.AbstractConnector (AbstractConnector.java:doStop(318)) - Stopped ServerConnector@1c84d80a{HTTP/1.1,[http/1.1]}{0.0.0.0:0}
2019-07-13 07:30:05,033 INFO  handler.ContextHandler (ContextHandler.java:doStop(910)) - Stopped o.e.j.s.ServletContextHandler@2d4a3e13{/static,jar:file:/home/user/.m2/repository/org/apache/hadoop/hadoop-hdds-container-service/0.5.0-SNAPSHOT/hadoop-hdds-container-service-0.5.0-SNAPSHOT.jar!/webapps/static,UNAVAILABLE}
2019-07-13 07:30:05,034 INFO  handler.ContextHandler (ContextHandler.java:doStop(910)) - Stopped o.e.j.s.ServletContextHandler@6885ed19{/logs,file:///tmp/workdir/hadoop-ozone/integration-test/target/log,UNAVAILABLE}
2019-07-13 07:30:07,068 INFO  client.GrpcClientProtocolClient (GrpcClientProtocolClient.java:onNext(255)) - client-95024ED96938->fb233e29-eb29-4b58-9f9f-9362acac1024: receive RaftClientReply:client-95024ED96938->fb233e29-eb29-4b58-9f9f-9362acac1024@group-B6F2163524F3, cid=22, FAILED org.apache.ratis.protocol.NotLeaderException: Server fb233e29-eb29-4b58-9f9f-9362acac1024 is not the leader (36c37c2c-d4a8-4ab0-a139-b83097af7aa6:192.168.69.84:35364). Request must be sent to leader., logIndex=0, commits[fb233e29-eb29-4b58-9f9f-9362acac1024:c16, 2a65270f-ca9f-476c-bd95-098a2ebcf7cf:c16, 36c37c2c-d4a8-4ab0-a139-b83097af7aa6:c16]
2019-07-13 07:30:08,102 INFO  client.GrpcClientProtocolClient (GrpcClientProtocolClient.java:onNext(255)) - client-95024ED96938->fb233e29-eb29-4b58-9f9f-9362acac1024: receive RaftClientReply:client-95024ED96938->fb233e29-eb29-4b58-9f9f-9362acac1024@group-B6F2163524F3, cid=22, FAILED org.apache.ratis.protocol.NotLeaderException: Server fb233e29-eb29-4b58-9f9f-9362acac1024 is not the leader (36c37c2c-d4a8-4ab0-a139-b83097af7aa6:192.168.69.84:35364). Request must be sent to leader., logIndex=0, commits[fb233e29-eb29-4b58-9f9f-9362acac1024:c16, 2a65270f-ca9f-476c-bd95-098a2ebcf7cf:c16, 36c37c2c-d4a8-4ab0-a139-b83097af7aa6:c16]
2019-07-13 07:30:12,180 INFO  client.GrpcClientProtocolClient (GrpcClientProtocolClient.java:onNext(255)) - client-95024ED96938->fb233e29-eb29-4b58-9f9f-9362acac1024: receive RaftClientReply:client-95024ED96938->fb233e29-eb29-4b58-9f9f-9362acac1024@group-B6F2163524F3, cid=22, FAILED org.apache.ratis.protocol.NotLeaderException: Server fb233e29-eb29-4b58-9f9f-9362acac1024 is not the leader (36c37c2c-d4a8-4ab0-a139-b83097af7aa6:192.168.69.84:35364). Request must be sent to leader., logIndex=0, commits[fb233e29-eb29-4b58-9f9f-9362acac1024:c16, 2a65270f-ca9f-476c-bd95-098a2ebcf7cf:c16, 36c37c2c-d4a8-4ab0-a139-b83097af7aa6:c16]
2019-07-13 07:30:14,429 INFO  impl.FollowerState (FollowerState.java:run(106)) - fb233e29-eb29-4b58-9f9f-9362acac1024:group-B6F2163524F3 changes to CANDIDATE, lastRpcTime:9649, electionTimeout:5187ms
2019-07-13 07:30:14,432 INFO  impl.RoleInfo (RoleInfo.java:shutdownFollowerState(121)) - fb233e29-eb29-4b58-9f9f-9362acac1024: shutdown FollowerState
2019-07-13 07:30:14,432 INFO  impl.RaftServerImpl (RaftServerImpl.java:setRole(171)) - fb233e29-eb29-4b58-9f9f-9362acac1024:group-B6F2163524F3 changes role from FOLLOWER to CANDIDATE at term 1 for changeToCandidate
2019-07-13 07:30:14,432 INFO  impl.RoleInfo (RoleInfo.java:updateAndGet(143)) - fb233e29-eb29-4b58-9f9f-9362acac1024: start LeaderElection
2019-07-13 07:30:14,434 INFO  impl.RaftServerImpl (ServerState.java:setLeader(263)) - fb233e29-eb29-4b58-9f9f-9362acac1024:group-B6F2163524F3 change Leader from 36c37c2c-d4a8-4ab0-a139-b83097af7aa6 to null at term 1 for initElection
2019-07-13 07:30:14,451 INFO  impl.LeaderElection (LeaderElection.java:askForVotes(181)) - fb233e29-eb29-4b58-9f9f-9362acac1024:group-B6F2163524F3:LeaderElection11: begin an election at term 2 for 0: [fb233e29-eb29-4b58-9f9f-9362acac1024:192.168.69.84:42684, 2a65270f-ca9f-476c-bd95-098a2ebcf7cf:192.168.69.84:33159, 36c37c2c-d4a8-4ab0-a139-b83097af7aa6:192.168.69.84:35364], old=null
2019-07-13 07:30:14,467 INFO  impl.LeaderElection (LogUtils.java:infoOrTrace(149)) - fb233e29-eb29-4b58-9f9f-9362acac1024:group-B6F2163524F3:LeaderElection11 got exception when requesting votes: {}
java.util.concurrent.ExecutionException: org.apache.ratis.thirdparty.io.grpc.StatusRuntimeException: UNAVAILABLE: io exception
	at java.util.concurrent.FutureTask.report(FutureTask.java:122)
	at java.util.concurrent.FutureTask.get(FutureTask.java:192)
	at org.apache.ratis.server.impl.LeaderElection.waitForResults(LeaderElection.java:262)
	at org.apache.ratis.server.impl.LeaderElection.askForVotes(LeaderElection.java:200)
	at org.apache.ratis.server.impl.LeaderElection.run(LeaderElection.java:130)
	at java.lang.Thread.run(Thread.java:748)
Caused by: org.apache.ratis.thirdparty.io.grpc.StatusRuntimeException: UNAVAILABLE: io exception
	at org.apache.ratis.thirdparty.io.grpc.stub.ClientCalls.toStatusRuntimeException(ClientCalls.java:233)
	at org.apache.ratis.thirdparty.io.grpc.stub.ClientCalls.getUnchecked(ClientCalls.java:214)
	at org.apache.ratis.thirdparty.io.grpc.stub.ClientCalls.blockingUnaryCall(ClientCalls.java:139)
	at org.apache.ratis.proto.grpc.RaftServerProtocolServiceGrpc$RaftServerProtocolServiceBlockingStub.requestVote(RaftServerProtocolServiceGrpc.java:265)
	at org.apache.ratis.grpc.server.GrpcServerProtocolClient.requestVote(GrpcServerProtocolClient.java:83)
	at org.apache.ratis.grpc.server.GrpcService.requestVote(GrpcService.java:195)
	at org.apache.ratis.server.impl.LeaderElection.lambda$submitRequests$1(LeaderElection.java:237)
	at java.util.concurrent.FutureTask.run(FutureTask.java:266)
	at java.util.concurrent.Executors$RunnableAdapter.call(Executors.java:511)
	at java.util.concurrent.FutureTask.run(FutureTask.java:266)
	at java.util.concurrent.ThreadPoolExecutor.runWorker(ThreadPoolExecutor.java:1149)
	at java.util.concurrent.ThreadPoolExecutor$Worker.run(ThreadPoolExecutor.java:624)
	... 1 more
Caused by: org.apache.ratis.thirdparty.io.netty.channel.AbstractChannel$AnnotatedConnectException: Connection refused: /192.168.69.84:35364
	at sun.nio.ch.SocketChannelImpl.checkConnect(Native Method)
	at sun.nio.ch.SocketChannelImpl.finishConnect(SocketChannelImpl.java:717)
	at org.apache.ratis.thirdparty.io.netty.channel.socket.nio.NioSocketChannel.doFinishConnect(NioSocketChannel.java:327)
	at org.apache.ratis.thirdparty.io.netty.channel.nio.AbstractNioChannel$AbstractNioUnsafe.finishConnect(AbstractNioChannel.java:340)
	at org.apache.ratis.thirdparty.io.netty.channel.nio.NioEventLoop.processSelectedKey(NioEventLoop.java:632)
	at org.apache.ratis.thirdparty.io.netty.channel.nio.NioEventLoop.processSelectedKeysOptimized(NioEventLoop.java:579)
	at org.apache.ratis.thirdparty.io.netty.channel.nio.NioEventLoop.processSelectedKeys(NioEventLoop.java:496)
	at org.apache.ratis.thirdparty.io.netty.channel.nio.NioEventLoop.run(NioEventLoop.java:458)
	at org.apache.ratis.thirdparty.io.netty.util.concurrent.SingleThreadEventExecutor$5.run(SingleThreadEventExecutor.java:897)
	at org.apache.ratis.thirdparty.io.netty.util.concurrent.FastThreadLocalRunnable.run(FastThreadLocalRunnable.java:30)
	... 1 more
Caused by: java.net.ConnectException: Connection refused
	... 11 more
2019-07-13 07:30:14,472 INFO  impl.LeaderElection (LogUtils.java:infoOrTrace(149)) - fb233e29-eb29-4b58-9f9f-9362acac1024:group-B6F2163524F3:LeaderElection11 got exception when requesting votes: {}
java.util.concurrent.ExecutionException: org.apache.ratis.thirdparty.io.grpc.StatusRuntimeException: UNAVAILABLE: io exception
	at java.util.concurrent.FutureTask.report(FutureTask.java:122)
	at java.util.concurrent.FutureTask.get(FutureTask.java:192)
	at org.apache.ratis.server.impl.LeaderElection.waitForResults(LeaderElection.java:262)
	at org.apache.ratis.server.impl.LeaderElection.askForVotes(LeaderElection.java:200)
	at org.apache.ratis.server.impl.LeaderElection.run(LeaderElection.java:130)
	at java.lang.Thread.run(Thread.java:748)
Caused by: org.apache.ratis.thirdparty.io.grpc.StatusRuntimeException: UNAVAILABLE: io exception
	at org.apache.ratis.thirdparty.io.grpc.stub.ClientCalls.toStatusRuntimeException(ClientCalls.java:233)
	at org.apache.ratis.thirdparty.io.grpc.stub.ClientCalls.getUnchecked(ClientCalls.java:214)
	at org.apache.ratis.thirdparty.io.grpc.stub.ClientCalls.blockingUnaryCall(ClientCalls.java:139)
	at org.apache.ratis.proto.grpc.RaftServerProtocolServiceGrpc$RaftServerProtocolServiceBlockingStub.requestVote(RaftServerProtocolServiceGrpc.java:265)
	at org.apache.ratis.grpc.server.GrpcServerProtocolClient.requestVote(GrpcServerProtocolClient.java:83)
	at org.apache.ratis.grpc.server.GrpcService.requestVote(GrpcService.java:195)
	at org.apache.ratis.server.impl.LeaderElection.lambda$submitRequests$1(LeaderElection.java:237)
	at java.util.concurrent.FutureTask.run(FutureTask.java:266)
	at java.util.concurrent.Executors$RunnableAdapter.call(Executors.java:511)
	at java.util.concurrent.FutureTask.run(FutureTask.java:266)
	at java.util.concurrent.ThreadPoolExecutor.runWorker(ThreadPoolExecutor.java:1149)
	at java.util.concurrent.ThreadPoolExecutor$Worker.run(ThreadPoolExecutor.java:624)
	... 1 more
Caused by: org.apache.ratis.thirdparty.io.netty.channel.AbstractChannel$AnnotatedConnectException: Connection refused: /192.168.69.84:33159
	at sun.nio.ch.SocketChannelImpl.checkConnect(Native Method)
	at sun.nio.ch.SocketChannelImpl.finishConnect(SocketChannelImpl.java:717)
	at org.apache.ratis.thirdparty.io.netty.channel.socket.nio.NioSocketChannel.doFinishConnect(NioSocketChannel.java:327)
	at org.apache.ratis.thirdparty.io.netty.channel.nio.AbstractNioChannel$AbstractNioUnsafe.finishConnect(AbstractNioChannel.java:340)
	at org.apache.ratis.thirdparty.io.netty.channel.nio.NioEventLoop.processSelectedKey(NioEventLoop.java:632)
	at org.apache.ratis.thirdparty.io.netty.channel.nio.NioEventLoop.processSelectedKeysOptimized(NioEventLoop.java:579)
	at org.apache.ratis.thirdparty.io.netty.channel.nio.NioEventLoop.processSelectedKeys(NioEventLoop.java:496)
	at org.apache.ratis.thirdparty.io.netty.channel.nio.NioEventLoop.run(NioEventLoop.java:458)
	at org.apache.ratis.thirdparty.io.netty.util.concurrent.SingleThreadEventExecutor$5.run(SingleThreadEventExecutor.java:897)
	at org.apache.ratis.thirdparty.io.netty.util.concurrent.FastThreadLocalRunnable.run(FastThreadLocalRunnable.java:30)
	... 1 more
Caused by: java.net.ConnectException: Connection refused
	... 11 more
2019-07-13 07:30:14,474 INFO  impl.LeaderElection (LeaderElection.java:logAndReturn(56)) - fb233e29-eb29-4b58-9f9f-9362acac1024:group-B6F2163524F3:LeaderElection11: Election REJECTED; received 0 response(s) [] and 2 exception(s); fb233e29-eb29-4b58-9f9f-9362acac1024:t2, leader=null, voted=fb233e29-eb29-4b58-9f9f-9362acac1024, raftlog=fb233e29-eb29-4b58-9f9f-9362acac1024-SegmentedRaftLog:OPENED:c16,f16,i16, conf=0: [fb233e29-eb29-4b58-9f9f-9362acac1024:192.168.69.84:42684, 2a65270f-ca9f-476c-bd95-098a2ebcf7cf:192.168.69.84:33159, 36c37c2c-d4a8-4ab0-a139-b83097af7aa6:192.168.69.84:35364], old=null
2019-07-13 07:30:14,475 INFO  impl.LeaderElection (LogUtils.java:infoOrTrace(149)) -   Exception 0: {}
java.util.concurrent.ExecutionException: org.apache.ratis.thirdparty.io.grpc.StatusRuntimeException: UNAVAILABLE: io exception
	at java.util.concurrent.FutureTask.report(FutureTask.java:122)
	at java.util.concurrent.FutureTask.get(FutureTask.java:192)
	at org.apache.ratis.server.impl.LeaderElection.waitForResults(LeaderElection.java:262)
	at org.apache.ratis.server.impl.LeaderElection.askForVotes(LeaderElection.java:200)
	at org.apache.ratis.server.impl.LeaderElection.run(LeaderElection.java:130)
	at java.lang.Thread.run(Thread.java:748)
Caused by: org.apache.ratis.thirdparty.io.grpc.StatusRuntimeException: UNAVAILABLE: io exception
	at org.apache.ratis.thirdparty.io.grpc.stub.ClientCalls.toStatusRuntimeException(ClientCalls.java:233)
	at org.apache.ratis.thirdparty.io.grpc.stub.ClientCalls.getUnchecked(ClientCalls.java:214)
	at org.apache.ratis.thirdparty.io.grpc.stub.ClientCalls.blockingUnaryCall(ClientCalls.java:139)
	at org.apache.ratis.proto.grpc.RaftServerProtocolServiceGrpc$RaftServerProtocolServiceBlockingStub.requestVote(RaftServerProtocolServiceGrpc.java:265)
	at org.apache.ratis.grpc.server.GrpcServerProtocolClient.requestVote(GrpcServerProtocolClient.java:83)
	at org.apache.ratis.grpc.server.GrpcService.requestVote(GrpcService.java:195)
	at org.apache.ratis.server.impl.LeaderElection.lambda$submitRequests$1(LeaderElection.java:237)
	at java.util.concurrent.FutureTask.run(FutureTask.java:266)
	at java.util.concurrent.Executors$RunnableAdapter.call(Executors.java:511)
	at java.util.concurrent.FutureTask.run(FutureTask.java:266)
	at java.util.concurrent.ThreadPoolExecutor.runWorker(ThreadPoolExecutor.java:1149)
	at java.util.concurrent.ThreadPoolExecutor$Worker.run(ThreadPoolExecutor.java:624)
	... 1 more
Caused by: org.apache.ratis.thirdparty.io.netty.channel.AbstractChannel$AnnotatedConnectException: Connection refused: /192.168.69.84:35364
	at sun.nio.ch.SocketChannelImpl.checkConnect(Native Method)
	at sun.nio.ch.SocketChannelImpl.finishConnect(SocketChannelImpl.java:717)
	at org.apache.ratis.thirdparty.io.netty.channel.socket.nio.NioSocketChannel.doFinishConnect(NioSocketChannel.java:327)
	at org.apache.ratis.thirdparty.io.netty.channel.nio.AbstractNioChannel$AbstractNioUnsafe.finishConnect(AbstractNioChannel.java:340)
	at org.apache.ratis.thirdparty.io.netty.channel.nio.NioEventLoop.processSelectedKey(NioEventLoop.java:632)
	at org.apache.ratis.thirdparty.io.netty.channel.nio.NioEventLoop.processSelectedKeysOptimized(NioEventLoop.java:579)
	at org.apache.ratis.thirdparty.io.netty.channel.nio.NioEventLoop.processSelectedKeys(NioEventLoop.java:496)
	at org.apache.ratis.thirdparty.io.netty.channel.nio.NioEventLoop.run(NioEventLoop.java:458)
	at org.apache.ratis.thirdparty.io.netty.util.concurrent.SingleThreadEventExecutor$5.run(SingleThreadEventExecutor.java:897)
	at org.apache.ratis.thirdparty.io.netty.util.concurrent.FastThreadLocalRunnable.run(FastThreadLocalRunnable.java:30)
	... 1 more
Caused by: java.net.ConnectException: Connection refused
	... 11 more
2019-07-13 07:30:14,475 INFO  impl.LeaderElection (LogUtils.java:infoOrTrace(149)) -   Exception 1: {}
java.util.concurrent.ExecutionException: org.apache.ratis.thirdparty.io.grpc.StatusRuntimeException: UNAVAILABLE: io exception
	at java.util.concurrent.FutureTask.report(FutureTask.java:122)
	at java.util.concurrent.FutureTask.get(FutureTask.java:192)
	at org.apache.ratis.server.impl.LeaderElection.waitForResults(LeaderElection.java:262)
	at org.apache.ratis.server.impl.LeaderElection.askForVotes(LeaderElection.java:200)
	at org.apache.ratis.server.impl.LeaderElection.run(LeaderElection.java:130)
	at java.lang.Thread.run(Thread.java:748)
Caused by: org.apache.ratis.thirdparty.io.grpc.StatusRuntimeException: UNAVAILABLE: io exception
	at org.apache.ratis.thirdparty.io.grpc.stub.ClientCalls.toStatusRuntimeException(ClientCalls.java:233)
	at org.apache.ratis.thirdparty.io.grpc.stub.ClientCalls.getUnchecked(ClientCalls.java:214)
	at org.apache.ratis.thirdparty.io.grpc.stub.ClientCalls.blockingUnaryCall(ClientCalls.java:139)
	at org.apache.ratis.proto.grpc.RaftServerProtocolServiceGrpc$RaftServerProtocolServiceBlockingStub.requestVote(RaftServerProtocolServiceGrpc.java:265)
	at org.apache.ratis.grpc.server.GrpcServerProtocolClient.requestVote(GrpcServerProtocolClient.java:83)
	at org.apache.ratis.grpc.server.GrpcService.requestVote(GrpcService.java:195)
	at org.apache.ratis.server.impl.LeaderElection.lambda$submitRequests$1(LeaderElection.java:237)
	at java.util.concurrent.FutureTask.run(FutureTask.java:266)
	at java.util.concurrent.Executors$RunnableAdapter.call(Executors.java:511)
	at java.util.concurrent.FutureTask.run(FutureTask.java:266)
	at java.util.concurrent.ThreadPoolExecutor.runWorker(ThreadPoolExecutor.java:1149)
	at java.util.concurrent.ThreadPoolExecutor$Worker.run(ThreadPoolExecutor.java:624)
	... 1 more
Caused by: org.apache.ratis.thirdparty.io.netty.channel.AbstractChannel$AnnotatedConnectException: Connection refused: /192.168.69.84:33159
	at sun.nio.ch.SocketChannelImpl.checkConnect(Native Method)
	at sun.nio.ch.SocketChannelImpl.finishConnect(SocketChannelImpl.java:717)
	at org.apache.ratis.thirdparty.io.netty.channel.socket.nio.NioSocketChannel.doFinishConnect(NioSocketChannel.java:327)
	at org.apache.ratis.thirdparty.io.netty.channel.nio.AbstractNioChannel$AbstractNioUnsafe.finishConnect(AbstractNioChannel.java:340)
	at org.apache.ratis.thirdparty.io.netty.channel.nio.NioEventLoop.processSelectedKey(NioEventLoop.java:632)
	at org.apache.ratis.thirdparty.io.netty.channel.nio.NioEventLoop.processSelectedKeysOptimized(NioEventLoop.java:579)
	at org.apache.ratis.thirdparty.io.netty.channel.nio.NioEventLoop.processSelectedKeys(NioEventLoop.java:496)
	at org.apache.ratis.thirdparty.io.netty.channel.nio.NioEventLoop.run(NioEventLoop.java:458)
	at org.apache.ratis.thirdparty.io.netty.util.concurrent.SingleThreadEventExecutor$5.run(SingleThreadEventExecutor.java:897)
	at org.apache.ratis.thirdparty.io.netty.util.concurrent.FastThreadLocalRunnable.run(FastThreadLocalRunnable.java:30)
	... 1 more
Caused by: java.net.ConnectException: Connection refused
	... 11 more
2019-07-13 07:30:14,476 INFO  impl.RaftServerImpl (RaftServerImpl.java:setRole(171)) - fb233e29-eb29-4b58-9f9f-9362acac1024:group-B6F2163524F3 changes role from CANDIDATE to FOLLOWER at term 2 for DISCOVERED_A_NEW_TERM
2019-07-13 07:30:14,478 INFO  impl.RoleInfo (RoleInfo.java:shutdownLeaderElection(134)) - fb233e29-eb29-4b58-9f9f-9362acac1024: shutdown LeaderElection
2019-07-13 07:30:14,478 INFO  impl.RoleInfo (RoleInfo.java:updateAndGet(143)) - fb233e29-eb29-4b58-9f9f-9362acac1024: start FollowerState
2019-07-13 07:30:15,247 INFO  client.GrpcClientProtocolClient (GrpcClientProtocolClient.java:onNext(255)) - client-95024ED96938->fb233e29-eb29-4b58-9f9f-9362acac1024: receive RaftClientReply:client-95024ED96938->fb233e29-eb29-4b58-9f9f-9362acac1024@group-B6F2163524F3, cid=22, FAILED org.apache.ratis.protocol.NotLeaderException: Server fb233e29-eb29-4b58-9f9f-9362acac1024 is not the leader (null). Request must be sent to leader., logIndex=0, commits[fb233e29-eb29-4b58-9f9f-9362acac1024:c16, 2a65270f-ca9f-476c-bd95-098a2ebcf7cf:c16, 36c37c2c-d4a8-4ab0-a139-b83097af7aa6:c16]
2019-07-13 07:30:18,306 INFO  client.GrpcClientProtocolClient (GrpcClientProtocolClient.java:onNext(255)) - client-95024ED96938->fb233e29-eb29-4b58-9f9f-9362acac1024: receive RaftClientReply:client-95024ED96938->fb233e29-eb29-4b58-9f9f-9362acac1024@group-B6F2163524F3, cid=22, FAILED org.apache.ratis.protocol.NotLeaderException: Server fb233e29-eb29-4b58-9f9f-9362acac1024 is not the leader (null). Request must be sent to leader., logIndex=0, commits[fb233e29-eb29-4b58-9f9f-9362acac1024:c16, 2a65270f-ca9f-476c-bd95-098a2ebcf7cf:c16, 36c37c2c-d4a8-4ab0-a139-b83097af7aa6:c16]
2019-07-13 07:30:19,582 INFO  impl.FollowerState (FollowerState.java:run(106)) - fb233e29-eb29-4b58-9f9f-9362acac1024:group-B6F2163524F3 changes to CANDIDATE, lastRpcTime:5104, electionTimeout:5102ms
2019-07-13 07:30:19,584 INFO  impl.RoleInfo (RoleInfo.java:shutdownFollowerState(121)) - fb233e29-eb29-4b58-9f9f-9362acac1024: shutdown FollowerState
2019-07-13 07:30:19,584 INFO  impl.RaftServerImpl (RaftServerImpl.java:setRole(171)) - fb233e29-eb29-4b58-9f9f-9362acac1024:group-B6F2163524F3 changes role from FOLLOWER to CANDIDATE at term 2 for changeToCandidate
2019-07-13 07:30:19,585 INFO  impl.RoleInfo (RoleInfo.java:updateAndGet(143)) - fb233e29-eb29-4b58-9f9f-9362acac1024: start LeaderElection
2019-07-13 07:30:19,743 INFO  impl.LeaderElection (LeaderElection.java:askForVotes(181)) - fb233e29-eb29-4b58-9f9f-9362acac1024:group-B6F2163524F3:LeaderElection12: begin an election at term 3 for 0: [fb233e29-eb29-4b58-9f9f-9362acac1024:192.168.69.84:42684, 2a65270f-ca9f-476c-bd95-098a2ebcf7cf:192.168.69.84:33159, 36c37c2c-d4a8-4ab0-a139-b83097af7aa6:192.168.69.84:35364], old=null
2019-07-13 07:30:19,750 INFO  impl.LeaderElection (LogUtils.java:infoOrTrace(149)) - fb233e29-eb29-4b58-9f9f-9362acac1024:group-B6F2163524F3:LeaderElection12 got exception when requesting votes: {}
java.util.concurrent.ExecutionException: org.apache.ratis.thirdparty.io.grpc.StatusRuntimeException: UNAVAILABLE: io exception
	at java.util.concurrent.FutureTask.report(FutureTask.java:122)
	at java.util.concurrent.FutureTask.get(FutureTask.java:192)
	at org.apache.ratis.server.impl.LeaderElection.waitForResults(LeaderElection.java:262)
	at org.apache.ratis.server.impl.LeaderElection.askForVotes(LeaderElection.java:200)
	at org.apache.ratis.server.impl.LeaderElection.run(LeaderElection.java:130)
	at java.lang.Thread.run(Thread.java:748)
Caused by: org.apache.ratis.thirdparty.io.grpc.StatusRuntimeException: UNAVAILABLE: io exception
	at org.apache.ratis.thirdparty.io.grpc.stub.ClientCalls.toStatusRuntimeException(ClientCalls.java:233)
	at org.apache.ratis.thirdparty.io.grpc.stub.ClientCalls.getUnchecked(ClientCalls.java:214)
	at org.apache.ratis.thirdparty.io.grpc.stub.ClientCalls.blockingUnaryCall(ClientCalls.java:139)
	at org.apache.ratis.proto.grpc.RaftServerProtocolServiceGrpc$RaftServerProtocolServiceBlockingStub.requestVote(RaftServerProtocolServiceGrpc.java:265)
	at org.apache.ratis.grpc.server.GrpcServerProtocolClient.requestVote(GrpcServerProtocolClient.java:83)
	at org.apache.ratis.grpc.server.GrpcService.requestVote(GrpcService.java:195)
	at org.apache.ratis.server.impl.LeaderElection.lambda$submitRequests$1(LeaderElection.java:237)
	at java.util.concurrent.FutureTask.run(FutureTask.java:266)
	at java.util.concurrent.Executors$RunnableAdapter.call(Executors.java:511)
	at java.util.concurrent.FutureTask.run(FutureTask.java:266)
	at java.util.concurrent.ThreadPoolExecutor.runWorker(ThreadPoolExecutor.java:1149)
	at java.util.concurrent.ThreadPoolExecutor$Worker.run(ThreadPoolExecutor.java:624)
	... 1 more
Caused by: org.apache.ratis.thirdparty.io.netty.channel.AbstractChannel$AnnotatedConnectException: Connection refused: /192.168.69.84:33159
	at sun.nio.ch.SocketChannelImpl.checkConnect(Native Method)
	at sun.nio.ch.SocketChannelImpl.finishConnect(SocketChannelImpl.java:717)
	at org.apache.ratis.thirdparty.io.netty.channel.socket.nio.NioSocketChannel.doFinishConnect(NioSocketChannel.java:327)
	at org.apache.ratis.thirdparty.io.netty.channel.nio.AbstractNioChannel$AbstractNioUnsafe.finishConnect(AbstractNioChannel.java:340)
	at org.apache.ratis.thirdparty.io.netty.channel.nio.NioEventLoop.processSelectedKey(NioEventLoop.java:632)
	at org.apache.ratis.thirdparty.io.netty.channel.nio.NioEventLoop.processSelectedKeysOptimized(NioEventLoop.java:579)
	at org.apache.ratis.thirdparty.io.netty.channel.nio.NioEventLoop.processSelectedKeys(NioEventLoop.java:496)
	at org.apache.ratis.thirdparty.io.netty.channel.nio.NioEventLoop.run(NioEventLoop.java:458)
	at org.apache.ratis.thirdparty.io.netty.util.concurrent.SingleThreadEventExecutor$5.run(SingleThreadEventExecutor.java:897)
	at org.apache.ratis.thirdparty.io.netty.util.concurrent.FastThreadLocalRunnable.run(FastThreadLocalRunnable.java:30)
	... 1 more
Caused by: java.net.ConnectException: Connection refused
	... 11 more
2019-07-13 07:30:19,756 INFO  impl.LeaderElection (LogUtils.java:infoOrTrace(149)) - fb233e29-eb29-4b58-9f9f-9362acac1024:group-B6F2163524F3:LeaderElection12 got exception when requesting votes: {}
java.util.concurrent.ExecutionException: org.apache.ratis.thirdparty.io.grpc.StatusRuntimeException: UNAVAILABLE: io exception
	at java.util.concurrent.FutureTask.report(FutureTask.java:122)
	at java.util.concurrent.FutureTask.get(FutureTask.java:192)
	at org.apache.ratis.server.impl.LeaderElection.waitForResults(LeaderElection.java:262)
	at org.apache.ratis.server.impl.LeaderElection.askForVotes(LeaderElection.java:200)
	at org.apache.ratis.server.impl.LeaderElection.run(LeaderElection.java:130)
	at java.lang.Thread.run(Thread.java:748)
Caused by: org.apache.ratis.thirdparty.io.grpc.StatusRuntimeException: UNAVAILABLE: io exception
	at org.apache.ratis.thirdparty.io.grpc.stub.ClientCalls.toStatusRuntimeException(ClientCalls.java:233)
	at org.apache.ratis.thirdparty.io.grpc.stub.ClientCalls.getUnchecked(ClientCalls.java:214)
	at org.apache.ratis.thirdparty.io.grpc.stub.ClientCalls.blockingUnaryCall(ClientCalls.java:139)
	at org.apache.ratis.proto.grpc.RaftServerProtocolServiceGrpc$RaftServerProtocolServiceBlockingStub.requestVote(RaftServerProtocolServiceGrpc.java:265)
	at org.apache.ratis.grpc.server.GrpcServerProtocolClient.requestVote(GrpcServerProtocolClient.java:83)
	at org.apache.ratis.grpc.server.GrpcService.requestVote(GrpcService.java:195)
	at org.apache.ratis.server.impl.LeaderElection.lambda$submitRequests$1(LeaderElection.java:237)
	at java.util.concurrent.FutureTask.run(FutureTask.java:266)
	at java.util.concurrent.Executors$RunnableAdapter.call(Executors.java:511)
	at java.util.concurrent.FutureTask.run(FutureTask.java:266)
	at java.util.concurrent.ThreadPoolExecutor.runWorker(ThreadPoolExecutor.java:1149)
	at java.util.concurrent.ThreadPoolExecutor$Worker.run(ThreadPoolExecutor.java:624)
	... 1 more
Caused by: org.apache.ratis.thirdparty.io.netty.channel.AbstractChannel$AnnotatedConnectException: Connection refused: /192.168.69.84:35364
	at sun.nio.ch.SocketChannelImpl.checkConnect(Native Method)
	at sun.nio.ch.SocketChannelImpl.finishConnect(SocketChannelImpl.java:717)
	at org.apache.ratis.thirdparty.io.netty.channel.socket.nio.NioSocketChannel.doFinishConnect(NioSocketChannel.java:327)
	at org.apache.ratis.thirdparty.io.netty.channel.nio.AbstractNioChannel$AbstractNioUnsafe.finishConnect(AbstractNioChannel.java:340)
	at org.apache.ratis.thirdparty.io.netty.channel.nio.NioEventLoop.processSelectedKey(NioEventLoop.java:632)
	at org.apache.ratis.thirdparty.io.netty.channel.nio.NioEventLoop.processSelectedKeysOptimized(NioEventLoop.java:579)
	at org.apache.ratis.thirdparty.io.netty.channel.nio.NioEventLoop.processSelectedKeys(NioEventLoop.java:496)
	at org.apache.ratis.thirdparty.io.netty.channel.nio.NioEventLoop.run(NioEventLoop.java:458)
	at org.apache.ratis.thirdparty.io.netty.util.concurrent.SingleThreadEventExecutor$5.run(SingleThreadEventExecutor.java:897)
	at org.apache.ratis.thirdparty.io.netty.util.concurrent.FastThreadLocalRunnable.run(FastThreadLocalRunnable.java:30)
	... 1 more
Caused by: java.net.ConnectException: Connection refused
	... 11 more
2019-07-13 07:30:19,758 INFO  impl.LeaderElection (LeaderElection.java:logAndReturn(56)) - fb233e29-eb29-4b58-9f9f-9362acac1024:group-B6F2163524F3:LeaderElection12: Election REJECTED; received 0 response(s) [] and 2 exception(s); fb233e29-eb29-4b58-9f9f-9362acac1024:t3, leader=null, voted=fb233e29-eb29-4b58-9f9f-9362acac1024, raftlog=fb233e29-eb29-4b58-9f9f-9362acac1024-SegmentedRaftLog:OPENED:c16,f16,i16, conf=0: [fb233e29-eb29-4b58-9f9f-9362acac1024:192.168.69.84:42684, 2a65270f-ca9f-476c-bd95-098a2ebcf7cf:192.168.69.84:33159, 36c37c2c-d4a8-4ab0-a139-b83097af7aa6:192.168.69.84:35364], old=null
2019-07-13 07:30:19,759 INFO  impl.LeaderElection (LogUtils.java:infoOrTrace(149)) -   Exception 0: {}
java.util.concurrent.ExecutionException: org.apache.ratis.thirdparty.io.grpc.StatusRuntimeException: UNAVAILABLE: io exception
	at java.util.concurrent.FutureTask.report(FutureTask.java:122)
	at java.util.concurrent.FutureTask.get(FutureTask.java:192)
	at org.apache.ratis.server.impl.LeaderElection.waitForResults(LeaderElection.java:262)
	at org.apache.ratis.server.impl.LeaderElection.askForVotes(LeaderElection.java:200)
	at org.apache.ratis.server.impl.LeaderElection.run(LeaderElection.java:130)
	at java.lang.Thread.run(Thread.java:748)
Caused by: org.apache.ratis.thirdparty.io.grpc.StatusRuntimeException: UNAVAILABLE: io exception
	at org.apache.ratis.thirdparty.io.grpc.stub.ClientCalls.toStatusRuntimeException(ClientCalls.java:233)
	at org.apache.ratis.thirdparty.io.grpc.stub.ClientCalls.getUnchecked(ClientCalls.java:214)
	at org.apache.ratis.thirdparty.io.grpc.stub.ClientCalls.blockingUnaryCall(ClientCalls.java:139)
	at org.apache.ratis.proto.grpc.RaftServerProtocolServiceGrpc$RaftServerProtocolServiceBlockingStub.requestVote(RaftServerProtocolServiceGrpc.java:265)
	at org.apache.ratis.grpc.server.GrpcServerProtocolClient.requestVote(GrpcServerProtocolClient.java:83)
	at org.apache.ratis.grpc.server.GrpcService.requestVote(GrpcService.java:195)
	at org.apache.ratis.server.impl.LeaderElection.lambda$submitRequests$1(LeaderElection.java:237)
	at java.util.concurrent.FutureTask.run(FutureTask.java:266)
	at java.util.concurrent.Executors$RunnableAdapter.call(Executors.java:511)
	at java.util.concurrent.FutureTask.run(FutureTask.java:266)
	at java.util.concurrent.ThreadPoolExecutor.runWorker(ThreadPoolExecutor.java:1149)
	at java.util.concurrent.ThreadPoolExecutor$Worker.run(ThreadPoolExecutor.java:624)
	... 1 more
Caused by: org.apache.ratis.thirdparty.io.netty.channel.AbstractChannel$AnnotatedConnectException: Connection refused: /192.168.69.84:33159
	at sun.nio.ch.SocketChannelImpl.checkConnect(Native Method)
	at sun.nio.ch.SocketChannelImpl.finishConnect(SocketChannelImpl.java:717)
	at org.apache.ratis.thirdparty.io.netty.channel.socket.nio.NioSocketChannel.doFinishConnect(NioSocketChannel.java:327)
	at org.apache.ratis.thirdparty.io.netty.channel.nio.AbstractNioChannel$AbstractNioUnsafe.finishConnect(AbstractNioChannel.java:340)
	at org.apache.ratis.thirdparty.io.netty.channel.nio.NioEventLoop.processSelectedKey(NioEventLoop.java:632)
	at org.apache.ratis.thirdparty.io.netty.channel.nio.NioEventLoop.processSelectedKeysOptimized(NioEventLoop.java:579)
	at org.apache.ratis.thirdparty.io.netty.channel.nio.NioEventLoop.processSelectedKeys(NioEventLoop.java:496)
	at org.apache.ratis.thirdparty.io.netty.channel.nio.NioEventLoop.run(NioEventLoop.java:458)
	at org.apache.ratis.thirdparty.io.netty.util.concurrent.SingleThreadEventExecutor$5.run(SingleThreadEventExecutor.java:897)
	at org.apache.ratis.thirdparty.io.netty.util.concurrent.FastThreadLocalRunnable.run(FastThreadLocalRunnable.java:30)
	... 1 more
Caused by: java.net.ConnectException: Connection refused
	... 11 more
2019-07-13 07:30:19,759 INFO  impl.LeaderElection (LogUtils.java:infoOrTrace(149)) -   Exception 1: {}
java.util.concurrent.ExecutionException: org.apache.ratis.thirdparty.io.grpc.StatusRuntimeException: UNAVAILABLE: io exception
	at java.util.concurrent.FutureTask.report(FutureTask.java:122)
	at java.util.concurrent.FutureTask.get(FutureTask.java:192)
	at org.apache.ratis.server.impl.LeaderElection.waitForResults(LeaderElection.java:262)
	at org.apache.ratis.server.impl.LeaderElection.askForVotes(LeaderElection.java:200)
	at org.apache.ratis.server.impl.LeaderElection.run(LeaderElection.java:130)
	at java.lang.Thread.run(Thread.java:748)
Caused by: org.apache.ratis.thirdparty.io.grpc.StatusRuntimeException: UNAVAILABLE: io exception
	at org.apache.ratis.thirdparty.io.grpc.stub.ClientCalls.toStatusRuntimeException(ClientCalls.java:233)
	at org.apache.ratis.thirdparty.io.grpc.stub.ClientCalls.getUnchecked(ClientCalls.java:214)
	at org.apache.ratis.thirdparty.io.grpc.stub.ClientCalls.blockingUnaryCall(ClientCalls.java:139)
	at org.apache.ratis.proto.grpc.RaftServerProtocolServiceGrpc$RaftServerProtocolServiceBlockingStub.requestVote(RaftServerProtocolServiceGrpc.java:265)
	at org.apache.ratis.grpc.server.GrpcServerProtocolClient.requestVote(GrpcServerProtocolClient.java:83)
	at org.apache.ratis.grpc.server.GrpcService.requestVote(GrpcService.java:195)
	at org.apache.ratis.server.impl.LeaderElection.lambda$submitRequests$1(LeaderElection.java:237)
	at java.util.concurrent.FutureTask.run(FutureTask.java:266)
	at java.util.concurrent.Executors$RunnableAdapter.call(Executors.java:511)
	at java.util.concurrent.FutureTask.run(FutureTask.java:266)
	at java.util.concurrent.ThreadPoolExecutor.runWorker(ThreadPoolExecutor.java:1149)
	at java.util.concurrent.ThreadPoolExecutor$Worker.run(ThreadPoolExecutor.java:624)
	... 1 more
Caused by: org.apache.ratis.thirdparty.io.netty.channel.AbstractChannel$AnnotatedConnectException: Connection refused: /192.168.69.84:35364
	at sun.nio.ch.SocketChannelImpl.checkConnect(Native Method)
	at sun.nio.ch.SocketChannelImpl.finishConnect(SocketChannelImpl.java:717)
	at org.apache.ratis.thirdparty.io.netty.channel.socket.nio.NioSocketChannel.doFinishConnect(NioSocketChannel.java:327)
	at org.apache.ratis.thirdparty.io.netty.channel.nio.AbstractNioChannel$AbstractNioUnsafe.finishConnect(AbstractNioChannel.java:340)
	at org.apache.ratis.thirdparty.io.netty.channel.nio.NioEventLoop.processSelectedKey(NioEventLoop.java:632)
	at org.apache.ratis.thirdparty.io.netty.channel.nio.NioEventLoop.processSelectedKeysOptimized(NioEventLoop.java:579)
	at org.apache.ratis.thirdparty.io.netty.channel.nio.NioEventLoop.processSelectedKeys(NioEventLoop.java:496)
	at org.apache.ratis.thirdparty.io.netty.channel.nio.NioEventLoop.run(NioEventLoop.java:458)
	at org.apache.ratis.thirdparty.io.netty.util.concurrent.SingleThreadEventExecutor$5.run(SingleThreadEventExecutor.java:897)
	at org.apache.ratis.thirdparty.io.netty.util.concurrent.FastThreadLocalRunnable.run(FastThreadLocalRunnable.java:30)
	... 1 more
Caused by: java.net.ConnectException: Connection refused
	... 11 more
2019-07-13 07:30:19,761 INFO  impl.RaftServerImpl (RaftServerImpl.java:setRole(171)) - fb233e29-eb29-4b58-9f9f-9362acac1024:group-B6F2163524F3 changes role from CANDIDATE to FOLLOWER at term 3 for DISCOVERED_A_NEW_TERM
2019-07-13 07:30:19,764 INFO  impl.RoleInfo (RoleInfo.java:shutdownLeaderElection(134)) - fb233e29-eb29-4b58-9f9f-9362acac1024: shutdown LeaderElection
2019-07-13 07:30:19,764 INFO  impl.RoleInfo (RoleInfo.java:updateAndGet(143)) - fb233e29-eb29-4b58-9f9f-9362acac1024: start FollowerState
2019-07-13 07:30:20,339 INFO  client.GrpcClientProtocolClient (GrpcClientProtocolClient.java:onNext(255)) - client-95024ED96938->fb233e29-eb29-4b58-9f9f-9362acac1024: receive RaftClientReply:client-95024ED96938->fb233e29-eb29-4b58-9f9f-9362acac1024@group-B6F2163524F3, cid=22, FAILED org.apache.ratis.protocol.NotLeaderException: Server fb233e29-eb29-4b58-9f9f-9362acac1024 is not the leader (null). Request must be sent to leader., logIndex=0, commits[fb233e29-eb29-4b58-9f9f-9362acac1024:c16, 2a65270f-ca9f-476c-bd95-098a2ebcf7cf:c16, 36c37c2c-d4a8-4ab0-a139-b83097af7aa6:c16]
2019-07-13 07:30:24,389 INFO  client.GrpcClientProtocolClient (GrpcClientProtocolClient.java:onNext(255)) - client-95024ED96938->fb233e29-eb29-4b58-9f9f-9362acac1024: receive RaftClientReply:client-95024ED96938->fb233e29-eb29-4b58-9f9f-9362acac1024@group-B6F2163524F3, cid=22, FAILED org.apache.ratis.protocol.NotLeaderException: Server fb233e29-eb29-4b58-9f9f-9362acac1024 is not the leader (null). Request must be sent to leader., logIndex=0, commits[fb233e29-eb29-4b58-9f9f-9362acac1024:c16, 2a65270f-ca9f-476c-bd95-098a2ebcf7cf:c16, 36c37c2c-d4a8-4ab0-a139-b83097af7aa6:c16]
2019-07-13 07:30:24,961 INFO  impl.FollowerState (FollowerState.java:run(106)) - fb233e29-eb29-4b58-9f9f-9362acac1024:group-B6F2163524F3 changes to CANDIDATE, lastRpcTime:5197, electionTimeout:5195ms
2019-07-13 07:30:24,964 INFO  impl.RoleInfo (RoleInfo.java:shutdownFollowerState(121)) - fb233e29-eb29-4b58-9f9f-9362acac1024: shutdown FollowerState
2019-07-13 07:30:24,964 INFO  impl.RaftServerImpl (RaftServerImpl.java:setRole(171)) - fb233e29-eb29-4b58-9f9f-9362acac1024:group-B6F2163524F3 changes role from FOLLOWER to CANDIDATE at term 3 for changeToCandidate
2019-07-13 07:30:24,964 INFO  impl.RoleInfo (RoleInfo.java:updateAndGet(143)) - fb233e29-eb29-4b58-9f9f-9362acac1024: start LeaderElection
2019-07-13 07:30:24,980 INFO  impl.LeaderElection (LeaderElection.java:askForVotes(181)) - fb233e29-eb29-4b58-9f9f-9362acac1024:group-B6F2163524F3:LeaderElection13: begin an election at term 4 for 0: [fb233e29-eb29-4b58-9f9f-9362acac1024:192.168.69.84:42684, 2a65270f-ca9f-476c-bd95-098a2ebcf7cf:192.168.69.84:33159, 36c37c2c-d4a8-4ab0-a139-b83097af7aa6:192.168.69.84:35364], old=null
2019-07-13 07:30:24,983 INFO  impl.LeaderElection (LogUtils.java:infoOrTrace(149)) - fb233e29-eb29-4b58-9f9f-9362acac1024:group-B6F2163524F3:LeaderElection13 got exception when requesting votes: {}
java.util.concurrent.ExecutionException: org.apache.ratis.thirdparty.io.grpc.StatusRuntimeException: UNAVAILABLE: io exception
	at java.util.concurrent.FutureTask.report(FutureTask.java:122)
	at java.util.concurrent.FutureTask.get(FutureTask.java:192)
	at org.apache.ratis.server.impl.LeaderElection.waitForResults(LeaderElection.java:262)
	at org.apache.ratis.server.impl.LeaderElection.askForVotes(LeaderElection.java:200)
	at org.apache.ratis.server.impl.LeaderElection.run(LeaderElection.java:130)
	at java.lang.Thread.run(Thread.java:748)
Caused by: org.apache.ratis.thirdparty.io.grpc.StatusRuntimeException: UNAVAILABLE: io exception
	at org.apache.ratis.thirdparty.io.grpc.stub.ClientCalls.toStatusRuntimeException(ClientCalls.java:233)
	at org.apache.ratis.thirdparty.io.grpc.stub.ClientCalls.getUnchecked(ClientCalls.java:214)
	at org.apache.ratis.thirdparty.io.grpc.stub.ClientCalls.blockingUnaryCall(ClientCalls.java:139)
	at org.apache.ratis.proto.grpc.RaftServerProtocolServiceGrpc$RaftServerProtocolServiceBlockingStub.requestVote(RaftServerProtocolServiceGrpc.java:265)
	at org.apache.ratis.grpc.server.GrpcServerProtocolClient.requestVote(GrpcServerProtocolClient.java:83)
	at org.apache.ratis.grpc.server.GrpcService.requestVote(GrpcService.java:195)
	at org.apache.ratis.server.impl.LeaderElection.lambda$submitRequests$1(LeaderElection.java:237)
	at java.util.concurrent.FutureTask.run(FutureTask.java:266)
	at java.util.concurrent.Executors$RunnableAdapter.call(Executors.java:511)
	at java.util.concurrent.FutureTask.run(FutureTask.java:266)
	at java.util.concurrent.ThreadPoolExecutor.runWorker(ThreadPoolExecutor.java:1149)
	at java.util.concurrent.ThreadPoolExecutor$Worker.run(ThreadPoolExecutor.java:624)
	... 1 more
Caused by: org.apache.ratis.thirdparty.io.netty.channel.AbstractChannel$AnnotatedConnectException: Connection refused: /192.168.69.84:33159
	at sun.nio.ch.SocketChannelImpl.checkConnect(Native Method)
	at sun.nio.ch.SocketChannelImpl.finishConnect(SocketChannelImpl.java:717)
	at org.apache.ratis.thirdparty.io.netty.channel.socket.nio.NioSocketChannel.doFinishConnect(NioSocketChannel.java:327)
	at org.apache.ratis.thirdparty.io.netty.channel.nio.AbstractNioChannel$AbstractNioUnsafe.finishConnect(AbstractNioChannel.java:340)
	at org.apache.ratis.thirdparty.io.netty.channel.nio.NioEventLoop.processSelectedKey(NioEventLoop.java:632)
	at org.apache.ratis.thirdparty.io.netty.channel.nio.NioEventLoop.processSelectedKeysOptimized(NioEventLoop.java:579)
	at org.apache.ratis.thirdparty.io.netty.channel.nio.NioEventLoop.processSelectedKeys(NioEventLoop.java:496)
	at org.apache.ratis.thirdparty.io.netty.channel.nio.NioEventLoop.run(NioEventLoop.java:458)
	at org.apache.ratis.thirdparty.io.netty.util.concurrent.SingleThreadEventExecutor$5.run(SingleThreadEventExecutor.java:897)
	at org.apache.ratis.thirdparty.io.netty.util.concurrent.FastThreadLocalRunnable.run(FastThreadLocalRunnable.java:30)
	... 1 more
Caused by: java.net.ConnectException: Connection refused
	... 11 more
2019-07-13 07:30:24,986 INFO  impl.LeaderElection (LogUtils.java:infoOrTrace(149)) - fb233e29-eb29-4b58-9f9f-9362acac1024:group-B6F2163524F3:LeaderElection13 got exception when requesting votes: {}
java.util.concurrent.ExecutionException: org.apache.ratis.thirdparty.io.grpc.StatusRuntimeException: UNAVAILABLE: io exception
	at java.util.concurrent.FutureTask.report(FutureTask.java:122)
	at java.util.concurrent.FutureTask.get(FutureTask.java:192)
	at org.apache.ratis.server.impl.LeaderElection.waitForResults(LeaderElection.java:262)
	at org.apache.ratis.server.impl.LeaderElection.askForVotes(LeaderElection.java:200)
	at org.apache.ratis.server.impl.LeaderElection.run(LeaderElection.java:130)
	at java.lang.Thread.run(Thread.java:748)
Caused by: org.apache.ratis.thirdparty.io.grpc.StatusRuntimeException: UNAVAILABLE: io exception
	at org.apache.ratis.thirdparty.io.grpc.stub.ClientCalls.toStatusRuntimeException(ClientCalls.java:233)
	at org.apache.ratis.thirdparty.io.grpc.stub.ClientCalls.getUnchecked(ClientCalls.java:214)
	at org.apache.ratis.thirdparty.io.grpc.stub.ClientCalls.blockingUnaryCall(ClientCalls.java:139)
	at org.apache.ratis.proto.grpc.RaftServerProtocolServiceGrpc$RaftServerProtocolServiceBlockingStub.requestVote(RaftServerProtocolServiceGrpc.java:265)
	at org.apache.ratis.grpc.server.GrpcServerProtocolClient.requestVote(GrpcServerProtocolClient.java:83)
	at org.apache.ratis.grpc.server.GrpcService.requestVote(GrpcService.java:195)
	at org.apache.ratis.server.impl.LeaderElection.lambda$submitRequests$1(LeaderElection.java:237)
	at java.util.concurrent.FutureTask.run(FutureTask.java:266)
	at java.util.concurrent.Executors$RunnableAdapter.call(Executors.java:511)
	at java.util.concurrent.FutureTask.run(FutureTask.java:266)
	at java.util.concurrent.ThreadPoolExecutor.runWorker(ThreadPoolExecutor.java:1149)
	at java.util.concurrent.ThreadPoolExecutor$Worker.run(ThreadPoolExecutor.java:624)
	... 1 more
Caused by: org.apache.ratis.thirdparty.io.netty.channel.AbstractChannel$AnnotatedConnectException: Connection refused: /192.168.69.84:35364
	at sun.nio.ch.SocketChannelImpl.checkConnect(Native Method)
	at sun.nio.ch.SocketChannelImpl.finishConnect(SocketChannelImpl.java:717)
	at org.apache.ratis.thirdparty.io.netty.channel.socket.nio.NioSocketChannel.doFinishConnect(NioSocketChannel.java:327)
	at org.apache.ratis.thirdparty.io.netty.channel.nio.AbstractNioChannel$AbstractNioUnsafe.finishConnect(AbstractNioChannel.java:340)
	at org.apache.ratis.thirdparty.io.netty.channel.nio.NioEventLoop.processSelectedKey(NioEventLoop.java:632)
	at org.apache.ratis.thirdparty.io.netty.channel.nio.NioEventLoop.processSelectedKeysOptimized(NioEventLoop.java:579)
	at org.apache.ratis.thirdparty.io.netty.channel.nio.NioEventLoop.processSelectedKeys(NioEventLoop.java:496)
	at org.apache.ratis.thirdparty.io.netty.channel.nio.NioEventLoop.run(NioEventLoop.java:458)
	at org.apache.ratis.thirdparty.io.netty.util.concurrent.SingleThreadEventExecutor$5.run(SingleThreadEventExecutor.java:897)
	at org.apache.ratis.thirdparty.io.netty.util.concurrent.FastThreadLocalRunnable.run(FastThreadLocalRunnable.java:30)
	... 1 more
Caused by: java.net.ConnectException: Connection refused
	... 11 more
2019-07-13 07:30:24,988 INFO  impl.LeaderElection (LeaderElection.java:logAndReturn(56)) - fb233e29-eb29-4b58-9f9f-9362acac1024:group-B6F2163524F3:LeaderElection13: Election REJECTED; received 0 response(s) [] and 2 exception(s); fb233e29-eb29-4b58-9f9f-9362acac1024:t4, leader=null, voted=fb233e29-eb29-4b58-9f9f-9362acac1024, raftlog=fb233e29-eb29-4b58-9f9f-9362acac1024-SegmentedRaftLog:OPENED:c16,f16,i16, conf=0: [fb233e29-eb29-4b58-9f9f-9362acac1024:192.168.69.84:42684, 2a65270f-ca9f-476c-bd95-098a2ebcf7cf:192.168.69.84:33159, 36c37c2c-d4a8-4ab0-a139-b83097af7aa6:192.168.69.84:35364], old=null
2019-07-13 07:30:24,988 INFO  impl.LeaderElection (LogUtils.java:infoOrTrace(149)) -   Exception 0: {}
java.util.concurrent.ExecutionException: org.apache.ratis.thirdparty.io.grpc.StatusRuntimeException: UNAVAILABLE: io exception
	at java.util.concurrent.FutureTask.report(FutureTask.java:122)
	at java.util.concurrent.FutureTask.get(FutureTask.java:192)
	at org.apache.ratis.server.impl.LeaderElection.waitForResults(LeaderElection.java:262)
	at org.apache.ratis.server.impl.LeaderElection.askForVotes(LeaderElection.java:200)
	at org.apache.ratis.server.impl.LeaderElection.run(LeaderElection.java:130)
	at java.lang.Thread.run(Thread.java:748)
Caused by: org.apache.ratis.thirdparty.io.grpc.StatusRuntimeException: UNAVAILABLE: io exception
	at org.apache.ratis.thirdparty.io.grpc.stub.ClientCalls.toStatusRuntimeException(ClientCalls.java:233)
	at org.apache.ratis.thirdparty.io.grpc.stub.ClientCalls.getUnchecked(ClientCalls.java:214)
	at org.apache.ratis.thirdparty.io.grpc.stub.ClientCalls.blockingUnaryCall(ClientCalls.java:139)
	at org.apache.ratis.proto.grpc.RaftServerProtocolServiceGrpc$RaftServerProtocolServiceBlockingStub.requestVote(RaftServerProtocolServiceGrpc.java:265)
	at org.apache.ratis.grpc.server.GrpcServerProtocolClient.requestVote(GrpcServerProtocolClient.java:83)
	at org.apache.ratis.grpc.server.GrpcService.requestVote(GrpcService.java:195)
	at org.apache.ratis.server.impl.LeaderElection.lambda$submitRequests$1(LeaderElection.java:237)
	at java.util.concurrent.FutureTask.run(FutureTask.java:266)
	at java.util.concurrent.Executors$RunnableAdapter.call(Executors.java:511)
	at java.util.concurrent.FutureTask.run(FutureTask.java:266)
	at java.util.concurrent.ThreadPoolExecutor.runWorker(ThreadPoolExecutor.java:1149)
	at java.util.concurrent.ThreadPoolExecutor$Worker.run(ThreadPoolExecutor.java:624)
	... 1 more
Caused by: org.apache.ratis.thirdparty.io.netty.channel.AbstractChannel$AnnotatedConnectException: Connection refused: /192.168.69.84:33159
	at sun.nio.ch.SocketChannelImpl.checkConnect(Native Method)
	at sun.nio.ch.SocketChannelImpl.finishConnect(SocketChannelImpl.java:717)
	at org.apache.ratis.thirdparty.io.netty.channel.socket.nio.NioSocketChannel.doFinishConnect(NioSocketChannel.java:327)
	at org.apache.ratis.thirdparty.io.netty.channel.nio.AbstractNioChannel$AbstractNioUnsafe.finishConnect(AbstractNioChannel.java:340)
	at org.apache.ratis.thirdparty.io.netty.channel.nio.NioEventLoop.processSelectedKey(NioEventLoop.java:632)
	at org.apache.ratis.thirdparty.io.netty.channel.nio.NioEventLoop.processSelectedKeysOptimized(NioEventLoop.java:579)
	at org.apache.ratis.thirdparty.io.netty.channel.nio.NioEventLoop.processSelectedKeys(NioEventLoop.java:496)
	at org.apache.ratis.thirdparty.io.netty.channel.nio.NioEventLoop.run(NioEventLoop.java:458)
	at org.apache.ratis.thirdparty.io.netty.util.concurrent.SingleThreadEventExecutor$5.run(SingleThreadEventExecutor.java:897)
	at org.apache.ratis.thirdparty.io.netty.util.concurrent.FastThreadLocalRunnable.run(FastThreadLocalRunnable.java:30)
	... 1 more
Caused by: java.net.ConnectException: Connection refused
	... 11 more
2019-07-13 07:30:24,989 INFO  impl.LeaderElection (LogUtils.java:infoOrTrace(149)) -   Exception 1: {}
java.util.concurrent.ExecutionException: org.apache.ratis.thirdparty.io.grpc.StatusRuntimeException: UNAVAILABLE: io exception
	at java.util.concurrent.FutureTask.report(FutureTask.java:122)
	at java.util.concurrent.FutureTask.get(FutureTask.java:192)
	at org.apache.ratis.server.impl.LeaderElection.waitForResults(LeaderElection.java:262)
	at org.apache.ratis.server.impl.LeaderElection.askForVotes(LeaderElection.java:200)
	at org.apache.ratis.server.impl.LeaderElection.run(LeaderElection.java:130)
	at java.lang.Thread.run(Thread.java:748)
Caused by: org.apache.ratis.thirdparty.io.grpc.StatusRuntimeException: UNAVAILABLE: io exception
	at org.apache.ratis.thirdparty.io.grpc.stub.ClientCalls.toStatusRuntimeException(ClientCalls.java:233)
	at org.apache.ratis.thirdparty.io.grpc.stub.ClientCalls.getUnchecked(ClientCalls.java:214)
	at org.apache.ratis.thirdparty.io.grpc.stub.ClientCalls.blockingUnaryCall(ClientCalls.java:139)
	at org.apache.ratis.proto.grpc.RaftServerProtocolServiceGrpc$RaftServerProtocolServiceBlockingStub.requestVote(RaftServerProtocolServiceGrpc.java:265)
	at org.apache.ratis.grpc.server.GrpcServerProtocolClient.requestVote(GrpcServerProtocolClient.java:83)
	at org.apache.ratis.grpc.server.GrpcService.requestVote(GrpcService.java:195)
	at org.apache.ratis.server.impl.LeaderElection.lambda$submitRequests$1(LeaderElection.java:237)
	at java.util.concurrent.FutureTask.run(FutureTask.java:266)
	at java.util.concurrent.Executors$RunnableAdapter.call(Executors.java:511)
	at java.util.concurrent.FutureTask.run(FutureTask.java:266)
	at java.util.concurrent.ThreadPoolExecutor.runWorker(ThreadPoolExecutor.java:1149)
	at java.util.concurrent.ThreadPoolExecutor$Worker.run(ThreadPoolExecutor.java:624)
	... 1 more
Caused by: org.apache.ratis.thirdparty.io.netty.channel.AbstractChannel$AnnotatedConnectException: Connection refused: /192.168.69.84:35364
	at sun.nio.ch.SocketChannelImpl.checkConnect(Native Method)
	at sun.nio.ch.SocketChannelImpl.finishConnect(SocketChannelImpl.java:717)
	at org.apache.ratis.thirdparty.io.netty.channel.socket.nio.NioSocketChannel.doFinishConnect(NioSocketChannel.java:327)
	at org.apache.ratis.thirdparty.io.netty.channel.nio.AbstractNioChannel$AbstractNioUnsafe.finishConnect(AbstractNioChannel.java:340)
	at org.apache.ratis.thirdparty.io.netty.channel.nio.NioEventLoop.processSelectedKey(NioEventLoop.java:632)
	at org.apache.ratis.thirdparty.io.netty.channel.nio.NioEventLoop.processSelectedKeysOptimized(NioEventLoop.java:579)
	at org.apache.ratis.thirdparty.io.netty.channel.nio.NioEventLoop.processSelectedKeys(NioEventLoop.java:496)
	at org.apache.ratis.thirdparty.io.netty.channel.nio.NioEventLoop.run(NioEventLoop.java:458)
	at org.apache.ratis.thirdparty.io.netty.util.concurrent.SingleThreadEventExecutor$5.run(SingleThreadEventExecutor.java:897)
	at org.apache.ratis.thirdparty.io.netty.util.concurrent.FastThreadLocalRunnable.run(FastThreadLocalRunnable.java:30)
	... 1 more
Caused by: java.net.ConnectException: Connection refused
	... 11 more
2019-07-13 07:30:24,989 INFO  impl.RaftServerImpl (RaftServerImpl.java:setRole(171)) - fb233e29-eb29-4b58-9f9f-9362acac1024:group-B6F2163524F3 changes role from CANDIDATE to FOLLOWER at term 4 for DISCOVERED_A_NEW_TERM
2019-07-13 07:30:24,991 INFO  impl.RoleInfo (RoleInfo.java:shutdownLeaderElection(134)) - fb233e29-eb29-4b58-9f9f-9362acac1024: shutdown LeaderElection
2019-07-13 07:30:24,991 INFO  impl.RoleInfo (RoleInfo.java:updateAndGet(143)) - fb233e29-eb29-4b58-9f9f-9362acac1024: start FollowerState
2019-07-13 07:30:28,437 INFO  client.GrpcClientProtocolClient (GrpcClientProtocolClient.java:onNext(255)) - client-95024ED96938->fb233e29-eb29-4b58-9f9f-9362acac1024: receive RaftClientReply:client-95024ED96938->fb233e29-eb29-4b58-9f9f-9362acac1024@group-B6F2163524F3, cid=22, FAILED org.apache.ratis.protocol.NotLeaderException: Server fb233e29-eb29-4b58-9f9f-9362acac1024 is not the leader (null). Request must be sent to leader., logIndex=0, commits[fb233e29-eb29-4b58-9f9f-9362acac1024:c16, 2a65270f-ca9f-476c-bd95-098a2ebcf7cf:c16, 36c37c2c-d4a8-4ab0-a139-b83097af7aa6:c16]
2019-07-13 07:30:30,014 INFO  impl.FollowerState (FollowerState.java:run(106)) - fb233e29-eb29-4b58-9f9f-9362acac1024:group-B6F2163524F3 changes to CANDIDATE, lastRpcTime:5022, electionTimeout:5020ms
2019-07-13 07:30:30,014 INFO  impl.RoleInfo (RoleInfo.java:shutdownFollowerState(121)) - fb233e29-eb29-4b58-9f9f-9362acac1024: shutdown FollowerState
2019-07-13 07:30:30,014 INFO  impl.RaftServerImpl (RaftServerImpl.java:setRole(171)) - fb233e29-eb29-4b58-9f9f-9362acac1024:group-B6F2163524F3 changes role from FOLLOWER to CANDIDATE at term 4 for changeToCandidate
2019-07-13 07:30:30,014 INFO  impl.RoleInfo (RoleInfo.java:updateAndGet(143)) - fb233e29-eb29-4b58-9f9f-9362acac1024: start LeaderElection
2019-07-13 07:30:30,032 INFO  impl.LeaderElection (LeaderElection.java:askForVotes(181)) - fb233e29-eb29-4b58-9f9f-9362acac1024:group-B6F2163524F3:LeaderElection14: begin an election at term 5 for 0: [fb233e29-eb29-4b58-9f9f-9362acac1024:192.168.69.84:42684, 2a65270f-ca9f-476c-bd95-098a2ebcf7cf:192.168.69.84:33159, 36c37c2c-d4a8-4ab0-a139-b83097af7aa6:192.168.69.84:35364], old=null
2019-07-13 07:30:30,035 INFO  impl.LeaderElection (LogUtils.java:infoOrTrace(149)) - fb233e29-eb29-4b58-9f9f-9362acac1024:group-B6F2163524F3:LeaderElection14 got exception when requesting votes: {}
java.util.concurrent.ExecutionException: org.apache.ratis.thirdparty.io.grpc.StatusRuntimeException: UNAVAILABLE: io exception
	at java.util.concurrent.FutureTask.report(FutureTask.java:122)
	at java.util.concurrent.FutureTask.get(FutureTask.java:192)
	at org.apache.ratis.server.impl.LeaderElection.waitForResults(LeaderElection.java:262)
	at org.apache.ratis.server.impl.LeaderElection.askForVotes(LeaderElection.java:200)
	at org.apache.ratis.server.impl.LeaderElection.run(LeaderElection.java:130)
	at java.lang.Thread.run(Thread.java:748)
Caused by: org.apache.ratis.thirdparty.io.grpc.StatusRuntimeException: UNAVAILABLE: io exception
	at org.apache.ratis.thirdparty.io.grpc.stub.ClientCalls.toStatusRuntimeException(ClientCalls.java:233)
	at org.apache.ratis.thirdparty.io.grpc.stub.ClientCalls.getUnchecked(ClientCalls.java:214)
	at org.apache.ratis.thirdparty.io.grpc.stub.ClientCalls.blockingUnaryCall(ClientCalls.java:139)
	at org.apache.ratis.proto.grpc.RaftServerProtocolServiceGrpc$RaftServerProtocolServiceBlockingStub.requestVote(RaftServerProtocolServiceGrpc.java:265)
	at org.apache.ratis.grpc.server.GrpcServerProtocolClient.requestVote(GrpcServerProtocolClient.java:83)
	at org.apache.ratis.grpc.server.GrpcService.requestVote(GrpcService.java:195)
	at org.apache.ratis.server.impl.LeaderElection.lambda$submitRequests$1(LeaderElection.java:237)
	at java.util.concurrent.FutureTask.run(FutureTask.java:266)
	at java.util.concurrent.Executors$RunnableAdapter.call(Executors.java:511)
	at java.util.concurrent.FutureTask.run(FutureTask.java:266)
	at java.util.concurrent.ThreadPoolExecutor.runWorker(ThreadPoolExecutor.java:1149)
	at java.util.concurrent.ThreadPoolExecutor$Worker.run(ThreadPoolExecutor.java:624)
	... 1 more
Caused by: org.apache.ratis.thirdparty.io.netty.channel.AbstractChannel$AnnotatedConnectException: Connection refused: /192.168.69.84:35364
	at sun.nio.ch.SocketChannelImpl.checkConnect(Native Method)
	at sun.nio.ch.SocketChannelImpl.finishConnect(SocketChannelImpl.java:717)
	at org.apache.ratis.thirdparty.io.netty.channel.socket.nio.NioSocketChannel.doFinishConnect(NioSocketChannel.java:327)
	at org.apache.ratis.thirdparty.io.netty.channel.nio.AbstractNioChannel$AbstractNioUnsafe.finishConnect(AbstractNioChannel.java:340)
	at org.apache.ratis.thirdparty.io.netty.channel.nio.NioEventLoop.processSelectedKey(NioEventLoop.java:632)
	at org.apache.ratis.thirdparty.io.netty.channel.nio.NioEventLoop.processSelectedKeysOptimized(NioEventLoop.java:579)
	at org.apache.ratis.thirdparty.io.netty.channel.nio.NioEventLoop.processSelectedKeys(NioEventLoop.java:496)
	at org.apache.ratis.thirdparty.io.netty.channel.nio.NioEventLoop.run(NioEventLoop.java:458)
	at org.apache.ratis.thirdparty.io.netty.util.concurrent.SingleThreadEventExecutor$5.run(SingleThreadEventExecutor.java:897)
	at org.apache.ratis.thirdparty.io.netty.util.concurrent.FastThreadLocalRunnable.run(FastThreadLocalRunnable.java:30)
	... 1 more
Caused by: java.net.ConnectException: Connection refused
	... 11 more
2019-07-13 07:30:30,038 INFO  impl.LeaderElection (LogUtils.java:infoOrTrace(149)) - fb233e29-eb29-4b58-9f9f-9362acac1024:group-B6F2163524F3:LeaderElection14 got exception when requesting votes: {}
java.util.concurrent.ExecutionException: org.apache.ratis.thirdparty.io.grpc.StatusRuntimeException: UNAVAILABLE: io exception
	at java.util.concurrent.FutureTask.report(FutureTask.java:122)
	at java.util.concurrent.FutureTask.get(FutureTask.java:192)
	at org.apache.ratis.server.impl.LeaderElection.waitForResults(LeaderElection.java:262)
	at org.apache.ratis.server.impl.LeaderElection.askForVotes(LeaderElection.java:200)
	at org.apache.ratis.server.impl.LeaderElection.run(LeaderElection.java:130)
	at java.lang.Thread.run(Thread.java:748)
Caused by: org.apache.ratis.thirdparty.io.grpc.StatusRuntimeException: UNAVAILABLE: io exception
	at org.apache.ratis.thirdparty.io.grpc.stub.ClientCalls.toStatusRuntimeException(ClientCalls.java:233)
	at org.apache.ratis.thirdparty.io.grpc.stub.ClientCalls.getUnchecked(ClientCalls.java:214)
	at org.apache.ratis.thirdparty.io.grpc.stub.ClientCalls.blockingUnaryCall(ClientCalls.java:139)
	at org.apache.ratis.proto.grpc.RaftServerProtocolServiceGrpc$RaftServerProtocolServiceBlockingStub.requestVote(RaftServerProtocolServiceGrpc.java:265)
	at org.apache.ratis.grpc.server.GrpcServerProtocolClient.requestVote(GrpcServerProtocolClient.java:83)
	at org.apache.ratis.grpc.server.GrpcService.requestVote(GrpcService.java:195)
	at org.apache.ratis.server.impl.LeaderElection.lambda$submitRequests$1(LeaderElection.java:237)
	at java.util.concurrent.FutureTask.run(FutureTask.java:266)
	at java.util.concurrent.Executors$RunnableAdapter.call(Executors.java:511)
	at java.util.concurrent.FutureTask.run(FutureTask.java:266)
	at java.util.concurrent.ThreadPoolExecutor.runWorker(ThreadPoolExecutor.java:1149)
	at java.util.concurrent.ThreadPoolExecutor$Worker.run(ThreadPoolExecutor.java:624)
	... 1 more
Caused by: org.apache.ratis.thirdparty.io.netty.channel.AbstractChannel$AnnotatedConnectException: Connection refused: /192.168.69.84:33159
	at sun.nio.ch.SocketChannelImpl.checkConnect(Native Method)
	at sun.nio.ch.SocketChannelImpl.finishConnect(SocketChannelImpl.java:717)
	at org.apache.ratis.thirdparty.io.netty.channel.socket.nio.NioSocketChannel.doFinishConnect(NioSocketChannel.java:327)
	at org.apache.ratis.thirdparty.io.netty.channel.nio.AbstractNioChannel$AbstractNioUnsafe.finishConnect(AbstractNioChannel.java:340)
	at org.apache.ratis.thirdparty.io.netty.channel.nio.NioEventLoop.processSelectedKey(NioEventLoop.java:632)
	at org.apache.ratis.thirdparty.io.netty.channel.nio.NioEventLoop.processSelectedKeysOptimized(NioEventLoop.java:579)
	at org.apache.ratis.thirdparty.io.netty.channel.nio.NioEventLoop.processSelectedKeys(NioEventLoop.java:496)
	at org.apache.ratis.thirdparty.io.netty.channel.nio.NioEventLoop.run(NioEventLoop.java:458)
	at org.apache.ratis.thirdparty.io.netty.util.concurrent.SingleThreadEventExecutor$5.run(SingleThreadEventExecutor.java:897)
	at org.apache.ratis.thirdparty.io.netty.util.concurrent.FastThreadLocalRunnable.run(FastThreadLocalRunnable.java:30)
	... 1 more
Caused by: java.net.ConnectException: Connection refused
	... 11 more
2019-07-13 07:30:30,040 INFO  impl.LeaderElection (LeaderElection.java:logAndReturn(56)) - fb233e29-eb29-4b58-9f9f-9362acac1024:group-B6F2163524F3:LeaderElection14: Election REJECTED; received 0 response(s) [] and 2 exception(s); fb233e29-eb29-4b58-9f9f-9362acac1024:t5, leader=null, voted=fb233e29-eb29-4b58-9f9f-9362acac1024, raftlog=fb233e29-eb29-4b58-9f9f-9362acac1024-SegmentedRaftLog:OPENED:c16,f16,i16, conf=0: [fb233e29-eb29-4b58-9f9f-9362acac1024:192.168.69.84:42684, 2a65270f-ca9f-476c-bd95-098a2ebcf7cf:192.168.69.84:33159, 36c37c2c-d4a8-4ab0-a139-b83097af7aa6:192.168.69.84:35364], old=null
2019-07-13 07:30:30,040 INFO  impl.LeaderElection (LogUtils.java:infoOrTrace(149)) -   Exception 0: {}
java.util.concurrent.ExecutionException: org.apache.ratis.thirdparty.io.grpc.StatusRuntimeException: UNAVAILABLE: io exception
	at java.util.concurrent.FutureTask.report(FutureTask.java:122)
	at java.util.concurrent.FutureTask.get(FutureTask.java:192)
	at org.apache.ratis.server.impl.LeaderElection.waitForResults(LeaderElection.java:262)
	at org.apache.ratis.server.impl.LeaderElection.askForVotes(LeaderElection.java:200)
	at org.apache.ratis.server.impl.LeaderElection.run(LeaderElection.java:130)
	at java.lang.Thread.run(Thread.java:748)
Caused by: org.apache.ratis.thirdparty.io.grpc.StatusRuntimeException: UNAVAILABLE: io exception
	at org.apache.ratis.thirdparty.io.grpc.stub.ClientCalls.toStatusRuntimeException(ClientCalls.java:233)
	at org.apache.ratis.thirdparty.io.grpc.stub.ClientCalls.getUnchecked(ClientCalls.java:214)
	at org.apache.ratis.thirdparty.io.grpc.stub.ClientCalls.blockingUnaryCall(ClientCalls.java:139)
	at org.apache.ratis.proto.grpc.RaftServerProtocolServiceGrpc$RaftServerProtocolServiceBlockingStub.requestVote(RaftServerProtocolServiceGrpc.java:265)
	at org.apache.ratis.grpc.server.GrpcServerProtocolClient.requestVote(GrpcServerProtocolClient.java:83)
	at org.apache.ratis.grpc.server.GrpcService.requestVote(GrpcService.java:195)
	at org.apache.ratis.server.impl.LeaderElection.lambda$submitRequests$1(LeaderElection.java:237)
	at java.util.concurrent.FutureTask.run(FutureTask.java:266)
	at java.util.concurrent.Executors$RunnableAdapter.call(Executors.java:511)
	at java.util.concurrent.FutureTask.run(FutureTask.java:266)
	at java.util.concurrent.ThreadPoolExecutor.runWorker(ThreadPoolExecutor.java:1149)
	at java.util.concurrent.ThreadPoolExecutor$Worker.run(ThreadPoolExecutor.java:624)
	... 1 more
Caused by: org.apache.ratis.thirdparty.io.netty.channel.AbstractChannel$AnnotatedConnectException: Connection refused: /192.168.69.84:35364
	at sun.nio.ch.SocketChannelImpl.checkConnect(Native Method)
	at sun.nio.ch.SocketChannelImpl.finishConnect(SocketChannelImpl.java:717)
	at org.apache.ratis.thirdparty.io.netty.channel.socket.nio.NioSocketChannel.doFinishConnect(NioSocketChannel.java:327)
	at org.apache.ratis.thirdparty.io.netty.channel.nio.AbstractNioChannel$AbstractNioUnsafe.finishConnect(AbstractNioChannel.java:340)
	at org.apache.ratis.thirdparty.io.netty.channel.nio.NioEventLoop.processSelectedKey(NioEventLoop.java:632)
	at org.apache.ratis.thirdparty.io.netty.channel.nio.NioEventLoop.processSelectedKeysOptimized(NioEventLoop.java:579)
	at org.apache.ratis.thirdparty.io.netty.channel.nio.NioEventLoop.processSelectedKeys(NioEventLoop.java:496)
	at org.apache.ratis.thirdparty.io.netty.channel.nio.NioEventLoop.run(NioEventLoop.java:458)
	at org.apache.ratis.thirdparty.io.netty.util.concurrent.SingleThreadEventExecutor$5.run(SingleThreadEventExecutor.java:897)
	at org.apache.ratis.thirdparty.io.netty.util.concurrent.FastThreadLocalRunnable.run(FastThreadLocalRunnable.java:30)
	... 1 more
Caused by: java.net.ConnectException: Connection refused
	... 11 more
2019-07-13 07:30:30,041 INFO  impl.LeaderElection (LogUtils.java:infoOrTrace(149)) -   Exception 1: {}
java.util.concurrent.ExecutionException: org.apache.ratis.thirdparty.io.grpc.StatusRuntimeException: UNAVAILABLE: io exception
	at java.util.concurrent.FutureTask.report(FutureTask.java:122)
	at java.util.concurrent.FutureTask.get(FutureTask.java:192)
	at org.apache.ratis.server.impl.LeaderElection.waitForResults(LeaderElection.java:262)
	at org.apache.ratis.server.impl.LeaderElection.askForVotes(LeaderElection.java:200)
	at org.apache.ratis.server.impl.LeaderElection.run(LeaderElection.java:130)
	at java.lang.Thread.run(Thread.java:748)
Caused by: org.apache.ratis.thirdparty.io.grpc.StatusRuntimeException: UNAVAILABLE: io exception
	at org.apache.ratis.thirdparty.io.grpc.stub.ClientCalls.toStatusRuntimeException(ClientCalls.java:233)
	at org.apache.ratis.thirdparty.io.grpc.stub.ClientCalls.getUnchecked(ClientCalls.java:214)
	at org.apache.ratis.thirdparty.io.grpc.stub.ClientCalls.blockingUnaryCall(ClientCalls.java:139)
	at org.apache.ratis.proto.grpc.RaftServerProtocolServiceGrpc$RaftServerProtocolServiceBlockingStub.requestVote(RaftServerProtocolServiceGrpc.java:265)
	at org.apache.ratis.grpc.server.GrpcServerProtocolClient.requestVote(GrpcServerProtocolClient.java:83)
	at org.apache.ratis.grpc.server.GrpcService.requestVote(GrpcService.java:195)
	at org.apache.ratis.server.impl.LeaderElection.lambda$submitRequests$1(LeaderElection.java:237)
	at java.util.concurrent.FutureTask.run(FutureTask.java:266)
	at java.util.concurrent.Executors$RunnableAdapter.call(Executors.java:511)
	at java.util.concurrent.FutureTask.run(FutureTask.java:266)
	at java.util.concurrent.ThreadPoolExecutor.runWorker(ThreadPoolExecutor.java:1149)
	at java.util.concurrent.ThreadPoolExecutor$Worker.run(ThreadPoolExecutor.java:624)
	... 1 more
Caused by: org.apache.ratis.thirdparty.io.netty.channel.AbstractChannel$AnnotatedConnectException: Connection refused: /192.168.69.84:33159
	at sun.nio.ch.SocketChannelImpl.checkConnect(Native Method)
	at sun.nio.ch.SocketChannelImpl.finishConnect(SocketChannelImpl.java:717)
	at org.apache.ratis.thirdparty.io.netty.channel.socket.nio.NioSocketChannel.doFinishConnect(NioSocketChannel.java:327)
	at org.apache.ratis.thirdparty.io.netty.channel.nio.AbstractNioChannel$AbstractNioUnsafe.finishConnect(AbstractNioChannel.java:340)
	at org.apache.ratis.thirdparty.io.netty.channel.nio.NioEventLoop.processSelectedKey(NioEventLoop.java:632)
	at org.apache.ratis.thirdparty.io.netty.channel.nio.NioEventLoop.processSelectedKeysOptimized(NioEventLoop.java:579)
	at org.apache.ratis.thirdparty.io.netty.channel.nio.NioEventLoop.processSelectedKeys(NioEventLoop.java:496)
	at org.apache.ratis.thirdparty.io.netty.channel.nio.NioEventLoop.run(NioEventLoop.java:458)
	at org.apache.ratis.thirdparty.io.netty.util.concurrent.SingleThreadEventExecutor$5.run(SingleThreadEventExecutor.java:897)
	at org.apache.ratis.thirdparty.io.netty.util.concurrent.FastThreadLocalRunnable.run(FastThreadLocalRunnable.java:30)
	... 1 more
Caused by: java.net.ConnectException: Connection refused
	... 11 more
2019-07-13 07:30:30,041 INFO  impl.RaftServerImpl (RaftServerImpl.java:setRole(171)) - fb233e29-eb29-4b58-9f9f-9362acac1024:group-B6F2163524F3 changes role from CANDIDATE to FOLLOWER at term 5 for DISCOVERED_A_NEW_TERM
2019-07-13 07:30:30,045 INFO  impl.RoleInfo (RoleInfo.java:shutdownLeaderElection(134)) - fb233e29-eb29-4b58-9f9f-9362acac1024: shutdown LeaderElection
2019-07-13 07:30:30,045 INFO  impl.RoleInfo (RoleInfo.java:updateAndGet(143)) - fb233e29-eb29-4b58-9f9f-9362acac1024: start FollowerState
2019-07-13 07:30:30,468 INFO  client.GrpcClientProtocolClient (GrpcClientProtocolClient.java:onNext(255)) - client-95024ED96938->fb233e29-eb29-4b58-9f9f-9362acac1024: receive RaftClientReply:client-95024ED96938->fb233e29-eb29-4b58-9f9f-9362acac1024@group-B6F2163524F3, cid=22, FAILED org.apache.ratis.protocol.NotLeaderException: Server fb233e29-eb29-4b58-9f9f-9362acac1024 is not the leader (null). Request must be sent to leader., logIndex=0, commits[fb233e29-eb29-4b58-9f9f-9362acac1024:c16, 2a65270f-ca9f-476c-bd95-098a2ebcf7cf:c16, 36c37c2c-d4a8-4ab0-a139-b83097af7aa6:c16]
2019-07-13 07:30:32,507 INFO  client.GrpcClientProtocolClient (GrpcClientProtocolClient.java:onNext(255)) - client-95024ED96938->fb233e29-eb29-4b58-9f9f-9362acac1024: receive RaftClientReply:client-95024ED96938->fb233e29-eb29-4b58-9f9f-9362acac1024@group-B6F2163524F3, cid=22, FAILED org.apache.ratis.protocol.NotLeaderException: Server fb233e29-eb29-4b58-9f9f-9362acac1024 is not the leader (null). Request must be sent to leader., logIndex=0, commits[fb233e29-eb29-4b58-9f9f-9362acac1024:c16, 2a65270f-ca9f-476c-bd95-098a2ebcf7cf:c16, 36c37c2c-d4a8-4ab0-a139-b83097af7aa6:c16]
2019-07-13 07:30:34,533 INFO  client.GrpcClientProtocolClient (GrpcClientProtocolClient.java:onNext(255)) - client-95024ED96938->fb233e29-eb29-4b58-9f9f-9362acac1024: receive RaftClientReply:client-95024ED96938->fb233e29-eb29-4b58-9f9f-9362acac1024@group-B6F2163524F3, cid=22, FAILED org.apache.ratis.protocol.NotLeaderException: Server fb233e29-eb29-4b58-9f9f-9362acac1024 is not the leader (null). Request must be sent to leader., logIndex=0, commits[fb233e29-eb29-4b58-9f9f-9362acac1024:c16, 2a65270f-ca9f-476c-bd95-098a2ebcf7cf:c16, 36c37c2c-d4a8-4ab0-a139-b83097af7aa6:c16]
2019-07-13 07:30:35,150 INFO  impl.FollowerState (FollowerState.java:run(106)) - fb233e29-eb29-4b58-9f9f-9362acac1024:group-B6F2163524F3 changes to CANDIDATE, lastRpcTime:5105, electionTimeout:5103ms
2019-07-13 07:30:35,154 INFO  impl.RoleInfo (RoleInfo.java:shutdownFollowerState(121)) - fb233e29-eb29-4b58-9f9f-9362acac1024: shutdown FollowerState
2019-07-13 07:30:35,154 INFO  impl.RaftServerImpl (RaftServerImpl.java:setRole(171)) - fb233e29-eb29-4b58-9f9f-9362acac1024:group-B6F2163524F3 changes role from FOLLOWER to CANDIDATE at term 5 for changeToCandidate
2019-07-13 07:30:35,154 INFO  impl.RoleInfo (RoleInfo.java:updateAndGet(143)) - fb233e29-eb29-4b58-9f9f-9362acac1024: start LeaderElection
2019-07-13 07:30:35,170 INFO  impl.LeaderElection (LeaderElection.java:askForVotes(181)) - fb233e29-eb29-4b58-9f9f-9362acac1024:group-B6F2163524F3:LeaderElection15: begin an election at term 6 for 0: [fb233e29-eb29-4b58-9f9f-9362acac1024:192.168.69.84:42684, 2a65270f-ca9f-476c-bd95-098a2ebcf7cf:192.168.69.84:33159, 36c37c2c-d4a8-4ab0-a139-b83097af7aa6:192.168.69.84:35364], old=null
2019-07-13 07:30:35,173 INFO  impl.LeaderElection (LogUtils.java:infoOrTrace(149)) - fb233e29-eb29-4b58-9f9f-9362acac1024:group-B6F2163524F3:LeaderElection15 got exception when requesting votes: {}
java.util.concurrent.ExecutionException: org.apache.ratis.thirdparty.io.grpc.StatusRuntimeException: UNAVAILABLE: io exception
	at java.util.concurrent.FutureTask.report(FutureTask.java:122)
	at java.util.concurrent.FutureTask.get(FutureTask.java:192)
	at org.apache.ratis.server.impl.LeaderElection.waitForResults(LeaderElection.java:262)
	at org.apache.ratis.server.impl.LeaderElection.askForVotes(LeaderElection.java:200)
	at org.apache.ratis.server.impl.LeaderElection.run(LeaderElection.java:130)
	at java.lang.Thread.run(Thread.java:748)
Caused by: org.apache.ratis.thirdparty.io.grpc.StatusRuntimeException: UNAVAILABLE: io exception
	at org.apache.ratis.thirdparty.io.grpc.stub.ClientCalls.toStatusRuntimeException(ClientCalls.java:233)
	at org.apache.ratis.thirdparty.io.grpc.stub.ClientCalls.getUnchecked(ClientCalls.java:214)
	at org.apache.ratis.thirdparty.io.grpc.stub.ClientCalls.blockingUnaryCall(ClientCalls.java:139)
	at org.apache.ratis.proto.grpc.RaftServerProtocolServiceGrpc$RaftServerProtocolServiceBlockingStub.requestVote(RaftServerProtocolServiceGrpc.java:265)
	at org.apache.ratis.grpc.server.GrpcServerProtocolClient.requestVote(GrpcServerProtocolClient.java:83)
	at org.apache.ratis.grpc.server.GrpcService.requestVote(GrpcService.java:195)
	at org.apache.ratis.server.impl.LeaderElection.lambda$submitRequests$1(LeaderElection.java:237)
	at java.util.concurrent.FutureTask.run(FutureTask.java:266)
	at java.util.concurrent.Executors$RunnableAdapter.call(Executors.java:511)
	at java.util.concurrent.FutureTask.run(FutureTask.java:266)
	at java.util.concurrent.ThreadPoolExecutor.runWorker(ThreadPoolExecutor.java:1149)
	at java.util.concurrent.ThreadPoolExecutor$Worker.run(ThreadPoolExecutor.java:624)
	... 1 more
Caused by: org.apache.ratis.thirdparty.io.netty.channel.AbstractChannel$AnnotatedConnectException: Connection refused: /192.168.69.84:33159
	at sun.nio.ch.SocketChannelImpl.checkConnect(Native Method)
	at sun.nio.ch.SocketChannelImpl.finishConnect(SocketChannelImpl.java:717)
	at org.apache.ratis.thirdparty.io.netty.channel.socket.nio.NioSocketChannel.doFinishConnect(NioSocketChannel.java:327)
	at org.apache.ratis.thirdparty.io.netty.channel.nio.AbstractNioChannel$AbstractNioUnsafe.finishConnect(AbstractNioChannel.java:340)
	at org.apache.ratis.thirdparty.io.netty.channel.nio.NioEventLoop.processSelectedKey(NioEventLoop.java:632)
	at org.apache.ratis.thirdparty.io.netty.channel.nio.NioEventLoop.processSelectedKeysOptimized(NioEventLoop.java:579)
	at org.apache.ratis.thirdparty.io.netty.channel.nio.NioEventLoop.processSelectedKeys(NioEventLoop.java:496)
	at org.apache.ratis.thirdparty.io.netty.channel.nio.NioEventLoop.run(NioEventLoop.java:458)
	at org.apache.ratis.thirdparty.io.netty.util.concurrent.SingleThreadEventExecutor$5.run(SingleThreadEventExecutor.java:897)
	at org.apache.ratis.thirdparty.io.netty.util.concurrent.FastThreadLocalRunnable.run(FastThreadLocalRunnable.java:30)
	... 1 more
Caused by: java.net.ConnectException: Connection refused
	... 11 more
2019-07-13 07:30:35,175 INFO  impl.LeaderElection (LogUtils.java:infoOrTrace(149)) - fb233e29-eb29-4b58-9f9f-9362acac1024:group-B6F2163524F3:LeaderElection15 got exception when requesting votes: {}
java.util.concurrent.ExecutionException: org.apache.ratis.thirdparty.io.grpc.StatusRuntimeException: UNAVAILABLE: io exception
	at java.util.concurrent.FutureTask.report(FutureTask.java:122)
	at java.util.concurrent.FutureTask.get(FutureTask.java:192)
	at org.apache.ratis.server.impl.LeaderElection.waitForResults(LeaderElection.java:262)
	at org.apache.ratis.server.impl.LeaderElection.askForVotes(LeaderElection.java:200)
	at org.apache.ratis.server.impl.LeaderElection.run(LeaderElection.java:130)
	at java.lang.Thread.run(Thread.java:748)
Caused by: org.apache.ratis.thirdparty.io.grpc.StatusRuntimeException: UNAVAILABLE: io exception
	at org.apache.ratis.thirdparty.io.grpc.stub.ClientCalls.toStatusRuntimeException(ClientCalls.java:233)
	at org.apache.ratis.thirdparty.io.grpc.stub.ClientCalls.getUnchecked(ClientCalls.java:214)
	at org.apache.ratis.thirdparty.io.grpc.stub.ClientCalls.blockingUnaryCall(ClientCalls.java:139)
	at org.apache.ratis.proto.grpc.RaftServerProtocolServiceGrpc$RaftServerProtocolServiceBlockingStub.requestVote(RaftServerProtocolServiceGrpc.java:265)
	at org.apache.ratis.grpc.server.GrpcServerProtocolClient.requestVote(GrpcServerProtocolClient.java:83)
	at org.apache.ratis.grpc.server.GrpcService.requestVote(GrpcService.java:195)
	at org.apache.ratis.server.impl.LeaderElection.lambda$submitRequests$1(LeaderElection.java:237)
	at java.util.concurrent.FutureTask.run(FutureTask.java:266)
	at java.util.concurrent.Executors$RunnableAdapter.call(Executors.java:511)
	at java.util.concurrent.FutureTask.run(FutureTask.java:266)
	at java.util.concurrent.ThreadPoolExecutor.runWorker(ThreadPoolExecutor.java:1149)
	at java.util.concurrent.ThreadPoolExecutor$Worker.run(ThreadPoolExecutor.java:624)
	... 1 more
Caused by: org.apache.ratis.thirdparty.io.netty.channel.AbstractChannel$AnnotatedConnectException: Connection refused: /192.168.69.84:35364
	at sun.nio.ch.SocketChannelImpl.checkConnect(Native Method)
	at sun.nio.ch.SocketChannelImpl.finishConnect(SocketChannelImpl.java:717)
	at org.apache.ratis.thirdparty.io.netty.channel.socket.nio.NioSocketChannel.doFinishConnect(NioSocketChannel.java:327)
	at org.apache.ratis.thirdparty.io.netty.channel.nio.AbstractNioChannel$AbstractNioUnsafe.finishConnect(AbstractNioChannel.java:340)
	at org.apache.ratis.thirdparty.io.netty.channel.nio.NioEventLoop.processSelectedKey(NioEventLoop.java:632)
	at org.apache.ratis.thirdparty.io.netty.channel.nio.NioEventLoop.processSelectedKeysOptimized(NioEventLoop.java:579)
	at org.apache.ratis.thirdparty.io.netty.channel.nio.NioEventLoop.processSelectedKeys(NioEventLoop.java:496)
	at org.apache.ratis.thirdparty.io.netty.channel.nio.NioEventLoop.run(NioEventLoop.java:458)
	at org.apache.ratis.thirdparty.io.netty.util.concurrent.SingleThreadEventExecutor$5.run(SingleThreadEventExecutor.java:897)
	at org.apache.ratis.thirdparty.io.netty.util.concurrent.FastThreadLocalRunnable.run(FastThreadLocalRunnable.java:30)
	... 1 more
Caused by: java.net.ConnectException: Connection refused
	... 11 more
2019-07-13 07:30:35,177 INFO  impl.LeaderElection (LeaderElection.java:logAndReturn(56)) - fb233e29-eb29-4b58-9f9f-9362acac1024:group-B6F2163524F3:LeaderElection15: Election REJECTED; received 0 response(s) [] and 2 exception(s); fb233e29-eb29-4b58-9f9f-9362acac1024:t6, leader=null, voted=fb233e29-eb29-4b58-9f9f-9362acac1024, raftlog=fb233e29-eb29-4b58-9f9f-9362acac1024-SegmentedRaftLog:OPENED:c16,f16,i16, conf=0: [fb233e29-eb29-4b58-9f9f-9362acac1024:192.168.69.84:42684, 2a65270f-ca9f-476c-bd95-098a2ebcf7cf:192.168.69.84:33159, 36c37c2c-d4a8-4ab0-a139-b83097af7aa6:192.168.69.84:35364], old=null
2019-07-13 07:30:35,177 INFO  impl.LeaderElection (LogUtils.java:infoOrTrace(149)) -   Exception 0: {}
java.util.concurrent.ExecutionException: org.apache.ratis.thirdparty.io.grpc.StatusRuntimeException: UNAVAILABLE: io exception
	at java.util.concurrent.FutureTask.report(FutureTask.java:122)
	at java.util.concurrent.FutureTask.get(FutureTask.java:192)
	at org.apache.ratis.server.impl.LeaderElection.waitForResults(LeaderElection.java:262)
	at org.apache.ratis.server.impl.LeaderElection.askForVotes(LeaderElection.java:200)
	at org.apache.ratis.server.impl.LeaderElection.run(LeaderElection.java:130)
	at java.lang.Thread.run(Thread.java:748)
Caused by: org.apache.ratis.thirdparty.io.grpc.StatusRuntimeException: UNAVAILABLE: io exception
	at org.apache.ratis.thirdparty.io.grpc.stub.ClientCalls.toStatusRuntimeException(ClientCalls.java:233)
	at org.apache.ratis.thirdparty.io.grpc.stub.ClientCalls.getUnchecked(ClientCalls.java:214)
	at org.apache.ratis.thirdparty.io.grpc.stub.ClientCalls.blockingUnaryCall(ClientCalls.java:139)
	at org.apache.ratis.proto.grpc.RaftServerProtocolServiceGrpc$RaftServerProtocolServiceBlockingStub.requestVote(RaftServerProtocolServiceGrpc.java:265)
	at org.apache.ratis.grpc.server.GrpcServerProtocolClient.requestVote(GrpcServerProtocolClient.java:83)
	at org.apache.ratis.grpc.server.GrpcService.requestVote(GrpcService.java:195)
	at org.apache.ratis.server.impl.LeaderElection.lambda$submitRequests$1(LeaderElection.java:237)
	at java.util.concurrent.FutureTask.run(FutureTask.java:266)
	at java.util.concurrent.Executors$RunnableAdapter.call(Executors.java:511)
	at java.util.concurrent.FutureTask.run(FutureTask.java:266)
	at java.util.concurrent.ThreadPoolExecutor.runWorker(ThreadPoolExecutor.java:1149)
	at java.util.concurrent.ThreadPoolExecutor$Worker.run(ThreadPoolExecutor.java:624)
	... 1 more
Caused by: org.apache.ratis.thirdparty.io.netty.channel.AbstractChannel$AnnotatedConnectException: Connection refused: /192.168.69.84:33159
	at sun.nio.ch.SocketChannelImpl.checkConnect(Native Method)
	at sun.nio.ch.SocketChannelImpl.finishConnect(SocketChannelImpl.java:717)
	at org.apache.ratis.thirdparty.io.netty.channel.socket.nio.NioSocketChannel.doFinishConnect(NioSocketChannel.java:327)
	at org.apache.ratis.thirdparty.io.netty.channel.nio.AbstractNioChannel$AbstractNioUnsafe.finishConnect(AbstractNioChannel.java:340)
	at org.apache.ratis.thirdparty.io.netty.channel.nio.NioEventLoop.processSelectedKey(NioEventLoop.java:632)
	at org.apache.ratis.thirdparty.io.netty.channel.nio.NioEventLoop.processSelectedKeysOptimized(NioEventLoop.java:579)
	at org.apache.ratis.thirdparty.io.netty.channel.nio.NioEventLoop.processSelectedKeys(NioEventLoop.java:496)
	at org.apache.ratis.thirdparty.io.netty.channel.nio.NioEventLoop.run(NioEventLoop.java:458)
	at org.apache.ratis.thirdparty.io.netty.util.concurrent.SingleThreadEventExecutor$5.run(SingleThreadEventExecutor.java:897)
	at org.apache.ratis.thirdparty.io.netty.util.concurrent.FastThreadLocalRunnable.run(FastThreadLocalRunnable.java:30)
	... 1 more
Caused by: java.net.ConnectException: Connection refused
	... 11 more
2019-07-13 07:30:35,178 INFO  impl.LeaderElection (LogUtils.java:infoOrTrace(149)) -   Exception 1: {}
java.util.concurrent.ExecutionException: org.apache.ratis.thirdparty.io.grpc.StatusRuntimeException: UNAVAILABLE: io exception
	at java.util.concurrent.FutureTask.report(FutureTask.java:122)
	at java.util.concurrent.FutureTask.get(FutureTask.java:192)
	at org.apache.ratis.server.impl.LeaderElection.waitForResults(LeaderElection.java:262)
	at org.apache.ratis.server.impl.LeaderElection.askForVotes(LeaderElection.java:200)
	at org.apache.ratis.server.impl.LeaderElection.run(LeaderElection.java:130)
	at java.lang.Thread.run(Thread.java:748)
Caused by: org.apache.ratis.thirdparty.io.grpc.StatusRuntimeException: UNAVAILABLE: io exception
	at org.apache.ratis.thirdparty.io.grpc.stub.ClientCalls.toStatusRuntimeException(ClientCalls.java:233)
	at org.apache.ratis.thirdparty.io.grpc.stub.ClientCalls.getUnchecked(ClientCalls.java:214)
	at org.apache.ratis.thirdparty.io.grpc.stub.ClientCalls.blockingUnaryCall(ClientCalls.java:139)
	at org.apache.ratis.proto.grpc.RaftServerProtocolServiceGrpc$RaftServerProtocolServiceBlockingStub.requestVote(RaftServerProtocolServiceGrpc.java:265)
	at org.apache.ratis.grpc.server.GrpcServerProtocolClient.requestVote(GrpcServerProtocolClient.java:83)
	at org.apache.ratis.grpc.server.GrpcService.requestVote(GrpcService.java:195)
	at org.apache.ratis.server.impl.LeaderElection.lambda$submitRequests$1(LeaderElection.java:237)
	at java.util.concurrent.FutureTask.run(FutureTask.java:266)
	at java.util.concurrent.Executors$RunnableAdapter.call(Executors.java:511)
	at java.util.concurrent.FutureTask.run(FutureTask.java:266)
	at java.util.concurrent.ThreadPoolExecutor.runWorker(ThreadPoolExecutor.java:1149)
	at java.util.concurrent.ThreadPoolExecutor$Worker.run(ThreadPoolExecutor.java:624)
	... 1 more
Caused by: org.apache.ratis.thirdparty.io.netty.channel.AbstractChannel$AnnotatedConnectException: Connection refused: /192.168.69.84:35364
	at sun.nio.ch.SocketChannelImpl.checkConnect(Native Method)
	at sun.nio.ch.SocketChannelImpl.finishConnect(SocketChannelImpl.java:717)
	at org.apache.ratis.thirdparty.io.netty.channel.socket.nio.NioSocketChannel.doFinishConnect(NioSocketChannel.java:327)
	at org.apache.ratis.thirdparty.io.netty.channel.nio.AbstractNioChannel$AbstractNioUnsafe.finishConnect(AbstractNioChannel.java:340)
	at org.apache.ratis.thirdparty.io.netty.channel.nio.NioEventLoop.processSelectedKey(NioEventLoop.java:632)
	at org.apache.ratis.thirdparty.io.netty.channel.nio.NioEventLoop.processSelectedKeysOptimized(NioEventLoop.java:579)
	at org.apache.ratis.thirdparty.io.netty.channel.nio.NioEventLoop.processSelectedKeys(NioEventLoop.java:496)
	at org.apache.ratis.thirdparty.io.netty.channel.nio.NioEventLoop.run(NioEventLoop.java:458)
	at org.apache.ratis.thirdparty.io.netty.util.concurrent.SingleThreadEventExecutor$5.run(SingleThreadEventExecutor.java:897)
	at org.apache.ratis.thirdparty.io.netty.util.concurrent.FastThreadLocalRunnable.run(FastThreadLocalRunnable.java:30)
	... 1 more
Caused by: java.net.ConnectException: Connection refused
	... 11 more
2019-07-13 07:30:35,178 INFO  impl.RaftServerImpl (RaftServerImpl.java:setRole(171)) - fb233e29-eb29-4b58-9f9f-9362acac1024:group-B6F2163524F3 changes role from CANDIDATE to FOLLOWER at term 6 for DISCOVERED_A_NEW_TERM
2019-07-13 07:30:35,182 INFO  impl.RoleInfo (RoleInfo.java:shutdownLeaderElection(134)) - fb233e29-eb29-4b58-9f9f-9362acac1024: shutdown LeaderElection
2019-07-13 07:30:35,182 INFO  impl.RoleInfo (RoleInfo.java:updateAndGet(143)) - fb233e29-eb29-4b58-9f9f-9362acac1024: start FollowerState
2019-07-13 07:30:36,560 INFO  client.GrpcClientProtocolClient (GrpcClientProtocolClient.java:onNext(255)) - client-95024ED96938->fb233e29-eb29-4b58-9f9f-9362acac1024: receive RaftClientReply:client-95024ED96938->fb233e29-eb29-4b58-9f9f-9362acac1024@group-B6F2163524F3, cid=22, FAILED org.apache.ratis.protocol.NotLeaderException: Server fb233e29-eb29-4b58-9f9f-9362acac1024 is not the leader (null). Request must be sent to leader., logIndex=0, commits[fb233e29-eb29-4b58-9f9f-9362acac1024:c16, 2a65270f-ca9f-476c-bd95-098a2ebcf7cf:c16, 36c37c2c-d4a8-4ab0-a139-b83097af7aa6:c16]
2019-07-13 07:30:38,613 INFO  client.GrpcClientProtocolClient (GrpcClientProtocolClient.java:onNext(255)) - client-95024ED96938->fb233e29-eb29-4b58-9f9f-9362acac1024: receive RaftClientReply:client-95024ED96938->fb233e29-eb29-4b58-9f9f-9362acac1024@group-B6F2163524F3, cid=22, FAILED org.apache.ratis.protocol.NotLeaderException: Server fb233e29-eb29-4b58-9f9f-9362acac1024 is not the leader (null). Request must be sent to leader., logIndex=0, commits[fb233e29-eb29-4b58-9f9f-9362acac1024:c16, 2a65270f-ca9f-476c-bd95-098a2ebcf7cf:c16, 36c37c2c-d4a8-4ab0-a139-b83097af7aa6:c16]
2019-07-13 07:30:40,347 INFO  impl.FollowerState (FollowerState.java:run(106)) - fb233e29-eb29-4b58-9f9f-9362acac1024:group-B6F2163524F3 changes to CANDIDATE, lastRpcTime:5165, electionTimeout:5163ms
2019-07-13 07:30:40,350 INFO  impl.RoleInfo (RoleInfo.java:shutdownFollowerState(121)) - fb233e29-eb29-4b58-9f9f-9362acac1024: shutdown FollowerState
2019-07-13 07:30:40,350 INFO  impl.RaftServerImpl (RaftServerImpl.java:setRole(171)) - fb233e29-eb29-4b58-9f9f-9362acac1024:group-B6F2163524F3 changes role from FOLLOWER to CANDIDATE at term 6 for changeToCandidate
2019-07-13 07:30:40,350 INFO  impl.RoleInfo (RoleInfo.java:updateAndGet(143)) - fb233e29-eb29-4b58-9f9f-9362acac1024: start LeaderElection
2019-07-13 07:30:40,381 INFO  impl.LeaderElection (LeaderElection.java:askForVotes(181)) - fb233e29-eb29-4b58-9f9f-9362acac1024:group-B6F2163524F3:LeaderElection16: begin an election at term 7 for 0: [fb233e29-eb29-4b58-9f9f-9362acac1024:192.168.69.84:42684, 2a65270f-ca9f-476c-bd95-098a2ebcf7cf:192.168.69.84:33159, 36c37c2c-d4a8-4ab0-a139-b83097af7aa6:192.168.69.84:35364], old=null
2019-07-13 07:30:40,384 INFO  impl.LeaderElection (LogUtils.java:infoOrTrace(149)) - fb233e29-eb29-4b58-9f9f-9362acac1024:group-B6F2163524F3:LeaderElection16 got exception when requesting votes: {}
java.util.concurrent.ExecutionException: org.apache.ratis.thirdparty.io.grpc.StatusRuntimeException: UNAVAILABLE: io exception
	at java.util.concurrent.FutureTask.report(FutureTask.java:122)
	at java.util.concurrent.FutureTask.get(FutureTask.java:192)
	at org.apache.ratis.server.impl.LeaderElection.waitForResults(LeaderElection.java:262)
	at org.apache.ratis.server.impl.LeaderElection.askForVotes(LeaderElection.java:200)
	at org.apache.ratis.server.impl.LeaderElection.run(LeaderElection.java:130)
	at java.lang.Thread.run(Thread.java:748)
Caused by: org.apache.ratis.thirdparty.io.grpc.StatusRuntimeException: UNAVAILABLE: io exception
	at org.apache.ratis.thirdparty.io.grpc.stub.ClientCalls.toStatusRuntimeException(ClientCalls.java:233)
	at org.apache.ratis.thirdparty.io.grpc.stub.ClientCalls.getUnchecked(ClientCalls.java:214)
	at org.apache.ratis.thirdparty.io.grpc.stub.ClientCalls.blockingUnaryCall(ClientCalls.java:139)
	at org.apache.ratis.proto.grpc.RaftServerProtocolServiceGrpc$RaftServerProtocolServiceBlockingStub.requestVote(RaftServerProtocolServiceGrpc.java:265)
	at org.apache.ratis.grpc.server.GrpcServerProtocolClient.requestVote(GrpcServerProtocolClient.java:83)
	at org.apache.ratis.grpc.server.GrpcService.requestVote(GrpcService.java:195)
	at org.apache.ratis.server.impl.LeaderElection.lambda$submitRequests$1(LeaderElection.java:237)
	at java.util.concurrent.FutureTask.run(FutureTask.java:266)
	at java.util.concurrent.Executors$RunnableAdapter.call(Executors.java:511)
	at java.util.concurrent.FutureTask.run(FutureTask.java:266)
	at java.util.concurrent.ThreadPoolExecutor.runWorker(ThreadPoolExecutor.java:1149)
	at java.util.concurrent.ThreadPoolExecutor$Worker.run(ThreadPoolExecutor.java:624)
	... 1 more
Caused by: org.apache.ratis.thirdparty.io.netty.channel.AbstractChannel$AnnotatedConnectException: Connection refused: /192.168.69.84:35364
	at sun.nio.ch.SocketChannelImpl.checkConnect(Native Method)
	at sun.nio.ch.SocketChannelImpl.finishConnect(SocketChannelImpl.java:717)
	at org.apache.ratis.thirdparty.io.netty.channel.socket.nio.NioSocketChannel.doFinishConnect(NioSocketChannel.java:327)
	at org.apache.ratis.thirdparty.io.netty.channel.nio.AbstractNioChannel$AbstractNioUnsafe.finishConnect(AbstractNioChannel.java:340)
	at org.apache.ratis.thirdparty.io.netty.channel.nio.NioEventLoop.processSelectedKey(NioEventLoop.java:632)
	at org.apache.ratis.thirdparty.io.netty.channel.nio.NioEventLoop.processSelectedKeysOptimized(NioEventLoop.java:579)
	at org.apache.ratis.thirdparty.io.netty.channel.nio.NioEventLoop.processSelectedKeys(NioEventLoop.java:496)
	at org.apache.ratis.thirdparty.io.netty.channel.nio.NioEventLoop.run(NioEventLoop.java:458)
	at org.apache.ratis.thirdparty.io.netty.util.concurrent.SingleThreadEventExecutor$5.run(SingleThreadEventExecutor.java:897)
	at org.apache.ratis.thirdparty.io.netty.util.concurrent.FastThreadLocalRunnable.run(FastThreadLocalRunnable.java:30)
	... 1 more
Caused by: java.net.ConnectException: Connection refused
	... 11 more
2019-07-13 07:30:40,387 INFO  impl.LeaderElection (LogUtils.java:infoOrTrace(149)) - fb233e29-eb29-4b58-9f9f-9362acac1024:group-B6F2163524F3:LeaderElection16 got exception when requesting votes: {}
java.util.concurrent.ExecutionException: org.apache.ratis.thirdparty.io.grpc.StatusRuntimeException: UNAVAILABLE: io exception
	at java.util.concurrent.FutureTask.report(FutureTask.java:122)
	at java.util.concurrent.FutureTask.get(FutureTask.java:192)
	at org.apache.ratis.server.impl.LeaderElection.waitForResults(LeaderElection.java:262)
	at org.apache.ratis.server.impl.LeaderElection.askForVotes(LeaderElection.java:200)
	at org.apache.ratis.server.impl.LeaderElection.run(LeaderElection.java:130)
	at java.lang.Thread.run(Thread.java:748)
Caused by: org.apache.ratis.thirdparty.io.grpc.StatusRuntimeException: UNAVAILABLE: io exception
	at org.apache.ratis.thirdparty.io.grpc.stub.ClientCalls.toStatusRuntimeException(ClientCalls.java:233)
	at org.apache.ratis.thirdparty.io.grpc.stub.ClientCalls.getUnchecked(ClientCalls.java:214)
	at org.apache.ratis.thirdparty.io.grpc.stub.ClientCalls.blockingUnaryCall(ClientCalls.java:139)
	at org.apache.ratis.proto.grpc.RaftServerProtocolServiceGrpc$RaftServerProtocolServiceBlockingStub.requestVote(RaftServerProtocolServiceGrpc.java:265)
	at org.apache.ratis.grpc.server.GrpcServerProtocolClient.requestVote(GrpcServerProtocolClient.java:83)
	at org.apache.ratis.grpc.server.GrpcService.requestVote(GrpcService.java:195)
	at org.apache.ratis.server.impl.LeaderElection.lambda$submitRequests$1(LeaderElection.java:237)
	at java.util.concurrent.FutureTask.run(FutureTask.java:266)
	at java.util.concurrent.Executors$RunnableAdapter.call(Executors.java:511)
	at java.util.concurrent.FutureTask.run(FutureTask.java:266)
	at java.util.concurrent.ThreadPoolExecutor.runWorker(ThreadPoolExecutor.java:1149)
	at java.util.concurrent.ThreadPoolExecutor$Worker.run(ThreadPoolExecutor.java:624)
	... 1 more
Caused by: org.apache.ratis.thirdparty.io.netty.channel.AbstractChannel$AnnotatedConnectException: Connection refused: /192.168.69.84:33159
	at sun.nio.ch.SocketChannelImpl.checkConnect(Native Method)
	at sun.nio.ch.SocketChannelImpl.finishConnect(SocketChannelImpl.java:717)
	at org.apache.ratis.thirdparty.io.netty.channel.socket.nio.NioSocketChannel.doFinishConnect(NioSocketChannel.java:327)
	at org.apache.ratis.thirdparty.io.netty.channel.nio.AbstractNioChannel$AbstractNioUnsafe.finishConnect(AbstractNioChannel.java:340)
	at org.apache.ratis.thirdparty.io.netty.channel.nio.NioEventLoop.processSelectedKey(NioEventLoop.java:632)
	at org.apache.ratis.thirdparty.io.netty.channel.nio.NioEventLoop.processSelectedKeysOptimized(NioEventLoop.java:579)
	at org.apache.ratis.thirdparty.io.netty.channel.nio.NioEventLoop.processSelectedKeys(NioEventLoop.java:496)
	at org.apache.ratis.thirdparty.io.netty.channel.nio.NioEventLoop.run(NioEventLoop.java:458)
	at org.apache.ratis.thirdparty.io.netty.util.concurrent.SingleThreadEventExecutor$5.run(SingleThreadEventExecutor.java:897)
	at org.apache.ratis.thirdparty.io.netty.util.concurrent.FastThreadLocalRunnable.run(FastThreadLocalRunnable.java:30)
	... 1 more
Caused by: java.net.ConnectException: Connection refused
	... 11 more
2019-07-13 07:30:40,390 INFO  impl.LeaderElection (LeaderElection.java:logAndReturn(56)) - fb233e29-eb29-4b58-9f9f-9362acac1024:group-B6F2163524F3:LeaderElection16: Election REJECTED; received 0 response(s) [] and 2 exception(s); fb233e29-eb29-4b58-9f9f-9362acac1024:t7, leader=null, voted=fb233e29-eb29-4b58-9f9f-9362acac1024, raftlog=fb233e29-eb29-4b58-9f9f-9362acac1024-SegmentedRaftLog:OPENED:c16,f16,i16, conf=0: [fb233e29-eb29-4b58-9f9f-9362acac1024:192.168.69.84:42684, 2a65270f-ca9f-476c-bd95-098a2ebcf7cf:192.168.69.84:33159, 36c37c2c-d4a8-4ab0-a139-b83097af7aa6:192.168.69.84:35364], old=null
2019-07-13 07:30:40,390 INFO  impl.LeaderElection (LogUtils.java:infoOrTrace(149)) -   Exception 0: {}
java.util.concurrent.ExecutionException: org.apache.ratis.thirdparty.io.grpc.StatusRuntimeException: UNAVAILABLE: io exception
	at java.util.concurrent.FutureTask.report(FutureTask.java:122)
	at java.util.concurrent.FutureTask.get(FutureTask.java:192)
	at org.apache.ratis.server.impl.LeaderElection.waitForResults(LeaderElection.java:262)
	at org.apache.ratis.server.impl.LeaderElection.askForVotes(LeaderElection.java:200)
	at org.apache.ratis.server.impl.LeaderElection.run(LeaderElection.java:130)
	at java.lang.Thread.run(Thread.java:748)
Caused by: org.apache.ratis.thirdparty.io.grpc.StatusRuntimeException: UNAVAILABLE: io exception
	at org.apache.ratis.thirdparty.io.grpc.stub.ClientCalls.toStatusRuntimeException(ClientCalls.java:233)
	at org.apache.ratis.thirdparty.io.grpc.stub.ClientCalls.getUnchecked(ClientCalls.java:214)
	at org.apache.ratis.thirdparty.io.grpc.stub.ClientCalls.blockingUnaryCall(ClientCalls.java:139)
	at org.apache.ratis.proto.grpc.RaftServerProtocolServiceGrpc$RaftServerProtocolServiceBlockingStub.requestVote(RaftServerProtocolServiceGrpc.java:265)
	at org.apache.ratis.grpc.server.GrpcServerProtocolClient.requestVote(GrpcServerProtocolClient.java:83)
	at org.apache.ratis.grpc.server.GrpcService.requestVote(GrpcService.java:195)
	at org.apache.ratis.server.impl.LeaderElection.lambda$submitRequests$1(LeaderElection.java:237)
	at java.util.concurrent.FutureTask.run(FutureTask.java:266)
	at java.util.concurrent.Executors$RunnableAdapter.call(Executors.java:511)
	at java.util.concurrent.FutureTask.run(FutureTask.java:266)
	at java.util.concurrent.ThreadPoolExecutor.runWorker(ThreadPoolExecutor.java:1149)
	at java.util.concurrent.ThreadPoolExecutor$Worker.run(ThreadPoolExecutor.java:624)
	... 1 more
Caused by: org.apache.ratis.thirdparty.io.netty.channel.AbstractChannel$AnnotatedConnectException: Connection refused: /192.168.69.84:35364
	at sun.nio.ch.SocketChannelImpl.checkConnect(Native Method)
	at sun.nio.ch.SocketChannelImpl.finishConnect(SocketChannelImpl.java:717)
	at org.apache.ratis.thirdparty.io.netty.channel.socket.nio.NioSocketChannel.doFinishConnect(NioSocketChannel.java:327)
	at org.apache.ratis.thirdparty.io.netty.channel.nio.AbstractNioChannel$AbstractNioUnsafe.finishConnect(AbstractNioChannel.java:340)
	at org.apache.ratis.thirdparty.io.netty.channel.nio.NioEventLoop.processSelectedKey(NioEventLoop.java:632)
	at org.apache.ratis.thirdparty.io.netty.channel.nio.NioEventLoop.processSelectedKeysOptimized(NioEventLoop.java:579)
	at org.apache.ratis.thirdparty.io.netty.channel.nio.NioEventLoop.processSelectedKeys(NioEventLoop.java:496)
	at org.apache.ratis.thirdparty.io.netty.channel.nio.NioEventLoop.run(NioEventLoop.java:458)
	at org.apache.ratis.thirdparty.io.netty.util.concurrent.SingleThreadEventExecutor$5.run(SingleThreadEventExecutor.java:897)
	at org.apache.ratis.thirdparty.io.netty.util.concurrent.FastThreadLocalRunnable.run(FastThreadLocalRunnable.java:30)
	... 1 more
Caused by: java.net.ConnectException: Connection refused
	... 11 more
2019-07-13 07:30:40,390 INFO  impl.LeaderElection (LogUtils.java:infoOrTrace(149)) -   Exception 1: {}
java.util.concurrent.ExecutionException: org.apache.ratis.thirdparty.io.grpc.StatusRuntimeException: UNAVAILABLE: io exception
	at java.util.concurrent.FutureTask.report(FutureTask.java:122)
	at java.util.concurrent.FutureTask.get(FutureTask.java:192)
	at org.apache.ratis.server.impl.LeaderElection.waitForResults(LeaderElection.java:262)
	at org.apache.ratis.server.impl.LeaderElection.askForVotes(LeaderElection.java:200)
	at org.apache.ratis.server.impl.LeaderElection.run(LeaderElection.java:130)
	at java.lang.Thread.run(Thread.java:748)
Caused by: org.apache.ratis.thirdparty.io.grpc.StatusRuntimeException: UNAVAILABLE: io exception
	at org.apache.ratis.thirdparty.io.grpc.stub.ClientCalls.toStatusRuntimeException(ClientCalls.java:233)
	at org.apache.ratis.thirdparty.io.grpc.stub.ClientCalls.getUnchecked(ClientCalls.java:214)
	at org.apache.ratis.thirdparty.io.grpc.stub.ClientCalls.blockingUnaryCall(ClientCalls.java:139)
	at org.apache.ratis.proto.grpc.RaftServerProtocolServiceGrpc$RaftServerProtocolServiceBlockingStub.requestVote(RaftServerProtocolServiceGrpc.java:265)
	at org.apache.ratis.grpc.server.GrpcServerProtocolClient.requestVote(GrpcServerProtocolClient.java:83)
	at org.apache.ratis.grpc.server.GrpcService.requestVote(GrpcService.java:195)
	at org.apache.ratis.server.impl.LeaderElection.lambda$submitRequests$1(LeaderElection.java:237)
	at java.util.concurrent.FutureTask.run(FutureTask.java:266)
	at java.util.concurrent.Executors$RunnableAdapter.call(Executors.java:511)
	at java.util.concurrent.FutureTask.run(FutureTask.java:266)
	at java.util.concurrent.ThreadPoolExecutor.runWorker(ThreadPoolExecutor.java:1149)
	at java.util.concurrent.ThreadPoolExecutor$Worker.run(ThreadPoolExecutor.java:624)
	... 1 more
Caused by: org.apache.ratis.thirdparty.io.netty.channel.AbstractChannel$AnnotatedConnectException: Connection refused: /192.168.69.84:33159
	at sun.nio.ch.SocketChannelImpl.checkConnect(Native Method)
	at sun.nio.ch.SocketChannelImpl.finishConnect(SocketChannelImpl.java:717)
	at org.apache.ratis.thirdparty.io.netty.channel.socket.nio.NioSocketChannel.doFinishConnect(NioSocketChannel.java:327)
	at org.apache.ratis.thirdparty.io.netty.channel.nio.AbstractNioChannel$AbstractNioUnsafe.finishConnect(AbstractNioChannel.java:340)
	at org.apache.ratis.thirdparty.io.netty.channel.nio.NioEventLoop.processSelectedKey(NioEventLoop.java:632)
	at org.apache.ratis.thirdparty.io.netty.channel.nio.NioEventLoop.processSelectedKeysOptimized(NioEventLoop.java:579)
	at org.apache.ratis.thirdparty.io.netty.channel.nio.NioEventLoop.processSelectedKeys(NioEventLoop.java:496)
	at org.apache.ratis.thirdparty.io.netty.channel.nio.NioEventLoop.run(NioEventLoop.java:458)
	at org.apache.ratis.thirdparty.io.netty.util.concurrent.SingleThreadEventExecutor$5.run(SingleThreadEventExecutor.java:897)
	at org.apache.ratis.thirdparty.io.netty.util.concurrent.FastThreadLocalRunnable.run(FastThreadLocalRunnable.java:30)
	... 1 more
Caused by: java.net.ConnectException: Connection refused
	... 11 more
2019-07-13 07:30:40,391 INFO  impl.RaftServerImpl (RaftServerImpl.java:setRole(171)) - fb233e29-eb29-4b58-9f9f-9362acac1024:group-B6F2163524F3 changes role from CANDIDATE to FOLLOWER at term 7 for DISCOVERED_A_NEW_TERM
2019-07-13 07:30:40,395 INFO  impl.RoleInfo (RoleInfo.java:shutdownLeaderElection(134)) - fb233e29-eb29-4b58-9f9f-9362acac1024: shutdown LeaderElection
2019-07-13 07:30:40,395 INFO  impl.RoleInfo (RoleInfo.java:updateAndGet(143)) - fb233e29-eb29-4b58-9f9f-9362acac1024: start FollowerState
2019-07-13 07:30:42,645 INFO  client.GrpcClientProtocolClient (GrpcClientProtocolClient.java:onNext(255)) - client-95024ED96938->fb233e29-eb29-4b58-9f9f-9362acac1024: receive RaftClientReply:client-95024ED96938->fb233e29-eb29-4b58-9f9f-9362acac1024@group-B6F2163524F3, cid=22, FAILED org.apache.ratis.protocol.NotLeaderException: Server fb233e29-eb29-4b58-9f9f-9362acac1024 is not the leader (null). Request must be sent to leader., logIndex=0, commits[fb233e29-eb29-4b58-9f9f-9362acac1024:c16, 2a65270f-ca9f-476c-bd95-098a2ebcf7cf:c16, 36c37c2c-d4a8-4ab0-a139-b83097af7aa6:c16]
2019-07-13 07:30:45,437 INFO  impl.FollowerState (FollowerState.java:run(106)) - fb233e29-eb29-4b58-9f9f-9362acac1024:group-B6F2163524F3 changes to CANDIDATE, lastRpcTime:5042, electionTimeout:5040ms
2019-07-13 07:30:45,438 INFO  impl.RoleInfo (RoleInfo.java:shutdownFollowerState(121)) - fb233e29-eb29-4b58-9f9f-9362acac1024: shutdown FollowerState
2019-07-13 07:30:45,438 INFO  impl.RaftServerImpl (RaftServerImpl.java:setRole(171)) - fb233e29-eb29-4b58-9f9f-9362acac1024:group-B6F2163524F3 changes role from FOLLOWER to CANDIDATE at term 7 for changeToCandidate
2019-07-13 07:30:45,438 INFO  impl.RoleInfo (RoleInfo.java:updateAndGet(143)) - fb233e29-eb29-4b58-9f9f-9362acac1024: start LeaderElection
2019-07-13 07:30:45,455 INFO  impl.LeaderElection (LeaderElection.java:askForVotes(181)) - fb233e29-eb29-4b58-9f9f-9362acac1024:group-B6F2163524F3:LeaderElection17: begin an election at term 8 for 0: [fb233e29-eb29-4b58-9f9f-9362acac1024:192.168.69.84:42684, 2a65270f-ca9f-476c-bd95-098a2ebcf7cf:192.168.69.84:33159, 36c37c2c-d4a8-4ab0-a139-b83097af7aa6:192.168.69.84:35364], old=null
2019-07-13 07:30:45,459 INFO  impl.LeaderElection (LogUtils.java:infoOrTrace(149)) - fb233e29-eb29-4b58-9f9f-9362acac1024:group-B6F2163524F3:LeaderElection17 got exception when requesting votes: {}
java.util.concurrent.ExecutionException: org.apache.ratis.thirdparty.io.grpc.StatusRuntimeException: UNAVAILABLE: io exception
	at java.util.concurrent.FutureTask.report(FutureTask.java:122)
	at java.util.concurrent.FutureTask.get(FutureTask.java:192)
	at org.apache.ratis.server.impl.LeaderElection.waitForResults(LeaderElection.java:262)
	at org.apache.ratis.server.impl.LeaderElection.askForVotes(LeaderElection.java:200)
	at org.apache.ratis.server.impl.LeaderElection.run(LeaderElection.java:130)
	at java.lang.Thread.run(Thread.java:748)
Caused by: org.apache.ratis.thirdparty.io.grpc.StatusRuntimeException: UNAVAILABLE: io exception
	at org.apache.ratis.thirdparty.io.grpc.stub.ClientCalls.toStatusRuntimeException(ClientCalls.java:233)
	at org.apache.ratis.thirdparty.io.grpc.stub.ClientCalls.getUnchecked(ClientCalls.java:214)
	at org.apache.ratis.thirdparty.io.grpc.stub.ClientCalls.blockingUnaryCall(ClientCalls.java:139)
	at org.apache.ratis.proto.grpc.RaftServerProtocolServiceGrpc$RaftServerProtocolServiceBlockingStub.requestVote(RaftServerProtocolServiceGrpc.java:265)
	at org.apache.ratis.grpc.server.GrpcServerProtocolClient.requestVote(GrpcServerProtocolClient.java:83)
	at org.apache.ratis.grpc.server.GrpcService.requestVote(GrpcService.java:195)
	at org.apache.ratis.server.impl.LeaderElection.lambda$submitRequests$1(LeaderElection.java:237)
	at java.util.concurrent.FutureTask.run(FutureTask.java:266)
	at java.util.concurrent.Executors$RunnableAdapter.call(Executors.java:511)
	at java.util.concurrent.FutureTask.run(FutureTask.java:266)
	at java.util.concurrent.ThreadPoolExecutor.runWorker(ThreadPoolExecutor.java:1149)
	at java.util.concurrent.ThreadPoolExecutor$Worker.run(ThreadPoolExecutor.java:624)
	... 1 more
Caused by: org.apache.ratis.thirdparty.io.netty.channel.AbstractChannel$AnnotatedConnectException: Connection refused: /192.168.69.84:33159
	at sun.nio.ch.SocketChannelImpl.checkConnect(Native Method)
	at sun.nio.ch.SocketChannelImpl.finishConnect(SocketChannelImpl.java:717)
	at org.apache.ratis.thirdparty.io.netty.channel.socket.nio.NioSocketChannel.doFinishConnect(NioSocketChannel.java:327)
	at org.apache.ratis.thirdparty.io.netty.channel.nio.AbstractNioChannel$AbstractNioUnsafe.finishConnect(AbstractNioChannel.java:340)
	at org.apache.ratis.thirdparty.io.netty.channel.nio.NioEventLoop.processSelectedKey(NioEventLoop.java:632)
	at org.apache.ratis.thirdparty.io.netty.channel.nio.NioEventLoop.processSelectedKeysOptimized(NioEventLoop.java:579)
	at org.apache.ratis.thirdparty.io.netty.channel.nio.NioEventLoop.processSelectedKeys(NioEventLoop.java:496)
	at org.apache.ratis.thirdparty.io.netty.channel.nio.NioEventLoop.run(NioEventLoop.java:458)
	at org.apache.ratis.thirdparty.io.netty.util.concurrent.SingleThreadEventExecutor$5.run(SingleThreadEventExecutor.java:897)
	at org.apache.ratis.thirdparty.io.netty.util.concurrent.FastThreadLocalRunnable.run(FastThreadLocalRunnable.java:30)
	... 1 more
Caused by: java.net.ConnectException: Connection refused
	... 11 more
2019-07-13 07:30:45,461 INFO  impl.LeaderElection (LogUtils.java:infoOrTrace(149)) - fb233e29-eb29-4b58-9f9f-9362acac1024:group-B6F2163524F3:LeaderElection17 got exception when requesting votes: {}
java.util.concurrent.ExecutionException: org.apache.ratis.thirdparty.io.grpc.StatusRuntimeException: UNAVAILABLE: io exception
	at java.util.concurrent.FutureTask.report(FutureTask.java:122)
	at java.util.concurrent.FutureTask.get(FutureTask.java:192)
	at org.apache.ratis.server.impl.LeaderElection.waitForResults(LeaderElection.java:262)
	at org.apache.ratis.server.impl.LeaderElection.askForVotes(LeaderElection.java:200)
	at org.apache.ratis.server.impl.LeaderElection.run(LeaderElection.java:130)
	at java.lang.Thread.run(Thread.java:748)
Caused by: org.apache.ratis.thirdparty.io.grpc.StatusRuntimeException: UNAVAILABLE: io exception
	at org.apache.ratis.thirdparty.io.grpc.stub.ClientCalls.toStatusRuntimeException(ClientCalls.java:233)
	at org.apache.ratis.thirdparty.io.grpc.stub.ClientCalls.getUnchecked(ClientCalls.java:214)
	at org.apache.ratis.thirdparty.io.grpc.stub.ClientCalls.blockingUnaryCall(ClientCalls.java:139)
	at org.apache.ratis.proto.grpc.RaftServerProtocolServiceGrpc$RaftServerProtocolServiceBlockingStub.requestVote(RaftServerProtocolServiceGrpc.java:265)
	at org.apache.ratis.grpc.server.GrpcServerProtocolClient.requestVote(GrpcServerProtocolClient.java:83)
	at org.apache.ratis.grpc.server.GrpcService.requestVote(GrpcService.java:195)
	at org.apache.ratis.server.impl.LeaderElection.lambda$submitRequests$1(LeaderElection.java:237)
	at java.util.concurrent.FutureTask.run(FutureTask.java:266)
	at java.util.concurrent.Executors$RunnableAdapter.call(Executors.java:511)
	at java.util.concurrent.FutureTask.run(FutureTask.java:266)
	at java.util.concurrent.ThreadPoolExecutor.runWorker(ThreadPoolExecutor.java:1149)
	at java.util.concurrent.ThreadPoolExecutor$Worker.run(ThreadPoolExecutor.java:624)
	... 1 more
Caused by: org.apache.ratis.thirdparty.io.netty.channel.AbstractChannel$AnnotatedConnectException: Connection refused: /192.168.69.84:35364
	at sun.nio.ch.SocketChannelImpl.checkConnect(Native Method)
	at sun.nio.ch.SocketChannelImpl.finishConnect(SocketChannelImpl.java:717)
	at org.apache.ratis.thirdparty.io.netty.channel.socket.nio.NioSocketChannel.doFinishConnect(NioSocketChannel.java:327)
	at org.apache.ratis.thirdparty.io.netty.channel.nio.AbstractNioChannel$AbstractNioUnsafe.finishConnect(AbstractNioChannel.java:340)
	at org.apache.ratis.thirdparty.io.netty.channel.nio.NioEventLoop.processSelectedKey(NioEventLoop.java:632)
	at org.apache.ratis.thirdparty.io.netty.channel.nio.NioEventLoop.processSelectedKeysOptimized(NioEventLoop.java:579)
	at org.apache.ratis.thirdparty.io.netty.channel.nio.NioEventLoop.processSelectedKeys(NioEventLoop.java:496)
	at org.apache.ratis.thirdparty.io.netty.channel.nio.NioEventLoop.run(NioEventLoop.java:458)
	at org.apache.ratis.thirdparty.io.netty.util.concurrent.SingleThreadEventExecutor$5.run(SingleThreadEventExecutor.java:897)
	at org.apache.ratis.thirdparty.io.netty.util.concurrent.FastThreadLocalRunnable.run(FastThreadLocalRunnable.java:30)
	... 1 more
Caused by: java.net.ConnectException: Connection refused
	... 11 more
2019-07-13 07:30:45,464 INFO  impl.LeaderElection (LeaderElection.java:logAndReturn(56)) - fb233e29-eb29-4b58-9f9f-9362acac1024:group-B6F2163524F3:LeaderElection17: Election REJECTED; received 0 response(s) [] and 2 exception(s); fb233e29-eb29-4b58-9f9f-9362acac1024:t8, leader=null, voted=fb233e29-eb29-4b58-9f9f-9362acac1024, raftlog=fb233e29-eb29-4b58-9f9f-9362acac1024-SegmentedRaftLog:OPENED:c16,f16,i16, conf=0: [fb233e29-eb29-4b58-9f9f-9362acac1024:192.168.69.84:42684, 2a65270f-ca9f-476c-bd95-098a2ebcf7cf:192.168.69.84:33159, 36c37c2c-d4a8-4ab0-a139-b83097af7aa6:192.168.69.84:35364], old=null
2019-07-13 07:30:45,464 INFO  impl.LeaderElection (LogUtils.java:infoOrTrace(149)) -   Exception 0: {}
java.util.concurrent.ExecutionException: org.apache.ratis.thirdparty.io.grpc.StatusRuntimeException: UNAVAILABLE: io exception
	at java.util.concurrent.FutureTask.report(FutureTask.java:122)
	at java.util.concurrent.FutureTask.get(FutureTask.java:192)
	at org.apache.ratis.server.impl.LeaderElection.waitForResults(LeaderElection.java:262)
	at org.apache.ratis.server.impl.LeaderElection.askForVotes(LeaderElection.java:200)
	at org.apache.ratis.server.impl.LeaderElection.run(LeaderElection.java:130)
	at java.lang.Thread.run(Thread.java:748)
Caused by: org.apache.ratis.thirdparty.io.grpc.StatusRuntimeException: UNAVAILABLE: io exception
	at org.apache.ratis.thirdparty.io.grpc.stub.ClientCalls.toStatusRuntimeException(ClientCalls.java:233)
	at org.apache.ratis.thirdparty.io.grpc.stub.ClientCalls.getUnchecked(ClientCalls.java:214)
	at org.apache.ratis.thirdparty.io.grpc.stub.ClientCalls.blockingUnaryCall(ClientCalls.java:139)
	at org.apache.ratis.proto.grpc.RaftServerProtocolServiceGrpc$RaftServerProtocolServiceBlockingStub.requestVote(RaftServerProtocolServiceGrpc.java:265)
	at org.apache.ratis.grpc.server.GrpcServerProtocolClient.requestVote(GrpcServerProtocolClient.java:83)
	at org.apache.ratis.grpc.server.GrpcService.requestVote(GrpcService.java:195)
	at org.apache.ratis.server.impl.LeaderElection.lambda$submitRequests$1(LeaderElection.java:237)
	at java.util.concurrent.FutureTask.run(FutureTask.java:266)
	at java.util.concurrent.Executors$RunnableAdapter.call(Executors.java:511)
	at java.util.concurrent.FutureTask.run(FutureTask.java:266)
	at java.util.concurrent.ThreadPoolExecutor.runWorker(ThreadPoolExecutor.java:1149)
	at java.util.concurrent.ThreadPoolExecutor$Worker.run(ThreadPoolExecutor.java:624)
	... 1 more
Caused by: org.apache.ratis.thirdparty.io.netty.channel.AbstractChannel$AnnotatedConnectException: Connection refused: /192.168.69.84:33159
	at sun.nio.ch.SocketChannelImpl.checkConnect(Native Method)
	at sun.nio.ch.SocketChannelImpl.finishConnect(SocketChannelImpl.java:717)
	at org.apache.ratis.thirdparty.io.netty.channel.socket.nio.NioSocketChannel.doFinishConnect(NioSocketChannel.java:327)
	at org.apache.ratis.thirdparty.io.netty.channel.nio.AbstractNioChannel$AbstractNioUnsafe.finishConnect(AbstractNioChannel.java:340)
	at org.apache.ratis.thirdparty.io.netty.channel.nio.NioEventLoop.processSelectedKey(NioEventLoop.java:632)
	at org.apache.ratis.thirdparty.io.netty.channel.nio.NioEventLoop.processSelectedKeysOptimized(NioEventLoop.java:579)
	at org.apache.ratis.thirdparty.io.netty.channel.nio.NioEventLoop.processSelectedKeys(NioEventLoop.java:496)
	at org.apache.ratis.thirdparty.io.netty.channel.nio.NioEventLoop.run(NioEventLoop.java:458)
	at org.apache.ratis.thirdparty.io.netty.util.concurrent.SingleThreadEventExecutor$5.run(SingleThreadEventExecutor.java:897)
	at org.apache.ratis.thirdparty.io.netty.util.concurrent.FastThreadLocalRunnable.run(FastThreadLocalRunnable.java:30)
	... 1 more
Caused by: java.net.ConnectException: Connection refused
	... 11 more
2019-07-13 07:30:45,464 INFO  impl.LeaderElection (LogUtils.java:infoOrTrace(149)) -   Exception 1: {}
java.util.concurrent.ExecutionException: org.apache.ratis.thirdparty.io.grpc.StatusRuntimeException: UNAVAILABLE: io exception
	at java.util.concurrent.FutureTask.report(FutureTask.java:122)
	at java.util.concurrent.FutureTask.get(FutureTask.java:192)
	at org.apache.ratis.server.impl.LeaderElection.waitForResults(LeaderElection.java:262)
	at org.apache.ratis.server.impl.LeaderElection.askForVotes(LeaderElection.java:200)
	at org.apache.ratis.server.impl.LeaderElection.run(LeaderElection.java:130)
	at java.lang.Thread.run(Thread.java:748)
Caused by: org.apache.ratis.thirdparty.io.grpc.StatusRuntimeException: UNAVAILABLE: io exception
	at org.apache.ratis.thirdparty.io.grpc.stub.ClientCalls.toStatusRuntimeException(ClientCalls.java:233)
	at org.apache.ratis.thirdparty.io.grpc.stub.ClientCalls.getUnchecked(ClientCalls.java:214)
	at org.apache.ratis.thirdparty.io.grpc.stub.ClientCalls.blockingUnaryCall(ClientCalls.java:139)
	at org.apache.ratis.proto.grpc.RaftServerProtocolServiceGrpc$RaftServerProtocolServiceBlockingStub.requestVote(RaftServerProtocolServiceGrpc.java:265)
	at org.apache.ratis.grpc.server.GrpcServerProtocolClient.requestVote(GrpcServerProtocolClient.java:83)
	at org.apache.ratis.grpc.server.GrpcService.requestVote(GrpcService.java:195)
	at org.apache.ratis.server.impl.LeaderElection.lambda$submitRequests$1(LeaderElection.java:237)
	at java.util.concurrent.FutureTask.run(FutureTask.java:266)
	at java.util.concurrent.Executors$RunnableAdapter.call(Executors.java:511)
	at java.util.concurrent.FutureTask.run(FutureTask.java:266)
	at java.util.concurrent.ThreadPoolExecutor.runWorker(ThreadPoolExecutor.java:1149)
	at java.util.concurrent.ThreadPoolExecutor$Worker.run(ThreadPoolExecutor.java:624)
	... 1 more
Caused by: org.apache.ratis.thirdparty.io.netty.channel.AbstractChannel$AnnotatedConnectException: Connection refused: /192.168.69.84:35364
	at sun.nio.ch.SocketChannelImpl.checkConnect(Native Method)
	at sun.nio.ch.SocketChannelImpl.finishConnect(SocketChannelImpl.java:717)
	at org.apache.ratis.thirdparty.io.netty.channel.socket.nio.NioSocketChannel.doFinishConnect(NioSocketChannel.java:327)
	at org.apache.ratis.thirdparty.io.netty.channel.nio.AbstractNioChannel$AbstractNioUnsafe.finishConnect(AbstractNioChannel.java:340)
	at org.apache.ratis.thirdparty.io.netty.channel.nio.NioEventLoop.processSelectedKey(NioEventLoop.java:632)
	at org.apache.ratis.thirdparty.io.netty.channel.nio.NioEventLoop.processSelectedKeysOptimized(NioEventLoop.java:579)
	at org.apache.ratis.thirdparty.io.netty.channel.nio.NioEventLoop.processSelectedKeys(NioEventLoop.java:496)
	at org.apache.ratis.thirdparty.io.netty.channel.nio.NioEventLoop.run(NioEventLoop.java:458)
	at org.apache.ratis.thirdparty.io.netty.util.concurrent.SingleThreadEventExecutor$5.run(SingleThreadEventExecutor.java:897)
	at org.apache.ratis.thirdparty.io.netty.util.concurrent.FastThreadLocalRunnable.run(FastThreadLocalRunnable.java:30)
	... 1 more
Caused by: java.net.ConnectException: Connection refused
	... 11 more
2019-07-13 07:30:45,465 INFO  impl.RaftServerImpl (RaftServerImpl.java:setRole(171)) - fb233e29-eb29-4b58-9f9f-9362acac1024:group-B6F2163524F3 changes role from CANDIDATE to FOLLOWER at term 8 for DISCOVERED_A_NEW_TERM
2019-07-13 07:30:45,467 INFO  impl.RoleInfo (RoleInfo.java:shutdownLeaderElection(134)) - fb233e29-eb29-4b58-9f9f-9362acac1024: shutdown LeaderElection
2019-07-13 07:30:45,467 INFO  impl.RoleInfo (RoleInfo.java:updateAndGet(143)) - fb233e29-eb29-4b58-9f9f-9362acac1024: start FollowerState
2019-07-13 07:30:45,679 INFO  client.GrpcClientProtocolClient (GrpcClientProtocolClient.java:onNext(255)) - client-95024ED96938->fb233e29-eb29-4b58-9f9f-9362acac1024: receive RaftClientReply:client-95024ED96938->fb233e29-eb29-4b58-9f9f-9362acac1024@group-B6F2163524F3, cid=22, FAILED org.apache.ratis.protocol.NotLeaderException: Server fb233e29-eb29-4b58-9f9f-9362acac1024 is not the leader (null). Request must be sent to leader., logIndex=0, commits[fb233e29-eb29-4b58-9f9f-9362acac1024:c16, 2a65270f-ca9f-476c-bd95-098a2ebcf7cf:c16, 36c37c2c-d4a8-4ab0-a139-b83097af7aa6:c16]
2019-07-13 07:30:47,701 INFO  client.GrpcClientProtocolClient (GrpcClientProtocolClient.java:onNext(255)) - client-95024ED96938->fb233e29-eb29-4b58-9f9f-9362acac1024: receive RaftClientReply:client-95024ED96938->fb233e29-eb29-4b58-9f9f-9362acac1024@group-B6F2163524F3, cid=22, FAILED org.apache.ratis.protocol.NotLeaderException: Server fb233e29-eb29-4b58-9f9f-9362acac1024 is not the leader (null). Request must be sent to leader., logIndex=0, commits[fb233e29-eb29-4b58-9f9f-9362acac1024:c16, 2a65270f-ca9f-476c-bd95-098a2ebcf7cf:c16, 36c37c2c-d4a8-4ab0-a139-b83097af7aa6:c16]
2019-07-13 07:30:50,668 INFO  impl.FollowerState (FollowerState.java:run(106)) - fb233e29-eb29-4b58-9f9f-9362acac1024:group-B6F2163524F3 changes to CANDIDATE, lastRpcTime:5200, electionTimeout:5198ms
2019-07-13 07:30:50,671 INFO  impl.RoleInfo (RoleInfo.java:shutdownFollowerState(121)) - fb233e29-eb29-4b58-9f9f-9362acac1024: shutdown FollowerState
2019-07-13 07:30:50,671 INFO  impl.RaftServerImpl (RaftServerImpl.java:setRole(171)) - fb233e29-eb29-4b58-9f9f-9362acac1024:group-B6F2163524F3 changes role from FOLLOWER to CANDIDATE at term 8 for changeToCandidate
2019-07-13 07:30:50,671 INFO  impl.RoleInfo (RoleInfo.java:updateAndGet(143)) - fb233e29-eb29-4b58-9f9f-9362acac1024: start LeaderElection
2019-07-13 07:30:50,688 INFO  impl.LeaderElection (LeaderElection.java:askForVotes(181)) - fb233e29-eb29-4b58-9f9f-9362acac1024:group-B6F2163524F3:LeaderElection18: begin an election at term 9 for 0: [fb233e29-eb29-4b58-9f9f-9362acac1024:192.168.69.84:42684, 2a65270f-ca9f-476c-bd95-098a2ebcf7cf:192.168.69.84:33159, 36c37c2c-d4a8-4ab0-a139-b83097af7aa6:192.168.69.84:35364], old=null
2019-07-13 07:30:50,692 INFO  impl.LeaderElection (LogUtils.java:infoOrTrace(149)) - fb233e29-eb29-4b58-9f9f-9362acac1024:group-B6F2163524F3:LeaderElection18 got exception when requesting votes: {}
java.util.concurrent.ExecutionException: org.apache.ratis.thirdparty.io.grpc.StatusRuntimeException: UNAVAILABLE: io exception
	at java.util.concurrent.FutureTask.report(FutureTask.java:122)
	at java.util.concurrent.FutureTask.get(FutureTask.java:192)
	at org.apache.ratis.server.impl.LeaderElection.waitForResults(LeaderElection.java:262)
	at org.apache.ratis.server.impl.LeaderElection.askForVotes(LeaderElection.java:200)
	at org.apache.ratis.server.impl.LeaderElection.run(LeaderElection.java:130)
	at java.lang.Thread.run(Thread.java:748)
Caused by: org.apache.ratis.thirdparty.io.grpc.StatusRuntimeException: UNAVAILABLE: io exception
	at org.apache.ratis.thirdparty.io.grpc.stub.ClientCalls.toStatusRuntimeException(ClientCalls.java:233)
	at org.apache.ratis.thirdparty.io.grpc.stub.ClientCalls.getUnchecked(ClientCalls.java:214)
	at org.apache.ratis.thirdparty.io.grpc.stub.ClientCalls.blockingUnaryCall(ClientCalls.java:139)
	at org.apache.ratis.proto.grpc.RaftServerProtocolServiceGrpc$RaftServerProtocolServiceBlockingStub.requestVote(RaftServerProtocolServiceGrpc.java:265)
	at org.apache.ratis.grpc.server.GrpcServerProtocolClient.requestVote(GrpcServerProtocolClient.java:83)
	at org.apache.ratis.grpc.server.GrpcService.requestVote(GrpcService.java:195)
	at org.apache.ratis.server.impl.LeaderElection.lambda$submitRequests$1(LeaderElection.java:237)
	at java.util.concurrent.FutureTask.run(FutureTask.java:266)
	at java.util.concurrent.Executors$RunnableAdapter.call(Executors.java:511)
	at java.util.concurrent.FutureTask.run(FutureTask.java:266)
	at java.util.concurrent.ThreadPoolExecutor.runWorker(ThreadPoolExecutor.java:1149)
	at java.util.concurrent.ThreadPoolExecutor$Worker.run(ThreadPoolExecutor.java:624)
	... 1 more
Caused by: org.apache.ratis.thirdparty.io.netty.channel.AbstractChannel$AnnotatedConnectException: Connection refused: /192.168.69.84:33159
	at sun.nio.ch.SocketChannelImpl.checkConnect(Native Method)
	at sun.nio.ch.SocketChannelImpl.finishConnect(SocketChannelImpl.java:717)
	at org.apache.ratis.thirdparty.io.netty.channel.socket.nio.NioSocketChannel.doFinishConnect(NioSocketChannel.java:327)
	at org.apache.ratis.thirdparty.io.netty.channel.nio.AbstractNioChannel$AbstractNioUnsafe.finishConnect(AbstractNioChannel.java:340)
	at org.apache.ratis.thirdparty.io.netty.channel.nio.NioEventLoop.processSelectedKey(NioEventLoop.java:632)
	at org.apache.ratis.thirdparty.io.netty.channel.nio.NioEventLoop.processSelectedKeysOptimized(NioEventLoop.java:579)
	at org.apache.ratis.thirdparty.io.netty.channel.nio.NioEventLoop.processSelectedKeys(NioEventLoop.java:496)
	at org.apache.ratis.thirdparty.io.netty.channel.nio.NioEventLoop.run(NioEventLoop.java:458)
	at org.apache.ratis.thirdparty.io.netty.util.concurrent.SingleThreadEventExecutor$5.run(SingleThreadEventExecutor.java:897)
	at org.apache.ratis.thirdparty.io.netty.util.concurrent.FastThreadLocalRunnable.run(FastThreadLocalRunnable.java:30)
	... 1 more
Caused by: java.net.ConnectException: Connection refused
	... 11 more
2019-07-13 07:30:50,694 INFO  impl.LeaderElection (LogUtils.java:infoOrTrace(149)) - fb233e29-eb29-4b58-9f9f-9362acac1024:group-B6F2163524F3:LeaderElection18 got exception when requesting votes: {}
java.util.concurrent.ExecutionException: org.apache.ratis.thirdparty.io.grpc.StatusRuntimeException: UNAVAILABLE: io exception
	at java.util.concurrent.FutureTask.report(FutureTask.java:122)
	at java.util.concurrent.FutureTask.get(FutureTask.java:192)
	at org.apache.ratis.server.impl.LeaderElection.waitForResults(LeaderElection.java:262)
	at org.apache.ratis.server.impl.LeaderElection.askForVotes(LeaderElection.java:200)
	at org.apache.ratis.server.impl.LeaderElection.run(LeaderElection.java:130)
	at java.lang.Thread.run(Thread.java:748)
Caused by: org.apache.ratis.thirdparty.io.grpc.StatusRuntimeException: UNAVAILABLE: io exception
	at org.apache.ratis.thirdparty.io.grpc.stub.ClientCalls.toStatusRuntimeException(ClientCalls.java:233)
	at org.apache.ratis.thirdparty.io.grpc.stub.ClientCalls.getUnchecked(ClientCalls.java:214)
	at org.apache.ratis.thirdparty.io.grpc.stub.ClientCalls.blockingUnaryCall(ClientCalls.java:139)
	at org.apache.ratis.proto.grpc.RaftServerProtocolServiceGrpc$RaftServerProtocolServiceBlockingStub.requestVote(RaftServerProtocolServiceGrpc.java:265)
	at org.apache.ratis.grpc.server.GrpcServerProtocolClient.requestVote(GrpcServerProtocolClient.java:83)
	at org.apache.ratis.grpc.server.GrpcService.requestVote(GrpcService.java:195)
	at org.apache.ratis.server.impl.LeaderElection.lambda$submitRequests$1(LeaderElection.java:237)
	at java.util.concurrent.FutureTask.run(FutureTask.java:266)
	at java.util.concurrent.Executors$RunnableAdapter.call(Executors.java:511)
	at java.util.concurrent.FutureTask.run(FutureTask.java:266)
	at java.util.concurrent.ThreadPoolExecutor.runWorker(ThreadPoolExecutor.java:1149)
	at java.util.concurrent.ThreadPoolExecutor$Worker.run(ThreadPoolExecutor.java:624)
	... 1 more
Caused by: org.apache.ratis.thirdparty.io.netty.channel.AbstractChannel$AnnotatedConnectException: Connection refused: /192.168.69.84:35364
	at sun.nio.ch.SocketChannelImpl.checkConnect(Native Method)
	at sun.nio.ch.SocketChannelImpl.finishConnect(SocketChannelImpl.java:717)
	at org.apache.ratis.thirdparty.io.netty.channel.socket.nio.NioSocketChannel.doFinishConnect(NioSocketChannel.java:327)
	at org.apache.ratis.thirdparty.io.netty.channel.nio.AbstractNioChannel$AbstractNioUnsafe.finishConnect(AbstractNioChannel.java:340)
	at org.apache.ratis.thirdparty.io.netty.channel.nio.NioEventLoop.processSelectedKey(NioEventLoop.java:632)
	at org.apache.ratis.thirdparty.io.netty.channel.nio.NioEventLoop.processSelectedKeysOptimized(NioEventLoop.java:579)
	at org.apache.ratis.thirdparty.io.netty.channel.nio.NioEventLoop.processSelectedKeys(NioEventLoop.java:496)
	at org.apache.ratis.thirdparty.io.netty.channel.nio.NioEventLoop.run(NioEventLoop.java:458)
	at org.apache.ratis.thirdparty.io.netty.util.concurrent.SingleThreadEventExecutor$5.run(SingleThreadEventExecutor.java:897)
	at org.apache.ratis.thirdparty.io.netty.util.concurrent.FastThreadLocalRunnable.run(FastThreadLocalRunnable.java:30)
	... 1 more
Caused by: java.net.ConnectException: Connection refused
	... 11 more
2019-07-13 07:30:50,697 INFO  impl.LeaderElection (LeaderElection.java:logAndReturn(56)) - fb233e29-eb29-4b58-9f9f-9362acac1024:group-B6F2163524F3:LeaderElection18: Election REJECTED; received 0 response(s) [] and 2 exception(s); fb233e29-eb29-4b58-9f9f-9362acac1024:t9, leader=null, voted=fb233e29-eb29-4b58-9f9f-9362acac1024, raftlog=fb233e29-eb29-4b58-9f9f-9362acac1024-SegmentedRaftLog:OPENED:c16,f16,i16, conf=0: [fb233e29-eb29-4b58-9f9f-9362acac1024:192.168.69.84:42684, 2a65270f-ca9f-476c-bd95-098a2ebcf7cf:192.168.69.84:33159, 36c37c2c-d4a8-4ab0-a139-b83097af7aa6:192.168.69.84:35364], old=null
2019-07-13 07:30:50,697 INFO  impl.LeaderElection (LogUtils.java:infoOrTrace(149)) -   Exception 0: {}
java.util.concurrent.ExecutionException: org.apache.ratis.thirdparty.io.grpc.StatusRuntimeException: UNAVAILABLE: io exception
	at java.util.concurrent.FutureTask.report(FutureTask.java:122)
	at java.util.concurrent.FutureTask.get(FutureTask.java:192)
	at org.apache.ratis.server.impl.LeaderElection.waitForResults(LeaderElection.java:262)
	at org.apache.ratis.server.impl.LeaderElection.askForVotes(LeaderElection.java:200)
	at org.apache.ratis.server.impl.LeaderElection.run(LeaderElection.java:130)
	at java.lang.Thread.run(Thread.java:748)
Caused by: org.apache.ratis.thirdparty.io.grpc.StatusRuntimeException: UNAVAILABLE: io exception
	at org.apache.ratis.thirdparty.io.grpc.stub.ClientCalls.toStatusRuntimeException(ClientCalls.java:233)
	at org.apache.ratis.thirdparty.io.grpc.stub.ClientCalls.getUnchecked(ClientCalls.java:214)
	at org.apache.ratis.thirdparty.io.grpc.stub.ClientCalls.blockingUnaryCall(ClientCalls.java:139)
	at org.apache.ratis.proto.grpc.RaftServerProtocolServiceGrpc$RaftServerProtocolServiceBlockingStub.requestVote(RaftServerProtocolServiceGrpc.java:265)
	at org.apache.ratis.grpc.server.GrpcServerProtocolClient.requestVote(GrpcServerProtocolClient.java:83)
	at org.apache.ratis.grpc.server.GrpcService.requestVote(GrpcService.java:195)
	at org.apache.ratis.server.impl.LeaderElection.lambda$submitRequests$1(LeaderElection.java:237)
	at java.util.concurrent.FutureTask.run(FutureTask.java:266)
	at java.util.concurrent.Executors$RunnableAdapter.call(Executors.java:511)
	at java.util.concurrent.FutureTask.run(FutureTask.java:266)
	at java.util.concurrent.ThreadPoolExecutor.runWorker(ThreadPoolExecutor.java:1149)
	at java.util.concurrent.ThreadPoolExecutor$Worker.run(ThreadPoolExecutor.java:624)
	... 1 more
Caused by: org.apache.ratis.thirdparty.io.netty.channel.AbstractChannel$AnnotatedConnectException: Connection refused: /192.168.69.84:33159
	at sun.nio.ch.SocketChannelImpl.checkConnect(Native Method)
	at sun.nio.ch.SocketChannelImpl.finishConnect(SocketChannelImpl.java:717)
	at org.apache.ratis.thirdparty.io.netty.channel.socket.nio.NioSocketChannel.doFinishConnect(NioSocketChannel.java:327)
	at org.apache.ratis.thirdparty.io.netty.channel.nio.AbstractNioChannel$AbstractNioUnsafe.finishConnect(AbstractNioChannel.java:340)
	at org.apache.ratis.thirdparty.io.netty.channel.nio.NioEventLoop.processSelectedKey(NioEventLoop.java:632)
	at org.apache.ratis.thirdparty.io.netty.channel.nio.NioEventLoop.processSelectedKeysOptimized(NioEventLoop.java:579)
	at org.apache.ratis.thirdparty.io.netty.channel.nio.NioEventLoop.processSelectedKeys(NioEventLoop.java:496)
	at org.apache.ratis.thirdparty.io.netty.channel.nio.NioEventLoop.run(NioEventLoop.java:458)
	at org.apache.ratis.thirdparty.io.netty.util.concurrent.SingleThreadEventExecutor$5.run(SingleThreadEventExecutor.java:897)
	at org.apache.ratis.thirdparty.io.netty.util.concurrent.FastThreadLocalRunnable.run(FastThreadLocalRunnable.java:30)
	... 1 more
Caused by: java.net.ConnectException: Connection refused
	... 11 more
2019-07-13 07:30:50,697 INFO  impl.LeaderElection (LogUtils.java:infoOrTrace(149)) -   Exception 1: {}
java.util.concurrent.ExecutionException: org.apache.ratis.thirdparty.io.grpc.StatusRuntimeException: UNAVAILABLE: io exception
	at java.util.concurrent.FutureTask.report(FutureTask.java:122)
	at java.util.concurrent.FutureTask.get(FutureTask.java:192)
	at org.apache.ratis.server.impl.LeaderElection.waitForResults(LeaderElection.java:262)
	at org.apache.ratis.server.impl.LeaderElection.askForVotes(LeaderElection.java:200)
	at org.apache.ratis.server.impl.LeaderElection.run(LeaderElection.java:130)
	at java.lang.Thread.run(Thread.java:748)
Caused by: org.apache.ratis.thirdparty.io.grpc.StatusRuntimeException: UNAVAILABLE: io exception
	at org.apache.ratis.thirdparty.io.grpc.stub.ClientCalls.toStatusRuntimeException(ClientCalls.java:233)
	at org.apache.ratis.thirdparty.io.grpc.stub.ClientCalls.getUnchecked(ClientCalls.java:214)
	at org.apache.ratis.thirdparty.io.grpc.stub.ClientCalls.blockingUnaryCall(ClientCalls.java:139)
	at org.apache.ratis.proto.grpc.RaftServerProtocolServiceGrpc$RaftServerProtocolServiceBlockingStub.requestVote(RaftServerProtocolServiceGrpc.java:265)
	at org.apache.ratis.grpc.server.GrpcServerProtocolClient.requestVote(GrpcServerProtocolClient.java:83)
	at org.apache.ratis.grpc.server.GrpcService.requestVote(GrpcService.java:195)
	at org.apache.ratis.server.impl.LeaderElection.lambda$submitRequests$1(LeaderElection.java:237)
	at java.util.concurrent.FutureTask.run(FutureTask.java:266)
	at java.util.concurrent.Executors$RunnableAdapter.call(Executors.java:511)
	at java.util.concurrent.FutureTask.run(FutureTask.java:266)
	at java.util.concurrent.ThreadPoolExecutor.runWorker(ThreadPoolExecutor.java:1149)
	at java.util.concurrent.ThreadPoolExecutor$Worker.run(ThreadPoolExecutor.java:624)
	... 1 more
Caused by: org.apache.ratis.thirdparty.io.netty.channel.AbstractChannel$AnnotatedConnectException: Connection refused: /192.168.69.84:35364
	at sun.nio.ch.SocketChannelImpl.checkConnect(Native Method)
	at sun.nio.ch.SocketChannelImpl.finishConnect(SocketChannelImpl.java:717)
	at org.apache.ratis.thirdparty.io.netty.channel.socket.nio.NioSocketChannel.doFinishConnect(NioSocketChannel.java:327)
	at org.apache.ratis.thirdparty.io.netty.channel.nio.AbstractNioChannel$AbstractNioUnsafe.finishConnect(AbstractNioChannel.java:340)
	at org.apache.ratis.thirdparty.io.netty.channel.nio.NioEventLoop.processSelectedKey(NioEventLoop.java:632)
	at org.apache.ratis.thirdparty.io.netty.channel.nio.NioEventLoop.processSelectedKeysOptimized(NioEventLoop.java:579)
	at org.apache.ratis.thirdparty.io.netty.channel.nio.NioEventLoop.processSelectedKeys(NioEventLoop.java:496)
	at org.apache.ratis.thirdparty.io.netty.channel.nio.NioEventLoop.run(NioEventLoop.java:458)
	at org.apache.ratis.thirdparty.io.netty.util.concurrent.SingleThreadEventExecutor$5.run(SingleThreadEventExecutor.java:897)
	at org.apache.ratis.thirdparty.io.netty.util.concurrent.FastThreadLocalRunnable.run(FastThreadLocalRunnable.java:30)
	... 1 more
Caused by: java.net.ConnectException: Connection refused
	... 11 more
2019-07-13 07:30:50,698 INFO  impl.RaftServerImpl (RaftServerImpl.java:setRole(171)) - fb233e29-eb29-4b58-9f9f-9362acac1024:group-B6F2163524F3 changes role from CANDIDATE to FOLLOWER at term 9 for DISCOVERED_A_NEW_TERM
2019-07-13 07:30:50,700 INFO  impl.RoleInfo (RoleInfo.java:shutdownLeaderElection(134)) - fb233e29-eb29-4b58-9f9f-9362acac1024: shutdown LeaderElection
2019-07-13 07:30:50,700 INFO  impl.RoleInfo (RoleInfo.java:updateAndGet(143)) - fb233e29-eb29-4b58-9f9f-9362acac1024: start FollowerState
2019-07-13 07:30:53,744 INFO  client.GrpcClientProtocolClient (GrpcClientProtocolClient.java:onNext(255)) - client-95024ED96938->fb233e29-eb29-4b58-9f9f-9362acac1024: receive RaftClientReply:client-95024ED96938->fb233e29-eb29-4b58-9f9f-9362acac1024@group-B6F2163524F3, cid=22, FAILED org.apache.ratis.protocol.NotLeaderException: Server fb233e29-eb29-4b58-9f9f-9362acac1024 is not the leader (null). Request must be sent to leader., logIndex=0, commits[fb233e29-eb29-4b58-9f9f-9362acac1024:c16, 2a65270f-ca9f-476c-bd95-098a2ebcf7cf:c16, 36c37c2c-d4a8-4ab0-a139-b83097af7aa6:c16]
2019-07-13 07:30:55,779 INFO  client.GrpcClientProtocolClient (GrpcClientProtocolClient.java:onNext(255)) - client-95024ED96938->fb233e29-eb29-4b58-9f9f-9362acac1024: receive RaftClientReply:client-95024ED96938->fb233e29-eb29-4b58-9f9f-9362acac1024@group-B6F2163524F3, cid=22, FAILED org.apache.ratis.protocol.NotLeaderException: Server fb233e29-eb29-4b58-9f9f-9362acac1024 is not the leader (null). Request must be sent to leader., logIndex=0, commits[fb233e29-eb29-4b58-9f9f-9362acac1024:c16, 2a65270f-ca9f-476c-bd95-098a2ebcf7cf:c16, 36c37c2c-d4a8-4ab0-a139-b83097af7aa6:c16]
2019-07-13 07:30:55,799 INFO  impl.FollowerState (FollowerState.java:run(106)) - fb233e29-eb29-4b58-9f9f-9362acac1024:group-B6F2163524F3 changes to CANDIDATE, lastRpcTime:5098, electionTimeout:5096ms
2019-07-13 07:30:55,801 INFO  impl.RoleInfo (RoleInfo.java:shutdownFollowerState(121)) - fb233e29-eb29-4b58-9f9f-9362acac1024: shutdown FollowerState
2019-07-13 07:30:55,801 INFO  impl.RaftServerImpl (RaftServerImpl.java:setRole(171)) - fb233e29-eb29-4b58-9f9f-9362acac1024:group-B6F2163524F3 changes role from FOLLOWER to CANDIDATE at term 9 for changeToCandidate
2019-07-13 07:30:55,801 INFO  impl.RoleInfo (RoleInfo.java:updateAndGet(143)) - fb233e29-eb29-4b58-9f9f-9362acac1024: start LeaderElection
2019-07-13 07:30:55,818 INFO  impl.LeaderElection (LeaderElection.java:askForVotes(181)) - fb233e29-eb29-4b58-9f9f-9362acac1024:group-B6F2163524F3:LeaderElection19: begin an election at term 10 for 0: [fb233e29-eb29-4b58-9f9f-9362acac1024:192.168.69.84:42684, 2a65270f-ca9f-476c-bd95-098a2ebcf7cf:192.168.69.84:33159, 36c37c2c-d4a8-4ab0-a139-b83097af7aa6:192.168.69.84:35364], old=null
2019-07-13 07:30:55,821 INFO  impl.LeaderElection (LogUtils.java:infoOrTrace(149)) - fb233e29-eb29-4b58-9f9f-9362acac1024:group-B6F2163524F3:LeaderElection19 got exception when requesting votes: {}
java.util.concurrent.ExecutionException: org.apache.ratis.thirdparty.io.grpc.StatusRuntimeException: UNAVAILABLE: io exception
	at java.util.concurrent.FutureTask.report(FutureTask.java:122)
	at java.util.concurrent.FutureTask.get(FutureTask.java:192)
	at org.apache.ratis.server.impl.LeaderElection.waitForResults(LeaderElection.java:262)
	at org.apache.ratis.server.impl.LeaderElection.askForVotes(LeaderElection.java:200)
	at org.apache.ratis.server.impl.LeaderElection.run(LeaderElection.java:130)
	at java.lang.Thread.run(Thread.java:748)
Caused by: org.apache.ratis.thirdparty.io.grpc.StatusRuntimeException: UNAVAILABLE: io exception
	at org.apache.ratis.thirdparty.io.grpc.stub.ClientCalls.toStatusRuntimeException(ClientCalls.java:233)
	at org.apache.ratis.thirdparty.io.grpc.stub.ClientCalls.getUnchecked(ClientCalls.java:214)
	at org.apache.ratis.thirdparty.io.grpc.stub.ClientCalls.blockingUnaryCall(ClientCalls.java:139)
	at org.apache.ratis.proto.grpc.RaftServerProtocolServiceGrpc$RaftServerProtocolServiceBlockingStub.requestVote(RaftServerProtocolServiceGrpc.java:265)
	at org.apache.ratis.grpc.server.GrpcServerProtocolClient.requestVote(GrpcServerProtocolClient.java:83)
	at org.apache.ratis.grpc.server.GrpcService.requestVote(GrpcService.java:195)
	at org.apache.ratis.server.impl.LeaderElection.lambda$submitRequests$1(LeaderElection.java:237)
	at java.util.concurrent.FutureTask.run(FutureTask.java:266)
	at java.util.concurrent.Executors$RunnableAdapter.call(Executors.java:511)
	at java.util.concurrent.FutureTask.run(FutureTask.java:266)
	at java.util.concurrent.ThreadPoolExecutor.runWorker(ThreadPoolExecutor.java:1149)
	at java.util.concurrent.ThreadPoolExecutor$Worker.run(ThreadPoolExecutor.java:624)
	... 1 more
Caused by: org.apache.ratis.thirdparty.io.netty.channel.AbstractChannel$AnnotatedConnectException: Connection refused: /192.168.69.84:33159
	at sun.nio.ch.SocketChannelImpl.checkConnect(Native Method)
	at sun.nio.ch.SocketChannelImpl.finishConnect(SocketChannelImpl.java:717)
	at org.apache.ratis.thirdparty.io.netty.channel.socket.nio.NioSocketChannel.doFinishConnect(NioSocketChannel.java:327)
	at org.apache.ratis.thirdparty.io.netty.channel.nio.AbstractNioChannel$AbstractNioUnsafe.finishConnect(AbstractNioChannel.java:340)
	at org.apache.ratis.thirdparty.io.netty.channel.nio.NioEventLoop.processSelectedKey(NioEventLoop.java:632)
	at org.apache.ratis.thirdparty.io.netty.channel.nio.NioEventLoop.processSelectedKeysOptimized(NioEventLoop.java:579)
	at org.apache.ratis.thirdparty.io.netty.channel.nio.NioEventLoop.processSelectedKeys(NioEventLoop.java:496)
	at org.apache.ratis.thirdparty.io.netty.channel.nio.NioEventLoop.run(NioEventLoop.java:458)
	at org.apache.ratis.thirdparty.io.netty.util.concurrent.SingleThreadEventExecutor$5.run(SingleThreadEventExecutor.java:897)
	at org.apache.ratis.thirdparty.io.netty.util.concurrent.FastThreadLocalRunnable.run(FastThreadLocalRunnable.java:30)
	... 1 more
Caused by: java.net.ConnectException: Connection refused
	... 11 more
2019-07-13 07:30:55,823 INFO  impl.LeaderElection (LogUtils.java:infoOrTrace(149)) - fb233e29-eb29-4b58-9f9f-9362acac1024:group-B6F2163524F3:LeaderElection19 got exception when requesting votes: {}
java.util.concurrent.ExecutionException: org.apache.ratis.thirdparty.io.grpc.StatusRuntimeException: UNAVAILABLE: io exception
	at java.util.concurrent.FutureTask.report(FutureTask.java:122)
	at java.util.concurrent.FutureTask.get(FutureTask.java:192)
	at org.apache.ratis.server.impl.LeaderElection.waitForResults(LeaderElection.java:262)
	at org.apache.ratis.server.impl.LeaderElection.askForVotes(LeaderElection.java:200)
	at org.apache.ratis.server.impl.LeaderElection.run(LeaderElection.java:130)
	at java.lang.Thread.run(Thread.java:748)
Caused by: org.apache.ratis.thirdparty.io.grpc.StatusRuntimeException: UNAVAILABLE: io exception
	at org.apache.ratis.thirdparty.io.grpc.stub.ClientCalls.toStatusRuntimeException(ClientCalls.java:233)
	at org.apache.ratis.thirdparty.io.grpc.stub.ClientCalls.getUnchecked(ClientCalls.java:214)
	at org.apache.ratis.thirdparty.io.grpc.stub.ClientCalls.blockingUnaryCall(ClientCalls.java:139)
	at org.apache.ratis.proto.grpc.RaftServerProtocolServiceGrpc$RaftServerProtocolServiceBlockingStub.requestVote(RaftServerProtocolServiceGrpc.java:265)
	at org.apache.ratis.grpc.server.GrpcServerProtocolClient.requestVote(GrpcServerProtocolClient.java:83)
	at org.apache.ratis.grpc.server.GrpcService.requestVote(GrpcService.java:195)
	at org.apache.ratis.server.impl.LeaderElection.lambda$submitRequests$1(LeaderElection.java:237)
	at java.util.concurrent.FutureTask.run(FutureTask.java:266)
	at java.util.concurrent.Executors$RunnableAdapter.call(Executors.java:511)
	at java.util.concurrent.FutureTask.run(FutureTask.java:266)
	at java.util.concurrent.ThreadPoolExecutor.runWorker(ThreadPoolExecutor.java:1149)
	at java.util.concurrent.ThreadPoolExecutor$Worker.run(ThreadPoolExecutor.java:624)
	... 1 more
Caused by: org.apache.ratis.thirdparty.io.netty.channel.AbstractChannel$AnnotatedConnectException: Connection refused: /192.168.69.84:35364
	at sun.nio.ch.SocketChannelImpl.checkConnect(Native Method)
	at sun.nio.ch.SocketChannelImpl.finishConnect(SocketChannelImpl.java:717)
	at org.apache.ratis.thirdparty.io.netty.channel.socket.nio.NioSocketChannel.doFinishConnect(NioSocketChannel.java:327)
	at org.apache.ratis.thirdparty.io.netty.channel.nio.AbstractNioChannel$AbstractNioUnsafe.finishConnect(AbstractNioChannel.java:340)
	at org.apache.ratis.thirdparty.io.netty.channel.nio.NioEventLoop.processSelectedKey(NioEventLoop.java:632)
	at org.apache.ratis.thirdparty.io.netty.channel.nio.NioEventLoop.processSelectedKeysOptimized(NioEventLoop.java:579)
	at org.apache.ratis.thirdparty.io.netty.channel.nio.NioEventLoop.processSelectedKeys(NioEventLoop.java:496)
	at org.apache.ratis.thirdparty.io.netty.channel.nio.NioEventLoop.run(NioEventLoop.java:458)
	at org.apache.ratis.thirdparty.io.netty.util.concurrent.SingleThreadEventExecutor$5.run(SingleThreadEventExecutor.java:897)
	at org.apache.ratis.thirdparty.io.netty.util.concurrent.FastThreadLocalRunnable.run(FastThreadLocalRunnable.java:30)
	... 1 more
Caused by: java.net.ConnectException: Connection refused
	... 11 more
2019-07-13 07:30:55,826 INFO  impl.LeaderElection (LeaderElection.java:logAndReturn(56)) - fb233e29-eb29-4b58-9f9f-9362acac1024:group-B6F2163524F3:LeaderElection19: Election REJECTED; received 0 response(s) [] and 2 exception(s); fb233e29-eb29-4b58-9f9f-9362acac1024:t10, leader=null, voted=fb233e29-eb29-4b58-9f9f-9362acac1024, raftlog=fb233e29-eb29-4b58-9f9f-9362acac1024-SegmentedRaftLog:OPENED:c16,f16,i16, conf=0: [fb233e29-eb29-4b58-9f9f-9362acac1024:192.168.69.84:42684, 2a65270f-ca9f-476c-bd95-098a2ebcf7cf:192.168.69.84:33159, 36c37c2c-d4a8-4ab0-a139-b83097af7aa6:192.168.69.84:35364], old=null
2019-07-13 07:30:55,826 INFO  impl.LeaderElection (LogUtils.java:infoOrTrace(149)) -   Exception 0: {}
java.util.concurrent.ExecutionException: org.apache.ratis.thirdparty.io.grpc.StatusRuntimeException: UNAVAILABLE: io exception
	at java.util.concurrent.FutureTask.report(FutureTask.java:122)
	at java.util.concurrent.FutureTask.get(FutureTask.java:192)
	at org.apache.ratis.server.impl.LeaderElection.waitForResults(LeaderElection.java:262)
	at org.apache.ratis.server.impl.LeaderElection.askForVotes(LeaderElection.java:200)
	at org.apache.ratis.server.impl.LeaderElection.run(LeaderElection.java:130)
	at java.lang.Thread.run(Thread.java:748)
Caused by: org.apache.ratis.thirdparty.io.grpc.StatusRuntimeException: UNAVAILABLE: io exception
	at org.apache.ratis.thirdparty.io.grpc.stub.ClientCalls.toStatusRuntimeException(ClientCalls.java:233)
	at org.apache.ratis.thirdparty.io.grpc.stub.ClientCalls.getUnchecked(ClientCalls.java:214)
	at org.apache.ratis.thirdparty.io.grpc.stub.ClientCalls.blockingUnaryCall(ClientCalls.java:139)
	at org.apache.ratis.proto.grpc.RaftServerProtocolServiceGrpc$RaftServerProtocolServiceBlockingStub.requestVote(RaftServerProtocolServiceGrpc.java:265)
	at org.apache.ratis.grpc.server.GrpcServerProtocolClient.requestVote(GrpcServerProtocolClient.java:83)
	at org.apache.ratis.grpc.server.GrpcService.requestVote(GrpcService.java:195)
	at org.apache.ratis.server.impl.LeaderElection.lambda$submitRequests$1(LeaderElection.java:237)
	at java.util.concurrent.FutureTask.run(FutureTask.java:266)
	at java.util.concurrent.Executors$RunnableAdapter.call(Executors.java:511)
	at java.util.concurrent.FutureTask.run(FutureTask.java:266)
	at java.util.concurrent.ThreadPoolExecutor.runWorker(ThreadPoolExecutor.java:1149)
	at java.util.concurrent.ThreadPoolExecutor$Worker.run(ThreadPoolExecutor.java:624)
	... 1 more
Caused by: org.apache.ratis.thirdparty.io.netty.channel.AbstractChannel$AnnotatedConnectException: Connection refused: /192.168.69.84:33159
	at sun.nio.ch.SocketChannelImpl.checkConnect(Native Method)
	at sun.nio.ch.SocketChannelImpl.finishConnect(SocketChannelImpl.java:717)
	at org.apache.ratis.thirdparty.io.netty.channel.socket.nio.NioSocketChannel.doFinishConnect(NioSocketChannel.java:327)
	at org.apache.ratis.thirdparty.io.netty.channel.nio.AbstractNioChannel$AbstractNioUnsafe.finishConnect(AbstractNioChannel.java:340)
	at org.apache.ratis.thirdparty.io.netty.channel.nio.NioEventLoop.processSelectedKey(NioEventLoop.java:632)
	at org.apache.ratis.thirdparty.io.netty.channel.nio.NioEventLoop.processSelectedKeysOptimized(NioEventLoop.java:579)
	at org.apache.ratis.thirdparty.io.netty.channel.nio.NioEventLoop.processSelectedKeys(NioEventLoop.java:496)
	at org.apache.ratis.thirdparty.io.netty.channel.nio.NioEventLoop.run(NioEventLoop.java:458)
	at org.apache.ratis.thirdparty.io.netty.util.concurrent.SingleThreadEventExecutor$5.run(SingleThreadEventExecutor.java:897)
	at org.apache.ratis.thirdparty.io.netty.util.concurrent.FastThreadLocalRunnable.run(FastThreadLocalRunnable.java:30)
	... 1 more
Caused by: java.net.ConnectException: Connection refused
	... 11 more
2019-07-13 07:30:55,826 INFO  impl.LeaderElection (LogUtils.java:infoOrTrace(149)) -   Exception 1: {}
java.util.concurrent.ExecutionException: org.apache.ratis.thirdparty.io.grpc.StatusRuntimeException: UNAVAILABLE: io exception
	at java.util.concurrent.FutureTask.report(FutureTask.java:122)
	at java.util.concurrent.FutureTask.get(FutureTask.java:192)
	at org.apache.ratis.server.impl.LeaderElection.waitForResults(LeaderElection.java:262)
	at org.apache.ratis.server.impl.LeaderElection.askForVotes(LeaderElection.java:200)
	at org.apache.ratis.server.impl.LeaderElection.run(LeaderElection.java:130)
	at java.lang.Thread.run(Thread.java:748)
Caused by: org.apache.ratis.thirdparty.io.grpc.StatusRuntimeException: UNAVAILABLE: io exception
	at org.apache.ratis.thirdparty.io.grpc.stub.ClientCalls.toStatusRuntimeException(ClientCalls.java:233)
	at org.apache.ratis.thirdparty.io.grpc.stub.ClientCalls.getUnchecked(ClientCalls.java:214)
	at org.apache.ratis.thirdparty.io.grpc.stub.ClientCalls.blockingUnaryCall(ClientCalls.java:139)
	at org.apache.ratis.proto.grpc.RaftServerProtocolServiceGrpc$RaftServerProtocolServiceBlockingStub.requestVote(RaftServerProtocolServiceGrpc.java:265)
	at org.apache.ratis.grpc.server.GrpcServerProtocolClient.requestVote(GrpcServerProtocolClient.java:83)
	at org.apache.ratis.grpc.server.GrpcService.requestVote(GrpcService.java:195)
	at org.apache.ratis.server.impl.LeaderElection.lambda$submitRequests$1(LeaderElection.java:237)
	at java.util.concurrent.FutureTask.run(FutureTask.java:266)
	at java.util.concurrent.Executors$RunnableAdapter.call(Executors.java:511)
	at java.util.concurrent.FutureTask.run(FutureTask.java:266)
	at java.util.concurrent.ThreadPoolExecutor.runWorker(ThreadPoolExecutor.java:1149)
	at java.util.concurrent.ThreadPoolExecutor$Worker.run(ThreadPoolExecutor.java:624)
	... 1 more
Caused by: org.apache.ratis.thirdparty.io.netty.channel.AbstractChannel$AnnotatedConnectException: Connection refused: /192.168.69.84:35364
	at sun.nio.ch.SocketChannelImpl.checkConnect(Native Method)
	at sun.nio.ch.SocketChannelImpl.finishConnect(SocketChannelImpl.java:717)
	at org.apache.ratis.thirdparty.io.netty.channel.socket.nio.NioSocketChannel.doFinishConnect(NioSocketChannel.java:327)
	at org.apache.ratis.thirdparty.io.netty.channel.nio.AbstractNioChannel$AbstractNioUnsafe.finishConnect(AbstractNioChannel.java:340)
	at org.apache.ratis.thirdparty.io.netty.channel.nio.NioEventLoop.processSelectedKey(NioEventLoop.java:632)
	at org.apache.ratis.thirdparty.io.netty.channel.nio.NioEventLoop.processSelectedKeysOptimized(NioEventLoop.java:579)
	at org.apache.ratis.thirdparty.io.netty.channel.nio.NioEventLoop.processSelectedKeys(NioEventLoop.java:496)
	at org.apache.ratis.thirdparty.io.netty.channel.nio.NioEventLoop.run(NioEventLoop.java:458)
	at org.apache.ratis.thirdparty.io.netty.util.concurrent.SingleThreadEventExecutor$5.run(SingleThreadEventExecutor.java:897)
	at org.apache.ratis.thirdparty.io.netty.util.concurrent.FastThreadLocalRunnable.run(FastThreadLocalRunnable.java:30)
	... 1 more
Caused by: java.net.ConnectException: Connection refused
	... 11 more
2019-07-13 07:30:55,827 INFO  impl.RaftServerImpl (RaftServerImpl.java:setRole(171)) - fb233e29-eb29-4b58-9f9f-9362acac1024:group-B6F2163524F3 changes role from CANDIDATE to FOLLOWER at term 10 for DISCOVERED_A_NEW_TERM
2019-07-13 07:30:55,831 INFO  impl.RoleInfo (RoleInfo.java:shutdownLeaderElection(134)) - fb233e29-eb29-4b58-9f9f-9362acac1024: shutdown LeaderElection
2019-07-13 07:30:55,831 INFO  impl.RoleInfo (RoleInfo.java:updateAndGet(143)) - fb233e29-eb29-4b58-9f9f-9362acac1024: start FollowerState
2019-07-13 07:30:57,798 INFO  client.GrpcClientProtocolClient (GrpcClientProtocolClient.java:onNext(255)) - client-95024ED96938->fb233e29-eb29-4b58-9f9f-9362acac1024: receive RaftClientReply:client-95024ED96938->fb233e29-eb29-4b58-9f9f-9362acac1024@group-B6F2163524F3, cid=22, FAILED org.apache.ratis.protocol.NotLeaderException: Server fb233e29-eb29-4b58-9f9f-9362acac1024 is not the leader (null). Request must be sent to leader., logIndex=0, commits[fb233e29-eb29-4b58-9f9f-9362acac1024:c16, 2a65270f-ca9f-476c-bd95-098a2ebcf7cf:c16, 36c37c2c-d4a8-4ab0-a139-b83097af7aa6:c16]
2019-07-13 07:30:59,820 INFO  client.GrpcClientProtocolClient (GrpcClientProtocolClient.java:onNext(255)) - client-95024ED96938->fb233e29-eb29-4b58-9f9f-9362acac1024: receive RaftClientReply:client-95024ED96938->fb233e29-eb29-4b58-9f9f-9362acac1024@group-B6F2163524F3, cid=22, FAILED org.apache.ratis.protocol.NotLeaderException: Server fb233e29-eb29-4b58-9f9f-9362acac1024 is not the leader (null). Request must be sent to leader., logIndex=0, commits[fb233e29-eb29-4b58-9f9f-9362acac1024:c16, 2a65270f-ca9f-476c-bd95-098a2ebcf7cf:c16, 36c37c2c-d4a8-4ab0-a139-b83097af7aa6:c16]
2019-07-13 07:31:00,930 INFO  impl.FollowerState (FollowerState.java:run(106)) - fb233e29-eb29-4b58-9f9f-9362acac1024:group-B6F2163524F3 changes to CANDIDATE, lastRpcTime:5098, electionTimeout:5096ms
2019-07-13 07:31:00,932 INFO  impl.RoleInfo (RoleInfo.java:shutdownFollowerState(121)) - fb233e29-eb29-4b58-9f9f-9362acac1024: shutdown FollowerState
2019-07-13 07:31:00,933 INFO  impl.RaftServerImpl (RaftServerImpl.java:setRole(171)) - fb233e29-eb29-4b58-9f9f-9362acac1024:group-B6F2163524F3 changes role from FOLLOWER to CANDIDATE at term 10 for changeToCandidate
2019-07-13 07:31:00,933 INFO  impl.RoleInfo (RoleInfo.java:updateAndGet(143)) - fb233e29-eb29-4b58-9f9f-9362acac1024: start LeaderElection
2019-07-13 07:31:00,948 INFO  impl.LeaderElection (LeaderElection.java:askForVotes(181)) - fb233e29-eb29-4b58-9f9f-9362acac1024:group-B6F2163524F3:LeaderElection20: begin an election at term 11 for 0: [fb233e29-eb29-4b58-9f9f-9362acac1024:192.168.69.84:42684, 2a65270f-ca9f-476c-bd95-098a2ebcf7cf:192.168.69.84:33159, 36c37c2c-d4a8-4ab0-a139-b83097af7aa6:192.168.69.84:35364], old=null
2019-07-13 07:31:00,952 INFO  impl.LeaderElection (LogUtils.java:infoOrTrace(149)) - fb233e29-eb29-4b58-9f9f-9362acac1024:group-B6F2163524F3:LeaderElection20 got exception when requesting votes: {}
java.util.concurrent.ExecutionException: org.apache.ratis.thirdparty.io.grpc.StatusRuntimeException: UNAVAILABLE: io exception
	at java.util.concurrent.FutureTask.report(FutureTask.java:122)
	at java.util.concurrent.FutureTask.get(FutureTask.java:192)
	at org.apache.ratis.server.impl.LeaderElection.waitForResults(LeaderElection.java:262)
	at org.apache.ratis.server.impl.LeaderElection.askForVotes(LeaderElection.java:200)
	at org.apache.ratis.server.impl.LeaderElection.run(LeaderElection.java:130)
	at java.lang.Thread.run(Thread.java:748)
Caused by: org.apache.ratis.thirdparty.io.grpc.StatusRuntimeException: UNAVAILABLE: io exception
	at org.apache.ratis.thirdparty.io.grpc.stub.ClientCalls.toStatusRuntimeException(ClientCalls.java:233)
	at org.apache.ratis.thirdparty.io.grpc.stub.ClientCalls.getUnchecked(ClientCalls.java:214)
	at org.apache.ratis.thirdparty.io.grpc.stub.ClientCalls.blockingUnaryCall(ClientCalls.java:139)
	at org.apache.ratis.proto.grpc.RaftServerProtocolServiceGrpc$RaftServerProtocolServiceBlockingStub.requestVote(RaftServerProtocolServiceGrpc.java:265)
	at org.apache.ratis.grpc.server.GrpcServerProtocolClient.requestVote(GrpcServerProtocolClient.java:83)
	at org.apache.ratis.grpc.server.GrpcService.requestVote(GrpcService.java:195)
	at org.apache.ratis.server.impl.LeaderElection.lambda$submitRequests$1(LeaderElection.java:237)
	at java.util.concurrent.FutureTask.run(FutureTask.java:266)
	at java.util.concurrent.Executors$RunnableAdapter.call(Executors.java:511)
	at java.util.concurrent.FutureTask.run(FutureTask.java:266)
	at java.util.concurrent.ThreadPoolExecutor.runWorker(ThreadPoolExecutor.java:1149)
	at java.util.concurrent.ThreadPoolExecutor$Worker.run(ThreadPoolExecutor.java:624)
	... 1 more
Caused by: org.apache.ratis.thirdparty.io.netty.channel.AbstractChannel$AnnotatedConnectException: Connection refused: /192.168.69.84:33159
	at sun.nio.ch.SocketChannelImpl.checkConnect(Native Method)
	at sun.nio.ch.SocketChannelImpl.finishConnect(SocketChannelImpl.java:717)
	at org.apache.ratis.thirdparty.io.netty.channel.socket.nio.NioSocketChannel.doFinishConnect(NioSocketChannel.java:327)
	at org.apache.ratis.thirdparty.io.netty.channel.nio.AbstractNioChannel$AbstractNioUnsafe.finishConnect(AbstractNioChannel.java:340)
	at org.apache.ratis.thirdparty.io.netty.channel.nio.NioEventLoop.processSelectedKey(NioEventLoop.java:632)
	at org.apache.ratis.thirdparty.io.netty.channel.nio.NioEventLoop.processSelectedKeysOptimized(NioEventLoop.java:579)
	at org.apache.ratis.thirdparty.io.netty.channel.nio.NioEventLoop.processSelectedKeys(NioEventLoop.java:496)
	at org.apache.ratis.thirdparty.io.netty.channel.nio.NioEventLoop.run(NioEventLoop.java:458)
	at org.apache.ratis.thirdparty.io.netty.util.concurrent.SingleThreadEventExecutor$5.run(SingleThreadEventExecutor.java:897)
	at org.apache.ratis.thirdparty.io.netty.util.concurrent.FastThreadLocalRunnable.run(FastThreadLocalRunnable.java:30)
	... 1 more
Caused by: java.net.ConnectException: Connection refused
	... 11 more
2019-07-13 07:31:00,954 INFO  impl.LeaderElection (LogUtils.java:infoOrTrace(149)) - fb233e29-eb29-4b58-9f9f-9362acac1024:group-B6F2163524F3:LeaderElection20 got exception when requesting votes: {}
java.util.concurrent.ExecutionException: org.apache.ratis.thirdparty.io.grpc.StatusRuntimeException: UNAVAILABLE: io exception
	at java.util.concurrent.FutureTask.report(FutureTask.java:122)
	at java.util.concurrent.FutureTask.get(FutureTask.java:192)
	at org.apache.ratis.server.impl.LeaderElection.waitForResults(LeaderElection.java:262)
	at org.apache.ratis.server.impl.LeaderElection.askForVotes(LeaderElection.java:200)
	at org.apache.ratis.server.impl.LeaderElection.run(LeaderElection.java:130)
	at java.lang.Thread.run(Thread.java:748)
Caused by: org.apache.ratis.thirdparty.io.grpc.StatusRuntimeException: UNAVAILABLE: io exception
	at org.apache.ratis.thirdparty.io.grpc.stub.ClientCalls.toStatusRuntimeException(ClientCalls.java:233)
	at org.apache.ratis.thirdparty.io.grpc.stub.ClientCalls.getUnchecked(ClientCalls.java:214)
	at org.apache.ratis.thirdparty.io.grpc.stub.ClientCalls.blockingUnaryCall(ClientCalls.java:139)
	at org.apache.ratis.proto.grpc.RaftServerProtocolServiceGrpc$RaftServerProtocolServiceBlockingStub.requestVote(RaftServerProtocolServiceGrpc.java:265)
	at org.apache.ratis.grpc.server.GrpcServerProtocolClient.requestVote(GrpcServerProtocolClient.java:83)
	at org.apache.ratis.grpc.server.GrpcService.requestVote(GrpcService.java:195)
	at org.apache.ratis.server.impl.LeaderElection.lambda$submitRequests$1(LeaderElection.java:237)
	at java.util.concurrent.FutureTask.run(FutureTask.java:266)
	at java.util.concurrent.Executors$RunnableAdapter.call(Executors.java:511)
	at java.util.concurrent.FutureTask.run(FutureTask.java:266)
	at java.util.concurrent.ThreadPoolExecutor.runWorker(ThreadPoolExecutor.java:1149)
	at java.util.concurrent.ThreadPoolExecutor$Worker.run(ThreadPoolExecutor.java:624)
	... 1 more
Caused by: org.apache.ratis.thirdparty.io.netty.channel.AbstractChannel$AnnotatedConnectException: Connection refused: /192.168.69.84:35364
	at sun.nio.ch.SocketChannelImpl.checkConnect(Native Method)
	at sun.nio.ch.SocketChannelImpl.finishConnect(SocketChannelImpl.java:717)
	at org.apache.ratis.thirdparty.io.netty.channel.socket.nio.NioSocketChannel.doFinishConnect(NioSocketChannel.java:327)
	at org.apache.ratis.thirdparty.io.netty.channel.nio.AbstractNioChannel$AbstractNioUnsafe.finishConnect(AbstractNioChannel.java:340)
	at org.apache.ratis.thirdparty.io.netty.channel.nio.NioEventLoop.processSelectedKey(NioEventLoop.java:632)
	at org.apache.ratis.thirdparty.io.netty.channel.nio.NioEventLoop.processSelectedKeysOptimized(NioEventLoop.java:579)
	at org.apache.ratis.thirdparty.io.netty.channel.nio.NioEventLoop.processSelectedKeys(NioEventLoop.java:496)
	at org.apache.ratis.thirdparty.io.netty.channel.nio.NioEventLoop.run(NioEventLoop.java:458)
	at org.apache.ratis.thirdparty.io.netty.util.concurrent.SingleThreadEventExecutor$5.run(SingleThreadEventExecutor.java:897)
	at org.apache.ratis.thirdparty.io.netty.util.concurrent.FastThreadLocalRunnable.run(FastThreadLocalRunnable.java:30)
	... 1 more
Caused by: java.net.ConnectException: Connection refused
	... 11 more
2019-07-13 07:31:00,978 INFO  impl.LeaderElection (LeaderElection.java:logAndReturn(56)) - fb233e29-eb29-4b58-9f9f-9362acac1024:group-B6F2163524F3:LeaderElection20: Election REJECTED; received 0 response(s) [] and 2 exception(s); fb233e29-eb29-4b58-9f9f-9362acac1024:t11, leader=null, voted=fb233e29-eb29-4b58-9f9f-9362acac1024, raftlog=fb233e29-eb29-4b58-9f9f-9362acac1024-SegmentedRaftLog:OPENED:c16,f16,i16, conf=0: [fb233e29-eb29-4b58-9f9f-9362acac1024:192.168.69.84:42684, 2a65270f-ca9f-476c-bd95-098a2ebcf7cf:192.168.69.84:33159, 36c37c2c-d4a8-4ab0-a139-b83097af7aa6:192.168.69.84:35364], old=null
2019-07-13 07:31:00,978 INFO  impl.LeaderElection (LogUtils.java:infoOrTrace(149)) -   Exception 0: {}
java.util.concurrent.ExecutionException: org.apache.ratis.thirdparty.io.grpc.StatusRuntimeException: UNAVAILABLE: io exception
	at java.util.concurrent.FutureTask.report(FutureTask.java:122)
	at java.util.concurrent.FutureTask.get(FutureTask.java:192)
	at org.apache.ratis.server.impl.LeaderElection.waitForResults(LeaderElection.java:262)
	at org.apache.ratis.server.impl.LeaderElection.askForVotes(LeaderElection.java:200)
	at org.apache.ratis.server.impl.LeaderElection.run(LeaderElection.java:130)
	at java.lang.Thread.run(Thread.java:748)
Caused by: org.apache.ratis.thirdparty.io.grpc.StatusRuntimeException: UNAVAILABLE: io exception
	at org.apache.ratis.thirdparty.io.grpc.stub.ClientCalls.toStatusRuntimeException(ClientCalls.java:233)
	at org.apache.ratis.thirdparty.io.grpc.stub.ClientCalls.getUnchecked(ClientCalls.java:214)
	at org.apache.ratis.thirdparty.io.grpc.stub.ClientCalls.blockingUnaryCall(ClientCalls.java:139)
	at org.apache.ratis.proto.grpc.RaftServerProtocolServiceGrpc$RaftServerProtocolServiceBlockingStub.requestVote(RaftServerProtocolServiceGrpc.java:265)
	at org.apache.ratis.grpc.server.GrpcServerProtocolClient.requestVote(GrpcServerProtocolClient.java:83)
	at org.apache.ratis.grpc.server.GrpcService.requestVote(GrpcService.java:195)
	at org.apache.ratis.server.impl.LeaderElection.lambda$submitRequests$1(LeaderElection.java:237)
	at java.util.concurrent.FutureTask.run(FutureTask.java:266)
	at java.util.concurrent.Executors$RunnableAdapter.call(Executors.java:511)
	at java.util.concurrent.FutureTask.run(FutureTask.java:266)
	at java.util.concurrent.ThreadPoolExecutor.runWorker(ThreadPoolExecutor.java:1149)
	at java.util.concurrent.ThreadPoolExecutor$Worker.run(ThreadPoolExecutor.java:624)
	... 1 more
Caused by: org.apache.ratis.thirdparty.io.netty.channel.AbstractChannel$AnnotatedConnectException: Connection refused: /192.168.69.84:33159
	at sun.nio.ch.SocketChannelImpl.checkConnect(Native Method)
	at sun.nio.ch.SocketChannelImpl.finishConnect(SocketChannelImpl.java:717)
	at org.apache.ratis.thirdparty.io.netty.channel.socket.nio.NioSocketChannel.doFinishConnect(NioSocketChannel.java:327)
	at org.apache.ratis.thirdparty.io.netty.channel.nio.AbstractNioChannel$AbstractNioUnsafe.finishConnect(AbstractNioChannel.java:340)
	at org.apache.ratis.thirdparty.io.netty.channel.nio.NioEventLoop.processSelectedKey(NioEventLoop.java:632)
	at org.apache.ratis.thirdparty.io.netty.channel.nio.NioEventLoop.processSelectedKeysOptimized(NioEventLoop.java:579)
	at org.apache.ratis.thirdparty.io.netty.channel.nio.NioEventLoop.processSelectedKeys(NioEventLoop.java:496)
	at org.apache.ratis.thirdparty.io.netty.channel.nio.NioEventLoop.run(NioEventLoop.java:458)
	at org.apache.ratis.thirdparty.io.netty.util.concurrent.SingleThreadEventExecutor$5.run(SingleThreadEventExecutor.java:897)
	at org.apache.ratis.thirdparty.io.netty.util.concurrent.FastThreadLocalRunnable.run(FastThreadLocalRunnable.java:30)
	... 1 more
Caused by: java.net.ConnectException: Connection refused
	... 11 more
2019-07-13 07:31:00,978 INFO  impl.LeaderElection (LogUtils.java:infoOrTrace(149)) -   Exception 1: {}
java.util.concurrent.ExecutionException: org.apache.ratis.thirdparty.io.grpc.StatusRuntimeException: UNAVAILABLE: io exception
	at java.util.concurrent.FutureTask.report(FutureTask.java:122)
	at java.util.concurrent.FutureTask.get(FutureTask.java:192)
	at org.apache.ratis.server.impl.LeaderElection.waitForResults(LeaderElection.java:262)
	at org.apache.ratis.server.impl.LeaderElection.askForVotes(LeaderElection.java:200)
	at org.apache.ratis.server.impl.LeaderElection.run(LeaderElection.java:130)
	at java.lang.Thread.run(Thread.java:748)
Caused by: org.apache.ratis.thirdparty.io.grpc.StatusRuntimeException: UNAVAILABLE: io exception
	at org.apache.ratis.thirdparty.io.grpc.stub.ClientCalls.toStatusRuntimeException(ClientCalls.java:233)
	at org.apache.ratis.thirdparty.io.grpc.stub.ClientCalls.getUnchecked(ClientCalls.java:214)
	at org.apache.ratis.thirdparty.io.grpc.stub.ClientCalls.blockingUnaryCall(ClientCalls.java:139)
	at org.apache.ratis.proto.grpc.RaftServerProtocolServiceGrpc$RaftServerProtocolServiceBlockingStub.requestVote(RaftServerProtocolServiceGrpc.java:265)
	at org.apache.ratis.grpc.server.GrpcServerProtocolClient.requestVote(GrpcServerProtocolClient.java:83)
	at org.apache.ratis.grpc.server.GrpcService.requestVote(GrpcService.java:195)
	at org.apache.ratis.server.impl.LeaderElection.lambda$submitRequests$1(LeaderElection.java:237)
	at java.util.concurrent.FutureTask.run(FutureTask.java:266)
	at java.util.concurrent.Executors$RunnableAdapter.call(Executors.java:511)
	at java.util.concurrent.FutureTask.run(FutureTask.java:266)
	at java.util.concurrent.ThreadPoolExecutor.runWorker(ThreadPoolExecutor.java:1149)
	at java.util.concurrent.ThreadPoolExecutor$Worker.run(ThreadPoolExecutor.java:624)
	... 1 more
Caused by: org.apache.ratis.thirdparty.io.netty.channel.AbstractChannel$AnnotatedConnectException: Connection refused: /192.168.69.84:35364
	at sun.nio.ch.SocketChannelImpl.checkConnect(Native Method)
	at sun.nio.ch.SocketChannelImpl.finishConnect(SocketChannelImpl.java:717)
	at org.apache.ratis.thirdparty.io.netty.channel.socket.nio.NioSocketChannel.doFinishConnect(NioSocketChannel.java:327)
	at org.apache.ratis.thirdparty.io.netty.channel.nio.AbstractNioChannel$AbstractNioUnsafe.finishConnect(AbstractNioChannel.java:340)
	at org.apache.ratis.thirdparty.io.netty.channel.nio.NioEventLoop.processSelectedKey(NioEventLoop.java:632)
	at org.apache.ratis.thirdparty.io.netty.channel.nio.NioEventLoop.processSelectedKeysOptimized(NioEventLoop.java:579)
	at org.apache.ratis.thirdparty.io.netty.channel.nio.NioEventLoop.processSelectedKeys(NioEventLoop.java:496)
	at org.apache.ratis.thirdparty.io.netty.channel.nio.NioEventLoop.run(NioEventLoop.java:458)
	at org.apache.ratis.thirdparty.io.netty.util.concurrent.SingleThreadEventExecutor$5.run(SingleThreadEventExecutor.java:897)
	at org.apache.ratis.thirdparty.io.netty.util.concurrent.FastThreadLocalRunnable.run(FastThreadLocalRunnable.java:30)
	... 1 more
Caused by: java.net.ConnectException: Connection refused
	... 11 more
2019-07-13 07:31:00,979 INFO  impl.RaftServerImpl (RaftServerImpl.java:setRole(171)) - fb233e29-eb29-4b58-9f9f-9362acac1024:group-B6F2163524F3 changes role from CANDIDATE to FOLLOWER at term 11 for DISCOVERED_A_NEW_TERM
2019-07-13 07:31:00,986 INFO  impl.RoleInfo (RoleInfo.java:shutdownLeaderElection(134)) - fb233e29-eb29-4b58-9f9f-9362acac1024: shutdown LeaderElection
2019-07-13 07:31:00,987 INFO  impl.RoleInfo (RoleInfo.java:updateAndGet(143)) - fb233e29-eb29-4b58-9f9f-9362acac1024: start FollowerState
2019-07-13 07:31:01,842 INFO  client.GrpcClientProtocolClient (GrpcClientProtocolClient.java:onNext(255)) - client-95024ED96938->fb233e29-eb29-4b58-9f9f-9362acac1024: receive RaftClientReply:client-95024ED96938->fb233e29-eb29-4b58-9f9f-9362acac1024@group-B6F2163524F3, cid=22, FAILED org.apache.ratis.protocol.NotLeaderException: Server fb233e29-eb29-4b58-9f9f-9362acac1024 is not the leader (null). Request must be sent to leader., logIndex=0, commits[fb233e29-eb29-4b58-9f9f-9362acac1024:c16, 2a65270f-ca9f-476c-bd95-098a2ebcf7cf:c16, 36c37c2c-d4a8-4ab0-a139-b83097af7aa6:c16]
2019-07-13 07:31:03,865 INFO  client.GrpcClientProtocolClient (GrpcClientProtocolClient.java:onNext(255)) - client-95024ED96938->fb233e29-eb29-4b58-9f9f-9362acac1024: receive RaftClientReply:client-95024ED96938->fb233e29-eb29-4b58-9f9f-9362acac1024@group-B6F2163524F3, cid=22, FAILED org.apache.ratis.protocol.NotLeaderException: Server fb233e29-eb29-4b58-9f9f-9362acac1024 is not the leader (null). Request must be sent to leader., logIndex=0, commits[fb233e29-eb29-4b58-9f9f-9362acac1024:c16, 2a65270f-ca9f-476c-bd95-098a2ebcf7cf:c16, 36c37c2c-d4a8-4ab0-a139-b83097af7aa6:c16]
2019-07-13 07:31:05,591 WARN  pipeline.RatisPipelineUtils (RatisPipelineUtils.java:destroyPipeline(66)) - Pipeline destroy failed for pipeline=PipelineID=7abd8fa8-1605-41d3-9936-a149beb1f5ec dn=2a65270f-ca9f-476c-bd95-098a2ebcf7cf{ip: 192.168.69.84, host: trunk-nightly-9lh4p-2362225927, networkLocation: /default-rack, certSerialId: null}
2019-07-13 07:31:05,595 INFO  pipeline.PipelineStateManager (PipelineStateManager.java:removePipeline(108)) - Pipeline Pipeline[ Id: 7abd8fa8-1605-41d3-9936-a149beb1f5ec, Nodes: 2a65270f-ca9f-476c-bd95-098a2ebcf7cf{ip: 192.168.69.84, host: trunk-nightly-9lh4p-2362225927, networkLocation: /default-rack, certSerialId: null}, Type:RATIS, Factor:ONE, State:CLOSED] removed from db
2019-07-13 07:31:05,600 WARN  pipeline.RatisPipelineUtils (RatisPipelineUtils.java:destroyPipeline(66)) - Pipeline destroy failed for pipeline=PipelineID=fc2d85db-31ad-44fd-8020-b6f2163524f3 dn=2a65270f-ca9f-476c-bd95-098a2ebcf7cf{ip: 192.168.69.84, host: trunk-nightly-9lh4p-2362225927, networkLocation: /default-rack, certSerialId: null}
2019-07-13 07:31:05,603 WARN  pipeline.RatisPipelineUtils (RatisPipelineUtils.java:destroyPipeline(66)) - Pipeline destroy failed for pipeline=PipelineID=fc2d85db-31ad-44fd-8020-b6f2163524f3 dn=36c37c2c-d4a8-4ab0-a139-b83097af7aa6{ip: 192.168.69.84, host: trunk-nightly-9lh4p-2362225927, networkLocation: /default-rack, certSerialId: null}
2019-07-13 07:31:05,613 INFO  impl.RaftServerProxy (RaftServerProxy.java:remove(95)) - fb233e29-eb29-4b58-9f9f-9362acac1024: remove FOLLOWER group-B6F2163524F3 fb233e29-eb29-4b58-9f9f-9362acac1024:t11, leader=null, voted=fb233e29-eb29-4b58-9f9f-9362acac1024, raftlog=fb233e29-eb29-4b58-9f9f-9362acac1024-SegmentedRaftLog:OPENED:c16,f16,i16, conf=0: [fb233e29-eb29-4b58-9f9f-9362acac1024:192.168.69.84:42684, 2a65270f-ca9f-476c-bd95-098a2ebcf7cf:192.168.69.84:33159, 36c37c2c-d4a8-4ab0-a139-b83097af7aa6:192.168.69.84:35364], old=null RUNNING
2019-07-13 07:31:05,617 INFO  impl.RaftServerImpl (RaftServerImpl.java:lambda$shutdown$3(245)) - fb233e29-eb29-4b58-9f9f-9362acac1024: shutdown group-B6F2163524F3
2019-07-13 07:31:05,618 INFO  util.JmxRegister (JmxRegister.java:unregister(73)) - Successfully un-registered JMX Bean with object name Ratis:service=RaftServer,group=group-B6F2163524F3,id=fb233e29-eb29-4b58-9f9f-9362acac1024
2019-07-13 07:31:05,618 INFO  impl.RoleInfo (RoleInfo.java:shutdownFollowerState(121)) - fb233e29-eb29-4b58-9f9f-9362acac1024: shutdown FollowerState
2019-07-13 07:31:05,618 INFO  impl.StateMachineUpdater (StateMachineUpdater.java:stopAndJoin(115)) - StateMachineUpdater:fb233e29-eb29-4b58-9f9f-9362acac1024:group-B6F2163524F3: set stopIndex = 16
2019-07-13 07:31:05,618 INFO  impl.FollowerState (FollowerState.java:run(114)) - fb233e29-eb29-4b58-9f9f-9362acac1024: FollowerState was interrupted: java.lang.InterruptedException: sleep interrupted
2019-07-13 07:31:05,618 INFO  ratis.ContainerStateMachine (ContainerStateMachine.java:takeSnapshot(246)) - Taking snapshot at termIndex:(t:1, i:14)
2019-07-13 07:31:05,623 INFO  ratis.ContainerStateMachine (ContainerStateMachine.java:takeSnapshot(250)) - Taking a snapshot to file /tmp/workdir/hadoop-ozone/integration-test/target/test-dir/MiniOzoneClusterImpl-a1dc88e9-0fc1-4510-915a-29af8445f733/datanode-3/data/ratis/fc2d85db-31ad-44fd-8020-b6f2163524f3/sm/snapshot.1_14
2019-07-13 07:31:05,623 INFO  impl.StateMachineUpdater (StateMachineUpdater.java:takeSnapshot(242)) - StateMachineUpdater:fb233e29-eb29-4b58-9f9f-9362acac1024:group-B6F2163524F3: Took a snapshot at index 14
2019-07-13 07:31:05,623 INFO  impl.StateMachineUpdater (StateMachineUpdater.java:lambda$new$0(80)) - StateMachineUpdater:fb233e29-eb29-4b58-9f9f-9362acac1024:group-B6F2163524F3: snapshotIndex: updateIncreasingly -1 -> 14
2019-07-13 07:31:05,624 INFO  impl.RaftServerImpl (ServerState.java:close(394)) - fb233e29-eb29-4b58-9f9f-9362acac1024:group-B6F2163524F3 closes. The last applied log index is 16
2019-07-13 07:31:05,625 INFO  segmented.SegmentedRaftLogWorker (SegmentedRaftLogWorker.java:run(313)) - fb233e29-eb29-4b58-9f9f-9362acac1024-SegmentedRaftLogWorker:Storage Directory /tmp/workdir/hadoop-ozone/integration-test/target/test-dir/MiniOzoneClusterImpl-a1dc88e9-0fc1-4510-915a-29af8445f733/datanode-3/data/ratis/fc2d85db-31ad-44fd-8020-b6f2163524f3 was interrupted, exiting. There are 0 tasks remaining in the queue.
2019-07-13 07:31:05,627 INFO  segmented.SegmentedRaftLogWorker (SegmentedRaftLogWorker.java:close(228)) - fb233e29-eb29-4b58-9f9f-9362acac1024-SegmentedRaftLogWorker:Storage Directory /tmp/workdir/hadoop-ozone/integration-test/target/test-dir/MiniOzoneClusterImpl-a1dc88e9-0fc1-4510-915a-29af8445f733/datanode-3/data/ratis/fc2d85db-31ad-44fd-8020-b6f2163524f3 close()
2019-07-13 07:31:05,642 INFO  pipeline.PipelineStateManager (PipelineStateManager.java:removePipeline(108)) - Pipeline Pipeline[ Id: fc2d85db-31ad-44fd-8020-b6f2163524f3, Nodes: 2a65270f-ca9f-476c-bd95-098a2ebcf7cf{ip: 192.168.69.84, host: trunk-nightly-9lh4p-2362225927, networkLocation: /default-rack, certSerialId: null}36c37c2c-d4a8-4ab0-a139-b83097af7aa6{ip: 192.168.69.84, host: trunk-nightly-9lh4p-2362225927, networkLocation: /default-rack, certSerialId: null}fb233e29-eb29-4b58-9f9f-9362acac1024{ip: 192.168.69.84, host: trunk-nightly-9lh4p-2362225927, networkLocation: /default-rack, certSerialId: null}, Type:RATIS, Factor:THREE, State:CLOSED] removed from db
2019-07-13 07:31:06,530 INFO  impl.RaftServerProxy (RaftServerProxy.java:remove(95)) - fb233e29-eb29-4b58-9f9f-9362acac1024: remove group-B6F2163524F3:null
2019-07-13 07:31:06,592 ERROR pipeline.PipelineReportHandler (PipelineReportHandler.java:onMessage(82)) - Could not process pipeline report=pipelineID {
  id: "fc2d85db-31ad-44fd-8020-b6f2163524f3"
}
 from dn=fb233e29-eb29-4b58-9f9f-9362acac1024{ip: 192.168.69.84, host: trunk-nightly-9lh4p-2362225927, networkLocation: /default-rack, certSerialId: null} {}
org.apache.ratis.protocol.GroupMismatchException: fb233e29-eb29-4b58-9f9f-9362acac1024: Group group-B6F2163524F3 not found.
	at org.apache.ratis.server.impl.RaftServerProxy.groupRemoveAsync(RaftServerProxy.java:402)
	at org.apache.ratis.server.impl.RaftServerProxy.groupManagementAsync(RaftServerProxy.java:367)
	at org.apache.ratis.grpc.server.GrpcAdminProtocolService.lambda$groupManagement$0(GrpcAdminProtocolService.java:42)
	at org.apache.ratis.grpc.GrpcUtil.asyncCall(GrpcUtil.java:140)
	at org.apache.ratis.grpc.server.GrpcAdminProtocolService.groupManagement(GrpcAdminProtocolService.java:42)
	at org.apache.ratis.proto.grpc.AdminProtocolServiceGrpc$MethodHandlers.invoke(AdminProtocolServiceGrpc.java:361)
	at org.apache.ratis.thirdparty.io.grpc.stub.ServerCalls$UnaryServerCallHandler$UnaryServerCallListener.onHalfClose(ServerCalls.java:171)
	at org.apache.ratis.thirdparty.io.grpc.internal.ServerCallImpl$ServerStreamListenerImpl.halfClosed(ServerCallImpl.java:283)
	at org.apache.ratis.thirdparty.io.grpc.internal.ServerImpl$JumpToApplicationThreadServerStreamListener$1HalfClosed.runInContext(ServerImpl.java:710)
	at org.apache.ratis.thirdparty.io.grpc.internal.ContextRunnable.run(ContextRunnable.java:37)
	at org.apache.ratis.thirdparty.io.grpc.internal.SerializingExecutor.run(SerializingExecutor.java:123)
	at java.util.concurrent.ThreadPoolExecutor.runWorker(ThreadPoolExecutor.java:1149)
	at java.util.concurrent.ThreadPoolExecutor$Worker.run(ThreadPoolExecutor.java:624)
	at java.lang.Thread.run(Thread.java:748)
2019-07-13 07:31:07,920 WARN  io.KeyOutputStream (KeyOutputStream.java:handleException(276)) - Encountered exception java.io.IOException: Unexpected Storage Container Exception: java.util.concurrent.CompletionException: java.util.concurrent.CompletionException: org.apache.ratis.protocol.GroupMismatchException: fb233e29-eb29-4b58-9f9f-9362acac1024: group-B6F2163524F3 not found. on the pipeline Pipeline[ Id: fc2d85db-31ad-44fd-8020-b6f2163524f3, Nodes: 2a65270f-ca9f-476c-bd95-098a2ebcf7cf{ip: 192.168.69.84, host: trunk-nightly-9lh4p-2362225927, networkLocation: /default-rack, certSerialId: null}36c37c2c-d4a8-4ab0-a139-b83097af7aa6{ip: 192.168.69.84, host: trunk-nightly-9lh4p-2362225927, networkLocation: /default-rack, certSerialId: null}fb233e29-eb29-4b58-9f9f-9362acac1024{ip: 192.168.69.84, host: trunk-nightly-9lh4p-2362225927, networkLocation: /default-rack, certSerialId: null}, Type:RATIS, Factor:THREE, State:OPEN]. The last committed block length is 450, uncommitted data length is 350 retry count 0
2019-07-13 07:31:07,971 INFO  client.GrpcClientProtocolClient (GrpcClientProtocolClient.java:onNext(255)) - client-CC8443815F1A->95846af1-48a0-42db-928b-3dac479c6fa5: receive RaftClientReply:client-CC8443815F1A->95846af1-48a0-42db-928b-3dac479c6fa5@group-E129051EED46, cid=33, FAILED org.apache.ratis.protocol.NotLeaderException: Server 95846af1-48a0-42db-928b-3dac479c6fa5 is not the leader (6d791af3-858d-45e1-a270-6cc8d61491a9:192.168.69.84:44936). Request must be sent to leader., logIndex=0, commits[95846af1-48a0-42db-928b-3dac479c6fa5:c0, 421489f5-e73a-44dd-9dcb-3dbe44b16c83:c0, 6d791af3-858d-45e1-a270-6cc8d61491a9:c0]
2019-07-13 07:31:08,085 INFO  client.GrpcClientProtocolClient (GrpcClientProtocolClient.java:onNext(255)) - client-CC8443815F1A->6d791af3-858d-45e1-a270-6cc8d61491a9: receive RaftClientReply:client-CC8443815F1A->6d791af3-858d-45e1-a270-6cc8d61491a9@group-E129051EED46, cid=33, SUCCESS, logIndex=1, commits[6d791af3-858d-45e1-a270-6cc8d61491a9:c1, 95846af1-48a0-42db-928b-3dac479c6fa5:c0, 421489f5-e73a-44dd-9dcb-3dbe44b16c83:c0]
2019-07-13 07:31:08,111 INFO  client.GrpcClientProtocolClient (GrpcClientProtocolClient.java:onNext(255)) - client-CC8443815F1A->6d791af3-858d-45e1-a270-6cc8d61491a9: receive RaftClientReply:client-CC8443815F1A->6d791af3-858d-45e1-a270-6cc8d61491a9@group-E129051EED46, cid=34, SUCCESS, logIndex=3, commits[6d791af3-858d-45e1-a270-6cc8d61491a9:c4, 95846af1-48a0-42db-928b-3dac479c6fa5:c1, 421489f5-e73a-44dd-9dcb-3dbe44b16c83:c2]
2019-07-13 07:31:08,162 INFO  client.GrpcClientProtocolClient (GrpcClientProtocolClient.java:onNext(255)) - client-CC8443815F1A->6d791af3-858d-45e1-a270-6cc8d61491a9: receive RaftClientReply:client-CC8443815F1A->6d791af3-858d-45e1-a270-6cc8d61491a9@group-E129051EED46, cid=35, SUCCESS, logIndex=4, commits[6d791af3-858d-45e1-a270-6cc8d61491a9:c12, 95846af1-48a0-42db-928b-3dac479c6fa5:c7, 421489f5-e73a-44dd-9dcb-3dbe44b16c83:c7]
2019-07-13 07:31:08,164 INFO  client.GrpcClientProtocolClient (GrpcClientProtocolClient.java:onNext(255)) - client-CC8443815F1A->6d791af3-858d-45e1-a270-6cc8d61491a9: receive RaftClientReply:client-CC8443815F1A->6d791af3-858d-45e1-a270-6cc8d61491a9@group-E129051EED46, cid=36, SUCCESS, logIndex=5, commits[6d791af3-858d-45e1-a270-6cc8d61491a9:c12, 95846af1-48a0-42db-928b-3dac479c6fa5:c7, 421489f5-e73a-44dd-9dcb-3dbe44b16c83:c7]
2019-07-13 07:31:08,165 INFO  client.GrpcClientProtocolClient (GrpcClientProtocolClient.java:onNext(255)) - client-CC8443815F1A->6d791af3-858d-45e1-a270-6cc8d61491a9: receive RaftClientReply:client-CC8443815F1A->6d791af3-858d-45e1-a270-6cc8d61491a9@group-E129051EED46, cid=37, SUCCESS, logIndex=6, commits[6d791af3-858d-45e1-a270-6cc8d61491a9:c12, 95846af1-48a0-42db-928b-3dac479c6fa5:c7, 421489f5-e73a-44dd-9dcb-3dbe44b16c83:c7]
2019-07-13 07:31:08,237 INFO  client.GrpcClientProtocolClient (GrpcClientProtocolClient.java:onNext(255)) - client-CC8443815F1A->6d791af3-858d-45e1-a270-6cc8d61491a9: receive RaftClientReply:client-CC8443815F1A->6d791af3-858d-45e1-a270-6cc8d61491a9@group-E129051EED46, cid=38, SUCCESS, logIndex=7, commits[6d791af3-858d-45e1-a270-6cc8d61491a9:c12, 95846af1-48a0-42db-928b-3dac479c6fa5:c7, 421489f5-e73a-44dd-9dcb-3dbe44b16c83:c7]
2019-07-13 07:31:08,269 INFO  client.GrpcClientProtocolClient (GrpcClientProtocolClient.java:onNext(255)) - client-CC8443815F1A->6d791af3-858d-45e1-a270-6cc8d61491a9: receive RaftClientReply:client-CC8443815F1A->6d791af3-858d-45e1-a270-6cc8d61491a9@group-E129051EED46, cid=39, SUCCESS, logIndex=13, commits[6d791af3-858d-45e1-a270-6cc8d61491a9:c14, 95846af1-48a0-42db-928b-3dac479c6fa5:c12, 421489f5-e73a-44dd-9dcb-3dbe44b16c83:c12]
2019-07-13 07:31:08,271 INFO  client.GrpcClientProtocolClient (GrpcClientProtocolClient.java:onNext(255)) - client-CC8443815F1A->6d791af3-858d-45e1-a270-6cc8d61491a9: receive RaftClientReply:client-CC8443815F1A->6d791af3-858d-45e1-a270-6cc8d61491a9@group-E129051EED46, cid=40, SUCCESS, logIndex=14, commits[6d791af3-858d-45e1-a270-6cc8d61491a9:c14, 95846af1-48a0-42db-928b-3dac479c6fa5:c12, 421489f5-e73a-44dd-9dcb-3dbe44b16c83:c12]
2019-07-13 07:31:08,282 INFO  client.GrpcClientProtocolClient (GrpcClientProtocolClient.java:onNext(255)) - client-CC8443815F1A->6d791af3-858d-45e1-a270-6cc8d61491a9: receive RaftClientReply:client-CC8443815F1A->6d791af3-858d-45e1-a270-6cc8d61491a9@group-E129051EED46, cid=41, SUCCESS, logIndex=0, commits[6d791af3-858d-45e1-a270-6cc8d61491a9:c16, 95846af1-48a0-42db-928b-3dac479c6fa5:c14, 421489f5-e73a-44dd-9dcb-3dbe44b16c83:c14]
2019-07-13 07:31:08,343 INFO  pipeline.Pipeline (Pipeline.java:getProtobufMessage(195)) - Serialize pipeline PipelineID=c5c1eade-76ae-43cc-84c9-e129051eed46 with nodesInOrder{ }
2019-07-13 07:31:08,350 INFO  ozone.MiniOzoneClusterImpl (MiniOzoneClusterImpl.java:shutdown(321)) - Shutting down the Mini Ozone Cluster
2019-07-13 07:31:08,351 INFO  ozone.MiniOzoneClusterImpl (MiniOzoneClusterImpl.java:stop(336)) - Stopping the Mini Ozone Cluster
2019-07-13 07:31:08,351 INFO  ozone.MiniOzoneClusterImpl (MiniOzoneClusterImpl.java:stop(338)) - Stopping the OzoneManager
2019-07-13 07:31:08,351 INFO  ipc.Server (Server.java:stop(3082)) - Stopping server on 36765
2019-07-13 07:31:08,360 INFO  ipc.Server (Server.java:run(1185)) - Stopping IPC Server listener on 36765
2019-07-13 07:31:08,361 INFO  utils.BackgroundService (BackgroundService.java:shutdown(148)) - Shutting down service KeyDeletingService
2019-07-13 07:31:08,366 INFO  ipc.Server (Server.java:run(1319)) - Stopping IPC Server Responder
2019-07-13 07:31:08,390 INFO  handler.ContextHandler (ContextHandler.java:doStop(910)) - Stopped o.e.j.w.WebAppContext@1b9c1b51{/,null,UNAVAILABLE}{/ozoneManager}
2019-07-13 07:31:08,398 INFO  server.AbstractConnector (AbstractConnector.java:doStop(318)) - Stopped ServerConnector@2e52fb3e{HTTP/1.1,[http/1.1]}{0.0.0.0:0}
2019-07-13 07:31:08,398 INFO  handler.ContextHandler (ContextHandler.java:doStop(910)) - Stopped o.e.j.s.ServletContextHandler@35c09b94{/static,file:///tmp/workdir/hadoop-ozone/integration-test/target/test-classes/webapps/static,UNAVAILABLE}
2019-07-13 07:31:08,399 INFO  handler.ContextHandler (ContextHandler.java:doStop(910)) - Stopped o.e.j.s.ServletContextHandler@6ac97b84{/logs,file:///tmp/workdir/hadoop-ozone/integration-test/target/log,UNAVAILABLE}
2019-07-13 07:31:08,413 INFO  ozone.MiniOzoneClusterImpl (MiniOzoneClusterImpl.java:stop(344)) - Shutting the HddsDatanodes
2019-07-13 07:31:08,414 INFO  datanode.ObjectStoreHandler (ObjectStoreHandler.java:close(155)) - Closing ObjectStoreHandler.
2019-07-13 07:31:08,414 INFO  datanode.ObjectStoreHandler (ObjectStoreHandler.java:close(155)) - Closing ObjectStoreHandler.
2019-07-13 07:31:08,416 INFO  ozone.HddsDatanodeService (HddsDatanodeService.java:stop(452)) - Stopped plug-in org.apache.hadoop.ozone.web.OzoneHddsDatanodeService@15d236fd
2019-07-13 07:31:08,416 INFO  ozone.HddsDatanodeService (HddsDatanodeService.java:stop(452)) - Stopped plug-in org.apache.hadoop.ozone.web.OzoneHddsDatanodeService@5729b410
2019-07-13 07:31:08,906 INFO  statemachine.DatanodeStateMachine (DatanodeStateMachine.java:lambda$startDaemon$0(350)) - Ozone container server started.
2019-07-13 07:31:09,064 INFO  statemachine.DatanodeStateMachine (DatanodeStateMachine.java:lambda$startDaemon$0(350)) - Ozone container server started.
2019-07-13 07:31:10,485 WARN  pipeline.RatisPipelineUtils (RatisPipelineUtils.java:destroyPipeline(66)) - Pipeline destroy failed for pipeline=PipelineID=fc2d85db-31ad-44fd-8020-b6f2163524f3 dn=2a65270f-ca9f-476c-bd95-098a2ebcf7cf{ip: 192.168.69.84, host: trunk-nightly-9lh4p-2362225927, networkLocation: /default-rack, certSerialId: null}
2019-07-13 07:31:10,489 WARN  pipeline.RatisPipelineUtils (RatisPipelineUtils.java:destroyPipeline(66)) - Pipeline destroy failed for pipeline=PipelineID=fc2d85db-31ad-44fd-8020-b6f2163524f3 dn=36c37c2c-d4a8-4ab0-a139-b83097af7aa6{ip: 192.168.69.84, host: trunk-nightly-9lh4p-2362225927, networkLocation: /default-rack, certSerialId: null}
2019-07-13 07:31:10,505 INFO  impl.RaftServerProxy (RaftServerProxy.java:remove(95)) - fb233e29-eb29-4b58-9f9f-9362acac1024: remove group-B6F2163524F3:null
2019-07-13 07:31:10,516 WARN  pipeline.RatisPipelineUtils (RatisPipelineUtils.java:destroyPipeline(66)) - Pipeline destroy failed for pipeline=PipelineID=fc2d85db-31ad-44fd-8020-b6f2163524f3 dn=fb233e29-eb29-4b58-9f9f-9362acac1024{ip: 192.168.69.84, host: trunk-nightly-9lh4p-2362225927, networkLocation: /default-rack, certSerialId: null}
2019-07-13 07:31:10,517 ERROR pipeline.SCMPipelineManager (Scheduler.java:lambda$schedule$1(70)) - Destroy pipeline failed for pipeline:Pipeline[ Id: fc2d85db-31ad-44fd-8020-b6f2163524f3, Nodes: 2a65270f-ca9f-476c-bd95-098a2ebcf7cf{ip: 192.168.69.84, host: trunk-nightly-9lh4p-2362225927, networkLocation: /default-rack, certSerialId: null}36c37c2c-d4a8-4ab0-a139-b83097af7aa6{ip: 192.168.69.84, host: trunk-nightly-9lh4p-2362225927, networkLocation: /default-rack, certSerialId: null}fb233e29-eb29-4b58-9f9f-9362acac1024{ip: 192.168.69.84, host: trunk-nightly-9lh4p-2362225927, networkLocation: /default-rack, certSerialId: null}, Type:RATIS, Factor:THREE, State:CLOSED]
org.apache.hadoop.hdds.scm.pipeline.PipelineNotFoundException: PipelineID=fc2d85db-31ad-44fd-8020-b6f2163524f3 not found
	at org.apache.hadoop.hdds.scm.pipeline.PipelineStateMap.getPipeline(PipelineStateMap.java:132)
	at org.apache.hadoop.hdds.scm.pipeline.PipelineStateMap.removePipeline(PipelineStateMap.java:322)
	at org.apache.hadoop.hdds.scm.pipeline.PipelineStateManager.removePipeline(PipelineStateManager.java:107)
	at org.apache.hadoop.hdds.scm.pipeline.SCMPipelineManager.removePipeline(SCMPipelineManager.java:397)
	at org.apache.hadoop.hdds.scm.pipeline.SCMPipelineManager.destroyPipeline(SCMPipelineManager.java:383)
	at org.apache.hadoop.hdds.scm.pipeline.SCMPipelineManager.lambda$finalizeAndDestroyPipeline$0(SCMPipelineManager.java:316)
	at org.apache.hadoop.utils.Scheduler.lambda$schedule$1(Scheduler.java:68)
	at java.util.concurrent.Executors$RunnableAdapter.call(Executors.java:511)
	at java.util.concurrent.FutureTask.run(FutureTask.java:266)
	at java.util.concurrent.ScheduledThreadPoolExecutor$ScheduledFutureTask.access$201(ScheduledThreadPoolExecutor.java:180)
	at java.util.concurrent.ScheduledThreadPoolExecutor$ScheduledFutureTask.run(ScheduledThreadPoolExecutor.java:293)
	at java.util.concurrent.ThreadPoolExecutor.runWorker(ThreadPoolExecutor.java:1149)
	at java.util.concurrent.ThreadPoolExecutor$Worker.run(ThreadPoolExecutor.java:624)
	at java.lang.Thread.run(Thread.java:748)
2019-07-13 07:31:10,520 WARN  pipeline.RatisPipelineUtils (RatisPipelineUtils.java:destroyPipeline(66)) - Pipeline destroy failed for pipeline=PipelineID=94c61439-485b-4d45-9de2-6c768a4ef2b8 dn=36c37c2c-d4a8-4ab0-a139-b83097af7aa6{ip: 192.168.69.84, host: trunk-nightly-9lh4p-2362225927, networkLocation: /default-rack, certSerialId: null}
2019-07-13 07:31:10,521 INFO  pipeline.PipelineStateManager (PipelineStateManager.java:removePipeline(108)) - Pipeline Pipeline[ Id: 94c61439-485b-4d45-9de2-6c768a4ef2b8, Nodes: 36c37c2c-d4a8-4ab0-a139-b83097af7aa6{ip: 192.168.69.84, host: trunk-nightly-9lh4p-2362225927, networkLocation: /default-rack, certSerialId: null}, Type:RATIS, Factor:ONE, State:CLOSED] removed from db
2019-07-13 07:31:12,997 INFO  node.StaleNodeHandler (StaleNodeHandler.java:onMessage(58)) - Datanode 65673497-0e17-48a1-b5b2-41721efc9fc5{ip: 192.168.69.84, host: trunk-nightly-9lh4p-2362225927, networkLocation: /default-rack, certSerialId: null} moved to stale state. Finalizing its pipelines [PipelineID=8335da15-db22-43db-8634-2c8ece64b847]
2019-07-13 07:31:13,000 INFO  pipeline.SCMPipelineManager (SCMPipelineManager.java:finalizeAndDestroyPipeline(309)) - destroying pipeline:Pipeline[ Id: 8335da15-db22-43db-8634-2c8ece64b847, Nodes: 65673497-0e17-48a1-b5b2-41721efc9fc5{ip: 192.168.69.84, host: trunk-nightly-9lh4p-2362225927, networkLocation: /default-rack, certSerialId: null}, Type:RATIS, Factor:ONE, State:OPEN]
2019-07-13 07:31:13,000 INFO  pipeline.PipelineStateManager (PipelineStateManager.java:finalizePipeline(123)) - Pipeline Pipeline[ Id: 8335da15-db22-43db-8634-2c8ece64b847, Nodes: 65673497-0e17-48a1-b5b2-41721efc9fc5{ip: 192.168.69.84, host: trunk-nightly-9lh4p-2362225927, networkLocation: /default-rack, certSerialId: null}, Type:RATIS, Factor:ONE, State:CLOSED] moved to CLOSED state
2019-07-13 07:31:13,097 INFO  node.StaleNodeHandler (StaleNodeHandler.java:onMessage(58)) - Datanode 95846af1-48a0-42db-928b-3dac479c6fa5{ip: 192.168.69.84, host: trunk-nightly-9lh4p-2362225927, networkLocation: /default-rack, certSerialId: null} moved to stale state. Finalizing its pipelines [PipelineID=c5c1eade-76ae-43cc-84c9-e129051eed46, PipelineID=ba4c2eca-b9a1-4189-bc0c-b06ac297d880]
2019-07-13 07:31:13,097 INFO  pipeline.SCMPipelineManager (SCMPipelineManager.java:finalizeAndDestroyPipeline(309)) - destroying pipeline:Pipeline[ Id: c5c1eade-76ae-43cc-84c9-e129051eed46, Nodes: 95846af1-48a0-42db-928b-3dac479c6fa5{ip: 192.168.69.84, host: trunk-nightly-9lh4p-2362225927, networkLocation: /default-rack, certSerialId: null}421489f5-e73a-44dd-9dcb-3dbe44b16c83{ip: 192.168.69.84, host: trunk-nightly-9lh4p-2362225927, networkLocation: /default-rack, certSerialId: null}6d791af3-858d-45e1-a270-6cc8d61491a9{ip: 192.168.69.84, host: trunk-nightly-9lh4p-2362225927, networkLocation: /default-rack, certSerialId: null}, Type:RATIS, Factor:THREE, State:OPEN]
2019-07-13 07:31:13,098 INFO  pipeline.PipelineStateManager (PipelineStateManager.java:finalizePipeline(123)) - Pipeline Pipeline[ Id: c5c1eade-76ae-43cc-84c9-e129051eed46, Nodes: 95846af1-48a0-42db-928b-3dac479c6fa5{ip: 192.168.69.84, host: trunk-nightly-9lh4p-2362225927, networkLocation: /default-rack, certSerialId: null}421489f5-e73a-44dd-9dcb-3dbe44b16c83{ip: 192.168.69.84, host: trunk-nightly-9lh4p-2362225927, networkLocation: /default-rack, certSerialId: null}6d791af3-858d-45e1-a270-6cc8d61491a9{ip: 192.168.69.84, host: trunk-nightly-9lh4p-2362225927, networkLocation: /default-rack, certSerialId: null}, Type:RATIS, Factor:THREE, State:CLOSED] moved to CLOSED state
2019-07-13 07:31:13,098 INFO  pipeline.SCMPipelineManager (SCMPipelineManager.java:finalizeAndDestroyPipeline(309)) - destroying pipeline:Pipeline[ Id: ba4c2eca-b9a1-4189-bc0c-b06ac297d880, Nodes: 95846af1-48a0-42db-928b-3dac479c6fa5{ip: 192.168.69.84, host: trunk-nightly-9lh4p-2362225927, networkLocation: /default-rack, certSerialId: null}, Type:RATIS, Factor:ONE, State:OPEN]
2019-07-13 07:31:13,098 INFO  container.CloseContainerEventHandler (CloseContainerEventHandler.java:onMessage(61)) - Close container Event triggered for container : #2
2019-07-13 07:31:13,100 INFO  pipeline.PipelineStateManager (PipelineStateManager.java:finalizePipeline(123)) - Pipeline Pipeline[ Id: ba4c2eca-b9a1-4189-bc0c-b06ac297d880, Nodes: 95846af1-48a0-42db-928b-3dac479c6fa5{ip: 192.168.69.84, host: trunk-nightly-9lh4p-2362225927, networkLocation: /default-rack, certSerialId: null}, Type:RATIS, Factor:ONE, State:CLOSED] moved to CLOSED state
2019-07-13 07:31:13,417 INFO  ozoneimpl.OzoneContainer (OzoneContainer.java:stop(199)) - Attempting to stop container services.
2019-07-13 07:31:13,418 INFO  impl.RaftServerProxy (RaftServerProxy.java:lambda$close$4(314)) - 65673497-0e17-48a1-b5b2-41721efc9fc5: close
2019-07-13 07:31:13,418 INFO  impl.RaftServerImpl (RaftServerImpl.java:lambda$shutdown$3(245)) - 65673497-0e17-48a1-b5b2-41721efc9fc5: shutdown group-2C8ECE64B847
2019-07-13 07:31:13,419 INFO  ozoneimpl.OzoneContainer (OzoneContainer.java:stop(199)) - Attempting to stop container services.
2019-07-13 07:31:13,419 INFO  util.JmxRegister (JmxRegister.java:unregister(73)) - Successfully un-registered JMX Bean with object name Ratis:service=RaftServer,group=group-2C8ECE64B847,id=65673497-0e17-48a1-b5b2-41721efc9fc5
2019-07-13 07:31:13,419 INFO  impl.RaftServerProxy (RaftServerProxy.java:lambda$close$4(314)) - 95846af1-48a0-42db-928b-3dac479c6fa5: close
2019-07-13 07:31:13,419 INFO  impl.RoleInfo (RoleInfo.java:shutdownLeaderState(104)) - 65673497-0e17-48a1-b5b2-41721efc9fc5: shutdown LeaderState
2019-07-13 07:31:13,420 INFO  impl.RaftServerImpl (RaftServerImpl.java:lambda$shutdown$3(245)) - 95846af1-48a0-42db-928b-3dac479c6fa5: shutdown group-E129051EED46
2019-07-13 07:31:13,420 INFO  impl.PendingRequests (PendingRequests.java:sendNotLeaderResponses(202)) - 65673497-0e17-48a1-b5b2-41721efc9fc5-PendingRequests: sendNotLeaderResponses
2019-07-13 07:31:13,420 INFO  util.JmxRegister (JmxRegister.java:unregister(73)) - Successfully un-registered JMX Bean with object name Ratis:service=RaftServer,group=group-E129051EED46,id=95846af1-48a0-42db-928b-3dac479c6fa5
2019-07-13 07:31:13,421 INFO  ratis.ContainerStateMachine (ContainerStateMachine.java:takeSnapshot(246)) - Taking snapshot at termIndex:(t:0, i:~)
2019-07-13 07:31:13,421 INFO  impl.StateMachineUpdater (StateMachineUpdater.java:stopAndJoin(115)) - StateMachineUpdater:65673497-0e17-48a1-b5b2-41721efc9fc5:group-2C8ECE64B847: set stopIndex = 0
2019-07-13 07:31:13,422 INFO  impl.RaftServerImpl (ServerState.java:close(394)) - 65673497-0e17-48a1-b5b2-41721efc9fc5:group-2C8ECE64B847 closes. The last applied log index is 0
2019-07-13 07:31:13,421 INFO  impl.RoleInfo (RoleInfo.java:shutdownFollowerState(121)) - 95846af1-48a0-42db-928b-3dac479c6fa5: shutdown FollowerState
2019-07-13 07:31:13,423 INFO  impl.StateMachineUpdater (StateMachineUpdater.java:stopAndJoin(115)) - StateMachineUpdater:95846af1-48a0-42db-928b-3dac479c6fa5:group-E129051EED46: set stopIndex = 16
2019-07-13 07:31:13,423 INFO  impl.FollowerState (FollowerState.java:run(114)) - 95846af1-48a0-42db-928b-3dac479c6fa5: FollowerState was interrupted: java.lang.InterruptedException: sleep interrupted
2019-07-13 07:31:13,423 INFO  ratis.ContainerStateMachine (ContainerStateMachine.java:takeSnapshot(246)) - Taking snapshot at termIndex:(t:1, i:14)
2019-07-13 07:31:13,423 INFO  segmented.SegmentedRaftLogWorker (SegmentedRaftLogWorker.java:run(313)) - 65673497-0e17-48a1-b5b2-41721efc9fc5-SegmentedRaftLogWorker:Storage Directory /tmp/workdir/hadoop-ozone/integration-test/target/test-dir/MiniOzoneClusterImpl-a1dc88e9-0fc1-4510-915a-29af8445f733/datanode-4/data/ratis/8335da15-db22-43db-8634-2c8ece64b847 was interrupted, exiting. There are 0 tasks remaining in the queue.
2019-07-13 07:31:13,424 INFO  ratis.ContainerStateMachine (ContainerStateMachine.java:takeSnapshot(250)) - Taking a snapshot to file /tmp/workdir/hadoop-ozone/integration-test/target/test-dir/MiniOzoneClusterImpl-a1dc88e9-0fc1-4510-915a-29af8445f733/datanode-1/data/ratis/c5c1eade-76ae-43cc-84c9-e129051eed46/sm/snapshot.1_14
2019-07-13 07:31:13,426 INFO  segmented.SegmentedRaftLogWorker (SegmentedRaftLogWorker.java:close(228)) - 65673497-0e17-48a1-b5b2-41721efc9fc5-SegmentedRaftLogWorker:Storage Directory /tmp/workdir/hadoop-ozone/integration-test/target/test-dir/MiniOzoneClusterImpl-a1dc88e9-0fc1-4510-915a-29af8445f733/datanode-4/data/ratis/8335da15-db22-43db-8634-2c8ece64b847 close()
2019-07-13 07:31:13,431 INFO  server.GrpcService (GrpcService.java:closeImpl(155)) - 65673497-0e17-48a1-b5b2-41721efc9fc5: shutdown server with port 45761 now
2019-07-13 07:31:13,434 INFO  server.GrpcService (GrpcService.java:closeImpl(163)) - 65673497-0e17-48a1-b5b2-41721efc9fc5: shutdown server with port 45761 successfully
2019-07-13 07:31:13,439 INFO  impl.StateMachineUpdater (StateMachineUpdater.java:takeSnapshot(242)) - StateMachineUpdater:95846af1-48a0-42db-928b-3dac479c6fa5:group-E129051EED46: Took a snapshot at index 14
2019-07-13 07:31:13,439 INFO  impl.StateMachineUpdater (StateMachineUpdater.java:lambda$new$0(80)) - StateMachineUpdater:95846af1-48a0-42db-928b-3dac479c6fa5:group-E129051EED46: snapshotIndex: updateIncreasingly -1 -> 14
2019-07-13 07:31:13,440 INFO  impl.RaftServerImpl (ServerState.java:close(394)) - 95846af1-48a0-42db-928b-3dac479c6fa5:group-E129051EED46 closes. The last applied log index is 16
2019-07-13 07:31:13,440 INFO  segmented.SegmentedRaftLogWorker (SegmentedRaftLogWorker.java:run(313)) - 95846af1-48a0-42db-928b-3dac479c6fa5-SegmentedRaftLogWorker:Storage Directory /tmp/workdir/hadoop-ozone/integration-test/target/test-dir/MiniOzoneClusterImpl-a1dc88e9-0fc1-4510-915a-29af8445f733/datanode-1/data/ratis/c5c1eade-76ae-43cc-84c9-e129051eed46 was interrupted, exiting. There are 0 tasks remaining in the queue.
2019-07-13 07:31:13,443 INFO  segmented.SegmentedRaftLogWorker (SegmentedRaftLogWorker.java:close(228)) - 95846af1-48a0-42db-928b-3dac479c6fa5-SegmentedRaftLogWorker:Storage Directory /tmp/workdir/hadoop-ozone/integration-test/target/test-dir/MiniOzoneClusterImpl-a1dc88e9-0fc1-4510-915a-29af8445f733/datanode-1/data/ratis/c5c1eade-76ae-43cc-84c9-e129051eed46 close()
2019-07-13 07:31:13,448 INFO  impl.RaftServerImpl (RaftServerImpl.java:lambda$shutdown$3(245)) - 95846af1-48a0-42db-928b-3dac479c6fa5: shutdown group-B06AC297D880
2019-07-13 07:31:13,448 INFO  utils.BackgroundService (BackgroundService.java:shutdown(148)) - Shutting down service BlockDeletingService
2019-07-13 07:31:13,448 INFO  util.JmxRegister (JmxRegister.java:unregister(73)) - Successfully un-registered JMX Bean with object name Ratis:service=RaftServer,group=group-B06AC297D880,id=95846af1-48a0-42db-928b-3dac479c6fa5
2019-07-13 07:31:13,450 INFO  impl.RoleInfo (RoleInfo.java:shutdownLeaderState(104)) - 95846af1-48a0-42db-928b-3dac479c6fa5: shutdown LeaderState
2019-07-13 07:31:13,450 INFO  impl.PendingRequests (PendingRequests.java:sendNotLeaderResponses(202)) - 95846af1-48a0-42db-928b-3dac479c6fa5-PendingRequests: sendNotLeaderResponses
2019-07-13 07:31:13,453 INFO  impl.StateMachineUpdater (StateMachineUpdater.java:stopAndJoin(115)) - StateMachineUpdater:95846af1-48a0-42db-928b-3dac479c6fa5:group-B06AC297D880: set stopIndex = 0
2019-07-13 07:31:13,453 INFO  ratis.ContainerStateMachine (ContainerStateMachine.java:takeSnapshot(246)) - Taking snapshot at termIndex:(t:0, i:~)
2019-07-13 07:31:13,454 INFO  impl.RaftServerImpl (ServerState.java:close(394)) - 95846af1-48a0-42db-928b-3dac479c6fa5:group-B06AC297D880 closes. The last applied log index is 0
2019-07-13 07:31:13,456 WARN  fs.CachingGetSpaceUsed (CachingGetSpaceUsed.java:run(183)) - Thread Interrupted waiting to refresh disk information: sleep interrupted
2019-07-13 07:31:13,456 INFO  segmented.SegmentedRaftLogWorker (SegmentedRaftLogWorker.java:run(313)) - 95846af1-48a0-42db-928b-3dac479c6fa5-SegmentedRaftLogWorker:Storage Directory /tmp/workdir/hadoop-ozone/integration-test/target/test-dir/MiniOzoneClusterImpl-a1dc88e9-0fc1-4510-915a-29af8445f733/datanode-1/data/ratis/ba4c2eca-b9a1-4189-bc0c-b06ac297d880 was interrupted, exiting. There are 0 tasks remaining in the queue.
2019-07-13 07:31:13,459 INFO  segmented.SegmentedRaftLogWorker (SegmentedRaftLogWorker.java:close(228)) - 95846af1-48a0-42db-928b-3dac479c6fa5-SegmentedRaftLogWorker:Storage Directory /tmp/workdir/hadoop-ozone/integration-test/target/test-dir/MiniOzoneClusterImpl-a1dc88e9-0fc1-4510-915a-29af8445f733/datanode-1/data/ratis/ba4c2eca-b9a1-4189-bc0c-b06ac297d880 close()
2019-07-13 07:31:13,463 INFO  server.GrpcService (GrpcService.java:closeImpl(155)) - 95846af1-48a0-42db-928b-3dac479c6fa5: shutdown server with port 42094 now
2019-07-13 07:31:13,464 WARN  server.GrpcServerProtocolService (LogUtils.java:warn(134)) - 95846af1-48a0-42db-928b-3dac479c6fa5: appendEntries onError: org.apache.ratis.thirdparty.io.grpc.StatusRuntimeException: CANCELLED: cancelled before receiving half close
2019-07-13 07:31:13,466 INFO  server.GrpcService (GrpcService.java:closeImpl(163)) - 95846af1-48a0-42db-928b-3dac479c6fa5: shutdown server with port 42094 successfully
2019-07-13 07:31:13,466 WARN  server.GrpcLogAppender (LogUtils.java:warn(134)) - 6d791af3-858d-45e1-a270-6cc8d61491a9->95846af1-48a0-42db-928b-3dac479c6fa5: Failed appendEntries: org.apache.ratis.thirdparty.io.grpc.StatusRuntimeException: CANCELLED: HTTP/2 error code: CANCEL
Received Rst Stream
2019-07-13 07:31:13,467 INFO  impl.FollowerInfo (FollowerInfo.java:lambda$new$0(50)) - 6d791af3-858d-45e1-a270-6cc8d61491a9->95846af1-48a0-42db-928b-3dac479c6fa5: nextIndex: updateUnconditionally 17 -> 16
2019-07-13 07:31:13,479 INFO  utils.BackgroundService (BackgroundService.java:shutdown(148)) - Shutting down service BlockDeletingService
2019-07-13 07:31:13,484 WARN  fs.CachingGetSpaceUsed (CachingGetSpaceUsed.java:run(183)) - Thread Interrupted waiting to refresh disk information: sleep interrupted
2019-07-13 07:31:13,491 INFO  statemachine.DatanodeStateMachine (DatanodeStateMachine.java:stopDaemon(395)) - Ozone container server stopped.
2019-07-13 07:31:13,507 INFO  statemachine.DatanodeStateMachine (DatanodeStateMachine.java:stopDaemon(395)) - Ozone container server stopped.
2019-07-13 07:31:13,507 INFO  handler.ContextHandler (ContextHandler.java:doStop(910)) - Stopped o.e.j.w.WebAppContext@367d34c0{/,null,UNAVAILABLE}{/hddsDatanode}
2019-07-13 07:31:13,512 INFO  handler.ContextHandler (ContextHandler.java:doStop(910)) - Stopped o.e.j.w.WebAppContext@2e1eb85f{/,null,UNAVAILABLE}{/hddsDatanode}
2019-07-13 07:31:13,512 INFO  server.AbstractConnector (AbstractConnector.java:doStop(318)) - Stopped ServerConnector@4ce25e47{HTTP/1.1,[http/1.1]}{0.0.0.0:0}
2019-07-13 07:31:13,512 INFO  server.AbstractConnector (AbstractConnector.java:doStop(318)) - Stopped ServerConnector@ea7a4c3{HTTP/1.1,[http/1.1]}{0.0.0.0:0}
2019-07-13 07:31:13,513 INFO  handler.ContextHandler (ContextHandler.java:doStop(910)) - Stopped o.e.j.s.ServletContextHandler@5fef0c19{/static,jar:file:/home/user/.m2/repository/org/apache/hadoop/hadoop-hdds-container-service/0.5.0-SNAPSHOT/hadoop-hdds-container-service-0.5.0-SNAPSHOT.jar!/webapps/static,UNAVAILABLE}
2019-07-13 07:31:13,514 INFO  handler.ContextHandler (ContextHandler.java:doStop(910)) - Stopped o.e.j.s.ServletContextHandler@364fd4ae{/static,jar:file:/home/user/.m2/repository/org/apache/hadoop/hadoop-hdds-container-service/0.5.0-SNAPSHOT/hadoop-hdds-container-service-0.5.0-SNAPSHOT.jar!/webapps/static,UNAVAILABLE}
2019-07-13 07:31:13,514 INFO  handler.ContextHandler (ContextHandler.java:doStop(910)) - Stopped o.e.j.s.ServletContextHandler@615db358{/logs,file:///tmp/workdir/hadoop-ozone/integration-test/target/log,UNAVAILABLE}
2019-07-13 07:31:13,516 INFO  handler.ContextHandler (ContextHandler.java:doStop(910)) - Stopped o.e.j.s.ServletContextHandler@359066bc{/logs,file:///tmp/workdir/hadoop-ozone/integration-test/target/log,UNAVAILABLE}
2019-07-13 07:31:13,517 INFO  datanode.ObjectStoreHandler (ObjectStoreHandler.java:close(155)) - Closing ObjectStoreHandler.
2019-07-13 07:31:13,518 INFO  datanode.ObjectStoreHandler (ObjectStoreHandler.java:close(155)) - Closing ObjectStoreHandler.
2019-07-13 07:31:13,518 INFO  ozone.HddsDatanodeService (HddsDatanodeService.java:stop(452)) - Stopped plug-in org.apache.hadoop.ozone.web.OzoneHddsDatanodeService@65da01f4
2019-07-13 07:31:13,518 INFO  ozone.HddsDatanodeService (HddsDatanodeService.java:stop(452)) - Stopped plug-in org.apache.hadoop.ozone.web.OzoneHddsDatanodeService@7436364d
2019-07-13 07:31:13,521 INFO  statemachine.DatanodeStateMachine (DatanodeStateMachine.java:lambda$startDaemon$0(350)) - Ozone container server started.
2019-07-13 07:31:14,063 INFO  statemachine.DatanodeStateMachine (DatanodeStateMachine.java:lambda$startDaemon$0(350)) - Ozone container server started.
2019-07-13 07:31:15,786 WARN  server.GrpcLogAppender (LogUtils.java:warn(134)) - 6d791af3-858d-45e1-a270-6cc8d61491a9->95846af1-48a0-42db-928b-3dac479c6fa5: Failed appendEntries: org.apache.ratis.thirdparty.io.grpc.StatusRuntimeException: UNAVAILABLE: io exception
2019-07-13 07:31:15,787 INFO  impl.FollowerInfo (FollowerInfo.java:lambda$new$0(50)) - 6d791af3-858d-45e1-a270-6cc8d61491a9->95846af1-48a0-42db-928b-3dac479c6fa5: nextIndex: updateUnconditionally 16 -> 15
2019-07-13 07:31:17,604 INFO  node.StaleNodeHandler (StaleNodeHandler.java:onMessage(58)) - Datanode fb233e29-eb29-4b58-9f9f-9362acac1024{ip: 192.168.69.84, host: trunk-nightly-9lh4p-2362225927, networkLocation: /default-rack, certSerialId: null} moved to stale state. Finalizing its pipelines [PipelineID=1deebacd-ef39-410d-874a-8c0a76753b48]
2019-07-13 07:31:17,605 INFO  pipeline.SCMPipelineManager (SCMPipelineManager.java:finalizeAndDestroyPipeline(309)) - destroying pipeline:Pipeline[ Id: 1deebacd-ef39-410d-874a-8c0a76753b48, Nodes: fb233e29-eb29-4b58-9f9f-9362acac1024{ip: 192.168.69.84, host: trunk-nightly-9lh4p-2362225927, networkLocation: /default-rack, certSerialId: null}, Type:RATIS, Factor:ONE, State:OPEN]
2019-07-13 07:31:17,605 INFO  pipeline.PipelineStateManager (PipelineStateManager.java:finalizePipeline(123)) - Pipeline Pipeline[ Id: 1deebacd-ef39-410d-874a-8c0a76753b48, Nodes: fb233e29-eb29-4b58-9f9f-9362acac1024{ip: 192.168.69.84, host: trunk-nightly-9lh4p-2362225927, networkLocation: /default-rack, certSerialId: null}, Type:RATIS, Factor:ONE, State:CLOSED] moved to CLOSED state
2019-07-13 07:31:18,105 INFO  node.StaleNodeHandler (StaleNodeHandler.java:onMessage(58)) - Datanode 6d791af3-858d-45e1-a270-6cc8d61491a9{ip: 192.168.69.84, host: trunk-nightly-9lh4p-2362225927, networkLocation: /default-rack, certSerialId: null} moved to stale state. Finalizing its pipelines [PipelineID=588f7b1d-100a-4906-b432-7183243492ae, PipelineID=c5c1eade-76ae-43cc-84c9-e129051eed46]
2019-07-13 07:31:18,105 INFO  pipeline.SCMPipelineManager (SCMPipelineManager.java:finalizeAndDestroyPipeline(309)) - destroying pipeline:Pipeline[ Id: 588f7b1d-100a-4906-b432-7183243492ae, Nodes: 6d791af3-858d-45e1-a270-6cc8d61491a9{ip: 192.168.69.84, host: trunk-nightly-9lh4p-2362225927, networkLocation: /default-rack, certSerialId: null}, Type:RATIS, Factor:ONE, State:OPEN]
2019-07-13 07:31:18,106 INFO  pipeline.PipelineStateManager (PipelineStateManager.java:finalizePipeline(123)) - Pipeline Pipeline[ Id: 588f7b1d-100a-4906-b432-7183243492ae, Nodes: 6d791af3-858d-45e1-a270-6cc8d61491a9{ip: 192.168.69.84, host: trunk-nightly-9lh4p-2362225927, networkLocation: /default-rack, certSerialId: null}, Type:RATIS, Factor:ONE, State:CLOSED] moved to CLOSED state
2019-07-13 07:31:18,106 INFO  pipeline.SCMPipelineManager (SCMPipelineManager.java:finalizeAndDestroyPipeline(309)) - destroying pipeline:Pipeline[ Id: c5c1eade-76ae-43cc-84c9-e129051eed46, Nodes: 95846af1-48a0-42db-928b-3dac479c6fa5{ip: 192.168.69.84, host: trunk-nightly-9lh4p-2362225927, networkLocation: /default-rack, certSerialId: null}421489f5-e73a-44dd-9dcb-3dbe44b16c83{ip: 192.168.69.84, host: trunk-nightly-9lh4p-2362225927, networkLocation: /default-rack, certSerialId: null}6d791af3-858d-45e1-a270-6cc8d61491a9{ip: 192.168.69.84, host: trunk-nightly-9lh4p-2362225927, networkLocation: /default-rack, certSerialId: null}, Type:RATIS, Factor:THREE, State:CLOSED]
2019-07-13 07:31:18,288 WARN  server.GrpcLogAppender (LogUtils.java:warn(134)) - 6d791af3-858d-45e1-a270-6cc8d61491a9->95846af1-48a0-42db-928b-3dac479c6fa5: Failed appendEntries: org.apache.ratis.thirdparty.io.grpc.StatusRuntimeException: UNAVAILABLE: io exception
2019-07-13 07:31:18,288 INFO  impl.FollowerInfo (FollowerInfo.java:lambda$new$0(50)) - 6d791af3-858d-45e1-a270-6cc8d61491a9->95846af1-48a0-42db-928b-3dac479c6fa5: nextIndex: updateUnconditionally 15 -> 14
2019-07-13 07:31:18,519 INFO  ozoneimpl.OzoneContainer (OzoneContainer.java:stop(199)) - Attempting to stop container services.
2019-07-13 07:31:18,519 INFO  ozoneimpl.OzoneContainer (OzoneContainer.java:stop(199)) - Attempting to stop container services.
2019-07-13 07:31:18,522 INFO  impl.RaftServerProxy (RaftServerProxy.java:lambda$close$4(314)) - fb233e29-eb29-4b58-9f9f-9362acac1024: close
2019-07-13 07:31:18,523 INFO  impl.RaftServerImpl (RaftServerImpl.java:lambda$shutdown$3(245)) - fb233e29-eb29-4b58-9f9f-9362acac1024: shutdown group-8C0A76753B48
2019-07-13 07:31:18,523 INFO  impl.RaftServerProxy (RaftServerProxy.java:lambda$close$4(314)) - 6d791af3-858d-45e1-a270-6cc8d61491a9: close
2019-07-13 07:31:18,523 INFO  util.JmxRegister (JmxRegister.java:unregister(73)) - Successfully un-registered JMX Bean with object name Ratis:service=RaftServer,group=group-8C0A76753B48,id=fb233e29-eb29-4b58-9f9f-9362acac1024
2019-07-13 07:31:18,524 INFO  impl.RoleInfo (RoleInfo.java:shutdownLeaderState(104)) - fb233e29-eb29-4b58-9f9f-9362acac1024: shutdown LeaderState
2019-07-13 07:31:18,523 INFO  impl.RaftServerImpl (RaftServerImpl.java:lambda$shutdown$3(245)) - 6d791af3-858d-45e1-a270-6cc8d61491a9: shutdown group-7183243492AE
2019-07-13 07:31:18,524 INFO  impl.PendingRequests (PendingRequests.java:sendNotLeaderResponses(202)) - fb233e29-eb29-4b58-9f9f-9362acac1024-PendingRequests: sendNotLeaderResponses
2019-07-13 07:31:18,525 INFO  util.JmxRegister (JmxRegister.java:unregister(73)) - Successfully un-registered JMX Bean with object name Ratis:service=RaftServer,group=group-7183243492AE,id=6d791af3-858d-45e1-a270-6cc8d61491a9
2019-07-13 07:31:18,525 INFO  ratis.ContainerStateMachine (ContainerStateMachine.java:takeSnapshot(246)) - Taking snapshot at termIndex:(t:0, i:~)
2019-07-13 07:31:18,525 INFO  impl.StateMachineUpdater (StateMachineUpdater.java:stopAndJoin(115)) - StateMachineUpdater:fb233e29-eb29-4b58-9f9f-9362acac1024:group-8C0A76753B48: set stopIndex = 0
2019-07-13 07:31:18,525 INFO  impl.RoleInfo (RoleInfo.java:shutdownLeaderState(104)) - 6d791af3-858d-45e1-a270-6cc8d61491a9: shutdown LeaderState
2019-07-13 07:31:18,526 INFO  impl.RaftServerImpl (ServerState.java:close(394)) - fb233e29-eb29-4b58-9f9f-9362acac1024:group-8C0A76753B48 closes. The last applied log index is 0
2019-07-13 07:31:18,526 INFO  impl.PendingRequests (PendingRequests.java:sendNotLeaderResponses(202)) - 6d791af3-858d-45e1-a270-6cc8d61491a9-PendingRequests: sendNotLeaderResponses
2019-07-13 07:31:18,527 INFO  segmented.SegmentedRaftLogWorker (SegmentedRaftLogWorker.java:run(313)) - fb233e29-eb29-4b58-9f9f-9362acac1024-SegmentedRaftLogWorker:Storage Directory /tmp/workdir/hadoop-ozone/integration-test/target/test-dir/MiniOzoneClusterImpl-a1dc88e9-0fc1-4510-915a-29af8445f733/datanode-3/data/ratis/1deebacd-ef39-410d-874a-8c0a76753b48 was interrupted, exiting. There are 0 tasks remaining in the queue.
2019-07-13 07:31:18,527 INFO  impl.StateMachineUpdater (StateMachineUpdater.java:stopAndJoin(115)) - StateMachineUpdater:6d791af3-858d-45e1-a270-6cc8d61491a9:group-7183243492AE: set stopIndex = 0
2019-07-13 07:31:18,529 INFO  ratis.ContainerStateMachine (ContainerStateMachine.java:takeSnapshot(246)) - Taking snapshot at termIndex:(t:0, i:~)
2019-07-13 07:31:18,529 INFO  segmented.SegmentedRaftLogWorker (SegmentedRaftLogWorker.java:close(228)) - fb233e29-eb29-4b58-9f9f-9362acac1024-SegmentedRaftLogWorker:Storage Directory /tmp/workdir/hadoop-ozone/integration-test/target/test-dir/MiniOzoneClusterImpl-a1dc88e9-0fc1-4510-915a-29af8445f733/datanode-3/data/ratis/1deebacd-ef39-410d-874a-8c0a76753b48 close()
2019-07-13 07:31:18,530 INFO  impl.RaftServerImpl (ServerState.java:close(394)) - 6d791af3-858d-45e1-a270-6cc8d61491a9:group-7183243492AE closes. The last applied log index is 0
2019-07-13 07:31:18,533 INFO  server.GrpcService (GrpcService.java:closeImpl(155)) - fb233e29-eb29-4b58-9f9f-9362acac1024: shutdown server with port 42684 now
2019-07-13 07:31:18,533 INFO  segmented.SegmentedRaftLogWorker (SegmentedRaftLogWorker.java:run(313)) - 6d791af3-858d-45e1-a270-6cc8d61491a9-SegmentedRaftLogWorker:Storage Directory /tmp/workdir/hadoop-ozone/integration-test/target/test-dir/MiniOzoneClusterImpl-a1dc88e9-0fc1-4510-915a-29af8445f733/datanode-2/data/ratis/588f7b1d-100a-4906-b432-7183243492ae was interrupted, exiting. There are 0 tasks remaining in the queue.
2019-07-13 07:31:18,535 INFO  server.GrpcService (GrpcService.java:closeImpl(163)) - fb233e29-eb29-4b58-9f9f-9362acac1024: shutdown server with port 42684 successfully
2019-07-13 07:31:18,542 INFO  segmented.SegmentedRaftLogWorker (SegmentedRaftLogWorker.java:close(228)) - 6d791af3-858d-45e1-a270-6cc8d61491a9-SegmentedRaftLogWorker:Storage Directory /tmp/workdir/hadoop-ozone/integration-test/target/test-dir/MiniOzoneClusterImpl-a1dc88e9-0fc1-4510-915a-29af8445f733/datanode-2/data/ratis/588f7b1d-100a-4906-b432-7183243492ae close()
2019-07-13 07:31:18,553 INFO  impl.RaftServerImpl (RaftServerImpl.java:lambda$shutdown$3(245)) - 6d791af3-858d-45e1-a270-6cc8d61491a9: shutdown group-E129051EED46
2019-07-13 07:31:18,553 INFO  util.JmxRegister (JmxRegister.java:unregister(73)) - Successfully un-registered JMX Bean with object name Ratis:service=RaftServer,group=group-E129051EED46,id=6d791af3-858d-45e1-a270-6cc8d61491a9
2019-07-13 07:31:18,553 INFO  utils.BackgroundService (BackgroundService.java:shutdown(148)) - Shutting down service BlockDeletingService
2019-07-13 07:31:18,553 INFO  impl.RoleInfo (RoleInfo.java:shutdownLeaderState(104)) - 6d791af3-858d-45e1-a270-6cc8d61491a9: shutdown LeaderState
2019-07-13 07:31:18,556 WARN  server.GrpcLogAppender (GrpcLogAppender.java:mayWait(143)) - GrpcLogAppender(6d791af3-858d-45e1-a270-6cc8d61491a9->95846af1-48a0-42db-928b-3dac479c6fa5): Wait interrupted by java.lang.InterruptedException
2019-07-13 07:31:18,558 WARN  server.GrpcLogAppender (GrpcLogAppender.java:mayWait(143)) - GrpcLogAppender(6d791af3-858d-45e1-a270-6cc8d61491a9->421489f5-e73a-44dd-9dcb-3dbe44b16c83): Wait interrupted by java.lang.InterruptedException
2019-07-13 07:31:18,558 INFO  impl.PendingRequests (PendingRequests.java:sendNotLeaderResponses(202)) - 6d791af3-858d-45e1-a270-6cc8d61491a9-PendingRequests: sendNotLeaderResponses
2019-07-13 07:31:18,562 INFO  impl.StateMachineUpdater (StateMachineUpdater.java:stopAndJoin(115)) - StateMachineUpdater:6d791af3-858d-45e1-a270-6cc8d61491a9:group-E129051EED46: set stopIndex = 16
2019-07-13 07:31:18,562 WARN  fs.CachingGetSpaceUsed (CachingGetSpaceUsed.java:run(183)) - Thread Interrupted waiting to refresh disk information: sleep interrupted
2019-07-13 07:31:18,562 INFO  server.GrpcServerProtocolService (GrpcServerProtocolService.java:onCompleted(104)) - 421489f5-e73a-44dd-9dcb-3dbe44b16c83: appendEntries completed
2019-07-13 07:31:18,562 INFO  ratis.ContainerStateMachine (ContainerStateMachine.java:takeSnapshot(246)) - Taking snapshot at termIndex:(t:1, i:14)
2019-07-13 07:31:18,563 INFO  ratis.ContainerStateMachine (ContainerStateMachine.java:takeSnapshot(250)) - Taking a snapshot to file /tmp/workdir/hadoop-ozone/integration-test/target/test-dir/MiniOzoneClusterImpl-a1dc88e9-0fc1-4510-915a-29af8445f733/datanode-2/data/ratis/c5c1eade-76ae-43cc-84c9-e129051eed46/sm/snapshot.1_14
2019-07-13 07:31:18,563 INFO  impl.StateMachineUpdater (StateMachineUpdater.java:takeSnapshot(242)) - StateMachineUpdater:6d791af3-858d-45e1-a270-6cc8d61491a9:group-E129051EED46: Took a snapshot at index 14
2019-07-13 07:31:18,563 INFO  impl.StateMachineUpdater (StateMachineUpdater.java:lambda$new$0(80)) - StateMachineUpdater:6d791af3-858d-45e1-a270-6cc8d61491a9:group-E129051EED46: snapshotIndex: updateIncreasingly -1 -> 14
2019-07-13 07:31:18,563 INFO  server.GrpcLogAppender (GrpcLogAppender.java:onCompleted(292)) - 6d791af3-858d-45e1-a270-6cc8d61491a9->421489f5-e73a-44dd-9dcb-3dbe44b16c83: follower responses appendEntries COMPLETED
2019-07-13 07:31:18,564 INFO  impl.RaftServerImpl (ServerState.java:close(394)) - 6d791af3-858d-45e1-a270-6cc8d61491a9:group-E129051EED46 closes. The last applied log index is 16
2019-07-13 07:31:18,564 INFO  impl.FollowerInfo (FollowerInfo.java:lambda$new$0(50)) - 6d791af3-858d-45e1-a270-6cc8d61491a9->421489f5-e73a-44dd-9dcb-3dbe44b16c83: nextIndex: updateUnconditionally 17 -> 16
2019-07-13 07:31:18,564 INFO  segmented.SegmentedRaftLogWorker (SegmentedRaftLogWorker.java:run(313)) - 6d791af3-858d-45e1-a270-6cc8d61491a9-SegmentedRaftLogWorker:Storage Directory /tmp/workdir/hadoop-ozone/integration-test/target/test-dir/MiniOzoneClusterImpl-a1dc88e9-0fc1-4510-915a-29af8445f733/datanode-2/data/ratis/c5c1eade-76ae-43cc-84c9-e129051eed46 was interrupted, exiting. There are 0 tasks remaining in the queue.
2019-07-13 07:31:18,565 INFO  segmented.SegmentedRaftLogWorker (SegmentedRaftLogWorker.java:close(228)) - 6d791af3-858d-45e1-a270-6cc8d61491a9-SegmentedRaftLogWorker:Storage Directory /tmp/workdir/hadoop-ozone/integration-test/target/test-dir/MiniOzoneClusterImpl-a1dc88e9-0fc1-4510-915a-29af8445f733/datanode-2/data/ratis/c5c1eade-76ae-43cc-84c9-e129051eed46 close()
2019-07-13 07:31:18,567 INFO  server.GrpcService (GrpcService.java:closeImpl(155)) - 6d791af3-858d-45e1-a270-6cc8d61491a9: shutdown server with port 44936 now
2019-07-13 07:31:18,568 WARN  client.GrpcClientProtocolService (LogUtils.java:warn(134)) - 1-UnorderedRequestStreamObserver1: onError: org.apache.ratis.thirdparty.io.grpc.StatusRuntimeException: CANCELLED: cancelled before receiving half close
2019-07-13 07:31:18,568 INFO  server.GrpcService (GrpcService.java:closeImpl(163)) - 6d791af3-858d-45e1-a270-6cc8d61491a9: shutdown server with port 44936 successfully
2019-07-13 07:31:18,570 INFO  utils.BackgroundService (BackgroundService.java:shutdown(148)) - Shutting down service BlockDeletingService
2019-07-13 07:31:18,573 WARN  fs.CachingGetSpaceUsed (CachingGetSpaceUsed.java:run(183)) - Thread Interrupted waiting to refresh disk information: sleep interrupted
2019-07-13 07:31:18,587 INFO  statemachine.DatanodeStateMachine (DatanodeStateMachine.java:stopDaemon(395)) - Ozone container server stopped.
2019-07-13 07:31:18,588 INFO  handler.ContextHandler (ContextHandler.java:doStop(910)) - Stopped o.e.j.w.WebAppContext@6a2d867d{/,null,UNAVAILABLE}{/hddsDatanode}
2019-07-13 07:31:18,589 INFO  server.AbstractConnector (AbstractConnector.java:doStop(318)) - Stopped ServerConnector@73bb1337{HTTP/1.1,[http/1.1]}{0.0.0.0:0}
2019-07-13 07:31:18,589 INFO  handler.ContextHandler (ContextHandler.java:doStop(910)) - Stopped o.e.j.s.ServletContextHandler@cc9ef8d{/static,jar:file:/home/user/.m2/repository/org/apache/hadoop/hadoop-hdds-container-service/0.5.0-SNAPSHOT/hadoop-hdds-container-service-0.5.0-SNAPSHOT.jar!/webapps/static,UNAVAILABLE}
2019-07-13 07:31:18,590 INFO  handler.ContextHandler (ContextHandler.java:doStop(910)) - Stopped o.e.j.s.ServletContextHandler@1e30db85{/logs,file:///tmp/workdir/hadoop-ozone/integration-test/target/log,UNAVAILABLE}
2019-07-13 07:31:18,591 INFO  datanode.ObjectStoreHandler (ObjectStoreHandler.java:close(155)) - Closing ObjectStoreHandler.
2019-07-13 07:31:18,592 INFO  ozone.HddsDatanodeService (HddsDatanodeService.java:stop(452)) - Stopped plug-in org.apache.hadoop.ozone.web.OzoneHddsDatanodeService@b4732dc
2019-07-13 07:31:18,596 INFO  statemachine.DatanodeStateMachine (DatanodeStateMachine.java:stopDaemon(395)) - Ozone container server stopped.
2019-07-13 07:31:18,600 INFO  handler.ContextHandler (ContextHandler.java:doStop(910)) - Stopped o.e.j.w.WebAppContext@7197b07f{/,null,UNAVAILABLE}{/hddsDatanode}
2019-07-13 07:31:18,601 INFO  server.AbstractConnector (AbstractConnector.java:doStop(318)) - Stopped ServerConnector@1f10fec6{HTTP/1.1,[http/1.1]}{0.0.0.0:0}
2019-07-13 07:31:18,602 INFO  handler.ContextHandler (ContextHandler.java:doStop(910)) - Stopped o.e.j.s.ServletContextHandler@62ade015{/static,jar:file:/home/user/.m2/repository/org/apache/hadoop/hadoop-hdds-container-service/0.5.0-SNAPSHOT/hadoop-hdds-container-service-0.5.0-SNAPSHOT.jar!/webapps/static,UNAVAILABLE}
2019-07-13 07:31:18,603 INFO  handler.ContextHandler (ContextHandler.java:doStop(910)) - Stopped o.e.j.s.ServletContextHandler@631c6d11{/logs,file:///tmp/workdir/hadoop-ozone/integration-test/target/log,UNAVAILABLE}
2019-07-13 07:31:19,069 INFO  statemachine.DatanodeStateMachine (DatanodeStateMachine.java:lambda$startDaemon$0(350)) - Ozone container server started.
2019-07-13 07:31:23,113 INFO  node.StaleNodeHandler (StaleNodeHandler.java:onMessage(58)) - Datanode 421489f5-e73a-44dd-9dcb-3dbe44b16c83{ip: 192.168.69.84, host: trunk-nightly-9lh4p-2362225927, networkLocation: /default-rack, certSerialId: null} moved to stale state. Finalizing its pipelines [PipelineID=6fbd7f6f-c94c-4f9b-9fe5-8c3a827aca02, PipelineID=c5c1eade-76ae-43cc-84c9-e129051eed46]
2019-07-13 07:31:23,113 INFO  pipeline.SCMPipelineManager (SCMPipelineManager.java:finalizeAndDestroyPipeline(309)) - destroying pipeline:Pipeline[ Id: 6fbd7f6f-c94c-4f9b-9fe5-8c3a827aca02, Nodes: 421489f5-e73a-44dd-9dcb-3dbe44b16c83{ip: 192.168.69.84, host: trunk-nightly-9lh4p-2362225927, networkLocation: /default-rack, certSerialId: null}, Type:RATIS, Factor:ONE, State:OPEN]
2019-07-13 07:31:23,113 INFO  pipeline.PipelineStateManager (PipelineStateManager.java:finalizePipeline(123)) - Pipeline Pipeline[ Id: 6fbd7f6f-c94c-4f9b-9fe5-8c3a827aca02, Nodes: 421489f5-e73a-44dd-9dcb-3dbe44b16c83{ip: 192.168.69.84, host: trunk-nightly-9lh4p-2362225927, networkLocation: /default-rack, certSerialId: null}, Type:RATIS, Factor:ONE, State:CLOSED] moved to CLOSED state
2019-07-13 07:31:23,114 INFO  pipeline.SCMPipelineManager (SCMPipelineManager.java:finalizeAndDestroyPipeline(309)) - destroying pipeline:Pipeline[ Id: c5c1eade-76ae-43cc-84c9-e129051eed46, Nodes: 95846af1-48a0-42db-928b-3dac479c6fa5{ip: 192.168.69.84, host: trunk-nightly-9lh4p-2362225927, networkLocation: /default-rack, certSerialId: null}421489f5-e73a-44dd-9dcb-3dbe44b16c83{ip: 192.168.69.84, host: trunk-nightly-9lh4p-2362225927, networkLocation: /default-rack, certSerialId: null}6d791af3-858d-45e1-a270-6cc8d61491a9{ip: 192.168.69.84, host: trunk-nightly-9lh4p-2362225927, networkLocation: /default-rack, certSerialId: null}, Type:RATIS, Factor:THREE, State:CLOSED]
2019-07-13 07:31:23,593 INFO  ozoneimpl.OzoneContainer (OzoneContainer.java:stop(199)) - Attempting to stop container services.
2019-07-13 07:31:23,594 INFO  impl.RaftServerProxy (RaftServerProxy.java:lambda$close$4(314)) - 421489f5-e73a-44dd-9dcb-3dbe44b16c83: close
2019-07-13 07:31:23,595 INFO  impl.RaftServerImpl (RaftServerImpl.java:lambda$shutdown$3(245)) - 421489f5-e73a-44dd-9dcb-3dbe44b16c83: shutdown group-8C3A827ACA02
2019-07-13 07:31:23,595 INFO  util.JmxRegister (JmxRegister.java:unregister(73)) - Successfully un-registered JMX Bean with object name Ratis:service=RaftServer,group=group-8C3A827ACA02,id=421489f5-e73a-44dd-9dcb-3dbe44b16c83
2019-07-13 07:31:23,596 INFO  impl.RoleInfo (RoleInfo.java:shutdownLeaderState(104)) - 421489f5-e73a-44dd-9dcb-3dbe44b16c83: shutdown LeaderState
2019-07-13 07:31:23,596 INFO  impl.PendingRequests (PendingRequests.java:sendNotLeaderResponses(202)) - 421489f5-e73a-44dd-9dcb-3dbe44b16c83-PendingRequests: sendNotLeaderResponses
2019-07-13 07:31:23,597 INFO  impl.StateMachineUpdater (StateMachineUpdater.java:stopAndJoin(115)) - StateMachineUpdater:421489f5-e73a-44dd-9dcb-3dbe44b16c83:group-8C3A827ACA02: set stopIndex = 0
2019-07-13 07:31:23,597 INFO  ratis.ContainerStateMachine (ContainerStateMachine.java:takeSnapshot(246)) - Taking snapshot at termIndex:(t:0, i:~)
2019-07-13 07:31:23,599 INFO  impl.RaftServerImpl (ServerState.java:close(394)) - 421489f5-e73a-44dd-9dcb-3dbe44b16c83:group-8C3A827ACA02 closes. The last applied log index is 0
2019-07-13 07:31:23,600 INFO  segmented.SegmentedRaftLogWorker (SegmentedRaftLogWorker.java:run(313)) - 421489f5-e73a-44dd-9dcb-3dbe44b16c83-SegmentedRaftLogWorker:Storage Directory /tmp/workdir/hadoop-ozone/integration-test/target/test-dir/MiniOzoneClusterImpl-a1dc88e9-0fc1-4510-915a-29af8445f733/datanode-0/data/ratis/6fbd7f6f-c94c-4f9b-9fe5-8c3a827aca02 was interrupted, exiting. There are 0 tasks remaining in the queue.
2019-07-13 07:31:23,601 INFO  segmented.SegmentedRaftLogWorker (SegmentedRaftLogWorker.java:close(228)) - 421489f5-e73a-44dd-9dcb-3dbe44b16c83-SegmentedRaftLogWorker:Storage Directory /tmp/workdir/hadoop-ozone/integration-test/target/test-dir/MiniOzoneClusterImpl-a1dc88e9-0fc1-4510-915a-29af8445f733/datanode-0/data/ratis/6fbd7f6f-c94c-4f9b-9fe5-8c3a827aca02 close()
2019-07-13 07:31:23,602 INFO  impl.RaftServerImpl (RaftServerImpl.java:lambda$shutdown$3(245)) - 421489f5-e73a-44dd-9dcb-3dbe44b16c83: shutdown group-E129051EED46
2019-07-13 07:31:23,603 INFO  util.JmxRegister (JmxRegister.java:unregister(73)) - Successfully un-registered JMX Bean with object name Ratis:service=RaftServer,group=group-E129051EED46,id=421489f5-e73a-44dd-9dcb-3dbe44b16c83
2019-07-13 07:31:23,603 INFO  impl.RoleInfo (RoleInfo.java:shutdownFollowerState(121)) - 421489f5-e73a-44dd-9dcb-3dbe44b16c83: shutdown FollowerState
2019-07-13 07:31:23,604 INFO  impl.StateMachineUpdater (StateMachineUpdater.java:stopAndJoin(115)) - StateMachineUpdater:421489f5-e73a-44dd-9dcb-3dbe44b16c83:group-E129051EED46: set stopIndex = 16
2019-07-13 07:31:23,604 INFO  impl.FollowerState (FollowerState.java:run(114)) - 421489f5-e73a-44dd-9dcb-3dbe44b16c83: FollowerState was interrupted: java.lang.InterruptedException: sleep interrupted
2019-07-13 07:31:23,604 INFO  ratis.ContainerStateMachine (ContainerStateMachine.java:takeSnapshot(246)) - Taking snapshot at termIndex:(t:1, i:14)
2019-07-13 07:31:23,604 INFO  ratis.ContainerStateMachine (ContainerStateMachine.java:takeSnapshot(250)) - Taking a snapshot to file /tmp/workdir/hadoop-ozone/integration-test/target/test-dir/MiniOzoneClusterImpl-a1dc88e9-0fc1-4510-915a-29af8445f733/datanode-0/data/ratis/c5c1eade-76ae-43cc-84c9-e129051eed46/sm/snapshot.1_14
2019-07-13 07:31:23,605 INFO  impl.StateMachineUpdater (StateMachineUpdater.java:takeSnapshot(242)) - StateMachineUpdater:421489f5-e73a-44dd-9dcb-3dbe44b16c83:group-E129051EED46: Took a snapshot at index 14
2019-07-13 07:31:23,605 INFO  impl.StateMachineUpdater (StateMachineUpdater.java:lambda$new$0(80)) - StateMachineUpdater:421489f5-e73a-44dd-9dcb-3dbe44b16c83:group-E129051EED46: snapshotIndex: updateIncreasingly -1 -> 14
2019-07-13 07:31:23,605 INFO  impl.RaftServerImpl (ServerState.java:close(394)) - 421489f5-e73a-44dd-9dcb-3dbe44b16c83:group-E129051EED46 closes. The last applied log index is 16
2019-07-13 07:31:23,606 INFO  segmented.SegmentedRaftLogWorker (SegmentedRaftLogWorker.java:run(313)) - 421489f5-e73a-44dd-9dcb-3dbe44b16c83-SegmentedRaftLogWorker:Storage Directory /tmp/workdir/hadoop-ozone/integration-test/target/test-dir/MiniOzoneClusterImpl-a1dc88e9-0fc1-4510-915a-29af8445f733/datanode-0/data/ratis/c5c1eade-76ae-43cc-84c9-e129051eed46 was interrupted, exiting. There are 0 tasks remaining in the queue.
2019-07-13 07:31:23,606 INFO  segmented.SegmentedRaftLogWorker (SegmentedRaftLogWorker.java:close(228)) - 421489f5-e73a-44dd-9dcb-3dbe44b16c83-SegmentedRaftLogWorker:Storage Directory /tmp/workdir/hadoop-ozone/integration-test/target/test-dir/MiniOzoneClusterImpl-a1dc88e9-0fc1-4510-915a-29af8445f733/datanode-0/data/ratis/c5c1eade-76ae-43cc-84c9-e129051eed46 close()
2019-07-13 07:31:23,608 INFO  server.GrpcService (GrpcService.java:closeImpl(155)) - 421489f5-e73a-44dd-9dcb-3dbe44b16c83: shutdown server with port 46222 now
2019-07-13 07:31:23,610 INFO  server.GrpcService (GrpcService.java:closeImpl(163)) - 421489f5-e73a-44dd-9dcb-3dbe44b16c83: shutdown server with port 46222 successfully
2019-07-13 07:31:23,612 INFO  utils.BackgroundService (BackgroundService.java:shutdown(148)) - Shutting down service BlockDeletingService
2019-07-13 07:31:23,613 WARN  fs.CachingGetSpaceUsed (CachingGetSpaceUsed.java:run(183)) - Thread Interrupted waiting to refresh disk information: sleep interrupted
2019-07-13 07:31:23,632 INFO  statemachine.DatanodeStateMachine (DatanodeStateMachine.java:stopDaemon(395)) - Ozone container server stopped.
2019-07-13 07:31:23,646 INFO  handler.ContextHandler (ContextHandler.java:doStop(910)) - Stopped o.e.j.w.WebAppContext@24e83d19{/,null,UNAVAILABLE}{/hddsDatanode}
2019-07-13 07:31:23,647 INFO  server.AbstractConnector (AbstractConnector.java:doStop(318)) - Stopped ServerConnector@5c080ef3{HTTP/1.1,[http/1.1]}{0.0.0.0:0}
2019-07-13 07:31:23,648 INFO  handler.ContextHandler (ContextHandler.java:doStop(910)) - Stopped o.e.j.s.ServletContextHandler@2133661d{/static,jar:file:/home/user/.m2/repository/org/apache/hadoop/hadoop-hdds-container-service/0.5.0-SNAPSHOT/hadoop-hdds-container-service-0.5.0-SNAPSHOT.jar!/webapps/static,UNAVAILABLE}
2019-07-13 07:31:23,648 INFO  handler.ContextHandler (ContextHandler.java:doStop(910)) - Stopped o.e.j.s.ServletContextHandler@304d0259{/logs,file:///tmp/workdir/hadoop-ozone/integration-test/target/log,UNAVAILABLE}
2019-07-13 07:31:23,650 INFO  ozone.MiniOzoneClusterImpl (MiniOzoneClusterImpl.java:stop(353)) - Stopping the StorageContainerManager
2019-07-13 07:31:23,650 INFO  server.StorageContainerManager (StorageContainerManager.java:stop(796)) - Stopping Replication Manager Service.
2019-07-13 07:31:23,650 INFO  container.ReplicationManager (ReplicationManager.java:stop(187)) - Stopping Replication Monitor Thread.
2019-07-13 07:31:23,650 INFO  server.StorageContainerManager (StorageContainerManager.java:stop(803)) - Stopping Lease Manager of the command watchers
2019-07-13 07:31:23,651 INFO  server.StorageContainerManager (StorageContainerManager.java:stop(810)) - Stopping datanode service RPC server
2019-07-13 07:31:23,651 INFO  server.SCMDatanodeProtocolServer (SCMDatanodeProtocolServer.java:stop(375)) - Stopping the RPC server for DataNodes
2019-07-13 07:31:23,651 INFO  ipc.Server (Server.java:stop(3082)) - Stopping server on 38218
2019-07-13 07:31:23,652 INFO  ipc.Server (Server.java:run(1185)) - Stopping IPC Server listener on 38218
2019-07-13 07:31:23,654 INFO  ipc.Server (Server.java:run(1319)) - Stopping IPC Server Responder
2019-07-13 07:31:23,713 WARN  node.NodeStateManager (NodeStateManager.java:scheduleNextHealthCheck(631)) - Current Thread is interrupted, shutting down HB processing thread for Node Manager.
2019-07-13 07:31:23,714 INFO  server.StorageContainerManager (StorageContainerManager.java:stop(818)) - Stopping block service RPC server
2019-07-13 07:31:23,714 INFO  server.SCMBlockProtocolServer (SCMBlockProtocolServer.java:stop(148)) - Stopping the RPC server for Block Protocol
2019-07-13 07:31:23,714 INFO  ipc.Server (Server.java:stop(3082)) - Stopping server on 46620
2019-07-13 07:31:23,715 INFO  ipc.Server (Server.java:run(1185)) - Stopping IPC Server listener on 46620
2019-07-13 07:31:23,715 INFO  server.StorageContainerManager (StorageContainerManager.java:stop(825)) - Stopping the StorageContainerLocationProtocol RPC server
2019-07-13 07:31:23,715 INFO  server.SCMClientProtocolServer (SCMClientProtocolServer.java:stop(157)) - Stopping the RPC server for Client Protocol
2019-07-13 07:31:23,716 INFO  ipc.Server (Server.java:stop(3082)) - Stopping server on 45844
2019-07-13 07:31:23,719 INFO  ipc.Server (Server.java:run(1185)) - Stopping IPC Server listener on 45844
2019-07-13 07:31:23,719 INFO  ipc.Server (Server.java:run(1319)) - Stopping IPC Server Responder
2019-07-13 07:31:23,719 INFO  server.StorageContainerManager (StorageContainerManager.java:stop(832)) - Stopping Storage Container Manager HTTP server.
2019-07-13 07:31:23,720 INFO  handler.ContextHandler (ContextHandler.java:doStop(910)) - Stopped o.e.j.w.WebAppContext@6a1d204a{/,null,UNAVAILABLE}{/scm}
2019-07-13 07:31:23,721 INFO  ipc.Server (Server.java:run(1319)) - Stopping IPC Server Responder
2019-07-13 07:31:23,722 INFO  server.AbstractConnector (AbstractConnector.java:doStop(318)) - Stopped ServerConnector@9d157ff{HTTP/1.1,[http/1.1]}{0.0.0.0:0}
2019-07-13 07:31:23,723 INFO  handler.ContextHandler (ContextHandler.java:doStop(910)) - Stopped o.e.j.s.ServletContextHandler@76012793{/static,file:///tmp/workdir/hadoop-ozone/integration-test/target/test-classes/webapps/static,UNAVAILABLE}
2019-07-13 07:31:23,723 INFO  handler.ContextHandler (ContextHandler.java:doStop(910)) - Stopped o.e.j.s.ServletContextHandler@6bbe2511{/logs,file:///tmp/workdir/hadoop-ozone/integration-test/target/log,UNAVAILABLE}
2019-07-13 07:31:23,725 INFO  server.StorageContainerManager (StorageContainerManager.java:stop(843)) - Stopping Block Manager Service.
2019-07-13 07:31:23,725 INFO  utils.BackgroundService (BackgroundService.java:shutdown(148)) - Shutting down service SCMBlockDeletingService
2019-07-13 07:31:23,726 INFO  utils.BackgroundService (BackgroundService.java:shutdown(148)) - Shutting down service SCMBlockDeletingService
2019-07-13 07:31:23,726 INFO  server.StorageContainerManager (StorageContainerManager.java:stop(865)) - Stopping SCM Event Queue.
2019-07-13 07:31:23,745 INFO  impl.MetricsSystemImpl (MetricsSystemImpl.java:stop(210)) - Stopping HddsDatanode metrics system...
2019-07-13 07:31:23,754 INFO  impl.MetricsSystemImpl (MetricsSystemImpl.java:stop(216)) - HddsDatanode metrics system stopped.
]]></system-out>
    <system-err><![CDATA[ERROR StatusLogger No Log4j 2 configuration file found. Using default configuration (logging only errors to the console), or user programmatically provided configurations. Set system property 'log4j2.debug' to show Log4j 2 internal initialization logging. See https://logging.apache.org/log4j/2.x/manual/configuration.html for instructions on how to configure Log4j 2
Jul 13, 2019 7:29:42 AM com.sun.jersey.server.impl.application.WebApplicationImpl _initiate
INFO: Initiating Jersey application, version 'Jersey: 1.19 02/11/2015 03:25 AM'
Jul 13, 2019 7:29:42 AM com.sun.jersey.server.impl.application.WebApplicationImpl _initiate
INFO: Initiating Jersey application, version 'Jersey: 1.19 02/11/2015 03:25 AM'
Jul 13, 2019 7:29:43 AM com.sun.jersey.server.impl.application.WebApplicationImpl _initiate
INFO: Initiating Jersey application, version 'Jersey: 1.19 02/11/2015 03:25 AM'
Jul 13, 2019 7:29:43 AM com.sun.jersey.server.impl.application.WebApplicationImpl _initiate
INFO: Initiating Jersey application, version 'Jersey: 1.19 02/11/2015 03:25 AM'
Jul 13, 2019 7:29:43 AM com.sun.jersey.server.impl.application.WebApplicationImpl _initiate
INFO: Initiating Jersey application, version 'Jersey: 1.19 02/11/2015 03:25 AM'
Jul 13, 2019 7:29:43 AM com.sun.jersey.server.impl.application.WebApplicationImpl _initiate
INFO: Initiating Jersey application, version 'Jersey: 1.19 02/11/2015 03:25 AM'
Jul 13, 2019 7:29:44 AM com.sun.jersey.server.impl.application.WebApplicationImpl _initiate
INFO: Initiating Jersey application, version 'Jersey: 1.19 02/11/2015 03:25 AM'
]]></system-err>
  </testcase>
  <testcase name="testDatanodeFailureWithPreAllocation" classname="org.apache.hadoop.ozone.client.rpc.TestBlockOutputStreamWithFailures" time="226.845"/>
  <testcase name="testDatanodeFailureWithSingleNodeRatis" classname="org.apache.hadoop.ozone.client.rpc.TestBlockOutputStreamWithFailures" time="224.848"/>
  <testcase name="testWatchForCommitWithSingleNodeRatis" classname="org.apache.hadoop.ozone.client.rpc.TestBlockOutputStreamWithFailures" time="34.714">
    <error type="java.lang.IllegalArgumentException">java.lang.IllegalArgumentException
	at com.google.common.base.Preconditions.checkArgument(Preconditions.java:72)
	at org.apache.hadoop.hdds.scm.XceiverClientManager.acquireClient(XceiverClientManager.java:150)
	at org.apache.hadoop.hdds.scm.XceiverClientManager.acquireClientForReadData(XceiverClientManager.java:143)
	at org.apache.hadoop.hdds.scm.storage.BlockInputStream.getChunkInfos(BlockInputStream.java:154)
	at org.apache.hadoop.hdds.scm.storage.BlockInputStream.initialize(BlockInputStream.java:118)
	at org.apache.hadoop.hdds.scm.storage.BlockInputStream.read(BlockInputStream.java:222)
	at org.apache.hadoop.ozone.client.io.KeyInputStream.read(KeyInputStream.java:171)
	at org.apache.hadoop.ozone.client.io.OzoneInputStream.read(OzoneInputStream.java:47)
	at java.io.InputStream.read(InputStream.java:101)
	at org.apache.hadoop.ozone.container.ContainerTestHelper.validateData(ContainerTestHelper.java:709)
	at org.apache.hadoop.ozone.client.rpc.TestBlockOutputStreamWithFailures.validateData(TestBlockOutputStreamWithFailures.java:1212)
	at org.apache.hadoop.ozone.client.rpc.TestBlockOutputStreamWithFailures.testWatchForCommitWithSingleNodeRatis(TestBlockOutputStreamWithFailures.java:914)
	at sun.reflect.NativeMethodAccessorImpl.invoke0(Native Method)
	at sun.reflect.NativeMethodAccessorImpl.invoke(NativeMethodAccessorImpl.java:62)
	at sun.reflect.DelegatingMethodAccessorImpl.invoke(DelegatingMethodAccessorImpl.java:43)
	at java.lang.reflect.Method.invoke(Method.java:498)
	at org.junit.runners.model.FrameworkMethod$1.runReflectiveCall(FrameworkMethod.java:47)
	at org.junit.internal.runners.model.ReflectiveCallable.run(ReflectiveCallable.java:12)
	at org.junit.runners.model.FrameworkMethod.invokeExplosively(FrameworkMethod.java:44)
	at org.junit.internal.runners.statements.InvokeMethod.evaluate(InvokeMethod.java:17)
	at org.junit.internal.runners.statements.RunBefores.evaluate(RunBefores.java:26)
	at org.junit.internal.runners.statements.RunAfters.evaluate(RunAfters.java:27)
	at org.junit.runners.ParentRunner.runLeaf(ParentRunner.java:271)
	at org.junit.runners.BlockJUnit4ClassRunner.runChild(BlockJUnit4ClassRunner.java:70)
	at org.junit.runners.BlockJUnit4ClassRunner.runChild(BlockJUnit4ClassRunner.java:50)
	at org.junit.runners.ParentRunner$3.run(ParentRunner.java:238)
	at org.junit.runners.ParentRunner$1.schedule(ParentRunner.java:63)
	at org.junit.runners.ParentRunner.runChildren(ParentRunner.java:236)
	at org.junit.runners.ParentRunner.access$000(ParentRunner.java:53)
	at org.junit.runners.ParentRunner$2.evaluate(ParentRunner.java:229)
	at org.junit.runners.ParentRunner.run(ParentRunner.java:309)
	at org.apache.maven.surefire.junit4.JUnit4Provider.execute(JUnit4Provider.java:365)
	at org.apache.maven.surefire.junit4.JUnit4Provider.executeWithRerun(JUnit4Provider.java:273)
	at org.apache.maven.surefire.junit4.JUnit4Provider.executeTestSet(JUnit4Provider.java:238)
	at org.apache.maven.surefire.junit4.JUnit4Provider.invoke(JUnit4Provider.java:159)
	at org.apache.maven.surefire.booter.ForkedBooter.invokeProviderInSameClassLoader(ForkedBooter.java:384)
	at org.apache.maven.surefire.booter.ForkedBooter.runSuitesInProcess(ForkedBooter.java:345)
	at org.apache.maven.surefire.booter.ForkedBooter.execute(ForkedBooter.java:126)
	at org.apache.maven.surefire.booter.ForkedBooter.main(ForkedBooter.java:418)
</error>
    <system-out><![CDATA[2019-07-13 07:38:55,545 WARN  server.ServerUtils (ServerUtils.java:getScmDbDir(145)) - ozone.scm.db.dirs is not configured. We recommend adding this setting. Falling back to ozone.metadata.dirs instead.
2019-07-13 07:38:55,579 WARN  server.ServerUtils (ServerUtils.java:getScmDbDir(145)) - ozone.scm.db.dirs is not configured. We recommend adding this setting. Falling back to ozone.metadata.dirs instead.
2019-07-13 07:38:55,580 WARN  server.ServerUtils (ServerUtils.java:getScmDbDir(145)) - ozone.scm.db.dirs is not configured. We recommend adding this setting. Falling back to ozone.metadata.dirs instead.
2019-07-13 07:38:55,580 INFO  db.DBStoreBuilder (DBStoreBuilder.java:addTable(110)) - using custom profile for table: deletedBlocks
2019-07-13 07:38:55,581 INFO  db.DBStoreBuilder (DBStoreBuilder.java:processTables(161)) - Using default column profile:DBProfile.DISK for Table:deletedBlocks
2019-07-13 07:38:55,581 INFO  db.DBStoreBuilder (DBStoreBuilder.java:addTable(110)) - using custom profile for table: validCerts
2019-07-13 07:38:55,581 INFO  db.DBStoreBuilder (DBStoreBuilder.java:processTables(161)) - Using default column profile:DBProfile.DISK for Table:validCerts
2019-07-13 07:38:55,581 INFO  db.DBStoreBuilder (DBStoreBuilder.java:addTable(110)) - using custom profile for table: revokedCerts
2019-07-13 07:38:55,581 INFO  db.DBStoreBuilder (DBStoreBuilder.java:processTables(161)) - Using default column profile:DBProfile.DISK for Table:revokedCerts
2019-07-13 07:38:55,582 INFO  db.DBStoreBuilder (DBStoreBuilder.java:addTable(110)) - using custom profile for table: default
2019-07-13 07:38:55,582 INFO  db.DBStoreBuilder (DBStoreBuilder.java:processTables(167)) - Using default column profile:DBProfile.DISK for Table:default
2019-07-13 07:38:55,582 INFO  db.DBStoreBuilder (DBStoreBuilder.java:getDbProfile(198)) - Using default options. DBProfile.DISK
2019-07-13 07:38:55,748 INFO  net.NodeSchemaLoader (NodeSchemaLoader.java:loadSchemaFromFile(125)) - Loading file from sun.misc.CompoundEnumeration@5bfdabf3
2019-07-13 07:38:55,748 INFO  net.NodeSchemaLoader (NodeSchemaLoader.java:loadSchema(171)) - Loading network topology layer schema file
2019-07-13 07:38:55,754 INFO  node.SCMNodeManager (SCMNodeManager.java:<init>(119)) - Entering startup safe mode.
2019-07-13 07:38:55,755 WARN  server.ServerUtils (ServerUtils.java:getScmDbDir(145)) - ozone.scm.db.dirs is not configured. We recommend adding this setting. Falling back to ozone.metadata.dirs instead.
2019-07-13 07:38:55,804 INFO  pipeline.SCMPipelineManager (SCMPipelineManager.java:initializePipelineState(126)) - No pipeline exists in current db
2019-07-13 07:38:55,804 WARN  server.ServerUtils (ServerUtils.java:getScmDbDir(145)) - ozone.scm.db.dirs is not configured. We recommend adding this setting. Falling back to ozone.metadata.dirs instead.
2019-07-13 07:38:55,868 WARN  events.EventQueue (EventQueue.java:fireEvent(175)) - No event handler registered for event TypedEvent{payloadType=SafeModeStatus, name='SafeModeStatus'}
2019-07-13 07:38:55,869 INFO  ipc.CallQueueManager (CallQueueManager.java:<init>(84)) - Using callQueue: class java.util.concurrent.LinkedBlockingQueue, queueCapacity: 2000, scheduler: class org.apache.hadoop.ipc.DefaultRpcScheduler, ipcBackoff: false.
2019-07-13 07:38:55,870 INFO  ipc.Server (Server.java:run(1074)) - Starting Socket Reader #1 for port 42559
2019-07-13 07:38:55,872 INFO  ipc.CallQueueManager (CallQueueManager.java:<init>(84)) - Using callQueue: class java.util.concurrent.LinkedBlockingQueue, queueCapacity: 2000, scheduler: class org.apache.hadoop.ipc.DefaultRpcScheduler, ipcBackoff: false.
2019-07-13 07:38:55,872 INFO  ipc.Server (Server.java:run(1074)) - Starting Socket Reader #1 for port 39537
2019-07-13 07:38:55,874 INFO  ipc.CallQueueManager (CallQueueManager.java:<init>(84)) - Using callQueue: class java.util.concurrent.LinkedBlockingQueue, queueCapacity: 2000, scheduler: class org.apache.hadoop.ipc.DefaultRpcScheduler, ipcBackoff: false.
2019-07-13 07:38:55,875 INFO  ipc.Server (Server.java:run(1074)) - Starting Socket Reader #1 for port 37034
2019-07-13 07:38:55,878 INFO  hdfs.DFSUtil (DFSUtil.java:httpServerTemplateForNNAndJN(1641)) - Starting Web-server for scm at: http://0.0.0.0:0
2019-07-13 07:38:55,880 INFO  server.AuthenticationFilter (AuthenticationFilter.java:constructSecretProvider(240)) - Unable to initialize FileSignerSecretProvider, falling back to use random secrets.
2019-07-13 07:38:55,881 WARN  http.HttpRequestLog (HttpRequestLog.java:getRequestLog(97)) - Jetty request log can only be enabled using Log4j
2019-07-13 07:38:55,883 INFO  http.HttpServer2 (HttpServer2.java:addGlobalFilter(975)) - Added global filter 'safety' (class=org.apache.hadoop.http.HttpServer2$QuotingInputFilter)
2019-07-13 07:38:55,884 INFO  http.HttpServer2 (HttpServer2.java:addFilter(948)) - Added filter static_user_filter (class=org.apache.hadoop.http.lib.StaticUserWebFilter$StaticUserFilter) to context scm
2019-07-13 07:38:55,884 INFO  http.HttpServer2 (HttpServer2.java:addFilter(958)) - Added filter static_user_filter (class=org.apache.hadoop.http.lib.StaticUserWebFilter$StaticUserFilter) to context static
2019-07-13 07:38:55,884 INFO  http.HttpServer2 (HttpServer2.java:addFilter(958)) - Added filter static_user_filter (class=org.apache.hadoop.http.lib.StaticUserWebFilter$StaticUserFilter) to context logs
2019-07-13 07:38:55,887 INFO  server.StorageContainerManager (StorageContainerManager.java:start(759)) - StorageContainerLocationProtocol RPC server is listening at /0.0.0.0:37034
2019-07-13 07:38:55,889 WARN  impl.MetricsConfig (MetricsConfig.java:loadFirst(134)) - Cannot locate configuration: tried hadoop-metrics2-storagecontainermanager.properties,hadoop-metrics2.properties
2019-07-13 07:38:55,893 INFO  impl.MetricsSystemImpl (MetricsSystemImpl.java:startTimer(374)) - Scheduled Metric snapshot period at 10 second(s).
2019-07-13 07:38:55,893 INFO  impl.MetricsSystemImpl (MetricsSystemImpl.java:start(191)) - StorageContainerManager metrics system started
2019-07-13 07:38:55,959 INFO  server.SCMClientProtocolServer (SCMClientProtocolServer.java:start(149)) - RPC server for Client  is listening at /0.0.0.0:37034
2019-07-13 07:38:55,959 INFO  ipc.Server (Server.java:run(1314)) - IPC Server Responder: starting
2019-07-13 07:38:55,961 INFO  ipc.Server (Server.java:run(1153)) - IPC Server listener on 37034: starting
2019-07-13 07:38:55,964 INFO  server.StorageContainerManager (StorageContainerManager.java:start(768)) - ScmBlockLocationProtocol RPC server is listening at /0.0.0.0:39537
2019-07-13 07:38:55,964 INFO  server.SCMBlockProtocolServer (SCMBlockProtocolServer.java:start(140)) - RPC server for Block Protocol is listening at /0.0.0.0:39537
2019-07-13 07:38:55,964 INFO  ipc.Server (Server.java:run(1314)) - IPC Server Responder: starting
2019-07-13 07:38:55,965 INFO  ipc.Server (Server.java:run(1153)) - IPC Server listener on 39537: starting
2019-07-13 07:38:55,969 INFO  server.StorageContainerManager (StorageContainerManager.java:start(772)) - ScmDatanodeProtocl RPC server is listening at /0.0.0.0:42559
2019-07-13 07:38:55,969 INFO  server.SCMDatanodeProtocolServer (SCMDatanodeProtocolServer.java:start(191)) - RPC server for DataNodes is listening at /0.0.0.0:42559
2019-07-13 07:38:55,969 INFO  ipc.Server (Server.java:run(1314)) - IPC Server Responder: starting
2019-07-13 07:38:55,969 INFO  ipc.Server (Server.java:run(1153)) - IPC Server listener on 42559: starting
2019-07-13 07:38:56,145 INFO  http.HttpServer2 (HttpServer2.java:bindListener(1191)) - Jetty bound to port 32850
2019-07-13 07:38:56,147 INFO  server.Server (Server.java:doStart(351)) - jetty-9.3.24.v20180605, build timestamp: 2018-06-05T17:11:56Z, git hash: 84205aa28f11a4f31f2a3b86d1bba2cc8ab69827
2019-07-13 07:38:56,171 INFO  handler.ContextHandler (ContextHandler.java:doStart(781)) - Started o.e.j.s.ServletContextHandler@23909b3{/logs,file:///tmp/workdir/hadoop-ozone/integration-test/target/log,AVAILABLE}
2019-07-13 07:38:56,172 INFO  handler.ContextHandler (ContextHandler.java:doStart(781)) - Started o.e.j.s.ServletContextHandler@4a490518{/static,file:///tmp/workdir/hadoop-ozone/integration-test/target/test-classes/webapps/static,AVAILABLE}
2019-07-13 07:38:56,180 INFO  handler.ContextHandler (ContextHandler.java:doStart(781)) - Started o.e.j.w.WebAppContext@11771fd6{/,file:///tmp/workdir/hadoop-ozone/integration-test/target/test-classes/webapps/scm/,AVAILABLE}{/scm}
2019-07-13 07:38:56,180 INFO  server.AbstractConnector (AbstractConnector.java:doStart(278)) - Started ServerConnector@1c512bb{HTTP/1.1,[http/1.1]}{0.0.0.0:32850}
2019-07-13 07:38:56,181 INFO  server.Server (Server.java:doStart(419)) - Started @559723ms
2019-07-13 07:38:56,182 INFO  server.BaseHttpServer (BaseHttpServer.java:updateConnectorAddress(207)) - HTTP server of SCM is listening at http://0.0.0.0:32850
2019-07-13 07:38:56,183 WARN  server.ServerUtils (ServerUtils.java:getDBPath(222)) - ozone.om.db.dirs is not configured. We recommend adding this setting. Falling back to ozone.metadata.dirs instead.
2019-07-13 07:38:56,184 INFO  util.JvmPauseMonitor (JvmPauseMonitor.java:run(188)) - Starting JVM pause monitor
2019-07-13 07:38:56,209 WARN  server.ServerUtils (ServerUtils.java:getDBPath(222)) - ozone.om.db.dirs is not configured. We recommend adding this setting. Falling back to ozone.metadata.dirs instead.
2019-07-13 07:38:56,210 INFO  om.OzoneManager (OzoneManager.java:setOMNodeDetails(630)) - OM Service ID is not set. Setting it to the default ID: omServiceIdDefault
2019-07-13 07:38:56,210 INFO  om.OzoneManager (OzoneManager.java:setOMNodeDetails(636)) - OM Node ID is not set. Setting it to the OmStorage's OmID: c7eabf35-84b1-4cfb-be26-9dd90ee69d72
2019-07-13 07:38:56,210 INFO  om.OzoneManager (OzoneManager.java:loadOMHAConfigs(587)) - Found matching OM address with OMServiceId: null, OMNodeId: null, RPC Address: localhost:0 and Ratis port: 9872
2019-07-13 07:38:56,221 WARN  server.ServerUtils (ServerUtils.java:getDBPath(222)) - ozone.om.db.dirs is not configured. We recommend adding this setting. Falling back to ozone.metadata.dirs instead.
2019-07-13 07:38:56,221 INFO  db.DBStoreBuilder (DBStoreBuilder.java:addTable(110)) - using custom profile for table: userTable
2019-07-13 07:38:56,222 INFO  db.DBStoreBuilder (DBStoreBuilder.java:processTables(161)) - Using default column profile:DBProfile.DISK for Table:userTable
2019-07-13 07:38:56,222 INFO  db.DBStoreBuilder (DBStoreBuilder.java:addTable(110)) - using custom profile for table: volumeTable
2019-07-13 07:38:56,222 INFO  db.DBStoreBuilder (DBStoreBuilder.java:processTables(161)) - Using default column profile:DBProfile.DISK for Table:volumeTable
2019-07-13 07:38:56,222 INFO  db.DBStoreBuilder (DBStoreBuilder.java:addTable(110)) - using custom profile for table: bucketTable
2019-07-13 07:38:56,223 INFO  db.DBStoreBuilder (DBStoreBuilder.java:processTables(161)) - Using default column profile:DBProfile.DISK for Table:bucketTable
2019-07-13 07:38:56,223 INFO  db.DBStoreBuilder (DBStoreBuilder.java:addTable(110)) - using custom profile for table: keyTable
2019-07-13 07:38:56,223 INFO  db.DBStoreBuilder (DBStoreBuilder.java:processTables(161)) - Using default column profile:DBProfile.DISK for Table:keyTable
2019-07-13 07:38:56,223 INFO  db.DBStoreBuilder (DBStoreBuilder.java:addTable(110)) - using custom profile for table: deletedTable
2019-07-13 07:38:56,224 INFO  db.DBStoreBuilder (DBStoreBuilder.java:processTables(161)) - Using default column profile:DBProfile.DISK for Table:deletedTable
2019-07-13 07:38:56,224 INFO  db.DBStoreBuilder (DBStoreBuilder.java:addTable(110)) - using custom profile for table: openKeyTable
2019-07-13 07:38:56,224 INFO  db.DBStoreBuilder (DBStoreBuilder.java:processTables(161)) - Using default column profile:DBProfile.DISK for Table:openKeyTable
2019-07-13 07:38:56,224 INFO  db.DBStoreBuilder (DBStoreBuilder.java:addTable(110)) - using custom profile for table: s3Table
2019-07-13 07:38:56,224 INFO  db.DBStoreBuilder (DBStoreBuilder.java:processTables(161)) - Using default column profile:DBProfile.DISK for Table:s3Table
2019-07-13 07:38:56,225 INFO  db.DBStoreBuilder (DBStoreBuilder.java:addTable(110)) - using custom profile for table: multipartInfoTable
2019-07-13 07:38:56,225 INFO  db.DBStoreBuilder (DBStoreBuilder.java:processTables(161)) - Using default column profile:DBProfile.DISK for Table:multipartInfoTable
2019-07-13 07:38:56,225 INFO  db.DBStoreBuilder (DBStoreBuilder.java:addTable(110)) - using custom profile for table: dTokenTable
2019-07-13 07:38:56,225 INFO  db.DBStoreBuilder (DBStoreBuilder.java:processTables(161)) - Using default column profile:DBProfile.DISK for Table:dTokenTable
2019-07-13 07:38:56,226 INFO  db.DBStoreBuilder (DBStoreBuilder.java:addTable(110)) - using custom profile for table: s3SecretTable
2019-07-13 07:38:56,226 INFO  db.DBStoreBuilder (DBStoreBuilder.java:processTables(161)) - Using default column profile:DBProfile.DISK for Table:s3SecretTable
2019-07-13 07:38:56,226 INFO  db.DBStoreBuilder (DBStoreBuilder.java:addTable(110)) - using custom profile for table: prefixTable
2019-07-13 07:38:56,226 INFO  db.DBStoreBuilder (DBStoreBuilder.java:processTables(161)) - Using default column profile:DBProfile.DISK for Table:prefixTable
2019-07-13 07:38:56,227 INFO  db.DBStoreBuilder (DBStoreBuilder.java:addTable(110)) - using custom profile for table: default
2019-07-13 07:38:56,227 INFO  db.DBStoreBuilder (DBStoreBuilder.java:processTables(167)) - Using default column profile:DBProfile.DISK for Table:default
2019-07-13 07:38:56,227 INFO  db.DBStoreBuilder (DBStoreBuilder.java:getDbProfile(198)) - Using default options. DBProfile.DISK
2019-07-13 07:38:56,787 INFO  ipc.CallQueueManager (CallQueueManager.java:<init>(84)) - Using callQueue: class java.util.concurrent.LinkedBlockingQueue, queueCapacity: 2000, scheduler: class org.apache.hadoop.ipc.DefaultRpcScheduler, ipcBackoff: false.
2019-07-13 07:38:56,788 INFO  ipc.Server (Server.java:run(1074)) - Starting Socket Reader #1 for port 42732
2019-07-13 07:38:56,806 WARN  server.ServerUtils (ServerUtils.java:getDBPath(222)) - ozone.om.db.dirs is not configured. We recommend adding this setting. Falling back to ozone.metadata.dirs instead.
2019-07-13 07:38:56,807 INFO  om.OzoneManager (OzoneManager.java:start(1228)) - OzoneManager RPC server is listening at localhost/127.0.0.1:42732
2019-07-13 07:38:56,807 INFO  impl.MetricsSystemImpl (MetricsSystemImpl.java:init(158)) - OzoneManager metrics system started (again)
2019-07-13 07:38:56,808 INFO  ipc.Server (Server.java:run(1314)) - IPC Server Responder: starting
2019-07-13 07:38:56,809 INFO  ipc.Server (Server.java:run(1153)) - IPC Server listener on 42732: starting
2019-07-13 07:38:56,814 INFO  hdfs.DFSUtil (DFSUtil.java:httpServerTemplateForNNAndJN(1641)) - Starting Web-server for ozoneManager at: http://0.0.0.0:0
2019-07-13 07:38:56,816 INFO  server.AuthenticationFilter (AuthenticationFilter.java:constructSecretProvider(240)) - Unable to initialize FileSignerSecretProvider, falling back to use random secrets.
2019-07-13 07:38:56,816 WARN  http.HttpRequestLog (HttpRequestLog.java:getRequestLog(97)) - Jetty request log can only be enabled using Log4j
2019-07-13 07:38:56,818 INFO  http.HttpServer2 (HttpServer2.java:addGlobalFilter(975)) - Added global filter 'safety' (class=org.apache.hadoop.http.HttpServer2$QuotingInputFilter)
2019-07-13 07:38:56,818 INFO  http.HttpServer2 (HttpServer2.java:addFilter(948)) - Added filter static_user_filter (class=org.apache.hadoop.http.lib.StaticUserWebFilter$StaticUserFilter) to context ozoneManager
2019-07-13 07:38:56,819 INFO  http.HttpServer2 (HttpServer2.java:addFilter(958)) - Added filter static_user_filter (class=org.apache.hadoop.http.lib.StaticUserWebFilter$StaticUserFilter) to context static
2019-07-13 07:38:56,819 INFO  http.HttpServer2 (HttpServer2.java:addFilter(958)) - Added filter static_user_filter (class=org.apache.hadoop.http.lib.StaticUserWebFilter$StaticUserFilter) to context logs
2019-07-13 07:38:56,820 INFO  http.HttpServer2 (HttpServer2.java:bindListener(1191)) - Jetty bound to port 41779
2019-07-13 07:38:56,820 INFO  server.Server (Server.java:doStart(351)) - jetty-9.3.24.v20180605, build timestamp: 2018-06-05T17:11:56Z, git hash: 84205aa28f11a4f31f2a3b86d1bba2cc8ab69827
2019-07-13 07:38:56,822 INFO  handler.ContextHandler (ContextHandler.java:doStart(781)) - Started o.e.j.s.ServletContextHandler@238a7e3d{/logs,file:///tmp/workdir/hadoop-ozone/integration-test/target/log,AVAILABLE}
2019-07-13 07:38:56,822 INFO  handler.ContextHandler (ContextHandler.java:doStart(781)) - Started o.e.j.s.ServletContextHandler@6bec566e{/static,file:///tmp/workdir/hadoop-ozone/integration-test/target/test-classes/webapps/static,AVAILABLE}
2019-07-13 07:38:56,827 INFO  handler.ContextHandler (ContextHandler.java:doStart(781)) - Started o.e.j.w.WebAppContext@109188b4{/,file:///tmp/workdir/hadoop-ozone/integration-test/target/test-classes/webapps/ozoneManager/,AVAILABLE}{/ozoneManager}
2019-07-13 07:38:56,828 INFO  server.AbstractConnector (AbstractConnector.java:doStart(278)) - Started ServerConnector@7091a016{HTTP/1.1,[http/1.1]}{0.0.0.0:41779}
2019-07-13 07:38:56,829 INFO  server.Server (Server.java:doStart(419)) - Started @560370ms
2019-07-13 07:38:56,830 INFO  server.BaseHttpServer (BaseHttpServer.java:updateConnectorAddress(207)) - HTTP server of OZONEMANAGER is listening at http://0.0.0.0:41779
2019-07-13 07:38:56,846 INFO  impl.MetricsSystemImpl (MetricsSystemImpl.java:init(158)) - HddsDatanode metrics system started (again)
2019-07-13 07:38:56,846 INFO  ozone.HddsDatanodeService (HddsDatanodeService.java:start(185)) - HddsDatanodeService host:trunk-nightly-9lh4p-2362225927 ip:192.168.69.84
2019-07-13 07:38:56,856 INFO  volume.HddsVolume (HddsVolume.java:<init>(176)) - Creating Volume: /tmp/workdir/hadoop-ozone/integration-test/target/test-dir/MiniOzoneClusterImpl-44c4c997-bfce-4c08-899e-6a5652d50fdd/datanode-0/data/containers/hdds of  storage type : DISK and capacity : 52710309888
2019-07-13 07:38:56,857 INFO  volume.VolumeSet (VolumeSet.java:initializeVolumeSet(170)) - Added Volume : /tmp/workdir/hadoop-ozone/integration-test/target/test-dir/MiniOzoneClusterImpl-44c4c997-bfce-4c08-899e-6a5652d50fdd/datanode-0/data/containers/hdds to VolumeSet
2019-07-13 07:38:56,857 INFO  volume.ThrottledAsyncChecker (ThrottledAsyncChecker.java:schedule(140)) - Scheduling a check for org.apache.hadoop.ozone.container.common.volume.HddsVolume@76c85485
2019-07-13 07:38:56,857 INFO  volume.HddsVolumeChecker (HddsVolumeChecker.java:checkAllVolumes(203)) - Scheduled health check for volume org.apache.hadoop.ozone.container.common.volume.HddsVolume@76c85485
2019-07-13 07:38:56,872 INFO  impl.RaftServerProxy (ConfUtils.java:logGet(43)) - raft.rpc.type = GRPC (default)
2019-07-13 07:38:56,872 INFO  grpc.GrpcFactory (GrpcFactory.java:checkPooledByteBufAllocatorUseCacheForAllThreads(45)) - PERFORMANCE WARNING: useCacheForAllThreads is true that may cause Netty to create a lot garbage objects and, as a result, trigger GC.
	It is recommended to disable useCacheForAllThreads by setting -Dorg.apache.ratis.thirdparty.io.netty.allocator.useCacheForAllThreads=false in command line.
2019-07-13 07:38:56,872 INFO  grpc.GrpcConfigKeys$Server (ConfUtils.java:logGet(43)) - raft.grpc.server.port = 0 (default)
2019-07-13 07:38:56,873 INFO  server.GrpcService (ConfUtils.java:logGet(43)) - raft.grpc.message.size.max = 33570816 (custom)
2019-07-13 07:38:56,873 INFO  server.RaftServerConfigKeys (ConfUtils.java:logGet(43)) - raft.server.log.appender.buffer.byte-limit = 33554432 (custom)
2019-07-13 07:38:56,873 INFO  server.GrpcService (ConfUtils.java:logGet(43)) - raft.grpc.flow.control.window = 1MB (=1048576) (default)
2019-07-13 07:38:56,873 INFO  server.RaftServerConfigKeys (ConfUtils.java:logGet(43)) - raft.server.rpc.request.timeout = 3000ms (default)
2019-07-13 07:38:56,874 INFO  server.RaftServerConfigKeys (ConfUtils.java:logGet(43)) - raft.server.storage.dir = [/tmp/workdir/hadoop-ozone/integration-test/target/test-dir/MiniOzoneClusterImpl-44c4c997-bfce-4c08-899e-6a5652d50fdd/datanode-0/data/ratis] (custom)
2019-07-13 07:38:56,874 INFO  replication.SimpleContainerDownloader (SimpleContainerDownloader.java:<init>(72)) - Starting container downloader service to copy containers to replicate.
2019-07-13 07:38:56,875 INFO  hdfs.DFSUtil (DFSUtil.java:httpServerTemplateForNNAndJN(1641)) - Starting Web-server for hddsDatanode at: http://0.0.0.0:0
2019-07-13 07:38:56,877 INFO  server.AuthenticationFilter (AuthenticationFilter.java:constructSecretProvider(240)) - Unable to initialize FileSignerSecretProvider, falling back to use random secrets.
2019-07-13 07:38:56,877 WARN  http.HttpRequestLog (HttpRequestLog.java:getRequestLog(97)) - Jetty request log can only be enabled using Log4j
2019-07-13 07:38:56,878 INFO  http.HttpServer2 (HttpServer2.java:addGlobalFilter(975)) - Added global filter 'safety' (class=org.apache.hadoop.http.HttpServer2$QuotingInputFilter)
2019-07-13 07:38:56,879 INFO  http.HttpServer2 (HttpServer2.java:addFilter(948)) - Added filter static_user_filter (class=org.apache.hadoop.http.lib.StaticUserWebFilter$StaticUserFilter) to context hddsDatanode
2019-07-13 07:38:56,879 INFO  http.HttpServer2 (HttpServer2.java:addFilter(958)) - Added filter static_user_filter (class=org.apache.hadoop.http.lib.StaticUserWebFilter$StaticUserFilter) to context static
2019-07-13 07:38:56,879 INFO  http.HttpServer2 (HttpServer2.java:addFilter(958)) - Added filter static_user_filter (class=org.apache.hadoop.http.lib.StaticUserWebFilter$StaticUserFilter) to context logs
2019-07-13 07:38:56,880 INFO  http.HttpServer2 (HttpServer2.java:bindListener(1191)) - Jetty bound to port 43271
2019-07-13 07:38:56,880 INFO  server.Server (Server.java:doStart(351)) - jetty-9.3.24.v20180605, build timestamp: 2018-06-05T17:11:56Z, git hash: 84205aa28f11a4f31f2a3b86d1bba2cc8ab69827
2019-07-13 07:38:56,882 INFO  handler.ContextHandler (ContextHandler.java:doStart(781)) - Started o.e.j.s.ServletContextHandler@54f4734e{/logs,file:///tmp/workdir/hadoop-ozone/integration-test/target/log,AVAILABLE}
2019-07-13 07:38:56,883 INFO  handler.ContextHandler (ContextHandler.java:doStart(781)) - Started o.e.j.s.ServletContextHandler@4be1c797{/static,jar:file:/home/user/.m2/repository/org/apache/hadoop/hadoop-hdds-container-service/0.5.0-SNAPSHOT/hadoop-hdds-container-service-0.5.0-SNAPSHOT.jar!/webapps/static,AVAILABLE}
2019-07-13 07:38:56,926 INFO  handler.ContextHandler (ContextHandler.java:doStart(781)) - Started o.e.j.w.WebAppContext@781bd9dd{/,file:///tmp/jetty-0.0.0.0-43271-hddsDatanode-_-any-2610286320943356871.dir/webapp/,AVAILABLE}{/hddsDatanode}
2019-07-13 07:38:56,926 INFO  server.AbstractConnector (AbstractConnector.java:doStart(278)) - Started ServerConnector@1cc42abe{HTTP/1.1,[http/1.1]}{0.0.0.0:43271}
2019-07-13 07:38:56,928 INFO  server.Server (Server.java:doStart(419)) - Started @560469ms
2019-07-13 07:38:56,929 INFO  server.BaseHttpServer (BaseHttpServer.java:updateConnectorAddress(207)) - HTTP server of HDDSDATANODE is listening at http://0.0.0.0:43271
2019-07-13 07:38:57,086 INFO  ozone.HddsDatanodeService (HddsDatanodeService.java:startPlugins(396)) - Started plug-in org.apache.hadoop.ozone.web.OzoneHddsDatanodeService@6f12b637
2019-07-13 07:38:57,087 INFO  impl.MetricsSystemImpl (MetricsSystemImpl.java:init(158)) - HddsDatanode metrics system started (again)
2019-07-13 07:38:57,089 INFO  ozone.HddsDatanodeService (HddsDatanodeService.java:start(185)) - HddsDatanodeService host:trunk-nightly-9lh4p-2362225927 ip:192.168.69.84
2019-07-13 07:38:57,090 INFO  util.JvmPauseMonitor (JvmPauseMonitor.java:run(188)) - Starting JVM pause monitor
2019-07-13 07:38:57,092 INFO  datanode.InitDatanodeState (InitDatanodeState.java:persistContainerDatanodeDetails(140)) - DatanodeDetails is persisted to /tmp/workdir/hadoop-ozone/integration-test/target/test-dir/MiniOzoneClusterImpl-44c4c997-bfce-4c08-899e-6a5652d50fdd/datanode-0/meta/datanode.id
2019-07-13 07:38:57,098 INFO  volume.HddsVolume (HddsVolume.java:<init>(176)) - Creating Volume: /tmp/workdir/hadoop-ozone/integration-test/target/test-dir/MiniOzoneClusterImpl-44c4c997-bfce-4c08-899e-6a5652d50fdd/datanode-1/data/containers/hdds of  storage type : DISK and capacity : 52710309888
2019-07-13 07:38:57,099 INFO  volume.VolumeSet (VolumeSet.java:initializeVolumeSet(170)) - Added Volume : /tmp/workdir/hadoop-ozone/integration-test/target/test-dir/MiniOzoneClusterImpl-44c4c997-bfce-4c08-899e-6a5652d50fdd/datanode-1/data/containers/hdds to VolumeSet
2019-07-13 07:38:57,099 INFO  volume.ThrottledAsyncChecker (ThrottledAsyncChecker.java:schedule(140)) - Scheduling a check for org.apache.hadoop.ozone.container.common.volume.HddsVolume@4af6839c
2019-07-13 07:38:57,100 INFO  volume.HddsVolumeChecker (HddsVolumeChecker.java:checkAllVolumes(203)) - Scheduled health check for volume org.apache.hadoop.ozone.container.common.volume.HddsVolume@4af6839c
2019-07-13 07:38:57,116 INFO  impl.RaftServerProxy (ConfUtils.java:logGet(43)) - raft.rpc.type = GRPC (default)
2019-07-13 07:38:57,116 INFO  grpc.GrpcFactory (GrpcFactory.java:checkPooledByteBufAllocatorUseCacheForAllThreads(45)) - PERFORMANCE WARNING: useCacheForAllThreads is true that may cause Netty to create a lot garbage objects and, as a result, trigger GC.
	It is recommended to disable useCacheForAllThreads by setting -Dorg.apache.ratis.thirdparty.io.netty.allocator.useCacheForAllThreads=false in command line.
2019-07-13 07:38:57,116 INFO  grpc.GrpcConfigKeys$Server (ConfUtils.java:logGet(43)) - raft.grpc.server.port = 0 (default)
2019-07-13 07:38:57,117 INFO  server.GrpcService (ConfUtils.java:logGet(43)) - raft.grpc.message.size.max = 33570816 (custom)
2019-07-13 07:38:57,117 INFO  server.RaftServerConfigKeys (ConfUtils.java:logGet(43)) - raft.server.log.appender.buffer.byte-limit = 33554432 (custom)
2019-07-13 07:38:57,117 INFO  server.GrpcService (ConfUtils.java:logGet(43)) - raft.grpc.flow.control.window = 1MB (=1048576) (default)
2019-07-13 07:38:57,117 INFO  server.RaftServerConfigKeys (ConfUtils.java:logGet(43)) - raft.server.rpc.request.timeout = 3000ms (default)
2019-07-13 07:38:57,118 INFO  server.RaftServerConfigKeys (ConfUtils.java:logGet(43)) - raft.server.storage.dir = [/tmp/workdir/hadoop-ozone/integration-test/target/test-dir/MiniOzoneClusterImpl-44c4c997-bfce-4c08-899e-6a5652d50fdd/datanode-1/data/ratis] (custom)
2019-07-13 07:38:57,119 INFO  replication.SimpleContainerDownloader (SimpleContainerDownloader.java:<init>(72)) - Starting container downloader service to copy containers to replicate.
2019-07-13 07:38:57,120 INFO  hdfs.DFSUtil (DFSUtil.java:httpServerTemplateForNNAndJN(1641)) - Starting Web-server for hddsDatanode at: http://0.0.0.0:0
2019-07-13 07:38:57,122 INFO  server.AuthenticationFilter (AuthenticationFilter.java:constructSecretProvider(240)) - Unable to initialize FileSignerSecretProvider, falling back to use random secrets.
2019-07-13 07:38:57,122 WARN  http.HttpRequestLog (HttpRequestLog.java:getRequestLog(97)) - Jetty request log can only be enabled using Log4j
2019-07-13 07:38:57,124 INFO  http.HttpServer2 (HttpServer2.java:addGlobalFilter(975)) - Added global filter 'safety' (class=org.apache.hadoop.http.HttpServer2$QuotingInputFilter)
2019-07-13 07:38:57,124 INFO  http.HttpServer2 (HttpServer2.java:addFilter(948)) - Added filter static_user_filter (class=org.apache.hadoop.http.lib.StaticUserWebFilter$StaticUserFilter) to context hddsDatanode
2019-07-13 07:38:57,125 INFO  http.HttpServer2 (HttpServer2.java:addFilter(958)) - Added filter static_user_filter (class=org.apache.hadoop.http.lib.StaticUserWebFilter$StaticUserFilter) to context logs
2019-07-13 07:38:57,125 INFO  http.HttpServer2 (HttpServer2.java:addFilter(958)) - Added filter static_user_filter (class=org.apache.hadoop.http.lib.StaticUserWebFilter$StaticUserFilter) to context static
2019-07-13 07:38:57,126 INFO  http.HttpServer2 (HttpServer2.java:bindListener(1191)) - Jetty bound to port 37692
2019-07-13 07:38:57,126 INFO  server.Server (Server.java:doStart(351)) - jetty-9.3.24.v20180605, build timestamp: 2018-06-05T17:11:56Z, git hash: 84205aa28f11a4f31f2a3b86d1bba2cc8ab69827
2019-07-13 07:38:57,128 INFO  handler.ContextHandler (ContextHandler.java:doStart(781)) - Started o.e.j.s.ServletContextHandler@7699e60a{/logs,file:///tmp/workdir/hadoop-ozone/integration-test/target/log,AVAILABLE}
2019-07-13 07:38:57,129 INFO  handler.ContextHandler (ContextHandler.java:doStart(781)) - Started o.e.j.s.ServletContextHandler@734a2c17{/static,jar:file:/home/user/.m2/repository/org/apache/hadoop/hadoop-hdds-container-service/0.5.0-SNAPSHOT/hadoop-hdds-container-service-0.5.0-SNAPSHOT.jar!/webapps/static,AVAILABLE}
2019-07-13 07:38:57,166 INFO  handler.ContextHandler (ContextHandler.java:doStart(781)) - Started o.e.j.w.WebAppContext@5bc1903{/,file:///tmp/jetty-0.0.0.0-37692-hddsDatanode-_-any-5306011711282921884.dir/webapp/,AVAILABLE}{/hddsDatanode}
2019-07-13 07:38:57,166 INFO  server.AbstractConnector (AbstractConnector.java:doStart(278)) - Started ServerConnector@3cc5408c{HTTP/1.1,[http/1.1]}{0.0.0.0:37692}
2019-07-13 07:38:57,166 INFO  server.Server (Server.java:doStart(419)) - Started @560708ms
2019-07-13 07:38:57,168 INFO  server.BaseHttpServer (BaseHttpServer.java:updateConnectorAddress(207)) - HTTP server of HDDSDATANODE is listening at http://0.0.0.0:37692
2019-07-13 07:38:57,273 INFO  ozone.HddsDatanodeService (HddsDatanodeService.java:startPlugins(396)) - Started plug-in org.apache.hadoop.ozone.web.OzoneHddsDatanodeService@19d3f4fb
2019-07-13 07:38:57,273 INFO  impl.MetricsSystemImpl (MetricsSystemImpl.java:init(158)) - HddsDatanode metrics system started (again)
2019-07-13 07:38:57,275 INFO  ozone.HddsDatanodeService (HddsDatanodeService.java:start(185)) - HddsDatanodeService host:trunk-nightly-9lh4p-2362225927 ip:192.168.69.84
2019-07-13 07:38:57,277 INFO  util.JvmPauseMonitor (JvmPauseMonitor.java:run(188)) - Starting JVM pause monitor
2019-07-13 07:38:57,278 INFO  datanode.InitDatanodeState (InitDatanodeState.java:persistContainerDatanodeDetails(140)) - DatanodeDetails is persisted to /tmp/workdir/hadoop-ozone/integration-test/target/test-dir/MiniOzoneClusterImpl-44c4c997-bfce-4c08-899e-6a5652d50fdd/datanode-1/meta/datanode.id
2019-07-13 07:38:57,286 INFO  volume.HddsVolume (HddsVolume.java:<init>(176)) - Creating Volume: /tmp/workdir/hadoop-ozone/integration-test/target/test-dir/MiniOzoneClusterImpl-44c4c997-bfce-4c08-899e-6a5652d50fdd/datanode-2/data/containers/hdds of  storage type : DISK and capacity : 52710309888
2019-07-13 07:38:57,286 INFO  volume.VolumeSet (VolumeSet.java:initializeVolumeSet(170)) - Added Volume : /tmp/workdir/hadoop-ozone/integration-test/target/test-dir/MiniOzoneClusterImpl-44c4c997-bfce-4c08-899e-6a5652d50fdd/datanode-2/data/containers/hdds to VolumeSet
2019-07-13 07:38:57,286 INFO  volume.ThrottledAsyncChecker (ThrottledAsyncChecker.java:schedule(140)) - Scheduling a check for org.apache.hadoop.ozone.container.common.volume.HddsVolume@64e247e
2019-07-13 07:38:57,287 INFO  volume.HddsVolumeChecker (HddsVolumeChecker.java:checkAllVolumes(203)) - Scheduled health check for volume org.apache.hadoop.ozone.container.common.volume.HddsVolume@64e247e
2019-07-13 07:38:57,300 INFO  impl.RaftServerProxy (ConfUtils.java:logGet(43)) - raft.rpc.type = GRPC (default)
2019-07-13 07:38:57,300 INFO  grpc.GrpcFactory (GrpcFactory.java:checkPooledByteBufAllocatorUseCacheForAllThreads(45)) - PERFORMANCE WARNING: useCacheForAllThreads is true that may cause Netty to create a lot garbage objects and, as a result, trigger GC.
	It is recommended to disable useCacheForAllThreads by setting -Dorg.apache.ratis.thirdparty.io.netty.allocator.useCacheForAllThreads=false in command line.
2019-07-13 07:38:57,300 INFO  grpc.GrpcConfigKeys$Server (ConfUtils.java:logGet(43)) - raft.grpc.server.port = 0 (default)
2019-07-13 07:38:57,300 INFO  server.GrpcService (ConfUtils.java:logGet(43)) - raft.grpc.message.size.max = 33570816 (custom)
2019-07-13 07:38:57,300 INFO  server.RaftServerConfigKeys (ConfUtils.java:logGet(43)) - raft.server.log.appender.buffer.byte-limit = 33554432 (custom)
2019-07-13 07:38:57,300 INFO  server.GrpcService (ConfUtils.java:logGet(43)) - raft.grpc.flow.control.window = 1MB (=1048576) (default)
2019-07-13 07:38:57,301 INFO  server.RaftServerConfigKeys (ConfUtils.java:logGet(43)) - raft.server.rpc.request.timeout = 3000ms (default)
2019-07-13 07:38:57,301 INFO  server.RaftServerConfigKeys (ConfUtils.java:logGet(43)) - raft.server.storage.dir = [/tmp/workdir/hadoop-ozone/integration-test/target/test-dir/MiniOzoneClusterImpl-44c4c997-bfce-4c08-899e-6a5652d50fdd/datanode-2/data/ratis] (custom)
2019-07-13 07:38:57,301 INFO  replication.SimpleContainerDownloader (SimpleContainerDownloader.java:<init>(72)) - Starting container downloader service to copy containers to replicate.
2019-07-13 07:38:57,302 INFO  hdfs.DFSUtil (DFSUtil.java:httpServerTemplateForNNAndJN(1641)) - Starting Web-server for hddsDatanode at: http://0.0.0.0:0
2019-07-13 07:38:57,303 INFO  server.AuthenticationFilter (AuthenticationFilter.java:constructSecretProvider(240)) - Unable to initialize FileSignerSecretProvider, falling back to use random secrets.
2019-07-13 07:38:57,304 WARN  http.HttpRequestLog (HttpRequestLog.java:getRequestLog(97)) - Jetty request log can only be enabled using Log4j
2019-07-13 07:38:57,305 INFO  http.HttpServer2 (HttpServer2.java:addGlobalFilter(975)) - Added global filter 'safety' (class=org.apache.hadoop.http.HttpServer2$QuotingInputFilter)
2019-07-13 07:38:57,305 INFO  http.HttpServer2 (HttpServer2.java:addFilter(948)) - Added filter static_user_filter (class=org.apache.hadoop.http.lib.StaticUserWebFilter$StaticUserFilter) to context hddsDatanode
2019-07-13 07:38:57,305 INFO  http.HttpServer2 (HttpServer2.java:addFilter(958)) - Added filter static_user_filter (class=org.apache.hadoop.http.lib.StaticUserWebFilter$StaticUserFilter) to context static
2019-07-13 07:38:57,305 INFO  http.HttpServer2 (HttpServer2.java:addFilter(958)) - Added filter static_user_filter (class=org.apache.hadoop.http.lib.StaticUserWebFilter$StaticUserFilter) to context logs
2019-07-13 07:38:57,306 INFO  http.HttpServer2 (HttpServer2.java:bindListener(1191)) - Jetty bound to port 41956
2019-07-13 07:38:57,306 INFO  server.Server (Server.java:doStart(351)) - jetty-9.3.24.v20180605, build timestamp: 2018-06-05T17:11:56Z, git hash: 84205aa28f11a4f31f2a3b86d1bba2cc8ab69827
2019-07-13 07:38:57,308 INFO  handler.ContextHandler (ContextHandler.java:doStart(781)) - Started o.e.j.s.ServletContextHandler@38f3dbbf{/logs,file:///tmp/workdir/hadoop-ozone/integration-test/target/log,AVAILABLE}
2019-07-13 07:38:57,308 INFO  handler.ContextHandler (ContextHandler.java:doStart(781)) - Started o.e.j.s.ServletContextHandler@70ab1ce0{/static,jar:file:/home/user/.m2/repository/org/apache/hadoop/hadoop-hdds-container-service/0.5.0-SNAPSHOT/hadoop-hdds-container-service-0.5.0-SNAPSHOT.jar!/webapps/static,AVAILABLE}
2019-07-13 07:38:57,334 INFO  handler.ContextHandler (ContextHandler.java:doStart(781)) - Started o.e.j.w.WebAppContext@20608ef4{/,file:///tmp/jetty-0.0.0.0-41956-hddsDatanode-_-any-276369186962621220.dir/webapp/,AVAILABLE}{/hddsDatanode}
2019-07-13 07:38:57,334 INFO  server.AbstractConnector (AbstractConnector.java:doStart(278)) - Started ServerConnector@30a1b2ad{HTTP/1.1,[http/1.1]}{0.0.0.0:41956}
2019-07-13 07:38:57,334 INFO  server.Server (Server.java:doStart(419)) - Started @560876ms
2019-07-13 07:38:57,336 INFO  server.BaseHttpServer (BaseHttpServer.java:updateConnectorAddress(207)) - HTTP server of HDDSDATANODE is listening at http://0.0.0.0:41956
2019-07-13 07:38:57,438 INFO  ozone.HddsDatanodeService (HddsDatanodeService.java:startPlugins(396)) - Started plug-in org.apache.hadoop.ozone.web.OzoneHddsDatanodeService@2e60d4f4
2019-07-13 07:38:57,438 INFO  impl.MetricsSystemImpl (MetricsSystemImpl.java:init(158)) - HddsDatanode metrics system started (again)
2019-07-13 07:38:57,440 INFO  ozone.HddsDatanodeService (HddsDatanodeService.java:start(185)) - HddsDatanodeService host:trunk-nightly-9lh4p-2362225927 ip:192.168.69.84
2019-07-13 07:38:57,441 INFO  util.JvmPauseMonitor (JvmPauseMonitor.java:run(188)) - Starting JVM pause monitor
2019-07-13 07:38:57,443 INFO  datanode.InitDatanodeState (InitDatanodeState.java:persistContainerDatanodeDetails(140)) - DatanodeDetails is persisted to /tmp/workdir/hadoop-ozone/integration-test/target/test-dir/MiniOzoneClusterImpl-44c4c997-bfce-4c08-899e-6a5652d50fdd/datanode-2/meta/datanode.id
2019-07-13 07:38:57,450 INFO  volume.HddsVolume (HddsVolume.java:<init>(176)) - Creating Volume: /tmp/workdir/hadoop-ozone/integration-test/target/test-dir/MiniOzoneClusterImpl-44c4c997-bfce-4c08-899e-6a5652d50fdd/datanode-3/data/containers/hdds of  storage type : DISK and capacity : 52710309888
2019-07-13 07:38:57,451 INFO  volume.VolumeSet (VolumeSet.java:initializeVolumeSet(170)) - Added Volume : /tmp/workdir/hadoop-ozone/integration-test/target/test-dir/MiniOzoneClusterImpl-44c4c997-bfce-4c08-899e-6a5652d50fdd/datanode-3/data/containers/hdds to VolumeSet
2019-07-13 07:38:57,451 INFO  volume.ThrottledAsyncChecker (ThrottledAsyncChecker.java:schedule(140)) - Scheduling a check for org.apache.hadoop.ozone.container.common.volume.HddsVolume@17e4beda
2019-07-13 07:38:57,451 INFO  volume.HddsVolumeChecker (HddsVolumeChecker.java:checkAllVolumes(203)) - Scheduled health check for volume org.apache.hadoop.ozone.container.common.volume.HddsVolume@17e4beda
2019-07-13 07:38:57,463 INFO  impl.RaftServerProxy (ConfUtils.java:logGet(43)) - raft.rpc.type = GRPC (default)
2019-07-13 07:38:57,464 INFO  grpc.GrpcFactory (GrpcFactory.java:checkPooledByteBufAllocatorUseCacheForAllThreads(45)) - PERFORMANCE WARNING: useCacheForAllThreads is true that may cause Netty to create a lot garbage objects and, as a result, trigger GC.
	It is recommended to disable useCacheForAllThreads by setting -Dorg.apache.ratis.thirdparty.io.netty.allocator.useCacheForAllThreads=false in command line.
2019-07-13 07:38:57,464 INFO  grpc.GrpcConfigKeys$Server (ConfUtils.java:logGet(43)) - raft.grpc.server.port = 0 (default)
2019-07-13 07:38:57,464 INFO  server.GrpcService (ConfUtils.java:logGet(43)) - raft.grpc.message.size.max = 33570816 (custom)
2019-07-13 07:38:57,464 INFO  server.RaftServerConfigKeys (ConfUtils.java:logGet(43)) - raft.server.log.appender.buffer.byte-limit = 33554432 (custom)
2019-07-13 07:38:57,464 INFO  server.GrpcService (ConfUtils.java:logGet(43)) - raft.grpc.flow.control.window = 1MB (=1048576) (default)
2019-07-13 07:38:57,465 INFO  server.RaftServerConfigKeys (ConfUtils.java:logGet(43)) - raft.server.rpc.request.timeout = 3000ms (default)
2019-07-13 07:38:57,465 INFO  server.RaftServerConfigKeys (ConfUtils.java:logGet(43)) - raft.server.storage.dir = [/tmp/workdir/hadoop-ozone/integration-test/target/test-dir/MiniOzoneClusterImpl-44c4c997-bfce-4c08-899e-6a5652d50fdd/datanode-3/data/ratis] (custom)
2019-07-13 07:38:57,465 INFO  replication.SimpleContainerDownloader (SimpleContainerDownloader.java:<init>(72)) - Starting container downloader service to copy containers to replicate.
2019-07-13 07:38:57,466 INFO  hdfs.DFSUtil (DFSUtil.java:httpServerTemplateForNNAndJN(1641)) - Starting Web-server for hddsDatanode at: http://0.0.0.0:0
2019-07-13 07:38:57,467 INFO  server.AuthenticationFilter (AuthenticationFilter.java:constructSecretProvider(240)) - Unable to initialize FileSignerSecretProvider, falling back to use random secrets.
2019-07-13 07:38:57,468 WARN  http.HttpRequestLog (HttpRequestLog.java:getRequestLog(97)) - Jetty request log can only be enabled using Log4j
2019-07-13 07:38:57,469 INFO  http.HttpServer2 (HttpServer2.java:addGlobalFilter(975)) - Added global filter 'safety' (class=org.apache.hadoop.http.HttpServer2$QuotingInputFilter)
2019-07-13 07:38:57,469 INFO  http.HttpServer2 (HttpServer2.java:addFilter(948)) - Added filter static_user_filter (class=org.apache.hadoop.http.lib.StaticUserWebFilter$StaticUserFilter) to context hddsDatanode
2019-07-13 07:38:57,469 INFO  http.HttpServer2 (HttpServer2.java:addFilter(958)) - Added filter static_user_filter (class=org.apache.hadoop.http.lib.StaticUserWebFilter$StaticUserFilter) to context logs
2019-07-13 07:38:57,469 INFO  http.HttpServer2 (HttpServer2.java:addFilter(958)) - Added filter static_user_filter (class=org.apache.hadoop.http.lib.StaticUserWebFilter$StaticUserFilter) to context static
2019-07-13 07:38:57,470 INFO  http.HttpServer2 (HttpServer2.java:bindListener(1191)) - Jetty bound to port 39019
2019-07-13 07:38:57,470 INFO  server.Server (Server.java:doStart(351)) - jetty-9.3.24.v20180605, build timestamp: 2018-06-05T17:11:56Z, git hash: 84205aa28f11a4f31f2a3b86d1bba2cc8ab69827
2019-07-13 07:38:57,472 INFO  handler.ContextHandler (ContextHandler.java:doStart(781)) - Started o.e.j.s.ServletContextHandler@4645a575{/logs,file:///tmp/workdir/hadoop-ozone/integration-test/target/log,AVAILABLE}
2019-07-13 07:38:57,472 INFO  handler.ContextHandler (ContextHandler.java:doStart(781)) - Started o.e.j.s.ServletContextHandler@6bf70600{/static,jar:file:/home/user/.m2/repository/org/apache/hadoop/hadoop-hdds-container-service/0.5.0-SNAPSHOT/hadoop-hdds-container-service-0.5.0-SNAPSHOT.jar!/webapps/static,AVAILABLE}
2019-07-13 07:38:57,498 INFO  handler.ContextHandler (ContextHandler.java:doStart(781)) - Started o.e.j.w.WebAppContext@434a72f2{/,file:///tmp/jetty-0.0.0.0-39019-hddsDatanode-_-any-8117692458903024461.dir/webapp/,AVAILABLE}{/hddsDatanode}
2019-07-13 07:38:57,498 INFO  server.AbstractConnector (AbstractConnector.java:doStart(278)) - Started ServerConnector@5c8e7687{HTTP/1.1,[http/1.1]}{0.0.0.0:39019}
2019-07-13 07:38:57,499 INFO  server.Server (Server.java:doStart(419)) - Started @561040ms
2019-07-13 07:38:57,500 INFO  server.BaseHttpServer (BaseHttpServer.java:updateConnectorAddress(207)) - HTTP server of HDDSDATANODE is listening at http://0.0.0.0:39019
2019-07-13 07:38:57,600 INFO  ozone.HddsDatanodeService (HddsDatanodeService.java:startPlugins(396)) - Started plug-in org.apache.hadoop.ozone.web.OzoneHddsDatanodeService@64a8851a
2019-07-13 07:38:57,600 INFO  impl.MetricsSystemImpl (MetricsSystemImpl.java:init(158)) - HddsDatanode metrics system started (again)
2019-07-13 07:38:57,602 INFO  ozone.HddsDatanodeService (HddsDatanodeService.java:start(185)) - HddsDatanodeService host:trunk-nightly-9lh4p-2362225927 ip:192.168.69.84
2019-07-13 07:38:57,604 INFO  util.JvmPauseMonitor (JvmPauseMonitor.java:run(188)) - Starting JVM pause monitor
2019-07-13 07:38:57,605 INFO  datanode.InitDatanodeState (InitDatanodeState.java:persistContainerDatanodeDetails(140)) - DatanodeDetails is persisted to /tmp/workdir/hadoop-ozone/integration-test/target/test-dir/MiniOzoneClusterImpl-44c4c997-bfce-4c08-899e-6a5652d50fdd/datanode-3/meta/datanode.id
2019-07-13 07:38:57,612 INFO  volume.HddsVolume (HddsVolume.java:<init>(176)) - Creating Volume: /tmp/workdir/hadoop-ozone/integration-test/target/test-dir/MiniOzoneClusterImpl-44c4c997-bfce-4c08-899e-6a5652d50fdd/datanode-4/data/containers/hdds of  storage type : DISK and capacity : 52710309888
2019-07-13 07:38:57,612 INFO  volume.VolumeSet (VolumeSet.java:initializeVolumeSet(170)) - Added Volume : /tmp/workdir/hadoop-ozone/integration-test/target/test-dir/MiniOzoneClusterImpl-44c4c997-bfce-4c08-899e-6a5652d50fdd/datanode-4/data/containers/hdds to VolumeSet
2019-07-13 07:38:57,612 INFO  volume.ThrottledAsyncChecker (ThrottledAsyncChecker.java:schedule(140)) - Scheduling a check for org.apache.hadoop.ozone.container.common.volume.HddsVolume@28f081ad
2019-07-13 07:38:57,613 INFO  volume.HddsVolumeChecker (HddsVolumeChecker.java:checkAllVolumes(203)) - Scheduled health check for volume org.apache.hadoop.ozone.container.common.volume.HddsVolume@28f081ad
2019-07-13 07:38:57,626 INFO  impl.RaftServerProxy (ConfUtils.java:logGet(43)) - raft.rpc.type = GRPC (default)
2019-07-13 07:38:57,626 INFO  grpc.GrpcFactory (GrpcFactory.java:checkPooledByteBufAllocatorUseCacheForAllThreads(45)) - PERFORMANCE WARNING: useCacheForAllThreads is true that may cause Netty to create a lot garbage objects and, as a result, trigger GC.
	It is recommended to disable useCacheForAllThreads by setting -Dorg.apache.ratis.thirdparty.io.netty.allocator.useCacheForAllThreads=false in command line.
2019-07-13 07:38:57,626 INFO  grpc.GrpcConfigKeys$Server (ConfUtils.java:logGet(43)) - raft.grpc.server.port = 0 (default)
2019-07-13 07:38:57,626 INFO  server.GrpcService (ConfUtils.java:logGet(43)) - raft.grpc.message.size.max = 33570816 (custom)
2019-07-13 07:38:57,627 INFO  server.RaftServerConfigKeys (ConfUtils.java:logGet(43)) - raft.server.log.appender.buffer.byte-limit = 33554432 (custom)
2019-07-13 07:38:57,627 INFO  server.GrpcService (ConfUtils.java:logGet(43)) - raft.grpc.flow.control.window = 1MB (=1048576) (default)
2019-07-13 07:38:57,627 INFO  server.RaftServerConfigKeys (ConfUtils.java:logGet(43)) - raft.server.rpc.request.timeout = 3000ms (default)
2019-07-13 07:38:57,627 INFO  server.RaftServerConfigKeys (ConfUtils.java:logGet(43)) - raft.server.storage.dir = [/tmp/workdir/hadoop-ozone/integration-test/target/test-dir/MiniOzoneClusterImpl-44c4c997-bfce-4c08-899e-6a5652d50fdd/datanode-4/data/ratis] (custom)
2019-07-13 07:38:57,628 INFO  replication.SimpleContainerDownloader (SimpleContainerDownloader.java:<init>(72)) - Starting container downloader service to copy containers to replicate.
2019-07-13 07:38:57,629 INFO  hdfs.DFSUtil (DFSUtil.java:httpServerTemplateForNNAndJN(1641)) - Starting Web-server for hddsDatanode at: http://0.0.0.0:0
2019-07-13 07:38:57,630 INFO  server.AuthenticationFilter (AuthenticationFilter.java:constructSecretProvider(240)) - Unable to initialize FileSignerSecretProvider, falling back to use random secrets.
2019-07-13 07:38:57,630 WARN  http.HttpRequestLog (HttpRequestLog.java:getRequestLog(97)) - Jetty request log can only be enabled using Log4j
2019-07-13 07:38:57,631 INFO  http.HttpServer2 (HttpServer2.java:addGlobalFilter(975)) - Added global filter 'safety' (class=org.apache.hadoop.http.HttpServer2$QuotingInputFilter)
2019-07-13 07:38:57,632 INFO  http.HttpServer2 (HttpServer2.java:addFilter(948)) - Added filter static_user_filter (class=org.apache.hadoop.http.lib.StaticUserWebFilter$StaticUserFilter) to context hddsDatanode
2019-07-13 07:38:57,632 INFO  http.HttpServer2 (HttpServer2.java:addFilter(958)) - Added filter static_user_filter (class=org.apache.hadoop.http.lib.StaticUserWebFilter$StaticUserFilter) to context logs
2019-07-13 07:38:57,632 INFO  http.HttpServer2 (HttpServer2.java:addFilter(958)) - Added filter static_user_filter (class=org.apache.hadoop.http.lib.StaticUserWebFilter$StaticUserFilter) to context static
2019-07-13 07:38:57,633 INFO  http.HttpServer2 (HttpServer2.java:bindListener(1191)) - Jetty bound to port 42557
2019-07-13 07:38:57,633 INFO  server.Server (Server.java:doStart(351)) - jetty-9.3.24.v20180605, build timestamp: 2018-06-05T17:11:56Z, git hash: 84205aa28f11a4f31f2a3b86d1bba2cc8ab69827
2019-07-13 07:38:57,634 INFO  handler.ContextHandler (ContextHandler.java:doStart(781)) - Started o.e.j.s.ServletContextHandler@23e1f610{/logs,file:///tmp/workdir/hadoop-ozone/integration-test/target/log,AVAILABLE}
2019-07-13 07:38:57,635 INFO  handler.ContextHandler (ContextHandler.java:doStart(781)) - Started o.e.j.s.ServletContextHandler@1a3a6216{/static,jar:file:/home/user/.m2/repository/org/apache/hadoop/hadoop-hdds-container-service/0.5.0-SNAPSHOT/hadoop-hdds-container-service-0.5.0-SNAPSHOT.jar!/webapps/static,AVAILABLE}
2019-07-13 07:38:57,662 INFO  handler.ContextHandler (ContextHandler.java:doStart(781)) - Started o.e.j.w.WebAppContext@75b6bd41{/,file:///tmp/jetty-0.0.0.0-42557-hddsDatanode-_-any-757080037533910621.dir/webapp/,AVAILABLE}{/hddsDatanode}
2019-07-13 07:38:57,662 INFO  server.AbstractConnector (AbstractConnector.java:doStart(278)) - Started ServerConnector@21457b14{HTTP/1.1,[http/1.1]}{0.0.0.0:42557}
2019-07-13 07:38:57,662 INFO  server.Server (Server.java:doStart(419)) - Started @561204ms
2019-07-13 07:38:57,664 INFO  server.BaseHttpServer (BaseHttpServer.java:updateConnectorAddress(207)) - HTTP server of HDDSDATANODE is listening at http://0.0.0.0:42557
2019-07-13 07:38:57,768 INFO  ozone.HddsDatanodeService (HddsDatanodeService.java:startPlugins(396)) - Started plug-in org.apache.hadoop.ozone.web.OzoneHddsDatanodeService@46e38c28
2019-07-13 07:38:57,768 INFO  impl.MetricsSystemImpl (MetricsSystemImpl.java:init(158)) - HddsDatanode metrics system started (again)
2019-07-13 07:38:57,771 INFO  ozone.HddsDatanodeService (HddsDatanodeService.java:start(185)) - HddsDatanodeService host:trunk-nightly-9lh4p-2362225927 ip:192.168.69.84
2019-07-13 07:38:57,772 INFO  util.JvmPauseMonitor (JvmPauseMonitor.java:run(188)) - Starting JVM pause monitor
2019-07-13 07:38:57,773 INFO  datanode.InitDatanodeState (InitDatanodeState.java:persistContainerDatanodeDetails(140)) - DatanodeDetails is persisted to /tmp/workdir/hadoop-ozone/integration-test/target/test-dir/MiniOzoneClusterImpl-44c4c997-bfce-4c08-899e-6a5652d50fdd/datanode-4/meta/datanode.id
2019-07-13 07:38:57,781 INFO  volume.HddsVolume (HddsVolume.java:<init>(176)) - Creating Volume: /tmp/workdir/hadoop-ozone/integration-test/target/test-dir/MiniOzoneClusterImpl-44c4c997-bfce-4c08-899e-6a5652d50fdd/datanode-5/data/containers/hdds of  storage type : DISK and capacity : 52710309888
2019-07-13 07:38:57,781 INFO  volume.VolumeSet (VolumeSet.java:initializeVolumeSet(170)) - Added Volume : /tmp/workdir/hadoop-ozone/integration-test/target/test-dir/MiniOzoneClusterImpl-44c4c997-bfce-4c08-899e-6a5652d50fdd/datanode-5/data/containers/hdds to VolumeSet
2019-07-13 07:38:57,781 INFO  volume.ThrottledAsyncChecker (ThrottledAsyncChecker.java:schedule(140)) - Scheduling a check for org.apache.hadoop.ozone.container.common.volume.HddsVolume@2ef812b
2019-07-13 07:38:57,782 INFO  volume.HddsVolumeChecker (HddsVolumeChecker.java:checkAllVolumes(203)) - Scheduled health check for volume org.apache.hadoop.ozone.container.common.volume.HddsVolume@2ef812b
2019-07-13 07:38:57,797 INFO  impl.RaftServerProxy (ConfUtils.java:logGet(43)) - raft.rpc.type = GRPC (default)
2019-07-13 07:38:57,797 INFO  grpc.GrpcFactory (GrpcFactory.java:checkPooledByteBufAllocatorUseCacheForAllThreads(45)) - PERFORMANCE WARNING: useCacheForAllThreads is true that may cause Netty to create a lot garbage objects and, as a result, trigger GC.
	It is recommended to disable useCacheForAllThreads by setting -Dorg.apache.ratis.thirdparty.io.netty.allocator.useCacheForAllThreads=false in command line.
2019-07-13 07:38:57,797 INFO  grpc.GrpcConfigKeys$Server (ConfUtils.java:logGet(43)) - raft.grpc.server.port = 0 (default)
2019-07-13 07:38:57,797 INFO  server.GrpcService (ConfUtils.java:logGet(43)) - raft.grpc.message.size.max = 33570816 (custom)
2019-07-13 07:38:57,797 INFO  server.RaftServerConfigKeys (ConfUtils.java:logGet(43)) - raft.server.log.appender.buffer.byte-limit = 33554432 (custom)
2019-07-13 07:38:57,798 INFO  server.GrpcService (ConfUtils.java:logGet(43)) - raft.grpc.flow.control.window = 1MB (=1048576) (default)
2019-07-13 07:38:57,798 INFO  server.RaftServerConfigKeys (ConfUtils.java:logGet(43)) - raft.server.rpc.request.timeout = 3000ms (default)
2019-07-13 07:38:57,798 INFO  server.RaftServerConfigKeys (ConfUtils.java:logGet(43)) - raft.server.storage.dir = [/tmp/workdir/hadoop-ozone/integration-test/target/test-dir/MiniOzoneClusterImpl-44c4c997-bfce-4c08-899e-6a5652d50fdd/datanode-5/data/ratis] (custom)
2019-07-13 07:38:57,799 INFO  replication.SimpleContainerDownloader (SimpleContainerDownloader.java:<init>(72)) - Starting container downloader service to copy containers to replicate.
2019-07-13 07:38:57,801 INFO  hdfs.DFSUtil (DFSUtil.java:httpServerTemplateForNNAndJN(1641)) - Starting Web-server for hddsDatanode at: http://0.0.0.0:0
2019-07-13 07:38:57,802 INFO  server.AuthenticationFilter (AuthenticationFilter.java:constructSecretProvider(240)) - Unable to initialize FileSignerSecretProvider, falling back to use random secrets.
2019-07-13 07:38:57,803 WARN  http.HttpRequestLog (HttpRequestLog.java:getRequestLog(97)) - Jetty request log can only be enabled using Log4j
2019-07-13 07:38:57,804 INFO  http.HttpServer2 (HttpServer2.java:addGlobalFilter(975)) - Added global filter 'safety' (class=org.apache.hadoop.http.HttpServer2$QuotingInputFilter)
2019-07-13 07:38:57,804 INFO  http.HttpServer2 (HttpServer2.java:addFilter(948)) - Added filter static_user_filter (class=org.apache.hadoop.http.lib.StaticUserWebFilter$StaticUserFilter) to context hddsDatanode
2019-07-13 07:38:57,804 INFO  http.HttpServer2 (HttpServer2.java:addFilter(958)) - Added filter static_user_filter (class=org.apache.hadoop.http.lib.StaticUserWebFilter$StaticUserFilter) to context static
2019-07-13 07:38:57,805 INFO  http.HttpServer2 (HttpServer2.java:addFilter(958)) - Added filter static_user_filter (class=org.apache.hadoop.http.lib.StaticUserWebFilter$StaticUserFilter) to context logs
2019-07-13 07:38:57,805 INFO  http.HttpServer2 (HttpServer2.java:bindListener(1191)) - Jetty bound to port 43172
2019-07-13 07:38:57,805 INFO  server.Server (Server.java:doStart(351)) - jetty-9.3.24.v20180605, build timestamp: 2018-06-05T17:11:56Z, git hash: 84205aa28f11a4f31f2a3b86d1bba2cc8ab69827
2019-07-13 07:38:57,807 INFO  handler.ContextHandler (ContextHandler.java:doStart(781)) - Started o.e.j.s.ServletContextHandler@425376cc{/logs,file:///tmp/workdir/hadoop-ozone/integration-test/target/log,AVAILABLE}
2019-07-13 07:38:57,807 INFO  handler.ContextHandler (ContextHandler.java:doStart(781)) - Started o.e.j.s.ServletContextHandler@6b44121e{/static,jar:file:/home/user/.m2/repository/org/apache/hadoop/hadoop-hdds-container-service/0.5.0-SNAPSHOT/hadoop-hdds-container-service-0.5.0-SNAPSHOT.jar!/webapps/static,AVAILABLE}
2019-07-13 07:38:57,834 INFO  handler.ContextHandler (ContextHandler.java:doStart(781)) - Started o.e.j.w.WebAppContext@47b71556{/,file:///tmp/jetty-0.0.0.0-43172-hddsDatanode-_-any-8434971440330463770.dir/webapp/,AVAILABLE}{/hddsDatanode}
2019-07-13 07:38:57,834 INFO  server.AbstractConnector (AbstractConnector.java:doStart(278)) - Started ServerConnector@6fb2b972{HTTP/1.1,[http/1.1]}{0.0.0.0:43172}
2019-07-13 07:38:57,836 INFO  server.Server (Server.java:doStart(419)) - Started @561377ms
2019-07-13 07:38:57,836 INFO  server.BaseHttpServer (BaseHttpServer.java:updateConnectorAddress(207)) - HTTP server of HDDSDATANODE is listening at http://0.0.0.0:43172
2019-07-13 07:38:57,938 INFO  ozone.HddsDatanodeService (HddsDatanodeService.java:startPlugins(396)) - Started plug-in org.apache.hadoop.ozone.web.OzoneHddsDatanodeService@3a75d9a1
2019-07-13 07:38:57,938 INFO  impl.MetricsSystemImpl (MetricsSystemImpl.java:init(158)) - HddsDatanode metrics system started (again)
2019-07-13 07:38:57,941 INFO  ozone.HddsDatanodeService (HddsDatanodeService.java:start(185)) - HddsDatanodeService host:trunk-nightly-9lh4p-2362225927 ip:192.168.69.84
2019-07-13 07:38:57,942 INFO  util.JvmPauseMonitor (JvmPauseMonitor.java:run(188)) - Starting JVM pause monitor
2019-07-13 07:38:57,943 INFO  datanode.InitDatanodeState (InitDatanodeState.java:persistContainerDatanodeDetails(140)) - DatanodeDetails is persisted to /tmp/workdir/hadoop-ozone/integration-test/target/test-dir/MiniOzoneClusterImpl-44c4c997-bfce-4c08-899e-6a5652d50fdd/datanode-5/meta/datanode.id
2019-07-13 07:38:57,951 INFO  volume.HddsVolume (HddsVolume.java:<init>(176)) - Creating Volume: /tmp/workdir/hadoop-ozone/integration-test/target/test-dir/MiniOzoneClusterImpl-44c4c997-bfce-4c08-899e-6a5652d50fdd/datanode-6/data/containers/hdds of  storage type : DISK and capacity : 52710309888
2019-07-13 07:38:57,951 INFO  volume.VolumeSet (VolumeSet.java:initializeVolumeSet(170)) - Added Volume : /tmp/workdir/hadoop-ozone/integration-test/target/test-dir/MiniOzoneClusterImpl-44c4c997-bfce-4c08-899e-6a5652d50fdd/datanode-6/data/containers/hdds to VolumeSet
2019-07-13 07:38:57,951 INFO  volume.ThrottledAsyncChecker (ThrottledAsyncChecker.java:schedule(140)) - Scheduling a check for org.apache.hadoop.ozone.container.common.volume.HddsVolume@44ec6637
2019-07-13 07:38:57,952 INFO  volume.HddsVolumeChecker (HddsVolumeChecker.java:checkAllVolumes(203)) - Scheduled health check for volume org.apache.hadoop.ozone.container.common.volume.HddsVolume@44ec6637
2019-07-13 07:38:57,965 INFO  impl.RaftServerProxy (ConfUtils.java:logGet(43)) - raft.rpc.type = GRPC (default)
2019-07-13 07:38:57,965 INFO  grpc.GrpcFactory (GrpcFactory.java:checkPooledByteBufAllocatorUseCacheForAllThreads(45)) - PERFORMANCE WARNING: useCacheForAllThreads is true that may cause Netty to create a lot garbage objects and, as a result, trigger GC.
	It is recommended to disable useCacheForAllThreads by setting -Dorg.apache.ratis.thirdparty.io.netty.allocator.useCacheForAllThreads=false in command line.
2019-07-13 07:38:57,966 INFO  grpc.GrpcConfigKeys$Server (ConfUtils.java:logGet(43)) - raft.grpc.server.port = 0 (default)
2019-07-13 07:38:57,966 INFO  server.GrpcService (ConfUtils.java:logGet(43)) - raft.grpc.message.size.max = 33570816 (custom)
2019-07-13 07:38:57,966 INFO  server.RaftServerConfigKeys (ConfUtils.java:logGet(43)) - raft.server.log.appender.buffer.byte-limit = 33554432 (custom)
2019-07-13 07:38:57,966 INFO  server.GrpcService (ConfUtils.java:logGet(43)) - raft.grpc.flow.control.window = 1MB (=1048576) (default)
2019-07-13 07:38:57,966 INFO  server.RaftServerConfigKeys (ConfUtils.java:logGet(43)) - raft.server.rpc.request.timeout = 3000ms (default)
2019-07-13 07:38:57,967 INFO  server.RaftServerConfigKeys (ConfUtils.java:logGet(43)) - raft.server.storage.dir = [/tmp/workdir/hadoop-ozone/integration-test/target/test-dir/MiniOzoneClusterImpl-44c4c997-bfce-4c08-899e-6a5652d50fdd/datanode-6/data/ratis] (custom)
2019-07-13 07:38:57,967 INFO  replication.SimpleContainerDownloader (SimpleContainerDownloader.java:<init>(72)) - Starting container downloader service to copy containers to replicate.
2019-07-13 07:38:57,968 INFO  hdfs.DFSUtil (DFSUtil.java:httpServerTemplateForNNAndJN(1641)) - Starting Web-server for hddsDatanode at: http://0.0.0.0:0
2019-07-13 07:38:57,970 INFO  server.AuthenticationFilter (AuthenticationFilter.java:constructSecretProvider(240)) - Unable to initialize FileSignerSecretProvider, falling back to use random secrets.
2019-07-13 07:38:57,970 WARN  http.HttpRequestLog (HttpRequestLog.java:getRequestLog(97)) - Jetty request log can only be enabled using Log4j
2019-07-13 07:38:57,971 INFO  http.HttpServer2 (HttpServer2.java:addGlobalFilter(975)) - Added global filter 'safety' (class=org.apache.hadoop.http.HttpServer2$QuotingInputFilter)
2019-07-13 07:38:57,972 INFO  http.HttpServer2 (HttpServer2.java:addFilter(948)) - Added filter static_user_filter (class=org.apache.hadoop.http.lib.StaticUserWebFilter$StaticUserFilter) to context hddsDatanode
2019-07-13 07:38:57,972 INFO  http.HttpServer2 (HttpServer2.java:addFilter(958)) - Added filter static_user_filter (class=org.apache.hadoop.http.lib.StaticUserWebFilter$StaticUserFilter) to context static
2019-07-13 07:38:57,972 INFO  http.HttpServer2 (HttpServer2.java:addFilter(958)) - Added filter static_user_filter (class=org.apache.hadoop.http.lib.StaticUserWebFilter$StaticUserFilter) to context logs
2019-07-13 07:38:57,972 INFO  http.HttpServer2 (HttpServer2.java:bindListener(1191)) - Jetty bound to port 39594
2019-07-13 07:38:57,973 INFO  server.Server (Server.java:doStart(351)) - jetty-9.3.24.v20180605, build timestamp: 2018-06-05T17:11:56Z, git hash: 84205aa28f11a4f31f2a3b86d1bba2cc8ab69827
2019-07-13 07:38:57,974 INFO  handler.ContextHandler (ContextHandler.java:doStart(781)) - Started o.e.j.s.ServletContextHandler@5f0bf0ed{/logs,file:///tmp/workdir/hadoop-ozone/integration-test/target/log,AVAILABLE}
2019-07-13 07:38:57,974 INFO  handler.ContextHandler (ContextHandler.java:doStart(781)) - Started o.e.j.s.ServletContextHandler@2e17a9e6{/static,jar:file:/home/user/.m2/repository/org/apache/hadoop/hadoop-hdds-container-service/0.5.0-SNAPSHOT/hadoop-hdds-container-service-0.5.0-SNAPSHOT.jar!/webapps/static,AVAILABLE}
2019-07-13 07:38:58,000 INFO  handler.ContextHandler (ContextHandler.java:doStart(781)) - Started o.e.j.w.WebAppContext@18356d9e{/,file:///tmp/jetty-0.0.0.0-39594-hddsDatanode-_-any-2915139524089129454.dir/webapp/,AVAILABLE}{/hddsDatanode}
2019-07-13 07:38:58,001 INFO  server.AbstractConnector (AbstractConnector.java:doStart(278)) - Started ServerConnector@5e97da56{HTTP/1.1,[http/1.1]}{0.0.0.0:39594}
2019-07-13 07:38:58,001 INFO  server.Server (Server.java:doStart(419)) - Started @561542ms
2019-07-13 07:38:58,002 INFO  server.BaseHttpServer (BaseHttpServer.java:updateConnectorAddress(207)) - HTTP server of HDDSDATANODE is listening at http://0.0.0.0:39594
2019-07-13 07:38:58,107 INFO  ozone.HddsDatanodeService (HddsDatanodeService.java:startPlugins(396)) - Started plug-in org.apache.hadoop.ozone.web.OzoneHddsDatanodeService@586af46
2019-07-13 07:38:58,107 INFO  ozone.MiniOzoneClusterImpl (MiniOzoneClusterImpl.java:lambda$waitForClusterToBeReady$0(142)) - Waiting for cluster to be ready. Got 0 of 7 DN Heartbeats.
2019-07-13 07:38:58,117 INFO  util.JvmPauseMonitor (JvmPauseMonitor.java:run(188)) - Starting JVM pause monitor
2019-07-13 07:38:58,119 INFO  datanode.InitDatanodeState (InitDatanodeState.java:persistContainerDatanodeDetails(140)) - DatanodeDetails is persisted to /tmp/workdir/hadoop-ozone/integration-test/target/test-dir/MiniOzoneClusterImpl-44c4c997-bfce-4c08-899e-6a5652d50fdd/datanode-6/meta/datanode.id
2019-07-13 07:38:59,107 INFO  ozone.MiniOzoneClusterImpl (MiniOzoneClusterImpl.java:lambda$waitForClusterToBeReady$0(142)) - Waiting for cluster to be ready. Got 0 of 7 DN Heartbeats.
2019-07-13 07:38:59,116 INFO  ozoneimpl.OzoneContainer (OzoneContainer.java:start(186)) - Attempting to start container services.
2019-07-13 07:38:59,116 INFO  ozoneimpl.OzoneContainer (OzoneContainer.java:startContainerScrub(160)) - Background container scrubber has been disabled by hdds.containerscrub.enabled
2019-07-13 07:38:59,116 INFO  ratis.XceiverServerRatis (XceiverServerRatis.java:start(418)) - Starting XceiverServerRatis b8ec8f7f-5885-438b-bffb-7679c525b3f1 at port 0
2019-07-13 07:38:59,124 INFO  impl.RaftServerProxy (RaftServerProxy.java:lambda$start$3(299)) - b8ec8f7f-5885-438b-bffb-7679c525b3f1: start RPC server
2019-07-13 07:38:59,125 INFO  server.GrpcService (GrpcService.java:startImpl(149)) - b8ec8f7f-5885-438b-bffb-7679c525b3f1: GrpcService started, listening on 0.0.0.0/0.0.0.0:45525
2019-07-13 07:38:59,125 INFO  ratis.XceiverServerRatis (XceiverServerRatis.java:start(428)) - XceiverServerRatis b8ec8f7f-5885-438b-bffb-7679c525b3f1 is started using port 45525
2019-07-13 07:38:59,133 INFO  server.XceiverServerGrpc (XceiverServerGrpc.java:start(161)) - XceiverServerGrpc b8ec8f7f-5885-438b-bffb-7679c525b3f1 is started using port 43624
2019-07-13 07:38:59,286 INFO  ozoneimpl.OzoneContainer (OzoneContainer.java:start(186)) - Attempting to start container services.
2019-07-13 07:38:59,286 INFO  ozoneimpl.OzoneContainer (OzoneContainer.java:startContainerScrub(160)) - Background container scrubber has been disabled by hdds.containerscrub.enabled
2019-07-13 07:38:59,287 INFO  ratis.XceiverServerRatis (XceiverServerRatis.java:start(418)) - Starting XceiverServerRatis ae8bc3db-8a02-4092-94ea-9b10afa414ae at port 0
2019-07-13 07:38:59,294 INFO  impl.RaftServerProxy (RaftServerProxy.java:lambda$start$3(299)) - ae8bc3db-8a02-4092-94ea-9b10afa414ae: start RPC server
2019-07-13 07:38:59,294 INFO  server.GrpcService (GrpcService.java:startImpl(149)) - ae8bc3db-8a02-4092-94ea-9b10afa414ae: GrpcService started, listening on 0.0.0.0/0.0.0.0:40214
2019-07-13 07:38:59,295 INFO  ratis.XceiverServerRatis (XceiverServerRatis.java:start(428)) - XceiverServerRatis ae8bc3db-8a02-4092-94ea-9b10afa414ae is started using port 40214
2019-07-13 07:38:59,295 INFO  server.XceiverServerGrpc (XceiverServerGrpc.java:start(161)) - XceiverServerGrpc ae8bc3db-8a02-4092-94ea-9b10afa414ae is started using port 40743
2019-07-13 07:38:59,455 INFO  ozoneimpl.OzoneContainer (OzoneContainer.java:start(186)) - Attempting to start container services.
2019-07-13 07:38:59,455 INFO  ozoneimpl.OzoneContainer (OzoneContainer.java:startContainerScrub(160)) - Background container scrubber has been disabled by hdds.containerscrub.enabled
2019-07-13 07:38:59,455 INFO  ratis.XceiverServerRatis (XceiverServerRatis.java:start(418)) - Starting XceiverServerRatis fdc85edf-36c2-42ff-b00a-0eabab82fdf0 at port 0
2019-07-13 07:38:59,463 INFO  impl.RaftServerProxy (RaftServerProxy.java:lambda$start$3(299)) - fdc85edf-36c2-42ff-b00a-0eabab82fdf0: start RPC server
2019-07-13 07:38:59,464 INFO  server.GrpcService (GrpcService.java:startImpl(149)) - fdc85edf-36c2-42ff-b00a-0eabab82fdf0: GrpcService started, listening on 0.0.0.0/0.0.0.0:45789
2019-07-13 07:38:59,464 INFO  ratis.XceiverServerRatis (XceiverServerRatis.java:start(428)) - XceiverServerRatis fdc85edf-36c2-42ff-b00a-0eabab82fdf0 is started using port 45789
2019-07-13 07:38:59,465 INFO  server.XceiverServerGrpc (XceiverServerGrpc.java:start(161)) - XceiverServerGrpc fdc85edf-36c2-42ff-b00a-0eabab82fdf0 is started using port 41434
2019-07-13 07:38:59,618 INFO  ozoneimpl.OzoneContainer (OzoneContainer.java:start(186)) - Attempting to start container services.
2019-07-13 07:38:59,618 INFO  ozoneimpl.OzoneContainer (OzoneContainer.java:startContainerScrub(160)) - Background container scrubber has been disabled by hdds.containerscrub.enabled
2019-07-13 07:38:59,618 INFO  ratis.XceiverServerRatis (XceiverServerRatis.java:start(418)) - Starting XceiverServerRatis 1da0944c-e4a6-458e-bf55-5b16341f6a4a at port 0
2019-07-13 07:38:59,626 INFO  impl.RaftServerProxy (RaftServerProxy.java:lambda$start$3(299)) - 1da0944c-e4a6-458e-bf55-5b16341f6a4a: start RPC server
2019-07-13 07:38:59,629 INFO  server.GrpcService (GrpcService.java:startImpl(149)) - 1da0944c-e4a6-458e-bf55-5b16341f6a4a: GrpcService started, listening on 0.0.0.0/0.0.0.0:39724
2019-07-13 07:38:59,629 INFO  ratis.XceiverServerRatis (XceiverServerRatis.java:start(428)) - XceiverServerRatis 1da0944c-e4a6-458e-bf55-5b16341f6a4a is started using port 39724
2019-07-13 07:38:59,630 INFO  server.XceiverServerGrpc (XceiverServerGrpc.java:start(161)) - XceiverServerGrpc 1da0944c-e4a6-458e-bf55-5b16341f6a4a is started using port 34235
2019-07-13 07:38:59,786 INFO  ozoneimpl.OzoneContainer (OzoneContainer.java:start(186)) - Attempting to start container services.
2019-07-13 07:38:59,786 INFO  ozoneimpl.OzoneContainer (OzoneContainer.java:startContainerScrub(160)) - Background container scrubber has been disabled by hdds.containerscrub.enabled
2019-07-13 07:38:59,787 INFO  ratis.XceiverServerRatis (XceiverServerRatis.java:start(418)) - Starting XceiverServerRatis 193812a9-ddf0-4c4f-ad33-42e352a506b5 at port 0
2019-07-13 07:38:59,794 INFO  impl.RaftServerProxy (RaftServerProxy.java:lambda$start$3(299)) - 193812a9-ddf0-4c4f-ad33-42e352a506b5: start RPC server
2019-07-13 07:38:59,794 INFO  server.GrpcService (GrpcService.java:startImpl(149)) - 193812a9-ddf0-4c4f-ad33-42e352a506b5: GrpcService started, listening on 0.0.0.0/0.0.0.0:41389
2019-07-13 07:38:59,795 INFO  ratis.XceiverServerRatis (XceiverServerRatis.java:start(428)) - XceiverServerRatis 193812a9-ddf0-4c4f-ad33-42e352a506b5 is started using port 41389
2019-07-13 07:38:59,795 INFO  server.XceiverServerGrpc (XceiverServerGrpc.java:start(161)) - XceiverServerGrpc 193812a9-ddf0-4c4f-ad33-42e352a506b5 is started using port 37562
2019-07-13 07:38:59,956 INFO  ozoneimpl.OzoneContainer (OzoneContainer.java:start(186)) - Attempting to start container services.
2019-07-13 07:38:59,956 INFO  ozoneimpl.OzoneContainer (OzoneContainer.java:startContainerScrub(160)) - Background container scrubber has been disabled by hdds.containerscrub.enabled
2019-07-13 07:38:59,957 INFO  ratis.XceiverServerRatis (XceiverServerRatis.java:start(418)) - Starting XceiverServerRatis e7643d2c-5e46-41d8-8521-588c8d4fa897 at port 0
2019-07-13 07:38:59,964 INFO  impl.RaftServerProxy (RaftServerProxy.java:lambda$start$3(299)) - e7643d2c-5e46-41d8-8521-588c8d4fa897: start RPC server
2019-07-13 07:38:59,965 INFO  server.GrpcService (GrpcService.java:startImpl(149)) - e7643d2c-5e46-41d8-8521-588c8d4fa897: GrpcService started, listening on 0.0.0.0/0.0.0.0:42330
2019-07-13 07:38:59,965 INFO  ratis.XceiverServerRatis (XceiverServerRatis.java:start(428)) - XceiverServerRatis e7643d2c-5e46-41d8-8521-588c8d4fa897 is started using port 42330
2019-07-13 07:38:59,966 INFO  server.XceiverServerGrpc (XceiverServerGrpc.java:start(161)) - XceiverServerGrpc e7643d2c-5e46-41d8-8521-588c8d4fa897 is started using port 46844
2019-07-13 07:39:00,108 INFO  ozone.MiniOzoneClusterImpl (MiniOzoneClusterImpl.java:lambda$waitForClusterToBeReady$0(142)) - Waiting for cluster to be ready. Got 0 of 7 DN Heartbeats.
2019-07-13 07:39:00,131 INFO  ozoneimpl.OzoneContainer (OzoneContainer.java:start(186)) - Attempting to start container services.
2019-07-13 07:39:00,131 INFO  ozoneimpl.OzoneContainer (OzoneContainer.java:startContainerScrub(160)) - Background container scrubber has been disabled by hdds.containerscrub.enabled
2019-07-13 07:39:00,131 INFO  ratis.XceiverServerRatis (XceiverServerRatis.java:start(418)) - Starting XceiverServerRatis 584e26fa-9fa2-4a20-8f9d-b73519ac6aab at port 0
2019-07-13 07:39:00,138 INFO  impl.RaftServerProxy (RaftServerProxy.java:lambda$start$3(299)) - 584e26fa-9fa2-4a20-8f9d-b73519ac6aab: start RPC server
2019-07-13 07:39:00,141 INFO  server.GrpcService (GrpcService.java:startImpl(149)) - 584e26fa-9fa2-4a20-8f9d-b73519ac6aab: GrpcService started, listening on 0.0.0.0/0.0.0.0:37599
2019-07-13 07:39:00,141 INFO  ratis.XceiverServerRatis (XceiverServerRatis.java:start(428)) - XceiverServerRatis 584e26fa-9fa2-4a20-8f9d-b73519ac6aab is started using port 37599
2019-07-13 07:39:00,152 INFO  server.XceiverServerGrpc (XceiverServerGrpc.java:start(161)) - XceiverServerGrpc 584e26fa-9fa2-4a20-8f9d-b73519ac6aab is started using port 40045
2019-07-13 07:39:01,096 INFO  net.NetworkTopology (NetworkTopologyImpl.java:add(110)) - Added a new node: /default-rack/192.168.69.84
2019-07-13 07:39:01,099 INFO  node.SCMNodeManager (SCMNodeManager.java:register(269)) - Registered Data node : b8ec8f7f-5885-438b-bffb-7679c525b3f1{ip: 192.168.69.84, host: trunk-nightly-9lh4p-2362225927, networkLocation: /default-rack, certSerialId: null}
2019-07-13 07:39:01,100 INFO  safemode.SCMSafeModeManager (DataNodeSafeModeRule.java:process(71)) - SCM in safe mode. 1 DataNodes registered, 1 required.
2019-07-13 07:39:01,103 INFO  safemode.SCMSafeModeManager (SCMSafeModeManager.java:validateSafeModeExitRules(177)) - ScmSafeModeManager, all rules are successfully validated
2019-07-13 07:39:01,103 INFO  safemode.SCMSafeModeManager (SCMSafeModeManager.java:exitSafeMode(193)) - SCM exiting safe mode.
2019-07-13 07:39:01,108 INFO  ozone.MiniOzoneClusterImpl (MiniOzoneClusterImpl.java:lambda$waitForClusterToBeReady$0(142)) - Waiting for cluster to be ready. Got 1 of 7 DN Heartbeats.
2019-07-13 07:39:01,127 INFO  impl.RaftServerProxy (RaftServerProxy.java:addNew(89)) - b8ec8f7f-5885-438b-bffb-7679c525b3f1: addNew group-71A747149DB6:[b8ec8f7f-5885-438b-bffb-7679c525b3f1:192.168.69.84:45525] returns group-71A747149DB6:java.util.concurrent.CompletableFuture@1cc5eba[Not completed]
2019-07-13 07:39:01,128 INFO  impl.RaftServerImpl (RaftServerImpl.java:<init>(93)) - b8ec8f7f-5885-438b-bffb-7679c525b3f1: new RaftServerImpl for group-71A747149DB6:[b8ec8f7f-5885-438b-bffb-7679c525b3f1:192.168.69.84:45525] with ContainerStateMachine:uninitialized
2019-07-13 07:39:01,128 INFO  server.RaftServerConfigKeys (ConfUtils.java:logGet(43)) - raft.server.rpc.timeout.min = 5s (custom)
2019-07-13 07:39:01,128 INFO  server.RaftServerConfigKeys (ConfUtils.java:logGet(43)) - raft.server.rpc.timeout.max = 5200ms (custom)
2019-07-13 07:39:01,128 INFO  server.RaftServerConfigKeys (ConfUtils.java:logGet(43)) - raft.server.rpcslowness.timeout = 120s (custom)
2019-07-13 07:39:01,129 INFO  server.RaftServerConfigKeys (ConfUtils.java:logGet(43)) - raft.server.sleep.deviation.threshold = 300 (default)
2019-07-13 07:39:01,129 INFO  server.RaftServerConfigKeys (ConfUtils.java:logGet(43)) - raft.server.log.appender.install.snapshot.enabled = false (custom)
2019-07-13 07:39:01,129 INFO  impl.RaftServerImpl (ServerState.java:<init>(105)) - b8ec8f7f-5885-438b-bffb-7679c525b3f1:group-71A747149DB6 ConfigurationManager, init=-1: [b8ec8f7f-5885-438b-bffb-7679c525b3f1:192.168.69.84:45525], old=null, confs=<EMPTY_MAP>
2019-07-13 07:39:01,129 INFO  server.RaftServerConfigKeys (ConfUtils.java:logGet(43)) - raft.server.storage.dir = [/tmp/workdir/hadoop-ozone/integration-test/target/test-dir/MiniOzoneClusterImpl-44c4c997-bfce-4c08-899e-6a5652d50fdd/datanode-0/data/ratis] (custom)
2019-07-13 07:39:01,130 INFO  storage.RaftStorageDirectory (RaftStorageDirectory.java:analyzeStorage(246)) - The storage directory /tmp/workdir/hadoop-ozone/integration-test/target/test-dir/MiniOzoneClusterImpl-44c4c997-bfce-4c08-899e-6a5652d50fdd/datanode-0/data/ratis/39a1135c-4733-4a3f-99c6-71a747149db6 does not exist. Creating ...
2019-07-13 07:39:01,143 INFO  storage.RaftStorageDirectory (RaftStorageDirectory.java:tryLock(328)) - Lock on /tmp/workdir/hadoop-ozone/integration-test/target/test-dir/MiniOzoneClusterImpl-44c4c997-bfce-4c08-899e-6a5652d50fdd/datanode-0/data/ratis/39a1135c-4733-4a3f-99c6-71a747149db6/in_use.lock acquired by nodename 29913@trunk-nightly-9lh4p-2362225927
2019-07-13 07:39:01,157 INFO  storage.RaftStorage (RaftStorage.java:format(72)) - Storage directory /tmp/workdir/hadoop-ozone/integration-test/target/test-dir/MiniOzoneClusterImpl-44c4c997-bfce-4c08-899e-6a5652d50fdd/datanode-0/data/ratis/39a1135c-4733-4a3f-99c6-71a747149db6 has been successfully formatted.
2019-07-13 07:39:01,157 INFO  ratis.ContainerStateMachine (ContainerStateMachine.java:loadSnapshot(200)) - The snapshot info is null.Setting the last applied index to:(t:0, i:~)
2019-07-13 07:39:01,157 INFO  server.RaftServerConfigKeys (ConfUtils.java:logGet(43)) - raft.server.leader.election.timeout = 120s (custom)
2019-07-13 07:39:01,157 INFO  server.RaftServerConfigKeys (ConfUtils.java:logGet(43)) - raft.server.log.use.memory = false (default)
2019-07-13 07:39:01,157 INFO  server.RaftServerConfigKeys (ConfUtils.java:logGet(43)) - raft.server.log.purge.gap = 1000000000 (custom)
2019-07-13 07:39:01,158 INFO  server.RaftServerConfigKeys (ConfUtils.java:logGet(43)) - raft.server.log.appender.buffer.byte-limit = 33554432 (custom)
2019-07-13 07:39:01,158 INFO  server.RaftServerConfigKeys (ConfUtils.java:logGet(43)) - raft.server.log.segment.size.max = 1048576 (custom)
2019-07-13 07:39:01,158 INFO  server.RaftServerConfigKeys (ConfUtils.java:logGet(43)) - raft.server.log.segment.cache.num.max = 2 (custom)
2019-07-13 07:39:01,158 INFO  segmented.SegmentedRaftLogWorker (SegmentedRaftLogWorker.java:<init>(172)) - new b8ec8f7f-5885-438b-bffb-7679c525b3f1-SegmentedRaftLogWorker:Storage Directory /tmp/workdir/hadoop-ozone/integration-test/target/test-dir/MiniOzoneClusterImpl-44c4c997-bfce-4c08-899e-6a5652d50fdd/datanode-0/data/ratis/39a1135c-4733-4a3f-99c6-71a747149db6 for RaftStorage:Storage Directory /tmp/workdir/hadoop-ozone/integration-test/target/test-dir/MiniOzoneClusterImpl-44c4c997-bfce-4c08-899e-6a5652d50fdd/datanode-0/data/ratis/39a1135c-4733-4a3f-99c6-71a747149db6
2019-07-13 07:39:01,158 INFO  server.RaftServerConfigKeys (ConfUtils.java:logGet(43)) - raft.server.log.queue.byte-limit = 2147483647 (custom)
2019-07-13 07:39:01,159 INFO  server.RaftServerConfigKeys (ConfUtils.java:logGet(43)) - raft.server.log.queue.element-limit = 1024 (custom)
2019-07-13 07:39:01,159 INFO  server.RaftServerConfigKeys (ConfUtils.java:logGet(43)) - raft.server.log.segment.size.max = 1048576 (custom)
2019-07-13 07:39:01,159 INFO  server.RaftServerConfigKeys (ConfUtils.java:logGet(43)) - raft.server.log.preallocated.size = 16384 (custom)
2019-07-13 07:39:01,159 INFO  server.RaftServerConfigKeys (ConfUtils.java:logGet(43)) - raft.server.log.write.buffer.size = 33554432 (custom)
2019-07-13 07:39:01,160 INFO  server.RaftServerConfigKeys (ConfUtils.java:logGet(43)) - raft.server.log.force.sync.num = 128 (default)
2019-07-13 07:39:01,160 INFO  server.RaftServerConfigKeys (ConfUtils.java:logGet(43)) - raft.server.log.statemachine.data.sync = true (default)
2019-07-13 07:39:01,160 INFO  server.RaftServerConfigKeys (ConfUtils.java:logGet(43)) - raft.server.log.statemachine.data.sync.timeout = 10s (default)
2019-07-13 07:39:01,160 INFO  server.RaftServerConfigKeys (ConfUtils.java:logGet(43)) - raft.server.log.statemachine.data.sync.timeout.retry = -1 (default)
2019-07-13 07:39:01,161 INFO  server.RaftServerConfigKeys (ConfUtils.java:logGet(43)) - raft.server.log.statemachine.data.caching.enabled = true (custom)
2019-07-13 07:39:01,161 INFO  segmented.SegmentedRaftLogWorker (SegmentedRaftLogWorker.java:lambda$new$0(132)) - b8ec8f7f-5885-438b-bffb-7679c525b3f1-SegmentedRaftLogWorker:Storage Directory /tmp/workdir/hadoop-ozone/integration-test/target/test-dir/MiniOzoneClusterImpl-44c4c997-bfce-4c08-899e-6a5652d50fdd/datanode-0/data/ratis/39a1135c-4733-4a3f-99c6-71a747149db6: flushIndex: setUnconditionally 0 -> -1
2019-07-13 07:39:01,161 INFO  server.RaftServerConfigKeys (ConfUtils.java:logGet(43)) - raft.server.snapshot.auto.trigger.enabled = true (custom)
2019-07-13 07:39:01,162 INFO  server.RaftServerConfigKeys (ConfUtils.java:logGet(43)) - raft.server.snapshot.auto.trigger.threshold = 10000 (custom)
2019-07-13 07:39:01,162 INFO  server.RaftServerConfigKeys (ConfUtils.java:logGet(43)) - raft.server.retrycache.expirytime = 600000ms (custom)
2019-07-13 07:39:01,162 INFO  impl.RaftServerImpl (RaftServerImpl.java:start(180)) - b8ec8f7f-5885-438b-bffb-7679c525b3f1: start group-71A747149DB6
2019-07-13 07:39:01,162 INFO  impl.RaftServerImpl (RaftServerImpl.java:setRole(171)) - b8ec8f7f-5885-438b-bffb-7679c525b3f1:group-71A747149DB6 changes role from null to FOLLOWER at term 0 for startAsFollower
2019-07-13 07:39:01,162 INFO  impl.RoleInfo (RoleInfo.java:updateAndGet(143)) - b8ec8f7f-5885-438b-bffb-7679c525b3f1: start FollowerState
2019-07-13 07:39:01,164 INFO  util.JmxRegister (JmxRegister.java:tryRegister(44)) - Successfully registered JMX Bean with object name Ratis:service=RaftServer,group=group-71A747149DB6,id=b8ec8f7f-5885-438b-bffb-7679c525b3f1
2019-07-13 07:39:01,167 INFO  pipeline.PipelineStateManager (PipelineStateManager.java:addPipeline(56)) - Created pipeline Pipeline[ Id: 39a1135c-4733-4a3f-99c6-71a747149db6, Nodes: b8ec8f7f-5885-438b-bffb-7679c525b3f1{ip: 192.168.69.84, host: trunk-nightly-9lh4p-2362225927, networkLocation: /default-rack, certSerialId: null}, Type:RATIS, Factor:ONE, State:OPEN]
2019-07-13 07:39:01,278 INFO  node.SCMNodeManager (SCMNodeManager.java:register(269)) - Registered Data node : ae8bc3db-8a02-4092-94ea-9b10afa414ae{ip: 192.168.69.84, host: trunk-nightly-9lh4p-2362225927, networkLocation: /default-rack, certSerialId: null}
2019-07-13 07:39:01,286 INFO  impl.RaftServerProxy (RaftServerProxy.java:addNew(89)) - ae8bc3db-8a02-4092-94ea-9b10afa414ae: addNew group-CC429ECBD6D5:[ae8bc3db-8a02-4092-94ea-9b10afa414ae:192.168.69.84:40214] returns group-CC429ECBD6D5:java.util.concurrent.CompletableFuture@79526af6[Not completed]
2019-07-13 07:39:01,287 INFO  impl.RaftServerImpl (RaftServerImpl.java:<init>(93)) - ae8bc3db-8a02-4092-94ea-9b10afa414ae: new RaftServerImpl for group-CC429ECBD6D5:[ae8bc3db-8a02-4092-94ea-9b10afa414ae:192.168.69.84:40214] with ContainerStateMachine:uninitialized
2019-07-13 07:39:01,287 INFO  server.RaftServerConfigKeys (ConfUtils.java:logGet(43)) - raft.server.rpc.timeout.min = 5s (custom)
2019-07-13 07:39:01,287 INFO  server.RaftServerConfigKeys (ConfUtils.java:logGet(43)) - raft.server.rpc.timeout.max = 5200ms (custom)
2019-07-13 07:39:01,287 INFO  server.RaftServerConfigKeys (ConfUtils.java:logGet(43)) - raft.server.rpcslowness.timeout = 120s (custom)
2019-07-13 07:39:01,288 INFO  server.RaftServerConfigKeys (ConfUtils.java:logGet(43)) - raft.server.sleep.deviation.threshold = 300 (default)
2019-07-13 07:39:01,288 INFO  server.RaftServerConfigKeys (ConfUtils.java:logGet(43)) - raft.server.log.appender.install.snapshot.enabled = false (custom)
2019-07-13 07:39:01,288 INFO  impl.RaftServerImpl (ServerState.java:<init>(105)) - ae8bc3db-8a02-4092-94ea-9b10afa414ae:group-CC429ECBD6D5 ConfigurationManager, init=-1: [ae8bc3db-8a02-4092-94ea-9b10afa414ae:192.168.69.84:40214], old=null, confs=<EMPTY_MAP>
2019-07-13 07:39:01,288 INFO  server.RaftServerConfigKeys (ConfUtils.java:logGet(43)) - raft.server.storage.dir = [/tmp/workdir/hadoop-ozone/integration-test/target/test-dir/MiniOzoneClusterImpl-44c4c997-bfce-4c08-899e-6a5652d50fdd/datanode-1/data/ratis] (custom)
2019-07-13 07:39:01,289 INFO  storage.RaftStorageDirectory (RaftStorageDirectory.java:analyzeStorage(246)) - The storage directory /tmp/workdir/hadoop-ozone/integration-test/target/test-dir/MiniOzoneClusterImpl-44c4c997-bfce-4c08-899e-6a5652d50fdd/datanode-1/data/ratis/2aaa57e8-64db-4dcd-8272-cc429ecbd6d5 does not exist. Creating ...
2019-07-13 07:39:01,302 INFO  storage.RaftStorageDirectory (RaftStorageDirectory.java:tryLock(328)) - Lock on /tmp/workdir/hadoop-ozone/integration-test/target/test-dir/MiniOzoneClusterImpl-44c4c997-bfce-4c08-899e-6a5652d50fdd/datanode-1/data/ratis/2aaa57e8-64db-4dcd-8272-cc429ecbd6d5/in_use.lock acquired by nodename 29913@trunk-nightly-9lh4p-2362225927
2019-07-13 07:39:01,315 INFO  storage.RaftStorage (RaftStorage.java:format(72)) - Storage directory /tmp/workdir/hadoop-ozone/integration-test/target/test-dir/MiniOzoneClusterImpl-44c4c997-bfce-4c08-899e-6a5652d50fdd/datanode-1/data/ratis/2aaa57e8-64db-4dcd-8272-cc429ecbd6d5 has been successfully formatted.
2019-07-13 07:39:01,315 INFO  ratis.ContainerStateMachine (ContainerStateMachine.java:loadSnapshot(200)) - The snapshot info is null.Setting the last applied index to:(t:0, i:~)
2019-07-13 07:39:01,315 INFO  server.RaftServerConfigKeys (ConfUtils.java:logGet(43)) - raft.server.leader.election.timeout = 120s (custom)
2019-07-13 07:39:01,315 INFO  server.RaftServerConfigKeys (ConfUtils.java:logGet(43)) - raft.server.log.use.memory = false (default)
2019-07-13 07:39:01,316 INFO  server.RaftServerConfigKeys (ConfUtils.java:logGet(43)) - raft.server.log.purge.gap = 1000000000 (custom)
2019-07-13 07:39:01,316 INFO  server.RaftServerConfigKeys (ConfUtils.java:logGet(43)) - raft.server.log.appender.buffer.byte-limit = 33554432 (custom)
2019-07-13 07:39:01,316 INFO  server.RaftServerConfigKeys (ConfUtils.java:logGet(43)) - raft.server.log.segment.size.max = 1048576 (custom)
2019-07-13 07:39:01,316 INFO  server.RaftServerConfigKeys (ConfUtils.java:logGet(43)) - raft.server.log.segment.cache.num.max = 2 (custom)
2019-07-13 07:39:01,316 INFO  segmented.SegmentedRaftLogWorker (SegmentedRaftLogWorker.java:<init>(172)) - new ae8bc3db-8a02-4092-94ea-9b10afa414ae-SegmentedRaftLogWorker:Storage Directory /tmp/workdir/hadoop-ozone/integration-test/target/test-dir/MiniOzoneClusterImpl-44c4c997-bfce-4c08-899e-6a5652d50fdd/datanode-1/data/ratis/2aaa57e8-64db-4dcd-8272-cc429ecbd6d5 for RaftStorage:Storage Directory /tmp/workdir/hadoop-ozone/integration-test/target/test-dir/MiniOzoneClusterImpl-44c4c997-bfce-4c08-899e-6a5652d50fdd/datanode-1/data/ratis/2aaa57e8-64db-4dcd-8272-cc429ecbd6d5
2019-07-13 07:39:01,316 INFO  server.RaftServerConfigKeys (ConfUtils.java:logGet(43)) - raft.server.log.queue.byte-limit = 2147483647 (custom)
2019-07-13 07:39:01,317 INFO  server.RaftServerConfigKeys (ConfUtils.java:logGet(43)) - raft.server.log.queue.element-limit = 1024 (custom)
2019-07-13 07:39:01,317 INFO  server.RaftServerConfigKeys (ConfUtils.java:logGet(43)) - raft.server.log.segment.size.max = 1048576 (custom)
2019-07-13 07:39:01,317 INFO  server.RaftServerConfigKeys (ConfUtils.java:logGet(43)) - raft.server.log.preallocated.size = 16384 (custom)
2019-07-13 07:39:01,317 INFO  server.RaftServerConfigKeys (ConfUtils.java:logGet(43)) - raft.server.log.write.buffer.size = 33554432 (custom)
2019-07-13 07:39:01,317 INFO  server.RaftServerConfigKeys (ConfUtils.java:logGet(43)) - raft.server.log.force.sync.num = 128 (default)
2019-07-13 07:39:01,317 INFO  server.RaftServerConfigKeys (ConfUtils.java:logGet(43)) - raft.server.log.statemachine.data.sync = true (default)
2019-07-13 07:39:01,318 INFO  server.RaftServerConfigKeys (ConfUtils.java:logGet(43)) - raft.server.log.statemachine.data.sync.timeout = 10s (default)
2019-07-13 07:39:01,318 INFO  server.RaftServerConfigKeys (ConfUtils.java:logGet(43)) - raft.server.log.statemachine.data.sync.timeout.retry = -1 (default)
2019-07-13 07:39:01,318 INFO  server.RaftServerConfigKeys (ConfUtils.java:logGet(43)) - raft.server.log.statemachine.data.caching.enabled = true (custom)
2019-07-13 07:39:01,318 INFO  segmented.SegmentedRaftLogWorker (SegmentedRaftLogWorker.java:lambda$new$0(132)) - ae8bc3db-8a02-4092-94ea-9b10afa414ae-SegmentedRaftLogWorker:Storage Directory /tmp/workdir/hadoop-ozone/integration-test/target/test-dir/MiniOzoneClusterImpl-44c4c997-bfce-4c08-899e-6a5652d50fdd/datanode-1/data/ratis/2aaa57e8-64db-4dcd-8272-cc429ecbd6d5: flushIndex: setUnconditionally 0 -> -1
2019-07-13 07:39:01,319 INFO  server.RaftServerConfigKeys (ConfUtils.java:logGet(43)) - raft.server.snapshot.auto.trigger.enabled = true (custom)
2019-07-13 07:39:01,319 INFO  server.RaftServerConfigKeys (ConfUtils.java:logGet(43)) - raft.server.snapshot.auto.trigger.threshold = 10000 (custom)
2019-07-13 07:39:01,319 INFO  server.RaftServerConfigKeys (ConfUtils.java:logGet(43)) - raft.server.retrycache.expirytime = 600000ms (custom)
2019-07-13 07:39:01,319 INFO  impl.RaftServerImpl (RaftServerImpl.java:start(180)) - ae8bc3db-8a02-4092-94ea-9b10afa414ae: start group-CC429ECBD6D5
2019-07-13 07:39:01,319 INFO  impl.RaftServerImpl (RaftServerImpl.java:setRole(171)) - ae8bc3db-8a02-4092-94ea-9b10afa414ae:group-CC429ECBD6D5 changes role from null to FOLLOWER at term 0 for startAsFollower
2019-07-13 07:39:01,320 INFO  impl.RoleInfo (RoleInfo.java:updateAndGet(143)) - ae8bc3db-8a02-4092-94ea-9b10afa414ae: start FollowerState
2019-07-13 07:39:01,320 INFO  util.JmxRegister (JmxRegister.java:tryRegister(44)) - Successfully registered JMX Bean with object name Ratis:service=RaftServer,group=group-CC429ECBD6D5,id=ae8bc3db-8a02-4092-94ea-9b10afa414ae
2019-07-13 07:39:01,322 INFO  pipeline.PipelineStateManager (PipelineStateManager.java:addPipeline(56)) - Created pipeline Pipeline[ Id: 2aaa57e8-64db-4dcd-8272-cc429ecbd6d5, Nodes: ae8bc3db-8a02-4092-94ea-9b10afa414ae{ip: 192.168.69.84, host: trunk-nightly-9lh4p-2362225927, networkLocation: /default-rack, certSerialId: null}, Type:RATIS, Factor:ONE, State:OPEN]
2019-07-13 07:39:01,442 INFO  node.SCMNodeManager (SCMNodeManager.java:register(269)) - Registered Data node : fdc85edf-36c2-42ff-b00a-0eabab82fdf0{ip: 192.168.69.84, host: trunk-nightly-9lh4p-2362225927, networkLocation: /default-rack, certSerialId: null}
2019-07-13 07:39:01,449 INFO  impl.RaftServerProxy (RaftServerProxy.java:addNew(89)) - fdc85edf-36c2-42ff-b00a-0eabab82fdf0: addNew group-1C1572427317:[fdc85edf-36c2-42ff-b00a-0eabab82fdf0:192.168.69.84:45789] returns group-1C1572427317:java.util.concurrent.CompletableFuture@7d3e293f[Not completed]
2019-07-13 07:39:01,450 INFO  impl.RaftServerImpl (RaftServerImpl.java:<init>(93)) - fdc85edf-36c2-42ff-b00a-0eabab82fdf0: new RaftServerImpl for group-1C1572427317:[fdc85edf-36c2-42ff-b00a-0eabab82fdf0:192.168.69.84:45789] with ContainerStateMachine:uninitialized
2019-07-13 07:39:01,450 INFO  server.RaftServerConfigKeys (ConfUtils.java:logGet(43)) - raft.server.rpc.timeout.min = 5s (custom)
2019-07-13 07:39:01,450 INFO  server.RaftServerConfigKeys (ConfUtils.java:logGet(43)) - raft.server.rpc.timeout.max = 5200ms (custom)
2019-07-13 07:39:01,450 INFO  server.RaftServerConfigKeys (ConfUtils.java:logGet(43)) - raft.server.rpcslowness.timeout = 120s (custom)
2019-07-13 07:39:01,451 INFO  server.RaftServerConfigKeys (ConfUtils.java:logGet(43)) - raft.server.sleep.deviation.threshold = 300 (default)
2019-07-13 07:39:01,451 INFO  server.RaftServerConfigKeys (ConfUtils.java:logGet(43)) - raft.server.log.appender.install.snapshot.enabled = false (custom)
2019-07-13 07:39:01,451 INFO  impl.RaftServerImpl (ServerState.java:<init>(105)) - fdc85edf-36c2-42ff-b00a-0eabab82fdf0:group-1C1572427317 ConfigurationManager, init=-1: [fdc85edf-36c2-42ff-b00a-0eabab82fdf0:192.168.69.84:45789], old=null, confs=<EMPTY_MAP>
2019-07-13 07:39:01,451 INFO  server.RaftServerConfigKeys (ConfUtils.java:logGet(43)) - raft.server.storage.dir = [/tmp/workdir/hadoop-ozone/integration-test/target/test-dir/MiniOzoneClusterImpl-44c4c997-bfce-4c08-899e-6a5652d50fdd/datanode-2/data/ratis] (custom)
2019-07-13 07:39:01,451 INFO  storage.RaftStorageDirectory (RaftStorageDirectory.java:analyzeStorage(246)) - The storage directory /tmp/workdir/hadoop-ozone/integration-test/target/test-dir/MiniOzoneClusterImpl-44c4c997-bfce-4c08-899e-6a5652d50fdd/datanode-2/data/ratis/8764eb77-afbc-4f2f-aa17-1c1572427317 does not exist. Creating ...
2019-07-13 07:39:01,465 INFO  storage.RaftStorageDirectory (RaftStorageDirectory.java:tryLock(328)) - Lock on /tmp/workdir/hadoop-ozone/integration-test/target/test-dir/MiniOzoneClusterImpl-44c4c997-bfce-4c08-899e-6a5652d50fdd/datanode-2/data/ratis/8764eb77-afbc-4f2f-aa17-1c1572427317/in_use.lock acquired by nodename 29913@trunk-nightly-9lh4p-2362225927
2019-07-13 07:39:01,479 INFO  storage.RaftStorage (RaftStorage.java:format(72)) - Storage directory /tmp/workdir/hadoop-ozone/integration-test/target/test-dir/MiniOzoneClusterImpl-44c4c997-bfce-4c08-899e-6a5652d50fdd/datanode-2/data/ratis/8764eb77-afbc-4f2f-aa17-1c1572427317 has been successfully formatted.
2019-07-13 07:39:01,479 INFO  ratis.ContainerStateMachine (ContainerStateMachine.java:loadSnapshot(200)) - The snapshot info is null.Setting the last applied index to:(t:0, i:~)
2019-07-13 07:39:01,479 INFO  server.RaftServerConfigKeys (ConfUtils.java:logGet(43)) - raft.server.leader.election.timeout = 120s (custom)
2019-07-13 07:39:01,480 INFO  server.RaftServerConfigKeys (ConfUtils.java:logGet(43)) - raft.server.log.use.memory = false (default)
2019-07-13 07:39:01,480 INFO  server.RaftServerConfigKeys (ConfUtils.java:logGet(43)) - raft.server.log.purge.gap = 1000000000 (custom)
2019-07-13 07:39:01,480 INFO  server.RaftServerConfigKeys (ConfUtils.java:logGet(43)) - raft.server.log.appender.buffer.byte-limit = 33554432 (custom)
2019-07-13 07:39:01,480 INFO  server.RaftServerConfigKeys (ConfUtils.java:logGet(43)) - raft.server.log.segment.size.max = 1048576 (custom)
2019-07-13 07:39:01,480 INFO  server.RaftServerConfigKeys (ConfUtils.java:logGet(43)) - raft.server.log.segment.cache.num.max = 2 (custom)
2019-07-13 07:39:01,480 INFO  segmented.SegmentedRaftLogWorker (SegmentedRaftLogWorker.java:<init>(172)) - new fdc85edf-36c2-42ff-b00a-0eabab82fdf0-SegmentedRaftLogWorker:Storage Directory /tmp/workdir/hadoop-ozone/integration-test/target/test-dir/MiniOzoneClusterImpl-44c4c997-bfce-4c08-899e-6a5652d50fdd/datanode-2/data/ratis/8764eb77-afbc-4f2f-aa17-1c1572427317 for RaftStorage:Storage Directory /tmp/workdir/hadoop-ozone/integration-test/target/test-dir/MiniOzoneClusterImpl-44c4c997-bfce-4c08-899e-6a5652d50fdd/datanode-2/data/ratis/8764eb77-afbc-4f2f-aa17-1c1572427317
2019-07-13 07:39:01,481 INFO  server.RaftServerConfigKeys (ConfUtils.java:logGet(43)) - raft.server.log.queue.byte-limit = 2147483647 (custom)
2019-07-13 07:39:01,481 INFO  server.RaftServerConfigKeys (ConfUtils.java:logGet(43)) - raft.server.log.queue.element-limit = 1024 (custom)
2019-07-13 07:39:01,481 INFO  server.RaftServerConfigKeys (ConfUtils.java:logGet(43)) - raft.server.log.segment.size.max = 1048576 (custom)
2019-07-13 07:39:01,481 INFO  server.RaftServerConfigKeys (ConfUtils.java:logGet(43)) - raft.server.log.preallocated.size = 16384 (custom)
2019-07-13 07:39:01,481 INFO  server.RaftServerConfigKeys (ConfUtils.java:logGet(43)) - raft.server.log.write.buffer.size = 33554432 (custom)
2019-07-13 07:39:01,481 INFO  server.RaftServerConfigKeys (ConfUtils.java:logGet(43)) - raft.server.log.force.sync.num = 128 (default)
2019-07-13 07:39:01,482 INFO  server.RaftServerConfigKeys (ConfUtils.java:logGet(43)) - raft.server.log.statemachine.data.sync = true (default)
2019-07-13 07:39:01,482 INFO  server.RaftServerConfigKeys (ConfUtils.java:logGet(43)) - raft.server.log.statemachine.data.sync.timeout = 10s (default)
2019-07-13 07:39:01,482 INFO  server.RaftServerConfigKeys (ConfUtils.java:logGet(43)) - raft.server.log.statemachine.data.sync.timeout.retry = -1 (default)
2019-07-13 07:39:01,482 INFO  server.RaftServerConfigKeys (ConfUtils.java:logGet(43)) - raft.server.log.statemachine.data.caching.enabled = true (custom)
2019-07-13 07:39:01,483 INFO  segmented.SegmentedRaftLogWorker (SegmentedRaftLogWorker.java:lambda$new$0(132)) - fdc85edf-36c2-42ff-b00a-0eabab82fdf0-SegmentedRaftLogWorker:Storage Directory /tmp/workdir/hadoop-ozone/integration-test/target/test-dir/MiniOzoneClusterImpl-44c4c997-bfce-4c08-899e-6a5652d50fdd/datanode-2/data/ratis/8764eb77-afbc-4f2f-aa17-1c1572427317: flushIndex: setUnconditionally 0 -> -1
2019-07-13 07:39:01,483 INFO  server.RaftServerConfigKeys (ConfUtils.java:logGet(43)) - raft.server.snapshot.auto.trigger.enabled = true (custom)
2019-07-13 07:39:01,483 INFO  server.RaftServerConfigKeys (ConfUtils.java:logGet(43)) - raft.server.snapshot.auto.trigger.threshold = 10000 (custom)
2019-07-13 07:39:01,483 INFO  server.RaftServerConfigKeys (ConfUtils.java:logGet(43)) - raft.server.retrycache.expirytime = 600000ms (custom)
2019-07-13 07:39:01,483 INFO  impl.RaftServerImpl (RaftServerImpl.java:start(180)) - fdc85edf-36c2-42ff-b00a-0eabab82fdf0: start group-1C1572427317
2019-07-13 07:39:01,484 INFO  impl.RaftServerImpl (RaftServerImpl.java:setRole(171)) - fdc85edf-36c2-42ff-b00a-0eabab82fdf0:group-1C1572427317 changes role from null to FOLLOWER at term 0 for startAsFollower
2019-07-13 07:39:01,484 INFO  impl.RoleInfo (RoleInfo.java:updateAndGet(143)) - fdc85edf-36c2-42ff-b00a-0eabab82fdf0: start FollowerState
2019-07-13 07:39:01,484 INFO  util.JmxRegister (JmxRegister.java:tryRegister(44)) - Successfully registered JMX Bean with object name Ratis:service=RaftServer,group=group-1C1572427317,id=fdc85edf-36c2-42ff-b00a-0eabab82fdf0
2019-07-13 07:39:01,486 INFO  pipeline.PipelineStateManager (PipelineStateManager.java:addPipeline(56)) - Created pipeline Pipeline[ Id: 8764eb77-afbc-4f2f-aa17-1c1572427317, Nodes: fdc85edf-36c2-42ff-b00a-0eabab82fdf0{ip: 192.168.69.84, host: trunk-nightly-9lh4p-2362225927, networkLocation: /default-rack, certSerialId: null}, Type:RATIS, Factor:ONE, State:OPEN]
2019-07-13 07:39:01,497 INFO  impl.RaftServerProxy (RaftServerProxy.java:addNew(89)) - ae8bc3db-8a02-4092-94ea-9b10afa414ae: addNew group-8ECB9A2F2100:[fdc85edf-36c2-42ff-b00a-0eabab82fdf0:192.168.69.84:45789, b8ec8f7f-5885-438b-bffb-7679c525b3f1:192.168.69.84:45525, ae8bc3db-8a02-4092-94ea-9b10afa414ae:192.168.69.84:40214] returns group-8ECB9A2F2100:java.util.concurrent.CompletableFuture@4b92e634[Not completed]
2019-07-13 07:39:01,497 INFO  impl.RaftServerProxy (RaftServerProxy.java:addNew(89)) - b8ec8f7f-5885-438b-bffb-7679c525b3f1: addNew group-8ECB9A2F2100:[fdc85edf-36c2-42ff-b00a-0eabab82fdf0:192.168.69.84:45789, b8ec8f7f-5885-438b-bffb-7679c525b3f1:192.168.69.84:45525, ae8bc3db-8a02-4092-94ea-9b10afa414ae:192.168.69.84:40214] returns group-8ECB9A2F2100:java.util.concurrent.CompletableFuture@66ee653b[Not completed]
2019-07-13 07:39:01,497 INFO  impl.RaftServerProxy (RaftServerProxy.java:addNew(89)) - fdc85edf-36c2-42ff-b00a-0eabab82fdf0: addNew group-8ECB9A2F2100:[fdc85edf-36c2-42ff-b00a-0eabab82fdf0:192.168.69.84:45789, b8ec8f7f-5885-438b-bffb-7679c525b3f1:192.168.69.84:45525, ae8bc3db-8a02-4092-94ea-9b10afa414ae:192.168.69.84:40214] returns group-8ECB9A2F2100:java.util.concurrent.CompletableFuture@4c75861a[Not completed]
2019-07-13 07:39:01,498 INFO  impl.RaftServerImpl (RaftServerImpl.java:<init>(93)) - fdc85edf-36c2-42ff-b00a-0eabab82fdf0: new RaftServerImpl for group-8ECB9A2F2100:[fdc85edf-36c2-42ff-b00a-0eabab82fdf0:192.168.69.84:45789, b8ec8f7f-5885-438b-bffb-7679c525b3f1:192.168.69.84:45525, ae8bc3db-8a02-4092-94ea-9b10afa414ae:192.168.69.84:40214] with ContainerStateMachine:uninitialized
2019-07-13 07:39:01,498 INFO  server.RaftServerConfigKeys (ConfUtils.java:logGet(43)) - raft.server.rpc.timeout.min = 5s (custom)
2019-07-13 07:39:01,498 INFO  server.RaftServerConfigKeys (ConfUtils.java:logGet(43)) - raft.server.rpc.timeout.max = 5200ms (custom)
2019-07-13 07:39:01,498 INFO  server.RaftServerConfigKeys (ConfUtils.java:logGet(43)) - raft.server.rpcslowness.timeout = 120s (custom)
2019-07-13 07:39:01,498 INFO  server.RaftServerConfigKeys (ConfUtils.java:logGet(43)) - raft.server.sleep.deviation.threshold = 300 (default)
2019-07-13 07:39:01,499 INFO  impl.RaftServerImpl (RaftServerImpl.java:<init>(93)) - ae8bc3db-8a02-4092-94ea-9b10afa414ae: new RaftServerImpl for group-8ECB9A2F2100:[fdc85edf-36c2-42ff-b00a-0eabab82fdf0:192.168.69.84:45789, b8ec8f7f-5885-438b-bffb-7679c525b3f1:192.168.69.84:45525, ae8bc3db-8a02-4092-94ea-9b10afa414ae:192.168.69.84:40214] with ContainerStateMachine:uninitialized
2019-07-13 07:39:01,499 INFO  server.RaftServerConfigKeys (ConfUtils.java:logGet(43)) - raft.server.log.appender.install.snapshot.enabled = false (custom)
2019-07-13 07:39:01,499 INFO  server.RaftServerConfigKeys (ConfUtils.java:logGet(43)) - raft.server.rpc.timeout.min = 5s (custom)
2019-07-13 07:39:01,499 INFO  impl.RaftServerImpl (RaftServerImpl.java:<init>(93)) - b8ec8f7f-5885-438b-bffb-7679c525b3f1: new RaftServerImpl for group-8ECB9A2F2100:[fdc85edf-36c2-42ff-b00a-0eabab82fdf0:192.168.69.84:45789, b8ec8f7f-5885-438b-bffb-7679c525b3f1:192.168.69.84:45525, ae8bc3db-8a02-4092-94ea-9b10afa414ae:192.168.69.84:40214] with ContainerStateMachine:uninitialized
2019-07-13 07:39:01,499 INFO  impl.RaftServerImpl (ServerState.java:<init>(105)) - fdc85edf-36c2-42ff-b00a-0eabab82fdf0:group-8ECB9A2F2100 ConfigurationManager, init=-1: [fdc85edf-36c2-42ff-b00a-0eabab82fdf0:192.168.69.84:45789, b8ec8f7f-5885-438b-bffb-7679c525b3f1:192.168.69.84:45525, ae8bc3db-8a02-4092-94ea-9b10afa414ae:192.168.69.84:40214], old=null, confs=<EMPTY_MAP>
2019-07-13 07:39:01,499 INFO  server.RaftServerConfigKeys (ConfUtils.java:logGet(43)) - raft.server.rpc.timeout.min = 5s (custom)
2019-07-13 07:39:01,499 INFO  server.RaftServerConfigKeys (ConfUtils.java:logGet(43)) - raft.server.rpc.timeout.max = 5200ms (custom)
2019-07-13 07:39:01,500 INFO  server.RaftServerConfigKeys (ConfUtils.java:logGet(43)) - raft.server.rpc.timeout.max = 5200ms (custom)
2019-07-13 07:39:01,499 INFO  server.RaftServerConfigKeys (ConfUtils.java:logGet(43)) - raft.server.storage.dir = [/tmp/workdir/hadoop-ozone/integration-test/target/test-dir/MiniOzoneClusterImpl-44c4c997-bfce-4c08-899e-6a5652d50fdd/datanode-2/data/ratis] (custom)
2019-07-13 07:39:01,500 INFO  server.RaftServerConfigKeys (ConfUtils.java:logGet(43)) - raft.server.rpcslowness.timeout = 120s (custom)
2019-07-13 07:39:01,500 INFO  server.RaftServerConfigKeys (ConfUtils.java:logGet(43)) - raft.server.sleep.deviation.threshold = 300 (default)
2019-07-13 07:39:01,500 INFO  storage.RaftStorageDirectory (RaftStorageDirectory.java:analyzeStorage(246)) - The storage directory /tmp/workdir/hadoop-ozone/integration-test/target/test-dir/MiniOzoneClusterImpl-44c4c997-bfce-4c08-899e-6a5652d50fdd/datanode-2/data/ratis/6f44a408-381a-4216-9eae-8ecb9a2f2100 does not exist. Creating ...
2019-07-13 07:39:01,500 INFO  server.RaftServerConfigKeys (ConfUtils.java:logGet(43)) - raft.server.rpcslowness.timeout = 120s (custom)
2019-07-13 07:39:01,500 INFO  server.RaftServerConfigKeys (ConfUtils.java:logGet(43)) - raft.server.log.appender.install.snapshot.enabled = false (custom)
2019-07-13 07:39:01,501 INFO  server.RaftServerConfigKeys (ConfUtils.java:logGet(43)) - raft.server.sleep.deviation.threshold = 300 (default)
2019-07-13 07:39:01,501 INFO  impl.RaftServerImpl (ServerState.java:<init>(105)) - b8ec8f7f-5885-438b-bffb-7679c525b3f1:group-8ECB9A2F2100 ConfigurationManager, init=-1: [fdc85edf-36c2-42ff-b00a-0eabab82fdf0:192.168.69.84:45789, b8ec8f7f-5885-438b-bffb-7679c525b3f1:192.168.69.84:45525, ae8bc3db-8a02-4092-94ea-9b10afa414ae:192.168.69.84:40214], old=null, confs=<EMPTY_MAP>
2019-07-13 07:39:01,501 INFO  server.RaftServerConfigKeys (ConfUtils.java:logGet(43)) - raft.server.log.appender.install.snapshot.enabled = false (custom)
2019-07-13 07:39:01,501 INFO  server.RaftServerConfigKeys (ConfUtils.java:logGet(43)) - raft.server.storage.dir = [/tmp/workdir/hadoop-ozone/integration-test/target/test-dir/MiniOzoneClusterImpl-44c4c997-bfce-4c08-899e-6a5652d50fdd/datanode-0/data/ratis] (custom)
2019-07-13 07:39:01,501 INFO  impl.RaftServerImpl (ServerState.java:<init>(105)) - ae8bc3db-8a02-4092-94ea-9b10afa414ae:group-8ECB9A2F2100 ConfigurationManager, init=-1: [fdc85edf-36c2-42ff-b00a-0eabab82fdf0:192.168.69.84:45789, b8ec8f7f-5885-438b-bffb-7679c525b3f1:192.168.69.84:45525, ae8bc3db-8a02-4092-94ea-9b10afa414ae:192.168.69.84:40214], old=null, confs=<EMPTY_MAP>
2019-07-13 07:39:01,502 INFO  server.RaftServerConfigKeys (ConfUtils.java:logGet(43)) - raft.server.storage.dir = [/tmp/workdir/hadoop-ozone/integration-test/target/test-dir/MiniOzoneClusterImpl-44c4c997-bfce-4c08-899e-6a5652d50fdd/datanode-1/data/ratis] (custom)
2019-07-13 07:39:01,502 INFO  storage.RaftStorageDirectory (RaftStorageDirectory.java:analyzeStorage(246)) - The storage directory /tmp/workdir/hadoop-ozone/integration-test/target/test-dir/MiniOzoneClusterImpl-44c4c997-bfce-4c08-899e-6a5652d50fdd/datanode-0/data/ratis/6f44a408-381a-4216-9eae-8ecb9a2f2100 does not exist. Creating ...
2019-07-13 07:39:01,502 INFO  storage.RaftStorageDirectory (RaftStorageDirectory.java:analyzeStorage(246)) - The storage directory /tmp/workdir/hadoop-ozone/integration-test/target/test-dir/MiniOzoneClusterImpl-44c4c997-bfce-4c08-899e-6a5652d50fdd/datanode-1/data/ratis/6f44a408-381a-4216-9eae-8ecb9a2f2100 does not exist. Creating ...
2019-07-13 07:39:01,514 INFO  storage.RaftStorageDirectory (RaftStorageDirectory.java:tryLock(328)) - Lock on /tmp/workdir/hadoop-ozone/integration-test/target/test-dir/MiniOzoneClusterImpl-44c4c997-bfce-4c08-899e-6a5652d50fdd/datanode-0/data/ratis/6f44a408-381a-4216-9eae-8ecb9a2f2100/in_use.lock acquired by nodename 29913@trunk-nightly-9lh4p-2362225927
2019-07-13 07:39:01,514 INFO  storage.RaftStorageDirectory (RaftStorageDirectory.java:tryLock(328)) - Lock on /tmp/workdir/hadoop-ozone/integration-test/target/test-dir/MiniOzoneClusterImpl-44c4c997-bfce-4c08-899e-6a5652d50fdd/datanode-1/data/ratis/6f44a408-381a-4216-9eae-8ecb9a2f2100/in_use.lock acquired by nodename 29913@trunk-nightly-9lh4p-2362225927
2019-07-13 07:39:01,514 INFO  storage.RaftStorageDirectory (RaftStorageDirectory.java:tryLock(328)) - Lock on /tmp/workdir/hadoop-ozone/integration-test/target/test-dir/MiniOzoneClusterImpl-44c4c997-bfce-4c08-899e-6a5652d50fdd/datanode-2/data/ratis/6f44a408-381a-4216-9eae-8ecb9a2f2100/in_use.lock acquired by nodename 29913@trunk-nightly-9lh4p-2362225927
2019-07-13 07:39:01,528 INFO  storage.RaftStorage (RaftStorage.java:format(72)) - Storage directory /tmp/workdir/hadoop-ozone/integration-test/target/test-dir/MiniOzoneClusterImpl-44c4c997-bfce-4c08-899e-6a5652d50fdd/datanode-2/data/ratis/6f44a408-381a-4216-9eae-8ecb9a2f2100 has been successfully formatted.
2019-07-13 07:39:01,528 INFO  storage.RaftStorage (RaftStorage.java:format(72)) - Storage directory /tmp/workdir/hadoop-ozone/integration-test/target/test-dir/MiniOzoneClusterImpl-44c4c997-bfce-4c08-899e-6a5652d50fdd/datanode-0/data/ratis/6f44a408-381a-4216-9eae-8ecb9a2f2100 has been successfully formatted.
2019-07-13 07:39:01,528 INFO  storage.RaftStorage (RaftStorage.java:format(72)) - Storage directory /tmp/workdir/hadoop-ozone/integration-test/target/test-dir/MiniOzoneClusterImpl-44c4c997-bfce-4c08-899e-6a5652d50fdd/datanode-1/data/ratis/6f44a408-381a-4216-9eae-8ecb9a2f2100 has been successfully formatted.
2019-07-13 07:39:01,529 INFO  ratis.ContainerStateMachine (ContainerStateMachine.java:loadSnapshot(200)) - The snapshot info is null.Setting the last applied index to:(t:0, i:~)
2019-07-13 07:39:01,528 INFO  ratis.ContainerStateMachine (ContainerStateMachine.java:loadSnapshot(200)) - The snapshot info is null.Setting the last applied index to:(t:0, i:~)
2019-07-13 07:39:01,529 INFO  server.RaftServerConfigKeys (ConfUtils.java:logGet(43)) - raft.server.leader.election.timeout = 120s (custom)
2019-07-13 07:39:01,529 INFO  server.RaftServerConfigKeys (ConfUtils.java:logGet(43)) - raft.server.log.use.memory = false (default)
2019-07-13 07:39:01,529 INFO  ratis.ContainerStateMachine (ContainerStateMachine.java:loadSnapshot(200)) - The snapshot info is null.Setting the last applied index to:(t:0, i:~)
2019-07-13 07:39:01,529 INFO  server.RaftServerConfigKeys (ConfUtils.java:logGet(43)) - raft.server.log.purge.gap = 1000000000 (custom)
2019-07-13 07:39:01,529 INFO  server.RaftServerConfigKeys (ConfUtils.java:logGet(43)) - raft.server.leader.election.timeout = 120s (custom)
2019-07-13 07:39:01,530 INFO  server.RaftServerConfigKeys (ConfUtils.java:logGet(43)) - raft.server.log.appender.buffer.byte-limit = 33554432 (custom)
2019-07-13 07:39:01,530 INFO  server.RaftServerConfigKeys (ConfUtils.java:logGet(43)) - raft.server.leader.election.timeout = 120s (custom)
2019-07-13 07:39:01,530 INFO  server.RaftServerConfigKeys (ConfUtils.java:logGet(43)) - raft.server.log.segment.size.max = 1048576 (custom)
2019-07-13 07:39:01,530 INFO  server.RaftServerConfigKeys (ConfUtils.java:logGet(43)) - raft.server.log.use.memory = false (default)
2019-07-13 07:39:01,530 INFO  server.RaftServerConfigKeys (ConfUtils.java:logGet(43)) - raft.server.log.segment.cache.num.max = 2 (custom)
2019-07-13 07:39:01,530 INFO  server.RaftServerConfigKeys (ConfUtils.java:logGet(43)) - raft.server.log.use.memory = false (default)
2019-07-13 07:39:01,531 INFO  segmented.SegmentedRaftLogWorker (SegmentedRaftLogWorker.java:<init>(172)) - new b8ec8f7f-5885-438b-bffb-7679c525b3f1-SegmentedRaftLogWorker:Storage Directory /tmp/workdir/hadoop-ozone/integration-test/target/test-dir/MiniOzoneClusterImpl-44c4c997-bfce-4c08-899e-6a5652d50fdd/datanode-0/data/ratis/6f44a408-381a-4216-9eae-8ecb9a2f2100 for RaftStorage:Storage Directory /tmp/workdir/hadoop-ozone/integration-test/target/test-dir/MiniOzoneClusterImpl-44c4c997-bfce-4c08-899e-6a5652d50fdd/datanode-0/data/ratis/6f44a408-381a-4216-9eae-8ecb9a2f2100
2019-07-13 07:39:01,531 INFO  server.RaftServerConfigKeys (ConfUtils.java:logGet(43)) - raft.server.log.purge.gap = 1000000000 (custom)
2019-07-13 07:39:01,531 INFO  server.RaftServerConfigKeys (ConfUtils.java:logGet(43)) - raft.server.log.queue.byte-limit = 2147483647 (custom)
2019-07-13 07:39:01,531 INFO  server.RaftServerConfigKeys (ConfUtils.java:logGet(43)) - raft.server.log.queue.element-limit = 1024 (custom)
2019-07-13 07:39:01,531 INFO  server.RaftServerConfigKeys (ConfUtils.java:logGet(43)) - raft.server.log.purge.gap = 1000000000 (custom)
2019-07-13 07:39:01,532 INFO  server.RaftServerConfigKeys (ConfUtils.java:logGet(43)) - raft.server.log.segment.size.max = 1048576 (custom)
2019-07-13 07:39:01,532 INFO  server.RaftServerConfigKeys (ConfUtils.java:logGet(43)) - raft.server.log.preallocated.size = 16384 (custom)
2019-07-13 07:39:01,531 INFO  server.RaftServerConfigKeys (ConfUtils.java:logGet(43)) - raft.server.log.appender.buffer.byte-limit = 33554432 (custom)
2019-07-13 07:39:01,532 INFO  server.RaftServerConfigKeys (ConfUtils.java:logGet(43)) - raft.server.log.write.buffer.size = 33554432 (custom)
2019-07-13 07:39:01,532 INFO  server.RaftServerConfigKeys (ConfUtils.java:logGet(43)) - raft.server.log.force.sync.num = 128 (default)
2019-07-13 07:39:01,532 INFO  server.RaftServerConfigKeys (ConfUtils.java:logGet(43)) - raft.server.log.appender.buffer.byte-limit = 33554432 (custom)
2019-07-13 07:39:01,533 INFO  server.RaftServerConfigKeys (ConfUtils.java:logGet(43)) - raft.server.log.statemachine.data.sync = true (default)
2019-07-13 07:39:01,532 INFO  server.RaftServerConfigKeys (ConfUtils.java:logGet(43)) - raft.server.log.segment.size.max = 1048576 (custom)
2019-07-13 07:39:01,533 INFO  server.RaftServerConfigKeys (ConfUtils.java:logGet(43)) - raft.server.log.statemachine.data.sync.timeout = 10s (default)
2019-07-13 07:39:01,533 INFO  server.RaftServerConfigKeys (ConfUtils.java:logGet(43)) - raft.server.log.statemachine.data.sync.timeout.retry = -1 (default)
2019-07-13 07:39:01,533 INFO  server.RaftServerConfigKeys (ConfUtils.java:logGet(43)) - raft.server.log.segment.size.max = 1048576 (custom)
2019-07-13 07:39:01,533 INFO  server.RaftServerConfigKeys (ConfUtils.java:logGet(43)) - raft.server.log.statemachine.data.caching.enabled = true (custom)
2019-07-13 07:39:01,533 INFO  server.RaftServerConfigKeys (ConfUtils.java:logGet(43)) - raft.server.log.segment.cache.num.max = 2 (custom)
2019-07-13 07:39:01,534 INFO  server.RaftServerConfigKeys (ConfUtils.java:logGet(43)) - raft.server.log.segment.cache.num.max = 2 (custom)
2019-07-13 07:39:01,534 INFO  segmented.SegmentedRaftLogWorker (SegmentedRaftLogWorker.java:lambda$new$0(132)) - b8ec8f7f-5885-438b-bffb-7679c525b3f1-SegmentedRaftLogWorker:Storage Directory /tmp/workdir/hadoop-ozone/integration-test/target/test-dir/MiniOzoneClusterImpl-44c4c997-bfce-4c08-899e-6a5652d50fdd/datanode-0/data/ratis/6f44a408-381a-4216-9eae-8ecb9a2f2100: flushIndex: setUnconditionally 0 -> -1
2019-07-13 07:39:01,534 INFO  segmented.SegmentedRaftLogWorker (SegmentedRaftLogWorker.java:<init>(172)) - new fdc85edf-36c2-42ff-b00a-0eabab82fdf0-SegmentedRaftLogWorker:Storage Directory /tmp/workdir/hadoop-ozone/integration-test/target/test-dir/MiniOzoneClusterImpl-44c4c997-bfce-4c08-899e-6a5652d50fdd/datanode-2/data/ratis/6f44a408-381a-4216-9eae-8ecb9a2f2100 for RaftStorage:Storage Directory /tmp/workdir/hadoop-ozone/integration-test/target/test-dir/MiniOzoneClusterImpl-44c4c997-bfce-4c08-899e-6a5652d50fdd/datanode-2/data/ratis/6f44a408-381a-4216-9eae-8ecb9a2f2100
2019-07-13 07:39:01,534 INFO  segmented.SegmentedRaftLogWorker (SegmentedRaftLogWorker.java:<init>(172)) - new ae8bc3db-8a02-4092-94ea-9b10afa414ae-SegmentedRaftLogWorker:Storage Directory /tmp/workdir/hadoop-ozone/integration-test/target/test-dir/MiniOzoneClusterImpl-44c4c997-bfce-4c08-899e-6a5652d50fdd/datanode-1/data/ratis/6f44a408-381a-4216-9eae-8ecb9a2f2100 for RaftStorage:Storage Directory /tmp/workdir/hadoop-ozone/integration-test/target/test-dir/MiniOzoneClusterImpl-44c4c997-bfce-4c08-899e-6a5652d50fdd/datanode-1/data/ratis/6f44a408-381a-4216-9eae-8ecb9a2f2100
2019-07-13 07:39:01,534 INFO  server.RaftServerConfigKeys (ConfUtils.java:logGet(43)) - raft.server.snapshot.auto.trigger.enabled = true (custom)
2019-07-13 07:39:01,534 INFO  server.RaftServerConfigKeys (ConfUtils.java:logGet(43)) - raft.server.log.queue.byte-limit = 2147483647 (custom)
2019-07-13 07:39:01,535 INFO  server.RaftServerConfigKeys (ConfUtils.java:logGet(43)) - raft.server.snapshot.auto.trigger.threshold = 10000 (custom)
2019-07-13 07:39:01,535 INFO  server.RaftServerConfigKeys (ConfUtils.java:logGet(43)) - raft.server.log.queue.byte-limit = 2147483647 (custom)
2019-07-13 07:39:01,535 INFO  server.RaftServerConfigKeys (ConfUtils.java:logGet(43)) - raft.server.retrycache.expirytime = 600000ms (custom)
2019-07-13 07:39:01,535 INFO  server.RaftServerConfigKeys (ConfUtils.java:logGet(43)) - raft.server.log.queue.element-limit = 1024 (custom)
2019-07-13 07:39:01,536 INFO  impl.RaftServerImpl (RaftServerImpl.java:start(180)) - b8ec8f7f-5885-438b-bffb-7679c525b3f1: start group-8ECB9A2F2100
2019-07-13 07:39:01,536 INFO  impl.RaftServerImpl (RaftServerImpl.java:setRole(171)) - b8ec8f7f-5885-438b-bffb-7679c525b3f1:group-8ECB9A2F2100 changes role from null to FOLLOWER at term 0 for startAsFollower
2019-07-13 07:39:01,535 INFO  server.RaftServerConfigKeys (ConfUtils.java:logGet(43)) - raft.server.log.queue.element-limit = 1024 (custom)
2019-07-13 07:39:01,536 INFO  impl.RoleInfo (RoleInfo.java:updateAndGet(143)) - b8ec8f7f-5885-438b-bffb-7679c525b3f1: start FollowerState
2019-07-13 07:39:01,536 INFO  server.RaftServerConfigKeys (ConfUtils.java:logGet(43)) - raft.server.log.segment.size.max = 1048576 (custom)
2019-07-13 07:39:01,536 INFO  server.RaftServerConfigKeys (ConfUtils.java:logGet(43)) - raft.server.log.segment.size.max = 1048576 (custom)
2019-07-13 07:39:01,537 INFO  util.JmxRegister (JmxRegister.java:tryRegister(44)) - Successfully registered JMX Bean with object name Ratis:service=RaftServer,group=group-8ECB9A2F2100,id=b8ec8f7f-5885-438b-bffb-7679c525b3f1
2019-07-13 07:39:01,537 INFO  server.RaftServerConfigKeys (ConfUtils.java:logGet(43)) - raft.server.log.preallocated.size = 16384 (custom)
2019-07-13 07:39:01,537 INFO  server.RaftServerConfigKeys (ConfUtils.java:logGet(43)) - raft.server.log.preallocated.size = 16384 (custom)
2019-07-13 07:39:01,537 INFO  server.RaftServerConfigKeys (ConfUtils.java:logGet(43)) - raft.server.log.write.buffer.size = 33554432 (custom)
2019-07-13 07:39:01,537 INFO  server.RaftServerConfigKeys (ConfUtils.java:logGet(43)) - raft.server.log.write.buffer.size = 33554432 (custom)
2019-07-13 07:39:01,538 INFO  server.RaftServerConfigKeys (ConfUtils.java:logGet(43)) - raft.server.log.force.sync.num = 128 (default)
2019-07-13 07:39:01,538 INFO  server.RaftServerConfigKeys (ConfUtils.java:logGet(43)) - raft.server.log.force.sync.num = 128 (default)
2019-07-13 07:39:01,538 INFO  server.RaftServerConfigKeys (ConfUtils.java:logGet(43)) - raft.server.log.statemachine.data.sync = true (default)
2019-07-13 07:39:01,538 INFO  server.RaftServerConfigKeys (ConfUtils.java:logGet(43)) - raft.server.log.statemachine.data.sync = true (default)
2019-07-13 07:39:01,538 INFO  server.RaftServerConfigKeys (ConfUtils.java:logGet(43)) - raft.server.log.statemachine.data.sync.timeout = 10s (default)
2019-07-13 07:39:01,538 INFO  server.RaftServerConfigKeys (ConfUtils.java:logGet(43)) - raft.server.log.statemachine.data.sync.timeout = 10s (default)
2019-07-13 07:39:01,539 INFO  server.RaftServerConfigKeys (ConfUtils.java:logGet(43)) - raft.server.log.statemachine.data.sync.timeout.retry = -1 (default)
2019-07-13 07:39:01,539 INFO  server.RaftServerConfigKeys (ConfUtils.java:logGet(43)) - raft.server.log.statemachine.data.sync.timeout.retry = -1 (default)
2019-07-13 07:39:01,539 INFO  server.RaftServerConfigKeys (ConfUtils.java:logGet(43)) - raft.server.log.statemachine.data.caching.enabled = true (custom)
2019-07-13 07:39:01,539 INFO  server.RaftServerConfigKeys (ConfUtils.java:logGet(43)) - raft.server.log.statemachine.data.caching.enabled = true (custom)
2019-07-13 07:39:01,539 INFO  segmented.SegmentedRaftLogWorker (SegmentedRaftLogWorker.java:lambda$new$0(132)) - fdc85edf-36c2-42ff-b00a-0eabab82fdf0-SegmentedRaftLogWorker:Storage Directory /tmp/workdir/hadoop-ozone/integration-test/target/test-dir/MiniOzoneClusterImpl-44c4c997-bfce-4c08-899e-6a5652d50fdd/datanode-2/data/ratis/6f44a408-381a-4216-9eae-8ecb9a2f2100: flushIndex: setUnconditionally 0 -> -1
2019-07-13 07:39:01,539 INFO  segmented.SegmentedRaftLogWorker (SegmentedRaftLogWorker.java:lambda$new$0(132)) - ae8bc3db-8a02-4092-94ea-9b10afa414ae-SegmentedRaftLogWorker:Storage Directory /tmp/workdir/hadoop-ozone/integration-test/target/test-dir/MiniOzoneClusterImpl-44c4c997-bfce-4c08-899e-6a5652d50fdd/datanode-1/data/ratis/6f44a408-381a-4216-9eae-8ecb9a2f2100: flushIndex: setUnconditionally 0 -> -1
2019-07-13 07:39:01,540 INFO  server.RaftServerConfigKeys (ConfUtils.java:logGet(43)) - raft.server.snapshot.auto.trigger.enabled = true (custom)
2019-07-13 07:39:01,540 INFO  server.RaftServerConfigKeys (ConfUtils.java:logGet(43)) - raft.server.snapshot.auto.trigger.threshold = 10000 (custom)
2019-07-13 07:39:01,540 INFO  server.RaftServerConfigKeys (ConfUtils.java:logGet(43)) - raft.server.snapshot.auto.trigger.enabled = true (custom)
2019-07-13 07:39:01,540 INFO  server.RaftServerConfigKeys (ConfUtils.java:logGet(43)) - raft.server.retrycache.expirytime = 600000ms (custom)
2019-07-13 07:39:01,540 INFO  server.RaftServerConfigKeys (ConfUtils.java:logGet(43)) - raft.server.snapshot.auto.trigger.threshold = 10000 (custom)
2019-07-13 07:39:01,540 INFO  impl.RaftServerImpl (RaftServerImpl.java:start(180)) - fdc85edf-36c2-42ff-b00a-0eabab82fdf0: start group-8ECB9A2F2100
2019-07-13 07:39:01,540 INFO  server.RaftServerConfigKeys (ConfUtils.java:logGet(43)) - raft.server.retrycache.expirytime = 600000ms (custom)
2019-07-13 07:39:01,541 INFO  impl.RaftServerImpl (RaftServerImpl.java:setRole(171)) - fdc85edf-36c2-42ff-b00a-0eabab82fdf0:group-8ECB9A2F2100 changes role from null to FOLLOWER at term 0 for startAsFollower
2019-07-13 07:39:01,541 INFO  impl.RaftServerImpl (RaftServerImpl.java:start(180)) - ae8bc3db-8a02-4092-94ea-9b10afa414ae: start group-8ECB9A2F2100
2019-07-13 07:39:01,541 INFO  impl.RoleInfo (RoleInfo.java:updateAndGet(143)) - fdc85edf-36c2-42ff-b00a-0eabab82fdf0: start FollowerState
2019-07-13 07:39:01,541 INFO  impl.RaftServerImpl (RaftServerImpl.java:setRole(171)) - ae8bc3db-8a02-4092-94ea-9b10afa414ae:group-8ECB9A2F2100 changes role from null to FOLLOWER at term 0 for startAsFollower
2019-07-13 07:39:01,541 INFO  impl.RoleInfo (RoleInfo.java:updateAndGet(143)) - ae8bc3db-8a02-4092-94ea-9b10afa414ae: start FollowerState
2019-07-13 07:39:01,541 INFO  util.JmxRegister (JmxRegister.java:tryRegister(44)) - Successfully registered JMX Bean with object name Ratis:service=RaftServer,group=group-8ECB9A2F2100,id=fdc85edf-36c2-42ff-b00a-0eabab82fdf0
2019-07-13 07:39:01,542 INFO  util.JmxRegister (JmxRegister.java:tryRegister(44)) - Successfully registered JMX Bean with object name Ratis:service=RaftServer,group=group-8ECB9A2F2100,id=ae8bc3db-8a02-4092-94ea-9b10afa414ae
2019-07-13 07:39:01,544 INFO  pipeline.PipelineStateManager (PipelineStateManager.java:addPipeline(56)) - Created pipeline Pipeline[ Id: 6f44a408-381a-4216-9eae-8ecb9a2f2100, Nodes: ae8bc3db-8a02-4092-94ea-9b10afa414ae{ip: 192.168.69.84, host: trunk-nightly-9lh4p-2362225927, networkLocation: /default-rack, certSerialId: null}fdc85edf-36c2-42ff-b00a-0eabab82fdf0{ip: 192.168.69.84, host: trunk-nightly-9lh4p-2362225927, networkLocation: /default-rack, certSerialId: null}b8ec8f7f-5885-438b-bffb-7679c525b3f1{ip: 192.168.69.84, host: trunk-nightly-9lh4p-2362225927, networkLocation: /default-rack, certSerialId: null}, Type:RATIS, Factor:THREE, State:OPEN]
2019-07-13 07:39:01,604 INFO  node.SCMNodeManager (SCMNodeManager.java:register(269)) - Registered Data node : 1da0944c-e4a6-458e-bf55-5b16341f6a4a{ip: 192.168.69.84, host: trunk-nightly-9lh4p-2362225927, networkLocation: /default-rack, certSerialId: null}
2019-07-13 07:39:01,613 INFO  impl.RaftServerProxy (RaftServerProxy.java:addNew(89)) - 1da0944c-e4a6-458e-bf55-5b16341f6a4a: addNew group-A2757EF14DC3:[1da0944c-e4a6-458e-bf55-5b16341f6a4a:192.168.69.84:39724] returns group-A2757EF14DC3:java.util.concurrent.CompletableFuture@4489a4b5[Not completed]
2019-07-13 07:39:01,614 INFO  impl.RaftServerImpl (RaftServerImpl.java:<init>(93)) - 1da0944c-e4a6-458e-bf55-5b16341f6a4a: new RaftServerImpl for group-A2757EF14DC3:[1da0944c-e4a6-458e-bf55-5b16341f6a4a:192.168.69.84:39724] with ContainerStateMachine:uninitialized
2019-07-13 07:39:01,614 INFO  server.RaftServerConfigKeys (ConfUtils.java:logGet(43)) - raft.server.rpc.timeout.min = 5s (custom)
2019-07-13 07:39:01,614 INFO  server.RaftServerConfigKeys (ConfUtils.java:logGet(43)) - raft.server.rpc.timeout.max = 5200ms (custom)
2019-07-13 07:39:01,614 INFO  server.RaftServerConfigKeys (ConfUtils.java:logGet(43)) - raft.server.rpcslowness.timeout = 120s (custom)
2019-07-13 07:39:01,614 INFO  server.RaftServerConfigKeys (ConfUtils.java:logGet(43)) - raft.server.sleep.deviation.threshold = 300 (default)
2019-07-13 07:39:01,614 INFO  server.RaftServerConfigKeys (ConfUtils.java:logGet(43)) - raft.server.log.appender.install.snapshot.enabled = false (custom)
2019-07-13 07:39:01,615 INFO  impl.RaftServerImpl (ServerState.java:<init>(105)) - 1da0944c-e4a6-458e-bf55-5b16341f6a4a:group-A2757EF14DC3 ConfigurationManager, init=-1: [1da0944c-e4a6-458e-bf55-5b16341f6a4a:192.168.69.84:39724], old=null, confs=<EMPTY_MAP>
2019-07-13 07:39:01,615 INFO  server.RaftServerConfigKeys (ConfUtils.java:logGet(43)) - raft.server.storage.dir = [/tmp/workdir/hadoop-ozone/integration-test/target/test-dir/MiniOzoneClusterImpl-44c4c997-bfce-4c08-899e-6a5652d50fdd/datanode-3/data/ratis] (custom)
2019-07-13 07:39:01,615 INFO  storage.RaftStorageDirectory (RaftStorageDirectory.java:analyzeStorage(246)) - The storage directory /tmp/workdir/hadoop-ozone/integration-test/target/test-dir/MiniOzoneClusterImpl-44c4c997-bfce-4c08-899e-6a5652d50fdd/datanode-3/data/ratis/ab1db055-4207-4c07-9c12-a2757ef14dc3 does not exist. Creating ...
2019-07-13 07:39:01,629 INFO  storage.RaftStorageDirectory (RaftStorageDirectory.java:tryLock(328)) - Lock on /tmp/workdir/hadoop-ozone/integration-test/target/test-dir/MiniOzoneClusterImpl-44c4c997-bfce-4c08-899e-6a5652d50fdd/datanode-3/data/ratis/ab1db055-4207-4c07-9c12-a2757ef14dc3/in_use.lock acquired by nodename 29913@trunk-nightly-9lh4p-2362225927
2019-07-13 07:39:01,641 INFO  storage.RaftStorage (RaftStorage.java:format(72)) - Storage directory /tmp/workdir/hadoop-ozone/integration-test/target/test-dir/MiniOzoneClusterImpl-44c4c997-bfce-4c08-899e-6a5652d50fdd/datanode-3/data/ratis/ab1db055-4207-4c07-9c12-a2757ef14dc3 has been successfully formatted.
2019-07-13 07:39:01,641 INFO  ratis.ContainerStateMachine (ContainerStateMachine.java:loadSnapshot(200)) - The snapshot info is null.Setting the last applied index to:(t:0, i:~)
2019-07-13 07:39:01,642 INFO  server.RaftServerConfigKeys (ConfUtils.java:logGet(43)) - raft.server.leader.election.timeout = 120s (custom)
2019-07-13 07:39:01,642 INFO  server.RaftServerConfigKeys (ConfUtils.java:logGet(43)) - raft.server.log.use.memory = false (default)
2019-07-13 07:39:01,642 INFO  server.RaftServerConfigKeys (ConfUtils.java:logGet(43)) - raft.server.log.purge.gap = 1000000000 (custom)
2019-07-13 07:39:01,642 INFO  server.RaftServerConfigKeys (ConfUtils.java:logGet(43)) - raft.server.log.appender.buffer.byte-limit = 33554432 (custom)
2019-07-13 07:39:01,642 INFO  server.RaftServerConfigKeys (ConfUtils.java:logGet(43)) - raft.server.log.segment.size.max = 1048576 (custom)
2019-07-13 07:39:01,642 INFO  server.RaftServerConfigKeys (ConfUtils.java:logGet(43)) - raft.server.log.segment.cache.num.max = 2 (custom)
2019-07-13 07:39:01,642 INFO  segmented.SegmentedRaftLogWorker (SegmentedRaftLogWorker.java:<init>(172)) - new 1da0944c-e4a6-458e-bf55-5b16341f6a4a-SegmentedRaftLogWorker:Storage Directory /tmp/workdir/hadoop-ozone/integration-test/target/test-dir/MiniOzoneClusterImpl-44c4c997-bfce-4c08-899e-6a5652d50fdd/datanode-3/data/ratis/ab1db055-4207-4c07-9c12-a2757ef14dc3 for RaftStorage:Storage Directory /tmp/workdir/hadoop-ozone/integration-test/target/test-dir/MiniOzoneClusterImpl-44c4c997-bfce-4c08-899e-6a5652d50fdd/datanode-3/data/ratis/ab1db055-4207-4c07-9c12-a2757ef14dc3
2019-07-13 07:39:01,643 INFO  server.RaftServerConfigKeys (ConfUtils.java:logGet(43)) - raft.server.log.queue.byte-limit = 2147483647 (custom)
2019-07-13 07:39:01,643 INFO  server.RaftServerConfigKeys (ConfUtils.java:logGet(43)) - raft.server.log.queue.element-limit = 1024 (custom)
2019-07-13 07:39:01,643 INFO  server.RaftServerConfigKeys (ConfUtils.java:logGet(43)) - raft.server.log.segment.size.max = 1048576 (custom)
2019-07-13 07:39:01,643 INFO  server.RaftServerConfigKeys (ConfUtils.java:logGet(43)) - raft.server.log.preallocated.size = 16384 (custom)
2019-07-13 07:39:01,643 INFO  server.RaftServerConfigKeys (ConfUtils.java:logGet(43)) - raft.server.log.write.buffer.size = 33554432 (custom)
2019-07-13 07:39:01,644 INFO  server.RaftServerConfigKeys (ConfUtils.java:logGet(43)) - raft.server.log.force.sync.num = 128 (default)
2019-07-13 07:39:01,644 INFO  server.RaftServerConfigKeys (ConfUtils.java:logGet(43)) - raft.server.log.statemachine.data.sync = true (default)
2019-07-13 07:39:01,644 INFO  server.RaftServerConfigKeys (ConfUtils.java:logGet(43)) - raft.server.log.statemachine.data.sync.timeout = 10s (default)
2019-07-13 07:39:01,644 INFO  server.RaftServerConfigKeys (ConfUtils.java:logGet(43)) - raft.server.log.statemachine.data.sync.timeout.retry = -1 (default)
2019-07-13 07:39:01,644 INFO  server.RaftServerConfigKeys (ConfUtils.java:logGet(43)) - raft.server.log.statemachine.data.caching.enabled = true (custom)
2019-07-13 07:39:01,645 INFO  segmented.SegmentedRaftLogWorker (SegmentedRaftLogWorker.java:lambda$new$0(132)) - 1da0944c-e4a6-458e-bf55-5b16341f6a4a-SegmentedRaftLogWorker:Storage Directory /tmp/workdir/hadoop-ozone/integration-test/target/test-dir/MiniOzoneClusterImpl-44c4c997-bfce-4c08-899e-6a5652d50fdd/datanode-3/data/ratis/ab1db055-4207-4c07-9c12-a2757ef14dc3: flushIndex: setUnconditionally 0 -> -1
2019-07-13 07:39:01,645 INFO  server.RaftServerConfigKeys (ConfUtils.java:logGet(43)) - raft.server.snapshot.auto.trigger.enabled = true (custom)
2019-07-13 07:39:01,645 INFO  server.RaftServerConfigKeys (ConfUtils.java:logGet(43)) - raft.server.snapshot.auto.trigger.threshold = 10000 (custom)
2019-07-13 07:39:01,645 INFO  server.RaftServerConfigKeys (ConfUtils.java:logGet(43)) - raft.server.retrycache.expirytime = 600000ms (custom)
2019-07-13 07:39:01,646 INFO  impl.RaftServerImpl (RaftServerImpl.java:start(180)) - 1da0944c-e4a6-458e-bf55-5b16341f6a4a: start group-A2757EF14DC3
2019-07-13 07:39:01,646 INFO  impl.RaftServerImpl (RaftServerImpl.java:setRole(171)) - 1da0944c-e4a6-458e-bf55-5b16341f6a4a:group-A2757EF14DC3 changes role from null to FOLLOWER at term 0 for startAsFollower
2019-07-13 07:39:01,646 INFO  impl.RoleInfo (RoleInfo.java:updateAndGet(143)) - 1da0944c-e4a6-458e-bf55-5b16341f6a4a: start FollowerState
2019-07-13 07:39:01,646 INFO  util.JmxRegister (JmxRegister.java:tryRegister(44)) - Successfully registered JMX Bean with object name Ratis:service=RaftServer,group=group-A2757EF14DC3,id=1da0944c-e4a6-458e-bf55-5b16341f6a4a
2019-07-13 07:39:01,648 INFO  pipeline.PipelineStateManager (PipelineStateManager.java:addPipeline(56)) - Created pipeline Pipeline[ Id: ab1db055-4207-4c07-9c12-a2757ef14dc3, Nodes: 1da0944c-e4a6-458e-bf55-5b16341f6a4a{ip: 192.168.69.84, host: trunk-nightly-9lh4p-2362225927, networkLocation: /default-rack, certSerialId: null}, Type:RATIS, Factor:ONE, State:OPEN]
2019-07-13 07:39:01,772 INFO  node.SCMNodeManager (SCMNodeManager.java:register(269)) - Registered Data node : 193812a9-ddf0-4c4f-ad33-42e352a506b5{ip: 192.168.69.84, host: trunk-nightly-9lh4p-2362225927, networkLocation: /default-rack, certSerialId: null}
2019-07-13 07:39:01,779 INFO  impl.RaftServerProxy (RaftServerProxy.java:addNew(89)) - 193812a9-ddf0-4c4f-ad33-42e352a506b5: addNew group-84A5627367A8:[193812a9-ddf0-4c4f-ad33-42e352a506b5:192.168.69.84:41389] returns group-84A5627367A8:java.util.concurrent.CompletableFuture@1a509845[Not completed]
2019-07-13 07:39:01,780 INFO  impl.RaftServerImpl (RaftServerImpl.java:<init>(93)) - 193812a9-ddf0-4c4f-ad33-42e352a506b5: new RaftServerImpl for group-84A5627367A8:[193812a9-ddf0-4c4f-ad33-42e352a506b5:192.168.69.84:41389] with ContainerStateMachine:uninitialized
2019-07-13 07:39:01,780 INFO  server.RaftServerConfigKeys (ConfUtils.java:logGet(43)) - raft.server.rpc.timeout.min = 5s (custom)
2019-07-13 07:39:01,780 INFO  server.RaftServerConfigKeys (ConfUtils.java:logGet(43)) - raft.server.rpc.timeout.max = 5200ms (custom)
2019-07-13 07:39:01,780 INFO  server.RaftServerConfigKeys (ConfUtils.java:logGet(43)) - raft.server.rpcslowness.timeout = 120s (custom)
2019-07-13 07:39:01,781 INFO  server.RaftServerConfigKeys (ConfUtils.java:logGet(43)) - raft.server.sleep.deviation.threshold = 300 (default)
2019-07-13 07:39:01,781 INFO  server.RaftServerConfigKeys (ConfUtils.java:logGet(43)) - raft.server.log.appender.install.snapshot.enabled = false (custom)
2019-07-13 07:39:01,781 INFO  impl.RaftServerImpl (ServerState.java:<init>(105)) - 193812a9-ddf0-4c4f-ad33-42e352a506b5:group-84A5627367A8 ConfigurationManager, init=-1: [193812a9-ddf0-4c4f-ad33-42e352a506b5:192.168.69.84:41389], old=null, confs=<EMPTY_MAP>
2019-07-13 07:39:01,781 INFO  server.RaftServerConfigKeys (ConfUtils.java:logGet(43)) - raft.server.storage.dir = [/tmp/workdir/hadoop-ozone/integration-test/target/test-dir/MiniOzoneClusterImpl-44c4c997-bfce-4c08-899e-6a5652d50fdd/datanode-4/data/ratis] (custom)
2019-07-13 07:39:01,781 INFO  storage.RaftStorageDirectory (RaftStorageDirectory.java:analyzeStorage(246)) - The storage directory /tmp/workdir/hadoop-ozone/integration-test/target/test-dir/MiniOzoneClusterImpl-44c4c997-bfce-4c08-899e-6a5652d50fdd/datanode-4/data/ratis/5a590f66-1f69-40d8-8db7-84a5627367a8 does not exist. Creating ...
2019-07-13 07:39:01,800 INFO  storage.RaftStorageDirectory (RaftStorageDirectory.java:tryLock(328)) - Lock on /tmp/workdir/hadoop-ozone/integration-test/target/test-dir/MiniOzoneClusterImpl-44c4c997-bfce-4c08-899e-6a5652d50fdd/datanode-4/data/ratis/5a590f66-1f69-40d8-8db7-84a5627367a8/in_use.lock acquired by nodename 29913@trunk-nightly-9lh4p-2362225927
2019-07-13 07:39:01,822 INFO  storage.RaftStorage (RaftStorage.java:format(72)) - Storage directory /tmp/workdir/hadoop-ozone/integration-test/target/test-dir/MiniOzoneClusterImpl-44c4c997-bfce-4c08-899e-6a5652d50fdd/datanode-4/data/ratis/5a590f66-1f69-40d8-8db7-84a5627367a8 has been successfully formatted.
2019-07-13 07:39:01,822 INFO  ratis.ContainerStateMachine (ContainerStateMachine.java:loadSnapshot(200)) - The snapshot info is null.Setting the last applied index to:(t:0, i:~)
2019-07-13 07:39:01,822 INFO  server.RaftServerConfigKeys (ConfUtils.java:logGet(43)) - raft.server.leader.election.timeout = 120s (custom)
2019-07-13 07:39:01,823 INFO  server.RaftServerConfigKeys (ConfUtils.java:logGet(43)) - raft.server.log.use.memory = false (default)
2019-07-13 07:39:01,823 INFO  server.RaftServerConfigKeys (ConfUtils.java:logGet(43)) - raft.server.log.purge.gap = 1000000000 (custom)
2019-07-13 07:39:01,823 INFO  server.RaftServerConfigKeys (ConfUtils.java:logGet(43)) - raft.server.log.appender.buffer.byte-limit = 33554432 (custom)
2019-07-13 07:39:01,823 INFO  server.RaftServerConfigKeys (ConfUtils.java:logGet(43)) - raft.server.log.segment.size.max = 1048576 (custom)
2019-07-13 07:39:01,823 INFO  server.RaftServerConfigKeys (ConfUtils.java:logGet(43)) - raft.server.log.segment.cache.num.max = 2 (custom)
2019-07-13 07:39:01,823 INFO  segmented.SegmentedRaftLogWorker (SegmentedRaftLogWorker.java:<init>(172)) - new 193812a9-ddf0-4c4f-ad33-42e352a506b5-SegmentedRaftLogWorker:Storage Directory /tmp/workdir/hadoop-ozone/integration-test/target/test-dir/MiniOzoneClusterImpl-44c4c997-bfce-4c08-899e-6a5652d50fdd/datanode-4/data/ratis/5a590f66-1f69-40d8-8db7-84a5627367a8 for RaftStorage:Storage Directory /tmp/workdir/hadoop-ozone/integration-test/target/test-dir/MiniOzoneClusterImpl-44c4c997-bfce-4c08-899e-6a5652d50fdd/datanode-4/data/ratis/5a590f66-1f69-40d8-8db7-84a5627367a8
2019-07-13 07:39:01,824 INFO  server.RaftServerConfigKeys (ConfUtils.java:logGet(43)) - raft.server.log.queue.byte-limit = 2147483647 (custom)
2019-07-13 07:39:01,824 INFO  server.RaftServerConfigKeys (ConfUtils.java:logGet(43)) - raft.server.log.queue.element-limit = 1024 (custom)
2019-07-13 07:39:01,824 INFO  server.RaftServerConfigKeys (ConfUtils.java:logGet(43)) - raft.server.log.segment.size.max = 1048576 (custom)
2019-07-13 07:39:01,824 INFO  server.RaftServerConfigKeys (ConfUtils.java:logGet(43)) - raft.server.log.preallocated.size = 16384 (custom)
2019-07-13 07:39:01,824 INFO  server.RaftServerConfigKeys (ConfUtils.java:logGet(43)) - raft.server.log.write.buffer.size = 33554432 (custom)
2019-07-13 07:39:01,825 INFO  server.RaftServerConfigKeys (ConfUtils.java:logGet(43)) - raft.server.log.force.sync.num = 128 (default)
2019-07-13 07:39:01,825 INFO  server.RaftServerConfigKeys (ConfUtils.java:logGet(43)) - raft.server.log.statemachine.data.sync = true (default)
2019-07-13 07:39:01,825 INFO  server.RaftServerConfigKeys (ConfUtils.java:logGet(43)) - raft.server.log.statemachine.data.sync.timeout = 10s (default)
2019-07-13 07:39:01,825 INFO  server.RaftServerConfigKeys (ConfUtils.java:logGet(43)) - raft.server.log.statemachine.data.sync.timeout.retry = -1 (default)
2019-07-13 07:39:01,825 INFO  server.RaftServerConfigKeys (ConfUtils.java:logGet(43)) - raft.server.log.statemachine.data.caching.enabled = true (custom)
2019-07-13 07:39:01,826 INFO  segmented.SegmentedRaftLogWorker (SegmentedRaftLogWorker.java:lambda$new$0(132)) - 193812a9-ddf0-4c4f-ad33-42e352a506b5-SegmentedRaftLogWorker:Storage Directory /tmp/workdir/hadoop-ozone/integration-test/target/test-dir/MiniOzoneClusterImpl-44c4c997-bfce-4c08-899e-6a5652d50fdd/datanode-4/data/ratis/5a590f66-1f69-40d8-8db7-84a5627367a8: flushIndex: setUnconditionally 0 -> -1
2019-07-13 07:39:01,826 INFO  server.RaftServerConfigKeys (ConfUtils.java:logGet(43)) - raft.server.snapshot.auto.trigger.enabled = true (custom)
2019-07-13 07:39:01,826 INFO  server.RaftServerConfigKeys (ConfUtils.java:logGet(43)) - raft.server.snapshot.auto.trigger.threshold = 10000 (custom)
2019-07-13 07:39:01,826 INFO  server.RaftServerConfigKeys (ConfUtils.java:logGet(43)) - raft.server.retrycache.expirytime = 600000ms (custom)
2019-07-13 07:39:01,827 INFO  impl.RaftServerImpl (RaftServerImpl.java:start(180)) - 193812a9-ddf0-4c4f-ad33-42e352a506b5: start group-84A5627367A8
2019-07-13 07:39:01,827 INFO  impl.RaftServerImpl (RaftServerImpl.java:setRole(171)) - 193812a9-ddf0-4c4f-ad33-42e352a506b5:group-84A5627367A8 changes role from null to FOLLOWER at term 0 for startAsFollower
2019-07-13 07:39:01,827 INFO  impl.RoleInfo (RoleInfo.java:updateAndGet(143)) - 193812a9-ddf0-4c4f-ad33-42e352a506b5: start FollowerState
2019-07-13 07:39:01,827 INFO  util.JmxRegister (JmxRegister.java:tryRegister(44)) - Successfully registered JMX Bean with object name Ratis:service=RaftServer,group=group-84A5627367A8,id=193812a9-ddf0-4c4f-ad33-42e352a506b5
2019-07-13 07:39:01,830 INFO  pipeline.PipelineStateManager (PipelineStateManager.java:addPipeline(56)) - Created pipeline Pipeline[ Id: 5a590f66-1f69-40d8-8db7-84a5627367a8, Nodes: 193812a9-ddf0-4c4f-ad33-42e352a506b5{ip: 192.168.69.84, host: trunk-nightly-9lh4p-2362225927, networkLocation: /default-rack, certSerialId: null}, Type:RATIS, Factor:ONE, State:OPEN]
2019-07-13 07:39:01,943 INFO  node.SCMNodeManager (SCMNodeManager.java:register(269)) - Registered Data node : e7643d2c-5e46-41d8-8521-588c8d4fa897{ip: 192.168.69.84, host: trunk-nightly-9lh4p-2362225927, networkLocation: /default-rack, certSerialId: null}
2019-07-13 07:39:01,950 INFO  impl.RaftServerProxy (RaftServerProxy.java:addNew(89)) - e7643d2c-5e46-41d8-8521-588c8d4fa897: addNew group-19510003FD93:[e7643d2c-5e46-41d8-8521-588c8d4fa897:192.168.69.84:42330] returns group-19510003FD93:java.util.concurrent.CompletableFuture@2fa3d9b5[Not completed]
2019-07-13 07:39:01,951 INFO  impl.RaftServerImpl (RaftServerImpl.java:<init>(93)) - e7643d2c-5e46-41d8-8521-588c8d4fa897: new RaftServerImpl for group-19510003FD93:[e7643d2c-5e46-41d8-8521-588c8d4fa897:192.168.69.84:42330] with ContainerStateMachine:uninitialized
2019-07-13 07:39:01,952 INFO  server.RaftServerConfigKeys (ConfUtils.java:logGet(43)) - raft.server.rpc.timeout.min = 5s (custom)
2019-07-13 07:39:01,952 INFO  server.RaftServerConfigKeys (ConfUtils.java:logGet(43)) - raft.server.rpc.timeout.max = 5200ms (custom)
2019-07-13 07:39:01,952 INFO  server.RaftServerConfigKeys (ConfUtils.java:logGet(43)) - raft.server.rpcslowness.timeout = 120s (custom)
2019-07-13 07:39:01,952 INFO  server.RaftServerConfigKeys (ConfUtils.java:logGet(43)) - raft.server.sleep.deviation.threshold = 300 (default)
2019-07-13 07:39:01,952 INFO  server.RaftServerConfigKeys (ConfUtils.java:logGet(43)) - raft.server.log.appender.install.snapshot.enabled = false (custom)
2019-07-13 07:39:01,952 INFO  impl.RaftServerImpl (ServerState.java:<init>(105)) - e7643d2c-5e46-41d8-8521-588c8d4fa897:group-19510003FD93 ConfigurationManager, init=-1: [e7643d2c-5e46-41d8-8521-588c8d4fa897:192.168.69.84:42330], old=null, confs=<EMPTY_MAP>
2019-07-13 07:39:01,953 INFO  server.RaftServerConfigKeys (ConfUtils.java:logGet(43)) - raft.server.storage.dir = [/tmp/workdir/hadoop-ozone/integration-test/target/test-dir/MiniOzoneClusterImpl-44c4c997-bfce-4c08-899e-6a5652d50fdd/datanode-5/data/ratis] (custom)
2019-07-13 07:39:01,953 INFO  storage.RaftStorageDirectory (RaftStorageDirectory.java:analyzeStorage(246)) - The storage directory /tmp/workdir/hadoop-ozone/integration-test/target/test-dir/MiniOzoneClusterImpl-44c4c997-bfce-4c08-899e-6a5652d50fdd/datanode-5/data/ratis/a0a14141-46c4-43fd-a913-19510003fd93 does not exist. Creating ...
2019-07-13 07:39:01,978 INFO  storage.RaftStorageDirectory (RaftStorageDirectory.java:tryLock(328)) - Lock on /tmp/workdir/hadoop-ozone/integration-test/target/test-dir/MiniOzoneClusterImpl-44c4c997-bfce-4c08-899e-6a5652d50fdd/datanode-5/data/ratis/a0a14141-46c4-43fd-a913-19510003fd93/in_use.lock acquired by nodename 29913@trunk-nightly-9lh4p-2362225927
2019-07-13 07:39:01,991 INFO  storage.RaftStorage (RaftStorage.java:format(72)) - Storage directory /tmp/workdir/hadoop-ozone/integration-test/target/test-dir/MiniOzoneClusterImpl-44c4c997-bfce-4c08-899e-6a5652d50fdd/datanode-5/data/ratis/a0a14141-46c4-43fd-a913-19510003fd93 has been successfully formatted.
2019-07-13 07:39:01,991 INFO  ratis.ContainerStateMachine (ContainerStateMachine.java:loadSnapshot(200)) - The snapshot info is null.Setting the last applied index to:(t:0, i:~)
2019-07-13 07:39:01,991 INFO  server.RaftServerConfigKeys (ConfUtils.java:logGet(43)) - raft.server.leader.election.timeout = 120s (custom)
2019-07-13 07:39:01,991 INFO  server.RaftServerConfigKeys (ConfUtils.java:logGet(43)) - raft.server.log.use.memory = false (default)
2019-07-13 07:39:01,991 INFO  server.RaftServerConfigKeys (ConfUtils.java:logGet(43)) - raft.server.log.purge.gap = 1000000000 (custom)
2019-07-13 07:39:01,992 INFO  server.RaftServerConfigKeys (ConfUtils.java:logGet(43)) - raft.server.log.appender.buffer.byte-limit = 33554432 (custom)
2019-07-13 07:39:01,992 INFO  server.RaftServerConfigKeys (ConfUtils.java:logGet(43)) - raft.server.log.segment.size.max = 1048576 (custom)
2019-07-13 07:39:01,992 INFO  server.RaftServerConfigKeys (ConfUtils.java:logGet(43)) - raft.server.log.segment.cache.num.max = 2 (custom)
2019-07-13 07:39:01,992 INFO  segmented.SegmentedRaftLogWorker (SegmentedRaftLogWorker.java:<init>(172)) - new e7643d2c-5e46-41d8-8521-588c8d4fa897-SegmentedRaftLogWorker:Storage Directory /tmp/workdir/hadoop-ozone/integration-test/target/test-dir/MiniOzoneClusterImpl-44c4c997-bfce-4c08-899e-6a5652d50fdd/datanode-5/data/ratis/a0a14141-46c4-43fd-a913-19510003fd93 for RaftStorage:Storage Directory /tmp/workdir/hadoop-ozone/integration-test/target/test-dir/MiniOzoneClusterImpl-44c4c997-bfce-4c08-899e-6a5652d50fdd/datanode-5/data/ratis/a0a14141-46c4-43fd-a913-19510003fd93
2019-07-13 07:39:01,992 INFO  server.RaftServerConfigKeys (ConfUtils.java:logGet(43)) - raft.server.log.queue.byte-limit = 2147483647 (custom)
2019-07-13 07:39:01,992 INFO  server.RaftServerConfigKeys (ConfUtils.java:logGet(43)) - raft.server.log.queue.element-limit = 1024 (custom)
2019-07-13 07:39:01,993 INFO  server.RaftServerConfigKeys (ConfUtils.java:logGet(43)) - raft.server.log.segment.size.max = 1048576 (custom)
2019-07-13 07:39:01,993 INFO  server.RaftServerConfigKeys (ConfUtils.java:logGet(43)) - raft.server.log.preallocated.size = 16384 (custom)
2019-07-13 07:39:01,993 INFO  server.RaftServerConfigKeys (ConfUtils.java:logGet(43)) - raft.server.log.write.buffer.size = 33554432 (custom)
2019-07-13 07:39:01,993 INFO  server.RaftServerConfigKeys (ConfUtils.java:logGet(43)) - raft.server.log.force.sync.num = 128 (default)
2019-07-13 07:39:01,993 INFO  server.RaftServerConfigKeys (ConfUtils.java:logGet(43)) - raft.server.log.statemachine.data.sync = true (default)
2019-07-13 07:39:01,993 INFO  server.RaftServerConfigKeys (ConfUtils.java:logGet(43)) - raft.server.log.statemachine.data.sync.timeout = 10s (default)
2019-07-13 07:39:01,993 INFO  server.RaftServerConfigKeys (ConfUtils.java:logGet(43)) - raft.server.log.statemachine.data.sync.timeout.retry = -1 (default)
2019-07-13 07:39:01,994 INFO  server.RaftServerConfigKeys (ConfUtils.java:logGet(43)) - raft.server.log.statemachine.data.caching.enabled = true (custom)
2019-07-13 07:39:01,994 INFO  segmented.SegmentedRaftLogWorker (SegmentedRaftLogWorker.java:lambda$new$0(132)) - e7643d2c-5e46-41d8-8521-588c8d4fa897-SegmentedRaftLogWorker:Storage Directory /tmp/workdir/hadoop-ozone/integration-test/target/test-dir/MiniOzoneClusterImpl-44c4c997-bfce-4c08-899e-6a5652d50fdd/datanode-5/data/ratis/a0a14141-46c4-43fd-a913-19510003fd93: flushIndex: setUnconditionally 0 -> -1
2019-07-13 07:39:01,995 INFO  server.RaftServerConfigKeys (ConfUtils.java:logGet(43)) - raft.server.snapshot.auto.trigger.enabled = true (custom)
2019-07-13 07:39:01,995 INFO  server.RaftServerConfigKeys (ConfUtils.java:logGet(43)) - raft.server.snapshot.auto.trigger.threshold = 10000 (custom)
2019-07-13 07:39:01,995 INFO  server.RaftServerConfigKeys (ConfUtils.java:logGet(43)) - raft.server.retrycache.expirytime = 600000ms (custom)
2019-07-13 07:39:01,995 INFO  impl.RaftServerImpl (RaftServerImpl.java:start(180)) - e7643d2c-5e46-41d8-8521-588c8d4fa897: start group-19510003FD93
2019-07-13 07:39:01,995 INFO  impl.RaftServerImpl (RaftServerImpl.java:setRole(171)) - e7643d2c-5e46-41d8-8521-588c8d4fa897:group-19510003FD93 changes role from null to FOLLOWER at term 0 for startAsFollower
2019-07-13 07:39:01,995 INFO  impl.RoleInfo (RoleInfo.java:updateAndGet(143)) - e7643d2c-5e46-41d8-8521-588c8d4fa897: start FollowerState
2019-07-13 07:39:01,996 INFO  util.JmxRegister (JmxRegister.java:tryRegister(44)) - Successfully registered JMX Bean with object name Ratis:service=RaftServer,group=group-19510003FD93,id=e7643d2c-5e46-41d8-8521-588c8d4fa897
2019-07-13 07:39:01,998 INFO  pipeline.PipelineStateManager (PipelineStateManager.java:addPipeline(56)) - Created pipeline Pipeline[ Id: a0a14141-46c4-43fd-a913-19510003fd93, Nodes: e7643d2c-5e46-41d8-8521-588c8d4fa897{ip: 192.168.69.84, host: trunk-nightly-9lh4p-2362225927, networkLocation: /default-rack, certSerialId: null}, Type:RATIS, Factor:ONE, State:OPEN]
2019-07-13 07:39:02,013 INFO  impl.RaftServerProxy (RaftServerProxy.java:addNew(89)) - 193812a9-ddf0-4c4f-ad33-42e352a506b5: addNew group-B1150F114F21:[193812a9-ddf0-4c4f-ad33-42e352a506b5:192.168.69.84:41389, e7643d2c-5e46-41d8-8521-588c8d4fa897:192.168.69.84:42330, 1da0944c-e4a6-458e-bf55-5b16341f6a4a:192.168.69.84:39724] returns group-B1150F114F21:java.util.concurrent.CompletableFuture@7df348e1[Not completed]
2019-07-13 07:39:02,013 INFO  impl.RaftServerProxy (RaftServerProxy.java:addNew(89)) - e7643d2c-5e46-41d8-8521-588c8d4fa897: addNew group-B1150F114F21:[193812a9-ddf0-4c4f-ad33-42e352a506b5:192.168.69.84:41389, e7643d2c-5e46-41d8-8521-588c8d4fa897:192.168.69.84:42330, 1da0944c-e4a6-458e-bf55-5b16341f6a4a:192.168.69.84:39724] returns group-B1150F114F21:java.util.concurrent.CompletableFuture@bbdcbbc[Not completed]
2019-07-13 07:39:02,013 INFO  impl.RaftServerProxy (RaftServerProxy.java:addNew(89)) - 1da0944c-e4a6-458e-bf55-5b16341f6a4a: addNew group-B1150F114F21:[193812a9-ddf0-4c4f-ad33-42e352a506b5:192.168.69.84:41389, e7643d2c-5e46-41d8-8521-588c8d4fa897:192.168.69.84:42330, 1da0944c-e4a6-458e-bf55-5b16341f6a4a:192.168.69.84:39724] returns group-B1150F114F21:java.util.concurrent.CompletableFuture@325884f[Not completed]
2019-07-13 07:39:02,014 INFO  impl.RaftServerImpl (RaftServerImpl.java:<init>(93)) - 193812a9-ddf0-4c4f-ad33-42e352a506b5: new RaftServerImpl for group-B1150F114F21:[193812a9-ddf0-4c4f-ad33-42e352a506b5:192.168.69.84:41389, e7643d2c-5e46-41d8-8521-588c8d4fa897:192.168.69.84:42330, 1da0944c-e4a6-458e-bf55-5b16341f6a4a:192.168.69.84:39724] with ContainerStateMachine:uninitialized
2019-07-13 07:39:02,014 INFO  server.RaftServerConfigKeys (ConfUtils.java:logGet(43)) - raft.server.rpc.timeout.min = 5s (custom)
2019-07-13 07:39:02,015 INFO  server.RaftServerConfigKeys (ConfUtils.java:logGet(43)) - raft.server.rpc.timeout.max = 5200ms (custom)
2019-07-13 07:39:02,015 INFO  server.RaftServerConfigKeys (ConfUtils.java:logGet(43)) - raft.server.rpcslowness.timeout = 120s (custom)
2019-07-13 07:39:02,015 INFO  impl.RaftServerImpl (RaftServerImpl.java:<init>(93)) - 1da0944c-e4a6-458e-bf55-5b16341f6a4a: new RaftServerImpl for group-B1150F114F21:[193812a9-ddf0-4c4f-ad33-42e352a506b5:192.168.69.84:41389, e7643d2c-5e46-41d8-8521-588c8d4fa897:192.168.69.84:42330, 1da0944c-e4a6-458e-bf55-5b16341f6a4a:192.168.69.84:39724] with ContainerStateMachine:uninitialized
2019-07-13 07:39:02,015 INFO  server.RaftServerConfigKeys (ConfUtils.java:logGet(43)) - raft.server.sleep.deviation.threshold = 300 (default)
2019-07-13 07:39:02,015 INFO  server.RaftServerConfigKeys (ConfUtils.java:logGet(43)) - raft.server.rpc.timeout.min = 5s (custom)
2019-07-13 07:39:02,015 INFO  impl.RaftServerImpl (RaftServerImpl.java:<init>(93)) - e7643d2c-5e46-41d8-8521-588c8d4fa897: new RaftServerImpl for group-B1150F114F21:[193812a9-ddf0-4c4f-ad33-42e352a506b5:192.168.69.84:41389, e7643d2c-5e46-41d8-8521-588c8d4fa897:192.168.69.84:42330, 1da0944c-e4a6-458e-bf55-5b16341f6a4a:192.168.69.84:39724] with ContainerStateMachine:uninitialized
2019-07-13 07:39:02,015 INFO  server.RaftServerConfigKeys (ConfUtils.java:logGet(43)) - raft.server.log.appender.install.snapshot.enabled = false (custom)
2019-07-13 07:39:02,015 INFO  server.RaftServerConfigKeys (ConfUtils.java:logGet(43)) - raft.server.rpc.timeout.min = 5s (custom)
2019-07-13 07:39:02,016 INFO  server.RaftServerConfigKeys (ConfUtils.java:logGet(43)) - raft.server.rpc.timeout.max = 5200ms (custom)
2019-07-13 07:39:02,015 INFO  server.RaftServerConfigKeys (ConfUtils.java:logGet(43)) - raft.server.rpc.timeout.max = 5200ms (custom)
2019-07-13 07:39:02,016 INFO  server.RaftServerConfigKeys (ConfUtils.java:logGet(43)) - raft.server.rpcslowness.timeout = 120s (custom)
2019-07-13 07:39:02,016 INFO  server.RaftServerConfigKeys (ConfUtils.java:logGet(43)) - raft.server.sleep.deviation.threshold = 300 (default)
2019-07-13 07:39:02,016 INFO  impl.RaftServerImpl (ServerState.java:<init>(105)) - 193812a9-ddf0-4c4f-ad33-42e352a506b5:group-B1150F114F21 ConfigurationManager, init=-1: [193812a9-ddf0-4c4f-ad33-42e352a506b5:192.168.69.84:41389, e7643d2c-5e46-41d8-8521-588c8d4fa897:192.168.69.84:42330, 1da0944c-e4a6-458e-bf55-5b16341f6a4a:192.168.69.84:39724], old=null, confs=<EMPTY_MAP>
2019-07-13 07:39:02,016 INFO  server.RaftServerConfigKeys (ConfUtils.java:logGet(43)) - raft.server.log.appender.install.snapshot.enabled = false (custom)
2019-07-13 07:39:02,016 INFO  server.RaftServerConfigKeys (ConfUtils.java:logGet(43)) - raft.server.rpcslowness.timeout = 120s (custom)
2019-07-13 07:39:02,017 INFO  server.RaftServerConfigKeys (ConfUtils.java:logGet(43)) - raft.server.storage.dir = [/tmp/workdir/hadoop-ozone/integration-test/target/test-dir/MiniOzoneClusterImpl-44c4c997-bfce-4c08-899e-6a5652d50fdd/datanode-4/data/ratis] (custom)
2019-07-13 07:39:02,017 INFO  impl.RaftServerImpl (ServerState.java:<init>(105)) - e7643d2c-5e46-41d8-8521-588c8d4fa897:group-B1150F114F21 ConfigurationManager, init=-1: [193812a9-ddf0-4c4f-ad33-42e352a506b5:192.168.69.84:41389, e7643d2c-5e46-41d8-8521-588c8d4fa897:192.168.69.84:42330, 1da0944c-e4a6-458e-bf55-5b16341f6a4a:192.168.69.84:39724], old=null, confs=<EMPTY_MAP>
2019-07-13 07:39:02,017 INFO  server.RaftServerConfigKeys (ConfUtils.java:logGet(43)) - raft.server.sleep.deviation.threshold = 300 (default)
2019-07-13 07:39:02,017 INFO  storage.RaftStorageDirectory (RaftStorageDirectory.java:analyzeStorage(246)) - The storage directory /tmp/workdir/hadoop-ozone/integration-test/target/test-dir/MiniOzoneClusterImpl-44c4c997-bfce-4c08-899e-6a5652d50fdd/datanode-4/data/ratis/e5a2e8a1-307d-4c5a-87e5-b1150f114f21 does not exist. Creating ...
2019-07-13 07:39:02,017 INFO  server.RaftServerConfigKeys (ConfUtils.java:logGet(43)) - raft.server.log.appender.install.snapshot.enabled = false (custom)
2019-07-13 07:39:02,017 INFO  server.RaftServerConfigKeys (ConfUtils.java:logGet(43)) - raft.server.storage.dir = [/tmp/workdir/hadoop-ozone/integration-test/target/test-dir/MiniOzoneClusterImpl-44c4c997-bfce-4c08-899e-6a5652d50fdd/datanode-5/data/ratis] (custom)
2019-07-13 07:39:02,017 INFO  impl.RaftServerImpl (ServerState.java:<init>(105)) - 1da0944c-e4a6-458e-bf55-5b16341f6a4a:group-B1150F114F21 ConfigurationManager, init=-1: [193812a9-ddf0-4c4f-ad33-42e352a506b5:192.168.69.84:41389, e7643d2c-5e46-41d8-8521-588c8d4fa897:192.168.69.84:42330, 1da0944c-e4a6-458e-bf55-5b16341f6a4a:192.168.69.84:39724], old=null, confs=<EMPTY_MAP>
2019-07-13 07:39:02,018 INFO  server.RaftServerConfigKeys (ConfUtils.java:logGet(43)) - raft.server.storage.dir = [/tmp/workdir/hadoop-ozone/integration-test/target/test-dir/MiniOzoneClusterImpl-44c4c997-bfce-4c08-899e-6a5652d50fdd/datanode-3/data/ratis] (custom)
2019-07-13 07:39:02,018 INFO  storage.RaftStorageDirectory (RaftStorageDirectory.java:analyzeStorage(246)) - The storage directory /tmp/workdir/hadoop-ozone/integration-test/target/test-dir/MiniOzoneClusterImpl-44c4c997-bfce-4c08-899e-6a5652d50fdd/datanode-5/data/ratis/e5a2e8a1-307d-4c5a-87e5-b1150f114f21 does not exist. Creating ...
2019-07-13 07:39:02,018 INFO  storage.RaftStorageDirectory (RaftStorageDirectory.java:analyzeStorage(246)) - The storage directory /tmp/workdir/hadoop-ozone/integration-test/target/test-dir/MiniOzoneClusterImpl-44c4c997-bfce-4c08-899e-6a5652d50fdd/datanode-3/data/ratis/e5a2e8a1-307d-4c5a-87e5-b1150f114f21 does not exist. Creating ...
2019-07-13 07:39:02,031 INFO  storage.RaftStorageDirectory (RaftStorageDirectory.java:tryLock(328)) - Lock on /tmp/workdir/hadoop-ozone/integration-test/target/test-dir/MiniOzoneClusterImpl-44c4c997-bfce-4c08-899e-6a5652d50fdd/datanode-5/data/ratis/e5a2e8a1-307d-4c5a-87e5-b1150f114f21/in_use.lock acquired by nodename 29913@trunk-nightly-9lh4p-2362225927
2019-07-13 07:39:02,031 INFO  storage.RaftStorageDirectory (RaftStorageDirectory.java:tryLock(328)) - Lock on /tmp/workdir/hadoop-ozone/integration-test/target/test-dir/MiniOzoneClusterImpl-44c4c997-bfce-4c08-899e-6a5652d50fdd/datanode-4/data/ratis/e5a2e8a1-307d-4c5a-87e5-b1150f114f21/in_use.lock acquired by nodename 29913@trunk-nightly-9lh4p-2362225927
2019-07-13 07:39:02,031 INFO  storage.RaftStorageDirectory (RaftStorageDirectory.java:tryLock(328)) - Lock on /tmp/workdir/hadoop-ozone/integration-test/target/test-dir/MiniOzoneClusterImpl-44c4c997-bfce-4c08-899e-6a5652d50fdd/datanode-3/data/ratis/e5a2e8a1-307d-4c5a-87e5-b1150f114f21/in_use.lock acquired by nodename 29913@trunk-nightly-9lh4p-2362225927
2019-07-13 07:39:02,052 INFO  storage.RaftStorage (RaftStorage.java:format(72)) - Storage directory /tmp/workdir/hadoop-ozone/integration-test/target/test-dir/MiniOzoneClusterImpl-44c4c997-bfce-4c08-899e-6a5652d50fdd/datanode-3/data/ratis/e5a2e8a1-307d-4c5a-87e5-b1150f114f21 has been successfully formatted.
2019-07-13 07:39:02,052 INFO  storage.RaftStorage (RaftStorage.java:format(72)) - Storage directory /tmp/workdir/hadoop-ozone/integration-test/target/test-dir/MiniOzoneClusterImpl-44c4c997-bfce-4c08-899e-6a5652d50fdd/datanode-4/data/ratis/e5a2e8a1-307d-4c5a-87e5-b1150f114f21 has been successfully formatted.
2019-07-13 07:39:02,052 INFO  storage.RaftStorage (RaftStorage.java:format(72)) - Storage directory /tmp/workdir/hadoop-ozone/integration-test/target/test-dir/MiniOzoneClusterImpl-44c4c997-bfce-4c08-899e-6a5652d50fdd/datanode-5/data/ratis/e5a2e8a1-307d-4c5a-87e5-b1150f114f21 has been successfully formatted.
2019-07-13 07:39:02,052 INFO  ratis.ContainerStateMachine (ContainerStateMachine.java:loadSnapshot(200)) - The snapshot info is null.Setting the last applied index to:(t:0, i:~)
2019-07-13 07:39:02,053 INFO  ratis.ContainerStateMachine (ContainerStateMachine.java:loadSnapshot(200)) - The snapshot info is null.Setting the last applied index to:(t:0, i:~)
2019-07-13 07:39:02,052 INFO  ratis.ContainerStateMachine (ContainerStateMachine.java:loadSnapshot(200)) - The snapshot info is null.Setting the last applied index to:(t:0, i:~)
2019-07-13 07:39:02,053 INFO  server.RaftServerConfigKeys (ConfUtils.java:logGet(43)) - raft.server.leader.election.timeout = 120s (custom)
2019-07-13 07:39:02,053 INFO  server.RaftServerConfigKeys (ConfUtils.java:logGet(43)) - raft.server.leader.election.timeout = 120s (custom)
2019-07-13 07:39:02,053 INFO  server.RaftServerConfigKeys (ConfUtils.java:logGet(43)) - raft.server.log.use.memory = false (default)
2019-07-13 07:39:02,053 INFO  server.RaftServerConfigKeys (ConfUtils.java:logGet(43)) - raft.server.leader.election.timeout = 120s (custom)
2019-07-13 07:39:02,053 INFO  server.RaftServerConfigKeys (ConfUtils.java:logGet(43)) - raft.server.log.purge.gap = 1000000000 (custom)
2019-07-13 07:39:02,053 INFO  server.RaftServerConfigKeys (ConfUtils.java:logGet(43)) - raft.server.log.use.memory = false (default)
2019-07-13 07:39:02,054 INFO  server.RaftServerConfigKeys (ConfUtils.java:logGet(43)) - raft.server.log.appender.buffer.byte-limit = 33554432 (custom)
2019-07-13 07:39:02,053 INFO  server.RaftServerConfigKeys (ConfUtils.java:logGet(43)) - raft.server.log.use.memory = false (default)
2019-07-13 07:39:02,054 INFO  server.RaftServerConfigKeys (ConfUtils.java:logGet(43)) - raft.server.log.segment.size.max = 1048576 (custom)
2019-07-13 07:39:02,054 INFO  server.RaftServerConfigKeys (ConfUtils.java:logGet(43)) - raft.server.log.segment.cache.num.max = 2 (custom)
2019-07-13 07:39:02,054 INFO  server.RaftServerConfigKeys (ConfUtils.java:logGet(43)) - raft.server.log.purge.gap = 1000000000 (custom)
2019-07-13 07:39:02,054 INFO  segmented.SegmentedRaftLogWorker (SegmentedRaftLogWorker.java:<init>(172)) - new e7643d2c-5e46-41d8-8521-588c8d4fa897-SegmentedRaftLogWorker:Storage Directory /tmp/workdir/hadoop-ozone/integration-test/target/test-dir/MiniOzoneClusterImpl-44c4c997-bfce-4c08-899e-6a5652d50fdd/datanode-5/data/ratis/e5a2e8a1-307d-4c5a-87e5-b1150f114f21 for RaftStorage:Storage Directory /tmp/workdir/hadoop-ozone/integration-test/target/test-dir/MiniOzoneClusterImpl-44c4c997-bfce-4c08-899e-6a5652d50fdd/datanode-5/data/ratis/e5a2e8a1-307d-4c5a-87e5-b1150f114f21
2019-07-13 07:39:02,054 INFO  server.RaftServerConfigKeys (ConfUtils.java:logGet(43)) - raft.server.log.purge.gap = 1000000000 (custom)
2019-07-13 07:39:02,055 INFO  server.RaftServerConfigKeys (ConfUtils.java:logGet(43)) - raft.server.log.queue.byte-limit = 2147483647 (custom)
2019-07-13 07:39:02,055 INFO  server.RaftServerConfigKeys (ConfUtils.java:logGet(43)) - raft.server.log.appender.buffer.byte-limit = 33554432 (custom)
2019-07-13 07:39:02,055 INFO  server.RaftServerConfigKeys (ConfUtils.java:logGet(43)) - raft.server.log.queue.element-limit = 1024 (custom)
2019-07-13 07:39:02,055 INFO  server.RaftServerConfigKeys (ConfUtils.java:logGet(43)) - raft.server.log.appender.buffer.byte-limit = 33554432 (custom)
2019-07-13 07:39:02,055 INFO  server.RaftServerConfigKeys (ConfUtils.java:logGet(43)) - raft.server.log.segment.size.max = 1048576 (custom)
2019-07-13 07:39:02,056 INFO  server.RaftServerConfigKeys (ConfUtils.java:logGet(43)) - raft.server.log.preallocated.size = 16384 (custom)
2019-07-13 07:39:02,055 INFO  server.RaftServerConfigKeys (ConfUtils.java:logGet(43)) - raft.server.log.segment.size.max = 1048576 (custom)
2019-07-13 07:39:02,056 INFO  server.RaftServerConfigKeys (ConfUtils.java:logGet(43)) - raft.server.log.write.buffer.size = 33554432 (custom)
2019-07-13 07:39:02,055 INFO  server.RaftServerConfigKeys (ConfUtils.java:logGet(43)) - raft.server.log.segment.size.max = 1048576 (custom)
2019-07-13 07:39:02,056 INFO  server.RaftServerConfigKeys (ConfUtils.java:logGet(43)) - raft.server.log.force.sync.num = 128 (default)
2019-07-13 07:39:02,056 INFO  server.RaftServerConfigKeys (ConfUtils.java:logGet(43)) - raft.server.log.segment.cache.num.max = 2 (custom)
2019-07-13 07:39:02,056 INFO  server.RaftServerConfigKeys (ConfUtils.java:logGet(43)) - raft.server.log.statemachine.data.sync = true (default)
2019-07-13 07:39:02,057 INFO  server.RaftServerConfigKeys (ConfUtils.java:logGet(43)) - raft.server.log.statemachine.data.sync.timeout = 10s (default)
2019-07-13 07:39:02,056 INFO  server.RaftServerConfigKeys (ConfUtils.java:logGet(43)) - raft.server.log.segment.cache.num.max = 2 (custom)
2019-07-13 07:39:02,057 INFO  server.RaftServerConfigKeys (ConfUtils.java:logGet(43)) - raft.server.log.statemachine.data.sync.timeout.retry = -1 (default)
2019-07-13 07:39:02,057 INFO  segmented.SegmentedRaftLogWorker (SegmentedRaftLogWorker.java:<init>(172)) - new 193812a9-ddf0-4c4f-ad33-42e352a506b5-SegmentedRaftLogWorker:Storage Directory /tmp/workdir/hadoop-ozone/integration-test/target/test-dir/MiniOzoneClusterImpl-44c4c997-bfce-4c08-899e-6a5652d50fdd/datanode-4/data/ratis/e5a2e8a1-307d-4c5a-87e5-b1150f114f21 for RaftStorage:Storage Directory /tmp/workdir/hadoop-ozone/integration-test/target/test-dir/MiniOzoneClusterImpl-44c4c997-bfce-4c08-899e-6a5652d50fdd/datanode-4/data/ratis/e5a2e8a1-307d-4c5a-87e5-b1150f114f21
2019-07-13 07:39:02,057 INFO  server.RaftServerConfigKeys (ConfUtils.java:logGet(43)) - raft.server.log.statemachine.data.caching.enabled = true (custom)
2019-07-13 07:39:02,057 INFO  segmented.SegmentedRaftLogWorker (SegmentedRaftLogWorker.java:<init>(172)) - new 1da0944c-e4a6-458e-bf55-5b16341f6a4a-SegmentedRaftLogWorker:Storage Directory /tmp/workdir/hadoop-ozone/integration-test/target/test-dir/MiniOzoneClusterImpl-44c4c997-bfce-4c08-899e-6a5652d50fdd/datanode-3/data/ratis/e5a2e8a1-307d-4c5a-87e5-b1150f114f21 for RaftStorage:Storage Directory /tmp/workdir/hadoop-ozone/integration-test/target/test-dir/MiniOzoneClusterImpl-44c4c997-bfce-4c08-899e-6a5652d50fdd/datanode-3/data/ratis/e5a2e8a1-307d-4c5a-87e5-b1150f114f21
2019-07-13 07:39:02,057 INFO  server.RaftServerConfigKeys (ConfUtils.java:logGet(43)) - raft.server.log.queue.byte-limit = 2147483647 (custom)
2019-07-13 07:39:02,058 INFO  server.RaftServerConfigKeys (ConfUtils.java:logGet(43)) - raft.server.log.queue.byte-limit = 2147483647 (custom)
2019-07-13 07:39:02,058 INFO  segmented.SegmentedRaftLogWorker (SegmentedRaftLogWorker.java:lambda$new$0(132)) - e7643d2c-5e46-41d8-8521-588c8d4fa897-SegmentedRaftLogWorker:Storage Directory /tmp/workdir/hadoop-ozone/integration-test/target/test-dir/MiniOzoneClusterImpl-44c4c997-bfce-4c08-899e-6a5652d50fdd/datanode-5/data/ratis/e5a2e8a1-307d-4c5a-87e5-b1150f114f21: flushIndex: setUnconditionally 0 -> -1
2019-07-13 07:39:02,058 INFO  server.RaftServerConfigKeys (ConfUtils.java:logGet(43)) - raft.server.log.queue.element-limit = 1024 (custom)
2019-07-13 07:39:02,058 INFO  server.RaftServerConfigKeys (ConfUtils.java:logGet(43)) - raft.server.log.queue.element-limit = 1024 (custom)
2019-07-13 07:39:02,058 INFO  server.RaftServerConfigKeys (ConfUtils.java:logGet(43)) - raft.server.log.segment.size.max = 1048576 (custom)
2019-07-13 07:39:02,058 INFO  server.RaftServerConfigKeys (ConfUtils.java:logGet(43)) - raft.server.snapshot.auto.trigger.enabled = true (custom)
2019-07-13 07:39:02,059 INFO  server.RaftServerConfigKeys (ConfUtils.java:logGet(43)) - raft.server.log.preallocated.size = 16384 (custom)
2019-07-13 07:39:02,059 INFO  server.RaftServerConfigKeys (ConfUtils.java:logGet(43)) - raft.server.log.segment.size.max = 1048576 (custom)
2019-07-13 07:39:02,059 INFO  server.RaftServerConfigKeys (ConfUtils.java:logGet(43)) - raft.server.log.write.buffer.size = 33554432 (custom)
2019-07-13 07:39:02,059 INFO  server.RaftServerConfigKeys (ConfUtils.java:logGet(43)) - raft.server.snapshot.auto.trigger.threshold = 10000 (custom)
2019-07-13 07:39:02,059 INFO  server.RaftServerConfigKeys (ConfUtils.java:logGet(43)) - raft.server.log.force.sync.num = 128 (default)
2019-07-13 07:39:02,060 INFO  server.RaftServerConfigKeys (ConfUtils.java:logGet(43)) - raft.server.log.statemachine.data.sync = true (default)
2019-07-13 07:39:02,059 INFO  server.RaftServerConfigKeys (ConfUtils.java:logGet(43)) - raft.server.log.preallocated.size = 16384 (custom)
2019-07-13 07:39:02,060 INFO  server.RaftServerConfigKeys (ConfUtils.java:logGet(43)) - raft.server.log.statemachine.data.sync.timeout = 10s (default)
2019-07-13 07:39:02,059 INFO  server.RaftServerConfigKeys (ConfUtils.java:logGet(43)) - raft.server.retrycache.expirytime = 600000ms (custom)
2019-07-13 07:39:02,060 INFO  server.RaftServerConfigKeys (ConfUtils.java:logGet(43)) - raft.server.log.statemachine.data.sync.timeout.retry = -1 (default)
2019-07-13 07:39:02,060 INFO  server.RaftServerConfigKeys (ConfUtils.java:logGet(43)) - raft.server.log.write.buffer.size = 33554432 (custom)
2019-07-13 07:39:02,060 INFO  server.RaftServerConfigKeys (ConfUtils.java:logGet(43)) - raft.server.log.statemachine.data.caching.enabled = true (custom)
2019-07-13 07:39:02,060 INFO  impl.RaftServerImpl (RaftServerImpl.java:start(180)) - e7643d2c-5e46-41d8-8521-588c8d4fa897: start group-B1150F114F21
2019-07-13 07:39:02,060 INFO  server.RaftServerConfigKeys (ConfUtils.java:logGet(43)) - raft.server.log.force.sync.num = 128 (default)
2019-07-13 07:39:02,061 INFO  segmented.SegmentedRaftLogWorker (SegmentedRaftLogWorker.java:lambda$new$0(132)) - 1da0944c-e4a6-458e-bf55-5b16341f6a4a-SegmentedRaftLogWorker:Storage Directory /tmp/workdir/hadoop-ozone/integration-test/target/test-dir/MiniOzoneClusterImpl-44c4c997-bfce-4c08-899e-6a5652d50fdd/datanode-3/data/ratis/e5a2e8a1-307d-4c5a-87e5-b1150f114f21: flushIndex: setUnconditionally 0 -> -1
2019-07-13 07:39:02,061 INFO  impl.RaftServerImpl (RaftServerImpl.java:setRole(171)) - e7643d2c-5e46-41d8-8521-588c8d4fa897:group-B1150F114F21 changes role from null to FOLLOWER at term 0 for startAsFollower
2019-07-13 07:39:02,061 INFO  server.RaftServerConfigKeys (ConfUtils.java:logGet(43)) - raft.server.snapshot.auto.trigger.enabled = true (custom)
2019-07-13 07:39:02,061 INFO  server.RaftServerConfigKeys (ConfUtils.java:logGet(43)) - raft.server.log.statemachine.data.sync = true (default)
2019-07-13 07:39:02,061 INFO  server.RaftServerConfigKeys (ConfUtils.java:logGet(43)) - raft.server.snapshot.auto.trigger.threshold = 10000 (custom)
2019-07-13 07:39:02,061 INFO  impl.RoleInfo (RoleInfo.java:updateAndGet(143)) - e7643d2c-5e46-41d8-8521-588c8d4fa897: start FollowerState
2019-07-13 07:39:02,062 INFO  server.RaftServerConfigKeys (ConfUtils.java:logGet(43)) - raft.server.retrycache.expirytime = 600000ms (custom)
2019-07-13 07:39:02,062 INFO  server.RaftServerConfigKeys (ConfUtils.java:logGet(43)) - raft.server.log.statemachine.data.sync.timeout = 10s (default)
2019-07-13 07:39:02,062 INFO  util.JmxRegister (JmxRegister.java:tryRegister(44)) - Successfully registered JMX Bean with object name Ratis:service=RaftServer,group=group-B1150F114F21,id=e7643d2c-5e46-41d8-8521-588c8d4fa897
2019-07-13 07:39:02,062 INFO  impl.RaftServerImpl (RaftServerImpl.java:start(180)) - 1da0944c-e4a6-458e-bf55-5b16341f6a4a: start group-B1150F114F21
2019-07-13 07:39:02,063 INFO  impl.RaftServerImpl (RaftServerImpl.java:setRole(171)) - 1da0944c-e4a6-458e-bf55-5b16341f6a4a:group-B1150F114F21 changes role from null to FOLLOWER at term 0 for startAsFollower
2019-07-13 07:39:02,062 INFO  server.RaftServerConfigKeys (ConfUtils.java:logGet(43)) - raft.server.log.statemachine.data.sync.timeout.retry = -1 (default)
2019-07-13 07:39:02,063 INFO  impl.RoleInfo (RoleInfo.java:updateAndGet(143)) - 1da0944c-e4a6-458e-bf55-5b16341f6a4a: start FollowerState
2019-07-13 07:39:02,063 INFO  server.RaftServerConfigKeys (ConfUtils.java:logGet(43)) - raft.server.log.statemachine.data.caching.enabled = true (custom)
2019-07-13 07:39:02,063 INFO  util.JmxRegister (JmxRegister.java:tryRegister(44)) - Successfully registered JMX Bean with object name Ratis:service=RaftServer,group=group-B1150F114F21,id=1da0944c-e4a6-458e-bf55-5b16341f6a4a
2019-07-13 07:39:02,063 INFO  segmented.SegmentedRaftLogWorker (SegmentedRaftLogWorker.java:lambda$new$0(132)) - 193812a9-ddf0-4c4f-ad33-42e352a506b5-SegmentedRaftLogWorker:Storage Directory /tmp/workdir/hadoop-ozone/integration-test/target/test-dir/MiniOzoneClusterImpl-44c4c997-bfce-4c08-899e-6a5652d50fdd/datanode-4/data/ratis/e5a2e8a1-307d-4c5a-87e5-b1150f114f21: flushIndex: setUnconditionally 0 -> -1
2019-07-13 07:39:02,064 INFO  server.RaftServerConfigKeys (ConfUtils.java:logGet(43)) - raft.server.snapshot.auto.trigger.enabled = true (custom)
2019-07-13 07:39:02,064 INFO  server.RaftServerConfigKeys (ConfUtils.java:logGet(43)) - raft.server.snapshot.auto.trigger.threshold = 10000 (custom)
2019-07-13 07:39:02,064 INFO  server.RaftServerConfigKeys (ConfUtils.java:logGet(43)) - raft.server.retrycache.expirytime = 600000ms (custom)
2019-07-13 07:39:02,064 INFO  impl.RaftServerImpl (RaftServerImpl.java:start(180)) - 193812a9-ddf0-4c4f-ad33-42e352a506b5: start group-B1150F114F21
2019-07-13 07:39:02,065 INFO  impl.RaftServerImpl (RaftServerImpl.java:setRole(171)) - 193812a9-ddf0-4c4f-ad33-42e352a506b5:group-B1150F114F21 changes role from null to FOLLOWER at term 0 for startAsFollower
2019-07-13 07:39:02,065 INFO  impl.RoleInfo (RoleInfo.java:updateAndGet(143)) - 193812a9-ddf0-4c4f-ad33-42e352a506b5: start FollowerState
2019-07-13 07:39:02,065 INFO  util.JmxRegister (JmxRegister.java:tryRegister(44)) - Successfully registered JMX Bean with object name Ratis:service=RaftServer,group=group-B1150F114F21,id=193812a9-ddf0-4c4f-ad33-42e352a506b5
2019-07-13 07:39:02,071 INFO  pipeline.PipelineStateManager (PipelineStateManager.java:addPipeline(56)) - Created pipeline Pipeline[ Id: e5a2e8a1-307d-4c5a-87e5-b1150f114f21, Nodes: 1da0944c-e4a6-458e-bf55-5b16341f6a4a{ip: 192.168.69.84, host: trunk-nightly-9lh4p-2362225927, networkLocation: /default-rack, certSerialId: null}e7643d2c-5e46-41d8-8521-588c8d4fa897{ip: 192.168.69.84, host: trunk-nightly-9lh4p-2362225927, networkLocation: /default-rack, certSerialId: null}193812a9-ddf0-4c4f-ad33-42e352a506b5{ip: 192.168.69.84, host: trunk-nightly-9lh4p-2362225927, networkLocation: /default-rack, certSerialId: null}, Type:RATIS, Factor:THREE, State:OPEN]
2019-07-13 07:39:02,111 INFO  ozone.MiniOzoneClusterImpl (MiniOzoneClusterImpl.java:lambda$waitForClusterToBeReady$0(142)) - Waiting for cluster to be ready. Got 6 of 7 DN Heartbeats.
2019-07-13 07:39:02,117 INFO  node.SCMNodeManager (SCMNodeManager.java:register(269)) - Registered Data node : 584e26fa-9fa2-4a20-8f9d-b73519ac6aab{ip: 192.168.69.84, host: trunk-nightly-9lh4p-2362225927, networkLocation: /default-rack, certSerialId: null}
2019-07-13 07:39:02,130 INFO  impl.RaftServerProxy (RaftServerProxy.java:addNew(89)) - 584e26fa-9fa2-4a20-8f9d-b73519ac6aab: addNew group-2003F389307E:[584e26fa-9fa2-4a20-8f9d-b73519ac6aab:192.168.69.84:37599] returns group-2003F389307E:java.util.concurrent.CompletableFuture@3904788e[Not completed]
2019-07-13 07:39:02,131 INFO  impl.RaftServerImpl (RaftServerImpl.java:<init>(93)) - 584e26fa-9fa2-4a20-8f9d-b73519ac6aab: new RaftServerImpl for group-2003F389307E:[584e26fa-9fa2-4a20-8f9d-b73519ac6aab:192.168.69.84:37599] with ContainerStateMachine:uninitialized
2019-07-13 07:39:02,131 INFO  server.RaftServerConfigKeys (ConfUtils.java:logGet(43)) - raft.server.rpc.timeout.min = 5s (custom)
2019-07-13 07:39:02,131 INFO  server.RaftServerConfigKeys (ConfUtils.java:logGet(43)) - raft.server.rpc.timeout.max = 5200ms (custom)
2019-07-13 07:39:02,131 INFO  server.RaftServerConfigKeys (ConfUtils.java:logGet(43)) - raft.server.rpcslowness.timeout = 120s (custom)
2019-07-13 07:39:02,132 INFO  server.RaftServerConfigKeys (ConfUtils.java:logGet(43)) - raft.server.sleep.deviation.threshold = 300 (default)
2019-07-13 07:39:02,132 INFO  server.RaftServerConfigKeys (ConfUtils.java:logGet(43)) - raft.server.log.appender.install.snapshot.enabled = false (custom)
2019-07-13 07:39:02,132 INFO  impl.RaftServerImpl (ServerState.java:<init>(105)) - 584e26fa-9fa2-4a20-8f9d-b73519ac6aab:group-2003F389307E ConfigurationManager, init=-1: [584e26fa-9fa2-4a20-8f9d-b73519ac6aab:192.168.69.84:37599], old=null, confs=<EMPTY_MAP>
2019-07-13 07:39:02,132 INFO  server.RaftServerConfigKeys (ConfUtils.java:logGet(43)) - raft.server.storage.dir = [/tmp/workdir/hadoop-ozone/integration-test/target/test-dir/MiniOzoneClusterImpl-44c4c997-bfce-4c08-899e-6a5652d50fdd/datanode-6/data/ratis] (custom)
2019-07-13 07:39:02,132 INFO  storage.RaftStorageDirectory (RaftStorageDirectory.java:analyzeStorage(246)) - The storage directory /tmp/workdir/hadoop-ozone/integration-test/target/test-dir/MiniOzoneClusterImpl-44c4c997-bfce-4c08-899e-6a5652d50fdd/datanode-6/data/ratis/7638e9a5-1991-4eb6-98d4-2003f389307e does not exist. Creating ...
2019-07-13 07:39:02,146 INFO  storage.RaftStorageDirectory (RaftStorageDirectory.java:tryLock(328)) - Lock on /tmp/workdir/hadoop-ozone/integration-test/target/test-dir/MiniOzoneClusterImpl-44c4c997-bfce-4c08-899e-6a5652d50fdd/datanode-6/data/ratis/7638e9a5-1991-4eb6-98d4-2003f389307e/in_use.lock acquired by nodename 29913@trunk-nightly-9lh4p-2362225927
2019-07-13 07:39:02,159 INFO  storage.RaftStorage (RaftStorage.java:format(72)) - Storage directory /tmp/workdir/hadoop-ozone/integration-test/target/test-dir/MiniOzoneClusterImpl-44c4c997-bfce-4c08-899e-6a5652d50fdd/datanode-6/data/ratis/7638e9a5-1991-4eb6-98d4-2003f389307e has been successfully formatted.
2019-07-13 07:39:02,159 INFO  ratis.ContainerStateMachine (ContainerStateMachine.java:loadSnapshot(200)) - The snapshot info is null.Setting the last applied index to:(t:0, i:~)
2019-07-13 07:39:02,159 INFO  server.RaftServerConfigKeys (ConfUtils.java:logGet(43)) - raft.server.leader.election.timeout = 120s (custom)
2019-07-13 07:39:02,159 INFO  server.RaftServerConfigKeys (ConfUtils.java:logGet(43)) - raft.server.log.use.memory = false (default)
2019-07-13 07:39:02,160 INFO  server.RaftServerConfigKeys (ConfUtils.java:logGet(43)) - raft.server.log.purge.gap = 1000000000 (custom)
2019-07-13 07:39:02,160 INFO  server.RaftServerConfigKeys (ConfUtils.java:logGet(43)) - raft.server.log.appender.buffer.byte-limit = 33554432 (custom)
2019-07-13 07:39:02,160 INFO  server.RaftServerConfigKeys (ConfUtils.java:logGet(43)) - raft.server.log.segment.size.max = 1048576 (custom)
2019-07-13 07:39:02,160 INFO  server.RaftServerConfigKeys (ConfUtils.java:logGet(43)) - raft.server.log.segment.cache.num.max = 2 (custom)
2019-07-13 07:39:02,160 INFO  segmented.SegmentedRaftLogWorker (SegmentedRaftLogWorker.java:<init>(172)) - new 584e26fa-9fa2-4a20-8f9d-b73519ac6aab-SegmentedRaftLogWorker:Storage Directory /tmp/workdir/hadoop-ozone/integration-test/target/test-dir/MiniOzoneClusterImpl-44c4c997-bfce-4c08-899e-6a5652d50fdd/datanode-6/data/ratis/7638e9a5-1991-4eb6-98d4-2003f389307e for RaftStorage:Storage Directory /tmp/workdir/hadoop-ozone/integration-test/target/test-dir/MiniOzoneClusterImpl-44c4c997-bfce-4c08-899e-6a5652d50fdd/datanode-6/data/ratis/7638e9a5-1991-4eb6-98d4-2003f389307e
2019-07-13 07:39:02,160 INFO  server.RaftServerConfigKeys (ConfUtils.java:logGet(43)) - raft.server.log.queue.byte-limit = 2147483647 (custom)
2019-07-13 07:39:02,160 INFO  server.RaftServerConfigKeys (ConfUtils.java:logGet(43)) - raft.server.log.queue.element-limit = 1024 (custom)
2019-07-13 07:39:02,161 INFO  server.RaftServerConfigKeys (ConfUtils.java:logGet(43)) - raft.server.log.segment.size.max = 1048576 (custom)
2019-07-13 07:39:02,161 INFO  server.RaftServerConfigKeys (ConfUtils.java:logGet(43)) - raft.server.log.preallocated.size = 16384 (custom)
2019-07-13 07:39:02,161 INFO  server.RaftServerConfigKeys (ConfUtils.java:logGet(43)) - raft.server.log.write.buffer.size = 33554432 (custom)
2019-07-13 07:39:02,161 INFO  server.RaftServerConfigKeys (ConfUtils.java:logGet(43)) - raft.server.log.force.sync.num = 128 (default)
2019-07-13 07:39:02,161 INFO  server.RaftServerConfigKeys (ConfUtils.java:logGet(43)) - raft.server.log.statemachine.data.sync = true (default)
2019-07-13 07:39:02,161 INFO  server.RaftServerConfigKeys (ConfUtils.java:logGet(43)) - raft.server.log.statemachine.data.sync.timeout = 10s (default)
2019-07-13 07:39:02,162 INFO  server.RaftServerConfigKeys (ConfUtils.java:logGet(43)) - raft.server.log.statemachine.data.sync.timeout.retry = -1 (default)
2019-07-13 07:39:02,162 INFO  server.RaftServerConfigKeys (ConfUtils.java:logGet(43)) - raft.server.log.statemachine.data.caching.enabled = true (custom)
2019-07-13 07:39:02,162 INFO  segmented.SegmentedRaftLogWorker (SegmentedRaftLogWorker.java:lambda$new$0(132)) - 584e26fa-9fa2-4a20-8f9d-b73519ac6aab-SegmentedRaftLogWorker:Storage Directory /tmp/workdir/hadoop-ozone/integration-test/target/test-dir/MiniOzoneClusterImpl-44c4c997-bfce-4c08-899e-6a5652d50fdd/datanode-6/data/ratis/7638e9a5-1991-4eb6-98d4-2003f389307e: flushIndex: setUnconditionally 0 -> -1
2019-07-13 07:39:02,163 INFO  server.RaftServerConfigKeys (ConfUtils.java:logGet(43)) - raft.server.snapshot.auto.trigger.enabled = true (custom)
2019-07-13 07:39:02,163 INFO  server.RaftServerConfigKeys (ConfUtils.java:logGet(43)) - raft.server.snapshot.auto.trigger.threshold = 10000 (custom)
2019-07-13 07:39:02,163 INFO  server.RaftServerConfigKeys (ConfUtils.java:logGet(43)) - raft.server.retrycache.expirytime = 600000ms (custom)
2019-07-13 07:39:02,163 INFO  impl.RaftServerImpl (RaftServerImpl.java:start(180)) - 584e26fa-9fa2-4a20-8f9d-b73519ac6aab: start group-2003F389307E
2019-07-13 07:39:02,163 INFO  impl.RaftServerImpl (RaftServerImpl.java:setRole(171)) - 584e26fa-9fa2-4a20-8f9d-b73519ac6aab:group-2003F389307E changes role from null to FOLLOWER at term 0 for startAsFollower
2019-07-13 07:39:02,163 INFO  impl.RoleInfo (RoleInfo.java:updateAndGet(143)) - 584e26fa-9fa2-4a20-8f9d-b73519ac6aab: start FollowerState
2019-07-13 07:39:02,164 INFO  util.JmxRegister (JmxRegister.java:tryRegister(44)) - Successfully registered JMX Bean with object name Ratis:service=RaftServer,group=group-2003F389307E,id=584e26fa-9fa2-4a20-8f9d-b73519ac6aab
2019-07-13 07:39:02,166 INFO  pipeline.PipelineStateManager (PipelineStateManager.java:addPipeline(56)) - Created pipeline Pipeline[ Id: 7638e9a5-1991-4eb6-98d4-2003f389307e, Nodes: 584e26fa-9fa2-4a20-8f9d-b73519ac6aab{ip: 192.168.69.84, host: trunk-nightly-9lh4p-2362225927, networkLocation: /default-rack, certSerialId: null}, Type:RATIS, Factor:ONE, State:OPEN]
2019-07-13 07:39:03,111 INFO  ozone.MiniOzoneClusterImpl (MiniOzoneClusterImpl.java:lambda$waitForClusterToBeReady$0(142)) - Cluster is ready. Got 7 of 7 DN Heartbeats.
2019-07-13 07:39:03,157 INFO  rpc.RpcClient (RpcClient.java:createVolume(287)) - Creating Volume: testblockoutputstream, with jenkins1000 as owner.
2019-07-13 07:39:03,189 INFO  rpc.RpcClient (RpcClient.java:createBucket(424)) - Creating Bucket: testblockoutputstream/testblockoutputstream, with Versioning false and Storage Type set to DISK and Encryption set to false 
2019-07-13 07:39:03,217 INFO  client.GrpcClientProtocolClient (GrpcClientProtocolClient.java:onNext(255)) - client-C5057E311D87->b8ec8f7f-5885-438b-bffb-7679c525b3f1: receive RaftClientReply:client-C5057E311D87->b8ec8f7f-5885-438b-bffb-7679c525b3f1@group-71A747149DB6, cid=142, FAILED org.apache.ratis.protocol.NotLeaderException: Server b8ec8f7f-5885-438b-bffb-7679c525b3f1 is not the leader (null). Request must be sent to leader., logIndex=0, commits[b8ec8f7f-5885-438b-bffb-7679c525b3f1:c-1]
2019-07-13 07:39:04,108 INFO  container.ReplicationManager (ReplicationManager.java:start(155)) - Starting Replication Monitor Thread.
2019-07-13 07:39:04,112 INFO  container.ReplicationManager (ReplicationManager.java:run(207)) - Replication Monitor Thread took 0 milliseconds for processing 1 containers.
2019-07-13 07:39:05,234 INFO  client.GrpcClientProtocolClient (GrpcClientProtocolClient.java:onNext(255)) - client-C5057E311D87->b8ec8f7f-5885-438b-bffb-7679c525b3f1: receive RaftClientReply:client-C5057E311D87->b8ec8f7f-5885-438b-bffb-7679c525b3f1@group-71A747149DB6, cid=142, FAILED org.apache.ratis.protocol.NotLeaderException: Server b8ec8f7f-5885-438b-bffb-7679c525b3f1 is not the leader (null). Request must be sent to leader., logIndex=0, commits[b8ec8f7f-5885-438b-bffb-7679c525b3f1:c-1]
2019-07-13 07:39:06,291 INFO  impl.FollowerState (FollowerState.java:run(106)) - b8ec8f7f-5885-438b-bffb-7679c525b3f1:group-71A747149DB6 changes to CANDIDATE, lastRpcTime:5128, electionTimeout:5128ms
2019-07-13 07:39:06,291 INFO  impl.RoleInfo (RoleInfo.java:shutdownFollowerState(121)) - b8ec8f7f-5885-438b-bffb-7679c525b3f1: shutdown FollowerState
2019-07-13 07:39:06,291 INFO  impl.RaftServerImpl (RaftServerImpl.java:setRole(171)) - b8ec8f7f-5885-438b-bffb-7679c525b3f1:group-71A747149DB6 changes role from FOLLOWER to CANDIDATE at term 0 for changeToCandidate
2019-07-13 07:39:06,291 INFO  impl.RoleInfo (RoleInfo.java:updateAndGet(143)) - b8ec8f7f-5885-438b-bffb-7679c525b3f1: start LeaderElection
2019-07-13 07:39:06,319 INFO  impl.LeaderElection (LeaderElection.java:askForVotes(181)) - b8ec8f7f-5885-438b-bffb-7679c525b3f1:group-71A747149DB6:LeaderElection52: begin an election at term 1 for -1: [b8ec8f7f-5885-438b-bffb-7679c525b3f1:192.168.69.84:45525], old=null
2019-07-13 07:39:06,319 INFO  impl.RoleInfo (RoleInfo.java:shutdownLeaderElection(134)) - b8ec8f7f-5885-438b-bffb-7679c525b3f1: shutdown LeaderElection
2019-07-13 07:39:06,320 INFO  impl.RaftServerImpl (RaftServerImpl.java:setRole(171)) - b8ec8f7f-5885-438b-bffb-7679c525b3f1:group-71A747149DB6 changes role from CANDIDATE to LEADER at term 1 for changeToLeader
2019-07-13 07:39:06,320 INFO  impl.RaftServerImpl (ServerState.java:setLeader(263)) - b8ec8f7f-5885-438b-bffb-7679c525b3f1:group-71A747149DB6 change Leader from null to b8ec8f7f-5885-438b-bffb-7679c525b3f1 at term 1 for becomeLeader, leader elected after 5162ms
2019-07-13 07:39:06,322 INFO  server.RaftServerConfigKeys (ConfUtils.java:logGet(43)) - raft.server.staging.catchup.gap = 1000 (default)
2019-07-13 07:39:06,322 INFO  server.RaftServerConfigKeys (ConfUtils.java:logGet(43)) - raft.server.rpc.sleep.time = 25ms (default)
2019-07-13 07:39:06,322 INFO  server.RaftServerConfigKeys (ConfUtils.java:logGet(43)) - raft.server.write.element-limit = 4096 (default)
2019-07-13 07:39:06,323 INFO  server.RaftServerConfigKeys (ConfUtils.java:logGet(43)) - raft.server.watch.timeout = 10s (default)
2019-07-13 07:39:06,323 INFO  server.RaftServerConfigKeys (ConfUtils.java:logGet(43)) - raft.server.watch.timeout.denomination = 1s (default)
2019-07-13 07:39:06,323 INFO  server.RaftServerConfigKeys (ConfUtils.java:logGet(43)) - raft.server.watch.element-limit = 65536 (default)
2019-07-13 07:39:06,323 INFO  impl.RoleInfo (RoleInfo.java:updateAndGet(143)) - b8ec8f7f-5885-438b-bffb-7679c525b3f1: start LeaderState
2019-07-13 07:39:06,323 INFO  segmented.SegmentedRaftLogWorker (SegmentedRaftLogWorker.java:startLogSegment(380)) - b8ec8f7f-5885-438b-bffb-7679c525b3f1-SegmentedRaftLogWorker:Storage Directory /tmp/workdir/hadoop-ozone/integration-test/target/test-dir/MiniOzoneClusterImpl-44c4c997-bfce-4c08-899e-6a5652d50fdd/datanode-0/data/ratis/39a1135c-4733-4a3f-99c6-71a747149db6: Starting segment from index:0
2019-07-13 07:39:06,324 INFO  impl.RaftServerImpl (ServerState.java:setRaftConf(361)) - b8ec8f7f-5885-438b-bffb-7679c525b3f1:group-71A747149DB6 set configuration 0: [b8ec8f7f-5885-438b-bffb-7679c525b3f1:192.168.69.84:45525], old=null at 0
2019-07-13 07:39:06,356 INFO  segmented.SegmentedRaftLogWorker (SegmentedRaftLogWorker.java:execute(569)) - b8ec8f7f-5885-438b-bffb-7679c525b3f1-SegmentedRaftLogWorker:Storage Directory /tmp/workdir/hadoop-ozone/integration-test/target/test-dir/MiniOzoneClusterImpl-44c4c997-bfce-4c08-899e-6a5652d50fdd/datanode-0/data/ratis/39a1135c-4733-4a3f-99c6-71a747149db6: created new log segment /tmp/workdir/hadoop-ozone/integration-test/target/test-dir/MiniOzoneClusterImpl-44c4c997-bfce-4c08-899e-6a5652d50fdd/datanode-0/data/ratis/39a1135c-4733-4a3f-99c6-71a747149db6/current/log_inprogress_0
2019-07-13 07:39:06,485 INFO  impl.FollowerState (FollowerState.java:run(106)) - ae8bc3db-8a02-4092-94ea-9b10afa414ae:group-CC429ECBD6D5 changes to CANDIDATE, lastRpcTime:5165, electionTimeout:5165ms
2019-07-13 07:39:06,485 INFO  impl.RoleInfo (RoleInfo.java:shutdownFollowerState(121)) - ae8bc3db-8a02-4092-94ea-9b10afa414ae: shutdown FollowerState
2019-07-13 07:39:06,485 INFO  impl.RaftServerImpl (RaftServerImpl.java:setRole(171)) - ae8bc3db-8a02-4092-94ea-9b10afa414ae:group-CC429ECBD6D5 changes role from FOLLOWER to CANDIDATE at term 0 for changeToCandidate
2019-07-13 07:39:06,486 INFO  impl.RoleInfo (RoleInfo.java:updateAndGet(143)) - ae8bc3db-8a02-4092-94ea-9b10afa414ae: start LeaderElection
2019-07-13 07:39:06,516 INFO  impl.LeaderElection (LeaderElection.java:askForVotes(181)) - ae8bc3db-8a02-4092-94ea-9b10afa414ae:group-CC429ECBD6D5:LeaderElection53: begin an election at term 1 for -1: [ae8bc3db-8a02-4092-94ea-9b10afa414ae:192.168.69.84:40214], old=null
2019-07-13 07:39:06,516 INFO  impl.RoleInfo (RoleInfo.java:shutdownLeaderElection(134)) - ae8bc3db-8a02-4092-94ea-9b10afa414ae: shutdown LeaderElection
2019-07-13 07:39:06,516 INFO  impl.RaftServerImpl (RaftServerImpl.java:setRole(171)) - ae8bc3db-8a02-4092-94ea-9b10afa414ae:group-CC429ECBD6D5 changes role from CANDIDATE to LEADER at term 1 for changeToLeader
2019-07-13 07:39:06,516 INFO  impl.RaftServerImpl (ServerState.java:setLeader(263)) - ae8bc3db-8a02-4092-94ea-9b10afa414ae:group-CC429ECBD6D5 change Leader from null to ae8bc3db-8a02-4092-94ea-9b10afa414ae at term 1 for becomeLeader, leader elected after 5201ms
2019-07-13 07:39:06,519 INFO  server.RaftServerConfigKeys (ConfUtils.java:logGet(43)) - raft.server.staging.catchup.gap = 1000 (default)
2019-07-13 07:39:06,519 INFO  server.RaftServerConfigKeys (ConfUtils.java:logGet(43)) - raft.server.rpc.sleep.time = 25ms (default)
2019-07-13 07:39:06,519 INFO  server.RaftServerConfigKeys (ConfUtils.java:logGet(43)) - raft.server.write.element-limit = 4096 (default)
2019-07-13 07:39:06,519 INFO  server.RaftServerConfigKeys (ConfUtils.java:logGet(43)) - raft.server.watch.timeout = 10s (default)
2019-07-13 07:39:06,519 INFO  server.RaftServerConfigKeys (ConfUtils.java:logGet(43)) - raft.server.watch.timeout.denomination = 1s (default)
2019-07-13 07:39:06,519 INFO  server.RaftServerConfigKeys (ConfUtils.java:logGet(43)) - raft.server.watch.element-limit = 65536 (default)
2019-07-13 07:39:06,520 INFO  impl.RoleInfo (RoleInfo.java:updateAndGet(143)) - ae8bc3db-8a02-4092-94ea-9b10afa414ae: start LeaderState
2019-07-13 07:39:06,520 INFO  segmented.SegmentedRaftLogWorker (SegmentedRaftLogWorker.java:startLogSegment(380)) - ae8bc3db-8a02-4092-94ea-9b10afa414ae-SegmentedRaftLogWorker:Storage Directory /tmp/workdir/hadoop-ozone/integration-test/target/test-dir/MiniOzoneClusterImpl-44c4c997-bfce-4c08-899e-6a5652d50fdd/datanode-1/data/ratis/2aaa57e8-64db-4dcd-8272-cc429ecbd6d5: Starting segment from index:0
2019-07-13 07:39:06,520 INFO  impl.RaftServerImpl (ServerState.java:setRaftConf(361)) - ae8bc3db-8a02-4092-94ea-9b10afa414ae:group-CC429ECBD6D5 set configuration 0: [ae8bc3db-8a02-4092-94ea-9b10afa414ae:192.168.69.84:40214], old=null at 0
2019-07-13 07:39:06,546 INFO  impl.FollowerState (FollowerState.java:run(106)) - fdc85edf-36c2-42ff-b00a-0eabab82fdf0:group-1C1572427317 changes to CANDIDATE, lastRpcTime:5062, electionTimeout:5062ms
2019-07-13 07:39:06,546 INFO  impl.RoleInfo (RoleInfo.java:shutdownFollowerState(121)) - fdc85edf-36c2-42ff-b00a-0eabab82fdf0: shutdown FollowerState
2019-07-13 07:39:06,547 INFO  impl.RaftServerImpl (RaftServerImpl.java:setRole(171)) - fdc85edf-36c2-42ff-b00a-0eabab82fdf0:group-1C1572427317 changes role from FOLLOWER to CANDIDATE at term 0 for changeToCandidate
2019-07-13 07:39:06,547 INFO  impl.RoleInfo (RoleInfo.java:updateAndGet(143)) - fdc85edf-36c2-42ff-b00a-0eabab82fdf0: start LeaderElection
2019-07-13 07:39:06,554 INFO  segmented.SegmentedRaftLogWorker (SegmentedRaftLogWorker.java:execute(569)) - ae8bc3db-8a02-4092-94ea-9b10afa414ae-SegmentedRaftLogWorker:Storage Directory /tmp/workdir/hadoop-ozone/integration-test/target/test-dir/MiniOzoneClusterImpl-44c4c997-bfce-4c08-899e-6a5652d50fdd/datanode-1/data/ratis/2aaa57e8-64db-4dcd-8272-cc429ecbd6d5: created new log segment /tmp/workdir/hadoop-ozone/integration-test/target/test-dir/MiniOzoneClusterImpl-44c4c997-bfce-4c08-899e-6a5652d50fdd/datanode-1/data/ratis/2aaa57e8-64db-4dcd-8272-cc429ecbd6d5/current/log_inprogress_0
2019-07-13 07:39:06,560 INFO  impl.FollowerState (FollowerState.java:run(106)) - b8ec8f7f-5885-438b-bffb-7679c525b3f1:group-8ECB9A2F2100 changes to CANDIDATE, lastRpcTime:5023, electionTimeout:5023ms
2019-07-13 07:39:06,560 INFO  impl.RoleInfo (RoleInfo.java:shutdownFollowerState(121)) - b8ec8f7f-5885-438b-bffb-7679c525b3f1: shutdown FollowerState
2019-07-13 07:39:06,560 INFO  impl.RaftServerImpl (RaftServerImpl.java:setRole(171)) - b8ec8f7f-5885-438b-bffb-7679c525b3f1:group-8ECB9A2F2100 changes role from FOLLOWER to CANDIDATE at term 0 for changeToCandidate
2019-07-13 07:39:06,560 INFO  impl.RoleInfo (RoleInfo.java:updateAndGet(143)) - b8ec8f7f-5885-438b-bffb-7679c525b3f1: start LeaderElection
2019-07-13 07:39:06,567 INFO  impl.LeaderElection (LeaderElection.java:askForVotes(181)) - fdc85edf-36c2-42ff-b00a-0eabab82fdf0:group-1C1572427317:LeaderElection54: begin an election at term 1 for -1: [fdc85edf-36c2-42ff-b00a-0eabab82fdf0:192.168.69.84:45789], old=null
2019-07-13 07:39:06,567 INFO  impl.RoleInfo (RoleInfo.java:shutdownLeaderElection(134)) - fdc85edf-36c2-42ff-b00a-0eabab82fdf0: shutdown LeaderElection
2019-07-13 07:39:06,567 INFO  impl.RaftServerImpl (RaftServerImpl.java:setRole(171)) - fdc85edf-36c2-42ff-b00a-0eabab82fdf0:group-1C1572427317 changes role from CANDIDATE to LEADER at term 1 for changeToLeader
2019-07-13 07:39:06,568 INFO  impl.RaftServerImpl (ServerState.java:setLeader(263)) - fdc85edf-36c2-42ff-b00a-0eabab82fdf0:group-1C1572427317 change Leader from null to fdc85edf-36c2-42ff-b00a-0eabab82fdf0 at term 1 for becomeLeader, leader elected after 5088ms
2019-07-13 07:39:06,570 INFO  server.RaftServerConfigKeys (ConfUtils.java:logGet(43)) - raft.server.staging.catchup.gap = 1000 (default)
2019-07-13 07:39:06,570 INFO  server.RaftServerConfigKeys (ConfUtils.java:logGet(43)) - raft.server.rpc.sleep.time = 25ms (default)
2019-07-13 07:39:06,570 INFO  server.RaftServerConfigKeys (ConfUtils.java:logGet(43)) - raft.server.write.element-limit = 4096 (default)
2019-07-13 07:39:06,570 INFO  server.RaftServerConfigKeys (ConfUtils.java:logGet(43)) - raft.server.watch.timeout = 10s (default)
2019-07-13 07:39:06,570 INFO  server.RaftServerConfigKeys (ConfUtils.java:logGet(43)) - raft.server.watch.timeout.denomination = 1s (default)
2019-07-13 07:39:06,571 INFO  server.RaftServerConfigKeys (ConfUtils.java:logGet(43)) - raft.server.watch.element-limit = 65536 (default)
2019-07-13 07:39:06,571 INFO  impl.RoleInfo (RoleInfo.java:updateAndGet(143)) - fdc85edf-36c2-42ff-b00a-0eabab82fdf0: start LeaderState
2019-07-13 07:39:06,571 INFO  segmented.SegmentedRaftLogWorker (SegmentedRaftLogWorker.java:startLogSegment(380)) - fdc85edf-36c2-42ff-b00a-0eabab82fdf0-SegmentedRaftLogWorker:Storage Directory /tmp/workdir/hadoop-ozone/integration-test/target/test-dir/MiniOzoneClusterImpl-44c4c997-bfce-4c08-899e-6a5652d50fdd/datanode-2/data/ratis/8764eb77-afbc-4f2f-aa17-1c1572427317: Starting segment from index:0
2019-07-13 07:39:06,571 INFO  impl.RaftServerImpl (ServerState.java:setRaftConf(361)) - fdc85edf-36c2-42ff-b00a-0eabab82fdf0:group-1C1572427317 set configuration 0: [fdc85edf-36c2-42ff-b00a-0eabab82fdf0:192.168.69.84:45789], old=null at 0
2019-07-13 07:39:06,580 INFO  impl.LeaderElection (LeaderElection.java:askForVotes(181)) - b8ec8f7f-5885-438b-bffb-7679c525b3f1:group-8ECB9A2F2100:LeaderElection55: begin an election at term 1 for -1: [fdc85edf-36c2-42ff-b00a-0eabab82fdf0:192.168.69.84:45789, b8ec8f7f-5885-438b-bffb-7679c525b3f1:192.168.69.84:45525, ae8bc3db-8a02-4092-94ea-9b10afa414ae:192.168.69.84:40214], old=null
2019-07-13 07:39:06,593 INFO  impl.RaftServerImpl (RaftServerImpl.java:setRole(171)) - ae8bc3db-8a02-4092-94ea-9b10afa414ae:group-8ECB9A2F2100 changes role from FOLLOWER to FOLLOWER at term 1 for recognizeCandidate:b8ec8f7f-5885-438b-bffb-7679c525b3f1
2019-07-13 07:39:06,593 INFO  impl.RoleInfo (RoleInfo.java:shutdownFollowerState(121)) - ae8bc3db-8a02-4092-94ea-9b10afa414ae: shutdown FollowerState
2019-07-13 07:39:06,593 INFO  impl.RaftServerImpl (RaftServerImpl.java:setRole(171)) - fdc85edf-36c2-42ff-b00a-0eabab82fdf0:group-8ECB9A2F2100 changes role from FOLLOWER to FOLLOWER at term 1 for recognizeCandidate:b8ec8f7f-5885-438b-bffb-7679c525b3f1
2019-07-13 07:39:06,593 INFO  impl.FollowerState (FollowerState.java:run(114)) - ae8bc3db-8a02-4092-94ea-9b10afa414ae: FollowerState was interrupted: java.lang.InterruptedException: sleep interrupted
2019-07-13 07:39:06,593 INFO  impl.RoleInfo (RoleInfo.java:updateAndGet(143)) - ae8bc3db-8a02-4092-94ea-9b10afa414ae: start FollowerState
2019-07-13 07:39:06,593 INFO  impl.RoleInfo (RoleInfo.java:shutdownFollowerState(121)) - fdc85edf-36c2-42ff-b00a-0eabab82fdf0: shutdown FollowerState
2019-07-13 07:39:06,596 INFO  impl.RoleInfo (RoleInfo.java:updateAndGet(143)) - fdc85edf-36c2-42ff-b00a-0eabab82fdf0: start FollowerState
2019-07-13 07:39:06,596 INFO  impl.FollowerState (FollowerState.java:run(114)) - fdc85edf-36c2-42ff-b00a-0eabab82fdf0: FollowerState was interrupted: java.lang.InterruptedException: sleep interrupted
2019-07-13 07:39:06,617 INFO  segmented.SegmentedRaftLogWorker (SegmentedRaftLogWorker.java:execute(569)) - fdc85edf-36c2-42ff-b00a-0eabab82fdf0-SegmentedRaftLogWorker:Storage Directory /tmp/workdir/hadoop-ozone/integration-test/target/test-dir/MiniOzoneClusterImpl-44c4c997-bfce-4c08-899e-6a5652d50fdd/datanode-2/data/ratis/8764eb77-afbc-4f2f-aa17-1c1572427317: created new log segment /tmp/workdir/hadoop-ozone/integration-test/target/test-dir/MiniOzoneClusterImpl-44c4c997-bfce-4c08-899e-6a5652d50fdd/datanode-2/data/ratis/8764eb77-afbc-4f2f-aa17-1c1572427317/current/log_inprogress_0
2019-07-13 07:39:06,618 INFO  impl.LeaderElection (LeaderElection.java:logAndReturn(56)) - b8ec8f7f-5885-438b-bffb-7679c525b3f1:group-8ECB9A2F2100:LeaderElection55: Election PASSED; received 1 response(s) [b8ec8f7f-5885-438b-bffb-7679c525b3f1<-fdc85edf-36c2-42ff-b00a-0eabab82fdf0#0:OK-t1] and 0 exception(s); b8ec8f7f-5885-438b-bffb-7679c525b3f1:t1, leader=null, voted=b8ec8f7f-5885-438b-bffb-7679c525b3f1, raftlog=b8ec8f7f-5885-438b-bffb-7679c525b3f1-SegmentedRaftLog:OPENED:c-1,f-1,i0, conf=-1: [fdc85edf-36c2-42ff-b00a-0eabab82fdf0:192.168.69.84:45789, b8ec8f7f-5885-438b-bffb-7679c525b3f1:192.168.69.84:45525, ae8bc3db-8a02-4092-94ea-9b10afa414ae:192.168.69.84:40214], old=null
2019-07-13 07:39:06,618 INFO  impl.RoleInfo (RoleInfo.java:shutdownLeaderElection(134)) - b8ec8f7f-5885-438b-bffb-7679c525b3f1: shutdown LeaderElection
2019-07-13 07:39:06,619 INFO  impl.RaftServerImpl (RaftServerImpl.java:setRole(171)) - b8ec8f7f-5885-438b-bffb-7679c525b3f1:group-8ECB9A2F2100 changes role from CANDIDATE to LEADER at term 1 for changeToLeader
2019-07-13 07:39:06,619 INFO  impl.RaftServerImpl (ServerState.java:setLeader(263)) - b8ec8f7f-5885-438b-bffb-7679c525b3f1:group-8ECB9A2F2100 change Leader from null to b8ec8f7f-5885-438b-bffb-7679c525b3f1 at term 1 for becomeLeader, leader elected after 5089ms
2019-07-13 07:39:06,619 INFO  server.RaftServerConfigKeys (ConfUtils.java:logGet(43)) - raft.server.staging.catchup.gap = 1000 (default)
2019-07-13 07:39:06,619 INFO  server.RaftServerConfigKeys (ConfUtils.java:logGet(43)) - raft.server.rpc.sleep.time = 25ms (default)
2019-07-13 07:39:06,619 INFO  server.RaftServerConfigKeys (ConfUtils.java:logGet(43)) - raft.server.write.element-limit = 4096 (default)
2019-07-13 07:39:06,619 INFO  server.RaftServerConfigKeys (ConfUtils.java:logGet(43)) - raft.server.watch.timeout = 10s (default)
2019-07-13 07:39:06,620 INFO  server.RaftServerConfigKeys (ConfUtils.java:logGet(43)) - raft.server.watch.timeout.denomination = 1s (default)
2019-07-13 07:39:06,620 INFO  server.RaftServerConfigKeys (ConfUtils.java:logGet(43)) - raft.server.watch.element-limit = 65536 (default)
2019-07-13 07:39:06,620 INFO  server.RaftServerConfigKeys (ConfUtils.java:logGet(43)) - raft.server.log.appender.snapshot.chunk.size.max = 16MB (=16777216) (default)
2019-07-13 07:39:06,620 INFO  server.RaftServerConfigKeys (ConfUtils.java:logGet(43)) - raft.server.log.appender.buffer.byte-limit = 33554432 (custom)
2019-07-13 07:39:06,621 INFO  server.RaftServerConfigKeys (ConfUtils.java:logGet(43)) - raft.server.log.appender.buffer.element-limit = 1 (custom)
2019-07-13 07:39:06,621 INFO  grpc.GrpcConfigKeys$Server (ConfUtils.java:logGet(43)) - raft.grpc.server.leader.outstanding.appends.max = 128 (default)
2019-07-13 07:39:06,621 INFO  server.RaftServerConfigKeys (ConfUtils.java:logGet(43)) - raft.server.rpc.request.timeout = 3000ms (default)
2019-07-13 07:39:06,621 INFO  server.RaftServerConfigKeys (ConfUtils.java:logGet(43)) - raft.server.log.appender.install.snapshot.enabled = false (custom)
2019-07-13 07:39:06,622 INFO  server.RaftServerConfigKeys (ConfUtils.java:logGet(43)) - raft.server.log.appender.snapshot.chunk.size.max = 16MB (=16777216) (default)
2019-07-13 07:39:06,622 INFO  server.RaftServerConfigKeys (ConfUtils.java:logGet(43)) - raft.server.log.appender.buffer.byte-limit = 33554432 (custom)
2019-07-13 07:39:06,622 INFO  server.RaftServerConfigKeys (ConfUtils.java:logGet(43)) - raft.server.log.appender.buffer.element-limit = 1 (custom)
2019-07-13 07:39:06,622 INFO  grpc.GrpcConfigKeys$Server (ConfUtils.java:logGet(43)) - raft.grpc.server.leader.outstanding.appends.max = 128 (default)
2019-07-13 07:39:06,622 INFO  server.RaftServerConfigKeys (ConfUtils.java:logGet(43)) - raft.server.rpc.request.timeout = 3000ms (default)
2019-07-13 07:39:06,623 INFO  server.RaftServerConfigKeys (ConfUtils.java:logGet(43)) - raft.server.log.appender.install.snapshot.enabled = false (custom)
2019-07-13 07:39:06,623 INFO  impl.RoleInfo (RoleInfo.java:updateAndGet(143)) - b8ec8f7f-5885-438b-bffb-7679c525b3f1: start LeaderState
2019-07-13 07:39:06,623 INFO  segmented.SegmentedRaftLogWorker (SegmentedRaftLogWorker.java:startLogSegment(380)) - b8ec8f7f-5885-438b-bffb-7679c525b3f1-SegmentedRaftLogWorker:Storage Directory /tmp/workdir/hadoop-ozone/integration-test/target/test-dir/MiniOzoneClusterImpl-44c4c997-bfce-4c08-899e-6a5652d50fdd/datanode-0/data/ratis/6f44a408-381a-4216-9eae-8ecb9a2f2100: Starting segment from index:0
2019-07-13 07:39:06,624 INFO  impl.RaftServerImpl (ServerState.java:setRaftConf(361)) - b8ec8f7f-5885-438b-bffb-7679c525b3f1:group-8ECB9A2F2100 set configuration 0: [fdc85edf-36c2-42ff-b00a-0eabab82fdf0:192.168.69.84:45789, b8ec8f7f-5885-438b-bffb-7679c525b3f1:192.168.69.84:45525, ae8bc3db-8a02-4092-94ea-9b10afa414ae:192.168.69.84:40214], old=null at 0
2019-07-13 07:39:06,653 INFO  impl.RaftServerImpl (ServerState.java:setLeader(263)) - fdc85edf-36c2-42ff-b00a-0eabab82fdf0:group-8ECB9A2F2100 change Leader from null to b8ec8f7f-5885-438b-bffb-7679c525b3f1 at term 1 for appendEntries, leader elected after 5124ms
2019-07-13 07:39:06,653 INFO  impl.RaftServerImpl (ServerState.java:setLeader(263)) - ae8bc3db-8a02-4092-94ea-9b10afa414ae:group-8ECB9A2F2100 change Leader from null to b8ec8f7f-5885-438b-bffb-7679c525b3f1 at term 1 for appendEntries, leader elected after 5123ms
2019-07-13 07:39:06,661 INFO  impl.RaftServerImpl (ServerState.java:setRaftConf(361)) - fdc85edf-36c2-42ff-b00a-0eabab82fdf0:group-8ECB9A2F2100 set configuration 0: [fdc85edf-36c2-42ff-b00a-0eabab82fdf0:192.168.69.84:45789, b8ec8f7f-5885-438b-bffb-7679c525b3f1:192.168.69.84:45525, ae8bc3db-8a02-4092-94ea-9b10afa414ae:192.168.69.84:40214], old=null at 0
2019-07-13 07:39:06,661 INFO  segmented.SegmentedRaftLogWorker (SegmentedRaftLogWorker.java:startLogSegment(380)) - fdc85edf-36c2-42ff-b00a-0eabab82fdf0-SegmentedRaftLogWorker:Storage Directory /tmp/workdir/hadoop-ozone/integration-test/target/test-dir/MiniOzoneClusterImpl-44c4c997-bfce-4c08-899e-6a5652d50fdd/datanode-2/data/ratis/6f44a408-381a-4216-9eae-8ecb9a2f2100: Starting segment from index:0
2019-07-13 07:39:06,662 INFO  impl.RaftServerImpl (ServerState.java:setRaftConf(361)) - ae8bc3db-8a02-4092-94ea-9b10afa414ae:group-8ECB9A2F2100 set configuration 0: [fdc85edf-36c2-42ff-b00a-0eabab82fdf0:192.168.69.84:45789, b8ec8f7f-5885-438b-bffb-7679c525b3f1:192.168.69.84:45525, ae8bc3db-8a02-4092-94ea-9b10afa414ae:192.168.69.84:40214], old=null at 0
2019-07-13 07:39:06,662 INFO  segmented.SegmentedRaftLogWorker (SegmentedRaftLogWorker.java:startLogSegment(380)) - ae8bc3db-8a02-4092-94ea-9b10afa414ae-SegmentedRaftLogWorker:Storage Directory /tmp/workdir/hadoop-ozone/integration-test/target/test-dir/MiniOzoneClusterImpl-44c4c997-bfce-4c08-899e-6a5652d50fdd/datanode-1/data/ratis/6f44a408-381a-4216-9eae-8ecb9a2f2100: Starting segment from index:0
2019-07-13 07:39:06,666 INFO  segmented.SegmentedRaftLogWorker (SegmentedRaftLogWorker.java:execute(569)) - b8ec8f7f-5885-438b-bffb-7679c525b3f1-SegmentedRaftLogWorker:Storage Directory /tmp/workdir/hadoop-ozone/integration-test/target/test-dir/MiniOzoneClusterImpl-44c4c997-bfce-4c08-899e-6a5652d50fdd/datanode-0/data/ratis/6f44a408-381a-4216-9eae-8ecb9a2f2100: created new log segment /tmp/workdir/hadoop-ozone/integration-test/target/test-dir/MiniOzoneClusterImpl-44c4c997-bfce-4c08-899e-6a5652d50fdd/datanode-0/data/ratis/6f44a408-381a-4216-9eae-8ecb9a2f2100/current/log_inprogress_0
2019-07-13 07:39:06,693 INFO  segmented.SegmentedRaftLogWorker (SegmentedRaftLogWorker.java:execute(569)) - ae8bc3db-8a02-4092-94ea-9b10afa414ae-SegmentedRaftLogWorker:Storage Directory /tmp/workdir/hadoop-ozone/integration-test/target/test-dir/MiniOzoneClusterImpl-44c4c997-bfce-4c08-899e-6a5652d50fdd/datanode-1/data/ratis/6f44a408-381a-4216-9eae-8ecb9a2f2100: created new log segment /tmp/workdir/hadoop-ozone/integration-test/target/test-dir/MiniOzoneClusterImpl-44c4c997-bfce-4c08-899e-6a5652d50fdd/datanode-1/data/ratis/6f44a408-381a-4216-9eae-8ecb9a2f2100/current/log_inprogress_0
2019-07-13 07:39:06,693 INFO  segmented.SegmentedRaftLogWorker (SegmentedRaftLogWorker.java:execute(569)) - fdc85edf-36c2-42ff-b00a-0eabab82fdf0-SegmentedRaftLogWorker:Storage Directory /tmp/workdir/hadoop-ozone/integration-test/target/test-dir/MiniOzoneClusterImpl-44c4c997-bfce-4c08-899e-6a5652d50fdd/datanode-2/data/ratis/6f44a408-381a-4216-9eae-8ecb9a2f2100: created new log segment /tmp/workdir/hadoop-ozone/integration-test/target/test-dir/MiniOzoneClusterImpl-44c4c997-bfce-4c08-899e-6a5652d50fdd/datanode-2/data/ratis/6f44a408-381a-4216-9eae-8ecb9a2f2100/current/log_inprogress_0
2019-07-13 07:39:06,733 INFO  impl.FollowerState (FollowerState.java:run(106)) - 1da0944c-e4a6-458e-bf55-5b16341f6a4a:group-A2757EF14DC3 changes to CANDIDATE, lastRpcTime:5087, electionTimeout:5087ms
2019-07-13 07:39:06,734 INFO  impl.RoleInfo (RoleInfo.java:shutdownFollowerState(121)) - 1da0944c-e4a6-458e-bf55-5b16341f6a4a: shutdown FollowerState
2019-07-13 07:39:06,734 INFO  impl.RaftServerImpl (RaftServerImpl.java:setRole(171)) - 1da0944c-e4a6-458e-bf55-5b16341f6a4a:group-A2757EF14DC3 changes role from FOLLOWER to CANDIDATE at term 0 for changeToCandidate
2019-07-13 07:39:06,734 INFO  impl.RoleInfo (RoleInfo.java:updateAndGet(143)) - 1da0944c-e4a6-458e-bf55-5b16341f6a4a: start LeaderElection
2019-07-13 07:39:06,755 INFO  impl.LeaderElection (LeaderElection.java:askForVotes(181)) - 1da0944c-e4a6-458e-bf55-5b16341f6a4a:group-A2757EF14DC3:LeaderElection56: begin an election at term 1 for -1: [1da0944c-e4a6-458e-bf55-5b16341f6a4a:192.168.69.84:39724], old=null
2019-07-13 07:39:06,755 INFO  impl.RoleInfo (RoleInfo.java:shutdownLeaderElection(134)) - 1da0944c-e4a6-458e-bf55-5b16341f6a4a: shutdown LeaderElection
2019-07-13 07:39:06,756 INFO  impl.RaftServerImpl (RaftServerImpl.java:setRole(171)) - 1da0944c-e4a6-458e-bf55-5b16341f6a4a:group-A2757EF14DC3 changes role from CANDIDATE to LEADER at term 1 for changeToLeader
2019-07-13 07:39:06,756 INFO  impl.RaftServerImpl (ServerState.java:setLeader(263)) - 1da0944c-e4a6-458e-bf55-5b16341f6a4a:group-A2757EF14DC3 change Leader from null to 1da0944c-e4a6-458e-bf55-5b16341f6a4a at term 1 for becomeLeader, leader elected after 5114ms
2019-07-13 07:39:06,758 INFO  server.RaftServerConfigKeys (ConfUtils.java:logGet(43)) - raft.server.staging.catchup.gap = 1000 (default)
2019-07-13 07:39:06,758 INFO  server.RaftServerConfigKeys (ConfUtils.java:logGet(43)) - raft.server.rpc.sleep.time = 25ms (default)
2019-07-13 07:39:06,758 INFO  server.RaftServerConfigKeys (ConfUtils.java:logGet(43)) - raft.server.write.element-limit = 4096 (default)
2019-07-13 07:39:06,759 INFO  server.RaftServerConfigKeys (ConfUtils.java:logGet(43)) - raft.server.watch.timeout = 10s (default)
2019-07-13 07:39:06,759 INFO  server.RaftServerConfigKeys (ConfUtils.java:logGet(43)) - raft.server.watch.timeout.denomination = 1s (default)
2019-07-13 07:39:06,759 INFO  server.RaftServerConfigKeys (ConfUtils.java:logGet(43)) - raft.server.watch.element-limit = 65536 (default)
2019-07-13 07:39:06,759 INFO  impl.RoleInfo (RoleInfo.java:updateAndGet(143)) - 1da0944c-e4a6-458e-bf55-5b16341f6a4a: start LeaderState
2019-07-13 07:39:06,759 INFO  segmented.SegmentedRaftLogWorker (SegmentedRaftLogWorker.java:startLogSegment(380)) - 1da0944c-e4a6-458e-bf55-5b16341f6a4a-SegmentedRaftLogWorker:Storage Directory /tmp/workdir/hadoop-ozone/integration-test/target/test-dir/MiniOzoneClusterImpl-44c4c997-bfce-4c08-899e-6a5652d50fdd/datanode-3/data/ratis/ab1db055-4207-4c07-9c12-a2757ef14dc3: Starting segment from index:0
2019-07-13 07:39:06,760 INFO  impl.RaftServerImpl (ServerState.java:setRaftConf(361)) - 1da0944c-e4a6-458e-bf55-5b16341f6a4a:group-A2757EF14DC3 set configuration 0: [1da0944c-e4a6-458e-bf55-5b16341f6a4a:192.168.69.84:39724], old=null at 0
2019-07-13 07:39:06,791 INFO  segmented.SegmentedRaftLogWorker (SegmentedRaftLogWorker.java:execute(569)) - 1da0944c-e4a6-458e-bf55-5b16341f6a4a-SegmentedRaftLogWorker:Storage Directory /tmp/workdir/hadoop-ozone/integration-test/target/test-dir/MiniOzoneClusterImpl-44c4c997-bfce-4c08-899e-6a5652d50fdd/datanode-3/data/ratis/ab1db055-4207-4c07-9c12-a2757ef14dc3: created new log segment /tmp/workdir/hadoop-ozone/integration-test/target/test-dir/MiniOzoneClusterImpl-44c4c997-bfce-4c08-899e-6a5652d50fdd/datanode-3/data/ratis/ab1db055-4207-4c07-9c12-a2757ef14dc3/current/log_inprogress_0
2019-07-13 07:39:06,987 INFO  impl.FollowerState (FollowerState.java:run(106)) - 193812a9-ddf0-4c4f-ad33-42e352a506b5:group-84A5627367A8 changes to CANDIDATE, lastRpcTime:5159, electionTimeout:5159ms
2019-07-13 07:39:06,987 INFO  impl.RoleInfo (RoleInfo.java:shutdownFollowerState(121)) - 193812a9-ddf0-4c4f-ad33-42e352a506b5: shutdown FollowerState
2019-07-13 07:39:06,987 INFO  impl.RaftServerImpl (RaftServerImpl.java:setRole(171)) - 193812a9-ddf0-4c4f-ad33-42e352a506b5:group-84A5627367A8 changes role from FOLLOWER to CANDIDATE at term 0 for changeToCandidate
2019-07-13 07:39:06,987 INFO  impl.RoleInfo (RoleInfo.java:updateAndGet(143)) - 193812a9-ddf0-4c4f-ad33-42e352a506b5: start LeaderElection
2019-07-13 07:39:07,009 INFO  impl.LeaderElection (LeaderElection.java:askForVotes(181)) - 193812a9-ddf0-4c4f-ad33-42e352a506b5:group-84A5627367A8:LeaderElection57: begin an election at term 1 for -1: [193812a9-ddf0-4c4f-ad33-42e352a506b5:192.168.69.84:41389], old=null
2019-07-13 07:39:07,009 INFO  impl.RoleInfo (RoleInfo.java:shutdownLeaderElection(134)) - 193812a9-ddf0-4c4f-ad33-42e352a506b5: shutdown LeaderElection
2019-07-13 07:39:07,010 INFO  impl.RaftServerImpl (RaftServerImpl.java:setRole(171)) - 193812a9-ddf0-4c4f-ad33-42e352a506b5:group-84A5627367A8 changes role from CANDIDATE to LEADER at term 1 for changeToLeader
2019-07-13 07:39:07,010 INFO  impl.RaftServerImpl (ServerState.java:setLeader(263)) - 193812a9-ddf0-4c4f-ad33-42e352a506b5:group-84A5627367A8 change Leader from null to 193812a9-ddf0-4c4f-ad33-42e352a506b5 at term 1 for becomeLeader, leader elected after 5187ms
2019-07-13 07:39:07,012 INFO  server.RaftServerConfigKeys (ConfUtils.java:logGet(43)) - raft.server.staging.catchup.gap = 1000 (default)
2019-07-13 07:39:07,012 INFO  server.RaftServerConfigKeys (ConfUtils.java:logGet(43)) - raft.server.rpc.sleep.time = 25ms (default)
2019-07-13 07:39:07,012 INFO  server.RaftServerConfigKeys (ConfUtils.java:logGet(43)) - raft.server.write.element-limit = 4096 (default)
2019-07-13 07:39:07,012 INFO  server.RaftServerConfigKeys (ConfUtils.java:logGet(43)) - raft.server.watch.timeout = 10s (default)
2019-07-13 07:39:07,013 INFO  server.RaftServerConfigKeys (ConfUtils.java:logGet(43)) - raft.server.watch.timeout.denomination = 1s (default)
2019-07-13 07:39:07,013 INFO  server.RaftServerConfigKeys (ConfUtils.java:logGet(43)) - raft.server.watch.element-limit = 65536 (default)
2019-07-13 07:39:07,013 INFO  impl.RoleInfo (RoleInfo.java:updateAndGet(143)) - 193812a9-ddf0-4c4f-ad33-42e352a506b5: start LeaderState
2019-07-13 07:39:07,013 INFO  segmented.SegmentedRaftLogWorker (SegmentedRaftLogWorker.java:startLogSegment(380)) - 193812a9-ddf0-4c4f-ad33-42e352a506b5-SegmentedRaftLogWorker:Storage Directory /tmp/workdir/hadoop-ozone/integration-test/target/test-dir/MiniOzoneClusterImpl-44c4c997-bfce-4c08-899e-6a5652d50fdd/datanode-4/data/ratis/5a590f66-1f69-40d8-8db7-84a5627367a8: Starting segment from index:0
2019-07-13 07:39:07,014 INFO  impl.RaftServerImpl (ServerState.java:setRaftConf(361)) - 193812a9-ddf0-4c4f-ad33-42e352a506b5:group-84A5627367A8 set configuration 0: [193812a9-ddf0-4c4f-ad33-42e352a506b5:192.168.69.84:41389], old=null at 0
2019-07-13 07:39:07,045 INFO  segmented.SegmentedRaftLogWorker (SegmentedRaftLogWorker.java:execute(569)) - 193812a9-ddf0-4c4f-ad33-42e352a506b5-SegmentedRaftLogWorker:Storage Directory /tmp/workdir/hadoop-ozone/integration-test/target/test-dir/MiniOzoneClusterImpl-44c4c997-bfce-4c08-899e-6a5652d50fdd/datanode-4/data/ratis/5a590f66-1f69-40d8-8db7-84a5627367a8: created new log segment /tmp/workdir/hadoop-ozone/integration-test/target/test-dir/MiniOzoneClusterImpl-44c4c997-bfce-4c08-899e-6a5652d50fdd/datanode-4/data/ratis/5a590f66-1f69-40d8-8db7-84a5627367a8/current/log_inprogress_0
2019-07-13 07:39:07,079 INFO  impl.FollowerState (FollowerState.java:run(106)) - 1da0944c-e4a6-458e-bf55-5b16341f6a4a:group-B1150F114F21 changes to CANDIDATE, lastRpcTime:5016, electionTimeout:5016ms
2019-07-13 07:39:07,080 INFO  impl.RoleInfo (RoleInfo.java:shutdownFollowerState(121)) - 1da0944c-e4a6-458e-bf55-5b16341f6a4a: shutdown FollowerState
2019-07-13 07:39:07,080 INFO  impl.RaftServerImpl (RaftServerImpl.java:setRole(171)) - 1da0944c-e4a6-458e-bf55-5b16341f6a4a:group-B1150F114F21 changes role from FOLLOWER to CANDIDATE at term 0 for changeToCandidate
2019-07-13 07:39:07,080 INFO  impl.RoleInfo (RoleInfo.java:updateAndGet(143)) - 1da0944c-e4a6-458e-bf55-5b16341f6a4a: start LeaderElection
2019-07-13 07:39:07,100 INFO  impl.LeaderElection (LeaderElection.java:askForVotes(181)) - 1da0944c-e4a6-458e-bf55-5b16341f6a4a:group-B1150F114F21:LeaderElection58: begin an election at term 1 for -1: [193812a9-ddf0-4c4f-ad33-42e352a506b5:192.168.69.84:41389, e7643d2c-5e46-41d8-8521-588c8d4fa897:192.168.69.84:42330, 1da0944c-e4a6-458e-bf55-5b16341f6a4a:192.168.69.84:39724], old=null
2019-07-13 07:39:07,107 INFO  impl.RaftServerImpl (RaftServerImpl.java:setRole(171)) - e7643d2c-5e46-41d8-8521-588c8d4fa897:group-B1150F114F21 changes role from FOLLOWER to FOLLOWER at term 1 for recognizeCandidate:1da0944c-e4a6-458e-bf55-5b16341f6a4a
2019-07-13 07:39:07,107 INFO  impl.RaftServerImpl (RaftServerImpl.java:setRole(171)) - 193812a9-ddf0-4c4f-ad33-42e352a506b5:group-B1150F114F21 changes role from FOLLOWER to FOLLOWER at term 1 for recognizeCandidate:1da0944c-e4a6-458e-bf55-5b16341f6a4a
2019-07-13 07:39:07,108 INFO  impl.RoleInfo (RoleInfo.java:shutdownFollowerState(121)) - e7643d2c-5e46-41d8-8521-588c8d4fa897: shutdown FollowerState
2019-07-13 07:39:07,108 INFO  impl.RoleInfo (RoleInfo.java:shutdownFollowerState(121)) - 193812a9-ddf0-4c4f-ad33-42e352a506b5: shutdown FollowerState
2019-07-13 07:39:07,108 INFO  impl.FollowerState (FollowerState.java:run(114)) - e7643d2c-5e46-41d8-8521-588c8d4fa897: FollowerState was interrupted: java.lang.InterruptedException: sleep interrupted
2019-07-13 07:39:07,108 INFO  impl.RoleInfo (RoleInfo.java:updateAndGet(143)) - e7643d2c-5e46-41d8-8521-588c8d4fa897: start FollowerState
2019-07-13 07:39:07,108 INFO  impl.FollowerState (FollowerState.java:run(114)) - 193812a9-ddf0-4c4f-ad33-42e352a506b5: FollowerState was interrupted: java.lang.InterruptedException: sleep interrupted
2019-07-13 07:39:07,108 INFO  impl.RoleInfo (RoleInfo.java:updateAndGet(143)) - 193812a9-ddf0-4c4f-ad33-42e352a506b5: start FollowerState
2019-07-13 07:39:07,129 INFO  impl.LeaderElection (LeaderElection.java:logAndReturn(56)) - 1da0944c-e4a6-458e-bf55-5b16341f6a4a:group-B1150F114F21:LeaderElection58: Election PASSED; received 1 response(s) [1da0944c-e4a6-458e-bf55-5b16341f6a4a<-193812a9-ddf0-4c4f-ad33-42e352a506b5#0:OK-t1] and 0 exception(s); 1da0944c-e4a6-458e-bf55-5b16341f6a4a:t1, leader=null, voted=1da0944c-e4a6-458e-bf55-5b16341f6a4a, raftlog=1da0944c-e4a6-458e-bf55-5b16341f6a4a-SegmentedRaftLog:OPENED:c-1,f-1,i0, conf=-1: [193812a9-ddf0-4c4f-ad33-42e352a506b5:192.168.69.84:41389, e7643d2c-5e46-41d8-8521-588c8d4fa897:192.168.69.84:42330, 1da0944c-e4a6-458e-bf55-5b16341f6a4a:192.168.69.84:39724], old=null
2019-07-13 07:39:07,129 INFO  impl.RoleInfo (RoleInfo.java:shutdownLeaderElection(134)) - 1da0944c-e4a6-458e-bf55-5b16341f6a4a: shutdown LeaderElection
2019-07-13 07:39:07,129 INFO  impl.RaftServerImpl (RaftServerImpl.java:setRole(171)) - 1da0944c-e4a6-458e-bf55-5b16341f6a4a:group-B1150F114F21 changes role from CANDIDATE to LEADER at term 1 for changeToLeader
2019-07-13 07:39:07,129 INFO  impl.FollowerState (FollowerState.java:run(106)) - e7643d2c-5e46-41d8-8521-588c8d4fa897:group-19510003FD93 changes to CANDIDATE, lastRpcTime:5133, electionTimeout:5133ms
2019-07-13 07:39:07,129 INFO  impl.RaftServerImpl (ServerState.java:setLeader(263)) - 1da0944c-e4a6-458e-bf55-5b16341f6a4a:group-B1150F114F21 change Leader from null to 1da0944c-e4a6-458e-bf55-5b16341f6a4a at term 1 for becomeLeader, leader elected after 5076ms
2019-07-13 07:39:07,129 INFO  impl.RoleInfo (RoleInfo.java:shutdownFollowerState(121)) - e7643d2c-5e46-41d8-8521-588c8d4fa897: shutdown FollowerState
2019-07-13 07:39:07,130 INFO  server.RaftServerConfigKeys (ConfUtils.java:logGet(43)) - raft.server.staging.catchup.gap = 1000 (default)
2019-07-13 07:39:07,130 INFO  impl.RaftServerImpl (RaftServerImpl.java:setRole(171)) - e7643d2c-5e46-41d8-8521-588c8d4fa897:group-19510003FD93 changes role from FOLLOWER to CANDIDATE at term 0 for changeToCandidate
2019-07-13 07:39:07,130 INFO  server.RaftServerConfigKeys (ConfUtils.java:logGet(43)) - raft.server.rpc.sleep.time = 25ms (default)
2019-07-13 07:39:07,130 INFO  impl.RoleInfo (RoleInfo.java:updateAndGet(143)) - e7643d2c-5e46-41d8-8521-588c8d4fa897: start LeaderElection
2019-07-13 07:39:07,130 INFO  server.RaftServerConfigKeys (ConfUtils.java:logGet(43)) - raft.server.write.element-limit = 4096 (default)
2019-07-13 07:39:07,130 INFO  server.RaftServerConfigKeys (ConfUtils.java:logGet(43)) - raft.server.watch.timeout = 10s (default)
2019-07-13 07:39:07,130 INFO  server.RaftServerConfigKeys (ConfUtils.java:logGet(43)) - raft.server.watch.timeout.denomination = 1s (default)
2019-07-13 07:39:07,137 INFO  server.RaftServerConfigKeys (ConfUtils.java:logGet(43)) - raft.server.watch.element-limit = 65536 (default)
2019-07-13 07:39:07,137 INFO  server.RaftServerConfigKeys (ConfUtils.java:logGet(43)) - raft.server.log.appender.snapshot.chunk.size.max = 16MB (=16777216) (default)
2019-07-13 07:39:07,138 INFO  server.RaftServerConfigKeys (ConfUtils.java:logGet(43)) - raft.server.log.appender.buffer.byte-limit = 33554432 (custom)
2019-07-13 07:39:07,138 INFO  server.RaftServerConfigKeys (ConfUtils.java:logGet(43)) - raft.server.log.appender.buffer.element-limit = 1 (custom)
2019-07-13 07:39:07,138 INFO  grpc.GrpcConfigKeys$Server (ConfUtils.java:logGet(43)) - raft.grpc.server.leader.outstanding.appends.max = 128 (default)
2019-07-13 07:39:07,138 INFO  server.RaftServerConfigKeys (ConfUtils.java:logGet(43)) - raft.server.rpc.request.timeout = 3000ms (default)
2019-07-13 07:39:07,138 INFO  server.RaftServerConfigKeys (ConfUtils.java:logGet(43)) - raft.server.log.appender.install.snapshot.enabled = false (custom)
2019-07-13 07:39:07,139 INFO  server.RaftServerConfigKeys (ConfUtils.java:logGet(43)) - raft.server.log.appender.snapshot.chunk.size.max = 16MB (=16777216) (default)
2019-07-13 07:39:07,139 INFO  server.RaftServerConfigKeys (ConfUtils.java:logGet(43)) - raft.server.log.appender.buffer.byte-limit = 33554432 (custom)
2019-07-13 07:39:07,139 INFO  server.RaftServerConfigKeys (ConfUtils.java:logGet(43)) - raft.server.log.appender.buffer.element-limit = 1 (custom)
2019-07-13 07:39:07,139 INFO  grpc.GrpcConfigKeys$Server (ConfUtils.java:logGet(43)) - raft.grpc.server.leader.outstanding.appends.max = 128 (default)
2019-07-13 07:39:07,139 INFO  server.RaftServerConfigKeys (ConfUtils.java:logGet(43)) - raft.server.rpc.request.timeout = 3000ms (default)
2019-07-13 07:39:07,139 INFO  server.RaftServerConfigKeys (ConfUtils.java:logGet(43)) - raft.server.log.appender.install.snapshot.enabled = false (custom)
2019-07-13 07:39:07,140 INFO  impl.RoleInfo (RoleInfo.java:updateAndGet(143)) - 1da0944c-e4a6-458e-bf55-5b16341f6a4a: start LeaderState
2019-07-13 07:39:07,140 INFO  segmented.SegmentedRaftLogWorker (SegmentedRaftLogWorker.java:startLogSegment(380)) - 1da0944c-e4a6-458e-bf55-5b16341f6a4a-SegmentedRaftLogWorker:Storage Directory /tmp/workdir/hadoop-ozone/integration-test/target/test-dir/MiniOzoneClusterImpl-44c4c997-bfce-4c08-899e-6a5652d50fdd/datanode-3/data/ratis/e5a2e8a1-307d-4c5a-87e5-b1150f114f21: Starting segment from index:0
2019-07-13 07:39:07,141 INFO  impl.RaftServerImpl (ServerState.java:setRaftConf(361)) - 1da0944c-e4a6-458e-bf55-5b16341f6a4a:group-B1150F114F21 set configuration 0: [193812a9-ddf0-4c4f-ad33-42e352a506b5:192.168.69.84:41389, e7643d2c-5e46-41d8-8521-588c8d4fa897:192.168.69.84:42330, 1da0944c-e4a6-458e-bf55-5b16341f6a4a:192.168.69.84:39724], old=null at 0
2019-07-13 07:39:07,162 INFO  impl.LeaderElection (LeaderElection.java:askForVotes(181)) - e7643d2c-5e46-41d8-8521-588c8d4fa897:group-19510003FD93:LeaderElection59: begin an election at term 1 for -1: [e7643d2c-5e46-41d8-8521-588c8d4fa897:192.168.69.84:42330], old=null
2019-07-13 07:39:07,162 INFO  impl.RoleInfo (RoleInfo.java:shutdownLeaderElection(134)) - e7643d2c-5e46-41d8-8521-588c8d4fa897: shutdown LeaderElection
2019-07-13 07:39:07,162 INFO  impl.RaftServerImpl (ServerState.java:setLeader(263)) - e7643d2c-5e46-41d8-8521-588c8d4fa897:group-B1150F114F21 change Leader from null to 1da0944c-e4a6-458e-bf55-5b16341f6a4a at term 1 for appendEntries, leader elected after 5109ms
2019-07-13 07:39:07,162 INFO  impl.RaftServerImpl (RaftServerImpl.java:setRole(171)) - e7643d2c-5e46-41d8-8521-588c8d4fa897:group-19510003FD93 changes role from CANDIDATE to LEADER at term 1 for changeToLeader
2019-07-13 07:39:07,163 INFO  impl.RaftServerImpl (ServerState.java:setLeader(263)) - e7643d2c-5e46-41d8-8521-588c8d4fa897:group-19510003FD93 change Leader from null to e7643d2c-5e46-41d8-8521-588c8d4fa897 at term 1 for becomeLeader, leader elected after 5171ms
2019-07-13 07:39:07,162 INFO  impl.RaftServerImpl (ServerState.java:setLeader(263)) - 193812a9-ddf0-4c4f-ad33-42e352a506b5:group-B1150F114F21 change Leader from null to 1da0944c-e4a6-458e-bf55-5b16341f6a4a at term 1 for appendEntries, leader elected after 5109ms
2019-07-13 07:39:07,165 INFO  server.RaftServerConfigKeys (ConfUtils.java:logGet(43)) - raft.server.staging.catchup.gap = 1000 (default)
2019-07-13 07:39:07,165 INFO  server.RaftServerConfigKeys (ConfUtils.java:logGet(43)) - raft.server.rpc.sleep.time = 25ms (default)
2019-07-13 07:39:07,166 INFO  server.RaftServerConfigKeys (ConfUtils.java:logGet(43)) - raft.server.write.element-limit = 4096 (default)
2019-07-13 07:39:07,166 INFO  server.RaftServerConfigKeys (ConfUtils.java:logGet(43)) - raft.server.watch.timeout = 10s (default)
2019-07-13 07:39:07,166 INFO  server.RaftServerConfigKeys (ConfUtils.java:logGet(43)) - raft.server.watch.timeout.denomination = 1s (default)
2019-07-13 07:39:07,166 INFO  server.RaftServerConfigKeys (ConfUtils.java:logGet(43)) - raft.server.watch.element-limit = 65536 (default)
2019-07-13 07:39:07,166 INFO  impl.RoleInfo (RoleInfo.java:updateAndGet(143)) - e7643d2c-5e46-41d8-8521-588c8d4fa897: start LeaderState
2019-07-13 07:39:07,167 INFO  segmented.SegmentedRaftLogWorker (SegmentedRaftLogWorker.java:startLogSegment(380)) - e7643d2c-5e46-41d8-8521-588c8d4fa897-SegmentedRaftLogWorker:Storage Directory /tmp/workdir/hadoop-ozone/integration-test/target/test-dir/MiniOzoneClusterImpl-44c4c997-bfce-4c08-899e-6a5652d50fdd/datanode-5/data/ratis/a0a14141-46c4-43fd-a913-19510003fd93: Starting segment from index:0
2019-07-13 07:39:07,167 INFO  impl.RaftServerImpl (ServerState.java:setRaftConf(361)) - e7643d2c-5e46-41d8-8521-588c8d4fa897:group-B1150F114F21 set configuration 0: [193812a9-ddf0-4c4f-ad33-42e352a506b5:192.168.69.84:41389, e7643d2c-5e46-41d8-8521-588c8d4fa897:192.168.69.84:42330, 1da0944c-e4a6-458e-bf55-5b16341f6a4a:192.168.69.84:39724], old=null at 0
2019-07-13 07:39:07,167 INFO  impl.RaftServerImpl (ServerState.java:setRaftConf(361)) - 193812a9-ddf0-4c4f-ad33-42e352a506b5:group-B1150F114F21 set configuration 0: [193812a9-ddf0-4c4f-ad33-42e352a506b5:192.168.69.84:41389, e7643d2c-5e46-41d8-8521-588c8d4fa897:192.168.69.84:42330, 1da0944c-e4a6-458e-bf55-5b16341f6a4a:192.168.69.84:39724], old=null at 0
2019-07-13 07:39:07,167 INFO  impl.RaftServerImpl (ServerState.java:setRaftConf(361)) - e7643d2c-5e46-41d8-8521-588c8d4fa897:group-19510003FD93 set configuration 0: [e7643d2c-5e46-41d8-8521-588c8d4fa897:192.168.69.84:42330], old=null at 0
2019-07-13 07:39:07,167 INFO  segmented.SegmentedRaftLogWorker (SegmentedRaftLogWorker.java:startLogSegment(380)) - e7643d2c-5e46-41d8-8521-588c8d4fa897-SegmentedRaftLogWorker:Storage Directory /tmp/workdir/hadoop-ozone/integration-test/target/test-dir/MiniOzoneClusterImpl-44c4c997-bfce-4c08-899e-6a5652d50fdd/datanode-5/data/ratis/e5a2e8a1-307d-4c5a-87e5-b1150f114f21: Starting segment from index:0
2019-07-13 07:39:07,167 INFO  segmented.SegmentedRaftLogWorker (SegmentedRaftLogWorker.java:startLogSegment(380)) - 193812a9-ddf0-4c4f-ad33-42e352a506b5-SegmentedRaftLogWorker:Storage Directory /tmp/workdir/hadoop-ozone/integration-test/target/test-dir/MiniOzoneClusterImpl-44c4c997-bfce-4c08-899e-6a5652d50fdd/datanode-4/data/ratis/e5a2e8a1-307d-4c5a-87e5-b1150f114f21: Starting segment from index:0
2019-07-13 07:39:07,168 INFO  segmented.SegmentedRaftLogWorker (SegmentedRaftLogWorker.java:execute(569)) - 1da0944c-e4a6-458e-bf55-5b16341f6a4a-SegmentedRaftLogWorker:Storage Directory /tmp/workdir/hadoop-ozone/integration-test/target/test-dir/MiniOzoneClusterImpl-44c4c997-bfce-4c08-899e-6a5652d50fdd/datanode-3/data/ratis/e5a2e8a1-307d-4c5a-87e5-b1150f114f21: created new log segment /tmp/workdir/hadoop-ozone/integration-test/target/test-dir/MiniOzoneClusterImpl-44c4c997-bfce-4c08-899e-6a5652d50fdd/datanode-3/data/ratis/e5a2e8a1-307d-4c5a-87e5-b1150f114f21/current/log_inprogress_0
2019-07-13 07:39:07,207 INFO  segmented.SegmentedRaftLogWorker (SegmentedRaftLogWorker.java:execute(569)) - 193812a9-ddf0-4c4f-ad33-42e352a506b5-SegmentedRaftLogWorker:Storage Directory /tmp/workdir/hadoop-ozone/integration-test/target/test-dir/MiniOzoneClusterImpl-44c4c997-bfce-4c08-899e-6a5652d50fdd/datanode-4/data/ratis/e5a2e8a1-307d-4c5a-87e5-b1150f114f21: created new log segment /tmp/workdir/hadoop-ozone/integration-test/target/test-dir/MiniOzoneClusterImpl-44c4c997-bfce-4c08-899e-6a5652d50fdd/datanode-4/data/ratis/e5a2e8a1-307d-4c5a-87e5-b1150f114f21/current/log_inprogress_0
2019-07-13 07:39:07,207 INFO  segmented.SegmentedRaftLogWorker (SegmentedRaftLogWorker.java:execute(569)) - e7643d2c-5e46-41d8-8521-588c8d4fa897-SegmentedRaftLogWorker:Storage Directory /tmp/workdir/hadoop-ozone/integration-test/target/test-dir/MiniOzoneClusterImpl-44c4c997-bfce-4c08-899e-6a5652d50fdd/datanode-5/data/ratis/e5a2e8a1-307d-4c5a-87e5-b1150f114f21: created new log segment /tmp/workdir/hadoop-ozone/integration-test/target/test-dir/MiniOzoneClusterImpl-44c4c997-bfce-4c08-899e-6a5652d50fdd/datanode-5/data/ratis/e5a2e8a1-307d-4c5a-87e5-b1150f114f21/current/log_inprogress_0
2019-07-13 07:39:07,207 INFO  segmented.SegmentedRaftLogWorker (SegmentedRaftLogWorker.java:execute(569)) - e7643d2c-5e46-41d8-8521-588c8d4fa897-SegmentedRaftLogWorker:Storage Directory /tmp/workdir/hadoop-ozone/integration-test/target/test-dir/MiniOzoneClusterImpl-44c4c997-bfce-4c08-899e-6a5652d50fdd/datanode-5/data/ratis/a0a14141-46c4-43fd-a913-19510003fd93: created new log segment /tmp/workdir/hadoop-ozone/integration-test/target/test-dir/MiniOzoneClusterImpl-44c4c997-bfce-4c08-899e-6a5652d50fdd/datanode-5/data/ratis/a0a14141-46c4-43fd-a913-19510003fd93/current/log_inprogress_0
2019-07-13 07:39:07,213 INFO  impl.FollowerState (FollowerState.java:run(106)) - 584e26fa-9fa2-4a20-8f9d-b73519ac6aab:group-2003F389307E changes to CANDIDATE, lastRpcTime:5049, electionTimeout:5049ms
2019-07-13 07:39:07,213 INFO  impl.RoleInfo (RoleInfo.java:shutdownFollowerState(121)) - 584e26fa-9fa2-4a20-8f9d-b73519ac6aab: shutdown FollowerState
2019-07-13 07:39:07,213 INFO  impl.RaftServerImpl (RaftServerImpl.java:setRole(171)) - 584e26fa-9fa2-4a20-8f9d-b73519ac6aab:group-2003F389307E changes role from FOLLOWER to CANDIDATE at term 0 for changeToCandidate
2019-07-13 07:39:07,213 INFO  impl.RoleInfo (RoleInfo.java:updateAndGet(143)) - 584e26fa-9fa2-4a20-8f9d-b73519ac6aab: start LeaderElection
2019-07-13 07:39:07,234 INFO  impl.LeaderElection (LeaderElection.java:askForVotes(181)) - 584e26fa-9fa2-4a20-8f9d-b73519ac6aab:group-2003F389307E:LeaderElection60: begin an election at term 1 for -1: [584e26fa-9fa2-4a20-8f9d-b73519ac6aab:192.168.69.84:37599], old=null
2019-07-13 07:39:07,234 INFO  impl.RoleInfo (RoleInfo.java:shutdownLeaderElection(134)) - 584e26fa-9fa2-4a20-8f9d-b73519ac6aab: shutdown LeaderElection
2019-07-13 07:39:07,234 INFO  impl.RaftServerImpl (RaftServerImpl.java:setRole(171)) - 584e26fa-9fa2-4a20-8f9d-b73519ac6aab:group-2003F389307E changes role from CANDIDATE to LEADER at term 1 for changeToLeader
2019-07-13 07:39:07,234 INFO  impl.RaftServerImpl (ServerState.java:setLeader(263)) - 584e26fa-9fa2-4a20-8f9d-b73519ac6aab:group-2003F389307E change Leader from null to 584e26fa-9fa2-4a20-8f9d-b73519ac6aab at term 1 for becomeLeader, leader elected after 5074ms
2019-07-13 07:39:07,236 INFO  server.RaftServerConfigKeys (ConfUtils.java:logGet(43)) - raft.server.staging.catchup.gap = 1000 (default)
2019-07-13 07:39:07,236 INFO  server.RaftServerConfigKeys (ConfUtils.java:logGet(43)) - raft.server.rpc.sleep.time = 25ms (default)
2019-07-13 07:39:07,236 INFO  server.RaftServerConfigKeys (ConfUtils.java:logGet(43)) - raft.server.write.element-limit = 4096 (default)
2019-07-13 07:39:07,236 INFO  server.RaftServerConfigKeys (ConfUtils.java:logGet(43)) - raft.server.watch.timeout = 10s (default)
2019-07-13 07:39:07,237 INFO  server.RaftServerConfigKeys (ConfUtils.java:logGet(43)) - raft.server.watch.timeout.denomination = 1s (default)
2019-07-13 07:39:07,237 INFO  server.RaftServerConfigKeys (ConfUtils.java:logGet(43)) - raft.server.watch.element-limit = 65536 (default)
2019-07-13 07:39:07,237 INFO  impl.RoleInfo (RoleInfo.java:updateAndGet(143)) - 584e26fa-9fa2-4a20-8f9d-b73519ac6aab: start LeaderState
2019-07-13 07:39:07,237 INFO  segmented.SegmentedRaftLogWorker (SegmentedRaftLogWorker.java:startLogSegment(380)) - 584e26fa-9fa2-4a20-8f9d-b73519ac6aab-SegmentedRaftLogWorker:Storage Directory /tmp/workdir/hadoop-ozone/integration-test/target/test-dir/MiniOzoneClusterImpl-44c4c997-bfce-4c08-899e-6a5652d50fdd/datanode-6/data/ratis/7638e9a5-1991-4eb6-98d4-2003f389307e: Starting segment from index:0
2019-07-13 07:39:07,238 INFO  impl.RaftServerImpl (ServerState.java:setRaftConf(361)) - 584e26fa-9fa2-4a20-8f9d-b73519ac6aab:group-2003F389307E set configuration 0: [584e26fa-9fa2-4a20-8f9d-b73519ac6aab:192.168.69.84:37599], old=null at 0
2019-07-13 07:39:07,281 INFO  segmented.SegmentedRaftLogWorker (SegmentedRaftLogWorker.java:execute(569)) - 584e26fa-9fa2-4a20-8f9d-b73519ac6aab-SegmentedRaftLogWorker:Storage Directory /tmp/workdir/hadoop-ozone/integration-test/target/test-dir/MiniOzoneClusterImpl-44c4c997-bfce-4c08-899e-6a5652d50fdd/datanode-6/data/ratis/7638e9a5-1991-4eb6-98d4-2003f389307e: created new log segment /tmp/workdir/hadoop-ozone/integration-test/target/test-dir/MiniOzoneClusterImpl-44c4c997-bfce-4c08-899e-6a5652d50fdd/datanode-6/data/ratis/7638e9a5-1991-4eb6-98d4-2003f389307e/current/log_inprogress_0
2019-07-13 07:39:07,343 INFO  client.GrpcClientProtocolClient (GrpcClientProtocolClient.java:onNext(255)) - client-C5057E311D87->b8ec8f7f-5885-438b-bffb-7679c525b3f1: receive RaftClientReply:client-C5057E311D87->b8ec8f7f-5885-438b-bffb-7679c525b3f1@group-71A747149DB6, cid=142, SUCCESS, logIndex=1, commits[b8ec8f7f-5885-438b-bffb-7679c525b3f1:c2]
2019-07-13 07:39:07,368 INFO  client.GrpcClientProtocolClient (GrpcClientProtocolClient.java:onNext(255)) - client-C5057E311D87->b8ec8f7f-5885-438b-bffb-7679c525b3f1: receive RaftClientReply:client-C5057E311D87->b8ec8f7f-5885-438b-bffb-7679c525b3f1@group-71A747149DB6, cid=143, SUCCESS, logIndex=3, commits[b8ec8f7f-5885-438b-bffb-7679c525b3f1:c3]
2019-07-13 07:39:07,418 INFO  client.GrpcClientProtocolClient (GrpcClientProtocolClient.java:onNext(255)) - client-C5057E311D87->b8ec8f7f-5885-438b-bffb-7679c525b3f1: receive RaftClientReply:client-C5057E311D87->b8ec8f7f-5885-438b-bffb-7679c525b3f1@group-71A747149DB6, cid=144, SUCCESS, logIndex=4, commits[b8ec8f7f-5885-438b-bffb-7679c525b3f1:c9]
2019-07-13 07:39:07,418 INFO  client.GrpcClientProtocolClient (GrpcClientProtocolClient.java:onNext(255)) - client-C5057E311D87->b8ec8f7f-5885-438b-bffb-7679c525b3f1: receive RaftClientReply:client-C5057E311D87->b8ec8f7f-5885-438b-bffb-7679c525b3f1@group-71A747149DB6, cid=145, SUCCESS, logIndex=5, commits[b8ec8f7f-5885-438b-bffb-7679c525b3f1:c9]
2019-07-13 07:39:07,422 INFO  client.GrpcClientProtocolClient (GrpcClientProtocolClient.java:onNext(255)) - client-C5057E311D87->b8ec8f7f-5885-438b-bffb-7679c525b3f1: receive RaftClientReply:client-C5057E311D87->b8ec8f7f-5885-438b-bffb-7679c525b3f1@group-71A747149DB6, cid=146, SUCCESS, logIndex=6, commits[b8ec8f7f-5885-438b-bffb-7679c525b3f1:c9]
2019-07-13 07:39:07,423 INFO  client.GrpcClientProtocolClient (GrpcClientProtocolClient.java:onNext(255)) - client-C5057E311D87->b8ec8f7f-5885-438b-bffb-7679c525b3f1: receive RaftClientReply:client-C5057E311D87->b8ec8f7f-5885-438b-bffb-7679c525b3f1@group-71A747149DB6, cid=147, SUCCESS, logIndex=7, commits[b8ec8f7f-5885-438b-bffb-7679c525b3f1:c9]
2019-07-13 07:39:07,453 INFO  client.GrpcClientProtocolClient (GrpcClientProtocolClient.java:onNext(255)) - client-C5057E311D87->b8ec8f7f-5885-438b-bffb-7679c525b3f1: receive RaftClientReply:client-C5057E311D87->b8ec8f7f-5885-438b-bffb-7679c525b3f1@group-71A747149DB6, cid=148, SUCCESS, logIndex=10, commits[b8ec8f7f-5885-438b-bffb-7679c525b3f1:c11]
2019-07-13 07:39:07,454 INFO  client.GrpcClientProtocolClient (GrpcClientProtocolClient.java:onNext(255)) - client-C5057E311D87->b8ec8f7f-5885-438b-bffb-7679c525b3f1: receive RaftClientReply:client-C5057E311D87->b8ec8f7f-5885-438b-bffb-7679c525b3f1@group-71A747149DB6, cid=149, SUCCESS, logIndex=11, commits[b8ec8f7f-5885-438b-bffb-7679c525b3f1:c12]
2019-07-13 07:39:07,457 INFO  container.CloseContainerEventHandler (CloseContainerEventHandler.java:onMessage(61)) - Close container Event triggered for container : #1
2019-07-13 07:39:09,412 INFO  interfaces.Container (KeyValueContainer.java:compactDB(356)) - Container 1 is closed with bcsId 11.
07:39:09.463 [grpc-default-executor-6] ERROR DNAudit - user=null | ip=null | op=WRITE_CHUNK {blockData=conID: 1 locID: 102433000207286283 bcsId: 11} | ret=FAILURE
org.apache.hadoop.hdds.scm.container.common.helpers.ContainerNotOpenException: Container 1 in CLOSED state
	at org.apache.hadoop.ozone.container.common.impl.HddsDispatcher.validateContainerCommand(HddsDispatcher.java:408) ~[hadoop-hdds-container-service-0.5.0-SNAPSHOT.jar:?]
	at org.apache.hadoop.ozone.container.common.transport.server.ratis.ContainerStateMachine.startTransaction(ContainerStateMachine.java:271) ~[hadoop-hdds-container-service-0.5.0-SNAPSHOT.jar:?]
	at org.apache.ratis.server.impl.RaftServerImpl.submitClientRequestAsync(RaftServerImpl.java:566) ~[ratis-server-0.4.0-2337318-SNAPSHOT.jar:0.4.0-2337318-SNAPSHOT]
	at org.apache.ratis.server.impl.RaftServerProxy.lambda$submitClientRequestAsync$7(RaftServerProxy.java:333) ~[ratis-server-0.4.0-2337318-SNAPSHOT.jar:0.4.0-2337318-SNAPSHOT]
	at org.apache.ratis.server.impl.RaftServerProxy.lambda$null$5(RaftServerProxy.java:328) ~[ratis-server-0.4.0-2337318-SNAPSHOT.jar:0.4.0-2337318-SNAPSHOT]
	at org.apache.ratis.util.JavaUtils.callAsUnchecked(JavaUtils.java:109) ~[ratis-common-0.4.0-2337318-SNAPSHOT.jar:0.4.0-2337318-SNAPSHOT]
	at org.apache.ratis.server.impl.RaftServerProxy.lambda$submitRequest$6(RaftServerProxy.java:328) ~[ratis-server-0.4.0-2337318-SNAPSHOT.jar:0.4.0-2337318-SNAPSHOT]
	at java.util.concurrent.CompletableFuture.uniComposeStage(CompletableFuture.java:981) ~[?:1.8.0_212]
	at java.util.concurrent.CompletableFuture.thenCompose(CompletableFuture.java:2124) ~[?:1.8.0_212]
	at org.apache.ratis.server.impl.RaftServerProxy.submitRequest(RaftServerProxy.java:327) ~[ratis-server-0.4.0-2337318-SNAPSHOT.jar:0.4.0-2337318-SNAPSHOT]
	at org.apache.ratis.server.impl.RaftServerProxy.submitClientRequestAsync(RaftServerProxy.java:333) ~[ratis-server-0.4.0-2337318-SNAPSHOT.jar:0.4.0-2337318-SNAPSHOT]
	at org.apache.ratis.grpc.client.GrpcClientProtocolService$RequestStreamObserver.processClientRequest(GrpcClientProtocolService.java:220) ~[ratis-grpc-0.4.0-2337318-SNAPSHOT.jar:0.4.0-2337318-SNAPSHOT]
	at org.apache.ratis.grpc.client.GrpcClientProtocolService$OrderedRequestStreamObserver.processClientRequest(GrpcClientProtocolService.java:326) ~[ratis-grpc-0.4.0-2337318-SNAPSHOT.jar:0.4.0-2337318-SNAPSHOT]
	at org.apache.ratis.util.SlidingWindow$Server.processRequestsFromHead(SlidingWindow.java:429) [ratis-common-0.4.0-2337318-SNAPSHOT.jar:0.4.0-2337318-SNAPSHOT]
	at org.apache.ratis.util.SlidingWindow$Server.receivedRequest(SlidingWindow.java:421) [ratis-common-0.4.0-2337318-SNAPSHOT.jar:0.4.0-2337318-SNAPSHOT]
	at org.apache.ratis.grpc.client.GrpcClientProtocolService$OrderedRequestStreamObserver.processClientRequest(GrpcClientProtocolService.java:345) [ratis-grpc-0.4.0-2337318-SNAPSHOT.jar:0.4.0-2337318-SNAPSHOT]
	at org.apache.ratis.grpc.client.GrpcClientProtocolService$RequestStreamObserver.onNext(GrpcClientProtocolService.java:240) [ratis-grpc-0.4.0-2337318-SNAPSHOT.jar:0.4.0-2337318-SNAPSHOT]
	at org.apache.ratis.grpc.client.GrpcClientProtocolService$RequestStreamObserver.onNext(GrpcClientProtocolService.java:168) [ratis-grpc-0.4.0-2337318-SNAPSHOT.jar:0.4.0-2337318-SNAPSHOT]
	at org.apache.ratis.thirdparty.io.grpc.stub.ServerCalls$StreamingServerCallHandler$StreamingServerCallListener.onMessage(ServerCalls.java:248) [ratis-thirdparty-misc-0.2.0.jar:0.2.0]
	at org.apache.ratis.thirdparty.io.grpc.internal.ServerCallImpl$ServerStreamListenerImpl.messagesAvailable(ServerCallImpl.java:263) [ratis-thirdparty-misc-0.2.0.jar:0.2.0]
	at org.apache.ratis.thirdparty.io.grpc.internal.ServerImpl$JumpToApplicationThreadServerStreamListener$1MessagesAvailable.runInContext(ServerImpl.java:686) [ratis-thirdparty-misc-0.2.0.jar:0.2.0]
	at org.apache.ratis.thirdparty.io.grpc.internal.ContextRunnable.run(ContextRunnable.java:37) [ratis-thirdparty-misc-0.2.0.jar:0.2.0]
	at org.apache.ratis.thirdparty.io.grpc.internal.SerializingExecutor.run(SerializingExecutor.java:123) [ratis-thirdparty-misc-0.2.0.jar:0.2.0]
	at java.util.concurrent.ThreadPoolExecutor.runWorker(ThreadPoolExecutor.java:1149) [?:1.8.0_212]
	at java.util.concurrent.ThreadPoolExecutor$Worker.run(ThreadPoolExecutor.java:624) [?:1.8.0_212]
	at java.lang.Thread.run(Thread.java:748) [?:1.8.0_212]
07:39:09.494 [grpc-default-executor-6] ERROR DNAudit - user=null | ip=null | op=WRITE_CHUNK {blockData=conID: 1 locID: 102433000207286283 bcsId: 11} | ret=FAILURE
org.apache.hadoop.hdds.scm.container.common.helpers.ContainerNotOpenException: Container 1 in CLOSED state
	at org.apache.hadoop.ozone.container.common.impl.HddsDispatcher.validateContainerCommand(HddsDispatcher.java:408) ~[hadoop-hdds-container-service-0.5.0-SNAPSHOT.jar:?]
	at org.apache.hadoop.ozone.container.common.transport.server.ratis.ContainerStateMachine.startTransaction(ContainerStateMachine.java:271) ~[hadoop-hdds-container-service-0.5.0-SNAPSHOT.jar:?]
	at org.apache.ratis.server.impl.RaftServerImpl.submitClientRequestAsync(RaftServerImpl.java:566) ~[ratis-server-0.4.0-2337318-SNAPSHOT.jar:0.4.0-2337318-SNAPSHOT]
	at org.apache.ratis.server.impl.RaftServerProxy.lambda$submitClientRequestAsync$7(RaftServerProxy.java:333) ~[ratis-server-0.4.0-2337318-SNAPSHOT.jar:0.4.0-2337318-SNAPSHOT]
	at org.apache.ratis.server.impl.RaftServerProxy.lambda$null$5(RaftServerProxy.java:328) ~[ratis-server-0.4.0-2337318-SNAPSHOT.jar:0.4.0-2337318-SNAPSHOT]
	at org.apache.ratis.util.JavaUtils.callAsUnchecked(JavaUtils.java:109) ~[ratis-common-0.4.0-2337318-SNAPSHOT.jar:0.4.0-2337318-SNAPSHOT]
	at org.apache.ratis.server.impl.RaftServerProxy.lambda$submitRequest$6(RaftServerProxy.java:328) ~[ratis-server-0.4.0-2337318-SNAPSHOT.jar:0.4.0-2337318-SNAPSHOT]
	at java.util.concurrent.CompletableFuture.uniComposeStage(CompletableFuture.java:981) ~[?:1.8.0_212]
	at java.util.concurrent.CompletableFuture.thenCompose(CompletableFuture.java:2124) ~[?:1.8.0_212]
	at org.apache.ratis.server.impl.RaftServerProxy.submitRequest(RaftServerProxy.java:327) ~[ratis-server-0.4.0-2337318-SNAPSHOT.jar:0.4.0-2337318-SNAPSHOT]
	at org.apache.ratis.server.impl.RaftServerProxy.submitClientRequestAsync(RaftServerProxy.java:333) ~[ratis-server-0.4.0-2337318-SNAPSHOT.jar:0.4.0-2337318-SNAPSHOT]
	at org.apache.ratis.grpc.client.GrpcClientProtocolService$RequestStreamObserver.processClientRequest(GrpcClientProtocolService.java:220) ~[ratis-grpc-0.4.0-2337318-SNAPSHOT.jar:0.4.0-2337318-SNAPSHOT]
	at org.apache.ratis.grpc.client.GrpcClientProtocolService$OrderedRequestStreamObserver.processClientRequest(GrpcClientProtocolService.java:326) ~[ratis-grpc-0.4.0-2337318-SNAPSHOT.jar:0.4.0-2337318-SNAPSHOT]
	at org.apache.ratis.util.SlidingWindow$Server.processRequestsFromHead(SlidingWindow.java:429) [ratis-common-0.4.0-2337318-SNAPSHOT.jar:0.4.0-2337318-SNAPSHOT]
	at org.apache.ratis.util.SlidingWindow$Server.receivedRequest(SlidingWindow.java:421) [ratis-common-0.4.0-2337318-SNAPSHOT.jar:0.4.0-2337318-SNAPSHOT]
	at org.apache.ratis.grpc.client.GrpcClientProtocolService$OrderedRequestStreamObserver.processClientRequest(GrpcClientProtocolService.java:345) [ratis-grpc-0.4.0-2337318-SNAPSHOT.jar:0.4.0-2337318-SNAPSHOT]
	at org.apache.ratis.grpc.client.GrpcClientProtocolService$RequestStreamObserver.onNext(GrpcClientProtocolService.java:240) [ratis-grpc-0.4.0-2337318-SNAPSHOT.jar:0.4.0-2337318-SNAPSHOT]
	at org.apache.ratis.grpc.client.GrpcClientProtocolService$RequestStreamObserver.onNext(GrpcClientProtocolService.java:168) [ratis-grpc-0.4.0-2337318-SNAPSHOT.jar:0.4.0-2337318-SNAPSHOT]
	at org.apache.ratis.thirdparty.io.grpc.stub.ServerCalls$StreamingServerCallHandler$StreamingServerCallListener.onMessage(ServerCalls.java:248) [ratis-thirdparty-misc-0.2.0.jar:0.2.0]
	at org.apache.ratis.thirdparty.io.grpc.internal.ServerCallImpl$ServerStreamListenerImpl.messagesAvailable(ServerCallImpl.java:263) [ratis-thirdparty-misc-0.2.0.jar:0.2.0]
	at org.apache.ratis.thirdparty.io.grpc.internal.ServerImpl$JumpToApplicationThreadServerStreamListener$1MessagesAvailable.runInContext(ServerImpl.java:686) [ratis-thirdparty-misc-0.2.0.jar:0.2.0]
	at org.apache.ratis.thirdparty.io.grpc.internal.ContextRunnable.run(ContextRunnable.java:37) [ratis-thirdparty-misc-0.2.0.jar:0.2.0]
	at org.apache.ratis.thirdparty.io.grpc.internal.SerializingExecutor.run(SerializingExecutor.java:123) [ratis-thirdparty-misc-0.2.0.jar:0.2.0]
	at java.util.concurrent.ThreadPoolExecutor.runWorker(ThreadPoolExecutor.java:1149) [?:1.8.0_212]
	at java.util.concurrent.ThreadPoolExecutor$Worker.run(ThreadPoolExecutor.java:624) [?:1.8.0_212]
	at java.lang.Thread.run(Thread.java:748) [?:1.8.0_212]
2019-07-13 07:39:09,500 INFO  client.GrpcClientProtocolClient (GrpcClientProtocolClient.java:onNext(255)) - client-C5057E311D87->b8ec8f7f-5885-438b-bffb-7679c525b3f1: receive RaftClientReply:client-C5057E311D87->b8ec8f7f-5885-438b-bffb-7679c525b3f1@group-71A747149DB6, cid=150, FAILED org.apache.ratis.protocol.StateMachineException: org.apache.hadoop.hdds.scm.container.common.helpers.ContainerNotOpenException from Server b8ec8f7f-5885-438b-bffb-7679c525b3f1: Container 1 in CLOSED state, logIndex=0, commits[b8ec8f7f-5885-438b-bffb-7679c525b3f1:c15]
07:39:09.502 [grpc-default-executor-6] ERROR DNAudit - user=null | ip=null | op=PUT_BLOCK {blockData=[blockId=conID: 1 locID: 102433000207286283 bcsId: 0,size=650]} | ret=FAILURE
org.apache.hadoop.hdds.scm.container.common.helpers.ContainerNotOpenException: Container 1 in CLOSED state
	at org.apache.hadoop.ozone.container.common.impl.HddsDispatcher.validateContainerCommand(HddsDispatcher.java:408) ~[hadoop-hdds-container-service-0.5.0-SNAPSHOT.jar:?]
	at org.apache.hadoop.ozone.container.common.transport.server.ratis.ContainerStateMachine.startTransaction(ContainerStateMachine.java:271) ~[hadoop-hdds-container-service-0.5.0-SNAPSHOT.jar:?]
	at org.apache.ratis.server.impl.RaftServerImpl.submitClientRequestAsync(RaftServerImpl.java:566) ~[ratis-server-0.4.0-2337318-SNAPSHOT.jar:0.4.0-2337318-SNAPSHOT]
	at org.apache.ratis.server.impl.RaftServerProxy.lambda$submitClientRequestAsync$7(RaftServerProxy.java:333) ~[ratis-server-0.4.0-2337318-SNAPSHOT.jar:0.4.0-2337318-SNAPSHOT]
	at org.apache.ratis.server.impl.RaftServerProxy.lambda$null$5(RaftServerProxy.java:328) ~[ratis-server-0.4.0-2337318-SNAPSHOT.jar:0.4.0-2337318-SNAPSHOT]
	at org.apache.ratis.util.JavaUtils.callAsUnchecked(JavaUtils.java:109) ~[ratis-common-0.4.0-2337318-SNAPSHOT.jar:0.4.0-2337318-SNAPSHOT]
	at org.apache.ratis.server.impl.RaftServerProxy.lambda$submitRequest$6(RaftServerProxy.java:328) ~[ratis-server-0.4.0-2337318-SNAPSHOT.jar:0.4.0-2337318-SNAPSHOT]
	at java.util.concurrent.CompletableFuture.uniComposeStage(CompletableFuture.java:981) ~[?:1.8.0_212]
	at java.util.concurrent.CompletableFuture.thenCompose(CompletableFuture.java:2124) ~[?:1.8.0_212]
	at org.apache.ratis.server.impl.RaftServerProxy.submitRequest(RaftServerProxy.java:327) ~[ratis-server-0.4.0-2337318-SNAPSHOT.jar:0.4.0-2337318-SNAPSHOT]
	at org.apache.ratis.server.impl.RaftServerProxy.submitClientRequestAsync(RaftServerProxy.java:333) ~[ratis-server-0.4.0-2337318-SNAPSHOT.jar:0.4.0-2337318-SNAPSHOT]
	at org.apache.ratis.grpc.client.GrpcClientProtocolService$RequestStreamObserver.processClientRequest(GrpcClientProtocolService.java:220) ~[ratis-grpc-0.4.0-2337318-SNAPSHOT.jar:0.4.0-2337318-SNAPSHOT]
	at org.apache.ratis.grpc.client.GrpcClientProtocolService$OrderedRequestStreamObserver.processClientRequest(GrpcClientProtocolService.java:326) ~[ratis-grpc-0.4.0-2337318-SNAPSHOT.jar:0.4.0-2337318-SNAPSHOT]
	at org.apache.ratis.util.SlidingWindow$Server.processRequestsFromHead(SlidingWindow.java:429) [ratis-common-0.4.0-2337318-SNAPSHOT.jar:0.4.0-2337318-SNAPSHOT]
	at org.apache.ratis.util.SlidingWindow$Server.receivedRequest(SlidingWindow.java:421) [ratis-common-0.4.0-2337318-SNAPSHOT.jar:0.4.0-2337318-SNAPSHOT]
	at org.apache.ratis.grpc.client.GrpcClientProtocolService$OrderedRequestStreamObserver.processClientRequest(GrpcClientProtocolService.java:345) [ratis-grpc-0.4.0-2337318-SNAPSHOT.jar:0.4.0-2337318-SNAPSHOT]
	at org.apache.ratis.grpc.client.GrpcClientProtocolService$RequestStreamObserver.onNext(GrpcClientProtocolService.java:240) [ratis-grpc-0.4.0-2337318-SNAPSHOT.jar:0.4.0-2337318-SNAPSHOT]
	at org.apache.ratis.grpc.client.GrpcClientProtocolService$RequestStreamObserver.onNext(GrpcClientProtocolService.java:168) [ratis-grpc-0.4.0-2337318-SNAPSHOT.jar:0.4.0-2337318-SNAPSHOT]
	at org.apache.ratis.thirdparty.io.grpc.stub.ServerCalls$StreamingServerCallHandler$StreamingServerCallListener.onMessage(ServerCalls.java:248) [ratis-thirdparty-misc-0.2.0.jar:0.2.0]
	at org.apache.ratis.thirdparty.io.grpc.internal.ServerCallImpl$ServerStreamListenerImpl.messagesAvailable(ServerCallImpl.java:263) [ratis-thirdparty-misc-0.2.0.jar:0.2.0]
	at org.apache.ratis.thirdparty.io.grpc.internal.ServerImpl$JumpToApplicationThreadServerStreamListener$1MessagesAvailable.runInContext(ServerImpl.java:686) [ratis-thirdparty-misc-0.2.0.jar:0.2.0]
	at org.apache.ratis.thirdparty.io.grpc.internal.ContextRunnable.run(ContextRunnable.java:37) [ratis-thirdparty-misc-0.2.0.jar:0.2.0]
	at org.apache.ratis.thirdparty.io.grpc.internal.SerializingExecutor.run(SerializingExecutor.java:123) [ratis-thirdparty-misc-0.2.0.jar:0.2.0]
	at java.util.concurrent.ThreadPoolExecutor.runWorker(ThreadPoolExecutor.java:1149) [?:1.8.0_212]
	at java.util.concurrent.ThreadPoolExecutor$Worker.run(ThreadPoolExecutor.java:624) [?:1.8.0_212]
	at java.lang.Thread.run(Thread.java:748) [?:1.8.0_212]
2019-07-13 07:39:09,503 INFO  client.GrpcClientProtocolClient (GrpcClientProtocolClient.java:onNext(255)) - client-C5057E311D87->b8ec8f7f-5885-438b-bffb-7679c525b3f1: receive RaftClientReply:client-C5057E311D87->b8ec8f7f-5885-438b-bffb-7679c525b3f1@group-71A747149DB6, cid=151, FAILED org.apache.ratis.protocol.StateMachineException: org.apache.hadoop.hdds.scm.container.common.helpers.ContainerNotOpenException from Server b8ec8f7f-5885-438b-bffb-7679c525b3f1: Container 1 in CLOSED state, logIndex=0, commits[b8ec8f7f-5885-438b-bffb-7679c525b3f1:c15]
07:39:09.510 [grpc-default-executor-6] ERROR DNAudit - user=null | ip=null | op=WRITE_CHUNK {blockData=conID: 1 locID: 102433000207286283 bcsId: 11} | ret=FAILURE
org.apache.hadoop.hdds.scm.container.common.helpers.ContainerNotOpenException: Container 1 in CLOSED state
	at org.apache.hadoop.ozone.container.common.impl.HddsDispatcher.validateContainerCommand(HddsDispatcher.java:408) ~[hadoop-hdds-container-service-0.5.0-SNAPSHOT.jar:?]
	at org.apache.hadoop.ozone.container.common.transport.server.ratis.ContainerStateMachine.startTransaction(ContainerStateMachine.java:271) ~[hadoop-hdds-container-service-0.5.0-SNAPSHOT.jar:?]
	at org.apache.ratis.server.impl.RaftServerImpl.submitClientRequestAsync(RaftServerImpl.java:566) ~[ratis-server-0.4.0-2337318-SNAPSHOT.jar:0.4.0-2337318-SNAPSHOT]
	at org.apache.ratis.server.impl.RaftServerProxy.lambda$submitClientRequestAsync$7(RaftServerProxy.java:333) ~[ratis-server-0.4.0-2337318-SNAPSHOT.jar:0.4.0-2337318-SNAPSHOT]
	at org.apache.ratis.server.impl.RaftServerProxy.lambda$null$5(RaftServerProxy.java:328) ~[ratis-server-0.4.0-2337318-SNAPSHOT.jar:0.4.0-2337318-SNAPSHOT]
	at org.apache.ratis.util.JavaUtils.callAsUnchecked(JavaUtils.java:109) ~[ratis-common-0.4.0-2337318-SNAPSHOT.jar:0.4.0-2337318-SNAPSHOT]
	at org.apache.ratis.server.impl.RaftServerProxy.lambda$submitRequest$6(RaftServerProxy.java:328) ~[ratis-server-0.4.0-2337318-SNAPSHOT.jar:0.4.0-2337318-SNAPSHOT]
	at java.util.concurrent.CompletableFuture.uniComposeStage(CompletableFuture.java:981) ~[?:1.8.0_212]
	at java.util.concurrent.CompletableFuture.thenCompose(CompletableFuture.java:2124) ~[?:1.8.0_212]
	at org.apache.ratis.server.impl.RaftServerProxy.submitRequest(RaftServerProxy.java:327) ~[ratis-server-0.4.0-2337318-SNAPSHOT.jar:0.4.0-2337318-SNAPSHOT]
	at org.apache.ratis.server.impl.RaftServerProxy.submitClientRequestAsync(RaftServerProxy.java:333) ~[ratis-server-0.4.0-2337318-SNAPSHOT.jar:0.4.0-2337318-SNAPSHOT]
	at org.apache.ratis.grpc.client.GrpcClientProtocolService$RequestStreamObserver.processClientRequest(GrpcClientProtocolService.java:220) ~[ratis-grpc-0.4.0-2337318-SNAPSHOT.jar:0.4.0-2337318-SNAPSHOT]
	at org.apache.ratis.grpc.client.GrpcClientProtocolService$OrderedRequestStreamObserver.processClientRequest(GrpcClientProtocolService.java:326) ~[ratis-grpc-0.4.0-2337318-SNAPSHOT.jar:0.4.0-2337318-SNAPSHOT]
	at org.apache.ratis.util.SlidingWindow$Server.processRequestsFromHead(SlidingWindow.java:429) [ratis-common-0.4.0-2337318-SNAPSHOT.jar:0.4.0-2337318-SNAPSHOT]
	at org.apache.ratis.util.SlidingWindow$Server.receivedRequest(SlidingWindow.java:421) [ratis-common-0.4.0-2337318-SNAPSHOT.jar:0.4.0-2337318-SNAPSHOT]
	at org.apache.ratis.grpc.client.GrpcClientProtocolService$OrderedRequestStreamObserver.processClientRequest(GrpcClientProtocolService.java:345) [ratis-grpc-0.4.0-2337318-SNAPSHOT.jar:0.4.0-2337318-SNAPSHOT]
	at org.apache.ratis.grpc.client.GrpcClientProtocolService$RequestStreamObserver.onNext(GrpcClientProtocolService.java:240) [ratis-grpc-0.4.0-2337318-SNAPSHOT.jar:0.4.0-2337318-SNAPSHOT]
	at org.apache.ratis.grpc.client.GrpcClientProtocolService$RequestStreamObserver.onNext(GrpcClientProtocolService.java:168) [ratis-grpc-0.4.0-2337318-SNAPSHOT.jar:0.4.0-2337318-SNAPSHOT]
	at org.apache.ratis.thirdparty.io.grpc.stub.ServerCalls$StreamingServerCallHandler$StreamingServerCallListener.onMessage(ServerCalls.java:248) [ratis-thirdparty-misc-0.2.0.jar:0.2.0]
	at org.apache.ratis.thirdparty.io.grpc.internal.ServerCallImpl$ServerStreamListenerImpl.messagesAvailable(ServerCallImpl.java:263) [ratis-thirdparty-misc-0.2.0.jar:0.2.0]
	at org.apache.ratis.thirdparty.io.grpc.internal.ServerImpl$JumpToApplicationThreadServerStreamListener$1MessagesAvailable.runInContext(ServerImpl.java:686) [ratis-thirdparty-misc-0.2.0.jar:0.2.0]
	at org.apache.ratis.thirdparty.io.grpc.internal.ContextRunnable.run(ContextRunnable.java:37) [ratis-thirdparty-misc-0.2.0.jar:0.2.0]
	at org.apache.ratis.thirdparty.io.grpc.internal.SerializingExecutor.run(SerializingExecutor.java:123) [ratis-thirdparty-misc-0.2.0.jar:0.2.0]
	at java.util.concurrent.ThreadPoolExecutor.runWorker(ThreadPoolExecutor.java:1149) [?:1.8.0_212]
	at java.util.concurrent.ThreadPoolExecutor$Worker.run(ThreadPoolExecutor.java:624) [?:1.8.0_212]
	at java.lang.Thread.run(Thread.java:748) [?:1.8.0_212]
2019-07-13 07:39:09,511 INFO  client.GrpcClientProtocolClient (GrpcClientProtocolClient.java:onNext(255)) - client-C5057E311D87->b8ec8f7f-5885-438b-bffb-7679c525b3f1: receive RaftClientReply:client-C5057E311D87->b8ec8f7f-5885-438b-bffb-7679c525b3f1@group-71A747149DB6, cid=152, FAILED org.apache.ratis.protocol.StateMachineException: org.apache.hadoop.hdds.scm.container.common.helpers.ContainerNotOpenException from Server b8ec8f7f-5885-438b-bffb-7679c525b3f1: Container 1 in CLOSED state, logIndex=0, commits[b8ec8f7f-5885-438b-bffb-7679c525b3f1:c15]
07:39:09.518 [grpc-default-executor-6] ERROR DNAudit - user=null | ip=null | op=WRITE_CHUNK {blockData=conID: 1 locID: 102433000207286283 bcsId: 11} | ret=FAILURE
org.apache.hadoop.hdds.scm.container.common.helpers.ContainerNotOpenException: Container 1 in CLOSED state
	at org.apache.hadoop.ozone.container.common.impl.HddsDispatcher.validateContainerCommand(HddsDispatcher.java:408) ~[hadoop-hdds-container-service-0.5.0-SNAPSHOT.jar:?]
	at org.apache.hadoop.ozone.container.common.transport.server.ratis.ContainerStateMachine.startTransaction(ContainerStateMachine.java:271) ~[hadoop-hdds-container-service-0.5.0-SNAPSHOT.jar:?]
	at org.apache.ratis.server.impl.RaftServerImpl.submitClientRequestAsync(RaftServerImpl.java:566) ~[ratis-server-0.4.0-2337318-SNAPSHOT.jar:0.4.0-2337318-SNAPSHOT]
	at org.apache.ratis.server.impl.RaftServerProxy.lambda$submitClientRequestAsync$7(RaftServerProxy.java:333) ~[ratis-server-0.4.0-2337318-SNAPSHOT.jar:0.4.0-2337318-SNAPSHOT]
	at org.apache.ratis.server.impl.RaftServerProxy.lambda$null$5(RaftServerProxy.java:328) ~[ratis-server-0.4.0-2337318-SNAPSHOT.jar:0.4.0-2337318-SNAPSHOT]
	at org.apache.ratis.util.JavaUtils.callAsUnchecked(JavaUtils.java:109) ~[ratis-common-0.4.0-2337318-SNAPSHOT.jar:0.4.0-2337318-SNAPSHOT]
	at org.apache.ratis.server.impl.RaftServerProxy.lambda$submitRequest$6(RaftServerProxy.java:328) ~[ratis-server-0.4.0-2337318-SNAPSHOT.jar:0.4.0-2337318-SNAPSHOT]
	at java.util.concurrent.CompletableFuture.uniComposeStage(CompletableFuture.java:981) ~[?:1.8.0_212]
	at java.util.concurrent.CompletableFuture.thenCompose(CompletableFuture.java:2124) ~[?:1.8.0_212]
	at org.apache.ratis.server.impl.RaftServerProxy.submitRequest(RaftServerProxy.java:327) ~[ratis-server-0.4.0-2337318-SNAPSHOT.jar:0.4.0-2337318-SNAPSHOT]
	at org.apache.ratis.server.impl.RaftServerProxy.submitClientRequestAsync(RaftServerProxy.java:333) ~[ratis-server-0.4.0-2337318-SNAPSHOT.jar:0.4.0-2337318-SNAPSHOT]
	at org.apache.ratis.grpc.client.GrpcClientProtocolService$RequestStreamObserver.processClientRequest(GrpcClientProtocolService.java:220) ~[ratis-grpc-0.4.0-2337318-SNAPSHOT.jar:0.4.0-2337318-SNAPSHOT]
	at org.apache.ratis.grpc.client.GrpcClientProtocolService$OrderedRequestStreamObserver.processClientRequest(GrpcClientProtocolService.java:326) ~[ratis-grpc-0.4.0-2337318-SNAPSHOT.jar:0.4.0-2337318-SNAPSHOT]
	at org.apache.ratis.util.SlidingWindow$Server.processRequestsFromHead(SlidingWindow.java:429) [ratis-common-0.4.0-2337318-SNAPSHOT.jar:0.4.0-2337318-SNAPSHOT]
	at org.apache.ratis.util.SlidingWindow$Server.receivedRequest(SlidingWindow.java:421) [ratis-common-0.4.0-2337318-SNAPSHOT.jar:0.4.0-2337318-SNAPSHOT]
	at org.apache.ratis.grpc.client.GrpcClientProtocolService$OrderedRequestStreamObserver.processClientRequest(GrpcClientProtocolService.java:345) [ratis-grpc-0.4.0-2337318-SNAPSHOT.jar:0.4.0-2337318-SNAPSHOT]
	at org.apache.ratis.grpc.client.GrpcClientProtocolService$RequestStreamObserver.onNext(GrpcClientProtocolService.java:240) [ratis-grpc-0.4.0-2337318-SNAPSHOT.jar:0.4.0-2337318-SNAPSHOT]
	at org.apache.ratis.grpc.client.GrpcClientProtocolService$RequestStreamObserver.onNext(GrpcClientProtocolService.java:168) [ratis-grpc-0.4.0-2337318-SNAPSHOT.jar:0.4.0-2337318-SNAPSHOT]
	at org.apache.ratis.thirdparty.io.grpc.stub.ServerCalls$StreamingServerCallHandler$StreamingServerCallListener.onMessage(ServerCalls.java:248) [ratis-thirdparty-misc-0.2.0.jar:0.2.0]
	at org.apache.ratis.thirdparty.io.grpc.internal.ServerCallImpl$ServerStreamListenerImpl.messagesAvailable(ServerCallImpl.java:263) [ratis-thirdparty-misc-0.2.0.jar:0.2.0]
	at org.apache.ratis.thirdparty.io.grpc.internal.ServerImpl$JumpToApplicationThreadServerStreamListener$1MessagesAvailable.runInContext(ServerImpl.java:686) [ratis-thirdparty-misc-0.2.0.jar:0.2.0]
	at org.apache.ratis.thirdparty.io.grpc.internal.ContextRunnable.run(ContextRunnable.java:37) [ratis-thirdparty-misc-0.2.0.jar:0.2.0]
	at org.apache.ratis.thirdparty.io.grpc.internal.SerializingExecutor.run(SerializingExecutor.java:123) [ratis-thirdparty-misc-0.2.0.jar:0.2.0]
	at java.util.concurrent.ThreadPoolExecutor.runWorker(ThreadPoolExecutor.java:1149) [?:1.8.0_212]
	at java.util.concurrent.ThreadPoolExecutor$Worker.run(ThreadPoolExecutor.java:624) [?:1.8.0_212]
	at java.lang.Thread.run(Thread.java:748) [?:1.8.0_212]
2019-07-13 07:39:09,519 INFO  client.GrpcClientProtocolClient (GrpcClientProtocolClient.java:onNext(255)) - client-C5057E311D87->b8ec8f7f-5885-438b-bffb-7679c525b3f1: receive RaftClientReply:client-C5057E311D87->b8ec8f7f-5885-438b-bffb-7679c525b3f1@group-71A747149DB6, cid=153, FAILED org.apache.ratis.protocol.StateMachineException: org.apache.hadoop.hdds.scm.container.common.helpers.ContainerNotOpenException from Server b8ec8f7f-5885-438b-bffb-7679c525b3f1: Container 1 in CLOSED state, logIndex=0, commits[b8ec8f7f-5885-438b-bffb-7679c525b3f1:c15]
07:39:09.528 [grpc-default-executor-6] ERROR DNAudit - user=null | ip=null | op=PUT_BLOCK {blockData=[blockId=conID: 1 locID: 102433000207286283 bcsId: 0,size=800]} | ret=FAILURE
org.apache.hadoop.hdds.scm.container.common.helpers.ContainerNotOpenException: Container 1 in CLOSED state
	at org.apache.hadoop.ozone.container.common.impl.HddsDispatcher.validateContainerCommand(HddsDispatcher.java:408) ~[hadoop-hdds-container-service-0.5.0-SNAPSHOT.jar:?]
	at org.apache.hadoop.ozone.container.common.transport.server.ratis.ContainerStateMachine.startTransaction(ContainerStateMachine.java:271) ~[hadoop-hdds-container-service-0.5.0-SNAPSHOT.jar:?]
	at org.apache.ratis.server.impl.RaftServerImpl.submitClientRequestAsync(RaftServerImpl.java:566) ~[ratis-server-0.4.0-2337318-SNAPSHOT.jar:0.4.0-2337318-SNAPSHOT]
	at org.apache.ratis.server.impl.RaftServerProxy.lambda$submitClientRequestAsync$7(RaftServerProxy.java:333) ~[ratis-server-0.4.0-2337318-SNAPSHOT.jar:0.4.0-2337318-SNAPSHOT]
	at org.apache.ratis.server.impl.RaftServerProxy.lambda$null$5(RaftServerProxy.java:328) ~[ratis-server-0.4.0-2337318-SNAPSHOT.jar:0.4.0-2337318-SNAPSHOT]
	at org.apache.ratis.util.JavaUtils.callAsUnchecked(JavaUtils.java:109) ~[ratis-common-0.4.0-2337318-SNAPSHOT.jar:0.4.0-2337318-SNAPSHOT]
	at org.apache.ratis.server.impl.RaftServerProxy.lambda$submitRequest$6(RaftServerProxy.java:328) ~[ratis-server-0.4.0-2337318-SNAPSHOT.jar:0.4.0-2337318-SNAPSHOT]
	at java.util.concurrent.CompletableFuture.uniComposeStage(CompletableFuture.java:981) ~[?:1.8.0_212]
	at java.util.concurrent.CompletableFuture.thenCompose(CompletableFuture.java:2124) ~[?:1.8.0_212]
	at org.apache.ratis.server.impl.RaftServerProxy.submitRequest(RaftServerProxy.java:327) ~[ratis-server-0.4.0-2337318-SNAPSHOT.jar:0.4.0-2337318-SNAPSHOT]
	at org.apache.ratis.server.impl.RaftServerProxy.submitClientRequestAsync(RaftServerProxy.java:333) ~[ratis-server-0.4.0-2337318-SNAPSHOT.jar:0.4.0-2337318-SNAPSHOT]
	at org.apache.ratis.grpc.client.GrpcClientProtocolService$RequestStreamObserver.processClientRequest(GrpcClientProtocolService.java:220) ~[ratis-grpc-0.4.0-2337318-SNAPSHOT.jar:0.4.0-2337318-SNAPSHOT]
	at org.apache.ratis.grpc.client.GrpcClientProtocolService$OrderedRequestStreamObserver.processClientRequest(GrpcClientProtocolService.java:326) ~[ratis-grpc-0.4.0-2337318-SNAPSHOT.jar:0.4.0-2337318-SNAPSHOT]
	at org.apache.ratis.util.SlidingWindow$Server.processRequestsFromHead(SlidingWindow.java:429) [ratis-common-0.4.0-2337318-SNAPSHOT.jar:0.4.0-2337318-SNAPSHOT]
	at org.apache.ratis.util.SlidingWindow$Server.receivedRequest(SlidingWindow.java:421) [ratis-common-0.4.0-2337318-SNAPSHOT.jar:0.4.0-2337318-SNAPSHOT]
	at org.apache.ratis.grpc.client.GrpcClientProtocolService$OrderedRequestStreamObserver.processClientRequest(GrpcClientProtocolService.java:345) [ratis-grpc-0.4.0-2337318-SNAPSHOT.jar:0.4.0-2337318-SNAPSHOT]
	at org.apache.ratis.grpc.client.GrpcClientProtocolService$RequestStreamObserver.onNext(GrpcClientProtocolService.java:240) [ratis-grpc-0.4.0-2337318-SNAPSHOT.jar:0.4.0-2337318-SNAPSHOT]
	at org.apache.ratis.grpc.client.GrpcClientProtocolService$RequestStreamObserver.onNext(GrpcClientProtocolService.java:168) [ratis-grpc-0.4.0-2337318-SNAPSHOT.jar:0.4.0-2337318-SNAPSHOT]
	at org.apache.ratis.thirdparty.io.grpc.stub.ServerCalls$StreamingServerCallHandler$StreamingServerCallListener.onMessage(ServerCalls.java:248) [ratis-thirdparty-misc-0.2.0.jar:0.2.0]
	at org.apache.ratis.thirdparty.io.grpc.internal.ServerCallImpl$ServerStreamListenerImpl.messagesAvailable(ServerCallImpl.java:263) [ratis-thirdparty-misc-0.2.0.jar:0.2.0]
	at org.apache.ratis.thirdparty.io.grpc.internal.ServerImpl$JumpToApplicationThreadServerStreamListener$1MessagesAvailable.runInContext(ServerImpl.java:686) [ratis-thirdparty-misc-0.2.0.jar:0.2.0]
	at org.apache.ratis.thirdparty.io.grpc.internal.ContextRunnable.run(ContextRunnable.java:37) [ratis-thirdparty-misc-0.2.0.jar:0.2.0]
	at org.apache.ratis.thirdparty.io.grpc.internal.SerializingExecutor.run(SerializingExecutor.java:123) [ratis-thirdparty-misc-0.2.0.jar:0.2.0]
	at java.util.concurrent.ThreadPoolExecutor.runWorker(ThreadPoolExecutor.java:1149) [?:1.8.0_212]
	at java.util.concurrent.ThreadPoolExecutor$Worker.run(ThreadPoolExecutor.java:624) [?:1.8.0_212]
	at java.lang.Thread.run(Thread.java:748) [?:1.8.0_212]
2019-07-13 07:39:09,529 INFO  client.GrpcClientProtocolClient (GrpcClientProtocolClient.java:onNext(255)) - client-C5057E311D87->b8ec8f7f-5885-438b-bffb-7679c525b3f1: receive RaftClientReply:client-C5057E311D87->b8ec8f7f-5885-438b-bffb-7679c525b3f1@group-71A747149DB6, cid=154, FAILED org.apache.ratis.protocol.StateMachineException: org.apache.hadoop.hdds.scm.container.common.helpers.ContainerNotOpenException from Server b8ec8f7f-5885-438b-bffb-7679c525b3f1: Container 1 in CLOSED state, logIndex=0, commits[b8ec8f7f-5885-438b-bffb-7679c525b3f1:c15]
2019-07-13 07:39:09,537 INFO  client.GrpcClientProtocolClient (GrpcClientProtocolClient.java:onNext(255)) - client-C5057E311D87->b8ec8f7f-5885-438b-bffb-7679c525b3f1: receive RaftClientReply:client-C5057E311D87->b8ec8f7f-5885-438b-bffb-7679c525b3f1@group-71A747149DB6, cid=155, FAILED org.apache.ratis.protocol.StateMachineException: org.apache.hadoop.hdds.scm.container.common.helpers.ContainerNotOpenException from Server b8ec8f7f-5885-438b-bffb-7679c525b3f1: Container 1 in CLOSED state, logIndex=0, commits[b8ec8f7f-5885-438b-bffb-7679c525b3f1:c15]
2019-07-13 07:39:09,639 INFO  client.GrpcClientProtocolClient (GrpcClientProtocolClient.java:onNext(255)) - client-2B7100782639->1da0944c-e4a6-458e-bf55-5b16341f6a4a: receive RaftClientReply:client-2B7100782639->1da0944c-e4a6-458e-bf55-5b16341f6a4a@group-A2757EF14DC3, cid=156, SUCCESS, logIndex=1, commits[1da0944c-e4a6-458e-bf55-5b16341f6a4a:c1]
2019-07-13 07:39:09,665 INFO  client.GrpcClientProtocolClient (GrpcClientProtocolClient.java:onNext(255)) - client-2B7100782639->1da0944c-e4a6-458e-bf55-5b16341f6a4a: receive RaftClientReply:client-2B7100782639->1da0944c-e4a6-458e-bf55-5b16341f6a4a@group-A2757EF14DC3, cid=157, SUCCESS, logIndex=3, commits[1da0944c-e4a6-458e-bf55-5b16341f6a4a:c8]
2019-07-13 07:39:09,744 INFO  client.GrpcClientProtocolClient (GrpcClientProtocolClient.java:onNext(255)) - client-2B7100782639->1da0944c-e4a6-458e-bf55-5b16341f6a4a: receive RaftClientReply:client-2B7100782639->1da0944c-e4a6-458e-bf55-5b16341f6a4a@group-A2757EF14DC3, cid=158, SUCCESS, logIndex=4, commits[1da0944c-e4a6-458e-bf55-5b16341f6a4a:c8]
2019-07-13 07:39:09,745 INFO  client.GrpcClientProtocolClient (GrpcClientProtocolClient.java:onNext(255)) - client-2B7100782639->1da0944c-e4a6-458e-bf55-5b16341f6a4a: receive RaftClientReply:client-2B7100782639->1da0944c-e4a6-458e-bf55-5b16341f6a4a@group-A2757EF14DC3, cid=159, SUCCESS, logIndex=5, commits[1da0944c-e4a6-458e-bf55-5b16341f6a4a:c8]
2019-07-13 07:39:09,746 INFO  client.GrpcClientProtocolClient (GrpcClientProtocolClient.java:onNext(255)) - client-2B7100782639->1da0944c-e4a6-458e-bf55-5b16341f6a4a: receive RaftClientReply:client-2B7100782639->1da0944c-e4a6-458e-bf55-5b16341f6a4a@group-A2757EF14DC3, cid=160, SUCCESS, logIndex=6, commits[1da0944c-e4a6-458e-bf55-5b16341f6a4a:c8]
2019-07-13 07:39:09,746 INFO  client.GrpcClientProtocolClient (GrpcClientProtocolClient.java:onNext(255)) - client-2B7100782639->1da0944c-e4a6-458e-bf55-5b16341f6a4a: receive RaftClientReply:client-2B7100782639->1da0944c-e4a6-458e-bf55-5b16341f6a4a@group-A2757EF14DC3, cid=161, SUCCESS, logIndex=7, commits[1da0944c-e4a6-458e-bf55-5b16341f6a4a:c8]
2019-07-13 07:39:09,765 INFO  client.GrpcClientProtocolClient (GrpcClientProtocolClient.java:onNext(255)) - client-2B7100782639->1da0944c-e4a6-458e-bf55-5b16341f6a4a: receive RaftClientReply:client-2B7100782639->1da0944c-e4a6-458e-bf55-5b16341f6a4a@group-A2757EF14DC3, cid=162, SUCCESS, logIndex=9, commits[1da0944c-e4a6-458e-bf55-5b16341f6a4a:c10]
2019-07-13 07:39:09,766 INFO  client.GrpcClientProtocolClient (GrpcClientProtocolClient.java:onNext(255)) - client-2B7100782639->1da0944c-e4a6-458e-bf55-5b16341f6a4a: receive RaftClientReply:client-2B7100782639->1da0944c-e4a6-458e-bf55-5b16341f6a4a@group-A2757EF14DC3, cid=163, SUCCESS, logIndex=10, commits[1da0944c-e4a6-458e-bf55-5b16341f6a4a:c11]
2019-07-13 07:39:09,783 INFO  pipeline.Pipeline (Pipeline.java:getProtobufMessage(195)) - Serialize pipeline PipelineID=ab1db055-4207-4c07-9c12-a2757ef14dc3 with nodesInOrder{ }
2019-07-13 07:39:09,784 INFO  ozone.MiniOzoneClusterImpl (MiniOzoneClusterImpl.java:shutdown(321)) - Shutting down the Mini Ozone Cluster
2019-07-13 07:39:09,784 INFO  ozone.MiniOzoneClusterImpl (MiniOzoneClusterImpl.java:stop(336)) - Stopping the Mini Ozone Cluster
2019-07-13 07:39:09,785 INFO  ozone.MiniOzoneClusterImpl (MiniOzoneClusterImpl.java:stop(338)) - Stopping the OzoneManager
2019-07-13 07:39:09,785 INFO  ipc.Server (Server.java:stop(3082)) - Stopping server on 42732
2019-07-13 07:39:09,794 INFO  ipc.Server (Server.java:run(1185)) - Stopping IPC Server listener on 42732
2019-07-13 07:39:09,797 INFO  utils.BackgroundService (BackgroundService.java:shutdown(148)) - Shutting down service KeyDeletingService
2019-07-13 07:39:09,797 INFO  ipc.Server (Server.java:run(1319)) - Stopping IPC Server Responder
2019-07-13 07:39:09,823 INFO  handler.ContextHandler (ContextHandler.java:doStop(910)) - Stopped o.e.j.w.WebAppContext@109188b4{/,null,UNAVAILABLE}{/ozoneManager}
2019-07-13 07:39:09,823 INFO  server.AbstractConnector (AbstractConnector.java:doStop(318)) - Stopped ServerConnector@7091a016{HTTP/1.1,[http/1.1]}{0.0.0.0:0}
2019-07-13 07:39:09,824 INFO  handler.ContextHandler (ContextHandler.java:doStop(910)) - Stopped o.e.j.s.ServletContextHandler@6bec566e{/static,file:///tmp/workdir/hadoop-ozone/integration-test/target/test-classes/webapps/static,UNAVAILABLE}
2019-07-13 07:39:09,824 INFO  handler.ContextHandler (ContextHandler.java:doStop(910)) - Stopped o.e.j.s.ServletContextHandler@238a7e3d{/logs,file:///tmp/workdir/hadoop-ozone/integration-test/target/log,UNAVAILABLE}
2019-07-13 07:39:09,837 INFO  ozone.MiniOzoneClusterImpl (MiniOzoneClusterImpl.java:stop(344)) - Shutting the HddsDatanodes
2019-07-13 07:39:09,837 INFO  datanode.ObjectStoreHandler (ObjectStoreHandler.java:close(155)) - Closing ObjectStoreHandler.
2019-07-13 07:39:09,837 INFO  datanode.ObjectStoreHandler (ObjectStoreHandler.java:close(155)) - Closing ObjectStoreHandler.
2019-07-13 07:39:09,837 INFO  ozone.HddsDatanodeService (HddsDatanodeService.java:stop(452)) - Stopped plug-in org.apache.hadoop.ozone.web.OzoneHddsDatanodeService@46e38c28
2019-07-13 07:39:09,838 INFO  ozone.HddsDatanodeService (HddsDatanodeService.java:stop(452)) - Stopped plug-in org.apache.hadoop.ozone.web.OzoneHddsDatanodeService@19d3f4fb
2019-07-13 07:39:10,277 INFO  statemachine.DatanodeStateMachine (DatanodeStateMachine.java:lambda$startDaemon$0(350)) - Ozone container server started.
2019-07-13 07:39:10,772 INFO  statemachine.DatanodeStateMachine (DatanodeStateMachine.java:lambda$startDaemon$0(350)) - Ozone container server started.
2019-07-13 07:39:14,373 INFO  node.StaleNodeHandler (StaleNodeHandler.java:onMessage(58)) - Datanode ae8bc3db-8a02-4092-94ea-9b10afa414ae{ip: 192.168.69.84, host: trunk-nightly-9lh4p-2362225927, networkLocation: /default-rack, certSerialId: null} moved to stale state. Finalizing its pipelines [PipelineID=2aaa57e8-64db-4dcd-8272-cc429ecbd6d5, PipelineID=6f44a408-381a-4216-9eae-8ecb9a2f2100]
2019-07-13 07:39:14,373 INFO  pipeline.SCMPipelineManager (SCMPipelineManager.java:finalizeAndDestroyPipeline(309)) - destroying pipeline:Pipeline[ Id: 2aaa57e8-64db-4dcd-8272-cc429ecbd6d5, Nodes: ae8bc3db-8a02-4092-94ea-9b10afa414ae{ip: 192.168.69.84, host: trunk-nightly-9lh4p-2362225927, networkLocation: /default-rack, certSerialId: null}, Type:RATIS, Factor:ONE, State:OPEN]
2019-07-13 07:39:14,373 INFO  pipeline.PipelineStateManager (PipelineStateManager.java:finalizePipeline(123)) - Pipeline Pipeline[ Id: 2aaa57e8-64db-4dcd-8272-cc429ecbd6d5, Nodes: ae8bc3db-8a02-4092-94ea-9b10afa414ae{ip: 192.168.69.84, host: trunk-nightly-9lh4p-2362225927, networkLocation: /default-rack, certSerialId: null}, Type:RATIS, Factor:ONE, State:CLOSED] moved to CLOSED state
2019-07-13 07:39:14,373 INFO  pipeline.SCMPipelineManager (SCMPipelineManager.java:finalizeAndDestroyPipeline(309)) - destroying pipeline:Pipeline[ Id: 6f44a408-381a-4216-9eae-8ecb9a2f2100, Nodes: ae8bc3db-8a02-4092-94ea-9b10afa414ae{ip: 192.168.69.84, host: trunk-nightly-9lh4p-2362225927, networkLocation: /default-rack, certSerialId: null}fdc85edf-36c2-42ff-b00a-0eabab82fdf0{ip: 192.168.69.84, host: trunk-nightly-9lh4p-2362225927, networkLocation: /default-rack, certSerialId: null}b8ec8f7f-5885-438b-bffb-7679c525b3f1{ip: 192.168.69.84, host: trunk-nightly-9lh4p-2362225927, networkLocation: /default-rack, certSerialId: null}, Type:RATIS, Factor:THREE, State:OPEN]
2019-07-13 07:39:14,374 INFO  pipeline.PipelineStateManager (PipelineStateManager.java:finalizePipeline(123)) - Pipeline Pipeline[ Id: 6f44a408-381a-4216-9eae-8ecb9a2f2100, Nodes: ae8bc3db-8a02-4092-94ea-9b10afa414ae{ip: 192.168.69.84, host: trunk-nightly-9lh4p-2362225927, networkLocation: /default-rack, certSerialId: null}fdc85edf-36c2-42ff-b00a-0eabab82fdf0{ip: 192.168.69.84, host: trunk-nightly-9lh4p-2362225927, networkLocation: /default-rack, certSerialId: null}b8ec8f7f-5885-438b-bffb-7679c525b3f1{ip: 192.168.69.84, host: trunk-nightly-9lh4p-2362225927, networkLocation: /default-rack, certSerialId: null}, Type:RATIS, Factor:THREE, State:CLOSED] moved to CLOSED state
2019-07-13 07:39:14,838 INFO  ozoneimpl.OzoneContainer (OzoneContainer.java:stop(199)) - Attempting to stop container services.
2019-07-13 07:39:14,838 INFO  ozoneimpl.OzoneContainer (OzoneContainer.java:stop(199)) - Attempting to stop container services.
2019-07-13 07:39:14,839 INFO  impl.RaftServerProxy (RaftServerProxy.java:lambda$close$4(314)) - 193812a9-ddf0-4c4f-ad33-42e352a506b5: close
2019-07-13 07:39:14,839 INFO  impl.RaftServerProxy (RaftServerProxy.java:lambda$close$4(314)) - ae8bc3db-8a02-4092-94ea-9b10afa414ae: close
2019-07-13 07:39:14,839 INFO  impl.RaftServerImpl (RaftServerImpl.java:lambda$shutdown$3(245)) - 193812a9-ddf0-4c4f-ad33-42e352a506b5: shutdown group-B1150F114F21
2019-07-13 07:39:14,840 INFO  impl.RaftServerImpl (RaftServerImpl.java:lambda$shutdown$3(245)) - ae8bc3db-8a02-4092-94ea-9b10afa414ae: shutdown group-CC429ECBD6D5
2019-07-13 07:39:14,840 INFO  util.JmxRegister (JmxRegister.java:unregister(73)) - Successfully un-registered JMX Bean with object name Ratis:service=RaftServer,group=group-B1150F114F21,id=193812a9-ddf0-4c4f-ad33-42e352a506b5
2019-07-13 07:39:14,841 INFO  impl.RoleInfo (RoleInfo.java:shutdownFollowerState(121)) - 193812a9-ddf0-4c4f-ad33-42e352a506b5: shutdown FollowerState
2019-07-13 07:39:14,841 INFO  impl.StateMachineUpdater (StateMachineUpdater.java:stopAndJoin(115)) - StateMachineUpdater:193812a9-ddf0-4c4f-ad33-42e352a506b5:group-B1150F114F21: set stopIndex = 0
2019-07-13 07:39:14,840 INFO  util.JmxRegister (JmxRegister.java:unregister(73)) - Successfully un-registered JMX Bean with object name Ratis:service=RaftServer,group=group-CC429ECBD6D5,id=ae8bc3db-8a02-4092-94ea-9b10afa414ae
2019-07-13 07:39:14,842 INFO  impl.RoleInfo (RoleInfo.java:shutdownLeaderState(104)) - ae8bc3db-8a02-4092-94ea-9b10afa414ae: shutdown LeaderState
2019-07-13 07:39:14,841 INFO  impl.FollowerState (FollowerState.java:run(114)) - 193812a9-ddf0-4c4f-ad33-42e352a506b5: FollowerState was interrupted: java.lang.InterruptedException: sleep interrupted
2019-07-13 07:39:14,841 INFO  ratis.ContainerStateMachine (ContainerStateMachine.java:takeSnapshot(246)) - Taking snapshot at termIndex:(t:0, i:~)
2019-07-13 07:39:14,842 INFO  impl.PendingRequests (PendingRequests.java:sendNotLeaderResponses(202)) - ae8bc3db-8a02-4092-94ea-9b10afa414ae-PendingRequests: sendNotLeaderResponses
2019-07-13 07:39:14,846 INFO  impl.RaftServerImpl (ServerState.java:close(394)) - 193812a9-ddf0-4c4f-ad33-42e352a506b5:group-B1150F114F21 closes. The last applied log index is 0
2019-07-13 07:39:14,847 INFO  ratis.ContainerStateMachine (ContainerStateMachine.java:takeSnapshot(246)) - Taking snapshot at termIndex:(t:0, i:~)
2019-07-13 07:39:14,847 INFO  segmented.SegmentedRaftLogWorker (SegmentedRaftLogWorker.java:run(313)) - 193812a9-ddf0-4c4f-ad33-42e352a506b5-SegmentedRaftLogWorker:Storage Directory /tmp/workdir/hadoop-ozone/integration-test/target/test-dir/MiniOzoneClusterImpl-44c4c997-bfce-4c08-899e-6a5652d50fdd/datanode-4/data/ratis/e5a2e8a1-307d-4c5a-87e5-b1150f114f21 was interrupted, exiting. There are 0 tasks remaining in the queue.
2019-07-13 07:39:14,847 INFO  impl.StateMachineUpdater (StateMachineUpdater.java:stopAndJoin(115)) - StateMachineUpdater:ae8bc3db-8a02-4092-94ea-9b10afa414ae:group-CC429ECBD6D5: set stopIndex = 0
2019-07-13 07:39:14,850 INFO  segmented.SegmentedRaftLogWorker (SegmentedRaftLogWorker.java:close(228)) - 193812a9-ddf0-4c4f-ad33-42e352a506b5-SegmentedRaftLogWorker:Storage Directory /tmp/workdir/hadoop-ozone/integration-test/target/test-dir/MiniOzoneClusterImpl-44c4c997-bfce-4c08-899e-6a5652d50fdd/datanode-4/data/ratis/e5a2e8a1-307d-4c5a-87e5-b1150f114f21 close()
2019-07-13 07:39:14,850 INFO  impl.RaftServerImpl (ServerState.java:close(394)) - ae8bc3db-8a02-4092-94ea-9b10afa414ae:group-CC429ECBD6D5 closes. The last applied log index is 0
2019-07-13 07:39:14,867 INFO  impl.RaftServerImpl (RaftServerImpl.java:lambda$shutdown$3(245)) - 193812a9-ddf0-4c4f-ad33-42e352a506b5: shutdown group-84A5627367A8
2019-07-13 07:39:14,868 INFO  segmented.SegmentedRaftLogWorker (SegmentedRaftLogWorker.java:run(313)) - ae8bc3db-8a02-4092-94ea-9b10afa414ae-SegmentedRaftLogWorker:Storage Directory /tmp/workdir/hadoop-ozone/integration-test/target/test-dir/MiniOzoneClusterImpl-44c4c997-bfce-4c08-899e-6a5652d50fdd/datanode-1/data/ratis/2aaa57e8-64db-4dcd-8272-cc429ecbd6d5 was interrupted, exiting. There are 0 tasks remaining in the queue.
2019-07-13 07:39:14,868 INFO  util.JmxRegister (JmxRegister.java:unregister(73)) - Successfully un-registered JMX Bean with object name Ratis:service=RaftServer,group=group-84A5627367A8,id=193812a9-ddf0-4c4f-ad33-42e352a506b5
2019-07-13 07:39:14,871 INFO  segmented.SegmentedRaftLogWorker (SegmentedRaftLogWorker.java:close(228)) - ae8bc3db-8a02-4092-94ea-9b10afa414ae-SegmentedRaftLogWorker:Storage Directory /tmp/workdir/hadoop-ozone/integration-test/target/test-dir/MiniOzoneClusterImpl-44c4c997-bfce-4c08-899e-6a5652d50fdd/datanode-1/data/ratis/2aaa57e8-64db-4dcd-8272-cc429ecbd6d5 close()
2019-07-13 07:39:14,871 INFO  impl.RoleInfo (RoleInfo.java:shutdownLeaderState(104)) - 193812a9-ddf0-4c4f-ad33-42e352a506b5: shutdown LeaderState
2019-07-13 07:39:14,873 INFO  node.StaleNodeHandler (StaleNodeHandler.java:onMessage(58)) - Datanode 193812a9-ddf0-4c4f-ad33-42e352a506b5{ip: 192.168.69.84, host: trunk-nightly-9lh4p-2362225927, networkLocation: /default-rack, certSerialId: null} moved to stale state. Finalizing its pipelines [PipelineID=e5a2e8a1-307d-4c5a-87e5-b1150f114f21, PipelineID=5a590f66-1f69-40d8-8db7-84a5627367a8]
2019-07-13 07:39:14,873 INFO  impl.RaftServerImpl (RaftServerImpl.java:lambda$shutdown$3(245)) - ae8bc3db-8a02-4092-94ea-9b10afa414ae: shutdown group-8ECB9A2F2100
2019-07-13 07:39:14,874 INFO  pipeline.SCMPipelineManager (SCMPipelineManager.java:finalizeAndDestroyPipeline(309)) - destroying pipeline:Pipeline[ Id: e5a2e8a1-307d-4c5a-87e5-b1150f114f21, Nodes: 1da0944c-e4a6-458e-bf55-5b16341f6a4a{ip: 192.168.69.84, host: trunk-nightly-9lh4p-2362225927, networkLocation: /default-rack, certSerialId: null}e7643d2c-5e46-41d8-8521-588c8d4fa897{ip: 192.168.69.84, host: trunk-nightly-9lh4p-2362225927, networkLocation: /default-rack, certSerialId: null}193812a9-ddf0-4c4f-ad33-42e352a506b5{ip: 192.168.69.84, host: trunk-nightly-9lh4p-2362225927, networkLocation: /default-rack, certSerialId: null}, Type:RATIS, Factor:THREE, State:OPEN]
2019-07-13 07:39:14,874 INFO  impl.PendingRequests (PendingRequests.java:sendNotLeaderResponses(202)) - 193812a9-ddf0-4c4f-ad33-42e352a506b5-PendingRequests: sendNotLeaderResponses
2019-07-13 07:39:14,875 INFO  pipeline.PipelineStateManager (PipelineStateManager.java:finalizePipeline(123)) - Pipeline Pipeline[ Id: e5a2e8a1-307d-4c5a-87e5-b1150f114f21, Nodes: 1da0944c-e4a6-458e-bf55-5b16341f6a4a{ip: 192.168.69.84, host: trunk-nightly-9lh4p-2362225927, networkLocation: /default-rack, certSerialId: null}e7643d2c-5e46-41d8-8521-588c8d4fa897{ip: 192.168.69.84, host: trunk-nightly-9lh4p-2362225927, networkLocation: /default-rack, certSerialId: null}193812a9-ddf0-4c4f-ad33-42e352a506b5{ip: 192.168.69.84, host: trunk-nightly-9lh4p-2362225927, networkLocation: /default-rack, certSerialId: null}, Type:RATIS, Factor:THREE, State:CLOSED] moved to CLOSED state
2019-07-13 07:39:14,874 INFO  util.JmxRegister (JmxRegister.java:unregister(73)) - Successfully un-registered JMX Bean with object name Ratis:service=RaftServer,group=group-8ECB9A2F2100,id=ae8bc3db-8a02-4092-94ea-9b10afa414ae
2019-07-13 07:39:14,875 INFO  pipeline.SCMPipelineManager (SCMPipelineManager.java:finalizeAndDestroyPipeline(309)) - destroying pipeline:Pipeline[ Id: 5a590f66-1f69-40d8-8db7-84a5627367a8, Nodes: 193812a9-ddf0-4c4f-ad33-42e352a506b5{ip: 192.168.69.84, host: trunk-nightly-9lh4p-2362225927, networkLocation: /default-rack, certSerialId: null}, Type:RATIS, Factor:ONE, State:OPEN]
2019-07-13 07:39:14,875 INFO  ratis.ContainerStateMachine (ContainerStateMachine.java:takeSnapshot(246)) - Taking snapshot at termIndex:(t:0, i:~)
2019-07-13 07:39:14,875 INFO  impl.StateMachineUpdater (StateMachineUpdater.java:stopAndJoin(115)) - StateMachineUpdater:193812a9-ddf0-4c4f-ad33-42e352a506b5:group-84A5627367A8: set stopIndex = 0
2019-07-13 07:39:14,876 INFO  pipeline.PipelineStateManager (PipelineStateManager.java:finalizePipeline(123)) - Pipeline Pipeline[ Id: 5a590f66-1f69-40d8-8db7-84a5627367a8, Nodes: 193812a9-ddf0-4c4f-ad33-42e352a506b5{ip: 192.168.69.84, host: trunk-nightly-9lh4p-2362225927, networkLocation: /default-rack, certSerialId: null}, Type:RATIS, Factor:ONE, State:CLOSED] moved to CLOSED state
2019-07-13 07:39:14,875 INFO  impl.RoleInfo (RoleInfo.java:shutdownFollowerState(121)) - ae8bc3db-8a02-4092-94ea-9b10afa414ae: shutdown FollowerState
2019-07-13 07:39:14,876 INFO  impl.RaftServerImpl (ServerState.java:close(394)) - 193812a9-ddf0-4c4f-ad33-42e352a506b5:group-84A5627367A8 closes. The last applied log index is 0
2019-07-13 07:39:14,877 INFO  ratis.ContainerStateMachine (ContainerStateMachine.java:takeSnapshot(246)) - Taking snapshot at termIndex:(t:0, i:~)
2019-07-13 07:39:14,877 INFO  impl.FollowerState (FollowerState.java:run(114)) - ae8bc3db-8a02-4092-94ea-9b10afa414ae: FollowerState was interrupted: java.lang.InterruptedException: sleep interrupted
2019-07-13 07:39:14,877 INFO  impl.StateMachineUpdater (StateMachineUpdater.java:stopAndJoin(115)) - StateMachineUpdater:ae8bc3db-8a02-4092-94ea-9b10afa414ae:group-8ECB9A2F2100: set stopIndex = 0
2019-07-13 07:39:14,886 INFO  impl.RaftServerImpl (ServerState.java:close(394)) - ae8bc3db-8a02-4092-94ea-9b10afa414ae:group-8ECB9A2F2100 closes. The last applied log index is 0
2019-07-13 07:39:14,878 INFO  segmented.SegmentedRaftLogWorker (SegmentedRaftLogWorker.java:run(313)) - 193812a9-ddf0-4c4f-ad33-42e352a506b5-SegmentedRaftLogWorker:Storage Directory /tmp/workdir/hadoop-ozone/integration-test/target/test-dir/MiniOzoneClusterImpl-44c4c997-bfce-4c08-899e-6a5652d50fdd/datanode-4/data/ratis/5a590f66-1f69-40d8-8db7-84a5627367a8 was interrupted, exiting. There are 0 tasks remaining in the queue.
2019-07-13 07:39:14,886 INFO  segmented.SegmentedRaftLogWorker (SegmentedRaftLogWorker.java:run(313)) - ae8bc3db-8a02-4092-94ea-9b10afa414ae-SegmentedRaftLogWorker:Storage Directory /tmp/workdir/hadoop-ozone/integration-test/target/test-dir/MiniOzoneClusterImpl-44c4c997-bfce-4c08-899e-6a5652d50fdd/datanode-1/data/ratis/6f44a408-381a-4216-9eae-8ecb9a2f2100 was interrupted, exiting. There are 0 tasks remaining in the queue.
2019-07-13 07:39:14,888 INFO  segmented.SegmentedRaftLogWorker (SegmentedRaftLogWorker.java:close(228)) - 193812a9-ddf0-4c4f-ad33-42e352a506b5-SegmentedRaftLogWorker:Storage Directory /tmp/workdir/hadoop-ozone/integration-test/target/test-dir/MiniOzoneClusterImpl-44c4c997-bfce-4c08-899e-6a5652d50fdd/datanode-4/data/ratis/5a590f66-1f69-40d8-8db7-84a5627367a8 close()
2019-07-13 07:39:14,890 INFO  segmented.SegmentedRaftLogWorker (SegmentedRaftLogWorker.java:close(228)) - ae8bc3db-8a02-4092-94ea-9b10afa414ae-SegmentedRaftLogWorker:Storage Directory /tmp/workdir/hadoop-ozone/integration-test/target/test-dir/MiniOzoneClusterImpl-44c4c997-bfce-4c08-899e-6a5652d50fdd/datanode-1/data/ratis/6f44a408-381a-4216-9eae-8ecb9a2f2100 close()
2019-07-13 07:39:14,893 INFO  server.GrpcService (GrpcService.java:closeImpl(155)) - 193812a9-ddf0-4c4f-ad33-42e352a506b5: shutdown server with port 41389 now
2019-07-13 07:39:14,895 INFO  server.GrpcService (GrpcService.java:closeImpl(155)) - ae8bc3db-8a02-4092-94ea-9b10afa414ae: shutdown server with port 40214 now
2019-07-13 07:39:14,896 WARN  server.GrpcServerProtocolService (LogUtils.java:warn(134)) - 193812a9-ddf0-4c4f-ad33-42e352a506b5: appendEntries onError: org.apache.ratis.thirdparty.io.grpc.StatusRuntimeException: CANCELLED: cancelled before receiving half close
2019-07-13 07:39:14,896 INFO  server.GrpcService (GrpcService.java:closeImpl(163)) - 193812a9-ddf0-4c4f-ad33-42e352a506b5: shutdown server with port 41389 successfully
2019-07-13 07:39:14,897 WARN  server.GrpcLogAppender (LogUtils.java:warn(134)) - b8ec8f7f-5885-438b-bffb-7679c525b3f1->ae8bc3db-8a02-4092-94ea-9b10afa414ae: Failed appendEntries: org.apache.ratis.thirdparty.io.grpc.StatusRuntimeException: CANCELLED: HTTP/2 error code: CANCEL
Received Rst Stream
2019-07-13 07:39:14,896 INFO  server.GrpcService (GrpcService.java:closeImpl(163)) - ae8bc3db-8a02-4092-94ea-9b10afa414ae: shutdown server with port 40214 successfully
2019-07-13 07:39:14,896 WARN  server.GrpcServerProtocolService (LogUtils.java:warn(134)) - ae8bc3db-8a02-4092-94ea-9b10afa414ae: appendEntries onError: org.apache.ratis.thirdparty.io.grpc.StatusRuntimeException: CANCELLED: cancelled before receiving half close
2019-07-13 07:39:14,896 WARN  server.GrpcLogAppender (LogUtils.java:warn(134)) - 1da0944c-e4a6-458e-bf55-5b16341f6a4a->193812a9-ddf0-4c4f-ad33-42e352a506b5: Failed appendEntries: org.apache.ratis.thirdparty.io.grpc.StatusRuntimeException: CANCELLED: HTTP/2 error code: CANCEL
Received Rst Stream
2019-07-13 07:39:14,898 INFO  utils.BackgroundService (BackgroundService.java:shutdown(148)) - Shutting down service BlockDeletingService
2019-07-13 07:39:14,897 INFO  impl.FollowerInfo (FollowerInfo.java:lambda$new$0(50)) - b8ec8f7f-5885-438b-bffb-7679c525b3f1->ae8bc3db-8a02-4092-94ea-9b10afa414ae: nextIndex: updateUnconditionally 1 -> 0
2019-07-13 07:39:14,898 INFO  impl.FollowerInfo (FollowerInfo.java:lambda$new$0(50)) - 1da0944c-e4a6-458e-bf55-5b16341f6a4a->193812a9-ddf0-4c4f-ad33-42e352a506b5: nextIndex: updateUnconditionally 1 -> 0
2019-07-13 07:39:14,899 INFO  utils.BackgroundService (BackgroundService.java:shutdown(148)) - Shutting down service BlockDeletingService
2019-07-13 07:39:14,900 WARN  fs.CachingGetSpaceUsed (CachingGetSpaceUsed.java:run(183)) - Thread Interrupted waiting to refresh disk information: sleep interrupted
2019-07-13 07:39:14,900 WARN  fs.CachingGetSpaceUsed (CachingGetSpaceUsed.java:run(183)) - Thread Interrupted waiting to refresh disk information: sleep interrupted
2019-07-13 07:39:14,924 INFO  statemachine.DatanodeStateMachine (DatanodeStateMachine.java:stopDaemon(395)) - Ozone container server stopped.
2019-07-13 07:39:14,926 INFO  statemachine.DatanodeStateMachine (DatanodeStateMachine.java:stopDaemon(395)) - Ozone container server stopped.
2019-07-13 07:39:14,932 INFO  handler.ContextHandler (ContextHandler.java:doStop(910)) - Stopped o.e.j.w.WebAppContext@5bc1903{/,null,UNAVAILABLE}{/hddsDatanode}
2019-07-13 07:39:14,932 INFO  handler.ContextHandler (ContextHandler.java:doStop(910)) - Stopped o.e.j.w.WebAppContext@75b6bd41{/,null,UNAVAILABLE}{/hddsDatanode}
2019-07-13 07:39:14,932 INFO  server.AbstractConnector (AbstractConnector.java:doStop(318)) - Stopped ServerConnector@3cc5408c{HTTP/1.1,[http/1.1]}{0.0.0.0:0}
2019-07-13 07:39:14,934 INFO  handler.ContextHandler (ContextHandler.java:doStop(910)) - Stopped o.e.j.s.ServletContextHandler@734a2c17{/static,jar:file:/home/user/.m2/repository/org/apache/hadoop/hadoop-hdds-container-service/0.5.0-SNAPSHOT/hadoop-hdds-container-service-0.5.0-SNAPSHOT.jar!/webapps/static,UNAVAILABLE}
2019-07-13 07:39:14,935 INFO  server.AbstractConnector (AbstractConnector.java:doStop(318)) - Stopped ServerConnector@21457b14{HTTP/1.1,[http/1.1]}{0.0.0.0:0}
2019-07-13 07:39:14,936 INFO  handler.ContextHandler (ContextHandler.java:doStop(910)) - Stopped o.e.j.s.ServletContextHandler@7699e60a{/logs,file:///tmp/workdir/hadoop-ozone/integration-test/target/log,UNAVAILABLE}
2019-07-13 07:39:14,937 INFO  handler.ContextHandler (ContextHandler.java:doStop(910)) - Stopped o.e.j.s.ServletContextHandler@1a3a6216{/static,jar:file:/home/user/.m2/repository/org/apache/hadoop/hadoop-hdds-container-service/0.5.0-SNAPSHOT/hadoop-hdds-container-service-0.5.0-SNAPSHOT.jar!/webapps/static,UNAVAILABLE}
2019-07-13 07:39:14,937 INFO  datanode.ObjectStoreHandler (ObjectStoreHandler.java:close(155)) - Closing ObjectStoreHandler.
2019-07-13 07:39:14,938 INFO  handler.ContextHandler (ContextHandler.java:doStop(910)) - Stopped o.e.j.s.ServletContextHandler@23e1f610{/logs,file:///tmp/workdir/hadoop-ozone/integration-test/target/log,UNAVAILABLE}
2019-07-13 07:39:14,938 INFO  ozone.HddsDatanodeService (HddsDatanodeService.java:stop(452)) - Stopped plug-in org.apache.hadoop.ozone.web.OzoneHddsDatanodeService@2e60d4f4
2019-07-13 07:39:14,939 INFO  datanode.ObjectStoreHandler (ObjectStoreHandler.java:close(155)) - Closing ObjectStoreHandler.
2019-07-13 07:39:14,939 INFO  ozone.HddsDatanodeService (HddsDatanodeService.java:stop(452)) - Stopped plug-in org.apache.hadoop.ozone.web.OzoneHddsDatanodeService@64a8851a
2019-07-13 07:39:15,452 INFO  statemachine.DatanodeStateMachine (DatanodeStateMachine.java:lambda$startDaemon$0(350)) - Ozone container server started.
2019-07-13 07:39:15,627 INFO  statemachine.DatanodeStateMachine (DatanodeStateMachine.java:lambda$startDaemon$0(350)) - Ozone container server started.
2019-07-13 07:39:16,715 WARN  server.GrpcLogAppender (LogUtils.java:warn(134)) - b8ec8f7f-5885-438b-bffb-7679c525b3f1->ae8bc3db-8a02-4092-94ea-9b10afa414ae: Failed appendEntries: org.apache.ratis.thirdparty.io.grpc.StatusRuntimeException: UNAVAILABLE: io exception
2019-07-13 07:39:16,715 INFO  impl.FollowerInfo (FollowerInfo.java:lambda$new$0(50)) - b8ec8f7f-5885-438b-bffb-7679c525b3f1->ae8bc3db-8a02-4092-94ea-9b10afa414ae: nextIndex: updateUnconditionally 0 -> 0
2019-07-13 07:39:17,250 WARN  server.GrpcLogAppender (LogUtils.java:warn(134)) - 1da0944c-e4a6-458e-bf55-5b16341f6a4a->193812a9-ddf0-4c4f-ad33-42e352a506b5: Failed appendEntries: org.apache.ratis.thirdparty.io.grpc.StatusRuntimeException: UNAVAILABLE: io exception
2019-07-13 07:39:17,250 INFO  impl.FollowerInfo (FollowerInfo.java:lambda$new$0(50)) - 1da0944c-e4a6-458e-bf55-5b16341f6a4a->193812a9-ddf0-4c4f-ad33-42e352a506b5: nextIndex: updateUnconditionally 0 -> 0
2019-07-13 07:39:19,216 WARN  server.GrpcLogAppender (LogUtils.java:warn(134)) - b8ec8f7f-5885-438b-bffb-7679c525b3f1->ae8bc3db-8a02-4092-94ea-9b10afa414ae: Failed appendEntries: org.apache.ratis.thirdparty.io.grpc.StatusRuntimeException: UNAVAILABLE: io exception
2019-07-13 07:39:19,216 INFO  impl.FollowerInfo (FollowerInfo.java:lambda$new$0(50)) - b8ec8f7f-5885-438b-bffb-7679c525b3f1->ae8bc3db-8a02-4092-94ea-9b10afa414ae: nextIndex: updateUnconditionally 0 -> 0
2019-07-13 07:39:19,479 INFO  node.StaleNodeHandler (StaleNodeHandler.java:onMessage(58)) - Datanode fdc85edf-36c2-42ff-b00a-0eabab82fdf0{ip: 192.168.69.84, host: trunk-nightly-9lh4p-2362225927, networkLocation: /default-rack, certSerialId: null} moved to stale state. Finalizing its pipelines [PipelineID=8764eb77-afbc-4f2f-aa17-1c1572427317, PipelineID=6f44a408-381a-4216-9eae-8ecb9a2f2100]
2019-07-13 07:39:19,480 INFO  pipeline.SCMPipelineManager (SCMPipelineManager.java:finalizeAndDestroyPipeline(309)) - destroying pipeline:Pipeline[ Id: 8764eb77-afbc-4f2f-aa17-1c1572427317, Nodes: fdc85edf-36c2-42ff-b00a-0eabab82fdf0{ip: 192.168.69.84, host: trunk-nightly-9lh4p-2362225927, networkLocation: /default-rack, certSerialId: null}, Type:RATIS, Factor:ONE, State:OPEN]
2019-07-13 07:39:19,480 INFO  pipeline.PipelineStateManager (PipelineStateManager.java:finalizePipeline(123)) - Pipeline Pipeline[ Id: 8764eb77-afbc-4f2f-aa17-1c1572427317, Nodes: fdc85edf-36c2-42ff-b00a-0eabab82fdf0{ip: 192.168.69.84, host: trunk-nightly-9lh4p-2362225927, networkLocation: /default-rack, certSerialId: null}, Type:RATIS, Factor:ONE, State:CLOSED] moved to CLOSED state
2019-07-13 07:39:19,480 INFO  pipeline.SCMPipelineManager (SCMPipelineManager.java:finalizeAndDestroyPipeline(309)) - destroying pipeline:Pipeline[ Id: 6f44a408-381a-4216-9eae-8ecb9a2f2100, Nodes: ae8bc3db-8a02-4092-94ea-9b10afa414ae{ip: 192.168.69.84, host: trunk-nightly-9lh4p-2362225927, networkLocation: /default-rack, certSerialId: null}fdc85edf-36c2-42ff-b00a-0eabab82fdf0{ip: 192.168.69.84, host: trunk-nightly-9lh4p-2362225927, networkLocation: /default-rack, certSerialId: null}b8ec8f7f-5885-438b-bffb-7679c525b3f1{ip: 192.168.69.84, host: trunk-nightly-9lh4p-2362225927, networkLocation: /default-rack, certSerialId: null}, Type:RATIS, Factor:THREE, State:CLOSED]
2019-07-13 07:39:19,680 INFO  node.StaleNodeHandler (StaleNodeHandler.java:onMessage(58)) - Datanode 1da0944c-e4a6-458e-bf55-5b16341f6a4a{ip: 192.168.69.84, host: trunk-nightly-9lh4p-2362225927, networkLocation: /default-rack, certSerialId: null} moved to stale state. Finalizing its pipelines [PipelineID=e5a2e8a1-307d-4c5a-87e5-b1150f114f21, PipelineID=ab1db055-4207-4c07-9c12-a2757ef14dc3]
2019-07-13 07:39:19,680 INFO  pipeline.SCMPipelineManager (SCMPipelineManager.java:finalizeAndDestroyPipeline(309)) - destroying pipeline:Pipeline[ Id: e5a2e8a1-307d-4c5a-87e5-b1150f114f21, Nodes: 1da0944c-e4a6-458e-bf55-5b16341f6a4a{ip: 192.168.69.84, host: trunk-nightly-9lh4p-2362225927, networkLocation: /default-rack, certSerialId: null}e7643d2c-5e46-41d8-8521-588c8d4fa897{ip: 192.168.69.84, host: trunk-nightly-9lh4p-2362225927, networkLocation: /default-rack, certSerialId: null}193812a9-ddf0-4c4f-ad33-42e352a506b5{ip: 192.168.69.84, host: trunk-nightly-9lh4p-2362225927, networkLocation: /default-rack, certSerialId: null}, Type:RATIS, Factor:THREE, State:CLOSED]
2019-07-13 07:39:19,680 INFO  pipeline.SCMPipelineManager (SCMPipelineManager.java:finalizeAndDestroyPipeline(309)) - destroying pipeline:Pipeline[ Id: ab1db055-4207-4c07-9c12-a2757ef14dc3, Nodes: 1da0944c-e4a6-458e-bf55-5b16341f6a4a{ip: 192.168.69.84, host: trunk-nightly-9lh4p-2362225927, networkLocation: /default-rack, certSerialId: null}, Type:RATIS, Factor:ONE, State:OPEN]
2019-07-13 07:39:19,681 INFO  pipeline.PipelineStateManager (PipelineStateManager.java:finalizePipeline(123)) - Pipeline Pipeline[ Id: ab1db055-4207-4c07-9c12-a2757ef14dc3, Nodes: 1da0944c-e4a6-458e-bf55-5b16341f6a4a{ip: 192.168.69.84, host: trunk-nightly-9lh4p-2362225927, networkLocation: /default-rack, certSerialId: null}, Type:RATIS, Factor:ONE, State:CLOSED] moved to CLOSED state
2019-07-13 07:39:19,681 INFO  container.CloseContainerEventHandler (CloseContainerEventHandler.java:onMessage(61)) - Close container Event triggered for container : #2
2019-07-13 07:39:19,750 WARN  server.GrpcLogAppender (LogUtils.java:warn(134)) - 1da0944c-e4a6-458e-bf55-5b16341f6a4a->193812a9-ddf0-4c4f-ad33-42e352a506b5: Failed appendEntries: org.apache.ratis.thirdparty.io.grpc.StatusRuntimeException: UNAVAILABLE: io exception
2019-07-13 07:39:19,750 INFO  impl.FollowerInfo (FollowerInfo.java:lambda$new$0(50)) - 1da0944c-e4a6-458e-bf55-5b16341f6a4a->193812a9-ddf0-4c4f-ad33-42e352a506b5: nextIndex: updateUnconditionally 0 -> 0
2019-07-13 07:39:19,939 INFO  ozoneimpl.OzoneContainer (OzoneContainer.java:stop(199)) - Attempting to stop container services.
2019-07-13 07:39:19,939 INFO  impl.RaftServerProxy (RaftServerProxy.java:lambda$close$4(314)) - fdc85edf-36c2-42ff-b00a-0eabab82fdf0: close
2019-07-13 07:39:19,940 INFO  impl.RaftServerImpl (RaftServerImpl.java:lambda$shutdown$3(245)) - fdc85edf-36c2-42ff-b00a-0eabab82fdf0: shutdown group-1C1572427317
2019-07-13 07:39:19,940 INFO  ozoneimpl.OzoneContainer (OzoneContainer.java:stop(199)) - Attempting to stop container services.
2019-07-13 07:39:19,940 INFO  util.JmxRegister (JmxRegister.java:unregister(73)) - Successfully un-registered JMX Bean with object name Ratis:service=RaftServer,group=group-1C1572427317,id=fdc85edf-36c2-42ff-b00a-0eabab82fdf0
2019-07-13 07:39:19,941 INFO  impl.RaftServerProxy (RaftServerProxy.java:lambda$close$4(314)) - 1da0944c-e4a6-458e-bf55-5b16341f6a4a: close
2019-07-13 07:39:19,941 INFO  impl.RoleInfo (RoleInfo.java:shutdownLeaderState(104)) - fdc85edf-36c2-42ff-b00a-0eabab82fdf0: shutdown LeaderState
2019-07-13 07:39:19,941 INFO  impl.RaftServerImpl (RaftServerImpl.java:lambda$shutdown$3(245)) - 1da0944c-e4a6-458e-bf55-5b16341f6a4a: shutdown group-B1150F114F21
2019-07-13 07:39:19,942 INFO  impl.PendingRequests (PendingRequests.java:sendNotLeaderResponses(202)) - fdc85edf-36c2-42ff-b00a-0eabab82fdf0-PendingRequests: sendNotLeaderResponses
2019-07-13 07:39:19,942 INFO  util.JmxRegister (JmxRegister.java:unregister(73)) - Successfully un-registered JMX Bean with object name Ratis:service=RaftServer,group=group-B1150F114F21,id=1da0944c-e4a6-458e-bf55-5b16341f6a4a
2019-07-13 07:39:19,943 INFO  ratis.ContainerStateMachine (ContainerStateMachine.java:takeSnapshot(246)) - Taking snapshot at termIndex:(t:0, i:~)
2019-07-13 07:39:19,942 INFO  impl.StateMachineUpdater (StateMachineUpdater.java:stopAndJoin(115)) - StateMachineUpdater:fdc85edf-36c2-42ff-b00a-0eabab82fdf0:group-1C1572427317: set stopIndex = 0
2019-07-13 07:39:19,943 INFO  impl.RaftServerImpl (ServerState.java:close(394)) - fdc85edf-36c2-42ff-b00a-0eabab82fdf0:group-1C1572427317 closes. The last applied log index is 0
2019-07-13 07:39:19,943 INFO  impl.RoleInfo (RoleInfo.java:shutdownLeaderState(104)) - 1da0944c-e4a6-458e-bf55-5b16341f6a4a: shutdown LeaderState
2019-07-13 07:39:19,944 INFO  segmented.SegmentedRaftLogWorker (SegmentedRaftLogWorker.java:run(313)) - fdc85edf-36c2-42ff-b00a-0eabab82fdf0-SegmentedRaftLogWorker:Storage Directory /tmp/workdir/hadoop-ozone/integration-test/target/test-dir/MiniOzoneClusterImpl-44c4c997-bfce-4c08-899e-6a5652d50fdd/datanode-2/data/ratis/8764eb77-afbc-4f2f-aa17-1c1572427317 was interrupted, exiting. There are 0 tasks remaining in the queue.
2019-07-13 07:39:19,957 INFO  impl.PendingRequests (PendingRequests.java:sendNotLeaderResponses(202)) - 1da0944c-e4a6-458e-bf55-5b16341f6a4a-PendingRequests: sendNotLeaderResponses
2019-07-13 07:39:19,959 INFO  segmented.SegmentedRaftLogWorker (SegmentedRaftLogWorker.java:close(228)) - fdc85edf-36c2-42ff-b00a-0eabab82fdf0-SegmentedRaftLogWorker:Storage Directory /tmp/workdir/hadoop-ozone/integration-test/target/test-dir/MiniOzoneClusterImpl-44c4c997-bfce-4c08-899e-6a5652d50fdd/datanode-2/data/ratis/8764eb77-afbc-4f2f-aa17-1c1572427317 close()
2019-07-13 07:39:19,957 WARN  server.GrpcLogAppender (GrpcLogAppender.java:mayWait(143)) - GrpcLogAppender(1da0944c-e4a6-458e-bf55-5b16341f6a4a->e7643d2c-5e46-41d8-8521-588c8d4fa897): Wait interrupted by java.lang.InterruptedException
2019-07-13 07:39:19,957 WARN  server.GrpcLogAppender (GrpcLogAppender.java:mayWait(143)) - GrpcLogAppender(1da0944c-e4a6-458e-bf55-5b16341f6a4a->193812a9-ddf0-4c4f-ad33-42e352a506b5): Wait interrupted by java.lang.InterruptedException
2019-07-13 07:39:19,961 INFO  impl.RaftServerImpl (RaftServerImpl.java:lambda$shutdown$3(245)) - fdc85edf-36c2-42ff-b00a-0eabab82fdf0: shutdown group-8ECB9A2F2100
2019-07-13 07:39:19,959 INFO  ratis.ContainerStateMachine (ContainerStateMachine.java:takeSnapshot(246)) - Taking snapshot at termIndex:(t:0, i:~)
2019-07-13 07:39:19,959 INFO  impl.StateMachineUpdater (StateMachineUpdater.java:stopAndJoin(115)) - StateMachineUpdater:1da0944c-e4a6-458e-bf55-5b16341f6a4a:group-B1150F114F21: set stopIndex = 0
2019-07-13 07:39:19,962 INFO  util.JmxRegister (JmxRegister.java:unregister(73)) - Successfully un-registered JMX Bean with object name Ratis:service=RaftServer,group=group-8ECB9A2F2100,id=fdc85edf-36c2-42ff-b00a-0eabab82fdf0
2019-07-13 07:39:19,963 INFO  impl.RoleInfo (RoleInfo.java:shutdownFollowerState(121)) - fdc85edf-36c2-42ff-b00a-0eabab82fdf0: shutdown FollowerState
2019-07-13 07:39:19,962 INFO  server.GrpcServerProtocolService (GrpcServerProtocolService.java:onCompleted(104)) - e7643d2c-5e46-41d8-8521-588c8d4fa897: appendEntries completed
2019-07-13 07:39:19,963 INFO  impl.FollowerState (FollowerState.java:run(114)) - fdc85edf-36c2-42ff-b00a-0eabab82fdf0: FollowerState was interrupted: java.lang.InterruptedException: sleep interrupted
2019-07-13 07:39:19,963 INFO  ratis.ContainerStateMachine (ContainerStateMachine.java:takeSnapshot(246)) - Taking snapshot at termIndex:(t:0, i:~)
2019-07-13 07:39:19,963 INFO  impl.StateMachineUpdater (StateMachineUpdater.java:stopAndJoin(115)) - StateMachineUpdater:fdc85edf-36c2-42ff-b00a-0eabab82fdf0:group-8ECB9A2F2100: set stopIndex = 0
2019-07-13 07:39:19,964 INFO  impl.RaftServerImpl (ServerState.java:close(394)) - fdc85edf-36c2-42ff-b00a-0eabab82fdf0:group-8ECB9A2F2100 closes. The last applied log index is 0
2019-07-13 07:39:19,963 INFO  impl.RaftServerImpl (ServerState.java:close(394)) - 1da0944c-e4a6-458e-bf55-5b16341f6a4a:group-B1150F114F21 closes. The last applied log index is 0
2019-07-13 07:39:19,964 INFO  segmented.SegmentedRaftLogWorker (SegmentedRaftLogWorker.java:run(313)) - fdc85edf-36c2-42ff-b00a-0eabab82fdf0-SegmentedRaftLogWorker:Storage Directory /tmp/workdir/hadoop-ozone/integration-test/target/test-dir/MiniOzoneClusterImpl-44c4c997-bfce-4c08-899e-6a5652d50fdd/datanode-2/data/ratis/6f44a408-381a-4216-9eae-8ecb9a2f2100 was interrupted, exiting. There are 0 tasks remaining in the queue.
2019-07-13 07:39:19,964 INFO  server.GrpcLogAppender (GrpcLogAppender.java:onCompleted(292)) - 1da0944c-e4a6-458e-bf55-5b16341f6a4a->e7643d2c-5e46-41d8-8521-588c8d4fa897: follower responses appendEntries COMPLETED
2019-07-13 07:39:19,965 INFO  segmented.SegmentedRaftLogWorker (SegmentedRaftLogWorker.java:run(313)) - 1da0944c-e4a6-458e-bf55-5b16341f6a4a-SegmentedRaftLogWorker:Storage Directory /tmp/workdir/hadoop-ozone/integration-test/target/test-dir/MiniOzoneClusterImpl-44c4c997-bfce-4c08-899e-6a5652d50fdd/datanode-3/data/ratis/e5a2e8a1-307d-4c5a-87e5-b1150f114f21 was interrupted, exiting. There are 0 tasks remaining in the queue.
2019-07-13 07:39:19,967 INFO  segmented.SegmentedRaftLogWorker (SegmentedRaftLogWorker.java:close(228)) - fdc85edf-36c2-42ff-b00a-0eabab82fdf0-SegmentedRaftLogWorker:Storage Directory /tmp/workdir/hadoop-ozone/integration-test/target/test-dir/MiniOzoneClusterImpl-44c4c997-bfce-4c08-899e-6a5652d50fdd/datanode-2/data/ratis/6f44a408-381a-4216-9eae-8ecb9a2f2100 close()
2019-07-13 07:39:19,970 INFO  segmented.SegmentedRaftLogWorker (SegmentedRaftLogWorker.java:close(228)) - 1da0944c-e4a6-458e-bf55-5b16341f6a4a-SegmentedRaftLogWorker:Storage Directory /tmp/workdir/hadoop-ozone/integration-test/target/test-dir/MiniOzoneClusterImpl-44c4c997-bfce-4c08-899e-6a5652d50fdd/datanode-3/data/ratis/e5a2e8a1-307d-4c5a-87e5-b1150f114f21 close()
2019-07-13 07:39:19,968 INFO  impl.FollowerInfo (FollowerInfo.java:lambda$new$0(50)) - 1da0944c-e4a6-458e-bf55-5b16341f6a4a->e7643d2c-5e46-41d8-8521-588c8d4fa897: nextIndex: updateUnconditionally 1 -> 0
2019-07-13 07:39:19,974 INFO  impl.RaftServerImpl (RaftServerImpl.java:lambda$shutdown$3(245)) - 1da0944c-e4a6-458e-bf55-5b16341f6a4a: shutdown group-A2757EF14DC3
2019-07-13 07:39:19,972 INFO  server.GrpcService (GrpcService.java:closeImpl(155)) - fdc85edf-36c2-42ff-b00a-0eabab82fdf0: shutdown server with port 45789 now
2019-07-13 07:39:19,975 INFO  util.JmxRegister (JmxRegister.java:unregister(73)) - Successfully un-registered JMX Bean with object name Ratis:service=RaftServer,group=group-A2757EF14DC3,id=1da0944c-e4a6-458e-bf55-5b16341f6a4a
2019-07-13 07:39:19,975 INFO  impl.RoleInfo (RoleInfo.java:shutdownLeaderState(104)) - 1da0944c-e4a6-458e-bf55-5b16341f6a4a: shutdown LeaderState
2019-07-13 07:39:19,976 WARN  server.GrpcLogAppender (LogUtils.java:warn(134)) - b8ec8f7f-5885-438b-bffb-7679c525b3f1->fdc85edf-36c2-42ff-b00a-0eabab82fdf0: Failed appendEntries: org.apache.ratis.thirdparty.io.grpc.StatusRuntimeException: CANCELLED: HTTP/2 error code: CANCEL
Received Rst Stream
2019-07-13 07:39:19,976 INFO  server.GrpcService (GrpcService.java:closeImpl(163)) - fdc85edf-36c2-42ff-b00a-0eabab82fdf0: shutdown server with port 45789 successfully
2019-07-13 07:39:19,976 WARN  server.GrpcServerProtocolService (LogUtils.java:warn(134)) - fdc85edf-36c2-42ff-b00a-0eabab82fdf0: appendEntries onError: org.apache.ratis.thirdparty.io.grpc.StatusRuntimeException: CANCELLED: cancelled before receiving half close
2019-07-13 07:39:19,976 INFO  impl.FollowerInfo (FollowerInfo.java:lambda$new$0(50)) - b8ec8f7f-5885-438b-bffb-7679c525b3f1->fdc85edf-36c2-42ff-b00a-0eabab82fdf0: nextIndex: updateUnconditionally 1 -> 0
2019-07-13 07:39:19,976 INFO  impl.PendingRequests (PendingRequests.java:sendNotLeaderResponses(202)) - 1da0944c-e4a6-458e-bf55-5b16341f6a4a-PendingRequests: sendNotLeaderResponses
2019-07-13 07:39:19,977 INFO  utils.BackgroundService (BackgroundService.java:shutdown(148)) - Shutting down service BlockDeletingService
2019-07-13 07:39:19,985 INFO  impl.StateMachineUpdater (StateMachineUpdater.java:stopAndJoin(115)) - StateMachineUpdater:1da0944c-e4a6-458e-bf55-5b16341f6a4a:group-A2757EF14DC3: set stopIndex = 12
2019-07-13 07:39:19,985 INFO  ratis.ContainerStateMachine (ContainerStateMachine.java:takeSnapshot(246)) - Taking snapshot at termIndex:(t:1, i:11)
2019-07-13 07:39:19,985 INFO  ratis.ContainerStateMachine (ContainerStateMachine.java:takeSnapshot(250)) - Taking a snapshot to file /tmp/workdir/hadoop-ozone/integration-test/target/test-dir/MiniOzoneClusterImpl-44c4c997-bfce-4c08-899e-6a5652d50fdd/datanode-3/data/ratis/ab1db055-4207-4c07-9c12-a2757ef14dc3/sm/snapshot.1_11
2019-07-13 07:39:19,985 WARN  fs.CachingGetSpaceUsed (CachingGetSpaceUsed.java:run(183)) - Thread Interrupted waiting to refresh disk information: sleep interrupted
2019-07-13 07:39:19,986 INFO  impl.StateMachineUpdater (StateMachineUpdater.java:takeSnapshot(242)) - StateMachineUpdater:1da0944c-e4a6-458e-bf55-5b16341f6a4a:group-A2757EF14DC3: Took a snapshot at index 11
2019-07-13 07:39:19,986 INFO  impl.StateMachineUpdater (StateMachineUpdater.java:lambda$new$0(80)) - StateMachineUpdater:1da0944c-e4a6-458e-bf55-5b16341f6a4a:group-A2757EF14DC3: snapshotIndex: updateIncreasingly -1 -> 11
2019-07-13 07:39:19,986 INFO  impl.RaftServerImpl (ServerState.java:close(394)) - 1da0944c-e4a6-458e-bf55-5b16341f6a4a:group-A2757EF14DC3 closes. The last applied log index is 12
2019-07-13 07:39:19,987 INFO  segmented.SegmentedRaftLogWorker (SegmentedRaftLogWorker.java:run(313)) - 1da0944c-e4a6-458e-bf55-5b16341f6a4a-SegmentedRaftLogWorker:Storage Directory /tmp/workdir/hadoop-ozone/integration-test/target/test-dir/MiniOzoneClusterImpl-44c4c997-bfce-4c08-899e-6a5652d50fdd/datanode-3/data/ratis/ab1db055-4207-4c07-9c12-a2757ef14dc3 was interrupted, exiting. There are 0 tasks remaining in the queue.
2019-07-13 07:39:19,989 INFO  segmented.SegmentedRaftLogWorker (SegmentedRaftLogWorker.java:close(228)) - 1da0944c-e4a6-458e-bf55-5b16341f6a4a-SegmentedRaftLogWorker:Storage Directory /tmp/workdir/hadoop-ozone/integration-test/target/test-dir/MiniOzoneClusterImpl-44c4c997-bfce-4c08-899e-6a5652d50fdd/datanode-3/data/ratis/ab1db055-4207-4c07-9c12-a2757ef14dc3 close()
2019-07-13 07:39:19,991 INFO  server.GrpcService (GrpcService.java:closeImpl(155)) - 1da0944c-e4a6-458e-bf55-5b16341f6a4a: shutdown server with port 39724 now
2019-07-13 07:39:19,993 INFO  server.GrpcService (GrpcService.java:closeImpl(163)) - 1da0944c-e4a6-458e-bf55-5b16341f6a4a: shutdown server with port 39724 successfully
2019-07-13 07:39:19,995 INFO  utils.BackgroundService (BackgroundService.java:shutdown(148)) - Shutting down service BlockDeletingService
2019-07-13 07:39:19,998 WARN  fs.CachingGetSpaceUsed (CachingGetSpaceUsed.java:run(183)) - Thread Interrupted waiting to refresh disk information: sleep interrupted
2019-07-13 07:39:20,010 INFO  statemachine.DatanodeStateMachine (DatanodeStateMachine.java:stopDaemon(395)) - Ozone container server stopped.
2019-07-13 07:39:20,015 INFO  handler.ContextHandler (ContextHandler.java:doStop(910)) - Stopped o.e.j.w.WebAppContext@20608ef4{/,null,UNAVAILABLE}{/hddsDatanode}
2019-07-13 07:39:20,016 INFO  server.AbstractConnector (AbstractConnector.java:doStop(318)) - Stopped ServerConnector@30a1b2ad{HTTP/1.1,[http/1.1]}{0.0.0.0:0}
2019-07-13 07:39:20,017 INFO  handler.ContextHandler (ContextHandler.java:doStop(910)) - Stopped o.e.j.s.ServletContextHandler@70ab1ce0{/static,jar:file:/home/user/.m2/repository/org/apache/hadoop/hadoop-hdds-container-service/0.5.0-SNAPSHOT/hadoop-hdds-container-service-0.5.0-SNAPSHOT.jar!/webapps/static,UNAVAILABLE}
2019-07-13 07:39:20,019 INFO  handler.ContextHandler (ContextHandler.java:doStop(910)) - Stopped o.e.j.s.ServletContextHandler@38f3dbbf{/logs,file:///tmp/workdir/hadoop-ozone/integration-test/target/log,UNAVAILABLE}
2019-07-13 07:39:20,019 INFO  datanode.ObjectStoreHandler (ObjectStoreHandler.java:close(155)) - Closing ObjectStoreHandler.
2019-07-13 07:39:20,020 INFO  ozone.HddsDatanodeService (HddsDatanodeService.java:stop(452)) - Stopped plug-in org.apache.hadoop.ozone.web.OzoneHddsDatanodeService@6f12b637
2019-07-13 07:39:20,027 INFO  statemachine.DatanodeStateMachine (DatanodeStateMachine.java:stopDaemon(395)) - Ozone container server stopped.
2019-07-13 07:39:20,028 INFO  handler.ContextHandler (ContextHandler.java:doStop(910)) - Stopped o.e.j.w.WebAppContext@434a72f2{/,null,UNAVAILABLE}{/hddsDatanode}
2019-07-13 07:39:20,029 INFO  server.AbstractConnector (AbstractConnector.java:doStop(318)) - Stopped ServerConnector@5c8e7687{HTTP/1.1,[http/1.1]}{0.0.0.0:0}
2019-07-13 07:39:20,029 INFO  handler.ContextHandler (ContextHandler.java:doStop(910)) - Stopped o.e.j.s.ServletContextHandler@6bf70600{/static,jar:file:/home/user/.m2/repository/org/apache/hadoop/hadoop-hdds-container-service/0.5.0-SNAPSHOT/hadoop-hdds-container-service-0.5.0-SNAPSHOT.jar!/webapps/static,UNAVAILABLE}
2019-07-13 07:39:20,030 INFO  handler.ContextHandler (ContextHandler.java:doStop(910)) - Stopped o.e.j.s.ServletContextHandler@4645a575{/logs,file:///tmp/workdir/hadoop-ozone/integration-test/target/log,UNAVAILABLE}
2019-07-13 07:39:20,030 INFO  datanode.ObjectStoreHandler (ObjectStoreHandler.java:close(155)) - Closing ObjectStoreHandler.
2019-07-13 07:39:20,031 INFO  ozone.HddsDatanodeService (HddsDatanodeService.java:stop(452)) - Stopped plug-in org.apache.hadoop.ozone.web.OzoneHddsDatanodeService@586af46
2019-07-13 07:39:20,118 INFO  statemachine.DatanodeStateMachine (DatanodeStateMachine.java:lambda$startDaemon$0(350)) - Ozone container server started.
2019-07-13 07:39:20,413 INFO  statemachine.DatanodeStateMachine (DatanodeStateMachine.java:lambda$startDaemon$0(350)) - Ozone container server started.
2019-07-13 07:39:21,717 WARN  server.GrpcLogAppender (LogUtils.java:warn(134)) - b8ec8f7f-5885-438b-bffb-7679c525b3f1->ae8bc3db-8a02-4092-94ea-9b10afa414ae: Failed appendEntries: org.apache.ratis.thirdparty.io.grpc.StatusRuntimeException: UNAVAILABLE: io exception
2019-07-13 07:39:21,717 INFO  impl.FollowerInfo (FollowerInfo.java:lambda$new$0(50)) - b8ec8f7f-5885-438b-bffb-7679c525b3f1->ae8bc3db-8a02-4092-94ea-9b10afa414ae: nextIndex: updateUnconditionally 0 -> 0
2019-07-13 07:39:21,718 WARN  server.GrpcLogAppender (LogUtils.java:warn(134)) - b8ec8f7f-5885-438b-bffb-7679c525b3f1->fdc85edf-36c2-42ff-b00a-0eabab82fdf0: Failed appendEntries: org.apache.ratis.thirdparty.io.grpc.StatusRuntimeException: UNAVAILABLE: io exception
2019-07-13 07:39:21,719 INFO  impl.FollowerInfo (FollowerInfo.java:lambda$new$0(50)) - b8ec8f7f-5885-438b-bffb-7679c525b3f1->fdc85edf-36c2-42ff-b00a-0eabab82fdf0: nextIndex: updateUnconditionally 0 -> 0
2019-07-13 07:39:24,190 INFO  node.StaleNodeHandler (StaleNodeHandler.java:onMessage(58)) - Datanode 584e26fa-9fa2-4a20-8f9d-b73519ac6aab{ip: 192.168.69.84, host: trunk-nightly-9lh4p-2362225927, networkLocation: /default-rack, certSerialId: null} moved to stale state. Finalizing its pipelines [PipelineID=7638e9a5-1991-4eb6-98d4-2003f389307e]
2019-07-13 07:39:24,191 INFO  pipeline.SCMPipelineManager (SCMPipelineManager.java:finalizeAndDestroyPipeline(309)) - destroying pipeline:Pipeline[ Id: 7638e9a5-1991-4eb6-98d4-2003f389307e, Nodes: 584e26fa-9fa2-4a20-8f9d-b73519ac6aab{ip: 192.168.69.84, host: trunk-nightly-9lh4p-2362225927, networkLocation: /default-rack, certSerialId: null}, Type:RATIS, Factor:ONE, State:OPEN]
2019-07-13 07:39:24,191 INFO  pipeline.PipelineStateManager (PipelineStateManager.java:finalizePipeline(123)) - Pipeline Pipeline[ Id: 7638e9a5-1991-4eb6-98d4-2003f389307e, Nodes: 584e26fa-9fa2-4a20-8f9d-b73519ac6aab{ip: 192.168.69.84, host: trunk-nightly-9lh4p-2362225927, networkLocation: /default-rack, certSerialId: null}, Type:RATIS, Factor:ONE, State:CLOSED] moved to CLOSED state
2019-07-13 07:39:24,217 WARN  server.GrpcLogAppender (LogUtils.java:warn(134)) - b8ec8f7f-5885-438b-bffb-7679c525b3f1->ae8bc3db-8a02-4092-94ea-9b10afa414ae: Failed appendEntries: org.apache.ratis.thirdparty.io.grpc.StatusRuntimeException: UNAVAILABLE: io exception
2019-07-13 07:39:24,218 INFO  impl.FollowerInfo (FollowerInfo.java:lambda$new$0(50)) - b8ec8f7f-5885-438b-bffb-7679c525b3f1->ae8bc3db-8a02-4092-94ea-9b10afa414ae: nextIndex: updateUnconditionally 0 -> 0
2019-07-13 07:39:24,219 WARN  server.GrpcLogAppender (LogUtils.java:warn(134)) - b8ec8f7f-5885-438b-bffb-7679c525b3f1->fdc85edf-36c2-42ff-b00a-0eabab82fdf0: Failed appendEntries: org.apache.ratis.thirdparty.io.grpc.StatusRuntimeException: UNAVAILABLE: io exception
2019-07-13 07:39:24,219 INFO  impl.FollowerInfo (FollowerInfo.java:lambda$new$0(50)) - b8ec8f7f-5885-438b-bffb-7679c525b3f1->fdc85edf-36c2-42ff-b00a-0eabab82fdf0: nextIndex: updateUnconditionally 0 -> 0
2019-07-13 07:39:24,491 INFO  node.StaleNodeHandler (StaleNodeHandler.java:onMessage(58)) - Datanode b8ec8f7f-5885-438b-bffb-7679c525b3f1{ip: 192.168.69.84, host: trunk-nightly-9lh4p-2362225927, networkLocation: /default-rack, certSerialId: null} moved to stale state. Finalizing its pipelines [PipelineID=39a1135c-4733-4a3f-99c6-71a747149db6, PipelineID=6f44a408-381a-4216-9eae-8ecb9a2f2100]
2019-07-13 07:39:24,491 INFO  pipeline.SCMPipelineManager (SCMPipelineManager.java:finalizeAndDestroyPipeline(309)) - destroying pipeline:Pipeline[ Id: 39a1135c-4733-4a3f-99c6-71a747149db6, Nodes: b8ec8f7f-5885-438b-bffb-7679c525b3f1{ip: 192.168.69.84, host: trunk-nightly-9lh4p-2362225927, networkLocation: /default-rack, certSerialId: null}, Type:RATIS, Factor:ONE, State:OPEN]
2019-07-13 07:39:24,491 INFO  pipeline.PipelineStateManager (PipelineStateManager.java:finalizePipeline(123)) - Pipeline Pipeline[ Id: 39a1135c-4733-4a3f-99c6-71a747149db6, Nodes: b8ec8f7f-5885-438b-bffb-7679c525b3f1{ip: 192.168.69.84, host: trunk-nightly-9lh4p-2362225927, networkLocation: /default-rack, certSerialId: null}, Type:RATIS, Factor:ONE, State:CLOSED] moved to CLOSED state
2019-07-13 07:39:24,491 INFO  pipeline.SCMPipelineManager (SCMPipelineManager.java:finalizeAndDestroyPipeline(309)) - destroying pipeline:Pipeline[ Id: 6f44a408-381a-4216-9eae-8ecb9a2f2100, Nodes: ae8bc3db-8a02-4092-94ea-9b10afa414ae{ip: 192.168.69.84, host: trunk-nightly-9lh4p-2362225927, networkLocation: /default-rack, certSerialId: null}fdc85edf-36c2-42ff-b00a-0eabab82fdf0{ip: 192.168.69.84, host: trunk-nightly-9lh4p-2362225927, networkLocation: /default-rack, certSerialId: null}b8ec8f7f-5885-438b-bffb-7679c525b3f1{ip: 192.168.69.84, host: trunk-nightly-9lh4p-2362225927, networkLocation: /default-rack, certSerialId: null}, Type:RATIS, Factor:THREE, State:CLOSED]
2019-07-13 07:39:25,020 INFO  ozoneimpl.OzoneContainer (OzoneContainer.java:stop(199)) - Attempting to stop container services.
2019-07-13 07:39:25,021 INFO  impl.RaftServerProxy (RaftServerProxy.java:lambda$close$4(314)) - b8ec8f7f-5885-438b-bffb-7679c525b3f1: close
2019-07-13 07:39:25,021 INFO  impl.RaftServerImpl (RaftServerImpl.java:lambda$shutdown$3(245)) - b8ec8f7f-5885-438b-bffb-7679c525b3f1: shutdown group-71A747149DB6
2019-07-13 07:39:25,021 INFO  util.JmxRegister (JmxRegister.java:unregister(73)) - Successfully un-registered JMX Bean with object name Ratis:service=RaftServer,group=group-71A747149DB6,id=b8ec8f7f-5885-438b-bffb-7679c525b3f1
2019-07-13 07:39:25,022 INFO  impl.RoleInfo (RoleInfo.java:shutdownLeaderState(104)) - b8ec8f7f-5885-438b-bffb-7679c525b3f1: shutdown LeaderState
2019-07-13 07:39:25,022 INFO  impl.PendingRequests (PendingRequests.java:sendNotLeaderResponses(202)) - b8ec8f7f-5885-438b-bffb-7679c525b3f1-PendingRequests: sendNotLeaderResponses
2019-07-13 07:39:25,028 INFO  impl.StateMachineUpdater (StateMachineUpdater.java:stopAndJoin(115)) - StateMachineUpdater:b8ec8f7f-5885-438b-bffb-7679c525b3f1:group-71A747149DB6: set stopIndex = 15
2019-07-13 07:39:25,029 INFO  ratis.ContainerStateMachine (ContainerStateMachine.java:takeSnapshot(246)) - Taking snapshot at termIndex:(t:1, i:15)
2019-07-13 07:39:25,029 INFO  ratis.ContainerStateMachine (ContainerStateMachine.java:takeSnapshot(250)) - Taking a snapshot to file /tmp/workdir/hadoop-ozone/integration-test/target/test-dir/MiniOzoneClusterImpl-44c4c997-bfce-4c08-899e-6a5652d50fdd/datanode-0/data/ratis/39a1135c-4733-4a3f-99c6-71a747149db6/sm/snapshot.1_15
2019-07-13 07:39:25,029 INFO  impl.StateMachineUpdater (StateMachineUpdater.java:takeSnapshot(242)) - StateMachineUpdater:b8ec8f7f-5885-438b-bffb-7679c525b3f1:group-71A747149DB6: Took a snapshot at index 15
2019-07-13 07:39:25,030 INFO  impl.StateMachineUpdater (StateMachineUpdater.java:lambda$new$0(80)) - StateMachineUpdater:b8ec8f7f-5885-438b-bffb-7679c525b3f1:group-71A747149DB6: snapshotIndex: updateIncreasingly -1 -> 15
2019-07-13 07:39:25,030 INFO  impl.RaftServerImpl (ServerState.java:close(394)) - b8ec8f7f-5885-438b-bffb-7679c525b3f1:group-71A747149DB6 closes. The last applied log index is 15
2019-07-13 07:39:25,030 INFO  segmented.SegmentedRaftLogWorker (SegmentedRaftLogWorker.java:run(313)) - b8ec8f7f-5885-438b-bffb-7679c525b3f1-SegmentedRaftLogWorker:Storage Directory /tmp/workdir/hadoop-ozone/integration-test/target/test-dir/MiniOzoneClusterImpl-44c4c997-bfce-4c08-899e-6a5652d50fdd/datanode-0/data/ratis/39a1135c-4733-4a3f-99c6-71a747149db6 was interrupted, exiting. There are 0 tasks remaining in the queue.
2019-07-13 07:39:25,032 INFO  segmented.SegmentedRaftLogWorker (SegmentedRaftLogWorker.java:close(228)) - b8ec8f7f-5885-438b-bffb-7679c525b3f1-SegmentedRaftLogWorker:Storage Directory /tmp/workdir/hadoop-ozone/integration-test/target/test-dir/MiniOzoneClusterImpl-44c4c997-bfce-4c08-899e-6a5652d50fdd/datanode-0/data/ratis/39a1135c-4733-4a3f-99c6-71a747149db6 close()
2019-07-13 07:39:25,032 INFO  ozoneimpl.OzoneContainer (OzoneContainer.java:stop(199)) - Attempting to stop container services.
2019-07-13 07:39:25,034 INFO  impl.RaftServerImpl (RaftServerImpl.java:lambda$shutdown$3(245)) - b8ec8f7f-5885-438b-bffb-7679c525b3f1: shutdown group-8ECB9A2F2100
2019-07-13 07:39:25,035 INFO  impl.RaftServerProxy (RaftServerProxy.java:lambda$close$4(314)) - 584e26fa-9fa2-4a20-8f9d-b73519ac6aab: close
2019-07-13 07:39:25,035 INFO  util.JmxRegister (JmxRegister.java:unregister(73)) - Successfully un-registered JMX Bean with object name Ratis:service=RaftServer,group=group-8ECB9A2F2100,id=b8ec8f7f-5885-438b-bffb-7679c525b3f1
2019-07-13 07:39:25,035 INFO  impl.RaftServerImpl (RaftServerImpl.java:lambda$shutdown$3(245)) - 584e26fa-9fa2-4a20-8f9d-b73519ac6aab: shutdown group-2003F389307E
2019-07-13 07:39:25,036 INFO  impl.RoleInfo (RoleInfo.java:shutdownLeaderState(104)) - b8ec8f7f-5885-438b-bffb-7679c525b3f1: shutdown LeaderState
2019-07-13 07:39:25,036 INFO  util.JmxRegister (JmxRegister.java:unregister(73)) - Successfully un-registered JMX Bean with object name Ratis:service=RaftServer,group=group-2003F389307E,id=584e26fa-9fa2-4a20-8f9d-b73519ac6aab
2019-07-13 07:39:25,036 WARN  server.GrpcLogAppender (GrpcLogAppender.java:mayWait(143)) - GrpcLogAppender(b8ec8f7f-5885-438b-bffb-7679c525b3f1->ae8bc3db-8a02-4092-94ea-9b10afa414ae): Wait interrupted by java.lang.InterruptedException
2019-07-13 07:39:25,036 INFO  impl.PendingRequests (PendingRequests.java:sendNotLeaderResponses(202)) - b8ec8f7f-5885-438b-bffb-7679c525b3f1-PendingRequests: sendNotLeaderResponses
2019-07-13 07:39:25,036 WARN  server.GrpcLogAppender (GrpcLogAppender.java:mayWait(143)) - GrpcLogAppender(b8ec8f7f-5885-438b-bffb-7679c525b3f1->fdc85edf-36c2-42ff-b00a-0eabab82fdf0): Wait interrupted by java.lang.InterruptedException
2019-07-13 07:39:25,037 INFO  ratis.ContainerStateMachine (ContainerStateMachine.java:takeSnapshot(246)) - Taking snapshot at termIndex:(t:0, i:~)
2019-07-13 07:39:25,037 INFO  impl.StateMachineUpdater (StateMachineUpdater.java:stopAndJoin(115)) - StateMachineUpdater:b8ec8f7f-5885-438b-bffb-7679c525b3f1:group-8ECB9A2F2100: set stopIndex = 0
2019-07-13 07:39:25,038 INFO  impl.RaftServerImpl (ServerState.java:close(394)) - b8ec8f7f-5885-438b-bffb-7679c525b3f1:group-8ECB9A2F2100 closes. The last applied log index is 0
2019-07-13 07:39:25,037 INFO  impl.RoleInfo (RoleInfo.java:shutdownLeaderState(104)) - 584e26fa-9fa2-4a20-8f9d-b73519ac6aab: shutdown LeaderState
2019-07-13 07:39:25,038 INFO  segmented.SegmentedRaftLogWorker (SegmentedRaftLogWorker.java:run(313)) - b8ec8f7f-5885-438b-bffb-7679c525b3f1-SegmentedRaftLogWorker:Storage Directory /tmp/workdir/hadoop-ozone/integration-test/target/test-dir/MiniOzoneClusterImpl-44c4c997-bfce-4c08-899e-6a5652d50fdd/datanode-0/data/ratis/6f44a408-381a-4216-9eae-8ecb9a2f2100 was interrupted, exiting. There are 0 tasks remaining in the queue.
2019-07-13 07:39:25,039 INFO  impl.PendingRequests (PendingRequests.java:sendNotLeaderResponses(202)) - 584e26fa-9fa2-4a20-8f9d-b73519ac6aab-PendingRequests: sendNotLeaderResponses
2019-07-13 07:39:25,040 INFO  segmented.SegmentedRaftLogWorker (SegmentedRaftLogWorker.java:close(228)) - b8ec8f7f-5885-438b-bffb-7679c525b3f1-SegmentedRaftLogWorker:Storage Directory /tmp/workdir/hadoop-ozone/integration-test/target/test-dir/MiniOzoneClusterImpl-44c4c997-bfce-4c08-899e-6a5652d50fdd/datanode-0/data/ratis/6f44a408-381a-4216-9eae-8ecb9a2f2100 close()
2019-07-13 07:39:25,041 INFO  ratis.ContainerStateMachine (ContainerStateMachine.java:takeSnapshot(246)) - Taking snapshot at termIndex:(t:0, i:~)
2019-07-13 07:39:25,041 INFO  impl.StateMachineUpdater (StateMachineUpdater.java:stopAndJoin(115)) - StateMachineUpdater:584e26fa-9fa2-4a20-8f9d-b73519ac6aab:group-2003F389307E: set stopIndex = 0
2019-07-13 07:39:25,047 INFO  server.GrpcService (GrpcService.java:closeImpl(155)) - b8ec8f7f-5885-438b-bffb-7679c525b3f1: shutdown server with port 45525 now
2019-07-13 07:39:25,048 INFO  impl.RaftServerImpl (ServerState.java:close(394)) - 584e26fa-9fa2-4a20-8f9d-b73519ac6aab:group-2003F389307E closes. The last applied log index is 0
2019-07-13 07:39:25,048 INFO  server.GrpcService (GrpcService.java:closeImpl(163)) - b8ec8f7f-5885-438b-bffb-7679c525b3f1: shutdown server with port 45525 successfully
2019-07-13 07:39:25,048 INFO  segmented.SegmentedRaftLogWorker (SegmentedRaftLogWorker.java:run(313)) - 584e26fa-9fa2-4a20-8f9d-b73519ac6aab-SegmentedRaftLogWorker:Storage Directory /tmp/workdir/hadoop-ozone/integration-test/target/test-dir/MiniOzoneClusterImpl-44c4c997-bfce-4c08-899e-6a5652d50fdd/datanode-6/data/ratis/7638e9a5-1991-4eb6-98d4-2003f389307e was interrupted, exiting. There are 0 tasks remaining in the queue.
2019-07-13 07:39:25,049 INFO  segmented.SegmentedRaftLogWorker (SegmentedRaftLogWorker.java:close(228)) - 584e26fa-9fa2-4a20-8f9d-b73519ac6aab-SegmentedRaftLogWorker:Storage Directory /tmp/workdir/hadoop-ozone/integration-test/target/test-dir/MiniOzoneClusterImpl-44c4c997-bfce-4c08-899e-6a5652d50fdd/datanode-6/data/ratis/7638e9a5-1991-4eb6-98d4-2003f389307e close()
2019-07-13 07:39:25,050 INFO  server.GrpcService (GrpcService.java:closeImpl(155)) - 584e26fa-9fa2-4a20-8f9d-b73519ac6aab: shutdown server with port 37599 now
2019-07-13 07:39:25,050 INFO  utils.BackgroundService (BackgroundService.java:shutdown(148)) - Shutting down service BlockDeletingService
2019-07-13 07:39:25,052 INFO  server.GrpcService (GrpcService.java:closeImpl(163)) - 584e26fa-9fa2-4a20-8f9d-b73519ac6aab: shutdown server with port 37599 successfully
2019-07-13 07:39:25,054 INFO  utils.BackgroundService (BackgroundService.java:shutdown(148)) - Shutting down service BlockDeletingService
2019-07-13 07:39:25,054 WARN  fs.CachingGetSpaceUsed (CachingGetSpaceUsed.java:run(183)) - Thread Interrupted waiting to refresh disk information: sleep interrupted
2019-07-13 07:39:25,059 WARN  fs.CachingGetSpaceUsed (CachingGetSpaceUsed.java:run(183)) - Thread Interrupted waiting to refresh disk information: sleep interrupted
2019-07-13 07:39:25,072 INFO  statemachine.DatanodeStateMachine (DatanodeStateMachine.java:stopDaemon(395)) - Ozone container server stopped.
2019-07-13 07:39:25,076 INFO  handler.ContextHandler (ContextHandler.java:doStop(910)) - Stopped o.e.j.w.WebAppContext@781bd9dd{/,null,UNAVAILABLE}{/hddsDatanode}
2019-07-13 07:39:25,077 INFO  server.AbstractConnector (AbstractConnector.java:doStop(318)) - Stopped ServerConnector@1cc42abe{HTTP/1.1,[http/1.1]}{0.0.0.0:0}
2019-07-13 07:39:25,078 INFO  handler.ContextHandler (ContextHandler.java:doStop(910)) - Stopped o.e.j.s.ServletContextHandler@4be1c797{/static,jar:file:/home/user/.m2/repository/org/apache/hadoop/hadoop-hdds-container-service/0.5.0-SNAPSHOT/hadoop-hdds-container-service-0.5.0-SNAPSHOT.jar!/webapps/static,UNAVAILABLE}
2019-07-13 07:39:25,080 INFO  handler.ContextHandler (ContextHandler.java:doStop(910)) - Stopped o.e.j.s.ServletContextHandler@54f4734e{/logs,file:///tmp/workdir/hadoop-ozone/integration-test/target/log,UNAVAILABLE}
2019-07-13 07:39:25,080 INFO  datanode.ObjectStoreHandler (ObjectStoreHandler.java:close(155)) - Closing ObjectStoreHandler.
2019-07-13 07:39:25,081 INFO  ozone.HddsDatanodeService (HddsDatanodeService.java:stop(452)) - Stopped plug-in org.apache.hadoop.ozone.web.OzoneHddsDatanodeService@3a75d9a1
2019-07-13 07:39:25,085 INFO  statemachine.DatanodeStateMachine (DatanodeStateMachine.java:stopDaemon(395)) - Ozone container server stopped.
2019-07-13 07:39:25,086 INFO  handler.ContextHandler (ContextHandler.java:doStop(910)) - Stopped o.e.j.w.WebAppContext@18356d9e{/,null,UNAVAILABLE}{/hddsDatanode}
2019-07-13 07:39:25,087 INFO  server.AbstractConnector (AbstractConnector.java:doStop(318)) - Stopped ServerConnector@5e97da56{HTTP/1.1,[http/1.1]}{0.0.0.0:0}
2019-07-13 07:39:25,088 INFO  handler.ContextHandler (ContextHandler.java:doStop(910)) - Stopped o.e.j.s.ServletContextHandler@2e17a9e6{/static,jar:file:/home/user/.m2/repository/org/apache/hadoop/hadoop-hdds-container-service/0.5.0-SNAPSHOT/hadoop-hdds-container-service-0.5.0-SNAPSHOT.jar!/webapps/static,UNAVAILABLE}
2019-07-13 07:39:25,088 INFO  handler.ContextHandler (ContextHandler.java:doStop(910)) - Stopped o.e.j.s.ServletContextHandler@5f0bf0ed{/logs,file:///tmp/workdir/hadoop-ozone/integration-test/target/log,UNAVAILABLE}
2019-07-13 07:39:25,948 INFO  statemachine.DatanodeStateMachine (DatanodeStateMachine.java:lambda$startDaemon$0(350)) - Ozone container server started.
2019-07-13 07:39:27,550 INFO  impl.FollowerState (FollowerState.java:run(106)) - e7643d2c-5e46-41d8-8521-588c8d4fa897:group-B1150F114F21 changes to CANDIDATE, lastRpcTime:7799, electionTimeout:5024ms
2019-07-13 07:39:27,551 INFO  impl.RoleInfo (RoleInfo.java:shutdownFollowerState(121)) - e7643d2c-5e46-41d8-8521-588c8d4fa897: shutdown FollowerState
2019-07-13 07:39:27,551 INFO  impl.RaftServerImpl (RaftServerImpl.java:setRole(171)) - e7643d2c-5e46-41d8-8521-588c8d4fa897:group-B1150F114F21 changes role from FOLLOWER to CANDIDATE at term 1 for changeToCandidate
2019-07-13 07:39:27,551 INFO  impl.RoleInfo (RoleInfo.java:updateAndGet(143)) - e7643d2c-5e46-41d8-8521-588c8d4fa897: start LeaderElection
2019-07-13 07:39:27,552 INFO  impl.RaftServerImpl (ServerState.java:setLeader(263)) - e7643d2c-5e46-41d8-8521-588c8d4fa897:group-B1150F114F21 change Leader from 1da0944c-e4a6-458e-bf55-5b16341f6a4a to null at term 1 for initElection
2019-07-13 07:39:27,567 INFO  impl.LeaderElection (LeaderElection.java:askForVotes(181)) - e7643d2c-5e46-41d8-8521-588c8d4fa897:group-B1150F114F21:LeaderElection61: begin an election at term 2 for 0: [193812a9-ddf0-4c4f-ad33-42e352a506b5:192.168.69.84:41389, e7643d2c-5e46-41d8-8521-588c8d4fa897:192.168.69.84:42330, 1da0944c-e4a6-458e-bf55-5b16341f6a4a:192.168.69.84:39724], old=null
2019-07-13 07:39:27,570 INFO  impl.LeaderElection (LogUtils.java:infoOrTrace(149)) - e7643d2c-5e46-41d8-8521-588c8d4fa897:group-B1150F114F21:LeaderElection61 got exception when requesting votes: {}
java.util.concurrent.ExecutionException: org.apache.ratis.thirdparty.io.grpc.StatusRuntimeException: UNAVAILABLE: io exception
	at java.util.concurrent.FutureTask.report(FutureTask.java:122)
	at java.util.concurrent.FutureTask.get(FutureTask.java:192)
	at org.apache.ratis.server.impl.LeaderElection.waitForResults(LeaderElection.java:262)
	at org.apache.ratis.server.impl.LeaderElection.askForVotes(LeaderElection.java:200)
	at org.apache.ratis.server.impl.LeaderElection.run(LeaderElection.java:130)
	at java.lang.Thread.run(Thread.java:748)
Caused by: org.apache.ratis.thirdparty.io.grpc.StatusRuntimeException: UNAVAILABLE: io exception
	at org.apache.ratis.thirdparty.io.grpc.stub.ClientCalls.toStatusRuntimeException(ClientCalls.java:233)
	at org.apache.ratis.thirdparty.io.grpc.stub.ClientCalls.getUnchecked(ClientCalls.java:214)
	at org.apache.ratis.thirdparty.io.grpc.stub.ClientCalls.blockingUnaryCall(ClientCalls.java:139)
	at org.apache.ratis.proto.grpc.RaftServerProtocolServiceGrpc$RaftServerProtocolServiceBlockingStub.requestVote(RaftServerProtocolServiceGrpc.java:265)
	at org.apache.ratis.grpc.server.GrpcServerProtocolClient.requestVote(GrpcServerProtocolClient.java:83)
	at org.apache.ratis.grpc.server.GrpcService.requestVote(GrpcService.java:195)
	at org.apache.ratis.server.impl.LeaderElection.lambda$submitRequests$1(LeaderElection.java:237)
	at java.util.concurrent.FutureTask.run(FutureTask.java:266)
	at java.util.concurrent.Executors$RunnableAdapter.call(Executors.java:511)
	at java.util.concurrent.FutureTask.run(FutureTask.java:266)
	at java.util.concurrent.ThreadPoolExecutor.runWorker(ThreadPoolExecutor.java:1149)
	at java.util.concurrent.ThreadPoolExecutor$Worker.run(ThreadPoolExecutor.java:624)
	... 1 more
Caused by: org.apache.ratis.thirdparty.io.netty.channel.AbstractChannel$AnnotatedConnectException: Connection refused: /192.168.69.84:41389
	at sun.nio.ch.SocketChannelImpl.checkConnect(Native Method)
	at sun.nio.ch.SocketChannelImpl.finishConnect(SocketChannelImpl.java:717)
	at org.apache.ratis.thirdparty.io.netty.channel.socket.nio.NioSocketChannel.doFinishConnect(NioSocketChannel.java:327)
	at org.apache.ratis.thirdparty.io.netty.channel.nio.AbstractNioChannel$AbstractNioUnsafe.finishConnect(AbstractNioChannel.java:340)
	at org.apache.ratis.thirdparty.io.netty.channel.nio.NioEventLoop.processSelectedKey(NioEventLoop.java:632)
	at org.apache.ratis.thirdparty.io.netty.channel.nio.NioEventLoop.processSelectedKeysOptimized(NioEventLoop.java:579)
	at org.apache.ratis.thirdparty.io.netty.channel.nio.NioEventLoop.processSelectedKeys(NioEventLoop.java:496)
	at org.apache.ratis.thirdparty.io.netty.channel.nio.NioEventLoop.run(NioEventLoop.java:458)
	at org.apache.ratis.thirdparty.io.netty.util.concurrent.SingleThreadEventExecutor$5.run(SingleThreadEventExecutor.java:897)
	at org.apache.ratis.thirdparty.io.netty.util.concurrent.FastThreadLocalRunnable.run(FastThreadLocalRunnable.java:30)
	... 1 more
Caused by: java.net.ConnectException: Connection refused
	... 11 more
2019-07-13 07:39:27,572 INFO  impl.LeaderElection (LogUtils.java:infoOrTrace(149)) - e7643d2c-5e46-41d8-8521-588c8d4fa897:group-B1150F114F21:LeaderElection61 got exception when requesting votes: {}
java.util.concurrent.ExecutionException: org.apache.ratis.thirdparty.io.grpc.StatusRuntimeException: UNAVAILABLE: io exception
	at java.util.concurrent.FutureTask.report(FutureTask.java:122)
	at java.util.concurrent.FutureTask.get(FutureTask.java:192)
	at org.apache.ratis.server.impl.LeaderElection.waitForResults(LeaderElection.java:262)
	at org.apache.ratis.server.impl.LeaderElection.askForVotes(LeaderElection.java:200)
	at org.apache.ratis.server.impl.LeaderElection.run(LeaderElection.java:130)
	at java.lang.Thread.run(Thread.java:748)
Caused by: org.apache.ratis.thirdparty.io.grpc.StatusRuntimeException: UNAVAILABLE: io exception
	at org.apache.ratis.thirdparty.io.grpc.stub.ClientCalls.toStatusRuntimeException(ClientCalls.java:233)
	at org.apache.ratis.thirdparty.io.grpc.stub.ClientCalls.getUnchecked(ClientCalls.java:214)
	at org.apache.ratis.thirdparty.io.grpc.stub.ClientCalls.blockingUnaryCall(ClientCalls.java:139)
	at org.apache.ratis.proto.grpc.RaftServerProtocolServiceGrpc$RaftServerProtocolServiceBlockingStub.requestVote(RaftServerProtocolServiceGrpc.java:265)
	at org.apache.ratis.grpc.server.GrpcServerProtocolClient.requestVote(GrpcServerProtocolClient.java:83)
	at org.apache.ratis.grpc.server.GrpcService.requestVote(GrpcService.java:195)
	at org.apache.ratis.server.impl.LeaderElection.lambda$submitRequests$1(LeaderElection.java:237)
	at java.util.concurrent.FutureTask.run(FutureTask.java:266)
	at java.util.concurrent.Executors$RunnableAdapter.call(Executors.java:511)
	at java.util.concurrent.FutureTask.run(FutureTask.java:266)
	at java.util.concurrent.ThreadPoolExecutor.runWorker(ThreadPoolExecutor.java:1149)
	at java.util.concurrent.ThreadPoolExecutor$Worker.run(ThreadPoolExecutor.java:624)
	... 1 more
Caused by: org.apache.ratis.thirdparty.io.netty.channel.AbstractChannel$AnnotatedConnectException: Connection refused: /192.168.69.84:39724
	at sun.nio.ch.SocketChannelImpl.checkConnect(Native Method)
	at sun.nio.ch.SocketChannelImpl.finishConnect(SocketChannelImpl.java:717)
	at org.apache.ratis.thirdparty.io.netty.channel.socket.nio.NioSocketChannel.doFinishConnect(NioSocketChannel.java:327)
	at org.apache.ratis.thirdparty.io.netty.channel.nio.AbstractNioChannel$AbstractNioUnsafe.finishConnect(AbstractNioChannel.java:340)
	at org.apache.ratis.thirdparty.io.netty.channel.nio.NioEventLoop.processSelectedKey(NioEventLoop.java:632)
	at org.apache.ratis.thirdparty.io.netty.channel.nio.NioEventLoop.processSelectedKeysOptimized(NioEventLoop.java:579)
	at org.apache.ratis.thirdparty.io.netty.channel.nio.NioEventLoop.processSelectedKeys(NioEventLoop.java:496)
	at org.apache.ratis.thirdparty.io.netty.channel.nio.NioEventLoop.run(NioEventLoop.java:458)
	at org.apache.ratis.thirdparty.io.netty.util.concurrent.SingleThreadEventExecutor$5.run(SingleThreadEventExecutor.java:897)
	at org.apache.ratis.thirdparty.io.netty.util.concurrent.FastThreadLocalRunnable.run(FastThreadLocalRunnable.java:30)
	... 1 more
Caused by: java.net.ConnectException: Connection refused
	... 11 more
2019-07-13 07:39:27,574 INFO  impl.LeaderElection (LeaderElection.java:logAndReturn(56)) - e7643d2c-5e46-41d8-8521-588c8d4fa897:group-B1150F114F21:LeaderElection61: Election REJECTED; received 0 response(s) [] and 2 exception(s); e7643d2c-5e46-41d8-8521-588c8d4fa897:t2, leader=null, voted=e7643d2c-5e46-41d8-8521-588c8d4fa897, raftlog=e7643d2c-5e46-41d8-8521-588c8d4fa897-SegmentedRaftLog:OPENED:c0,f0,i0, conf=0: [193812a9-ddf0-4c4f-ad33-42e352a506b5:192.168.69.84:41389, e7643d2c-5e46-41d8-8521-588c8d4fa897:192.168.69.84:42330, 1da0944c-e4a6-458e-bf55-5b16341f6a4a:192.168.69.84:39724], old=null
2019-07-13 07:39:27,574 INFO  impl.LeaderElection (LogUtils.java:infoOrTrace(149)) -   Exception 0: {}
java.util.concurrent.ExecutionException: org.apache.ratis.thirdparty.io.grpc.StatusRuntimeException: UNAVAILABLE: io exception
	at java.util.concurrent.FutureTask.report(FutureTask.java:122)
	at java.util.concurrent.FutureTask.get(FutureTask.java:192)
	at org.apache.ratis.server.impl.LeaderElection.waitForResults(LeaderElection.java:262)
	at org.apache.ratis.server.impl.LeaderElection.askForVotes(LeaderElection.java:200)
	at org.apache.ratis.server.impl.LeaderElection.run(LeaderElection.java:130)
	at java.lang.Thread.run(Thread.java:748)
Caused by: org.apache.ratis.thirdparty.io.grpc.StatusRuntimeException: UNAVAILABLE: io exception
	at org.apache.ratis.thirdparty.io.grpc.stub.ClientCalls.toStatusRuntimeException(ClientCalls.java:233)
	at org.apache.ratis.thirdparty.io.grpc.stub.ClientCalls.getUnchecked(ClientCalls.java:214)
	at org.apache.ratis.thirdparty.io.grpc.stub.ClientCalls.blockingUnaryCall(ClientCalls.java:139)
	at org.apache.ratis.proto.grpc.RaftServerProtocolServiceGrpc$RaftServerProtocolServiceBlockingStub.requestVote(RaftServerProtocolServiceGrpc.java:265)
	at org.apache.ratis.grpc.server.GrpcServerProtocolClient.requestVote(GrpcServerProtocolClient.java:83)
	at org.apache.ratis.grpc.server.GrpcService.requestVote(GrpcService.java:195)
	at org.apache.ratis.server.impl.LeaderElection.lambda$submitRequests$1(LeaderElection.java:237)
	at java.util.concurrent.FutureTask.run(FutureTask.java:266)
	at java.util.concurrent.Executors$RunnableAdapter.call(Executors.java:511)
	at java.util.concurrent.FutureTask.run(FutureTask.java:266)
	at java.util.concurrent.ThreadPoolExecutor.runWorker(ThreadPoolExecutor.java:1149)
	at java.util.concurrent.ThreadPoolExecutor$Worker.run(ThreadPoolExecutor.java:624)
	... 1 more
Caused by: org.apache.ratis.thirdparty.io.netty.channel.AbstractChannel$AnnotatedConnectException: Connection refused: /192.168.69.84:41389
	at sun.nio.ch.SocketChannelImpl.checkConnect(Native Method)
	at sun.nio.ch.SocketChannelImpl.finishConnect(SocketChannelImpl.java:717)
	at org.apache.ratis.thirdparty.io.netty.channel.socket.nio.NioSocketChannel.doFinishConnect(NioSocketChannel.java:327)
	at org.apache.ratis.thirdparty.io.netty.channel.nio.AbstractNioChannel$AbstractNioUnsafe.finishConnect(AbstractNioChannel.java:340)
	at org.apache.ratis.thirdparty.io.netty.channel.nio.NioEventLoop.processSelectedKey(NioEventLoop.java:632)
	at org.apache.ratis.thirdparty.io.netty.channel.nio.NioEventLoop.processSelectedKeysOptimized(NioEventLoop.java:579)
	at org.apache.ratis.thirdparty.io.netty.channel.nio.NioEventLoop.processSelectedKeys(NioEventLoop.java:496)
	at org.apache.ratis.thirdparty.io.netty.channel.nio.NioEventLoop.run(NioEventLoop.java:458)
	at org.apache.ratis.thirdparty.io.netty.util.concurrent.SingleThreadEventExecutor$5.run(SingleThreadEventExecutor.java:897)
	at org.apache.ratis.thirdparty.io.netty.util.concurrent.FastThreadLocalRunnable.run(FastThreadLocalRunnable.java:30)
	... 1 more
Caused by: java.net.ConnectException: Connection refused
	... 11 more
2019-07-13 07:39:27,574 INFO  impl.LeaderElection (LogUtils.java:infoOrTrace(149)) -   Exception 1: {}
java.util.concurrent.ExecutionException: org.apache.ratis.thirdparty.io.grpc.StatusRuntimeException: UNAVAILABLE: io exception
	at java.util.concurrent.FutureTask.report(FutureTask.java:122)
	at java.util.concurrent.FutureTask.get(FutureTask.java:192)
	at org.apache.ratis.server.impl.LeaderElection.waitForResults(LeaderElection.java:262)
	at org.apache.ratis.server.impl.LeaderElection.askForVotes(LeaderElection.java:200)
	at org.apache.ratis.server.impl.LeaderElection.run(LeaderElection.java:130)
	at java.lang.Thread.run(Thread.java:748)
Caused by: org.apache.ratis.thirdparty.io.grpc.StatusRuntimeException: UNAVAILABLE: io exception
	at org.apache.ratis.thirdparty.io.grpc.stub.ClientCalls.toStatusRuntimeException(ClientCalls.java:233)
	at org.apache.ratis.thirdparty.io.grpc.stub.ClientCalls.getUnchecked(ClientCalls.java:214)
	at org.apache.ratis.thirdparty.io.grpc.stub.ClientCalls.blockingUnaryCall(ClientCalls.java:139)
	at org.apache.ratis.proto.grpc.RaftServerProtocolServiceGrpc$RaftServerProtocolServiceBlockingStub.requestVote(RaftServerProtocolServiceGrpc.java:265)
	at org.apache.ratis.grpc.server.GrpcServerProtocolClient.requestVote(GrpcServerProtocolClient.java:83)
	at org.apache.ratis.grpc.server.GrpcService.requestVote(GrpcService.java:195)
	at org.apache.ratis.server.impl.LeaderElection.lambda$submitRequests$1(LeaderElection.java:237)
	at java.util.concurrent.FutureTask.run(FutureTask.java:266)
	at java.util.concurrent.Executors$RunnableAdapter.call(Executors.java:511)
	at java.util.concurrent.FutureTask.run(FutureTask.java:266)
	at java.util.concurrent.ThreadPoolExecutor.runWorker(ThreadPoolExecutor.java:1149)
	at java.util.concurrent.ThreadPoolExecutor$Worker.run(ThreadPoolExecutor.java:624)
	... 1 more
Caused by: org.apache.ratis.thirdparty.io.netty.channel.AbstractChannel$AnnotatedConnectException: Connection refused: /192.168.69.84:39724
	at sun.nio.ch.SocketChannelImpl.checkConnect(Native Method)
	at sun.nio.ch.SocketChannelImpl.finishConnect(SocketChannelImpl.java:717)
	at org.apache.ratis.thirdparty.io.netty.channel.socket.nio.NioSocketChannel.doFinishConnect(NioSocketChannel.java:327)
	at org.apache.ratis.thirdparty.io.netty.channel.nio.AbstractNioChannel$AbstractNioUnsafe.finishConnect(AbstractNioChannel.java:340)
	at org.apache.ratis.thirdparty.io.netty.channel.nio.NioEventLoop.processSelectedKey(NioEventLoop.java:632)
	at org.apache.ratis.thirdparty.io.netty.channel.nio.NioEventLoop.processSelectedKeysOptimized(NioEventLoop.java:579)
	at org.apache.ratis.thirdparty.io.netty.channel.nio.NioEventLoop.processSelectedKeys(NioEventLoop.java:496)
	at org.apache.ratis.thirdparty.io.netty.channel.nio.NioEventLoop.run(NioEventLoop.java:458)
	at org.apache.ratis.thirdparty.io.netty.util.concurrent.SingleThreadEventExecutor$5.run(SingleThreadEventExecutor.java:897)
	at org.apache.ratis.thirdparty.io.netty.util.concurrent.FastThreadLocalRunnable.run(FastThreadLocalRunnable.java:30)
	... 1 more
Caused by: java.net.ConnectException: Connection refused
	... 11 more
2019-07-13 07:39:27,574 INFO  impl.RaftServerImpl (RaftServerImpl.java:setRole(171)) - e7643d2c-5e46-41d8-8521-588c8d4fa897:group-B1150F114F21 changes role from CANDIDATE to FOLLOWER at term 2 for DISCOVERED_A_NEW_TERM
2019-07-13 07:39:27,574 INFO  impl.RoleInfo (RoleInfo.java:shutdownLeaderElection(134)) - e7643d2c-5e46-41d8-8521-588c8d4fa897: shutdown LeaderElection
2019-07-13 07:39:27,575 INFO  impl.RoleInfo (RoleInfo.java:updateAndGet(143)) - e7643d2c-5e46-41d8-8521-588c8d4fa897: start FollowerState
2019-07-13 07:39:29,998 INFO  node.StaleNodeHandler (StaleNodeHandler.java:onMessage(58)) - Datanode e7643d2c-5e46-41d8-8521-588c8d4fa897{ip: 192.168.69.84, host: trunk-nightly-9lh4p-2362225927, networkLocation: /default-rack, certSerialId: null} moved to stale state. Finalizing its pipelines [PipelineID=e5a2e8a1-307d-4c5a-87e5-b1150f114f21, PipelineID=a0a14141-46c4-43fd-a913-19510003fd93]
2019-07-13 07:39:29,998 INFO  pipeline.SCMPipelineManager (SCMPipelineManager.java:finalizeAndDestroyPipeline(309)) - destroying pipeline:Pipeline[ Id: e5a2e8a1-307d-4c5a-87e5-b1150f114f21, Nodes: 1da0944c-e4a6-458e-bf55-5b16341f6a4a{ip: 192.168.69.84, host: trunk-nightly-9lh4p-2362225927, networkLocation: /default-rack, certSerialId: null}e7643d2c-5e46-41d8-8521-588c8d4fa897{ip: 192.168.69.84, host: trunk-nightly-9lh4p-2362225927, networkLocation: /default-rack, certSerialId: null}193812a9-ddf0-4c4f-ad33-42e352a506b5{ip: 192.168.69.84, host: trunk-nightly-9lh4p-2362225927, networkLocation: /default-rack, certSerialId: null}, Type:RATIS, Factor:THREE, State:CLOSED]
2019-07-13 07:39:29,998 INFO  pipeline.SCMPipelineManager (SCMPipelineManager.java:finalizeAndDestroyPipeline(309)) - destroying pipeline:Pipeline[ Id: a0a14141-46c4-43fd-a913-19510003fd93, Nodes: e7643d2c-5e46-41d8-8521-588c8d4fa897{ip: 192.168.69.84, host: trunk-nightly-9lh4p-2362225927, networkLocation: /default-rack, certSerialId: null}, Type:RATIS, Factor:ONE, State:OPEN]
2019-07-13 07:39:29,999 INFO  pipeline.PipelineStateManager (PipelineStateManager.java:finalizePipeline(123)) - Pipeline Pipeline[ Id: a0a14141-46c4-43fd-a913-19510003fd93, Nodes: e7643d2c-5e46-41d8-8521-588c8d4fa897{ip: 192.168.69.84, host: trunk-nightly-9lh4p-2362225927, networkLocation: /default-rack, certSerialId: null}, Type:RATIS, Factor:ONE, State:CLOSED] moved to CLOSED state
2019-07-13 07:39:30,082 INFO  ozoneimpl.OzoneContainer (OzoneContainer.java:stop(199)) - Attempting to stop container services.
2019-07-13 07:39:30,082 INFO  impl.RaftServerProxy (RaftServerProxy.java:lambda$close$4(314)) - e7643d2c-5e46-41d8-8521-588c8d4fa897: close
2019-07-13 07:39:30,083 INFO  impl.RaftServerImpl (RaftServerImpl.java:lambda$shutdown$3(245)) - e7643d2c-5e46-41d8-8521-588c8d4fa897: shutdown group-B1150F114F21
2019-07-13 07:39:30,083 INFO  util.JmxRegister (JmxRegister.java:unregister(73)) - Successfully un-registered JMX Bean with object name Ratis:service=RaftServer,group=group-B1150F114F21,id=e7643d2c-5e46-41d8-8521-588c8d4fa897
2019-07-13 07:39:30,084 INFO  impl.RoleInfo (RoleInfo.java:shutdownFollowerState(121)) - e7643d2c-5e46-41d8-8521-588c8d4fa897: shutdown FollowerState
2019-07-13 07:39:30,084 INFO  impl.StateMachineUpdater (StateMachineUpdater.java:stopAndJoin(115)) - StateMachineUpdater:e7643d2c-5e46-41d8-8521-588c8d4fa897:group-B1150F114F21: set stopIndex = 0
2019-07-13 07:39:30,084 INFO  ratis.ContainerStateMachine (ContainerStateMachine.java:takeSnapshot(246)) - Taking snapshot at termIndex:(t:0, i:~)
2019-07-13 07:39:30,084 INFO  impl.FollowerState (FollowerState.java:run(114)) - e7643d2c-5e46-41d8-8521-588c8d4fa897: FollowerState was interrupted: java.lang.InterruptedException: sleep interrupted
2019-07-13 07:39:30,085 INFO  impl.RaftServerImpl (ServerState.java:close(394)) - e7643d2c-5e46-41d8-8521-588c8d4fa897:group-B1150F114F21 closes. The last applied log index is 0
2019-07-13 07:39:30,087 INFO  segmented.SegmentedRaftLogWorker (SegmentedRaftLogWorker.java:run(313)) - e7643d2c-5e46-41d8-8521-588c8d4fa897-SegmentedRaftLogWorker:Storage Directory /tmp/workdir/hadoop-ozone/integration-test/target/test-dir/MiniOzoneClusterImpl-44c4c997-bfce-4c08-899e-6a5652d50fdd/datanode-5/data/ratis/e5a2e8a1-307d-4c5a-87e5-b1150f114f21 was interrupted, exiting. There are 0 tasks remaining in the queue.
2019-07-13 07:39:30,088 INFO  segmented.SegmentedRaftLogWorker (SegmentedRaftLogWorker.java:close(228)) - e7643d2c-5e46-41d8-8521-588c8d4fa897-SegmentedRaftLogWorker:Storage Directory /tmp/workdir/hadoop-ozone/integration-test/target/test-dir/MiniOzoneClusterImpl-44c4c997-bfce-4c08-899e-6a5652d50fdd/datanode-5/data/ratis/e5a2e8a1-307d-4c5a-87e5-b1150f114f21 close()
2019-07-13 07:39:30,088 INFO  impl.RaftServerImpl (RaftServerImpl.java:lambda$shutdown$3(245)) - e7643d2c-5e46-41d8-8521-588c8d4fa897: shutdown group-19510003FD93
2019-07-13 07:39:30,089 INFO  util.JmxRegister (JmxRegister.java:unregister(73)) - Successfully un-registered JMX Bean with object name Ratis:service=RaftServer,group=group-19510003FD93,id=e7643d2c-5e46-41d8-8521-588c8d4fa897
2019-07-13 07:39:30,089 INFO  impl.RoleInfo (RoleInfo.java:shutdownLeaderState(104)) - e7643d2c-5e46-41d8-8521-588c8d4fa897: shutdown LeaderState
2019-07-13 07:39:30,090 INFO  impl.PendingRequests (PendingRequests.java:sendNotLeaderResponses(202)) - e7643d2c-5e46-41d8-8521-588c8d4fa897-PendingRequests: sendNotLeaderResponses
2019-07-13 07:39:30,090 INFO  impl.StateMachineUpdater (StateMachineUpdater.java:stopAndJoin(115)) - StateMachineUpdater:e7643d2c-5e46-41d8-8521-588c8d4fa897:group-19510003FD93: set stopIndex = 0
2019-07-13 07:39:30,090 INFO  ratis.ContainerStateMachine (ContainerStateMachine.java:takeSnapshot(246)) - Taking snapshot at termIndex:(t:0, i:~)
2019-07-13 07:39:30,091 INFO  impl.RaftServerImpl (ServerState.java:close(394)) - e7643d2c-5e46-41d8-8521-588c8d4fa897:group-19510003FD93 closes. The last applied log index is 0
2019-07-13 07:39:30,092 INFO  segmented.SegmentedRaftLogWorker (SegmentedRaftLogWorker.java:run(313)) - e7643d2c-5e46-41d8-8521-588c8d4fa897-SegmentedRaftLogWorker:Storage Directory /tmp/workdir/hadoop-ozone/integration-test/target/test-dir/MiniOzoneClusterImpl-44c4c997-bfce-4c08-899e-6a5652d50fdd/datanode-5/data/ratis/a0a14141-46c4-43fd-a913-19510003fd93 was interrupted, exiting. There are 0 tasks remaining in the queue.
2019-07-13 07:39:30,092 INFO  segmented.SegmentedRaftLogWorker (SegmentedRaftLogWorker.java:close(228)) - e7643d2c-5e46-41d8-8521-588c8d4fa897-SegmentedRaftLogWorker:Storage Directory /tmp/workdir/hadoop-ozone/integration-test/target/test-dir/MiniOzoneClusterImpl-44c4c997-bfce-4c08-899e-6a5652d50fdd/datanode-5/data/ratis/a0a14141-46c4-43fd-a913-19510003fd93 close()
2019-07-13 07:39:30,092 INFO  server.GrpcService (GrpcService.java:closeImpl(155)) - e7643d2c-5e46-41d8-8521-588c8d4fa897: shutdown server with port 42330 now
2019-07-13 07:39:30,093 INFO  server.GrpcService (GrpcService.java:closeImpl(163)) - e7643d2c-5e46-41d8-8521-588c8d4fa897: shutdown server with port 42330 successfully
2019-07-13 07:39:30,094 INFO  utils.BackgroundService (BackgroundService.java:shutdown(148)) - Shutting down service BlockDeletingService
2019-07-13 07:39:30,098 WARN  fs.CachingGetSpaceUsed (CachingGetSpaceUsed.java:run(183)) - Thread Interrupted waiting to refresh disk information: sleep interrupted
2019-07-13 07:39:30,121 INFO  statemachine.DatanodeStateMachine (DatanodeStateMachine.java:stopDaemon(395)) - Ozone container server stopped.
2019-07-13 07:39:30,136 INFO  handler.ContextHandler (ContextHandler.java:doStop(910)) - Stopped o.e.j.w.WebAppContext@47b71556{/,null,UNAVAILABLE}{/hddsDatanode}
2019-07-13 07:39:30,136 INFO  server.AbstractConnector (AbstractConnector.java:doStop(318)) - Stopped ServerConnector@6fb2b972{HTTP/1.1,[http/1.1]}{0.0.0.0:0}
2019-07-13 07:39:30,137 INFO  handler.ContextHandler (ContextHandler.java:doStop(910)) - Stopped o.e.j.s.ServletContextHandler@6b44121e{/static,jar:file:/home/user/.m2/repository/org/apache/hadoop/hadoop-hdds-container-service/0.5.0-SNAPSHOT/hadoop-hdds-container-service-0.5.0-SNAPSHOT.jar!/webapps/static,UNAVAILABLE}
2019-07-13 07:39:30,139 INFO  handler.ContextHandler (ContextHandler.java:doStop(910)) - Stopped o.e.j.s.ServletContextHandler@425376cc{/logs,file:///tmp/workdir/hadoop-ozone/integration-test/target/log,UNAVAILABLE}
2019-07-13 07:39:30,140 INFO  ozone.MiniOzoneClusterImpl (MiniOzoneClusterImpl.java:stop(353)) - Stopping the StorageContainerManager
2019-07-13 07:39:30,140 INFO  server.StorageContainerManager (StorageContainerManager.java:stop(796)) - Stopping Replication Manager Service.
2019-07-13 07:39:30,140 INFO  container.ReplicationManager (ReplicationManager.java:stop(187)) - Stopping Replication Monitor Thread.
2019-07-13 07:39:30,140 INFO  server.StorageContainerManager (StorageContainerManager.java:stop(803)) - Stopping Lease Manager of the command watchers
2019-07-13 07:39:30,141 INFO  server.StorageContainerManager (StorageContainerManager.java:stop(810)) - Stopping datanode service RPC server
2019-07-13 07:39:30,141 INFO  server.SCMDatanodeProtocolServer (SCMDatanodeProtocolServer.java:stop(375)) - Stopping the RPC server for DataNodes
2019-07-13 07:39:30,141 INFO  ipc.Server (Server.java:stop(3082)) - Stopping server on 42559
2019-07-13 07:39:30,143 INFO  ipc.Server (Server.java:run(1185)) - Stopping IPC Server listener on 42559
2019-07-13 07:39:30,143 INFO  ipc.Server (Server.java:run(1319)) - Stopping IPC Server Responder
2019-07-13 07:39:30,198 WARN  node.NodeStateManager (NodeStateManager.java:scheduleNextHealthCheck(631)) - Current Thread is interrupted, shutting down HB processing thread for Node Manager.
2019-07-13 07:39:30,198 INFO  server.StorageContainerManager (StorageContainerManager.java:stop(818)) - Stopping block service RPC server
2019-07-13 07:39:30,198 INFO  server.SCMBlockProtocolServer (SCMBlockProtocolServer.java:stop(148)) - Stopping the RPC server for Block Protocol
2019-07-13 07:39:30,199 INFO  ipc.Server (Server.java:stop(3082)) - Stopping server on 39537
2019-07-13 07:39:30,202 INFO  ipc.Server (Server.java:run(1185)) - Stopping IPC Server listener on 39537
2019-07-13 07:39:30,202 INFO  ipc.Server (Server.java:run(1319)) - Stopping IPC Server Responder
2019-07-13 07:39:30,202 INFO  server.StorageContainerManager (StorageContainerManager.java:stop(825)) - Stopping the StorageContainerLocationProtocol RPC server
2019-07-13 07:39:30,204 INFO  server.SCMClientProtocolServer (SCMClientProtocolServer.java:stop(157)) - Stopping the RPC server for Client Protocol
2019-07-13 07:39:30,204 INFO  ipc.Server (Server.java:stop(3082)) - Stopping server on 37034
2019-07-13 07:39:30,206 INFO  ipc.Server (Server.java:run(1185)) - Stopping IPC Server listener on 37034
2019-07-13 07:39:30,206 INFO  ipc.Server (Server.java:run(1319)) - Stopping IPC Server Responder
2019-07-13 07:39:30,206 INFO  server.StorageContainerManager (StorageContainerManager.java:stop(832)) - Stopping Storage Container Manager HTTP server.
2019-07-13 07:39:30,208 INFO  handler.ContextHandler (ContextHandler.java:doStop(910)) - Stopped o.e.j.w.WebAppContext@11771fd6{/,null,UNAVAILABLE}{/scm}
2019-07-13 07:39:30,209 INFO  server.AbstractConnector (AbstractConnector.java:doStop(318)) - Stopped ServerConnector@1c512bb{HTTP/1.1,[http/1.1]}{0.0.0.0:0}
2019-07-13 07:39:30,209 INFO  handler.ContextHandler (ContextHandler.java:doStop(910)) - Stopped o.e.j.s.ServletContextHandler@4a490518{/static,file:///tmp/workdir/hadoop-ozone/integration-test/target/test-classes/webapps/static,UNAVAILABLE}
2019-07-13 07:39:30,210 INFO  handler.ContextHandler (ContextHandler.java:doStop(910)) - Stopped o.e.j.s.ServletContextHandler@23909b3{/logs,file:///tmp/workdir/hadoop-ozone/integration-test/target/log,UNAVAILABLE}
2019-07-13 07:39:30,211 INFO  server.StorageContainerManager (StorageContainerManager.java:stop(843)) - Stopping Block Manager Service.
2019-07-13 07:39:30,211 INFO  utils.BackgroundService (BackgroundService.java:shutdown(148)) - Shutting down service SCMBlockDeletingService
2019-07-13 07:39:30,211 INFO  utils.BackgroundService (BackgroundService.java:shutdown(148)) - Shutting down service SCMBlockDeletingService
2019-07-13 07:39:30,212 INFO  server.StorageContainerManager (StorageContainerManager.java:stop(865)) - Stopping SCM Event Queue.
2019-07-13 07:39:30,215 INFO  impl.MetricsSystemImpl (MetricsSystemImpl.java:stop(210)) - Stopping HddsDatanode metrics system...
2019-07-13 07:39:30,221 INFO  impl.MetricsSystemImpl (MetricsSystemImpl.java:stop(216)) - HddsDatanode metrics system stopped.
]]></system-out>
    <system-err><![CDATA[Jul 13, 2019 7:38:56 AM com.sun.jersey.server.impl.application.WebApplicationImpl _initiate
INFO: Initiating Jersey application, version 'Jersey: 1.19 02/11/2015 03:25 AM'
Jul 13, 2019 7:38:57 AM com.sun.jersey.server.impl.application.WebApplicationImpl _initiate
INFO: Initiating Jersey application, version 'Jersey: 1.19 02/11/2015 03:25 AM'
Jul 13, 2019 7:38:57 AM com.sun.jersey.server.impl.application.WebApplicationImpl _initiate
INFO: Initiating Jersey application, version 'Jersey: 1.19 02/11/2015 03:25 AM'
Jul 13, 2019 7:38:57 AM com.sun.jersey.server.impl.application.WebApplicationImpl _initiate
INFO: Initiating Jersey application, version 'Jersey: 1.19 02/11/2015 03:25 AM'
Jul 13, 2019 7:38:57 AM com.sun.jersey.server.impl.application.WebApplicationImpl _initiate
INFO: Initiating Jersey application, version 'Jersey: 1.19 02/11/2015 03:25 AM'
Jul 13, 2019 7:38:57 AM com.sun.jersey.server.impl.application.WebApplicationImpl _initiate
INFO: Initiating Jersey application, version 'Jersey: 1.19 02/11/2015 03:25 AM'
Jul 13, 2019 7:38:58 AM com.sun.jersey.server.impl.application.WebApplicationImpl _initiate
INFO: Initiating Jersey application, version 'Jersey: 1.19 02/11/2015 03:25 AM'
Jul 13, 2019 7:39:01 AM org.apache.ratis.thirdparty.io.grpc.internal.ManagedChannelOrphanWrapper$ManagedChannelReference cleanQueue
SEVERE: *~*~*~ Channel ManagedChannelImpl{logId=2523, target=192.168.69.84:32989} was not shutdown properly!!! ~*~*~*
    Make sure to call shutdown()/shutdownNow() and wait until awaitTermination() returns true.
java.lang.RuntimeException: ManagedChannel allocation site
	at org.apache.ratis.thirdparty.io.grpc.internal.ManagedChannelOrphanWrapper$ManagedChannelReference.<init>(ManagedChannelOrphanWrapper.java:103)
	at org.apache.ratis.thirdparty.io.grpc.internal.ManagedChannelOrphanWrapper.<init>(ManagedChannelOrphanWrapper.java:53)
	at org.apache.ratis.thirdparty.io.grpc.internal.ManagedChannelOrphanWrapper.<init>(ManagedChannelOrphanWrapper.java:44)
	at org.apache.ratis.thirdparty.io.grpc.internal.AbstractManagedChannelImplBuilder.build(AbstractManagedChannelImplBuilder.java:411)
	at org.apache.ratis.grpc.client.GrpcClientProtocolClient.<init>(GrpcClientProtocolClient.java:119)
	at org.apache.ratis.grpc.client.GrpcClientRpc.lambda$new$0(GrpcClientRpc.java:55)
	at org.apache.ratis.util.PeerProxyMap$PeerAndProxy.lambda$getProxy$0(PeerProxyMap.java:61)
	at org.apache.ratis.util.LifeCycle.startAndTransition(LifeCycle.java:202)
	at org.apache.ratis.util.PeerProxyMap$PeerAndProxy.getProxy(PeerProxyMap.java:60)
	at org.apache.ratis.util.PeerProxyMap.getProxy(PeerProxyMap.java:107)
	at org.apache.ratis.grpc.client.GrpcClientRpc.sendRequestAsync(GrpcClientRpc.java:66)
	at org.apache.ratis.client.impl.OrderedAsync.sendRequest(OrderedAsync.java:208)
	at org.apache.ratis.client.impl.OrderedAsync.sendRequestWithRetry(OrderedAsync.java:169)
	at org.apache.ratis.util.SlidingWindow$Client.sendOrDelayRequest(SlidingWindow.java:278)
	at org.apache.ratis.util.SlidingWindow$Client.retry(SlidingWindow.java:294)
	at org.apache.ratis.client.impl.OrderedAsync.lambda$scheduleWithTimeout$7(OrderedAsync.java:195)
	at org.apache.ratis.util.TimeoutScheduler.lambda$onTimeout$0(TimeoutScheduler.java:85)
	at org.apache.ratis.util.TimeoutScheduler.lambda$onTimeout$1(TimeoutScheduler.java:104)
	at org.apache.ratis.util.LogUtils.runAndLog(LogUtils.java:50)
	at org.apache.ratis.util.LogUtils$1.run(LogUtils.java:91)
	at java.util.concurrent.Executors$RunnableAdapter.call(Executors.java:511)
	at java.util.concurrent.FutureTask.run(FutureTask.java:266)
	at java.util.concurrent.ScheduledThreadPoolExecutor$ScheduledFutureTask.access$201(ScheduledThreadPoolExecutor.java:180)
	at java.util.concurrent.ScheduledThreadPoolExecutor$ScheduledFutureTask.run(ScheduledThreadPoolExecutor.java:293)
	at java.util.concurrent.ThreadPoolExecutor.runWorker(ThreadPoolExecutor.java:1149)
	at java.util.concurrent.ThreadPoolExecutor$Worker.run(ThreadPoolExecutor.java:624)
	at java.lang.Thread.run(Thread.java:748)

Jul 13, 2019 7:39:01 AM org.apache.ratis.thirdparty.io.grpc.internal.ManagedChannelOrphanWrapper$ManagedChannelReference cleanQueue
SEVERE: *~*~*~ Channel ManagedChannelImpl{logId=2527, target=192.168.69.84:44019} was not shutdown properly!!! ~*~*~*
    Make sure to call shutdown()/shutdownNow() and wait until awaitTermination() returns true.
java.lang.RuntimeException: ManagedChannel allocation site
	at org.apache.ratis.thirdparty.io.grpc.internal.ManagedChannelOrphanWrapper$ManagedChannelReference.<init>(ManagedChannelOrphanWrapper.java:103)
	at org.apache.ratis.thirdparty.io.grpc.internal.ManagedChannelOrphanWrapper.<init>(ManagedChannelOrphanWrapper.java:53)
	at org.apache.ratis.thirdparty.io.grpc.internal.ManagedChannelOrphanWrapper.<init>(ManagedChannelOrphanWrapper.java:44)
	at org.apache.ratis.thirdparty.io.grpc.internal.AbstractManagedChannelImplBuilder.build(AbstractManagedChannelImplBuilder.java:411)
	at org.apache.ratis.grpc.client.GrpcClientProtocolClient.<init>(GrpcClientProtocolClient.java:119)
	at org.apache.ratis.grpc.client.GrpcClientRpc.lambda$new$0(GrpcClientRpc.java:55)
	at org.apache.ratis.util.PeerProxyMap$PeerAndProxy.lambda$getProxy$0(PeerProxyMap.java:61)
	at org.apache.ratis.util.LifeCycle.startAndTransition(LifeCycle.java:202)
	at org.apache.ratis.util.PeerProxyMap$PeerAndProxy.getProxy(PeerProxyMap.java:60)
	at org.apache.ratis.util.PeerProxyMap.getProxy(PeerProxyMap.java:107)
	at org.apache.ratis.grpc.client.GrpcClientRpc.sendRequestAsync(GrpcClientRpc.java:66)
	at org.apache.ratis.client.impl.OrderedAsync.sendRequest(OrderedAsync.java:208)
	at org.apache.ratis.client.impl.OrderedAsync.sendRequestWithRetry(OrderedAsync.java:169)
	at org.apache.ratis.util.SlidingWindow$Client.sendOrDelayRequest(SlidingWindow.java:278)
	at org.apache.ratis.util.SlidingWindow$Client.submitNewRequest(SlidingWindow.java:257)
	at org.apache.ratis.client.impl.OrderedAsync.send(OrderedAsync.java:155)
	at org.apache.ratis.client.impl.RaftClientImpl.sendAsync(RaftClientImpl.java:145)
	at org.apache.ratis.client.impl.RaftClientImpl.sendAsync(RaftClientImpl.java:125)
	at org.apache.hadoop.hdds.scm.XceiverClientRatis.sendRequestAsync(XceiverClientRatis.java:224)
	at org.apache.hadoop.hdds.scm.XceiverClientRatis.sendCommandAsync(XceiverClientRatis.java:302)
	at org.apache.hadoop.hdds.scm.storage.ContainerProtocolCalls.writeChunkAsync(ContainerProtocolCalls.java:310)
	at org.apache.hadoop.hdds.scm.storage.BlockOutputStream.writeChunkToContainer(BlockOutputStream.java:610)
	at org.apache.hadoop.hdds.scm.storage.BlockOutputStream.writeChunk(BlockOutputStream.java:467)
	at org.apache.hadoop.hdds.scm.storage.BlockOutputStream.writeOnRetry(BlockOutputStream.java:293)
	at org.apache.hadoop.ozone.client.io.BlockOutputStreamEntry.writeOnRetry(BlockOutputStreamEntry.java:200)
	at org.apache.hadoop.ozone.client.io.KeyOutputStream.handleWrite(KeyOutputStream.java:209)
	at org.apache.hadoop.ozone.client.io.KeyOutputStream.handleRetry(KeyOutputStream.java:376)
	at org.apache.hadoop.ozone.client.io.KeyOutputStream.handleException(KeyOutputStream.java:325)
	at org.apache.hadoop.ozone.client.io.KeyOutputStream.handleFlushOrClose(KeyOutputStream.java:448)
	at org.apache.hadoop.ozone.client.io.KeyOutputStream.handleWrite(KeyOutputStream.java:235)
	at org.apache.hadoop.ozone.client.io.KeyOutputStream.write(KeyOutputStream.java:193)
	at org.apache.hadoop.ozone.client.io.OzoneOutputStream.write(OzoneOutputStream.java:49)
	at java.io.OutputStream.write(OutputStream.java:75)
	at org.apache.hadoop.ozone.client.rpc.TestBlockOutputStreamWithFailures.testDatanodeFailureWithSingleNodeRatis(TestBlockOutputStreamWithFailures.java:1017)
	at sun.reflect.NativeMethodAccessorImpl.invoke0(Native Method)
	at sun.reflect.NativeMethodAccessorImpl.invoke(NativeMethodAccessorImpl.java:62)
	at sun.reflect.DelegatingMethodAccessorImpl.invoke(DelegatingMethodAccessorImpl.java:43)
	at java.lang.reflect.Method.invoke(Method.java:498)
	at org.junit.runners.model.FrameworkMethod$1.runReflectiveCall(FrameworkMethod.java:47)
	at org.junit.internal.runners.model.ReflectiveCallable.run(ReflectiveCallable.java:12)
	at org.junit.runners.model.FrameworkMethod.invokeExplosively(FrameworkMethod.java:44)
	at org.junit.internal.runners.statements.InvokeMethod.evaluate(InvokeMethod.java:17)
	at org.junit.internal.runners.statements.RunBefores.evaluate(RunBefores.java:26)
	at org.junit.internal.runners.statements.RunAfters.evaluate(RunAfters.java:27)
	at org.junit.runners.ParentRunner.runLeaf(ParentRunner.java:271)
	at org.junit.runners.BlockJUnit4ClassRunner.runChild(BlockJUnit4ClassRunner.java:70)
	at org.junit.runners.BlockJUnit4ClassRunner.runChild(BlockJUnit4ClassRunner.java:50)
	at org.junit.runners.ParentRunner$3.run(ParentRunner.java:238)
	at org.junit.runners.ParentRunner$1.schedule(ParentRunner.java:63)
	at org.junit.runners.ParentRunner.runChildren(ParentRunner.java:236)
	at org.junit.runners.ParentRunner.access$000(ParentRunner.java:53)
	at org.junit.runners.ParentRunner$2.evaluate(ParentRunner.java:229)
	at org.junit.runners.ParentRunner.run(ParentRunner.java:309)
	at org.apache.maven.surefire.junit4.JUnit4Provider.execute(JUnit4Provider.java:365)
	at org.apache.maven.surefire.junit4.JUnit4Provider.executeWithRerun(JUnit4Provider.java:273)
	at org.apache.maven.surefire.junit4.JUnit4Provider.executeTestSet(JUnit4Provider.java:238)
	at org.apache.maven.surefire.junit4.JUnit4Provider.invoke(JUnit4Provider.java:159)
	at org.apache.maven.surefire.booter.ForkedBooter.invokeProviderInSameClassLoader(ForkedBooter.java:384)
	at org.apache.maven.surefire.booter.ForkedBooter.runSuitesInProcess(ForkedBooter.java:345)
	at org.apache.maven.surefire.booter.ForkedBooter.execute(ForkedBooter.java:126)
	at org.apache.maven.surefire.booter.ForkedBooter.main(ForkedBooter.java:418)

Jul 13, 2019 7:39:01 AM org.apache.ratis.thirdparty.io.grpc.internal.ManagedChannelOrphanWrapper$ManagedChannelReference cleanQueue
SEVERE: *~*~*~ Channel ManagedChannelImpl{logId=2561, target=192.168.69.84:33032} was not shutdown properly!!! ~*~*~*
    Make sure to call shutdown()/shutdownNow() and wait until awaitTermination() returns true.
java.lang.RuntimeException: ManagedChannel allocation site
	at org.apache.ratis.thirdparty.io.grpc.internal.ManagedChannelOrphanWrapper$ManagedChannelReference.<init>(ManagedChannelOrphanWrapper.java:103)
	at org.apache.ratis.thirdparty.io.grpc.internal.ManagedChannelOrphanWrapper.<init>(ManagedChannelOrphanWrapper.java:53)
	at org.apache.ratis.thirdparty.io.grpc.internal.ManagedChannelOrphanWrapper.<init>(ManagedChannelOrphanWrapper.java:44)
	at org.apache.ratis.thirdparty.io.grpc.internal.AbstractManagedChannelImplBuilder.build(AbstractManagedChannelImplBuilder.java:411)
	at org.apache.hadoop.hdds.scm.XceiverClientGrpc.connectToDatanode(XceiverClientGrpc.java:172)
	at org.apache.hadoop.hdds.scm.XceiverClientGrpc.reconnect(XceiverClientGrpc.java:417)
	at org.apache.hadoop.hdds.scm.XceiverClientGrpc.sendCommandAsync(XceiverClientGrpc.java:366)
	at org.apache.hadoop.hdds.scm.XceiverClientGrpc.sendCommandWithRetry(XceiverClientGrpc.java:279)
	at org.apache.hadoop.hdds.scm.XceiverClientGrpc.sendCommandWithTraceIDAndRetry(XceiverClientGrpc.java:248)
	at org.apache.hadoop.hdds.scm.XceiverClientGrpc.sendCommand(XceiverClientGrpc.java:231)
	at org.apache.hadoop.hdds.scm.storage.ContainerProtocolCalls.getBlock(ContainerProtocolCalls.java:118)
	at org.apache.hadoop.hdds.scm.storage.BlockInputStream.getChunkInfos(BlockInputStream.java:167)
	at org.apache.hadoop.hdds.scm.storage.BlockInputStream.initialize(BlockInputStream.java:118)
	at org.apache.hadoop.hdds.scm.storage.BlockInputStream.read(BlockInputStream.java:222)
	at org.apache.hadoop.ozone.client.io.KeyInputStream.read(KeyInputStream.java:171)
	at org.apache.hadoop.ozone.client.io.OzoneInputStream.read(OzoneInputStream.java:47)
	at java.io.InputStream.read(InputStream.java:101)
	at org.apache.hadoop.ozone.container.ContainerTestHelper.validateData(ContainerTestHelper.java:709)
	at org.apache.hadoop.ozone.client.rpc.TestBlockOutputStreamWithFailures.validateData(TestBlockOutputStreamWithFailures.java:1212)
	at org.apache.hadoop.ozone.client.rpc.TestBlockOutputStreamWithFailures.testDatanodeFailureWithSingleNodeRatis(TestBlockOutputStreamWithFailures.java:1054)
	at sun.reflect.NativeMethodAccessorImpl.invoke0(Native Method)
	at sun.reflect.NativeMethodAccessorImpl.invoke(NativeMethodAccessorImpl.java:62)
	at sun.reflect.DelegatingMethodAccessorImpl.invoke(DelegatingMethodAccessorImpl.java:43)
	at java.lang.reflect.Method.invoke(Method.java:498)
	at org.junit.runners.model.FrameworkMethod$1.runReflectiveCall(FrameworkMethod.java:47)
	at org.junit.internal.runners.model.ReflectiveCallable.run(ReflectiveCallable.java:12)
	at org.junit.runners.model.FrameworkMethod.invokeExplosively(FrameworkMethod.java:44)
	at org.junit.internal.runners.statements.InvokeMethod.evaluate(InvokeMethod.java:17)
	at org.junit.internal.runners.statements.RunBefores.evaluate(RunBefores.java:26)
	at org.junit.internal.runners.statements.RunAfters.evaluate(RunAfters.java:27)
	at org.junit.runners.ParentRunner.runLeaf(ParentRunner.java:271)
	at org.junit.runners.BlockJUnit4ClassRunner.runChild(BlockJUnit4ClassRunner.java:70)
	at org.junit.runners.BlockJUnit4ClassRunner.runChild(BlockJUnit4ClassRunner.java:50)
	at org.junit.runners.ParentRunner$3.run(ParentRunner.java:238)
	at org.junit.runners.ParentRunner$1.schedule(ParentRunner.java:63)
	at org.junit.runners.ParentRunner.runChildren(ParentRunner.java:236)
	at org.junit.runners.ParentRunner.access$000(ParentRunner.java:53)
	at org.junit.runners.ParentRunner$2.evaluate(ParentRunner.java:229)
	at org.junit.runners.ParentRunner.run(ParentRunner.java:309)
	at org.apache.maven.surefire.junit4.JUnit4Provider.execute(JUnit4Provider.java:365)
	at org.apache.maven.surefire.junit4.JUnit4Provider.executeWithRerun(JUnit4Provider.java:273)
	at org.apache.maven.surefire.junit4.JUnit4Provider.executeTestSet(JUnit4Provider.java:238)
	at org.apache.maven.surefire.junit4.JUnit4Provider.invoke(JUnit4Provider.java:159)
	at org.apache.maven.surefire.booter.ForkedBooter.invokeProviderInSameClassLoader(ForkedBooter.java:384)
	at org.apache.maven.surefire.booter.ForkedBooter.runSuitesInProcess(ForkedBooter.java:345)
	at org.apache.maven.surefire.booter.ForkedBooter.execute(ForkedBooter.java:126)
	at org.apache.maven.surefire.booter.ForkedBooter.main(ForkedBooter.java:418)

Jul 13, 2019 7:39:01 AM org.apache.ratis.thirdparty.io.grpc.internal.ManagedChannelOrphanWrapper$ManagedChannelReference cleanQueue
SEVERE: *~*~*~ Channel ManagedChannelImpl{logId=2556, target=192.168.69.84:46349} was not shutdown properly!!! ~*~*~*
    Make sure to call shutdown()/shutdownNow() and wait until awaitTermination() returns true.
java.lang.RuntimeException: ManagedChannel allocation site
	at org.apache.ratis.thirdparty.io.grpc.internal.ManagedChannelOrphanWrapper$ManagedChannelReference.<init>(ManagedChannelOrphanWrapper.java:103)
	at org.apache.ratis.thirdparty.io.grpc.internal.ManagedChannelOrphanWrapper.<init>(ManagedChannelOrphanWrapper.java:53)
	at org.apache.ratis.thirdparty.io.grpc.internal.ManagedChannelOrphanWrapper.<init>(ManagedChannelOrphanWrapper.java:44)
	at org.apache.ratis.thirdparty.io.grpc.internal.AbstractManagedChannelImplBuilder.build(AbstractManagedChannelImplBuilder.java:411)
	at org.apache.hadoop.hdds.scm.XceiverClientGrpc.connectToDatanode(XceiverClientGrpc.java:172)
	at org.apache.hadoop.hdds.scm.XceiverClientGrpc.reconnect(XceiverClientGrpc.java:417)
	at org.apache.hadoop.hdds.scm.XceiverClientGrpc.sendCommandAsync(XceiverClientGrpc.java:366)
	at org.apache.hadoop.hdds.scm.XceiverClientGrpc.sendCommandWithRetry(XceiverClientGrpc.java:279)
	at org.apache.hadoop.hdds.scm.XceiverClientGrpc.sendCommandWithTraceIDAndRetry(XceiverClientGrpc.java:248)
	at org.apache.hadoop.hdds.scm.XceiverClientGrpc.sendCommand(XceiverClientGrpc.java:231)
	at org.apache.hadoop.hdds.scm.storage.ContainerProtocolCalls.getBlock(ContainerProtocolCalls.java:118)
	at org.apache.hadoop.hdds.scm.storage.BlockInputStream.getChunkInfos(BlockInputStream.java:167)
	at org.apache.hadoop.hdds.scm.storage.BlockInputStream.initialize(BlockInputStream.java:118)
	at org.apache.hadoop.hdds.scm.storage.BlockInputStream.read(BlockInputStream.java:222)
	at org.apache.hadoop.ozone.client.io.KeyInputStream.read(KeyInputStream.java:171)
	at org.apache.hadoop.ozone.client.io.OzoneInputStream.read(OzoneInputStream.java:47)
	at java.io.InputStream.read(InputStream.java:101)
	at org.apache.hadoop.ozone.container.ContainerTestHelper.validateData(ContainerTestHelper.java:709)
	at org.apache.hadoop.ozone.client.rpc.TestBlockOutputStreamWithFailures.validateData(TestBlockOutputStreamWithFailures.java:1212)
	at org.apache.hadoop.ozone.client.rpc.TestBlockOutputStreamWithFailures.testDatanodeFailureWithSingleNodeRatis(TestBlockOutputStreamWithFailures.java:1054)
	at sun.reflect.NativeMethodAccessorImpl.invoke0(Native Method)
	at sun.reflect.NativeMethodAccessorImpl.invoke(NativeMethodAccessorImpl.java:62)
	at sun.reflect.DelegatingMethodAccessorImpl.invoke(DelegatingMethodAccessorImpl.java:43)
	at java.lang.reflect.Method.invoke(Method.java:498)
	at org.junit.runners.model.FrameworkMethod$1.runReflectiveCall(FrameworkMethod.java:47)
	at org.junit.internal.runners.model.ReflectiveCallable.run(ReflectiveCallable.java:12)
	at org.junit.runners.model.FrameworkMethod.invokeExplosively(FrameworkMethod.java:44)
	at org.junit.internal.runners.statements.InvokeMethod.evaluate(InvokeMethod.java:17)
	at org.junit.internal.runners.statements.RunBefores.evaluate(RunBefores.java:26)
	at org.junit.internal.runners.statements.RunAfters.evaluate(RunAfters.java:27)
	at org.junit.runners.ParentRunner.runLeaf(ParentRunner.java:271)
	at org.junit.runners.BlockJUnit4ClassRunner.runChild(BlockJUnit4ClassRunner.java:70)
	at org.junit.runners.BlockJUnit4ClassRunner.runChild(BlockJUnit4ClassRunner.java:50)
	at org.junit.runners.ParentRunner$3.run(ParentRunner.java:238)
	at org.junit.runners.ParentRunner$1.schedule(ParentRunner.java:63)
	at org.junit.runners.ParentRunner.runChildren(ParentRunner.java:236)
	at org.junit.runners.ParentRunner.access$000(ParentRunner.java:53)
	at org.junit.runners.ParentRunner$2.evaluate(ParentRunner.java:229)
	at org.junit.runners.ParentRunner.run(ParentRunner.java:309)
	at org.apache.maven.surefire.junit4.JUnit4Provider.execute(JUnit4Provider.java:365)
	at org.apache.maven.surefire.junit4.JUnit4Provider.executeWithRerun(JUnit4Provider.java:273)
	at org.apache.maven.surefire.junit4.JUnit4Provider.executeTestSet(JUnit4Provider.java:238)
	at org.apache.maven.surefire.junit4.JUnit4Provider.invoke(JUnit4Provider.java:159)
	at org.apache.maven.surefire.booter.ForkedBooter.invokeProviderInSameClassLoader(ForkedBooter.java:384)
	at org.apache.maven.surefire.booter.ForkedBooter.runSuitesInProcess(ForkedBooter.java:345)
	at org.apache.maven.surefire.booter.ForkedBooter.execute(ForkedBooter.java:126)
	at org.apache.maven.surefire.booter.ForkedBooter.main(ForkedBooter.java:418)

]]></system-err>
  </testcase>
  <testcase name="testWatchForCommitDatanodeFailure" classname="org.apache.hadoop.ozone.client.rpc.TestBlockOutputStreamWithFailures" time="43.153">
    <failure message="expected:&lt;2&gt; but was:&lt;3&gt;" type="java.lang.AssertionError"><![CDATA[java.lang.AssertionError: expected:<2> but was:<3>
	at org.junit.Assert.fail(Assert.java:88)
	at org.junit.Assert.failNotEquals(Assert.java:743)
	at org.junit.Assert.assertEquals(Assert.java:118)
	at org.junit.Assert.assertEquals(Assert.java:555)
	at org.junit.Assert.assertEquals(Assert.java:542)
	at org.apache.hadoop.ozone.client.rpc.TestBlockOutputStreamWithFailures.testWatchForCommitDatanodeFailure(TestBlockOutputStreamWithFailures.java:366)
	at sun.reflect.NativeMethodAccessorImpl.invoke0(Native Method)
	at sun.reflect.NativeMethodAccessorImpl.invoke(NativeMethodAccessorImpl.java:62)
	at sun.reflect.DelegatingMethodAccessorImpl.invoke(DelegatingMethodAccessorImpl.java:43)
	at java.lang.reflect.Method.invoke(Method.java:498)
	at org.junit.runners.model.FrameworkMethod$1.runReflectiveCall(FrameworkMethod.java:47)
	at org.junit.internal.runners.model.ReflectiveCallable.run(ReflectiveCallable.java:12)
	at org.junit.runners.model.FrameworkMethod.invokeExplosively(FrameworkMethod.java:44)
	at org.junit.internal.runners.statements.InvokeMethod.evaluate(InvokeMethod.java:17)
	at org.junit.internal.runners.statements.RunBefores.evaluate(RunBefores.java:26)
	at org.junit.internal.runners.statements.RunAfters.evaluate(RunAfters.java:27)
	at org.junit.runners.ParentRunner.runLeaf(ParentRunner.java:271)
	at org.junit.runners.BlockJUnit4ClassRunner.runChild(BlockJUnit4ClassRunner.java:70)
	at org.junit.runners.BlockJUnit4ClassRunner.runChild(BlockJUnit4ClassRunner.java:50)
	at org.junit.runners.ParentRunner$3.run(ParentRunner.java:238)
	at org.junit.runners.ParentRunner$1.schedule(ParentRunner.java:63)
	at org.junit.runners.ParentRunner.runChildren(ParentRunner.java:236)
	at org.junit.runners.ParentRunner.access$000(ParentRunner.java:53)
	at org.junit.runners.ParentRunner$2.evaluate(ParentRunner.java:229)
	at org.junit.runners.ParentRunner.run(ParentRunner.java:309)
	at org.apache.maven.surefire.junit4.JUnit4Provider.execute(JUnit4Provider.java:365)
	at org.apache.maven.surefire.junit4.JUnit4Provider.executeWithRerun(JUnit4Provider.java:273)
	at org.apache.maven.surefire.junit4.JUnit4Provider.executeTestSet(JUnit4Provider.java:238)
	at org.apache.maven.surefire.junit4.JUnit4Provider.invoke(JUnit4Provider.java:159)
	at org.apache.maven.surefire.booter.ForkedBooter.invokeProviderInSameClassLoader(ForkedBooter.java:384)
	at org.apache.maven.surefire.booter.ForkedBooter.runSuitesInProcess(ForkedBooter.java:345)
	at org.apache.maven.surefire.booter.ForkedBooter.execute(ForkedBooter.java:126)
	at org.apache.maven.surefire.booter.ForkedBooter.main(ForkedBooter.java:418)
]]></failure>
    <system-out><![CDATA[2019-07-13 07:39:30,261 WARN  server.ServerUtils (ServerUtils.java:getScmDbDir(145)) - ozone.scm.db.dirs is not configured. We recommend adding this setting. Falling back to ozone.metadata.dirs instead.
2019-07-13 07:39:30,287 WARN  server.ServerUtils (ServerUtils.java:getScmDbDir(145)) - ozone.scm.db.dirs is not configured. We recommend adding this setting. Falling back to ozone.metadata.dirs instead.
2019-07-13 07:39:30,287 WARN  server.ServerUtils (ServerUtils.java:getScmDbDir(145)) - ozone.scm.db.dirs is not configured. We recommend adding this setting. Falling back to ozone.metadata.dirs instead.
2019-07-13 07:39:30,288 INFO  db.DBStoreBuilder (DBStoreBuilder.java:addTable(110)) - using custom profile for table: deletedBlocks
2019-07-13 07:39:30,288 INFO  db.DBStoreBuilder (DBStoreBuilder.java:processTables(161)) - Using default column profile:DBProfile.DISK for Table:deletedBlocks
2019-07-13 07:39:30,288 INFO  db.DBStoreBuilder (DBStoreBuilder.java:addTable(110)) - using custom profile for table: validCerts
2019-07-13 07:39:30,289 INFO  db.DBStoreBuilder (DBStoreBuilder.java:processTables(161)) - Using default column profile:DBProfile.DISK for Table:validCerts
2019-07-13 07:39:30,289 INFO  db.DBStoreBuilder (DBStoreBuilder.java:addTable(110)) - using custom profile for table: revokedCerts
2019-07-13 07:39:30,289 INFO  db.DBStoreBuilder (DBStoreBuilder.java:processTables(161)) - Using default column profile:DBProfile.DISK for Table:revokedCerts
2019-07-13 07:39:30,289 INFO  db.DBStoreBuilder (DBStoreBuilder.java:addTable(110)) - using custom profile for table: default
2019-07-13 07:39:30,289 INFO  db.DBStoreBuilder (DBStoreBuilder.java:processTables(167)) - Using default column profile:DBProfile.DISK for Table:default
2019-07-13 07:39:30,290 INFO  db.DBStoreBuilder (DBStoreBuilder.java:getDbProfile(198)) - Using default options. DBProfile.DISK
2019-07-13 07:39:30,442 INFO  net.NodeSchemaLoader (NodeSchemaLoader.java:loadSchemaFromFile(125)) - Loading file from sun.misc.CompoundEnumeration@445d878c
2019-07-13 07:39:30,442 INFO  net.NodeSchemaLoader (NodeSchemaLoader.java:loadSchema(171)) - Loading network topology layer schema file
2019-07-13 07:39:30,447 INFO  node.SCMNodeManager (SCMNodeManager.java:<init>(119)) - Entering startup safe mode.
2019-07-13 07:39:30,448 WARN  server.ServerUtils (ServerUtils.java:getScmDbDir(145)) - ozone.scm.db.dirs is not configured. We recommend adding this setting. Falling back to ozone.metadata.dirs instead.
2019-07-13 07:39:30,478 INFO  pipeline.SCMPipelineManager (SCMPipelineManager.java:initializePipelineState(126)) - No pipeline exists in current db
2019-07-13 07:39:30,478 WARN  server.ServerUtils (ServerUtils.java:getScmDbDir(145)) - ozone.scm.db.dirs is not configured. We recommend adding this setting. Falling back to ozone.metadata.dirs instead.
2019-07-13 07:39:30,502 WARN  events.EventQueue (EventQueue.java:fireEvent(175)) - No event handler registered for event TypedEvent{payloadType=SafeModeStatus, name='SafeModeStatus'}
2019-07-13 07:39:30,503 INFO  ipc.CallQueueManager (CallQueueManager.java:<init>(84)) - Using callQueue: class java.util.concurrent.LinkedBlockingQueue, queueCapacity: 2000, scheduler: class org.apache.hadoop.ipc.DefaultRpcScheduler, ipcBackoff: false.
2019-07-13 07:39:30,503 INFO  ipc.Server (Server.java:run(1074)) - Starting Socket Reader #1 for port 38295
2019-07-13 07:39:30,505 INFO  ipc.CallQueueManager (CallQueueManager.java:<init>(84)) - Using callQueue: class java.util.concurrent.LinkedBlockingQueue, queueCapacity: 2000, scheduler: class org.apache.hadoop.ipc.DefaultRpcScheduler, ipcBackoff: false.
2019-07-13 07:39:30,506 INFO  ipc.Server (Server.java:run(1074)) - Starting Socket Reader #1 for port 41385
2019-07-13 07:39:30,507 INFO  ipc.CallQueueManager (CallQueueManager.java:<init>(84)) - Using callQueue: class java.util.concurrent.LinkedBlockingQueue, queueCapacity: 2000, scheduler: class org.apache.hadoop.ipc.DefaultRpcScheduler, ipcBackoff: false.
2019-07-13 07:39:30,508 INFO  ipc.Server (Server.java:run(1074)) - Starting Socket Reader #1 for port 40126
2019-07-13 07:39:30,512 INFO  hdfs.DFSUtil (DFSUtil.java:httpServerTemplateForNNAndJN(1641)) - Starting Web-server for scm at: http://0.0.0.0:0
2019-07-13 07:39:30,514 INFO  server.AuthenticationFilter (AuthenticationFilter.java:constructSecretProvider(240)) - Unable to initialize FileSignerSecretProvider, falling back to use random secrets.
2019-07-13 07:39:30,515 WARN  http.HttpRequestLog (HttpRequestLog.java:getRequestLog(97)) - Jetty request log can only be enabled using Log4j
2019-07-13 07:39:30,517 INFO  http.HttpServer2 (HttpServer2.java:addGlobalFilter(975)) - Added global filter 'safety' (class=org.apache.hadoop.http.HttpServer2$QuotingInputFilter)
2019-07-13 07:39:30,517 INFO  http.HttpServer2 (HttpServer2.java:addFilter(948)) - Added filter static_user_filter (class=org.apache.hadoop.http.lib.StaticUserWebFilter$StaticUserFilter) to context scm
2019-07-13 07:39:30,518 INFO  http.HttpServer2 (HttpServer2.java:addFilter(958)) - Added filter static_user_filter (class=org.apache.hadoop.http.lib.StaticUserWebFilter$StaticUserFilter) to context logs
2019-07-13 07:39:30,518 INFO  http.HttpServer2 (HttpServer2.java:addFilter(958)) - Added filter static_user_filter (class=org.apache.hadoop.http.lib.StaticUserWebFilter$StaticUserFilter) to context static
2019-07-13 07:39:30,520 INFO  server.StorageContainerManager (StorageContainerManager.java:start(759)) - StorageContainerLocationProtocol RPC server is listening at /0.0.0.0:40126
2019-07-13 07:39:30,522 WARN  impl.MetricsConfig (MetricsConfig.java:loadFirst(134)) - Cannot locate configuration: tried hadoop-metrics2-storagecontainermanager.properties,hadoop-metrics2.properties
2019-07-13 07:39:30,524 INFO  impl.MetricsSystemImpl (MetricsSystemImpl.java:startTimer(374)) - Scheduled Metric snapshot period at 10 second(s).
2019-07-13 07:39:30,524 INFO  impl.MetricsSystemImpl (MetricsSystemImpl.java:start(191)) - StorageContainerManager metrics system started
2019-07-13 07:39:30,573 INFO  server.SCMClientProtocolServer (SCMClientProtocolServer.java:start(149)) - RPC server for Client  is listening at /0.0.0.0:40126
2019-07-13 07:39:30,575 INFO  ipc.Server (Server.java:run(1314)) - IPC Server Responder: starting
2019-07-13 07:39:30,575 INFO  ipc.Server (Server.java:run(1153)) - IPC Server listener on 40126: starting
2019-07-13 07:39:30,579 INFO  server.StorageContainerManager (StorageContainerManager.java:start(768)) - ScmBlockLocationProtocol RPC server is listening at /0.0.0.0:41385
2019-07-13 07:39:30,579 INFO  server.SCMBlockProtocolServer (SCMBlockProtocolServer.java:start(140)) - RPC server for Block Protocol is listening at /0.0.0.0:41385
2019-07-13 07:39:30,580 INFO  ipc.Server (Server.java:run(1314)) - IPC Server Responder: starting
2019-07-13 07:39:30,580 INFO  ipc.Server (Server.java:run(1153)) - IPC Server listener on 41385: starting
2019-07-13 07:39:30,584 INFO  server.StorageContainerManager (StorageContainerManager.java:start(772)) - ScmDatanodeProtocl RPC server is listening at /0.0.0.0:38295
2019-07-13 07:39:30,584 INFO  server.SCMDatanodeProtocolServer (SCMDatanodeProtocolServer.java:start(191)) - RPC server for DataNodes is listening at /0.0.0.0:38295
2019-07-13 07:39:30,585 INFO  ipc.Server (Server.java:run(1314)) - IPC Server Responder: starting
2019-07-13 07:39:30,586 INFO  ipc.Server (Server.java:run(1153)) - IPC Server listener on 38295: starting
2019-07-13 07:39:30,590 INFO  http.HttpServer2 (HttpServer2.java:bindListener(1191)) - Jetty bound to port 40507
2019-07-13 07:39:30,590 INFO  server.Server (Server.java:doStart(351)) - jetty-9.3.24.v20180605, build timestamp: 2018-06-05T17:11:56Z, git hash: 84205aa28f11a4f31f2a3b86d1bba2cc8ab69827
2019-07-13 07:39:30,592 INFO  handler.ContextHandler (ContextHandler.java:doStart(781)) - Started o.e.j.s.ServletContextHandler@713c8cbb{/logs,file:///tmp/workdir/hadoop-ozone/integration-test/target/log,AVAILABLE}
2019-07-13 07:39:30,592 INFO  handler.ContextHandler (ContextHandler.java:doStart(781)) - Started o.e.j.s.ServletContextHandler@7053a864{/static,file:///tmp/workdir/hadoop-ozone/integration-test/target/test-classes/webapps/static,AVAILABLE}
2019-07-13 07:39:30,597 INFO  handler.ContextHandler (ContextHandler.java:doStart(781)) - Started o.e.j.w.WebAppContext@6079d219{/,file:///tmp/workdir/hadoop-ozone/integration-test/target/test-classes/webapps/scm/,AVAILABLE}{/scm}
2019-07-13 07:39:30,597 INFO  server.AbstractConnector (AbstractConnector.java:doStart(278)) - Started ServerConnector@4ed90b04{HTTP/1.1,[http/1.1]}{0.0.0.0:40507}
2019-07-13 07:39:30,598 INFO  server.Server (Server.java:doStart(419)) - Started @594139ms
2019-07-13 07:39:30,599 INFO  server.BaseHttpServer (BaseHttpServer.java:updateConnectorAddress(207)) - HTTP server of SCM is listening at http://0.0.0.0:40507
2019-07-13 07:39:30,600 WARN  server.ServerUtils (ServerUtils.java:getDBPath(222)) - ozone.om.db.dirs is not configured. We recommend adding this setting. Falling back to ozone.metadata.dirs instead.
2019-07-13 07:39:30,601 INFO  util.JvmPauseMonitor (JvmPauseMonitor.java:run(188)) - Starting JVM pause monitor
2019-07-13 07:39:30,627 WARN  server.ServerUtils (ServerUtils.java:getDBPath(222)) - ozone.om.db.dirs is not configured. We recommend adding this setting. Falling back to ozone.metadata.dirs instead.
2019-07-13 07:39:30,627 INFO  om.OzoneManager (OzoneManager.java:setOMNodeDetails(630)) - OM Service ID is not set. Setting it to the default ID: omServiceIdDefault
2019-07-13 07:39:30,628 INFO  om.OzoneManager (OzoneManager.java:setOMNodeDetails(636)) - OM Node ID is not set. Setting it to the OmStorage's OmID: 074ed021-8817-4a20-b193-de08d28569d4
2019-07-13 07:39:30,628 INFO  om.OzoneManager (OzoneManager.java:loadOMHAConfigs(587)) - Found matching OM address with OMServiceId: null, OMNodeId: null, RPC Address: localhost:0 and Ratis port: 9872
2019-07-13 07:39:30,635 WARN  server.ServerUtils (ServerUtils.java:getDBPath(222)) - ozone.om.db.dirs is not configured. We recommend adding this setting. Falling back to ozone.metadata.dirs instead.
2019-07-13 07:39:30,636 INFO  db.DBStoreBuilder (DBStoreBuilder.java:addTable(110)) - using custom profile for table: userTable
2019-07-13 07:39:30,636 INFO  db.DBStoreBuilder (DBStoreBuilder.java:processTables(161)) - Using default column profile:DBProfile.DISK for Table:userTable
2019-07-13 07:39:30,636 INFO  db.DBStoreBuilder (DBStoreBuilder.java:addTable(110)) - using custom profile for table: volumeTable
2019-07-13 07:39:30,637 INFO  db.DBStoreBuilder (DBStoreBuilder.java:processTables(161)) - Using default column profile:DBProfile.DISK for Table:volumeTable
2019-07-13 07:39:30,637 INFO  db.DBStoreBuilder (DBStoreBuilder.java:addTable(110)) - using custom profile for table: bucketTable
2019-07-13 07:39:30,637 INFO  db.DBStoreBuilder (DBStoreBuilder.java:processTables(161)) - Using default column profile:DBProfile.DISK for Table:bucketTable
2019-07-13 07:39:30,637 INFO  db.DBStoreBuilder (DBStoreBuilder.java:addTable(110)) - using custom profile for table: keyTable
2019-07-13 07:39:30,638 INFO  db.DBStoreBuilder (DBStoreBuilder.java:processTables(161)) - Using default column profile:DBProfile.DISK for Table:keyTable
2019-07-13 07:39:30,638 INFO  db.DBStoreBuilder (DBStoreBuilder.java:addTable(110)) - using custom profile for table: deletedTable
2019-07-13 07:39:30,638 INFO  db.DBStoreBuilder (DBStoreBuilder.java:processTables(161)) - Using default column profile:DBProfile.DISK for Table:deletedTable
2019-07-13 07:39:30,638 INFO  db.DBStoreBuilder (DBStoreBuilder.java:addTable(110)) - using custom profile for table: openKeyTable
2019-07-13 07:39:30,639 INFO  db.DBStoreBuilder (DBStoreBuilder.java:processTables(161)) - Using default column profile:DBProfile.DISK for Table:openKeyTable
2019-07-13 07:39:30,639 INFO  db.DBStoreBuilder (DBStoreBuilder.java:addTable(110)) - using custom profile for table: s3Table
2019-07-13 07:39:30,639 INFO  db.DBStoreBuilder (DBStoreBuilder.java:processTables(161)) - Using default column profile:DBProfile.DISK for Table:s3Table
2019-07-13 07:39:30,639 INFO  db.DBStoreBuilder (DBStoreBuilder.java:addTable(110)) - using custom profile for table: multipartInfoTable
2019-07-13 07:39:30,640 INFO  db.DBStoreBuilder (DBStoreBuilder.java:processTables(161)) - Using default column profile:DBProfile.DISK for Table:multipartInfoTable
2019-07-13 07:39:30,640 INFO  db.DBStoreBuilder (DBStoreBuilder.java:addTable(110)) - using custom profile for table: dTokenTable
2019-07-13 07:39:30,640 INFO  db.DBStoreBuilder (DBStoreBuilder.java:processTables(161)) - Using default column profile:DBProfile.DISK for Table:dTokenTable
2019-07-13 07:39:30,641 INFO  db.DBStoreBuilder (DBStoreBuilder.java:addTable(110)) - using custom profile for table: s3SecretTable
2019-07-13 07:39:30,641 INFO  db.DBStoreBuilder (DBStoreBuilder.java:processTables(161)) - Using default column profile:DBProfile.DISK for Table:s3SecretTable
2019-07-13 07:39:30,641 INFO  db.DBStoreBuilder (DBStoreBuilder.java:addTable(110)) - using custom profile for table: prefixTable
2019-07-13 07:39:30,641 INFO  db.DBStoreBuilder (DBStoreBuilder.java:processTables(161)) - Using default column profile:DBProfile.DISK for Table:prefixTable
2019-07-13 07:39:30,642 INFO  db.DBStoreBuilder (DBStoreBuilder.java:addTable(110)) - using custom profile for table: default
2019-07-13 07:39:30,642 INFO  db.DBStoreBuilder (DBStoreBuilder.java:processTables(167)) - Using default column profile:DBProfile.DISK for Table:default
2019-07-13 07:39:30,642 INFO  db.DBStoreBuilder (DBStoreBuilder.java:getDbProfile(198)) - Using default options. DBProfile.DISK
2019-07-13 07:39:31,175 INFO  ipc.CallQueueManager (CallQueueManager.java:<init>(84)) - Using callQueue: class java.util.concurrent.LinkedBlockingQueue, queueCapacity: 2000, scheduler: class org.apache.hadoop.ipc.DefaultRpcScheduler, ipcBackoff: false.
2019-07-13 07:39:31,177 INFO  ipc.Server (Server.java:run(1074)) - Starting Socket Reader #1 for port 43278
2019-07-13 07:39:31,197 WARN  server.ServerUtils (ServerUtils.java:getDBPath(222)) - ozone.om.db.dirs is not configured. We recommend adding this setting. Falling back to ozone.metadata.dirs instead.
2019-07-13 07:39:31,198 INFO  om.OzoneManager (OzoneManager.java:start(1228)) - OzoneManager RPC server is listening at localhost/127.0.0.1:43278
2019-07-13 07:39:31,198 INFO  impl.MetricsSystemImpl (MetricsSystemImpl.java:init(158)) - OzoneManager metrics system started (again)
2019-07-13 07:39:31,199 INFO  ipc.Server (Server.java:run(1314)) - IPC Server Responder: starting
2019-07-13 07:39:31,201 INFO  ipc.Server (Server.java:run(1153)) - IPC Server listener on 43278: starting
2019-07-13 07:39:31,207 INFO  hdfs.DFSUtil (DFSUtil.java:httpServerTemplateForNNAndJN(1641)) - Starting Web-server for ozoneManager at: http://0.0.0.0:0
2019-07-13 07:39:31,210 INFO  server.AuthenticationFilter (AuthenticationFilter.java:constructSecretProvider(240)) - Unable to initialize FileSignerSecretProvider, falling back to use random secrets.
2019-07-13 07:39:31,211 WARN  http.HttpRequestLog (HttpRequestLog.java:getRequestLog(97)) - Jetty request log can only be enabled using Log4j
2019-07-13 07:39:31,213 INFO  http.HttpServer2 (HttpServer2.java:addGlobalFilter(975)) - Added global filter 'safety' (class=org.apache.hadoop.http.HttpServer2$QuotingInputFilter)
2019-07-13 07:39:31,214 INFO  http.HttpServer2 (HttpServer2.java:addFilter(948)) - Added filter static_user_filter (class=org.apache.hadoop.http.lib.StaticUserWebFilter$StaticUserFilter) to context ozoneManager
2019-07-13 07:39:31,214 INFO  http.HttpServer2 (HttpServer2.java:addFilter(958)) - Added filter static_user_filter (class=org.apache.hadoop.http.lib.StaticUserWebFilter$StaticUserFilter) to context static
2019-07-13 07:39:31,214 INFO  http.HttpServer2 (HttpServer2.java:addFilter(958)) - Added filter static_user_filter (class=org.apache.hadoop.http.lib.StaticUserWebFilter$StaticUserFilter) to context logs
2019-07-13 07:39:31,215 INFO  http.HttpServer2 (HttpServer2.java:bindListener(1191)) - Jetty bound to port 45593
2019-07-13 07:39:31,216 INFO  server.Server (Server.java:doStart(351)) - jetty-9.3.24.v20180605, build timestamp: 2018-06-05T17:11:56Z, git hash: 84205aa28f11a4f31f2a3b86d1bba2cc8ab69827
2019-07-13 07:39:31,218 INFO  handler.ContextHandler (ContextHandler.java:doStart(781)) - Started o.e.j.s.ServletContextHandler@adbc3bc{/logs,file:///tmp/workdir/hadoop-ozone/integration-test/target/log,AVAILABLE}
2019-07-13 07:39:31,219 INFO  handler.ContextHandler (ContextHandler.java:doStart(781)) - Started o.e.j.s.ServletContextHandler@5d3f583d{/static,file:///tmp/workdir/hadoop-ozone/integration-test/target/test-classes/webapps/static,AVAILABLE}
2019-07-13 07:39:31,225 INFO  handler.ContextHandler (ContextHandler.java:doStart(781)) - Started o.e.j.w.WebAppContext@430dbcb0{/,file:///tmp/workdir/hadoop-ozone/integration-test/target/test-classes/webapps/ozoneManager/,AVAILABLE}{/ozoneManager}
2019-07-13 07:39:31,226 INFO  server.AbstractConnector (AbstractConnector.java:doStart(278)) - Started ServerConnector@726d0482{HTTP/1.1,[http/1.1]}{0.0.0.0:45593}
2019-07-13 07:39:31,227 INFO  server.Server (Server.java:doStart(419)) - Started @594769ms
2019-07-13 07:39:31,230 INFO  server.BaseHttpServer (BaseHttpServer.java:updateConnectorAddress(207)) - HTTP server of OZONEMANAGER is listening at http://0.0.0.0:45593
2019-07-13 07:39:31,248 INFO  impl.MetricsSystemImpl (MetricsSystemImpl.java:init(158)) - HddsDatanode metrics system started (again)
2019-07-13 07:39:31,249 INFO  ozone.HddsDatanodeService (HddsDatanodeService.java:start(185)) - HddsDatanodeService host:trunk-nightly-9lh4p-2362225927 ip:192.168.69.84
2019-07-13 07:39:31,261 INFO  volume.HddsVolume (HddsVolume.java:<init>(176)) - Creating Volume: /tmp/workdir/hadoop-ozone/integration-test/target/test-dir/MiniOzoneClusterImpl-5db8d0d9-7b2e-49d0-b294-9cc54400926c/datanode-0/data/containers/hdds of  storage type : DISK and capacity : 52710309888
2019-07-13 07:39:31,261 INFO  volume.VolumeSet (VolumeSet.java:initializeVolumeSet(170)) - Added Volume : /tmp/workdir/hadoop-ozone/integration-test/target/test-dir/MiniOzoneClusterImpl-5db8d0d9-7b2e-49d0-b294-9cc54400926c/datanode-0/data/containers/hdds to VolumeSet
2019-07-13 07:39:31,261 INFO  volume.ThrottledAsyncChecker (ThrottledAsyncChecker.java:schedule(140)) - Scheduling a check for org.apache.hadoop.ozone.container.common.volume.HddsVolume@672549f3
2019-07-13 07:39:31,262 INFO  volume.HddsVolumeChecker (HddsVolumeChecker.java:checkAllVolumes(203)) - Scheduled health check for volume org.apache.hadoop.ozone.container.common.volume.HddsVolume@672549f3
2019-07-13 07:39:31,280 INFO  impl.RaftServerProxy (ConfUtils.java:logGet(43)) - raft.rpc.type = GRPC (default)
2019-07-13 07:39:31,280 INFO  grpc.GrpcFactory (GrpcFactory.java:checkPooledByteBufAllocatorUseCacheForAllThreads(45)) - PERFORMANCE WARNING: useCacheForAllThreads is true that may cause Netty to create a lot garbage objects and, as a result, trigger GC.
	It is recommended to disable useCacheForAllThreads by setting -Dorg.apache.ratis.thirdparty.io.netty.allocator.useCacheForAllThreads=false in command line.
2019-07-13 07:39:31,281 INFO  grpc.GrpcConfigKeys$Server (ConfUtils.java:logGet(43)) - raft.grpc.server.port = 0 (default)
2019-07-13 07:39:31,281 INFO  server.GrpcService (ConfUtils.java:logGet(43)) - raft.grpc.message.size.max = 33570816 (custom)
2019-07-13 07:39:31,281 INFO  server.RaftServerConfigKeys (ConfUtils.java:logGet(43)) - raft.server.log.appender.buffer.byte-limit = 33554432 (custom)
2019-07-13 07:39:31,281 INFO  server.GrpcService (ConfUtils.java:logGet(43)) - raft.grpc.flow.control.window = 1MB (=1048576) (default)
2019-07-13 07:39:31,282 INFO  server.RaftServerConfigKeys (ConfUtils.java:logGet(43)) - raft.server.rpc.request.timeout = 3000ms (default)
2019-07-13 07:39:31,282 INFO  server.RaftServerConfigKeys (ConfUtils.java:logGet(43)) - raft.server.storage.dir = [/tmp/workdir/hadoop-ozone/integration-test/target/test-dir/MiniOzoneClusterImpl-5db8d0d9-7b2e-49d0-b294-9cc54400926c/datanode-0/data/ratis] (custom)
2019-07-13 07:39:31,283 INFO  replication.SimpleContainerDownloader (SimpleContainerDownloader.java:<init>(72)) - Starting container downloader service to copy containers to replicate.
2019-07-13 07:39:31,284 INFO  hdfs.DFSUtil (DFSUtil.java:httpServerTemplateForNNAndJN(1641)) - Starting Web-server for hddsDatanode at: http://0.0.0.0:0
2019-07-13 07:39:31,286 INFO  server.AuthenticationFilter (AuthenticationFilter.java:constructSecretProvider(240)) - Unable to initialize FileSignerSecretProvider, falling back to use random secrets.
2019-07-13 07:39:31,287 WARN  http.HttpRequestLog (HttpRequestLog.java:getRequestLog(97)) - Jetty request log can only be enabled using Log4j
2019-07-13 07:39:31,288 INFO  http.HttpServer2 (HttpServer2.java:addGlobalFilter(975)) - Added global filter 'safety' (class=org.apache.hadoop.http.HttpServer2$QuotingInputFilter)
2019-07-13 07:39:31,289 INFO  http.HttpServer2 (HttpServer2.java:addFilter(948)) - Added filter static_user_filter (class=org.apache.hadoop.http.lib.StaticUserWebFilter$StaticUserFilter) to context hddsDatanode
2019-07-13 07:39:31,289 INFO  http.HttpServer2 (HttpServer2.java:addFilter(958)) - Added filter static_user_filter (class=org.apache.hadoop.http.lib.StaticUserWebFilter$StaticUserFilter) to context static
2019-07-13 07:39:31,289 INFO  http.HttpServer2 (HttpServer2.java:addFilter(958)) - Added filter static_user_filter (class=org.apache.hadoop.http.lib.StaticUserWebFilter$StaticUserFilter) to context logs
2019-07-13 07:39:31,290 INFO  http.HttpServer2 (HttpServer2.java:bindListener(1191)) - Jetty bound to port 41520
2019-07-13 07:39:31,290 INFO  server.Server (Server.java:doStart(351)) - jetty-9.3.24.v20180605, build timestamp: 2018-06-05T17:11:56Z, git hash: 84205aa28f11a4f31f2a3b86d1bba2cc8ab69827
2019-07-13 07:39:31,292 INFO  handler.ContextHandler (ContextHandler.java:doStart(781)) - Started o.e.j.s.ServletContextHandler@752e50c6{/logs,file:///tmp/workdir/hadoop-ozone/integration-test/target/log,AVAILABLE}
2019-07-13 07:39:31,293 INFO  handler.ContextHandler (ContextHandler.java:doStart(781)) - Started o.e.j.s.ServletContextHandler@5bd191c2{/static,jar:file:/home/user/.m2/repository/org/apache/hadoop/hadoop-hdds-container-service/0.5.0-SNAPSHOT/hadoop-hdds-container-service-0.5.0-SNAPSHOT.jar!/webapps/static,AVAILABLE}
2019-07-13 07:39:31,333 INFO  handler.ContextHandler (ContextHandler.java:doStart(781)) - Started o.e.j.w.WebAppContext@27563444{/,file:///tmp/jetty-0.0.0.0-41520-hddsDatanode-_-any-6277507178619462524.dir/webapp/,AVAILABLE}{/hddsDatanode}
2019-07-13 07:39:31,334 INFO  server.AbstractConnector (AbstractConnector.java:doStart(278)) - Started ServerConnector@507e3e77{HTTP/1.1,[http/1.1]}{0.0.0.0:41520}
2019-07-13 07:39:31,335 INFO  server.Server (Server.java:doStart(419)) - Started @594876ms
2019-07-13 07:39:31,336 INFO  server.BaseHttpServer (BaseHttpServer.java:updateConnectorAddress(207)) - HTTP server of HDDSDATANODE is listening at http://0.0.0.0:41520
2019-07-13 07:39:31,459 INFO  ozone.HddsDatanodeService (HddsDatanodeService.java:startPlugins(396)) - Started plug-in org.apache.hadoop.ozone.web.OzoneHddsDatanodeService@2d0ce8a1
2019-07-13 07:39:31,460 INFO  impl.MetricsSystemImpl (MetricsSystemImpl.java:init(158)) - HddsDatanode metrics system started (again)
2019-07-13 07:39:31,462 INFO  ozone.HddsDatanodeService (HddsDatanodeService.java:start(185)) - HddsDatanodeService host:trunk-nightly-9lh4p-2362225927 ip:192.168.69.84
2019-07-13 07:39:31,463 INFO  util.JvmPauseMonitor (JvmPauseMonitor.java:run(188)) - Starting JVM pause monitor
2019-07-13 07:39:31,465 INFO  datanode.InitDatanodeState (InitDatanodeState.java:persistContainerDatanodeDetails(140)) - DatanodeDetails is persisted to /tmp/workdir/hadoop-ozone/integration-test/target/test-dir/MiniOzoneClusterImpl-5db8d0d9-7b2e-49d0-b294-9cc54400926c/datanode-0/meta/datanode.id
2019-07-13 07:39:31,473 INFO  volume.HddsVolume (HddsVolume.java:<init>(176)) - Creating Volume: /tmp/workdir/hadoop-ozone/integration-test/target/test-dir/MiniOzoneClusterImpl-5db8d0d9-7b2e-49d0-b294-9cc54400926c/datanode-1/data/containers/hdds of  storage type : DISK and capacity : 52710309888
2019-07-13 07:39:31,473 INFO  volume.VolumeSet (VolumeSet.java:initializeVolumeSet(170)) - Added Volume : /tmp/workdir/hadoop-ozone/integration-test/target/test-dir/MiniOzoneClusterImpl-5db8d0d9-7b2e-49d0-b294-9cc54400926c/datanode-1/data/containers/hdds to VolumeSet
2019-07-13 07:39:31,473 INFO  volume.ThrottledAsyncChecker (ThrottledAsyncChecker.java:schedule(140)) - Scheduling a check for org.apache.hadoop.ozone.container.common.volume.HddsVolume@61b6f287
2019-07-13 07:39:31,474 INFO  volume.HddsVolumeChecker (HddsVolumeChecker.java:checkAllVolumes(203)) - Scheduled health check for volume org.apache.hadoop.ozone.container.common.volume.HddsVolume@61b6f287
2019-07-13 07:39:31,494 INFO  impl.RaftServerProxy (ConfUtils.java:logGet(43)) - raft.rpc.type = GRPC (default)
2019-07-13 07:39:31,495 INFO  grpc.GrpcFactory (GrpcFactory.java:checkPooledByteBufAllocatorUseCacheForAllThreads(45)) - PERFORMANCE WARNING: useCacheForAllThreads is true that may cause Netty to create a lot garbage objects and, as a result, trigger GC.
	It is recommended to disable useCacheForAllThreads by setting -Dorg.apache.ratis.thirdparty.io.netty.allocator.useCacheForAllThreads=false in command line.
2019-07-13 07:39:31,495 INFO  grpc.GrpcConfigKeys$Server (ConfUtils.java:logGet(43)) - raft.grpc.server.port = 0 (default)
2019-07-13 07:39:31,495 INFO  server.GrpcService (ConfUtils.java:logGet(43)) - raft.grpc.message.size.max = 33570816 (custom)
2019-07-13 07:39:31,496 INFO  server.RaftServerConfigKeys (ConfUtils.java:logGet(43)) - raft.server.log.appender.buffer.byte-limit = 33554432 (custom)
2019-07-13 07:39:31,496 INFO  server.GrpcService (ConfUtils.java:logGet(43)) - raft.grpc.flow.control.window = 1MB (=1048576) (default)
2019-07-13 07:39:31,496 INFO  server.RaftServerConfigKeys (ConfUtils.java:logGet(43)) - raft.server.rpc.request.timeout = 3000ms (default)
2019-07-13 07:39:31,497 INFO  server.RaftServerConfigKeys (ConfUtils.java:logGet(43)) - raft.server.storage.dir = [/tmp/workdir/hadoop-ozone/integration-test/target/test-dir/MiniOzoneClusterImpl-5db8d0d9-7b2e-49d0-b294-9cc54400926c/datanode-1/data/ratis] (custom)
2019-07-13 07:39:31,498 INFO  replication.SimpleContainerDownloader (SimpleContainerDownloader.java:<init>(72)) - Starting container downloader service to copy containers to replicate.
2019-07-13 07:39:31,499 INFO  hdfs.DFSUtil (DFSUtil.java:httpServerTemplateForNNAndJN(1641)) - Starting Web-server for hddsDatanode at: http://0.0.0.0:0
2019-07-13 07:39:31,501 INFO  server.AuthenticationFilter (AuthenticationFilter.java:constructSecretProvider(240)) - Unable to initialize FileSignerSecretProvider, falling back to use random secrets.
2019-07-13 07:39:31,502 WARN  http.HttpRequestLog (HttpRequestLog.java:getRequestLog(97)) - Jetty request log can only be enabled using Log4j
2019-07-13 07:39:31,503 INFO  http.HttpServer2 (HttpServer2.java:addGlobalFilter(975)) - Added global filter 'safety' (class=org.apache.hadoop.http.HttpServer2$QuotingInputFilter)
2019-07-13 07:39:31,504 INFO  http.HttpServer2 (HttpServer2.java:addFilter(948)) - Added filter static_user_filter (class=org.apache.hadoop.http.lib.StaticUserWebFilter$StaticUserFilter) to context hddsDatanode
2019-07-13 07:39:31,504 INFO  http.HttpServer2 (HttpServer2.java:addFilter(958)) - Added filter static_user_filter (class=org.apache.hadoop.http.lib.StaticUserWebFilter$StaticUserFilter) to context logs
2019-07-13 07:39:31,505 INFO  http.HttpServer2 (HttpServer2.java:addFilter(958)) - Added filter static_user_filter (class=org.apache.hadoop.http.lib.StaticUserWebFilter$StaticUserFilter) to context static
2019-07-13 07:39:31,506 INFO  http.HttpServer2 (HttpServer2.java:bindListener(1191)) - Jetty bound to port 40779
2019-07-13 07:39:31,506 INFO  server.Server (Server.java:doStart(351)) - jetty-9.3.24.v20180605, build timestamp: 2018-06-05T17:11:56Z, git hash: 84205aa28f11a4f31f2a3b86d1bba2cc8ab69827
2019-07-13 07:39:31,508 INFO  handler.ContextHandler (ContextHandler.java:doStart(781)) - Started o.e.j.s.ServletContextHandler@2d18d9ed{/logs,file:///tmp/workdir/hadoop-ozone/integration-test/target/log,AVAILABLE}
2019-07-13 07:39:31,509 INFO  handler.ContextHandler (ContextHandler.java:doStart(781)) - Started o.e.j.s.ServletContextHandler@34e1c23d{/static,jar:file:/home/user/.m2/repository/org/apache/hadoop/hadoop-hdds-container-service/0.5.0-SNAPSHOT/hadoop-hdds-container-service-0.5.0-SNAPSHOT.jar!/webapps/static,AVAILABLE}
2019-07-13 07:39:31,549 INFO  handler.ContextHandler (ContextHandler.java:doStart(781)) - Started o.e.j.w.WebAppContext@18487f92{/,file:///tmp/jetty-0.0.0.0-40779-hddsDatanode-_-any-6018673603034997834.dir/webapp/,AVAILABLE}{/hddsDatanode}
2019-07-13 07:39:31,550 INFO  server.AbstractConnector (AbstractConnector.java:doStart(278)) - Started ServerConnector@252f00ba{HTTP/1.1,[http/1.1]}{0.0.0.0:40779}
2019-07-13 07:39:31,551 INFO  server.Server (Server.java:doStart(419)) - Started @595092ms
2019-07-13 07:39:31,552 INFO  server.BaseHttpServer (BaseHttpServer.java:updateConnectorAddress(207)) - HTTP server of HDDSDATANODE is listening at http://0.0.0.0:40779
2019-07-13 07:39:31,667 INFO  ozone.HddsDatanodeService (HddsDatanodeService.java:startPlugins(396)) - Started plug-in org.apache.hadoop.ozone.web.OzoneHddsDatanodeService@6a77953c
2019-07-13 07:39:31,669 INFO  impl.MetricsSystemImpl (MetricsSystemImpl.java:init(158)) - HddsDatanode metrics system started (again)
2019-07-13 07:39:31,671 INFO  ozone.HddsDatanodeService (HddsDatanodeService.java:start(185)) - HddsDatanodeService host:trunk-nightly-9lh4p-2362225927 ip:192.168.69.84
2019-07-13 07:39:31,672 INFO  util.JvmPauseMonitor (JvmPauseMonitor.java:run(188)) - Starting JVM pause monitor
2019-07-13 07:39:31,675 INFO  datanode.InitDatanodeState (InitDatanodeState.java:persistContainerDatanodeDetails(140)) - DatanodeDetails is persisted to /tmp/workdir/hadoop-ozone/integration-test/target/test-dir/MiniOzoneClusterImpl-5db8d0d9-7b2e-49d0-b294-9cc54400926c/datanode-1/meta/datanode.id
2019-07-13 07:39:31,682 INFO  volume.HddsVolume (HddsVolume.java:<init>(176)) - Creating Volume: /tmp/workdir/hadoop-ozone/integration-test/target/test-dir/MiniOzoneClusterImpl-5db8d0d9-7b2e-49d0-b294-9cc54400926c/datanode-2/data/containers/hdds of  storage type : DISK and capacity : 52710309888
2019-07-13 07:39:31,682 INFO  volume.VolumeSet (VolumeSet.java:initializeVolumeSet(170)) - Added Volume : /tmp/workdir/hadoop-ozone/integration-test/target/test-dir/MiniOzoneClusterImpl-5db8d0d9-7b2e-49d0-b294-9cc54400926c/datanode-2/data/containers/hdds to VolumeSet
2019-07-13 07:39:31,683 INFO  volume.ThrottledAsyncChecker (ThrottledAsyncChecker.java:schedule(140)) - Scheduling a check for org.apache.hadoop.ozone.container.common.volume.HddsVolume@11703cc8
2019-07-13 07:39:31,683 INFO  volume.HddsVolumeChecker (HddsVolumeChecker.java:checkAllVolumes(203)) - Scheduled health check for volume org.apache.hadoop.ozone.container.common.volume.HddsVolume@11703cc8
2019-07-13 07:39:31,703 INFO  impl.RaftServerProxy (ConfUtils.java:logGet(43)) - raft.rpc.type = GRPC (default)
2019-07-13 07:39:31,703 INFO  grpc.GrpcFactory (GrpcFactory.java:checkPooledByteBufAllocatorUseCacheForAllThreads(45)) - PERFORMANCE WARNING: useCacheForAllThreads is true that may cause Netty to create a lot garbage objects and, as a result, trigger GC.
	It is recommended to disable useCacheForAllThreads by setting -Dorg.apache.ratis.thirdparty.io.netty.allocator.useCacheForAllThreads=false in command line.
2019-07-13 07:39:31,703 INFO  grpc.GrpcConfigKeys$Server (ConfUtils.java:logGet(43)) - raft.grpc.server.port = 0 (default)
2019-07-13 07:39:31,703 INFO  server.GrpcService (ConfUtils.java:logGet(43)) - raft.grpc.message.size.max = 33570816 (custom)
2019-07-13 07:39:31,704 INFO  server.RaftServerConfigKeys (ConfUtils.java:logGet(43)) - raft.server.log.appender.buffer.byte-limit = 33554432 (custom)
2019-07-13 07:39:31,704 INFO  server.GrpcService (ConfUtils.java:logGet(43)) - raft.grpc.flow.control.window = 1MB (=1048576) (default)
2019-07-13 07:39:31,704 INFO  server.RaftServerConfigKeys (ConfUtils.java:logGet(43)) - raft.server.rpc.request.timeout = 3000ms (default)
2019-07-13 07:39:31,704 INFO  server.RaftServerConfigKeys (ConfUtils.java:logGet(43)) - raft.server.storage.dir = [/tmp/workdir/hadoop-ozone/integration-test/target/test-dir/MiniOzoneClusterImpl-5db8d0d9-7b2e-49d0-b294-9cc54400926c/datanode-2/data/ratis] (custom)
2019-07-13 07:39:31,705 INFO  replication.SimpleContainerDownloader (SimpleContainerDownloader.java:<init>(72)) - Starting container downloader service to copy containers to replicate.
2019-07-13 07:39:31,706 INFO  hdfs.DFSUtil (DFSUtil.java:httpServerTemplateForNNAndJN(1641)) - Starting Web-server for hddsDatanode at: http://0.0.0.0:0
2019-07-13 07:39:31,708 INFO  server.AuthenticationFilter (AuthenticationFilter.java:constructSecretProvider(240)) - Unable to initialize FileSignerSecretProvider, falling back to use random secrets.
2019-07-13 07:39:31,708 WARN  http.HttpRequestLog (HttpRequestLog.java:getRequestLog(97)) - Jetty request log can only be enabled using Log4j
2019-07-13 07:39:31,710 INFO  http.HttpServer2 (HttpServer2.java:addGlobalFilter(975)) - Added global filter 'safety' (class=org.apache.hadoop.http.HttpServer2$QuotingInputFilter)
2019-07-13 07:39:31,710 INFO  http.HttpServer2 (HttpServer2.java:addFilter(948)) - Added filter static_user_filter (class=org.apache.hadoop.http.lib.StaticUserWebFilter$StaticUserFilter) to context hddsDatanode
2019-07-13 07:39:31,710 INFO  http.HttpServer2 (HttpServer2.java:addFilter(958)) - Added filter static_user_filter (class=org.apache.hadoop.http.lib.StaticUserWebFilter$StaticUserFilter) to context static
2019-07-13 07:39:31,710 INFO  http.HttpServer2 (HttpServer2.java:addFilter(958)) - Added filter static_user_filter (class=org.apache.hadoop.http.lib.StaticUserWebFilter$StaticUserFilter) to context logs
2019-07-13 07:39:31,711 INFO  http.HttpServer2 (HttpServer2.java:bindListener(1191)) - Jetty bound to port 37989
2019-07-13 07:39:31,711 INFO  server.Server (Server.java:doStart(351)) - jetty-9.3.24.v20180605, build timestamp: 2018-06-05T17:11:56Z, git hash: 84205aa28f11a4f31f2a3b86d1bba2cc8ab69827
2019-07-13 07:39:31,713 INFO  handler.ContextHandler (ContextHandler.java:doStart(781)) - Started o.e.j.s.ServletContextHandler@7212d3df{/logs,file:///tmp/workdir/hadoop-ozone/integration-test/target/log,AVAILABLE}
2019-07-13 07:39:31,714 INFO  handler.ContextHandler (ContextHandler.java:doStart(781)) - Started o.e.j.s.ServletContextHandler@6ff05f85{/static,jar:file:/home/user/.m2/repository/org/apache/hadoop/hadoop-hdds-container-service/0.5.0-SNAPSHOT/hadoop-hdds-container-service-0.5.0-SNAPSHOT.jar!/webapps/static,AVAILABLE}
2019-07-13 07:39:31,740 INFO  handler.ContextHandler (ContextHandler.java:doStart(781)) - Started o.e.j.w.WebAppContext@221961f2{/,file:///tmp/jetty-0.0.0.0-37989-hddsDatanode-_-any-3361850244885297388.dir/webapp/,AVAILABLE}{/hddsDatanode}
2019-07-13 07:39:31,741 INFO  server.AbstractConnector (AbstractConnector.java:doStart(278)) - Started ServerConnector@541d8a9e{HTTP/1.1,[http/1.1]}{0.0.0.0:37989}
2019-07-13 07:39:31,741 INFO  server.Server (Server.java:doStart(419)) - Started @595282ms
2019-07-13 07:39:31,742 INFO  server.BaseHttpServer (BaseHttpServer.java:updateConnectorAddress(207)) - HTTP server of HDDSDATANODE is listening at http://0.0.0.0:37989
2019-07-13 07:39:31,996 INFO  ozone.HddsDatanodeService (HddsDatanodeService.java:startPlugins(396)) - Started plug-in org.apache.hadoop.ozone.web.OzoneHddsDatanodeService@a6fc2e1
2019-07-13 07:39:31,997 INFO  impl.MetricsSystemImpl (MetricsSystemImpl.java:init(158)) - HddsDatanode metrics system started (again)
2019-07-13 07:39:32,000 INFO  ozone.HddsDatanodeService (HddsDatanodeService.java:start(185)) - HddsDatanodeService host:trunk-nightly-9lh4p-2362225927 ip:192.168.69.84
2019-07-13 07:39:32,001 INFO  util.JvmPauseMonitor (JvmPauseMonitor.java:run(188)) - Starting JVM pause monitor
2019-07-13 07:39:32,003 INFO  datanode.InitDatanodeState (InitDatanodeState.java:persistContainerDatanodeDetails(140)) - DatanodeDetails is persisted to /tmp/workdir/hadoop-ozone/integration-test/target/test-dir/MiniOzoneClusterImpl-5db8d0d9-7b2e-49d0-b294-9cc54400926c/datanode-2/meta/datanode.id
2019-07-13 07:39:32,012 INFO  volume.HddsVolume (HddsVolume.java:<init>(176)) - Creating Volume: /tmp/workdir/hadoop-ozone/integration-test/target/test-dir/MiniOzoneClusterImpl-5db8d0d9-7b2e-49d0-b294-9cc54400926c/datanode-3/data/containers/hdds of  storage type : DISK and capacity : 52710309888
2019-07-13 07:39:32,012 INFO  volume.VolumeSet (VolumeSet.java:initializeVolumeSet(170)) - Added Volume : /tmp/workdir/hadoop-ozone/integration-test/target/test-dir/MiniOzoneClusterImpl-5db8d0d9-7b2e-49d0-b294-9cc54400926c/datanode-3/data/containers/hdds to VolumeSet
2019-07-13 07:39:32,012 INFO  volume.ThrottledAsyncChecker (ThrottledAsyncChecker.java:schedule(140)) - Scheduling a check for org.apache.hadoop.ozone.container.common.volume.HddsVolume@11b234aa
2019-07-13 07:39:32,013 INFO  volume.HddsVolumeChecker (HddsVolumeChecker.java:checkAllVolumes(203)) - Scheduled health check for volume org.apache.hadoop.ozone.container.common.volume.HddsVolume@11b234aa
2019-07-13 07:39:32,032 INFO  impl.RaftServerProxy (ConfUtils.java:logGet(43)) - raft.rpc.type = GRPC (default)
2019-07-13 07:39:32,032 INFO  grpc.GrpcFactory (GrpcFactory.java:checkPooledByteBufAllocatorUseCacheForAllThreads(45)) - PERFORMANCE WARNING: useCacheForAllThreads is true that may cause Netty to create a lot garbage objects and, as a result, trigger GC.
	It is recommended to disable useCacheForAllThreads by setting -Dorg.apache.ratis.thirdparty.io.netty.allocator.useCacheForAllThreads=false in command line.
2019-07-13 07:39:32,032 INFO  grpc.GrpcConfigKeys$Server (ConfUtils.java:logGet(43)) - raft.grpc.server.port = 0 (default)
2019-07-13 07:39:32,033 INFO  server.GrpcService (ConfUtils.java:logGet(43)) - raft.grpc.message.size.max = 33570816 (custom)
2019-07-13 07:39:32,033 INFO  server.RaftServerConfigKeys (ConfUtils.java:logGet(43)) - raft.server.log.appender.buffer.byte-limit = 33554432 (custom)
2019-07-13 07:39:32,033 INFO  server.GrpcService (ConfUtils.java:logGet(43)) - raft.grpc.flow.control.window = 1MB (=1048576) (default)
2019-07-13 07:39:32,033 INFO  server.RaftServerConfigKeys (ConfUtils.java:logGet(43)) - raft.server.rpc.request.timeout = 3000ms (default)
2019-07-13 07:39:32,034 INFO  server.RaftServerConfigKeys (ConfUtils.java:logGet(43)) - raft.server.storage.dir = [/tmp/workdir/hadoop-ozone/integration-test/target/test-dir/MiniOzoneClusterImpl-5db8d0d9-7b2e-49d0-b294-9cc54400926c/datanode-3/data/ratis] (custom)
2019-07-13 07:39:32,035 INFO  replication.SimpleContainerDownloader (SimpleContainerDownloader.java:<init>(72)) - Starting container downloader service to copy containers to replicate.
2019-07-13 07:39:32,036 INFO  hdfs.DFSUtil (DFSUtil.java:httpServerTemplateForNNAndJN(1641)) - Starting Web-server for hddsDatanode at: http://0.0.0.0:0
2019-07-13 07:39:32,037 INFO  server.AuthenticationFilter (AuthenticationFilter.java:constructSecretProvider(240)) - Unable to initialize FileSignerSecretProvider, falling back to use random secrets.
2019-07-13 07:39:32,038 WARN  http.HttpRequestLog (HttpRequestLog.java:getRequestLog(97)) - Jetty request log can only be enabled using Log4j
2019-07-13 07:39:32,040 INFO  http.HttpServer2 (HttpServer2.java:addGlobalFilter(975)) - Added global filter 'safety' (class=org.apache.hadoop.http.HttpServer2$QuotingInputFilter)
2019-07-13 07:39:32,040 INFO  http.HttpServer2 (HttpServer2.java:addFilter(948)) - Added filter static_user_filter (class=org.apache.hadoop.http.lib.StaticUserWebFilter$StaticUserFilter) to context hddsDatanode
2019-07-13 07:39:32,040 INFO  http.HttpServer2 (HttpServer2.java:addFilter(958)) - Added filter static_user_filter (class=org.apache.hadoop.http.lib.StaticUserWebFilter$StaticUserFilter) to context static
2019-07-13 07:39:32,040 INFO  http.HttpServer2 (HttpServer2.java:addFilter(958)) - Added filter static_user_filter (class=org.apache.hadoop.http.lib.StaticUserWebFilter$StaticUserFilter) to context logs
2019-07-13 07:39:32,041 INFO  http.HttpServer2 (HttpServer2.java:bindListener(1191)) - Jetty bound to port 46336
2019-07-13 07:39:32,041 INFO  server.Server (Server.java:doStart(351)) - jetty-9.3.24.v20180605, build timestamp: 2018-06-05T17:11:56Z, git hash: 84205aa28f11a4f31f2a3b86d1bba2cc8ab69827
2019-07-13 07:39:32,043 INFO  handler.ContextHandler (ContextHandler.java:doStart(781)) - Started o.e.j.s.ServletContextHandler@65689000{/logs,file:///tmp/workdir/hadoop-ozone/integration-test/target/log,AVAILABLE}
2019-07-13 07:39:32,044 INFO  handler.ContextHandler (ContextHandler.java:doStart(781)) - Started o.e.j.s.ServletContextHandler@420c9959{/static,jar:file:/home/user/.m2/repository/org/apache/hadoop/hadoop-hdds-container-service/0.5.0-SNAPSHOT/hadoop-hdds-container-service-0.5.0-SNAPSHOT.jar!/webapps/static,AVAILABLE}
2019-07-13 07:39:32,089 INFO  handler.ContextHandler (ContextHandler.java:doStart(781)) - Started o.e.j.w.WebAppContext@4cd13fad{/,file:///tmp/jetty-0.0.0.0-46336-hddsDatanode-_-any-2732166467900052951.dir/webapp/,AVAILABLE}{/hddsDatanode}
2019-07-13 07:39:32,090 INFO  server.AbstractConnector (AbstractConnector.java:doStart(278)) - Started ServerConnector@3d41449a{HTTP/1.1,[http/1.1]}{0.0.0.0:46336}
2019-07-13 07:39:32,092 INFO  server.Server (Server.java:doStart(419)) - Started @595633ms
2019-07-13 07:39:32,093 INFO  server.BaseHttpServer (BaseHttpServer.java:updateConnectorAddress(207)) - HTTP server of HDDSDATANODE is listening at http://0.0.0.0:46336
2019-07-13 07:39:32,248 INFO  ozone.HddsDatanodeService (HddsDatanodeService.java:startPlugins(396)) - Started plug-in org.apache.hadoop.ozone.web.OzoneHddsDatanodeService@39d62e47
2019-07-13 07:39:32,249 INFO  impl.MetricsSystemImpl (MetricsSystemImpl.java:init(158)) - HddsDatanode metrics system started (again)
2019-07-13 07:39:32,251 INFO  ozone.HddsDatanodeService (HddsDatanodeService.java:start(185)) - HddsDatanodeService host:trunk-nightly-9lh4p-2362225927 ip:192.168.69.84
2019-07-13 07:39:32,253 INFO  util.JvmPauseMonitor (JvmPauseMonitor.java:run(188)) - Starting JVM pause monitor
2019-07-13 07:39:32,255 INFO  datanode.InitDatanodeState (InitDatanodeState.java:persistContainerDatanodeDetails(140)) - DatanodeDetails is persisted to /tmp/workdir/hadoop-ozone/integration-test/target/test-dir/MiniOzoneClusterImpl-5db8d0d9-7b2e-49d0-b294-9cc54400926c/datanode-3/meta/datanode.id
2019-07-13 07:39:32,264 INFO  volume.HddsVolume (HddsVolume.java:<init>(176)) - Creating Volume: /tmp/workdir/hadoop-ozone/integration-test/target/test-dir/MiniOzoneClusterImpl-5db8d0d9-7b2e-49d0-b294-9cc54400926c/datanode-4/data/containers/hdds of  storage type : DISK and capacity : 52710309888
2019-07-13 07:39:32,265 INFO  volume.VolumeSet (VolumeSet.java:initializeVolumeSet(170)) - Added Volume : /tmp/workdir/hadoop-ozone/integration-test/target/test-dir/MiniOzoneClusterImpl-5db8d0d9-7b2e-49d0-b294-9cc54400926c/datanode-4/data/containers/hdds to VolumeSet
2019-07-13 07:39:32,265 INFO  volume.ThrottledAsyncChecker (ThrottledAsyncChecker.java:schedule(140)) - Scheduling a check for org.apache.hadoop.ozone.container.common.volume.HddsVolume@2b592f17
2019-07-13 07:39:32,266 INFO  volume.HddsVolumeChecker (HddsVolumeChecker.java:checkAllVolumes(203)) - Scheduled health check for volume org.apache.hadoop.ozone.container.common.volume.HddsVolume@2b592f17
2019-07-13 07:39:32,285 INFO  impl.RaftServerProxy (ConfUtils.java:logGet(43)) - raft.rpc.type = GRPC (default)
2019-07-13 07:39:32,286 INFO  grpc.GrpcFactory (GrpcFactory.java:checkPooledByteBufAllocatorUseCacheForAllThreads(45)) - PERFORMANCE WARNING: useCacheForAllThreads is true that may cause Netty to create a lot garbage objects and, as a result, trigger GC.
	It is recommended to disable useCacheForAllThreads by setting -Dorg.apache.ratis.thirdparty.io.netty.allocator.useCacheForAllThreads=false in command line.
2019-07-13 07:39:32,286 INFO  grpc.GrpcConfigKeys$Server (ConfUtils.java:logGet(43)) - raft.grpc.server.port = 0 (default)
2019-07-13 07:39:32,286 INFO  server.GrpcService (ConfUtils.java:logGet(43)) - raft.grpc.message.size.max = 33570816 (custom)
2019-07-13 07:39:32,286 INFO  server.RaftServerConfigKeys (ConfUtils.java:logGet(43)) - raft.server.log.appender.buffer.byte-limit = 33554432 (custom)
2019-07-13 07:39:32,287 INFO  server.GrpcService (ConfUtils.java:logGet(43)) - raft.grpc.flow.control.window = 1MB (=1048576) (default)
2019-07-13 07:39:32,287 INFO  server.RaftServerConfigKeys (ConfUtils.java:logGet(43)) - raft.server.rpc.request.timeout = 3000ms (default)
2019-07-13 07:39:32,288 INFO  server.RaftServerConfigKeys (ConfUtils.java:logGet(43)) - raft.server.storage.dir = [/tmp/workdir/hadoop-ozone/integration-test/target/test-dir/MiniOzoneClusterImpl-5db8d0d9-7b2e-49d0-b294-9cc54400926c/datanode-4/data/ratis] (custom)
2019-07-13 07:39:32,288 INFO  replication.SimpleContainerDownloader (SimpleContainerDownloader.java:<init>(72)) - Starting container downloader service to copy containers to replicate.
2019-07-13 07:39:32,290 INFO  hdfs.DFSUtil (DFSUtil.java:httpServerTemplateForNNAndJN(1641)) - Starting Web-server for hddsDatanode at: http://0.0.0.0:0
2019-07-13 07:39:32,291 INFO  server.AuthenticationFilter (AuthenticationFilter.java:constructSecretProvider(240)) - Unable to initialize FileSignerSecretProvider, falling back to use random secrets.
2019-07-13 07:39:32,292 WARN  http.HttpRequestLog (HttpRequestLog.java:getRequestLog(97)) - Jetty request log can only be enabled using Log4j
2019-07-13 07:39:32,294 INFO  http.HttpServer2 (HttpServer2.java:addGlobalFilter(975)) - Added global filter 'safety' (class=org.apache.hadoop.http.HttpServer2$QuotingInputFilter)
2019-07-13 07:39:32,295 INFO  http.HttpServer2 (HttpServer2.java:addFilter(948)) - Added filter static_user_filter (class=org.apache.hadoop.http.lib.StaticUserWebFilter$StaticUserFilter) to context hddsDatanode
2019-07-13 07:39:32,295 INFO  http.HttpServer2 (HttpServer2.java:addFilter(958)) - Added filter static_user_filter (class=org.apache.hadoop.http.lib.StaticUserWebFilter$StaticUserFilter) to context static
2019-07-13 07:39:32,295 INFO  http.HttpServer2 (HttpServer2.java:addFilter(958)) - Added filter static_user_filter (class=org.apache.hadoop.http.lib.StaticUserWebFilter$StaticUserFilter) to context logs
2019-07-13 07:39:32,296 INFO  http.HttpServer2 (HttpServer2.java:bindListener(1191)) - Jetty bound to port 34048
2019-07-13 07:39:32,296 INFO  server.Server (Server.java:doStart(351)) - jetty-9.3.24.v20180605, build timestamp: 2018-06-05T17:11:56Z, git hash: 84205aa28f11a4f31f2a3b86d1bba2cc8ab69827
2019-07-13 07:39:32,298 INFO  handler.ContextHandler (ContextHandler.java:doStart(781)) - Started o.e.j.s.ServletContextHandler@159e9629{/logs,file:///tmp/workdir/hadoop-ozone/integration-test/target/log,AVAILABLE}
2019-07-13 07:39:32,299 INFO  handler.ContextHandler (ContextHandler.java:doStart(781)) - Started o.e.j.s.ServletContextHandler@183e8c8a{/static,jar:file:/home/user/.m2/repository/org/apache/hadoop/hadoop-hdds-container-service/0.5.0-SNAPSHOT/hadoop-hdds-container-service-0.5.0-SNAPSHOT.jar!/webapps/static,AVAILABLE}
2019-07-13 07:39:32,341 INFO  handler.ContextHandler (ContextHandler.java:doStart(781)) - Started o.e.j.w.WebAppContext@3b9d85c2{/,file:///tmp/jetty-0.0.0.0-34048-hddsDatanode-_-any-1085930517409067627.dir/webapp/,AVAILABLE}{/hddsDatanode}
2019-07-13 07:39:32,341 INFO  server.AbstractConnector (AbstractConnector.java:doStart(278)) - Started ServerConnector@65e4eba5{HTTP/1.1,[http/1.1]}{0.0.0.0:34048}
2019-07-13 07:39:32,341 INFO  server.Server (Server.java:doStart(419)) - Started @595883ms
2019-07-13 07:39:32,343 INFO  server.BaseHttpServer (BaseHttpServer.java:updateConnectorAddress(207)) - HTTP server of HDDSDATANODE is listening at http://0.0.0.0:34048
2019-07-13 07:39:32,483 INFO  ozone.HddsDatanodeService (HddsDatanodeService.java:startPlugins(396)) - Started plug-in org.apache.hadoop.ozone.web.OzoneHddsDatanodeService@3638a852
2019-07-13 07:39:32,484 INFO  impl.MetricsSystemImpl (MetricsSystemImpl.java:init(158)) - HddsDatanode metrics system started (again)
2019-07-13 07:39:32,486 INFO  ozone.HddsDatanodeService (HddsDatanodeService.java:start(185)) - HddsDatanodeService host:trunk-nightly-9lh4p-2362225927 ip:192.168.69.84
2019-07-13 07:39:32,487 INFO  util.JvmPauseMonitor (JvmPauseMonitor.java:run(188)) - Starting JVM pause monitor
2019-07-13 07:39:32,489 INFO  datanode.InitDatanodeState (InitDatanodeState.java:persistContainerDatanodeDetails(140)) - DatanodeDetails is persisted to /tmp/workdir/hadoop-ozone/integration-test/target/test-dir/MiniOzoneClusterImpl-5db8d0d9-7b2e-49d0-b294-9cc54400926c/datanode-4/meta/datanode.id
2019-07-13 07:39:32,499 INFO  volume.HddsVolume (HddsVolume.java:<init>(176)) - Creating Volume: /tmp/workdir/hadoop-ozone/integration-test/target/test-dir/MiniOzoneClusterImpl-5db8d0d9-7b2e-49d0-b294-9cc54400926c/datanode-5/data/containers/hdds of  storage type : DISK and capacity : 52710309888
2019-07-13 07:39:32,499 INFO  volume.VolumeSet (VolumeSet.java:initializeVolumeSet(170)) - Added Volume : /tmp/workdir/hadoop-ozone/integration-test/target/test-dir/MiniOzoneClusterImpl-5db8d0d9-7b2e-49d0-b294-9cc54400926c/datanode-5/data/containers/hdds to VolumeSet
2019-07-13 07:39:32,499 INFO  volume.ThrottledAsyncChecker (ThrottledAsyncChecker.java:schedule(140)) - Scheduling a check for org.apache.hadoop.ozone.container.common.volume.HddsVolume@2fc51562
2019-07-13 07:39:32,500 INFO  volume.HddsVolumeChecker (HddsVolumeChecker.java:checkAllVolumes(203)) - Scheduled health check for volume org.apache.hadoop.ozone.container.common.volume.HddsVolume@2fc51562
2019-07-13 07:39:32,520 INFO  impl.RaftServerProxy (ConfUtils.java:logGet(43)) - raft.rpc.type = GRPC (default)
2019-07-13 07:39:32,521 INFO  grpc.GrpcFactory (GrpcFactory.java:checkPooledByteBufAllocatorUseCacheForAllThreads(45)) - PERFORMANCE WARNING: useCacheForAllThreads is true that may cause Netty to create a lot garbage objects and, as a result, trigger GC.
	It is recommended to disable useCacheForAllThreads by setting -Dorg.apache.ratis.thirdparty.io.netty.allocator.useCacheForAllThreads=false in command line.
2019-07-13 07:39:32,521 INFO  grpc.GrpcConfigKeys$Server (ConfUtils.java:logGet(43)) - raft.grpc.server.port = 0 (default)
2019-07-13 07:39:32,521 INFO  server.GrpcService (ConfUtils.java:logGet(43)) - raft.grpc.message.size.max = 33570816 (custom)
2019-07-13 07:39:32,521 INFO  server.RaftServerConfigKeys (ConfUtils.java:logGet(43)) - raft.server.log.appender.buffer.byte-limit = 33554432 (custom)
2019-07-13 07:39:32,522 INFO  server.GrpcService (ConfUtils.java:logGet(43)) - raft.grpc.flow.control.window = 1MB (=1048576) (default)
2019-07-13 07:39:32,522 INFO  server.RaftServerConfigKeys (ConfUtils.java:logGet(43)) - raft.server.rpc.request.timeout = 3000ms (default)
2019-07-13 07:39:32,522 INFO  server.RaftServerConfigKeys (ConfUtils.java:logGet(43)) - raft.server.storage.dir = [/tmp/workdir/hadoop-ozone/integration-test/target/test-dir/MiniOzoneClusterImpl-5db8d0d9-7b2e-49d0-b294-9cc54400926c/datanode-5/data/ratis] (custom)
2019-07-13 07:39:32,523 INFO  replication.SimpleContainerDownloader (SimpleContainerDownloader.java:<init>(72)) - Starting container downloader service to copy containers to replicate.
2019-07-13 07:39:32,524 INFO  hdfs.DFSUtil (DFSUtil.java:httpServerTemplateForNNAndJN(1641)) - Starting Web-server for hddsDatanode at: http://0.0.0.0:0
2019-07-13 07:39:32,526 INFO  server.AuthenticationFilter (AuthenticationFilter.java:constructSecretProvider(240)) - Unable to initialize FileSignerSecretProvider, falling back to use random secrets.
2019-07-13 07:39:32,527 WARN  http.HttpRequestLog (HttpRequestLog.java:getRequestLog(97)) - Jetty request log can only be enabled using Log4j
2019-07-13 07:39:32,529 INFO  http.HttpServer2 (HttpServer2.java:addGlobalFilter(975)) - Added global filter 'safety' (class=org.apache.hadoop.http.HttpServer2$QuotingInputFilter)
2019-07-13 07:39:32,530 INFO  http.HttpServer2 (HttpServer2.java:addFilter(948)) - Added filter static_user_filter (class=org.apache.hadoop.http.lib.StaticUserWebFilter$StaticUserFilter) to context hddsDatanode
2019-07-13 07:39:32,530 INFO  http.HttpServer2 (HttpServer2.java:addFilter(958)) - Added filter static_user_filter (class=org.apache.hadoop.http.lib.StaticUserWebFilter$StaticUserFilter) to context logs
2019-07-13 07:39:32,530 INFO  http.HttpServer2 (HttpServer2.java:addFilter(958)) - Added filter static_user_filter (class=org.apache.hadoop.http.lib.StaticUserWebFilter$StaticUserFilter) to context static
2019-07-13 07:39:32,531 INFO  http.HttpServer2 (HttpServer2.java:bindListener(1191)) - Jetty bound to port 43021
2019-07-13 07:39:32,531 INFO  server.Server (Server.java:doStart(351)) - jetty-9.3.24.v20180605, build timestamp: 2018-06-05T17:11:56Z, git hash: 84205aa28f11a4f31f2a3b86d1bba2cc8ab69827
2019-07-13 07:39:32,533 INFO  handler.ContextHandler (ContextHandler.java:doStart(781)) - Started o.e.j.s.ServletContextHandler@651bec9a{/logs,file:///tmp/workdir/hadoop-ozone/integration-test/target/log,AVAILABLE}
2019-07-13 07:39:32,534 INFO  handler.ContextHandler (ContextHandler.java:doStart(781)) - Started o.e.j.s.ServletContextHandler@483f19c0{/static,jar:file:/home/user/.m2/repository/org/apache/hadoop/hadoop-hdds-container-service/0.5.0-SNAPSHOT/hadoop-hdds-container-service-0.5.0-SNAPSHOT.jar!/webapps/static,AVAILABLE}
2019-07-13 07:39:32,575 INFO  handler.ContextHandler (ContextHandler.java:doStart(781)) - Started o.e.j.w.WebAppContext@641001c2{/,file:///tmp/jetty-0.0.0.0-43021-hddsDatanode-_-any-3677880518812692887.dir/webapp/,AVAILABLE}{/hddsDatanode}
2019-07-13 07:39:32,576 INFO  server.AbstractConnector (AbstractConnector.java:doStart(278)) - Started ServerConnector@468dbd07{HTTP/1.1,[http/1.1]}{0.0.0.0:43021}
2019-07-13 07:39:32,577 INFO  server.Server (Server.java:doStart(419)) - Started @596118ms
2019-07-13 07:39:32,578 INFO  server.BaseHttpServer (BaseHttpServer.java:updateConnectorAddress(207)) - HTTP server of HDDSDATANODE is listening at http://0.0.0.0:43021
2019-07-13 07:39:32,686 INFO  ozone.HddsDatanodeService (HddsDatanodeService.java:startPlugins(396)) - Started plug-in org.apache.hadoop.ozone.web.OzoneHddsDatanodeService@16817bad
2019-07-13 07:39:32,686 INFO  impl.MetricsSystemImpl (MetricsSystemImpl.java:init(158)) - HddsDatanode metrics system started (again)
2019-07-13 07:39:32,687 INFO  ozone.HddsDatanodeService (HddsDatanodeService.java:start(185)) - HddsDatanodeService host:trunk-nightly-9lh4p-2362225927 ip:192.168.69.84
2019-07-13 07:39:32,690 INFO  util.JvmPauseMonitor (JvmPauseMonitor.java:run(188)) - Starting JVM pause monitor
2019-07-13 07:39:32,691 INFO  datanode.InitDatanodeState (InitDatanodeState.java:persistContainerDatanodeDetails(140)) - DatanodeDetails is persisted to /tmp/workdir/hadoop-ozone/integration-test/target/test-dir/MiniOzoneClusterImpl-5db8d0d9-7b2e-49d0-b294-9cc54400926c/datanode-5/meta/datanode.id
2019-07-13 07:39:32,700 INFO  volume.HddsVolume (HddsVolume.java:<init>(176)) - Creating Volume: /tmp/workdir/hadoop-ozone/integration-test/target/test-dir/MiniOzoneClusterImpl-5db8d0d9-7b2e-49d0-b294-9cc54400926c/datanode-6/data/containers/hdds of  storage type : DISK and capacity : 52710309888
2019-07-13 07:39:32,700 INFO  volume.VolumeSet (VolumeSet.java:initializeVolumeSet(170)) - Added Volume : /tmp/workdir/hadoop-ozone/integration-test/target/test-dir/MiniOzoneClusterImpl-5db8d0d9-7b2e-49d0-b294-9cc54400926c/datanode-6/data/containers/hdds to VolumeSet
2019-07-13 07:39:32,700 INFO  volume.ThrottledAsyncChecker (ThrottledAsyncChecker.java:schedule(140)) - Scheduling a check for org.apache.hadoop.ozone.container.common.volume.HddsVolume@5d18a787
2019-07-13 07:39:32,701 INFO  volume.HddsVolumeChecker (HddsVolumeChecker.java:checkAllVolumes(203)) - Scheduled health check for volume org.apache.hadoop.ozone.container.common.volume.HddsVolume@5d18a787
2019-07-13 07:39:32,714 INFO  impl.RaftServerProxy (ConfUtils.java:logGet(43)) - raft.rpc.type = GRPC (default)
2019-07-13 07:39:32,714 INFO  grpc.GrpcFactory (GrpcFactory.java:checkPooledByteBufAllocatorUseCacheForAllThreads(45)) - PERFORMANCE WARNING: useCacheForAllThreads is true that may cause Netty to create a lot garbage objects and, as a result, trigger GC.
	It is recommended to disable useCacheForAllThreads by setting -Dorg.apache.ratis.thirdparty.io.netty.allocator.useCacheForAllThreads=false in command line.
2019-07-13 07:39:32,714 INFO  grpc.GrpcConfigKeys$Server (ConfUtils.java:logGet(43)) - raft.grpc.server.port = 0 (default)
2019-07-13 07:39:32,715 INFO  server.GrpcService (ConfUtils.java:logGet(43)) - raft.grpc.message.size.max = 33570816 (custom)
2019-07-13 07:39:32,715 INFO  server.RaftServerConfigKeys (ConfUtils.java:logGet(43)) - raft.server.log.appender.buffer.byte-limit = 33554432 (custom)
2019-07-13 07:39:32,715 INFO  server.GrpcService (ConfUtils.java:logGet(43)) - raft.grpc.flow.control.window = 1MB (=1048576) (default)
2019-07-13 07:39:32,715 INFO  server.RaftServerConfigKeys (ConfUtils.java:logGet(43)) - raft.server.rpc.request.timeout = 3000ms (default)
2019-07-13 07:39:32,716 INFO  server.RaftServerConfigKeys (ConfUtils.java:logGet(43)) - raft.server.storage.dir = [/tmp/workdir/hadoop-ozone/integration-test/target/test-dir/MiniOzoneClusterImpl-5db8d0d9-7b2e-49d0-b294-9cc54400926c/datanode-6/data/ratis] (custom)
2019-07-13 07:39:32,716 INFO  replication.SimpleContainerDownloader (SimpleContainerDownloader.java:<init>(72)) - Starting container downloader service to copy containers to replicate.
2019-07-13 07:39:32,717 INFO  hdfs.DFSUtil (DFSUtil.java:httpServerTemplateForNNAndJN(1641)) - Starting Web-server for hddsDatanode at: http://0.0.0.0:0
2019-07-13 07:39:32,718 INFO  server.AuthenticationFilter (AuthenticationFilter.java:constructSecretProvider(240)) - Unable to initialize FileSignerSecretProvider, falling back to use random secrets.
2019-07-13 07:39:32,719 WARN  http.HttpRequestLog (HttpRequestLog.java:getRequestLog(97)) - Jetty request log can only be enabled using Log4j
2019-07-13 07:39:32,720 INFO  http.HttpServer2 (HttpServer2.java:addGlobalFilter(975)) - Added global filter 'safety' (class=org.apache.hadoop.http.HttpServer2$QuotingInputFilter)
2019-07-13 07:39:32,720 INFO  http.HttpServer2 (HttpServer2.java:addFilter(948)) - Added filter static_user_filter (class=org.apache.hadoop.http.lib.StaticUserWebFilter$StaticUserFilter) to context hddsDatanode
2019-07-13 07:39:32,720 INFO  http.HttpServer2 (HttpServer2.java:addFilter(958)) - Added filter static_user_filter (class=org.apache.hadoop.http.lib.StaticUserWebFilter$StaticUserFilter) to context logs
2019-07-13 07:39:32,721 INFO  http.HttpServer2 (HttpServer2.java:addFilter(958)) - Added filter static_user_filter (class=org.apache.hadoop.http.lib.StaticUserWebFilter$StaticUserFilter) to context static
2019-07-13 07:39:32,721 INFO  http.HttpServer2 (HttpServer2.java:bindListener(1191)) - Jetty bound to port 45894
2019-07-13 07:39:32,721 INFO  server.Server (Server.java:doStart(351)) - jetty-9.3.24.v20180605, build timestamp: 2018-06-05T17:11:56Z, git hash: 84205aa28f11a4f31f2a3b86d1bba2cc8ab69827
2019-07-13 07:39:32,723 INFO  handler.ContextHandler (ContextHandler.java:doStart(781)) - Started o.e.j.s.ServletContextHandler@2c6ed95a{/logs,file:///tmp/workdir/hadoop-ozone/integration-test/target/log,AVAILABLE}
2019-07-13 07:39:32,723 INFO  handler.ContextHandler (ContextHandler.java:doStart(781)) - Started o.e.j.s.ServletContextHandler@6b8f1c62{/static,jar:file:/home/user/.m2/repository/org/apache/hadoop/hadoop-hdds-container-service/0.5.0-SNAPSHOT/hadoop-hdds-container-service-0.5.0-SNAPSHOT.jar!/webapps/static,AVAILABLE}
2019-07-13 07:39:32,749 INFO  handler.ContextHandler (ContextHandler.java:doStart(781)) - Started o.e.j.w.WebAppContext@4b38d912{/,file:///tmp/jetty-0.0.0.0-45894-hddsDatanode-_-any-2677679746206791037.dir/webapp/,AVAILABLE}{/hddsDatanode}
2019-07-13 07:39:32,750 INFO  server.AbstractConnector (AbstractConnector.java:doStart(278)) - Started ServerConnector@626e5554{HTTP/1.1,[http/1.1]}{0.0.0.0:45894}
2019-07-13 07:39:32,750 INFO  server.Server (Server.java:doStart(419)) - Started @596291ms
2019-07-13 07:39:32,755 INFO  server.BaseHttpServer (BaseHttpServer.java:updateConnectorAddress(207)) - HTTP server of HDDSDATANODE is listening at http://0.0.0.0:45894
2019-07-13 07:39:32,855 INFO  ozone.HddsDatanodeService (HddsDatanodeService.java:startPlugins(396)) - Started plug-in org.apache.hadoop.ozone.web.OzoneHddsDatanodeService@19984625
2019-07-13 07:39:32,856 INFO  ozone.MiniOzoneClusterImpl (MiniOzoneClusterImpl.java:lambda$waitForClusterToBeReady$0(142)) - Waiting for cluster to be ready. Got 0 of 7 DN Heartbeats.
2019-07-13 07:39:32,859 INFO  util.JvmPauseMonitor (JvmPauseMonitor.java:run(188)) - Starting JVM pause monitor
2019-07-13 07:39:32,861 INFO  datanode.InitDatanodeState (InitDatanodeState.java:persistContainerDatanodeDetails(140)) - DatanodeDetails is persisted to /tmp/workdir/hadoop-ozone/integration-test/target/test-dir/MiniOzoneClusterImpl-5db8d0d9-7b2e-49d0-b294-9cc54400926c/datanode-6/meta/datanode.id
2019-07-13 07:39:33,484 INFO  ozoneimpl.OzoneContainer (OzoneContainer.java:start(186)) - Attempting to start container services.
2019-07-13 07:39:33,486 INFO  ozoneimpl.OzoneContainer (OzoneContainer.java:startContainerScrub(160)) - Background container scrubber has been disabled by hdds.containerscrub.enabled
2019-07-13 07:39:33,486 INFO  ratis.XceiverServerRatis (XceiverServerRatis.java:start(418)) - Starting XceiverServerRatis 687735de-0bff-44bf-8b08-cd771def1d24 at port 0
2019-07-13 07:39:33,494 INFO  impl.RaftServerProxy (RaftServerProxy.java:lambda$start$3(299)) - 687735de-0bff-44bf-8b08-cd771def1d24: start RPC server
2019-07-13 07:39:33,496 INFO  server.GrpcService (GrpcService.java:startImpl(149)) - 687735de-0bff-44bf-8b08-cd771def1d24: GrpcService started, listening on 0.0.0.0/0.0.0.0:45247
2019-07-13 07:39:33,496 INFO  ratis.XceiverServerRatis (XceiverServerRatis.java:start(428)) - XceiverServerRatis 687735de-0bff-44bf-8b08-cd771def1d24 is started using port 45247
2019-07-13 07:39:33,497 INFO  server.XceiverServerGrpc (XceiverServerGrpc.java:start(161)) - XceiverServerGrpc 687735de-0bff-44bf-8b08-cd771def1d24 is started using port 42234
2019-07-13 07:39:33,685 INFO  ozoneimpl.OzoneContainer (OzoneContainer.java:start(186)) - Attempting to start container services.
2019-07-13 07:39:33,688 INFO  ozoneimpl.OzoneContainer (OzoneContainer.java:startContainerScrub(160)) - Background container scrubber has been disabled by hdds.containerscrub.enabled
2019-07-13 07:39:33,689 INFO  ratis.XceiverServerRatis (XceiverServerRatis.java:start(418)) - Starting XceiverServerRatis 9d7ca9e8-4eb3-4ba1-8fc6-d0f91e5ce981 at port 0
2019-07-13 07:39:33,697 INFO  impl.RaftServerProxy (RaftServerProxy.java:lambda$start$3(299)) - 9d7ca9e8-4eb3-4ba1-8fc6-d0f91e5ce981: start RPC server
2019-07-13 07:39:33,699 INFO  server.GrpcService (GrpcService.java:startImpl(149)) - 9d7ca9e8-4eb3-4ba1-8fc6-d0f91e5ce981: GrpcService started, listening on 0.0.0.0/0.0.0.0:36747
2019-07-13 07:39:33,699 INFO  ratis.XceiverServerRatis (XceiverServerRatis.java:start(428)) - XceiverServerRatis 9d7ca9e8-4eb3-4ba1-8fc6-d0f91e5ce981 is started using port 36747
2019-07-13 07:39:33,700 INFO  server.XceiverServerGrpc (XceiverServerGrpc.java:start(161)) - XceiverServerGrpc 9d7ca9e8-4eb3-4ba1-8fc6-d0f91e5ce981 is started using port 43057
2019-07-13 07:39:33,856 INFO  ozone.MiniOzoneClusterImpl (MiniOzoneClusterImpl.java:lambda$waitForClusterToBeReady$0(142)) - Waiting for cluster to be ready. Got 0 of 7 DN Heartbeats.
2019-07-13 07:39:34,017 INFO  ozoneimpl.OzoneContainer (OzoneContainer.java:start(186)) - Attempting to start container services.
2019-07-13 07:39:34,023 INFO  ozoneimpl.OzoneContainer (OzoneContainer.java:startContainerScrub(160)) - Background container scrubber has been disabled by hdds.containerscrub.enabled
2019-07-13 07:39:34,023 INFO  ratis.XceiverServerRatis (XceiverServerRatis.java:start(418)) - Starting XceiverServerRatis 2a903e71-8982-4465-9171-f1a05d214b1a at port 0
2019-07-13 07:39:34,031 INFO  impl.RaftServerProxy (RaftServerProxy.java:lambda$start$3(299)) - 2a903e71-8982-4465-9171-f1a05d214b1a: start RPC server
2019-07-13 07:39:34,033 INFO  server.GrpcService (GrpcService.java:startImpl(149)) - 2a903e71-8982-4465-9171-f1a05d214b1a: GrpcService started, listening on 0.0.0.0/0.0.0.0:34819
2019-07-13 07:39:34,034 INFO  ratis.XceiverServerRatis (XceiverServerRatis.java:start(428)) - XceiverServerRatis 2a903e71-8982-4465-9171-f1a05d214b1a is started using port 34819
2019-07-13 07:39:34,034 INFO  server.XceiverServerGrpc (XceiverServerGrpc.java:start(161)) - XceiverServerGrpc 2a903e71-8982-4465-9171-f1a05d214b1a is started using port 41529
2019-07-13 07:39:34,268 INFO  ozoneimpl.OzoneContainer (OzoneContainer.java:start(186)) - Attempting to start container services.
2019-07-13 07:39:34,268 INFO  ozoneimpl.OzoneContainer (OzoneContainer.java:startContainerScrub(160)) - Background container scrubber has been disabled by hdds.containerscrub.enabled
2019-07-13 07:39:34,269 INFO  ratis.XceiverServerRatis (XceiverServerRatis.java:start(418)) - Starting XceiverServerRatis 9ea7eee3-32e7-4b40-8531-82df8ed04587 at port 0
2019-07-13 07:39:34,277 INFO  impl.RaftServerProxy (RaftServerProxy.java:lambda$start$3(299)) - 9ea7eee3-32e7-4b40-8531-82df8ed04587: start RPC server
2019-07-13 07:39:34,280 INFO  server.GrpcService (GrpcService.java:startImpl(149)) - 9ea7eee3-32e7-4b40-8531-82df8ed04587: GrpcService started, listening on 0.0.0.0/0.0.0.0:38764
2019-07-13 07:39:34,280 INFO  ratis.XceiverServerRatis (XceiverServerRatis.java:start(428)) - XceiverServerRatis 9ea7eee3-32e7-4b40-8531-82df8ed04587 is started using port 38764
2019-07-13 07:39:34,281 INFO  server.XceiverServerGrpc (XceiverServerGrpc.java:start(161)) - XceiverServerGrpc 9ea7eee3-32e7-4b40-8531-82df8ed04587 is started using port 37823
2019-07-13 07:39:34,502 INFO  ozoneimpl.OzoneContainer (OzoneContainer.java:start(186)) - Attempting to start container services.
2019-07-13 07:39:34,502 INFO  ozoneimpl.OzoneContainer (OzoneContainer.java:startContainerScrub(160)) - Background container scrubber has been disabled by hdds.containerscrub.enabled
2019-07-13 07:39:34,502 INFO  ratis.XceiverServerRatis (XceiverServerRatis.java:start(418)) - Starting XceiverServerRatis 4bd246ec-e959-4af3-9aa7-18f26941d8d8 at port 0
2019-07-13 07:39:34,511 INFO  impl.RaftServerProxy (RaftServerProxy.java:lambda$start$3(299)) - 4bd246ec-e959-4af3-9aa7-18f26941d8d8: start RPC server
2019-07-13 07:39:34,513 INFO  server.GrpcService (GrpcService.java:startImpl(149)) - 4bd246ec-e959-4af3-9aa7-18f26941d8d8: GrpcService started, listening on 0.0.0.0/0.0.0.0:32792
2019-07-13 07:39:34,513 INFO  ratis.XceiverServerRatis (XceiverServerRatis.java:start(428)) - XceiverServerRatis 4bd246ec-e959-4af3-9aa7-18f26941d8d8 is started using port 32792
2019-07-13 07:39:34,514 INFO  server.XceiverServerGrpc (XceiverServerGrpc.java:start(161)) - XceiverServerGrpc 4bd246ec-e959-4af3-9aa7-18f26941d8d8 is started using port 41105
2019-07-13 07:39:34,705 INFO  ozoneimpl.OzoneContainer (OzoneContainer.java:start(186)) - Attempting to start container services.
2019-07-13 07:39:34,705 INFO  ozoneimpl.OzoneContainer (OzoneContainer.java:startContainerScrub(160)) - Background container scrubber has been disabled by hdds.containerscrub.enabled
2019-07-13 07:39:34,705 INFO  ratis.XceiverServerRatis (XceiverServerRatis.java:start(418)) - Starting XceiverServerRatis 5b40d400-85e7-46b6-8046-09737cd51629 at port 0
2019-07-13 07:39:34,713 INFO  impl.RaftServerProxy (RaftServerProxy.java:lambda$start$3(299)) - 5b40d400-85e7-46b6-8046-09737cd51629: start RPC server
2019-07-13 07:39:34,716 INFO  server.GrpcService (GrpcService.java:startImpl(149)) - 5b40d400-85e7-46b6-8046-09737cd51629: GrpcService started, listening on 0.0.0.0/0.0.0.0:44726
2019-07-13 07:39:34,717 INFO  ratis.XceiverServerRatis (XceiverServerRatis.java:start(428)) - XceiverServerRatis 5b40d400-85e7-46b6-8046-09737cd51629 is started using port 44726
2019-07-13 07:39:34,717 INFO  server.XceiverServerGrpc (XceiverServerGrpc.java:start(161)) - XceiverServerGrpc 5b40d400-85e7-46b6-8046-09737cd51629 is started using port 41193
2019-07-13 07:39:34,857 INFO  ozone.MiniOzoneClusterImpl (MiniOzoneClusterImpl.java:lambda$waitForClusterToBeReady$0(142)) - Waiting for cluster to be ready. Got 0 of 7 DN Heartbeats.
2019-07-13 07:39:34,873 INFO  ozoneimpl.OzoneContainer (OzoneContainer.java:start(186)) - Attempting to start container services.
2019-07-13 07:39:34,873 INFO  ozoneimpl.OzoneContainer (OzoneContainer.java:startContainerScrub(160)) - Background container scrubber has been disabled by hdds.containerscrub.enabled
2019-07-13 07:39:34,873 INFO  ratis.XceiverServerRatis (XceiverServerRatis.java:start(418)) - Starting XceiverServerRatis 4210b7b3-c54c-4588-a6f5-03bec4493191 at port 0
2019-07-13 07:39:34,883 INFO  impl.RaftServerProxy (RaftServerProxy.java:lambda$start$3(299)) - 4210b7b3-c54c-4588-a6f5-03bec4493191: start RPC server
2019-07-13 07:39:34,897 INFO  server.GrpcService (GrpcService.java:startImpl(149)) - 4210b7b3-c54c-4588-a6f5-03bec4493191: GrpcService started, listening on 0.0.0.0/0.0.0.0:43946
2019-07-13 07:39:34,897 INFO  ratis.XceiverServerRatis (XceiverServerRatis.java:start(428)) - XceiverServerRatis 4210b7b3-c54c-4588-a6f5-03bec4493191 is started using port 43946
2019-07-13 07:39:34,900 INFO  server.XceiverServerGrpc (XceiverServerGrpc.java:start(161)) - XceiverServerGrpc 4210b7b3-c54c-4588-a6f5-03bec4493191 is started using port 40365
2019-07-13 07:39:35,467 INFO  net.NetworkTopology (NetworkTopologyImpl.java:add(110)) - Added a new node: /default-rack/192.168.69.84
2019-07-13 07:39:35,470 INFO  node.SCMNodeManager (SCMNodeManager.java:register(269)) - Registered Data node : 687735de-0bff-44bf-8b08-cd771def1d24{ip: 192.168.69.84, host: trunk-nightly-9lh4p-2362225927, networkLocation: /default-rack, certSerialId: null}
2019-07-13 07:39:35,470 INFO  safemode.SCMSafeModeManager (DataNodeSafeModeRule.java:process(71)) - SCM in safe mode. 1 DataNodes registered, 1 required.
2019-07-13 07:39:35,473 INFO  safemode.SCMSafeModeManager (SCMSafeModeManager.java:validateSafeModeExitRules(177)) - ScmSafeModeManager, all rules are successfully validated
2019-07-13 07:39:35,473 INFO  safemode.SCMSafeModeManager (SCMSafeModeManager.java:exitSafeMode(193)) - SCM exiting safe mode.
2019-07-13 07:39:35,494 INFO  impl.RaftServerProxy (RaftServerProxy.java:addNew(89)) - 687735de-0bff-44bf-8b08-cd771def1d24: addNew group-5AF67E502A6E:[687735de-0bff-44bf-8b08-cd771def1d24:192.168.69.84:45247] returns group-5AF67E502A6E:java.util.concurrent.CompletableFuture@5afbf4f6[Not completed]
2019-07-13 07:39:35,496 INFO  impl.RaftServerImpl (RaftServerImpl.java:<init>(93)) - 687735de-0bff-44bf-8b08-cd771def1d24: new RaftServerImpl for group-5AF67E502A6E:[687735de-0bff-44bf-8b08-cd771def1d24:192.168.69.84:45247] with ContainerStateMachine:uninitialized
2019-07-13 07:39:35,496 INFO  server.RaftServerConfigKeys (ConfUtils.java:logGet(43)) - raft.server.rpc.timeout.min = 5s (custom)
2019-07-13 07:39:35,496 INFO  server.RaftServerConfigKeys (ConfUtils.java:logGet(43)) - raft.server.rpc.timeout.max = 5200ms (custom)
2019-07-13 07:39:35,496 INFO  server.RaftServerConfigKeys (ConfUtils.java:logGet(43)) - raft.server.rpcslowness.timeout = 120s (custom)
2019-07-13 07:39:35,496 INFO  server.RaftServerConfigKeys (ConfUtils.java:logGet(43)) - raft.server.sleep.deviation.threshold = 300 (default)
2019-07-13 07:39:35,496 INFO  server.RaftServerConfigKeys (ConfUtils.java:logGet(43)) - raft.server.log.appender.install.snapshot.enabled = false (custom)
2019-07-13 07:39:35,496 INFO  impl.RaftServerImpl (ServerState.java:<init>(105)) - 687735de-0bff-44bf-8b08-cd771def1d24:group-5AF67E502A6E ConfigurationManager, init=-1: [687735de-0bff-44bf-8b08-cd771def1d24:192.168.69.84:45247], old=null, confs=<EMPTY_MAP>
2019-07-13 07:39:35,497 INFO  server.RaftServerConfigKeys (ConfUtils.java:logGet(43)) - raft.server.storage.dir = [/tmp/workdir/hadoop-ozone/integration-test/target/test-dir/MiniOzoneClusterImpl-5db8d0d9-7b2e-49d0-b294-9cc54400926c/datanode-0/data/ratis] (custom)
2019-07-13 07:39:35,497 INFO  storage.RaftStorageDirectory (RaftStorageDirectory.java:analyzeStorage(246)) - The storage directory /tmp/workdir/hadoop-ozone/integration-test/target/test-dir/MiniOzoneClusterImpl-5db8d0d9-7b2e-49d0-b294-9cc54400926c/datanode-0/data/ratis/c883051a-8e65-4ecf-ae14-5af67e502a6e does not exist. Creating ...
2019-07-13 07:39:35,511 INFO  storage.RaftStorageDirectory (RaftStorageDirectory.java:tryLock(328)) - Lock on /tmp/workdir/hadoop-ozone/integration-test/target/test-dir/MiniOzoneClusterImpl-5db8d0d9-7b2e-49d0-b294-9cc54400926c/datanode-0/data/ratis/c883051a-8e65-4ecf-ae14-5af67e502a6e/in_use.lock acquired by nodename 29913@trunk-nightly-9lh4p-2362225927
2019-07-13 07:39:35,524 INFO  storage.RaftStorage (RaftStorage.java:format(72)) - Storage directory /tmp/workdir/hadoop-ozone/integration-test/target/test-dir/MiniOzoneClusterImpl-5db8d0d9-7b2e-49d0-b294-9cc54400926c/datanode-0/data/ratis/c883051a-8e65-4ecf-ae14-5af67e502a6e has been successfully formatted.
2019-07-13 07:39:35,524 INFO  ratis.ContainerStateMachine (ContainerStateMachine.java:loadSnapshot(200)) - The snapshot info is null.Setting the last applied index to:(t:0, i:~)
2019-07-13 07:39:35,524 INFO  server.RaftServerConfigKeys (ConfUtils.java:logGet(43)) - raft.server.leader.election.timeout = 120s (custom)
2019-07-13 07:39:35,524 INFO  server.RaftServerConfigKeys (ConfUtils.java:logGet(43)) - raft.server.log.use.memory = false (default)
2019-07-13 07:39:35,524 INFO  server.RaftServerConfigKeys (ConfUtils.java:logGet(43)) - raft.server.log.purge.gap = 1000000000 (custom)
2019-07-13 07:39:35,524 INFO  server.RaftServerConfigKeys (ConfUtils.java:logGet(43)) - raft.server.log.appender.buffer.byte-limit = 33554432 (custom)
2019-07-13 07:39:35,525 INFO  server.RaftServerConfigKeys (ConfUtils.java:logGet(43)) - raft.server.log.segment.size.max = 1048576 (custom)
2019-07-13 07:39:35,525 INFO  server.RaftServerConfigKeys (ConfUtils.java:logGet(43)) - raft.server.log.segment.cache.num.max = 2 (custom)
2019-07-13 07:39:35,525 INFO  segmented.SegmentedRaftLogWorker (SegmentedRaftLogWorker.java:<init>(172)) - new 687735de-0bff-44bf-8b08-cd771def1d24-SegmentedRaftLogWorker:Storage Directory /tmp/workdir/hadoop-ozone/integration-test/target/test-dir/MiniOzoneClusterImpl-5db8d0d9-7b2e-49d0-b294-9cc54400926c/datanode-0/data/ratis/c883051a-8e65-4ecf-ae14-5af67e502a6e for RaftStorage:Storage Directory /tmp/workdir/hadoop-ozone/integration-test/target/test-dir/MiniOzoneClusterImpl-5db8d0d9-7b2e-49d0-b294-9cc54400926c/datanode-0/data/ratis/c883051a-8e65-4ecf-ae14-5af67e502a6e
2019-07-13 07:39:35,525 INFO  server.RaftServerConfigKeys (ConfUtils.java:logGet(43)) - raft.server.log.queue.byte-limit = 2147483647 (custom)
2019-07-13 07:39:35,525 INFO  server.RaftServerConfigKeys (ConfUtils.java:logGet(43)) - raft.server.log.queue.element-limit = 1024 (custom)
2019-07-13 07:39:35,526 INFO  server.RaftServerConfigKeys (ConfUtils.java:logGet(43)) - raft.server.log.segment.size.max = 1048576 (custom)
2019-07-13 07:39:35,526 INFO  server.RaftServerConfigKeys (ConfUtils.java:logGet(43)) - raft.server.log.preallocated.size = 16384 (custom)
2019-07-13 07:39:35,526 INFO  server.RaftServerConfigKeys (ConfUtils.java:logGet(43)) - raft.server.log.write.buffer.size = 33554432 (custom)
2019-07-13 07:39:35,526 INFO  server.RaftServerConfigKeys (ConfUtils.java:logGet(43)) - raft.server.log.force.sync.num = 128 (default)
2019-07-13 07:39:35,526 INFO  server.RaftServerConfigKeys (ConfUtils.java:logGet(43)) - raft.server.log.statemachine.data.sync = true (default)
2019-07-13 07:39:35,526 INFO  server.RaftServerConfigKeys (ConfUtils.java:logGet(43)) - raft.server.log.statemachine.data.sync.timeout = 10s (default)
2019-07-13 07:39:35,527 INFO  server.RaftServerConfigKeys (ConfUtils.java:logGet(43)) - raft.server.log.statemachine.data.sync.timeout.retry = -1 (default)
2019-07-13 07:39:35,527 INFO  server.RaftServerConfigKeys (ConfUtils.java:logGet(43)) - raft.server.log.statemachine.data.caching.enabled = true (custom)
2019-07-13 07:39:35,527 INFO  segmented.SegmentedRaftLogWorker (SegmentedRaftLogWorker.java:lambda$new$0(132)) - 687735de-0bff-44bf-8b08-cd771def1d24-SegmentedRaftLogWorker:Storage Directory /tmp/workdir/hadoop-ozone/integration-test/target/test-dir/MiniOzoneClusterImpl-5db8d0d9-7b2e-49d0-b294-9cc54400926c/datanode-0/data/ratis/c883051a-8e65-4ecf-ae14-5af67e502a6e: flushIndex: setUnconditionally 0 -> -1
2019-07-13 07:39:35,528 INFO  server.RaftServerConfigKeys (ConfUtils.java:logGet(43)) - raft.server.snapshot.auto.trigger.enabled = true (custom)
2019-07-13 07:39:35,528 INFO  server.RaftServerConfigKeys (ConfUtils.java:logGet(43)) - raft.server.snapshot.auto.trigger.threshold = 10000 (custom)
2019-07-13 07:39:35,528 INFO  server.RaftServerConfigKeys (ConfUtils.java:logGet(43)) - raft.server.retrycache.expirytime = 600000ms (custom)
2019-07-13 07:39:35,528 INFO  impl.RaftServerImpl (RaftServerImpl.java:start(180)) - 687735de-0bff-44bf-8b08-cd771def1d24: start group-5AF67E502A6E
2019-07-13 07:39:35,529 INFO  impl.RaftServerImpl (RaftServerImpl.java:setRole(171)) - 687735de-0bff-44bf-8b08-cd771def1d24:group-5AF67E502A6E changes role from null to FOLLOWER at term 0 for startAsFollower
2019-07-13 07:39:35,529 INFO  impl.RoleInfo (RoleInfo.java:updateAndGet(143)) - 687735de-0bff-44bf-8b08-cd771def1d24: start FollowerState
2019-07-13 07:39:35,530 INFO  util.JmxRegister (JmxRegister.java:tryRegister(44)) - Successfully registered JMX Bean with object name Ratis:service=RaftServer,group=group-5AF67E502A6E,id=687735de-0bff-44bf-8b08-cd771def1d24
2019-07-13 07:39:35,533 INFO  pipeline.PipelineStateManager (PipelineStateManager.java:addPipeline(56)) - Created pipeline Pipeline[ Id: c883051a-8e65-4ecf-ae14-5af67e502a6e, Nodes: 687735de-0bff-44bf-8b08-cd771def1d24{ip: 192.168.69.84, host: trunk-nightly-9lh4p-2362225927, networkLocation: /default-rack, certSerialId: null}, Type:RATIS, Factor:ONE, State:OPEN]
2019-07-13 07:39:35,675 INFO  node.SCMNodeManager (SCMNodeManager.java:register(269)) - Registered Data node : 9d7ca9e8-4eb3-4ba1-8fc6-d0f91e5ce981{ip: 192.168.69.84, host: trunk-nightly-9lh4p-2362225927, networkLocation: /default-rack, certSerialId: null}
2019-07-13 07:39:35,682 INFO  impl.RaftServerProxy (RaftServerProxy.java:addNew(89)) - 9d7ca9e8-4eb3-4ba1-8fc6-d0f91e5ce981: addNew group-6E2C1E7B15AE:[9d7ca9e8-4eb3-4ba1-8fc6-d0f91e5ce981:192.168.69.84:36747] returns group-6E2C1E7B15AE:java.util.concurrent.CompletableFuture@3ecec1f0[Not completed]
2019-07-13 07:39:35,683 INFO  impl.RaftServerImpl (RaftServerImpl.java:<init>(93)) - 9d7ca9e8-4eb3-4ba1-8fc6-d0f91e5ce981: new RaftServerImpl for group-6E2C1E7B15AE:[9d7ca9e8-4eb3-4ba1-8fc6-d0f91e5ce981:192.168.69.84:36747] with ContainerStateMachine:uninitialized
2019-07-13 07:39:35,683 INFO  server.RaftServerConfigKeys (ConfUtils.java:logGet(43)) - raft.server.rpc.timeout.min = 5s (custom)
2019-07-13 07:39:35,683 INFO  server.RaftServerConfigKeys (ConfUtils.java:logGet(43)) - raft.server.rpc.timeout.max = 5200ms (custom)
2019-07-13 07:39:35,683 INFO  server.RaftServerConfigKeys (ConfUtils.java:logGet(43)) - raft.server.rpcslowness.timeout = 120s (custom)
2019-07-13 07:39:35,684 INFO  server.RaftServerConfigKeys (ConfUtils.java:logGet(43)) - raft.server.sleep.deviation.threshold = 300 (default)
2019-07-13 07:39:35,684 INFO  server.RaftServerConfigKeys (ConfUtils.java:logGet(43)) - raft.server.log.appender.install.snapshot.enabled = false (custom)
2019-07-13 07:39:35,684 INFO  impl.RaftServerImpl (ServerState.java:<init>(105)) - 9d7ca9e8-4eb3-4ba1-8fc6-d0f91e5ce981:group-6E2C1E7B15AE ConfigurationManager, init=-1: [9d7ca9e8-4eb3-4ba1-8fc6-d0f91e5ce981:192.168.69.84:36747], old=null, confs=<EMPTY_MAP>
2019-07-13 07:39:35,684 INFO  server.RaftServerConfigKeys (ConfUtils.java:logGet(43)) - raft.server.storage.dir = [/tmp/workdir/hadoop-ozone/integration-test/target/test-dir/MiniOzoneClusterImpl-5db8d0d9-7b2e-49d0-b294-9cc54400926c/datanode-1/data/ratis] (custom)
2019-07-13 07:39:35,685 INFO  storage.RaftStorageDirectory (RaftStorageDirectory.java:analyzeStorage(246)) - The storage directory /tmp/workdir/hadoop-ozone/integration-test/target/test-dir/MiniOzoneClusterImpl-5db8d0d9-7b2e-49d0-b294-9cc54400926c/datanode-1/data/ratis/80bd2112-f439-4864-a08d-6e2c1e7b15ae does not exist. Creating ...
2019-07-13 07:39:35,698 INFO  storage.RaftStorageDirectory (RaftStorageDirectory.java:tryLock(328)) - Lock on /tmp/workdir/hadoop-ozone/integration-test/target/test-dir/MiniOzoneClusterImpl-5db8d0d9-7b2e-49d0-b294-9cc54400926c/datanode-1/data/ratis/80bd2112-f439-4864-a08d-6e2c1e7b15ae/in_use.lock acquired by nodename 29913@trunk-nightly-9lh4p-2362225927
2019-07-13 07:39:35,710 INFO  storage.RaftStorage (RaftStorage.java:format(72)) - Storage directory /tmp/workdir/hadoop-ozone/integration-test/target/test-dir/MiniOzoneClusterImpl-5db8d0d9-7b2e-49d0-b294-9cc54400926c/datanode-1/data/ratis/80bd2112-f439-4864-a08d-6e2c1e7b15ae has been successfully formatted.
2019-07-13 07:39:35,711 INFO  ratis.ContainerStateMachine (ContainerStateMachine.java:loadSnapshot(200)) - The snapshot info is null.Setting the last applied index to:(t:0, i:~)
2019-07-13 07:39:35,711 INFO  server.RaftServerConfigKeys (ConfUtils.java:logGet(43)) - raft.server.leader.election.timeout = 120s (custom)
2019-07-13 07:39:35,711 INFO  server.RaftServerConfigKeys (ConfUtils.java:logGet(43)) - raft.server.log.use.memory = false (default)
2019-07-13 07:39:35,711 INFO  server.RaftServerConfigKeys (ConfUtils.java:logGet(43)) - raft.server.log.purge.gap = 1000000000 (custom)
2019-07-13 07:39:35,711 INFO  server.RaftServerConfigKeys (ConfUtils.java:logGet(43)) - raft.server.log.appender.buffer.byte-limit = 33554432 (custom)
2019-07-13 07:39:35,711 INFO  server.RaftServerConfigKeys (ConfUtils.java:logGet(43)) - raft.server.log.segment.size.max = 1048576 (custom)
2019-07-13 07:39:35,712 INFO  server.RaftServerConfigKeys (ConfUtils.java:logGet(43)) - raft.server.log.segment.cache.num.max = 2 (custom)
2019-07-13 07:39:35,712 INFO  segmented.SegmentedRaftLogWorker (SegmentedRaftLogWorker.java:<init>(172)) - new 9d7ca9e8-4eb3-4ba1-8fc6-d0f91e5ce981-SegmentedRaftLogWorker:Storage Directory /tmp/workdir/hadoop-ozone/integration-test/target/test-dir/MiniOzoneClusterImpl-5db8d0d9-7b2e-49d0-b294-9cc54400926c/datanode-1/data/ratis/80bd2112-f439-4864-a08d-6e2c1e7b15ae for RaftStorage:Storage Directory /tmp/workdir/hadoop-ozone/integration-test/target/test-dir/MiniOzoneClusterImpl-5db8d0d9-7b2e-49d0-b294-9cc54400926c/datanode-1/data/ratis/80bd2112-f439-4864-a08d-6e2c1e7b15ae
2019-07-13 07:39:35,712 INFO  server.RaftServerConfigKeys (ConfUtils.java:logGet(43)) - raft.server.log.queue.byte-limit = 2147483647 (custom)
2019-07-13 07:39:35,712 INFO  server.RaftServerConfigKeys (ConfUtils.java:logGet(43)) - raft.server.log.queue.element-limit = 1024 (custom)
2019-07-13 07:39:35,712 INFO  server.RaftServerConfigKeys (ConfUtils.java:logGet(43)) - raft.server.log.segment.size.max = 1048576 (custom)
2019-07-13 07:39:35,713 INFO  server.RaftServerConfigKeys (ConfUtils.java:logGet(43)) - raft.server.log.preallocated.size = 16384 (custom)
2019-07-13 07:39:35,713 INFO  server.RaftServerConfigKeys (ConfUtils.java:logGet(43)) - raft.server.log.write.buffer.size = 33554432 (custom)
2019-07-13 07:39:35,713 INFO  server.RaftServerConfigKeys (ConfUtils.java:logGet(43)) - raft.server.log.force.sync.num = 128 (default)
2019-07-13 07:39:35,713 INFO  server.RaftServerConfigKeys (ConfUtils.java:logGet(43)) - raft.server.log.statemachine.data.sync = true (default)
2019-07-13 07:39:35,713 INFO  server.RaftServerConfigKeys (ConfUtils.java:logGet(43)) - raft.server.log.statemachine.data.sync.timeout = 10s (default)
2019-07-13 07:39:35,713 INFO  server.RaftServerConfigKeys (ConfUtils.java:logGet(43)) - raft.server.log.statemachine.data.sync.timeout.retry = -1 (default)
2019-07-13 07:39:35,714 INFO  server.RaftServerConfigKeys (ConfUtils.java:logGet(43)) - raft.server.log.statemachine.data.caching.enabled = true (custom)
2019-07-13 07:39:35,714 INFO  segmented.SegmentedRaftLogWorker (SegmentedRaftLogWorker.java:lambda$new$0(132)) - 9d7ca9e8-4eb3-4ba1-8fc6-d0f91e5ce981-SegmentedRaftLogWorker:Storage Directory /tmp/workdir/hadoop-ozone/integration-test/target/test-dir/MiniOzoneClusterImpl-5db8d0d9-7b2e-49d0-b294-9cc54400926c/datanode-1/data/ratis/80bd2112-f439-4864-a08d-6e2c1e7b15ae: flushIndex: setUnconditionally 0 -> -1
2019-07-13 07:39:35,714 INFO  server.RaftServerConfigKeys (ConfUtils.java:logGet(43)) - raft.server.snapshot.auto.trigger.enabled = true (custom)
2019-07-13 07:39:35,715 INFO  server.RaftServerConfigKeys (ConfUtils.java:logGet(43)) - raft.server.snapshot.auto.trigger.threshold = 10000 (custom)
2019-07-13 07:39:35,715 INFO  server.RaftServerConfigKeys (ConfUtils.java:logGet(43)) - raft.server.retrycache.expirytime = 600000ms (custom)
2019-07-13 07:39:35,715 INFO  impl.RaftServerImpl (RaftServerImpl.java:start(180)) - 9d7ca9e8-4eb3-4ba1-8fc6-d0f91e5ce981: start group-6E2C1E7B15AE
2019-07-13 07:39:35,715 INFO  impl.RaftServerImpl (RaftServerImpl.java:setRole(171)) - 9d7ca9e8-4eb3-4ba1-8fc6-d0f91e5ce981:group-6E2C1E7B15AE changes role from null to FOLLOWER at term 0 for startAsFollower
2019-07-13 07:39:35,715 INFO  impl.RoleInfo (RoleInfo.java:updateAndGet(143)) - 9d7ca9e8-4eb3-4ba1-8fc6-d0f91e5ce981: start FollowerState
2019-07-13 07:39:35,716 INFO  util.JmxRegister (JmxRegister.java:tryRegister(44)) - Successfully registered JMX Bean with object name Ratis:service=RaftServer,group=group-6E2C1E7B15AE,id=9d7ca9e8-4eb3-4ba1-8fc6-d0f91e5ce981
2019-07-13 07:39:35,718 INFO  pipeline.PipelineStateManager (PipelineStateManager.java:addPipeline(56)) - Created pipeline Pipeline[ Id: 80bd2112-f439-4864-a08d-6e2c1e7b15ae, Nodes: 9d7ca9e8-4eb3-4ba1-8fc6-d0f91e5ce981{ip: 192.168.69.84, host: trunk-nightly-9lh4p-2362225927, networkLocation: /default-rack, certSerialId: null}, Type:RATIS, Factor:ONE, State:OPEN]
2019-07-13 07:39:35,857 INFO  ozone.MiniOzoneClusterImpl (MiniOzoneClusterImpl.java:lambda$waitForClusterToBeReady$0(142)) - Waiting for cluster to be ready. Got 2 of 7 DN Heartbeats.
2019-07-13 07:39:36,002 INFO  node.SCMNodeManager (SCMNodeManager.java:register(269)) - Registered Data node : 2a903e71-8982-4465-9171-f1a05d214b1a{ip: 192.168.69.84, host: trunk-nightly-9lh4p-2362225927, networkLocation: /default-rack, certSerialId: null}
2019-07-13 07:39:36,012 INFO  impl.RaftServerProxy (RaftServerProxy.java:addNew(89)) - 2a903e71-8982-4465-9171-f1a05d214b1a: addNew group-D71A1CDFA855:[2a903e71-8982-4465-9171-f1a05d214b1a:192.168.69.84:34819] returns group-D71A1CDFA855:java.util.concurrent.CompletableFuture@3606bdb4[Not completed]
2019-07-13 07:39:36,014 INFO  impl.RaftServerImpl (RaftServerImpl.java:<init>(93)) - 2a903e71-8982-4465-9171-f1a05d214b1a: new RaftServerImpl for group-D71A1CDFA855:[2a903e71-8982-4465-9171-f1a05d214b1a:192.168.69.84:34819] with ContainerStateMachine:uninitialized
2019-07-13 07:39:36,014 INFO  server.RaftServerConfigKeys (ConfUtils.java:logGet(43)) - raft.server.rpc.timeout.min = 5s (custom)
2019-07-13 07:39:36,014 INFO  server.RaftServerConfigKeys (ConfUtils.java:logGet(43)) - raft.server.rpc.timeout.max = 5200ms (custom)
2019-07-13 07:39:36,014 INFO  server.RaftServerConfigKeys (ConfUtils.java:logGet(43)) - raft.server.rpcslowness.timeout = 120s (custom)
2019-07-13 07:39:36,014 INFO  server.RaftServerConfigKeys (ConfUtils.java:logGet(43)) - raft.server.sleep.deviation.threshold = 300 (default)
2019-07-13 07:39:36,014 INFO  server.RaftServerConfigKeys (ConfUtils.java:logGet(43)) - raft.server.log.appender.install.snapshot.enabled = false (custom)
2019-07-13 07:39:36,014 INFO  impl.RaftServerImpl (ServerState.java:<init>(105)) - 2a903e71-8982-4465-9171-f1a05d214b1a:group-D71A1CDFA855 ConfigurationManager, init=-1: [2a903e71-8982-4465-9171-f1a05d214b1a:192.168.69.84:34819], old=null, confs=<EMPTY_MAP>
2019-07-13 07:39:36,015 INFO  server.RaftServerConfigKeys (ConfUtils.java:logGet(43)) - raft.server.storage.dir = [/tmp/workdir/hadoop-ozone/integration-test/target/test-dir/MiniOzoneClusterImpl-5db8d0d9-7b2e-49d0-b294-9cc54400926c/datanode-2/data/ratis] (custom)
2019-07-13 07:39:36,015 INFO  storage.RaftStorageDirectory (RaftStorageDirectory.java:analyzeStorage(246)) - The storage directory /tmp/workdir/hadoop-ozone/integration-test/target/test-dir/MiniOzoneClusterImpl-5db8d0d9-7b2e-49d0-b294-9cc54400926c/datanode-2/data/ratis/1e77f2f1-716f-4a33-bfd0-d71a1cdfa855 does not exist. Creating ...
2019-07-13 07:39:36,029 INFO  storage.RaftStorageDirectory (RaftStorageDirectory.java:tryLock(328)) - Lock on /tmp/workdir/hadoop-ozone/integration-test/target/test-dir/MiniOzoneClusterImpl-5db8d0d9-7b2e-49d0-b294-9cc54400926c/datanode-2/data/ratis/1e77f2f1-716f-4a33-bfd0-d71a1cdfa855/in_use.lock acquired by nodename 29913@trunk-nightly-9lh4p-2362225927
2019-07-13 07:39:36,042 INFO  storage.RaftStorage (RaftStorage.java:format(72)) - Storage directory /tmp/workdir/hadoop-ozone/integration-test/target/test-dir/MiniOzoneClusterImpl-5db8d0d9-7b2e-49d0-b294-9cc54400926c/datanode-2/data/ratis/1e77f2f1-716f-4a33-bfd0-d71a1cdfa855 has been successfully formatted.
2019-07-13 07:39:36,042 INFO  ratis.ContainerStateMachine (ContainerStateMachine.java:loadSnapshot(200)) - The snapshot info is null.Setting the last applied index to:(t:0, i:~)
2019-07-13 07:39:36,043 INFO  server.RaftServerConfigKeys (ConfUtils.java:logGet(43)) - raft.server.leader.election.timeout = 120s (custom)
2019-07-13 07:39:36,043 INFO  server.RaftServerConfigKeys (ConfUtils.java:logGet(43)) - raft.server.log.use.memory = false (default)
2019-07-13 07:39:36,043 INFO  server.RaftServerConfigKeys (ConfUtils.java:logGet(43)) - raft.server.log.purge.gap = 1000000000 (custom)
2019-07-13 07:39:36,043 INFO  server.RaftServerConfigKeys (ConfUtils.java:logGet(43)) - raft.server.log.appender.buffer.byte-limit = 33554432 (custom)
2019-07-13 07:39:36,043 INFO  server.RaftServerConfigKeys (ConfUtils.java:logGet(43)) - raft.server.log.segment.size.max = 1048576 (custom)
2019-07-13 07:39:36,043 INFO  server.RaftServerConfigKeys (ConfUtils.java:logGet(43)) - raft.server.log.segment.cache.num.max = 2 (custom)
2019-07-13 07:39:36,044 INFO  segmented.SegmentedRaftLogWorker (SegmentedRaftLogWorker.java:<init>(172)) - new 2a903e71-8982-4465-9171-f1a05d214b1a-SegmentedRaftLogWorker:Storage Directory /tmp/workdir/hadoop-ozone/integration-test/target/test-dir/MiniOzoneClusterImpl-5db8d0d9-7b2e-49d0-b294-9cc54400926c/datanode-2/data/ratis/1e77f2f1-716f-4a33-bfd0-d71a1cdfa855 for RaftStorage:Storage Directory /tmp/workdir/hadoop-ozone/integration-test/target/test-dir/MiniOzoneClusterImpl-5db8d0d9-7b2e-49d0-b294-9cc54400926c/datanode-2/data/ratis/1e77f2f1-716f-4a33-bfd0-d71a1cdfa855
2019-07-13 07:39:36,044 INFO  server.RaftServerConfigKeys (ConfUtils.java:logGet(43)) - raft.server.log.queue.byte-limit = 2147483647 (custom)
2019-07-13 07:39:36,044 INFO  server.RaftServerConfigKeys (ConfUtils.java:logGet(43)) - raft.server.log.queue.element-limit = 1024 (custom)
2019-07-13 07:39:36,044 INFO  server.RaftServerConfigKeys (ConfUtils.java:logGet(43)) - raft.server.log.segment.size.max = 1048576 (custom)
2019-07-13 07:39:36,044 INFO  server.RaftServerConfigKeys (ConfUtils.java:logGet(43)) - raft.server.log.preallocated.size = 16384 (custom)
2019-07-13 07:39:36,045 INFO  server.RaftServerConfigKeys (ConfUtils.java:logGet(43)) - raft.server.log.write.buffer.size = 33554432 (custom)
2019-07-13 07:39:36,045 INFO  server.RaftServerConfigKeys (ConfUtils.java:logGet(43)) - raft.server.log.force.sync.num = 128 (default)
2019-07-13 07:39:36,045 INFO  server.RaftServerConfigKeys (ConfUtils.java:logGet(43)) - raft.server.log.statemachine.data.sync = true (default)
2019-07-13 07:39:36,045 INFO  server.RaftServerConfigKeys (ConfUtils.java:logGet(43)) - raft.server.log.statemachine.data.sync.timeout = 10s (default)
2019-07-13 07:39:36,045 INFO  server.RaftServerConfigKeys (ConfUtils.java:logGet(43)) - raft.server.log.statemachine.data.sync.timeout.retry = -1 (default)
2019-07-13 07:39:36,046 INFO  server.RaftServerConfigKeys (ConfUtils.java:logGet(43)) - raft.server.log.statemachine.data.caching.enabled = true (custom)
2019-07-13 07:39:36,046 INFO  segmented.SegmentedRaftLogWorker (SegmentedRaftLogWorker.java:lambda$new$0(132)) - 2a903e71-8982-4465-9171-f1a05d214b1a-SegmentedRaftLogWorker:Storage Directory /tmp/workdir/hadoop-ozone/integration-test/target/test-dir/MiniOzoneClusterImpl-5db8d0d9-7b2e-49d0-b294-9cc54400926c/datanode-2/data/ratis/1e77f2f1-716f-4a33-bfd0-d71a1cdfa855: flushIndex: setUnconditionally 0 -> -1
2019-07-13 07:39:36,046 INFO  server.RaftServerConfigKeys (ConfUtils.java:logGet(43)) - raft.server.snapshot.auto.trigger.enabled = true (custom)
2019-07-13 07:39:36,047 INFO  server.RaftServerConfigKeys (ConfUtils.java:logGet(43)) - raft.server.snapshot.auto.trigger.threshold = 10000 (custom)
2019-07-13 07:39:36,047 INFO  server.RaftServerConfigKeys (ConfUtils.java:logGet(43)) - raft.server.retrycache.expirytime = 600000ms (custom)
2019-07-13 07:39:36,047 INFO  impl.RaftServerImpl (RaftServerImpl.java:start(180)) - 2a903e71-8982-4465-9171-f1a05d214b1a: start group-D71A1CDFA855
2019-07-13 07:39:36,047 INFO  impl.RaftServerImpl (RaftServerImpl.java:setRole(171)) - 2a903e71-8982-4465-9171-f1a05d214b1a:group-D71A1CDFA855 changes role from null to FOLLOWER at term 0 for startAsFollower
2019-07-13 07:39:36,047 INFO  impl.RoleInfo (RoleInfo.java:updateAndGet(143)) - 2a903e71-8982-4465-9171-f1a05d214b1a: start FollowerState
2019-07-13 07:39:36,048 INFO  util.JmxRegister (JmxRegister.java:tryRegister(44)) - Successfully registered JMX Bean with object name Ratis:service=RaftServer,group=group-D71A1CDFA855,id=2a903e71-8982-4465-9171-f1a05d214b1a
2019-07-13 07:39:36,050 INFO  pipeline.PipelineStateManager (PipelineStateManager.java:addPipeline(56)) - Created pipeline Pipeline[ Id: 1e77f2f1-716f-4a33-bfd0-d71a1cdfa855, Nodes: 2a903e71-8982-4465-9171-f1a05d214b1a{ip: 192.168.69.84, host: trunk-nightly-9lh4p-2362225927, networkLocation: /default-rack, certSerialId: null}, Type:RATIS, Factor:ONE, State:OPEN]
2019-07-13 07:39:36,066 INFO  impl.RaftServerProxy (RaftServerProxy.java:addNew(89)) - 9d7ca9e8-4eb3-4ba1-8fc6-d0f91e5ce981: addNew group-51C9F9B3C848:[687735de-0bff-44bf-8b08-cd771def1d24:192.168.69.84:45247, 9d7ca9e8-4eb3-4ba1-8fc6-d0f91e5ce981:192.168.69.84:36747, 2a903e71-8982-4465-9171-f1a05d214b1a:192.168.69.84:34819] returns group-51C9F9B3C848:java.util.concurrent.CompletableFuture@73f64ffb[Not completed]
2019-07-13 07:39:36,066 INFO  impl.RaftServerProxy (RaftServerProxy.java:addNew(89)) - 2a903e71-8982-4465-9171-f1a05d214b1a: addNew group-51C9F9B3C848:[687735de-0bff-44bf-8b08-cd771def1d24:192.168.69.84:45247, 9d7ca9e8-4eb3-4ba1-8fc6-d0f91e5ce981:192.168.69.84:36747, 2a903e71-8982-4465-9171-f1a05d214b1a:192.168.69.84:34819] returns group-51C9F9B3C848:java.util.concurrent.CompletableFuture@103a16d4[Not completed]
2019-07-13 07:39:36,066 INFO  impl.RaftServerProxy (RaftServerProxy.java:addNew(89)) - 687735de-0bff-44bf-8b08-cd771def1d24: addNew group-51C9F9B3C848:[687735de-0bff-44bf-8b08-cd771def1d24:192.168.69.84:45247, 9d7ca9e8-4eb3-4ba1-8fc6-d0f91e5ce981:192.168.69.84:36747, 2a903e71-8982-4465-9171-f1a05d214b1a:192.168.69.84:34819] returns group-51C9F9B3C848:java.util.concurrent.CompletableFuture@7fc32db[Not completed]
2019-07-13 07:39:36,068 INFO  impl.RaftServerImpl (RaftServerImpl.java:<init>(93)) - 9d7ca9e8-4eb3-4ba1-8fc6-d0f91e5ce981: new RaftServerImpl for group-51C9F9B3C848:[687735de-0bff-44bf-8b08-cd771def1d24:192.168.69.84:45247, 9d7ca9e8-4eb3-4ba1-8fc6-d0f91e5ce981:192.168.69.84:36747, 2a903e71-8982-4465-9171-f1a05d214b1a:192.168.69.84:34819] with ContainerStateMachine:uninitialized
2019-07-13 07:39:36,068 INFO  server.RaftServerConfigKeys (ConfUtils.java:logGet(43)) - raft.server.rpc.timeout.min = 5s (custom)
2019-07-13 07:39:36,068 INFO  server.RaftServerConfigKeys (ConfUtils.java:logGet(43)) - raft.server.rpc.timeout.max = 5200ms (custom)
2019-07-13 07:39:36,068 INFO  server.RaftServerConfigKeys (ConfUtils.java:logGet(43)) - raft.server.rpcslowness.timeout = 120s (custom)
2019-07-13 07:39:36,068 INFO  server.RaftServerConfigKeys (ConfUtils.java:logGet(43)) - raft.server.sleep.deviation.threshold = 300 (default)
2019-07-13 07:39:36,068 INFO  impl.RaftServerImpl (RaftServerImpl.java:<init>(93)) - 687735de-0bff-44bf-8b08-cd771def1d24: new RaftServerImpl for group-51C9F9B3C848:[687735de-0bff-44bf-8b08-cd771def1d24:192.168.69.84:45247, 9d7ca9e8-4eb3-4ba1-8fc6-d0f91e5ce981:192.168.69.84:36747, 2a903e71-8982-4465-9171-f1a05d214b1a:192.168.69.84:34819] with ContainerStateMachine:uninitialized
2019-07-13 07:39:36,068 INFO  server.RaftServerConfigKeys (ConfUtils.java:logGet(43)) - raft.server.log.appender.install.snapshot.enabled = false (custom)
2019-07-13 07:39:36,069 INFO  server.RaftServerConfigKeys (ConfUtils.java:logGet(43)) - raft.server.rpc.timeout.min = 5s (custom)
2019-07-13 07:39:36,069 INFO  impl.RaftServerImpl (ServerState.java:<init>(105)) - 9d7ca9e8-4eb3-4ba1-8fc6-d0f91e5ce981:group-51C9F9B3C848 ConfigurationManager, init=-1: [687735de-0bff-44bf-8b08-cd771def1d24:192.168.69.84:45247, 9d7ca9e8-4eb3-4ba1-8fc6-d0f91e5ce981:192.168.69.84:36747, 2a903e71-8982-4465-9171-f1a05d214b1a:192.168.69.84:34819], old=null, confs=<EMPTY_MAP>
2019-07-13 07:39:36,069 INFO  impl.RaftServerImpl (RaftServerImpl.java:<init>(93)) - 2a903e71-8982-4465-9171-f1a05d214b1a: new RaftServerImpl for group-51C9F9B3C848:[687735de-0bff-44bf-8b08-cd771def1d24:192.168.69.84:45247, 9d7ca9e8-4eb3-4ba1-8fc6-d0f91e5ce981:192.168.69.84:36747, 2a903e71-8982-4465-9171-f1a05d214b1a:192.168.69.84:34819] with ContainerStateMachine:uninitialized
2019-07-13 07:39:36,069 INFO  server.RaftServerConfigKeys (ConfUtils.java:logGet(43)) - raft.server.storage.dir = [/tmp/workdir/hadoop-ozone/integration-test/target/test-dir/MiniOzoneClusterImpl-5db8d0d9-7b2e-49d0-b294-9cc54400926c/datanode-1/data/ratis] (custom)
2019-07-13 07:39:36,069 INFO  server.RaftServerConfigKeys (ConfUtils.java:logGet(43)) - raft.server.rpc.timeout.max = 5200ms (custom)
2019-07-13 07:39:36,069 INFO  server.RaftServerConfigKeys (ConfUtils.java:logGet(43)) - raft.server.rpc.timeout.min = 5s (custom)
2019-07-13 07:39:36,070 INFO  storage.RaftStorageDirectory (RaftStorageDirectory.java:analyzeStorage(246)) - The storage directory /tmp/workdir/hadoop-ozone/integration-test/target/test-dir/MiniOzoneClusterImpl-5db8d0d9-7b2e-49d0-b294-9cc54400926c/datanode-1/data/ratis/16c2ca4a-2fb0-44d4-9f4b-51c9f9b3c848 does not exist. Creating ...
2019-07-13 07:39:36,069 INFO  server.RaftServerConfigKeys (ConfUtils.java:logGet(43)) - raft.server.rpcslowness.timeout = 120s (custom)
2019-07-13 07:39:36,070 INFO  server.RaftServerConfigKeys (ConfUtils.java:logGet(43)) - raft.server.rpc.timeout.max = 5200ms (custom)
2019-07-13 07:39:36,070 INFO  server.RaftServerConfigKeys (ConfUtils.java:logGet(43)) - raft.server.sleep.deviation.threshold = 300 (default)
2019-07-13 07:39:36,070 INFO  server.RaftServerConfigKeys (ConfUtils.java:logGet(43)) - raft.server.rpcslowness.timeout = 120s (custom)
2019-07-13 07:39:36,070 INFO  server.RaftServerConfigKeys (ConfUtils.java:logGet(43)) - raft.server.log.appender.install.snapshot.enabled = false (custom)
2019-07-13 07:39:36,070 INFO  server.RaftServerConfigKeys (ConfUtils.java:logGet(43)) - raft.server.sleep.deviation.threshold = 300 (default)
2019-07-13 07:39:36,070 INFO  impl.RaftServerImpl (ServerState.java:<init>(105)) - 687735de-0bff-44bf-8b08-cd771def1d24:group-51C9F9B3C848 ConfigurationManager, init=-1: [687735de-0bff-44bf-8b08-cd771def1d24:192.168.69.84:45247, 9d7ca9e8-4eb3-4ba1-8fc6-d0f91e5ce981:192.168.69.84:36747, 2a903e71-8982-4465-9171-f1a05d214b1a:192.168.69.84:34819], old=null, confs=<EMPTY_MAP>
2019-07-13 07:39:36,071 INFO  server.RaftServerConfigKeys (ConfUtils.java:logGet(43)) - raft.server.log.appender.install.snapshot.enabled = false (custom)
2019-07-13 07:39:36,071 INFO  server.RaftServerConfigKeys (ConfUtils.java:logGet(43)) - raft.server.storage.dir = [/tmp/workdir/hadoop-ozone/integration-test/target/test-dir/MiniOzoneClusterImpl-5db8d0d9-7b2e-49d0-b294-9cc54400926c/datanode-0/data/ratis] (custom)
2019-07-13 07:39:36,071 INFO  impl.RaftServerImpl (ServerState.java:<init>(105)) - 2a903e71-8982-4465-9171-f1a05d214b1a:group-51C9F9B3C848 ConfigurationManager, init=-1: [687735de-0bff-44bf-8b08-cd771def1d24:192.168.69.84:45247, 9d7ca9e8-4eb3-4ba1-8fc6-d0f91e5ce981:192.168.69.84:36747, 2a903e71-8982-4465-9171-f1a05d214b1a:192.168.69.84:34819], old=null, confs=<EMPTY_MAP>
2019-07-13 07:39:36,071 INFO  server.RaftServerConfigKeys (ConfUtils.java:logGet(43)) - raft.server.storage.dir = [/tmp/workdir/hadoop-ozone/integration-test/target/test-dir/MiniOzoneClusterImpl-5db8d0d9-7b2e-49d0-b294-9cc54400926c/datanode-2/data/ratis] (custom)
2019-07-13 07:39:36,071 INFO  storage.RaftStorageDirectory (RaftStorageDirectory.java:analyzeStorage(246)) - The storage directory /tmp/workdir/hadoop-ozone/integration-test/target/test-dir/MiniOzoneClusterImpl-5db8d0d9-7b2e-49d0-b294-9cc54400926c/datanode-0/data/ratis/16c2ca4a-2fb0-44d4-9f4b-51c9f9b3c848 does not exist. Creating ...
2019-07-13 07:39:36,072 INFO  storage.RaftStorageDirectory (RaftStorageDirectory.java:analyzeStorage(246)) - The storage directory /tmp/workdir/hadoop-ozone/integration-test/target/test-dir/MiniOzoneClusterImpl-5db8d0d9-7b2e-49d0-b294-9cc54400926c/datanode-2/data/ratis/16c2ca4a-2fb0-44d4-9f4b-51c9f9b3c848 does not exist. Creating ...
2019-07-13 07:39:36,083 INFO  storage.RaftStorageDirectory (RaftStorageDirectory.java:tryLock(328)) - Lock on /tmp/workdir/hadoop-ozone/integration-test/target/test-dir/MiniOzoneClusterImpl-5db8d0d9-7b2e-49d0-b294-9cc54400926c/datanode-0/data/ratis/16c2ca4a-2fb0-44d4-9f4b-51c9f9b3c848/in_use.lock acquired by nodename 29913@trunk-nightly-9lh4p-2362225927
2019-07-13 07:39:36,083 INFO  storage.RaftStorageDirectory (RaftStorageDirectory.java:tryLock(328)) - Lock on /tmp/workdir/hadoop-ozone/integration-test/target/test-dir/MiniOzoneClusterImpl-5db8d0d9-7b2e-49d0-b294-9cc54400926c/datanode-1/data/ratis/16c2ca4a-2fb0-44d4-9f4b-51c9f9b3c848/in_use.lock acquired by nodename 29913@trunk-nightly-9lh4p-2362225927
2019-07-13 07:39:36,083 INFO  storage.RaftStorageDirectory (RaftStorageDirectory.java:tryLock(328)) - Lock on /tmp/workdir/hadoop-ozone/integration-test/target/test-dir/MiniOzoneClusterImpl-5db8d0d9-7b2e-49d0-b294-9cc54400926c/datanode-2/data/ratis/16c2ca4a-2fb0-44d4-9f4b-51c9f9b3c848/in_use.lock acquired by nodename 29913@trunk-nightly-9lh4p-2362225927
2019-07-13 07:39:36,102 INFO  storage.RaftStorage (RaftStorage.java:format(72)) - Storage directory /tmp/workdir/hadoop-ozone/integration-test/target/test-dir/MiniOzoneClusterImpl-5db8d0d9-7b2e-49d0-b294-9cc54400926c/datanode-0/data/ratis/16c2ca4a-2fb0-44d4-9f4b-51c9f9b3c848 has been successfully formatted.
2019-07-13 07:39:36,102 INFO  storage.RaftStorage (RaftStorage.java:format(72)) - Storage directory /tmp/workdir/hadoop-ozone/integration-test/target/test-dir/MiniOzoneClusterImpl-5db8d0d9-7b2e-49d0-b294-9cc54400926c/datanode-1/data/ratis/16c2ca4a-2fb0-44d4-9f4b-51c9f9b3c848 has been successfully formatted.
2019-07-13 07:39:36,102 INFO  ratis.ContainerStateMachine (ContainerStateMachine.java:loadSnapshot(200)) - The snapshot info is null.Setting the last applied index to:(t:0, i:~)
2019-07-13 07:39:36,102 INFO  ratis.ContainerStateMachine (ContainerStateMachine.java:loadSnapshot(200)) - The snapshot info is null.Setting the last applied index to:(t:0, i:~)
2019-07-13 07:39:36,102 INFO  storage.RaftStorage (RaftStorage.java:format(72)) - Storage directory /tmp/workdir/hadoop-ozone/integration-test/target/test-dir/MiniOzoneClusterImpl-5db8d0d9-7b2e-49d0-b294-9cc54400926c/datanode-2/data/ratis/16c2ca4a-2fb0-44d4-9f4b-51c9f9b3c848 has been successfully formatted.
2019-07-13 07:39:36,103 INFO  server.RaftServerConfigKeys (ConfUtils.java:logGet(43)) - raft.server.leader.election.timeout = 120s (custom)
2019-07-13 07:39:36,102 INFO  server.RaftServerConfigKeys (ConfUtils.java:logGet(43)) - raft.server.leader.election.timeout = 120s (custom)
2019-07-13 07:39:36,103 INFO  server.RaftServerConfigKeys (ConfUtils.java:logGet(43)) - raft.server.log.use.memory = false (default)
2019-07-13 07:39:36,103 INFO  ratis.ContainerStateMachine (ContainerStateMachine.java:loadSnapshot(200)) - The snapshot info is null.Setting the last applied index to:(t:0, i:~)
2019-07-13 07:39:36,103 INFO  server.RaftServerConfigKeys (ConfUtils.java:logGet(43)) - raft.server.log.purge.gap = 1000000000 (custom)
2019-07-13 07:39:36,104 INFO  server.RaftServerConfigKeys (ConfUtils.java:logGet(43)) - raft.server.log.appender.buffer.byte-limit = 33554432 (custom)
2019-07-13 07:39:36,103 INFO  server.RaftServerConfigKeys (ConfUtils.java:logGet(43)) - raft.server.log.use.memory = false (default)
2019-07-13 07:39:36,104 INFO  server.RaftServerConfigKeys (ConfUtils.java:logGet(43)) - raft.server.log.segment.size.max = 1048576 (custom)
2019-07-13 07:39:36,103 INFO  server.RaftServerConfigKeys (ConfUtils.java:logGet(43)) - raft.server.leader.election.timeout = 120s (custom)
2019-07-13 07:39:36,104 INFO  server.RaftServerConfigKeys (ConfUtils.java:logGet(43)) - raft.server.log.segment.cache.num.max = 2 (custom)
2019-07-13 07:39:36,104 INFO  server.RaftServerConfigKeys (ConfUtils.java:logGet(43)) - raft.server.log.purge.gap = 1000000000 (custom)
2019-07-13 07:39:36,104 INFO  segmented.SegmentedRaftLogWorker (SegmentedRaftLogWorker.java:<init>(172)) - new 9d7ca9e8-4eb3-4ba1-8fc6-d0f91e5ce981-SegmentedRaftLogWorker:Storage Directory /tmp/workdir/hadoop-ozone/integration-test/target/test-dir/MiniOzoneClusterImpl-5db8d0d9-7b2e-49d0-b294-9cc54400926c/datanode-1/data/ratis/16c2ca4a-2fb0-44d4-9f4b-51c9f9b3c848 for RaftStorage:Storage Directory /tmp/workdir/hadoop-ozone/integration-test/target/test-dir/MiniOzoneClusterImpl-5db8d0d9-7b2e-49d0-b294-9cc54400926c/datanode-1/data/ratis/16c2ca4a-2fb0-44d4-9f4b-51c9f9b3c848
2019-07-13 07:39:36,104 INFO  server.RaftServerConfigKeys (ConfUtils.java:logGet(43)) - raft.server.log.use.memory = false (default)
2019-07-13 07:39:36,105 INFO  server.RaftServerConfigKeys (ConfUtils.java:logGet(43)) - raft.server.log.queue.byte-limit = 2147483647 (custom)
2019-07-13 07:39:36,104 INFO  server.RaftServerConfigKeys (ConfUtils.java:logGet(43)) - raft.server.log.appender.buffer.byte-limit = 33554432 (custom)
2019-07-13 07:39:36,105 INFO  server.RaftServerConfigKeys (ConfUtils.java:logGet(43)) - raft.server.log.queue.element-limit = 1024 (custom)
2019-07-13 07:39:36,105 INFO  server.RaftServerConfigKeys (ConfUtils.java:logGet(43)) - raft.server.log.purge.gap = 1000000000 (custom)
2019-07-13 07:39:36,105 INFO  server.RaftServerConfigKeys (ConfUtils.java:logGet(43)) - raft.server.log.segment.size.max = 1048576 (custom)
2019-07-13 07:39:36,106 INFO  server.RaftServerConfigKeys (ConfUtils.java:logGet(43)) - raft.server.log.preallocated.size = 16384 (custom)
2019-07-13 07:39:36,105 INFO  server.RaftServerConfigKeys (ConfUtils.java:logGet(43)) - raft.server.log.segment.size.max = 1048576 (custom)
2019-07-13 07:39:36,106 INFO  server.RaftServerConfigKeys (ConfUtils.java:logGet(43)) - raft.server.log.write.buffer.size = 33554432 (custom)
2019-07-13 07:39:36,105 INFO  server.RaftServerConfigKeys (ConfUtils.java:logGet(43)) - raft.server.log.appender.buffer.byte-limit = 33554432 (custom)
2019-07-13 07:39:36,106 INFO  server.RaftServerConfigKeys (ConfUtils.java:logGet(43)) - raft.server.log.force.sync.num = 128 (default)
2019-07-13 07:39:36,106 INFO  server.RaftServerConfigKeys (ConfUtils.java:logGet(43)) - raft.server.log.segment.cache.num.max = 2 (custom)
2019-07-13 07:39:36,106 INFO  server.RaftServerConfigKeys (ConfUtils.java:logGet(43)) - raft.server.log.statemachine.data.sync = true (default)
2019-07-13 07:39:36,106 INFO  server.RaftServerConfigKeys (ConfUtils.java:logGet(43)) - raft.server.log.segment.size.max = 1048576 (custom)
2019-07-13 07:39:36,107 INFO  server.RaftServerConfigKeys (ConfUtils.java:logGet(43)) - raft.server.log.statemachine.data.sync.timeout = 10s (default)
2019-07-13 07:39:36,107 INFO  segmented.SegmentedRaftLogWorker (SegmentedRaftLogWorker.java:<init>(172)) - new 687735de-0bff-44bf-8b08-cd771def1d24-SegmentedRaftLogWorker:Storage Directory /tmp/workdir/hadoop-ozone/integration-test/target/test-dir/MiniOzoneClusterImpl-5db8d0d9-7b2e-49d0-b294-9cc54400926c/datanode-0/data/ratis/16c2ca4a-2fb0-44d4-9f4b-51c9f9b3c848 for RaftStorage:Storage Directory /tmp/workdir/hadoop-ozone/integration-test/target/test-dir/MiniOzoneClusterImpl-5db8d0d9-7b2e-49d0-b294-9cc54400926c/datanode-0/data/ratis/16c2ca4a-2fb0-44d4-9f4b-51c9f9b3c848
2019-07-13 07:39:36,107 INFO  server.RaftServerConfigKeys (ConfUtils.java:logGet(43)) - raft.server.log.statemachine.data.sync.timeout.retry = -1 (default)
2019-07-13 07:39:36,107 INFO  server.RaftServerConfigKeys (ConfUtils.java:logGet(43)) - raft.server.log.segment.cache.num.max = 2 (custom)
2019-07-13 07:39:36,107 INFO  server.RaftServerConfigKeys (ConfUtils.java:logGet(43)) - raft.server.log.statemachine.data.caching.enabled = true (custom)
2019-07-13 07:39:36,107 INFO  server.RaftServerConfigKeys (ConfUtils.java:logGet(43)) - raft.server.log.queue.byte-limit = 2147483647 (custom)
2019-07-13 07:39:36,108 INFO  segmented.SegmentedRaftLogWorker (SegmentedRaftLogWorker.java:lambda$new$0(132)) - 9d7ca9e8-4eb3-4ba1-8fc6-d0f91e5ce981-SegmentedRaftLogWorker:Storage Directory /tmp/workdir/hadoop-ozone/integration-test/target/test-dir/MiniOzoneClusterImpl-5db8d0d9-7b2e-49d0-b294-9cc54400926c/datanode-1/data/ratis/16c2ca4a-2fb0-44d4-9f4b-51c9f9b3c848: flushIndex: setUnconditionally 0 -> -1
2019-07-13 07:39:36,107 INFO  segmented.SegmentedRaftLogWorker (SegmentedRaftLogWorker.java:<init>(172)) - new 2a903e71-8982-4465-9171-f1a05d214b1a-SegmentedRaftLogWorker:Storage Directory /tmp/workdir/hadoop-ozone/integration-test/target/test-dir/MiniOzoneClusterImpl-5db8d0d9-7b2e-49d0-b294-9cc54400926c/datanode-2/data/ratis/16c2ca4a-2fb0-44d4-9f4b-51c9f9b3c848 for RaftStorage:Storage Directory /tmp/workdir/hadoop-ozone/integration-test/target/test-dir/MiniOzoneClusterImpl-5db8d0d9-7b2e-49d0-b294-9cc54400926c/datanode-2/data/ratis/16c2ca4a-2fb0-44d4-9f4b-51c9f9b3c848
2019-07-13 07:39:36,108 INFO  server.RaftServerConfigKeys (ConfUtils.java:logGet(43)) - raft.server.log.queue.element-limit = 1024 (custom)
2019-07-13 07:39:36,108 INFO  server.RaftServerConfigKeys (ConfUtils.java:logGet(43)) - raft.server.snapshot.auto.trigger.enabled = true (custom)
2019-07-13 07:39:36,108 INFO  server.RaftServerConfigKeys (ConfUtils.java:logGet(43)) - raft.server.log.queue.byte-limit = 2147483647 (custom)
2019-07-13 07:39:36,109 INFO  server.RaftServerConfigKeys (ConfUtils.java:logGet(43)) - raft.server.snapshot.auto.trigger.threshold = 10000 (custom)
2019-07-13 07:39:36,108 INFO  server.RaftServerConfigKeys (ConfUtils.java:logGet(43)) - raft.server.log.segment.size.max = 1048576 (custom)
2019-07-13 07:39:36,109 INFO  server.RaftServerConfigKeys (ConfUtils.java:logGet(43)) - raft.server.retrycache.expirytime = 600000ms (custom)
2019-07-13 07:39:36,109 INFO  server.RaftServerConfigKeys (ConfUtils.java:logGet(43)) - raft.server.log.queue.element-limit = 1024 (custom)
2019-07-13 07:39:36,109 INFO  impl.RaftServerImpl (RaftServerImpl.java:start(180)) - 9d7ca9e8-4eb3-4ba1-8fc6-d0f91e5ce981: start group-51C9F9B3C848
2019-07-13 07:39:36,110 INFO  impl.RaftServerImpl (RaftServerImpl.java:setRole(171)) - 9d7ca9e8-4eb3-4ba1-8fc6-d0f91e5ce981:group-51C9F9B3C848 changes role from null to FOLLOWER at term 0 for startAsFollower
2019-07-13 07:39:36,109 INFO  server.RaftServerConfigKeys (ConfUtils.java:logGet(43)) - raft.server.log.preallocated.size = 16384 (custom)
2019-07-13 07:39:36,110 INFO  impl.RoleInfo (RoleInfo.java:updateAndGet(143)) - 9d7ca9e8-4eb3-4ba1-8fc6-d0f91e5ce981: start FollowerState
2019-07-13 07:39:36,110 INFO  server.RaftServerConfigKeys (ConfUtils.java:logGet(43)) - raft.server.log.segment.size.max = 1048576 (custom)
2019-07-13 07:39:36,110 INFO  server.RaftServerConfigKeys (ConfUtils.java:logGet(43)) - raft.server.log.preallocated.size = 16384 (custom)
2019-07-13 07:39:36,110 INFO  server.RaftServerConfigKeys (ConfUtils.java:logGet(43)) - raft.server.log.write.buffer.size = 33554432 (custom)
2019-07-13 07:39:36,110 INFO  server.RaftServerConfigKeys (ConfUtils.java:logGet(43)) - raft.server.log.write.buffer.size = 33554432 (custom)
2019-07-13 07:39:36,110 INFO  util.JmxRegister (JmxRegister.java:tryRegister(44)) - Successfully registered JMX Bean with object name Ratis:service=RaftServer,group=group-51C9F9B3C848,id=9d7ca9e8-4eb3-4ba1-8fc6-d0f91e5ce981
2019-07-13 07:39:36,111 INFO  server.RaftServerConfigKeys (ConfUtils.java:logGet(43)) - raft.server.log.force.sync.num = 128 (default)
2019-07-13 07:39:36,111 INFO  server.RaftServerConfigKeys (ConfUtils.java:logGet(43)) - raft.server.log.statemachine.data.sync = true (default)
2019-07-13 07:39:36,111 INFO  server.RaftServerConfigKeys (ConfUtils.java:logGet(43)) - raft.server.log.force.sync.num = 128 (default)
2019-07-13 07:39:36,111 INFO  server.RaftServerConfigKeys (ConfUtils.java:logGet(43)) - raft.server.log.statemachine.data.sync.timeout = 10s (default)
2019-07-13 07:39:36,111 INFO  server.RaftServerConfigKeys (ConfUtils.java:logGet(43)) - raft.server.log.statemachine.data.sync = true (default)
2019-07-13 07:39:36,112 INFO  server.RaftServerConfigKeys (ConfUtils.java:logGet(43)) - raft.server.log.statemachine.data.sync.timeout.retry = -1 (default)
2019-07-13 07:39:36,112 INFO  server.RaftServerConfigKeys (ConfUtils.java:logGet(43)) - raft.server.log.statemachine.data.sync.timeout = 10s (default)
2019-07-13 07:39:36,112 INFO  server.RaftServerConfigKeys (ConfUtils.java:logGet(43)) - raft.server.log.statemachine.data.caching.enabled = true (custom)
2019-07-13 07:39:36,112 INFO  server.RaftServerConfigKeys (ConfUtils.java:logGet(43)) - raft.server.log.statemachine.data.sync.timeout.retry = -1 (default)
2019-07-13 07:39:36,113 INFO  segmented.SegmentedRaftLogWorker (SegmentedRaftLogWorker.java:lambda$new$0(132)) - 2a903e71-8982-4465-9171-f1a05d214b1a-SegmentedRaftLogWorker:Storage Directory /tmp/workdir/hadoop-ozone/integration-test/target/test-dir/MiniOzoneClusterImpl-5db8d0d9-7b2e-49d0-b294-9cc54400926c/datanode-2/data/ratis/16c2ca4a-2fb0-44d4-9f4b-51c9f9b3c848: flushIndex: setUnconditionally 0 -> -1
2019-07-13 07:39:36,113 INFO  server.RaftServerConfigKeys (ConfUtils.java:logGet(43)) - raft.server.log.statemachine.data.caching.enabled = true (custom)
2019-07-13 07:39:36,113 INFO  server.RaftServerConfigKeys (ConfUtils.java:logGet(43)) - raft.server.snapshot.auto.trigger.enabled = true (custom)
2019-07-13 07:39:36,113 INFO  segmented.SegmentedRaftLogWorker (SegmentedRaftLogWorker.java:lambda$new$0(132)) - 687735de-0bff-44bf-8b08-cd771def1d24-SegmentedRaftLogWorker:Storage Directory /tmp/workdir/hadoop-ozone/integration-test/target/test-dir/MiniOzoneClusterImpl-5db8d0d9-7b2e-49d0-b294-9cc54400926c/datanode-0/data/ratis/16c2ca4a-2fb0-44d4-9f4b-51c9f9b3c848: flushIndex: setUnconditionally 0 -> -1
2019-07-13 07:39:36,113 INFO  server.RaftServerConfigKeys (ConfUtils.java:logGet(43)) - raft.server.snapshot.auto.trigger.threshold = 10000 (custom)
2019-07-13 07:39:36,113 INFO  server.RaftServerConfigKeys (ConfUtils.java:logGet(43)) - raft.server.retrycache.expirytime = 600000ms (custom)
2019-07-13 07:39:36,113 INFO  server.RaftServerConfigKeys (ConfUtils.java:logGet(43)) - raft.server.snapshot.auto.trigger.enabled = true (custom)
2019-07-13 07:39:36,114 INFO  impl.RaftServerImpl (RaftServerImpl.java:start(180)) - 2a903e71-8982-4465-9171-f1a05d214b1a: start group-51C9F9B3C848
2019-07-13 07:39:36,114 INFO  server.RaftServerConfigKeys (ConfUtils.java:logGet(43)) - raft.server.snapshot.auto.trigger.threshold = 10000 (custom)
2019-07-13 07:39:36,114 INFO  impl.RaftServerImpl (RaftServerImpl.java:setRole(171)) - 2a903e71-8982-4465-9171-f1a05d214b1a:group-51C9F9B3C848 changes role from null to FOLLOWER at term 0 for startAsFollower
2019-07-13 07:39:36,114 INFO  server.RaftServerConfigKeys (ConfUtils.java:logGet(43)) - raft.server.retrycache.expirytime = 600000ms (custom)
2019-07-13 07:39:36,114 INFO  impl.RoleInfo (RoleInfo.java:updateAndGet(143)) - 2a903e71-8982-4465-9171-f1a05d214b1a: start FollowerState
2019-07-13 07:39:36,114 INFO  impl.RaftServerImpl (RaftServerImpl.java:start(180)) - 687735de-0bff-44bf-8b08-cd771def1d24: start group-51C9F9B3C848
2019-07-13 07:39:36,114 INFO  impl.RaftServerImpl (RaftServerImpl.java:setRole(171)) - 687735de-0bff-44bf-8b08-cd771def1d24:group-51C9F9B3C848 changes role from null to FOLLOWER at term 0 for startAsFollower
2019-07-13 07:39:36,115 INFO  impl.RoleInfo (RoleInfo.java:updateAndGet(143)) - 687735de-0bff-44bf-8b08-cd771def1d24: start FollowerState
2019-07-13 07:39:36,115 INFO  util.JmxRegister (JmxRegister.java:tryRegister(44)) - Successfully registered JMX Bean with object name Ratis:service=RaftServer,group=group-51C9F9B3C848,id=2a903e71-8982-4465-9171-f1a05d214b1a
2019-07-13 07:39:36,115 INFO  util.JmxRegister (JmxRegister.java:tryRegister(44)) - Successfully registered JMX Bean with object name Ratis:service=RaftServer,group=group-51C9F9B3C848,id=687735de-0bff-44bf-8b08-cd771def1d24
2019-07-13 07:39:36,117 INFO  pipeline.PipelineStateManager (PipelineStateManager.java:addPipeline(56)) - Created pipeline Pipeline[ Id: 16c2ca4a-2fb0-44d4-9f4b-51c9f9b3c848, Nodes: 9d7ca9e8-4eb3-4ba1-8fc6-d0f91e5ce981{ip: 192.168.69.84, host: trunk-nightly-9lh4p-2362225927, networkLocation: /default-rack, certSerialId: null}2a903e71-8982-4465-9171-f1a05d214b1a{ip: 192.168.69.84, host: trunk-nightly-9lh4p-2362225927, networkLocation: /default-rack, certSerialId: null}687735de-0bff-44bf-8b08-cd771def1d24{ip: 192.168.69.84, host: trunk-nightly-9lh4p-2362225927, networkLocation: /default-rack, certSerialId: null}, Type:RATIS, Factor:THREE, State:OPEN]
2019-07-13 07:39:36,254 INFO  node.SCMNodeManager (SCMNodeManager.java:register(269)) - Registered Data node : 9ea7eee3-32e7-4b40-8531-82df8ed04587{ip: 192.168.69.84, host: trunk-nightly-9lh4p-2362225927, networkLocation: /default-rack, certSerialId: null}
2019-07-13 07:39:36,262 INFO  impl.RaftServerProxy (RaftServerProxy.java:addNew(89)) - 9ea7eee3-32e7-4b40-8531-82df8ed04587: addNew group-CD984BA8D433:[9ea7eee3-32e7-4b40-8531-82df8ed04587:192.168.69.84:38764] returns group-CD984BA8D433:java.util.concurrent.CompletableFuture@55a6442a[Not completed]
2019-07-13 07:39:36,263 INFO  impl.RaftServerImpl (RaftServerImpl.java:<init>(93)) - 9ea7eee3-32e7-4b40-8531-82df8ed04587: new RaftServerImpl for group-CD984BA8D433:[9ea7eee3-32e7-4b40-8531-82df8ed04587:192.168.69.84:38764] with ContainerStateMachine:uninitialized
2019-07-13 07:39:36,263 INFO  server.RaftServerConfigKeys (ConfUtils.java:logGet(43)) - raft.server.rpc.timeout.min = 5s (custom)
2019-07-13 07:39:36,263 INFO  server.RaftServerConfigKeys (ConfUtils.java:logGet(43)) - raft.server.rpc.timeout.max = 5200ms (custom)
2019-07-13 07:39:36,263 INFO  server.RaftServerConfigKeys (ConfUtils.java:logGet(43)) - raft.server.rpcslowness.timeout = 120s (custom)
2019-07-13 07:39:36,263 INFO  server.RaftServerConfigKeys (ConfUtils.java:logGet(43)) - raft.server.sleep.deviation.threshold = 300 (default)
2019-07-13 07:39:36,263 INFO  server.RaftServerConfigKeys (ConfUtils.java:logGet(43)) - raft.server.log.appender.install.snapshot.enabled = false (custom)
2019-07-13 07:39:36,263 INFO  impl.RaftServerImpl (ServerState.java:<init>(105)) - 9ea7eee3-32e7-4b40-8531-82df8ed04587:group-CD984BA8D433 ConfigurationManager, init=-1: [9ea7eee3-32e7-4b40-8531-82df8ed04587:192.168.69.84:38764], old=null, confs=<EMPTY_MAP>
2019-07-13 07:39:36,264 INFO  server.RaftServerConfigKeys (ConfUtils.java:logGet(43)) - raft.server.storage.dir = [/tmp/workdir/hadoop-ozone/integration-test/target/test-dir/MiniOzoneClusterImpl-5db8d0d9-7b2e-49d0-b294-9cc54400926c/datanode-3/data/ratis] (custom)
2019-07-13 07:39:36,264 INFO  storage.RaftStorageDirectory (RaftStorageDirectory.java:analyzeStorage(246)) - The storage directory /tmp/workdir/hadoop-ozone/integration-test/target/test-dir/MiniOzoneClusterImpl-5db8d0d9-7b2e-49d0-b294-9cc54400926c/datanode-3/data/ratis/5fd74f65-bf9c-4d61-957f-cd984ba8d433 does not exist. Creating ...
2019-07-13 07:39:36,278 INFO  storage.RaftStorageDirectory (RaftStorageDirectory.java:tryLock(328)) - Lock on /tmp/workdir/hadoop-ozone/integration-test/target/test-dir/MiniOzoneClusterImpl-5db8d0d9-7b2e-49d0-b294-9cc54400926c/datanode-3/data/ratis/5fd74f65-bf9c-4d61-957f-cd984ba8d433/in_use.lock acquired by nodename 29913@trunk-nightly-9lh4p-2362225927
2019-07-13 07:39:36,291 INFO  storage.RaftStorage (RaftStorage.java:format(72)) - Storage directory /tmp/workdir/hadoop-ozone/integration-test/target/test-dir/MiniOzoneClusterImpl-5db8d0d9-7b2e-49d0-b294-9cc54400926c/datanode-3/data/ratis/5fd74f65-bf9c-4d61-957f-cd984ba8d433 has been successfully formatted.
2019-07-13 07:39:36,291 INFO  ratis.ContainerStateMachine (ContainerStateMachine.java:loadSnapshot(200)) - The snapshot info is null.Setting the last applied index to:(t:0, i:~)
2019-07-13 07:39:36,291 INFO  server.RaftServerConfigKeys (ConfUtils.java:logGet(43)) - raft.server.leader.election.timeout = 120s (custom)
2019-07-13 07:39:36,291 INFO  server.RaftServerConfigKeys (ConfUtils.java:logGet(43)) - raft.server.log.use.memory = false (default)
2019-07-13 07:39:36,292 INFO  server.RaftServerConfigKeys (ConfUtils.java:logGet(43)) - raft.server.log.purge.gap = 1000000000 (custom)
2019-07-13 07:39:36,292 INFO  server.RaftServerConfigKeys (ConfUtils.java:logGet(43)) - raft.server.log.appender.buffer.byte-limit = 33554432 (custom)
2019-07-13 07:39:36,292 INFO  server.RaftServerConfigKeys (ConfUtils.java:logGet(43)) - raft.server.log.segment.size.max = 1048576 (custom)
2019-07-13 07:39:36,292 INFO  server.RaftServerConfigKeys (ConfUtils.java:logGet(43)) - raft.server.log.segment.cache.num.max = 2 (custom)
2019-07-13 07:39:36,292 INFO  segmented.SegmentedRaftLogWorker (SegmentedRaftLogWorker.java:<init>(172)) - new 9ea7eee3-32e7-4b40-8531-82df8ed04587-SegmentedRaftLogWorker:Storage Directory /tmp/workdir/hadoop-ozone/integration-test/target/test-dir/MiniOzoneClusterImpl-5db8d0d9-7b2e-49d0-b294-9cc54400926c/datanode-3/data/ratis/5fd74f65-bf9c-4d61-957f-cd984ba8d433 for RaftStorage:Storage Directory /tmp/workdir/hadoop-ozone/integration-test/target/test-dir/MiniOzoneClusterImpl-5db8d0d9-7b2e-49d0-b294-9cc54400926c/datanode-3/data/ratis/5fd74f65-bf9c-4d61-957f-cd984ba8d433
2019-07-13 07:39:36,292 INFO  server.RaftServerConfigKeys (ConfUtils.java:logGet(43)) - raft.server.log.queue.byte-limit = 2147483647 (custom)
2019-07-13 07:39:36,293 INFO  server.RaftServerConfigKeys (ConfUtils.java:logGet(43)) - raft.server.log.queue.element-limit = 1024 (custom)
2019-07-13 07:39:36,293 INFO  server.RaftServerConfigKeys (ConfUtils.java:logGet(43)) - raft.server.log.segment.size.max = 1048576 (custom)
2019-07-13 07:39:36,293 INFO  server.RaftServerConfigKeys (ConfUtils.java:logGet(43)) - raft.server.log.preallocated.size = 16384 (custom)
2019-07-13 07:39:36,293 INFO  server.RaftServerConfigKeys (ConfUtils.java:logGet(43)) - raft.server.log.write.buffer.size = 33554432 (custom)
2019-07-13 07:39:36,293 INFO  server.RaftServerConfigKeys (ConfUtils.java:logGet(43)) - raft.server.log.force.sync.num = 128 (default)
2019-07-13 07:39:36,293 INFO  server.RaftServerConfigKeys (ConfUtils.java:logGet(43)) - raft.server.log.statemachine.data.sync = true (default)
2019-07-13 07:39:36,294 INFO  server.RaftServerConfigKeys (ConfUtils.java:logGet(43)) - raft.server.log.statemachine.data.sync.timeout = 10s (default)
2019-07-13 07:39:36,294 INFO  server.RaftServerConfigKeys (ConfUtils.java:logGet(43)) - raft.server.log.statemachine.data.sync.timeout.retry = -1 (default)
2019-07-13 07:39:36,294 INFO  server.RaftServerConfigKeys (ConfUtils.java:logGet(43)) - raft.server.log.statemachine.data.caching.enabled = true (custom)
2019-07-13 07:39:36,294 INFO  segmented.SegmentedRaftLogWorker (SegmentedRaftLogWorker.java:lambda$new$0(132)) - 9ea7eee3-32e7-4b40-8531-82df8ed04587-SegmentedRaftLogWorker:Storage Directory /tmp/workdir/hadoop-ozone/integration-test/target/test-dir/MiniOzoneClusterImpl-5db8d0d9-7b2e-49d0-b294-9cc54400926c/datanode-3/data/ratis/5fd74f65-bf9c-4d61-957f-cd984ba8d433: flushIndex: setUnconditionally 0 -> -1
2019-07-13 07:39:36,295 INFO  server.RaftServerConfigKeys (ConfUtils.java:logGet(43)) - raft.server.snapshot.auto.trigger.enabled = true (custom)
2019-07-13 07:39:36,295 INFO  server.RaftServerConfigKeys (ConfUtils.java:logGet(43)) - raft.server.snapshot.auto.trigger.threshold = 10000 (custom)
2019-07-13 07:39:36,295 INFO  server.RaftServerConfigKeys (ConfUtils.java:logGet(43)) - raft.server.retrycache.expirytime = 600000ms (custom)
2019-07-13 07:39:36,295 INFO  impl.RaftServerImpl (RaftServerImpl.java:start(180)) - 9ea7eee3-32e7-4b40-8531-82df8ed04587: start group-CD984BA8D433
2019-07-13 07:39:36,295 INFO  impl.RaftServerImpl (RaftServerImpl.java:setRole(171)) - 9ea7eee3-32e7-4b40-8531-82df8ed04587:group-CD984BA8D433 changes role from null to FOLLOWER at term 0 for startAsFollower
2019-07-13 07:39:36,296 INFO  impl.RoleInfo (RoleInfo.java:updateAndGet(143)) - 9ea7eee3-32e7-4b40-8531-82df8ed04587: start FollowerState
2019-07-13 07:39:36,306 INFO  util.JmxRegister (JmxRegister.java:tryRegister(44)) - Successfully registered JMX Bean with object name Ratis:service=RaftServer,group=group-CD984BA8D433,id=9ea7eee3-32e7-4b40-8531-82df8ed04587
2019-07-13 07:39:36,317 INFO  pipeline.PipelineStateManager (PipelineStateManager.java:addPipeline(56)) - Created pipeline Pipeline[ Id: 5fd74f65-bf9c-4d61-957f-cd984ba8d433, Nodes: 9ea7eee3-32e7-4b40-8531-82df8ed04587{ip: 192.168.69.84, host: trunk-nightly-9lh4p-2362225927, networkLocation: /default-rack, certSerialId: null}, Type:RATIS, Factor:ONE, State:OPEN]
2019-07-13 07:39:36,489 INFO  node.SCMNodeManager (SCMNodeManager.java:register(269)) - Registered Data node : 4bd246ec-e959-4af3-9aa7-18f26941d8d8{ip: 192.168.69.84, host: trunk-nightly-9lh4p-2362225927, networkLocation: /default-rack, certSerialId: null}
2019-07-13 07:39:36,496 INFO  impl.RaftServerProxy (RaftServerProxy.java:addNew(89)) - 4bd246ec-e959-4af3-9aa7-18f26941d8d8: addNew group-E603B38D920E:[4bd246ec-e959-4af3-9aa7-18f26941d8d8:192.168.69.84:32792] returns group-E603B38D920E:java.util.concurrent.CompletableFuture@270a8fdf[Not completed]
2019-07-13 07:39:36,497 INFO  impl.RaftServerImpl (RaftServerImpl.java:<init>(93)) - 4bd246ec-e959-4af3-9aa7-18f26941d8d8: new RaftServerImpl for group-E603B38D920E:[4bd246ec-e959-4af3-9aa7-18f26941d8d8:192.168.69.84:32792] with ContainerStateMachine:uninitialized
2019-07-13 07:39:36,497 INFO  server.RaftServerConfigKeys (ConfUtils.java:logGet(43)) - raft.server.rpc.timeout.min = 5s (custom)
2019-07-13 07:39:36,497 INFO  server.RaftServerConfigKeys (ConfUtils.java:logGet(43)) - raft.server.rpc.timeout.max = 5200ms (custom)
2019-07-13 07:39:36,497 INFO  server.RaftServerConfigKeys (ConfUtils.java:logGet(43)) - raft.server.rpcslowness.timeout = 120s (custom)
2019-07-13 07:39:36,497 INFO  server.RaftServerConfigKeys (ConfUtils.java:logGet(43)) - raft.server.sleep.deviation.threshold = 300 (default)
2019-07-13 07:39:36,498 INFO  server.RaftServerConfigKeys (ConfUtils.java:logGet(43)) - raft.server.log.appender.install.snapshot.enabled = false (custom)
2019-07-13 07:39:36,498 INFO  impl.RaftServerImpl (ServerState.java:<init>(105)) - 4bd246ec-e959-4af3-9aa7-18f26941d8d8:group-E603B38D920E ConfigurationManager, init=-1: [4bd246ec-e959-4af3-9aa7-18f26941d8d8:192.168.69.84:32792], old=null, confs=<EMPTY_MAP>
2019-07-13 07:39:36,498 INFO  server.RaftServerConfigKeys (ConfUtils.java:logGet(43)) - raft.server.storage.dir = [/tmp/workdir/hadoop-ozone/integration-test/target/test-dir/MiniOzoneClusterImpl-5db8d0d9-7b2e-49d0-b294-9cc54400926c/datanode-4/data/ratis] (custom)
2019-07-13 07:39:36,498 INFO  storage.RaftStorageDirectory (RaftStorageDirectory.java:analyzeStorage(246)) - The storage directory /tmp/workdir/hadoop-ozone/integration-test/target/test-dir/MiniOzoneClusterImpl-5db8d0d9-7b2e-49d0-b294-9cc54400926c/datanode-4/data/ratis/9af0c402-cf6e-4da2-877e-e603b38d920e does not exist. Creating ...
2019-07-13 07:39:36,524 INFO  storage.RaftStorageDirectory (RaftStorageDirectory.java:tryLock(328)) - Lock on /tmp/workdir/hadoop-ozone/integration-test/target/test-dir/MiniOzoneClusterImpl-5db8d0d9-7b2e-49d0-b294-9cc54400926c/datanode-4/data/ratis/9af0c402-cf6e-4da2-877e-e603b38d920e/in_use.lock acquired by nodename 29913@trunk-nightly-9lh4p-2362225927
2019-07-13 07:39:36,537 INFO  storage.RaftStorage (RaftStorage.java:format(72)) - Storage directory /tmp/workdir/hadoop-ozone/integration-test/target/test-dir/MiniOzoneClusterImpl-5db8d0d9-7b2e-49d0-b294-9cc54400926c/datanode-4/data/ratis/9af0c402-cf6e-4da2-877e-e603b38d920e has been successfully formatted.
2019-07-13 07:39:36,538 INFO  ratis.ContainerStateMachine (ContainerStateMachine.java:loadSnapshot(200)) - The snapshot info is null.Setting the last applied index to:(t:0, i:~)
2019-07-13 07:39:36,538 INFO  server.RaftServerConfigKeys (ConfUtils.java:logGet(43)) - raft.server.leader.election.timeout = 120s (custom)
2019-07-13 07:39:36,538 INFO  server.RaftServerConfigKeys (ConfUtils.java:logGet(43)) - raft.server.log.use.memory = false (default)
2019-07-13 07:39:36,538 INFO  server.RaftServerConfigKeys (ConfUtils.java:logGet(43)) - raft.server.log.purge.gap = 1000000000 (custom)
2019-07-13 07:39:36,538 INFO  server.RaftServerConfigKeys (ConfUtils.java:logGet(43)) - raft.server.log.appender.buffer.byte-limit = 33554432 (custom)
2019-07-13 07:39:36,538 INFO  server.RaftServerConfigKeys (ConfUtils.java:logGet(43)) - raft.server.log.segment.size.max = 1048576 (custom)
2019-07-13 07:39:36,538 INFO  server.RaftServerConfigKeys (ConfUtils.java:logGet(43)) - raft.server.log.segment.cache.num.max = 2 (custom)
2019-07-13 07:39:36,539 INFO  segmented.SegmentedRaftLogWorker (SegmentedRaftLogWorker.java:<init>(172)) - new 4bd246ec-e959-4af3-9aa7-18f26941d8d8-SegmentedRaftLogWorker:Storage Directory /tmp/workdir/hadoop-ozone/integration-test/target/test-dir/MiniOzoneClusterImpl-5db8d0d9-7b2e-49d0-b294-9cc54400926c/datanode-4/data/ratis/9af0c402-cf6e-4da2-877e-e603b38d920e for RaftStorage:Storage Directory /tmp/workdir/hadoop-ozone/integration-test/target/test-dir/MiniOzoneClusterImpl-5db8d0d9-7b2e-49d0-b294-9cc54400926c/datanode-4/data/ratis/9af0c402-cf6e-4da2-877e-e603b38d920e
2019-07-13 07:39:36,539 INFO  server.RaftServerConfigKeys (ConfUtils.java:logGet(43)) - raft.server.log.queue.byte-limit = 2147483647 (custom)
2019-07-13 07:39:36,539 INFO  server.RaftServerConfigKeys (ConfUtils.java:logGet(43)) - raft.server.log.queue.element-limit = 1024 (custom)
2019-07-13 07:39:36,539 INFO  server.RaftServerConfigKeys (ConfUtils.java:logGet(43)) - raft.server.log.segment.size.max = 1048576 (custom)
2019-07-13 07:39:36,539 INFO  server.RaftServerConfigKeys (ConfUtils.java:logGet(43)) - raft.server.log.preallocated.size = 16384 (custom)
2019-07-13 07:39:36,539 INFO  server.RaftServerConfigKeys (ConfUtils.java:logGet(43)) - raft.server.log.write.buffer.size = 33554432 (custom)
2019-07-13 07:39:36,540 INFO  server.RaftServerConfigKeys (ConfUtils.java:logGet(43)) - raft.server.log.force.sync.num = 128 (default)
2019-07-13 07:39:36,540 INFO  server.RaftServerConfigKeys (ConfUtils.java:logGet(43)) - raft.server.log.statemachine.data.sync = true (default)
2019-07-13 07:39:36,540 INFO  server.RaftServerConfigKeys (ConfUtils.java:logGet(43)) - raft.server.log.statemachine.data.sync.timeout = 10s (default)
2019-07-13 07:39:36,540 INFO  server.RaftServerConfigKeys (ConfUtils.java:logGet(43)) - raft.server.log.statemachine.data.sync.timeout.retry = -1 (default)
2019-07-13 07:39:36,541 INFO  server.RaftServerConfigKeys (ConfUtils.java:logGet(43)) - raft.server.log.statemachine.data.caching.enabled = true (custom)
2019-07-13 07:39:36,541 INFO  segmented.SegmentedRaftLogWorker (SegmentedRaftLogWorker.java:lambda$new$0(132)) - 4bd246ec-e959-4af3-9aa7-18f26941d8d8-SegmentedRaftLogWorker:Storage Directory /tmp/workdir/hadoop-ozone/integration-test/target/test-dir/MiniOzoneClusterImpl-5db8d0d9-7b2e-49d0-b294-9cc54400926c/datanode-4/data/ratis/9af0c402-cf6e-4da2-877e-e603b38d920e: flushIndex: setUnconditionally 0 -> -1
2019-07-13 07:39:36,541 INFO  server.RaftServerConfigKeys (ConfUtils.java:logGet(43)) - raft.server.snapshot.auto.trigger.enabled = true (custom)
2019-07-13 07:39:36,541 INFO  server.RaftServerConfigKeys (ConfUtils.java:logGet(43)) - raft.server.snapshot.auto.trigger.threshold = 10000 (custom)
2019-07-13 07:39:36,542 INFO  server.RaftServerConfigKeys (ConfUtils.java:logGet(43)) - raft.server.retrycache.expirytime = 600000ms (custom)
2019-07-13 07:39:36,542 INFO  impl.RaftServerImpl (RaftServerImpl.java:start(180)) - 4bd246ec-e959-4af3-9aa7-18f26941d8d8: start group-E603B38D920E
2019-07-13 07:39:36,542 INFO  impl.RaftServerImpl (RaftServerImpl.java:setRole(171)) - 4bd246ec-e959-4af3-9aa7-18f26941d8d8:group-E603B38D920E changes role from null to FOLLOWER at term 0 for startAsFollower
2019-07-13 07:39:36,542 INFO  impl.RoleInfo (RoleInfo.java:updateAndGet(143)) - 4bd246ec-e959-4af3-9aa7-18f26941d8d8: start FollowerState
2019-07-13 07:39:36,543 INFO  util.JmxRegister (JmxRegister.java:tryRegister(44)) - Successfully registered JMX Bean with object name Ratis:service=RaftServer,group=group-E603B38D920E,id=4bd246ec-e959-4af3-9aa7-18f26941d8d8
2019-07-13 07:39:36,545 INFO  pipeline.PipelineStateManager (PipelineStateManager.java:addPipeline(56)) - Created pipeline Pipeline[ Id: 9af0c402-cf6e-4da2-877e-e603b38d920e, Nodes: 4bd246ec-e959-4af3-9aa7-18f26941d8d8{ip: 192.168.69.84, host: trunk-nightly-9lh4p-2362225927, networkLocation: /default-rack, certSerialId: null}, Type:RATIS, Factor:ONE, State:OPEN]
2019-07-13 07:39:36,691 INFO  node.SCMNodeManager (SCMNodeManager.java:register(269)) - Registered Data node : 5b40d400-85e7-46b6-8046-09737cd51629{ip: 192.168.69.84, host: trunk-nightly-9lh4p-2362225927, networkLocation: /default-rack, certSerialId: null}
2019-07-13 07:39:36,698 INFO  impl.RaftServerProxy (RaftServerProxy.java:addNew(89)) - 5b40d400-85e7-46b6-8046-09737cd51629: addNew group-030A28EDD18C:[5b40d400-85e7-46b6-8046-09737cd51629:192.168.69.84:44726] returns group-030A28EDD18C:java.util.concurrent.CompletableFuture@6a6dd306[Not completed]
2019-07-13 07:39:36,699 INFO  impl.RaftServerImpl (RaftServerImpl.java:<init>(93)) - 5b40d400-85e7-46b6-8046-09737cd51629: new RaftServerImpl for group-030A28EDD18C:[5b40d400-85e7-46b6-8046-09737cd51629:192.168.69.84:44726] with ContainerStateMachine:uninitialized
2019-07-13 07:39:36,699 INFO  server.RaftServerConfigKeys (ConfUtils.java:logGet(43)) - raft.server.rpc.timeout.min = 5s (custom)
2019-07-13 07:39:36,700 INFO  server.RaftServerConfigKeys (ConfUtils.java:logGet(43)) - raft.server.rpc.timeout.max = 5200ms (custom)
2019-07-13 07:39:36,700 INFO  server.RaftServerConfigKeys (ConfUtils.java:logGet(43)) - raft.server.rpcslowness.timeout = 120s (custom)
2019-07-13 07:39:36,700 INFO  server.RaftServerConfigKeys (ConfUtils.java:logGet(43)) - raft.server.sleep.deviation.threshold = 300 (default)
2019-07-13 07:39:36,700 INFO  server.RaftServerConfigKeys (ConfUtils.java:logGet(43)) - raft.server.log.appender.install.snapshot.enabled = false (custom)
2019-07-13 07:39:36,700 INFO  impl.RaftServerImpl (ServerState.java:<init>(105)) - 5b40d400-85e7-46b6-8046-09737cd51629:group-030A28EDD18C ConfigurationManager, init=-1: [5b40d400-85e7-46b6-8046-09737cd51629:192.168.69.84:44726], old=null, confs=<EMPTY_MAP>
2019-07-13 07:39:36,700 INFO  server.RaftServerConfigKeys (ConfUtils.java:logGet(43)) - raft.server.storage.dir = [/tmp/workdir/hadoop-ozone/integration-test/target/test-dir/MiniOzoneClusterImpl-5db8d0d9-7b2e-49d0-b294-9cc54400926c/datanode-5/data/ratis] (custom)
2019-07-13 07:39:36,702 INFO  storage.RaftStorageDirectory (RaftStorageDirectory.java:analyzeStorage(246)) - The storage directory /tmp/workdir/hadoop-ozone/integration-test/target/test-dir/MiniOzoneClusterImpl-5db8d0d9-7b2e-49d0-b294-9cc54400926c/datanode-5/data/ratis/70552070-a19d-408f-9f4b-030a28edd18c does not exist. Creating ...
2019-07-13 07:39:36,715 INFO  storage.RaftStorageDirectory (RaftStorageDirectory.java:tryLock(328)) - Lock on /tmp/workdir/hadoop-ozone/integration-test/target/test-dir/MiniOzoneClusterImpl-5db8d0d9-7b2e-49d0-b294-9cc54400926c/datanode-5/data/ratis/70552070-a19d-408f-9f4b-030a28edd18c/in_use.lock acquired by nodename 29913@trunk-nightly-9lh4p-2362225927
2019-07-13 07:39:36,728 INFO  storage.RaftStorage (RaftStorage.java:format(72)) - Storage directory /tmp/workdir/hadoop-ozone/integration-test/target/test-dir/MiniOzoneClusterImpl-5db8d0d9-7b2e-49d0-b294-9cc54400926c/datanode-5/data/ratis/70552070-a19d-408f-9f4b-030a28edd18c has been successfully formatted.
2019-07-13 07:39:36,728 INFO  ratis.ContainerStateMachine (ContainerStateMachine.java:loadSnapshot(200)) - The snapshot info is null.Setting the last applied index to:(t:0, i:~)
2019-07-13 07:39:36,728 INFO  server.RaftServerConfigKeys (ConfUtils.java:logGet(43)) - raft.server.leader.election.timeout = 120s (custom)
2019-07-13 07:39:36,728 INFO  server.RaftServerConfigKeys (ConfUtils.java:logGet(43)) - raft.server.log.use.memory = false (default)
2019-07-13 07:39:36,728 INFO  server.RaftServerConfigKeys (ConfUtils.java:logGet(43)) - raft.server.log.purge.gap = 1000000000 (custom)
2019-07-13 07:39:36,729 INFO  server.RaftServerConfigKeys (ConfUtils.java:logGet(43)) - raft.server.log.appender.buffer.byte-limit = 33554432 (custom)
2019-07-13 07:39:36,729 INFO  server.RaftServerConfigKeys (ConfUtils.java:logGet(43)) - raft.server.log.segment.size.max = 1048576 (custom)
2019-07-13 07:39:36,729 INFO  server.RaftServerConfigKeys (ConfUtils.java:logGet(43)) - raft.server.log.segment.cache.num.max = 2 (custom)
2019-07-13 07:39:36,729 INFO  segmented.SegmentedRaftLogWorker (SegmentedRaftLogWorker.java:<init>(172)) - new 5b40d400-85e7-46b6-8046-09737cd51629-SegmentedRaftLogWorker:Storage Directory /tmp/workdir/hadoop-ozone/integration-test/target/test-dir/MiniOzoneClusterImpl-5db8d0d9-7b2e-49d0-b294-9cc54400926c/datanode-5/data/ratis/70552070-a19d-408f-9f4b-030a28edd18c for RaftStorage:Storage Directory /tmp/workdir/hadoop-ozone/integration-test/target/test-dir/MiniOzoneClusterImpl-5db8d0d9-7b2e-49d0-b294-9cc54400926c/datanode-5/data/ratis/70552070-a19d-408f-9f4b-030a28edd18c
2019-07-13 07:39:36,729 INFO  server.RaftServerConfigKeys (ConfUtils.java:logGet(43)) - raft.server.log.queue.byte-limit = 2147483647 (custom)
2019-07-13 07:39:36,729 INFO  server.RaftServerConfigKeys (ConfUtils.java:logGet(43)) - raft.server.log.queue.element-limit = 1024 (custom)
2019-07-13 07:39:36,730 INFO  server.RaftServerConfigKeys (ConfUtils.java:logGet(43)) - raft.server.log.segment.size.max = 1048576 (custom)
2019-07-13 07:39:36,730 INFO  server.RaftServerConfigKeys (ConfUtils.java:logGet(43)) - raft.server.log.preallocated.size = 16384 (custom)
2019-07-13 07:39:36,730 INFO  server.RaftServerConfigKeys (ConfUtils.java:logGet(43)) - raft.server.log.write.buffer.size = 33554432 (custom)
2019-07-13 07:39:36,730 INFO  server.RaftServerConfigKeys (ConfUtils.java:logGet(43)) - raft.server.log.force.sync.num = 128 (default)
2019-07-13 07:39:36,730 INFO  server.RaftServerConfigKeys (ConfUtils.java:logGet(43)) - raft.server.log.statemachine.data.sync = true (default)
2019-07-13 07:39:36,730 INFO  server.RaftServerConfigKeys (ConfUtils.java:logGet(43)) - raft.server.log.statemachine.data.sync.timeout = 10s (default)
2019-07-13 07:39:36,730 INFO  server.RaftServerConfigKeys (ConfUtils.java:logGet(43)) - raft.server.log.statemachine.data.sync.timeout.retry = -1 (default)
2019-07-13 07:39:36,731 INFO  server.RaftServerConfigKeys (ConfUtils.java:logGet(43)) - raft.server.log.statemachine.data.caching.enabled = true (custom)
2019-07-13 07:39:36,731 INFO  segmented.SegmentedRaftLogWorker (SegmentedRaftLogWorker.java:lambda$new$0(132)) - 5b40d400-85e7-46b6-8046-09737cd51629-SegmentedRaftLogWorker:Storage Directory /tmp/workdir/hadoop-ozone/integration-test/target/test-dir/MiniOzoneClusterImpl-5db8d0d9-7b2e-49d0-b294-9cc54400926c/datanode-5/data/ratis/70552070-a19d-408f-9f4b-030a28edd18c: flushIndex: setUnconditionally 0 -> -1
2019-07-13 07:39:36,731 INFO  server.RaftServerConfigKeys (ConfUtils.java:logGet(43)) - raft.server.snapshot.auto.trigger.enabled = true (custom)
2019-07-13 07:39:36,731 INFO  server.RaftServerConfigKeys (ConfUtils.java:logGet(43)) - raft.server.snapshot.auto.trigger.threshold = 10000 (custom)
2019-07-13 07:39:36,732 INFO  server.RaftServerConfigKeys (ConfUtils.java:logGet(43)) - raft.server.retrycache.expirytime = 600000ms (custom)
2019-07-13 07:39:36,732 INFO  impl.RaftServerImpl (RaftServerImpl.java:start(180)) - 5b40d400-85e7-46b6-8046-09737cd51629: start group-030A28EDD18C
2019-07-13 07:39:36,732 INFO  impl.RaftServerImpl (RaftServerImpl.java:setRole(171)) - 5b40d400-85e7-46b6-8046-09737cd51629:group-030A28EDD18C changes role from null to FOLLOWER at term 0 for startAsFollower
2019-07-13 07:39:36,732 INFO  impl.RoleInfo (RoleInfo.java:updateAndGet(143)) - 5b40d400-85e7-46b6-8046-09737cd51629: start FollowerState
2019-07-13 07:39:36,732 INFO  util.JmxRegister (JmxRegister.java:tryRegister(44)) - Successfully registered JMX Bean with object name Ratis:service=RaftServer,group=group-030A28EDD18C,id=5b40d400-85e7-46b6-8046-09737cd51629
2019-07-13 07:39:36,734 INFO  pipeline.PipelineStateManager (PipelineStateManager.java:addPipeline(56)) - Created pipeline Pipeline[ Id: 70552070-a19d-408f-9f4b-030a28edd18c, Nodes: 5b40d400-85e7-46b6-8046-09737cd51629{ip: 192.168.69.84, host: trunk-nightly-9lh4p-2362225927, networkLocation: /default-rack, certSerialId: null}, Type:RATIS, Factor:ONE, State:OPEN]
2019-07-13 07:39:36,748 INFO  impl.RaftServerProxy (RaftServerProxy.java:addNew(89)) - 4bd246ec-e959-4af3-9aa7-18f26941d8d8: addNew group-815C21743DE3:[4bd246ec-e959-4af3-9aa7-18f26941d8d8:192.168.69.84:32792, 5b40d400-85e7-46b6-8046-09737cd51629:192.168.69.84:44726, 9ea7eee3-32e7-4b40-8531-82df8ed04587:192.168.69.84:38764] returns group-815C21743DE3:java.util.concurrent.CompletableFuture@577b6ad5[Not completed]
2019-07-13 07:39:36,748 INFO  impl.RaftServerProxy (RaftServerProxy.java:addNew(89)) - 5b40d400-85e7-46b6-8046-09737cd51629: addNew group-815C21743DE3:[4bd246ec-e959-4af3-9aa7-18f26941d8d8:192.168.69.84:32792, 5b40d400-85e7-46b6-8046-09737cd51629:192.168.69.84:44726, 9ea7eee3-32e7-4b40-8531-82df8ed04587:192.168.69.84:38764] returns group-815C21743DE3:java.util.concurrent.CompletableFuture@950ecd6[Not completed]
2019-07-13 07:39:36,748 INFO  impl.RaftServerProxy (RaftServerProxy.java:addNew(89)) - 9ea7eee3-32e7-4b40-8531-82df8ed04587: addNew group-815C21743DE3:[4bd246ec-e959-4af3-9aa7-18f26941d8d8:192.168.69.84:32792, 5b40d400-85e7-46b6-8046-09737cd51629:192.168.69.84:44726, 9ea7eee3-32e7-4b40-8531-82df8ed04587:192.168.69.84:38764] returns group-815C21743DE3:java.util.concurrent.CompletableFuture@77c8fbf9[Not completed]
2019-07-13 07:39:36,749 INFO  impl.RaftServerImpl (RaftServerImpl.java:<init>(93)) - 4bd246ec-e959-4af3-9aa7-18f26941d8d8: new RaftServerImpl for group-815C21743DE3:[4bd246ec-e959-4af3-9aa7-18f26941d8d8:192.168.69.84:32792, 5b40d400-85e7-46b6-8046-09737cd51629:192.168.69.84:44726, 9ea7eee3-32e7-4b40-8531-82df8ed04587:192.168.69.84:38764] with ContainerStateMachine:uninitialized
2019-07-13 07:39:36,749 INFO  server.RaftServerConfigKeys (ConfUtils.java:logGet(43)) - raft.server.rpc.timeout.min = 5s (custom)
2019-07-13 07:39:36,750 INFO  server.RaftServerConfigKeys (ConfUtils.java:logGet(43)) - raft.server.rpc.timeout.max = 5200ms (custom)
2019-07-13 07:39:36,750 INFO  server.RaftServerConfigKeys (ConfUtils.java:logGet(43)) - raft.server.rpcslowness.timeout = 120s (custom)
2019-07-13 07:39:36,750 INFO  impl.RaftServerImpl (RaftServerImpl.java:<init>(93)) - 5b40d400-85e7-46b6-8046-09737cd51629: new RaftServerImpl for group-815C21743DE3:[4bd246ec-e959-4af3-9aa7-18f26941d8d8:192.168.69.84:32792, 5b40d400-85e7-46b6-8046-09737cd51629:192.168.69.84:44726, 9ea7eee3-32e7-4b40-8531-82df8ed04587:192.168.69.84:38764] with ContainerStateMachine:uninitialized
2019-07-13 07:39:36,750 INFO  server.RaftServerConfigKeys (ConfUtils.java:logGet(43)) - raft.server.sleep.deviation.threshold = 300 (default)
2019-07-13 07:39:36,750 INFO  server.RaftServerConfigKeys (ConfUtils.java:logGet(43)) - raft.server.rpc.timeout.min = 5s (custom)
2019-07-13 07:39:36,750 INFO  impl.RaftServerImpl (RaftServerImpl.java:<init>(93)) - 9ea7eee3-32e7-4b40-8531-82df8ed04587: new RaftServerImpl for group-815C21743DE3:[4bd246ec-e959-4af3-9aa7-18f26941d8d8:192.168.69.84:32792, 5b40d400-85e7-46b6-8046-09737cd51629:192.168.69.84:44726, 9ea7eee3-32e7-4b40-8531-82df8ed04587:192.168.69.84:38764] with ContainerStateMachine:uninitialized
2019-07-13 07:39:36,750 INFO  server.RaftServerConfigKeys (ConfUtils.java:logGet(43)) - raft.server.log.appender.install.snapshot.enabled = false (custom)
2019-07-13 07:39:36,750 INFO  server.RaftServerConfigKeys (ConfUtils.java:logGet(43)) - raft.server.rpc.timeout.min = 5s (custom)
2019-07-13 07:39:36,750 INFO  server.RaftServerConfigKeys (ConfUtils.java:logGet(43)) - raft.server.rpc.timeout.max = 5200ms (custom)
2019-07-13 07:39:36,751 INFO  server.RaftServerConfigKeys (ConfUtils.java:logGet(43)) - raft.server.rpc.timeout.max = 5200ms (custom)
2019-07-13 07:39:36,751 INFO  server.RaftServerConfigKeys (ConfUtils.java:logGet(43)) - raft.server.rpcslowness.timeout = 120s (custom)
2019-07-13 07:39:36,750 INFO  impl.RaftServerImpl (ServerState.java:<init>(105)) - 4bd246ec-e959-4af3-9aa7-18f26941d8d8:group-815C21743DE3 ConfigurationManager, init=-1: [4bd246ec-e959-4af3-9aa7-18f26941d8d8:192.168.69.84:32792, 5b40d400-85e7-46b6-8046-09737cd51629:192.168.69.84:44726, 9ea7eee3-32e7-4b40-8531-82df8ed04587:192.168.69.84:38764], old=null, confs=<EMPTY_MAP>
2019-07-13 07:39:36,751 INFO  server.RaftServerConfigKeys (ConfUtils.java:logGet(43)) - raft.server.sleep.deviation.threshold = 300 (default)
2019-07-13 07:39:36,751 INFO  server.RaftServerConfigKeys (ConfUtils.java:logGet(43)) - raft.server.rpcslowness.timeout = 120s (custom)
2019-07-13 07:39:36,751 INFO  server.RaftServerConfigKeys (ConfUtils.java:logGet(43)) - raft.server.log.appender.install.snapshot.enabled = false (custom)
2019-07-13 07:39:36,751 INFO  server.RaftServerConfigKeys (ConfUtils.java:logGet(43)) - raft.server.storage.dir = [/tmp/workdir/hadoop-ozone/integration-test/target/test-dir/MiniOzoneClusterImpl-5db8d0d9-7b2e-49d0-b294-9cc54400926c/datanode-4/data/ratis] (custom)
2019-07-13 07:39:36,751 INFO  impl.RaftServerImpl (ServerState.java:<init>(105)) - 9ea7eee3-32e7-4b40-8531-82df8ed04587:group-815C21743DE3 ConfigurationManager, init=-1: [4bd246ec-e959-4af3-9aa7-18f26941d8d8:192.168.69.84:32792, 5b40d400-85e7-46b6-8046-09737cd51629:192.168.69.84:44726, 9ea7eee3-32e7-4b40-8531-82df8ed04587:192.168.69.84:38764], old=null, confs=<EMPTY_MAP>
2019-07-13 07:39:36,751 INFO  server.RaftServerConfigKeys (ConfUtils.java:logGet(43)) - raft.server.sleep.deviation.threshold = 300 (default)
2019-07-13 07:39:36,752 INFO  storage.RaftStorageDirectory (RaftStorageDirectory.java:analyzeStorage(246)) - The storage directory /tmp/workdir/hadoop-ozone/integration-test/target/test-dir/MiniOzoneClusterImpl-5db8d0d9-7b2e-49d0-b294-9cc54400926c/datanode-4/data/ratis/06d494d1-52e1-4438-8bfc-815c21743de3 does not exist. Creating ...
2019-07-13 07:39:36,752 INFO  server.RaftServerConfigKeys (ConfUtils.java:logGet(43)) - raft.server.storage.dir = [/tmp/workdir/hadoop-ozone/integration-test/target/test-dir/MiniOzoneClusterImpl-5db8d0d9-7b2e-49d0-b294-9cc54400926c/datanode-3/data/ratis] (custom)
2019-07-13 07:39:36,752 INFO  server.RaftServerConfigKeys (ConfUtils.java:logGet(43)) - raft.server.log.appender.install.snapshot.enabled = false (custom)
2019-07-13 07:39:36,752 INFO  impl.RaftServerImpl (ServerState.java:<init>(105)) - 5b40d400-85e7-46b6-8046-09737cd51629:group-815C21743DE3 ConfigurationManager, init=-1: [4bd246ec-e959-4af3-9aa7-18f26941d8d8:192.168.69.84:32792, 5b40d400-85e7-46b6-8046-09737cd51629:192.168.69.84:44726, 9ea7eee3-32e7-4b40-8531-82df8ed04587:192.168.69.84:38764], old=null, confs=<EMPTY_MAP>
2019-07-13 07:39:36,752 INFO  storage.RaftStorageDirectory (RaftStorageDirectory.java:analyzeStorage(246)) - The storage directory /tmp/workdir/hadoop-ozone/integration-test/target/test-dir/MiniOzoneClusterImpl-5db8d0d9-7b2e-49d0-b294-9cc54400926c/datanode-3/data/ratis/06d494d1-52e1-4438-8bfc-815c21743de3 does not exist. Creating ...
2019-07-13 07:39:36,752 INFO  server.RaftServerConfigKeys (ConfUtils.java:logGet(43)) - raft.server.storage.dir = [/tmp/workdir/hadoop-ozone/integration-test/target/test-dir/MiniOzoneClusterImpl-5db8d0d9-7b2e-49d0-b294-9cc54400926c/datanode-5/data/ratis] (custom)
2019-07-13 07:39:36,753 INFO  storage.RaftStorageDirectory (RaftStorageDirectory.java:analyzeStorage(246)) - The storage directory /tmp/workdir/hadoop-ozone/integration-test/target/test-dir/MiniOzoneClusterImpl-5db8d0d9-7b2e-49d0-b294-9cc54400926c/datanode-5/data/ratis/06d494d1-52e1-4438-8bfc-815c21743de3 does not exist. Creating ...
2019-07-13 07:39:36,765 INFO  storage.RaftStorageDirectory (RaftStorageDirectory.java:tryLock(328)) - Lock on /tmp/workdir/hadoop-ozone/integration-test/target/test-dir/MiniOzoneClusterImpl-5db8d0d9-7b2e-49d0-b294-9cc54400926c/datanode-3/data/ratis/06d494d1-52e1-4438-8bfc-815c21743de3/in_use.lock acquired by nodename 29913@trunk-nightly-9lh4p-2362225927
2019-07-13 07:39:36,765 INFO  storage.RaftStorageDirectory (RaftStorageDirectory.java:tryLock(328)) - Lock on /tmp/workdir/hadoop-ozone/integration-test/target/test-dir/MiniOzoneClusterImpl-5db8d0d9-7b2e-49d0-b294-9cc54400926c/datanode-4/data/ratis/06d494d1-52e1-4438-8bfc-815c21743de3/in_use.lock acquired by nodename 29913@trunk-nightly-9lh4p-2362225927
2019-07-13 07:39:36,765 INFO  storage.RaftStorageDirectory (RaftStorageDirectory.java:tryLock(328)) - Lock on /tmp/workdir/hadoop-ozone/integration-test/target/test-dir/MiniOzoneClusterImpl-5db8d0d9-7b2e-49d0-b294-9cc54400926c/datanode-5/data/ratis/06d494d1-52e1-4438-8bfc-815c21743de3/in_use.lock acquired by nodename 29913@trunk-nightly-9lh4p-2362225927
2019-07-13 07:39:36,779 INFO  storage.RaftStorage (RaftStorage.java:format(72)) - Storage directory /tmp/workdir/hadoop-ozone/integration-test/target/test-dir/MiniOzoneClusterImpl-5db8d0d9-7b2e-49d0-b294-9cc54400926c/datanode-3/data/ratis/06d494d1-52e1-4438-8bfc-815c21743de3 has been successfully formatted.
2019-07-13 07:39:36,779 INFO  storage.RaftStorage (RaftStorage.java:format(72)) - Storage directory /tmp/workdir/hadoop-ozone/integration-test/target/test-dir/MiniOzoneClusterImpl-5db8d0d9-7b2e-49d0-b294-9cc54400926c/datanode-5/data/ratis/06d494d1-52e1-4438-8bfc-815c21743de3 has been successfully formatted.
2019-07-13 07:39:36,779 INFO  storage.RaftStorage (RaftStorage.java:format(72)) - Storage directory /tmp/workdir/hadoop-ozone/integration-test/target/test-dir/MiniOzoneClusterImpl-5db8d0d9-7b2e-49d0-b294-9cc54400926c/datanode-4/data/ratis/06d494d1-52e1-4438-8bfc-815c21743de3 has been successfully formatted.
2019-07-13 07:39:36,780 INFO  ratis.ContainerStateMachine (ContainerStateMachine.java:loadSnapshot(200)) - The snapshot info is null.Setting the last applied index to:(t:0, i:~)
2019-07-13 07:39:36,780 INFO  ratis.ContainerStateMachine (ContainerStateMachine.java:loadSnapshot(200)) - The snapshot info is null.Setting the last applied index to:(t:0, i:~)
2019-07-13 07:39:36,780 INFO  server.RaftServerConfigKeys (ConfUtils.java:logGet(43)) - raft.server.leader.election.timeout = 120s (custom)
2019-07-13 07:39:36,780 INFO  ratis.ContainerStateMachine (ContainerStateMachine.java:loadSnapshot(200)) - The snapshot info is null.Setting the last applied index to:(t:0, i:~)
2019-07-13 07:39:36,780 INFO  server.RaftServerConfigKeys (ConfUtils.java:logGet(43)) - raft.server.log.use.memory = false (default)
2019-07-13 07:39:36,780 INFO  server.RaftServerConfigKeys (ConfUtils.java:logGet(43)) - raft.server.leader.election.timeout = 120s (custom)
2019-07-13 07:39:36,781 INFO  server.RaftServerConfigKeys (ConfUtils.java:logGet(43)) - raft.server.log.purge.gap = 1000000000 (custom)
2019-07-13 07:39:36,780 INFO  server.RaftServerConfigKeys (ConfUtils.java:logGet(43)) - raft.server.leader.election.timeout = 120s (custom)
2019-07-13 07:39:36,781 INFO  server.RaftServerConfigKeys (ConfUtils.java:logGet(43)) - raft.server.log.appender.buffer.byte-limit = 33554432 (custom)
2019-07-13 07:39:36,781 INFO  server.RaftServerConfigKeys (ConfUtils.java:logGet(43)) - raft.server.log.use.memory = false (default)
2019-07-13 07:39:36,781 INFO  server.RaftServerConfigKeys (ConfUtils.java:logGet(43)) - raft.server.log.segment.size.max = 1048576 (custom)
2019-07-13 07:39:36,781 INFO  server.RaftServerConfigKeys (ConfUtils.java:logGet(43)) - raft.server.log.use.memory = false (default)
2019-07-13 07:39:36,781 INFO  server.RaftServerConfigKeys (ConfUtils.java:logGet(43)) - raft.server.log.segment.cache.num.max = 2 (custom)
2019-07-13 07:39:36,781 INFO  server.RaftServerConfigKeys (ConfUtils.java:logGet(43)) - raft.server.log.purge.gap = 1000000000 (custom)
2019-07-13 07:39:36,782 INFO  segmented.SegmentedRaftLogWorker (SegmentedRaftLogWorker.java:<init>(172)) - new 5b40d400-85e7-46b6-8046-09737cd51629-SegmentedRaftLogWorker:Storage Directory /tmp/workdir/hadoop-ozone/integration-test/target/test-dir/MiniOzoneClusterImpl-5db8d0d9-7b2e-49d0-b294-9cc54400926c/datanode-5/data/ratis/06d494d1-52e1-4438-8bfc-815c21743de3 for RaftStorage:Storage Directory /tmp/workdir/hadoop-ozone/integration-test/target/test-dir/MiniOzoneClusterImpl-5db8d0d9-7b2e-49d0-b294-9cc54400926c/datanode-5/data/ratis/06d494d1-52e1-4438-8bfc-815c21743de3
2019-07-13 07:39:36,782 INFO  server.RaftServerConfigKeys (ConfUtils.java:logGet(43)) - raft.server.log.purge.gap = 1000000000 (custom)
2019-07-13 07:39:36,782 INFO  server.RaftServerConfigKeys (ConfUtils.java:logGet(43)) - raft.server.log.queue.byte-limit = 2147483647 (custom)
2019-07-13 07:39:36,782 INFO  server.RaftServerConfigKeys (ConfUtils.java:logGet(43)) - raft.server.log.appender.buffer.byte-limit = 33554432 (custom)
2019-07-13 07:39:36,782 INFO  server.RaftServerConfigKeys (ConfUtils.java:logGet(43)) - raft.server.log.queue.element-limit = 1024 (custom)
2019-07-13 07:39:36,782 INFO  server.RaftServerConfigKeys (ConfUtils.java:logGet(43)) - raft.server.log.appender.buffer.byte-limit = 33554432 (custom)
2019-07-13 07:39:36,783 INFO  server.RaftServerConfigKeys (ConfUtils.java:logGet(43)) - raft.server.log.segment.size.max = 1048576 (custom)
2019-07-13 07:39:36,782 INFO  server.RaftServerConfigKeys (ConfUtils.java:logGet(43)) - raft.server.log.segment.size.max = 1048576 (custom)
2019-07-13 07:39:36,783 INFO  server.RaftServerConfigKeys (ConfUtils.java:logGet(43)) - raft.server.log.preallocated.size = 16384 (custom)
2019-07-13 07:39:36,783 INFO  server.RaftServerConfigKeys (ConfUtils.java:logGet(43)) - raft.server.log.write.buffer.size = 33554432 (custom)
2019-07-13 07:39:36,783 INFO  server.RaftServerConfigKeys (ConfUtils.java:logGet(43)) - raft.server.log.segment.size.max = 1048576 (custom)
2019-07-13 07:39:36,783 INFO  server.RaftServerConfigKeys (ConfUtils.java:logGet(43)) - raft.server.log.force.sync.num = 128 (default)
2019-07-13 07:39:36,783 INFO  server.RaftServerConfigKeys (ConfUtils.java:logGet(43)) - raft.server.log.segment.cache.num.max = 2 (custom)
2019-07-13 07:39:36,784 INFO  server.RaftServerConfigKeys (ConfUtils.java:logGet(43)) - raft.server.log.statemachine.data.sync = true (default)
2019-07-13 07:39:36,784 INFO  server.RaftServerConfigKeys (ConfUtils.java:logGet(43)) - raft.server.log.segment.cache.num.max = 2 (custom)
2019-07-13 07:39:36,784 INFO  server.RaftServerConfigKeys (ConfUtils.java:logGet(43)) - raft.server.log.statemachine.data.sync.timeout = 10s (default)
2019-07-13 07:39:36,784 INFO  segmented.SegmentedRaftLogWorker (SegmentedRaftLogWorker.java:<init>(172)) - new 9ea7eee3-32e7-4b40-8531-82df8ed04587-SegmentedRaftLogWorker:Storage Directory /tmp/workdir/hadoop-ozone/integration-test/target/test-dir/MiniOzoneClusterImpl-5db8d0d9-7b2e-49d0-b294-9cc54400926c/datanode-3/data/ratis/06d494d1-52e1-4438-8bfc-815c21743de3 for RaftStorage:Storage Directory /tmp/workdir/hadoop-ozone/integration-test/target/test-dir/MiniOzoneClusterImpl-5db8d0d9-7b2e-49d0-b294-9cc54400926c/datanode-3/data/ratis/06d494d1-52e1-4438-8bfc-815c21743de3
2019-07-13 07:39:36,784 INFO  server.RaftServerConfigKeys (ConfUtils.java:logGet(43)) - raft.server.log.statemachine.data.sync.timeout.retry = -1 (default)
2019-07-13 07:39:36,784 INFO  segmented.SegmentedRaftLogWorker (SegmentedRaftLogWorker.java:<init>(172)) - new 4bd246ec-e959-4af3-9aa7-18f26941d8d8-SegmentedRaftLogWorker:Storage Directory /tmp/workdir/hadoop-ozone/integration-test/target/test-dir/MiniOzoneClusterImpl-5db8d0d9-7b2e-49d0-b294-9cc54400926c/datanode-4/data/ratis/06d494d1-52e1-4438-8bfc-815c21743de3 for RaftStorage:Storage Directory /tmp/workdir/hadoop-ozone/integration-test/target/test-dir/MiniOzoneClusterImpl-5db8d0d9-7b2e-49d0-b294-9cc54400926c/datanode-4/data/ratis/06d494d1-52e1-4438-8bfc-815c21743de3
2019-07-13 07:39:36,785 INFO  server.RaftServerConfigKeys (ConfUtils.java:logGet(43)) - raft.server.log.statemachine.data.caching.enabled = true (custom)
2019-07-13 07:39:36,784 INFO  server.RaftServerConfigKeys (ConfUtils.java:logGet(43)) - raft.server.log.queue.byte-limit = 2147483647 (custom)
2019-07-13 07:39:36,785 INFO  server.RaftServerConfigKeys (ConfUtils.java:logGet(43)) - raft.server.log.queue.byte-limit = 2147483647 (custom)
2019-07-13 07:39:36,785 INFO  segmented.SegmentedRaftLogWorker (SegmentedRaftLogWorker.java:lambda$new$0(132)) - 5b40d400-85e7-46b6-8046-09737cd51629-SegmentedRaftLogWorker:Storage Directory /tmp/workdir/hadoop-ozone/integration-test/target/test-dir/MiniOzoneClusterImpl-5db8d0d9-7b2e-49d0-b294-9cc54400926c/datanode-5/data/ratis/06d494d1-52e1-4438-8bfc-815c21743de3: flushIndex: setUnconditionally 0 -> -1
2019-07-13 07:39:36,785 INFO  server.RaftServerConfigKeys (ConfUtils.java:logGet(43)) - raft.server.log.queue.element-limit = 1024 (custom)
2019-07-13 07:39:36,785 INFO  server.RaftServerConfigKeys (ConfUtils.java:logGet(43)) - raft.server.log.queue.element-limit = 1024 (custom)
2019-07-13 07:39:36,786 INFO  server.RaftServerConfigKeys (ConfUtils.java:logGet(43)) - raft.server.snapshot.auto.trigger.enabled = true (custom)
2019-07-13 07:39:36,786 INFO  server.RaftServerConfigKeys (ConfUtils.java:logGet(43)) - raft.server.log.segment.size.max = 1048576 (custom)
2019-07-13 07:39:36,786 INFO  server.RaftServerConfigKeys (ConfUtils.java:logGet(43)) - raft.server.snapshot.auto.trigger.threshold = 10000 (custom)
2019-07-13 07:39:36,786 INFO  server.RaftServerConfigKeys (ConfUtils.java:logGet(43)) - raft.server.log.segment.size.max = 1048576 (custom)
2019-07-13 07:39:36,786 INFO  server.RaftServerConfigKeys (ConfUtils.java:logGet(43)) - raft.server.retrycache.expirytime = 600000ms (custom)
2019-07-13 07:39:36,786 INFO  server.RaftServerConfigKeys (ConfUtils.java:logGet(43)) - raft.server.log.preallocated.size = 16384 (custom)
2019-07-13 07:39:36,787 INFO  impl.RaftServerImpl (RaftServerImpl.java:start(180)) - 5b40d400-85e7-46b6-8046-09737cd51629: start group-815C21743DE3
2019-07-13 07:39:36,787 INFO  impl.RaftServerImpl (RaftServerImpl.java:setRole(171)) - 5b40d400-85e7-46b6-8046-09737cd51629:group-815C21743DE3 changes role from null to FOLLOWER at term 0 for startAsFollower
2019-07-13 07:39:36,786 INFO  server.RaftServerConfigKeys (ConfUtils.java:logGet(43)) - raft.server.log.preallocated.size = 16384 (custom)
2019-07-13 07:39:36,787 INFO  impl.RoleInfo (RoleInfo.java:updateAndGet(143)) - 5b40d400-85e7-46b6-8046-09737cd51629: start FollowerState
2019-07-13 07:39:36,787 INFO  server.RaftServerConfigKeys (ConfUtils.java:logGet(43)) - raft.server.log.write.buffer.size = 33554432 (custom)
2019-07-13 07:39:36,787 INFO  server.RaftServerConfigKeys (ConfUtils.java:logGet(43)) - raft.server.log.write.buffer.size = 33554432 (custom)
2019-07-13 07:39:36,787 INFO  server.RaftServerConfigKeys (ConfUtils.java:logGet(43)) - raft.server.log.force.sync.num = 128 (default)
2019-07-13 07:39:36,787 INFO  util.JmxRegister (JmxRegister.java:tryRegister(44)) - Successfully registered JMX Bean with object name Ratis:service=RaftServer,group=group-815C21743DE3,id=5b40d400-85e7-46b6-8046-09737cd51629
2019-07-13 07:39:36,787 INFO  server.RaftServerConfigKeys (ConfUtils.java:logGet(43)) - raft.server.log.force.sync.num = 128 (default)
2019-07-13 07:39:36,788 INFO  server.RaftServerConfigKeys (ConfUtils.java:logGet(43)) - raft.server.log.statemachine.data.sync = true (default)
2019-07-13 07:39:36,788 INFO  server.RaftServerConfigKeys (ConfUtils.java:logGet(43)) - raft.server.log.statemachine.data.sync = true (default)
2019-07-13 07:39:36,788 INFO  server.RaftServerConfigKeys (ConfUtils.java:logGet(43)) - raft.server.log.statemachine.data.sync.timeout = 10s (default)
2019-07-13 07:39:36,788 INFO  server.RaftServerConfigKeys (ConfUtils.java:logGet(43)) - raft.server.log.statemachine.data.sync.timeout = 10s (default)
2019-07-13 07:39:36,788 INFO  server.RaftServerConfigKeys (ConfUtils.java:logGet(43)) - raft.server.log.statemachine.data.sync.timeout.retry = -1 (default)
2019-07-13 07:39:36,789 INFO  server.RaftServerConfigKeys (ConfUtils.java:logGet(43)) - raft.server.log.statemachine.data.sync.timeout.retry = -1 (default)
2019-07-13 07:39:36,789 INFO  server.RaftServerConfigKeys (ConfUtils.java:logGet(43)) - raft.server.log.statemachine.data.caching.enabled = true (custom)
2019-07-13 07:39:36,789 INFO  server.RaftServerConfigKeys (ConfUtils.java:logGet(43)) - raft.server.log.statemachine.data.caching.enabled = true (custom)
2019-07-13 07:39:36,789 INFO  segmented.SegmentedRaftLogWorker (SegmentedRaftLogWorker.java:lambda$new$0(132)) - 9ea7eee3-32e7-4b40-8531-82df8ed04587-SegmentedRaftLogWorker:Storage Directory /tmp/workdir/hadoop-ozone/integration-test/target/test-dir/MiniOzoneClusterImpl-5db8d0d9-7b2e-49d0-b294-9cc54400926c/datanode-3/data/ratis/06d494d1-52e1-4438-8bfc-815c21743de3: flushIndex: setUnconditionally 0 -> -1
2019-07-13 07:39:36,789 INFO  segmented.SegmentedRaftLogWorker (SegmentedRaftLogWorker.java:lambda$new$0(132)) - 4bd246ec-e959-4af3-9aa7-18f26941d8d8-SegmentedRaftLogWorker:Storage Directory /tmp/workdir/hadoop-ozone/integration-test/target/test-dir/MiniOzoneClusterImpl-5db8d0d9-7b2e-49d0-b294-9cc54400926c/datanode-4/data/ratis/06d494d1-52e1-4438-8bfc-815c21743de3: flushIndex: setUnconditionally 0 -> -1
2019-07-13 07:39:36,790 INFO  server.RaftServerConfigKeys (ConfUtils.java:logGet(43)) - raft.server.snapshot.auto.trigger.enabled = true (custom)
2019-07-13 07:39:36,790 INFO  server.RaftServerConfigKeys (ConfUtils.java:logGet(43)) - raft.server.snapshot.auto.trigger.threshold = 10000 (custom)
2019-07-13 07:39:36,790 INFO  server.RaftServerConfigKeys (ConfUtils.java:logGet(43)) - raft.server.snapshot.auto.trigger.enabled = true (custom)
2019-07-13 07:39:36,790 INFO  server.RaftServerConfigKeys (ConfUtils.java:logGet(43)) - raft.server.retrycache.expirytime = 600000ms (custom)
2019-07-13 07:39:36,790 INFO  server.RaftServerConfigKeys (ConfUtils.java:logGet(43)) - raft.server.snapshot.auto.trigger.threshold = 10000 (custom)
2019-07-13 07:39:36,790 INFO  impl.RaftServerImpl (RaftServerImpl.java:start(180)) - 9ea7eee3-32e7-4b40-8531-82df8ed04587: start group-815C21743DE3
2019-07-13 07:39:36,790 INFO  server.RaftServerConfigKeys (ConfUtils.java:logGet(43)) - raft.server.retrycache.expirytime = 600000ms (custom)
2019-07-13 07:39:36,790 INFO  impl.RaftServerImpl (RaftServerImpl.java:setRole(171)) - 9ea7eee3-32e7-4b40-8531-82df8ed04587:group-815C21743DE3 changes role from null to FOLLOWER at term 0 for startAsFollower
2019-07-13 07:39:36,790 INFO  impl.RaftServerImpl (RaftServerImpl.java:start(180)) - 4bd246ec-e959-4af3-9aa7-18f26941d8d8: start group-815C21743DE3
2019-07-13 07:39:36,791 INFO  impl.RoleInfo (RoleInfo.java:updateAndGet(143)) - 9ea7eee3-32e7-4b40-8531-82df8ed04587: start FollowerState
2019-07-13 07:39:36,791 INFO  impl.RaftServerImpl (RaftServerImpl.java:setRole(171)) - 4bd246ec-e959-4af3-9aa7-18f26941d8d8:group-815C21743DE3 changes role from null to FOLLOWER at term 0 for startAsFollower
2019-07-13 07:39:36,791 INFO  impl.RoleInfo (RoleInfo.java:updateAndGet(143)) - 4bd246ec-e959-4af3-9aa7-18f26941d8d8: start FollowerState
2019-07-13 07:39:36,791 INFO  util.JmxRegister (JmxRegister.java:tryRegister(44)) - Successfully registered JMX Bean with object name Ratis:service=RaftServer,group=group-815C21743DE3,id=9ea7eee3-32e7-4b40-8531-82df8ed04587
2019-07-13 07:39:36,791 INFO  util.JmxRegister (JmxRegister.java:tryRegister(44)) - Successfully registered JMX Bean with object name Ratis:service=RaftServer,group=group-815C21743DE3,id=4bd246ec-e959-4af3-9aa7-18f26941d8d8
2019-07-13 07:39:36,794 INFO  pipeline.PipelineStateManager (PipelineStateManager.java:addPipeline(56)) - Created pipeline Pipeline[ Id: 06d494d1-52e1-4438-8bfc-815c21743de3, Nodes: 4bd246ec-e959-4af3-9aa7-18f26941d8d8{ip: 192.168.69.84, host: trunk-nightly-9lh4p-2362225927, networkLocation: /default-rack, certSerialId: null}5b40d400-85e7-46b6-8046-09737cd51629{ip: 192.168.69.84, host: trunk-nightly-9lh4p-2362225927, networkLocation: /default-rack, certSerialId: null}9ea7eee3-32e7-4b40-8531-82df8ed04587{ip: 192.168.69.84, host: trunk-nightly-9lh4p-2362225927, networkLocation: /default-rack, certSerialId: null}, Type:RATIS, Factor:THREE, State:OPEN]
2019-07-13 07:39:36,858 INFO  ozone.MiniOzoneClusterImpl (MiniOzoneClusterImpl.java:lambda$waitForClusterToBeReady$0(142)) - Waiting for cluster to be ready. Got 6 of 7 DN Heartbeats.
2019-07-13 07:39:36,860 INFO  node.SCMNodeManager (SCMNodeManager.java:register(269)) - Registered Data node : 4210b7b3-c54c-4588-a6f5-03bec4493191{ip: 192.168.69.84, host: trunk-nightly-9lh4p-2362225927, networkLocation: /default-rack, certSerialId: null}
2019-07-13 07:39:36,881 INFO  impl.RaftServerProxy (RaftServerProxy.java:addNew(89)) - 4210b7b3-c54c-4588-a6f5-03bec4493191: addNew group-E831BF711913:[4210b7b3-c54c-4588-a6f5-03bec4493191:192.168.69.84:43946] returns group-E831BF711913:java.util.concurrent.CompletableFuture@6727fae[Not completed]
2019-07-13 07:39:36,882 INFO  impl.RaftServerImpl (RaftServerImpl.java:<init>(93)) - 4210b7b3-c54c-4588-a6f5-03bec4493191: new RaftServerImpl for group-E831BF711913:[4210b7b3-c54c-4588-a6f5-03bec4493191:192.168.69.84:43946] with ContainerStateMachine:uninitialized
2019-07-13 07:39:36,882 INFO  server.RaftServerConfigKeys (ConfUtils.java:logGet(43)) - raft.server.rpc.timeout.min = 5s (custom)
2019-07-13 07:39:36,882 INFO  server.RaftServerConfigKeys (ConfUtils.java:logGet(43)) - raft.server.rpc.timeout.max = 5200ms (custom)
2019-07-13 07:39:36,882 INFO  server.RaftServerConfigKeys (ConfUtils.java:logGet(43)) - raft.server.rpcslowness.timeout = 120s (custom)
2019-07-13 07:39:36,882 INFO  server.RaftServerConfigKeys (ConfUtils.java:logGet(43)) - raft.server.sleep.deviation.threshold = 300 (default)
2019-07-13 07:39:36,882 INFO  server.RaftServerConfigKeys (ConfUtils.java:logGet(43)) - raft.server.log.appender.install.snapshot.enabled = false (custom)
2019-07-13 07:39:36,883 INFO  impl.RaftServerImpl (ServerState.java:<init>(105)) - 4210b7b3-c54c-4588-a6f5-03bec4493191:group-E831BF711913 ConfigurationManager, init=-1: [4210b7b3-c54c-4588-a6f5-03bec4493191:192.168.69.84:43946], old=null, confs=<EMPTY_MAP>
2019-07-13 07:39:36,883 INFO  server.RaftServerConfigKeys (ConfUtils.java:logGet(43)) - raft.server.storage.dir = [/tmp/workdir/hadoop-ozone/integration-test/target/test-dir/MiniOzoneClusterImpl-5db8d0d9-7b2e-49d0-b294-9cc54400926c/datanode-6/data/ratis] (custom)
2019-07-13 07:39:36,883 INFO  storage.RaftStorageDirectory (RaftStorageDirectory.java:analyzeStorage(246)) - The storage directory /tmp/workdir/hadoop-ozone/integration-test/target/test-dir/MiniOzoneClusterImpl-5db8d0d9-7b2e-49d0-b294-9cc54400926c/datanode-6/data/ratis/c7494d60-2d00-47f7-be30-e831bf711913 does not exist. Creating ...
2019-07-13 07:39:36,896 INFO  storage.RaftStorageDirectory (RaftStorageDirectory.java:tryLock(328)) - Lock on /tmp/workdir/hadoop-ozone/integration-test/target/test-dir/MiniOzoneClusterImpl-5db8d0d9-7b2e-49d0-b294-9cc54400926c/datanode-6/data/ratis/c7494d60-2d00-47f7-be30-e831bf711913/in_use.lock acquired by nodename 29913@trunk-nightly-9lh4p-2362225927
2019-07-13 07:39:36,909 INFO  storage.RaftStorage (RaftStorage.java:format(72)) - Storage directory /tmp/workdir/hadoop-ozone/integration-test/target/test-dir/MiniOzoneClusterImpl-5db8d0d9-7b2e-49d0-b294-9cc54400926c/datanode-6/data/ratis/c7494d60-2d00-47f7-be30-e831bf711913 has been successfully formatted.
2019-07-13 07:39:36,909 INFO  ratis.ContainerStateMachine (ContainerStateMachine.java:loadSnapshot(200)) - The snapshot info is null.Setting the last applied index to:(t:0, i:~)
2019-07-13 07:39:36,909 INFO  server.RaftServerConfigKeys (ConfUtils.java:logGet(43)) - raft.server.leader.election.timeout = 120s (custom)
2019-07-13 07:39:36,909 INFO  server.RaftServerConfigKeys (ConfUtils.java:logGet(43)) - raft.server.log.use.memory = false (default)
2019-07-13 07:39:36,909 INFO  server.RaftServerConfigKeys (ConfUtils.java:logGet(43)) - raft.server.log.purge.gap = 1000000000 (custom)
2019-07-13 07:39:36,910 INFO  server.RaftServerConfigKeys (ConfUtils.java:logGet(43)) - raft.server.log.appender.buffer.byte-limit = 33554432 (custom)
2019-07-13 07:39:36,910 INFO  server.RaftServerConfigKeys (ConfUtils.java:logGet(43)) - raft.server.log.segment.size.max = 1048576 (custom)
2019-07-13 07:39:36,910 INFO  server.RaftServerConfigKeys (ConfUtils.java:logGet(43)) - raft.server.log.segment.cache.num.max = 2 (custom)
2019-07-13 07:39:36,910 INFO  segmented.SegmentedRaftLogWorker (SegmentedRaftLogWorker.java:<init>(172)) - new 4210b7b3-c54c-4588-a6f5-03bec4493191-SegmentedRaftLogWorker:Storage Directory /tmp/workdir/hadoop-ozone/integration-test/target/test-dir/MiniOzoneClusterImpl-5db8d0d9-7b2e-49d0-b294-9cc54400926c/datanode-6/data/ratis/c7494d60-2d00-47f7-be30-e831bf711913 for RaftStorage:Storage Directory /tmp/workdir/hadoop-ozone/integration-test/target/test-dir/MiniOzoneClusterImpl-5db8d0d9-7b2e-49d0-b294-9cc54400926c/datanode-6/data/ratis/c7494d60-2d00-47f7-be30-e831bf711913
2019-07-13 07:39:36,910 INFO  server.RaftServerConfigKeys (ConfUtils.java:logGet(43)) - raft.server.log.queue.byte-limit = 2147483647 (custom)
2019-07-13 07:39:36,910 INFO  server.RaftServerConfigKeys (ConfUtils.java:logGet(43)) - raft.server.log.queue.element-limit = 1024 (custom)
2019-07-13 07:39:36,911 INFO  server.RaftServerConfigKeys (ConfUtils.java:logGet(43)) - raft.server.log.segment.size.max = 1048576 (custom)
2019-07-13 07:39:36,911 INFO  server.RaftServerConfigKeys (ConfUtils.java:logGet(43)) - raft.server.log.preallocated.size = 16384 (custom)
2019-07-13 07:39:36,911 INFO  server.RaftServerConfigKeys (ConfUtils.java:logGet(43)) - raft.server.log.write.buffer.size = 33554432 (custom)
2019-07-13 07:39:36,911 INFO  server.RaftServerConfigKeys (ConfUtils.java:logGet(43)) - raft.server.log.force.sync.num = 128 (default)
2019-07-13 07:39:36,911 INFO  server.RaftServerConfigKeys (ConfUtils.java:logGet(43)) - raft.server.log.statemachine.data.sync = true (default)
2019-07-13 07:39:36,911 INFO  server.RaftServerConfigKeys (ConfUtils.java:logGet(43)) - raft.server.log.statemachine.data.sync.timeout = 10s (default)
2019-07-13 07:39:36,911 INFO  server.RaftServerConfigKeys (ConfUtils.java:logGet(43)) - raft.server.log.statemachine.data.sync.timeout.retry = -1 (default)
2019-07-13 07:39:36,912 INFO  server.RaftServerConfigKeys (ConfUtils.java:logGet(43)) - raft.server.log.statemachine.data.caching.enabled = true (custom)
2019-07-13 07:39:36,912 INFO  segmented.SegmentedRaftLogWorker (SegmentedRaftLogWorker.java:lambda$new$0(132)) - 4210b7b3-c54c-4588-a6f5-03bec4493191-SegmentedRaftLogWorker:Storage Directory /tmp/workdir/hadoop-ozone/integration-test/target/test-dir/MiniOzoneClusterImpl-5db8d0d9-7b2e-49d0-b294-9cc54400926c/datanode-6/data/ratis/c7494d60-2d00-47f7-be30-e831bf711913: flushIndex: setUnconditionally 0 -> -1
2019-07-13 07:39:36,912 INFO  server.RaftServerConfigKeys (ConfUtils.java:logGet(43)) - raft.server.snapshot.auto.trigger.enabled = true (custom)
2019-07-13 07:39:36,912 INFO  server.RaftServerConfigKeys (ConfUtils.java:logGet(43)) - raft.server.snapshot.auto.trigger.threshold = 10000 (custom)
2019-07-13 07:39:36,913 INFO  server.RaftServerConfigKeys (ConfUtils.java:logGet(43)) - raft.server.retrycache.expirytime = 600000ms (custom)
2019-07-13 07:39:36,913 INFO  impl.RaftServerImpl (RaftServerImpl.java:start(180)) - 4210b7b3-c54c-4588-a6f5-03bec4493191: start group-E831BF711913
2019-07-13 07:39:36,913 INFO  impl.RaftServerImpl (RaftServerImpl.java:setRole(171)) - 4210b7b3-c54c-4588-a6f5-03bec4493191:group-E831BF711913 changes role from null to FOLLOWER at term 0 for startAsFollower
2019-07-13 07:39:36,913 INFO  impl.RoleInfo (RoleInfo.java:updateAndGet(143)) - 4210b7b3-c54c-4588-a6f5-03bec4493191: start FollowerState
2019-07-13 07:39:36,913 INFO  util.JmxRegister (JmxRegister.java:tryRegister(44)) - Successfully registered JMX Bean with object name Ratis:service=RaftServer,group=group-E831BF711913,id=4210b7b3-c54c-4588-a6f5-03bec4493191
2019-07-13 07:39:36,916 INFO  pipeline.PipelineStateManager (PipelineStateManager.java:addPipeline(56)) - Created pipeline Pipeline[ Id: c7494d60-2d00-47f7-be30-e831bf711913, Nodes: 4210b7b3-c54c-4588-a6f5-03bec4493191{ip: 192.168.69.84, host: trunk-nightly-9lh4p-2362225927, networkLocation: /default-rack, certSerialId: null}, Type:RATIS, Factor:ONE, State:OPEN]
2019-07-13 07:39:37,858 INFO  ozone.MiniOzoneClusterImpl (MiniOzoneClusterImpl.java:lambda$waitForClusterToBeReady$0(142)) - Cluster is ready. Got 7 of 7 DN Heartbeats.
2019-07-13 07:39:37,893 INFO  rpc.RpcClient (RpcClient.java:createVolume(287)) - Creating Volume: testblockoutputstream, with jenkins1000 as owner.
2019-07-13 07:39:37,913 INFO  rpc.RpcClient (RpcClient.java:createBucket(424)) - Creating Bucket: testblockoutputstream/testblockoutputstream, with Versioning false and Storage Type set to DISK and Encryption set to false 
2019-07-13 07:39:37,942 INFO  client.GrpcClientProtocolClient (GrpcClientProtocolClient.java:onNext(255)) - client-2084FF4BF3E8->9d7ca9e8-4eb3-4ba1-8fc6-d0f91e5ce981: receive RaftClientReply:client-2084FF4BF3E8->9d7ca9e8-4eb3-4ba1-8fc6-d0f91e5ce981@group-51C9F9B3C848, cid=177, FAILED org.apache.ratis.protocol.NotLeaderException: Server 9d7ca9e8-4eb3-4ba1-8fc6-d0f91e5ce981 is not the leader (null). Request must be sent to leader., logIndex=0, commits[9d7ca9e8-4eb3-4ba1-8fc6-d0f91e5ce981:c-1]
2019-07-13 07:39:38,479 INFO  container.ReplicationManager (ReplicationManager.java:start(155)) - Starting Replication Monitor Thread.
2019-07-13 07:39:38,484 INFO  container.ReplicationManager (ReplicationManager.java:run(207)) - Replication Monitor Thread took 0 milliseconds for processing 1 containers.
2019-07-13 07:39:38,959 INFO  client.GrpcClientProtocolClient (GrpcClientProtocolClient.java:onNext(255)) - client-2084FF4BF3E8->2a903e71-8982-4465-9171-f1a05d214b1a: receive RaftClientReply:client-2084FF4BF3E8->2a903e71-8982-4465-9171-f1a05d214b1a@group-51C9F9B3C848, cid=177, FAILED org.apache.ratis.protocol.NotLeaderException: Server 2a903e71-8982-4465-9171-f1a05d214b1a is not the leader (null). Request must be sent to leader., logIndex=0, commits[2a903e71-8982-4465-9171-f1a05d214b1a:c-1]
2019-07-13 07:39:39,971 INFO  client.GrpcClientProtocolClient (GrpcClientProtocolClient.java:onNext(255)) - client-2084FF4BF3E8->9d7ca9e8-4eb3-4ba1-8fc6-d0f91e5ce981: receive RaftClientReply:client-2084FF4BF3E8->9d7ca9e8-4eb3-4ba1-8fc6-d0f91e5ce981@group-51C9F9B3C848, cid=177, FAILED org.apache.ratis.protocol.NotLeaderException: Server 9d7ca9e8-4eb3-4ba1-8fc6-d0f91e5ce981 is not the leader (null). Request must be sent to leader., logIndex=0, commits[9d7ca9e8-4eb3-4ba1-8fc6-d0f91e5ce981:c-1]
2019-07-13 07:39:40,578 INFO  impl.FollowerState (FollowerState.java:run(106)) - 687735de-0bff-44bf-8b08-cd771def1d24:group-5AF67E502A6E changes to CANDIDATE, lastRpcTime:5049, electionTimeout:5049ms
2019-07-13 07:39:40,579 INFO  impl.RoleInfo (RoleInfo.java:shutdownFollowerState(121)) - 687735de-0bff-44bf-8b08-cd771def1d24: shutdown FollowerState
2019-07-13 07:39:40,579 INFO  impl.RaftServerImpl (RaftServerImpl.java:setRole(171)) - 687735de-0bff-44bf-8b08-cd771def1d24:group-5AF67E502A6E changes role from FOLLOWER to CANDIDATE at term 0 for changeToCandidate
2019-07-13 07:39:40,579 INFO  impl.RoleInfo (RoleInfo.java:updateAndGet(143)) - 687735de-0bff-44bf-8b08-cd771def1d24: start LeaderElection
2019-07-13 07:39:40,603 INFO  impl.LeaderElection (LeaderElection.java:askForVotes(181)) - 687735de-0bff-44bf-8b08-cd771def1d24:group-5AF67E502A6E:LeaderElection62: begin an election at term 1 for -1: [687735de-0bff-44bf-8b08-cd771def1d24:192.168.69.84:45247], old=null
2019-07-13 07:39:40,603 INFO  impl.RoleInfo (RoleInfo.java:shutdownLeaderElection(134)) - 687735de-0bff-44bf-8b08-cd771def1d24: shutdown LeaderElection
2019-07-13 07:39:40,603 INFO  impl.RaftServerImpl (RaftServerImpl.java:setRole(171)) - 687735de-0bff-44bf-8b08-cd771def1d24:group-5AF67E502A6E changes role from CANDIDATE to LEADER at term 1 for changeToLeader
2019-07-13 07:39:40,603 INFO  impl.RaftServerImpl (ServerState.java:setLeader(263)) - 687735de-0bff-44bf-8b08-cd771def1d24:group-5AF67E502A6E change Leader from null to 687735de-0bff-44bf-8b08-cd771def1d24 at term 1 for becomeLeader, leader elected after 5079ms
2019-07-13 07:39:40,606 INFO  server.RaftServerConfigKeys (ConfUtils.java:logGet(43)) - raft.server.staging.catchup.gap = 1000 (default)
2019-07-13 07:39:40,606 INFO  server.RaftServerConfigKeys (ConfUtils.java:logGet(43)) - raft.server.rpc.sleep.time = 25ms (default)
2019-07-13 07:39:40,606 INFO  server.RaftServerConfigKeys (ConfUtils.java:logGet(43)) - raft.server.write.element-limit = 4096 (default)
2019-07-13 07:39:40,606 INFO  server.RaftServerConfigKeys (ConfUtils.java:logGet(43)) - raft.server.watch.timeout = 10s (default)
2019-07-13 07:39:40,606 INFO  server.RaftServerConfigKeys (ConfUtils.java:logGet(43)) - raft.server.watch.timeout.denomination = 1s (default)
2019-07-13 07:39:40,607 INFO  server.RaftServerConfigKeys (ConfUtils.java:logGet(43)) - raft.server.watch.element-limit = 65536 (default)
2019-07-13 07:39:40,607 INFO  impl.RoleInfo (RoleInfo.java:updateAndGet(143)) - 687735de-0bff-44bf-8b08-cd771def1d24: start LeaderState
2019-07-13 07:39:40,608 INFO  segmented.SegmentedRaftLogWorker (SegmentedRaftLogWorker.java:startLogSegment(380)) - 687735de-0bff-44bf-8b08-cd771def1d24-SegmentedRaftLogWorker:Storage Directory /tmp/workdir/hadoop-ozone/integration-test/target/test-dir/MiniOzoneClusterImpl-5db8d0d9-7b2e-49d0-b294-9cc54400926c/datanode-0/data/ratis/c883051a-8e65-4ecf-ae14-5af67e502a6e: Starting segment from index:0
2019-07-13 07:39:40,608 INFO  impl.RaftServerImpl (ServerState.java:setRaftConf(361)) - 687735de-0bff-44bf-8b08-cd771def1d24:group-5AF67E502A6E set configuration 0: [687735de-0bff-44bf-8b08-cd771def1d24:192.168.69.84:45247], old=null at 0
2019-07-13 07:39:40,639 INFO  segmented.SegmentedRaftLogWorker (SegmentedRaftLogWorker.java:execute(569)) - 687735de-0bff-44bf-8b08-cd771def1d24-SegmentedRaftLogWorker:Storage Directory /tmp/workdir/hadoop-ozone/integration-test/target/test-dir/MiniOzoneClusterImpl-5db8d0d9-7b2e-49d0-b294-9cc54400926c/datanode-0/data/ratis/c883051a-8e65-4ecf-ae14-5af67e502a6e: created new log segment /tmp/workdir/hadoop-ozone/integration-test/target/test-dir/MiniOzoneClusterImpl-5db8d0d9-7b2e-49d0-b294-9cc54400926c/datanode-0/data/ratis/c883051a-8e65-4ecf-ae14-5af67e502a6e/current/log_inprogress_0
2019-07-13 07:39:40,853 INFO  impl.FollowerState (FollowerState.java:run(106)) - 9d7ca9e8-4eb3-4ba1-8fc6-d0f91e5ce981:group-6E2C1E7B15AE changes to CANDIDATE, lastRpcTime:5137, electionTimeout:5137ms
2019-07-13 07:39:40,853 INFO  impl.RoleInfo (RoleInfo.java:shutdownFollowerState(121)) - 9d7ca9e8-4eb3-4ba1-8fc6-d0f91e5ce981: shutdown FollowerState
2019-07-13 07:39:40,853 INFO  impl.RaftServerImpl (RaftServerImpl.java:setRole(171)) - 9d7ca9e8-4eb3-4ba1-8fc6-d0f91e5ce981:group-6E2C1E7B15AE changes role from FOLLOWER to CANDIDATE at term 0 for changeToCandidate
2019-07-13 07:39:40,853 INFO  impl.RoleInfo (RoleInfo.java:updateAndGet(143)) - 9d7ca9e8-4eb3-4ba1-8fc6-d0f91e5ce981: start LeaderElection
2019-07-13 07:39:40,889 INFO  impl.LeaderElection (LeaderElection.java:askForVotes(181)) - 9d7ca9e8-4eb3-4ba1-8fc6-d0f91e5ce981:group-6E2C1E7B15AE:LeaderElection63: begin an election at term 1 for -1: [9d7ca9e8-4eb3-4ba1-8fc6-d0f91e5ce981:192.168.69.84:36747], old=null
2019-07-13 07:39:40,889 INFO  impl.RoleInfo (RoleInfo.java:shutdownLeaderElection(134)) - 9d7ca9e8-4eb3-4ba1-8fc6-d0f91e5ce981: shutdown LeaderElection
2019-07-13 07:39:40,889 INFO  impl.RaftServerImpl (RaftServerImpl.java:setRole(171)) - 9d7ca9e8-4eb3-4ba1-8fc6-d0f91e5ce981:group-6E2C1E7B15AE changes role from CANDIDATE to LEADER at term 1 for changeToLeader
2019-07-13 07:39:40,889 INFO  impl.RaftServerImpl (ServerState.java:setLeader(263)) - 9d7ca9e8-4eb3-4ba1-8fc6-d0f91e5ce981:group-6E2C1E7B15AE change Leader from null to 9d7ca9e8-4eb3-4ba1-8fc6-d0f91e5ce981 at term 1 for becomeLeader, leader elected after 5178ms
2019-07-13 07:39:40,892 INFO  server.RaftServerConfigKeys (ConfUtils.java:logGet(43)) - raft.server.staging.catchup.gap = 1000 (default)
2019-07-13 07:39:40,892 INFO  server.RaftServerConfigKeys (ConfUtils.java:logGet(43)) - raft.server.rpc.sleep.time = 25ms (default)
2019-07-13 07:39:40,892 INFO  server.RaftServerConfigKeys (ConfUtils.java:logGet(43)) - raft.server.write.element-limit = 4096 (default)
2019-07-13 07:39:40,893 INFO  server.RaftServerConfigKeys (ConfUtils.java:logGet(43)) - raft.server.watch.timeout = 10s (default)
2019-07-13 07:39:40,893 INFO  server.RaftServerConfigKeys (ConfUtils.java:logGet(43)) - raft.server.watch.timeout.denomination = 1s (default)
2019-07-13 07:39:40,893 INFO  server.RaftServerConfigKeys (ConfUtils.java:logGet(43)) - raft.server.watch.element-limit = 65536 (default)
2019-07-13 07:39:40,893 INFO  impl.RoleInfo (RoleInfo.java:updateAndGet(143)) - 9d7ca9e8-4eb3-4ba1-8fc6-d0f91e5ce981: start LeaderState
2019-07-13 07:39:40,893 INFO  segmented.SegmentedRaftLogWorker (SegmentedRaftLogWorker.java:startLogSegment(380)) - 9d7ca9e8-4eb3-4ba1-8fc6-d0f91e5ce981-SegmentedRaftLogWorker:Storage Directory /tmp/workdir/hadoop-ozone/integration-test/target/test-dir/MiniOzoneClusterImpl-5db8d0d9-7b2e-49d0-b294-9cc54400926c/datanode-1/data/ratis/80bd2112-f439-4864-a08d-6e2c1e7b15ae: Starting segment from index:0
2019-07-13 07:39:40,894 INFO  impl.RaftServerImpl (ServerState.java:setRaftConf(361)) - 9d7ca9e8-4eb3-4ba1-8fc6-d0f91e5ce981:group-6E2C1E7B15AE set configuration 0: [9d7ca9e8-4eb3-4ba1-8fc6-d0f91e5ce981:192.168.69.84:36747], old=null at 0
2019-07-13 07:39:40,925 INFO  segmented.SegmentedRaftLogWorker (SegmentedRaftLogWorker.java:execute(569)) - 9d7ca9e8-4eb3-4ba1-8fc6-d0f91e5ce981-SegmentedRaftLogWorker:Storage Directory /tmp/workdir/hadoop-ozone/integration-test/target/test-dir/MiniOzoneClusterImpl-5db8d0d9-7b2e-49d0-b294-9cc54400926c/datanode-1/data/ratis/80bd2112-f439-4864-a08d-6e2c1e7b15ae: created new log segment /tmp/workdir/hadoop-ozone/integration-test/target/test-dir/MiniOzoneClusterImpl-5db8d0d9-7b2e-49d0-b294-9cc54400926c/datanode-1/data/ratis/80bd2112-f439-4864-a08d-6e2c1e7b15ae/current/log_inprogress_0
2019-07-13 07:39:40,984 INFO  client.GrpcClientProtocolClient (GrpcClientProtocolClient.java:onNext(255)) - client-2084FF4BF3E8->687735de-0bff-44bf-8b08-cd771def1d24: receive RaftClientReply:client-2084FF4BF3E8->687735de-0bff-44bf-8b08-cd771def1d24@group-51C9F9B3C848, cid=177, FAILED org.apache.ratis.protocol.NotLeaderException: Server 687735de-0bff-44bf-8b08-cd771def1d24 is not the leader (null). Request must be sent to leader., logIndex=0, commits[687735de-0bff-44bf-8b08-cd771def1d24:c-1]
2019-07-13 07:39:41,111 INFO  impl.FollowerState (FollowerState.java:run(106)) - 2a903e71-8982-4465-9171-f1a05d214b1a:group-D71A1CDFA855 changes to CANDIDATE, lastRpcTime:5063, electionTimeout:5063ms
2019-07-13 07:39:41,111 INFO  impl.RoleInfo (RoleInfo.java:shutdownFollowerState(121)) - 2a903e71-8982-4465-9171-f1a05d214b1a: shutdown FollowerState
2019-07-13 07:39:41,111 INFO  impl.RaftServerImpl (RaftServerImpl.java:setRole(171)) - 2a903e71-8982-4465-9171-f1a05d214b1a:group-D71A1CDFA855 changes role from FOLLOWER to CANDIDATE at term 0 for changeToCandidate
2019-07-13 07:39:41,111 INFO  impl.RoleInfo (RoleInfo.java:updateAndGet(143)) - 2a903e71-8982-4465-9171-f1a05d214b1a: start LeaderElection
2019-07-13 07:39:41,141 INFO  impl.LeaderElection (LeaderElection.java:askForVotes(181)) - 2a903e71-8982-4465-9171-f1a05d214b1a:group-D71A1CDFA855:LeaderElection64: begin an election at term 1 for -1: [2a903e71-8982-4465-9171-f1a05d214b1a:192.168.69.84:34819], old=null
2019-07-13 07:39:41,141 INFO  impl.RoleInfo (RoleInfo.java:shutdownLeaderElection(134)) - 2a903e71-8982-4465-9171-f1a05d214b1a: shutdown LeaderElection
2019-07-13 07:39:41,141 INFO  impl.RaftServerImpl (RaftServerImpl.java:setRole(171)) - 2a903e71-8982-4465-9171-f1a05d214b1a:group-D71A1CDFA855 changes role from CANDIDATE to LEADER at term 1 for changeToLeader
2019-07-13 07:39:41,141 INFO  impl.RaftServerImpl (ServerState.java:setLeader(263)) - 2a903e71-8982-4465-9171-f1a05d214b1a:group-D71A1CDFA855 change Leader from null to 2a903e71-8982-4465-9171-f1a05d214b1a at term 1 for becomeLeader, leader elected after 5098ms
2019-07-13 07:39:41,144 INFO  server.RaftServerConfigKeys (ConfUtils.java:logGet(43)) - raft.server.staging.catchup.gap = 1000 (default)
2019-07-13 07:39:41,144 INFO  server.RaftServerConfigKeys (ConfUtils.java:logGet(43)) - raft.server.rpc.sleep.time = 25ms (default)
2019-07-13 07:39:41,144 INFO  server.RaftServerConfigKeys (ConfUtils.java:logGet(43)) - raft.server.write.element-limit = 4096 (default)
2019-07-13 07:39:41,145 INFO  server.RaftServerConfigKeys (ConfUtils.java:logGet(43)) - raft.server.watch.timeout = 10s (default)
2019-07-13 07:39:41,145 INFO  server.RaftServerConfigKeys (ConfUtils.java:logGet(43)) - raft.server.watch.timeout.denomination = 1s (default)
2019-07-13 07:39:41,145 INFO  server.RaftServerConfigKeys (ConfUtils.java:logGet(43)) - raft.server.watch.element-limit = 65536 (default)
2019-07-13 07:39:41,145 INFO  impl.RoleInfo (RoleInfo.java:updateAndGet(143)) - 2a903e71-8982-4465-9171-f1a05d214b1a: start LeaderState
2019-07-13 07:39:41,145 INFO  segmented.SegmentedRaftLogWorker (SegmentedRaftLogWorker.java:startLogSegment(380)) - 2a903e71-8982-4465-9171-f1a05d214b1a-SegmentedRaftLogWorker:Storage Directory /tmp/workdir/hadoop-ozone/integration-test/target/test-dir/MiniOzoneClusterImpl-5db8d0d9-7b2e-49d0-b294-9cc54400926c/datanode-2/data/ratis/1e77f2f1-716f-4a33-bfd0-d71a1cdfa855: Starting segment from index:0
2019-07-13 07:39:41,146 INFO  impl.RaftServerImpl (ServerState.java:setRaftConf(361)) - 2a903e71-8982-4465-9171-f1a05d214b1a:group-D71A1CDFA855 set configuration 0: [2a903e71-8982-4465-9171-f1a05d214b1a:192.168.69.84:34819], old=null at 0
2019-07-13 07:39:41,171 INFO  segmented.SegmentedRaftLogWorker (SegmentedRaftLogWorker.java:execute(569)) - 2a903e71-8982-4465-9171-f1a05d214b1a-SegmentedRaftLogWorker:Storage Directory /tmp/workdir/hadoop-ozone/integration-test/target/test-dir/MiniOzoneClusterImpl-5db8d0d9-7b2e-49d0-b294-9cc54400926c/datanode-2/data/ratis/1e77f2f1-716f-4a33-bfd0-d71a1cdfa855: created new log segment /tmp/workdir/hadoop-ozone/integration-test/target/test-dir/MiniOzoneClusterImpl-5db8d0d9-7b2e-49d0-b294-9cc54400926c/datanode-2/data/ratis/1e77f2f1-716f-4a33-bfd0-d71a1cdfa855/current/log_inprogress_0
2019-07-13 07:39:41,193 INFO  impl.FollowerState (FollowerState.java:run(106)) - 9d7ca9e8-4eb3-4ba1-8fc6-d0f91e5ce981:group-51C9F9B3C848 changes to CANDIDATE, lastRpcTime:5082, electionTimeout:5082ms
2019-07-13 07:39:41,193 INFO  impl.RoleInfo (RoleInfo.java:shutdownFollowerState(121)) - 9d7ca9e8-4eb3-4ba1-8fc6-d0f91e5ce981: shutdown FollowerState
2019-07-13 07:39:41,193 INFO  impl.RaftServerImpl (RaftServerImpl.java:setRole(171)) - 9d7ca9e8-4eb3-4ba1-8fc6-d0f91e5ce981:group-51C9F9B3C848 changes role from FOLLOWER to CANDIDATE at term 0 for changeToCandidate
2019-07-13 07:39:41,193 INFO  impl.RoleInfo (RoleInfo.java:updateAndGet(143)) - 9d7ca9e8-4eb3-4ba1-8fc6-d0f91e5ce981: start LeaderElection
2019-07-13 07:39:41,221 INFO  impl.LeaderElection (LeaderElection.java:askForVotes(181)) - 9d7ca9e8-4eb3-4ba1-8fc6-d0f91e5ce981:group-51C9F9B3C848:LeaderElection65: begin an election at term 1 for -1: [687735de-0bff-44bf-8b08-cd771def1d24:192.168.69.84:45247, 9d7ca9e8-4eb3-4ba1-8fc6-d0f91e5ce981:192.168.69.84:36747, 2a903e71-8982-4465-9171-f1a05d214b1a:192.168.69.84:34819], old=null
2019-07-13 07:39:41,226 INFO  impl.RaftServerImpl (RaftServerImpl.java:setRole(171)) - 2a903e71-8982-4465-9171-f1a05d214b1a:group-51C9F9B3C848 changes role from FOLLOWER to FOLLOWER at term 1 for recognizeCandidate:9d7ca9e8-4eb3-4ba1-8fc6-d0f91e5ce981
2019-07-13 07:39:41,226 INFO  impl.RaftServerImpl (RaftServerImpl.java:setRole(171)) - 687735de-0bff-44bf-8b08-cd771def1d24:group-51C9F9B3C848 changes role from FOLLOWER to FOLLOWER at term 1 for recognizeCandidate:9d7ca9e8-4eb3-4ba1-8fc6-d0f91e5ce981
2019-07-13 07:39:41,226 INFO  impl.RoleInfo (RoleInfo.java:shutdownFollowerState(121)) - 2a903e71-8982-4465-9171-f1a05d214b1a: shutdown FollowerState
2019-07-13 07:39:41,226 INFO  impl.RoleInfo (RoleInfo.java:shutdownFollowerState(121)) - 687735de-0bff-44bf-8b08-cd771def1d24: shutdown FollowerState
2019-07-13 07:39:41,226 INFO  impl.FollowerState (FollowerState.java:run(114)) - 2a903e71-8982-4465-9171-f1a05d214b1a: FollowerState was interrupted: java.lang.InterruptedException: sleep interrupted
2019-07-13 07:39:41,226 INFO  impl.RoleInfo (RoleInfo.java:updateAndGet(143)) - 2a903e71-8982-4465-9171-f1a05d214b1a: start FollowerState
2019-07-13 07:39:41,227 INFO  impl.FollowerState (FollowerState.java:run(114)) - 687735de-0bff-44bf-8b08-cd771def1d24: FollowerState was interrupted: java.lang.InterruptedException: sleep interrupted
2019-07-13 07:39:41,226 INFO  impl.RoleInfo (RoleInfo.java:updateAndGet(143)) - 687735de-0bff-44bf-8b08-cd771def1d24: start FollowerState
2019-07-13 07:39:41,247 INFO  impl.LeaderElection (LeaderElection.java:logAndReturn(56)) - 9d7ca9e8-4eb3-4ba1-8fc6-d0f91e5ce981:group-51C9F9B3C848:LeaderElection65: Election PASSED; received 1 response(s) [9d7ca9e8-4eb3-4ba1-8fc6-d0f91e5ce981<-687735de-0bff-44bf-8b08-cd771def1d24#0:OK-t1] and 0 exception(s); 9d7ca9e8-4eb3-4ba1-8fc6-d0f91e5ce981:t1, leader=null, voted=9d7ca9e8-4eb3-4ba1-8fc6-d0f91e5ce981, raftlog=9d7ca9e8-4eb3-4ba1-8fc6-d0f91e5ce981-SegmentedRaftLog:OPENED:c-1,f-1,i0, conf=-1: [687735de-0bff-44bf-8b08-cd771def1d24:192.168.69.84:45247, 9d7ca9e8-4eb3-4ba1-8fc6-d0f91e5ce981:192.168.69.84:36747, 2a903e71-8982-4465-9171-f1a05d214b1a:192.168.69.84:34819], old=null
2019-07-13 07:39:41,247 INFO  impl.RoleInfo (RoleInfo.java:shutdownLeaderElection(134)) - 9d7ca9e8-4eb3-4ba1-8fc6-d0f91e5ce981: shutdown LeaderElection
2019-07-13 07:39:41,247 INFO  impl.RaftServerImpl (RaftServerImpl.java:setRole(171)) - 9d7ca9e8-4eb3-4ba1-8fc6-d0f91e5ce981:group-51C9F9B3C848 changes role from CANDIDATE to LEADER at term 1 for changeToLeader
2019-07-13 07:39:41,247 INFO  impl.RaftServerImpl (ServerState.java:setLeader(263)) - 9d7ca9e8-4eb3-4ba1-8fc6-d0f91e5ce981:group-51C9F9B3C848 change Leader from null to 9d7ca9e8-4eb3-4ba1-8fc6-d0f91e5ce981 at term 1 for becomeLeader, leader elected after 5144ms
2019-07-13 07:39:41,247 INFO  server.RaftServerConfigKeys (ConfUtils.java:logGet(43)) - raft.server.staging.catchup.gap = 1000 (default)
2019-07-13 07:39:41,248 INFO  server.RaftServerConfigKeys (ConfUtils.java:logGet(43)) - raft.server.rpc.sleep.time = 25ms (default)
2019-07-13 07:39:41,248 INFO  server.RaftServerConfigKeys (ConfUtils.java:logGet(43)) - raft.server.write.element-limit = 4096 (default)
2019-07-13 07:39:41,248 INFO  server.RaftServerConfigKeys (ConfUtils.java:logGet(43)) - raft.server.watch.timeout = 10s (default)
2019-07-13 07:39:41,248 INFO  server.RaftServerConfigKeys (ConfUtils.java:logGet(43)) - raft.server.watch.timeout.denomination = 1s (default)
2019-07-13 07:39:41,248 INFO  server.RaftServerConfigKeys (ConfUtils.java:logGet(43)) - raft.server.watch.element-limit = 65536 (default)
2019-07-13 07:39:41,249 INFO  server.RaftServerConfigKeys (ConfUtils.java:logGet(43)) - raft.server.log.appender.snapshot.chunk.size.max = 16MB (=16777216) (default)
2019-07-13 07:39:41,249 INFO  server.RaftServerConfigKeys (ConfUtils.java:logGet(43)) - raft.server.log.appender.buffer.byte-limit = 33554432 (custom)
2019-07-13 07:39:41,249 INFO  server.RaftServerConfigKeys (ConfUtils.java:logGet(43)) - raft.server.log.appender.buffer.element-limit = 1 (custom)
2019-07-13 07:39:41,249 INFO  grpc.GrpcConfigKeys$Server (ConfUtils.java:logGet(43)) - raft.grpc.server.leader.outstanding.appends.max = 128 (default)
2019-07-13 07:39:41,249 INFO  server.RaftServerConfigKeys (ConfUtils.java:logGet(43)) - raft.server.rpc.request.timeout = 3000ms (default)
2019-07-13 07:39:41,250 INFO  server.RaftServerConfigKeys (ConfUtils.java:logGet(43)) - raft.server.log.appender.install.snapshot.enabled = false (custom)
2019-07-13 07:39:41,250 INFO  server.RaftServerConfigKeys (ConfUtils.java:logGet(43)) - raft.server.log.appender.snapshot.chunk.size.max = 16MB (=16777216) (default)
2019-07-13 07:39:41,250 INFO  server.RaftServerConfigKeys (ConfUtils.java:logGet(43)) - raft.server.log.appender.buffer.byte-limit = 33554432 (custom)
2019-07-13 07:39:41,250 INFO  server.RaftServerConfigKeys (ConfUtils.java:logGet(43)) - raft.server.log.appender.buffer.element-limit = 1 (custom)
2019-07-13 07:39:41,250 INFO  grpc.GrpcConfigKeys$Server (ConfUtils.java:logGet(43)) - raft.grpc.server.leader.outstanding.appends.max = 128 (default)
2019-07-13 07:39:41,251 INFO  server.RaftServerConfigKeys (ConfUtils.java:logGet(43)) - raft.server.rpc.request.timeout = 3000ms (default)
2019-07-13 07:39:41,251 INFO  server.RaftServerConfigKeys (ConfUtils.java:logGet(43)) - raft.server.log.appender.install.snapshot.enabled = false (custom)
2019-07-13 07:39:41,251 INFO  impl.RoleInfo (RoleInfo.java:updateAndGet(143)) - 9d7ca9e8-4eb3-4ba1-8fc6-d0f91e5ce981: start LeaderState
2019-07-13 07:39:41,251 INFO  segmented.SegmentedRaftLogWorker (SegmentedRaftLogWorker.java:startLogSegment(380)) - 9d7ca9e8-4eb3-4ba1-8fc6-d0f91e5ce981-SegmentedRaftLogWorker:Storage Directory /tmp/workdir/hadoop-ozone/integration-test/target/test-dir/MiniOzoneClusterImpl-5db8d0d9-7b2e-49d0-b294-9cc54400926c/datanode-1/data/ratis/16c2ca4a-2fb0-44d4-9f4b-51c9f9b3c848: Starting segment from index:0
2019-07-13 07:39:41,252 INFO  impl.RaftServerImpl (ServerState.java:setRaftConf(361)) - 9d7ca9e8-4eb3-4ba1-8fc6-d0f91e5ce981:group-51C9F9B3C848 set configuration 0: [687735de-0bff-44bf-8b08-cd771def1d24:192.168.69.84:45247, 9d7ca9e8-4eb3-4ba1-8fc6-d0f91e5ce981:192.168.69.84:36747, 2a903e71-8982-4465-9171-f1a05d214b1a:192.168.69.84:34819], old=null at 0
2019-07-13 07:39:41,253 INFO  impl.RaftServerImpl (ServerState.java:setLeader(263)) - 687735de-0bff-44bf-8b08-cd771def1d24:group-51C9F9B3C848 change Leader from null to 9d7ca9e8-4eb3-4ba1-8fc6-d0f91e5ce981 at term 1 for appendEntries, leader elected after 5150ms
2019-07-13 07:39:41,253 INFO  impl.RaftServerImpl (ServerState.java:setLeader(263)) - 2a903e71-8982-4465-9171-f1a05d214b1a:group-51C9F9B3C848 change Leader from null to 9d7ca9e8-4eb3-4ba1-8fc6-d0f91e5ce981 at term 1 for appendEntries, leader elected after 5150ms
2019-07-13 07:39:41,279 INFO  impl.RaftServerImpl (ServerState.java:setRaftConf(361)) - 687735de-0bff-44bf-8b08-cd771def1d24:group-51C9F9B3C848 set configuration 0: [687735de-0bff-44bf-8b08-cd771def1d24:192.168.69.84:45247, 9d7ca9e8-4eb3-4ba1-8fc6-d0f91e5ce981:192.168.69.84:36747, 2a903e71-8982-4465-9171-f1a05d214b1a:192.168.69.84:34819], old=null at 0
2019-07-13 07:39:41,279 INFO  impl.RaftServerImpl (ServerState.java:setRaftConf(361)) - 2a903e71-8982-4465-9171-f1a05d214b1a:group-51C9F9B3C848 set configuration 0: [687735de-0bff-44bf-8b08-cd771def1d24:192.168.69.84:45247, 9d7ca9e8-4eb3-4ba1-8fc6-d0f91e5ce981:192.168.69.84:36747, 2a903e71-8982-4465-9171-f1a05d214b1a:192.168.69.84:34819], old=null at 0
2019-07-13 07:39:41,280 INFO  segmented.SegmentedRaftLogWorker (SegmentedRaftLogWorker.java:startLogSegment(380)) - 687735de-0bff-44bf-8b08-cd771def1d24-SegmentedRaftLogWorker:Storage Directory /tmp/workdir/hadoop-ozone/integration-test/target/test-dir/MiniOzoneClusterImpl-5db8d0d9-7b2e-49d0-b294-9cc54400926c/datanode-0/data/ratis/16c2ca4a-2fb0-44d4-9f4b-51c9f9b3c848: Starting segment from index:0
2019-07-13 07:39:41,280 INFO  segmented.SegmentedRaftLogWorker (SegmentedRaftLogWorker.java:startLogSegment(380)) - 2a903e71-8982-4465-9171-f1a05d214b1a-SegmentedRaftLogWorker:Storage Directory /tmp/workdir/hadoop-ozone/integration-test/target/test-dir/MiniOzoneClusterImpl-5db8d0d9-7b2e-49d0-b294-9cc54400926c/datanode-2/data/ratis/16c2ca4a-2fb0-44d4-9f4b-51c9f9b3c848: Starting segment from index:0
2019-07-13 07:39:41,287 INFO  segmented.SegmentedRaftLogWorker (SegmentedRaftLogWorker.java:execute(569)) - 9d7ca9e8-4eb3-4ba1-8fc6-d0f91e5ce981-SegmentedRaftLogWorker:Storage Directory /tmp/workdir/hadoop-ozone/integration-test/target/test-dir/MiniOzoneClusterImpl-5db8d0d9-7b2e-49d0-b294-9cc54400926c/datanode-1/data/ratis/16c2ca4a-2fb0-44d4-9f4b-51c9f9b3c848: created new log segment /tmp/workdir/hadoop-ozone/integration-test/target/test-dir/MiniOzoneClusterImpl-5db8d0d9-7b2e-49d0-b294-9cc54400926c/datanode-1/data/ratis/16c2ca4a-2fb0-44d4-9f4b-51c9f9b3c848/current/log_inprogress_0
2019-07-13 07:39:41,312 INFO  segmented.SegmentedRaftLogWorker (SegmentedRaftLogWorker.java:execute(569)) - 687735de-0bff-44bf-8b08-cd771def1d24-SegmentedRaftLogWorker:Storage Directory /tmp/workdir/hadoop-ozone/integration-test/target/test-dir/MiniOzoneClusterImpl-5db8d0d9-7b2e-49d0-b294-9cc54400926c/datanode-0/data/ratis/16c2ca4a-2fb0-44d4-9f4b-51c9f9b3c848: created new log segment /tmp/workdir/hadoop-ozone/integration-test/target/test-dir/MiniOzoneClusterImpl-5db8d0d9-7b2e-49d0-b294-9cc54400926c/datanode-0/data/ratis/16c2ca4a-2fb0-44d4-9f4b-51c9f9b3c848/current/log_inprogress_0
2019-07-13 07:39:41,312 INFO  segmented.SegmentedRaftLogWorker (SegmentedRaftLogWorker.java:execute(569)) - 2a903e71-8982-4465-9171-f1a05d214b1a-SegmentedRaftLogWorker:Storage Directory /tmp/workdir/hadoop-ozone/integration-test/target/test-dir/MiniOzoneClusterImpl-5db8d0d9-7b2e-49d0-b294-9cc54400926c/datanode-2/data/ratis/16c2ca4a-2fb0-44d4-9f4b-51c9f9b3c848: created new log segment /tmp/workdir/hadoop-ozone/integration-test/target/test-dir/MiniOzoneClusterImpl-5db8d0d9-7b2e-49d0-b294-9cc54400926c/datanode-2/data/ratis/16c2ca4a-2fb0-44d4-9f4b-51c9f9b3c848/current/log_inprogress_0
2019-07-13 07:39:41,405 INFO  impl.FollowerState (FollowerState.java:run(106)) - 9ea7eee3-32e7-4b40-8531-82df8ed04587:group-CD984BA8D433 changes to CANDIDATE, lastRpcTime:5109, electionTimeout:5109ms
2019-07-13 07:39:41,405 INFO  impl.RoleInfo (RoleInfo.java:shutdownFollowerState(121)) - 9ea7eee3-32e7-4b40-8531-82df8ed04587: shutdown FollowerState
2019-07-13 07:39:41,405 INFO  impl.RaftServerImpl (RaftServerImpl.java:setRole(171)) - 9ea7eee3-32e7-4b40-8531-82df8ed04587:group-CD984BA8D433 changes role from FOLLOWER to CANDIDATE at term 0 for changeToCandidate
2019-07-13 07:39:41,406 INFO  impl.RoleInfo (RoleInfo.java:updateAndGet(143)) - 9ea7eee3-32e7-4b40-8531-82df8ed04587: start LeaderElection
2019-07-13 07:39:41,438 INFO  impl.LeaderElection (LeaderElection.java:askForVotes(181)) - 9ea7eee3-32e7-4b40-8531-82df8ed04587:group-CD984BA8D433:LeaderElection66: begin an election at term 1 for -1: [9ea7eee3-32e7-4b40-8531-82df8ed04587:192.168.69.84:38764], old=null
2019-07-13 07:39:41,439 INFO  impl.RoleInfo (RoleInfo.java:shutdownLeaderElection(134)) - 9ea7eee3-32e7-4b40-8531-82df8ed04587: shutdown LeaderElection
2019-07-13 07:39:41,439 INFO  impl.RaftServerImpl (RaftServerImpl.java:setRole(171)) - 9ea7eee3-32e7-4b40-8531-82df8ed04587:group-CD984BA8D433 changes role from CANDIDATE to LEADER at term 1 for changeToLeader
2019-07-13 07:39:41,439 INFO  impl.RaftServerImpl (ServerState.java:setLeader(263)) - 9ea7eee3-32e7-4b40-8531-82df8ed04587:group-CD984BA8D433 change Leader from null to 9ea7eee3-32e7-4b40-8531-82df8ed04587 at term 1 for becomeLeader, leader elected after 5147ms
2019-07-13 07:39:41,441 INFO  server.RaftServerConfigKeys (ConfUtils.java:logGet(43)) - raft.server.staging.catchup.gap = 1000 (default)
2019-07-13 07:39:41,442 INFO  server.RaftServerConfigKeys (ConfUtils.java:logGet(43)) - raft.server.rpc.sleep.time = 25ms (default)
2019-07-13 07:39:41,442 INFO  server.RaftServerConfigKeys (ConfUtils.java:logGet(43)) - raft.server.write.element-limit = 4096 (default)
2019-07-13 07:39:41,442 INFO  server.RaftServerConfigKeys (ConfUtils.java:logGet(43)) - raft.server.watch.timeout = 10s (default)
2019-07-13 07:39:41,442 INFO  server.RaftServerConfigKeys (ConfUtils.java:logGet(43)) - raft.server.watch.timeout.denomination = 1s (default)
2019-07-13 07:39:41,442 INFO  server.RaftServerConfigKeys (ConfUtils.java:logGet(43)) - raft.server.watch.element-limit = 65536 (default)
2019-07-13 07:39:41,443 INFO  impl.RoleInfo (RoleInfo.java:updateAndGet(143)) - 9ea7eee3-32e7-4b40-8531-82df8ed04587: start LeaderState
2019-07-13 07:39:41,443 INFO  segmented.SegmentedRaftLogWorker (SegmentedRaftLogWorker.java:startLogSegment(380)) - 9ea7eee3-32e7-4b40-8531-82df8ed04587-SegmentedRaftLogWorker:Storage Directory /tmp/workdir/hadoop-ozone/integration-test/target/test-dir/MiniOzoneClusterImpl-5db8d0d9-7b2e-49d0-b294-9cc54400926c/datanode-3/data/ratis/5fd74f65-bf9c-4d61-957f-cd984ba8d433: Starting segment from index:0
2019-07-13 07:39:41,444 INFO  impl.RaftServerImpl (ServerState.java:setRaftConf(361)) - 9ea7eee3-32e7-4b40-8531-82df8ed04587:group-CD984BA8D433 set configuration 0: [9ea7eee3-32e7-4b40-8531-82df8ed04587:192.168.69.84:38764], old=null at 0
2019-07-13 07:39:41,477 INFO  segmented.SegmentedRaftLogWorker (SegmentedRaftLogWorker.java:execute(569)) - 9ea7eee3-32e7-4b40-8531-82df8ed04587-SegmentedRaftLogWorker:Storage Directory /tmp/workdir/hadoop-ozone/integration-test/target/test-dir/MiniOzoneClusterImpl-5db8d0d9-7b2e-49d0-b294-9cc54400926c/datanode-3/data/ratis/5fd74f65-bf9c-4d61-957f-cd984ba8d433: created new log segment /tmp/workdir/hadoop-ozone/integration-test/target/test-dir/MiniOzoneClusterImpl-5db8d0d9-7b2e-49d0-b294-9cc54400926c/datanode-3/data/ratis/5fd74f65-bf9c-4d61-957f-cd984ba8d433/current/log_inprogress_0
2019-07-13 07:39:41,570 INFO  impl.FollowerState (FollowerState.java:run(106)) - 4bd246ec-e959-4af3-9aa7-18f26941d8d8:group-E603B38D920E changes to CANDIDATE, lastRpcTime:5027, electionTimeout:5027ms
2019-07-13 07:39:41,570 INFO  impl.RoleInfo (RoleInfo.java:shutdownFollowerState(121)) - 4bd246ec-e959-4af3-9aa7-18f26941d8d8: shutdown FollowerState
2019-07-13 07:39:41,570 INFO  impl.RaftServerImpl (RaftServerImpl.java:setRole(171)) - 4bd246ec-e959-4af3-9aa7-18f26941d8d8:group-E603B38D920E changes role from FOLLOWER to CANDIDATE at term 0 for changeToCandidate
2019-07-13 07:39:41,570 INFO  impl.RoleInfo (RoleInfo.java:updateAndGet(143)) - 4bd246ec-e959-4af3-9aa7-18f26941d8d8: start LeaderElection
2019-07-13 07:39:41,588 INFO  impl.LeaderElection (LeaderElection.java:askForVotes(181)) - 4bd246ec-e959-4af3-9aa7-18f26941d8d8:group-E603B38D920E:LeaderElection67: begin an election at term 1 for -1: [4bd246ec-e959-4af3-9aa7-18f26941d8d8:192.168.69.84:32792], old=null
2019-07-13 07:39:41,589 INFO  impl.RoleInfo (RoleInfo.java:shutdownLeaderElection(134)) - 4bd246ec-e959-4af3-9aa7-18f26941d8d8: shutdown LeaderElection
2019-07-13 07:39:41,589 INFO  impl.RaftServerImpl (RaftServerImpl.java:setRole(171)) - 4bd246ec-e959-4af3-9aa7-18f26941d8d8:group-E603B38D920E changes role from CANDIDATE to LEADER at term 1 for changeToLeader
2019-07-13 07:39:41,589 INFO  impl.RaftServerImpl (ServerState.java:setLeader(263)) - 4bd246ec-e959-4af3-9aa7-18f26941d8d8:group-E603B38D920E change Leader from null to 4bd246ec-e959-4af3-9aa7-18f26941d8d8 at term 1 for becomeLeader, leader elected after 5051ms
2019-07-13 07:39:41,591 INFO  server.RaftServerConfigKeys (ConfUtils.java:logGet(43)) - raft.server.staging.catchup.gap = 1000 (default)
2019-07-13 07:39:41,591 INFO  server.RaftServerConfigKeys (ConfUtils.java:logGet(43)) - raft.server.rpc.sleep.time = 25ms (default)
2019-07-13 07:39:41,592 INFO  server.RaftServerConfigKeys (ConfUtils.java:logGet(43)) - raft.server.write.element-limit = 4096 (default)
2019-07-13 07:39:41,592 INFO  server.RaftServerConfigKeys (ConfUtils.java:logGet(43)) - raft.server.watch.timeout = 10s (default)
2019-07-13 07:39:41,592 INFO  server.RaftServerConfigKeys (ConfUtils.java:logGet(43)) - raft.server.watch.timeout.denomination = 1s (default)
2019-07-13 07:39:41,592 INFO  server.RaftServerConfigKeys (ConfUtils.java:logGet(43)) - raft.server.watch.element-limit = 65536 (default)
2019-07-13 07:39:41,592 INFO  impl.RoleInfo (RoleInfo.java:updateAndGet(143)) - 4bd246ec-e959-4af3-9aa7-18f26941d8d8: start LeaderState
2019-07-13 07:39:41,592 INFO  segmented.SegmentedRaftLogWorker (SegmentedRaftLogWorker.java:startLogSegment(380)) - 4bd246ec-e959-4af3-9aa7-18f26941d8d8-SegmentedRaftLogWorker:Storage Directory /tmp/workdir/hadoop-ozone/integration-test/target/test-dir/MiniOzoneClusterImpl-5db8d0d9-7b2e-49d0-b294-9cc54400926c/datanode-4/data/ratis/9af0c402-cf6e-4da2-877e-e603b38d920e: Starting segment from index:0
2019-07-13 07:39:41,593 INFO  impl.RaftServerImpl (ServerState.java:setRaftConf(361)) - 4bd246ec-e959-4af3-9aa7-18f26941d8d8:group-E603B38D920E set configuration 0: [4bd246ec-e959-4af3-9aa7-18f26941d8d8:192.168.69.84:32792], old=null at 0
2019-07-13 07:39:41,626 INFO  segmented.SegmentedRaftLogWorker (SegmentedRaftLogWorker.java:execute(569)) - 4bd246ec-e959-4af3-9aa7-18f26941d8d8-SegmentedRaftLogWorker:Storage Directory /tmp/workdir/hadoop-ozone/integration-test/target/test-dir/MiniOzoneClusterImpl-5db8d0d9-7b2e-49d0-b294-9cc54400926c/datanode-4/data/ratis/9af0c402-cf6e-4da2-877e-e603b38d920e: created new log segment /tmp/workdir/hadoop-ozone/integration-test/target/test-dir/MiniOzoneClusterImpl-5db8d0d9-7b2e-49d0-b294-9cc54400926c/datanode-4/data/ratis/9af0c402-cf6e-4da2-877e-e603b38d920e/current/log_inprogress_0
2019-07-13 07:39:41,808 INFO  impl.FollowerState (FollowerState.java:run(106)) - 5b40d400-85e7-46b6-8046-09737cd51629:group-030A28EDD18C changes to CANDIDATE, lastRpcTime:5075, electionTimeout:5075ms
2019-07-13 07:39:41,808 INFO  impl.RoleInfo (RoleInfo.java:shutdownFollowerState(121)) - 5b40d400-85e7-46b6-8046-09737cd51629: shutdown FollowerState
2019-07-13 07:39:41,808 INFO  impl.RaftServerImpl (RaftServerImpl.java:setRole(171)) - 5b40d400-85e7-46b6-8046-09737cd51629:group-030A28EDD18C changes role from FOLLOWER to CANDIDATE at term 0 for changeToCandidate
2019-07-13 07:39:41,808 INFO  impl.RoleInfo (RoleInfo.java:updateAndGet(143)) - 5b40d400-85e7-46b6-8046-09737cd51629: start LeaderElection
2019-07-13 07:39:41,829 INFO  impl.FollowerState (FollowerState.java:run(106)) - 9ea7eee3-32e7-4b40-8531-82df8ed04587:group-815C21743DE3 changes to CANDIDATE, lastRpcTime:5038, electionTimeout:5038ms
2019-07-13 07:39:41,829 INFO  impl.RoleInfo (RoleInfo.java:shutdownFollowerState(121)) - 9ea7eee3-32e7-4b40-8531-82df8ed04587: shutdown FollowerState
2019-07-13 07:39:41,829 INFO  impl.RaftServerImpl (RaftServerImpl.java:setRole(171)) - 9ea7eee3-32e7-4b40-8531-82df8ed04587:group-815C21743DE3 changes role from FOLLOWER to CANDIDATE at term 0 for changeToCandidate
2019-07-13 07:39:41,830 INFO  impl.RoleInfo (RoleInfo.java:updateAndGet(143)) - 9ea7eee3-32e7-4b40-8531-82df8ed04587: start LeaderElection
2019-07-13 07:39:41,835 INFO  impl.LeaderElection (LeaderElection.java:askForVotes(181)) - 5b40d400-85e7-46b6-8046-09737cd51629:group-030A28EDD18C:LeaderElection68: begin an election at term 1 for -1: [5b40d400-85e7-46b6-8046-09737cd51629:192.168.69.84:44726], old=null
2019-07-13 07:39:41,835 INFO  impl.RoleInfo (RoleInfo.java:shutdownLeaderElection(134)) - 5b40d400-85e7-46b6-8046-09737cd51629: shutdown LeaderElection
2019-07-13 07:39:41,835 INFO  impl.RaftServerImpl (RaftServerImpl.java:setRole(171)) - 5b40d400-85e7-46b6-8046-09737cd51629:group-030A28EDD18C changes role from CANDIDATE to LEADER at term 1 for changeToLeader
2019-07-13 07:39:41,835 INFO  impl.RaftServerImpl (ServerState.java:setLeader(263)) - 5b40d400-85e7-46b6-8046-09737cd51629:group-030A28EDD18C change Leader from null to 5b40d400-85e7-46b6-8046-09737cd51629 at term 1 for becomeLeader, leader elected after 5107ms
2019-07-13 07:39:41,838 INFO  server.RaftServerConfigKeys (ConfUtils.java:logGet(43)) - raft.server.staging.catchup.gap = 1000 (default)
2019-07-13 07:39:41,838 INFO  impl.LeaderElection (LeaderElection.java:askForVotes(181)) - 9ea7eee3-32e7-4b40-8531-82df8ed04587:group-815C21743DE3:LeaderElection69: begin an election at term 1 for -1: [4bd246ec-e959-4af3-9aa7-18f26941d8d8:192.168.69.84:32792, 5b40d400-85e7-46b6-8046-09737cd51629:192.168.69.84:44726, 9ea7eee3-32e7-4b40-8531-82df8ed04587:192.168.69.84:38764], old=null
2019-07-13 07:39:41,838 INFO  server.RaftServerConfigKeys (ConfUtils.java:logGet(43)) - raft.server.rpc.sleep.time = 25ms (default)
2019-07-13 07:39:41,838 INFO  server.RaftServerConfigKeys (ConfUtils.java:logGet(43)) - raft.server.write.element-limit = 4096 (default)
2019-07-13 07:39:41,838 INFO  server.RaftServerConfigKeys (ConfUtils.java:logGet(43)) - raft.server.watch.timeout = 10s (default)
2019-07-13 07:39:41,839 INFO  server.RaftServerConfigKeys (ConfUtils.java:logGet(43)) - raft.server.watch.timeout.denomination = 1s (default)
2019-07-13 07:39:41,839 INFO  server.RaftServerConfigKeys (ConfUtils.java:logGet(43)) - raft.server.watch.element-limit = 65536 (default)
2019-07-13 07:39:41,839 INFO  impl.RoleInfo (RoleInfo.java:updateAndGet(143)) - 5b40d400-85e7-46b6-8046-09737cd51629: start LeaderState
2019-07-13 07:39:41,839 INFO  segmented.SegmentedRaftLogWorker (SegmentedRaftLogWorker.java:startLogSegment(380)) - 5b40d400-85e7-46b6-8046-09737cd51629-SegmentedRaftLogWorker:Storage Directory /tmp/workdir/hadoop-ozone/integration-test/target/test-dir/MiniOzoneClusterImpl-5db8d0d9-7b2e-49d0-b294-9cc54400926c/datanode-5/data/ratis/70552070-a19d-408f-9f4b-030a28edd18c: Starting segment from index:0
2019-07-13 07:39:41,840 INFO  impl.RaftServerImpl (ServerState.java:setRaftConf(361)) - 5b40d400-85e7-46b6-8046-09737cd51629:group-030A28EDD18C set configuration 0: [5b40d400-85e7-46b6-8046-09737cd51629:192.168.69.84:44726], old=null at 0
2019-07-13 07:39:41,860 INFO  impl.FollowerState (FollowerState.java:run(106)) - 4bd246ec-e959-4af3-9aa7-18f26941d8d8:group-815C21743DE3 changes to CANDIDATE, lastRpcTime:5069, electionTimeout:5049ms
2019-07-13 07:39:41,863 INFO  impl.RoleInfo (RoleInfo.java:shutdownFollowerState(121)) - 4bd246ec-e959-4af3-9aa7-18f26941d8d8: shutdown FollowerState
2019-07-13 07:39:41,863 INFO  impl.RaftServerImpl (RaftServerImpl.java:setRole(171)) - 4bd246ec-e959-4af3-9aa7-18f26941d8d8:group-815C21743DE3 changes role from FOLLOWER to CANDIDATE at term 0 for changeToCandidate
2019-07-13 07:39:41,863 INFO  impl.RoleInfo (RoleInfo.java:updateAndGet(143)) - 4bd246ec-e959-4af3-9aa7-18f26941d8d8: start LeaderElection
2019-07-13 07:39:41,870 INFO  impl.RaftServerImpl (RaftServerImpl.java:setRole(171)) - 5b40d400-85e7-46b6-8046-09737cd51629:group-815C21743DE3 changes role from FOLLOWER to FOLLOWER at term 1 for recognizeCandidate:9ea7eee3-32e7-4b40-8531-82df8ed04587
2019-07-13 07:39:41,870 INFO  impl.RoleInfo (RoleInfo.java:shutdownFollowerState(121)) - 5b40d400-85e7-46b6-8046-09737cd51629: shutdown FollowerState
2019-07-13 07:39:41,870 INFO  impl.RoleInfo (RoleInfo.java:updateAndGet(143)) - 5b40d400-85e7-46b6-8046-09737cd51629: start FollowerState
2019-07-13 07:39:41,870 INFO  impl.FollowerState (FollowerState.java:run(114)) - 5b40d400-85e7-46b6-8046-09737cd51629: FollowerState was interrupted: java.lang.InterruptedException: sleep interrupted
2019-07-13 07:39:41,873 INFO  segmented.SegmentedRaftLogWorker (SegmentedRaftLogWorker.java:execute(569)) - 5b40d400-85e7-46b6-8046-09737cd51629-SegmentedRaftLogWorker:Storage Directory /tmp/workdir/hadoop-ozone/integration-test/target/test-dir/MiniOzoneClusterImpl-5db8d0d9-7b2e-49d0-b294-9cc54400926c/datanode-5/data/ratis/70552070-a19d-408f-9f4b-030a28edd18c: created new log segment /tmp/workdir/hadoop-ozone/integration-test/target/test-dir/MiniOzoneClusterImpl-5db8d0d9-7b2e-49d0-b294-9cc54400926c/datanode-5/data/ratis/70552070-a19d-408f-9f4b-030a28edd18c/current/log_inprogress_0
2019-07-13 07:39:41,873 INFO  impl.LeaderElection (LeaderElection.java:askForVotes(181)) - 4bd246ec-e959-4af3-9aa7-18f26941d8d8:group-815C21743DE3:LeaderElection70: begin an election at term 1 for -1: [4bd246ec-e959-4af3-9aa7-18f26941d8d8:192.168.69.84:32792, 5b40d400-85e7-46b6-8046-09737cd51629:192.168.69.84:44726, 9ea7eee3-32e7-4b40-8531-82df8ed04587:192.168.69.84:38764], old=null
2019-07-13 07:39:41,892 INFO  impl.LeaderElection (LeaderElection.java:logAndReturn(56)) - 9ea7eee3-32e7-4b40-8531-82df8ed04587:group-815C21743DE3:LeaderElection69: Election PASSED; received 2 response(s) [9ea7eee3-32e7-4b40-8531-82df8ed04587<-4bd246ec-e959-4af3-9aa7-18f26941d8d8#0:FAIL-t1, 9ea7eee3-32e7-4b40-8531-82df8ed04587<-5b40d400-85e7-46b6-8046-09737cd51629#0:OK-t1] and 0 exception(s); 9ea7eee3-32e7-4b40-8531-82df8ed04587:t1, leader=null, voted=9ea7eee3-32e7-4b40-8531-82df8ed04587, raftlog=9ea7eee3-32e7-4b40-8531-82df8ed04587-SegmentedRaftLog:OPENED:c-1,f-1,i0, conf=-1: [4bd246ec-e959-4af3-9aa7-18f26941d8d8:192.168.69.84:32792, 5b40d400-85e7-46b6-8046-09737cd51629:192.168.69.84:44726, 9ea7eee3-32e7-4b40-8531-82df8ed04587:192.168.69.84:38764], old=null
2019-07-13 07:39:41,892 INFO  impl.LeaderElection (LeaderElection.java:logAndReturn(56)) - 4bd246ec-e959-4af3-9aa7-18f26941d8d8:group-815C21743DE3:LeaderElection70: Election REJECTED; received 2 response(s) [4bd246ec-e959-4af3-9aa7-18f26941d8d8<-5b40d400-85e7-46b6-8046-09737cd51629#0:FAIL-t1, 4bd246ec-e959-4af3-9aa7-18f26941d8d8<-9ea7eee3-32e7-4b40-8531-82df8ed04587#0:FAIL-t1] and 0 exception(s); 4bd246ec-e959-4af3-9aa7-18f26941d8d8:t1, leader=null, voted=4bd246ec-e959-4af3-9aa7-18f26941d8d8, raftlog=4bd246ec-e959-4af3-9aa7-18f26941d8d8-SegmentedRaftLog:OPENED:c-1,f-1,i0, conf=-1: [4bd246ec-e959-4af3-9aa7-18f26941d8d8:192.168.69.84:32792, 5b40d400-85e7-46b6-8046-09737cd51629:192.168.69.84:44726, 9ea7eee3-32e7-4b40-8531-82df8ed04587:192.168.69.84:38764], old=null
2019-07-13 07:39:41,892 INFO  impl.RoleInfo (RoleInfo.java:shutdownLeaderElection(134)) - 9ea7eee3-32e7-4b40-8531-82df8ed04587: shutdown LeaderElection
2019-07-13 07:39:41,892 INFO  impl.RaftServerImpl (RaftServerImpl.java:setRole(171)) - 4bd246ec-e959-4af3-9aa7-18f26941d8d8:group-815C21743DE3 changes role from CANDIDATE to FOLLOWER at term 1 for DISCOVERED_A_NEW_TERM
2019-07-13 07:39:41,892 INFO  impl.RoleInfo (RoleInfo.java:shutdownLeaderElection(134)) - 4bd246ec-e959-4af3-9aa7-18f26941d8d8: shutdown LeaderElection
2019-07-13 07:39:41,892 INFO  impl.RaftServerImpl (RaftServerImpl.java:setRole(171)) - 9ea7eee3-32e7-4b40-8531-82df8ed04587:group-815C21743DE3 changes role from CANDIDATE to LEADER at term 1 for changeToLeader
2019-07-13 07:39:41,893 INFO  impl.RoleInfo (RoleInfo.java:updateAndGet(143)) - 4bd246ec-e959-4af3-9aa7-18f26941d8d8: start FollowerState
2019-07-13 07:39:41,893 INFO  impl.RaftServerImpl (ServerState.java:setLeader(263)) - 9ea7eee3-32e7-4b40-8531-82df8ed04587:group-815C21743DE3 change Leader from null to 9ea7eee3-32e7-4b40-8531-82df8ed04587 at term 1 for becomeLeader, leader elected after 5112ms
2019-07-13 07:39:41,893 INFO  server.RaftServerConfigKeys (ConfUtils.java:logGet(43)) - raft.server.staging.catchup.gap = 1000 (default)
2019-07-13 07:39:41,893 INFO  server.RaftServerConfigKeys (ConfUtils.java:logGet(43)) - raft.server.rpc.sleep.time = 25ms (default)
2019-07-13 07:39:41,893 INFO  server.RaftServerConfigKeys (ConfUtils.java:logGet(43)) - raft.server.write.element-limit = 4096 (default)
2019-07-13 07:39:41,894 INFO  server.RaftServerConfigKeys (ConfUtils.java:logGet(43)) - raft.server.watch.timeout = 10s (default)
2019-07-13 07:39:41,894 INFO  server.RaftServerConfigKeys (ConfUtils.java:logGet(43)) - raft.server.watch.timeout.denomination = 1s (default)
2019-07-13 07:39:41,894 INFO  server.RaftServerConfigKeys (ConfUtils.java:logGet(43)) - raft.server.watch.element-limit = 65536 (default)
2019-07-13 07:39:41,894 INFO  server.RaftServerConfigKeys (ConfUtils.java:logGet(43)) - raft.server.log.appender.snapshot.chunk.size.max = 16MB (=16777216) (default)
2019-07-13 07:39:41,895 INFO  server.RaftServerConfigKeys (ConfUtils.java:logGet(43)) - raft.server.log.appender.buffer.byte-limit = 33554432 (custom)
2019-07-13 07:39:41,895 INFO  server.RaftServerConfigKeys (ConfUtils.java:logGet(43)) - raft.server.log.appender.buffer.element-limit = 1 (custom)
2019-07-13 07:39:41,895 INFO  grpc.GrpcConfigKeys$Server (ConfUtils.java:logGet(43)) - raft.grpc.server.leader.outstanding.appends.max = 128 (default)
2019-07-13 07:39:41,895 INFO  server.RaftServerConfigKeys (ConfUtils.java:logGet(43)) - raft.server.rpc.request.timeout = 3000ms (default)
2019-07-13 07:39:41,896 INFO  server.RaftServerConfigKeys (ConfUtils.java:logGet(43)) - raft.server.log.appender.install.snapshot.enabled = false (custom)
2019-07-13 07:39:41,896 INFO  server.RaftServerConfigKeys (ConfUtils.java:logGet(43)) - raft.server.log.appender.snapshot.chunk.size.max = 16MB (=16777216) (default)
2019-07-13 07:39:41,896 INFO  server.RaftServerConfigKeys (ConfUtils.java:logGet(43)) - raft.server.log.appender.buffer.byte-limit = 33554432 (custom)
2019-07-13 07:39:41,896 INFO  server.RaftServerConfigKeys (ConfUtils.java:logGet(43)) - raft.server.log.appender.buffer.element-limit = 1 (custom)
2019-07-13 07:39:41,897 INFO  grpc.GrpcConfigKeys$Server (ConfUtils.java:logGet(43)) - raft.grpc.server.leader.outstanding.appends.max = 128 (default)
2019-07-13 07:39:41,897 INFO  server.RaftServerConfigKeys (ConfUtils.java:logGet(43)) - raft.server.rpc.request.timeout = 3000ms (default)
2019-07-13 07:39:41,897 INFO  server.RaftServerConfigKeys (ConfUtils.java:logGet(43)) - raft.server.log.appender.install.snapshot.enabled = false (custom)
2019-07-13 07:39:41,898 INFO  impl.RoleInfo (RoleInfo.java:updateAndGet(143)) - 9ea7eee3-32e7-4b40-8531-82df8ed04587: start LeaderState
2019-07-13 07:39:41,898 INFO  segmented.SegmentedRaftLogWorker (SegmentedRaftLogWorker.java:startLogSegment(380)) - 9ea7eee3-32e7-4b40-8531-82df8ed04587-SegmentedRaftLogWorker:Storage Directory /tmp/workdir/hadoop-ozone/integration-test/target/test-dir/MiniOzoneClusterImpl-5db8d0d9-7b2e-49d0-b294-9cc54400926c/datanode-3/data/ratis/06d494d1-52e1-4438-8bfc-815c21743de3: Starting segment from index:0
2019-07-13 07:39:41,899 INFO  impl.RaftServerImpl (ServerState.java:setRaftConf(361)) - 9ea7eee3-32e7-4b40-8531-82df8ed04587:group-815C21743DE3 set configuration 0: [4bd246ec-e959-4af3-9aa7-18f26941d8d8:192.168.69.84:32792, 5b40d400-85e7-46b6-8046-09737cd51629:192.168.69.84:44726, 9ea7eee3-32e7-4b40-8531-82df8ed04587:192.168.69.84:38764], old=null at 0
2019-07-13 07:39:41,900 INFO  impl.RaftServerImpl (ServerState.java:setLeader(263)) - 4bd246ec-e959-4af3-9aa7-18f26941d8d8:group-815C21743DE3 change Leader from null to 9ea7eee3-32e7-4b40-8531-82df8ed04587 at term 1 for appendEntries, leader elected after 5119ms
2019-07-13 07:39:41,900 INFO  impl.RaftServerImpl (ServerState.java:setLeader(263)) - 5b40d400-85e7-46b6-8046-09737cd51629:group-815C21743DE3 change Leader from null to 9ea7eee3-32e7-4b40-8531-82df8ed04587 at term 1 for appendEntries, leader elected after 5119ms
2019-07-13 07:39:41,902 INFO  impl.RaftServerImpl (ServerState.java:setRaftConf(361)) - 4bd246ec-e959-4af3-9aa7-18f26941d8d8:group-815C21743DE3 set configuration 0: [4bd246ec-e959-4af3-9aa7-18f26941d8d8:192.168.69.84:32792, 5b40d400-85e7-46b6-8046-09737cd51629:192.168.69.84:44726, 9ea7eee3-32e7-4b40-8531-82df8ed04587:192.168.69.84:38764], old=null at 0
2019-07-13 07:39:41,902 INFO  segmented.SegmentedRaftLogWorker (SegmentedRaftLogWorker.java:startLogSegment(380)) - 4bd246ec-e959-4af3-9aa7-18f26941d8d8-SegmentedRaftLogWorker:Storage Directory /tmp/workdir/hadoop-ozone/integration-test/target/test-dir/MiniOzoneClusterImpl-5db8d0d9-7b2e-49d0-b294-9cc54400926c/datanode-4/data/ratis/06d494d1-52e1-4438-8bfc-815c21743de3: Starting segment from index:0
2019-07-13 07:39:41,903 INFO  impl.RaftServerImpl (ServerState.java:setRaftConf(361)) - 5b40d400-85e7-46b6-8046-09737cd51629:group-815C21743DE3 set configuration 0: [4bd246ec-e959-4af3-9aa7-18f26941d8d8:192.168.69.84:32792, 5b40d400-85e7-46b6-8046-09737cd51629:192.168.69.84:44726, 9ea7eee3-32e7-4b40-8531-82df8ed04587:192.168.69.84:38764], old=null at 0
2019-07-13 07:39:41,903 INFO  segmented.SegmentedRaftLogWorker (SegmentedRaftLogWorker.java:startLogSegment(380)) - 5b40d400-85e7-46b6-8046-09737cd51629-SegmentedRaftLogWorker:Storage Directory /tmp/workdir/hadoop-ozone/integration-test/target/test-dir/MiniOzoneClusterImpl-5db8d0d9-7b2e-49d0-b294-9cc54400926c/datanode-5/data/ratis/06d494d1-52e1-4438-8bfc-815c21743de3: Starting segment from index:0
2019-07-13 07:39:41,929 INFO  segmented.SegmentedRaftLogWorker (SegmentedRaftLogWorker.java:execute(569)) - 4bd246ec-e959-4af3-9aa7-18f26941d8d8-SegmentedRaftLogWorker:Storage Directory /tmp/workdir/hadoop-ozone/integration-test/target/test-dir/MiniOzoneClusterImpl-5db8d0d9-7b2e-49d0-b294-9cc54400926c/datanode-4/data/ratis/06d494d1-52e1-4438-8bfc-815c21743de3: created new log segment /tmp/workdir/hadoop-ozone/integration-test/target/test-dir/MiniOzoneClusterImpl-5db8d0d9-7b2e-49d0-b294-9cc54400926c/datanode-4/data/ratis/06d494d1-52e1-4438-8bfc-815c21743de3/current/log_inprogress_0
2019-07-13 07:39:41,929 INFO  segmented.SegmentedRaftLogWorker (SegmentedRaftLogWorker.java:execute(569)) - 9ea7eee3-32e7-4b40-8531-82df8ed04587-SegmentedRaftLogWorker:Storage Directory /tmp/workdir/hadoop-ozone/integration-test/target/test-dir/MiniOzoneClusterImpl-5db8d0d9-7b2e-49d0-b294-9cc54400926c/datanode-3/data/ratis/06d494d1-52e1-4438-8bfc-815c21743de3: created new log segment /tmp/workdir/hadoop-ozone/integration-test/target/test-dir/MiniOzoneClusterImpl-5db8d0d9-7b2e-49d0-b294-9cc54400926c/datanode-3/data/ratis/06d494d1-52e1-4438-8bfc-815c21743de3/current/log_inprogress_0
2019-07-13 07:39:41,929 INFO  segmented.SegmentedRaftLogWorker (SegmentedRaftLogWorker.java:execute(569)) - 5b40d400-85e7-46b6-8046-09737cd51629-SegmentedRaftLogWorker:Storage Directory /tmp/workdir/hadoop-ozone/integration-test/target/test-dir/MiniOzoneClusterImpl-5db8d0d9-7b2e-49d0-b294-9cc54400926c/datanode-5/data/ratis/06d494d1-52e1-4438-8bfc-815c21743de3: created new log segment /tmp/workdir/hadoop-ozone/integration-test/target/test-dir/MiniOzoneClusterImpl-5db8d0d9-7b2e-49d0-b294-9cc54400926c/datanode-5/data/ratis/06d494d1-52e1-4438-8bfc-815c21743de3/current/log_inprogress_0
2019-07-13 07:39:41,946 INFO  impl.FollowerState (FollowerState.java:run(106)) - 4210b7b3-c54c-4588-a6f5-03bec4493191:group-E831BF711913 changes to CANDIDATE, lastRpcTime:5032, electionTimeout:5032ms
2019-07-13 07:39:41,946 INFO  impl.RoleInfo (RoleInfo.java:shutdownFollowerState(121)) - 4210b7b3-c54c-4588-a6f5-03bec4493191: shutdown FollowerState
2019-07-13 07:39:41,946 INFO  impl.RaftServerImpl (RaftServerImpl.java:setRole(171)) - 4210b7b3-c54c-4588-a6f5-03bec4493191:group-E831BF711913 changes role from FOLLOWER to CANDIDATE at term 0 for changeToCandidate
2019-07-13 07:39:41,946 INFO  impl.RoleInfo (RoleInfo.java:updateAndGet(143)) - 4210b7b3-c54c-4588-a6f5-03bec4493191: start LeaderElection
2019-07-13 07:39:41,965 INFO  impl.LeaderElection (LeaderElection.java:askForVotes(181)) - 4210b7b3-c54c-4588-a6f5-03bec4493191:group-E831BF711913:LeaderElection71: begin an election at term 1 for -1: [4210b7b3-c54c-4588-a6f5-03bec4493191:192.168.69.84:43946], old=null
2019-07-13 07:39:41,965 INFO  impl.RoleInfo (RoleInfo.java:shutdownLeaderElection(134)) - 4210b7b3-c54c-4588-a6f5-03bec4493191: shutdown LeaderElection
2019-07-13 07:39:41,965 INFO  impl.RaftServerImpl (RaftServerImpl.java:setRole(171)) - 4210b7b3-c54c-4588-a6f5-03bec4493191:group-E831BF711913 changes role from CANDIDATE to LEADER at term 1 for changeToLeader
2019-07-13 07:39:41,965 INFO  impl.RaftServerImpl (ServerState.java:setLeader(263)) - 4210b7b3-c54c-4588-a6f5-03bec4493191:group-E831BF711913 change Leader from null to 4210b7b3-c54c-4588-a6f5-03bec4493191 at term 1 for becomeLeader, leader elected after 5056ms
2019-07-13 07:39:41,967 INFO  server.RaftServerConfigKeys (ConfUtils.java:logGet(43)) - raft.server.staging.catchup.gap = 1000 (default)
2019-07-13 07:39:41,968 INFO  server.RaftServerConfigKeys (ConfUtils.java:logGet(43)) - raft.server.rpc.sleep.time = 25ms (default)
2019-07-13 07:39:41,968 INFO  server.RaftServerConfigKeys (ConfUtils.java:logGet(43)) - raft.server.write.element-limit = 4096 (default)
2019-07-13 07:39:41,968 INFO  server.RaftServerConfigKeys (ConfUtils.java:logGet(43)) - raft.server.watch.timeout = 10s (default)
2019-07-13 07:39:41,968 INFO  server.RaftServerConfigKeys (ConfUtils.java:logGet(43)) - raft.server.watch.timeout.denomination = 1s (default)
2019-07-13 07:39:41,968 INFO  server.RaftServerConfigKeys (ConfUtils.java:logGet(43)) - raft.server.watch.element-limit = 65536 (default)
2019-07-13 07:39:41,968 INFO  impl.RoleInfo (RoleInfo.java:updateAndGet(143)) - 4210b7b3-c54c-4588-a6f5-03bec4493191: start LeaderState
2019-07-13 07:39:41,969 INFO  segmented.SegmentedRaftLogWorker (SegmentedRaftLogWorker.java:startLogSegment(380)) - 4210b7b3-c54c-4588-a6f5-03bec4493191-SegmentedRaftLogWorker:Storage Directory /tmp/workdir/hadoop-ozone/integration-test/target/test-dir/MiniOzoneClusterImpl-5db8d0d9-7b2e-49d0-b294-9cc54400926c/datanode-6/data/ratis/c7494d60-2d00-47f7-be30-e831bf711913: Starting segment from index:0
2019-07-13 07:39:41,969 INFO  impl.RaftServerImpl (ServerState.java:setRaftConf(361)) - 4210b7b3-c54c-4588-a6f5-03bec4493191:group-E831BF711913 set configuration 0: [4210b7b3-c54c-4588-a6f5-03bec4493191:192.168.69.84:43946], old=null at 0
2019-07-13 07:39:41,998 INFO  client.GrpcClientProtocolClient (GrpcClientProtocolClient.java:onNext(255)) - client-2084FF4BF3E8->2a903e71-8982-4465-9171-f1a05d214b1a: receive RaftClientReply:client-2084FF4BF3E8->2a903e71-8982-4465-9171-f1a05d214b1a@group-51C9F9B3C848, cid=177, FAILED org.apache.ratis.protocol.NotLeaderException: Server 2a903e71-8982-4465-9171-f1a05d214b1a is not the leader (9d7ca9e8-4eb3-4ba1-8fc6-d0f91e5ce981:192.168.69.84:36747). Request must be sent to leader., logIndex=0, commits[2a903e71-8982-4465-9171-f1a05d214b1a:c-1, 687735de-0bff-44bf-8b08-cd771def1d24:c-1, 9d7ca9e8-4eb3-4ba1-8fc6-d0f91e5ce981:c-1]
2019-07-13 07:39:42,001 INFO  segmented.SegmentedRaftLogWorker (SegmentedRaftLogWorker.java:execute(569)) - 4210b7b3-c54c-4588-a6f5-03bec4493191-SegmentedRaftLogWorker:Storage Directory /tmp/workdir/hadoop-ozone/integration-test/target/test-dir/MiniOzoneClusterImpl-5db8d0d9-7b2e-49d0-b294-9cc54400926c/datanode-6/data/ratis/c7494d60-2d00-47f7-be30-e831bf711913: created new log segment /tmp/workdir/hadoop-ozone/integration-test/target/test-dir/MiniOzoneClusterImpl-5db8d0d9-7b2e-49d0-b294-9cc54400926c/datanode-6/data/ratis/c7494d60-2d00-47f7-be30-e831bf711913/current/log_inprogress_0
2019-07-13 07:39:42,113 INFO  client.GrpcClientProtocolClient (GrpcClientProtocolClient.java:onNext(255)) - client-2084FF4BF3E8->9d7ca9e8-4eb3-4ba1-8fc6-d0f91e5ce981: receive RaftClientReply:client-2084FF4BF3E8->9d7ca9e8-4eb3-4ba1-8fc6-d0f91e5ce981@group-51C9F9B3C848, cid=177, SUCCESS, logIndex=1, commits[9d7ca9e8-4eb3-4ba1-8fc6-d0f91e5ce981:c1, 687735de-0bff-44bf-8b08-cd771def1d24:c0, 2a903e71-8982-4465-9171-f1a05d214b1a:c0]
2019-07-13 07:39:42,126 INFO  client.GrpcClientProtocolClient (GrpcClientProtocolClient.java:onNext(255)) - client-2084FF4BF3E8->9d7ca9e8-4eb3-4ba1-8fc6-d0f91e5ce981: receive RaftClientReply:client-2084FF4BF3E8->9d7ca9e8-4eb3-4ba1-8fc6-d0f91e5ce981@group-51C9F9B3C848, cid=178, SUCCESS, logIndex=3, commits[9d7ca9e8-4eb3-4ba1-8fc6-d0f91e5ce981:c4, 687735de-0bff-44bf-8b08-cd771def1d24:c1, 2a903e71-8982-4465-9171-f1a05d214b1a:c1]
2019-07-13 07:39:42,171 INFO  client.GrpcClientProtocolClient (GrpcClientProtocolClient.java:onNext(255)) - client-2084FF4BF3E8->9d7ca9e8-4eb3-4ba1-8fc6-d0f91e5ce981: receive RaftClientReply:client-2084FF4BF3E8->9d7ca9e8-4eb3-4ba1-8fc6-d0f91e5ce981@group-51C9F9B3C848, cid=179, SUCCESS, logIndex=4, commits[9d7ca9e8-4eb3-4ba1-8fc6-d0f91e5ce981:c12, 687735de-0bff-44bf-8b08-cd771def1d24:c7, 2a903e71-8982-4465-9171-f1a05d214b1a:c7]
2019-07-13 07:39:42,172 INFO  client.GrpcClientProtocolClient (GrpcClientProtocolClient.java:onNext(255)) - client-2084FF4BF3E8->9d7ca9e8-4eb3-4ba1-8fc6-d0f91e5ce981: receive RaftClientReply:client-2084FF4BF3E8->9d7ca9e8-4eb3-4ba1-8fc6-d0f91e5ce981@group-51C9F9B3C848, cid=180, SUCCESS, logIndex=5, commits[9d7ca9e8-4eb3-4ba1-8fc6-d0f91e5ce981:c12, 687735de-0bff-44bf-8b08-cd771def1d24:c7, 2a903e71-8982-4465-9171-f1a05d214b1a:c7]
2019-07-13 07:39:42,172 INFO  client.GrpcClientProtocolClient (GrpcClientProtocolClient.java:onNext(255)) - client-2084FF4BF3E8->9d7ca9e8-4eb3-4ba1-8fc6-d0f91e5ce981: receive RaftClientReply:client-2084FF4BF3E8->9d7ca9e8-4eb3-4ba1-8fc6-d0f91e5ce981@group-51C9F9B3C848, cid=181, SUCCESS, logIndex=6, commits[9d7ca9e8-4eb3-4ba1-8fc6-d0f91e5ce981:c12, 687735de-0bff-44bf-8b08-cd771def1d24:c7, 2a903e71-8982-4465-9171-f1a05d214b1a:c7]
2019-07-13 07:39:42,219 INFO  client.GrpcClientProtocolClient (GrpcClientProtocolClient.java:onNext(255)) - client-2084FF4BF3E8->9d7ca9e8-4eb3-4ba1-8fc6-d0f91e5ce981: receive RaftClientReply:client-2084FF4BF3E8->9d7ca9e8-4eb3-4ba1-8fc6-d0f91e5ce981@group-51C9F9B3C848, cid=182, SUCCESS, logIndex=7, commits[9d7ca9e8-4eb3-4ba1-8fc6-d0f91e5ce981:c12, 687735de-0bff-44bf-8b08-cd771def1d24:c7, 2a903e71-8982-4465-9171-f1a05d214b1a:c7]
2019-07-13 07:39:42,245 INFO  client.GrpcClientProtocolClient (GrpcClientProtocolClient.java:onNext(255)) - client-2084FF4BF3E8->9d7ca9e8-4eb3-4ba1-8fc6-d0f91e5ce981: receive RaftClientReply:client-2084FF4BF3E8->9d7ca9e8-4eb3-4ba1-8fc6-d0f91e5ce981@group-51C9F9B3C848, cid=183, SUCCESS, logIndex=13, commits[9d7ca9e8-4eb3-4ba1-8fc6-d0f91e5ce981:c14, 687735de-0bff-44bf-8b08-cd771def1d24:c12, 2a903e71-8982-4465-9171-f1a05d214b1a:c12]
2019-07-13 07:39:42,246 INFO  client.GrpcClientProtocolClient (GrpcClientProtocolClient.java:onNext(255)) - client-2084FF4BF3E8->9d7ca9e8-4eb3-4ba1-8fc6-d0f91e5ce981: receive RaftClientReply:client-2084FF4BF3E8->9d7ca9e8-4eb3-4ba1-8fc6-d0f91e5ce981@group-51C9F9B3C848, cid=184, SUCCESS, logIndex=14, commits[9d7ca9e8-4eb3-4ba1-8fc6-d0f91e5ce981:c14, 687735de-0bff-44bf-8b08-cd771def1d24:c12, 2a903e71-8982-4465-9171-f1a05d214b1a:c12]
2019-07-13 07:39:42,259 INFO  client.GrpcClientProtocolClient (GrpcClientProtocolClient.java:onNext(255)) - client-2084FF4BF3E8->9d7ca9e8-4eb3-4ba1-8fc6-d0f91e5ce981: receive RaftClientReply:client-2084FF4BF3E8->9d7ca9e8-4eb3-4ba1-8fc6-d0f91e5ce981@group-51C9F9B3C848, cid=185, SUCCESS, logIndex=0, commits[9d7ca9e8-4eb3-4ba1-8fc6-d0f91e5ce981:c16, 687735de-0bff-44bf-8b08-cd771def1d24:c14, 2a903e71-8982-4465-9171-f1a05d214b1a:c14]
2019-07-13 07:39:42,260 INFO  datanode.ObjectStoreHandler (ObjectStoreHandler.java:close(155)) - Closing ObjectStoreHandler.
2019-07-13 07:39:42,261 INFO  ozone.HddsDatanodeService (HddsDatanodeService.java:stop(452)) - Stopped plug-in org.apache.hadoop.ozone.web.OzoneHddsDatanodeService@6a77953c
2019-07-13 07:39:43,080 INFO  statemachine.DatanodeStateMachine (DatanodeStateMachine.java:lambda$startDaemon$0(350)) - Ozone container server started.
2019-07-13 07:39:47,097 INFO  node.StaleNodeHandler (StaleNodeHandler.java:onMessage(58)) - Datanode 9d7ca9e8-4eb3-4ba1-8fc6-d0f91e5ce981{ip: 192.168.69.84, host: trunk-nightly-9lh4p-2362225927, networkLocation: /default-rack, certSerialId: null} moved to stale state. Finalizing its pipelines [PipelineID=16c2ca4a-2fb0-44d4-9f4b-51c9f9b3c848, PipelineID=80bd2112-f439-4864-a08d-6e2c1e7b15ae]
2019-07-13 07:39:47,097 INFO  pipeline.SCMPipelineManager (SCMPipelineManager.java:finalizeAndDestroyPipeline(309)) - destroying pipeline:Pipeline[ Id: 16c2ca4a-2fb0-44d4-9f4b-51c9f9b3c848, Nodes: 9d7ca9e8-4eb3-4ba1-8fc6-d0f91e5ce981{ip: 192.168.69.84, host: trunk-nightly-9lh4p-2362225927, networkLocation: /default-rack, certSerialId: null}2a903e71-8982-4465-9171-f1a05d214b1a{ip: 192.168.69.84, host: trunk-nightly-9lh4p-2362225927, networkLocation: /default-rack, certSerialId: null}687735de-0bff-44bf-8b08-cd771def1d24{ip: 192.168.69.84, host: trunk-nightly-9lh4p-2362225927, networkLocation: /default-rack, certSerialId: null}, Type:RATIS, Factor:THREE, State:OPEN]
2019-07-13 07:39:47,097 INFO  pipeline.PipelineStateManager (PipelineStateManager.java:finalizePipeline(123)) - Pipeline Pipeline[ Id: 16c2ca4a-2fb0-44d4-9f4b-51c9f9b3c848, Nodes: 9d7ca9e8-4eb3-4ba1-8fc6-d0f91e5ce981{ip: 192.168.69.84, host: trunk-nightly-9lh4p-2362225927, networkLocation: /default-rack, certSerialId: null}2a903e71-8982-4465-9171-f1a05d214b1a{ip: 192.168.69.84, host: trunk-nightly-9lh4p-2362225927, networkLocation: /default-rack, certSerialId: null}687735de-0bff-44bf-8b08-cd771def1d24{ip: 192.168.69.84, host: trunk-nightly-9lh4p-2362225927, networkLocation: /default-rack, certSerialId: null}, Type:RATIS, Factor:THREE, State:CLOSED] moved to CLOSED state
2019-07-13 07:39:47,098 INFO  pipeline.SCMPipelineManager (SCMPipelineManager.java:finalizeAndDestroyPipeline(309)) - destroying pipeline:Pipeline[ Id: 80bd2112-f439-4864-a08d-6e2c1e7b15ae, Nodes: 9d7ca9e8-4eb3-4ba1-8fc6-d0f91e5ce981{ip: 192.168.69.84, host: trunk-nightly-9lh4p-2362225927, networkLocation: /default-rack, certSerialId: null}, Type:RATIS, Factor:ONE, State:OPEN]
2019-07-13 07:39:47,098 INFO  container.CloseContainerEventHandler (CloseContainerEventHandler.java:onMessage(61)) - Close container Event triggered for container : #1
2019-07-13 07:39:47,098 INFO  pipeline.PipelineStateManager (PipelineStateManager.java:finalizePipeline(123)) - Pipeline Pipeline[ Id: 80bd2112-f439-4864-a08d-6e2c1e7b15ae, Nodes: 9d7ca9e8-4eb3-4ba1-8fc6-d0f91e5ce981{ip: 192.168.69.84, host: trunk-nightly-9lh4p-2362225927, networkLocation: /default-rack, certSerialId: null}, Type:RATIS, Factor:ONE, State:CLOSED] moved to CLOSED state
2019-07-13 07:39:47,262 INFO  ozoneimpl.OzoneContainer (OzoneContainer.java:stop(199)) - Attempting to stop container services.
2019-07-13 07:39:47,262 INFO  impl.RaftServerProxy (RaftServerProxy.java:lambda$close$4(314)) - 9d7ca9e8-4eb3-4ba1-8fc6-d0f91e5ce981: close
2019-07-13 07:39:47,263 INFO  impl.RaftServerImpl (RaftServerImpl.java:lambda$shutdown$3(245)) - 9d7ca9e8-4eb3-4ba1-8fc6-d0f91e5ce981: shutdown group-51C9F9B3C848
2019-07-13 07:39:47,263 INFO  util.JmxRegister (JmxRegister.java:unregister(73)) - Successfully un-registered JMX Bean with object name Ratis:service=RaftServer,group=group-51C9F9B3C848,id=9d7ca9e8-4eb3-4ba1-8fc6-d0f91e5ce981
2019-07-13 07:39:47,264 INFO  impl.RoleInfo (RoleInfo.java:shutdownLeaderState(104)) - 9d7ca9e8-4eb3-4ba1-8fc6-d0f91e5ce981: shutdown LeaderState
2019-07-13 07:39:47,270 WARN  server.GrpcLogAppender (GrpcLogAppender.java:mayWait(143)) - GrpcLogAppender(9d7ca9e8-4eb3-4ba1-8fc6-d0f91e5ce981->687735de-0bff-44bf-8b08-cd771def1d24): Wait interrupted by java.lang.InterruptedException
2019-07-13 07:39:47,270 WARN  server.GrpcLogAppender (GrpcLogAppender.java:mayWait(143)) - GrpcLogAppender(9d7ca9e8-4eb3-4ba1-8fc6-d0f91e5ce981->2a903e71-8982-4465-9171-f1a05d214b1a): Wait interrupted by java.lang.InterruptedException
2019-07-13 07:39:47,270 INFO  impl.PendingRequests (PendingRequests.java:sendNotLeaderResponses(202)) - 9d7ca9e8-4eb3-4ba1-8fc6-d0f91e5ce981-PendingRequests: sendNotLeaderResponses
2019-07-13 07:39:47,271 INFO  server.GrpcServerProtocolService (GrpcServerProtocolService.java:onCompleted(104)) - 2a903e71-8982-4465-9171-f1a05d214b1a: appendEntries completed
2019-07-13 07:39:47,271 INFO  server.GrpcServerProtocolService (GrpcServerProtocolService.java:onCompleted(104)) - 687735de-0bff-44bf-8b08-cd771def1d24: appendEntries completed
2019-07-13 07:39:47,276 INFO  ratis.ContainerStateMachine (ContainerStateMachine.java:takeSnapshot(246)) - Taking snapshot at termIndex:(t:1, i:14)
2019-07-13 07:39:47,276 INFO  impl.StateMachineUpdater (StateMachineUpdater.java:stopAndJoin(115)) - StateMachineUpdater:9d7ca9e8-4eb3-4ba1-8fc6-d0f91e5ce981:group-51C9F9B3C848: set stopIndex = 16
2019-07-13 07:39:47,276 INFO  server.GrpcLogAppender (GrpcLogAppender.java:onCompleted(292)) - 9d7ca9e8-4eb3-4ba1-8fc6-d0f91e5ce981->687735de-0bff-44bf-8b08-cd771def1d24: follower responses appendEntries COMPLETED
2019-07-13 07:39:47,276 INFO  server.GrpcLogAppender (GrpcLogAppender.java:onCompleted(292)) - 9d7ca9e8-4eb3-4ba1-8fc6-d0f91e5ce981->2a903e71-8982-4465-9171-f1a05d214b1a: follower responses appendEntries COMPLETED
2019-07-13 07:39:47,276 INFO  ratis.ContainerStateMachine (ContainerStateMachine.java:takeSnapshot(250)) - Taking a snapshot to file /tmp/workdir/hadoop-ozone/integration-test/target/test-dir/MiniOzoneClusterImpl-5db8d0d9-7b2e-49d0-b294-9cc54400926c/datanode-1/data/ratis/16c2ca4a-2fb0-44d4-9f4b-51c9f9b3c848/sm/snapshot.1_14
2019-07-13 07:39:47,277 INFO  impl.FollowerInfo (FollowerInfo.java:lambda$new$0(50)) - 9d7ca9e8-4eb3-4ba1-8fc6-d0f91e5ce981->687735de-0bff-44bf-8b08-cd771def1d24: nextIndex: updateUnconditionally 17 -> 16
2019-07-13 07:39:47,277 INFO  impl.FollowerInfo (FollowerInfo.java:lambda$new$0(50)) - 9d7ca9e8-4eb3-4ba1-8fc6-d0f91e5ce981->2a903e71-8982-4465-9171-f1a05d214b1a: nextIndex: updateUnconditionally 17 -> 16
2019-07-13 07:39:47,289 INFO  impl.StateMachineUpdater (StateMachineUpdater.java:takeSnapshot(242)) - StateMachineUpdater:9d7ca9e8-4eb3-4ba1-8fc6-d0f91e5ce981:group-51C9F9B3C848: Took a snapshot at index 14
2019-07-13 07:39:47,289 INFO  impl.StateMachineUpdater (StateMachineUpdater.java:lambda$new$0(80)) - StateMachineUpdater:9d7ca9e8-4eb3-4ba1-8fc6-d0f91e5ce981:group-51C9F9B3C848: snapshotIndex: updateIncreasingly -1 -> 14
2019-07-13 07:39:47,289 INFO  impl.RaftServerImpl (ServerState.java:close(394)) - 9d7ca9e8-4eb3-4ba1-8fc6-d0f91e5ce981:group-51C9F9B3C848 closes. The last applied log index is 16
2019-07-13 07:39:47,290 INFO  segmented.SegmentedRaftLogWorker (SegmentedRaftLogWorker.java:run(313)) - 9d7ca9e8-4eb3-4ba1-8fc6-d0f91e5ce981-SegmentedRaftLogWorker:Storage Directory /tmp/workdir/hadoop-ozone/integration-test/target/test-dir/MiniOzoneClusterImpl-5db8d0d9-7b2e-49d0-b294-9cc54400926c/datanode-1/data/ratis/16c2ca4a-2fb0-44d4-9f4b-51c9f9b3c848 was interrupted, exiting. There are 0 tasks remaining in the queue.
2019-07-13 07:39:47,294 INFO  segmented.SegmentedRaftLogWorker (SegmentedRaftLogWorker.java:close(228)) - 9d7ca9e8-4eb3-4ba1-8fc6-d0f91e5ce981-SegmentedRaftLogWorker:Storage Directory /tmp/workdir/hadoop-ozone/integration-test/target/test-dir/MiniOzoneClusterImpl-5db8d0d9-7b2e-49d0-b294-9cc54400926c/datanode-1/data/ratis/16c2ca4a-2fb0-44d4-9f4b-51c9f9b3c848 close()
2019-07-13 07:39:47,299 INFO  impl.RaftServerImpl (RaftServerImpl.java:lambda$shutdown$3(245)) - 9d7ca9e8-4eb3-4ba1-8fc6-d0f91e5ce981: shutdown group-6E2C1E7B15AE
2019-07-13 07:39:47,299 INFO  util.JmxRegister (JmxRegister.java:unregister(73)) - Successfully un-registered JMX Bean with object name Ratis:service=RaftServer,group=group-6E2C1E7B15AE,id=9d7ca9e8-4eb3-4ba1-8fc6-d0f91e5ce981
2019-07-13 07:39:47,300 INFO  impl.RoleInfo (RoleInfo.java:shutdownLeaderState(104)) - 9d7ca9e8-4eb3-4ba1-8fc6-d0f91e5ce981: shutdown LeaderState
2019-07-13 07:39:47,300 INFO  impl.PendingRequests (PendingRequests.java:sendNotLeaderResponses(202)) - 9d7ca9e8-4eb3-4ba1-8fc6-d0f91e5ce981-PendingRequests: sendNotLeaderResponses
2019-07-13 07:39:47,301 INFO  impl.StateMachineUpdater (StateMachineUpdater.java:stopAndJoin(115)) - StateMachineUpdater:9d7ca9e8-4eb3-4ba1-8fc6-d0f91e5ce981:group-6E2C1E7B15AE: set stopIndex = 0
2019-07-13 07:39:47,301 INFO  ratis.ContainerStateMachine (ContainerStateMachine.java:takeSnapshot(246)) - Taking snapshot at termIndex:(t:0, i:~)
2019-07-13 07:39:47,301 INFO  impl.RaftServerImpl (ServerState.java:close(394)) - 9d7ca9e8-4eb3-4ba1-8fc6-d0f91e5ce981:group-6E2C1E7B15AE closes. The last applied log index is 0
2019-07-13 07:39:47,302 INFO  segmented.SegmentedRaftLogWorker (SegmentedRaftLogWorker.java:run(313)) - 9d7ca9e8-4eb3-4ba1-8fc6-d0f91e5ce981-SegmentedRaftLogWorker:Storage Directory /tmp/workdir/hadoop-ozone/integration-test/target/test-dir/MiniOzoneClusterImpl-5db8d0d9-7b2e-49d0-b294-9cc54400926c/datanode-1/data/ratis/80bd2112-f439-4864-a08d-6e2c1e7b15ae was interrupted, exiting. There are 0 tasks remaining in the queue.
2019-07-13 07:39:47,304 INFO  segmented.SegmentedRaftLogWorker (SegmentedRaftLogWorker.java:close(228)) - 9d7ca9e8-4eb3-4ba1-8fc6-d0f91e5ce981-SegmentedRaftLogWorker:Storage Directory /tmp/workdir/hadoop-ozone/integration-test/target/test-dir/MiniOzoneClusterImpl-5db8d0d9-7b2e-49d0-b294-9cc54400926c/datanode-1/data/ratis/80bd2112-f439-4864-a08d-6e2c1e7b15ae close()
2019-07-13 07:39:47,309 INFO  server.GrpcService (GrpcService.java:closeImpl(155)) - 9d7ca9e8-4eb3-4ba1-8fc6-d0f91e5ce981: shutdown server with port 36747 now
2019-07-13 07:39:47,310 WARN  client.GrpcClientProtocolService (LogUtils.java:warn(134)) - 3-UnorderedRequestStreamObserver3: onError: org.apache.ratis.thirdparty.io.grpc.StatusRuntimeException: CANCELLED: cancelled before receiving half close
2019-07-13 07:39:47,313 INFO  server.GrpcService (GrpcService.java:closeImpl(163)) - 9d7ca9e8-4eb3-4ba1-8fc6-d0f91e5ce981: shutdown server with port 36747 successfully
2019-07-13 07:39:47,314 INFO  utils.BackgroundService (BackgroundService.java:shutdown(148)) - Shutting down service BlockDeletingService
2019-07-13 07:39:47,316 WARN  fs.CachingGetSpaceUsed (CachingGetSpaceUsed.java:run(183)) - Thread Interrupted waiting to refresh disk information: sleep interrupted
2019-07-13 07:39:47,337 INFO  statemachine.DatanodeStateMachine (DatanodeStateMachine.java:stopDaemon(395)) - Ozone container server stopped.
2019-07-13 07:39:47,338 INFO  handler.ContextHandler (ContextHandler.java:doStop(910)) - Stopped o.e.j.w.WebAppContext@18487f92{/,null,UNAVAILABLE}{/hddsDatanode}
2019-07-13 07:39:47,339 INFO  server.AbstractConnector (AbstractConnector.java:doStop(318)) - Stopped ServerConnector@252f00ba{HTTP/1.1,[http/1.1]}{0.0.0.0:0}
2019-07-13 07:39:47,340 INFO  handler.ContextHandler (ContextHandler.java:doStop(910)) - Stopped o.e.j.s.ServletContextHandler@34e1c23d{/static,jar:file:/home/user/.m2/repository/org/apache/hadoop/hadoop-hdds-container-service/0.5.0-SNAPSHOT/hadoop-hdds-container-service-0.5.0-SNAPSHOT.jar!/webapps/static,UNAVAILABLE}
2019-07-13 07:39:47,340 INFO  handler.ContextHandler (ContextHandler.java:doStop(910)) - Stopped o.e.j.s.ServletContextHandler@2d18d9ed{/logs,file:///tmp/workdir/hadoop-ozone/integration-test/target/log,UNAVAILABLE}
2019-07-13 07:39:49,363 INFO  client.GrpcClientProtocolClient (GrpcClientProtocolClient.java:onNext(255)) - client-2084FF4BF3E8->687735de-0bff-44bf-8b08-cd771def1d24: receive RaftClientReply:client-2084FF4BF3E8->687735de-0bff-44bf-8b08-cd771def1d24@group-51C9F9B3C848, cid=186, FAILED org.apache.ratis.protocol.NotLeaderException: Server 687735de-0bff-44bf-8b08-cd771def1d24 is not the leader (9d7ca9e8-4eb3-4ba1-8fc6-d0f91e5ce981:192.168.69.84:36747). Request must be sent to leader., logIndex=0, commits[687735de-0bff-44bf-8b08-cd771def1d24:c16, 9d7ca9e8-4eb3-4ba1-8fc6-d0f91e5ce981:c16, 2a903e71-8982-4465-9171-f1a05d214b1a:c16]
2019-07-13 07:39:50,386 INFO  client.GrpcClientProtocolClient (GrpcClientProtocolClient.java:onNext(255)) - client-2084FF4BF3E8->2a903e71-8982-4465-9171-f1a05d214b1a: receive RaftClientReply:client-2084FF4BF3E8->2a903e71-8982-4465-9171-f1a05d214b1a@group-51C9F9B3C848, cid=186, FAILED org.apache.ratis.protocol.NotLeaderException: Server 2a903e71-8982-4465-9171-f1a05d214b1a is not the leader (9d7ca9e8-4eb3-4ba1-8fc6-d0f91e5ce981:192.168.69.84:36747). Request must be sent to leader., logIndex=0, commits[2a903e71-8982-4465-9171-f1a05d214b1a:c16, 687735de-0bff-44bf-8b08-cd771def1d24:c16, 9d7ca9e8-4eb3-4ba1-8fc6-d0f91e5ce981:c16]
2019-07-13 07:39:51,403 INFO  client.GrpcClientProtocolClient (GrpcClientProtocolClient.java:onNext(255)) - client-2084FF4BF3E8->2a903e71-8982-4465-9171-f1a05d214b1a: receive RaftClientReply:client-2084FF4BF3E8->2a903e71-8982-4465-9171-f1a05d214b1a@group-51C9F9B3C848, cid=186, FAILED org.apache.ratis.protocol.NotLeaderException: Server 2a903e71-8982-4465-9171-f1a05d214b1a is not the leader (9d7ca9e8-4eb3-4ba1-8fc6-d0f91e5ce981:192.168.69.84:36747). Request must be sent to leader., logIndex=0, commits[2a903e71-8982-4465-9171-f1a05d214b1a:c16, 687735de-0bff-44bf-8b08-cd771def1d24:c16, 9d7ca9e8-4eb3-4ba1-8fc6-d0f91e5ce981:c16]
2019-07-13 07:39:52,417 INFO  client.GrpcClientProtocolClient (GrpcClientProtocolClient.java:onNext(255)) - client-2084FF4BF3E8->2a903e71-8982-4465-9171-f1a05d214b1a: receive RaftClientReply:client-2084FF4BF3E8->2a903e71-8982-4465-9171-f1a05d214b1a@group-51C9F9B3C848, cid=186, FAILED org.apache.ratis.protocol.NotLeaderException: Server 2a903e71-8982-4465-9171-f1a05d214b1a is not the leader (9d7ca9e8-4eb3-4ba1-8fc6-d0f91e5ce981:192.168.69.84:36747). Request must be sent to leader., logIndex=0, commits[2a903e71-8982-4465-9171-f1a05d214b1a:c16, 687735de-0bff-44bf-8b08-cd771def1d24:c16, 9d7ca9e8-4eb3-4ba1-8fc6-d0f91e5ce981:c16]
2019-07-13 07:39:53,429 INFO  client.GrpcClientProtocolClient (GrpcClientProtocolClient.java:onNext(255)) - client-2084FF4BF3E8->687735de-0bff-44bf-8b08-cd771def1d24: receive RaftClientReply:client-2084FF4BF3E8->687735de-0bff-44bf-8b08-cd771def1d24@group-51C9F9B3C848, cid=186, FAILED org.apache.ratis.protocol.NotLeaderException: Server 687735de-0bff-44bf-8b08-cd771def1d24 is not the leader (9d7ca9e8-4eb3-4ba1-8fc6-d0f91e5ce981:192.168.69.84:36747). Request must be sent to leader., logIndex=0, commits[687735de-0bff-44bf-8b08-cd771def1d24:c16, 9d7ca9e8-4eb3-4ba1-8fc6-d0f91e5ce981:c16, 2a903e71-8982-4465-9171-f1a05d214b1a:c16]
2019-07-13 07:39:54,445 INFO  client.GrpcClientProtocolClient (GrpcClientProtocolClient.java:onNext(255)) - client-2084FF4BF3E8->687735de-0bff-44bf-8b08-cd771def1d24: receive RaftClientReply:client-2084FF4BF3E8->687735de-0bff-44bf-8b08-cd771def1d24@group-51C9F9B3C848, cid=186, FAILED org.apache.ratis.protocol.NotLeaderException: Server 687735de-0bff-44bf-8b08-cd771def1d24 is not the leader (9d7ca9e8-4eb3-4ba1-8fc6-d0f91e5ce981:192.168.69.84:36747). Request must be sent to leader., logIndex=0, commits[687735de-0bff-44bf-8b08-cd771def1d24:c16, 9d7ca9e8-4eb3-4ba1-8fc6-d0f91e5ce981:c16, 2a903e71-8982-4465-9171-f1a05d214b1a:c16]
2019-07-13 07:39:55,457 INFO  client.GrpcClientProtocolClient (GrpcClientProtocolClient.java:onNext(255)) - client-2084FF4BF3E8->2a903e71-8982-4465-9171-f1a05d214b1a: receive RaftClientReply:client-2084FF4BF3E8->2a903e71-8982-4465-9171-f1a05d214b1a@group-51C9F9B3C848, cid=186, FAILED org.apache.ratis.protocol.NotLeaderException: Server 2a903e71-8982-4465-9171-f1a05d214b1a is not the leader (9d7ca9e8-4eb3-4ba1-8fc6-d0f91e5ce981:192.168.69.84:36747). Request must be sent to leader., logIndex=0, commits[2a903e71-8982-4465-9171-f1a05d214b1a:c16, 687735de-0bff-44bf-8b08-cd771def1d24:c16, 9d7ca9e8-4eb3-4ba1-8fc6-d0f91e5ce981:c16]
2019-07-13 07:39:56,469 INFO  client.GrpcClientProtocolClient (GrpcClientProtocolClient.java:onNext(255)) - client-2084FF4BF3E8->687735de-0bff-44bf-8b08-cd771def1d24: receive RaftClientReply:client-2084FF4BF3E8->687735de-0bff-44bf-8b08-cd771def1d24@group-51C9F9B3C848, cid=186, FAILED org.apache.ratis.protocol.NotLeaderException: Server 687735de-0bff-44bf-8b08-cd771def1d24 is not the leader (9d7ca9e8-4eb3-4ba1-8fc6-d0f91e5ce981:192.168.69.84:36747). Request must be sent to leader., logIndex=0, commits[687735de-0bff-44bf-8b08-cd771def1d24:c16, 9d7ca9e8-4eb3-4ba1-8fc6-d0f91e5ce981:c16, 2a903e71-8982-4465-9171-f1a05d214b1a:c16]
2019-07-13 07:39:56,606 INFO  impl.FollowerState (FollowerState.java:run(106)) - 2a903e71-8982-4465-9171-f1a05d214b1a:group-51C9F9B3C848 changes to CANDIDATE, lastRpcTime:9347, electionTimeout:5071ms
2019-07-13 07:39:56,606 INFO  impl.RoleInfo (RoleInfo.java:shutdownFollowerState(121)) - 2a903e71-8982-4465-9171-f1a05d214b1a: shutdown FollowerState
2019-07-13 07:39:56,606 INFO  impl.RaftServerImpl (RaftServerImpl.java:setRole(171)) - 2a903e71-8982-4465-9171-f1a05d214b1a:group-51C9F9B3C848 changes role from FOLLOWER to CANDIDATE at term 1 for changeToCandidate
2019-07-13 07:39:56,606 INFO  impl.RoleInfo (RoleInfo.java:updateAndGet(143)) - 2a903e71-8982-4465-9171-f1a05d214b1a: start LeaderElection
2019-07-13 07:39:56,609 INFO  impl.RaftServerImpl (ServerState.java:setLeader(263)) - 2a903e71-8982-4465-9171-f1a05d214b1a:group-51C9F9B3C848 change Leader from 9d7ca9e8-4eb3-4ba1-8fc6-d0f91e5ce981 to null at term 1 for initElection
2019-07-13 07:39:56,619 INFO  impl.LeaderElection (LeaderElection.java:askForVotes(181)) - 2a903e71-8982-4465-9171-f1a05d214b1a:group-51C9F9B3C848:LeaderElection72: begin an election at term 2 for 0: [687735de-0bff-44bf-8b08-cd771def1d24:192.168.69.84:45247, 9d7ca9e8-4eb3-4ba1-8fc6-d0f91e5ce981:192.168.69.84:36747, 2a903e71-8982-4465-9171-f1a05d214b1a:192.168.69.84:34819], old=null
2019-07-13 07:39:56,622 INFO  impl.LeaderElection (LogUtils.java:infoOrTrace(149)) - 2a903e71-8982-4465-9171-f1a05d214b1a:group-51C9F9B3C848:LeaderElection72 got exception when requesting votes: {}
java.util.concurrent.ExecutionException: org.apache.ratis.thirdparty.io.grpc.StatusRuntimeException: UNAVAILABLE: io exception
	at java.util.concurrent.FutureTask.report(FutureTask.java:122)
	at java.util.concurrent.FutureTask.get(FutureTask.java:192)
	at org.apache.ratis.server.impl.LeaderElection.waitForResults(LeaderElection.java:262)
	at org.apache.ratis.server.impl.LeaderElection.askForVotes(LeaderElection.java:200)
	at org.apache.ratis.server.impl.LeaderElection.run(LeaderElection.java:130)
	at java.lang.Thread.run(Thread.java:748)
Caused by: org.apache.ratis.thirdparty.io.grpc.StatusRuntimeException: UNAVAILABLE: io exception
	at org.apache.ratis.thirdparty.io.grpc.stub.ClientCalls.toStatusRuntimeException(ClientCalls.java:233)
	at org.apache.ratis.thirdparty.io.grpc.stub.ClientCalls.getUnchecked(ClientCalls.java:214)
	at org.apache.ratis.thirdparty.io.grpc.stub.ClientCalls.blockingUnaryCall(ClientCalls.java:139)
	at org.apache.ratis.proto.grpc.RaftServerProtocolServiceGrpc$RaftServerProtocolServiceBlockingStub.requestVote(RaftServerProtocolServiceGrpc.java:265)
	at org.apache.ratis.grpc.server.GrpcServerProtocolClient.requestVote(GrpcServerProtocolClient.java:83)
	at org.apache.ratis.grpc.server.GrpcService.requestVote(GrpcService.java:195)
	at org.apache.ratis.server.impl.LeaderElection.lambda$submitRequests$1(LeaderElection.java:237)
	at java.util.concurrent.FutureTask.run(FutureTask.java:266)
	at java.util.concurrent.Executors$RunnableAdapter.call(Executors.java:511)
	at java.util.concurrent.FutureTask.run(FutureTask.java:266)
	at java.util.concurrent.ThreadPoolExecutor.runWorker(ThreadPoolExecutor.java:1149)
	at java.util.concurrent.ThreadPoolExecutor$Worker.run(ThreadPoolExecutor.java:624)
	... 1 more
Caused by: org.apache.ratis.thirdparty.io.netty.channel.AbstractChannel$AnnotatedConnectException: Connection refused: /192.168.69.84:36747
	at sun.nio.ch.SocketChannelImpl.checkConnect(Native Method)
	at sun.nio.ch.SocketChannelImpl.finishConnect(SocketChannelImpl.java:717)
	at org.apache.ratis.thirdparty.io.netty.channel.socket.nio.NioSocketChannel.doFinishConnect(NioSocketChannel.java:327)
	at org.apache.ratis.thirdparty.io.netty.channel.nio.AbstractNioChannel$AbstractNioUnsafe.finishConnect(AbstractNioChannel.java:340)
	at org.apache.ratis.thirdparty.io.netty.channel.nio.NioEventLoop.processSelectedKey(NioEventLoop.java:632)
	at org.apache.ratis.thirdparty.io.netty.channel.nio.NioEventLoop.processSelectedKeysOptimized(NioEventLoop.java:579)
	at org.apache.ratis.thirdparty.io.netty.channel.nio.NioEventLoop.processSelectedKeys(NioEventLoop.java:496)
	at org.apache.ratis.thirdparty.io.netty.channel.nio.NioEventLoop.run(NioEventLoop.java:458)
	at org.apache.ratis.thirdparty.io.netty.util.concurrent.SingleThreadEventExecutor$5.run(SingleThreadEventExecutor.java:897)
	at org.apache.ratis.thirdparty.io.netty.util.concurrent.FastThreadLocalRunnable.run(FastThreadLocalRunnable.java:30)
	... 1 more
Caused by: java.net.ConnectException: Connection refused
	... 11 more
2019-07-13 07:39:56,626 INFO  impl.RaftServerImpl (ServerState.java:setLeader(263)) - 687735de-0bff-44bf-8b08-cd771def1d24:group-51C9F9B3C848 change Leader from 9d7ca9e8-4eb3-4ba1-8fc6-d0f91e5ce981 to null at term 2 for updateCurrentTerm
2019-07-13 07:39:56,626 INFO  impl.RaftServerImpl (RaftServerImpl.java:setRole(171)) - 687735de-0bff-44bf-8b08-cd771def1d24:group-51C9F9B3C848 changes role from FOLLOWER to FOLLOWER at term 2 for recognizeCandidate:2a903e71-8982-4465-9171-f1a05d214b1a
2019-07-13 07:39:56,626 INFO  impl.RoleInfo (RoleInfo.java:shutdownFollowerState(121)) - 687735de-0bff-44bf-8b08-cd771def1d24: shutdown FollowerState
2019-07-13 07:39:56,627 INFO  impl.RoleInfo (RoleInfo.java:updateAndGet(143)) - 687735de-0bff-44bf-8b08-cd771def1d24: start FollowerState
2019-07-13 07:39:56,627 INFO  impl.FollowerState (FollowerState.java:run(114)) - 687735de-0bff-44bf-8b08-cd771def1d24: FollowerState was interrupted: java.lang.InterruptedException: sleep interrupted
2019-07-13 07:39:56,646 INFO  impl.LeaderElection (LeaderElection.java:logAndReturn(56)) - 2a903e71-8982-4465-9171-f1a05d214b1a:group-51C9F9B3C848:LeaderElection72: Election PASSED; received 1 response(s) [2a903e71-8982-4465-9171-f1a05d214b1a<-687735de-0bff-44bf-8b08-cd771def1d24#0:OK-t2] and 1 exception(s); 2a903e71-8982-4465-9171-f1a05d214b1a:t2, leader=null, voted=2a903e71-8982-4465-9171-f1a05d214b1a, raftlog=2a903e71-8982-4465-9171-f1a05d214b1a-SegmentedRaftLog:OPENED:c16,f16,i16, conf=0: [687735de-0bff-44bf-8b08-cd771def1d24:192.168.69.84:45247, 9d7ca9e8-4eb3-4ba1-8fc6-d0f91e5ce981:192.168.69.84:36747, 2a903e71-8982-4465-9171-f1a05d214b1a:192.168.69.84:34819], old=null
2019-07-13 07:39:56,647 INFO  impl.LeaderElection (LogUtils.java:infoOrTrace(149)) -   Exception 0: {}
java.util.concurrent.ExecutionException: org.apache.ratis.thirdparty.io.grpc.StatusRuntimeException: UNAVAILABLE: io exception
	at java.util.concurrent.FutureTask.report(FutureTask.java:122)
	at java.util.concurrent.FutureTask.get(FutureTask.java:192)
	at org.apache.ratis.server.impl.LeaderElection.waitForResults(LeaderElection.java:262)
	at org.apache.ratis.server.impl.LeaderElection.askForVotes(LeaderElection.java:200)
	at org.apache.ratis.server.impl.LeaderElection.run(LeaderElection.java:130)
	at java.lang.Thread.run(Thread.java:748)
Caused by: org.apache.ratis.thirdparty.io.grpc.StatusRuntimeException: UNAVAILABLE: io exception
	at org.apache.ratis.thirdparty.io.grpc.stub.ClientCalls.toStatusRuntimeException(ClientCalls.java:233)
	at org.apache.ratis.thirdparty.io.grpc.stub.ClientCalls.getUnchecked(ClientCalls.java:214)
	at org.apache.ratis.thirdparty.io.grpc.stub.ClientCalls.blockingUnaryCall(ClientCalls.java:139)
	at org.apache.ratis.proto.grpc.RaftServerProtocolServiceGrpc$RaftServerProtocolServiceBlockingStub.requestVote(RaftServerProtocolServiceGrpc.java:265)
	at org.apache.ratis.grpc.server.GrpcServerProtocolClient.requestVote(GrpcServerProtocolClient.java:83)
	at org.apache.ratis.grpc.server.GrpcService.requestVote(GrpcService.java:195)
	at org.apache.ratis.server.impl.LeaderElection.lambda$submitRequests$1(LeaderElection.java:237)
	at java.util.concurrent.FutureTask.run(FutureTask.java:266)
	at java.util.concurrent.Executors$RunnableAdapter.call(Executors.java:511)
	at java.util.concurrent.FutureTask.run(FutureTask.java:266)
	at java.util.concurrent.ThreadPoolExecutor.runWorker(ThreadPoolExecutor.java:1149)
	at java.util.concurrent.ThreadPoolExecutor$Worker.run(ThreadPoolExecutor.java:624)
	... 1 more
Caused by: org.apache.ratis.thirdparty.io.netty.channel.AbstractChannel$AnnotatedConnectException: Connection refused: /192.168.69.84:36747
	at sun.nio.ch.SocketChannelImpl.checkConnect(Native Method)
	at sun.nio.ch.SocketChannelImpl.finishConnect(SocketChannelImpl.java:717)
	at org.apache.ratis.thirdparty.io.netty.channel.socket.nio.NioSocketChannel.doFinishConnect(NioSocketChannel.java:327)
	at org.apache.ratis.thirdparty.io.netty.channel.nio.AbstractNioChannel$AbstractNioUnsafe.finishConnect(AbstractNioChannel.java:340)
	at org.apache.ratis.thirdparty.io.netty.channel.nio.NioEventLoop.processSelectedKey(NioEventLoop.java:632)
	at org.apache.ratis.thirdparty.io.netty.channel.nio.NioEventLoop.processSelectedKeysOptimized(NioEventLoop.java:579)
	at org.apache.ratis.thirdparty.io.netty.channel.nio.NioEventLoop.processSelectedKeys(NioEventLoop.java:496)
	at org.apache.ratis.thirdparty.io.netty.channel.nio.NioEventLoop.run(NioEventLoop.java:458)
	at org.apache.ratis.thirdparty.io.netty.util.concurrent.SingleThreadEventExecutor$5.run(SingleThreadEventExecutor.java:897)
	at org.apache.ratis.thirdparty.io.netty.util.concurrent.FastThreadLocalRunnable.run(FastThreadLocalRunnable.java:30)
	... 1 more
Caused by: java.net.ConnectException: Connection refused
	... 11 more
2019-07-13 07:39:56,647 INFO  impl.RoleInfo (RoleInfo.java:shutdownLeaderElection(134)) - 2a903e71-8982-4465-9171-f1a05d214b1a: shutdown LeaderElection
2019-07-13 07:39:56,647 INFO  impl.RaftServerImpl (RaftServerImpl.java:setRole(171)) - 2a903e71-8982-4465-9171-f1a05d214b1a:group-51C9F9B3C848 changes role from CANDIDATE to LEADER at term 2 for changeToLeader
2019-07-13 07:39:56,647 INFO  impl.RaftServerImpl (ServerState.java:setLeader(263)) - 2a903e71-8982-4465-9171-f1a05d214b1a:group-51C9F9B3C848 change Leader from null to 2a903e71-8982-4465-9171-f1a05d214b1a at term 2 for becomeLeader, leader elected after 37ms
2019-07-13 07:39:56,647 INFO  server.RaftServerConfigKeys (ConfUtils.java:logGet(43)) - raft.server.staging.catchup.gap = 1000 (default)
2019-07-13 07:39:56,648 INFO  server.RaftServerConfigKeys (ConfUtils.java:logGet(43)) - raft.server.rpc.sleep.time = 25ms (default)
2019-07-13 07:39:56,648 INFO  server.RaftServerConfigKeys (ConfUtils.java:logGet(43)) - raft.server.write.element-limit = 4096 (default)
2019-07-13 07:39:56,648 INFO  server.RaftServerConfigKeys (ConfUtils.java:logGet(43)) - raft.server.watch.timeout = 10s (default)
2019-07-13 07:39:56,648 INFO  server.RaftServerConfigKeys (ConfUtils.java:logGet(43)) - raft.server.watch.timeout.denomination = 1s (default)
2019-07-13 07:39:56,648 INFO  server.RaftServerConfigKeys (ConfUtils.java:logGet(43)) - raft.server.watch.element-limit = 65536 (default)
2019-07-13 07:39:56,649 INFO  server.RaftServerConfigKeys (ConfUtils.java:logGet(43)) - raft.server.log.appender.snapshot.chunk.size.max = 16MB (=16777216) (default)
2019-07-13 07:39:56,649 INFO  server.RaftServerConfigKeys (ConfUtils.java:logGet(43)) - raft.server.log.appender.buffer.byte-limit = 33554432 (custom)
2019-07-13 07:39:56,649 INFO  server.RaftServerConfigKeys (ConfUtils.java:logGet(43)) - raft.server.log.appender.buffer.element-limit = 1 (custom)
2019-07-13 07:39:56,649 INFO  grpc.GrpcConfigKeys$Server (ConfUtils.java:logGet(43)) - raft.grpc.server.leader.outstanding.appends.max = 128 (default)
2019-07-13 07:39:56,649 INFO  server.RaftServerConfigKeys (ConfUtils.java:logGet(43)) - raft.server.rpc.request.timeout = 3000ms (default)
2019-07-13 07:39:56,650 INFO  server.RaftServerConfigKeys (ConfUtils.java:logGet(43)) - raft.server.log.appender.install.snapshot.enabled = false (custom)
2019-07-13 07:39:56,650 INFO  server.RaftServerConfigKeys (ConfUtils.java:logGet(43)) - raft.server.log.appender.snapshot.chunk.size.max = 16MB (=16777216) (default)
2019-07-13 07:39:56,650 INFO  server.RaftServerConfigKeys (ConfUtils.java:logGet(43)) - raft.server.log.appender.buffer.byte-limit = 33554432 (custom)
2019-07-13 07:39:56,650 INFO  server.RaftServerConfigKeys (ConfUtils.java:logGet(43)) - raft.server.log.appender.buffer.element-limit = 1 (custom)
2019-07-13 07:39:56,650 INFO  grpc.GrpcConfigKeys$Server (ConfUtils.java:logGet(43)) - raft.grpc.server.leader.outstanding.appends.max = 128 (default)
2019-07-13 07:39:56,650 INFO  server.RaftServerConfigKeys (ConfUtils.java:logGet(43)) - raft.server.rpc.request.timeout = 3000ms (default)
2019-07-13 07:39:56,651 INFO  server.RaftServerConfigKeys (ConfUtils.java:logGet(43)) - raft.server.log.appender.install.snapshot.enabled = false (custom)
2019-07-13 07:39:56,651 INFO  impl.RoleInfo (RoleInfo.java:updateAndGet(143)) - 2a903e71-8982-4465-9171-f1a05d214b1a: start LeaderState
2019-07-13 07:39:56,652 INFO  segmented.SegmentedRaftLogWorker (SegmentedRaftLogWorker.java:rollLogSegment(385)) - 2a903e71-8982-4465-9171-f1a05d214b1a-SegmentedRaftLogWorker:Storage Directory /tmp/workdir/hadoop-ozone/integration-test/target/test-dir/MiniOzoneClusterImpl-5db8d0d9-7b2e-49d0-b294-9cc54400926c/datanode-2/data/ratis/16c2ca4a-2fb0-44d4-9f4b-51c9f9b3c848: Rolling segment log-0_16 to index:16
2019-07-13 07:39:56,652 INFO  segmented.SegmentedRaftLogWorker (SegmentedRaftLogWorker.java:execute(526)) - 2a903e71-8982-4465-9171-f1a05d214b1a-SegmentedRaftLogWorker:Storage Directory /tmp/workdir/hadoop-ozone/integration-test/target/test-dir/MiniOzoneClusterImpl-5db8d0d9-7b2e-49d0-b294-9cc54400926c/datanode-2/data/ratis/16c2ca4a-2fb0-44d4-9f4b-51c9f9b3c848: Rolled log segment from /tmp/workdir/hadoop-ozone/integration-test/target/test-dir/MiniOzoneClusterImpl-5db8d0d9-7b2e-49d0-b294-9cc54400926c/datanode-2/data/ratis/16c2ca4a-2fb0-44d4-9f4b-51c9f9b3c848/current/log_inprogress_0 to /tmp/workdir/hadoop-ozone/integration-test/target/test-dir/MiniOzoneClusterImpl-5db8d0d9-7b2e-49d0-b294-9cc54400926c/datanode-2/data/ratis/16c2ca4a-2fb0-44d4-9f4b-51c9f9b3c848/current/log_0-16
2019-07-13 07:39:56,652 INFO  impl.RaftServerImpl (ServerState.java:setRaftConf(361)) - 2a903e71-8982-4465-9171-f1a05d214b1a:group-51C9F9B3C848 set configuration 17: [687735de-0bff-44bf-8b08-cd771def1d24:192.168.69.84:45247, 9d7ca9e8-4eb3-4ba1-8fc6-d0f91e5ce981:192.168.69.84:36747, 2a903e71-8982-4465-9171-f1a05d214b1a:192.168.69.84:34819], old=null at 17
2019-07-13 07:39:56,653 WARN  server.GrpcLogAppender (LogUtils.java:warn(134)) - 2a903e71-8982-4465-9171-f1a05d214b1a->9d7ca9e8-4eb3-4ba1-8fc6-d0f91e5ce981: Failed appendEntries: org.apache.ratis.thirdparty.io.grpc.StatusRuntimeException: UNAVAILABLE: io exception
2019-07-13 07:39:56,654 INFO  impl.FollowerInfo (FollowerInfo.java:lambda$new$0(50)) - 2a903e71-8982-4465-9171-f1a05d214b1a->9d7ca9e8-4eb3-4ba1-8fc6-d0f91e5ce981: nextIndex: updateUnconditionally 17 -> 1
2019-07-13 07:39:56,654 INFO  impl.RaftServerImpl (ServerState.java:setLeader(263)) - 687735de-0bff-44bf-8b08-cd771def1d24:group-51C9F9B3C848 change Leader from null to 2a903e71-8982-4465-9171-f1a05d214b1a at term 2 for appendEntries, leader elected after 27ms
2019-07-13 07:39:56,656 INFO  impl.RaftServerImpl (ServerState.java:setRaftConf(361)) - 687735de-0bff-44bf-8b08-cd771def1d24:group-51C9F9B3C848 set configuration 17: [687735de-0bff-44bf-8b08-cd771def1d24:192.168.69.84:45247, 9d7ca9e8-4eb3-4ba1-8fc6-d0f91e5ce981:192.168.69.84:36747, 2a903e71-8982-4465-9171-f1a05d214b1a:192.168.69.84:34819], old=null at 17
2019-07-13 07:39:56,656 INFO  segmented.SegmentedRaftLogWorker (SegmentedRaftLogWorker.java:rollLogSegment(385)) - 687735de-0bff-44bf-8b08-cd771def1d24-SegmentedRaftLogWorker:Storage Directory /tmp/workdir/hadoop-ozone/integration-test/target/test-dir/MiniOzoneClusterImpl-5db8d0d9-7b2e-49d0-b294-9cc54400926c/datanode-0/data/ratis/16c2ca4a-2fb0-44d4-9f4b-51c9f9b3c848: Rolling segment log-0_16 to index:16
2019-07-13 07:39:56,657 INFO  segmented.SegmentedRaftLogWorker (SegmentedRaftLogWorker.java:execute(526)) - 687735de-0bff-44bf-8b08-cd771def1d24-SegmentedRaftLogWorker:Storage Directory /tmp/workdir/hadoop-ozone/integration-test/target/test-dir/MiniOzoneClusterImpl-5db8d0d9-7b2e-49d0-b294-9cc54400926c/datanode-0/data/ratis/16c2ca4a-2fb0-44d4-9f4b-51c9f9b3c848: Rolled log segment from /tmp/workdir/hadoop-ozone/integration-test/target/test-dir/MiniOzoneClusterImpl-5db8d0d9-7b2e-49d0-b294-9cc54400926c/datanode-0/data/ratis/16c2ca4a-2fb0-44d4-9f4b-51c9f9b3c848/current/log_inprogress_0 to /tmp/workdir/hadoop-ozone/integration-test/target/test-dir/MiniOzoneClusterImpl-5db8d0d9-7b2e-49d0-b294-9cc54400926c/datanode-0/data/ratis/16c2ca4a-2fb0-44d4-9f4b-51c9f9b3c848/current/log_0-16
2019-07-13 07:39:56,678 INFO  segmented.SegmentedRaftLogWorker (SegmentedRaftLogWorker.java:execute(569)) - 2a903e71-8982-4465-9171-f1a05d214b1a-SegmentedRaftLogWorker:Storage Directory /tmp/workdir/hadoop-ozone/integration-test/target/test-dir/MiniOzoneClusterImpl-5db8d0d9-7b2e-49d0-b294-9cc54400926c/datanode-2/data/ratis/16c2ca4a-2fb0-44d4-9f4b-51c9f9b3c848: created new log segment /tmp/workdir/hadoop-ozone/integration-test/target/test-dir/MiniOzoneClusterImpl-5db8d0d9-7b2e-49d0-b294-9cc54400926c/datanode-2/data/ratis/16c2ca4a-2fb0-44d4-9f4b-51c9f9b3c848/current/log_inprogress_17
2019-07-13 07:39:56,681 INFO  segmented.SegmentedRaftLogWorker (SegmentedRaftLogWorker.java:execute(569)) - 687735de-0bff-44bf-8b08-cd771def1d24-SegmentedRaftLogWorker:Storage Directory /tmp/workdir/hadoop-ozone/integration-test/target/test-dir/MiniOzoneClusterImpl-5db8d0d9-7b2e-49d0-b294-9cc54400926c/datanode-0/data/ratis/16c2ca4a-2fb0-44d4-9f4b-51c9f9b3c848: created new log segment /tmp/workdir/hadoop-ozone/integration-test/target/test-dir/MiniOzoneClusterImpl-5db8d0d9-7b2e-49d0-b294-9cc54400926c/datanode-0/data/ratis/16c2ca4a-2fb0-44d4-9f4b-51c9f9b3c848/current/log_inprogress_17
2019-07-13 07:39:56,698 WARN  server.GrpcLogAppender (LogUtils.java:warn(134)) - 2a903e71-8982-4465-9171-f1a05d214b1a->9d7ca9e8-4eb3-4ba1-8fc6-d0f91e5ce981: Failed appendEntries: org.apache.ratis.thirdparty.io.grpc.StatusRuntimeException: UNAVAILABLE: io exception
2019-07-13 07:39:56,698 INFO  impl.FollowerInfo (FollowerInfo.java:lambda$new$0(50)) - 2a903e71-8982-4465-9171-f1a05d214b1a->9d7ca9e8-4eb3-4ba1-8fc6-d0f91e5ce981: nextIndex: updateUnconditionally 2 -> 1
07:39:57.479 [grpc-default-executor-11] ERROR DNAudit - user=null | ip=null | op=WRITE_CHUNK {blockData=conID: 1 locID: 102433002483023886 bcsId: 14} | ret=FAILURE
org.apache.hadoop.hdds.scm.container.common.helpers.ContainerNotOpenException: Container 1 in CLOSING state
	at org.apache.hadoop.ozone.container.common.impl.HddsDispatcher.validateContainerCommand(HddsDispatcher.java:408) ~[hadoop-hdds-container-service-0.5.0-SNAPSHOT.jar:?]
	at org.apache.hadoop.ozone.container.common.transport.server.ratis.ContainerStateMachine.startTransaction(ContainerStateMachine.java:271) ~[hadoop-hdds-container-service-0.5.0-SNAPSHOT.jar:?]
	at org.apache.ratis.server.impl.RaftServerImpl.submitClientRequestAsync(RaftServerImpl.java:566) ~[ratis-server-0.4.0-2337318-SNAPSHOT.jar:0.4.0-2337318-SNAPSHOT]
	at org.apache.ratis.server.impl.RaftServerProxy.lambda$submitClientRequestAsync$7(RaftServerProxy.java:333) ~[ratis-server-0.4.0-2337318-SNAPSHOT.jar:0.4.0-2337318-SNAPSHOT]
	at org.apache.ratis.server.impl.RaftServerProxy.lambda$null$5(RaftServerProxy.java:328) ~[ratis-server-0.4.0-2337318-SNAPSHOT.jar:0.4.0-2337318-SNAPSHOT]
	at org.apache.ratis.util.JavaUtils.callAsUnchecked(JavaUtils.java:109) ~[ratis-common-0.4.0-2337318-SNAPSHOT.jar:0.4.0-2337318-SNAPSHOT]
	at org.apache.ratis.server.impl.RaftServerProxy.lambda$submitRequest$6(RaftServerProxy.java:328) ~[ratis-server-0.4.0-2337318-SNAPSHOT.jar:0.4.0-2337318-SNAPSHOT]
	at java.util.concurrent.CompletableFuture.uniComposeStage(CompletableFuture.java:981) ~[?:1.8.0_212]
	at java.util.concurrent.CompletableFuture.thenCompose(CompletableFuture.java:2124) ~[?:1.8.0_212]
	at org.apache.ratis.server.impl.RaftServerProxy.submitRequest(RaftServerProxy.java:327) ~[ratis-server-0.4.0-2337318-SNAPSHOT.jar:0.4.0-2337318-SNAPSHOT]
	at org.apache.ratis.server.impl.RaftServerProxy.submitClientRequestAsync(RaftServerProxy.java:333) ~[ratis-server-0.4.0-2337318-SNAPSHOT.jar:0.4.0-2337318-SNAPSHOT]
	at org.apache.ratis.grpc.client.GrpcClientProtocolService$RequestStreamObserver.processClientRequest(GrpcClientProtocolService.java:220) ~[ratis-grpc-0.4.0-2337318-SNAPSHOT.jar:0.4.0-2337318-SNAPSHOT]
	at org.apache.ratis.grpc.client.GrpcClientProtocolService$OrderedRequestStreamObserver.processClientRequest(GrpcClientProtocolService.java:326) ~[ratis-grpc-0.4.0-2337318-SNAPSHOT.jar:0.4.0-2337318-SNAPSHOT]
	at org.apache.ratis.util.SlidingWindow$Server.processRequestsFromHead(SlidingWindow.java:429) [ratis-common-0.4.0-2337318-SNAPSHOT.jar:0.4.0-2337318-SNAPSHOT]
	at org.apache.ratis.util.SlidingWindow$Server.receivedRequest(SlidingWindow.java:421) [ratis-common-0.4.0-2337318-SNAPSHOT.jar:0.4.0-2337318-SNAPSHOT]
	at org.apache.ratis.grpc.client.GrpcClientProtocolService$OrderedRequestStreamObserver.processClientRequest(GrpcClientProtocolService.java:345) [ratis-grpc-0.4.0-2337318-SNAPSHOT.jar:0.4.0-2337318-SNAPSHOT]
	at org.apache.ratis.grpc.client.GrpcClientProtocolService$RequestStreamObserver.onNext(GrpcClientProtocolService.java:240) [ratis-grpc-0.4.0-2337318-SNAPSHOT.jar:0.4.0-2337318-SNAPSHOT]
	at org.apache.ratis.grpc.client.GrpcClientProtocolService$RequestStreamObserver.onNext(GrpcClientProtocolService.java:168) [ratis-grpc-0.4.0-2337318-SNAPSHOT.jar:0.4.0-2337318-SNAPSHOT]
	at org.apache.ratis.thirdparty.io.grpc.stub.ServerCalls$StreamingServerCallHandler$StreamingServerCallListener.onMessage(ServerCalls.java:248) [ratis-thirdparty-misc-0.2.0.jar:0.2.0]
	at org.apache.ratis.thirdparty.io.grpc.internal.ServerCallImpl$ServerStreamListenerImpl.messagesAvailable(ServerCallImpl.java:263) [ratis-thirdparty-misc-0.2.0.jar:0.2.0]
	at org.apache.ratis.thirdparty.io.grpc.internal.ServerImpl$JumpToApplicationThreadServerStreamListener$1MessagesAvailable.runInContext(ServerImpl.java:686) [ratis-thirdparty-misc-0.2.0.jar:0.2.0]
	at org.apache.ratis.thirdparty.io.grpc.internal.ContextRunnable.run(ContextRunnable.java:37) [ratis-thirdparty-misc-0.2.0.jar:0.2.0]
	at org.apache.ratis.thirdparty.io.grpc.internal.SerializingExecutor.run(SerializingExecutor.java:123) [ratis-thirdparty-misc-0.2.0.jar:0.2.0]
	at java.util.concurrent.ThreadPoolExecutor.runWorker(ThreadPoolExecutor.java:1149) [?:1.8.0_212]
	at java.util.concurrent.ThreadPoolExecutor$Worker.run(ThreadPoolExecutor.java:624) [?:1.8.0_212]
	at java.lang.Thread.run(Thread.java:748) [?:1.8.0_212]
2019-07-13 07:39:57,493 INFO  client.GrpcClientProtocolClient (GrpcClientProtocolClient.java:onNext(255)) - client-2084FF4BF3E8->2a903e71-8982-4465-9171-f1a05d214b1a: receive RaftClientReply:client-2084FF4BF3E8->2a903e71-8982-4465-9171-f1a05d214b1a@group-51C9F9B3C848, cid=186, FAILED org.apache.ratis.protocol.StateMachineException: org.apache.hadoop.hdds.scm.container.common.helpers.ContainerNotOpenException from Server 2a903e71-8982-4465-9171-f1a05d214b1a: Container 1 in CLOSING state, logIndex=0, commits[2a903e71-8982-4465-9171-f1a05d214b1a:c18, 687735de-0bff-44bf-8b08-cd771def1d24:c17, 9d7ca9e8-4eb3-4ba1-8fc6-d0f91e5ce981:c16]
07:39:57.494 [grpc-default-executor-9] ERROR DNAudit - user=null | ip=null | op=WRITE_CHUNK {blockData=conID: 1 locID: 102433002483023886 bcsId: 14} | ret=FAILURE
org.apache.hadoop.hdds.scm.container.common.helpers.ContainerNotOpenException: Container 1 in CLOSING state
	at org.apache.hadoop.ozone.container.common.impl.HddsDispatcher.validateContainerCommand(HddsDispatcher.java:408) ~[hadoop-hdds-container-service-0.5.0-SNAPSHOT.jar:?]
	at org.apache.hadoop.ozone.container.common.transport.server.ratis.ContainerStateMachine.startTransaction(ContainerStateMachine.java:271) ~[hadoop-hdds-container-service-0.5.0-SNAPSHOT.jar:?]
	at org.apache.ratis.server.impl.RaftServerImpl.submitClientRequestAsync(RaftServerImpl.java:566) ~[ratis-server-0.4.0-2337318-SNAPSHOT.jar:0.4.0-2337318-SNAPSHOT]
	at org.apache.ratis.server.impl.RaftServerProxy.lambda$submitClientRequestAsync$7(RaftServerProxy.java:333) ~[ratis-server-0.4.0-2337318-SNAPSHOT.jar:0.4.0-2337318-SNAPSHOT]
	at org.apache.ratis.server.impl.RaftServerProxy.lambda$null$5(RaftServerProxy.java:328) ~[ratis-server-0.4.0-2337318-SNAPSHOT.jar:0.4.0-2337318-SNAPSHOT]
	at org.apache.ratis.util.JavaUtils.callAsUnchecked(JavaUtils.java:109) ~[ratis-common-0.4.0-2337318-SNAPSHOT.jar:0.4.0-2337318-SNAPSHOT]
	at org.apache.ratis.server.impl.RaftServerProxy.lambda$submitRequest$6(RaftServerProxy.java:328) ~[ratis-server-0.4.0-2337318-SNAPSHOT.jar:0.4.0-2337318-SNAPSHOT]
	at java.util.concurrent.CompletableFuture.uniComposeStage(CompletableFuture.java:981) ~[?:1.8.0_212]
	at java.util.concurrent.CompletableFuture.thenCompose(CompletableFuture.java:2124) ~[?:1.8.0_212]
	at org.apache.ratis.server.impl.RaftServerProxy.submitRequest(RaftServerProxy.java:327) ~[ratis-server-0.4.0-2337318-SNAPSHOT.jar:0.4.0-2337318-SNAPSHOT]
	at org.apache.ratis.server.impl.RaftServerProxy.submitClientRequestAsync(RaftServerProxy.java:333) ~[ratis-server-0.4.0-2337318-SNAPSHOT.jar:0.4.0-2337318-SNAPSHOT]
	at org.apache.ratis.grpc.client.GrpcClientProtocolService$RequestStreamObserver.processClientRequest(GrpcClientProtocolService.java:220) ~[ratis-grpc-0.4.0-2337318-SNAPSHOT.jar:0.4.0-2337318-SNAPSHOT]
	at org.apache.ratis.grpc.client.GrpcClientProtocolService$OrderedRequestStreamObserver.processClientRequest(GrpcClientProtocolService.java:326) ~[ratis-grpc-0.4.0-2337318-SNAPSHOT.jar:0.4.0-2337318-SNAPSHOT]
	at org.apache.ratis.util.SlidingWindow$Server.processRequestsFromHead(SlidingWindow.java:429) [ratis-common-0.4.0-2337318-SNAPSHOT.jar:0.4.0-2337318-SNAPSHOT]
	at org.apache.ratis.util.SlidingWindow$Server.receivedRequest(SlidingWindow.java:421) [ratis-common-0.4.0-2337318-SNAPSHOT.jar:0.4.0-2337318-SNAPSHOT]
	at org.apache.ratis.grpc.client.GrpcClientProtocolService$OrderedRequestStreamObserver.processClientRequest(GrpcClientProtocolService.java:345) [ratis-grpc-0.4.0-2337318-SNAPSHOT.jar:0.4.0-2337318-SNAPSHOT]
	at org.apache.ratis.grpc.client.GrpcClientProtocolService$RequestStreamObserver.onNext(GrpcClientProtocolService.java:240) [ratis-grpc-0.4.0-2337318-SNAPSHOT.jar:0.4.0-2337318-SNAPSHOT]
	at org.apache.ratis.grpc.client.GrpcClientProtocolService$RequestStreamObserver.onNext(GrpcClientProtocolService.java:168) [ratis-grpc-0.4.0-2337318-SNAPSHOT.jar:0.4.0-2337318-SNAPSHOT]
	at org.apache.ratis.thirdparty.io.grpc.stub.ServerCalls$StreamingServerCallHandler$StreamingServerCallListener.onMessage(ServerCalls.java:248) [ratis-thirdparty-misc-0.2.0.jar:0.2.0]
	at org.apache.ratis.thirdparty.io.grpc.internal.ServerCallImpl$ServerStreamListenerImpl.messagesAvailable(ServerCallImpl.java:263) [ratis-thirdparty-misc-0.2.0.jar:0.2.0]
	at org.apache.ratis.thirdparty.io.grpc.internal.ServerImpl$JumpToApplicationThreadServerStreamListener$1MessagesAvailable.runInContext(ServerImpl.java:686) [ratis-thirdparty-misc-0.2.0.jar:0.2.0]
	at org.apache.ratis.thirdparty.io.grpc.internal.ContextRunnable.run(ContextRunnable.java:37) [ratis-thirdparty-misc-0.2.0.jar:0.2.0]
	at org.apache.ratis.thirdparty.io.grpc.internal.SerializingExecutor.run(SerializingExecutor.java:123) [ratis-thirdparty-misc-0.2.0.jar:0.2.0]
	at java.util.concurrent.ThreadPoolExecutor.runWorker(ThreadPoolExecutor.java:1149) [?:1.8.0_212]
	at java.util.concurrent.ThreadPoolExecutor$Worker.run(ThreadPoolExecutor.java:624) [?:1.8.0_212]
	at java.lang.Thread.run(Thread.java:748) [?:1.8.0_212]
2019-07-13 07:39:57,506 INFO  client.GrpcClientProtocolClient (GrpcClientProtocolClient.java:onNext(255)) - client-2084FF4BF3E8->2a903e71-8982-4465-9171-f1a05d214b1a: receive RaftClientReply:client-2084FF4BF3E8->2a903e71-8982-4465-9171-f1a05d214b1a@group-51C9F9B3C848, cid=187, FAILED org.apache.ratis.protocol.StateMachineException: org.apache.hadoop.hdds.scm.container.common.helpers.ContainerNotOpenException from Server 2a903e71-8982-4465-9171-f1a05d214b1a: Container 1 in CLOSING state, logIndex=0, commits[2a903e71-8982-4465-9171-f1a05d214b1a:c18, 687735de-0bff-44bf-8b08-cd771def1d24:c17, 9d7ca9e8-4eb3-4ba1-8fc6-d0f91e5ce981:c16]
07:39:57.505 [grpc-default-executor-9] ERROR DNAudit - user=null | ip=null | op=PUT_BLOCK {blockData=[blockId=conID: 1 locID: 102433002483023886 bcsId: 0,size=650]} | ret=FAILURE
org.apache.hadoop.hdds.scm.container.common.helpers.ContainerNotOpenException: Container 1 in CLOSING state
	at org.apache.hadoop.ozone.container.common.impl.HddsDispatcher.validateContainerCommand(HddsDispatcher.java:408) ~[hadoop-hdds-container-service-0.5.0-SNAPSHOT.jar:?]
	at org.apache.hadoop.ozone.container.common.transport.server.ratis.ContainerStateMachine.startTransaction(ContainerStateMachine.java:271) ~[hadoop-hdds-container-service-0.5.0-SNAPSHOT.jar:?]
	at org.apache.ratis.server.impl.RaftServerImpl.submitClientRequestAsync(RaftServerImpl.java:566) ~[ratis-server-0.4.0-2337318-SNAPSHOT.jar:0.4.0-2337318-SNAPSHOT]
	at org.apache.ratis.server.impl.RaftServerProxy.lambda$submitClientRequestAsync$7(RaftServerProxy.java:333) ~[ratis-server-0.4.0-2337318-SNAPSHOT.jar:0.4.0-2337318-SNAPSHOT]
	at org.apache.ratis.server.impl.RaftServerProxy.lambda$null$5(RaftServerProxy.java:328) ~[ratis-server-0.4.0-2337318-SNAPSHOT.jar:0.4.0-2337318-SNAPSHOT]
	at org.apache.ratis.util.JavaUtils.callAsUnchecked(JavaUtils.java:109) ~[ratis-common-0.4.0-2337318-SNAPSHOT.jar:0.4.0-2337318-SNAPSHOT]
	at org.apache.ratis.server.impl.RaftServerProxy.lambda$submitRequest$6(RaftServerProxy.java:328) ~[ratis-server-0.4.0-2337318-SNAPSHOT.jar:0.4.0-2337318-SNAPSHOT]
	at java.util.concurrent.CompletableFuture.uniComposeStage(CompletableFuture.java:981) ~[?:1.8.0_212]
	at java.util.concurrent.CompletableFuture.thenCompose(CompletableFuture.java:2124) ~[?:1.8.0_212]
	at org.apache.ratis.server.impl.RaftServerProxy.submitRequest(RaftServerProxy.java:327) ~[ratis-server-0.4.0-2337318-SNAPSHOT.jar:0.4.0-2337318-SNAPSHOT]
	at org.apache.ratis.server.impl.RaftServerProxy.submitClientRequestAsync(RaftServerProxy.java:333) ~[ratis-server-0.4.0-2337318-SNAPSHOT.jar:0.4.0-2337318-SNAPSHOT]
	at org.apache.ratis.grpc.client.GrpcClientProtocolService$RequestStreamObserver.processClientRequest(GrpcClientProtocolService.java:220) ~[ratis-grpc-0.4.0-2337318-SNAPSHOT.jar:0.4.0-2337318-SNAPSHOT]
	at org.apache.ratis.grpc.client.GrpcClientProtocolService$OrderedRequestStreamObserver.processClientRequest(GrpcClientProtocolService.java:326) ~[ratis-grpc-0.4.0-2337318-SNAPSHOT.jar:0.4.0-2337318-SNAPSHOT]
	at org.apache.ratis.util.SlidingWindow$Server.processRequestsFromHead(SlidingWindow.java:429) [ratis-common-0.4.0-2337318-SNAPSHOT.jar:0.4.0-2337318-SNAPSHOT]
	at org.apache.ratis.util.SlidingWindow$Server.receivedRequest(SlidingWindow.java:421) [ratis-common-0.4.0-2337318-SNAPSHOT.jar:0.4.0-2337318-SNAPSHOT]
	at org.apache.ratis.grpc.client.GrpcClientProtocolService$OrderedRequestStreamObserver.processClientRequest(GrpcClientProtocolService.java:345) [ratis-grpc-0.4.0-2337318-SNAPSHOT.jar:0.4.0-2337318-SNAPSHOT]
	at org.apache.ratis.grpc.client.GrpcClientProtocolService$RequestStreamObserver.onNext(GrpcClientProtocolService.java:240) [ratis-grpc-0.4.0-2337318-SNAPSHOT.jar:0.4.0-2337318-SNAPSHOT]
	at org.apache.ratis.grpc.client.GrpcClientProtocolService$RequestStreamObserver.onNext(GrpcClientProtocolService.java:168) [ratis-grpc-0.4.0-2337318-SNAPSHOT.jar:0.4.0-2337318-SNAPSHOT]
	at org.apache.ratis.thirdparty.io.grpc.stub.ServerCalls$StreamingServerCallHandler$StreamingServerCallListener.onMessage(ServerCalls.java:248) [ratis-thirdparty-misc-0.2.0.jar:0.2.0]
	at org.apache.ratis.thirdparty.io.grpc.internal.ServerCallImpl$ServerStreamListenerImpl.messagesAvailable(ServerCallImpl.java:263) [ratis-thirdparty-misc-0.2.0.jar:0.2.0]
	at org.apache.ratis.thirdparty.io.grpc.internal.ServerImpl$JumpToApplicationThreadServerStreamListener$1MessagesAvailable.runInContext(ServerImpl.java:686) [ratis-thirdparty-misc-0.2.0.jar:0.2.0]
	at org.apache.ratis.thirdparty.io.grpc.internal.ContextRunnable.run(ContextRunnable.java:37) [ratis-thirdparty-misc-0.2.0.jar:0.2.0]
	at org.apache.ratis.thirdparty.io.grpc.internal.SerializingExecutor.run(SerializingExecutor.java:123) [ratis-thirdparty-misc-0.2.0.jar:0.2.0]
	at java.util.concurrent.ThreadPoolExecutor.runWorker(ThreadPoolExecutor.java:1149) [?:1.8.0_212]
	at java.util.concurrent.ThreadPoolExecutor$Worker.run(ThreadPoolExecutor.java:624) [?:1.8.0_212]
	at java.lang.Thread.run(Thread.java:748) [?:1.8.0_212]
07:39:57.512 [grpc-default-executor-9] ERROR DNAudit - user=null | ip=null | op=WRITE_CHUNK {blockData=conID: 1 locID: 102433002483023886 bcsId: 14} | ret=FAILURE
org.apache.hadoop.hdds.scm.container.common.helpers.ContainerNotOpenException: Container 1 in CLOSING state
	at org.apache.hadoop.ozone.container.common.impl.HddsDispatcher.validateContainerCommand(HddsDispatcher.java:408) ~[hadoop-hdds-container-service-0.5.0-SNAPSHOT.jar:?]
	at org.apache.hadoop.ozone.container.common.transport.server.ratis.ContainerStateMachine.startTransaction(ContainerStateMachine.java:271) ~[hadoop-hdds-container-service-0.5.0-SNAPSHOT.jar:?]
	at org.apache.ratis.server.impl.RaftServerImpl.submitClientRequestAsync(RaftServerImpl.java:566) ~[ratis-server-0.4.0-2337318-SNAPSHOT.jar:0.4.0-2337318-SNAPSHOT]
	at org.apache.ratis.server.impl.RaftServerProxy.lambda$submitClientRequestAsync$7(RaftServerProxy.java:333) ~[ratis-server-0.4.0-2337318-SNAPSHOT.jar:0.4.0-2337318-SNAPSHOT]
	at org.apache.ratis.server.impl.RaftServerProxy.lambda$null$5(RaftServerProxy.java:328) ~[ratis-server-0.4.0-2337318-SNAPSHOT.jar:0.4.0-2337318-SNAPSHOT]
	at org.apache.ratis.util.JavaUtils.callAsUnchecked(JavaUtils.java:109) ~[ratis-common-0.4.0-2337318-SNAPSHOT.jar:0.4.0-2337318-SNAPSHOT]
	at org.apache.ratis.server.impl.RaftServerProxy.lambda$submitRequest$6(RaftServerProxy.java:328) ~[ratis-server-0.4.0-2337318-SNAPSHOT.jar:0.4.0-2337318-SNAPSHOT]
	at java.util.concurrent.CompletableFuture.uniComposeStage(CompletableFuture.java:981) ~[?:1.8.0_212]
	at java.util.concurrent.CompletableFuture.thenCompose(CompletableFuture.java:2124) ~[?:1.8.0_212]
	at org.apache.ratis.server.impl.RaftServerProxy.submitRequest(RaftServerProxy.java:327) ~[ratis-server-0.4.0-2337318-SNAPSHOT.jar:0.4.0-2337318-SNAPSHOT]
	at org.apache.ratis.server.impl.RaftServerProxy.submitClientRequestAsync(RaftServerProxy.java:333) ~[ratis-server-0.4.0-2337318-SNAPSHOT.jar:0.4.0-2337318-SNAPSHOT]
	at org.apache.ratis.grpc.client.GrpcClientProtocolService$RequestStreamObserver.processClientRequest(GrpcClientProtocolService.java:220) ~[ratis-grpc-0.4.0-2337318-SNAPSHOT.jar:0.4.0-2337318-SNAPSHOT]
	at org.apache.ratis.grpc.client.GrpcClientProtocolService$OrderedRequestStreamObserver.processClientRequest(GrpcClientProtocolService.java:326) ~[ratis-grpc-0.4.0-2337318-SNAPSHOT.jar:0.4.0-2337318-SNAPSHOT]
	at org.apache.ratis.util.SlidingWindow$Server.processRequestsFromHead(SlidingWindow.java:429) [ratis-common-0.4.0-2337318-SNAPSHOT.jar:0.4.0-2337318-SNAPSHOT]
	at org.apache.ratis.util.SlidingWindow$Server.receivedRequest(SlidingWindow.java:421) [ratis-common-0.4.0-2337318-SNAPSHOT.jar:0.4.0-2337318-SNAPSHOT]
	at org.apache.ratis.grpc.client.GrpcClientProtocolService$OrderedRequestStreamObserver.processClientRequest(GrpcClientProtocolService.java:345) [ratis-grpc-0.4.0-2337318-SNAPSHOT.jar:0.4.0-2337318-SNAPSHOT]
	at org.apache.ratis.grpc.client.GrpcClientProtocolService$RequestStreamObserver.onNext(GrpcClientProtocolService.java:240) [ratis-grpc-0.4.0-2337318-SNAPSHOT.jar:0.4.0-2337318-SNAPSHOT]
	at org.apache.ratis.grpc.client.GrpcClientProtocolService$RequestStreamObserver.onNext(GrpcClientProtocolService.java:168) [ratis-grpc-0.4.0-2337318-SNAPSHOT.jar:0.4.0-2337318-SNAPSHOT]
	at org.apache.ratis.thirdparty.io.grpc.stub.ServerCalls$StreamingServerCallHandler$StreamingServerCallListener.onMessage(ServerCalls.java:248) [ratis-thirdparty-misc-0.2.0.jar:0.2.0]
	at org.apache.ratis.thirdparty.io.grpc.internal.ServerCallImpl$ServerStreamListenerImpl.messagesAvailable(ServerCallImpl.java:263) [ratis-thirdparty-misc-0.2.0.jar:0.2.0]
	at org.apache.ratis.thirdparty.io.grpc.internal.ServerImpl$JumpToApplicationThreadServerStreamListener$1MessagesAvailable.runInContext(ServerImpl.java:686) [ratis-thirdparty-misc-0.2.0.jar:0.2.0]
	at org.apache.ratis.thirdparty.io.grpc.internal.ContextRunnable.run(ContextRunnable.java:37) [ratis-thirdparty-misc-0.2.0.jar:0.2.0]
	at org.apache.ratis.thirdparty.io.grpc.internal.SerializingExecutor.run(SerializingExecutor.java:123) [ratis-thirdparty-misc-0.2.0.jar:0.2.0]
	at java.util.concurrent.ThreadPoolExecutor.runWorker(ThreadPoolExecutor.java:1149) [?:1.8.0_212]
	at java.util.concurrent.ThreadPoolExecutor$Worker.run(ThreadPoolExecutor.java:624) [?:1.8.0_212]
	at java.lang.Thread.run(Thread.java:748) [?:1.8.0_212]
2019-07-13 07:39:57,513 INFO  client.GrpcClientProtocolClient (GrpcClientProtocolClient.java:onNext(255)) - client-2084FF4BF3E8->2a903e71-8982-4465-9171-f1a05d214b1a: receive RaftClientReply:client-2084FF4BF3E8->2a903e71-8982-4465-9171-f1a05d214b1a@group-51C9F9B3C848, cid=188, FAILED org.apache.ratis.protocol.StateMachineException: org.apache.hadoop.hdds.scm.container.common.helpers.ContainerNotOpenException from Server 2a903e71-8982-4465-9171-f1a05d214b1a: Container 1 in CLOSING state, logIndex=0, commits[2a903e71-8982-4465-9171-f1a05d214b1a:c18, 687735de-0bff-44bf-8b08-cd771def1d24:c17, 9d7ca9e8-4eb3-4ba1-8fc6-d0f91e5ce981:c16]
07:39:57.519 [grpc-default-executor-9] ERROR DNAudit - user=null | ip=null | op=WRITE_CHUNK {blockData=conID: 1 locID: 102433002483023886 bcsId: 14} | ret=FAILURE
org.apache.hadoop.hdds.scm.container.common.helpers.ContainerNotOpenException: Container 1 in CLOSING state
	at org.apache.hadoop.ozone.container.common.impl.HddsDispatcher.validateContainerCommand(HddsDispatcher.java:408) ~[hadoop-hdds-container-service-0.5.0-SNAPSHOT.jar:?]
	at org.apache.hadoop.ozone.container.common.transport.server.ratis.ContainerStateMachine.startTransaction(ContainerStateMachine.java:271) ~[hadoop-hdds-container-service-0.5.0-SNAPSHOT.jar:?]
	at org.apache.ratis.server.impl.RaftServerImpl.submitClientRequestAsync(RaftServerImpl.java:566) ~[ratis-server-0.4.0-2337318-SNAPSHOT.jar:0.4.0-2337318-SNAPSHOT]
	at org.apache.ratis.server.impl.RaftServerProxy.lambda$submitClientRequestAsync$7(RaftServerProxy.java:333) ~[ratis-server-0.4.0-2337318-SNAPSHOT.jar:0.4.0-2337318-SNAPSHOT]
	at org.apache.ratis.server.impl.RaftServerProxy.lambda$null$5(RaftServerProxy.java:328) ~[ratis-server-0.4.0-2337318-SNAPSHOT.jar:0.4.0-2337318-SNAPSHOT]
	at org.apache.ratis.util.JavaUtils.callAsUnchecked(JavaUtils.java:109) ~[ratis-common-0.4.0-2337318-SNAPSHOT.jar:0.4.0-2337318-SNAPSHOT]
	at org.apache.ratis.server.impl.RaftServerProxy.lambda$submitRequest$6(RaftServerProxy.java:328) ~[ratis-server-0.4.0-2337318-SNAPSHOT.jar:0.4.0-2337318-SNAPSHOT]
	at java.util.concurrent.CompletableFuture.uniComposeStage(CompletableFuture.java:981) ~[?:1.8.0_212]
	at java.util.concurrent.CompletableFuture.thenCompose(CompletableFuture.java:2124) ~[?:1.8.0_212]
	at org.apache.ratis.server.impl.RaftServerProxy.submitRequest(RaftServerProxy.java:327) ~[ratis-server-0.4.0-2337318-SNAPSHOT.jar:0.4.0-2337318-SNAPSHOT]
	at org.apache.ratis.server.impl.RaftServerProxy.submitClientRequestAsync(RaftServerProxy.java:333) ~[ratis-server-0.4.0-2337318-SNAPSHOT.jar:0.4.0-2337318-SNAPSHOT]
	at org.apache.ratis.grpc.client.GrpcClientProtocolService$RequestStreamObserver.processClientRequest(GrpcClientProtocolService.java:220) ~[ratis-grpc-0.4.0-2337318-SNAPSHOT.jar:0.4.0-2337318-SNAPSHOT]
	at org.apache.ratis.grpc.client.GrpcClientProtocolService$OrderedRequestStreamObserver.processClientRequest(GrpcClientProtocolService.java:326) ~[ratis-grpc-0.4.0-2337318-SNAPSHOT.jar:0.4.0-2337318-SNAPSHOT]
	at org.apache.ratis.util.SlidingWindow$Server.processRequestsFromHead(SlidingWindow.java:429) [ratis-common-0.4.0-2337318-SNAPSHOT.jar:0.4.0-2337318-SNAPSHOT]
	at org.apache.ratis.util.SlidingWindow$Server.receivedRequest(SlidingWindow.java:421) [ratis-common-0.4.0-2337318-SNAPSHOT.jar:0.4.0-2337318-SNAPSHOT]
	at org.apache.ratis.grpc.client.GrpcClientProtocolService$OrderedRequestStreamObserver.processClientRequest(GrpcClientProtocolService.java:345) [ratis-grpc-0.4.0-2337318-SNAPSHOT.jar:0.4.0-2337318-SNAPSHOT]
	at org.apache.ratis.grpc.client.GrpcClientProtocolService$RequestStreamObserver.onNext(GrpcClientProtocolService.java:240) [ratis-grpc-0.4.0-2337318-SNAPSHOT.jar:0.4.0-2337318-SNAPSHOT]
	at org.apache.ratis.grpc.client.GrpcClientProtocolService$RequestStreamObserver.onNext(GrpcClientProtocolService.java:168) [ratis-grpc-0.4.0-2337318-SNAPSHOT.jar:0.4.0-2337318-SNAPSHOT]
	at org.apache.ratis.thirdparty.io.grpc.stub.ServerCalls$StreamingServerCallHandler$StreamingServerCallListener.onMessage(ServerCalls.java:248) [ratis-thirdparty-misc-0.2.0.jar:0.2.0]
	at org.apache.ratis.thirdparty.io.grpc.internal.ServerCallImpl$ServerStreamListenerImpl.messagesAvailable(ServerCallImpl.java:263) [ratis-thirdparty-misc-0.2.0.jar:0.2.0]
	at org.apache.ratis.thirdparty.io.grpc.internal.ServerImpl$JumpToApplicationThreadServerStreamListener$1MessagesAvailable.runInContext(ServerImpl.java:686) [ratis-thirdparty-misc-0.2.0.jar:0.2.0]
	at org.apache.ratis.thirdparty.io.grpc.internal.ContextRunnable.run(ContextRunnable.java:37) [ratis-thirdparty-misc-0.2.0.jar:0.2.0]
	at org.apache.ratis.thirdparty.io.grpc.internal.SerializingExecutor.run(SerializingExecutor.java:123) [ratis-thirdparty-misc-0.2.0.jar:0.2.0]
	at java.util.concurrent.ThreadPoolExecutor.runWorker(ThreadPoolExecutor.java:1149) [?:1.8.0_212]
	at java.util.concurrent.ThreadPoolExecutor$Worker.run(ThreadPoolExecutor.java:624) [?:1.8.0_212]
	at java.lang.Thread.run(Thread.java:748) [?:1.8.0_212]
2019-07-13 07:39:57,520 INFO  client.GrpcClientProtocolClient (GrpcClientProtocolClient.java:onNext(255)) - client-2084FF4BF3E8->2a903e71-8982-4465-9171-f1a05d214b1a: receive RaftClientReply:client-2084FF4BF3E8->2a903e71-8982-4465-9171-f1a05d214b1a@group-51C9F9B3C848, cid=189, FAILED org.apache.ratis.protocol.StateMachineException: org.apache.hadoop.hdds.scm.container.common.helpers.ContainerNotOpenException from Server 2a903e71-8982-4465-9171-f1a05d214b1a: Container 1 in CLOSING state, logIndex=0, commits[2a903e71-8982-4465-9171-f1a05d214b1a:c18, 687735de-0bff-44bf-8b08-cd771def1d24:c17, 9d7ca9e8-4eb3-4ba1-8fc6-d0f91e5ce981:c16]
07:39:57.525 [grpc-default-executor-9] ERROR DNAudit - user=null | ip=null | op=PUT_BLOCK {blockData=[blockId=conID: 1 locID: 102433002483023886 bcsId: 0,size=800]} | ret=FAILURE
org.apache.hadoop.hdds.scm.container.common.helpers.ContainerNotOpenException: Container 1 in CLOSING state
	at org.apache.hadoop.ozone.container.common.impl.HddsDispatcher.validateContainerCommand(HddsDispatcher.java:408) ~[hadoop-hdds-container-service-0.5.0-SNAPSHOT.jar:?]
	at org.apache.hadoop.ozone.container.common.transport.server.ratis.ContainerStateMachine.startTransaction(ContainerStateMachine.java:271) ~[hadoop-hdds-container-service-0.5.0-SNAPSHOT.jar:?]
	at org.apache.ratis.server.impl.RaftServerImpl.submitClientRequestAsync(RaftServerImpl.java:566) ~[ratis-server-0.4.0-2337318-SNAPSHOT.jar:0.4.0-2337318-SNAPSHOT]
	at org.apache.ratis.server.impl.RaftServerProxy.lambda$submitClientRequestAsync$7(RaftServerProxy.java:333) ~[ratis-server-0.4.0-2337318-SNAPSHOT.jar:0.4.0-2337318-SNAPSHOT]
	at org.apache.ratis.server.impl.RaftServerProxy.lambda$null$5(RaftServerProxy.java:328) ~[ratis-server-0.4.0-2337318-SNAPSHOT.jar:0.4.0-2337318-SNAPSHOT]
	at org.apache.ratis.util.JavaUtils.callAsUnchecked(JavaUtils.java:109) ~[ratis-common-0.4.0-2337318-SNAPSHOT.jar:0.4.0-2337318-SNAPSHOT]
	at org.apache.ratis.server.impl.RaftServerProxy.lambda$submitRequest$6(RaftServerProxy.java:328) ~[ratis-server-0.4.0-2337318-SNAPSHOT.jar:0.4.0-2337318-SNAPSHOT]
	at java.util.concurrent.CompletableFuture.uniComposeStage(CompletableFuture.java:981) ~[?:1.8.0_212]
	at java.util.concurrent.CompletableFuture.thenCompose(CompletableFuture.java:2124) ~[?:1.8.0_212]
	at org.apache.ratis.server.impl.RaftServerProxy.submitRequest(RaftServerProxy.java:327) ~[ratis-server-0.4.0-2337318-SNAPSHOT.jar:0.4.0-2337318-SNAPSHOT]
	at org.apache.ratis.server.impl.RaftServerProxy.submitClientRequestAsync(RaftServerProxy.java:333) ~[ratis-server-0.4.0-2337318-SNAPSHOT.jar:0.4.0-2337318-SNAPSHOT]
	at org.apache.ratis.grpc.client.GrpcClientProtocolService$RequestStreamObserver.processClientRequest(GrpcClientProtocolService.java:220) ~[ratis-grpc-0.4.0-2337318-SNAPSHOT.jar:0.4.0-2337318-SNAPSHOT]
	at org.apache.ratis.grpc.client.GrpcClientProtocolService$OrderedRequestStreamObserver.processClientRequest(GrpcClientProtocolService.java:326) ~[ratis-grpc-0.4.0-2337318-SNAPSHOT.jar:0.4.0-2337318-SNAPSHOT]
	at org.apache.ratis.util.SlidingWindow$Server.processRequestsFromHead(SlidingWindow.java:429) [ratis-common-0.4.0-2337318-SNAPSHOT.jar:0.4.0-2337318-SNAPSHOT]
	at org.apache.ratis.util.SlidingWindow$Server.receivedRequest(SlidingWindow.java:421) [ratis-common-0.4.0-2337318-SNAPSHOT.jar:0.4.0-2337318-SNAPSHOT]
	at org.apache.ratis.grpc.client.GrpcClientProtocolService$OrderedRequestStreamObserver.processClientRequest(GrpcClientProtocolService.java:345) [ratis-grpc-0.4.0-2337318-SNAPSHOT.jar:0.4.0-2337318-SNAPSHOT]
	at org.apache.ratis.grpc.client.GrpcClientProtocolService$RequestStreamObserver.onNext(GrpcClientProtocolService.java:240) [ratis-grpc-0.4.0-2337318-SNAPSHOT.jar:0.4.0-2337318-SNAPSHOT]
	at org.apache.ratis.grpc.client.GrpcClientProtocolService$RequestStreamObserver.onNext(GrpcClientProtocolService.java:168) [ratis-grpc-0.4.0-2337318-SNAPSHOT.jar:0.4.0-2337318-SNAPSHOT]
	at org.apache.ratis.thirdparty.io.grpc.stub.ServerCalls$StreamingServerCallHandler$StreamingServerCallListener.onMessage(ServerCalls.java:248) [ratis-thirdparty-misc-0.2.0.jar:0.2.0]
	at org.apache.ratis.thirdparty.io.grpc.internal.ServerCallImpl$ServerStreamListenerImpl.messagesAvailable(ServerCallImpl.java:263) [ratis-thirdparty-misc-0.2.0.jar:0.2.0]
	at org.apache.ratis.thirdparty.io.grpc.internal.ServerImpl$JumpToApplicationThreadServerStreamListener$1MessagesAvailable.runInContext(ServerImpl.java:686) [ratis-thirdparty-misc-0.2.0.jar:0.2.0]
	at org.apache.ratis.thirdparty.io.grpc.internal.ContextRunnable.run(ContextRunnable.java:37) [ratis-thirdparty-misc-0.2.0.jar:0.2.0]
	at org.apache.ratis.thirdparty.io.grpc.internal.SerializingExecutor.run(SerializingExecutor.java:123) [ratis-thirdparty-misc-0.2.0.jar:0.2.0]
	at java.util.concurrent.ThreadPoolExecutor.runWorker(ThreadPoolExecutor.java:1149) [?:1.8.0_212]
	at java.util.concurrent.ThreadPoolExecutor$Worker.run(ThreadPoolExecutor.java:624) [?:1.8.0_212]
	at java.lang.Thread.run(Thread.java:748) [?:1.8.0_212]
2019-07-13 07:39:57,527 INFO  client.GrpcClientProtocolClient (GrpcClientProtocolClient.java:onNext(255)) - client-2084FF4BF3E8->2a903e71-8982-4465-9171-f1a05d214b1a: receive RaftClientReply:client-2084FF4BF3E8->2a903e71-8982-4465-9171-f1a05d214b1a@group-51C9F9B3C848, cid=190, FAILED org.apache.ratis.protocol.StateMachineException: org.apache.hadoop.hdds.scm.container.common.helpers.ContainerNotOpenException from Server 2a903e71-8982-4465-9171-f1a05d214b1a: Container 1 in CLOSING state, logIndex=0, commits[2a903e71-8982-4465-9171-f1a05d214b1a:c18, 687735de-0bff-44bf-8b08-cd771def1d24:c17, 9d7ca9e8-4eb3-4ba1-8fc6-d0f91e5ce981:c16]
2019-07-13 07:39:57,533 INFO  client.GrpcClientProtocolClient (GrpcClientProtocolClient.java:onNext(255)) - client-2084FF4BF3E8->2a903e71-8982-4465-9171-f1a05d214b1a: receive RaftClientReply:client-2084FF4BF3E8->2a903e71-8982-4465-9171-f1a05d214b1a@group-51C9F9B3C848, cid=191, FAILED org.apache.ratis.protocol.StateMachineException: org.apache.hadoop.hdds.scm.container.common.helpers.ContainerNotOpenException from Server 2a903e71-8982-4465-9171-f1a05d214b1a: Container 1 in CLOSING state, logIndex=0, commits[2a903e71-8982-4465-9171-f1a05d214b1a:c18, 687735de-0bff-44bf-8b08-cd771def1d24:c17, 9d7ca9e8-4eb3-4ba1-8fc6-d0f91e5ce981:c16]
2019-07-13 07:39:57,582 INFO  client.GrpcClientProtocolClient (GrpcClientProtocolClient.java:onNext(255)) - client-CA88210C1069->4bd246ec-e959-4af3-9aa7-18f26941d8d8: receive RaftClientReply:client-CA88210C1069->4bd246ec-e959-4af3-9aa7-18f26941d8d8@group-815C21743DE3, cid=192, FAILED org.apache.ratis.protocol.NotLeaderException: Server 4bd246ec-e959-4af3-9aa7-18f26941d8d8 is not the leader (9ea7eee3-32e7-4b40-8531-82df8ed04587:192.168.69.84:38764). Request must be sent to leader., logIndex=0, commits[4bd246ec-e959-4af3-9aa7-18f26941d8d8:c0, 5b40d400-85e7-46b6-8046-09737cd51629:c0, 9ea7eee3-32e7-4b40-8531-82df8ed04587:c0]
2019-07-13 07:39:57,731 INFO  client.GrpcClientProtocolClient (GrpcClientProtocolClient.java:onNext(255)) - client-CA88210C1069->9ea7eee3-32e7-4b40-8531-82df8ed04587: receive RaftClientReply:client-CA88210C1069->9ea7eee3-32e7-4b40-8531-82df8ed04587@group-815C21743DE3, cid=192, SUCCESS, logIndex=1, commits[9ea7eee3-32e7-4b40-8531-82df8ed04587:c1, 4bd246ec-e959-4af3-9aa7-18f26941d8d8:c0, 5b40d400-85e7-46b6-8046-09737cd51629:c0]
2019-07-13 07:39:57,749 INFO  client.GrpcClientProtocolClient (GrpcClientProtocolClient.java:onNext(255)) - client-CA88210C1069->9ea7eee3-32e7-4b40-8531-82df8ed04587: receive RaftClientReply:client-CA88210C1069->9ea7eee3-32e7-4b40-8531-82df8ed04587@group-815C21743DE3, cid=193, SUCCESS, logIndex=3, commits[9ea7eee3-32e7-4b40-8531-82df8ed04587:c4, 4bd246ec-e959-4af3-9aa7-18f26941d8d8:c1, 5b40d400-85e7-46b6-8046-09737cd51629:c1]
2019-07-13 07:39:57,811 INFO  client.GrpcClientProtocolClient (GrpcClientProtocolClient.java:onNext(255)) - client-CA88210C1069->9ea7eee3-32e7-4b40-8531-82df8ed04587: receive RaftClientReply:client-CA88210C1069->9ea7eee3-32e7-4b40-8531-82df8ed04587@group-815C21743DE3, cid=194, SUCCESS, logIndex=4, commits[9ea7eee3-32e7-4b40-8531-82df8ed04587:c12, 4bd246ec-e959-4af3-9aa7-18f26941d8d8:c7, 5b40d400-85e7-46b6-8046-09737cd51629:c7]
2019-07-13 07:39:57,812 INFO  client.GrpcClientProtocolClient (GrpcClientProtocolClient.java:onNext(255)) - client-CA88210C1069->9ea7eee3-32e7-4b40-8531-82df8ed04587: receive RaftClientReply:client-CA88210C1069->9ea7eee3-32e7-4b40-8531-82df8ed04587@group-815C21743DE3, cid=195, SUCCESS, logIndex=5, commits[9ea7eee3-32e7-4b40-8531-82df8ed04587:c12, 4bd246ec-e959-4af3-9aa7-18f26941d8d8:c7, 5b40d400-85e7-46b6-8046-09737cd51629:c7]
2019-07-13 07:39:57,812 INFO  client.GrpcClientProtocolClient (GrpcClientProtocolClient.java:onNext(255)) - client-CA88210C1069->9ea7eee3-32e7-4b40-8531-82df8ed04587: receive RaftClientReply:client-CA88210C1069->9ea7eee3-32e7-4b40-8531-82df8ed04587@group-815C21743DE3, cid=196, SUCCESS, logIndex=6, commits[9ea7eee3-32e7-4b40-8531-82df8ed04587:c12, 4bd246ec-e959-4af3-9aa7-18f26941d8d8:c7, 5b40d400-85e7-46b6-8046-09737cd51629:c7]
2019-07-13 07:39:57,925 INFO  client.GrpcClientProtocolClient (GrpcClientProtocolClient.java:onNext(255)) - client-CA88210C1069->9ea7eee3-32e7-4b40-8531-82df8ed04587: receive RaftClientReply:client-CA88210C1069->9ea7eee3-32e7-4b40-8531-82df8ed04587@group-815C21743DE3, cid=197, SUCCESS, logIndex=7, commits[9ea7eee3-32e7-4b40-8531-82df8ed04587:c12, 4bd246ec-e959-4af3-9aa7-18f26941d8d8:c7, 5b40d400-85e7-46b6-8046-09737cd51629:c7]
2019-07-13 07:39:57,958 INFO  client.GrpcClientProtocolClient (GrpcClientProtocolClient.java:onNext(255)) - client-CA88210C1069->9ea7eee3-32e7-4b40-8531-82df8ed04587: receive RaftClientReply:client-CA88210C1069->9ea7eee3-32e7-4b40-8531-82df8ed04587@group-815C21743DE3, cid=198, SUCCESS, logIndex=13, commits[9ea7eee3-32e7-4b40-8531-82df8ed04587:c14, 4bd246ec-e959-4af3-9aa7-18f26941d8d8:c12, 5b40d400-85e7-46b6-8046-09737cd51629:c12]
2019-07-13 07:39:57,959 INFO  client.GrpcClientProtocolClient (GrpcClientProtocolClient.java:onNext(255)) - client-CA88210C1069->9ea7eee3-32e7-4b40-8531-82df8ed04587: receive RaftClientReply:client-CA88210C1069->9ea7eee3-32e7-4b40-8531-82df8ed04587@group-815C21743DE3, cid=199, SUCCESS, logIndex=14, commits[9ea7eee3-32e7-4b40-8531-82df8ed04587:c14, 4bd246ec-e959-4af3-9aa7-18f26941d8d8:c12, 5b40d400-85e7-46b6-8046-09737cd51629:c12]
2019-07-13 07:39:57,982 INFO  client.GrpcClientProtocolClient (GrpcClientProtocolClient.java:onNext(255)) - client-CA88210C1069->9ea7eee3-32e7-4b40-8531-82df8ed04587: receive RaftClientReply:client-CA88210C1069->9ea7eee3-32e7-4b40-8531-82df8ed04587@group-815C21743DE3, cid=200, SUCCESS, logIndex=0, commits[9ea7eee3-32e7-4b40-8531-82df8ed04587:c15, 4bd246ec-e959-4af3-9aa7-18f26941d8d8:c14, 5b40d400-85e7-46b6-8046-09737cd51629:c14]
2019-07-13 07:39:57,983 INFO  ozone.MiniOzoneClusterImpl (MiniOzoneClusterImpl.java:shutdown(321)) - Shutting down the Mini Ozone Cluster
2019-07-13 07:39:57,983 INFO  ozone.MiniOzoneClusterImpl (MiniOzoneClusterImpl.java:stop(336)) - Stopping the Mini Ozone Cluster
2019-07-13 07:39:57,983 INFO  ozone.MiniOzoneClusterImpl (MiniOzoneClusterImpl.java:stop(338)) - Stopping the OzoneManager
2019-07-13 07:39:57,984 INFO  ipc.Server (Server.java:stop(3082)) - Stopping server on 43278
2019-07-13 07:39:57,996 INFO  ipc.Server (Server.java:run(1185)) - Stopping IPC Server listener on 43278
2019-07-13 07:39:57,996 INFO  utils.BackgroundService (BackgroundService.java:shutdown(148)) - Shutting down service KeyDeletingService
2019-07-13 07:39:57,998 INFO  ipc.Server (Server.java:run(1319)) - Stopping IPC Server Responder
2019-07-13 07:39:58,011 INFO  handler.ContextHandler (ContextHandler.java:doStop(910)) - Stopped o.e.j.w.WebAppContext@430dbcb0{/,null,UNAVAILABLE}{/ozoneManager}
2019-07-13 07:39:58,012 INFO  server.AbstractConnector (AbstractConnector.java:doStop(318)) - Stopped ServerConnector@726d0482{HTTP/1.1,[http/1.1]}{0.0.0.0:0}
2019-07-13 07:39:58,012 INFO  handler.ContextHandler (ContextHandler.java:doStop(910)) - Stopped o.e.j.s.ServletContextHandler@5d3f583d{/static,file:///tmp/workdir/hadoop-ozone/integration-test/target/test-classes/webapps/static,UNAVAILABLE}
2019-07-13 07:39:58,012 INFO  handler.ContextHandler (ContextHandler.java:doStop(910)) - Stopped o.e.j.s.ServletContextHandler@adbc3bc{/logs,file:///tmp/workdir/hadoop-ozone/integration-test/target/log,UNAVAILABLE}
2019-07-13 07:39:58,025 INFO  ozone.MiniOzoneClusterImpl (MiniOzoneClusterImpl.java:stop(344)) - Shutting the HddsDatanodes
2019-07-13 07:39:58,025 INFO  datanode.ObjectStoreHandler (ObjectStoreHandler.java:close(155)) - Closing ObjectStoreHandler.
2019-07-13 07:39:58,026 INFO  datanode.ObjectStoreHandler (ObjectStoreHandler.java:close(155)) - Closing ObjectStoreHandler.
2019-07-13 07:39:58,026 INFO  ozone.HddsDatanodeService (HddsDatanodeService.java:stop(452)) - Stopped plug-in org.apache.hadoop.ozone.web.OzoneHddsDatanodeService@3638a852
2019-07-13 07:39:58,026 INFO  ozone.HddsDatanodeService (HddsDatanodeService.java:stop(452)) - Stopped plug-in org.apache.hadoop.ozone.web.OzoneHddsDatanodeService@a6fc2e1
2019-07-13 07:39:58,104 INFO  statemachine.DatanodeStateMachine (DatanodeStateMachine.java:lambda$startDaemon$0(350)) - Ozone container server started.
2019-07-13 07:39:58,720 INFO  statemachine.DatanodeStateMachine (DatanodeStateMachine.java:lambda$startDaemon$0(350)) - Ozone container server started.
2019-07-13 07:39:59,199 WARN  server.GrpcLogAppender (LogUtils.java:warn(134)) - 2a903e71-8982-4465-9171-f1a05d214b1a->9d7ca9e8-4eb3-4ba1-8fc6-d0f91e5ce981: Failed appendEntries: org.apache.ratis.thirdparty.io.grpc.StatusRuntimeException: UNAVAILABLE: io exception
2019-07-13 07:39:59,199 INFO  impl.FollowerInfo (FollowerInfo.java:lambda$new$0(50)) - 2a903e71-8982-4465-9171-f1a05d214b1a->9d7ca9e8-4eb3-4ba1-8fc6-d0f91e5ce981: nextIndex: updateUnconditionally 1 -> 0
2019-07-13 07:40:01,700 WARN  server.GrpcLogAppender (LogUtils.java:warn(134)) - 2a903e71-8982-4465-9171-f1a05d214b1a->9d7ca9e8-4eb3-4ba1-8fc6-d0f91e5ce981: Failed appendEntries: org.apache.ratis.thirdparty.io.grpc.StatusRuntimeException: UNAVAILABLE: io exception
2019-07-13 07:40:01,700 INFO  impl.FollowerInfo (FollowerInfo.java:lambda$new$0(50)) - 2a903e71-8982-4465-9171-f1a05d214b1a->9d7ca9e8-4eb3-4ba1-8fc6-d0f91e5ce981: nextIndex: updateUnconditionally 0 -> 0
2019-07-13 07:40:02,125 INFO  node.StaleNodeHandler (StaleNodeHandler.java:onMessage(58)) - Datanode 2a903e71-8982-4465-9171-f1a05d214b1a{ip: 192.168.69.84, host: trunk-nightly-9lh4p-2362225927, networkLocation: /default-rack, certSerialId: null} moved to stale state. Finalizing its pipelines [PipelineID=16c2ca4a-2fb0-44d4-9f4b-51c9f9b3c848, PipelineID=1e77f2f1-716f-4a33-bfd0-d71a1cdfa855]
2019-07-13 07:40:02,125 INFO  pipeline.SCMPipelineManager (SCMPipelineManager.java:finalizeAndDestroyPipeline(309)) - destroying pipeline:Pipeline[ Id: 16c2ca4a-2fb0-44d4-9f4b-51c9f9b3c848, Nodes: 9d7ca9e8-4eb3-4ba1-8fc6-d0f91e5ce981{ip: 192.168.69.84, host: trunk-nightly-9lh4p-2362225927, networkLocation: /default-rack, certSerialId: null}2a903e71-8982-4465-9171-f1a05d214b1a{ip: 192.168.69.84, host: trunk-nightly-9lh4p-2362225927, networkLocation: /default-rack, certSerialId: null}687735de-0bff-44bf-8b08-cd771def1d24{ip: 192.168.69.84, host: trunk-nightly-9lh4p-2362225927, networkLocation: /default-rack, certSerialId: null}, Type:RATIS, Factor:THREE, State:CLOSED]
2019-07-13 07:40:02,126 INFO  pipeline.SCMPipelineManager (SCMPipelineManager.java:finalizeAndDestroyPipeline(309)) - destroying pipeline:Pipeline[ Id: 1e77f2f1-716f-4a33-bfd0-d71a1cdfa855, Nodes: 2a903e71-8982-4465-9171-f1a05d214b1a{ip: 192.168.69.84, host: trunk-nightly-9lh4p-2362225927, networkLocation: /default-rack, certSerialId: null}, Type:RATIS, Factor:ONE, State:OPEN]
2019-07-13 07:40:02,126 INFO  pipeline.PipelineStateManager (PipelineStateManager.java:finalizePipeline(123)) - Pipeline Pipeline[ Id: 1e77f2f1-716f-4a33-bfd0-d71a1cdfa855, Nodes: 2a903e71-8982-4465-9171-f1a05d214b1a{ip: 192.168.69.84, host: trunk-nightly-9lh4p-2362225927, networkLocation: /default-rack, certSerialId: null}, Type:RATIS, Factor:ONE, State:CLOSED] moved to CLOSED state
2019-07-13 07:40:02,726 INFO  node.StaleNodeHandler (StaleNodeHandler.java:onMessage(58)) - Datanode 4bd246ec-e959-4af3-9aa7-18f26941d8d8{ip: 192.168.69.84, host: trunk-nightly-9lh4p-2362225927, networkLocation: /default-rack, certSerialId: null} moved to stale state. Finalizing its pipelines [PipelineID=9af0c402-cf6e-4da2-877e-e603b38d920e, PipelineID=06d494d1-52e1-4438-8bfc-815c21743de3]
2019-07-13 07:40:02,726 INFO  pipeline.SCMPipelineManager (SCMPipelineManager.java:finalizeAndDestroyPipeline(309)) - destroying pipeline:Pipeline[ Id: 9af0c402-cf6e-4da2-877e-e603b38d920e, Nodes: 4bd246ec-e959-4af3-9aa7-18f26941d8d8{ip: 192.168.69.84, host: trunk-nightly-9lh4p-2362225927, networkLocation: /default-rack, certSerialId: null}, Type:RATIS, Factor:ONE, State:OPEN]
2019-07-13 07:40:02,726 INFO  pipeline.PipelineStateManager (PipelineStateManager.java:finalizePipeline(123)) - Pipeline Pipeline[ Id: 9af0c402-cf6e-4da2-877e-e603b38d920e, Nodes: 4bd246ec-e959-4af3-9aa7-18f26941d8d8{ip: 192.168.69.84, host: trunk-nightly-9lh4p-2362225927, networkLocation: /default-rack, certSerialId: null}, Type:RATIS, Factor:ONE, State:CLOSED] moved to CLOSED state
2019-07-13 07:40:02,727 INFO  pipeline.SCMPipelineManager (SCMPipelineManager.java:finalizeAndDestroyPipeline(309)) - destroying pipeline:Pipeline[ Id: 06d494d1-52e1-4438-8bfc-815c21743de3, Nodes: 4bd246ec-e959-4af3-9aa7-18f26941d8d8{ip: 192.168.69.84, host: trunk-nightly-9lh4p-2362225927, networkLocation: /default-rack, certSerialId: null}5b40d400-85e7-46b6-8046-09737cd51629{ip: 192.168.69.84, host: trunk-nightly-9lh4p-2362225927, networkLocation: /default-rack, certSerialId: null}9ea7eee3-32e7-4b40-8531-82df8ed04587{ip: 192.168.69.84, host: trunk-nightly-9lh4p-2362225927, networkLocation: /default-rack, certSerialId: null}, Type:RATIS, Factor:THREE, State:OPEN]
2019-07-13 07:40:02,727 INFO  pipeline.PipelineStateManager (PipelineStateManager.java:finalizePipeline(123)) - Pipeline Pipeline[ Id: 06d494d1-52e1-4438-8bfc-815c21743de3, Nodes: 4bd246ec-e959-4af3-9aa7-18f26941d8d8{ip: 192.168.69.84, host: trunk-nightly-9lh4p-2362225927, networkLocation: /default-rack, certSerialId: null}5b40d400-85e7-46b6-8046-09737cd51629{ip: 192.168.69.84, host: trunk-nightly-9lh4p-2362225927, networkLocation: /default-rack, certSerialId: null}9ea7eee3-32e7-4b40-8531-82df8ed04587{ip: 192.168.69.84, host: trunk-nightly-9lh4p-2362225927, networkLocation: /default-rack, certSerialId: null}, Type:RATIS, Factor:THREE, State:CLOSED] moved to CLOSED state
2019-07-13 07:40:02,727 INFO  container.CloseContainerEventHandler (CloseContainerEventHandler.java:onMessage(61)) - Close container Event triggered for container : #2
2019-07-13 07:40:03,026 INFO  ozoneimpl.OzoneContainer (OzoneContainer.java:stop(199)) - Attempting to stop container services.
2019-07-13 07:40:03,027 INFO  ozoneimpl.OzoneContainer (OzoneContainer.java:stop(199)) - Attempting to stop container services.
2019-07-13 07:40:03,027 INFO  impl.RaftServerProxy (RaftServerProxy.java:lambda$close$4(314)) - 4bd246ec-e959-4af3-9aa7-18f26941d8d8: close
2019-07-13 07:40:03,027 INFO  impl.RaftServerProxy (RaftServerProxy.java:lambda$close$4(314)) - 2a903e71-8982-4465-9171-f1a05d214b1a: close
2019-07-13 07:40:03,028 INFO  impl.RaftServerImpl (RaftServerImpl.java:lambda$shutdown$3(245)) - 4bd246ec-e959-4af3-9aa7-18f26941d8d8: shutdown group-E603B38D920E
2019-07-13 07:40:03,028 INFO  impl.RaftServerImpl (RaftServerImpl.java:lambda$shutdown$3(245)) - 2a903e71-8982-4465-9171-f1a05d214b1a: shutdown group-51C9F9B3C848
2019-07-13 07:40:03,028 INFO  util.JmxRegister (JmxRegister.java:unregister(73)) - Successfully un-registered JMX Bean with object name Ratis:service=RaftServer,group=group-E603B38D920E,id=4bd246ec-e959-4af3-9aa7-18f26941d8d8
2019-07-13 07:40:03,029 INFO  impl.RoleInfo (RoleInfo.java:shutdownLeaderState(104)) - 4bd246ec-e959-4af3-9aa7-18f26941d8d8: shutdown LeaderState
2019-07-13 07:40:03,028 INFO  util.JmxRegister (JmxRegister.java:unregister(73)) - Successfully un-registered JMX Bean with object name Ratis:service=RaftServer,group=group-51C9F9B3C848,id=2a903e71-8982-4465-9171-f1a05d214b1a
2019-07-13 07:40:03,029 INFO  impl.PendingRequests (PendingRequests.java:sendNotLeaderResponses(202)) - 4bd246ec-e959-4af3-9aa7-18f26941d8d8-PendingRequests: sendNotLeaderResponses
2019-07-13 07:40:03,030 INFO  impl.RoleInfo (RoleInfo.java:shutdownLeaderState(104)) - 2a903e71-8982-4465-9171-f1a05d214b1a: shutdown LeaderState
2019-07-13 07:40:03,030 INFO  ratis.ContainerStateMachine (ContainerStateMachine.java:takeSnapshot(246)) - Taking snapshot at termIndex:(t:0, i:~)
2019-07-13 07:40:03,034 INFO  impl.PendingRequests (PendingRequests.java:sendNotLeaderResponses(202)) - 2a903e71-8982-4465-9171-f1a05d214b1a-PendingRequests: sendNotLeaderResponses
2019-07-13 07:40:03,030 INFO  impl.StateMachineUpdater (StateMachineUpdater.java:stopAndJoin(115)) - StateMachineUpdater:4bd246ec-e959-4af3-9aa7-18f26941d8d8:group-E603B38D920E: set stopIndex = 0
2019-07-13 07:40:03,037 INFO  impl.RaftServerImpl (ServerState.java:close(394)) - 4bd246ec-e959-4af3-9aa7-18f26941d8d8:group-E603B38D920E closes. The last applied log index is 0
2019-07-13 07:40:03,037 INFO  ratis.ContainerStateMachine (ContainerStateMachine.java:takeSnapshot(246)) - Taking snapshot at termIndex:(t:1, i:14)
2019-07-13 07:40:03,038 INFO  segmented.SegmentedRaftLogWorker (SegmentedRaftLogWorker.java:run(313)) - 4bd246ec-e959-4af3-9aa7-18f26941d8d8-SegmentedRaftLogWorker:Storage Directory /tmp/workdir/hadoop-ozone/integration-test/target/test-dir/MiniOzoneClusterImpl-5db8d0d9-7b2e-49d0-b294-9cc54400926c/datanode-4/data/ratis/9af0c402-cf6e-4da2-877e-e603b38d920e was interrupted, exiting. There are 0 tasks remaining in the queue.
2019-07-13 07:40:03,037 INFO  impl.StateMachineUpdater (StateMachineUpdater.java:stopAndJoin(115)) - StateMachineUpdater:2a903e71-8982-4465-9171-f1a05d214b1a:group-51C9F9B3C848: set stopIndex = 18
2019-07-13 07:40:03,034 WARN  server.GrpcLogAppender (GrpcLogAppender.java:mayWait(143)) - GrpcLogAppender(2a903e71-8982-4465-9171-f1a05d214b1a->9d7ca9e8-4eb3-4ba1-8fc6-d0f91e5ce981): Wait interrupted by java.lang.InterruptedException
2019-07-13 07:40:03,034 WARN  server.GrpcLogAppender (GrpcLogAppender.java:mayWait(143)) - GrpcLogAppender(2a903e71-8982-4465-9171-f1a05d214b1a->687735de-0bff-44bf-8b08-cd771def1d24): Wait interrupted by java.lang.InterruptedException
2019-07-13 07:40:03,040 INFO  segmented.SegmentedRaftLogWorker (SegmentedRaftLogWorker.java:close(228)) - 4bd246ec-e959-4af3-9aa7-18f26941d8d8-SegmentedRaftLogWorker:Storage Directory /tmp/workdir/hadoop-ozone/integration-test/target/test-dir/MiniOzoneClusterImpl-5db8d0d9-7b2e-49d0-b294-9cc54400926c/datanode-4/data/ratis/9af0c402-cf6e-4da2-877e-e603b38d920e close()
2019-07-13 07:40:03,041 INFO  server.GrpcServerProtocolService (GrpcServerProtocolService.java:onCompleted(104)) - 687735de-0bff-44bf-8b08-cd771def1d24: appendEntries completed
2019-07-13 07:40:03,045 INFO  impl.RaftServerImpl (RaftServerImpl.java:lambda$shutdown$3(245)) - 4bd246ec-e959-4af3-9aa7-18f26941d8d8: shutdown group-815C21743DE3
2019-07-13 07:40:03,038 INFO  ratis.ContainerStateMachine (ContainerStateMachine.java:takeSnapshot(250)) - Taking a snapshot to file /tmp/workdir/hadoop-ozone/integration-test/target/test-dir/MiniOzoneClusterImpl-5db8d0d9-7b2e-49d0-b294-9cc54400926c/datanode-2/data/ratis/16c2ca4a-2fb0-44d4-9f4b-51c9f9b3c848/sm/snapshot.1_14
2019-07-13 07:40:03,045 INFO  util.JmxRegister (JmxRegister.java:unregister(73)) - Successfully un-registered JMX Bean with object name Ratis:service=RaftServer,group=group-815C21743DE3,id=4bd246ec-e959-4af3-9aa7-18f26941d8d8
2019-07-13 07:40:03,046 INFO  impl.RoleInfo (RoleInfo.java:shutdownFollowerState(121)) - 4bd246ec-e959-4af3-9aa7-18f26941d8d8: shutdown FollowerState
2019-07-13 07:40:03,045 INFO  server.GrpcLogAppender (GrpcLogAppender.java:onCompleted(292)) - 2a903e71-8982-4465-9171-f1a05d214b1a->687735de-0bff-44bf-8b08-cd771def1d24: follower responses appendEntries COMPLETED
2019-07-13 07:40:03,046 INFO  impl.FollowerState (FollowerState.java:run(114)) - 4bd246ec-e959-4af3-9aa7-18f26941d8d8: FollowerState was interrupted: java.lang.InterruptedException: sleep interrupted
2019-07-13 07:40:03,046 INFO  ratis.ContainerStateMachine (ContainerStateMachine.java:takeSnapshot(246)) - Taking snapshot at termIndex:(t:1, i:14)
2019-07-13 07:40:03,049 INFO  ratis.ContainerStateMachine (ContainerStateMachine.java:takeSnapshot(250)) - Taking a snapshot to file /tmp/workdir/hadoop-ozone/integration-test/target/test-dir/MiniOzoneClusterImpl-5db8d0d9-7b2e-49d0-b294-9cc54400926c/datanode-4/data/ratis/06d494d1-52e1-4438-8bfc-815c21743de3/sm/snapshot.1_14
2019-07-13 07:40:03,046 INFO  impl.StateMachineUpdater (StateMachineUpdater.java:stopAndJoin(115)) - StateMachineUpdater:4bd246ec-e959-4af3-9aa7-18f26941d8d8:group-815C21743DE3: set stopIndex = 16
2019-07-13 07:40:03,046 INFO  impl.StateMachineUpdater (StateMachineUpdater.java:takeSnapshot(242)) - StateMachineUpdater:2a903e71-8982-4465-9171-f1a05d214b1a:group-51C9F9B3C848: Took a snapshot at index 14
2019-07-13 07:40:03,049 INFO  impl.StateMachineUpdater (StateMachineUpdater.java:takeSnapshot(242)) - StateMachineUpdater:4bd246ec-e959-4af3-9aa7-18f26941d8d8:group-815C21743DE3: Took a snapshot at index 14
2019-07-13 07:40:03,047 INFO  impl.FollowerInfo (FollowerInfo.java:lambda$new$0(50)) - 2a903e71-8982-4465-9171-f1a05d214b1a->687735de-0bff-44bf-8b08-cd771def1d24: nextIndex: updateUnconditionally 19 -> 18
2019-07-13 07:40:03,050 INFO  impl.StateMachineUpdater (StateMachineUpdater.java:lambda$new$0(80)) - StateMachineUpdater:4bd246ec-e959-4af3-9aa7-18f26941d8d8:group-815C21743DE3: snapshotIndex: updateIncreasingly -1 -> 14
2019-07-13 07:40:03,049 INFO  impl.StateMachineUpdater (StateMachineUpdater.java:lambda$new$0(80)) - StateMachineUpdater:2a903e71-8982-4465-9171-f1a05d214b1a:group-51C9F9B3C848: snapshotIndex: updateIncreasingly -1 -> 14
2019-07-13 07:40:03,050 INFO  impl.RaftServerImpl (ServerState.java:close(394)) - 4bd246ec-e959-4af3-9aa7-18f26941d8d8:group-815C21743DE3 closes. The last applied log index is 16
2019-07-13 07:40:03,050 INFO  impl.RaftServerImpl (ServerState.java:close(394)) - 2a903e71-8982-4465-9171-f1a05d214b1a:group-51C9F9B3C848 closes. The last applied log index is 18
2019-07-13 07:40:03,051 INFO  segmented.SegmentedRaftLogWorker (SegmentedRaftLogWorker.java:run(313)) - 4bd246ec-e959-4af3-9aa7-18f26941d8d8-SegmentedRaftLogWorker:Storage Directory /tmp/workdir/hadoop-ozone/integration-test/target/test-dir/MiniOzoneClusterImpl-5db8d0d9-7b2e-49d0-b294-9cc54400926c/datanode-4/data/ratis/06d494d1-52e1-4438-8bfc-815c21743de3 was interrupted, exiting. There are 0 tasks remaining in the queue.
2019-07-13 07:40:03,051 INFO  segmented.SegmentedRaftLogWorker (SegmentedRaftLogWorker.java:run(313)) - 2a903e71-8982-4465-9171-f1a05d214b1a-SegmentedRaftLogWorker:Storage Directory /tmp/workdir/hadoop-ozone/integration-test/target/test-dir/MiniOzoneClusterImpl-5db8d0d9-7b2e-49d0-b294-9cc54400926c/datanode-2/data/ratis/16c2ca4a-2fb0-44d4-9f4b-51c9f9b3c848 was interrupted, exiting. There are 0 tasks remaining in the queue.
2019-07-13 07:40:03,053 INFO  segmented.SegmentedRaftLogWorker (SegmentedRaftLogWorker.java:close(228)) - 4bd246ec-e959-4af3-9aa7-18f26941d8d8-SegmentedRaftLogWorker:Storage Directory /tmp/workdir/hadoop-ozone/integration-test/target/test-dir/MiniOzoneClusterImpl-5db8d0d9-7b2e-49d0-b294-9cc54400926c/datanode-4/data/ratis/06d494d1-52e1-4438-8bfc-815c21743de3 close()
2019-07-13 07:40:03,053 INFO  segmented.SegmentedRaftLogWorker (SegmentedRaftLogWorker.java:close(228)) - 2a903e71-8982-4465-9171-f1a05d214b1a-SegmentedRaftLogWorker:Storage Directory /tmp/workdir/hadoop-ozone/integration-test/target/test-dir/MiniOzoneClusterImpl-5db8d0d9-7b2e-49d0-b294-9cc54400926c/datanode-2/data/ratis/16c2ca4a-2fb0-44d4-9f4b-51c9f9b3c848 close()
2019-07-13 07:40:03,058 INFO  server.GrpcService (GrpcService.java:closeImpl(155)) - 4bd246ec-e959-4af3-9aa7-18f26941d8d8: shutdown server with port 32792 now
2019-07-13 07:40:03,062 INFO  impl.RaftServerImpl (RaftServerImpl.java:lambda$shutdown$3(245)) - 2a903e71-8982-4465-9171-f1a05d214b1a: shutdown group-D71A1CDFA855
2019-07-13 07:40:03,063 INFO  util.JmxRegister (JmxRegister.java:unregister(73)) - Successfully un-registered JMX Bean with object name Ratis:service=RaftServer,group=group-D71A1CDFA855,id=2a903e71-8982-4465-9171-f1a05d214b1a
2019-07-13 07:40:03,063 INFO  impl.RoleInfo (RoleInfo.java:shutdownLeaderState(104)) - 2a903e71-8982-4465-9171-f1a05d214b1a: shutdown LeaderState
2019-07-13 07:40:03,063 WARN  server.GrpcLogAppender (LogUtils.java:warn(134)) - 9ea7eee3-32e7-4b40-8531-82df8ed04587->4bd246ec-e959-4af3-9aa7-18f26941d8d8: Failed appendEntries: org.apache.ratis.thirdparty.io.grpc.StatusRuntimeException: CANCELLED: HTTP/2 error code: CANCEL
Received Rst Stream
2019-07-13 07:40:03,063 INFO  server.GrpcService (GrpcService.java:closeImpl(163)) - 4bd246ec-e959-4af3-9aa7-18f26941d8d8: shutdown server with port 32792 successfully
2019-07-13 07:40:03,063 WARN  server.GrpcServerProtocolService (LogUtils.java:warn(134)) - 4bd246ec-e959-4af3-9aa7-18f26941d8d8: appendEntries onError: org.apache.ratis.thirdparty.io.grpc.StatusRuntimeException: CANCELLED: cancelled before receiving half close
2019-07-13 07:40:03,064 INFO  impl.FollowerInfo (FollowerInfo.java:lambda$new$0(50)) - 9ea7eee3-32e7-4b40-8531-82df8ed04587->4bd246ec-e959-4af3-9aa7-18f26941d8d8: nextIndex: updateUnconditionally 17 -> 16
2019-07-13 07:40:03,063 INFO  impl.PendingRequests (PendingRequests.java:sendNotLeaderResponses(202)) - 2a903e71-8982-4465-9171-f1a05d214b1a-PendingRequests: sendNotLeaderResponses
2019-07-13 07:40:03,065 INFO  impl.StateMachineUpdater (StateMachineUpdater.java:stopAndJoin(115)) - StateMachineUpdater:2a903e71-8982-4465-9171-f1a05d214b1a:group-D71A1CDFA855: set stopIndex = 0
2019-07-13 07:40:03,065 INFO  ratis.ContainerStateMachine (ContainerStateMachine.java:takeSnapshot(246)) - Taking snapshot at termIndex:(t:0, i:~)
2019-07-13 07:40:03,065 INFO  impl.RaftServerImpl (ServerState.java:close(394)) - 2a903e71-8982-4465-9171-f1a05d214b1a:group-D71A1CDFA855 closes. The last applied log index is 0
2019-07-13 07:40:03,066 INFO  segmented.SegmentedRaftLogWorker (SegmentedRaftLogWorker.java:run(313)) - 2a903e71-8982-4465-9171-f1a05d214b1a-SegmentedRaftLogWorker:Storage Directory /tmp/workdir/hadoop-ozone/integration-test/target/test-dir/MiniOzoneClusterImpl-5db8d0d9-7b2e-49d0-b294-9cc54400926c/datanode-2/data/ratis/1e77f2f1-716f-4a33-bfd0-d71a1cdfa855 was interrupted, exiting. There are 0 tasks remaining in the queue.
2019-07-13 07:40:03,069 INFO  segmented.SegmentedRaftLogWorker (SegmentedRaftLogWorker.java:close(228)) - 2a903e71-8982-4465-9171-f1a05d214b1a-SegmentedRaftLogWorker:Storage Directory /tmp/workdir/hadoop-ozone/integration-test/target/test-dir/MiniOzoneClusterImpl-5db8d0d9-7b2e-49d0-b294-9cc54400926c/datanode-2/data/ratis/1e77f2f1-716f-4a33-bfd0-d71a1cdfa855 close()
2019-07-13 07:40:03,073 INFO  server.GrpcService (GrpcService.java:closeImpl(155)) - 2a903e71-8982-4465-9171-f1a05d214b1a: shutdown server with port 34819 now
2019-07-13 07:40:03,074 INFO  server.GrpcService (GrpcService.java:closeImpl(163)) - 2a903e71-8982-4465-9171-f1a05d214b1a: shutdown server with port 34819 successfully
2019-07-13 07:40:03,075 INFO  utils.BackgroundService (BackgroundService.java:shutdown(148)) - Shutting down service BlockDeletingService
2019-07-13 07:40:03,076 INFO  utils.BackgroundService (BackgroundService.java:shutdown(148)) - Shutting down service BlockDeletingService
2019-07-13 07:40:03,076 WARN  fs.CachingGetSpaceUsed (CachingGetSpaceUsed.java:run(183)) - Thread Interrupted waiting to refresh disk information: sleep interrupted
2019-07-13 07:40:03,077 WARN  fs.CachingGetSpaceUsed (CachingGetSpaceUsed.java:run(183)) - Thread Interrupted waiting to refresh disk information: sleep interrupted
2019-07-13 07:40:03,096 INFO  statemachine.DatanodeStateMachine (DatanodeStateMachine.java:stopDaemon(395)) - Ozone container server stopped.
2019-07-13 07:40:03,102 INFO  statemachine.DatanodeStateMachine (DatanodeStateMachine.java:stopDaemon(395)) - Ozone container server stopped.
2019-07-13 07:40:03,102 INFO  handler.ContextHandler (ContextHandler.java:doStop(910)) - Stopped o.e.j.w.WebAppContext@3b9d85c2{/,null,UNAVAILABLE}{/hddsDatanode}
2019-07-13 07:40:03,108 INFO  handler.ContextHandler (ContextHandler.java:doStop(910)) - Stopped o.e.j.w.WebAppContext@221961f2{/,null,UNAVAILABLE}{/hddsDatanode}
2019-07-13 07:40:03,108 INFO  server.AbstractConnector (AbstractConnector.java:doStop(318)) - Stopped ServerConnector@65e4eba5{HTTP/1.1,[http/1.1]}{0.0.0.0:0}
2019-07-13 07:40:03,108 INFO  handler.ContextHandler (ContextHandler.java:doStop(910)) - Stopped o.e.j.s.ServletContextHandler@183e8c8a{/static,jar:file:/home/user/.m2/repository/org/apache/hadoop/hadoop-hdds-container-service/0.5.0-SNAPSHOT/hadoop-hdds-container-service-0.5.0-SNAPSHOT.jar!/webapps/static,UNAVAILABLE}
2019-07-13 07:40:03,108 INFO  server.AbstractConnector (AbstractConnector.java:doStop(318)) - Stopped ServerConnector@541d8a9e{HTTP/1.1,[http/1.1]}{0.0.0.0:0}
2019-07-13 07:40:03,109 INFO  handler.ContextHandler (ContextHandler.java:doStop(910)) - Stopped o.e.j.s.ServletContextHandler@159e9629{/logs,file:///tmp/workdir/hadoop-ozone/integration-test/target/log,UNAVAILABLE}
2019-07-13 07:40:03,111 INFO  handler.ContextHandler (ContextHandler.java:doStop(910)) - Stopped o.e.j.s.ServletContextHandler@6ff05f85{/static,jar:file:/home/user/.m2/repository/org/apache/hadoop/hadoop-hdds-container-service/0.5.0-SNAPSHOT/hadoop-hdds-container-service-0.5.0-SNAPSHOT.jar!/webapps/static,UNAVAILABLE}
2019-07-13 07:40:03,113 INFO  handler.ContextHandler (ContextHandler.java:doStop(910)) - Stopped o.e.j.s.ServletContextHandler@7212d3df{/logs,file:///tmp/workdir/hadoop-ozone/integration-test/target/log,UNAVAILABLE}
2019-07-13 07:40:03,113 INFO  datanode.ObjectStoreHandler (ObjectStoreHandler.java:close(155)) - Closing ObjectStoreHandler.
2019-07-13 07:40:03,114 INFO  ozone.HddsDatanodeService (HddsDatanodeService.java:stop(452)) - Stopped plug-in org.apache.hadoop.ozone.web.OzoneHddsDatanodeService@39d62e47
2019-07-13 07:40:03,114 INFO  datanode.ObjectStoreHandler (ObjectStoreHandler.java:close(155)) - Closing ObjectStoreHandler.
2019-07-13 07:40:03,114 INFO  ozone.HddsDatanodeService (HddsDatanodeService.java:stop(452)) - Stopped plug-in org.apache.hadoop.ozone.web.OzoneHddsDatanodeService@2d0ce8a1
2019-07-13 07:40:03,718 INFO  statemachine.DatanodeStateMachine (DatanodeStateMachine.java:lambda$startDaemon$0(350)) - Ozone container server started.
2019-07-13 07:40:04,106 INFO  statemachine.DatanodeStateMachine (DatanodeStateMachine.java:lambda$startDaemon$0(350)) - Ozone container server started.
2019-07-13 07:40:05,488 WARN  server.GrpcLogAppender (LogUtils.java:warn(134)) - 9ea7eee3-32e7-4b40-8531-82df8ed04587->4bd246ec-e959-4af3-9aa7-18f26941d8d8: Failed appendEntries: org.apache.ratis.thirdparty.io.grpc.StatusRuntimeException: UNAVAILABLE: io exception
2019-07-13 07:40:05,488 INFO  impl.FollowerInfo (FollowerInfo.java:lambda$new$0(50)) - 9ea7eee3-32e7-4b40-8531-82df8ed04587->4bd246ec-e959-4af3-9aa7-18f26941d8d8: nextIndex: updateUnconditionally 16 -> 15
2019-07-13 07:40:07,733 INFO  node.StaleNodeHandler (StaleNodeHandler.java:onMessage(58)) - Datanode 9ea7eee3-32e7-4b40-8531-82df8ed04587{ip: 192.168.69.84, host: trunk-nightly-9lh4p-2362225927, networkLocation: /default-rack, certSerialId: null} moved to stale state. Finalizing its pipelines [PipelineID=5fd74f65-bf9c-4d61-957f-cd984ba8d433, PipelineID=06d494d1-52e1-4438-8bfc-815c21743de3]
2019-07-13 07:40:07,733 INFO  pipeline.SCMPipelineManager (SCMPipelineManager.java:finalizeAndDestroyPipeline(309)) - destroying pipeline:Pipeline[ Id: 5fd74f65-bf9c-4d61-957f-cd984ba8d433, Nodes: 9ea7eee3-32e7-4b40-8531-82df8ed04587{ip: 192.168.69.84, host: trunk-nightly-9lh4p-2362225927, networkLocation: /default-rack, certSerialId: null}, Type:RATIS, Factor:ONE, State:OPEN]
2019-07-13 07:40:07,733 INFO  pipeline.PipelineStateManager (PipelineStateManager.java:finalizePipeline(123)) - Pipeline Pipeline[ Id: 5fd74f65-bf9c-4d61-957f-cd984ba8d433, Nodes: 9ea7eee3-32e7-4b40-8531-82df8ed04587{ip: 192.168.69.84, host: trunk-nightly-9lh4p-2362225927, networkLocation: /default-rack, certSerialId: null}, Type:RATIS, Factor:ONE, State:CLOSED] moved to CLOSED state
2019-07-13 07:40:07,733 INFO  pipeline.SCMPipelineManager (SCMPipelineManager.java:finalizeAndDestroyPipeline(309)) - destroying pipeline:Pipeline[ Id: 06d494d1-52e1-4438-8bfc-815c21743de3, Nodes: 4bd246ec-e959-4af3-9aa7-18f26941d8d8{ip: 192.168.69.84, host: trunk-nightly-9lh4p-2362225927, networkLocation: /default-rack, certSerialId: null}5b40d400-85e7-46b6-8046-09737cd51629{ip: 192.168.69.84, host: trunk-nightly-9lh4p-2362225927, networkLocation: /default-rack, certSerialId: null}9ea7eee3-32e7-4b40-8531-82df8ed04587{ip: 192.168.69.84, host: trunk-nightly-9lh4p-2362225927, networkLocation: /default-rack, certSerialId: null}, Type:RATIS, Factor:THREE, State:CLOSED]
2019-07-13 07:40:07,988 WARN  server.GrpcLogAppender (LogUtils.java:warn(134)) - 9ea7eee3-32e7-4b40-8531-82df8ed04587->4bd246ec-e959-4af3-9aa7-18f26941d8d8: Failed appendEntries: org.apache.ratis.thirdparty.io.grpc.StatusRuntimeException: UNAVAILABLE: io exception
2019-07-13 07:40:07,989 INFO  impl.FollowerInfo (FollowerInfo.java:lambda$new$0(50)) - 9ea7eee3-32e7-4b40-8531-82df8ed04587->4bd246ec-e959-4af3-9aa7-18f26941d8d8: nextIndex: updateUnconditionally 15 -> 14
2019-07-13 07:40:08,114 INFO  ozoneimpl.OzoneContainer (OzoneContainer.java:stop(199)) - Attempting to stop container services.
2019-07-13 07:40:08,115 INFO  ozoneimpl.OzoneContainer (OzoneContainer.java:stop(199)) - Attempting to stop container services.
2019-07-13 07:40:08,115 INFO  impl.RaftServerProxy (RaftServerProxy.java:lambda$close$4(314)) - 9ea7eee3-32e7-4b40-8531-82df8ed04587: close
2019-07-13 07:40:08,115 INFO  impl.RaftServerProxy (RaftServerProxy.java:lambda$close$4(314)) - 687735de-0bff-44bf-8b08-cd771def1d24: close
2019-07-13 07:40:08,115 INFO  impl.RaftServerImpl (RaftServerImpl.java:lambda$shutdown$3(245)) - 9ea7eee3-32e7-4b40-8531-82df8ed04587: shutdown group-CD984BA8D433
2019-07-13 07:40:08,116 INFO  impl.RaftServerImpl (RaftServerImpl.java:lambda$shutdown$3(245)) - 687735de-0bff-44bf-8b08-cd771def1d24: shutdown group-51C9F9B3C848
2019-07-13 07:40:08,116 INFO  util.JmxRegister (JmxRegister.java:unregister(73)) - Successfully un-registered JMX Bean with object name Ratis:service=RaftServer,group=group-CD984BA8D433,id=9ea7eee3-32e7-4b40-8531-82df8ed04587
2019-07-13 07:40:08,117 INFO  impl.RoleInfo (RoleInfo.java:shutdownLeaderState(104)) - 9ea7eee3-32e7-4b40-8531-82df8ed04587: shutdown LeaderState
2019-07-13 07:40:08,116 INFO  util.JmxRegister (JmxRegister.java:unregister(73)) - Successfully un-registered JMX Bean with object name Ratis:service=RaftServer,group=group-51C9F9B3C848,id=687735de-0bff-44bf-8b08-cd771def1d24
2019-07-13 07:40:08,117 INFO  impl.PendingRequests (PendingRequests.java:sendNotLeaderResponses(202)) - 9ea7eee3-32e7-4b40-8531-82df8ed04587-PendingRequests: sendNotLeaderResponses
2019-07-13 07:40:08,117 INFO  impl.RoleInfo (RoleInfo.java:shutdownFollowerState(121)) - 687735de-0bff-44bf-8b08-cd771def1d24: shutdown FollowerState
2019-07-13 07:40:08,118 INFO  ratis.ContainerStateMachine (ContainerStateMachine.java:takeSnapshot(246)) - Taking snapshot at termIndex:(t:0, i:~)
2019-07-13 07:40:08,118 INFO  impl.StateMachineUpdater (StateMachineUpdater.java:stopAndJoin(115)) - StateMachineUpdater:9ea7eee3-32e7-4b40-8531-82df8ed04587:group-CD984BA8D433: set stopIndex = 0
2019-07-13 07:40:08,118 INFO  impl.FollowerState (FollowerState.java:run(114)) - 687735de-0bff-44bf-8b08-cd771def1d24: FollowerState was interrupted: java.lang.InterruptedException: sleep interrupted
2019-07-13 07:40:08,118 INFO  ratis.ContainerStateMachine (ContainerStateMachine.java:takeSnapshot(246)) - Taking snapshot at termIndex:(t:1, i:14)
2019-07-13 07:40:08,121 INFO  ratis.ContainerStateMachine (ContainerStateMachine.java:takeSnapshot(250)) - Taking a snapshot to file /tmp/workdir/hadoop-ozone/integration-test/target/test-dir/MiniOzoneClusterImpl-5db8d0d9-7b2e-49d0-b294-9cc54400926c/datanode-0/data/ratis/16c2ca4a-2fb0-44d4-9f4b-51c9f9b3c848/sm/snapshot.1_14
2019-07-13 07:40:08,118 INFO  impl.StateMachineUpdater (StateMachineUpdater.java:stopAndJoin(115)) - StateMachineUpdater:687735de-0bff-44bf-8b08-cd771def1d24:group-51C9F9B3C848: set stopIndex = 18
2019-07-13 07:40:08,118 INFO  impl.RaftServerImpl (ServerState.java:close(394)) - 9ea7eee3-32e7-4b40-8531-82df8ed04587:group-CD984BA8D433 closes. The last applied log index is 0
2019-07-13 07:40:08,121 INFO  impl.StateMachineUpdater (StateMachineUpdater.java:takeSnapshot(242)) - StateMachineUpdater:687735de-0bff-44bf-8b08-cd771def1d24:group-51C9F9B3C848: Took a snapshot at index 14
2019-07-13 07:40:08,121 INFO  impl.StateMachineUpdater (StateMachineUpdater.java:lambda$new$0(80)) - StateMachineUpdater:687735de-0bff-44bf-8b08-cd771def1d24:group-51C9F9B3C848: snapshotIndex: updateIncreasingly -1 -> 14
2019-07-13 07:40:08,122 INFO  segmented.SegmentedRaftLogWorker (SegmentedRaftLogWorker.java:run(313)) - 9ea7eee3-32e7-4b40-8531-82df8ed04587-SegmentedRaftLogWorker:Storage Directory /tmp/workdir/hadoop-ozone/integration-test/target/test-dir/MiniOzoneClusterImpl-5db8d0d9-7b2e-49d0-b294-9cc54400926c/datanode-3/data/ratis/5fd74f65-bf9c-4d61-957f-cd984ba8d433 was interrupted, exiting. There are 0 tasks remaining in the queue.
2019-07-13 07:40:08,123 INFO  impl.RaftServerImpl (ServerState.java:close(394)) - 687735de-0bff-44bf-8b08-cd771def1d24:group-51C9F9B3C848 closes. The last applied log index is 18
2019-07-13 07:40:08,123 INFO  segmented.SegmentedRaftLogWorker (SegmentedRaftLogWorker.java:close(228)) - 9ea7eee3-32e7-4b40-8531-82df8ed04587-SegmentedRaftLogWorker:Storage Directory /tmp/workdir/hadoop-ozone/integration-test/target/test-dir/MiniOzoneClusterImpl-5db8d0d9-7b2e-49d0-b294-9cc54400926c/datanode-3/data/ratis/5fd74f65-bf9c-4d61-957f-cd984ba8d433 close()
2019-07-13 07:40:08,123 INFO  segmented.SegmentedRaftLogWorker (SegmentedRaftLogWorker.java:run(313)) - 687735de-0bff-44bf-8b08-cd771def1d24-SegmentedRaftLogWorker:Storage Directory /tmp/workdir/hadoop-ozone/integration-test/target/test-dir/MiniOzoneClusterImpl-5db8d0d9-7b2e-49d0-b294-9cc54400926c/datanode-0/data/ratis/16c2ca4a-2fb0-44d4-9f4b-51c9f9b3c848 was interrupted, exiting. There are 0 tasks remaining in the queue.
2019-07-13 07:40:08,126 INFO  impl.RaftServerImpl (RaftServerImpl.java:lambda$shutdown$3(245)) - 9ea7eee3-32e7-4b40-8531-82df8ed04587: shutdown group-815C21743DE3
2019-07-13 07:40:08,128 INFO  segmented.SegmentedRaftLogWorker (SegmentedRaftLogWorker.java:close(228)) - 687735de-0bff-44bf-8b08-cd771def1d24-SegmentedRaftLogWorker:Storage Directory /tmp/workdir/hadoop-ozone/integration-test/target/test-dir/MiniOzoneClusterImpl-5db8d0d9-7b2e-49d0-b294-9cc54400926c/datanode-0/data/ratis/16c2ca4a-2fb0-44d4-9f4b-51c9f9b3c848 close()
2019-07-13 07:40:08,128 INFO  util.JmxRegister (JmxRegister.java:unregister(73)) - Successfully un-registered JMX Bean with object name Ratis:service=RaftServer,group=group-815C21743DE3,id=9ea7eee3-32e7-4b40-8531-82df8ed04587
2019-07-13 07:40:08,131 INFO  impl.RaftServerImpl (RaftServerImpl.java:lambda$shutdown$3(245)) - 687735de-0bff-44bf-8b08-cd771def1d24: shutdown group-5AF67E502A6E
2019-07-13 07:40:08,131 INFO  impl.RoleInfo (RoleInfo.java:shutdownLeaderState(104)) - 9ea7eee3-32e7-4b40-8531-82df8ed04587: shutdown LeaderState
2019-07-13 07:40:08,131 INFO  util.JmxRegister (JmxRegister.java:unregister(73)) - Successfully un-registered JMX Bean with object name Ratis:service=RaftServer,group=group-5AF67E502A6E,id=687735de-0bff-44bf-8b08-cd771def1d24
2019-07-13 07:40:08,134 WARN  server.GrpcLogAppender (GrpcLogAppender.java:mayWait(143)) - GrpcLogAppender(9ea7eee3-32e7-4b40-8531-82df8ed04587->4bd246ec-e959-4af3-9aa7-18f26941d8d8): Wait interrupted by java.lang.InterruptedException
2019-07-13 07:40:08,134 INFO  node.StaleNodeHandler (StaleNodeHandler.java:onMessage(58)) - Datanode 687735de-0bff-44bf-8b08-cd771def1d24{ip: 192.168.69.84, host: trunk-nightly-9lh4p-2362225927, networkLocation: /default-rack, certSerialId: null} moved to stale state. Finalizing its pipelines [PipelineID=16c2ca4a-2fb0-44d4-9f4b-51c9f9b3c848, PipelineID=c883051a-8e65-4ecf-ae14-5af67e502a6e]
2019-07-13 07:40:08,134 WARN  server.GrpcLogAppender (GrpcLogAppender.java:mayWait(143)) - GrpcLogAppender(9ea7eee3-32e7-4b40-8531-82df8ed04587->5b40d400-85e7-46b6-8046-09737cd51629): Wait interrupted by java.lang.InterruptedException
2019-07-13 07:40:08,134 INFO  impl.PendingRequests (PendingRequests.java:sendNotLeaderResponses(202)) - 9ea7eee3-32e7-4b40-8531-82df8ed04587-PendingRequests: sendNotLeaderResponses
2019-07-13 07:40:08,134 INFO  pipeline.SCMPipelineManager (SCMPipelineManager.java:finalizeAndDestroyPipeline(309)) - destroying pipeline:Pipeline[ Id: 16c2ca4a-2fb0-44d4-9f4b-51c9f9b3c848, Nodes: 9d7ca9e8-4eb3-4ba1-8fc6-d0f91e5ce981{ip: 192.168.69.84, host: trunk-nightly-9lh4p-2362225927, networkLocation: /default-rack, certSerialId: null}2a903e71-8982-4465-9171-f1a05d214b1a{ip: 192.168.69.84, host: trunk-nightly-9lh4p-2362225927, networkLocation: /default-rack, certSerialId: null}687735de-0bff-44bf-8b08-cd771def1d24{ip: 192.168.69.84, host: trunk-nightly-9lh4p-2362225927, networkLocation: /default-rack, certSerialId: null}, Type:RATIS, Factor:THREE, State:CLOSED]
2019-07-13 07:40:08,138 INFO  server.GrpcServerProtocolService (GrpcServerProtocolService.java:onCompleted(104)) - 5b40d400-85e7-46b6-8046-09737cd51629: appendEntries completed
2019-07-13 07:40:08,138 INFO  pipeline.SCMPipelineManager (SCMPipelineManager.java:finalizeAndDestroyPipeline(309)) - destroying pipeline:Pipeline[ Id: c883051a-8e65-4ecf-ae14-5af67e502a6e, Nodes: 687735de-0bff-44bf-8b08-cd771def1d24{ip: 192.168.69.84, host: trunk-nightly-9lh4p-2362225927, networkLocation: /default-rack, certSerialId: null}, Type:RATIS, Factor:ONE, State:OPEN]
2019-07-13 07:40:08,134 INFO  impl.RoleInfo (RoleInfo.java:shutdownLeaderState(104)) - 687735de-0bff-44bf-8b08-cd771def1d24: shutdown LeaderState
2019-07-13 07:40:08,138 INFO  server.GrpcLogAppender (GrpcLogAppender.java:onCompleted(292)) - 9ea7eee3-32e7-4b40-8531-82df8ed04587->5b40d400-85e7-46b6-8046-09737cd51629: follower responses appendEntries COMPLETED
2019-07-13 07:40:08,138 INFO  pipeline.PipelineStateManager (PipelineStateManager.java:finalizePipeline(123)) - Pipeline Pipeline[ Id: c883051a-8e65-4ecf-ae14-5af67e502a6e, Nodes: 687735de-0bff-44bf-8b08-cd771def1d24{ip: 192.168.69.84, host: trunk-nightly-9lh4p-2362225927, networkLocation: /default-rack, certSerialId: null}, Type:RATIS, Factor:ONE, State:CLOSED] moved to CLOSED state
2019-07-13 07:40:08,138 INFO  ratis.ContainerStateMachine (ContainerStateMachine.java:takeSnapshot(246)) - Taking snapshot at termIndex:(t:1, i:14)
2019-07-13 07:40:08,139 INFO  ratis.ContainerStateMachine (ContainerStateMachine.java:takeSnapshot(250)) - Taking a snapshot to file /tmp/workdir/hadoop-ozone/integration-test/target/test-dir/MiniOzoneClusterImpl-5db8d0d9-7b2e-49d0-b294-9cc54400926c/datanode-3/data/ratis/06d494d1-52e1-4438-8bfc-815c21743de3/sm/snapshot.1_14
2019-07-13 07:40:08,138 INFO  impl.StateMachineUpdater (StateMachineUpdater.java:stopAndJoin(115)) - StateMachineUpdater:9ea7eee3-32e7-4b40-8531-82df8ed04587:group-815C21743DE3: set stopIndex = 16
2019-07-13 07:40:08,139 INFO  impl.StateMachineUpdater (StateMachineUpdater.java:takeSnapshot(242)) - StateMachineUpdater:9ea7eee3-32e7-4b40-8531-82df8ed04587:group-815C21743DE3: Took a snapshot at index 14
2019-07-13 07:40:08,139 INFO  impl.FollowerInfo (FollowerInfo.java:lambda$new$0(50)) - 9ea7eee3-32e7-4b40-8531-82df8ed04587->5b40d400-85e7-46b6-8046-09737cd51629: nextIndex: updateUnconditionally 17 -> 16
2019-07-13 07:40:08,138 INFO  impl.PendingRequests (PendingRequests.java:sendNotLeaderResponses(202)) - 687735de-0bff-44bf-8b08-cd771def1d24-PendingRequests: sendNotLeaderResponses
2019-07-13 07:40:08,139 INFO  impl.StateMachineUpdater (StateMachineUpdater.java:lambda$new$0(80)) - StateMachineUpdater:9ea7eee3-32e7-4b40-8531-82df8ed04587:group-815C21743DE3: snapshotIndex: updateIncreasingly -1 -> 14
2019-07-13 07:40:08,139 INFO  impl.StateMachineUpdater (StateMachineUpdater.java:stopAndJoin(115)) - StateMachineUpdater:687735de-0bff-44bf-8b08-cd771def1d24:group-5AF67E502A6E: set stopIndex = 0
2019-07-13 07:40:08,140 INFO  impl.RaftServerImpl (ServerState.java:close(394)) - 9ea7eee3-32e7-4b40-8531-82df8ed04587:group-815C21743DE3 closes. The last applied log index is 16
2019-07-13 07:40:08,140 INFO  ratis.ContainerStateMachine (ContainerStateMachine.java:takeSnapshot(246)) - Taking snapshot at termIndex:(t:0, i:~)
2019-07-13 07:40:08,140 INFO  segmented.SegmentedRaftLogWorker (SegmentedRaftLogWorker.java:run(313)) - 9ea7eee3-32e7-4b40-8531-82df8ed04587-SegmentedRaftLogWorker:Storage Directory /tmp/workdir/hadoop-ozone/integration-test/target/test-dir/MiniOzoneClusterImpl-5db8d0d9-7b2e-49d0-b294-9cc54400926c/datanode-3/data/ratis/06d494d1-52e1-4438-8bfc-815c21743de3 was interrupted, exiting. There are 0 tasks remaining in the queue.
2019-07-13 07:40:08,140 INFO  impl.RaftServerImpl (ServerState.java:close(394)) - 687735de-0bff-44bf-8b08-cd771def1d24:group-5AF67E502A6E closes. The last applied log index is 0
2019-07-13 07:40:08,142 INFO  segmented.SegmentedRaftLogWorker (SegmentedRaftLogWorker.java:close(228)) - 9ea7eee3-32e7-4b40-8531-82df8ed04587-SegmentedRaftLogWorker:Storage Directory /tmp/workdir/hadoop-ozone/integration-test/target/test-dir/MiniOzoneClusterImpl-5db8d0d9-7b2e-49d0-b294-9cc54400926c/datanode-3/data/ratis/06d494d1-52e1-4438-8bfc-815c21743de3 close()
2019-07-13 07:40:08,142 INFO  segmented.SegmentedRaftLogWorker (SegmentedRaftLogWorker.java:run(313)) - 687735de-0bff-44bf-8b08-cd771def1d24-SegmentedRaftLogWorker:Storage Directory /tmp/workdir/hadoop-ozone/integration-test/target/test-dir/MiniOzoneClusterImpl-5db8d0d9-7b2e-49d0-b294-9cc54400926c/datanode-0/data/ratis/c883051a-8e65-4ecf-ae14-5af67e502a6e was interrupted, exiting. There are 0 tasks remaining in the queue.
2019-07-13 07:40:08,144 INFO  server.GrpcService (GrpcService.java:closeImpl(155)) - 9ea7eee3-32e7-4b40-8531-82df8ed04587: shutdown server with port 38764 now
2019-07-13 07:40:08,145 INFO  segmented.SegmentedRaftLogWorker (SegmentedRaftLogWorker.java:close(228)) - 687735de-0bff-44bf-8b08-cd771def1d24-SegmentedRaftLogWorker:Storage Directory /tmp/workdir/hadoop-ozone/integration-test/target/test-dir/MiniOzoneClusterImpl-5db8d0d9-7b2e-49d0-b294-9cc54400926c/datanode-0/data/ratis/c883051a-8e65-4ecf-ae14-5af67e502a6e close()
2019-07-13 07:40:08,147 INFO  server.GrpcService (GrpcService.java:closeImpl(155)) - 687735de-0bff-44bf-8b08-cd771def1d24: shutdown server with port 45247 now
2019-07-13 07:40:08,148 INFO  server.GrpcService (GrpcService.java:closeImpl(163)) - 687735de-0bff-44bf-8b08-cd771def1d24: shutdown server with port 45247 successfully
2019-07-13 07:40:08,148 INFO  server.GrpcService (GrpcService.java:closeImpl(163)) - 9ea7eee3-32e7-4b40-8531-82df8ed04587: shutdown server with port 38764 successfully
2019-07-13 07:40:08,148 WARN  client.GrpcClientProtocolService (LogUtils.java:warn(134)) - 1-UnorderedRequestStreamObserver1: onError: org.apache.ratis.thirdparty.io.grpc.StatusRuntimeException: CANCELLED: cancelled before receiving half close
2019-07-13 07:40:08,148 INFO  utils.BackgroundService (BackgroundService.java:shutdown(148)) - Shutting down service BlockDeletingService
2019-07-13 07:40:08,150 WARN  fs.CachingGetSpaceUsed (CachingGetSpaceUsed.java:run(183)) - Thread Interrupted waiting to refresh disk information: sleep interrupted
2019-07-13 07:40:08,151 INFO  utils.BackgroundService (BackgroundService.java:shutdown(148)) - Shutting down service BlockDeletingService
2019-07-13 07:40:08,155 WARN  fs.CachingGetSpaceUsed (CachingGetSpaceUsed.java:run(183)) - Thread Interrupted waiting to refresh disk information: sleep interrupted
2019-07-13 07:40:08,165 INFO  statemachine.DatanodeStateMachine (DatanodeStateMachine.java:stopDaemon(395)) - Ozone container server stopped.
2019-07-13 07:40:08,170 INFO  statemachine.DatanodeStateMachine (DatanodeStateMachine.java:stopDaemon(395)) - Ozone container server stopped.
2019-07-13 07:40:08,178 INFO  handler.ContextHandler (ContextHandler.java:doStop(910)) - Stopped o.e.j.w.WebAppContext@27563444{/,null,UNAVAILABLE}{/hddsDatanode}
2019-07-13 07:40:08,178 INFO  handler.ContextHandler (ContextHandler.java:doStop(910)) - Stopped o.e.j.w.WebAppContext@4cd13fad{/,null,UNAVAILABLE}{/hddsDatanode}
2019-07-13 07:40:08,178 INFO  server.AbstractConnector (AbstractConnector.java:doStop(318)) - Stopped ServerConnector@507e3e77{HTTP/1.1,[http/1.1]}{0.0.0.0:0}
2019-07-13 07:40:08,179 INFO  server.AbstractConnector (AbstractConnector.java:doStop(318)) - Stopped ServerConnector@3d41449a{HTTP/1.1,[http/1.1]}{0.0.0.0:0}
2019-07-13 07:40:08,180 INFO  handler.ContextHandler (ContextHandler.java:doStop(910)) - Stopped o.e.j.s.ServletContextHandler@5bd191c2{/static,jar:file:/home/user/.m2/repository/org/apache/hadoop/hadoop-hdds-container-service/0.5.0-SNAPSHOT/hadoop-hdds-container-service-0.5.0-SNAPSHOT.jar!/webapps/static,UNAVAILABLE}
2019-07-13 07:40:08,180 INFO  handler.ContextHandler (ContextHandler.java:doStop(910)) - Stopped o.e.j.s.ServletContextHandler@420c9959{/static,jar:file:/home/user/.m2/repository/org/apache/hadoop/hadoop-hdds-container-service/0.5.0-SNAPSHOT/hadoop-hdds-container-service-0.5.0-SNAPSHOT.jar!/webapps/static,UNAVAILABLE}
2019-07-13 07:40:08,181 INFO  handler.ContextHandler (ContextHandler.java:doStop(910)) - Stopped o.e.j.s.ServletContextHandler@752e50c6{/logs,file:///tmp/workdir/hadoop-ozone/integration-test/target/log,UNAVAILABLE}
2019-07-13 07:40:08,181 INFO  handler.ContextHandler (ContextHandler.java:doStop(910)) - Stopped o.e.j.s.ServletContextHandler@65689000{/logs,file:///tmp/workdir/hadoop-ozone/integration-test/target/log,UNAVAILABLE}
2019-07-13 07:40:08,182 INFO  datanode.ObjectStoreHandler (ObjectStoreHandler.java:close(155)) - Closing ObjectStoreHandler.
2019-07-13 07:40:08,182 INFO  datanode.ObjectStoreHandler (ObjectStoreHandler.java:close(155)) - Closing ObjectStoreHandler.
2019-07-13 07:40:08,182 INFO  ozone.HddsDatanodeService (HddsDatanodeService.java:stop(452)) - Stopped plug-in org.apache.hadoop.ozone.web.OzoneHddsDatanodeService@19984625
2019-07-13 07:40:08,182 INFO  ozone.HddsDatanodeService (HddsDatanodeService.java:stop(452)) - Stopped plug-in org.apache.hadoop.ozone.web.OzoneHddsDatanodeService@16817bad
2019-07-13 07:40:08,725 INFO  statemachine.DatanodeStateMachine (DatanodeStateMachine.java:lambda$startDaemon$0(350)) - Ozone container server started.
2019-07-13 07:40:08,861 INFO  statemachine.DatanodeStateMachine (DatanodeStateMachine.java:lambda$startDaemon$0(350)) - Ozone container server started.
2019-07-13 07:40:12,740 INFO  node.StaleNodeHandler (StaleNodeHandler.java:onMessage(58)) - Datanode 5b40d400-85e7-46b6-8046-09737cd51629{ip: 192.168.69.84, host: trunk-nightly-9lh4p-2362225927, networkLocation: /default-rack, certSerialId: null} moved to stale state. Finalizing its pipelines [PipelineID=70552070-a19d-408f-9f4b-030a28edd18c, PipelineID=06d494d1-52e1-4438-8bfc-815c21743de3]
2019-07-13 07:40:12,740 INFO  pipeline.SCMPipelineManager (SCMPipelineManager.java:finalizeAndDestroyPipeline(309)) - destroying pipeline:Pipeline[ Id: 70552070-a19d-408f-9f4b-030a28edd18c, Nodes: 5b40d400-85e7-46b6-8046-09737cd51629{ip: 192.168.69.84, host: trunk-nightly-9lh4p-2362225927, networkLocation: /default-rack, certSerialId: null}, Type:RATIS, Factor:ONE, State:OPEN]
2019-07-13 07:40:12,740 INFO  pipeline.PipelineStateManager (PipelineStateManager.java:finalizePipeline(123)) - Pipeline Pipeline[ Id: 70552070-a19d-408f-9f4b-030a28edd18c, Nodes: 5b40d400-85e7-46b6-8046-09737cd51629{ip: 192.168.69.84, host: trunk-nightly-9lh4p-2362225927, networkLocation: /default-rack, certSerialId: null}, Type:RATIS, Factor:ONE, State:CLOSED] moved to CLOSED state
2019-07-13 07:40:12,741 INFO  pipeline.SCMPipelineManager (SCMPipelineManager.java:finalizeAndDestroyPipeline(309)) - destroying pipeline:Pipeline[ Id: 06d494d1-52e1-4438-8bfc-815c21743de3, Nodes: 4bd246ec-e959-4af3-9aa7-18f26941d8d8{ip: 192.168.69.84, host: trunk-nightly-9lh4p-2362225927, networkLocation: /default-rack, certSerialId: null}5b40d400-85e7-46b6-8046-09737cd51629{ip: 192.168.69.84, host: trunk-nightly-9lh4p-2362225927, networkLocation: /default-rack, certSerialId: null}9ea7eee3-32e7-4b40-8531-82df8ed04587{ip: 192.168.69.84, host: trunk-nightly-9lh4p-2362225927, networkLocation: /default-rack, certSerialId: null}, Type:RATIS, Factor:THREE, State:CLOSED]
2019-07-13 07:40:12,940 INFO  node.StaleNodeHandler (StaleNodeHandler.java:onMessage(58)) - Datanode 4210b7b3-c54c-4588-a6f5-03bec4493191{ip: 192.168.69.84, host: trunk-nightly-9lh4p-2362225927, networkLocation: /default-rack, certSerialId: null} moved to stale state. Finalizing its pipelines [PipelineID=c7494d60-2d00-47f7-be30-e831bf711913]
2019-07-13 07:40:12,940 INFO  pipeline.SCMPipelineManager (SCMPipelineManager.java:finalizeAndDestroyPipeline(309)) - destroying pipeline:Pipeline[ Id: c7494d60-2d00-47f7-be30-e831bf711913, Nodes: 4210b7b3-c54c-4588-a6f5-03bec4493191{ip: 192.168.69.84, host: trunk-nightly-9lh4p-2362225927, networkLocation: /default-rack, certSerialId: null}, Type:RATIS, Factor:ONE, State:OPEN]
2019-07-13 07:40:12,941 INFO  pipeline.PipelineStateManager (PipelineStateManager.java:finalizePipeline(123)) - Pipeline Pipeline[ Id: c7494d60-2d00-47f7-be30-e831bf711913, Nodes: 4210b7b3-c54c-4588-a6f5-03bec4493191{ip: 192.168.69.84, host: trunk-nightly-9lh4p-2362225927, networkLocation: /default-rack, certSerialId: null}, Type:RATIS, Factor:ONE, State:CLOSED] moved to CLOSED state
2019-07-13 07:40:13,183 INFO  ozoneimpl.OzoneContainer (OzoneContainer.java:stop(199)) - Attempting to stop container services.
2019-07-13 07:40:13,183 INFO  ozoneimpl.OzoneContainer (OzoneContainer.java:stop(199)) - Attempting to stop container services.
2019-07-13 07:40:13,183 INFO  impl.RaftServerProxy (RaftServerProxy.java:lambda$close$4(314)) - 4210b7b3-c54c-4588-a6f5-03bec4493191: close
2019-07-13 07:40:13,184 INFO  impl.RaftServerProxy (RaftServerProxy.java:lambda$close$4(314)) - 5b40d400-85e7-46b6-8046-09737cd51629: close
2019-07-13 07:40:13,184 INFO  impl.RaftServerImpl (RaftServerImpl.java:lambda$shutdown$3(245)) - 4210b7b3-c54c-4588-a6f5-03bec4493191: shutdown group-E831BF711913
2019-07-13 07:40:13,184 INFO  impl.RaftServerImpl (RaftServerImpl.java:lambda$shutdown$3(245)) - 5b40d400-85e7-46b6-8046-09737cd51629: shutdown group-030A28EDD18C
2019-07-13 07:40:13,185 INFO  util.JmxRegister (JmxRegister.java:unregister(73)) - Successfully un-registered JMX Bean with object name Ratis:service=RaftServer,group=group-E831BF711913,id=4210b7b3-c54c-4588-a6f5-03bec4493191
2019-07-13 07:40:13,185 INFO  util.JmxRegister (JmxRegister.java:unregister(73)) - Successfully un-registered JMX Bean with object name Ratis:service=RaftServer,group=group-030A28EDD18C,id=5b40d400-85e7-46b6-8046-09737cd51629
2019-07-13 07:40:13,186 INFO  impl.RoleInfo (RoleInfo.java:shutdownLeaderState(104)) - 5b40d400-85e7-46b6-8046-09737cd51629: shutdown LeaderState
2019-07-13 07:40:13,185 INFO  impl.RoleInfo (RoleInfo.java:shutdownLeaderState(104)) - 4210b7b3-c54c-4588-a6f5-03bec4493191: shutdown LeaderState
2019-07-13 07:40:13,186 INFO  impl.PendingRequests (PendingRequests.java:sendNotLeaderResponses(202)) - 5b40d400-85e7-46b6-8046-09737cd51629-PendingRequests: sendNotLeaderResponses
2019-07-13 07:40:13,187 INFO  impl.PendingRequests (PendingRequests.java:sendNotLeaderResponses(202)) - 4210b7b3-c54c-4588-a6f5-03bec4493191-PendingRequests: sendNotLeaderResponses
2019-07-13 07:40:13,187 INFO  ratis.ContainerStateMachine (ContainerStateMachine.java:takeSnapshot(246)) - Taking snapshot at termIndex:(t:0, i:~)
2019-07-13 07:40:13,187 INFO  impl.StateMachineUpdater (StateMachineUpdater.java:stopAndJoin(115)) - StateMachineUpdater:5b40d400-85e7-46b6-8046-09737cd51629:group-030A28EDD18C: set stopIndex = 0
2019-07-13 07:40:13,188 INFO  impl.RaftServerImpl (ServerState.java:close(394)) - 5b40d400-85e7-46b6-8046-09737cd51629:group-030A28EDD18C closes. The last applied log index is 0
2019-07-13 07:40:13,187 INFO  ratis.ContainerStateMachine (ContainerStateMachine.java:takeSnapshot(246)) - Taking snapshot at termIndex:(t:0, i:~)
2019-07-13 07:40:13,187 INFO  impl.StateMachineUpdater (StateMachineUpdater.java:stopAndJoin(115)) - StateMachineUpdater:4210b7b3-c54c-4588-a6f5-03bec4493191:group-E831BF711913: set stopIndex = 0
2019-07-13 07:40:13,189 INFO  impl.RaftServerImpl (ServerState.java:close(394)) - 4210b7b3-c54c-4588-a6f5-03bec4493191:group-E831BF711913 closes. The last applied log index is 0
2019-07-13 07:40:13,189 INFO  segmented.SegmentedRaftLogWorker (SegmentedRaftLogWorker.java:run(313)) - 5b40d400-85e7-46b6-8046-09737cd51629-SegmentedRaftLogWorker:Storage Directory /tmp/workdir/hadoop-ozone/integration-test/target/test-dir/MiniOzoneClusterImpl-5db8d0d9-7b2e-49d0-b294-9cc54400926c/datanode-5/data/ratis/70552070-a19d-408f-9f4b-030a28edd18c was interrupted, exiting. There are 0 tasks remaining in the queue.
2019-07-13 07:40:13,189 INFO  segmented.SegmentedRaftLogWorker (SegmentedRaftLogWorker.java:run(313)) - 4210b7b3-c54c-4588-a6f5-03bec4493191-SegmentedRaftLogWorker:Storage Directory /tmp/workdir/hadoop-ozone/integration-test/target/test-dir/MiniOzoneClusterImpl-5db8d0d9-7b2e-49d0-b294-9cc54400926c/datanode-6/data/ratis/c7494d60-2d00-47f7-be30-e831bf711913 was interrupted, exiting. There are 0 tasks remaining in the queue.
2019-07-13 07:40:13,193 INFO  segmented.SegmentedRaftLogWorker (SegmentedRaftLogWorker.java:close(228)) - 5b40d400-85e7-46b6-8046-09737cd51629-SegmentedRaftLogWorker:Storage Directory /tmp/workdir/hadoop-ozone/integration-test/target/test-dir/MiniOzoneClusterImpl-5db8d0d9-7b2e-49d0-b294-9cc54400926c/datanode-5/data/ratis/70552070-a19d-408f-9f4b-030a28edd18c close()
2019-07-13 07:40:13,193 INFO  segmented.SegmentedRaftLogWorker (SegmentedRaftLogWorker.java:close(228)) - 4210b7b3-c54c-4588-a6f5-03bec4493191-SegmentedRaftLogWorker:Storage Directory /tmp/workdir/hadoop-ozone/integration-test/target/test-dir/MiniOzoneClusterImpl-5db8d0d9-7b2e-49d0-b294-9cc54400926c/datanode-6/data/ratis/c7494d60-2d00-47f7-be30-e831bf711913 close()
2019-07-13 07:40:13,201 INFO  impl.RaftServerImpl (RaftServerImpl.java:lambda$shutdown$3(245)) - 5b40d400-85e7-46b6-8046-09737cd51629: shutdown group-815C21743DE3
2019-07-13 07:40:13,202 INFO  server.GrpcService (GrpcService.java:closeImpl(155)) - 4210b7b3-c54c-4588-a6f5-03bec4493191: shutdown server with port 43946 now
2019-07-13 07:40:13,202 INFO  util.JmxRegister (JmxRegister.java:unregister(73)) - Successfully un-registered JMX Bean with object name Ratis:service=RaftServer,group=group-815C21743DE3,id=5b40d400-85e7-46b6-8046-09737cd51629
2019-07-13 07:40:13,204 INFO  server.GrpcService (GrpcService.java:closeImpl(163)) - 4210b7b3-c54c-4588-a6f5-03bec4493191: shutdown server with port 43946 successfully
2019-07-13 07:40:13,204 INFO  impl.RoleInfo (RoleInfo.java:shutdownFollowerState(121)) - 5b40d400-85e7-46b6-8046-09737cd51629: shutdown FollowerState
2019-07-13 07:40:13,205 INFO  impl.StateMachineUpdater (StateMachineUpdater.java:stopAndJoin(115)) - StateMachineUpdater:5b40d400-85e7-46b6-8046-09737cd51629:group-815C21743DE3: set stopIndex = 16
2019-07-13 07:40:13,205 INFO  impl.FollowerState (FollowerState.java:run(114)) - 5b40d400-85e7-46b6-8046-09737cd51629: FollowerState was interrupted: java.lang.InterruptedException: sleep interrupted
2019-07-13 07:40:13,205 INFO  ratis.ContainerStateMachine (ContainerStateMachine.java:takeSnapshot(246)) - Taking snapshot at termIndex:(t:1, i:14)
2019-07-13 07:40:13,207 INFO  ratis.ContainerStateMachine (ContainerStateMachine.java:takeSnapshot(250)) - Taking a snapshot to file /tmp/workdir/hadoop-ozone/integration-test/target/test-dir/MiniOzoneClusterImpl-5db8d0d9-7b2e-49d0-b294-9cc54400926c/datanode-5/data/ratis/06d494d1-52e1-4438-8bfc-815c21743de3/sm/snapshot.1_14
2019-07-13 07:40:13,207 INFO  utils.BackgroundService (BackgroundService.java:shutdown(148)) - Shutting down service BlockDeletingService
2019-07-13 07:40:13,208 INFO  impl.StateMachineUpdater (StateMachineUpdater.java:takeSnapshot(242)) - StateMachineUpdater:5b40d400-85e7-46b6-8046-09737cd51629:group-815C21743DE3: Took a snapshot at index 14
2019-07-13 07:40:13,208 INFO  impl.StateMachineUpdater (StateMachineUpdater.java:lambda$new$0(80)) - StateMachineUpdater:5b40d400-85e7-46b6-8046-09737cd51629:group-815C21743DE3: snapshotIndex: updateIncreasingly -1 -> 14
2019-07-13 07:40:13,208 INFO  impl.RaftServerImpl (ServerState.java:close(394)) - 5b40d400-85e7-46b6-8046-09737cd51629:group-815C21743DE3 closes. The last applied log index is 16
2019-07-13 07:40:13,209 INFO  segmented.SegmentedRaftLogWorker (SegmentedRaftLogWorker.java:run(313)) - 5b40d400-85e7-46b6-8046-09737cd51629-SegmentedRaftLogWorker:Storage Directory /tmp/workdir/hadoop-ozone/integration-test/target/test-dir/MiniOzoneClusterImpl-5db8d0d9-7b2e-49d0-b294-9cc54400926c/datanode-5/data/ratis/06d494d1-52e1-4438-8bfc-815c21743de3 was interrupted, exiting. There are 0 tasks remaining in the queue.
2019-07-13 07:40:13,209 INFO  segmented.SegmentedRaftLogWorker (SegmentedRaftLogWorker.java:close(228)) - 5b40d400-85e7-46b6-8046-09737cd51629-SegmentedRaftLogWorker:Storage Directory /tmp/workdir/hadoop-ozone/integration-test/target/test-dir/MiniOzoneClusterImpl-5db8d0d9-7b2e-49d0-b294-9cc54400926c/datanode-5/data/ratis/06d494d1-52e1-4438-8bfc-815c21743de3 close()
2019-07-13 07:40:13,210 WARN  fs.CachingGetSpaceUsed (CachingGetSpaceUsed.java:run(183)) - Thread Interrupted waiting to refresh disk information: sleep interrupted
2019-07-13 07:40:13,212 INFO  server.GrpcService (GrpcService.java:closeImpl(155)) - 5b40d400-85e7-46b6-8046-09737cd51629: shutdown server with port 44726 now
2019-07-13 07:40:13,213 INFO  server.GrpcService (GrpcService.java:closeImpl(163)) - 5b40d400-85e7-46b6-8046-09737cd51629: shutdown server with port 44726 successfully
2019-07-13 07:40:13,214 INFO  utils.BackgroundService (BackgroundService.java:shutdown(148)) - Shutting down service BlockDeletingService
2019-07-13 07:40:13,217 WARN  fs.CachingGetSpaceUsed (CachingGetSpaceUsed.java:run(183)) - Thread Interrupted waiting to refresh disk information: sleep interrupted
2019-07-13 07:40:13,229 INFO  statemachine.DatanodeStateMachine (DatanodeStateMachine.java:stopDaemon(395)) - Ozone container server stopped.
2019-07-13 07:40:13,234 INFO  handler.ContextHandler (ContextHandler.java:doStop(910)) - Stopped o.e.j.w.WebAppContext@4b38d912{/,null,UNAVAILABLE}{/hddsDatanode}
2019-07-13 07:40:13,235 INFO  server.AbstractConnector (AbstractConnector.java:doStop(318)) - Stopped ServerConnector@626e5554{HTTP/1.1,[http/1.1]}{0.0.0.0:0}
2019-07-13 07:40:13,239 INFO  handler.ContextHandler (ContextHandler.java:doStop(910)) - Stopped o.e.j.s.ServletContextHandler@6b8f1c62{/static,jar:file:/home/user/.m2/repository/org/apache/hadoop/hadoop-hdds-container-service/0.5.0-SNAPSHOT/hadoop-hdds-container-service-0.5.0-SNAPSHOT.jar!/webapps/static,UNAVAILABLE}
2019-07-13 07:40:13,240 INFO  handler.ContextHandler (ContextHandler.java:doStop(910)) - Stopped o.e.j.s.ServletContextHandler@2c6ed95a{/logs,file:///tmp/workdir/hadoop-ozone/integration-test/target/log,UNAVAILABLE}
2019-07-13 07:40:13,246 INFO  statemachine.DatanodeStateMachine (DatanodeStateMachine.java:stopDaemon(395)) - Ozone container server stopped.
2019-07-13 07:40:13,247 INFO  handler.ContextHandler (ContextHandler.java:doStop(910)) - Stopped o.e.j.w.WebAppContext@641001c2{/,null,UNAVAILABLE}{/hddsDatanode}
2019-07-13 07:40:13,247 INFO  server.AbstractConnector (AbstractConnector.java:doStop(318)) - Stopped ServerConnector@468dbd07{HTTP/1.1,[http/1.1]}{0.0.0.0:0}
2019-07-13 07:40:13,248 INFO  handler.ContextHandler (ContextHandler.java:doStop(910)) - Stopped o.e.j.s.ServletContextHandler@483f19c0{/static,jar:file:/home/user/.m2/repository/org/apache/hadoop/hadoop-hdds-container-service/0.5.0-SNAPSHOT/hadoop-hdds-container-service-0.5.0-SNAPSHOT.jar!/webapps/static,UNAVAILABLE}
2019-07-13 07:40:13,248 INFO  handler.ContextHandler (ContextHandler.java:doStop(910)) - Stopped o.e.j.s.ServletContextHandler@651bec9a{/logs,file:///tmp/workdir/hadoop-ozone/integration-test/target/log,UNAVAILABLE}
2019-07-13 07:40:13,249 INFO  ozone.MiniOzoneClusterImpl (MiniOzoneClusterImpl.java:stop(353)) - Stopping the StorageContainerManager
2019-07-13 07:40:13,249 INFO  server.StorageContainerManager (StorageContainerManager.java:stop(796)) - Stopping Replication Manager Service.
2019-07-13 07:40:13,249 INFO  container.ReplicationManager (ReplicationManager.java:stop(187)) - Stopping Replication Monitor Thread.
2019-07-13 07:40:13,250 INFO  server.StorageContainerManager (StorageContainerManager.java:stop(803)) - Stopping Lease Manager of the command watchers
2019-07-13 07:40:13,250 INFO  server.StorageContainerManager (StorageContainerManager.java:stop(810)) - Stopping datanode service RPC server
2019-07-13 07:40:13,250 INFO  server.SCMDatanodeProtocolServer (SCMDatanodeProtocolServer.java:stop(375)) - Stopping the RPC server for DataNodes
2019-07-13 07:40:13,250 INFO  ipc.Server (Server.java:stop(3082)) - Stopping server on 38295
2019-07-13 07:40:13,252 INFO  ipc.Server (Server.java:run(1185)) - Stopping IPC Server listener on 38295
2019-07-13 07:40:13,254 INFO  ipc.Server (Server.java:run(1319)) - Stopping IPC Server Responder
2019-07-13 07:40:13,341 WARN  node.NodeStateManager (NodeStateManager.java:scheduleNextHealthCheck(631)) - Current Thread is interrupted, shutting down HB processing thread for Node Manager.
2019-07-13 07:40:13,341 INFO  server.StorageContainerManager (StorageContainerManager.java:stop(818)) - Stopping block service RPC server
2019-07-13 07:40:13,341 INFO  server.SCMBlockProtocolServer (SCMBlockProtocolServer.java:stop(148)) - Stopping the RPC server for Block Protocol
2019-07-13 07:40:13,341 INFO  ipc.Server (Server.java:stop(3082)) - Stopping server on 41385
2019-07-13 07:40:13,343 INFO  ipc.Server (Server.java:run(1185)) - Stopping IPC Server listener on 41385
2019-07-13 07:40:13,343 INFO  server.StorageContainerManager (StorageContainerManager.java:stop(825)) - Stopping the StorageContainerLocationProtocol RPC server
2019-07-13 07:40:13,345 INFO  server.SCMClientProtocolServer (SCMClientProtocolServer.java:stop(157)) - Stopping the RPC server for Client Protocol
2019-07-13 07:40:13,345 INFO  ipc.Server (Server.java:stop(3082)) - Stopping server on 40126
2019-07-13 07:40:13,345 INFO  ipc.Server (Server.java:run(1319)) - Stopping IPC Server Responder
2019-07-13 07:40:13,347 INFO  ipc.Server (Server.java:run(1185)) - Stopping IPC Server listener on 40126
2019-07-13 07:40:13,347 INFO  server.StorageContainerManager (StorageContainerManager.java:stop(832)) - Stopping Storage Container Manager HTTP server.
2019-07-13 07:40:13,348 INFO  ipc.Server (Server.java:run(1319)) - Stopping IPC Server Responder
2019-07-13 07:40:13,349 INFO  handler.ContextHandler (ContextHandler.java:doStop(910)) - Stopped o.e.j.w.WebAppContext@6079d219{/,null,UNAVAILABLE}{/scm}
2019-07-13 07:40:13,350 INFO  server.AbstractConnector (AbstractConnector.java:doStop(318)) - Stopped ServerConnector@4ed90b04{HTTP/1.1,[http/1.1]}{0.0.0.0:0}
2019-07-13 07:40:13,350 INFO  handler.ContextHandler (ContextHandler.java:doStop(910)) - Stopped o.e.j.s.ServletContextHandler@7053a864{/static,file:///tmp/workdir/hadoop-ozone/integration-test/target/test-classes/webapps/static,UNAVAILABLE}
2019-07-13 07:40:13,351 INFO  handler.ContextHandler (ContextHandler.java:doStop(910)) - Stopped o.e.j.s.ServletContextHandler@713c8cbb{/logs,file:///tmp/workdir/hadoop-ozone/integration-test/target/log,UNAVAILABLE}
2019-07-13 07:40:13,351 INFO  server.StorageContainerManager (StorageContainerManager.java:stop(843)) - Stopping Block Manager Service.
2019-07-13 07:40:13,352 INFO  utils.BackgroundService (BackgroundService.java:shutdown(148)) - Shutting down service SCMBlockDeletingService
2019-07-13 07:40:13,352 INFO  utils.BackgroundService (BackgroundService.java:shutdown(148)) - Shutting down service SCMBlockDeletingService
2019-07-13 07:40:13,353 INFO  server.StorageContainerManager (StorageContainerManager.java:stop(865)) - Stopping SCM Event Queue.
2019-07-13 07:40:13,357 INFO  impl.MetricsSystemImpl (MetricsSystemImpl.java:stop(210)) - Stopping HddsDatanode metrics system...
2019-07-13 07:40:13,367 INFO  impl.MetricsSystemImpl (MetricsSystemImpl.java:stop(216)) - HddsDatanode metrics system stopped.
]]></system-out>
    <system-err><![CDATA[Jul 13, 2019 7:39:31 AM com.sun.jersey.server.impl.application.WebApplicationImpl _initiate
INFO: Initiating Jersey application, version 'Jersey: 1.19 02/11/2015 03:25 AM'
Jul 13, 2019 7:39:31 AM com.sun.jersey.server.impl.application.WebApplicationImpl _initiate
INFO: Initiating Jersey application, version 'Jersey: 1.19 02/11/2015 03:25 AM'
Jul 13, 2019 7:39:31 AM com.sun.jersey.server.impl.application.WebApplicationImpl _initiate
INFO: Initiating Jersey application, version 'Jersey: 1.19 02/11/2015 03:25 AM'
Jul 13, 2019 7:39:32 AM com.sun.jersey.server.impl.application.WebApplicationImpl _initiate
INFO: Initiating Jersey application, version 'Jersey: 1.19 02/11/2015 03:25 AM'
Jul 13, 2019 7:39:32 AM com.sun.jersey.server.impl.application.WebApplicationImpl _initiate
INFO: Initiating Jersey application, version 'Jersey: 1.19 02/11/2015 03:25 AM'
Jul 13, 2019 7:39:32 AM com.sun.jersey.server.impl.application.WebApplicationImpl _initiate
INFO: Initiating Jersey application, version 'Jersey: 1.19 02/11/2015 03:25 AM'
Jul 13, 2019 7:39:32 AM com.sun.jersey.server.impl.application.WebApplicationImpl _initiate
INFO: Initiating Jersey application, version 'Jersey: 1.19 02/11/2015 03:25 AM'
Jul 13, 2019 7:39:35 AM org.apache.ratis.thirdparty.io.grpc.internal.ManagedChannelOrphanWrapper$ManagedChannelReference cleanQueue
SEVERE: *~*~*~ Channel ManagedChannelImpl{logId=2743, target=192.168.69.84:45525} was not shutdown properly!!! ~*~*~*
    Make sure to call shutdown()/shutdownNow() and wait until awaitTermination() returns true.
java.lang.RuntimeException: ManagedChannel allocation site
	at org.apache.ratis.thirdparty.io.grpc.internal.ManagedChannelOrphanWrapper$ManagedChannelReference.<init>(ManagedChannelOrphanWrapper.java:103)
	at org.apache.ratis.thirdparty.io.grpc.internal.ManagedChannelOrphanWrapper.<init>(ManagedChannelOrphanWrapper.java:53)
	at org.apache.ratis.thirdparty.io.grpc.internal.ManagedChannelOrphanWrapper.<init>(ManagedChannelOrphanWrapper.java:44)
	at org.apache.ratis.thirdparty.io.grpc.internal.AbstractManagedChannelImplBuilder.build(AbstractManagedChannelImplBuilder.java:411)
	at org.apache.ratis.grpc.client.GrpcClientProtocolClient.<init>(GrpcClientProtocolClient.java:119)
	at org.apache.ratis.grpc.client.GrpcClientRpc.lambda$new$0(GrpcClientRpc.java:55)
	at org.apache.ratis.util.PeerProxyMap$PeerAndProxy.lambda$getProxy$0(PeerProxyMap.java:61)
	at org.apache.ratis.util.LifeCycle.startAndTransition(LifeCycle.java:202)
	at org.apache.ratis.util.PeerProxyMap$PeerAndProxy.getProxy(PeerProxyMap.java:60)
	at org.apache.ratis.util.PeerProxyMap.getProxy(PeerProxyMap.java:107)
	at org.apache.ratis.grpc.client.GrpcClientRpc.sendRequestAsync(GrpcClientRpc.java:66)
	at org.apache.ratis.client.impl.OrderedAsync.sendRequest(OrderedAsync.java:208)
	at org.apache.ratis.client.impl.OrderedAsync.sendRequestWithRetry(OrderedAsync.java:169)
	at org.apache.ratis.util.SlidingWindow$Client.sendOrDelayRequest(SlidingWindow.java:278)
	at org.apache.ratis.util.SlidingWindow$Client.retry(SlidingWindow.java:294)
	at org.apache.ratis.client.impl.OrderedAsync.lambda$scheduleWithTimeout$7(OrderedAsync.java:195)
	at org.apache.ratis.util.TimeoutScheduler.lambda$onTimeout$0(TimeoutScheduler.java:85)
	at org.apache.ratis.util.TimeoutScheduler.lambda$onTimeout$1(TimeoutScheduler.java:104)
	at org.apache.ratis.util.LogUtils.runAndLog(LogUtils.java:50)
	at org.apache.ratis.util.LogUtils$1.run(LogUtils.java:91)
	at java.util.concurrent.Executors$RunnableAdapter.call(Executors.java:511)
	at java.util.concurrent.FutureTask.run(FutureTask.java:266)
	at java.util.concurrent.ScheduledThreadPoolExecutor$ScheduledFutureTask.access$201(ScheduledThreadPoolExecutor.java:180)
	at java.util.concurrent.ScheduledThreadPoolExecutor$ScheduledFutureTask.run(ScheduledThreadPoolExecutor.java:293)
	at java.util.concurrent.ThreadPoolExecutor.runWorker(ThreadPoolExecutor.java:1149)
	at java.util.concurrent.ThreadPoolExecutor$Worker.run(ThreadPoolExecutor.java:624)
	at java.lang.Thread.run(Thread.java:748)

Jul 13, 2019 7:39:35 AM org.apache.ratis.thirdparty.io.grpc.internal.ManagedChannelOrphanWrapper$ManagedChannelReference cleanQueue
SEVERE: *~*~*~ Channel ManagedChannelImpl{logId=2748, target=192.168.69.84:39724} was not shutdown properly!!! ~*~*~*
    Make sure to call shutdown()/shutdownNow() and wait until awaitTermination() returns true.
java.lang.RuntimeException: ManagedChannel allocation site
	at org.apache.ratis.thirdparty.io.grpc.internal.ManagedChannelOrphanWrapper$ManagedChannelReference.<init>(ManagedChannelOrphanWrapper.java:103)
	at org.apache.ratis.thirdparty.io.grpc.internal.ManagedChannelOrphanWrapper.<init>(ManagedChannelOrphanWrapper.java:53)
	at org.apache.ratis.thirdparty.io.grpc.internal.ManagedChannelOrphanWrapper.<init>(ManagedChannelOrphanWrapper.java:44)
	at org.apache.ratis.thirdparty.io.grpc.internal.AbstractManagedChannelImplBuilder.build(AbstractManagedChannelImplBuilder.java:411)
	at org.apache.ratis.grpc.client.GrpcClientProtocolClient.<init>(GrpcClientProtocolClient.java:119)
	at org.apache.ratis.grpc.client.GrpcClientRpc.lambda$new$0(GrpcClientRpc.java:55)
	at org.apache.ratis.util.PeerProxyMap$PeerAndProxy.lambda$getProxy$0(PeerProxyMap.java:61)
	at org.apache.ratis.util.LifeCycle.startAndTransition(LifeCycle.java:202)
	at org.apache.ratis.util.PeerProxyMap$PeerAndProxy.getProxy(PeerProxyMap.java:60)
	at org.apache.ratis.util.PeerProxyMap.getProxy(PeerProxyMap.java:107)
	at org.apache.ratis.grpc.client.GrpcClientRpc.sendRequestAsync(GrpcClientRpc.java:66)
	at org.apache.ratis.client.impl.OrderedAsync.sendRequest(OrderedAsync.java:208)
	at org.apache.ratis.client.impl.OrderedAsync.sendRequestWithRetry(OrderedAsync.java:169)
	at org.apache.ratis.util.SlidingWindow$Client.sendOrDelayRequest(SlidingWindow.java:278)
	at org.apache.ratis.util.SlidingWindow$Client.submitNewRequest(SlidingWindow.java:257)
	at org.apache.ratis.client.impl.OrderedAsync.send(OrderedAsync.java:155)
	at org.apache.ratis.client.impl.RaftClientImpl.sendAsync(RaftClientImpl.java:145)
	at org.apache.ratis.client.impl.RaftClientImpl.sendAsync(RaftClientImpl.java:125)
	at org.apache.hadoop.hdds.scm.XceiverClientRatis.sendRequestAsync(XceiverClientRatis.java:224)
	at org.apache.hadoop.hdds.scm.XceiverClientRatis.sendCommandAsync(XceiverClientRatis.java:302)
	at org.apache.hadoop.hdds.scm.storage.ContainerProtocolCalls.writeChunkAsync(ContainerProtocolCalls.java:310)
	at org.apache.hadoop.hdds.scm.storage.BlockOutputStream.writeChunkToContainer(BlockOutputStream.java:610)
	at org.apache.hadoop.hdds.scm.storage.BlockOutputStream.writeChunk(BlockOutputStream.java:467)
	at org.apache.hadoop.hdds.scm.storage.BlockOutputStream.writeOnRetry(BlockOutputStream.java:293)
	at org.apache.hadoop.ozone.client.io.BlockOutputStreamEntry.writeOnRetry(BlockOutputStreamEntry.java:200)
	at org.apache.hadoop.ozone.client.io.KeyOutputStream.handleWrite(KeyOutputStream.java:209)
	at org.apache.hadoop.ozone.client.io.KeyOutputStream.handleRetry(KeyOutputStream.java:376)
	at org.apache.hadoop.ozone.client.io.KeyOutputStream.handleException(KeyOutputStream.java:325)
	at org.apache.hadoop.ozone.client.io.KeyOutputStream.handleFlushOrClose(KeyOutputStream.java:448)
	at org.apache.hadoop.ozone.client.io.KeyOutputStream.handleWrite(KeyOutputStream.java:235)
	at org.apache.hadoop.ozone.client.io.KeyOutputStream.write(KeyOutputStream.java:193)
	at org.apache.hadoop.ozone.client.io.OzoneOutputStream.write(OzoneOutputStream.java:49)
	at java.io.OutputStream.write(OutputStream.java:75)
	at org.apache.hadoop.ozone.client.rpc.TestBlockOutputStreamWithFailures.testWatchForCommitWithSingleNodeRatis(TestBlockOutputStreamWithFailures.java:881)
	at sun.reflect.NativeMethodAccessorImpl.invoke0(Native Method)
	at sun.reflect.NativeMethodAccessorImpl.invoke(NativeMethodAccessorImpl.java:62)
	at sun.reflect.DelegatingMethodAccessorImpl.invoke(DelegatingMethodAccessorImpl.java:43)
	at java.lang.reflect.Method.invoke(Method.java:498)
	at org.junit.runners.model.FrameworkMethod$1.runReflectiveCall(FrameworkMethod.java:47)
	at org.junit.internal.runners.model.ReflectiveCallable.run(ReflectiveCallable.java:12)
	at org.junit.runners.model.FrameworkMethod.invokeExplosively(FrameworkMethod.java:44)
	at org.junit.internal.runners.statements.InvokeMethod.evaluate(InvokeMethod.java:17)
	at org.junit.internal.runners.statements.RunBefores.evaluate(RunBefores.java:26)
	at org.junit.internal.runners.statements.RunAfters.evaluate(RunAfters.java:27)
	at org.junit.runners.ParentRunner.runLeaf(ParentRunner.java:271)
	at org.junit.runners.BlockJUnit4ClassRunner.runChild(BlockJUnit4ClassRunner.java:70)
	at org.junit.runners.BlockJUnit4ClassRunner.runChild(BlockJUnit4ClassRunner.java:50)
	at org.junit.runners.ParentRunner$3.run(ParentRunner.java:238)
	at org.junit.runners.ParentRunner$1.schedule(ParentRunner.java:63)
	at org.junit.runners.ParentRunner.runChildren(ParentRunner.java:236)
	at org.junit.runners.ParentRunner.access$000(ParentRunner.java:53)
	at org.junit.runners.ParentRunner$2.evaluate(ParentRunner.java:229)
	at org.junit.runners.ParentRunner.run(ParentRunner.java:309)
	at org.apache.maven.surefire.junit4.JUnit4Provider.execute(JUnit4Provider.java:365)
	at org.apache.maven.surefire.junit4.JUnit4Provider.executeWithRerun(JUnit4Provider.java:273)
	at org.apache.maven.surefire.junit4.JUnit4Provider.executeTestSet(JUnit4Provider.java:238)
	at org.apache.maven.surefire.junit4.JUnit4Provider.invoke(JUnit4Provider.java:159)
	at org.apache.maven.surefire.booter.ForkedBooter.invokeProviderInSameClassLoader(ForkedBooter.java:384)
	at org.apache.maven.surefire.booter.ForkedBooter.runSuitesInProcess(ForkedBooter.java:345)
	at org.apache.maven.surefire.booter.ForkedBooter.execute(ForkedBooter.java:126)
	at org.apache.maven.surefire.booter.ForkedBooter.main(ForkedBooter.java:418)

]]></system-err>
  </testcase>
  <testcase name="testFailureWithPrimeSizedData" classname="org.apache.hadoop.ozone.client.rpc.TestBlockOutputStreamWithFailures" time="34.864">
    <error type="java.lang.IllegalArgumentException">java.lang.IllegalArgumentException
	at com.google.common.base.Preconditions.checkArgument(Preconditions.java:72)
	at org.apache.hadoop.hdds.scm.XceiverClientManager.acquireClient(XceiverClientManager.java:150)
	at org.apache.hadoop.hdds.scm.XceiverClientManager.acquireClientForReadData(XceiverClientManager.java:143)
	at org.apache.hadoop.hdds.scm.storage.BlockInputStream.getChunkInfos(BlockInputStream.java:154)
	at org.apache.hadoop.hdds.scm.storage.BlockInputStream.initialize(BlockInputStream.java:118)
	at org.apache.hadoop.hdds.scm.storage.BlockInputStream.read(BlockInputStream.java:222)
	at org.apache.hadoop.ozone.client.io.KeyInputStream.read(KeyInputStream.java:171)
	at org.apache.hadoop.ozone.client.io.OzoneInputStream.read(OzoneInputStream.java:47)
	at java.io.InputStream.read(InputStream.java:101)
	at org.apache.hadoop.ozone.container.ContainerTestHelper.validateData(ContainerTestHelper.java:709)
	at org.apache.hadoop.ozone.client.rpc.TestBlockOutputStreamWithFailures.validateData(TestBlockOutputStreamWithFailures.java:1212)
	at org.apache.hadoop.ozone.client.rpc.TestBlockOutputStreamWithFailures.testFailureWithPrimeSizedData(TestBlockOutputStreamWithFailures.java:658)
	at sun.reflect.NativeMethodAccessorImpl.invoke0(Native Method)
	at sun.reflect.NativeMethodAccessorImpl.invoke(NativeMethodAccessorImpl.java:62)
	at sun.reflect.DelegatingMethodAccessorImpl.invoke(DelegatingMethodAccessorImpl.java:43)
	at java.lang.reflect.Method.invoke(Method.java:498)
	at org.junit.runners.model.FrameworkMethod$1.runReflectiveCall(FrameworkMethod.java:47)
	at org.junit.internal.runners.model.ReflectiveCallable.run(ReflectiveCallable.java:12)
	at org.junit.runners.model.FrameworkMethod.invokeExplosively(FrameworkMethod.java:44)
	at org.junit.internal.runners.statements.InvokeMethod.evaluate(InvokeMethod.java:17)
	at org.junit.internal.runners.statements.RunBefores.evaluate(RunBefores.java:26)
	at org.junit.internal.runners.statements.RunAfters.evaluate(RunAfters.java:27)
	at org.junit.runners.ParentRunner.runLeaf(ParentRunner.java:271)
	at org.junit.runners.BlockJUnit4ClassRunner.runChild(BlockJUnit4ClassRunner.java:70)
	at org.junit.runners.BlockJUnit4ClassRunner.runChild(BlockJUnit4ClassRunner.java:50)
	at org.junit.runners.ParentRunner$3.run(ParentRunner.java:238)
	at org.junit.runners.ParentRunner$1.schedule(ParentRunner.java:63)
	at org.junit.runners.ParentRunner.runChildren(ParentRunner.java:236)
	at org.junit.runners.ParentRunner.access$000(ParentRunner.java:53)
	at org.junit.runners.ParentRunner$2.evaluate(ParentRunner.java:229)
	at org.junit.runners.ParentRunner.run(ParentRunner.java:309)
	at org.apache.maven.surefire.junit4.JUnit4Provider.execute(JUnit4Provider.java:365)
	at org.apache.maven.surefire.junit4.JUnit4Provider.executeWithRerun(JUnit4Provider.java:273)
	at org.apache.maven.surefire.junit4.JUnit4Provider.executeTestSet(JUnit4Provider.java:238)
	at org.apache.maven.surefire.junit4.JUnit4Provider.invoke(JUnit4Provider.java:159)
	at org.apache.maven.surefire.booter.ForkedBooter.invokeProviderInSameClassLoader(ForkedBooter.java:384)
	at org.apache.maven.surefire.booter.ForkedBooter.runSuitesInProcess(ForkedBooter.java:345)
	at org.apache.maven.surefire.booter.ForkedBooter.execute(ForkedBooter.java:126)
	at org.apache.maven.surefire.booter.ForkedBooter.main(ForkedBooter.java:418)
</error>
    <system-out><![CDATA[2019-07-13 07:40:13,413 WARN  server.ServerUtils (ServerUtils.java:getScmDbDir(145)) - ozone.scm.db.dirs is not configured. We recommend adding this setting. Falling back to ozone.metadata.dirs instead.
2019-07-13 07:40:13,435 WARN  server.ServerUtils (ServerUtils.java:getScmDbDir(145)) - ozone.scm.db.dirs is not configured. We recommend adding this setting. Falling back to ozone.metadata.dirs instead.
2019-07-13 07:40:13,435 WARN  server.ServerUtils (ServerUtils.java:getScmDbDir(145)) - ozone.scm.db.dirs is not configured. We recommend adding this setting. Falling back to ozone.metadata.dirs instead.
2019-07-13 07:40:13,436 INFO  db.DBStoreBuilder (DBStoreBuilder.java:addTable(110)) - using custom profile for table: deletedBlocks
2019-07-13 07:40:13,436 INFO  db.DBStoreBuilder (DBStoreBuilder.java:processTables(161)) - Using default column profile:DBProfile.DISK for Table:deletedBlocks
2019-07-13 07:40:13,436 INFO  db.DBStoreBuilder (DBStoreBuilder.java:addTable(110)) - using custom profile for table: validCerts
2019-07-13 07:40:13,436 INFO  db.DBStoreBuilder (DBStoreBuilder.java:processTables(161)) - Using default column profile:DBProfile.DISK for Table:validCerts
2019-07-13 07:40:13,437 INFO  db.DBStoreBuilder (DBStoreBuilder.java:addTable(110)) - using custom profile for table: revokedCerts
2019-07-13 07:40:13,437 INFO  db.DBStoreBuilder (DBStoreBuilder.java:processTables(161)) - Using default column profile:DBProfile.DISK for Table:revokedCerts
2019-07-13 07:40:13,437 INFO  db.DBStoreBuilder (DBStoreBuilder.java:addTable(110)) - using custom profile for table: default
2019-07-13 07:40:13,437 INFO  db.DBStoreBuilder (DBStoreBuilder.java:processTables(167)) - Using default column profile:DBProfile.DISK for Table:default
2019-07-13 07:40:13,438 INFO  db.DBStoreBuilder (DBStoreBuilder.java:getDbProfile(198)) - Using default options. DBProfile.DISK
2019-07-13 07:40:13,643 INFO  net.NodeSchemaLoader (NodeSchemaLoader.java:loadSchemaFromFile(125)) - Loading file from sun.misc.CompoundEnumeration@610115e8
2019-07-13 07:40:13,643 INFO  net.NodeSchemaLoader (NodeSchemaLoader.java:loadSchema(171)) - Loading network topology layer schema file
2019-07-13 07:40:13,649 INFO  node.SCMNodeManager (SCMNodeManager.java:<init>(119)) - Entering startup safe mode.
2019-07-13 07:40:13,650 WARN  server.ServerUtils (ServerUtils.java:getScmDbDir(145)) - ozone.scm.db.dirs is not configured. We recommend adding this setting. Falling back to ozone.metadata.dirs instead.
2019-07-13 07:40:13,670 INFO  pipeline.SCMPipelineManager (SCMPipelineManager.java:initializePipelineState(126)) - No pipeline exists in current db
2019-07-13 07:40:13,670 WARN  server.ServerUtils (ServerUtils.java:getScmDbDir(145)) - ozone.scm.db.dirs is not configured. We recommend adding this setting. Falling back to ozone.metadata.dirs instead.
2019-07-13 07:40:13,718 WARN  events.EventQueue (EventQueue.java:fireEvent(175)) - No event handler registered for event TypedEvent{payloadType=SafeModeStatus, name='SafeModeStatus'}
2019-07-13 07:40:13,719 INFO  ipc.CallQueueManager (CallQueueManager.java:<init>(84)) - Using callQueue: class java.util.concurrent.LinkedBlockingQueue, queueCapacity: 2000, scheduler: class org.apache.hadoop.ipc.DefaultRpcScheduler, ipcBackoff: false.
2019-07-13 07:40:13,720 INFO  ipc.Server (Server.java:run(1074)) - Starting Socket Reader #1 for port 38407
2019-07-13 07:40:13,721 INFO  ipc.CallQueueManager (CallQueueManager.java:<init>(84)) - Using callQueue: class java.util.concurrent.LinkedBlockingQueue, queueCapacity: 2000, scheduler: class org.apache.hadoop.ipc.DefaultRpcScheduler, ipcBackoff: false.
2019-07-13 07:40:13,723 INFO  ipc.Server (Server.java:run(1074)) - Starting Socket Reader #1 for port 46653
2019-07-13 07:40:13,724 INFO  ipc.CallQueueManager (CallQueueManager.java:<init>(84)) - Using callQueue: class java.util.concurrent.LinkedBlockingQueue, queueCapacity: 2000, scheduler: class org.apache.hadoop.ipc.DefaultRpcScheduler, ipcBackoff: false.
2019-07-13 07:40:13,725 INFO  ipc.Server (Server.java:run(1074)) - Starting Socket Reader #1 for port 44272
2019-07-13 07:40:13,731 INFO  hdfs.DFSUtil (DFSUtil.java:httpServerTemplateForNNAndJN(1641)) - Starting Web-server for scm at: http://0.0.0.0:0
2019-07-13 07:40:13,735 INFO  server.AuthenticationFilter (AuthenticationFilter.java:constructSecretProvider(240)) - Unable to initialize FileSignerSecretProvider, falling back to use random secrets.
2019-07-13 07:40:13,736 WARN  http.HttpRequestLog (HttpRequestLog.java:getRequestLog(97)) - Jetty request log can only be enabled using Log4j
2019-07-13 07:40:13,738 INFO  http.HttpServer2 (HttpServer2.java:addGlobalFilter(975)) - Added global filter 'safety' (class=org.apache.hadoop.http.HttpServer2$QuotingInputFilter)
2019-07-13 07:40:13,739 INFO  http.HttpServer2 (HttpServer2.java:addFilter(948)) - Added filter static_user_filter (class=org.apache.hadoop.http.lib.StaticUserWebFilter$StaticUserFilter) to context scm
2019-07-13 07:40:13,739 INFO  http.HttpServer2 (HttpServer2.java:addFilter(958)) - Added filter static_user_filter (class=org.apache.hadoop.http.lib.StaticUserWebFilter$StaticUserFilter) to context logs
2019-07-13 07:40:13,740 INFO  http.HttpServer2 (HttpServer2.java:addFilter(958)) - Added filter static_user_filter (class=org.apache.hadoop.http.lib.StaticUserWebFilter$StaticUserFilter) to context static
2019-07-13 07:40:13,742 INFO  server.StorageContainerManager (StorageContainerManager.java:start(759)) - StorageContainerLocationProtocol RPC server is listening at /0.0.0.0:44272
2019-07-13 07:40:13,744 WARN  impl.MetricsConfig (MetricsConfig.java:loadFirst(134)) - Cannot locate configuration: tried hadoop-metrics2-storagecontainermanager.properties,hadoop-metrics2.properties
2019-07-13 07:40:13,745 INFO  impl.MetricsSystemImpl (MetricsSystemImpl.java:startTimer(374)) - Scheduled Metric snapshot period at 10 second(s).
2019-07-13 07:40:13,745 INFO  impl.MetricsSystemImpl (MetricsSystemImpl.java:start(191)) - StorageContainerManager metrics system started
2019-07-13 07:40:13,807 INFO  server.SCMClientProtocolServer (SCMClientProtocolServer.java:start(149)) - RPC server for Client  is listening at /0.0.0.0:44272
2019-07-13 07:40:13,808 INFO  ipc.Server (Server.java:run(1314)) - IPC Server Responder: starting
2019-07-13 07:40:13,808 INFO  ipc.Server (Server.java:run(1153)) - IPC Server listener on 44272: starting
2019-07-13 07:40:13,813 INFO  server.StorageContainerManager (StorageContainerManager.java:start(768)) - ScmBlockLocationProtocol RPC server is listening at /0.0.0.0:46653
2019-07-13 07:40:13,813 INFO  server.SCMBlockProtocolServer (SCMBlockProtocolServer.java:start(140)) - RPC server for Block Protocol is listening at /0.0.0.0:46653
2019-07-13 07:40:13,813 INFO  ipc.Server (Server.java:run(1314)) - IPC Server Responder: starting
2019-07-13 07:40:13,814 INFO  ipc.Server (Server.java:run(1153)) - IPC Server listener on 46653: starting
2019-07-13 07:40:13,817 INFO  server.StorageContainerManager (StorageContainerManager.java:start(772)) - ScmDatanodeProtocl RPC server is listening at /0.0.0.0:38407
2019-07-13 07:40:13,818 INFO  server.SCMDatanodeProtocolServer (SCMDatanodeProtocolServer.java:start(191)) - RPC server for DataNodes is listening at /0.0.0.0:38407
2019-07-13 07:40:13,818 INFO  ipc.Server (Server.java:run(1314)) - IPC Server Responder: starting
2019-07-13 07:40:13,818 INFO  ipc.Server (Server.java:run(1153)) - IPC Server listener on 38407: starting
2019-07-13 07:40:13,826 INFO  http.HttpServer2 (HttpServer2.java:bindListener(1191)) - Jetty bound to port 37163
2019-07-13 07:40:13,826 INFO  server.Server (Server.java:doStart(351)) - jetty-9.3.24.v20180605, build timestamp: 2018-06-05T17:11:56Z, git hash: 84205aa28f11a4f31f2a3b86d1bba2cc8ab69827
2019-07-13 07:40:13,828 INFO  handler.ContextHandler (ContextHandler.java:doStart(781)) - Started o.e.j.s.ServletContextHandler@297db6ad{/logs,file:///tmp/workdir/hadoop-ozone/integration-test/target/log,AVAILABLE}
2019-07-13 07:40:13,828 INFO  handler.ContextHandler (ContextHandler.java:doStart(781)) - Started o.e.j.s.ServletContextHandler@1469015e{/static,file:///tmp/workdir/hadoop-ozone/integration-test/target/test-classes/webapps/static,AVAILABLE}
2019-07-13 07:40:13,833 INFO  handler.ContextHandler (ContextHandler.java:doStart(781)) - Started o.e.j.w.WebAppContext@a49995f{/,file:///tmp/workdir/hadoop-ozone/integration-test/target/test-classes/webapps/scm/,AVAILABLE}{/scm}
2019-07-13 07:40:13,833 INFO  server.AbstractConnector (AbstractConnector.java:doStart(278)) - Started ServerConnector@2cb95c6c{HTTP/1.1,[http/1.1]}{0.0.0.0:37163}
2019-07-13 07:40:13,834 INFO  server.Server (Server.java:doStart(419)) - Started @637376ms
2019-07-13 07:40:13,837 INFO  server.BaseHttpServer (BaseHttpServer.java:updateConnectorAddress(207)) - HTTP server of SCM is listening at http://0.0.0.0:37163
2019-07-13 07:40:13,838 WARN  server.ServerUtils (ServerUtils.java:getDBPath(222)) - ozone.om.db.dirs is not configured. We recommend adding this setting. Falling back to ozone.metadata.dirs instead.
2019-07-13 07:40:13,838 INFO  util.JvmPauseMonitor (JvmPauseMonitor.java:run(188)) - Starting JVM pause monitor
2019-07-13 07:40:13,863 WARN  server.ServerUtils (ServerUtils.java:getDBPath(222)) - ozone.om.db.dirs is not configured. We recommend adding this setting. Falling back to ozone.metadata.dirs instead.
2019-07-13 07:40:13,864 INFO  om.OzoneManager (OzoneManager.java:setOMNodeDetails(630)) - OM Service ID is not set. Setting it to the default ID: omServiceIdDefault
2019-07-13 07:40:13,864 INFO  om.OzoneManager (OzoneManager.java:setOMNodeDetails(636)) - OM Node ID is not set. Setting it to the OmStorage's OmID: 8f0a1675-0818-4786-ab16-4966dbf19d60
2019-07-13 07:40:13,864 INFO  om.OzoneManager (OzoneManager.java:loadOMHAConfigs(587)) - Found matching OM address with OMServiceId: null, OMNodeId: null, RPC Address: localhost:0 and Ratis port: 9872
2019-07-13 07:40:13,871 WARN  server.ServerUtils (ServerUtils.java:getDBPath(222)) - ozone.om.db.dirs is not configured. We recommend adding this setting. Falling back to ozone.metadata.dirs instead.
2019-07-13 07:40:13,872 INFO  db.DBStoreBuilder (DBStoreBuilder.java:addTable(110)) - using custom profile for table: userTable
2019-07-13 07:40:13,872 INFO  db.DBStoreBuilder (DBStoreBuilder.java:processTables(161)) - Using default column profile:DBProfile.DISK for Table:userTable
2019-07-13 07:40:13,872 INFO  db.DBStoreBuilder (DBStoreBuilder.java:addTable(110)) - using custom profile for table: volumeTable
2019-07-13 07:40:13,872 INFO  db.DBStoreBuilder (DBStoreBuilder.java:processTables(161)) - Using default column profile:DBProfile.DISK for Table:volumeTable
2019-07-13 07:40:13,873 INFO  db.DBStoreBuilder (DBStoreBuilder.java:addTable(110)) - using custom profile for table: bucketTable
2019-07-13 07:40:13,873 INFO  db.DBStoreBuilder (DBStoreBuilder.java:processTables(161)) - Using default column profile:DBProfile.DISK for Table:bucketTable
2019-07-13 07:40:13,873 INFO  db.DBStoreBuilder (DBStoreBuilder.java:addTable(110)) - using custom profile for table: keyTable
2019-07-13 07:40:13,873 INFO  db.DBStoreBuilder (DBStoreBuilder.java:processTables(161)) - Using default column profile:DBProfile.DISK for Table:keyTable
2019-07-13 07:40:13,873 INFO  db.DBStoreBuilder (DBStoreBuilder.java:addTable(110)) - using custom profile for table: deletedTable
2019-07-13 07:40:13,874 INFO  db.DBStoreBuilder (DBStoreBuilder.java:processTables(161)) - Using default column profile:DBProfile.DISK for Table:deletedTable
2019-07-13 07:40:13,874 INFO  db.DBStoreBuilder (DBStoreBuilder.java:addTable(110)) - using custom profile for table: openKeyTable
2019-07-13 07:40:13,874 INFO  db.DBStoreBuilder (DBStoreBuilder.java:processTables(161)) - Using default column profile:DBProfile.DISK for Table:openKeyTable
2019-07-13 07:40:13,874 INFO  db.DBStoreBuilder (DBStoreBuilder.java:addTable(110)) - using custom profile for table: s3Table
2019-07-13 07:40:13,875 INFO  db.DBStoreBuilder (DBStoreBuilder.java:processTables(161)) - Using default column profile:DBProfile.DISK for Table:s3Table
2019-07-13 07:40:13,875 INFO  db.DBStoreBuilder (DBStoreBuilder.java:addTable(110)) - using custom profile for table: multipartInfoTable
2019-07-13 07:40:13,875 INFO  db.DBStoreBuilder (DBStoreBuilder.java:processTables(161)) - Using default column profile:DBProfile.DISK for Table:multipartInfoTable
2019-07-13 07:40:13,875 INFO  db.DBStoreBuilder (DBStoreBuilder.java:addTable(110)) - using custom profile for table: dTokenTable
2019-07-13 07:40:13,875 INFO  db.DBStoreBuilder (DBStoreBuilder.java:processTables(161)) - Using default column profile:DBProfile.DISK for Table:dTokenTable
2019-07-13 07:40:13,876 INFO  db.DBStoreBuilder (DBStoreBuilder.java:addTable(110)) - using custom profile for table: s3SecretTable
2019-07-13 07:40:13,876 INFO  db.DBStoreBuilder (DBStoreBuilder.java:processTables(161)) - Using default column profile:DBProfile.DISK for Table:s3SecretTable
2019-07-13 07:40:13,876 INFO  db.DBStoreBuilder (DBStoreBuilder.java:addTable(110)) - using custom profile for table: prefixTable
2019-07-13 07:40:13,876 INFO  db.DBStoreBuilder (DBStoreBuilder.java:processTables(161)) - Using default column profile:DBProfile.DISK for Table:prefixTable
2019-07-13 07:40:13,876 INFO  db.DBStoreBuilder (DBStoreBuilder.java:addTable(110)) - using custom profile for table: default
2019-07-13 07:40:13,877 INFO  db.DBStoreBuilder (DBStoreBuilder.java:processTables(167)) - Using default column profile:DBProfile.DISK for Table:default
2019-07-13 07:40:13,877 INFO  db.DBStoreBuilder (DBStoreBuilder.java:getDbProfile(198)) - Using default options. DBProfile.DISK
2019-07-13 07:40:14,415 INFO  ipc.CallQueueManager (CallQueueManager.java:<init>(84)) - Using callQueue: class java.util.concurrent.LinkedBlockingQueue, queueCapacity: 2000, scheduler: class org.apache.hadoop.ipc.DefaultRpcScheduler, ipcBackoff: false.
2019-07-13 07:40:14,416 INFO  ipc.Server (Server.java:run(1074)) - Starting Socket Reader #1 for port 34172
2019-07-13 07:40:14,435 WARN  server.ServerUtils (ServerUtils.java:getDBPath(222)) - ozone.om.db.dirs is not configured. We recommend adding this setting. Falling back to ozone.metadata.dirs instead.
2019-07-13 07:40:14,435 INFO  om.OzoneManager (OzoneManager.java:start(1228)) - OzoneManager RPC server is listening at localhost/127.0.0.1:34172
2019-07-13 07:40:14,435 INFO  impl.MetricsSystemImpl (MetricsSystemImpl.java:init(158)) - OzoneManager metrics system started (again)
2019-07-13 07:40:14,436 INFO  ipc.Server (Server.java:run(1314)) - IPC Server Responder: starting
2019-07-13 07:40:14,436 INFO  ipc.Server (Server.java:run(1153)) - IPC Server listener on 34172: starting
2019-07-13 07:40:14,442 INFO  hdfs.DFSUtil (DFSUtil.java:httpServerTemplateForNNAndJN(1641)) - Starting Web-server for ozoneManager at: http://0.0.0.0:0
2019-07-13 07:40:14,444 INFO  server.AuthenticationFilter (AuthenticationFilter.java:constructSecretProvider(240)) - Unable to initialize FileSignerSecretProvider, falling back to use random secrets.
2019-07-13 07:40:14,445 WARN  http.HttpRequestLog (HttpRequestLog.java:getRequestLog(97)) - Jetty request log can only be enabled using Log4j
2019-07-13 07:40:14,447 INFO  http.HttpServer2 (HttpServer2.java:addGlobalFilter(975)) - Added global filter 'safety' (class=org.apache.hadoop.http.HttpServer2$QuotingInputFilter)
2019-07-13 07:40:14,447 INFO  http.HttpServer2 (HttpServer2.java:addFilter(948)) - Added filter static_user_filter (class=org.apache.hadoop.http.lib.StaticUserWebFilter$StaticUserFilter) to context ozoneManager
2019-07-13 07:40:14,448 INFO  http.HttpServer2 (HttpServer2.java:addFilter(958)) - Added filter static_user_filter (class=org.apache.hadoop.http.lib.StaticUserWebFilter$StaticUserFilter) to context logs
2019-07-13 07:40:14,448 INFO  http.HttpServer2 (HttpServer2.java:addFilter(958)) - Added filter static_user_filter (class=org.apache.hadoop.http.lib.StaticUserWebFilter$StaticUserFilter) to context static
2019-07-13 07:40:14,449 INFO  http.HttpServer2 (HttpServer2.java:bindListener(1191)) - Jetty bound to port 41974
2019-07-13 07:40:14,449 INFO  server.Server (Server.java:doStart(351)) - jetty-9.3.24.v20180605, build timestamp: 2018-06-05T17:11:56Z, git hash: 84205aa28f11a4f31f2a3b86d1bba2cc8ab69827
2019-07-13 07:40:14,451 INFO  handler.ContextHandler (ContextHandler.java:doStart(781)) - Started o.e.j.s.ServletContextHandler@74307afd{/logs,file:///tmp/workdir/hadoop-ozone/integration-test/target/log,AVAILABLE}
2019-07-13 07:40:14,451 INFO  handler.ContextHandler (ContextHandler.java:doStart(781)) - Started o.e.j.s.ServletContextHandler@9a932a4{/static,file:///tmp/workdir/hadoop-ozone/integration-test/target/test-classes/webapps/static,AVAILABLE}
2019-07-13 07:40:14,456 INFO  handler.ContextHandler (ContextHandler.java:doStart(781)) - Started o.e.j.w.WebAppContext@748015f8{/,file:///tmp/workdir/hadoop-ozone/integration-test/target/test-classes/webapps/ozoneManager/,AVAILABLE}{/ozoneManager}
2019-07-13 07:40:14,457 INFO  server.AbstractConnector (AbstractConnector.java:doStart(278)) - Started ServerConnector@140e003e{HTTP/1.1,[http/1.1]}{0.0.0.0:41974}
2019-07-13 07:40:14,458 INFO  server.Server (Server.java:doStart(419)) - Started @638000ms
2019-07-13 07:40:14,459 INFO  server.BaseHttpServer (BaseHttpServer.java:updateConnectorAddress(207)) - HTTP server of OZONEMANAGER is listening at http://0.0.0.0:41974
2019-07-13 07:40:14,475 INFO  impl.MetricsSystemImpl (MetricsSystemImpl.java:init(158)) - HddsDatanode metrics system started (again)
2019-07-13 07:40:14,475 INFO  ozone.HddsDatanodeService (HddsDatanodeService.java:start(185)) - HddsDatanodeService host:trunk-nightly-9lh4p-2362225927 ip:192.168.69.84
2019-07-13 07:40:14,489 INFO  volume.HddsVolume (HddsVolume.java:<init>(176)) - Creating Volume: /tmp/workdir/hadoop-ozone/integration-test/target/test-dir/MiniOzoneClusterImpl-01fa958e-82b6-4203-8555-4362ad9f609d/datanode-0/data/containers/hdds of  storage type : DISK and capacity : 52710309888
2019-07-13 07:40:14,489 INFO  volume.VolumeSet (VolumeSet.java:initializeVolumeSet(170)) - Added Volume : /tmp/workdir/hadoop-ozone/integration-test/target/test-dir/MiniOzoneClusterImpl-01fa958e-82b6-4203-8555-4362ad9f609d/datanode-0/data/containers/hdds to VolumeSet
2019-07-13 07:40:14,489 INFO  volume.ThrottledAsyncChecker (ThrottledAsyncChecker.java:schedule(140)) - Scheduling a check for org.apache.hadoop.ozone.container.common.volume.HddsVolume@6ee0ef34
2019-07-13 07:40:14,490 INFO  volume.HddsVolumeChecker (HddsVolumeChecker.java:checkAllVolumes(203)) - Scheduled health check for volume org.apache.hadoop.ozone.container.common.volume.HddsVolume@6ee0ef34
2019-07-13 07:40:14,508 INFO  impl.RaftServerProxy (ConfUtils.java:logGet(43)) - raft.rpc.type = GRPC (default)
2019-07-13 07:40:14,509 INFO  grpc.GrpcFactory (GrpcFactory.java:checkPooledByteBufAllocatorUseCacheForAllThreads(45)) - PERFORMANCE WARNING: useCacheForAllThreads is true that may cause Netty to create a lot garbage objects and, as a result, trigger GC.
	It is recommended to disable useCacheForAllThreads by setting -Dorg.apache.ratis.thirdparty.io.netty.allocator.useCacheForAllThreads=false in command line.
2019-07-13 07:40:14,509 INFO  grpc.GrpcConfigKeys$Server (ConfUtils.java:logGet(43)) - raft.grpc.server.port = 0 (default)
2019-07-13 07:40:14,509 INFO  server.GrpcService (ConfUtils.java:logGet(43)) - raft.grpc.message.size.max = 33570816 (custom)
2019-07-13 07:40:14,509 INFO  server.RaftServerConfigKeys (ConfUtils.java:logGet(43)) - raft.server.log.appender.buffer.byte-limit = 33554432 (custom)
2019-07-13 07:40:14,510 INFO  server.GrpcService (ConfUtils.java:logGet(43)) - raft.grpc.flow.control.window = 1MB (=1048576) (default)
2019-07-13 07:40:14,510 INFO  server.RaftServerConfigKeys (ConfUtils.java:logGet(43)) - raft.server.rpc.request.timeout = 3000ms (default)
2019-07-13 07:40:14,510 INFO  server.RaftServerConfigKeys (ConfUtils.java:logGet(43)) - raft.server.storage.dir = [/tmp/workdir/hadoop-ozone/integration-test/target/test-dir/MiniOzoneClusterImpl-01fa958e-82b6-4203-8555-4362ad9f609d/datanode-0/data/ratis] (custom)
2019-07-13 07:40:14,511 INFO  replication.SimpleContainerDownloader (SimpleContainerDownloader.java:<init>(72)) - Starting container downloader service to copy containers to replicate.
2019-07-13 07:40:14,512 INFO  hdfs.DFSUtil (DFSUtil.java:httpServerTemplateForNNAndJN(1641)) - Starting Web-server for hddsDatanode at: http://0.0.0.0:0
2019-07-13 07:40:14,514 INFO  server.AuthenticationFilter (AuthenticationFilter.java:constructSecretProvider(240)) - Unable to initialize FileSignerSecretProvider, falling back to use random secrets.
2019-07-13 07:40:14,514 WARN  http.HttpRequestLog (HttpRequestLog.java:getRequestLog(97)) - Jetty request log can only be enabled using Log4j
2019-07-13 07:40:14,516 INFO  http.HttpServer2 (HttpServer2.java:addGlobalFilter(975)) - Added global filter 'safety' (class=org.apache.hadoop.http.HttpServer2$QuotingInputFilter)
2019-07-13 07:40:14,516 INFO  http.HttpServer2 (HttpServer2.java:addFilter(948)) - Added filter static_user_filter (class=org.apache.hadoop.http.lib.StaticUserWebFilter$StaticUserFilter) to context hddsDatanode
2019-07-13 07:40:14,516 INFO  http.HttpServer2 (HttpServer2.java:addFilter(958)) - Added filter static_user_filter (class=org.apache.hadoop.http.lib.StaticUserWebFilter$StaticUserFilter) to context static
2019-07-13 07:40:14,516 INFO  http.HttpServer2 (HttpServer2.java:addFilter(958)) - Added filter static_user_filter (class=org.apache.hadoop.http.lib.StaticUserWebFilter$StaticUserFilter) to context logs
2019-07-13 07:40:14,517 INFO  http.HttpServer2 (HttpServer2.java:bindListener(1191)) - Jetty bound to port 40669
2019-07-13 07:40:14,517 INFO  server.Server (Server.java:doStart(351)) - jetty-9.3.24.v20180605, build timestamp: 2018-06-05T17:11:56Z, git hash: 84205aa28f11a4f31f2a3b86d1bba2cc8ab69827
2019-07-13 07:40:14,519 INFO  handler.ContextHandler (ContextHandler.java:doStart(781)) - Started o.e.j.s.ServletContextHandler@2d492d46{/logs,file:///tmp/workdir/hadoop-ozone/integration-test/target/log,AVAILABLE}
2019-07-13 07:40:14,520 INFO  handler.ContextHandler (ContextHandler.java:doStart(781)) - Started o.e.j.s.ServletContextHandler@50479c2b{/static,jar:file:/home/user/.m2/repository/org/apache/hadoop/hadoop-hdds-container-service/0.5.0-SNAPSHOT/hadoop-hdds-container-service-0.5.0-SNAPSHOT.jar!/webapps/static,AVAILABLE}
2019-07-13 07:40:14,552 INFO  handler.ContextHandler (ContextHandler.java:doStart(781)) - Started o.e.j.w.WebAppContext@38fc2c39{/,file:///tmp/jetty-0.0.0.0-40669-hddsDatanode-_-any-8401463958400122047.dir/webapp/,AVAILABLE}{/hddsDatanode}
2019-07-13 07:40:14,553 INFO  server.AbstractConnector (AbstractConnector.java:doStart(278)) - Started ServerConnector@41fbe8c0{HTTP/1.1,[http/1.1]}{0.0.0.0:40669}
2019-07-13 07:40:14,553 INFO  server.Server (Server.java:doStart(419)) - Started @638094ms
2019-07-13 07:40:14,555 INFO  server.BaseHttpServer (BaseHttpServer.java:updateConnectorAddress(207)) - HTTP server of HDDSDATANODE is listening at http://0.0.0.0:40669
2019-07-13 07:40:14,661 INFO  ozone.HddsDatanodeService (HddsDatanodeService.java:startPlugins(396)) - Started plug-in org.apache.hadoop.ozone.web.OzoneHddsDatanodeService@62e55482
2019-07-13 07:40:14,662 INFO  impl.MetricsSystemImpl (MetricsSystemImpl.java:init(158)) - HddsDatanode metrics system started (again)
2019-07-13 07:40:14,664 INFO  ozone.HddsDatanodeService (HddsDatanodeService.java:start(185)) - HddsDatanodeService host:trunk-nightly-9lh4p-2362225927 ip:192.168.69.84
2019-07-13 07:40:14,665 INFO  util.JvmPauseMonitor (JvmPauseMonitor.java:run(188)) - Starting JVM pause monitor
2019-07-13 07:40:14,666 INFO  datanode.InitDatanodeState (InitDatanodeState.java:persistContainerDatanodeDetails(140)) - DatanodeDetails is persisted to /tmp/workdir/hadoop-ozone/integration-test/target/test-dir/MiniOzoneClusterImpl-01fa958e-82b6-4203-8555-4362ad9f609d/datanode-0/meta/datanode.id
2019-07-13 07:40:14,675 INFO  volume.HddsVolume (HddsVolume.java:<init>(176)) - Creating Volume: /tmp/workdir/hadoop-ozone/integration-test/target/test-dir/MiniOzoneClusterImpl-01fa958e-82b6-4203-8555-4362ad9f609d/datanode-1/data/containers/hdds of  storage type : DISK and capacity : 52710309888
2019-07-13 07:40:14,676 INFO  volume.VolumeSet (VolumeSet.java:initializeVolumeSet(170)) - Added Volume : /tmp/workdir/hadoop-ozone/integration-test/target/test-dir/MiniOzoneClusterImpl-01fa958e-82b6-4203-8555-4362ad9f609d/datanode-1/data/containers/hdds to VolumeSet
2019-07-13 07:40:14,676 INFO  volume.ThrottledAsyncChecker (ThrottledAsyncChecker.java:schedule(140)) - Scheduling a check for org.apache.hadoop.ozone.container.common.volume.HddsVolume@6d4f1a44
2019-07-13 07:40:14,676 INFO  volume.HddsVolumeChecker (HddsVolumeChecker.java:checkAllVolumes(203)) - Scheduled health check for volume org.apache.hadoop.ozone.container.common.volume.HddsVolume@6d4f1a44
2019-07-13 07:40:14,689 INFO  impl.RaftServerProxy (ConfUtils.java:logGet(43)) - raft.rpc.type = GRPC (default)
2019-07-13 07:40:14,689 INFO  grpc.GrpcFactory (GrpcFactory.java:checkPooledByteBufAllocatorUseCacheForAllThreads(45)) - PERFORMANCE WARNING: useCacheForAllThreads is true that may cause Netty to create a lot garbage objects and, as a result, trigger GC.
	It is recommended to disable useCacheForAllThreads by setting -Dorg.apache.ratis.thirdparty.io.netty.allocator.useCacheForAllThreads=false in command line.
2019-07-13 07:40:14,689 INFO  grpc.GrpcConfigKeys$Server (ConfUtils.java:logGet(43)) - raft.grpc.server.port = 0 (default)
2019-07-13 07:40:14,689 INFO  server.GrpcService (ConfUtils.java:logGet(43)) - raft.grpc.message.size.max = 33570816 (custom)
2019-07-13 07:40:14,689 INFO  server.RaftServerConfigKeys (ConfUtils.java:logGet(43)) - raft.server.log.appender.buffer.byte-limit = 33554432 (custom)
2019-07-13 07:40:14,690 INFO  server.GrpcService (ConfUtils.java:logGet(43)) - raft.grpc.flow.control.window = 1MB (=1048576) (default)
2019-07-13 07:40:14,690 INFO  server.RaftServerConfigKeys (ConfUtils.java:logGet(43)) - raft.server.rpc.request.timeout = 3000ms (default)
2019-07-13 07:40:14,690 INFO  server.RaftServerConfigKeys (ConfUtils.java:logGet(43)) - raft.server.storage.dir = [/tmp/workdir/hadoop-ozone/integration-test/target/test-dir/MiniOzoneClusterImpl-01fa958e-82b6-4203-8555-4362ad9f609d/datanode-1/data/ratis] (custom)
2019-07-13 07:40:14,691 INFO  replication.SimpleContainerDownloader (SimpleContainerDownloader.java:<init>(72)) - Starting container downloader service to copy containers to replicate.
2019-07-13 07:40:14,691 INFO  hdfs.DFSUtil (DFSUtil.java:httpServerTemplateForNNAndJN(1641)) - Starting Web-server for hddsDatanode at: http://0.0.0.0:0
2019-07-13 07:40:14,692 INFO  server.AuthenticationFilter (AuthenticationFilter.java:constructSecretProvider(240)) - Unable to initialize FileSignerSecretProvider, falling back to use random secrets.
2019-07-13 07:40:14,693 WARN  http.HttpRequestLog (HttpRequestLog.java:getRequestLog(97)) - Jetty request log can only be enabled using Log4j
2019-07-13 07:40:14,694 INFO  http.HttpServer2 (HttpServer2.java:addGlobalFilter(975)) - Added global filter 'safety' (class=org.apache.hadoop.http.HttpServer2$QuotingInputFilter)
2019-07-13 07:40:14,694 INFO  http.HttpServer2 (HttpServer2.java:addFilter(948)) - Added filter static_user_filter (class=org.apache.hadoop.http.lib.StaticUserWebFilter$StaticUserFilter) to context hddsDatanode
2019-07-13 07:40:14,694 INFO  http.HttpServer2 (HttpServer2.java:addFilter(958)) - Added filter static_user_filter (class=org.apache.hadoop.http.lib.StaticUserWebFilter$StaticUserFilter) to context static
2019-07-13 07:40:14,694 INFO  http.HttpServer2 (HttpServer2.java:addFilter(958)) - Added filter static_user_filter (class=org.apache.hadoop.http.lib.StaticUserWebFilter$StaticUserFilter) to context logs
2019-07-13 07:40:14,695 INFO  http.HttpServer2 (HttpServer2.java:bindListener(1191)) - Jetty bound to port 33976
2019-07-13 07:40:14,695 INFO  server.Server (Server.java:doStart(351)) - jetty-9.3.24.v20180605, build timestamp: 2018-06-05T17:11:56Z, git hash: 84205aa28f11a4f31f2a3b86d1bba2cc8ab69827
2019-07-13 07:40:14,696 INFO  handler.ContextHandler (ContextHandler.java:doStart(781)) - Started o.e.j.s.ServletContextHandler@345effd7{/logs,file:///tmp/workdir/hadoop-ozone/integration-test/target/log,AVAILABLE}
2019-07-13 07:40:14,697 INFO  handler.ContextHandler (ContextHandler.java:doStart(781)) - Started o.e.j.s.ServletContextHandler@2d854c13{/static,jar:file:/home/user/.m2/repository/org/apache/hadoop/hadoop-hdds-container-service/0.5.0-SNAPSHOT/hadoop-hdds-container-service-0.5.0-SNAPSHOT.jar!/webapps/static,AVAILABLE}
2019-07-13 07:40:14,723 INFO  handler.ContextHandler (ContextHandler.java:doStart(781)) - Started o.e.j.w.WebAppContext@135ec43a{/,file:///tmp/jetty-0.0.0.0-33976-hddsDatanode-_-any-4818849689936610259.dir/webapp/,AVAILABLE}{/hddsDatanode}
2019-07-13 07:40:14,723 INFO  server.AbstractConnector (AbstractConnector.java:doStart(278)) - Started ServerConnector@69fc5803{HTTP/1.1,[http/1.1]}{0.0.0.0:33976}
2019-07-13 07:40:14,723 INFO  server.Server (Server.java:doStart(419)) - Started @638265ms
2019-07-13 07:40:14,725 INFO  server.BaseHttpServer (BaseHttpServer.java:updateConnectorAddress(207)) - HTTP server of HDDSDATANODE is listening at http://0.0.0.0:33976
2019-07-13 07:40:14,826 INFO  ozone.HddsDatanodeService (HddsDatanodeService.java:startPlugins(396)) - Started plug-in org.apache.hadoop.ozone.web.OzoneHddsDatanodeService@2771e501
2019-07-13 07:40:14,827 INFO  impl.MetricsSystemImpl (MetricsSystemImpl.java:init(158)) - HddsDatanode metrics system started (again)
2019-07-13 07:40:14,829 INFO  ozone.HddsDatanodeService (HddsDatanodeService.java:start(185)) - HddsDatanodeService host:trunk-nightly-9lh4p-2362225927 ip:192.168.69.84
2019-07-13 07:40:14,830 INFO  util.JvmPauseMonitor (JvmPauseMonitor.java:run(188)) - Starting JVM pause monitor
2019-07-13 07:40:14,831 INFO  datanode.InitDatanodeState (InitDatanodeState.java:persistContainerDatanodeDetails(140)) - DatanodeDetails is persisted to /tmp/workdir/hadoop-ozone/integration-test/target/test-dir/MiniOzoneClusterImpl-01fa958e-82b6-4203-8555-4362ad9f609d/datanode-1/meta/datanode.id
2019-07-13 07:40:14,840 INFO  volume.HddsVolume (HddsVolume.java:<init>(176)) - Creating Volume: /tmp/workdir/hadoop-ozone/integration-test/target/test-dir/MiniOzoneClusterImpl-01fa958e-82b6-4203-8555-4362ad9f609d/datanode-2/data/containers/hdds of  storage type : DISK and capacity : 52710309888
2019-07-13 07:40:14,840 INFO  volume.VolumeSet (VolumeSet.java:initializeVolumeSet(170)) - Added Volume : /tmp/workdir/hadoop-ozone/integration-test/target/test-dir/MiniOzoneClusterImpl-01fa958e-82b6-4203-8555-4362ad9f609d/datanode-2/data/containers/hdds to VolumeSet
2019-07-13 07:40:14,841 INFO  volume.ThrottledAsyncChecker (ThrottledAsyncChecker.java:schedule(140)) - Scheduling a check for org.apache.hadoop.ozone.container.common.volume.HddsVolume@5b0fc8c2
2019-07-13 07:40:14,841 INFO  volume.HddsVolumeChecker (HddsVolumeChecker.java:checkAllVolumes(203)) - Scheduled health check for volume org.apache.hadoop.ozone.container.common.volume.HddsVolume@5b0fc8c2
2019-07-13 07:40:14,855 INFO  impl.RaftServerProxy (ConfUtils.java:logGet(43)) - raft.rpc.type = GRPC (default)
2019-07-13 07:40:14,855 INFO  grpc.GrpcFactory (GrpcFactory.java:checkPooledByteBufAllocatorUseCacheForAllThreads(45)) - PERFORMANCE WARNING: useCacheForAllThreads is true that may cause Netty to create a lot garbage objects and, as a result, trigger GC.
	It is recommended to disable useCacheForAllThreads by setting -Dorg.apache.ratis.thirdparty.io.netty.allocator.useCacheForAllThreads=false in command line.
2019-07-13 07:40:14,855 INFO  grpc.GrpcConfigKeys$Server (ConfUtils.java:logGet(43)) - raft.grpc.server.port = 0 (default)
2019-07-13 07:40:14,856 INFO  server.GrpcService (ConfUtils.java:logGet(43)) - raft.grpc.message.size.max = 33570816 (custom)
2019-07-13 07:40:14,856 INFO  server.RaftServerConfigKeys (ConfUtils.java:logGet(43)) - raft.server.log.appender.buffer.byte-limit = 33554432 (custom)
2019-07-13 07:40:14,856 INFO  server.GrpcService (ConfUtils.java:logGet(43)) - raft.grpc.flow.control.window = 1MB (=1048576) (default)
2019-07-13 07:40:14,856 INFO  server.RaftServerConfigKeys (ConfUtils.java:logGet(43)) - raft.server.rpc.request.timeout = 3000ms (default)
2019-07-13 07:40:14,857 INFO  server.RaftServerConfigKeys (ConfUtils.java:logGet(43)) - raft.server.storage.dir = [/tmp/workdir/hadoop-ozone/integration-test/target/test-dir/MiniOzoneClusterImpl-01fa958e-82b6-4203-8555-4362ad9f609d/datanode-2/data/ratis] (custom)
2019-07-13 07:40:14,857 INFO  replication.SimpleContainerDownloader (SimpleContainerDownloader.java:<init>(72)) - Starting container downloader service to copy containers to replicate.
2019-07-13 07:40:14,858 INFO  hdfs.DFSUtil (DFSUtil.java:httpServerTemplateForNNAndJN(1641)) - Starting Web-server for hddsDatanode at: http://0.0.0.0:0
2019-07-13 07:40:14,859 INFO  server.AuthenticationFilter (AuthenticationFilter.java:constructSecretProvider(240)) - Unable to initialize FileSignerSecretProvider, falling back to use random secrets.
2019-07-13 07:40:14,859 WARN  http.HttpRequestLog (HttpRequestLog.java:getRequestLog(97)) - Jetty request log can only be enabled using Log4j
2019-07-13 07:40:14,861 INFO  http.HttpServer2 (HttpServer2.java:addGlobalFilter(975)) - Added global filter 'safety' (class=org.apache.hadoop.http.HttpServer2$QuotingInputFilter)
2019-07-13 07:40:14,861 INFO  http.HttpServer2 (HttpServer2.java:addFilter(948)) - Added filter static_user_filter (class=org.apache.hadoop.http.lib.StaticUserWebFilter$StaticUserFilter) to context hddsDatanode
2019-07-13 07:40:14,861 INFO  http.HttpServer2 (HttpServer2.java:addFilter(958)) - Added filter static_user_filter (class=org.apache.hadoop.http.lib.StaticUserWebFilter$StaticUserFilter) to context logs
2019-07-13 07:40:14,861 INFO  http.HttpServer2 (HttpServer2.java:addFilter(958)) - Added filter static_user_filter (class=org.apache.hadoop.http.lib.StaticUserWebFilter$StaticUserFilter) to context static
2019-07-13 07:40:14,862 INFO  http.HttpServer2 (HttpServer2.java:bindListener(1191)) - Jetty bound to port 34287
2019-07-13 07:40:14,862 INFO  server.Server (Server.java:doStart(351)) - jetty-9.3.24.v20180605, build timestamp: 2018-06-05T17:11:56Z, git hash: 84205aa28f11a4f31f2a3b86d1bba2cc8ab69827
2019-07-13 07:40:14,863 INFO  handler.ContextHandler (ContextHandler.java:doStart(781)) - Started o.e.j.s.ServletContextHandler@4efb7c99{/logs,file:///tmp/workdir/hadoop-ozone/integration-test/target/log,AVAILABLE}
2019-07-13 07:40:14,864 INFO  handler.ContextHandler (ContextHandler.java:doStart(781)) - Started o.e.j.s.ServletContextHandler@20a3118{/static,jar:file:/home/user/.m2/repository/org/apache/hadoop/hadoop-hdds-container-service/0.5.0-SNAPSHOT/hadoop-hdds-container-service-0.5.0-SNAPSHOT.jar!/webapps/static,AVAILABLE}
2019-07-13 07:40:14,890 INFO  handler.ContextHandler (ContextHandler.java:doStart(781)) - Started o.e.j.w.WebAppContext@434c179e{/,file:///tmp/jetty-0.0.0.0-34287-hddsDatanode-_-any-4703772965238639013.dir/webapp/,AVAILABLE}{/hddsDatanode}
2019-07-13 07:40:14,890 INFO  server.AbstractConnector (AbstractConnector.java:doStart(278)) - Started ServerConnector@46199519{HTTP/1.1,[http/1.1]}{0.0.0.0:34287}
2019-07-13 07:40:14,890 INFO  server.Server (Server.java:doStart(419)) - Started @638432ms
2019-07-13 07:40:14,892 INFO  server.BaseHttpServer (BaseHttpServer.java:updateConnectorAddress(207)) - HTTP server of HDDSDATANODE is listening at http://0.0.0.0:34287
2019-07-13 07:40:14,994 INFO  ozone.HddsDatanodeService (HddsDatanodeService.java:startPlugins(396)) - Started plug-in org.apache.hadoop.ozone.web.OzoneHddsDatanodeService@7ae88df1
2019-07-13 07:40:14,994 INFO  impl.MetricsSystemImpl (MetricsSystemImpl.java:init(158)) - HddsDatanode metrics system started (again)
2019-07-13 07:40:14,995 INFO  ozone.HddsDatanodeService (HddsDatanodeService.java:start(185)) - HddsDatanodeService host:trunk-nightly-9lh4p-2362225927 ip:192.168.69.84
2019-07-13 07:40:14,998 INFO  util.JvmPauseMonitor (JvmPauseMonitor.java:run(188)) - Starting JVM pause monitor
2019-07-13 07:40:14,999 INFO  datanode.InitDatanodeState (InitDatanodeState.java:persistContainerDatanodeDetails(140)) - DatanodeDetails is persisted to /tmp/workdir/hadoop-ozone/integration-test/target/test-dir/MiniOzoneClusterImpl-01fa958e-82b6-4203-8555-4362ad9f609d/datanode-2/meta/datanode.id
2019-07-13 07:40:15,008 INFO  volume.HddsVolume (HddsVolume.java:<init>(176)) - Creating Volume: /tmp/workdir/hadoop-ozone/integration-test/target/test-dir/MiniOzoneClusterImpl-01fa958e-82b6-4203-8555-4362ad9f609d/datanode-3/data/containers/hdds of  storage type : DISK and capacity : 52710309888
2019-07-13 07:40:15,009 INFO  volume.VolumeSet (VolumeSet.java:initializeVolumeSet(170)) - Added Volume : /tmp/workdir/hadoop-ozone/integration-test/target/test-dir/MiniOzoneClusterImpl-01fa958e-82b6-4203-8555-4362ad9f609d/datanode-3/data/containers/hdds to VolumeSet
2019-07-13 07:40:15,009 INFO  volume.ThrottledAsyncChecker (ThrottledAsyncChecker.java:schedule(140)) - Scheduling a check for org.apache.hadoop.ozone.container.common.volume.HddsVolume@6970687e
2019-07-13 07:40:15,010 INFO  volume.HddsVolumeChecker (HddsVolumeChecker.java:checkAllVolumes(203)) - Scheduled health check for volume org.apache.hadoop.ozone.container.common.volume.HddsVolume@6970687e
2019-07-13 07:40:15,029 INFO  impl.RaftServerProxy (ConfUtils.java:logGet(43)) - raft.rpc.type = GRPC (default)
2019-07-13 07:40:15,029 INFO  grpc.GrpcFactory (GrpcFactory.java:checkPooledByteBufAllocatorUseCacheForAllThreads(45)) - PERFORMANCE WARNING: useCacheForAllThreads is true that may cause Netty to create a lot garbage objects and, as a result, trigger GC.
	It is recommended to disable useCacheForAllThreads by setting -Dorg.apache.ratis.thirdparty.io.netty.allocator.useCacheForAllThreads=false in command line.
2019-07-13 07:40:15,030 INFO  grpc.GrpcConfigKeys$Server (ConfUtils.java:logGet(43)) - raft.grpc.server.port = 0 (default)
2019-07-13 07:40:15,030 INFO  server.GrpcService (ConfUtils.java:logGet(43)) - raft.grpc.message.size.max = 33570816 (custom)
2019-07-13 07:40:15,030 INFO  server.RaftServerConfigKeys (ConfUtils.java:logGet(43)) - raft.server.log.appender.buffer.byte-limit = 33554432 (custom)
2019-07-13 07:40:15,031 INFO  server.GrpcService (ConfUtils.java:logGet(43)) - raft.grpc.flow.control.window = 1MB (=1048576) (default)
2019-07-13 07:40:15,031 INFO  server.RaftServerConfigKeys (ConfUtils.java:logGet(43)) - raft.server.rpc.request.timeout = 3000ms (default)
2019-07-13 07:40:15,031 INFO  server.RaftServerConfigKeys (ConfUtils.java:logGet(43)) - raft.server.storage.dir = [/tmp/workdir/hadoop-ozone/integration-test/target/test-dir/MiniOzoneClusterImpl-01fa958e-82b6-4203-8555-4362ad9f609d/datanode-3/data/ratis] (custom)
2019-07-13 07:40:15,032 INFO  replication.SimpleContainerDownloader (SimpleContainerDownloader.java:<init>(72)) - Starting container downloader service to copy containers to replicate.
2019-07-13 07:40:15,033 INFO  hdfs.DFSUtil (DFSUtil.java:httpServerTemplateForNNAndJN(1641)) - Starting Web-server for hddsDatanode at: http://0.0.0.0:0
2019-07-13 07:40:15,035 INFO  server.AuthenticationFilter (AuthenticationFilter.java:constructSecretProvider(240)) - Unable to initialize FileSignerSecretProvider, falling back to use random secrets.
2019-07-13 07:40:15,036 WARN  http.HttpRequestLog (HttpRequestLog.java:getRequestLog(97)) - Jetty request log can only be enabled using Log4j
2019-07-13 07:40:15,038 INFO  http.HttpServer2 (HttpServer2.java:addGlobalFilter(975)) - Added global filter 'safety' (class=org.apache.hadoop.http.HttpServer2$QuotingInputFilter)
2019-07-13 07:40:15,038 INFO  http.HttpServer2 (HttpServer2.java:addFilter(948)) - Added filter static_user_filter (class=org.apache.hadoop.http.lib.StaticUserWebFilter$StaticUserFilter) to context hddsDatanode
2019-07-13 07:40:15,038 INFO  http.HttpServer2 (HttpServer2.java:addFilter(958)) - Added filter static_user_filter (class=org.apache.hadoop.http.lib.StaticUserWebFilter$StaticUserFilter) to context logs
2019-07-13 07:40:15,039 INFO  http.HttpServer2 (HttpServer2.java:addFilter(958)) - Added filter static_user_filter (class=org.apache.hadoop.http.lib.StaticUserWebFilter$StaticUserFilter) to context static
2019-07-13 07:40:15,039 INFO  http.HttpServer2 (HttpServer2.java:bindListener(1191)) - Jetty bound to port 33901
2019-07-13 07:40:15,040 INFO  server.Server (Server.java:doStart(351)) - jetty-9.3.24.v20180605, build timestamp: 2018-06-05T17:11:56Z, git hash: 84205aa28f11a4f31f2a3b86d1bba2cc8ab69827
2019-07-13 07:40:15,042 INFO  handler.ContextHandler (ContextHandler.java:doStart(781)) - Started o.e.j.s.ServletContextHandler@2976d625{/logs,file:///tmp/workdir/hadoop-ozone/integration-test/target/log,AVAILABLE}
2019-07-13 07:40:15,042 INFO  handler.ContextHandler (ContextHandler.java:doStart(781)) - Started o.e.j.s.ServletContextHandler@4bdd6fe0{/static,jar:file:/home/user/.m2/repository/org/apache/hadoop/hadoop-hdds-container-service/0.5.0-SNAPSHOT/hadoop-hdds-container-service-0.5.0-SNAPSHOT.jar!/webapps/static,AVAILABLE}
2019-07-13 07:40:15,083 INFO  handler.ContextHandler (ContextHandler.java:doStart(781)) - Started o.e.j.w.WebAppContext@17e96b3c{/,file:///tmp/jetty-0.0.0.0-33901-hddsDatanode-_-any-7593582279724854777.dir/webapp/,AVAILABLE}{/hddsDatanode}
2019-07-13 07:40:15,084 INFO  server.AbstractConnector (AbstractConnector.java:doStart(278)) - Started ServerConnector@2d63534d{HTTP/1.1,[http/1.1]}{0.0.0.0:33901}
2019-07-13 07:40:15,085 INFO  server.Server (Server.java:doStart(419)) - Started @638626ms
2019-07-13 07:40:15,086 INFO  server.BaseHttpServer (BaseHttpServer.java:updateConnectorAddress(207)) - HTTP server of HDDSDATANODE is listening at http://0.0.0.0:33901
2019-07-13 07:40:15,196 INFO  ozone.HddsDatanodeService (HddsDatanodeService.java:startPlugins(396)) - Started plug-in org.apache.hadoop.ozone.web.OzoneHddsDatanodeService@51a3e3b4
2019-07-13 07:40:15,197 INFO  impl.MetricsSystemImpl (MetricsSystemImpl.java:init(158)) - HddsDatanode metrics system started (again)
2019-07-13 07:40:15,199 INFO  ozone.HddsDatanodeService (HddsDatanodeService.java:start(185)) - HddsDatanodeService host:trunk-nightly-9lh4p-2362225927 ip:192.168.69.84
2019-07-13 07:40:15,200 INFO  util.JvmPauseMonitor (JvmPauseMonitor.java:run(188)) - Starting JVM pause monitor
2019-07-13 07:40:15,201 INFO  datanode.InitDatanodeState (InitDatanodeState.java:persistContainerDatanodeDetails(140)) - DatanodeDetails is persisted to /tmp/workdir/hadoop-ozone/integration-test/target/test-dir/MiniOzoneClusterImpl-01fa958e-82b6-4203-8555-4362ad9f609d/datanode-3/meta/datanode.id
2019-07-13 07:40:15,211 INFO  volume.HddsVolume (HddsVolume.java:<init>(176)) - Creating Volume: /tmp/workdir/hadoop-ozone/integration-test/target/test-dir/MiniOzoneClusterImpl-01fa958e-82b6-4203-8555-4362ad9f609d/datanode-4/data/containers/hdds of  storage type : DISK and capacity : 52710309888
2019-07-13 07:40:15,212 INFO  volume.VolumeSet (VolumeSet.java:initializeVolumeSet(170)) - Added Volume : /tmp/workdir/hadoop-ozone/integration-test/target/test-dir/MiniOzoneClusterImpl-01fa958e-82b6-4203-8555-4362ad9f609d/datanode-4/data/containers/hdds to VolumeSet
2019-07-13 07:40:15,212 INFO  volume.ThrottledAsyncChecker (ThrottledAsyncChecker.java:schedule(140)) - Scheduling a check for org.apache.hadoop.ozone.container.common.volume.HddsVolume@1f9009d3
2019-07-13 07:40:15,212 INFO  volume.HddsVolumeChecker (HddsVolumeChecker.java:checkAllVolumes(203)) - Scheduled health check for volume org.apache.hadoop.ozone.container.common.volume.HddsVolume@1f9009d3
2019-07-13 07:40:15,226 INFO  impl.RaftServerProxy (ConfUtils.java:logGet(43)) - raft.rpc.type = GRPC (default)
2019-07-13 07:40:15,226 INFO  grpc.GrpcFactory (GrpcFactory.java:checkPooledByteBufAllocatorUseCacheForAllThreads(45)) - PERFORMANCE WARNING: useCacheForAllThreads is true that may cause Netty to create a lot garbage objects and, as a result, trigger GC.
	It is recommended to disable useCacheForAllThreads by setting -Dorg.apache.ratis.thirdparty.io.netty.allocator.useCacheForAllThreads=false in command line.
2019-07-13 07:40:15,226 INFO  grpc.GrpcConfigKeys$Server (ConfUtils.java:logGet(43)) - raft.grpc.server.port = 0 (default)
2019-07-13 07:40:15,226 INFO  server.GrpcService (ConfUtils.java:logGet(43)) - raft.grpc.message.size.max = 33570816 (custom)
2019-07-13 07:40:15,226 INFO  server.RaftServerConfigKeys (ConfUtils.java:logGet(43)) - raft.server.log.appender.buffer.byte-limit = 33554432 (custom)
2019-07-13 07:40:15,227 INFO  server.GrpcService (ConfUtils.java:logGet(43)) - raft.grpc.flow.control.window = 1MB (=1048576) (default)
2019-07-13 07:40:15,227 INFO  server.RaftServerConfigKeys (ConfUtils.java:logGet(43)) - raft.server.rpc.request.timeout = 3000ms (default)
2019-07-13 07:40:15,227 INFO  server.RaftServerConfigKeys (ConfUtils.java:logGet(43)) - raft.server.storage.dir = [/tmp/workdir/hadoop-ozone/integration-test/target/test-dir/MiniOzoneClusterImpl-01fa958e-82b6-4203-8555-4362ad9f609d/datanode-4/data/ratis] (custom)
2019-07-13 07:40:15,228 INFO  replication.SimpleContainerDownloader (SimpleContainerDownloader.java:<init>(72)) - Starting container downloader service to copy containers to replicate.
2019-07-13 07:40:15,229 INFO  hdfs.DFSUtil (DFSUtil.java:httpServerTemplateForNNAndJN(1641)) - Starting Web-server for hddsDatanode at: http://0.0.0.0:0
2019-07-13 07:40:15,230 INFO  server.AuthenticationFilter (AuthenticationFilter.java:constructSecretProvider(240)) - Unable to initialize FileSignerSecretProvider, falling back to use random secrets.
2019-07-13 07:40:15,230 WARN  http.HttpRequestLog (HttpRequestLog.java:getRequestLog(97)) - Jetty request log can only be enabled using Log4j
2019-07-13 07:40:15,231 INFO  http.HttpServer2 (HttpServer2.java:addGlobalFilter(975)) - Added global filter 'safety' (class=org.apache.hadoop.http.HttpServer2$QuotingInputFilter)
2019-07-13 07:40:15,231 INFO  http.HttpServer2 (HttpServer2.java:addFilter(948)) - Added filter static_user_filter (class=org.apache.hadoop.http.lib.StaticUserWebFilter$StaticUserFilter) to context hddsDatanode
2019-07-13 07:40:15,232 INFO  http.HttpServer2 (HttpServer2.java:addFilter(958)) - Added filter static_user_filter (class=org.apache.hadoop.http.lib.StaticUserWebFilter$StaticUserFilter) to context static
2019-07-13 07:40:15,232 INFO  http.HttpServer2 (HttpServer2.java:addFilter(958)) - Added filter static_user_filter (class=org.apache.hadoop.http.lib.StaticUserWebFilter$StaticUserFilter) to context logs
2019-07-13 07:40:15,232 INFO  http.HttpServer2 (HttpServer2.java:bindListener(1191)) - Jetty bound to port 43180
2019-07-13 07:40:15,232 INFO  server.Server (Server.java:doStart(351)) - jetty-9.3.24.v20180605, build timestamp: 2018-06-05T17:11:56Z, git hash: 84205aa28f11a4f31f2a3b86d1bba2cc8ab69827
2019-07-13 07:40:15,234 INFO  handler.ContextHandler (ContextHandler.java:doStart(781)) - Started o.e.j.s.ServletContextHandler@7083e548{/logs,file:///tmp/workdir/hadoop-ozone/integration-test/target/log,AVAILABLE}
2019-07-13 07:40:15,234 INFO  handler.ContextHandler (ContextHandler.java:doStart(781)) - Started o.e.j.s.ServletContextHandler@63f1d374{/static,jar:file:/home/user/.m2/repository/org/apache/hadoop/hadoop-hdds-container-service/0.5.0-SNAPSHOT/hadoop-hdds-container-service-0.5.0-SNAPSHOT.jar!/webapps/static,AVAILABLE}
2019-07-13 07:40:15,262 INFO  handler.ContextHandler (ContextHandler.java:doStart(781)) - Started o.e.j.w.WebAppContext@1cd7bc66{/,file:///tmp/jetty-0.0.0.0-43180-hddsDatanode-_-any-3370839950552904284.dir/webapp/,AVAILABLE}{/hddsDatanode}
2019-07-13 07:40:15,262 INFO  server.AbstractConnector (AbstractConnector.java:doStart(278)) - Started ServerConnector@34b56a5a{HTTP/1.1,[http/1.1]}{0.0.0.0:43180}
2019-07-13 07:40:15,262 INFO  server.Server (Server.java:doStart(419)) - Started @638804ms
2019-07-13 07:40:15,264 INFO  server.BaseHttpServer (BaseHttpServer.java:updateConnectorAddress(207)) - HTTP server of HDDSDATANODE is listening at http://0.0.0.0:43180
2019-07-13 07:40:15,593 INFO  ozone.HddsDatanodeService (HddsDatanodeService.java:startPlugins(396)) - Started plug-in org.apache.hadoop.ozone.web.OzoneHddsDatanodeService@31e08c61
2019-07-13 07:40:15,593 INFO  impl.MetricsSystemImpl (MetricsSystemImpl.java:init(158)) - HddsDatanode metrics system started (again)
2019-07-13 07:40:15,596 INFO  ozone.HddsDatanodeService (HddsDatanodeService.java:start(185)) - HddsDatanodeService host:trunk-nightly-9lh4p-2362225927 ip:192.168.69.84
2019-07-13 07:40:15,598 INFO  util.JvmPauseMonitor (JvmPauseMonitor.java:run(188)) - Starting JVM pause monitor
2019-07-13 07:40:15,600 INFO  datanode.InitDatanodeState (InitDatanodeState.java:persistContainerDatanodeDetails(140)) - DatanodeDetails is persisted to /tmp/workdir/hadoop-ozone/integration-test/target/test-dir/MiniOzoneClusterImpl-01fa958e-82b6-4203-8555-4362ad9f609d/datanode-4/meta/datanode.id
2019-07-13 07:40:15,615 INFO  volume.HddsVolume (HddsVolume.java:<init>(176)) - Creating Volume: /tmp/workdir/hadoop-ozone/integration-test/target/test-dir/MiniOzoneClusterImpl-01fa958e-82b6-4203-8555-4362ad9f609d/datanode-5/data/containers/hdds of  storage type : DISK and capacity : 52710309888
2019-07-13 07:40:15,615 INFO  volume.VolumeSet (VolumeSet.java:initializeVolumeSet(170)) - Added Volume : /tmp/workdir/hadoop-ozone/integration-test/target/test-dir/MiniOzoneClusterImpl-01fa958e-82b6-4203-8555-4362ad9f609d/datanode-5/data/containers/hdds to VolumeSet
2019-07-13 07:40:15,615 INFO  volume.ThrottledAsyncChecker (ThrottledAsyncChecker.java:schedule(140)) - Scheduling a check for org.apache.hadoop.ozone.container.common.volume.HddsVolume@5a720cdf
2019-07-13 07:40:15,616 INFO  volume.HddsVolumeChecker (HddsVolumeChecker.java:checkAllVolumes(203)) - Scheduled health check for volume org.apache.hadoop.ozone.container.common.volume.HddsVolume@5a720cdf
2019-07-13 07:40:15,634 INFO  impl.RaftServerProxy (ConfUtils.java:logGet(43)) - raft.rpc.type = GRPC (default)
2019-07-13 07:40:15,634 INFO  grpc.GrpcFactory (GrpcFactory.java:checkPooledByteBufAllocatorUseCacheForAllThreads(45)) - PERFORMANCE WARNING: useCacheForAllThreads is true that may cause Netty to create a lot garbage objects and, as a result, trigger GC.
	It is recommended to disable useCacheForAllThreads by setting -Dorg.apache.ratis.thirdparty.io.netty.allocator.useCacheForAllThreads=false in command line.
2019-07-13 07:40:15,635 INFO  grpc.GrpcConfigKeys$Server (ConfUtils.java:logGet(43)) - raft.grpc.server.port = 0 (default)
2019-07-13 07:40:15,635 INFO  server.GrpcService (ConfUtils.java:logGet(43)) - raft.grpc.message.size.max = 33570816 (custom)
2019-07-13 07:40:15,635 INFO  server.RaftServerConfigKeys (ConfUtils.java:logGet(43)) - raft.server.log.appender.buffer.byte-limit = 33554432 (custom)
2019-07-13 07:40:15,635 INFO  server.GrpcService (ConfUtils.java:logGet(43)) - raft.grpc.flow.control.window = 1MB (=1048576) (default)
2019-07-13 07:40:15,636 INFO  server.RaftServerConfigKeys (ConfUtils.java:logGet(43)) - raft.server.rpc.request.timeout = 3000ms (default)
2019-07-13 07:40:15,636 INFO  server.RaftServerConfigKeys (ConfUtils.java:logGet(43)) - raft.server.storage.dir = [/tmp/workdir/hadoop-ozone/integration-test/target/test-dir/MiniOzoneClusterImpl-01fa958e-82b6-4203-8555-4362ad9f609d/datanode-5/data/ratis] (custom)
2019-07-13 07:40:15,637 INFO  replication.SimpleContainerDownloader (SimpleContainerDownloader.java:<init>(72)) - Starting container downloader service to copy containers to replicate.
2019-07-13 07:40:15,639 INFO  hdfs.DFSUtil (DFSUtil.java:httpServerTemplateForNNAndJN(1641)) - Starting Web-server for hddsDatanode at: http://0.0.0.0:0
2019-07-13 07:40:15,641 INFO  server.AuthenticationFilter (AuthenticationFilter.java:constructSecretProvider(240)) - Unable to initialize FileSignerSecretProvider, falling back to use random secrets.
2019-07-13 07:40:15,642 WARN  http.HttpRequestLog (HttpRequestLog.java:getRequestLog(97)) - Jetty request log can only be enabled using Log4j
2019-07-13 07:40:15,644 INFO  http.HttpServer2 (HttpServer2.java:addGlobalFilter(975)) - Added global filter 'safety' (class=org.apache.hadoop.http.HttpServer2$QuotingInputFilter)
2019-07-13 07:40:15,645 INFO  http.HttpServer2 (HttpServer2.java:addFilter(948)) - Added filter static_user_filter (class=org.apache.hadoop.http.lib.StaticUserWebFilter$StaticUserFilter) to context hddsDatanode
2019-07-13 07:40:15,645 INFO  http.HttpServer2 (HttpServer2.java:addFilter(958)) - Added filter static_user_filter (class=org.apache.hadoop.http.lib.StaticUserWebFilter$StaticUserFilter) to context logs
2019-07-13 07:40:15,645 INFO  http.HttpServer2 (HttpServer2.java:addFilter(958)) - Added filter static_user_filter (class=org.apache.hadoop.http.lib.StaticUserWebFilter$StaticUserFilter) to context static
2019-07-13 07:40:15,646 INFO  http.HttpServer2 (HttpServer2.java:bindListener(1191)) - Jetty bound to port 40699
2019-07-13 07:40:15,647 INFO  server.Server (Server.java:doStart(351)) - jetty-9.3.24.v20180605, build timestamp: 2018-06-05T17:11:56Z, git hash: 84205aa28f11a4f31f2a3b86d1bba2cc8ab69827
2019-07-13 07:40:15,649 INFO  handler.ContextHandler (ContextHandler.java:doStart(781)) - Started o.e.j.s.ServletContextHandler@52688730{/logs,file:///tmp/workdir/hadoop-ozone/integration-test/target/log,AVAILABLE}
2019-07-13 07:40:15,650 INFO  handler.ContextHandler (ContextHandler.java:doStart(781)) - Started o.e.j.s.ServletContextHandler@1b9075c9{/static,jar:file:/home/user/.m2/repository/org/apache/hadoop/hadoop-hdds-container-service/0.5.0-SNAPSHOT/hadoop-hdds-container-service-0.5.0-SNAPSHOT.jar!/webapps/static,AVAILABLE}
2019-07-13 07:40:15,692 INFO  handler.ContextHandler (ContextHandler.java:doStart(781)) - Started o.e.j.w.WebAppContext@1bc6a43c{/,file:///tmp/jetty-0.0.0.0-40699-hddsDatanode-_-any-1572600970411487682.dir/webapp/,AVAILABLE}{/hddsDatanode}
2019-07-13 07:40:15,693 INFO  server.AbstractConnector (AbstractConnector.java:doStart(278)) - Started ServerConnector@5f3fa154{HTTP/1.1,[http/1.1]}{0.0.0.0:40699}
2019-07-13 07:40:15,695 INFO  server.Server (Server.java:doStart(419)) - Started @639236ms
2019-07-13 07:40:15,696 INFO  server.BaseHttpServer (BaseHttpServer.java:updateConnectorAddress(207)) - HTTP server of HDDSDATANODE is listening at http://0.0.0.0:40699
2019-07-13 07:40:15,804 INFO  ozone.HddsDatanodeService (HddsDatanodeService.java:startPlugins(396)) - Started plug-in org.apache.hadoop.ozone.web.OzoneHddsDatanodeService@311683ea
2019-07-13 07:40:15,805 INFO  impl.MetricsSystemImpl (MetricsSystemImpl.java:init(158)) - HddsDatanode metrics system started (again)
2019-07-13 07:40:15,807 INFO  ozone.HddsDatanodeService (HddsDatanodeService.java:start(185)) - HddsDatanodeService host:trunk-nightly-9lh4p-2362225927 ip:192.168.69.84
2019-07-13 07:40:15,809 INFO  util.JvmPauseMonitor (JvmPauseMonitor.java:run(188)) - Starting JVM pause monitor
2019-07-13 07:40:15,810 INFO  datanode.InitDatanodeState (InitDatanodeState.java:persistContainerDatanodeDetails(140)) - DatanodeDetails is persisted to /tmp/workdir/hadoop-ozone/integration-test/target/test-dir/MiniOzoneClusterImpl-01fa958e-82b6-4203-8555-4362ad9f609d/datanode-5/meta/datanode.id
2019-07-13 07:40:15,821 INFO  volume.HddsVolume (HddsVolume.java:<init>(176)) - Creating Volume: /tmp/workdir/hadoop-ozone/integration-test/target/test-dir/MiniOzoneClusterImpl-01fa958e-82b6-4203-8555-4362ad9f609d/datanode-6/data/containers/hdds of  storage type : DISK and capacity : 52710309888
2019-07-13 07:40:15,821 INFO  volume.VolumeSet (VolumeSet.java:initializeVolumeSet(170)) - Added Volume : /tmp/workdir/hadoop-ozone/integration-test/target/test-dir/MiniOzoneClusterImpl-01fa958e-82b6-4203-8555-4362ad9f609d/datanode-6/data/containers/hdds to VolumeSet
2019-07-13 07:40:15,822 INFO  volume.ThrottledAsyncChecker (ThrottledAsyncChecker.java:schedule(140)) - Scheduling a check for org.apache.hadoop.ozone.container.common.volume.HddsVolume@41ebae0e
2019-07-13 07:40:15,822 INFO  volume.HddsVolumeChecker (HddsVolumeChecker.java:checkAllVolumes(203)) - Scheduled health check for volume org.apache.hadoop.ozone.container.common.volume.HddsVolume@41ebae0e
2019-07-13 07:40:15,837 INFO  impl.RaftServerProxy (ConfUtils.java:logGet(43)) - raft.rpc.type = GRPC (default)
2019-07-13 07:40:15,837 INFO  grpc.GrpcFactory (GrpcFactory.java:checkPooledByteBufAllocatorUseCacheForAllThreads(45)) - PERFORMANCE WARNING: useCacheForAllThreads is true that may cause Netty to create a lot garbage objects and, as a result, trigger GC.
	It is recommended to disable useCacheForAllThreads by setting -Dorg.apache.ratis.thirdparty.io.netty.allocator.useCacheForAllThreads=false in command line.
2019-07-13 07:40:15,838 INFO  grpc.GrpcConfigKeys$Server (ConfUtils.java:logGet(43)) - raft.grpc.server.port = 0 (default)
2019-07-13 07:40:15,838 INFO  server.GrpcService (ConfUtils.java:logGet(43)) - raft.grpc.message.size.max = 33570816 (custom)
2019-07-13 07:40:15,838 INFO  server.RaftServerConfigKeys (ConfUtils.java:logGet(43)) - raft.server.log.appender.buffer.byte-limit = 33554432 (custom)
2019-07-13 07:40:15,838 INFO  server.GrpcService (ConfUtils.java:logGet(43)) - raft.grpc.flow.control.window = 1MB (=1048576) (default)
2019-07-13 07:40:15,838 INFO  server.RaftServerConfigKeys (ConfUtils.java:logGet(43)) - raft.server.rpc.request.timeout = 3000ms (default)
2019-07-13 07:40:15,839 INFO  server.RaftServerConfigKeys (ConfUtils.java:logGet(43)) - raft.server.storage.dir = [/tmp/workdir/hadoop-ozone/integration-test/target/test-dir/MiniOzoneClusterImpl-01fa958e-82b6-4203-8555-4362ad9f609d/datanode-6/data/ratis] (custom)
2019-07-13 07:40:15,839 INFO  replication.SimpleContainerDownloader (SimpleContainerDownloader.java:<init>(72)) - Starting container downloader service to copy containers to replicate.
2019-07-13 07:40:15,840 INFO  hdfs.DFSUtil (DFSUtil.java:httpServerTemplateForNNAndJN(1641)) - Starting Web-server for hddsDatanode at: http://0.0.0.0:0
2019-07-13 07:40:15,842 INFO  server.AuthenticationFilter (AuthenticationFilter.java:constructSecretProvider(240)) - Unable to initialize FileSignerSecretProvider, falling back to use random secrets.
2019-07-13 07:40:15,842 WARN  http.HttpRequestLog (HttpRequestLog.java:getRequestLog(97)) - Jetty request log can only be enabled using Log4j
2019-07-13 07:40:15,843 INFO  http.HttpServer2 (HttpServer2.java:addGlobalFilter(975)) - Added global filter 'safety' (class=org.apache.hadoop.http.HttpServer2$QuotingInputFilter)
2019-07-13 07:40:15,844 INFO  http.HttpServer2 (HttpServer2.java:addFilter(948)) - Added filter static_user_filter (class=org.apache.hadoop.http.lib.StaticUserWebFilter$StaticUserFilter) to context hddsDatanode
2019-07-13 07:40:15,844 INFO  http.HttpServer2 (HttpServer2.java:addFilter(958)) - Added filter static_user_filter (class=org.apache.hadoop.http.lib.StaticUserWebFilter$StaticUserFilter) to context static
2019-07-13 07:40:15,844 INFO  http.HttpServer2 (HttpServer2.java:addFilter(958)) - Added filter static_user_filter (class=org.apache.hadoop.http.lib.StaticUserWebFilter$StaticUserFilter) to context logs
2019-07-13 07:40:15,844 INFO  http.HttpServer2 (HttpServer2.java:bindListener(1191)) - Jetty bound to port 36295
2019-07-13 07:40:15,845 INFO  server.Server (Server.java:doStart(351)) - jetty-9.3.24.v20180605, build timestamp: 2018-06-05T17:11:56Z, git hash: 84205aa28f11a4f31f2a3b86d1bba2cc8ab69827
2019-07-13 07:40:15,846 INFO  handler.ContextHandler (ContextHandler.java:doStart(781)) - Started o.e.j.s.ServletContextHandler@53a74970{/logs,file:///tmp/workdir/hadoop-ozone/integration-test/target/log,AVAILABLE}
2019-07-13 07:40:15,847 INFO  handler.ContextHandler (ContextHandler.java:doStart(781)) - Started o.e.j.s.ServletContextHandler@55d607b{/static,jar:file:/home/user/.m2/repository/org/apache/hadoop/hadoop-hdds-container-service/0.5.0-SNAPSHOT/hadoop-hdds-container-service-0.5.0-SNAPSHOT.jar!/webapps/static,AVAILABLE}
2019-07-13 07:40:15,873 INFO  handler.ContextHandler (ContextHandler.java:doStart(781)) - Started o.e.j.w.WebAppContext@74be992a{/,file:///tmp/jetty-0.0.0.0-36295-hddsDatanode-_-any-1066007186560476158.dir/webapp/,AVAILABLE}{/hddsDatanode}
2019-07-13 07:40:15,874 INFO  server.AbstractConnector (AbstractConnector.java:doStart(278)) - Started ServerConnector@346d441a{HTTP/1.1,[http/1.1]}{0.0.0.0:36295}
2019-07-13 07:40:15,874 INFO  server.Server (Server.java:doStart(419)) - Started @639415ms
2019-07-13 07:40:15,876 INFO  server.BaseHttpServer (BaseHttpServer.java:updateConnectorAddress(207)) - HTTP server of HDDSDATANODE is listening at http://0.0.0.0:36295
2019-07-13 07:40:15,979 INFO  ozone.HddsDatanodeService (HddsDatanodeService.java:startPlugins(396)) - Started plug-in org.apache.hadoop.ozone.web.OzoneHddsDatanodeService@1871068d
2019-07-13 07:40:15,979 INFO  ozone.MiniOzoneClusterImpl (MiniOzoneClusterImpl.java:lambda$waitForClusterToBeReady$0(142)) - Waiting for cluster to be ready. Got 0 of 7 DN Heartbeats.
2019-07-13 07:40:15,983 INFO  util.JvmPauseMonitor (JvmPauseMonitor.java:run(188)) - Starting JVM pause monitor
2019-07-13 07:40:15,985 INFO  datanode.InitDatanodeState (InitDatanodeState.java:persistContainerDatanodeDetails(140)) - DatanodeDetails is persisted to /tmp/workdir/hadoop-ozone/integration-test/target/test-dir/MiniOzoneClusterImpl-01fa958e-82b6-4203-8555-4362ad9f609d/datanode-6/meta/datanode.id
2019-07-13 07:40:16,689 INFO  ozoneimpl.OzoneContainer (OzoneContainer.java:start(186)) - Attempting to start container services.
2019-07-13 07:40:16,692 INFO  ozoneimpl.OzoneContainer (OzoneContainer.java:startContainerScrub(160)) - Background container scrubber has been disabled by hdds.containerscrub.enabled
2019-07-13 07:40:16,692 INFO  ratis.XceiverServerRatis (XceiverServerRatis.java:start(418)) - Starting XceiverServerRatis ff684012-ca29-499f-bfee-b2f0b93661eb at port 0
2019-07-13 07:40:16,702 INFO  impl.RaftServerProxy (RaftServerProxy.java:lambda$start$3(299)) - ff684012-ca29-499f-bfee-b2f0b93661eb: start RPC server
2019-07-13 07:40:16,705 INFO  server.GrpcService (GrpcService.java:startImpl(149)) - ff684012-ca29-499f-bfee-b2f0b93661eb: GrpcService started, listening on 0.0.0.0/0.0.0.0:45816
2019-07-13 07:40:16,705 INFO  ratis.XceiverServerRatis (XceiverServerRatis.java:start(428)) - XceiverServerRatis ff684012-ca29-499f-bfee-b2f0b93661eb is started using port 45816
2019-07-13 07:40:16,705 INFO  server.XceiverServerGrpc (XceiverServerGrpc.java:start(161)) - XceiverServerGrpc ff684012-ca29-499f-bfee-b2f0b93661eb is started using port 45458
2019-07-13 07:40:16,852 INFO  ozoneimpl.OzoneContainer (OzoneContainer.java:start(186)) - Attempting to start container services.
2019-07-13 07:40:16,856 INFO  ozoneimpl.OzoneContainer (OzoneContainer.java:startContainerScrub(160)) - Background container scrubber has been disabled by hdds.containerscrub.enabled
2019-07-13 07:40:16,856 INFO  ratis.XceiverServerRatis (XceiverServerRatis.java:start(418)) - Starting XceiverServerRatis cde4c7a7-ed6f-486b-aa44-7bcc6f205696 at port 0
2019-07-13 07:40:16,867 INFO  impl.RaftServerProxy (RaftServerProxy.java:lambda$start$3(299)) - cde4c7a7-ed6f-486b-aa44-7bcc6f205696: start RPC server
2019-07-13 07:40:16,867 INFO  server.GrpcService (GrpcService.java:startImpl(149)) - cde4c7a7-ed6f-486b-aa44-7bcc6f205696: GrpcService started, listening on 0.0.0.0/0.0.0.0:42618
2019-07-13 07:40:16,868 INFO  ratis.XceiverServerRatis (XceiverServerRatis.java:start(428)) - XceiverServerRatis cde4c7a7-ed6f-486b-aa44-7bcc6f205696 is started using port 42618
2019-07-13 07:40:16,868 INFO  server.XceiverServerGrpc (XceiverServerGrpc.java:start(161)) - XceiverServerGrpc cde4c7a7-ed6f-486b-aa44-7bcc6f205696 is started using port 38734
2019-07-13 07:40:16,980 INFO  ozone.MiniOzoneClusterImpl (MiniOzoneClusterImpl.java:lambda$waitForClusterToBeReady$0(142)) - Waiting for cluster to be ready. Got 0 of 7 DN Heartbeats.
2019-07-13 07:40:17,010 INFO  ozoneimpl.OzoneContainer (OzoneContainer.java:start(186)) - Attempting to start container services.
2019-07-13 07:40:17,018 INFO  ozoneimpl.OzoneContainer (OzoneContainer.java:startContainerScrub(160)) - Background container scrubber has been disabled by hdds.containerscrub.enabled
2019-07-13 07:40:17,018 INFO  ratis.XceiverServerRatis (XceiverServerRatis.java:start(418)) - Starting XceiverServerRatis 1fb4b77b-b50d-4859-a733-068ebc8e2c0c at port 0
2019-07-13 07:40:17,029 INFO  impl.RaftServerProxy (RaftServerProxy.java:lambda$start$3(299)) - 1fb4b77b-b50d-4859-a733-068ebc8e2c0c: start RPC server
2019-07-13 07:40:17,029 INFO  server.GrpcService (GrpcService.java:startImpl(149)) - 1fb4b77b-b50d-4859-a733-068ebc8e2c0c: GrpcService started, listening on 0.0.0.0/0.0.0.0:41662
2019-07-13 07:40:17,030 INFO  ratis.XceiverServerRatis (XceiverServerRatis.java:start(428)) - XceiverServerRatis 1fb4b77b-b50d-4859-a733-068ebc8e2c0c is started using port 41662
2019-07-13 07:40:17,036 INFO  server.XceiverServerGrpc (XceiverServerGrpc.java:start(161)) - XceiverServerGrpc 1fb4b77b-b50d-4859-a733-068ebc8e2c0c is started using port 43874
2019-07-13 07:40:17,215 INFO  ozoneimpl.OzoneContainer (OzoneContainer.java:start(186)) - Attempting to start container services.
2019-07-13 07:40:17,215 INFO  ozoneimpl.OzoneContainer (OzoneContainer.java:startContainerScrub(160)) - Background container scrubber has been disabled by hdds.containerscrub.enabled
2019-07-13 07:40:17,215 INFO  ratis.XceiverServerRatis (XceiverServerRatis.java:start(418)) - Starting XceiverServerRatis ff527039-27c0-4097-9a5e-c6042cac39f7 at port 0
2019-07-13 07:40:17,225 INFO  impl.RaftServerProxy (RaftServerProxy.java:lambda$start$3(299)) - ff527039-27c0-4097-9a5e-c6042cac39f7: start RPC server
2019-07-13 07:40:17,225 INFO  server.GrpcService (GrpcService.java:startImpl(149)) - ff527039-27c0-4097-9a5e-c6042cac39f7: GrpcService started, listening on 0.0.0.0/0.0.0.0:35259
2019-07-13 07:40:17,226 INFO  ratis.XceiverServerRatis (XceiverServerRatis.java:start(428)) - XceiverServerRatis ff527039-27c0-4097-9a5e-c6042cac39f7 is started using port 35259
2019-07-13 07:40:17,226 INFO  server.XceiverServerGrpc (XceiverServerGrpc.java:start(161)) - XceiverServerGrpc ff527039-27c0-4097-9a5e-c6042cac39f7 is started using port 43376
2019-07-13 07:40:17,613 INFO  ozoneimpl.OzoneContainer (OzoneContainer.java:start(186)) - Attempting to start container services.
2019-07-13 07:40:17,613 INFO  ozoneimpl.OzoneContainer (OzoneContainer.java:startContainerScrub(160)) - Background container scrubber has been disabled by hdds.containerscrub.enabled
2019-07-13 07:40:17,613 INFO  ratis.XceiverServerRatis (XceiverServerRatis.java:start(418)) - Starting XceiverServerRatis 2169aba2-981b-4c65-8013-9e22e49ffea6 at port 0
2019-07-13 07:40:17,622 INFO  impl.RaftServerProxy (RaftServerProxy.java:lambda$start$3(299)) - 2169aba2-981b-4c65-8013-9e22e49ffea6: start RPC server
2019-07-13 07:40:17,623 INFO  server.GrpcService (GrpcService.java:startImpl(149)) - 2169aba2-981b-4c65-8013-9e22e49ffea6: GrpcService started, listening on 0.0.0.0/0.0.0.0:39284
2019-07-13 07:40:17,623 INFO  ratis.XceiverServerRatis (XceiverServerRatis.java:start(428)) - XceiverServerRatis 2169aba2-981b-4c65-8013-9e22e49ffea6 is started using port 39284
2019-07-13 07:40:17,627 INFO  server.XceiverServerGrpc (XceiverServerGrpc.java:start(161)) - XceiverServerGrpc 2169aba2-981b-4c65-8013-9e22e49ffea6 is started using port 39872
2019-07-13 07:40:17,835 INFO  ozoneimpl.OzoneContainer (OzoneContainer.java:start(186)) - Attempting to start container services.
2019-07-13 07:40:17,836 INFO  ozoneimpl.OzoneContainer (OzoneContainer.java:startContainerScrub(160)) - Background container scrubber has been disabled by hdds.containerscrub.enabled
2019-07-13 07:40:17,836 INFO  ratis.XceiverServerRatis (XceiverServerRatis.java:start(418)) - Starting XceiverServerRatis 5d1982ab-0084-45b3-a4d1-67d287322cc8 at port 0
2019-07-13 07:40:17,846 INFO  impl.RaftServerProxy (RaftServerProxy.java:lambda$start$3(299)) - 5d1982ab-0084-45b3-a4d1-67d287322cc8: start RPC server
2019-07-13 07:40:17,847 INFO  server.GrpcService (GrpcService.java:startImpl(149)) - 5d1982ab-0084-45b3-a4d1-67d287322cc8: GrpcService started, listening on 0.0.0.0/0.0.0.0:36142
2019-07-13 07:40:17,847 INFO  ratis.XceiverServerRatis (XceiverServerRatis.java:start(428)) - XceiverServerRatis 5d1982ab-0084-45b3-a4d1-67d287322cc8 is started using port 36142
2019-07-13 07:40:17,848 INFO  server.XceiverServerGrpc (XceiverServerGrpc.java:start(161)) - XceiverServerGrpc 5d1982ab-0084-45b3-a4d1-67d287322cc8 is started using port 35938
2019-07-13 07:40:17,980 INFO  ozone.MiniOzoneClusterImpl (MiniOzoneClusterImpl.java:lambda$waitForClusterToBeReady$0(142)) - Waiting for cluster to be ready. Got 0 of 7 DN Heartbeats.
2019-07-13 07:40:18,001 INFO  ozoneimpl.OzoneContainer (OzoneContainer.java:start(186)) - Attempting to start container services.
2019-07-13 07:40:18,001 INFO  ozoneimpl.OzoneContainer (OzoneContainer.java:startContainerScrub(160)) - Background container scrubber has been disabled by hdds.containerscrub.enabled
2019-07-13 07:40:18,001 INFO  ratis.XceiverServerRatis (XceiverServerRatis.java:start(418)) - Starting XceiverServerRatis 6117226e-ea07-42dd-b4cf-63407cd9f907 at port 0
2019-07-13 07:40:18,009 INFO  impl.RaftServerProxy (RaftServerProxy.java:lambda$start$3(299)) - 6117226e-ea07-42dd-b4cf-63407cd9f907: start RPC server
2019-07-13 07:40:18,010 INFO  server.GrpcService (GrpcService.java:startImpl(149)) - 6117226e-ea07-42dd-b4cf-63407cd9f907: GrpcService started, listening on 0.0.0.0/0.0.0.0:43150
2019-07-13 07:40:18,010 INFO  ratis.XceiverServerRatis (XceiverServerRatis.java:start(428)) - XceiverServerRatis 6117226e-ea07-42dd-b4cf-63407cd9f907 is started using port 43150
2019-07-13 07:40:18,011 INFO  server.XceiverServerGrpc (XceiverServerGrpc.java:start(161)) - XceiverServerGrpc 6117226e-ea07-42dd-b4cf-63407cd9f907 is started using port 35803
2019-07-13 07:40:18,671 INFO  net.NetworkTopology (NetworkTopologyImpl.java:add(110)) - Added a new node: /default-rack/192.168.69.84
2019-07-13 07:40:18,674 INFO  node.SCMNodeManager (SCMNodeManager.java:register(269)) - Registered Data node : ff684012-ca29-499f-bfee-b2f0b93661eb{ip: 192.168.69.84, host: trunk-nightly-9lh4p-2362225927, networkLocation: /default-rack, certSerialId: null}
2019-07-13 07:40:18,675 INFO  safemode.SCMSafeModeManager (DataNodeSafeModeRule.java:process(71)) - SCM in safe mode. 1 DataNodes registered, 1 required.
2019-07-13 07:40:18,678 INFO  safemode.SCMSafeModeManager (SCMSafeModeManager.java:validateSafeModeExitRules(177)) - ScmSafeModeManager, all rules are successfully validated
2019-07-13 07:40:18,678 INFO  safemode.SCMSafeModeManager (SCMSafeModeManager.java:exitSafeMode(193)) - SCM exiting safe mode.
2019-07-13 07:40:18,696 INFO  impl.RaftServerProxy (RaftServerProxy.java:addNew(89)) - ff684012-ca29-499f-bfee-b2f0b93661eb: addNew group-F28F887F63CA:[ff684012-ca29-499f-bfee-b2f0b93661eb:192.168.69.84:45816] returns group-F28F887F63CA:java.util.concurrent.CompletableFuture@32dd2adf[Not completed]
2019-07-13 07:40:18,697 INFO  impl.RaftServerImpl (RaftServerImpl.java:<init>(93)) - ff684012-ca29-499f-bfee-b2f0b93661eb: new RaftServerImpl for group-F28F887F63CA:[ff684012-ca29-499f-bfee-b2f0b93661eb:192.168.69.84:45816] with ContainerStateMachine:uninitialized
2019-07-13 07:40:18,698 INFO  server.RaftServerConfigKeys (ConfUtils.java:logGet(43)) - raft.server.rpc.timeout.min = 5s (custom)
2019-07-13 07:40:18,698 INFO  server.RaftServerConfigKeys (ConfUtils.java:logGet(43)) - raft.server.rpc.timeout.max = 5200ms (custom)
2019-07-13 07:40:18,698 INFO  server.RaftServerConfigKeys (ConfUtils.java:logGet(43)) - raft.server.rpcslowness.timeout = 120s (custom)
2019-07-13 07:40:18,698 INFO  server.RaftServerConfigKeys (ConfUtils.java:logGet(43)) - raft.server.sleep.deviation.threshold = 300 (default)
2019-07-13 07:40:18,698 INFO  server.RaftServerConfigKeys (ConfUtils.java:logGet(43)) - raft.server.log.appender.install.snapshot.enabled = false (custom)
2019-07-13 07:40:18,699 INFO  impl.RaftServerImpl (ServerState.java:<init>(105)) - ff684012-ca29-499f-bfee-b2f0b93661eb:group-F28F887F63CA ConfigurationManager, init=-1: [ff684012-ca29-499f-bfee-b2f0b93661eb:192.168.69.84:45816], old=null, confs=<EMPTY_MAP>
2019-07-13 07:40:18,699 INFO  server.RaftServerConfigKeys (ConfUtils.java:logGet(43)) - raft.server.storage.dir = [/tmp/workdir/hadoop-ozone/integration-test/target/test-dir/MiniOzoneClusterImpl-01fa958e-82b6-4203-8555-4362ad9f609d/datanode-0/data/ratis] (custom)
2019-07-13 07:40:18,699 INFO  storage.RaftStorageDirectory (RaftStorageDirectory.java:analyzeStorage(246)) - The storage directory /tmp/workdir/hadoop-ozone/integration-test/target/test-dir/MiniOzoneClusterImpl-01fa958e-82b6-4203-8555-4362ad9f609d/datanode-0/data/ratis/a84515da-c24c-4139-856e-f28f887f63ca does not exist. Creating ...
2019-07-13 07:40:18,713 INFO  storage.RaftStorageDirectory (RaftStorageDirectory.java:tryLock(328)) - Lock on /tmp/workdir/hadoop-ozone/integration-test/target/test-dir/MiniOzoneClusterImpl-01fa958e-82b6-4203-8555-4362ad9f609d/datanode-0/data/ratis/a84515da-c24c-4139-856e-f28f887f63ca/in_use.lock acquired by nodename 29913@trunk-nightly-9lh4p-2362225927
2019-07-13 07:40:18,727 INFO  storage.RaftStorage (RaftStorage.java:format(72)) - Storage directory /tmp/workdir/hadoop-ozone/integration-test/target/test-dir/MiniOzoneClusterImpl-01fa958e-82b6-4203-8555-4362ad9f609d/datanode-0/data/ratis/a84515da-c24c-4139-856e-f28f887f63ca has been successfully formatted.
2019-07-13 07:40:18,728 INFO  ratis.ContainerStateMachine (ContainerStateMachine.java:loadSnapshot(200)) - The snapshot info is null.Setting the last applied index to:(t:0, i:~)
2019-07-13 07:40:18,728 INFO  server.RaftServerConfigKeys (ConfUtils.java:logGet(43)) - raft.server.leader.election.timeout = 120s (custom)
2019-07-13 07:40:18,728 INFO  server.RaftServerConfigKeys (ConfUtils.java:logGet(43)) - raft.server.log.use.memory = false (default)
2019-07-13 07:40:18,728 INFO  server.RaftServerConfigKeys (ConfUtils.java:logGet(43)) - raft.server.log.purge.gap = 1000000000 (custom)
2019-07-13 07:40:18,729 INFO  server.RaftServerConfigKeys (ConfUtils.java:logGet(43)) - raft.server.log.appender.buffer.byte-limit = 33554432 (custom)
2019-07-13 07:40:18,729 INFO  server.RaftServerConfigKeys (ConfUtils.java:logGet(43)) - raft.server.log.segment.size.max = 1048576 (custom)
2019-07-13 07:40:18,729 INFO  server.RaftServerConfigKeys (ConfUtils.java:logGet(43)) - raft.server.log.segment.cache.num.max = 2 (custom)
2019-07-13 07:40:18,729 INFO  segmented.SegmentedRaftLogWorker (SegmentedRaftLogWorker.java:<init>(172)) - new ff684012-ca29-499f-bfee-b2f0b93661eb-SegmentedRaftLogWorker:Storage Directory /tmp/workdir/hadoop-ozone/integration-test/target/test-dir/MiniOzoneClusterImpl-01fa958e-82b6-4203-8555-4362ad9f609d/datanode-0/data/ratis/a84515da-c24c-4139-856e-f28f887f63ca for RaftStorage:Storage Directory /tmp/workdir/hadoop-ozone/integration-test/target/test-dir/MiniOzoneClusterImpl-01fa958e-82b6-4203-8555-4362ad9f609d/datanode-0/data/ratis/a84515da-c24c-4139-856e-f28f887f63ca
2019-07-13 07:40:18,729 INFO  server.RaftServerConfigKeys (ConfUtils.java:logGet(43)) - raft.server.log.queue.byte-limit = 2147483647 (custom)
2019-07-13 07:40:18,729 INFO  server.RaftServerConfigKeys (ConfUtils.java:logGet(43)) - raft.server.log.queue.element-limit = 1024 (custom)
2019-07-13 07:40:18,730 INFO  server.RaftServerConfigKeys (ConfUtils.java:logGet(43)) - raft.server.log.segment.size.max = 1048576 (custom)
2019-07-13 07:40:18,730 INFO  server.RaftServerConfigKeys (ConfUtils.java:logGet(43)) - raft.server.log.preallocated.size = 16384 (custom)
2019-07-13 07:40:18,730 INFO  server.RaftServerConfigKeys (ConfUtils.java:logGet(43)) - raft.server.log.write.buffer.size = 33554432 (custom)
2019-07-13 07:40:18,730 INFO  server.RaftServerConfigKeys (ConfUtils.java:logGet(43)) - raft.server.log.force.sync.num = 128 (default)
2019-07-13 07:40:18,730 INFO  server.RaftServerConfigKeys (ConfUtils.java:logGet(43)) - raft.server.log.statemachine.data.sync = true (default)
2019-07-13 07:40:18,731 INFO  server.RaftServerConfigKeys (ConfUtils.java:logGet(43)) - raft.server.log.statemachine.data.sync.timeout = 10s (default)
2019-07-13 07:40:18,731 INFO  server.RaftServerConfigKeys (ConfUtils.java:logGet(43)) - raft.server.log.statemachine.data.sync.timeout.retry = -1 (default)
2019-07-13 07:40:18,731 INFO  server.RaftServerConfigKeys (ConfUtils.java:logGet(43)) - raft.server.log.statemachine.data.caching.enabled = true (custom)
2019-07-13 07:40:18,731 INFO  segmented.SegmentedRaftLogWorker (SegmentedRaftLogWorker.java:lambda$new$0(132)) - ff684012-ca29-499f-bfee-b2f0b93661eb-SegmentedRaftLogWorker:Storage Directory /tmp/workdir/hadoop-ozone/integration-test/target/test-dir/MiniOzoneClusterImpl-01fa958e-82b6-4203-8555-4362ad9f609d/datanode-0/data/ratis/a84515da-c24c-4139-856e-f28f887f63ca: flushIndex: setUnconditionally 0 -> -1
2019-07-13 07:40:18,732 INFO  server.RaftServerConfigKeys (ConfUtils.java:logGet(43)) - raft.server.snapshot.auto.trigger.enabled = true (custom)
2019-07-13 07:40:18,732 INFO  server.RaftServerConfigKeys (ConfUtils.java:logGet(43)) - raft.server.snapshot.auto.trigger.threshold = 10000 (custom)
2019-07-13 07:40:18,732 INFO  server.RaftServerConfigKeys (ConfUtils.java:logGet(43)) - raft.server.retrycache.expirytime = 600000ms (custom)
2019-07-13 07:40:18,732 INFO  impl.RaftServerImpl (RaftServerImpl.java:start(180)) - ff684012-ca29-499f-bfee-b2f0b93661eb: start group-F28F887F63CA
2019-07-13 07:40:18,733 INFO  impl.RaftServerImpl (RaftServerImpl.java:setRole(171)) - ff684012-ca29-499f-bfee-b2f0b93661eb:group-F28F887F63CA changes role from null to FOLLOWER at term 0 for startAsFollower
2019-07-13 07:40:18,733 INFO  impl.RoleInfo (RoleInfo.java:updateAndGet(143)) - ff684012-ca29-499f-bfee-b2f0b93661eb: start FollowerState
2019-07-13 07:40:18,734 INFO  util.JmxRegister (JmxRegister.java:tryRegister(44)) - Successfully registered JMX Bean with object name Ratis:service=RaftServer,group=group-F28F887F63CA,id=ff684012-ca29-499f-bfee-b2f0b93661eb
2019-07-13 07:40:18,737 INFO  pipeline.PipelineStateManager (PipelineStateManager.java:addPipeline(56)) - Created pipeline Pipeline[ Id: a84515da-c24c-4139-856e-f28f887f63ca, Nodes: ff684012-ca29-499f-bfee-b2f0b93661eb{ip: 192.168.69.84, host: trunk-nightly-9lh4p-2362225927, networkLocation: /default-rack, certSerialId: null}, Type:RATIS, Factor:ONE, State:OPEN]
2019-07-13 07:40:18,831 INFO  node.SCMNodeManager (SCMNodeManager.java:register(269)) - Registered Data node : cde4c7a7-ed6f-486b-aa44-7bcc6f205696{ip: 192.168.69.84, host: trunk-nightly-9lh4p-2362225927, networkLocation: /default-rack, certSerialId: null}
2019-07-13 07:40:18,842 INFO  impl.RaftServerProxy (RaftServerProxy.java:addNew(89)) - cde4c7a7-ed6f-486b-aa44-7bcc6f205696: addNew group-96E33F5020BE:[cde4c7a7-ed6f-486b-aa44-7bcc6f205696:192.168.69.84:42618] returns group-96E33F5020BE:java.util.concurrent.CompletableFuture@78f3b2d1[Not completed]
2019-07-13 07:40:18,847 INFO  impl.RaftServerImpl (RaftServerImpl.java:<init>(93)) - cde4c7a7-ed6f-486b-aa44-7bcc6f205696: new RaftServerImpl for group-96E33F5020BE:[cde4c7a7-ed6f-486b-aa44-7bcc6f205696:192.168.69.84:42618] with ContainerStateMachine:uninitialized
2019-07-13 07:40:18,847 INFO  server.RaftServerConfigKeys (ConfUtils.java:logGet(43)) - raft.server.rpc.timeout.min = 5s (custom)
2019-07-13 07:40:18,847 INFO  server.RaftServerConfigKeys (ConfUtils.java:logGet(43)) - raft.server.rpc.timeout.max = 5200ms (custom)
2019-07-13 07:40:18,848 INFO  server.RaftServerConfigKeys (ConfUtils.java:logGet(43)) - raft.server.rpcslowness.timeout = 120s (custom)
2019-07-13 07:40:18,848 INFO  server.RaftServerConfigKeys (ConfUtils.java:logGet(43)) - raft.server.sleep.deviation.threshold = 300 (default)
2019-07-13 07:40:18,848 INFO  server.RaftServerConfigKeys (ConfUtils.java:logGet(43)) - raft.server.log.appender.install.snapshot.enabled = false (custom)
2019-07-13 07:40:18,848 INFO  impl.RaftServerImpl (ServerState.java:<init>(105)) - cde4c7a7-ed6f-486b-aa44-7bcc6f205696:group-96E33F5020BE ConfigurationManager, init=-1: [cde4c7a7-ed6f-486b-aa44-7bcc6f205696:192.168.69.84:42618], old=null, confs=<EMPTY_MAP>
2019-07-13 07:40:18,849 INFO  server.RaftServerConfigKeys (ConfUtils.java:logGet(43)) - raft.server.storage.dir = [/tmp/workdir/hadoop-ozone/integration-test/target/test-dir/MiniOzoneClusterImpl-01fa958e-82b6-4203-8555-4362ad9f609d/datanode-1/data/ratis] (custom)
2019-07-13 07:40:18,850 INFO  storage.RaftStorageDirectory (RaftStorageDirectory.java:analyzeStorage(246)) - The storage directory /tmp/workdir/hadoop-ozone/integration-test/target/test-dir/MiniOzoneClusterImpl-01fa958e-82b6-4203-8555-4362ad9f609d/datanode-1/data/ratis/36d415bf-7e77-4060-987e-96e33f5020be does not exist. Creating ...
2019-07-13 07:40:18,864 INFO  storage.RaftStorageDirectory (RaftStorageDirectory.java:tryLock(328)) - Lock on /tmp/workdir/hadoop-ozone/integration-test/target/test-dir/MiniOzoneClusterImpl-01fa958e-82b6-4203-8555-4362ad9f609d/datanode-1/data/ratis/36d415bf-7e77-4060-987e-96e33f5020be/in_use.lock acquired by nodename 29913@trunk-nightly-9lh4p-2362225927
2019-07-13 07:40:18,877 INFO  storage.RaftStorage (RaftStorage.java:format(72)) - Storage directory /tmp/workdir/hadoop-ozone/integration-test/target/test-dir/MiniOzoneClusterImpl-01fa958e-82b6-4203-8555-4362ad9f609d/datanode-1/data/ratis/36d415bf-7e77-4060-987e-96e33f5020be has been successfully formatted.
2019-07-13 07:40:18,878 INFO  ratis.ContainerStateMachine (ContainerStateMachine.java:loadSnapshot(200)) - The snapshot info is null.Setting the last applied index to:(t:0, i:~)
2019-07-13 07:40:18,878 INFO  server.RaftServerConfigKeys (ConfUtils.java:logGet(43)) - raft.server.leader.election.timeout = 120s (custom)
2019-07-13 07:40:18,878 INFO  server.RaftServerConfigKeys (ConfUtils.java:logGet(43)) - raft.server.log.use.memory = false (default)
2019-07-13 07:40:18,878 INFO  server.RaftServerConfigKeys (ConfUtils.java:logGet(43)) - raft.server.log.purge.gap = 1000000000 (custom)
2019-07-13 07:40:18,879 INFO  server.RaftServerConfigKeys (ConfUtils.java:logGet(43)) - raft.server.log.appender.buffer.byte-limit = 33554432 (custom)
2019-07-13 07:40:18,879 INFO  server.RaftServerConfigKeys (ConfUtils.java:logGet(43)) - raft.server.log.segment.size.max = 1048576 (custom)
2019-07-13 07:40:18,879 INFO  server.RaftServerConfigKeys (ConfUtils.java:logGet(43)) - raft.server.log.segment.cache.num.max = 2 (custom)
2019-07-13 07:40:18,879 INFO  segmented.SegmentedRaftLogWorker (SegmentedRaftLogWorker.java:<init>(172)) - new cde4c7a7-ed6f-486b-aa44-7bcc6f205696-SegmentedRaftLogWorker:Storage Directory /tmp/workdir/hadoop-ozone/integration-test/target/test-dir/MiniOzoneClusterImpl-01fa958e-82b6-4203-8555-4362ad9f609d/datanode-1/data/ratis/36d415bf-7e77-4060-987e-96e33f5020be for RaftStorage:Storage Directory /tmp/workdir/hadoop-ozone/integration-test/target/test-dir/MiniOzoneClusterImpl-01fa958e-82b6-4203-8555-4362ad9f609d/datanode-1/data/ratis/36d415bf-7e77-4060-987e-96e33f5020be
2019-07-13 07:40:18,880 INFO  server.RaftServerConfigKeys (ConfUtils.java:logGet(43)) - raft.server.log.queue.byte-limit = 2147483647 (custom)
2019-07-13 07:40:18,880 INFO  server.RaftServerConfigKeys (ConfUtils.java:logGet(43)) - raft.server.log.queue.element-limit = 1024 (custom)
2019-07-13 07:40:18,880 INFO  server.RaftServerConfigKeys (ConfUtils.java:logGet(43)) - raft.server.log.segment.size.max = 1048576 (custom)
2019-07-13 07:40:18,880 INFO  server.RaftServerConfigKeys (ConfUtils.java:logGet(43)) - raft.server.log.preallocated.size = 16384 (custom)
2019-07-13 07:40:18,880 INFO  server.RaftServerConfigKeys (ConfUtils.java:logGet(43)) - raft.server.log.write.buffer.size = 33554432 (custom)
2019-07-13 07:40:18,881 INFO  server.RaftServerConfigKeys (ConfUtils.java:logGet(43)) - raft.server.log.force.sync.num = 128 (default)
2019-07-13 07:40:18,881 INFO  server.RaftServerConfigKeys (ConfUtils.java:logGet(43)) - raft.server.log.statemachine.data.sync = true (default)
2019-07-13 07:40:18,881 INFO  server.RaftServerConfigKeys (ConfUtils.java:logGet(43)) - raft.server.log.statemachine.data.sync.timeout = 10s (default)
2019-07-13 07:40:18,881 INFO  server.RaftServerConfigKeys (ConfUtils.java:logGet(43)) - raft.server.log.statemachine.data.sync.timeout.retry = -1 (default)
2019-07-13 07:40:18,882 INFO  server.RaftServerConfigKeys (ConfUtils.java:logGet(43)) - raft.server.log.statemachine.data.caching.enabled = true (custom)
2019-07-13 07:40:18,882 INFO  segmented.SegmentedRaftLogWorker (SegmentedRaftLogWorker.java:lambda$new$0(132)) - cde4c7a7-ed6f-486b-aa44-7bcc6f205696-SegmentedRaftLogWorker:Storage Directory /tmp/workdir/hadoop-ozone/integration-test/target/test-dir/MiniOzoneClusterImpl-01fa958e-82b6-4203-8555-4362ad9f609d/datanode-1/data/ratis/36d415bf-7e77-4060-987e-96e33f5020be: flushIndex: setUnconditionally 0 -> -1
2019-07-13 07:40:18,883 INFO  server.RaftServerConfigKeys (ConfUtils.java:logGet(43)) - raft.server.snapshot.auto.trigger.enabled = true (custom)
2019-07-13 07:40:18,883 INFO  server.RaftServerConfigKeys (ConfUtils.java:logGet(43)) - raft.server.snapshot.auto.trigger.threshold = 10000 (custom)
2019-07-13 07:40:18,883 INFO  server.RaftServerConfigKeys (ConfUtils.java:logGet(43)) - raft.server.retrycache.expirytime = 600000ms (custom)
2019-07-13 07:40:18,883 INFO  impl.RaftServerImpl (RaftServerImpl.java:start(180)) - cde4c7a7-ed6f-486b-aa44-7bcc6f205696: start group-96E33F5020BE
2019-07-13 07:40:18,883 INFO  impl.RaftServerImpl (RaftServerImpl.java:setRole(171)) - cde4c7a7-ed6f-486b-aa44-7bcc6f205696:group-96E33F5020BE changes role from null to FOLLOWER at term 0 for startAsFollower
2019-07-13 07:40:18,884 INFO  impl.RoleInfo (RoleInfo.java:updateAndGet(143)) - cde4c7a7-ed6f-486b-aa44-7bcc6f205696: start FollowerState
2019-07-13 07:40:18,884 INFO  util.JmxRegister (JmxRegister.java:tryRegister(44)) - Successfully registered JMX Bean with object name Ratis:service=RaftServer,group=group-96E33F5020BE,id=cde4c7a7-ed6f-486b-aa44-7bcc6f205696
2019-07-13 07:40:18,888 INFO  pipeline.PipelineStateManager (PipelineStateManager.java:addPipeline(56)) - Created pipeline Pipeline[ Id: 36d415bf-7e77-4060-987e-96e33f5020be, Nodes: cde4c7a7-ed6f-486b-aa44-7bcc6f205696{ip: 192.168.69.84, host: trunk-nightly-9lh4p-2362225927, networkLocation: /default-rack, certSerialId: null}, Type:RATIS, Factor:ONE, State:OPEN]
2019-07-13 07:40:18,981 INFO  ozone.MiniOzoneClusterImpl (MiniOzoneClusterImpl.java:lambda$waitForClusterToBeReady$0(142)) - Waiting for cluster to be ready. Got 2 of 7 DN Heartbeats.
2019-07-13 07:40:19,001 INFO  node.SCMNodeManager (SCMNodeManager.java:register(269)) - Registered Data node : 1fb4b77b-b50d-4859-a733-068ebc8e2c0c{ip: 192.168.69.84, host: trunk-nightly-9lh4p-2362225927, networkLocation: /default-rack, certSerialId: null}
2019-07-13 07:40:19,010 INFO  impl.RaftServerProxy (RaftServerProxy.java:addNew(89)) - 1fb4b77b-b50d-4859-a733-068ebc8e2c0c: addNew group-1D143183240B:[1fb4b77b-b50d-4859-a733-068ebc8e2c0c:192.168.69.84:41662] returns group-1D143183240B:java.util.concurrent.CompletableFuture@4a5d9ab7[Not completed]
2019-07-13 07:40:19,011 INFO  impl.RaftServerImpl (RaftServerImpl.java:<init>(93)) - 1fb4b77b-b50d-4859-a733-068ebc8e2c0c: new RaftServerImpl for group-1D143183240B:[1fb4b77b-b50d-4859-a733-068ebc8e2c0c:192.168.69.84:41662] with ContainerStateMachine:uninitialized
2019-07-13 07:40:19,011 INFO  server.RaftServerConfigKeys (ConfUtils.java:logGet(43)) - raft.server.rpc.timeout.min = 5s (custom)
2019-07-13 07:40:19,011 INFO  server.RaftServerConfigKeys (ConfUtils.java:logGet(43)) - raft.server.rpc.timeout.max = 5200ms (custom)
2019-07-13 07:40:19,011 INFO  server.RaftServerConfigKeys (ConfUtils.java:logGet(43)) - raft.server.rpcslowness.timeout = 120s (custom)
2019-07-13 07:40:19,011 INFO  server.RaftServerConfigKeys (ConfUtils.java:logGet(43)) - raft.server.sleep.deviation.threshold = 300 (default)
2019-07-13 07:40:19,012 INFO  server.RaftServerConfigKeys (ConfUtils.java:logGet(43)) - raft.server.log.appender.install.snapshot.enabled = false (custom)
2019-07-13 07:40:19,012 INFO  impl.RaftServerImpl (ServerState.java:<init>(105)) - 1fb4b77b-b50d-4859-a733-068ebc8e2c0c:group-1D143183240B ConfigurationManager, init=-1: [1fb4b77b-b50d-4859-a733-068ebc8e2c0c:192.168.69.84:41662], old=null, confs=<EMPTY_MAP>
2019-07-13 07:40:19,012 INFO  server.RaftServerConfigKeys (ConfUtils.java:logGet(43)) - raft.server.storage.dir = [/tmp/workdir/hadoop-ozone/integration-test/target/test-dir/MiniOzoneClusterImpl-01fa958e-82b6-4203-8555-4362ad9f609d/datanode-2/data/ratis] (custom)
2019-07-13 07:40:19,012 INFO  storage.RaftStorageDirectory (RaftStorageDirectory.java:analyzeStorage(246)) - The storage directory /tmp/workdir/hadoop-ozone/integration-test/target/test-dir/MiniOzoneClusterImpl-01fa958e-82b6-4203-8555-4362ad9f609d/datanode-2/data/ratis/8653dda1-556e-448c-826b-1d143183240b does not exist. Creating ...
2019-07-13 07:40:19,038 INFO  storage.RaftStorageDirectory (RaftStorageDirectory.java:tryLock(328)) - Lock on /tmp/workdir/hadoop-ozone/integration-test/target/test-dir/MiniOzoneClusterImpl-01fa958e-82b6-4203-8555-4362ad9f609d/datanode-2/data/ratis/8653dda1-556e-448c-826b-1d143183240b/in_use.lock acquired by nodename 29913@trunk-nightly-9lh4p-2362225927
2019-07-13 07:40:19,063 INFO  storage.RaftStorage (RaftStorage.java:format(72)) - Storage directory /tmp/workdir/hadoop-ozone/integration-test/target/test-dir/MiniOzoneClusterImpl-01fa958e-82b6-4203-8555-4362ad9f609d/datanode-2/data/ratis/8653dda1-556e-448c-826b-1d143183240b has been successfully formatted.
2019-07-13 07:40:19,063 INFO  ratis.ContainerStateMachine (ContainerStateMachine.java:loadSnapshot(200)) - The snapshot info is null.Setting the last applied index to:(t:0, i:~)
2019-07-13 07:40:19,063 INFO  server.RaftServerConfigKeys (ConfUtils.java:logGet(43)) - raft.server.leader.election.timeout = 120s (custom)
2019-07-13 07:40:19,063 INFO  server.RaftServerConfigKeys (ConfUtils.java:logGet(43)) - raft.server.log.use.memory = false (default)
2019-07-13 07:40:19,063 INFO  server.RaftServerConfigKeys (ConfUtils.java:logGet(43)) - raft.server.log.purge.gap = 1000000000 (custom)
2019-07-13 07:40:19,063 INFO  server.RaftServerConfigKeys (ConfUtils.java:logGet(43)) - raft.server.log.appender.buffer.byte-limit = 33554432 (custom)
2019-07-13 07:40:19,064 INFO  server.RaftServerConfigKeys (ConfUtils.java:logGet(43)) - raft.server.log.segment.size.max = 1048576 (custom)
2019-07-13 07:40:19,064 INFO  server.RaftServerConfigKeys (ConfUtils.java:logGet(43)) - raft.server.log.segment.cache.num.max = 2 (custom)
2019-07-13 07:40:19,064 INFO  segmented.SegmentedRaftLogWorker (SegmentedRaftLogWorker.java:<init>(172)) - new 1fb4b77b-b50d-4859-a733-068ebc8e2c0c-SegmentedRaftLogWorker:Storage Directory /tmp/workdir/hadoop-ozone/integration-test/target/test-dir/MiniOzoneClusterImpl-01fa958e-82b6-4203-8555-4362ad9f609d/datanode-2/data/ratis/8653dda1-556e-448c-826b-1d143183240b for RaftStorage:Storage Directory /tmp/workdir/hadoop-ozone/integration-test/target/test-dir/MiniOzoneClusterImpl-01fa958e-82b6-4203-8555-4362ad9f609d/datanode-2/data/ratis/8653dda1-556e-448c-826b-1d143183240b
2019-07-13 07:40:19,064 INFO  server.RaftServerConfigKeys (ConfUtils.java:logGet(43)) - raft.server.log.queue.byte-limit = 2147483647 (custom)
2019-07-13 07:40:19,064 INFO  server.RaftServerConfigKeys (ConfUtils.java:logGet(43)) - raft.server.log.queue.element-limit = 1024 (custom)
2019-07-13 07:40:19,065 INFO  server.RaftServerConfigKeys (ConfUtils.java:logGet(43)) - raft.server.log.segment.size.max = 1048576 (custom)
2019-07-13 07:40:19,065 INFO  server.RaftServerConfigKeys (ConfUtils.java:logGet(43)) - raft.server.log.preallocated.size = 16384 (custom)
2019-07-13 07:40:19,065 INFO  server.RaftServerConfigKeys (ConfUtils.java:logGet(43)) - raft.server.log.write.buffer.size = 33554432 (custom)
2019-07-13 07:40:19,065 INFO  server.RaftServerConfigKeys (ConfUtils.java:logGet(43)) - raft.server.log.force.sync.num = 128 (default)
2019-07-13 07:40:19,065 INFO  server.RaftServerConfigKeys (ConfUtils.java:logGet(43)) - raft.server.log.statemachine.data.sync = true (default)
2019-07-13 07:40:19,065 INFO  server.RaftServerConfigKeys (ConfUtils.java:logGet(43)) - raft.server.log.statemachine.data.sync.timeout = 10s (default)
2019-07-13 07:40:19,066 INFO  server.RaftServerConfigKeys (ConfUtils.java:logGet(43)) - raft.server.log.statemachine.data.sync.timeout.retry = -1 (default)
2019-07-13 07:40:19,066 INFO  server.RaftServerConfigKeys (ConfUtils.java:logGet(43)) - raft.server.log.statemachine.data.caching.enabled = true (custom)
2019-07-13 07:40:19,067 INFO  segmented.SegmentedRaftLogWorker (SegmentedRaftLogWorker.java:lambda$new$0(132)) - 1fb4b77b-b50d-4859-a733-068ebc8e2c0c-SegmentedRaftLogWorker:Storage Directory /tmp/workdir/hadoop-ozone/integration-test/target/test-dir/MiniOzoneClusterImpl-01fa958e-82b6-4203-8555-4362ad9f609d/datanode-2/data/ratis/8653dda1-556e-448c-826b-1d143183240b: flushIndex: setUnconditionally 0 -> -1
2019-07-13 07:40:19,067 INFO  server.RaftServerConfigKeys (ConfUtils.java:logGet(43)) - raft.server.snapshot.auto.trigger.enabled = true (custom)
2019-07-13 07:40:19,067 INFO  server.RaftServerConfigKeys (ConfUtils.java:logGet(43)) - raft.server.snapshot.auto.trigger.threshold = 10000 (custom)
2019-07-13 07:40:19,067 INFO  server.RaftServerConfigKeys (ConfUtils.java:logGet(43)) - raft.server.retrycache.expirytime = 600000ms (custom)
2019-07-13 07:40:19,067 INFO  impl.RaftServerImpl (RaftServerImpl.java:start(180)) - 1fb4b77b-b50d-4859-a733-068ebc8e2c0c: start group-1D143183240B
2019-07-13 07:40:19,068 INFO  impl.RaftServerImpl (RaftServerImpl.java:setRole(171)) - 1fb4b77b-b50d-4859-a733-068ebc8e2c0c:group-1D143183240B changes role from null to FOLLOWER at term 0 for startAsFollower
2019-07-13 07:40:19,068 INFO  impl.RoleInfo (RoleInfo.java:updateAndGet(143)) - 1fb4b77b-b50d-4859-a733-068ebc8e2c0c: start FollowerState
2019-07-13 07:40:19,068 INFO  util.JmxRegister (JmxRegister.java:tryRegister(44)) - Successfully registered JMX Bean with object name Ratis:service=RaftServer,group=group-1D143183240B,id=1fb4b77b-b50d-4859-a733-068ebc8e2c0c
2019-07-13 07:40:19,070 INFO  pipeline.PipelineStateManager (PipelineStateManager.java:addPipeline(56)) - Created pipeline Pipeline[ Id: 8653dda1-556e-448c-826b-1d143183240b, Nodes: 1fb4b77b-b50d-4859-a733-068ebc8e2c0c{ip: 192.168.69.84, host: trunk-nightly-9lh4p-2362225927, networkLocation: /default-rack, certSerialId: null}, Type:RATIS, Factor:ONE, State:OPEN]
2019-07-13 07:40:19,089 INFO  impl.RaftServerProxy (RaftServerProxy.java:addNew(89)) - 1fb4b77b-b50d-4859-a733-068ebc8e2c0c: addNew group-0F9EE791D969:[ff684012-ca29-499f-bfee-b2f0b93661eb:192.168.69.84:45816, cde4c7a7-ed6f-486b-aa44-7bcc6f205696:192.168.69.84:42618, 1fb4b77b-b50d-4859-a733-068ebc8e2c0c:192.168.69.84:41662] returns group-0F9EE791D969:java.util.concurrent.CompletableFuture@136428da[Not completed]
2019-07-13 07:40:19,089 INFO  impl.RaftServerProxy (RaftServerProxy.java:addNew(89)) - ff684012-ca29-499f-bfee-b2f0b93661eb: addNew group-0F9EE791D969:[ff684012-ca29-499f-bfee-b2f0b93661eb:192.168.69.84:45816, cde4c7a7-ed6f-486b-aa44-7bcc6f205696:192.168.69.84:42618, 1fb4b77b-b50d-4859-a733-068ebc8e2c0c:192.168.69.84:41662] returns group-0F9EE791D969:java.util.concurrent.CompletableFuture@567d0c9e[Not completed]
2019-07-13 07:40:19,089 INFO  impl.RaftServerProxy (RaftServerProxy.java:addNew(89)) - cde4c7a7-ed6f-486b-aa44-7bcc6f205696: addNew group-0F9EE791D969:[ff684012-ca29-499f-bfee-b2f0b93661eb:192.168.69.84:45816, cde4c7a7-ed6f-486b-aa44-7bcc6f205696:192.168.69.84:42618, 1fb4b77b-b50d-4859-a733-068ebc8e2c0c:192.168.69.84:41662] returns group-0F9EE791D969:java.util.concurrent.CompletableFuture@1c46d5c0[Not completed]
2019-07-13 07:40:19,090 INFO  impl.RaftServerImpl (RaftServerImpl.java:<init>(93)) - 1fb4b77b-b50d-4859-a733-068ebc8e2c0c: new RaftServerImpl for group-0F9EE791D969:[ff684012-ca29-499f-bfee-b2f0b93661eb:192.168.69.84:45816, cde4c7a7-ed6f-486b-aa44-7bcc6f205696:192.168.69.84:42618, 1fb4b77b-b50d-4859-a733-068ebc8e2c0c:192.168.69.84:41662] with ContainerStateMachine:uninitialized
2019-07-13 07:40:19,091 INFO  server.RaftServerConfigKeys (ConfUtils.java:logGet(43)) - raft.server.rpc.timeout.min = 5s (custom)
2019-07-13 07:40:19,091 INFO  server.RaftServerConfigKeys (ConfUtils.java:logGet(43)) - raft.server.rpc.timeout.max = 5200ms (custom)
2019-07-13 07:40:19,091 INFO  server.RaftServerConfigKeys (ConfUtils.java:logGet(43)) - raft.server.rpcslowness.timeout = 120s (custom)
2019-07-13 07:40:19,091 INFO  server.RaftServerConfigKeys (ConfUtils.java:logGet(43)) - raft.server.sleep.deviation.threshold = 300 (default)
2019-07-13 07:40:19,091 INFO  server.RaftServerConfigKeys (ConfUtils.java:logGet(43)) - raft.server.log.appender.install.snapshot.enabled = false (custom)
2019-07-13 07:40:19,091 INFO  impl.RaftServerImpl (RaftServerImpl.java:<init>(93)) - cde4c7a7-ed6f-486b-aa44-7bcc6f205696: new RaftServerImpl for group-0F9EE791D969:[ff684012-ca29-499f-bfee-b2f0b93661eb:192.168.69.84:45816, cde4c7a7-ed6f-486b-aa44-7bcc6f205696:192.168.69.84:42618, 1fb4b77b-b50d-4859-a733-068ebc8e2c0c:192.168.69.84:41662] with ContainerStateMachine:uninitialized
2019-07-13 07:40:19,091 INFO  impl.RaftServerImpl (ServerState.java:<init>(105)) - 1fb4b77b-b50d-4859-a733-068ebc8e2c0c:group-0F9EE791D969 ConfigurationManager, init=-1: [ff684012-ca29-499f-bfee-b2f0b93661eb:192.168.69.84:45816, cde4c7a7-ed6f-486b-aa44-7bcc6f205696:192.168.69.84:42618, 1fb4b77b-b50d-4859-a733-068ebc8e2c0c:192.168.69.84:41662], old=null, confs=<EMPTY_MAP>
2019-07-13 07:40:19,092 INFO  server.RaftServerConfigKeys (ConfUtils.java:logGet(43)) - raft.server.rpc.timeout.min = 5s (custom)
2019-07-13 07:40:19,092 INFO  server.RaftServerConfigKeys (ConfUtils.java:logGet(43)) - raft.server.storage.dir = [/tmp/workdir/hadoop-ozone/integration-test/target/test-dir/MiniOzoneClusterImpl-01fa958e-82b6-4203-8555-4362ad9f609d/datanode-2/data/ratis] (custom)
2019-07-13 07:40:19,092 INFO  impl.RaftServerImpl (RaftServerImpl.java:<init>(93)) - ff684012-ca29-499f-bfee-b2f0b93661eb: new RaftServerImpl for group-0F9EE791D969:[ff684012-ca29-499f-bfee-b2f0b93661eb:192.168.69.84:45816, cde4c7a7-ed6f-486b-aa44-7bcc6f205696:192.168.69.84:42618, 1fb4b77b-b50d-4859-a733-068ebc8e2c0c:192.168.69.84:41662] with ContainerStateMachine:uninitialized
2019-07-13 07:40:19,092 INFO  server.RaftServerConfigKeys (ConfUtils.java:logGet(43)) - raft.server.rpc.timeout.max = 5200ms (custom)
2019-07-13 07:40:19,092 INFO  storage.RaftStorageDirectory (RaftStorageDirectory.java:analyzeStorage(246)) - The storage directory /tmp/workdir/hadoop-ozone/integration-test/target/test-dir/MiniOzoneClusterImpl-01fa958e-82b6-4203-8555-4362ad9f609d/datanode-2/data/ratis/219d6f01-85d9-4718-8117-0f9ee791d969 does not exist. Creating ...
2019-07-13 07:40:19,092 INFO  server.RaftServerConfigKeys (ConfUtils.java:logGet(43)) - raft.server.rpc.timeout.min = 5s (custom)
2019-07-13 07:40:19,092 INFO  server.RaftServerConfigKeys (ConfUtils.java:logGet(43)) - raft.server.rpcslowness.timeout = 120s (custom)
2019-07-13 07:40:19,093 INFO  server.RaftServerConfigKeys (ConfUtils.java:logGet(43)) - raft.server.rpc.timeout.max = 5200ms (custom)
2019-07-13 07:40:19,093 INFO  server.RaftServerConfigKeys (ConfUtils.java:logGet(43)) - raft.server.sleep.deviation.threshold = 300 (default)
2019-07-13 07:40:19,093 INFO  server.RaftServerConfigKeys (ConfUtils.java:logGet(43)) - raft.server.rpcslowness.timeout = 120s (custom)
2019-07-13 07:40:19,093 INFO  server.RaftServerConfigKeys (ConfUtils.java:logGet(43)) - raft.server.log.appender.install.snapshot.enabled = false (custom)
2019-07-13 07:40:19,094 INFO  server.RaftServerConfigKeys (ConfUtils.java:logGet(43)) - raft.server.sleep.deviation.threshold = 300 (default)
2019-07-13 07:40:19,094 INFO  impl.RaftServerImpl (ServerState.java:<init>(105)) - cde4c7a7-ed6f-486b-aa44-7bcc6f205696:group-0F9EE791D969 ConfigurationManager, init=-1: [ff684012-ca29-499f-bfee-b2f0b93661eb:192.168.69.84:45816, cde4c7a7-ed6f-486b-aa44-7bcc6f205696:192.168.69.84:42618, 1fb4b77b-b50d-4859-a733-068ebc8e2c0c:192.168.69.84:41662], old=null, confs=<EMPTY_MAP>
2019-07-13 07:40:19,094 INFO  server.RaftServerConfigKeys (ConfUtils.java:logGet(43)) - raft.server.log.appender.install.snapshot.enabled = false (custom)
2019-07-13 07:40:19,094 INFO  server.RaftServerConfigKeys (ConfUtils.java:logGet(43)) - raft.server.storage.dir = [/tmp/workdir/hadoop-ozone/integration-test/target/test-dir/MiniOzoneClusterImpl-01fa958e-82b6-4203-8555-4362ad9f609d/datanode-1/data/ratis] (custom)
2019-07-13 07:40:19,094 INFO  impl.RaftServerImpl (ServerState.java:<init>(105)) - ff684012-ca29-499f-bfee-b2f0b93661eb:group-0F9EE791D969 ConfigurationManager, init=-1: [ff684012-ca29-499f-bfee-b2f0b93661eb:192.168.69.84:45816, cde4c7a7-ed6f-486b-aa44-7bcc6f205696:192.168.69.84:42618, 1fb4b77b-b50d-4859-a733-068ebc8e2c0c:192.168.69.84:41662], old=null, confs=<EMPTY_MAP>
2019-07-13 07:40:19,095 INFO  server.RaftServerConfigKeys (ConfUtils.java:logGet(43)) - raft.server.storage.dir = [/tmp/workdir/hadoop-ozone/integration-test/target/test-dir/MiniOzoneClusterImpl-01fa958e-82b6-4203-8555-4362ad9f609d/datanode-0/data/ratis] (custom)
2019-07-13 07:40:19,095 INFO  storage.RaftStorageDirectory (RaftStorageDirectory.java:analyzeStorage(246)) - The storage directory /tmp/workdir/hadoop-ozone/integration-test/target/test-dir/MiniOzoneClusterImpl-01fa958e-82b6-4203-8555-4362ad9f609d/datanode-1/data/ratis/219d6f01-85d9-4718-8117-0f9ee791d969 does not exist. Creating ...
2019-07-13 07:40:19,095 INFO  storage.RaftStorageDirectory (RaftStorageDirectory.java:analyzeStorage(246)) - The storage directory /tmp/workdir/hadoop-ozone/integration-test/target/test-dir/MiniOzoneClusterImpl-01fa958e-82b6-4203-8555-4362ad9f609d/datanode-0/data/ratis/219d6f01-85d9-4718-8117-0f9ee791d969 does not exist. Creating ...
2019-07-13 07:40:19,118 INFO  storage.RaftStorageDirectory (RaftStorageDirectory.java:tryLock(328)) - Lock on /tmp/workdir/hadoop-ozone/integration-test/target/test-dir/MiniOzoneClusterImpl-01fa958e-82b6-4203-8555-4362ad9f609d/datanode-0/data/ratis/219d6f01-85d9-4718-8117-0f9ee791d969/in_use.lock acquired by nodename 29913@trunk-nightly-9lh4p-2362225927
2019-07-13 07:40:19,118 INFO  storage.RaftStorageDirectory (RaftStorageDirectory.java:tryLock(328)) - Lock on /tmp/workdir/hadoop-ozone/integration-test/target/test-dir/MiniOzoneClusterImpl-01fa958e-82b6-4203-8555-4362ad9f609d/datanode-2/data/ratis/219d6f01-85d9-4718-8117-0f9ee791d969/in_use.lock acquired by nodename 29913@trunk-nightly-9lh4p-2362225927
2019-07-13 07:40:19,118 INFO  storage.RaftStorageDirectory (RaftStorageDirectory.java:tryLock(328)) - Lock on /tmp/workdir/hadoop-ozone/integration-test/target/test-dir/MiniOzoneClusterImpl-01fa958e-82b6-4203-8555-4362ad9f609d/datanode-1/data/ratis/219d6f01-85d9-4718-8117-0f9ee791d969/in_use.lock acquired by nodename 29913@trunk-nightly-9lh4p-2362225927
2019-07-13 07:40:19,144 INFO  storage.RaftStorage (RaftStorage.java:format(72)) - Storage directory /tmp/workdir/hadoop-ozone/integration-test/target/test-dir/MiniOzoneClusterImpl-01fa958e-82b6-4203-8555-4362ad9f609d/datanode-2/data/ratis/219d6f01-85d9-4718-8117-0f9ee791d969 has been successfully formatted.
2019-07-13 07:40:19,144 INFO  storage.RaftStorage (RaftStorage.java:format(72)) - Storage directory /tmp/workdir/hadoop-ozone/integration-test/target/test-dir/MiniOzoneClusterImpl-01fa958e-82b6-4203-8555-4362ad9f609d/datanode-1/data/ratis/219d6f01-85d9-4718-8117-0f9ee791d969 has been successfully formatted.
2019-07-13 07:40:19,144 INFO  storage.RaftStorage (RaftStorage.java:format(72)) - Storage directory /tmp/workdir/hadoop-ozone/integration-test/target/test-dir/MiniOzoneClusterImpl-01fa958e-82b6-4203-8555-4362ad9f609d/datanode-0/data/ratis/219d6f01-85d9-4718-8117-0f9ee791d969 has been successfully formatted.
2019-07-13 07:40:19,145 INFO  ratis.ContainerStateMachine (ContainerStateMachine.java:loadSnapshot(200)) - The snapshot info is null.Setting the last applied index to:(t:0, i:~)
2019-07-13 07:40:19,144 INFO  ratis.ContainerStateMachine (ContainerStateMachine.java:loadSnapshot(200)) - The snapshot info is null.Setting the last applied index to:(t:0, i:~)
2019-07-13 07:40:19,145 INFO  server.RaftServerConfigKeys (ConfUtils.java:logGet(43)) - raft.server.leader.election.timeout = 120s (custom)
2019-07-13 07:40:19,145 INFO  server.RaftServerConfigKeys (ConfUtils.java:logGet(43)) - raft.server.log.use.memory = false (default)
2019-07-13 07:40:19,145 INFO  ratis.ContainerStateMachine (ContainerStateMachine.java:loadSnapshot(200)) - The snapshot info is null.Setting the last applied index to:(t:0, i:~)
2019-07-13 07:40:19,145 INFO  server.RaftServerConfigKeys (ConfUtils.java:logGet(43)) - raft.server.log.purge.gap = 1000000000 (custom)
2019-07-13 07:40:19,145 INFO  server.RaftServerConfigKeys (ConfUtils.java:logGet(43)) - raft.server.leader.election.timeout = 120s (custom)
2019-07-13 07:40:19,146 INFO  server.RaftServerConfigKeys (ConfUtils.java:logGet(43)) - raft.server.log.appender.buffer.byte-limit = 33554432 (custom)
2019-07-13 07:40:19,146 INFO  server.RaftServerConfigKeys (ConfUtils.java:logGet(43)) - raft.server.leader.election.timeout = 120s (custom)
2019-07-13 07:40:19,146 INFO  server.RaftServerConfigKeys (ConfUtils.java:logGet(43)) - raft.server.log.segment.size.max = 1048576 (custom)
2019-07-13 07:40:19,146 INFO  server.RaftServerConfigKeys (ConfUtils.java:logGet(43)) - raft.server.log.use.memory = false (default)
2019-07-13 07:40:19,146 INFO  server.RaftServerConfigKeys (ConfUtils.java:logGet(43)) - raft.server.log.segment.cache.num.max = 2 (custom)
2019-07-13 07:40:19,146 INFO  server.RaftServerConfigKeys (ConfUtils.java:logGet(43)) - raft.server.log.use.memory = false (default)
2019-07-13 07:40:19,147 INFO  segmented.SegmentedRaftLogWorker (SegmentedRaftLogWorker.java:<init>(172)) - new cde4c7a7-ed6f-486b-aa44-7bcc6f205696-SegmentedRaftLogWorker:Storage Directory /tmp/workdir/hadoop-ozone/integration-test/target/test-dir/MiniOzoneClusterImpl-01fa958e-82b6-4203-8555-4362ad9f609d/datanode-1/data/ratis/219d6f01-85d9-4718-8117-0f9ee791d969 for RaftStorage:Storage Directory /tmp/workdir/hadoop-ozone/integration-test/target/test-dir/MiniOzoneClusterImpl-01fa958e-82b6-4203-8555-4362ad9f609d/datanode-1/data/ratis/219d6f01-85d9-4718-8117-0f9ee791d969
2019-07-13 07:40:19,146 INFO  server.RaftServerConfigKeys (ConfUtils.java:logGet(43)) - raft.server.log.purge.gap = 1000000000 (custom)
2019-07-13 07:40:19,147 INFO  server.RaftServerConfigKeys (ConfUtils.java:logGet(43)) - raft.server.log.queue.byte-limit = 2147483647 (custom)
2019-07-13 07:40:19,147 INFO  server.RaftServerConfigKeys (ConfUtils.java:logGet(43)) - raft.server.log.queue.element-limit = 1024 (custom)
2019-07-13 07:40:19,147 INFO  server.RaftServerConfigKeys (ConfUtils.java:logGet(43)) - raft.server.log.purge.gap = 1000000000 (custom)
2019-07-13 07:40:19,147 INFO  server.RaftServerConfigKeys (ConfUtils.java:logGet(43)) - raft.server.log.segment.size.max = 1048576 (custom)
2019-07-13 07:40:19,148 INFO  server.RaftServerConfigKeys (ConfUtils.java:logGet(43)) - raft.server.log.preallocated.size = 16384 (custom)
2019-07-13 07:40:19,147 INFO  server.RaftServerConfigKeys (ConfUtils.java:logGet(43)) - raft.server.log.appender.buffer.byte-limit = 33554432 (custom)
2019-07-13 07:40:19,148 INFO  server.RaftServerConfigKeys (ConfUtils.java:logGet(43)) - raft.server.log.write.buffer.size = 33554432 (custom)
2019-07-13 07:40:19,148 INFO  server.RaftServerConfigKeys (ConfUtils.java:logGet(43)) - raft.server.log.force.sync.num = 128 (default)
2019-07-13 07:40:19,148 INFO  server.RaftServerConfigKeys (ConfUtils.java:logGet(43)) - raft.server.log.appender.buffer.byte-limit = 33554432 (custom)
2019-07-13 07:40:19,148 INFO  server.RaftServerConfigKeys (ConfUtils.java:logGet(43)) - raft.server.log.statemachine.data.sync = true (default)
2019-07-13 07:40:19,148 INFO  server.RaftServerConfigKeys (ConfUtils.java:logGet(43)) - raft.server.log.segment.size.max = 1048576 (custom)
2019-07-13 07:40:19,149 INFO  server.RaftServerConfigKeys (ConfUtils.java:logGet(43)) - raft.server.log.statemachine.data.sync.timeout = 10s (default)
2019-07-13 07:40:19,149 INFO  server.RaftServerConfigKeys (ConfUtils.java:logGet(43)) - raft.server.log.statemachine.data.sync.timeout.retry = -1 (default)
2019-07-13 07:40:19,149 INFO  server.RaftServerConfigKeys (ConfUtils.java:logGet(43)) - raft.server.log.segment.size.max = 1048576 (custom)
2019-07-13 07:40:19,149 INFO  server.RaftServerConfigKeys (ConfUtils.java:logGet(43)) - raft.server.log.statemachine.data.caching.enabled = true (custom)
2019-07-13 07:40:19,149 INFO  server.RaftServerConfigKeys (ConfUtils.java:logGet(43)) - raft.server.log.segment.cache.num.max = 2 (custom)
2019-07-13 07:40:19,150 INFO  server.RaftServerConfigKeys (ConfUtils.java:logGet(43)) - raft.server.log.segment.cache.num.max = 2 (custom)
2019-07-13 07:40:19,150 INFO  segmented.SegmentedRaftLogWorker (SegmentedRaftLogWorker.java:lambda$new$0(132)) - cde4c7a7-ed6f-486b-aa44-7bcc6f205696-SegmentedRaftLogWorker:Storage Directory /tmp/workdir/hadoop-ozone/integration-test/target/test-dir/MiniOzoneClusterImpl-01fa958e-82b6-4203-8555-4362ad9f609d/datanode-1/data/ratis/219d6f01-85d9-4718-8117-0f9ee791d969: flushIndex: setUnconditionally 0 -> -1
2019-07-13 07:40:19,150 INFO  segmented.SegmentedRaftLogWorker (SegmentedRaftLogWorker.java:<init>(172)) - new 1fb4b77b-b50d-4859-a733-068ebc8e2c0c-SegmentedRaftLogWorker:Storage Directory /tmp/workdir/hadoop-ozone/integration-test/target/test-dir/MiniOzoneClusterImpl-01fa958e-82b6-4203-8555-4362ad9f609d/datanode-2/data/ratis/219d6f01-85d9-4718-8117-0f9ee791d969 for RaftStorage:Storage Directory /tmp/workdir/hadoop-ozone/integration-test/target/test-dir/MiniOzoneClusterImpl-01fa958e-82b6-4203-8555-4362ad9f609d/datanode-2/data/ratis/219d6f01-85d9-4718-8117-0f9ee791d969
2019-07-13 07:40:19,150 INFO  segmented.SegmentedRaftLogWorker (SegmentedRaftLogWorker.java:<init>(172)) - new ff684012-ca29-499f-bfee-b2f0b93661eb-SegmentedRaftLogWorker:Storage Directory /tmp/workdir/hadoop-ozone/integration-test/target/test-dir/MiniOzoneClusterImpl-01fa958e-82b6-4203-8555-4362ad9f609d/datanode-0/data/ratis/219d6f01-85d9-4718-8117-0f9ee791d969 for RaftStorage:Storage Directory /tmp/workdir/hadoop-ozone/integration-test/target/test-dir/MiniOzoneClusterImpl-01fa958e-82b6-4203-8555-4362ad9f609d/datanode-0/data/ratis/219d6f01-85d9-4718-8117-0f9ee791d969
2019-07-13 07:40:19,150 INFO  server.RaftServerConfigKeys (ConfUtils.java:logGet(43)) - raft.server.log.queue.byte-limit = 2147483647 (custom)
2019-07-13 07:40:19,150 INFO  server.RaftServerConfigKeys (ConfUtils.java:logGet(43)) - raft.server.snapshot.auto.trigger.enabled = true (custom)
2019-07-13 07:40:19,151 INFO  server.RaftServerConfigKeys (ConfUtils.java:logGet(43)) - raft.server.log.queue.element-limit = 1024 (custom)
2019-07-13 07:40:19,151 INFO  server.RaftServerConfigKeys (ConfUtils.java:logGet(43)) - raft.server.log.queue.byte-limit = 2147483647 (custom)
2019-07-13 07:40:19,151 INFO  server.RaftServerConfigKeys (ConfUtils.java:logGet(43)) - raft.server.log.segment.size.max = 1048576 (custom)
2019-07-13 07:40:19,151 INFO  server.RaftServerConfigKeys (ConfUtils.java:logGet(43)) - raft.server.snapshot.auto.trigger.threshold = 10000 (custom)
2019-07-13 07:40:19,151 INFO  server.RaftServerConfigKeys (ConfUtils.java:logGet(43)) - raft.server.log.preallocated.size = 16384 (custom)
2019-07-13 07:40:19,152 INFO  server.RaftServerConfigKeys (ConfUtils.java:logGet(43)) - raft.server.log.write.buffer.size = 33554432 (custom)
2019-07-13 07:40:19,151 INFO  server.RaftServerConfigKeys (ConfUtils.java:logGet(43)) - raft.server.log.queue.element-limit = 1024 (custom)
2019-07-13 07:40:19,152 INFO  server.RaftServerConfigKeys (ConfUtils.java:logGet(43)) - raft.server.log.force.sync.num = 128 (default)
2019-07-13 07:40:19,152 INFO  server.RaftServerConfigKeys (ConfUtils.java:logGet(43)) - raft.server.log.statemachine.data.sync = true (default)
2019-07-13 07:40:19,152 INFO  server.RaftServerConfigKeys (ConfUtils.java:logGet(43)) - raft.server.retrycache.expirytime = 600000ms (custom)
2019-07-13 07:40:19,152 INFO  server.RaftServerConfigKeys (ConfUtils.java:logGet(43)) - raft.server.log.statemachine.data.sync.timeout = 10s (default)
2019-07-13 07:40:19,153 INFO  server.RaftServerConfigKeys (ConfUtils.java:logGet(43)) - raft.server.log.statemachine.data.sync.timeout.retry = -1 (default)
2019-07-13 07:40:19,152 INFO  server.RaftServerConfigKeys (ConfUtils.java:logGet(43)) - raft.server.log.segment.size.max = 1048576 (custom)
2019-07-13 07:40:19,153 INFO  server.RaftServerConfigKeys (ConfUtils.java:logGet(43)) - raft.server.log.statemachine.data.caching.enabled = true (custom)
2019-07-13 07:40:19,153 INFO  impl.RaftServerImpl (RaftServerImpl.java:start(180)) - cde4c7a7-ed6f-486b-aa44-7bcc6f205696: start group-0F9EE791D969
2019-07-13 07:40:19,153 INFO  segmented.SegmentedRaftLogWorker (SegmentedRaftLogWorker.java:lambda$new$0(132)) - 1fb4b77b-b50d-4859-a733-068ebc8e2c0c-SegmentedRaftLogWorker:Storage Directory /tmp/workdir/hadoop-ozone/integration-test/target/test-dir/MiniOzoneClusterImpl-01fa958e-82b6-4203-8555-4362ad9f609d/datanode-2/data/ratis/219d6f01-85d9-4718-8117-0f9ee791d969: flushIndex: setUnconditionally 0 -> -1
2019-07-13 07:40:19,153 INFO  server.RaftServerConfigKeys (ConfUtils.java:logGet(43)) - raft.server.log.preallocated.size = 16384 (custom)
2019-07-13 07:40:19,154 INFO  server.RaftServerConfigKeys (ConfUtils.java:logGet(43)) - raft.server.log.write.buffer.size = 33554432 (custom)
2019-07-13 07:40:19,153 INFO  impl.RaftServerImpl (RaftServerImpl.java:setRole(171)) - cde4c7a7-ed6f-486b-aa44-7bcc6f205696:group-0F9EE791D969 changes role from null to FOLLOWER at term 0 for startAsFollower
2019-07-13 07:40:19,154 INFO  server.RaftServerConfigKeys (ConfUtils.java:logGet(43)) - raft.server.log.force.sync.num = 128 (default)
2019-07-13 07:40:19,154 INFO  server.RaftServerConfigKeys (ConfUtils.java:logGet(43)) - raft.server.log.statemachine.data.sync = true (default)
2019-07-13 07:40:19,154 INFO  server.RaftServerConfigKeys (ConfUtils.java:logGet(43)) - raft.server.snapshot.auto.trigger.enabled = true (custom)
2019-07-13 07:40:19,154 INFO  server.RaftServerConfigKeys (ConfUtils.java:logGet(43)) - raft.server.log.statemachine.data.sync.timeout = 10s (default)
2019-07-13 07:40:19,154 INFO  impl.RoleInfo (RoleInfo.java:updateAndGet(143)) - cde4c7a7-ed6f-486b-aa44-7bcc6f205696: start FollowerState
2019-07-13 07:40:19,155 INFO  server.RaftServerConfigKeys (ConfUtils.java:logGet(43)) - raft.server.log.statemachine.data.sync.timeout.retry = -1 (default)
2019-07-13 07:40:19,155 INFO  server.RaftServerConfigKeys (ConfUtils.java:logGet(43)) - raft.server.snapshot.auto.trigger.threshold = 10000 (custom)
2019-07-13 07:40:19,155 INFO  server.RaftServerConfigKeys (ConfUtils.java:logGet(43)) - raft.server.log.statemachine.data.caching.enabled = true (custom)
2019-07-13 07:40:19,155 INFO  server.RaftServerConfigKeys (ConfUtils.java:logGet(43)) - raft.server.retrycache.expirytime = 600000ms (custom)
2019-07-13 07:40:19,155 INFO  util.JmxRegister (JmxRegister.java:tryRegister(44)) - Successfully registered JMX Bean with object name Ratis:service=RaftServer,group=group-0F9EE791D969,id=cde4c7a7-ed6f-486b-aa44-7bcc6f205696
2019-07-13 07:40:19,156 INFO  impl.RaftServerImpl (RaftServerImpl.java:start(180)) - 1fb4b77b-b50d-4859-a733-068ebc8e2c0c: start group-0F9EE791D969
2019-07-13 07:40:19,156 INFO  segmented.SegmentedRaftLogWorker (SegmentedRaftLogWorker.java:lambda$new$0(132)) - ff684012-ca29-499f-bfee-b2f0b93661eb-SegmentedRaftLogWorker:Storage Directory /tmp/workdir/hadoop-ozone/integration-test/target/test-dir/MiniOzoneClusterImpl-01fa958e-82b6-4203-8555-4362ad9f609d/datanode-0/data/ratis/219d6f01-85d9-4718-8117-0f9ee791d969: flushIndex: setUnconditionally 0 -> -1
2019-07-13 07:40:19,156 INFO  impl.RaftServerImpl (RaftServerImpl.java:setRole(171)) - 1fb4b77b-b50d-4859-a733-068ebc8e2c0c:group-0F9EE791D969 changes role from null to FOLLOWER at term 0 for startAsFollower
2019-07-13 07:40:19,156 INFO  impl.RoleInfo (RoleInfo.java:updateAndGet(143)) - 1fb4b77b-b50d-4859-a733-068ebc8e2c0c: start FollowerState
2019-07-13 07:40:19,156 INFO  server.RaftServerConfigKeys (ConfUtils.java:logGet(43)) - raft.server.snapshot.auto.trigger.enabled = true (custom)
2019-07-13 07:40:19,156 INFO  server.RaftServerConfigKeys (ConfUtils.java:logGet(43)) - raft.server.snapshot.auto.trigger.threshold = 10000 (custom)
2019-07-13 07:40:19,157 INFO  server.RaftServerConfigKeys (ConfUtils.java:logGet(43)) - raft.server.retrycache.expirytime = 600000ms (custom)
2019-07-13 07:40:19,157 INFO  util.JmxRegister (JmxRegister.java:tryRegister(44)) - Successfully registered JMX Bean with object name Ratis:service=RaftServer,group=group-0F9EE791D969,id=1fb4b77b-b50d-4859-a733-068ebc8e2c0c
2019-07-13 07:40:19,157 INFO  impl.RaftServerImpl (RaftServerImpl.java:start(180)) - ff684012-ca29-499f-bfee-b2f0b93661eb: start group-0F9EE791D969
2019-07-13 07:40:19,157 INFO  impl.RaftServerImpl (RaftServerImpl.java:setRole(171)) - ff684012-ca29-499f-bfee-b2f0b93661eb:group-0F9EE791D969 changes role from null to FOLLOWER at term 0 for startAsFollower
2019-07-13 07:40:19,157 INFO  impl.RoleInfo (RoleInfo.java:updateAndGet(143)) - ff684012-ca29-499f-bfee-b2f0b93661eb: start FollowerState
2019-07-13 07:40:19,158 INFO  util.JmxRegister (JmxRegister.java:tryRegister(44)) - Successfully registered JMX Bean with object name Ratis:service=RaftServer,group=group-0F9EE791D969,id=ff684012-ca29-499f-bfee-b2f0b93661eb
2019-07-13 07:40:19,160 INFO  pipeline.PipelineStateManager (PipelineStateManager.java:addPipeline(56)) - Created pipeline Pipeline[ Id: 219d6f01-85d9-4718-8117-0f9ee791d969, Nodes: 1fb4b77b-b50d-4859-a733-068ebc8e2c0c{ip: 192.168.69.84, host: trunk-nightly-9lh4p-2362225927, networkLocation: /default-rack, certSerialId: null}cde4c7a7-ed6f-486b-aa44-7bcc6f205696{ip: 192.168.69.84, host: trunk-nightly-9lh4p-2362225927, networkLocation: /default-rack, certSerialId: null}ff684012-ca29-499f-bfee-b2f0b93661eb{ip: 192.168.69.84, host: trunk-nightly-9lh4p-2362225927, networkLocation: /default-rack, certSerialId: null}, Type:RATIS, Factor:THREE, State:OPEN]
2019-07-13 07:40:19,201 INFO  node.SCMNodeManager (SCMNodeManager.java:register(269)) - Registered Data node : ff527039-27c0-4097-9a5e-c6042cac39f7{ip: 192.168.69.84, host: trunk-nightly-9lh4p-2362225927, networkLocation: /default-rack, certSerialId: null}
2019-07-13 07:40:19,211 INFO  impl.RaftServerProxy (RaftServerProxy.java:addNew(89)) - ff527039-27c0-4097-9a5e-c6042cac39f7: addNew group-FF55F4E039DD:[ff527039-27c0-4097-9a5e-c6042cac39f7:192.168.69.84:35259] returns group-FF55F4E039DD:java.util.concurrent.CompletableFuture@25fa3ac7[Not completed]
2019-07-13 07:40:19,212 INFO  impl.RaftServerImpl (RaftServerImpl.java:<init>(93)) - ff527039-27c0-4097-9a5e-c6042cac39f7: new RaftServerImpl for group-FF55F4E039DD:[ff527039-27c0-4097-9a5e-c6042cac39f7:192.168.69.84:35259] with ContainerStateMachine:uninitialized
2019-07-13 07:40:19,212 INFO  server.RaftServerConfigKeys (ConfUtils.java:logGet(43)) - raft.server.rpc.timeout.min = 5s (custom)
2019-07-13 07:40:19,212 INFO  server.RaftServerConfigKeys (ConfUtils.java:logGet(43)) - raft.server.rpc.timeout.max = 5200ms (custom)
2019-07-13 07:40:19,212 INFO  server.RaftServerConfigKeys (ConfUtils.java:logGet(43)) - raft.server.rpcslowness.timeout = 120s (custom)
2019-07-13 07:40:19,212 INFO  server.RaftServerConfigKeys (ConfUtils.java:logGet(43)) - raft.server.sleep.deviation.threshold = 300 (default)
2019-07-13 07:40:19,212 INFO  server.RaftServerConfigKeys (ConfUtils.java:logGet(43)) - raft.server.log.appender.install.snapshot.enabled = false (custom)
2019-07-13 07:40:19,213 INFO  impl.RaftServerImpl (ServerState.java:<init>(105)) - ff527039-27c0-4097-9a5e-c6042cac39f7:group-FF55F4E039DD ConfigurationManager, init=-1: [ff527039-27c0-4097-9a5e-c6042cac39f7:192.168.69.84:35259], old=null, confs=<EMPTY_MAP>
2019-07-13 07:40:19,213 INFO  server.RaftServerConfigKeys (ConfUtils.java:logGet(43)) - raft.server.storage.dir = [/tmp/workdir/hadoop-ozone/integration-test/target/test-dir/MiniOzoneClusterImpl-01fa958e-82b6-4203-8555-4362ad9f609d/datanode-3/data/ratis] (custom)
2019-07-13 07:40:19,213 INFO  storage.RaftStorageDirectory (RaftStorageDirectory.java:analyzeStorage(246)) - The storage directory /tmp/workdir/hadoop-ozone/integration-test/target/test-dir/MiniOzoneClusterImpl-01fa958e-82b6-4203-8555-4362ad9f609d/datanode-3/data/ratis/9978e9fa-e919-4cb7-817d-ff55f4e039dd does not exist. Creating ...
2019-07-13 07:40:19,228 INFO  storage.RaftStorageDirectory (RaftStorageDirectory.java:tryLock(328)) - Lock on /tmp/workdir/hadoop-ozone/integration-test/target/test-dir/MiniOzoneClusterImpl-01fa958e-82b6-4203-8555-4362ad9f609d/datanode-3/data/ratis/9978e9fa-e919-4cb7-817d-ff55f4e039dd/in_use.lock acquired by nodename 29913@trunk-nightly-9lh4p-2362225927
2019-07-13 07:40:19,241 INFO  storage.RaftStorage (RaftStorage.java:format(72)) - Storage directory /tmp/workdir/hadoop-ozone/integration-test/target/test-dir/MiniOzoneClusterImpl-01fa958e-82b6-4203-8555-4362ad9f609d/datanode-3/data/ratis/9978e9fa-e919-4cb7-817d-ff55f4e039dd has been successfully formatted.
2019-07-13 07:40:19,241 INFO  ratis.ContainerStateMachine (ContainerStateMachine.java:loadSnapshot(200)) - The snapshot info is null.Setting the last applied index to:(t:0, i:~)
2019-07-13 07:40:19,241 INFO  server.RaftServerConfigKeys (ConfUtils.java:logGet(43)) - raft.server.leader.election.timeout = 120s (custom)
2019-07-13 07:40:19,241 INFO  server.RaftServerConfigKeys (ConfUtils.java:logGet(43)) - raft.server.log.use.memory = false (default)
2019-07-13 07:40:19,242 INFO  server.RaftServerConfigKeys (ConfUtils.java:logGet(43)) - raft.server.log.purge.gap = 1000000000 (custom)
2019-07-13 07:40:19,242 INFO  server.RaftServerConfigKeys (ConfUtils.java:logGet(43)) - raft.server.log.appender.buffer.byte-limit = 33554432 (custom)
2019-07-13 07:40:19,242 INFO  server.RaftServerConfigKeys (ConfUtils.java:logGet(43)) - raft.server.log.segment.size.max = 1048576 (custom)
2019-07-13 07:40:19,242 INFO  server.RaftServerConfigKeys (ConfUtils.java:logGet(43)) - raft.server.log.segment.cache.num.max = 2 (custom)
2019-07-13 07:40:19,242 INFO  segmented.SegmentedRaftLogWorker (SegmentedRaftLogWorker.java:<init>(172)) - new ff527039-27c0-4097-9a5e-c6042cac39f7-SegmentedRaftLogWorker:Storage Directory /tmp/workdir/hadoop-ozone/integration-test/target/test-dir/MiniOzoneClusterImpl-01fa958e-82b6-4203-8555-4362ad9f609d/datanode-3/data/ratis/9978e9fa-e919-4cb7-817d-ff55f4e039dd for RaftStorage:Storage Directory /tmp/workdir/hadoop-ozone/integration-test/target/test-dir/MiniOzoneClusterImpl-01fa958e-82b6-4203-8555-4362ad9f609d/datanode-3/data/ratis/9978e9fa-e919-4cb7-817d-ff55f4e039dd
2019-07-13 07:40:19,242 INFO  server.RaftServerConfigKeys (ConfUtils.java:logGet(43)) - raft.server.log.queue.byte-limit = 2147483647 (custom)
2019-07-13 07:40:19,243 INFO  server.RaftServerConfigKeys (ConfUtils.java:logGet(43)) - raft.server.log.queue.element-limit = 1024 (custom)
2019-07-13 07:40:19,243 INFO  server.RaftServerConfigKeys (ConfUtils.java:logGet(43)) - raft.server.log.segment.size.max = 1048576 (custom)
2019-07-13 07:40:19,243 INFO  server.RaftServerConfigKeys (ConfUtils.java:logGet(43)) - raft.server.log.preallocated.size = 16384 (custom)
2019-07-13 07:40:19,243 INFO  server.RaftServerConfigKeys (ConfUtils.java:logGet(43)) - raft.server.log.write.buffer.size = 33554432 (custom)
2019-07-13 07:40:19,243 INFO  server.RaftServerConfigKeys (ConfUtils.java:logGet(43)) - raft.server.log.force.sync.num = 128 (default)
2019-07-13 07:40:19,243 INFO  server.RaftServerConfigKeys (ConfUtils.java:logGet(43)) - raft.server.log.statemachine.data.sync = true (default)
2019-07-13 07:40:19,244 INFO  server.RaftServerConfigKeys (ConfUtils.java:logGet(43)) - raft.server.log.statemachine.data.sync.timeout = 10s (default)
2019-07-13 07:40:19,244 INFO  server.RaftServerConfigKeys (ConfUtils.java:logGet(43)) - raft.server.log.statemachine.data.sync.timeout.retry = -1 (default)
2019-07-13 07:40:19,244 INFO  server.RaftServerConfigKeys (ConfUtils.java:logGet(43)) - raft.server.log.statemachine.data.caching.enabled = true (custom)
2019-07-13 07:40:19,244 INFO  segmented.SegmentedRaftLogWorker (SegmentedRaftLogWorker.java:lambda$new$0(132)) - ff527039-27c0-4097-9a5e-c6042cac39f7-SegmentedRaftLogWorker:Storage Directory /tmp/workdir/hadoop-ozone/integration-test/target/test-dir/MiniOzoneClusterImpl-01fa958e-82b6-4203-8555-4362ad9f609d/datanode-3/data/ratis/9978e9fa-e919-4cb7-817d-ff55f4e039dd: flushIndex: setUnconditionally 0 -> -1
2019-07-13 07:40:19,245 INFO  server.RaftServerConfigKeys (ConfUtils.java:logGet(43)) - raft.server.snapshot.auto.trigger.enabled = true (custom)
2019-07-13 07:40:19,245 INFO  server.RaftServerConfigKeys (ConfUtils.java:logGet(43)) - raft.server.snapshot.auto.trigger.threshold = 10000 (custom)
2019-07-13 07:40:19,245 INFO  server.RaftServerConfigKeys (ConfUtils.java:logGet(43)) - raft.server.retrycache.expirytime = 600000ms (custom)
2019-07-13 07:40:19,245 INFO  impl.RaftServerImpl (RaftServerImpl.java:start(180)) - ff527039-27c0-4097-9a5e-c6042cac39f7: start group-FF55F4E039DD
2019-07-13 07:40:19,245 INFO  impl.RaftServerImpl (RaftServerImpl.java:setRole(171)) - ff527039-27c0-4097-9a5e-c6042cac39f7:group-FF55F4E039DD changes role from null to FOLLOWER at term 0 for startAsFollower
2019-07-13 07:40:19,245 INFO  impl.RoleInfo (RoleInfo.java:updateAndGet(143)) - ff527039-27c0-4097-9a5e-c6042cac39f7: start FollowerState
2019-07-13 07:40:19,246 INFO  util.JmxRegister (JmxRegister.java:tryRegister(44)) - Successfully registered JMX Bean with object name Ratis:service=RaftServer,group=group-FF55F4E039DD,id=ff527039-27c0-4097-9a5e-c6042cac39f7
2019-07-13 07:40:19,248 INFO  pipeline.PipelineStateManager (PipelineStateManager.java:addPipeline(56)) - Created pipeline Pipeline[ Id: 9978e9fa-e919-4cb7-817d-ff55f4e039dd, Nodes: ff527039-27c0-4097-9a5e-c6042cac39f7{ip: 192.168.69.84, host: trunk-nightly-9lh4p-2362225927, networkLocation: /default-rack, certSerialId: null}, Type:RATIS, Factor:ONE, State:OPEN]
2019-07-13 07:40:19,599 INFO  node.SCMNodeManager (SCMNodeManager.java:register(269)) - Registered Data node : 2169aba2-981b-4c65-8013-9e22e49ffea6{ip: 192.168.69.84, host: trunk-nightly-9lh4p-2362225927, networkLocation: /default-rack, certSerialId: null}
2019-07-13 07:40:19,614 INFO  impl.RaftServerProxy (RaftServerProxy.java:addNew(89)) - 2169aba2-981b-4c65-8013-9e22e49ffea6: addNew group-B5CF770D789E:[2169aba2-981b-4c65-8013-9e22e49ffea6:192.168.69.84:39284] returns group-B5CF770D789E:java.util.concurrent.CompletableFuture@6df5afee[Not completed]
2019-07-13 07:40:19,615 INFO  impl.RaftServerImpl (RaftServerImpl.java:<init>(93)) - 2169aba2-981b-4c65-8013-9e22e49ffea6: new RaftServerImpl for group-B5CF770D789E:[2169aba2-981b-4c65-8013-9e22e49ffea6:192.168.69.84:39284] with ContainerStateMachine:uninitialized
2019-07-13 07:40:19,616 INFO  server.RaftServerConfigKeys (ConfUtils.java:logGet(43)) - raft.server.rpc.timeout.min = 5s (custom)
2019-07-13 07:40:19,616 INFO  server.RaftServerConfigKeys (ConfUtils.java:logGet(43)) - raft.server.rpc.timeout.max = 5200ms (custom)
2019-07-13 07:40:19,616 INFO  server.RaftServerConfigKeys (ConfUtils.java:logGet(43)) - raft.server.rpcslowness.timeout = 120s (custom)
2019-07-13 07:40:19,616 INFO  server.RaftServerConfigKeys (ConfUtils.java:logGet(43)) - raft.server.sleep.deviation.threshold = 300 (default)
2019-07-13 07:40:19,616 INFO  server.RaftServerConfigKeys (ConfUtils.java:logGet(43)) - raft.server.log.appender.install.snapshot.enabled = false (custom)
2019-07-13 07:40:19,616 INFO  impl.RaftServerImpl (ServerState.java:<init>(105)) - 2169aba2-981b-4c65-8013-9e22e49ffea6:group-B5CF770D789E ConfigurationManager, init=-1: [2169aba2-981b-4c65-8013-9e22e49ffea6:192.168.69.84:39284], old=null, confs=<EMPTY_MAP>
2019-07-13 07:40:19,616 INFO  server.RaftServerConfigKeys (ConfUtils.java:logGet(43)) - raft.server.storage.dir = [/tmp/workdir/hadoop-ozone/integration-test/target/test-dir/MiniOzoneClusterImpl-01fa958e-82b6-4203-8555-4362ad9f609d/datanode-4/data/ratis] (custom)
2019-07-13 07:40:19,617 INFO  storage.RaftStorageDirectory (RaftStorageDirectory.java:analyzeStorage(246)) - The storage directory /tmp/workdir/hadoop-ozone/integration-test/target/test-dir/MiniOzoneClusterImpl-01fa958e-82b6-4203-8555-4362ad9f609d/datanode-4/data/ratis/6bedf80d-812b-48b8-8c2a-b5cf770d789e does not exist. Creating ...
2019-07-13 07:40:19,641 INFO  storage.RaftStorageDirectory (RaftStorageDirectory.java:tryLock(328)) - Lock on /tmp/workdir/hadoop-ozone/integration-test/target/test-dir/MiniOzoneClusterImpl-01fa958e-82b6-4203-8555-4362ad9f609d/datanode-4/data/ratis/6bedf80d-812b-48b8-8c2a-b5cf770d789e/in_use.lock acquired by nodename 29913@trunk-nightly-9lh4p-2362225927
2019-07-13 07:40:19,655 INFO  storage.RaftStorage (RaftStorage.java:format(72)) - Storage directory /tmp/workdir/hadoop-ozone/integration-test/target/test-dir/MiniOzoneClusterImpl-01fa958e-82b6-4203-8555-4362ad9f609d/datanode-4/data/ratis/6bedf80d-812b-48b8-8c2a-b5cf770d789e has been successfully formatted.
2019-07-13 07:40:19,655 INFO  ratis.ContainerStateMachine (ContainerStateMachine.java:loadSnapshot(200)) - The snapshot info is null.Setting the last applied index to:(t:0, i:~)
2019-07-13 07:40:19,655 INFO  server.RaftServerConfigKeys (ConfUtils.java:logGet(43)) - raft.server.leader.election.timeout = 120s (custom)
2019-07-13 07:40:19,655 INFO  server.RaftServerConfigKeys (ConfUtils.java:logGet(43)) - raft.server.log.use.memory = false (default)
2019-07-13 07:40:19,655 INFO  server.RaftServerConfigKeys (ConfUtils.java:logGet(43)) - raft.server.log.purge.gap = 1000000000 (custom)
2019-07-13 07:40:19,656 INFO  server.RaftServerConfigKeys (ConfUtils.java:logGet(43)) - raft.server.log.appender.buffer.byte-limit = 33554432 (custom)
2019-07-13 07:40:19,656 INFO  server.RaftServerConfigKeys (ConfUtils.java:logGet(43)) - raft.server.log.segment.size.max = 1048576 (custom)
2019-07-13 07:40:19,656 INFO  server.RaftServerConfigKeys (ConfUtils.java:logGet(43)) - raft.server.log.segment.cache.num.max = 2 (custom)
2019-07-13 07:40:19,656 INFO  segmented.SegmentedRaftLogWorker (SegmentedRaftLogWorker.java:<init>(172)) - new 2169aba2-981b-4c65-8013-9e22e49ffea6-SegmentedRaftLogWorker:Storage Directory /tmp/workdir/hadoop-ozone/integration-test/target/test-dir/MiniOzoneClusterImpl-01fa958e-82b6-4203-8555-4362ad9f609d/datanode-4/data/ratis/6bedf80d-812b-48b8-8c2a-b5cf770d789e for RaftStorage:Storage Directory /tmp/workdir/hadoop-ozone/integration-test/target/test-dir/MiniOzoneClusterImpl-01fa958e-82b6-4203-8555-4362ad9f609d/datanode-4/data/ratis/6bedf80d-812b-48b8-8c2a-b5cf770d789e
2019-07-13 07:40:19,656 INFO  server.RaftServerConfigKeys (ConfUtils.java:logGet(43)) - raft.server.log.queue.byte-limit = 2147483647 (custom)
2019-07-13 07:40:19,656 INFO  server.RaftServerConfigKeys (ConfUtils.java:logGet(43)) - raft.server.log.queue.element-limit = 1024 (custom)
2019-07-13 07:40:19,657 INFO  server.RaftServerConfigKeys (ConfUtils.java:logGet(43)) - raft.server.log.segment.size.max = 1048576 (custom)
2019-07-13 07:40:19,657 INFO  server.RaftServerConfigKeys (ConfUtils.java:logGet(43)) - raft.server.log.preallocated.size = 16384 (custom)
2019-07-13 07:40:19,657 INFO  server.RaftServerConfigKeys (ConfUtils.java:logGet(43)) - raft.server.log.write.buffer.size = 33554432 (custom)
2019-07-13 07:40:19,657 INFO  server.RaftServerConfigKeys (ConfUtils.java:logGet(43)) - raft.server.log.force.sync.num = 128 (default)
2019-07-13 07:40:19,657 INFO  server.RaftServerConfigKeys (ConfUtils.java:logGet(43)) - raft.server.log.statemachine.data.sync = true (default)
2019-07-13 07:40:19,657 INFO  server.RaftServerConfigKeys (ConfUtils.java:logGet(43)) - raft.server.log.statemachine.data.sync.timeout = 10s (default)
2019-07-13 07:40:19,657 INFO  server.RaftServerConfigKeys (ConfUtils.java:logGet(43)) - raft.server.log.statemachine.data.sync.timeout.retry = -1 (default)
2019-07-13 07:40:19,658 INFO  server.RaftServerConfigKeys (ConfUtils.java:logGet(43)) - raft.server.log.statemachine.data.caching.enabled = true (custom)
2019-07-13 07:40:19,658 INFO  segmented.SegmentedRaftLogWorker (SegmentedRaftLogWorker.java:lambda$new$0(132)) - 2169aba2-981b-4c65-8013-9e22e49ffea6-SegmentedRaftLogWorker:Storage Directory /tmp/workdir/hadoop-ozone/integration-test/target/test-dir/MiniOzoneClusterImpl-01fa958e-82b6-4203-8555-4362ad9f609d/datanode-4/data/ratis/6bedf80d-812b-48b8-8c2a-b5cf770d789e: flushIndex: setUnconditionally 0 -> -1
2019-07-13 07:40:19,658 INFO  server.RaftServerConfigKeys (ConfUtils.java:logGet(43)) - raft.server.snapshot.auto.trigger.enabled = true (custom)
2019-07-13 07:40:19,658 INFO  server.RaftServerConfigKeys (ConfUtils.java:logGet(43)) - raft.server.snapshot.auto.trigger.threshold = 10000 (custom)
2019-07-13 07:40:19,659 INFO  server.RaftServerConfigKeys (ConfUtils.java:logGet(43)) - raft.server.retrycache.expirytime = 600000ms (custom)
2019-07-13 07:40:19,659 INFO  impl.RaftServerImpl (RaftServerImpl.java:start(180)) - 2169aba2-981b-4c65-8013-9e22e49ffea6: start group-B5CF770D789E
2019-07-13 07:40:19,659 INFO  impl.RaftServerImpl (RaftServerImpl.java:setRole(171)) - 2169aba2-981b-4c65-8013-9e22e49ffea6:group-B5CF770D789E changes role from null to FOLLOWER at term 0 for startAsFollower
2019-07-13 07:40:19,659 INFO  impl.RoleInfo (RoleInfo.java:updateAndGet(143)) - 2169aba2-981b-4c65-8013-9e22e49ffea6: start FollowerState
2019-07-13 07:40:19,660 INFO  util.JmxRegister (JmxRegister.java:tryRegister(44)) - Successfully registered JMX Bean with object name Ratis:service=RaftServer,group=group-B5CF770D789E,id=2169aba2-981b-4c65-8013-9e22e49ffea6
2019-07-13 07:40:19,662 INFO  pipeline.PipelineStateManager (PipelineStateManager.java:addPipeline(56)) - Created pipeline Pipeline[ Id: 6bedf80d-812b-48b8-8c2a-b5cf770d789e, Nodes: 2169aba2-981b-4c65-8013-9e22e49ffea6{ip: 192.168.69.84, host: trunk-nightly-9lh4p-2362225927, networkLocation: /default-rack, certSerialId: null}, Type:RATIS, Factor:ONE, State:OPEN]
2019-07-13 07:40:19,810 INFO  node.SCMNodeManager (SCMNodeManager.java:register(269)) - Registered Data node : 5d1982ab-0084-45b3-a4d1-67d287322cc8{ip: 192.168.69.84, host: trunk-nightly-9lh4p-2362225927, networkLocation: /default-rack, certSerialId: null}
2019-07-13 07:40:19,816 INFO  impl.RaftServerProxy (RaftServerProxy.java:addNew(89)) - 5d1982ab-0084-45b3-a4d1-67d287322cc8: addNew group-6ECC458482B0:[5d1982ab-0084-45b3-a4d1-67d287322cc8:192.168.69.84:36142] returns group-6ECC458482B0:java.util.concurrent.CompletableFuture@23972c4b[Not completed]
2019-07-13 07:40:19,818 INFO  impl.RaftServerImpl (RaftServerImpl.java:<init>(93)) - 5d1982ab-0084-45b3-a4d1-67d287322cc8: new RaftServerImpl for group-6ECC458482B0:[5d1982ab-0084-45b3-a4d1-67d287322cc8:192.168.69.84:36142] with ContainerStateMachine:uninitialized
2019-07-13 07:40:19,818 INFO  server.RaftServerConfigKeys (ConfUtils.java:logGet(43)) - raft.server.rpc.timeout.min = 5s (custom)
2019-07-13 07:40:19,818 INFO  server.RaftServerConfigKeys (ConfUtils.java:logGet(43)) - raft.server.rpc.timeout.max = 5200ms (custom)
2019-07-13 07:40:19,818 INFO  server.RaftServerConfigKeys (ConfUtils.java:logGet(43)) - raft.server.rpcslowness.timeout = 120s (custom)
2019-07-13 07:40:19,818 INFO  server.RaftServerConfigKeys (ConfUtils.java:logGet(43)) - raft.server.sleep.deviation.threshold = 300 (default)
2019-07-13 07:40:19,818 INFO  server.RaftServerConfigKeys (ConfUtils.java:logGet(43)) - raft.server.log.appender.install.snapshot.enabled = false (custom)
2019-07-13 07:40:19,818 INFO  impl.RaftServerImpl (ServerState.java:<init>(105)) - 5d1982ab-0084-45b3-a4d1-67d287322cc8:group-6ECC458482B0 ConfigurationManager, init=-1: [5d1982ab-0084-45b3-a4d1-67d287322cc8:192.168.69.84:36142], old=null, confs=<EMPTY_MAP>
2019-07-13 07:40:19,819 INFO  server.RaftServerConfigKeys (ConfUtils.java:logGet(43)) - raft.server.storage.dir = [/tmp/workdir/hadoop-ozone/integration-test/target/test-dir/MiniOzoneClusterImpl-01fa958e-82b6-4203-8555-4362ad9f609d/datanode-5/data/ratis] (custom)
2019-07-13 07:40:19,819 INFO  storage.RaftStorageDirectory (RaftStorageDirectory.java:analyzeStorage(246)) - The storage directory /tmp/workdir/hadoop-ozone/integration-test/target/test-dir/MiniOzoneClusterImpl-01fa958e-82b6-4203-8555-4362ad9f609d/datanode-5/data/ratis/2535d4e2-9f79-4c97-bf72-6ecc458482b0 does not exist. Creating ...
2019-07-13 07:40:19,840 INFO  storage.RaftStorageDirectory (RaftStorageDirectory.java:tryLock(328)) - Lock on /tmp/workdir/hadoop-ozone/integration-test/target/test-dir/MiniOzoneClusterImpl-01fa958e-82b6-4203-8555-4362ad9f609d/datanode-5/data/ratis/2535d4e2-9f79-4c97-bf72-6ecc458482b0/in_use.lock acquired by nodename 29913@trunk-nightly-9lh4p-2362225927
2019-07-13 07:40:19,853 INFO  storage.RaftStorage (RaftStorage.java:format(72)) - Storage directory /tmp/workdir/hadoop-ozone/integration-test/target/test-dir/MiniOzoneClusterImpl-01fa958e-82b6-4203-8555-4362ad9f609d/datanode-5/data/ratis/2535d4e2-9f79-4c97-bf72-6ecc458482b0 has been successfully formatted.
2019-07-13 07:40:19,853 INFO  ratis.ContainerStateMachine (ContainerStateMachine.java:loadSnapshot(200)) - The snapshot info is null.Setting the last applied index to:(t:0, i:~)
2019-07-13 07:40:19,853 INFO  server.RaftServerConfigKeys (ConfUtils.java:logGet(43)) - raft.server.leader.election.timeout = 120s (custom)
2019-07-13 07:40:19,854 INFO  server.RaftServerConfigKeys (ConfUtils.java:logGet(43)) - raft.server.log.use.memory = false (default)
2019-07-13 07:40:19,854 INFO  server.RaftServerConfigKeys (ConfUtils.java:logGet(43)) - raft.server.log.purge.gap = 1000000000 (custom)
2019-07-13 07:40:19,854 INFO  server.RaftServerConfigKeys (ConfUtils.java:logGet(43)) - raft.server.log.appender.buffer.byte-limit = 33554432 (custom)
2019-07-13 07:40:19,854 INFO  server.RaftServerConfigKeys (ConfUtils.java:logGet(43)) - raft.server.log.segment.size.max = 1048576 (custom)
2019-07-13 07:40:19,854 INFO  server.RaftServerConfigKeys (ConfUtils.java:logGet(43)) - raft.server.log.segment.cache.num.max = 2 (custom)
2019-07-13 07:40:19,854 INFO  segmented.SegmentedRaftLogWorker (SegmentedRaftLogWorker.java:<init>(172)) - new 5d1982ab-0084-45b3-a4d1-67d287322cc8-SegmentedRaftLogWorker:Storage Directory /tmp/workdir/hadoop-ozone/integration-test/target/test-dir/MiniOzoneClusterImpl-01fa958e-82b6-4203-8555-4362ad9f609d/datanode-5/data/ratis/2535d4e2-9f79-4c97-bf72-6ecc458482b0 for RaftStorage:Storage Directory /tmp/workdir/hadoop-ozone/integration-test/target/test-dir/MiniOzoneClusterImpl-01fa958e-82b6-4203-8555-4362ad9f609d/datanode-5/data/ratis/2535d4e2-9f79-4c97-bf72-6ecc458482b0
2019-07-13 07:40:19,854 INFO  server.RaftServerConfigKeys (ConfUtils.java:logGet(43)) - raft.server.log.queue.byte-limit = 2147483647 (custom)
2019-07-13 07:40:19,855 INFO  server.RaftServerConfigKeys (ConfUtils.java:logGet(43)) - raft.server.log.queue.element-limit = 1024 (custom)
2019-07-13 07:40:19,855 INFO  server.RaftServerConfigKeys (ConfUtils.java:logGet(43)) - raft.server.log.segment.size.max = 1048576 (custom)
2019-07-13 07:40:19,855 INFO  server.RaftServerConfigKeys (ConfUtils.java:logGet(43)) - raft.server.log.preallocated.size = 16384 (custom)
2019-07-13 07:40:19,855 INFO  server.RaftServerConfigKeys (ConfUtils.java:logGet(43)) - raft.server.log.write.buffer.size = 33554432 (custom)
2019-07-13 07:40:19,855 INFO  server.RaftServerConfigKeys (ConfUtils.java:logGet(43)) - raft.server.log.force.sync.num = 128 (default)
2019-07-13 07:40:19,855 INFO  server.RaftServerConfigKeys (ConfUtils.java:logGet(43)) - raft.server.log.statemachine.data.sync = true (default)
2019-07-13 07:40:19,856 INFO  server.RaftServerConfigKeys (ConfUtils.java:logGet(43)) - raft.server.log.statemachine.data.sync.timeout = 10s (default)
2019-07-13 07:40:19,856 INFO  server.RaftServerConfigKeys (ConfUtils.java:logGet(43)) - raft.server.log.statemachine.data.sync.timeout.retry = -1 (default)
2019-07-13 07:40:19,856 INFO  server.RaftServerConfigKeys (ConfUtils.java:logGet(43)) - raft.server.log.statemachine.data.caching.enabled = true (custom)
2019-07-13 07:40:19,856 INFO  segmented.SegmentedRaftLogWorker (SegmentedRaftLogWorker.java:lambda$new$0(132)) - 5d1982ab-0084-45b3-a4d1-67d287322cc8-SegmentedRaftLogWorker:Storage Directory /tmp/workdir/hadoop-ozone/integration-test/target/test-dir/MiniOzoneClusterImpl-01fa958e-82b6-4203-8555-4362ad9f609d/datanode-5/data/ratis/2535d4e2-9f79-4c97-bf72-6ecc458482b0: flushIndex: setUnconditionally 0 -> -1
2019-07-13 07:40:19,857 INFO  server.RaftServerConfigKeys (ConfUtils.java:logGet(43)) - raft.server.snapshot.auto.trigger.enabled = true (custom)
2019-07-13 07:40:19,857 INFO  server.RaftServerConfigKeys (ConfUtils.java:logGet(43)) - raft.server.snapshot.auto.trigger.threshold = 10000 (custom)
2019-07-13 07:40:19,857 INFO  server.RaftServerConfigKeys (ConfUtils.java:logGet(43)) - raft.server.retrycache.expirytime = 600000ms (custom)
2019-07-13 07:40:19,857 INFO  impl.RaftServerImpl (RaftServerImpl.java:start(180)) - 5d1982ab-0084-45b3-a4d1-67d287322cc8: start group-6ECC458482B0
2019-07-13 07:40:19,857 INFO  impl.RaftServerImpl (RaftServerImpl.java:setRole(171)) - 5d1982ab-0084-45b3-a4d1-67d287322cc8:group-6ECC458482B0 changes role from null to FOLLOWER at term 0 for startAsFollower
2019-07-13 07:40:19,857 INFO  impl.RoleInfo (RoleInfo.java:updateAndGet(143)) - 5d1982ab-0084-45b3-a4d1-67d287322cc8: start FollowerState
2019-07-13 07:40:19,858 INFO  util.JmxRegister (JmxRegister.java:tryRegister(44)) - Successfully registered JMX Bean with object name Ratis:service=RaftServer,group=group-6ECC458482B0,id=5d1982ab-0084-45b3-a4d1-67d287322cc8
2019-07-13 07:40:19,860 INFO  pipeline.PipelineStateManager (PipelineStateManager.java:addPipeline(56)) - Created pipeline Pipeline[ Id: 2535d4e2-9f79-4c97-bf72-6ecc458482b0, Nodes: 5d1982ab-0084-45b3-a4d1-67d287322cc8{ip: 192.168.69.84, host: trunk-nightly-9lh4p-2362225927, networkLocation: /default-rack, certSerialId: null}, Type:RATIS, Factor:ONE, State:OPEN]
2019-07-13 07:40:19,872 INFO  impl.RaftServerProxy (RaftServerProxy.java:addNew(89)) - 5d1982ab-0084-45b3-a4d1-67d287322cc8: addNew group-B60962DB0CAD:[2169aba2-981b-4c65-8013-9e22e49ffea6:192.168.69.84:39284, ff527039-27c0-4097-9a5e-c6042cac39f7:192.168.69.84:35259, 5d1982ab-0084-45b3-a4d1-67d287322cc8:192.168.69.84:36142] returns group-B60962DB0CAD:java.util.concurrent.CompletableFuture@73b66b4[Not completed]
2019-07-13 07:40:19,873 INFO  impl.RaftServerProxy (RaftServerProxy.java:addNew(89)) - 2169aba2-981b-4c65-8013-9e22e49ffea6: addNew group-B60962DB0CAD:[2169aba2-981b-4c65-8013-9e22e49ffea6:192.168.69.84:39284, ff527039-27c0-4097-9a5e-c6042cac39f7:192.168.69.84:35259, 5d1982ab-0084-45b3-a4d1-67d287322cc8:192.168.69.84:36142] returns group-B60962DB0CAD:java.util.concurrent.CompletableFuture@16618cc2[Not completed]
2019-07-13 07:40:19,873 INFO  impl.RaftServerProxy (RaftServerProxy.java:addNew(89)) - ff527039-27c0-4097-9a5e-c6042cac39f7: addNew group-B60962DB0CAD:[2169aba2-981b-4c65-8013-9e22e49ffea6:192.168.69.84:39284, ff527039-27c0-4097-9a5e-c6042cac39f7:192.168.69.84:35259, 5d1982ab-0084-45b3-a4d1-67d287322cc8:192.168.69.84:36142] returns group-B60962DB0CAD:java.util.concurrent.CompletableFuture@91706ee[Not completed]
2019-07-13 07:40:19,874 INFO  impl.RaftServerImpl (RaftServerImpl.java:<init>(93)) - 5d1982ab-0084-45b3-a4d1-67d287322cc8: new RaftServerImpl for group-B60962DB0CAD:[2169aba2-981b-4c65-8013-9e22e49ffea6:192.168.69.84:39284, ff527039-27c0-4097-9a5e-c6042cac39f7:192.168.69.84:35259, 5d1982ab-0084-45b3-a4d1-67d287322cc8:192.168.69.84:36142] with ContainerStateMachine:uninitialized
2019-07-13 07:40:19,874 INFO  server.RaftServerConfigKeys (ConfUtils.java:logGet(43)) - raft.server.rpc.timeout.min = 5s (custom)
2019-07-13 07:40:19,874 INFO  server.RaftServerConfigKeys (ConfUtils.java:logGet(43)) - raft.server.rpc.timeout.max = 5200ms (custom)
2019-07-13 07:40:19,874 INFO  server.RaftServerConfigKeys (ConfUtils.java:logGet(43)) - raft.server.rpcslowness.timeout = 120s (custom)
2019-07-13 07:40:19,874 INFO  impl.RaftServerImpl (RaftServerImpl.java:<init>(93)) - 2169aba2-981b-4c65-8013-9e22e49ffea6: new RaftServerImpl for group-B60962DB0CAD:[2169aba2-981b-4c65-8013-9e22e49ffea6:192.168.69.84:39284, ff527039-27c0-4097-9a5e-c6042cac39f7:192.168.69.84:35259, 5d1982ab-0084-45b3-a4d1-67d287322cc8:192.168.69.84:36142] with ContainerStateMachine:uninitialized
2019-07-13 07:40:19,874 INFO  server.RaftServerConfigKeys (ConfUtils.java:logGet(43)) - raft.server.sleep.deviation.threshold = 300 (default)
2019-07-13 07:40:19,874 INFO  server.RaftServerConfigKeys (ConfUtils.java:logGet(43)) - raft.server.rpc.timeout.min = 5s (custom)
2019-07-13 07:40:19,875 INFO  impl.RaftServerImpl (RaftServerImpl.java:<init>(93)) - ff527039-27c0-4097-9a5e-c6042cac39f7: new RaftServerImpl for group-B60962DB0CAD:[2169aba2-981b-4c65-8013-9e22e49ffea6:192.168.69.84:39284, ff527039-27c0-4097-9a5e-c6042cac39f7:192.168.69.84:35259, 5d1982ab-0084-45b3-a4d1-67d287322cc8:192.168.69.84:36142] with ContainerStateMachine:uninitialized
2019-07-13 07:40:19,875 INFO  server.RaftServerConfigKeys (ConfUtils.java:logGet(43)) - raft.server.log.appender.install.snapshot.enabled = false (custom)
2019-07-13 07:40:19,875 INFO  server.RaftServerConfigKeys (ConfUtils.java:logGet(43)) - raft.server.rpc.timeout.min = 5s (custom)
2019-07-13 07:40:19,875 INFO  server.RaftServerConfigKeys (ConfUtils.java:logGet(43)) - raft.server.rpc.timeout.max = 5200ms (custom)
2019-07-13 07:40:19,875 INFO  server.RaftServerConfigKeys (ConfUtils.java:logGet(43)) - raft.server.rpc.timeout.max = 5200ms (custom)
2019-07-13 07:40:19,875 INFO  server.RaftServerConfigKeys (ConfUtils.java:logGet(43)) - raft.server.rpcslowness.timeout = 120s (custom)
2019-07-13 07:40:19,876 INFO  server.RaftServerConfigKeys (ConfUtils.java:logGet(43)) - raft.server.sleep.deviation.threshold = 300 (default)
2019-07-13 07:40:19,875 INFO  impl.RaftServerImpl (ServerState.java:<init>(105)) - 5d1982ab-0084-45b3-a4d1-67d287322cc8:group-B60962DB0CAD ConfigurationManager, init=-1: [2169aba2-981b-4c65-8013-9e22e49ffea6:192.168.69.84:39284, ff527039-27c0-4097-9a5e-c6042cac39f7:192.168.69.84:35259, 5d1982ab-0084-45b3-a4d1-67d287322cc8:192.168.69.84:36142], old=null, confs=<EMPTY_MAP>
2019-07-13 07:40:19,876 INFO  server.RaftServerConfigKeys (ConfUtils.java:logGet(43)) - raft.server.log.appender.install.snapshot.enabled = false (custom)
2019-07-13 07:40:19,876 INFO  impl.RaftServerImpl (ServerState.java:<init>(105)) - ff527039-27c0-4097-9a5e-c6042cac39f7:group-B60962DB0CAD ConfigurationManager, init=-1: [2169aba2-981b-4c65-8013-9e22e49ffea6:192.168.69.84:39284, ff527039-27c0-4097-9a5e-c6042cac39f7:192.168.69.84:35259, 5d1982ab-0084-45b3-a4d1-67d287322cc8:192.168.69.84:36142], old=null, confs=<EMPTY_MAP>
2019-07-13 07:40:19,876 INFO  server.RaftServerConfigKeys (ConfUtils.java:logGet(43)) - raft.server.rpcslowness.timeout = 120s (custom)
2019-07-13 07:40:19,876 INFO  server.RaftServerConfigKeys (ConfUtils.java:logGet(43)) - raft.server.storage.dir = [/tmp/workdir/hadoop-ozone/integration-test/target/test-dir/MiniOzoneClusterImpl-01fa958e-82b6-4203-8555-4362ad9f609d/datanode-3/data/ratis] (custom)
2019-07-13 07:40:19,876 INFO  server.RaftServerConfigKeys (ConfUtils.java:logGet(43)) - raft.server.storage.dir = [/tmp/workdir/hadoop-ozone/integration-test/target/test-dir/MiniOzoneClusterImpl-01fa958e-82b6-4203-8555-4362ad9f609d/datanode-5/data/ratis] (custom)
2019-07-13 07:40:19,876 INFO  server.RaftServerConfigKeys (ConfUtils.java:logGet(43)) - raft.server.sleep.deviation.threshold = 300 (default)
2019-07-13 07:40:19,877 INFO  storage.RaftStorageDirectory (RaftStorageDirectory.java:analyzeStorage(246)) - The storage directory /tmp/workdir/hadoop-ozone/integration-test/target/test-dir/MiniOzoneClusterImpl-01fa958e-82b6-4203-8555-4362ad9f609d/datanode-3/data/ratis/d2bfd832-0f71-463c-9068-b60962db0cad does not exist. Creating ...
2019-07-13 07:40:19,877 INFO  storage.RaftStorageDirectory (RaftStorageDirectory.java:analyzeStorage(246)) - The storage directory /tmp/workdir/hadoop-ozone/integration-test/target/test-dir/MiniOzoneClusterImpl-01fa958e-82b6-4203-8555-4362ad9f609d/datanode-5/data/ratis/d2bfd832-0f71-463c-9068-b60962db0cad does not exist. Creating ...
2019-07-13 07:40:19,877 INFO  server.RaftServerConfigKeys (ConfUtils.java:logGet(43)) - raft.server.log.appender.install.snapshot.enabled = false (custom)
2019-07-13 07:40:19,877 INFO  impl.RaftServerImpl (ServerState.java:<init>(105)) - 2169aba2-981b-4c65-8013-9e22e49ffea6:group-B60962DB0CAD ConfigurationManager, init=-1: [2169aba2-981b-4c65-8013-9e22e49ffea6:192.168.69.84:39284, ff527039-27c0-4097-9a5e-c6042cac39f7:192.168.69.84:35259, 5d1982ab-0084-45b3-a4d1-67d287322cc8:192.168.69.84:36142], old=null, confs=<EMPTY_MAP>
2019-07-13 07:40:19,878 INFO  server.RaftServerConfigKeys (ConfUtils.java:logGet(43)) - raft.server.storage.dir = [/tmp/workdir/hadoop-ozone/integration-test/target/test-dir/MiniOzoneClusterImpl-01fa958e-82b6-4203-8555-4362ad9f609d/datanode-4/data/ratis] (custom)
2019-07-13 07:40:19,878 INFO  storage.RaftStorageDirectory (RaftStorageDirectory.java:analyzeStorage(246)) - The storage directory /tmp/workdir/hadoop-ozone/integration-test/target/test-dir/MiniOzoneClusterImpl-01fa958e-82b6-4203-8555-4362ad9f609d/datanode-4/data/ratis/d2bfd832-0f71-463c-9068-b60962db0cad does not exist. Creating ...
2019-07-13 07:40:19,902 INFO  storage.RaftStorageDirectory (RaftStorageDirectory.java:tryLock(328)) - Lock on /tmp/workdir/hadoop-ozone/integration-test/target/test-dir/MiniOzoneClusterImpl-01fa958e-82b6-4203-8555-4362ad9f609d/datanode-4/data/ratis/d2bfd832-0f71-463c-9068-b60962db0cad/in_use.lock acquired by nodename 29913@trunk-nightly-9lh4p-2362225927
2019-07-13 07:40:19,902 INFO  storage.RaftStorageDirectory (RaftStorageDirectory.java:tryLock(328)) - Lock on /tmp/workdir/hadoop-ozone/integration-test/target/test-dir/MiniOzoneClusterImpl-01fa958e-82b6-4203-8555-4362ad9f609d/datanode-3/data/ratis/d2bfd832-0f71-463c-9068-b60962db0cad/in_use.lock acquired by nodename 29913@trunk-nightly-9lh4p-2362225927
2019-07-13 07:40:19,902 INFO  storage.RaftStorageDirectory (RaftStorageDirectory.java:tryLock(328)) - Lock on /tmp/workdir/hadoop-ozone/integration-test/target/test-dir/MiniOzoneClusterImpl-01fa958e-82b6-4203-8555-4362ad9f609d/datanode-5/data/ratis/d2bfd832-0f71-463c-9068-b60962db0cad/in_use.lock acquired by nodename 29913@trunk-nightly-9lh4p-2362225927
2019-07-13 07:40:19,920 INFO  storage.RaftStorage (RaftStorage.java:format(72)) - Storage directory /tmp/workdir/hadoop-ozone/integration-test/target/test-dir/MiniOzoneClusterImpl-01fa958e-82b6-4203-8555-4362ad9f609d/datanode-4/data/ratis/d2bfd832-0f71-463c-9068-b60962db0cad has been successfully formatted.
2019-07-13 07:40:19,920 INFO  storage.RaftStorage (RaftStorage.java:format(72)) - Storage directory /tmp/workdir/hadoop-ozone/integration-test/target/test-dir/MiniOzoneClusterImpl-01fa958e-82b6-4203-8555-4362ad9f609d/datanode-5/data/ratis/d2bfd832-0f71-463c-9068-b60962db0cad has been successfully formatted.
2019-07-13 07:40:19,920 INFO  storage.RaftStorage (RaftStorage.java:format(72)) - Storage directory /tmp/workdir/hadoop-ozone/integration-test/target/test-dir/MiniOzoneClusterImpl-01fa958e-82b6-4203-8555-4362ad9f609d/datanode-3/data/ratis/d2bfd832-0f71-463c-9068-b60962db0cad has been successfully formatted.
2019-07-13 07:40:19,921 INFO  ratis.ContainerStateMachine (ContainerStateMachine.java:loadSnapshot(200)) - The snapshot info is null.Setting the last applied index to:(t:0, i:~)
2019-07-13 07:40:19,921 INFO  ratis.ContainerStateMachine (ContainerStateMachine.java:loadSnapshot(200)) - The snapshot info is null.Setting the last applied index to:(t:0, i:~)
2019-07-13 07:40:19,921 INFO  server.RaftServerConfigKeys (ConfUtils.java:logGet(43)) - raft.server.leader.election.timeout = 120s (custom)
2019-07-13 07:40:19,921 INFO  server.RaftServerConfigKeys (ConfUtils.java:logGet(43)) - raft.server.log.use.memory = false (default)
2019-07-13 07:40:19,921 INFO  ratis.ContainerStateMachine (ContainerStateMachine.java:loadSnapshot(200)) - The snapshot info is null.Setting the last applied index to:(t:0, i:~)
2019-07-13 07:40:19,921 INFO  server.RaftServerConfigKeys (ConfUtils.java:logGet(43)) - raft.server.log.purge.gap = 1000000000 (custom)
2019-07-13 07:40:19,922 INFO  server.RaftServerConfigKeys (ConfUtils.java:logGet(43)) - raft.server.log.appender.buffer.byte-limit = 33554432 (custom)
2019-07-13 07:40:19,921 INFO  server.RaftServerConfigKeys (ConfUtils.java:logGet(43)) - raft.server.leader.election.timeout = 120s (custom)
2019-07-13 07:40:19,922 INFO  server.RaftServerConfigKeys (ConfUtils.java:logGet(43)) - raft.server.log.segment.size.max = 1048576 (custom)
2019-07-13 07:40:19,922 INFO  server.RaftServerConfigKeys (ConfUtils.java:logGet(43)) - raft.server.log.segment.cache.num.max = 2 (custom)
2019-07-13 07:40:19,922 INFO  server.RaftServerConfigKeys (ConfUtils.java:logGet(43)) - raft.server.leader.election.timeout = 120s (custom)
2019-07-13 07:40:19,922 INFO  segmented.SegmentedRaftLogWorker (SegmentedRaftLogWorker.java:<init>(172)) - new 5d1982ab-0084-45b3-a4d1-67d287322cc8-SegmentedRaftLogWorker:Storage Directory /tmp/workdir/hadoop-ozone/integration-test/target/test-dir/MiniOzoneClusterImpl-01fa958e-82b6-4203-8555-4362ad9f609d/datanode-5/data/ratis/d2bfd832-0f71-463c-9068-b60962db0cad for RaftStorage:Storage Directory /tmp/workdir/hadoop-ozone/integration-test/target/test-dir/MiniOzoneClusterImpl-01fa958e-82b6-4203-8555-4362ad9f609d/datanode-5/data/ratis/d2bfd832-0f71-463c-9068-b60962db0cad
2019-07-13 07:40:19,922 INFO  server.RaftServerConfigKeys (ConfUtils.java:logGet(43)) - raft.server.log.use.memory = false (default)
2019-07-13 07:40:19,923 INFO  server.RaftServerConfigKeys (ConfUtils.java:logGet(43)) - raft.server.log.queue.byte-limit = 2147483647 (custom)
2019-07-13 07:40:19,923 INFO  server.RaftServerConfigKeys (ConfUtils.java:logGet(43)) - raft.server.log.use.memory = false (default)
2019-07-13 07:40:19,923 INFO  server.RaftServerConfigKeys (ConfUtils.java:logGet(43)) - raft.server.log.queue.element-limit = 1024 (custom)
2019-07-13 07:40:19,923 INFO  server.RaftServerConfigKeys (ConfUtils.java:logGet(43)) - raft.server.log.purge.gap = 1000000000 (custom)
2019-07-13 07:40:19,923 INFO  server.RaftServerConfigKeys (ConfUtils.java:logGet(43)) - raft.server.log.segment.size.max = 1048576 (custom)
2019-07-13 07:40:19,924 INFO  server.RaftServerConfigKeys (ConfUtils.java:logGet(43)) - raft.server.log.preallocated.size = 16384 (custom)
2019-07-13 07:40:19,923 INFO  server.RaftServerConfigKeys (ConfUtils.java:logGet(43)) - raft.server.log.purge.gap = 1000000000 (custom)
2019-07-13 07:40:19,924 INFO  server.RaftServerConfigKeys (ConfUtils.java:logGet(43)) - raft.server.log.write.buffer.size = 33554432 (custom)
2019-07-13 07:40:19,923 INFO  server.RaftServerConfigKeys (ConfUtils.java:logGet(43)) - raft.server.log.appender.buffer.byte-limit = 33554432 (custom)
2019-07-13 07:40:19,924 INFO  server.RaftServerConfigKeys (ConfUtils.java:logGet(43)) - raft.server.log.force.sync.num = 128 (default)
2019-07-13 07:40:19,924 INFO  server.RaftServerConfigKeys (ConfUtils.java:logGet(43)) - raft.server.log.appender.buffer.byte-limit = 33554432 (custom)
2019-07-13 07:40:19,924 INFO  server.RaftServerConfigKeys (ConfUtils.java:logGet(43)) - raft.server.log.statemachine.data.sync = true (default)
2019-07-13 07:40:19,924 INFO  server.RaftServerConfigKeys (ConfUtils.java:logGet(43)) - raft.server.log.segment.size.max = 1048576 (custom)
2019-07-13 07:40:19,925 INFO  server.RaftServerConfigKeys (ConfUtils.java:logGet(43)) - raft.server.log.statemachine.data.sync.timeout = 10s (default)
2019-07-13 07:40:19,925 INFO  server.RaftServerConfigKeys (ConfUtils.java:logGet(43)) - raft.server.log.segment.size.max = 1048576 (custom)
2019-07-13 07:40:19,925 INFO  server.RaftServerConfigKeys (ConfUtils.java:logGet(43)) - raft.server.log.statemachine.data.sync.timeout.retry = -1 (default)
2019-07-13 07:40:19,925 INFO  server.RaftServerConfigKeys (ConfUtils.java:logGet(43)) - raft.server.log.segment.cache.num.max = 2 (custom)
2019-07-13 07:40:19,925 INFO  server.RaftServerConfigKeys (ConfUtils.java:logGet(43)) - raft.server.log.statemachine.data.caching.enabled = true (custom)
2019-07-13 07:40:19,925 INFO  server.RaftServerConfigKeys (ConfUtils.java:logGet(43)) - raft.server.log.segment.cache.num.max = 2 (custom)
2019-07-13 07:40:19,926 INFO  segmented.SegmentedRaftLogWorker (SegmentedRaftLogWorker.java:lambda$new$0(132)) - 5d1982ab-0084-45b3-a4d1-67d287322cc8-SegmentedRaftLogWorker:Storage Directory /tmp/workdir/hadoop-ozone/integration-test/target/test-dir/MiniOzoneClusterImpl-01fa958e-82b6-4203-8555-4362ad9f609d/datanode-5/data/ratis/d2bfd832-0f71-463c-9068-b60962db0cad: flushIndex: setUnconditionally 0 -> -1
2019-07-13 07:40:19,926 INFO  segmented.SegmentedRaftLogWorker (SegmentedRaftLogWorker.java:<init>(172)) - new 2169aba2-981b-4c65-8013-9e22e49ffea6-SegmentedRaftLogWorker:Storage Directory /tmp/workdir/hadoop-ozone/integration-test/target/test-dir/MiniOzoneClusterImpl-01fa958e-82b6-4203-8555-4362ad9f609d/datanode-4/data/ratis/d2bfd832-0f71-463c-9068-b60962db0cad for RaftStorage:Storage Directory /tmp/workdir/hadoop-ozone/integration-test/target/test-dir/MiniOzoneClusterImpl-01fa958e-82b6-4203-8555-4362ad9f609d/datanode-4/data/ratis/d2bfd832-0f71-463c-9068-b60962db0cad
2019-07-13 07:40:19,926 INFO  segmented.SegmentedRaftLogWorker (SegmentedRaftLogWorker.java:<init>(172)) - new ff527039-27c0-4097-9a5e-c6042cac39f7-SegmentedRaftLogWorker:Storage Directory /tmp/workdir/hadoop-ozone/integration-test/target/test-dir/MiniOzoneClusterImpl-01fa958e-82b6-4203-8555-4362ad9f609d/datanode-3/data/ratis/d2bfd832-0f71-463c-9068-b60962db0cad for RaftStorage:Storage Directory /tmp/workdir/hadoop-ozone/integration-test/target/test-dir/MiniOzoneClusterImpl-01fa958e-82b6-4203-8555-4362ad9f609d/datanode-3/data/ratis/d2bfd832-0f71-463c-9068-b60962db0cad
2019-07-13 07:40:19,926 INFO  server.RaftServerConfigKeys (ConfUtils.java:logGet(43)) - raft.server.snapshot.auto.trigger.enabled = true (custom)
2019-07-13 07:40:19,926 INFO  server.RaftServerConfigKeys (ConfUtils.java:logGet(43)) - raft.server.log.queue.byte-limit = 2147483647 (custom)
2019-07-13 07:40:19,927 INFO  server.RaftServerConfigKeys (ConfUtils.java:logGet(43)) - raft.server.snapshot.auto.trigger.threshold = 10000 (custom)
2019-07-13 07:40:19,926 INFO  server.RaftServerConfigKeys (ConfUtils.java:logGet(43)) - raft.server.log.queue.byte-limit = 2147483647 (custom)
2019-07-13 07:40:19,927 INFO  server.RaftServerConfigKeys (ConfUtils.java:logGet(43)) - raft.server.retrycache.expirytime = 600000ms (custom)
2019-07-13 07:40:19,927 INFO  server.RaftServerConfigKeys (ConfUtils.java:logGet(43)) - raft.server.log.queue.element-limit = 1024 (custom)
2019-07-13 07:40:19,927 INFO  impl.RaftServerImpl (RaftServerImpl.java:start(180)) - 5d1982ab-0084-45b3-a4d1-67d287322cc8: start group-B60962DB0CAD
2019-07-13 07:40:19,927 INFO  server.RaftServerConfigKeys (ConfUtils.java:logGet(43)) - raft.server.log.queue.element-limit = 1024 (custom)
2019-07-13 07:40:19,928 INFO  impl.RaftServerImpl (RaftServerImpl.java:setRole(171)) - 5d1982ab-0084-45b3-a4d1-67d287322cc8:group-B60962DB0CAD changes role from null to FOLLOWER at term 0 for startAsFollower
2019-07-13 07:40:19,927 INFO  server.RaftServerConfigKeys (ConfUtils.java:logGet(43)) - raft.server.log.segment.size.max = 1048576 (custom)
2019-07-13 07:40:19,928 INFO  impl.RoleInfo (RoleInfo.java:updateAndGet(143)) - 5d1982ab-0084-45b3-a4d1-67d287322cc8: start FollowerState
2019-07-13 07:40:19,928 INFO  server.RaftServerConfigKeys (ConfUtils.java:logGet(43)) - raft.server.log.segment.size.max = 1048576 (custom)
2019-07-13 07:40:19,928 INFO  server.RaftServerConfigKeys (ConfUtils.java:logGet(43)) - raft.server.log.preallocated.size = 16384 (custom)
2019-07-13 07:40:19,928 INFO  util.JmxRegister (JmxRegister.java:tryRegister(44)) - Successfully registered JMX Bean with object name Ratis:service=RaftServer,group=group-B60962DB0CAD,id=5d1982ab-0084-45b3-a4d1-67d287322cc8
2019-07-13 07:40:19,928 INFO  server.RaftServerConfigKeys (ConfUtils.java:logGet(43)) - raft.server.log.preallocated.size = 16384 (custom)
2019-07-13 07:40:19,929 INFO  server.RaftServerConfigKeys (ConfUtils.java:logGet(43)) - raft.server.log.write.buffer.size = 33554432 (custom)
2019-07-13 07:40:19,929 INFO  server.RaftServerConfigKeys (ConfUtils.java:logGet(43)) - raft.server.log.write.buffer.size = 33554432 (custom)
2019-07-13 07:40:19,929 INFO  server.RaftServerConfigKeys (ConfUtils.java:logGet(43)) - raft.server.log.force.sync.num = 128 (default)
2019-07-13 07:40:19,929 INFO  server.RaftServerConfigKeys (ConfUtils.java:logGet(43)) - raft.server.log.force.sync.num = 128 (default)
2019-07-13 07:40:19,929 INFO  server.RaftServerConfigKeys (ConfUtils.java:logGet(43)) - raft.server.log.statemachine.data.sync = true (default)
2019-07-13 07:40:19,930 INFO  server.RaftServerConfigKeys (ConfUtils.java:logGet(43)) - raft.server.log.statemachine.data.sync = true (default)
2019-07-13 07:40:19,930 INFO  server.RaftServerConfigKeys (ConfUtils.java:logGet(43)) - raft.server.log.statemachine.data.sync.timeout = 10s (default)
2019-07-13 07:40:19,930 INFO  server.RaftServerConfigKeys (ConfUtils.java:logGet(43)) - raft.server.log.statemachine.data.sync.timeout = 10s (default)
2019-07-13 07:40:19,930 INFO  server.RaftServerConfigKeys (ConfUtils.java:logGet(43)) - raft.server.log.statemachine.data.sync.timeout.retry = -1 (default)
2019-07-13 07:40:19,930 INFO  server.RaftServerConfigKeys (ConfUtils.java:logGet(43)) - raft.server.log.statemachine.data.sync.timeout.retry = -1 (default)
2019-07-13 07:40:19,931 INFO  server.RaftServerConfigKeys (ConfUtils.java:logGet(43)) - raft.server.log.statemachine.data.caching.enabled = true (custom)
2019-07-13 07:40:19,931 INFO  server.RaftServerConfigKeys (ConfUtils.java:logGet(43)) - raft.server.log.statemachine.data.caching.enabled = true (custom)
2019-07-13 07:40:19,931 INFO  segmented.SegmentedRaftLogWorker (SegmentedRaftLogWorker.java:lambda$new$0(132)) - 2169aba2-981b-4c65-8013-9e22e49ffea6-SegmentedRaftLogWorker:Storage Directory /tmp/workdir/hadoop-ozone/integration-test/target/test-dir/MiniOzoneClusterImpl-01fa958e-82b6-4203-8555-4362ad9f609d/datanode-4/data/ratis/d2bfd832-0f71-463c-9068-b60962db0cad: flushIndex: setUnconditionally 0 -> -1
2019-07-13 07:40:19,931 INFO  segmented.SegmentedRaftLogWorker (SegmentedRaftLogWorker.java:lambda$new$0(132)) - ff527039-27c0-4097-9a5e-c6042cac39f7-SegmentedRaftLogWorker:Storage Directory /tmp/workdir/hadoop-ozone/integration-test/target/test-dir/MiniOzoneClusterImpl-01fa958e-82b6-4203-8555-4362ad9f609d/datanode-3/data/ratis/d2bfd832-0f71-463c-9068-b60962db0cad: flushIndex: setUnconditionally 0 -> -1
2019-07-13 07:40:19,931 INFO  server.RaftServerConfigKeys (ConfUtils.java:logGet(43)) - raft.server.snapshot.auto.trigger.enabled = true (custom)
2019-07-13 07:40:19,932 INFO  server.RaftServerConfigKeys (ConfUtils.java:logGet(43)) - raft.server.snapshot.auto.trigger.enabled = true (custom)
2019-07-13 07:40:19,932 INFO  server.RaftServerConfigKeys (ConfUtils.java:logGet(43)) - raft.server.snapshot.auto.trigger.threshold = 10000 (custom)
2019-07-13 07:40:19,932 INFO  server.RaftServerConfigKeys (ConfUtils.java:logGet(43)) - raft.server.snapshot.auto.trigger.threshold = 10000 (custom)
2019-07-13 07:40:19,932 INFO  server.RaftServerConfigKeys (ConfUtils.java:logGet(43)) - raft.server.retrycache.expirytime = 600000ms (custom)
2019-07-13 07:40:19,932 INFO  server.RaftServerConfigKeys (ConfUtils.java:logGet(43)) - raft.server.retrycache.expirytime = 600000ms (custom)
2019-07-13 07:40:19,932 INFO  impl.RaftServerImpl (RaftServerImpl.java:start(180)) - 2169aba2-981b-4c65-8013-9e22e49ffea6: start group-B60962DB0CAD
2019-07-13 07:40:19,932 INFO  impl.RaftServerImpl (RaftServerImpl.java:start(180)) - ff527039-27c0-4097-9a5e-c6042cac39f7: start group-B60962DB0CAD
2019-07-13 07:40:19,932 INFO  impl.RaftServerImpl (RaftServerImpl.java:setRole(171)) - 2169aba2-981b-4c65-8013-9e22e49ffea6:group-B60962DB0CAD changes role from null to FOLLOWER at term 0 for startAsFollower
2019-07-13 07:40:19,933 INFO  impl.RaftServerImpl (RaftServerImpl.java:setRole(171)) - ff527039-27c0-4097-9a5e-c6042cac39f7:group-B60962DB0CAD changes role from null to FOLLOWER at term 0 for startAsFollower
2019-07-13 07:40:19,933 INFO  impl.RoleInfo (RoleInfo.java:updateAndGet(143)) - 2169aba2-981b-4c65-8013-9e22e49ffea6: start FollowerState
2019-07-13 07:40:19,933 INFO  impl.RoleInfo (RoleInfo.java:updateAndGet(143)) - ff527039-27c0-4097-9a5e-c6042cac39f7: start FollowerState
2019-07-13 07:40:19,933 INFO  util.JmxRegister (JmxRegister.java:tryRegister(44)) - Successfully registered JMX Bean with object name Ratis:service=RaftServer,group=group-B60962DB0CAD,id=2169aba2-981b-4c65-8013-9e22e49ffea6
2019-07-13 07:40:19,933 INFO  util.JmxRegister (JmxRegister.java:tryRegister(44)) - Successfully registered JMX Bean with object name Ratis:service=RaftServer,group=group-B60962DB0CAD,id=ff527039-27c0-4097-9a5e-c6042cac39f7
2019-07-13 07:40:19,936 INFO  pipeline.PipelineStateManager (PipelineStateManager.java:addPipeline(56)) - Created pipeline Pipeline[ Id: d2bfd832-0f71-463c-9068-b60962db0cad, Nodes: 5d1982ab-0084-45b3-a4d1-67d287322cc8{ip: 192.168.69.84, host: trunk-nightly-9lh4p-2362225927, networkLocation: /default-rack, certSerialId: null}ff527039-27c0-4097-9a5e-c6042cac39f7{ip: 192.168.69.84, host: trunk-nightly-9lh4p-2362225927, networkLocation: /default-rack, certSerialId: null}2169aba2-981b-4c65-8013-9e22e49ffea6{ip: 192.168.69.84, host: trunk-nightly-9lh4p-2362225927, networkLocation: /default-rack, certSerialId: null}, Type:RATIS, Factor:THREE, State:OPEN]
2019-07-13 07:40:19,981 INFO  ozone.MiniOzoneClusterImpl (MiniOzoneClusterImpl.java:lambda$waitForClusterToBeReady$0(142)) - Waiting for cluster to be ready. Got 6 of 7 DN Heartbeats.
2019-07-13 07:40:19,984 INFO  node.SCMNodeManager (SCMNodeManager.java:register(269)) - Registered Data node : 6117226e-ea07-42dd-b4cf-63407cd9f907{ip: 192.168.69.84, host: trunk-nightly-9lh4p-2362225927, networkLocation: /default-rack, certSerialId: null}
2019-07-13 07:40:19,992 INFO  impl.RaftServerProxy (RaftServerProxy.java:addNew(89)) - 6117226e-ea07-42dd-b4cf-63407cd9f907: addNew group-E5D1ACCF1EF9:[6117226e-ea07-42dd-b4cf-63407cd9f907:192.168.69.84:43150] returns group-E5D1ACCF1EF9:java.util.concurrent.CompletableFuture@2cc919a6[Not completed]
2019-07-13 07:40:19,993 INFO  impl.RaftServerImpl (RaftServerImpl.java:<init>(93)) - 6117226e-ea07-42dd-b4cf-63407cd9f907: new RaftServerImpl for group-E5D1ACCF1EF9:[6117226e-ea07-42dd-b4cf-63407cd9f907:192.168.69.84:43150] with ContainerStateMachine:uninitialized
2019-07-13 07:40:19,993 INFO  server.RaftServerConfigKeys (ConfUtils.java:logGet(43)) - raft.server.rpc.timeout.min = 5s (custom)
2019-07-13 07:40:19,994 INFO  server.RaftServerConfigKeys (ConfUtils.java:logGet(43)) - raft.server.rpc.timeout.max = 5200ms (custom)
2019-07-13 07:40:19,994 INFO  server.RaftServerConfigKeys (ConfUtils.java:logGet(43)) - raft.server.rpcslowness.timeout = 120s (custom)
2019-07-13 07:40:19,994 INFO  server.RaftServerConfigKeys (ConfUtils.java:logGet(43)) - raft.server.sleep.deviation.threshold = 300 (default)
2019-07-13 07:40:19,994 INFO  server.RaftServerConfigKeys (ConfUtils.java:logGet(43)) - raft.server.log.appender.install.snapshot.enabled = false (custom)
2019-07-13 07:40:19,994 INFO  impl.RaftServerImpl (ServerState.java:<init>(105)) - 6117226e-ea07-42dd-b4cf-63407cd9f907:group-E5D1ACCF1EF9 ConfigurationManager, init=-1: [6117226e-ea07-42dd-b4cf-63407cd9f907:192.168.69.84:43150], old=null, confs=<EMPTY_MAP>
2019-07-13 07:40:19,994 INFO  server.RaftServerConfigKeys (ConfUtils.java:logGet(43)) - raft.server.storage.dir = [/tmp/workdir/hadoop-ozone/integration-test/target/test-dir/MiniOzoneClusterImpl-01fa958e-82b6-4203-8555-4362ad9f609d/datanode-6/data/ratis] (custom)
2019-07-13 07:40:19,995 INFO  storage.RaftStorageDirectory (RaftStorageDirectory.java:analyzeStorage(246)) - The storage directory /tmp/workdir/hadoop-ozone/integration-test/target/test-dir/MiniOzoneClusterImpl-01fa958e-82b6-4203-8555-4362ad9f609d/datanode-6/data/ratis/0569bd1a-5946-42df-8510-e5d1accf1ef9 does not exist. Creating ...
2019-07-13 07:40:20,019 INFO  storage.RaftStorageDirectory (RaftStorageDirectory.java:tryLock(328)) - Lock on /tmp/workdir/hadoop-ozone/integration-test/target/test-dir/MiniOzoneClusterImpl-01fa958e-82b6-4203-8555-4362ad9f609d/datanode-6/data/ratis/0569bd1a-5946-42df-8510-e5d1accf1ef9/in_use.lock acquired by nodename 29913@trunk-nightly-9lh4p-2362225927
2019-07-13 07:40:20,032 INFO  storage.RaftStorage (RaftStorage.java:format(72)) - Storage directory /tmp/workdir/hadoop-ozone/integration-test/target/test-dir/MiniOzoneClusterImpl-01fa958e-82b6-4203-8555-4362ad9f609d/datanode-6/data/ratis/0569bd1a-5946-42df-8510-e5d1accf1ef9 has been successfully formatted.
2019-07-13 07:40:20,032 INFO  ratis.ContainerStateMachine (ContainerStateMachine.java:loadSnapshot(200)) - The snapshot info is null.Setting the last applied index to:(t:0, i:~)
2019-07-13 07:40:20,032 INFO  server.RaftServerConfigKeys (ConfUtils.java:logGet(43)) - raft.server.leader.election.timeout = 120s (custom)
2019-07-13 07:40:20,032 INFO  server.RaftServerConfigKeys (ConfUtils.java:logGet(43)) - raft.server.log.use.memory = false (default)
2019-07-13 07:40:20,033 INFO  server.RaftServerConfigKeys (ConfUtils.java:logGet(43)) - raft.server.log.purge.gap = 1000000000 (custom)
2019-07-13 07:40:20,033 INFO  server.RaftServerConfigKeys (ConfUtils.java:logGet(43)) - raft.server.log.appender.buffer.byte-limit = 33554432 (custom)
2019-07-13 07:40:20,033 INFO  server.RaftServerConfigKeys (ConfUtils.java:logGet(43)) - raft.server.log.segment.size.max = 1048576 (custom)
2019-07-13 07:40:20,033 INFO  server.RaftServerConfigKeys (ConfUtils.java:logGet(43)) - raft.server.log.segment.cache.num.max = 2 (custom)
2019-07-13 07:40:20,033 INFO  segmented.SegmentedRaftLogWorker (SegmentedRaftLogWorker.java:<init>(172)) - new 6117226e-ea07-42dd-b4cf-63407cd9f907-SegmentedRaftLogWorker:Storage Directory /tmp/workdir/hadoop-ozone/integration-test/target/test-dir/MiniOzoneClusterImpl-01fa958e-82b6-4203-8555-4362ad9f609d/datanode-6/data/ratis/0569bd1a-5946-42df-8510-e5d1accf1ef9 for RaftStorage:Storage Directory /tmp/workdir/hadoop-ozone/integration-test/target/test-dir/MiniOzoneClusterImpl-01fa958e-82b6-4203-8555-4362ad9f609d/datanode-6/data/ratis/0569bd1a-5946-42df-8510-e5d1accf1ef9
2019-07-13 07:40:20,033 INFO  server.RaftServerConfigKeys (ConfUtils.java:logGet(43)) - raft.server.log.queue.byte-limit = 2147483647 (custom)
2019-07-13 07:40:20,033 INFO  server.RaftServerConfigKeys (ConfUtils.java:logGet(43)) - raft.server.log.queue.element-limit = 1024 (custom)
2019-07-13 07:40:20,034 INFO  server.RaftServerConfigKeys (ConfUtils.java:logGet(43)) - raft.server.log.segment.size.max = 1048576 (custom)
2019-07-13 07:40:20,034 INFO  server.RaftServerConfigKeys (ConfUtils.java:logGet(43)) - raft.server.log.preallocated.size = 16384 (custom)
2019-07-13 07:40:20,034 INFO  server.RaftServerConfigKeys (ConfUtils.java:logGet(43)) - raft.server.log.write.buffer.size = 33554432 (custom)
2019-07-13 07:40:20,034 INFO  server.RaftServerConfigKeys (ConfUtils.java:logGet(43)) - raft.server.log.force.sync.num = 128 (default)
2019-07-13 07:40:20,034 INFO  server.RaftServerConfigKeys (ConfUtils.java:logGet(43)) - raft.server.log.statemachine.data.sync = true (default)
2019-07-13 07:40:20,034 INFO  server.RaftServerConfigKeys (ConfUtils.java:logGet(43)) - raft.server.log.statemachine.data.sync.timeout = 10s (default)
2019-07-13 07:40:20,034 INFO  server.RaftServerConfigKeys (ConfUtils.java:logGet(43)) - raft.server.log.statemachine.data.sync.timeout.retry = -1 (default)
2019-07-13 07:40:20,034 INFO  server.RaftServerConfigKeys (ConfUtils.java:logGet(43)) - raft.server.log.statemachine.data.caching.enabled = true (custom)
2019-07-13 07:40:20,035 INFO  segmented.SegmentedRaftLogWorker (SegmentedRaftLogWorker.java:lambda$new$0(132)) - 6117226e-ea07-42dd-b4cf-63407cd9f907-SegmentedRaftLogWorker:Storage Directory /tmp/workdir/hadoop-ozone/integration-test/target/test-dir/MiniOzoneClusterImpl-01fa958e-82b6-4203-8555-4362ad9f609d/datanode-6/data/ratis/0569bd1a-5946-42df-8510-e5d1accf1ef9: flushIndex: setUnconditionally 0 -> -1
2019-07-13 07:40:20,035 INFO  server.RaftServerConfigKeys (ConfUtils.java:logGet(43)) - raft.server.snapshot.auto.trigger.enabled = true (custom)
2019-07-13 07:40:20,035 INFO  server.RaftServerConfigKeys (ConfUtils.java:logGet(43)) - raft.server.snapshot.auto.trigger.threshold = 10000 (custom)
2019-07-13 07:40:20,035 INFO  server.RaftServerConfigKeys (ConfUtils.java:logGet(43)) - raft.server.retrycache.expirytime = 600000ms (custom)
2019-07-13 07:40:20,035 INFO  impl.RaftServerImpl (RaftServerImpl.java:start(180)) - 6117226e-ea07-42dd-b4cf-63407cd9f907: start group-E5D1ACCF1EF9
2019-07-13 07:40:20,035 INFO  impl.RaftServerImpl (RaftServerImpl.java:setRole(171)) - 6117226e-ea07-42dd-b4cf-63407cd9f907:group-E5D1ACCF1EF9 changes role from null to FOLLOWER at term 0 for startAsFollower
2019-07-13 07:40:20,036 INFO  impl.RoleInfo (RoleInfo.java:updateAndGet(143)) - 6117226e-ea07-42dd-b4cf-63407cd9f907: start FollowerState
2019-07-13 07:40:20,036 INFO  util.JmxRegister (JmxRegister.java:tryRegister(44)) - Successfully registered JMX Bean with object name Ratis:service=RaftServer,group=group-E5D1ACCF1EF9,id=6117226e-ea07-42dd-b4cf-63407cd9f907
2019-07-13 07:40:20,038 INFO  pipeline.PipelineStateManager (PipelineStateManager.java:addPipeline(56)) - Created pipeline Pipeline[ Id: 0569bd1a-5946-42df-8510-e5d1accf1ef9, Nodes: 6117226e-ea07-42dd-b4cf-63407cd9f907{ip: 192.168.69.84, host: trunk-nightly-9lh4p-2362225927, networkLocation: /default-rack, certSerialId: null}, Type:RATIS, Factor:ONE, State:OPEN]
2019-07-13 07:40:20,982 INFO  ozone.MiniOzoneClusterImpl (MiniOzoneClusterImpl.java:lambda$waitForClusterToBeReady$0(142)) - Cluster is ready. Got 7 of 7 DN Heartbeats.
2019-07-13 07:40:21,049 INFO  rpc.RpcClient (RpcClient.java:createVolume(287)) - Creating Volume: testblockoutputstream, with jenkins1000 as owner.
2019-07-13 07:40:21,064 INFO  rpc.RpcClient (RpcClient.java:createBucket(424)) - Creating Bucket: testblockoutputstream/testblockoutputstream, with Versioning false and Storage Type set to DISK and Encryption set to false 
2019-07-13 07:40:21,098 INFO  client.GrpcClientProtocolClient (GrpcClientProtocolClient.java:onNext(255)) - client-151D51723856->5d1982ab-0084-45b3-a4d1-67d287322cc8: receive RaftClientReply:client-151D51723856->5d1982ab-0084-45b3-a4d1-67d287322cc8@group-B60962DB0CAD, cid=214, FAILED org.apache.ratis.protocol.NotLeaderException: Server 5d1982ab-0084-45b3-a4d1-67d287322cc8 is not the leader (null). Request must be sent to leader., logIndex=0, commits[5d1982ab-0084-45b3-a4d1-67d287322cc8:c-1]
2019-07-13 07:40:21,683 INFO  container.ReplicationManager (ReplicationManager.java:start(155)) - Starting Replication Monitor Thread.
2019-07-13 07:40:21,687 INFO  container.ReplicationManager (ReplicationManager.java:run(207)) - Replication Monitor Thread took 0 milliseconds for processing 1 containers.
2019-07-13 07:40:22,114 INFO  client.GrpcClientProtocolClient (GrpcClientProtocolClient.java:onNext(255)) - client-151D51723856->2169aba2-981b-4c65-8013-9e22e49ffea6: receive RaftClientReply:client-151D51723856->2169aba2-981b-4c65-8013-9e22e49ffea6@group-B60962DB0CAD, cid=214, FAILED org.apache.ratis.protocol.NotLeaderException: Server 2169aba2-981b-4c65-8013-9e22e49ffea6 is not the leader (null). Request must be sent to leader., logIndex=0, commits[2169aba2-981b-4c65-8013-9e22e49ffea6:c-1]
2019-07-13 07:40:23,122 INFO  client.GrpcClientProtocolClient (GrpcClientProtocolClient.java:onNext(255)) - client-151D51723856->5d1982ab-0084-45b3-a4d1-67d287322cc8: receive RaftClientReply:client-151D51723856->5d1982ab-0084-45b3-a4d1-67d287322cc8@group-B60962DB0CAD, cid=214, FAILED org.apache.ratis.protocol.NotLeaderException: Server 5d1982ab-0084-45b3-a4d1-67d287322cc8 is not the leader (null). Request must be sent to leader., logIndex=0, commits[5d1982ab-0084-45b3-a4d1-67d287322cc8:c-1]
2019-07-13 07:40:23,768 INFO  impl.FollowerState (FollowerState.java:run(106)) - ff684012-ca29-499f-bfee-b2f0b93661eb:group-F28F887F63CA changes to CANDIDATE, lastRpcTime:5035, electionTimeout:5035ms
2019-07-13 07:40:23,769 INFO  impl.RoleInfo (RoleInfo.java:shutdownFollowerState(121)) - ff684012-ca29-499f-bfee-b2f0b93661eb: shutdown FollowerState
2019-07-13 07:40:23,769 INFO  impl.RaftServerImpl (RaftServerImpl.java:setRole(171)) - ff684012-ca29-499f-bfee-b2f0b93661eb:group-F28F887F63CA changes role from FOLLOWER to CANDIDATE at term 0 for changeToCandidate
2019-07-13 07:40:23,769 INFO  impl.RoleInfo (RoleInfo.java:updateAndGet(143)) - ff684012-ca29-499f-bfee-b2f0b93661eb: start LeaderElection
2019-07-13 07:40:23,800 INFO  impl.LeaderElection (LeaderElection.java:askForVotes(181)) - ff684012-ca29-499f-bfee-b2f0b93661eb:group-F28F887F63CA:LeaderElection73: begin an election at term 1 for -1: [ff684012-ca29-499f-bfee-b2f0b93661eb:192.168.69.84:45816], old=null
2019-07-13 07:40:23,800 INFO  impl.RoleInfo (RoleInfo.java:shutdownLeaderElection(134)) - ff684012-ca29-499f-bfee-b2f0b93661eb: shutdown LeaderElection
2019-07-13 07:40:23,800 INFO  impl.RaftServerImpl (RaftServerImpl.java:setRole(171)) - ff684012-ca29-499f-bfee-b2f0b93661eb:group-F28F887F63CA changes role from CANDIDATE to LEADER at term 1 for changeToLeader
2019-07-13 07:40:23,800 INFO  impl.RaftServerImpl (ServerState.java:setLeader(263)) - ff684012-ca29-499f-bfee-b2f0b93661eb:group-F28F887F63CA change Leader from null to ff684012-ca29-499f-bfee-b2f0b93661eb at term 1 for becomeLeader, leader elected after 5072ms
2019-07-13 07:40:23,803 INFO  server.RaftServerConfigKeys (ConfUtils.java:logGet(43)) - raft.server.staging.catchup.gap = 1000 (default)
2019-07-13 07:40:23,803 INFO  server.RaftServerConfigKeys (ConfUtils.java:logGet(43)) - raft.server.rpc.sleep.time = 25ms (default)
2019-07-13 07:40:23,803 INFO  server.RaftServerConfigKeys (ConfUtils.java:logGet(43)) - raft.server.write.element-limit = 4096 (default)
2019-07-13 07:40:23,804 INFO  server.RaftServerConfigKeys (ConfUtils.java:logGet(43)) - raft.server.watch.timeout = 10s (default)
2019-07-13 07:40:23,804 INFO  server.RaftServerConfigKeys (ConfUtils.java:logGet(43)) - raft.server.watch.timeout.denomination = 1s (default)
2019-07-13 07:40:23,804 INFO  server.RaftServerConfigKeys (ConfUtils.java:logGet(43)) - raft.server.watch.element-limit = 65536 (default)
2019-07-13 07:40:23,805 INFO  impl.RoleInfo (RoleInfo.java:updateAndGet(143)) - ff684012-ca29-499f-bfee-b2f0b93661eb: start LeaderState
2019-07-13 07:40:23,805 INFO  segmented.SegmentedRaftLogWorker (SegmentedRaftLogWorker.java:startLogSegment(380)) - ff684012-ca29-499f-bfee-b2f0b93661eb-SegmentedRaftLogWorker:Storage Directory /tmp/workdir/hadoop-ozone/integration-test/target/test-dir/MiniOzoneClusterImpl-01fa958e-82b6-4203-8555-4362ad9f609d/datanode-0/data/ratis/a84515da-c24c-4139-856e-f28f887f63ca: Starting segment from index:0
2019-07-13 07:40:23,806 INFO  impl.RaftServerImpl (ServerState.java:setRaftConf(361)) - ff684012-ca29-499f-bfee-b2f0b93661eb:group-F28F887F63CA set configuration 0: [ff684012-ca29-499f-bfee-b2f0b93661eb:192.168.69.84:45816], old=null at 0
2019-07-13 07:40:23,839 INFO  segmented.SegmentedRaftLogWorker (SegmentedRaftLogWorker.java:execute(569)) - ff684012-ca29-499f-bfee-b2f0b93661eb-SegmentedRaftLogWorker:Storage Directory /tmp/workdir/hadoop-ozone/integration-test/target/test-dir/MiniOzoneClusterImpl-01fa958e-82b6-4203-8555-4362ad9f609d/datanode-0/data/ratis/a84515da-c24c-4139-856e-f28f887f63ca: created new log segment /tmp/workdir/hadoop-ozone/integration-test/target/test-dir/MiniOzoneClusterImpl-01fa958e-82b6-4203-8555-4362ad9f609d/datanode-0/data/ratis/a84515da-c24c-4139-856e-f28f887f63ca/current/log_inprogress_0
2019-07-13 07:40:23,894 INFO  impl.FollowerState (FollowerState.java:run(106)) - cde4c7a7-ed6f-486b-aa44-7bcc6f205696:group-96E33F5020BE changes to CANDIDATE, lastRpcTime:5010, electionTimeout:5010ms
2019-07-13 07:40:23,895 INFO  impl.RoleInfo (RoleInfo.java:shutdownFollowerState(121)) - cde4c7a7-ed6f-486b-aa44-7bcc6f205696: shutdown FollowerState
2019-07-13 07:40:23,895 INFO  impl.RaftServerImpl (RaftServerImpl.java:setRole(171)) - cde4c7a7-ed6f-486b-aa44-7bcc6f205696:group-96E33F5020BE changes role from FOLLOWER to CANDIDATE at term 0 for changeToCandidate
2019-07-13 07:40:23,895 INFO  impl.RoleInfo (RoleInfo.java:updateAndGet(143)) - cde4c7a7-ed6f-486b-aa44-7bcc6f205696: start LeaderElection
2019-07-13 07:40:23,929 INFO  impl.LeaderElection (LeaderElection.java:askForVotes(181)) - cde4c7a7-ed6f-486b-aa44-7bcc6f205696:group-96E33F5020BE:LeaderElection74: begin an election at term 1 for -1: [cde4c7a7-ed6f-486b-aa44-7bcc6f205696:192.168.69.84:42618], old=null
2019-07-13 07:40:23,930 INFO  impl.RoleInfo (RoleInfo.java:shutdownLeaderElection(134)) - cde4c7a7-ed6f-486b-aa44-7bcc6f205696: shutdown LeaderElection
2019-07-13 07:40:23,930 INFO  impl.RaftServerImpl (RaftServerImpl.java:setRole(171)) - cde4c7a7-ed6f-486b-aa44-7bcc6f205696:group-96E33F5020BE changes role from CANDIDATE to LEADER at term 1 for changeToLeader
2019-07-13 07:40:23,930 INFO  impl.RaftServerImpl (ServerState.java:setLeader(263)) - cde4c7a7-ed6f-486b-aa44-7bcc6f205696:group-96E33F5020BE change Leader from null to cde4c7a7-ed6f-486b-aa44-7bcc6f205696 at term 1 for becomeLeader, leader elected after 5051ms
2019-07-13 07:40:23,932 INFO  server.RaftServerConfigKeys (ConfUtils.java:logGet(43)) - raft.server.staging.catchup.gap = 1000 (default)
2019-07-13 07:40:23,932 INFO  server.RaftServerConfigKeys (ConfUtils.java:logGet(43)) - raft.server.rpc.sleep.time = 25ms (default)
2019-07-13 07:40:23,932 INFO  server.RaftServerConfigKeys (ConfUtils.java:logGet(43)) - raft.server.write.element-limit = 4096 (default)
2019-07-13 07:40:23,933 INFO  server.RaftServerConfigKeys (ConfUtils.java:logGet(43)) - raft.server.watch.timeout = 10s (default)
2019-07-13 07:40:23,933 INFO  server.RaftServerConfigKeys (ConfUtils.java:logGet(43)) - raft.server.watch.timeout.denomination = 1s (default)
2019-07-13 07:40:23,933 INFO  server.RaftServerConfigKeys (ConfUtils.java:logGet(43)) - raft.server.watch.element-limit = 65536 (default)
2019-07-13 07:40:23,933 INFO  impl.RoleInfo (RoleInfo.java:updateAndGet(143)) - cde4c7a7-ed6f-486b-aa44-7bcc6f205696: start LeaderState
2019-07-13 07:40:23,933 INFO  segmented.SegmentedRaftLogWorker (SegmentedRaftLogWorker.java:startLogSegment(380)) - cde4c7a7-ed6f-486b-aa44-7bcc6f205696-SegmentedRaftLogWorker:Storage Directory /tmp/workdir/hadoop-ozone/integration-test/target/test-dir/MiniOzoneClusterImpl-01fa958e-82b6-4203-8555-4362ad9f609d/datanode-1/data/ratis/36d415bf-7e77-4060-987e-96e33f5020be: Starting segment from index:0
2019-07-13 07:40:23,934 INFO  impl.RaftServerImpl (ServerState.java:setRaftConf(361)) - cde4c7a7-ed6f-486b-aa44-7bcc6f205696:group-96E33F5020BE set configuration 0: [cde4c7a7-ed6f-486b-aa44-7bcc6f205696:192.168.69.84:42618], old=null at 0
2019-07-13 07:40:23,973 INFO  segmented.SegmentedRaftLogWorker (SegmentedRaftLogWorker.java:execute(569)) - cde4c7a7-ed6f-486b-aa44-7bcc6f205696-SegmentedRaftLogWorker:Storage Directory /tmp/workdir/hadoop-ozone/integration-test/target/test-dir/MiniOzoneClusterImpl-01fa958e-82b6-4203-8555-4362ad9f609d/datanode-1/data/ratis/36d415bf-7e77-4060-987e-96e33f5020be: created new log segment /tmp/workdir/hadoop-ozone/integration-test/target/test-dir/MiniOzoneClusterImpl-01fa958e-82b6-4203-8555-4362ad9f609d/datanode-1/data/ratis/36d415bf-7e77-4060-987e-96e33f5020be/current/log_inprogress_0
2019-07-13 07:40:24,134 INFO  client.GrpcClientProtocolClient (GrpcClientProtocolClient.java:onNext(255)) - client-151D51723856->ff527039-27c0-4097-9a5e-c6042cac39f7: receive RaftClientReply:client-151D51723856->ff527039-27c0-4097-9a5e-c6042cac39f7@group-B60962DB0CAD, cid=214, FAILED org.apache.ratis.protocol.NotLeaderException: Server ff527039-27c0-4097-9a5e-c6042cac39f7 is not the leader (null). Request must be sent to leader., logIndex=0, commits[ff527039-27c0-4097-9a5e-c6042cac39f7:c-1]
2019-07-13 07:40:24,162 INFO  impl.FollowerState (FollowerState.java:run(106)) - 1fb4b77b-b50d-4859-a733-068ebc8e2c0c:group-0F9EE791D969 changes to CANDIDATE, lastRpcTime:5005, electionTimeout:5005ms
2019-07-13 07:40:24,162 INFO  impl.RoleInfo (RoleInfo.java:shutdownFollowerState(121)) - 1fb4b77b-b50d-4859-a733-068ebc8e2c0c: shutdown FollowerState
2019-07-13 07:40:24,162 INFO  impl.RaftServerImpl (RaftServerImpl.java:setRole(171)) - 1fb4b77b-b50d-4859-a733-068ebc8e2c0c:group-0F9EE791D969 changes role from FOLLOWER to CANDIDATE at term 0 for changeToCandidate
2019-07-13 07:40:24,162 INFO  impl.RoleInfo (RoleInfo.java:updateAndGet(143)) - 1fb4b77b-b50d-4859-a733-068ebc8e2c0c: start LeaderElection
2019-07-13 07:40:24,181 INFO  impl.LeaderElection (LeaderElection.java:askForVotes(181)) - 1fb4b77b-b50d-4859-a733-068ebc8e2c0c:group-0F9EE791D969:LeaderElection75: begin an election at term 1 for -1: [ff684012-ca29-499f-bfee-b2f0b93661eb:192.168.69.84:45816, cde4c7a7-ed6f-486b-aa44-7bcc6f205696:192.168.69.84:42618, 1fb4b77b-b50d-4859-a733-068ebc8e2c0c:192.168.69.84:41662], old=null
2019-07-13 07:40:24,189 INFO  impl.RaftServerImpl (RaftServerImpl.java:setRole(171)) - ff684012-ca29-499f-bfee-b2f0b93661eb:group-0F9EE791D969 changes role from FOLLOWER to FOLLOWER at term 1 for recognizeCandidate:1fb4b77b-b50d-4859-a733-068ebc8e2c0c
2019-07-13 07:40:24,192 INFO  impl.RaftServerImpl (RaftServerImpl.java:setRole(171)) - cde4c7a7-ed6f-486b-aa44-7bcc6f205696:group-0F9EE791D969 changes role from FOLLOWER to FOLLOWER at term 1 for recognizeCandidate:1fb4b77b-b50d-4859-a733-068ebc8e2c0c
2019-07-13 07:40:24,192 INFO  impl.RoleInfo (RoleInfo.java:shutdownFollowerState(121)) - ff684012-ca29-499f-bfee-b2f0b93661eb: shutdown FollowerState
2019-07-13 07:40:24,192 INFO  impl.RoleInfo (RoleInfo.java:shutdownFollowerState(121)) - cde4c7a7-ed6f-486b-aa44-7bcc6f205696: shutdown FollowerState
2019-07-13 07:40:24,192 INFO  impl.FollowerState (FollowerState.java:run(114)) - ff684012-ca29-499f-bfee-b2f0b93661eb: FollowerState was interrupted: java.lang.InterruptedException: sleep interrupted
2019-07-13 07:40:24,192 INFO  impl.RoleInfo (RoleInfo.java:updateAndGet(143)) - ff684012-ca29-499f-bfee-b2f0b93661eb: start FollowerState
2019-07-13 07:40:24,193 INFO  impl.FollowerState (FollowerState.java:run(114)) - cde4c7a7-ed6f-486b-aa44-7bcc6f205696: FollowerState was interrupted: java.lang.InterruptedException: sleep interrupted
2019-07-13 07:40:24,192 INFO  impl.RoleInfo (RoleInfo.java:updateAndGet(143)) - cde4c7a7-ed6f-486b-aa44-7bcc6f205696: start FollowerState
2019-07-13 07:40:24,207 INFO  impl.LeaderElection (LeaderElection.java:logAndReturn(56)) - 1fb4b77b-b50d-4859-a733-068ebc8e2c0c:group-0F9EE791D969:LeaderElection75: Election PASSED; received 1 response(s) [1fb4b77b-b50d-4859-a733-068ebc8e2c0c<-ff684012-ca29-499f-bfee-b2f0b93661eb#0:OK-t1] and 0 exception(s); 1fb4b77b-b50d-4859-a733-068ebc8e2c0c:t1, leader=null, voted=1fb4b77b-b50d-4859-a733-068ebc8e2c0c, raftlog=1fb4b77b-b50d-4859-a733-068ebc8e2c0c-SegmentedRaftLog:OPENED:c-1,f-1,i0, conf=-1: [ff684012-ca29-499f-bfee-b2f0b93661eb:192.168.69.84:45816, cde4c7a7-ed6f-486b-aa44-7bcc6f205696:192.168.69.84:42618, 1fb4b77b-b50d-4859-a733-068ebc8e2c0c:192.168.69.84:41662], old=null
2019-07-13 07:40:24,208 INFO  impl.RoleInfo (RoleInfo.java:shutdownLeaderElection(134)) - 1fb4b77b-b50d-4859-a733-068ebc8e2c0c: shutdown LeaderElection
2019-07-13 07:40:24,208 INFO  impl.RaftServerImpl (RaftServerImpl.java:setRole(171)) - 1fb4b77b-b50d-4859-a733-068ebc8e2c0c:group-0F9EE791D969 changes role from CANDIDATE to LEADER at term 1 for changeToLeader
2019-07-13 07:40:24,208 INFO  impl.RaftServerImpl (ServerState.java:setLeader(263)) - 1fb4b77b-b50d-4859-a733-068ebc8e2c0c:group-0F9EE791D969 change Leader from null to 1fb4b77b-b50d-4859-a733-068ebc8e2c0c at term 1 for becomeLeader, leader elected after 5062ms
2019-07-13 07:40:24,211 INFO  server.RaftServerConfigKeys (ConfUtils.java:logGet(43)) - raft.server.staging.catchup.gap = 1000 (default)
2019-07-13 07:40:24,211 INFO  server.RaftServerConfigKeys (ConfUtils.java:logGet(43)) - raft.server.rpc.sleep.time = 25ms (default)
2019-07-13 07:40:24,211 INFO  server.RaftServerConfigKeys (ConfUtils.java:logGet(43)) - raft.server.write.element-limit = 4096 (default)
2019-07-13 07:40:24,211 INFO  server.RaftServerConfigKeys (ConfUtils.java:logGet(43)) - raft.server.watch.timeout = 10s (default)
2019-07-13 07:40:24,211 INFO  server.RaftServerConfigKeys (ConfUtils.java:logGet(43)) - raft.server.watch.timeout.denomination = 1s (default)
2019-07-13 07:40:24,211 INFO  server.RaftServerConfigKeys (ConfUtils.java:logGet(43)) - raft.server.watch.element-limit = 65536 (default)
2019-07-13 07:40:24,212 INFO  server.RaftServerConfigKeys (ConfUtils.java:logGet(43)) - raft.server.log.appender.snapshot.chunk.size.max = 16MB (=16777216) (default)
2019-07-13 07:40:24,212 INFO  server.RaftServerConfigKeys (ConfUtils.java:logGet(43)) - raft.server.log.appender.buffer.byte-limit = 33554432 (custom)
2019-07-13 07:40:24,212 INFO  server.RaftServerConfigKeys (ConfUtils.java:logGet(43)) - raft.server.log.appender.buffer.element-limit = 1 (custom)
2019-07-13 07:40:24,212 INFO  grpc.GrpcConfigKeys$Server (ConfUtils.java:logGet(43)) - raft.grpc.server.leader.outstanding.appends.max = 128 (default)
2019-07-13 07:40:24,213 INFO  server.RaftServerConfigKeys (ConfUtils.java:logGet(43)) - raft.server.rpc.request.timeout = 3000ms (default)
2019-07-13 07:40:24,213 INFO  server.RaftServerConfigKeys (ConfUtils.java:logGet(43)) - raft.server.log.appender.install.snapshot.enabled = false (custom)
2019-07-13 07:40:24,213 INFO  server.RaftServerConfigKeys (ConfUtils.java:logGet(43)) - raft.server.log.appender.snapshot.chunk.size.max = 16MB (=16777216) (default)
2019-07-13 07:40:24,213 INFO  server.RaftServerConfigKeys (ConfUtils.java:logGet(43)) - raft.server.log.appender.buffer.byte-limit = 33554432 (custom)
2019-07-13 07:40:24,213 INFO  server.RaftServerConfigKeys (ConfUtils.java:logGet(43)) - raft.server.log.appender.buffer.element-limit = 1 (custom)
2019-07-13 07:40:24,214 INFO  grpc.GrpcConfigKeys$Server (ConfUtils.java:logGet(43)) - raft.grpc.server.leader.outstanding.appends.max = 128 (default)
2019-07-13 07:40:24,214 INFO  server.RaftServerConfigKeys (ConfUtils.java:logGet(43)) - raft.server.rpc.request.timeout = 3000ms (default)
2019-07-13 07:40:24,214 INFO  server.RaftServerConfigKeys (ConfUtils.java:logGet(43)) - raft.server.log.appender.install.snapshot.enabled = false (custom)
2019-07-13 07:40:24,214 INFO  impl.RoleInfo (RoleInfo.java:updateAndGet(143)) - 1fb4b77b-b50d-4859-a733-068ebc8e2c0c: start LeaderState
2019-07-13 07:40:24,214 INFO  segmented.SegmentedRaftLogWorker (SegmentedRaftLogWorker.java:startLogSegment(380)) - 1fb4b77b-b50d-4859-a733-068ebc8e2c0c-SegmentedRaftLogWorker:Storage Directory /tmp/workdir/hadoop-ozone/integration-test/target/test-dir/MiniOzoneClusterImpl-01fa958e-82b6-4203-8555-4362ad9f609d/datanode-2/data/ratis/219d6f01-85d9-4718-8117-0f9ee791d969: Starting segment from index:0
2019-07-13 07:40:24,215 INFO  impl.RaftServerImpl (ServerState.java:setRaftConf(361)) - 1fb4b77b-b50d-4859-a733-068ebc8e2c0c:group-0F9EE791D969 set configuration 0: [ff684012-ca29-499f-bfee-b2f0b93661eb:192.168.69.84:45816, cde4c7a7-ed6f-486b-aa44-7bcc6f205696:192.168.69.84:42618, 1fb4b77b-b50d-4859-a733-068ebc8e2c0c:192.168.69.84:41662], old=null at 0
2019-07-13 07:40:24,236 INFO  impl.RaftServerImpl (ServerState.java:setLeader(263)) - cde4c7a7-ed6f-486b-aa44-7bcc6f205696:group-0F9EE791D969 change Leader from null to 1fb4b77b-b50d-4859-a733-068ebc8e2c0c at term 1 for appendEntries, leader elected after 5091ms
2019-07-13 07:40:24,236 INFO  impl.RaftServerImpl (ServerState.java:setLeader(263)) - ff684012-ca29-499f-bfee-b2f0b93661eb:group-0F9EE791D969 change Leader from null to 1fb4b77b-b50d-4859-a733-068ebc8e2c0c at term 1 for appendEntries, leader elected after 5090ms
2019-07-13 07:40:24,239 INFO  impl.RaftServerImpl (ServerState.java:setRaftConf(361)) - cde4c7a7-ed6f-486b-aa44-7bcc6f205696:group-0F9EE791D969 set configuration 0: [ff684012-ca29-499f-bfee-b2f0b93661eb:192.168.69.84:45816, cde4c7a7-ed6f-486b-aa44-7bcc6f205696:192.168.69.84:42618, 1fb4b77b-b50d-4859-a733-068ebc8e2c0c:192.168.69.84:41662], old=null at 0
2019-07-13 07:40:24,239 INFO  impl.RaftServerImpl (ServerState.java:setRaftConf(361)) - ff684012-ca29-499f-bfee-b2f0b93661eb:group-0F9EE791D969 set configuration 0: [ff684012-ca29-499f-bfee-b2f0b93661eb:192.168.69.84:45816, cde4c7a7-ed6f-486b-aa44-7bcc6f205696:192.168.69.84:42618, 1fb4b77b-b50d-4859-a733-068ebc8e2c0c:192.168.69.84:41662], old=null at 0
2019-07-13 07:40:24,239 INFO  segmented.SegmentedRaftLogWorker (SegmentedRaftLogWorker.java:startLogSegment(380)) - cde4c7a7-ed6f-486b-aa44-7bcc6f205696-SegmentedRaftLogWorker:Storage Directory /tmp/workdir/hadoop-ozone/integration-test/target/test-dir/MiniOzoneClusterImpl-01fa958e-82b6-4203-8555-4362ad9f609d/datanode-1/data/ratis/219d6f01-85d9-4718-8117-0f9ee791d969: Starting segment from index:0
2019-07-13 07:40:24,239 INFO  segmented.SegmentedRaftLogWorker (SegmentedRaftLogWorker.java:startLogSegment(380)) - ff684012-ca29-499f-bfee-b2f0b93661eb-SegmentedRaftLogWorker:Storage Directory /tmp/workdir/hadoop-ozone/integration-test/target/test-dir/MiniOzoneClusterImpl-01fa958e-82b6-4203-8555-4362ad9f609d/datanode-0/data/ratis/219d6f01-85d9-4718-8117-0f9ee791d969: Starting segment from index:0
2019-07-13 07:40:24,250 INFO  segmented.SegmentedRaftLogWorker (SegmentedRaftLogWorker.java:execute(569)) - 1fb4b77b-b50d-4859-a733-068ebc8e2c0c-SegmentedRaftLogWorker:Storage Directory /tmp/workdir/hadoop-ozone/integration-test/target/test-dir/MiniOzoneClusterImpl-01fa958e-82b6-4203-8555-4362ad9f609d/datanode-2/data/ratis/219d6f01-85d9-4718-8117-0f9ee791d969: created new log segment /tmp/workdir/hadoop-ozone/integration-test/target/test-dir/MiniOzoneClusterImpl-01fa958e-82b6-4203-8555-4362ad9f609d/datanode-2/data/ratis/219d6f01-85d9-4718-8117-0f9ee791d969/current/log_inprogress_0
2019-07-13 07:40:24,264 INFO  segmented.SegmentedRaftLogWorker (SegmentedRaftLogWorker.java:execute(569)) - ff684012-ca29-499f-bfee-b2f0b93661eb-SegmentedRaftLogWorker:Storage Directory /tmp/workdir/hadoop-ozone/integration-test/target/test-dir/MiniOzoneClusterImpl-01fa958e-82b6-4203-8555-4362ad9f609d/datanode-0/data/ratis/219d6f01-85d9-4718-8117-0f9ee791d969: created new log segment /tmp/workdir/hadoop-ozone/integration-test/target/test-dir/MiniOzoneClusterImpl-01fa958e-82b6-4203-8555-4362ad9f609d/datanode-0/data/ratis/219d6f01-85d9-4718-8117-0f9ee791d969/current/log_inprogress_0
2019-07-13 07:40:24,264 INFO  segmented.SegmentedRaftLogWorker (SegmentedRaftLogWorker.java:execute(569)) - cde4c7a7-ed6f-486b-aa44-7bcc6f205696-SegmentedRaftLogWorker:Storage Directory /tmp/workdir/hadoop-ozone/integration-test/target/test-dir/MiniOzoneClusterImpl-01fa958e-82b6-4203-8555-4362ad9f609d/datanode-1/data/ratis/219d6f01-85d9-4718-8117-0f9ee791d969: created new log segment /tmp/workdir/hadoop-ozone/integration-test/target/test-dir/MiniOzoneClusterImpl-01fa958e-82b6-4203-8555-4362ad9f609d/datanode-1/data/ratis/219d6f01-85d9-4718-8117-0f9ee791d969/current/log_inprogress_0
2019-07-13 07:40:24,268 INFO  impl.FollowerState (FollowerState.java:run(106)) - 1fb4b77b-b50d-4859-a733-068ebc8e2c0c:group-1D143183240B changes to CANDIDATE, lastRpcTime:5200, electionTimeout:5200ms
2019-07-13 07:40:24,268 INFO  impl.RoleInfo (RoleInfo.java:shutdownFollowerState(121)) - 1fb4b77b-b50d-4859-a733-068ebc8e2c0c: shutdown FollowerState
2019-07-13 07:40:24,269 INFO  impl.RaftServerImpl (RaftServerImpl.java:setRole(171)) - 1fb4b77b-b50d-4859-a733-068ebc8e2c0c:group-1D143183240B changes role from FOLLOWER to CANDIDATE at term 0 for changeToCandidate
2019-07-13 07:40:24,269 INFO  impl.RoleInfo (RoleInfo.java:updateAndGet(143)) - 1fb4b77b-b50d-4859-a733-068ebc8e2c0c: start LeaderElection
2019-07-13 07:40:24,290 INFO  impl.LeaderElection (LeaderElection.java:askForVotes(181)) - 1fb4b77b-b50d-4859-a733-068ebc8e2c0c:group-1D143183240B:LeaderElection76: begin an election at term 1 for -1: [1fb4b77b-b50d-4859-a733-068ebc8e2c0c:192.168.69.84:41662], old=null
2019-07-13 07:40:24,290 INFO  impl.RoleInfo (RoleInfo.java:shutdownLeaderElection(134)) - 1fb4b77b-b50d-4859-a733-068ebc8e2c0c: shutdown LeaderElection
2019-07-13 07:40:24,290 INFO  impl.RaftServerImpl (RaftServerImpl.java:setRole(171)) - 1fb4b77b-b50d-4859-a733-068ebc8e2c0c:group-1D143183240B changes role from CANDIDATE to LEADER at term 1 for changeToLeader
2019-07-13 07:40:24,290 INFO  impl.RaftServerImpl (ServerState.java:setLeader(263)) - 1fb4b77b-b50d-4859-a733-068ebc8e2c0c:group-1D143183240B change Leader from null to 1fb4b77b-b50d-4859-a733-068ebc8e2c0c at term 1 for becomeLeader, leader elected after 5227ms
2019-07-13 07:40:24,290 INFO  server.RaftServerConfigKeys (ConfUtils.java:logGet(43)) - raft.server.staging.catchup.gap = 1000 (default)
2019-07-13 07:40:24,291 INFO  server.RaftServerConfigKeys (ConfUtils.java:logGet(43)) - raft.server.rpc.sleep.time = 25ms (default)
2019-07-13 07:40:24,291 INFO  server.RaftServerConfigKeys (ConfUtils.java:logGet(43)) - raft.server.write.element-limit = 4096 (default)
2019-07-13 07:40:24,291 INFO  server.RaftServerConfigKeys (ConfUtils.java:logGet(43)) - raft.server.watch.timeout = 10s (default)
2019-07-13 07:40:24,291 INFO  server.RaftServerConfigKeys (ConfUtils.java:logGet(43)) - raft.server.watch.timeout.denomination = 1s (default)
2019-07-13 07:40:24,291 INFO  server.RaftServerConfigKeys (ConfUtils.java:logGet(43)) - raft.server.watch.element-limit = 65536 (default)
2019-07-13 07:40:24,291 INFO  impl.RoleInfo (RoleInfo.java:updateAndGet(143)) - 1fb4b77b-b50d-4859-a733-068ebc8e2c0c: start LeaderState
2019-07-13 07:40:24,292 INFO  segmented.SegmentedRaftLogWorker (SegmentedRaftLogWorker.java:startLogSegment(380)) - 1fb4b77b-b50d-4859-a733-068ebc8e2c0c-SegmentedRaftLogWorker:Storage Directory /tmp/workdir/hadoop-ozone/integration-test/target/test-dir/MiniOzoneClusterImpl-01fa958e-82b6-4203-8555-4362ad9f609d/datanode-2/data/ratis/8653dda1-556e-448c-826b-1d143183240b: Starting segment from index:0
2019-07-13 07:40:24,292 INFO  impl.RaftServerImpl (ServerState.java:setRaftConf(361)) - 1fb4b77b-b50d-4859-a733-068ebc8e2c0c:group-1D143183240B set configuration 0: [1fb4b77b-b50d-4859-a733-068ebc8e2c0c:192.168.69.84:41662], old=null at 0
2019-07-13 07:40:24,322 INFO  segmented.SegmentedRaftLogWorker (SegmentedRaftLogWorker.java:execute(569)) - 1fb4b77b-b50d-4859-a733-068ebc8e2c0c-SegmentedRaftLogWorker:Storage Directory /tmp/workdir/hadoop-ozone/integration-test/target/test-dir/MiniOzoneClusterImpl-01fa958e-82b6-4203-8555-4362ad9f609d/datanode-2/data/ratis/8653dda1-556e-448c-826b-1d143183240b: created new log segment /tmp/workdir/hadoop-ozone/integration-test/target/test-dir/MiniOzoneClusterImpl-01fa958e-82b6-4203-8555-4362ad9f609d/datanode-2/data/ratis/8653dda1-556e-448c-826b-1d143183240b/current/log_inprogress_0
2019-07-13 07:40:24,345 INFO  impl.FollowerState (FollowerState.java:run(106)) - ff527039-27c0-4097-9a5e-c6042cac39f7:group-FF55F4E039DD changes to CANDIDATE, lastRpcTime:5099, electionTimeout:5099ms
2019-07-13 07:40:24,345 INFO  impl.RoleInfo (RoleInfo.java:shutdownFollowerState(121)) - ff527039-27c0-4097-9a5e-c6042cac39f7: shutdown FollowerState
2019-07-13 07:40:24,345 INFO  impl.RaftServerImpl (RaftServerImpl.java:setRole(171)) - ff527039-27c0-4097-9a5e-c6042cac39f7:group-FF55F4E039DD changes role from FOLLOWER to CANDIDATE at term 0 for changeToCandidate
2019-07-13 07:40:24,345 INFO  impl.RoleInfo (RoleInfo.java:updateAndGet(143)) - ff527039-27c0-4097-9a5e-c6042cac39f7: start LeaderElection
2019-07-13 07:40:24,386 INFO  impl.LeaderElection (LeaderElection.java:askForVotes(181)) - ff527039-27c0-4097-9a5e-c6042cac39f7:group-FF55F4E039DD:LeaderElection77: begin an election at term 1 for -1: [ff527039-27c0-4097-9a5e-c6042cac39f7:192.168.69.84:35259], old=null
2019-07-13 07:40:24,386 INFO  impl.RoleInfo (RoleInfo.java:shutdownLeaderElection(134)) - ff527039-27c0-4097-9a5e-c6042cac39f7: shutdown LeaderElection
2019-07-13 07:40:24,386 INFO  impl.RaftServerImpl (RaftServerImpl.java:setRole(171)) - ff527039-27c0-4097-9a5e-c6042cac39f7:group-FF55F4E039DD changes role from CANDIDATE to LEADER at term 1 for changeToLeader
2019-07-13 07:40:24,386 INFO  impl.RaftServerImpl (ServerState.java:setLeader(263)) - ff527039-27c0-4097-9a5e-c6042cac39f7:group-FF55F4E039DD change Leader from null to ff527039-27c0-4097-9a5e-c6042cac39f7 at term 1 for becomeLeader, leader elected after 5144ms
2019-07-13 07:40:24,389 INFO  server.RaftServerConfigKeys (ConfUtils.java:logGet(43)) - raft.server.staging.catchup.gap = 1000 (default)
2019-07-13 07:40:24,389 INFO  server.RaftServerConfigKeys (ConfUtils.java:logGet(43)) - raft.server.rpc.sleep.time = 25ms (default)
2019-07-13 07:40:24,389 INFO  server.RaftServerConfigKeys (ConfUtils.java:logGet(43)) - raft.server.write.element-limit = 4096 (default)
2019-07-13 07:40:24,390 INFO  server.RaftServerConfigKeys (ConfUtils.java:logGet(43)) - raft.server.watch.timeout = 10s (default)
2019-07-13 07:40:24,390 INFO  server.RaftServerConfigKeys (ConfUtils.java:logGet(43)) - raft.server.watch.timeout.denomination = 1s (default)
2019-07-13 07:40:24,390 INFO  server.RaftServerConfigKeys (ConfUtils.java:logGet(43)) - raft.server.watch.element-limit = 65536 (default)
2019-07-13 07:40:24,390 INFO  impl.RoleInfo (RoleInfo.java:updateAndGet(143)) - ff527039-27c0-4097-9a5e-c6042cac39f7: start LeaderState
2019-07-13 07:40:24,391 INFO  segmented.SegmentedRaftLogWorker (SegmentedRaftLogWorker.java:startLogSegment(380)) - ff527039-27c0-4097-9a5e-c6042cac39f7-SegmentedRaftLogWorker:Storage Directory /tmp/workdir/hadoop-ozone/integration-test/target/test-dir/MiniOzoneClusterImpl-01fa958e-82b6-4203-8555-4362ad9f609d/datanode-3/data/ratis/9978e9fa-e919-4cb7-817d-ff55f4e039dd: Starting segment from index:0
2019-07-13 07:40:24,391 INFO  impl.RaftServerImpl (ServerState.java:setRaftConf(361)) - ff527039-27c0-4097-9a5e-c6042cac39f7:group-FF55F4E039DD set configuration 0: [ff527039-27c0-4097-9a5e-c6042cac39f7:192.168.69.84:35259], old=null at 0
2019-07-13 07:40:24,438 INFO  segmented.SegmentedRaftLogWorker (SegmentedRaftLogWorker.java:execute(569)) - ff527039-27c0-4097-9a5e-c6042cac39f7-SegmentedRaftLogWorker:Storage Directory /tmp/workdir/hadoop-ozone/integration-test/target/test-dir/MiniOzoneClusterImpl-01fa958e-82b6-4203-8555-4362ad9f609d/datanode-3/data/ratis/9978e9fa-e919-4cb7-817d-ff55f4e039dd: created new log segment /tmp/workdir/hadoop-ozone/integration-test/target/test-dir/MiniOzoneClusterImpl-01fa958e-82b6-4203-8555-4362ad9f609d/datanode-3/data/ratis/9978e9fa-e919-4cb7-817d-ff55f4e039dd/current/log_inprogress_0
2019-07-13 07:40:24,791 INFO  impl.FollowerState (FollowerState.java:run(106)) - 2169aba2-981b-4c65-8013-9e22e49ffea6:group-B5CF770D789E changes to CANDIDATE, lastRpcTime:5131, electionTimeout:5131ms
2019-07-13 07:40:24,791 INFO  impl.RoleInfo (RoleInfo.java:shutdownFollowerState(121)) - 2169aba2-981b-4c65-8013-9e22e49ffea6: shutdown FollowerState
2019-07-13 07:40:24,791 INFO  impl.RaftServerImpl (RaftServerImpl.java:setRole(171)) - 2169aba2-981b-4c65-8013-9e22e49ffea6:group-B5CF770D789E changes role from FOLLOWER to CANDIDATE at term 0 for changeToCandidate
2019-07-13 07:40:24,791 INFO  impl.RoleInfo (RoleInfo.java:updateAndGet(143)) - 2169aba2-981b-4c65-8013-9e22e49ffea6: start LeaderElection
2019-07-13 07:40:24,812 INFO  impl.LeaderElection (LeaderElection.java:askForVotes(181)) - 2169aba2-981b-4c65-8013-9e22e49ffea6:group-B5CF770D789E:LeaderElection78: begin an election at term 1 for -1: [2169aba2-981b-4c65-8013-9e22e49ffea6:192.168.69.84:39284], old=null
2019-07-13 07:40:24,812 INFO  impl.RoleInfo (RoleInfo.java:shutdownLeaderElection(134)) - 2169aba2-981b-4c65-8013-9e22e49ffea6: shutdown LeaderElection
2019-07-13 07:40:24,812 INFO  impl.RaftServerImpl (RaftServerImpl.java:setRole(171)) - 2169aba2-981b-4c65-8013-9e22e49ffea6:group-B5CF770D789E changes role from CANDIDATE to LEADER at term 1 for changeToLeader
2019-07-13 07:40:24,812 INFO  impl.RaftServerImpl (ServerState.java:setLeader(263)) - 2169aba2-981b-4c65-8013-9e22e49ffea6:group-B5CF770D789E change Leader from null to 2169aba2-981b-4c65-8013-9e22e49ffea6 at term 1 for becomeLeader, leader elected after 5156ms
2019-07-13 07:40:24,816 INFO  server.RaftServerConfigKeys (ConfUtils.java:logGet(43)) - raft.server.staging.catchup.gap = 1000 (default)
2019-07-13 07:40:24,816 INFO  server.RaftServerConfigKeys (ConfUtils.java:logGet(43)) - raft.server.rpc.sleep.time = 25ms (default)
2019-07-13 07:40:24,816 INFO  server.RaftServerConfigKeys (ConfUtils.java:logGet(43)) - raft.server.write.element-limit = 4096 (default)
2019-07-13 07:40:24,816 INFO  server.RaftServerConfigKeys (ConfUtils.java:logGet(43)) - raft.server.watch.timeout = 10s (default)
2019-07-13 07:40:24,817 INFO  server.RaftServerConfigKeys (ConfUtils.java:logGet(43)) - raft.server.watch.timeout.denomination = 1s (default)
2019-07-13 07:40:24,817 INFO  server.RaftServerConfigKeys (ConfUtils.java:logGet(43)) - raft.server.watch.element-limit = 65536 (default)
2019-07-13 07:40:24,817 INFO  impl.RoleInfo (RoleInfo.java:updateAndGet(143)) - 2169aba2-981b-4c65-8013-9e22e49ffea6: start LeaderState
2019-07-13 07:40:24,818 INFO  segmented.SegmentedRaftLogWorker (SegmentedRaftLogWorker.java:startLogSegment(380)) - 2169aba2-981b-4c65-8013-9e22e49ffea6-SegmentedRaftLogWorker:Storage Directory /tmp/workdir/hadoop-ozone/integration-test/target/test-dir/MiniOzoneClusterImpl-01fa958e-82b6-4203-8555-4362ad9f609d/datanode-4/data/ratis/6bedf80d-812b-48b8-8c2a-b5cf770d789e: Starting segment from index:0
2019-07-13 07:40:24,818 INFO  impl.RaftServerImpl (ServerState.java:setRaftConf(361)) - 2169aba2-981b-4c65-8013-9e22e49ffea6:group-B5CF770D789E set configuration 0: [2169aba2-981b-4c65-8013-9e22e49ffea6:192.168.69.84:39284], old=null at 0
2019-07-13 07:40:24,861 INFO  segmented.SegmentedRaftLogWorker (SegmentedRaftLogWorker.java:execute(569)) - 2169aba2-981b-4c65-8013-9e22e49ffea6-SegmentedRaftLogWorker:Storage Directory /tmp/workdir/hadoop-ozone/integration-test/target/test-dir/MiniOzoneClusterImpl-01fa958e-82b6-4203-8555-4362ad9f609d/datanode-4/data/ratis/6bedf80d-812b-48b8-8c2a-b5cf770d789e: created new log segment /tmp/workdir/hadoop-ozone/integration-test/target/test-dir/MiniOzoneClusterImpl-01fa958e-82b6-4203-8555-4362ad9f609d/datanode-4/data/ratis/6bedf80d-812b-48b8-8c2a-b5cf770d789e/current/log_inprogress_0
2019-07-13 07:40:24,988 INFO  impl.FollowerState (FollowerState.java:run(106)) - 5d1982ab-0084-45b3-a4d1-67d287322cc8:group-B60962DB0CAD changes to CANDIDATE, lastRpcTime:5059, electionTimeout:5059ms
2019-07-13 07:40:24,988 INFO  impl.RoleInfo (RoleInfo.java:shutdownFollowerState(121)) - 5d1982ab-0084-45b3-a4d1-67d287322cc8: shutdown FollowerState
2019-07-13 07:40:24,988 INFO  impl.RaftServerImpl (RaftServerImpl.java:setRole(171)) - 5d1982ab-0084-45b3-a4d1-67d287322cc8:group-B60962DB0CAD changes role from FOLLOWER to CANDIDATE at term 0 for changeToCandidate
2019-07-13 07:40:24,988 INFO  impl.RoleInfo (RoleInfo.java:updateAndGet(143)) - 5d1982ab-0084-45b3-a4d1-67d287322cc8: start LeaderElection
2019-07-13 07:40:25,012 INFO  impl.LeaderElection (LeaderElection.java:askForVotes(181)) - 5d1982ab-0084-45b3-a4d1-67d287322cc8:group-B60962DB0CAD:LeaderElection79: begin an election at term 1 for -1: [2169aba2-981b-4c65-8013-9e22e49ffea6:192.168.69.84:39284, ff527039-27c0-4097-9a5e-c6042cac39f7:192.168.69.84:35259, 5d1982ab-0084-45b3-a4d1-67d287322cc8:192.168.69.84:36142], old=null
2019-07-13 07:40:25,013 INFO  impl.FollowerState (FollowerState.java:run(106)) - 2169aba2-981b-4c65-8013-9e22e49ffea6:group-B60962DB0CAD changes to CANDIDATE, lastRpcTime:5080, electionTimeout:5080ms
2019-07-13 07:40:25,014 INFO  impl.RoleInfo (RoleInfo.java:shutdownFollowerState(121)) - 2169aba2-981b-4c65-8013-9e22e49ffea6: shutdown FollowerState
2019-07-13 07:40:25,014 INFO  impl.RaftServerImpl (RaftServerImpl.java:setRole(171)) - 2169aba2-981b-4c65-8013-9e22e49ffea6:group-B60962DB0CAD changes role from FOLLOWER to CANDIDATE at term 0 for changeToCandidate
2019-07-13 07:40:25,014 INFO  impl.RoleInfo (RoleInfo.java:updateAndGet(143)) - 2169aba2-981b-4c65-8013-9e22e49ffea6: start LeaderElection
2019-07-13 07:40:25,020 INFO  impl.RaftServerImpl (RaftServerImpl.java:setRole(171)) - ff527039-27c0-4097-9a5e-c6042cac39f7:group-B60962DB0CAD changes role from FOLLOWER to FOLLOWER at term 1 for recognizeCandidate:5d1982ab-0084-45b3-a4d1-67d287322cc8
2019-07-13 07:40:25,020 INFO  impl.RoleInfo (RoleInfo.java:shutdownFollowerState(121)) - ff527039-27c0-4097-9a5e-c6042cac39f7: shutdown FollowerState
2019-07-13 07:40:25,020 INFO  impl.RoleInfo (RoleInfo.java:updateAndGet(143)) - ff527039-27c0-4097-9a5e-c6042cac39f7: start FollowerState
2019-07-13 07:40:25,020 INFO  impl.FollowerState (FollowerState.java:run(114)) - ff527039-27c0-4097-9a5e-c6042cac39f7: FollowerState was interrupted: java.lang.InterruptedException: sleep interrupted
2019-07-13 07:40:25,042 INFO  impl.LeaderElection (LeaderElection.java:askForVotes(181)) - 2169aba2-981b-4c65-8013-9e22e49ffea6:group-B60962DB0CAD:LeaderElection80: begin an election at term 1 for -1: [2169aba2-981b-4c65-8013-9e22e49ffea6:192.168.69.84:39284, ff527039-27c0-4097-9a5e-c6042cac39f7:192.168.69.84:35259, 5d1982ab-0084-45b3-a4d1-67d287322cc8:192.168.69.84:36142], old=null
2019-07-13 07:40:25,044 INFO  impl.LeaderElection (LeaderElection.java:logAndReturn(56)) - 5d1982ab-0084-45b3-a4d1-67d287322cc8:group-B60962DB0CAD:LeaderElection79: Election PASSED; received 2 response(s) [5d1982ab-0084-45b3-a4d1-67d287322cc8<-2169aba2-981b-4c65-8013-9e22e49ffea6#0:FAIL-t1, 5d1982ab-0084-45b3-a4d1-67d287322cc8<-ff527039-27c0-4097-9a5e-c6042cac39f7#0:OK-t1] and 0 exception(s); 5d1982ab-0084-45b3-a4d1-67d287322cc8:t1, leader=null, voted=5d1982ab-0084-45b3-a4d1-67d287322cc8, raftlog=5d1982ab-0084-45b3-a4d1-67d287322cc8-SegmentedRaftLog:OPENED:c-1,f-1,i0, conf=-1: [2169aba2-981b-4c65-8013-9e22e49ffea6:192.168.69.84:39284, ff527039-27c0-4097-9a5e-c6042cac39f7:192.168.69.84:35259, 5d1982ab-0084-45b3-a4d1-67d287322cc8:192.168.69.84:36142], old=null
2019-07-13 07:40:25,044 INFO  impl.RoleInfo (RoleInfo.java:shutdownLeaderElection(134)) - 5d1982ab-0084-45b3-a4d1-67d287322cc8: shutdown LeaderElection
2019-07-13 07:40:25,044 INFO  impl.RaftServerImpl (RaftServerImpl.java:setRole(171)) - 5d1982ab-0084-45b3-a4d1-67d287322cc8:group-B60962DB0CAD changes role from CANDIDATE to LEADER at term 1 for changeToLeader
2019-07-13 07:40:25,044 INFO  impl.RaftServerImpl (ServerState.java:setLeader(263)) - 5d1982ab-0084-45b3-a4d1-67d287322cc8:group-B60962DB0CAD change Leader from null to 5d1982ab-0084-45b3-a4d1-67d287322cc8 at term 1 for becomeLeader, leader elected after 5123ms
2019-07-13 07:40:25,044 INFO  impl.FollowerState (FollowerState.java:run(106)) - 5d1982ab-0084-45b3-a4d1-67d287322cc8:group-6ECC458482B0 changes to CANDIDATE, lastRpcTime:5186, electionTimeout:5186ms
2019-07-13 07:40:25,047 INFO  server.RaftServerConfigKeys (ConfUtils.java:logGet(43)) - raft.server.staging.catchup.gap = 1000 (default)
2019-07-13 07:40:25,047 INFO  impl.RoleInfo (RoleInfo.java:shutdownFollowerState(121)) - 5d1982ab-0084-45b3-a4d1-67d287322cc8: shutdown FollowerState
2019-07-13 07:40:25,047 INFO  server.RaftServerConfigKeys (ConfUtils.java:logGet(43)) - raft.server.rpc.sleep.time = 25ms (default)
2019-07-13 07:40:25,047 INFO  impl.RaftServerImpl (RaftServerImpl.java:setRole(171)) - 5d1982ab-0084-45b3-a4d1-67d287322cc8:group-6ECC458482B0 changes role from FOLLOWER to CANDIDATE at term 0 for changeToCandidate
2019-07-13 07:40:25,047 INFO  server.RaftServerConfigKeys (ConfUtils.java:logGet(43)) - raft.server.write.element-limit = 4096 (default)
2019-07-13 07:40:25,047 INFO  impl.RoleInfo (RoleInfo.java:updateAndGet(143)) - 5d1982ab-0084-45b3-a4d1-67d287322cc8: start LeaderElection
2019-07-13 07:40:25,048 INFO  server.RaftServerConfigKeys (ConfUtils.java:logGet(43)) - raft.server.watch.timeout = 10s (default)
2019-07-13 07:40:25,048 INFO  server.RaftServerConfigKeys (ConfUtils.java:logGet(43)) - raft.server.watch.timeout.denomination = 1s (default)
2019-07-13 07:40:25,048 INFO  server.RaftServerConfigKeys (ConfUtils.java:logGet(43)) - raft.server.watch.element-limit = 65536 (default)
2019-07-13 07:40:25,053 INFO  server.RaftServerConfigKeys (ConfUtils.java:logGet(43)) - raft.server.log.appender.snapshot.chunk.size.max = 16MB (=16777216) (default)
2019-07-13 07:40:25,053 INFO  server.RaftServerConfigKeys (ConfUtils.java:logGet(43)) - raft.server.log.appender.buffer.byte-limit = 33554432 (custom)
2019-07-13 07:40:25,053 INFO  server.RaftServerConfigKeys (ConfUtils.java:logGet(43)) - raft.server.log.appender.buffer.element-limit = 1 (custom)
2019-07-13 07:40:25,054 INFO  grpc.GrpcConfigKeys$Server (ConfUtils.java:logGet(43)) - raft.grpc.server.leader.outstanding.appends.max = 128 (default)
2019-07-13 07:40:25,057 INFO  server.RaftServerConfigKeys (ConfUtils.java:logGet(43)) - raft.server.rpc.request.timeout = 3000ms (default)
2019-07-13 07:40:25,057 INFO  server.RaftServerConfigKeys (ConfUtils.java:logGet(43)) - raft.server.log.appender.install.snapshot.enabled = false (custom)
2019-07-13 07:40:25,057 INFO  server.RaftServerConfigKeys (ConfUtils.java:logGet(43)) - raft.server.log.appender.snapshot.chunk.size.max = 16MB (=16777216) (default)
2019-07-13 07:40:25,058 INFO  server.RaftServerConfigKeys (ConfUtils.java:logGet(43)) - raft.server.log.appender.buffer.byte-limit = 33554432 (custom)
2019-07-13 07:40:25,058 INFO  server.RaftServerConfigKeys (ConfUtils.java:logGet(43)) - raft.server.log.appender.buffer.element-limit = 1 (custom)
2019-07-13 07:40:25,058 INFO  grpc.GrpcConfigKeys$Server (ConfUtils.java:logGet(43)) - raft.grpc.server.leader.outstanding.appends.max = 128 (default)
2019-07-13 07:40:25,058 INFO  server.RaftServerConfigKeys (ConfUtils.java:logGet(43)) - raft.server.rpc.request.timeout = 3000ms (default)
2019-07-13 07:40:25,058 INFO  server.RaftServerConfigKeys (ConfUtils.java:logGet(43)) - raft.server.log.appender.install.snapshot.enabled = false (custom)
2019-07-13 07:40:25,059 INFO  impl.RoleInfo (RoleInfo.java:updateAndGet(143)) - 5d1982ab-0084-45b3-a4d1-67d287322cc8: start LeaderState
2019-07-13 07:40:25,059 INFO  segmented.SegmentedRaftLogWorker (SegmentedRaftLogWorker.java:startLogSegment(380)) - 5d1982ab-0084-45b3-a4d1-67d287322cc8-SegmentedRaftLogWorker:Storage Directory /tmp/workdir/hadoop-ozone/integration-test/target/test-dir/MiniOzoneClusterImpl-01fa958e-82b6-4203-8555-4362ad9f609d/datanode-5/data/ratis/d2bfd832-0f71-463c-9068-b60962db0cad: Starting segment from index:0
2019-07-13 07:40:25,060 INFO  impl.RaftServerImpl (ServerState.java:setRaftConf(361)) - 5d1982ab-0084-45b3-a4d1-67d287322cc8:group-B60962DB0CAD set configuration 0: [2169aba2-981b-4c65-8013-9e22e49ffea6:192.168.69.84:39284, ff527039-27c0-4097-9a5e-c6042cac39f7:192.168.69.84:35259, 5d1982ab-0084-45b3-a4d1-67d287322cc8:192.168.69.84:36142], old=null at 0
2019-07-13 07:40:25,060 INFO  impl.RaftServerImpl (RaftServerImpl.java:requestVote(754)) - 5d1982ab-0084-45b3-a4d1-67d287322cc8-LEADER: Withhold vote from candidate 2169aba2-981b-4c65-8013-9e22e49ffea6 with term 1. State: leader=5d1982ab-0084-45b3-a4d1-67d287322cc8, term=1, lastRpcElapsed=null
2019-07-13 07:40:25,061 INFO  impl.RaftServerImpl (ServerState.java:setLeader(263)) - ff527039-27c0-4097-9a5e-c6042cac39f7:group-B60962DB0CAD change Leader from null to 5d1982ab-0084-45b3-a4d1-67d287322cc8 at term 1 for appendEntries, leader elected after 5139ms
2019-07-13 07:40:25,061 INFO  impl.RaftServerImpl (RaftServerImpl.java:setRole(171)) - 2169aba2-981b-4c65-8013-9e22e49ffea6:group-B60962DB0CAD changes role from CANDIDATE to FOLLOWER at term 1 for appendEntries
2019-07-13 07:40:25,061 INFO  impl.LeaderElection (LeaderElection.java:logAndReturn(56)) - 2169aba2-981b-4c65-8013-9e22e49ffea6:group-B60962DB0CAD:LeaderElection80: Election REJECTED; received 2 response(s) [2169aba2-981b-4c65-8013-9e22e49ffea6<-ff527039-27c0-4097-9a5e-c6042cac39f7#0:FAIL-t1, 2169aba2-981b-4c65-8013-9e22e49ffea6<-5d1982ab-0084-45b3-a4d1-67d287322cc8#0:FAIL-t1] and 0 exception(s); 2169aba2-981b-4c65-8013-9e22e49ffea6:t1, leader=null, voted=2169aba2-981b-4c65-8013-9e22e49ffea6, raftlog=2169aba2-981b-4c65-8013-9e22e49ffea6-SegmentedRaftLog:OPENED:c-1,f-1,i0, conf=-1: [2169aba2-981b-4c65-8013-9e22e49ffea6:192.168.69.84:39284, ff527039-27c0-4097-9a5e-c6042cac39f7:192.168.69.84:35259, 5d1982ab-0084-45b3-a4d1-67d287322cc8:192.168.69.84:36142], old=null
2019-07-13 07:40:25,061 INFO  impl.RoleInfo (RoleInfo.java:shutdownLeaderElection(134)) - 2169aba2-981b-4c65-8013-9e22e49ffea6: shutdown LeaderElection
2019-07-13 07:40:25,062 INFO  impl.RoleInfo (RoleInfo.java:updateAndGet(143)) - 2169aba2-981b-4c65-8013-9e22e49ffea6: start FollowerState
2019-07-13 07:40:25,063 INFO  impl.RaftServerImpl (ServerState.java:setLeader(263)) - 2169aba2-981b-4c65-8013-9e22e49ffea6:group-B60962DB0CAD change Leader from null to 5d1982ab-0084-45b3-a4d1-67d287322cc8 at term 1 for appendEntries, leader elected after 5141ms
2019-07-13 07:40:25,066 INFO  impl.RaftServerImpl (ServerState.java:setRaftConf(361)) - ff527039-27c0-4097-9a5e-c6042cac39f7:group-B60962DB0CAD set configuration 0: [2169aba2-981b-4c65-8013-9e22e49ffea6:192.168.69.84:39284, ff527039-27c0-4097-9a5e-c6042cac39f7:192.168.69.84:35259, 5d1982ab-0084-45b3-a4d1-67d287322cc8:192.168.69.84:36142], old=null at 0
2019-07-13 07:40:25,066 INFO  segmented.SegmentedRaftLogWorker (SegmentedRaftLogWorker.java:startLogSegment(380)) - ff527039-27c0-4097-9a5e-c6042cac39f7-SegmentedRaftLogWorker:Storage Directory /tmp/workdir/hadoop-ozone/integration-test/target/test-dir/MiniOzoneClusterImpl-01fa958e-82b6-4203-8555-4362ad9f609d/datanode-3/data/ratis/d2bfd832-0f71-463c-9068-b60962db0cad: Starting segment from index:0
2019-07-13 07:40:25,066 INFO  impl.LeaderElection (LeaderElection.java:askForVotes(181)) - 5d1982ab-0084-45b3-a4d1-67d287322cc8:group-6ECC458482B0:LeaderElection81: begin an election at term 1 for -1: [5d1982ab-0084-45b3-a4d1-67d287322cc8:192.168.69.84:36142], old=null
2019-07-13 07:40:25,066 INFO  impl.RoleInfo (RoleInfo.java:shutdownLeaderElection(134)) - 5d1982ab-0084-45b3-a4d1-67d287322cc8: shutdown LeaderElection
2019-07-13 07:40:25,066 INFO  impl.RaftServerImpl (RaftServerImpl.java:setRole(171)) - 5d1982ab-0084-45b3-a4d1-67d287322cc8:group-6ECC458482B0 changes role from CANDIDATE to LEADER at term 1 for changeToLeader
2019-07-13 07:40:25,066 INFO  impl.RaftServerImpl (ServerState.java:setRaftConf(361)) - 2169aba2-981b-4c65-8013-9e22e49ffea6:group-B60962DB0CAD set configuration 0: [2169aba2-981b-4c65-8013-9e22e49ffea6:192.168.69.84:39284, ff527039-27c0-4097-9a5e-c6042cac39f7:192.168.69.84:35259, 5d1982ab-0084-45b3-a4d1-67d287322cc8:192.168.69.84:36142], old=null at 0
2019-07-13 07:40:25,066 INFO  impl.RaftServerImpl (ServerState.java:setLeader(263)) - 5d1982ab-0084-45b3-a4d1-67d287322cc8:group-6ECC458482B0 change Leader from null to 5d1982ab-0084-45b3-a4d1-67d287322cc8 at term 1 for becomeLeader, leader elected after 5212ms
2019-07-13 07:40:25,067 INFO  segmented.SegmentedRaftLogWorker (SegmentedRaftLogWorker.java:startLogSegment(380)) - 2169aba2-981b-4c65-8013-9e22e49ffea6-SegmentedRaftLogWorker:Storage Directory /tmp/workdir/hadoop-ozone/integration-test/target/test-dir/MiniOzoneClusterImpl-01fa958e-82b6-4203-8555-4362ad9f609d/datanode-4/data/ratis/d2bfd832-0f71-463c-9068-b60962db0cad: Starting segment from index:0
2019-07-13 07:40:25,067 INFO  server.RaftServerConfigKeys (ConfUtils.java:logGet(43)) - raft.server.staging.catchup.gap = 1000 (default)
2019-07-13 07:40:25,067 INFO  server.RaftServerConfigKeys (ConfUtils.java:logGet(43)) - raft.server.rpc.sleep.time = 25ms (default)
2019-07-13 07:40:25,067 INFO  server.RaftServerConfigKeys (ConfUtils.java:logGet(43)) - raft.server.write.element-limit = 4096 (default)
2019-07-13 07:40:25,067 INFO  server.RaftServerConfigKeys (ConfUtils.java:logGet(43)) - raft.server.watch.timeout = 10s (default)
2019-07-13 07:40:25,067 INFO  server.RaftServerConfigKeys (ConfUtils.java:logGet(43)) - raft.server.watch.timeout.denomination = 1s (default)
2019-07-13 07:40:25,068 INFO  server.RaftServerConfigKeys (ConfUtils.java:logGet(43)) - raft.server.watch.element-limit = 65536 (default)
2019-07-13 07:40:25,068 INFO  impl.RoleInfo (RoleInfo.java:updateAndGet(143)) - 5d1982ab-0084-45b3-a4d1-67d287322cc8: start LeaderState
2019-07-13 07:40:25,068 INFO  segmented.SegmentedRaftLogWorker (SegmentedRaftLogWorker.java:startLogSegment(380)) - 5d1982ab-0084-45b3-a4d1-67d287322cc8-SegmentedRaftLogWorker:Storage Directory /tmp/workdir/hadoop-ozone/integration-test/target/test-dir/MiniOzoneClusterImpl-01fa958e-82b6-4203-8555-4362ad9f609d/datanode-5/data/ratis/2535d4e2-9f79-4c97-bf72-6ecc458482b0: Starting segment from index:0
2019-07-13 07:40:25,069 INFO  impl.RaftServerImpl (ServerState.java:setRaftConf(361)) - 5d1982ab-0084-45b3-a4d1-67d287322cc8:group-6ECC458482B0 set configuration 0: [5d1982ab-0084-45b3-a4d1-67d287322cc8:192.168.69.84:36142], old=null at 0
2019-07-13 07:40:25,092 INFO  segmented.SegmentedRaftLogWorker (SegmentedRaftLogWorker.java:execute(569)) - 5d1982ab-0084-45b3-a4d1-67d287322cc8-SegmentedRaftLogWorker:Storage Directory /tmp/workdir/hadoop-ozone/integration-test/target/test-dir/MiniOzoneClusterImpl-01fa958e-82b6-4203-8555-4362ad9f609d/datanode-5/data/ratis/2535d4e2-9f79-4c97-bf72-6ecc458482b0: created new log segment /tmp/workdir/hadoop-ozone/integration-test/target/test-dir/MiniOzoneClusterImpl-01fa958e-82b6-4203-8555-4362ad9f609d/datanode-5/data/ratis/2535d4e2-9f79-4c97-bf72-6ecc458482b0/current/log_inprogress_0
2019-07-13 07:40:25,092 INFO  segmented.SegmentedRaftLogWorker (SegmentedRaftLogWorker.java:execute(569)) - 5d1982ab-0084-45b3-a4d1-67d287322cc8-SegmentedRaftLogWorker:Storage Directory /tmp/workdir/hadoop-ozone/integration-test/target/test-dir/MiniOzoneClusterImpl-01fa958e-82b6-4203-8555-4362ad9f609d/datanode-5/data/ratis/d2bfd832-0f71-463c-9068-b60962db0cad: created new log segment /tmp/workdir/hadoop-ozone/integration-test/target/test-dir/MiniOzoneClusterImpl-01fa958e-82b6-4203-8555-4362ad9f609d/datanode-5/data/ratis/d2bfd832-0f71-463c-9068-b60962db0cad/current/log_inprogress_0
2019-07-13 07:40:25,092 INFO  segmented.SegmentedRaftLogWorker (SegmentedRaftLogWorker.java:execute(569)) - ff527039-27c0-4097-9a5e-c6042cac39f7-SegmentedRaftLogWorker:Storage Directory /tmp/workdir/hadoop-ozone/integration-test/target/test-dir/MiniOzoneClusterImpl-01fa958e-82b6-4203-8555-4362ad9f609d/datanode-3/data/ratis/d2bfd832-0f71-463c-9068-b60962db0cad: created new log segment /tmp/workdir/hadoop-ozone/integration-test/target/test-dir/MiniOzoneClusterImpl-01fa958e-82b6-4203-8555-4362ad9f609d/datanode-3/data/ratis/d2bfd832-0f71-463c-9068-b60962db0cad/current/log_inprogress_0
2019-07-13 07:40:25,106 INFO  segmented.SegmentedRaftLogWorker (SegmentedRaftLogWorker.java:execute(569)) - 2169aba2-981b-4c65-8013-9e22e49ffea6-SegmentedRaftLogWorker:Storage Directory /tmp/workdir/hadoop-ozone/integration-test/target/test-dir/MiniOzoneClusterImpl-01fa958e-82b6-4203-8555-4362ad9f609d/datanode-4/data/ratis/d2bfd832-0f71-463c-9068-b60962db0cad: created new log segment /tmp/workdir/hadoop-ozone/integration-test/target/test-dir/MiniOzoneClusterImpl-01fa958e-82b6-4203-8555-4362ad9f609d/datanode-4/data/ratis/d2bfd832-0f71-463c-9068-b60962db0cad/current/log_inprogress_0
2019-07-13 07:40:25,206 INFO  impl.FollowerState (FollowerState.java:run(106)) - 6117226e-ea07-42dd-b4cf-63407cd9f907:group-E5D1ACCF1EF9 changes to CANDIDATE, lastRpcTime:5170, electionTimeout:5170ms
2019-07-13 07:40:25,206 INFO  impl.RoleInfo (RoleInfo.java:shutdownFollowerState(121)) - 6117226e-ea07-42dd-b4cf-63407cd9f907: shutdown FollowerState
2019-07-13 07:40:25,206 INFO  impl.RaftServerImpl (RaftServerImpl.java:setRole(171)) - 6117226e-ea07-42dd-b4cf-63407cd9f907:group-E5D1ACCF1EF9 changes role from FOLLOWER to CANDIDATE at term 0 for changeToCandidate
2019-07-13 07:40:25,206 INFO  impl.RoleInfo (RoleInfo.java:updateAndGet(143)) - 6117226e-ea07-42dd-b4cf-63407cd9f907: start LeaderElection
2019-07-13 07:40:25,216 INFO  impl.LeaderElection (LeaderElection.java:askForVotes(181)) - 6117226e-ea07-42dd-b4cf-63407cd9f907:group-E5D1ACCF1EF9:LeaderElection82: begin an election at term 1 for -1: [6117226e-ea07-42dd-b4cf-63407cd9f907:192.168.69.84:43150], old=null
2019-07-13 07:40:25,216 INFO  impl.RoleInfo (RoleInfo.java:shutdownLeaderElection(134)) - 6117226e-ea07-42dd-b4cf-63407cd9f907: shutdown LeaderElection
2019-07-13 07:40:25,216 INFO  impl.RaftServerImpl (RaftServerImpl.java:setRole(171)) - 6117226e-ea07-42dd-b4cf-63407cd9f907:group-E5D1ACCF1EF9 changes role from CANDIDATE to LEADER at term 1 for changeToLeader
2019-07-13 07:40:25,216 INFO  impl.RaftServerImpl (ServerState.java:setLeader(263)) - 6117226e-ea07-42dd-b4cf-63407cd9f907:group-E5D1ACCF1EF9 change Leader from null to 6117226e-ea07-42dd-b4cf-63407cd9f907 at term 1 for becomeLeader, leader elected after 5183ms
2019-07-13 07:40:25,219 INFO  server.RaftServerConfigKeys (ConfUtils.java:logGet(43)) - raft.server.staging.catchup.gap = 1000 (default)
2019-07-13 07:40:25,219 INFO  server.RaftServerConfigKeys (ConfUtils.java:logGet(43)) - raft.server.rpc.sleep.time = 25ms (default)
2019-07-13 07:40:25,219 INFO  server.RaftServerConfigKeys (ConfUtils.java:logGet(43)) - raft.server.write.element-limit = 4096 (default)
2019-07-13 07:40:25,219 INFO  server.RaftServerConfigKeys (ConfUtils.java:logGet(43)) - raft.server.watch.timeout = 10s (default)
2019-07-13 07:40:25,219 INFO  server.RaftServerConfigKeys (ConfUtils.java:logGet(43)) - raft.server.watch.timeout.denomination = 1s (default)
2019-07-13 07:40:25,219 INFO  server.RaftServerConfigKeys (ConfUtils.java:logGet(43)) - raft.server.watch.element-limit = 65536 (default)
2019-07-13 07:40:25,220 INFO  impl.RoleInfo (RoleInfo.java:updateAndGet(143)) - 6117226e-ea07-42dd-b4cf-63407cd9f907: start LeaderState
2019-07-13 07:40:25,220 INFO  segmented.SegmentedRaftLogWorker (SegmentedRaftLogWorker.java:startLogSegment(380)) - 6117226e-ea07-42dd-b4cf-63407cd9f907-SegmentedRaftLogWorker:Storage Directory /tmp/workdir/hadoop-ozone/integration-test/target/test-dir/MiniOzoneClusterImpl-01fa958e-82b6-4203-8555-4362ad9f609d/datanode-6/data/ratis/0569bd1a-5946-42df-8510-e5d1accf1ef9: Starting segment from index:0
2019-07-13 07:40:25,220 INFO  impl.RaftServerImpl (ServerState.java:setRaftConf(361)) - 6117226e-ea07-42dd-b4cf-63407cd9f907:group-E5D1ACCF1EF9 set configuration 0: [6117226e-ea07-42dd-b4cf-63407cd9f907:192.168.69.84:43150], old=null at 0
2019-07-13 07:40:25,258 INFO  segmented.SegmentedRaftLogWorker (SegmentedRaftLogWorker.java:execute(569)) - 6117226e-ea07-42dd-b4cf-63407cd9f907-SegmentedRaftLogWorker:Storage Directory /tmp/workdir/hadoop-ozone/integration-test/target/test-dir/MiniOzoneClusterImpl-01fa958e-82b6-4203-8555-4362ad9f609d/datanode-6/data/ratis/0569bd1a-5946-42df-8510-e5d1accf1ef9: created new log segment /tmp/workdir/hadoop-ozone/integration-test/target/test-dir/MiniOzoneClusterImpl-01fa958e-82b6-4203-8555-4362ad9f609d/datanode-6/data/ratis/0569bd1a-5946-42df-8510-e5d1accf1ef9/current/log_inprogress_0
2019-07-13 07:40:25,341 INFO  client.GrpcClientProtocolClient (GrpcClientProtocolClient.java:onNext(255)) - client-151D51723856->5d1982ab-0084-45b3-a4d1-67d287322cc8: receive RaftClientReply:client-151D51723856->5d1982ab-0084-45b3-a4d1-67d287322cc8@group-B60962DB0CAD, cid=214, SUCCESS, logIndex=1, commits[5d1982ab-0084-45b3-a4d1-67d287322cc8:c1, 2169aba2-981b-4c65-8013-9e22e49ffea6:c-1, ff527039-27c0-4097-9a5e-c6042cac39f7:c0]
2019-07-13 07:40:25,353 INFO  client.GrpcClientProtocolClient (GrpcClientProtocolClient.java:onNext(255)) - client-151D51723856->5d1982ab-0084-45b3-a4d1-67d287322cc8: receive RaftClientReply:client-151D51723856->5d1982ab-0084-45b3-a4d1-67d287322cc8@group-B60962DB0CAD, cid=215, SUCCESS, logIndex=3, commits[5d1982ab-0084-45b3-a4d1-67d287322cc8:c4, 2169aba2-981b-4c65-8013-9e22e49ffea6:c1, ff527039-27c0-4097-9a5e-c6042cac39f7:c1]
2019-07-13 07:40:25,448 INFO  client.GrpcClientProtocolClient (GrpcClientProtocolClient.java:onNext(255)) - client-151D51723856->5d1982ab-0084-45b3-a4d1-67d287322cc8: receive RaftClientReply:client-151D51723856->5d1982ab-0084-45b3-a4d1-67d287322cc8@group-B60962DB0CAD, cid=216, SUCCESS, logIndex=4, commits[5d1982ab-0084-45b3-a4d1-67d287322cc8:c6, 2169aba2-981b-4c65-8013-9e22e49ffea6:c4, ff527039-27c0-4097-9a5e-c6042cac39f7:c4]
2019-07-13 07:40:25,450 INFO  container.CloseContainerEventHandler (CloseContainerEventHandler.java:onMessage(61)) - Close container Event triggered for container : #1
2019-07-13 07:40:25,450 INFO  container.CloseContainerEventHandler (CloseContainerEventHandler.java:onMessage(61)) - Close container Event triggered for container : #1
2019-07-13 07:40:25,451 INFO  container.CloseContainerEventHandler (CloseContainerEventHandler.java:onMessage(61)) - Close container Event triggered for container : #1
2019-07-13 07:40:27,387 INFO  interfaces.Container (KeyValueContainer.java:compactDB(356)) - Container 1 is closed with bcsId 4.
2019-07-13 07:40:27,391 INFO  interfaces.Container (KeyValueContainer.java:compactDB(356)) - Container 1 is closed with bcsId 4.
2019-07-13 07:40:27,427 INFO  interfaces.Container (KeyValueContainer.java:compactDB(356)) - Container 1 is closed with bcsId 4.
07:40:27.453 [grpc-default-executor-6] ERROR DNAudit - user=null | ip=null | op=WRITE_CHUNK {blockData=conID: 1 locID: 102433005311098897 bcsId: 4} | ret=FAILURE
org.apache.hadoop.hdds.scm.container.common.helpers.ContainerNotOpenException: Container 1 in CLOSED state
	at org.apache.hadoop.ozone.container.common.impl.HddsDispatcher.validateContainerCommand(HddsDispatcher.java:408) ~[hadoop-hdds-container-service-0.5.0-SNAPSHOT.jar:?]
	at org.apache.hadoop.ozone.container.common.transport.server.ratis.ContainerStateMachine.startTransaction(ContainerStateMachine.java:271) ~[hadoop-hdds-container-service-0.5.0-SNAPSHOT.jar:?]
	at org.apache.ratis.server.impl.RaftServerImpl.submitClientRequestAsync(RaftServerImpl.java:566) ~[ratis-server-0.4.0-2337318-SNAPSHOT.jar:0.4.0-2337318-SNAPSHOT]
	at org.apache.ratis.server.impl.RaftServerProxy.lambda$submitClientRequestAsync$7(RaftServerProxy.java:333) ~[ratis-server-0.4.0-2337318-SNAPSHOT.jar:0.4.0-2337318-SNAPSHOT]
	at org.apache.ratis.server.impl.RaftServerProxy.lambda$null$5(RaftServerProxy.java:328) ~[ratis-server-0.4.0-2337318-SNAPSHOT.jar:0.4.0-2337318-SNAPSHOT]
	at org.apache.ratis.util.JavaUtils.callAsUnchecked(JavaUtils.java:109) ~[ratis-common-0.4.0-2337318-SNAPSHOT.jar:0.4.0-2337318-SNAPSHOT]
	at org.apache.ratis.server.impl.RaftServerProxy.lambda$submitRequest$6(RaftServerProxy.java:328) ~[ratis-server-0.4.0-2337318-SNAPSHOT.jar:0.4.0-2337318-SNAPSHOT]
	at java.util.concurrent.CompletableFuture.uniComposeStage(CompletableFuture.java:981) ~[?:1.8.0_212]
	at java.util.concurrent.CompletableFuture.thenCompose(CompletableFuture.java:2124) ~[?:1.8.0_212]
	at org.apache.ratis.server.impl.RaftServerProxy.submitRequest(RaftServerProxy.java:327) ~[ratis-server-0.4.0-2337318-SNAPSHOT.jar:0.4.0-2337318-SNAPSHOT]
	at org.apache.ratis.server.impl.RaftServerProxy.submitClientRequestAsync(RaftServerProxy.java:333) ~[ratis-server-0.4.0-2337318-SNAPSHOT.jar:0.4.0-2337318-SNAPSHOT]
	at org.apache.ratis.grpc.client.GrpcClientProtocolService$RequestStreamObserver.processClientRequest(GrpcClientProtocolService.java:220) ~[ratis-grpc-0.4.0-2337318-SNAPSHOT.jar:0.4.0-2337318-SNAPSHOT]
	at org.apache.ratis.grpc.client.GrpcClientProtocolService$OrderedRequestStreamObserver.processClientRequest(GrpcClientProtocolService.java:326) ~[ratis-grpc-0.4.0-2337318-SNAPSHOT.jar:0.4.0-2337318-SNAPSHOT]
	at org.apache.ratis.util.SlidingWindow$Server.processRequestsFromHead(SlidingWindow.java:429) [ratis-common-0.4.0-2337318-SNAPSHOT.jar:0.4.0-2337318-SNAPSHOT]
	at org.apache.ratis.util.SlidingWindow$Server.receivedRequest(SlidingWindow.java:421) [ratis-common-0.4.0-2337318-SNAPSHOT.jar:0.4.0-2337318-SNAPSHOT]
	at org.apache.ratis.grpc.client.GrpcClientProtocolService$OrderedRequestStreamObserver.processClientRequest(GrpcClientProtocolService.java:345) [ratis-grpc-0.4.0-2337318-SNAPSHOT.jar:0.4.0-2337318-SNAPSHOT]
	at org.apache.ratis.grpc.client.GrpcClientProtocolService$RequestStreamObserver.onNext(GrpcClientProtocolService.java:240) [ratis-grpc-0.4.0-2337318-SNAPSHOT.jar:0.4.0-2337318-SNAPSHOT]
	at org.apache.ratis.grpc.client.GrpcClientProtocolService$RequestStreamObserver.onNext(GrpcClientProtocolService.java:168) [ratis-grpc-0.4.0-2337318-SNAPSHOT.jar:0.4.0-2337318-SNAPSHOT]
	at org.apache.ratis.thirdparty.io.grpc.stub.ServerCalls$StreamingServerCallHandler$StreamingServerCallListener.onMessage(ServerCalls.java:248) [ratis-thirdparty-misc-0.2.0.jar:0.2.0]
	at org.apache.ratis.thirdparty.io.grpc.internal.ServerCallImpl$ServerStreamListenerImpl.messagesAvailable(ServerCallImpl.java:263) [ratis-thirdparty-misc-0.2.0.jar:0.2.0]
	at org.apache.ratis.thirdparty.io.grpc.internal.ServerImpl$JumpToApplicationThreadServerStreamListener$1MessagesAvailable.runInContext(ServerImpl.java:686) [ratis-thirdparty-misc-0.2.0.jar:0.2.0]
	at org.apache.ratis.thirdparty.io.grpc.internal.ContextRunnable.run(ContextRunnable.java:37) [ratis-thirdparty-misc-0.2.0.jar:0.2.0]
	at org.apache.ratis.thirdparty.io.grpc.internal.SerializingExecutor.run(SerializingExecutor.java:123) [ratis-thirdparty-misc-0.2.0.jar:0.2.0]
	at java.util.concurrent.ThreadPoolExecutor.runWorker(ThreadPoolExecutor.java:1149) [?:1.8.0_212]
	at java.util.concurrent.ThreadPoolExecutor$Worker.run(ThreadPoolExecutor.java:624) [?:1.8.0_212]
	at java.lang.Thread.run(Thread.java:748) [?:1.8.0_212]
07:40:27.455 [grpc-default-executor-6] ERROR DNAudit - user=null | ip=null | op=WRITE_CHUNK {blockData=conID: 1 locID: 102433005311098897 bcsId: 4} | ret=FAILURE
org.apache.hadoop.hdds.scm.container.common.helpers.ContainerNotOpenException: Container 1 in CLOSED state
	at org.apache.hadoop.ozone.container.common.impl.HddsDispatcher.validateContainerCommand(HddsDispatcher.java:408) ~[hadoop-hdds-container-service-0.5.0-SNAPSHOT.jar:?]
	at org.apache.hadoop.ozone.container.common.transport.server.ratis.ContainerStateMachine.startTransaction(ContainerStateMachine.java:271) ~[hadoop-hdds-container-service-0.5.0-SNAPSHOT.jar:?]
	at org.apache.ratis.server.impl.RaftServerImpl.submitClientRequestAsync(RaftServerImpl.java:566) ~[ratis-server-0.4.0-2337318-SNAPSHOT.jar:0.4.0-2337318-SNAPSHOT]
	at org.apache.ratis.server.impl.RaftServerProxy.lambda$submitClientRequestAsync$7(RaftServerProxy.java:333) ~[ratis-server-0.4.0-2337318-SNAPSHOT.jar:0.4.0-2337318-SNAPSHOT]
	at org.apache.ratis.server.impl.RaftServerProxy.lambda$null$5(RaftServerProxy.java:328) ~[ratis-server-0.4.0-2337318-SNAPSHOT.jar:0.4.0-2337318-SNAPSHOT]
	at org.apache.ratis.util.JavaUtils.callAsUnchecked(JavaUtils.java:109) ~[ratis-common-0.4.0-2337318-SNAPSHOT.jar:0.4.0-2337318-SNAPSHOT]
	at org.apache.ratis.server.impl.RaftServerProxy.lambda$submitRequest$6(RaftServerProxy.java:328) ~[ratis-server-0.4.0-2337318-SNAPSHOT.jar:0.4.0-2337318-SNAPSHOT]
	at java.util.concurrent.CompletableFuture.uniComposeStage(CompletableFuture.java:981) ~[?:1.8.0_212]
	at java.util.concurrent.CompletableFuture.thenCompose(CompletableFuture.java:2124) ~[?:1.8.0_212]
	at org.apache.ratis.server.impl.RaftServerProxy.submitRequest(RaftServerProxy.java:327) ~[ratis-server-0.4.0-2337318-SNAPSHOT.jar:0.4.0-2337318-SNAPSHOT]
	at org.apache.ratis.server.impl.RaftServerProxy.submitClientRequestAsync(RaftServerProxy.java:333) ~[ratis-server-0.4.0-2337318-SNAPSHOT.jar:0.4.0-2337318-SNAPSHOT]
	at org.apache.ratis.grpc.client.GrpcClientProtocolService$RequestStreamObserver.processClientRequest(GrpcClientProtocolService.java:220) ~[ratis-grpc-0.4.0-2337318-SNAPSHOT.jar:0.4.0-2337318-SNAPSHOT]
	at org.apache.ratis.grpc.client.GrpcClientProtocolService$OrderedRequestStreamObserver.processClientRequest(GrpcClientProtocolService.java:326) ~[ratis-grpc-0.4.0-2337318-SNAPSHOT.jar:0.4.0-2337318-SNAPSHOT]
	at org.apache.ratis.util.SlidingWindow$Server.processRequestsFromHead(SlidingWindow.java:429) [ratis-common-0.4.0-2337318-SNAPSHOT.jar:0.4.0-2337318-SNAPSHOT]
	at org.apache.ratis.util.SlidingWindow$Server.receivedRequest(SlidingWindow.java:421) [ratis-common-0.4.0-2337318-SNAPSHOT.jar:0.4.0-2337318-SNAPSHOT]
	at org.apache.ratis.grpc.client.GrpcClientProtocolService$OrderedRequestStreamObserver.processClientRequest(GrpcClientProtocolService.java:345) [ratis-grpc-0.4.0-2337318-SNAPSHOT.jar:0.4.0-2337318-SNAPSHOT]
	at org.apache.ratis.grpc.client.GrpcClientProtocolService$RequestStreamObserver.onNext(GrpcClientProtocolService.java:240) [ratis-grpc-0.4.0-2337318-SNAPSHOT.jar:0.4.0-2337318-SNAPSHOT]
	at org.apache.ratis.grpc.client.GrpcClientProtocolService$RequestStreamObserver.onNext(GrpcClientProtocolService.java:168) [ratis-grpc-0.4.0-2337318-SNAPSHOT.jar:0.4.0-2337318-SNAPSHOT]
	at org.apache.ratis.thirdparty.io.grpc.stub.ServerCalls$StreamingServerCallHandler$StreamingServerCallListener.onMessage(ServerCalls.java:248) [ratis-thirdparty-misc-0.2.0.jar:0.2.0]
	at org.apache.ratis.thirdparty.io.grpc.internal.ServerCallImpl$ServerStreamListenerImpl.messagesAvailable(ServerCallImpl.java:263) [ratis-thirdparty-misc-0.2.0.jar:0.2.0]
	at org.apache.ratis.thirdparty.io.grpc.internal.ServerImpl$JumpToApplicationThreadServerStreamListener$1MessagesAvailable.runInContext(ServerImpl.java:686) [ratis-thirdparty-misc-0.2.0.jar:0.2.0]
	at org.apache.ratis.thirdparty.io.grpc.internal.ContextRunnable.run(ContextRunnable.java:37) [ratis-thirdparty-misc-0.2.0.jar:0.2.0]
	at org.apache.ratis.thirdparty.io.grpc.internal.SerializingExecutor.run(SerializingExecutor.java:123) [ratis-thirdparty-misc-0.2.0.jar:0.2.0]
	at java.util.concurrent.ThreadPoolExecutor.runWorker(ThreadPoolExecutor.java:1149) [?:1.8.0_212]
	at java.util.concurrent.ThreadPoolExecutor$Worker.run(ThreadPoolExecutor.java:624) [?:1.8.0_212]
	at java.lang.Thread.run(Thread.java:748) [?:1.8.0_212]
07:40:27.463 [grpc-default-executor-6] ERROR DNAudit - user=null | ip=null | op=PUT_BLOCK {blockData=[blockId=conID: 1 locID: 102433005311098897 bcsId: 0,size=334]} | ret=FAILURE
org.apache.hadoop.hdds.scm.container.common.helpers.ContainerNotOpenException: Container 1 in CLOSED state
	at org.apache.hadoop.ozone.container.common.impl.HddsDispatcher.validateContainerCommand(HddsDispatcher.java:408) ~[hadoop-hdds-container-service-0.5.0-SNAPSHOT.jar:?]
	at org.apache.hadoop.ozone.container.common.transport.server.ratis.ContainerStateMachine.startTransaction(ContainerStateMachine.java:271) ~[hadoop-hdds-container-service-0.5.0-SNAPSHOT.jar:?]
	at org.apache.ratis.server.impl.RaftServerImpl.submitClientRequestAsync(RaftServerImpl.java:566) ~[ratis-server-0.4.0-2337318-SNAPSHOT.jar:0.4.0-2337318-SNAPSHOT]
	at org.apache.ratis.server.impl.RaftServerProxy.lambda$submitClientRequestAsync$7(RaftServerProxy.java:333) ~[ratis-server-0.4.0-2337318-SNAPSHOT.jar:0.4.0-2337318-SNAPSHOT]
	at org.apache.ratis.server.impl.RaftServerProxy.lambda$null$5(RaftServerProxy.java:328) ~[ratis-server-0.4.0-2337318-SNAPSHOT.jar:0.4.0-2337318-SNAPSHOT]
	at org.apache.ratis.util.JavaUtils.callAsUnchecked(JavaUtils.java:109) ~[ratis-common-0.4.0-2337318-SNAPSHOT.jar:0.4.0-2337318-SNAPSHOT]
	at org.apache.ratis.server.impl.RaftServerProxy.lambda$submitRequest$6(RaftServerProxy.java:328) ~[ratis-server-0.4.0-2337318-SNAPSHOT.jar:0.4.0-2337318-SNAPSHOT]
	at java.util.concurrent.CompletableFuture.uniComposeStage(CompletableFuture.java:981) ~[?:1.8.0_212]
	at java.util.concurrent.CompletableFuture.thenCompose(CompletableFuture.java:2124) ~[?:1.8.0_212]
	at org.apache.ratis.server.impl.RaftServerProxy.submitRequest(RaftServerProxy.java:327) ~[ratis-server-0.4.0-2337318-SNAPSHOT.jar:0.4.0-2337318-SNAPSHOT]
	at org.apache.ratis.server.impl.RaftServerProxy.submitClientRequestAsync(RaftServerProxy.java:333) ~[ratis-server-0.4.0-2337318-SNAPSHOT.jar:0.4.0-2337318-SNAPSHOT]
	at org.apache.ratis.grpc.client.GrpcClientProtocolService$RequestStreamObserver.processClientRequest(GrpcClientProtocolService.java:220) ~[ratis-grpc-0.4.0-2337318-SNAPSHOT.jar:0.4.0-2337318-SNAPSHOT]
	at org.apache.ratis.grpc.client.GrpcClientProtocolService$OrderedRequestStreamObserver.processClientRequest(GrpcClientProtocolService.java:326) ~[ratis-grpc-0.4.0-2337318-SNAPSHOT.jar:0.4.0-2337318-SNAPSHOT]
	at org.apache.ratis.util.SlidingWindow$Server.processRequestsFromHead(SlidingWindow.java:429) [ratis-common-0.4.0-2337318-SNAPSHOT.jar:0.4.0-2337318-SNAPSHOT]
	at org.apache.ratis.util.SlidingWindow$Server.receivedRequest(SlidingWindow.java:421) [ratis-common-0.4.0-2337318-SNAPSHOT.jar:0.4.0-2337318-SNAPSHOT]
	at org.apache.ratis.grpc.client.GrpcClientProtocolService$OrderedRequestStreamObserver.processClientRequest(GrpcClientProtocolService.java:345) [ratis-grpc-0.4.0-2337318-SNAPSHOT.jar:0.4.0-2337318-SNAPSHOT]
	at org.apache.ratis.grpc.client.GrpcClientProtocolService$RequestStreamObserver.onNext(GrpcClientProtocolService.java:240) [ratis-grpc-0.4.0-2337318-SNAPSHOT.jar:0.4.0-2337318-SNAPSHOT]
	at org.apache.ratis.grpc.client.GrpcClientProtocolService$RequestStreamObserver.onNext(GrpcClientProtocolService.java:168) [ratis-grpc-0.4.0-2337318-SNAPSHOT.jar:0.4.0-2337318-SNAPSHOT]
	at org.apache.ratis.thirdparty.io.grpc.stub.ServerCalls$StreamingServerCallHandler$StreamingServerCallListener.onMessage(ServerCalls.java:248) [ratis-thirdparty-misc-0.2.0.jar:0.2.0]
	at org.apache.ratis.thirdparty.io.grpc.internal.ServerCallImpl$ServerStreamListenerImpl.messagesAvailable(ServerCallImpl.java:263) [ratis-thirdparty-misc-0.2.0.jar:0.2.0]
	at org.apache.ratis.thirdparty.io.grpc.internal.ServerImpl$JumpToApplicationThreadServerStreamListener$1MessagesAvailable.runInContext(ServerImpl.java:686) [ratis-thirdparty-misc-0.2.0.jar:0.2.0]
	at org.apache.ratis.thirdparty.io.grpc.internal.ContextRunnable.run(ContextRunnable.java:37) [ratis-thirdparty-misc-0.2.0.jar:0.2.0]
	at org.apache.ratis.thirdparty.io.grpc.internal.SerializingExecutor.run(SerializingExecutor.java:123) [ratis-thirdparty-misc-0.2.0.jar:0.2.0]
	at java.util.concurrent.ThreadPoolExecutor.runWorker(ThreadPoolExecutor.java:1149) [?:1.8.0_212]
	at java.util.concurrent.ThreadPoolExecutor$Worker.run(ThreadPoolExecutor.java:624) [?:1.8.0_212]
	at java.lang.Thread.run(Thread.java:748) [?:1.8.0_212]
2019-07-13 07:40:27,465 INFO  client.GrpcClientProtocolClient (GrpcClientProtocolClient.java:onNext(255)) - client-151D51723856->5d1982ab-0084-45b3-a4d1-67d287322cc8: receive RaftClientReply:client-151D51723856->5d1982ab-0084-45b3-a4d1-67d287322cc8@group-B60962DB0CAD, cid=217, FAILED org.apache.ratis.protocol.StateMachineException: org.apache.hadoop.hdds.scm.container.common.helpers.ContainerNotOpenException from Server 5d1982ab-0084-45b3-a4d1-67d287322cc8: Container 1 in CLOSED state, logIndex=0, commits[5d1982ab-0084-45b3-a4d1-67d287322cc8:c8, 2169aba2-981b-4c65-8013-9e22e49ffea6:c7, ff527039-27c0-4097-9a5e-c6042cac39f7:c7]
2019-07-13 07:40:27,476 INFO  client.GrpcClientProtocolClient (GrpcClientProtocolClient.java:onNext(255)) - client-151D51723856->5d1982ab-0084-45b3-a4d1-67d287322cc8: receive RaftClientReply:client-151D51723856->5d1982ab-0084-45b3-a4d1-67d287322cc8@group-B60962DB0CAD, cid=218, FAILED org.apache.ratis.protocol.StateMachineException: org.apache.hadoop.hdds.scm.container.common.helpers.ContainerNotOpenException from Server 5d1982ab-0084-45b3-a4d1-67d287322cc8: Container 1 in CLOSED state, logIndex=0, commits[5d1982ab-0084-45b3-a4d1-67d287322cc8:c8, 2169aba2-981b-4c65-8013-9e22e49ffea6:c7, ff527039-27c0-4097-9a5e-c6042cac39f7:c7]
2019-07-13 07:40:27,477 INFO  client.GrpcClientProtocolClient (GrpcClientProtocolClient.java:onNext(255)) - client-151D51723856->5d1982ab-0084-45b3-a4d1-67d287322cc8: receive RaftClientReply:client-151D51723856->5d1982ab-0084-45b3-a4d1-67d287322cc8@group-B60962DB0CAD, cid=219, FAILED org.apache.ratis.protocol.StateMachineException: org.apache.hadoop.hdds.scm.container.common.helpers.ContainerNotOpenException from Server 5d1982ab-0084-45b3-a4d1-67d287322cc8: Container 1 in CLOSED state, logIndex=0, commits[5d1982ab-0084-45b3-a4d1-67d287322cc8:c8, 2169aba2-981b-4c65-8013-9e22e49ffea6:c7, ff527039-27c0-4097-9a5e-c6042cac39f7:c7]
2019-07-13 07:40:27,653 INFO  client.GrpcClientProtocolClient (GrpcClientProtocolClient.java:onNext(255)) - client-00A0FC50164F->1fb4b77b-b50d-4859-a733-068ebc8e2c0c: receive RaftClientReply:client-00A0FC50164F->1fb4b77b-b50d-4859-a733-068ebc8e2c0c@group-0F9EE791D969, cid=220, SUCCESS, logIndex=1, commits[1fb4b77b-b50d-4859-a733-068ebc8e2c0c:c1, ff684012-ca29-499f-bfee-b2f0b93661eb:c0, cde4c7a7-ed6f-486b-aa44-7bcc6f205696:c0]
2019-07-13 07:40:27,668 INFO  client.GrpcClientProtocolClient (GrpcClientProtocolClient.java:onNext(255)) - client-00A0FC50164F->1fb4b77b-b50d-4859-a733-068ebc8e2c0c: receive RaftClientReply:client-00A0FC50164F->1fb4b77b-b50d-4859-a733-068ebc8e2c0c@group-0F9EE791D969, cid=221, SUCCESS, logIndex=3, commits[1fb4b77b-b50d-4859-a733-068ebc8e2c0c:c4, ff684012-ca29-499f-bfee-b2f0b93661eb:c1, cde4c7a7-ed6f-486b-aa44-7bcc6f205696:c1]
2019-07-13 07:40:27,734 INFO  client.GrpcClientProtocolClient (GrpcClientProtocolClient.java:onNext(255)) - client-00A0FC50164F->1fb4b77b-b50d-4859-a733-068ebc8e2c0c: receive RaftClientReply:client-00A0FC50164F->1fb4b77b-b50d-4859-a733-068ebc8e2c0c@group-0F9EE791D969, cid=222, SUCCESS, logIndex=4, commits[1fb4b77b-b50d-4859-a733-068ebc8e2c0c:c6, ff684012-ca29-499f-bfee-b2f0b93661eb:c4, cde4c7a7-ed6f-486b-aa44-7bcc6f205696:c4]
2019-07-13 07:40:27,750 INFO  pipeline.Pipeline (Pipeline.java:getProtobufMessage(195)) - Serialize pipeline PipelineID=219d6f01-85d9-4718-8117-0f9ee791d969 with nodesInOrder{ }
2019-07-13 07:40:27,751 INFO  ozone.MiniOzoneClusterImpl (MiniOzoneClusterImpl.java:shutdown(321)) - Shutting down the Mini Ozone Cluster
2019-07-13 07:40:27,751 INFO  ozone.MiniOzoneClusterImpl (MiniOzoneClusterImpl.java:stop(336)) - Stopping the Mini Ozone Cluster
2019-07-13 07:40:27,751 INFO  ozone.MiniOzoneClusterImpl (MiniOzoneClusterImpl.java:stop(338)) - Stopping the OzoneManager
2019-07-13 07:40:27,752 INFO  ipc.Server (Server.java:stop(3082)) - Stopping server on 34172
2019-07-13 07:40:27,769 INFO  ipc.Server (Server.java:run(1185)) - Stopping IPC Server listener on 34172
2019-07-13 07:40:27,774 INFO  utils.BackgroundService (BackgroundService.java:shutdown(148)) - Shutting down service KeyDeletingService
2019-07-13 07:40:27,777 INFO  ipc.Server (Server.java:run(1319)) - Stopping IPC Server Responder
2019-07-13 07:40:27,793 INFO  handler.ContextHandler (ContextHandler.java:doStop(910)) - Stopped o.e.j.w.WebAppContext@748015f8{/,null,UNAVAILABLE}{/ozoneManager}
2019-07-13 07:40:27,793 INFO  server.AbstractConnector (AbstractConnector.java:doStop(318)) - Stopped ServerConnector@140e003e{HTTP/1.1,[http/1.1]}{0.0.0.0:0}
2019-07-13 07:40:27,794 INFO  handler.ContextHandler (ContextHandler.java:doStop(910)) - Stopped o.e.j.s.ServletContextHandler@9a932a4{/static,file:///tmp/workdir/hadoop-ozone/integration-test/target/test-classes/webapps/static,UNAVAILABLE}
2019-07-13 07:40:27,794 INFO  handler.ContextHandler (ContextHandler.java:doStop(910)) - Stopped o.e.j.s.ServletContextHandler@74307afd{/logs,file:///tmp/workdir/hadoop-ozone/integration-test/target/log,UNAVAILABLE}
2019-07-13 07:40:27,798 INFO  ozone.MiniOzoneClusterImpl (MiniOzoneClusterImpl.java:stop(344)) - Shutting the HddsDatanodes
2019-07-13 07:40:27,798 INFO  datanode.ObjectStoreHandler (ObjectStoreHandler.java:close(155)) - Closing ObjectStoreHandler.
2019-07-13 07:40:27,798 INFO  datanode.ObjectStoreHandler (ObjectStoreHandler.java:close(155)) - Closing ObjectStoreHandler.
2019-07-13 07:40:27,799 INFO  ozone.HddsDatanodeService (HddsDatanodeService.java:stop(452)) - Stopped plug-in org.apache.hadoop.ozone.web.OzoneHddsDatanodeService@31e08c61
2019-07-13 07:40:27,799 INFO  ozone.HddsDatanodeService (HddsDatanodeService.java:stop(452)) - Stopped plug-in org.apache.hadoop.ozone.web.OzoneHddsDatanodeService@2771e501
2019-07-13 07:40:28,428 INFO  statemachine.DatanodeStateMachine (DatanodeStateMachine.java:lambda$startDaemon$0(350)) - Ozone container server started.
2019-07-13 07:40:28,642 INFO  statemachine.DatanodeStateMachine (DatanodeStateMachine.java:lambda$startDaemon$0(350)) - Ozone container server started.
2019-07-13 07:40:32,483 INFO  node.StaleNodeHandler (StaleNodeHandler.java:onMessage(58)) - Datanode 2169aba2-981b-4c65-8013-9e22e49ffea6{ip: 192.168.69.84, host: trunk-nightly-9lh4p-2362225927, networkLocation: /default-rack, certSerialId: null} moved to stale state. Finalizing its pipelines [PipelineID=6bedf80d-812b-48b8-8c2a-b5cf770d789e, PipelineID=d2bfd832-0f71-463c-9068-b60962db0cad]
2019-07-13 07:40:32,483 INFO  pipeline.SCMPipelineManager (SCMPipelineManager.java:finalizeAndDestroyPipeline(309)) - destroying pipeline:Pipeline[ Id: 6bedf80d-812b-48b8-8c2a-b5cf770d789e, Nodes: 2169aba2-981b-4c65-8013-9e22e49ffea6{ip: 192.168.69.84, host: trunk-nightly-9lh4p-2362225927, networkLocation: /default-rack, certSerialId: null}, Type:RATIS, Factor:ONE, State:OPEN]
2019-07-13 07:40:32,483 INFO  pipeline.PipelineStateManager (PipelineStateManager.java:finalizePipeline(123)) - Pipeline Pipeline[ Id: 6bedf80d-812b-48b8-8c2a-b5cf770d789e, Nodes: 2169aba2-981b-4c65-8013-9e22e49ffea6{ip: 192.168.69.84, host: trunk-nightly-9lh4p-2362225927, networkLocation: /default-rack, certSerialId: null}, Type:RATIS, Factor:ONE, State:CLOSED] moved to CLOSED state
2019-07-13 07:40:32,484 INFO  pipeline.SCMPipelineManager (SCMPipelineManager.java:finalizeAndDestroyPipeline(309)) - destroying pipeline:Pipeline[ Id: d2bfd832-0f71-463c-9068-b60962db0cad, Nodes: 5d1982ab-0084-45b3-a4d1-67d287322cc8{ip: 192.168.69.84, host: trunk-nightly-9lh4p-2362225927, networkLocation: /default-rack, certSerialId: null}ff527039-27c0-4097-9a5e-c6042cac39f7{ip: 192.168.69.84, host: trunk-nightly-9lh4p-2362225927, networkLocation: /default-rack, certSerialId: null}2169aba2-981b-4c65-8013-9e22e49ffea6{ip: 192.168.69.84, host: trunk-nightly-9lh4p-2362225927, networkLocation: /default-rack, certSerialId: null}, Type:RATIS, Factor:THREE, State:OPEN]
2019-07-13 07:40:32,484 INFO  pipeline.PipelineStateManager (PipelineStateManager.java:finalizePipeline(123)) - Pipeline Pipeline[ Id: d2bfd832-0f71-463c-9068-b60962db0cad, Nodes: 5d1982ab-0084-45b3-a4d1-67d287322cc8{ip: 192.168.69.84, host: trunk-nightly-9lh4p-2362225927, networkLocation: /default-rack, certSerialId: null}ff527039-27c0-4097-9a5e-c6042cac39f7{ip: 192.168.69.84, host: trunk-nightly-9lh4p-2362225927, networkLocation: /default-rack, certSerialId: null}2169aba2-981b-4c65-8013-9e22e49ffea6{ip: 192.168.69.84, host: trunk-nightly-9lh4p-2362225927, networkLocation: /default-rack, certSerialId: null}, Type:RATIS, Factor:THREE, State:CLOSED] moved to CLOSED state
2019-07-13 07:40:32,683 INFO  node.StaleNodeHandler (StaleNodeHandler.java:onMessage(58)) - Datanode cde4c7a7-ed6f-486b-aa44-7bcc6f205696{ip: 192.168.69.84, host: trunk-nightly-9lh4p-2362225927, networkLocation: /default-rack, certSerialId: null} moved to stale state. Finalizing its pipelines [PipelineID=219d6f01-85d9-4718-8117-0f9ee791d969, PipelineID=36d415bf-7e77-4060-987e-96e33f5020be]
2019-07-13 07:40:32,683 INFO  pipeline.SCMPipelineManager (SCMPipelineManager.java:finalizeAndDestroyPipeline(309)) - destroying pipeline:Pipeline[ Id: 219d6f01-85d9-4718-8117-0f9ee791d969, Nodes: 1fb4b77b-b50d-4859-a733-068ebc8e2c0c{ip: 192.168.69.84, host: trunk-nightly-9lh4p-2362225927, networkLocation: /default-rack, certSerialId: null}cde4c7a7-ed6f-486b-aa44-7bcc6f205696{ip: 192.168.69.84, host: trunk-nightly-9lh4p-2362225927, networkLocation: /default-rack, certSerialId: null}ff684012-ca29-499f-bfee-b2f0b93661eb{ip: 192.168.69.84, host: trunk-nightly-9lh4p-2362225927, networkLocation: /default-rack, certSerialId: null}, Type:RATIS, Factor:THREE, State:OPEN]
2019-07-13 07:40:32,684 INFO  pipeline.PipelineStateManager (PipelineStateManager.java:finalizePipeline(123)) - Pipeline Pipeline[ Id: 219d6f01-85d9-4718-8117-0f9ee791d969, Nodes: 1fb4b77b-b50d-4859-a733-068ebc8e2c0c{ip: 192.168.69.84, host: trunk-nightly-9lh4p-2362225927, networkLocation: /default-rack, certSerialId: null}cde4c7a7-ed6f-486b-aa44-7bcc6f205696{ip: 192.168.69.84, host: trunk-nightly-9lh4p-2362225927, networkLocation: /default-rack, certSerialId: null}ff684012-ca29-499f-bfee-b2f0b93661eb{ip: 192.168.69.84, host: trunk-nightly-9lh4p-2362225927, networkLocation: /default-rack, certSerialId: null}, Type:RATIS, Factor:THREE, State:CLOSED] moved to CLOSED state
2019-07-13 07:40:32,684 INFO  container.CloseContainerEventHandler (CloseContainerEventHandler.java:onMessage(61)) - Close container Event triggered for container : #2
2019-07-13 07:40:32,684 INFO  pipeline.SCMPipelineManager (SCMPipelineManager.java:finalizeAndDestroyPipeline(309)) - destroying pipeline:Pipeline[ Id: 36d415bf-7e77-4060-987e-96e33f5020be, Nodes: cde4c7a7-ed6f-486b-aa44-7bcc6f205696{ip: 192.168.69.84, host: trunk-nightly-9lh4p-2362225927, networkLocation: /default-rack, certSerialId: null}, Type:RATIS, Factor:ONE, State:OPEN]
2019-07-13 07:40:32,684 INFO  pipeline.PipelineStateManager (PipelineStateManager.java:finalizePipeline(123)) - Pipeline Pipeline[ Id: 36d415bf-7e77-4060-987e-96e33f5020be, Nodes: cde4c7a7-ed6f-486b-aa44-7bcc6f205696{ip: 192.168.69.84, host: trunk-nightly-9lh4p-2362225927, networkLocation: /default-rack, certSerialId: null}, Type:RATIS, Factor:ONE, State:CLOSED] moved to CLOSED state
2019-07-13 07:40:32,800 INFO  ozoneimpl.OzoneContainer (OzoneContainer.java:stop(199)) - Attempting to stop container services.
2019-07-13 07:40:32,800 INFO  ozoneimpl.OzoneContainer (OzoneContainer.java:stop(199)) - Attempting to stop container services.
2019-07-13 07:40:32,800 INFO  impl.RaftServerProxy (RaftServerProxy.java:lambda$close$4(314)) - cde4c7a7-ed6f-486b-aa44-7bcc6f205696: close
2019-07-13 07:40:32,801 INFO  impl.RaftServerProxy (RaftServerProxy.java:lambda$close$4(314)) - 2169aba2-981b-4c65-8013-9e22e49ffea6: close
2019-07-13 07:40:32,801 INFO  impl.RaftServerImpl (RaftServerImpl.java:lambda$shutdown$3(245)) - cde4c7a7-ed6f-486b-aa44-7bcc6f205696: shutdown group-0F9EE791D969
2019-07-13 07:40:32,801 INFO  impl.RaftServerImpl (RaftServerImpl.java:lambda$shutdown$3(245)) - 2169aba2-981b-4c65-8013-9e22e49ffea6: shutdown group-B5CF770D789E
2019-07-13 07:40:32,801 INFO  util.JmxRegister (JmxRegister.java:unregister(73)) - Successfully un-registered JMX Bean with object name Ratis:service=RaftServer,group=group-0F9EE791D969,id=cde4c7a7-ed6f-486b-aa44-7bcc6f205696
2019-07-13 07:40:32,802 INFO  util.JmxRegister (JmxRegister.java:unregister(73)) - Successfully un-registered JMX Bean with object name Ratis:service=RaftServer,group=group-B5CF770D789E,id=2169aba2-981b-4c65-8013-9e22e49ffea6
2019-07-13 07:40:32,802 INFO  impl.RoleInfo (RoleInfo.java:shutdownFollowerState(121)) - cde4c7a7-ed6f-486b-aa44-7bcc6f205696: shutdown FollowerState
2019-07-13 07:40:32,802 INFO  impl.RoleInfo (RoleInfo.java:shutdownLeaderState(104)) - 2169aba2-981b-4c65-8013-9e22e49ffea6: shutdown LeaderState
2019-07-13 07:40:32,803 INFO  impl.FollowerState (FollowerState.java:run(114)) - cde4c7a7-ed6f-486b-aa44-7bcc6f205696: FollowerState was interrupted: java.lang.InterruptedException: sleep interrupted
2019-07-13 07:40:32,803 INFO  ratis.ContainerStateMachine (ContainerStateMachine.java:takeSnapshot(246)) - Taking snapshot at termIndex:(t:1, i:4)
2019-07-13 07:40:32,803 INFO  impl.StateMachineUpdater (StateMachineUpdater.java:stopAndJoin(115)) - StateMachineUpdater:cde4c7a7-ed6f-486b-aa44-7bcc6f205696:group-0F9EE791D969: set stopIndex = 6
2019-07-13 07:40:32,807 INFO  ratis.ContainerStateMachine (ContainerStateMachine.java:takeSnapshot(250)) - Taking a snapshot to file /tmp/workdir/hadoop-ozone/integration-test/target/test-dir/MiniOzoneClusterImpl-01fa958e-82b6-4203-8555-4362ad9f609d/datanode-1/data/ratis/219d6f01-85d9-4718-8117-0f9ee791d969/sm/snapshot.1_4
2019-07-13 07:40:32,803 INFO  impl.PendingRequests (PendingRequests.java:sendNotLeaderResponses(202)) - 2169aba2-981b-4c65-8013-9e22e49ffea6-PendingRequests: sendNotLeaderResponses
2019-07-13 07:40:32,808 INFO  impl.StateMachineUpdater (StateMachineUpdater.java:takeSnapshot(242)) - StateMachineUpdater:cde4c7a7-ed6f-486b-aa44-7bcc6f205696:group-0F9EE791D969: Took a snapshot at index 4
2019-07-13 07:40:32,808 INFO  impl.StateMachineUpdater (StateMachineUpdater.java:lambda$new$0(80)) - StateMachineUpdater:cde4c7a7-ed6f-486b-aa44-7bcc6f205696:group-0F9EE791D969: snapshotIndex: updateIncreasingly -1 -> 4
2019-07-13 07:40:32,808 INFO  ratis.ContainerStateMachine (ContainerStateMachine.java:takeSnapshot(246)) - Taking snapshot at termIndex:(t:0, i:~)
2019-07-13 07:40:32,808 INFO  impl.StateMachineUpdater (StateMachineUpdater.java:stopAndJoin(115)) - StateMachineUpdater:2169aba2-981b-4c65-8013-9e22e49ffea6:group-B5CF770D789E: set stopIndex = 0
2019-07-13 07:40:32,809 INFO  impl.RaftServerImpl (ServerState.java:close(394)) - cde4c7a7-ed6f-486b-aa44-7bcc6f205696:group-0F9EE791D969 closes. The last applied log index is 6
2019-07-13 07:40:32,809 INFO  impl.RaftServerImpl (ServerState.java:close(394)) - 2169aba2-981b-4c65-8013-9e22e49ffea6:group-B5CF770D789E closes. The last applied log index is 0
2019-07-13 07:40:32,809 INFO  segmented.SegmentedRaftLogWorker (SegmentedRaftLogWorker.java:run(313)) - cde4c7a7-ed6f-486b-aa44-7bcc6f205696-SegmentedRaftLogWorker:Storage Directory /tmp/workdir/hadoop-ozone/integration-test/target/test-dir/MiniOzoneClusterImpl-01fa958e-82b6-4203-8555-4362ad9f609d/datanode-1/data/ratis/219d6f01-85d9-4718-8117-0f9ee791d969 was interrupted, exiting. There are 0 tasks remaining in the queue.
2019-07-13 07:40:32,810 INFO  segmented.SegmentedRaftLogWorker (SegmentedRaftLogWorker.java:run(313)) - 2169aba2-981b-4c65-8013-9e22e49ffea6-SegmentedRaftLogWorker:Storage Directory /tmp/workdir/hadoop-ozone/integration-test/target/test-dir/MiniOzoneClusterImpl-01fa958e-82b6-4203-8555-4362ad9f609d/datanode-4/data/ratis/6bedf80d-812b-48b8-8c2a-b5cf770d789e was interrupted, exiting. There are 0 tasks remaining in the queue.
2019-07-13 07:40:32,815 INFO  segmented.SegmentedRaftLogWorker (SegmentedRaftLogWorker.java:close(228)) - cde4c7a7-ed6f-486b-aa44-7bcc6f205696-SegmentedRaftLogWorker:Storage Directory /tmp/workdir/hadoop-ozone/integration-test/target/test-dir/MiniOzoneClusterImpl-01fa958e-82b6-4203-8555-4362ad9f609d/datanode-1/data/ratis/219d6f01-85d9-4718-8117-0f9ee791d969 close()
2019-07-13 07:40:32,815 INFO  segmented.SegmentedRaftLogWorker (SegmentedRaftLogWorker.java:close(228)) - 2169aba2-981b-4c65-8013-9e22e49ffea6-SegmentedRaftLogWorker:Storage Directory /tmp/workdir/hadoop-ozone/integration-test/target/test-dir/MiniOzoneClusterImpl-01fa958e-82b6-4203-8555-4362ad9f609d/datanode-4/data/ratis/6bedf80d-812b-48b8-8c2a-b5cf770d789e close()
2019-07-13 07:40:32,820 INFO  impl.RaftServerImpl (RaftServerImpl.java:lambda$shutdown$3(245)) - cde4c7a7-ed6f-486b-aa44-7bcc6f205696: shutdown group-96E33F5020BE
2019-07-13 07:40:32,825 INFO  impl.RaftServerImpl (RaftServerImpl.java:lambda$shutdown$3(245)) - 2169aba2-981b-4c65-8013-9e22e49ffea6: shutdown group-B60962DB0CAD
2019-07-13 07:40:32,825 INFO  util.JmxRegister (JmxRegister.java:unregister(73)) - Successfully un-registered JMX Bean with object name Ratis:service=RaftServer,group=group-96E33F5020BE,id=cde4c7a7-ed6f-486b-aa44-7bcc6f205696
2019-07-13 07:40:32,826 INFO  util.JmxRegister (JmxRegister.java:unregister(73)) - Successfully un-registered JMX Bean with object name Ratis:service=RaftServer,group=group-B60962DB0CAD,id=2169aba2-981b-4c65-8013-9e22e49ffea6
2019-07-13 07:40:32,826 INFO  impl.RoleInfo (RoleInfo.java:shutdownFollowerState(121)) - 2169aba2-981b-4c65-8013-9e22e49ffea6: shutdown FollowerState
2019-07-13 07:40:32,826 INFO  impl.RoleInfo (RoleInfo.java:shutdownLeaderState(104)) - cde4c7a7-ed6f-486b-aa44-7bcc6f205696: shutdown LeaderState
2019-07-13 07:40:32,827 INFO  impl.FollowerState (FollowerState.java:run(114)) - 2169aba2-981b-4c65-8013-9e22e49ffea6: FollowerState was interrupted: java.lang.InterruptedException: sleep interrupted
2019-07-13 07:40:32,827 INFO  ratis.ContainerStateMachine (ContainerStateMachine.java:takeSnapshot(246)) - Taking snapshot at termIndex:(t:1, i:7)
2019-07-13 07:40:32,829 INFO  ratis.ContainerStateMachine (ContainerStateMachine.java:takeSnapshot(250)) - Taking a snapshot to file /tmp/workdir/hadoop-ozone/integration-test/target/test-dir/MiniOzoneClusterImpl-01fa958e-82b6-4203-8555-4362ad9f609d/datanode-4/data/ratis/d2bfd832-0f71-463c-9068-b60962db0cad/sm/snapshot.1_7
2019-07-13 07:40:32,827 INFO  impl.StateMachineUpdater (StateMachineUpdater.java:stopAndJoin(115)) - StateMachineUpdater:2169aba2-981b-4c65-8013-9e22e49ffea6:group-B60962DB0CAD: set stopIndex = 8
2019-07-13 07:40:32,830 INFO  impl.StateMachineUpdater (StateMachineUpdater.java:takeSnapshot(242)) - StateMachineUpdater:2169aba2-981b-4c65-8013-9e22e49ffea6:group-B60962DB0CAD: Took a snapshot at index 7
2019-07-13 07:40:32,830 INFO  impl.StateMachineUpdater (StateMachineUpdater.java:lambda$new$0(80)) - StateMachineUpdater:2169aba2-981b-4c65-8013-9e22e49ffea6:group-B60962DB0CAD: snapshotIndex: updateIncreasingly -1 -> 7
2019-07-13 07:40:32,827 INFO  impl.PendingRequests (PendingRequests.java:sendNotLeaderResponses(202)) - cde4c7a7-ed6f-486b-aa44-7bcc6f205696-PendingRequests: sendNotLeaderResponses
2019-07-13 07:40:32,830 INFO  impl.RaftServerImpl (ServerState.java:close(394)) - 2169aba2-981b-4c65-8013-9e22e49ffea6:group-B60962DB0CAD closes. The last applied log index is 8
2019-07-13 07:40:32,831 INFO  ratis.ContainerStateMachine (ContainerStateMachine.java:takeSnapshot(246)) - Taking snapshot at termIndex:(t:0, i:~)
2019-07-13 07:40:32,831 INFO  segmented.SegmentedRaftLogWorker (SegmentedRaftLogWorker.java:run(313)) - 2169aba2-981b-4c65-8013-9e22e49ffea6-SegmentedRaftLogWorker:Storage Directory /tmp/workdir/hadoop-ozone/integration-test/target/test-dir/MiniOzoneClusterImpl-01fa958e-82b6-4203-8555-4362ad9f609d/datanode-4/data/ratis/d2bfd832-0f71-463c-9068-b60962db0cad was interrupted, exiting. There are 0 tasks remaining in the queue.
2019-07-13 07:40:32,831 INFO  impl.StateMachineUpdater (StateMachineUpdater.java:stopAndJoin(115)) - StateMachineUpdater:cde4c7a7-ed6f-486b-aa44-7bcc6f205696:group-96E33F5020BE: set stopIndex = 0
2019-07-13 07:40:32,834 INFO  segmented.SegmentedRaftLogWorker (SegmentedRaftLogWorker.java:close(228)) - 2169aba2-981b-4c65-8013-9e22e49ffea6-SegmentedRaftLogWorker:Storage Directory /tmp/workdir/hadoop-ozone/integration-test/target/test-dir/MiniOzoneClusterImpl-01fa958e-82b6-4203-8555-4362ad9f609d/datanode-4/data/ratis/d2bfd832-0f71-463c-9068-b60962db0cad close()
2019-07-13 07:40:32,834 INFO  impl.RaftServerImpl (ServerState.java:close(394)) - cde4c7a7-ed6f-486b-aa44-7bcc6f205696:group-96E33F5020BE closes. The last applied log index is 0
2019-07-13 07:40:32,839 INFO  server.GrpcService (GrpcService.java:closeImpl(155)) - 2169aba2-981b-4c65-8013-9e22e49ffea6: shutdown server with port 39284 now
2019-07-13 07:40:32,839 INFO  segmented.SegmentedRaftLogWorker (SegmentedRaftLogWorker.java:run(313)) - cde4c7a7-ed6f-486b-aa44-7bcc6f205696-SegmentedRaftLogWorker:Storage Directory /tmp/workdir/hadoop-ozone/integration-test/target/test-dir/MiniOzoneClusterImpl-01fa958e-82b6-4203-8555-4362ad9f609d/datanode-1/data/ratis/36d415bf-7e77-4060-987e-96e33f5020be was interrupted, exiting. There are 0 tasks remaining in the queue.
2019-07-13 07:40:32,842 WARN  server.GrpcServerProtocolService (LogUtils.java:warn(134)) - 2169aba2-981b-4c65-8013-9e22e49ffea6: appendEntries onError: org.apache.ratis.thirdparty.io.grpc.StatusRuntimeException: CANCELLED: cancelled before receiving half close
2019-07-13 07:40:32,842 INFO  segmented.SegmentedRaftLogWorker (SegmentedRaftLogWorker.java:close(228)) - cde4c7a7-ed6f-486b-aa44-7bcc6f205696-SegmentedRaftLogWorker:Storage Directory /tmp/workdir/hadoop-ozone/integration-test/target/test-dir/MiniOzoneClusterImpl-01fa958e-82b6-4203-8555-4362ad9f609d/datanode-1/data/ratis/36d415bf-7e77-4060-987e-96e33f5020be close()
2019-07-13 07:40:32,842 INFO  server.GrpcService (GrpcService.java:closeImpl(163)) - 2169aba2-981b-4c65-8013-9e22e49ffea6: shutdown server with port 39284 successfully
2019-07-13 07:40:32,846 INFO  server.GrpcService (GrpcService.java:closeImpl(155)) - cde4c7a7-ed6f-486b-aa44-7bcc6f205696: shutdown server with port 42618 now
2019-07-13 07:40:32,842 WARN  server.GrpcLogAppender (LogUtils.java:warn(134)) - 5d1982ab-0084-45b3-a4d1-67d287322cc8->2169aba2-981b-4c65-8013-9e22e49ffea6: Failed appendEntries: org.apache.ratis.thirdparty.io.grpc.StatusRuntimeException: CANCELLED: HTTP/2 error code: CANCEL
Received Rst Stream
2019-07-13 07:40:32,848 WARN  server.GrpcServerProtocolService (LogUtils.java:warn(134)) - cde4c7a7-ed6f-486b-aa44-7bcc6f205696: appendEntries onError: org.apache.ratis.thirdparty.io.grpc.StatusRuntimeException: CANCELLED: cancelled before receiving half close
2019-07-13 07:40:32,848 INFO  utils.BackgroundService (BackgroundService.java:shutdown(148)) - Shutting down service BlockDeletingService
2019-07-13 07:40:32,848 INFO  server.GrpcService (GrpcService.java:closeImpl(163)) - cde4c7a7-ed6f-486b-aa44-7bcc6f205696: shutdown server with port 42618 successfully
2019-07-13 07:40:32,849 INFO  impl.FollowerInfo (FollowerInfo.java:lambda$new$0(50)) - 5d1982ab-0084-45b3-a4d1-67d287322cc8->2169aba2-981b-4c65-8013-9e22e49ffea6: nextIndex: updateUnconditionally 9 -> 8
2019-07-13 07:40:32,848 WARN  server.GrpcLogAppender (LogUtils.java:warn(134)) - 1fb4b77b-b50d-4859-a733-068ebc8e2c0c->cde4c7a7-ed6f-486b-aa44-7bcc6f205696: Failed appendEntries: org.apache.ratis.thirdparty.io.grpc.StatusRuntimeException: CANCELLED: HTTP/2 error code: CANCEL
Received Rst Stream
2019-07-13 07:40:32,849 INFO  impl.FollowerInfo (FollowerInfo.java:lambda$new$0(50)) - 1fb4b77b-b50d-4859-a733-068ebc8e2c0c->cde4c7a7-ed6f-486b-aa44-7bcc6f205696: nextIndex: updateUnconditionally 7 -> 6
2019-07-13 07:40:32,851 WARN  fs.CachingGetSpaceUsed (CachingGetSpaceUsed.java:run(183)) - Thread Interrupted waiting to refresh disk information: sleep interrupted
2019-07-13 07:40:32,851 INFO  utils.BackgroundService (BackgroundService.java:shutdown(148)) - Shutting down service BlockDeletingService
2019-07-13 07:40:32,864 WARN  fs.CachingGetSpaceUsed (CachingGetSpaceUsed.java:run(183)) - Thread Interrupted waiting to refresh disk information: sleep interrupted
2019-07-13 07:40:32,879 INFO  statemachine.DatanodeStateMachine (DatanodeStateMachine.java:stopDaemon(395)) - Ozone container server stopped.
2019-07-13 07:40:32,880 INFO  handler.ContextHandler (ContextHandler.java:doStop(910)) - Stopped o.e.j.w.WebAppContext@1cd7bc66{/,null,UNAVAILABLE}{/hddsDatanode}
2019-07-13 07:40:32,881 INFO  server.AbstractConnector (AbstractConnector.java:doStop(318)) - Stopped ServerConnector@34b56a5a{HTTP/1.1,[http/1.1]}{0.0.0.0:0}
2019-07-13 07:40:32,881 INFO  handler.ContextHandler (ContextHandler.java:doStop(910)) - Stopped o.e.j.s.ServletContextHandler@63f1d374{/static,jar:file:/home/user/.m2/repository/org/apache/hadoop/hadoop-hdds-container-service/0.5.0-SNAPSHOT/hadoop-hdds-container-service-0.5.0-SNAPSHOT.jar!/webapps/static,UNAVAILABLE}
2019-07-13 07:40:32,881 INFO  handler.ContextHandler (ContextHandler.java:doStop(910)) - Stopped o.e.j.s.ServletContextHandler@7083e548{/logs,file:///tmp/workdir/hadoop-ozone/integration-test/target/log,UNAVAILABLE}
2019-07-13 07:40:32,882 INFO  datanode.ObjectStoreHandler (ObjectStoreHandler.java:close(155)) - Closing ObjectStoreHandler.
2019-07-13 07:40:32,883 INFO  ozone.HddsDatanodeService (HddsDatanodeService.java:stop(452)) - Stopped plug-in org.apache.hadoop.ozone.web.OzoneHddsDatanodeService@51a3e3b4
2019-07-13 07:40:32,890 INFO  statemachine.DatanodeStateMachine (DatanodeStateMachine.java:stopDaemon(395)) - Ozone container server stopped.
2019-07-13 07:40:32,896 INFO  handler.ContextHandler (ContextHandler.java:doStop(910)) - Stopped o.e.j.w.WebAppContext@135ec43a{/,null,UNAVAILABLE}{/hddsDatanode}
2019-07-13 07:40:32,897 INFO  server.AbstractConnector (AbstractConnector.java:doStop(318)) - Stopped ServerConnector@69fc5803{HTTP/1.1,[http/1.1]}{0.0.0.0:0}
2019-07-13 07:40:32,899 INFO  handler.ContextHandler (ContextHandler.java:doStop(910)) - Stopped o.e.j.s.ServletContextHandler@2d854c13{/static,jar:file:/home/user/.m2/repository/org/apache/hadoop/hadoop-hdds-container-service/0.5.0-SNAPSHOT/hadoop-hdds-container-service-0.5.0-SNAPSHOT.jar!/webapps/static,UNAVAILABLE}
2019-07-13 07:40:32,901 INFO  handler.ContextHandler (ContextHandler.java:doStop(910)) - Stopped o.e.j.s.ServletContextHandler@345effd7{/logs,file:///tmp/workdir/hadoop-ozone/integration-test/target/log,UNAVAILABLE}
2019-07-13 07:40:32,902 INFO  datanode.ObjectStoreHandler (ObjectStoreHandler.java:close(155)) - Closing ObjectStoreHandler.
2019-07-13 07:40:32,902 INFO  ozone.HddsDatanodeService (HddsDatanodeService.java:stop(452)) - Stopped plug-in org.apache.hadoop.ozone.web.OzoneHddsDatanodeService@7ae88df1
2019-07-13 07:40:33,391 INFO  statemachine.DatanodeStateMachine (DatanodeStateMachine.java:lambda$startDaemon$0(350)) - Ozone container server started.
2019-07-13 07:40:33,645 INFO  statemachine.DatanodeStateMachine (DatanodeStateMachine.java:lambda$startDaemon$0(350)) - Ozone container server started.
2019-07-13 07:40:34,866 WARN  server.GrpcLogAppender (LogUtils.java:warn(134)) - 5d1982ab-0084-45b3-a4d1-67d287322cc8->2169aba2-981b-4c65-8013-9e22e49ffea6: Failed appendEntries: org.apache.ratis.thirdparty.io.grpc.StatusRuntimeException: UNAVAILABLE: io exception
2019-07-13 07:40:34,867 INFO  impl.FollowerInfo (FollowerInfo.java:lambda$new$0(50)) - 5d1982ab-0084-45b3-a4d1-67d287322cc8->2169aba2-981b-4c65-8013-9e22e49ffea6: nextIndex: updateUnconditionally 8 -> 7
2019-07-13 07:40:35,194 WARN  server.GrpcLogAppender (LogUtils.java:warn(134)) - 1fb4b77b-b50d-4859-a733-068ebc8e2c0c->cde4c7a7-ed6f-486b-aa44-7bcc6f205696: Failed appendEntries: org.apache.ratis.thirdparty.io.grpc.StatusRuntimeException: UNAVAILABLE: io exception
2019-07-13 07:40:35,194 INFO  impl.FollowerInfo (FollowerInfo.java:lambda$new$0(50)) - 1fb4b77b-b50d-4859-a733-068ebc8e2c0c->cde4c7a7-ed6f-486b-aa44-7bcc6f205696: nextIndex: updateUnconditionally 6 -> 5
2019-07-13 07:40:37,367 WARN  server.GrpcLogAppender (LogUtils.java:warn(134)) - 5d1982ab-0084-45b3-a4d1-67d287322cc8->2169aba2-981b-4c65-8013-9e22e49ffea6: Failed appendEntries: org.apache.ratis.thirdparty.io.grpc.StatusRuntimeException: UNAVAILABLE: io exception
2019-07-13 07:40:37,367 INFO  impl.FollowerInfo (FollowerInfo.java:lambda$new$0(50)) - 5d1982ab-0084-45b3-a4d1-67d287322cc8->2169aba2-981b-4c65-8013-9e22e49ffea6: nextIndex: updateUnconditionally 7 -> 6
2019-07-13 07:40:37,489 INFO  node.StaleNodeHandler (StaleNodeHandler.java:onMessage(58)) - Datanode ff527039-27c0-4097-9a5e-c6042cac39f7{ip: 192.168.69.84, host: trunk-nightly-9lh4p-2362225927, networkLocation: /default-rack, certSerialId: null} moved to stale state. Finalizing its pipelines [PipelineID=d2bfd832-0f71-463c-9068-b60962db0cad, PipelineID=9978e9fa-e919-4cb7-817d-ff55f4e039dd]
2019-07-13 07:40:37,490 INFO  pipeline.SCMPipelineManager (SCMPipelineManager.java:finalizeAndDestroyPipeline(309)) - destroying pipeline:Pipeline[ Id: d2bfd832-0f71-463c-9068-b60962db0cad, Nodes: 5d1982ab-0084-45b3-a4d1-67d287322cc8{ip: 192.168.69.84, host: trunk-nightly-9lh4p-2362225927, networkLocation: /default-rack, certSerialId: null}ff527039-27c0-4097-9a5e-c6042cac39f7{ip: 192.168.69.84, host: trunk-nightly-9lh4p-2362225927, networkLocation: /default-rack, certSerialId: null}2169aba2-981b-4c65-8013-9e22e49ffea6{ip: 192.168.69.84, host: trunk-nightly-9lh4p-2362225927, networkLocation: /default-rack, certSerialId: null}, Type:RATIS, Factor:THREE, State:CLOSED]
2019-07-13 07:40:37,490 INFO  pipeline.SCMPipelineManager (SCMPipelineManager.java:finalizeAndDestroyPipeline(309)) - destroying pipeline:Pipeline[ Id: 9978e9fa-e919-4cb7-817d-ff55f4e039dd, Nodes: ff527039-27c0-4097-9a5e-c6042cac39f7{ip: 192.168.69.84, host: trunk-nightly-9lh4p-2362225927, networkLocation: /default-rack, certSerialId: null}, Type:RATIS, Factor:ONE, State:OPEN]
2019-07-13 07:40:37,490 INFO  pipeline.PipelineStateManager (PipelineStateManager.java:finalizePipeline(123)) - Pipeline Pipeline[ Id: 9978e9fa-e919-4cb7-817d-ff55f4e039dd, Nodes: ff527039-27c0-4097-9a5e-c6042cac39f7{ip: 192.168.69.84, host: trunk-nightly-9lh4p-2362225927, networkLocation: /default-rack, certSerialId: null}, Type:RATIS, Factor:ONE, State:CLOSED] moved to CLOSED state
2019-07-13 07:40:37,690 INFO  node.StaleNodeHandler (StaleNodeHandler.java:onMessage(58)) - Datanode 1fb4b77b-b50d-4859-a733-068ebc8e2c0c{ip: 192.168.69.84, host: trunk-nightly-9lh4p-2362225927, networkLocation: /default-rack, certSerialId: null} moved to stale state. Finalizing its pipelines [PipelineID=8653dda1-556e-448c-826b-1d143183240b, PipelineID=219d6f01-85d9-4718-8117-0f9ee791d969]
2019-07-13 07:40:37,690 INFO  pipeline.SCMPipelineManager (SCMPipelineManager.java:finalizeAndDestroyPipeline(309)) - destroying pipeline:Pipeline[ Id: 8653dda1-556e-448c-826b-1d143183240b, Nodes: 1fb4b77b-b50d-4859-a733-068ebc8e2c0c{ip: 192.168.69.84, host: trunk-nightly-9lh4p-2362225927, networkLocation: /default-rack, certSerialId: null}, Type:RATIS, Factor:ONE, State:OPEN]
2019-07-13 07:40:37,690 INFO  pipeline.PipelineStateManager (PipelineStateManager.java:finalizePipeline(123)) - Pipeline Pipeline[ Id: 8653dda1-556e-448c-826b-1d143183240b, Nodes: 1fb4b77b-b50d-4859-a733-068ebc8e2c0c{ip: 192.168.69.84, host: trunk-nightly-9lh4p-2362225927, networkLocation: /default-rack, certSerialId: null}, Type:RATIS, Factor:ONE, State:CLOSED] moved to CLOSED state
2019-07-13 07:40:37,690 INFO  pipeline.SCMPipelineManager (SCMPipelineManager.java:finalizeAndDestroyPipeline(309)) - destroying pipeline:Pipeline[ Id: 219d6f01-85d9-4718-8117-0f9ee791d969, Nodes: 1fb4b77b-b50d-4859-a733-068ebc8e2c0c{ip: 192.168.69.84, host: trunk-nightly-9lh4p-2362225927, networkLocation: /default-rack, certSerialId: null}cde4c7a7-ed6f-486b-aa44-7bcc6f205696{ip: 192.168.69.84, host: trunk-nightly-9lh4p-2362225927, networkLocation: /default-rack, certSerialId: null}ff684012-ca29-499f-bfee-b2f0b93661eb{ip: 192.168.69.84, host: trunk-nightly-9lh4p-2362225927, networkLocation: /default-rack, certSerialId: null}, Type:RATIS, Factor:THREE, State:CLOSED]
2019-07-13 07:40:37,694 WARN  server.GrpcLogAppender (LogUtils.java:warn(134)) - 1fb4b77b-b50d-4859-a733-068ebc8e2c0c->cde4c7a7-ed6f-486b-aa44-7bcc6f205696: Failed appendEntries: org.apache.ratis.thirdparty.io.grpc.StatusRuntimeException: UNAVAILABLE: io exception
2019-07-13 07:40:37,695 INFO  impl.FollowerInfo (FollowerInfo.java:lambda$new$0(50)) - 1fb4b77b-b50d-4859-a733-068ebc8e2c0c->cde4c7a7-ed6f-486b-aa44-7bcc6f205696: nextIndex: updateUnconditionally 5 -> 4
2019-07-13 07:40:37,884 INFO  ozoneimpl.OzoneContainer (OzoneContainer.java:stop(199)) - Attempting to stop container services.
2019-07-13 07:40:37,884 INFO  impl.RaftServerProxy (RaftServerProxy.java:lambda$close$4(314)) - ff527039-27c0-4097-9a5e-c6042cac39f7: close
2019-07-13 07:40:37,885 INFO  impl.RaftServerImpl (RaftServerImpl.java:lambda$shutdown$3(245)) - ff527039-27c0-4097-9a5e-c6042cac39f7: shutdown group-B60962DB0CAD
2019-07-13 07:40:37,885 INFO  util.JmxRegister (JmxRegister.java:unregister(73)) - Successfully un-registered JMX Bean with object name Ratis:service=RaftServer,group=group-B60962DB0CAD,id=ff527039-27c0-4097-9a5e-c6042cac39f7
2019-07-13 07:40:37,886 INFO  impl.RoleInfo (RoleInfo.java:shutdownFollowerState(121)) - ff527039-27c0-4097-9a5e-c6042cac39f7: shutdown FollowerState
2019-07-13 07:40:37,886 INFO  impl.StateMachineUpdater (StateMachineUpdater.java:stopAndJoin(115)) - StateMachineUpdater:ff527039-27c0-4097-9a5e-c6042cac39f7:group-B60962DB0CAD: set stopIndex = 8
2019-07-13 07:40:37,886 INFO  ratis.ContainerStateMachine (ContainerStateMachine.java:takeSnapshot(246)) - Taking snapshot at termIndex:(t:1, i:7)
2019-07-13 07:40:37,887 INFO  ratis.ContainerStateMachine (ContainerStateMachine.java:takeSnapshot(250)) - Taking a snapshot to file /tmp/workdir/hadoop-ozone/integration-test/target/test-dir/MiniOzoneClusterImpl-01fa958e-82b6-4203-8555-4362ad9f609d/datanode-3/data/ratis/d2bfd832-0f71-463c-9068-b60962db0cad/sm/snapshot.1_7
2019-07-13 07:40:37,886 INFO  impl.FollowerState (FollowerState.java:run(114)) - ff527039-27c0-4097-9a5e-c6042cac39f7: FollowerState was interrupted: java.lang.InterruptedException: sleep interrupted
2019-07-13 07:40:37,890 INFO  impl.StateMachineUpdater (StateMachineUpdater.java:takeSnapshot(242)) - StateMachineUpdater:ff527039-27c0-4097-9a5e-c6042cac39f7:group-B60962DB0CAD: Took a snapshot at index 7
2019-07-13 07:40:37,890 INFO  impl.StateMachineUpdater (StateMachineUpdater.java:lambda$new$0(80)) - StateMachineUpdater:ff527039-27c0-4097-9a5e-c6042cac39f7:group-B60962DB0CAD: snapshotIndex: updateIncreasingly -1 -> 7
2019-07-13 07:40:37,891 INFO  impl.RaftServerImpl (ServerState.java:close(394)) - ff527039-27c0-4097-9a5e-c6042cac39f7:group-B60962DB0CAD closes. The last applied log index is 8
2019-07-13 07:40:37,892 INFO  segmented.SegmentedRaftLogWorker (SegmentedRaftLogWorker.java:run(313)) - ff527039-27c0-4097-9a5e-c6042cac39f7-SegmentedRaftLogWorker:Storage Directory /tmp/workdir/hadoop-ozone/integration-test/target/test-dir/MiniOzoneClusterImpl-01fa958e-82b6-4203-8555-4362ad9f609d/datanode-3/data/ratis/d2bfd832-0f71-463c-9068-b60962db0cad was interrupted, exiting. There are 0 tasks remaining in the queue.
2019-07-13 07:40:37,894 INFO  segmented.SegmentedRaftLogWorker (SegmentedRaftLogWorker.java:close(228)) - ff527039-27c0-4097-9a5e-c6042cac39f7-SegmentedRaftLogWorker:Storage Directory /tmp/workdir/hadoop-ozone/integration-test/target/test-dir/MiniOzoneClusterImpl-01fa958e-82b6-4203-8555-4362ad9f609d/datanode-3/data/ratis/d2bfd832-0f71-463c-9068-b60962db0cad close()
2019-07-13 07:40:37,898 INFO  impl.RaftServerImpl (RaftServerImpl.java:lambda$shutdown$3(245)) - ff527039-27c0-4097-9a5e-c6042cac39f7: shutdown group-FF55F4E039DD
2019-07-13 07:40:37,898 INFO  util.JmxRegister (JmxRegister.java:unregister(73)) - Successfully un-registered JMX Bean with object name Ratis:service=RaftServer,group=group-FF55F4E039DD,id=ff527039-27c0-4097-9a5e-c6042cac39f7
2019-07-13 07:40:37,899 INFO  impl.RoleInfo (RoleInfo.java:shutdownLeaderState(104)) - ff527039-27c0-4097-9a5e-c6042cac39f7: shutdown LeaderState
2019-07-13 07:40:37,899 INFO  impl.PendingRequests (PendingRequests.java:sendNotLeaderResponses(202)) - ff527039-27c0-4097-9a5e-c6042cac39f7-PendingRequests: sendNotLeaderResponses
2019-07-13 07:40:37,900 INFO  impl.StateMachineUpdater (StateMachineUpdater.java:stopAndJoin(115)) - StateMachineUpdater:ff527039-27c0-4097-9a5e-c6042cac39f7:group-FF55F4E039DD: set stopIndex = 0
2019-07-13 07:40:37,900 INFO  ratis.ContainerStateMachine (ContainerStateMachine.java:takeSnapshot(246)) - Taking snapshot at termIndex:(t:0, i:~)
2019-07-13 07:40:37,900 INFO  impl.RaftServerImpl (ServerState.java:close(394)) - ff527039-27c0-4097-9a5e-c6042cac39f7:group-FF55F4E039DD closes. The last applied log index is 0
2019-07-13 07:40:37,901 INFO  segmented.SegmentedRaftLogWorker (SegmentedRaftLogWorker.java:run(313)) - ff527039-27c0-4097-9a5e-c6042cac39f7-SegmentedRaftLogWorker:Storage Directory /tmp/workdir/hadoop-ozone/integration-test/target/test-dir/MiniOzoneClusterImpl-01fa958e-82b6-4203-8555-4362ad9f609d/datanode-3/data/ratis/9978e9fa-e919-4cb7-817d-ff55f4e039dd was interrupted, exiting. There are 0 tasks remaining in the queue.
2019-07-13 07:40:37,903 INFO  segmented.SegmentedRaftLogWorker (SegmentedRaftLogWorker.java:close(228)) - ff527039-27c0-4097-9a5e-c6042cac39f7-SegmentedRaftLogWorker:Storage Directory /tmp/workdir/hadoop-ozone/integration-test/target/test-dir/MiniOzoneClusterImpl-01fa958e-82b6-4203-8555-4362ad9f609d/datanode-3/data/ratis/9978e9fa-e919-4cb7-817d-ff55f4e039dd close()
2019-07-13 07:40:37,903 INFO  ozoneimpl.OzoneContainer (OzoneContainer.java:stop(199)) - Attempting to stop container services.
2019-07-13 07:40:37,907 INFO  server.GrpcService (GrpcService.java:closeImpl(155)) - ff527039-27c0-4097-9a5e-c6042cac39f7: shutdown server with port 35259 now
2019-07-13 07:40:37,908 INFO  impl.RaftServerProxy (RaftServerProxy.java:lambda$close$4(314)) - 1fb4b77b-b50d-4859-a733-068ebc8e2c0c: close
2019-07-13 07:40:37,908 INFO  impl.RaftServerImpl (RaftServerImpl.java:lambda$shutdown$3(245)) - 1fb4b77b-b50d-4859-a733-068ebc8e2c0c: shutdown group-1D143183240B
2019-07-13 07:40:37,908 INFO  util.JmxRegister (JmxRegister.java:unregister(73)) - Successfully un-registered JMX Bean with object name Ratis:service=RaftServer,group=group-1D143183240B,id=1fb4b77b-b50d-4859-a733-068ebc8e2c0c
2019-07-13 07:40:37,909 INFO  server.GrpcService (GrpcService.java:closeImpl(163)) - ff527039-27c0-4097-9a5e-c6042cac39f7: shutdown server with port 35259 successfully
2019-07-13 07:40:37,909 WARN  server.GrpcServerProtocolService (LogUtils.java:warn(134)) - ff527039-27c0-4097-9a5e-c6042cac39f7: appendEntries onError: org.apache.ratis.thirdparty.io.grpc.StatusRuntimeException: CANCELLED: cancelled before receiving half close
2019-07-13 07:40:37,909 WARN  server.GrpcLogAppender (LogUtils.java:warn(134)) - 5d1982ab-0084-45b3-a4d1-67d287322cc8->ff527039-27c0-4097-9a5e-c6042cac39f7: Failed appendEntries: org.apache.ratis.thirdparty.io.grpc.StatusRuntimeException: CANCELLED: HTTP/2 error code: CANCEL
Received Rst Stream
2019-07-13 07:40:37,909 INFO  impl.RoleInfo (RoleInfo.java:shutdownLeaderState(104)) - 1fb4b77b-b50d-4859-a733-068ebc8e2c0c: shutdown LeaderState
2019-07-13 07:40:37,910 INFO  utils.BackgroundService (BackgroundService.java:shutdown(148)) - Shutting down service BlockDeletingService
2019-07-13 07:40:37,910 INFO  impl.FollowerInfo (FollowerInfo.java:lambda$new$0(50)) - 5d1982ab-0084-45b3-a4d1-67d287322cc8->ff527039-27c0-4097-9a5e-c6042cac39f7: nextIndex: updateUnconditionally 9 -> 8
2019-07-13 07:40:37,910 INFO  impl.PendingRequests (PendingRequests.java:sendNotLeaderResponses(202)) - 1fb4b77b-b50d-4859-a733-068ebc8e2c0c-PendingRequests: sendNotLeaderResponses
2019-07-13 07:40:37,911 INFO  impl.StateMachineUpdater (StateMachineUpdater.java:stopAndJoin(115)) - StateMachineUpdater:1fb4b77b-b50d-4859-a733-068ebc8e2c0c:group-1D143183240B: set stopIndex = 0
2019-07-13 07:40:37,911 WARN  fs.CachingGetSpaceUsed (CachingGetSpaceUsed.java:run(183)) - Thread Interrupted waiting to refresh disk information: sleep interrupted
2019-07-13 07:40:37,911 INFO  ratis.ContainerStateMachine (ContainerStateMachine.java:takeSnapshot(246)) - Taking snapshot at termIndex:(t:0, i:~)
2019-07-13 07:40:37,912 INFO  impl.RaftServerImpl (ServerState.java:close(394)) - 1fb4b77b-b50d-4859-a733-068ebc8e2c0c:group-1D143183240B closes. The last applied log index is 0
2019-07-13 07:40:37,912 INFO  segmented.SegmentedRaftLogWorker (SegmentedRaftLogWorker.java:run(313)) - 1fb4b77b-b50d-4859-a733-068ebc8e2c0c-SegmentedRaftLogWorker:Storage Directory /tmp/workdir/hadoop-ozone/integration-test/target/test-dir/MiniOzoneClusterImpl-01fa958e-82b6-4203-8555-4362ad9f609d/datanode-2/data/ratis/8653dda1-556e-448c-826b-1d143183240b was interrupted, exiting. There are 0 tasks remaining in the queue.
2019-07-13 07:40:37,915 INFO  segmented.SegmentedRaftLogWorker (SegmentedRaftLogWorker.java:close(228)) - 1fb4b77b-b50d-4859-a733-068ebc8e2c0c-SegmentedRaftLogWorker:Storage Directory /tmp/workdir/hadoop-ozone/integration-test/target/test-dir/MiniOzoneClusterImpl-01fa958e-82b6-4203-8555-4362ad9f609d/datanode-2/data/ratis/8653dda1-556e-448c-826b-1d143183240b close()
2019-07-13 07:40:37,928 INFO  impl.RaftServerImpl (RaftServerImpl.java:lambda$shutdown$3(245)) - 1fb4b77b-b50d-4859-a733-068ebc8e2c0c: shutdown group-0F9EE791D969
2019-07-13 07:40:37,928 INFO  util.JmxRegister (JmxRegister.java:unregister(73)) - Successfully un-registered JMX Bean with object name Ratis:service=RaftServer,group=group-0F9EE791D969,id=1fb4b77b-b50d-4859-a733-068ebc8e2c0c
2019-07-13 07:40:37,928 INFO  impl.RoleInfo (RoleInfo.java:shutdownLeaderState(104)) - 1fb4b77b-b50d-4859-a733-068ebc8e2c0c: shutdown LeaderState
2019-07-13 07:40:37,932 INFO  impl.PendingRequests (PendingRequests.java:sendNotLeaderResponses(202)) - 1fb4b77b-b50d-4859-a733-068ebc8e2c0c-PendingRequests: sendNotLeaderResponses
2019-07-13 07:40:37,932 WARN  server.GrpcLogAppender (GrpcLogAppender.java:mayWait(143)) - GrpcLogAppender(1fb4b77b-b50d-4859-a733-068ebc8e2c0c->cde4c7a7-ed6f-486b-aa44-7bcc6f205696): Wait interrupted by java.lang.InterruptedException
2019-07-13 07:40:37,932 WARN  server.GrpcLogAppender (GrpcLogAppender.java:mayWait(143)) - GrpcLogAppender(1fb4b77b-b50d-4859-a733-068ebc8e2c0c->ff684012-ca29-499f-bfee-b2f0b93661eb): Wait interrupted by java.lang.InterruptedException
2019-07-13 07:40:37,938 INFO  impl.StateMachineUpdater (StateMachineUpdater.java:stopAndJoin(115)) - StateMachineUpdater:1fb4b77b-b50d-4859-a733-068ebc8e2c0c:group-0F9EE791D969: set stopIndex = 6
2019-07-13 07:40:37,939 INFO  server.GrpcServerProtocolService (GrpcServerProtocolService.java:onCompleted(104)) - ff684012-ca29-499f-bfee-b2f0b93661eb: appendEntries completed
2019-07-13 07:40:37,938 INFO  ratis.ContainerStateMachine (ContainerStateMachine.java:takeSnapshot(246)) - Taking snapshot at termIndex:(t:1, i:6)
2019-07-13 07:40:37,939 INFO  ratis.ContainerStateMachine (ContainerStateMachine.java:takeSnapshot(250)) - Taking a snapshot to file /tmp/workdir/hadoop-ozone/integration-test/target/test-dir/MiniOzoneClusterImpl-01fa958e-82b6-4203-8555-4362ad9f609d/datanode-2/data/ratis/219d6f01-85d9-4718-8117-0f9ee791d969/sm/snapshot.1_6
2019-07-13 07:40:37,939 INFO  server.GrpcLogAppender (GrpcLogAppender.java:onCompleted(292)) - 1fb4b77b-b50d-4859-a733-068ebc8e2c0c->ff684012-ca29-499f-bfee-b2f0b93661eb: follower responses appendEntries COMPLETED
2019-07-13 07:40:37,940 INFO  impl.StateMachineUpdater (StateMachineUpdater.java:takeSnapshot(242)) - StateMachineUpdater:1fb4b77b-b50d-4859-a733-068ebc8e2c0c:group-0F9EE791D969: Took a snapshot at index 6
2019-07-13 07:40:37,940 INFO  impl.StateMachineUpdater (StateMachineUpdater.java:lambda$new$0(80)) - StateMachineUpdater:1fb4b77b-b50d-4859-a733-068ebc8e2c0c:group-0F9EE791D969: snapshotIndex: updateIncreasingly -1 -> 6
2019-07-13 07:40:37,940 INFO  impl.FollowerInfo (FollowerInfo.java:lambda$new$0(50)) - 1fb4b77b-b50d-4859-a733-068ebc8e2c0c->ff684012-ca29-499f-bfee-b2f0b93661eb: nextIndex: updateUnconditionally 7 -> 6
2019-07-13 07:40:37,940 INFO  impl.RaftServerImpl (ServerState.java:close(394)) - 1fb4b77b-b50d-4859-a733-068ebc8e2c0c:group-0F9EE791D969 closes. The last applied log index is 6
2019-07-13 07:40:37,941 INFO  segmented.SegmentedRaftLogWorker (SegmentedRaftLogWorker.java:run(313)) - 1fb4b77b-b50d-4859-a733-068ebc8e2c0c-SegmentedRaftLogWorker:Storage Directory /tmp/workdir/hadoop-ozone/integration-test/target/test-dir/MiniOzoneClusterImpl-01fa958e-82b6-4203-8555-4362ad9f609d/datanode-2/data/ratis/219d6f01-85d9-4718-8117-0f9ee791d969 was interrupted, exiting. There are 0 tasks remaining in the queue.
2019-07-13 07:40:37,943 INFO  segmented.SegmentedRaftLogWorker (SegmentedRaftLogWorker.java:close(228)) - 1fb4b77b-b50d-4859-a733-068ebc8e2c0c-SegmentedRaftLogWorker:Storage Directory /tmp/workdir/hadoop-ozone/integration-test/target/test-dir/MiniOzoneClusterImpl-01fa958e-82b6-4203-8555-4362ad9f609d/datanode-2/data/ratis/219d6f01-85d9-4718-8117-0f9ee791d969 close()
2019-07-13 07:40:37,944 INFO  server.GrpcService (GrpcService.java:closeImpl(155)) - 1fb4b77b-b50d-4859-a733-068ebc8e2c0c: shutdown server with port 41662 now
2019-07-13 07:40:37,945 INFO  server.GrpcService (GrpcService.java:closeImpl(163)) - 1fb4b77b-b50d-4859-a733-068ebc8e2c0c: shutdown server with port 41662 successfully
2019-07-13 07:40:37,948 INFO  utils.BackgroundService (BackgroundService.java:shutdown(148)) - Shutting down service BlockDeletingService
2019-07-13 07:40:37,950 WARN  fs.CachingGetSpaceUsed (CachingGetSpaceUsed.java:run(183)) - Thread Interrupted waiting to refresh disk information: sleep interrupted
2019-07-13 07:40:37,958 INFO  statemachine.DatanodeStateMachine (DatanodeStateMachine.java:stopDaemon(395)) - Ozone container server stopped.
2019-07-13 07:40:37,981 INFO  statemachine.DatanodeStateMachine (DatanodeStateMachine.java:stopDaemon(395)) - Ozone container server stopped.
2019-07-13 07:40:37,981 INFO  handler.ContextHandler (ContextHandler.java:doStop(910)) - Stopped o.e.j.w.WebAppContext@17e96b3c{/,null,UNAVAILABLE}{/hddsDatanode}
2019-07-13 07:40:37,987 INFO  handler.ContextHandler (ContextHandler.java:doStop(910)) - Stopped o.e.j.w.WebAppContext@434c179e{/,null,UNAVAILABLE}{/hddsDatanode}
2019-07-13 07:40:37,987 INFO  server.AbstractConnector (AbstractConnector.java:doStop(318)) - Stopped ServerConnector@2d63534d{HTTP/1.1,[http/1.1]}{0.0.0.0:0}
2019-07-13 07:40:37,988 INFO  server.AbstractConnector (AbstractConnector.java:doStop(318)) - Stopped ServerConnector@46199519{HTTP/1.1,[http/1.1]}{0.0.0.0:0}
2019-07-13 07:40:37,988 INFO  handler.ContextHandler (ContextHandler.java:doStop(910)) - Stopped o.e.j.s.ServletContextHandler@4bdd6fe0{/static,jar:file:/home/user/.m2/repository/org/apache/hadoop/hadoop-hdds-container-service/0.5.0-SNAPSHOT/hadoop-hdds-container-service-0.5.0-SNAPSHOT.jar!/webapps/static,UNAVAILABLE}
2019-07-13 07:40:37,989 INFO  handler.ContextHandler (ContextHandler.java:doStop(910)) - Stopped o.e.j.s.ServletContextHandler@20a3118{/static,jar:file:/home/user/.m2/repository/org/apache/hadoop/hadoop-hdds-container-service/0.5.0-SNAPSHOT/hadoop-hdds-container-service-0.5.0-SNAPSHOT.jar!/webapps/static,UNAVAILABLE}
2019-07-13 07:40:37,990 INFO  handler.ContextHandler (ContextHandler.java:doStop(910)) - Stopped o.e.j.s.ServletContextHandler@2976d625{/logs,file:///tmp/workdir/hadoop-ozone/integration-test/target/log,UNAVAILABLE}
2019-07-13 07:40:37,992 INFO  handler.ContextHandler (ContextHandler.java:doStop(910)) - Stopped o.e.j.s.ServletContextHandler@4efb7c99{/logs,file:///tmp/workdir/hadoop-ozone/integration-test/target/log,UNAVAILABLE}
2019-07-13 07:40:37,993 INFO  datanode.ObjectStoreHandler (ObjectStoreHandler.java:close(155)) - Closing ObjectStoreHandler.
2019-07-13 07:40:37,993 INFO  datanode.ObjectStoreHandler (ObjectStoreHandler.java:close(155)) - Closing ObjectStoreHandler.
2019-07-13 07:40:37,993 INFO  ozone.HddsDatanodeService (HddsDatanodeService.java:stop(452)) - Stopped plug-in org.apache.hadoop.ozone.web.OzoneHddsDatanodeService@1871068d
2019-07-13 07:40:37,994 INFO  ozone.HddsDatanodeService (HddsDatanodeService.java:stop(452)) - Stopped plug-in org.apache.hadoop.ozone.web.OzoneHddsDatanodeService@62e55482
2019-07-13 07:40:38,648 INFO  statemachine.DatanodeStateMachine (DatanodeStateMachine.java:lambda$startDaemon$0(350)) - Ozone container server started.
2019-07-13 07:40:38,984 INFO  statemachine.DatanodeStateMachine (DatanodeStateMachine.java:lambda$startDaemon$0(350)) - Ozone container server started.
2019-07-13 07:40:39,868 WARN  server.GrpcLogAppender (LogUtils.java:warn(134)) - 5d1982ab-0084-45b3-a4d1-67d287322cc8->2169aba2-981b-4c65-8013-9e22e49ffea6: Failed appendEntries: org.apache.ratis.thirdparty.io.grpc.StatusRuntimeException: UNAVAILABLE: io exception
2019-07-13 07:40:39,868 INFO  impl.FollowerInfo (FollowerInfo.java:lambda$new$0(50)) - 5d1982ab-0084-45b3-a4d1-67d287322cc8->2169aba2-981b-4c65-8013-9e22e49ffea6: nextIndex: updateUnconditionally 6 -> 5
2019-07-13 07:40:39,870 WARN  server.GrpcLogAppender (LogUtils.java:warn(134)) - 5d1982ab-0084-45b3-a4d1-67d287322cc8->ff527039-27c0-4097-9a5e-c6042cac39f7: Failed appendEntries: org.apache.ratis.thirdparty.io.grpc.StatusRuntimeException: UNAVAILABLE: io exception
2019-07-13 07:40:39,871 INFO  impl.FollowerInfo (FollowerInfo.java:lambda$new$0(50)) - 5d1982ab-0084-45b3-a4d1-67d287322cc8->ff527039-27c0-4097-9a5e-c6042cac39f7: nextIndex: updateUnconditionally 8 -> 7
2019-07-13 07:40:42,368 WARN  server.GrpcLogAppender (LogUtils.java:warn(134)) - 5d1982ab-0084-45b3-a4d1-67d287322cc8->2169aba2-981b-4c65-8013-9e22e49ffea6: Failed appendEntries: org.apache.ratis.thirdparty.io.grpc.StatusRuntimeException: UNAVAILABLE: io exception
2019-07-13 07:40:42,368 INFO  impl.FollowerInfo (FollowerInfo.java:lambda$new$0(50)) - 5d1982ab-0084-45b3-a4d1-67d287322cc8->2169aba2-981b-4c65-8013-9e22e49ffea6: nextIndex: updateUnconditionally 5 -> 4
2019-07-13 07:40:42,370 WARN  server.GrpcLogAppender (LogUtils.java:warn(134)) - 5d1982ab-0084-45b3-a4d1-67d287322cc8->ff527039-27c0-4097-9a5e-c6042cac39f7: Failed appendEntries: org.apache.ratis.thirdparty.io.grpc.StatusRuntimeException: UNAVAILABLE: io exception
2019-07-13 07:40:42,370 INFO  impl.FollowerInfo (FollowerInfo.java:lambda$new$0(50)) - 5d1982ab-0084-45b3-a4d1-67d287322cc8->ff527039-27c0-4097-9a5e-c6042cac39f7: nextIndex: updateUnconditionally 7 -> 6
2019-07-13 07:40:42,698 INFO  node.StaleNodeHandler (StaleNodeHandler.java:onMessage(58)) - Datanode ff684012-ca29-499f-bfee-b2f0b93661eb{ip: 192.168.69.84, host: trunk-nightly-9lh4p-2362225927, networkLocation: /default-rack, certSerialId: null} moved to stale state. Finalizing its pipelines [PipelineID=219d6f01-85d9-4718-8117-0f9ee791d969, PipelineID=a84515da-c24c-4139-856e-f28f887f63ca]
2019-07-13 07:40:42,698 INFO  pipeline.SCMPipelineManager (SCMPipelineManager.java:finalizeAndDestroyPipeline(309)) - destroying pipeline:Pipeline[ Id: 219d6f01-85d9-4718-8117-0f9ee791d969, Nodes: 1fb4b77b-b50d-4859-a733-068ebc8e2c0c{ip: 192.168.69.84, host: trunk-nightly-9lh4p-2362225927, networkLocation: /default-rack, certSerialId: null}cde4c7a7-ed6f-486b-aa44-7bcc6f205696{ip: 192.168.69.84, host: trunk-nightly-9lh4p-2362225927, networkLocation: /default-rack, certSerialId: null}ff684012-ca29-499f-bfee-b2f0b93661eb{ip: 192.168.69.84, host: trunk-nightly-9lh4p-2362225927, networkLocation: /default-rack, certSerialId: null}, Type:RATIS, Factor:THREE, State:CLOSED]
2019-07-13 07:40:42,698 INFO  pipeline.SCMPipelineManager (SCMPipelineManager.java:finalizeAndDestroyPipeline(309)) - destroying pipeline:Pipeline[ Id: a84515da-c24c-4139-856e-f28f887f63ca, Nodes: ff684012-ca29-499f-bfee-b2f0b93661eb{ip: 192.168.69.84, host: trunk-nightly-9lh4p-2362225927, networkLocation: /default-rack, certSerialId: null}, Type:RATIS, Factor:ONE, State:OPEN]
2019-07-13 07:40:42,698 INFO  pipeline.PipelineStateManager (PipelineStateManager.java:finalizePipeline(123)) - Pipeline Pipeline[ Id: a84515da-c24c-4139-856e-f28f887f63ca, Nodes: ff684012-ca29-499f-bfee-b2f0b93661eb{ip: 192.168.69.84, host: trunk-nightly-9lh4p-2362225927, networkLocation: /default-rack, certSerialId: null}, Type:RATIS, Factor:ONE, State:CLOSED] moved to CLOSED state
2019-07-13 07:40:42,994 INFO  ozoneimpl.OzoneContainer (OzoneContainer.java:stop(199)) - Attempting to stop container services.
2019-07-13 07:40:42,995 INFO  ozoneimpl.OzoneContainer (OzoneContainer.java:stop(199)) - Attempting to stop container services.
2019-07-13 07:40:42,995 INFO  impl.RaftServerProxy (RaftServerProxy.java:lambda$close$4(314)) - 6117226e-ea07-42dd-b4cf-63407cd9f907: close
2019-07-13 07:40:42,995 INFO  impl.RaftServerProxy (RaftServerProxy.java:lambda$close$4(314)) - ff684012-ca29-499f-bfee-b2f0b93661eb: close
2019-07-13 07:40:42,995 INFO  impl.RaftServerImpl (RaftServerImpl.java:lambda$shutdown$3(245)) - 6117226e-ea07-42dd-b4cf-63407cd9f907: shutdown group-E5D1ACCF1EF9
2019-07-13 07:40:42,996 INFO  impl.RaftServerImpl (RaftServerImpl.java:lambda$shutdown$3(245)) - ff684012-ca29-499f-bfee-b2f0b93661eb: shutdown group-0F9EE791D969
2019-07-13 07:40:42,996 INFO  util.JmxRegister (JmxRegister.java:unregister(73)) - Successfully un-registered JMX Bean with object name Ratis:service=RaftServer,group=group-E5D1ACCF1EF9,id=6117226e-ea07-42dd-b4cf-63407cd9f907
2019-07-13 07:40:42,997 INFO  impl.RoleInfo (RoleInfo.java:shutdownLeaderState(104)) - 6117226e-ea07-42dd-b4cf-63407cd9f907: shutdown LeaderState
2019-07-13 07:40:42,996 INFO  util.JmxRegister (JmxRegister.java:unregister(73)) - Successfully un-registered JMX Bean with object name Ratis:service=RaftServer,group=group-0F9EE791D969,id=ff684012-ca29-499f-bfee-b2f0b93661eb
2019-07-13 07:40:42,997 INFO  impl.PendingRequests (PendingRequests.java:sendNotLeaderResponses(202)) - 6117226e-ea07-42dd-b4cf-63407cd9f907-PendingRequests: sendNotLeaderResponses
2019-07-13 07:40:42,997 INFO  impl.RoleInfo (RoleInfo.java:shutdownFollowerState(121)) - ff684012-ca29-499f-bfee-b2f0b93661eb: shutdown FollowerState
2019-07-13 07:40:42,998 INFO  ratis.ContainerStateMachine (ContainerStateMachine.java:takeSnapshot(246)) - Taking snapshot at termIndex:(t:0, i:~)
2019-07-13 07:40:42,998 INFO  node.StaleNodeHandler (StaleNodeHandler.java:onMessage(58)) - Datanode 6117226e-ea07-42dd-b4cf-63407cd9f907{ip: 192.168.69.84, host: trunk-nightly-9lh4p-2362225927, networkLocation: /default-rack, certSerialId: null} moved to stale state. Finalizing its pipelines [PipelineID=0569bd1a-5946-42df-8510-e5d1accf1ef9]
2019-07-13 07:40:42,998 INFO  impl.StateMachineUpdater (StateMachineUpdater.java:stopAndJoin(115)) - StateMachineUpdater:6117226e-ea07-42dd-b4cf-63407cd9f907:group-E5D1ACCF1EF9: set stopIndex = 0
2019-07-13 07:40:42,998 INFO  pipeline.SCMPipelineManager (SCMPipelineManager.java:finalizeAndDestroyPipeline(309)) - destroying pipeline:Pipeline[ Id: 0569bd1a-5946-42df-8510-e5d1accf1ef9, Nodes: 6117226e-ea07-42dd-b4cf-63407cd9f907{ip: 192.168.69.84, host: trunk-nightly-9lh4p-2362225927, networkLocation: /default-rack, certSerialId: null}, Type:RATIS, Factor:ONE, State:OPEN]
2019-07-13 07:40:42,998 INFO  ratis.ContainerStateMachine (ContainerStateMachine.java:takeSnapshot(246)) - Taking snapshot at termIndex:(t:1, i:4)
2019-07-13 07:40:42,998 INFO  impl.StateMachineUpdater (StateMachineUpdater.java:stopAndJoin(115)) - StateMachineUpdater:ff684012-ca29-499f-bfee-b2f0b93661eb:group-0F9EE791D969: set stopIndex = 6
2019-07-13 07:40:42,999 INFO  ratis.ContainerStateMachine (ContainerStateMachine.java:takeSnapshot(250)) - Taking a snapshot to file /tmp/workdir/hadoop-ozone/integration-test/target/test-dir/MiniOzoneClusterImpl-01fa958e-82b6-4203-8555-4362ad9f609d/datanode-0/data/ratis/219d6f01-85d9-4718-8117-0f9ee791d969/sm/snapshot.1_4
2019-07-13 07:40:42,999 INFO  pipeline.PipelineStateManager (PipelineStateManager.java:finalizePipeline(123)) - Pipeline Pipeline[ Id: 0569bd1a-5946-42df-8510-e5d1accf1ef9, Nodes: 6117226e-ea07-42dd-b4cf-63407cd9f907{ip: 192.168.69.84, host: trunk-nightly-9lh4p-2362225927, networkLocation: /default-rack, certSerialId: null}, Type:RATIS, Factor:ONE, State:CLOSED] moved to CLOSED state
2019-07-13 07:40:42,999 INFO  impl.RaftServerImpl (ServerState.java:close(394)) - 6117226e-ea07-42dd-b4cf-63407cd9f907:group-E5D1ACCF1EF9 closes. The last applied log index is 0
2019-07-13 07:40:43,000 INFO  impl.StateMachineUpdater (StateMachineUpdater.java:takeSnapshot(242)) - StateMachineUpdater:ff684012-ca29-499f-bfee-b2f0b93661eb:group-0F9EE791D969: Took a snapshot at index 4
2019-07-13 07:40:43,000 INFO  impl.StateMachineUpdater (StateMachineUpdater.java:lambda$new$0(80)) - StateMachineUpdater:ff684012-ca29-499f-bfee-b2f0b93661eb:group-0F9EE791D969: snapshotIndex: updateIncreasingly -1 -> 4
2019-07-13 07:40:43,000 INFO  segmented.SegmentedRaftLogWorker (SegmentedRaftLogWorker.java:run(313)) - 6117226e-ea07-42dd-b4cf-63407cd9f907-SegmentedRaftLogWorker:Storage Directory /tmp/workdir/hadoop-ozone/integration-test/target/test-dir/MiniOzoneClusterImpl-01fa958e-82b6-4203-8555-4362ad9f609d/datanode-6/data/ratis/0569bd1a-5946-42df-8510-e5d1accf1ef9 was interrupted, exiting. There are 0 tasks remaining in the queue.
2019-07-13 07:40:43,001 INFO  impl.RaftServerImpl (ServerState.java:close(394)) - ff684012-ca29-499f-bfee-b2f0b93661eb:group-0F9EE791D969 closes. The last applied log index is 6
2019-07-13 07:40:43,009 INFO  segmented.SegmentedRaftLogWorker (SegmentedRaftLogWorker.java:close(228)) - 6117226e-ea07-42dd-b4cf-63407cd9f907-SegmentedRaftLogWorker:Storage Directory /tmp/workdir/hadoop-ozone/integration-test/target/test-dir/MiniOzoneClusterImpl-01fa958e-82b6-4203-8555-4362ad9f609d/datanode-6/data/ratis/0569bd1a-5946-42df-8510-e5d1accf1ef9 close()
2019-07-13 07:40:43,009 INFO  segmented.SegmentedRaftLogWorker (SegmentedRaftLogWorker.java:run(313)) - ff684012-ca29-499f-bfee-b2f0b93661eb-SegmentedRaftLogWorker:Storage Directory /tmp/workdir/hadoop-ozone/integration-test/target/test-dir/MiniOzoneClusterImpl-01fa958e-82b6-4203-8555-4362ad9f609d/datanode-0/data/ratis/219d6f01-85d9-4718-8117-0f9ee791d969 was interrupted, exiting. There are 0 tasks remaining in the queue.
2019-07-13 07:40:43,009 INFO  impl.FollowerState (FollowerState.java:run(114)) - ff684012-ca29-499f-bfee-b2f0b93661eb: FollowerState was interrupted: java.lang.InterruptedException: sleep interrupted
2019-07-13 07:40:43,011 INFO  server.GrpcService (GrpcService.java:closeImpl(155)) - 6117226e-ea07-42dd-b4cf-63407cd9f907: shutdown server with port 43150 now
2019-07-13 07:40:43,014 INFO  segmented.SegmentedRaftLogWorker (SegmentedRaftLogWorker.java:close(228)) - ff684012-ca29-499f-bfee-b2f0b93661eb-SegmentedRaftLogWorker:Storage Directory /tmp/workdir/hadoop-ozone/integration-test/target/test-dir/MiniOzoneClusterImpl-01fa958e-82b6-4203-8555-4362ad9f609d/datanode-0/data/ratis/219d6f01-85d9-4718-8117-0f9ee791d969 close()
2019-07-13 07:40:43,015 INFO  server.GrpcService (GrpcService.java:closeImpl(163)) - 6117226e-ea07-42dd-b4cf-63407cd9f907: shutdown server with port 43150 successfully
2019-07-13 07:40:43,017 INFO  impl.RaftServerImpl (RaftServerImpl.java:lambda$shutdown$3(245)) - ff684012-ca29-499f-bfee-b2f0b93661eb: shutdown group-F28F887F63CA
2019-07-13 07:40:43,017 INFO  util.JmxRegister (JmxRegister.java:unregister(73)) - Successfully un-registered JMX Bean with object name Ratis:service=RaftServer,group=group-F28F887F63CA,id=ff684012-ca29-499f-bfee-b2f0b93661eb
2019-07-13 07:40:43,017 INFO  impl.RoleInfo (RoleInfo.java:shutdownLeaderState(104)) - ff684012-ca29-499f-bfee-b2f0b93661eb: shutdown LeaderState
2019-07-13 07:40:43,018 INFO  utils.BackgroundService (BackgroundService.java:shutdown(148)) - Shutting down service BlockDeletingService
2019-07-13 07:40:43,018 INFO  impl.PendingRequests (PendingRequests.java:sendNotLeaderResponses(202)) - ff684012-ca29-499f-bfee-b2f0b93661eb-PendingRequests: sendNotLeaderResponses
2019-07-13 07:40:43,018 INFO  impl.StateMachineUpdater (StateMachineUpdater.java:stopAndJoin(115)) - StateMachineUpdater:ff684012-ca29-499f-bfee-b2f0b93661eb:group-F28F887F63CA: set stopIndex = 0
2019-07-13 07:40:43,019 INFO  ratis.ContainerStateMachine (ContainerStateMachine.java:takeSnapshot(246)) - Taking snapshot at termIndex:(t:0, i:~)
2019-07-13 07:40:43,019 INFO  impl.RaftServerImpl (ServerState.java:close(394)) - ff684012-ca29-499f-bfee-b2f0b93661eb:group-F28F887F63CA closes. The last applied log index is 0
2019-07-13 07:40:43,019 WARN  fs.CachingGetSpaceUsed (CachingGetSpaceUsed.java:run(183)) - Thread Interrupted waiting to refresh disk information: sleep interrupted
2019-07-13 07:40:43,019 INFO  segmented.SegmentedRaftLogWorker (SegmentedRaftLogWorker.java:run(313)) - ff684012-ca29-499f-bfee-b2f0b93661eb-SegmentedRaftLogWorker:Storage Directory /tmp/workdir/hadoop-ozone/integration-test/target/test-dir/MiniOzoneClusterImpl-01fa958e-82b6-4203-8555-4362ad9f609d/datanode-0/data/ratis/a84515da-c24c-4139-856e-f28f887f63ca was interrupted, exiting. There are 0 tasks remaining in the queue.
2019-07-13 07:40:43,021 INFO  segmented.SegmentedRaftLogWorker (SegmentedRaftLogWorker.java:close(228)) - ff684012-ca29-499f-bfee-b2f0b93661eb-SegmentedRaftLogWorker:Storage Directory /tmp/workdir/hadoop-ozone/integration-test/target/test-dir/MiniOzoneClusterImpl-01fa958e-82b6-4203-8555-4362ad9f609d/datanode-0/data/ratis/a84515da-c24c-4139-856e-f28f887f63ca close()
2019-07-13 07:40:43,023 INFO  server.GrpcService (GrpcService.java:closeImpl(155)) - ff684012-ca29-499f-bfee-b2f0b93661eb: shutdown server with port 45816 now
2019-07-13 07:40:43,025 INFO  server.GrpcService (GrpcService.java:closeImpl(163)) - ff684012-ca29-499f-bfee-b2f0b93661eb: shutdown server with port 45816 successfully
2019-07-13 07:40:43,026 INFO  utils.BackgroundService (BackgroundService.java:shutdown(148)) - Shutting down service BlockDeletingService
2019-07-13 07:40:43,029 WARN  fs.CachingGetSpaceUsed (CachingGetSpaceUsed.java:run(183)) - Thread Interrupted waiting to refresh disk information: sleep interrupted
2019-07-13 07:40:43,041 INFO  statemachine.DatanodeStateMachine (DatanodeStateMachine.java:stopDaemon(395)) - Ozone container server stopped.
2019-07-13 07:40:43,051 INFO  statemachine.DatanodeStateMachine (DatanodeStateMachine.java:stopDaemon(395)) - Ozone container server stopped.
2019-07-13 07:40:43,054 INFO  handler.ContextHandler (ContextHandler.java:doStop(910)) - Stopped o.e.j.w.WebAppContext@74be992a{/,null,UNAVAILABLE}{/hddsDatanode}
2019-07-13 07:40:43,055 INFO  handler.ContextHandler (ContextHandler.java:doStop(910)) - Stopped o.e.j.w.WebAppContext@38fc2c39{/,null,UNAVAILABLE}{/hddsDatanode}
2019-07-13 07:40:43,055 INFO  server.AbstractConnector (AbstractConnector.java:doStop(318)) - Stopped ServerConnector@346d441a{HTTP/1.1,[http/1.1]}{0.0.0.0:0}
2019-07-13 07:40:43,056 INFO  server.AbstractConnector (AbstractConnector.java:doStop(318)) - Stopped ServerConnector@41fbe8c0{HTTP/1.1,[http/1.1]}{0.0.0.0:0}
2019-07-13 07:40:43,056 INFO  handler.ContextHandler (ContextHandler.java:doStop(910)) - Stopped o.e.j.s.ServletContextHandler@55d607b{/static,jar:file:/home/user/.m2/repository/org/apache/hadoop/hadoop-hdds-container-service/0.5.0-SNAPSHOT/hadoop-hdds-container-service-0.5.0-SNAPSHOT.jar!/webapps/static,UNAVAILABLE}
2019-07-13 07:40:43,057 INFO  handler.ContextHandler (ContextHandler.java:doStop(910)) - Stopped o.e.j.s.ServletContextHandler@50479c2b{/static,jar:file:/home/user/.m2/repository/org/apache/hadoop/hadoop-hdds-container-service/0.5.0-SNAPSHOT/hadoop-hdds-container-service-0.5.0-SNAPSHOT.jar!/webapps/static,UNAVAILABLE}
2019-07-13 07:40:43,058 INFO  handler.ContextHandler (ContextHandler.java:doStop(910)) - Stopped o.e.j.s.ServletContextHandler@53a74970{/logs,file:///tmp/workdir/hadoop-ozone/integration-test/target/log,UNAVAILABLE}
2019-07-13 07:40:43,059 INFO  handler.ContextHandler (ContextHandler.java:doStop(910)) - Stopped o.e.j.s.ServletContextHandler@2d492d46{/logs,file:///tmp/workdir/hadoop-ozone/integration-test/target/log,UNAVAILABLE}
2019-07-13 07:40:43,060 INFO  datanode.ObjectStoreHandler (ObjectStoreHandler.java:close(155)) - Closing ObjectStoreHandler.
2019-07-13 07:40:43,060 INFO  ozone.HddsDatanodeService (HddsDatanodeService.java:stop(452)) - Stopped plug-in org.apache.hadoop.ozone.web.OzoneHddsDatanodeService@311683ea
2019-07-13 07:40:43,392 INFO  statemachine.DatanodeStateMachine (DatanodeStateMachine.java:lambda$startDaemon$0(350)) - Ozone container server started.
2019-07-13 07:40:44,869 WARN  server.GrpcLogAppender (LogUtils.java:warn(134)) - 5d1982ab-0084-45b3-a4d1-67d287322cc8->2169aba2-981b-4c65-8013-9e22e49ffea6: Failed appendEntries: org.apache.ratis.thirdparty.io.grpc.StatusRuntimeException: UNAVAILABLE: io exception
2019-07-13 07:40:44,869 INFO  impl.FollowerInfo (FollowerInfo.java:lambda$new$0(50)) - 5d1982ab-0084-45b3-a4d1-67d287322cc8->2169aba2-981b-4c65-8013-9e22e49ffea6: nextIndex: updateUnconditionally 4 -> 3
2019-07-13 07:40:44,871 WARN  server.GrpcLogAppender (LogUtils.java:warn(134)) - 5d1982ab-0084-45b3-a4d1-67d287322cc8->ff527039-27c0-4097-9a5e-c6042cac39f7: Failed appendEntries: org.apache.ratis.thirdparty.io.grpc.StatusRuntimeException: UNAVAILABLE: io exception
2019-07-13 07:40:44,871 INFO  impl.FollowerInfo (FollowerInfo.java:lambda$new$0(50)) - 5d1982ab-0084-45b3-a4d1-67d287322cc8->ff527039-27c0-4097-9a5e-c6042cac39f7: nextIndex: updateUnconditionally 6 -> 5
2019-07-13 07:40:47,370 WARN  server.GrpcLogAppender (LogUtils.java:warn(134)) - 5d1982ab-0084-45b3-a4d1-67d287322cc8->2169aba2-981b-4c65-8013-9e22e49ffea6: Failed appendEntries: org.apache.ratis.thirdparty.io.grpc.StatusRuntimeException: UNAVAILABLE: io exception
2019-07-13 07:40:47,371 INFO  impl.FollowerInfo (FollowerInfo.java:lambda$new$0(50)) - 5d1982ab-0084-45b3-a4d1-67d287322cc8->2169aba2-981b-4c65-8013-9e22e49ffea6: nextIndex: updateUnconditionally 3 -> 2
2019-07-13 07:40:47,371 WARN  server.GrpcLogAppender (LogUtils.java:warn(134)) - 5d1982ab-0084-45b3-a4d1-67d287322cc8->ff527039-27c0-4097-9a5e-c6042cac39f7: Failed appendEntries: org.apache.ratis.thirdparty.io.grpc.StatusRuntimeException: UNAVAILABLE: io exception
2019-07-13 07:40:47,372 INFO  impl.FollowerInfo (FollowerInfo.java:lambda$new$0(50)) - 5d1982ab-0084-45b3-a4d1-67d287322cc8->ff527039-27c0-4097-9a5e-c6042cac39f7: nextIndex: updateUnconditionally 5 -> 4
2019-07-13 07:40:47,403 INFO  node.StaleNodeHandler (StaleNodeHandler.java:onMessage(58)) - Datanode 5d1982ab-0084-45b3-a4d1-67d287322cc8{ip: 192.168.69.84, host: trunk-nightly-9lh4p-2362225927, networkLocation: /default-rack, certSerialId: null} moved to stale state. Finalizing its pipelines [PipelineID=2535d4e2-9f79-4c97-bf72-6ecc458482b0, PipelineID=d2bfd832-0f71-463c-9068-b60962db0cad]
2019-07-13 07:40:47,404 INFO  pipeline.SCMPipelineManager (SCMPipelineManager.java:finalizeAndDestroyPipeline(309)) - destroying pipeline:Pipeline[ Id: 2535d4e2-9f79-4c97-bf72-6ecc458482b0, Nodes: 5d1982ab-0084-45b3-a4d1-67d287322cc8{ip: 192.168.69.84, host: trunk-nightly-9lh4p-2362225927, networkLocation: /default-rack, certSerialId: null}, Type:RATIS, Factor:ONE, State:OPEN]
2019-07-13 07:40:47,404 INFO  pipeline.PipelineStateManager (PipelineStateManager.java:finalizePipeline(123)) - Pipeline Pipeline[ Id: 2535d4e2-9f79-4c97-bf72-6ecc458482b0, Nodes: 5d1982ab-0084-45b3-a4d1-67d287322cc8{ip: 192.168.69.84, host: trunk-nightly-9lh4p-2362225927, networkLocation: /default-rack, certSerialId: null}, Type:RATIS, Factor:ONE, State:CLOSED] moved to CLOSED state
2019-07-13 07:40:47,404 INFO  pipeline.SCMPipelineManager (SCMPipelineManager.java:finalizeAndDestroyPipeline(309)) - destroying pipeline:Pipeline[ Id: d2bfd832-0f71-463c-9068-b60962db0cad, Nodes: 5d1982ab-0084-45b3-a4d1-67d287322cc8{ip: 192.168.69.84, host: trunk-nightly-9lh4p-2362225927, networkLocation: /default-rack, certSerialId: null}ff527039-27c0-4097-9a5e-c6042cac39f7{ip: 192.168.69.84, host: trunk-nightly-9lh4p-2362225927, networkLocation: /default-rack, certSerialId: null}2169aba2-981b-4c65-8013-9e22e49ffea6{ip: 192.168.69.84, host: trunk-nightly-9lh4p-2362225927, networkLocation: /default-rack, certSerialId: null}, Type:RATIS, Factor:THREE, State:CLOSED]
2019-07-13 07:40:48,061 INFO  ozoneimpl.OzoneContainer (OzoneContainer.java:stop(199)) - Attempting to stop container services.
2019-07-13 07:40:48,062 INFO  impl.RaftServerProxy (RaftServerProxy.java:lambda$close$4(314)) - 5d1982ab-0084-45b3-a4d1-67d287322cc8: close
2019-07-13 07:40:48,062 INFO  impl.RaftServerImpl (RaftServerImpl.java:lambda$shutdown$3(245)) - 5d1982ab-0084-45b3-a4d1-67d287322cc8: shutdown group-6ECC458482B0
2019-07-13 07:40:48,062 INFO  util.JmxRegister (JmxRegister.java:unregister(73)) - Successfully un-registered JMX Bean with object name Ratis:service=RaftServer,group=group-6ECC458482B0,id=5d1982ab-0084-45b3-a4d1-67d287322cc8
2019-07-13 07:40:48,063 INFO  impl.RoleInfo (RoleInfo.java:shutdownLeaderState(104)) - 5d1982ab-0084-45b3-a4d1-67d287322cc8: shutdown LeaderState
2019-07-13 07:40:48,063 INFO  impl.PendingRequests (PendingRequests.java:sendNotLeaderResponses(202)) - 5d1982ab-0084-45b3-a4d1-67d287322cc8-PendingRequests: sendNotLeaderResponses
2019-07-13 07:40:48,064 INFO  impl.StateMachineUpdater (StateMachineUpdater.java:stopAndJoin(115)) - StateMachineUpdater:5d1982ab-0084-45b3-a4d1-67d287322cc8:group-6ECC458482B0: set stopIndex = 0
2019-07-13 07:40:48,064 INFO  ratis.ContainerStateMachine (ContainerStateMachine.java:takeSnapshot(246)) - Taking snapshot at termIndex:(t:0, i:~)
2019-07-13 07:40:48,064 INFO  impl.RaftServerImpl (ServerState.java:close(394)) - 5d1982ab-0084-45b3-a4d1-67d287322cc8:group-6ECC458482B0 closes. The last applied log index is 0
2019-07-13 07:40:48,065 INFO  segmented.SegmentedRaftLogWorker (SegmentedRaftLogWorker.java:run(313)) - 5d1982ab-0084-45b3-a4d1-67d287322cc8-SegmentedRaftLogWorker:Storage Directory /tmp/workdir/hadoop-ozone/integration-test/target/test-dir/MiniOzoneClusterImpl-01fa958e-82b6-4203-8555-4362ad9f609d/datanode-5/data/ratis/2535d4e2-9f79-4c97-bf72-6ecc458482b0 was interrupted, exiting. There are 0 tasks remaining in the queue.
2019-07-13 07:40:48,067 INFO  segmented.SegmentedRaftLogWorker (SegmentedRaftLogWorker.java:close(228)) - 5d1982ab-0084-45b3-a4d1-67d287322cc8-SegmentedRaftLogWorker:Storage Directory /tmp/workdir/hadoop-ozone/integration-test/target/test-dir/MiniOzoneClusterImpl-01fa958e-82b6-4203-8555-4362ad9f609d/datanode-5/data/ratis/2535d4e2-9f79-4c97-bf72-6ecc458482b0 close()
2019-07-13 07:40:48,069 INFO  impl.RaftServerImpl (RaftServerImpl.java:lambda$shutdown$3(245)) - 5d1982ab-0084-45b3-a4d1-67d287322cc8: shutdown group-B60962DB0CAD
2019-07-13 07:40:48,069 INFO  util.JmxRegister (JmxRegister.java:unregister(73)) - Successfully un-registered JMX Bean with object name Ratis:service=RaftServer,group=group-B60962DB0CAD,id=5d1982ab-0084-45b3-a4d1-67d287322cc8
2019-07-13 07:40:48,069 INFO  impl.RoleInfo (RoleInfo.java:shutdownLeaderState(104)) - 5d1982ab-0084-45b3-a4d1-67d287322cc8: shutdown LeaderState
2019-07-13 07:40:48,072 WARN  server.GrpcLogAppender (GrpcLogAppender.java:mayWait(143)) - GrpcLogAppender(5d1982ab-0084-45b3-a4d1-67d287322cc8->2169aba2-981b-4c65-8013-9e22e49ffea6): Wait interrupted by java.lang.InterruptedException
2019-07-13 07:40:48,072 INFO  impl.PendingRequests (PendingRequests.java:sendNotLeaderResponses(202)) - 5d1982ab-0084-45b3-a4d1-67d287322cc8-PendingRequests: sendNotLeaderResponses
2019-07-13 07:40:48,072 WARN  server.GrpcLogAppender (GrpcLogAppender.java:mayWait(143)) - GrpcLogAppender(5d1982ab-0084-45b3-a4d1-67d287322cc8->ff527039-27c0-4097-9a5e-c6042cac39f7): Wait interrupted by java.lang.InterruptedException
2019-07-13 07:40:48,075 INFO  impl.StateMachineUpdater (StateMachineUpdater.java:stopAndJoin(115)) - StateMachineUpdater:5d1982ab-0084-45b3-a4d1-67d287322cc8:group-B60962DB0CAD: set stopIndex = 8
2019-07-13 07:40:48,075 INFO  ratis.ContainerStateMachine (ContainerStateMachine.java:takeSnapshot(246)) - Taking snapshot at termIndex:(t:1, i:8)
2019-07-13 07:40:48,075 INFO  ratis.ContainerStateMachine (ContainerStateMachine.java:takeSnapshot(250)) - Taking a snapshot to file /tmp/workdir/hadoop-ozone/integration-test/target/test-dir/MiniOzoneClusterImpl-01fa958e-82b6-4203-8555-4362ad9f609d/datanode-5/data/ratis/d2bfd832-0f71-463c-9068-b60962db0cad/sm/snapshot.1_8
2019-07-13 07:40:48,075 INFO  impl.StateMachineUpdater (StateMachineUpdater.java:takeSnapshot(242)) - StateMachineUpdater:5d1982ab-0084-45b3-a4d1-67d287322cc8:group-B60962DB0CAD: Took a snapshot at index 8
2019-07-13 07:40:48,076 INFO  impl.StateMachineUpdater (StateMachineUpdater.java:lambda$new$0(80)) - StateMachineUpdater:5d1982ab-0084-45b3-a4d1-67d287322cc8:group-B60962DB0CAD: snapshotIndex: updateIncreasingly -1 -> 8
2019-07-13 07:40:48,076 INFO  impl.RaftServerImpl (ServerState.java:close(394)) - 5d1982ab-0084-45b3-a4d1-67d287322cc8:group-B60962DB0CAD closes. The last applied log index is 8
2019-07-13 07:40:48,076 INFO  segmented.SegmentedRaftLogWorker (SegmentedRaftLogWorker.java:run(313)) - 5d1982ab-0084-45b3-a4d1-67d287322cc8-SegmentedRaftLogWorker:Storage Directory /tmp/workdir/hadoop-ozone/integration-test/target/test-dir/MiniOzoneClusterImpl-01fa958e-82b6-4203-8555-4362ad9f609d/datanode-5/data/ratis/d2bfd832-0f71-463c-9068-b60962db0cad was interrupted, exiting. There are 0 tasks remaining in the queue.
2019-07-13 07:40:48,078 INFO  segmented.SegmentedRaftLogWorker (SegmentedRaftLogWorker.java:close(228)) - 5d1982ab-0084-45b3-a4d1-67d287322cc8-SegmentedRaftLogWorker:Storage Directory /tmp/workdir/hadoop-ozone/integration-test/target/test-dir/MiniOzoneClusterImpl-01fa958e-82b6-4203-8555-4362ad9f609d/datanode-5/data/ratis/d2bfd832-0f71-463c-9068-b60962db0cad close()
2019-07-13 07:40:48,079 INFO  server.GrpcService (GrpcService.java:closeImpl(155)) - 5d1982ab-0084-45b3-a4d1-67d287322cc8: shutdown server with port 36142 now
2019-07-13 07:40:48,080 INFO  server.GrpcService (GrpcService.java:closeImpl(163)) - 5d1982ab-0084-45b3-a4d1-67d287322cc8: shutdown server with port 36142 successfully
2019-07-13 07:40:48,081 INFO  utils.BackgroundService (BackgroundService.java:shutdown(148)) - Shutting down service BlockDeletingService
2019-07-13 07:40:48,083 WARN  fs.CachingGetSpaceUsed (CachingGetSpaceUsed.java:run(183)) - Thread Interrupted waiting to refresh disk information: sleep interrupted
2019-07-13 07:40:48,097 INFO  statemachine.DatanodeStateMachine (DatanodeStateMachine.java:stopDaemon(395)) - Ozone container server stopped.
2019-07-13 07:40:48,098 INFO  handler.ContextHandler (ContextHandler.java:doStop(910)) - Stopped o.e.j.w.WebAppContext@1bc6a43c{/,null,UNAVAILABLE}{/hddsDatanode}
2019-07-13 07:40:48,098 INFO  server.AbstractConnector (AbstractConnector.java:doStop(318)) - Stopped ServerConnector@5f3fa154{HTTP/1.1,[http/1.1]}{0.0.0.0:0}
2019-07-13 07:40:48,099 INFO  handler.ContextHandler (ContextHandler.java:doStop(910)) - Stopped o.e.j.s.ServletContextHandler@1b9075c9{/static,jar:file:/home/user/.m2/repository/org/apache/hadoop/hadoop-hdds-container-service/0.5.0-SNAPSHOT/hadoop-hdds-container-service-0.5.0-SNAPSHOT.jar!/webapps/static,UNAVAILABLE}
2019-07-13 07:40:48,099 INFO  handler.ContextHandler (ContextHandler.java:doStop(910)) - Stopped o.e.j.s.ServletContextHandler@52688730{/logs,file:///tmp/workdir/hadoop-ozone/integration-test/target/log,UNAVAILABLE}
2019-07-13 07:40:48,100 INFO  ozone.MiniOzoneClusterImpl (MiniOzoneClusterImpl.java:stop(353)) - Stopping the StorageContainerManager
2019-07-13 07:40:48,100 INFO  server.StorageContainerManager (StorageContainerManager.java:stop(796)) - Stopping Replication Manager Service.
2019-07-13 07:40:48,100 INFO  container.ReplicationManager (ReplicationManager.java:stop(187)) - Stopping Replication Monitor Thread.
2019-07-13 07:40:48,101 INFO  server.StorageContainerManager (StorageContainerManager.java:stop(803)) - Stopping Lease Manager of the command watchers
2019-07-13 07:40:48,101 INFO  server.StorageContainerManager (StorageContainerManager.java:stop(810)) - Stopping datanode service RPC server
2019-07-13 07:40:48,101 INFO  server.SCMDatanodeProtocolServer (SCMDatanodeProtocolServer.java:stop(375)) - Stopping the RPC server for DataNodes
2019-07-13 07:40:48,101 INFO  ipc.Server (Server.java:stop(3082)) - Stopping server on 38407
2019-07-13 07:40:48,105 INFO  ipc.Server (Server.java:run(1185)) - Stopping IPC Server listener on 38407
2019-07-13 07:40:48,105 INFO  ipc.Server (Server.java:run(1319)) - Stopping IPC Server Responder
2019-07-13 07:40:48,204 WARN  node.NodeStateManager (NodeStateManager.java:scheduleNextHealthCheck(631)) - Current Thread is interrupted, shutting down HB processing thread for Node Manager.
2019-07-13 07:40:48,205 INFO  server.StorageContainerManager (StorageContainerManager.java:stop(818)) - Stopping block service RPC server
2019-07-13 07:40:48,205 INFO  server.SCMBlockProtocolServer (SCMBlockProtocolServer.java:stop(148)) - Stopping the RPC server for Block Protocol
2019-07-13 07:40:48,205 INFO  ipc.Server (Server.java:stop(3082)) - Stopping server on 46653
2019-07-13 07:40:48,207 INFO  ipc.Server (Server.java:run(1185)) - Stopping IPC Server listener on 46653
2019-07-13 07:40:48,211 INFO  server.StorageContainerManager (StorageContainerManager.java:stop(825)) - Stopping the StorageContainerLocationProtocol RPC server
2019-07-13 07:40:48,212 INFO  server.SCMClientProtocolServer (SCMClientProtocolServer.java:stop(157)) - Stopping the RPC server for Client Protocol
2019-07-13 07:40:48,213 INFO  ipc.Server (Server.java:stop(3082)) - Stopping server on 44272
2019-07-13 07:40:48,213 INFO  ipc.Server (Server.java:run(1319)) - Stopping IPC Server Responder
2019-07-13 07:40:48,216 INFO  ipc.Server (Server.java:run(1185)) - Stopping IPC Server listener on 44272
2019-07-13 07:40:48,216 INFO  server.StorageContainerManager (StorageContainerManager.java:stop(832)) - Stopping Storage Container Manager HTTP server.
2019-07-13 07:40:48,218 INFO  ipc.Server (Server.java:run(1319)) - Stopping IPC Server Responder
2019-07-13 07:40:48,218 INFO  handler.ContextHandler (ContextHandler.java:doStop(910)) - Stopped o.e.j.w.WebAppContext@a49995f{/,null,UNAVAILABLE}{/scm}
2019-07-13 07:40:48,219 INFO  server.AbstractConnector (AbstractConnector.java:doStop(318)) - Stopped ServerConnector@2cb95c6c{HTTP/1.1,[http/1.1]}{0.0.0.0:0}
2019-07-13 07:40:48,219 INFO  handler.ContextHandler (ContextHandler.java:doStop(910)) - Stopped o.e.j.s.ServletContextHandler@1469015e{/static,file:///tmp/workdir/hadoop-ozone/integration-test/target/test-classes/webapps/static,UNAVAILABLE}
2019-07-13 07:40:48,219 INFO  handler.ContextHandler (ContextHandler.java:doStop(910)) - Stopped o.e.j.s.ServletContextHandler@297db6ad{/logs,file:///tmp/workdir/hadoop-ozone/integration-test/target/log,UNAVAILABLE}
2019-07-13 07:40:48,220 INFO  server.StorageContainerManager (StorageContainerManager.java:stop(843)) - Stopping Block Manager Service.
2019-07-13 07:40:48,220 INFO  utils.BackgroundService (BackgroundService.java:shutdown(148)) - Shutting down service SCMBlockDeletingService
2019-07-13 07:40:48,221 INFO  utils.BackgroundService (BackgroundService.java:shutdown(148)) - Shutting down service SCMBlockDeletingService
2019-07-13 07:40:48,221 INFO  server.StorageContainerManager (StorageContainerManager.java:stop(865)) - Stopping SCM Event Queue.
2019-07-13 07:40:48,225 INFO  impl.MetricsSystemImpl (MetricsSystemImpl.java:stop(210)) - Stopping HddsDatanode metrics system...
2019-07-13 07:40:48,235 INFO  impl.MetricsSystemImpl (MetricsSystemImpl.java:stop(216)) - HddsDatanode metrics system stopped.
]]></system-out>
    <system-err><![CDATA[Jul 13, 2019 7:40:14 AM com.sun.jersey.server.impl.application.WebApplicationImpl _initiate
INFO: Initiating Jersey application, version 'Jersey: 1.19 02/11/2015 03:25 AM'
Jul 13, 2019 7:40:14 AM com.sun.jersey.server.impl.application.WebApplicationImpl _initiate
INFO: Initiating Jersey application, version 'Jersey: 1.19 02/11/2015 03:25 AM'
Jul 13, 2019 7:40:14 AM com.sun.jersey.server.impl.application.WebApplicationImpl _initiate
INFO: Initiating Jersey application, version 'Jersey: 1.19 02/11/2015 03:25 AM'
Jul 13, 2019 7:40:15 AM com.sun.jersey.server.impl.application.WebApplicationImpl _initiate
INFO: Initiating Jersey application, version 'Jersey: 1.19 02/11/2015 03:25 AM'
Jul 13, 2019 7:40:15 AM com.sun.jersey.server.impl.application.WebApplicationImpl _initiate
INFO: Initiating Jersey application, version 'Jersey: 1.19 02/11/2015 03:25 AM'
Jul 13, 2019 7:40:15 AM com.sun.jersey.server.impl.application.WebApplicationImpl _initiate
INFO: Initiating Jersey application, version 'Jersey: 1.19 02/11/2015 03:25 AM'
Jul 13, 2019 7:40:15 AM com.sun.jersey.server.impl.application.WebApplicationImpl _initiate
INFO: Initiating Jersey application, version 'Jersey: 1.19 02/11/2015 03:25 AM'
Jul 13, 2019 7:40:18 AM org.apache.ratis.thirdparty.io.grpc.internal.ManagedChannelOrphanWrapper$ManagedChannelReference cleanQueue
SEVERE: *~*~*~ Channel ManagedChannelImpl{logId=3061, target=192.168.69.84:38764} was not shutdown properly!!! ~*~*~*
    Make sure to call shutdown()/shutdownNow() and wait until awaitTermination() returns true.
java.lang.RuntimeException: ManagedChannel allocation site
	at org.apache.ratis.thirdparty.io.grpc.internal.ManagedChannelOrphanWrapper$ManagedChannelReference.<init>(ManagedChannelOrphanWrapper.java:103)
	at org.apache.ratis.thirdparty.io.grpc.internal.ManagedChannelOrphanWrapper.<init>(ManagedChannelOrphanWrapper.java:53)
	at org.apache.ratis.thirdparty.io.grpc.internal.ManagedChannelOrphanWrapper.<init>(ManagedChannelOrphanWrapper.java:44)
	at org.apache.ratis.thirdparty.io.grpc.internal.AbstractManagedChannelImplBuilder.build(AbstractManagedChannelImplBuilder.java:411)
	at org.apache.ratis.grpc.client.GrpcClientProtocolClient.<init>(GrpcClientProtocolClient.java:119)
	at org.apache.ratis.grpc.client.GrpcClientRpc.lambda$new$0(GrpcClientRpc.java:55)
	at org.apache.ratis.util.PeerProxyMap$PeerAndProxy.lambda$getProxy$0(PeerProxyMap.java:61)
	at org.apache.ratis.util.LifeCycle.startAndTransition(LifeCycle.java:202)
	at org.apache.ratis.util.PeerProxyMap$PeerAndProxy.getProxy(PeerProxyMap.java:60)
	at org.apache.ratis.util.PeerProxyMap.getProxy(PeerProxyMap.java:107)
	at org.apache.ratis.grpc.client.GrpcClientRpc.sendRequestAsync(GrpcClientRpc.java:66)
	at org.apache.ratis.client.impl.OrderedAsync.sendRequest(OrderedAsync.java:208)
	at org.apache.ratis.client.impl.OrderedAsync.sendRequestWithRetry(OrderedAsync.java:169)
	at org.apache.ratis.util.SlidingWindow$Client.sendOrDelayRequest(SlidingWindow.java:278)
	at org.apache.ratis.util.SlidingWindow$Client.retry(SlidingWindow.java:294)
	at org.apache.ratis.client.impl.OrderedAsync.lambda$scheduleWithTimeout$7(OrderedAsync.java:195)
	at org.apache.ratis.util.TimeoutScheduler.lambda$onTimeout$0(TimeoutScheduler.java:85)
	at org.apache.ratis.util.TimeoutScheduler.lambda$onTimeout$1(TimeoutScheduler.java:104)
	at org.apache.ratis.util.LogUtils.runAndLog(LogUtils.java:50)
	at org.apache.ratis.util.LogUtils$1.run(LogUtils.java:91)
	at java.util.concurrent.Executors$RunnableAdapter.call(Executors.java:511)
	at java.util.concurrent.FutureTask.run(FutureTask.java:266)
	at java.util.concurrent.ScheduledThreadPoolExecutor$ScheduledFutureTask.access$201(ScheduledThreadPoolExecutor.java:180)
	at java.util.concurrent.ScheduledThreadPoolExecutor$ScheduledFutureTask.run(ScheduledThreadPoolExecutor.java:293)
	at java.util.concurrent.ThreadPoolExecutor.runWorker(ThreadPoolExecutor.java:1149)
	at java.util.concurrent.ThreadPoolExecutor$Worker.run(ThreadPoolExecutor.java:624)
	at java.lang.Thread.run(Thread.java:748)

]]></system-err>
  </testcase>
  <testcase name="testWatchForCommitWithCloseContainerException" classname="org.apache.hadoop.ozone.client.rpc.TestBlockOutputStreamWithFailures" time="34.966">
    <error type="java.lang.IllegalArgumentException">java.lang.IllegalArgumentException
	at com.google.common.base.Preconditions.checkArgument(Preconditions.java:72)
	at org.apache.hadoop.hdds.scm.XceiverClientManager.acquireClient(XceiverClientManager.java:150)
	at org.apache.hadoop.hdds.scm.XceiverClientManager.acquireClientForReadData(XceiverClientManager.java:143)
	at org.apache.hadoop.hdds.scm.storage.BlockInputStream.getChunkInfos(BlockInputStream.java:154)
	at org.apache.hadoop.hdds.scm.storage.BlockInputStream.initialize(BlockInputStream.java:118)
	at org.apache.hadoop.hdds.scm.storage.BlockInputStream.read(BlockInputStream.java:222)
	at org.apache.hadoop.ozone.client.io.KeyInputStream.read(KeyInputStream.java:171)
	at org.apache.hadoop.ozone.client.io.OzoneInputStream.read(OzoneInputStream.java:47)
	at java.io.InputStream.read(InputStream.java:101)
	at org.apache.hadoop.ozone.container.ContainerTestHelper.validateData(ContainerTestHelper.java:709)
	at org.apache.hadoop.ozone.client.rpc.TestBlockOutputStreamWithFailures.validateData(TestBlockOutputStreamWithFailures.java:1212)
	at org.apache.hadoop.ozone.client.rpc.TestBlockOutputStreamWithFailures.testWatchForCommitWithCloseContainerException(TestBlockOutputStreamWithFailures.java:260)
	at sun.reflect.NativeMethodAccessorImpl.invoke0(Native Method)
	at sun.reflect.NativeMethodAccessorImpl.invoke(NativeMethodAccessorImpl.java:62)
	at sun.reflect.DelegatingMethodAccessorImpl.invoke(DelegatingMethodAccessorImpl.java:43)
	at java.lang.reflect.Method.invoke(Method.java:498)
	at org.junit.runners.model.FrameworkMethod$1.runReflectiveCall(FrameworkMethod.java:47)
	at org.junit.internal.runners.model.ReflectiveCallable.run(ReflectiveCallable.java:12)
	at org.junit.runners.model.FrameworkMethod.invokeExplosively(FrameworkMethod.java:44)
	at org.junit.internal.runners.statements.InvokeMethod.evaluate(InvokeMethod.java:17)
	at org.junit.internal.runners.statements.RunBefores.evaluate(RunBefores.java:26)
	at org.junit.internal.runners.statements.RunAfters.evaluate(RunAfters.java:27)
	at org.junit.runners.ParentRunner.runLeaf(ParentRunner.java:271)
	at org.junit.runners.BlockJUnit4ClassRunner.runChild(BlockJUnit4ClassRunner.java:70)
	at org.junit.runners.BlockJUnit4ClassRunner.runChild(BlockJUnit4ClassRunner.java:50)
	at org.junit.runners.ParentRunner$3.run(ParentRunner.java:238)
	at org.junit.runners.ParentRunner$1.schedule(ParentRunner.java:63)
	at org.junit.runners.ParentRunner.runChildren(ParentRunner.java:236)
	at org.junit.runners.ParentRunner.access$000(ParentRunner.java:53)
	at org.junit.runners.ParentRunner$2.evaluate(ParentRunner.java:229)
	at org.junit.runners.ParentRunner.run(ParentRunner.java:309)
	at org.apache.maven.surefire.junit4.JUnit4Provider.execute(JUnit4Provider.java:365)
	at org.apache.maven.surefire.junit4.JUnit4Provider.executeWithRerun(JUnit4Provider.java:273)
	at org.apache.maven.surefire.junit4.JUnit4Provider.executeTestSet(JUnit4Provider.java:238)
	at org.apache.maven.surefire.junit4.JUnit4Provider.invoke(JUnit4Provider.java:159)
	at org.apache.maven.surefire.booter.ForkedBooter.invokeProviderInSameClassLoader(ForkedBooter.java:384)
	at org.apache.maven.surefire.booter.ForkedBooter.runSuitesInProcess(ForkedBooter.java:345)
	at org.apache.maven.surefire.booter.ForkedBooter.execute(ForkedBooter.java:126)
	at org.apache.maven.surefire.booter.ForkedBooter.main(ForkedBooter.java:418)
</error>
    <system-out><![CDATA[2019-07-13 07:40:48,278 WARN  server.ServerUtils (ServerUtils.java:getScmDbDir(145)) - ozone.scm.db.dirs is not configured. We recommend adding this setting. Falling back to ozone.metadata.dirs instead.
2019-07-13 07:40:48,319 WARN  server.ServerUtils (ServerUtils.java:getScmDbDir(145)) - ozone.scm.db.dirs is not configured. We recommend adding this setting. Falling back to ozone.metadata.dirs instead.
2019-07-13 07:40:48,319 WARN  server.ServerUtils (ServerUtils.java:getScmDbDir(145)) - ozone.scm.db.dirs is not configured. We recommend adding this setting. Falling back to ozone.metadata.dirs instead.
2019-07-13 07:40:48,320 INFO  db.DBStoreBuilder (DBStoreBuilder.java:addTable(110)) - using custom profile for table: deletedBlocks
2019-07-13 07:40:48,320 INFO  db.DBStoreBuilder (DBStoreBuilder.java:processTables(161)) - Using default column profile:DBProfile.DISK for Table:deletedBlocks
2019-07-13 07:40:48,320 INFO  db.DBStoreBuilder (DBStoreBuilder.java:addTable(110)) - using custom profile for table: validCerts
2019-07-13 07:40:48,320 INFO  db.DBStoreBuilder (DBStoreBuilder.java:processTables(161)) - Using default column profile:DBProfile.DISK for Table:validCerts
2019-07-13 07:40:48,320 INFO  db.DBStoreBuilder (DBStoreBuilder.java:addTable(110)) - using custom profile for table: revokedCerts
2019-07-13 07:40:48,321 INFO  db.DBStoreBuilder (DBStoreBuilder.java:processTables(161)) - Using default column profile:DBProfile.DISK for Table:revokedCerts
2019-07-13 07:40:48,321 INFO  db.DBStoreBuilder (DBStoreBuilder.java:addTable(110)) - using custom profile for table: default
2019-07-13 07:40:48,321 INFO  db.DBStoreBuilder (DBStoreBuilder.java:processTables(167)) - Using default column profile:DBProfile.DISK for Table:default
2019-07-13 07:40:48,321 INFO  db.DBStoreBuilder (DBStoreBuilder.java:getDbProfile(198)) - Using default options. DBProfile.DISK
2019-07-13 07:40:48,514 INFO  net.NodeSchemaLoader (NodeSchemaLoader.java:loadSchemaFromFile(125)) - Loading file from sun.misc.CompoundEnumeration@10fef6da
2019-07-13 07:40:48,514 INFO  net.NodeSchemaLoader (NodeSchemaLoader.java:loadSchema(171)) - Loading network topology layer schema file
2019-07-13 07:40:48,519 INFO  node.SCMNodeManager (SCMNodeManager.java:<init>(119)) - Entering startup safe mode.
2019-07-13 07:40:48,520 WARN  server.ServerUtils (ServerUtils.java:getScmDbDir(145)) - ozone.scm.db.dirs is not configured. We recommend adding this setting. Falling back to ozone.metadata.dirs instead.
2019-07-13 07:40:48,577 INFO  pipeline.SCMPipelineManager (SCMPipelineManager.java:initializePipelineState(126)) - No pipeline exists in current db
2019-07-13 07:40:48,577 WARN  server.ServerUtils (ServerUtils.java:getScmDbDir(145)) - ozone.scm.db.dirs is not configured. We recommend adding this setting. Falling back to ozone.metadata.dirs instead.
2019-07-13 07:40:48,642 WARN  events.EventQueue (EventQueue.java:fireEvent(175)) - No event handler registered for event TypedEvent{payloadType=SafeModeStatus, name='SafeModeStatus'}
2019-07-13 07:40:48,643 INFO  ipc.CallQueueManager (CallQueueManager.java:<init>(84)) - Using callQueue: class java.util.concurrent.LinkedBlockingQueue, queueCapacity: 2000, scheduler: class org.apache.hadoop.ipc.DefaultRpcScheduler, ipcBackoff: false.
2019-07-13 07:40:48,644 INFO  ipc.Server (Server.java:run(1074)) - Starting Socket Reader #1 for port 40635
2019-07-13 07:40:48,647 INFO  ipc.CallQueueManager (CallQueueManager.java:<init>(84)) - Using callQueue: class java.util.concurrent.LinkedBlockingQueue, queueCapacity: 2000, scheduler: class org.apache.hadoop.ipc.DefaultRpcScheduler, ipcBackoff: false.
2019-07-13 07:40:48,648 INFO  ipc.Server (Server.java:run(1074)) - Starting Socket Reader #1 for port 36202
2019-07-13 07:40:48,649 INFO  ipc.CallQueueManager (CallQueueManager.java:<init>(84)) - Using callQueue: class java.util.concurrent.LinkedBlockingQueue, queueCapacity: 2000, scheduler: class org.apache.hadoop.ipc.DefaultRpcScheduler, ipcBackoff: false.
2019-07-13 07:40:48,650 INFO  ipc.Server (Server.java:run(1074)) - Starting Socket Reader #1 for port 38204
2019-07-13 07:40:48,655 INFO  hdfs.DFSUtil (DFSUtil.java:httpServerTemplateForNNAndJN(1641)) - Starting Web-server for scm at: http://0.0.0.0:0
2019-07-13 07:40:48,657 INFO  server.AuthenticationFilter (AuthenticationFilter.java:constructSecretProvider(240)) - Unable to initialize FileSignerSecretProvider, falling back to use random secrets.
2019-07-13 07:40:48,658 WARN  http.HttpRequestLog (HttpRequestLog.java:getRequestLog(97)) - Jetty request log can only be enabled using Log4j
2019-07-13 07:40:48,660 INFO  http.HttpServer2 (HttpServer2.java:addGlobalFilter(975)) - Added global filter 'safety' (class=org.apache.hadoop.http.HttpServer2$QuotingInputFilter)
2019-07-13 07:40:48,661 INFO  http.HttpServer2 (HttpServer2.java:addFilter(948)) - Added filter static_user_filter (class=org.apache.hadoop.http.lib.StaticUserWebFilter$StaticUserFilter) to context scm
2019-07-13 07:40:48,661 INFO  http.HttpServer2 (HttpServer2.java:addFilter(958)) - Added filter static_user_filter (class=org.apache.hadoop.http.lib.StaticUserWebFilter$StaticUserFilter) to context static
2019-07-13 07:40:48,661 INFO  http.HttpServer2 (HttpServer2.java:addFilter(958)) - Added filter static_user_filter (class=org.apache.hadoop.http.lib.StaticUserWebFilter$StaticUserFilter) to context logs
2019-07-13 07:40:48,663 INFO  server.StorageContainerManager (StorageContainerManager.java:start(759)) - StorageContainerLocationProtocol RPC server is listening at /0.0.0.0:38204
2019-07-13 07:40:48,665 WARN  impl.MetricsConfig (MetricsConfig.java:loadFirst(134)) - Cannot locate configuration: tried hadoop-metrics2-storagecontainermanager.properties,hadoop-metrics2.properties
2019-07-13 07:40:48,666 INFO  impl.MetricsSystemImpl (MetricsSystemImpl.java:startTimer(374)) - Scheduled Metric snapshot period at 10 second(s).
2019-07-13 07:40:48,666 INFO  impl.MetricsSystemImpl (MetricsSystemImpl.java:start(191)) - StorageContainerManager metrics system started
2019-07-13 07:40:48,725 INFO  server.SCMClientProtocolServer (SCMClientProtocolServer.java:start(149)) - RPC server for Client  is listening at /0.0.0.0:38204
2019-07-13 07:40:48,726 INFO  ipc.Server (Server.java:run(1314)) - IPC Server Responder: starting
2019-07-13 07:40:48,726 INFO  ipc.Server (Server.java:run(1153)) - IPC Server listener on 38204: starting
2019-07-13 07:40:48,730 INFO  server.StorageContainerManager (StorageContainerManager.java:start(768)) - ScmBlockLocationProtocol RPC server is listening at /0.0.0.0:36202
2019-07-13 07:40:48,730 INFO  server.SCMBlockProtocolServer (SCMBlockProtocolServer.java:start(140)) - RPC server for Block Protocol is listening at /0.0.0.0:36202
2019-07-13 07:40:48,731 INFO  ipc.Server (Server.java:run(1314)) - IPC Server Responder: starting
2019-07-13 07:40:48,731 INFO  ipc.Server (Server.java:run(1153)) - IPC Server listener on 36202: starting
2019-07-13 07:40:48,735 INFO  server.StorageContainerManager (StorageContainerManager.java:start(772)) - ScmDatanodeProtocl RPC server is listening at /0.0.0.0:40635
2019-07-13 07:40:48,735 INFO  server.SCMDatanodeProtocolServer (SCMDatanodeProtocolServer.java:start(191)) - RPC server for DataNodes is listening at /0.0.0.0:40635
2019-07-13 07:40:48,735 INFO  ipc.Server (Server.java:run(1314)) - IPC Server Responder: starting
2019-07-13 07:40:48,736 INFO  ipc.Server (Server.java:run(1153)) - IPC Server listener on 40635: starting
2019-07-13 07:40:48,739 INFO  http.HttpServer2 (HttpServer2.java:bindListener(1191)) - Jetty bound to port 43600
2019-07-13 07:40:48,740 INFO  server.Server (Server.java:doStart(351)) - jetty-9.3.24.v20180605, build timestamp: 2018-06-05T17:11:56Z, git hash: 84205aa28f11a4f31f2a3b86d1bba2cc8ab69827
2019-07-13 07:40:48,742 INFO  handler.ContextHandler (ContextHandler.java:doStart(781)) - Started o.e.j.s.ServletContextHandler@55cd41f7{/logs,file:///tmp/workdir/hadoop-ozone/integration-test/target/log,AVAILABLE}
2019-07-13 07:40:48,742 INFO  handler.ContextHandler (ContextHandler.java:doStart(781)) - Started o.e.j.s.ServletContextHandler@b38dc7d{/static,file:///tmp/workdir/hadoop-ozone/integration-test/target/test-classes/webapps/static,AVAILABLE}
2019-07-13 07:40:48,747 INFO  handler.ContextHandler (ContextHandler.java:doStart(781)) - Started o.e.j.w.WebAppContext@5aeaee3{/,file:///tmp/workdir/hadoop-ozone/integration-test/target/test-classes/webapps/scm/,AVAILABLE}{/scm}
2019-07-13 07:40:48,747 INFO  server.AbstractConnector (AbstractConnector.java:doStart(278)) - Started ServerConnector@53a20aab{HTTP/1.1,[http/1.1]}{0.0.0.0:43600}
2019-07-13 07:40:48,748 INFO  server.Server (Server.java:doStart(419)) - Started @672290ms
2019-07-13 07:40:48,751 INFO  server.BaseHttpServer (BaseHttpServer.java:updateConnectorAddress(207)) - HTTP server of SCM is listening at http://0.0.0.0:43600
2019-07-13 07:40:48,751 WARN  server.ServerUtils (ServerUtils.java:getDBPath(222)) - ozone.om.db.dirs is not configured. We recommend adding this setting. Falling back to ozone.metadata.dirs instead.
2019-07-13 07:40:48,752 INFO  util.JvmPauseMonitor (JvmPauseMonitor.java:run(188)) - Starting JVM pause monitor
2019-07-13 07:40:48,766 WARN  server.ServerUtils (ServerUtils.java:getDBPath(222)) - ozone.om.db.dirs is not configured. We recommend adding this setting. Falling back to ozone.metadata.dirs instead.
2019-07-13 07:40:48,766 INFO  om.OzoneManager (OzoneManager.java:setOMNodeDetails(630)) - OM Service ID is not set. Setting it to the default ID: omServiceIdDefault
2019-07-13 07:40:48,766 INFO  om.OzoneManager (OzoneManager.java:setOMNodeDetails(636)) - OM Node ID is not set. Setting it to the OmStorage's OmID: a9b3c893-2db1-49c7-bf25-f1759fe2636b
2019-07-13 07:40:48,767 INFO  om.OzoneManager (OzoneManager.java:loadOMHAConfigs(587)) - Found matching OM address with OMServiceId: null, OMNodeId: null, RPC Address: localhost:0 and Ratis port: 9872
2019-07-13 07:40:48,774 WARN  server.ServerUtils (ServerUtils.java:getDBPath(222)) - ozone.om.db.dirs is not configured. We recommend adding this setting. Falling back to ozone.metadata.dirs instead.
2019-07-13 07:40:48,775 INFO  db.DBStoreBuilder (DBStoreBuilder.java:addTable(110)) - using custom profile for table: userTable
2019-07-13 07:40:48,775 INFO  db.DBStoreBuilder (DBStoreBuilder.java:processTables(161)) - Using default column profile:DBProfile.DISK for Table:userTable
2019-07-13 07:40:48,775 INFO  db.DBStoreBuilder (DBStoreBuilder.java:addTable(110)) - using custom profile for table: volumeTable
2019-07-13 07:40:48,775 INFO  db.DBStoreBuilder (DBStoreBuilder.java:processTables(161)) - Using default column profile:DBProfile.DISK for Table:volumeTable
2019-07-13 07:40:48,776 INFO  db.DBStoreBuilder (DBStoreBuilder.java:addTable(110)) - using custom profile for table: bucketTable
2019-07-13 07:40:48,776 INFO  db.DBStoreBuilder (DBStoreBuilder.java:processTables(161)) - Using default column profile:DBProfile.DISK for Table:bucketTable
2019-07-13 07:40:48,776 INFO  db.DBStoreBuilder (DBStoreBuilder.java:addTable(110)) - using custom profile for table: keyTable
2019-07-13 07:40:48,776 INFO  db.DBStoreBuilder (DBStoreBuilder.java:processTables(161)) - Using default column profile:DBProfile.DISK for Table:keyTable
2019-07-13 07:40:48,777 INFO  db.DBStoreBuilder (DBStoreBuilder.java:addTable(110)) - using custom profile for table: deletedTable
2019-07-13 07:40:48,777 INFO  db.DBStoreBuilder (DBStoreBuilder.java:processTables(161)) - Using default column profile:DBProfile.DISK for Table:deletedTable
2019-07-13 07:40:48,777 INFO  db.DBStoreBuilder (DBStoreBuilder.java:addTable(110)) - using custom profile for table: openKeyTable
2019-07-13 07:40:48,777 INFO  db.DBStoreBuilder (DBStoreBuilder.java:processTables(161)) - Using default column profile:DBProfile.DISK for Table:openKeyTable
2019-07-13 07:40:48,778 INFO  db.DBStoreBuilder (DBStoreBuilder.java:addTable(110)) - using custom profile for table: s3Table
2019-07-13 07:40:48,778 INFO  db.DBStoreBuilder (DBStoreBuilder.java:processTables(161)) - Using default column profile:DBProfile.DISK for Table:s3Table
2019-07-13 07:40:48,778 INFO  db.DBStoreBuilder (DBStoreBuilder.java:addTable(110)) - using custom profile for table: multipartInfoTable
2019-07-13 07:40:48,778 INFO  db.DBStoreBuilder (DBStoreBuilder.java:processTables(161)) - Using default column profile:DBProfile.DISK for Table:multipartInfoTable
2019-07-13 07:40:48,779 INFO  db.DBStoreBuilder (DBStoreBuilder.java:addTable(110)) - using custom profile for table: dTokenTable
2019-07-13 07:40:48,779 INFO  db.DBStoreBuilder (DBStoreBuilder.java:processTables(161)) - Using default column profile:DBProfile.DISK for Table:dTokenTable
2019-07-13 07:40:48,779 INFO  db.DBStoreBuilder (DBStoreBuilder.java:addTable(110)) - using custom profile for table: s3SecretTable
2019-07-13 07:40:48,779 INFO  db.DBStoreBuilder (DBStoreBuilder.java:processTables(161)) - Using default column profile:DBProfile.DISK for Table:s3SecretTable
2019-07-13 07:40:48,780 INFO  db.DBStoreBuilder (DBStoreBuilder.java:addTable(110)) - using custom profile for table: prefixTable
2019-07-13 07:40:48,780 INFO  db.DBStoreBuilder (DBStoreBuilder.java:processTables(161)) - Using default column profile:DBProfile.DISK for Table:prefixTable
2019-07-13 07:40:48,780 INFO  db.DBStoreBuilder (DBStoreBuilder.java:addTable(110)) - using custom profile for table: default
2019-07-13 07:40:48,780 INFO  db.DBStoreBuilder (DBStoreBuilder.java:processTables(167)) - Using default column profile:DBProfile.DISK for Table:default
2019-07-13 07:40:48,780 INFO  db.DBStoreBuilder (DBStoreBuilder.java:getDbProfile(198)) - Using default options. DBProfile.DISK
2019-07-13 07:40:49,439 INFO  ipc.CallQueueManager (CallQueueManager.java:<init>(84)) - Using callQueue: class java.util.concurrent.LinkedBlockingQueue, queueCapacity: 2000, scheduler: class org.apache.hadoop.ipc.DefaultRpcScheduler, ipcBackoff: false.
2019-07-13 07:40:49,440 INFO  ipc.Server (Server.java:run(1074)) - Starting Socket Reader #1 for port 34392
2019-07-13 07:40:49,456 WARN  server.ServerUtils (ServerUtils.java:getDBPath(222)) - ozone.om.db.dirs is not configured. We recommend adding this setting. Falling back to ozone.metadata.dirs instead.
2019-07-13 07:40:49,456 INFO  om.OzoneManager (OzoneManager.java:start(1228)) - OzoneManager RPC server is listening at localhost/127.0.0.1:34392
2019-07-13 07:40:49,457 INFO  impl.MetricsSystemImpl (MetricsSystemImpl.java:init(158)) - OzoneManager metrics system started (again)
2019-07-13 07:40:49,457 INFO  ipc.Server (Server.java:run(1314)) - IPC Server Responder: starting
2019-07-13 07:40:49,457 INFO  ipc.Server (Server.java:run(1153)) - IPC Server listener on 34392: starting
2019-07-13 07:40:49,462 INFO  hdfs.DFSUtil (DFSUtil.java:httpServerTemplateForNNAndJN(1641)) - Starting Web-server for ozoneManager at: http://0.0.0.0:0
2019-07-13 07:40:49,464 INFO  server.AuthenticationFilter (AuthenticationFilter.java:constructSecretProvider(240)) - Unable to initialize FileSignerSecretProvider, falling back to use random secrets.
2019-07-13 07:40:49,465 WARN  http.HttpRequestLog (HttpRequestLog.java:getRequestLog(97)) - Jetty request log can only be enabled using Log4j
2019-07-13 07:40:49,467 INFO  http.HttpServer2 (HttpServer2.java:addGlobalFilter(975)) - Added global filter 'safety' (class=org.apache.hadoop.http.HttpServer2$QuotingInputFilter)
2019-07-13 07:40:49,467 INFO  http.HttpServer2 (HttpServer2.java:addFilter(948)) - Added filter static_user_filter (class=org.apache.hadoop.http.lib.StaticUserWebFilter$StaticUserFilter) to context ozoneManager
2019-07-13 07:40:49,468 INFO  http.HttpServer2 (HttpServer2.java:addFilter(958)) - Added filter static_user_filter (class=org.apache.hadoop.http.lib.StaticUserWebFilter$StaticUserFilter) to context logs
2019-07-13 07:40:49,468 INFO  http.HttpServer2 (HttpServer2.java:addFilter(958)) - Added filter static_user_filter (class=org.apache.hadoop.http.lib.StaticUserWebFilter$StaticUserFilter) to context static
2019-07-13 07:40:49,469 INFO  http.HttpServer2 (HttpServer2.java:bindListener(1191)) - Jetty bound to port 39539
2019-07-13 07:40:49,469 INFO  server.Server (Server.java:doStart(351)) - jetty-9.3.24.v20180605, build timestamp: 2018-06-05T17:11:56Z, git hash: 84205aa28f11a4f31f2a3b86d1bba2cc8ab69827
2019-07-13 07:40:49,471 INFO  handler.ContextHandler (ContextHandler.java:doStart(781)) - Started o.e.j.s.ServletContextHandler@5dcbdcb9{/logs,file:///tmp/workdir/hadoop-ozone/integration-test/target/log,AVAILABLE}
2019-07-13 07:40:49,472 INFO  handler.ContextHandler (ContextHandler.java:doStart(781)) - Started o.e.j.s.ServletContextHandler@78d72c9b{/static,file:///tmp/workdir/hadoop-ozone/integration-test/target/test-classes/webapps/static,AVAILABLE}
2019-07-13 07:40:49,477 INFO  handler.ContextHandler (ContextHandler.java:doStart(781)) - Started o.e.j.w.WebAppContext@5b52ce28{/,file:///tmp/workdir/hadoop-ozone/integration-test/target/test-classes/webapps/ozoneManager/,AVAILABLE}{/ozoneManager}
2019-07-13 07:40:49,477 INFO  server.AbstractConnector (AbstractConnector.java:doStart(278)) - Started ServerConnector@5ec10ab1{HTTP/1.1,[http/1.1]}{0.0.0.0:39539}
2019-07-13 07:40:49,479 INFO  server.Server (Server.java:doStart(419)) - Started @673019ms
2019-07-13 07:40:49,479 INFO  server.BaseHttpServer (BaseHttpServer.java:updateConnectorAddress(207)) - HTTP server of OZONEMANAGER is listening at http://0.0.0.0:39539
2019-07-13 07:40:49,497 INFO  impl.MetricsSystemImpl (MetricsSystemImpl.java:init(158)) - HddsDatanode metrics system started (again)
2019-07-13 07:40:49,497 INFO  ozone.HddsDatanodeService (HddsDatanodeService.java:start(185)) - HddsDatanodeService host:trunk-nightly-9lh4p-2362225927 ip:192.168.69.84
2019-07-13 07:40:49,511 INFO  volume.HddsVolume (HddsVolume.java:<init>(176)) - Creating Volume: /tmp/workdir/hadoop-ozone/integration-test/target/test-dir/MiniOzoneClusterImpl-a9291cd5-20eb-4d49-8028-80e536ff47c2/datanode-0/data/containers/hdds of  storage type : DISK and capacity : 52710309888
2019-07-13 07:40:49,511 INFO  volume.VolumeSet (VolumeSet.java:initializeVolumeSet(170)) - Added Volume : /tmp/workdir/hadoop-ozone/integration-test/target/test-dir/MiniOzoneClusterImpl-a9291cd5-20eb-4d49-8028-80e536ff47c2/datanode-0/data/containers/hdds to VolumeSet
2019-07-13 07:40:49,511 INFO  volume.ThrottledAsyncChecker (ThrottledAsyncChecker.java:schedule(140)) - Scheduling a check for org.apache.hadoop.ozone.container.common.volume.HddsVolume@74fbee59
2019-07-13 07:40:49,512 INFO  volume.HddsVolumeChecker (HddsVolumeChecker.java:checkAllVolumes(203)) - Scheduled health check for volume org.apache.hadoop.ozone.container.common.volume.HddsVolume@74fbee59
2019-07-13 07:40:49,529 INFO  impl.RaftServerProxy (ConfUtils.java:logGet(43)) - raft.rpc.type = GRPC (default)
2019-07-13 07:40:49,529 INFO  grpc.GrpcFactory (GrpcFactory.java:checkPooledByteBufAllocatorUseCacheForAllThreads(45)) - PERFORMANCE WARNING: useCacheForAllThreads is true that may cause Netty to create a lot garbage objects and, as a result, trigger GC.
	It is recommended to disable useCacheForAllThreads by setting -Dorg.apache.ratis.thirdparty.io.netty.allocator.useCacheForAllThreads=false in command line.
2019-07-13 07:40:49,530 INFO  grpc.GrpcConfigKeys$Server (ConfUtils.java:logGet(43)) - raft.grpc.server.port = 0 (default)
2019-07-13 07:40:49,530 INFO  server.GrpcService (ConfUtils.java:logGet(43)) - raft.grpc.message.size.max = 33570816 (custom)
2019-07-13 07:40:49,530 INFO  server.RaftServerConfigKeys (ConfUtils.java:logGet(43)) - raft.server.log.appender.buffer.byte-limit = 33554432 (custom)
2019-07-13 07:40:49,530 INFO  server.GrpcService (ConfUtils.java:logGet(43)) - raft.grpc.flow.control.window = 1MB (=1048576) (default)
2019-07-13 07:40:49,531 INFO  server.RaftServerConfigKeys (ConfUtils.java:logGet(43)) - raft.server.rpc.request.timeout = 3000ms (default)
2019-07-13 07:40:49,531 INFO  server.RaftServerConfigKeys (ConfUtils.java:logGet(43)) - raft.server.storage.dir = [/tmp/workdir/hadoop-ozone/integration-test/target/test-dir/MiniOzoneClusterImpl-a9291cd5-20eb-4d49-8028-80e536ff47c2/datanode-0/data/ratis] (custom)
2019-07-13 07:40:49,532 INFO  replication.SimpleContainerDownloader (SimpleContainerDownloader.java:<init>(72)) - Starting container downloader service to copy containers to replicate.
2019-07-13 07:40:49,533 INFO  hdfs.DFSUtil (DFSUtil.java:httpServerTemplateForNNAndJN(1641)) - Starting Web-server for hddsDatanode at: http://0.0.0.0:0
2019-07-13 07:40:49,534 INFO  server.AuthenticationFilter (AuthenticationFilter.java:constructSecretProvider(240)) - Unable to initialize FileSignerSecretProvider, falling back to use random secrets.
2019-07-13 07:40:49,534 WARN  http.HttpRequestLog (HttpRequestLog.java:getRequestLog(97)) - Jetty request log can only be enabled using Log4j
2019-07-13 07:40:49,536 INFO  http.HttpServer2 (HttpServer2.java:addGlobalFilter(975)) - Added global filter 'safety' (class=org.apache.hadoop.http.HttpServer2$QuotingInputFilter)
2019-07-13 07:40:49,536 INFO  http.HttpServer2 (HttpServer2.java:addFilter(948)) - Added filter static_user_filter (class=org.apache.hadoop.http.lib.StaticUserWebFilter$StaticUserFilter) to context hddsDatanode
2019-07-13 07:40:49,536 INFO  http.HttpServer2 (HttpServer2.java:addFilter(958)) - Added filter static_user_filter (class=org.apache.hadoop.http.lib.StaticUserWebFilter$StaticUserFilter) to context static
2019-07-13 07:40:49,537 INFO  http.HttpServer2 (HttpServer2.java:addFilter(958)) - Added filter static_user_filter (class=org.apache.hadoop.http.lib.StaticUserWebFilter$StaticUserFilter) to context logs
2019-07-13 07:40:49,537 INFO  http.HttpServer2 (HttpServer2.java:bindListener(1191)) - Jetty bound to port 43035
2019-07-13 07:40:49,537 INFO  server.Server (Server.java:doStart(351)) - jetty-9.3.24.v20180605, build timestamp: 2018-06-05T17:11:56Z, git hash: 84205aa28f11a4f31f2a3b86d1bba2cc8ab69827
2019-07-13 07:40:49,539 INFO  handler.ContextHandler (ContextHandler.java:doStart(781)) - Started o.e.j.s.ServletContextHandler@173039b5{/logs,file:///tmp/workdir/hadoop-ozone/integration-test/target/log,AVAILABLE}
2019-07-13 07:40:49,540 INFO  handler.ContextHandler (ContextHandler.java:doStart(781)) - Started o.e.j.s.ServletContextHandler@37635407{/static,jar:file:/home/user/.m2/repository/org/apache/hadoop/hadoop-hdds-container-service/0.5.0-SNAPSHOT/hadoop-hdds-container-service-0.5.0-SNAPSHOT.jar!/webapps/static,AVAILABLE}
2019-07-13 07:40:49,574 INFO  handler.ContextHandler (ContextHandler.java:doStart(781)) - Started o.e.j.w.WebAppContext@546f0f36{/,file:///tmp/jetty-0.0.0.0-43035-hddsDatanode-_-any-1217886497854575796.dir/webapp/,AVAILABLE}{/hddsDatanode}
2019-07-13 07:40:49,574 INFO  server.AbstractConnector (AbstractConnector.java:doStart(278)) - Started ServerConnector@44d5a0a8{HTTP/1.1,[http/1.1]}{0.0.0.0:43035}
2019-07-13 07:40:49,574 INFO  server.Server (Server.java:doStart(419)) - Started @673116ms
2019-07-13 07:40:49,576 INFO  server.BaseHttpServer (BaseHttpServer.java:updateConnectorAddress(207)) - HTTP server of HDDSDATANODE is listening at http://0.0.0.0:43035
2019-07-13 07:40:49,677 INFO  ozone.HddsDatanodeService (HddsDatanodeService.java:startPlugins(396)) - Started plug-in org.apache.hadoop.ozone.web.OzoneHddsDatanodeService@3d2ec8b2
2019-07-13 07:40:49,677 INFO  impl.MetricsSystemImpl (MetricsSystemImpl.java:init(158)) - HddsDatanode metrics system started (again)
2019-07-13 07:40:49,678 INFO  ozone.HddsDatanodeService (HddsDatanodeService.java:start(185)) - HddsDatanodeService host:trunk-nightly-9lh4p-2362225927 ip:192.168.69.84
2019-07-13 07:40:49,681 INFO  util.JvmPauseMonitor (JvmPauseMonitor.java:run(188)) - Starting JVM pause monitor
2019-07-13 07:40:49,682 INFO  datanode.InitDatanodeState (InitDatanodeState.java:persistContainerDatanodeDetails(140)) - DatanodeDetails is persisted to /tmp/workdir/hadoop-ozone/integration-test/target/test-dir/MiniOzoneClusterImpl-a9291cd5-20eb-4d49-8028-80e536ff47c2/datanode-0/meta/datanode.id
2019-07-13 07:40:49,692 INFO  volume.HddsVolume (HddsVolume.java:<init>(176)) - Creating Volume: /tmp/workdir/hadoop-ozone/integration-test/target/test-dir/MiniOzoneClusterImpl-a9291cd5-20eb-4d49-8028-80e536ff47c2/datanode-1/data/containers/hdds of  storage type : DISK and capacity : 52710309888
2019-07-13 07:40:49,692 INFO  volume.VolumeSet (VolumeSet.java:initializeVolumeSet(170)) - Added Volume : /tmp/workdir/hadoop-ozone/integration-test/target/test-dir/MiniOzoneClusterImpl-a9291cd5-20eb-4d49-8028-80e536ff47c2/datanode-1/data/containers/hdds to VolumeSet
2019-07-13 07:40:49,692 INFO  volume.ThrottledAsyncChecker (ThrottledAsyncChecker.java:schedule(140)) - Scheduling a check for org.apache.hadoop.ozone.container.common.volume.HddsVolume@1c298769
2019-07-13 07:40:49,693 INFO  volume.HddsVolumeChecker (HddsVolumeChecker.java:checkAllVolumes(203)) - Scheduled health check for volume org.apache.hadoop.ozone.container.common.volume.HddsVolume@1c298769
2019-07-13 07:40:49,706 INFO  impl.RaftServerProxy (ConfUtils.java:logGet(43)) - raft.rpc.type = GRPC (default)
2019-07-13 07:40:49,706 INFO  grpc.GrpcFactory (GrpcFactory.java:checkPooledByteBufAllocatorUseCacheForAllThreads(45)) - PERFORMANCE WARNING: useCacheForAllThreads is true that may cause Netty to create a lot garbage objects and, as a result, trigger GC.
	It is recommended to disable useCacheForAllThreads by setting -Dorg.apache.ratis.thirdparty.io.netty.allocator.useCacheForAllThreads=false in command line.
2019-07-13 07:40:49,706 INFO  grpc.GrpcConfigKeys$Server (ConfUtils.java:logGet(43)) - raft.grpc.server.port = 0 (default)
2019-07-13 07:40:49,706 INFO  server.GrpcService (ConfUtils.java:logGet(43)) - raft.grpc.message.size.max = 33570816 (custom)
2019-07-13 07:40:49,707 INFO  server.RaftServerConfigKeys (ConfUtils.java:logGet(43)) - raft.server.log.appender.buffer.byte-limit = 33554432 (custom)
2019-07-13 07:40:49,707 INFO  server.GrpcService (ConfUtils.java:logGet(43)) - raft.grpc.flow.control.window = 1MB (=1048576) (default)
2019-07-13 07:40:49,707 INFO  server.RaftServerConfigKeys (ConfUtils.java:logGet(43)) - raft.server.rpc.request.timeout = 3000ms (default)
2019-07-13 07:40:49,707 INFO  server.RaftServerConfigKeys (ConfUtils.java:logGet(43)) - raft.server.storage.dir = [/tmp/workdir/hadoop-ozone/integration-test/target/test-dir/MiniOzoneClusterImpl-a9291cd5-20eb-4d49-8028-80e536ff47c2/datanode-1/data/ratis] (custom)
2019-07-13 07:40:49,708 INFO  replication.SimpleContainerDownloader (SimpleContainerDownloader.java:<init>(72)) - Starting container downloader service to copy containers to replicate.
2019-07-13 07:40:49,709 INFO  hdfs.DFSUtil (DFSUtil.java:httpServerTemplateForNNAndJN(1641)) - Starting Web-server for hddsDatanode at: http://0.0.0.0:0
2019-07-13 07:40:49,710 INFO  server.AuthenticationFilter (AuthenticationFilter.java:constructSecretProvider(240)) - Unable to initialize FileSignerSecretProvider, falling back to use random secrets.
2019-07-13 07:40:49,710 WARN  http.HttpRequestLog (HttpRequestLog.java:getRequestLog(97)) - Jetty request log can only be enabled using Log4j
2019-07-13 07:40:49,711 INFO  http.HttpServer2 (HttpServer2.java:addGlobalFilter(975)) - Added global filter 'safety' (class=org.apache.hadoop.http.HttpServer2$QuotingInputFilter)
2019-07-13 07:40:49,712 INFO  http.HttpServer2 (HttpServer2.java:addFilter(948)) - Added filter static_user_filter (class=org.apache.hadoop.http.lib.StaticUserWebFilter$StaticUserFilter) to context hddsDatanode
2019-07-13 07:40:49,712 INFO  http.HttpServer2 (HttpServer2.java:addFilter(958)) - Added filter static_user_filter (class=org.apache.hadoop.http.lib.StaticUserWebFilter$StaticUserFilter) to context logs
2019-07-13 07:40:49,712 INFO  http.HttpServer2 (HttpServer2.java:addFilter(958)) - Added filter static_user_filter (class=org.apache.hadoop.http.lib.StaticUserWebFilter$StaticUserFilter) to context static
2019-07-13 07:40:49,713 INFO  http.HttpServer2 (HttpServer2.java:bindListener(1191)) - Jetty bound to port 44439
2019-07-13 07:40:49,713 INFO  server.Server (Server.java:doStart(351)) - jetty-9.3.24.v20180605, build timestamp: 2018-06-05T17:11:56Z, git hash: 84205aa28f11a4f31f2a3b86d1bba2cc8ab69827
2019-07-13 07:40:49,714 INFO  handler.ContextHandler (ContextHandler.java:doStart(781)) - Started o.e.j.s.ServletContextHandler@4d162d67{/logs,file:///tmp/workdir/hadoop-ozone/integration-test/target/log,AVAILABLE}
2019-07-13 07:40:49,714 INFO  handler.ContextHandler (ContextHandler.java:doStart(781)) - Started o.e.j.s.ServletContextHandler@2b1aa390{/static,jar:file:/home/user/.m2/repository/org/apache/hadoop/hadoop-hdds-container-service/0.5.0-SNAPSHOT/hadoop-hdds-container-service-0.5.0-SNAPSHOT.jar!/webapps/static,AVAILABLE}
2019-07-13 07:40:49,740 INFO  handler.ContextHandler (ContextHandler.java:doStart(781)) - Started o.e.j.w.WebAppContext@1ee2e363{/,file:///tmp/jetty-0.0.0.0-44439-hddsDatanode-_-any-6763087212935765273.dir/webapp/,AVAILABLE}{/hddsDatanode}
2019-07-13 07:40:49,740 INFO  server.AbstractConnector (AbstractConnector.java:doStart(278)) - Started ServerConnector@60e83cb9{HTTP/1.1,[http/1.1]}{0.0.0.0:44439}
2019-07-13 07:40:49,740 INFO  server.Server (Server.java:doStart(419)) - Started @673282ms
2019-07-13 07:40:49,742 INFO  server.BaseHttpServer (BaseHttpServer.java:updateConnectorAddress(207)) - HTTP server of HDDSDATANODE is listening at http://0.0.0.0:44439
2019-07-13 07:40:49,840 INFO  ozone.HddsDatanodeService (HddsDatanodeService.java:startPlugins(396)) - Started plug-in org.apache.hadoop.ozone.web.OzoneHddsDatanodeService@22bf2a0d
2019-07-13 07:40:49,840 INFO  impl.MetricsSystemImpl (MetricsSystemImpl.java:init(158)) - HddsDatanode metrics system started (again)
2019-07-13 07:40:49,840 INFO  ozone.HddsDatanodeService (HddsDatanodeService.java:start(185)) - HddsDatanodeService host:trunk-nightly-9lh4p-2362225927 ip:192.168.69.84
2019-07-13 07:40:49,844 INFO  util.JvmPauseMonitor (JvmPauseMonitor.java:run(188)) - Starting JVM pause monitor
2019-07-13 07:40:49,845 INFO  datanode.InitDatanodeState (InitDatanodeState.java:persistContainerDatanodeDetails(140)) - DatanodeDetails is persisted to /tmp/workdir/hadoop-ozone/integration-test/target/test-dir/MiniOzoneClusterImpl-a9291cd5-20eb-4d49-8028-80e536ff47c2/datanode-1/meta/datanode.id
2019-07-13 07:40:49,855 INFO  volume.HddsVolume (HddsVolume.java:<init>(176)) - Creating Volume: /tmp/workdir/hadoop-ozone/integration-test/target/test-dir/MiniOzoneClusterImpl-a9291cd5-20eb-4d49-8028-80e536ff47c2/datanode-2/data/containers/hdds of  storage type : DISK and capacity : 52710309888
2019-07-13 07:40:49,856 INFO  volume.VolumeSet (VolumeSet.java:initializeVolumeSet(170)) - Added Volume : /tmp/workdir/hadoop-ozone/integration-test/target/test-dir/MiniOzoneClusterImpl-a9291cd5-20eb-4d49-8028-80e536ff47c2/datanode-2/data/containers/hdds to VolumeSet
2019-07-13 07:40:49,856 INFO  volume.ThrottledAsyncChecker (ThrottledAsyncChecker.java:schedule(140)) - Scheduling a check for org.apache.hadoop.ozone.container.common.volume.HddsVolume@6f5690f3
2019-07-13 07:40:49,856 INFO  volume.HddsVolumeChecker (HddsVolumeChecker.java:checkAllVolumes(203)) - Scheduled health check for volume org.apache.hadoop.ozone.container.common.volume.HddsVolume@6f5690f3
2019-07-13 07:40:49,870 INFO  impl.RaftServerProxy (ConfUtils.java:logGet(43)) - raft.rpc.type = GRPC (default)
2019-07-13 07:40:49,870 INFO  grpc.GrpcFactory (GrpcFactory.java:checkPooledByteBufAllocatorUseCacheForAllThreads(45)) - PERFORMANCE WARNING: useCacheForAllThreads is true that may cause Netty to create a lot garbage objects and, as a result, trigger GC.
	It is recommended to disable useCacheForAllThreads by setting -Dorg.apache.ratis.thirdparty.io.netty.allocator.useCacheForAllThreads=false in command line.
2019-07-13 07:40:49,870 INFO  grpc.GrpcConfigKeys$Server (ConfUtils.java:logGet(43)) - raft.grpc.server.port = 0 (default)
2019-07-13 07:40:49,870 INFO  server.GrpcService (ConfUtils.java:logGet(43)) - raft.grpc.message.size.max = 33570816 (custom)
2019-07-13 07:40:49,871 INFO  server.RaftServerConfigKeys (ConfUtils.java:logGet(43)) - raft.server.log.appender.buffer.byte-limit = 33554432 (custom)
2019-07-13 07:40:49,871 INFO  server.GrpcService (ConfUtils.java:logGet(43)) - raft.grpc.flow.control.window = 1MB (=1048576) (default)
2019-07-13 07:40:49,871 INFO  server.RaftServerConfigKeys (ConfUtils.java:logGet(43)) - raft.server.rpc.request.timeout = 3000ms (default)
2019-07-13 07:40:49,871 INFO  server.RaftServerConfigKeys (ConfUtils.java:logGet(43)) - raft.server.storage.dir = [/tmp/workdir/hadoop-ozone/integration-test/target/test-dir/MiniOzoneClusterImpl-a9291cd5-20eb-4d49-8028-80e536ff47c2/datanode-2/data/ratis] (custom)
2019-07-13 07:40:49,872 INFO  replication.SimpleContainerDownloader (SimpleContainerDownloader.java:<init>(72)) - Starting container downloader service to copy containers to replicate.
2019-07-13 07:40:49,873 INFO  hdfs.DFSUtil (DFSUtil.java:httpServerTemplateForNNAndJN(1641)) - Starting Web-server for hddsDatanode at: http://0.0.0.0:0
2019-07-13 07:40:49,874 INFO  server.AuthenticationFilter (AuthenticationFilter.java:constructSecretProvider(240)) - Unable to initialize FileSignerSecretProvider, falling back to use random secrets.
2019-07-13 07:40:49,874 WARN  http.HttpRequestLog (HttpRequestLog.java:getRequestLog(97)) - Jetty request log can only be enabled using Log4j
2019-07-13 07:40:49,875 INFO  http.HttpServer2 (HttpServer2.java:addGlobalFilter(975)) - Added global filter 'safety' (class=org.apache.hadoop.http.HttpServer2$QuotingInputFilter)
2019-07-13 07:40:49,876 INFO  http.HttpServer2 (HttpServer2.java:addFilter(948)) - Added filter static_user_filter (class=org.apache.hadoop.http.lib.StaticUserWebFilter$StaticUserFilter) to context hddsDatanode
2019-07-13 07:40:49,876 INFO  http.HttpServer2 (HttpServer2.java:addFilter(958)) - Added filter static_user_filter (class=org.apache.hadoop.http.lib.StaticUserWebFilter$StaticUserFilter) to context static
2019-07-13 07:40:49,876 INFO  http.HttpServer2 (HttpServer2.java:addFilter(958)) - Added filter static_user_filter (class=org.apache.hadoop.http.lib.StaticUserWebFilter$StaticUserFilter) to context logs
2019-07-13 07:40:49,877 INFO  http.HttpServer2 (HttpServer2.java:bindListener(1191)) - Jetty bound to port 35491
2019-07-13 07:40:49,877 INFO  server.Server (Server.java:doStart(351)) - jetty-9.3.24.v20180605, build timestamp: 2018-06-05T17:11:56Z, git hash: 84205aa28f11a4f31f2a3b86d1bba2cc8ab69827
2019-07-13 07:40:49,878 INFO  handler.ContextHandler (ContextHandler.java:doStart(781)) - Started o.e.j.s.ServletContextHandler@c2cc406{/logs,file:///tmp/workdir/hadoop-ozone/integration-test/target/log,AVAILABLE}
2019-07-13 07:40:49,879 INFO  handler.ContextHandler (ContextHandler.java:doStart(781)) - Started o.e.j.s.ServletContextHandler@664c6bbc{/static,jar:file:/home/user/.m2/repository/org/apache/hadoop/hadoop-hdds-container-service/0.5.0-SNAPSHOT/hadoop-hdds-container-service-0.5.0-SNAPSHOT.jar!/webapps/static,AVAILABLE}
2019-07-13 07:40:49,905 INFO  handler.ContextHandler (ContextHandler.java:doStart(781)) - Started o.e.j.w.WebAppContext@5f27d271{/,file:///tmp/jetty-0.0.0.0-35491-hddsDatanode-_-any-5578113028407386978.dir/webapp/,AVAILABLE}{/hddsDatanode}
2019-07-13 07:40:49,905 INFO  server.AbstractConnector (AbstractConnector.java:doStart(278)) - Started ServerConnector@4039d109{HTTP/1.1,[http/1.1]}{0.0.0.0:35491}
2019-07-13 07:40:49,905 INFO  server.Server (Server.java:doStart(419)) - Started @673446ms
2019-07-13 07:40:49,907 INFO  server.BaseHttpServer (BaseHttpServer.java:updateConnectorAddress(207)) - HTTP server of HDDSDATANODE is listening at http://0.0.0.0:35491
2019-07-13 07:40:50,005 INFO  ozone.HddsDatanodeService (HddsDatanodeService.java:startPlugins(396)) - Started plug-in org.apache.hadoop.ozone.web.OzoneHddsDatanodeService@2f3ba597
2019-07-13 07:40:50,005 INFO  impl.MetricsSystemImpl (MetricsSystemImpl.java:init(158)) - HddsDatanode metrics system started (again)
2019-07-13 07:40:50,007 INFO  ozone.HddsDatanodeService (HddsDatanodeService.java:start(185)) - HddsDatanodeService host:trunk-nightly-9lh4p-2362225927 ip:192.168.69.84
2019-07-13 07:40:50,009 INFO  util.JvmPauseMonitor (JvmPauseMonitor.java:run(188)) - Starting JVM pause monitor
2019-07-13 07:40:50,010 INFO  datanode.InitDatanodeState (InitDatanodeState.java:persistContainerDatanodeDetails(140)) - DatanodeDetails is persisted to /tmp/workdir/hadoop-ozone/integration-test/target/test-dir/MiniOzoneClusterImpl-a9291cd5-20eb-4d49-8028-80e536ff47c2/datanode-2/meta/datanode.id
2019-07-13 07:40:50,019 INFO  volume.HddsVolume (HddsVolume.java:<init>(176)) - Creating Volume: /tmp/workdir/hadoop-ozone/integration-test/target/test-dir/MiniOzoneClusterImpl-a9291cd5-20eb-4d49-8028-80e536ff47c2/datanode-3/data/containers/hdds of  storage type : DISK and capacity : 52710309888
2019-07-13 07:40:50,020 INFO  volume.VolumeSet (VolumeSet.java:initializeVolumeSet(170)) - Added Volume : /tmp/workdir/hadoop-ozone/integration-test/target/test-dir/MiniOzoneClusterImpl-a9291cd5-20eb-4d49-8028-80e536ff47c2/datanode-3/data/containers/hdds to VolumeSet
2019-07-13 07:40:50,020 INFO  volume.ThrottledAsyncChecker (ThrottledAsyncChecker.java:schedule(140)) - Scheduling a check for org.apache.hadoop.ozone.container.common.volume.HddsVolume@4c94621d
2019-07-13 07:40:50,020 INFO  volume.HddsVolumeChecker (HddsVolumeChecker.java:checkAllVolumes(203)) - Scheduled health check for volume org.apache.hadoop.ozone.container.common.volume.HddsVolume@4c94621d
2019-07-13 07:40:50,033 INFO  impl.RaftServerProxy (ConfUtils.java:logGet(43)) - raft.rpc.type = GRPC (default)
2019-07-13 07:40:50,034 INFO  grpc.GrpcFactory (GrpcFactory.java:checkPooledByteBufAllocatorUseCacheForAllThreads(45)) - PERFORMANCE WARNING: useCacheForAllThreads is true that may cause Netty to create a lot garbage objects and, as a result, trigger GC.
	It is recommended to disable useCacheForAllThreads by setting -Dorg.apache.ratis.thirdparty.io.netty.allocator.useCacheForAllThreads=false in command line.
2019-07-13 07:40:50,034 INFO  grpc.GrpcConfigKeys$Server (ConfUtils.java:logGet(43)) - raft.grpc.server.port = 0 (default)
2019-07-13 07:40:50,034 INFO  server.GrpcService (ConfUtils.java:logGet(43)) - raft.grpc.message.size.max = 33570816 (custom)
2019-07-13 07:40:50,034 INFO  server.RaftServerConfigKeys (ConfUtils.java:logGet(43)) - raft.server.log.appender.buffer.byte-limit = 33554432 (custom)
2019-07-13 07:40:50,034 INFO  server.GrpcService (ConfUtils.java:logGet(43)) - raft.grpc.flow.control.window = 1MB (=1048576) (default)
2019-07-13 07:40:50,034 INFO  server.RaftServerConfigKeys (ConfUtils.java:logGet(43)) - raft.server.rpc.request.timeout = 3000ms (default)
2019-07-13 07:40:50,035 INFO  server.RaftServerConfigKeys (ConfUtils.java:logGet(43)) - raft.server.storage.dir = [/tmp/workdir/hadoop-ozone/integration-test/target/test-dir/MiniOzoneClusterImpl-a9291cd5-20eb-4d49-8028-80e536ff47c2/datanode-3/data/ratis] (custom)
2019-07-13 07:40:50,035 INFO  replication.SimpleContainerDownloader (SimpleContainerDownloader.java:<init>(72)) - Starting container downloader service to copy containers to replicate.
2019-07-13 07:40:50,036 INFO  hdfs.DFSUtil (DFSUtil.java:httpServerTemplateForNNAndJN(1641)) - Starting Web-server for hddsDatanode at: http://0.0.0.0:0
2019-07-13 07:40:50,037 INFO  server.AuthenticationFilter (AuthenticationFilter.java:constructSecretProvider(240)) - Unable to initialize FileSignerSecretProvider, falling back to use random secrets.
2019-07-13 07:40:50,038 WARN  http.HttpRequestLog (HttpRequestLog.java:getRequestLog(97)) - Jetty request log can only be enabled using Log4j
2019-07-13 07:40:50,039 INFO  http.HttpServer2 (HttpServer2.java:addGlobalFilter(975)) - Added global filter 'safety' (class=org.apache.hadoop.http.HttpServer2$QuotingInputFilter)
2019-07-13 07:40:50,039 INFO  http.HttpServer2 (HttpServer2.java:addFilter(948)) - Added filter static_user_filter (class=org.apache.hadoop.http.lib.StaticUserWebFilter$StaticUserFilter) to context hddsDatanode
2019-07-13 07:40:50,040 INFO  http.HttpServer2 (HttpServer2.java:addFilter(958)) - Added filter static_user_filter (class=org.apache.hadoop.http.lib.StaticUserWebFilter$StaticUserFilter) to context logs
2019-07-13 07:40:50,040 INFO  http.HttpServer2 (HttpServer2.java:addFilter(958)) - Added filter static_user_filter (class=org.apache.hadoop.http.lib.StaticUserWebFilter$StaticUserFilter) to context static
2019-07-13 07:40:50,040 INFO  http.HttpServer2 (HttpServer2.java:bindListener(1191)) - Jetty bound to port 35019
2019-07-13 07:40:50,040 INFO  server.Server (Server.java:doStart(351)) - jetty-9.3.24.v20180605, build timestamp: 2018-06-05T17:11:56Z, git hash: 84205aa28f11a4f31f2a3b86d1bba2cc8ab69827
2019-07-13 07:40:50,042 INFO  handler.ContextHandler (ContextHandler.java:doStart(781)) - Started o.e.j.s.ServletContextHandler@29e9d47b{/logs,file:///tmp/workdir/hadoop-ozone/integration-test/target/log,AVAILABLE}
2019-07-13 07:40:50,042 INFO  handler.ContextHandler (ContextHandler.java:doStart(781)) - Started o.e.j.s.ServletContextHandler@705606ac{/static,jar:file:/home/user/.m2/repository/org/apache/hadoop/hadoop-hdds-container-service/0.5.0-SNAPSHOT/hadoop-hdds-container-service-0.5.0-SNAPSHOT.jar!/webapps/static,AVAILABLE}
2019-07-13 07:40:50,071 INFO  handler.ContextHandler (ContextHandler.java:doStart(781)) - Started o.e.j.w.WebAppContext@12d49ede{/,file:///tmp/jetty-0.0.0.0-35019-hddsDatanode-_-any-2875905624128209852.dir/webapp/,AVAILABLE}{/hddsDatanode}
2019-07-13 07:40:50,071 INFO  server.AbstractConnector (AbstractConnector.java:doStart(278)) - Started ServerConnector@65cd37bb{HTTP/1.1,[http/1.1]}{0.0.0.0:35019}
2019-07-13 07:40:50,071 INFO  server.Server (Server.java:doStart(419)) - Started @673613ms
2019-07-13 07:40:50,073 INFO  server.BaseHttpServer (BaseHttpServer.java:updateConnectorAddress(207)) - HTTP server of HDDSDATANODE is listening at http://0.0.0.0:35019
2019-07-13 07:40:50,170 INFO  ozone.HddsDatanodeService (HddsDatanodeService.java:startPlugins(396)) - Started plug-in org.apache.hadoop.ozone.web.OzoneHddsDatanodeService@54fb9c08
2019-07-13 07:40:50,170 INFO  impl.MetricsSystemImpl (MetricsSystemImpl.java:init(158)) - HddsDatanode metrics system started (again)
2019-07-13 07:40:50,173 INFO  ozone.HddsDatanodeService (HddsDatanodeService.java:start(185)) - HddsDatanodeService host:trunk-nightly-9lh4p-2362225927 ip:192.168.69.84
2019-07-13 07:40:50,174 INFO  util.JvmPauseMonitor (JvmPauseMonitor.java:run(188)) - Starting JVM pause monitor
2019-07-13 07:40:50,176 INFO  datanode.InitDatanodeState (InitDatanodeState.java:persistContainerDatanodeDetails(140)) - DatanodeDetails is persisted to /tmp/workdir/hadoop-ozone/integration-test/target/test-dir/MiniOzoneClusterImpl-a9291cd5-20eb-4d49-8028-80e536ff47c2/datanode-3/meta/datanode.id
2019-07-13 07:40:50,187 INFO  volume.HddsVolume (HddsVolume.java:<init>(176)) - Creating Volume: /tmp/workdir/hadoop-ozone/integration-test/target/test-dir/MiniOzoneClusterImpl-a9291cd5-20eb-4d49-8028-80e536ff47c2/datanode-4/data/containers/hdds of  storage type : DISK and capacity : 52710309888
2019-07-13 07:40:50,187 INFO  volume.VolumeSet (VolumeSet.java:initializeVolumeSet(170)) - Added Volume : /tmp/workdir/hadoop-ozone/integration-test/target/test-dir/MiniOzoneClusterImpl-a9291cd5-20eb-4d49-8028-80e536ff47c2/datanode-4/data/containers/hdds to VolumeSet
2019-07-13 07:40:50,187 INFO  volume.ThrottledAsyncChecker (ThrottledAsyncChecker.java:schedule(140)) - Scheduling a check for org.apache.hadoop.ozone.container.common.volume.HddsVolume@380ea757
2019-07-13 07:40:50,187 INFO  volume.HddsVolumeChecker (HddsVolumeChecker.java:checkAllVolumes(203)) - Scheduled health check for volume org.apache.hadoop.ozone.container.common.volume.HddsVolume@380ea757
2019-07-13 07:40:50,201 INFO  impl.RaftServerProxy (ConfUtils.java:logGet(43)) - raft.rpc.type = GRPC (default)
2019-07-13 07:40:50,202 INFO  grpc.GrpcFactory (GrpcFactory.java:checkPooledByteBufAllocatorUseCacheForAllThreads(45)) - PERFORMANCE WARNING: useCacheForAllThreads is true that may cause Netty to create a lot garbage objects and, as a result, trigger GC.
	It is recommended to disable useCacheForAllThreads by setting -Dorg.apache.ratis.thirdparty.io.netty.allocator.useCacheForAllThreads=false in command line.
2019-07-13 07:40:50,202 INFO  grpc.GrpcConfigKeys$Server (ConfUtils.java:logGet(43)) - raft.grpc.server.port = 0 (default)
2019-07-13 07:40:50,202 INFO  server.GrpcService (ConfUtils.java:logGet(43)) - raft.grpc.message.size.max = 33570816 (custom)
2019-07-13 07:40:50,202 INFO  server.RaftServerConfigKeys (ConfUtils.java:logGet(43)) - raft.server.log.appender.buffer.byte-limit = 33554432 (custom)
2019-07-13 07:40:50,202 INFO  server.GrpcService (ConfUtils.java:logGet(43)) - raft.grpc.flow.control.window = 1MB (=1048576) (default)
2019-07-13 07:40:50,203 INFO  server.RaftServerConfigKeys (ConfUtils.java:logGet(43)) - raft.server.rpc.request.timeout = 3000ms (default)
2019-07-13 07:40:50,203 INFO  server.RaftServerConfigKeys (ConfUtils.java:logGet(43)) - raft.server.storage.dir = [/tmp/workdir/hadoop-ozone/integration-test/target/test-dir/MiniOzoneClusterImpl-a9291cd5-20eb-4d49-8028-80e536ff47c2/datanode-4/data/ratis] (custom)
2019-07-13 07:40:50,203 INFO  replication.SimpleContainerDownloader (SimpleContainerDownloader.java:<init>(72)) - Starting container downloader service to copy containers to replicate.
2019-07-13 07:40:50,204 INFO  hdfs.DFSUtil (DFSUtil.java:httpServerTemplateForNNAndJN(1641)) - Starting Web-server for hddsDatanode at: http://0.0.0.0:0
2019-07-13 07:40:50,206 INFO  server.AuthenticationFilter (AuthenticationFilter.java:constructSecretProvider(240)) - Unable to initialize FileSignerSecretProvider, falling back to use random secrets.
2019-07-13 07:40:50,206 WARN  http.HttpRequestLog (HttpRequestLog.java:getRequestLog(97)) - Jetty request log can only be enabled using Log4j
2019-07-13 07:40:50,207 INFO  http.HttpServer2 (HttpServer2.java:addGlobalFilter(975)) - Added global filter 'safety' (class=org.apache.hadoop.http.HttpServer2$QuotingInputFilter)
2019-07-13 07:40:50,207 INFO  http.HttpServer2 (HttpServer2.java:addFilter(948)) - Added filter static_user_filter (class=org.apache.hadoop.http.lib.StaticUserWebFilter$StaticUserFilter) to context hddsDatanode
2019-07-13 07:40:50,207 INFO  http.HttpServer2 (HttpServer2.java:addFilter(958)) - Added filter static_user_filter (class=org.apache.hadoop.http.lib.StaticUserWebFilter$StaticUserFilter) to context logs
2019-07-13 07:40:50,208 INFO  http.HttpServer2 (HttpServer2.java:addFilter(958)) - Added filter static_user_filter (class=org.apache.hadoop.http.lib.StaticUserWebFilter$StaticUserFilter) to context static
2019-07-13 07:40:50,208 INFO  http.HttpServer2 (HttpServer2.java:bindListener(1191)) - Jetty bound to port 33191
2019-07-13 07:40:50,208 INFO  server.Server (Server.java:doStart(351)) - jetty-9.3.24.v20180605, build timestamp: 2018-06-05T17:11:56Z, git hash: 84205aa28f11a4f31f2a3b86d1bba2cc8ab69827
2019-07-13 07:40:50,210 INFO  handler.ContextHandler (ContextHandler.java:doStart(781)) - Started o.e.j.s.ServletContextHandler@5039de18{/logs,file:///tmp/workdir/hadoop-ozone/integration-test/target/log,AVAILABLE}
2019-07-13 07:40:50,210 INFO  handler.ContextHandler (ContextHandler.java:doStart(781)) - Started o.e.j.s.ServletContextHandler@24e5a4e0{/static,jar:file:/home/user/.m2/repository/org/apache/hadoop/hadoop-hdds-container-service/0.5.0-SNAPSHOT/hadoop-hdds-container-service-0.5.0-SNAPSHOT.jar!/webapps/static,AVAILABLE}
2019-07-13 07:40:50,236 INFO  handler.ContextHandler (ContextHandler.java:doStart(781)) - Started o.e.j.w.WebAppContext@2295535f{/,file:///tmp/jetty-0.0.0.0-33191-hddsDatanode-_-any-7417679151974777735.dir/webapp/,AVAILABLE}{/hddsDatanode}
2019-07-13 07:40:50,236 INFO  server.AbstractConnector (AbstractConnector.java:doStart(278)) - Started ServerConnector@188f626a{HTTP/1.1,[http/1.1]}{0.0.0.0:33191}
2019-07-13 07:40:50,236 INFO  server.Server (Server.java:doStart(419)) - Started @673777ms
2019-07-13 07:40:50,238 INFO  server.BaseHttpServer (BaseHttpServer.java:updateConnectorAddress(207)) - HTTP server of HDDSDATANODE is listening at http://0.0.0.0:33191
2019-07-13 07:40:50,335 INFO  ozone.HddsDatanodeService (HddsDatanodeService.java:startPlugins(396)) - Started plug-in org.apache.hadoop.ozone.web.OzoneHddsDatanodeService@3943c449
2019-07-13 07:40:50,335 INFO  impl.MetricsSystemImpl (MetricsSystemImpl.java:init(158)) - HddsDatanode metrics system started (again)
2019-07-13 07:40:50,338 INFO  ozone.HddsDatanodeService (HddsDatanodeService.java:start(185)) - HddsDatanodeService host:trunk-nightly-9lh4p-2362225927 ip:192.168.69.84
2019-07-13 07:40:50,339 INFO  util.JvmPauseMonitor (JvmPauseMonitor.java:run(188)) - Starting JVM pause monitor
2019-07-13 07:40:50,340 INFO  datanode.InitDatanodeState (InitDatanodeState.java:persistContainerDatanodeDetails(140)) - DatanodeDetails is persisted to /tmp/workdir/hadoop-ozone/integration-test/target/test-dir/MiniOzoneClusterImpl-a9291cd5-20eb-4d49-8028-80e536ff47c2/datanode-4/meta/datanode.id
2019-07-13 07:40:50,351 INFO  volume.HddsVolume (HddsVolume.java:<init>(176)) - Creating Volume: /tmp/workdir/hadoop-ozone/integration-test/target/test-dir/MiniOzoneClusterImpl-a9291cd5-20eb-4d49-8028-80e536ff47c2/datanode-5/data/containers/hdds of  storage type : DISK and capacity : 52710309888
2019-07-13 07:40:50,352 INFO  volume.VolumeSet (VolumeSet.java:initializeVolumeSet(170)) - Added Volume : /tmp/workdir/hadoop-ozone/integration-test/target/test-dir/MiniOzoneClusterImpl-a9291cd5-20eb-4d49-8028-80e536ff47c2/datanode-5/data/containers/hdds to VolumeSet
2019-07-13 07:40:50,352 INFO  volume.ThrottledAsyncChecker (ThrottledAsyncChecker.java:schedule(140)) - Scheduling a check for org.apache.hadoop.ozone.container.common.volume.HddsVolume@4be7661
2019-07-13 07:40:50,352 INFO  volume.HddsVolumeChecker (HddsVolumeChecker.java:checkAllVolumes(203)) - Scheduled health check for volume org.apache.hadoop.ozone.container.common.volume.HddsVolume@4be7661
2019-07-13 07:40:50,367 INFO  impl.RaftServerProxy (ConfUtils.java:logGet(43)) - raft.rpc.type = GRPC (default)
2019-07-13 07:40:50,367 INFO  grpc.GrpcFactory (GrpcFactory.java:checkPooledByteBufAllocatorUseCacheForAllThreads(45)) - PERFORMANCE WARNING: useCacheForAllThreads is true that may cause Netty to create a lot garbage objects and, as a result, trigger GC.
	It is recommended to disable useCacheForAllThreads by setting -Dorg.apache.ratis.thirdparty.io.netty.allocator.useCacheForAllThreads=false in command line.
2019-07-13 07:40:50,367 INFO  grpc.GrpcConfigKeys$Server (ConfUtils.java:logGet(43)) - raft.grpc.server.port = 0 (default)
2019-07-13 07:40:50,367 INFO  server.GrpcService (ConfUtils.java:logGet(43)) - raft.grpc.message.size.max = 33570816 (custom)
2019-07-13 07:40:50,368 INFO  server.RaftServerConfigKeys (ConfUtils.java:logGet(43)) - raft.server.log.appender.buffer.byte-limit = 33554432 (custom)
2019-07-13 07:40:50,368 INFO  server.GrpcService (ConfUtils.java:logGet(43)) - raft.grpc.flow.control.window = 1MB (=1048576) (default)
2019-07-13 07:40:50,368 INFO  server.RaftServerConfigKeys (ConfUtils.java:logGet(43)) - raft.server.rpc.request.timeout = 3000ms (default)
2019-07-13 07:40:50,368 INFO  server.RaftServerConfigKeys (ConfUtils.java:logGet(43)) - raft.server.storage.dir = [/tmp/workdir/hadoop-ozone/integration-test/target/test-dir/MiniOzoneClusterImpl-a9291cd5-20eb-4d49-8028-80e536ff47c2/datanode-5/data/ratis] (custom)
2019-07-13 07:40:50,369 INFO  replication.SimpleContainerDownloader (SimpleContainerDownloader.java:<init>(72)) - Starting container downloader service to copy containers to replicate.
2019-07-13 07:40:50,370 INFO  hdfs.DFSUtil (DFSUtil.java:httpServerTemplateForNNAndJN(1641)) - Starting Web-server for hddsDatanode at: http://0.0.0.0:0
2019-07-13 07:40:50,371 INFO  server.AuthenticationFilter (AuthenticationFilter.java:constructSecretProvider(240)) - Unable to initialize FileSignerSecretProvider, falling back to use random secrets.
2019-07-13 07:40:50,371 WARN  http.HttpRequestLog (HttpRequestLog.java:getRequestLog(97)) - Jetty request log can only be enabled using Log4j
2019-07-13 07:40:50,372 INFO  http.HttpServer2 (HttpServer2.java:addGlobalFilter(975)) - Added global filter 'safety' (class=org.apache.hadoop.http.HttpServer2$QuotingInputFilter)
2019-07-13 07:40:50,373 INFO  http.HttpServer2 (HttpServer2.java:addFilter(948)) - Added filter static_user_filter (class=org.apache.hadoop.http.lib.StaticUserWebFilter$StaticUserFilter) to context hddsDatanode
2019-07-13 07:40:50,373 INFO  http.HttpServer2 (HttpServer2.java:addFilter(958)) - Added filter static_user_filter (class=org.apache.hadoop.http.lib.StaticUserWebFilter$StaticUserFilter) to context static
2019-07-13 07:40:50,373 INFO  http.HttpServer2 (HttpServer2.java:addFilter(958)) - Added filter static_user_filter (class=org.apache.hadoop.http.lib.StaticUserWebFilter$StaticUserFilter) to context logs
2019-07-13 07:40:50,374 INFO  http.HttpServer2 (HttpServer2.java:bindListener(1191)) - Jetty bound to port 42752
2019-07-13 07:40:50,374 INFO  server.Server (Server.java:doStart(351)) - jetty-9.3.24.v20180605, build timestamp: 2018-06-05T17:11:56Z, git hash: 84205aa28f11a4f31f2a3b86d1bba2cc8ab69827
2019-07-13 07:40:50,375 INFO  handler.ContextHandler (ContextHandler.java:doStart(781)) - Started o.e.j.s.ServletContextHandler@221ec884{/logs,file:///tmp/workdir/hadoop-ozone/integration-test/target/log,AVAILABLE}
2019-07-13 07:40:50,376 INFO  handler.ContextHandler (ContextHandler.java:doStart(781)) - Started o.e.j.s.ServletContextHandler@20bed60a{/static,jar:file:/home/user/.m2/repository/org/apache/hadoop/hadoop-hdds-container-service/0.5.0-SNAPSHOT/hadoop-hdds-container-service-0.5.0-SNAPSHOT.jar!/webapps/static,AVAILABLE}
2019-07-13 07:40:50,402 INFO  handler.ContextHandler (ContextHandler.java:doStart(781)) - Started o.e.j.w.WebAppContext@5b84007e{/,file:///tmp/jetty-0.0.0.0-42752-hddsDatanode-_-any-7481798700179389310.dir/webapp/,AVAILABLE}{/hddsDatanode}
2019-07-13 07:40:50,402 INFO  server.AbstractConnector (AbstractConnector.java:doStart(278)) - Started ServerConnector@5961fad1{HTTP/1.1,[http/1.1]}{0.0.0.0:42752}
2019-07-13 07:40:50,402 INFO  server.Server (Server.java:doStart(419)) - Started @673944ms
2019-07-13 07:40:50,404 INFO  server.BaseHttpServer (BaseHttpServer.java:updateConnectorAddress(207)) - HTTP server of HDDSDATANODE is listening at http://0.0.0.0:42752
2019-07-13 07:40:50,501 INFO  ozone.HddsDatanodeService (HddsDatanodeService.java:startPlugins(396)) - Started plug-in org.apache.hadoop.ozone.web.OzoneHddsDatanodeService@41019971
2019-07-13 07:40:50,502 INFO  impl.MetricsSystemImpl (MetricsSystemImpl.java:init(158)) - HddsDatanode metrics system started (again)
2019-07-13 07:40:50,503 INFO  ozone.HddsDatanodeService (HddsDatanodeService.java:start(185)) - HddsDatanodeService host:trunk-nightly-9lh4p-2362225927 ip:192.168.69.84
2019-07-13 07:40:50,506 INFO  util.JvmPauseMonitor (JvmPauseMonitor.java:run(188)) - Starting JVM pause monitor
2019-07-13 07:40:50,507 INFO  datanode.InitDatanodeState (InitDatanodeState.java:persistContainerDatanodeDetails(140)) - DatanodeDetails is persisted to /tmp/workdir/hadoop-ozone/integration-test/target/test-dir/MiniOzoneClusterImpl-a9291cd5-20eb-4d49-8028-80e536ff47c2/datanode-5/meta/datanode.id
2019-07-13 07:40:50,518 INFO  volume.HddsVolume (HddsVolume.java:<init>(176)) - Creating Volume: /tmp/workdir/hadoop-ozone/integration-test/target/test-dir/MiniOzoneClusterImpl-a9291cd5-20eb-4d49-8028-80e536ff47c2/datanode-6/data/containers/hdds of  storage type : DISK and capacity : 52710309888
2019-07-13 07:40:50,518 INFO  volume.VolumeSet (VolumeSet.java:initializeVolumeSet(170)) - Added Volume : /tmp/workdir/hadoop-ozone/integration-test/target/test-dir/MiniOzoneClusterImpl-a9291cd5-20eb-4d49-8028-80e536ff47c2/datanode-6/data/containers/hdds to VolumeSet
2019-07-13 07:40:50,519 INFO  volume.ThrottledAsyncChecker (ThrottledAsyncChecker.java:schedule(140)) - Scheduling a check for org.apache.hadoop.ozone.container.common.volume.HddsVolume@48b14e4a
2019-07-13 07:40:50,519 INFO  volume.HddsVolumeChecker (HddsVolumeChecker.java:checkAllVolumes(203)) - Scheduled health check for volume org.apache.hadoop.ozone.container.common.volume.HddsVolume@48b14e4a
2019-07-13 07:40:50,536 INFO  impl.RaftServerProxy (ConfUtils.java:logGet(43)) - raft.rpc.type = GRPC (default)
2019-07-13 07:40:50,537 INFO  grpc.GrpcFactory (GrpcFactory.java:checkPooledByteBufAllocatorUseCacheForAllThreads(45)) - PERFORMANCE WARNING: useCacheForAllThreads is true that may cause Netty to create a lot garbage objects and, as a result, trigger GC.
	It is recommended to disable useCacheForAllThreads by setting -Dorg.apache.ratis.thirdparty.io.netty.allocator.useCacheForAllThreads=false in command line.
2019-07-13 07:40:50,537 INFO  grpc.GrpcConfigKeys$Server (ConfUtils.java:logGet(43)) - raft.grpc.server.port = 0 (default)
2019-07-13 07:40:50,537 INFO  server.GrpcService (ConfUtils.java:logGet(43)) - raft.grpc.message.size.max = 33570816 (custom)
2019-07-13 07:40:50,537 INFO  server.RaftServerConfigKeys (ConfUtils.java:logGet(43)) - raft.server.log.appender.buffer.byte-limit = 33554432 (custom)
2019-07-13 07:40:50,537 INFO  server.GrpcService (ConfUtils.java:logGet(43)) - raft.grpc.flow.control.window = 1MB (=1048576) (default)
2019-07-13 07:40:50,537 INFO  server.RaftServerConfigKeys (ConfUtils.java:logGet(43)) - raft.server.rpc.request.timeout = 3000ms (default)
2019-07-13 07:40:50,538 INFO  server.RaftServerConfigKeys (ConfUtils.java:logGet(43)) - raft.server.storage.dir = [/tmp/workdir/hadoop-ozone/integration-test/target/test-dir/MiniOzoneClusterImpl-a9291cd5-20eb-4d49-8028-80e536ff47c2/datanode-6/data/ratis] (custom)
2019-07-13 07:40:50,538 INFO  replication.SimpleContainerDownloader (SimpleContainerDownloader.java:<init>(72)) - Starting container downloader service to copy containers to replicate.
2019-07-13 07:40:50,539 INFO  hdfs.DFSUtil (DFSUtil.java:httpServerTemplateForNNAndJN(1641)) - Starting Web-server for hddsDatanode at: http://0.0.0.0:0
2019-07-13 07:40:50,540 INFO  server.AuthenticationFilter (AuthenticationFilter.java:constructSecretProvider(240)) - Unable to initialize FileSignerSecretProvider, falling back to use random secrets.
2019-07-13 07:40:50,541 WARN  http.HttpRequestLog (HttpRequestLog.java:getRequestLog(97)) - Jetty request log can only be enabled using Log4j
2019-07-13 07:40:50,542 INFO  http.HttpServer2 (HttpServer2.java:addGlobalFilter(975)) - Added global filter 'safety' (class=org.apache.hadoop.http.HttpServer2$QuotingInputFilter)
2019-07-13 07:40:50,542 INFO  http.HttpServer2 (HttpServer2.java:addFilter(948)) - Added filter static_user_filter (class=org.apache.hadoop.http.lib.StaticUserWebFilter$StaticUserFilter) to context hddsDatanode
2019-07-13 07:40:50,542 INFO  http.HttpServer2 (HttpServer2.java:addFilter(958)) - Added filter static_user_filter (class=org.apache.hadoop.http.lib.StaticUserWebFilter$StaticUserFilter) to context static
2019-07-13 07:40:50,542 INFO  http.HttpServer2 (HttpServer2.java:addFilter(958)) - Added filter static_user_filter (class=org.apache.hadoop.http.lib.StaticUserWebFilter$StaticUserFilter) to context logs
2019-07-13 07:40:50,543 INFO  http.HttpServer2 (HttpServer2.java:bindListener(1191)) - Jetty bound to port 37688
2019-07-13 07:40:50,543 INFO  server.Server (Server.java:doStart(351)) - jetty-9.3.24.v20180605, build timestamp: 2018-06-05T17:11:56Z, git hash: 84205aa28f11a4f31f2a3b86d1bba2cc8ab69827
2019-07-13 07:40:50,544 INFO  handler.ContextHandler (ContextHandler.java:doStart(781)) - Started o.e.j.s.ServletContextHandler@113886b1{/logs,file:///tmp/workdir/hadoop-ozone/integration-test/target/log,AVAILABLE}
2019-07-13 07:40:50,545 INFO  handler.ContextHandler (ContextHandler.java:doStart(781)) - Started o.e.j.s.ServletContextHandler@67387eba{/static,jar:file:/home/user/.m2/repository/org/apache/hadoop/hadoop-hdds-container-service/0.5.0-SNAPSHOT/hadoop-hdds-container-service-0.5.0-SNAPSHOT.jar!/webapps/static,AVAILABLE}
2019-07-13 07:40:50,570 INFO  handler.ContextHandler (ContextHandler.java:doStart(781)) - Started o.e.j.w.WebAppContext@13b6f82d{/,file:///tmp/jetty-0.0.0.0-37688-hddsDatanode-_-any-2333389156901722554.dir/webapp/,AVAILABLE}{/hddsDatanode}
2019-07-13 07:40:50,571 INFO  server.AbstractConnector (AbstractConnector.java:doStart(278)) - Started ServerConnector@2f062dbc{HTTP/1.1,[http/1.1]}{0.0.0.0:37688}
2019-07-13 07:40:50,571 INFO  server.Server (Server.java:doStart(419)) - Started @674112ms
2019-07-13 07:40:50,573 INFO  server.BaseHttpServer (BaseHttpServer.java:updateConnectorAddress(207)) - HTTP server of HDDSDATANODE is listening at http://0.0.0.0:37688
2019-07-13 07:40:50,851 INFO  ozone.HddsDatanodeService (HddsDatanodeService.java:startPlugins(396)) - Started plug-in org.apache.hadoop.ozone.web.OzoneHddsDatanodeService@63fa7643
2019-07-13 07:40:50,851 INFO  ozone.MiniOzoneClusterImpl (MiniOzoneClusterImpl.java:lambda$waitForClusterToBeReady$0(142)) - Waiting for cluster to be ready. Got 0 of 7 DN Heartbeats.
2019-07-13 07:40:50,855 INFO  util.JvmPauseMonitor (JvmPauseMonitor.java:run(188)) - Starting JVM pause monitor
2019-07-13 07:40:50,857 INFO  datanode.InitDatanodeState (InitDatanodeState.java:persistContainerDatanodeDetails(140)) - DatanodeDetails is persisted to /tmp/workdir/hadoop-ozone/integration-test/target/test-dir/MiniOzoneClusterImpl-a9291cd5-20eb-4d49-8028-80e536ff47c2/datanode-6/meta/datanode.id
2019-07-13 07:40:51,702 INFO  ozoneimpl.OzoneContainer (OzoneContainer.java:start(186)) - Attempting to start container services.
2019-07-13 07:40:51,705 INFO  ozoneimpl.OzoneContainer (OzoneContainer.java:startContainerScrub(160)) - Background container scrubber has been disabled by hdds.containerscrub.enabled
2019-07-13 07:40:51,705 INFO  ratis.XceiverServerRatis (XceiverServerRatis.java:start(418)) - Starting XceiverServerRatis cf574be2-0862-442f-9bdc-d7a358afdd89 at port 0
2019-07-13 07:40:51,713 INFO  impl.RaftServerProxy (RaftServerProxy.java:lambda$start$3(299)) - cf574be2-0862-442f-9bdc-d7a358afdd89: start RPC server
2019-07-13 07:40:51,714 INFO  server.GrpcService (GrpcService.java:startImpl(149)) - cf574be2-0862-442f-9bdc-d7a358afdd89: GrpcService started, listening on 0.0.0.0/0.0.0.0:36132
2019-07-13 07:40:51,714 INFO  ratis.XceiverServerRatis (XceiverServerRatis.java:start(428)) - XceiverServerRatis cf574be2-0862-442f-9bdc-d7a358afdd89 is started using port 36132
2019-07-13 07:40:51,721 INFO  server.XceiverServerGrpc (XceiverServerGrpc.java:start(161)) - XceiverServerGrpc cf574be2-0862-442f-9bdc-d7a358afdd89 is started using port 38542
2019-07-13 07:40:51,854 INFO  ozone.MiniOzoneClusterImpl (MiniOzoneClusterImpl.java:lambda$waitForClusterToBeReady$0(142)) - Waiting for cluster to be ready. Got 0 of 7 DN Heartbeats.
2019-07-13 07:40:51,857 INFO  ozoneimpl.OzoneContainer (OzoneContainer.java:start(186)) - Attempting to start container services.
2019-07-13 07:40:51,860 INFO  ozoneimpl.OzoneContainer (OzoneContainer.java:startContainerScrub(160)) - Background container scrubber has been disabled by hdds.containerscrub.enabled
2019-07-13 07:40:51,860 INFO  ratis.XceiverServerRatis (XceiverServerRatis.java:start(418)) - Starting XceiverServerRatis ffea1c0c-54d4-489a-91f1-ab213ff31fbd at port 0
2019-07-13 07:40:51,868 INFO  impl.RaftServerProxy (RaftServerProxy.java:lambda$start$3(299)) - ffea1c0c-54d4-489a-91f1-ab213ff31fbd: start RPC server
2019-07-13 07:40:51,869 INFO  server.GrpcService (GrpcService.java:startImpl(149)) - ffea1c0c-54d4-489a-91f1-ab213ff31fbd: GrpcService started, listening on 0.0.0.0/0.0.0.0:41002
2019-07-13 07:40:51,869 INFO  ratis.XceiverServerRatis (XceiverServerRatis.java:start(428)) - XceiverServerRatis ffea1c0c-54d4-489a-91f1-ab213ff31fbd is started using port 41002
2019-07-13 07:40:51,870 INFO  server.XceiverServerGrpc (XceiverServerGrpc.java:start(161)) - XceiverServerGrpc ffea1c0c-54d4-489a-91f1-ab213ff31fbd is started using port 41760
2019-07-13 07:40:52,033 INFO  ozoneimpl.OzoneContainer (OzoneContainer.java:start(186)) - Attempting to start container services.
2019-07-13 07:40:52,039 INFO  ozoneimpl.OzoneContainer (OzoneContainer.java:startContainerScrub(160)) - Background container scrubber has been disabled by hdds.containerscrub.enabled
2019-07-13 07:40:52,039 INFO  ratis.XceiverServerRatis (XceiverServerRatis.java:start(418)) - Starting XceiverServerRatis fed9b9f5-d86c-4039-a8d2-a5af12463bc9 at port 0
2019-07-13 07:40:52,047 INFO  impl.RaftServerProxy (RaftServerProxy.java:lambda$start$3(299)) - fed9b9f5-d86c-4039-a8d2-a5af12463bc9: start RPC server
2019-07-13 07:40:52,048 INFO  server.GrpcService (GrpcService.java:startImpl(149)) - fed9b9f5-d86c-4039-a8d2-a5af12463bc9: GrpcService started, listening on 0.0.0.0/0.0.0.0:32985
2019-07-13 07:40:52,048 INFO  ratis.XceiverServerRatis (XceiverServerRatis.java:start(428)) - XceiverServerRatis fed9b9f5-d86c-4039-a8d2-a5af12463bc9 is started using port 32985
2019-07-13 07:40:52,049 INFO  server.XceiverServerGrpc (XceiverServerGrpc.java:start(161)) - XceiverServerGrpc fed9b9f5-d86c-4039-a8d2-a5af12463bc9 is started using port 44559
2019-07-13 07:40:52,188 INFO  ozoneimpl.OzoneContainer (OzoneContainer.java:start(186)) - Attempting to start container services.
2019-07-13 07:40:52,188 INFO  ozoneimpl.OzoneContainer (OzoneContainer.java:startContainerScrub(160)) - Background container scrubber has been disabled by hdds.containerscrub.enabled
2019-07-13 07:40:52,189 INFO  ratis.XceiverServerRatis (XceiverServerRatis.java:start(418)) - Starting XceiverServerRatis 663ce06c-2b00-49a0-b86a-9b132b56b1c5 at port 0
2019-07-13 07:40:52,196 INFO  impl.RaftServerProxy (RaftServerProxy.java:lambda$start$3(299)) - 663ce06c-2b00-49a0-b86a-9b132b56b1c5: start RPC server
2019-07-13 07:40:52,199 INFO  server.GrpcService (GrpcService.java:startImpl(149)) - 663ce06c-2b00-49a0-b86a-9b132b56b1c5: GrpcService started, listening on 0.0.0.0/0.0.0.0:46023
2019-07-13 07:40:52,199 INFO  ratis.XceiverServerRatis (XceiverServerRatis.java:start(428)) - XceiverServerRatis 663ce06c-2b00-49a0-b86a-9b132b56b1c5 is started using port 46023
2019-07-13 07:40:52,200 INFO  server.XceiverServerGrpc (XceiverServerGrpc.java:start(161)) - XceiverServerGrpc 663ce06c-2b00-49a0-b86a-9b132b56b1c5 is started using port 34185
2019-07-13 07:40:52,353 INFO  ozoneimpl.OzoneContainer (OzoneContainer.java:start(186)) - Attempting to start container services.
2019-07-13 07:40:52,353 INFO  ozoneimpl.OzoneContainer (OzoneContainer.java:startContainerScrub(160)) - Background container scrubber has been disabled by hdds.containerscrub.enabled
2019-07-13 07:40:52,353 INFO  ratis.XceiverServerRatis (XceiverServerRatis.java:start(418)) - Starting XceiverServerRatis e95deabc-ba49-4e50-b9d3-1085dd1bb7a8 at port 0
2019-07-13 07:40:52,361 INFO  impl.RaftServerProxy (RaftServerProxy.java:lambda$start$3(299)) - e95deabc-ba49-4e50-b9d3-1085dd1bb7a8: start RPC server
2019-07-13 07:40:52,361 INFO  server.GrpcService (GrpcService.java:startImpl(149)) - e95deabc-ba49-4e50-b9d3-1085dd1bb7a8: GrpcService started, listening on 0.0.0.0/0.0.0.0:44735
2019-07-13 07:40:52,361 INFO  ratis.XceiverServerRatis (XceiverServerRatis.java:start(428)) - XceiverServerRatis e95deabc-ba49-4e50-b9d3-1085dd1bb7a8 is started using port 44735
2019-07-13 07:40:52,362 INFO  server.XceiverServerGrpc (XceiverServerGrpc.java:start(161)) - XceiverServerGrpc e95deabc-ba49-4e50-b9d3-1085dd1bb7a8 is started using port 35148
2019-07-13 07:40:52,530 INFO  ozoneimpl.OzoneContainer (OzoneContainer.java:start(186)) - Attempting to start container services.
2019-07-13 07:40:52,530 INFO  ozoneimpl.OzoneContainer (OzoneContainer.java:startContainerScrub(160)) - Background container scrubber has been disabled by hdds.containerscrub.enabled
2019-07-13 07:40:52,530 INFO  ratis.XceiverServerRatis (XceiverServerRatis.java:start(418)) - Starting XceiverServerRatis bf9b69e6-af40-4f2b-90c0-0d8e6346e31e at port 0
2019-07-13 07:40:52,538 INFO  impl.RaftServerProxy (RaftServerProxy.java:lambda$start$3(299)) - bf9b69e6-af40-4f2b-90c0-0d8e6346e31e: start RPC server
2019-07-13 07:40:52,538 INFO  server.GrpcService (GrpcService.java:startImpl(149)) - bf9b69e6-af40-4f2b-90c0-0d8e6346e31e: GrpcService started, listening on 0.0.0.0/0.0.0.0:41973
2019-07-13 07:40:52,539 INFO  ratis.XceiverServerRatis (XceiverServerRatis.java:start(428)) - XceiverServerRatis bf9b69e6-af40-4f2b-90c0-0d8e6346e31e is started using port 41973
2019-07-13 07:40:52,542 INFO  server.XceiverServerGrpc (XceiverServerGrpc.java:start(161)) - XceiverServerGrpc bf9b69e6-af40-4f2b-90c0-0d8e6346e31e is started using port 42481
2019-07-13 07:40:52,855 INFO  ozone.MiniOzoneClusterImpl (MiniOzoneClusterImpl.java:lambda$waitForClusterToBeReady$0(142)) - Waiting for cluster to be ready. Got 0 of 7 DN Heartbeats.
2019-07-13 07:40:52,881 INFO  ozoneimpl.OzoneContainer (OzoneContainer.java:start(186)) - Attempting to start container services.
2019-07-13 07:40:52,881 INFO  ozoneimpl.OzoneContainer (OzoneContainer.java:startContainerScrub(160)) - Background container scrubber has been disabled by hdds.containerscrub.enabled
2019-07-13 07:40:52,882 INFO  ratis.XceiverServerRatis (XceiverServerRatis.java:start(418)) - Starting XceiverServerRatis cd242b14-a3f7-42ff-8ebe-37f042826afa at port 0
2019-07-13 07:40:52,889 INFO  impl.RaftServerProxy (RaftServerProxy.java:lambda$start$3(299)) - cd242b14-a3f7-42ff-8ebe-37f042826afa: start RPC server
2019-07-13 07:40:52,892 INFO  server.GrpcService (GrpcService.java:startImpl(149)) - cd242b14-a3f7-42ff-8ebe-37f042826afa: GrpcService started, listening on 0.0.0.0/0.0.0.0:43774
2019-07-13 07:40:52,893 INFO  ratis.XceiverServerRatis (XceiverServerRatis.java:start(428)) - XceiverServerRatis cd242b14-a3f7-42ff-8ebe-37f042826afa is started using port 43774
2019-07-13 07:40:52,893 INFO  server.XceiverServerGrpc (XceiverServerGrpc.java:start(161)) - XceiverServerGrpc cd242b14-a3f7-42ff-8ebe-37f042826afa is started using port 36697
2019-07-13 07:40:53,685 INFO  net.NetworkTopology (NetworkTopologyImpl.java:add(110)) - Added a new node: /default-rack/192.168.69.84
2019-07-13 07:40:53,688 INFO  node.SCMNodeManager (SCMNodeManager.java:register(269)) - Registered Data node : cf574be2-0862-442f-9bdc-d7a358afdd89{ip: 192.168.69.84, host: trunk-nightly-9lh4p-2362225927, networkLocation: /default-rack, certSerialId: null}
2019-07-13 07:40:53,688 INFO  safemode.SCMSafeModeManager (DataNodeSafeModeRule.java:process(71)) - SCM in safe mode. 1 DataNodes registered, 1 required.
2019-07-13 07:40:53,691 INFO  safemode.SCMSafeModeManager (SCMSafeModeManager.java:validateSafeModeExitRules(177)) - ScmSafeModeManager, all rules are successfully validated
2019-07-13 07:40:53,692 INFO  safemode.SCMSafeModeManager (SCMSafeModeManager.java:exitSafeMode(193)) - SCM exiting safe mode.
2019-07-13 07:40:53,713 INFO  impl.RaftServerProxy (RaftServerProxy.java:addNew(89)) - cf574be2-0862-442f-9bdc-d7a358afdd89: addNew group-0C24527E4F73:[cf574be2-0862-442f-9bdc-d7a358afdd89:192.168.69.84:36132] returns group-0C24527E4F73:java.util.concurrent.CompletableFuture@73328083[Not completed]
2019-07-13 07:40:53,714 INFO  impl.RaftServerImpl (RaftServerImpl.java:<init>(93)) - cf574be2-0862-442f-9bdc-d7a358afdd89: new RaftServerImpl for group-0C24527E4F73:[cf574be2-0862-442f-9bdc-d7a358afdd89:192.168.69.84:36132] with ContainerStateMachine:uninitialized
2019-07-13 07:40:53,714 INFO  server.RaftServerConfigKeys (ConfUtils.java:logGet(43)) - raft.server.rpc.timeout.min = 5s (custom)
2019-07-13 07:40:53,715 INFO  server.RaftServerConfigKeys (ConfUtils.java:logGet(43)) - raft.server.rpc.timeout.max = 5200ms (custom)
2019-07-13 07:40:53,715 INFO  server.RaftServerConfigKeys (ConfUtils.java:logGet(43)) - raft.server.rpcslowness.timeout = 120s (custom)
2019-07-13 07:40:53,715 INFO  server.RaftServerConfigKeys (ConfUtils.java:logGet(43)) - raft.server.sleep.deviation.threshold = 300 (default)
2019-07-13 07:40:53,715 INFO  server.RaftServerConfigKeys (ConfUtils.java:logGet(43)) - raft.server.log.appender.install.snapshot.enabled = false (custom)
2019-07-13 07:40:53,715 INFO  impl.RaftServerImpl (ServerState.java:<init>(105)) - cf574be2-0862-442f-9bdc-d7a358afdd89:group-0C24527E4F73 ConfigurationManager, init=-1: [cf574be2-0862-442f-9bdc-d7a358afdd89:192.168.69.84:36132], old=null, confs=<EMPTY_MAP>
2019-07-13 07:40:53,715 INFO  server.RaftServerConfigKeys (ConfUtils.java:logGet(43)) - raft.server.storage.dir = [/tmp/workdir/hadoop-ozone/integration-test/target/test-dir/MiniOzoneClusterImpl-a9291cd5-20eb-4d49-8028-80e536ff47c2/datanode-0/data/ratis] (custom)
2019-07-13 07:40:53,716 INFO  storage.RaftStorageDirectory (RaftStorageDirectory.java:analyzeStorage(246)) - The storage directory /tmp/workdir/hadoop-ozone/integration-test/target/test-dir/MiniOzoneClusterImpl-a9291cd5-20eb-4d49-8028-80e536ff47c2/datanode-0/data/ratis/7cd050a5-ec01-43f3-9fef-0c24527e4f73 does not exist. Creating ...
2019-07-13 07:40:53,742 INFO  storage.RaftStorageDirectory (RaftStorageDirectory.java:tryLock(328)) - Lock on /tmp/workdir/hadoop-ozone/integration-test/target/test-dir/MiniOzoneClusterImpl-a9291cd5-20eb-4d49-8028-80e536ff47c2/datanode-0/data/ratis/7cd050a5-ec01-43f3-9fef-0c24527e4f73/in_use.lock acquired by nodename 29913@trunk-nightly-9lh4p-2362225927
2019-07-13 07:40:53,767 INFO  storage.RaftStorage (RaftStorage.java:format(72)) - Storage directory /tmp/workdir/hadoop-ozone/integration-test/target/test-dir/MiniOzoneClusterImpl-a9291cd5-20eb-4d49-8028-80e536ff47c2/datanode-0/data/ratis/7cd050a5-ec01-43f3-9fef-0c24527e4f73 has been successfully formatted.
2019-07-13 07:40:53,767 INFO  ratis.ContainerStateMachine (ContainerStateMachine.java:loadSnapshot(200)) - The snapshot info is null.Setting the last applied index to:(t:0, i:~)
2019-07-13 07:40:53,768 INFO  server.RaftServerConfigKeys (ConfUtils.java:logGet(43)) - raft.server.leader.election.timeout = 120s (custom)
2019-07-13 07:40:53,768 INFO  server.RaftServerConfigKeys (ConfUtils.java:logGet(43)) - raft.server.log.use.memory = false (default)
2019-07-13 07:40:53,768 INFO  server.RaftServerConfigKeys (ConfUtils.java:logGet(43)) - raft.server.log.purge.gap = 1000000000 (custom)
2019-07-13 07:40:53,768 INFO  server.RaftServerConfigKeys (ConfUtils.java:logGet(43)) - raft.server.log.appender.buffer.byte-limit = 33554432 (custom)
2019-07-13 07:40:53,768 INFO  server.RaftServerConfigKeys (ConfUtils.java:logGet(43)) - raft.server.log.segment.size.max = 1048576 (custom)
2019-07-13 07:40:53,769 INFO  server.RaftServerConfigKeys (ConfUtils.java:logGet(43)) - raft.server.log.segment.cache.num.max = 2 (custom)
2019-07-13 07:40:53,769 INFO  segmented.SegmentedRaftLogWorker (SegmentedRaftLogWorker.java:<init>(172)) - new cf574be2-0862-442f-9bdc-d7a358afdd89-SegmentedRaftLogWorker:Storage Directory /tmp/workdir/hadoop-ozone/integration-test/target/test-dir/MiniOzoneClusterImpl-a9291cd5-20eb-4d49-8028-80e536ff47c2/datanode-0/data/ratis/7cd050a5-ec01-43f3-9fef-0c24527e4f73 for RaftStorage:Storage Directory /tmp/workdir/hadoop-ozone/integration-test/target/test-dir/MiniOzoneClusterImpl-a9291cd5-20eb-4d49-8028-80e536ff47c2/datanode-0/data/ratis/7cd050a5-ec01-43f3-9fef-0c24527e4f73
2019-07-13 07:40:53,769 INFO  server.RaftServerConfigKeys (ConfUtils.java:logGet(43)) - raft.server.log.queue.byte-limit = 2147483647 (custom)
2019-07-13 07:40:53,769 INFO  server.RaftServerConfigKeys (ConfUtils.java:logGet(43)) - raft.server.log.queue.element-limit = 1024 (custom)
2019-07-13 07:40:53,769 INFO  server.RaftServerConfigKeys (ConfUtils.java:logGet(43)) - raft.server.log.segment.size.max = 1048576 (custom)
2019-07-13 07:40:53,770 INFO  server.RaftServerConfigKeys (ConfUtils.java:logGet(43)) - raft.server.log.preallocated.size = 16384 (custom)
2019-07-13 07:40:53,770 INFO  server.RaftServerConfigKeys (ConfUtils.java:logGet(43)) - raft.server.log.write.buffer.size = 33554432 (custom)
2019-07-13 07:40:53,770 INFO  server.RaftServerConfigKeys (ConfUtils.java:logGet(43)) - raft.server.log.force.sync.num = 128 (default)
2019-07-13 07:40:53,770 INFO  server.RaftServerConfigKeys (ConfUtils.java:logGet(43)) - raft.server.log.statemachine.data.sync = true (default)
2019-07-13 07:40:53,770 INFO  server.RaftServerConfigKeys (ConfUtils.java:logGet(43)) - raft.server.log.statemachine.data.sync.timeout = 10s (default)
2019-07-13 07:40:53,770 INFO  server.RaftServerConfigKeys (ConfUtils.java:logGet(43)) - raft.server.log.statemachine.data.sync.timeout.retry = -1 (default)
2019-07-13 07:40:53,771 INFO  server.RaftServerConfigKeys (ConfUtils.java:logGet(43)) - raft.server.log.statemachine.data.caching.enabled = true (custom)
2019-07-13 07:40:53,771 INFO  segmented.SegmentedRaftLogWorker (SegmentedRaftLogWorker.java:lambda$new$0(132)) - cf574be2-0862-442f-9bdc-d7a358afdd89-SegmentedRaftLogWorker:Storage Directory /tmp/workdir/hadoop-ozone/integration-test/target/test-dir/MiniOzoneClusterImpl-a9291cd5-20eb-4d49-8028-80e536ff47c2/datanode-0/data/ratis/7cd050a5-ec01-43f3-9fef-0c24527e4f73: flushIndex: setUnconditionally 0 -> -1
2019-07-13 07:40:53,771 INFO  server.RaftServerConfigKeys (ConfUtils.java:logGet(43)) - raft.server.snapshot.auto.trigger.enabled = true (custom)
2019-07-13 07:40:53,772 INFO  server.RaftServerConfigKeys (ConfUtils.java:logGet(43)) - raft.server.snapshot.auto.trigger.threshold = 10000 (custom)
2019-07-13 07:40:53,772 INFO  server.RaftServerConfigKeys (ConfUtils.java:logGet(43)) - raft.server.retrycache.expirytime = 600000ms (custom)
2019-07-13 07:40:53,772 INFO  impl.RaftServerImpl (RaftServerImpl.java:start(180)) - cf574be2-0862-442f-9bdc-d7a358afdd89: start group-0C24527E4F73
2019-07-13 07:40:53,772 INFO  impl.RaftServerImpl (RaftServerImpl.java:setRole(171)) - cf574be2-0862-442f-9bdc-d7a358afdd89:group-0C24527E4F73 changes role from null to FOLLOWER at term 0 for startAsFollower
2019-07-13 07:40:53,772 INFO  impl.RoleInfo (RoleInfo.java:updateAndGet(143)) - cf574be2-0862-442f-9bdc-d7a358afdd89: start FollowerState
2019-07-13 07:40:53,773 INFO  util.JmxRegister (JmxRegister.java:tryRegister(44)) - Successfully registered JMX Bean with object name Ratis:service=RaftServer,group=group-0C24527E4F73,id=cf574be2-0862-442f-9bdc-d7a358afdd89
2019-07-13 07:40:53,776 INFO  pipeline.PipelineStateManager (PipelineStateManager.java:addPipeline(56)) - Created pipeline Pipeline[ Id: 7cd050a5-ec01-43f3-9fef-0c24527e4f73, Nodes: cf574be2-0862-442f-9bdc-d7a358afdd89{ip: 192.168.69.84, host: trunk-nightly-9lh4p-2362225927, networkLocation: /default-rack, certSerialId: null}, Type:RATIS, Factor:ONE, State:OPEN]
2019-07-13 07:40:53,845 INFO  node.SCMNodeManager (SCMNodeManager.java:register(269)) - Registered Data node : ffea1c0c-54d4-489a-91f1-ab213ff31fbd{ip: 192.168.69.84, host: trunk-nightly-9lh4p-2362225927, networkLocation: /default-rack, certSerialId: null}
2019-07-13 07:40:53,852 INFO  impl.RaftServerProxy (RaftServerProxy.java:addNew(89)) - ffea1c0c-54d4-489a-91f1-ab213ff31fbd: addNew group-E5F18353485C:[ffea1c0c-54d4-489a-91f1-ab213ff31fbd:192.168.69.84:41002] returns group-E5F18353485C:java.util.concurrent.CompletableFuture@150f5931[Not completed]
2019-07-13 07:40:53,853 INFO  impl.RaftServerImpl (RaftServerImpl.java:<init>(93)) - ffea1c0c-54d4-489a-91f1-ab213ff31fbd: new RaftServerImpl for group-E5F18353485C:[ffea1c0c-54d4-489a-91f1-ab213ff31fbd:192.168.69.84:41002] with ContainerStateMachine:uninitialized
2019-07-13 07:40:53,853 INFO  server.RaftServerConfigKeys (ConfUtils.java:logGet(43)) - raft.server.rpc.timeout.min = 5s (custom)
2019-07-13 07:40:53,853 INFO  server.RaftServerConfigKeys (ConfUtils.java:logGet(43)) - raft.server.rpc.timeout.max = 5200ms (custom)
2019-07-13 07:40:53,853 INFO  server.RaftServerConfigKeys (ConfUtils.java:logGet(43)) - raft.server.rpcslowness.timeout = 120s (custom)
2019-07-13 07:40:53,854 INFO  server.RaftServerConfigKeys (ConfUtils.java:logGet(43)) - raft.server.sleep.deviation.threshold = 300 (default)
2019-07-13 07:40:53,854 INFO  server.RaftServerConfigKeys (ConfUtils.java:logGet(43)) - raft.server.log.appender.install.snapshot.enabled = false (custom)
2019-07-13 07:40:53,854 INFO  impl.RaftServerImpl (ServerState.java:<init>(105)) - ffea1c0c-54d4-489a-91f1-ab213ff31fbd:group-E5F18353485C ConfigurationManager, init=-1: [ffea1c0c-54d4-489a-91f1-ab213ff31fbd:192.168.69.84:41002], old=null, confs=<EMPTY_MAP>
2019-07-13 07:40:53,854 INFO  server.RaftServerConfigKeys (ConfUtils.java:logGet(43)) - raft.server.storage.dir = [/tmp/workdir/hadoop-ozone/integration-test/target/test-dir/MiniOzoneClusterImpl-a9291cd5-20eb-4d49-8028-80e536ff47c2/datanode-1/data/ratis] (custom)
2019-07-13 07:40:53,854 INFO  storage.RaftStorageDirectory (RaftStorageDirectory.java:analyzeStorage(246)) - The storage directory /tmp/workdir/hadoop-ozone/integration-test/target/test-dir/MiniOzoneClusterImpl-a9291cd5-20eb-4d49-8028-80e536ff47c2/datanode-1/data/ratis/891eb6b7-9521-46aa-a769-e5f18353485c does not exist. Creating ...
2019-07-13 07:40:53,855 INFO  ozone.MiniOzoneClusterImpl (MiniOzoneClusterImpl.java:lambda$waitForClusterToBeReady$0(142)) - Waiting for cluster to be ready. Got 2 of 7 DN Heartbeats.
2019-07-13 07:40:53,869 INFO  storage.RaftStorageDirectory (RaftStorageDirectory.java:tryLock(328)) - Lock on /tmp/workdir/hadoop-ozone/integration-test/target/test-dir/MiniOzoneClusterImpl-a9291cd5-20eb-4d49-8028-80e536ff47c2/datanode-1/data/ratis/891eb6b7-9521-46aa-a769-e5f18353485c/in_use.lock acquired by nodename 29913@trunk-nightly-9lh4p-2362225927
2019-07-13 07:40:53,881 INFO  storage.RaftStorage (RaftStorage.java:format(72)) - Storage directory /tmp/workdir/hadoop-ozone/integration-test/target/test-dir/MiniOzoneClusterImpl-a9291cd5-20eb-4d49-8028-80e536ff47c2/datanode-1/data/ratis/891eb6b7-9521-46aa-a769-e5f18353485c has been successfully formatted.
2019-07-13 07:40:53,881 INFO  ratis.ContainerStateMachine (ContainerStateMachine.java:loadSnapshot(200)) - The snapshot info is null.Setting the last applied index to:(t:0, i:~)
2019-07-13 07:40:53,882 INFO  server.RaftServerConfigKeys (ConfUtils.java:logGet(43)) - raft.server.leader.election.timeout = 120s (custom)
2019-07-13 07:40:53,882 INFO  server.RaftServerConfigKeys (ConfUtils.java:logGet(43)) - raft.server.log.use.memory = false (default)
2019-07-13 07:40:53,882 INFO  server.RaftServerConfigKeys (ConfUtils.java:logGet(43)) - raft.server.log.purge.gap = 1000000000 (custom)
2019-07-13 07:40:53,882 INFO  server.RaftServerConfigKeys (ConfUtils.java:logGet(43)) - raft.server.log.appender.buffer.byte-limit = 33554432 (custom)
2019-07-13 07:40:53,882 INFO  server.RaftServerConfigKeys (ConfUtils.java:logGet(43)) - raft.server.log.segment.size.max = 1048576 (custom)
2019-07-13 07:40:53,882 INFO  server.RaftServerConfigKeys (ConfUtils.java:logGet(43)) - raft.server.log.segment.cache.num.max = 2 (custom)
2019-07-13 07:40:53,882 INFO  segmented.SegmentedRaftLogWorker (SegmentedRaftLogWorker.java:<init>(172)) - new ffea1c0c-54d4-489a-91f1-ab213ff31fbd-SegmentedRaftLogWorker:Storage Directory /tmp/workdir/hadoop-ozone/integration-test/target/test-dir/MiniOzoneClusterImpl-a9291cd5-20eb-4d49-8028-80e536ff47c2/datanode-1/data/ratis/891eb6b7-9521-46aa-a769-e5f18353485c for RaftStorage:Storage Directory /tmp/workdir/hadoop-ozone/integration-test/target/test-dir/MiniOzoneClusterImpl-a9291cd5-20eb-4d49-8028-80e536ff47c2/datanode-1/data/ratis/891eb6b7-9521-46aa-a769-e5f18353485c
2019-07-13 07:40:53,883 INFO  server.RaftServerConfigKeys (ConfUtils.java:logGet(43)) - raft.server.log.queue.byte-limit = 2147483647 (custom)
2019-07-13 07:40:53,883 INFO  server.RaftServerConfigKeys (ConfUtils.java:logGet(43)) - raft.server.log.queue.element-limit = 1024 (custom)
2019-07-13 07:40:53,883 INFO  server.RaftServerConfigKeys (ConfUtils.java:logGet(43)) - raft.server.log.segment.size.max = 1048576 (custom)
2019-07-13 07:40:53,883 INFO  server.RaftServerConfigKeys (ConfUtils.java:logGet(43)) - raft.server.log.preallocated.size = 16384 (custom)
2019-07-13 07:40:53,883 INFO  server.RaftServerConfigKeys (ConfUtils.java:logGet(43)) - raft.server.log.write.buffer.size = 33554432 (custom)
2019-07-13 07:40:53,883 INFO  server.RaftServerConfigKeys (ConfUtils.java:logGet(43)) - raft.server.log.force.sync.num = 128 (default)
2019-07-13 07:40:53,884 INFO  server.RaftServerConfigKeys (ConfUtils.java:logGet(43)) - raft.server.log.statemachine.data.sync = true (default)
2019-07-13 07:40:53,884 INFO  server.RaftServerConfigKeys (ConfUtils.java:logGet(43)) - raft.server.log.statemachine.data.sync.timeout = 10s (default)
2019-07-13 07:40:53,884 INFO  server.RaftServerConfigKeys (ConfUtils.java:logGet(43)) - raft.server.log.statemachine.data.sync.timeout.retry = -1 (default)
2019-07-13 07:40:53,884 INFO  server.RaftServerConfigKeys (ConfUtils.java:logGet(43)) - raft.server.log.statemachine.data.caching.enabled = true (custom)
2019-07-13 07:40:53,884 INFO  segmented.SegmentedRaftLogWorker (SegmentedRaftLogWorker.java:lambda$new$0(132)) - ffea1c0c-54d4-489a-91f1-ab213ff31fbd-SegmentedRaftLogWorker:Storage Directory /tmp/workdir/hadoop-ozone/integration-test/target/test-dir/MiniOzoneClusterImpl-a9291cd5-20eb-4d49-8028-80e536ff47c2/datanode-1/data/ratis/891eb6b7-9521-46aa-a769-e5f18353485c: flushIndex: setUnconditionally 0 -> -1
2019-07-13 07:40:53,885 INFO  server.RaftServerConfigKeys (ConfUtils.java:logGet(43)) - raft.server.snapshot.auto.trigger.enabled = true (custom)
2019-07-13 07:40:53,885 INFO  server.RaftServerConfigKeys (ConfUtils.java:logGet(43)) - raft.server.snapshot.auto.trigger.threshold = 10000 (custom)
2019-07-13 07:40:53,885 INFO  server.RaftServerConfigKeys (ConfUtils.java:logGet(43)) - raft.server.retrycache.expirytime = 600000ms (custom)
2019-07-13 07:40:53,885 INFO  impl.RaftServerImpl (RaftServerImpl.java:start(180)) - ffea1c0c-54d4-489a-91f1-ab213ff31fbd: start group-E5F18353485C
2019-07-13 07:40:53,885 INFO  impl.RaftServerImpl (RaftServerImpl.java:setRole(171)) - ffea1c0c-54d4-489a-91f1-ab213ff31fbd:group-E5F18353485C changes role from null to FOLLOWER at term 0 for startAsFollower
2019-07-13 07:40:53,886 INFO  impl.RoleInfo (RoleInfo.java:updateAndGet(143)) - ffea1c0c-54d4-489a-91f1-ab213ff31fbd: start FollowerState
2019-07-13 07:40:53,886 INFO  util.JmxRegister (JmxRegister.java:tryRegister(44)) - Successfully registered JMX Bean with object name Ratis:service=RaftServer,group=group-E5F18353485C,id=ffea1c0c-54d4-489a-91f1-ab213ff31fbd
2019-07-13 07:40:53,888 INFO  pipeline.PipelineStateManager (PipelineStateManager.java:addPipeline(56)) - Created pipeline Pipeline[ Id: 891eb6b7-9521-46aa-a769-e5f18353485c, Nodes: ffea1c0c-54d4-489a-91f1-ab213ff31fbd{ip: 192.168.69.84, host: trunk-nightly-9lh4p-2362225927, networkLocation: /default-rack, certSerialId: null}, Type:RATIS, Factor:ONE, State:OPEN]
2019-07-13 07:40:54,010 INFO  node.SCMNodeManager (SCMNodeManager.java:register(269)) - Registered Data node : fed9b9f5-d86c-4039-a8d2-a5af12463bc9{ip: 192.168.69.84, host: trunk-nightly-9lh4p-2362225927, networkLocation: /default-rack, certSerialId: null}
2019-07-13 07:40:54,019 INFO  impl.RaftServerProxy (RaftServerProxy.java:addNew(89)) - fed9b9f5-d86c-4039-a8d2-a5af12463bc9: addNew group-89C459A4540E:[fed9b9f5-d86c-4039-a8d2-a5af12463bc9:192.168.69.84:32985] returns group-89C459A4540E:java.util.concurrent.CompletableFuture@1e334f35[Not completed]
2019-07-13 07:40:54,020 INFO  impl.RaftServerImpl (RaftServerImpl.java:<init>(93)) - fed9b9f5-d86c-4039-a8d2-a5af12463bc9: new RaftServerImpl for group-89C459A4540E:[fed9b9f5-d86c-4039-a8d2-a5af12463bc9:192.168.69.84:32985] with ContainerStateMachine:uninitialized
2019-07-13 07:40:54,020 INFO  server.RaftServerConfigKeys (ConfUtils.java:logGet(43)) - raft.server.rpc.timeout.min = 5s (custom)
2019-07-13 07:40:54,020 INFO  server.RaftServerConfigKeys (ConfUtils.java:logGet(43)) - raft.server.rpc.timeout.max = 5200ms (custom)
2019-07-13 07:40:54,020 INFO  server.RaftServerConfigKeys (ConfUtils.java:logGet(43)) - raft.server.rpcslowness.timeout = 120s (custom)
2019-07-13 07:40:54,021 INFO  server.RaftServerConfigKeys (ConfUtils.java:logGet(43)) - raft.server.sleep.deviation.threshold = 300 (default)
2019-07-13 07:40:54,021 INFO  server.RaftServerConfigKeys (ConfUtils.java:logGet(43)) - raft.server.log.appender.install.snapshot.enabled = false (custom)
2019-07-13 07:40:54,021 INFO  impl.RaftServerImpl (ServerState.java:<init>(105)) - fed9b9f5-d86c-4039-a8d2-a5af12463bc9:group-89C459A4540E ConfigurationManager, init=-1: [fed9b9f5-d86c-4039-a8d2-a5af12463bc9:192.168.69.84:32985], old=null, confs=<EMPTY_MAP>
2019-07-13 07:40:54,021 INFO  server.RaftServerConfigKeys (ConfUtils.java:logGet(43)) - raft.server.storage.dir = [/tmp/workdir/hadoop-ozone/integration-test/target/test-dir/MiniOzoneClusterImpl-a9291cd5-20eb-4d49-8028-80e536ff47c2/datanode-2/data/ratis] (custom)
2019-07-13 07:40:54,021 INFO  storage.RaftStorageDirectory (RaftStorageDirectory.java:analyzeStorage(246)) - The storage directory /tmp/workdir/hadoop-ozone/integration-test/target/test-dir/MiniOzoneClusterImpl-a9291cd5-20eb-4d49-8028-80e536ff47c2/datanode-2/data/ratis/447184b8-97ce-4169-aa1c-89c459a4540e does not exist. Creating ...
2019-07-13 07:40:54,041 INFO  storage.RaftStorageDirectory (RaftStorageDirectory.java:tryLock(328)) - Lock on /tmp/workdir/hadoop-ozone/integration-test/target/test-dir/MiniOzoneClusterImpl-a9291cd5-20eb-4d49-8028-80e536ff47c2/datanode-2/data/ratis/447184b8-97ce-4169-aa1c-89c459a4540e/in_use.lock acquired by nodename 29913@trunk-nightly-9lh4p-2362225927
2019-07-13 07:40:54,076 INFO  storage.RaftStorage (RaftStorage.java:format(72)) - Storage directory /tmp/workdir/hadoop-ozone/integration-test/target/test-dir/MiniOzoneClusterImpl-a9291cd5-20eb-4d49-8028-80e536ff47c2/datanode-2/data/ratis/447184b8-97ce-4169-aa1c-89c459a4540e has been successfully formatted.
2019-07-13 07:40:54,077 INFO  ratis.ContainerStateMachine (ContainerStateMachine.java:loadSnapshot(200)) - The snapshot info is null.Setting the last applied index to:(t:0, i:~)
2019-07-13 07:40:54,077 INFO  server.RaftServerConfigKeys (ConfUtils.java:logGet(43)) - raft.server.leader.election.timeout = 120s (custom)
2019-07-13 07:40:54,077 INFO  server.RaftServerConfigKeys (ConfUtils.java:logGet(43)) - raft.server.log.use.memory = false (default)
2019-07-13 07:40:54,077 INFO  server.RaftServerConfigKeys (ConfUtils.java:logGet(43)) - raft.server.log.purge.gap = 1000000000 (custom)
2019-07-13 07:40:54,077 INFO  server.RaftServerConfigKeys (ConfUtils.java:logGet(43)) - raft.server.log.appender.buffer.byte-limit = 33554432 (custom)
2019-07-13 07:40:54,077 INFO  server.RaftServerConfigKeys (ConfUtils.java:logGet(43)) - raft.server.log.segment.size.max = 1048576 (custom)
2019-07-13 07:40:54,077 INFO  server.RaftServerConfigKeys (ConfUtils.java:logGet(43)) - raft.server.log.segment.cache.num.max = 2 (custom)
2019-07-13 07:40:54,078 INFO  segmented.SegmentedRaftLogWorker (SegmentedRaftLogWorker.java:<init>(172)) - new fed9b9f5-d86c-4039-a8d2-a5af12463bc9-SegmentedRaftLogWorker:Storage Directory /tmp/workdir/hadoop-ozone/integration-test/target/test-dir/MiniOzoneClusterImpl-a9291cd5-20eb-4d49-8028-80e536ff47c2/datanode-2/data/ratis/447184b8-97ce-4169-aa1c-89c459a4540e for RaftStorage:Storage Directory /tmp/workdir/hadoop-ozone/integration-test/target/test-dir/MiniOzoneClusterImpl-a9291cd5-20eb-4d49-8028-80e536ff47c2/datanode-2/data/ratis/447184b8-97ce-4169-aa1c-89c459a4540e
2019-07-13 07:40:54,078 INFO  server.RaftServerConfigKeys (ConfUtils.java:logGet(43)) - raft.server.log.queue.byte-limit = 2147483647 (custom)
2019-07-13 07:40:54,078 INFO  server.RaftServerConfigKeys (ConfUtils.java:logGet(43)) - raft.server.log.queue.element-limit = 1024 (custom)
2019-07-13 07:40:54,078 INFO  server.RaftServerConfigKeys (ConfUtils.java:logGet(43)) - raft.server.log.segment.size.max = 1048576 (custom)
2019-07-13 07:40:54,078 INFO  server.RaftServerConfigKeys (ConfUtils.java:logGet(43)) - raft.server.log.preallocated.size = 16384 (custom)
2019-07-13 07:40:54,079 INFO  server.RaftServerConfigKeys (ConfUtils.java:logGet(43)) - raft.server.log.write.buffer.size = 33554432 (custom)
2019-07-13 07:40:54,079 INFO  server.RaftServerConfigKeys (ConfUtils.java:logGet(43)) - raft.server.log.force.sync.num = 128 (default)
2019-07-13 07:40:54,079 INFO  server.RaftServerConfigKeys (ConfUtils.java:logGet(43)) - raft.server.log.statemachine.data.sync = true (default)
2019-07-13 07:40:54,079 INFO  server.RaftServerConfigKeys (ConfUtils.java:logGet(43)) - raft.server.log.statemachine.data.sync.timeout = 10s (default)
2019-07-13 07:40:54,079 INFO  server.RaftServerConfigKeys (ConfUtils.java:logGet(43)) - raft.server.log.statemachine.data.sync.timeout.retry = -1 (default)
2019-07-13 07:40:54,079 INFO  server.RaftServerConfigKeys (ConfUtils.java:logGet(43)) - raft.server.log.statemachine.data.caching.enabled = true (custom)
2019-07-13 07:40:54,080 INFO  segmented.SegmentedRaftLogWorker (SegmentedRaftLogWorker.java:lambda$new$0(132)) - fed9b9f5-d86c-4039-a8d2-a5af12463bc9-SegmentedRaftLogWorker:Storage Directory /tmp/workdir/hadoop-ozone/integration-test/target/test-dir/MiniOzoneClusterImpl-a9291cd5-20eb-4d49-8028-80e536ff47c2/datanode-2/data/ratis/447184b8-97ce-4169-aa1c-89c459a4540e: flushIndex: setUnconditionally 0 -> -1
2019-07-13 07:40:54,080 INFO  server.RaftServerConfigKeys (ConfUtils.java:logGet(43)) - raft.server.snapshot.auto.trigger.enabled = true (custom)
2019-07-13 07:40:54,080 INFO  server.RaftServerConfigKeys (ConfUtils.java:logGet(43)) - raft.server.snapshot.auto.trigger.threshold = 10000 (custom)
2019-07-13 07:40:54,081 INFO  server.RaftServerConfigKeys (ConfUtils.java:logGet(43)) - raft.server.retrycache.expirytime = 600000ms (custom)
2019-07-13 07:40:54,081 INFO  impl.RaftServerImpl (RaftServerImpl.java:start(180)) - fed9b9f5-d86c-4039-a8d2-a5af12463bc9: start group-89C459A4540E
2019-07-13 07:40:54,081 INFO  impl.RaftServerImpl (RaftServerImpl.java:setRole(171)) - fed9b9f5-d86c-4039-a8d2-a5af12463bc9:group-89C459A4540E changes role from null to FOLLOWER at term 0 for startAsFollower
2019-07-13 07:40:54,081 INFO  impl.RoleInfo (RoleInfo.java:updateAndGet(143)) - fed9b9f5-d86c-4039-a8d2-a5af12463bc9: start FollowerState
2019-07-13 07:40:54,081 INFO  util.JmxRegister (JmxRegister.java:tryRegister(44)) - Successfully registered JMX Bean with object name Ratis:service=RaftServer,group=group-89C459A4540E,id=fed9b9f5-d86c-4039-a8d2-a5af12463bc9
2019-07-13 07:40:54,084 INFO  pipeline.PipelineStateManager (PipelineStateManager.java:addPipeline(56)) - Created pipeline Pipeline[ Id: 447184b8-97ce-4169-aa1c-89c459a4540e, Nodes: fed9b9f5-d86c-4039-a8d2-a5af12463bc9{ip: 192.168.69.84, host: trunk-nightly-9lh4p-2362225927, networkLocation: /default-rack, certSerialId: null}, Type:RATIS, Factor:ONE, State:OPEN]
2019-07-13 07:40:54,099 INFO  impl.RaftServerProxy (RaftServerProxy.java:addNew(89)) - ffea1c0c-54d4-489a-91f1-ab213ff31fbd: addNew group-67BD07A3D150:[cf574be2-0862-442f-9bdc-d7a358afdd89:192.168.69.84:36132, fed9b9f5-d86c-4039-a8d2-a5af12463bc9:192.168.69.84:32985, ffea1c0c-54d4-489a-91f1-ab213ff31fbd:192.168.69.84:41002] returns group-67BD07A3D150:java.util.concurrent.CompletableFuture@705891e0[Not completed]
2019-07-13 07:40:54,099 INFO  impl.RaftServerProxy (RaftServerProxy.java:addNew(89)) - fed9b9f5-d86c-4039-a8d2-a5af12463bc9: addNew group-67BD07A3D150:[cf574be2-0862-442f-9bdc-d7a358afdd89:192.168.69.84:36132, fed9b9f5-d86c-4039-a8d2-a5af12463bc9:192.168.69.84:32985, ffea1c0c-54d4-489a-91f1-ab213ff31fbd:192.168.69.84:41002] returns group-67BD07A3D150:java.util.concurrent.CompletableFuture@2a03649d[Not completed]
2019-07-13 07:40:54,099 INFO  impl.RaftServerProxy (RaftServerProxy.java:addNew(89)) - cf574be2-0862-442f-9bdc-d7a358afdd89: addNew group-67BD07A3D150:[cf574be2-0862-442f-9bdc-d7a358afdd89:192.168.69.84:36132, fed9b9f5-d86c-4039-a8d2-a5af12463bc9:192.168.69.84:32985, ffea1c0c-54d4-489a-91f1-ab213ff31fbd:192.168.69.84:41002] returns group-67BD07A3D150:java.util.concurrent.CompletableFuture@74ed8a06[Not completed]
2019-07-13 07:40:54,101 INFO  impl.RaftServerImpl (RaftServerImpl.java:<init>(93)) - ffea1c0c-54d4-489a-91f1-ab213ff31fbd: new RaftServerImpl for group-67BD07A3D150:[cf574be2-0862-442f-9bdc-d7a358afdd89:192.168.69.84:36132, fed9b9f5-d86c-4039-a8d2-a5af12463bc9:192.168.69.84:32985, ffea1c0c-54d4-489a-91f1-ab213ff31fbd:192.168.69.84:41002] with ContainerStateMachine:uninitialized
2019-07-13 07:40:54,101 INFO  server.RaftServerConfigKeys (ConfUtils.java:logGet(43)) - raft.server.rpc.timeout.min = 5s (custom)
2019-07-13 07:40:54,101 INFO  server.RaftServerConfigKeys (ConfUtils.java:logGet(43)) - raft.server.rpc.timeout.max = 5200ms (custom)
2019-07-13 07:40:54,101 INFO  server.RaftServerConfigKeys (ConfUtils.java:logGet(43)) - raft.server.rpcslowness.timeout = 120s (custom)
2019-07-13 07:40:54,101 INFO  impl.RaftServerImpl (RaftServerImpl.java:<init>(93)) - cf574be2-0862-442f-9bdc-d7a358afdd89: new RaftServerImpl for group-67BD07A3D150:[cf574be2-0862-442f-9bdc-d7a358afdd89:192.168.69.84:36132, fed9b9f5-d86c-4039-a8d2-a5af12463bc9:192.168.69.84:32985, ffea1c0c-54d4-489a-91f1-ab213ff31fbd:192.168.69.84:41002] with ContainerStateMachine:uninitialized
2019-07-13 07:40:54,101 INFO  server.RaftServerConfigKeys (ConfUtils.java:logGet(43)) - raft.server.sleep.deviation.threshold = 300 (default)
2019-07-13 07:40:54,101 INFO  impl.RaftServerImpl (RaftServerImpl.java:<init>(93)) - fed9b9f5-d86c-4039-a8d2-a5af12463bc9: new RaftServerImpl for group-67BD07A3D150:[cf574be2-0862-442f-9bdc-d7a358afdd89:192.168.69.84:36132, fed9b9f5-d86c-4039-a8d2-a5af12463bc9:192.168.69.84:32985, ffea1c0c-54d4-489a-91f1-ab213ff31fbd:192.168.69.84:41002] with ContainerStateMachine:uninitialized
2019-07-13 07:40:54,101 INFO  server.RaftServerConfigKeys (ConfUtils.java:logGet(43)) - raft.server.rpc.timeout.min = 5s (custom)
2019-07-13 07:40:54,102 INFO  server.RaftServerConfigKeys (ConfUtils.java:logGet(43)) - raft.server.rpc.timeout.min = 5s (custom)
2019-07-13 07:40:54,102 INFO  server.RaftServerConfigKeys (ConfUtils.java:logGet(43)) - raft.server.rpc.timeout.max = 5200ms (custom)
2019-07-13 07:40:54,101 INFO  server.RaftServerConfigKeys (ConfUtils.java:logGet(43)) - raft.server.log.appender.install.snapshot.enabled = false (custom)
2019-07-13 07:40:54,102 INFO  server.RaftServerConfigKeys (ConfUtils.java:logGet(43)) - raft.server.rpcslowness.timeout = 120s (custom)
2019-07-13 07:40:54,102 INFO  server.RaftServerConfigKeys (ConfUtils.java:logGet(43)) - raft.server.rpc.timeout.max = 5200ms (custom)
2019-07-13 07:40:54,102 INFO  server.RaftServerConfigKeys (ConfUtils.java:logGet(43)) - raft.server.sleep.deviation.threshold = 300 (default)
2019-07-13 07:40:54,103 INFO  server.RaftServerConfigKeys (ConfUtils.java:logGet(43)) - raft.server.log.appender.install.snapshot.enabled = false (custom)
2019-07-13 07:40:54,102 INFO  impl.RaftServerImpl (ServerState.java:<init>(105)) - ffea1c0c-54d4-489a-91f1-ab213ff31fbd:group-67BD07A3D150 ConfigurationManager, init=-1: [cf574be2-0862-442f-9bdc-d7a358afdd89:192.168.69.84:36132, fed9b9f5-d86c-4039-a8d2-a5af12463bc9:192.168.69.84:32985, ffea1c0c-54d4-489a-91f1-ab213ff31fbd:192.168.69.84:41002], old=null, confs=<EMPTY_MAP>
2019-07-13 07:40:54,103 INFO  impl.RaftServerImpl (ServerState.java:<init>(105)) - fed9b9f5-d86c-4039-a8d2-a5af12463bc9:group-67BD07A3D150 ConfigurationManager, init=-1: [cf574be2-0862-442f-9bdc-d7a358afdd89:192.168.69.84:36132, fed9b9f5-d86c-4039-a8d2-a5af12463bc9:192.168.69.84:32985, ffea1c0c-54d4-489a-91f1-ab213ff31fbd:192.168.69.84:41002], old=null, confs=<EMPTY_MAP>
2019-07-13 07:40:54,103 INFO  server.RaftServerConfigKeys (ConfUtils.java:logGet(43)) - raft.server.rpcslowness.timeout = 120s (custom)
2019-07-13 07:40:54,103 INFO  server.RaftServerConfigKeys (ConfUtils.java:logGet(43)) - raft.server.storage.dir = [/tmp/workdir/hadoop-ozone/integration-test/target/test-dir/MiniOzoneClusterImpl-a9291cd5-20eb-4d49-8028-80e536ff47c2/datanode-2/data/ratis] (custom)
2019-07-13 07:40:54,103 INFO  server.RaftServerConfigKeys (ConfUtils.java:logGet(43)) - raft.server.storage.dir = [/tmp/workdir/hadoop-ozone/integration-test/target/test-dir/MiniOzoneClusterImpl-a9291cd5-20eb-4d49-8028-80e536ff47c2/datanode-1/data/ratis] (custom)
2019-07-13 07:40:54,104 INFO  storage.RaftStorageDirectory (RaftStorageDirectory.java:analyzeStorage(246)) - The storage directory /tmp/workdir/hadoop-ozone/integration-test/target/test-dir/MiniOzoneClusterImpl-a9291cd5-20eb-4d49-8028-80e536ff47c2/datanode-2/data/ratis/1c0fcc1b-6434-4eff-b953-67bd07a3d150 does not exist. Creating ...
2019-07-13 07:40:54,103 INFO  server.RaftServerConfigKeys (ConfUtils.java:logGet(43)) - raft.server.sleep.deviation.threshold = 300 (default)
2019-07-13 07:40:54,104 INFO  storage.RaftStorageDirectory (RaftStorageDirectory.java:analyzeStorage(246)) - The storage directory /tmp/workdir/hadoop-ozone/integration-test/target/test-dir/MiniOzoneClusterImpl-a9291cd5-20eb-4d49-8028-80e536ff47c2/datanode-1/data/ratis/1c0fcc1b-6434-4eff-b953-67bd07a3d150 does not exist. Creating ...
2019-07-13 07:40:54,104 INFO  server.RaftServerConfigKeys (ConfUtils.java:logGet(43)) - raft.server.log.appender.install.snapshot.enabled = false (custom)
2019-07-13 07:40:54,104 INFO  impl.RaftServerImpl (ServerState.java:<init>(105)) - cf574be2-0862-442f-9bdc-d7a358afdd89:group-67BD07A3D150 ConfigurationManager, init=-1: [cf574be2-0862-442f-9bdc-d7a358afdd89:192.168.69.84:36132, fed9b9f5-d86c-4039-a8d2-a5af12463bc9:192.168.69.84:32985, ffea1c0c-54d4-489a-91f1-ab213ff31fbd:192.168.69.84:41002], old=null, confs=<EMPTY_MAP>
2019-07-13 07:40:54,105 INFO  server.RaftServerConfigKeys (ConfUtils.java:logGet(43)) - raft.server.storage.dir = [/tmp/workdir/hadoop-ozone/integration-test/target/test-dir/MiniOzoneClusterImpl-a9291cd5-20eb-4d49-8028-80e536ff47c2/datanode-0/data/ratis] (custom)
2019-07-13 07:40:54,105 INFO  storage.RaftStorageDirectory (RaftStorageDirectory.java:analyzeStorage(246)) - The storage directory /tmp/workdir/hadoop-ozone/integration-test/target/test-dir/MiniOzoneClusterImpl-a9291cd5-20eb-4d49-8028-80e536ff47c2/datanode-0/data/ratis/1c0fcc1b-6434-4eff-b953-67bd07a3d150 does not exist. Creating ...
2019-07-13 07:40:54,126 INFO  storage.RaftStorageDirectory (RaftStorageDirectory.java:tryLock(328)) - Lock on /tmp/workdir/hadoop-ozone/integration-test/target/test-dir/MiniOzoneClusterImpl-a9291cd5-20eb-4d49-8028-80e536ff47c2/datanode-1/data/ratis/1c0fcc1b-6434-4eff-b953-67bd07a3d150/in_use.lock acquired by nodename 29913@trunk-nightly-9lh4p-2362225927
2019-07-13 07:40:54,126 INFO  storage.RaftStorageDirectory (RaftStorageDirectory.java:tryLock(328)) - Lock on /tmp/workdir/hadoop-ozone/integration-test/target/test-dir/MiniOzoneClusterImpl-a9291cd5-20eb-4d49-8028-80e536ff47c2/datanode-2/data/ratis/1c0fcc1b-6434-4eff-b953-67bd07a3d150/in_use.lock acquired by nodename 29913@trunk-nightly-9lh4p-2362225927
2019-07-13 07:40:54,126 INFO  storage.RaftStorageDirectory (RaftStorageDirectory.java:tryLock(328)) - Lock on /tmp/workdir/hadoop-ozone/integration-test/target/test-dir/MiniOzoneClusterImpl-a9291cd5-20eb-4d49-8028-80e536ff47c2/datanode-0/data/ratis/1c0fcc1b-6434-4eff-b953-67bd07a3d150/in_use.lock acquired by nodename 29913@trunk-nightly-9lh4p-2362225927
2019-07-13 07:40:54,152 INFO  storage.RaftStorage (RaftStorage.java:format(72)) - Storage directory /tmp/workdir/hadoop-ozone/integration-test/target/test-dir/MiniOzoneClusterImpl-a9291cd5-20eb-4d49-8028-80e536ff47c2/datanode-2/data/ratis/1c0fcc1b-6434-4eff-b953-67bd07a3d150 has been successfully formatted.
2019-07-13 07:40:54,152 INFO  storage.RaftStorage (RaftStorage.java:format(72)) - Storage directory /tmp/workdir/hadoop-ozone/integration-test/target/test-dir/MiniOzoneClusterImpl-a9291cd5-20eb-4d49-8028-80e536ff47c2/datanode-1/data/ratis/1c0fcc1b-6434-4eff-b953-67bd07a3d150 has been successfully formatted.
2019-07-13 07:40:54,152 INFO  ratis.ContainerStateMachine (ContainerStateMachine.java:loadSnapshot(200)) - The snapshot info is null.Setting the last applied index to:(t:0, i:~)
2019-07-13 07:40:54,152 INFO  ratis.ContainerStateMachine (ContainerStateMachine.java:loadSnapshot(200)) - The snapshot info is null.Setting the last applied index to:(t:0, i:~)
2019-07-13 07:40:54,152 INFO  storage.RaftStorage (RaftStorage.java:format(72)) - Storage directory /tmp/workdir/hadoop-ozone/integration-test/target/test-dir/MiniOzoneClusterImpl-a9291cd5-20eb-4d49-8028-80e536ff47c2/datanode-0/data/ratis/1c0fcc1b-6434-4eff-b953-67bd07a3d150 has been successfully formatted.
2019-07-13 07:40:54,153 INFO  server.RaftServerConfigKeys (ConfUtils.java:logGet(43)) - raft.server.leader.election.timeout = 120s (custom)
2019-07-13 07:40:54,152 INFO  server.RaftServerConfigKeys (ConfUtils.java:logGet(43)) - raft.server.leader.election.timeout = 120s (custom)
2019-07-13 07:40:54,153 INFO  server.RaftServerConfigKeys (ConfUtils.java:logGet(43)) - raft.server.log.use.memory = false (default)
2019-07-13 07:40:54,153 INFO  ratis.ContainerStateMachine (ContainerStateMachine.java:loadSnapshot(200)) - The snapshot info is null.Setting the last applied index to:(t:0, i:~)
2019-07-13 07:40:54,153 INFO  server.RaftServerConfigKeys (ConfUtils.java:logGet(43)) - raft.server.log.purge.gap = 1000000000 (custom)
2019-07-13 07:40:54,153 INFO  server.RaftServerConfigKeys (ConfUtils.java:logGet(43)) - raft.server.log.use.memory = false (default)
2019-07-13 07:40:54,154 INFO  server.RaftServerConfigKeys (ConfUtils.java:logGet(43)) - raft.server.log.appender.buffer.byte-limit = 33554432 (custom)
2019-07-13 07:40:54,153 INFO  server.RaftServerConfigKeys (ConfUtils.java:logGet(43)) - raft.server.leader.election.timeout = 120s (custom)
2019-07-13 07:40:54,154 INFO  server.RaftServerConfigKeys (ConfUtils.java:logGet(43)) - raft.server.log.segment.size.max = 1048576 (custom)
2019-07-13 07:40:54,154 INFO  server.RaftServerConfigKeys (ConfUtils.java:logGet(43)) - raft.server.log.purge.gap = 1000000000 (custom)
2019-07-13 07:40:54,154 INFO  server.RaftServerConfigKeys (ConfUtils.java:logGet(43)) - raft.server.log.segment.cache.num.max = 2 (custom)
2019-07-13 07:40:54,154 INFO  server.RaftServerConfigKeys (ConfUtils.java:logGet(43)) - raft.server.log.use.memory = false (default)
2019-07-13 07:40:54,155 INFO  segmented.SegmentedRaftLogWorker (SegmentedRaftLogWorker.java:<init>(172)) - new ffea1c0c-54d4-489a-91f1-ab213ff31fbd-SegmentedRaftLogWorker:Storage Directory /tmp/workdir/hadoop-ozone/integration-test/target/test-dir/MiniOzoneClusterImpl-a9291cd5-20eb-4d49-8028-80e536ff47c2/datanode-1/data/ratis/1c0fcc1b-6434-4eff-b953-67bd07a3d150 for RaftStorage:Storage Directory /tmp/workdir/hadoop-ozone/integration-test/target/test-dir/MiniOzoneClusterImpl-a9291cd5-20eb-4d49-8028-80e536ff47c2/datanode-1/data/ratis/1c0fcc1b-6434-4eff-b953-67bd07a3d150
2019-07-13 07:40:54,154 INFO  server.RaftServerConfigKeys (ConfUtils.java:logGet(43)) - raft.server.log.appender.buffer.byte-limit = 33554432 (custom)
2019-07-13 07:40:54,155 INFO  server.RaftServerConfigKeys (ConfUtils.java:logGet(43)) - raft.server.log.queue.byte-limit = 2147483647 (custom)
2019-07-13 07:40:54,155 INFO  server.RaftServerConfigKeys (ConfUtils.java:logGet(43)) - raft.server.log.queue.element-limit = 1024 (custom)
2019-07-13 07:40:54,155 INFO  server.RaftServerConfigKeys (ConfUtils.java:logGet(43)) - raft.server.log.purge.gap = 1000000000 (custom)
2019-07-13 07:40:54,155 INFO  server.RaftServerConfigKeys (ConfUtils.java:logGet(43)) - raft.server.log.segment.size.max = 1048576 (custom)
2019-07-13 07:40:54,155 INFO  server.RaftServerConfigKeys (ConfUtils.java:logGet(43)) - raft.server.log.segment.size.max = 1048576 (custom)
2019-07-13 07:40:54,156 INFO  server.RaftServerConfigKeys (ConfUtils.java:logGet(43)) - raft.server.log.preallocated.size = 16384 (custom)
2019-07-13 07:40:54,156 INFO  server.RaftServerConfigKeys (ConfUtils.java:logGet(43)) - raft.server.log.appender.buffer.byte-limit = 33554432 (custom)
2019-07-13 07:40:54,156 INFO  server.RaftServerConfigKeys (ConfUtils.java:logGet(43)) - raft.server.log.write.buffer.size = 33554432 (custom)
2019-07-13 07:40:54,156 INFO  server.RaftServerConfigKeys (ConfUtils.java:logGet(43)) - raft.server.log.segment.cache.num.max = 2 (custom)
2019-07-13 07:40:54,156 INFO  server.RaftServerConfigKeys (ConfUtils.java:logGet(43)) - raft.server.log.force.sync.num = 128 (default)
2019-07-13 07:40:54,156 INFO  server.RaftServerConfigKeys (ConfUtils.java:logGet(43)) - raft.server.log.segment.size.max = 1048576 (custom)
2019-07-13 07:40:54,157 INFO  server.RaftServerConfigKeys (ConfUtils.java:logGet(43)) - raft.server.log.statemachine.data.sync = true (default)
2019-07-13 07:40:54,157 INFO  segmented.SegmentedRaftLogWorker (SegmentedRaftLogWorker.java:<init>(172)) - new fed9b9f5-d86c-4039-a8d2-a5af12463bc9-SegmentedRaftLogWorker:Storage Directory /tmp/workdir/hadoop-ozone/integration-test/target/test-dir/MiniOzoneClusterImpl-a9291cd5-20eb-4d49-8028-80e536ff47c2/datanode-2/data/ratis/1c0fcc1b-6434-4eff-b953-67bd07a3d150 for RaftStorage:Storage Directory /tmp/workdir/hadoop-ozone/integration-test/target/test-dir/MiniOzoneClusterImpl-a9291cd5-20eb-4d49-8028-80e536ff47c2/datanode-2/data/ratis/1c0fcc1b-6434-4eff-b953-67bd07a3d150
2019-07-13 07:40:54,157 INFO  server.RaftServerConfigKeys (ConfUtils.java:logGet(43)) - raft.server.log.statemachine.data.sync.timeout = 10s (default)
2019-07-13 07:40:54,157 INFO  server.RaftServerConfigKeys (ConfUtils.java:logGet(43)) - raft.server.log.segment.cache.num.max = 2 (custom)
2019-07-13 07:40:54,157 INFO  server.RaftServerConfigKeys (ConfUtils.java:logGet(43)) - raft.server.log.statemachine.data.sync.timeout.retry = -1 (default)
2019-07-13 07:40:54,157 INFO  server.RaftServerConfigKeys (ConfUtils.java:logGet(43)) - raft.server.log.queue.byte-limit = 2147483647 (custom)
2019-07-13 07:40:54,158 INFO  server.RaftServerConfigKeys (ConfUtils.java:logGet(43)) - raft.server.log.statemachine.data.caching.enabled = true (custom)
2019-07-13 07:40:54,158 INFO  segmented.SegmentedRaftLogWorker (SegmentedRaftLogWorker.java:<init>(172)) - new cf574be2-0862-442f-9bdc-d7a358afdd89-SegmentedRaftLogWorker:Storage Directory /tmp/workdir/hadoop-ozone/integration-test/target/test-dir/MiniOzoneClusterImpl-a9291cd5-20eb-4d49-8028-80e536ff47c2/datanode-0/data/ratis/1c0fcc1b-6434-4eff-b953-67bd07a3d150 for RaftStorage:Storage Directory /tmp/workdir/hadoop-ozone/integration-test/target/test-dir/MiniOzoneClusterImpl-a9291cd5-20eb-4d49-8028-80e536ff47c2/datanode-0/data/ratis/1c0fcc1b-6434-4eff-b953-67bd07a3d150
2019-07-13 07:40:54,158 INFO  server.RaftServerConfigKeys (ConfUtils.java:logGet(43)) - raft.server.log.queue.element-limit = 1024 (custom)
2019-07-13 07:40:54,158 INFO  server.RaftServerConfigKeys (ConfUtils.java:logGet(43)) - raft.server.log.queue.byte-limit = 2147483647 (custom)
2019-07-13 07:40:54,158 INFO  segmented.SegmentedRaftLogWorker (SegmentedRaftLogWorker.java:lambda$new$0(132)) - ffea1c0c-54d4-489a-91f1-ab213ff31fbd-SegmentedRaftLogWorker:Storage Directory /tmp/workdir/hadoop-ozone/integration-test/target/test-dir/MiniOzoneClusterImpl-a9291cd5-20eb-4d49-8028-80e536ff47c2/datanode-1/data/ratis/1c0fcc1b-6434-4eff-b953-67bd07a3d150: flushIndex: setUnconditionally 0 -> -1
2019-07-13 07:40:54,159 INFO  server.RaftServerConfigKeys (ConfUtils.java:logGet(43)) - raft.server.log.queue.element-limit = 1024 (custom)
2019-07-13 07:40:54,159 INFO  server.RaftServerConfigKeys (ConfUtils.java:logGet(43)) - raft.server.log.segment.size.max = 1048576 (custom)
2019-07-13 07:40:54,159 INFO  server.RaftServerConfigKeys (ConfUtils.java:logGet(43)) - raft.server.snapshot.auto.trigger.enabled = true (custom)
2019-07-13 07:40:54,159 INFO  server.RaftServerConfigKeys (ConfUtils.java:logGet(43)) - raft.server.log.segment.size.max = 1048576 (custom)
2019-07-13 07:40:54,159 INFO  server.RaftServerConfigKeys (ConfUtils.java:logGet(43)) - raft.server.snapshot.auto.trigger.threshold = 10000 (custom)
2019-07-13 07:40:54,159 INFO  server.RaftServerConfigKeys (ConfUtils.java:logGet(43)) - raft.server.log.preallocated.size = 16384 (custom)
2019-07-13 07:40:54,160 INFO  server.RaftServerConfigKeys (ConfUtils.java:logGet(43)) - raft.server.retrycache.expirytime = 600000ms (custom)
2019-07-13 07:40:54,160 INFO  server.RaftServerConfigKeys (ConfUtils.java:logGet(43)) - raft.server.log.preallocated.size = 16384 (custom)
2019-07-13 07:40:54,160 INFO  impl.RaftServerImpl (RaftServerImpl.java:start(180)) - ffea1c0c-54d4-489a-91f1-ab213ff31fbd: start group-67BD07A3D150
2019-07-13 07:40:54,160 INFO  server.RaftServerConfigKeys (ConfUtils.java:logGet(43)) - raft.server.log.write.buffer.size = 33554432 (custom)
2019-07-13 07:40:54,160 INFO  impl.RaftServerImpl (RaftServerImpl.java:setRole(171)) - ffea1c0c-54d4-489a-91f1-ab213ff31fbd:group-67BD07A3D150 changes role from null to FOLLOWER at term 0 for startAsFollower
2019-07-13 07:40:54,161 INFO  impl.RoleInfo (RoleInfo.java:updateAndGet(143)) - ffea1c0c-54d4-489a-91f1-ab213ff31fbd: start FollowerState
2019-07-13 07:40:54,160 INFO  server.RaftServerConfigKeys (ConfUtils.java:logGet(43)) - raft.server.log.write.buffer.size = 33554432 (custom)
2019-07-13 07:40:54,161 INFO  server.RaftServerConfigKeys (ConfUtils.java:logGet(43)) - raft.server.log.force.sync.num = 128 (default)
2019-07-13 07:40:54,161 INFO  server.RaftServerConfigKeys (ConfUtils.java:logGet(43)) - raft.server.log.force.sync.num = 128 (default)
2019-07-13 07:40:54,161 INFO  server.RaftServerConfigKeys (ConfUtils.java:logGet(43)) - raft.server.log.statemachine.data.sync = true (default)
2019-07-13 07:40:54,161 INFO  util.JmxRegister (JmxRegister.java:tryRegister(44)) - Successfully registered JMX Bean with object name Ratis:service=RaftServer,group=group-67BD07A3D150,id=ffea1c0c-54d4-489a-91f1-ab213ff31fbd
2019-07-13 07:40:54,162 INFO  server.RaftServerConfigKeys (ConfUtils.java:logGet(43)) - raft.server.log.statemachine.data.sync.timeout = 10s (default)
2019-07-13 07:40:54,161 INFO  server.RaftServerConfigKeys (ConfUtils.java:logGet(43)) - raft.server.log.statemachine.data.sync = true (default)
2019-07-13 07:40:54,162 INFO  server.RaftServerConfigKeys (ConfUtils.java:logGet(43)) - raft.server.log.statemachine.data.sync.timeout.retry = -1 (default)
2019-07-13 07:40:54,162 INFO  server.RaftServerConfigKeys (ConfUtils.java:logGet(43)) - raft.server.log.statemachine.data.sync.timeout = 10s (default)
2019-07-13 07:40:54,162 INFO  server.RaftServerConfigKeys (ConfUtils.java:logGet(43)) - raft.server.log.statemachine.data.caching.enabled = true (custom)
2019-07-13 07:40:54,162 INFO  server.RaftServerConfigKeys (ConfUtils.java:logGet(43)) - raft.server.log.statemachine.data.sync.timeout.retry = -1 (default)
2019-07-13 07:40:54,163 INFO  segmented.SegmentedRaftLogWorker (SegmentedRaftLogWorker.java:lambda$new$0(132)) - fed9b9f5-d86c-4039-a8d2-a5af12463bc9-SegmentedRaftLogWorker:Storage Directory /tmp/workdir/hadoop-ozone/integration-test/target/test-dir/MiniOzoneClusterImpl-a9291cd5-20eb-4d49-8028-80e536ff47c2/datanode-2/data/ratis/1c0fcc1b-6434-4eff-b953-67bd07a3d150: flushIndex: setUnconditionally 0 -> -1
2019-07-13 07:40:54,163 INFO  server.RaftServerConfigKeys (ConfUtils.java:logGet(43)) - raft.server.log.statemachine.data.caching.enabled = true (custom)
2019-07-13 07:40:54,163 INFO  server.RaftServerConfigKeys (ConfUtils.java:logGet(43)) - raft.server.snapshot.auto.trigger.enabled = true (custom)
2019-07-13 07:40:54,163 INFO  server.RaftServerConfigKeys (ConfUtils.java:logGet(43)) - raft.server.snapshot.auto.trigger.threshold = 10000 (custom)
2019-07-13 07:40:54,163 INFO  segmented.SegmentedRaftLogWorker (SegmentedRaftLogWorker.java:lambda$new$0(132)) - cf574be2-0862-442f-9bdc-d7a358afdd89-SegmentedRaftLogWorker:Storage Directory /tmp/workdir/hadoop-ozone/integration-test/target/test-dir/MiniOzoneClusterImpl-a9291cd5-20eb-4d49-8028-80e536ff47c2/datanode-0/data/ratis/1c0fcc1b-6434-4eff-b953-67bd07a3d150: flushIndex: setUnconditionally 0 -> -1
2019-07-13 07:40:54,163 INFO  server.RaftServerConfigKeys (ConfUtils.java:logGet(43)) - raft.server.retrycache.expirytime = 600000ms (custom)
2019-07-13 07:40:54,164 INFO  impl.RaftServerImpl (RaftServerImpl.java:start(180)) - fed9b9f5-d86c-4039-a8d2-a5af12463bc9: start group-67BD07A3D150
2019-07-13 07:40:54,164 INFO  server.RaftServerConfigKeys (ConfUtils.java:logGet(43)) - raft.server.snapshot.auto.trigger.enabled = true (custom)
2019-07-13 07:40:54,164 INFO  impl.RaftServerImpl (RaftServerImpl.java:setRole(171)) - fed9b9f5-d86c-4039-a8d2-a5af12463bc9:group-67BD07A3D150 changes role from null to FOLLOWER at term 0 for startAsFollower
2019-07-13 07:40:54,164 INFO  server.RaftServerConfigKeys (ConfUtils.java:logGet(43)) - raft.server.snapshot.auto.trigger.threshold = 10000 (custom)
2019-07-13 07:40:54,164 INFO  impl.RoleInfo (RoleInfo.java:updateAndGet(143)) - fed9b9f5-d86c-4039-a8d2-a5af12463bc9: start FollowerState
2019-07-13 07:40:54,164 INFO  server.RaftServerConfigKeys (ConfUtils.java:logGet(43)) - raft.server.retrycache.expirytime = 600000ms (custom)
2019-07-13 07:40:54,164 INFO  impl.RaftServerImpl (RaftServerImpl.java:start(180)) - cf574be2-0862-442f-9bdc-d7a358afdd89: start group-67BD07A3D150
2019-07-13 07:40:54,165 INFO  util.JmxRegister (JmxRegister.java:tryRegister(44)) - Successfully registered JMX Bean with object name Ratis:service=RaftServer,group=group-67BD07A3D150,id=fed9b9f5-d86c-4039-a8d2-a5af12463bc9
2019-07-13 07:40:54,165 INFO  impl.RaftServerImpl (RaftServerImpl.java:setRole(171)) - cf574be2-0862-442f-9bdc-d7a358afdd89:group-67BD07A3D150 changes role from null to FOLLOWER at term 0 for startAsFollower
2019-07-13 07:40:54,165 INFO  impl.RoleInfo (RoleInfo.java:updateAndGet(143)) - cf574be2-0862-442f-9bdc-d7a358afdd89: start FollowerState
2019-07-13 07:40:54,165 INFO  util.JmxRegister (JmxRegister.java:tryRegister(44)) - Successfully registered JMX Bean with object name Ratis:service=RaftServer,group=group-67BD07A3D150,id=cf574be2-0862-442f-9bdc-d7a358afdd89
2019-07-13 07:40:54,167 INFO  pipeline.PipelineStateManager (PipelineStateManager.java:addPipeline(56)) - Created pipeline Pipeline[ Id: 1c0fcc1b-6434-4eff-b953-67bd07a3d150, Nodes: cf574be2-0862-442f-9bdc-d7a358afdd89{ip: 192.168.69.84, host: trunk-nightly-9lh4p-2362225927, networkLocation: /default-rack, certSerialId: null}ffea1c0c-54d4-489a-91f1-ab213ff31fbd{ip: 192.168.69.84, host: trunk-nightly-9lh4p-2362225927, networkLocation: /default-rack, certSerialId: null}fed9b9f5-d86c-4039-a8d2-a5af12463bc9{ip: 192.168.69.84, host: trunk-nightly-9lh4p-2362225927, networkLocation: /default-rack, certSerialId: null}, Type:RATIS, Factor:THREE, State:OPEN]
2019-07-13 07:40:54,176 INFO  node.SCMNodeManager (SCMNodeManager.java:register(269)) - Registered Data node : 663ce06c-2b00-49a0-b86a-9b132b56b1c5{ip: 192.168.69.84, host: trunk-nightly-9lh4p-2362225927, networkLocation: /default-rack, certSerialId: null}
2019-07-13 07:40:54,185 INFO  impl.RaftServerProxy (RaftServerProxy.java:addNew(89)) - 663ce06c-2b00-49a0-b86a-9b132b56b1c5: addNew group-FF8BB21085BB:[663ce06c-2b00-49a0-b86a-9b132b56b1c5:192.168.69.84:46023] returns group-FF8BB21085BB:java.util.concurrent.CompletableFuture@16be1fb7[Not completed]
2019-07-13 07:40:54,186 INFO  impl.RaftServerImpl (RaftServerImpl.java:<init>(93)) - 663ce06c-2b00-49a0-b86a-9b132b56b1c5: new RaftServerImpl for group-FF8BB21085BB:[663ce06c-2b00-49a0-b86a-9b132b56b1c5:192.168.69.84:46023] with ContainerStateMachine:uninitialized
2019-07-13 07:40:54,187 INFO  server.RaftServerConfigKeys (ConfUtils.java:logGet(43)) - raft.server.rpc.timeout.min = 5s (custom)
2019-07-13 07:40:54,187 INFO  server.RaftServerConfigKeys (ConfUtils.java:logGet(43)) - raft.server.rpc.timeout.max = 5200ms (custom)
2019-07-13 07:40:54,187 INFO  server.RaftServerConfigKeys (ConfUtils.java:logGet(43)) - raft.server.rpcslowness.timeout = 120s (custom)
2019-07-13 07:40:54,187 INFO  server.RaftServerConfigKeys (ConfUtils.java:logGet(43)) - raft.server.sleep.deviation.threshold = 300 (default)
2019-07-13 07:40:54,187 INFO  server.RaftServerConfigKeys (ConfUtils.java:logGet(43)) - raft.server.log.appender.install.snapshot.enabled = false (custom)
2019-07-13 07:40:54,187 INFO  impl.RaftServerImpl (ServerState.java:<init>(105)) - 663ce06c-2b00-49a0-b86a-9b132b56b1c5:group-FF8BB21085BB ConfigurationManager, init=-1: [663ce06c-2b00-49a0-b86a-9b132b56b1c5:192.168.69.84:46023], old=null, confs=<EMPTY_MAP>
2019-07-13 07:40:54,188 INFO  server.RaftServerConfigKeys (ConfUtils.java:logGet(43)) - raft.server.storage.dir = [/tmp/workdir/hadoop-ozone/integration-test/target/test-dir/MiniOzoneClusterImpl-a9291cd5-20eb-4d49-8028-80e536ff47c2/datanode-3/data/ratis] (custom)
2019-07-13 07:40:54,188 INFO  storage.RaftStorageDirectory (RaftStorageDirectory.java:analyzeStorage(246)) - The storage directory /tmp/workdir/hadoop-ozone/integration-test/target/test-dir/MiniOzoneClusterImpl-a9291cd5-20eb-4d49-8028-80e536ff47c2/datanode-3/data/ratis/d5b5101a-ec3e-4626-bf02-ff8bb21085bb does not exist. Creating ...
2019-07-13 07:40:54,201 INFO  storage.RaftStorageDirectory (RaftStorageDirectory.java:tryLock(328)) - Lock on /tmp/workdir/hadoop-ozone/integration-test/target/test-dir/MiniOzoneClusterImpl-a9291cd5-20eb-4d49-8028-80e536ff47c2/datanode-3/data/ratis/d5b5101a-ec3e-4626-bf02-ff8bb21085bb/in_use.lock acquired by nodename 29913@trunk-nightly-9lh4p-2362225927
2019-07-13 07:40:54,214 INFO  storage.RaftStorage (RaftStorage.java:format(72)) - Storage directory /tmp/workdir/hadoop-ozone/integration-test/target/test-dir/MiniOzoneClusterImpl-a9291cd5-20eb-4d49-8028-80e536ff47c2/datanode-3/data/ratis/d5b5101a-ec3e-4626-bf02-ff8bb21085bb has been successfully formatted.
2019-07-13 07:40:54,214 INFO  ratis.ContainerStateMachine (ContainerStateMachine.java:loadSnapshot(200)) - The snapshot info is null.Setting the last applied index to:(t:0, i:~)
2019-07-13 07:40:54,214 INFO  server.RaftServerConfigKeys (ConfUtils.java:logGet(43)) - raft.server.leader.election.timeout = 120s (custom)
2019-07-13 07:40:54,214 INFO  server.RaftServerConfigKeys (ConfUtils.java:logGet(43)) - raft.server.log.use.memory = false (default)
2019-07-13 07:40:54,215 INFO  server.RaftServerConfigKeys (ConfUtils.java:logGet(43)) - raft.server.log.purge.gap = 1000000000 (custom)
2019-07-13 07:40:54,215 INFO  server.RaftServerConfigKeys (ConfUtils.java:logGet(43)) - raft.server.log.appender.buffer.byte-limit = 33554432 (custom)
2019-07-13 07:40:54,215 INFO  server.RaftServerConfigKeys (ConfUtils.java:logGet(43)) - raft.server.log.segment.size.max = 1048576 (custom)
2019-07-13 07:40:54,215 INFO  server.RaftServerConfigKeys (ConfUtils.java:logGet(43)) - raft.server.log.segment.cache.num.max = 2 (custom)
2019-07-13 07:40:54,215 INFO  segmented.SegmentedRaftLogWorker (SegmentedRaftLogWorker.java:<init>(172)) - new 663ce06c-2b00-49a0-b86a-9b132b56b1c5-SegmentedRaftLogWorker:Storage Directory /tmp/workdir/hadoop-ozone/integration-test/target/test-dir/MiniOzoneClusterImpl-a9291cd5-20eb-4d49-8028-80e536ff47c2/datanode-3/data/ratis/d5b5101a-ec3e-4626-bf02-ff8bb21085bb for RaftStorage:Storage Directory /tmp/workdir/hadoop-ozone/integration-test/target/test-dir/MiniOzoneClusterImpl-a9291cd5-20eb-4d49-8028-80e536ff47c2/datanode-3/data/ratis/d5b5101a-ec3e-4626-bf02-ff8bb21085bb
2019-07-13 07:40:54,216 INFO  server.RaftServerConfigKeys (ConfUtils.java:logGet(43)) - raft.server.log.queue.byte-limit = 2147483647 (custom)
2019-07-13 07:40:54,216 INFO  server.RaftServerConfigKeys (ConfUtils.java:logGet(43)) - raft.server.log.queue.element-limit = 1024 (custom)
2019-07-13 07:40:54,216 INFO  server.RaftServerConfigKeys (ConfUtils.java:logGet(43)) - raft.server.log.segment.size.max = 1048576 (custom)
2019-07-13 07:40:54,216 INFO  server.RaftServerConfigKeys (ConfUtils.java:logGet(43)) - raft.server.log.preallocated.size = 16384 (custom)
2019-07-13 07:40:54,216 INFO  server.RaftServerConfigKeys (ConfUtils.java:logGet(43)) - raft.server.log.write.buffer.size = 33554432 (custom)
2019-07-13 07:40:54,216 INFO  server.RaftServerConfigKeys (ConfUtils.java:logGet(43)) - raft.server.log.force.sync.num = 128 (default)
2019-07-13 07:40:54,217 INFO  server.RaftServerConfigKeys (ConfUtils.java:logGet(43)) - raft.server.log.statemachine.data.sync = true (default)
2019-07-13 07:40:54,217 INFO  server.RaftServerConfigKeys (ConfUtils.java:logGet(43)) - raft.server.log.statemachine.data.sync.timeout = 10s (default)
2019-07-13 07:40:54,217 INFO  server.RaftServerConfigKeys (ConfUtils.java:logGet(43)) - raft.server.log.statemachine.data.sync.timeout.retry = -1 (default)
2019-07-13 07:40:54,217 INFO  server.RaftServerConfigKeys (ConfUtils.java:logGet(43)) - raft.server.log.statemachine.data.caching.enabled = true (custom)
2019-07-13 07:40:54,218 INFO  segmented.SegmentedRaftLogWorker (SegmentedRaftLogWorker.java:lambda$new$0(132)) - 663ce06c-2b00-49a0-b86a-9b132b56b1c5-SegmentedRaftLogWorker:Storage Directory /tmp/workdir/hadoop-ozone/integration-test/target/test-dir/MiniOzoneClusterImpl-a9291cd5-20eb-4d49-8028-80e536ff47c2/datanode-3/data/ratis/d5b5101a-ec3e-4626-bf02-ff8bb21085bb: flushIndex: setUnconditionally 0 -> -1
2019-07-13 07:40:54,218 INFO  server.RaftServerConfigKeys (ConfUtils.java:logGet(43)) - raft.server.snapshot.auto.trigger.enabled = true (custom)
2019-07-13 07:40:54,218 INFO  server.RaftServerConfigKeys (ConfUtils.java:logGet(43)) - raft.server.snapshot.auto.trigger.threshold = 10000 (custom)
2019-07-13 07:40:54,218 INFO  server.RaftServerConfigKeys (ConfUtils.java:logGet(43)) - raft.server.retrycache.expirytime = 600000ms (custom)
2019-07-13 07:40:54,219 INFO  impl.RaftServerImpl (RaftServerImpl.java:start(180)) - 663ce06c-2b00-49a0-b86a-9b132b56b1c5: start group-FF8BB21085BB
2019-07-13 07:40:54,219 INFO  impl.RaftServerImpl (RaftServerImpl.java:setRole(171)) - 663ce06c-2b00-49a0-b86a-9b132b56b1c5:group-FF8BB21085BB changes role from null to FOLLOWER at term 0 for startAsFollower
2019-07-13 07:40:54,219 INFO  impl.RoleInfo (RoleInfo.java:updateAndGet(143)) - 663ce06c-2b00-49a0-b86a-9b132b56b1c5: start FollowerState
2019-07-13 07:40:54,236 INFO  util.JmxRegister (JmxRegister.java:tryRegister(44)) - Successfully registered JMX Bean with object name Ratis:service=RaftServer,group=group-FF8BB21085BB,id=663ce06c-2b00-49a0-b86a-9b132b56b1c5
2019-07-13 07:40:54,246 INFO  pipeline.PipelineStateManager (PipelineStateManager.java:addPipeline(56)) - Created pipeline Pipeline[ Id: d5b5101a-ec3e-4626-bf02-ff8bb21085bb, Nodes: 663ce06c-2b00-49a0-b86a-9b132b56b1c5{ip: 192.168.69.84, host: trunk-nightly-9lh4p-2362225927, networkLocation: /default-rack, certSerialId: null}, Type:RATIS, Factor:ONE, State:OPEN]
2019-07-13 07:40:54,339 INFO  node.SCMNodeManager (SCMNodeManager.java:register(269)) - Registered Data node : e95deabc-ba49-4e50-b9d3-1085dd1bb7a8{ip: 192.168.69.84, host: trunk-nightly-9lh4p-2362225927, networkLocation: /default-rack, certSerialId: null}
2019-07-13 07:40:54,346 INFO  impl.RaftServerProxy (RaftServerProxy.java:addNew(89)) - e95deabc-ba49-4e50-b9d3-1085dd1bb7a8: addNew group-32C3042CCB8C:[e95deabc-ba49-4e50-b9d3-1085dd1bb7a8:192.168.69.84:44735] returns group-32C3042CCB8C:java.util.concurrent.CompletableFuture@7f7ba791[Not completed]
2019-07-13 07:40:54,347 INFO  impl.RaftServerImpl (RaftServerImpl.java:<init>(93)) - e95deabc-ba49-4e50-b9d3-1085dd1bb7a8: new RaftServerImpl for group-32C3042CCB8C:[e95deabc-ba49-4e50-b9d3-1085dd1bb7a8:192.168.69.84:44735] with ContainerStateMachine:uninitialized
2019-07-13 07:40:54,347 INFO  server.RaftServerConfigKeys (ConfUtils.java:logGet(43)) - raft.server.rpc.timeout.min = 5s (custom)
2019-07-13 07:40:54,347 INFO  server.RaftServerConfigKeys (ConfUtils.java:logGet(43)) - raft.server.rpc.timeout.max = 5200ms (custom)
2019-07-13 07:40:54,347 INFO  server.RaftServerConfigKeys (ConfUtils.java:logGet(43)) - raft.server.rpcslowness.timeout = 120s (custom)
2019-07-13 07:40:54,348 INFO  server.RaftServerConfigKeys (ConfUtils.java:logGet(43)) - raft.server.sleep.deviation.threshold = 300 (default)
2019-07-13 07:40:54,348 INFO  server.RaftServerConfigKeys (ConfUtils.java:logGet(43)) - raft.server.log.appender.install.snapshot.enabled = false (custom)
2019-07-13 07:40:54,348 INFO  impl.RaftServerImpl (ServerState.java:<init>(105)) - e95deabc-ba49-4e50-b9d3-1085dd1bb7a8:group-32C3042CCB8C ConfigurationManager, init=-1: [e95deabc-ba49-4e50-b9d3-1085dd1bb7a8:192.168.69.84:44735], old=null, confs=<EMPTY_MAP>
2019-07-13 07:40:54,348 INFO  server.RaftServerConfigKeys (ConfUtils.java:logGet(43)) - raft.server.storage.dir = [/tmp/workdir/hadoop-ozone/integration-test/target/test-dir/MiniOzoneClusterImpl-a9291cd5-20eb-4d49-8028-80e536ff47c2/datanode-4/data/ratis] (custom)
2019-07-13 07:40:54,348 INFO  storage.RaftStorageDirectory (RaftStorageDirectory.java:analyzeStorage(246)) - The storage directory /tmp/workdir/hadoop-ozone/integration-test/target/test-dir/MiniOzoneClusterImpl-a9291cd5-20eb-4d49-8028-80e536ff47c2/datanode-4/data/ratis/62d02b30-4701-4776-8913-32c3042ccb8c does not exist. Creating ...
2019-07-13 07:40:54,373 INFO  storage.RaftStorageDirectory (RaftStorageDirectory.java:tryLock(328)) - Lock on /tmp/workdir/hadoop-ozone/integration-test/target/test-dir/MiniOzoneClusterImpl-a9291cd5-20eb-4d49-8028-80e536ff47c2/datanode-4/data/ratis/62d02b30-4701-4776-8913-32c3042ccb8c/in_use.lock acquired by nodename 29913@trunk-nightly-9lh4p-2362225927
2019-07-13 07:40:54,387 INFO  storage.RaftStorage (RaftStorage.java:format(72)) - Storage directory /tmp/workdir/hadoop-ozone/integration-test/target/test-dir/MiniOzoneClusterImpl-a9291cd5-20eb-4d49-8028-80e536ff47c2/datanode-4/data/ratis/62d02b30-4701-4776-8913-32c3042ccb8c has been successfully formatted.
2019-07-13 07:40:54,387 INFO  ratis.ContainerStateMachine (ContainerStateMachine.java:loadSnapshot(200)) - The snapshot info is null.Setting the last applied index to:(t:0, i:~)
2019-07-13 07:40:54,387 INFO  server.RaftServerConfigKeys (ConfUtils.java:logGet(43)) - raft.server.leader.election.timeout = 120s (custom)
2019-07-13 07:40:54,387 INFO  server.RaftServerConfigKeys (ConfUtils.java:logGet(43)) - raft.server.log.use.memory = false (default)
2019-07-13 07:40:54,387 INFO  server.RaftServerConfigKeys (ConfUtils.java:logGet(43)) - raft.server.log.purge.gap = 1000000000 (custom)
2019-07-13 07:40:54,387 INFO  server.RaftServerConfigKeys (ConfUtils.java:logGet(43)) - raft.server.log.appender.buffer.byte-limit = 33554432 (custom)
2019-07-13 07:40:54,388 INFO  server.RaftServerConfigKeys (ConfUtils.java:logGet(43)) - raft.server.log.segment.size.max = 1048576 (custom)
2019-07-13 07:40:54,388 INFO  server.RaftServerConfigKeys (ConfUtils.java:logGet(43)) - raft.server.log.segment.cache.num.max = 2 (custom)
2019-07-13 07:40:54,388 INFO  segmented.SegmentedRaftLogWorker (SegmentedRaftLogWorker.java:<init>(172)) - new e95deabc-ba49-4e50-b9d3-1085dd1bb7a8-SegmentedRaftLogWorker:Storage Directory /tmp/workdir/hadoop-ozone/integration-test/target/test-dir/MiniOzoneClusterImpl-a9291cd5-20eb-4d49-8028-80e536ff47c2/datanode-4/data/ratis/62d02b30-4701-4776-8913-32c3042ccb8c for RaftStorage:Storage Directory /tmp/workdir/hadoop-ozone/integration-test/target/test-dir/MiniOzoneClusterImpl-a9291cd5-20eb-4d49-8028-80e536ff47c2/datanode-4/data/ratis/62d02b30-4701-4776-8913-32c3042ccb8c
2019-07-13 07:40:54,388 INFO  server.RaftServerConfigKeys (ConfUtils.java:logGet(43)) - raft.server.log.queue.byte-limit = 2147483647 (custom)
2019-07-13 07:40:54,388 INFO  server.RaftServerConfigKeys (ConfUtils.java:logGet(43)) - raft.server.log.queue.element-limit = 1024 (custom)
2019-07-13 07:40:54,389 INFO  server.RaftServerConfigKeys (ConfUtils.java:logGet(43)) - raft.server.log.segment.size.max = 1048576 (custom)
2019-07-13 07:40:54,389 INFO  server.RaftServerConfigKeys (ConfUtils.java:logGet(43)) - raft.server.log.preallocated.size = 16384 (custom)
2019-07-13 07:40:54,389 INFO  server.RaftServerConfigKeys (ConfUtils.java:logGet(43)) - raft.server.log.write.buffer.size = 33554432 (custom)
2019-07-13 07:40:54,389 INFO  server.RaftServerConfigKeys (ConfUtils.java:logGet(43)) - raft.server.log.force.sync.num = 128 (default)
2019-07-13 07:40:54,389 INFO  server.RaftServerConfigKeys (ConfUtils.java:logGet(43)) - raft.server.log.statemachine.data.sync = true (default)
2019-07-13 07:40:54,389 INFO  server.RaftServerConfigKeys (ConfUtils.java:logGet(43)) - raft.server.log.statemachine.data.sync.timeout = 10s (default)
2019-07-13 07:40:54,389 INFO  server.RaftServerConfigKeys (ConfUtils.java:logGet(43)) - raft.server.log.statemachine.data.sync.timeout.retry = -1 (default)
2019-07-13 07:40:54,390 INFO  server.RaftServerConfigKeys (ConfUtils.java:logGet(43)) - raft.server.log.statemachine.data.caching.enabled = true (custom)
2019-07-13 07:40:54,390 INFO  segmented.SegmentedRaftLogWorker (SegmentedRaftLogWorker.java:lambda$new$0(132)) - e95deabc-ba49-4e50-b9d3-1085dd1bb7a8-SegmentedRaftLogWorker:Storage Directory /tmp/workdir/hadoop-ozone/integration-test/target/test-dir/MiniOzoneClusterImpl-a9291cd5-20eb-4d49-8028-80e536ff47c2/datanode-4/data/ratis/62d02b30-4701-4776-8913-32c3042ccb8c: flushIndex: setUnconditionally 0 -> -1
2019-07-13 07:40:54,390 INFO  server.RaftServerConfigKeys (ConfUtils.java:logGet(43)) - raft.server.snapshot.auto.trigger.enabled = true (custom)
2019-07-13 07:40:54,391 INFO  server.RaftServerConfigKeys (ConfUtils.java:logGet(43)) - raft.server.snapshot.auto.trigger.threshold = 10000 (custom)
2019-07-13 07:40:54,391 INFO  server.RaftServerConfigKeys (ConfUtils.java:logGet(43)) - raft.server.retrycache.expirytime = 600000ms (custom)
2019-07-13 07:40:54,391 INFO  impl.RaftServerImpl (RaftServerImpl.java:start(180)) - e95deabc-ba49-4e50-b9d3-1085dd1bb7a8: start group-32C3042CCB8C
2019-07-13 07:40:54,391 INFO  impl.RaftServerImpl (RaftServerImpl.java:setRole(171)) - e95deabc-ba49-4e50-b9d3-1085dd1bb7a8:group-32C3042CCB8C changes role from null to FOLLOWER at term 0 for startAsFollower
2019-07-13 07:40:54,391 INFO  impl.RoleInfo (RoleInfo.java:updateAndGet(143)) - e95deabc-ba49-4e50-b9d3-1085dd1bb7a8: start FollowerState
2019-07-13 07:40:54,392 INFO  util.JmxRegister (JmxRegister.java:tryRegister(44)) - Successfully registered JMX Bean with object name Ratis:service=RaftServer,group=group-32C3042CCB8C,id=e95deabc-ba49-4e50-b9d3-1085dd1bb7a8
2019-07-13 07:40:54,393 INFO  pipeline.PipelineStateManager (PipelineStateManager.java:addPipeline(56)) - Created pipeline Pipeline[ Id: 62d02b30-4701-4776-8913-32c3042ccb8c, Nodes: e95deabc-ba49-4e50-b9d3-1085dd1bb7a8{ip: 192.168.69.84, host: trunk-nightly-9lh4p-2362225927, networkLocation: /default-rack, certSerialId: null}, Type:RATIS, Factor:ONE, State:OPEN]
2019-07-13 07:40:54,507 INFO  node.SCMNodeManager (SCMNodeManager.java:register(269)) - Registered Data node : bf9b69e6-af40-4f2b-90c0-0d8e6346e31e{ip: 192.168.69.84, host: trunk-nightly-9lh4p-2362225927, networkLocation: /default-rack, certSerialId: null}
2019-07-13 07:40:54,515 INFO  impl.RaftServerProxy (RaftServerProxy.java:addNew(89)) - bf9b69e6-af40-4f2b-90c0-0d8e6346e31e: addNew group-8B3B21335831:[bf9b69e6-af40-4f2b-90c0-0d8e6346e31e:192.168.69.84:41973] returns group-8B3B21335831:java.util.concurrent.CompletableFuture@3a119bb[Not completed]
2019-07-13 07:40:54,516 INFO  impl.RaftServerImpl (RaftServerImpl.java:<init>(93)) - bf9b69e6-af40-4f2b-90c0-0d8e6346e31e: new RaftServerImpl for group-8B3B21335831:[bf9b69e6-af40-4f2b-90c0-0d8e6346e31e:192.168.69.84:41973] with ContainerStateMachine:uninitialized
2019-07-13 07:40:54,516 INFO  server.RaftServerConfigKeys (ConfUtils.java:logGet(43)) - raft.server.rpc.timeout.min = 5s (custom)
2019-07-13 07:40:54,516 INFO  server.RaftServerConfigKeys (ConfUtils.java:logGet(43)) - raft.server.rpc.timeout.max = 5200ms (custom)
2019-07-13 07:40:54,516 INFO  server.RaftServerConfigKeys (ConfUtils.java:logGet(43)) - raft.server.rpcslowness.timeout = 120s (custom)
2019-07-13 07:40:54,517 INFO  server.RaftServerConfigKeys (ConfUtils.java:logGet(43)) - raft.server.sleep.deviation.threshold = 300 (default)
2019-07-13 07:40:54,517 INFO  server.RaftServerConfigKeys (ConfUtils.java:logGet(43)) - raft.server.log.appender.install.snapshot.enabled = false (custom)
2019-07-13 07:40:54,517 INFO  impl.RaftServerImpl (ServerState.java:<init>(105)) - bf9b69e6-af40-4f2b-90c0-0d8e6346e31e:group-8B3B21335831 ConfigurationManager, init=-1: [bf9b69e6-af40-4f2b-90c0-0d8e6346e31e:192.168.69.84:41973], old=null, confs=<EMPTY_MAP>
2019-07-13 07:40:54,517 INFO  server.RaftServerConfigKeys (ConfUtils.java:logGet(43)) - raft.server.storage.dir = [/tmp/workdir/hadoop-ozone/integration-test/target/test-dir/MiniOzoneClusterImpl-a9291cd5-20eb-4d49-8028-80e536ff47c2/datanode-5/data/ratis] (custom)
2019-07-13 07:40:54,517 INFO  storage.RaftStorageDirectory (RaftStorageDirectory.java:analyzeStorage(246)) - The storage directory /tmp/workdir/hadoop-ozone/integration-test/target/test-dir/MiniOzoneClusterImpl-a9291cd5-20eb-4d49-8028-80e536ff47c2/datanode-5/data/ratis/476607af-56a2-4546-a615-8b3b21335831 does not exist. Creating ...
2019-07-13 07:40:54,532 INFO  storage.RaftStorageDirectory (RaftStorageDirectory.java:tryLock(328)) - Lock on /tmp/workdir/hadoop-ozone/integration-test/target/test-dir/MiniOzoneClusterImpl-a9291cd5-20eb-4d49-8028-80e536ff47c2/datanode-5/data/ratis/476607af-56a2-4546-a615-8b3b21335831/in_use.lock acquired by nodename 29913@trunk-nightly-9lh4p-2362225927
2019-07-13 07:40:54,545 INFO  storage.RaftStorage (RaftStorage.java:format(72)) - Storage directory /tmp/workdir/hadoop-ozone/integration-test/target/test-dir/MiniOzoneClusterImpl-a9291cd5-20eb-4d49-8028-80e536ff47c2/datanode-5/data/ratis/476607af-56a2-4546-a615-8b3b21335831 has been successfully formatted.
2019-07-13 07:40:54,545 INFO  ratis.ContainerStateMachine (ContainerStateMachine.java:loadSnapshot(200)) - The snapshot info is null.Setting the last applied index to:(t:0, i:~)
2019-07-13 07:40:54,545 INFO  server.RaftServerConfigKeys (ConfUtils.java:logGet(43)) - raft.server.leader.election.timeout = 120s (custom)
2019-07-13 07:40:54,546 INFO  server.RaftServerConfigKeys (ConfUtils.java:logGet(43)) - raft.server.log.use.memory = false (default)
2019-07-13 07:40:54,546 INFO  server.RaftServerConfigKeys (ConfUtils.java:logGet(43)) - raft.server.log.purge.gap = 1000000000 (custom)
2019-07-13 07:40:54,546 INFO  server.RaftServerConfigKeys (ConfUtils.java:logGet(43)) - raft.server.log.appender.buffer.byte-limit = 33554432 (custom)
2019-07-13 07:40:54,546 INFO  server.RaftServerConfigKeys (ConfUtils.java:logGet(43)) - raft.server.log.segment.size.max = 1048576 (custom)
2019-07-13 07:40:54,546 INFO  server.RaftServerConfigKeys (ConfUtils.java:logGet(43)) - raft.server.log.segment.cache.num.max = 2 (custom)
2019-07-13 07:40:54,546 INFO  segmented.SegmentedRaftLogWorker (SegmentedRaftLogWorker.java:<init>(172)) - new bf9b69e6-af40-4f2b-90c0-0d8e6346e31e-SegmentedRaftLogWorker:Storage Directory /tmp/workdir/hadoop-ozone/integration-test/target/test-dir/MiniOzoneClusterImpl-a9291cd5-20eb-4d49-8028-80e536ff47c2/datanode-5/data/ratis/476607af-56a2-4546-a615-8b3b21335831 for RaftStorage:Storage Directory /tmp/workdir/hadoop-ozone/integration-test/target/test-dir/MiniOzoneClusterImpl-a9291cd5-20eb-4d49-8028-80e536ff47c2/datanode-5/data/ratis/476607af-56a2-4546-a615-8b3b21335831
2019-07-13 07:40:54,547 INFO  server.RaftServerConfigKeys (ConfUtils.java:logGet(43)) - raft.server.log.queue.byte-limit = 2147483647 (custom)
2019-07-13 07:40:54,547 INFO  server.RaftServerConfigKeys (ConfUtils.java:logGet(43)) - raft.server.log.queue.element-limit = 1024 (custom)
2019-07-13 07:40:54,547 INFO  server.RaftServerConfigKeys (ConfUtils.java:logGet(43)) - raft.server.log.segment.size.max = 1048576 (custom)
2019-07-13 07:40:54,547 INFO  server.RaftServerConfigKeys (ConfUtils.java:logGet(43)) - raft.server.log.preallocated.size = 16384 (custom)
2019-07-13 07:40:54,547 INFO  server.RaftServerConfigKeys (ConfUtils.java:logGet(43)) - raft.server.log.write.buffer.size = 33554432 (custom)
2019-07-13 07:40:54,547 INFO  server.RaftServerConfigKeys (ConfUtils.java:logGet(43)) - raft.server.log.force.sync.num = 128 (default)
2019-07-13 07:40:54,547 INFO  server.RaftServerConfigKeys (ConfUtils.java:logGet(43)) - raft.server.log.statemachine.data.sync = true (default)
2019-07-13 07:40:54,548 INFO  server.RaftServerConfigKeys (ConfUtils.java:logGet(43)) - raft.server.log.statemachine.data.sync.timeout = 10s (default)
2019-07-13 07:40:54,548 INFO  server.RaftServerConfigKeys (ConfUtils.java:logGet(43)) - raft.server.log.statemachine.data.sync.timeout.retry = -1 (default)
2019-07-13 07:40:54,548 INFO  server.RaftServerConfigKeys (ConfUtils.java:logGet(43)) - raft.server.log.statemachine.data.caching.enabled = true (custom)
2019-07-13 07:40:54,548 INFO  segmented.SegmentedRaftLogWorker (SegmentedRaftLogWorker.java:lambda$new$0(132)) - bf9b69e6-af40-4f2b-90c0-0d8e6346e31e-SegmentedRaftLogWorker:Storage Directory /tmp/workdir/hadoop-ozone/integration-test/target/test-dir/MiniOzoneClusterImpl-a9291cd5-20eb-4d49-8028-80e536ff47c2/datanode-5/data/ratis/476607af-56a2-4546-a615-8b3b21335831: flushIndex: setUnconditionally 0 -> -1
2019-07-13 07:40:54,549 INFO  server.RaftServerConfigKeys (ConfUtils.java:logGet(43)) - raft.server.snapshot.auto.trigger.enabled = true (custom)
2019-07-13 07:40:54,549 INFO  server.RaftServerConfigKeys (ConfUtils.java:logGet(43)) - raft.server.snapshot.auto.trigger.threshold = 10000 (custom)
2019-07-13 07:40:54,549 INFO  server.RaftServerConfigKeys (ConfUtils.java:logGet(43)) - raft.server.retrycache.expirytime = 600000ms (custom)
2019-07-13 07:40:54,549 INFO  impl.RaftServerImpl (RaftServerImpl.java:start(180)) - bf9b69e6-af40-4f2b-90c0-0d8e6346e31e: start group-8B3B21335831
2019-07-13 07:40:54,549 INFO  impl.RaftServerImpl (RaftServerImpl.java:setRole(171)) - bf9b69e6-af40-4f2b-90c0-0d8e6346e31e:group-8B3B21335831 changes role from null to FOLLOWER at term 0 for startAsFollower
2019-07-13 07:40:54,550 INFO  impl.RoleInfo (RoleInfo.java:updateAndGet(143)) - bf9b69e6-af40-4f2b-90c0-0d8e6346e31e: start FollowerState
2019-07-13 07:40:54,550 INFO  util.JmxRegister (JmxRegister.java:tryRegister(44)) - Successfully registered JMX Bean with object name Ratis:service=RaftServer,group=group-8B3B21335831,id=bf9b69e6-af40-4f2b-90c0-0d8e6346e31e
2019-07-13 07:40:54,552 INFO  pipeline.PipelineStateManager (PipelineStateManager.java:addPipeline(56)) - Created pipeline Pipeline[ Id: 476607af-56a2-4546-a615-8b3b21335831, Nodes: bf9b69e6-af40-4f2b-90c0-0d8e6346e31e{ip: 192.168.69.84, host: trunk-nightly-9lh4p-2362225927, networkLocation: /default-rack, certSerialId: null}, Type:RATIS, Factor:ONE, State:OPEN]
2019-07-13 07:40:54,562 INFO  impl.RaftServerProxy (RaftServerProxy.java:addNew(89)) - e95deabc-ba49-4e50-b9d3-1085dd1bb7a8: addNew group-F4F7E95C49DD:[bf9b69e6-af40-4f2b-90c0-0d8e6346e31e:192.168.69.84:41973, 663ce06c-2b00-49a0-b86a-9b132b56b1c5:192.168.69.84:46023, e95deabc-ba49-4e50-b9d3-1085dd1bb7a8:192.168.69.84:44735] returns group-F4F7E95C49DD:java.util.concurrent.CompletableFuture@631425a9[Not completed]
2019-07-13 07:40:54,562 INFO  impl.RaftServerProxy (RaftServerProxy.java:addNew(89)) - bf9b69e6-af40-4f2b-90c0-0d8e6346e31e: addNew group-F4F7E95C49DD:[bf9b69e6-af40-4f2b-90c0-0d8e6346e31e:192.168.69.84:41973, 663ce06c-2b00-49a0-b86a-9b132b56b1c5:192.168.69.84:46023, e95deabc-ba49-4e50-b9d3-1085dd1bb7a8:192.168.69.84:44735] returns group-F4F7E95C49DD:java.util.concurrent.CompletableFuture@4a92640b[Not completed]
2019-07-13 07:40:54,562 INFO  impl.RaftServerProxy (RaftServerProxy.java:addNew(89)) - 663ce06c-2b00-49a0-b86a-9b132b56b1c5: addNew group-F4F7E95C49DD:[bf9b69e6-af40-4f2b-90c0-0d8e6346e31e:192.168.69.84:41973, 663ce06c-2b00-49a0-b86a-9b132b56b1c5:192.168.69.84:46023, e95deabc-ba49-4e50-b9d3-1085dd1bb7a8:192.168.69.84:44735] returns group-F4F7E95C49DD:java.util.concurrent.CompletableFuture@68d3f18[Not completed]
2019-07-13 07:40:54,563 INFO  impl.RaftServerImpl (RaftServerImpl.java:<init>(93)) - e95deabc-ba49-4e50-b9d3-1085dd1bb7a8: new RaftServerImpl for group-F4F7E95C49DD:[bf9b69e6-af40-4f2b-90c0-0d8e6346e31e:192.168.69.84:41973, 663ce06c-2b00-49a0-b86a-9b132b56b1c5:192.168.69.84:46023, e95deabc-ba49-4e50-b9d3-1085dd1bb7a8:192.168.69.84:44735] with ContainerStateMachine:uninitialized
2019-07-13 07:40:54,563 INFO  server.RaftServerConfigKeys (ConfUtils.java:logGet(43)) - raft.server.rpc.timeout.min = 5s (custom)
2019-07-13 07:40:54,563 INFO  server.RaftServerConfigKeys (ConfUtils.java:logGet(43)) - raft.server.rpc.timeout.max = 5200ms (custom)
2019-07-13 07:40:54,564 INFO  server.RaftServerConfigKeys (ConfUtils.java:logGet(43)) - raft.server.rpcslowness.timeout = 120s (custom)
2019-07-13 07:40:54,564 INFO  impl.RaftServerImpl (RaftServerImpl.java:<init>(93)) - 663ce06c-2b00-49a0-b86a-9b132b56b1c5: new RaftServerImpl for group-F4F7E95C49DD:[bf9b69e6-af40-4f2b-90c0-0d8e6346e31e:192.168.69.84:41973, 663ce06c-2b00-49a0-b86a-9b132b56b1c5:192.168.69.84:46023, e95deabc-ba49-4e50-b9d3-1085dd1bb7a8:192.168.69.84:44735] with ContainerStateMachine:uninitialized
2019-07-13 07:40:54,564 INFO  server.RaftServerConfigKeys (ConfUtils.java:logGet(43)) - raft.server.sleep.deviation.threshold = 300 (default)
2019-07-13 07:40:54,564 INFO  server.RaftServerConfigKeys (ConfUtils.java:logGet(43)) - raft.server.rpc.timeout.min = 5s (custom)
2019-07-13 07:40:54,564 INFO  impl.RaftServerImpl (RaftServerImpl.java:<init>(93)) - bf9b69e6-af40-4f2b-90c0-0d8e6346e31e: new RaftServerImpl for group-F4F7E95C49DD:[bf9b69e6-af40-4f2b-90c0-0d8e6346e31e:192.168.69.84:41973, 663ce06c-2b00-49a0-b86a-9b132b56b1c5:192.168.69.84:46023, e95deabc-ba49-4e50-b9d3-1085dd1bb7a8:192.168.69.84:44735] with ContainerStateMachine:uninitialized
2019-07-13 07:40:54,564 INFO  server.RaftServerConfigKeys (ConfUtils.java:logGet(43)) - raft.server.log.appender.install.snapshot.enabled = false (custom)
2019-07-13 07:40:54,564 INFO  server.RaftServerConfigKeys (ConfUtils.java:logGet(43)) - raft.server.rpc.timeout.min = 5s (custom)
2019-07-13 07:40:54,564 INFO  server.RaftServerConfigKeys (ConfUtils.java:logGet(43)) - raft.server.rpc.timeout.max = 5200ms (custom)
2019-07-13 07:40:54,565 INFO  server.RaftServerConfigKeys (ConfUtils.java:logGet(43)) - raft.server.rpc.timeout.max = 5200ms (custom)
2019-07-13 07:40:54,564 INFO  impl.RaftServerImpl (ServerState.java:<init>(105)) - e95deabc-ba49-4e50-b9d3-1085dd1bb7a8:group-F4F7E95C49DD ConfigurationManager, init=-1: [bf9b69e6-af40-4f2b-90c0-0d8e6346e31e:192.168.69.84:41973, 663ce06c-2b00-49a0-b86a-9b132b56b1c5:192.168.69.84:46023, e95deabc-ba49-4e50-b9d3-1085dd1bb7a8:192.168.69.84:44735], old=null, confs=<EMPTY_MAP>
2019-07-13 07:40:54,565 INFO  server.RaftServerConfigKeys (ConfUtils.java:logGet(43)) - raft.server.rpcslowness.timeout = 120s (custom)
2019-07-13 07:40:54,565 INFO  server.RaftServerConfigKeys (ConfUtils.java:logGet(43)) - raft.server.rpcslowness.timeout = 120s (custom)
2019-07-13 07:40:54,565 INFO  server.RaftServerConfigKeys (ConfUtils.java:logGet(43)) - raft.server.sleep.deviation.threshold = 300 (default)
2019-07-13 07:40:54,565 INFO  server.RaftServerConfigKeys (ConfUtils.java:logGet(43)) - raft.server.storage.dir = [/tmp/workdir/hadoop-ozone/integration-test/target/test-dir/MiniOzoneClusterImpl-a9291cd5-20eb-4d49-8028-80e536ff47c2/datanode-4/data/ratis] (custom)
2019-07-13 07:40:54,566 INFO  server.RaftServerConfigKeys (ConfUtils.java:logGet(43)) - raft.server.log.appender.install.snapshot.enabled = false (custom)
2019-07-13 07:40:54,565 INFO  server.RaftServerConfigKeys (ConfUtils.java:logGet(43)) - raft.server.sleep.deviation.threshold = 300 (default)
2019-07-13 07:40:54,566 INFO  storage.RaftStorageDirectory (RaftStorageDirectory.java:analyzeStorage(246)) - The storage directory /tmp/workdir/hadoop-ozone/integration-test/target/test-dir/MiniOzoneClusterImpl-a9291cd5-20eb-4d49-8028-80e536ff47c2/datanode-4/data/ratis/2d752485-5ea1-42f3-b518-f4f7e95c49dd does not exist. Creating ...
2019-07-13 07:40:54,566 INFO  impl.RaftServerImpl (ServerState.java:<init>(105)) - bf9b69e6-af40-4f2b-90c0-0d8e6346e31e:group-F4F7E95C49DD ConfigurationManager, init=-1: [bf9b69e6-af40-4f2b-90c0-0d8e6346e31e:192.168.69.84:41973, 663ce06c-2b00-49a0-b86a-9b132b56b1c5:192.168.69.84:46023, e95deabc-ba49-4e50-b9d3-1085dd1bb7a8:192.168.69.84:44735], old=null, confs=<EMPTY_MAP>
2019-07-13 07:40:54,566 INFO  server.RaftServerConfigKeys (ConfUtils.java:logGet(43)) - raft.server.log.appender.install.snapshot.enabled = false (custom)
2019-07-13 07:40:54,566 INFO  server.RaftServerConfigKeys (ConfUtils.java:logGet(43)) - raft.server.storage.dir = [/tmp/workdir/hadoop-ozone/integration-test/target/test-dir/MiniOzoneClusterImpl-a9291cd5-20eb-4d49-8028-80e536ff47c2/datanode-5/data/ratis] (custom)
2019-07-13 07:40:54,566 INFO  impl.RaftServerImpl (ServerState.java:<init>(105)) - 663ce06c-2b00-49a0-b86a-9b132b56b1c5:group-F4F7E95C49DD ConfigurationManager, init=-1: [bf9b69e6-af40-4f2b-90c0-0d8e6346e31e:192.168.69.84:41973, 663ce06c-2b00-49a0-b86a-9b132b56b1c5:192.168.69.84:46023, e95deabc-ba49-4e50-b9d3-1085dd1bb7a8:192.168.69.84:44735], old=null, confs=<EMPTY_MAP>
2019-07-13 07:40:54,567 INFO  server.RaftServerConfigKeys (ConfUtils.java:logGet(43)) - raft.server.storage.dir = [/tmp/workdir/hadoop-ozone/integration-test/target/test-dir/MiniOzoneClusterImpl-a9291cd5-20eb-4d49-8028-80e536ff47c2/datanode-3/data/ratis] (custom)
2019-07-13 07:40:54,567 INFO  storage.RaftStorageDirectory (RaftStorageDirectory.java:analyzeStorage(246)) - The storage directory /tmp/workdir/hadoop-ozone/integration-test/target/test-dir/MiniOzoneClusterImpl-a9291cd5-20eb-4d49-8028-80e536ff47c2/datanode-5/data/ratis/2d752485-5ea1-42f3-b518-f4f7e95c49dd does not exist. Creating ...
2019-07-13 07:40:54,567 INFO  storage.RaftStorageDirectory (RaftStorageDirectory.java:analyzeStorage(246)) - The storage directory /tmp/workdir/hadoop-ozone/integration-test/target/test-dir/MiniOzoneClusterImpl-a9291cd5-20eb-4d49-8028-80e536ff47c2/datanode-3/data/ratis/2d752485-5ea1-42f3-b518-f4f7e95c49dd does not exist. Creating ...
2019-07-13 07:40:54,591 INFO  storage.RaftStorageDirectory (RaftStorageDirectory.java:tryLock(328)) - Lock on /tmp/workdir/hadoop-ozone/integration-test/target/test-dir/MiniOzoneClusterImpl-a9291cd5-20eb-4d49-8028-80e536ff47c2/datanode-5/data/ratis/2d752485-5ea1-42f3-b518-f4f7e95c49dd/in_use.lock acquired by nodename 29913@trunk-nightly-9lh4p-2362225927
2019-07-13 07:40:54,591 INFO  storage.RaftStorageDirectory (RaftStorageDirectory.java:tryLock(328)) - Lock on /tmp/workdir/hadoop-ozone/integration-test/target/test-dir/MiniOzoneClusterImpl-a9291cd5-20eb-4d49-8028-80e536ff47c2/datanode-4/data/ratis/2d752485-5ea1-42f3-b518-f4f7e95c49dd/in_use.lock acquired by nodename 29913@trunk-nightly-9lh4p-2362225927
2019-07-13 07:40:54,591 INFO  storage.RaftStorageDirectory (RaftStorageDirectory.java:tryLock(328)) - Lock on /tmp/workdir/hadoop-ozone/integration-test/target/test-dir/MiniOzoneClusterImpl-a9291cd5-20eb-4d49-8028-80e536ff47c2/datanode-3/data/ratis/2d752485-5ea1-42f3-b518-f4f7e95c49dd/in_use.lock acquired by nodename 29913@trunk-nightly-9lh4p-2362225927
2019-07-13 07:40:54,615 INFO  storage.RaftStorage (RaftStorage.java:format(72)) - Storage directory /tmp/workdir/hadoop-ozone/integration-test/target/test-dir/MiniOzoneClusterImpl-a9291cd5-20eb-4d49-8028-80e536ff47c2/datanode-5/data/ratis/2d752485-5ea1-42f3-b518-f4f7e95c49dd has been successfully formatted.
2019-07-13 07:40:54,615 INFO  storage.RaftStorage (RaftStorage.java:format(72)) - Storage directory /tmp/workdir/hadoop-ozone/integration-test/target/test-dir/MiniOzoneClusterImpl-a9291cd5-20eb-4d49-8028-80e536ff47c2/datanode-3/data/ratis/2d752485-5ea1-42f3-b518-f4f7e95c49dd has been successfully formatted.
2019-07-13 07:40:54,615 INFO  storage.RaftStorage (RaftStorage.java:format(72)) - Storage directory /tmp/workdir/hadoop-ozone/integration-test/target/test-dir/MiniOzoneClusterImpl-a9291cd5-20eb-4d49-8028-80e536ff47c2/datanode-4/data/ratis/2d752485-5ea1-42f3-b518-f4f7e95c49dd has been successfully formatted.
2019-07-13 07:40:54,616 INFO  ratis.ContainerStateMachine (ContainerStateMachine.java:loadSnapshot(200)) - The snapshot info is null.Setting the last applied index to:(t:0, i:~)
2019-07-13 07:40:54,615 INFO  ratis.ContainerStateMachine (ContainerStateMachine.java:loadSnapshot(200)) - The snapshot info is null.Setting the last applied index to:(t:0, i:~)
2019-07-13 07:40:54,616 INFO  server.RaftServerConfigKeys (ConfUtils.java:logGet(43)) - raft.server.leader.election.timeout = 120s (custom)
2019-07-13 07:40:54,616 INFO  ratis.ContainerStateMachine (ContainerStateMachine.java:loadSnapshot(200)) - The snapshot info is null.Setting the last applied index to:(t:0, i:~)
2019-07-13 07:40:54,616 INFO  server.RaftServerConfigKeys (ConfUtils.java:logGet(43)) - raft.server.log.use.memory = false (default)
2019-07-13 07:40:54,616 INFO  server.RaftServerConfigKeys (ConfUtils.java:logGet(43)) - raft.server.leader.election.timeout = 120s (custom)
2019-07-13 07:40:54,616 INFO  server.RaftServerConfigKeys (ConfUtils.java:logGet(43)) - raft.server.log.purge.gap = 1000000000 (custom)
2019-07-13 07:40:54,616 INFO  server.RaftServerConfigKeys (ConfUtils.java:logGet(43)) - raft.server.leader.election.timeout = 120s (custom)
2019-07-13 07:40:54,617 INFO  server.RaftServerConfigKeys (ConfUtils.java:logGet(43)) - raft.server.log.appender.buffer.byte-limit = 33554432 (custom)
2019-07-13 07:40:54,617 INFO  server.RaftServerConfigKeys (ConfUtils.java:logGet(43)) - raft.server.log.use.memory = false (default)
2019-07-13 07:40:54,617 INFO  server.RaftServerConfigKeys (ConfUtils.java:logGet(43)) - raft.server.log.segment.size.max = 1048576 (custom)
2019-07-13 07:40:54,617 INFO  server.RaftServerConfigKeys (ConfUtils.java:logGet(43)) - raft.server.log.use.memory = false (default)
2019-07-13 07:40:54,617 INFO  server.RaftServerConfigKeys (ConfUtils.java:logGet(43)) - raft.server.log.segment.cache.num.max = 2 (custom)
2019-07-13 07:40:54,617 INFO  server.RaftServerConfigKeys (ConfUtils.java:logGet(43)) - raft.server.log.purge.gap = 1000000000 (custom)
2019-07-13 07:40:54,618 INFO  segmented.SegmentedRaftLogWorker (SegmentedRaftLogWorker.java:<init>(172)) - new 663ce06c-2b00-49a0-b86a-9b132b56b1c5-SegmentedRaftLogWorker:Storage Directory /tmp/workdir/hadoop-ozone/integration-test/target/test-dir/MiniOzoneClusterImpl-a9291cd5-20eb-4d49-8028-80e536ff47c2/datanode-3/data/ratis/2d752485-5ea1-42f3-b518-f4f7e95c49dd for RaftStorage:Storage Directory /tmp/workdir/hadoop-ozone/integration-test/target/test-dir/MiniOzoneClusterImpl-a9291cd5-20eb-4d49-8028-80e536ff47c2/datanode-3/data/ratis/2d752485-5ea1-42f3-b518-f4f7e95c49dd
2019-07-13 07:40:54,618 INFO  server.RaftServerConfigKeys (ConfUtils.java:logGet(43)) - raft.server.log.purge.gap = 1000000000 (custom)
2019-07-13 07:40:54,618 INFO  server.RaftServerConfigKeys (ConfUtils.java:logGet(43)) - raft.server.log.queue.byte-limit = 2147483647 (custom)
2019-07-13 07:40:54,618 INFO  server.RaftServerConfigKeys (ConfUtils.java:logGet(43)) - raft.server.log.appender.buffer.byte-limit = 33554432 (custom)
2019-07-13 07:40:54,619 INFO  server.RaftServerConfigKeys (ConfUtils.java:logGet(43)) - raft.server.log.queue.element-limit = 1024 (custom)
2019-07-13 07:40:54,618 INFO  server.RaftServerConfigKeys (ConfUtils.java:logGet(43)) - raft.server.log.appender.buffer.byte-limit = 33554432 (custom)
2019-07-13 07:40:54,619 INFO  server.RaftServerConfigKeys (ConfUtils.java:logGet(43)) - raft.server.log.segment.size.max = 1048576 (custom)
2019-07-13 07:40:54,619 INFO  server.RaftServerConfigKeys (ConfUtils.java:logGet(43)) - raft.server.log.preallocated.size = 16384 (custom)
2019-07-13 07:40:54,619 INFO  server.RaftServerConfigKeys (ConfUtils.java:logGet(43)) - raft.server.log.segment.size.max = 1048576 (custom)
2019-07-13 07:40:54,619 INFO  server.RaftServerConfigKeys (ConfUtils.java:logGet(43)) - raft.server.log.write.buffer.size = 33554432 (custom)
2019-07-13 07:40:54,619 INFO  server.RaftServerConfigKeys (ConfUtils.java:logGet(43)) - raft.server.log.segment.size.max = 1048576 (custom)
2019-07-13 07:40:54,620 INFO  server.RaftServerConfigKeys (ConfUtils.java:logGet(43)) - raft.server.log.force.sync.num = 128 (default)
2019-07-13 07:40:54,620 INFO  server.RaftServerConfigKeys (ConfUtils.java:logGet(43)) - raft.server.log.segment.cache.num.max = 2 (custom)
2019-07-13 07:40:54,620 INFO  server.RaftServerConfigKeys (ConfUtils.java:logGet(43)) - raft.server.log.statemachine.data.sync = true (default)
2019-07-13 07:40:54,620 INFO  server.RaftServerConfigKeys (ConfUtils.java:logGet(43)) - raft.server.log.segment.cache.num.max = 2 (custom)
2019-07-13 07:40:54,620 INFO  server.RaftServerConfigKeys (ConfUtils.java:logGet(43)) - raft.server.log.statemachine.data.sync.timeout = 10s (default)
2019-07-13 07:40:54,620 INFO  segmented.SegmentedRaftLogWorker (SegmentedRaftLogWorker.java:<init>(172)) - new bf9b69e6-af40-4f2b-90c0-0d8e6346e31e-SegmentedRaftLogWorker:Storage Directory /tmp/workdir/hadoop-ozone/integration-test/target/test-dir/MiniOzoneClusterImpl-a9291cd5-20eb-4d49-8028-80e536ff47c2/datanode-5/data/ratis/2d752485-5ea1-42f3-b518-f4f7e95c49dd for RaftStorage:Storage Directory /tmp/workdir/hadoop-ozone/integration-test/target/test-dir/MiniOzoneClusterImpl-a9291cd5-20eb-4d49-8028-80e536ff47c2/datanode-5/data/ratis/2d752485-5ea1-42f3-b518-f4f7e95c49dd
2019-07-13 07:40:54,621 INFO  server.RaftServerConfigKeys (ConfUtils.java:logGet(43)) - raft.server.log.statemachine.data.sync.timeout.retry = -1 (default)
2019-07-13 07:40:54,621 INFO  segmented.SegmentedRaftLogWorker (SegmentedRaftLogWorker.java:<init>(172)) - new e95deabc-ba49-4e50-b9d3-1085dd1bb7a8-SegmentedRaftLogWorker:Storage Directory /tmp/workdir/hadoop-ozone/integration-test/target/test-dir/MiniOzoneClusterImpl-a9291cd5-20eb-4d49-8028-80e536ff47c2/datanode-4/data/ratis/2d752485-5ea1-42f3-b518-f4f7e95c49dd for RaftStorage:Storage Directory /tmp/workdir/hadoop-ozone/integration-test/target/test-dir/MiniOzoneClusterImpl-a9291cd5-20eb-4d49-8028-80e536ff47c2/datanode-4/data/ratis/2d752485-5ea1-42f3-b518-f4f7e95c49dd
2019-07-13 07:40:54,621 INFO  server.RaftServerConfigKeys (ConfUtils.java:logGet(43)) - raft.server.log.statemachine.data.caching.enabled = true (custom)
2019-07-13 07:40:54,621 INFO  server.RaftServerConfigKeys (ConfUtils.java:logGet(43)) - raft.server.log.queue.byte-limit = 2147483647 (custom)
2019-07-13 07:40:54,622 INFO  server.RaftServerConfigKeys (ConfUtils.java:logGet(43)) - raft.server.log.queue.element-limit = 1024 (custom)
2019-07-13 07:40:54,621 INFO  server.RaftServerConfigKeys (ConfUtils.java:logGet(43)) - raft.server.log.queue.byte-limit = 2147483647 (custom)
2019-07-13 07:40:54,622 INFO  server.RaftServerConfigKeys (ConfUtils.java:logGet(43)) - raft.server.log.segment.size.max = 1048576 (custom)
2019-07-13 07:40:54,622 INFO  segmented.SegmentedRaftLogWorker (SegmentedRaftLogWorker.java:lambda$new$0(132)) - 663ce06c-2b00-49a0-b86a-9b132b56b1c5-SegmentedRaftLogWorker:Storage Directory /tmp/workdir/hadoop-ozone/integration-test/target/test-dir/MiniOzoneClusterImpl-a9291cd5-20eb-4d49-8028-80e536ff47c2/datanode-3/data/ratis/2d752485-5ea1-42f3-b518-f4f7e95c49dd: flushIndex: setUnconditionally 0 -> -1
2019-07-13 07:40:54,622 INFO  server.RaftServerConfigKeys (ConfUtils.java:logGet(43)) - raft.server.log.preallocated.size = 16384 (custom)
2019-07-13 07:40:54,622 INFO  server.RaftServerConfigKeys (ConfUtils.java:logGet(43)) - raft.server.log.write.buffer.size = 33554432 (custom)
2019-07-13 07:40:54,622 INFO  server.RaftServerConfigKeys (ConfUtils.java:logGet(43)) - raft.server.log.queue.element-limit = 1024 (custom)
2019-07-13 07:40:54,623 INFO  server.RaftServerConfigKeys (ConfUtils.java:logGet(43)) - raft.server.log.force.sync.num = 128 (default)
2019-07-13 07:40:54,622 INFO  server.RaftServerConfigKeys (ConfUtils.java:logGet(43)) - raft.server.snapshot.auto.trigger.enabled = true (custom)
2019-07-13 07:40:54,623 INFO  server.RaftServerConfigKeys (ConfUtils.java:logGet(43)) - raft.server.log.statemachine.data.sync = true (default)
2019-07-13 07:40:54,623 INFO  server.RaftServerConfigKeys (ConfUtils.java:logGet(43)) - raft.server.log.statemachine.data.sync.timeout = 10s (default)
2019-07-13 07:40:54,623 INFO  server.RaftServerConfigKeys (ConfUtils.java:logGet(43)) - raft.server.log.segment.size.max = 1048576 (custom)
2019-07-13 07:40:54,623 INFO  server.RaftServerConfigKeys (ConfUtils.java:logGet(43)) - raft.server.log.statemachine.data.sync.timeout.retry = -1 (default)
2019-07-13 07:40:54,623 INFO  server.RaftServerConfigKeys (ConfUtils.java:logGet(43)) - raft.server.snapshot.auto.trigger.threshold = 10000 (custom)
2019-07-13 07:40:54,624 INFO  server.RaftServerConfigKeys (ConfUtils.java:logGet(43)) - raft.server.log.statemachine.data.caching.enabled = true (custom)
2019-07-13 07:40:54,624 INFO  server.RaftServerConfigKeys (ConfUtils.java:logGet(43)) - raft.server.log.preallocated.size = 16384 (custom)
2019-07-13 07:40:54,624 INFO  segmented.SegmentedRaftLogWorker (SegmentedRaftLogWorker.java:lambda$new$0(132)) - bf9b69e6-af40-4f2b-90c0-0d8e6346e31e-SegmentedRaftLogWorker:Storage Directory /tmp/workdir/hadoop-ozone/integration-test/target/test-dir/MiniOzoneClusterImpl-a9291cd5-20eb-4d49-8028-80e536ff47c2/datanode-5/data/ratis/2d752485-5ea1-42f3-b518-f4f7e95c49dd: flushIndex: setUnconditionally 0 -> -1
2019-07-13 07:40:54,624 INFO  server.RaftServerConfigKeys (ConfUtils.java:logGet(43)) - raft.server.retrycache.expirytime = 600000ms (custom)
2019-07-13 07:40:54,624 INFO  server.RaftServerConfigKeys (ConfUtils.java:logGet(43)) - raft.server.log.write.buffer.size = 33554432 (custom)
2019-07-13 07:40:54,625 INFO  impl.RaftServerImpl (RaftServerImpl.java:start(180)) - 663ce06c-2b00-49a0-b86a-9b132b56b1c5: start group-F4F7E95C49DD
2019-07-13 07:40:54,625 INFO  server.RaftServerConfigKeys (ConfUtils.java:logGet(43)) - raft.server.snapshot.auto.trigger.enabled = true (custom)
2019-07-13 07:40:54,625 INFO  impl.RaftServerImpl (RaftServerImpl.java:setRole(171)) - 663ce06c-2b00-49a0-b86a-9b132b56b1c5:group-F4F7E95C49DD changes role from null to FOLLOWER at term 0 for startAsFollower
2019-07-13 07:40:54,625 INFO  server.RaftServerConfigKeys (ConfUtils.java:logGet(43)) - raft.server.log.force.sync.num = 128 (default)
2019-07-13 07:40:54,625 INFO  impl.RoleInfo (RoleInfo.java:updateAndGet(143)) - 663ce06c-2b00-49a0-b86a-9b132b56b1c5: start FollowerState
2019-07-13 07:40:54,625 INFO  server.RaftServerConfigKeys (ConfUtils.java:logGet(43)) - raft.server.snapshot.auto.trigger.threshold = 10000 (custom)
2019-07-13 07:40:54,626 INFO  server.RaftServerConfigKeys (ConfUtils.java:logGet(43)) - raft.server.log.statemachine.data.sync = true (default)
2019-07-13 07:40:54,626 INFO  util.JmxRegister (JmxRegister.java:tryRegister(44)) - Successfully registered JMX Bean with object name Ratis:service=RaftServer,group=group-F4F7E95C49DD,id=663ce06c-2b00-49a0-b86a-9b132b56b1c5
2019-07-13 07:40:54,626 INFO  server.RaftServerConfigKeys (ConfUtils.java:logGet(43)) - raft.server.retrycache.expirytime = 600000ms (custom)
2019-07-13 07:40:54,626 INFO  server.RaftServerConfigKeys (ConfUtils.java:logGet(43)) - raft.server.log.statemachine.data.sync.timeout = 10s (default)
2019-07-13 07:40:54,627 INFO  impl.RaftServerImpl (RaftServerImpl.java:start(180)) - bf9b69e6-af40-4f2b-90c0-0d8e6346e31e: start group-F4F7E95C49DD
2019-07-13 07:40:54,627 INFO  server.RaftServerConfigKeys (ConfUtils.java:logGet(43)) - raft.server.log.statemachine.data.sync.timeout.retry = -1 (default)
2019-07-13 07:40:54,627 INFO  impl.RaftServerImpl (RaftServerImpl.java:setRole(171)) - bf9b69e6-af40-4f2b-90c0-0d8e6346e31e:group-F4F7E95C49DD changes role from null to FOLLOWER at term 0 for startAsFollower
2019-07-13 07:40:54,627 INFO  server.RaftServerConfigKeys (ConfUtils.java:logGet(43)) - raft.server.log.statemachine.data.caching.enabled = true (custom)
2019-07-13 07:40:54,627 INFO  impl.RoleInfo (RoleInfo.java:updateAndGet(143)) - bf9b69e6-af40-4f2b-90c0-0d8e6346e31e: start FollowerState
2019-07-13 07:40:54,628 INFO  segmented.SegmentedRaftLogWorker (SegmentedRaftLogWorker.java:lambda$new$0(132)) - e95deabc-ba49-4e50-b9d3-1085dd1bb7a8-SegmentedRaftLogWorker:Storage Directory /tmp/workdir/hadoop-ozone/integration-test/target/test-dir/MiniOzoneClusterImpl-a9291cd5-20eb-4d49-8028-80e536ff47c2/datanode-4/data/ratis/2d752485-5ea1-42f3-b518-f4f7e95c49dd: flushIndex: setUnconditionally 0 -> -1
2019-07-13 07:40:54,628 INFO  util.JmxRegister (JmxRegister.java:tryRegister(44)) - Successfully registered JMX Bean with object name Ratis:service=RaftServer,group=group-F4F7E95C49DD,id=bf9b69e6-af40-4f2b-90c0-0d8e6346e31e
2019-07-13 07:40:54,628 INFO  server.RaftServerConfigKeys (ConfUtils.java:logGet(43)) - raft.server.snapshot.auto.trigger.enabled = true (custom)
2019-07-13 07:40:54,628 INFO  server.RaftServerConfigKeys (ConfUtils.java:logGet(43)) - raft.server.snapshot.auto.trigger.threshold = 10000 (custom)
2019-07-13 07:40:54,628 INFO  server.RaftServerConfigKeys (ConfUtils.java:logGet(43)) - raft.server.retrycache.expirytime = 600000ms (custom)
2019-07-13 07:40:54,628 INFO  impl.RaftServerImpl (RaftServerImpl.java:start(180)) - e95deabc-ba49-4e50-b9d3-1085dd1bb7a8: start group-F4F7E95C49DD
2019-07-13 07:40:54,629 INFO  impl.RaftServerImpl (RaftServerImpl.java:setRole(171)) - e95deabc-ba49-4e50-b9d3-1085dd1bb7a8:group-F4F7E95C49DD changes role from null to FOLLOWER at term 0 for startAsFollower
2019-07-13 07:40:54,629 INFO  impl.RoleInfo (RoleInfo.java:updateAndGet(143)) - e95deabc-ba49-4e50-b9d3-1085dd1bb7a8: start FollowerState
2019-07-13 07:40:54,629 INFO  util.JmxRegister (JmxRegister.java:tryRegister(44)) - Successfully registered JMX Bean with object name Ratis:service=RaftServer,group=group-F4F7E95C49DD,id=e95deabc-ba49-4e50-b9d3-1085dd1bb7a8
2019-07-13 07:40:54,631 INFO  pipeline.PipelineStateManager (PipelineStateManager.java:addPipeline(56)) - Created pipeline Pipeline[ Id: 2d752485-5ea1-42f3-b518-f4f7e95c49dd, Nodes: bf9b69e6-af40-4f2b-90c0-0d8e6346e31e{ip: 192.168.69.84, host: trunk-nightly-9lh4p-2362225927, networkLocation: /default-rack, certSerialId: null}663ce06c-2b00-49a0-b86a-9b132b56b1c5{ip: 192.168.69.84, host: trunk-nightly-9lh4p-2362225927, networkLocation: /default-rack, certSerialId: null}e95deabc-ba49-4e50-b9d3-1085dd1bb7a8{ip: 192.168.69.84, host: trunk-nightly-9lh4p-2362225927, networkLocation: /default-rack, certSerialId: null}, Type:RATIS, Factor:THREE, State:OPEN]
2019-07-13 07:40:54,855 INFO  ozone.MiniOzoneClusterImpl (MiniOzoneClusterImpl.java:lambda$waitForClusterToBeReady$0(142)) - Waiting for cluster to be ready. Got 6 of 7 DN Heartbeats.
2019-07-13 07:40:54,857 INFO  node.SCMNodeManager (SCMNodeManager.java:register(269)) - Registered Data node : cd242b14-a3f7-42ff-8ebe-37f042826afa{ip: 192.168.69.84, host: trunk-nightly-9lh4p-2362225927, networkLocation: /default-rack, certSerialId: null}
2019-07-13 07:40:54,866 INFO  impl.RaftServerProxy (RaftServerProxy.java:addNew(89)) - cd242b14-a3f7-42ff-8ebe-37f042826afa: addNew group-0CCD6FC143D9:[cd242b14-a3f7-42ff-8ebe-37f042826afa:192.168.69.84:43774] returns group-0CCD6FC143D9:java.util.concurrent.CompletableFuture@7352bfba[Not completed]
2019-07-13 07:40:54,867 INFO  impl.RaftServerImpl (RaftServerImpl.java:<init>(93)) - cd242b14-a3f7-42ff-8ebe-37f042826afa: new RaftServerImpl for group-0CCD6FC143D9:[cd242b14-a3f7-42ff-8ebe-37f042826afa:192.168.69.84:43774] with ContainerStateMachine:uninitialized
2019-07-13 07:40:54,867 INFO  server.RaftServerConfigKeys (ConfUtils.java:logGet(43)) - raft.server.rpc.timeout.min = 5s (custom)
2019-07-13 07:40:54,867 INFO  server.RaftServerConfigKeys (ConfUtils.java:logGet(43)) - raft.server.rpc.timeout.max = 5200ms (custom)
2019-07-13 07:40:54,867 INFO  server.RaftServerConfigKeys (ConfUtils.java:logGet(43)) - raft.server.rpcslowness.timeout = 120s (custom)
2019-07-13 07:40:54,867 INFO  server.RaftServerConfigKeys (ConfUtils.java:logGet(43)) - raft.server.sleep.deviation.threshold = 300 (default)
2019-07-13 07:40:54,868 INFO  server.RaftServerConfigKeys (ConfUtils.java:logGet(43)) - raft.server.log.appender.install.snapshot.enabled = false (custom)
2019-07-13 07:40:54,868 INFO  impl.RaftServerImpl (ServerState.java:<init>(105)) - cd242b14-a3f7-42ff-8ebe-37f042826afa:group-0CCD6FC143D9 ConfigurationManager, init=-1: [cd242b14-a3f7-42ff-8ebe-37f042826afa:192.168.69.84:43774], old=null, confs=<EMPTY_MAP>
2019-07-13 07:40:54,868 INFO  server.RaftServerConfigKeys (ConfUtils.java:logGet(43)) - raft.server.storage.dir = [/tmp/workdir/hadoop-ozone/integration-test/target/test-dir/MiniOzoneClusterImpl-a9291cd5-20eb-4d49-8028-80e536ff47c2/datanode-6/data/ratis] (custom)
2019-07-13 07:40:54,868 INFO  storage.RaftStorageDirectory (RaftStorageDirectory.java:analyzeStorage(246)) - The storage directory /tmp/workdir/hadoop-ozone/integration-test/target/test-dir/MiniOzoneClusterImpl-a9291cd5-20eb-4d49-8028-80e536ff47c2/datanode-6/data/ratis/998619a7-f649-442d-b8b4-0ccd6fc143d9 does not exist. Creating ...
2019-07-13 07:40:54,882 INFO  storage.RaftStorageDirectory (RaftStorageDirectory.java:tryLock(328)) - Lock on /tmp/workdir/hadoop-ozone/integration-test/target/test-dir/MiniOzoneClusterImpl-a9291cd5-20eb-4d49-8028-80e536ff47c2/datanode-6/data/ratis/998619a7-f649-442d-b8b4-0ccd6fc143d9/in_use.lock acquired by nodename 29913@trunk-nightly-9lh4p-2362225927
2019-07-13 07:40:54,897 INFO  storage.RaftStorage (RaftStorage.java:format(72)) - Storage directory /tmp/workdir/hadoop-ozone/integration-test/target/test-dir/MiniOzoneClusterImpl-a9291cd5-20eb-4d49-8028-80e536ff47c2/datanode-6/data/ratis/998619a7-f649-442d-b8b4-0ccd6fc143d9 has been successfully formatted.
2019-07-13 07:40:54,897 INFO  ratis.ContainerStateMachine (ContainerStateMachine.java:loadSnapshot(200)) - The snapshot info is null.Setting the last applied index to:(t:0, i:~)
2019-07-13 07:40:54,897 INFO  server.RaftServerConfigKeys (ConfUtils.java:logGet(43)) - raft.server.leader.election.timeout = 120s (custom)
2019-07-13 07:40:54,897 INFO  server.RaftServerConfigKeys (ConfUtils.java:logGet(43)) - raft.server.log.use.memory = false (default)
2019-07-13 07:40:54,897 INFO  server.RaftServerConfigKeys (ConfUtils.java:logGet(43)) - raft.server.log.purge.gap = 1000000000 (custom)
2019-07-13 07:40:54,898 INFO  server.RaftServerConfigKeys (ConfUtils.java:logGet(43)) - raft.server.log.appender.buffer.byte-limit = 33554432 (custom)
2019-07-13 07:40:54,898 INFO  server.RaftServerConfigKeys (ConfUtils.java:logGet(43)) - raft.server.log.segment.size.max = 1048576 (custom)
2019-07-13 07:40:54,898 INFO  server.RaftServerConfigKeys (ConfUtils.java:logGet(43)) - raft.server.log.segment.cache.num.max = 2 (custom)
2019-07-13 07:40:54,898 INFO  segmented.SegmentedRaftLogWorker (SegmentedRaftLogWorker.java:<init>(172)) - new cd242b14-a3f7-42ff-8ebe-37f042826afa-SegmentedRaftLogWorker:Storage Directory /tmp/workdir/hadoop-ozone/integration-test/target/test-dir/MiniOzoneClusterImpl-a9291cd5-20eb-4d49-8028-80e536ff47c2/datanode-6/data/ratis/998619a7-f649-442d-b8b4-0ccd6fc143d9 for RaftStorage:Storage Directory /tmp/workdir/hadoop-ozone/integration-test/target/test-dir/MiniOzoneClusterImpl-a9291cd5-20eb-4d49-8028-80e536ff47c2/datanode-6/data/ratis/998619a7-f649-442d-b8b4-0ccd6fc143d9
2019-07-13 07:40:54,898 INFO  server.RaftServerConfigKeys (ConfUtils.java:logGet(43)) - raft.server.log.queue.byte-limit = 2147483647 (custom)
2019-07-13 07:40:54,898 INFO  server.RaftServerConfigKeys (ConfUtils.java:logGet(43)) - raft.server.log.queue.element-limit = 1024 (custom)
2019-07-13 07:40:54,899 INFO  server.RaftServerConfigKeys (ConfUtils.java:logGet(43)) - raft.server.log.segment.size.max = 1048576 (custom)
2019-07-13 07:40:54,899 INFO  server.RaftServerConfigKeys (ConfUtils.java:logGet(43)) - raft.server.log.preallocated.size = 16384 (custom)
2019-07-13 07:40:54,899 INFO  server.RaftServerConfigKeys (ConfUtils.java:logGet(43)) - raft.server.log.write.buffer.size = 33554432 (custom)
2019-07-13 07:40:54,899 INFO  server.RaftServerConfigKeys (ConfUtils.java:logGet(43)) - raft.server.log.force.sync.num = 128 (default)
2019-07-13 07:40:54,899 INFO  server.RaftServerConfigKeys (ConfUtils.java:logGet(43)) - raft.server.log.statemachine.data.sync = true (default)
2019-07-13 07:40:54,899 INFO  server.RaftServerConfigKeys (ConfUtils.java:logGet(43)) - raft.server.log.statemachine.data.sync.timeout = 10s (default)
2019-07-13 07:40:54,900 INFO  server.RaftServerConfigKeys (ConfUtils.java:logGet(43)) - raft.server.log.statemachine.data.sync.timeout.retry = -1 (default)
2019-07-13 07:40:54,900 INFO  server.RaftServerConfigKeys (ConfUtils.java:logGet(43)) - raft.server.log.statemachine.data.caching.enabled = true (custom)
2019-07-13 07:40:54,900 INFO  segmented.SegmentedRaftLogWorker (SegmentedRaftLogWorker.java:lambda$new$0(132)) - cd242b14-a3f7-42ff-8ebe-37f042826afa-SegmentedRaftLogWorker:Storage Directory /tmp/workdir/hadoop-ozone/integration-test/target/test-dir/MiniOzoneClusterImpl-a9291cd5-20eb-4d49-8028-80e536ff47c2/datanode-6/data/ratis/998619a7-f649-442d-b8b4-0ccd6fc143d9: flushIndex: setUnconditionally 0 -> -1
2019-07-13 07:40:54,901 INFO  server.RaftServerConfigKeys (ConfUtils.java:logGet(43)) - raft.server.snapshot.auto.trigger.enabled = true (custom)
2019-07-13 07:40:54,901 INFO  server.RaftServerConfigKeys (ConfUtils.java:logGet(43)) - raft.server.snapshot.auto.trigger.threshold = 10000 (custom)
2019-07-13 07:40:54,901 INFO  server.RaftServerConfigKeys (ConfUtils.java:logGet(43)) - raft.server.retrycache.expirytime = 600000ms (custom)
2019-07-13 07:40:54,901 INFO  impl.RaftServerImpl (RaftServerImpl.java:start(180)) - cd242b14-a3f7-42ff-8ebe-37f042826afa: start group-0CCD6FC143D9
2019-07-13 07:40:54,901 INFO  impl.RaftServerImpl (RaftServerImpl.java:setRole(171)) - cd242b14-a3f7-42ff-8ebe-37f042826afa:group-0CCD6FC143D9 changes role from null to FOLLOWER at term 0 for startAsFollower
2019-07-13 07:40:54,901 INFO  impl.RoleInfo (RoleInfo.java:updateAndGet(143)) - cd242b14-a3f7-42ff-8ebe-37f042826afa: start FollowerState
2019-07-13 07:40:54,902 INFO  util.JmxRegister (JmxRegister.java:tryRegister(44)) - Successfully registered JMX Bean with object name Ratis:service=RaftServer,group=group-0CCD6FC143D9,id=cd242b14-a3f7-42ff-8ebe-37f042826afa
2019-07-13 07:40:54,904 INFO  pipeline.PipelineStateManager (PipelineStateManager.java:addPipeline(56)) - Created pipeline Pipeline[ Id: 998619a7-f649-442d-b8b4-0ccd6fc143d9, Nodes: cd242b14-a3f7-42ff-8ebe-37f042826afa{ip: 192.168.69.84, host: trunk-nightly-9lh4p-2362225927, networkLocation: /default-rack, certSerialId: null}, Type:RATIS, Factor:ONE, State:OPEN]
2019-07-13 07:40:55,856 INFO  ozone.MiniOzoneClusterImpl (MiniOzoneClusterImpl.java:lambda$waitForClusterToBeReady$0(142)) - Cluster is ready. Got 7 of 7 DN Heartbeats.
2019-07-13 07:40:55,886 INFO  rpc.RpcClient (RpcClient.java:createVolume(287)) - Creating Volume: testblockoutputstream, with jenkins1000 as owner.
2019-07-13 07:40:55,900 INFO  rpc.RpcClient (RpcClient.java:createBucket(424)) - Creating Bucket: testblockoutputstream/testblockoutputstream, with Versioning false and Storage Type set to DISK and Encryption set to false 
2019-07-13 07:40:55,925 INFO  client.GrpcClientProtocolClient (GrpcClientProtocolClient.java:onNext(255)) - client-03A2B2BF77EC->cf574be2-0862-442f-9bdc-d7a358afdd89: receive RaftClientReply:client-03A2B2BF77EC->cf574be2-0862-442f-9bdc-d7a358afdd89@group-67BD07A3D150, cid=236, FAILED org.apache.ratis.protocol.NotLeaderException: Server cf574be2-0862-442f-9bdc-d7a358afdd89 is not the leader (null). Request must be sent to leader., logIndex=0, commits[cf574be2-0862-442f-9bdc-d7a358afdd89:c-1]
2019-07-13 07:40:56,700 INFO  container.ReplicationManager (ReplicationManager.java:start(155)) - Starting Replication Monitor Thread.
2019-07-13 07:40:56,703 INFO  container.ReplicationManager (ReplicationManager.java:run(207)) - Replication Monitor Thread took 0 milliseconds for processing 1 containers.
2019-07-13 07:40:56,942 INFO  client.GrpcClientProtocolClient (GrpcClientProtocolClient.java:onNext(255)) - client-03A2B2BF77EC->fed9b9f5-d86c-4039-a8d2-a5af12463bc9: receive RaftClientReply:client-03A2B2BF77EC->fed9b9f5-d86c-4039-a8d2-a5af12463bc9@group-67BD07A3D150, cid=236, FAILED org.apache.ratis.protocol.NotLeaderException: Server fed9b9f5-d86c-4039-a8d2-a5af12463bc9 is not the leader (null). Request must be sent to leader., logIndex=0, commits[fed9b9f5-d86c-4039-a8d2-a5af12463bc9:c-1]
2019-07-13 07:40:57,954 INFO  client.GrpcClientProtocolClient (GrpcClientProtocolClient.java:onNext(255)) - client-03A2B2BF77EC->ffea1c0c-54d4-489a-91f1-ab213ff31fbd: receive RaftClientReply:client-03A2B2BF77EC->ffea1c0c-54d4-489a-91f1-ab213ff31fbd@group-67BD07A3D150, cid=236, FAILED org.apache.ratis.protocol.NotLeaderException: Server ffea1c0c-54d4-489a-91f1-ab213ff31fbd is not the leader (null). Request must be sent to leader., logIndex=0, commits[ffea1c0c-54d4-489a-91f1-ab213ff31fbd:c-1]
2019-07-13 07:40:58,915 INFO  impl.FollowerState (FollowerState.java:run(106)) - ffea1c0c-54d4-489a-91f1-ab213ff31fbd:group-E5F18353485C changes to CANDIDATE, lastRpcTime:5029, electionTimeout:5029ms
2019-07-13 07:40:58,915 INFO  impl.RoleInfo (RoleInfo.java:shutdownFollowerState(121)) - ffea1c0c-54d4-489a-91f1-ab213ff31fbd: shutdown FollowerState
2019-07-13 07:40:58,916 INFO  impl.RaftServerImpl (RaftServerImpl.java:setRole(171)) - ffea1c0c-54d4-489a-91f1-ab213ff31fbd:group-E5F18353485C changes role from FOLLOWER to CANDIDATE at term 0 for changeToCandidate
2019-07-13 07:40:58,916 INFO  impl.RoleInfo (RoleInfo.java:updateAndGet(143)) - ffea1c0c-54d4-489a-91f1-ab213ff31fbd: start LeaderElection
2019-07-13 07:40:58,939 INFO  impl.LeaderElection (LeaderElection.java:askForVotes(181)) - ffea1c0c-54d4-489a-91f1-ab213ff31fbd:group-E5F18353485C:LeaderElection83: begin an election at term 1 for -1: [ffea1c0c-54d4-489a-91f1-ab213ff31fbd:192.168.69.84:41002], old=null
2019-07-13 07:40:58,940 INFO  impl.RoleInfo (RoleInfo.java:shutdownLeaderElection(134)) - ffea1c0c-54d4-489a-91f1-ab213ff31fbd: shutdown LeaderElection
2019-07-13 07:40:58,940 INFO  impl.RaftServerImpl (RaftServerImpl.java:setRole(171)) - ffea1c0c-54d4-489a-91f1-ab213ff31fbd:group-E5F18353485C changes role from CANDIDATE to LEADER at term 1 for changeToLeader
2019-07-13 07:40:58,940 INFO  impl.RaftServerImpl (ServerState.java:setLeader(263)) - ffea1c0c-54d4-489a-91f1-ab213ff31fbd:group-E5F18353485C change Leader from null to ffea1c0c-54d4-489a-91f1-ab213ff31fbd at term 1 for becomeLeader, leader elected after 5058ms
2019-07-13 07:40:58,942 INFO  server.RaftServerConfigKeys (ConfUtils.java:logGet(43)) - raft.server.staging.catchup.gap = 1000 (default)
2019-07-13 07:40:58,942 INFO  server.RaftServerConfigKeys (ConfUtils.java:logGet(43)) - raft.server.rpc.sleep.time = 25ms (default)
2019-07-13 07:40:58,943 INFO  server.RaftServerConfigKeys (ConfUtils.java:logGet(43)) - raft.server.write.element-limit = 4096 (default)
2019-07-13 07:40:58,943 INFO  server.RaftServerConfigKeys (ConfUtils.java:logGet(43)) - raft.server.watch.timeout = 10s (default)
2019-07-13 07:40:58,943 INFO  server.RaftServerConfigKeys (ConfUtils.java:logGet(43)) - raft.server.watch.timeout.denomination = 1s (default)
2019-07-13 07:40:58,943 INFO  server.RaftServerConfigKeys (ConfUtils.java:logGet(43)) - raft.server.watch.element-limit = 65536 (default)
2019-07-13 07:40:58,943 INFO  impl.RoleInfo (RoleInfo.java:updateAndGet(143)) - ffea1c0c-54d4-489a-91f1-ab213ff31fbd: start LeaderState
2019-07-13 07:40:58,944 INFO  segmented.SegmentedRaftLogWorker (SegmentedRaftLogWorker.java:startLogSegment(380)) - ffea1c0c-54d4-489a-91f1-ab213ff31fbd-SegmentedRaftLogWorker:Storage Directory /tmp/workdir/hadoop-ozone/integration-test/target/test-dir/MiniOzoneClusterImpl-a9291cd5-20eb-4d49-8028-80e536ff47c2/datanode-1/data/ratis/891eb6b7-9521-46aa-a769-e5f18353485c: Starting segment from index:0
2019-07-13 07:40:58,944 INFO  impl.RaftServerImpl (ServerState.java:setRaftConf(361)) - ffea1c0c-54d4-489a-91f1-ab213ff31fbd:group-E5F18353485C set configuration 0: [ffea1c0c-54d4-489a-91f1-ab213ff31fbd:192.168.69.84:41002], old=null at 0
2019-07-13 07:40:58,966 INFO  impl.FollowerState (FollowerState.java:run(106)) - cf574be2-0862-442f-9bdc-d7a358afdd89:group-0C24527E4F73 changes to CANDIDATE, lastRpcTime:5193, electionTimeout:5189ms
2019-07-13 07:40:58,966 INFO  impl.RoleInfo (RoleInfo.java:shutdownFollowerState(121)) - cf574be2-0862-442f-9bdc-d7a358afdd89: shutdown FollowerState
2019-07-13 07:40:58,966 INFO  impl.RaftServerImpl (RaftServerImpl.java:setRole(171)) - cf574be2-0862-442f-9bdc-d7a358afdd89:group-0C24527E4F73 changes role from FOLLOWER to CANDIDATE at term 0 for changeToCandidate
2019-07-13 07:40:58,967 INFO  impl.RoleInfo (RoleInfo.java:updateAndGet(143)) - cf574be2-0862-442f-9bdc-d7a358afdd89: start LeaderElection
2019-07-13 07:40:58,969 INFO  client.GrpcClientProtocolClient (GrpcClientProtocolClient.java:onNext(255)) - client-03A2B2BF77EC->fed9b9f5-d86c-4039-a8d2-a5af12463bc9: receive RaftClientReply:client-03A2B2BF77EC->fed9b9f5-d86c-4039-a8d2-a5af12463bc9@group-67BD07A3D150, cid=236, FAILED org.apache.ratis.protocol.NotLeaderException: Server fed9b9f5-d86c-4039-a8d2-a5af12463bc9 is not the leader (null). Request must be sent to leader., logIndex=0, commits[fed9b9f5-d86c-4039-a8d2-a5af12463bc9:c-1]
2019-07-13 07:40:58,991 INFO  segmented.SegmentedRaftLogWorker (SegmentedRaftLogWorker.java:execute(569)) - ffea1c0c-54d4-489a-91f1-ab213ff31fbd-SegmentedRaftLogWorker:Storage Directory /tmp/workdir/hadoop-ozone/integration-test/target/test-dir/MiniOzoneClusterImpl-a9291cd5-20eb-4d49-8028-80e536ff47c2/datanode-1/data/ratis/891eb6b7-9521-46aa-a769-e5f18353485c: created new log segment /tmp/workdir/hadoop-ozone/integration-test/target/test-dir/MiniOzoneClusterImpl-a9291cd5-20eb-4d49-8028-80e536ff47c2/datanode-1/data/ratis/891eb6b7-9521-46aa-a769-e5f18353485c/current/log_inprogress_0
2019-07-13 07:40:58,992 INFO  impl.LeaderElection (LeaderElection.java:askForVotes(181)) - cf574be2-0862-442f-9bdc-d7a358afdd89:group-0C24527E4F73:LeaderElection84: begin an election at term 1 for -1: [cf574be2-0862-442f-9bdc-d7a358afdd89:192.168.69.84:36132], old=null
2019-07-13 07:40:58,992 INFO  impl.RoleInfo (RoleInfo.java:shutdownLeaderElection(134)) - cf574be2-0862-442f-9bdc-d7a358afdd89: shutdown LeaderElection
2019-07-13 07:40:58,992 INFO  impl.RaftServerImpl (RaftServerImpl.java:setRole(171)) - cf574be2-0862-442f-9bdc-d7a358afdd89:group-0C24527E4F73 changes role from CANDIDATE to LEADER at term 1 for changeToLeader
2019-07-13 07:40:58,992 INFO  impl.RaftServerImpl (ServerState.java:setLeader(263)) - cf574be2-0862-442f-9bdc-d7a358afdd89:group-0C24527E4F73 change Leader from null to cf574be2-0862-442f-9bdc-d7a358afdd89 at term 1 for becomeLeader, leader elected after 5224ms
2019-07-13 07:40:58,994 INFO  server.RaftServerConfigKeys (ConfUtils.java:logGet(43)) - raft.server.staging.catchup.gap = 1000 (default)
2019-07-13 07:40:58,994 INFO  server.RaftServerConfigKeys (ConfUtils.java:logGet(43)) - raft.server.rpc.sleep.time = 25ms (default)
2019-07-13 07:40:58,995 INFO  server.RaftServerConfigKeys (ConfUtils.java:logGet(43)) - raft.server.write.element-limit = 4096 (default)
2019-07-13 07:40:58,995 INFO  server.RaftServerConfigKeys (ConfUtils.java:logGet(43)) - raft.server.watch.timeout = 10s (default)
2019-07-13 07:40:58,995 INFO  server.RaftServerConfigKeys (ConfUtils.java:logGet(43)) - raft.server.watch.timeout.denomination = 1s (default)
2019-07-13 07:40:58,995 INFO  server.RaftServerConfigKeys (ConfUtils.java:logGet(43)) - raft.server.watch.element-limit = 65536 (default)
2019-07-13 07:40:58,995 INFO  impl.RoleInfo (RoleInfo.java:updateAndGet(143)) - cf574be2-0862-442f-9bdc-d7a358afdd89: start LeaderState
2019-07-13 07:40:58,995 INFO  segmented.SegmentedRaftLogWorker (SegmentedRaftLogWorker.java:startLogSegment(380)) - cf574be2-0862-442f-9bdc-d7a358afdd89-SegmentedRaftLogWorker:Storage Directory /tmp/workdir/hadoop-ozone/integration-test/target/test-dir/MiniOzoneClusterImpl-a9291cd5-20eb-4d49-8028-80e536ff47c2/datanode-0/data/ratis/7cd050a5-ec01-43f3-9fef-0c24527e4f73: Starting segment from index:0
2019-07-13 07:40:58,996 INFO  impl.RaftServerImpl (ServerState.java:setRaftConf(361)) - cf574be2-0862-442f-9bdc-d7a358afdd89:group-0C24527E4F73 set configuration 0: [cf574be2-0862-442f-9bdc-d7a358afdd89:192.168.69.84:36132], old=null at 0
2019-07-13 07:40:59,024 INFO  segmented.SegmentedRaftLogWorker (SegmentedRaftLogWorker.java:execute(569)) - cf574be2-0862-442f-9bdc-d7a358afdd89-SegmentedRaftLogWorker:Storage Directory /tmp/workdir/hadoop-ozone/integration-test/target/test-dir/MiniOzoneClusterImpl-a9291cd5-20eb-4d49-8028-80e536ff47c2/datanode-0/data/ratis/7cd050a5-ec01-43f3-9fef-0c24527e4f73: created new log segment /tmp/workdir/hadoop-ozone/integration-test/target/test-dir/MiniOzoneClusterImpl-a9291cd5-20eb-4d49-8028-80e536ff47c2/datanode-0/data/ratis/7cd050a5-ec01-43f3-9fef-0c24527e4f73/current/log_inprogress_0
2019-07-13 07:40:59,170 INFO  impl.FollowerState (FollowerState.java:run(106)) - ffea1c0c-54d4-489a-91f1-ab213ff31fbd:group-67BD07A3D150 changes to CANDIDATE, lastRpcTime:5009, electionTimeout:5009ms
2019-07-13 07:40:59,170 INFO  impl.RoleInfo (RoleInfo.java:shutdownFollowerState(121)) - ffea1c0c-54d4-489a-91f1-ab213ff31fbd: shutdown FollowerState
2019-07-13 07:40:59,170 INFO  impl.RaftServerImpl (RaftServerImpl.java:setRole(171)) - ffea1c0c-54d4-489a-91f1-ab213ff31fbd:group-67BD07A3D150 changes role from FOLLOWER to CANDIDATE at term 0 for changeToCandidate
2019-07-13 07:40:59,171 INFO  impl.RoleInfo (RoleInfo.java:updateAndGet(143)) - ffea1c0c-54d4-489a-91f1-ab213ff31fbd: start LeaderElection
2019-07-13 07:40:59,190 INFO  impl.LeaderElection (LeaderElection.java:askForVotes(181)) - ffea1c0c-54d4-489a-91f1-ab213ff31fbd:group-67BD07A3D150:LeaderElection85: begin an election at term 1 for -1: [cf574be2-0862-442f-9bdc-d7a358afdd89:192.168.69.84:36132, fed9b9f5-d86c-4039-a8d2-a5af12463bc9:192.168.69.84:32985, ffea1c0c-54d4-489a-91f1-ab213ff31fbd:192.168.69.84:41002], old=null
2019-07-13 07:40:59,195 INFO  impl.RaftServerImpl (RaftServerImpl.java:setRole(171)) - fed9b9f5-d86c-4039-a8d2-a5af12463bc9:group-67BD07A3D150 changes role from FOLLOWER to FOLLOWER at term 1 for recognizeCandidate:ffea1c0c-54d4-489a-91f1-ab213ff31fbd
2019-07-13 07:40:59,195 INFO  impl.RaftServerImpl (RaftServerImpl.java:setRole(171)) - cf574be2-0862-442f-9bdc-d7a358afdd89:group-67BD07A3D150 changes role from FOLLOWER to FOLLOWER at term 1 for recognizeCandidate:ffea1c0c-54d4-489a-91f1-ab213ff31fbd
2019-07-13 07:40:59,195 INFO  impl.RoleInfo (RoleInfo.java:shutdownFollowerState(121)) - fed9b9f5-d86c-4039-a8d2-a5af12463bc9: shutdown FollowerState
2019-07-13 07:40:59,195 INFO  impl.RoleInfo (RoleInfo.java:shutdownFollowerState(121)) - cf574be2-0862-442f-9bdc-d7a358afdd89: shutdown FollowerState
2019-07-13 07:40:59,196 INFO  impl.FollowerState (FollowerState.java:run(114)) - fed9b9f5-d86c-4039-a8d2-a5af12463bc9: FollowerState was interrupted: java.lang.InterruptedException: sleep interrupted
2019-07-13 07:40:59,196 INFO  impl.RoleInfo (RoleInfo.java:updateAndGet(143)) - fed9b9f5-d86c-4039-a8d2-a5af12463bc9: start FollowerState
2019-07-13 07:40:59,196 INFO  impl.FollowerState (FollowerState.java:run(114)) - cf574be2-0862-442f-9bdc-d7a358afdd89: FollowerState was interrupted: java.lang.InterruptedException: sleep interrupted
2019-07-13 07:40:59,196 INFO  impl.RoleInfo (RoleInfo.java:updateAndGet(143)) - cf574be2-0862-442f-9bdc-d7a358afdd89: start FollowerState
2019-07-13 07:40:59,204 INFO  impl.FollowerState (FollowerState.java:run(106)) - fed9b9f5-d86c-4039-a8d2-a5af12463bc9:group-89C459A4540E changes to CANDIDATE, lastRpcTime:5122, electionTimeout:5122ms
2019-07-13 07:40:59,204 INFO  impl.RoleInfo (RoleInfo.java:shutdownFollowerState(121)) - fed9b9f5-d86c-4039-a8d2-a5af12463bc9: shutdown FollowerState
2019-07-13 07:40:59,204 INFO  impl.RaftServerImpl (RaftServerImpl.java:setRole(171)) - fed9b9f5-d86c-4039-a8d2-a5af12463bc9:group-89C459A4540E changes role from FOLLOWER to CANDIDATE at term 0 for changeToCandidate
2019-07-13 07:40:59,204 INFO  impl.RoleInfo (RoleInfo.java:updateAndGet(143)) - fed9b9f5-d86c-4039-a8d2-a5af12463bc9: start LeaderElection
2019-07-13 07:40:59,221 INFO  impl.LeaderElection (LeaderElection.java:logAndReturn(56)) - ffea1c0c-54d4-489a-91f1-ab213ff31fbd:group-67BD07A3D150:LeaderElection85: Election PASSED; received 1 response(s) [ffea1c0c-54d4-489a-91f1-ab213ff31fbd<-cf574be2-0862-442f-9bdc-d7a358afdd89#0:OK-t1] and 0 exception(s); ffea1c0c-54d4-489a-91f1-ab213ff31fbd:t1, leader=null, voted=ffea1c0c-54d4-489a-91f1-ab213ff31fbd, raftlog=ffea1c0c-54d4-489a-91f1-ab213ff31fbd-SegmentedRaftLog:OPENED:c-1,f-1,i0, conf=-1: [cf574be2-0862-442f-9bdc-d7a358afdd89:192.168.69.84:36132, fed9b9f5-d86c-4039-a8d2-a5af12463bc9:192.168.69.84:32985, ffea1c0c-54d4-489a-91f1-ab213ff31fbd:192.168.69.84:41002], old=null
2019-07-13 07:40:59,221 INFO  impl.RoleInfo (RoleInfo.java:shutdownLeaderElection(134)) - ffea1c0c-54d4-489a-91f1-ab213ff31fbd: shutdown LeaderElection
2019-07-13 07:40:59,221 INFO  impl.RaftServerImpl (RaftServerImpl.java:setRole(171)) - ffea1c0c-54d4-489a-91f1-ab213ff31fbd:group-67BD07A3D150 changes role from CANDIDATE to LEADER at term 1 for changeToLeader
2019-07-13 07:40:59,221 INFO  impl.RaftServerImpl (ServerState.java:setLeader(263)) - ffea1c0c-54d4-489a-91f1-ab213ff31fbd:group-67BD07A3D150 change Leader from null to ffea1c0c-54d4-489a-91f1-ab213ff31fbd at term 1 for becomeLeader, leader elected after 5068ms
2019-07-13 07:40:59,221 INFO  server.RaftServerConfigKeys (ConfUtils.java:logGet(43)) - raft.server.staging.catchup.gap = 1000 (default)
2019-07-13 07:40:59,221 INFO  server.RaftServerConfigKeys (ConfUtils.java:logGet(43)) - raft.server.rpc.sleep.time = 25ms (default)
2019-07-13 07:40:59,221 INFO  server.RaftServerConfigKeys (ConfUtils.java:logGet(43)) - raft.server.write.element-limit = 4096 (default)
2019-07-13 07:40:59,222 INFO  impl.LeaderElection (LeaderElection.java:askForVotes(181)) - fed9b9f5-d86c-4039-a8d2-a5af12463bc9:group-89C459A4540E:LeaderElection86: begin an election at term 1 for -1: [fed9b9f5-d86c-4039-a8d2-a5af12463bc9:192.168.69.84:32985], old=null
2019-07-13 07:40:59,222 INFO  server.RaftServerConfigKeys (ConfUtils.java:logGet(43)) - raft.server.watch.timeout = 10s (default)
2019-07-13 07:40:59,222 INFO  impl.RoleInfo (RoleInfo.java:shutdownLeaderElection(134)) - fed9b9f5-d86c-4039-a8d2-a5af12463bc9: shutdown LeaderElection
2019-07-13 07:40:59,222 INFO  server.RaftServerConfigKeys (ConfUtils.java:logGet(43)) - raft.server.watch.timeout.denomination = 1s (default)
2019-07-13 07:40:59,222 INFO  impl.RaftServerImpl (RaftServerImpl.java:setRole(171)) - fed9b9f5-d86c-4039-a8d2-a5af12463bc9:group-89C459A4540E changes role from CANDIDATE to LEADER at term 1 for changeToLeader
2019-07-13 07:40:59,222 INFO  impl.RaftServerImpl (ServerState.java:setLeader(263)) - fed9b9f5-d86c-4039-a8d2-a5af12463bc9:group-89C459A4540E change Leader from null to fed9b9f5-d86c-4039-a8d2-a5af12463bc9 at term 1 for becomeLeader, leader elected after 5145ms
2019-07-13 07:40:59,222 INFO  server.RaftServerConfigKeys (ConfUtils.java:logGet(43)) - raft.server.watch.element-limit = 65536 (default)
2019-07-13 07:40:59,224 INFO  server.RaftServerConfigKeys (ConfUtils.java:logGet(43)) - raft.server.staging.catchup.gap = 1000 (default)
2019-07-13 07:40:59,225 INFO  server.RaftServerConfigKeys (ConfUtils.java:logGet(43)) - raft.server.log.appender.snapshot.chunk.size.max = 16MB (=16777216) (default)
2019-07-13 07:40:59,225 INFO  server.RaftServerConfigKeys (ConfUtils.java:logGet(43)) - raft.server.rpc.sleep.time = 25ms (default)
2019-07-13 07:40:59,225 INFO  server.RaftServerConfigKeys (ConfUtils.java:logGet(43)) - raft.server.log.appender.buffer.byte-limit = 33554432 (custom)
2019-07-13 07:40:59,225 INFO  server.RaftServerConfigKeys (ConfUtils.java:logGet(43)) - raft.server.write.element-limit = 4096 (default)
2019-07-13 07:40:59,225 INFO  server.RaftServerConfigKeys (ConfUtils.java:logGet(43)) - raft.server.log.appender.buffer.element-limit = 1 (custom)
2019-07-13 07:40:59,226 INFO  server.RaftServerConfigKeys (ConfUtils.java:logGet(43)) - raft.server.watch.timeout = 10s (default)
2019-07-13 07:40:59,226 INFO  grpc.GrpcConfigKeys$Server (ConfUtils.java:logGet(43)) - raft.grpc.server.leader.outstanding.appends.max = 128 (default)
2019-07-13 07:40:59,226 INFO  server.RaftServerConfigKeys (ConfUtils.java:logGet(43)) - raft.server.watch.timeout.denomination = 1s (default)
2019-07-13 07:40:59,226 INFO  server.RaftServerConfigKeys (ConfUtils.java:logGet(43)) - raft.server.rpc.request.timeout = 3000ms (default)
2019-07-13 07:40:59,226 INFO  server.RaftServerConfigKeys (ConfUtils.java:logGet(43)) - raft.server.watch.element-limit = 65536 (default)
2019-07-13 07:40:59,226 INFO  server.RaftServerConfigKeys (ConfUtils.java:logGet(43)) - raft.server.log.appender.install.snapshot.enabled = false (custom)
2019-07-13 07:40:59,227 INFO  impl.RoleInfo (RoleInfo.java:updateAndGet(143)) - fed9b9f5-d86c-4039-a8d2-a5af12463bc9: start LeaderState
2019-07-13 07:40:59,227 INFO  server.RaftServerConfigKeys (ConfUtils.java:logGet(43)) - raft.server.log.appender.snapshot.chunk.size.max = 16MB (=16777216) (default)
2019-07-13 07:40:59,227 INFO  segmented.SegmentedRaftLogWorker (SegmentedRaftLogWorker.java:startLogSegment(380)) - fed9b9f5-d86c-4039-a8d2-a5af12463bc9-SegmentedRaftLogWorker:Storage Directory /tmp/workdir/hadoop-ozone/integration-test/target/test-dir/MiniOzoneClusterImpl-a9291cd5-20eb-4d49-8028-80e536ff47c2/datanode-2/data/ratis/447184b8-97ce-4169-aa1c-89c459a4540e: Starting segment from index:0
2019-07-13 07:40:59,227 INFO  server.RaftServerConfigKeys (ConfUtils.java:logGet(43)) - raft.server.log.appender.buffer.byte-limit = 33554432 (custom)
2019-07-13 07:40:59,228 INFO  server.RaftServerConfigKeys (ConfUtils.java:logGet(43)) - raft.server.log.appender.buffer.element-limit = 1 (custom)
2019-07-13 07:40:59,228 INFO  grpc.GrpcConfigKeys$Server (ConfUtils.java:logGet(43)) - raft.grpc.server.leader.outstanding.appends.max = 128 (default)
2019-07-13 07:40:59,228 INFO  impl.RaftServerImpl (ServerState.java:setRaftConf(361)) - fed9b9f5-d86c-4039-a8d2-a5af12463bc9:group-89C459A4540E set configuration 0: [fed9b9f5-d86c-4039-a8d2-a5af12463bc9:192.168.69.84:32985], old=null at 0
2019-07-13 07:40:59,228 INFO  server.RaftServerConfigKeys (ConfUtils.java:logGet(43)) - raft.server.rpc.request.timeout = 3000ms (default)
2019-07-13 07:40:59,228 INFO  server.RaftServerConfigKeys (ConfUtils.java:logGet(43)) - raft.server.log.appender.install.snapshot.enabled = false (custom)
2019-07-13 07:40:59,229 INFO  impl.RoleInfo (RoleInfo.java:updateAndGet(143)) - ffea1c0c-54d4-489a-91f1-ab213ff31fbd: start LeaderState
2019-07-13 07:40:59,229 INFO  segmented.SegmentedRaftLogWorker (SegmentedRaftLogWorker.java:startLogSegment(380)) - ffea1c0c-54d4-489a-91f1-ab213ff31fbd-SegmentedRaftLogWorker:Storage Directory /tmp/workdir/hadoop-ozone/integration-test/target/test-dir/MiniOzoneClusterImpl-a9291cd5-20eb-4d49-8028-80e536ff47c2/datanode-1/data/ratis/1c0fcc1b-6434-4eff-b953-67bd07a3d150: Starting segment from index:0
2019-07-13 07:40:59,230 INFO  impl.RaftServerImpl (ServerState.java:setRaftConf(361)) - ffea1c0c-54d4-489a-91f1-ab213ff31fbd:group-67BD07A3D150 set configuration 0: [cf574be2-0862-442f-9bdc-d7a358afdd89:192.168.69.84:36132, fed9b9f5-d86c-4039-a8d2-a5af12463bc9:192.168.69.84:32985, ffea1c0c-54d4-489a-91f1-ab213ff31fbd:192.168.69.84:41002], old=null at 0
2019-07-13 07:40:59,252 INFO  impl.RaftServerImpl (ServerState.java:setLeader(263)) - fed9b9f5-d86c-4039-a8d2-a5af12463bc9:group-67BD07A3D150 change Leader from null to ffea1c0c-54d4-489a-91f1-ab213ff31fbd at term 1 for appendEntries, leader elected after 5099ms
2019-07-13 07:40:59,252 INFO  impl.RaftServerImpl (ServerState.java:setLeader(263)) - cf574be2-0862-442f-9bdc-d7a358afdd89:group-67BD07A3D150 change Leader from null to ffea1c0c-54d4-489a-91f1-ab213ff31fbd at term 1 for appendEntries, leader elected after 5098ms
2019-07-13 07:40:59,260 INFO  impl.RaftServerImpl (ServerState.java:setRaftConf(361)) - fed9b9f5-d86c-4039-a8d2-a5af12463bc9:group-67BD07A3D150 set configuration 0: [cf574be2-0862-442f-9bdc-d7a358afdd89:192.168.69.84:36132, fed9b9f5-d86c-4039-a8d2-a5af12463bc9:192.168.69.84:32985, ffea1c0c-54d4-489a-91f1-ab213ff31fbd:192.168.69.84:41002], old=null at 0
2019-07-13 07:40:59,260 INFO  impl.RaftServerImpl (ServerState.java:setRaftConf(361)) - cf574be2-0862-442f-9bdc-d7a358afdd89:group-67BD07A3D150 set configuration 0: [cf574be2-0862-442f-9bdc-d7a358afdd89:192.168.69.84:36132, fed9b9f5-d86c-4039-a8d2-a5af12463bc9:192.168.69.84:32985, ffea1c0c-54d4-489a-91f1-ab213ff31fbd:192.168.69.84:41002], old=null at 0
2019-07-13 07:40:59,260 INFO  segmented.SegmentedRaftLogWorker (SegmentedRaftLogWorker.java:startLogSegment(380)) - fed9b9f5-d86c-4039-a8d2-a5af12463bc9-SegmentedRaftLogWorker:Storage Directory /tmp/workdir/hadoop-ozone/integration-test/target/test-dir/MiniOzoneClusterImpl-a9291cd5-20eb-4d49-8028-80e536ff47c2/datanode-2/data/ratis/1c0fcc1b-6434-4eff-b953-67bd07a3d150: Starting segment from index:0
2019-07-13 07:40:59,260 INFO  segmented.SegmentedRaftLogWorker (SegmentedRaftLogWorker.java:startLogSegment(380)) - cf574be2-0862-442f-9bdc-d7a358afdd89-SegmentedRaftLogWorker:Storage Directory /tmp/workdir/hadoop-ozone/integration-test/target/test-dir/MiniOzoneClusterImpl-a9291cd5-20eb-4d49-8028-80e536ff47c2/datanode-0/data/ratis/1c0fcc1b-6434-4eff-b953-67bd07a3d150: Starting segment from index:0
2019-07-13 07:40:59,264 INFO  segmented.SegmentedRaftLogWorker (SegmentedRaftLogWorker.java:execute(569)) - fed9b9f5-d86c-4039-a8d2-a5af12463bc9-SegmentedRaftLogWorker:Storage Directory /tmp/workdir/hadoop-ozone/integration-test/target/test-dir/MiniOzoneClusterImpl-a9291cd5-20eb-4d49-8028-80e536ff47c2/datanode-2/data/ratis/447184b8-97ce-4169-aa1c-89c459a4540e: created new log segment /tmp/workdir/hadoop-ozone/integration-test/target/test-dir/MiniOzoneClusterImpl-a9291cd5-20eb-4d49-8028-80e536ff47c2/datanode-2/data/ratis/447184b8-97ce-4169-aa1c-89c459a4540e/current/log_inprogress_0
2019-07-13 07:40:59,264 INFO  segmented.SegmentedRaftLogWorker (SegmentedRaftLogWorker.java:execute(569)) - ffea1c0c-54d4-489a-91f1-ab213ff31fbd-SegmentedRaftLogWorker:Storage Directory /tmp/workdir/hadoop-ozone/integration-test/target/test-dir/MiniOzoneClusterImpl-a9291cd5-20eb-4d49-8028-80e536ff47c2/datanode-1/data/ratis/1c0fcc1b-6434-4eff-b953-67bd07a3d150: created new log segment /tmp/workdir/hadoop-ozone/integration-test/target/test-dir/MiniOzoneClusterImpl-a9291cd5-20eb-4d49-8028-80e536ff47c2/datanode-1/data/ratis/1c0fcc1b-6434-4eff-b953-67bd07a3d150/current/log_inprogress_0
2019-07-13 07:40:59,291 INFO  segmented.SegmentedRaftLogWorker (SegmentedRaftLogWorker.java:execute(569)) - cf574be2-0862-442f-9bdc-d7a358afdd89-SegmentedRaftLogWorker:Storage Directory /tmp/workdir/hadoop-ozone/integration-test/target/test-dir/MiniOzoneClusterImpl-a9291cd5-20eb-4d49-8028-80e536ff47c2/datanode-0/data/ratis/1c0fcc1b-6434-4eff-b953-67bd07a3d150: created new log segment /tmp/workdir/hadoop-ozone/integration-test/target/test-dir/MiniOzoneClusterImpl-a9291cd5-20eb-4d49-8028-80e536ff47c2/datanode-0/data/ratis/1c0fcc1b-6434-4eff-b953-67bd07a3d150/current/log_inprogress_0
2019-07-13 07:40:59,291 INFO  segmented.SegmentedRaftLogWorker (SegmentedRaftLogWorker.java:execute(569)) - fed9b9f5-d86c-4039-a8d2-a5af12463bc9-SegmentedRaftLogWorker:Storage Directory /tmp/workdir/hadoop-ozone/integration-test/target/test-dir/MiniOzoneClusterImpl-a9291cd5-20eb-4d49-8028-80e536ff47c2/datanode-2/data/ratis/1c0fcc1b-6434-4eff-b953-67bd07a3d150: created new log segment /tmp/workdir/hadoop-ozone/integration-test/target/test-dir/MiniOzoneClusterImpl-a9291cd5-20eb-4d49-8028-80e536ff47c2/datanode-2/data/ratis/1c0fcc1b-6434-4eff-b953-67bd07a3d150/current/log_inprogress_0
2019-07-13 07:40:59,345 INFO  impl.FollowerState (FollowerState.java:run(106)) - 663ce06c-2b00-49a0-b86a-9b132b56b1c5:group-FF8BB21085BB changes to CANDIDATE, lastRpcTime:5125, electionTimeout:5109ms
2019-07-13 07:40:59,345 INFO  impl.RoleInfo (RoleInfo.java:shutdownFollowerState(121)) - 663ce06c-2b00-49a0-b86a-9b132b56b1c5: shutdown FollowerState
2019-07-13 07:40:59,345 INFO  impl.RaftServerImpl (RaftServerImpl.java:setRole(171)) - 663ce06c-2b00-49a0-b86a-9b132b56b1c5:group-FF8BB21085BB changes role from FOLLOWER to CANDIDATE at term 0 for changeToCandidate
2019-07-13 07:40:59,345 INFO  impl.RoleInfo (RoleInfo.java:updateAndGet(143)) - 663ce06c-2b00-49a0-b86a-9b132b56b1c5: start LeaderElection
2019-07-13 07:40:59,388 INFO  impl.LeaderElection (LeaderElection.java:askForVotes(181)) - 663ce06c-2b00-49a0-b86a-9b132b56b1c5:group-FF8BB21085BB:LeaderElection87: begin an election at term 1 for -1: [663ce06c-2b00-49a0-b86a-9b132b56b1c5:192.168.69.84:46023], old=null
2019-07-13 07:40:59,388 INFO  impl.RoleInfo (RoleInfo.java:shutdownLeaderElection(134)) - 663ce06c-2b00-49a0-b86a-9b132b56b1c5: shutdown LeaderElection
2019-07-13 07:40:59,388 INFO  impl.RaftServerImpl (RaftServerImpl.java:setRole(171)) - 663ce06c-2b00-49a0-b86a-9b132b56b1c5:group-FF8BB21085BB changes role from CANDIDATE to LEADER at term 1 for changeToLeader
2019-07-13 07:40:59,388 INFO  impl.RaftServerImpl (ServerState.java:setLeader(263)) - 663ce06c-2b00-49a0-b86a-9b132b56b1c5:group-FF8BB21085BB change Leader from null to 663ce06c-2b00-49a0-b86a-9b132b56b1c5 at term 1 for becomeLeader, leader elected after 5173ms
2019-07-13 07:40:59,391 INFO  server.RaftServerConfigKeys (ConfUtils.java:logGet(43)) - raft.server.staging.catchup.gap = 1000 (default)
2019-07-13 07:40:59,391 INFO  server.RaftServerConfigKeys (ConfUtils.java:logGet(43)) - raft.server.rpc.sleep.time = 25ms (default)
2019-07-13 07:40:59,391 INFO  server.RaftServerConfigKeys (ConfUtils.java:logGet(43)) - raft.server.write.element-limit = 4096 (default)
2019-07-13 07:40:59,391 INFO  server.RaftServerConfigKeys (ConfUtils.java:logGet(43)) - raft.server.watch.timeout = 10s (default)
2019-07-13 07:40:59,391 INFO  server.RaftServerConfigKeys (ConfUtils.java:logGet(43)) - raft.server.watch.timeout.denomination = 1s (default)
2019-07-13 07:40:59,391 INFO  server.RaftServerConfigKeys (ConfUtils.java:logGet(43)) - raft.server.watch.element-limit = 65536 (default)
2019-07-13 07:40:59,392 INFO  impl.RoleInfo (RoleInfo.java:updateAndGet(143)) - 663ce06c-2b00-49a0-b86a-9b132b56b1c5: start LeaderState
2019-07-13 07:40:59,392 INFO  segmented.SegmentedRaftLogWorker (SegmentedRaftLogWorker.java:startLogSegment(380)) - 663ce06c-2b00-49a0-b86a-9b132b56b1c5-SegmentedRaftLogWorker:Storage Directory /tmp/workdir/hadoop-ozone/integration-test/target/test-dir/MiniOzoneClusterImpl-a9291cd5-20eb-4d49-8028-80e536ff47c2/datanode-3/data/ratis/d5b5101a-ec3e-4626-bf02-ff8bb21085bb: Starting segment from index:0
2019-07-13 07:40:59,392 INFO  impl.RaftServerImpl (ServerState.java:setRaftConf(361)) - 663ce06c-2b00-49a0-b86a-9b132b56b1c5:group-FF8BB21085BB set configuration 0: [663ce06c-2b00-49a0-b86a-9b132b56b1c5:192.168.69.84:46023], old=null at 0
2019-07-13 07:40:59,429 INFO  segmented.SegmentedRaftLogWorker (SegmentedRaftLogWorker.java:execute(569)) - 663ce06c-2b00-49a0-b86a-9b132b56b1c5-SegmentedRaftLogWorker:Storage Directory /tmp/workdir/hadoop-ozone/integration-test/target/test-dir/MiniOzoneClusterImpl-a9291cd5-20eb-4d49-8028-80e536ff47c2/datanode-3/data/ratis/d5b5101a-ec3e-4626-bf02-ff8bb21085bb: created new log segment /tmp/workdir/hadoop-ozone/integration-test/target/test-dir/MiniOzoneClusterImpl-a9291cd5-20eb-4d49-8028-80e536ff47c2/datanode-3/data/ratis/d5b5101a-ec3e-4626-bf02-ff8bb21085bb/current/log_inprogress_0
2019-07-13 07:40:59,514 INFO  impl.FollowerState (FollowerState.java:run(106)) - e95deabc-ba49-4e50-b9d3-1085dd1bb7a8:group-32C3042CCB8C changes to CANDIDATE, lastRpcTime:5122, electionTimeout:5122ms
2019-07-13 07:40:59,514 INFO  impl.RoleInfo (RoleInfo.java:shutdownFollowerState(121)) - e95deabc-ba49-4e50-b9d3-1085dd1bb7a8: shutdown FollowerState
2019-07-13 07:40:59,514 INFO  impl.RaftServerImpl (RaftServerImpl.java:setRole(171)) - e95deabc-ba49-4e50-b9d3-1085dd1bb7a8:group-32C3042CCB8C changes role from FOLLOWER to CANDIDATE at term 0 for changeToCandidate
2019-07-13 07:40:59,514 INFO  impl.RoleInfo (RoleInfo.java:updateAndGet(143)) - e95deabc-ba49-4e50-b9d3-1085dd1bb7a8: start LeaderElection
2019-07-13 07:40:59,545 INFO  impl.LeaderElection (LeaderElection.java:askForVotes(181)) - e95deabc-ba49-4e50-b9d3-1085dd1bb7a8:group-32C3042CCB8C:LeaderElection88: begin an election at term 1 for -1: [e95deabc-ba49-4e50-b9d3-1085dd1bb7a8:192.168.69.84:44735], old=null
2019-07-13 07:40:59,545 INFO  impl.RoleInfo (RoleInfo.java:shutdownLeaderElection(134)) - e95deabc-ba49-4e50-b9d3-1085dd1bb7a8: shutdown LeaderElection
2019-07-13 07:40:59,545 INFO  impl.RaftServerImpl (RaftServerImpl.java:setRole(171)) - e95deabc-ba49-4e50-b9d3-1085dd1bb7a8:group-32C3042CCB8C changes role from CANDIDATE to LEADER at term 1 for changeToLeader
2019-07-13 07:40:59,545 INFO  impl.RaftServerImpl (ServerState.java:setLeader(263)) - e95deabc-ba49-4e50-b9d3-1085dd1bb7a8:group-32C3042CCB8C change Leader from null to e95deabc-ba49-4e50-b9d3-1085dd1bb7a8 at term 1 for becomeLeader, leader elected after 5158ms
2019-07-13 07:40:59,547 INFO  server.RaftServerConfigKeys (ConfUtils.java:logGet(43)) - raft.server.staging.catchup.gap = 1000 (default)
2019-07-13 07:40:59,548 INFO  server.RaftServerConfigKeys (ConfUtils.java:logGet(43)) - raft.server.rpc.sleep.time = 25ms (default)
2019-07-13 07:40:59,548 INFO  server.RaftServerConfigKeys (ConfUtils.java:logGet(43)) - raft.server.write.element-limit = 4096 (default)
2019-07-13 07:40:59,548 INFO  server.RaftServerConfigKeys (ConfUtils.java:logGet(43)) - raft.server.watch.timeout = 10s (default)
2019-07-13 07:40:59,548 INFO  server.RaftServerConfigKeys (ConfUtils.java:logGet(43)) - raft.server.watch.timeout.denomination = 1s (default)
2019-07-13 07:40:59,548 INFO  server.RaftServerConfigKeys (ConfUtils.java:logGet(43)) - raft.server.watch.element-limit = 65536 (default)
2019-07-13 07:40:59,548 INFO  impl.RoleInfo (RoleInfo.java:updateAndGet(143)) - e95deabc-ba49-4e50-b9d3-1085dd1bb7a8: start LeaderState
2019-07-13 07:40:59,549 INFO  segmented.SegmentedRaftLogWorker (SegmentedRaftLogWorker.java:startLogSegment(380)) - e95deabc-ba49-4e50-b9d3-1085dd1bb7a8-SegmentedRaftLogWorker:Storage Directory /tmp/workdir/hadoop-ozone/integration-test/target/test-dir/MiniOzoneClusterImpl-a9291cd5-20eb-4d49-8028-80e536ff47c2/datanode-4/data/ratis/62d02b30-4701-4776-8913-32c3042ccb8c: Starting segment from index:0
2019-07-13 07:40:59,549 INFO  impl.RaftServerImpl (ServerState.java:setRaftConf(361)) - e95deabc-ba49-4e50-b9d3-1085dd1bb7a8:group-32C3042CCB8C set configuration 0: [e95deabc-ba49-4e50-b9d3-1085dd1bb7a8:192.168.69.84:44735], old=null at 0
2019-07-13 07:40:59,594 INFO  segmented.SegmentedRaftLogWorker (SegmentedRaftLogWorker.java:execute(569)) - e95deabc-ba49-4e50-b9d3-1085dd1bb7a8-SegmentedRaftLogWorker:Storage Directory /tmp/workdir/hadoop-ozone/integration-test/target/test-dir/MiniOzoneClusterImpl-a9291cd5-20eb-4d49-8028-80e536ff47c2/datanode-4/data/ratis/62d02b30-4701-4776-8913-32c3042ccb8c: created new log segment /tmp/workdir/hadoop-ozone/integration-test/target/test-dir/MiniOzoneClusterImpl-a9291cd5-20eb-4d49-8028-80e536ff47c2/datanode-4/data/ratis/62d02b30-4701-4776-8913-32c3042ccb8c/current/log_inprogress_0
2019-07-13 07:40:59,664 INFO  impl.FollowerState (FollowerState.java:run(106)) - bf9b69e6-af40-4f2b-90c0-0d8e6346e31e:group-F4F7E95C49DD changes to CANDIDATE, lastRpcTime:5036, electionTimeout:5036ms
2019-07-13 07:40:59,664 INFO  impl.FollowerState (FollowerState.java:run(106)) - bf9b69e6-af40-4f2b-90c0-0d8e6346e31e:group-8B3B21335831 changes to CANDIDATE, lastRpcTime:5114, electionTimeout:5114ms
2019-07-13 07:40:59,664 INFO  impl.RoleInfo (RoleInfo.java:shutdownFollowerState(121)) - bf9b69e6-af40-4f2b-90c0-0d8e6346e31e: shutdown FollowerState
2019-07-13 07:40:59,664 INFO  impl.RoleInfo (RoleInfo.java:shutdownFollowerState(121)) - bf9b69e6-af40-4f2b-90c0-0d8e6346e31e: shutdown FollowerState
2019-07-13 07:40:59,664 INFO  impl.RaftServerImpl (RaftServerImpl.java:setRole(171)) - bf9b69e6-af40-4f2b-90c0-0d8e6346e31e:group-F4F7E95C49DD changes role from FOLLOWER to CANDIDATE at term 0 for changeToCandidate
2019-07-13 07:40:59,664 INFO  impl.RaftServerImpl (RaftServerImpl.java:setRole(171)) - bf9b69e6-af40-4f2b-90c0-0d8e6346e31e:group-8B3B21335831 changes role from FOLLOWER to CANDIDATE at term 0 for changeToCandidate
2019-07-13 07:40:59,665 INFO  impl.RoleInfo (RoleInfo.java:updateAndGet(143)) - bf9b69e6-af40-4f2b-90c0-0d8e6346e31e: start LeaderElection
2019-07-13 07:40:59,665 INFO  impl.RoleInfo (RoleInfo.java:updateAndGet(143)) - bf9b69e6-af40-4f2b-90c0-0d8e6346e31e: start LeaderElection
2019-07-13 07:40:59,698 INFO  impl.LeaderElection (LeaderElection.java:askForVotes(181)) - bf9b69e6-af40-4f2b-90c0-0d8e6346e31e:group-F4F7E95C49DD:LeaderElection89: begin an election at term 1 for -1: [bf9b69e6-af40-4f2b-90c0-0d8e6346e31e:192.168.69.84:41973, 663ce06c-2b00-49a0-b86a-9b132b56b1c5:192.168.69.84:46023, e95deabc-ba49-4e50-b9d3-1085dd1bb7a8:192.168.69.84:44735], old=null
2019-07-13 07:40:59,698 INFO  impl.LeaderElection (LeaderElection.java:askForVotes(181)) - bf9b69e6-af40-4f2b-90c0-0d8e6346e31e:group-8B3B21335831:LeaderElection90: begin an election at term 1 for -1: [bf9b69e6-af40-4f2b-90c0-0d8e6346e31e:192.168.69.84:41973], old=null
2019-07-13 07:40:59,698 INFO  impl.RoleInfo (RoleInfo.java:shutdownLeaderElection(134)) - bf9b69e6-af40-4f2b-90c0-0d8e6346e31e: shutdown LeaderElection
2019-07-13 07:40:59,698 INFO  impl.RaftServerImpl (RaftServerImpl.java:setRole(171)) - bf9b69e6-af40-4f2b-90c0-0d8e6346e31e:group-8B3B21335831 changes role from CANDIDATE to LEADER at term 1 for changeToLeader
2019-07-13 07:40:59,699 INFO  impl.RaftServerImpl (ServerState.java:setLeader(263)) - bf9b69e6-af40-4f2b-90c0-0d8e6346e31e:group-8B3B21335831 change Leader from null to bf9b69e6-af40-4f2b-90c0-0d8e6346e31e at term 1 for becomeLeader, leader elected after 5153ms
2019-07-13 07:40:59,701 INFO  server.RaftServerConfigKeys (ConfUtils.java:logGet(43)) - raft.server.staging.catchup.gap = 1000 (default)
2019-07-13 07:40:59,702 INFO  server.RaftServerConfigKeys (ConfUtils.java:logGet(43)) - raft.server.rpc.sleep.time = 25ms (default)
2019-07-13 07:40:59,702 INFO  server.RaftServerConfigKeys (ConfUtils.java:logGet(43)) - raft.server.write.element-limit = 4096 (default)
2019-07-13 07:40:59,702 INFO  server.RaftServerConfigKeys (ConfUtils.java:logGet(43)) - raft.server.watch.timeout = 10s (default)
2019-07-13 07:40:59,702 INFO  server.RaftServerConfigKeys (ConfUtils.java:logGet(43)) - raft.server.watch.timeout.denomination = 1s (default)
2019-07-13 07:40:59,702 INFO  server.RaftServerConfigKeys (ConfUtils.java:logGet(43)) - raft.server.watch.element-limit = 65536 (default)
2019-07-13 07:40:59,703 INFO  impl.RoleInfo (RoleInfo.java:updateAndGet(143)) - bf9b69e6-af40-4f2b-90c0-0d8e6346e31e: start LeaderState
2019-07-13 07:40:59,703 INFO  segmented.SegmentedRaftLogWorker (SegmentedRaftLogWorker.java:startLogSegment(380)) - bf9b69e6-af40-4f2b-90c0-0d8e6346e31e-SegmentedRaftLogWorker:Storage Directory /tmp/workdir/hadoop-ozone/integration-test/target/test-dir/MiniOzoneClusterImpl-a9291cd5-20eb-4d49-8028-80e536ff47c2/datanode-5/data/ratis/476607af-56a2-4546-a615-8b3b21335831: Starting segment from index:0
2019-07-13 07:40:59,706 INFO  impl.RaftServerImpl (ServerState.java:setRaftConf(361)) - bf9b69e6-af40-4f2b-90c0-0d8e6346e31e:group-8B3B21335831 set configuration 0: [bf9b69e6-af40-4f2b-90c0-0d8e6346e31e:192.168.69.84:41973], old=null at 0
2019-07-13 07:40:59,729 INFO  impl.RaftServerImpl (RaftServerImpl.java:setRole(171)) - 663ce06c-2b00-49a0-b86a-9b132b56b1c5:group-F4F7E95C49DD changes role from FOLLOWER to FOLLOWER at term 1 for recognizeCandidate:bf9b69e6-af40-4f2b-90c0-0d8e6346e31e
2019-07-13 07:40:59,729 INFO  impl.RoleInfo (RoleInfo.java:shutdownFollowerState(121)) - 663ce06c-2b00-49a0-b86a-9b132b56b1c5: shutdown FollowerState
2019-07-13 07:40:59,729 INFO  impl.RaftServerImpl (RaftServerImpl.java:setRole(171)) - e95deabc-ba49-4e50-b9d3-1085dd1bb7a8:group-F4F7E95C49DD changes role from FOLLOWER to FOLLOWER at term 1 for recognizeCandidate:bf9b69e6-af40-4f2b-90c0-0d8e6346e31e
2019-07-13 07:40:59,729 INFO  impl.FollowerState (FollowerState.java:run(114)) - 663ce06c-2b00-49a0-b86a-9b132b56b1c5: FollowerState was interrupted: java.lang.InterruptedException: sleep interrupted
2019-07-13 07:40:59,729 INFO  impl.RoleInfo (RoleInfo.java:updateAndGet(143)) - 663ce06c-2b00-49a0-b86a-9b132b56b1c5: start FollowerState
2019-07-13 07:40:59,729 INFO  impl.RoleInfo (RoleInfo.java:shutdownFollowerState(121)) - e95deabc-ba49-4e50-b9d3-1085dd1bb7a8: shutdown FollowerState
2019-07-13 07:40:59,732 INFO  impl.RoleInfo (RoleInfo.java:updateAndGet(143)) - e95deabc-ba49-4e50-b9d3-1085dd1bb7a8: start FollowerState
2019-07-13 07:40:59,732 INFO  impl.FollowerState (FollowerState.java:run(114)) - e95deabc-ba49-4e50-b9d3-1085dd1bb7a8: FollowerState was interrupted: java.lang.InterruptedException: sleep interrupted
2019-07-13 07:40:59,742 INFO  segmented.SegmentedRaftLogWorker (SegmentedRaftLogWorker.java:execute(569)) - bf9b69e6-af40-4f2b-90c0-0d8e6346e31e-SegmentedRaftLogWorker:Storage Directory /tmp/workdir/hadoop-ozone/integration-test/target/test-dir/MiniOzoneClusterImpl-a9291cd5-20eb-4d49-8028-80e536ff47c2/datanode-5/data/ratis/476607af-56a2-4546-a615-8b3b21335831: created new log segment /tmp/workdir/hadoop-ozone/integration-test/target/test-dir/MiniOzoneClusterImpl-a9291cd5-20eb-4d49-8028-80e536ff47c2/datanode-5/data/ratis/476607af-56a2-4546-a615-8b3b21335831/current/log_inprogress_0
2019-07-13 07:40:59,743 INFO  impl.LeaderElection (LeaderElection.java:logAndReturn(56)) - bf9b69e6-af40-4f2b-90c0-0d8e6346e31e:group-F4F7E95C49DD:LeaderElection89: Election PASSED; received 1 response(s) [bf9b69e6-af40-4f2b-90c0-0d8e6346e31e<-e95deabc-ba49-4e50-b9d3-1085dd1bb7a8#0:OK-t1] and 0 exception(s); bf9b69e6-af40-4f2b-90c0-0d8e6346e31e:t1, leader=null, voted=bf9b69e6-af40-4f2b-90c0-0d8e6346e31e, raftlog=bf9b69e6-af40-4f2b-90c0-0d8e6346e31e-SegmentedRaftLog:OPENED:c-1,f-1,i0, conf=-1: [bf9b69e6-af40-4f2b-90c0-0d8e6346e31e:192.168.69.84:41973, 663ce06c-2b00-49a0-b86a-9b132b56b1c5:192.168.69.84:46023, e95deabc-ba49-4e50-b9d3-1085dd1bb7a8:192.168.69.84:44735], old=null
2019-07-13 07:40:59,743 INFO  impl.RoleInfo (RoleInfo.java:shutdownLeaderElection(134)) - bf9b69e6-af40-4f2b-90c0-0d8e6346e31e: shutdown LeaderElection
2019-07-13 07:40:59,743 INFO  impl.RaftServerImpl (RaftServerImpl.java:setRole(171)) - bf9b69e6-af40-4f2b-90c0-0d8e6346e31e:group-F4F7E95C49DD changes role from CANDIDATE to LEADER at term 1 for changeToLeader
2019-07-13 07:40:59,743 INFO  impl.RaftServerImpl (ServerState.java:setLeader(263)) - bf9b69e6-af40-4f2b-90c0-0d8e6346e31e:group-F4F7E95C49DD change Leader from null to bf9b69e6-af40-4f2b-90c0-0d8e6346e31e at term 1 for becomeLeader, leader elected after 5127ms
2019-07-13 07:40:59,743 INFO  server.RaftServerConfigKeys (ConfUtils.java:logGet(43)) - raft.server.staging.catchup.gap = 1000 (default)
2019-07-13 07:40:59,743 INFO  server.RaftServerConfigKeys (ConfUtils.java:logGet(43)) - raft.server.rpc.sleep.time = 25ms (default)
2019-07-13 07:40:59,743 INFO  server.RaftServerConfigKeys (ConfUtils.java:logGet(43)) - raft.server.write.element-limit = 4096 (default)
2019-07-13 07:40:59,744 INFO  server.RaftServerConfigKeys (ConfUtils.java:logGet(43)) - raft.server.watch.timeout = 10s (default)
2019-07-13 07:40:59,744 INFO  server.RaftServerConfigKeys (ConfUtils.java:logGet(43)) - raft.server.watch.timeout.denomination = 1s (default)
2019-07-13 07:40:59,744 INFO  server.RaftServerConfigKeys (ConfUtils.java:logGet(43)) - raft.server.watch.element-limit = 65536 (default)
2019-07-13 07:40:59,744 INFO  server.RaftServerConfigKeys (ConfUtils.java:logGet(43)) - raft.server.log.appender.snapshot.chunk.size.max = 16MB (=16777216) (default)
2019-07-13 07:40:59,744 INFO  server.RaftServerConfigKeys (ConfUtils.java:logGet(43)) - raft.server.log.appender.buffer.byte-limit = 33554432 (custom)
2019-07-13 07:40:59,744 INFO  server.RaftServerConfigKeys (ConfUtils.java:logGet(43)) - raft.server.log.appender.buffer.element-limit = 1 (custom)
2019-07-13 07:40:59,745 INFO  grpc.GrpcConfigKeys$Server (ConfUtils.java:logGet(43)) - raft.grpc.server.leader.outstanding.appends.max = 128 (default)
2019-07-13 07:40:59,745 INFO  server.RaftServerConfigKeys (ConfUtils.java:logGet(43)) - raft.server.rpc.request.timeout = 3000ms (default)
2019-07-13 07:40:59,745 INFO  server.RaftServerConfigKeys (ConfUtils.java:logGet(43)) - raft.server.log.appender.install.snapshot.enabled = false (custom)
2019-07-13 07:40:59,745 INFO  server.RaftServerConfigKeys (ConfUtils.java:logGet(43)) - raft.server.log.appender.snapshot.chunk.size.max = 16MB (=16777216) (default)
2019-07-13 07:40:59,745 INFO  server.RaftServerConfigKeys (ConfUtils.java:logGet(43)) - raft.server.log.appender.buffer.byte-limit = 33554432 (custom)
2019-07-13 07:40:59,746 INFO  server.RaftServerConfigKeys (ConfUtils.java:logGet(43)) - raft.server.log.appender.buffer.element-limit = 1 (custom)
2019-07-13 07:40:59,746 INFO  grpc.GrpcConfigKeys$Server (ConfUtils.java:logGet(43)) - raft.grpc.server.leader.outstanding.appends.max = 128 (default)
2019-07-13 07:40:59,746 INFO  server.RaftServerConfigKeys (ConfUtils.java:logGet(43)) - raft.server.rpc.request.timeout = 3000ms (default)
2019-07-13 07:40:59,746 INFO  server.RaftServerConfigKeys (ConfUtils.java:logGet(43)) - raft.server.log.appender.install.snapshot.enabled = false (custom)
2019-07-13 07:40:59,746 INFO  impl.RoleInfo (RoleInfo.java:updateAndGet(143)) - bf9b69e6-af40-4f2b-90c0-0d8e6346e31e: start LeaderState
2019-07-13 07:40:59,746 INFO  segmented.SegmentedRaftLogWorker (SegmentedRaftLogWorker.java:startLogSegment(380)) - bf9b69e6-af40-4f2b-90c0-0d8e6346e31e-SegmentedRaftLogWorker:Storage Directory /tmp/workdir/hadoop-ozone/integration-test/target/test-dir/MiniOzoneClusterImpl-a9291cd5-20eb-4d49-8028-80e536ff47c2/datanode-5/data/ratis/2d752485-5ea1-42f3-b518-f4f7e95c49dd: Starting segment from index:0
2019-07-13 07:40:59,747 INFO  impl.RaftServerImpl (ServerState.java:setRaftConf(361)) - bf9b69e6-af40-4f2b-90c0-0d8e6346e31e:group-F4F7E95C49DD set configuration 0: [bf9b69e6-af40-4f2b-90c0-0d8e6346e31e:192.168.69.84:41973, 663ce06c-2b00-49a0-b86a-9b132b56b1c5:192.168.69.84:46023, e95deabc-ba49-4e50-b9d3-1085dd1bb7a8:192.168.69.84:44735], old=null at 0
2019-07-13 07:40:59,771 INFO  impl.RaftServerImpl (ServerState.java:setLeader(263)) - 663ce06c-2b00-49a0-b86a-9b132b56b1c5:group-F4F7E95C49DD change Leader from null to bf9b69e6-af40-4f2b-90c0-0d8e6346e31e at term 1 for appendEntries, leader elected after 5155ms
2019-07-13 07:40:59,774 INFO  impl.RaftServerImpl (ServerState.java:setLeader(263)) - e95deabc-ba49-4e50-b9d3-1085dd1bb7a8:group-F4F7E95C49DD change Leader from null to bf9b69e6-af40-4f2b-90c0-0d8e6346e31e at term 1 for appendEntries, leader elected after 5157ms
2019-07-13 07:40:59,779 INFO  impl.RaftServerImpl (ServerState.java:setRaftConf(361)) - e95deabc-ba49-4e50-b9d3-1085dd1bb7a8:group-F4F7E95C49DD set configuration 0: [bf9b69e6-af40-4f2b-90c0-0d8e6346e31e:192.168.69.84:41973, 663ce06c-2b00-49a0-b86a-9b132b56b1c5:192.168.69.84:46023, e95deabc-ba49-4e50-b9d3-1085dd1bb7a8:192.168.69.84:44735], old=null at 0
2019-07-13 07:40:59,779 INFO  impl.RaftServerImpl (ServerState.java:setRaftConf(361)) - 663ce06c-2b00-49a0-b86a-9b132b56b1c5:group-F4F7E95C49DD set configuration 0: [bf9b69e6-af40-4f2b-90c0-0d8e6346e31e:192.168.69.84:41973, 663ce06c-2b00-49a0-b86a-9b132b56b1c5:192.168.69.84:46023, e95deabc-ba49-4e50-b9d3-1085dd1bb7a8:192.168.69.84:44735], old=null at 0
2019-07-13 07:40:59,779 INFO  segmented.SegmentedRaftLogWorker (SegmentedRaftLogWorker.java:startLogSegment(380)) - e95deabc-ba49-4e50-b9d3-1085dd1bb7a8-SegmentedRaftLogWorker:Storage Directory /tmp/workdir/hadoop-ozone/integration-test/target/test-dir/MiniOzoneClusterImpl-a9291cd5-20eb-4d49-8028-80e536ff47c2/datanode-4/data/ratis/2d752485-5ea1-42f3-b518-f4f7e95c49dd: Starting segment from index:0
2019-07-13 07:40:59,779 INFO  segmented.SegmentedRaftLogWorker (SegmentedRaftLogWorker.java:startLogSegment(380)) - 663ce06c-2b00-49a0-b86a-9b132b56b1c5-SegmentedRaftLogWorker:Storage Directory /tmp/workdir/hadoop-ozone/integration-test/target/test-dir/MiniOzoneClusterImpl-a9291cd5-20eb-4d49-8028-80e536ff47c2/datanode-3/data/ratis/2d752485-5ea1-42f3-b518-f4f7e95c49dd: Starting segment from index:0
2019-07-13 07:40:59,782 INFO  segmented.SegmentedRaftLogWorker (SegmentedRaftLogWorker.java:execute(569)) - bf9b69e6-af40-4f2b-90c0-0d8e6346e31e-SegmentedRaftLogWorker:Storage Directory /tmp/workdir/hadoop-ozone/integration-test/target/test-dir/MiniOzoneClusterImpl-a9291cd5-20eb-4d49-8028-80e536ff47c2/datanode-5/data/ratis/2d752485-5ea1-42f3-b518-f4f7e95c49dd: created new log segment /tmp/workdir/hadoop-ozone/integration-test/target/test-dir/MiniOzoneClusterImpl-a9291cd5-20eb-4d49-8028-80e536ff47c2/datanode-5/data/ratis/2d752485-5ea1-42f3-b518-f4f7e95c49dd/current/log_inprogress_0
2019-07-13 07:40:59,812 INFO  segmented.SegmentedRaftLogWorker (SegmentedRaftLogWorker.java:execute(569)) - 663ce06c-2b00-49a0-b86a-9b132b56b1c5-SegmentedRaftLogWorker:Storage Directory /tmp/workdir/hadoop-ozone/integration-test/target/test-dir/MiniOzoneClusterImpl-a9291cd5-20eb-4d49-8028-80e536ff47c2/datanode-3/data/ratis/2d752485-5ea1-42f3-b518-f4f7e95c49dd: created new log segment /tmp/workdir/hadoop-ozone/integration-test/target/test-dir/MiniOzoneClusterImpl-a9291cd5-20eb-4d49-8028-80e536ff47c2/datanode-3/data/ratis/2d752485-5ea1-42f3-b518-f4f7e95c49dd/current/log_inprogress_0
2019-07-13 07:40:59,812 INFO  segmented.SegmentedRaftLogWorker (SegmentedRaftLogWorker.java:execute(569)) - e95deabc-ba49-4e50-b9d3-1085dd1bb7a8-SegmentedRaftLogWorker:Storage Directory /tmp/workdir/hadoop-ozone/integration-test/target/test-dir/MiniOzoneClusterImpl-a9291cd5-20eb-4d49-8028-80e536ff47c2/datanode-4/data/ratis/2d752485-5ea1-42f3-b518-f4f7e95c49dd: created new log segment /tmp/workdir/hadoop-ozone/integration-test/target/test-dir/MiniOzoneClusterImpl-a9291cd5-20eb-4d49-8028-80e536ff47c2/datanode-4/data/ratis/2d752485-5ea1-42f3-b518-f4f7e95c49dd/current/log_inprogress_0
2019-07-13 07:41:00,055 INFO  impl.FollowerState (FollowerState.java:run(106)) - cd242b14-a3f7-42ff-8ebe-37f042826afa:group-0CCD6FC143D9 changes to CANDIDATE, lastRpcTime:5153, electionTimeout:5153ms
2019-07-13 07:41:00,055 INFO  impl.RoleInfo (RoleInfo.java:shutdownFollowerState(121)) - cd242b14-a3f7-42ff-8ebe-37f042826afa: shutdown FollowerState
2019-07-13 07:41:00,055 INFO  impl.RaftServerImpl (RaftServerImpl.java:setRole(171)) - cd242b14-a3f7-42ff-8ebe-37f042826afa:group-0CCD6FC143D9 changes role from FOLLOWER to CANDIDATE at term 0 for changeToCandidate
2019-07-13 07:41:00,055 INFO  impl.RoleInfo (RoleInfo.java:updateAndGet(143)) - cd242b14-a3f7-42ff-8ebe-37f042826afa: start LeaderElection
2019-07-13 07:41:00,074 INFO  impl.LeaderElection (LeaderElection.java:askForVotes(181)) - cd242b14-a3f7-42ff-8ebe-37f042826afa:group-0CCD6FC143D9:LeaderElection91: begin an election at term 1 for -1: [cd242b14-a3f7-42ff-8ebe-37f042826afa:192.168.69.84:43774], old=null
2019-07-13 07:41:00,074 INFO  impl.RoleInfo (RoleInfo.java:shutdownLeaderElection(134)) - cd242b14-a3f7-42ff-8ebe-37f042826afa: shutdown LeaderElection
2019-07-13 07:41:00,074 INFO  impl.RaftServerImpl (RaftServerImpl.java:setRole(171)) - cd242b14-a3f7-42ff-8ebe-37f042826afa:group-0CCD6FC143D9 changes role from CANDIDATE to LEADER at term 1 for changeToLeader
2019-07-13 07:41:00,074 INFO  impl.RaftServerImpl (ServerState.java:setLeader(263)) - cd242b14-a3f7-42ff-8ebe-37f042826afa:group-0CCD6FC143D9 change Leader from null to cd242b14-a3f7-42ff-8ebe-37f042826afa at term 1 for becomeLeader, leader elected after 5177ms
2019-07-13 07:41:00,077 INFO  server.RaftServerConfigKeys (ConfUtils.java:logGet(43)) - raft.server.staging.catchup.gap = 1000 (default)
2019-07-13 07:41:00,077 INFO  server.RaftServerConfigKeys (ConfUtils.java:logGet(43)) - raft.server.rpc.sleep.time = 25ms (default)
2019-07-13 07:41:00,077 INFO  server.RaftServerConfigKeys (ConfUtils.java:logGet(43)) - raft.server.write.element-limit = 4096 (default)
2019-07-13 07:41:00,077 INFO  server.RaftServerConfigKeys (ConfUtils.java:logGet(43)) - raft.server.watch.timeout = 10s (default)
2019-07-13 07:41:00,078 INFO  server.RaftServerConfigKeys (ConfUtils.java:logGet(43)) - raft.server.watch.timeout.denomination = 1s (default)
2019-07-13 07:41:00,078 INFO  server.RaftServerConfigKeys (ConfUtils.java:logGet(43)) - raft.server.watch.element-limit = 65536 (default)
2019-07-13 07:41:00,078 INFO  impl.RoleInfo (RoleInfo.java:updateAndGet(143)) - cd242b14-a3f7-42ff-8ebe-37f042826afa: start LeaderState
2019-07-13 07:41:00,078 INFO  segmented.SegmentedRaftLogWorker (SegmentedRaftLogWorker.java:startLogSegment(380)) - cd242b14-a3f7-42ff-8ebe-37f042826afa-SegmentedRaftLogWorker:Storage Directory /tmp/workdir/hadoop-ozone/integration-test/target/test-dir/MiniOzoneClusterImpl-a9291cd5-20eb-4d49-8028-80e536ff47c2/datanode-6/data/ratis/998619a7-f649-442d-b8b4-0ccd6fc143d9: Starting segment from index:0
2019-07-13 07:41:00,079 INFO  impl.RaftServerImpl (ServerState.java:setRaftConf(361)) - cd242b14-a3f7-42ff-8ebe-37f042826afa:group-0CCD6FC143D9 set configuration 0: [cd242b14-a3f7-42ff-8ebe-37f042826afa:192.168.69.84:43774], old=null at 0
2019-07-13 07:41:00,116 INFO  segmented.SegmentedRaftLogWorker (SegmentedRaftLogWorker.java:execute(569)) - cd242b14-a3f7-42ff-8ebe-37f042826afa-SegmentedRaftLogWorker:Storage Directory /tmp/workdir/hadoop-ozone/integration-test/target/test-dir/MiniOzoneClusterImpl-a9291cd5-20eb-4d49-8028-80e536ff47c2/datanode-6/data/ratis/998619a7-f649-442d-b8b4-0ccd6fc143d9: created new log segment /tmp/workdir/hadoop-ozone/integration-test/target/test-dir/MiniOzoneClusterImpl-a9291cd5-20eb-4d49-8028-80e536ff47c2/datanode-6/data/ratis/998619a7-f649-442d-b8b4-0ccd6fc143d9/current/log_inprogress_0
2019-07-13 07:41:00,136 INFO  client.GrpcClientProtocolClient (GrpcClientProtocolClient.java:onNext(255)) - client-03A2B2BF77EC->ffea1c0c-54d4-489a-91f1-ab213ff31fbd: receive RaftClientReply:client-03A2B2BF77EC->ffea1c0c-54d4-489a-91f1-ab213ff31fbd@group-67BD07A3D150, cid=236, SUCCESS, logIndex=1, commits[ffea1c0c-54d4-489a-91f1-ab213ff31fbd:c1, cf574be2-0862-442f-9bdc-d7a358afdd89:c0, fed9b9f5-d86c-4039-a8d2-a5af12463bc9:c0]
2019-07-13 07:41:00,149 INFO  client.GrpcClientProtocolClient (GrpcClientProtocolClient.java:onNext(255)) - client-03A2B2BF77EC->ffea1c0c-54d4-489a-91f1-ab213ff31fbd: receive RaftClientReply:client-03A2B2BF77EC->ffea1c0c-54d4-489a-91f1-ab213ff31fbd@group-67BD07A3D150, cid=237, SUCCESS, logIndex=3, commits[ffea1c0c-54d4-489a-91f1-ab213ff31fbd:c4, cf574be2-0862-442f-9bdc-d7a358afdd89:c1, fed9b9f5-d86c-4039-a8d2-a5af12463bc9:c1]
2019-07-13 07:41:00,206 INFO  client.GrpcClientProtocolClient (GrpcClientProtocolClient.java:onNext(255)) - client-03A2B2BF77EC->ffea1c0c-54d4-489a-91f1-ab213ff31fbd: receive RaftClientReply:client-03A2B2BF77EC->ffea1c0c-54d4-489a-91f1-ab213ff31fbd@group-67BD07A3D150, cid=238, SUCCESS, logIndex=4, commits[ffea1c0c-54d4-489a-91f1-ab213ff31fbd:c12, cf574be2-0862-442f-9bdc-d7a358afdd89:c7, fed9b9f5-d86c-4039-a8d2-a5af12463bc9:c7]
2019-07-13 07:41:00,207 INFO  client.GrpcClientProtocolClient (GrpcClientProtocolClient.java:onNext(255)) - client-03A2B2BF77EC->ffea1c0c-54d4-489a-91f1-ab213ff31fbd: receive RaftClientReply:client-03A2B2BF77EC->ffea1c0c-54d4-489a-91f1-ab213ff31fbd@group-67BD07A3D150, cid=239, SUCCESS, logIndex=5, commits[ffea1c0c-54d4-489a-91f1-ab213ff31fbd:c12, cf574be2-0862-442f-9bdc-d7a358afdd89:c7, fed9b9f5-d86c-4039-a8d2-a5af12463bc9:c7]
2019-07-13 07:41:00,207 INFO  client.GrpcClientProtocolClient (GrpcClientProtocolClient.java:onNext(255)) - client-03A2B2BF77EC->ffea1c0c-54d4-489a-91f1-ab213ff31fbd: receive RaftClientReply:client-03A2B2BF77EC->ffea1c0c-54d4-489a-91f1-ab213ff31fbd@group-67BD07A3D150, cid=240, SUCCESS, logIndex=6, commits[ffea1c0c-54d4-489a-91f1-ab213ff31fbd:c12, cf574be2-0862-442f-9bdc-d7a358afdd89:c7, fed9b9f5-d86c-4039-a8d2-a5af12463bc9:c7]
2019-07-13 07:41:00,334 INFO  client.GrpcClientProtocolClient (GrpcClientProtocolClient.java:onNext(255)) - client-03A2B2BF77EC->ffea1c0c-54d4-489a-91f1-ab213ff31fbd: receive RaftClientReply:client-03A2B2BF77EC->ffea1c0c-54d4-489a-91f1-ab213ff31fbd@group-67BD07A3D150, cid=241, SUCCESS, logIndex=7, commits[ffea1c0c-54d4-489a-91f1-ab213ff31fbd:c12, cf574be2-0862-442f-9bdc-d7a358afdd89:c7, fed9b9f5-d86c-4039-a8d2-a5af12463bc9:c7]
2019-07-13 07:41:00,360 INFO  client.GrpcClientProtocolClient (GrpcClientProtocolClient.java:onNext(255)) - client-03A2B2BF77EC->ffea1c0c-54d4-489a-91f1-ab213ff31fbd: receive RaftClientReply:client-03A2B2BF77EC->ffea1c0c-54d4-489a-91f1-ab213ff31fbd@group-67BD07A3D150, cid=242, SUCCESS, logIndex=13, commits[ffea1c0c-54d4-489a-91f1-ab213ff31fbd:c14, cf574be2-0862-442f-9bdc-d7a358afdd89:c12, fed9b9f5-d86c-4039-a8d2-a5af12463bc9:c12]
2019-07-13 07:41:00,361 INFO  client.GrpcClientProtocolClient (GrpcClientProtocolClient.java:onNext(255)) - client-03A2B2BF77EC->ffea1c0c-54d4-489a-91f1-ab213ff31fbd: receive RaftClientReply:client-03A2B2BF77EC->ffea1c0c-54d4-489a-91f1-ab213ff31fbd@group-67BD07A3D150, cid=243, SUCCESS, logIndex=14, commits[ffea1c0c-54d4-489a-91f1-ab213ff31fbd:c14, cf574be2-0862-442f-9bdc-d7a358afdd89:c12, fed9b9f5-d86c-4039-a8d2-a5af12463bc9:c12]
2019-07-13 07:41:00,371 INFO  client.GrpcClientProtocolClient (GrpcClientProtocolClient.java:onNext(255)) - client-03A2B2BF77EC->ffea1c0c-54d4-489a-91f1-ab213ff31fbd: receive RaftClientReply:client-03A2B2BF77EC->ffea1c0c-54d4-489a-91f1-ab213ff31fbd@group-67BD07A3D150, cid=244, SUCCESS, logIndex=0, commits[ffea1c0c-54d4-489a-91f1-ab213ff31fbd:c15, cf574be2-0862-442f-9bdc-d7a358afdd89:c14, fed9b9f5-d86c-4039-a8d2-a5af12463bc9:c14]
2019-07-13 07:41:00,372 INFO  container.CloseContainerEventHandler (CloseContainerEventHandler.java:onMessage(61)) - Close container Event triggered for container : #1
2019-07-13 07:41:00,373 INFO  container.CloseContainerEventHandler (CloseContainerEventHandler.java:onMessage(61)) - Close container Event triggered for container : #1
2019-07-13 07:41:00,373 INFO  container.CloseContainerEventHandler (CloseContainerEventHandler.java:onMessage(61)) - Close container Event triggered for container : #1
2019-07-13 07:41:02,218 INFO  interfaces.Container (KeyValueContainer.java:compactDB(356)) - Container 1 is closed with bcsId 14.
2019-07-13 07:41:02,272 INFO  interfaces.Container (KeyValueContainer.java:compactDB(356)) - Container 1 is closed with bcsId 14.
2019-07-13 07:41:02,364 INFO  interfaces.Container (KeyValueContainer.java:compactDB(356)) - Container 1 is closed with bcsId 14.
07:41:02.376 [grpc-default-executor-9] ERROR DNAudit - user=null | ip=null | op=WRITE_CHUNK {blockData=conID: 1 locID: 102433007593914388 bcsId: 14} | ret=FAILURE
org.apache.hadoop.hdds.scm.container.common.helpers.ContainerNotOpenException: Container 1 in CLOSED state
	at org.apache.hadoop.ozone.container.common.impl.HddsDispatcher.validateContainerCommand(HddsDispatcher.java:408) ~[hadoop-hdds-container-service-0.5.0-SNAPSHOT.jar:?]
	at org.apache.hadoop.ozone.container.common.transport.server.ratis.ContainerStateMachine.startTransaction(ContainerStateMachine.java:271) ~[hadoop-hdds-container-service-0.5.0-SNAPSHOT.jar:?]
	at org.apache.ratis.server.impl.RaftServerImpl.submitClientRequestAsync(RaftServerImpl.java:566) ~[ratis-server-0.4.0-2337318-SNAPSHOT.jar:0.4.0-2337318-SNAPSHOT]
	at org.apache.ratis.server.impl.RaftServerProxy.lambda$submitClientRequestAsync$7(RaftServerProxy.java:333) ~[ratis-server-0.4.0-2337318-SNAPSHOT.jar:0.4.0-2337318-SNAPSHOT]
	at org.apache.ratis.server.impl.RaftServerProxy.lambda$null$5(RaftServerProxy.java:328) ~[ratis-server-0.4.0-2337318-SNAPSHOT.jar:0.4.0-2337318-SNAPSHOT]
	at org.apache.ratis.util.JavaUtils.callAsUnchecked(JavaUtils.java:109) ~[ratis-common-0.4.0-2337318-SNAPSHOT.jar:0.4.0-2337318-SNAPSHOT]
	at org.apache.ratis.server.impl.RaftServerProxy.lambda$submitRequest$6(RaftServerProxy.java:328) ~[ratis-server-0.4.0-2337318-SNAPSHOT.jar:0.4.0-2337318-SNAPSHOT]
	at java.util.concurrent.CompletableFuture.uniComposeStage(CompletableFuture.java:981) ~[?:1.8.0_212]
	at java.util.concurrent.CompletableFuture.thenCompose(CompletableFuture.java:2124) ~[?:1.8.0_212]
	at org.apache.ratis.server.impl.RaftServerProxy.submitRequest(RaftServerProxy.java:327) ~[ratis-server-0.4.0-2337318-SNAPSHOT.jar:0.4.0-2337318-SNAPSHOT]
	at org.apache.ratis.server.impl.RaftServerProxy.submitClientRequestAsync(RaftServerProxy.java:333) ~[ratis-server-0.4.0-2337318-SNAPSHOT.jar:0.4.0-2337318-SNAPSHOT]
	at org.apache.ratis.grpc.client.GrpcClientProtocolService$RequestStreamObserver.processClientRequest(GrpcClientProtocolService.java:220) ~[ratis-grpc-0.4.0-2337318-SNAPSHOT.jar:0.4.0-2337318-SNAPSHOT]
	at org.apache.ratis.grpc.client.GrpcClientProtocolService$OrderedRequestStreamObserver.processClientRequest(GrpcClientProtocolService.java:326) ~[ratis-grpc-0.4.0-2337318-SNAPSHOT.jar:0.4.0-2337318-SNAPSHOT]
	at org.apache.ratis.util.SlidingWindow$Server.processRequestsFromHead(SlidingWindow.java:429) [ratis-common-0.4.0-2337318-SNAPSHOT.jar:0.4.0-2337318-SNAPSHOT]
	at org.apache.ratis.util.SlidingWindow$Server.receivedRequest(SlidingWindow.java:421) [ratis-common-0.4.0-2337318-SNAPSHOT.jar:0.4.0-2337318-SNAPSHOT]
	at org.apache.ratis.grpc.client.GrpcClientProtocolService$OrderedRequestStreamObserver.processClientRequest(GrpcClientProtocolService.java:345) [ratis-grpc-0.4.0-2337318-SNAPSHOT.jar:0.4.0-2337318-SNAPSHOT]
	at org.apache.ratis.grpc.client.GrpcClientProtocolService$RequestStreamObserver.onNext(GrpcClientProtocolService.java:240) [ratis-grpc-0.4.0-2337318-SNAPSHOT.jar:0.4.0-2337318-SNAPSHOT]
	at org.apache.ratis.grpc.client.GrpcClientProtocolService$RequestStreamObserver.onNext(GrpcClientProtocolService.java:168) [ratis-grpc-0.4.0-2337318-SNAPSHOT.jar:0.4.0-2337318-SNAPSHOT]
	at org.apache.ratis.thirdparty.io.grpc.stub.ServerCalls$StreamingServerCallHandler$StreamingServerCallListener.onMessage(ServerCalls.java:248) [ratis-thirdparty-misc-0.2.0.jar:0.2.0]
	at org.apache.ratis.thirdparty.io.grpc.internal.ServerCallImpl$ServerStreamListenerImpl.messagesAvailable(ServerCallImpl.java:263) [ratis-thirdparty-misc-0.2.0.jar:0.2.0]
	at org.apache.ratis.thirdparty.io.grpc.internal.ServerImpl$JumpToApplicationThreadServerStreamListener$1MessagesAvailable.runInContext(ServerImpl.java:686) [ratis-thirdparty-misc-0.2.0.jar:0.2.0]
	at org.apache.ratis.thirdparty.io.grpc.internal.ContextRunnable.run(ContextRunnable.java:37) [ratis-thirdparty-misc-0.2.0.jar:0.2.0]
	at org.apache.ratis.thirdparty.io.grpc.internal.SerializingExecutor.run(SerializingExecutor.java:123) [ratis-thirdparty-misc-0.2.0.jar:0.2.0]
	at java.util.concurrent.ThreadPoolExecutor.runWorker(ThreadPoolExecutor.java:1149) [?:1.8.0_212]
	at java.util.concurrent.ThreadPoolExecutor$Worker.run(ThreadPoolExecutor.java:624) [?:1.8.0_212]
	at java.lang.Thread.run(Thread.java:748) [?:1.8.0_212]
07:41:02.378 [grpc-default-executor-9] ERROR DNAudit - user=null | ip=null | op=WRITE_CHUNK {blockData=conID: 1 locID: 102433007593914388 bcsId: 14} | ret=FAILURE
org.apache.hadoop.hdds.scm.container.common.helpers.ContainerNotOpenException: Container 1 in CLOSED state
	at org.apache.hadoop.ozone.container.common.impl.HddsDispatcher.validateContainerCommand(HddsDispatcher.java:408) ~[hadoop-hdds-container-service-0.5.0-SNAPSHOT.jar:?]
	at org.apache.hadoop.ozone.container.common.transport.server.ratis.ContainerStateMachine.startTransaction(ContainerStateMachine.java:271) ~[hadoop-hdds-container-service-0.5.0-SNAPSHOT.jar:?]
	at org.apache.ratis.server.impl.RaftServerImpl.submitClientRequestAsync(RaftServerImpl.java:566) ~[ratis-server-0.4.0-2337318-SNAPSHOT.jar:0.4.0-2337318-SNAPSHOT]
	at org.apache.ratis.server.impl.RaftServerProxy.lambda$submitClientRequestAsync$7(RaftServerProxy.java:333) ~[ratis-server-0.4.0-2337318-SNAPSHOT.jar:0.4.0-2337318-SNAPSHOT]
	at org.apache.ratis.server.impl.RaftServerProxy.lambda$null$5(RaftServerProxy.java:328) ~[ratis-server-0.4.0-2337318-SNAPSHOT.jar:0.4.0-2337318-SNAPSHOT]
	at org.apache.ratis.util.JavaUtils.callAsUnchecked(JavaUtils.java:109) ~[ratis-common-0.4.0-2337318-SNAPSHOT.jar:0.4.0-2337318-SNAPSHOT]
	at org.apache.ratis.server.impl.RaftServerProxy.lambda$submitRequest$6(RaftServerProxy.java:328) ~[ratis-server-0.4.0-2337318-SNAPSHOT.jar:0.4.0-2337318-SNAPSHOT]
	at java.util.concurrent.CompletableFuture.uniComposeStage(CompletableFuture.java:981) ~[?:1.8.0_212]
	at java.util.concurrent.CompletableFuture.thenCompose(CompletableFuture.java:2124) ~[?:1.8.0_212]
	at org.apache.ratis.server.impl.RaftServerProxy.submitRequest(RaftServerProxy.java:327) ~[ratis-server-0.4.0-2337318-SNAPSHOT.jar:0.4.0-2337318-SNAPSHOT]
	at org.apache.ratis.server.impl.RaftServerProxy.submitClientRequestAsync(RaftServerProxy.java:333) ~[ratis-server-0.4.0-2337318-SNAPSHOT.jar:0.4.0-2337318-SNAPSHOT]
	at org.apache.ratis.grpc.client.GrpcClientProtocolService$RequestStreamObserver.processClientRequest(GrpcClientProtocolService.java:220) ~[ratis-grpc-0.4.0-2337318-SNAPSHOT.jar:0.4.0-2337318-SNAPSHOT]
	at org.apache.ratis.grpc.client.GrpcClientProtocolService$OrderedRequestStreamObserver.processClientRequest(GrpcClientProtocolService.java:326) ~[ratis-grpc-0.4.0-2337318-SNAPSHOT.jar:0.4.0-2337318-SNAPSHOT]
	at org.apache.ratis.util.SlidingWindow$Server.processRequestsFromHead(SlidingWindow.java:429) [ratis-common-0.4.0-2337318-SNAPSHOT.jar:0.4.0-2337318-SNAPSHOT]
	at org.apache.ratis.util.SlidingWindow$Server.receivedRequest(SlidingWindow.java:421) [ratis-common-0.4.0-2337318-SNAPSHOT.jar:0.4.0-2337318-SNAPSHOT]
	at org.apache.ratis.grpc.client.GrpcClientProtocolService$OrderedRequestStreamObserver.processClientRequest(GrpcClientProtocolService.java:345) [ratis-grpc-0.4.0-2337318-SNAPSHOT.jar:0.4.0-2337318-SNAPSHOT]
	at org.apache.ratis.grpc.client.GrpcClientProtocolService$RequestStreamObserver.onNext(GrpcClientProtocolService.java:240) [ratis-grpc-0.4.0-2337318-SNAPSHOT.jar:0.4.0-2337318-SNAPSHOT]
	at org.apache.ratis.grpc.client.GrpcClientProtocolService$RequestStreamObserver.onNext(GrpcClientProtocolService.java:168) [ratis-grpc-0.4.0-2337318-SNAPSHOT.jar:0.4.0-2337318-SNAPSHOT]
	at org.apache.ratis.thirdparty.io.grpc.stub.ServerCalls$StreamingServerCallHandler$StreamingServerCallListener.onMessage(ServerCalls.java:248) [ratis-thirdparty-misc-0.2.0.jar:0.2.0]
	at org.apache.ratis.thirdparty.io.grpc.internal.ServerCallImpl$ServerStreamListenerImpl.messagesAvailable(ServerCallImpl.java:263) [ratis-thirdparty-misc-0.2.0.jar:0.2.0]
	at org.apache.ratis.thirdparty.io.grpc.internal.ServerImpl$JumpToApplicationThreadServerStreamListener$1MessagesAvailable.runInContext(ServerImpl.java:686) [ratis-thirdparty-misc-0.2.0.jar:0.2.0]
	at org.apache.ratis.thirdparty.io.grpc.internal.ContextRunnable.run(ContextRunnable.java:37) [ratis-thirdparty-misc-0.2.0.jar:0.2.0]
	at org.apache.ratis.thirdparty.io.grpc.internal.SerializingExecutor.run(SerializingExecutor.java:123) [ratis-thirdparty-misc-0.2.0.jar:0.2.0]
	at java.util.concurrent.ThreadPoolExecutor.runWorker(ThreadPoolExecutor.java:1149) [?:1.8.0_212]
	at java.util.concurrent.ThreadPoolExecutor$Worker.run(ThreadPoolExecutor.java:624) [?:1.8.0_212]
	at java.lang.Thread.run(Thread.java:748) [?:1.8.0_212]
07:41:02.400 [grpc-default-executor-9] ERROR DNAudit - user=null | ip=null | op=PUT_BLOCK {blockData=[blockId=conID: 1 locID: 102433007593914388 bcsId: 0,size=650]} | ret=FAILURE
org.apache.hadoop.hdds.scm.container.common.helpers.ContainerNotOpenException: Container 1 in CLOSED state
	at org.apache.hadoop.ozone.container.common.impl.HddsDispatcher.validateContainerCommand(HddsDispatcher.java:408) ~[hadoop-hdds-container-service-0.5.0-SNAPSHOT.jar:?]
	at org.apache.hadoop.ozone.container.common.transport.server.ratis.ContainerStateMachine.startTransaction(ContainerStateMachine.java:271) ~[hadoop-hdds-container-service-0.5.0-SNAPSHOT.jar:?]
	at org.apache.ratis.server.impl.RaftServerImpl.submitClientRequestAsync(RaftServerImpl.java:566) ~[ratis-server-0.4.0-2337318-SNAPSHOT.jar:0.4.0-2337318-SNAPSHOT]
	at org.apache.ratis.server.impl.RaftServerProxy.lambda$submitClientRequestAsync$7(RaftServerProxy.java:333) ~[ratis-server-0.4.0-2337318-SNAPSHOT.jar:0.4.0-2337318-SNAPSHOT]
	at org.apache.ratis.server.impl.RaftServerProxy.lambda$null$5(RaftServerProxy.java:328) ~[ratis-server-0.4.0-2337318-SNAPSHOT.jar:0.4.0-2337318-SNAPSHOT]
	at org.apache.ratis.util.JavaUtils.callAsUnchecked(JavaUtils.java:109) ~[ratis-common-0.4.0-2337318-SNAPSHOT.jar:0.4.0-2337318-SNAPSHOT]
	at org.apache.ratis.server.impl.RaftServerProxy.lambda$submitRequest$6(RaftServerProxy.java:328) ~[ratis-server-0.4.0-2337318-SNAPSHOT.jar:0.4.0-2337318-SNAPSHOT]
	at java.util.concurrent.CompletableFuture.uniComposeStage(CompletableFuture.java:981) ~[?:1.8.0_212]
	at java.util.concurrent.CompletableFuture.thenCompose(CompletableFuture.java:2124) ~[?:1.8.0_212]
	at org.apache.ratis.server.impl.RaftServerProxy.submitRequest(RaftServerProxy.java:327) ~[ratis-server-0.4.0-2337318-SNAPSHOT.jar:0.4.0-2337318-SNAPSHOT]
	at org.apache.ratis.server.impl.RaftServerProxy.submitClientRequestAsync(RaftServerProxy.java:333) ~[ratis-server-0.4.0-2337318-SNAPSHOT.jar:0.4.0-2337318-SNAPSHOT]
	at org.apache.ratis.grpc.client.GrpcClientProtocolService$RequestStreamObserver.processClientRequest(GrpcClientProtocolService.java:220) ~[ratis-grpc-0.4.0-2337318-SNAPSHOT.jar:0.4.0-2337318-SNAPSHOT]
	at org.apache.ratis.grpc.client.GrpcClientProtocolService$OrderedRequestStreamObserver.processClientRequest(GrpcClientProtocolService.java:326) ~[ratis-grpc-0.4.0-2337318-SNAPSHOT.jar:0.4.0-2337318-SNAPSHOT]
	at org.apache.ratis.util.SlidingWindow$Server.processRequestsFromHead(SlidingWindow.java:429) [ratis-common-0.4.0-2337318-SNAPSHOT.jar:0.4.0-2337318-SNAPSHOT]
	at org.apache.ratis.util.SlidingWindow$Server.receivedRequest(SlidingWindow.java:421) [ratis-common-0.4.0-2337318-SNAPSHOT.jar:0.4.0-2337318-SNAPSHOT]
	at org.apache.ratis.grpc.client.GrpcClientProtocolService$OrderedRequestStreamObserver.processClientRequest(GrpcClientProtocolService.java:345) [ratis-grpc-0.4.0-2337318-SNAPSHOT.jar:0.4.0-2337318-SNAPSHOT]
	at org.apache.ratis.grpc.client.GrpcClientProtocolService$RequestStreamObserver.onNext(GrpcClientProtocolService.java:240) [ratis-grpc-0.4.0-2337318-SNAPSHOT.jar:0.4.0-2337318-SNAPSHOT]
	at org.apache.ratis.grpc.client.GrpcClientProtocolService$RequestStreamObserver.onNext(GrpcClientProtocolService.java:168) [ratis-grpc-0.4.0-2337318-SNAPSHOT.jar:0.4.0-2337318-SNAPSHOT]
	at org.apache.ratis.thirdparty.io.grpc.stub.ServerCalls$StreamingServerCallHandler$StreamingServerCallListener.onMessage(ServerCalls.java:248) [ratis-thirdparty-misc-0.2.0.jar:0.2.0]
	at org.apache.ratis.thirdparty.io.grpc.internal.ServerCallImpl$ServerStreamListenerImpl.messagesAvailable(ServerCallImpl.java:263) [ratis-thirdparty-misc-0.2.0.jar:0.2.0]
	at org.apache.ratis.thirdparty.io.grpc.internal.ServerImpl$JumpToApplicationThreadServerStreamListener$1MessagesAvailable.runInContext(ServerImpl.java:686) [ratis-thirdparty-misc-0.2.0.jar:0.2.0]
	at org.apache.ratis.thirdparty.io.grpc.internal.ContextRunnable.run(ContextRunnable.java:37) [ratis-thirdparty-misc-0.2.0.jar:0.2.0]
	at org.apache.ratis.thirdparty.io.grpc.internal.SerializingExecutor.run(SerializingExecutor.java:123) [ratis-thirdparty-misc-0.2.0.jar:0.2.0]
	at java.util.concurrent.ThreadPoolExecutor.runWorker(ThreadPoolExecutor.java:1149) [?:1.8.0_212]
	at java.util.concurrent.ThreadPoolExecutor$Worker.run(ThreadPoolExecutor.java:624) [?:1.8.0_212]
	at java.lang.Thread.run(Thread.java:748) [?:1.8.0_212]
2019-07-13 07:41:02,401 INFO  client.GrpcClientProtocolClient (GrpcClientProtocolClient.java:onNext(255)) - client-03A2B2BF77EC->ffea1c0c-54d4-489a-91f1-ab213ff31fbd: receive RaftClientReply:client-03A2B2BF77EC->ffea1c0c-54d4-489a-91f1-ab213ff31fbd@group-67BD07A3D150, cid=245, FAILED org.apache.ratis.protocol.StateMachineException: org.apache.hadoop.hdds.scm.container.common.helpers.ContainerNotOpenException from Server ffea1c0c-54d4-489a-91f1-ab213ff31fbd: Container 1 in CLOSED state, logIndex=0, commits[ffea1c0c-54d4-489a-91f1-ab213ff31fbd:c18, cf574be2-0862-442f-9bdc-d7a358afdd89:c17, fed9b9f5-d86c-4039-a8d2-a5af12463bc9:c17]
2019-07-13 07:41:02,407 INFO  client.GrpcClientProtocolClient (GrpcClientProtocolClient.java:onNext(255)) - client-03A2B2BF77EC->ffea1c0c-54d4-489a-91f1-ab213ff31fbd: receive RaftClientReply:client-03A2B2BF77EC->ffea1c0c-54d4-489a-91f1-ab213ff31fbd@group-67BD07A3D150, cid=246, FAILED org.apache.ratis.protocol.StateMachineException: org.apache.hadoop.hdds.scm.container.common.helpers.ContainerNotOpenException from Server ffea1c0c-54d4-489a-91f1-ab213ff31fbd: Container 1 in CLOSED state, logIndex=0, commits[ffea1c0c-54d4-489a-91f1-ab213ff31fbd:c18, cf574be2-0862-442f-9bdc-d7a358afdd89:c17, fed9b9f5-d86c-4039-a8d2-a5af12463bc9:c17]
07:41:02.407 [grpc-default-executor-9] ERROR DNAudit - user=null | ip=null | op=WRITE_CHUNK {blockData=conID: 1 locID: 102433007593914388 bcsId: 14} | ret=FAILURE
org.apache.hadoop.hdds.scm.container.common.helpers.ContainerNotOpenException: Container 1 in CLOSED state
	at org.apache.hadoop.ozone.container.common.impl.HddsDispatcher.validateContainerCommand(HddsDispatcher.java:408) ~[hadoop-hdds-container-service-0.5.0-SNAPSHOT.jar:?]
	at org.apache.hadoop.ozone.container.common.transport.server.ratis.ContainerStateMachine.startTransaction(ContainerStateMachine.java:271) ~[hadoop-hdds-container-service-0.5.0-SNAPSHOT.jar:?]
	at org.apache.ratis.server.impl.RaftServerImpl.submitClientRequestAsync(RaftServerImpl.java:566) ~[ratis-server-0.4.0-2337318-SNAPSHOT.jar:0.4.0-2337318-SNAPSHOT]
	at org.apache.ratis.server.impl.RaftServerProxy.lambda$submitClientRequestAsync$7(RaftServerProxy.java:333) ~[ratis-server-0.4.0-2337318-SNAPSHOT.jar:0.4.0-2337318-SNAPSHOT]
	at org.apache.ratis.server.impl.RaftServerProxy.lambda$null$5(RaftServerProxy.java:328) ~[ratis-server-0.4.0-2337318-SNAPSHOT.jar:0.4.0-2337318-SNAPSHOT]
	at org.apache.ratis.util.JavaUtils.callAsUnchecked(JavaUtils.java:109) ~[ratis-common-0.4.0-2337318-SNAPSHOT.jar:0.4.0-2337318-SNAPSHOT]
	at org.apache.ratis.server.impl.RaftServerProxy.lambda$submitRequest$6(RaftServerProxy.java:328) ~[ratis-server-0.4.0-2337318-SNAPSHOT.jar:0.4.0-2337318-SNAPSHOT]
	at java.util.concurrent.CompletableFuture.uniComposeStage(CompletableFuture.java:981) ~[?:1.8.0_212]
	at java.util.concurrent.CompletableFuture.thenCompose(CompletableFuture.java:2124) ~[?:1.8.0_212]
	at org.apache.ratis.server.impl.RaftServerProxy.submitRequest(RaftServerProxy.java:327) ~[ratis-server-0.4.0-2337318-SNAPSHOT.jar:0.4.0-2337318-SNAPSHOT]
	at org.apache.ratis.server.impl.RaftServerProxy.submitClientRequestAsync(RaftServerProxy.java:333) ~[ratis-server-0.4.0-2337318-SNAPSHOT.jar:0.4.0-2337318-SNAPSHOT]
	at org.apache.ratis.grpc.client.GrpcClientProtocolService$RequestStreamObserver.processClientRequest(GrpcClientProtocolService.java:220) ~[ratis-grpc-0.4.0-2337318-SNAPSHOT.jar:0.4.0-2337318-SNAPSHOT]
	at org.apache.ratis.grpc.client.GrpcClientProtocolService$OrderedRequestStreamObserver.processClientRequest(GrpcClientProtocolService.java:326) ~[ratis-grpc-0.4.0-2337318-SNAPSHOT.jar:0.4.0-2337318-SNAPSHOT]
	at org.apache.ratis.util.SlidingWindow$Server.processRequestsFromHead(SlidingWindow.java:429) [ratis-common-0.4.0-2337318-SNAPSHOT.jar:0.4.0-2337318-SNAPSHOT]
	at org.apache.ratis.util.SlidingWindow$Server.receivedRequest(SlidingWindow.java:421) [ratis-common-0.4.0-2337318-SNAPSHOT.jar:0.4.0-2337318-SNAPSHOT]
	at org.apache.ratis.grpc.client.GrpcClientProtocolService$OrderedRequestStreamObserver.processClientRequest(GrpcClientProtocolService.java:345) [ratis-grpc-0.4.0-2337318-SNAPSHOT.jar:0.4.0-2337318-SNAPSHOT]
	at org.apache.ratis.grpc.client.GrpcClientProtocolService$RequestStreamObserver.onNext(GrpcClientProtocolService.java:240) [ratis-grpc-0.4.0-2337318-SNAPSHOT.jar:0.4.0-2337318-SNAPSHOT]
	at org.apache.ratis.grpc.client.GrpcClientProtocolService$RequestStreamObserver.onNext(GrpcClientProtocolService.java:168) [ratis-grpc-0.4.0-2337318-SNAPSHOT.jar:0.4.0-2337318-SNAPSHOT]
	at org.apache.ratis.thirdparty.io.grpc.stub.ServerCalls$StreamingServerCallHandler$StreamingServerCallListener.onMessage(ServerCalls.java:248) [ratis-thirdparty-misc-0.2.0.jar:0.2.0]
	at org.apache.ratis.thirdparty.io.grpc.internal.ServerCallImpl$ServerStreamListenerImpl.messagesAvailable(ServerCallImpl.java:263) [ratis-thirdparty-misc-0.2.0.jar:0.2.0]
	at org.apache.ratis.thirdparty.io.grpc.internal.ServerImpl$JumpToApplicationThreadServerStreamListener$1MessagesAvailable.runInContext(ServerImpl.java:686) [ratis-thirdparty-misc-0.2.0.jar:0.2.0]
	at org.apache.ratis.thirdparty.io.grpc.internal.ContextRunnable.run(ContextRunnable.java:37) [ratis-thirdparty-misc-0.2.0.jar:0.2.0]
	at org.apache.ratis.thirdparty.io.grpc.internal.SerializingExecutor.run(SerializingExecutor.java:123) [ratis-thirdparty-misc-0.2.0.jar:0.2.0]
	at java.util.concurrent.ThreadPoolExecutor.runWorker(ThreadPoolExecutor.java:1149) [?:1.8.0_212]
	at java.util.concurrent.ThreadPoolExecutor$Worker.run(ThreadPoolExecutor.java:624) [?:1.8.0_212]
	at java.lang.Thread.run(Thread.java:748) [?:1.8.0_212]
2019-07-13 07:41:02,413 INFO  client.GrpcClientProtocolClient (GrpcClientProtocolClient.java:onNext(255)) - client-03A2B2BF77EC->ffea1c0c-54d4-489a-91f1-ab213ff31fbd: receive RaftClientReply:client-03A2B2BF77EC->ffea1c0c-54d4-489a-91f1-ab213ff31fbd@group-67BD07A3D150, cid=247, FAILED org.apache.ratis.protocol.StateMachineException: org.apache.hadoop.hdds.scm.container.common.helpers.ContainerNotOpenException from Server ffea1c0c-54d4-489a-91f1-ab213ff31fbd: Container 1 in CLOSED state, logIndex=0, commits[ffea1c0c-54d4-489a-91f1-ab213ff31fbd:c18, cf574be2-0862-442f-9bdc-d7a358afdd89:c17, fed9b9f5-d86c-4039-a8d2-a5af12463bc9:c17]
2019-07-13 07:41:02,414 INFO  client.GrpcClientProtocolClient (GrpcClientProtocolClient.java:onNext(255)) - client-03A2B2BF77EC->ffea1c0c-54d4-489a-91f1-ab213ff31fbd: receive RaftClientReply:client-03A2B2BF77EC->ffea1c0c-54d4-489a-91f1-ab213ff31fbd@group-67BD07A3D150, cid=248, FAILED org.apache.ratis.protocol.StateMachineException: org.apache.hadoop.hdds.scm.container.common.helpers.ContainerNotOpenException from Server ffea1c0c-54d4-489a-91f1-ab213ff31fbd: Container 1 in CLOSED state, logIndex=0, commits[ffea1c0c-54d4-489a-91f1-ab213ff31fbd:c18, cf574be2-0862-442f-9bdc-d7a358afdd89:c17, fed9b9f5-d86c-4039-a8d2-a5af12463bc9:c17]
07:41:02.414 [grpc-default-executor-9] ERROR DNAudit - user=null | ip=null | op=WRITE_CHUNK {blockData=conID: 1 locID: 102433007593914388 bcsId: 14} | ret=FAILURE
org.apache.hadoop.hdds.scm.container.common.helpers.ContainerNotOpenException: Container 1 in CLOSED state
	at org.apache.hadoop.ozone.container.common.impl.HddsDispatcher.validateContainerCommand(HddsDispatcher.java:408) ~[hadoop-hdds-container-service-0.5.0-SNAPSHOT.jar:?]
	at org.apache.hadoop.ozone.container.common.transport.server.ratis.ContainerStateMachine.startTransaction(ContainerStateMachine.java:271) ~[hadoop-hdds-container-service-0.5.0-SNAPSHOT.jar:?]
	at org.apache.ratis.server.impl.RaftServerImpl.submitClientRequestAsync(RaftServerImpl.java:566) ~[ratis-server-0.4.0-2337318-SNAPSHOT.jar:0.4.0-2337318-SNAPSHOT]
	at org.apache.ratis.server.impl.RaftServerProxy.lambda$submitClientRequestAsync$7(RaftServerProxy.java:333) ~[ratis-server-0.4.0-2337318-SNAPSHOT.jar:0.4.0-2337318-SNAPSHOT]
	at org.apache.ratis.server.impl.RaftServerProxy.lambda$null$5(RaftServerProxy.java:328) ~[ratis-server-0.4.0-2337318-SNAPSHOT.jar:0.4.0-2337318-SNAPSHOT]
	at org.apache.ratis.util.JavaUtils.callAsUnchecked(JavaUtils.java:109) ~[ratis-common-0.4.0-2337318-SNAPSHOT.jar:0.4.0-2337318-SNAPSHOT]
	at org.apache.ratis.server.impl.RaftServerProxy.lambda$submitRequest$6(RaftServerProxy.java:328) ~[ratis-server-0.4.0-2337318-SNAPSHOT.jar:0.4.0-2337318-SNAPSHOT]
	at java.util.concurrent.CompletableFuture.uniComposeStage(CompletableFuture.java:981) ~[?:1.8.0_212]
	at java.util.concurrent.CompletableFuture.thenCompose(CompletableFuture.java:2124) ~[?:1.8.0_212]
	at org.apache.ratis.server.impl.RaftServerProxy.submitRequest(RaftServerProxy.java:327) ~[ratis-server-0.4.0-2337318-SNAPSHOT.jar:0.4.0-2337318-SNAPSHOT]
	at org.apache.ratis.server.impl.RaftServerProxy.submitClientRequestAsync(RaftServerProxy.java:333) ~[ratis-server-0.4.0-2337318-SNAPSHOT.jar:0.4.0-2337318-SNAPSHOT]
	at org.apache.ratis.grpc.client.GrpcClientProtocolService$RequestStreamObserver.processClientRequest(GrpcClientProtocolService.java:220) ~[ratis-grpc-0.4.0-2337318-SNAPSHOT.jar:0.4.0-2337318-SNAPSHOT]
	at org.apache.ratis.grpc.client.GrpcClientProtocolService$OrderedRequestStreamObserver.processClientRequest(GrpcClientProtocolService.java:326) ~[ratis-grpc-0.4.0-2337318-SNAPSHOT.jar:0.4.0-2337318-SNAPSHOT]
	at org.apache.ratis.util.SlidingWindow$Server.processRequestsFromHead(SlidingWindow.java:429) [ratis-common-0.4.0-2337318-SNAPSHOT.jar:0.4.0-2337318-SNAPSHOT]
	at org.apache.ratis.util.SlidingWindow$Server.receivedRequest(SlidingWindow.java:421) [ratis-common-0.4.0-2337318-SNAPSHOT.jar:0.4.0-2337318-SNAPSHOT]
	at org.apache.ratis.grpc.client.GrpcClientProtocolService$OrderedRequestStreamObserver.processClientRequest(GrpcClientProtocolService.java:345) [ratis-grpc-0.4.0-2337318-SNAPSHOT.jar:0.4.0-2337318-SNAPSHOT]
	at org.apache.ratis.grpc.client.GrpcClientProtocolService$RequestStreamObserver.onNext(GrpcClientProtocolService.java:240) [ratis-grpc-0.4.0-2337318-SNAPSHOT.jar:0.4.0-2337318-SNAPSHOT]
	at org.apache.ratis.grpc.client.GrpcClientProtocolService$RequestStreamObserver.onNext(GrpcClientProtocolService.java:168) [ratis-grpc-0.4.0-2337318-SNAPSHOT.jar:0.4.0-2337318-SNAPSHOT]
	at org.apache.ratis.thirdparty.io.grpc.stub.ServerCalls$StreamingServerCallHandler$StreamingServerCallListener.onMessage(ServerCalls.java:248) [ratis-thirdparty-misc-0.2.0.jar:0.2.0]
	at org.apache.ratis.thirdparty.io.grpc.internal.ServerCallImpl$ServerStreamListenerImpl.messagesAvailable(ServerCallImpl.java:263) [ratis-thirdparty-misc-0.2.0.jar:0.2.0]
	at org.apache.ratis.thirdparty.io.grpc.internal.ServerImpl$JumpToApplicationThreadServerStreamListener$1MessagesAvailable.runInContext(ServerImpl.java:686) [ratis-thirdparty-misc-0.2.0.jar:0.2.0]
	at org.apache.ratis.thirdparty.io.grpc.internal.ContextRunnable.run(ContextRunnable.java:37) [ratis-thirdparty-misc-0.2.0.jar:0.2.0]
	at org.apache.ratis.thirdparty.io.grpc.internal.SerializingExecutor.run(SerializingExecutor.java:123) [ratis-thirdparty-misc-0.2.0.jar:0.2.0]
	at java.util.concurrent.ThreadPoolExecutor.runWorker(ThreadPoolExecutor.java:1149) [?:1.8.0_212]
	at java.util.concurrent.ThreadPoolExecutor$Worker.run(ThreadPoolExecutor.java:624) [?:1.8.0_212]
	at java.lang.Thread.run(Thread.java:748) [?:1.8.0_212]
07:41:02.426 [grpc-default-executor-9] ERROR DNAudit - user=null | ip=null | op=PUT_BLOCK {blockData=[blockId=conID: 1 locID: 102433007593914388 bcsId: 0,size=800]} | ret=FAILURE
org.apache.hadoop.hdds.scm.container.common.helpers.ContainerNotOpenException: Container 1 in CLOSED state
	at org.apache.hadoop.ozone.container.common.impl.HddsDispatcher.validateContainerCommand(HddsDispatcher.java:408) ~[hadoop-hdds-container-service-0.5.0-SNAPSHOT.jar:?]
	at org.apache.hadoop.ozone.container.common.transport.server.ratis.ContainerStateMachine.startTransaction(ContainerStateMachine.java:271) ~[hadoop-hdds-container-service-0.5.0-SNAPSHOT.jar:?]
	at org.apache.ratis.server.impl.RaftServerImpl.submitClientRequestAsync(RaftServerImpl.java:566) ~[ratis-server-0.4.0-2337318-SNAPSHOT.jar:0.4.0-2337318-SNAPSHOT]
	at org.apache.ratis.server.impl.RaftServerProxy.lambda$submitClientRequestAsync$7(RaftServerProxy.java:333) ~[ratis-server-0.4.0-2337318-SNAPSHOT.jar:0.4.0-2337318-SNAPSHOT]
	at org.apache.ratis.server.impl.RaftServerProxy.lambda$null$5(RaftServerProxy.java:328) ~[ratis-server-0.4.0-2337318-SNAPSHOT.jar:0.4.0-2337318-SNAPSHOT]
	at org.apache.ratis.util.JavaUtils.callAsUnchecked(JavaUtils.java:109) ~[ratis-common-0.4.0-2337318-SNAPSHOT.jar:0.4.0-2337318-SNAPSHOT]
	at org.apache.ratis.server.impl.RaftServerProxy.lambda$submitRequest$6(RaftServerProxy.java:328) ~[ratis-server-0.4.0-2337318-SNAPSHOT.jar:0.4.0-2337318-SNAPSHOT]
	at java.util.concurrent.CompletableFuture.uniComposeStage(CompletableFuture.java:981) ~[?:1.8.0_212]
	at java.util.concurrent.CompletableFuture.thenCompose(CompletableFuture.java:2124) ~[?:1.8.0_212]
	at org.apache.ratis.server.impl.RaftServerProxy.submitRequest(RaftServerProxy.java:327) ~[ratis-server-0.4.0-2337318-SNAPSHOT.jar:0.4.0-2337318-SNAPSHOT]
	at org.apache.ratis.server.impl.RaftServerProxy.submitClientRequestAsync(RaftServerProxy.java:333) ~[ratis-server-0.4.0-2337318-SNAPSHOT.jar:0.4.0-2337318-SNAPSHOT]
	at org.apache.ratis.grpc.client.GrpcClientProtocolService$RequestStreamObserver.processClientRequest(GrpcClientProtocolService.java:220) ~[ratis-grpc-0.4.0-2337318-SNAPSHOT.jar:0.4.0-2337318-SNAPSHOT]
	at org.apache.ratis.grpc.client.GrpcClientProtocolService$OrderedRequestStreamObserver.processClientRequest(GrpcClientProtocolService.java:326) ~[ratis-grpc-0.4.0-2337318-SNAPSHOT.jar:0.4.0-2337318-SNAPSHOT]
	at org.apache.ratis.util.SlidingWindow$Server.processRequestsFromHead(SlidingWindow.java:429) [ratis-common-0.4.0-2337318-SNAPSHOT.jar:0.4.0-2337318-SNAPSHOT]
	at org.apache.ratis.util.SlidingWindow$Server.receivedRequest(SlidingWindow.java:421) [ratis-common-0.4.0-2337318-SNAPSHOT.jar:0.4.0-2337318-SNAPSHOT]
	at org.apache.ratis.grpc.client.GrpcClientProtocolService$OrderedRequestStreamObserver.processClientRequest(GrpcClientProtocolService.java:345) [ratis-grpc-0.4.0-2337318-SNAPSHOT.jar:0.4.0-2337318-SNAPSHOT]
	at org.apache.ratis.grpc.client.GrpcClientProtocolService$RequestStreamObserver.onNext(GrpcClientProtocolService.java:240) [ratis-grpc-0.4.0-2337318-SNAPSHOT.jar:0.4.0-2337318-SNAPSHOT]
	at org.apache.ratis.grpc.client.GrpcClientProtocolService$RequestStreamObserver.onNext(GrpcClientProtocolService.java:168) [ratis-grpc-0.4.0-2337318-SNAPSHOT.jar:0.4.0-2337318-SNAPSHOT]
	at org.apache.ratis.thirdparty.io.grpc.stub.ServerCalls$StreamingServerCallHandler$StreamingServerCallListener.onMessage(ServerCalls.java:248) [ratis-thirdparty-misc-0.2.0.jar:0.2.0]
	at org.apache.ratis.thirdparty.io.grpc.internal.ServerCallImpl$ServerStreamListenerImpl.messagesAvailable(ServerCallImpl.java:263) [ratis-thirdparty-misc-0.2.0.jar:0.2.0]
	at org.apache.ratis.thirdparty.io.grpc.internal.ServerImpl$JumpToApplicationThreadServerStreamListener$1MessagesAvailable.runInContext(ServerImpl.java:686) [ratis-thirdparty-misc-0.2.0.jar:0.2.0]
	at org.apache.ratis.thirdparty.io.grpc.internal.ContextRunnable.run(ContextRunnable.java:37) [ratis-thirdparty-misc-0.2.0.jar:0.2.0]
	at org.apache.ratis.thirdparty.io.grpc.internal.SerializingExecutor.run(SerializingExecutor.java:123) [ratis-thirdparty-misc-0.2.0.jar:0.2.0]
	at java.util.concurrent.ThreadPoolExecutor.runWorker(ThreadPoolExecutor.java:1149) [?:1.8.0_212]
	at java.util.concurrent.ThreadPoolExecutor$Worker.run(ThreadPoolExecutor.java:624) [?:1.8.0_212]
	at java.lang.Thread.run(Thread.java:748) [?:1.8.0_212]
2019-07-13 07:41:02,427 INFO  client.GrpcClientProtocolClient (GrpcClientProtocolClient.java:onNext(255)) - client-03A2B2BF77EC->ffea1c0c-54d4-489a-91f1-ab213ff31fbd: receive RaftClientReply:client-03A2B2BF77EC->ffea1c0c-54d4-489a-91f1-ab213ff31fbd@group-67BD07A3D150, cid=249, FAILED org.apache.ratis.protocol.StateMachineException: org.apache.hadoop.hdds.scm.container.common.helpers.ContainerNotOpenException from Server ffea1c0c-54d4-489a-91f1-ab213ff31fbd: Container 1 in CLOSED state, logIndex=0, commits[ffea1c0c-54d4-489a-91f1-ab213ff31fbd:c18, cf574be2-0862-442f-9bdc-d7a358afdd89:c17, fed9b9f5-d86c-4039-a8d2-a5af12463bc9:c17]
2019-07-13 07:41:02,434 INFO  client.GrpcClientProtocolClient (GrpcClientProtocolClient.java:onNext(255)) - client-03A2B2BF77EC->ffea1c0c-54d4-489a-91f1-ab213ff31fbd: receive RaftClientReply:client-03A2B2BF77EC->ffea1c0c-54d4-489a-91f1-ab213ff31fbd@group-67BD07A3D150, cid=250, FAILED org.apache.ratis.protocol.StateMachineException: org.apache.hadoop.hdds.scm.container.common.helpers.ContainerNotOpenException from Server ffea1c0c-54d4-489a-91f1-ab213ff31fbd: Container 1 in CLOSED state, logIndex=0, commits[ffea1c0c-54d4-489a-91f1-ab213ff31fbd:c18, cf574be2-0862-442f-9bdc-d7a358afdd89:c17, fed9b9f5-d86c-4039-a8d2-a5af12463bc9:c17]
2019-07-13 07:41:02,573 INFO  client.GrpcClientProtocolClient (GrpcClientProtocolClient.java:onNext(255)) - client-03A2B2BF77EC->ffea1c0c-54d4-489a-91f1-ab213ff31fbd: receive RaftClientReply:client-03A2B2BF77EC->ffea1c0c-54d4-489a-91f1-ab213ff31fbd@group-67BD07A3D150, cid=251, SUCCESS, logIndex=19, commits[ffea1c0c-54d4-489a-91f1-ab213ff31fbd:c24, cf574be2-0862-442f-9bdc-d7a358afdd89:c18, fed9b9f5-d86c-4039-a8d2-a5af12463bc9:c18]
2019-07-13 07:41:02,574 INFO  client.GrpcClientProtocolClient (GrpcClientProtocolClient.java:onNext(255)) - client-03A2B2BF77EC->ffea1c0c-54d4-489a-91f1-ab213ff31fbd: receive RaftClientReply:client-03A2B2BF77EC->ffea1c0c-54d4-489a-91f1-ab213ff31fbd@group-67BD07A3D150, cid=252, SUCCESS, logIndex=20, commits[ffea1c0c-54d4-489a-91f1-ab213ff31fbd:c24, cf574be2-0862-442f-9bdc-d7a358afdd89:c18, fed9b9f5-d86c-4039-a8d2-a5af12463bc9:c18]
2019-07-13 07:41:02,609 INFO  client.GrpcClientProtocolClient (GrpcClientProtocolClient.java:onNext(255)) - client-03A2B2BF77EC->ffea1c0c-54d4-489a-91f1-ab213ff31fbd: receive RaftClientReply:client-03A2B2BF77EC->ffea1c0c-54d4-489a-91f1-ab213ff31fbd@group-67BD07A3D150, cid=253, SUCCESS, logIndex=21, commits[ffea1c0c-54d4-489a-91f1-ab213ff31fbd:c29, cf574be2-0862-442f-9bdc-d7a358afdd89:c24, fed9b9f5-d86c-4039-a8d2-a5af12463bc9:c24]
2019-07-13 07:41:02,610 INFO  client.GrpcClientProtocolClient (GrpcClientProtocolClient.java:onNext(255)) - client-03A2B2BF77EC->ffea1c0c-54d4-489a-91f1-ab213ff31fbd: receive RaftClientReply:client-03A2B2BF77EC->ffea1c0c-54d4-489a-91f1-ab213ff31fbd@group-67BD07A3D150, cid=254, SUCCESS, logIndex=22, commits[ffea1c0c-54d4-489a-91f1-ab213ff31fbd:c29, cf574be2-0862-442f-9bdc-d7a358afdd89:c24, fed9b9f5-d86c-4039-a8d2-a5af12463bc9:c24]
2019-07-13 07:41:02,611 INFO  client.GrpcClientProtocolClient (GrpcClientProtocolClient.java:onNext(255)) - client-03A2B2BF77EC->ffea1c0c-54d4-489a-91f1-ab213ff31fbd: receive RaftClientReply:client-03A2B2BF77EC->ffea1c0c-54d4-489a-91f1-ab213ff31fbd@group-67BD07A3D150, cid=255, SUCCESS, logIndex=23, commits[ffea1c0c-54d4-489a-91f1-ab213ff31fbd:c29, cf574be2-0862-442f-9bdc-d7a358afdd89:c24, fed9b9f5-d86c-4039-a8d2-a5af12463bc9:c24]
2019-07-13 07:41:02,744 INFO  client.GrpcClientProtocolClient (GrpcClientProtocolClient.java:onNext(255)) - client-03A2B2BF77EC->ffea1c0c-54d4-489a-91f1-ab213ff31fbd: receive RaftClientReply:client-03A2B2BF77EC->ffea1c0c-54d4-489a-91f1-ab213ff31fbd@group-67BD07A3D150, cid=256, SUCCESS, logIndex=24, commits[ffea1c0c-54d4-489a-91f1-ab213ff31fbd:c29, cf574be2-0862-442f-9bdc-d7a358afdd89:c24, fed9b9f5-d86c-4039-a8d2-a5af12463bc9:c24]
2019-07-13 07:41:02,780 INFO  client.GrpcClientProtocolClient (GrpcClientProtocolClient.java:onNext(255)) - client-03A2B2BF77EC->ffea1c0c-54d4-489a-91f1-ab213ff31fbd: receive RaftClientReply:client-03A2B2BF77EC->ffea1c0c-54d4-489a-91f1-ab213ff31fbd@group-67BD07A3D150, cid=257, SUCCESS, logIndex=30, commits[ffea1c0c-54d4-489a-91f1-ab213ff31fbd:c31, cf574be2-0862-442f-9bdc-d7a358afdd89:c29, fed9b9f5-d86c-4039-a8d2-a5af12463bc9:c29]
2019-07-13 07:41:02,783 INFO  client.GrpcClientProtocolClient (GrpcClientProtocolClient.java:onNext(255)) - client-03A2B2BF77EC->ffea1c0c-54d4-489a-91f1-ab213ff31fbd: receive RaftClientReply:client-03A2B2BF77EC->ffea1c0c-54d4-489a-91f1-ab213ff31fbd@group-67BD07A3D150, cid=258, SUCCESS, logIndex=31, commits[ffea1c0c-54d4-489a-91f1-ab213ff31fbd:c31, cf574be2-0862-442f-9bdc-d7a358afdd89:c29, fed9b9f5-d86c-4039-a8d2-a5af12463bc9:c29]
2019-07-13 07:41:02,785 INFO  client.GrpcClientProtocolClient (GrpcClientProtocolClient.java:onNext(255)) - client-03A2B2BF77EC->ffea1c0c-54d4-489a-91f1-ab213ff31fbd: receive RaftClientReply:client-03A2B2BF77EC->ffea1c0c-54d4-489a-91f1-ab213ff31fbd@group-67BD07A3D150, cid=259, SUCCESS, logIndex=0, commits[ffea1c0c-54d4-489a-91f1-ab213ff31fbd:c32, cf574be2-0862-442f-9bdc-d7a358afdd89:c31, fed9b9f5-d86c-4039-a8d2-a5af12463bc9:c31]
2019-07-13 07:41:02,802 INFO  pipeline.Pipeline (Pipeline.java:getProtobufMessage(195)) - Serialize pipeline PipelineID=1c0fcc1b-6434-4eff-b953-67bd07a3d150 with nodesInOrder{ }
2019-07-13 07:41:02,804 INFO  ozone.MiniOzoneClusterImpl (MiniOzoneClusterImpl.java:shutdown(321)) - Shutting down the Mini Ozone Cluster
2019-07-13 07:41:02,804 INFO  ozone.MiniOzoneClusterImpl (MiniOzoneClusterImpl.java:stop(336)) - Stopping the Mini Ozone Cluster
2019-07-13 07:41:02,804 INFO  ozone.MiniOzoneClusterImpl (MiniOzoneClusterImpl.java:stop(338)) - Stopping the OzoneManager
2019-07-13 07:41:02,805 INFO  ipc.Server (Server.java:stop(3082)) - Stopping server on 34392
2019-07-13 07:41:02,820 INFO  ipc.Server (Server.java:run(1185)) - Stopping IPC Server listener on 34392
2019-07-13 07:41:02,820 INFO  utils.BackgroundService (BackgroundService.java:shutdown(148)) - Shutting down service KeyDeletingService
2019-07-13 07:41:02,820 INFO  ipc.Server (Server.java:run(1319)) - Stopping IPC Server Responder
2019-07-13 07:41:02,841 INFO  handler.ContextHandler (ContextHandler.java:doStop(910)) - Stopped o.e.j.w.WebAppContext@5b52ce28{/,null,UNAVAILABLE}{/ozoneManager}
2019-07-13 07:41:02,842 INFO  server.AbstractConnector (AbstractConnector.java:doStop(318)) - Stopped ServerConnector@5ec10ab1{HTTP/1.1,[http/1.1]}{0.0.0.0:0}
2019-07-13 07:41:02,842 INFO  handler.ContextHandler (ContextHandler.java:doStop(910)) - Stopped o.e.j.s.ServletContextHandler@78d72c9b{/static,file:///tmp/workdir/hadoop-ozone/integration-test/target/test-classes/webapps/static,UNAVAILABLE}
2019-07-13 07:41:02,843 INFO  handler.ContextHandler (ContextHandler.java:doStop(910)) - Stopped o.e.j.s.ServletContextHandler@5dcbdcb9{/logs,file:///tmp/workdir/hadoop-ozone/integration-test/target/log,UNAVAILABLE}
2019-07-13 07:41:02,856 INFO  ozone.MiniOzoneClusterImpl (MiniOzoneClusterImpl.java:stop(344)) - Shutting the HddsDatanodes
2019-07-13 07:41:02,856 INFO  datanode.ObjectStoreHandler (ObjectStoreHandler.java:close(155)) - Closing ObjectStoreHandler.
2019-07-13 07:41:02,856 INFO  datanode.ObjectStoreHandler (ObjectStoreHandler.java:close(155)) - Closing ObjectStoreHandler.
2019-07-13 07:41:02,857 INFO  ozone.HddsDatanodeService (HddsDatanodeService.java:stop(452)) - Stopped plug-in org.apache.hadoop.ozone.web.OzoneHddsDatanodeService@3943c449
2019-07-13 07:41:02,857 INFO  ozone.HddsDatanodeService (HddsDatanodeService.java:stop(452)) - Stopped plug-in org.apache.hadoop.ozone.web.OzoneHddsDatanodeService@22bf2a0d
2019-07-13 07:41:03,339 INFO  statemachine.DatanodeStateMachine (DatanodeStateMachine.java:lambda$startDaemon$0(350)) - Ozone container server started.
2019-07-13 07:41:03,556 INFO  statemachine.DatanodeStateMachine (DatanodeStateMachine.java:lambda$startDaemon$0(350)) - Ozone container server started.
2019-07-13 07:41:07,348 INFO  node.StaleNodeHandler (StaleNodeHandler.java:onMessage(58)) - Datanode e95deabc-ba49-4e50-b9d3-1085dd1bb7a8{ip: 192.168.69.84, host: trunk-nightly-9lh4p-2362225927, networkLocation: /default-rack, certSerialId: null} moved to stale state. Finalizing its pipelines [PipelineID=62d02b30-4701-4776-8913-32c3042ccb8c, PipelineID=2d752485-5ea1-42f3-b518-f4f7e95c49dd]
2019-07-13 07:41:07,348 INFO  pipeline.SCMPipelineManager (SCMPipelineManager.java:finalizeAndDestroyPipeline(309)) - destroying pipeline:Pipeline[ Id: 62d02b30-4701-4776-8913-32c3042ccb8c, Nodes: e95deabc-ba49-4e50-b9d3-1085dd1bb7a8{ip: 192.168.69.84, host: trunk-nightly-9lh4p-2362225927, networkLocation: /default-rack, certSerialId: null}, Type:RATIS, Factor:ONE, State:OPEN]
2019-07-13 07:41:07,349 INFO  pipeline.PipelineStateManager (PipelineStateManager.java:finalizePipeline(123)) - Pipeline Pipeline[ Id: 62d02b30-4701-4776-8913-32c3042ccb8c, Nodes: e95deabc-ba49-4e50-b9d3-1085dd1bb7a8{ip: 192.168.69.84, host: trunk-nightly-9lh4p-2362225927, networkLocation: /default-rack, certSerialId: null}, Type:RATIS, Factor:ONE, State:CLOSED] moved to CLOSED state
2019-07-13 07:41:07,349 INFO  pipeline.SCMPipelineManager (SCMPipelineManager.java:finalizeAndDestroyPipeline(309)) - destroying pipeline:Pipeline[ Id: 2d752485-5ea1-42f3-b518-f4f7e95c49dd, Nodes: bf9b69e6-af40-4f2b-90c0-0d8e6346e31e{ip: 192.168.69.84, host: trunk-nightly-9lh4p-2362225927, networkLocation: /default-rack, certSerialId: null}663ce06c-2b00-49a0-b86a-9b132b56b1c5{ip: 192.168.69.84, host: trunk-nightly-9lh4p-2362225927, networkLocation: /default-rack, certSerialId: null}e95deabc-ba49-4e50-b9d3-1085dd1bb7a8{ip: 192.168.69.84, host: trunk-nightly-9lh4p-2362225927, networkLocation: /default-rack, certSerialId: null}, Type:RATIS, Factor:THREE, State:OPEN]
2019-07-13 07:41:07,349 INFO  pipeline.PipelineStateManager (PipelineStateManager.java:finalizePipeline(123)) - Pipeline Pipeline[ Id: 2d752485-5ea1-42f3-b518-f4f7e95c49dd, Nodes: bf9b69e6-af40-4f2b-90c0-0d8e6346e31e{ip: 192.168.69.84, host: trunk-nightly-9lh4p-2362225927, networkLocation: /default-rack, certSerialId: null}663ce06c-2b00-49a0-b86a-9b132b56b1c5{ip: 192.168.69.84, host: trunk-nightly-9lh4p-2362225927, networkLocation: /default-rack, certSerialId: null}e95deabc-ba49-4e50-b9d3-1085dd1bb7a8{ip: 192.168.69.84, host: trunk-nightly-9lh4p-2362225927, networkLocation: /default-rack, certSerialId: null}, Type:RATIS, Factor:THREE, State:CLOSED] moved to CLOSED state
2019-07-13 07:41:07,648 INFO  node.StaleNodeHandler (StaleNodeHandler.java:onMessage(58)) - Datanode ffea1c0c-54d4-489a-91f1-ab213ff31fbd{ip: 192.168.69.84, host: trunk-nightly-9lh4p-2362225927, networkLocation: /default-rack, certSerialId: null} moved to stale state. Finalizing its pipelines [PipelineID=1c0fcc1b-6434-4eff-b953-67bd07a3d150, PipelineID=891eb6b7-9521-46aa-a769-e5f18353485c]
2019-07-13 07:41:07,649 INFO  pipeline.SCMPipelineManager (SCMPipelineManager.java:finalizeAndDestroyPipeline(309)) - destroying pipeline:Pipeline[ Id: 1c0fcc1b-6434-4eff-b953-67bd07a3d150, Nodes: cf574be2-0862-442f-9bdc-d7a358afdd89{ip: 192.168.69.84, host: trunk-nightly-9lh4p-2362225927, networkLocation: /default-rack, certSerialId: null}ffea1c0c-54d4-489a-91f1-ab213ff31fbd{ip: 192.168.69.84, host: trunk-nightly-9lh4p-2362225927, networkLocation: /default-rack, certSerialId: null}fed9b9f5-d86c-4039-a8d2-a5af12463bc9{ip: 192.168.69.84, host: trunk-nightly-9lh4p-2362225927, networkLocation: /default-rack, certSerialId: null}, Type:RATIS, Factor:THREE, State:OPEN]
2019-07-13 07:41:07,649 INFO  pipeline.PipelineStateManager (PipelineStateManager.java:finalizePipeline(123)) - Pipeline Pipeline[ Id: 1c0fcc1b-6434-4eff-b953-67bd07a3d150, Nodes: cf574be2-0862-442f-9bdc-d7a358afdd89{ip: 192.168.69.84, host: trunk-nightly-9lh4p-2362225927, networkLocation: /default-rack, certSerialId: null}ffea1c0c-54d4-489a-91f1-ab213ff31fbd{ip: 192.168.69.84, host: trunk-nightly-9lh4p-2362225927, networkLocation: /default-rack, certSerialId: null}fed9b9f5-d86c-4039-a8d2-a5af12463bc9{ip: 192.168.69.84, host: trunk-nightly-9lh4p-2362225927, networkLocation: /default-rack, certSerialId: null}, Type:RATIS, Factor:THREE, State:CLOSED] moved to CLOSED state
2019-07-13 07:41:07,649 INFO  container.CloseContainerEventHandler (CloseContainerEventHandler.java:onMessage(61)) - Close container Event triggered for container : #2
2019-07-13 07:41:07,649 INFO  pipeline.SCMPipelineManager (SCMPipelineManager.java:finalizeAndDestroyPipeline(309)) - destroying pipeline:Pipeline[ Id: 891eb6b7-9521-46aa-a769-e5f18353485c, Nodes: ffea1c0c-54d4-489a-91f1-ab213ff31fbd{ip: 192.168.69.84, host: trunk-nightly-9lh4p-2362225927, networkLocation: /default-rack, certSerialId: null}, Type:RATIS, Factor:ONE, State:OPEN]
2019-07-13 07:41:07,649 INFO  pipeline.PipelineStateManager (PipelineStateManager.java:finalizePipeline(123)) - Pipeline Pipeline[ Id: 891eb6b7-9521-46aa-a769-e5f18353485c, Nodes: ffea1c0c-54d4-489a-91f1-ab213ff31fbd{ip: 192.168.69.84, host: trunk-nightly-9lh4p-2362225927, networkLocation: /default-rack, certSerialId: null}, Type:RATIS, Factor:ONE, State:CLOSED] moved to CLOSED state
2019-07-13 07:41:07,857 INFO  ozoneimpl.OzoneContainer (OzoneContainer.java:stop(199)) - Attempting to stop container services.
2019-07-13 07:41:07,858 INFO  ozoneimpl.OzoneContainer (OzoneContainer.java:stop(199)) - Attempting to stop container services.
2019-07-13 07:41:07,858 INFO  impl.RaftServerProxy (RaftServerProxy.java:lambda$close$4(314)) - e95deabc-ba49-4e50-b9d3-1085dd1bb7a8: close
2019-07-13 07:41:07,858 INFO  impl.RaftServerProxy (RaftServerProxy.java:lambda$close$4(314)) - ffea1c0c-54d4-489a-91f1-ab213ff31fbd: close
2019-07-13 07:41:07,858 INFO  impl.RaftServerImpl (RaftServerImpl.java:lambda$shutdown$3(245)) - e95deabc-ba49-4e50-b9d3-1085dd1bb7a8: shutdown group-32C3042CCB8C
2019-07-13 07:41:07,859 INFO  impl.RaftServerImpl (RaftServerImpl.java:lambda$shutdown$3(245)) - ffea1c0c-54d4-489a-91f1-ab213ff31fbd: shutdown group-67BD07A3D150
2019-07-13 07:41:07,859 INFO  util.JmxRegister (JmxRegister.java:unregister(73)) - Successfully un-registered JMX Bean with object name Ratis:service=RaftServer,group=group-32C3042CCB8C,id=e95deabc-ba49-4e50-b9d3-1085dd1bb7a8
2019-07-13 07:41:07,859 INFO  util.JmxRegister (JmxRegister.java:unregister(73)) - Successfully un-registered JMX Bean with object name Ratis:service=RaftServer,group=group-67BD07A3D150,id=ffea1c0c-54d4-489a-91f1-ab213ff31fbd
2019-07-13 07:41:07,860 INFO  impl.RoleInfo (RoleInfo.java:shutdownLeaderState(104)) - e95deabc-ba49-4e50-b9d3-1085dd1bb7a8: shutdown LeaderState
2019-07-13 07:41:07,860 INFO  impl.RoleInfo (RoleInfo.java:shutdownLeaderState(104)) - ffea1c0c-54d4-489a-91f1-ab213ff31fbd: shutdown LeaderState
2019-07-13 07:41:07,860 INFO  impl.PendingRequests (PendingRequests.java:sendNotLeaderResponses(202)) - e95deabc-ba49-4e50-b9d3-1085dd1bb7a8-PendingRequests: sendNotLeaderResponses
2019-07-13 07:41:07,866 WARN  server.GrpcLogAppender (GrpcLogAppender.java:mayWait(143)) - GrpcLogAppender(ffea1c0c-54d4-489a-91f1-ab213ff31fbd->fed9b9f5-d86c-4039-a8d2-a5af12463bc9): Wait interrupted by java.lang.InterruptedException
2019-07-13 07:41:07,866 INFO  impl.PendingRequests (PendingRequests.java:sendNotLeaderResponses(202)) - ffea1c0c-54d4-489a-91f1-ab213ff31fbd-PendingRequests: sendNotLeaderResponses
2019-07-13 07:41:07,866 WARN  server.GrpcLogAppender (GrpcLogAppender.java:mayWait(143)) - GrpcLogAppender(ffea1c0c-54d4-489a-91f1-ab213ff31fbd->cf574be2-0862-442f-9bdc-d7a358afdd89): Wait interrupted by java.lang.InterruptedException
2019-07-13 07:41:07,867 INFO  server.GrpcServerProtocolService (GrpcServerProtocolService.java:onCompleted(104)) - fed9b9f5-d86c-4039-a8d2-a5af12463bc9: appendEntries completed
2019-07-13 07:41:07,867 INFO  ratis.ContainerStateMachine (ContainerStateMachine.java:takeSnapshot(246)) - Taking snapshot at termIndex:(t:0, i:~)
2019-07-13 07:41:07,867 INFO  impl.StateMachineUpdater (StateMachineUpdater.java:stopAndJoin(115)) - StateMachineUpdater:e95deabc-ba49-4e50-b9d3-1085dd1bb7a8:group-32C3042CCB8C: set stopIndex = 0
2019-07-13 07:41:07,870 INFO  server.GrpcLogAppender (GrpcLogAppender.java:onCompleted(292)) - ffea1c0c-54d4-489a-91f1-ab213ff31fbd->fed9b9f5-d86c-4039-a8d2-a5af12463bc9: follower responses appendEntries COMPLETED
2019-07-13 07:41:07,870 INFO  server.GrpcServerProtocolService (GrpcServerProtocolService.java:onCompleted(104)) - cf574be2-0862-442f-9bdc-d7a358afdd89: appendEntries completed
2019-07-13 07:41:07,871 INFO  impl.FollowerInfo (FollowerInfo.java:lambda$new$0(50)) - ffea1c0c-54d4-489a-91f1-ab213ff31fbd->fed9b9f5-d86c-4039-a8d2-a5af12463bc9: nextIndex: updateUnconditionally 34 -> 33
2019-07-13 07:41:07,870 INFO  ratis.ContainerStateMachine (ContainerStateMachine.java:takeSnapshot(246)) - Taking snapshot at termIndex:(t:1, i:31)
2019-07-13 07:41:07,871 INFO  server.GrpcLogAppender (GrpcLogAppender.java:onCompleted(292)) - ffea1c0c-54d4-489a-91f1-ab213ff31fbd->cf574be2-0862-442f-9bdc-d7a358afdd89: follower responses appendEntries COMPLETED
2019-07-13 07:41:07,870 INFO  impl.StateMachineUpdater (StateMachineUpdater.java:stopAndJoin(115)) - StateMachineUpdater:ffea1c0c-54d4-489a-91f1-ab213ff31fbd:group-67BD07A3D150: set stopIndex = 33
2019-07-13 07:41:07,871 INFO  impl.FollowerInfo (FollowerInfo.java:lambda$new$0(50)) - ffea1c0c-54d4-489a-91f1-ab213ff31fbd->cf574be2-0862-442f-9bdc-d7a358afdd89: nextIndex: updateUnconditionally 34 -> 33
2019-07-13 07:41:07,871 INFO  ratis.ContainerStateMachine (ContainerStateMachine.java:takeSnapshot(250)) - Taking a snapshot to file /tmp/workdir/hadoop-ozone/integration-test/target/test-dir/MiniOzoneClusterImpl-a9291cd5-20eb-4d49-8028-80e536ff47c2/datanode-1/data/ratis/1c0fcc1b-6434-4eff-b953-67bd07a3d150/sm/snapshot.1_31
2019-07-13 07:41:07,870 INFO  impl.RaftServerImpl (ServerState.java:close(394)) - e95deabc-ba49-4e50-b9d3-1085dd1bb7a8:group-32C3042CCB8C closes. The last applied log index is 0
2019-07-13 07:41:07,872 INFO  impl.StateMachineUpdater (StateMachineUpdater.java:takeSnapshot(242)) - StateMachineUpdater:ffea1c0c-54d4-489a-91f1-ab213ff31fbd:group-67BD07A3D150: Took a snapshot at index 31
2019-07-13 07:41:07,873 INFO  impl.StateMachineUpdater (StateMachineUpdater.java:lambda$new$0(80)) - StateMachineUpdater:ffea1c0c-54d4-489a-91f1-ab213ff31fbd:group-67BD07A3D150: snapshotIndex: updateIncreasingly -1 -> 31
2019-07-13 07:41:07,873 INFO  segmented.SegmentedRaftLogWorker (SegmentedRaftLogWorker.java:run(313)) - e95deabc-ba49-4e50-b9d3-1085dd1bb7a8-SegmentedRaftLogWorker:Storage Directory /tmp/workdir/hadoop-ozone/integration-test/target/test-dir/MiniOzoneClusterImpl-a9291cd5-20eb-4d49-8028-80e536ff47c2/datanode-4/data/ratis/62d02b30-4701-4776-8913-32c3042ccb8c was interrupted, exiting. There are 0 tasks remaining in the queue.
2019-07-13 07:41:07,873 INFO  impl.RaftServerImpl (ServerState.java:close(394)) - ffea1c0c-54d4-489a-91f1-ab213ff31fbd:group-67BD07A3D150 closes. The last applied log index is 33
2019-07-13 07:41:07,875 INFO  segmented.SegmentedRaftLogWorker (SegmentedRaftLogWorker.java:close(228)) - e95deabc-ba49-4e50-b9d3-1085dd1bb7a8-SegmentedRaftLogWorker:Storage Directory /tmp/workdir/hadoop-ozone/integration-test/target/test-dir/MiniOzoneClusterImpl-a9291cd5-20eb-4d49-8028-80e536ff47c2/datanode-4/data/ratis/62d02b30-4701-4776-8913-32c3042ccb8c close()
2019-07-13 07:41:07,876 INFO  segmented.SegmentedRaftLogWorker (SegmentedRaftLogWorker.java:run(313)) - ffea1c0c-54d4-489a-91f1-ab213ff31fbd-SegmentedRaftLogWorker:Storage Directory /tmp/workdir/hadoop-ozone/integration-test/target/test-dir/MiniOzoneClusterImpl-a9291cd5-20eb-4d49-8028-80e536ff47c2/datanode-1/data/ratis/1c0fcc1b-6434-4eff-b953-67bd07a3d150 was interrupted, exiting. There are 0 tasks remaining in the queue.
2019-07-13 07:41:07,880 INFO  impl.RaftServerImpl (RaftServerImpl.java:lambda$shutdown$3(245)) - e95deabc-ba49-4e50-b9d3-1085dd1bb7a8: shutdown group-F4F7E95C49DD
2019-07-13 07:41:07,882 INFO  segmented.SegmentedRaftLogWorker (SegmentedRaftLogWorker.java:close(228)) - ffea1c0c-54d4-489a-91f1-ab213ff31fbd-SegmentedRaftLogWorker:Storage Directory /tmp/workdir/hadoop-ozone/integration-test/target/test-dir/MiniOzoneClusterImpl-a9291cd5-20eb-4d49-8028-80e536ff47c2/datanode-1/data/ratis/1c0fcc1b-6434-4eff-b953-67bd07a3d150 close()
2019-07-13 07:41:07,883 INFO  util.JmxRegister (JmxRegister.java:unregister(73)) - Successfully un-registered JMX Bean with object name Ratis:service=RaftServer,group=group-F4F7E95C49DD,id=e95deabc-ba49-4e50-b9d3-1085dd1bb7a8
2019-07-13 07:41:07,887 INFO  impl.RoleInfo (RoleInfo.java:shutdownFollowerState(121)) - e95deabc-ba49-4e50-b9d3-1085dd1bb7a8: shutdown FollowerState
2019-07-13 07:41:07,887 INFO  impl.StateMachineUpdater (StateMachineUpdater.java:stopAndJoin(115)) - StateMachineUpdater:e95deabc-ba49-4e50-b9d3-1085dd1bb7a8:group-F4F7E95C49DD: set stopIndex = 0
2019-07-13 07:41:07,886 INFO  impl.RaftServerImpl (RaftServerImpl.java:lambda$shutdown$3(245)) - ffea1c0c-54d4-489a-91f1-ab213ff31fbd: shutdown group-E5F18353485C
2019-07-13 07:41:07,887 INFO  ratis.ContainerStateMachine (ContainerStateMachine.java:takeSnapshot(246)) - Taking snapshot at termIndex:(t:0, i:~)
2019-07-13 07:41:07,887 INFO  impl.FollowerState (FollowerState.java:run(114)) - e95deabc-ba49-4e50-b9d3-1085dd1bb7a8: FollowerState was interrupted: java.lang.InterruptedException: sleep interrupted
2019-07-13 07:41:07,888 INFO  impl.RaftServerImpl (ServerState.java:close(394)) - e95deabc-ba49-4e50-b9d3-1085dd1bb7a8:group-F4F7E95C49DD closes. The last applied log index is 0
2019-07-13 07:41:07,888 INFO  util.JmxRegister (JmxRegister.java:unregister(73)) - Successfully un-registered JMX Bean with object name Ratis:service=RaftServer,group=group-E5F18353485C,id=ffea1c0c-54d4-489a-91f1-ab213ff31fbd
2019-07-13 07:41:07,891 INFO  segmented.SegmentedRaftLogWorker (SegmentedRaftLogWorker.java:run(313)) - e95deabc-ba49-4e50-b9d3-1085dd1bb7a8-SegmentedRaftLogWorker:Storage Directory /tmp/workdir/hadoop-ozone/integration-test/target/test-dir/MiniOzoneClusterImpl-a9291cd5-20eb-4d49-8028-80e536ff47c2/datanode-4/data/ratis/2d752485-5ea1-42f3-b518-f4f7e95c49dd was interrupted, exiting. There are 0 tasks remaining in the queue.
2019-07-13 07:41:07,891 INFO  impl.RoleInfo (RoleInfo.java:shutdownLeaderState(104)) - ffea1c0c-54d4-489a-91f1-ab213ff31fbd: shutdown LeaderState
2019-07-13 07:41:07,894 INFO  segmented.SegmentedRaftLogWorker (SegmentedRaftLogWorker.java:close(228)) - e95deabc-ba49-4e50-b9d3-1085dd1bb7a8-SegmentedRaftLogWorker:Storage Directory /tmp/workdir/hadoop-ozone/integration-test/target/test-dir/MiniOzoneClusterImpl-a9291cd5-20eb-4d49-8028-80e536ff47c2/datanode-4/data/ratis/2d752485-5ea1-42f3-b518-f4f7e95c49dd close()
2019-07-13 07:41:07,894 INFO  impl.PendingRequests (PendingRequests.java:sendNotLeaderResponses(202)) - ffea1c0c-54d4-489a-91f1-ab213ff31fbd-PendingRequests: sendNotLeaderResponses
2019-07-13 07:41:07,898 INFO  server.GrpcService (GrpcService.java:closeImpl(155)) - e95deabc-ba49-4e50-b9d3-1085dd1bb7a8: shutdown server with port 44735 now
2019-07-13 07:41:07,899 INFO  ratis.ContainerStateMachine (ContainerStateMachine.java:takeSnapshot(246)) - Taking snapshot at termIndex:(t:0, i:~)
2019-07-13 07:41:07,899 INFO  impl.StateMachineUpdater (StateMachineUpdater.java:stopAndJoin(115)) - StateMachineUpdater:ffea1c0c-54d4-489a-91f1-ab213ff31fbd:group-E5F18353485C: set stopIndex = 0
2019-07-13 07:41:07,899 INFO  impl.RaftServerImpl (ServerState.java:close(394)) - ffea1c0c-54d4-489a-91f1-ab213ff31fbd:group-E5F18353485C closes. The last applied log index is 0
2019-07-13 07:41:07,900 INFO  server.GrpcService (GrpcService.java:closeImpl(163)) - e95deabc-ba49-4e50-b9d3-1085dd1bb7a8: shutdown server with port 44735 successfully
2019-07-13 07:41:07,899 WARN  server.GrpcServerProtocolService (LogUtils.java:warn(134)) - e95deabc-ba49-4e50-b9d3-1085dd1bb7a8: appendEntries onError: org.apache.ratis.thirdparty.io.grpc.StatusRuntimeException: CANCELLED: cancelled before receiving half close
2019-07-13 07:41:07,900 INFO  segmented.SegmentedRaftLogWorker (SegmentedRaftLogWorker.java:run(313)) - ffea1c0c-54d4-489a-91f1-ab213ff31fbd-SegmentedRaftLogWorker:Storage Directory /tmp/workdir/hadoop-ozone/integration-test/target/test-dir/MiniOzoneClusterImpl-a9291cd5-20eb-4d49-8028-80e536ff47c2/datanode-1/data/ratis/891eb6b7-9521-46aa-a769-e5f18353485c was interrupted, exiting. There are 0 tasks remaining in the queue.
2019-07-13 07:41:07,900 WARN  server.GrpcLogAppender (LogUtils.java:warn(134)) - bf9b69e6-af40-4f2b-90c0-0d8e6346e31e->e95deabc-ba49-4e50-b9d3-1085dd1bb7a8: Failed appendEntries: org.apache.ratis.thirdparty.io.grpc.StatusRuntimeException: CANCELLED: HTTP/2 error code: CANCEL
Received Rst Stream
2019-07-13 07:41:07,903 INFO  segmented.SegmentedRaftLogWorker (SegmentedRaftLogWorker.java:close(228)) - ffea1c0c-54d4-489a-91f1-ab213ff31fbd-SegmentedRaftLogWorker:Storage Directory /tmp/workdir/hadoop-ozone/integration-test/target/test-dir/MiniOzoneClusterImpl-a9291cd5-20eb-4d49-8028-80e536ff47c2/datanode-1/data/ratis/891eb6b7-9521-46aa-a769-e5f18353485c close()
2019-07-13 07:41:07,904 INFO  utils.BackgroundService (BackgroundService.java:shutdown(148)) - Shutting down service BlockDeletingService
2019-07-13 07:41:07,903 INFO  impl.FollowerInfo (FollowerInfo.java:lambda$new$0(50)) - bf9b69e6-af40-4f2b-90c0-0d8e6346e31e->e95deabc-ba49-4e50-b9d3-1085dd1bb7a8: nextIndex: updateUnconditionally 1 -> 0
2019-07-13 07:41:07,908 INFO  server.GrpcService (GrpcService.java:closeImpl(155)) - ffea1c0c-54d4-489a-91f1-ab213ff31fbd: shutdown server with port 41002 now
2019-07-13 07:41:07,909 WARN  fs.CachingGetSpaceUsed (CachingGetSpaceUsed.java:run(183)) - Thread Interrupted waiting to refresh disk information: sleep interrupted
2019-07-13 07:41:07,909 WARN  client.GrpcClientProtocolService (LogUtils.java:warn(134)) - 2-UnorderedRequestStreamObserver2: onError: org.apache.ratis.thirdparty.io.grpc.StatusRuntimeException: CANCELLED: cancelled before receiving half close
2019-07-13 07:41:07,909 INFO  server.GrpcService (GrpcService.java:closeImpl(163)) - ffea1c0c-54d4-489a-91f1-ab213ff31fbd: shutdown server with port 41002 successfully
2019-07-13 07:41:07,914 INFO  utils.BackgroundService (BackgroundService.java:shutdown(148)) - Shutting down service BlockDeletingService
2019-07-13 07:41:07,917 WARN  fs.CachingGetSpaceUsed (CachingGetSpaceUsed.java:run(183)) - Thread Interrupted waiting to refresh disk information: sleep interrupted
2019-07-13 07:41:07,928 INFO  statemachine.DatanodeStateMachine (DatanodeStateMachine.java:stopDaemon(395)) - Ozone container server stopped.
2019-07-13 07:41:07,929 INFO  handler.ContextHandler (ContextHandler.java:doStop(910)) - Stopped o.e.j.w.WebAppContext@2295535f{/,null,UNAVAILABLE}{/hddsDatanode}
2019-07-13 07:41:07,929 INFO  server.AbstractConnector (AbstractConnector.java:doStop(318)) - Stopped ServerConnector@188f626a{HTTP/1.1,[http/1.1]}{0.0.0.0:0}
2019-07-13 07:41:07,930 INFO  handler.ContextHandler (ContextHandler.java:doStop(910)) - Stopped o.e.j.s.ServletContextHandler@24e5a4e0{/static,jar:file:/home/user/.m2/repository/org/apache/hadoop/hadoop-hdds-container-service/0.5.0-SNAPSHOT/hadoop-hdds-container-service-0.5.0-SNAPSHOT.jar!/webapps/static,UNAVAILABLE}
2019-07-13 07:41:07,930 INFO  handler.ContextHandler (ContextHandler.java:doStop(910)) - Stopped o.e.j.s.ServletContextHandler@5039de18{/logs,file:///tmp/workdir/hadoop-ozone/integration-test/target/log,UNAVAILABLE}
2019-07-13 07:41:07,931 INFO  datanode.ObjectStoreHandler (ObjectStoreHandler.java:close(155)) - Closing ObjectStoreHandler.
2019-07-13 07:41:07,931 INFO  ozone.HddsDatanodeService (HddsDatanodeService.java:stop(452)) - Stopped plug-in org.apache.hadoop.ozone.web.OzoneHddsDatanodeService@54fb9c08
2019-07-13 07:41:07,936 INFO  statemachine.DatanodeStateMachine (DatanodeStateMachine.java:stopDaemon(395)) - Ozone container server stopped.
2019-07-13 07:41:07,952 INFO  handler.ContextHandler (ContextHandler.java:doStop(910)) - Stopped o.e.j.w.WebAppContext@1ee2e363{/,null,UNAVAILABLE}{/hddsDatanode}
2019-07-13 07:41:07,952 INFO  server.AbstractConnector (AbstractConnector.java:doStop(318)) - Stopped ServerConnector@60e83cb9{HTTP/1.1,[http/1.1]}{0.0.0.0:0}
2019-07-13 07:41:07,954 INFO  handler.ContextHandler (ContextHandler.java:doStop(910)) - Stopped o.e.j.s.ServletContextHandler@2b1aa390{/static,jar:file:/home/user/.m2/repository/org/apache/hadoop/hadoop-hdds-container-service/0.5.0-SNAPSHOT/hadoop-hdds-container-service-0.5.0-SNAPSHOT.jar!/webapps/static,UNAVAILABLE}
2019-07-13 07:41:07,956 INFO  handler.ContextHandler (ContextHandler.java:doStop(910)) - Stopped o.e.j.s.ServletContextHandler@4d162d67{/logs,file:///tmp/workdir/hadoop-ozone/integration-test/target/log,UNAVAILABLE}
2019-07-13 07:41:07,956 INFO  datanode.ObjectStoreHandler (ObjectStoreHandler.java:close(155)) - Closing ObjectStoreHandler.
2019-07-13 07:41:07,957 INFO  ozone.HddsDatanodeService (HddsDatanodeService.java:stop(452)) - Stopped plug-in org.apache.hadoop.ozone.web.OzoneHddsDatanodeService@2f3ba597
2019-07-13 07:41:08,178 INFO  statemachine.DatanodeStateMachine (DatanodeStateMachine.java:lambda$startDaemon$0(350)) - Ozone container server started.
2019-07-13 07:41:08,553 INFO  statemachine.DatanodeStateMachine (DatanodeStateMachine.java:lambda$startDaemon$0(350)) - Ozone container server started.
2019-07-13 07:41:09,833 WARN  server.GrpcLogAppender (LogUtils.java:warn(134)) - bf9b69e6-af40-4f2b-90c0-0d8e6346e31e->e95deabc-ba49-4e50-b9d3-1085dd1bb7a8: Failed appendEntries: org.apache.ratis.thirdparty.io.grpc.StatusRuntimeException: UNAVAILABLE: io exception
2019-07-13 07:41:09,833 INFO  impl.FollowerInfo (FollowerInfo.java:lambda$new$0(50)) - bf9b69e6-af40-4f2b-90c0-0d8e6346e31e->e95deabc-ba49-4e50-b9d3-1085dd1bb7a8: nextIndex: updateUnconditionally 0 -> 0
2019-07-13 07:41:12,257 INFO  node.StaleNodeHandler (StaleNodeHandler.java:onMessage(58)) - Datanode 663ce06c-2b00-49a0-b86a-9b132b56b1c5{ip: 192.168.69.84, host: trunk-nightly-9lh4p-2362225927, networkLocation: /default-rack, certSerialId: null} moved to stale state. Finalizing its pipelines [PipelineID=d5b5101a-ec3e-4626-bf02-ff8bb21085bb, PipelineID=2d752485-5ea1-42f3-b518-f4f7e95c49dd]
2019-07-13 07:41:12,257 INFO  pipeline.SCMPipelineManager (SCMPipelineManager.java:finalizeAndDestroyPipeline(309)) - destroying pipeline:Pipeline[ Id: d5b5101a-ec3e-4626-bf02-ff8bb21085bb, Nodes: 663ce06c-2b00-49a0-b86a-9b132b56b1c5{ip: 192.168.69.84, host: trunk-nightly-9lh4p-2362225927, networkLocation: /default-rack, certSerialId: null}, Type:RATIS, Factor:ONE, State:OPEN]
2019-07-13 07:41:12,257 INFO  pipeline.PipelineStateManager (PipelineStateManager.java:finalizePipeline(123)) - Pipeline Pipeline[ Id: d5b5101a-ec3e-4626-bf02-ff8bb21085bb, Nodes: 663ce06c-2b00-49a0-b86a-9b132b56b1c5{ip: 192.168.69.84, host: trunk-nightly-9lh4p-2362225927, networkLocation: /default-rack, certSerialId: null}, Type:RATIS, Factor:ONE, State:CLOSED] moved to CLOSED state
2019-07-13 07:41:12,258 INFO  pipeline.SCMPipelineManager (SCMPipelineManager.java:finalizeAndDestroyPipeline(309)) - destroying pipeline:Pipeline[ Id: 2d752485-5ea1-42f3-b518-f4f7e95c49dd, Nodes: bf9b69e6-af40-4f2b-90c0-0d8e6346e31e{ip: 192.168.69.84, host: trunk-nightly-9lh4p-2362225927, networkLocation: /default-rack, certSerialId: null}663ce06c-2b00-49a0-b86a-9b132b56b1c5{ip: 192.168.69.84, host: trunk-nightly-9lh4p-2362225927, networkLocation: /default-rack, certSerialId: null}e95deabc-ba49-4e50-b9d3-1085dd1bb7a8{ip: 192.168.69.84, host: trunk-nightly-9lh4p-2362225927, networkLocation: /default-rack, certSerialId: null}, Type:RATIS, Factor:THREE, State:CLOSED]
2019-07-13 07:41:12,333 WARN  server.GrpcLogAppender (LogUtils.java:warn(134)) - bf9b69e6-af40-4f2b-90c0-0d8e6346e31e->e95deabc-ba49-4e50-b9d3-1085dd1bb7a8: Failed appendEntries: org.apache.ratis.thirdparty.io.grpc.StatusRuntimeException: UNAVAILABLE: io exception
2019-07-13 07:41:12,333 INFO  impl.FollowerInfo (FollowerInfo.java:lambda$new$0(50)) - bf9b69e6-af40-4f2b-90c0-0d8e6346e31e->e95deabc-ba49-4e50-b9d3-1085dd1bb7a8: nextIndex: updateUnconditionally 0 -> 0
2019-07-13 07:41:12,557 INFO  node.StaleNodeHandler (StaleNodeHandler.java:onMessage(58)) - Datanode fed9b9f5-d86c-4039-a8d2-a5af12463bc9{ip: 192.168.69.84, host: trunk-nightly-9lh4p-2362225927, networkLocation: /default-rack, certSerialId: null} moved to stale state. Finalizing its pipelines [PipelineID=1c0fcc1b-6434-4eff-b953-67bd07a3d150, PipelineID=447184b8-97ce-4169-aa1c-89c459a4540e]
2019-07-13 07:41:12,557 INFO  pipeline.SCMPipelineManager (SCMPipelineManager.java:finalizeAndDestroyPipeline(309)) - destroying pipeline:Pipeline[ Id: 1c0fcc1b-6434-4eff-b953-67bd07a3d150, Nodes: cf574be2-0862-442f-9bdc-d7a358afdd89{ip: 192.168.69.84, host: trunk-nightly-9lh4p-2362225927, networkLocation: /default-rack, certSerialId: null}ffea1c0c-54d4-489a-91f1-ab213ff31fbd{ip: 192.168.69.84, host: trunk-nightly-9lh4p-2362225927, networkLocation: /default-rack, certSerialId: null}fed9b9f5-d86c-4039-a8d2-a5af12463bc9{ip: 192.168.69.84, host: trunk-nightly-9lh4p-2362225927, networkLocation: /default-rack, certSerialId: null}, Type:RATIS, Factor:THREE, State:CLOSED]
2019-07-13 07:41:12,558 INFO  pipeline.SCMPipelineManager (SCMPipelineManager.java:finalizeAndDestroyPipeline(309)) - destroying pipeline:Pipeline[ Id: 447184b8-97ce-4169-aa1c-89c459a4540e, Nodes: fed9b9f5-d86c-4039-a8d2-a5af12463bc9{ip: 192.168.69.84, host: trunk-nightly-9lh4p-2362225927, networkLocation: /default-rack, certSerialId: null}, Type:RATIS, Factor:ONE, State:OPEN]
2019-07-13 07:41:12,558 INFO  pipeline.PipelineStateManager (PipelineStateManager.java:finalizePipeline(123)) - Pipeline Pipeline[ Id: 447184b8-97ce-4169-aa1c-89c459a4540e, Nodes: fed9b9f5-d86c-4039-a8d2-a5af12463bc9{ip: 192.168.69.84, host: trunk-nightly-9lh4p-2362225927, networkLocation: /default-rack, certSerialId: null}, Type:RATIS, Factor:ONE, State:CLOSED] moved to CLOSED state
2019-07-13 07:41:12,932 INFO  ozoneimpl.OzoneContainer (OzoneContainer.java:stop(199)) - Attempting to stop container services.
2019-07-13 07:41:12,932 INFO  impl.RaftServerProxy (RaftServerProxy.java:lambda$close$4(314)) - 663ce06c-2b00-49a0-b86a-9b132b56b1c5: close
2019-07-13 07:41:12,933 INFO  impl.RaftServerImpl (RaftServerImpl.java:lambda$shutdown$3(245)) - 663ce06c-2b00-49a0-b86a-9b132b56b1c5: shutdown group-FF8BB21085BB
2019-07-13 07:41:12,933 INFO  util.JmxRegister (JmxRegister.java:unregister(73)) - Successfully un-registered JMX Bean with object name Ratis:service=RaftServer,group=group-FF8BB21085BB,id=663ce06c-2b00-49a0-b86a-9b132b56b1c5
2019-07-13 07:41:12,934 INFO  impl.RoleInfo (RoleInfo.java:shutdownLeaderState(104)) - 663ce06c-2b00-49a0-b86a-9b132b56b1c5: shutdown LeaderState
2019-07-13 07:41:12,934 INFO  impl.PendingRequests (PendingRequests.java:sendNotLeaderResponses(202)) - 663ce06c-2b00-49a0-b86a-9b132b56b1c5-PendingRequests: sendNotLeaderResponses
2019-07-13 07:41:12,935 INFO  impl.StateMachineUpdater (StateMachineUpdater.java:stopAndJoin(115)) - StateMachineUpdater:663ce06c-2b00-49a0-b86a-9b132b56b1c5:group-FF8BB21085BB: set stopIndex = 0
2019-07-13 07:41:12,935 INFO  ratis.ContainerStateMachine (ContainerStateMachine.java:takeSnapshot(246)) - Taking snapshot at termIndex:(t:0, i:~)
2019-07-13 07:41:12,935 INFO  impl.RaftServerImpl (ServerState.java:close(394)) - 663ce06c-2b00-49a0-b86a-9b132b56b1c5:group-FF8BB21085BB closes. The last applied log index is 0
2019-07-13 07:41:12,936 INFO  segmented.SegmentedRaftLogWorker (SegmentedRaftLogWorker.java:run(313)) - 663ce06c-2b00-49a0-b86a-9b132b56b1c5-SegmentedRaftLogWorker:Storage Directory /tmp/workdir/hadoop-ozone/integration-test/target/test-dir/MiniOzoneClusterImpl-a9291cd5-20eb-4d49-8028-80e536ff47c2/datanode-3/data/ratis/d5b5101a-ec3e-4626-bf02-ff8bb21085bb was interrupted, exiting. There are 0 tasks remaining in the queue.
2019-07-13 07:41:12,939 INFO  segmented.SegmentedRaftLogWorker (SegmentedRaftLogWorker.java:close(228)) - 663ce06c-2b00-49a0-b86a-9b132b56b1c5-SegmentedRaftLogWorker:Storage Directory /tmp/workdir/hadoop-ozone/integration-test/target/test-dir/MiniOzoneClusterImpl-a9291cd5-20eb-4d49-8028-80e536ff47c2/datanode-3/data/ratis/d5b5101a-ec3e-4626-bf02-ff8bb21085bb close()
2019-07-13 07:41:12,951 INFO  impl.RaftServerImpl (RaftServerImpl.java:lambda$shutdown$3(245)) - 663ce06c-2b00-49a0-b86a-9b132b56b1c5: shutdown group-F4F7E95C49DD
2019-07-13 07:41:12,951 INFO  util.JmxRegister (JmxRegister.java:unregister(73)) - Successfully un-registered JMX Bean with object name Ratis:service=RaftServer,group=group-F4F7E95C49DD,id=663ce06c-2b00-49a0-b86a-9b132b56b1c5
2019-07-13 07:41:12,952 INFO  impl.RoleInfo (RoleInfo.java:shutdownFollowerState(121)) - 663ce06c-2b00-49a0-b86a-9b132b56b1c5: shutdown FollowerState
2019-07-13 07:41:12,952 INFO  impl.StateMachineUpdater (StateMachineUpdater.java:stopAndJoin(115)) - StateMachineUpdater:663ce06c-2b00-49a0-b86a-9b132b56b1c5:group-F4F7E95C49DD: set stopIndex = 0
2019-07-13 07:41:12,952 INFO  impl.FollowerState (FollowerState.java:run(114)) - 663ce06c-2b00-49a0-b86a-9b132b56b1c5: FollowerState was interrupted: java.lang.InterruptedException: sleep interrupted
2019-07-13 07:41:12,952 INFO  ratis.ContainerStateMachine (ContainerStateMachine.java:takeSnapshot(246)) - Taking snapshot at termIndex:(t:0, i:~)
2019-07-13 07:41:12,955 INFO  impl.RaftServerImpl (ServerState.java:close(394)) - 663ce06c-2b00-49a0-b86a-9b132b56b1c5:group-F4F7E95C49DD closes. The last applied log index is 0
2019-07-13 07:41:12,955 INFO  segmented.SegmentedRaftLogWorker (SegmentedRaftLogWorker.java:run(313)) - 663ce06c-2b00-49a0-b86a-9b132b56b1c5-SegmentedRaftLogWorker:Storage Directory /tmp/workdir/hadoop-ozone/integration-test/target/test-dir/MiniOzoneClusterImpl-a9291cd5-20eb-4d49-8028-80e536ff47c2/datanode-3/data/ratis/2d752485-5ea1-42f3-b518-f4f7e95c49dd was interrupted, exiting. There are 0 tasks remaining in the queue.
2019-07-13 07:41:12,955 INFO  segmented.SegmentedRaftLogWorker (SegmentedRaftLogWorker.java:close(228)) - 663ce06c-2b00-49a0-b86a-9b132b56b1c5-SegmentedRaftLogWorker:Storage Directory /tmp/workdir/hadoop-ozone/integration-test/target/test-dir/MiniOzoneClusterImpl-a9291cd5-20eb-4d49-8028-80e536ff47c2/datanode-3/data/ratis/2d752485-5ea1-42f3-b518-f4f7e95c49dd close()
2019-07-13 07:41:12,958 INFO  server.GrpcService (GrpcService.java:closeImpl(155)) - 663ce06c-2b00-49a0-b86a-9b132b56b1c5: shutdown server with port 46023 now
2019-07-13 07:41:12,958 INFO  ozoneimpl.OzoneContainer (OzoneContainer.java:stop(199)) - Attempting to stop container services.
2019-07-13 07:41:12,959 INFO  impl.RaftServerProxy (RaftServerProxy.java:lambda$close$4(314)) - fed9b9f5-d86c-4039-a8d2-a5af12463bc9: close
2019-07-13 07:41:12,959 WARN  server.GrpcServerProtocolService (LogUtils.java:warn(134)) - 663ce06c-2b00-49a0-b86a-9b132b56b1c5: appendEntries onError: org.apache.ratis.thirdparty.io.grpc.StatusRuntimeException: CANCELLED: cancelled before receiving half close
2019-07-13 07:41:12,959 INFO  server.GrpcService (GrpcService.java:closeImpl(163)) - 663ce06c-2b00-49a0-b86a-9b132b56b1c5: shutdown server with port 46023 successfully
2019-07-13 07:41:12,959 INFO  impl.RaftServerImpl (RaftServerImpl.java:lambda$shutdown$3(245)) - fed9b9f5-d86c-4039-a8d2-a5af12463bc9: shutdown group-67BD07A3D150
2019-07-13 07:41:12,959 WARN  server.GrpcLogAppender (LogUtils.java:warn(134)) - bf9b69e6-af40-4f2b-90c0-0d8e6346e31e->663ce06c-2b00-49a0-b86a-9b132b56b1c5: Failed appendEntries: org.apache.ratis.thirdparty.io.grpc.StatusRuntimeException: CANCELLED: HTTP/2 error code: CANCEL
Received Rst Stream
2019-07-13 07:41:12,960 INFO  util.JmxRegister (JmxRegister.java:unregister(73)) - Successfully un-registered JMX Bean with object name Ratis:service=RaftServer,group=group-67BD07A3D150,id=fed9b9f5-d86c-4039-a8d2-a5af12463bc9
2019-07-13 07:41:12,960 INFO  impl.FollowerInfo (FollowerInfo.java:lambda$new$0(50)) - bf9b69e6-af40-4f2b-90c0-0d8e6346e31e->663ce06c-2b00-49a0-b86a-9b132b56b1c5: nextIndex: updateUnconditionally 1 -> 0
2019-07-13 07:41:12,960 INFO  utils.BackgroundService (BackgroundService.java:shutdown(148)) - Shutting down service BlockDeletingService
2019-07-13 07:41:12,960 INFO  impl.RoleInfo (RoleInfo.java:shutdownFollowerState(121)) - fed9b9f5-d86c-4039-a8d2-a5af12463bc9: shutdown FollowerState
2019-07-13 07:41:12,961 INFO  impl.StateMachineUpdater (StateMachineUpdater.java:stopAndJoin(115)) - StateMachineUpdater:fed9b9f5-d86c-4039-a8d2-a5af12463bc9:group-67BD07A3D150: set stopIndex = 33
2019-07-13 07:41:12,961 INFO  ratis.ContainerStateMachine (ContainerStateMachine.java:takeSnapshot(246)) - Taking snapshot at termIndex:(t:1, i:31)
2019-07-13 07:41:12,961 INFO  impl.FollowerState (FollowerState.java:run(114)) - fed9b9f5-d86c-4039-a8d2-a5af12463bc9: FollowerState was interrupted: java.lang.InterruptedException: sleep interrupted
2019-07-13 07:41:12,962 INFO  ratis.ContainerStateMachine (ContainerStateMachine.java:takeSnapshot(250)) - Taking a snapshot to file /tmp/workdir/hadoop-ozone/integration-test/target/test-dir/MiniOzoneClusterImpl-a9291cd5-20eb-4d49-8028-80e536ff47c2/datanode-2/data/ratis/1c0fcc1b-6434-4eff-b953-67bd07a3d150/sm/snapshot.1_31
2019-07-13 07:41:12,962 WARN  fs.CachingGetSpaceUsed (CachingGetSpaceUsed.java:run(183)) - Thread Interrupted waiting to refresh disk information: sleep interrupted
2019-07-13 07:41:12,964 INFO  impl.StateMachineUpdater (StateMachineUpdater.java:takeSnapshot(242)) - StateMachineUpdater:fed9b9f5-d86c-4039-a8d2-a5af12463bc9:group-67BD07A3D150: Took a snapshot at index 31
2019-07-13 07:41:12,964 INFO  impl.StateMachineUpdater (StateMachineUpdater.java:lambda$new$0(80)) - StateMachineUpdater:fed9b9f5-d86c-4039-a8d2-a5af12463bc9:group-67BD07A3D150: snapshotIndex: updateIncreasingly -1 -> 31
2019-07-13 07:41:12,965 INFO  impl.RaftServerImpl (ServerState.java:close(394)) - fed9b9f5-d86c-4039-a8d2-a5af12463bc9:group-67BD07A3D150 closes. The last applied log index is 33
2019-07-13 07:41:12,965 INFO  segmented.SegmentedRaftLogWorker (SegmentedRaftLogWorker.java:run(313)) - fed9b9f5-d86c-4039-a8d2-a5af12463bc9-SegmentedRaftLogWorker:Storage Directory /tmp/workdir/hadoop-ozone/integration-test/target/test-dir/MiniOzoneClusterImpl-a9291cd5-20eb-4d49-8028-80e536ff47c2/datanode-2/data/ratis/1c0fcc1b-6434-4eff-b953-67bd07a3d150 was interrupted, exiting. There are 0 tasks remaining in the queue.
2019-07-13 07:41:12,966 INFO  segmented.SegmentedRaftLogWorker (SegmentedRaftLogWorker.java:close(228)) - fed9b9f5-d86c-4039-a8d2-a5af12463bc9-SegmentedRaftLogWorker:Storage Directory /tmp/workdir/hadoop-ozone/integration-test/target/test-dir/MiniOzoneClusterImpl-a9291cd5-20eb-4d49-8028-80e536ff47c2/datanode-2/data/ratis/1c0fcc1b-6434-4eff-b953-67bd07a3d150 close()
2019-07-13 07:41:12,968 INFO  impl.RaftServerImpl (RaftServerImpl.java:lambda$shutdown$3(245)) - fed9b9f5-d86c-4039-a8d2-a5af12463bc9: shutdown group-89C459A4540E
2019-07-13 07:41:12,968 INFO  util.JmxRegister (JmxRegister.java:unregister(73)) - Successfully un-registered JMX Bean with object name Ratis:service=RaftServer,group=group-89C459A4540E,id=fed9b9f5-d86c-4039-a8d2-a5af12463bc9
2019-07-13 07:41:12,968 INFO  impl.RoleInfo (RoleInfo.java:shutdownLeaderState(104)) - fed9b9f5-d86c-4039-a8d2-a5af12463bc9: shutdown LeaderState
2019-07-13 07:41:12,968 INFO  impl.PendingRequests (PendingRequests.java:sendNotLeaderResponses(202)) - fed9b9f5-d86c-4039-a8d2-a5af12463bc9-PendingRequests: sendNotLeaderResponses
2019-07-13 07:41:12,969 INFO  impl.StateMachineUpdater (StateMachineUpdater.java:stopAndJoin(115)) - StateMachineUpdater:fed9b9f5-d86c-4039-a8d2-a5af12463bc9:group-89C459A4540E: set stopIndex = 0
2019-07-13 07:41:12,969 INFO  ratis.ContainerStateMachine (ContainerStateMachine.java:takeSnapshot(246)) - Taking snapshot at termIndex:(t:0, i:~)
2019-07-13 07:41:12,969 INFO  impl.RaftServerImpl (ServerState.java:close(394)) - fed9b9f5-d86c-4039-a8d2-a5af12463bc9:group-89C459A4540E closes. The last applied log index is 0
2019-07-13 07:41:12,970 INFO  segmented.SegmentedRaftLogWorker (SegmentedRaftLogWorker.java:run(313)) - fed9b9f5-d86c-4039-a8d2-a5af12463bc9-SegmentedRaftLogWorker:Storage Directory /tmp/workdir/hadoop-ozone/integration-test/target/test-dir/MiniOzoneClusterImpl-a9291cd5-20eb-4d49-8028-80e536ff47c2/datanode-2/data/ratis/447184b8-97ce-4169-aa1c-89c459a4540e was interrupted, exiting. There are 0 tasks remaining in the queue.
2019-07-13 07:41:12,970 INFO  segmented.SegmentedRaftLogWorker (SegmentedRaftLogWorker.java:close(228)) - fed9b9f5-d86c-4039-a8d2-a5af12463bc9-SegmentedRaftLogWorker:Storage Directory /tmp/workdir/hadoop-ozone/integration-test/target/test-dir/MiniOzoneClusterImpl-a9291cd5-20eb-4d49-8028-80e536ff47c2/datanode-2/data/ratis/447184b8-97ce-4169-aa1c-89c459a4540e close()
2019-07-13 07:41:12,972 INFO  server.GrpcService (GrpcService.java:closeImpl(155)) - fed9b9f5-d86c-4039-a8d2-a5af12463bc9: shutdown server with port 32985 now
2019-07-13 07:41:12,972 INFO  server.GrpcService (GrpcService.java:closeImpl(163)) - fed9b9f5-d86c-4039-a8d2-a5af12463bc9: shutdown server with port 32985 successfully
2019-07-13 07:41:12,973 INFO  utils.BackgroundService (BackgroundService.java:shutdown(148)) - Shutting down service BlockDeletingService
2019-07-13 07:41:12,975 WARN  fs.CachingGetSpaceUsed (CachingGetSpaceUsed.java:run(183)) - Thread Interrupted waiting to refresh disk information: sleep interrupted
2019-07-13 07:41:12,987 INFO  statemachine.DatanodeStateMachine (DatanodeStateMachine.java:stopDaemon(395)) - Ozone container server stopped.
2019-07-13 07:41:12,988 INFO  handler.ContextHandler (ContextHandler.java:doStop(910)) - Stopped o.e.j.w.WebAppContext@12d49ede{/,null,UNAVAILABLE}{/hddsDatanode}
2019-07-13 07:41:12,989 INFO  server.AbstractConnector (AbstractConnector.java:doStop(318)) - Stopped ServerConnector@65cd37bb{HTTP/1.1,[http/1.1]}{0.0.0.0:0}
2019-07-13 07:41:12,989 INFO  handler.ContextHandler (ContextHandler.java:doStop(910)) - Stopped o.e.j.s.ServletContextHandler@705606ac{/static,jar:file:/home/user/.m2/repository/org/apache/hadoop/hadoop-hdds-container-service/0.5.0-SNAPSHOT/hadoop-hdds-container-service-0.5.0-SNAPSHOT.jar!/webapps/static,UNAVAILABLE}
2019-07-13 07:41:12,989 INFO  handler.ContextHandler (ContextHandler.java:doStop(910)) - Stopped o.e.j.s.ServletContextHandler@29e9d47b{/logs,file:///tmp/workdir/hadoop-ozone/integration-test/target/log,UNAVAILABLE}
2019-07-13 07:41:12,990 INFO  datanode.ObjectStoreHandler (ObjectStoreHandler.java:close(155)) - Closing ObjectStoreHandler.
2019-07-13 07:41:12,991 INFO  ozone.HddsDatanodeService (HddsDatanodeService.java:stop(452)) - Stopped plug-in org.apache.hadoop.ozone.web.OzoneHddsDatanodeService@63fa7643
2019-07-13 07:41:12,997 INFO  statemachine.DatanodeStateMachine (DatanodeStateMachine.java:stopDaemon(395)) - Ozone container server stopped.
2019-07-13 07:41:13,000 INFO  handler.ContextHandler (ContextHandler.java:doStop(910)) - Stopped o.e.j.w.WebAppContext@5f27d271{/,null,UNAVAILABLE}{/hddsDatanode}
2019-07-13 07:41:13,000 INFO  server.AbstractConnector (AbstractConnector.java:doStop(318)) - Stopped ServerConnector@4039d109{HTTP/1.1,[http/1.1]}{0.0.0.0:0}
2019-07-13 07:41:13,002 INFO  handler.ContextHandler (ContextHandler.java:doStop(910)) - Stopped o.e.j.s.ServletContextHandler@664c6bbc{/static,jar:file:/home/user/.m2/repository/org/apache/hadoop/hadoop-hdds-container-service/0.5.0-SNAPSHOT/hadoop-hdds-container-service-0.5.0-SNAPSHOT.jar!/webapps/static,UNAVAILABLE}
2019-07-13 07:41:13,003 INFO  handler.ContextHandler (ContextHandler.java:doStop(910)) - Stopped o.e.j.s.ServletContextHandler@c2cc406{/logs,file:///tmp/workdir/hadoop-ozone/integration-test/target/log,UNAVAILABLE}
2019-07-13 07:41:13,004 INFO  datanode.ObjectStoreHandler (ObjectStoreHandler.java:close(155)) - Closing ObjectStoreHandler.
2019-07-13 07:41:13,004 INFO  ozone.HddsDatanodeService (HddsDatanodeService.java:stop(452)) - Stopped plug-in org.apache.hadoop.ozone.web.OzoneHddsDatanodeService@3d2ec8b2
2019-07-13 07:41:13,559 INFO  statemachine.DatanodeStateMachine (DatanodeStateMachine.java:lambda$startDaemon$0(350)) - Ozone container server started.
2019-07-13 07:41:13,856 INFO  statemachine.DatanodeStateMachine (DatanodeStateMachine.java:lambda$startDaemon$0(350)) - Ozone container server started.
2019-07-13 07:41:14,598 INFO  impl.FollowerState (FollowerState.java:run(106)) - cf574be2-0862-442f-9bdc-d7a358afdd89:group-67BD07A3D150 changes to CANDIDATE, lastRpcTime:6802, electionTimeout:5024ms
2019-07-13 07:41:14,598 INFO  impl.RoleInfo (RoleInfo.java:shutdownFollowerState(121)) - cf574be2-0862-442f-9bdc-d7a358afdd89: shutdown FollowerState
2019-07-13 07:41:14,598 INFO  impl.RaftServerImpl (RaftServerImpl.java:setRole(171)) - cf574be2-0862-442f-9bdc-d7a358afdd89:group-67BD07A3D150 changes role from FOLLOWER to CANDIDATE at term 1 for changeToCandidate
2019-07-13 07:41:14,598 INFO  impl.RoleInfo (RoleInfo.java:updateAndGet(143)) - cf574be2-0862-442f-9bdc-d7a358afdd89: start LeaderElection
2019-07-13 07:41:14,601 INFO  impl.RaftServerImpl (ServerState.java:setLeader(263)) - cf574be2-0862-442f-9bdc-d7a358afdd89:group-67BD07A3D150 change Leader from ffea1c0c-54d4-489a-91f1-ab213ff31fbd to null at term 1 for initElection
2019-07-13 07:41:14,616 INFO  impl.LeaderElection (LeaderElection.java:askForVotes(181)) - cf574be2-0862-442f-9bdc-d7a358afdd89:group-67BD07A3D150:LeaderElection92: begin an election at term 2 for 0: [cf574be2-0862-442f-9bdc-d7a358afdd89:192.168.69.84:36132, fed9b9f5-d86c-4039-a8d2-a5af12463bc9:192.168.69.84:32985, ffea1c0c-54d4-489a-91f1-ab213ff31fbd:192.168.69.84:41002], old=null
2019-07-13 07:41:14,618 INFO  impl.LeaderElection (LogUtils.java:infoOrTrace(149)) - cf574be2-0862-442f-9bdc-d7a358afdd89:group-67BD07A3D150:LeaderElection92 got exception when requesting votes: {}
java.util.concurrent.ExecutionException: org.apache.ratis.thirdparty.io.grpc.StatusRuntimeException: UNAVAILABLE: io exception
	at java.util.concurrent.FutureTask.report(FutureTask.java:122)
	at java.util.concurrent.FutureTask.get(FutureTask.java:192)
	at org.apache.ratis.server.impl.LeaderElection.waitForResults(LeaderElection.java:262)
	at org.apache.ratis.server.impl.LeaderElection.askForVotes(LeaderElection.java:200)
	at org.apache.ratis.server.impl.LeaderElection.run(LeaderElection.java:130)
	at java.lang.Thread.run(Thread.java:748)
Caused by: org.apache.ratis.thirdparty.io.grpc.StatusRuntimeException: UNAVAILABLE: io exception
	at org.apache.ratis.thirdparty.io.grpc.stub.ClientCalls.toStatusRuntimeException(ClientCalls.java:233)
	at org.apache.ratis.thirdparty.io.grpc.stub.ClientCalls.getUnchecked(ClientCalls.java:214)
	at org.apache.ratis.thirdparty.io.grpc.stub.ClientCalls.blockingUnaryCall(ClientCalls.java:139)
	at org.apache.ratis.proto.grpc.RaftServerProtocolServiceGrpc$RaftServerProtocolServiceBlockingStub.requestVote(RaftServerProtocolServiceGrpc.java:265)
	at org.apache.ratis.grpc.server.GrpcServerProtocolClient.requestVote(GrpcServerProtocolClient.java:83)
	at org.apache.ratis.grpc.server.GrpcService.requestVote(GrpcService.java:195)
	at org.apache.ratis.server.impl.LeaderElection.lambda$submitRequests$1(LeaderElection.java:237)
	at java.util.concurrent.FutureTask.run(FutureTask.java:266)
	at java.util.concurrent.Executors$RunnableAdapter.call(Executors.java:511)
	at java.util.concurrent.FutureTask.run(FutureTask.java:266)
	at java.util.concurrent.ThreadPoolExecutor.runWorker(ThreadPoolExecutor.java:1149)
	at java.util.concurrent.ThreadPoolExecutor$Worker.run(ThreadPoolExecutor.java:624)
	... 1 more
Caused by: org.apache.ratis.thirdparty.io.netty.channel.AbstractChannel$AnnotatedConnectException: Connection refused: /192.168.69.84:32985
	at sun.nio.ch.SocketChannelImpl.checkConnect(Native Method)
	at sun.nio.ch.SocketChannelImpl.finishConnect(SocketChannelImpl.java:717)
	at org.apache.ratis.thirdparty.io.netty.channel.socket.nio.NioSocketChannel.doFinishConnect(NioSocketChannel.java:327)
	at org.apache.ratis.thirdparty.io.netty.channel.nio.AbstractNioChannel$AbstractNioUnsafe.finishConnect(AbstractNioChannel.java:340)
	at org.apache.ratis.thirdparty.io.netty.channel.nio.NioEventLoop.processSelectedKey(NioEventLoop.java:632)
	at org.apache.ratis.thirdparty.io.netty.channel.nio.NioEventLoop.processSelectedKeysOptimized(NioEventLoop.java:579)
	at org.apache.ratis.thirdparty.io.netty.channel.nio.NioEventLoop.processSelectedKeys(NioEventLoop.java:496)
	at org.apache.ratis.thirdparty.io.netty.channel.nio.NioEventLoop.run(NioEventLoop.java:458)
	at org.apache.ratis.thirdparty.io.netty.util.concurrent.SingleThreadEventExecutor$5.run(SingleThreadEventExecutor.java:897)
	at org.apache.ratis.thirdparty.io.netty.util.concurrent.FastThreadLocalRunnable.run(FastThreadLocalRunnable.java:30)
	... 1 more
Caused by: java.net.ConnectException: Connection refused
	... 11 more
2019-07-13 07:41:14,620 INFO  impl.LeaderElection (LogUtils.java:infoOrTrace(149)) - cf574be2-0862-442f-9bdc-d7a358afdd89:group-67BD07A3D150:LeaderElection92 got exception when requesting votes: {}
java.util.concurrent.ExecutionException: org.apache.ratis.thirdparty.io.grpc.StatusRuntimeException: UNAVAILABLE: io exception
	at java.util.concurrent.FutureTask.report(FutureTask.java:122)
	at java.util.concurrent.FutureTask.get(FutureTask.java:192)
	at org.apache.ratis.server.impl.LeaderElection.waitForResults(LeaderElection.java:262)
	at org.apache.ratis.server.impl.LeaderElection.askForVotes(LeaderElection.java:200)
	at org.apache.ratis.server.impl.LeaderElection.run(LeaderElection.java:130)
	at java.lang.Thread.run(Thread.java:748)
Caused by: org.apache.ratis.thirdparty.io.grpc.StatusRuntimeException: UNAVAILABLE: io exception
	at org.apache.ratis.thirdparty.io.grpc.stub.ClientCalls.toStatusRuntimeException(ClientCalls.java:233)
	at org.apache.ratis.thirdparty.io.grpc.stub.ClientCalls.getUnchecked(ClientCalls.java:214)
	at org.apache.ratis.thirdparty.io.grpc.stub.ClientCalls.blockingUnaryCall(ClientCalls.java:139)
	at org.apache.ratis.proto.grpc.RaftServerProtocolServiceGrpc$RaftServerProtocolServiceBlockingStub.requestVote(RaftServerProtocolServiceGrpc.java:265)
	at org.apache.ratis.grpc.server.GrpcServerProtocolClient.requestVote(GrpcServerProtocolClient.java:83)
	at org.apache.ratis.grpc.server.GrpcService.requestVote(GrpcService.java:195)
	at org.apache.ratis.server.impl.LeaderElection.lambda$submitRequests$1(LeaderElection.java:237)
	at java.util.concurrent.FutureTask.run(FutureTask.java:266)
	at java.util.concurrent.Executors$RunnableAdapter.call(Executors.java:511)
	at java.util.concurrent.FutureTask.run(FutureTask.java:266)
	at java.util.concurrent.ThreadPoolExecutor.runWorker(ThreadPoolExecutor.java:1149)
	at java.util.concurrent.ThreadPoolExecutor$Worker.run(ThreadPoolExecutor.java:624)
	... 1 more
Caused by: org.apache.ratis.thirdparty.io.netty.channel.AbstractChannel$AnnotatedConnectException: Connection refused: /192.168.69.84:41002
	at sun.nio.ch.SocketChannelImpl.checkConnect(Native Method)
	at sun.nio.ch.SocketChannelImpl.finishConnect(SocketChannelImpl.java:717)
	at org.apache.ratis.thirdparty.io.netty.channel.socket.nio.NioSocketChannel.doFinishConnect(NioSocketChannel.java:327)
	at org.apache.ratis.thirdparty.io.netty.channel.nio.AbstractNioChannel$AbstractNioUnsafe.finishConnect(AbstractNioChannel.java:340)
	at org.apache.ratis.thirdparty.io.netty.channel.nio.NioEventLoop.processSelectedKey(NioEventLoop.java:632)
	at org.apache.ratis.thirdparty.io.netty.channel.nio.NioEventLoop.processSelectedKeysOptimized(NioEventLoop.java:579)
	at org.apache.ratis.thirdparty.io.netty.channel.nio.NioEventLoop.processSelectedKeys(NioEventLoop.java:496)
	at org.apache.ratis.thirdparty.io.netty.channel.nio.NioEventLoop.run(NioEventLoop.java:458)
	at org.apache.ratis.thirdparty.io.netty.util.concurrent.SingleThreadEventExecutor$5.run(SingleThreadEventExecutor.java:897)
	at org.apache.ratis.thirdparty.io.netty.util.concurrent.FastThreadLocalRunnable.run(FastThreadLocalRunnable.java:30)
	... 1 more
Caused by: java.net.ConnectException: Connection refused
	... 11 more
2019-07-13 07:41:14,622 INFO  impl.LeaderElection (LeaderElection.java:logAndReturn(56)) - cf574be2-0862-442f-9bdc-d7a358afdd89:group-67BD07A3D150:LeaderElection92: Election REJECTED; received 0 response(s) [] and 2 exception(s); cf574be2-0862-442f-9bdc-d7a358afdd89:t2, leader=null, voted=cf574be2-0862-442f-9bdc-d7a358afdd89, raftlog=cf574be2-0862-442f-9bdc-d7a358afdd89-SegmentedRaftLog:OPENED:c33,f33,i33, conf=0: [cf574be2-0862-442f-9bdc-d7a358afdd89:192.168.69.84:36132, fed9b9f5-d86c-4039-a8d2-a5af12463bc9:192.168.69.84:32985, ffea1c0c-54d4-489a-91f1-ab213ff31fbd:192.168.69.84:41002], old=null
2019-07-13 07:41:14,622 INFO  impl.LeaderElection (LogUtils.java:infoOrTrace(149)) -   Exception 0: {}
java.util.concurrent.ExecutionException: org.apache.ratis.thirdparty.io.grpc.StatusRuntimeException: UNAVAILABLE: io exception
	at java.util.concurrent.FutureTask.report(FutureTask.java:122)
	at java.util.concurrent.FutureTask.get(FutureTask.java:192)
	at org.apache.ratis.server.impl.LeaderElection.waitForResults(LeaderElection.java:262)
	at org.apache.ratis.server.impl.LeaderElection.askForVotes(LeaderElection.java:200)
	at org.apache.ratis.server.impl.LeaderElection.run(LeaderElection.java:130)
	at java.lang.Thread.run(Thread.java:748)
Caused by: org.apache.ratis.thirdparty.io.grpc.StatusRuntimeException: UNAVAILABLE: io exception
	at org.apache.ratis.thirdparty.io.grpc.stub.ClientCalls.toStatusRuntimeException(ClientCalls.java:233)
	at org.apache.ratis.thirdparty.io.grpc.stub.ClientCalls.getUnchecked(ClientCalls.java:214)
	at org.apache.ratis.thirdparty.io.grpc.stub.ClientCalls.blockingUnaryCall(ClientCalls.java:139)
	at org.apache.ratis.proto.grpc.RaftServerProtocolServiceGrpc$RaftServerProtocolServiceBlockingStub.requestVote(RaftServerProtocolServiceGrpc.java:265)
	at org.apache.ratis.grpc.server.GrpcServerProtocolClient.requestVote(GrpcServerProtocolClient.java:83)
	at org.apache.ratis.grpc.server.GrpcService.requestVote(GrpcService.java:195)
	at org.apache.ratis.server.impl.LeaderElection.lambda$submitRequests$1(LeaderElection.java:237)
	at java.util.concurrent.FutureTask.run(FutureTask.java:266)
	at java.util.concurrent.Executors$RunnableAdapter.call(Executors.java:511)
	at java.util.concurrent.FutureTask.run(FutureTask.java:266)
	at java.util.concurrent.ThreadPoolExecutor.runWorker(ThreadPoolExecutor.java:1149)
	at java.util.concurrent.ThreadPoolExecutor$Worker.run(ThreadPoolExecutor.java:624)
	... 1 more
Caused by: org.apache.ratis.thirdparty.io.netty.channel.AbstractChannel$AnnotatedConnectException: Connection refused: /192.168.69.84:32985
	at sun.nio.ch.SocketChannelImpl.checkConnect(Native Method)
	at sun.nio.ch.SocketChannelImpl.finishConnect(SocketChannelImpl.java:717)
	at org.apache.ratis.thirdparty.io.netty.channel.socket.nio.NioSocketChannel.doFinishConnect(NioSocketChannel.java:327)
	at org.apache.ratis.thirdparty.io.netty.channel.nio.AbstractNioChannel$AbstractNioUnsafe.finishConnect(AbstractNioChannel.java:340)
	at org.apache.ratis.thirdparty.io.netty.channel.nio.NioEventLoop.processSelectedKey(NioEventLoop.java:632)
	at org.apache.ratis.thirdparty.io.netty.channel.nio.NioEventLoop.processSelectedKeysOptimized(NioEventLoop.java:579)
	at org.apache.ratis.thirdparty.io.netty.channel.nio.NioEventLoop.processSelectedKeys(NioEventLoop.java:496)
	at org.apache.ratis.thirdparty.io.netty.channel.nio.NioEventLoop.run(NioEventLoop.java:458)
	at org.apache.ratis.thirdparty.io.netty.util.concurrent.SingleThreadEventExecutor$5.run(SingleThreadEventExecutor.java:897)
	at org.apache.ratis.thirdparty.io.netty.util.concurrent.FastThreadLocalRunnable.run(FastThreadLocalRunnable.java:30)
	... 1 more
Caused by: java.net.ConnectException: Connection refused
	... 11 more
2019-07-13 07:41:14,623 INFO  impl.LeaderElection (LogUtils.java:infoOrTrace(149)) -   Exception 1: {}
java.util.concurrent.ExecutionException: org.apache.ratis.thirdparty.io.grpc.StatusRuntimeException: UNAVAILABLE: io exception
	at java.util.concurrent.FutureTask.report(FutureTask.java:122)
	at java.util.concurrent.FutureTask.get(FutureTask.java:192)
	at org.apache.ratis.server.impl.LeaderElection.waitForResults(LeaderElection.java:262)
	at org.apache.ratis.server.impl.LeaderElection.askForVotes(LeaderElection.java:200)
	at org.apache.ratis.server.impl.LeaderElection.run(LeaderElection.java:130)
	at java.lang.Thread.run(Thread.java:748)
Caused by: org.apache.ratis.thirdparty.io.grpc.StatusRuntimeException: UNAVAILABLE: io exception
	at org.apache.ratis.thirdparty.io.grpc.stub.ClientCalls.toStatusRuntimeException(ClientCalls.java:233)
	at org.apache.ratis.thirdparty.io.grpc.stub.ClientCalls.getUnchecked(ClientCalls.java:214)
	at org.apache.ratis.thirdparty.io.grpc.stub.ClientCalls.blockingUnaryCall(ClientCalls.java:139)
	at org.apache.ratis.proto.grpc.RaftServerProtocolServiceGrpc$RaftServerProtocolServiceBlockingStub.requestVote(RaftServerProtocolServiceGrpc.java:265)
	at org.apache.ratis.grpc.server.GrpcServerProtocolClient.requestVote(GrpcServerProtocolClient.java:83)
	at org.apache.ratis.grpc.server.GrpcService.requestVote(GrpcService.java:195)
	at org.apache.ratis.server.impl.LeaderElection.lambda$submitRequests$1(LeaderElection.java:237)
	at java.util.concurrent.FutureTask.run(FutureTask.java:266)
	at java.util.concurrent.Executors$RunnableAdapter.call(Executors.java:511)
	at java.util.concurrent.FutureTask.run(FutureTask.java:266)
	at java.util.concurrent.ThreadPoolExecutor.runWorker(ThreadPoolExecutor.java:1149)
	at java.util.concurrent.ThreadPoolExecutor$Worker.run(ThreadPoolExecutor.java:624)
	... 1 more
Caused by: org.apache.ratis.thirdparty.io.netty.channel.AbstractChannel$AnnotatedConnectException: Connection refused: /192.168.69.84:41002
	at sun.nio.ch.SocketChannelImpl.checkConnect(Native Method)
	at sun.nio.ch.SocketChannelImpl.finishConnect(SocketChannelImpl.java:717)
	at org.apache.ratis.thirdparty.io.netty.channel.socket.nio.NioSocketChannel.doFinishConnect(NioSocketChannel.java:327)
	at org.apache.ratis.thirdparty.io.netty.channel.nio.AbstractNioChannel$AbstractNioUnsafe.finishConnect(AbstractNioChannel.java:340)
	at org.apache.ratis.thirdparty.io.netty.channel.nio.NioEventLoop.processSelectedKey(NioEventLoop.java:632)
	at org.apache.ratis.thirdparty.io.netty.channel.nio.NioEventLoop.processSelectedKeysOptimized(NioEventLoop.java:579)
	at org.apache.ratis.thirdparty.io.netty.channel.nio.NioEventLoop.processSelectedKeys(NioEventLoop.java:496)
	at org.apache.ratis.thirdparty.io.netty.channel.nio.NioEventLoop.run(NioEventLoop.java:458)
	at org.apache.ratis.thirdparty.io.netty.util.concurrent.SingleThreadEventExecutor$5.run(SingleThreadEventExecutor.java:897)
	at org.apache.ratis.thirdparty.io.netty.util.concurrent.FastThreadLocalRunnable.run(FastThreadLocalRunnable.java:30)
	... 1 more
Caused by: java.net.ConnectException: Connection refused
	... 11 more
2019-07-13 07:41:14,623 INFO  impl.RaftServerImpl (RaftServerImpl.java:setRole(171)) - cf574be2-0862-442f-9bdc-d7a358afdd89:group-67BD07A3D150 changes role from CANDIDATE to FOLLOWER at term 2 for DISCOVERED_A_NEW_TERM
2019-07-13 07:41:14,623 INFO  impl.RoleInfo (RoleInfo.java:shutdownLeaderElection(134)) - cf574be2-0862-442f-9bdc-d7a358afdd89: shutdown LeaderElection
2019-07-13 07:41:14,623 INFO  impl.RoleInfo (RoleInfo.java:updateAndGet(143)) - cf574be2-0862-442f-9bdc-d7a358afdd89: start FollowerState
2019-07-13 07:41:14,833 WARN  server.GrpcLogAppender (LogUtils.java:warn(134)) - bf9b69e6-af40-4f2b-90c0-0d8e6346e31e->e95deabc-ba49-4e50-b9d3-1085dd1bb7a8: Failed appendEntries: org.apache.ratis.thirdparty.io.grpc.StatusRuntimeException: UNAVAILABLE: io exception
2019-07-13 07:41:14,834 INFO  impl.FollowerInfo (FollowerInfo.java:lambda$new$0(50)) - bf9b69e6-af40-4f2b-90c0-0d8e6346e31e->e95deabc-ba49-4e50-b9d3-1085dd1bb7a8: nextIndex: updateUnconditionally 0 -> 0
2019-07-13 07:41:14,835 WARN  server.GrpcLogAppender (LogUtils.java:warn(134)) - bf9b69e6-af40-4f2b-90c0-0d8e6346e31e->663ce06c-2b00-49a0-b86a-9b132b56b1c5: Failed appendEntries: org.apache.ratis.thirdparty.io.grpc.StatusRuntimeException: UNAVAILABLE: io exception
2019-07-13 07:41:14,836 INFO  impl.FollowerInfo (FollowerInfo.java:lambda$new$0(50)) - bf9b69e6-af40-4f2b-90c0-0d8e6346e31e->663ce06c-2b00-49a0-b86a-9b132b56b1c5: nextIndex: updateUnconditionally 0 -> 0
2019-07-13 07:41:17,334 WARN  server.GrpcLogAppender (LogUtils.java:warn(134)) - bf9b69e6-af40-4f2b-90c0-0d8e6346e31e->e95deabc-ba49-4e50-b9d3-1085dd1bb7a8: Failed appendEntries: org.apache.ratis.thirdparty.io.grpc.StatusRuntimeException: UNAVAILABLE: io exception
2019-07-13 07:41:17,335 INFO  impl.FollowerInfo (FollowerInfo.java:lambda$new$0(50)) - bf9b69e6-af40-4f2b-90c0-0d8e6346e31e->e95deabc-ba49-4e50-b9d3-1085dd1bb7a8: nextIndex: updateUnconditionally 0 -> 0
2019-07-13 07:41:17,336 WARN  server.GrpcLogAppender (LogUtils.java:warn(134)) - bf9b69e6-af40-4f2b-90c0-0d8e6346e31e->663ce06c-2b00-49a0-b86a-9b132b56b1c5: Failed appendEntries: org.apache.ratis.thirdparty.io.grpc.StatusRuntimeException: UNAVAILABLE: io exception
2019-07-13 07:41:17,336 INFO  impl.FollowerInfo (FollowerInfo.java:lambda$new$0(50)) - bf9b69e6-af40-4f2b-90c0-0d8e6346e31e->663ce06c-2b00-49a0-b86a-9b132b56b1c5: nextIndex: updateUnconditionally 0 -> 0
2019-07-13 07:41:17,563 INFO  node.StaleNodeHandler (StaleNodeHandler.java:onMessage(58)) - Datanode cf574be2-0862-442f-9bdc-d7a358afdd89{ip: 192.168.69.84, host: trunk-nightly-9lh4p-2362225927, networkLocation: /default-rack, certSerialId: null} moved to stale state. Finalizing its pipelines [PipelineID=7cd050a5-ec01-43f3-9fef-0c24527e4f73, PipelineID=1c0fcc1b-6434-4eff-b953-67bd07a3d150]
2019-07-13 07:41:17,564 INFO  pipeline.SCMPipelineManager (SCMPipelineManager.java:finalizeAndDestroyPipeline(309)) - destroying pipeline:Pipeline[ Id: 7cd050a5-ec01-43f3-9fef-0c24527e4f73, Nodes: cf574be2-0862-442f-9bdc-d7a358afdd89{ip: 192.168.69.84, host: trunk-nightly-9lh4p-2362225927, networkLocation: /default-rack, certSerialId: null}, Type:RATIS, Factor:ONE, State:OPEN]
2019-07-13 07:41:17,564 INFO  pipeline.PipelineStateManager (PipelineStateManager.java:finalizePipeline(123)) - Pipeline Pipeline[ Id: 7cd050a5-ec01-43f3-9fef-0c24527e4f73, Nodes: cf574be2-0862-442f-9bdc-d7a358afdd89{ip: 192.168.69.84, host: trunk-nightly-9lh4p-2362225927, networkLocation: /default-rack, certSerialId: null}, Type:RATIS, Factor:ONE, State:CLOSED] moved to CLOSED state
2019-07-13 07:41:17,564 INFO  pipeline.SCMPipelineManager (SCMPipelineManager.java:finalizeAndDestroyPipeline(309)) - destroying pipeline:Pipeline[ Id: 1c0fcc1b-6434-4eff-b953-67bd07a3d150, Nodes: cf574be2-0862-442f-9bdc-d7a358afdd89{ip: 192.168.69.84, host: trunk-nightly-9lh4p-2362225927, networkLocation: /default-rack, certSerialId: null}ffea1c0c-54d4-489a-91f1-ab213ff31fbd{ip: 192.168.69.84, host: trunk-nightly-9lh4p-2362225927, networkLocation: /default-rack, certSerialId: null}fed9b9f5-d86c-4039-a8d2-a5af12463bc9{ip: 192.168.69.84, host: trunk-nightly-9lh4p-2362225927, networkLocation: /default-rack, certSerialId: null}, Type:RATIS, Factor:THREE, State:CLOSED]
2019-07-13 07:41:17,864 INFO  node.StaleNodeHandler (StaleNodeHandler.java:onMessage(58)) - Datanode cd242b14-a3f7-42ff-8ebe-37f042826afa{ip: 192.168.69.84, host: trunk-nightly-9lh4p-2362225927, networkLocation: /default-rack, certSerialId: null} moved to stale state. Finalizing its pipelines [PipelineID=998619a7-f649-442d-b8b4-0ccd6fc143d9]
2019-07-13 07:41:17,864 INFO  pipeline.SCMPipelineManager (SCMPipelineManager.java:finalizeAndDestroyPipeline(309)) - destroying pipeline:Pipeline[ Id: 998619a7-f649-442d-b8b4-0ccd6fc143d9, Nodes: cd242b14-a3f7-42ff-8ebe-37f042826afa{ip: 192.168.69.84, host: trunk-nightly-9lh4p-2362225927, networkLocation: /default-rack, certSerialId: null}, Type:RATIS, Factor:ONE, State:OPEN]
2019-07-13 07:41:17,864 INFO  pipeline.PipelineStateManager (PipelineStateManager.java:finalizePipeline(123)) - Pipeline Pipeline[ Id: 998619a7-f649-442d-b8b4-0ccd6fc143d9, Nodes: cd242b14-a3f7-42ff-8ebe-37f042826afa{ip: 192.168.69.84, host: trunk-nightly-9lh4p-2362225927, networkLocation: /default-rack, certSerialId: null}, Type:RATIS, Factor:ONE, State:CLOSED] moved to CLOSED state
2019-07-13 07:41:17,991 INFO  ozoneimpl.OzoneContainer (OzoneContainer.java:stop(199)) - Attempting to stop container services.
2019-07-13 07:41:17,992 INFO  impl.RaftServerProxy (RaftServerProxy.java:lambda$close$4(314)) - cd242b14-a3f7-42ff-8ebe-37f042826afa: close
2019-07-13 07:41:17,993 INFO  impl.RaftServerImpl (RaftServerImpl.java:lambda$shutdown$3(245)) - cd242b14-a3f7-42ff-8ebe-37f042826afa: shutdown group-0CCD6FC143D9
2019-07-13 07:41:17,993 INFO  util.JmxRegister (JmxRegister.java:unregister(73)) - Successfully un-registered JMX Bean with object name Ratis:service=RaftServer,group=group-0CCD6FC143D9,id=cd242b14-a3f7-42ff-8ebe-37f042826afa
2019-07-13 07:41:17,994 INFO  impl.RoleInfo (RoleInfo.java:shutdownLeaderState(104)) - cd242b14-a3f7-42ff-8ebe-37f042826afa: shutdown LeaderState
2019-07-13 07:41:17,994 INFO  impl.PendingRequests (PendingRequests.java:sendNotLeaderResponses(202)) - cd242b14-a3f7-42ff-8ebe-37f042826afa-PendingRequests: sendNotLeaderResponses
2019-07-13 07:41:17,995 INFO  impl.StateMachineUpdater (StateMachineUpdater.java:stopAndJoin(115)) - StateMachineUpdater:cd242b14-a3f7-42ff-8ebe-37f042826afa:group-0CCD6FC143D9: set stopIndex = 0
2019-07-13 07:41:17,995 INFO  ratis.ContainerStateMachine (ContainerStateMachine.java:takeSnapshot(246)) - Taking snapshot at termIndex:(t:0, i:~)
2019-07-13 07:41:17,995 INFO  impl.RaftServerImpl (ServerState.java:close(394)) - cd242b14-a3f7-42ff-8ebe-37f042826afa:group-0CCD6FC143D9 closes. The last applied log index is 0
2019-07-13 07:41:17,996 INFO  segmented.SegmentedRaftLogWorker (SegmentedRaftLogWorker.java:run(313)) - cd242b14-a3f7-42ff-8ebe-37f042826afa-SegmentedRaftLogWorker:Storage Directory /tmp/workdir/hadoop-ozone/integration-test/target/test-dir/MiniOzoneClusterImpl-a9291cd5-20eb-4d49-8028-80e536ff47c2/datanode-6/data/ratis/998619a7-f649-442d-b8b4-0ccd6fc143d9 was interrupted, exiting. There are 0 tasks remaining in the queue.
2019-07-13 07:41:17,996 INFO  segmented.SegmentedRaftLogWorker (SegmentedRaftLogWorker.java:close(228)) - cd242b14-a3f7-42ff-8ebe-37f042826afa-SegmentedRaftLogWorker:Storage Directory /tmp/workdir/hadoop-ozone/integration-test/target/test-dir/MiniOzoneClusterImpl-a9291cd5-20eb-4d49-8028-80e536ff47c2/datanode-6/data/ratis/998619a7-f649-442d-b8b4-0ccd6fc143d9 close()
2019-07-13 07:41:17,999 INFO  server.GrpcService (GrpcService.java:closeImpl(155)) - cd242b14-a3f7-42ff-8ebe-37f042826afa: shutdown server with port 43774 now
2019-07-13 07:41:18,001 INFO  server.GrpcService (GrpcService.java:closeImpl(163)) - cd242b14-a3f7-42ff-8ebe-37f042826afa: shutdown server with port 43774 successfully
2019-07-13 07:41:18,003 INFO  utils.BackgroundService (BackgroundService.java:shutdown(148)) - Shutting down service BlockDeletingService
2019-07-13 07:41:18,005 INFO  ozoneimpl.OzoneContainer (OzoneContainer.java:stop(199)) - Attempting to stop container services.
2019-07-13 07:41:18,005 INFO  impl.RaftServerProxy (RaftServerProxy.java:lambda$close$4(314)) - cf574be2-0862-442f-9bdc-d7a358afdd89: close
2019-07-13 07:41:18,005 WARN  fs.CachingGetSpaceUsed (CachingGetSpaceUsed.java:run(183)) - Thread Interrupted waiting to refresh disk information: sleep interrupted
2019-07-13 07:41:18,006 INFO  impl.RaftServerImpl (RaftServerImpl.java:lambda$shutdown$3(245)) - cf574be2-0862-442f-9bdc-d7a358afdd89: shutdown group-0C24527E4F73
2019-07-13 07:41:18,006 INFO  util.JmxRegister (JmxRegister.java:unregister(73)) - Successfully un-registered JMX Bean with object name Ratis:service=RaftServer,group=group-0C24527E4F73,id=cf574be2-0862-442f-9bdc-d7a358afdd89
2019-07-13 07:41:18,006 INFO  impl.RoleInfo (RoleInfo.java:shutdownLeaderState(104)) - cf574be2-0862-442f-9bdc-d7a358afdd89: shutdown LeaderState
2019-07-13 07:41:18,007 INFO  impl.PendingRequests (PendingRequests.java:sendNotLeaderResponses(202)) - cf574be2-0862-442f-9bdc-d7a358afdd89-PendingRequests: sendNotLeaderResponses
2019-07-13 07:41:18,007 INFO  impl.StateMachineUpdater (StateMachineUpdater.java:stopAndJoin(115)) - StateMachineUpdater:cf574be2-0862-442f-9bdc-d7a358afdd89:group-0C24527E4F73: set stopIndex = 0
2019-07-13 07:41:18,007 INFO  ratis.ContainerStateMachine (ContainerStateMachine.java:takeSnapshot(246)) - Taking snapshot at termIndex:(t:0, i:~)
2019-07-13 07:41:18,008 INFO  impl.RaftServerImpl (ServerState.java:close(394)) - cf574be2-0862-442f-9bdc-d7a358afdd89:group-0C24527E4F73 closes. The last applied log index is 0
2019-07-13 07:41:18,008 INFO  segmented.SegmentedRaftLogWorker (SegmentedRaftLogWorker.java:run(313)) - cf574be2-0862-442f-9bdc-d7a358afdd89-SegmentedRaftLogWorker:Storage Directory /tmp/workdir/hadoop-ozone/integration-test/target/test-dir/MiniOzoneClusterImpl-a9291cd5-20eb-4d49-8028-80e536ff47c2/datanode-0/data/ratis/7cd050a5-ec01-43f3-9fef-0c24527e4f73 was interrupted, exiting. There are 0 tasks remaining in the queue.
2019-07-13 07:41:18,008 INFO  segmented.SegmentedRaftLogWorker (SegmentedRaftLogWorker.java:close(228)) - cf574be2-0862-442f-9bdc-d7a358afdd89-SegmentedRaftLogWorker:Storage Directory /tmp/workdir/hadoop-ozone/integration-test/target/test-dir/MiniOzoneClusterImpl-a9291cd5-20eb-4d49-8028-80e536ff47c2/datanode-0/data/ratis/7cd050a5-ec01-43f3-9fef-0c24527e4f73 close()
2019-07-13 07:41:18,010 INFO  impl.RaftServerImpl (RaftServerImpl.java:lambda$shutdown$3(245)) - cf574be2-0862-442f-9bdc-d7a358afdd89: shutdown group-67BD07A3D150
2019-07-13 07:41:18,010 INFO  util.JmxRegister (JmxRegister.java:unregister(73)) - Successfully un-registered JMX Bean with object name Ratis:service=RaftServer,group=group-67BD07A3D150,id=cf574be2-0862-442f-9bdc-d7a358afdd89
2019-07-13 07:41:18,010 INFO  impl.RoleInfo (RoleInfo.java:shutdownFollowerState(121)) - cf574be2-0862-442f-9bdc-d7a358afdd89: shutdown FollowerState
2019-07-13 07:41:18,011 INFO  impl.StateMachineUpdater (StateMachineUpdater.java:stopAndJoin(115)) - StateMachineUpdater:cf574be2-0862-442f-9bdc-d7a358afdd89:group-67BD07A3D150: set stopIndex = 33
2019-07-13 07:41:18,011 INFO  impl.FollowerState (FollowerState.java:run(114)) - cf574be2-0862-442f-9bdc-d7a358afdd89: FollowerState was interrupted: java.lang.InterruptedException: sleep interrupted
2019-07-13 07:41:18,011 INFO  ratis.ContainerStateMachine (ContainerStateMachine.java:takeSnapshot(246)) - Taking snapshot at termIndex:(t:1, i:31)
2019-07-13 07:41:18,012 INFO  ratis.ContainerStateMachine (ContainerStateMachine.java:takeSnapshot(250)) - Taking a snapshot to file /tmp/workdir/hadoop-ozone/integration-test/target/test-dir/MiniOzoneClusterImpl-a9291cd5-20eb-4d49-8028-80e536ff47c2/datanode-0/data/ratis/1c0fcc1b-6434-4eff-b953-67bd07a3d150/sm/snapshot.1_31
2019-07-13 07:41:18,013 INFO  impl.StateMachineUpdater (StateMachineUpdater.java:takeSnapshot(242)) - StateMachineUpdater:cf574be2-0862-442f-9bdc-d7a358afdd89:group-67BD07A3D150: Took a snapshot at index 31
2019-07-13 07:41:18,013 INFO  impl.StateMachineUpdater (StateMachineUpdater.java:lambda$new$0(80)) - StateMachineUpdater:cf574be2-0862-442f-9bdc-d7a358afdd89:group-67BD07A3D150: snapshotIndex: updateIncreasingly -1 -> 31
2019-07-13 07:41:18,013 INFO  impl.RaftServerImpl (ServerState.java:close(394)) - cf574be2-0862-442f-9bdc-d7a358afdd89:group-67BD07A3D150 closes. The last applied log index is 33
2019-07-13 07:41:18,013 INFO  segmented.SegmentedRaftLogWorker (SegmentedRaftLogWorker.java:run(313)) - cf574be2-0862-442f-9bdc-d7a358afdd89-SegmentedRaftLogWorker:Storage Directory /tmp/workdir/hadoop-ozone/integration-test/target/test-dir/MiniOzoneClusterImpl-a9291cd5-20eb-4d49-8028-80e536ff47c2/datanode-0/data/ratis/1c0fcc1b-6434-4eff-b953-67bd07a3d150 was interrupted, exiting. There are 0 tasks remaining in the queue.
2019-07-13 07:41:18,014 INFO  segmented.SegmentedRaftLogWorker (SegmentedRaftLogWorker.java:close(228)) - cf574be2-0862-442f-9bdc-d7a358afdd89-SegmentedRaftLogWorker:Storage Directory /tmp/workdir/hadoop-ozone/integration-test/target/test-dir/MiniOzoneClusterImpl-a9291cd5-20eb-4d49-8028-80e536ff47c2/datanode-0/data/ratis/1c0fcc1b-6434-4eff-b953-67bd07a3d150 close()
2019-07-13 07:41:18,015 INFO  server.GrpcService (GrpcService.java:closeImpl(155)) - cf574be2-0862-442f-9bdc-d7a358afdd89: shutdown server with port 36132 now
2019-07-13 07:41:18,015 INFO  server.GrpcService (GrpcService.java:closeImpl(163)) - cf574be2-0862-442f-9bdc-d7a358afdd89: shutdown server with port 36132 successfully
2019-07-13 07:41:18,016 INFO  utils.BackgroundService (BackgroundService.java:shutdown(148)) - Shutting down service BlockDeletingService
2019-07-13 07:41:18,018 WARN  fs.CachingGetSpaceUsed (CachingGetSpaceUsed.java:run(183)) - Thread Interrupted waiting to refresh disk information: sleep interrupted
2019-07-13 07:41:18,027 INFO  statemachine.DatanodeStateMachine (DatanodeStateMachine.java:stopDaemon(395)) - Ozone container server stopped.
2019-07-13 07:41:18,037 INFO  statemachine.DatanodeStateMachine (DatanodeStateMachine.java:stopDaemon(395)) - Ozone container server stopped.
2019-07-13 07:41:18,039 INFO  handler.ContextHandler (ContextHandler.java:doStop(910)) - Stopped o.e.j.w.WebAppContext@13b6f82d{/,null,UNAVAILABLE}{/hddsDatanode}
2019-07-13 07:41:18,039 INFO  handler.ContextHandler (ContextHandler.java:doStop(910)) - Stopped o.e.j.w.WebAppContext@546f0f36{/,null,UNAVAILABLE}{/hddsDatanode}
2019-07-13 07:41:18,040 INFO  server.AbstractConnector (AbstractConnector.java:doStop(318)) - Stopped ServerConnector@2f062dbc{HTTP/1.1,[http/1.1]}{0.0.0.0:0}
2019-07-13 07:41:18,040 INFO  server.AbstractConnector (AbstractConnector.java:doStop(318)) - Stopped ServerConnector@44d5a0a8{HTTP/1.1,[http/1.1]}{0.0.0.0:0}
2019-07-13 07:41:18,040 INFO  handler.ContextHandler (ContextHandler.java:doStop(910)) - Stopped o.e.j.s.ServletContextHandler@67387eba{/static,jar:file:/home/user/.m2/repository/org/apache/hadoop/hadoop-hdds-container-service/0.5.0-SNAPSHOT/hadoop-hdds-container-service-0.5.0-SNAPSHOT.jar!/webapps/static,UNAVAILABLE}
2019-07-13 07:41:18,042 INFO  handler.ContextHandler (ContextHandler.java:doStop(910)) - Stopped o.e.j.s.ServletContextHandler@37635407{/static,jar:file:/home/user/.m2/repository/org/apache/hadoop/hadoop-hdds-container-service/0.5.0-SNAPSHOT/hadoop-hdds-container-service-0.5.0-SNAPSHOT.jar!/webapps/static,UNAVAILABLE}
2019-07-13 07:41:18,042 INFO  handler.ContextHandler (ContextHandler.java:doStop(910)) - Stopped o.e.j.s.ServletContextHandler@113886b1{/logs,file:///tmp/workdir/hadoop-ozone/integration-test/target/log,UNAVAILABLE}
2019-07-13 07:41:18,043 INFO  handler.ContextHandler (ContextHandler.java:doStop(910)) - Stopped o.e.j.s.ServletContextHandler@173039b5{/logs,file:///tmp/workdir/hadoop-ozone/integration-test/target/log,UNAVAILABLE}
2019-07-13 07:41:18,044 INFO  datanode.ObjectStoreHandler (ObjectStoreHandler.java:close(155)) - Closing ObjectStoreHandler.
2019-07-13 07:41:18,044 INFO  ozone.HddsDatanodeService (HddsDatanodeService.java:stop(452)) - Stopped plug-in org.apache.hadoop.ozone.web.OzoneHddsDatanodeService@41019971
2019-07-13 07:41:18,510 INFO  statemachine.DatanodeStateMachine (DatanodeStateMachine.java:lambda$startDaemon$0(350)) - Ozone container server started.
2019-07-13 07:41:19,835 WARN  server.GrpcLogAppender (LogUtils.java:warn(134)) - bf9b69e6-af40-4f2b-90c0-0d8e6346e31e->e95deabc-ba49-4e50-b9d3-1085dd1bb7a8: Failed appendEntries: org.apache.ratis.thirdparty.io.grpc.StatusRuntimeException: UNAVAILABLE: io exception
2019-07-13 07:41:19,835 INFO  impl.FollowerInfo (FollowerInfo.java:lambda$new$0(50)) - bf9b69e6-af40-4f2b-90c0-0d8e6346e31e->e95deabc-ba49-4e50-b9d3-1085dd1bb7a8: nextIndex: updateUnconditionally 0 -> 0
2019-07-13 07:41:19,838 WARN  server.GrpcLogAppender (LogUtils.java:warn(134)) - bf9b69e6-af40-4f2b-90c0-0d8e6346e31e->663ce06c-2b00-49a0-b86a-9b132b56b1c5: Failed appendEntries: org.apache.ratis.thirdparty.io.grpc.StatusRuntimeException: UNAVAILABLE: io exception
2019-07-13 07:41:19,838 INFO  impl.FollowerInfo (FollowerInfo.java:lambda$new$0(50)) - bf9b69e6-af40-4f2b-90c0-0d8e6346e31e->663ce06c-2b00-49a0-b86a-9b132b56b1c5: nextIndex: updateUnconditionally 0 -> 0
2019-07-13 07:41:22,336 WARN  server.GrpcLogAppender (LogUtils.java:warn(134)) - bf9b69e6-af40-4f2b-90c0-0d8e6346e31e->e95deabc-ba49-4e50-b9d3-1085dd1bb7a8: Failed appendEntries: org.apache.ratis.thirdparty.io.grpc.StatusRuntimeException: UNAVAILABLE: io exception
2019-07-13 07:41:22,336 INFO  impl.FollowerInfo (FollowerInfo.java:lambda$new$0(50)) - bf9b69e6-af40-4f2b-90c0-0d8e6346e31e->e95deabc-ba49-4e50-b9d3-1085dd1bb7a8: nextIndex: updateUnconditionally 0 -> 0
2019-07-13 07:41:22,336 WARN  server.GrpcLogAppender (LogUtils.java:warn(134)) - bf9b69e6-af40-4f2b-90c0-0d8e6346e31e->663ce06c-2b00-49a0-b86a-9b132b56b1c5: Failed appendEntries: org.apache.ratis.thirdparty.io.grpc.StatusRuntimeException: UNAVAILABLE: io exception
2019-07-13 07:41:22,337 INFO  impl.FollowerInfo (FollowerInfo.java:lambda$new$0(50)) - bf9b69e6-af40-4f2b-90c0-0d8e6346e31e->663ce06c-2b00-49a0-b86a-9b132b56b1c5: nextIndex: updateUnconditionally 0 -> 0
2019-07-13 07:41:22,570 INFO  node.StaleNodeHandler (StaleNodeHandler.java:onMessage(58)) - Datanode bf9b69e6-af40-4f2b-90c0-0d8e6346e31e{ip: 192.168.69.84, host: trunk-nightly-9lh4p-2362225927, networkLocation: /default-rack, certSerialId: null} moved to stale state. Finalizing its pipelines [PipelineID=476607af-56a2-4546-a615-8b3b21335831, PipelineID=2d752485-5ea1-42f3-b518-f4f7e95c49dd]
2019-07-13 07:41:22,570 INFO  pipeline.SCMPipelineManager (SCMPipelineManager.java:finalizeAndDestroyPipeline(309)) - destroying pipeline:Pipeline[ Id: 476607af-56a2-4546-a615-8b3b21335831, Nodes: bf9b69e6-af40-4f2b-90c0-0d8e6346e31e{ip: 192.168.69.84, host: trunk-nightly-9lh4p-2362225927, networkLocation: /default-rack, certSerialId: null}, Type:RATIS, Factor:ONE, State:OPEN]
2019-07-13 07:41:22,570 INFO  pipeline.PipelineStateManager (PipelineStateManager.java:finalizePipeline(123)) - Pipeline Pipeline[ Id: 476607af-56a2-4546-a615-8b3b21335831, Nodes: bf9b69e6-af40-4f2b-90c0-0d8e6346e31e{ip: 192.168.69.84, host: trunk-nightly-9lh4p-2362225927, networkLocation: /default-rack, certSerialId: null}, Type:RATIS, Factor:ONE, State:CLOSED] moved to CLOSED state
2019-07-13 07:41:22,571 INFO  pipeline.SCMPipelineManager (SCMPipelineManager.java:finalizeAndDestroyPipeline(309)) - destroying pipeline:Pipeline[ Id: 2d752485-5ea1-42f3-b518-f4f7e95c49dd, Nodes: bf9b69e6-af40-4f2b-90c0-0d8e6346e31e{ip: 192.168.69.84, host: trunk-nightly-9lh4p-2362225927, networkLocation: /default-rack, certSerialId: null}663ce06c-2b00-49a0-b86a-9b132b56b1c5{ip: 192.168.69.84, host: trunk-nightly-9lh4p-2362225927, networkLocation: /default-rack, certSerialId: null}e95deabc-ba49-4e50-b9d3-1085dd1bb7a8{ip: 192.168.69.84, host: trunk-nightly-9lh4p-2362225927, networkLocation: /default-rack, certSerialId: null}, Type:RATIS, Factor:THREE, State:CLOSED]
2019-07-13 07:41:23,045 INFO  ozoneimpl.OzoneContainer (OzoneContainer.java:stop(199)) - Attempting to stop container services.
2019-07-13 07:41:23,045 INFO  impl.RaftServerProxy (RaftServerProxy.java:lambda$close$4(314)) - bf9b69e6-af40-4f2b-90c0-0d8e6346e31e: close
2019-07-13 07:41:23,046 INFO  impl.RaftServerImpl (RaftServerImpl.java:lambda$shutdown$3(245)) - bf9b69e6-af40-4f2b-90c0-0d8e6346e31e: shutdown group-8B3B21335831
2019-07-13 07:41:23,046 INFO  impl.RaftServerImpl (RaftServerImpl.java:lambda$shutdown$3(245)) - bf9b69e6-af40-4f2b-90c0-0d8e6346e31e: shutdown group-F4F7E95C49DD
2019-07-13 07:41:23,046 INFO  util.JmxRegister (JmxRegister.java:unregister(73)) - Successfully un-registered JMX Bean with object name Ratis:service=RaftServer,group=group-8B3B21335831,id=bf9b69e6-af40-4f2b-90c0-0d8e6346e31e
2019-07-13 07:41:23,047 INFO  util.JmxRegister (JmxRegister.java:unregister(73)) - Successfully un-registered JMX Bean with object name Ratis:service=RaftServer,group=group-F4F7E95C49DD,id=bf9b69e6-af40-4f2b-90c0-0d8e6346e31e
2019-07-13 07:41:23,047 INFO  impl.RoleInfo (RoleInfo.java:shutdownLeaderState(104)) - bf9b69e6-af40-4f2b-90c0-0d8e6346e31e: shutdown LeaderState
2019-07-13 07:41:23,047 INFO  impl.RoleInfo (RoleInfo.java:shutdownLeaderState(104)) - bf9b69e6-af40-4f2b-90c0-0d8e6346e31e: shutdown LeaderState
2019-07-13 07:41:23,048 INFO  impl.PendingRequests (PendingRequests.java:sendNotLeaderResponses(202)) - bf9b69e6-af40-4f2b-90c0-0d8e6346e31e-PendingRequests: sendNotLeaderResponses
2019-07-13 07:41:23,051 WARN  server.GrpcLogAppender (GrpcLogAppender.java:mayWait(143)) - GrpcLogAppender(bf9b69e6-af40-4f2b-90c0-0d8e6346e31e->e95deabc-ba49-4e50-b9d3-1085dd1bb7a8): Wait interrupted by java.lang.InterruptedException
2019-07-13 07:41:23,051 WARN  server.GrpcLogAppender (GrpcLogAppender.java:mayWait(143)) - GrpcLogAppender(bf9b69e6-af40-4f2b-90c0-0d8e6346e31e->663ce06c-2b00-49a0-b86a-9b132b56b1c5): Wait interrupted by java.lang.InterruptedException
2019-07-13 07:41:23,051 INFO  impl.PendingRequests (PendingRequests.java:sendNotLeaderResponses(202)) - bf9b69e6-af40-4f2b-90c0-0d8e6346e31e-PendingRequests: sendNotLeaderResponses
2019-07-13 07:41:23,051 INFO  ratis.ContainerStateMachine (ContainerStateMachine.java:takeSnapshot(246)) - Taking snapshot at termIndex:(t:0, i:~)
2019-07-13 07:41:23,051 INFO  impl.StateMachineUpdater (StateMachineUpdater.java:stopAndJoin(115)) - StateMachineUpdater:bf9b69e6-af40-4f2b-90c0-0d8e6346e31e:group-8B3B21335831: set stopIndex = 0
2019-07-13 07:41:23,052 INFO  impl.RaftServerImpl (ServerState.java:close(394)) - bf9b69e6-af40-4f2b-90c0-0d8e6346e31e:group-8B3B21335831 closes. The last applied log index is 0
2019-07-13 07:41:23,052 INFO  ratis.ContainerStateMachine (ContainerStateMachine.java:takeSnapshot(246)) - Taking snapshot at termIndex:(t:0, i:~)
2019-07-13 07:41:23,052 INFO  impl.StateMachineUpdater (StateMachineUpdater.java:stopAndJoin(115)) - StateMachineUpdater:bf9b69e6-af40-4f2b-90c0-0d8e6346e31e:group-F4F7E95C49DD: set stopIndex = 0
2019-07-13 07:41:23,053 INFO  impl.RaftServerImpl (ServerState.java:close(394)) - bf9b69e6-af40-4f2b-90c0-0d8e6346e31e:group-F4F7E95C49DD closes. The last applied log index is 0
2019-07-13 07:41:23,053 INFO  segmented.SegmentedRaftLogWorker (SegmentedRaftLogWorker.java:run(313)) - bf9b69e6-af40-4f2b-90c0-0d8e6346e31e-SegmentedRaftLogWorker:Storage Directory /tmp/workdir/hadoop-ozone/integration-test/target/test-dir/MiniOzoneClusterImpl-a9291cd5-20eb-4d49-8028-80e536ff47c2/datanode-5/data/ratis/476607af-56a2-4546-a615-8b3b21335831 was interrupted, exiting. There are 0 tasks remaining in the queue.
2019-07-13 07:41:23,053 INFO  segmented.SegmentedRaftLogWorker (SegmentedRaftLogWorker.java:run(313)) - bf9b69e6-af40-4f2b-90c0-0d8e6346e31e-SegmentedRaftLogWorker:Storage Directory /tmp/workdir/hadoop-ozone/integration-test/target/test-dir/MiniOzoneClusterImpl-a9291cd5-20eb-4d49-8028-80e536ff47c2/datanode-5/data/ratis/2d752485-5ea1-42f3-b518-f4f7e95c49dd was interrupted, exiting. There are 0 tasks remaining in the queue.
2019-07-13 07:41:23,054 INFO  segmented.SegmentedRaftLogWorker (SegmentedRaftLogWorker.java:close(228)) - bf9b69e6-af40-4f2b-90c0-0d8e6346e31e-SegmentedRaftLogWorker:Storage Directory /tmp/workdir/hadoop-ozone/integration-test/target/test-dir/MiniOzoneClusterImpl-a9291cd5-20eb-4d49-8028-80e536ff47c2/datanode-5/data/ratis/476607af-56a2-4546-a615-8b3b21335831 close()
2019-07-13 07:41:23,054 INFO  segmented.SegmentedRaftLogWorker (SegmentedRaftLogWorker.java:close(228)) - bf9b69e6-af40-4f2b-90c0-0d8e6346e31e-SegmentedRaftLogWorker:Storage Directory /tmp/workdir/hadoop-ozone/integration-test/target/test-dir/MiniOzoneClusterImpl-a9291cd5-20eb-4d49-8028-80e536ff47c2/datanode-5/data/ratis/2d752485-5ea1-42f3-b518-f4f7e95c49dd close()
2019-07-13 07:41:23,057 INFO  server.GrpcService (GrpcService.java:closeImpl(155)) - bf9b69e6-af40-4f2b-90c0-0d8e6346e31e: shutdown server with port 41973 now
2019-07-13 07:41:23,057 INFO  server.GrpcService (GrpcService.java:closeImpl(163)) - bf9b69e6-af40-4f2b-90c0-0d8e6346e31e: shutdown server with port 41973 successfully
2019-07-13 07:41:23,061 INFO  utils.BackgroundService (BackgroundService.java:shutdown(148)) - Shutting down service BlockDeletingService
2019-07-13 07:41:23,062 WARN  fs.CachingGetSpaceUsed (CachingGetSpaceUsed.java:run(183)) - Thread Interrupted waiting to refresh disk information: sleep interrupted
2019-07-13 07:41:23,080 INFO  statemachine.DatanodeStateMachine (DatanodeStateMachine.java:stopDaemon(395)) - Ozone container server stopped.
2019-07-13 07:41:23,091 INFO  handler.ContextHandler (ContextHandler.java:doStop(910)) - Stopped o.e.j.w.WebAppContext@5b84007e{/,null,UNAVAILABLE}{/hddsDatanode}
2019-07-13 07:41:23,092 INFO  server.AbstractConnector (AbstractConnector.java:doStop(318)) - Stopped ServerConnector@5961fad1{HTTP/1.1,[http/1.1]}{0.0.0.0:0}
2019-07-13 07:41:23,093 INFO  handler.ContextHandler (ContextHandler.java:doStop(910)) - Stopped o.e.j.s.ServletContextHandler@20bed60a{/static,jar:file:/home/user/.m2/repository/org/apache/hadoop/hadoop-hdds-container-service/0.5.0-SNAPSHOT/hadoop-hdds-container-service-0.5.0-SNAPSHOT.jar!/webapps/static,UNAVAILABLE}
2019-07-13 07:41:23,093 INFO  handler.ContextHandler (ContextHandler.java:doStop(910)) - Stopped o.e.j.s.ServletContextHandler@221ec884{/logs,file:///tmp/workdir/hadoop-ozone/integration-test/target/log,UNAVAILABLE}
2019-07-13 07:41:23,094 INFO  ozone.MiniOzoneClusterImpl (MiniOzoneClusterImpl.java:stop(353)) - Stopping the StorageContainerManager
2019-07-13 07:41:23,094 INFO  server.StorageContainerManager (StorageContainerManager.java:stop(796)) - Stopping Replication Manager Service.
2019-07-13 07:41:23,095 INFO  container.ReplicationManager (ReplicationManager.java:stop(187)) - Stopping Replication Monitor Thread.
2019-07-13 07:41:23,095 INFO  server.StorageContainerManager (StorageContainerManager.java:stop(803)) - Stopping Lease Manager of the command watchers
2019-07-13 07:41:23,095 INFO  server.StorageContainerManager (StorageContainerManager.java:stop(810)) - Stopping datanode service RPC server
2019-07-13 07:41:23,095 INFO  server.SCMDatanodeProtocolServer (SCMDatanodeProtocolServer.java:stop(375)) - Stopping the RPC server for DataNodes
2019-07-13 07:41:23,095 INFO  ipc.Server (Server.java:stop(3082)) - Stopping server on 40635
2019-07-13 07:41:23,097 INFO  ipc.Server (Server.java:run(1185)) - Stopping IPC Server listener on 40635
2019-07-13 07:41:23,097 INFO  ipc.Server (Server.java:run(1319)) - Stopping IPC Server Responder
2019-07-13 07:41:23,171 WARN  node.NodeStateManager (NodeStateManager.java:scheduleNextHealthCheck(631)) - Current Thread is interrupted, shutting down HB processing thread for Node Manager.
2019-07-13 07:41:23,171 INFO  server.StorageContainerManager (StorageContainerManager.java:stop(818)) - Stopping block service RPC server
2019-07-13 07:41:23,171 INFO  server.SCMBlockProtocolServer (SCMBlockProtocolServer.java:stop(148)) - Stopping the RPC server for Block Protocol
2019-07-13 07:41:23,171 INFO  ipc.Server (Server.java:stop(3082)) - Stopping server on 36202
2019-07-13 07:41:23,173 INFO  ipc.Server (Server.java:run(1185)) - Stopping IPC Server listener on 36202
2019-07-13 07:41:23,173 INFO  ipc.Server (Server.java:run(1319)) - Stopping IPC Server Responder
2019-07-13 07:41:23,173 INFO  server.StorageContainerManager (StorageContainerManager.java:stop(825)) - Stopping the StorageContainerLocationProtocol RPC server
2019-07-13 07:41:23,175 INFO  server.SCMClientProtocolServer (SCMClientProtocolServer.java:stop(157)) - Stopping the RPC server for Client Protocol
2019-07-13 07:41:23,175 INFO  ipc.Server (Server.java:stop(3082)) - Stopping server on 38204
2019-07-13 07:41:23,177 INFO  ipc.Server (Server.java:run(1185)) - Stopping IPC Server listener on 38204
2019-07-13 07:41:23,178 INFO  server.StorageContainerManager (StorageContainerManager.java:stop(832)) - Stopping Storage Container Manager HTTP server.
2019-07-13 07:41:23,179 INFO  ipc.Server (Server.java:run(1319)) - Stopping IPC Server Responder
2019-07-13 07:41:23,179 INFO  handler.ContextHandler (ContextHandler.java:doStop(910)) - Stopped o.e.j.w.WebAppContext@5aeaee3{/,null,UNAVAILABLE}{/scm}
2019-07-13 07:41:23,180 INFO  server.AbstractConnector (AbstractConnector.java:doStop(318)) - Stopped ServerConnector@53a20aab{HTTP/1.1,[http/1.1]}{0.0.0.0:0}
2019-07-13 07:41:23,181 INFO  handler.ContextHandler (ContextHandler.java:doStop(910)) - Stopped o.e.j.s.ServletContextHandler@b38dc7d{/static,file:///tmp/workdir/hadoop-ozone/integration-test/target/test-classes/webapps/static,UNAVAILABLE}
2019-07-13 07:41:23,181 INFO  handler.ContextHandler (ContextHandler.java:doStop(910)) - Stopped o.e.j.s.ServletContextHandler@55cd41f7{/logs,file:///tmp/workdir/hadoop-ozone/integration-test/target/log,UNAVAILABLE}
2019-07-13 07:41:23,182 INFO  server.StorageContainerManager (StorageContainerManager.java:stop(843)) - Stopping Block Manager Service.
2019-07-13 07:41:23,182 INFO  utils.BackgroundService (BackgroundService.java:shutdown(148)) - Shutting down service SCMBlockDeletingService
2019-07-13 07:41:23,183 INFO  utils.BackgroundService (BackgroundService.java:shutdown(148)) - Shutting down service SCMBlockDeletingService
2019-07-13 07:41:23,183 INFO  server.StorageContainerManager (StorageContainerManager.java:stop(865)) - Stopping SCM Event Queue.
2019-07-13 07:41:23,186 INFO  impl.MetricsSystemImpl (MetricsSystemImpl.java:stop(210)) - Stopping HddsDatanode metrics system...
2019-07-13 07:41:23,195 INFO  impl.MetricsSystemImpl (MetricsSystemImpl.java:stop(216)) - HddsDatanode metrics system stopped.
]]></system-out>
    <system-err><![CDATA[Jul 13, 2019 7:40:49 AM com.sun.jersey.server.impl.application.WebApplicationImpl _initiate
INFO: Initiating Jersey application, version 'Jersey: 1.19 02/11/2015 03:25 AM'
Jul 13, 2019 7:40:49 AM com.sun.jersey.server.impl.application.WebApplicationImpl _initiate
INFO: Initiating Jersey application, version 'Jersey: 1.19 02/11/2015 03:25 AM'
Jul 13, 2019 7:40:49 AM com.sun.jersey.server.impl.application.WebApplicationImpl _initiate
INFO: Initiating Jersey application, version 'Jersey: 1.19 02/11/2015 03:25 AM'
Jul 13, 2019 7:40:50 AM com.sun.jersey.server.impl.application.WebApplicationImpl _initiate
INFO: Initiating Jersey application, version 'Jersey: 1.19 02/11/2015 03:25 AM'
Jul 13, 2019 7:40:50 AM com.sun.jersey.server.impl.application.WebApplicationImpl _initiate
INFO: Initiating Jersey application, version 'Jersey: 1.19 02/11/2015 03:25 AM'
Jul 13, 2019 7:40:50 AM com.sun.jersey.server.impl.application.WebApplicationImpl _initiate
INFO: Initiating Jersey application, version 'Jersey: 1.19 02/11/2015 03:25 AM'
Jul 13, 2019 7:40:50 AM com.sun.jersey.server.impl.application.WebApplicationImpl _initiate
INFO: Initiating Jersey application, version 'Jersey: 1.19 02/11/2015 03:25 AM'
Jul 13, 2019 7:40:53 AM org.apache.ratis.thirdparty.io.grpc.internal.ManagedChannelOrphanWrapper$ManagedChannelReference cleanQueue
SEVERE: *~*~*~ Channel ManagedChannelImpl{logId=3239, target=192.168.69.84:36142} was not shutdown properly!!! ~*~*~*
    Make sure to call shutdown()/shutdownNow() and wait until awaitTermination() returns true.
java.lang.RuntimeException: ManagedChannel allocation site
	at org.apache.ratis.thirdparty.io.grpc.internal.ManagedChannelOrphanWrapper$ManagedChannelReference.<init>(ManagedChannelOrphanWrapper.java:103)
	at org.apache.ratis.thirdparty.io.grpc.internal.ManagedChannelOrphanWrapper.<init>(ManagedChannelOrphanWrapper.java:53)
	at org.apache.ratis.thirdparty.io.grpc.internal.ManagedChannelOrphanWrapper.<init>(ManagedChannelOrphanWrapper.java:44)
	at org.apache.ratis.thirdparty.io.grpc.internal.AbstractManagedChannelImplBuilder.build(AbstractManagedChannelImplBuilder.java:411)
	at org.apache.ratis.grpc.client.GrpcClientProtocolClient.<init>(GrpcClientProtocolClient.java:119)
	at org.apache.ratis.grpc.client.GrpcClientRpc.lambda$new$0(GrpcClientRpc.java:55)
	at org.apache.ratis.util.PeerProxyMap$PeerAndProxy.lambda$getProxy$0(PeerProxyMap.java:61)
	at org.apache.ratis.util.LifeCycle.startAndTransition(LifeCycle.java:202)
	at org.apache.ratis.util.PeerProxyMap$PeerAndProxy.getProxy(PeerProxyMap.java:60)
	at org.apache.ratis.util.PeerProxyMap.getProxy(PeerProxyMap.java:107)
	at org.apache.ratis.grpc.client.GrpcClientRpc.sendRequestAsync(GrpcClientRpc.java:66)
	at org.apache.ratis.client.impl.OrderedAsync.sendRequest(OrderedAsync.java:208)
	at org.apache.ratis.client.impl.OrderedAsync.sendRequestWithRetry(OrderedAsync.java:169)
	at org.apache.ratis.util.SlidingWindow$Client.sendOrDelayRequest(SlidingWindow.java:278)
	at org.apache.ratis.util.SlidingWindow$Client.retry(SlidingWindow.java:294)
	at org.apache.ratis.client.impl.OrderedAsync.lambda$scheduleWithTimeout$7(OrderedAsync.java:195)
	at org.apache.ratis.util.TimeoutScheduler.lambda$onTimeout$0(TimeoutScheduler.java:85)
	at org.apache.ratis.util.TimeoutScheduler.lambda$onTimeout$1(TimeoutScheduler.java:104)
	at org.apache.ratis.util.LogUtils.runAndLog(LogUtils.java:50)
	at org.apache.ratis.util.LogUtils$1.run(LogUtils.java:91)
	at java.util.concurrent.Executors$RunnableAdapter.call(Executors.java:511)
	at java.util.concurrent.FutureTask.run(FutureTask.java:266)
	at java.util.concurrent.ScheduledThreadPoolExecutor$ScheduledFutureTask.access$201(ScheduledThreadPoolExecutor.java:180)
	at java.util.concurrent.ScheduledThreadPoolExecutor$ScheduledFutureTask.run(ScheduledThreadPoolExecutor.java:293)
	at java.util.concurrent.ThreadPoolExecutor.runWorker(ThreadPoolExecutor.java:1149)
	at java.util.concurrent.ThreadPoolExecutor$Worker.run(ThreadPoolExecutor.java:624)
	at java.lang.Thread.run(Thread.java:748)

Jul 13, 2019 7:40:53 AM org.apache.ratis.thirdparty.io.grpc.internal.ManagedChannelOrphanWrapper$ManagedChannelReference cleanQueue
SEVERE: *~*~*~ Channel ManagedChannelImpl{logId=3244, target=192.168.69.84:41662} was not shutdown properly!!! ~*~*~*
    Make sure to call shutdown()/shutdownNow() and wait until awaitTermination() returns true.
java.lang.RuntimeException: ManagedChannel allocation site
	at org.apache.ratis.thirdparty.io.grpc.internal.ManagedChannelOrphanWrapper$ManagedChannelReference.<init>(ManagedChannelOrphanWrapper.java:103)
	at org.apache.ratis.thirdparty.io.grpc.internal.ManagedChannelOrphanWrapper.<init>(ManagedChannelOrphanWrapper.java:53)
	at org.apache.ratis.thirdparty.io.grpc.internal.ManagedChannelOrphanWrapper.<init>(ManagedChannelOrphanWrapper.java:44)
	at org.apache.ratis.thirdparty.io.grpc.internal.AbstractManagedChannelImplBuilder.build(AbstractManagedChannelImplBuilder.java:411)
	at org.apache.ratis.grpc.client.GrpcClientProtocolClient.<init>(GrpcClientProtocolClient.java:119)
	at org.apache.ratis.grpc.client.GrpcClientRpc.lambda$new$0(GrpcClientRpc.java:55)
	at org.apache.ratis.util.PeerProxyMap$PeerAndProxy.lambda$getProxy$0(PeerProxyMap.java:61)
	at org.apache.ratis.util.LifeCycle.startAndTransition(LifeCycle.java:202)
	at org.apache.ratis.util.PeerProxyMap$PeerAndProxy.getProxy(PeerProxyMap.java:60)
	at org.apache.ratis.util.PeerProxyMap.getProxy(PeerProxyMap.java:107)
	at org.apache.ratis.grpc.client.GrpcClientRpc.sendRequestAsync(GrpcClientRpc.java:66)
	at org.apache.ratis.client.impl.OrderedAsync.sendRequest(OrderedAsync.java:208)
	at org.apache.ratis.client.impl.OrderedAsync.sendRequestWithRetry(OrderedAsync.java:169)
	at org.apache.ratis.util.SlidingWindow$Client.sendOrDelayRequest(SlidingWindow.java:278)
	at org.apache.ratis.util.SlidingWindow$Client.submitNewRequest(SlidingWindow.java:257)
	at org.apache.ratis.client.impl.OrderedAsync.send(OrderedAsync.java:155)
	at org.apache.ratis.client.impl.RaftClientImpl.sendAsync(RaftClientImpl.java:145)
	at org.apache.ratis.client.impl.RaftClientImpl.sendAsync(RaftClientImpl.java:125)
	at org.apache.hadoop.hdds.scm.XceiverClientRatis.sendRequestAsync(XceiverClientRatis.java:224)
	at org.apache.hadoop.hdds.scm.XceiverClientRatis.sendCommandAsync(XceiverClientRatis.java:302)
	at org.apache.hadoop.hdds.scm.storage.ContainerProtocolCalls.writeChunkAsync(ContainerProtocolCalls.java:310)
	at org.apache.hadoop.hdds.scm.storage.BlockOutputStream.writeChunkToContainer(BlockOutputStream.java:610)
	at org.apache.hadoop.hdds.scm.storage.BlockOutputStream.writeChunk(BlockOutputStream.java:467)
	at org.apache.hadoop.hdds.scm.storage.BlockOutputStream.writeOnRetry(BlockOutputStream.java:293)
	at org.apache.hadoop.ozone.client.io.BlockOutputStreamEntry.writeOnRetry(BlockOutputStreamEntry.java:200)
	at org.apache.hadoop.ozone.client.io.KeyOutputStream.handleWrite(KeyOutputStream.java:209)
	at org.apache.hadoop.ozone.client.io.KeyOutputStream.handleRetry(KeyOutputStream.java:376)
	at org.apache.hadoop.ozone.client.io.KeyOutputStream.handleException(KeyOutputStream.java:325)
	at org.apache.hadoop.ozone.client.io.KeyOutputStream.handleFlushOrClose(KeyOutputStream.java:448)
	at org.apache.hadoop.ozone.client.io.KeyOutputStream.flush(KeyOutputStream.java:396)
	at org.apache.hadoop.ozone.client.io.OzoneOutputStream.flush(OzoneOutputStream.java:54)
	at org.apache.hadoop.ozone.client.rpc.TestBlockOutputStreamWithFailures.testFailureWithPrimeSizedData(TestBlockOutputStreamWithFailures.java:629)
	at sun.reflect.NativeMethodAccessorImpl.invoke0(Native Method)
	at sun.reflect.NativeMethodAccessorImpl.invoke(NativeMethodAccessorImpl.java:62)
	at sun.reflect.DelegatingMethodAccessorImpl.invoke(DelegatingMethodAccessorImpl.java:43)
	at java.lang.reflect.Method.invoke(Method.java:498)
	at org.junit.runners.model.FrameworkMethod$1.runReflectiveCall(FrameworkMethod.java:47)
	at org.junit.internal.runners.model.ReflectiveCallable.run(ReflectiveCallable.java:12)
	at org.junit.runners.model.FrameworkMethod.invokeExplosively(FrameworkMethod.java:44)
	at org.junit.internal.runners.statements.InvokeMethod.evaluate(InvokeMethod.java:17)
	at org.junit.internal.runners.statements.RunBefores.evaluate(RunBefores.java:26)
	at org.junit.internal.runners.statements.RunAfters.evaluate(RunAfters.java:27)
	at org.junit.runners.ParentRunner.runLeaf(ParentRunner.java:271)
	at org.junit.runners.BlockJUnit4ClassRunner.runChild(BlockJUnit4ClassRunner.java:70)
	at org.junit.runners.BlockJUnit4ClassRunner.runChild(BlockJUnit4ClassRunner.java:50)
	at org.junit.runners.ParentRunner$3.run(ParentRunner.java:238)
	at org.junit.runners.ParentRunner$1.schedule(ParentRunner.java:63)
	at org.junit.runners.ParentRunner.runChildren(ParentRunner.java:236)
	at org.junit.runners.ParentRunner.access$000(ParentRunner.java:53)
	at org.junit.runners.ParentRunner$2.evaluate(ParentRunner.java:229)
	at org.junit.runners.ParentRunner.run(ParentRunner.java:309)
	at org.apache.maven.surefire.junit4.JUnit4Provider.execute(JUnit4Provider.java:365)
	at org.apache.maven.surefire.junit4.JUnit4Provider.executeWithRerun(JUnit4Provider.java:273)
	at org.apache.maven.surefire.junit4.JUnit4Provider.executeTestSet(JUnit4Provider.java:238)
	at org.apache.maven.surefire.junit4.JUnit4Provider.invoke(JUnit4Provider.java:159)
	at org.apache.maven.surefire.booter.ForkedBooter.invokeProviderInSameClassLoader(ForkedBooter.java:384)
	at org.apache.maven.surefire.booter.ForkedBooter.runSuitesInProcess(ForkedBooter.java:345)
	at org.apache.maven.surefire.booter.ForkedBooter.execute(ForkedBooter.java:126)
	at org.apache.maven.surefire.booter.ForkedBooter.main(ForkedBooter.java:418)

]]></system-err>
  </testcase>
  <testcase name="testExceptionDuringClose" classname="org.apache.hadoop.ozone.client.rpc.TestBlockOutputStreamWithFailures" time="35.035">
    <error type="java.lang.IllegalArgumentException">java.lang.IllegalArgumentException
	at com.google.common.base.Preconditions.checkArgument(Preconditions.java:72)
	at org.apache.hadoop.hdds.scm.XceiverClientManager.acquireClient(XceiverClientManager.java:150)
	at org.apache.hadoop.hdds.scm.XceiverClientManager.acquireClientForReadData(XceiverClientManager.java:143)
	at org.apache.hadoop.hdds.scm.storage.BlockInputStream.getChunkInfos(BlockInputStream.java:154)
	at org.apache.hadoop.hdds.scm.storage.BlockInputStream.initialize(BlockInputStream.java:118)
	at org.apache.hadoop.hdds.scm.storage.BlockInputStream.read(BlockInputStream.java:222)
	at org.apache.hadoop.ozone.client.io.KeyInputStream.read(KeyInputStream.java:171)
	at org.apache.hadoop.ozone.client.io.OzoneInputStream.read(OzoneInputStream.java:47)
	at java.io.InputStream.read(InputStream.java:101)
	at org.apache.hadoop.ozone.container.ContainerTestHelper.validateData(ContainerTestHelper.java:709)
	at org.apache.hadoop.ozone.client.rpc.TestBlockOutputStreamWithFailures.validateData(TestBlockOutputStreamWithFailures.java:1212)
	at org.apache.hadoop.ozone.client.rpc.TestBlockOutputStreamWithFailures.testExceptionDuringClose(TestBlockOutputStreamWithFailures.java:773)
	at sun.reflect.NativeMethodAccessorImpl.invoke0(Native Method)
	at sun.reflect.NativeMethodAccessorImpl.invoke(NativeMethodAccessorImpl.java:62)
	at sun.reflect.DelegatingMethodAccessorImpl.invoke(DelegatingMethodAccessorImpl.java:43)
	at java.lang.reflect.Method.invoke(Method.java:498)
	at org.junit.runners.model.FrameworkMethod$1.runReflectiveCall(FrameworkMethod.java:47)
	at org.junit.internal.runners.model.ReflectiveCallable.run(ReflectiveCallable.java:12)
	at org.junit.runners.model.FrameworkMethod.invokeExplosively(FrameworkMethod.java:44)
	at org.junit.internal.runners.statements.InvokeMethod.evaluate(InvokeMethod.java:17)
	at org.junit.internal.runners.statements.RunBefores.evaluate(RunBefores.java:26)
	at org.junit.internal.runners.statements.RunAfters.evaluate(RunAfters.java:27)
	at org.junit.runners.ParentRunner.runLeaf(ParentRunner.java:271)
	at org.junit.runners.BlockJUnit4ClassRunner.runChild(BlockJUnit4ClassRunner.java:70)
	at org.junit.runners.BlockJUnit4ClassRunner.runChild(BlockJUnit4ClassRunner.java:50)
	at org.junit.runners.ParentRunner$3.run(ParentRunner.java:238)
	at org.junit.runners.ParentRunner$1.schedule(ParentRunner.java:63)
	at org.junit.runners.ParentRunner.runChildren(ParentRunner.java:236)
	at org.junit.runners.ParentRunner.access$000(ParentRunner.java:53)
	at org.junit.runners.ParentRunner$2.evaluate(ParentRunner.java:229)
	at org.junit.runners.ParentRunner.run(ParentRunner.java:309)
	at org.apache.maven.surefire.junit4.JUnit4Provider.execute(JUnit4Provider.java:365)
	at org.apache.maven.surefire.junit4.JUnit4Provider.executeWithRerun(JUnit4Provider.java:273)
	at org.apache.maven.surefire.junit4.JUnit4Provider.executeTestSet(JUnit4Provider.java:238)
	at org.apache.maven.surefire.junit4.JUnit4Provider.invoke(JUnit4Provider.java:159)
	at org.apache.maven.surefire.booter.ForkedBooter.invokeProviderInSameClassLoader(ForkedBooter.java:384)
	at org.apache.maven.surefire.booter.ForkedBooter.runSuitesInProcess(ForkedBooter.java:345)
	at org.apache.maven.surefire.booter.ForkedBooter.execute(ForkedBooter.java:126)
	at org.apache.maven.surefire.booter.ForkedBooter.main(ForkedBooter.java:418)
</error>
    <system-out><![CDATA[2019-07-13 07:41:23,249 WARN  server.ServerUtils (ServerUtils.java:getScmDbDir(145)) - ozone.scm.db.dirs is not configured. We recommend adding this setting. Falling back to ozone.metadata.dirs instead.
2019-07-13 07:41:23,289 WARN  server.ServerUtils (ServerUtils.java:getScmDbDir(145)) - ozone.scm.db.dirs is not configured. We recommend adding this setting. Falling back to ozone.metadata.dirs instead.
2019-07-13 07:41:23,289 WARN  server.ServerUtils (ServerUtils.java:getScmDbDir(145)) - ozone.scm.db.dirs is not configured. We recommend adding this setting. Falling back to ozone.metadata.dirs instead.
2019-07-13 07:41:23,290 INFO  db.DBStoreBuilder (DBStoreBuilder.java:addTable(110)) - using custom profile for table: deletedBlocks
2019-07-13 07:41:23,290 INFO  db.DBStoreBuilder (DBStoreBuilder.java:processTables(161)) - Using default column profile:DBProfile.DISK for Table:deletedBlocks
2019-07-13 07:41:23,290 INFO  db.DBStoreBuilder (DBStoreBuilder.java:addTable(110)) - using custom profile for table: validCerts
2019-07-13 07:41:23,291 INFO  db.DBStoreBuilder (DBStoreBuilder.java:processTables(161)) - Using default column profile:DBProfile.DISK for Table:validCerts
2019-07-13 07:41:23,291 INFO  db.DBStoreBuilder (DBStoreBuilder.java:addTable(110)) - using custom profile for table: revokedCerts
2019-07-13 07:41:23,291 INFO  db.DBStoreBuilder (DBStoreBuilder.java:processTables(161)) - Using default column profile:DBProfile.DISK for Table:revokedCerts
2019-07-13 07:41:23,292 INFO  db.DBStoreBuilder (DBStoreBuilder.java:addTable(110)) - using custom profile for table: default
2019-07-13 07:41:23,292 INFO  db.DBStoreBuilder (DBStoreBuilder.java:processTables(167)) - Using default column profile:DBProfile.DISK for Table:default
2019-07-13 07:41:23,292 INFO  db.DBStoreBuilder (DBStoreBuilder.java:getDbProfile(198)) - Using default options. DBProfile.DISK
2019-07-13 07:41:23,438 INFO  net.NodeSchemaLoader (NodeSchemaLoader.java:loadSchemaFromFile(125)) - Loading file from sun.misc.CompoundEnumeration@42017162
2019-07-13 07:41:23,438 INFO  net.NodeSchemaLoader (NodeSchemaLoader.java:loadSchema(171)) - Loading network topology layer schema file
2019-07-13 07:41:23,443 INFO  node.SCMNodeManager (SCMNodeManager.java:<init>(119)) - Entering startup safe mode.
2019-07-13 07:41:23,443 WARN  server.ServerUtils (ServerUtils.java:getScmDbDir(145)) - ozone.scm.db.dirs is not configured. We recommend adding this setting. Falling back to ozone.metadata.dirs instead.
2019-07-13 07:41:23,473 INFO  pipeline.SCMPipelineManager (SCMPipelineManager.java:initializePipelineState(126)) - No pipeline exists in current db
2019-07-13 07:41:23,474 WARN  server.ServerUtils (ServerUtils.java:getScmDbDir(145)) - ozone.scm.db.dirs is not configured. We recommend adding this setting. Falling back to ozone.metadata.dirs instead.
2019-07-13 07:41:23,587 WARN  events.EventQueue (EventQueue.java:fireEvent(175)) - No event handler registered for event TypedEvent{payloadType=SafeModeStatus, name='SafeModeStatus'}
2019-07-13 07:41:23,588 INFO  ipc.CallQueueManager (CallQueueManager.java:<init>(84)) - Using callQueue: class java.util.concurrent.LinkedBlockingQueue, queueCapacity: 2000, scheduler: class org.apache.hadoop.ipc.DefaultRpcScheduler, ipcBackoff: false.
2019-07-13 07:41:23,589 INFO  ipc.Server (Server.java:run(1074)) - Starting Socket Reader #1 for port 44721
2019-07-13 07:41:23,591 INFO  ipc.CallQueueManager (CallQueueManager.java:<init>(84)) - Using callQueue: class java.util.concurrent.LinkedBlockingQueue, queueCapacity: 2000, scheduler: class org.apache.hadoop.ipc.DefaultRpcScheduler, ipcBackoff: false.
2019-07-13 07:41:23,592 INFO  ipc.Server (Server.java:run(1074)) - Starting Socket Reader #1 for port 33144
2019-07-13 07:41:23,596 INFO  ipc.CallQueueManager (CallQueueManager.java:<init>(84)) - Using callQueue: class java.util.concurrent.LinkedBlockingQueue, queueCapacity: 2000, scheduler: class org.apache.hadoop.ipc.DefaultRpcScheduler, ipcBackoff: false.
2019-07-13 07:41:23,596 INFO  ipc.Server (Server.java:run(1074)) - Starting Socket Reader #1 for port 38468
2019-07-13 07:41:23,600 INFO  hdfs.DFSUtil (DFSUtil.java:httpServerTemplateForNNAndJN(1641)) - Starting Web-server for scm at: http://0.0.0.0:0
2019-07-13 07:41:23,602 INFO  server.AuthenticationFilter (AuthenticationFilter.java:constructSecretProvider(240)) - Unable to initialize FileSignerSecretProvider, falling back to use random secrets.
2019-07-13 07:41:23,602 WARN  http.HttpRequestLog (HttpRequestLog.java:getRequestLog(97)) - Jetty request log can only be enabled using Log4j
2019-07-13 07:41:23,605 INFO  http.HttpServer2 (HttpServer2.java:addGlobalFilter(975)) - Added global filter 'safety' (class=org.apache.hadoop.http.HttpServer2$QuotingInputFilter)
2019-07-13 07:41:23,605 INFO  http.HttpServer2 (HttpServer2.java:addFilter(948)) - Added filter static_user_filter (class=org.apache.hadoop.http.lib.StaticUserWebFilter$StaticUserFilter) to context scm
2019-07-13 07:41:23,605 INFO  http.HttpServer2 (HttpServer2.java:addFilter(958)) - Added filter static_user_filter (class=org.apache.hadoop.http.lib.StaticUserWebFilter$StaticUserFilter) to context static
2019-07-13 07:41:23,606 INFO  http.HttpServer2 (HttpServer2.java:addFilter(958)) - Added filter static_user_filter (class=org.apache.hadoop.http.lib.StaticUserWebFilter$StaticUserFilter) to context logs
2019-07-13 07:41:23,607 INFO  server.StorageContainerManager (StorageContainerManager.java:start(759)) - StorageContainerLocationProtocol RPC server is listening at /0.0.0.0:38468
2019-07-13 07:41:23,609 WARN  impl.MetricsConfig (MetricsConfig.java:loadFirst(134)) - Cannot locate configuration: tried hadoop-metrics2-storagecontainermanager.properties,hadoop-metrics2.properties
2019-07-13 07:41:23,610 INFO  impl.MetricsSystemImpl (MetricsSystemImpl.java:startTimer(374)) - Scheduled Metric snapshot period at 10 second(s).
2019-07-13 07:41:23,610 INFO  impl.MetricsSystemImpl (MetricsSystemImpl.java:start(191)) - StorageContainerManager metrics system started
2019-07-13 07:41:23,665 INFO  server.SCMClientProtocolServer (SCMClientProtocolServer.java:start(149)) - RPC server for Client  is listening at /0.0.0.0:38468
2019-07-13 07:41:23,665 INFO  ipc.Server (Server.java:run(1314)) - IPC Server Responder: starting
2019-07-13 07:41:23,665 INFO  ipc.Server (Server.java:run(1153)) - IPC Server listener on 38468: starting
2019-07-13 07:41:23,669 INFO  server.StorageContainerManager (StorageContainerManager.java:start(768)) - ScmBlockLocationProtocol RPC server is listening at /0.0.0.0:33144
2019-07-13 07:41:23,669 INFO  server.SCMBlockProtocolServer (SCMBlockProtocolServer.java:start(140)) - RPC server for Block Protocol is listening at /0.0.0.0:33144
2019-07-13 07:41:23,670 INFO  ipc.Server (Server.java:run(1314)) - IPC Server Responder: starting
2019-07-13 07:41:23,670 INFO  ipc.Server (Server.java:run(1153)) - IPC Server listener on 33144: starting
2019-07-13 07:41:23,674 INFO  server.StorageContainerManager (StorageContainerManager.java:start(772)) - ScmDatanodeProtocl RPC server is listening at /0.0.0.0:44721
2019-07-13 07:41:23,674 INFO  server.SCMDatanodeProtocolServer (SCMDatanodeProtocolServer.java:start(191)) - RPC server for DataNodes is listening at /0.0.0.0:44721
2019-07-13 07:41:23,674 INFO  ipc.Server (Server.java:run(1314)) - IPC Server Responder: starting
2019-07-13 07:41:23,674 INFO  ipc.Server (Server.java:run(1153)) - IPC Server listener on 44721: starting
2019-07-13 07:41:23,678 INFO  http.HttpServer2 (HttpServer2.java:bindListener(1191)) - Jetty bound to port 45964
2019-07-13 07:41:23,678 INFO  server.Server (Server.java:doStart(351)) - jetty-9.3.24.v20180605, build timestamp: 2018-06-05T17:11:56Z, git hash: 84205aa28f11a4f31f2a3b86d1bba2cc8ab69827
2019-07-13 07:41:23,680 INFO  handler.ContextHandler (ContextHandler.java:doStart(781)) - Started o.e.j.s.ServletContextHandler@6e8e1a98{/logs,file:///tmp/workdir/hadoop-ozone/integration-test/target/log,AVAILABLE}
2019-07-13 07:41:23,680 INFO  handler.ContextHandler (ContextHandler.java:doStart(781)) - Started o.e.j.s.ServletContextHandler@65e503a7{/static,file:///tmp/workdir/hadoop-ozone/integration-test/target/test-classes/webapps/static,AVAILABLE}
2019-07-13 07:41:23,684 INFO  handler.ContextHandler (ContextHandler.java:doStart(781)) - Started o.e.j.w.WebAppContext@84f0686{/,file:///tmp/workdir/hadoop-ozone/integration-test/target/test-classes/webapps/scm/,AVAILABLE}{/scm}
2019-07-13 07:41:23,684 INFO  server.AbstractConnector (AbstractConnector.java:doStart(278)) - Started ServerConnector@7b6846c6{HTTP/1.1,[http/1.1]}{0.0.0.0:45964}
2019-07-13 07:41:23,687 INFO  server.Server (Server.java:doStart(419)) - Started @707228ms
2019-07-13 07:41:23,688 INFO  server.BaseHttpServer (BaseHttpServer.java:updateConnectorAddress(207)) - HTTP server of SCM is listening at http://0.0.0.0:45964
2019-07-13 07:41:23,688 WARN  server.ServerUtils (ServerUtils.java:getDBPath(222)) - ozone.om.db.dirs is not configured. We recommend adding this setting. Falling back to ozone.metadata.dirs instead.
2019-07-13 07:41:23,689 INFO  util.JvmPauseMonitor (JvmPauseMonitor.java:run(188)) - Starting JVM pause monitor
2019-07-13 07:41:23,703 WARN  server.ServerUtils (ServerUtils.java:getDBPath(222)) - ozone.om.db.dirs is not configured. We recommend adding this setting. Falling back to ozone.metadata.dirs instead.
2019-07-13 07:41:23,703 INFO  om.OzoneManager (OzoneManager.java:setOMNodeDetails(630)) - OM Service ID is not set. Setting it to the default ID: omServiceIdDefault
2019-07-13 07:41:23,703 INFO  om.OzoneManager (OzoneManager.java:setOMNodeDetails(636)) - OM Node ID is not set. Setting it to the OmStorage's OmID: 6a8e756a-448b-4bbd-9fc5-7fdc082f31e8
2019-07-13 07:41:23,704 INFO  om.OzoneManager (OzoneManager.java:loadOMHAConfigs(587)) - Found matching OM address with OMServiceId: null, OMNodeId: null, RPC Address: localhost:0 and Ratis port: 9872
2019-07-13 07:41:23,711 WARN  server.ServerUtils (ServerUtils.java:getDBPath(222)) - ozone.om.db.dirs is not configured. We recommend adding this setting. Falling back to ozone.metadata.dirs instead.
2019-07-13 07:41:23,711 INFO  db.DBStoreBuilder (DBStoreBuilder.java:addTable(110)) - using custom profile for table: userTable
2019-07-13 07:41:23,712 INFO  db.DBStoreBuilder (DBStoreBuilder.java:processTables(161)) - Using default column profile:DBProfile.DISK for Table:userTable
2019-07-13 07:41:23,712 INFO  db.DBStoreBuilder (DBStoreBuilder.java:addTable(110)) - using custom profile for table: volumeTable
2019-07-13 07:41:23,712 INFO  db.DBStoreBuilder (DBStoreBuilder.java:processTables(161)) - Using default column profile:DBProfile.DISK for Table:volumeTable
2019-07-13 07:41:23,712 INFO  db.DBStoreBuilder (DBStoreBuilder.java:addTable(110)) - using custom profile for table: bucketTable
2019-07-13 07:41:23,712 INFO  db.DBStoreBuilder (DBStoreBuilder.java:processTables(161)) - Using default column profile:DBProfile.DISK for Table:bucketTable
2019-07-13 07:41:23,713 INFO  db.DBStoreBuilder (DBStoreBuilder.java:addTable(110)) - using custom profile for table: keyTable
2019-07-13 07:41:23,713 INFO  db.DBStoreBuilder (DBStoreBuilder.java:processTables(161)) - Using default column profile:DBProfile.DISK for Table:keyTable
2019-07-13 07:41:23,713 INFO  db.DBStoreBuilder (DBStoreBuilder.java:addTable(110)) - using custom profile for table: deletedTable
2019-07-13 07:41:23,713 INFO  db.DBStoreBuilder (DBStoreBuilder.java:processTables(161)) - Using default column profile:DBProfile.DISK for Table:deletedTable
2019-07-13 07:41:23,713 INFO  db.DBStoreBuilder (DBStoreBuilder.java:addTable(110)) - using custom profile for table: openKeyTable
2019-07-13 07:41:23,714 INFO  db.DBStoreBuilder (DBStoreBuilder.java:processTables(161)) - Using default column profile:DBProfile.DISK for Table:openKeyTable
2019-07-13 07:41:23,714 INFO  db.DBStoreBuilder (DBStoreBuilder.java:addTable(110)) - using custom profile for table: s3Table
2019-07-13 07:41:23,714 INFO  db.DBStoreBuilder (DBStoreBuilder.java:processTables(161)) - Using default column profile:DBProfile.DISK for Table:s3Table
2019-07-13 07:41:23,714 INFO  db.DBStoreBuilder (DBStoreBuilder.java:addTable(110)) - using custom profile for table: multipartInfoTable
2019-07-13 07:41:23,714 INFO  db.DBStoreBuilder (DBStoreBuilder.java:processTables(161)) - Using default column profile:DBProfile.DISK for Table:multipartInfoTable
2019-07-13 07:41:23,715 INFO  db.DBStoreBuilder (DBStoreBuilder.java:addTable(110)) - using custom profile for table: dTokenTable
2019-07-13 07:41:23,715 INFO  db.DBStoreBuilder (DBStoreBuilder.java:processTables(161)) - Using default column profile:DBProfile.DISK for Table:dTokenTable
2019-07-13 07:41:23,715 INFO  db.DBStoreBuilder (DBStoreBuilder.java:addTable(110)) - using custom profile for table: s3SecretTable
2019-07-13 07:41:23,715 INFO  db.DBStoreBuilder (DBStoreBuilder.java:processTables(161)) - Using default column profile:DBProfile.DISK for Table:s3SecretTable
2019-07-13 07:41:23,715 INFO  db.DBStoreBuilder (DBStoreBuilder.java:addTable(110)) - using custom profile for table: prefixTable
2019-07-13 07:41:23,716 INFO  db.DBStoreBuilder (DBStoreBuilder.java:processTables(161)) - Using default column profile:DBProfile.DISK for Table:prefixTable
2019-07-13 07:41:23,716 INFO  db.DBStoreBuilder (DBStoreBuilder.java:addTable(110)) - using custom profile for table: default
2019-07-13 07:41:23,716 INFO  db.DBStoreBuilder (DBStoreBuilder.java:processTables(167)) - Using default column profile:DBProfile.DISK for Table:default
2019-07-13 07:41:23,716 INFO  db.DBStoreBuilder (DBStoreBuilder.java:getDbProfile(198)) - Using default options. DBProfile.DISK
2019-07-13 07:41:24,520 INFO  ipc.CallQueueManager (CallQueueManager.java:<init>(84)) - Using callQueue: class java.util.concurrent.LinkedBlockingQueue, queueCapacity: 2000, scheduler: class org.apache.hadoop.ipc.DefaultRpcScheduler, ipcBackoff: false.
2019-07-13 07:41:24,521 INFO  ipc.Server (Server.java:run(1074)) - Starting Socket Reader #1 for port 38093
2019-07-13 07:41:24,535 WARN  server.ServerUtils (ServerUtils.java:getDBPath(222)) - ozone.om.db.dirs is not configured. We recommend adding this setting. Falling back to ozone.metadata.dirs instead.
2019-07-13 07:41:24,536 INFO  om.OzoneManager (OzoneManager.java:start(1228)) - OzoneManager RPC server is listening at localhost/127.0.0.1:38093
2019-07-13 07:41:24,536 INFO  impl.MetricsSystemImpl (MetricsSystemImpl.java:init(158)) - OzoneManager metrics system started (again)
2019-07-13 07:41:24,537 INFO  ipc.Server (Server.java:run(1314)) - IPC Server Responder: starting
2019-07-13 07:41:24,537 INFO  ipc.Server (Server.java:run(1153)) - IPC Server listener on 38093: starting
2019-07-13 07:41:24,547 INFO  hdfs.DFSUtil (DFSUtil.java:httpServerTemplateForNNAndJN(1641)) - Starting Web-server for ozoneManager at: http://0.0.0.0:0
2019-07-13 07:41:24,548 INFO  server.AuthenticationFilter (AuthenticationFilter.java:constructSecretProvider(240)) - Unable to initialize FileSignerSecretProvider, falling back to use random secrets.
2019-07-13 07:41:24,549 WARN  http.HttpRequestLog (HttpRequestLog.java:getRequestLog(97)) - Jetty request log can only be enabled using Log4j
2019-07-13 07:41:24,550 INFO  http.HttpServer2 (HttpServer2.java:addGlobalFilter(975)) - Added global filter 'safety' (class=org.apache.hadoop.http.HttpServer2$QuotingInputFilter)
2019-07-13 07:41:24,551 INFO  http.HttpServer2 (HttpServer2.java:addFilter(948)) - Added filter static_user_filter (class=org.apache.hadoop.http.lib.StaticUserWebFilter$StaticUserFilter) to context ozoneManager
2019-07-13 07:41:24,551 INFO  http.HttpServer2 (HttpServer2.java:addFilter(958)) - Added filter static_user_filter (class=org.apache.hadoop.http.lib.StaticUserWebFilter$StaticUserFilter) to context static
2019-07-13 07:41:24,551 INFO  http.HttpServer2 (HttpServer2.java:addFilter(958)) - Added filter static_user_filter (class=org.apache.hadoop.http.lib.StaticUserWebFilter$StaticUserFilter) to context logs
2019-07-13 07:41:24,551 INFO  http.HttpServer2 (HttpServer2.java:bindListener(1191)) - Jetty bound to port 40546
2019-07-13 07:41:24,552 INFO  server.Server (Server.java:doStart(351)) - jetty-9.3.24.v20180605, build timestamp: 2018-06-05T17:11:56Z, git hash: 84205aa28f11a4f31f2a3b86d1bba2cc8ab69827
2019-07-13 07:41:24,553 INFO  handler.ContextHandler (ContextHandler.java:doStart(781)) - Started o.e.j.s.ServletContextHandler@4ff2ac2d{/logs,file:///tmp/workdir/hadoop-ozone/integration-test/target/log,AVAILABLE}
2019-07-13 07:41:24,554 INFO  handler.ContextHandler (ContextHandler.java:doStart(781)) - Started o.e.j.s.ServletContextHandler@2a654167{/static,file:///tmp/workdir/hadoop-ozone/integration-test/target/test-classes/webapps/static,AVAILABLE}
2019-07-13 07:41:24,558 INFO  handler.ContextHandler (ContextHandler.java:doStart(781)) - Started o.e.j.w.WebAppContext@728ad254{/,file:///tmp/workdir/hadoop-ozone/integration-test/target/test-classes/webapps/ozoneManager/,AVAILABLE}{/ozoneManager}
2019-07-13 07:41:24,558 INFO  server.AbstractConnector (AbstractConnector.java:doStart(278)) - Started ServerConnector@3b590d21{HTTP/1.1,[http/1.1]}{0.0.0.0:40546}
2019-07-13 07:41:24,558 INFO  server.Server (Server.java:doStart(419)) - Started @708100ms
2019-07-13 07:41:24,560 INFO  server.BaseHttpServer (BaseHttpServer.java:updateConnectorAddress(207)) - HTTP server of OZONEMANAGER is listening at http://0.0.0.0:40546
2019-07-13 07:41:24,572 INFO  impl.MetricsSystemImpl (MetricsSystemImpl.java:init(158)) - HddsDatanode metrics system started (again)
2019-07-13 07:41:24,573 INFO  ozone.HddsDatanodeService (HddsDatanodeService.java:start(185)) - HddsDatanodeService host:trunk-nightly-9lh4p-2362225927 ip:192.168.69.84
2019-07-13 07:41:24,585 INFO  volume.HddsVolume (HddsVolume.java:<init>(176)) - Creating Volume: /tmp/workdir/hadoop-ozone/integration-test/target/test-dir/MiniOzoneClusterImpl-4cc15ec6-cc18-4484-86b8-0206962934ea/datanode-0/data/containers/hdds of  storage type : DISK and capacity : 52710309888
2019-07-13 07:41:24,586 INFO  volume.VolumeSet (VolumeSet.java:initializeVolumeSet(170)) - Added Volume : /tmp/workdir/hadoop-ozone/integration-test/target/test-dir/MiniOzoneClusterImpl-4cc15ec6-cc18-4484-86b8-0206962934ea/datanode-0/data/containers/hdds to VolumeSet
2019-07-13 07:41:24,586 INFO  volume.ThrottledAsyncChecker (ThrottledAsyncChecker.java:schedule(140)) - Scheduling a check for org.apache.hadoop.ozone.container.common.volume.HddsVolume@60c95d8
2019-07-13 07:41:24,586 INFO  volume.HddsVolumeChecker (HddsVolumeChecker.java:checkAllVolumes(203)) - Scheduled health check for volume org.apache.hadoop.ozone.container.common.volume.HddsVolume@60c95d8
2019-07-13 07:41:24,600 INFO  impl.RaftServerProxy (ConfUtils.java:logGet(43)) - raft.rpc.type = GRPC (default)
2019-07-13 07:41:24,600 INFO  grpc.GrpcFactory (GrpcFactory.java:checkPooledByteBufAllocatorUseCacheForAllThreads(45)) - PERFORMANCE WARNING: useCacheForAllThreads is true that may cause Netty to create a lot garbage objects and, as a result, trigger GC.
	It is recommended to disable useCacheForAllThreads by setting -Dorg.apache.ratis.thirdparty.io.netty.allocator.useCacheForAllThreads=false in command line.
2019-07-13 07:41:24,601 INFO  grpc.GrpcConfigKeys$Server (ConfUtils.java:logGet(43)) - raft.grpc.server.port = 0 (default)
2019-07-13 07:41:24,601 INFO  server.GrpcService (ConfUtils.java:logGet(43)) - raft.grpc.message.size.max = 33570816 (custom)
2019-07-13 07:41:24,601 INFO  server.RaftServerConfigKeys (ConfUtils.java:logGet(43)) - raft.server.log.appender.buffer.byte-limit = 33554432 (custom)
2019-07-13 07:41:24,601 INFO  server.GrpcService (ConfUtils.java:logGet(43)) - raft.grpc.flow.control.window = 1MB (=1048576) (default)
2019-07-13 07:41:24,601 INFO  server.RaftServerConfigKeys (ConfUtils.java:logGet(43)) - raft.server.rpc.request.timeout = 3000ms (default)
2019-07-13 07:41:24,602 INFO  server.RaftServerConfigKeys (ConfUtils.java:logGet(43)) - raft.server.storage.dir = [/tmp/workdir/hadoop-ozone/integration-test/target/test-dir/MiniOzoneClusterImpl-4cc15ec6-cc18-4484-86b8-0206962934ea/datanode-0/data/ratis] (custom)
2019-07-13 07:41:24,602 INFO  replication.SimpleContainerDownloader (SimpleContainerDownloader.java:<init>(72)) - Starting container downloader service to copy containers to replicate.
2019-07-13 07:41:24,603 INFO  hdfs.DFSUtil (DFSUtil.java:httpServerTemplateForNNAndJN(1641)) - Starting Web-server for hddsDatanode at: http://0.0.0.0:0
2019-07-13 07:41:24,605 INFO  server.AuthenticationFilter (AuthenticationFilter.java:constructSecretProvider(240)) - Unable to initialize FileSignerSecretProvider, falling back to use random secrets.
2019-07-13 07:41:24,606 WARN  http.HttpRequestLog (HttpRequestLog.java:getRequestLog(97)) - Jetty request log can only be enabled using Log4j
2019-07-13 07:41:24,607 INFO  http.HttpServer2 (HttpServer2.java:addGlobalFilter(975)) - Added global filter 'safety' (class=org.apache.hadoop.http.HttpServer2$QuotingInputFilter)
2019-07-13 07:41:24,607 INFO  http.HttpServer2 (HttpServer2.java:addFilter(948)) - Added filter static_user_filter (class=org.apache.hadoop.http.lib.StaticUserWebFilter$StaticUserFilter) to context hddsDatanode
2019-07-13 07:41:24,607 INFO  http.HttpServer2 (HttpServer2.java:addFilter(958)) - Added filter static_user_filter (class=org.apache.hadoop.http.lib.StaticUserWebFilter$StaticUserFilter) to context static
2019-07-13 07:41:24,607 INFO  http.HttpServer2 (HttpServer2.java:addFilter(958)) - Added filter static_user_filter (class=org.apache.hadoop.http.lib.StaticUserWebFilter$StaticUserFilter) to context logs
2019-07-13 07:41:24,608 INFO  http.HttpServer2 (HttpServer2.java:bindListener(1191)) - Jetty bound to port 46774
2019-07-13 07:41:24,608 INFO  server.Server (Server.java:doStart(351)) - jetty-9.3.24.v20180605, build timestamp: 2018-06-05T17:11:56Z, git hash: 84205aa28f11a4f31f2a3b86d1bba2cc8ab69827
2019-07-13 07:41:24,610 INFO  handler.ContextHandler (ContextHandler.java:doStart(781)) - Started o.e.j.s.ServletContextHandler@7265db9d{/logs,file:///tmp/workdir/hadoop-ozone/integration-test/target/log,AVAILABLE}
2019-07-13 07:41:24,610 INFO  handler.ContextHandler (ContextHandler.java:doStart(781)) - Started o.e.j.s.ServletContextHandler@4b98900b{/static,jar:file:/home/user/.m2/repository/org/apache/hadoop/hadoop-hdds-container-service/0.5.0-SNAPSHOT/hadoop-hdds-container-service-0.5.0-SNAPSHOT.jar!/webapps/static,AVAILABLE}
2019-07-13 07:41:24,637 INFO  handler.ContextHandler (ContextHandler.java:doStart(781)) - Started o.e.j.w.WebAppContext@64176780{/,file:///tmp/jetty-0.0.0.0-46774-hddsDatanode-_-any-4281806484452296329.dir/webapp/,AVAILABLE}{/hddsDatanode}
2019-07-13 07:41:24,637 INFO  server.AbstractConnector (AbstractConnector.java:doStart(278)) - Started ServerConnector@61668c05{HTTP/1.1,[http/1.1]}{0.0.0.0:46774}
2019-07-13 07:41:24,637 INFO  server.Server (Server.java:doStart(419)) - Started @708179ms
2019-07-13 07:41:24,639 INFO  server.BaseHttpServer (BaseHttpServer.java:updateConnectorAddress(207)) - HTTP server of HDDSDATANODE is listening at http://0.0.0.0:46774
2019-07-13 07:41:24,770 INFO  ozone.HddsDatanodeService (HddsDatanodeService.java:startPlugins(396)) - Started plug-in org.apache.hadoop.ozone.web.OzoneHddsDatanodeService@3108d1e1
2019-07-13 07:41:24,771 INFO  impl.MetricsSystemImpl (MetricsSystemImpl.java:init(158)) - HddsDatanode metrics system started (again)
2019-07-13 07:41:24,772 INFO  ozone.HddsDatanodeService (HddsDatanodeService.java:start(185)) - HddsDatanodeService host:trunk-nightly-9lh4p-2362225927 ip:192.168.69.84
2019-07-13 07:41:24,773 INFO  util.JvmPauseMonitor (JvmPauseMonitor.java:run(188)) - Starting JVM pause monitor
2019-07-13 07:41:24,775 INFO  datanode.InitDatanodeState (InitDatanodeState.java:persistContainerDatanodeDetails(140)) - DatanodeDetails is persisted to /tmp/workdir/hadoop-ozone/integration-test/target/test-dir/MiniOzoneClusterImpl-4cc15ec6-cc18-4484-86b8-0206962934ea/datanode-0/meta/datanode.id
2019-07-13 07:41:24,788 INFO  volume.HddsVolume (HddsVolume.java:<init>(176)) - Creating Volume: /tmp/workdir/hadoop-ozone/integration-test/target/test-dir/MiniOzoneClusterImpl-4cc15ec6-cc18-4484-86b8-0206962934ea/datanode-1/data/containers/hdds of  storage type : DISK and capacity : 52710309888
2019-07-13 07:41:24,788 INFO  volume.VolumeSet (VolumeSet.java:initializeVolumeSet(170)) - Added Volume : /tmp/workdir/hadoop-ozone/integration-test/target/test-dir/MiniOzoneClusterImpl-4cc15ec6-cc18-4484-86b8-0206962934ea/datanode-1/data/containers/hdds to VolumeSet
2019-07-13 07:41:24,788 INFO  volume.ThrottledAsyncChecker (ThrottledAsyncChecker.java:schedule(140)) - Scheduling a check for org.apache.hadoop.ozone.container.common.volume.HddsVolume@7e1321fd
2019-07-13 07:41:24,789 INFO  volume.HddsVolumeChecker (HddsVolumeChecker.java:checkAllVolumes(203)) - Scheduled health check for volume org.apache.hadoop.ozone.container.common.volume.HddsVolume@7e1321fd
2019-07-13 07:41:24,807 INFO  impl.RaftServerProxy (ConfUtils.java:logGet(43)) - raft.rpc.type = GRPC (default)
2019-07-13 07:41:24,807 INFO  grpc.GrpcFactory (GrpcFactory.java:checkPooledByteBufAllocatorUseCacheForAllThreads(45)) - PERFORMANCE WARNING: useCacheForAllThreads is true that may cause Netty to create a lot garbage objects and, as a result, trigger GC.
	It is recommended to disable useCacheForAllThreads by setting -Dorg.apache.ratis.thirdparty.io.netty.allocator.useCacheForAllThreads=false in command line.
2019-07-13 07:41:24,808 INFO  grpc.GrpcConfigKeys$Server (ConfUtils.java:logGet(43)) - raft.grpc.server.port = 0 (default)
2019-07-13 07:41:24,808 INFO  server.GrpcService (ConfUtils.java:logGet(43)) - raft.grpc.message.size.max = 33570816 (custom)
2019-07-13 07:41:24,808 INFO  server.RaftServerConfigKeys (ConfUtils.java:logGet(43)) - raft.server.log.appender.buffer.byte-limit = 33554432 (custom)
2019-07-13 07:41:24,809 INFO  server.GrpcService (ConfUtils.java:logGet(43)) - raft.grpc.flow.control.window = 1MB (=1048576) (default)
2019-07-13 07:41:24,809 INFO  server.RaftServerConfigKeys (ConfUtils.java:logGet(43)) - raft.server.rpc.request.timeout = 3000ms (default)
2019-07-13 07:41:24,809 INFO  server.RaftServerConfigKeys (ConfUtils.java:logGet(43)) - raft.server.storage.dir = [/tmp/workdir/hadoop-ozone/integration-test/target/test-dir/MiniOzoneClusterImpl-4cc15ec6-cc18-4484-86b8-0206962934ea/datanode-1/data/ratis] (custom)
2019-07-13 07:41:24,810 INFO  replication.SimpleContainerDownloader (SimpleContainerDownloader.java:<init>(72)) - Starting container downloader service to copy containers to replicate.
2019-07-13 07:41:24,811 INFO  hdfs.DFSUtil (DFSUtil.java:httpServerTemplateForNNAndJN(1641)) - Starting Web-server for hddsDatanode at: http://0.0.0.0:0
2019-07-13 07:41:24,813 INFO  server.AuthenticationFilter (AuthenticationFilter.java:constructSecretProvider(240)) - Unable to initialize FileSignerSecretProvider, falling back to use random secrets.
2019-07-13 07:41:24,814 WARN  http.HttpRequestLog (HttpRequestLog.java:getRequestLog(97)) - Jetty request log can only be enabled using Log4j
2019-07-13 07:41:24,815 INFO  http.HttpServer2 (HttpServer2.java:addGlobalFilter(975)) - Added global filter 'safety' (class=org.apache.hadoop.http.HttpServer2$QuotingInputFilter)
2019-07-13 07:41:24,816 INFO  http.HttpServer2 (HttpServer2.java:addFilter(948)) - Added filter static_user_filter (class=org.apache.hadoop.http.lib.StaticUserWebFilter$StaticUserFilter) to context hddsDatanode
2019-07-13 07:41:24,816 INFO  http.HttpServer2 (HttpServer2.java:addFilter(958)) - Added filter static_user_filter (class=org.apache.hadoop.http.lib.StaticUserWebFilter$StaticUserFilter) to context logs
2019-07-13 07:41:24,816 INFO  http.HttpServer2 (HttpServer2.java:addFilter(958)) - Added filter static_user_filter (class=org.apache.hadoop.http.lib.StaticUserWebFilter$StaticUserFilter) to context static
2019-07-13 07:41:24,817 INFO  http.HttpServer2 (HttpServer2.java:bindListener(1191)) - Jetty bound to port 33893
2019-07-13 07:41:24,817 INFO  server.Server (Server.java:doStart(351)) - jetty-9.3.24.v20180605, build timestamp: 2018-06-05T17:11:56Z, git hash: 84205aa28f11a4f31f2a3b86d1bba2cc8ab69827
2019-07-13 07:41:24,820 INFO  handler.ContextHandler (ContextHandler.java:doStart(781)) - Started o.e.j.s.ServletContextHandler@46aaf47c{/logs,file:///tmp/workdir/hadoop-ozone/integration-test/target/log,AVAILABLE}
2019-07-13 07:41:24,820 INFO  handler.ContextHandler (ContextHandler.java:doStart(781)) - Started o.e.j.s.ServletContextHandler@2b33553b{/static,jar:file:/home/user/.m2/repository/org/apache/hadoop/hadoop-hdds-container-service/0.5.0-SNAPSHOT/hadoop-hdds-container-service-0.5.0-SNAPSHOT.jar!/webapps/static,AVAILABLE}
2019-07-13 07:41:24,866 INFO  handler.ContextHandler (ContextHandler.java:doStart(781)) - Started o.e.j.w.WebAppContext@7f549712{/,file:///tmp/jetty-0.0.0.0-33893-hddsDatanode-_-any-5052980707375315566.dir/webapp/,AVAILABLE}{/hddsDatanode}
2019-07-13 07:41:24,866 INFO  server.AbstractConnector (AbstractConnector.java:doStart(278)) - Started ServerConnector@38b7b02f{HTTP/1.1,[http/1.1]}{0.0.0.0:33893}
2019-07-13 07:41:24,868 INFO  server.Server (Server.java:doStart(419)) - Started @708409ms
2019-07-13 07:41:24,868 INFO  server.BaseHttpServer (BaseHttpServer.java:updateConnectorAddress(207)) - HTTP server of HDDSDATANODE is listening at http://0.0.0.0:33893
2019-07-13 07:41:25,008 INFO  ozone.HddsDatanodeService (HddsDatanodeService.java:startPlugins(396)) - Started plug-in org.apache.hadoop.ozone.web.OzoneHddsDatanodeService@c512269
2019-07-13 07:41:25,008 INFO  impl.MetricsSystemImpl (MetricsSystemImpl.java:init(158)) - HddsDatanode metrics system started (again)
2019-07-13 07:41:25,010 INFO  ozone.HddsDatanodeService (HddsDatanodeService.java:start(185)) - HddsDatanodeService host:trunk-nightly-9lh4p-2362225927 ip:192.168.69.84
2019-07-13 07:41:25,012 INFO  util.JvmPauseMonitor (JvmPauseMonitor.java:run(188)) - Starting JVM pause monitor
2019-07-13 07:41:25,013 INFO  datanode.InitDatanodeState (InitDatanodeState.java:persistContainerDatanodeDetails(140)) - DatanodeDetails is persisted to /tmp/workdir/hadoop-ozone/integration-test/target/test-dir/MiniOzoneClusterImpl-4cc15ec6-cc18-4484-86b8-0206962934ea/datanode-1/meta/datanode.id
2019-07-13 07:41:25,025 INFO  volume.HddsVolume (HddsVolume.java:<init>(176)) - Creating Volume: /tmp/workdir/hadoop-ozone/integration-test/target/test-dir/MiniOzoneClusterImpl-4cc15ec6-cc18-4484-86b8-0206962934ea/datanode-2/data/containers/hdds of  storage type : DISK and capacity : 52710309888
2019-07-13 07:41:25,025 INFO  volume.VolumeSet (VolumeSet.java:initializeVolumeSet(170)) - Added Volume : /tmp/workdir/hadoop-ozone/integration-test/target/test-dir/MiniOzoneClusterImpl-4cc15ec6-cc18-4484-86b8-0206962934ea/datanode-2/data/containers/hdds to VolumeSet
2019-07-13 07:41:25,025 INFO  volume.ThrottledAsyncChecker (ThrottledAsyncChecker.java:schedule(140)) - Scheduling a check for org.apache.hadoop.ozone.container.common.volume.HddsVolume@c4c4852
2019-07-13 07:41:25,026 INFO  volume.HddsVolumeChecker (HddsVolumeChecker.java:checkAllVolumes(203)) - Scheduled health check for volume org.apache.hadoop.ozone.container.common.volume.HddsVolume@c4c4852
2019-07-13 07:41:25,047 INFO  impl.RaftServerProxy (ConfUtils.java:logGet(43)) - raft.rpc.type = GRPC (default)
2019-07-13 07:41:25,048 INFO  grpc.GrpcFactory (GrpcFactory.java:checkPooledByteBufAllocatorUseCacheForAllThreads(45)) - PERFORMANCE WARNING: useCacheForAllThreads is true that may cause Netty to create a lot garbage objects and, as a result, trigger GC.
	It is recommended to disable useCacheForAllThreads by setting -Dorg.apache.ratis.thirdparty.io.netty.allocator.useCacheForAllThreads=false in command line.
2019-07-13 07:41:25,048 INFO  grpc.GrpcConfigKeys$Server (ConfUtils.java:logGet(43)) - raft.grpc.server.port = 0 (default)
2019-07-13 07:41:25,048 INFO  server.GrpcService (ConfUtils.java:logGet(43)) - raft.grpc.message.size.max = 33570816 (custom)
2019-07-13 07:41:25,049 INFO  server.RaftServerConfigKeys (ConfUtils.java:logGet(43)) - raft.server.log.appender.buffer.byte-limit = 33554432 (custom)
2019-07-13 07:41:25,049 INFO  server.GrpcService (ConfUtils.java:logGet(43)) - raft.grpc.flow.control.window = 1MB (=1048576) (default)
2019-07-13 07:41:25,049 INFO  server.RaftServerConfigKeys (ConfUtils.java:logGet(43)) - raft.server.rpc.request.timeout = 3000ms (default)
2019-07-13 07:41:25,050 INFO  server.RaftServerConfigKeys (ConfUtils.java:logGet(43)) - raft.server.storage.dir = [/tmp/workdir/hadoop-ozone/integration-test/target/test-dir/MiniOzoneClusterImpl-4cc15ec6-cc18-4484-86b8-0206962934ea/datanode-2/data/ratis] (custom)
2019-07-13 07:41:25,051 INFO  replication.SimpleContainerDownloader (SimpleContainerDownloader.java:<init>(72)) - Starting container downloader service to copy containers to replicate.
2019-07-13 07:41:25,052 INFO  hdfs.DFSUtil (DFSUtil.java:httpServerTemplateForNNAndJN(1641)) - Starting Web-server for hddsDatanode at: http://0.0.0.0:0
2019-07-13 07:41:25,055 INFO  server.AuthenticationFilter (AuthenticationFilter.java:constructSecretProvider(240)) - Unable to initialize FileSignerSecretProvider, falling back to use random secrets.
2019-07-13 07:41:25,055 WARN  http.HttpRequestLog (HttpRequestLog.java:getRequestLog(97)) - Jetty request log can only be enabled using Log4j
2019-07-13 07:41:25,058 INFO  http.HttpServer2 (HttpServer2.java:addGlobalFilter(975)) - Added global filter 'safety' (class=org.apache.hadoop.http.HttpServer2$QuotingInputFilter)
2019-07-13 07:41:25,059 INFO  http.HttpServer2 (HttpServer2.java:addFilter(948)) - Added filter static_user_filter (class=org.apache.hadoop.http.lib.StaticUserWebFilter$StaticUserFilter) to context hddsDatanode
2019-07-13 07:41:25,059 INFO  http.HttpServer2 (HttpServer2.java:addFilter(958)) - Added filter static_user_filter (class=org.apache.hadoop.http.lib.StaticUserWebFilter$StaticUserFilter) to context logs
2019-07-13 07:41:25,059 INFO  http.HttpServer2 (HttpServer2.java:addFilter(958)) - Added filter static_user_filter (class=org.apache.hadoop.http.lib.StaticUserWebFilter$StaticUserFilter) to context static
2019-07-13 07:41:25,061 INFO  http.HttpServer2 (HttpServer2.java:bindListener(1191)) - Jetty bound to port 37862
2019-07-13 07:41:25,061 INFO  server.Server (Server.java:doStart(351)) - jetty-9.3.24.v20180605, build timestamp: 2018-06-05T17:11:56Z, git hash: 84205aa28f11a4f31f2a3b86d1bba2cc8ab69827
2019-07-13 07:41:25,064 INFO  handler.ContextHandler (ContextHandler.java:doStart(781)) - Started o.e.j.s.ServletContextHandler@1e019687{/logs,file:///tmp/workdir/hadoop-ozone/integration-test/target/log,AVAILABLE}
2019-07-13 07:41:25,064 INFO  handler.ContextHandler (ContextHandler.java:doStart(781)) - Started o.e.j.s.ServletContextHandler@250e9655{/static,jar:file:/home/user/.m2/repository/org/apache/hadoop/hadoop-hdds-container-service/0.5.0-SNAPSHOT/hadoop-hdds-container-service-0.5.0-SNAPSHOT.jar!/webapps/static,AVAILABLE}
2019-07-13 07:41:25,111 INFO  handler.ContextHandler (ContextHandler.java:doStart(781)) - Started o.e.j.w.WebAppContext@5242e9f7{/,file:///tmp/jetty-0.0.0.0-37862-hddsDatanode-_-any-4576746491771862977.dir/webapp/,AVAILABLE}{/hddsDatanode}
2019-07-13 07:41:25,112 INFO  server.AbstractConnector (AbstractConnector.java:doStart(278)) - Started ServerConnector@48b9ee43{HTTP/1.1,[http/1.1]}{0.0.0.0:37862}
2019-07-13 07:41:25,113 INFO  server.Server (Server.java:doStart(419)) - Started @708655ms
2019-07-13 07:41:25,114 INFO  server.BaseHttpServer (BaseHttpServer.java:updateConnectorAddress(207)) - HTTP server of HDDSDATANODE is listening at http://0.0.0.0:37862
2019-07-13 07:41:25,242 INFO  ozone.HddsDatanodeService (HddsDatanodeService.java:startPlugins(396)) - Started plug-in org.apache.hadoop.ozone.web.OzoneHddsDatanodeService@5cef76a2
2019-07-13 07:41:25,242 INFO  impl.MetricsSystemImpl (MetricsSystemImpl.java:init(158)) - HddsDatanode metrics system started (again)
2019-07-13 07:41:25,244 INFO  ozone.HddsDatanodeService (HddsDatanodeService.java:start(185)) - HddsDatanodeService host:trunk-nightly-9lh4p-2362225927 ip:192.168.69.84
2019-07-13 07:41:25,246 INFO  util.JvmPauseMonitor (JvmPauseMonitor.java:run(188)) - Starting JVM pause monitor
2019-07-13 07:41:25,249 INFO  datanode.InitDatanodeState (InitDatanodeState.java:persistContainerDatanodeDetails(140)) - DatanodeDetails is persisted to /tmp/workdir/hadoop-ozone/integration-test/target/test-dir/MiniOzoneClusterImpl-4cc15ec6-cc18-4484-86b8-0206962934ea/datanode-2/meta/datanode.id
2019-07-13 07:41:25,259 INFO  volume.HddsVolume (HddsVolume.java:<init>(176)) - Creating Volume: /tmp/workdir/hadoop-ozone/integration-test/target/test-dir/MiniOzoneClusterImpl-4cc15ec6-cc18-4484-86b8-0206962934ea/datanode-3/data/containers/hdds of  storage type : DISK and capacity : 52710309888
2019-07-13 07:41:25,259 INFO  volume.VolumeSet (VolumeSet.java:initializeVolumeSet(170)) - Added Volume : /tmp/workdir/hadoop-ozone/integration-test/target/test-dir/MiniOzoneClusterImpl-4cc15ec6-cc18-4484-86b8-0206962934ea/datanode-3/data/containers/hdds to VolumeSet
2019-07-13 07:41:25,260 INFO  volume.ThrottledAsyncChecker (ThrottledAsyncChecker.java:schedule(140)) - Scheduling a check for org.apache.hadoop.ozone.container.common.volume.HddsVolume@5e22ac65
2019-07-13 07:41:25,260 INFO  volume.HddsVolumeChecker (HddsVolumeChecker.java:checkAllVolumes(203)) - Scheduled health check for volume org.apache.hadoop.ozone.container.common.volume.HddsVolume@5e22ac65
2019-07-13 07:41:25,273 INFO  impl.RaftServerProxy (ConfUtils.java:logGet(43)) - raft.rpc.type = GRPC (default)
2019-07-13 07:41:25,274 INFO  grpc.GrpcFactory (GrpcFactory.java:checkPooledByteBufAllocatorUseCacheForAllThreads(45)) - PERFORMANCE WARNING: useCacheForAllThreads is true that may cause Netty to create a lot garbage objects and, as a result, trigger GC.
	It is recommended to disable useCacheForAllThreads by setting -Dorg.apache.ratis.thirdparty.io.netty.allocator.useCacheForAllThreads=false in command line.
2019-07-13 07:41:25,274 INFO  grpc.GrpcConfigKeys$Server (ConfUtils.java:logGet(43)) - raft.grpc.server.port = 0 (default)
2019-07-13 07:41:25,274 INFO  server.GrpcService (ConfUtils.java:logGet(43)) - raft.grpc.message.size.max = 33570816 (custom)
2019-07-13 07:41:25,274 INFO  server.RaftServerConfigKeys (ConfUtils.java:logGet(43)) - raft.server.log.appender.buffer.byte-limit = 33554432 (custom)
2019-07-13 07:41:25,274 INFO  server.GrpcService (ConfUtils.java:logGet(43)) - raft.grpc.flow.control.window = 1MB (=1048576) (default)
2019-07-13 07:41:25,275 INFO  server.RaftServerConfigKeys (ConfUtils.java:logGet(43)) - raft.server.rpc.request.timeout = 3000ms (default)
2019-07-13 07:41:25,275 INFO  server.RaftServerConfigKeys (ConfUtils.java:logGet(43)) - raft.server.storage.dir = [/tmp/workdir/hadoop-ozone/integration-test/target/test-dir/MiniOzoneClusterImpl-4cc15ec6-cc18-4484-86b8-0206962934ea/datanode-3/data/ratis] (custom)
2019-07-13 07:41:25,275 INFO  replication.SimpleContainerDownloader (SimpleContainerDownloader.java:<init>(72)) - Starting container downloader service to copy containers to replicate.
2019-07-13 07:41:25,276 INFO  hdfs.DFSUtil (DFSUtil.java:httpServerTemplateForNNAndJN(1641)) - Starting Web-server for hddsDatanode at: http://0.0.0.0:0
2019-07-13 07:41:25,277 INFO  server.AuthenticationFilter (AuthenticationFilter.java:constructSecretProvider(240)) - Unable to initialize FileSignerSecretProvider, falling back to use random secrets.
2019-07-13 07:41:25,278 WARN  http.HttpRequestLog (HttpRequestLog.java:getRequestLog(97)) - Jetty request log can only be enabled using Log4j
2019-07-13 07:41:25,279 INFO  http.HttpServer2 (HttpServer2.java:addGlobalFilter(975)) - Added global filter 'safety' (class=org.apache.hadoop.http.HttpServer2$QuotingInputFilter)
2019-07-13 07:41:25,279 INFO  http.HttpServer2 (HttpServer2.java:addFilter(948)) - Added filter static_user_filter (class=org.apache.hadoop.http.lib.StaticUserWebFilter$StaticUserFilter) to context hddsDatanode
2019-07-13 07:41:25,279 INFO  http.HttpServer2 (HttpServer2.java:addFilter(958)) - Added filter static_user_filter (class=org.apache.hadoop.http.lib.StaticUserWebFilter$StaticUserFilter) to context static
2019-07-13 07:41:25,279 INFO  http.HttpServer2 (HttpServer2.java:addFilter(958)) - Added filter static_user_filter (class=org.apache.hadoop.http.lib.StaticUserWebFilter$StaticUserFilter) to context logs
2019-07-13 07:41:25,280 INFO  http.HttpServer2 (HttpServer2.java:bindListener(1191)) - Jetty bound to port 36575
2019-07-13 07:41:25,280 INFO  server.Server (Server.java:doStart(351)) - jetty-9.3.24.v20180605, build timestamp: 2018-06-05T17:11:56Z, git hash: 84205aa28f11a4f31f2a3b86d1bba2cc8ab69827
2019-07-13 07:41:25,281 INFO  handler.ContextHandler (ContextHandler.java:doStart(781)) - Started o.e.j.s.ServletContextHandler@695d8186{/logs,file:///tmp/workdir/hadoop-ozone/integration-test/target/log,AVAILABLE}
2019-07-13 07:41:25,282 INFO  handler.ContextHandler (ContextHandler.java:doStart(781)) - Started o.e.j.s.ServletContextHandler@58ae3cb{/static,jar:file:/home/user/.m2/repository/org/apache/hadoop/hadoop-hdds-container-service/0.5.0-SNAPSHOT/hadoop-hdds-container-service-0.5.0-SNAPSHOT.jar!/webapps/static,AVAILABLE}
2019-07-13 07:41:25,308 INFO  handler.ContextHandler (ContextHandler.java:doStart(781)) - Started o.e.j.w.WebAppContext@4fe9a720{/,file:///tmp/jetty-0.0.0.0-36575-hddsDatanode-_-any-7500127754112888806.dir/webapp/,AVAILABLE}{/hddsDatanode}
2019-07-13 07:41:25,309 INFO  server.AbstractConnector (AbstractConnector.java:doStart(278)) - Started ServerConnector@7db373b2{HTTP/1.1,[http/1.1]}{0.0.0.0:36575}
2019-07-13 07:41:25,310 INFO  server.Server (Server.java:doStart(419)) - Started @708850ms
2019-07-13 07:41:25,311 INFO  server.BaseHttpServer (BaseHttpServer.java:updateConnectorAddress(207)) - HTTP server of HDDSDATANODE is listening at http://0.0.0.0:36575
2019-07-13 07:41:25,443 INFO  ozone.HddsDatanodeService (HddsDatanodeService.java:startPlugins(396)) - Started plug-in org.apache.hadoop.ozone.web.OzoneHddsDatanodeService@594c830f
2019-07-13 07:41:25,443 INFO  impl.MetricsSystemImpl (MetricsSystemImpl.java:init(158)) - HddsDatanode metrics system started (again)
2019-07-13 07:41:25,447 INFO  ozone.HddsDatanodeService (HddsDatanodeService.java:start(185)) - HddsDatanodeService host:trunk-nightly-9lh4p-2362225927 ip:192.168.69.84
2019-07-13 07:41:25,448 INFO  util.JvmPauseMonitor (JvmPauseMonitor.java:run(188)) - Starting JVM pause monitor
2019-07-13 07:41:25,451 INFO  datanode.InitDatanodeState (InitDatanodeState.java:persistContainerDatanodeDetails(140)) - DatanodeDetails is persisted to /tmp/workdir/hadoop-ozone/integration-test/target/test-dir/MiniOzoneClusterImpl-4cc15ec6-cc18-4484-86b8-0206962934ea/datanode-3/meta/datanode.id
2019-07-13 07:41:25,463 INFO  volume.HddsVolume (HddsVolume.java:<init>(176)) - Creating Volume: /tmp/workdir/hadoop-ozone/integration-test/target/test-dir/MiniOzoneClusterImpl-4cc15ec6-cc18-4484-86b8-0206962934ea/datanode-4/data/containers/hdds of  storage type : DISK and capacity : 52710309888
2019-07-13 07:41:25,463 INFO  volume.VolumeSet (VolumeSet.java:initializeVolumeSet(170)) - Added Volume : /tmp/workdir/hadoop-ozone/integration-test/target/test-dir/MiniOzoneClusterImpl-4cc15ec6-cc18-4484-86b8-0206962934ea/datanode-4/data/containers/hdds to VolumeSet
2019-07-13 07:41:25,464 INFO  volume.ThrottledAsyncChecker (ThrottledAsyncChecker.java:schedule(140)) - Scheduling a check for org.apache.hadoop.ozone.container.common.volume.HddsVolume@27f73e68
2019-07-13 07:41:25,464 INFO  volume.HddsVolumeChecker (HddsVolumeChecker.java:checkAllVolumes(203)) - Scheduled health check for volume org.apache.hadoop.ozone.container.common.volume.HddsVolume@27f73e68
2019-07-13 07:41:25,482 INFO  impl.RaftServerProxy (ConfUtils.java:logGet(43)) - raft.rpc.type = GRPC (default)
2019-07-13 07:41:25,482 INFO  grpc.GrpcFactory (GrpcFactory.java:checkPooledByteBufAllocatorUseCacheForAllThreads(45)) - PERFORMANCE WARNING: useCacheForAllThreads is true that may cause Netty to create a lot garbage objects and, as a result, trigger GC.
	It is recommended to disable useCacheForAllThreads by setting -Dorg.apache.ratis.thirdparty.io.netty.allocator.useCacheForAllThreads=false in command line.
2019-07-13 07:41:25,482 INFO  grpc.GrpcConfigKeys$Server (ConfUtils.java:logGet(43)) - raft.grpc.server.port = 0 (default)
2019-07-13 07:41:25,483 INFO  server.GrpcService (ConfUtils.java:logGet(43)) - raft.grpc.message.size.max = 33570816 (custom)
2019-07-13 07:41:25,483 INFO  server.RaftServerConfigKeys (ConfUtils.java:logGet(43)) - raft.server.log.appender.buffer.byte-limit = 33554432 (custom)
2019-07-13 07:41:25,483 INFO  server.GrpcService (ConfUtils.java:logGet(43)) - raft.grpc.flow.control.window = 1MB (=1048576) (default)
2019-07-13 07:41:25,483 INFO  server.RaftServerConfigKeys (ConfUtils.java:logGet(43)) - raft.server.rpc.request.timeout = 3000ms (default)
2019-07-13 07:41:25,484 INFO  server.RaftServerConfigKeys (ConfUtils.java:logGet(43)) - raft.server.storage.dir = [/tmp/workdir/hadoop-ozone/integration-test/target/test-dir/MiniOzoneClusterImpl-4cc15ec6-cc18-4484-86b8-0206962934ea/datanode-4/data/ratis] (custom)
2019-07-13 07:41:25,484 INFO  replication.SimpleContainerDownloader (SimpleContainerDownloader.java:<init>(72)) - Starting container downloader service to copy containers to replicate.
2019-07-13 07:41:25,486 INFO  hdfs.DFSUtil (DFSUtil.java:httpServerTemplateForNNAndJN(1641)) - Starting Web-server for hddsDatanode at: http://0.0.0.0:0
2019-07-13 07:41:25,488 INFO  server.AuthenticationFilter (AuthenticationFilter.java:constructSecretProvider(240)) - Unable to initialize FileSignerSecretProvider, falling back to use random secrets.
2019-07-13 07:41:25,488 WARN  http.HttpRequestLog (HttpRequestLog.java:getRequestLog(97)) - Jetty request log can only be enabled using Log4j
2019-07-13 07:41:25,490 INFO  http.HttpServer2 (HttpServer2.java:addGlobalFilter(975)) - Added global filter 'safety' (class=org.apache.hadoop.http.HttpServer2$QuotingInputFilter)
2019-07-13 07:41:25,491 INFO  http.HttpServer2 (HttpServer2.java:addFilter(948)) - Added filter static_user_filter (class=org.apache.hadoop.http.lib.StaticUserWebFilter$StaticUserFilter) to context hddsDatanode
2019-07-13 07:41:25,491 INFO  http.HttpServer2 (HttpServer2.java:addFilter(958)) - Added filter static_user_filter (class=org.apache.hadoop.http.lib.StaticUserWebFilter$StaticUserFilter) to context logs
2019-07-13 07:41:25,491 INFO  http.HttpServer2 (HttpServer2.java:addFilter(958)) - Added filter static_user_filter (class=org.apache.hadoop.http.lib.StaticUserWebFilter$StaticUserFilter) to context static
2019-07-13 07:41:25,492 INFO  http.HttpServer2 (HttpServer2.java:bindListener(1191)) - Jetty bound to port 38251
2019-07-13 07:41:25,492 INFO  server.Server (Server.java:doStart(351)) - jetty-9.3.24.v20180605, build timestamp: 2018-06-05T17:11:56Z, git hash: 84205aa28f11a4f31f2a3b86d1bba2cc8ab69827
2019-07-13 07:41:25,495 INFO  handler.ContextHandler (ContextHandler.java:doStart(781)) - Started o.e.j.s.ServletContextHandler@48158b86{/logs,file:///tmp/workdir/hadoop-ozone/integration-test/target/log,AVAILABLE}
2019-07-13 07:41:25,496 INFO  handler.ContextHandler (ContextHandler.java:doStart(781)) - Started o.e.j.s.ServletContextHandler@49bf6f8c{/static,jar:file:/home/user/.m2/repository/org/apache/hadoop/hadoop-hdds-container-service/0.5.0-SNAPSHOT/hadoop-hdds-container-service-0.5.0-SNAPSHOT.jar!/webapps/static,AVAILABLE}
2019-07-13 07:41:25,536 INFO  handler.ContextHandler (ContextHandler.java:doStart(781)) - Started o.e.j.w.WebAppContext@7a065f73{/,file:///tmp/jetty-0.0.0.0-38251-hddsDatanode-_-any-4033779136723167883.dir/webapp/,AVAILABLE}{/hddsDatanode}
2019-07-13 07:41:25,536 INFO  server.AbstractConnector (AbstractConnector.java:doStart(278)) - Started ServerConnector@3f2b55f8{HTTP/1.1,[http/1.1]}{0.0.0.0:38251}
2019-07-13 07:41:25,537 INFO  server.Server (Server.java:doStart(419)) - Started @709079ms
2019-07-13 07:41:25,538 INFO  server.BaseHttpServer (BaseHttpServer.java:updateConnectorAddress(207)) - HTTP server of HDDSDATANODE is listening at http://0.0.0.0:38251
2019-07-13 07:41:25,682 INFO  ozone.HddsDatanodeService (HddsDatanodeService.java:startPlugins(396)) - Started plug-in org.apache.hadoop.ozone.web.OzoneHddsDatanodeService@3a7ba368
2019-07-13 07:41:25,683 INFO  impl.MetricsSystemImpl (MetricsSystemImpl.java:init(158)) - HddsDatanode metrics system started (again)
2019-07-13 07:41:25,685 INFO  ozone.HddsDatanodeService (HddsDatanodeService.java:start(185)) - HddsDatanodeService host:trunk-nightly-9lh4p-2362225927 ip:192.168.69.84
2019-07-13 07:41:25,687 INFO  util.JvmPauseMonitor (JvmPauseMonitor.java:run(188)) - Starting JVM pause monitor
2019-07-13 07:41:25,688 INFO  datanode.InitDatanodeState (InitDatanodeState.java:persistContainerDatanodeDetails(140)) - DatanodeDetails is persisted to /tmp/workdir/hadoop-ozone/integration-test/target/test-dir/MiniOzoneClusterImpl-4cc15ec6-cc18-4484-86b8-0206962934ea/datanode-4/meta/datanode.id
2019-07-13 07:41:25,703 INFO  volume.HddsVolume (HddsVolume.java:<init>(176)) - Creating Volume: /tmp/workdir/hadoop-ozone/integration-test/target/test-dir/MiniOzoneClusterImpl-4cc15ec6-cc18-4484-86b8-0206962934ea/datanode-5/data/containers/hdds of  storage type : DISK and capacity : 52710309888
2019-07-13 07:41:25,703 INFO  volume.VolumeSet (VolumeSet.java:initializeVolumeSet(170)) - Added Volume : /tmp/workdir/hadoop-ozone/integration-test/target/test-dir/MiniOzoneClusterImpl-4cc15ec6-cc18-4484-86b8-0206962934ea/datanode-5/data/containers/hdds to VolumeSet
2019-07-13 07:41:25,704 INFO  volume.ThrottledAsyncChecker (ThrottledAsyncChecker.java:schedule(140)) - Scheduling a check for org.apache.hadoop.ozone.container.common.volume.HddsVolume@1f404aa1
2019-07-13 07:41:25,704 INFO  volume.HddsVolumeChecker (HddsVolumeChecker.java:checkAllVolumes(203)) - Scheduled health check for volume org.apache.hadoop.ozone.container.common.volume.HddsVolume@1f404aa1
2019-07-13 07:41:25,724 INFO  impl.RaftServerProxy (ConfUtils.java:logGet(43)) - raft.rpc.type = GRPC (default)
2019-07-13 07:41:25,724 INFO  grpc.GrpcFactory (GrpcFactory.java:checkPooledByteBufAllocatorUseCacheForAllThreads(45)) - PERFORMANCE WARNING: useCacheForAllThreads is true that may cause Netty to create a lot garbage objects and, as a result, trigger GC.
	It is recommended to disable useCacheForAllThreads by setting -Dorg.apache.ratis.thirdparty.io.netty.allocator.useCacheForAllThreads=false in command line.
2019-07-13 07:41:25,725 INFO  grpc.GrpcConfigKeys$Server (ConfUtils.java:logGet(43)) - raft.grpc.server.port = 0 (default)
2019-07-13 07:41:25,725 INFO  server.GrpcService (ConfUtils.java:logGet(43)) - raft.grpc.message.size.max = 33570816 (custom)
2019-07-13 07:41:25,725 INFO  server.RaftServerConfigKeys (ConfUtils.java:logGet(43)) - raft.server.log.appender.buffer.byte-limit = 33554432 (custom)
2019-07-13 07:41:25,725 INFO  server.GrpcService (ConfUtils.java:logGet(43)) - raft.grpc.flow.control.window = 1MB (=1048576) (default)
2019-07-13 07:41:25,726 INFO  server.RaftServerConfigKeys (ConfUtils.java:logGet(43)) - raft.server.rpc.request.timeout = 3000ms (default)
2019-07-13 07:41:25,726 INFO  server.RaftServerConfigKeys (ConfUtils.java:logGet(43)) - raft.server.storage.dir = [/tmp/workdir/hadoop-ozone/integration-test/target/test-dir/MiniOzoneClusterImpl-4cc15ec6-cc18-4484-86b8-0206962934ea/datanode-5/data/ratis] (custom)
2019-07-13 07:41:25,727 INFO  replication.SimpleContainerDownloader (SimpleContainerDownloader.java:<init>(72)) - Starting container downloader service to copy containers to replicate.
2019-07-13 07:41:25,728 INFO  hdfs.DFSUtil (DFSUtil.java:httpServerTemplateForNNAndJN(1641)) - Starting Web-server for hddsDatanode at: http://0.0.0.0:0
2019-07-13 07:41:25,730 INFO  server.AuthenticationFilter (AuthenticationFilter.java:constructSecretProvider(240)) - Unable to initialize FileSignerSecretProvider, falling back to use random secrets.
2019-07-13 07:41:25,731 WARN  http.HttpRequestLog (HttpRequestLog.java:getRequestLog(97)) - Jetty request log can only be enabled using Log4j
2019-07-13 07:41:25,732 INFO  http.HttpServer2 (HttpServer2.java:addGlobalFilter(975)) - Added global filter 'safety' (class=org.apache.hadoop.http.HttpServer2$QuotingInputFilter)
2019-07-13 07:41:25,733 INFO  http.HttpServer2 (HttpServer2.java:addFilter(948)) - Added filter static_user_filter (class=org.apache.hadoop.http.lib.StaticUserWebFilter$StaticUserFilter) to context hddsDatanode
2019-07-13 07:41:25,733 INFO  http.HttpServer2 (HttpServer2.java:addFilter(958)) - Added filter static_user_filter (class=org.apache.hadoop.http.lib.StaticUserWebFilter$StaticUserFilter) to context static
2019-07-13 07:41:25,733 INFO  http.HttpServer2 (HttpServer2.java:addFilter(958)) - Added filter static_user_filter (class=org.apache.hadoop.http.lib.StaticUserWebFilter$StaticUserFilter) to context logs
2019-07-13 07:41:25,734 INFO  http.HttpServer2 (HttpServer2.java:bindListener(1191)) - Jetty bound to port 39655
2019-07-13 07:41:25,735 INFO  server.Server (Server.java:doStart(351)) - jetty-9.3.24.v20180605, build timestamp: 2018-06-05T17:11:56Z, git hash: 84205aa28f11a4f31f2a3b86d1bba2cc8ab69827
2019-07-13 07:41:25,737 INFO  handler.ContextHandler (ContextHandler.java:doStart(781)) - Started o.e.j.s.ServletContextHandler@396ea7ab{/logs,file:///tmp/workdir/hadoop-ozone/integration-test/target/log,AVAILABLE}
2019-07-13 07:41:25,738 INFO  handler.ContextHandler (ContextHandler.java:doStart(781)) - Started o.e.j.s.ServletContextHandler@5e9257b3{/static,jar:file:/home/user/.m2/repository/org/apache/hadoop/hadoop-hdds-container-service/0.5.0-SNAPSHOT/hadoop-hdds-container-service-0.5.0-SNAPSHOT.jar!/webapps/static,AVAILABLE}
2019-07-13 07:41:25,783 INFO  handler.ContextHandler (ContextHandler.java:doStart(781)) - Started o.e.j.w.WebAppContext@77d695f2{/,file:///tmp/jetty-0.0.0.0-39655-hddsDatanode-_-any-3824766334272481460.dir/webapp/,AVAILABLE}{/hddsDatanode}
2019-07-13 07:41:25,785 INFO  server.AbstractConnector (AbstractConnector.java:doStart(278)) - Started ServerConnector@76639714{HTTP/1.1,[http/1.1]}{0.0.0.0:39655}
2019-07-13 07:41:25,787 INFO  server.Server (Server.java:doStart(419)) - Started @709328ms
2019-07-13 07:41:25,788 INFO  server.BaseHttpServer (BaseHttpServer.java:updateConnectorAddress(207)) - HTTP server of HDDSDATANODE is listening at http://0.0.0.0:39655
2019-07-13 07:41:25,898 INFO  ozone.HddsDatanodeService (HddsDatanodeService.java:startPlugins(396)) - Started plug-in org.apache.hadoop.ozone.web.OzoneHddsDatanodeService@18505320
2019-07-13 07:41:25,898 INFO  impl.MetricsSystemImpl (MetricsSystemImpl.java:init(158)) - HddsDatanode metrics system started (again)
2019-07-13 07:41:25,901 INFO  ozone.HddsDatanodeService (HddsDatanodeService.java:start(185)) - HddsDatanodeService host:trunk-nightly-9lh4p-2362225927 ip:192.168.69.84
2019-07-13 07:41:25,902 INFO  util.JvmPauseMonitor (JvmPauseMonitor.java:run(188)) - Starting JVM pause monitor
2019-07-13 07:41:25,903 INFO  datanode.InitDatanodeState (InitDatanodeState.java:persistContainerDatanodeDetails(140)) - DatanodeDetails is persisted to /tmp/workdir/hadoop-ozone/integration-test/target/test-dir/MiniOzoneClusterImpl-4cc15ec6-cc18-4484-86b8-0206962934ea/datanode-5/meta/datanode.id
2019-07-13 07:41:25,915 INFO  volume.HddsVolume (HddsVolume.java:<init>(176)) - Creating Volume: /tmp/workdir/hadoop-ozone/integration-test/target/test-dir/MiniOzoneClusterImpl-4cc15ec6-cc18-4484-86b8-0206962934ea/datanode-6/data/containers/hdds of  storage type : DISK and capacity : 52710309888
2019-07-13 07:41:25,915 INFO  volume.VolumeSet (VolumeSet.java:initializeVolumeSet(170)) - Added Volume : /tmp/workdir/hadoop-ozone/integration-test/target/test-dir/MiniOzoneClusterImpl-4cc15ec6-cc18-4484-86b8-0206962934ea/datanode-6/data/containers/hdds to VolumeSet
2019-07-13 07:41:25,915 INFO  volume.ThrottledAsyncChecker (ThrottledAsyncChecker.java:schedule(140)) - Scheduling a check for org.apache.hadoop.ozone.container.common.volume.HddsVolume@f04b315
2019-07-13 07:41:25,916 INFO  volume.HddsVolumeChecker (HddsVolumeChecker.java:checkAllVolumes(203)) - Scheduled health check for volume org.apache.hadoop.ozone.container.common.volume.HddsVolume@f04b315
2019-07-13 07:41:25,930 INFO  impl.RaftServerProxy (ConfUtils.java:logGet(43)) - raft.rpc.type = GRPC (default)
2019-07-13 07:41:25,930 INFO  grpc.GrpcFactory (GrpcFactory.java:checkPooledByteBufAllocatorUseCacheForAllThreads(45)) - PERFORMANCE WARNING: useCacheForAllThreads is true that may cause Netty to create a lot garbage objects and, as a result, trigger GC.
	It is recommended to disable useCacheForAllThreads by setting -Dorg.apache.ratis.thirdparty.io.netty.allocator.useCacheForAllThreads=false in command line.
2019-07-13 07:41:25,930 INFO  grpc.GrpcConfigKeys$Server (ConfUtils.java:logGet(43)) - raft.grpc.server.port = 0 (default)
2019-07-13 07:41:25,930 INFO  server.GrpcService (ConfUtils.java:logGet(43)) - raft.grpc.message.size.max = 33570816 (custom)
2019-07-13 07:41:25,931 INFO  server.RaftServerConfigKeys (ConfUtils.java:logGet(43)) - raft.server.log.appender.buffer.byte-limit = 33554432 (custom)
2019-07-13 07:41:25,931 INFO  server.GrpcService (ConfUtils.java:logGet(43)) - raft.grpc.flow.control.window = 1MB (=1048576) (default)
2019-07-13 07:41:25,931 INFO  server.RaftServerConfigKeys (ConfUtils.java:logGet(43)) - raft.server.rpc.request.timeout = 3000ms (default)
2019-07-13 07:41:25,931 INFO  server.RaftServerConfigKeys (ConfUtils.java:logGet(43)) - raft.server.storage.dir = [/tmp/workdir/hadoop-ozone/integration-test/target/test-dir/MiniOzoneClusterImpl-4cc15ec6-cc18-4484-86b8-0206962934ea/datanode-6/data/ratis] (custom)
2019-07-13 07:41:25,932 INFO  replication.SimpleContainerDownloader (SimpleContainerDownloader.java:<init>(72)) - Starting container downloader service to copy containers to replicate.
2019-07-13 07:41:25,933 INFO  hdfs.DFSUtil (DFSUtil.java:httpServerTemplateForNNAndJN(1641)) - Starting Web-server for hddsDatanode at: http://0.0.0.0:0
2019-07-13 07:41:25,934 INFO  server.AuthenticationFilter (AuthenticationFilter.java:constructSecretProvider(240)) - Unable to initialize FileSignerSecretProvider, falling back to use random secrets.
2019-07-13 07:41:25,934 WARN  http.HttpRequestLog (HttpRequestLog.java:getRequestLog(97)) - Jetty request log can only be enabled using Log4j
2019-07-13 07:41:25,935 INFO  http.HttpServer2 (HttpServer2.java:addGlobalFilter(975)) - Added global filter 'safety' (class=org.apache.hadoop.http.HttpServer2$QuotingInputFilter)
2019-07-13 07:41:25,935 INFO  http.HttpServer2 (HttpServer2.java:addFilter(948)) - Added filter static_user_filter (class=org.apache.hadoop.http.lib.StaticUserWebFilter$StaticUserFilter) to context hddsDatanode
2019-07-13 07:41:25,935 INFO  http.HttpServer2 (HttpServer2.java:addFilter(958)) - Added filter static_user_filter (class=org.apache.hadoop.http.lib.StaticUserWebFilter$StaticUserFilter) to context static
2019-07-13 07:41:25,935 INFO  http.HttpServer2 (HttpServer2.java:addFilter(958)) - Added filter static_user_filter (class=org.apache.hadoop.http.lib.StaticUserWebFilter$StaticUserFilter) to context logs
2019-07-13 07:41:25,936 INFO  http.HttpServer2 (HttpServer2.java:bindListener(1191)) - Jetty bound to port 33458
2019-07-13 07:41:25,936 INFO  server.Server (Server.java:doStart(351)) - jetty-9.3.24.v20180605, build timestamp: 2018-06-05T17:11:56Z, git hash: 84205aa28f11a4f31f2a3b86d1bba2cc8ab69827
2019-07-13 07:41:25,938 INFO  handler.ContextHandler (ContextHandler.java:doStart(781)) - Started o.e.j.s.ServletContextHandler@5e6dcfa{/logs,file:///tmp/workdir/hadoop-ozone/integration-test/target/log,AVAILABLE}
2019-07-13 07:41:25,938 INFO  handler.ContextHandler (ContextHandler.java:doStart(781)) - Started o.e.j.s.ServletContextHandler@734df10b{/static,jar:file:/home/user/.m2/repository/org/apache/hadoop/hadoop-hdds-container-service/0.5.0-SNAPSHOT/hadoop-hdds-container-service-0.5.0-SNAPSHOT.jar!/webapps/static,AVAILABLE}
2019-07-13 07:41:25,964 INFO  handler.ContextHandler (ContextHandler.java:doStart(781)) - Started o.e.j.w.WebAppContext@18ea91d7{/,file:///tmp/jetty-0.0.0.0-33458-hddsDatanode-_-any-2077888861279583322.dir/webapp/,AVAILABLE}{/hddsDatanode}
2019-07-13 07:41:25,964 INFO  server.AbstractConnector (AbstractConnector.java:doStart(278)) - Started ServerConnector@33cbd883{HTTP/1.1,[http/1.1]}{0.0.0.0:33458}
2019-07-13 07:41:25,964 INFO  server.Server (Server.java:doStart(419)) - Started @709506ms
2019-07-13 07:41:25,966 INFO  server.BaseHttpServer (BaseHttpServer.java:updateConnectorAddress(207)) - HTTP server of HDDSDATANODE is listening at http://0.0.0.0:33458
2019-07-13 07:41:26,093 INFO  ozone.HddsDatanodeService (HddsDatanodeService.java:startPlugins(396)) - Started plug-in org.apache.hadoop.ozone.web.OzoneHddsDatanodeService@6fa1dc0c
2019-07-13 07:41:26,094 INFO  ozone.MiniOzoneClusterImpl (MiniOzoneClusterImpl.java:lambda$waitForClusterToBeReady$0(142)) - Waiting for cluster to be ready. Got 0 of 7 DN Heartbeats.
2019-07-13 07:41:26,098 INFO  util.JvmPauseMonitor (JvmPauseMonitor.java:run(188)) - Starting JVM pause monitor
2019-07-13 07:41:26,099 INFO  datanode.InitDatanodeState (InitDatanodeState.java:persistContainerDatanodeDetails(140)) - DatanodeDetails is persisted to /tmp/workdir/hadoop-ozone/integration-test/target/test-dir/MiniOzoneClusterImpl-4cc15ec6-cc18-4484-86b8-0206962934ea/datanode-6/meta/datanode.id
2019-07-13 07:41:26,822 INFO  ozoneimpl.OzoneContainer (OzoneContainer.java:start(186)) - Attempting to start container services.
2019-07-13 07:41:26,825 INFO  ozoneimpl.OzoneContainer (OzoneContainer.java:startContainerScrub(160)) - Background container scrubber has been disabled by hdds.containerscrub.enabled
2019-07-13 07:41:26,825 INFO  ratis.XceiverServerRatis (XceiverServerRatis.java:start(418)) - Starting XceiverServerRatis 369b40cb-960e-4ee5-8d96-62fde9080aed at port 0
2019-07-13 07:41:26,833 INFO  impl.RaftServerProxy (RaftServerProxy.java:lambda$start$3(299)) - 369b40cb-960e-4ee5-8d96-62fde9080aed: start RPC server
2019-07-13 07:41:26,836 INFO  server.GrpcService (GrpcService.java:startImpl(149)) - 369b40cb-960e-4ee5-8d96-62fde9080aed: GrpcService started, listening on 0.0.0.0/0.0.0.0:32806
2019-07-13 07:41:26,836 INFO  ratis.XceiverServerRatis (XceiverServerRatis.java:start(428)) - XceiverServerRatis 369b40cb-960e-4ee5-8d96-62fde9080aed is started using port 32806
2019-07-13 07:41:26,836 INFO  server.XceiverServerGrpc (XceiverServerGrpc.java:start(161)) - XceiverServerGrpc 369b40cb-960e-4ee5-8d96-62fde9080aed is started using port 34016
2019-07-13 07:41:27,056 INFO  ozoneimpl.OzoneContainer (OzoneContainer.java:start(186)) - Attempting to start container services.
2019-07-13 07:41:27,059 INFO  ozoneimpl.OzoneContainer (OzoneContainer.java:startContainerScrub(160)) - Background container scrubber has been disabled by hdds.containerscrub.enabled
2019-07-13 07:41:27,059 INFO  ratis.XceiverServerRatis (XceiverServerRatis.java:start(418)) - Starting XceiverServerRatis 33399b93-c352-4e1c-92d7-4b52ced967ed at port 0
2019-07-13 07:41:27,068 INFO  impl.RaftServerProxy (RaftServerProxy.java:lambda$start$3(299)) - 33399b93-c352-4e1c-92d7-4b52ced967ed: start RPC server
2019-07-13 07:41:27,069 INFO  server.GrpcService (GrpcService.java:startImpl(149)) - 33399b93-c352-4e1c-92d7-4b52ced967ed: GrpcService started, listening on 0.0.0.0/0.0.0.0:37783
2019-07-13 07:41:27,069 INFO  ratis.XceiverServerRatis (XceiverServerRatis.java:start(428)) - XceiverServerRatis 33399b93-c352-4e1c-92d7-4b52ced967ed is started using port 37783
2019-07-13 07:41:27,075 INFO  server.XceiverServerGrpc (XceiverServerGrpc.java:start(161)) - XceiverServerGrpc 33399b93-c352-4e1c-92d7-4b52ced967ed is started using port 37232
2019-07-13 07:41:27,097 INFO  ozone.MiniOzoneClusterImpl (MiniOzoneClusterImpl.java:lambda$waitForClusterToBeReady$0(142)) - Waiting for cluster to be ready. Got 0 of 7 DN Heartbeats.
2019-07-13 07:41:27,260 INFO  ozoneimpl.OzoneContainer (OzoneContainer.java:start(186)) - Attempting to start container services.
2019-07-13 07:41:27,266 INFO  ozoneimpl.OzoneContainer (OzoneContainer.java:startContainerScrub(160)) - Background container scrubber has been disabled by hdds.containerscrub.enabled
2019-07-13 07:41:27,266 INFO  ratis.XceiverServerRatis (XceiverServerRatis.java:start(418)) - Starting XceiverServerRatis c6eea7df-d0c8-4dda-ad10-f8b930a01305 at port 0
2019-07-13 07:41:27,273 INFO  impl.RaftServerProxy (RaftServerProxy.java:lambda$start$3(299)) - c6eea7df-d0c8-4dda-ad10-f8b930a01305: start RPC server
2019-07-13 07:41:27,273 INFO  server.GrpcService (GrpcService.java:startImpl(149)) - c6eea7df-d0c8-4dda-ad10-f8b930a01305: GrpcService started, listening on 0.0.0.0/0.0.0.0:39996
2019-07-13 07:41:27,273 INFO  ratis.XceiverServerRatis (XceiverServerRatis.java:start(428)) - XceiverServerRatis c6eea7df-d0c8-4dda-ad10-f8b930a01305 is started using port 39996
2019-07-13 07:41:27,279 INFO  server.XceiverServerGrpc (XceiverServerGrpc.java:start(161)) - XceiverServerGrpc c6eea7df-d0c8-4dda-ad10-f8b930a01305 is started using port 46605
2019-07-13 07:41:27,463 INFO  ozoneimpl.OzoneContainer (OzoneContainer.java:start(186)) - Attempting to start container services.
2019-07-13 07:41:27,463 INFO  ozoneimpl.OzoneContainer (OzoneContainer.java:startContainerScrub(160)) - Background container scrubber has been disabled by hdds.containerscrub.enabled
2019-07-13 07:41:27,463 INFO  ratis.XceiverServerRatis (XceiverServerRatis.java:start(418)) - Starting XceiverServerRatis 908d6ca4-f81f-4ee2-b817-a1b7e429e68d at port 0
2019-07-13 07:41:27,471 INFO  impl.RaftServerProxy (RaftServerProxy.java:lambda$start$3(299)) - 908d6ca4-f81f-4ee2-b817-a1b7e429e68d: start RPC server
2019-07-13 07:41:27,472 INFO  server.GrpcService (GrpcService.java:startImpl(149)) - 908d6ca4-f81f-4ee2-b817-a1b7e429e68d: GrpcService started, listening on 0.0.0.0/0.0.0.0:43435
2019-07-13 07:41:27,472 INFO  ratis.XceiverServerRatis (XceiverServerRatis.java:start(428)) - XceiverServerRatis 908d6ca4-f81f-4ee2-b817-a1b7e429e68d is started using port 43435
2019-07-13 07:41:27,473 INFO  server.XceiverServerGrpc (XceiverServerGrpc.java:start(161)) - XceiverServerGrpc 908d6ca4-f81f-4ee2-b817-a1b7e429e68d is started using port 46579
2019-07-13 07:41:27,713 INFO  ozoneimpl.OzoneContainer (OzoneContainer.java:start(186)) - Attempting to start container services.
2019-07-13 07:41:27,713 INFO  ozoneimpl.OzoneContainer (OzoneContainer.java:startContainerScrub(160)) - Background container scrubber has been disabled by hdds.containerscrub.enabled
2019-07-13 07:41:27,714 INFO  ratis.XceiverServerRatis (XceiverServerRatis.java:start(418)) - Starting XceiverServerRatis c24005f3-f064-468d-9d57-cc18c4734a6b at port 0
2019-07-13 07:41:27,722 INFO  impl.RaftServerProxy (RaftServerProxy.java:lambda$start$3(299)) - c24005f3-f064-468d-9d57-cc18c4734a6b: start RPC server
2019-07-13 07:41:27,722 INFO  server.GrpcService (GrpcService.java:startImpl(149)) - c24005f3-f064-468d-9d57-cc18c4734a6b: GrpcService started, listening on 0.0.0.0/0.0.0.0:37533
2019-07-13 07:41:27,723 INFO  ratis.XceiverServerRatis (XceiverServerRatis.java:start(428)) - XceiverServerRatis c24005f3-f064-468d-9d57-cc18c4734a6b is started using port 37533
2019-07-13 07:41:27,723 INFO  server.XceiverServerGrpc (XceiverServerGrpc.java:start(161)) - XceiverServerGrpc c24005f3-f064-468d-9d57-cc18c4734a6b is started using port 42087
2019-07-13 07:41:27,992 INFO  ozoneimpl.OzoneContainer (OzoneContainer.java:start(186)) - Attempting to start container services.
2019-07-13 07:41:27,992 INFO  ozoneimpl.OzoneContainer (OzoneContainer.java:startContainerScrub(160)) - Background container scrubber has been disabled by hdds.containerscrub.enabled
2019-07-13 07:41:27,992 INFO  ratis.XceiverServerRatis (XceiverServerRatis.java:start(418)) - Starting XceiverServerRatis 8bf5bc8b-bcdd-4299-8058-a0833f294212 at port 0
2019-07-13 07:41:28,000 INFO  impl.RaftServerProxy (RaftServerProxy.java:lambda$start$3(299)) - 8bf5bc8b-bcdd-4299-8058-a0833f294212: start RPC server
2019-07-13 07:41:28,004 INFO  server.GrpcService (GrpcService.java:startImpl(149)) - 8bf5bc8b-bcdd-4299-8058-a0833f294212: GrpcService started, listening on 0.0.0.0/0.0.0.0:36965
2019-07-13 07:41:28,004 INFO  ratis.XceiverServerRatis (XceiverServerRatis.java:start(428)) - XceiverServerRatis 8bf5bc8b-bcdd-4299-8058-a0833f294212 is started using port 36965
2019-07-13 07:41:28,005 INFO  server.XceiverServerGrpc (XceiverServerGrpc.java:start(161)) - XceiverServerGrpc 8bf5bc8b-bcdd-4299-8058-a0833f294212 is started using port 40774
2019-07-13 07:41:28,098 INFO  ozone.MiniOzoneClusterImpl (MiniOzoneClusterImpl.java:lambda$waitForClusterToBeReady$0(142)) - Waiting for cluster to be ready. Got 0 of 7 DN Heartbeats.
2019-07-13 07:41:28,122 INFO  ozoneimpl.OzoneContainer (OzoneContainer.java:start(186)) - Attempting to start container services.
2019-07-13 07:41:28,122 INFO  ozoneimpl.OzoneContainer (OzoneContainer.java:startContainerScrub(160)) - Background container scrubber has been disabled by hdds.containerscrub.enabled
2019-07-13 07:41:28,122 INFO  ratis.XceiverServerRatis (XceiverServerRatis.java:start(418)) - Starting XceiverServerRatis 06935ff0-233c-4c11-a2d3-dee2386cd0a2 at port 0
2019-07-13 07:41:28,130 INFO  impl.RaftServerProxy (RaftServerProxy.java:lambda$start$3(299)) - 06935ff0-233c-4c11-a2d3-dee2386cd0a2: start RPC server
2019-07-13 07:41:28,131 INFO  server.GrpcService (GrpcService.java:startImpl(149)) - 06935ff0-233c-4c11-a2d3-dee2386cd0a2: GrpcService started, listening on 0.0.0.0/0.0.0.0:36900
2019-07-13 07:41:28,131 INFO  ratis.XceiverServerRatis (XceiverServerRatis.java:start(428)) - XceiverServerRatis 06935ff0-233c-4c11-a2d3-dee2386cd0a2 is started using port 36900
2019-07-13 07:41:28,131 INFO  server.XceiverServerGrpc (XceiverServerGrpc.java:start(161)) - XceiverServerGrpc 06935ff0-233c-4c11-a2d3-dee2386cd0a2 is started using port 44475
2019-07-13 07:41:28,792 INFO  net.NetworkTopology (NetworkTopologyImpl.java:add(110)) - Added a new node: /default-rack/192.168.69.84
2019-07-13 07:41:28,797 INFO  node.SCMNodeManager (SCMNodeManager.java:register(269)) - Registered Data node : 369b40cb-960e-4ee5-8d96-62fde9080aed{ip: 192.168.69.84, host: trunk-nightly-9lh4p-2362225927, networkLocation: /default-rack, certSerialId: null}
2019-07-13 07:41:28,798 INFO  safemode.SCMSafeModeManager (DataNodeSafeModeRule.java:process(71)) - SCM in safe mode. 1 DataNodes registered, 1 required.
2019-07-13 07:41:28,801 INFO  safemode.SCMSafeModeManager (SCMSafeModeManager.java:validateSafeModeExitRules(177)) - ScmSafeModeManager, all rules are successfully validated
2019-07-13 07:41:28,801 INFO  safemode.SCMSafeModeManager (SCMSafeModeManager.java:exitSafeMode(193)) - SCM exiting safe mode.
2019-07-13 07:41:28,817 INFO  impl.RaftServerProxy (RaftServerProxy.java:addNew(89)) - 369b40cb-960e-4ee5-8d96-62fde9080aed: addNew group-63CD860F786F:[369b40cb-960e-4ee5-8d96-62fde9080aed:192.168.69.84:32806] returns group-63CD860F786F:java.util.concurrent.CompletableFuture@79e0ec36[Not completed]
2019-07-13 07:41:28,818 INFO  impl.RaftServerImpl (RaftServerImpl.java:<init>(93)) - 369b40cb-960e-4ee5-8d96-62fde9080aed: new RaftServerImpl for group-63CD860F786F:[369b40cb-960e-4ee5-8d96-62fde9080aed:192.168.69.84:32806] with ContainerStateMachine:uninitialized
2019-07-13 07:41:28,819 INFO  server.RaftServerConfigKeys (ConfUtils.java:logGet(43)) - raft.server.rpc.timeout.min = 5s (custom)
2019-07-13 07:41:28,819 INFO  server.RaftServerConfigKeys (ConfUtils.java:logGet(43)) - raft.server.rpc.timeout.max = 5200ms (custom)
2019-07-13 07:41:28,819 INFO  server.RaftServerConfigKeys (ConfUtils.java:logGet(43)) - raft.server.rpcslowness.timeout = 120s (custom)
2019-07-13 07:41:28,819 INFO  server.RaftServerConfigKeys (ConfUtils.java:logGet(43)) - raft.server.sleep.deviation.threshold = 300 (default)
2019-07-13 07:41:28,819 INFO  server.RaftServerConfigKeys (ConfUtils.java:logGet(43)) - raft.server.log.appender.install.snapshot.enabled = false (custom)
2019-07-13 07:41:28,819 INFO  impl.RaftServerImpl (ServerState.java:<init>(105)) - 369b40cb-960e-4ee5-8d96-62fde9080aed:group-63CD860F786F ConfigurationManager, init=-1: [369b40cb-960e-4ee5-8d96-62fde9080aed:192.168.69.84:32806], old=null, confs=<EMPTY_MAP>
2019-07-13 07:41:28,820 INFO  server.RaftServerConfigKeys (ConfUtils.java:logGet(43)) - raft.server.storage.dir = [/tmp/workdir/hadoop-ozone/integration-test/target/test-dir/MiniOzoneClusterImpl-4cc15ec6-cc18-4484-86b8-0206962934ea/datanode-0/data/ratis] (custom)
2019-07-13 07:41:28,820 INFO  storage.RaftStorageDirectory (RaftStorageDirectory.java:analyzeStorage(246)) - The storage directory /tmp/workdir/hadoop-ozone/integration-test/target/test-dir/MiniOzoneClusterImpl-4cc15ec6-cc18-4484-86b8-0206962934ea/datanode-0/data/ratis/312807c7-bd8f-469b-a8b4-63cd860f786f does not exist. Creating ...
2019-07-13 07:41:28,834 INFO  storage.RaftStorageDirectory (RaftStorageDirectory.java:tryLock(328)) - Lock on /tmp/workdir/hadoop-ozone/integration-test/target/test-dir/MiniOzoneClusterImpl-4cc15ec6-cc18-4484-86b8-0206962934ea/datanode-0/data/ratis/312807c7-bd8f-469b-a8b4-63cd860f786f/in_use.lock acquired by nodename 29913@trunk-nightly-9lh4p-2362225927
2019-07-13 07:41:28,847 INFO  storage.RaftStorage (RaftStorage.java:format(72)) - Storage directory /tmp/workdir/hadoop-ozone/integration-test/target/test-dir/MiniOzoneClusterImpl-4cc15ec6-cc18-4484-86b8-0206962934ea/datanode-0/data/ratis/312807c7-bd8f-469b-a8b4-63cd860f786f has been successfully formatted.
2019-07-13 07:41:28,848 INFO  ratis.ContainerStateMachine (ContainerStateMachine.java:loadSnapshot(200)) - The snapshot info is null.Setting the last applied index to:(t:0, i:~)
2019-07-13 07:41:28,848 INFO  server.RaftServerConfigKeys (ConfUtils.java:logGet(43)) - raft.server.leader.election.timeout = 120s (custom)
2019-07-13 07:41:28,848 INFO  server.RaftServerConfigKeys (ConfUtils.java:logGet(43)) - raft.server.log.use.memory = false (default)
2019-07-13 07:41:28,848 INFO  server.RaftServerConfigKeys (ConfUtils.java:logGet(43)) - raft.server.log.purge.gap = 1000000000 (custom)
2019-07-13 07:41:28,848 INFO  server.RaftServerConfigKeys (ConfUtils.java:logGet(43)) - raft.server.log.appender.buffer.byte-limit = 33554432 (custom)
2019-07-13 07:41:28,849 INFO  server.RaftServerConfigKeys (ConfUtils.java:logGet(43)) - raft.server.log.segment.size.max = 1048576 (custom)
2019-07-13 07:41:28,849 INFO  server.RaftServerConfigKeys (ConfUtils.java:logGet(43)) - raft.server.log.segment.cache.num.max = 2 (custom)
2019-07-13 07:41:28,849 INFO  segmented.SegmentedRaftLogWorker (SegmentedRaftLogWorker.java:<init>(172)) - new 369b40cb-960e-4ee5-8d96-62fde9080aed-SegmentedRaftLogWorker:Storage Directory /tmp/workdir/hadoop-ozone/integration-test/target/test-dir/MiniOzoneClusterImpl-4cc15ec6-cc18-4484-86b8-0206962934ea/datanode-0/data/ratis/312807c7-bd8f-469b-a8b4-63cd860f786f for RaftStorage:Storage Directory /tmp/workdir/hadoop-ozone/integration-test/target/test-dir/MiniOzoneClusterImpl-4cc15ec6-cc18-4484-86b8-0206962934ea/datanode-0/data/ratis/312807c7-bd8f-469b-a8b4-63cd860f786f
2019-07-13 07:41:28,849 INFO  server.RaftServerConfigKeys (ConfUtils.java:logGet(43)) - raft.server.log.queue.byte-limit = 2147483647 (custom)
2019-07-13 07:41:28,849 INFO  server.RaftServerConfigKeys (ConfUtils.java:logGet(43)) - raft.server.log.queue.element-limit = 1024 (custom)
2019-07-13 07:41:28,850 INFO  server.RaftServerConfigKeys (ConfUtils.java:logGet(43)) - raft.server.log.segment.size.max = 1048576 (custom)
2019-07-13 07:41:28,850 INFO  server.RaftServerConfigKeys (ConfUtils.java:logGet(43)) - raft.server.log.preallocated.size = 16384 (custom)
2019-07-13 07:41:28,850 INFO  server.RaftServerConfigKeys (ConfUtils.java:logGet(43)) - raft.server.log.write.buffer.size = 33554432 (custom)
2019-07-13 07:41:28,850 INFO  server.RaftServerConfigKeys (ConfUtils.java:logGet(43)) - raft.server.log.force.sync.num = 128 (default)
2019-07-13 07:41:28,851 INFO  server.RaftServerConfigKeys (ConfUtils.java:logGet(43)) - raft.server.log.statemachine.data.sync = true (default)
2019-07-13 07:41:28,851 INFO  server.RaftServerConfigKeys (ConfUtils.java:logGet(43)) - raft.server.log.statemachine.data.sync.timeout = 10s (default)
2019-07-13 07:41:28,851 INFO  server.RaftServerConfigKeys (ConfUtils.java:logGet(43)) - raft.server.log.statemachine.data.sync.timeout.retry = -1 (default)
2019-07-13 07:41:28,851 INFO  server.RaftServerConfigKeys (ConfUtils.java:logGet(43)) - raft.server.log.statemachine.data.caching.enabled = true (custom)
2019-07-13 07:41:28,852 INFO  segmented.SegmentedRaftLogWorker (SegmentedRaftLogWorker.java:lambda$new$0(132)) - 369b40cb-960e-4ee5-8d96-62fde9080aed-SegmentedRaftLogWorker:Storage Directory /tmp/workdir/hadoop-ozone/integration-test/target/test-dir/MiniOzoneClusterImpl-4cc15ec6-cc18-4484-86b8-0206962934ea/datanode-0/data/ratis/312807c7-bd8f-469b-a8b4-63cd860f786f: flushIndex: setUnconditionally 0 -> -1
2019-07-13 07:41:28,852 INFO  server.RaftServerConfigKeys (ConfUtils.java:logGet(43)) - raft.server.snapshot.auto.trigger.enabled = true (custom)
2019-07-13 07:41:28,852 INFO  server.RaftServerConfigKeys (ConfUtils.java:logGet(43)) - raft.server.snapshot.auto.trigger.threshold = 10000 (custom)
2019-07-13 07:41:28,852 INFO  server.RaftServerConfigKeys (ConfUtils.java:logGet(43)) - raft.server.retrycache.expirytime = 600000ms (custom)
2019-07-13 07:41:28,853 INFO  impl.RaftServerImpl (RaftServerImpl.java:start(180)) - 369b40cb-960e-4ee5-8d96-62fde9080aed: start group-63CD860F786F
2019-07-13 07:41:28,853 INFO  impl.RaftServerImpl (RaftServerImpl.java:setRole(171)) - 369b40cb-960e-4ee5-8d96-62fde9080aed:group-63CD860F786F changes role from null to FOLLOWER at term 0 for startAsFollower
2019-07-13 07:41:28,853 INFO  impl.RoleInfo (RoleInfo.java:updateAndGet(143)) - 369b40cb-960e-4ee5-8d96-62fde9080aed: start FollowerState
2019-07-13 07:41:28,854 INFO  util.JmxRegister (JmxRegister.java:tryRegister(44)) - Successfully registered JMX Bean with object name Ratis:service=RaftServer,group=group-63CD860F786F,id=369b40cb-960e-4ee5-8d96-62fde9080aed
2019-07-13 07:41:28,858 INFO  pipeline.PipelineStateManager (PipelineStateManager.java:addPipeline(56)) - Created pipeline Pipeline[ Id: 312807c7-bd8f-469b-a8b4-63cd860f786f, Nodes: 369b40cb-960e-4ee5-8d96-62fde9080aed{ip: 192.168.69.84, host: trunk-nightly-9lh4p-2362225927, networkLocation: /default-rack, certSerialId: null}, Type:RATIS, Factor:ONE, State:OPEN]
2019-07-13 07:41:29,013 INFO  node.SCMNodeManager (SCMNodeManager.java:register(269)) - Registered Data node : 33399b93-c352-4e1c-92d7-4b52ced967ed{ip: 192.168.69.84, host: trunk-nightly-9lh4p-2362225927, networkLocation: /default-rack, certSerialId: null}
2019-07-13 07:41:29,031 INFO  impl.RaftServerProxy (RaftServerProxy.java:addNew(89)) - 33399b93-c352-4e1c-92d7-4b52ced967ed: addNew group-712E1FD583C5:[33399b93-c352-4e1c-92d7-4b52ced967ed:192.168.69.84:37783] returns group-712E1FD583C5:java.util.concurrent.CompletableFuture@455163a6[Not completed]
2019-07-13 07:41:29,032 INFO  impl.RaftServerImpl (RaftServerImpl.java:<init>(93)) - 33399b93-c352-4e1c-92d7-4b52ced967ed: new RaftServerImpl for group-712E1FD583C5:[33399b93-c352-4e1c-92d7-4b52ced967ed:192.168.69.84:37783] with ContainerStateMachine:uninitialized
2019-07-13 07:41:29,032 INFO  server.RaftServerConfigKeys (ConfUtils.java:logGet(43)) - raft.server.rpc.timeout.min = 5s (custom)
2019-07-13 07:41:29,032 INFO  server.RaftServerConfigKeys (ConfUtils.java:logGet(43)) - raft.server.rpc.timeout.max = 5200ms (custom)
2019-07-13 07:41:29,032 INFO  server.RaftServerConfigKeys (ConfUtils.java:logGet(43)) - raft.server.rpcslowness.timeout = 120s (custom)
2019-07-13 07:41:29,032 INFO  server.RaftServerConfigKeys (ConfUtils.java:logGet(43)) - raft.server.sleep.deviation.threshold = 300 (default)
2019-07-13 07:41:29,032 INFO  server.RaftServerConfigKeys (ConfUtils.java:logGet(43)) - raft.server.log.appender.install.snapshot.enabled = false (custom)
2019-07-13 07:41:29,033 INFO  impl.RaftServerImpl (ServerState.java:<init>(105)) - 33399b93-c352-4e1c-92d7-4b52ced967ed:group-712E1FD583C5 ConfigurationManager, init=-1: [33399b93-c352-4e1c-92d7-4b52ced967ed:192.168.69.84:37783], old=null, confs=<EMPTY_MAP>
2019-07-13 07:41:29,033 INFO  server.RaftServerConfigKeys (ConfUtils.java:logGet(43)) - raft.server.storage.dir = [/tmp/workdir/hadoop-ozone/integration-test/target/test-dir/MiniOzoneClusterImpl-4cc15ec6-cc18-4484-86b8-0206962934ea/datanode-1/data/ratis] (custom)
2019-07-13 07:41:29,033 INFO  storage.RaftStorageDirectory (RaftStorageDirectory.java:analyzeStorage(246)) - The storage directory /tmp/workdir/hadoop-ozone/integration-test/target/test-dir/MiniOzoneClusterImpl-4cc15ec6-cc18-4484-86b8-0206962934ea/datanode-1/data/ratis/1b01dc2f-8e87-4120-bf9b-712e1fd583c5 does not exist. Creating ...
2019-07-13 07:41:29,046 INFO  storage.RaftStorageDirectory (RaftStorageDirectory.java:tryLock(328)) - Lock on /tmp/workdir/hadoop-ozone/integration-test/target/test-dir/MiniOzoneClusterImpl-4cc15ec6-cc18-4484-86b8-0206962934ea/datanode-1/data/ratis/1b01dc2f-8e87-4120-bf9b-712e1fd583c5/in_use.lock acquired by nodename 29913@trunk-nightly-9lh4p-2362225927
2019-07-13 07:41:29,059 INFO  storage.RaftStorage (RaftStorage.java:format(72)) - Storage directory /tmp/workdir/hadoop-ozone/integration-test/target/test-dir/MiniOzoneClusterImpl-4cc15ec6-cc18-4484-86b8-0206962934ea/datanode-1/data/ratis/1b01dc2f-8e87-4120-bf9b-712e1fd583c5 has been successfully formatted.
2019-07-13 07:41:29,060 INFO  ratis.ContainerStateMachine (ContainerStateMachine.java:loadSnapshot(200)) - The snapshot info is null.Setting the last applied index to:(t:0, i:~)
2019-07-13 07:41:29,060 INFO  server.RaftServerConfigKeys (ConfUtils.java:logGet(43)) - raft.server.leader.election.timeout = 120s (custom)
2019-07-13 07:41:29,060 INFO  server.RaftServerConfigKeys (ConfUtils.java:logGet(43)) - raft.server.log.use.memory = false (default)
2019-07-13 07:41:29,060 INFO  server.RaftServerConfigKeys (ConfUtils.java:logGet(43)) - raft.server.log.purge.gap = 1000000000 (custom)
2019-07-13 07:41:29,060 INFO  server.RaftServerConfigKeys (ConfUtils.java:logGet(43)) - raft.server.log.appender.buffer.byte-limit = 33554432 (custom)
2019-07-13 07:41:29,060 INFO  server.RaftServerConfigKeys (ConfUtils.java:logGet(43)) - raft.server.log.segment.size.max = 1048576 (custom)
2019-07-13 07:41:29,061 INFO  server.RaftServerConfigKeys (ConfUtils.java:logGet(43)) - raft.server.log.segment.cache.num.max = 2 (custom)
2019-07-13 07:41:29,061 INFO  segmented.SegmentedRaftLogWorker (SegmentedRaftLogWorker.java:<init>(172)) - new 33399b93-c352-4e1c-92d7-4b52ced967ed-SegmentedRaftLogWorker:Storage Directory /tmp/workdir/hadoop-ozone/integration-test/target/test-dir/MiniOzoneClusterImpl-4cc15ec6-cc18-4484-86b8-0206962934ea/datanode-1/data/ratis/1b01dc2f-8e87-4120-bf9b-712e1fd583c5 for RaftStorage:Storage Directory /tmp/workdir/hadoop-ozone/integration-test/target/test-dir/MiniOzoneClusterImpl-4cc15ec6-cc18-4484-86b8-0206962934ea/datanode-1/data/ratis/1b01dc2f-8e87-4120-bf9b-712e1fd583c5
2019-07-13 07:41:29,061 INFO  server.RaftServerConfigKeys (ConfUtils.java:logGet(43)) - raft.server.log.queue.byte-limit = 2147483647 (custom)
2019-07-13 07:41:29,061 INFO  server.RaftServerConfigKeys (ConfUtils.java:logGet(43)) - raft.server.log.queue.element-limit = 1024 (custom)
2019-07-13 07:41:29,061 INFO  server.RaftServerConfigKeys (ConfUtils.java:logGet(43)) - raft.server.log.segment.size.max = 1048576 (custom)
2019-07-13 07:41:29,062 INFO  server.RaftServerConfigKeys (ConfUtils.java:logGet(43)) - raft.server.log.preallocated.size = 16384 (custom)
2019-07-13 07:41:29,062 INFO  server.RaftServerConfigKeys (ConfUtils.java:logGet(43)) - raft.server.log.write.buffer.size = 33554432 (custom)
2019-07-13 07:41:29,062 INFO  server.RaftServerConfigKeys (ConfUtils.java:logGet(43)) - raft.server.log.force.sync.num = 128 (default)
2019-07-13 07:41:29,062 INFO  server.RaftServerConfigKeys (ConfUtils.java:logGet(43)) - raft.server.log.statemachine.data.sync = true (default)
2019-07-13 07:41:29,062 INFO  server.RaftServerConfigKeys (ConfUtils.java:logGet(43)) - raft.server.log.statemachine.data.sync.timeout = 10s (default)
2019-07-13 07:41:29,062 INFO  server.RaftServerConfigKeys (ConfUtils.java:logGet(43)) - raft.server.log.statemachine.data.sync.timeout.retry = -1 (default)
2019-07-13 07:41:29,063 INFO  server.RaftServerConfigKeys (ConfUtils.java:logGet(43)) - raft.server.log.statemachine.data.caching.enabled = true (custom)
2019-07-13 07:41:29,063 INFO  segmented.SegmentedRaftLogWorker (SegmentedRaftLogWorker.java:lambda$new$0(132)) - 33399b93-c352-4e1c-92d7-4b52ced967ed-SegmentedRaftLogWorker:Storage Directory /tmp/workdir/hadoop-ozone/integration-test/target/test-dir/MiniOzoneClusterImpl-4cc15ec6-cc18-4484-86b8-0206962934ea/datanode-1/data/ratis/1b01dc2f-8e87-4120-bf9b-712e1fd583c5: flushIndex: setUnconditionally 0 -> -1
2019-07-13 07:41:29,063 INFO  server.RaftServerConfigKeys (ConfUtils.java:logGet(43)) - raft.server.snapshot.auto.trigger.enabled = true (custom)
2019-07-13 07:41:29,064 INFO  server.RaftServerConfigKeys (ConfUtils.java:logGet(43)) - raft.server.snapshot.auto.trigger.threshold = 10000 (custom)
2019-07-13 07:41:29,064 INFO  server.RaftServerConfigKeys (ConfUtils.java:logGet(43)) - raft.server.retrycache.expirytime = 600000ms (custom)
2019-07-13 07:41:29,064 INFO  impl.RaftServerImpl (RaftServerImpl.java:start(180)) - 33399b93-c352-4e1c-92d7-4b52ced967ed: start group-712E1FD583C5
2019-07-13 07:41:29,064 INFO  impl.RaftServerImpl (RaftServerImpl.java:setRole(171)) - 33399b93-c352-4e1c-92d7-4b52ced967ed:group-712E1FD583C5 changes role from null to FOLLOWER at term 0 for startAsFollower
2019-07-13 07:41:29,064 INFO  impl.RoleInfo (RoleInfo.java:updateAndGet(143)) - 33399b93-c352-4e1c-92d7-4b52ced967ed: start FollowerState
2019-07-13 07:41:29,065 INFO  util.JmxRegister (JmxRegister.java:tryRegister(44)) - Successfully registered JMX Bean with object name Ratis:service=RaftServer,group=group-712E1FD583C5,id=33399b93-c352-4e1c-92d7-4b52ced967ed
2019-07-13 07:41:29,067 INFO  pipeline.PipelineStateManager (PipelineStateManager.java:addPipeline(56)) - Created pipeline Pipeline[ Id: 1b01dc2f-8e87-4120-bf9b-712e1fd583c5, Nodes: 33399b93-c352-4e1c-92d7-4b52ced967ed{ip: 192.168.69.84, host: trunk-nightly-9lh4p-2362225927, networkLocation: /default-rack, certSerialId: null}, Type:RATIS, Factor:ONE, State:OPEN]
2019-07-13 07:41:29,098 INFO  ozone.MiniOzoneClusterImpl (MiniOzoneClusterImpl.java:lambda$waitForClusterToBeReady$0(142)) - Waiting for cluster to be ready. Got 2 of 7 DN Heartbeats.
2019-07-13 07:41:29,248 INFO  node.SCMNodeManager (SCMNodeManager.java:register(269)) - Registered Data node : c6eea7df-d0c8-4dda-ad10-f8b930a01305{ip: 192.168.69.84, host: trunk-nightly-9lh4p-2362225927, networkLocation: /default-rack, certSerialId: null}
2019-07-13 07:41:29,254 INFO  impl.RaftServerProxy (RaftServerProxy.java:addNew(89)) - c6eea7df-d0c8-4dda-ad10-f8b930a01305: addNew group-C3682C3B4491:[c6eea7df-d0c8-4dda-ad10-f8b930a01305:192.168.69.84:39996] returns group-C3682C3B4491:java.util.concurrent.CompletableFuture@71672707[Not completed]
2019-07-13 07:41:29,255 INFO  impl.RaftServerImpl (RaftServerImpl.java:<init>(93)) - c6eea7df-d0c8-4dda-ad10-f8b930a01305: new RaftServerImpl for group-C3682C3B4491:[c6eea7df-d0c8-4dda-ad10-f8b930a01305:192.168.69.84:39996] with ContainerStateMachine:uninitialized
2019-07-13 07:41:29,255 INFO  server.RaftServerConfigKeys (ConfUtils.java:logGet(43)) - raft.server.rpc.timeout.min = 5s (custom)
2019-07-13 07:41:29,255 INFO  server.RaftServerConfigKeys (ConfUtils.java:logGet(43)) - raft.server.rpc.timeout.max = 5200ms (custom)
2019-07-13 07:41:29,255 INFO  server.RaftServerConfigKeys (ConfUtils.java:logGet(43)) - raft.server.rpcslowness.timeout = 120s (custom)
2019-07-13 07:41:29,255 INFO  server.RaftServerConfigKeys (ConfUtils.java:logGet(43)) - raft.server.sleep.deviation.threshold = 300 (default)
2019-07-13 07:41:29,256 INFO  server.RaftServerConfigKeys (ConfUtils.java:logGet(43)) - raft.server.log.appender.install.snapshot.enabled = false (custom)
2019-07-13 07:41:29,256 INFO  impl.RaftServerImpl (ServerState.java:<init>(105)) - c6eea7df-d0c8-4dda-ad10-f8b930a01305:group-C3682C3B4491 ConfigurationManager, init=-1: [c6eea7df-d0c8-4dda-ad10-f8b930a01305:192.168.69.84:39996], old=null, confs=<EMPTY_MAP>
2019-07-13 07:41:29,256 INFO  server.RaftServerConfigKeys (ConfUtils.java:logGet(43)) - raft.server.storage.dir = [/tmp/workdir/hadoop-ozone/integration-test/target/test-dir/MiniOzoneClusterImpl-4cc15ec6-cc18-4484-86b8-0206962934ea/datanode-2/data/ratis] (custom)
2019-07-13 07:41:29,256 INFO  storage.RaftStorageDirectory (RaftStorageDirectory.java:analyzeStorage(246)) - The storage directory /tmp/workdir/hadoop-ozone/integration-test/target/test-dir/MiniOzoneClusterImpl-4cc15ec6-cc18-4484-86b8-0206962934ea/datanode-2/data/ratis/a45cb577-49e1-4668-b49b-c3682c3b4491 does not exist. Creating ...
2019-07-13 07:41:29,270 INFO  storage.RaftStorageDirectory (RaftStorageDirectory.java:tryLock(328)) - Lock on /tmp/workdir/hadoop-ozone/integration-test/target/test-dir/MiniOzoneClusterImpl-4cc15ec6-cc18-4484-86b8-0206962934ea/datanode-2/data/ratis/a45cb577-49e1-4668-b49b-c3682c3b4491/in_use.lock acquired by nodename 29913@trunk-nightly-9lh4p-2362225927
2019-07-13 07:41:29,283 INFO  storage.RaftStorage (RaftStorage.java:format(72)) - Storage directory /tmp/workdir/hadoop-ozone/integration-test/target/test-dir/MiniOzoneClusterImpl-4cc15ec6-cc18-4484-86b8-0206962934ea/datanode-2/data/ratis/a45cb577-49e1-4668-b49b-c3682c3b4491 has been successfully formatted.
2019-07-13 07:41:29,283 INFO  ratis.ContainerStateMachine (ContainerStateMachine.java:loadSnapshot(200)) - The snapshot info is null.Setting the last applied index to:(t:0, i:~)
2019-07-13 07:41:29,284 INFO  server.RaftServerConfigKeys (ConfUtils.java:logGet(43)) - raft.server.leader.election.timeout = 120s (custom)
2019-07-13 07:41:29,284 INFO  server.RaftServerConfigKeys (ConfUtils.java:logGet(43)) - raft.server.log.use.memory = false (default)
2019-07-13 07:41:29,284 INFO  server.RaftServerConfigKeys (ConfUtils.java:logGet(43)) - raft.server.log.purge.gap = 1000000000 (custom)
2019-07-13 07:41:29,284 INFO  server.RaftServerConfigKeys (ConfUtils.java:logGet(43)) - raft.server.log.appender.buffer.byte-limit = 33554432 (custom)
2019-07-13 07:41:29,284 INFO  server.RaftServerConfigKeys (ConfUtils.java:logGet(43)) - raft.server.log.segment.size.max = 1048576 (custom)
2019-07-13 07:41:29,285 INFO  server.RaftServerConfigKeys (ConfUtils.java:logGet(43)) - raft.server.log.segment.cache.num.max = 2 (custom)
2019-07-13 07:41:29,285 INFO  segmented.SegmentedRaftLogWorker (SegmentedRaftLogWorker.java:<init>(172)) - new c6eea7df-d0c8-4dda-ad10-f8b930a01305-SegmentedRaftLogWorker:Storage Directory /tmp/workdir/hadoop-ozone/integration-test/target/test-dir/MiniOzoneClusterImpl-4cc15ec6-cc18-4484-86b8-0206962934ea/datanode-2/data/ratis/a45cb577-49e1-4668-b49b-c3682c3b4491 for RaftStorage:Storage Directory /tmp/workdir/hadoop-ozone/integration-test/target/test-dir/MiniOzoneClusterImpl-4cc15ec6-cc18-4484-86b8-0206962934ea/datanode-2/data/ratis/a45cb577-49e1-4668-b49b-c3682c3b4491
2019-07-13 07:41:29,285 INFO  server.RaftServerConfigKeys (ConfUtils.java:logGet(43)) - raft.server.log.queue.byte-limit = 2147483647 (custom)
2019-07-13 07:41:29,285 INFO  server.RaftServerConfigKeys (ConfUtils.java:logGet(43)) - raft.server.log.queue.element-limit = 1024 (custom)
2019-07-13 07:41:29,285 INFO  server.RaftServerConfigKeys (ConfUtils.java:logGet(43)) - raft.server.log.segment.size.max = 1048576 (custom)
2019-07-13 07:41:29,286 INFO  server.RaftServerConfigKeys (ConfUtils.java:logGet(43)) - raft.server.log.preallocated.size = 16384 (custom)
2019-07-13 07:41:29,286 INFO  server.RaftServerConfigKeys (ConfUtils.java:logGet(43)) - raft.server.log.write.buffer.size = 33554432 (custom)
2019-07-13 07:41:29,286 INFO  server.RaftServerConfigKeys (ConfUtils.java:logGet(43)) - raft.server.log.force.sync.num = 128 (default)
2019-07-13 07:41:29,286 INFO  server.RaftServerConfigKeys (ConfUtils.java:logGet(43)) - raft.server.log.statemachine.data.sync = true (default)
2019-07-13 07:41:29,286 INFO  server.RaftServerConfigKeys (ConfUtils.java:logGet(43)) - raft.server.log.statemachine.data.sync.timeout = 10s (default)
2019-07-13 07:41:29,286 INFO  server.RaftServerConfigKeys (ConfUtils.java:logGet(43)) - raft.server.log.statemachine.data.sync.timeout.retry = -1 (default)
2019-07-13 07:41:29,287 INFO  server.RaftServerConfigKeys (ConfUtils.java:logGet(43)) - raft.server.log.statemachine.data.caching.enabled = true (custom)
2019-07-13 07:41:29,287 INFO  segmented.SegmentedRaftLogWorker (SegmentedRaftLogWorker.java:lambda$new$0(132)) - c6eea7df-d0c8-4dda-ad10-f8b930a01305-SegmentedRaftLogWorker:Storage Directory /tmp/workdir/hadoop-ozone/integration-test/target/test-dir/MiniOzoneClusterImpl-4cc15ec6-cc18-4484-86b8-0206962934ea/datanode-2/data/ratis/a45cb577-49e1-4668-b49b-c3682c3b4491: flushIndex: setUnconditionally 0 -> -1
2019-07-13 07:41:29,287 INFO  server.RaftServerConfigKeys (ConfUtils.java:logGet(43)) - raft.server.snapshot.auto.trigger.enabled = true (custom)
2019-07-13 07:41:29,288 INFO  server.RaftServerConfigKeys (ConfUtils.java:logGet(43)) - raft.server.snapshot.auto.trigger.threshold = 10000 (custom)
2019-07-13 07:41:29,288 INFO  server.RaftServerConfigKeys (ConfUtils.java:logGet(43)) - raft.server.retrycache.expirytime = 600000ms (custom)
2019-07-13 07:41:29,288 INFO  impl.RaftServerImpl (RaftServerImpl.java:start(180)) - c6eea7df-d0c8-4dda-ad10-f8b930a01305: start group-C3682C3B4491
2019-07-13 07:41:29,288 INFO  impl.RaftServerImpl (RaftServerImpl.java:setRole(171)) - c6eea7df-d0c8-4dda-ad10-f8b930a01305:group-C3682C3B4491 changes role from null to FOLLOWER at term 0 for startAsFollower
2019-07-13 07:41:29,288 INFO  impl.RoleInfo (RoleInfo.java:updateAndGet(143)) - c6eea7df-d0c8-4dda-ad10-f8b930a01305: start FollowerState
2019-07-13 07:41:29,289 INFO  util.JmxRegister (JmxRegister.java:tryRegister(44)) - Successfully registered JMX Bean with object name Ratis:service=RaftServer,group=group-C3682C3B4491,id=c6eea7df-d0c8-4dda-ad10-f8b930a01305
2019-07-13 07:41:29,291 INFO  pipeline.PipelineStateManager (PipelineStateManager.java:addPipeline(56)) - Created pipeline Pipeline[ Id: a45cb577-49e1-4668-b49b-c3682c3b4491, Nodes: c6eea7df-d0c8-4dda-ad10-f8b930a01305{ip: 192.168.69.84, host: trunk-nightly-9lh4p-2362225927, networkLocation: /default-rack, certSerialId: null}, Type:RATIS, Factor:ONE, State:OPEN]
2019-07-13 07:41:29,301 INFO  impl.RaftServerProxy (RaftServerProxy.java:addNew(89)) - 33399b93-c352-4e1c-92d7-4b52ced967ed: addNew group-4D528A8BD796:[c6eea7df-d0c8-4dda-ad10-f8b930a01305:192.168.69.84:39996, 369b40cb-960e-4ee5-8d96-62fde9080aed:192.168.69.84:32806, 33399b93-c352-4e1c-92d7-4b52ced967ed:192.168.69.84:37783] returns group-4D528A8BD796:java.util.concurrent.CompletableFuture@5683b67c[Not completed]
2019-07-13 07:41:29,301 INFO  impl.RaftServerProxy (RaftServerProxy.java:addNew(89)) - c6eea7df-d0c8-4dda-ad10-f8b930a01305: addNew group-4D528A8BD796:[c6eea7df-d0c8-4dda-ad10-f8b930a01305:192.168.69.84:39996, 369b40cb-960e-4ee5-8d96-62fde9080aed:192.168.69.84:32806, 33399b93-c352-4e1c-92d7-4b52ced967ed:192.168.69.84:37783] returns group-4D528A8BD796:java.util.concurrent.CompletableFuture@712ac3f9[Not completed]
2019-07-13 07:41:29,301 INFO  impl.RaftServerProxy (RaftServerProxy.java:addNew(89)) - 369b40cb-960e-4ee5-8d96-62fde9080aed: addNew group-4D528A8BD796:[c6eea7df-d0c8-4dda-ad10-f8b930a01305:192.168.69.84:39996, 369b40cb-960e-4ee5-8d96-62fde9080aed:192.168.69.84:32806, 33399b93-c352-4e1c-92d7-4b52ced967ed:192.168.69.84:37783] returns group-4D528A8BD796:java.util.concurrent.CompletableFuture@71b6bac2[Not completed]
2019-07-13 07:41:29,302 INFO  impl.RaftServerImpl (RaftServerImpl.java:<init>(93)) - 33399b93-c352-4e1c-92d7-4b52ced967ed: new RaftServerImpl for group-4D528A8BD796:[c6eea7df-d0c8-4dda-ad10-f8b930a01305:192.168.69.84:39996, 369b40cb-960e-4ee5-8d96-62fde9080aed:192.168.69.84:32806, 33399b93-c352-4e1c-92d7-4b52ced967ed:192.168.69.84:37783] with ContainerStateMachine:uninitialized
2019-07-13 07:41:29,302 INFO  server.RaftServerConfigKeys (ConfUtils.java:logGet(43)) - raft.server.rpc.timeout.min = 5s (custom)
2019-07-13 07:41:29,302 INFO  server.RaftServerConfigKeys (ConfUtils.java:logGet(43)) - raft.server.rpc.timeout.max = 5200ms (custom)
2019-07-13 07:41:29,302 INFO  impl.RaftServerImpl (RaftServerImpl.java:<init>(93)) - 369b40cb-960e-4ee5-8d96-62fde9080aed: new RaftServerImpl for group-4D528A8BD796:[c6eea7df-d0c8-4dda-ad10-f8b930a01305:192.168.69.84:39996, 369b40cb-960e-4ee5-8d96-62fde9080aed:192.168.69.84:32806, 33399b93-c352-4e1c-92d7-4b52ced967ed:192.168.69.84:37783] with ContainerStateMachine:uninitialized
2019-07-13 07:41:29,302 INFO  server.RaftServerConfigKeys (ConfUtils.java:logGet(43)) - raft.server.rpcslowness.timeout = 120s (custom)
2019-07-13 07:41:29,302 INFO  impl.RaftServerImpl (RaftServerImpl.java:<init>(93)) - c6eea7df-d0c8-4dda-ad10-f8b930a01305: new RaftServerImpl for group-4D528A8BD796:[c6eea7df-d0c8-4dda-ad10-f8b930a01305:192.168.69.84:39996, 369b40cb-960e-4ee5-8d96-62fde9080aed:192.168.69.84:32806, 33399b93-c352-4e1c-92d7-4b52ced967ed:192.168.69.84:37783] with ContainerStateMachine:uninitialized
2019-07-13 07:41:29,302 INFO  server.RaftServerConfigKeys (ConfUtils.java:logGet(43)) - raft.server.rpc.timeout.min = 5s (custom)
2019-07-13 07:41:29,303 INFO  server.RaftServerConfigKeys (ConfUtils.java:logGet(43)) - raft.server.rpc.timeout.min = 5s (custom)
2019-07-13 07:41:29,302 INFO  server.RaftServerConfigKeys (ConfUtils.java:logGet(43)) - raft.server.sleep.deviation.threshold = 300 (default)
2019-07-13 07:41:29,303 INFO  server.RaftServerConfigKeys (ConfUtils.java:logGet(43)) - raft.server.rpc.timeout.max = 5200ms (custom)
2019-07-13 07:41:29,303 INFO  server.RaftServerConfigKeys (ConfUtils.java:logGet(43)) - raft.server.rpc.timeout.max = 5200ms (custom)
2019-07-13 07:41:29,303 INFO  server.RaftServerConfigKeys (ConfUtils.java:logGet(43)) - raft.server.rpcslowness.timeout = 120s (custom)
2019-07-13 07:41:29,303 INFO  server.RaftServerConfigKeys (ConfUtils.java:logGet(43)) - raft.server.log.appender.install.snapshot.enabled = false (custom)
2019-07-13 07:41:29,303 INFO  server.RaftServerConfigKeys (ConfUtils.java:logGet(43)) - raft.server.sleep.deviation.threshold = 300 (default)
2019-07-13 07:41:29,303 INFO  server.RaftServerConfigKeys (ConfUtils.java:logGet(43)) - raft.server.rpcslowness.timeout = 120s (custom)
2019-07-13 07:41:29,304 INFO  server.RaftServerConfigKeys (ConfUtils.java:logGet(43)) - raft.server.log.appender.install.snapshot.enabled = false (custom)
2019-07-13 07:41:29,304 INFO  impl.RaftServerImpl (ServerState.java:<init>(105)) - 33399b93-c352-4e1c-92d7-4b52ced967ed:group-4D528A8BD796 ConfigurationManager, init=-1: [c6eea7df-d0c8-4dda-ad10-f8b930a01305:192.168.69.84:39996, 369b40cb-960e-4ee5-8d96-62fde9080aed:192.168.69.84:32806, 33399b93-c352-4e1c-92d7-4b52ced967ed:192.168.69.84:37783], old=null, confs=<EMPTY_MAP>
2019-07-13 07:41:29,304 INFO  impl.RaftServerImpl (ServerState.java:<init>(105)) - c6eea7df-d0c8-4dda-ad10-f8b930a01305:group-4D528A8BD796 ConfigurationManager, init=-1: [c6eea7df-d0c8-4dda-ad10-f8b930a01305:192.168.69.84:39996, 369b40cb-960e-4ee5-8d96-62fde9080aed:192.168.69.84:32806, 33399b93-c352-4e1c-92d7-4b52ced967ed:192.168.69.84:37783], old=null, confs=<EMPTY_MAP>
2019-07-13 07:41:29,304 INFO  server.RaftServerConfigKeys (ConfUtils.java:logGet(43)) - raft.server.sleep.deviation.threshold = 300 (default)
2019-07-13 07:41:29,304 INFO  server.RaftServerConfigKeys (ConfUtils.java:logGet(43)) - raft.server.storage.dir = [/tmp/workdir/hadoop-ozone/integration-test/target/test-dir/MiniOzoneClusterImpl-4cc15ec6-cc18-4484-86b8-0206962934ea/datanode-2/data/ratis] (custom)
2019-07-13 07:41:29,304 INFO  server.RaftServerConfigKeys (ConfUtils.java:logGet(43)) - raft.server.storage.dir = [/tmp/workdir/hadoop-ozone/integration-test/target/test-dir/MiniOzoneClusterImpl-4cc15ec6-cc18-4484-86b8-0206962934ea/datanode-1/data/ratis] (custom)
2019-07-13 07:41:29,304 INFO  server.RaftServerConfigKeys (ConfUtils.java:logGet(43)) - raft.server.log.appender.install.snapshot.enabled = false (custom)
2019-07-13 07:41:29,305 INFO  storage.RaftStorageDirectory (RaftStorageDirectory.java:analyzeStorage(246)) - The storage directory /tmp/workdir/hadoop-ozone/integration-test/target/test-dir/MiniOzoneClusterImpl-4cc15ec6-cc18-4484-86b8-0206962934ea/datanode-2/data/ratis/98e142f1-b931-44c2-bddc-4d528a8bd796 does not exist. Creating ...
2019-07-13 07:41:29,305 INFO  storage.RaftStorageDirectory (RaftStorageDirectory.java:analyzeStorage(246)) - The storage directory /tmp/workdir/hadoop-ozone/integration-test/target/test-dir/MiniOzoneClusterImpl-4cc15ec6-cc18-4484-86b8-0206962934ea/datanode-1/data/ratis/98e142f1-b931-44c2-bddc-4d528a8bd796 does not exist. Creating ...
2019-07-13 07:41:29,305 INFO  impl.RaftServerImpl (ServerState.java:<init>(105)) - 369b40cb-960e-4ee5-8d96-62fde9080aed:group-4D528A8BD796 ConfigurationManager, init=-1: [c6eea7df-d0c8-4dda-ad10-f8b930a01305:192.168.69.84:39996, 369b40cb-960e-4ee5-8d96-62fde9080aed:192.168.69.84:32806, 33399b93-c352-4e1c-92d7-4b52ced967ed:192.168.69.84:37783], old=null, confs=<EMPTY_MAP>
2019-07-13 07:41:29,305 INFO  server.RaftServerConfigKeys (ConfUtils.java:logGet(43)) - raft.server.storage.dir = [/tmp/workdir/hadoop-ozone/integration-test/target/test-dir/MiniOzoneClusterImpl-4cc15ec6-cc18-4484-86b8-0206962934ea/datanode-0/data/ratis] (custom)
2019-07-13 07:41:29,306 INFO  storage.RaftStorageDirectory (RaftStorageDirectory.java:analyzeStorage(246)) - The storage directory /tmp/workdir/hadoop-ozone/integration-test/target/test-dir/MiniOzoneClusterImpl-4cc15ec6-cc18-4484-86b8-0206962934ea/datanode-0/data/ratis/98e142f1-b931-44c2-bddc-4d528a8bd796 does not exist. Creating ...
2019-07-13 07:41:29,319 INFO  storage.RaftStorageDirectory (RaftStorageDirectory.java:tryLock(328)) - Lock on /tmp/workdir/hadoop-ozone/integration-test/target/test-dir/MiniOzoneClusterImpl-4cc15ec6-cc18-4484-86b8-0206962934ea/datanode-2/data/ratis/98e142f1-b931-44c2-bddc-4d528a8bd796/in_use.lock acquired by nodename 29913@trunk-nightly-9lh4p-2362225927
2019-07-13 07:41:29,319 INFO  storage.RaftStorageDirectory (RaftStorageDirectory.java:tryLock(328)) - Lock on /tmp/workdir/hadoop-ozone/integration-test/target/test-dir/MiniOzoneClusterImpl-4cc15ec6-cc18-4484-86b8-0206962934ea/datanode-1/data/ratis/98e142f1-b931-44c2-bddc-4d528a8bd796/in_use.lock acquired by nodename 29913@trunk-nightly-9lh4p-2362225927
2019-07-13 07:41:29,319 INFO  storage.RaftStorageDirectory (RaftStorageDirectory.java:tryLock(328)) - Lock on /tmp/workdir/hadoop-ozone/integration-test/target/test-dir/MiniOzoneClusterImpl-4cc15ec6-cc18-4484-86b8-0206962934ea/datanode-0/data/ratis/98e142f1-b931-44c2-bddc-4d528a8bd796/in_use.lock acquired by nodename 29913@trunk-nightly-9lh4p-2362225927
2019-07-13 07:41:29,332 INFO  storage.RaftStorage (RaftStorage.java:format(72)) - Storage directory /tmp/workdir/hadoop-ozone/integration-test/target/test-dir/MiniOzoneClusterImpl-4cc15ec6-cc18-4484-86b8-0206962934ea/datanode-1/data/ratis/98e142f1-b931-44c2-bddc-4d528a8bd796 has been successfully formatted.
2019-07-13 07:41:29,333 INFO  storage.RaftStorage (RaftStorage.java:format(72)) - Storage directory /tmp/workdir/hadoop-ozone/integration-test/target/test-dir/MiniOzoneClusterImpl-4cc15ec6-cc18-4484-86b8-0206962934ea/datanode-0/data/ratis/98e142f1-b931-44c2-bddc-4d528a8bd796 has been successfully formatted.
2019-07-13 07:41:29,333 INFO  storage.RaftStorage (RaftStorage.java:format(72)) - Storage directory /tmp/workdir/hadoop-ozone/integration-test/target/test-dir/MiniOzoneClusterImpl-4cc15ec6-cc18-4484-86b8-0206962934ea/datanode-2/data/ratis/98e142f1-b931-44c2-bddc-4d528a8bd796 has been successfully formatted.
2019-07-13 07:41:29,333 INFO  ratis.ContainerStateMachine (ContainerStateMachine.java:loadSnapshot(200)) - The snapshot info is null.Setting the last applied index to:(t:0, i:~)
2019-07-13 07:41:29,333 INFO  ratis.ContainerStateMachine (ContainerStateMachine.java:loadSnapshot(200)) - The snapshot info is null.Setting the last applied index to:(t:0, i:~)
2019-07-13 07:41:29,333 INFO  server.RaftServerConfigKeys (ConfUtils.java:logGet(43)) - raft.server.leader.election.timeout = 120s (custom)
2019-07-13 07:41:29,333 INFO  ratis.ContainerStateMachine (ContainerStateMachine.java:loadSnapshot(200)) - The snapshot info is null.Setting the last applied index to:(t:0, i:~)
2019-07-13 07:41:29,333 INFO  server.RaftServerConfigKeys (ConfUtils.java:logGet(43)) - raft.server.log.use.memory = false (default)
2019-07-13 07:41:29,333 INFO  server.RaftServerConfigKeys (ConfUtils.java:logGet(43)) - raft.server.leader.election.timeout = 120s (custom)
2019-07-13 07:41:29,334 INFO  server.RaftServerConfigKeys (ConfUtils.java:logGet(43)) - raft.server.log.purge.gap = 1000000000 (custom)
2019-07-13 07:41:29,334 INFO  server.RaftServerConfigKeys (ConfUtils.java:logGet(43)) - raft.server.leader.election.timeout = 120s (custom)
2019-07-13 07:41:29,334 INFO  server.RaftServerConfigKeys (ConfUtils.java:logGet(43)) - raft.server.log.appender.buffer.byte-limit = 33554432 (custom)
2019-07-13 07:41:29,334 INFO  server.RaftServerConfigKeys (ConfUtils.java:logGet(43)) - raft.server.log.use.memory = false (default)
2019-07-13 07:41:29,334 INFO  server.RaftServerConfigKeys (ConfUtils.java:logGet(43)) - raft.server.log.segment.size.max = 1048576 (custom)
2019-07-13 07:41:29,335 INFO  server.RaftServerConfigKeys (ConfUtils.java:logGet(43)) - raft.server.log.segment.cache.num.max = 2 (custom)
2019-07-13 07:41:29,334 INFO  server.RaftServerConfigKeys (ConfUtils.java:logGet(43)) - raft.server.log.use.memory = false (default)
2019-07-13 07:41:29,335 INFO  segmented.SegmentedRaftLogWorker (SegmentedRaftLogWorker.java:<init>(172)) - new 369b40cb-960e-4ee5-8d96-62fde9080aed-SegmentedRaftLogWorker:Storage Directory /tmp/workdir/hadoop-ozone/integration-test/target/test-dir/MiniOzoneClusterImpl-4cc15ec6-cc18-4484-86b8-0206962934ea/datanode-0/data/ratis/98e142f1-b931-44c2-bddc-4d528a8bd796 for RaftStorage:Storage Directory /tmp/workdir/hadoop-ozone/integration-test/target/test-dir/MiniOzoneClusterImpl-4cc15ec6-cc18-4484-86b8-0206962934ea/datanode-0/data/ratis/98e142f1-b931-44c2-bddc-4d528a8bd796
2019-07-13 07:41:29,334 INFO  server.RaftServerConfigKeys (ConfUtils.java:logGet(43)) - raft.server.log.purge.gap = 1000000000 (custom)
2019-07-13 07:41:29,335 INFO  server.RaftServerConfigKeys (ConfUtils.java:logGet(43)) - raft.server.log.queue.byte-limit = 2147483647 (custom)
2019-07-13 07:41:29,335 INFO  server.RaftServerConfigKeys (ConfUtils.java:logGet(43)) - raft.server.log.queue.element-limit = 1024 (custom)
2019-07-13 07:41:29,335 INFO  server.RaftServerConfigKeys (ConfUtils.java:logGet(43)) - raft.server.log.purge.gap = 1000000000 (custom)
2019-07-13 07:41:29,336 INFO  server.RaftServerConfigKeys (ConfUtils.java:logGet(43)) - raft.server.log.segment.size.max = 1048576 (custom)
2019-07-13 07:41:29,335 INFO  server.RaftServerConfigKeys (ConfUtils.java:logGet(43)) - raft.server.log.appender.buffer.byte-limit = 33554432 (custom)
2019-07-13 07:41:29,336 INFO  server.RaftServerConfigKeys (ConfUtils.java:logGet(43)) - raft.server.log.preallocated.size = 16384 (custom)
2019-07-13 07:41:29,336 INFO  server.RaftServerConfigKeys (ConfUtils.java:logGet(43)) - raft.server.log.write.buffer.size = 33554432 (custom)
2019-07-13 07:41:29,336 INFO  server.RaftServerConfigKeys (ConfUtils.java:logGet(43)) - raft.server.log.appender.buffer.byte-limit = 33554432 (custom)
2019-07-13 07:41:29,336 INFO  server.RaftServerConfigKeys (ConfUtils.java:logGet(43)) - raft.server.log.force.sync.num = 128 (default)
2019-07-13 07:41:29,336 INFO  server.RaftServerConfigKeys (ConfUtils.java:logGet(43)) - raft.server.log.segment.size.max = 1048576 (custom)
2019-07-13 07:41:29,337 INFO  server.RaftServerConfigKeys (ConfUtils.java:logGet(43)) - raft.server.log.statemachine.data.sync = true (default)
2019-07-13 07:41:29,337 INFO  server.RaftServerConfigKeys (ConfUtils.java:logGet(43)) - raft.server.log.statemachine.data.sync.timeout = 10s (default)
2019-07-13 07:41:29,337 INFO  server.RaftServerConfigKeys (ConfUtils.java:logGet(43)) - raft.server.log.segment.size.max = 1048576 (custom)
2019-07-13 07:41:29,337 INFO  server.RaftServerConfigKeys (ConfUtils.java:logGet(43)) - raft.server.log.statemachine.data.sync.timeout.retry = -1 (default)
2019-07-13 07:41:29,337 INFO  server.RaftServerConfigKeys (ConfUtils.java:logGet(43)) - raft.server.log.segment.cache.num.max = 2 (custom)
2019-07-13 07:41:29,338 INFO  server.RaftServerConfigKeys (ConfUtils.java:logGet(43)) - raft.server.log.statemachine.data.caching.enabled = true (custom)
2019-07-13 07:41:29,337 INFO  server.RaftServerConfigKeys (ConfUtils.java:logGet(43)) - raft.server.log.segment.cache.num.max = 2 (custom)
2019-07-13 07:41:29,338 INFO  segmented.SegmentedRaftLogWorker (SegmentedRaftLogWorker.java:lambda$new$0(132)) - 369b40cb-960e-4ee5-8d96-62fde9080aed-SegmentedRaftLogWorker:Storage Directory /tmp/workdir/hadoop-ozone/integration-test/target/test-dir/MiniOzoneClusterImpl-4cc15ec6-cc18-4484-86b8-0206962934ea/datanode-0/data/ratis/98e142f1-b931-44c2-bddc-4d528a8bd796: flushIndex: setUnconditionally 0 -> -1
2019-07-13 07:41:29,338 INFO  segmented.SegmentedRaftLogWorker (SegmentedRaftLogWorker.java:<init>(172)) - new 33399b93-c352-4e1c-92d7-4b52ced967ed-SegmentedRaftLogWorker:Storage Directory /tmp/workdir/hadoop-ozone/integration-test/target/test-dir/MiniOzoneClusterImpl-4cc15ec6-cc18-4484-86b8-0206962934ea/datanode-1/data/ratis/98e142f1-b931-44c2-bddc-4d528a8bd796 for RaftStorage:Storage Directory /tmp/workdir/hadoop-ozone/integration-test/target/test-dir/MiniOzoneClusterImpl-4cc15ec6-cc18-4484-86b8-0206962934ea/datanode-1/data/ratis/98e142f1-b931-44c2-bddc-4d528a8bd796
2019-07-13 07:41:29,338 INFO  segmented.SegmentedRaftLogWorker (SegmentedRaftLogWorker.java:<init>(172)) - new c6eea7df-d0c8-4dda-ad10-f8b930a01305-SegmentedRaftLogWorker:Storage Directory /tmp/workdir/hadoop-ozone/integration-test/target/test-dir/MiniOzoneClusterImpl-4cc15ec6-cc18-4484-86b8-0206962934ea/datanode-2/data/ratis/98e142f1-b931-44c2-bddc-4d528a8bd796 for RaftStorage:Storage Directory /tmp/workdir/hadoop-ozone/integration-test/target/test-dir/MiniOzoneClusterImpl-4cc15ec6-cc18-4484-86b8-0206962934ea/datanode-2/data/ratis/98e142f1-b931-44c2-bddc-4d528a8bd796
2019-07-13 07:41:29,338 INFO  server.RaftServerConfigKeys (ConfUtils.java:logGet(43)) - raft.server.snapshot.auto.trigger.enabled = true (custom)
2019-07-13 07:41:29,338 INFO  server.RaftServerConfigKeys (ConfUtils.java:logGet(43)) - raft.server.log.queue.byte-limit = 2147483647 (custom)
2019-07-13 07:41:29,339 INFO  server.RaftServerConfigKeys (ConfUtils.java:logGet(43)) - raft.server.snapshot.auto.trigger.threshold = 10000 (custom)
2019-07-13 07:41:29,339 INFO  server.RaftServerConfigKeys (ConfUtils.java:logGet(43)) - raft.server.log.queue.byte-limit = 2147483647 (custom)
2019-07-13 07:41:29,339 INFO  server.RaftServerConfigKeys (ConfUtils.java:logGet(43)) - raft.server.retrycache.expirytime = 600000ms (custom)
2019-07-13 07:41:29,339 INFO  server.RaftServerConfigKeys (ConfUtils.java:logGet(43)) - raft.server.log.queue.element-limit = 1024 (custom)
2019-07-13 07:41:29,339 INFO  impl.RaftServerImpl (RaftServerImpl.java:start(180)) - 369b40cb-960e-4ee5-8d96-62fde9080aed: start group-4D528A8BD796
2019-07-13 07:41:29,340 INFO  impl.RaftServerImpl (RaftServerImpl.java:setRole(171)) - 369b40cb-960e-4ee5-8d96-62fde9080aed:group-4D528A8BD796 changes role from null to FOLLOWER at term 0 for startAsFollower
2019-07-13 07:41:29,339 INFO  server.RaftServerConfigKeys (ConfUtils.java:logGet(43)) - raft.server.log.queue.element-limit = 1024 (custom)
2019-07-13 07:41:29,340 INFO  impl.RoleInfo (RoleInfo.java:updateAndGet(143)) - 369b40cb-960e-4ee5-8d96-62fde9080aed: start FollowerState
2019-07-13 07:41:29,340 INFO  server.RaftServerConfigKeys (ConfUtils.java:logGet(43)) - raft.server.log.segment.size.max = 1048576 (custom)
2019-07-13 07:41:29,340 INFO  server.RaftServerConfigKeys (ConfUtils.java:logGet(43)) - raft.server.log.segment.size.max = 1048576 (custom)
2019-07-13 07:41:29,340 INFO  util.JmxRegister (JmxRegister.java:tryRegister(44)) - Successfully registered JMX Bean with object name Ratis:service=RaftServer,group=group-4D528A8BD796,id=369b40cb-960e-4ee5-8d96-62fde9080aed
2019-07-13 07:41:29,340 INFO  server.RaftServerConfigKeys (ConfUtils.java:logGet(43)) - raft.server.log.preallocated.size = 16384 (custom)
2019-07-13 07:41:29,341 INFO  server.RaftServerConfigKeys (ConfUtils.java:logGet(43)) - raft.server.log.preallocated.size = 16384 (custom)
2019-07-13 07:41:29,341 INFO  server.RaftServerConfigKeys (ConfUtils.java:logGet(43)) - raft.server.log.write.buffer.size = 33554432 (custom)
2019-07-13 07:41:29,341 INFO  server.RaftServerConfigKeys (ConfUtils.java:logGet(43)) - raft.server.log.write.buffer.size = 33554432 (custom)
2019-07-13 07:41:29,341 INFO  server.RaftServerConfigKeys (ConfUtils.java:logGet(43)) - raft.server.log.force.sync.num = 128 (default)
2019-07-13 07:41:29,341 INFO  server.RaftServerConfigKeys (ConfUtils.java:logGet(43)) - raft.server.log.force.sync.num = 128 (default)
2019-07-13 07:41:29,342 INFO  server.RaftServerConfigKeys (ConfUtils.java:logGet(43)) - raft.server.log.statemachine.data.sync = true (default)
2019-07-13 07:41:29,342 INFO  server.RaftServerConfigKeys (ConfUtils.java:logGet(43)) - raft.server.log.statemachine.data.sync = true (default)
2019-07-13 07:41:29,342 INFO  server.RaftServerConfigKeys (ConfUtils.java:logGet(43)) - raft.server.log.statemachine.data.sync.timeout = 10s (default)
2019-07-13 07:41:29,342 INFO  server.RaftServerConfigKeys (ConfUtils.java:logGet(43)) - raft.server.log.statemachine.data.sync.timeout = 10s (default)
2019-07-13 07:41:29,342 INFO  server.RaftServerConfigKeys (ConfUtils.java:logGet(43)) - raft.server.log.statemachine.data.sync.timeout.retry = -1 (default)
2019-07-13 07:41:29,342 INFO  server.RaftServerConfigKeys (ConfUtils.java:logGet(43)) - raft.server.log.statemachine.data.sync.timeout.retry = -1 (default)
2019-07-13 07:41:29,343 INFO  server.RaftServerConfigKeys (ConfUtils.java:logGet(43)) - raft.server.log.statemachine.data.caching.enabled = true (custom)
2019-07-13 07:41:29,343 INFO  server.RaftServerConfigKeys (ConfUtils.java:logGet(43)) - raft.server.log.statemachine.data.caching.enabled = true (custom)
2019-07-13 07:41:29,343 INFO  segmented.SegmentedRaftLogWorker (SegmentedRaftLogWorker.java:lambda$new$0(132)) - 33399b93-c352-4e1c-92d7-4b52ced967ed-SegmentedRaftLogWorker:Storage Directory /tmp/workdir/hadoop-ozone/integration-test/target/test-dir/MiniOzoneClusterImpl-4cc15ec6-cc18-4484-86b8-0206962934ea/datanode-1/data/ratis/98e142f1-b931-44c2-bddc-4d528a8bd796: flushIndex: setUnconditionally 0 -> -1
2019-07-13 07:41:29,343 INFO  segmented.SegmentedRaftLogWorker (SegmentedRaftLogWorker.java:lambda$new$0(132)) - c6eea7df-d0c8-4dda-ad10-f8b930a01305-SegmentedRaftLogWorker:Storage Directory /tmp/workdir/hadoop-ozone/integration-test/target/test-dir/MiniOzoneClusterImpl-4cc15ec6-cc18-4484-86b8-0206962934ea/datanode-2/data/ratis/98e142f1-b931-44c2-bddc-4d528a8bd796: flushIndex: setUnconditionally 0 -> -1
2019-07-13 07:41:29,343 INFO  server.RaftServerConfigKeys (ConfUtils.java:logGet(43)) - raft.server.snapshot.auto.trigger.enabled = true (custom)
2019-07-13 07:41:29,343 INFO  server.RaftServerConfigKeys (ConfUtils.java:logGet(43)) - raft.server.snapshot.auto.trigger.threshold = 10000 (custom)
2019-07-13 07:41:29,343 INFO  server.RaftServerConfigKeys (ConfUtils.java:logGet(43)) - raft.server.snapshot.auto.trigger.enabled = true (custom)
2019-07-13 07:41:29,344 INFO  server.RaftServerConfigKeys (ConfUtils.java:logGet(43)) - raft.server.retrycache.expirytime = 600000ms (custom)
2019-07-13 07:41:29,344 INFO  server.RaftServerConfigKeys (ConfUtils.java:logGet(43)) - raft.server.snapshot.auto.trigger.threshold = 10000 (custom)
2019-07-13 07:41:29,344 INFO  impl.RaftServerImpl (RaftServerImpl.java:start(180)) - 33399b93-c352-4e1c-92d7-4b52ced967ed: start group-4D528A8BD796
2019-07-13 07:41:29,344 INFO  server.RaftServerConfigKeys (ConfUtils.java:logGet(43)) - raft.server.retrycache.expirytime = 600000ms (custom)
2019-07-13 07:41:29,344 INFO  impl.RaftServerImpl (RaftServerImpl.java:setRole(171)) - 33399b93-c352-4e1c-92d7-4b52ced967ed:group-4D528A8BD796 changes role from null to FOLLOWER at term 0 for startAsFollower
2019-07-13 07:41:29,344 INFO  impl.RaftServerImpl (RaftServerImpl.java:start(180)) - c6eea7df-d0c8-4dda-ad10-f8b930a01305: start group-4D528A8BD796
2019-07-13 07:41:29,344 INFO  impl.RoleInfo (RoleInfo.java:updateAndGet(143)) - 33399b93-c352-4e1c-92d7-4b52ced967ed: start FollowerState
2019-07-13 07:41:29,345 INFO  impl.RaftServerImpl (RaftServerImpl.java:setRole(171)) - c6eea7df-d0c8-4dda-ad10-f8b930a01305:group-4D528A8BD796 changes role from null to FOLLOWER at term 0 for startAsFollower
2019-07-13 07:41:29,345 INFO  impl.RoleInfo (RoleInfo.java:updateAndGet(143)) - c6eea7df-d0c8-4dda-ad10-f8b930a01305: start FollowerState
2019-07-13 07:41:29,345 INFO  util.JmxRegister (JmxRegister.java:tryRegister(44)) - Successfully registered JMX Bean with object name Ratis:service=RaftServer,group=group-4D528A8BD796,id=33399b93-c352-4e1c-92d7-4b52ced967ed
2019-07-13 07:41:29,345 INFO  util.JmxRegister (JmxRegister.java:tryRegister(44)) - Successfully registered JMX Bean with object name Ratis:service=RaftServer,group=group-4D528A8BD796,id=c6eea7df-d0c8-4dda-ad10-f8b930a01305
2019-07-13 07:41:29,361 INFO  pipeline.PipelineStateManager (PipelineStateManager.java:addPipeline(56)) - Created pipeline Pipeline[ Id: 98e142f1-b931-44c2-bddc-4d528a8bd796, Nodes: 369b40cb-960e-4ee5-8d96-62fde9080aed{ip: 192.168.69.84, host: trunk-nightly-9lh4p-2362225927, networkLocation: /default-rack, certSerialId: null}33399b93-c352-4e1c-92d7-4b52ced967ed{ip: 192.168.69.84, host: trunk-nightly-9lh4p-2362225927, networkLocation: /default-rack, certSerialId: null}c6eea7df-d0c8-4dda-ad10-f8b930a01305{ip: 192.168.69.84, host: trunk-nightly-9lh4p-2362225927, networkLocation: /default-rack, certSerialId: null}, Type:RATIS, Factor:THREE, State:OPEN]
2019-07-13 07:41:29,449 INFO  node.SCMNodeManager (SCMNodeManager.java:register(269)) - Registered Data node : 908d6ca4-f81f-4ee2-b817-a1b7e429e68d{ip: 192.168.69.84, host: trunk-nightly-9lh4p-2362225927, networkLocation: /default-rack, certSerialId: null}
2019-07-13 07:41:29,457 INFO  impl.RaftServerProxy (RaftServerProxy.java:addNew(89)) - 908d6ca4-f81f-4ee2-b817-a1b7e429e68d: addNew group-F27BC1394EB9:[908d6ca4-f81f-4ee2-b817-a1b7e429e68d:192.168.69.84:43435] returns group-F27BC1394EB9:java.util.concurrent.CompletableFuture@3c514dee[Not completed]
2019-07-13 07:41:29,458 INFO  impl.RaftServerImpl (RaftServerImpl.java:<init>(93)) - 908d6ca4-f81f-4ee2-b817-a1b7e429e68d: new RaftServerImpl for group-F27BC1394EB9:[908d6ca4-f81f-4ee2-b817-a1b7e429e68d:192.168.69.84:43435] with ContainerStateMachine:uninitialized
2019-07-13 07:41:29,458 INFO  server.RaftServerConfigKeys (ConfUtils.java:logGet(43)) - raft.server.rpc.timeout.min = 5s (custom)
2019-07-13 07:41:29,458 INFO  server.RaftServerConfigKeys (ConfUtils.java:logGet(43)) - raft.server.rpc.timeout.max = 5200ms (custom)
2019-07-13 07:41:29,458 INFO  server.RaftServerConfigKeys (ConfUtils.java:logGet(43)) - raft.server.rpcslowness.timeout = 120s (custom)
2019-07-13 07:41:29,458 INFO  server.RaftServerConfigKeys (ConfUtils.java:logGet(43)) - raft.server.sleep.deviation.threshold = 300 (default)
2019-07-13 07:41:29,458 INFO  server.RaftServerConfigKeys (ConfUtils.java:logGet(43)) - raft.server.log.appender.install.snapshot.enabled = false (custom)
2019-07-13 07:41:29,459 INFO  impl.RaftServerImpl (ServerState.java:<init>(105)) - 908d6ca4-f81f-4ee2-b817-a1b7e429e68d:group-F27BC1394EB9 ConfigurationManager, init=-1: [908d6ca4-f81f-4ee2-b817-a1b7e429e68d:192.168.69.84:43435], old=null, confs=<EMPTY_MAP>
2019-07-13 07:41:29,459 INFO  server.RaftServerConfigKeys (ConfUtils.java:logGet(43)) - raft.server.storage.dir = [/tmp/workdir/hadoop-ozone/integration-test/target/test-dir/MiniOzoneClusterImpl-4cc15ec6-cc18-4484-86b8-0206962934ea/datanode-3/data/ratis] (custom)
2019-07-13 07:41:29,459 INFO  storage.RaftStorageDirectory (RaftStorageDirectory.java:analyzeStorage(246)) - The storage directory /tmp/workdir/hadoop-ozone/integration-test/target/test-dir/MiniOzoneClusterImpl-4cc15ec6-cc18-4484-86b8-0206962934ea/datanode-3/data/ratis/73b94323-618e-431f-a393-f27bc1394eb9 does not exist. Creating ...
2019-07-13 07:41:29,472 INFO  storage.RaftStorageDirectory (RaftStorageDirectory.java:tryLock(328)) - Lock on /tmp/workdir/hadoop-ozone/integration-test/target/test-dir/MiniOzoneClusterImpl-4cc15ec6-cc18-4484-86b8-0206962934ea/datanode-3/data/ratis/73b94323-618e-431f-a393-f27bc1394eb9/in_use.lock acquired by nodename 29913@trunk-nightly-9lh4p-2362225927
2019-07-13 07:41:29,486 INFO  storage.RaftStorage (RaftStorage.java:format(72)) - Storage directory /tmp/workdir/hadoop-ozone/integration-test/target/test-dir/MiniOzoneClusterImpl-4cc15ec6-cc18-4484-86b8-0206962934ea/datanode-3/data/ratis/73b94323-618e-431f-a393-f27bc1394eb9 has been successfully formatted.
2019-07-13 07:41:29,487 INFO  ratis.ContainerStateMachine (ContainerStateMachine.java:loadSnapshot(200)) - The snapshot info is null.Setting the last applied index to:(t:0, i:~)
2019-07-13 07:41:29,487 INFO  server.RaftServerConfigKeys (ConfUtils.java:logGet(43)) - raft.server.leader.election.timeout = 120s (custom)
2019-07-13 07:41:29,487 INFO  server.RaftServerConfigKeys (ConfUtils.java:logGet(43)) - raft.server.log.use.memory = false (default)
2019-07-13 07:41:29,487 INFO  server.RaftServerConfigKeys (ConfUtils.java:logGet(43)) - raft.server.log.purge.gap = 1000000000 (custom)
2019-07-13 07:41:29,487 INFO  server.RaftServerConfigKeys (ConfUtils.java:logGet(43)) - raft.server.log.appender.buffer.byte-limit = 33554432 (custom)
2019-07-13 07:41:29,487 INFO  server.RaftServerConfigKeys (ConfUtils.java:logGet(43)) - raft.server.log.segment.size.max = 1048576 (custom)
2019-07-13 07:41:29,488 INFO  server.RaftServerConfigKeys (ConfUtils.java:logGet(43)) - raft.server.log.segment.cache.num.max = 2 (custom)
2019-07-13 07:41:29,488 INFO  segmented.SegmentedRaftLogWorker (SegmentedRaftLogWorker.java:<init>(172)) - new 908d6ca4-f81f-4ee2-b817-a1b7e429e68d-SegmentedRaftLogWorker:Storage Directory /tmp/workdir/hadoop-ozone/integration-test/target/test-dir/MiniOzoneClusterImpl-4cc15ec6-cc18-4484-86b8-0206962934ea/datanode-3/data/ratis/73b94323-618e-431f-a393-f27bc1394eb9 for RaftStorage:Storage Directory /tmp/workdir/hadoop-ozone/integration-test/target/test-dir/MiniOzoneClusterImpl-4cc15ec6-cc18-4484-86b8-0206962934ea/datanode-3/data/ratis/73b94323-618e-431f-a393-f27bc1394eb9
2019-07-13 07:41:29,488 INFO  server.RaftServerConfigKeys (ConfUtils.java:logGet(43)) - raft.server.log.queue.byte-limit = 2147483647 (custom)
2019-07-13 07:41:29,488 INFO  server.RaftServerConfigKeys (ConfUtils.java:logGet(43)) - raft.server.log.queue.element-limit = 1024 (custom)
2019-07-13 07:41:29,488 INFO  server.RaftServerConfigKeys (ConfUtils.java:logGet(43)) - raft.server.log.segment.size.max = 1048576 (custom)
2019-07-13 07:41:29,488 INFO  server.RaftServerConfigKeys (ConfUtils.java:logGet(43)) - raft.server.log.preallocated.size = 16384 (custom)
2019-07-13 07:41:29,489 INFO  server.RaftServerConfigKeys (ConfUtils.java:logGet(43)) - raft.server.log.write.buffer.size = 33554432 (custom)
2019-07-13 07:41:29,489 INFO  server.RaftServerConfigKeys (ConfUtils.java:logGet(43)) - raft.server.log.force.sync.num = 128 (default)
2019-07-13 07:41:29,489 INFO  server.RaftServerConfigKeys (ConfUtils.java:logGet(43)) - raft.server.log.statemachine.data.sync = true (default)
2019-07-13 07:41:29,489 INFO  server.RaftServerConfigKeys (ConfUtils.java:logGet(43)) - raft.server.log.statemachine.data.sync.timeout = 10s (default)
2019-07-13 07:41:29,489 INFO  server.RaftServerConfigKeys (ConfUtils.java:logGet(43)) - raft.server.log.statemachine.data.sync.timeout.retry = -1 (default)
2019-07-13 07:41:29,489 INFO  server.RaftServerConfigKeys (ConfUtils.java:logGet(43)) - raft.server.log.statemachine.data.caching.enabled = true (custom)
2019-07-13 07:41:29,490 INFO  segmented.SegmentedRaftLogWorker (SegmentedRaftLogWorker.java:lambda$new$0(132)) - 908d6ca4-f81f-4ee2-b817-a1b7e429e68d-SegmentedRaftLogWorker:Storage Directory /tmp/workdir/hadoop-ozone/integration-test/target/test-dir/MiniOzoneClusterImpl-4cc15ec6-cc18-4484-86b8-0206962934ea/datanode-3/data/ratis/73b94323-618e-431f-a393-f27bc1394eb9: flushIndex: setUnconditionally 0 -> -1
2019-07-13 07:41:29,490 INFO  server.RaftServerConfigKeys (ConfUtils.java:logGet(43)) - raft.server.snapshot.auto.trigger.enabled = true (custom)
2019-07-13 07:41:29,490 INFO  server.RaftServerConfigKeys (ConfUtils.java:logGet(43)) - raft.server.snapshot.auto.trigger.threshold = 10000 (custom)
2019-07-13 07:41:29,490 INFO  server.RaftServerConfigKeys (ConfUtils.java:logGet(43)) - raft.server.retrycache.expirytime = 600000ms (custom)
2019-07-13 07:41:29,491 INFO  impl.RaftServerImpl (RaftServerImpl.java:start(180)) - 908d6ca4-f81f-4ee2-b817-a1b7e429e68d: start group-F27BC1394EB9
2019-07-13 07:41:29,491 INFO  impl.RaftServerImpl (RaftServerImpl.java:setRole(171)) - 908d6ca4-f81f-4ee2-b817-a1b7e429e68d:group-F27BC1394EB9 changes role from null to FOLLOWER at term 0 for startAsFollower
2019-07-13 07:41:29,491 INFO  impl.RoleInfo (RoleInfo.java:updateAndGet(143)) - 908d6ca4-f81f-4ee2-b817-a1b7e429e68d: start FollowerState
2019-07-13 07:41:29,491 INFO  util.JmxRegister (JmxRegister.java:tryRegister(44)) - Successfully registered JMX Bean with object name Ratis:service=RaftServer,group=group-F27BC1394EB9,id=908d6ca4-f81f-4ee2-b817-a1b7e429e68d
2019-07-13 07:41:29,493 INFO  pipeline.PipelineStateManager (PipelineStateManager.java:addPipeline(56)) - Created pipeline Pipeline[ Id: 73b94323-618e-431f-a393-f27bc1394eb9, Nodes: 908d6ca4-f81f-4ee2-b817-a1b7e429e68d{ip: 192.168.69.84, host: trunk-nightly-9lh4p-2362225927, networkLocation: /default-rack, certSerialId: null}, Type:RATIS, Factor:ONE, State:OPEN]
2019-07-13 07:41:29,687 INFO  node.SCMNodeManager (SCMNodeManager.java:register(269)) - Registered Data node : c24005f3-f064-468d-9d57-cc18c4734a6b{ip: 192.168.69.84, host: trunk-nightly-9lh4p-2362225927, networkLocation: /default-rack, certSerialId: null}
2019-07-13 07:41:29,695 INFO  impl.RaftServerProxy (RaftServerProxy.java:addNew(89)) - c24005f3-f064-468d-9d57-cc18c4734a6b: addNew group-56AED4038DD0:[c24005f3-f064-468d-9d57-cc18c4734a6b:192.168.69.84:37533] returns group-56AED4038DD0:java.util.concurrent.CompletableFuture@af2e686[Not completed]
2019-07-13 07:41:29,695 INFO  impl.RaftServerImpl (RaftServerImpl.java:<init>(93)) - c24005f3-f064-468d-9d57-cc18c4734a6b: new RaftServerImpl for group-56AED4038DD0:[c24005f3-f064-468d-9d57-cc18c4734a6b:192.168.69.84:37533] with ContainerStateMachine:uninitialized
2019-07-13 07:41:29,696 INFO  server.RaftServerConfigKeys (ConfUtils.java:logGet(43)) - raft.server.rpc.timeout.min = 5s (custom)
2019-07-13 07:41:29,696 INFO  server.RaftServerConfigKeys (ConfUtils.java:logGet(43)) - raft.server.rpc.timeout.max = 5200ms (custom)
2019-07-13 07:41:29,696 INFO  server.RaftServerConfigKeys (ConfUtils.java:logGet(43)) - raft.server.rpcslowness.timeout = 120s (custom)
2019-07-13 07:41:29,696 INFO  server.RaftServerConfigKeys (ConfUtils.java:logGet(43)) - raft.server.sleep.deviation.threshold = 300 (default)
2019-07-13 07:41:29,696 INFO  server.RaftServerConfigKeys (ConfUtils.java:logGet(43)) - raft.server.log.appender.install.snapshot.enabled = false (custom)
2019-07-13 07:41:29,696 INFO  impl.RaftServerImpl (ServerState.java:<init>(105)) - c24005f3-f064-468d-9d57-cc18c4734a6b:group-56AED4038DD0 ConfigurationManager, init=-1: [c24005f3-f064-468d-9d57-cc18c4734a6b:192.168.69.84:37533], old=null, confs=<EMPTY_MAP>
2019-07-13 07:41:29,697 INFO  server.RaftServerConfigKeys (ConfUtils.java:logGet(43)) - raft.server.storage.dir = [/tmp/workdir/hadoop-ozone/integration-test/target/test-dir/MiniOzoneClusterImpl-4cc15ec6-cc18-4484-86b8-0206962934ea/datanode-4/data/ratis] (custom)
2019-07-13 07:41:29,697 INFO  storage.RaftStorageDirectory (RaftStorageDirectory.java:analyzeStorage(246)) - The storage directory /tmp/workdir/hadoop-ozone/integration-test/target/test-dir/MiniOzoneClusterImpl-4cc15ec6-cc18-4484-86b8-0206962934ea/datanode-4/data/ratis/7ab5f15e-8fc3-49a9-96e5-56aed4038dd0 does not exist. Creating ...
2019-07-13 07:41:29,710 INFO  storage.RaftStorageDirectory (RaftStorageDirectory.java:tryLock(328)) - Lock on /tmp/workdir/hadoop-ozone/integration-test/target/test-dir/MiniOzoneClusterImpl-4cc15ec6-cc18-4484-86b8-0206962934ea/datanode-4/data/ratis/7ab5f15e-8fc3-49a9-96e5-56aed4038dd0/in_use.lock acquired by nodename 29913@trunk-nightly-9lh4p-2362225927
2019-07-13 07:41:29,723 INFO  storage.RaftStorage (RaftStorage.java:format(72)) - Storage directory /tmp/workdir/hadoop-ozone/integration-test/target/test-dir/MiniOzoneClusterImpl-4cc15ec6-cc18-4484-86b8-0206962934ea/datanode-4/data/ratis/7ab5f15e-8fc3-49a9-96e5-56aed4038dd0 has been successfully formatted.
2019-07-13 07:41:29,723 INFO  ratis.ContainerStateMachine (ContainerStateMachine.java:loadSnapshot(200)) - The snapshot info is null.Setting the last applied index to:(t:0, i:~)
2019-07-13 07:41:29,724 INFO  server.RaftServerConfigKeys (ConfUtils.java:logGet(43)) - raft.server.leader.election.timeout = 120s (custom)
2019-07-13 07:41:29,724 INFO  server.RaftServerConfigKeys (ConfUtils.java:logGet(43)) - raft.server.log.use.memory = false (default)
2019-07-13 07:41:29,724 INFO  server.RaftServerConfigKeys (ConfUtils.java:logGet(43)) - raft.server.log.purge.gap = 1000000000 (custom)
2019-07-13 07:41:29,724 INFO  server.RaftServerConfigKeys (ConfUtils.java:logGet(43)) - raft.server.log.appender.buffer.byte-limit = 33554432 (custom)
2019-07-13 07:41:29,724 INFO  server.RaftServerConfigKeys (ConfUtils.java:logGet(43)) - raft.server.log.segment.size.max = 1048576 (custom)
2019-07-13 07:41:29,724 INFO  server.RaftServerConfigKeys (ConfUtils.java:logGet(43)) - raft.server.log.segment.cache.num.max = 2 (custom)
2019-07-13 07:41:29,724 INFO  segmented.SegmentedRaftLogWorker (SegmentedRaftLogWorker.java:<init>(172)) - new c24005f3-f064-468d-9d57-cc18c4734a6b-SegmentedRaftLogWorker:Storage Directory /tmp/workdir/hadoop-ozone/integration-test/target/test-dir/MiniOzoneClusterImpl-4cc15ec6-cc18-4484-86b8-0206962934ea/datanode-4/data/ratis/7ab5f15e-8fc3-49a9-96e5-56aed4038dd0 for RaftStorage:Storage Directory /tmp/workdir/hadoop-ozone/integration-test/target/test-dir/MiniOzoneClusterImpl-4cc15ec6-cc18-4484-86b8-0206962934ea/datanode-4/data/ratis/7ab5f15e-8fc3-49a9-96e5-56aed4038dd0
2019-07-13 07:41:29,725 INFO  server.RaftServerConfigKeys (ConfUtils.java:logGet(43)) - raft.server.log.queue.byte-limit = 2147483647 (custom)
2019-07-13 07:41:29,725 INFO  server.RaftServerConfigKeys (ConfUtils.java:logGet(43)) - raft.server.log.queue.element-limit = 1024 (custom)
2019-07-13 07:41:29,725 INFO  server.RaftServerConfigKeys (ConfUtils.java:logGet(43)) - raft.server.log.segment.size.max = 1048576 (custom)
2019-07-13 07:41:29,725 INFO  server.RaftServerConfigKeys (ConfUtils.java:logGet(43)) - raft.server.log.preallocated.size = 16384 (custom)
2019-07-13 07:41:29,725 INFO  server.RaftServerConfigKeys (ConfUtils.java:logGet(43)) - raft.server.log.write.buffer.size = 33554432 (custom)
2019-07-13 07:41:29,726 INFO  server.RaftServerConfigKeys (ConfUtils.java:logGet(43)) - raft.server.log.force.sync.num = 128 (default)
2019-07-13 07:41:29,726 INFO  server.RaftServerConfigKeys (ConfUtils.java:logGet(43)) - raft.server.log.statemachine.data.sync = true (default)
2019-07-13 07:41:29,726 INFO  server.RaftServerConfigKeys (ConfUtils.java:logGet(43)) - raft.server.log.statemachine.data.sync.timeout = 10s (default)
2019-07-13 07:41:29,726 INFO  server.RaftServerConfigKeys (ConfUtils.java:logGet(43)) - raft.server.log.statemachine.data.sync.timeout.retry = -1 (default)
2019-07-13 07:41:29,726 INFO  server.RaftServerConfigKeys (ConfUtils.java:logGet(43)) - raft.server.log.statemachine.data.caching.enabled = true (custom)
2019-07-13 07:41:29,727 INFO  segmented.SegmentedRaftLogWorker (SegmentedRaftLogWorker.java:lambda$new$0(132)) - c24005f3-f064-468d-9d57-cc18c4734a6b-SegmentedRaftLogWorker:Storage Directory /tmp/workdir/hadoop-ozone/integration-test/target/test-dir/MiniOzoneClusterImpl-4cc15ec6-cc18-4484-86b8-0206962934ea/datanode-4/data/ratis/7ab5f15e-8fc3-49a9-96e5-56aed4038dd0: flushIndex: setUnconditionally 0 -> -1
2019-07-13 07:41:29,727 INFO  server.RaftServerConfigKeys (ConfUtils.java:logGet(43)) - raft.server.snapshot.auto.trigger.enabled = true (custom)
2019-07-13 07:41:29,727 INFO  server.RaftServerConfigKeys (ConfUtils.java:logGet(43)) - raft.server.snapshot.auto.trigger.threshold = 10000 (custom)
2019-07-13 07:41:29,728 INFO  server.RaftServerConfigKeys (ConfUtils.java:logGet(43)) - raft.server.retrycache.expirytime = 600000ms (custom)
2019-07-13 07:41:29,728 INFO  impl.RaftServerImpl (RaftServerImpl.java:start(180)) - c24005f3-f064-468d-9d57-cc18c4734a6b: start group-56AED4038DD0
2019-07-13 07:41:29,728 INFO  impl.RaftServerImpl (RaftServerImpl.java:setRole(171)) - c24005f3-f064-468d-9d57-cc18c4734a6b:group-56AED4038DD0 changes role from null to FOLLOWER at term 0 for startAsFollower
2019-07-13 07:41:29,728 INFO  impl.RoleInfo (RoleInfo.java:updateAndGet(143)) - c24005f3-f064-468d-9d57-cc18c4734a6b: start FollowerState
2019-07-13 07:41:29,728 INFO  util.JmxRegister (JmxRegister.java:tryRegister(44)) - Successfully registered JMX Bean with object name Ratis:service=RaftServer,group=group-56AED4038DD0,id=c24005f3-f064-468d-9d57-cc18c4734a6b
2019-07-13 07:41:29,730 INFO  pipeline.PipelineStateManager (PipelineStateManager.java:addPipeline(56)) - Created pipeline Pipeline[ Id: 7ab5f15e-8fc3-49a9-96e5-56aed4038dd0, Nodes: c24005f3-f064-468d-9d57-cc18c4734a6b{ip: 192.168.69.84, host: trunk-nightly-9lh4p-2362225927, networkLocation: /default-rack, certSerialId: null}, Type:RATIS, Factor:ONE, State:OPEN]
2019-07-13 07:41:29,903 INFO  node.SCMNodeManager (SCMNodeManager.java:register(269)) - Registered Data node : 8bf5bc8b-bcdd-4299-8058-a0833f294212{ip: 192.168.69.84, host: trunk-nightly-9lh4p-2362225927, networkLocation: /default-rack, certSerialId: null}
2019-07-13 07:41:29,909 INFO  impl.RaftServerProxy (RaftServerProxy.java:addNew(89)) - 8bf5bc8b-bcdd-4299-8058-a0833f294212: addNew group-499EED67768D:[8bf5bc8b-bcdd-4299-8058-a0833f294212:192.168.69.84:36965] returns group-499EED67768D:java.util.concurrent.CompletableFuture@5571f6f6[Not completed]
2019-07-13 07:41:29,910 INFO  impl.RaftServerImpl (RaftServerImpl.java:<init>(93)) - 8bf5bc8b-bcdd-4299-8058-a0833f294212: new RaftServerImpl for group-499EED67768D:[8bf5bc8b-bcdd-4299-8058-a0833f294212:192.168.69.84:36965] with ContainerStateMachine:uninitialized
2019-07-13 07:41:29,910 INFO  server.RaftServerConfigKeys (ConfUtils.java:logGet(43)) - raft.server.rpc.timeout.min = 5s (custom)
2019-07-13 07:41:29,910 INFO  server.RaftServerConfigKeys (ConfUtils.java:logGet(43)) - raft.server.rpc.timeout.max = 5200ms (custom)
2019-07-13 07:41:29,910 INFO  server.RaftServerConfigKeys (ConfUtils.java:logGet(43)) - raft.server.rpcslowness.timeout = 120s (custom)
2019-07-13 07:41:29,911 INFO  server.RaftServerConfigKeys (ConfUtils.java:logGet(43)) - raft.server.sleep.deviation.threshold = 300 (default)
2019-07-13 07:41:29,911 INFO  server.RaftServerConfigKeys (ConfUtils.java:logGet(43)) - raft.server.log.appender.install.snapshot.enabled = false (custom)
2019-07-13 07:41:29,911 INFO  impl.RaftServerImpl (ServerState.java:<init>(105)) - 8bf5bc8b-bcdd-4299-8058-a0833f294212:group-499EED67768D ConfigurationManager, init=-1: [8bf5bc8b-bcdd-4299-8058-a0833f294212:192.168.69.84:36965], old=null, confs=<EMPTY_MAP>
2019-07-13 07:41:29,911 INFO  server.RaftServerConfigKeys (ConfUtils.java:logGet(43)) - raft.server.storage.dir = [/tmp/workdir/hadoop-ozone/integration-test/target/test-dir/MiniOzoneClusterImpl-4cc15ec6-cc18-4484-86b8-0206962934ea/datanode-5/data/ratis] (custom)
2019-07-13 07:41:29,911 INFO  storage.RaftStorageDirectory (RaftStorageDirectory.java:analyzeStorage(246)) - The storage directory /tmp/workdir/hadoop-ozone/integration-test/target/test-dir/MiniOzoneClusterImpl-4cc15ec6-cc18-4484-86b8-0206962934ea/datanode-5/data/ratis/ef956f33-ee24-4aba-bda5-499eed67768d does not exist. Creating ...
2019-07-13 07:41:29,936 INFO  storage.RaftStorageDirectory (RaftStorageDirectory.java:tryLock(328)) - Lock on /tmp/workdir/hadoop-ozone/integration-test/target/test-dir/MiniOzoneClusterImpl-4cc15ec6-cc18-4484-86b8-0206962934ea/datanode-5/data/ratis/ef956f33-ee24-4aba-bda5-499eed67768d/in_use.lock acquired by nodename 29913@trunk-nightly-9lh4p-2362225927
2019-07-13 07:41:29,951 INFO  storage.RaftStorage (RaftStorage.java:format(72)) - Storage directory /tmp/workdir/hadoop-ozone/integration-test/target/test-dir/MiniOzoneClusterImpl-4cc15ec6-cc18-4484-86b8-0206962934ea/datanode-5/data/ratis/ef956f33-ee24-4aba-bda5-499eed67768d has been successfully formatted.
2019-07-13 07:41:29,952 INFO  ratis.ContainerStateMachine (ContainerStateMachine.java:loadSnapshot(200)) - The snapshot info is null.Setting the last applied index to:(t:0, i:~)
2019-07-13 07:41:29,952 INFO  server.RaftServerConfigKeys (ConfUtils.java:logGet(43)) - raft.server.leader.election.timeout = 120s (custom)
2019-07-13 07:41:29,952 INFO  server.RaftServerConfigKeys (ConfUtils.java:logGet(43)) - raft.server.log.use.memory = false (default)
2019-07-13 07:41:29,952 INFO  server.RaftServerConfigKeys (ConfUtils.java:logGet(43)) - raft.server.log.purge.gap = 1000000000 (custom)
2019-07-13 07:41:29,952 INFO  server.RaftServerConfigKeys (ConfUtils.java:logGet(43)) - raft.server.log.appender.buffer.byte-limit = 33554432 (custom)
2019-07-13 07:41:29,952 INFO  server.RaftServerConfigKeys (ConfUtils.java:logGet(43)) - raft.server.log.segment.size.max = 1048576 (custom)
2019-07-13 07:41:29,953 INFO  server.RaftServerConfigKeys (ConfUtils.java:logGet(43)) - raft.server.log.segment.cache.num.max = 2 (custom)
2019-07-13 07:41:29,953 INFO  segmented.SegmentedRaftLogWorker (SegmentedRaftLogWorker.java:<init>(172)) - new 8bf5bc8b-bcdd-4299-8058-a0833f294212-SegmentedRaftLogWorker:Storage Directory /tmp/workdir/hadoop-ozone/integration-test/target/test-dir/MiniOzoneClusterImpl-4cc15ec6-cc18-4484-86b8-0206962934ea/datanode-5/data/ratis/ef956f33-ee24-4aba-bda5-499eed67768d for RaftStorage:Storage Directory /tmp/workdir/hadoop-ozone/integration-test/target/test-dir/MiniOzoneClusterImpl-4cc15ec6-cc18-4484-86b8-0206962934ea/datanode-5/data/ratis/ef956f33-ee24-4aba-bda5-499eed67768d
2019-07-13 07:41:29,953 INFO  server.RaftServerConfigKeys (ConfUtils.java:logGet(43)) - raft.server.log.queue.byte-limit = 2147483647 (custom)
2019-07-13 07:41:29,953 INFO  server.RaftServerConfigKeys (ConfUtils.java:logGet(43)) - raft.server.log.queue.element-limit = 1024 (custom)
2019-07-13 07:41:29,953 INFO  server.RaftServerConfigKeys (ConfUtils.java:logGet(43)) - raft.server.log.segment.size.max = 1048576 (custom)
2019-07-13 07:41:29,953 INFO  server.RaftServerConfigKeys (ConfUtils.java:logGet(43)) - raft.server.log.preallocated.size = 16384 (custom)
2019-07-13 07:41:29,954 INFO  server.RaftServerConfigKeys (ConfUtils.java:logGet(43)) - raft.server.log.write.buffer.size = 33554432 (custom)
2019-07-13 07:41:29,954 INFO  server.RaftServerConfigKeys (ConfUtils.java:logGet(43)) - raft.server.log.force.sync.num = 128 (default)
2019-07-13 07:41:29,954 INFO  server.RaftServerConfigKeys (ConfUtils.java:logGet(43)) - raft.server.log.statemachine.data.sync = true (default)
2019-07-13 07:41:29,954 INFO  server.RaftServerConfigKeys (ConfUtils.java:logGet(43)) - raft.server.log.statemachine.data.sync.timeout = 10s (default)
2019-07-13 07:41:29,954 INFO  server.RaftServerConfigKeys (ConfUtils.java:logGet(43)) - raft.server.log.statemachine.data.sync.timeout.retry = -1 (default)
2019-07-13 07:41:29,954 INFO  server.RaftServerConfigKeys (ConfUtils.java:logGet(43)) - raft.server.log.statemachine.data.caching.enabled = true (custom)
2019-07-13 07:41:29,955 INFO  segmented.SegmentedRaftLogWorker (SegmentedRaftLogWorker.java:lambda$new$0(132)) - 8bf5bc8b-bcdd-4299-8058-a0833f294212-SegmentedRaftLogWorker:Storage Directory /tmp/workdir/hadoop-ozone/integration-test/target/test-dir/MiniOzoneClusterImpl-4cc15ec6-cc18-4484-86b8-0206962934ea/datanode-5/data/ratis/ef956f33-ee24-4aba-bda5-499eed67768d: flushIndex: setUnconditionally 0 -> -1
2019-07-13 07:41:29,955 INFO  server.RaftServerConfigKeys (ConfUtils.java:logGet(43)) - raft.server.snapshot.auto.trigger.enabled = true (custom)
2019-07-13 07:41:29,955 INFO  server.RaftServerConfigKeys (ConfUtils.java:logGet(43)) - raft.server.snapshot.auto.trigger.threshold = 10000 (custom)
2019-07-13 07:41:29,955 INFO  server.RaftServerConfigKeys (ConfUtils.java:logGet(43)) - raft.server.retrycache.expirytime = 600000ms (custom)
2019-07-13 07:41:29,955 INFO  impl.RaftServerImpl (RaftServerImpl.java:start(180)) - 8bf5bc8b-bcdd-4299-8058-a0833f294212: start group-499EED67768D
2019-07-13 07:41:29,956 INFO  impl.RaftServerImpl (RaftServerImpl.java:setRole(171)) - 8bf5bc8b-bcdd-4299-8058-a0833f294212:group-499EED67768D changes role from null to FOLLOWER at term 0 for startAsFollower
2019-07-13 07:41:29,956 INFO  impl.RoleInfo (RoleInfo.java:updateAndGet(143)) - 8bf5bc8b-bcdd-4299-8058-a0833f294212: start FollowerState
2019-07-13 07:41:29,956 INFO  util.JmxRegister (JmxRegister.java:tryRegister(44)) - Successfully registered JMX Bean with object name Ratis:service=RaftServer,group=group-499EED67768D,id=8bf5bc8b-bcdd-4299-8058-a0833f294212
2019-07-13 07:41:29,958 INFO  pipeline.PipelineStateManager (PipelineStateManager.java:addPipeline(56)) - Created pipeline Pipeline[ Id: ef956f33-ee24-4aba-bda5-499eed67768d, Nodes: 8bf5bc8b-bcdd-4299-8058-a0833f294212{ip: 192.168.69.84, host: trunk-nightly-9lh4p-2362225927, networkLocation: /default-rack, certSerialId: null}, Type:RATIS, Factor:ONE, State:OPEN]
2019-07-13 07:41:29,972 INFO  impl.RaftServerProxy (RaftServerProxy.java:addNew(89)) - 8bf5bc8b-bcdd-4299-8058-a0833f294212: addNew group-0DD37C3FDB77:[8bf5bc8b-bcdd-4299-8058-a0833f294212:192.168.69.84:36965, 908d6ca4-f81f-4ee2-b817-a1b7e429e68d:192.168.69.84:43435, c24005f3-f064-468d-9d57-cc18c4734a6b:192.168.69.84:37533] returns group-0DD37C3FDB77:java.util.concurrent.CompletableFuture@34fe08c6[Not completed]
2019-07-13 07:41:29,972 INFO  impl.RaftServerProxy (RaftServerProxy.java:addNew(89)) - 908d6ca4-f81f-4ee2-b817-a1b7e429e68d: addNew group-0DD37C3FDB77:[8bf5bc8b-bcdd-4299-8058-a0833f294212:192.168.69.84:36965, 908d6ca4-f81f-4ee2-b817-a1b7e429e68d:192.168.69.84:43435, c24005f3-f064-468d-9d57-cc18c4734a6b:192.168.69.84:37533] returns group-0DD37C3FDB77:java.util.concurrent.CompletableFuture@231b93ba[Not completed]
2019-07-13 07:41:29,972 INFO  impl.RaftServerProxy (RaftServerProxy.java:addNew(89)) - c24005f3-f064-468d-9d57-cc18c4734a6b: addNew group-0DD37C3FDB77:[8bf5bc8b-bcdd-4299-8058-a0833f294212:192.168.69.84:36965, 908d6ca4-f81f-4ee2-b817-a1b7e429e68d:192.168.69.84:43435, c24005f3-f064-468d-9d57-cc18c4734a6b:192.168.69.84:37533] returns group-0DD37C3FDB77:java.util.concurrent.CompletableFuture@40613395[Not completed]
2019-07-13 07:41:29,973 INFO  impl.RaftServerImpl (RaftServerImpl.java:<init>(93)) - 8bf5bc8b-bcdd-4299-8058-a0833f294212: new RaftServerImpl for group-0DD37C3FDB77:[8bf5bc8b-bcdd-4299-8058-a0833f294212:192.168.69.84:36965, 908d6ca4-f81f-4ee2-b817-a1b7e429e68d:192.168.69.84:43435, c24005f3-f064-468d-9d57-cc18c4734a6b:192.168.69.84:37533] with ContainerStateMachine:uninitialized
2019-07-13 07:41:29,973 INFO  server.RaftServerConfigKeys (ConfUtils.java:logGet(43)) - raft.server.rpc.timeout.min = 5s (custom)
2019-07-13 07:41:29,973 INFO  server.RaftServerConfigKeys (ConfUtils.java:logGet(43)) - raft.server.rpc.timeout.max = 5200ms (custom)
2019-07-13 07:41:29,973 INFO  server.RaftServerConfigKeys (ConfUtils.java:logGet(43)) - raft.server.rpcslowness.timeout = 120s (custom)
2019-07-13 07:41:29,973 INFO  impl.RaftServerImpl (RaftServerImpl.java:<init>(93)) - 908d6ca4-f81f-4ee2-b817-a1b7e429e68d: new RaftServerImpl for group-0DD37C3FDB77:[8bf5bc8b-bcdd-4299-8058-a0833f294212:192.168.69.84:36965, 908d6ca4-f81f-4ee2-b817-a1b7e429e68d:192.168.69.84:43435, c24005f3-f064-468d-9d57-cc18c4734a6b:192.168.69.84:37533] with ContainerStateMachine:uninitialized
2019-07-13 07:41:29,973 INFO  server.RaftServerConfigKeys (ConfUtils.java:logGet(43)) - raft.server.sleep.deviation.threshold = 300 (default)
2019-07-13 07:41:29,974 INFO  impl.RaftServerImpl (RaftServerImpl.java:<init>(93)) - c24005f3-f064-468d-9d57-cc18c4734a6b: new RaftServerImpl for group-0DD37C3FDB77:[8bf5bc8b-bcdd-4299-8058-a0833f294212:192.168.69.84:36965, 908d6ca4-f81f-4ee2-b817-a1b7e429e68d:192.168.69.84:43435, c24005f3-f064-468d-9d57-cc18c4734a6b:192.168.69.84:37533] with ContainerStateMachine:uninitialized
2019-07-13 07:41:29,974 INFO  server.RaftServerConfigKeys (ConfUtils.java:logGet(43)) - raft.server.rpc.timeout.min = 5s (custom)
2019-07-13 07:41:29,974 INFO  server.RaftServerConfigKeys (ConfUtils.java:logGet(43)) - raft.server.rpc.timeout.min = 5s (custom)
2019-07-13 07:41:29,974 INFO  server.RaftServerConfigKeys (ConfUtils.java:logGet(43)) - raft.server.rpc.timeout.max = 5200ms (custom)
2019-07-13 07:41:29,974 INFO  server.RaftServerConfigKeys (ConfUtils.java:logGet(43)) - raft.server.log.appender.install.snapshot.enabled = false (custom)
2019-07-13 07:41:29,975 INFO  server.RaftServerConfigKeys (ConfUtils.java:logGet(43)) - raft.server.rpcslowness.timeout = 120s (custom)
2019-07-13 07:41:29,975 INFO  server.RaftServerConfigKeys (ConfUtils.java:logGet(43)) - raft.server.sleep.deviation.threshold = 300 (default)
2019-07-13 07:41:29,974 INFO  server.RaftServerConfigKeys (ConfUtils.java:logGet(43)) - raft.server.rpc.timeout.max = 5200ms (custom)
2019-07-13 07:41:29,975 INFO  server.RaftServerConfigKeys (ConfUtils.java:logGet(43)) - raft.server.log.appender.install.snapshot.enabled = false (custom)
2019-07-13 07:41:29,975 INFO  impl.RaftServerImpl (ServerState.java:<init>(105)) - 8bf5bc8b-bcdd-4299-8058-a0833f294212:group-0DD37C3FDB77 ConfigurationManager, init=-1: [8bf5bc8b-bcdd-4299-8058-a0833f294212:192.168.69.84:36965, 908d6ca4-f81f-4ee2-b817-a1b7e429e68d:192.168.69.84:43435, c24005f3-f064-468d-9d57-cc18c4734a6b:192.168.69.84:37533], old=null, confs=<EMPTY_MAP>
2019-07-13 07:41:29,975 INFO  impl.RaftServerImpl (ServerState.java:<init>(105)) - c24005f3-f064-468d-9d57-cc18c4734a6b:group-0DD37C3FDB77 ConfigurationManager, init=-1: [8bf5bc8b-bcdd-4299-8058-a0833f294212:192.168.69.84:36965, 908d6ca4-f81f-4ee2-b817-a1b7e429e68d:192.168.69.84:43435, c24005f3-f064-468d-9d57-cc18c4734a6b:192.168.69.84:37533], old=null, confs=<EMPTY_MAP>
2019-07-13 07:41:29,975 INFO  server.RaftServerConfigKeys (ConfUtils.java:logGet(43)) - raft.server.rpcslowness.timeout = 120s (custom)
2019-07-13 07:41:29,976 INFO  server.RaftServerConfigKeys (ConfUtils.java:logGet(43)) - raft.server.storage.dir = [/tmp/workdir/hadoop-ozone/integration-test/target/test-dir/MiniOzoneClusterImpl-4cc15ec6-cc18-4484-86b8-0206962934ea/datanode-4/data/ratis] (custom)
2019-07-13 07:41:29,976 INFO  server.RaftServerConfigKeys (ConfUtils.java:logGet(43)) - raft.server.storage.dir = [/tmp/workdir/hadoop-ozone/integration-test/target/test-dir/MiniOzoneClusterImpl-4cc15ec6-cc18-4484-86b8-0206962934ea/datanode-5/data/ratis] (custom)
2019-07-13 07:41:29,976 INFO  server.RaftServerConfigKeys (ConfUtils.java:logGet(43)) - raft.server.sleep.deviation.threshold = 300 (default)
2019-07-13 07:41:29,976 INFO  storage.RaftStorageDirectory (RaftStorageDirectory.java:analyzeStorage(246)) - The storage directory /tmp/workdir/hadoop-ozone/integration-test/target/test-dir/MiniOzoneClusterImpl-4cc15ec6-cc18-4484-86b8-0206962934ea/datanode-4/data/ratis/ff8360a4-df02-47dd-869f-0dd37c3fdb77 does not exist. Creating ...
2019-07-13 07:41:29,976 INFO  storage.RaftStorageDirectory (RaftStorageDirectory.java:analyzeStorage(246)) - The storage directory /tmp/workdir/hadoop-ozone/integration-test/target/test-dir/MiniOzoneClusterImpl-4cc15ec6-cc18-4484-86b8-0206962934ea/datanode-5/data/ratis/ff8360a4-df02-47dd-869f-0dd37c3fdb77 does not exist. Creating ...
2019-07-13 07:41:29,976 INFO  server.RaftServerConfigKeys (ConfUtils.java:logGet(43)) - raft.server.log.appender.install.snapshot.enabled = false (custom)
2019-07-13 07:41:29,977 INFO  impl.RaftServerImpl (ServerState.java:<init>(105)) - 908d6ca4-f81f-4ee2-b817-a1b7e429e68d:group-0DD37C3FDB77 ConfigurationManager, init=-1: [8bf5bc8b-bcdd-4299-8058-a0833f294212:192.168.69.84:36965, 908d6ca4-f81f-4ee2-b817-a1b7e429e68d:192.168.69.84:43435, c24005f3-f064-468d-9d57-cc18c4734a6b:192.168.69.84:37533], old=null, confs=<EMPTY_MAP>
2019-07-13 07:41:29,977 INFO  server.RaftServerConfigKeys (ConfUtils.java:logGet(43)) - raft.server.storage.dir = [/tmp/workdir/hadoop-ozone/integration-test/target/test-dir/MiniOzoneClusterImpl-4cc15ec6-cc18-4484-86b8-0206962934ea/datanode-3/data/ratis] (custom)
2019-07-13 07:41:29,977 INFO  storage.RaftStorageDirectory (RaftStorageDirectory.java:analyzeStorage(246)) - The storage directory /tmp/workdir/hadoop-ozone/integration-test/target/test-dir/MiniOzoneClusterImpl-4cc15ec6-cc18-4484-86b8-0206962934ea/datanode-3/data/ratis/ff8360a4-df02-47dd-869f-0dd37c3fdb77 does not exist. Creating ...
2019-07-13 07:41:30,003 INFO  storage.RaftStorageDirectory (RaftStorageDirectory.java:tryLock(328)) - Lock on /tmp/workdir/hadoop-ozone/integration-test/target/test-dir/MiniOzoneClusterImpl-4cc15ec6-cc18-4484-86b8-0206962934ea/datanode-5/data/ratis/ff8360a4-df02-47dd-869f-0dd37c3fdb77/in_use.lock acquired by nodename 29913@trunk-nightly-9lh4p-2362225927
2019-07-13 07:41:30,003 INFO  storage.RaftStorageDirectory (RaftStorageDirectory.java:tryLock(328)) - Lock on /tmp/workdir/hadoop-ozone/integration-test/target/test-dir/MiniOzoneClusterImpl-4cc15ec6-cc18-4484-86b8-0206962934ea/datanode-3/data/ratis/ff8360a4-df02-47dd-869f-0dd37c3fdb77/in_use.lock acquired by nodename 29913@trunk-nightly-9lh4p-2362225927
2019-07-13 07:41:30,003 INFO  storage.RaftStorageDirectory (RaftStorageDirectory.java:tryLock(328)) - Lock on /tmp/workdir/hadoop-ozone/integration-test/target/test-dir/MiniOzoneClusterImpl-4cc15ec6-cc18-4484-86b8-0206962934ea/datanode-4/data/ratis/ff8360a4-df02-47dd-869f-0dd37c3fdb77/in_use.lock acquired by nodename 29913@trunk-nightly-9lh4p-2362225927
2019-07-13 07:41:30,016 INFO  storage.RaftStorage (RaftStorage.java:format(72)) - Storage directory /tmp/workdir/hadoop-ozone/integration-test/target/test-dir/MiniOzoneClusterImpl-4cc15ec6-cc18-4484-86b8-0206962934ea/datanode-5/data/ratis/ff8360a4-df02-47dd-869f-0dd37c3fdb77 has been successfully formatted.
2019-07-13 07:41:30,017 INFO  storage.RaftStorage (RaftStorage.java:format(72)) - Storage directory /tmp/workdir/hadoop-ozone/integration-test/target/test-dir/MiniOzoneClusterImpl-4cc15ec6-cc18-4484-86b8-0206962934ea/datanode-3/data/ratis/ff8360a4-df02-47dd-869f-0dd37c3fdb77 has been successfully formatted.
2019-07-13 07:41:30,017 INFO  storage.RaftStorage (RaftStorage.java:format(72)) - Storage directory /tmp/workdir/hadoop-ozone/integration-test/target/test-dir/MiniOzoneClusterImpl-4cc15ec6-cc18-4484-86b8-0206962934ea/datanode-4/data/ratis/ff8360a4-df02-47dd-869f-0dd37c3fdb77 has been successfully formatted.
2019-07-13 07:41:30,017 INFO  ratis.ContainerStateMachine (ContainerStateMachine.java:loadSnapshot(200)) - The snapshot info is null.Setting the last applied index to:(t:0, i:~)
2019-07-13 07:41:30,017 INFO  server.RaftServerConfigKeys (ConfUtils.java:logGet(43)) - raft.server.leader.election.timeout = 120s (custom)
2019-07-13 07:41:30,017 INFO  ratis.ContainerStateMachine (ContainerStateMachine.java:loadSnapshot(200)) - The snapshot info is null.Setting the last applied index to:(t:0, i:~)
2019-07-13 07:41:30,017 INFO  server.RaftServerConfigKeys (ConfUtils.java:logGet(43)) - raft.server.log.use.memory = false (default)
2019-07-13 07:41:30,017 INFO  ratis.ContainerStateMachine (ContainerStateMachine.java:loadSnapshot(200)) - The snapshot info is null.Setting the last applied index to:(t:0, i:~)
2019-07-13 07:41:30,018 INFO  server.RaftServerConfigKeys (ConfUtils.java:logGet(43)) - raft.server.log.purge.gap = 1000000000 (custom)
2019-07-13 07:41:30,018 INFO  server.RaftServerConfigKeys (ConfUtils.java:logGet(43)) - raft.server.leader.election.timeout = 120s (custom)
2019-07-13 07:41:30,018 INFO  server.RaftServerConfigKeys (ConfUtils.java:logGet(43)) - raft.server.log.appender.buffer.byte-limit = 33554432 (custom)
2019-07-13 07:41:30,018 INFO  server.RaftServerConfigKeys (ConfUtils.java:logGet(43)) - raft.server.leader.election.timeout = 120s (custom)
2019-07-13 07:41:30,018 INFO  server.RaftServerConfigKeys (ConfUtils.java:logGet(43)) - raft.server.log.segment.size.max = 1048576 (custom)
2019-07-13 07:41:30,018 INFO  server.RaftServerConfigKeys (ConfUtils.java:logGet(43)) - raft.server.log.use.memory = false (default)
2019-07-13 07:41:30,019 INFO  server.RaftServerConfigKeys (ConfUtils.java:logGet(43)) - raft.server.log.segment.cache.num.max = 2 (custom)
2019-07-13 07:41:30,019 INFO  server.RaftServerConfigKeys (ConfUtils.java:logGet(43)) - raft.server.log.use.memory = false (default)
2019-07-13 07:41:30,019 INFO  segmented.SegmentedRaftLogWorker (SegmentedRaftLogWorker.java:<init>(172)) - new 908d6ca4-f81f-4ee2-b817-a1b7e429e68d-SegmentedRaftLogWorker:Storage Directory /tmp/workdir/hadoop-ozone/integration-test/target/test-dir/MiniOzoneClusterImpl-4cc15ec6-cc18-4484-86b8-0206962934ea/datanode-3/data/ratis/ff8360a4-df02-47dd-869f-0dd37c3fdb77 for RaftStorage:Storage Directory /tmp/workdir/hadoop-ozone/integration-test/target/test-dir/MiniOzoneClusterImpl-4cc15ec6-cc18-4484-86b8-0206962934ea/datanode-3/data/ratis/ff8360a4-df02-47dd-869f-0dd37c3fdb77
2019-07-13 07:41:30,019 INFO  server.RaftServerConfigKeys (ConfUtils.java:logGet(43)) - raft.server.log.purge.gap = 1000000000 (custom)
2019-07-13 07:41:30,019 INFO  server.RaftServerConfigKeys (ConfUtils.java:logGet(43)) - raft.server.log.queue.byte-limit = 2147483647 (custom)
2019-07-13 07:41:30,020 INFO  server.RaftServerConfigKeys (ConfUtils.java:logGet(43)) - raft.server.log.queue.element-limit = 1024 (custom)
2019-07-13 07:41:30,019 INFO  server.RaftServerConfigKeys (ConfUtils.java:logGet(43)) - raft.server.log.purge.gap = 1000000000 (custom)
2019-07-13 07:41:30,020 INFO  server.RaftServerConfigKeys (ConfUtils.java:logGet(43)) - raft.server.log.segment.size.max = 1048576 (custom)
2019-07-13 07:41:30,019 INFO  server.RaftServerConfigKeys (ConfUtils.java:logGet(43)) - raft.server.log.appender.buffer.byte-limit = 33554432 (custom)
2019-07-13 07:41:30,020 INFO  server.RaftServerConfigKeys (ConfUtils.java:logGet(43)) - raft.server.log.preallocated.size = 16384 (custom)
2019-07-13 07:41:30,020 INFO  server.RaftServerConfigKeys (ConfUtils.java:logGet(43)) - raft.server.log.appender.buffer.byte-limit = 33554432 (custom)
2019-07-13 07:41:30,020 INFO  server.RaftServerConfigKeys (ConfUtils.java:logGet(43)) - raft.server.log.write.buffer.size = 33554432 (custom)
2019-07-13 07:41:30,021 INFO  server.RaftServerConfigKeys (ConfUtils.java:logGet(43)) - raft.server.log.force.sync.num = 128 (default)
2019-07-13 07:41:30,020 INFO  server.RaftServerConfigKeys (ConfUtils.java:logGet(43)) - raft.server.log.segment.size.max = 1048576 (custom)
2019-07-13 07:41:30,021 INFO  server.RaftServerConfigKeys (ConfUtils.java:logGet(43)) - raft.server.log.statemachine.data.sync = true (default)
2019-07-13 07:41:30,021 INFO  server.RaftServerConfigKeys (ConfUtils.java:logGet(43)) - raft.server.log.segment.size.max = 1048576 (custom)
2019-07-13 07:41:30,021 INFO  server.RaftServerConfigKeys (ConfUtils.java:logGet(43)) - raft.server.log.statemachine.data.sync.timeout = 10s (default)
2019-07-13 07:41:30,021 INFO  server.RaftServerConfigKeys (ConfUtils.java:logGet(43)) - raft.server.log.segment.cache.num.max = 2 (custom)
2019-07-13 07:41:30,022 INFO  server.RaftServerConfigKeys (ConfUtils.java:logGet(43)) - raft.server.log.statemachine.data.sync.timeout.retry = -1 (default)
2019-07-13 07:41:30,022 INFO  server.RaftServerConfigKeys (ConfUtils.java:logGet(43)) - raft.server.log.statemachine.data.caching.enabled = true (custom)
2019-07-13 07:41:30,021 INFO  server.RaftServerConfigKeys (ConfUtils.java:logGet(43)) - raft.server.log.segment.cache.num.max = 2 (custom)
2019-07-13 07:41:30,022 INFO  segmented.SegmentedRaftLogWorker (SegmentedRaftLogWorker.java:lambda$new$0(132)) - 908d6ca4-f81f-4ee2-b817-a1b7e429e68d-SegmentedRaftLogWorker:Storage Directory /tmp/workdir/hadoop-ozone/integration-test/target/test-dir/MiniOzoneClusterImpl-4cc15ec6-cc18-4484-86b8-0206962934ea/datanode-3/data/ratis/ff8360a4-df02-47dd-869f-0dd37c3fdb77: flushIndex: setUnconditionally 0 -> -1
2019-07-13 07:41:30,022 INFO  segmented.SegmentedRaftLogWorker (SegmentedRaftLogWorker.java:<init>(172)) - new 8bf5bc8b-bcdd-4299-8058-a0833f294212-SegmentedRaftLogWorker:Storage Directory /tmp/workdir/hadoop-ozone/integration-test/target/test-dir/MiniOzoneClusterImpl-4cc15ec6-cc18-4484-86b8-0206962934ea/datanode-5/data/ratis/ff8360a4-df02-47dd-869f-0dd37c3fdb77 for RaftStorage:Storage Directory /tmp/workdir/hadoop-ozone/integration-test/target/test-dir/MiniOzoneClusterImpl-4cc15ec6-cc18-4484-86b8-0206962934ea/datanode-5/data/ratis/ff8360a4-df02-47dd-869f-0dd37c3fdb77
2019-07-13 07:41:30,022 INFO  segmented.SegmentedRaftLogWorker (SegmentedRaftLogWorker.java:<init>(172)) - new c24005f3-f064-468d-9d57-cc18c4734a6b-SegmentedRaftLogWorker:Storage Directory /tmp/workdir/hadoop-ozone/integration-test/target/test-dir/MiniOzoneClusterImpl-4cc15ec6-cc18-4484-86b8-0206962934ea/datanode-4/data/ratis/ff8360a4-df02-47dd-869f-0dd37c3fdb77 for RaftStorage:Storage Directory /tmp/workdir/hadoop-ozone/integration-test/target/test-dir/MiniOzoneClusterImpl-4cc15ec6-cc18-4484-86b8-0206962934ea/datanode-4/data/ratis/ff8360a4-df02-47dd-869f-0dd37c3fdb77
2019-07-13 07:41:30,023 INFO  server.RaftServerConfigKeys (ConfUtils.java:logGet(43)) - raft.server.snapshot.auto.trigger.enabled = true (custom)
2019-07-13 07:41:30,023 INFO  server.RaftServerConfigKeys (ConfUtils.java:logGet(43)) - raft.server.log.queue.byte-limit = 2147483647 (custom)
2019-07-13 07:41:30,023 INFO  server.RaftServerConfigKeys (ConfUtils.java:logGet(43)) - raft.server.snapshot.auto.trigger.threshold = 10000 (custom)
2019-07-13 07:41:30,023 INFO  server.RaftServerConfigKeys (ConfUtils.java:logGet(43)) - raft.server.log.queue.byte-limit = 2147483647 (custom)
2019-07-13 07:41:30,023 INFO  server.RaftServerConfigKeys (ConfUtils.java:logGet(43)) - raft.server.retrycache.expirytime = 600000ms (custom)
2019-07-13 07:41:30,023 INFO  server.RaftServerConfigKeys (ConfUtils.java:logGet(43)) - raft.server.log.queue.element-limit = 1024 (custom)
2019-07-13 07:41:30,024 INFO  impl.RaftServerImpl (RaftServerImpl.java:start(180)) - 908d6ca4-f81f-4ee2-b817-a1b7e429e68d: start group-0DD37C3FDB77
2019-07-13 07:41:30,024 INFO  impl.RaftServerImpl (RaftServerImpl.java:setRole(171)) - 908d6ca4-f81f-4ee2-b817-a1b7e429e68d:group-0DD37C3FDB77 changes role from null to FOLLOWER at term 0 for startAsFollower
2019-07-13 07:41:30,023 INFO  server.RaftServerConfigKeys (ConfUtils.java:logGet(43)) - raft.server.log.queue.element-limit = 1024 (custom)
2019-07-13 07:41:30,024 INFO  impl.RoleInfo (RoleInfo.java:updateAndGet(143)) - 908d6ca4-f81f-4ee2-b817-a1b7e429e68d: start FollowerState
2019-07-13 07:41:30,024 INFO  server.RaftServerConfigKeys (ConfUtils.java:logGet(43)) - raft.server.log.segment.size.max = 1048576 (custom)
2019-07-13 07:41:30,024 INFO  server.RaftServerConfigKeys (ConfUtils.java:logGet(43)) - raft.server.log.preallocated.size = 16384 (custom)
2019-07-13 07:41:30,024 INFO  server.RaftServerConfigKeys (ConfUtils.java:logGet(43)) - raft.server.log.segment.size.max = 1048576 (custom)
2019-07-13 07:41:30,025 INFO  server.RaftServerConfigKeys (ConfUtils.java:logGet(43)) - raft.server.log.write.buffer.size = 33554432 (custom)
2019-07-13 07:41:30,025 INFO  server.RaftServerConfigKeys (ConfUtils.java:logGet(43)) - raft.server.log.force.sync.num = 128 (default)
2019-07-13 07:41:30,025 INFO  util.JmxRegister (JmxRegister.java:tryRegister(44)) - Successfully registered JMX Bean with object name Ratis:service=RaftServer,group=group-0DD37C3FDB77,id=908d6ca4-f81f-4ee2-b817-a1b7e429e68d
2019-07-13 07:41:30,025 INFO  server.RaftServerConfigKeys (ConfUtils.java:logGet(43)) - raft.server.log.statemachine.data.sync = true (default)
2019-07-13 07:41:30,025 INFO  server.RaftServerConfigKeys (ConfUtils.java:logGet(43)) - raft.server.log.statemachine.data.sync.timeout = 10s (default)
2019-07-13 07:41:30,025 INFO  server.RaftServerConfigKeys (ConfUtils.java:logGet(43)) - raft.server.log.preallocated.size = 16384 (custom)
2019-07-13 07:41:30,026 INFO  server.RaftServerConfigKeys (ConfUtils.java:logGet(43)) - raft.server.log.statemachine.data.sync.timeout.retry = -1 (default)
2019-07-13 07:41:30,026 INFO  server.RaftServerConfigKeys (ConfUtils.java:logGet(43)) - raft.server.log.write.buffer.size = 33554432 (custom)
2019-07-13 07:41:30,026 INFO  server.RaftServerConfigKeys (ConfUtils.java:logGet(43)) - raft.server.log.statemachine.data.caching.enabled = true (custom)
2019-07-13 07:41:30,026 INFO  server.RaftServerConfigKeys (ConfUtils.java:logGet(43)) - raft.server.log.force.sync.num = 128 (default)
2019-07-13 07:41:30,026 INFO  server.RaftServerConfigKeys (ConfUtils.java:logGet(43)) - raft.server.log.statemachine.data.sync = true (default)
2019-07-13 07:41:30,026 INFO  segmented.SegmentedRaftLogWorker (SegmentedRaftLogWorker.java:lambda$new$0(132)) - 8bf5bc8b-bcdd-4299-8058-a0833f294212-SegmentedRaftLogWorker:Storage Directory /tmp/workdir/hadoop-ozone/integration-test/target/test-dir/MiniOzoneClusterImpl-4cc15ec6-cc18-4484-86b8-0206962934ea/datanode-5/data/ratis/ff8360a4-df02-47dd-869f-0dd37c3fdb77: flushIndex: setUnconditionally 0 -> -1
2019-07-13 07:41:30,027 INFO  server.RaftServerConfigKeys (ConfUtils.java:logGet(43)) - raft.server.log.statemachine.data.sync.timeout = 10s (default)
2019-07-13 07:41:30,027 INFO  server.RaftServerConfigKeys (ConfUtils.java:logGet(43)) - raft.server.log.statemachine.data.sync.timeout.retry = -1 (default)
2019-07-13 07:41:30,027 INFO  server.RaftServerConfigKeys (ConfUtils.java:logGet(43)) - raft.server.snapshot.auto.trigger.enabled = true (custom)
2019-07-13 07:41:30,027 INFO  server.RaftServerConfigKeys (ConfUtils.java:logGet(43)) - raft.server.log.statemachine.data.caching.enabled = true (custom)
2019-07-13 07:41:30,027 INFO  server.RaftServerConfigKeys (ConfUtils.java:logGet(43)) - raft.server.snapshot.auto.trigger.threshold = 10000 (custom)
2019-07-13 07:41:30,027 INFO  server.RaftServerConfigKeys (ConfUtils.java:logGet(43)) - raft.server.retrycache.expirytime = 600000ms (custom)
2019-07-13 07:41:30,027 INFO  segmented.SegmentedRaftLogWorker (SegmentedRaftLogWorker.java:lambda$new$0(132)) - c24005f3-f064-468d-9d57-cc18c4734a6b-SegmentedRaftLogWorker:Storage Directory /tmp/workdir/hadoop-ozone/integration-test/target/test-dir/MiniOzoneClusterImpl-4cc15ec6-cc18-4484-86b8-0206962934ea/datanode-4/data/ratis/ff8360a4-df02-47dd-869f-0dd37c3fdb77: flushIndex: setUnconditionally 0 -> -1
2019-07-13 07:41:30,028 INFO  impl.RaftServerImpl (RaftServerImpl.java:start(180)) - 8bf5bc8b-bcdd-4299-8058-a0833f294212: start group-0DD37C3FDB77
2019-07-13 07:41:30,028 INFO  impl.RaftServerImpl (RaftServerImpl.java:setRole(171)) - 8bf5bc8b-bcdd-4299-8058-a0833f294212:group-0DD37C3FDB77 changes role from null to FOLLOWER at term 0 for startAsFollower
2019-07-13 07:41:30,028 INFO  server.RaftServerConfigKeys (ConfUtils.java:logGet(43)) - raft.server.snapshot.auto.trigger.enabled = true (custom)
2019-07-13 07:41:30,028 INFO  impl.RoleInfo (RoleInfo.java:updateAndGet(143)) - 8bf5bc8b-bcdd-4299-8058-a0833f294212: start FollowerState
2019-07-13 07:41:30,028 INFO  server.RaftServerConfigKeys (ConfUtils.java:logGet(43)) - raft.server.snapshot.auto.trigger.threshold = 10000 (custom)
2019-07-13 07:41:30,028 INFO  server.RaftServerConfigKeys (ConfUtils.java:logGet(43)) - raft.server.retrycache.expirytime = 600000ms (custom)
2019-07-13 07:41:30,028 INFO  util.JmxRegister (JmxRegister.java:tryRegister(44)) - Successfully registered JMX Bean with object name Ratis:service=RaftServer,group=group-0DD37C3FDB77,id=8bf5bc8b-bcdd-4299-8058-a0833f294212
2019-07-13 07:41:30,029 INFO  impl.RaftServerImpl (RaftServerImpl.java:start(180)) - c24005f3-f064-468d-9d57-cc18c4734a6b: start group-0DD37C3FDB77
2019-07-13 07:41:30,029 INFO  impl.RaftServerImpl (RaftServerImpl.java:setRole(171)) - c24005f3-f064-468d-9d57-cc18c4734a6b:group-0DD37C3FDB77 changes role from null to FOLLOWER at term 0 for startAsFollower
2019-07-13 07:41:30,029 INFO  impl.RoleInfo (RoleInfo.java:updateAndGet(143)) - c24005f3-f064-468d-9d57-cc18c4734a6b: start FollowerState
2019-07-13 07:41:30,029 INFO  util.JmxRegister (JmxRegister.java:tryRegister(44)) - Successfully registered JMX Bean with object name Ratis:service=RaftServer,group=group-0DD37C3FDB77,id=c24005f3-f064-468d-9d57-cc18c4734a6b
2019-07-13 07:41:30,031 INFO  pipeline.PipelineStateManager (PipelineStateManager.java:addPipeline(56)) - Created pipeline Pipeline[ Id: ff8360a4-df02-47dd-869f-0dd37c3fdb77, Nodes: 908d6ca4-f81f-4ee2-b817-a1b7e429e68d{ip: 192.168.69.84, host: trunk-nightly-9lh4p-2362225927, networkLocation: /default-rack, certSerialId: null}8bf5bc8b-bcdd-4299-8058-a0833f294212{ip: 192.168.69.84, host: trunk-nightly-9lh4p-2362225927, networkLocation: /default-rack, certSerialId: null}c24005f3-f064-468d-9d57-cc18c4734a6b{ip: 192.168.69.84, host: trunk-nightly-9lh4p-2362225927, networkLocation: /default-rack, certSerialId: null}, Type:RATIS, Factor:THREE, State:OPEN]
2019-07-13 07:41:30,099 INFO  ozone.MiniOzoneClusterImpl (MiniOzoneClusterImpl.java:lambda$waitForClusterToBeReady$0(142)) - Waiting for cluster to be ready. Got 6 of 7 DN Heartbeats.
2019-07-13 07:41:30,100 INFO  node.SCMNodeManager (SCMNodeManager.java:register(269)) - Registered Data node : 06935ff0-233c-4c11-a2d3-dee2386cd0a2{ip: 192.168.69.84, host: trunk-nightly-9lh4p-2362225927, networkLocation: /default-rack, certSerialId: null}
2019-07-13 07:41:30,107 INFO  impl.RaftServerProxy (RaftServerProxy.java:addNew(89)) - 06935ff0-233c-4c11-a2d3-dee2386cd0a2: addNew group-D651315EBCC8:[06935ff0-233c-4c11-a2d3-dee2386cd0a2:192.168.69.84:36900] returns group-D651315EBCC8:java.util.concurrent.CompletableFuture@65710e7d[Not completed]
2019-07-13 07:41:30,108 INFO  impl.RaftServerImpl (RaftServerImpl.java:<init>(93)) - 06935ff0-233c-4c11-a2d3-dee2386cd0a2: new RaftServerImpl for group-D651315EBCC8:[06935ff0-233c-4c11-a2d3-dee2386cd0a2:192.168.69.84:36900] with ContainerStateMachine:uninitialized
2019-07-13 07:41:30,108 INFO  server.RaftServerConfigKeys (ConfUtils.java:logGet(43)) - raft.server.rpc.timeout.min = 5s (custom)
2019-07-13 07:41:30,108 INFO  server.RaftServerConfigKeys (ConfUtils.java:logGet(43)) - raft.server.rpc.timeout.max = 5200ms (custom)
2019-07-13 07:41:30,108 INFO  server.RaftServerConfigKeys (ConfUtils.java:logGet(43)) - raft.server.rpcslowness.timeout = 120s (custom)
2019-07-13 07:41:30,108 INFO  server.RaftServerConfigKeys (ConfUtils.java:logGet(43)) - raft.server.sleep.deviation.threshold = 300 (default)
2019-07-13 07:41:30,108 INFO  server.RaftServerConfigKeys (ConfUtils.java:logGet(43)) - raft.server.log.appender.install.snapshot.enabled = false (custom)
2019-07-13 07:41:30,109 INFO  impl.RaftServerImpl (ServerState.java:<init>(105)) - 06935ff0-233c-4c11-a2d3-dee2386cd0a2:group-D651315EBCC8 ConfigurationManager, init=-1: [06935ff0-233c-4c11-a2d3-dee2386cd0a2:192.168.69.84:36900], old=null, confs=<EMPTY_MAP>
2019-07-13 07:41:30,109 INFO  server.RaftServerConfigKeys (ConfUtils.java:logGet(43)) - raft.server.storage.dir = [/tmp/workdir/hadoop-ozone/integration-test/target/test-dir/MiniOzoneClusterImpl-4cc15ec6-cc18-4484-86b8-0206962934ea/datanode-6/data/ratis] (custom)
2019-07-13 07:41:30,109 INFO  storage.RaftStorageDirectory (RaftStorageDirectory.java:analyzeStorage(246)) - The storage directory /tmp/workdir/hadoop-ozone/integration-test/target/test-dir/MiniOzoneClusterImpl-4cc15ec6-cc18-4484-86b8-0206962934ea/datanode-6/data/ratis/cc1d26ee-f0a9-4420-82f1-d651315ebcc8 does not exist. Creating ...
2019-07-13 07:41:30,122 INFO  storage.RaftStorageDirectory (RaftStorageDirectory.java:tryLock(328)) - Lock on /tmp/workdir/hadoop-ozone/integration-test/target/test-dir/MiniOzoneClusterImpl-4cc15ec6-cc18-4484-86b8-0206962934ea/datanode-6/data/ratis/cc1d26ee-f0a9-4420-82f1-d651315ebcc8/in_use.lock acquired by nodename 29913@trunk-nightly-9lh4p-2362225927
2019-07-13 07:41:30,140 INFO  storage.RaftStorage (RaftStorage.java:format(72)) - Storage directory /tmp/workdir/hadoop-ozone/integration-test/target/test-dir/MiniOzoneClusterImpl-4cc15ec6-cc18-4484-86b8-0206962934ea/datanode-6/data/ratis/cc1d26ee-f0a9-4420-82f1-d651315ebcc8 has been successfully formatted.
2019-07-13 07:41:30,141 INFO  ratis.ContainerStateMachine (ContainerStateMachine.java:loadSnapshot(200)) - The snapshot info is null.Setting the last applied index to:(t:0, i:~)
2019-07-13 07:41:30,141 INFO  server.RaftServerConfigKeys (ConfUtils.java:logGet(43)) - raft.server.leader.election.timeout = 120s (custom)
2019-07-13 07:41:30,141 INFO  server.RaftServerConfigKeys (ConfUtils.java:logGet(43)) - raft.server.log.use.memory = false (default)
2019-07-13 07:41:30,141 INFO  server.RaftServerConfigKeys (ConfUtils.java:logGet(43)) - raft.server.log.purge.gap = 1000000000 (custom)
2019-07-13 07:41:30,141 INFO  server.RaftServerConfigKeys (ConfUtils.java:logGet(43)) - raft.server.log.appender.buffer.byte-limit = 33554432 (custom)
2019-07-13 07:41:30,141 INFO  server.RaftServerConfigKeys (ConfUtils.java:logGet(43)) - raft.server.log.segment.size.max = 1048576 (custom)
2019-07-13 07:41:30,142 INFO  server.RaftServerConfigKeys (ConfUtils.java:logGet(43)) - raft.server.log.segment.cache.num.max = 2 (custom)
2019-07-13 07:41:30,142 INFO  segmented.SegmentedRaftLogWorker (SegmentedRaftLogWorker.java:<init>(172)) - new 06935ff0-233c-4c11-a2d3-dee2386cd0a2-SegmentedRaftLogWorker:Storage Directory /tmp/workdir/hadoop-ozone/integration-test/target/test-dir/MiniOzoneClusterImpl-4cc15ec6-cc18-4484-86b8-0206962934ea/datanode-6/data/ratis/cc1d26ee-f0a9-4420-82f1-d651315ebcc8 for RaftStorage:Storage Directory /tmp/workdir/hadoop-ozone/integration-test/target/test-dir/MiniOzoneClusterImpl-4cc15ec6-cc18-4484-86b8-0206962934ea/datanode-6/data/ratis/cc1d26ee-f0a9-4420-82f1-d651315ebcc8
2019-07-13 07:41:30,142 INFO  server.RaftServerConfigKeys (ConfUtils.java:logGet(43)) - raft.server.log.queue.byte-limit = 2147483647 (custom)
2019-07-13 07:41:30,142 INFO  server.RaftServerConfigKeys (ConfUtils.java:logGet(43)) - raft.server.log.queue.element-limit = 1024 (custom)
2019-07-13 07:41:30,142 INFO  server.RaftServerConfigKeys (ConfUtils.java:logGet(43)) - raft.server.log.segment.size.max = 1048576 (custom)
2019-07-13 07:41:30,142 INFO  server.RaftServerConfigKeys (ConfUtils.java:logGet(43)) - raft.server.log.preallocated.size = 16384 (custom)
2019-07-13 07:41:30,143 INFO  server.RaftServerConfigKeys (ConfUtils.java:logGet(43)) - raft.server.log.write.buffer.size = 33554432 (custom)
2019-07-13 07:41:30,143 INFO  server.RaftServerConfigKeys (ConfUtils.java:logGet(43)) - raft.server.log.force.sync.num = 128 (default)
2019-07-13 07:41:30,143 INFO  server.RaftServerConfigKeys (ConfUtils.java:logGet(43)) - raft.server.log.statemachine.data.sync = true (default)
2019-07-13 07:41:30,143 INFO  server.RaftServerConfigKeys (ConfUtils.java:logGet(43)) - raft.server.log.statemachine.data.sync.timeout = 10s (default)
2019-07-13 07:41:30,143 INFO  server.RaftServerConfigKeys (ConfUtils.java:logGet(43)) - raft.server.log.statemachine.data.sync.timeout.retry = -1 (default)
2019-07-13 07:41:30,143 INFO  server.RaftServerConfigKeys (ConfUtils.java:logGet(43)) - raft.server.log.statemachine.data.caching.enabled = true (custom)
2019-07-13 07:41:30,144 INFO  segmented.SegmentedRaftLogWorker (SegmentedRaftLogWorker.java:lambda$new$0(132)) - 06935ff0-233c-4c11-a2d3-dee2386cd0a2-SegmentedRaftLogWorker:Storage Directory /tmp/workdir/hadoop-ozone/integration-test/target/test-dir/MiniOzoneClusterImpl-4cc15ec6-cc18-4484-86b8-0206962934ea/datanode-6/data/ratis/cc1d26ee-f0a9-4420-82f1-d651315ebcc8: flushIndex: setUnconditionally 0 -> -1
2019-07-13 07:41:30,144 INFO  server.RaftServerConfigKeys (ConfUtils.java:logGet(43)) - raft.server.snapshot.auto.trigger.enabled = true (custom)
2019-07-13 07:41:30,144 INFO  server.RaftServerConfigKeys (ConfUtils.java:logGet(43)) - raft.server.snapshot.auto.trigger.threshold = 10000 (custom)
2019-07-13 07:41:30,144 INFO  server.RaftServerConfigKeys (ConfUtils.java:logGet(43)) - raft.server.retrycache.expirytime = 600000ms (custom)
2019-07-13 07:41:30,144 INFO  impl.RaftServerImpl (RaftServerImpl.java:start(180)) - 06935ff0-233c-4c11-a2d3-dee2386cd0a2: start group-D651315EBCC8
2019-07-13 07:41:30,145 INFO  impl.RaftServerImpl (RaftServerImpl.java:setRole(171)) - 06935ff0-233c-4c11-a2d3-dee2386cd0a2:group-D651315EBCC8 changes role from null to FOLLOWER at term 0 for startAsFollower
2019-07-13 07:41:30,145 INFO  impl.RoleInfo (RoleInfo.java:updateAndGet(143)) - 06935ff0-233c-4c11-a2d3-dee2386cd0a2: start FollowerState
2019-07-13 07:41:30,145 INFO  util.JmxRegister (JmxRegister.java:tryRegister(44)) - Successfully registered JMX Bean with object name Ratis:service=RaftServer,group=group-D651315EBCC8,id=06935ff0-233c-4c11-a2d3-dee2386cd0a2
2019-07-13 07:41:30,147 INFO  pipeline.PipelineStateManager (PipelineStateManager.java:addPipeline(56)) - Created pipeline Pipeline[ Id: cc1d26ee-f0a9-4420-82f1-d651315ebcc8, Nodes: 06935ff0-233c-4c11-a2d3-dee2386cd0a2{ip: 192.168.69.84, host: trunk-nightly-9lh4p-2362225927, networkLocation: /default-rack, certSerialId: null}, Type:RATIS, Factor:ONE, State:OPEN]
2019-07-13 07:41:31,099 INFO  ozone.MiniOzoneClusterImpl (MiniOzoneClusterImpl.java:lambda$waitForClusterToBeReady$0(142)) - Cluster is ready. Got 7 of 7 DN Heartbeats.
2019-07-13 07:41:31,136 INFO  rpc.RpcClient (RpcClient.java:createVolume(287)) - Creating Volume: testblockoutputstream, with jenkins1000 as owner.
2019-07-13 07:41:31,157 INFO  rpc.RpcClient (RpcClient.java:createBucket(424)) - Creating Bucket: testblockoutputstream/testblockoutputstream, with Versioning false and Storage Type set to DISK and Encryption set to false 
2019-07-13 07:41:31,192 INFO  client.GrpcClientProtocolClient (GrpcClientProtocolClient.java:onNext(255)) - client-EBA4EF3B3756->369b40cb-960e-4ee5-8d96-62fde9080aed: receive RaftClientReply:client-EBA4EF3B3756->369b40cb-960e-4ee5-8d96-62fde9080aed@group-4D528A8BD796, cid=273, FAILED org.apache.ratis.protocol.NotLeaderException: Server 369b40cb-960e-4ee5-8d96-62fde9080aed is not the leader (null). Request must be sent to leader., logIndex=0, commits[369b40cb-960e-4ee5-8d96-62fde9080aed:c-1]
2019-07-13 07:41:31,861 INFO  container.ReplicationManager (ReplicationManager.java:start(155)) - Starting Replication Monitor Thread.
2019-07-13 07:41:31,870 INFO  container.ReplicationManager (ReplicationManager.java:run(207)) - Replication Monitor Thread took 0 milliseconds for processing 1 containers.
2019-07-13 07:41:32,210 INFO  client.GrpcClientProtocolClient (GrpcClientProtocolClient.java:onNext(255)) - client-EBA4EF3B3756->33399b93-c352-4e1c-92d7-4b52ced967ed: receive RaftClientReply:client-EBA4EF3B3756->33399b93-c352-4e1c-92d7-4b52ced967ed@group-4D528A8BD796, cid=273, FAILED org.apache.ratis.protocol.NotLeaderException: Server 33399b93-c352-4e1c-92d7-4b52ced967ed is not the leader (null). Request must be sent to leader., logIndex=0, commits[33399b93-c352-4e1c-92d7-4b52ced967ed:c-1]
2019-07-13 07:41:33,220 INFO  client.GrpcClientProtocolClient (GrpcClientProtocolClient.java:onNext(255)) - client-EBA4EF3B3756->c6eea7df-d0c8-4dda-ad10-f8b930a01305: receive RaftClientReply:client-EBA4EF3B3756->c6eea7df-d0c8-4dda-ad10-f8b930a01305@group-4D528A8BD796, cid=273, FAILED org.apache.ratis.protocol.NotLeaderException: Server c6eea7df-d0c8-4dda-ad10-f8b930a01305 is not the leader (null). Request must be sent to leader., logIndex=0, commits[c6eea7df-d0c8-4dda-ad10-f8b930a01305:c-1]
2019-07-13 07:41:33,950 INFO  impl.FollowerState (FollowerState.java:run(106)) - 369b40cb-960e-4ee5-8d96-62fde9080aed:group-63CD860F786F changes to CANDIDATE, lastRpcTime:5096, electionTimeout:5096ms
2019-07-13 07:41:33,950 INFO  impl.RoleInfo (RoleInfo.java:shutdownFollowerState(121)) - 369b40cb-960e-4ee5-8d96-62fde9080aed: shutdown FollowerState
2019-07-13 07:41:33,950 INFO  impl.RaftServerImpl (RaftServerImpl.java:setRole(171)) - 369b40cb-960e-4ee5-8d96-62fde9080aed:group-63CD860F786F changes role from FOLLOWER to CANDIDATE at term 0 for changeToCandidate
2019-07-13 07:41:33,950 INFO  impl.RoleInfo (RoleInfo.java:updateAndGet(143)) - 369b40cb-960e-4ee5-8d96-62fde9080aed: start LeaderElection
2019-07-13 07:41:33,971 INFO  impl.LeaderElection (LeaderElection.java:askForVotes(181)) - 369b40cb-960e-4ee5-8d96-62fde9080aed:group-63CD860F786F:LeaderElection93: begin an election at term 1 for -1: [369b40cb-960e-4ee5-8d96-62fde9080aed:192.168.69.84:32806], old=null
2019-07-13 07:41:33,971 INFO  impl.RoleInfo (RoleInfo.java:shutdownLeaderElection(134)) - 369b40cb-960e-4ee5-8d96-62fde9080aed: shutdown LeaderElection
2019-07-13 07:41:33,972 INFO  impl.RaftServerImpl (RaftServerImpl.java:setRole(171)) - 369b40cb-960e-4ee5-8d96-62fde9080aed:group-63CD860F786F changes role from CANDIDATE to LEADER at term 1 for changeToLeader
2019-07-13 07:41:33,972 INFO  impl.RaftServerImpl (ServerState.java:setLeader(263)) - 369b40cb-960e-4ee5-8d96-62fde9080aed:group-63CD860F786F change Leader from null to 369b40cb-960e-4ee5-8d96-62fde9080aed at term 1 for becomeLeader, leader elected after 5123ms
2019-07-13 07:41:33,974 INFO  server.RaftServerConfigKeys (ConfUtils.java:logGet(43)) - raft.server.staging.catchup.gap = 1000 (default)
2019-07-13 07:41:33,974 INFO  server.RaftServerConfigKeys (ConfUtils.java:logGet(43)) - raft.server.rpc.sleep.time = 25ms (default)
2019-07-13 07:41:33,974 INFO  server.RaftServerConfigKeys (ConfUtils.java:logGet(43)) - raft.server.write.element-limit = 4096 (default)
2019-07-13 07:41:33,975 INFO  server.RaftServerConfigKeys (ConfUtils.java:logGet(43)) - raft.server.watch.timeout = 10s (default)
2019-07-13 07:41:33,975 INFO  server.RaftServerConfigKeys (ConfUtils.java:logGet(43)) - raft.server.watch.timeout.denomination = 1s (default)
2019-07-13 07:41:33,975 INFO  server.RaftServerConfigKeys (ConfUtils.java:logGet(43)) - raft.server.watch.element-limit = 65536 (default)
2019-07-13 07:41:33,975 INFO  impl.RoleInfo (RoleInfo.java:updateAndGet(143)) - 369b40cb-960e-4ee5-8d96-62fde9080aed: start LeaderState
2019-07-13 07:41:33,976 INFO  segmented.SegmentedRaftLogWorker (SegmentedRaftLogWorker.java:startLogSegment(380)) - 369b40cb-960e-4ee5-8d96-62fde9080aed-SegmentedRaftLogWorker:Storage Directory /tmp/workdir/hadoop-ozone/integration-test/target/test-dir/MiniOzoneClusterImpl-4cc15ec6-cc18-4484-86b8-0206962934ea/datanode-0/data/ratis/312807c7-bd8f-469b-a8b4-63cd860f786f: Starting segment from index:0
2019-07-13 07:41:33,977 INFO  impl.RaftServerImpl (ServerState.java:setRaftConf(361)) - 369b40cb-960e-4ee5-8d96-62fde9080aed:group-63CD860F786F set configuration 0: [369b40cb-960e-4ee5-8d96-62fde9080aed:192.168.69.84:32806], old=null at 0
2019-07-13 07:41:34,007 INFO  segmented.SegmentedRaftLogWorker (SegmentedRaftLogWorker.java:execute(569)) - 369b40cb-960e-4ee5-8d96-62fde9080aed-SegmentedRaftLogWorker:Storage Directory /tmp/workdir/hadoop-ozone/integration-test/target/test-dir/MiniOzoneClusterImpl-4cc15ec6-cc18-4484-86b8-0206962934ea/datanode-0/data/ratis/312807c7-bd8f-469b-a8b4-63cd860f786f: created new log segment /tmp/workdir/hadoop-ozone/integration-test/target/test-dir/MiniOzoneClusterImpl-4cc15ec6-cc18-4484-86b8-0206962934ea/datanode-0/data/ratis/312807c7-bd8f-469b-a8b4-63cd860f786f/current/log_inprogress_0
2019-07-13 07:41:34,074 INFO  impl.FollowerState (FollowerState.java:run(106)) - 33399b93-c352-4e1c-92d7-4b52ced967ed:group-712E1FD583C5 changes to CANDIDATE, lastRpcTime:5009, electionTimeout:5009ms
2019-07-13 07:41:34,074 INFO  impl.RoleInfo (RoleInfo.java:shutdownFollowerState(121)) - 33399b93-c352-4e1c-92d7-4b52ced967ed: shutdown FollowerState
2019-07-13 07:41:34,074 INFO  impl.RaftServerImpl (RaftServerImpl.java:setRole(171)) - 33399b93-c352-4e1c-92d7-4b52ced967ed:group-712E1FD583C5 changes role from FOLLOWER to CANDIDATE at term 0 for changeToCandidate
2019-07-13 07:41:34,074 INFO  impl.RoleInfo (RoleInfo.java:updateAndGet(143)) - 33399b93-c352-4e1c-92d7-4b52ced967ed: start LeaderElection
2019-07-13 07:41:34,104 INFO  impl.LeaderElection (LeaderElection.java:askForVotes(181)) - 33399b93-c352-4e1c-92d7-4b52ced967ed:group-712E1FD583C5:LeaderElection94: begin an election at term 1 for -1: [33399b93-c352-4e1c-92d7-4b52ced967ed:192.168.69.84:37783], old=null
2019-07-13 07:41:34,105 INFO  impl.RoleInfo (RoleInfo.java:shutdownLeaderElection(134)) - 33399b93-c352-4e1c-92d7-4b52ced967ed: shutdown LeaderElection
2019-07-13 07:41:34,105 INFO  impl.RaftServerImpl (RaftServerImpl.java:setRole(171)) - 33399b93-c352-4e1c-92d7-4b52ced967ed:group-712E1FD583C5 changes role from CANDIDATE to LEADER at term 1 for changeToLeader
2019-07-13 07:41:34,105 INFO  impl.RaftServerImpl (ServerState.java:setLeader(263)) - 33399b93-c352-4e1c-92d7-4b52ced967ed:group-712E1FD583C5 change Leader from null to 33399b93-c352-4e1c-92d7-4b52ced967ed at term 1 for becomeLeader, leader elected after 5045ms
2019-07-13 07:41:34,107 INFO  server.RaftServerConfigKeys (ConfUtils.java:logGet(43)) - raft.server.staging.catchup.gap = 1000 (default)
2019-07-13 07:41:34,107 INFO  server.RaftServerConfigKeys (ConfUtils.java:logGet(43)) - raft.server.rpc.sleep.time = 25ms (default)
2019-07-13 07:41:34,107 INFO  server.RaftServerConfigKeys (ConfUtils.java:logGet(43)) - raft.server.write.element-limit = 4096 (default)
2019-07-13 07:41:34,108 INFO  server.RaftServerConfigKeys (ConfUtils.java:logGet(43)) - raft.server.watch.timeout = 10s (default)
2019-07-13 07:41:34,108 INFO  server.RaftServerConfigKeys (ConfUtils.java:logGet(43)) - raft.server.watch.timeout.denomination = 1s (default)
2019-07-13 07:41:34,108 INFO  server.RaftServerConfigKeys (ConfUtils.java:logGet(43)) - raft.server.watch.element-limit = 65536 (default)
2019-07-13 07:41:34,108 INFO  impl.RoleInfo (RoleInfo.java:updateAndGet(143)) - 33399b93-c352-4e1c-92d7-4b52ced967ed: start LeaderState
2019-07-13 07:41:34,108 INFO  segmented.SegmentedRaftLogWorker (SegmentedRaftLogWorker.java:startLogSegment(380)) - 33399b93-c352-4e1c-92d7-4b52ced967ed-SegmentedRaftLogWorker:Storage Directory /tmp/workdir/hadoop-ozone/integration-test/target/test-dir/MiniOzoneClusterImpl-4cc15ec6-cc18-4484-86b8-0206962934ea/datanode-1/data/ratis/1b01dc2f-8e87-4120-bf9b-712e1fd583c5: Starting segment from index:0
2019-07-13 07:41:34,109 INFO  impl.RaftServerImpl (ServerState.java:setRaftConf(361)) - 33399b93-c352-4e1c-92d7-4b52ced967ed:group-712E1FD583C5 set configuration 0: [33399b93-c352-4e1c-92d7-4b52ced967ed:192.168.69.84:37783], old=null at 0
2019-07-13 07:41:34,139 INFO  segmented.SegmentedRaftLogWorker (SegmentedRaftLogWorker.java:execute(569)) - 33399b93-c352-4e1c-92d7-4b52ced967ed-SegmentedRaftLogWorker:Storage Directory /tmp/workdir/hadoop-ozone/integration-test/target/test-dir/MiniOzoneClusterImpl-4cc15ec6-cc18-4484-86b8-0206962934ea/datanode-1/data/ratis/1b01dc2f-8e87-4120-bf9b-712e1fd583c5: created new log segment /tmp/workdir/hadoop-ozone/integration-test/target/test-dir/MiniOzoneClusterImpl-4cc15ec6-cc18-4484-86b8-0206962934ea/datanode-1/data/ratis/1b01dc2f-8e87-4120-bf9b-712e1fd583c5/current/log_inprogress_0
2019-07-13 07:41:34,230 INFO  client.GrpcClientProtocolClient (GrpcClientProtocolClient.java:onNext(255)) - client-EBA4EF3B3756->33399b93-c352-4e1c-92d7-4b52ced967ed: receive RaftClientReply:client-EBA4EF3B3756->33399b93-c352-4e1c-92d7-4b52ced967ed@group-4D528A8BD796, cid=273, FAILED org.apache.ratis.protocol.NotLeaderException: Server 33399b93-c352-4e1c-92d7-4b52ced967ed is not the leader (null). Request must be sent to leader., logIndex=0, commits[33399b93-c352-4e1c-92d7-4b52ced967ed:c-1]
2019-07-13 07:41:34,326 INFO  impl.FollowerState (FollowerState.java:run(106)) - c6eea7df-d0c8-4dda-ad10-f8b930a01305:group-C3682C3B4491 changes to CANDIDATE, lastRpcTime:5037, electionTimeout:5037ms
2019-07-13 07:41:34,326 INFO  impl.RoleInfo (RoleInfo.java:shutdownFollowerState(121)) - c6eea7df-d0c8-4dda-ad10-f8b930a01305: shutdown FollowerState
2019-07-13 07:41:34,326 INFO  impl.RaftServerImpl (RaftServerImpl.java:setRole(171)) - c6eea7df-d0c8-4dda-ad10-f8b930a01305:group-C3682C3B4491 changes role from FOLLOWER to CANDIDATE at term 0 for changeToCandidate
2019-07-13 07:41:34,326 INFO  impl.RoleInfo (RoleInfo.java:updateAndGet(143)) - c6eea7df-d0c8-4dda-ad10-f8b930a01305: start LeaderElection
2019-07-13 07:41:34,345 INFO  impl.LeaderElection (LeaderElection.java:askForVotes(181)) - c6eea7df-d0c8-4dda-ad10-f8b930a01305:group-C3682C3B4491:LeaderElection95: begin an election at term 1 for -1: [c6eea7df-d0c8-4dda-ad10-f8b930a01305:192.168.69.84:39996], old=null
2019-07-13 07:41:34,345 INFO  impl.RoleInfo (RoleInfo.java:shutdownLeaderElection(134)) - c6eea7df-d0c8-4dda-ad10-f8b930a01305: shutdown LeaderElection
2019-07-13 07:41:34,345 INFO  impl.RaftServerImpl (RaftServerImpl.java:setRole(171)) - c6eea7df-d0c8-4dda-ad10-f8b930a01305:group-C3682C3B4491 changes role from CANDIDATE to LEADER at term 1 for changeToLeader
2019-07-13 07:41:34,345 INFO  impl.RaftServerImpl (ServerState.java:setLeader(263)) - c6eea7df-d0c8-4dda-ad10-f8b930a01305:group-C3682C3B4491 change Leader from null to c6eea7df-d0c8-4dda-ad10-f8b930a01305 at term 1 for becomeLeader, leader elected after 5061ms
2019-07-13 07:41:34,347 INFO  server.RaftServerConfigKeys (ConfUtils.java:logGet(43)) - raft.server.staging.catchup.gap = 1000 (default)
2019-07-13 07:41:34,348 INFO  server.RaftServerConfigKeys (ConfUtils.java:logGet(43)) - raft.server.rpc.sleep.time = 25ms (default)
2019-07-13 07:41:34,348 INFO  server.RaftServerConfigKeys (ConfUtils.java:logGet(43)) - raft.server.write.element-limit = 4096 (default)
2019-07-13 07:41:34,348 INFO  server.RaftServerConfigKeys (ConfUtils.java:logGet(43)) - raft.server.watch.timeout = 10s (default)
2019-07-13 07:41:34,348 INFO  server.RaftServerConfigKeys (ConfUtils.java:logGet(43)) - raft.server.watch.timeout.denomination = 1s (default)
2019-07-13 07:41:34,348 INFO  server.RaftServerConfigKeys (ConfUtils.java:logGet(43)) - raft.server.watch.element-limit = 65536 (default)
2019-07-13 07:41:34,348 INFO  impl.RoleInfo (RoleInfo.java:updateAndGet(143)) - c6eea7df-d0c8-4dda-ad10-f8b930a01305: start LeaderState
2019-07-13 07:41:34,349 INFO  segmented.SegmentedRaftLogWorker (SegmentedRaftLogWorker.java:startLogSegment(380)) - c6eea7df-d0c8-4dda-ad10-f8b930a01305-SegmentedRaftLogWorker:Storage Directory /tmp/workdir/hadoop-ozone/integration-test/target/test-dir/MiniOzoneClusterImpl-4cc15ec6-cc18-4484-86b8-0206962934ea/datanode-2/data/ratis/a45cb577-49e1-4668-b49b-c3682c3b4491: Starting segment from index:0
2019-07-13 07:41:34,349 INFO  impl.RaftServerImpl (ServerState.java:setRaftConf(361)) - c6eea7df-d0c8-4dda-ad10-f8b930a01305:group-C3682C3B4491 set configuration 0: [c6eea7df-d0c8-4dda-ad10-f8b930a01305:192.168.69.84:39996], old=null at 0
2019-07-13 07:41:34,360 INFO  impl.FollowerState (FollowerState.java:run(106)) - 33399b93-c352-4e1c-92d7-4b52ced967ed:group-4D528A8BD796 changes to CANDIDATE, lastRpcTime:5015, electionTimeout:5015ms
2019-07-13 07:41:34,360 INFO  impl.RoleInfo (RoleInfo.java:shutdownFollowerState(121)) - 33399b93-c352-4e1c-92d7-4b52ced967ed: shutdown FollowerState
2019-07-13 07:41:34,360 INFO  impl.RaftServerImpl (RaftServerImpl.java:setRole(171)) - 33399b93-c352-4e1c-92d7-4b52ced967ed:group-4D528A8BD796 changes role from FOLLOWER to CANDIDATE at term 0 for changeToCandidate
2019-07-13 07:41:34,360 INFO  impl.RoleInfo (RoleInfo.java:updateAndGet(143)) - 33399b93-c352-4e1c-92d7-4b52ced967ed: start LeaderElection
2019-07-13 07:41:34,383 INFO  segmented.SegmentedRaftLogWorker (SegmentedRaftLogWorker.java:execute(569)) - c6eea7df-d0c8-4dda-ad10-f8b930a01305-SegmentedRaftLogWorker:Storage Directory /tmp/workdir/hadoop-ozone/integration-test/target/test-dir/MiniOzoneClusterImpl-4cc15ec6-cc18-4484-86b8-0206962934ea/datanode-2/data/ratis/a45cb577-49e1-4668-b49b-c3682c3b4491: created new log segment /tmp/workdir/hadoop-ozone/integration-test/target/test-dir/MiniOzoneClusterImpl-4cc15ec6-cc18-4484-86b8-0206962934ea/datanode-2/data/ratis/a45cb577-49e1-4668-b49b-c3682c3b4491/current/log_inprogress_0
2019-07-13 07:41:34,383 INFO  impl.LeaderElection (LeaderElection.java:askForVotes(181)) - 33399b93-c352-4e1c-92d7-4b52ced967ed:group-4D528A8BD796:LeaderElection96: begin an election at term 1 for -1: [c6eea7df-d0c8-4dda-ad10-f8b930a01305:192.168.69.84:39996, 369b40cb-960e-4ee5-8d96-62fde9080aed:192.168.69.84:32806, 33399b93-c352-4e1c-92d7-4b52ced967ed:192.168.69.84:37783], old=null
2019-07-13 07:41:34,387 INFO  impl.RaftServerImpl (RaftServerImpl.java:setRole(171)) - c6eea7df-d0c8-4dda-ad10-f8b930a01305:group-4D528A8BD796 changes role from FOLLOWER to FOLLOWER at term 1 for recognizeCandidate:33399b93-c352-4e1c-92d7-4b52ced967ed
2019-07-13 07:41:34,388 INFO  impl.RoleInfo (RoleInfo.java:shutdownFollowerState(121)) - c6eea7df-d0c8-4dda-ad10-f8b930a01305: shutdown FollowerState
2019-07-13 07:41:34,388 INFO  impl.RaftServerImpl (RaftServerImpl.java:setRole(171)) - 369b40cb-960e-4ee5-8d96-62fde9080aed:group-4D528A8BD796 changes role from FOLLOWER to FOLLOWER at term 1 for recognizeCandidate:33399b93-c352-4e1c-92d7-4b52ced967ed
2019-07-13 07:41:34,388 INFO  impl.FollowerState (FollowerState.java:run(114)) - c6eea7df-d0c8-4dda-ad10-f8b930a01305: FollowerState was interrupted: java.lang.InterruptedException: sleep interrupted
2019-07-13 07:41:34,388 INFO  impl.RoleInfo (RoleInfo.java:updateAndGet(143)) - c6eea7df-d0c8-4dda-ad10-f8b930a01305: start FollowerState
2019-07-13 07:41:34,388 INFO  impl.RoleInfo (RoleInfo.java:shutdownFollowerState(121)) - 369b40cb-960e-4ee5-8d96-62fde9080aed: shutdown FollowerState
2019-07-13 07:41:34,389 INFO  impl.RoleInfo (RoleInfo.java:updateAndGet(143)) - 369b40cb-960e-4ee5-8d96-62fde9080aed: start FollowerState
2019-07-13 07:41:34,389 INFO  impl.FollowerState (FollowerState.java:run(114)) - 369b40cb-960e-4ee5-8d96-62fde9080aed: FollowerState was interrupted: java.lang.InterruptedException: sleep interrupted
2019-07-13 07:41:34,397 INFO  impl.LeaderElection (LeaderElection.java:logAndReturn(56)) - 33399b93-c352-4e1c-92d7-4b52ced967ed:group-4D528A8BD796:LeaderElection96: Election PASSED; received 1 response(s) [33399b93-c352-4e1c-92d7-4b52ced967ed<-c6eea7df-d0c8-4dda-ad10-f8b930a01305#0:OK-t1] and 0 exception(s); 33399b93-c352-4e1c-92d7-4b52ced967ed:t1, leader=null, voted=33399b93-c352-4e1c-92d7-4b52ced967ed, raftlog=33399b93-c352-4e1c-92d7-4b52ced967ed-SegmentedRaftLog:OPENED:c-1,f-1,i0, conf=-1: [c6eea7df-d0c8-4dda-ad10-f8b930a01305:192.168.69.84:39996, 369b40cb-960e-4ee5-8d96-62fde9080aed:192.168.69.84:32806, 33399b93-c352-4e1c-92d7-4b52ced967ed:192.168.69.84:37783], old=null
2019-07-13 07:41:34,398 INFO  impl.RoleInfo (RoleInfo.java:shutdownLeaderElection(134)) - 33399b93-c352-4e1c-92d7-4b52ced967ed: shutdown LeaderElection
2019-07-13 07:41:34,398 INFO  impl.RaftServerImpl (RaftServerImpl.java:setRole(171)) - 33399b93-c352-4e1c-92d7-4b52ced967ed:group-4D528A8BD796 changes role from CANDIDATE to LEADER at term 1 for changeToLeader
2019-07-13 07:41:34,398 INFO  impl.RaftServerImpl (ServerState.java:setLeader(263)) - 33399b93-c352-4e1c-92d7-4b52ced967ed:group-4D528A8BD796 change Leader from null to 33399b93-c352-4e1c-92d7-4b52ced967ed at term 1 for becomeLeader, leader elected after 5064ms
2019-07-13 07:41:34,398 INFO  server.RaftServerConfigKeys (ConfUtils.java:logGet(43)) - raft.server.staging.catchup.gap = 1000 (default)
2019-07-13 07:41:34,398 INFO  server.RaftServerConfigKeys (ConfUtils.java:logGet(43)) - raft.server.rpc.sleep.time = 25ms (default)
2019-07-13 07:41:34,398 INFO  server.RaftServerConfigKeys (ConfUtils.java:logGet(43)) - raft.server.write.element-limit = 4096 (default)
2019-07-13 07:41:34,399 INFO  server.RaftServerConfigKeys (ConfUtils.java:logGet(43)) - raft.server.watch.timeout = 10s (default)
2019-07-13 07:41:34,399 INFO  server.RaftServerConfigKeys (ConfUtils.java:logGet(43)) - raft.server.watch.timeout.denomination = 1s (default)
2019-07-13 07:41:34,399 INFO  server.RaftServerConfigKeys (ConfUtils.java:logGet(43)) - raft.server.watch.element-limit = 65536 (default)
2019-07-13 07:41:34,399 INFO  server.RaftServerConfigKeys (ConfUtils.java:logGet(43)) - raft.server.log.appender.snapshot.chunk.size.max = 16MB (=16777216) (default)
2019-07-13 07:41:34,399 INFO  server.RaftServerConfigKeys (ConfUtils.java:logGet(43)) - raft.server.log.appender.buffer.byte-limit = 33554432 (custom)
2019-07-13 07:41:34,399 INFO  server.RaftServerConfigKeys (ConfUtils.java:logGet(43)) - raft.server.log.appender.buffer.element-limit = 1 (custom)
2019-07-13 07:41:34,400 INFO  grpc.GrpcConfigKeys$Server (ConfUtils.java:logGet(43)) - raft.grpc.server.leader.outstanding.appends.max = 128 (default)
2019-07-13 07:41:34,400 INFO  server.RaftServerConfigKeys (ConfUtils.java:logGet(43)) - raft.server.rpc.request.timeout = 3000ms (default)
2019-07-13 07:41:34,400 INFO  server.RaftServerConfigKeys (ConfUtils.java:logGet(43)) - raft.server.log.appender.install.snapshot.enabled = false (custom)
2019-07-13 07:41:34,400 INFO  server.RaftServerConfigKeys (ConfUtils.java:logGet(43)) - raft.server.log.appender.snapshot.chunk.size.max = 16MB (=16777216) (default)
2019-07-13 07:41:34,401 INFO  server.RaftServerConfigKeys (ConfUtils.java:logGet(43)) - raft.server.log.appender.buffer.byte-limit = 33554432 (custom)
2019-07-13 07:41:34,401 INFO  server.RaftServerConfigKeys (ConfUtils.java:logGet(43)) - raft.server.log.appender.buffer.element-limit = 1 (custom)
2019-07-13 07:41:34,401 INFO  grpc.GrpcConfigKeys$Server (ConfUtils.java:logGet(43)) - raft.grpc.server.leader.outstanding.appends.max = 128 (default)
2019-07-13 07:41:34,401 INFO  server.RaftServerConfigKeys (ConfUtils.java:logGet(43)) - raft.server.rpc.request.timeout = 3000ms (default)
2019-07-13 07:41:34,401 INFO  server.RaftServerConfigKeys (ConfUtils.java:logGet(43)) - raft.server.log.appender.install.snapshot.enabled = false (custom)
2019-07-13 07:41:34,401 INFO  impl.RoleInfo (RoleInfo.java:updateAndGet(143)) - 33399b93-c352-4e1c-92d7-4b52ced967ed: start LeaderState
2019-07-13 07:41:34,402 INFO  segmented.SegmentedRaftLogWorker (SegmentedRaftLogWorker.java:startLogSegment(380)) - 33399b93-c352-4e1c-92d7-4b52ced967ed-SegmentedRaftLogWorker:Storage Directory /tmp/workdir/hadoop-ozone/integration-test/target/test-dir/MiniOzoneClusterImpl-4cc15ec6-cc18-4484-86b8-0206962934ea/datanode-1/data/ratis/98e142f1-b931-44c2-bddc-4d528a8bd796: Starting segment from index:0
2019-07-13 07:41:34,402 INFO  impl.RaftServerImpl (ServerState.java:setRaftConf(361)) - 33399b93-c352-4e1c-92d7-4b52ced967ed:group-4D528A8BD796 set configuration 0: [c6eea7df-d0c8-4dda-ad10-f8b930a01305:192.168.69.84:39996, 369b40cb-960e-4ee5-8d96-62fde9080aed:192.168.69.84:32806, 33399b93-c352-4e1c-92d7-4b52ced967ed:192.168.69.84:37783], old=null at 0
2019-07-13 07:41:34,404 INFO  impl.RaftServerImpl (ServerState.java:setLeader(263)) - 369b40cb-960e-4ee5-8d96-62fde9080aed:group-4D528A8BD796 change Leader from null to 33399b93-c352-4e1c-92d7-4b52ced967ed at term 1 for appendEntries, leader elected after 5070ms
2019-07-13 07:41:34,404 INFO  impl.RaftServerImpl (ServerState.java:setLeader(263)) - c6eea7df-d0c8-4dda-ad10-f8b930a01305:group-4D528A8BD796 change Leader from null to 33399b93-c352-4e1c-92d7-4b52ced967ed at term 1 for appendEntries, leader elected after 5070ms
2019-07-13 07:41:34,429 INFO  impl.RaftServerImpl (ServerState.java:setRaftConf(361)) - 369b40cb-960e-4ee5-8d96-62fde9080aed:group-4D528A8BD796 set configuration 0: [c6eea7df-d0c8-4dda-ad10-f8b930a01305:192.168.69.84:39996, 369b40cb-960e-4ee5-8d96-62fde9080aed:192.168.69.84:32806, 33399b93-c352-4e1c-92d7-4b52ced967ed:192.168.69.84:37783], old=null at 0
2019-07-13 07:41:34,429 INFO  impl.RaftServerImpl (ServerState.java:setRaftConf(361)) - c6eea7df-d0c8-4dda-ad10-f8b930a01305:group-4D528A8BD796 set configuration 0: [c6eea7df-d0c8-4dda-ad10-f8b930a01305:192.168.69.84:39996, 369b40cb-960e-4ee5-8d96-62fde9080aed:192.168.69.84:32806, 33399b93-c352-4e1c-92d7-4b52ced967ed:192.168.69.84:37783], old=null at 0
2019-07-13 07:41:34,430 INFO  segmented.SegmentedRaftLogWorker (SegmentedRaftLogWorker.java:startLogSegment(380)) - 369b40cb-960e-4ee5-8d96-62fde9080aed-SegmentedRaftLogWorker:Storage Directory /tmp/workdir/hadoop-ozone/integration-test/target/test-dir/MiniOzoneClusterImpl-4cc15ec6-cc18-4484-86b8-0206962934ea/datanode-0/data/ratis/98e142f1-b931-44c2-bddc-4d528a8bd796: Starting segment from index:0
2019-07-13 07:41:34,430 INFO  segmented.SegmentedRaftLogWorker (SegmentedRaftLogWorker.java:startLogSegment(380)) - c6eea7df-d0c8-4dda-ad10-f8b930a01305-SegmentedRaftLogWorker:Storage Directory /tmp/workdir/hadoop-ozone/integration-test/target/test-dir/MiniOzoneClusterImpl-4cc15ec6-cc18-4484-86b8-0206962934ea/datanode-2/data/ratis/98e142f1-b931-44c2-bddc-4d528a8bd796: Starting segment from index:0
2019-07-13 07:41:34,440 INFO  segmented.SegmentedRaftLogWorker (SegmentedRaftLogWorker.java:execute(569)) - 33399b93-c352-4e1c-92d7-4b52ced967ed-SegmentedRaftLogWorker:Storage Directory /tmp/workdir/hadoop-ozone/integration-test/target/test-dir/MiniOzoneClusterImpl-4cc15ec6-cc18-4484-86b8-0206962934ea/datanode-1/data/ratis/98e142f1-b931-44c2-bddc-4d528a8bd796: created new log segment /tmp/workdir/hadoop-ozone/integration-test/target/test-dir/MiniOzoneClusterImpl-4cc15ec6-cc18-4484-86b8-0206962934ea/datanode-1/data/ratis/98e142f1-b931-44c2-bddc-4d528a8bd796/current/log_inprogress_0
2019-07-13 07:41:34,453 INFO  segmented.SegmentedRaftLogWorker (SegmentedRaftLogWorker.java:execute(569)) - 369b40cb-960e-4ee5-8d96-62fde9080aed-SegmentedRaftLogWorker:Storage Directory /tmp/workdir/hadoop-ozone/integration-test/target/test-dir/MiniOzoneClusterImpl-4cc15ec6-cc18-4484-86b8-0206962934ea/datanode-0/data/ratis/98e142f1-b931-44c2-bddc-4d528a8bd796: created new log segment /tmp/workdir/hadoop-ozone/integration-test/target/test-dir/MiniOzoneClusterImpl-4cc15ec6-cc18-4484-86b8-0206962934ea/datanode-0/data/ratis/98e142f1-b931-44c2-bddc-4d528a8bd796/current/log_inprogress_0
2019-07-13 07:41:34,453 INFO  segmented.SegmentedRaftLogWorker (SegmentedRaftLogWorker.java:execute(569)) - c6eea7df-d0c8-4dda-ad10-f8b930a01305-SegmentedRaftLogWorker:Storage Directory /tmp/workdir/hadoop-ozone/integration-test/target/test-dir/MiniOzoneClusterImpl-4cc15ec6-cc18-4484-86b8-0206962934ea/datanode-2/data/ratis/98e142f1-b931-44c2-bddc-4d528a8bd796: created new log segment /tmp/workdir/hadoop-ozone/integration-test/target/test-dir/MiniOzoneClusterImpl-4cc15ec6-cc18-4484-86b8-0206962934ea/datanode-2/data/ratis/98e142f1-b931-44c2-bddc-4d528a8bd796/current/log_inprogress_0
2019-07-13 07:41:34,642 INFO  impl.FollowerState (FollowerState.java:run(106)) - 908d6ca4-f81f-4ee2-b817-a1b7e429e68d:group-F27BC1394EB9 changes to CANDIDATE, lastRpcTime:5151, electionTimeout:5151ms
2019-07-13 07:41:34,642 INFO  impl.RoleInfo (RoleInfo.java:shutdownFollowerState(121)) - 908d6ca4-f81f-4ee2-b817-a1b7e429e68d: shutdown FollowerState
2019-07-13 07:41:34,643 INFO  impl.RaftServerImpl (RaftServerImpl.java:setRole(171)) - 908d6ca4-f81f-4ee2-b817-a1b7e429e68d:group-F27BC1394EB9 changes role from FOLLOWER to CANDIDATE at term 0 for changeToCandidate
2019-07-13 07:41:34,643 INFO  impl.RoleInfo (RoleInfo.java:updateAndGet(143)) - 908d6ca4-f81f-4ee2-b817-a1b7e429e68d: start LeaderElection
2019-07-13 07:41:34,672 INFO  impl.LeaderElection (LeaderElection.java:askForVotes(181)) - 908d6ca4-f81f-4ee2-b817-a1b7e429e68d:group-F27BC1394EB9:LeaderElection97: begin an election at term 1 for -1: [908d6ca4-f81f-4ee2-b817-a1b7e429e68d:192.168.69.84:43435], old=null
2019-07-13 07:41:34,672 INFO  impl.RoleInfo (RoleInfo.java:shutdownLeaderElection(134)) - 908d6ca4-f81f-4ee2-b817-a1b7e429e68d: shutdown LeaderElection
2019-07-13 07:41:34,672 INFO  impl.RaftServerImpl (RaftServerImpl.java:setRole(171)) - 908d6ca4-f81f-4ee2-b817-a1b7e429e68d:group-F27BC1394EB9 changes role from CANDIDATE to LEADER at term 1 for changeToLeader
2019-07-13 07:41:34,672 INFO  impl.RaftServerImpl (ServerState.java:setLeader(263)) - 908d6ca4-f81f-4ee2-b817-a1b7e429e68d:group-F27BC1394EB9 change Leader from null to 908d6ca4-f81f-4ee2-b817-a1b7e429e68d at term 1 for becomeLeader, leader elected after 5185ms
2019-07-13 07:41:34,675 INFO  server.RaftServerConfigKeys (ConfUtils.java:logGet(43)) - raft.server.staging.catchup.gap = 1000 (default)
2019-07-13 07:41:34,676 INFO  server.RaftServerConfigKeys (ConfUtils.java:logGet(43)) - raft.server.rpc.sleep.time = 25ms (default)
2019-07-13 07:41:34,676 INFO  server.RaftServerConfigKeys (ConfUtils.java:logGet(43)) - raft.server.write.element-limit = 4096 (default)
2019-07-13 07:41:34,676 INFO  server.RaftServerConfigKeys (ConfUtils.java:logGet(43)) - raft.server.watch.timeout = 10s (default)
2019-07-13 07:41:34,676 INFO  server.RaftServerConfigKeys (ConfUtils.java:logGet(43)) - raft.server.watch.timeout.denomination = 1s (default)
2019-07-13 07:41:34,676 INFO  server.RaftServerConfigKeys (ConfUtils.java:logGet(43)) - raft.server.watch.element-limit = 65536 (default)
2019-07-13 07:41:34,676 INFO  impl.RoleInfo (RoleInfo.java:updateAndGet(143)) - 908d6ca4-f81f-4ee2-b817-a1b7e429e68d: start LeaderState
2019-07-13 07:41:34,677 INFO  segmented.SegmentedRaftLogWorker (SegmentedRaftLogWorker.java:startLogSegment(380)) - 908d6ca4-f81f-4ee2-b817-a1b7e429e68d-SegmentedRaftLogWorker:Storage Directory /tmp/workdir/hadoop-ozone/integration-test/target/test-dir/MiniOzoneClusterImpl-4cc15ec6-cc18-4484-86b8-0206962934ea/datanode-3/data/ratis/73b94323-618e-431f-a393-f27bc1394eb9: Starting segment from index:0
2019-07-13 07:41:34,677 INFO  impl.RaftServerImpl (ServerState.java:setRaftConf(361)) - 908d6ca4-f81f-4ee2-b817-a1b7e429e68d:group-F27BC1394EB9 set configuration 0: [908d6ca4-f81f-4ee2-b817-a1b7e429e68d:192.168.69.84:43435], old=null at 0
2019-07-13 07:41:34,710 INFO  segmented.SegmentedRaftLogWorker (SegmentedRaftLogWorker.java:execute(569)) - 908d6ca4-f81f-4ee2-b817-a1b7e429e68d-SegmentedRaftLogWorker:Storage Directory /tmp/workdir/hadoop-ozone/integration-test/target/test-dir/MiniOzoneClusterImpl-4cc15ec6-cc18-4484-86b8-0206962934ea/datanode-3/data/ratis/73b94323-618e-431f-a393-f27bc1394eb9: created new log segment /tmp/workdir/hadoop-ozone/integration-test/target/test-dir/MiniOzoneClusterImpl-4cc15ec6-cc18-4484-86b8-0206962934ea/datanode-3/data/ratis/73b94323-618e-431f-a393-f27bc1394eb9/current/log_inprogress_0
2019-07-13 07:41:34,849 INFO  impl.FollowerState (FollowerState.java:run(106)) - c24005f3-f064-468d-9d57-cc18c4734a6b:group-56AED4038DD0 changes to CANDIDATE, lastRpcTime:5120, electionTimeout:5120ms
2019-07-13 07:41:34,849 INFO  impl.RoleInfo (RoleInfo.java:shutdownFollowerState(121)) - c24005f3-f064-468d-9d57-cc18c4734a6b: shutdown FollowerState
2019-07-13 07:41:34,849 INFO  impl.RaftServerImpl (RaftServerImpl.java:setRole(171)) - c24005f3-f064-468d-9d57-cc18c4734a6b:group-56AED4038DD0 changes role from FOLLOWER to CANDIDATE at term 0 for changeToCandidate
2019-07-13 07:41:34,849 INFO  impl.RoleInfo (RoleInfo.java:updateAndGet(143)) - c24005f3-f064-468d-9d57-cc18c4734a6b: start LeaderElection
2019-07-13 07:41:34,867 INFO  impl.LeaderElection (LeaderElection.java:askForVotes(181)) - c24005f3-f064-468d-9d57-cc18c4734a6b:group-56AED4038DD0:LeaderElection98: begin an election at term 1 for -1: [c24005f3-f064-468d-9d57-cc18c4734a6b:192.168.69.84:37533], old=null
2019-07-13 07:41:34,867 INFO  impl.RoleInfo (RoleInfo.java:shutdownLeaderElection(134)) - c24005f3-f064-468d-9d57-cc18c4734a6b: shutdown LeaderElection
2019-07-13 07:41:34,868 INFO  impl.RaftServerImpl (RaftServerImpl.java:setRole(171)) - c24005f3-f064-468d-9d57-cc18c4734a6b:group-56AED4038DD0 changes role from CANDIDATE to LEADER at term 1 for changeToLeader
2019-07-13 07:41:34,868 INFO  impl.RaftServerImpl (ServerState.java:setLeader(263)) - c24005f3-f064-468d-9d57-cc18c4734a6b:group-56AED4038DD0 change Leader from null to c24005f3-f064-468d-9d57-cc18c4734a6b at term 1 for becomeLeader, leader elected after 5144ms
2019-07-13 07:41:34,870 INFO  server.RaftServerConfigKeys (ConfUtils.java:logGet(43)) - raft.server.staging.catchup.gap = 1000 (default)
2019-07-13 07:41:34,870 INFO  server.RaftServerConfigKeys (ConfUtils.java:logGet(43)) - raft.server.rpc.sleep.time = 25ms (default)
2019-07-13 07:41:34,870 INFO  server.RaftServerConfigKeys (ConfUtils.java:logGet(43)) - raft.server.write.element-limit = 4096 (default)
2019-07-13 07:41:34,870 INFO  server.RaftServerConfigKeys (ConfUtils.java:logGet(43)) - raft.server.watch.timeout = 10s (default)
2019-07-13 07:41:34,871 INFO  server.RaftServerConfigKeys (ConfUtils.java:logGet(43)) - raft.server.watch.timeout.denomination = 1s (default)
2019-07-13 07:41:34,871 INFO  server.RaftServerConfigKeys (ConfUtils.java:logGet(43)) - raft.server.watch.element-limit = 65536 (default)
2019-07-13 07:41:34,871 INFO  impl.RoleInfo (RoleInfo.java:updateAndGet(143)) - c24005f3-f064-468d-9d57-cc18c4734a6b: start LeaderState
2019-07-13 07:41:34,871 INFO  segmented.SegmentedRaftLogWorker (SegmentedRaftLogWorker.java:startLogSegment(380)) - c24005f3-f064-468d-9d57-cc18c4734a6b-SegmentedRaftLogWorker:Storage Directory /tmp/workdir/hadoop-ozone/integration-test/target/test-dir/MiniOzoneClusterImpl-4cc15ec6-cc18-4484-86b8-0206962934ea/datanode-4/data/ratis/7ab5f15e-8fc3-49a9-96e5-56aed4038dd0: Starting segment from index:0
2019-07-13 07:41:34,872 INFO  impl.RaftServerImpl (ServerState.java:setRaftConf(361)) - c24005f3-f064-468d-9d57-cc18c4734a6b:group-56AED4038DD0 set configuration 0: [c24005f3-f064-468d-9d57-cc18c4734a6b:192.168.69.84:37533], old=null at 0
2019-07-13 07:41:34,905 INFO  segmented.SegmentedRaftLogWorker (SegmentedRaftLogWorker.java:execute(569)) - c24005f3-f064-468d-9d57-cc18c4734a6b-SegmentedRaftLogWorker:Storage Directory /tmp/workdir/hadoop-ozone/integration-test/target/test-dir/MiniOzoneClusterImpl-4cc15ec6-cc18-4484-86b8-0206962934ea/datanode-4/data/ratis/7ab5f15e-8fc3-49a9-96e5-56aed4038dd0: created new log segment /tmp/workdir/hadoop-ozone/integration-test/target/test-dir/MiniOzoneClusterImpl-4cc15ec6-cc18-4484-86b8-0206962934ea/datanode-4/data/ratis/7ab5f15e-8fc3-49a9-96e5-56aed4038dd0/current/log_inprogress_0
2019-07-13 07:41:35,099 INFO  impl.FollowerState (FollowerState.java:run(106)) - 908d6ca4-f81f-4ee2-b817-a1b7e429e68d:group-0DD37C3FDB77 changes to CANDIDATE, lastRpcTime:5074, electionTimeout:5074ms
2019-07-13 07:41:35,099 INFO  impl.RoleInfo (RoleInfo.java:shutdownFollowerState(121)) - 908d6ca4-f81f-4ee2-b817-a1b7e429e68d: shutdown FollowerState
2019-07-13 07:41:35,099 INFO  impl.RaftServerImpl (RaftServerImpl.java:setRole(171)) - 908d6ca4-f81f-4ee2-b817-a1b7e429e68d:group-0DD37C3FDB77 changes role from FOLLOWER to CANDIDATE at term 0 for changeToCandidate
2019-07-13 07:41:35,099 INFO  impl.RoleInfo (RoleInfo.java:updateAndGet(143)) - 908d6ca4-f81f-4ee2-b817-a1b7e429e68d: start LeaderElection
2019-07-13 07:41:35,120 INFO  impl.LeaderElection (LeaderElection.java:askForVotes(181)) - 908d6ca4-f81f-4ee2-b817-a1b7e429e68d:group-0DD37C3FDB77:LeaderElection99: begin an election at term 1 for -1: [8bf5bc8b-bcdd-4299-8058-a0833f294212:192.168.69.84:36965, 908d6ca4-f81f-4ee2-b817-a1b7e429e68d:192.168.69.84:43435, c24005f3-f064-468d-9d57-cc18c4734a6b:192.168.69.84:37533], old=null
2019-07-13 07:41:35,128 INFO  impl.FollowerState (FollowerState.java:run(106)) - 8bf5bc8b-bcdd-4299-8058-a0833f294212:group-499EED67768D changes to CANDIDATE, lastRpcTime:5172, electionTimeout:5170ms
2019-07-13 07:41:35,130 INFO  impl.RaftServerImpl (RaftServerImpl.java:setRole(171)) - 8bf5bc8b-bcdd-4299-8058-a0833f294212:group-0DD37C3FDB77 changes role from FOLLOWER to FOLLOWER at term 1 for recognizeCandidate:908d6ca4-f81f-4ee2-b817-a1b7e429e68d
2019-07-13 07:41:35,130 INFO  impl.RoleInfo (RoleInfo.java:shutdownFollowerState(121)) - 8bf5bc8b-bcdd-4299-8058-a0833f294212: shutdown FollowerState
2019-07-13 07:41:35,131 INFO  impl.RaftServerImpl (RaftServerImpl.java:setRole(171)) - 8bf5bc8b-bcdd-4299-8058-a0833f294212:group-499EED67768D changes role from FOLLOWER to CANDIDATE at term 0 for changeToCandidate
2019-07-13 07:41:35,128 INFO  impl.RaftServerImpl (RaftServerImpl.java:setRole(171)) - c24005f3-f064-468d-9d57-cc18c4734a6b:group-0DD37C3FDB77 changes role from FOLLOWER to FOLLOWER at term 1 for recognizeCandidate:908d6ca4-f81f-4ee2-b817-a1b7e429e68d
2019-07-13 07:41:35,131 INFO  impl.RoleInfo (RoleInfo.java:updateAndGet(143)) - 8bf5bc8b-bcdd-4299-8058-a0833f294212: start LeaderElection
2019-07-13 07:41:35,130 INFO  impl.RoleInfo (RoleInfo.java:shutdownFollowerState(121)) - 8bf5bc8b-bcdd-4299-8058-a0833f294212: shutdown FollowerState
2019-07-13 07:41:35,131 INFO  impl.RoleInfo (RoleInfo.java:shutdownFollowerState(121)) - c24005f3-f064-468d-9d57-cc18c4734a6b: shutdown FollowerState
2019-07-13 07:41:35,131 INFO  impl.RoleInfo (RoleInfo.java:updateAndGet(143)) - 8bf5bc8b-bcdd-4299-8058-a0833f294212: start FollowerState
2019-07-13 07:41:35,132 INFO  impl.FollowerState (FollowerState.java:run(114)) - 8bf5bc8b-bcdd-4299-8058-a0833f294212: FollowerState was interrupted: java.lang.InterruptedException: sleep interrupted
2019-07-13 07:41:35,132 INFO  impl.RoleInfo (RoleInfo.java:updateAndGet(143)) - c24005f3-f064-468d-9d57-cc18c4734a6b: start FollowerState
2019-07-13 07:41:35,137 INFO  impl.FollowerState (FollowerState.java:run(114)) - c24005f3-f064-468d-9d57-cc18c4734a6b: FollowerState was interrupted: java.lang.InterruptedException: sleep interrupted
2019-07-13 07:41:35,147 INFO  impl.LeaderElection (LeaderElection.java:askForVotes(181)) - 8bf5bc8b-bcdd-4299-8058-a0833f294212:group-499EED67768D:LeaderElection100: begin an election at term 1 for -1: [8bf5bc8b-bcdd-4299-8058-a0833f294212:192.168.69.84:36965], old=null
2019-07-13 07:41:35,147 INFO  impl.RoleInfo (RoleInfo.java:shutdownLeaderElection(134)) - 8bf5bc8b-bcdd-4299-8058-a0833f294212: shutdown LeaderElection
2019-07-13 07:41:35,147 INFO  impl.RaftServerImpl (RaftServerImpl.java:setRole(171)) - 8bf5bc8b-bcdd-4299-8058-a0833f294212:group-499EED67768D changes role from CANDIDATE to LEADER at term 1 for changeToLeader
2019-07-13 07:41:35,147 INFO  impl.RaftServerImpl (ServerState.java:setLeader(263)) - 8bf5bc8b-bcdd-4299-8058-a0833f294212:group-499EED67768D change Leader from null to 8bf5bc8b-bcdd-4299-8058-a0833f294212 at term 1 for becomeLeader, leader elected after 5195ms
2019-07-13 07:41:35,149 INFO  server.RaftServerConfigKeys (ConfUtils.java:logGet(43)) - raft.server.staging.catchup.gap = 1000 (default)
2019-07-13 07:41:35,150 INFO  server.RaftServerConfigKeys (ConfUtils.java:logGet(43)) - raft.server.rpc.sleep.time = 25ms (default)
2019-07-13 07:41:35,150 INFO  server.RaftServerConfigKeys (ConfUtils.java:logGet(43)) - raft.server.write.element-limit = 4096 (default)
2019-07-13 07:41:35,150 INFO  impl.LeaderElection (LeaderElection.java:logAndReturn(56)) - 908d6ca4-f81f-4ee2-b817-a1b7e429e68d:group-0DD37C3FDB77:LeaderElection99: Election PASSED; received 1 response(s) [908d6ca4-f81f-4ee2-b817-a1b7e429e68d<-8bf5bc8b-bcdd-4299-8058-a0833f294212#0:OK-t1] and 0 exception(s); 908d6ca4-f81f-4ee2-b817-a1b7e429e68d:t1, leader=null, voted=908d6ca4-f81f-4ee2-b817-a1b7e429e68d, raftlog=908d6ca4-f81f-4ee2-b817-a1b7e429e68d-SegmentedRaftLog:OPENED:c-1,f-1,i0, conf=-1: [8bf5bc8b-bcdd-4299-8058-a0833f294212:192.168.69.84:36965, 908d6ca4-f81f-4ee2-b817-a1b7e429e68d:192.168.69.84:43435, c24005f3-f064-468d-9d57-cc18c4734a6b:192.168.69.84:37533], old=null
2019-07-13 07:41:35,150 INFO  server.RaftServerConfigKeys (ConfUtils.java:logGet(43)) - raft.server.watch.timeout = 10s (default)
2019-07-13 07:41:35,150 INFO  impl.RoleInfo (RoleInfo.java:shutdownLeaderElection(134)) - 908d6ca4-f81f-4ee2-b817-a1b7e429e68d: shutdown LeaderElection
2019-07-13 07:41:35,150 INFO  server.RaftServerConfigKeys (ConfUtils.java:logGet(43)) - raft.server.watch.timeout.denomination = 1s (default)
2019-07-13 07:41:35,150 INFO  impl.RaftServerImpl (RaftServerImpl.java:setRole(171)) - 908d6ca4-f81f-4ee2-b817-a1b7e429e68d:group-0DD37C3FDB77 changes role from CANDIDATE to LEADER at term 1 for changeToLeader
2019-07-13 07:41:35,150 INFO  server.RaftServerConfigKeys (ConfUtils.java:logGet(43)) - raft.server.watch.element-limit = 65536 (default)
2019-07-13 07:41:35,151 INFO  impl.RaftServerImpl (ServerState.java:setLeader(263)) - 908d6ca4-f81f-4ee2-b817-a1b7e429e68d:group-0DD37C3FDB77 change Leader from null to 908d6ca4-f81f-4ee2-b817-a1b7e429e68d at term 1 for becomeLeader, leader elected after 5133ms
2019-07-13 07:41:35,151 INFO  impl.RoleInfo (RoleInfo.java:updateAndGet(143)) - 8bf5bc8b-bcdd-4299-8058-a0833f294212: start LeaderState
2019-07-13 07:41:35,151 INFO  server.RaftServerConfigKeys (ConfUtils.java:logGet(43)) - raft.server.staging.catchup.gap = 1000 (default)
2019-07-13 07:41:35,151 INFO  segmented.SegmentedRaftLogWorker (SegmentedRaftLogWorker.java:startLogSegment(380)) - 8bf5bc8b-bcdd-4299-8058-a0833f294212-SegmentedRaftLogWorker:Storage Directory /tmp/workdir/hadoop-ozone/integration-test/target/test-dir/MiniOzoneClusterImpl-4cc15ec6-cc18-4484-86b8-0206962934ea/datanode-5/data/ratis/ef956f33-ee24-4aba-bda5-499eed67768d: Starting segment from index:0
2019-07-13 07:41:35,151 INFO  server.RaftServerConfigKeys (ConfUtils.java:logGet(43)) - raft.server.rpc.sleep.time = 25ms (default)
2019-07-13 07:41:35,151 INFO  server.RaftServerConfigKeys (ConfUtils.java:logGet(43)) - raft.server.write.element-limit = 4096 (default)
2019-07-13 07:41:35,152 INFO  impl.RaftServerImpl (ServerState.java:setRaftConf(361)) - 8bf5bc8b-bcdd-4299-8058-a0833f294212:group-499EED67768D set configuration 0: [8bf5bc8b-bcdd-4299-8058-a0833f294212:192.168.69.84:36965], old=null at 0
2019-07-13 07:41:35,152 INFO  server.RaftServerConfigKeys (ConfUtils.java:logGet(43)) - raft.server.watch.timeout = 10s (default)
2019-07-13 07:41:35,152 INFO  server.RaftServerConfigKeys (ConfUtils.java:logGet(43)) - raft.server.watch.timeout.denomination = 1s (default)
2019-07-13 07:41:35,152 INFO  server.RaftServerConfigKeys (ConfUtils.java:logGet(43)) - raft.server.watch.element-limit = 65536 (default)
2019-07-13 07:41:35,152 INFO  server.RaftServerConfigKeys (ConfUtils.java:logGet(43)) - raft.server.log.appender.snapshot.chunk.size.max = 16MB (=16777216) (default)
2019-07-13 07:41:35,153 INFO  server.RaftServerConfigKeys (ConfUtils.java:logGet(43)) - raft.server.log.appender.buffer.byte-limit = 33554432 (custom)
2019-07-13 07:41:35,153 INFO  server.RaftServerConfigKeys (ConfUtils.java:logGet(43)) - raft.server.log.appender.buffer.element-limit = 1 (custom)
2019-07-13 07:41:35,153 INFO  grpc.GrpcConfigKeys$Server (ConfUtils.java:logGet(43)) - raft.grpc.server.leader.outstanding.appends.max = 128 (default)
2019-07-13 07:41:35,153 INFO  server.RaftServerConfigKeys (ConfUtils.java:logGet(43)) - raft.server.rpc.request.timeout = 3000ms (default)
2019-07-13 07:41:35,153 INFO  server.RaftServerConfigKeys (ConfUtils.java:logGet(43)) - raft.server.log.appender.install.snapshot.enabled = false (custom)
2019-07-13 07:41:35,154 INFO  server.RaftServerConfigKeys (ConfUtils.java:logGet(43)) - raft.server.log.appender.snapshot.chunk.size.max = 16MB (=16777216) (default)
2019-07-13 07:41:35,154 INFO  server.RaftServerConfigKeys (ConfUtils.java:logGet(43)) - raft.server.log.appender.buffer.byte-limit = 33554432 (custom)
2019-07-13 07:41:35,154 INFO  server.RaftServerConfigKeys (ConfUtils.java:logGet(43)) - raft.server.log.appender.buffer.element-limit = 1 (custom)
2019-07-13 07:41:35,154 INFO  grpc.GrpcConfigKeys$Server (ConfUtils.java:logGet(43)) - raft.grpc.server.leader.outstanding.appends.max = 128 (default)
2019-07-13 07:41:35,154 INFO  server.RaftServerConfigKeys (ConfUtils.java:logGet(43)) - raft.server.rpc.request.timeout = 3000ms (default)
2019-07-13 07:41:35,155 INFO  server.RaftServerConfigKeys (ConfUtils.java:logGet(43)) - raft.server.log.appender.install.snapshot.enabled = false (custom)
2019-07-13 07:41:35,155 INFO  impl.RoleInfo (RoleInfo.java:updateAndGet(143)) - 908d6ca4-f81f-4ee2-b817-a1b7e429e68d: start LeaderState
2019-07-13 07:41:35,155 INFO  segmented.SegmentedRaftLogWorker (SegmentedRaftLogWorker.java:startLogSegment(380)) - 908d6ca4-f81f-4ee2-b817-a1b7e429e68d-SegmentedRaftLogWorker:Storage Directory /tmp/workdir/hadoop-ozone/integration-test/target/test-dir/MiniOzoneClusterImpl-4cc15ec6-cc18-4484-86b8-0206962934ea/datanode-3/data/ratis/ff8360a4-df02-47dd-869f-0dd37c3fdb77: Starting segment from index:0
2019-07-13 07:41:35,157 INFO  impl.RaftServerImpl (ServerState.java:setRaftConf(361)) - 908d6ca4-f81f-4ee2-b817-a1b7e429e68d:group-0DD37C3FDB77 set configuration 0: [8bf5bc8b-bcdd-4299-8058-a0833f294212:192.168.69.84:36965, 908d6ca4-f81f-4ee2-b817-a1b7e429e68d:192.168.69.84:43435, c24005f3-f064-468d-9d57-cc18c4734a6b:192.168.69.84:37533], old=null at 0
2019-07-13 07:41:35,179 INFO  impl.RaftServerImpl (ServerState.java:setLeader(263)) - 8bf5bc8b-bcdd-4299-8058-a0833f294212:group-0DD37C3FDB77 change Leader from null to 908d6ca4-f81f-4ee2-b817-a1b7e429e68d at term 1 for appendEntries, leader elected after 5161ms
2019-07-13 07:41:35,179 INFO  impl.RaftServerImpl (ServerState.java:setLeader(263)) - c24005f3-f064-468d-9d57-cc18c4734a6b:group-0DD37C3FDB77 change Leader from null to 908d6ca4-f81f-4ee2-b817-a1b7e429e68d at term 1 for appendEntries, leader elected after 5161ms
2019-07-13 07:41:35,181 INFO  impl.RaftServerImpl (ServerState.java:setRaftConf(361)) - 8bf5bc8b-bcdd-4299-8058-a0833f294212:group-0DD37C3FDB77 set configuration 0: [8bf5bc8b-bcdd-4299-8058-a0833f294212:192.168.69.84:36965, 908d6ca4-f81f-4ee2-b817-a1b7e429e68d:192.168.69.84:43435, c24005f3-f064-468d-9d57-cc18c4734a6b:192.168.69.84:37533], old=null at 0
2019-07-13 07:41:35,181 INFO  impl.RaftServerImpl (ServerState.java:setRaftConf(361)) - c24005f3-f064-468d-9d57-cc18c4734a6b:group-0DD37C3FDB77 set configuration 0: [8bf5bc8b-bcdd-4299-8058-a0833f294212:192.168.69.84:36965, 908d6ca4-f81f-4ee2-b817-a1b7e429e68d:192.168.69.84:43435, c24005f3-f064-468d-9d57-cc18c4734a6b:192.168.69.84:37533], old=null at 0
2019-07-13 07:41:35,182 INFO  segmented.SegmentedRaftLogWorker (SegmentedRaftLogWorker.java:startLogSegment(380)) - 8bf5bc8b-bcdd-4299-8058-a0833f294212-SegmentedRaftLogWorker:Storage Directory /tmp/workdir/hadoop-ozone/integration-test/target/test-dir/MiniOzoneClusterImpl-4cc15ec6-cc18-4484-86b8-0206962934ea/datanode-5/data/ratis/ff8360a4-df02-47dd-869f-0dd37c3fdb77: Starting segment from index:0
2019-07-13 07:41:35,182 INFO  segmented.SegmentedRaftLogWorker (SegmentedRaftLogWorker.java:startLogSegment(380)) - c24005f3-f064-468d-9d57-cc18c4734a6b-SegmentedRaftLogWorker:Storage Directory /tmp/workdir/hadoop-ozone/integration-test/target/test-dir/MiniOzoneClusterImpl-4cc15ec6-cc18-4484-86b8-0206962934ea/datanode-4/data/ratis/ff8360a4-df02-47dd-869f-0dd37c3fdb77: Starting segment from index:0
2019-07-13 07:41:35,192 INFO  segmented.SegmentedRaftLogWorker (SegmentedRaftLogWorker.java:execute(569)) - 8bf5bc8b-bcdd-4299-8058-a0833f294212-SegmentedRaftLogWorker:Storage Directory /tmp/workdir/hadoop-ozone/integration-test/target/test-dir/MiniOzoneClusterImpl-4cc15ec6-cc18-4484-86b8-0206962934ea/datanode-5/data/ratis/ef956f33-ee24-4aba-bda5-499eed67768d: created new log segment /tmp/workdir/hadoop-ozone/integration-test/target/test-dir/MiniOzoneClusterImpl-4cc15ec6-cc18-4484-86b8-0206962934ea/datanode-5/data/ratis/ef956f33-ee24-4aba-bda5-499eed67768d/current/log_inprogress_0
2019-07-13 07:41:35,192 INFO  segmented.SegmentedRaftLogWorker (SegmentedRaftLogWorker.java:execute(569)) - 908d6ca4-f81f-4ee2-b817-a1b7e429e68d-SegmentedRaftLogWorker:Storage Directory /tmp/workdir/hadoop-ozone/integration-test/target/test-dir/MiniOzoneClusterImpl-4cc15ec6-cc18-4484-86b8-0206962934ea/datanode-3/data/ratis/ff8360a4-df02-47dd-869f-0dd37c3fdb77: created new log segment /tmp/workdir/hadoop-ozone/integration-test/target/test-dir/MiniOzoneClusterImpl-4cc15ec6-cc18-4484-86b8-0206962934ea/datanode-3/data/ratis/ff8360a4-df02-47dd-869f-0dd37c3fdb77/current/log_inprogress_0
2019-07-13 07:41:35,206 INFO  segmented.SegmentedRaftLogWorker (SegmentedRaftLogWorker.java:execute(569)) - 8bf5bc8b-bcdd-4299-8058-a0833f294212-SegmentedRaftLogWorker:Storage Directory /tmp/workdir/hadoop-ozone/integration-test/target/test-dir/MiniOzoneClusterImpl-4cc15ec6-cc18-4484-86b8-0206962934ea/datanode-5/data/ratis/ff8360a4-df02-47dd-869f-0dd37c3fdb77: created new log segment /tmp/workdir/hadoop-ozone/integration-test/target/test-dir/MiniOzoneClusterImpl-4cc15ec6-cc18-4484-86b8-0206962934ea/datanode-5/data/ratis/ff8360a4-df02-47dd-869f-0dd37c3fdb77/current/log_inprogress_0
2019-07-13 07:41:35,206 INFO  segmented.SegmentedRaftLogWorker (SegmentedRaftLogWorker.java:execute(569)) - c24005f3-f064-468d-9d57-cc18c4734a6b-SegmentedRaftLogWorker:Storage Directory /tmp/workdir/hadoop-ozone/integration-test/target/test-dir/MiniOzoneClusterImpl-4cc15ec6-cc18-4484-86b8-0206962934ea/datanode-4/data/ratis/ff8360a4-df02-47dd-869f-0dd37c3fdb77: created new log segment /tmp/workdir/hadoop-ozone/integration-test/target/test-dir/MiniOzoneClusterImpl-4cc15ec6-cc18-4484-86b8-0206962934ea/datanode-4/data/ratis/ff8360a4-df02-47dd-869f-0dd37c3fdb77/current/log_inprogress_0
2019-07-13 07:41:35,238 INFO  impl.FollowerState (FollowerState.java:run(106)) - 06935ff0-233c-4c11-a2d3-dee2386cd0a2:group-D651315EBCC8 changes to CANDIDATE, lastRpcTime:5093, electionTimeout:5091ms
2019-07-13 07:41:35,238 INFO  impl.RoleInfo (RoleInfo.java:shutdownFollowerState(121)) - 06935ff0-233c-4c11-a2d3-dee2386cd0a2: shutdown FollowerState
2019-07-13 07:41:35,238 INFO  impl.RaftServerImpl (RaftServerImpl.java:setRole(171)) - 06935ff0-233c-4c11-a2d3-dee2386cd0a2:group-D651315EBCC8 changes role from FOLLOWER to CANDIDATE at term 0 for changeToCandidate
2019-07-13 07:41:35,238 INFO  impl.RoleInfo (RoleInfo.java:updateAndGet(143)) - 06935ff0-233c-4c11-a2d3-dee2386cd0a2: start LeaderElection
2019-07-13 07:41:35,239 INFO  client.GrpcClientProtocolClient (GrpcClientProtocolClient.java:onNext(255)) - client-EBA4EF3B3756->369b40cb-960e-4ee5-8d96-62fde9080aed: receive RaftClientReply:client-EBA4EF3B3756->369b40cb-960e-4ee5-8d96-62fde9080aed@group-4D528A8BD796, cid=273, FAILED org.apache.ratis.protocol.NotLeaderException: Server 369b40cb-960e-4ee5-8d96-62fde9080aed is not the leader (33399b93-c352-4e1c-92d7-4b52ced967ed:192.168.69.84:37783). Request must be sent to leader., logIndex=0, commits[369b40cb-960e-4ee5-8d96-62fde9080aed:c-1, c6eea7df-d0c8-4dda-ad10-f8b930a01305:c-1, 33399b93-c352-4e1c-92d7-4b52ced967ed:c-1]
2019-07-13 07:41:35,260 INFO  impl.LeaderElection (LeaderElection.java:askForVotes(181)) - 06935ff0-233c-4c11-a2d3-dee2386cd0a2:group-D651315EBCC8:LeaderElection101: begin an election at term 1 for -1: [06935ff0-233c-4c11-a2d3-dee2386cd0a2:192.168.69.84:36900], old=null
2019-07-13 07:41:35,260 INFO  impl.RoleInfo (RoleInfo.java:shutdownLeaderElection(134)) - 06935ff0-233c-4c11-a2d3-dee2386cd0a2: shutdown LeaderElection
2019-07-13 07:41:35,260 INFO  impl.RaftServerImpl (RaftServerImpl.java:setRole(171)) - 06935ff0-233c-4c11-a2d3-dee2386cd0a2:group-D651315EBCC8 changes role from CANDIDATE to LEADER at term 1 for changeToLeader
2019-07-13 07:41:35,260 INFO  impl.RaftServerImpl (ServerState.java:setLeader(263)) - 06935ff0-233c-4c11-a2d3-dee2386cd0a2:group-D651315EBCC8 change Leader from null to 06935ff0-233c-4c11-a2d3-dee2386cd0a2 at term 1 for becomeLeader, leader elected after 5119ms
2019-07-13 07:41:35,263 INFO  server.RaftServerConfigKeys (ConfUtils.java:logGet(43)) - raft.server.staging.catchup.gap = 1000 (default)
2019-07-13 07:41:35,263 INFO  server.RaftServerConfigKeys (ConfUtils.java:logGet(43)) - raft.server.rpc.sleep.time = 25ms (default)
2019-07-13 07:41:35,263 INFO  server.RaftServerConfigKeys (ConfUtils.java:logGet(43)) - raft.server.write.element-limit = 4096 (default)
2019-07-13 07:41:35,263 INFO  server.RaftServerConfigKeys (ConfUtils.java:logGet(43)) - raft.server.watch.timeout = 10s (default)
2019-07-13 07:41:35,263 INFO  server.RaftServerConfigKeys (ConfUtils.java:logGet(43)) - raft.server.watch.timeout.denomination = 1s (default)
2019-07-13 07:41:35,263 INFO  server.RaftServerConfigKeys (ConfUtils.java:logGet(43)) - raft.server.watch.element-limit = 65536 (default)
2019-07-13 07:41:35,264 INFO  impl.RoleInfo (RoleInfo.java:updateAndGet(143)) - 06935ff0-233c-4c11-a2d3-dee2386cd0a2: start LeaderState
2019-07-13 07:41:35,264 INFO  segmented.SegmentedRaftLogWorker (SegmentedRaftLogWorker.java:startLogSegment(380)) - 06935ff0-233c-4c11-a2d3-dee2386cd0a2-SegmentedRaftLogWorker:Storage Directory /tmp/workdir/hadoop-ozone/integration-test/target/test-dir/MiniOzoneClusterImpl-4cc15ec6-cc18-4484-86b8-0206962934ea/datanode-6/data/ratis/cc1d26ee-f0a9-4420-82f1-d651315ebcc8: Starting segment from index:0
2019-07-13 07:41:35,264 INFO  impl.RaftServerImpl (ServerState.java:setRaftConf(361)) - 06935ff0-233c-4c11-a2d3-dee2386cd0a2:group-D651315EBCC8 set configuration 0: [06935ff0-233c-4c11-a2d3-dee2386cd0a2:192.168.69.84:36900], old=null at 0
2019-07-13 07:41:35,290 INFO  segmented.SegmentedRaftLogWorker (SegmentedRaftLogWorker.java:execute(569)) - 06935ff0-233c-4c11-a2d3-dee2386cd0a2-SegmentedRaftLogWorker:Storage Directory /tmp/workdir/hadoop-ozone/integration-test/target/test-dir/MiniOzoneClusterImpl-4cc15ec6-cc18-4484-86b8-0206962934ea/datanode-6/data/ratis/cc1d26ee-f0a9-4420-82f1-d651315ebcc8: created new log segment /tmp/workdir/hadoop-ozone/integration-test/target/test-dir/MiniOzoneClusterImpl-4cc15ec6-cc18-4484-86b8-0206962934ea/datanode-6/data/ratis/cc1d26ee-f0a9-4420-82f1-d651315ebcc8/current/log_inprogress_0
2019-07-13 07:41:35,386 INFO  client.GrpcClientProtocolClient (GrpcClientProtocolClient.java:onNext(255)) - client-EBA4EF3B3756->33399b93-c352-4e1c-92d7-4b52ced967ed: receive RaftClientReply:client-EBA4EF3B3756->33399b93-c352-4e1c-92d7-4b52ced967ed@group-4D528A8BD796, cid=273, SUCCESS, logIndex=1, commits[33399b93-c352-4e1c-92d7-4b52ced967ed:c1, c6eea7df-d0c8-4dda-ad10-f8b930a01305:c0, 369b40cb-960e-4ee5-8d96-62fde9080aed:c0]
2019-07-13 07:41:35,400 INFO  client.GrpcClientProtocolClient (GrpcClientProtocolClient.java:onNext(255)) - client-EBA4EF3B3756->33399b93-c352-4e1c-92d7-4b52ced967ed: receive RaftClientReply:client-EBA4EF3B3756->33399b93-c352-4e1c-92d7-4b52ced967ed@group-4D528A8BD796, cid=274, SUCCESS, logIndex=3, commits[33399b93-c352-4e1c-92d7-4b52ced967ed:c4, c6eea7df-d0c8-4dda-ad10-f8b930a01305:c1, 369b40cb-960e-4ee5-8d96-62fde9080aed:c1]
2019-07-13 07:41:35,445 INFO  client.GrpcClientProtocolClient (GrpcClientProtocolClient.java:onNext(255)) - client-EBA4EF3B3756->33399b93-c352-4e1c-92d7-4b52ced967ed: receive RaftClientReply:client-EBA4EF3B3756->33399b93-c352-4e1c-92d7-4b52ced967ed@group-4D528A8BD796, cid=275, SUCCESS, logIndex=4, commits[33399b93-c352-4e1c-92d7-4b52ced967ed:c6, c6eea7df-d0c8-4dda-ad10-f8b930a01305:c4, 369b40cb-960e-4ee5-8d96-62fde9080aed:c4]
2019-07-13 07:41:35,446 INFO  container.CloseContainerEventHandler (CloseContainerEventHandler.java:onMessage(61)) - Close container Event triggered for container : #1
2019-07-13 07:41:35,447 INFO  container.CloseContainerEventHandler (CloseContainerEventHandler.java:onMessage(61)) - Close container Event triggered for container : #1
2019-07-13 07:41:35,447 INFO  container.CloseContainerEventHandler (CloseContainerEventHandler.java:onMessage(61)) - Close container Event triggered for container : #1
2019-07-13 07:41:37,413 INFO  interfaces.Container (KeyValueContainer.java:compactDB(356)) - Container 1 is closed with bcsId 4.
2019-07-13 07:41:37,418 INFO  interfaces.Container (KeyValueContainer.java:compactDB(356)) - Container 1 is closed with bcsId 4.
2019-07-13 07:41:37,433 INFO  interfaces.Container (KeyValueContainer.java:compactDB(356)) - Container 1 is closed with bcsId 4.
07:41:37.451 [grpc-default-executor-10] ERROR DNAudit - user=null | ip=null | op=WRITE_CHUNK {blockData=conID: 1 locID: 102433009904844823 bcsId: 4} | ret=FAILURE
org.apache.hadoop.hdds.scm.container.common.helpers.ContainerNotOpenException: Container 1 in CLOSED state
	at org.apache.hadoop.ozone.container.common.impl.HddsDispatcher.validateContainerCommand(HddsDispatcher.java:408) ~[hadoop-hdds-container-service-0.5.0-SNAPSHOT.jar:?]
	at org.apache.hadoop.ozone.container.common.transport.server.ratis.ContainerStateMachine.startTransaction(ContainerStateMachine.java:271) ~[hadoop-hdds-container-service-0.5.0-SNAPSHOT.jar:?]
	at org.apache.ratis.server.impl.RaftServerImpl.submitClientRequestAsync(RaftServerImpl.java:566) ~[ratis-server-0.4.0-2337318-SNAPSHOT.jar:0.4.0-2337318-SNAPSHOT]
	at org.apache.ratis.server.impl.RaftServerProxy.lambda$submitClientRequestAsync$7(RaftServerProxy.java:333) ~[ratis-server-0.4.0-2337318-SNAPSHOT.jar:0.4.0-2337318-SNAPSHOT]
	at org.apache.ratis.server.impl.RaftServerProxy.lambda$null$5(RaftServerProxy.java:328) ~[ratis-server-0.4.0-2337318-SNAPSHOT.jar:0.4.0-2337318-SNAPSHOT]
	at org.apache.ratis.util.JavaUtils.callAsUnchecked(JavaUtils.java:109) ~[ratis-common-0.4.0-2337318-SNAPSHOT.jar:0.4.0-2337318-SNAPSHOT]
	at org.apache.ratis.server.impl.RaftServerProxy.lambda$submitRequest$6(RaftServerProxy.java:328) ~[ratis-server-0.4.0-2337318-SNAPSHOT.jar:0.4.0-2337318-SNAPSHOT]
	at java.util.concurrent.CompletableFuture.uniComposeStage(CompletableFuture.java:981) ~[?:1.8.0_212]
	at java.util.concurrent.CompletableFuture.thenCompose(CompletableFuture.java:2124) ~[?:1.8.0_212]
	at org.apache.ratis.server.impl.RaftServerProxy.submitRequest(RaftServerProxy.java:327) ~[ratis-server-0.4.0-2337318-SNAPSHOT.jar:0.4.0-2337318-SNAPSHOT]
	at org.apache.ratis.server.impl.RaftServerProxy.submitClientRequestAsync(RaftServerProxy.java:333) ~[ratis-server-0.4.0-2337318-SNAPSHOT.jar:0.4.0-2337318-SNAPSHOT]
	at org.apache.ratis.grpc.client.GrpcClientProtocolService$RequestStreamObserver.processClientRequest(GrpcClientProtocolService.java:220) ~[ratis-grpc-0.4.0-2337318-SNAPSHOT.jar:0.4.0-2337318-SNAPSHOT]
	at org.apache.ratis.grpc.client.GrpcClientProtocolService$OrderedRequestStreamObserver.processClientRequest(GrpcClientProtocolService.java:326) ~[ratis-grpc-0.4.0-2337318-SNAPSHOT.jar:0.4.0-2337318-SNAPSHOT]
	at org.apache.ratis.util.SlidingWindow$Server.processRequestsFromHead(SlidingWindow.java:429) [ratis-common-0.4.0-2337318-SNAPSHOT.jar:0.4.0-2337318-SNAPSHOT]
	at org.apache.ratis.util.SlidingWindow$Server.receivedRequest(SlidingWindow.java:421) [ratis-common-0.4.0-2337318-SNAPSHOT.jar:0.4.0-2337318-SNAPSHOT]
	at org.apache.ratis.grpc.client.GrpcClientProtocolService$OrderedRequestStreamObserver.processClientRequest(GrpcClientProtocolService.java:345) [ratis-grpc-0.4.0-2337318-SNAPSHOT.jar:0.4.0-2337318-SNAPSHOT]
	at org.apache.ratis.grpc.client.GrpcClientProtocolService$RequestStreamObserver.onNext(GrpcClientProtocolService.java:240) [ratis-grpc-0.4.0-2337318-SNAPSHOT.jar:0.4.0-2337318-SNAPSHOT]
	at org.apache.ratis.grpc.client.GrpcClientProtocolService$RequestStreamObserver.onNext(GrpcClientProtocolService.java:168) [ratis-grpc-0.4.0-2337318-SNAPSHOT.jar:0.4.0-2337318-SNAPSHOT]
	at org.apache.ratis.thirdparty.io.grpc.stub.ServerCalls$StreamingServerCallHandler$StreamingServerCallListener.onMessage(ServerCalls.java:248) [ratis-thirdparty-misc-0.2.0.jar:0.2.0]
	at org.apache.ratis.thirdparty.io.grpc.internal.ServerCallImpl$ServerStreamListenerImpl.messagesAvailable(ServerCallImpl.java:263) [ratis-thirdparty-misc-0.2.0.jar:0.2.0]
	at org.apache.ratis.thirdparty.io.grpc.internal.ServerImpl$JumpToApplicationThreadServerStreamListener$1MessagesAvailable.runInContext(ServerImpl.java:686) [ratis-thirdparty-misc-0.2.0.jar:0.2.0]
	at org.apache.ratis.thirdparty.io.grpc.internal.ContextRunnable.run(ContextRunnable.java:37) [ratis-thirdparty-misc-0.2.0.jar:0.2.0]
	at org.apache.ratis.thirdparty.io.grpc.internal.SerializingExecutor.run(SerializingExecutor.java:123) [ratis-thirdparty-misc-0.2.0.jar:0.2.0]
	at java.util.concurrent.ThreadPoolExecutor.runWorker(ThreadPoolExecutor.java:1149) [?:1.8.0_212]
	at java.util.concurrent.ThreadPoolExecutor$Worker.run(ThreadPoolExecutor.java:624) [?:1.8.0_212]
	at java.lang.Thread.run(Thread.java:748) [?:1.8.0_212]
2019-07-13 07:41:37,461 INFO  client.GrpcClientProtocolClient (GrpcClientProtocolClient.java:onNext(255)) - client-EBA4EF3B3756->33399b93-c352-4e1c-92d7-4b52ced967ed: receive RaftClientReply:client-EBA4EF3B3756->33399b93-c352-4e1c-92d7-4b52ced967ed@group-4D528A8BD796, cid=276, FAILED org.apache.ratis.protocol.StateMachineException: org.apache.hadoop.hdds.scm.container.common.helpers.ContainerNotOpenException from Server 33399b93-c352-4e1c-92d7-4b52ced967ed: Container 1 in CLOSED state, logIndex=0, commits[33399b93-c352-4e1c-92d7-4b52ced967ed:c8, c6eea7df-d0c8-4dda-ad10-f8b930a01305:c7, 369b40cb-960e-4ee5-8d96-62fde9080aed:c7]
07:41:37.460 [grpc-default-executor-10] ERROR DNAudit - user=null | ip=null | op=WRITE_CHUNK {blockData=conID: 1 locID: 102433009904844823 bcsId: 4} | ret=FAILURE
org.apache.hadoop.hdds.scm.container.common.helpers.ContainerNotOpenException: Container 1 in CLOSED state
	at org.apache.hadoop.ozone.container.common.impl.HddsDispatcher.validateContainerCommand(HddsDispatcher.java:408) ~[hadoop-hdds-container-service-0.5.0-SNAPSHOT.jar:?]
	at org.apache.hadoop.ozone.container.common.transport.server.ratis.ContainerStateMachine.startTransaction(ContainerStateMachine.java:271) ~[hadoop-hdds-container-service-0.5.0-SNAPSHOT.jar:?]
	at org.apache.ratis.server.impl.RaftServerImpl.submitClientRequestAsync(RaftServerImpl.java:566) ~[ratis-server-0.4.0-2337318-SNAPSHOT.jar:0.4.0-2337318-SNAPSHOT]
	at org.apache.ratis.server.impl.RaftServerProxy.lambda$submitClientRequestAsync$7(RaftServerProxy.java:333) ~[ratis-server-0.4.0-2337318-SNAPSHOT.jar:0.4.0-2337318-SNAPSHOT]
	at org.apache.ratis.server.impl.RaftServerProxy.lambda$null$5(RaftServerProxy.java:328) ~[ratis-server-0.4.0-2337318-SNAPSHOT.jar:0.4.0-2337318-SNAPSHOT]
	at org.apache.ratis.util.JavaUtils.callAsUnchecked(JavaUtils.java:109) ~[ratis-common-0.4.0-2337318-SNAPSHOT.jar:0.4.0-2337318-SNAPSHOT]
	at org.apache.ratis.server.impl.RaftServerProxy.lambda$submitRequest$6(RaftServerProxy.java:328) ~[ratis-server-0.4.0-2337318-SNAPSHOT.jar:0.4.0-2337318-SNAPSHOT]
	at java.util.concurrent.CompletableFuture.uniComposeStage(CompletableFuture.java:981) ~[?:1.8.0_212]
	at java.util.concurrent.CompletableFuture.thenCompose(CompletableFuture.java:2124) ~[?:1.8.0_212]
	at org.apache.ratis.server.impl.RaftServerProxy.submitRequest(RaftServerProxy.java:327) ~[ratis-server-0.4.0-2337318-SNAPSHOT.jar:0.4.0-2337318-SNAPSHOT]
	at org.apache.ratis.server.impl.RaftServerProxy.submitClientRequestAsync(RaftServerProxy.java:333) ~[ratis-server-0.4.0-2337318-SNAPSHOT.jar:0.4.0-2337318-SNAPSHOT]
	at org.apache.ratis.grpc.client.GrpcClientProtocolService$RequestStreamObserver.processClientRequest(GrpcClientProtocolService.java:220) ~[ratis-grpc-0.4.0-2337318-SNAPSHOT.jar:0.4.0-2337318-SNAPSHOT]
	at org.apache.ratis.grpc.client.GrpcClientProtocolService$OrderedRequestStreamObserver.processClientRequest(GrpcClientProtocolService.java:326) ~[ratis-grpc-0.4.0-2337318-SNAPSHOT.jar:0.4.0-2337318-SNAPSHOT]
	at org.apache.ratis.util.SlidingWindow$Server.processRequestsFromHead(SlidingWindow.java:429) [ratis-common-0.4.0-2337318-SNAPSHOT.jar:0.4.0-2337318-SNAPSHOT]
	at org.apache.ratis.util.SlidingWindow$Server.receivedRequest(SlidingWindow.java:421) [ratis-common-0.4.0-2337318-SNAPSHOT.jar:0.4.0-2337318-SNAPSHOT]
	at org.apache.ratis.grpc.client.GrpcClientProtocolService$OrderedRequestStreamObserver.processClientRequest(GrpcClientProtocolService.java:345) [ratis-grpc-0.4.0-2337318-SNAPSHOT.jar:0.4.0-2337318-SNAPSHOT]
	at org.apache.ratis.grpc.client.GrpcClientProtocolService$RequestStreamObserver.onNext(GrpcClientProtocolService.java:240) [ratis-grpc-0.4.0-2337318-SNAPSHOT.jar:0.4.0-2337318-SNAPSHOT]
	at org.apache.ratis.grpc.client.GrpcClientProtocolService$RequestStreamObserver.onNext(GrpcClientProtocolService.java:168) [ratis-grpc-0.4.0-2337318-SNAPSHOT.jar:0.4.0-2337318-SNAPSHOT]
	at org.apache.ratis.thirdparty.io.grpc.stub.ServerCalls$StreamingServerCallHandler$StreamingServerCallListener.onMessage(ServerCalls.java:248) [ratis-thirdparty-misc-0.2.0.jar:0.2.0]
	at org.apache.ratis.thirdparty.io.grpc.internal.ServerCallImpl$ServerStreamListenerImpl.messagesAvailable(ServerCallImpl.java:263) [ratis-thirdparty-misc-0.2.0.jar:0.2.0]
	at org.apache.ratis.thirdparty.io.grpc.internal.ServerImpl$JumpToApplicationThreadServerStreamListener$1MessagesAvailable.runInContext(ServerImpl.java:686) [ratis-thirdparty-misc-0.2.0.jar:0.2.0]
	at org.apache.ratis.thirdparty.io.grpc.internal.ContextRunnable.run(ContextRunnable.java:37) [ratis-thirdparty-misc-0.2.0.jar:0.2.0]
	at org.apache.ratis.thirdparty.io.grpc.internal.SerializingExecutor.run(SerializingExecutor.java:123) [ratis-thirdparty-misc-0.2.0.jar:0.2.0]
	at java.util.concurrent.ThreadPoolExecutor.runWorker(ThreadPoolExecutor.java:1149) [?:1.8.0_212]
	at java.util.concurrent.ThreadPoolExecutor$Worker.run(ThreadPoolExecutor.java:624) [?:1.8.0_212]
	at java.lang.Thread.run(Thread.java:748) [?:1.8.0_212]
2019-07-13 07:41:37,468 INFO  client.GrpcClientProtocolClient (GrpcClientProtocolClient.java:onNext(255)) - client-EBA4EF3B3756->33399b93-c352-4e1c-92d7-4b52ced967ed: receive RaftClientReply:client-EBA4EF3B3756->33399b93-c352-4e1c-92d7-4b52ced967ed@group-4D528A8BD796, cid=277, FAILED org.apache.ratis.protocol.StateMachineException: org.apache.hadoop.hdds.scm.container.common.helpers.ContainerNotOpenException from Server 33399b93-c352-4e1c-92d7-4b52ced967ed: Container 1 in CLOSED state, logIndex=0, commits[33399b93-c352-4e1c-92d7-4b52ced967ed:c8, c6eea7df-d0c8-4dda-ad10-f8b930a01305:c7, 369b40cb-960e-4ee5-8d96-62fde9080aed:c7]
07:41:37.467 [grpc-default-executor-10] ERROR DNAudit - user=null | ip=null | op=PUT_BLOCK {blockData=[blockId=conID: 1 locID: 102433009904844823 bcsId: 0,size=334]} | ret=FAILURE
org.apache.hadoop.hdds.scm.container.common.helpers.ContainerNotOpenException: Container 1 in CLOSED state
	at org.apache.hadoop.ozone.container.common.impl.HddsDispatcher.validateContainerCommand(HddsDispatcher.java:408) ~[hadoop-hdds-container-service-0.5.0-SNAPSHOT.jar:?]
	at org.apache.hadoop.ozone.container.common.transport.server.ratis.ContainerStateMachine.startTransaction(ContainerStateMachine.java:271) ~[hadoop-hdds-container-service-0.5.0-SNAPSHOT.jar:?]
	at org.apache.ratis.server.impl.RaftServerImpl.submitClientRequestAsync(RaftServerImpl.java:566) ~[ratis-server-0.4.0-2337318-SNAPSHOT.jar:0.4.0-2337318-SNAPSHOT]
	at org.apache.ratis.server.impl.RaftServerProxy.lambda$submitClientRequestAsync$7(RaftServerProxy.java:333) ~[ratis-server-0.4.0-2337318-SNAPSHOT.jar:0.4.0-2337318-SNAPSHOT]
	at org.apache.ratis.server.impl.RaftServerProxy.lambda$null$5(RaftServerProxy.java:328) ~[ratis-server-0.4.0-2337318-SNAPSHOT.jar:0.4.0-2337318-SNAPSHOT]
	at org.apache.ratis.util.JavaUtils.callAsUnchecked(JavaUtils.java:109) ~[ratis-common-0.4.0-2337318-SNAPSHOT.jar:0.4.0-2337318-SNAPSHOT]
	at org.apache.ratis.server.impl.RaftServerProxy.lambda$submitRequest$6(RaftServerProxy.java:328) ~[ratis-server-0.4.0-2337318-SNAPSHOT.jar:0.4.0-2337318-SNAPSHOT]
	at java.util.concurrent.CompletableFuture.uniComposeStage(CompletableFuture.java:981) ~[?:1.8.0_212]
	at java.util.concurrent.CompletableFuture.thenCompose(CompletableFuture.java:2124) ~[?:1.8.0_212]
	at org.apache.ratis.server.impl.RaftServerProxy.submitRequest(RaftServerProxy.java:327) ~[ratis-server-0.4.0-2337318-SNAPSHOT.jar:0.4.0-2337318-SNAPSHOT]
	at org.apache.ratis.server.impl.RaftServerProxy.submitClientRequestAsync(RaftServerProxy.java:333) ~[ratis-server-0.4.0-2337318-SNAPSHOT.jar:0.4.0-2337318-SNAPSHOT]
	at org.apache.ratis.grpc.client.GrpcClientProtocolService$RequestStreamObserver.processClientRequest(GrpcClientProtocolService.java:220) ~[ratis-grpc-0.4.0-2337318-SNAPSHOT.jar:0.4.0-2337318-SNAPSHOT]
	at org.apache.ratis.grpc.client.GrpcClientProtocolService$OrderedRequestStreamObserver.processClientRequest(GrpcClientProtocolService.java:326) ~[ratis-grpc-0.4.0-2337318-SNAPSHOT.jar:0.4.0-2337318-SNAPSHOT]
	at org.apache.ratis.util.SlidingWindow$Server.processRequestsFromHead(SlidingWindow.java:429) [ratis-common-0.4.0-2337318-SNAPSHOT.jar:0.4.0-2337318-SNAPSHOT]
	at org.apache.ratis.util.SlidingWindow$Server.receivedRequest(SlidingWindow.java:421) [ratis-common-0.4.0-2337318-SNAPSHOT.jar:0.4.0-2337318-SNAPSHOT]
	at org.apache.ratis.grpc.client.GrpcClientProtocolService$OrderedRequestStreamObserver.processClientRequest(GrpcClientProtocolService.java:345) [ratis-grpc-0.4.0-2337318-SNAPSHOT.jar:0.4.0-2337318-SNAPSHOT]
	at org.apache.ratis.grpc.client.GrpcClientProtocolService$RequestStreamObserver.onNext(GrpcClientProtocolService.java:240) [ratis-grpc-0.4.0-2337318-SNAPSHOT.jar:0.4.0-2337318-SNAPSHOT]
	at org.apache.ratis.grpc.client.GrpcClientProtocolService$RequestStreamObserver.onNext(GrpcClientProtocolService.java:168) [ratis-grpc-0.4.0-2337318-SNAPSHOT.jar:0.4.0-2337318-SNAPSHOT]
	at org.apache.ratis.thirdparty.io.grpc.stub.ServerCalls$StreamingServerCallHandler$StreamingServerCallListener.onMessage(ServerCalls.java:248) [ratis-thirdparty-misc-0.2.0.jar:0.2.0]
	at org.apache.ratis.thirdparty.io.grpc.internal.ServerCallImpl$ServerStreamListenerImpl.messagesAvailable(ServerCallImpl.java:263) [ratis-thirdparty-misc-0.2.0.jar:0.2.0]
	at org.apache.ratis.thirdparty.io.grpc.internal.ServerImpl$JumpToApplicationThreadServerStreamListener$1MessagesAvailable.runInContext(ServerImpl.java:686) [ratis-thirdparty-misc-0.2.0.jar:0.2.0]
	at org.apache.ratis.thirdparty.io.grpc.internal.ContextRunnable.run(ContextRunnable.java:37) [ratis-thirdparty-misc-0.2.0.jar:0.2.0]
	at org.apache.ratis.thirdparty.io.grpc.internal.SerializingExecutor.run(SerializingExecutor.java:123) [ratis-thirdparty-misc-0.2.0.jar:0.2.0]
	at java.util.concurrent.ThreadPoolExecutor.runWorker(ThreadPoolExecutor.java:1149) [?:1.8.0_212]
	at java.util.concurrent.ThreadPoolExecutor$Worker.run(ThreadPoolExecutor.java:624) [?:1.8.0_212]
	at java.lang.Thread.run(Thread.java:748) [?:1.8.0_212]
2019-07-13 07:41:37,476 INFO  client.GrpcClientProtocolClient (GrpcClientProtocolClient.java:onNext(255)) - client-EBA4EF3B3756->33399b93-c352-4e1c-92d7-4b52ced967ed: receive RaftClientReply:client-EBA4EF3B3756->33399b93-c352-4e1c-92d7-4b52ced967ed@group-4D528A8BD796, cid=278, FAILED org.apache.ratis.protocol.StateMachineException: org.apache.hadoop.hdds.scm.container.common.helpers.ContainerNotOpenException from Server 33399b93-c352-4e1c-92d7-4b52ced967ed: Container 1 in CLOSED state, logIndex=0, commits[33399b93-c352-4e1c-92d7-4b52ced967ed:c8, c6eea7df-d0c8-4dda-ad10-f8b930a01305:c7, 369b40cb-960e-4ee5-8d96-62fde9080aed:c7]
2019-07-13 07:41:37,650 INFO  client.GrpcClientProtocolClient (GrpcClientProtocolClient.java:onNext(255)) - client-CE0F6027E167->908d6ca4-f81f-4ee2-b817-a1b7e429e68d: receive RaftClientReply:client-CE0F6027E167->908d6ca4-f81f-4ee2-b817-a1b7e429e68d@group-0DD37C3FDB77, cid=279, SUCCESS, logIndex=1, commits[908d6ca4-f81f-4ee2-b817-a1b7e429e68d:c1, 8bf5bc8b-bcdd-4299-8058-a0833f294212:c0, c24005f3-f064-468d-9d57-cc18c4734a6b:c0]
2019-07-13 07:41:37,672 INFO  client.GrpcClientProtocolClient (GrpcClientProtocolClient.java:onNext(255)) - client-CE0F6027E167->908d6ca4-f81f-4ee2-b817-a1b7e429e68d: receive RaftClientReply:client-CE0F6027E167->908d6ca4-f81f-4ee2-b817-a1b7e429e68d@group-0DD37C3FDB77, cid=280, SUCCESS, logIndex=3, commits[908d6ca4-f81f-4ee2-b817-a1b7e429e68d:c4, 8bf5bc8b-bcdd-4299-8058-a0833f294212:c1, c24005f3-f064-468d-9d57-cc18c4734a6b:c1]
2019-07-13 07:41:37,767 INFO  client.GrpcClientProtocolClient (GrpcClientProtocolClient.java:onNext(255)) - client-CE0F6027E167->908d6ca4-f81f-4ee2-b817-a1b7e429e68d: receive RaftClientReply:client-CE0F6027E167->908d6ca4-f81f-4ee2-b817-a1b7e429e68d@group-0DD37C3FDB77, cid=281, SUCCESS, logIndex=4, commits[908d6ca4-f81f-4ee2-b817-a1b7e429e68d:c6, 8bf5bc8b-bcdd-4299-8058-a0833f294212:c4, c24005f3-f064-468d-9d57-cc18c4734a6b:c4]
2019-07-13 07:41:37,785 INFO  pipeline.Pipeline (Pipeline.java:getProtobufMessage(195)) - Serialize pipeline PipelineID=ff8360a4-df02-47dd-869f-0dd37c3fdb77 with nodesInOrder{ }
2019-07-13 07:41:37,787 INFO  ozone.MiniOzoneClusterImpl (MiniOzoneClusterImpl.java:shutdown(321)) - Shutting down the Mini Ozone Cluster
2019-07-13 07:41:37,787 INFO  ozone.MiniOzoneClusterImpl (MiniOzoneClusterImpl.java:stop(336)) - Stopping the Mini Ozone Cluster
2019-07-13 07:41:37,788 INFO  ozone.MiniOzoneClusterImpl (MiniOzoneClusterImpl.java:stop(338)) - Stopping the OzoneManager
2019-07-13 07:41:37,788 INFO  ipc.Server (Server.java:stop(3082)) - Stopping server on 38093
2019-07-13 07:41:37,803 INFO  ipc.Server (Server.java:run(1185)) - Stopping IPC Server listener on 38093
2019-07-13 07:41:37,807 INFO  ipc.Server (Server.java:run(1319)) - Stopping IPC Server Responder
2019-07-13 07:41:37,807 INFO  utils.BackgroundService (BackgroundService.java:shutdown(148)) - Shutting down service KeyDeletingService
2019-07-13 07:41:37,829 INFO  handler.ContextHandler (ContextHandler.java:doStop(910)) - Stopped o.e.j.w.WebAppContext@728ad254{/,null,UNAVAILABLE}{/ozoneManager}
2019-07-13 07:41:37,830 INFO  server.AbstractConnector (AbstractConnector.java:doStop(318)) - Stopped ServerConnector@3b590d21{HTTP/1.1,[http/1.1]}{0.0.0.0:0}
2019-07-13 07:41:37,830 INFO  handler.ContextHandler (ContextHandler.java:doStop(910)) - Stopped o.e.j.s.ServletContextHandler@2a654167{/static,file:///tmp/workdir/hadoop-ozone/integration-test/target/test-classes/webapps/static,UNAVAILABLE}
2019-07-13 07:41:37,831 INFO  handler.ContextHandler (ContextHandler.java:doStop(910)) - Stopped o.e.j.s.ServletContextHandler@4ff2ac2d{/logs,file:///tmp/workdir/hadoop-ozone/integration-test/target/log,UNAVAILABLE}
2019-07-13 07:41:37,834 INFO  ozone.MiniOzoneClusterImpl (MiniOzoneClusterImpl.java:stop(344)) - Shutting the HddsDatanodes
2019-07-13 07:41:37,835 INFO  datanode.ObjectStoreHandler (ObjectStoreHandler.java:close(155)) - Closing ObjectStoreHandler.
2019-07-13 07:41:37,835 INFO  datanode.ObjectStoreHandler (ObjectStoreHandler.java:close(155)) - Closing ObjectStoreHandler.
2019-07-13 07:41:37,835 INFO  ozone.HddsDatanodeService (HddsDatanodeService.java:stop(452)) - Stopped plug-in org.apache.hadoop.ozone.web.OzoneHddsDatanodeService@3a7ba368
2019-07-13 07:41:37,835 INFO  ozone.HddsDatanodeService (HddsDatanodeService.java:stop(452)) - Stopped plug-in org.apache.hadoop.ozone.web.OzoneHddsDatanodeService@c512269
2019-07-13 07:41:38,414 INFO  statemachine.DatanodeStateMachine (DatanodeStateMachine.java:lambda$startDaemon$0(350)) - Ozone container server started.
2019-07-13 07:41:38,640 INFO  statemachine.DatanodeStateMachine (DatanodeStateMachine.java:lambda$startDaemon$0(350)) - Ozone container server started.
2019-07-13 07:41:42,494 INFO  node.StaleNodeHandler (StaleNodeHandler.java:onMessage(58)) - Datanode 33399b93-c352-4e1c-92d7-4b52ced967ed{ip: 192.168.69.84, host: trunk-nightly-9lh4p-2362225927, networkLocation: /default-rack, certSerialId: null} moved to stale state. Finalizing its pipelines [PipelineID=98e142f1-b931-44c2-bddc-4d528a8bd796, PipelineID=1b01dc2f-8e87-4120-bf9b-712e1fd583c5]
2019-07-13 07:41:42,494 INFO  pipeline.SCMPipelineManager (SCMPipelineManager.java:finalizeAndDestroyPipeline(309)) - destroying pipeline:Pipeline[ Id: 98e142f1-b931-44c2-bddc-4d528a8bd796, Nodes: 369b40cb-960e-4ee5-8d96-62fde9080aed{ip: 192.168.69.84, host: trunk-nightly-9lh4p-2362225927, networkLocation: /default-rack, certSerialId: null}33399b93-c352-4e1c-92d7-4b52ced967ed{ip: 192.168.69.84, host: trunk-nightly-9lh4p-2362225927, networkLocation: /default-rack, certSerialId: null}c6eea7df-d0c8-4dda-ad10-f8b930a01305{ip: 192.168.69.84, host: trunk-nightly-9lh4p-2362225927, networkLocation: /default-rack, certSerialId: null}, Type:RATIS, Factor:THREE, State:OPEN]
2019-07-13 07:41:42,494 INFO  pipeline.PipelineStateManager (PipelineStateManager.java:finalizePipeline(123)) - Pipeline Pipeline[ Id: 98e142f1-b931-44c2-bddc-4d528a8bd796, Nodes: 369b40cb-960e-4ee5-8d96-62fde9080aed{ip: 192.168.69.84, host: trunk-nightly-9lh4p-2362225927, networkLocation: /default-rack, certSerialId: null}33399b93-c352-4e1c-92d7-4b52ced967ed{ip: 192.168.69.84, host: trunk-nightly-9lh4p-2362225927, networkLocation: /default-rack, certSerialId: null}c6eea7df-d0c8-4dda-ad10-f8b930a01305{ip: 192.168.69.84, host: trunk-nightly-9lh4p-2362225927, networkLocation: /default-rack, certSerialId: null}, Type:RATIS, Factor:THREE, State:CLOSED] moved to CLOSED state
2019-07-13 07:41:42,494 INFO  pipeline.SCMPipelineManager (SCMPipelineManager.java:finalizeAndDestroyPipeline(309)) - destroying pipeline:Pipeline[ Id: 1b01dc2f-8e87-4120-bf9b-712e1fd583c5, Nodes: 33399b93-c352-4e1c-92d7-4b52ced967ed{ip: 192.168.69.84, host: trunk-nightly-9lh4p-2362225927, networkLocation: /default-rack, certSerialId: null}, Type:RATIS, Factor:ONE, State:OPEN]
2019-07-13 07:41:42,495 INFO  pipeline.PipelineStateManager (PipelineStateManager.java:finalizePipeline(123)) - Pipeline Pipeline[ Id: 1b01dc2f-8e87-4120-bf9b-712e1fd583c5, Nodes: 33399b93-c352-4e1c-92d7-4b52ced967ed{ip: 192.168.69.84, host: trunk-nightly-9lh4p-2362225927, networkLocation: /default-rack, certSerialId: null}, Type:RATIS, Factor:ONE, State:CLOSED] moved to CLOSED state
2019-07-13 07:41:42,694 INFO  node.StaleNodeHandler (StaleNodeHandler.java:onMessage(58)) - Datanode c24005f3-f064-468d-9d57-cc18c4734a6b{ip: 192.168.69.84, host: trunk-nightly-9lh4p-2362225927, networkLocation: /default-rack, certSerialId: null} moved to stale state. Finalizing its pipelines [PipelineID=7ab5f15e-8fc3-49a9-96e5-56aed4038dd0, PipelineID=ff8360a4-df02-47dd-869f-0dd37c3fdb77]
2019-07-13 07:41:42,694 INFO  pipeline.SCMPipelineManager (SCMPipelineManager.java:finalizeAndDestroyPipeline(309)) - destroying pipeline:Pipeline[ Id: 7ab5f15e-8fc3-49a9-96e5-56aed4038dd0, Nodes: c24005f3-f064-468d-9d57-cc18c4734a6b{ip: 192.168.69.84, host: trunk-nightly-9lh4p-2362225927, networkLocation: /default-rack, certSerialId: null}, Type:RATIS, Factor:ONE, State:OPEN]
2019-07-13 07:41:42,694 INFO  pipeline.PipelineStateManager (PipelineStateManager.java:finalizePipeline(123)) - Pipeline Pipeline[ Id: 7ab5f15e-8fc3-49a9-96e5-56aed4038dd0, Nodes: c24005f3-f064-468d-9d57-cc18c4734a6b{ip: 192.168.69.84, host: trunk-nightly-9lh4p-2362225927, networkLocation: /default-rack, certSerialId: null}, Type:RATIS, Factor:ONE, State:CLOSED] moved to CLOSED state
2019-07-13 07:41:42,694 INFO  pipeline.SCMPipelineManager (SCMPipelineManager.java:finalizeAndDestroyPipeline(309)) - destroying pipeline:Pipeline[ Id: ff8360a4-df02-47dd-869f-0dd37c3fdb77, Nodes: 908d6ca4-f81f-4ee2-b817-a1b7e429e68d{ip: 192.168.69.84, host: trunk-nightly-9lh4p-2362225927, networkLocation: /default-rack, certSerialId: null}8bf5bc8b-bcdd-4299-8058-a0833f294212{ip: 192.168.69.84, host: trunk-nightly-9lh4p-2362225927, networkLocation: /default-rack, certSerialId: null}c24005f3-f064-468d-9d57-cc18c4734a6b{ip: 192.168.69.84, host: trunk-nightly-9lh4p-2362225927, networkLocation: /default-rack, certSerialId: null}, Type:RATIS, Factor:THREE, State:OPEN]
2019-07-13 07:41:42,694 INFO  pipeline.PipelineStateManager (PipelineStateManager.java:finalizePipeline(123)) - Pipeline Pipeline[ Id: ff8360a4-df02-47dd-869f-0dd37c3fdb77, Nodes: 908d6ca4-f81f-4ee2-b817-a1b7e429e68d{ip: 192.168.69.84, host: trunk-nightly-9lh4p-2362225927, networkLocation: /default-rack, certSerialId: null}8bf5bc8b-bcdd-4299-8058-a0833f294212{ip: 192.168.69.84, host: trunk-nightly-9lh4p-2362225927, networkLocation: /default-rack, certSerialId: null}c24005f3-f064-468d-9d57-cc18c4734a6b{ip: 192.168.69.84, host: trunk-nightly-9lh4p-2362225927, networkLocation: /default-rack, certSerialId: null}, Type:RATIS, Factor:THREE, State:CLOSED] moved to CLOSED state
2019-07-13 07:41:42,695 INFO  container.CloseContainerEventHandler (CloseContainerEventHandler.java:onMessage(61)) - Close container Event triggered for container : #2
2019-07-13 07:41:42,836 INFO  ozoneimpl.OzoneContainer (OzoneContainer.java:stop(199)) - Attempting to stop container services.
2019-07-13 07:41:42,836 INFO  ozoneimpl.OzoneContainer (OzoneContainer.java:stop(199)) - Attempting to stop container services.
2019-07-13 07:41:42,836 INFO  impl.RaftServerProxy (RaftServerProxy.java:lambda$close$4(314)) - 33399b93-c352-4e1c-92d7-4b52ced967ed: close
2019-07-13 07:41:42,837 INFO  impl.RaftServerProxy (RaftServerProxy.java:lambda$close$4(314)) - c24005f3-f064-468d-9d57-cc18c4734a6b: close
2019-07-13 07:41:42,837 INFO  impl.RaftServerImpl (RaftServerImpl.java:lambda$shutdown$3(245)) - 33399b93-c352-4e1c-92d7-4b52ced967ed: shutdown group-4D528A8BD796
2019-07-13 07:41:42,837 INFO  impl.RaftServerImpl (RaftServerImpl.java:lambda$shutdown$3(245)) - c24005f3-f064-468d-9d57-cc18c4734a6b: shutdown group-56AED4038DD0
2019-07-13 07:41:42,838 INFO  util.JmxRegister (JmxRegister.java:unregister(73)) - Successfully un-registered JMX Bean with object name Ratis:service=RaftServer,group=group-4D528A8BD796,id=33399b93-c352-4e1c-92d7-4b52ced967ed
2019-07-13 07:41:42,838 INFO  util.JmxRegister (JmxRegister.java:unregister(73)) - Successfully un-registered JMX Bean with object name Ratis:service=RaftServer,group=group-56AED4038DD0,id=c24005f3-f064-468d-9d57-cc18c4734a6b
2019-07-13 07:41:42,839 INFO  impl.RoleInfo (RoleInfo.java:shutdownLeaderState(104)) - c24005f3-f064-468d-9d57-cc18c4734a6b: shutdown LeaderState
2019-07-13 07:41:42,838 INFO  impl.RoleInfo (RoleInfo.java:shutdownLeaderState(104)) - 33399b93-c352-4e1c-92d7-4b52ced967ed: shutdown LeaderState
2019-07-13 07:41:42,839 INFO  impl.PendingRequests (PendingRequests.java:sendNotLeaderResponses(202)) - c24005f3-f064-468d-9d57-cc18c4734a6b-PendingRequests: sendNotLeaderResponses
2019-07-13 07:41:42,846 WARN  server.GrpcLogAppender (GrpcLogAppender.java:mayWait(143)) - GrpcLogAppender(33399b93-c352-4e1c-92d7-4b52ced967ed->c6eea7df-d0c8-4dda-ad10-f8b930a01305): Wait interrupted by java.lang.InterruptedException
2019-07-13 07:41:42,846 INFO  impl.StateMachineUpdater (StateMachineUpdater.java:stopAndJoin(115)) - StateMachineUpdater:c24005f3-f064-468d-9d57-cc18c4734a6b:group-56AED4038DD0: set stopIndex = 0
2019-07-13 07:41:42,846 WARN  server.GrpcLogAppender (GrpcLogAppender.java:mayWait(143)) - GrpcLogAppender(33399b93-c352-4e1c-92d7-4b52ced967ed->369b40cb-960e-4ee5-8d96-62fde9080aed): Wait interrupted by java.lang.InterruptedException
2019-07-13 07:41:42,846 INFO  impl.PendingRequests (PendingRequests.java:sendNotLeaderResponses(202)) - 33399b93-c352-4e1c-92d7-4b52ced967ed-PendingRequests: sendNotLeaderResponses
2019-07-13 07:41:42,847 INFO  server.GrpcServerProtocolService (GrpcServerProtocolService.java:onCompleted(104)) - c6eea7df-d0c8-4dda-ad10-f8b930a01305: appendEntries completed
2019-07-13 07:41:42,847 INFO  ratis.ContainerStateMachine (ContainerStateMachine.java:takeSnapshot(246)) - Taking snapshot at termIndex:(t:0, i:~)
2019-07-13 07:41:42,861 INFO  server.GrpcServerProtocolService (GrpcServerProtocolService.java:onCompleted(104)) - 369b40cb-960e-4ee5-8d96-62fde9080aed: appendEntries completed
2019-07-13 07:41:42,861 INFO  ratis.ContainerStateMachine (ContainerStateMachine.java:takeSnapshot(246)) - Taking snapshot at termIndex:(t:1, i:8)
2019-07-13 07:41:42,860 INFO  impl.StateMachineUpdater (StateMachineUpdater.java:stopAndJoin(115)) - StateMachineUpdater:33399b93-c352-4e1c-92d7-4b52ced967ed:group-4D528A8BD796: set stopIndex = 8
2019-07-13 07:41:42,861 INFO  ratis.ContainerStateMachine (ContainerStateMachine.java:takeSnapshot(250)) - Taking a snapshot to file /tmp/workdir/hadoop-ozone/integration-test/target/test-dir/MiniOzoneClusterImpl-4cc15ec6-cc18-4484-86b8-0206962934ea/datanode-1/data/ratis/98e142f1-b931-44c2-bddc-4d528a8bd796/sm/snapshot.1_8
2019-07-13 07:41:42,861 INFO  impl.RaftServerImpl (ServerState.java:close(394)) - c24005f3-f064-468d-9d57-cc18c4734a6b:group-56AED4038DD0 closes. The last applied log index is 0
2019-07-13 07:41:42,862 INFO  impl.StateMachineUpdater (StateMachineUpdater.java:takeSnapshot(242)) - StateMachineUpdater:33399b93-c352-4e1c-92d7-4b52ced967ed:group-4D528A8BD796: Took a snapshot at index 8
2019-07-13 07:41:42,862 INFO  server.GrpcLogAppender (GrpcLogAppender.java:onCompleted(292)) - 33399b93-c352-4e1c-92d7-4b52ced967ed->c6eea7df-d0c8-4dda-ad10-f8b930a01305: follower responses appendEntries COMPLETED
2019-07-13 07:41:42,862 INFO  impl.StateMachineUpdater (StateMachineUpdater.java:lambda$new$0(80)) - StateMachineUpdater:33399b93-c352-4e1c-92d7-4b52ced967ed:group-4D528A8BD796: snapshotIndex: updateIncreasingly -1 -> 8
2019-07-13 07:41:42,862 INFO  segmented.SegmentedRaftLogWorker (SegmentedRaftLogWorker.java:run(313)) - c24005f3-f064-468d-9d57-cc18c4734a6b-SegmentedRaftLogWorker:Storage Directory /tmp/workdir/hadoop-ozone/integration-test/target/test-dir/MiniOzoneClusterImpl-4cc15ec6-cc18-4484-86b8-0206962934ea/datanode-4/data/ratis/7ab5f15e-8fc3-49a9-96e5-56aed4038dd0 was interrupted, exiting. There are 0 tasks remaining in the queue.
2019-07-13 07:41:42,862 INFO  server.GrpcLogAppender (GrpcLogAppender.java:onCompleted(292)) - 33399b93-c352-4e1c-92d7-4b52ced967ed->369b40cb-960e-4ee5-8d96-62fde9080aed: follower responses appendEntries COMPLETED
2019-07-13 07:41:42,866 INFO  segmented.SegmentedRaftLogWorker (SegmentedRaftLogWorker.java:close(228)) - c24005f3-f064-468d-9d57-cc18c4734a6b-SegmentedRaftLogWorker:Storage Directory /tmp/workdir/hadoop-ozone/integration-test/target/test-dir/MiniOzoneClusterImpl-4cc15ec6-cc18-4484-86b8-0206962934ea/datanode-4/data/ratis/7ab5f15e-8fc3-49a9-96e5-56aed4038dd0 close()
2019-07-13 07:41:42,863 INFO  impl.RaftServerImpl (ServerState.java:close(394)) - 33399b93-c352-4e1c-92d7-4b52ced967ed:group-4D528A8BD796 closes. The last applied log index is 8
2019-07-13 07:41:42,863 INFO  impl.FollowerInfo (FollowerInfo.java:lambda$new$0(50)) - 33399b93-c352-4e1c-92d7-4b52ced967ed->c6eea7df-d0c8-4dda-ad10-f8b930a01305: nextIndex: updateUnconditionally 9 -> 8
2019-07-13 07:41:42,871 INFO  segmented.SegmentedRaftLogWorker (SegmentedRaftLogWorker.java:run(313)) - 33399b93-c352-4e1c-92d7-4b52ced967ed-SegmentedRaftLogWorker:Storage Directory /tmp/workdir/hadoop-ozone/integration-test/target/test-dir/MiniOzoneClusterImpl-4cc15ec6-cc18-4484-86b8-0206962934ea/datanode-1/data/ratis/98e142f1-b931-44c2-bddc-4d528a8bd796 was interrupted, exiting. There are 0 tasks remaining in the queue.
2019-07-13 07:41:42,870 INFO  impl.RaftServerImpl (RaftServerImpl.java:lambda$shutdown$3(245)) - c24005f3-f064-468d-9d57-cc18c4734a6b: shutdown group-0DD37C3FDB77
2019-07-13 07:41:42,866 INFO  impl.FollowerInfo (FollowerInfo.java:lambda$new$0(50)) - 33399b93-c352-4e1c-92d7-4b52ced967ed->369b40cb-960e-4ee5-8d96-62fde9080aed: nextIndex: updateUnconditionally 9 -> 8
2019-07-13 07:41:42,874 INFO  util.JmxRegister (JmxRegister.java:unregister(73)) - Successfully un-registered JMX Bean with object name Ratis:service=RaftServer,group=group-0DD37C3FDB77,id=c24005f3-f064-468d-9d57-cc18c4734a6b
2019-07-13 07:41:42,875 INFO  impl.RoleInfo (RoleInfo.java:shutdownFollowerState(121)) - c24005f3-f064-468d-9d57-cc18c4734a6b: shutdown FollowerState
2019-07-13 07:41:42,874 INFO  segmented.SegmentedRaftLogWorker (SegmentedRaftLogWorker.java:close(228)) - 33399b93-c352-4e1c-92d7-4b52ced967ed-SegmentedRaftLogWorker:Storage Directory /tmp/workdir/hadoop-ozone/integration-test/target/test-dir/MiniOzoneClusterImpl-4cc15ec6-cc18-4484-86b8-0206962934ea/datanode-1/data/ratis/98e142f1-b931-44c2-bddc-4d528a8bd796 close()
2019-07-13 07:41:42,875 INFO  ratis.ContainerStateMachine (ContainerStateMachine.java:takeSnapshot(246)) - Taking snapshot at termIndex:(t:1, i:4)
2019-07-13 07:41:42,880 INFO  ratis.ContainerStateMachine (ContainerStateMachine.java:takeSnapshot(250)) - Taking a snapshot to file /tmp/workdir/hadoop-ozone/integration-test/target/test-dir/MiniOzoneClusterImpl-4cc15ec6-cc18-4484-86b8-0206962934ea/datanode-4/data/ratis/ff8360a4-df02-47dd-869f-0dd37c3fdb77/sm/snapshot.1_4
2019-07-13 07:41:42,875 INFO  impl.FollowerState (FollowerState.java:run(114)) - c24005f3-f064-468d-9d57-cc18c4734a6b: FollowerState was interrupted: java.lang.InterruptedException: sleep interrupted
2019-07-13 07:41:42,875 INFO  impl.StateMachineUpdater (StateMachineUpdater.java:stopAndJoin(115)) - StateMachineUpdater:c24005f3-f064-468d-9d57-cc18c4734a6b:group-0DD37C3FDB77: set stopIndex = 6
2019-07-13 07:41:42,883 INFO  impl.StateMachineUpdater (StateMachineUpdater.java:takeSnapshot(242)) - StateMachineUpdater:c24005f3-f064-468d-9d57-cc18c4734a6b:group-0DD37C3FDB77: Took a snapshot at index 4
2019-07-13 07:41:42,883 INFO  impl.StateMachineUpdater (StateMachineUpdater.java:lambda$new$0(80)) - StateMachineUpdater:c24005f3-f064-468d-9d57-cc18c4734a6b:group-0DD37C3FDB77: snapshotIndex: updateIncreasingly -1 -> 4
2019-07-13 07:41:42,880 INFO  impl.RaftServerImpl (RaftServerImpl.java:lambda$shutdown$3(245)) - 33399b93-c352-4e1c-92d7-4b52ced967ed: shutdown group-712E1FD583C5
2019-07-13 07:41:42,884 INFO  impl.RaftServerImpl (ServerState.java:close(394)) - c24005f3-f064-468d-9d57-cc18c4734a6b:group-0DD37C3FDB77 closes. The last applied log index is 6
2019-07-13 07:41:42,884 INFO  util.JmxRegister (JmxRegister.java:unregister(73)) - Successfully un-registered JMX Bean with object name Ratis:service=RaftServer,group=group-712E1FD583C5,id=33399b93-c352-4e1c-92d7-4b52ced967ed
2019-07-13 07:41:42,884 INFO  segmented.SegmentedRaftLogWorker (SegmentedRaftLogWorker.java:run(313)) - c24005f3-f064-468d-9d57-cc18c4734a6b-SegmentedRaftLogWorker:Storage Directory /tmp/workdir/hadoop-ozone/integration-test/target/test-dir/MiniOzoneClusterImpl-4cc15ec6-cc18-4484-86b8-0206962934ea/datanode-4/data/ratis/ff8360a4-df02-47dd-869f-0dd37c3fdb77 was interrupted, exiting. There are 0 tasks remaining in the queue.
2019-07-13 07:41:42,884 INFO  impl.RoleInfo (RoleInfo.java:shutdownLeaderState(104)) - 33399b93-c352-4e1c-92d7-4b52ced967ed: shutdown LeaderState
2019-07-13 07:41:42,887 INFO  segmented.SegmentedRaftLogWorker (SegmentedRaftLogWorker.java:close(228)) - c24005f3-f064-468d-9d57-cc18c4734a6b-SegmentedRaftLogWorker:Storage Directory /tmp/workdir/hadoop-ozone/integration-test/target/test-dir/MiniOzoneClusterImpl-4cc15ec6-cc18-4484-86b8-0206962934ea/datanode-4/data/ratis/ff8360a4-df02-47dd-869f-0dd37c3fdb77 close()
2019-07-13 07:41:42,887 INFO  impl.PendingRequests (PendingRequests.java:sendNotLeaderResponses(202)) - 33399b93-c352-4e1c-92d7-4b52ced967ed-PendingRequests: sendNotLeaderResponses
2019-07-13 07:41:42,892 INFO  server.GrpcService (GrpcService.java:closeImpl(155)) - c24005f3-f064-468d-9d57-cc18c4734a6b: shutdown server with port 37533 now
2019-07-13 07:41:42,892 INFO  ratis.ContainerStateMachine (ContainerStateMachine.java:takeSnapshot(246)) - Taking snapshot at termIndex:(t:0, i:~)
2019-07-13 07:41:42,892 INFO  impl.StateMachineUpdater (StateMachineUpdater.java:stopAndJoin(115)) - StateMachineUpdater:33399b93-c352-4e1c-92d7-4b52ced967ed:group-712E1FD583C5: set stopIndex = 0
2019-07-13 07:41:42,893 INFO  impl.RaftServerImpl (ServerState.java:close(394)) - 33399b93-c352-4e1c-92d7-4b52ced967ed:group-712E1FD583C5 closes. The last applied log index is 0
2019-07-13 07:41:42,893 WARN  server.GrpcServerProtocolService (LogUtils.java:warn(134)) - c24005f3-f064-468d-9d57-cc18c4734a6b: appendEntries onError: org.apache.ratis.thirdparty.io.grpc.StatusRuntimeException: CANCELLED: cancelled before receiving half close
2019-07-13 07:41:42,894 WARN  server.GrpcLogAppender (LogUtils.java:warn(134)) - 908d6ca4-f81f-4ee2-b817-a1b7e429e68d->c24005f3-f064-468d-9d57-cc18c4734a6b: Failed appendEntries: org.apache.ratis.thirdparty.io.grpc.StatusRuntimeException: CANCELLED: HTTP/2 error code: CANCEL
Received Rst Stream
2019-07-13 07:41:42,894 INFO  segmented.SegmentedRaftLogWorker (SegmentedRaftLogWorker.java:run(313)) - 33399b93-c352-4e1c-92d7-4b52ced967ed-SegmentedRaftLogWorker:Storage Directory /tmp/workdir/hadoop-ozone/integration-test/target/test-dir/MiniOzoneClusterImpl-4cc15ec6-cc18-4484-86b8-0206962934ea/datanode-1/data/ratis/1b01dc2f-8e87-4120-bf9b-712e1fd583c5 was interrupted, exiting. There are 0 tasks remaining in the queue.
2019-07-13 07:41:42,893 INFO  server.GrpcService (GrpcService.java:closeImpl(163)) - c24005f3-f064-468d-9d57-cc18c4734a6b: shutdown server with port 37533 successfully
2019-07-13 07:41:42,896 INFO  segmented.SegmentedRaftLogWorker (SegmentedRaftLogWorker.java:close(228)) - 33399b93-c352-4e1c-92d7-4b52ced967ed-SegmentedRaftLogWorker:Storage Directory /tmp/workdir/hadoop-ozone/integration-test/target/test-dir/MiniOzoneClusterImpl-4cc15ec6-cc18-4484-86b8-0206962934ea/datanode-1/data/ratis/1b01dc2f-8e87-4120-bf9b-712e1fd583c5 close()
2019-07-13 07:41:42,894 INFO  impl.FollowerInfo (FollowerInfo.java:lambda$new$0(50)) - 908d6ca4-f81f-4ee2-b817-a1b7e429e68d->c24005f3-f064-468d-9d57-cc18c4734a6b: nextIndex: updateUnconditionally 7 -> 6
2019-07-13 07:41:42,902 INFO  server.GrpcService (GrpcService.java:closeImpl(155)) - 33399b93-c352-4e1c-92d7-4b52ced967ed: shutdown server with port 37783 now
2019-07-13 07:41:42,902 INFO  utils.BackgroundService (BackgroundService.java:shutdown(148)) - Shutting down service BlockDeletingService
2019-07-13 07:41:42,903 INFO  server.GrpcService (GrpcService.java:closeImpl(163)) - 33399b93-c352-4e1c-92d7-4b52ced967ed: shutdown server with port 37783 successfully
2019-07-13 07:41:42,904 WARN  fs.CachingGetSpaceUsed (CachingGetSpaceUsed.java:run(183)) - Thread Interrupted waiting to refresh disk information: sleep interrupted
2019-07-13 07:41:42,905 INFO  utils.BackgroundService (BackgroundService.java:shutdown(148)) - Shutting down service BlockDeletingService
2019-07-13 07:41:42,907 WARN  fs.CachingGetSpaceUsed (CachingGetSpaceUsed.java:run(183)) - Thread Interrupted waiting to refresh disk information: sleep interrupted
2019-07-13 07:41:42,926 INFO  statemachine.DatanodeStateMachine (DatanodeStateMachine.java:stopDaemon(395)) - Ozone container server stopped.
2019-07-13 07:41:42,927 INFO  handler.ContextHandler (ContextHandler.java:doStop(910)) - Stopped o.e.j.w.WebAppContext@7a065f73{/,null,UNAVAILABLE}{/hddsDatanode}
2019-07-13 07:41:42,928 INFO  server.AbstractConnector (AbstractConnector.java:doStop(318)) - Stopped ServerConnector@3f2b55f8{HTTP/1.1,[http/1.1]}{0.0.0.0:0}
2019-07-13 07:41:42,928 INFO  handler.ContextHandler (ContextHandler.java:doStop(910)) - Stopped o.e.j.s.ServletContextHandler@49bf6f8c{/static,jar:file:/home/user/.m2/repository/org/apache/hadoop/hadoop-hdds-container-service/0.5.0-SNAPSHOT/hadoop-hdds-container-service-0.5.0-SNAPSHOT.jar!/webapps/static,UNAVAILABLE}
2019-07-13 07:41:42,929 INFO  handler.ContextHandler (ContextHandler.java:doStop(910)) - Stopped o.e.j.s.ServletContextHandler@48158b86{/logs,file:///tmp/workdir/hadoop-ozone/integration-test/target/log,UNAVAILABLE}
2019-07-13 07:41:42,929 INFO  datanode.ObjectStoreHandler (ObjectStoreHandler.java:close(155)) - Closing ObjectStoreHandler.
2019-07-13 07:41:42,930 INFO  ozone.HddsDatanodeService (HddsDatanodeService.java:stop(452)) - Stopped plug-in org.apache.hadoop.ozone.web.OzoneHddsDatanodeService@594c830f
2019-07-13 07:41:42,936 INFO  statemachine.DatanodeStateMachine (DatanodeStateMachine.java:stopDaemon(395)) - Ozone container server stopped.
2019-07-13 07:41:42,942 INFO  handler.ContextHandler (ContextHandler.java:doStop(910)) - Stopped o.e.j.w.WebAppContext@7f549712{/,null,UNAVAILABLE}{/hddsDatanode}
2019-07-13 07:41:42,943 INFO  server.AbstractConnector (AbstractConnector.java:doStop(318)) - Stopped ServerConnector@38b7b02f{HTTP/1.1,[http/1.1]}{0.0.0.0:0}
2019-07-13 07:41:42,945 INFO  handler.ContextHandler (ContextHandler.java:doStop(910)) - Stopped o.e.j.s.ServletContextHandler@2b33553b{/static,jar:file:/home/user/.m2/repository/org/apache/hadoop/hadoop-hdds-container-service/0.5.0-SNAPSHOT/hadoop-hdds-container-service-0.5.0-SNAPSHOT.jar!/webapps/static,UNAVAILABLE}
2019-07-13 07:41:42,947 INFO  handler.ContextHandler (ContextHandler.java:doStop(910)) - Stopped o.e.j.s.ServletContextHandler@46aaf47c{/logs,file:///tmp/workdir/hadoop-ozone/integration-test/target/log,UNAVAILABLE}
2019-07-13 07:41:42,948 INFO  datanode.ObjectStoreHandler (ObjectStoreHandler.java:close(155)) - Closing ObjectStoreHandler.
2019-07-13 07:41:42,948 INFO  ozone.HddsDatanodeService (HddsDatanodeService.java:stop(452)) - Stopped plug-in org.apache.hadoop.ozone.web.OzoneHddsDatanodeService@5cef76a2
2019-07-13 07:41:43,433 INFO  statemachine.DatanodeStateMachine (DatanodeStateMachine.java:lambda$startDaemon$0(350)) - Ozone container server started.
2019-07-13 07:41:43,639 INFO  statemachine.DatanodeStateMachine (DatanodeStateMachine.java:lambda$startDaemon$0(350)) - Ozone container server started.
2019-07-13 07:41:45,245 WARN  server.GrpcLogAppender (LogUtils.java:warn(134)) - 908d6ca4-f81f-4ee2-b817-a1b7e429e68d->c24005f3-f064-468d-9d57-cc18c4734a6b: Failed appendEntries: org.apache.ratis.thirdparty.io.grpc.StatusRuntimeException: UNAVAILABLE: io exception
2019-07-13 07:41:45,246 INFO  impl.FollowerInfo (FollowerInfo.java:lambda$new$0(50)) - 908d6ca4-f81f-4ee2-b817-a1b7e429e68d->c24005f3-f064-468d-9d57-cc18c4734a6b: nextIndex: updateUnconditionally 6 -> 5
2019-07-13 07:41:47,500 INFO  node.StaleNodeHandler (StaleNodeHandler.java:onMessage(58)) - Datanode c6eea7df-d0c8-4dda-ad10-f8b930a01305{ip: 192.168.69.84, host: trunk-nightly-9lh4p-2362225927, networkLocation: /default-rack, certSerialId: null} moved to stale state. Finalizing its pipelines [PipelineID=98e142f1-b931-44c2-bddc-4d528a8bd796, PipelineID=a45cb577-49e1-4668-b49b-c3682c3b4491]
2019-07-13 07:41:47,500 INFO  pipeline.SCMPipelineManager (SCMPipelineManager.java:finalizeAndDestroyPipeline(309)) - destroying pipeline:Pipeline[ Id: 98e142f1-b931-44c2-bddc-4d528a8bd796, Nodes: 369b40cb-960e-4ee5-8d96-62fde9080aed{ip: 192.168.69.84, host: trunk-nightly-9lh4p-2362225927, networkLocation: /default-rack, certSerialId: null}33399b93-c352-4e1c-92d7-4b52ced967ed{ip: 192.168.69.84, host: trunk-nightly-9lh4p-2362225927, networkLocation: /default-rack, certSerialId: null}c6eea7df-d0c8-4dda-ad10-f8b930a01305{ip: 192.168.69.84, host: trunk-nightly-9lh4p-2362225927, networkLocation: /default-rack, certSerialId: null}, Type:RATIS, Factor:THREE, State:CLOSED]
2019-07-13 07:41:47,500 INFO  pipeline.SCMPipelineManager (SCMPipelineManager.java:finalizeAndDestroyPipeline(309)) - destroying pipeline:Pipeline[ Id: a45cb577-49e1-4668-b49b-c3682c3b4491, Nodes: c6eea7df-d0c8-4dda-ad10-f8b930a01305{ip: 192.168.69.84, host: trunk-nightly-9lh4p-2362225927, networkLocation: /default-rack, certSerialId: null}, Type:RATIS, Factor:ONE, State:OPEN]
2019-07-13 07:41:47,501 INFO  pipeline.PipelineStateManager (PipelineStateManager.java:finalizePipeline(123)) - Pipeline Pipeline[ Id: a45cb577-49e1-4668-b49b-c3682c3b4491, Nodes: c6eea7df-d0c8-4dda-ad10-f8b930a01305{ip: 192.168.69.84, host: trunk-nightly-9lh4p-2362225927, networkLocation: /default-rack, certSerialId: null}, Type:RATIS, Factor:ONE, State:CLOSED] moved to CLOSED state
2019-07-13 07:41:47,700 INFO  node.StaleNodeHandler (StaleNodeHandler.java:onMessage(58)) - Datanode 908d6ca4-f81f-4ee2-b817-a1b7e429e68d{ip: 192.168.69.84, host: trunk-nightly-9lh4p-2362225927, networkLocation: /default-rack, certSerialId: null} moved to stale state. Finalizing its pipelines [PipelineID=73b94323-618e-431f-a393-f27bc1394eb9, PipelineID=ff8360a4-df02-47dd-869f-0dd37c3fdb77]
2019-07-13 07:41:47,700 INFO  pipeline.SCMPipelineManager (SCMPipelineManager.java:finalizeAndDestroyPipeline(309)) - destroying pipeline:Pipeline[ Id: 73b94323-618e-431f-a393-f27bc1394eb9, Nodes: 908d6ca4-f81f-4ee2-b817-a1b7e429e68d{ip: 192.168.69.84, host: trunk-nightly-9lh4p-2362225927, networkLocation: /default-rack, certSerialId: null}, Type:RATIS, Factor:ONE, State:OPEN]
2019-07-13 07:41:47,700 INFO  pipeline.PipelineStateManager (PipelineStateManager.java:finalizePipeline(123)) - Pipeline Pipeline[ Id: 73b94323-618e-431f-a393-f27bc1394eb9, Nodes: 908d6ca4-f81f-4ee2-b817-a1b7e429e68d{ip: 192.168.69.84, host: trunk-nightly-9lh4p-2362225927, networkLocation: /default-rack, certSerialId: null}, Type:RATIS, Factor:ONE, State:CLOSED] moved to CLOSED state
2019-07-13 07:41:47,701 INFO  pipeline.SCMPipelineManager (SCMPipelineManager.java:finalizeAndDestroyPipeline(309)) - destroying pipeline:Pipeline[ Id: ff8360a4-df02-47dd-869f-0dd37c3fdb77, Nodes: 908d6ca4-f81f-4ee2-b817-a1b7e429e68d{ip: 192.168.69.84, host: trunk-nightly-9lh4p-2362225927, networkLocation: /default-rack, certSerialId: null}8bf5bc8b-bcdd-4299-8058-a0833f294212{ip: 192.168.69.84, host: trunk-nightly-9lh4p-2362225927, networkLocation: /default-rack, certSerialId: null}c24005f3-f064-468d-9d57-cc18c4734a6b{ip: 192.168.69.84, host: trunk-nightly-9lh4p-2362225927, networkLocation: /default-rack, certSerialId: null}, Type:RATIS, Factor:THREE, State:CLOSED]
2019-07-13 07:41:47,746 WARN  server.GrpcLogAppender (LogUtils.java:warn(134)) - 908d6ca4-f81f-4ee2-b817-a1b7e429e68d->c24005f3-f064-468d-9d57-cc18c4734a6b: Failed appendEntries: org.apache.ratis.thirdparty.io.grpc.StatusRuntimeException: UNAVAILABLE: io exception
2019-07-13 07:41:47,746 INFO  impl.FollowerInfo (FollowerInfo.java:lambda$new$0(50)) - 908d6ca4-f81f-4ee2-b817-a1b7e429e68d->c24005f3-f064-468d-9d57-cc18c4734a6b: nextIndex: updateUnconditionally 5 -> 4
2019-07-13 07:41:47,934 INFO  ozoneimpl.OzoneContainer (OzoneContainer.java:stop(199)) - Attempting to stop container services.
2019-07-13 07:41:47,934 INFO  impl.RaftServerProxy (RaftServerProxy.java:lambda$close$4(314)) - 908d6ca4-f81f-4ee2-b817-a1b7e429e68d: close
2019-07-13 07:41:47,935 INFO  impl.RaftServerImpl (RaftServerImpl.java:lambda$shutdown$3(245)) - 908d6ca4-f81f-4ee2-b817-a1b7e429e68d: shutdown group-F27BC1394EB9
2019-07-13 07:41:47,935 INFO  util.JmxRegister (JmxRegister.java:unregister(73)) - Successfully un-registered JMX Bean with object name Ratis:service=RaftServer,group=group-F27BC1394EB9,id=908d6ca4-f81f-4ee2-b817-a1b7e429e68d
2019-07-13 07:41:47,936 INFO  impl.RoleInfo (RoleInfo.java:shutdownLeaderState(104)) - 908d6ca4-f81f-4ee2-b817-a1b7e429e68d: shutdown LeaderState
2019-07-13 07:41:47,936 INFO  impl.PendingRequests (PendingRequests.java:sendNotLeaderResponses(202)) - 908d6ca4-f81f-4ee2-b817-a1b7e429e68d-PendingRequests: sendNotLeaderResponses
2019-07-13 07:41:47,937 INFO  impl.StateMachineUpdater (StateMachineUpdater.java:stopAndJoin(115)) - StateMachineUpdater:908d6ca4-f81f-4ee2-b817-a1b7e429e68d:group-F27BC1394EB9: set stopIndex = 0
2019-07-13 07:41:47,937 INFO  ratis.ContainerStateMachine (ContainerStateMachine.java:takeSnapshot(246)) - Taking snapshot at termIndex:(t:0, i:~)
2019-07-13 07:41:47,937 INFO  impl.RaftServerImpl (ServerState.java:close(394)) - 908d6ca4-f81f-4ee2-b817-a1b7e429e68d:group-F27BC1394EB9 closes. The last applied log index is 0
2019-07-13 07:41:47,938 INFO  segmented.SegmentedRaftLogWorker (SegmentedRaftLogWorker.java:run(313)) - 908d6ca4-f81f-4ee2-b817-a1b7e429e68d-SegmentedRaftLogWorker:Storage Directory /tmp/workdir/hadoop-ozone/integration-test/target/test-dir/MiniOzoneClusterImpl-4cc15ec6-cc18-4484-86b8-0206962934ea/datanode-3/data/ratis/73b94323-618e-431f-a393-f27bc1394eb9 was interrupted, exiting. There are 0 tasks remaining in the queue.
2019-07-13 07:41:47,941 INFO  segmented.SegmentedRaftLogWorker (SegmentedRaftLogWorker.java:close(228)) - 908d6ca4-f81f-4ee2-b817-a1b7e429e68d-SegmentedRaftLogWorker:Storage Directory /tmp/workdir/hadoop-ozone/integration-test/target/test-dir/MiniOzoneClusterImpl-4cc15ec6-cc18-4484-86b8-0206962934ea/datanode-3/data/ratis/73b94323-618e-431f-a393-f27bc1394eb9 close()
2019-07-13 07:41:47,945 INFO  impl.RaftServerImpl (RaftServerImpl.java:lambda$shutdown$3(245)) - 908d6ca4-f81f-4ee2-b817-a1b7e429e68d: shutdown group-0DD37C3FDB77
2019-07-13 07:41:47,946 INFO  util.JmxRegister (JmxRegister.java:unregister(73)) - Successfully un-registered JMX Bean with object name Ratis:service=RaftServer,group=group-0DD37C3FDB77,id=908d6ca4-f81f-4ee2-b817-a1b7e429e68d
2019-07-13 07:41:47,946 INFO  impl.RoleInfo (RoleInfo.java:shutdownLeaderState(104)) - 908d6ca4-f81f-4ee2-b817-a1b7e429e68d: shutdown LeaderState
2019-07-13 07:41:47,950 INFO  impl.PendingRequests (PendingRequests.java:sendNotLeaderResponses(202)) - 908d6ca4-f81f-4ee2-b817-a1b7e429e68d-PendingRequests: sendNotLeaderResponses
2019-07-13 07:41:47,950 INFO  ozoneimpl.OzoneContainer (OzoneContainer.java:stop(199)) - Attempting to stop container services.
2019-07-13 07:41:47,950 WARN  server.GrpcLogAppender (GrpcLogAppender.java:mayWait(143)) - GrpcLogAppender(908d6ca4-f81f-4ee2-b817-a1b7e429e68d->c24005f3-f064-468d-9d57-cc18c4734a6b): Wait interrupted by java.lang.InterruptedException
2019-07-13 07:41:47,950 WARN  server.GrpcLogAppender (GrpcLogAppender.java:mayWait(143)) - GrpcLogAppender(908d6ca4-f81f-4ee2-b817-a1b7e429e68d->8bf5bc8b-bcdd-4299-8058-a0833f294212): Wait interrupted by java.lang.InterruptedException
2019-07-13 07:41:47,951 INFO  impl.RaftServerProxy (RaftServerProxy.java:lambda$close$4(314)) - c6eea7df-d0c8-4dda-ad10-f8b930a01305: close
2019-07-13 07:41:47,952 INFO  server.GrpcServerProtocolService (GrpcServerProtocolService.java:onCompleted(104)) - 8bf5bc8b-bcdd-4299-8058-a0833f294212: appendEntries completed
2019-07-13 07:41:47,951 INFO  ratis.ContainerStateMachine (ContainerStateMachine.java:takeSnapshot(246)) - Taking snapshot at termIndex:(t:1, i:6)
2019-07-13 07:41:47,951 INFO  impl.StateMachineUpdater (StateMachineUpdater.java:stopAndJoin(115)) - StateMachineUpdater:908d6ca4-f81f-4ee2-b817-a1b7e429e68d:group-0DD37C3FDB77: set stopIndex = 6
2019-07-13 07:41:47,952 INFO  server.GrpcLogAppender (GrpcLogAppender.java:onCompleted(292)) - 908d6ca4-f81f-4ee2-b817-a1b7e429e68d->8bf5bc8b-bcdd-4299-8058-a0833f294212: follower responses appendEntries COMPLETED
2019-07-13 07:41:47,952 INFO  ratis.ContainerStateMachine (ContainerStateMachine.java:takeSnapshot(250)) - Taking a snapshot to file /tmp/workdir/hadoop-ozone/integration-test/target/test-dir/MiniOzoneClusterImpl-4cc15ec6-cc18-4484-86b8-0206962934ea/datanode-3/data/ratis/ff8360a4-df02-47dd-869f-0dd37c3fdb77/sm/snapshot.1_6
2019-07-13 07:41:47,952 INFO  impl.RaftServerImpl (RaftServerImpl.java:lambda$shutdown$3(245)) - c6eea7df-d0c8-4dda-ad10-f8b930a01305: shutdown group-4D528A8BD796
2019-07-13 07:41:47,953 INFO  impl.StateMachineUpdater (StateMachineUpdater.java:takeSnapshot(242)) - StateMachineUpdater:908d6ca4-f81f-4ee2-b817-a1b7e429e68d:group-0DD37C3FDB77: Took a snapshot at index 6
2019-07-13 07:41:47,953 INFO  impl.FollowerInfo (FollowerInfo.java:lambda$new$0(50)) - 908d6ca4-f81f-4ee2-b817-a1b7e429e68d->8bf5bc8b-bcdd-4299-8058-a0833f294212: nextIndex: updateUnconditionally 7 -> 6
2019-07-13 07:41:47,953 INFO  impl.StateMachineUpdater (StateMachineUpdater.java:lambda$new$0(80)) - StateMachineUpdater:908d6ca4-f81f-4ee2-b817-a1b7e429e68d:group-0DD37C3FDB77: snapshotIndex: updateIncreasingly -1 -> 6
2019-07-13 07:41:47,953 INFO  util.JmxRegister (JmxRegister.java:unregister(73)) - Successfully un-registered JMX Bean with object name Ratis:service=RaftServer,group=group-4D528A8BD796,id=c6eea7df-d0c8-4dda-ad10-f8b930a01305
2019-07-13 07:41:47,954 INFO  impl.RaftServerImpl (ServerState.java:close(394)) - 908d6ca4-f81f-4ee2-b817-a1b7e429e68d:group-0DD37C3FDB77 closes. The last applied log index is 6
2019-07-13 07:41:47,954 INFO  impl.RoleInfo (RoleInfo.java:shutdownFollowerState(121)) - c6eea7df-d0c8-4dda-ad10-f8b930a01305: shutdown FollowerState
2019-07-13 07:41:47,955 INFO  impl.StateMachineUpdater (StateMachineUpdater.java:stopAndJoin(115)) - StateMachineUpdater:c6eea7df-d0c8-4dda-ad10-f8b930a01305:group-4D528A8BD796: set stopIndex = 8
2019-07-13 07:41:47,955 INFO  segmented.SegmentedRaftLogWorker (SegmentedRaftLogWorker.java:run(313)) - 908d6ca4-f81f-4ee2-b817-a1b7e429e68d-SegmentedRaftLogWorker:Storage Directory /tmp/workdir/hadoop-ozone/integration-test/target/test-dir/MiniOzoneClusterImpl-4cc15ec6-cc18-4484-86b8-0206962934ea/datanode-3/data/ratis/ff8360a4-df02-47dd-869f-0dd37c3fdb77 was interrupted, exiting. There are 0 tasks remaining in the queue.
2019-07-13 07:41:47,955 INFO  impl.FollowerState (FollowerState.java:run(114)) - c6eea7df-d0c8-4dda-ad10-f8b930a01305: FollowerState was interrupted: java.lang.InterruptedException: sleep interrupted
2019-07-13 07:41:47,955 INFO  ratis.ContainerStateMachine (ContainerStateMachine.java:takeSnapshot(246)) - Taking snapshot at termIndex:(t:1, i:7)
2019-07-13 07:41:47,957 INFO  ratis.ContainerStateMachine (ContainerStateMachine.java:takeSnapshot(250)) - Taking a snapshot to file /tmp/workdir/hadoop-ozone/integration-test/target/test-dir/MiniOzoneClusterImpl-4cc15ec6-cc18-4484-86b8-0206962934ea/datanode-2/data/ratis/98e142f1-b931-44c2-bddc-4d528a8bd796/sm/snapshot.1_7
2019-07-13 07:41:47,957 INFO  segmented.SegmentedRaftLogWorker (SegmentedRaftLogWorker.java:close(228)) - 908d6ca4-f81f-4ee2-b817-a1b7e429e68d-SegmentedRaftLogWorker:Storage Directory /tmp/workdir/hadoop-ozone/integration-test/target/test-dir/MiniOzoneClusterImpl-4cc15ec6-cc18-4484-86b8-0206962934ea/datanode-3/data/ratis/ff8360a4-df02-47dd-869f-0dd37c3fdb77 close()
2019-07-13 07:41:47,957 INFO  impl.StateMachineUpdater (StateMachineUpdater.java:takeSnapshot(242)) - StateMachineUpdater:c6eea7df-d0c8-4dda-ad10-f8b930a01305:group-4D528A8BD796: Took a snapshot at index 7
2019-07-13 07:41:47,959 INFO  impl.StateMachineUpdater (StateMachineUpdater.java:lambda$new$0(80)) - StateMachineUpdater:c6eea7df-d0c8-4dda-ad10-f8b930a01305:group-4D528A8BD796: snapshotIndex: updateIncreasingly -1 -> 7
2019-07-13 07:41:47,961 INFO  server.GrpcService (GrpcService.java:closeImpl(155)) - 908d6ca4-f81f-4ee2-b817-a1b7e429e68d: shutdown server with port 43435 now
2019-07-13 07:41:47,961 INFO  impl.RaftServerImpl (ServerState.java:close(394)) - c6eea7df-d0c8-4dda-ad10-f8b930a01305:group-4D528A8BD796 closes. The last applied log index is 8
2019-07-13 07:41:47,962 INFO  segmented.SegmentedRaftLogWorker (SegmentedRaftLogWorker.java:run(313)) - c6eea7df-d0c8-4dda-ad10-f8b930a01305-SegmentedRaftLogWorker:Storage Directory /tmp/workdir/hadoop-ozone/integration-test/target/test-dir/MiniOzoneClusterImpl-4cc15ec6-cc18-4484-86b8-0206962934ea/datanode-2/data/ratis/98e142f1-b931-44c2-bddc-4d528a8bd796 was interrupted, exiting. There are 0 tasks remaining in the queue.
2019-07-13 07:41:47,962 INFO  server.GrpcService (GrpcService.java:closeImpl(163)) - 908d6ca4-f81f-4ee2-b817-a1b7e429e68d: shutdown server with port 43435 successfully
2019-07-13 07:41:47,964 INFO  segmented.SegmentedRaftLogWorker (SegmentedRaftLogWorker.java:close(228)) - c6eea7df-d0c8-4dda-ad10-f8b930a01305-SegmentedRaftLogWorker:Storage Directory /tmp/workdir/hadoop-ozone/integration-test/target/test-dir/MiniOzoneClusterImpl-4cc15ec6-cc18-4484-86b8-0206962934ea/datanode-2/data/ratis/98e142f1-b931-44c2-bddc-4d528a8bd796 close()
2019-07-13 07:41:47,973 INFO  impl.RaftServerImpl (RaftServerImpl.java:lambda$shutdown$3(245)) - c6eea7df-d0c8-4dda-ad10-f8b930a01305: shutdown group-C3682C3B4491
2019-07-13 07:41:47,973 INFO  utils.BackgroundService (BackgroundService.java:shutdown(148)) - Shutting down service BlockDeletingService
2019-07-13 07:41:47,973 INFO  util.JmxRegister (JmxRegister.java:unregister(73)) - Successfully un-registered JMX Bean with object name Ratis:service=RaftServer,group=group-C3682C3B4491,id=c6eea7df-d0c8-4dda-ad10-f8b930a01305
2019-07-13 07:41:47,974 INFO  impl.RoleInfo (RoleInfo.java:shutdownLeaderState(104)) - c6eea7df-d0c8-4dda-ad10-f8b930a01305: shutdown LeaderState
2019-07-13 07:41:47,974 INFO  impl.PendingRequests (PendingRequests.java:sendNotLeaderResponses(202)) - c6eea7df-d0c8-4dda-ad10-f8b930a01305-PendingRequests: sendNotLeaderResponses
2019-07-13 07:41:47,975 INFO  impl.StateMachineUpdater (StateMachineUpdater.java:stopAndJoin(115)) - StateMachineUpdater:c6eea7df-d0c8-4dda-ad10-f8b930a01305:group-C3682C3B4491: set stopIndex = 0
2019-07-13 07:41:47,975 INFO  ratis.ContainerStateMachine (ContainerStateMachine.java:takeSnapshot(246)) - Taking snapshot at termIndex:(t:0, i:~)
2019-07-13 07:41:47,975 INFO  impl.RaftServerImpl (ServerState.java:close(394)) - c6eea7df-d0c8-4dda-ad10-f8b930a01305:group-C3682C3B4491 closes. The last applied log index is 0
2019-07-13 07:41:47,975 WARN  fs.CachingGetSpaceUsed (CachingGetSpaceUsed.java:run(183)) - Thread Interrupted waiting to refresh disk information: sleep interrupted
2019-07-13 07:41:47,975 INFO  segmented.SegmentedRaftLogWorker (SegmentedRaftLogWorker.java:run(313)) - c6eea7df-d0c8-4dda-ad10-f8b930a01305-SegmentedRaftLogWorker:Storage Directory /tmp/workdir/hadoop-ozone/integration-test/target/test-dir/MiniOzoneClusterImpl-4cc15ec6-cc18-4484-86b8-0206962934ea/datanode-2/data/ratis/a45cb577-49e1-4668-b49b-c3682c3b4491 was interrupted, exiting. There are 0 tasks remaining in the queue.
2019-07-13 07:41:47,978 INFO  segmented.SegmentedRaftLogWorker (SegmentedRaftLogWorker.java:close(228)) - c6eea7df-d0c8-4dda-ad10-f8b930a01305-SegmentedRaftLogWorker:Storage Directory /tmp/workdir/hadoop-ozone/integration-test/target/test-dir/MiniOzoneClusterImpl-4cc15ec6-cc18-4484-86b8-0206962934ea/datanode-2/data/ratis/a45cb577-49e1-4668-b49b-c3682c3b4491 close()
2019-07-13 07:41:47,980 INFO  server.GrpcService (GrpcService.java:closeImpl(155)) - c6eea7df-d0c8-4dda-ad10-f8b930a01305: shutdown server with port 39996 now
2019-07-13 07:41:47,980 INFO  server.GrpcService (GrpcService.java:closeImpl(163)) - c6eea7df-d0c8-4dda-ad10-f8b930a01305: shutdown server with port 39996 successfully
2019-07-13 07:41:47,981 INFO  utils.BackgroundService (BackgroundService.java:shutdown(148)) - Shutting down service BlockDeletingService
2019-07-13 07:41:47,982 WARN  fs.CachingGetSpaceUsed (CachingGetSpaceUsed.java:run(183)) - Thread Interrupted waiting to refresh disk information: sleep interrupted
2019-07-13 07:41:47,995 INFO  statemachine.DatanodeStateMachine (DatanodeStateMachine.java:stopDaemon(395)) - Ozone container server stopped.
2019-07-13 07:41:47,996 INFO  handler.ContextHandler (ContextHandler.java:doStop(910)) - Stopped o.e.j.w.WebAppContext@4fe9a720{/,null,UNAVAILABLE}{/hddsDatanode}
2019-07-13 07:41:47,997 INFO  server.AbstractConnector (AbstractConnector.java:doStop(318)) - Stopped ServerConnector@7db373b2{HTTP/1.1,[http/1.1]}{0.0.0.0:0}
2019-07-13 07:41:47,997 INFO  handler.ContextHandler (ContextHandler.java:doStop(910)) - Stopped o.e.j.s.ServletContextHandler@58ae3cb{/static,jar:file:/home/user/.m2/repository/org/apache/hadoop/hadoop-hdds-container-service/0.5.0-SNAPSHOT/hadoop-hdds-container-service-0.5.0-SNAPSHOT.jar!/webapps/static,UNAVAILABLE}
2019-07-13 07:41:47,998 INFO  handler.ContextHandler (ContextHandler.java:doStop(910)) - Stopped o.e.j.s.ServletContextHandler@695d8186{/logs,file:///tmp/workdir/hadoop-ozone/integration-test/target/log,UNAVAILABLE}
2019-07-13 07:41:48,001 INFO  statemachine.DatanodeStateMachine (DatanodeStateMachine.java:stopDaemon(395)) - Ozone container server stopped.
2019-07-13 07:41:48,002 INFO  datanode.ObjectStoreHandler (ObjectStoreHandler.java:close(155)) - Closing ObjectStoreHandler.
2019-07-13 07:41:48,004 INFO  ozone.HddsDatanodeService (HddsDatanodeService.java:stop(452)) - Stopped plug-in org.apache.hadoop.ozone.web.OzoneHddsDatanodeService@6fa1dc0c
2019-07-13 07:41:48,006 INFO  handler.ContextHandler (ContextHandler.java:doStop(910)) - Stopped o.e.j.w.WebAppContext@5242e9f7{/,null,UNAVAILABLE}{/hddsDatanode}
2019-07-13 07:41:48,006 INFO  server.AbstractConnector (AbstractConnector.java:doStop(318)) - Stopped ServerConnector@48b9ee43{HTTP/1.1,[http/1.1]}{0.0.0.0:0}
2019-07-13 07:41:48,008 INFO  handler.ContextHandler (ContextHandler.java:doStop(910)) - Stopped o.e.j.s.ServletContextHandler@250e9655{/static,jar:file:/home/user/.m2/repository/org/apache/hadoop/hadoop-hdds-container-service/0.5.0-SNAPSHOT/hadoop-hdds-container-service-0.5.0-SNAPSHOT.jar!/webapps/static,UNAVAILABLE}
2019-07-13 07:41:48,009 INFO  handler.ContextHandler (ContextHandler.java:doStop(910)) - Stopped o.e.j.s.ServletContextHandler@1e019687{/logs,file:///tmp/workdir/hadoop-ozone/integration-test/target/log,UNAVAILABLE}
2019-07-13 07:41:48,009 INFO  datanode.ObjectStoreHandler (ObjectStoreHandler.java:close(155)) - Closing ObjectStoreHandler.
2019-07-13 07:41:48,010 INFO  ozone.HddsDatanodeService (HddsDatanodeService.java:stop(452)) - Stopped plug-in org.apache.hadoop.ozone.web.OzoneHddsDatanodeService@3108d1e1
2019-07-13 07:41:48,100 INFO  statemachine.DatanodeStateMachine (DatanodeStateMachine.java:lambda$startDaemon$0(350)) - Ozone container server started.
2019-07-13 07:41:48,420 INFO  statemachine.DatanodeStateMachine (DatanodeStateMachine.java:lambda$startDaemon$0(350)) - Ozone container server started.
2019-07-13 07:41:49,753 INFO  impl.FollowerState (FollowerState.java:run(106)) - 369b40cb-960e-4ee5-8d96-62fde9080aed:group-4D528A8BD796 changes to CANDIDATE, lastRpcTime:7367, electionTimeout:5168ms
2019-07-13 07:41:49,753 INFO  impl.RoleInfo (RoleInfo.java:shutdownFollowerState(121)) - 369b40cb-960e-4ee5-8d96-62fde9080aed: shutdown FollowerState
2019-07-13 07:41:49,753 INFO  impl.RaftServerImpl (RaftServerImpl.java:setRole(171)) - 369b40cb-960e-4ee5-8d96-62fde9080aed:group-4D528A8BD796 changes role from FOLLOWER to CANDIDATE at term 1 for changeToCandidate
2019-07-13 07:41:49,753 INFO  impl.RoleInfo (RoleInfo.java:updateAndGet(143)) - 369b40cb-960e-4ee5-8d96-62fde9080aed: start LeaderElection
2019-07-13 07:41:49,756 INFO  impl.RaftServerImpl (ServerState.java:setLeader(263)) - 369b40cb-960e-4ee5-8d96-62fde9080aed:group-4D528A8BD796 change Leader from 33399b93-c352-4e1c-92d7-4b52ced967ed to null at term 1 for initElection
2019-07-13 07:41:49,771 INFO  impl.LeaderElection (LeaderElection.java:askForVotes(181)) - 369b40cb-960e-4ee5-8d96-62fde9080aed:group-4D528A8BD796:LeaderElection102: begin an election at term 2 for 0: [c6eea7df-d0c8-4dda-ad10-f8b930a01305:192.168.69.84:39996, 369b40cb-960e-4ee5-8d96-62fde9080aed:192.168.69.84:32806, 33399b93-c352-4e1c-92d7-4b52ced967ed:192.168.69.84:37783], old=null
2019-07-13 07:41:49,774 INFO  impl.LeaderElection (LogUtils.java:infoOrTrace(149)) - 369b40cb-960e-4ee5-8d96-62fde9080aed:group-4D528A8BD796:LeaderElection102 got exception when requesting votes: {}
java.util.concurrent.ExecutionException: org.apache.ratis.thirdparty.io.grpc.StatusRuntimeException: UNAVAILABLE: io exception
	at java.util.concurrent.FutureTask.report(FutureTask.java:122)
	at java.util.concurrent.FutureTask.get(FutureTask.java:192)
	at org.apache.ratis.server.impl.LeaderElection.waitForResults(LeaderElection.java:262)
	at org.apache.ratis.server.impl.LeaderElection.askForVotes(LeaderElection.java:200)
	at org.apache.ratis.server.impl.LeaderElection.run(LeaderElection.java:130)
	at java.lang.Thread.run(Thread.java:748)
Caused by: org.apache.ratis.thirdparty.io.grpc.StatusRuntimeException: UNAVAILABLE: io exception
	at org.apache.ratis.thirdparty.io.grpc.stub.ClientCalls.toStatusRuntimeException(ClientCalls.java:233)
	at org.apache.ratis.thirdparty.io.grpc.stub.ClientCalls.getUnchecked(ClientCalls.java:214)
	at org.apache.ratis.thirdparty.io.grpc.stub.ClientCalls.blockingUnaryCall(ClientCalls.java:139)
	at org.apache.ratis.proto.grpc.RaftServerProtocolServiceGrpc$RaftServerProtocolServiceBlockingStub.requestVote(RaftServerProtocolServiceGrpc.java:265)
	at org.apache.ratis.grpc.server.GrpcServerProtocolClient.requestVote(GrpcServerProtocolClient.java:83)
	at org.apache.ratis.grpc.server.GrpcService.requestVote(GrpcService.java:195)
	at org.apache.ratis.server.impl.LeaderElection.lambda$submitRequests$1(LeaderElection.java:237)
	at java.util.concurrent.FutureTask.run(FutureTask.java:266)
	at java.util.concurrent.Executors$RunnableAdapter.call(Executors.java:511)
	at java.util.concurrent.FutureTask.run(FutureTask.java:266)
	at java.util.concurrent.ThreadPoolExecutor.runWorker(ThreadPoolExecutor.java:1149)
	at java.util.concurrent.ThreadPoolExecutor$Worker.run(ThreadPoolExecutor.java:624)
	... 1 more
Caused by: org.apache.ratis.thirdparty.io.netty.channel.AbstractChannel$AnnotatedConnectException: Connection refused: /192.168.69.84:39996
	at sun.nio.ch.SocketChannelImpl.checkConnect(Native Method)
	at sun.nio.ch.SocketChannelImpl.finishConnect(SocketChannelImpl.java:717)
	at org.apache.ratis.thirdparty.io.netty.channel.socket.nio.NioSocketChannel.doFinishConnect(NioSocketChannel.java:327)
	at org.apache.ratis.thirdparty.io.netty.channel.nio.AbstractNioChannel$AbstractNioUnsafe.finishConnect(AbstractNioChannel.java:340)
	at org.apache.ratis.thirdparty.io.netty.channel.nio.NioEventLoop.processSelectedKey(NioEventLoop.java:632)
	at org.apache.ratis.thirdparty.io.netty.channel.nio.NioEventLoop.processSelectedKeysOptimized(NioEventLoop.java:579)
	at org.apache.ratis.thirdparty.io.netty.channel.nio.NioEventLoop.processSelectedKeys(NioEventLoop.java:496)
	at org.apache.ratis.thirdparty.io.netty.channel.nio.NioEventLoop.run(NioEventLoop.java:458)
	at org.apache.ratis.thirdparty.io.netty.util.concurrent.SingleThreadEventExecutor$5.run(SingleThreadEventExecutor.java:897)
	at org.apache.ratis.thirdparty.io.netty.util.concurrent.FastThreadLocalRunnable.run(FastThreadLocalRunnable.java:30)
	... 1 more
Caused by: java.net.ConnectException: Connection refused
	... 11 more
2019-07-13 07:41:49,776 INFO  impl.LeaderElection (LogUtils.java:infoOrTrace(149)) - 369b40cb-960e-4ee5-8d96-62fde9080aed:group-4D528A8BD796:LeaderElection102 got exception when requesting votes: {}
java.util.concurrent.ExecutionException: org.apache.ratis.thirdparty.io.grpc.StatusRuntimeException: UNAVAILABLE: io exception
	at java.util.concurrent.FutureTask.report(FutureTask.java:122)
	at java.util.concurrent.FutureTask.get(FutureTask.java:192)
	at org.apache.ratis.server.impl.LeaderElection.waitForResults(LeaderElection.java:262)
	at org.apache.ratis.server.impl.LeaderElection.askForVotes(LeaderElection.java:200)
	at org.apache.ratis.server.impl.LeaderElection.run(LeaderElection.java:130)
	at java.lang.Thread.run(Thread.java:748)
Caused by: org.apache.ratis.thirdparty.io.grpc.StatusRuntimeException: UNAVAILABLE: io exception
	at org.apache.ratis.thirdparty.io.grpc.stub.ClientCalls.toStatusRuntimeException(ClientCalls.java:233)
	at org.apache.ratis.thirdparty.io.grpc.stub.ClientCalls.getUnchecked(ClientCalls.java:214)
	at org.apache.ratis.thirdparty.io.grpc.stub.ClientCalls.blockingUnaryCall(ClientCalls.java:139)
	at org.apache.ratis.proto.grpc.RaftServerProtocolServiceGrpc$RaftServerProtocolServiceBlockingStub.requestVote(RaftServerProtocolServiceGrpc.java:265)
	at org.apache.ratis.grpc.server.GrpcServerProtocolClient.requestVote(GrpcServerProtocolClient.java:83)
	at org.apache.ratis.grpc.server.GrpcService.requestVote(GrpcService.java:195)
	at org.apache.ratis.server.impl.LeaderElection.lambda$submitRequests$1(LeaderElection.java:237)
	at java.util.concurrent.FutureTask.run(FutureTask.java:266)
	at java.util.concurrent.Executors$RunnableAdapter.call(Executors.java:511)
	at java.util.concurrent.FutureTask.run(FutureTask.java:266)
	at java.util.concurrent.ThreadPoolExecutor.runWorker(ThreadPoolExecutor.java:1149)
	at java.util.concurrent.ThreadPoolExecutor$Worker.run(ThreadPoolExecutor.java:624)
	... 1 more
Caused by: org.apache.ratis.thirdparty.io.netty.channel.AbstractChannel$AnnotatedConnectException: Connection refused: /192.168.69.84:37783
	at sun.nio.ch.SocketChannelImpl.checkConnect(Native Method)
	at sun.nio.ch.SocketChannelImpl.finishConnect(SocketChannelImpl.java:717)
	at org.apache.ratis.thirdparty.io.netty.channel.socket.nio.NioSocketChannel.doFinishConnect(NioSocketChannel.java:327)
	at org.apache.ratis.thirdparty.io.netty.channel.nio.AbstractNioChannel$AbstractNioUnsafe.finishConnect(AbstractNioChannel.java:340)
	at org.apache.ratis.thirdparty.io.netty.channel.nio.NioEventLoop.processSelectedKey(NioEventLoop.java:632)
	at org.apache.ratis.thirdparty.io.netty.channel.nio.NioEventLoop.processSelectedKeysOptimized(NioEventLoop.java:579)
	at org.apache.ratis.thirdparty.io.netty.channel.nio.NioEventLoop.processSelectedKeys(NioEventLoop.java:496)
	at org.apache.ratis.thirdparty.io.netty.channel.nio.NioEventLoop.run(NioEventLoop.java:458)
	at org.apache.ratis.thirdparty.io.netty.util.concurrent.SingleThreadEventExecutor$5.run(SingleThreadEventExecutor.java:897)
	at org.apache.ratis.thirdparty.io.netty.util.concurrent.FastThreadLocalRunnable.run(FastThreadLocalRunnable.java:30)
	... 1 more
Caused by: java.net.ConnectException: Connection refused
	... 11 more
2019-07-13 07:41:49,778 INFO  impl.LeaderElection (LeaderElection.java:logAndReturn(56)) - 369b40cb-960e-4ee5-8d96-62fde9080aed:group-4D528A8BD796:LeaderElection102: Election REJECTED; received 0 response(s) [] and 2 exception(s); 369b40cb-960e-4ee5-8d96-62fde9080aed:t2, leader=null, voted=369b40cb-960e-4ee5-8d96-62fde9080aed, raftlog=369b40cb-960e-4ee5-8d96-62fde9080aed-SegmentedRaftLog:OPENED:c8,f8,i8, conf=0: [c6eea7df-d0c8-4dda-ad10-f8b930a01305:192.168.69.84:39996, 369b40cb-960e-4ee5-8d96-62fde9080aed:192.168.69.84:32806, 33399b93-c352-4e1c-92d7-4b52ced967ed:192.168.69.84:37783], old=null
2019-07-13 07:41:49,778 INFO  impl.LeaderElection (LogUtils.java:infoOrTrace(149)) -   Exception 0: {}
java.util.concurrent.ExecutionException: org.apache.ratis.thirdparty.io.grpc.StatusRuntimeException: UNAVAILABLE: io exception
	at java.util.concurrent.FutureTask.report(FutureTask.java:122)
	at java.util.concurrent.FutureTask.get(FutureTask.java:192)
	at org.apache.ratis.server.impl.LeaderElection.waitForResults(LeaderElection.java:262)
	at org.apache.ratis.server.impl.LeaderElection.askForVotes(LeaderElection.java:200)
	at org.apache.ratis.server.impl.LeaderElection.run(LeaderElection.java:130)
	at java.lang.Thread.run(Thread.java:748)
Caused by: org.apache.ratis.thirdparty.io.grpc.StatusRuntimeException: UNAVAILABLE: io exception
	at org.apache.ratis.thirdparty.io.grpc.stub.ClientCalls.toStatusRuntimeException(ClientCalls.java:233)
	at org.apache.ratis.thirdparty.io.grpc.stub.ClientCalls.getUnchecked(ClientCalls.java:214)
	at org.apache.ratis.thirdparty.io.grpc.stub.ClientCalls.blockingUnaryCall(ClientCalls.java:139)
	at org.apache.ratis.proto.grpc.RaftServerProtocolServiceGrpc$RaftServerProtocolServiceBlockingStub.requestVote(RaftServerProtocolServiceGrpc.java:265)
	at org.apache.ratis.grpc.server.GrpcServerProtocolClient.requestVote(GrpcServerProtocolClient.java:83)
	at org.apache.ratis.grpc.server.GrpcService.requestVote(GrpcService.java:195)
	at org.apache.ratis.server.impl.LeaderElection.lambda$submitRequests$1(LeaderElection.java:237)
	at java.util.concurrent.FutureTask.run(FutureTask.java:266)
	at java.util.concurrent.Executors$RunnableAdapter.call(Executors.java:511)
	at java.util.concurrent.FutureTask.run(FutureTask.java:266)
	at java.util.concurrent.ThreadPoolExecutor.runWorker(ThreadPoolExecutor.java:1149)
	at java.util.concurrent.ThreadPoolExecutor$Worker.run(ThreadPoolExecutor.java:624)
	... 1 more
Caused by: org.apache.ratis.thirdparty.io.netty.channel.AbstractChannel$AnnotatedConnectException: Connection refused: /192.168.69.84:39996
	at sun.nio.ch.SocketChannelImpl.checkConnect(Native Method)
	at sun.nio.ch.SocketChannelImpl.finishConnect(SocketChannelImpl.java:717)
	at org.apache.ratis.thirdparty.io.netty.channel.socket.nio.NioSocketChannel.doFinishConnect(NioSocketChannel.java:327)
	at org.apache.ratis.thirdparty.io.netty.channel.nio.AbstractNioChannel$AbstractNioUnsafe.finishConnect(AbstractNioChannel.java:340)
	at org.apache.ratis.thirdparty.io.netty.channel.nio.NioEventLoop.processSelectedKey(NioEventLoop.java:632)
	at org.apache.ratis.thirdparty.io.netty.channel.nio.NioEventLoop.processSelectedKeysOptimized(NioEventLoop.java:579)
	at org.apache.ratis.thirdparty.io.netty.channel.nio.NioEventLoop.processSelectedKeys(NioEventLoop.java:496)
	at org.apache.ratis.thirdparty.io.netty.channel.nio.NioEventLoop.run(NioEventLoop.java:458)
	at org.apache.ratis.thirdparty.io.netty.util.concurrent.SingleThreadEventExecutor$5.run(SingleThreadEventExecutor.java:897)
	at org.apache.ratis.thirdparty.io.netty.util.concurrent.FastThreadLocalRunnable.run(FastThreadLocalRunnable.java:30)
	... 1 more
Caused by: java.net.ConnectException: Connection refused
	... 11 more
2019-07-13 07:41:49,779 INFO  impl.LeaderElection (LogUtils.java:infoOrTrace(149)) -   Exception 1: {}
java.util.concurrent.ExecutionException: org.apache.ratis.thirdparty.io.grpc.StatusRuntimeException: UNAVAILABLE: io exception
	at java.util.concurrent.FutureTask.report(FutureTask.java:122)
	at java.util.concurrent.FutureTask.get(FutureTask.java:192)
	at org.apache.ratis.server.impl.LeaderElection.waitForResults(LeaderElection.java:262)
	at org.apache.ratis.server.impl.LeaderElection.askForVotes(LeaderElection.java:200)
	at org.apache.ratis.server.impl.LeaderElection.run(LeaderElection.java:130)
	at java.lang.Thread.run(Thread.java:748)
Caused by: org.apache.ratis.thirdparty.io.grpc.StatusRuntimeException: UNAVAILABLE: io exception
	at org.apache.ratis.thirdparty.io.grpc.stub.ClientCalls.toStatusRuntimeException(ClientCalls.java:233)
	at org.apache.ratis.thirdparty.io.grpc.stub.ClientCalls.getUnchecked(ClientCalls.java:214)
	at org.apache.ratis.thirdparty.io.grpc.stub.ClientCalls.blockingUnaryCall(ClientCalls.java:139)
	at org.apache.ratis.proto.grpc.RaftServerProtocolServiceGrpc$RaftServerProtocolServiceBlockingStub.requestVote(RaftServerProtocolServiceGrpc.java:265)
	at org.apache.ratis.grpc.server.GrpcServerProtocolClient.requestVote(GrpcServerProtocolClient.java:83)
	at org.apache.ratis.grpc.server.GrpcService.requestVote(GrpcService.java:195)
	at org.apache.ratis.server.impl.LeaderElection.lambda$submitRequests$1(LeaderElection.java:237)
	at java.util.concurrent.FutureTask.run(FutureTask.java:266)
	at java.util.concurrent.Executors$RunnableAdapter.call(Executors.java:511)
	at java.util.concurrent.FutureTask.run(FutureTask.java:266)
	at java.util.concurrent.ThreadPoolExecutor.runWorker(ThreadPoolExecutor.java:1149)
	at java.util.concurrent.ThreadPoolExecutor$Worker.run(ThreadPoolExecutor.java:624)
	... 1 more
Caused by: org.apache.ratis.thirdparty.io.netty.channel.AbstractChannel$AnnotatedConnectException: Connection refused: /192.168.69.84:37783
	at sun.nio.ch.SocketChannelImpl.checkConnect(Native Method)
	at sun.nio.ch.SocketChannelImpl.finishConnect(SocketChannelImpl.java:717)
	at org.apache.ratis.thirdparty.io.netty.channel.socket.nio.NioSocketChannel.doFinishConnect(NioSocketChannel.java:327)
	at org.apache.ratis.thirdparty.io.netty.channel.nio.AbstractNioChannel$AbstractNioUnsafe.finishConnect(AbstractNioChannel.java:340)
	at org.apache.ratis.thirdparty.io.netty.channel.nio.NioEventLoop.processSelectedKey(NioEventLoop.java:632)
	at org.apache.ratis.thirdparty.io.netty.channel.nio.NioEventLoop.processSelectedKeysOptimized(NioEventLoop.java:579)
	at org.apache.ratis.thirdparty.io.netty.channel.nio.NioEventLoop.processSelectedKeys(NioEventLoop.java:496)
	at org.apache.ratis.thirdparty.io.netty.channel.nio.NioEventLoop.run(NioEventLoop.java:458)
	at org.apache.ratis.thirdparty.io.netty.util.concurrent.SingleThreadEventExecutor$5.run(SingleThreadEventExecutor.java:897)
	at org.apache.ratis.thirdparty.io.netty.util.concurrent.FastThreadLocalRunnable.run(FastThreadLocalRunnable.java:30)
	... 1 more
Caused by: java.net.ConnectException: Connection refused
	... 11 more
2019-07-13 07:41:49,779 INFO  impl.RaftServerImpl (RaftServerImpl.java:setRole(171)) - 369b40cb-960e-4ee5-8d96-62fde9080aed:group-4D528A8BD796 changes role from CANDIDATE to FOLLOWER at term 2 for DISCOVERED_A_NEW_TERM
2019-07-13 07:41:49,779 INFO  impl.RoleInfo (RoleInfo.java:shutdownLeaderElection(134)) - 369b40cb-960e-4ee5-8d96-62fde9080aed: shutdown LeaderElection
2019-07-13 07:41:49,779 INFO  impl.RoleInfo (RoleInfo.java:updateAndGet(143)) - 369b40cb-960e-4ee5-8d96-62fde9080aed: start FollowerState
2019-07-13 07:41:52,107 INFO  node.StaleNodeHandler (StaleNodeHandler.java:onMessage(58)) - Datanode 06935ff0-233c-4c11-a2d3-dee2386cd0a2{ip: 192.168.69.84, host: trunk-nightly-9lh4p-2362225927, networkLocation: /default-rack, certSerialId: null} moved to stale state. Finalizing its pipelines [PipelineID=cc1d26ee-f0a9-4420-82f1-d651315ebcc8]
2019-07-13 07:41:52,107 INFO  pipeline.SCMPipelineManager (SCMPipelineManager.java:finalizeAndDestroyPipeline(309)) - destroying pipeline:Pipeline[ Id: cc1d26ee-f0a9-4420-82f1-d651315ebcc8, Nodes: 06935ff0-233c-4c11-a2d3-dee2386cd0a2{ip: 192.168.69.84, host: trunk-nightly-9lh4p-2362225927, networkLocation: /default-rack, certSerialId: null}, Type:RATIS, Factor:ONE, State:OPEN]
2019-07-13 07:41:52,108 INFO  pipeline.PipelineStateManager (PipelineStateManager.java:finalizePipeline(123)) - Pipeline Pipeline[ Id: cc1d26ee-f0a9-4420-82f1-d651315ebcc8, Nodes: 06935ff0-233c-4c11-a2d3-dee2386cd0a2{ip: 192.168.69.84, host: trunk-nightly-9lh4p-2362225927, networkLocation: /default-rack, certSerialId: null}, Type:RATIS, Factor:ONE, State:CLOSED] moved to CLOSED state
2019-07-13 07:41:52,508 INFO  node.StaleNodeHandler (StaleNodeHandler.java:onMessage(58)) - Datanode 369b40cb-960e-4ee5-8d96-62fde9080aed{ip: 192.168.69.84, host: trunk-nightly-9lh4p-2362225927, networkLocation: /default-rack, certSerialId: null} moved to stale state. Finalizing its pipelines [PipelineID=98e142f1-b931-44c2-bddc-4d528a8bd796, PipelineID=312807c7-bd8f-469b-a8b4-63cd860f786f]
2019-07-13 07:41:52,508 INFO  pipeline.SCMPipelineManager (SCMPipelineManager.java:finalizeAndDestroyPipeline(309)) - destroying pipeline:Pipeline[ Id: 98e142f1-b931-44c2-bddc-4d528a8bd796, Nodes: 369b40cb-960e-4ee5-8d96-62fde9080aed{ip: 192.168.69.84, host: trunk-nightly-9lh4p-2362225927, networkLocation: /default-rack, certSerialId: null}33399b93-c352-4e1c-92d7-4b52ced967ed{ip: 192.168.69.84, host: trunk-nightly-9lh4p-2362225927, networkLocation: /default-rack, certSerialId: null}c6eea7df-d0c8-4dda-ad10-f8b930a01305{ip: 192.168.69.84, host: trunk-nightly-9lh4p-2362225927, networkLocation: /default-rack, certSerialId: null}, Type:RATIS, Factor:THREE, State:CLOSED]
2019-07-13 07:41:52,508 INFO  pipeline.SCMPipelineManager (SCMPipelineManager.java:finalizeAndDestroyPipeline(309)) - destroying pipeline:Pipeline[ Id: 312807c7-bd8f-469b-a8b4-63cd860f786f, Nodes: 369b40cb-960e-4ee5-8d96-62fde9080aed{ip: 192.168.69.84, host: trunk-nightly-9lh4p-2362225927, networkLocation: /default-rack, certSerialId: null}, Type:RATIS, Factor:ONE, State:OPEN]
2019-07-13 07:41:52,508 INFO  pipeline.PipelineStateManager (PipelineStateManager.java:finalizePipeline(123)) - Pipeline Pipeline[ Id: 312807c7-bd8f-469b-a8b4-63cd860f786f, Nodes: 369b40cb-960e-4ee5-8d96-62fde9080aed{ip: 192.168.69.84, host: trunk-nightly-9lh4p-2362225927, networkLocation: /default-rack, certSerialId: null}, Type:RATIS, Factor:ONE, State:CLOSED] moved to CLOSED state
2019-07-13 07:41:53,006 INFO  ozoneimpl.OzoneContainer (OzoneContainer.java:stop(199)) - Attempting to stop container services.
2019-07-13 07:41:53,007 INFO  impl.RaftServerProxy (RaftServerProxy.java:lambda$close$4(314)) - 06935ff0-233c-4c11-a2d3-dee2386cd0a2: close
2019-07-13 07:41:53,007 INFO  impl.RaftServerImpl (RaftServerImpl.java:lambda$shutdown$3(245)) - 06935ff0-233c-4c11-a2d3-dee2386cd0a2: shutdown group-D651315EBCC8
2019-07-13 07:41:53,008 INFO  util.JmxRegister (JmxRegister.java:unregister(73)) - Successfully un-registered JMX Bean with object name Ratis:service=RaftServer,group=group-D651315EBCC8,id=06935ff0-233c-4c11-a2d3-dee2386cd0a2
2019-07-13 07:41:53,008 INFO  impl.RoleInfo (RoleInfo.java:shutdownLeaderState(104)) - 06935ff0-233c-4c11-a2d3-dee2386cd0a2: shutdown LeaderState
2019-07-13 07:41:53,009 INFO  impl.PendingRequests (PendingRequests.java:sendNotLeaderResponses(202)) - 06935ff0-233c-4c11-a2d3-dee2386cd0a2-PendingRequests: sendNotLeaderResponses
2019-07-13 07:41:53,009 INFO  impl.StateMachineUpdater (StateMachineUpdater.java:stopAndJoin(115)) - StateMachineUpdater:06935ff0-233c-4c11-a2d3-dee2386cd0a2:group-D651315EBCC8: set stopIndex = 0
2019-07-13 07:41:53,009 INFO  ratis.ContainerStateMachine (ContainerStateMachine.java:takeSnapshot(246)) - Taking snapshot at termIndex:(t:0, i:~)
2019-07-13 07:41:53,010 INFO  impl.RaftServerImpl (ServerState.java:close(394)) - 06935ff0-233c-4c11-a2d3-dee2386cd0a2:group-D651315EBCC8 closes. The last applied log index is 0
2019-07-13 07:41:53,010 INFO  ozoneimpl.OzoneContainer (OzoneContainer.java:stop(199)) - Attempting to stop container services.
2019-07-13 07:41:53,011 INFO  segmented.SegmentedRaftLogWorker (SegmentedRaftLogWorker.java:run(313)) - 06935ff0-233c-4c11-a2d3-dee2386cd0a2-SegmentedRaftLogWorker:Storage Directory /tmp/workdir/hadoop-ozone/integration-test/target/test-dir/MiniOzoneClusterImpl-4cc15ec6-cc18-4484-86b8-0206962934ea/datanode-6/data/ratis/cc1d26ee-f0a9-4420-82f1-d651315ebcc8 was interrupted, exiting. There are 0 tasks remaining in the queue.
2019-07-13 07:41:53,011 INFO  impl.RaftServerProxy (RaftServerProxy.java:lambda$close$4(314)) - 369b40cb-960e-4ee5-8d96-62fde9080aed: close
2019-07-13 07:41:53,013 INFO  segmented.SegmentedRaftLogWorker (SegmentedRaftLogWorker.java:close(228)) - 06935ff0-233c-4c11-a2d3-dee2386cd0a2-SegmentedRaftLogWorker:Storage Directory /tmp/workdir/hadoop-ozone/integration-test/target/test-dir/MiniOzoneClusterImpl-4cc15ec6-cc18-4484-86b8-0206962934ea/datanode-6/data/ratis/cc1d26ee-f0a9-4420-82f1-d651315ebcc8 close()
2019-07-13 07:41:53,013 INFO  impl.RaftServerImpl (RaftServerImpl.java:lambda$shutdown$3(245)) - 369b40cb-960e-4ee5-8d96-62fde9080aed: shutdown group-4D528A8BD796
2019-07-13 07:41:53,016 INFO  server.GrpcService (GrpcService.java:closeImpl(155)) - 06935ff0-233c-4c11-a2d3-dee2386cd0a2: shutdown server with port 36900 now
2019-07-13 07:41:53,016 INFO  util.JmxRegister (JmxRegister.java:unregister(73)) - Successfully un-registered JMX Bean with object name Ratis:service=RaftServer,group=group-4D528A8BD796,id=369b40cb-960e-4ee5-8d96-62fde9080aed
2019-07-13 07:41:53,018 INFO  impl.RoleInfo (RoleInfo.java:shutdownFollowerState(121)) - 369b40cb-960e-4ee5-8d96-62fde9080aed: shutdown FollowerState
2019-07-13 07:41:53,018 INFO  impl.StateMachineUpdater (StateMachineUpdater.java:stopAndJoin(115)) - StateMachineUpdater:369b40cb-960e-4ee5-8d96-62fde9080aed:group-4D528A8BD796: set stopIndex = 8
2019-07-13 07:41:53,018 INFO  server.GrpcService (GrpcService.java:closeImpl(163)) - 06935ff0-233c-4c11-a2d3-dee2386cd0a2: shutdown server with port 36900 successfully
2019-07-13 07:41:53,019 INFO  impl.FollowerState (FollowerState.java:run(114)) - 369b40cb-960e-4ee5-8d96-62fde9080aed: FollowerState was interrupted: java.lang.InterruptedException: sleep interrupted
2019-07-13 07:41:53,018 INFO  ratis.ContainerStateMachine (ContainerStateMachine.java:takeSnapshot(246)) - Taking snapshot at termIndex:(t:1, i:7)
2019-07-13 07:41:53,021 INFO  ratis.ContainerStateMachine (ContainerStateMachine.java:takeSnapshot(250)) - Taking a snapshot to file /tmp/workdir/hadoop-ozone/integration-test/target/test-dir/MiniOzoneClusterImpl-4cc15ec6-cc18-4484-86b8-0206962934ea/datanode-0/data/ratis/98e142f1-b931-44c2-bddc-4d528a8bd796/sm/snapshot.1_7
2019-07-13 07:41:53,022 INFO  impl.StateMachineUpdater (StateMachineUpdater.java:takeSnapshot(242)) - StateMachineUpdater:369b40cb-960e-4ee5-8d96-62fde9080aed:group-4D528A8BD796: Took a snapshot at index 7
2019-07-13 07:41:53,022 INFO  impl.StateMachineUpdater (StateMachineUpdater.java:lambda$new$0(80)) - StateMachineUpdater:369b40cb-960e-4ee5-8d96-62fde9080aed:group-4D528A8BD796: snapshotIndex: updateIncreasingly -1 -> 7
2019-07-13 07:41:53,022 INFO  utils.BackgroundService (BackgroundService.java:shutdown(148)) - Shutting down service BlockDeletingService
2019-07-13 07:41:53,022 INFO  impl.RaftServerImpl (ServerState.java:close(394)) - 369b40cb-960e-4ee5-8d96-62fde9080aed:group-4D528A8BD796 closes. The last applied log index is 8
2019-07-13 07:41:53,023 INFO  segmented.SegmentedRaftLogWorker (SegmentedRaftLogWorker.java:run(313)) - 369b40cb-960e-4ee5-8d96-62fde9080aed-SegmentedRaftLogWorker:Storage Directory /tmp/workdir/hadoop-ozone/integration-test/target/test-dir/MiniOzoneClusterImpl-4cc15ec6-cc18-4484-86b8-0206962934ea/datanode-0/data/ratis/98e142f1-b931-44c2-bddc-4d528a8bd796 was interrupted, exiting. There are 0 tasks remaining in the queue.
2019-07-13 07:41:53,025 INFO  segmented.SegmentedRaftLogWorker (SegmentedRaftLogWorker.java:close(228)) - 369b40cb-960e-4ee5-8d96-62fde9080aed-SegmentedRaftLogWorker:Storage Directory /tmp/workdir/hadoop-ozone/integration-test/target/test-dir/MiniOzoneClusterImpl-4cc15ec6-cc18-4484-86b8-0206962934ea/datanode-0/data/ratis/98e142f1-b931-44c2-bddc-4d528a8bd796 close()
2019-07-13 07:41:53,032 WARN  fs.CachingGetSpaceUsed (CachingGetSpaceUsed.java:run(183)) - Thread Interrupted waiting to refresh disk information: sleep interrupted
2019-07-13 07:41:53,032 INFO  impl.RaftServerImpl (RaftServerImpl.java:lambda$shutdown$3(245)) - 369b40cb-960e-4ee5-8d96-62fde9080aed: shutdown group-63CD860F786F
2019-07-13 07:41:53,032 INFO  util.JmxRegister (JmxRegister.java:unregister(73)) - Successfully un-registered JMX Bean with object name Ratis:service=RaftServer,group=group-63CD860F786F,id=369b40cb-960e-4ee5-8d96-62fde9080aed
2019-07-13 07:41:53,032 INFO  impl.RoleInfo (RoleInfo.java:shutdownLeaderState(104)) - 369b40cb-960e-4ee5-8d96-62fde9080aed: shutdown LeaderState
2019-07-13 07:41:53,033 INFO  impl.PendingRequests (PendingRequests.java:sendNotLeaderResponses(202)) - 369b40cb-960e-4ee5-8d96-62fde9080aed-PendingRequests: sendNotLeaderResponses
2019-07-13 07:41:53,033 INFO  impl.StateMachineUpdater (StateMachineUpdater.java:stopAndJoin(115)) - StateMachineUpdater:369b40cb-960e-4ee5-8d96-62fde9080aed:group-63CD860F786F: set stopIndex = 0
2019-07-13 07:41:53,034 INFO  ratis.ContainerStateMachine (ContainerStateMachine.java:takeSnapshot(246)) - Taking snapshot at termIndex:(t:0, i:~)
2019-07-13 07:41:53,034 INFO  impl.RaftServerImpl (ServerState.java:close(394)) - 369b40cb-960e-4ee5-8d96-62fde9080aed:group-63CD860F786F closes. The last applied log index is 0
2019-07-13 07:41:53,034 INFO  segmented.SegmentedRaftLogWorker (SegmentedRaftLogWorker.java:run(313)) - 369b40cb-960e-4ee5-8d96-62fde9080aed-SegmentedRaftLogWorker:Storage Directory /tmp/workdir/hadoop-ozone/integration-test/target/test-dir/MiniOzoneClusterImpl-4cc15ec6-cc18-4484-86b8-0206962934ea/datanode-0/data/ratis/312807c7-bd8f-469b-a8b4-63cd860f786f was interrupted, exiting. There are 0 tasks remaining in the queue.
2019-07-13 07:41:53,035 INFO  segmented.SegmentedRaftLogWorker (SegmentedRaftLogWorker.java:close(228)) - 369b40cb-960e-4ee5-8d96-62fde9080aed-SegmentedRaftLogWorker:Storage Directory /tmp/workdir/hadoop-ozone/integration-test/target/test-dir/MiniOzoneClusterImpl-4cc15ec6-cc18-4484-86b8-0206962934ea/datanode-0/data/ratis/312807c7-bd8f-469b-a8b4-63cd860f786f close()
2019-07-13 07:41:53,035 INFO  server.GrpcService (GrpcService.java:closeImpl(155)) - 369b40cb-960e-4ee5-8d96-62fde9080aed: shutdown server with port 32806 now
2019-07-13 07:41:53,035 INFO  server.GrpcService (GrpcService.java:closeImpl(163)) - 369b40cb-960e-4ee5-8d96-62fde9080aed: shutdown server with port 32806 successfully
2019-07-13 07:41:53,038 INFO  utils.BackgroundService (BackgroundService.java:shutdown(148)) - Shutting down service BlockDeletingService
2019-07-13 07:41:53,040 WARN  fs.CachingGetSpaceUsed (CachingGetSpaceUsed.java:run(183)) - Thread Interrupted waiting to refresh disk information: sleep interrupted
2019-07-13 07:41:53,051 INFO  statemachine.DatanodeStateMachine (DatanodeStateMachine.java:stopDaemon(395)) - Ozone container server stopped.
2019-07-13 07:41:53,060 INFO  statemachine.DatanodeStateMachine (DatanodeStateMachine.java:stopDaemon(395)) - Ozone container server stopped.
2019-07-13 07:41:53,063 INFO  handler.ContextHandler (ContextHandler.java:doStop(910)) - Stopped o.e.j.w.WebAppContext@18ea91d7{/,null,UNAVAILABLE}{/hddsDatanode}
2019-07-13 07:41:53,064 INFO  handler.ContextHandler (ContextHandler.java:doStop(910)) - Stopped o.e.j.w.WebAppContext@64176780{/,null,UNAVAILABLE}{/hddsDatanode}
2019-07-13 07:41:53,065 INFO  server.AbstractConnector (AbstractConnector.java:doStop(318)) - Stopped ServerConnector@33cbd883{HTTP/1.1,[http/1.1]}{0.0.0.0:0}
2019-07-13 07:41:53,065 INFO  server.AbstractConnector (AbstractConnector.java:doStop(318)) - Stopped ServerConnector@61668c05{HTTP/1.1,[http/1.1]}{0.0.0.0:0}
2019-07-13 07:41:53,065 INFO  handler.ContextHandler (ContextHandler.java:doStop(910)) - Stopped o.e.j.s.ServletContextHandler@734df10b{/static,jar:file:/home/user/.m2/repository/org/apache/hadoop/hadoop-hdds-container-service/0.5.0-SNAPSHOT/hadoop-hdds-container-service-0.5.0-SNAPSHOT.jar!/webapps/static,UNAVAILABLE}
2019-07-13 07:41:53,070 INFO  handler.ContextHandler (ContextHandler.java:doStop(910)) - Stopped o.e.j.s.ServletContextHandler@4b98900b{/static,jar:file:/home/user/.m2/repository/org/apache/hadoop/hadoop-hdds-container-service/0.5.0-SNAPSHOT/hadoop-hdds-container-service-0.5.0-SNAPSHOT.jar!/webapps/static,UNAVAILABLE}
2019-07-13 07:41:53,070 INFO  handler.ContextHandler (ContextHandler.java:doStop(910)) - Stopped o.e.j.s.ServletContextHandler@5e6dcfa{/logs,file:///tmp/workdir/hadoop-ozone/integration-test/target/log,UNAVAILABLE}
2019-07-13 07:41:53,070 INFO  handler.ContextHandler (ContextHandler.java:doStop(910)) - Stopped o.e.j.s.ServletContextHandler@7265db9d{/logs,file:///tmp/workdir/hadoop-ozone/integration-test/target/log,UNAVAILABLE}
2019-07-13 07:41:53,071 INFO  datanode.ObjectStoreHandler (ObjectStoreHandler.java:close(155)) - Closing ObjectStoreHandler.
2019-07-13 07:41:53,072 INFO  ozone.HddsDatanodeService (HddsDatanodeService.java:stop(452)) - Stopped plug-in org.apache.hadoop.ozone.web.OzoneHddsDatanodeService@18505320
2019-07-13 07:41:53,646 INFO  statemachine.DatanodeStateMachine (DatanodeStateMachine.java:lambda$startDaemon$0(350)) - Ozone container server started.
2019-07-13 07:41:55,696 INFO  impl.FollowerState (FollowerState.java:run(106)) - 8bf5bc8b-bcdd-4299-8058-a0833f294212:group-0DD37C3FDB77 changes to CANDIDATE, lastRpcTime:7949, electionTimeout:5148ms
2019-07-13 07:41:55,697 INFO  impl.RoleInfo (RoleInfo.java:shutdownFollowerState(121)) - 8bf5bc8b-bcdd-4299-8058-a0833f294212: shutdown FollowerState
2019-07-13 07:41:55,697 INFO  impl.RaftServerImpl (RaftServerImpl.java:setRole(171)) - 8bf5bc8b-bcdd-4299-8058-a0833f294212:group-0DD37C3FDB77 changes role from FOLLOWER to CANDIDATE at term 1 for changeToCandidate
2019-07-13 07:41:55,697 INFO  impl.RoleInfo (RoleInfo.java:updateAndGet(143)) - 8bf5bc8b-bcdd-4299-8058-a0833f294212: start LeaderElection
2019-07-13 07:41:55,699 INFO  impl.RaftServerImpl (ServerState.java:setLeader(263)) - 8bf5bc8b-bcdd-4299-8058-a0833f294212:group-0DD37C3FDB77 change Leader from 908d6ca4-f81f-4ee2-b817-a1b7e429e68d to null at term 1 for initElection
2019-07-13 07:41:55,713 INFO  impl.LeaderElection (LeaderElection.java:askForVotes(181)) - 8bf5bc8b-bcdd-4299-8058-a0833f294212:group-0DD37C3FDB77:LeaderElection103: begin an election at term 2 for 0: [8bf5bc8b-bcdd-4299-8058-a0833f294212:192.168.69.84:36965, 908d6ca4-f81f-4ee2-b817-a1b7e429e68d:192.168.69.84:43435, c24005f3-f064-468d-9d57-cc18c4734a6b:192.168.69.84:37533], old=null
2019-07-13 07:41:55,716 INFO  impl.LeaderElection (LogUtils.java:infoOrTrace(149)) - 8bf5bc8b-bcdd-4299-8058-a0833f294212:group-0DD37C3FDB77:LeaderElection103 got exception when requesting votes: {}
java.util.concurrent.ExecutionException: org.apache.ratis.thirdparty.io.grpc.StatusRuntimeException: UNAVAILABLE: io exception
	at java.util.concurrent.FutureTask.report(FutureTask.java:122)
	at java.util.concurrent.FutureTask.get(FutureTask.java:192)
	at org.apache.ratis.server.impl.LeaderElection.waitForResults(LeaderElection.java:262)
	at org.apache.ratis.server.impl.LeaderElection.askForVotes(LeaderElection.java:200)
	at org.apache.ratis.server.impl.LeaderElection.run(LeaderElection.java:130)
	at java.lang.Thread.run(Thread.java:748)
Caused by: org.apache.ratis.thirdparty.io.grpc.StatusRuntimeException: UNAVAILABLE: io exception
	at org.apache.ratis.thirdparty.io.grpc.stub.ClientCalls.toStatusRuntimeException(ClientCalls.java:233)
	at org.apache.ratis.thirdparty.io.grpc.stub.ClientCalls.getUnchecked(ClientCalls.java:214)
	at org.apache.ratis.thirdparty.io.grpc.stub.ClientCalls.blockingUnaryCall(ClientCalls.java:139)
	at org.apache.ratis.proto.grpc.RaftServerProtocolServiceGrpc$RaftServerProtocolServiceBlockingStub.requestVote(RaftServerProtocolServiceGrpc.java:265)
	at org.apache.ratis.grpc.server.GrpcServerProtocolClient.requestVote(GrpcServerProtocolClient.java:83)
	at org.apache.ratis.grpc.server.GrpcService.requestVote(GrpcService.java:195)
	at org.apache.ratis.server.impl.LeaderElection.lambda$submitRequests$1(LeaderElection.java:237)
	at java.util.concurrent.FutureTask.run(FutureTask.java:266)
	at java.util.concurrent.Executors$RunnableAdapter.call(Executors.java:511)
	at java.util.concurrent.FutureTask.run(FutureTask.java:266)
	at java.util.concurrent.ThreadPoolExecutor.runWorker(ThreadPoolExecutor.java:1149)
	at java.util.concurrent.ThreadPoolExecutor$Worker.run(ThreadPoolExecutor.java:624)
	... 1 more
Caused by: org.apache.ratis.thirdparty.io.netty.channel.AbstractChannel$AnnotatedConnectException: Connection refused: /192.168.69.84:43435
	at sun.nio.ch.SocketChannelImpl.checkConnect(Native Method)
	at sun.nio.ch.SocketChannelImpl.finishConnect(SocketChannelImpl.java:717)
	at org.apache.ratis.thirdparty.io.netty.channel.socket.nio.NioSocketChannel.doFinishConnect(NioSocketChannel.java:327)
	at org.apache.ratis.thirdparty.io.netty.channel.nio.AbstractNioChannel$AbstractNioUnsafe.finishConnect(AbstractNioChannel.java:340)
	at org.apache.ratis.thirdparty.io.netty.channel.nio.NioEventLoop.processSelectedKey(NioEventLoop.java:632)
	at org.apache.ratis.thirdparty.io.netty.channel.nio.NioEventLoop.processSelectedKeysOptimized(NioEventLoop.java:579)
	at org.apache.ratis.thirdparty.io.netty.channel.nio.NioEventLoop.processSelectedKeys(NioEventLoop.java:496)
	at org.apache.ratis.thirdparty.io.netty.channel.nio.NioEventLoop.run(NioEventLoop.java:458)
	at org.apache.ratis.thirdparty.io.netty.util.concurrent.SingleThreadEventExecutor$5.run(SingleThreadEventExecutor.java:897)
	at org.apache.ratis.thirdparty.io.netty.util.concurrent.FastThreadLocalRunnable.run(FastThreadLocalRunnable.java:30)
	... 1 more
Caused by: java.net.ConnectException: Connection refused
	... 11 more
2019-07-13 07:41:55,717 INFO  impl.LeaderElection (LogUtils.java:infoOrTrace(149)) - 8bf5bc8b-bcdd-4299-8058-a0833f294212:group-0DD37C3FDB77:LeaderElection103 got exception when requesting votes: {}
java.util.concurrent.ExecutionException: org.apache.ratis.thirdparty.io.grpc.StatusRuntimeException: UNAVAILABLE: io exception
	at java.util.concurrent.FutureTask.report(FutureTask.java:122)
	at java.util.concurrent.FutureTask.get(FutureTask.java:192)
	at org.apache.ratis.server.impl.LeaderElection.waitForResults(LeaderElection.java:262)
	at org.apache.ratis.server.impl.LeaderElection.askForVotes(LeaderElection.java:200)
	at org.apache.ratis.server.impl.LeaderElection.run(LeaderElection.java:130)
	at java.lang.Thread.run(Thread.java:748)
Caused by: org.apache.ratis.thirdparty.io.grpc.StatusRuntimeException: UNAVAILABLE: io exception
	at org.apache.ratis.thirdparty.io.grpc.stub.ClientCalls.toStatusRuntimeException(ClientCalls.java:233)
	at org.apache.ratis.thirdparty.io.grpc.stub.ClientCalls.getUnchecked(ClientCalls.java:214)
	at org.apache.ratis.thirdparty.io.grpc.stub.ClientCalls.blockingUnaryCall(ClientCalls.java:139)
	at org.apache.ratis.proto.grpc.RaftServerProtocolServiceGrpc$RaftServerProtocolServiceBlockingStub.requestVote(RaftServerProtocolServiceGrpc.java:265)
	at org.apache.ratis.grpc.server.GrpcServerProtocolClient.requestVote(GrpcServerProtocolClient.java:83)
	at org.apache.ratis.grpc.server.GrpcService.requestVote(GrpcService.java:195)
	at org.apache.ratis.server.impl.LeaderElection.lambda$submitRequests$1(LeaderElection.java:237)
	at java.util.concurrent.FutureTask.run(FutureTask.java:266)
	at java.util.concurrent.Executors$RunnableAdapter.call(Executors.java:511)
	at java.util.concurrent.FutureTask.run(FutureTask.java:266)
	at java.util.concurrent.ThreadPoolExecutor.runWorker(ThreadPoolExecutor.java:1149)
	at java.util.concurrent.ThreadPoolExecutor$Worker.run(ThreadPoolExecutor.java:624)
	... 1 more
Caused by: org.apache.ratis.thirdparty.io.netty.channel.AbstractChannel$AnnotatedConnectException: Connection refused: /192.168.69.84:37533
	at sun.nio.ch.SocketChannelImpl.checkConnect(Native Method)
	at sun.nio.ch.SocketChannelImpl.finishConnect(SocketChannelImpl.java:717)
	at org.apache.ratis.thirdparty.io.netty.channel.socket.nio.NioSocketChannel.doFinishConnect(NioSocketChannel.java:327)
	at org.apache.ratis.thirdparty.io.netty.channel.nio.AbstractNioChannel$AbstractNioUnsafe.finishConnect(AbstractNioChannel.java:340)
	at org.apache.ratis.thirdparty.io.netty.channel.nio.NioEventLoop.processSelectedKey(NioEventLoop.java:632)
	at org.apache.ratis.thirdparty.io.netty.channel.nio.NioEventLoop.processSelectedKeysOptimized(NioEventLoop.java:579)
	at org.apache.ratis.thirdparty.io.netty.channel.nio.NioEventLoop.processSelectedKeys(NioEventLoop.java:496)
	at org.apache.ratis.thirdparty.io.netty.channel.nio.NioEventLoop.run(NioEventLoop.java:458)
	at org.apache.ratis.thirdparty.io.netty.util.concurrent.SingleThreadEventExecutor$5.run(SingleThreadEventExecutor.java:897)
	at org.apache.ratis.thirdparty.io.netty.util.concurrent.FastThreadLocalRunnable.run(FastThreadLocalRunnable.java:30)
	... 1 more
Caused by: java.net.ConnectException: Connection refused
	... 11 more
2019-07-13 07:41:55,719 INFO  impl.LeaderElection (LeaderElection.java:logAndReturn(56)) - 8bf5bc8b-bcdd-4299-8058-a0833f294212:group-0DD37C3FDB77:LeaderElection103: Election REJECTED; received 0 response(s) [] and 2 exception(s); 8bf5bc8b-bcdd-4299-8058-a0833f294212:t2, leader=null, voted=8bf5bc8b-bcdd-4299-8058-a0833f294212, raftlog=8bf5bc8b-bcdd-4299-8058-a0833f294212-SegmentedRaftLog:OPENED:c6,f6,i6, conf=0: [8bf5bc8b-bcdd-4299-8058-a0833f294212:192.168.69.84:36965, 908d6ca4-f81f-4ee2-b817-a1b7e429e68d:192.168.69.84:43435, c24005f3-f064-468d-9d57-cc18c4734a6b:192.168.69.84:37533], old=null
2019-07-13 07:41:55,719 INFO  impl.LeaderElection (LogUtils.java:infoOrTrace(149)) -   Exception 0: {}
java.util.concurrent.ExecutionException: org.apache.ratis.thirdparty.io.grpc.StatusRuntimeException: UNAVAILABLE: io exception
	at java.util.concurrent.FutureTask.report(FutureTask.java:122)
	at java.util.concurrent.FutureTask.get(FutureTask.java:192)
	at org.apache.ratis.server.impl.LeaderElection.waitForResults(LeaderElection.java:262)
	at org.apache.ratis.server.impl.LeaderElection.askForVotes(LeaderElection.java:200)
	at org.apache.ratis.server.impl.LeaderElection.run(LeaderElection.java:130)
	at java.lang.Thread.run(Thread.java:748)
Caused by: org.apache.ratis.thirdparty.io.grpc.StatusRuntimeException: UNAVAILABLE: io exception
	at org.apache.ratis.thirdparty.io.grpc.stub.ClientCalls.toStatusRuntimeException(ClientCalls.java:233)
	at org.apache.ratis.thirdparty.io.grpc.stub.ClientCalls.getUnchecked(ClientCalls.java:214)
	at org.apache.ratis.thirdparty.io.grpc.stub.ClientCalls.blockingUnaryCall(ClientCalls.java:139)
	at org.apache.ratis.proto.grpc.RaftServerProtocolServiceGrpc$RaftServerProtocolServiceBlockingStub.requestVote(RaftServerProtocolServiceGrpc.java:265)
	at org.apache.ratis.grpc.server.GrpcServerProtocolClient.requestVote(GrpcServerProtocolClient.java:83)
	at org.apache.ratis.grpc.server.GrpcService.requestVote(GrpcService.java:195)
	at org.apache.ratis.server.impl.LeaderElection.lambda$submitRequests$1(LeaderElection.java:237)
	at java.util.concurrent.FutureTask.run(FutureTask.java:266)
	at java.util.concurrent.Executors$RunnableAdapter.call(Executors.java:511)
	at java.util.concurrent.FutureTask.run(FutureTask.java:266)
	at java.util.concurrent.ThreadPoolExecutor.runWorker(ThreadPoolExecutor.java:1149)
	at java.util.concurrent.ThreadPoolExecutor$Worker.run(ThreadPoolExecutor.java:624)
	... 1 more
Caused by: org.apache.ratis.thirdparty.io.netty.channel.AbstractChannel$AnnotatedConnectException: Connection refused: /192.168.69.84:43435
	at sun.nio.ch.SocketChannelImpl.checkConnect(Native Method)
	at sun.nio.ch.SocketChannelImpl.finishConnect(SocketChannelImpl.java:717)
	at org.apache.ratis.thirdparty.io.netty.channel.socket.nio.NioSocketChannel.doFinishConnect(NioSocketChannel.java:327)
	at org.apache.ratis.thirdparty.io.netty.channel.nio.AbstractNioChannel$AbstractNioUnsafe.finishConnect(AbstractNioChannel.java:340)
	at org.apache.ratis.thirdparty.io.netty.channel.nio.NioEventLoop.processSelectedKey(NioEventLoop.java:632)
	at org.apache.ratis.thirdparty.io.netty.channel.nio.NioEventLoop.processSelectedKeysOptimized(NioEventLoop.java:579)
	at org.apache.ratis.thirdparty.io.netty.channel.nio.NioEventLoop.processSelectedKeys(NioEventLoop.java:496)
	at org.apache.ratis.thirdparty.io.netty.channel.nio.NioEventLoop.run(NioEventLoop.java:458)
	at org.apache.ratis.thirdparty.io.netty.util.concurrent.SingleThreadEventExecutor$5.run(SingleThreadEventExecutor.java:897)
	at org.apache.ratis.thirdparty.io.netty.util.concurrent.FastThreadLocalRunnable.run(FastThreadLocalRunnable.java:30)
	... 1 more
Caused by: java.net.ConnectException: Connection refused
	... 11 more
2019-07-13 07:41:55,720 INFO  impl.LeaderElection (LogUtils.java:infoOrTrace(149)) -   Exception 1: {}
java.util.concurrent.ExecutionException: org.apache.ratis.thirdparty.io.grpc.StatusRuntimeException: UNAVAILABLE: io exception
	at java.util.concurrent.FutureTask.report(FutureTask.java:122)
	at java.util.concurrent.FutureTask.get(FutureTask.java:192)
	at org.apache.ratis.server.impl.LeaderElection.waitForResults(LeaderElection.java:262)
	at org.apache.ratis.server.impl.LeaderElection.askForVotes(LeaderElection.java:200)
	at org.apache.ratis.server.impl.LeaderElection.run(LeaderElection.java:130)
	at java.lang.Thread.run(Thread.java:748)
Caused by: org.apache.ratis.thirdparty.io.grpc.StatusRuntimeException: UNAVAILABLE: io exception
	at org.apache.ratis.thirdparty.io.grpc.stub.ClientCalls.toStatusRuntimeException(ClientCalls.java:233)
	at org.apache.ratis.thirdparty.io.grpc.stub.ClientCalls.getUnchecked(ClientCalls.java:214)
	at org.apache.ratis.thirdparty.io.grpc.stub.ClientCalls.blockingUnaryCall(ClientCalls.java:139)
	at org.apache.ratis.proto.grpc.RaftServerProtocolServiceGrpc$RaftServerProtocolServiceBlockingStub.requestVote(RaftServerProtocolServiceGrpc.java:265)
	at org.apache.ratis.grpc.server.GrpcServerProtocolClient.requestVote(GrpcServerProtocolClient.java:83)
	at org.apache.ratis.grpc.server.GrpcService.requestVote(GrpcService.java:195)
	at org.apache.ratis.server.impl.LeaderElection.lambda$submitRequests$1(LeaderElection.java:237)
	at java.util.concurrent.FutureTask.run(FutureTask.java:266)
	at java.util.concurrent.Executors$RunnableAdapter.call(Executors.java:511)
	at java.util.concurrent.FutureTask.run(FutureTask.java:266)
	at java.util.concurrent.ThreadPoolExecutor.runWorker(ThreadPoolExecutor.java:1149)
	at java.util.concurrent.ThreadPoolExecutor$Worker.run(ThreadPoolExecutor.java:624)
	... 1 more
Caused by: org.apache.ratis.thirdparty.io.netty.channel.AbstractChannel$AnnotatedConnectException: Connection refused: /192.168.69.84:37533
	at sun.nio.ch.SocketChannelImpl.checkConnect(Native Method)
	at sun.nio.ch.SocketChannelImpl.finishConnect(SocketChannelImpl.java:717)
	at org.apache.ratis.thirdparty.io.netty.channel.socket.nio.NioSocketChannel.doFinishConnect(NioSocketChannel.java:327)
	at org.apache.ratis.thirdparty.io.netty.channel.nio.AbstractNioChannel$AbstractNioUnsafe.finishConnect(AbstractNioChannel.java:340)
	at org.apache.ratis.thirdparty.io.netty.channel.nio.NioEventLoop.processSelectedKey(NioEventLoop.java:632)
	at org.apache.ratis.thirdparty.io.netty.channel.nio.NioEventLoop.processSelectedKeysOptimized(NioEventLoop.java:579)
	at org.apache.ratis.thirdparty.io.netty.channel.nio.NioEventLoop.processSelectedKeys(NioEventLoop.java:496)
	at org.apache.ratis.thirdparty.io.netty.channel.nio.NioEventLoop.run(NioEventLoop.java:458)
	at org.apache.ratis.thirdparty.io.netty.util.concurrent.SingleThreadEventExecutor$5.run(SingleThreadEventExecutor.java:897)
	at org.apache.ratis.thirdparty.io.netty.util.concurrent.FastThreadLocalRunnable.run(FastThreadLocalRunnable.java:30)
	... 1 more
Caused by: java.net.ConnectException: Connection refused
	... 11 more
2019-07-13 07:41:55,720 INFO  impl.RaftServerImpl (RaftServerImpl.java:setRole(171)) - 8bf5bc8b-bcdd-4299-8058-a0833f294212:group-0DD37C3FDB77 changes role from CANDIDATE to FOLLOWER at term 2 for DISCOVERED_A_NEW_TERM
2019-07-13 07:41:55,720 INFO  impl.RoleInfo (RoleInfo.java:shutdownLeaderElection(134)) - 8bf5bc8b-bcdd-4299-8058-a0833f294212: shutdown LeaderElection
2019-07-13 07:41:55,720 INFO  impl.RoleInfo (RoleInfo.java:updateAndGet(143)) - 8bf5bc8b-bcdd-4299-8058-a0833f294212: start FollowerState
2019-07-13 07:41:57,715 INFO  node.StaleNodeHandler (StaleNodeHandler.java:onMessage(58)) - Datanode 8bf5bc8b-bcdd-4299-8058-a0833f294212{ip: 192.168.69.84, host: trunk-nightly-9lh4p-2362225927, networkLocation: /default-rack, certSerialId: null} moved to stale state. Finalizing its pipelines [PipelineID=ef956f33-ee24-4aba-bda5-499eed67768d, PipelineID=ff8360a4-df02-47dd-869f-0dd37c3fdb77]
2019-07-13 07:41:57,715 INFO  pipeline.SCMPipelineManager (SCMPipelineManager.java:finalizeAndDestroyPipeline(309)) - destroying pipeline:Pipeline[ Id: ef956f33-ee24-4aba-bda5-499eed67768d, Nodes: 8bf5bc8b-bcdd-4299-8058-a0833f294212{ip: 192.168.69.84, host: trunk-nightly-9lh4p-2362225927, networkLocation: /default-rack, certSerialId: null}, Type:RATIS, Factor:ONE, State:OPEN]
2019-07-13 07:41:57,715 INFO  pipeline.PipelineStateManager (PipelineStateManager.java:finalizePipeline(123)) - Pipeline Pipeline[ Id: ef956f33-ee24-4aba-bda5-499eed67768d, Nodes: 8bf5bc8b-bcdd-4299-8058-a0833f294212{ip: 192.168.69.84, host: trunk-nightly-9lh4p-2362225927, networkLocation: /default-rack, certSerialId: null}, Type:RATIS, Factor:ONE, State:CLOSED] moved to CLOSED state
2019-07-13 07:41:57,716 INFO  pipeline.SCMPipelineManager (SCMPipelineManager.java:finalizeAndDestroyPipeline(309)) - destroying pipeline:Pipeline[ Id: ff8360a4-df02-47dd-869f-0dd37c3fdb77, Nodes: 908d6ca4-f81f-4ee2-b817-a1b7e429e68d{ip: 192.168.69.84, host: trunk-nightly-9lh4p-2362225927, networkLocation: /default-rack, certSerialId: null}8bf5bc8b-bcdd-4299-8058-a0833f294212{ip: 192.168.69.84, host: trunk-nightly-9lh4p-2362225927, networkLocation: /default-rack, certSerialId: null}c24005f3-f064-468d-9d57-cc18c4734a6b{ip: 192.168.69.84, host: trunk-nightly-9lh4p-2362225927, networkLocation: /default-rack, certSerialId: null}, Type:RATIS, Factor:THREE, State:CLOSED]
2019-07-13 07:41:58,073 INFO  ozoneimpl.OzoneContainer (OzoneContainer.java:stop(199)) - Attempting to stop container services.
2019-07-13 07:41:58,073 INFO  impl.RaftServerProxy (RaftServerProxy.java:lambda$close$4(314)) - 8bf5bc8b-bcdd-4299-8058-a0833f294212: close
2019-07-13 07:41:58,074 INFO  impl.RaftServerImpl (RaftServerImpl.java:lambda$shutdown$3(245)) - 8bf5bc8b-bcdd-4299-8058-a0833f294212: shutdown group-499EED67768D
2019-07-13 07:41:58,074 INFO  util.JmxRegister (JmxRegister.java:unregister(73)) - Successfully un-registered JMX Bean with object name Ratis:service=RaftServer,group=group-499EED67768D,id=8bf5bc8b-bcdd-4299-8058-a0833f294212
2019-07-13 07:41:58,074 INFO  impl.RoleInfo (RoleInfo.java:shutdownLeaderState(104)) - 8bf5bc8b-bcdd-4299-8058-a0833f294212: shutdown LeaderState
2019-07-13 07:41:58,074 INFO  impl.PendingRequests (PendingRequests.java:sendNotLeaderResponses(202)) - 8bf5bc8b-bcdd-4299-8058-a0833f294212-PendingRequests: sendNotLeaderResponses
2019-07-13 07:41:58,075 INFO  impl.StateMachineUpdater (StateMachineUpdater.java:stopAndJoin(115)) - StateMachineUpdater:8bf5bc8b-bcdd-4299-8058-a0833f294212:group-499EED67768D: set stopIndex = 0
2019-07-13 07:41:58,075 INFO  ratis.ContainerStateMachine (ContainerStateMachine.java:takeSnapshot(246)) - Taking snapshot at termIndex:(t:0, i:~)
2019-07-13 07:41:58,075 INFO  impl.RaftServerImpl (ServerState.java:close(394)) - 8bf5bc8b-bcdd-4299-8058-a0833f294212:group-499EED67768D closes. The last applied log index is 0
2019-07-13 07:41:58,076 INFO  segmented.SegmentedRaftLogWorker (SegmentedRaftLogWorker.java:run(313)) - 8bf5bc8b-bcdd-4299-8058-a0833f294212-SegmentedRaftLogWorker:Storage Directory /tmp/workdir/hadoop-ozone/integration-test/target/test-dir/MiniOzoneClusterImpl-4cc15ec6-cc18-4484-86b8-0206962934ea/datanode-5/data/ratis/ef956f33-ee24-4aba-bda5-499eed67768d was interrupted, exiting. There are 0 tasks remaining in the queue.
2019-07-13 07:41:58,076 INFO  segmented.SegmentedRaftLogWorker (SegmentedRaftLogWorker.java:close(228)) - 8bf5bc8b-bcdd-4299-8058-a0833f294212-SegmentedRaftLogWorker:Storage Directory /tmp/workdir/hadoop-ozone/integration-test/target/test-dir/MiniOzoneClusterImpl-4cc15ec6-cc18-4484-86b8-0206962934ea/datanode-5/data/ratis/ef956f33-ee24-4aba-bda5-499eed67768d close()
2019-07-13 07:41:58,076 INFO  impl.RaftServerImpl (RaftServerImpl.java:lambda$shutdown$3(245)) - 8bf5bc8b-bcdd-4299-8058-a0833f294212: shutdown group-0DD37C3FDB77
2019-07-13 07:41:58,077 INFO  util.JmxRegister (JmxRegister.java:unregister(73)) - Successfully un-registered JMX Bean with object name Ratis:service=RaftServer,group=group-0DD37C3FDB77,id=8bf5bc8b-bcdd-4299-8058-a0833f294212
2019-07-13 07:41:58,077 INFO  impl.RoleInfo (RoleInfo.java:shutdownFollowerState(121)) - 8bf5bc8b-bcdd-4299-8058-a0833f294212: shutdown FollowerState
2019-07-13 07:41:58,077 INFO  impl.StateMachineUpdater (StateMachineUpdater.java:stopAndJoin(115)) - StateMachineUpdater:8bf5bc8b-bcdd-4299-8058-a0833f294212:group-0DD37C3FDB77: set stopIndex = 6
2019-07-13 07:41:58,077 INFO  impl.FollowerState (FollowerState.java:run(114)) - 8bf5bc8b-bcdd-4299-8058-a0833f294212: FollowerState was interrupted: java.lang.InterruptedException: sleep interrupted
2019-07-13 07:41:58,077 INFO  ratis.ContainerStateMachine (ContainerStateMachine.java:takeSnapshot(246)) - Taking snapshot at termIndex:(t:1, i:4)
2019-07-13 07:41:58,079 INFO  ratis.ContainerStateMachine (ContainerStateMachine.java:takeSnapshot(250)) - Taking a snapshot to file /tmp/workdir/hadoop-ozone/integration-test/target/test-dir/MiniOzoneClusterImpl-4cc15ec6-cc18-4484-86b8-0206962934ea/datanode-5/data/ratis/ff8360a4-df02-47dd-869f-0dd37c3fdb77/sm/snapshot.1_4
2019-07-13 07:41:58,079 INFO  impl.StateMachineUpdater (StateMachineUpdater.java:takeSnapshot(242)) - StateMachineUpdater:8bf5bc8b-bcdd-4299-8058-a0833f294212:group-0DD37C3FDB77: Took a snapshot at index 4
2019-07-13 07:41:58,079 INFO  impl.StateMachineUpdater (StateMachineUpdater.java:lambda$new$0(80)) - StateMachineUpdater:8bf5bc8b-bcdd-4299-8058-a0833f294212:group-0DD37C3FDB77: snapshotIndex: updateIncreasingly -1 -> 4
2019-07-13 07:41:58,080 INFO  impl.RaftServerImpl (ServerState.java:close(394)) - 8bf5bc8b-bcdd-4299-8058-a0833f294212:group-0DD37C3FDB77 closes. The last applied log index is 6
2019-07-13 07:41:58,080 INFO  segmented.SegmentedRaftLogWorker (SegmentedRaftLogWorker.java:run(313)) - 8bf5bc8b-bcdd-4299-8058-a0833f294212-SegmentedRaftLogWorker:Storage Directory /tmp/workdir/hadoop-ozone/integration-test/target/test-dir/MiniOzoneClusterImpl-4cc15ec6-cc18-4484-86b8-0206962934ea/datanode-5/data/ratis/ff8360a4-df02-47dd-869f-0dd37c3fdb77 was interrupted, exiting. There are 0 tasks remaining in the queue.
2019-07-13 07:41:58,081 INFO  segmented.SegmentedRaftLogWorker (SegmentedRaftLogWorker.java:close(228)) - 8bf5bc8b-bcdd-4299-8058-a0833f294212-SegmentedRaftLogWorker:Storage Directory /tmp/workdir/hadoop-ozone/integration-test/target/test-dir/MiniOzoneClusterImpl-4cc15ec6-cc18-4484-86b8-0206962934ea/datanode-5/data/ratis/ff8360a4-df02-47dd-869f-0dd37c3fdb77 close()
2019-07-13 07:41:58,081 INFO  server.GrpcService (GrpcService.java:closeImpl(155)) - 8bf5bc8b-bcdd-4299-8058-a0833f294212: shutdown server with port 36965 now
2019-07-13 07:41:58,082 INFO  server.GrpcService (GrpcService.java:closeImpl(163)) - 8bf5bc8b-bcdd-4299-8058-a0833f294212: shutdown server with port 36965 successfully
2019-07-13 07:41:58,083 INFO  utils.BackgroundService (BackgroundService.java:shutdown(148)) - Shutting down service BlockDeletingService
2019-07-13 07:41:58,084 WARN  fs.CachingGetSpaceUsed (CachingGetSpaceUsed.java:run(183)) - Thread Interrupted waiting to refresh disk information: sleep interrupted
2019-07-13 07:41:58,097 INFO  statemachine.DatanodeStateMachine (DatanodeStateMachine.java:stopDaemon(395)) - Ozone container server stopped.
2019-07-13 07:41:58,118 INFO  handler.ContextHandler (ContextHandler.java:doStop(910)) - Stopped o.e.j.w.WebAppContext@77d695f2{/,null,UNAVAILABLE}{/hddsDatanode}
2019-07-13 07:41:58,119 INFO  server.AbstractConnector (AbstractConnector.java:doStop(318)) - Stopped ServerConnector@76639714{HTTP/1.1,[http/1.1]}{0.0.0.0:0}
2019-07-13 07:41:58,119 INFO  handler.ContextHandler (ContextHandler.java:doStop(910)) - Stopped o.e.j.s.ServletContextHandler@5e9257b3{/static,jar:file:/home/user/.m2/repository/org/apache/hadoop/hadoop-hdds-container-service/0.5.0-SNAPSHOT/hadoop-hdds-container-service-0.5.0-SNAPSHOT.jar!/webapps/static,UNAVAILABLE}
2019-07-13 07:41:58,120 INFO  handler.ContextHandler (ContextHandler.java:doStop(910)) - Stopped o.e.j.s.ServletContextHandler@396ea7ab{/logs,file:///tmp/workdir/hadoop-ozone/integration-test/target/log,UNAVAILABLE}
2019-07-13 07:41:58,120 INFO  ozone.MiniOzoneClusterImpl (MiniOzoneClusterImpl.java:stop(353)) - Stopping the StorageContainerManager
2019-07-13 07:41:58,121 INFO  server.StorageContainerManager (StorageContainerManager.java:stop(796)) - Stopping Replication Manager Service.
2019-07-13 07:41:58,121 INFO  container.ReplicationManager (ReplicationManager.java:stop(187)) - Stopping Replication Monitor Thread.
2019-07-13 07:41:58,121 INFO  server.StorageContainerManager (StorageContainerManager.java:stop(803)) - Stopping Lease Manager of the command watchers
2019-07-13 07:41:58,121 INFO  server.StorageContainerManager (StorageContainerManager.java:stop(810)) - Stopping datanode service RPC server
2019-07-13 07:41:58,121 INFO  server.SCMDatanodeProtocolServer (SCMDatanodeProtocolServer.java:stop(375)) - Stopping the RPC server for DataNodes
2019-07-13 07:41:58,122 INFO  ipc.Server (Server.java:stop(3082)) - Stopping server on 44721
2019-07-13 07:41:58,123 INFO  ipc.Server (Server.java:run(1185)) - Stopping IPC Server listener on 44721
2019-07-13 07:41:58,124 INFO  ipc.Server (Server.java:run(1319)) - Stopping IPC Server Responder
2019-07-13 07:41:58,215 WARN  node.NodeStateManager (NodeStateManager.java:scheduleNextHealthCheck(631)) - Current Thread is interrupted, shutting down HB processing thread for Node Manager.
2019-07-13 07:41:58,215 INFO  server.StorageContainerManager (StorageContainerManager.java:stop(818)) - Stopping block service RPC server
2019-07-13 07:41:58,216 INFO  server.SCMBlockProtocolServer (SCMBlockProtocolServer.java:stop(148)) - Stopping the RPC server for Block Protocol
2019-07-13 07:41:58,216 INFO  ipc.Server (Server.java:stop(3082)) - Stopping server on 33144
2019-07-13 07:41:58,218 INFO  ipc.Server (Server.java:run(1185)) - Stopping IPC Server listener on 33144
2019-07-13 07:41:58,218 INFO  server.StorageContainerManager (StorageContainerManager.java:stop(825)) - Stopping the StorageContainerLocationProtocol RPC server
2019-07-13 07:41:58,219 INFO  server.SCMClientProtocolServer (SCMClientProtocolServer.java:stop(157)) - Stopping the RPC server for Client Protocol
2019-07-13 07:41:58,218 INFO  ipc.Server (Server.java:run(1319)) - Stopping IPC Server Responder
2019-07-13 07:41:58,219 INFO  ipc.Server (Server.java:stop(3082)) - Stopping server on 38468
2019-07-13 07:41:58,223 INFO  ipc.Server (Server.java:run(1185)) - Stopping IPC Server listener on 38468
2019-07-13 07:41:58,223 INFO  server.StorageContainerManager (StorageContainerManager.java:stop(832)) - Stopping Storage Container Manager HTTP server.
2019-07-13 07:41:58,224 INFO  handler.ContextHandler (ContextHandler.java:doStop(910)) - Stopped o.e.j.w.WebAppContext@84f0686{/,null,UNAVAILABLE}{/scm}
2019-07-13 07:41:58,224 INFO  ipc.Server (Server.java:run(1319)) - Stopping IPC Server Responder
2019-07-13 07:41:58,225 INFO  server.AbstractConnector (AbstractConnector.java:doStop(318)) - Stopped ServerConnector@7b6846c6{HTTP/1.1,[http/1.1]}{0.0.0.0:0}
2019-07-13 07:41:58,226 INFO  handler.ContextHandler (ContextHandler.java:doStop(910)) - Stopped o.e.j.s.ServletContextHandler@65e503a7{/static,file:///tmp/workdir/hadoop-ozone/integration-test/target/test-classes/webapps/static,UNAVAILABLE}
2019-07-13 07:41:58,226 INFO  handler.ContextHandler (ContextHandler.java:doStop(910)) - Stopped o.e.j.s.ServletContextHandler@6e8e1a98{/logs,file:///tmp/workdir/hadoop-ozone/integration-test/target/log,UNAVAILABLE}
2019-07-13 07:41:58,227 INFO  server.StorageContainerManager (StorageContainerManager.java:stop(843)) - Stopping Block Manager Service.
2019-07-13 07:41:58,227 INFO  utils.BackgroundService (BackgroundService.java:shutdown(148)) - Shutting down service SCMBlockDeletingService
2019-07-13 07:41:58,227 INFO  utils.BackgroundService (BackgroundService.java:shutdown(148)) - Shutting down service SCMBlockDeletingService
2019-07-13 07:41:58,228 INFO  server.StorageContainerManager (StorageContainerManager.java:stop(865)) - Stopping SCM Event Queue.
2019-07-13 07:41:58,232 INFO  impl.MetricsSystemImpl (MetricsSystemImpl.java:stop(210)) - Stopping HddsDatanode metrics system...
2019-07-13 07:41:58,238 INFO  impl.MetricsSystemImpl (MetricsSystemImpl.java:stop(216)) - HddsDatanode metrics system stopped.
]]></system-out>
    <system-err><![CDATA[Jul 13, 2019 7:41:24 AM com.sun.jersey.server.impl.application.WebApplicationImpl _initiate
INFO: Initiating Jersey application, version 'Jersey: 1.19 02/11/2015 03:25 AM'
Jul 13, 2019 7:41:24 AM com.sun.jersey.server.impl.application.WebApplicationImpl _initiate
INFO: Initiating Jersey application, version 'Jersey: 1.19 02/11/2015 03:25 AM'
Jul 13, 2019 7:41:25 AM com.sun.jersey.server.impl.application.WebApplicationImpl _initiate
INFO: Initiating Jersey application, version 'Jersey: 1.19 02/11/2015 03:25 AM'
Jul 13, 2019 7:41:25 AM com.sun.jersey.server.impl.application.WebApplicationImpl _initiate
INFO: Initiating Jersey application, version 'Jersey: 1.19 02/11/2015 03:25 AM'
Jul 13, 2019 7:41:25 AM com.sun.jersey.server.impl.application.WebApplicationImpl _initiate
INFO: Initiating Jersey application, version 'Jersey: 1.19 02/11/2015 03:25 AM'
Jul 13, 2019 7:41:25 AM com.sun.jersey.server.impl.application.WebApplicationImpl _initiate
INFO: Initiating Jersey application, version 'Jersey: 1.19 02/11/2015 03:25 AM'
Jul 13, 2019 7:41:25 AM com.sun.jersey.server.impl.application.WebApplicationImpl _initiate
INFO: Initiating Jersey application, version 'Jersey: 1.19 02/11/2015 03:25 AM'
Jul 13, 2019 7:41:32 AM org.apache.ratis.thirdparty.io.grpc.internal.ManagedChannelOrphanWrapper$ManagedChannelReference cleanQueue
SEVERE: *~*~*~ Channel ManagedChannelImpl{logId=3444, target=192.168.69.84:41002} was not shutdown properly!!! ~*~*~*
    Make sure to call shutdown()/shutdownNow() and wait until awaitTermination() returns true.
java.lang.RuntimeException: ManagedChannel allocation site
	at org.apache.ratis.thirdparty.io.grpc.internal.ManagedChannelOrphanWrapper$ManagedChannelReference.<init>(ManagedChannelOrphanWrapper.java:103)
	at org.apache.ratis.thirdparty.io.grpc.internal.ManagedChannelOrphanWrapper.<init>(ManagedChannelOrphanWrapper.java:53)
	at org.apache.ratis.thirdparty.io.grpc.internal.ManagedChannelOrphanWrapper.<init>(ManagedChannelOrphanWrapper.java:44)
	at org.apache.ratis.thirdparty.io.grpc.internal.AbstractManagedChannelImplBuilder.build(AbstractManagedChannelImplBuilder.java:411)
	at org.apache.ratis.grpc.client.GrpcClientProtocolClient.<init>(GrpcClientProtocolClient.java:119)
	at org.apache.ratis.grpc.client.GrpcClientRpc.lambda$new$0(GrpcClientRpc.java:55)
	at org.apache.ratis.util.PeerProxyMap$PeerAndProxy.lambda$getProxy$0(PeerProxyMap.java:61)
	at org.apache.ratis.util.LifeCycle.startAndTransition(LifeCycle.java:202)
	at org.apache.ratis.util.PeerProxyMap$PeerAndProxy.getProxy(PeerProxyMap.java:60)
	at org.apache.ratis.util.PeerProxyMap.getProxy(PeerProxyMap.java:107)
	at org.apache.ratis.grpc.client.GrpcClientRpc.sendRequestAsync(GrpcClientRpc.java:66)
	at org.apache.ratis.client.impl.OrderedAsync.sendRequest(OrderedAsync.java:208)
	at org.apache.ratis.client.impl.OrderedAsync.sendRequestWithRetry(OrderedAsync.java:169)
	at org.apache.ratis.util.SlidingWindow$Client.sendOrDelayRequest(SlidingWindow.java:278)
	at org.apache.ratis.util.SlidingWindow$Client.retry(SlidingWindow.java:294)
	at org.apache.ratis.client.impl.OrderedAsync.lambda$scheduleWithTimeout$7(OrderedAsync.java:195)
	at org.apache.ratis.util.TimeoutScheduler.lambda$onTimeout$0(TimeoutScheduler.java:85)
	at org.apache.ratis.util.TimeoutScheduler.lambda$onTimeout$1(TimeoutScheduler.java:104)
	at org.apache.ratis.util.LogUtils.runAndLog(LogUtils.java:50)
	at org.apache.ratis.util.LogUtils$1.run(LogUtils.java:91)
	at java.util.concurrent.Executors$RunnableAdapter.call(Executors.java:511)
	at java.util.concurrent.FutureTask.run(FutureTask.java:266)
	at java.util.concurrent.ScheduledThreadPoolExecutor$ScheduledFutureTask.access$201(ScheduledThreadPoolExecutor.java:180)
	at java.util.concurrent.ScheduledThreadPoolExecutor$ScheduledFutureTask.run(ScheduledThreadPoolExecutor.java:293)
	at java.util.concurrent.ThreadPoolExecutor.runWorker(ThreadPoolExecutor.java:1149)
	at java.util.concurrent.ThreadPoolExecutor$Worker.run(ThreadPoolExecutor.java:624)
	at java.lang.Thread.run(Thread.java:748)

]]></system-err>
  </testcase>
</testsuite>