<?xml version="1.0" encoding="UTF-8"?>
<testsuite xmlns:xsi="http://www.w3.org/2001/XMLSchema-instance" xsi:noNamespaceSchemaLocation="https://maven.apache.org/surefire/maven-surefire-plugin/xsd/surefire-test-report.xsd" name="org.apache.hadoop.fs.ozone.contract.ITestOzoneContractRename" time="29.777" tests="8" errors="6" skipped="0" failures="0">
  <properties>
    <property name="awt.toolkit" value="sun.awt.X11.XToolkit"/>
    <property name="file.encoding.pkg" value="sun.io"/>
    <property name="java.specification.version" value="1.8"/>
    <property name="sun.cpu.isalist" value=""/>
    <property name="sun.jnu.encoding" value="UTF-8"/>
    <property name="java.class.path" value="/workdir/hadoop-ozone/ozonefs/target/test-classes:/workdir/hadoop-ozone/ozonefs/target/classes:/home/user/.m2/repository/org/apache/hadoop/hadoop-common/3.2.0/hadoop-common-3.2.0.jar:/home/user/.m2/repository/org/apache/hadoop/hadoop-annotations/3.2.0/hadoop-annotations-3.2.0.jar:/usr/lib/jvm/java-1.8-openjdk/jre/../lib/tools.jar:/home/user/.m2/repository/com/google/guava/guava/11.0.2/guava-11.0.2.jar:/home/user/.m2/repository/commons-cli/commons-cli/1.2/commons-cli-1.2.jar:/home/user/.m2/repository/org/apache/commons/commons-math3/3.1.1/commons-math3-3.1.1.jar:/home/user/.m2/repository/org/apache/httpcomponents/httpclient/4.5.2/httpclient-4.5.2.jar:/home/user/.m2/repository/org/apache/httpcomponents/httpcore/4.4.4/httpcore-4.4.4.jar:/home/user/.m2/repository/commons-codec/commons-codec/1.11/commons-codec-1.11.jar:/home/user/.m2/repository/commons-io/commons-io/2.5/commons-io-2.5.jar:/home/user/.m2/repository/commons-net/commons-net/3.6/commons-net-3.6.jar:/home/user/.m2/repository/commons-collections/commons-collections/3.2.2/commons-collections-3.2.2.jar:/home/user/.m2/repository/javax/servlet/javax.servlet-api/3.1.0/javax.servlet-api-3.1.0.jar:/home/user/.m2/repository/org/eclipse/jetty/jetty-server/9.3.25.v20180904/jetty-server-9.3.25.v20180904.jar:/home/user/.m2/repository/org/eclipse/jetty/jetty-http/9.3.25.v20180904/jetty-http-9.3.25.v20180904.jar:/home/user/.m2/repository/org/eclipse/jetty/jetty-io/9.3.25.v20180904/jetty-io-9.3.25.v20180904.jar:/home/user/.m2/repository/org/eclipse/jetty/jetty-util/9.3.25.v20180904/jetty-util-9.3.25.v20180904.jar:/home/user/.m2/repository/org/eclipse/jetty/jetty-servlet/9.3.25.v20180904/jetty-servlet-9.3.25.v20180904.jar:/home/user/.m2/repository/org/eclipse/jetty/jetty-security/9.3.25.v20180904/jetty-security-9.3.25.v20180904.jar:/home/user/.m2/repository/org/eclipse/jetty/jetty-webapp/9.3.25.v20180904/jetty-webapp-9.3.25.v20180904.jar:/home/user/.m2/repository/org/eclipse/jetty/jetty-xml/9.3.25.v20180904/jetty-xml-9.3.25.v20180904.jar:/home/user/.m2/repository/javax/servlet/jsp/jsp-api/2.1/jsp-api-2.1.jar:/home/user/.m2/repository/com/sun/jersey/jersey-core/1.19/jersey-core-1.19.jar:/home/user/.m2/repository/javax/ws/rs/jsr311-api/1.1.1/jsr311-api-1.1.1.jar:/home/user/.m2/repository/com/sun/jersey/jersey-servlet/1.19/jersey-servlet-1.19.jar:/home/user/.m2/repository/com/sun/jersey/jersey-json/1.19/jersey-json-1.19.jar:/home/user/.m2/repository/org/codehaus/jettison/jettison/1.1/jettison-1.1.jar:/home/user/.m2/repository/com/sun/xml/bind/jaxb-impl/2.3.0.1/jaxb-impl-2.3.0.1.jar:/home/user/.m2/repository/org/codehaus/jackson/jackson-core-asl/1.9.13/jackson-core-asl-1.9.13.jar:/home/user/.m2/repository/org/codehaus/jackson/jackson-mapper-asl/1.9.13/jackson-mapper-asl-1.9.13.jar:/home/user/.m2/repository/org/codehaus/jackson/jackson-jaxrs/1.9.13/jackson-jaxrs-1.9.13.jar:/home/user/.m2/repository/org/codehaus/jackson/jackson-xc/1.9.13/jackson-xc-1.9.13.jar:/home/user/.m2/repository/com/sun/jersey/jersey-server/1.19/jersey-server-1.19.jar:/home/user/.m2/repository/commons-logging/commons-logging/1.1.3/commons-logging-1.1.3.jar:/home/user/.m2/repository/log4j/log4j/1.2.17/log4j-1.2.17.jar:/home/user/.m2/repository/commons-beanutils/commons-beanutils/1.9.4/commons-beanutils-1.9.4.jar:/home/user/.m2/repository/org/apache/commons/commons-configuration2/2.1.1/commons-configuration2-2.1.1.jar:/home/user/.m2/repository/org/apache/commons/commons-lang3/3.7/commons-lang3-3.7.jar:/home/user/.m2/repository/org/apache/commons/commons-text/1.4/commons-text-1.4.jar:/home/user/.m2/repository/org/slf4j/slf4j-api/1.7.25/slf4j-api-1.7.25.jar:/home/user/.m2/repository/org/slf4j/slf4j-log4j12/1.7.25/slf4j-log4j12-1.7.25.jar:/home/user/.m2/repository/org/apache/avro/avro/1.7.7/avro-1.7.7.jar:/home/user/.m2/repository/com/thoughtworks/paranamer/paranamer/2.3/paranamer-2.3.jar:/home/user/.m2/repository/org/xerial/snappy/snappy-java/1.0.5/snappy-java-1.0.5.jar:/home/user/.m2/repository/com/google/re2j/re2j/1.1/re2j-1.1.jar:/home/user/.m2/repository/com/google/protobuf/protobuf-java/2.5.0/protobuf-java-2.5.0.jar:/home/user/.m2/repository/com/google/code/gson/gson/2.2.4/gson-2.2.4.jar:/home/user/.m2/repository/org/apache/hadoop/hadoop-auth/3.2.0/hadoop-auth-3.2.0.jar:/home/user/.m2/repository/com/nimbusds/nimbus-jose-jwt/4.41.1/nimbus-jose-jwt-4.41.1.jar:/home/user/.m2/repository/com/github/stephenc/jcip/jcip-annotations/1.0-1/jcip-annotations-1.0-1.jar:/home/user/.m2/repository/net/minidev/json-smart/2.3/json-smart-2.3.jar:/home/user/.m2/repository/net/minidev/accessors-smart/1.2/accessors-smart-1.2.jar:/home/user/.m2/repository/org/apache/curator/curator-framework/2.12.0/curator-framework-2.12.0.jar:/home/user/.m2/repository/com/jcraft/jsch/0.1.54/jsch-0.1.54.jar:/home/user/.m2/repository/org/apache/curator/curator-client/2.12.0/curator-client-2.12.0.jar:/home/user/.m2/repository/org/apache/curator/curator-recipes/2.12.0/curator-recipes-2.12.0.jar:/home/user/.m2/repository/com/google/code/findbugs/jsr305/3.0.0/jsr305-3.0.0.jar:/home/user/.m2/repository/org/apache/htrace/htrace-core4/4.1.0-incubating/htrace-core4-4.1.0-incubating.jar:/home/user/.m2/repository/org/apache/zookeeper/zookeeper/3.4.13/zookeeper-3.4.13.jar:/home/user/.m2/repository/jline/jline/0.9.94/jline-0.9.94.jar:/home/user/.m2/repository/org/apache/yetus/audience-annotations/0.5.0/audience-annotations-0.5.0.jar:/home/user/.m2/repository/org/apache/commons/commons-compress/1.4.1/commons-compress-1.4.1.jar:/home/user/.m2/repository/org/tukaani/xz/1.0/xz-1.0.jar:/home/user/.m2/repository/org/apache/kerby/kerb-simplekdc/1.0.1/kerb-simplekdc-1.0.1.jar:/home/user/.m2/repository/org/apache/kerby/kerb-client/1.0.1/kerb-client-1.0.1.jar:/home/user/.m2/repository/org/apache/kerby/kerby-config/1.0.1/kerby-config-1.0.1.jar:/home/user/.m2/repository/org/apache/kerby/kerb-core/1.0.1/kerb-core-1.0.1.jar:/home/user/.m2/repository/org/apache/kerby/kerby-pkix/1.0.1/kerby-pkix-1.0.1.jar:/home/user/.m2/repository/org/apache/kerby/kerby-asn1/1.0.1/kerby-asn1-1.0.1.jar:/home/user/.m2/repository/org/apache/kerby/kerby-util/1.0.1/kerby-util-1.0.1.jar:/home/user/.m2/repository/org/apache/kerby/kerb-common/1.0.1/kerb-common-1.0.1.jar:/home/user/.m2/repository/org/apache/kerby/kerb-crypto/1.0.1/kerb-crypto-1.0.1.jar:/home/user/.m2/repository/org/apache/kerby/kerb-util/1.0.1/kerb-util-1.0.1.jar:/home/user/.m2/repository/org/apache/kerby/token-provider/1.0.1/token-provider-1.0.1.jar:/home/user/.m2/repository/org/apache/kerby/kerb-admin/1.0.1/kerb-admin-1.0.1.jar:/home/user/.m2/repository/org/apache/kerby/kerb-server/1.0.1/kerb-server-1.0.1.jar:/home/user/.m2/repository/org/apache/kerby/kerb-identity/1.0.1/kerb-identity-1.0.1.jar:/home/user/.m2/repository/org/apache/kerby/kerby-xdr/1.0.1/kerby-xdr-1.0.1.jar:/home/user/.m2/repository/com/fasterxml/jackson/core/jackson-databind/2.9.9/jackson-databind-2.9.9.jar:/home/user/.m2/repository/com/fasterxml/jackson/core/jackson-annotations/2.9.9/jackson-annotations-2.9.9.jar:/home/user/.m2/repository/com/fasterxml/jackson/core/jackson-core/2.9.9/jackson-core-2.9.9.jar:/home/user/.m2/repository/org/codehaus/woodstox/stax2-api/3.1.4/stax2-api-3.1.4.jar:/home/user/.m2/repository/com/fasterxml/woodstox/woodstox-core/5.0.3/woodstox-core-5.0.3.jar:/home/user/.m2/repository/dnsjava/dnsjava/2.1.7/dnsjava-2.1.7.jar:/home/user/.m2/repository/org/apache/hadoop/hadoop-hdfs/3.2.0/hadoop-hdfs-3.2.0.jar:/home/user/.m2/repository/org/eclipse/jetty/jetty-util-ajax/9.3.25.v20180904/jetty-util-ajax-9.3.25.v20180904.jar:/home/user/.m2/repository/commons-daemon/commons-daemon/1.0.13/commons-daemon-1.0.13.jar:/home/user/.m2/repository/io/netty/netty/3.10.5.Final/netty-3.10.5.Final.jar:/home/user/.m2/repository/io/netty/netty-all/4.0.52.Final/netty-all-4.0.52.Final.jar:/home/user/.m2/repository/org/fusesource/leveldbjni/leveldbjni-all/1.8/leveldbjni-all-1.8.jar:/home/user/.m2/repository/org/apache/hadoop/hadoop-hdds-common/0.5.0-SNAPSHOT/hadoop-hdds-common-0.5.0-SNAPSHOT.jar:/home/user/.m2/repository/org/apache/hadoop/hadoop-hdds-config/0.5.0-SNAPSHOT/hadoop-hdds-config-0.5.0-SNAPSHOT.jar:/home/user/.m2/repository/javax/annotation/javax.annotation-api/1.2/javax.annotation-api-1.2.jar:/home/user/.m2/repository/org/apache/ratis/ratis-server/0.4.0/ratis-server-0.4.0.jar:/home/user/.m2/repository/org/apache/ratis/ratis-thirdparty-misc/0.2.0/ratis-thirdparty-misc-0.2.0.jar:/home/user/.m2/repository/org/apache/ratis/ratis-proto/0.4.0/ratis-proto-0.4.0.jar:/home/user/.m2/repository/org/apache/ratis/ratis-common/0.4.0/ratis-common-0.4.0.jar:/home/user/.m2/repository/org/apache/ratis/ratis-client/0.4.0/ratis-client-0.4.0.jar:/home/user/.m2/repository/org/apache/ratis/ratis-metrics/0.4.0/ratis-metrics-0.4.0.jar:/home/user/.m2/repository/com/github/joshelser/dropwizard-metrics-hadoop-metrics2-reporter/0.1.2/dropwizard-metrics-hadoop-metrics2-reporter-0.1.2.jar:/home/user/.m2/repository/io/dropwizard/metrics/metrics-jvm/3.2.5/metrics-jvm-3.2.5.jar:/home/user/.m2/repository/io/dropwizard/metrics/metrics-ganglia/3.2.5/metrics-ganglia-3.2.5.jar:/home/user/.m2/repository/info/ganglia/gmetric4j/gmetric4j/1.0.7/gmetric4j-1.0.7.jar:/home/user/.m2/repository/org/apache/ratis/ratis-netty/0.4.0/ratis-netty-0.4.0.jar:/home/user/.m2/repository/org/apache/ratis/ratis-grpc/0.4.0/ratis-grpc-0.4.0.jar:/home/user/.m2/repository/org/rocksdb/rocksdbjni/6.0.1/rocksdbjni-6.0.1.jar:/home/user/.m2/repository/org/apache/logging/log4j/log4j-api/2.11.0/log4j-api-2.11.0.jar:/home/user/.m2/repository/org/apache/logging/log4j/log4j-core/2.11.0/log4j-core-2.11.0.jar:/home/user/.m2/repository/com/lmax/disruptor/3.4.2/disruptor-3.4.2.jar:/home/user/.m2/repository/org/apache/commons/commons-pool2/2.6.0/commons-pool2-2.6.0.jar:/home/user/.m2/repository/org/bouncycastle/bcpkix-jdk15on/1.60/bcpkix-jdk15on-1.60.jar:/home/user/.m2/repository/commons-validator/commons-validator/1.6/commons-validator-1.6.jar:/home/user/.m2/repository/commons-digester/commons-digester/1.8.1/commons-digester-1.8.1.jar:/home/user/.m2/repository/io/jaegertracing/jaeger-client/0.34.0/jaeger-client-0.34.0.jar:/home/user/.m2/repository/io/jaegertracing/jaeger-thrift/0.34.0/jaeger-thrift-0.34.0.jar:/home/user/.m2/repository/org/apache/thrift/libthrift/0.12.0/libthrift-0.12.0.jar:/home/user/.m2/repository/com/squareup/okhttp3/okhttp/3.9.0/okhttp-3.9.0.jar:/home/user/.m2/repository/com/squareup/okio/okio/1.13.0/okio-1.13.0.jar:/home/user/.m2/repository/io/jaegertracing/jaeger-core/0.34.0/jaeger-core-0.34.0.jar:/home/user/.m2/repository/io/jaegertracing/jaeger-tracerresolver/0.34.0/jaeger-tracerresolver-0.34.0.jar:/home/user/.m2/repository/io/opentracing/contrib/opentracing-tracerresolver/0.1.5/opentracing-tracerresolver-0.1.5.jar:/home/user/.m2/repository/io/opentracing/opentracing-util/0.31.0/opentracing-util-0.31.0.jar:/home/user/.m2/repository/io/opentracing/opentracing-api/0.31.0/opentracing-api-0.31.0.jar:/home/user/.m2/repository/io/opentracing/opentracing-noop/0.31.0/opentracing-noop-0.31.0.jar:/home/user/.m2/repository/org/yaml/snakeyaml/1.16/snakeyaml-1.16.jar:/home/user/.m2/repository/org/apache/hadoop/hadoop-hdfs-client/3.2.0/hadoop-hdfs-client-3.2.0.jar:/home/user/.m2/repository/info/picocli/picocli/3.9.6/picocli-3.9.6.jar:/home/user/.m2/repository/org/apache/hadoop/hadoop-hdds-server-scm/0.5.0-SNAPSHOT/hadoop-hdds-server-scm-0.5.0-SNAPSHOT.jar:/home/user/.m2/repository/org/apache/hadoop/hadoop-hdds-docs/0.5.0-SNAPSHOT/hadoop-hdds-docs-0.5.0-SNAPSHOT.jar:/home/user/.m2/repository/io/dropwizard/metrics/metrics-core/3.2.4/metrics-core-3.2.4.jar:/home/user/.m2/repository/org/hamcrest/hamcrest-all/1.3/hamcrest-all-1.3.jar:/home/user/.m2/repository/org/bouncycastle/bcprov-jdk15on/1.60/bcprov-jdk15on-1.60.jar:/home/user/.m2/repository/org/apache/hadoop/hadoop-hdds-server-framework/0.5.0-SNAPSHOT/hadoop-hdds-server-framework-0.5.0-SNAPSHOT.jar:/home/user/.m2/repository/org/apache/hadoop/hadoop-ozone-ozone-manager/0.5.0-SNAPSHOT/hadoop-ozone-ozone-manager-0.5.0-SNAPSHOT.jar:/home/user/.m2/repository/org/apache/hadoop/hadoop-hdds-container-service/0.5.0-SNAPSHOT/hadoop-hdds-container-service-0.5.0-SNAPSHOT.jar:/home/user/.m2/repository/org/apache/hadoop/hadoop-hdds-client/0.5.0-SNAPSHOT/hadoop-hdds-client-0.5.0-SNAPSHOT.jar:/home/user/.m2/repository/org/apache/hadoop/hadoop-ozone-common/0.5.0-SNAPSHOT/hadoop-ozone-common-0.5.0-SNAPSHOT.jar:/home/user/.m2/repository/org/apache/hadoop/hadoop-hdds-tools/0.5.0-SNAPSHOT/hadoop-hdds-tools-0.5.0-SNAPSHOT.jar:/home/user/.m2/repository/org/xerial/sqlite-jdbc/3.25.2/sqlite-jdbc-3.25.2.jar:/home/user/.m2/repository/com/google/code/findbugs/findbugs/3.0.1/findbugs-3.0.1.jar:/home/user/.m2/repository/net/jcip/jcip-annotations/1.0/jcip-annotations-1.0.jar:/home/user/.m2/repository/com/google/code/findbugs/bcel-findbugs/6.0/bcel-findbugs-6.0.jar:/home/user/.m2/repository/com/google/code/findbugs/jFormatString/2.0.1/jFormatString-2.0.1.jar:/home/user/.m2/repository/dom4j/dom4j/1.6.1/dom4j-1.6.1.jar:/home/user/.m2/repository/xml-apis/xml-apis/1.0.b2/xml-apis-1.0.b2.jar:/home/user/.m2/repository/org/ow2/asm/asm-debug-all/5.0.2/asm-debug-all-5.0.2.jar:/home/user/.m2/repository/org/ow2/asm/asm-commons/5.0.2/asm-commons-5.0.2.jar:/home/user/.m2/repository/org/ow2/asm/asm-tree/5.0.2/asm-tree-5.0.2.jar:/home/user/.m2/repository/org/ow2/asm/asm/5.0.4/asm-5.0.4.jar:/home/user/.m2/repository/commons-lang/commons-lang/2.6/commons-lang-2.6.jar:/home/user/.m2/repository/com/apple/AppleJavaExtensions/1.4/AppleJavaExtensions-1.4.jar:/home/user/.m2/repository/jaxen/jaxen/1.1.6/jaxen-1.1.6.jar:/home/user/.m2/repository/org/apache/hadoop/hadoop-common/3.2.0/hadoop-common-3.2.0-tests.jar:/home/user/.m2/repository/org/apache/hadoop/hadoop-ozone-client/0.5.0-SNAPSHOT/hadoop-ozone-client-0.5.0-SNAPSHOT.jar:/home/user/.m2/repository/org/apache/hadoop/hadoop-hdfs/3.2.0/hadoop-hdfs-3.2.0-tests.jar:/workdir/hadoop-ozone/integration-test/target/test-classes:/home/user/.m2/repository/org/apache/hadoop/hadoop-ozone-s3gateway/0.5.0-SNAPSHOT/hadoop-ozone-s3gateway-0.5.0-SNAPSHOT.jar:/home/user/.m2/repository/org/jboss/weld/servlet/weld-servlet/2.4.7.Final/weld-servlet-2.4.7.Final.jar:/home/user/.m2/repository/org/glassfish/jersey/containers/jersey-container-servlet-core/2.27/jersey-container-servlet-core-2.27.jar:/home/user/.m2/repository/org/glassfish/hk2/external/javax.inject/2.5.0-b42/javax.inject-2.5.0-b42.jar:/home/user/.m2/repository/org/glassfish/jersey/core/jersey-common/2.27/jersey-common-2.27.jar:/home/user/.m2/repository/org/glassfish/hk2/osgi-resource-locator/1.0.1/osgi-resource-locator-1.0.1.jar:/home/user/.m2/repository/javax/ws/rs/javax.ws.rs-api/2.1/javax.ws.rs-api-2.1.jar:/home/user/.m2/repository/org/glassfish/jersey/ext/cdi/jersey-cdi1x/2.27/jersey-cdi1x-2.27.jar:/home/user/.m2/repository/org/glassfish/jersey/inject/jersey-hk2/2.27/jersey-hk2-2.27.jar:/home/user/.m2/repository/org/glassfish/hk2/hk2-locator/2.5.0-b42/hk2-locator-2.5.0-b42.jar:/home/user/.m2/repository/org/javassist/javassist/3.22.0-CR2/javassist-3.22.0-CR2.jar:/home/user/.m2/repository/org/glassfish/hk2/hk2-api/2.5.0/hk2-api-2.5.0.jar:/home/user/.m2/repository/org/glassfish/hk2/external/jakarta.inject/2.5.0/jakarta.inject-2.5.0.jar:/home/user/.m2/repository/org/glassfish/hk2/hk2-utils/2.5.0/hk2-utils-2.5.0.jar:/home/user/.m2/repository/jakarta/annotation/jakarta.annotation-api/1.3.4/jakarta.annotation-api-1.3.4.jar:/home/user/.m2/repository/org/glassfish/hk2/external/aopalliance-repackaged/2.5.0/aopalliance-repackaged-2.5.0.jar:/home/user/.m2/repository/com/fasterxml/jackson/dataformat/jackson-dataformat-xml/2.9.0/jackson-dataformat-xml-2.9.0.jar:/home/user/.m2/repository/com/fasterxml/jackson/module/jackson-module-jaxb-annotations/2.9.9/jackson-module-jaxb-annotations-2.9.9.jar:/home/user/.m2/repository/javax/enterprise/cdi-api/1.2/cdi-api-1.2.jar:/home/user/.m2/repository/javax/el/javax.el-api/3.0.0/javax.el-api-3.0.0.jar:/home/user/.m2/repository/javax/interceptor/javax.interceptor-api/1.2/javax.interceptor-api-1.2.jar:/home/user/.m2/repository/javax/inject/javax.inject/1/javax.inject-1.jar:/home/user/.m2/repository/com/sun/xml/bind/jaxb-core/2.3.0.1/jaxb-core-2.3.0.1.jar:/home/user/.m2/repository/javax/xml/bind/jaxb-api/2.3.0/jaxb-api-2.3.0.jar:/home/user/.m2/repository/javax/activation/activation/1.1.1/activation-1.1.1.jar:/home/user/.m2/repository/org/apache/hadoop/hadoop-ozone-csi/0.5.0-SNAPSHOT/hadoop-ozone-csi-0.5.0-SNAPSHOT.jar:/home/user/.m2/repository/com/google/protobuf/protobuf-java-util/3.5.1/protobuf-java-util-3.5.1.jar:/home/user/.m2/repository/io/grpc/grpc-netty/1.17.1/grpc-netty-1.17.1.jar:/home/user/.m2/repository/io/grpc/grpc-core/1.17.1/grpc-core-1.17.1.jar:/home/user/.m2/repository/io/grpc/grpc-context/1.17.1/grpc-context-1.17.1.jar:/home/user/.m2/repository/com/google/errorprone/error_prone_annotations/2.2.0/error_prone_annotations-2.2.0.jar:/home/user/.m2/repository/org/codehaus/mojo/animal-sniffer-annotations/1.17/animal-sniffer-annotations-1.17.jar:/home/user/.m2/repository/io/opencensus/opencensus-api/0.17.0/opencensus-api-0.17.0.jar:/home/user/.m2/repository/io/opencensus/opencensus-contrib-grpc-metrics/0.17.0/opencensus-contrib-grpc-metrics-0.17.0.jar:/home/user/.m2/repository/io/netty/netty-codec-http2/4.1.30.Final/netty-codec-http2-4.1.30.Final.jar:/home/user/.m2/repository/io/netty/netty-codec-http/4.1.30.Final/netty-codec-http-4.1.30.Final.jar:/home/user/.m2/repository/io/netty/netty-codec/4.1.30.Final/netty-codec-4.1.30.Final.jar:/home/user/.m2/repository/io/netty/netty-handler/4.1.30.Final/netty-handler-4.1.30.Final.jar:/home/user/.m2/repository/io/netty/netty-handler-proxy/4.1.30.Final/netty-handler-proxy-4.1.30.Final.jar:/home/user/.m2/repository/io/netty/netty-codec-socks/4.1.30.Final/netty-codec-socks-4.1.30.Final.jar:/home/user/.m2/repository/io/netty/netty-transport-native-epoll/4.1.30.Final/netty-transport-native-epoll-4.1.30.Final.jar:/home/user/.m2/repository/io/netty/netty-common/4.1.30.Final/netty-common-4.1.30.Final.jar:/home/user/.m2/repository/io/netty/netty-buffer/4.1.30.Final/netty-buffer-4.1.30.Final.jar:/home/user/.m2/repository/io/netty/netty-transport/4.1.30.Final/netty-transport-4.1.30.Final.jar:/home/user/.m2/repository/io/netty/netty-resolver/4.1.30.Final/netty-resolver-4.1.30.Final.jar:/home/user/.m2/repository/io/netty/netty-transport-native-unix-common/4.1.30.Final/netty-transport-native-unix-common-4.1.30.Final.jar:/home/user/.m2/repository/io/grpc/grpc-protobuf/1.17.1/grpc-protobuf-1.17.1.jar:/home/user/.m2/repository/com/google/api/grpc/proto-google-common-protos/1.0.0/proto-google-common-protos-1.0.0.jar:/home/user/.m2/repository/io/grpc/grpc-protobuf-lite/1.17.1/grpc-protobuf-lite-1.17.1.jar:/home/user/.m2/repository/io/grpc/grpc-stub/1.17.1/grpc-stub-1.17.1.jar:/home/user/.m2/repository/org/apache/hadoop/hadoop-ozone-recon/0.5.0-SNAPSHOT/hadoop-ozone-recon-0.5.0-SNAPSHOT.jar:/home/user/.m2/repository/org/apache/hadoop/hadoop-ozone-reconcodegen/0.5.0-SNAPSHOT/hadoop-ozone-reconcodegen-0.5.0-SNAPSHOT.jar:/home/user/.m2/repository/com/google/inject/extensions/guice-multibindings/4.0/guice-multibindings-4.0.jar:/home/user/.m2/repository/com/google/inject/guice/4.0/guice-4.0.jar:/home/user/.m2/repository/aopalliance/aopalliance/1.0/aopalliance-1.0.jar:/home/user/.m2/repository/org/glassfish/jersey/containers/jersey-container-servlet/2.27/jersey-container-servlet-2.27.jar:/home/user/.m2/repository/org/glassfish/hk2/guice-bridge/2.5.0/guice-bridge-2.5.0.jar:/home/user/.m2/repository/org/glassfish/jersey/core/jersey-server/2.27/jersey-server-2.27.jar:/home/user/.m2/repository/org/glassfish/jersey/core/jersey-client/2.27/jersey-client-2.27.jar:/home/user/.m2/repository/org/glassfish/jersey/media/jersey-media-jaxb/2.27/jersey-media-jaxb-2.27.jar:/home/user/.m2/repository/javax/validation/validation-api/1.1.0.Final/validation-api-1.1.0.Final.jar:/home/user/.m2/repository/org/glassfish/jersey/media/jersey-media-json-jackson/2.27/jersey-media-json-jackson-2.27.jar:/home/user/.m2/repository/org/glassfish/jersey/ext/jersey-entity-filtering/2.27/jersey-entity-filtering-2.27.jar:/home/user/.m2/repository/com/google/inject/extensions/guice-assistedinject/4.0/guice-assistedinject-4.0.jar:/home/user/.m2/repository/org/jooq/jooq/3.11.10/jooq-3.11.10.jar:/home/user/.m2/repository/org/jooq/jooq-meta/3.11.10/jooq-meta-3.11.10.jar:/home/user/.m2/repository/org/jooq/jooq-codegen/3.11.10/jooq-codegen-3.11.10.jar:/home/user/.m2/repository/com/jolbox/bonecp/0.8.0.RELEASE/bonecp-0.8.0.RELEASE.jar:/home/user/.m2/repository/org/springframework/spring-jdbc/5.1.3.RELEASE/spring-jdbc-5.1.3.RELEASE.jar:/home/user/.m2/repository/org/springframework/spring-beans/5.1.3.RELEASE/spring-beans-5.1.3.RELEASE.jar:/home/user/.m2/repository/org/springframework/spring-core/5.1.3.RELEASE/spring-core-5.1.3.RELEASE.jar:/home/user/.m2/repository/org/springframework/spring-jcl/5.1.3.RELEASE/spring-jcl-5.1.3.RELEASE.jar:/home/user/.m2/repository/org/springframework/spring-tx/5.1.3.RELEASE/spring-tx-5.1.3.RELEASE.jar:/home/user/.m2/repository/org/mockito/mockito-all/1.10.19/mockito-all-1.10.19.jar:/home/user/.m2/repository/junit/junit/4.11/junit-4.11.jar:/home/user/.m2/repository/org/hamcrest/hamcrest-core/1.3/hamcrest-core-1.3.jar:/home/user/.m2/repository/org/apache/hadoop/hadoop-distcp/3.2.0/hadoop-distcp-3.2.0.jar:/home/user/.m2/repository/org/apache/hadoop/hadoop-distcp/3.2.0/hadoop-distcp-3.2.0-tests.jar:/home/user/.m2/repository/org/apache/hadoop/hadoop-mapreduce-client-jobclient/3.2.0/hadoop-mapreduce-client-jobclient-3.2.0.jar:/home/user/.m2/repository/org/apache/hadoop/hadoop-mapreduce-client-common/3.2.0/hadoop-mapreduce-client-common-3.2.0.jar:/home/user/.m2/repository/org/apache/hadoop/hadoop-yarn-common/3.2.0/hadoop-yarn-common-3.2.0.jar:/home/user/.m2/repository/org/apache/hadoop/hadoop-yarn-api/3.2.0/hadoop-yarn-api-3.2.0.jar:/home/user/.m2/repository/com/sun/jersey/jersey-client/1.19/jersey-client-1.19.jar:/home/user/.m2/repository/com/sun/jersey/contribs/jersey-guice/1.19/jersey-guice-1.19.jar:/home/user/.m2/repository/com/fasterxml/jackson/jaxrs/jackson-jaxrs-json-provider/2.9.9/jackson-jaxrs-json-provider-2.9.9.jar:/home/user/.m2/repository/com/fasterxml/jackson/jaxrs/jackson-jaxrs-base/2.9.9/jackson-jaxrs-base-2.9.9.jar:/home/user/.m2/repository/org/apache/hadoop/hadoop-yarn-client/3.2.0/hadoop-yarn-client-3.2.0.jar:/home/user/.m2/repository/org/apache/hadoop/hadoop-mapreduce-client-core/3.2.0/hadoop-mapreduce-client-core-3.2.0.jar:/home/user/.m2/repository/com/google/inject/extensions/guice-servlet/4.0/guice-servlet-4.0.jar:/home/user/.m2/repository/org/powermock/powermock-module-junit4/1.6.5/powermock-module-junit4-1.6.5.jar:/home/user/.m2/repository/org/powermock/powermock-module-junit4-common/1.6.5/powermock-module-junit4-common-1.6.5.jar:/home/user/.m2/repository/org/powermock/powermock-core/1.6.5/powermock-core-1.6.5.jar:/home/user/.m2/repository/org/powermock/powermock-reflect/1.6.5/powermock-reflect-1.6.5.jar:/home/user/.m2/repository/org/powermock/powermock-api-mockito/1.6.5/powermock-api-mockito-1.6.5.jar:/home/user/.m2/repository/org/mockito/mockito-core/1.10.19/mockito-core-1.10.19.jar:/home/user/.m2/repository/org/objenesis/objenesis/1.0/objenesis-1.0.jar:/home/user/.m2/repository/org/powermock/powermock-api-mockito-common/1.6.5/powermock-api-mockito-common-1.6.5.jar:/home/user/.m2/repository/org/powermock/powermock-api-support/1.6.5/powermock-api-support-1.6.5.jar:"/>
    <property name="java.vm.vendor" value="IcedTea"/>
    <property name="sun.arch.data.model" value="64"/>
    <property name="test.build.dir" value="/workdir/hadoop-ozone/ozonefs/target/test-dir"/>
    <property name="test.cache.data" value=""/>
    <property name="java.vendor.url" value="https://icedtea.classpath.org"/>
    <property name="user.timezone" value=""/>
    <property name="java.vm.specification.version" value="1.8"/>
    <property name="os.name" value="Linux"/>
    <property name="test.build.data" value="/workdir/hadoop-ozone/ozonefs/target/test-dir"/>
    <property name="user.country" value="US"/>
    <property name="sun.java.launcher" value="SUN_STANDARD"/>
    <property name="sun.boot.library.path" value="/usr/lib/jvm/java-1.8-openjdk/jre/lib/amd64"/>
    <property name="sun.java.command" value="/workdir/hadoop-ozone/ozonefs/target/surefire/surefirebooter4690142431236308460.jar /workdir/hadoop-ozone/ozonefs/target/surefire 2019-09-25T03-16-05_214-jvmRun1 surefire1803488326162267351tmp surefire_924571397604714180002tmp"/>
    <property name="test" value="!TestMiniChaosOzoneCluster"/>
    <property name="surefire.test.class.path" value="/workdir/hadoop-ozone/ozonefs/target/test-classes:/workdir/hadoop-ozone/ozonefs/target/classes:/home/user/.m2/repository/org/apache/hadoop/hadoop-common/3.2.0/hadoop-common-3.2.0.jar:/home/user/.m2/repository/org/apache/hadoop/hadoop-annotations/3.2.0/hadoop-annotations-3.2.0.jar:/usr/lib/jvm/java-1.8-openjdk/jre/../lib/tools.jar:/home/user/.m2/repository/com/google/guava/guava/11.0.2/guava-11.0.2.jar:/home/user/.m2/repository/commons-cli/commons-cli/1.2/commons-cli-1.2.jar:/home/user/.m2/repository/org/apache/commons/commons-math3/3.1.1/commons-math3-3.1.1.jar:/home/user/.m2/repository/org/apache/httpcomponents/httpclient/4.5.2/httpclient-4.5.2.jar:/home/user/.m2/repository/org/apache/httpcomponents/httpcore/4.4.4/httpcore-4.4.4.jar:/home/user/.m2/repository/commons-codec/commons-codec/1.11/commons-codec-1.11.jar:/home/user/.m2/repository/commons-io/commons-io/2.5/commons-io-2.5.jar:/home/user/.m2/repository/commons-net/commons-net/3.6/commons-net-3.6.jar:/home/user/.m2/repository/commons-collections/commons-collections/3.2.2/commons-collections-3.2.2.jar:/home/user/.m2/repository/javax/servlet/javax.servlet-api/3.1.0/javax.servlet-api-3.1.0.jar:/home/user/.m2/repository/org/eclipse/jetty/jetty-server/9.3.25.v20180904/jetty-server-9.3.25.v20180904.jar:/home/user/.m2/repository/org/eclipse/jetty/jetty-http/9.3.25.v20180904/jetty-http-9.3.25.v20180904.jar:/home/user/.m2/repository/org/eclipse/jetty/jetty-io/9.3.25.v20180904/jetty-io-9.3.25.v20180904.jar:/home/user/.m2/repository/org/eclipse/jetty/jetty-util/9.3.25.v20180904/jetty-util-9.3.25.v20180904.jar:/home/user/.m2/repository/org/eclipse/jetty/jetty-servlet/9.3.25.v20180904/jetty-servlet-9.3.25.v20180904.jar:/home/user/.m2/repository/org/eclipse/jetty/jetty-security/9.3.25.v20180904/jetty-security-9.3.25.v20180904.jar:/home/user/.m2/repository/org/eclipse/jetty/jetty-webapp/9.3.25.v20180904/jetty-webapp-9.3.25.v20180904.jar:/home/user/.m2/repository/org/eclipse/jetty/jetty-xml/9.3.25.v20180904/jetty-xml-9.3.25.v20180904.jar:/home/user/.m2/repository/javax/servlet/jsp/jsp-api/2.1/jsp-api-2.1.jar:/home/user/.m2/repository/com/sun/jersey/jersey-core/1.19/jersey-core-1.19.jar:/home/user/.m2/repository/javax/ws/rs/jsr311-api/1.1.1/jsr311-api-1.1.1.jar:/home/user/.m2/repository/com/sun/jersey/jersey-servlet/1.19/jersey-servlet-1.19.jar:/home/user/.m2/repository/com/sun/jersey/jersey-json/1.19/jersey-json-1.19.jar:/home/user/.m2/repository/org/codehaus/jettison/jettison/1.1/jettison-1.1.jar:/home/user/.m2/repository/com/sun/xml/bind/jaxb-impl/2.3.0.1/jaxb-impl-2.3.0.1.jar:/home/user/.m2/repository/org/codehaus/jackson/jackson-core-asl/1.9.13/jackson-core-asl-1.9.13.jar:/home/user/.m2/repository/org/codehaus/jackson/jackson-mapper-asl/1.9.13/jackson-mapper-asl-1.9.13.jar:/home/user/.m2/repository/org/codehaus/jackson/jackson-jaxrs/1.9.13/jackson-jaxrs-1.9.13.jar:/home/user/.m2/repository/org/codehaus/jackson/jackson-xc/1.9.13/jackson-xc-1.9.13.jar:/home/user/.m2/repository/com/sun/jersey/jersey-server/1.19/jersey-server-1.19.jar:/home/user/.m2/repository/commons-logging/commons-logging/1.1.3/commons-logging-1.1.3.jar:/home/user/.m2/repository/log4j/log4j/1.2.17/log4j-1.2.17.jar:/home/user/.m2/repository/commons-beanutils/commons-beanutils/1.9.4/commons-beanutils-1.9.4.jar:/home/user/.m2/repository/org/apache/commons/commons-configuration2/2.1.1/commons-configuration2-2.1.1.jar:/home/user/.m2/repository/org/apache/commons/commons-lang3/3.7/commons-lang3-3.7.jar:/home/user/.m2/repository/org/apache/commons/commons-text/1.4/commons-text-1.4.jar:/home/user/.m2/repository/org/slf4j/slf4j-api/1.7.25/slf4j-api-1.7.25.jar:/home/user/.m2/repository/org/slf4j/slf4j-log4j12/1.7.25/slf4j-log4j12-1.7.25.jar:/home/user/.m2/repository/org/apache/avro/avro/1.7.7/avro-1.7.7.jar:/home/user/.m2/repository/com/thoughtworks/paranamer/paranamer/2.3/paranamer-2.3.jar:/home/user/.m2/repository/org/xerial/snappy/snappy-java/1.0.5/snappy-java-1.0.5.jar:/home/user/.m2/repository/com/google/re2j/re2j/1.1/re2j-1.1.jar:/home/user/.m2/repository/com/google/protobuf/protobuf-java/2.5.0/protobuf-java-2.5.0.jar:/home/user/.m2/repository/com/google/code/gson/gson/2.2.4/gson-2.2.4.jar:/home/user/.m2/repository/org/apache/hadoop/hadoop-auth/3.2.0/hadoop-auth-3.2.0.jar:/home/user/.m2/repository/com/nimbusds/nimbus-jose-jwt/4.41.1/nimbus-jose-jwt-4.41.1.jar:/home/user/.m2/repository/com/github/stephenc/jcip/jcip-annotations/1.0-1/jcip-annotations-1.0-1.jar:/home/user/.m2/repository/net/minidev/json-smart/2.3/json-smart-2.3.jar:/home/user/.m2/repository/net/minidev/accessors-smart/1.2/accessors-smart-1.2.jar:/home/user/.m2/repository/org/apache/curator/curator-framework/2.12.0/curator-framework-2.12.0.jar:/home/user/.m2/repository/com/jcraft/jsch/0.1.54/jsch-0.1.54.jar:/home/user/.m2/repository/org/apache/curator/curator-client/2.12.0/curator-client-2.12.0.jar:/home/user/.m2/repository/org/apache/curator/curator-recipes/2.12.0/curator-recipes-2.12.0.jar:/home/user/.m2/repository/com/google/code/findbugs/jsr305/3.0.0/jsr305-3.0.0.jar:/home/user/.m2/repository/org/apache/htrace/htrace-core4/4.1.0-incubating/htrace-core4-4.1.0-incubating.jar:/home/user/.m2/repository/org/apache/zookeeper/zookeeper/3.4.13/zookeeper-3.4.13.jar:/home/user/.m2/repository/jline/jline/0.9.94/jline-0.9.94.jar:/home/user/.m2/repository/org/apache/yetus/audience-annotations/0.5.0/audience-annotations-0.5.0.jar:/home/user/.m2/repository/org/apache/commons/commons-compress/1.4.1/commons-compress-1.4.1.jar:/home/user/.m2/repository/org/tukaani/xz/1.0/xz-1.0.jar:/home/user/.m2/repository/org/apache/kerby/kerb-simplekdc/1.0.1/kerb-simplekdc-1.0.1.jar:/home/user/.m2/repository/org/apache/kerby/kerb-client/1.0.1/kerb-client-1.0.1.jar:/home/user/.m2/repository/org/apache/kerby/kerby-config/1.0.1/kerby-config-1.0.1.jar:/home/user/.m2/repository/org/apache/kerby/kerb-core/1.0.1/kerb-core-1.0.1.jar:/home/user/.m2/repository/org/apache/kerby/kerby-pkix/1.0.1/kerby-pkix-1.0.1.jar:/home/user/.m2/repository/org/apache/kerby/kerby-asn1/1.0.1/kerby-asn1-1.0.1.jar:/home/user/.m2/repository/org/apache/kerby/kerby-util/1.0.1/kerby-util-1.0.1.jar:/home/user/.m2/repository/org/apache/kerby/kerb-common/1.0.1/kerb-common-1.0.1.jar:/home/user/.m2/repository/org/apache/kerby/kerb-crypto/1.0.1/kerb-crypto-1.0.1.jar:/home/user/.m2/repository/org/apache/kerby/kerb-util/1.0.1/kerb-util-1.0.1.jar:/home/user/.m2/repository/org/apache/kerby/token-provider/1.0.1/token-provider-1.0.1.jar:/home/user/.m2/repository/org/apache/kerby/kerb-admin/1.0.1/kerb-admin-1.0.1.jar:/home/user/.m2/repository/org/apache/kerby/kerb-server/1.0.1/kerb-server-1.0.1.jar:/home/user/.m2/repository/org/apache/kerby/kerb-identity/1.0.1/kerb-identity-1.0.1.jar:/home/user/.m2/repository/org/apache/kerby/kerby-xdr/1.0.1/kerby-xdr-1.0.1.jar:/home/user/.m2/repository/com/fasterxml/jackson/core/jackson-databind/2.9.9/jackson-databind-2.9.9.jar:/home/user/.m2/repository/com/fasterxml/jackson/core/jackson-annotations/2.9.9/jackson-annotations-2.9.9.jar:/home/user/.m2/repository/com/fasterxml/jackson/core/jackson-core/2.9.9/jackson-core-2.9.9.jar:/home/user/.m2/repository/org/codehaus/woodstox/stax2-api/3.1.4/stax2-api-3.1.4.jar:/home/user/.m2/repository/com/fasterxml/woodstox/woodstox-core/5.0.3/woodstox-core-5.0.3.jar:/home/user/.m2/repository/dnsjava/dnsjava/2.1.7/dnsjava-2.1.7.jar:/home/user/.m2/repository/org/apache/hadoop/hadoop-hdfs/3.2.0/hadoop-hdfs-3.2.0.jar:/home/user/.m2/repository/org/eclipse/jetty/jetty-util-ajax/9.3.25.v20180904/jetty-util-ajax-9.3.25.v20180904.jar:/home/user/.m2/repository/commons-daemon/commons-daemon/1.0.13/commons-daemon-1.0.13.jar:/home/user/.m2/repository/io/netty/netty/3.10.5.Final/netty-3.10.5.Final.jar:/home/user/.m2/repository/io/netty/netty-all/4.0.52.Final/netty-all-4.0.52.Final.jar:/home/user/.m2/repository/org/fusesource/leveldbjni/leveldbjni-all/1.8/leveldbjni-all-1.8.jar:/home/user/.m2/repository/org/apache/hadoop/hadoop-hdds-common/0.5.0-SNAPSHOT/hadoop-hdds-common-0.5.0-SNAPSHOT.jar:/home/user/.m2/repository/org/apache/hadoop/hadoop-hdds-config/0.5.0-SNAPSHOT/hadoop-hdds-config-0.5.0-SNAPSHOT.jar:/home/user/.m2/repository/javax/annotation/javax.annotation-api/1.2/javax.annotation-api-1.2.jar:/home/user/.m2/repository/org/apache/ratis/ratis-server/0.4.0/ratis-server-0.4.0.jar:/home/user/.m2/repository/org/apache/ratis/ratis-thirdparty-misc/0.2.0/ratis-thirdparty-misc-0.2.0.jar:/home/user/.m2/repository/org/apache/ratis/ratis-proto/0.4.0/ratis-proto-0.4.0.jar:/home/user/.m2/repository/org/apache/ratis/ratis-common/0.4.0/ratis-common-0.4.0.jar:/home/user/.m2/repository/org/apache/ratis/ratis-client/0.4.0/ratis-client-0.4.0.jar:/home/user/.m2/repository/org/apache/ratis/ratis-metrics/0.4.0/ratis-metrics-0.4.0.jar:/home/user/.m2/repository/com/github/joshelser/dropwizard-metrics-hadoop-metrics2-reporter/0.1.2/dropwizard-metrics-hadoop-metrics2-reporter-0.1.2.jar:/home/user/.m2/repository/io/dropwizard/metrics/metrics-jvm/3.2.5/metrics-jvm-3.2.5.jar:/home/user/.m2/repository/io/dropwizard/metrics/metrics-ganglia/3.2.5/metrics-ganglia-3.2.5.jar:/home/user/.m2/repository/info/ganglia/gmetric4j/gmetric4j/1.0.7/gmetric4j-1.0.7.jar:/home/user/.m2/repository/org/apache/ratis/ratis-netty/0.4.0/ratis-netty-0.4.0.jar:/home/user/.m2/repository/org/apache/ratis/ratis-grpc/0.4.0/ratis-grpc-0.4.0.jar:/home/user/.m2/repository/org/rocksdb/rocksdbjni/6.0.1/rocksdbjni-6.0.1.jar:/home/user/.m2/repository/org/apache/logging/log4j/log4j-api/2.11.0/log4j-api-2.11.0.jar:/home/user/.m2/repository/org/apache/logging/log4j/log4j-core/2.11.0/log4j-core-2.11.0.jar:/home/user/.m2/repository/com/lmax/disruptor/3.4.2/disruptor-3.4.2.jar:/home/user/.m2/repository/org/apache/commons/commons-pool2/2.6.0/commons-pool2-2.6.0.jar:/home/user/.m2/repository/org/bouncycastle/bcpkix-jdk15on/1.60/bcpkix-jdk15on-1.60.jar:/home/user/.m2/repository/commons-validator/commons-validator/1.6/commons-validator-1.6.jar:/home/user/.m2/repository/commons-digester/commons-digester/1.8.1/commons-digester-1.8.1.jar:/home/user/.m2/repository/io/jaegertracing/jaeger-client/0.34.0/jaeger-client-0.34.0.jar:/home/user/.m2/repository/io/jaegertracing/jaeger-thrift/0.34.0/jaeger-thrift-0.34.0.jar:/home/user/.m2/repository/org/apache/thrift/libthrift/0.12.0/libthrift-0.12.0.jar:/home/user/.m2/repository/com/squareup/okhttp3/okhttp/3.9.0/okhttp-3.9.0.jar:/home/user/.m2/repository/com/squareup/okio/okio/1.13.0/okio-1.13.0.jar:/home/user/.m2/repository/io/jaegertracing/jaeger-core/0.34.0/jaeger-core-0.34.0.jar:/home/user/.m2/repository/io/jaegertracing/jaeger-tracerresolver/0.34.0/jaeger-tracerresolver-0.34.0.jar:/home/user/.m2/repository/io/opentracing/contrib/opentracing-tracerresolver/0.1.5/opentracing-tracerresolver-0.1.5.jar:/home/user/.m2/repository/io/opentracing/opentracing-util/0.31.0/opentracing-util-0.31.0.jar:/home/user/.m2/repository/io/opentracing/opentracing-api/0.31.0/opentracing-api-0.31.0.jar:/home/user/.m2/repository/io/opentracing/opentracing-noop/0.31.0/opentracing-noop-0.31.0.jar:/home/user/.m2/repository/org/yaml/snakeyaml/1.16/snakeyaml-1.16.jar:/home/user/.m2/repository/org/apache/hadoop/hadoop-hdfs-client/3.2.0/hadoop-hdfs-client-3.2.0.jar:/home/user/.m2/repository/info/picocli/picocli/3.9.6/picocli-3.9.6.jar:/home/user/.m2/repository/org/apache/hadoop/hadoop-hdds-server-scm/0.5.0-SNAPSHOT/hadoop-hdds-server-scm-0.5.0-SNAPSHOT.jar:/home/user/.m2/repository/org/apache/hadoop/hadoop-hdds-docs/0.5.0-SNAPSHOT/hadoop-hdds-docs-0.5.0-SNAPSHOT.jar:/home/user/.m2/repository/io/dropwizard/metrics/metrics-core/3.2.4/metrics-core-3.2.4.jar:/home/user/.m2/repository/org/hamcrest/hamcrest-all/1.3/hamcrest-all-1.3.jar:/home/user/.m2/repository/org/bouncycastle/bcprov-jdk15on/1.60/bcprov-jdk15on-1.60.jar:/home/user/.m2/repository/org/apache/hadoop/hadoop-hdds-server-framework/0.5.0-SNAPSHOT/hadoop-hdds-server-framework-0.5.0-SNAPSHOT.jar:/home/user/.m2/repository/org/apache/hadoop/hadoop-ozone-ozone-manager/0.5.0-SNAPSHOT/hadoop-ozone-ozone-manager-0.5.0-SNAPSHOT.jar:/home/user/.m2/repository/org/apache/hadoop/hadoop-hdds-container-service/0.5.0-SNAPSHOT/hadoop-hdds-container-service-0.5.0-SNAPSHOT.jar:/home/user/.m2/repository/org/apache/hadoop/hadoop-hdds-client/0.5.0-SNAPSHOT/hadoop-hdds-client-0.5.0-SNAPSHOT.jar:/home/user/.m2/repository/org/apache/hadoop/hadoop-ozone-common/0.5.0-SNAPSHOT/hadoop-ozone-common-0.5.0-SNAPSHOT.jar:/home/user/.m2/repository/org/apache/hadoop/hadoop-hdds-tools/0.5.0-SNAPSHOT/hadoop-hdds-tools-0.5.0-SNAPSHOT.jar:/home/user/.m2/repository/org/xerial/sqlite-jdbc/3.25.2/sqlite-jdbc-3.25.2.jar:/home/user/.m2/repository/com/google/code/findbugs/findbugs/3.0.1/findbugs-3.0.1.jar:/home/user/.m2/repository/net/jcip/jcip-annotations/1.0/jcip-annotations-1.0.jar:/home/user/.m2/repository/com/google/code/findbugs/bcel-findbugs/6.0/bcel-findbugs-6.0.jar:/home/user/.m2/repository/com/google/code/findbugs/jFormatString/2.0.1/jFormatString-2.0.1.jar:/home/user/.m2/repository/dom4j/dom4j/1.6.1/dom4j-1.6.1.jar:/home/user/.m2/repository/xml-apis/xml-apis/1.0.b2/xml-apis-1.0.b2.jar:/home/user/.m2/repository/org/ow2/asm/asm-debug-all/5.0.2/asm-debug-all-5.0.2.jar:/home/user/.m2/repository/org/ow2/asm/asm-commons/5.0.2/asm-commons-5.0.2.jar:/home/user/.m2/repository/org/ow2/asm/asm-tree/5.0.2/asm-tree-5.0.2.jar:/home/user/.m2/repository/org/ow2/asm/asm/5.0.4/asm-5.0.4.jar:/home/user/.m2/repository/commons-lang/commons-lang/2.6/commons-lang-2.6.jar:/home/user/.m2/repository/com/apple/AppleJavaExtensions/1.4/AppleJavaExtensions-1.4.jar:/home/user/.m2/repository/jaxen/jaxen/1.1.6/jaxen-1.1.6.jar:/home/user/.m2/repository/org/apache/hadoop/hadoop-common/3.2.0/hadoop-common-3.2.0-tests.jar:/home/user/.m2/repository/org/apache/hadoop/hadoop-ozone-client/0.5.0-SNAPSHOT/hadoop-ozone-client-0.5.0-SNAPSHOT.jar:/home/user/.m2/repository/org/apache/hadoop/hadoop-hdfs/3.2.0/hadoop-hdfs-3.2.0-tests.jar:/workdir/hadoop-ozone/integration-test/target/test-classes:/home/user/.m2/repository/org/apache/hadoop/hadoop-ozone-s3gateway/0.5.0-SNAPSHOT/hadoop-ozone-s3gateway-0.5.0-SNAPSHOT.jar:/home/user/.m2/repository/org/jboss/weld/servlet/weld-servlet/2.4.7.Final/weld-servlet-2.4.7.Final.jar:/home/user/.m2/repository/org/glassfish/jersey/containers/jersey-container-servlet-core/2.27/jersey-container-servlet-core-2.27.jar:/home/user/.m2/repository/org/glassfish/hk2/external/javax.inject/2.5.0-b42/javax.inject-2.5.0-b42.jar:/home/user/.m2/repository/org/glassfish/jersey/core/jersey-common/2.27/jersey-common-2.27.jar:/home/user/.m2/repository/org/glassfish/hk2/osgi-resource-locator/1.0.1/osgi-resource-locator-1.0.1.jar:/home/user/.m2/repository/javax/ws/rs/javax.ws.rs-api/2.1/javax.ws.rs-api-2.1.jar:/home/user/.m2/repository/org/glassfish/jersey/ext/cdi/jersey-cdi1x/2.27/jersey-cdi1x-2.27.jar:/home/user/.m2/repository/org/glassfish/jersey/inject/jersey-hk2/2.27/jersey-hk2-2.27.jar:/home/user/.m2/repository/org/glassfish/hk2/hk2-locator/2.5.0-b42/hk2-locator-2.5.0-b42.jar:/home/user/.m2/repository/org/javassist/javassist/3.22.0-CR2/javassist-3.22.0-CR2.jar:/home/user/.m2/repository/org/glassfish/hk2/hk2-api/2.5.0/hk2-api-2.5.0.jar:/home/user/.m2/repository/org/glassfish/hk2/external/jakarta.inject/2.5.0/jakarta.inject-2.5.0.jar:/home/user/.m2/repository/org/glassfish/hk2/hk2-utils/2.5.0/hk2-utils-2.5.0.jar:/home/user/.m2/repository/jakarta/annotation/jakarta.annotation-api/1.3.4/jakarta.annotation-api-1.3.4.jar:/home/user/.m2/repository/org/glassfish/hk2/external/aopalliance-repackaged/2.5.0/aopalliance-repackaged-2.5.0.jar:/home/user/.m2/repository/com/fasterxml/jackson/dataformat/jackson-dataformat-xml/2.9.0/jackson-dataformat-xml-2.9.0.jar:/home/user/.m2/repository/com/fasterxml/jackson/module/jackson-module-jaxb-annotations/2.9.9/jackson-module-jaxb-annotations-2.9.9.jar:/home/user/.m2/repository/javax/enterprise/cdi-api/1.2/cdi-api-1.2.jar:/home/user/.m2/repository/javax/el/javax.el-api/3.0.0/javax.el-api-3.0.0.jar:/home/user/.m2/repository/javax/interceptor/javax.interceptor-api/1.2/javax.interceptor-api-1.2.jar:/home/user/.m2/repository/javax/inject/javax.inject/1/javax.inject-1.jar:/home/user/.m2/repository/com/sun/xml/bind/jaxb-core/2.3.0.1/jaxb-core-2.3.0.1.jar:/home/user/.m2/repository/javax/xml/bind/jaxb-api/2.3.0/jaxb-api-2.3.0.jar:/home/user/.m2/repository/javax/activation/activation/1.1.1/activation-1.1.1.jar:/home/user/.m2/repository/org/apache/hadoop/hadoop-ozone-csi/0.5.0-SNAPSHOT/hadoop-ozone-csi-0.5.0-SNAPSHOT.jar:/home/user/.m2/repository/com/google/protobuf/protobuf-java-util/3.5.1/protobuf-java-util-3.5.1.jar:/home/user/.m2/repository/io/grpc/grpc-netty/1.17.1/grpc-netty-1.17.1.jar:/home/user/.m2/repository/io/grpc/grpc-core/1.17.1/grpc-core-1.17.1.jar:/home/user/.m2/repository/io/grpc/grpc-context/1.17.1/grpc-context-1.17.1.jar:/home/user/.m2/repository/com/google/errorprone/error_prone_annotations/2.2.0/error_prone_annotations-2.2.0.jar:/home/user/.m2/repository/org/codehaus/mojo/animal-sniffer-annotations/1.17/animal-sniffer-annotations-1.17.jar:/home/user/.m2/repository/io/opencensus/opencensus-api/0.17.0/opencensus-api-0.17.0.jar:/home/user/.m2/repository/io/opencensus/opencensus-contrib-grpc-metrics/0.17.0/opencensus-contrib-grpc-metrics-0.17.0.jar:/home/user/.m2/repository/io/netty/netty-codec-http2/4.1.30.Final/netty-codec-http2-4.1.30.Final.jar:/home/user/.m2/repository/io/netty/netty-codec-http/4.1.30.Final/netty-codec-http-4.1.30.Final.jar:/home/user/.m2/repository/io/netty/netty-codec/4.1.30.Final/netty-codec-4.1.30.Final.jar:/home/user/.m2/repository/io/netty/netty-handler/4.1.30.Final/netty-handler-4.1.30.Final.jar:/home/user/.m2/repository/io/netty/netty-handler-proxy/4.1.30.Final/netty-handler-proxy-4.1.30.Final.jar:/home/user/.m2/repository/io/netty/netty-codec-socks/4.1.30.Final/netty-codec-socks-4.1.30.Final.jar:/home/user/.m2/repository/io/netty/netty-transport-native-epoll/4.1.30.Final/netty-transport-native-epoll-4.1.30.Final.jar:/home/user/.m2/repository/io/netty/netty-common/4.1.30.Final/netty-common-4.1.30.Final.jar:/home/user/.m2/repository/io/netty/netty-buffer/4.1.30.Final/netty-buffer-4.1.30.Final.jar:/home/user/.m2/repository/io/netty/netty-transport/4.1.30.Final/netty-transport-4.1.30.Final.jar:/home/user/.m2/repository/io/netty/netty-resolver/4.1.30.Final/netty-resolver-4.1.30.Final.jar:/home/user/.m2/repository/io/netty/netty-transport-native-unix-common/4.1.30.Final/netty-transport-native-unix-common-4.1.30.Final.jar:/home/user/.m2/repository/io/grpc/grpc-protobuf/1.17.1/grpc-protobuf-1.17.1.jar:/home/user/.m2/repository/com/google/api/grpc/proto-google-common-protos/1.0.0/proto-google-common-protos-1.0.0.jar:/home/user/.m2/repository/io/grpc/grpc-protobuf-lite/1.17.1/grpc-protobuf-lite-1.17.1.jar:/home/user/.m2/repository/io/grpc/grpc-stub/1.17.1/grpc-stub-1.17.1.jar:/home/user/.m2/repository/org/apache/hadoop/hadoop-ozone-recon/0.5.0-SNAPSHOT/hadoop-ozone-recon-0.5.0-SNAPSHOT.jar:/home/user/.m2/repository/org/apache/hadoop/hadoop-ozone-reconcodegen/0.5.0-SNAPSHOT/hadoop-ozone-reconcodegen-0.5.0-SNAPSHOT.jar:/home/user/.m2/repository/com/google/inject/extensions/guice-multibindings/4.0/guice-multibindings-4.0.jar:/home/user/.m2/repository/com/google/inject/guice/4.0/guice-4.0.jar:/home/user/.m2/repository/aopalliance/aopalliance/1.0/aopalliance-1.0.jar:/home/user/.m2/repository/org/glassfish/jersey/containers/jersey-container-servlet/2.27/jersey-container-servlet-2.27.jar:/home/user/.m2/repository/org/glassfish/hk2/guice-bridge/2.5.0/guice-bridge-2.5.0.jar:/home/user/.m2/repository/org/glassfish/jersey/core/jersey-server/2.27/jersey-server-2.27.jar:/home/user/.m2/repository/org/glassfish/jersey/core/jersey-client/2.27/jersey-client-2.27.jar:/home/user/.m2/repository/org/glassfish/jersey/media/jersey-media-jaxb/2.27/jersey-media-jaxb-2.27.jar:/home/user/.m2/repository/javax/validation/validation-api/1.1.0.Final/validation-api-1.1.0.Final.jar:/home/user/.m2/repository/org/glassfish/jersey/media/jersey-media-json-jackson/2.27/jersey-media-json-jackson-2.27.jar:/home/user/.m2/repository/org/glassfish/jersey/ext/jersey-entity-filtering/2.27/jersey-entity-filtering-2.27.jar:/home/user/.m2/repository/com/google/inject/extensions/guice-assistedinject/4.0/guice-assistedinject-4.0.jar:/home/user/.m2/repository/org/jooq/jooq/3.11.10/jooq-3.11.10.jar:/home/user/.m2/repository/org/jooq/jooq-meta/3.11.10/jooq-meta-3.11.10.jar:/home/user/.m2/repository/org/jooq/jooq-codegen/3.11.10/jooq-codegen-3.11.10.jar:/home/user/.m2/repository/com/jolbox/bonecp/0.8.0.RELEASE/bonecp-0.8.0.RELEASE.jar:/home/user/.m2/repository/org/springframework/spring-jdbc/5.1.3.RELEASE/spring-jdbc-5.1.3.RELEASE.jar:/home/user/.m2/repository/org/springframework/spring-beans/5.1.3.RELEASE/spring-beans-5.1.3.RELEASE.jar:/home/user/.m2/repository/org/springframework/spring-core/5.1.3.RELEASE/spring-core-5.1.3.RELEASE.jar:/home/user/.m2/repository/org/springframework/spring-jcl/5.1.3.RELEASE/spring-jcl-5.1.3.RELEASE.jar:/home/user/.m2/repository/org/springframework/spring-tx/5.1.3.RELEASE/spring-tx-5.1.3.RELEASE.jar:/home/user/.m2/repository/org/mockito/mockito-all/1.10.19/mockito-all-1.10.19.jar:/home/user/.m2/repository/junit/junit/4.11/junit-4.11.jar:/home/user/.m2/repository/org/hamcrest/hamcrest-core/1.3/hamcrest-core-1.3.jar:/home/user/.m2/repository/org/apache/hadoop/hadoop-distcp/3.2.0/hadoop-distcp-3.2.0.jar:/home/user/.m2/repository/org/apache/hadoop/hadoop-distcp/3.2.0/hadoop-distcp-3.2.0-tests.jar:/home/user/.m2/repository/org/apache/hadoop/hadoop-mapreduce-client-jobclient/3.2.0/hadoop-mapreduce-client-jobclient-3.2.0.jar:/home/user/.m2/repository/org/apache/hadoop/hadoop-mapreduce-client-common/3.2.0/hadoop-mapreduce-client-common-3.2.0.jar:/home/user/.m2/repository/org/apache/hadoop/hadoop-yarn-common/3.2.0/hadoop-yarn-common-3.2.0.jar:/home/user/.m2/repository/org/apache/hadoop/hadoop-yarn-api/3.2.0/hadoop-yarn-api-3.2.0.jar:/home/user/.m2/repository/com/sun/jersey/jersey-client/1.19/jersey-client-1.19.jar:/home/user/.m2/repository/com/sun/jersey/contribs/jersey-guice/1.19/jersey-guice-1.19.jar:/home/user/.m2/repository/com/fasterxml/jackson/jaxrs/jackson-jaxrs-json-provider/2.9.9/jackson-jaxrs-json-provider-2.9.9.jar:/home/user/.m2/repository/com/fasterxml/jackson/jaxrs/jackson-jaxrs-base/2.9.9/jackson-jaxrs-base-2.9.9.jar:/home/user/.m2/repository/org/apache/hadoop/hadoop-yarn-client/3.2.0/hadoop-yarn-client-3.2.0.jar:/home/user/.m2/repository/org/apache/hadoop/hadoop-mapreduce-client-core/3.2.0/hadoop-mapreduce-client-core-3.2.0.jar:/home/user/.m2/repository/com/google/inject/extensions/guice-servlet/4.0/guice-servlet-4.0.jar:/home/user/.m2/repository/org/powermock/powermock-module-junit4/1.6.5/powermock-module-junit4-1.6.5.jar:/home/user/.m2/repository/org/powermock/powermock-module-junit4-common/1.6.5/powermock-module-junit4-common-1.6.5.jar:/home/user/.m2/repository/org/powermock/powermock-core/1.6.5/powermock-core-1.6.5.jar:/home/user/.m2/repository/org/powermock/powermock-reflect/1.6.5/powermock-reflect-1.6.5.jar:/home/user/.m2/repository/org/powermock/powermock-api-mockito/1.6.5/powermock-api-mockito-1.6.5.jar:/home/user/.m2/repository/org/mockito/mockito-core/1.10.19/mockito-core-1.10.19.jar:/home/user/.m2/repository/org/objenesis/objenesis/1.0/objenesis-1.0.jar:/home/user/.m2/repository/org/powermock/powermock-api-mockito-common/1.6.5/powermock-api-mockito-common-1.6.5.jar:/home/user/.m2/repository/org/powermock/powermock-api-support/1.6.5/powermock-api-support-1.6.5.jar:"/>
    <property name="sun.cpu.endian" value="little"/>
    <property name="user.home" value="/home/user"/>
    <property name="user.language" value="en"/>
    <property name="java.specification.vendor" value="Oracle Corporation"/>
    <property name="java.home" value="/usr/lib/jvm/java-1.8-openjdk/jre"/>
    <property name="java.security.krb5.conf" value="/workdir/hadoop-ozone/ozonefs/target/test-classes/krb5.conf"/>
    <property name="basedir" value="/workdir/hadoop-ozone/ozonefs"/>
    <property name="file.separator" value="/"/>
    <property name="line.separator" value="&#10;"/>
    <property name="java.vm.specification.vendor" value="Oracle Corporation"/>
    <property name="java.specification.name" value="Java Platform API Specification"/>
    <property name="java.awt.graphicsenv" value="sun.awt.X11GraphicsEnvironment"/>
    <property name="surefire.real.class.path" value="/workdir/hadoop-ozone/ozonefs/target/surefire/surefirebooter4690142431236308460.jar"/>
    <property name="hadoop.log.dir" value="/workdir/hadoop-ozone/ozonefs/target/log"/>
    <property name="sun.boot.class.path" value="/usr/lib/jvm/java-1.8-openjdk/jre/lib/resources.jar:/usr/lib/jvm/java-1.8-openjdk/jre/lib/rt.jar:/usr/lib/jvm/java-1.8-openjdk/jre/lib/sunrsasign.jar:/usr/lib/jvm/java-1.8-openjdk/jre/lib/jsse.jar:/usr/lib/jvm/java-1.8-openjdk/jre/lib/jce.jar:/usr/lib/jvm/java-1.8-openjdk/jre/lib/charsets.jar:/usr/lib/jvm/java-1.8-openjdk/jre/lib/jfr.jar:/usr/lib/jvm/java-1.8-openjdk/jre/classes"/>
    <property name="sun.management.compiler" value="HotSpot 64-Bit Tiered Compilers"/>
    <property name="java.runtime.version" value="1.8.0_212-b04"/>
    <property name="java.net.preferIPv4Stack" value="true"/>
    <property name="user.name" value="jenkins1000"/>
    <property name="path.separator" value=":"/>
    <property name="java.security.egd" value="file:///dev/urandom"/>
    <property name="os.version" value="3.10.0-957.12.2.el7.x86_64"/>
    <property name="java.endorsed.dirs" value="/usr/lib/jvm/java-1.8-openjdk/jre/lib/endorsed"/>
    <property name="java.runtime.name" value="OpenJDK Runtime Environment"/>
    <property name="file.encoding" value="UTF-8"/>
    <property name="java.vm.name" value="OpenJDK 64-Bit Server VM"/>
    <property name="test.build.webapps" value=""/>
    <property name="localRepository" value="/home/user/.m2/repository"/>
    <property name="java.vendor.url.bug" value="https://icedtea.classpath.org/bugzilla"/>
    <property name="java.io.tmpdir" value="/tmp"/>
    <property name="require.test.libhadoop" value=""/>
    <property name="java.version" value="1.8.0_212"/>
    <property name="user.dir" value="/workdir/hadoop-ozone/ozonefs"/>
    <property name="os.arch" value="amd64"/>
    <property name="java.vm.specification.name" value="Java Virtual Machine Specification"/>
    <property name="test.build.classes" value="/workdir/hadoop-ozone/ozonefs/target/test-classes"/>
    <property name="java.awt.printerjob" value="sun.print.PSPrinterJob"/>
    <property name="sun.os.patch.level" value="unknown"/>
    <property name="hadoop.tmp.dir" value="/workdir/hadoop-ozone/ozonefs/target/tmp"/>
    <property name="java.library.path" value="/usr/lib/jvm/java-1.8-openjdk/jre/lib/amd64/server:/usr/lib/jvm/java-1.8-openjdk/jre/lib/amd64:/usr/lib/jvm/java-1.8-openjdk/jre/../lib/amd64:/workdir/hadoop-ozone/ozonefs/target/native/target/usr/local/lib:/workdir/hadoop-ozone/ozonefs/../../hadoop-common-project/hadoop-common/target/native/target/usr/local/lib:/usr/java/packages/lib/amd64:/usr/lib64:/lib64:/lib:/usr/lib"/>
    <property name="java.vm.info" value="mixed mode"/>
    <property name="java.vendor" value="IcedTea"/>
    <property name="java.vm.version" value="25.212-b04"/>
    <property name="java.ext.dirs" value="/usr/lib/jvm/java-1.8-openjdk/jre/lib/ext:/usr/java/packages/lib/ext"/>
    <property name="sun.io.unicode.encoding" value="UnicodeLittle"/>
    <property name="java.class.version" value="52.0"/>
  </properties>
  <testcase name="testRenameWithNonEmptySubDir" classname="org.apache.hadoop.fs.ozone.contract.ITestOzoneContractRename" time="2.229">
    <error message="Allocated 0 blocks. Requested 1 blocks" type="INTERNAL_ERROR org.apache.hadoop.ozone.om.exceptions.OMException">INTERNAL_ERROR org.apache.hadoop.ozone.om.exceptions.OMException: Allocated 0 blocks. Requested 1 blocks
	at org.apache.hadoop.ozone.om.protocolPB.OzoneManagerProtocolClientSideTranslatorPB.handleError(OzoneManagerProtocolClientSideTranslatorPB.java:732)
	at org.apache.hadoop.ozone.om.protocolPB.OzoneManagerProtocolClientSideTranslatorPB.createFile(OzoneManagerProtocolClientSideTranslatorPB.java:1536)
	at sun.reflect.NativeMethodAccessorImpl.invoke0(Native Method)
	at sun.reflect.NativeMethodAccessorImpl.invoke(NativeMethodAccessorImpl.java:62)
	at sun.reflect.DelegatingMethodAccessorImpl.invoke(DelegatingMethodAccessorImpl.java:43)
	at java.lang.reflect.Method.invoke(Method.java:498)
	at org.apache.hadoop.hdds.tracing.TraceAllMethod.invoke(TraceAllMethod.java:66)
	at com.sun.proxy.$Proxy41.createFile(Unknown Source)
	at org.apache.hadoop.ozone.client.rpc.RpcClient.createFile(RpcClient.java:1006)
	at org.apache.hadoop.ozone.client.OzoneBucket.createFile(OzoneBucket.java:537)
	at org.apache.hadoop.fs.ozone.BasicOzoneClientAdapterImpl.createFile(BasicOzoneClientAdapterImpl.java:205)
	at org.apache.hadoop.fs.ozone.BasicOzoneFileSystem.createOutputStream(BasicOzoneFileSystem.java:250)
	at org.apache.hadoop.fs.ozone.BasicOzoneFileSystem.create(BasicOzoneFileSystem.java:231)
	at org.apache.hadoop.fs.FileSystem.create(FileSystem.java:1118)
	at org.apache.hadoop.fs.FileSystem.create(FileSystem.java:1098)
	at org.apache.hadoop.fs.FileSystem.create(FileSystem.java:987)
	at org.apache.hadoop.fs.contract.ContractTestUtils.createFile(ContractTestUtils.java:633)
	at org.apache.hadoop.fs.contract.ContractTestUtils.writeTextFile(ContractTestUtils.java:617)
	at org.apache.hadoop.fs.contract.AbstractContractRenameTest.testRenameWithNonEmptySubDir(AbstractContractRenameTest.java:197)
	at sun.reflect.NativeMethodAccessorImpl.invoke0(Native Method)
	at sun.reflect.NativeMethodAccessorImpl.invoke(NativeMethodAccessorImpl.java:62)
	at sun.reflect.DelegatingMethodAccessorImpl.invoke(DelegatingMethodAccessorImpl.java:43)
	at java.lang.reflect.Method.invoke(Method.java:498)
	at org.junit.runners.model.FrameworkMethod$1.runReflectiveCall(FrameworkMethod.java:47)
	at org.junit.internal.runners.model.ReflectiveCallable.run(ReflectiveCallable.java:12)
	at org.junit.runners.model.FrameworkMethod.invokeExplosively(FrameworkMethod.java:44)
	at org.junit.internal.runners.statements.InvokeMethod.evaluate(InvokeMethod.java:17)
	at org.junit.internal.runners.statements.RunBefores.evaluate(RunBefores.java:26)
	at org.junit.internal.runners.statements.RunAfters.evaluate(RunAfters.java:27)
	at org.junit.rules.TestWatcher$1.evaluate(TestWatcher.java:55)
	at org.junit.internal.runners.statements.FailOnTimeout$StatementThread.run(FailOnTimeout.java:74)
</error>
    <system-out><![CDATA[2019-09-25 07:18:26,821 [JUnit] WARN  server.ServerUtils (ServerUtils.java:getScmDbDir(145)) - ozone.scm.db.dirs is not configured. We recommend adding this setting. Falling back to ozone.metadata.dirs instead.
2019-09-25 07:18:26,982 [JUnit] WARN  server.ServerUtils (ServerUtils.java:getScmDbDir(145)) - ozone.scm.db.dirs is not configured. We recommend adding this setting. Falling back to ozone.metadata.dirs instead.
2019-09-25 07:18:26,986 [JUnit] WARN  server.ServerUtils (ServerUtils.java:getScmDbDir(145)) - ozone.scm.db.dirs is not configured. We recommend adding this setting. Falling back to ozone.metadata.dirs instead.
2019-09-25 07:18:27,006 [JUnit] INFO  util.log (Log.java:initialized(192)) - Logging initialized @925ms
2019-09-25 07:18:27,112 [JUnit] INFO  db.DBStoreBuilder (DBStoreBuilder.java:addTable(110)) - using custom profile for table: deletedBlocks
2019-09-25 07:18:27,112 [JUnit] INFO  db.DBStoreBuilder (DBStoreBuilder.java:processTables(161)) - Using default column profile:DBProfile.DISK for Table:deletedBlocks
2019-09-25 07:18:27,112 [JUnit] INFO  db.DBStoreBuilder (DBStoreBuilder.java:addTable(110)) - using custom profile for table: validCerts
2019-09-25 07:18:27,113 [JUnit] INFO  db.DBStoreBuilder (DBStoreBuilder.java:processTables(161)) - Using default column profile:DBProfile.DISK for Table:validCerts
2019-09-25 07:18:27,113 [JUnit] INFO  db.DBStoreBuilder (DBStoreBuilder.java:addTable(110)) - using custom profile for table: revokedCerts
2019-09-25 07:18:27,113 [JUnit] INFO  db.DBStoreBuilder (DBStoreBuilder.java:processTables(161)) - Using default column profile:DBProfile.DISK for Table:revokedCerts
2019-09-25 07:18:27,126 [JUnit] INFO  db.DBStoreBuilder (DBStoreBuilder.java:addTable(110)) - using custom profile for table: default
2019-09-25 07:18:27,126 [JUnit] INFO  db.DBStoreBuilder (DBStoreBuilder.java:processTables(167)) - Using default column profile:DBProfile.DISK for Table:default
2019-09-25 07:18:27,127 [JUnit] INFO  db.DBStoreBuilder (DBStoreBuilder.java:getDbProfile(198)) - Using default options. DBProfile.DISK
2019-09-25 07:18:27,380 [JUnit] INFO  net.NodeSchemaLoader (NodeSchemaLoader.java:loadSchemaFromFile(125)) - Loading file from sun.misc.CompoundEnumeration@54d9d12d
2019-09-25 07:18:27,381 [JUnit] INFO  net.NodeSchemaLoader (NodeSchemaLoader.java:loadSchema(171)) - Loading network topology layer schema file
2019-09-25 07:18:27,450 [JUnit] WARN  server.ServerUtils (ServerUtils.java:sanitizeUserArgs(70)) - ozone.scm.stale.node.interval value = 300000 is larger than max = 100000 based on the key value of ozone.scm.heartbeat.thread.interval, reset to the max value 100000.
2019-09-25 07:18:27,452 [JUnit] WARN  server.ServerUtils (ServerUtils.java:sanitizeUserArgs(70)) - ozone.scm.stale.node.interval value = 300000 is larger than max = 100000 based on the key value of ozone.scm.heartbeat.thread.interval, reset to the max value 100000.
2019-09-25 07:18:27,454 [JUnit] INFO  node.SCMNodeManager (SCMNodeManager.java:<init>(114)) - Entering startup safe mode.
2019-09-25 07:18:27,588 [JUnit] INFO  algorithms.ContainerPlacementPolicyFactory (ContainerPlacementPolicyFactory.java:getPolicy(59)) - Create container placement policy of type org.apache.hadoop.hdds.scm.container.placement.algorithms.SCMContainerPlacementRandom
2019-09-25 07:18:27,605 [JUnit] WARN  server.ServerUtils (ServerUtils.java:getScmDbDir(145)) - ozone.scm.db.dirs is not configured. We recommend adding this setting. Falling back to ozone.metadata.dirs instead.
2019-09-25 07:18:27,671 [JUnit] INFO  pipeline.SCMPipelineManager (SCMPipelineManager.java:initializePipelineState(132)) - No pipeline exists in current db
2019-09-25 07:18:27,674 [JUnit] WARN  server.ServerUtils (ServerUtils.java:getScmDbDir(145)) - ozone.scm.db.dirs is not configured. We recommend adding this setting. Falling back to ozone.metadata.dirs instead.
2019-09-25 07:18:27,784 [JUnit] WARN  events.EventQueue (EventQueue.java:fireEvent(183)) - No event handler registered for event TypedEvent{payloadType=SafeModeStatus, name='SafeModeStatus'}
2019-09-25 07:18:28,220 [JUnit] INFO  ipc.CallQueueManager (CallQueueManager.java:<init>(84)) - Using callQueue: class java.util.concurrent.LinkedBlockingQueue, queueCapacity: 2000, scheduler: class org.apache.hadoop.ipc.DefaultRpcScheduler, ipcBackoff: false.
2019-09-25 07:18:28,378 [Socket Reader #1 for port 41120] INFO  ipc.Server (Server.java:run(1074)) - Starting Socket Reader #1 for port 41120
2019-09-25 07:18:28,419 [JUnit] INFO  ipc.CallQueueManager (CallQueueManager.java:<init>(84)) - Using callQueue: class java.util.concurrent.LinkedBlockingQueue, queueCapacity: 2000, scheduler: class org.apache.hadoop.ipc.DefaultRpcScheduler, ipcBackoff: false.
2019-09-25 07:18:28,421 [Socket Reader #1 for port 43327] INFO  ipc.Server (Server.java:run(1074)) - Starting Socket Reader #1 for port 43327
2019-09-25 07:18:28,431 [JUnit] INFO  ipc.CallQueueManager (CallQueueManager.java:<init>(84)) - Using callQueue: class java.util.concurrent.LinkedBlockingQueue, queueCapacity: 2000, scheduler: class org.apache.hadoop.ipc.DefaultRpcScheduler, ipcBackoff: false.
2019-09-25 07:18:28,433 [Socket Reader #1 for port 42805] INFO  ipc.Server (Server.java:run(1074)) - Starting Socket Reader #1 for port 42805
2019-09-25 07:18:28,458 [JUnit] INFO  hdfs.DFSUtil (DFSUtil.java:httpServerTemplateForNNAndJN(1641)) - Starting Web-server for scm at: http://0.0.0.0:0
2019-09-25 07:18:28,598 [JUnit] INFO  server.AuthenticationFilter (AuthenticationFilter.java:constructSecretProvider(240)) - Unable to initialize FileSignerSecretProvider, falling back to use random secrets.
2019-09-25 07:18:28,613 [JUnit] WARN  http.HttpRequestLog (HttpRequestLog.java:getRequestLog(97)) - Jetty request log can only be enabled using Log4j
2019-09-25 07:18:28,625 [JUnit] INFO  http.HttpServer2 (HttpServer2.java:addGlobalFilter(975)) - Added global filter 'safety' (class=org.apache.hadoop.http.HttpServer2$QuotingInputFilter)
2019-09-25 07:18:28,627 [JUnit] INFO  http.HttpServer2 (HttpServer2.java:addFilter(948)) - Added filter static_user_filter (class=org.apache.hadoop.http.lib.StaticUserWebFilter$StaticUserFilter) to context scm
2019-09-25 07:18:28,627 [JUnit] INFO  http.HttpServer2 (HttpServer2.java:addFilter(958)) - Added filter static_user_filter (class=org.apache.hadoop.http.lib.StaticUserWebFilter$StaticUserFilter) to context logs
2019-09-25 07:18:28,628 [JUnit] INFO  http.HttpServer2 (HttpServer2.java:addFilter(958)) - Added filter static_user_filter (class=org.apache.hadoop.http.lib.StaticUserWebFilter$StaticUserFilter) to context static
2019-09-25 07:18:28,655 [JUnit] INFO  server.StorageContainerManager (StorageContainerManager.java:start(770)) - StorageContainerLocationProtocol RPC server is listening at /0.0.0.0:42805
2019-09-25 07:18:28,704 [JUnit] WARN  impl.MetricsConfig (MetricsConfig.java:loadFirst(134)) - Cannot locate configuration: tried hadoop-metrics2-storagecontainermanager.properties,hadoop-metrics2.properties
2019-09-25 07:18:28,716 [JUnit] INFO  impl.MetricsSystemImpl (MetricsSystemImpl.java:startTimer(374)) - Scheduled Metric snapshot period at 10 second(s).
2019-09-25 07:18:28,716 [JUnit] INFO  impl.MetricsSystemImpl (MetricsSystemImpl.java:start(191)) - StorageContainerManager metrics system started
2019-09-25 07:18:28,925 [JUnit] INFO  server.SCMClientProtocolServer (SCMClientProtocolServer.java:start(151)) - RPC server for Client  is listening at /0.0.0.0:42805
2019-09-25 07:18:28,926 [IPC Server Responder] INFO  ipc.Server (Server.java:run(1314)) - IPC Server Responder: starting
2019-09-25 07:18:28,926 [IPC Server listener on 42805] INFO  ipc.Server (Server.java:run(1153)) - IPC Server listener on 42805: starting
2019-09-25 07:18:28,932 [JUnit] INFO  server.StorageContainerManager (StorageContainerManager.java:start(780)) - ScmBlockLocationProtocol RPC server is listening at /0.0.0.0:43327
2019-09-25 07:18:28,933 [JUnit] INFO  server.SCMBlockProtocolServer (SCMBlockProtocolServer.java:start(146)) - RPC server for Block Protocol is listening at /0.0.0.0:43327
2019-09-25 07:18:28,934 [IPC Server Responder] INFO  ipc.Server (Server.java:run(1314)) - IPC Server Responder: starting
2019-09-25 07:18:28,934 [IPC Server listener on 43327] INFO  ipc.Server (Server.java:run(1153)) - IPC Server listener on 43327: starting
2019-09-25 07:18:28,942 [JUnit] INFO  server.StorageContainerManager (StorageContainerManager.java:start(784)) - ScmDatanodeProtocl RPC server is listening at /0.0.0.0:41120
2019-09-25 07:18:28,943 [JUnit] INFO  server.SCMDatanodeProtocolServer (SCMDatanodeProtocolServer.java:start(191)) - RPC server for DataNodes is listening at /0.0.0.0:41120
2019-09-25 07:18:28,945 [IPC Server Responder] INFO  ipc.Server (Server.java:run(1314)) - IPC Server Responder: starting
2019-09-25 07:18:28,946 [IPC Server listener on 41120] INFO  ipc.Server (Server.java:run(1153)) - IPC Server listener on 41120: starting
2019-09-25 07:18:28,959 [JUnit] INFO  http.HttpServer2 (HttpServer2.java:bindListener(1191)) - Jetty bound to port 35905
2019-09-25 07:18:28,960 [JUnit] INFO  server.Server (Server.java:doStart(351)) - jetty-9.3.25.v20180904, build timestamp: 2018-09-04T21:11:46Z, git hash: 3ce520221d0240229c862b122d2b06c12a625732
2019-09-25 07:18:28,996 [JUnit] INFO  handler.ContextHandler (ContextHandler.java:doStart(781)) - Started o.e.j.s.ServletContextHandler@54d18072{/logs,file:///workdir/hadoop-ozone/ozonefs/target/log,AVAILABLE}
2019-09-25 07:18:28,997 [JUnit] INFO  handler.ContextHandler (ContextHandler.java:doStart(781)) - Started o.e.j.s.ServletContextHandler@1a45193b{/static,jar:file:/home/user/.m2/repository/org/apache/hadoop/hadoop-hdds-server-scm/0.5.0-SNAPSHOT/hadoop-hdds-server-scm-0.5.0-SNAPSHOT.jar!/webapps/static,AVAILABLE}
2019-09-25 07:18:29,067 [JUnit] INFO  handler.ContextHandler (ContextHandler.java:doStart(781)) - Started o.e.j.w.WebAppContext@ecf9049{/,file:///tmp/jetty-0.0.0.0-35905-scm-_-any-539051727411150685.dir/webapp/,AVAILABLE}{/scm}
2019-09-25 07:18:29,072 [JUnit] INFO  server.AbstractConnector (AbstractConnector.java:doStart(278)) - Started ServerConnector@aec50a1{HTTP/1.1,[http/1.1]}{0.0.0.0:35905}
2019-09-25 07:18:29,073 [JUnit] INFO  server.Server (Server.java:doStart(419)) - Started @2992ms
2019-09-25 07:18:29,075 [JUnit] INFO  impl.MetricsSinkAdapter (MetricsSinkAdapter.java:start(204)) - Sink prometheus started
2019-09-25 07:18:29,075 [JUnit] INFO  impl.MetricsSystemImpl (MetricsSystemImpl.java:registerSink(301)) - Registered sink prometheus
2019-09-25 07:18:29,076 [JUnit] INFO  server.BaseHttpServer (BaseHttpServer.java:updateConnectorAddress(215)) - HTTP server of SCM is listening at http://0.0.0.0:35905
2019-09-25 07:18:29,082 [org.apache.hadoop.util.JvmPauseMonitor$Monitor@43c67247] INFO  util.JvmPauseMonitor (JvmPauseMonitor.java:run(188)) - Starting JVM pause monitor
2019-09-25 07:18:29,085 [JUnit] WARN  server.ServerUtils (ServerUtils.java:getDBPath(222)) - ozone.om.db.dirs is not configured. We recommend adding this setting. Falling back to ozone.metadata.dirs instead.
2019-09-25 07:18:29,188 [JUnit] WARN  server.ServerUtils (ServerUtils.java:getDBPath(222)) - ozone.om.db.dirs is not configured. We recommend adding this setting. Falling back to ozone.metadata.dirs instead.
2019-09-25 07:18:29,189 [JUnit] WARN  server.ServerUtils (ServerUtils.java:getDBPath(222)) - ozone.om.db.dirs is not configured. We recommend adding this setting. Falling back to ozone.metadata.dirs instead.
2019-09-25 07:18:29,190 [JUnit] INFO  om.OzoneManager (OzoneManager.java:setOMNodeDetails(652)) - OM Service ID is not set. Setting it to the default ID: omServiceIdDefault
2019-09-25 07:18:29,190 [JUnit] INFO  om.OzoneManager (OzoneManager.java:setOMNodeDetails(658)) - OM Node ID is not set. Setting it to the OmStorage's OmID: cd1361d2-db1d-4ba3-a3ff-217bd0c45a10
2019-09-25 07:18:29,191 [JUnit] INFO  om.OzoneManager (OzoneManager.java:loadOMHAConfigs(609)) - Found matching OM address with OMServiceId: null, OMNodeId: null, RPC Address: localhost:0 and Ratis port: 9872
2019-09-25 07:18:29,871 [JUnit] WARN  server.ServerUtils (ServerUtils.java:getDBPath(222)) - ozone.om.db.dirs is not configured. We recommend adding this setting. Falling back to ozone.metadata.dirs instead.
2019-09-25 07:18:29,880 [JUnit] INFO  db.DBStoreBuilder (DBStoreBuilder.java:addTable(110)) - using custom profile for table: userTable
2019-09-25 07:18:29,880 [JUnit] INFO  db.DBStoreBuilder (DBStoreBuilder.java:processTables(161)) - Using default column profile:DBProfile.DISK for Table:userTable
2019-09-25 07:18:29,880 [JUnit] INFO  db.DBStoreBuilder (DBStoreBuilder.java:addTable(110)) - using custom profile for table: volumeTable
2019-09-25 07:18:29,881 [JUnit] INFO  db.DBStoreBuilder (DBStoreBuilder.java:processTables(161)) - Using default column profile:DBProfile.DISK for Table:volumeTable
2019-09-25 07:18:29,881 [JUnit] INFO  db.DBStoreBuilder (DBStoreBuilder.java:addTable(110)) - using custom profile for table: bucketTable
2019-09-25 07:18:29,881 [JUnit] INFO  db.DBStoreBuilder (DBStoreBuilder.java:processTables(161)) - Using default column profile:DBProfile.DISK for Table:bucketTable
2019-09-25 07:18:29,881 [JUnit] INFO  db.DBStoreBuilder (DBStoreBuilder.java:addTable(110)) - using custom profile for table: keyTable
2019-09-25 07:18:29,881 [JUnit] INFO  db.DBStoreBuilder (DBStoreBuilder.java:processTables(161)) - Using default column profile:DBProfile.DISK for Table:keyTable
2019-09-25 07:18:29,882 [JUnit] INFO  db.DBStoreBuilder (DBStoreBuilder.java:addTable(110)) - using custom profile for table: deletedTable
2019-09-25 07:18:29,882 [JUnit] INFO  db.DBStoreBuilder (DBStoreBuilder.java:processTables(161)) - Using default column profile:DBProfile.DISK for Table:deletedTable
2019-09-25 07:18:29,882 [JUnit] INFO  db.DBStoreBuilder (DBStoreBuilder.java:addTable(110)) - using custom profile for table: openKeyTable
2019-09-25 07:18:29,882 [JUnit] INFO  db.DBStoreBuilder (DBStoreBuilder.java:processTables(161)) - Using default column profile:DBProfile.DISK for Table:openKeyTable
2019-09-25 07:18:29,883 [JUnit] INFO  db.DBStoreBuilder (DBStoreBuilder.java:addTable(110)) - using custom profile for table: s3Table
2019-09-25 07:18:29,883 [JUnit] INFO  db.DBStoreBuilder (DBStoreBuilder.java:processTables(161)) - Using default column profile:DBProfile.DISK for Table:s3Table
2019-09-25 07:18:29,883 [JUnit] INFO  db.DBStoreBuilder (DBStoreBuilder.java:addTable(110)) - using custom profile for table: multipartInfoTable
2019-09-25 07:18:29,883 [JUnit] INFO  db.DBStoreBuilder (DBStoreBuilder.java:processTables(161)) - Using default column profile:DBProfile.DISK for Table:multipartInfoTable
2019-09-25 07:18:29,884 [JUnit] INFO  db.DBStoreBuilder (DBStoreBuilder.java:addTable(110)) - using custom profile for table: dTokenTable
2019-09-25 07:18:29,884 [JUnit] INFO  db.DBStoreBuilder (DBStoreBuilder.java:processTables(161)) - Using default column profile:DBProfile.DISK for Table:dTokenTable
2019-09-25 07:18:29,884 [JUnit] INFO  db.DBStoreBuilder (DBStoreBuilder.java:addTable(110)) - using custom profile for table: s3SecretTable
2019-09-25 07:18:29,884 [JUnit] INFO  db.DBStoreBuilder (DBStoreBuilder.java:processTables(161)) - Using default column profile:DBProfile.DISK for Table:s3SecretTable
2019-09-25 07:18:29,884 [JUnit] INFO  db.DBStoreBuilder (DBStoreBuilder.java:addTable(110)) - using custom profile for table: prefixTable
2019-09-25 07:18:29,885 [JUnit] INFO  db.DBStoreBuilder (DBStoreBuilder.java:processTables(161)) - Using default column profile:DBProfile.DISK for Table:prefixTable
2019-09-25 07:18:29,885 [JUnit] INFO  db.DBStoreBuilder (DBStoreBuilder.java:addTable(110)) - using custom profile for table: default
2019-09-25 07:18:29,885 [JUnit] INFO  db.DBStoreBuilder (DBStoreBuilder.java:processTables(167)) - Using default column profile:DBProfile.DISK for Table:default
2019-09-25 07:18:29,885 [JUnit] INFO  db.DBStoreBuilder (DBStoreBuilder.java:getDbProfile(198)) - Using default options. DBProfile.DISK
2019-09-25 07:18:31,006 [JUnit] INFO  ipc.CallQueueManager (CallQueueManager.java:<init>(84)) - Using callQueue: class java.util.concurrent.LinkedBlockingQueue, queueCapacity: 2000, scheduler: class org.apache.hadoop.ipc.DefaultRpcScheduler, ipcBackoff: false.
2019-09-25 07:18:31,008 [Socket Reader #1 for port 46616] INFO  ipc.Server (Server.java:run(1074)) - Starting Socket Reader #1 for port 46616
2019-09-25 07:18:31,032 [JUnit] INFO  om.OzoneManager (OzoneManager.java:start(1243)) - OzoneManager RPC server is listening at localhost/127.0.0.1:46616
2019-09-25 07:18:31,032 [JUnit] INFO  impl.MetricsSystemImpl (MetricsSystemImpl.java:init(158)) - OzoneManager metrics system started (again)
2019-09-25 07:18:31,034 [IPC Server Responder] INFO  ipc.Server (Server.java:run(1314)) - IPC Server Responder: starting
2019-09-25 07:18:31,035 [IPC Server listener on 46616] INFO  ipc.Server (Server.java:run(1153)) - IPC Server listener on 46616: starting
2019-09-25 07:18:31,052 [JUnit] INFO  hdfs.DFSUtil (DFSUtil.java:httpServerTemplateForNNAndJN(1641)) - Starting Web-server for ozoneManager at: http://0.0.0.0:0
2019-09-25 07:18:31,056 [JUnit] INFO  server.AuthenticationFilter (AuthenticationFilter.java:constructSecretProvider(240)) - Unable to initialize FileSignerSecretProvider, falling back to use random secrets.
2019-09-25 07:18:31,057 [JUnit] WARN  http.HttpRequestLog (HttpRequestLog.java:getRequestLog(97)) - Jetty request log can only be enabled using Log4j
2019-09-25 07:18:31,060 [JUnit] INFO  http.HttpServer2 (HttpServer2.java:addGlobalFilter(975)) - Added global filter 'safety' (class=org.apache.hadoop.http.HttpServer2$QuotingInputFilter)
2019-09-25 07:18:31,062 [JUnit] INFO  http.HttpServer2 (HttpServer2.java:addFilter(948)) - Added filter static_user_filter (class=org.apache.hadoop.http.lib.StaticUserWebFilter$StaticUserFilter) to context ozoneManager
2019-09-25 07:18:31,062 [JUnit] INFO  http.HttpServer2 (HttpServer2.java:addFilter(958)) - Added filter static_user_filter (class=org.apache.hadoop.http.lib.StaticUserWebFilter$StaticUserFilter) to context logs
2019-09-25 07:18:31,062 [JUnit] INFO  http.HttpServer2 (HttpServer2.java:addFilter(958)) - Added filter static_user_filter (class=org.apache.hadoop.http.lib.StaticUserWebFilter$StaticUserFilter) to context static
2019-09-25 07:18:31,066 [JUnit] INFO  http.HttpServer2 (HttpServer2.java:bindListener(1191)) - Jetty bound to port 34022
2019-09-25 07:18:31,066 [JUnit] INFO  server.Server (Server.java:doStart(351)) - jetty-9.3.25.v20180904, build timestamp: 2018-09-04T21:11:46Z, git hash: 3ce520221d0240229c862b122d2b06c12a625732
2019-09-25 07:18:31,073 [JUnit] INFO  handler.ContextHandler (ContextHandler.java:doStart(781)) - Started o.e.j.s.ServletContextHandler@771db12c{/logs,file:///workdir/hadoop-ozone/ozonefs/target/log,AVAILABLE}
2019-09-25 07:18:31,073 [JUnit] INFO  handler.ContextHandler (ContextHandler.java:doStart(781)) - Started o.e.j.s.ServletContextHandler@26ae880a{/static,jar:file:/home/user/.m2/repository/org/apache/hadoop/hadoop-ozone-ozone-manager/0.5.0-SNAPSHOT/hadoop-ozone-ozone-manager-0.5.0-SNAPSHOT.jar!/webapps/static,AVAILABLE}
2019-09-25 07:18:31,141 [JUnit] INFO  handler.ContextHandler (ContextHandler.java:doStart(781)) - Started o.e.j.w.WebAppContext@2bac9ba{/,file:///tmp/jetty-0.0.0.0-34022-ozoneManager-_-any-8922256104539853668.dir/webapp/,AVAILABLE}{/ozoneManager}
2019-09-25 07:18:31,142 [JUnit] INFO  server.AbstractConnector (AbstractConnector.java:doStart(278)) - Started ServerConnector@5b2f8ab6{HTTP/1.1,[http/1.1]}{0.0.0.0:34022}
2019-09-25 07:18:31,142 [JUnit] INFO  server.Server (Server.java:doStart(419)) - Started @5061ms
2019-09-25 07:18:31,143 [JUnit] WARN  impl.MetricsSystemImpl (MetricsSystemImpl.java:register(276)) - Sink prometheus already exists!
2019-09-25 07:18:31,144 [JUnit] INFO  server.BaseHttpServer (BaseHttpServer.java:updateConnectorAddress(215)) - HTTP server of OZONEMANAGER is listening at http://0.0.0.0:34022
2019-09-25 07:18:31,497 [JUnit] INFO  impl.MetricsSystemImpl (MetricsSystemImpl.java:init(158)) - HddsDatanode metrics system started (again)
2019-09-25 07:18:31,558 [JUnit] INFO  ozone.HddsDatanodeService (HddsDatanodeService.java:start(184)) - HddsDatanodeService host:pr-hdds-1569-x2sr2-3486766547 ip:192.168.151.106
2019-09-25 07:18:31,595 [JUnit] INFO  volume.HddsVolume (HddsVolume.java:<init>(176)) - Creating Volume: /workdir/hadoop-ozone/ozonefs/target/test-dir/MiniOzoneClusterImpl-e470f84b-f6c0-4e80-b6df-353379932a43/datanode-0/data/containers/hdds of  storage type : DISK and capacity : 1482555576320
2019-09-25 07:18:31,597 [JUnit] INFO  volume.VolumeSet (VolumeSet.java:initializeVolumeSet(170)) - Added Volume : /workdir/hadoop-ozone/ozonefs/target/test-dir/MiniOzoneClusterImpl-e470f84b-f6c0-4e80-b6df-353379932a43/datanode-0/data/containers/hdds to VolumeSet
2019-09-25 07:18:31,599 [JUnit] INFO  volume.ThrottledAsyncChecker (ThrottledAsyncChecker.java:schedule(139)) - Scheduling a check for org.apache.hadoop.ozone.container.common.volume.HddsVolume@41b0ae4c
2019-09-25 07:18:31,617 [JUnit] INFO  volume.HddsVolumeChecker (HddsVolumeChecker.java:checkAllVolumes(202)) - Scheduled health check for volume org.apache.hadoop.ozone.container.common.volume.HddsVolume@41b0ae4c
2019-09-25 07:18:31,749 [JUnit] INFO  impl.RaftServerProxy (ConfUtils.java:logGet(43)) - raft.rpc.type = GRPC (default)
2019-09-25 07:18:31,854 [JUnit] INFO  grpc.GrpcFactory (GrpcFactory.java:checkPooledByteBufAllocatorUseCacheForAllThreads(45)) - PERFORMANCE WARNING: useCacheForAllThreads is true that may cause Netty to create a lot garbage objects and, as a result, trigger GC.
	It is recommended to disable useCacheForAllThreads by setting -Dorg.apache.ratis.thirdparty.io.netty.allocator.useCacheForAllThreads=false in command line.
2019-09-25 07:18:31,868 [JUnit] INFO  grpc.GrpcConfigKeys$Server (ConfUtils.java:logGet(43)) - raft.grpc.server.port = 0 (default)
2019-09-25 07:18:31,870 [JUnit] INFO  server.GrpcService (ConfUtils.java:logGet(43)) - raft.grpc.message.size.max = 33570816 (custom)
2019-09-25 07:18:31,871 [JUnit] INFO  server.RaftServerConfigKeys (ConfUtils.java:logGet(43)) - raft.server.log.appender.buffer.byte-limit = 33554432 (custom)
2019-09-25 07:18:31,872 [JUnit] INFO  server.GrpcService (ConfUtils.java:logGet(43)) - raft.grpc.flow.control.window = 1MB (=1048576) (default)
2019-09-25 07:18:31,873 [JUnit] INFO  server.RaftServerConfigKeys (ConfUtils.java:logGet(43)) - raft.server.rpc.request.timeout = 3000ms (default)
2019-09-25 07:18:32,060 [JUnit] INFO  server.RaftServerConfigKeys (ConfUtils.java:logGet(43)) - raft.server.storage.dir = [/workdir/hadoop-ozone/ozonefs/target/test-dir/MiniOzoneClusterImpl-e470f84b-f6c0-4e80-b6df-353379932a43/datanode-0/data/ratis] (custom)
2019-09-25 07:18:32,125 [JUnit] INFO  hdfs.DFSUtil (DFSUtil.java:httpServerTemplateForNNAndJN(1641)) - Starting Web-server for hddsDatanode at: http://0.0.0.0:0
2019-09-25 07:18:32,129 [JUnit] INFO  server.AuthenticationFilter (AuthenticationFilter.java:constructSecretProvider(240)) - Unable to initialize FileSignerSecretProvider, falling back to use random secrets.
2019-09-25 07:18:32,131 [JUnit] WARN  http.HttpRequestLog (HttpRequestLog.java:getRequestLog(97)) - Jetty request log can only be enabled using Log4j
2019-09-25 07:18:32,135 [JUnit] INFO  http.HttpServer2 (HttpServer2.java:addGlobalFilter(975)) - Added global filter 'safety' (class=org.apache.hadoop.http.HttpServer2$QuotingInputFilter)
2019-09-25 07:18:32,137 [JUnit] INFO  http.HttpServer2 (HttpServer2.java:addFilter(948)) - Added filter static_user_filter (class=org.apache.hadoop.http.lib.StaticUserWebFilter$StaticUserFilter) to context hddsDatanode
2019-09-25 07:18:32,137 [JUnit] INFO  http.HttpServer2 (HttpServer2.java:addFilter(958)) - Added filter static_user_filter (class=org.apache.hadoop.http.lib.StaticUserWebFilter$StaticUserFilter) to context static
2019-09-25 07:18:32,138 [JUnit] INFO  http.HttpServer2 (HttpServer2.java:addFilter(958)) - Added filter static_user_filter (class=org.apache.hadoop.http.lib.StaticUserWebFilter$StaticUserFilter) to context logs
2019-09-25 07:18:32,140 [JUnit] INFO  http.HttpServer2 (HttpServer2.java:bindListener(1191)) - Jetty bound to port 42749
2019-09-25 07:18:32,140 [JUnit] INFO  server.Server (Server.java:doStart(351)) - jetty-9.3.25.v20180904, build timestamp: 2018-09-04T21:11:46Z, git hash: 3ce520221d0240229c862b122d2b06c12a625732
2019-09-25 07:18:32,144 [JUnit] INFO  handler.ContextHandler (ContextHandler.java:doStart(781)) - Started o.e.j.s.ServletContextHandler@517a2b0{/logs,file:///workdir/hadoop-ozone/ozonefs/target/log,AVAILABLE}
2019-09-25 07:18:32,145 [JUnit] INFO  handler.ContextHandler (ContextHandler.java:doStart(781)) - Started o.e.j.s.ServletContextHandler@36480b2d{/static,jar:file:/home/user/.m2/repository/org/apache/hadoop/hadoop-hdds-container-service/0.5.0-SNAPSHOT/hadoop-hdds-container-service-0.5.0-SNAPSHOT.jar!/webapps/static,AVAILABLE}
2019-09-25 07:18:32,190 [JUnit] INFO  handler.ContextHandler (ContextHandler.java:doStart(781)) - Started o.e.j.w.WebAppContext@1716e8c5{/,file:///tmp/jetty-0.0.0.0-42749-hddsDatanode-_-any-3719737041169213942.dir/webapp/,AVAILABLE}{/hddsDatanode}
2019-09-25 07:18:32,191 [JUnit] INFO  server.AbstractConnector (AbstractConnector.java:doStart(278)) - Started ServerConnector@6573d2f7{HTTP/1.1,[http/1.1]}{0.0.0.0:42749}
2019-09-25 07:18:32,192 [JUnit] INFO  server.Server (Server.java:doStart(419)) - Started @6111ms
2019-09-25 07:18:32,193 [JUnit] WARN  impl.MetricsSystemImpl (MetricsSystemImpl.java:register(276)) - Sink prometheus already exists!
2019-09-25 07:18:32,194 [JUnit] INFO  server.BaseHttpServer (BaseHttpServer.java:updateConnectorAddress(215)) - HTTP server of HDDSDATANODE is listening at http://0.0.0.0:42749
2019-09-25 07:18:32,195 [JUnit] INFO  impl.MetricsSystemImpl (MetricsSystemImpl.java:init(158)) - HddsDatanode metrics system started (again)
2019-09-25 07:18:32,200 [JUnit] INFO  ozone.HddsDatanodeService (HddsDatanodeService.java:start(184)) - HddsDatanodeService host:pr-hdds-1569-x2sr2-3486766547 ip:192.168.151.106
2019-09-25 07:18:32,201 [org.apache.hadoop.util.JvmPauseMonitor$Monitor@36fe7e1f] INFO  util.JvmPauseMonitor (JvmPauseMonitor.java:run(188)) - Starting JVM pause monitor
2019-09-25 07:18:32,208 [JUnit] INFO  volume.HddsVolume (HddsVolume.java:<init>(176)) - Creating Volume: /workdir/hadoop-ozone/ozonefs/target/test-dir/MiniOzoneClusterImpl-e470f84b-f6c0-4e80-b6df-353379932a43/datanode-1/data/containers/hdds of  storage type : DISK and capacity : 1482555576320
2019-09-25 07:18:32,209 [JUnit] INFO  volume.VolumeSet (VolumeSet.java:initializeVolumeSet(170)) - Added Volume : /workdir/hadoop-ozone/ozonefs/target/test-dir/MiniOzoneClusterImpl-e470f84b-f6c0-4e80-b6df-353379932a43/datanode-1/data/containers/hdds to VolumeSet
2019-09-25 07:18:32,209 [JUnit] INFO  volume.ThrottledAsyncChecker (ThrottledAsyncChecker.java:schedule(139)) - Scheduling a check for org.apache.hadoop.ozone.container.common.volume.HddsVolume@1687eb01
2019-09-25 07:18:32,210 [JUnit] INFO  volume.HddsVolumeChecker (HddsVolumeChecker.java:checkAllVolumes(202)) - Scheduled health check for volume org.apache.hadoop.ozone.container.common.volume.HddsVolume@1687eb01
2019-09-25 07:18:32,236 [JUnit] INFO  impl.RaftServerProxy (ConfUtils.java:logGet(43)) - raft.rpc.type = GRPC (default)
2019-09-25 07:18:32,236 [JUnit] INFO  grpc.GrpcFactory (GrpcFactory.java:checkPooledByteBufAllocatorUseCacheForAllThreads(45)) - PERFORMANCE WARNING: useCacheForAllThreads is true that may cause Netty to create a lot garbage objects and, as a result, trigger GC.
	It is recommended to disable useCacheForAllThreads by setting -Dorg.apache.ratis.thirdparty.io.netty.allocator.useCacheForAllThreads=false in command line.
2019-09-25 07:18:32,236 [JUnit] INFO  grpc.GrpcConfigKeys$Server (ConfUtils.java:logGet(43)) - raft.grpc.server.port = 0 (default)
2019-09-25 07:18:32,237 [JUnit] INFO  server.GrpcService (ConfUtils.java:logGet(43)) - raft.grpc.message.size.max = 33570816 (custom)
2019-09-25 07:18:32,237 [JUnit] INFO  server.RaftServerConfigKeys (ConfUtils.java:logGet(43)) - raft.server.log.appender.buffer.byte-limit = 33554432 (custom)
2019-09-25 07:18:32,237 [JUnit] INFO  server.GrpcService (ConfUtils.java:logGet(43)) - raft.grpc.flow.control.window = 1MB (=1048576) (default)
2019-09-25 07:18:32,237 [JUnit] INFO  server.RaftServerConfigKeys (ConfUtils.java:logGet(43)) - raft.server.rpc.request.timeout = 3000ms (default)
2019-09-25 07:18:32,238 [JUnit] INFO  server.RaftServerConfigKeys (ConfUtils.java:logGet(43)) - raft.server.storage.dir = [/workdir/hadoop-ozone/ozonefs/target/test-dir/MiniOzoneClusterImpl-e470f84b-f6c0-4e80-b6df-353379932a43/datanode-1/data/ratis] (custom)
2019-09-25 07:18:32,240 [JUnit] INFO  hdfs.DFSUtil (DFSUtil.java:httpServerTemplateForNNAndJN(1641)) - Starting Web-server for hddsDatanode at: http://0.0.0.0:0
2019-09-25 07:18:32,242 [JUnit] INFO  server.AuthenticationFilter (AuthenticationFilter.java:constructSecretProvider(240)) - Unable to initialize FileSignerSecretProvider, falling back to use random secrets.
2019-09-25 07:18:32,243 [JUnit] WARN  http.HttpRequestLog (HttpRequestLog.java:getRequestLog(97)) - Jetty request log can only be enabled using Log4j
2019-09-25 07:18:32,245 [JUnit] INFO  http.HttpServer2 (HttpServer2.java:addGlobalFilter(975)) - Added global filter 'safety' (class=org.apache.hadoop.http.HttpServer2$QuotingInputFilter)
2019-09-25 07:18:32,246 [JUnit] INFO  http.HttpServer2 (HttpServer2.java:addFilter(948)) - Added filter static_user_filter (class=org.apache.hadoop.http.lib.StaticUserWebFilter$StaticUserFilter) to context hddsDatanode
2019-09-25 07:18:32,247 [JUnit] INFO  http.HttpServer2 (HttpServer2.java:addFilter(958)) - Added filter static_user_filter (class=org.apache.hadoop.http.lib.StaticUserWebFilter$StaticUserFilter) to context static
2019-09-25 07:18:32,247 [JUnit] INFO  http.HttpServer2 (HttpServer2.java:addFilter(958)) - Added filter static_user_filter (class=org.apache.hadoop.http.lib.StaticUserWebFilter$StaticUserFilter) to context logs
2019-09-25 07:18:32,248 [JUnit] INFO  http.HttpServer2 (HttpServer2.java:bindListener(1191)) - Jetty bound to port 42839
2019-09-25 07:18:32,248 [JUnit] INFO  server.Server (Server.java:doStart(351)) - jetty-9.3.25.v20180904, build timestamp: 2018-09-04T21:11:46Z, git hash: 3ce520221d0240229c862b122d2b06c12a625732
2019-09-25 07:18:32,252 [JUnit] INFO  handler.ContextHandler (ContextHandler.java:doStart(781)) - Started o.e.j.s.ServletContextHandler@17fa1336{/logs,file:///workdir/hadoop-ozone/ozonefs/target/log,AVAILABLE}
2019-09-25 07:18:32,252 [JUnit] INFO  handler.ContextHandler (ContextHandler.java:doStart(781)) - Started o.e.j.s.ServletContextHandler@68b9834c{/static,jar:file:/home/user/.m2/repository/org/apache/hadoop/hadoop-hdds-container-service/0.5.0-SNAPSHOT/hadoop-hdds-container-service-0.5.0-SNAPSHOT.jar!/webapps/static,AVAILABLE}
2019-09-25 07:18:32,282 [JUnit] INFO  handler.ContextHandler (ContextHandler.java:doStart(781)) - Started o.e.j.w.WebAppContext@2630dbc4{/,file:///tmp/jetty-0.0.0.0-42839-hddsDatanode-_-any-6213450784759165911.dir/webapp/,AVAILABLE}{/hddsDatanode}
2019-09-25 07:18:32,282 [JUnit] INFO  server.AbstractConnector (AbstractConnector.java:doStart(278)) - Started ServerConnector@5ea4300e{HTTP/1.1,[http/1.1]}{0.0.0.0:42839}
2019-09-25 07:18:32,284 [JUnit] INFO  server.Server (Server.java:doStart(419)) - Started @6203ms
2019-09-25 07:18:32,285 [JUnit] WARN  impl.MetricsSystemImpl (MetricsSystemImpl.java:register(276)) - Sink prometheus already exists!
2019-09-25 07:18:32,286 [JUnit] INFO  server.BaseHttpServer (BaseHttpServer.java:updateConnectorAddress(215)) - HTTP server of HDDSDATANODE is listening at http://0.0.0.0:42839
2019-09-25 07:18:32,287 [JUnit] INFO  impl.MetricsSystemImpl (MetricsSystemImpl.java:init(158)) - HddsDatanode metrics system started (again)
2019-09-25 07:18:32,290 [JUnit] INFO  ozone.HddsDatanodeService (HddsDatanodeService.java:start(184)) - HddsDatanodeService host:pr-hdds-1569-x2sr2-3486766547 ip:192.168.151.106
2019-09-25 07:18:32,291 [org.apache.hadoop.util.JvmPauseMonitor$Monitor@65bc43a8] INFO  util.JvmPauseMonitor (JvmPauseMonitor.java:run(188)) - Starting JVM pause monitor
2019-09-25 07:18:32,302 [JUnit] INFO  volume.HddsVolume (HddsVolume.java:<init>(176)) - Creating Volume: /workdir/hadoop-ozone/ozonefs/target/test-dir/MiniOzoneClusterImpl-e470f84b-f6c0-4e80-b6df-353379932a43/datanode-2/data/containers/hdds of  storage type : DISK and capacity : 1482555576320
2019-09-25 07:18:32,302 [JUnit] INFO  volume.VolumeSet (VolumeSet.java:initializeVolumeSet(170)) - Added Volume : /workdir/hadoop-ozone/ozonefs/target/test-dir/MiniOzoneClusterImpl-e470f84b-f6c0-4e80-b6df-353379932a43/datanode-2/data/containers/hdds to VolumeSet
2019-09-25 07:18:32,302 [JUnit] INFO  volume.ThrottledAsyncChecker (ThrottledAsyncChecker.java:schedule(139)) - Scheduling a check for org.apache.hadoop.ozone.container.common.volume.HddsVolume@2f5b8250
2019-09-25 07:18:32,303 [JUnit] INFO  volume.HddsVolumeChecker (HddsVolumeChecker.java:checkAllVolumes(202)) - Scheduled health check for volume org.apache.hadoop.ozone.container.common.volume.HddsVolume@2f5b8250
2019-09-25 07:18:32,329 [JUnit] INFO  impl.RaftServerProxy (ConfUtils.java:logGet(43)) - raft.rpc.type = GRPC (default)
2019-09-25 07:18:32,329 [JUnit] INFO  grpc.GrpcFactory (GrpcFactory.java:checkPooledByteBufAllocatorUseCacheForAllThreads(45)) - PERFORMANCE WARNING: useCacheForAllThreads is true that may cause Netty to create a lot garbage objects and, as a result, trigger GC.
	It is recommended to disable useCacheForAllThreads by setting -Dorg.apache.ratis.thirdparty.io.netty.allocator.useCacheForAllThreads=false in command line.
2019-09-25 07:18:32,330 [JUnit] INFO  grpc.GrpcConfigKeys$Server (ConfUtils.java:logGet(43)) - raft.grpc.server.port = 0 (default)
2019-09-25 07:18:32,330 [JUnit] INFO  server.GrpcService (ConfUtils.java:logGet(43)) - raft.grpc.message.size.max = 33570816 (custom)
2019-09-25 07:18:32,330 [JUnit] INFO  server.RaftServerConfigKeys (ConfUtils.java:logGet(43)) - raft.server.log.appender.buffer.byte-limit = 33554432 (custom)
2019-09-25 07:18:32,330 [JUnit] INFO  server.GrpcService (ConfUtils.java:logGet(43)) - raft.grpc.flow.control.window = 1MB (=1048576) (default)
2019-09-25 07:18:32,331 [JUnit] INFO  server.RaftServerConfigKeys (ConfUtils.java:logGet(43)) - raft.server.rpc.request.timeout = 3000ms (default)
2019-09-25 07:18:32,331 [JUnit] INFO  server.RaftServerConfigKeys (ConfUtils.java:logGet(43)) - raft.server.storage.dir = [/workdir/hadoop-ozone/ozonefs/target/test-dir/MiniOzoneClusterImpl-e470f84b-f6c0-4e80-b6df-353379932a43/datanode-2/data/ratis] (custom)
2019-09-25 07:18:32,333 [Datanode State Machine Thread - 0] INFO  datanode.InitDatanodeState (InitDatanodeState.java:persistContainerDatanodeDetails(140)) - DatanodeDetails is persisted to /workdir/hadoop-ozone/ozonefs/target/test-dir/MiniOzoneClusterImpl-e470f84b-f6c0-4e80-b6df-353379932a43/datanode-0/meta/datanode.id
2019-09-25 07:18:32,333 [JUnit] INFO  hdfs.DFSUtil (DFSUtil.java:httpServerTemplateForNNAndJN(1641)) - Starting Web-server for hddsDatanode at: http://0.0.0.0:0
2019-09-25 07:18:32,337 [Datanode State Machine Thread - 0] INFO  datanode.InitDatanodeState (InitDatanodeState.java:persistContainerDatanodeDetails(140)) - DatanodeDetails is persisted to /workdir/hadoop-ozone/ozonefs/target/test-dir/MiniOzoneClusterImpl-e470f84b-f6c0-4e80-b6df-353379932a43/datanode-1/meta/datanode.id
2019-09-25 07:18:32,338 [JUnit] INFO  server.AuthenticationFilter (AuthenticationFilter.java:constructSecretProvider(240)) - Unable to initialize FileSignerSecretProvider, falling back to use random secrets.
2019-09-25 07:18:32,339 [JUnit] WARN  http.HttpRequestLog (HttpRequestLog.java:getRequestLog(97)) - Jetty request log can only be enabled using Log4j
2019-09-25 07:18:32,342 [JUnit] INFO  http.HttpServer2 (HttpServer2.java:addGlobalFilter(975)) - Added global filter 'safety' (class=org.apache.hadoop.http.HttpServer2$QuotingInputFilter)
2019-09-25 07:18:32,344 [JUnit] INFO  http.HttpServer2 (HttpServer2.java:addFilter(948)) - Added filter static_user_filter (class=org.apache.hadoop.http.lib.StaticUserWebFilter$StaticUserFilter) to context hddsDatanode
2019-09-25 07:18:32,344 [JUnit] INFO  http.HttpServer2 (HttpServer2.java:addFilter(958)) - Added filter static_user_filter (class=org.apache.hadoop.http.lib.StaticUserWebFilter$StaticUserFilter) to context logs
2019-09-25 07:18:32,344 [JUnit] INFO  http.HttpServer2 (HttpServer2.java:addFilter(958)) - Added filter static_user_filter (class=org.apache.hadoop.http.lib.StaticUserWebFilter$StaticUserFilter) to context static
2019-09-25 07:18:32,345 [JUnit] INFO  http.HttpServer2 (HttpServer2.java:bindListener(1191)) - Jetty bound to port 41974
2019-09-25 07:18:32,346 [JUnit] INFO  server.Server (Server.java:doStart(351)) - jetty-9.3.25.v20180904, build timestamp: 2018-09-04T21:11:46Z, git hash: 3ce520221d0240229c862b122d2b06c12a625732
2019-09-25 07:18:32,349 [JUnit] INFO  handler.ContextHandler (ContextHandler.java:doStart(781)) - Started o.e.j.s.ServletContextHandler@74170687{/logs,file:///workdir/hadoop-ozone/ozonefs/target/log,AVAILABLE}
2019-09-25 07:18:32,349 [JUnit] INFO  handler.ContextHandler (ContextHandler.java:doStart(781)) - Started o.e.j.s.ServletContextHandler@3d96fa9e{/static,jar:file:/home/user/.m2/repository/org/apache/hadoop/hadoop-hdds-container-service/0.5.0-SNAPSHOT/hadoop-hdds-container-service-0.5.0-SNAPSHOT.jar!/webapps/static,AVAILABLE}
2019-09-25 07:18:32,393 [JUnit] INFO  handler.ContextHandler (ContextHandler.java:doStart(781)) - Started o.e.j.w.WebAppContext@2dc3271b{/,file:///tmp/jetty-0.0.0.0-41974-hddsDatanode-_-any-4393018428404576573.dir/webapp/,AVAILABLE}{/hddsDatanode}
2019-09-25 07:18:32,394 [JUnit] INFO  server.AbstractConnector (AbstractConnector.java:doStart(278)) - Started ServerConnector@254f906e{HTTP/1.1,[http/1.1]}{0.0.0.0:41974}
2019-09-25 07:18:32,395 [JUnit] INFO  server.Server (Server.java:doStart(419)) - Started @6314ms
2019-09-25 07:18:32,396 [JUnit] WARN  impl.MetricsSystemImpl (MetricsSystemImpl.java:register(276)) - Sink prometheus already exists!
2019-09-25 07:18:32,397 [JUnit] INFO  server.BaseHttpServer (BaseHttpServer.java:updateConnectorAddress(215)) - HTTP server of HDDSDATANODE is listening at http://0.0.0.0:41974
2019-09-25 07:18:32,398 [JUnit] INFO  impl.MetricsSystemImpl (MetricsSystemImpl.java:init(158)) - HddsDatanode metrics system started (again)
2019-09-25 07:18:32,401 [org.apache.hadoop.util.JvmPauseMonitor$Monitor@4399c421] INFO  util.JvmPauseMonitor (JvmPauseMonitor.java:run(188)) - Starting JVM pause monitor
2019-09-25 07:18:32,402 [JUnit] INFO  ozone.HddsDatanodeService (HddsDatanodeService.java:start(184)) - HddsDatanodeService host:pr-hdds-1569-x2sr2-3486766547 ip:192.168.151.106
2019-09-25 07:18:32,405 [Datanode State Machine Thread - 0] INFO  datanode.InitDatanodeState (InitDatanodeState.java:persistContainerDatanodeDetails(140)) - DatanodeDetails is persisted to /workdir/hadoop-ozone/ozonefs/target/test-dir/MiniOzoneClusterImpl-e470f84b-f6c0-4e80-b6df-353379932a43/datanode-2/meta/datanode.id
2019-09-25 07:18:32,412 [JUnit] INFO  volume.HddsVolume (HddsVolume.java:<init>(176)) - Creating Volume: /workdir/hadoop-ozone/ozonefs/target/test-dir/MiniOzoneClusterImpl-e470f84b-f6c0-4e80-b6df-353379932a43/datanode-3/data/containers/hdds of  storage type : DISK and capacity : 1482555576320
2019-09-25 07:18:32,412 [JUnit] INFO  volume.VolumeSet (VolumeSet.java:initializeVolumeSet(170)) - Added Volume : /workdir/hadoop-ozone/ozonefs/target/test-dir/MiniOzoneClusterImpl-e470f84b-f6c0-4e80-b6df-353379932a43/datanode-3/data/containers/hdds to VolumeSet
2019-09-25 07:18:32,413 [JUnit] INFO  volume.ThrottledAsyncChecker (ThrottledAsyncChecker.java:schedule(139)) - Scheduling a check for org.apache.hadoop.ozone.container.common.volume.HddsVolume@173a6728
2019-09-25 07:18:32,413 [JUnit] INFO  volume.HddsVolumeChecker (HddsVolumeChecker.java:checkAllVolumes(202)) - Scheduled health check for volume org.apache.hadoop.ozone.container.common.volume.HddsVolume@173a6728
2019-09-25 07:18:32,442 [JUnit] INFO  impl.RaftServerProxy (ConfUtils.java:logGet(43)) - raft.rpc.type = GRPC (default)
2019-09-25 07:18:32,443 [JUnit] INFO  grpc.GrpcFactory (GrpcFactory.java:checkPooledByteBufAllocatorUseCacheForAllThreads(45)) - PERFORMANCE WARNING: useCacheForAllThreads is true that may cause Netty to create a lot garbage objects and, as a result, trigger GC.
	It is recommended to disable useCacheForAllThreads by setting -Dorg.apache.ratis.thirdparty.io.netty.allocator.useCacheForAllThreads=false in command line.
2019-09-25 07:18:32,443 [JUnit] INFO  grpc.GrpcConfigKeys$Server (ConfUtils.java:logGet(43)) - raft.grpc.server.port = 0 (default)
2019-09-25 07:18:32,443 [JUnit] INFO  server.GrpcService (ConfUtils.java:logGet(43)) - raft.grpc.message.size.max = 33570816 (custom)
2019-09-25 07:18:32,444 [JUnit] INFO  server.RaftServerConfigKeys (ConfUtils.java:logGet(43)) - raft.server.log.appender.buffer.byte-limit = 33554432 (custom)
2019-09-25 07:18:32,444 [JUnit] INFO  server.GrpcService (ConfUtils.java:logGet(43)) - raft.grpc.flow.control.window = 1MB (=1048576) (default)
2019-09-25 07:18:32,444 [JUnit] INFO  server.RaftServerConfigKeys (ConfUtils.java:logGet(43)) - raft.server.rpc.request.timeout = 3000ms (default)
2019-09-25 07:18:32,445 [JUnit] INFO  server.RaftServerConfigKeys (ConfUtils.java:logGet(43)) - raft.server.storage.dir = [/workdir/hadoop-ozone/ozonefs/target/test-dir/MiniOzoneClusterImpl-e470f84b-f6c0-4e80-b6df-353379932a43/datanode-3/data/ratis] (custom)
2019-09-25 07:18:32,447 [JUnit] INFO  hdfs.DFSUtil (DFSUtil.java:httpServerTemplateForNNAndJN(1641)) - Starting Web-server for hddsDatanode at: http://0.0.0.0:0
2019-09-25 07:18:32,449 [JUnit] INFO  server.AuthenticationFilter (AuthenticationFilter.java:constructSecretProvider(240)) - Unable to initialize FileSignerSecretProvider, falling back to use random secrets.
2019-09-25 07:18:32,449 [JUnit] WARN  http.HttpRequestLog (HttpRequestLog.java:getRequestLog(97)) - Jetty request log can only be enabled using Log4j
2019-09-25 07:18:32,451 [JUnit] INFO  http.HttpServer2 (HttpServer2.java:addGlobalFilter(975)) - Added global filter 'safety' (class=org.apache.hadoop.http.HttpServer2$QuotingInputFilter)
2019-09-25 07:18:32,452 [JUnit] INFO  http.HttpServer2 (HttpServer2.java:addFilter(948)) - Added filter static_user_filter (class=org.apache.hadoop.http.lib.StaticUserWebFilter$StaticUserFilter) to context hddsDatanode
2019-09-25 07:18:32,453 [JUnit] INFO  http.HttpServer2 (HttpServer2.java:addFilter(958)) - Added filter static_user_filter (class=org.apache.hadoop.http.lib.StaticUserWebFilter$StaticUserFilter) to context logs
2019-09-25 07:18:32,453 [JUnit] INFO  http.HttpServer2 (HttpServer2.java:addFilter(958)) - Added filter static_user_filter (class=org.apache.hadoop.http.lib.StaticUserWebFilter$StaticUserFilter) to context static
2019-09-25 07:18:32,454 [JUnit] INFO  http.HttpServer2 (HttpServer2.java:bindListener(1191)) - Jetty bound to port 39444
2019-09-25 07:18:32,454 [JUnit] INFO  server.Server (Server.java:doStart(351)) - jetty-9.3.25.v20180904, build timestamp: 2018-09-04T21:11:46Z, git hash: 3ce520221d0240229c862b122d2b06c12a625732
2019-09-25 07:18:32,458 [JUnit] INFO  handler.ContextHandler (ContextHandler.java:doStart(781)) - Started o.e.j.s.ServletContextHandler@7dbe2ebf{/logs,file:///workdir/hadoop-ozone/ozonefs/target/log,AVAILABLE}
2019-09-25 07:18:32,459 [JUnit] INFO  handler.ContextHandler (ContextHandler.java:doStart(781)) - Started o.e.j.s.ServletContextHandler@885e7ff{/static,jar:file:/home/user/.m2/repository/org/apache/hadoop/hadoop-hdds-container-service/0.5.0-SNAPSHOT/hadoop-hdds-container-service-0.5.0-SNAPSHOT.jar!/webapps/static,AVAILABLE}
2019-09-25 07:18:32,496 [JUnit] INFO  handler.ContextHandler (ContextHandler.java:doStart(781)) - Started o.e.j.w.WebAppContext@6a818392{/,file:///tmp/jetty-0.0.0.0-39444-hddsDatanode-_-any-7084736229237835554.dir/webapp/,AVAILABLE}{/hddsDatanode}
2019-09-25 07:18:32,498 [JUnit] INFO  server.AbstractConnector (AbstractConnector.java:doStart(278)) - Started ServerConnector@489091bd{HTTP/1.1,[http/1.1]}{0.0.0.0:39444}
2019-09-25 07:18:32,498 [JUnit] INFO  server.Server (Server.java:doStart(419)) - Started @6417ms
2019-09-25 07:18:32,498 [JUnit] WARN  impl.MetricsSystemImpl (MetricsSystemImpl.java:register(276)) - Sink prometheus already exists!
2019-09-25 07:18:32,499 [JUnit] INFO  server.BaseHttpServer (BaseHttpServer.java:updateConnectorAddress(215)) - HTTP server of HDDSDATANODE is listening at http://0.0.0.0:39444
2019-09-25 07:18:32,500 [JUnit] INFO  impl.MetricsSystemImpl (MetricsSystemImpl.java:init(158)) - HddsDatanode metrics system started (again)
2019-09-25 07:18:32,503 [org.apache.hadoop.util.JvmPauseMonitor$Monitor@a7a59c5] INFO  util.JvmPauseMonitor (JvmPauseMonitor.java:run(188)) - Starting JVM pause monitor
2019-09-25 07:18:32,503 [JUnit] INFO  ozone.HddsDatanodeService (HddsDatanodeService.java:start(184)) - HddsDatanodeService host:pr-hdds-1569-x2sr2-3486766547 ip:192.168.151.106
2019-09-25 07:18:32,506 [Datanode State Machine Thread - 0] INFO  datanode.InitDatanodeState (InitDatanodeState.java:persistContainerDatanodeDetails(140)) - DatanodeDetails is persisted to /workdir/hadoop-ozone/ozonefs/target/test-dir/MiniOzoneClusterImpl-e470f84b-f6c0-4e80-b6df-353379932a43/datanode-3/meta/datanode.id
2019-09-25 07:18:32,512 [JUnit] INFO  volume.HddsVolume (HddsVolume.java:<init>(176)) - Creating Volume: /workdir/hadoop-ozone/ozonefs/target/test-dir/MiniOzoneClusterImpl-e470f84b-f6c0-4e80-b6df-353379932a43/datanode-4/data/containers/hdds of  storage type : DISK and capacity : 1482555576320
2019-09-25 07:18:32,513 [JUnit] INFO  volume.VolumeSet (VolumeSet.java:initializeVolumeSet(170)) - Added Volume : /workdir/hadoop-ozone/ozonefs/target/test-dir/MiniOzoneClusterImpl-e470f84b-f6c0-4e80-b6df-353379932a43/datanode-4/data/containers/hdds to VolumeSet
2019-09-25 07:18:32,513 [JUnit] INFO  volume.ThrottledAsyncChecker (ThrottledAsyncChecker.java:schedule(139)) - Scheduling a check for org.apache.hadoop.ozone.container.common.volume.HddsVolume@5f254608
2019-09-25 07:18:32,514 [JUnit] INFO  volume.HddsVolumeChecker (HddsVolumeChecker.java:checkAllVolumes(202)) - Scheduled health check for volume org.apache.hadoop.ozone.container.common.volume.HddsVolume@5f254608
2019-09-25 07:18:32,538 [JUnit] INFO  impl.RaftServerProxy (ConfUtils.java:logGet(43)) - raft.rpc.type = GRPC (default)
2019-09-25 07:18:32,538 [JUnit] INFO  grpc.GrpcFactory (GrpcFactory.java:checkPooledByteBufAllocatorUseCacheForAllThreads(45)) - PERFORMANCE WARNING: useCacheForAllThreads is true that may cause Netty to create a lot garbage objects and, as a result, trigger GC.
	It is recommended to disable useCacheForAllThreads by setting -Dorg.apache.ratis.thirdparty.io.netty.allocator.useCacheForAllThreads=false in command line.
2019-09-25 07:18:32,538 [JUnit] INFO  grpc.GrpcConfigKeys$Server (ConfUtils.java:logGet(43)) - raft.grpc.server.port = 0 (default)
2019-09-25 07:18:32,538 [JUnit] INFO  server.GrpcService (ConfUtils.java:logGet(43)) - raft.grpc.message.size.max = 33570816 (custom)
2019-09-25 07:18:32,539 [JUnit] INFO  server.RaftServerConfigKeys (ConfUtils.java:logGet(43)) - raft.server.log.appender.buffer.byte-limit = 33554432 (custom)
2019-09-25 07:18:32,539 [JUnit] INFO  server.GrpcService (ConfUtils.java:logGet(43)) - raft.grpc.flow.control.window = 1MB (=1048576) (default)
2019-09-25 07:18:32,539 [JUnit] INFO  server.RaftServerConfigKeys (ConfUtils.java:logGet(43)) - raft.server.rpc.request.timeout = 3000ms (default)
2019-09-25 07:18:32,540 [JUnit] INFO  server.RaftServerConfigKeys (ConfUtils.java:logGet(43)) - raft.server.storage.dir = [/workdir/hadoop-ozone/ozonefs/target/test-dir/MiniOzoneClusterImpl-e470f84b-f6c0-4e80-b6df-353379932a43/datanode-4/data/ratis] (custom)
2019-09-25 07:18:32,541 [JUnit] INFO  hdfs.DFSUtil (DFSUtil.java:httpServerTemplateForNNAndJN(1641)) - Starting Web-server for hddsDatanode at: http://0.0.0.0:0
2019-09-25 07:18:32,543 [JUnit] INFO  server.AuthenticationFilter (AuthenticationFilter.java:constructSecretProvider(240)) - Unable to initialize FileSignerSecretProvider, falling back to use random secrets.
2019-09-25 07:18:32,544 [JUnit] WARN  http.HttpRequestLog (HttpRequestLog.java:getRequestLog(97)) - Jetty request log can only be enabled using Log4j
2019-09-25 07:18:32,546 [JUnit] INFO  http.HttpServer2 (HttpServer2.java:addGlobalFilter(975)) - Added global filter 'safety' (class=org.apache.hadoop.http.HttpServer2$QuotingInputFilter)
2019-09-25 07:18:32,547 [JUnit] INFO  http.HttpServer2 (HttpServer2.java:addFilter(948)) - Added filter static_user_filter (class=org.apache.hadoop.http.lib.StaticUserWebFilter$StaticUserFilter) to context hddsDatanode
2019-09-25 07:18:32,547 [JUnit] INFO  http.HttpServer2 (HttpServer2.java:addFilter(958)) - Added filter static_user_filter (class=org.apache.hadoop.http.lib.StaticUserWebFilter$StaticUserFilter) to context logs
2019-09-25 07:18:32,547 [JUnit] INFO  http.HttpServer2 (HttpServer2.java:addFilter(958)) - Added filter static_user_filter (class=org.apache.hadoop.http.lib.StaticUserWebFilter$StaticUserFilter) to context static
2019-09-25 07:18:32,548 [JUnit] INFO  http.HttpServer2 (HttpServer2.java:bindListener(1191)) - Jetty bound to port 40257
2019-09-25 07:18:32,548 [JUnit] INFO  server.Server (Server.java:doStart(351)) - jetty-9.3.25.v20180904, build timestamp: 2018-09-04T21:11:46Z, git hash: 3ce520221d0240229c862b122d2b06c12a625732
2019-09-25 07:18:32,550 [JUnit] INFO  handler.ContextHandler (ContextHandler.java:doStart(781)) - Started o.e.j.s.ServletContextHandler@663bb8ef{/logs,file:///workdir/hadoop-ozone/ozonefs/target/log,AVAILABLE}
2019-09-25 07:18:32,551 [JUnit] INFO  handler.ContextHandler (ContextHandler.java:doStart(781)) - Started o.e.j.s.ServletContextHandler@60e9c3a5{/static,jar:file:/home/user/.m2/repository/org/apache/hadoop/hadoop-hdds-container-service/0.5.0-SNAPSHOT/hadoop-hdds-container-service-0.5.0-SNAPSHOT.jar!/webapps/static,AVAILABLE}
2019-09-25 07:18:32,579 [JUnit] INFO  handler.ContextHandler (ContextHandler.java:doStart(781)) - Started o.e.j.w.WebAppContext@5a3a1bf9{/,file:///tmp/jetty-0.0.0.0-40257-hddsDatanode-_-any-7819064767129209123.dir/webapp/,AVAILABLE}{/hddsDatanode}
2019-09-25 07:18:32,581 [JUnit] INFO  server.AbstractConnector (AbstractConnector.java:doStart(278)) - Started ServerConnector@2100d047{HTTP/1.1,[http/1.1]}{0.0.0.0:40257}
2019-09-25 07:18:32,581 [JUnit] INFO  server.Server (Server.java:doStart(419)) - Started @6500ms
2019-09-25 07:18:32,581 [JUnit] WARN  impl.MetricsSystemImpl (MetricsSystemImpl.java:register(276)) - Sink prometheus already exists!
2019-09-25 07:18:32,582 [JUnit] INFO  server.BaseHttpServer (BaseHttpServer.java:updateConnectorAddress(215)) - HTTP server of HDDSDATANODE is listening at http://0.0.0.0:40257
2019-09-25 07:18:32,584 [JUnit] INFO  ozone.MiniOzoneClusterImpl (MiniOzoneClusterImpl.java:lambda$waitForClusterToBeReady$0(147)) - Waiting for cluster to be ready. Got 0 of 5 DN Heartbeats.
2019-09-25 07:18:32,585 [org.apache.hadoop.util.JvmPauseMonitor$Monitor@698b4947] INFO  util.JvmPauseMonitor (JvmPauseMonitor.java:run(188)) - Starting JVM pause monitor
2019-09-25 07:18:32,589 [Datanode State Machine Thread - 0] INFO  datanode.InitDatanodeState (InitDatanodeState.java:persistContainerDatanodeDetails(140)) - DatanodeDetails is persisted to /workdir/hadoop-ozone/ozonefs/target/test-dir/MiniOzoneClusterImpl-e470f84b-f6c0-4e80-b6df-353379932a43/datanode-4/meta/datanode.id
2019-09-25 07:18:33,585 [JUnit] INFO  ozone.MiniOzoneClusterImpl (MiniOzoneClusterImpl.java:lambda$waitForClusterToBeReady$0(147)) - Waiting for cluster to be ready. Got 0 of 5 DN Heartbeats.
2019-09-25 07:18:34,298 [Datanode State Machine Thread - 0] INFO  ozoneimpl.OzoneContainer (OzoneContainer.java:start(217)) - Attempting to start container services.
2019-09-25 07:18:34,302 [Datanode State Machine Thread - 0] INFO  ozoneimpl.OzoneContainer (OzoneContainer.java:startContainerScrub(179)) - Background container scanner has been disabled.
2019-09-25 07:18:34,302 [Datanode State Machine Thread - 0] INFO  ratis.XceiverServerRatis (XceiverServerRatis.java:start(411)) - Starting XceiverServerRatis eed0ea2a-d4e1-462d-acdf-3429f0a6e9fe at port 0
2019-09-25 07:18:34,310 [Datanode State Machine Thread - 0] INFO  ozoneimpl.OzoneContainer (OzoneContainer.java:start(217)) - Attempting to start container services.
2019-09-25 07:18:34,317 [Datanode State Machine Thread - 0] INFO  ozoneimpl.OzoneContainer (OzoneContainer.java:startContainerScrub(179)) - Background container scanner has been disabled.
2019-09-25 07:18:34,317 [Datanode State Machine Thread - 0] INFO  ratis.XceiverServerRatis (XceiverServerRatis.java:start(411)) - Starting XceiverServerRatis bd44bfbc-c212-4f8d-9cd2-0f97b4d8abf5 at port 0
2019-09-25 07:18:34,340 [Datanode State Machine Thread - 0] INFO  impl.RaftServerProxy (RaftServerProxy.java:lambda$start$3(299)) - eed0ea2a-d4e1-462d-acdf-3429f0a6e9fe: start RPC server
2019-09-25 07:18:34,340 [Datanode State Machine Thread - 0] INFO  impl.RaftServerProxy (RaftServerProxy.java:lambda$start$3(299)) - bd44bfbc-c212-4f8d-9cd2-0f97b4d8abf5: start RPC server
2019-09-25 07:18:34,417 [Datanode State Machine Thread - 0] INFO  ozoneimpl.OzoneContainer (OzoneContainer.java:start(217)) - Attempting to start container services.
2019-09-25 07:18:34,420 [Datanode State Machine Thread - 0] INFO  ozoneimpl.OzoneContainer (OzoneContainer.java:startContainerScrub(179)) - Background container scanner has been disabled.
2019-09-25 07:18:34,420 [Datanode State Machine Thread - 0] INFO  ratis.XceiverServerRatis (XceiverServerRatis.java:start(411)) - Starting XceiverServerRatis aebfb692-7b6b-4657-85e2-3d5c30e62964 at port 0
2019-09-25 07:18:34,427 [Datanode State Machine Thread - 0] INFO  impl.RaftServerProxy (RaftServerProxy.java:lambda$start$3(299)) - aebfb692-7b6b-4657-85e2-3d5c30e62964: start RPC server
2019-09-25 07:18:34,537 [Datanode State Machine Thread - 0] INFO  server.GrpcService (GrpcService.java:startImpl(158)) - aebfb692-7b6b-4657-85e2-3d5c30e62964: GrpcService started, listening on 0.0.0.0/0.0.0.0:46869
2019-09-25 07:18:34,537 [Datanode State Machine Thread - 0] INFO  server.GrpcService (GrpcService.java:startImpl(158)) - bd44bfbc-c212-4f8d-9cd2-0f97b4d8abf5: GrpcService started, listening on 0.0.0.0/0.0.0.0:35860
2019-09-25 07:18:34,537 [Datanode State Machine Thread - 0] INFO  server.GrpcService (GrpcService.java:startImpl(158)) - eed0ea2a-d4e1-462d-acdf-3429f0a6e9fe: GrpcService started, listening on 0.0.0.0/0.0.0.0:46579
2019-09-25 07:18:34,538 [Datanode State Machine Thread - 0] INFO  ratis.XceiverServerRatis (XceiverServerRatis.java:start(421)) - XceiverServerRatis bd44bfbc-c212-4f8d-9cd2-0f97b4d8abf5 is started using port 35860
2019-09-25 07:18:34,538 [Datanode State Machine Thread - 0] INFO  ratis.XceiverServerRatis (XceiverServerRatis.java:start(421)) - XceiverServerRatis aebfb692-7b6b-4657-85e2-3d5c30e62964 is started using port 46869
2019-09-25 07:18:34,539 [Datanode State Machine Thread - 0] INFO  ratis.XceiverServerRatis (XceiverServerRatis.java:start(421)) - XceiverServerRatis eed0ea2a-d4e1-462d-acdf-3429f0a6e9fe is started using port 46579
2019-09-25 07:18:34,546 [Datanode State Machine Thread - 0] INFO  ozoneimpl.OzoneContainer (OzoneContainer.java:start(217)) - Attempting to start container services.
2019-09-25 07:18:34,550 [Datanode State Machine Thread - 0] INFO  ozoneimpl.OzoneContainer (OzoneContainer.java:startContainerScrub(179)) - Background container scanner has been disabled.
2019-09-25 07:18:34,550 [Datanode State Machine Thread - 0] INFO  server.XceiverServerGrpc (XceiverServerGrpc.java:start(149)) - XceiverServerGrpc eed0ea2a-d4e1-462d-acdf-3429f0a6e9fe is started using port 44881
2019-09-25 07:18:34,551 [Datanode State Machine Thread - 0] INFO  ratis.XceiverServerRatis (XceiverServerRatis.java:start(411)) - Starting XceiverServerRatis d11a7d59-14f4-4b98-9a44-84ea7ce7b770 at port 0
2019-09-25 07:18:34,550 [Datanode State Machine Thread - 0] INFO  server.XceiverServerGrpc (XceiverServerGrpc.java:start(149)) - XceiverServerGrpc aebfb692-7b6b-4657-85e2-3d5c30e62964 is started using port 39617
2019-09-25 07:18:34,550 [Datanode State Machine Thread - 0] INFO  server.XceiverServerGrpc (XceiverServerGrpc.java:start(149)) - XceiverServerGrpc bd44bfbc-c212-4f8d-9cd2-0f97b4d8abf5 is started using port 33583
2019-09-25 07:18:34,562 [Datanode State Machine Thread - 0] INFO  impl.RaftServerProxy (RaftServerProxy.java:lambda$start$3(299)) - d11a7d59-14f4-4b98-9a44-84ea7ce7b770: start RPC server
2019-09-25 07:18:34,566 [Datanode State Machine Thread - 0] INFO  server.GrpcService (GrpcService.java:startImpl(158)) - d11a7d59-14f4-4b98-9a44-84ea7ce7b770: GrpcService started, listening on 0.0.0.0/0.0.0.0:37832
2019-09-25 07:18:34,566 [Datanode State Machine Thread - 0] INFO  ratis.XceiverServerRatis (XceiverServerRatis.java:start(421)) - XceiverServerRatis d11a7d59-14f4-4b98-9a44-84ea7ce7b770 is started using port 37832
2019-09-25 07:18:34,568 [Datanode State Machine Thread - 0] INFO  server.XceiverServerGrpc (XceiverServerGrpc.java:start(149)) - XceiverServerGrpc d11a7d59-14f4-4b98-9a44-84ea7ce7b770 is started using port 36267
2019-09-25 07:18:34,585 [JUnit] INFO  ozone.MiniOzoneClusterImpl (MiniOzoneClusterImpl.java:lambda$waitForClusterToBeReady$0(147)) - Waiting for cluster to be ready. Got 0 of 5 DN Heartbeats.
2019-09-25 07:18:34,600 [Datanode State Machine Thread - 0] INFO  ozoneimpl.OzoneContainer (OzoneContainer.java:start(217)) - Attempting to start container services.
2019-09-25 07:18:34,605 [Datanode State Machine Thread - 0] INFO  ozoneimpl.OzoneContainer (OzoneContainer.java:startContainerScrub(179)) - Background container scanner has been disabled.
2019-09-25 07:18:34,605 [Datanode State Machine Thread - 0] INFO  ratis.XceiverServerRatis (XceiverServerRatis.java:start(411)) - Starting XceiverServerRatis 4caa13bb-8f1a-47d8-8391-c914f782f260 at port 0
2019-09-25 07:18:34,616 [Datanode State Machine Thread - 0] INFO  impl.RaftServerProxy (RaftServerProxy.java:lambda$start$3(299)) - 4caa13bb-8f1a-47d8-8391-c914f782f260: start RPC server
2019-09-25 07:18:34,622 [Datanode State Machine Thread - 0] INFO  server.GrpcService (GrpcService.java:startImpl(158)) - 4caa13bb-8f1a-47d8-8391-c914f782f260: GrpcService started, listening on 0.0.0.0/0.0.0.0:33218
2019-09-25 07:18:34,622 [Datanode State Machine Thread - 0] INFO  ratis.XceiverServerRatis (XceiverServerRatis.java:start(421)) - XceiverServerRatis 4caa13bb-8f1a-47d8-8391-c914f782f260 is started using port 33218
2019-09-25 07:18:34,624 [Datanode State Machine Thread - 0] INFO  server.XceiverServerGrpc (XceiverServerGrpc.java:start(149)) - XceiverServerGrpc 4caa13bb-8f1a-47d8-8391-c914f782f260 is started using port 35736
2019-09-25 07:18:35,586 [JUnit] INFO  ozone.MiniOzoneClusterImpl (MiniOzoneClusterImpl.java:lambda$waitForClusterToBeReady$0(147)) - Waiting for cluster to be ready. Got 0 of 5 DN Heartbeats.
2019-09-25 07:18:36,244 [IPC Server handler 0 on 41120] INFO  net.NetworkTopology (NetworkTopologyImpl.java:add(111)) - Added a new node: /default-rack/eed0ea2a-d4e1-462d-acdf-3429f0a6e9fe
2019-09-25 07:18:36,246 [IPC Server handler 0 on 41120] INFO  node.SCMNodeManager (SCMNodeManager.java:register(266)) - Registered Data node : eed0ea2a-d4e1-462d-acdf-3429f0a6e9fe{ip: 192.168.151.106, host: pr-hdds-1569-x2sr2-3486766547, networkLocation: /default-rack, certSerialId: null}
2019-09-25 07:18:36,250 [EventQueue-NodeRegistrationContainerReportForDataNodeSafeModeRule] INFO  safemode.SCMSafeModeManager (DataNodeSafeModeRule.java:process(71)) - SCM in safe mode. 1 DataNodes registered, 1 required.
2019-09-25 07:18:36,251 [EventQueue-NodeRegistrationContainerReportForDataNodeSafeModeRule] INFO  safemode.SCMSafeModeManager (SCMSafeModeManager.java:validateSafeModeExitRules(177)) - ScmSafeModeManager, all rules are successfully validated
2019-09-25 07:18:36,251 [EventQueue-NodeRegistrationContainerReportForDataNodeSafeModeRule] INFO  safemode.SCMSafeModeManager (SCMSafeModeManager.java:exitSafeMode(193)) - SCM exiting safe mode.
2019-09-25 07:18:36,294 [IPC Server handler 1 on 41120] INFO  net.NetworkTopology (NetworkTopologyImpl.java:add(111)) - Added a new node: /default-rack/bd44bfbc-c212-4f8d-9cd2-0f97b4d8abf5
2019-09-25 07:18:36,294 [IPC Server handler 1 on 41120] INFO  node.SCMNodeManager (SCMNodeManager.java:register(266)) - Registered Data node : bd44bfbc-c212-4f8d-9cd2-0f97b4d8abf5{ip: 192.168.151.106, host: pr-hdds-1569-x2sr2-3486766547, networkLocation: /default-rack, certSerialId: null}
2019-09-25 07:18:36,405 [IPC Server handler 2 on 41120] INFO  net.NetworkTopology (NetworkTopologyImpl.java:add(111)) - Added a new node: /default-rack/aebfb692-7b6b-4657-85e2-3d5c30e62964
2019-09-25 07:18:36,405 [IPC Server handler 2 on 41120] INFO  node.SCMNodeManager (SCMNodeManager.java:register(266)) - Registered Data node : aebfb692-7b6b-4657-85e2-3d5c30e62964{ip: 192.168.151.106, host: pr-hdds-1569-x2sr2-3486766547, networkLocation: /default-rack, certSerialId: null}
2019-09-25 07:18:36,508 [IPC Server handler 3 on 41120] INFO  net.NetworkTopology (NetworkTopologyImpl.java:add(111)) - Added a new node: /default-rack/d11a7d59-14f4-4b98-9a44-84ea7ce7b770
2019-09-25 07:18:36,508 [IPC Server handler 3 on 41120] INFO  node.SCMNodeManager (SCMNodeManager.java:register(266)) - Registered Data node : d11a7d59-14f4-4b98-9a44-84ea7ce7b770{ip: 192.168.151.106, host: pr-hdds-1569-x2sr2-3486766547, networkLocation: /default-rack, certSerialId: null}
2019-09-25 07:18:36,587 [JUnit] INFO  ozone.MiniOzoneClusterImpl (MiniOzoneClusterImpl.java:lambda$waitForClusterToBeReady$0(147)) - Waiting for cluster to be ready. Got 4 of 5 DN Heartbeats.
2019-09-25 07:18:36,588 [IPC Server handler 5 on 41120] INFO  net.NetworkTopology (NetworkTopologyImpl.java:add(111)) - Added a new node: /default-rack/4caa13bb-8f1a-47d8-8391-c914f782f260
2019-09-25 07:18:36,588 [IPC Server handler 5 on 41120] INFO  node.SCMNodeManager (SCMNodeManager.java:register(266)) - Registered Data node : 4caa13bb-8f1a-47d8-8391-c914f782f260{ip: 192.168.151.106, host: pr-hdds-1569-x2sr2-3486766547, networkLocation: /default-rack, certSerialId: null}
2019-09-25 07:18:36,808 [grpc-default-executor-0] INFO  impl.RaftServerProxy (RaftServerProxy.java:addNew(89)) - eed0ea2a-d4e1-462d-acdf-3429f0a6e9fe: addNew group-1AC5AEA27609:[eed0ea2a-d4e1-462d-acdf-3429f0a6e9fe:192.168.151.106:46579] returns group-1AC5AEA27609:java.util.concurrent.CompletableFuture@40afafa2[Not completed]
2019-09-25 07:18:36,840 [pool-27-thread-1] INFO  impl.RaftServerImpl (RaftServerImpl.java:<init>(95)) - eed0ea2a-d4e1-462d-acdf-3429f0a6e9fe: new RaftServerImpl for group-1AC5AEA27609:[eed0ea2a-d4e1-462d-acdf-3429f0a6e9fe:192.168.151.106:46579] with ContainerStateMachine:uninitialized
2019-09-25 07:18:36,843 [pool-27-thread-1] INFO  server.RaftServerConfigKeys (ConfUtils.java:logGet(43)) - raft.server.rpc.timeout.min = 5s (custom)
2019-09-25 07:18:36,844 [pool-27-thread-1] INFO  server.RaftServerConfigKeys (ConfUtils.java:logGet(43)) - raft.server.rpc.timeout.max = 5200ms (custom)
2019-09-25 07:18:36,845 [pool-27-thread-1] INFO  server.RaftServerConfigKeys (ConfUtils.java:logGet(43)) - raft.server.rpcslowness.timeout = 120s (custom)
2019-09-25 07:18:36,846 [pool-27-thread-1] INFO  server.RaftServerConfigKeys (ConfUtils.java:logGet(43)) - raft.server.sleep.deviation.threshold = 300 (default)
2019-09-25 07:18:36,847 [pool-27-thread-1] INFO  server.RaftServerConfigKeys (ConfUtils.java:logGet(43)) - raft.server.log.appender.install.snapshot.enabled = false (custom)
2019-09-25 07:18:36,856 [pool-27-thread-1] INFO  impl.RaftServerImpl (ServerState.java:<init>(103)) - eed0ea2a-d4e1-462d-acdf-3429f0a6e9fe@group-1AC5AEA27609: ConfigurationManager, init=-1: [eed0ea2a-d4e1-462d-acdf-3429f0a6e9fe:192.168.151.106:46579], old=null, confs=<EMPTY_MAP>
2019-09-25 07:18:36,856 [pool-27-thread-1] INFO  server.RaftServerConfigKeys (ConfUtils.java:logGet(43)) - raft.server.storage.dir = [/workdir/hadoop-ozone/ozonefs/target/test-dir/MiniOzoneClusterImpl-e470f84b-f6c0-4e80-b6df-353379932a43/datanode-0/data/ratis] (custom)
2019-09-25 07:18:36,865 [pool-27-thread-1] INFO  storage.RaftStorageDirectory (RaftStorageDirectory.java:analyzeStorage(246)) - The storage directory /workdir/hadoop-ozone/ozonefs/target/test-dir/MiniOzoneClusterImpl-e470f84b-f6c0-4e80-b6df-353379932a43/datanode-0/data/ratis/aba08ae9-f3b4-4a52-b296-1ac5aea27609 does not exist. Creating ...
2019-09-25 07:18:36,894 [pool-27-thread-1] INFO  storage.RaftStorageDirectory (RaftStorageDirectory.java:tryLock(328)) - Lock on /workdir/hadoop-ozone/ozonefs/target/test-dir/MiniOzoneClusterImpl-e470f84b-f6c0-4e80-b6df-353379932a43/datanode-0/data/ratis/aba08ae9-f3b4-4a52-b296-1ac5aea27609/in_use.lock acquired by nodename 29106@pr-hdds-1569-x2sr2-3486766547
2019-09-25 07:18:36,909 [pool-27-thread-1] INFO  storage.RaftStorage (RaftStorage.java:format(72)) - Storage directory /workdir/hadoop-ozone/ozonefs/target/test-dir/MiniOzoneClusterImpl-e470f84b-f6c0-4e80-b6df-353379932a43/datanode-0/data/ratis/aba08ae9-f3b4-4a52-b296-1ac5aea27609 has been successfully formatted.
2019-09-25 07:18:36,912 [pool-27-thread-1] INFO  ratis.ContainerStateMachine (ContainerStateMachine.java:loadSnapshot(230)) - group-1AC5AEA27609: The snapshot info is null. Setting the last applied indexto:(t:0, i:~)
2019-09-25 07:18:36,912 [pool-27-thread-1] INFO  server.RaftServerConfigKeys (ConfUtils.java:logGet(43)) - raft.server.notification.no-leader.timeout = 120s (custom)
2019-09-25 07:18:36,914 [pool-27-thread-1] INFO  server.RaftServerConfigKeys (ConfUtils.java:logGet(43)) - raft.server.log.use.memory = false (default)
2019-09-25 07:18:36,920 [pool-27-thread-1] INFO  server.RaftServerConfigKeys (ConfUtils.java:logGet(43)) - raft.server.log.purge.gap = 1000000 (custom)
2019-09-25 07:18:36,920 [pool-27-thread-1] INFO  server.RaftServerConfigKeys (ConfUtils.java:logGet(43)) - raft.server.log.appender.buffer.byte-limit = 33554432 (custom)
2019-09-25 07:18:36,923 [pool-27-thread-1] INFO  server.RaftServerConfigKeys (ConfUtils.java:logGet(43)) - raft.server.log.segment.size.max = 1048576 (custom)
2019-09-25 07:18:36,928 [pool-27-thread-1] INFO  server.RaftServerConfigKeys (ConfUtils.java:logGet(43)) - raft.server.log.segment.cache.num.max = 2 (custom)
2019-09-25 07:18:36,934 [pool-27-thread-1] INFO  segmented.SegmentedRaftLogWorker (SegmentedRaftLogWorker.java:<init>(172)) - new eed0ea2a-d4e1-462d-acdf-3429f0a6e9fe@group-1AC5AEA27609-SegmentedRaftLogWorker for RaftStorage:Storage Directory /workdir/hadoop-ozone/ozonefs/target/test-dir/MiniOzoneClusterImpl-e470f84b-f6c0-4e80-b6df-353379932a43/datanode-0/data/ratis/aba08ae9-f3b4-4a52-b296-1ac5aea27609
2019-09-25 07:18:36,935 [pool-27-thread-1] INFO  impl.MetricsSystemImpl (MetricsSystemImpl.java:init(158)) - ratis metrics system started (again)
2019-09-25 07:18:36,942 [pool-27-thread-1] INFO  metrics.MetricRegistries (MetricRegistriesLoader.java:load(64)) - Loaded MetricRegistries class org.apache.ratis.metrics.impl.MetricRegistriesImpl
2019-09-25 07:18:36,971 [pool-27-thread-1] INFO  server.RaftServerConfigKeys (ConfUtils.java:logGet(43)) - raft.server.log.queue.byte-limit = 2147483647 (custom)
2019-09-25 07:18:36,972 [pool-27-thread-1] INFO  server.RaftServerConfigKeys (ConfUtils.java:logGet(43)) - raft.server.log.queue.element-limit = 1024 (custom)
2019-09-25 07:18:36,975 [pool-27-thread-1] INFO  server.RaftServerConfigKeys (ConfUtils.java:logGet(43)) - raft.server.log.segment.size.max = 1048576 (custom)
2019-09-25 07:18:36,975 [pool-27-thread-1] INFO  server.RaftServerConfigKeys (ConfUtils.java:logGet(43)) - raft.server.log.preallocated.size = 16384 (custom)
2019-09-25 07:18:36,976 [pool-27-thread-1] INFO  server.RaftServerConfigKeys (ConfUtils.java:logGet(43)) - raft.server.log.write.buffer.size = 33554432 (custom)
2019-09-25 07:18:36,976 [pool-27-thread-1] INFO  server.RaftServerConfigKeys (ConfUtils.java:logGet(43)) - raft.server.log.force.sync.num = 128 (default)
2019-09-25 07:18:36,977 [pool-27-thread-1] INFO  server.RaftServerConfigKeys (ConfUtils.java:logGet(43)) - raft.server.log.statemachine.data.sync = true (default)
2019-09-25 07:18:36,977 [pool-27-thread-1] INFO  server.RaftServerConfigKeys (ConfUtils.java:logGet(43)) - raft.server.log.statemachine.data.sync.timeout = 10s (default)
2019-09-25 07:18:36,978 [pool-27-thread-1] INFO  server.RaftServerConfigKeys (ConfUtils.java:logGet(43)) - raft.server.log.statemachine.data.sync.timeout.retry = -1 (default)
2019-09-25 07:18:36,987 [pool-27-thread-1] INFO  server.RaftServerConfigKeys (ConfUtils.java:logGet(43)) - raft.server.log.statemachine.data.caching.enabled = true (custom)
2019-09-25 07:18:36,991 [pool-27-thread-1] INFO  segmented.SegmentedRaftLogWorker (SegmentedRaftLogWorker.java:lambda$new$0(132)) - eed0ea2a-d4e1-462d-acdf-3429f0a6e9fe@group-1AC5AEA27609-SegmentedRaftLogWorker: flushIndex: setUnconditionally 0 -> -1
2019-09-25 07:18:36,995 [pool-27-thread-1] INFO  server.RaftServerConfigKeys (ConfUtils.java:logGet(43)) - raft.server.snapshot.auto.trigger.enabled = true (custom)
2019-09-25 07:18:36,996 [pool-27-thread-1] INFO  server.RaftServerConfigKeys (ConfUtils.java:logGet(43)) - raft.server.snapshot.auto.trigger.threshold = 10000 (custom)
2019-09-25 07:18:36,996 [pool-27-thread-1] INFO  server.RaftServerConfigKeys (ConfUtils.java:logGet(43)) - raft.server.snapshot.retention.num.files = 5 (custom)
2019-09-25 07:18:36,997 [pool-27-thread-1] INFO  server.RaftServerConfigKeys (ConfUtils.java:logGet(43)) - raft.server.retrycache.expirytime = 600000ms (custom)
2019-09-25 07:18:37,024 [pool-27-thread-1] INFO  impl.RaftServerImpl (RaftServerImpl.java:start(185)) - eed0ea2a-d4e1-462d-acdf-3429f0a6e9fe@group-1AC5AEA27609: start as a follower, conf=-1: [eed0ea2a-d4e1-462d-acdf-3429f0a6e9fe:192.168.151.106:46579], old=null
2019-09-25 07:18:37,025 [pool-27-thread-1] INFO  impl.RaftServerImpl (RaftServerImpl.java:setRole(174)) - eed0ea2a-d4e1-462d-acdf-3429f0a6e9fe@group-1AC5AEA27609: changes role from      null to FOLLOWER at term 0 for startAsFollower
2019-09-25 07:18:37,026 [pool-27-thread-1] INFO  impl.RoleInfo (RoleInfo.java:updateAndGet(143)) - eed0ea2a-d4e1-462d-acdf-3429f0a6e9fe: start FollowerState
2019-09-25 07:18:37,028 [pool-27-thread-1] INFO  util.JmxRegister (JmxRegister.java:tryRegister(44)) - Successfully registered JMX Bean with object name Ratis:service=RaftServer,group=group-1AC5AEA27609,id=eed0ea2a-d4e1-462d-acdf-3429f0a6e9fe
2019-09-25 07:18:37,101 [RatisPipelineUtilsThread] INFO  pipeline.PipelineStateManager (PipelineStateManager.java:addPipeline(56)) - Created pipeline Pipeline[ Id: aba08ae9-f3b4-4a52-b296-1ac5aea27609, Nodes: eed0ea2a-d4e1-462d-acdf-3429f0a6e9fe{ip: 192.168.151.106, host: pr-hdds-1569-x2sr2-3486766547, networkLocation: /default-rack, certSerialId: null}, Type:RATIS, Factor:ONE, State:OPEN]
2019-09-25 07:18:37,123 [grpc-default-executor-0] INFO  impl.RaftServerProxy (RaftServerProxy.java:addNew(89)) - eed0ea2a-d4e1-462d-acdf-3429f0a6e9fe: addNew group-618AE195C85A:[eed0ea2a-d4e1-462d-acdf-3429f0a6e9fe:192.168.151.106:46579] returns group-618AE195C85A:java.util.concurrent.CompletableFuture@37a44522[Not completed]
2019-09-25 07:18:37,124 [pool-27-thread-1] INFO  impl.RaftServerImpl (RaftServerImpl.java:<init>(95)) - eed0ea2a-d4e1-462d-acdf-3429f0a6e9fe: new RaftServerImpl for group-618AE195C85A:[eed0ea2a-d4e1-462d-acdf-3429f0a6e9fe:192.168.151.106:46579] with ContainerStateMachine:uninitialized
2019-09-25 07:18:37,125 [pool-27-thread-1] INFO  server.RaftServerConfigKeys (ConfUtils.java:logGet(43)) - raft.server.rpc.timeout.min = 5s (custom)
2019-09-25 07:18:37,125 [pool-27-thread-1] INFO  server.RaftServerConfigKeys (ConfUtils.java:logGet(43)) - raft.server.rpc.timeout.max = 5200ms (custom)
2019-09-25 07:18:37,125 [pool-27-thread-1] INFO  server.RaftServerConfigKeys (ConfUtils.java:logGet(43)) - raft.server.rpcslowness.timeout = 120s (custom)
2019-09-25 07:18:37,125 [pool-27-thread-1] INFO  server.RaftServerConfigKeys (ConfUtils.java:logGet(43)) - raft.server.sleep.deviation.threshold = 300 (default)
2019-09-25 07:18:37,125 [pool-27-thread-1] INFO  server.RaftServerConfigKeys (ConfUtils.java:logGet(43)) - raft.server.log.appender.install.snapshot.enabled = false (custom)
2019-09-25 07:18:37,125 [pool-27-thread-1] INFO  impl.RaftServerImpl (ServerState.java:<init>(103)) - eed0ea2a-d4e1-462d-acdf-3429f0a6e9fe@group-618AE195C85A: ConfigurationManager, init=-1: [eed0ea2a-d4e1-462d-acdf-3429f0a6e9fe:192.168.151.106:46579], old=null, confs=<EMPTY_MAP>
2019-09-25 07:18:37,125 [pool-27-thread-1] INFO  server.RaftServerConfigKeys (ConfUtils.java:logGet(43)) - raft.server.storage.dir = [/workdir/hadoop-ozone/ozonefs/target/test-dir/MiniOzoneClusterImpl-e470f84b-f6c0-4e80-b6df-353379932a43/datanode-0/data/ratis] (custom)
2019-09-25 07:18:37,126 [pool-27-thread-1] INFO  storage.RaftStorageDirectory (RaftStorageDirectory.java:analyzeStorage(246)) - The storage directory /workdir/hadoop-ozone/ozonefs/target/test-dir/MiniOzoneClusterImpl-e470f84b-f6c0-4e80-b6df-353379932a43/datanode-0/data/ratis/609b181f-6a57-4b10-931d-618ae195c85a does not exist. Creating ...
2019-09-25 07:18:37,140 [pool-27-thread-1] INFO  storage.RaftStorageDirectory (RaftStorageDirectory.java:tryLock(328)) - Lock on /workdir/hadoop-ozone/ozonefs/target/test-dir/MiniOzoneClusterImpl-e470f84b-f6c0-4e80-b6df-353379932a43/datanode-0/data/ratis/609b181f-6a57-4b10-931d-618ae195c85a/in_use.lock acquired by nodename 29106@pr-hdds-1569-x2sr2-3486766547
2019-09-25 07:18:37,167 [pool-27-thread-1] INFO  storage.RaftStorage (RaftStorage.java:format(72)) - Storage directory /workdir/hadoop-ozone/ozonefs/target/test-dir/MiniOzoneClusterImpl-e470f84b-f6c0-4e80-b6df-353379932a43/datanode-0/data/ratis/609b181f-6a57-4b10-931d-618ae195c85a has been successfully formatted.
2019-09-25 07:18:37,167 [pool-27-thread-1] INFO  ratis.ContainerStateMachine (ContainerStateMachine.java:loadSnapshot(230)) - group-618AE195C85A: The snapshot info is null. Setting the last applied indexto:(t:0, i:~)
2019-09-25 07:18:37,168 [pool-27-thread-1] INFO  server.RaftServerConfigKeys (ConfUtils.java:logGet(43)) - raft.server.notification.no-leader.timeout = 120s (custom)
2019-09-25 07:18:37,168 [pool-27-thread-1] INFO  server.RaftServerConfigKeys (ConfUtils.java:logGet(43)) - raft.server.log.use.memory = false (default)
2019-09-25 07:18:37,168 [pool-27-thread-1] INFO  server.RaftServerConfigKeys (ConfUtils.java:logGet(43)) - raft.server.log.purge.gap = 1000000 (custom)
2019-09-25 07:18:37,168 [pool-27-thread-1] INFO  server.RaftServerConfigKeys (ConfUtils.java:logGet(43)) - raft.server.log.appender.buffer.byte-limit = 33554432 (custom)
2019-09-25 07:18:37,168 [pool-27-thread-1] INFO  server.RaftServerConfigKeys (ConfUtils.java:logGet(43)) - raft.server.log.segment.size.max = 1048576 (custom)
2019-09-25 07:18:37,168 [pool-27-thread-1] INFO  server.RaftServerConfigKeys (ConfUtils.java:logGet(43)) - raft.server.log.segment.cache.num.max = 2 (custom)
2019-09-25 07:18:37,168 [pool-27-thread-1] INFO  segmented.SegmentedRaftLogWorker (SegmentedRaftLogWorker.java:<init>(172)) - new eed0ea2a-d4e1-462d-acdf-3429f0a6e9fe@group-618AE195C85A-SegmentedRaftLogWorker for RaftStorage:Storage Directory /workdir/hadoop-ozone/ozonefs/target/test-dir/MiniOzoneClusterImpl-e470f84b-f6c0-4e80-b6df-353379932a43/datanode-0/data/ratis/609b181f-6a57-4b10-931d-618ae195c85a
2019-09-25 07:18:37,169 [pool-27-thread-1] INFO  server.RaftServerConfigKeys (ConfUtils.java:logGet(43)) - raft.server.log.queue.byte-limit = 2147483647 (custom)
2019-09-25 07:18:37,169 [pool-27-thread-1] INFO  server.RaftServerConfigKeys (ConfUtils.java:logGet(43)) - raft.server.log.queue.element-limit = 1024 (custom)
2019-09-25 07:18:37,169 [pool-27-thread-1] INFO  server.RaftServerConfigKeys (ConfUtils.java:logGet(43)) - raft.server.log.segment.size.max = 1048576 (custom)
2019-09-25 07:18:37,169 [pool-27-thread-1] INFO  server.RaftServerConfigKeys (ConfUtils.java:logGet(43)) - raft.server.log.preallocated.size = 16384 (custom)
2019-09-25 07:18:37,169 [pool-27-thread-1] INFO  server.RaftServerConfigKeys (ConfUtils.java:logGet(43)) - raft.server.log.write.buffer.size = 33554432 (custom)
2019-09-25 07:18:37,169 [pool-27-thread-1] INFO  server.RaftServerConfigKeys (ConfUtils.java:logGet(43)) - raft.server.log.force.sync.num = 128 (default)
2019-09-25 07:18:37,169 [pool-27-thread-1] INFO  server.RaftServerConfigKeys (ConfUtils.java:logGet(43)) - raft.server.log.statemachine.data.sync = true (default)
2019-09-25 07:18:37,169 [pool-27-thread-1] INFO  server.RaftServerConfigKeys (ConfUtils.java:logGet(43)) - raft.server.log.statemachine.data.sync.timeout = 10s (default)
2019-09-25 07:18:37,170 [pool-27-thread-1] INFO  server.RaftServerConfigKeys (ConfUtils.java:logGet(43)) - raft.server.log.statemachine.data.sync.timeout.retry = -1 (default)
2019-09-25 07:18:37,170 [pool-27-thread-1] INFO  server.RaftServerConfigKeys (ConfUtils.java:logGet(43)) - raft.server.log.statemachine.data.caching.enabled = true (custom)
2019-09-25 07:18:37,170 [pool-27-thread-1] INFO  segmented.SegmentedRaftLogWorker (SegmentedRaftLogWorker.java:lambda$new$0(132)) - eed0ea2a-d4e1-462d-acdf-3429f0a6e9fe@group-618AE195C85A-SegmentedRaftLogWorker: flushIndex: setUnconditionally 0 -> -1
2019-09-25 07:18:37,170 [pool-27-thread-1] INFO  server.RaftServerConfigKeys (ConfUtils.java:logGet(43)) - raft.server.snapshot.auto.trigger.enabled = true (custom)
2019-09-25 07:18:37,170 [pool-27-thread-1] INFO  server.RaftServerConfigKeys (ConfUtils.java:logGet(43)) - raft.server.snapshot.auto.trigger.threshold = 10000 (custom)
2019-09-25 07:18:37,171 [pool-27-thread-1] INFO  server.RaftServerConfigKeys (ConfUtils.java:logGet(43)) - raft.server.snapshot.retention.num.files = 5 (custom)
2019-09-25 07:18:37,171 [pool-27-thread-1] INFO  server.RaftServerConfigKeys (ConfUtils.java:logGet(43)) - raft.server.retrycache.expirytime = 600000ms (custom)
2019-09-25 07:18:37,175 [pool-27-thread-1] INFO  impl.RaftServerImpl (RaftServerImpl.java:start(185)) - eed0ea2a-d4e1-462d-acdf-3429f0a6e9fe@group-618AE195C85A: start as a follower, conf=-1: [eed0ea2a-d4e1-462d-acdf-3429f0a6e9fe:192.168.151.106:46579], old=null
2019-09-25 07:18:37,175 [pool-27-thread-1] INFO  impl.RaftServerImpl (RaftServerImpl.java:setRole(174)) - eed0ea2a-d4e1-462d-acdf-3429f0a6e9fe@group-618AE195C85A: changes role from      null to FOLLOWER at term 0 for startAsFollower
2019-09-25 07:18:37,176 [pool-27-thread-1] INFO  impl.RoleInfo (RoleInfo.java:updateAndGet(143)) - eed0ea2a-d4e1-462d-acdf-3429f0a6e9fe: start FollowerState
2019-09-25 07:18:37,176 [pool-27-thread-1] INFO  util.JmxRegister (JmxRegister.java:tryRegister(44)) - Successfully registered JMX Bean with object name Ratis:service=RaftServer,group=group-618AE195C85A,id=eed0ea2a-d4e1-462d-acdf-3429f0a6e9fe
2019-09-25 07:18:37,198 [RatisPipelineUtilsThread] INFO  pipeline.PipelineStateManager (PipelineStateManager.java:addPipeline(56)) - Created pipeline Pipeline[ Id: 609b181f-6a57-4b10-931d-618ae195c85a, Nodes: eed0ea2a-d4e1-462d-acdf-3429f0a6e9fe{ip: 192.168.151.106, host: pr-hdds-1569-x2sr2-3486766547, networkLocation: /default-rack, certSerialId: null}, Type:RATIS, Factor:ONE, State:OPEN]
2019-09-25 07:18:37,218 [grpc-default-executor-0] INFO  impl.RaftServerProxy (RaftServerProxy.java:addNew(89)) - bd44bfbc-c212-4f8d-9cd2-0f97b4d8abf5: addNew group-930CC5F99543:[bd44bfbc-c212-4f8d-9cd2-0f97b4d8abf5:192.168.151.106:35860] returns group-930CC5F99543:java.util.concurrent.CompletableFuture@393af164[Not completed]
2019-09-25 07:18:37,259 [pool-37-thread-1] INFO  impl.RaftServerImpl (RaftServerImpl.java:<init>(95)) - bd44bfbc-c212-4f8d-9cd2-0f97b4d8abf5: new RaftServerImpl for group-930CC5F99543:[bd44bfbc-c212-4f8d-9cd2-0f97b4d8abf5:192.168.151.106:35860] with ContainerStateMachine:uninitialized
2019-09-25 07:18:37,260 [pool-37-thread-1] INFO  server.RaftServerConfigKeys (ConfUtils.java:logGet(43)) - raft.server.rpc.timeout.min = 5s (custom)
2019-09-25 07:18:37,261 [pool-37-thread-1] INFO  server.RaftServerConfigKeys (ConfUtils.java:logGet(43)) - raft.server.rpc.timeout.max = 5200ms (custom)
2019-09-25 07:18:37,261 [pool-37-thread-1] INFO  server.RaftServerConfigKeys (ConfUtils.java:logGet(43)) - raft.server.rpcslowness.timeout = 120s (custom)
2019-09-25 07:18:37,261 [pool-37-thread-1] INFO  server.RaftServerConfigKeys (ConfUtils.java:logGet(43)) - raft.server.sleep.deviation.threshold = 300 (default)
2019-09-25 07:18:37,261 [pool-37-thread-1] INFO  server.RaftServerConfigKeys (ConfUtils.java:logGet(43)) - raft.server.log.appender.install.snapshot.enabled = false (custom)
2019-09-25 07:18:37,261 [pool-37-thread-1] INFO  impl.RaftServerImpl (ServerState.java:<init>(103)) - bd44bfbc-c212-4f8d-9cd2-0f97b4d8abf5@group-930CC5F99543: ConfigurationManager, init=-1: [bd44bfbc-c212-4f8d-9cd2-0f97b4d8abf5:192.168.151.106:35860], old=null, confs=<EMPTY_MAP>
2019-09-25 07:18:37,261 [pool-37-thread-1] INFO  server.RaftServerConfigKeys (ConfUtils.java:logGet(43)) - raft.server.storage.dir = [/workdir/hadoop-ozone/ozonefs/target/test-dir/MiniOzoneClusterImpl-e470f84b-f6c0-4e80-b6df-353379932a43/datanode-1/data/ratis] (custom)
2019-09-25 07:18:37,262 [pool-37-thread-1] INFO  storage.RaftStorageDirectory (RaftStorageDirectory.java:analyzeStorage(246)) - The storage directory /workdir/hadoop-ozone/ozonefs/target/test-dir/MiniOzoneClusterImpl-e470f84b-f6c0-4e80-b6df-353379932a43/datanode-1/data/ratis/5e7a427b-aadc-4eb7-91c7-930cc5f99543 does not exist. Creating ...
2019-09-25 07:18:37,275 [pool-37-thread-1] INFO  storage.RaftStorageDirectory (RaftStorageDirectory.java:tryLock(328)) - Lock on /workdir/hadoop-ozone/ozonefs/target/test-dir/MiniOzoneClusterImpl-e470f84b-f6c0-4e80-b6df-353379932a43/datanode-1/data/ratis/5e7a427b-aadc-4eb7-91c7-930cc5f99543/in_use.lock acquired by nodename 29106@pr-hdds-1569-x2sr2-3486766547
2019-09-25 07:18:37,288 [pool-37-thread-1] INFO  storage.RaftStorage (RaftStorage.java:format(72)) - Storage directory /workdir/hadoop-ozone/ozonefs/target/test-dir/MiniOzoneClusterImpl-e470f84b-f6c0-4e80-b6df-353379932a43/datanode-1/data/ratis/5e7a427b-aadc-4eb7-91c7-930cc5f99543 has been successfully formatted.
2019-09-25 07:18:37,290 [pool-37-thread-1] INFO  ratis.ContainerStateMachine (ContainerStateMachine.java:loadSnapshot(230)) - group-930CC5F99543: The snapshot info is null. Setting the last applied indexto:(t:0, i:~)
2019-09-25 07:18:37,292 [pool-37-thread-1] INFO  server.RaftServerConfigKeys (ConfUtils.java:logGet(43)) - raft.server.notification.no-leader.timeout = 120s (custom)
2019-09-25 07:18:37,292 [pool-37-thread-1] INFO  server.RaftServerConfigKeys (ConfUtils.java:logGet(43)) - raft.server.log.use.memory = false (default)
2019-09-25 07:18:37,292 [pool-37-thread-1] INFO  server.RaftServerConfigKeys (ConfUtils.java:logGet(43)) - raft.server.log.purge.gap = 1000000 (custom)
2019-09-25 07:18:37,292 [pool-37-thread-1] INFO  server.RaftServerConfigKeys (ConfUtils.java:logGet(43)) - raft.server.log.appender.buffer.byte-limit = 33554432 (custom)
2019-09-25 07:18:37,292 [pool-37-thread-1] INFO  server.RaftServerConfigKeys (ConfUtils.java:logGet(43)) - raft.server.log.segment.size.max = 1048576 (custom)
2019-09-25 07:18:37,292 [pool-37-thread-1] INFO  server.RaftServerConfigKeys (ConfUtils.java:logGet(43)) - raft.server.log.segment.cache.num.max = 2 (custom)
2019-09-25 07:18:37,293 [pool-37-thread-1] INFO  segmented.SegmentedRaftLogWorker (SegmentedRaftLogWorker.java:<init>(172)) - new bd44bfbc-c212-4f8d-9cd2-0f97b4d8abf5@group-930CC5F99543-SegmentedRaftLogWorker for RaftStorage:Storage Directory /workdir/hadoop-ozone/ozonefs/target/test-dir/MiniOzoneClusterImpl-e470f84b-f6c0-4e80-b6df-353379932a43/datanode-1/data/ratis/5e7a427b-aadc-4eb7-91c7-930cc5f99543
2019-09-25 07:18:37,298 [pool-37-thread-1] INFO  server.RaftServerConfigKeys (ConfUtils.java:logGet(43)) - raft.server.log.queue.byte-limit = 2147483647 (custom)
2019-09-25 07:18:37,298 [pool-37-thread-1] INFO  server.RaftServerConfigKeys (ConfUtils.java:logGet(43)) - raft.server.log.queue.element-limit = 1024 (custom)
2019-09-25 07:18:37,298 [pool-37-thread-1] INFO  server.RaftServerConfigKeys (ConfUtils.java:logGet(43)) - raft.server.log.segment.size.max = 1048576 (custom)
2019-09-25 07:18:37,298 [pool-37-thread-1] INFO  server.RaftServerConfigKeys (ConfUtils.java:logGet(43)) - raft.server.log.preallocated.size = 16384 (custom)
2019-09-25 07:18:37,298 [pool-37-thread-1] INFO  server.RaftServerConfigKeys (ConfUtils.java:logGet(43)) - raft.server.log.write.buffer.size = 33554432 (custom)
2019-09-25 07:18:37,298 [pool-37-thread-1] INFO  server.RaftServerConfigKeys (ConfUtils.java:logGet(43)) - raft.server.log.force.sync.num = 128 (default)
2019-09-25 07:18:37,298 [pool-37-thread-1] INFO  server.RaftServerConfigKeys (ConfUtils.java:logGet(43)) - raft.server.log.statemachine.data.sync = true (default)
2019-09-25 07:18:37,299 [pool-37-thread-1] INFO  server.RaftServerConfigKeys (ConfUtils.java:logGet(43)) - raft.server.log.statemachine.data.sync.timeout = 10s (default)
2019-09-25 07:18:37,299 [pool-37-thread-1] INFO  server.RaftServerConfigKeys (ConfUtils.java:logGet(43)) - raft.server.log.statemachine.data.sync.timeout.retry = -1 (default)
2019-09-25 07:18:37,299 [pool-37-thread-1] INFO  server.RaftServerConfigKeys (ConfUtils.java:logGet(43)) - raft.server.log.statemachine.data.caching.enabled = true (custom)
2019-09-25 07:18:37,299 [pool-37-thread-1] INFO  segmented.SegmentedRaftLogWorker (SegmentedRaftLogWorker.java:lambda$new$0(132)) - bd44bfbc-c212-4f8d-9cd2-0f97b4d8abf5@group-930CC5F99543-SegmentedRaftLogWorker: flushIndex: setUnconditionally 0 -> -1
2019-09-25 07:18:37,300 [pool-37-thread-1] INFO  server.RaftServerConfigKeys (ConfUtils.java:logGet(43)) - raft.server.snapshot.auto.trigger.enabled = true (custom)
2019-09-25 07:18:37,300 [pool-37-thread-1] INFO  server.RaftServerConfigKeys (ConfUtils.java:logGet(43)) - raft.server.snapshot.auto.trigger.threshold = 10000 (custom)
2019-09-25 07:18:37,300 [pool-37-thread-1] INFO  server.RaftServerConfigKeys (ConfUtils.java:logGet(43)) - raft.server.snapshot.retention.num.files = 5 (custom)
2019-09-25 07:18:37,300 [pool-37-thread-1] INFO  server.RaftServerConfigKeys (ConfUtils.java:logGet(43)) - raft.server.retrycache.expirytime = 600000ms (custom)
2019-09-25 07:18:37,304 [pool-37-thread-1] INFO  impl.RaftServerImpl (RaftServerImpl.java:start(185)) - bd44bfbc-c212-4f8d-9cd2-0f97b4d8abf5@group-930CC5F99543: start as a follower, conf=-1: [bd44bfbc-c212-4f8d-9cd2-0f97b4d8abf5:192.168.151.106:35860], old=null
2019-09-25 07:18:37,304 [pool-37-thread-1] INFO  impl.RaftServerImpl (RaftServerImpl.java:setRole(174)) - bd44bfbc-c212-4f8d-9cd2-0f97b4d8abf5@group-930CC5F99543: changes role from      null to FOLLOWER at term 0 for startAsFollower
2019-09-25 07:18:37,305 [pool-37-thread-1] INFO  impl.RoleInfo (RoleInfo.java:updateAndGet(143)) - bd44bfbc-c212-4f8d-9cd2-0f97b4d8abf5: start FollowerState
2019-09-25 07:18:37,307 [pool-37-thread-1] INFO  util.JmxRegister (JmxRegister.java:tryRegister(44)) - Successfully registered JMX Bean with object name Ratis:service=RaftServer,group=group-930CC5F99543,id=bd44bfbc-c212-4f8d-9cd2-0f97b4d8abf5
2019-09-25 07:18:37,320 [RatisPipelineUtilsThread] INFO  pipeline.PipelineStateManager (PipelineStateManager.java:addPipeline(56)) - Created pipeline Pipeline[ Id: 5e7a427b-aadc-4eb7-91c7-930cc5f99543, Nodes: bd44bfbc-c212-4f8d-9cd2-0f97b4d8abf5{ip: 192.168.151.106, host: pr-hdds-1569-x2sr2-3486766547, networkLocation: /default-rack, certSerialId: null}, Type:RATIS, Factor:ONE, State:OPEN]
2019-09-25 07:18:37,339 [grpc-default-executor-0] INFO  impl.RaftServerProxy (RaftServerProxy.java:addNew(89)) - d11a7d59-14f4-4b98-9a44-84ea7ce7b770: addNew group-A661B7D84235:[d11a7d59-14f4-4b98-9a44-84ea7ce7b770:192.168.151.106:37832] returns group-A661B7D84235:java.util.concurrent.CompletableFuture@71a42ad2[Not completed]
2019-09-25 07:18:37,363 [pool-57-thread-1] INFO  impl.RaftServerImpl (RaftServerImpl.java:<init>(95)) - d11a7d59-14f4-4b98-9a44-84ea7ce7b770: new RaftServerImpl for group-A661B7D84235:[d11a7d59-14f4-4b98-9a44-84ea7ce7b770:192.168.151.106:37832] with ContainerStateMachine:uninitialized
2019-09-25 07:18:37,363 [pool-57-thread-1] INFO  server.RaftServerConfigKeys (ConfUtils.java:logGet(43)) - raft.server.rpc.timeout.min = 5s (custom)
2019-09-25 07:18:37,363 [pool-57-thread-1] INFO  server.RaftServerConfigKeys (ConfUtils.java:logGet(43)) - raft.server.rpc.timeout.max = 5200ms (custom)
2019-09-25 07:18:37,363 [pool-57-thread-1] INFO  server.RaftServerConfigKeys (ConfUtils.java:logGet(43)) - raft.server.rpcslowness.timeout = 120s (custom)
2019-09-25 07:18:37,364 [pool-57-thread-1] INFO  server.RaftServerConfigKeys (ConfUtils.java:logGet(43)) - raft.server.sleep.deviation.threshold = 300 (default)
2019-09-25 07:18:37,364 [pool-57-thread-1] INFO  server.RaftServerConfigKeys (ConfUtils.java:logGet(43)) - raft.server.log.appender.install.snapshot.enabled = false (custom)
2019-09-25 07:18:37,364 [pool-57-thread-1] INFO  impl.RaftServerImpl (ServerState.java:<init>(103)) - d11a7d59-14f4-4b98-9a44-84ea7ce7b770@group-A661B7D84235: ConfigurationManager, init=-1: [d11a7d59-14f4-4b98-9a44-84ea7ce7b770:192.168.151.106:37832], old=null, confs=<EMPTY_MAP>
2019-09-25 07:18:37,364 [pool-57-thread-1] INFO  server.RaftServerConfigKeys (ConfUtils.java:logGet(43)) - raft.server.storage.dir = [/workdir/hadoop-ozone/ozonefs/target/test-dir/MiniOzoneClusterImpl-e470f84b-f6c0-4e80-b6df-353379932a43/datanode-3/data/ratis] (custom)
2019-09-25 07:18:37,365 [pool-57-thread-1] INFO  storage.RaftStorageDirectory (RaftStorageDirectory.java:analyzeStorage(246)) - The storage directory /workdir/hadoop-ozone/ozonefs/target/test-dir/MiniOzoneClusterImpl-e470f84b-f6c0-4e80-b6df-353379932a43/datanode-3/data/ratis/9d7674e5-fa03-47be-80a4-a661b7d84235 does not exist. Creating ...
2019-09-25 07:18:37,378 [pool-57-thread-1] INFO  storage.RaftStorageDirectory (RaftStorageDirectory.java:tryLock(328)) - Lock on /workdir/hadoop-ozone/ozonefs/target/test-dir/MiniOzoneClusterImpl-e470f84b-f6c0-4e80-b6df-353379932a43/datanode-3/data/ratis/9d7674e5-fa03-47be-80a4-a661b7d84235/in_use.lock acquired by nodename 29106@pr-hdds-1569-x2sr2-3486766547
2019-09-25 07:18:37,391 [pool-57-thread-1] INFO  storage.RaftStorage (RaftStorage.java:format(72)) - Storage directory /workdir/hadoop-ozone/ozonefs/target/test-dir/MiniOzoneClusterImpl-e470f84b-f6c0-4e80-b6df-353379932a43/datanode-3/data/ratis/9d7674e5-fa03-47be-80a4-a661b7d84235 has been successfully formatted.
2019-09-25 07:18:37,391 [pool-57-thread-1] INFO  ratis.ContainerStateMachine (ContainerStateMachine.java:loadSnapshot(230)) - group-A661B7D84235: The snapshot info is null. Setting the last applied indexto:(t:0, i:~)
2019-09-25 07:18:37,391 [pool-57-thread-1] INFO  server.RaftServerConfigKeys (ConfUtils.java:logGet(43)) - raft.server.notification.no-leader.timeout = 120s (custom)
2019-09-25 07:18:37,392 [pool-57-thread-1] INFO  server.RaftServerConfigKeys (ConfUtils.java:logGet(43)) - raft.server.log.use.memory = false (default)
2019-09-25 07:18:37,392 [pool-57-thread-1] INFO  server.RaftServerConfigKeys (ConfUtils.java:logGet(43)) - raft.server.log.purge.gap = 1000000 (custom)
2019-09-25 07:18:37,392 [pool-57-thread-1] INFO  server.RaftServerConfigKeys (ConfUtils.java:logGet(43)) - raft.server.log.appender.buffer.byte-limit = 33554432 (custom)
2019-09-25 07:18:37,392 [pool-57-thread-1] INFO  server.RaftServerConfigKeys (ConfUtils.java:logGet(43)) - raft.server.log.segment.size.max = 1048576 (custom)
2019-09-25 07:18:37,392 [pool-57-thread-1] INFO  server.RaftServerConfigKeys (ConfUtils.java:logGet(43)) - raft.server.log.segment.cache.num.max = 2 (custom)
2019-09-25 07:18:37,393 [pool-57-thread-1] INFO  segmented.SegmentedRaftLogWorker (SegmentedRaftLogWorker.java:<init>(172)) - new d11a7d59-14f4-4b98-9a44-84ea7ce7b770@group-A661B7D84235-SegmentedRaftLogWorker for RaftStorage:Storage Directory /workdir/hadoop-ozone/ozonefs/target/test-dir/MiniOzoneClusterImpl-e470f84b-f6c0-4e80-b6df-353379932a43/datanode-3/data/ratis/9d7674e5-fa03-47be-80a4-a661b7d84235
2019-09-25 07:18:37,421 [pool-57-thread-1] INFO  server.RaftServerConfigKeys (ConfUtils.java:logGet(43)) - raft.server.log.queue.byte-limit = 2147483647 (custom)
2019-09-25 07:18:37,421 [pool-57-thread-1] INFO  server.RaftServerConfigKeys (ConfUtils.java:logGet(43)) - raft.server.log.queue.element-limit = 1024 (custom)
2019-09-25 07:18:37,421 [pool-57-thread-1] INFO  server.RaftServerConfigKeys (ConfUtils.java:logGet(43)) - raft.server.log.segment.size.max = 1048576 (custom)
2019-09-25 07:18:37,422 [pool-57-thread-1] INFO  server.RaftServerConfigKeys (ConfUtils.java:logGet(43)) - raft.server.log.preallocated.size = 16384 (custom)
2019-09-25 07:18:37,422 [pool-57-thread-1] INFO  server.RaftServerConfigKeys (ConfUtils.java:logGet(43)) - raft.server.log.write.buffer.size = 33554432 (custom)
2019-09-25 07:18:37,422 [pool-57-thread-1] INFO  server.RaftServerConfigKeys (ConfUtils.java:logGet(43)) - raft.server.log.force.sync.num = 128 (default)
2019-09-25 07:18:37,422 [pool-57-thread-1] INFO  server.RaftServerConfigKeys (ConfUtils.java:logGet(43)) - raft.server.log.statemachine.data.sync = true (default)
2019-09-25 07:18:37,422 [pool-57-thread-1] INFO  server.RaftServerConfigKeys (ConfUtils.java:logGet(43)) - raft.server.log.statemachine.data.sync.timeout = 10s (default)
2019-09-25 07:18:37,423 [pool-57-thread-1] INFO  server.RaftServerConfigKeys (ConfUtils.java:logGet(43)) - raft.server.log.statemachine.data.sync.timeout.retry = -1 (default)
2019-09-25 07:18:37,423 [pool-57-thread-1] INFO  server.RaftServerConfigKeys (ConfUtils.java:logGet(43)) - raft.server.log.statemachine.data.caching.enabled = true (custom)
2019-09-25 07:18:37,424 [pool-57-thread-1] INFO  segmented.SegmentedRaftLogWorker (SegmentedRaftLogWorker.java:lambda$new$0(132)) - d11a7d59-14f4-4b98-9a44-84ea7ce7b770@group-A661B7D84235-SegmentedRaftLogWorker: flushIndex: setUnconditionally 0 -> -1
2019-09-25 07:18:37,424 [pool-57-thread-1] INFO  server.RaftServerConfigKeys (ConfUtils.java:logGet(43)) - raft.server.snapshot.auto.trigger.enabled = true (custom)
2019-09-25 07:18:37,424 [pool-57-thread-1] INFO  server.RaftServerConfigKeys (ConfUtils.java:logGet(43)) - raft.server.snapshot.auto.trigger.threshold = 10000 (custom)
2019-09-25 07:18:37,424 [pool-57-thread-1] INFO  server.RaftServerConfigKeys (ConfUtils.java:logGet(43)) - raft.server.snapshot.retention.num.files = 5 (custom)
2019-09-25 07:18:37,425 [pool-57-thread-1] INFO  server.RaftServerConfigKeys (ConfUtils.java:logGet(43)) - raft.server.retrycache.expirytime = 600000ms (custom)
2019-09-25 07:18:37,431 [pool-57-thread-1] INFO  impl.RaftServerImpl (RaftServerImpl.java:start(185)) - d11a7d59-14f4-4b98-9a44-84ea7ce7b770@group-A661B7D84235: start as a follower, conf=-1: [d11a7d59-14f4-4b98-9a44-84ea7ce7b770:192.168.151.106:37832], old=null
2019-09-25 07:18:37,431 [pool-57-thread-1] INFO  impl.RaftServerImpl (RaftServerImpl.java:setRole(174)) - d11a7d59-14f4-4b98-9a44-84ea7ce7b770@group-A661B7D84235: changes role from      null to FOLLOWER at term 0 for startAsFollower
2019-09-25 07:18:37,431 [pool-57-thread-1] INFO  impl.RoleInfo (RoleInfo.java:updateAndGet(143)) - d11a7d59-14f4-4b98-9a44-84ea7ce7b770: start FollowerState
2019-09-25 07:18:37,432 [pool-57-thread-1] INFO  util.JmxRegister (JmxRegister.java:tryRegister(44)) - Successfully registered JMX Bean with object name Ratis:service=RaftServer,group=group-A661B7D84235,id=d11a7d59-14f4-4b98-9a44-84ea7ce7b770
2019-09-25 07:18:37,442 [RatisPipelineUtilsThread] INFO  pipeline.PipelineStateManager (PipelineStateManager.java:addPipeline(56)) - Created pipeline Pipeline[ Id: 9d7674e5-fa03-47be-80a4-a661b7d84235, Nodes: d11a7d59-14f4-4b98-9a44-84ea7ce7b770{ip: 192.168.151.106, host: pr-hdds-1569-x2sr2-3486766547, networkLocation: /default-rack, certSerialId: null}, Type:RATIS, Factor:ONE, State:OPEN]
2019-09-25 07:18:37,462 [grpc-default-executor-0] INFO  impl.RaftServerProxy (RaftServerProxy.java:addNew(89)) - eed0ea2a-d4e1-462d-acdf-3429f0a6e9fe: addNew group-3744CE98BD7C:[eed0ea2a-d4e1-462d-acdf-3429f0a6e9fe:192.168.151.106:46579] returns group-3744CE98BD7C:java.util.concurrent.CompletableFuture@22958a16[Not completed]
2019-09-25 07:18:37,464 [pool-27-thread-1] INFO  impl.RaftServerImpl (RaftServerImpl.java:<init>(95)) - eed0ea2a-d4e1-462d-acdf-3429f0a6e9fe: new RaftServerImpl for group-3744CE98BD7C:[eed0ea2a-d4e1-462d-acdf-3429f0a6e9fe:192.168.151.106:46579] with ContainerStateMachine:uninitialized
2019-09-25 07:18:37,464 [pool-27-thread-1] INFO  server.RaftServerConfigKeys (ConfUtils.java:logGet(43)) - raft.server.rpc.timeout.min = 5s (custom)
2019-09-25 07:18:37,465 [pool-27-thread-1] INFO  server.RaftServerConfigKeys (ConfUtils.java:logGet(43)) - raft.server.rpc.timeout.max = 5200ms (custom)
2019-09-25 07:18:37,465 [pool-27-thread-1] INFO  server.RaftServerConfigKeys (ConfUtils.java:logGet(43)) - raft.server.rpcslowness.timeout = 120s (custom)
2019-09-25 07:18:37,465 [pool-27-thread-1] INFO  server.RaftServerConfigKeys (ConfUtils.java:logGet(43)) - raft.server.sleep.deviation.threshold = 300 (default)
2019-09-25 07:18:37,465 [pool-27-thread-1] INFO  server.RaftServerConfigKeys (ConfUtils.java:logGet(43)) - raft.server.log.appender.install.snapshot.enabled = false (custom)
2019-09-25 07:18:37,465 [pool-27-thread-1] INFO  impl.RaftServerImpl (ServerState.java:<init>(103)) - eed0ea2a-d4e1-462d-acdf-3429f0a6e9fe@group-3744CE98BD7C: ConfigurationManager, init=-1: [eed0ea2a-d4e1-462d-acdf-3429f0a6e9fe:192.168.151.106:46579], old=null, confs=<EMPTY_MAP>
2019-09-25 07:18:37,466 [pool-27-thread-1] INFO  server.RaftServerConfigKeys (ConfUtils.java:logGet(43)) - raft.server.storage.dir = [/workdir/hadoop-ozone/ozonefs/target/test-dir/MiniOzoneClusterImpl-e470f84b-f6c0-4e80-b6df-353379932a43/datanode-0/data/ratis] (custom)
2019-09-25 07:18:37,466 [pool-27-thread-1] INFO  storage.RaftStorageDirectory (RaftStorageDirectory.java:analyzeStorage(246)) - The storage directory /workdir/hadoop-ozone/ozonefs/target/test-dir/MiniOzoneClusterImpl-e470f84b-f6c0-4e80-b6df-353379932a43/datanode-0/data/ratis/73d50c7d-f3e8-4ca2-b3ef-3744ce98bd7c does not exist. Creating ...
2019-09-25 07:18:37,491 [pool-27-thread-1] INFO  storage.RaftStorageDirectory (RaftStorageDirectory.java:tryLock(328)) - Lock on /workdir/hadoop-ozone/ozonefs/target/test-dir/MiniOzoneClusterImpl-e470f84b-f6c0-4e80-b6df-353379932a43/datanode-0/data/ratis/73d50c7d-f3e8-4ca2-b3ef-3744ce98bd7c/in_use.lock acquired by nodename 29106@pr-hdds-1569-x2sr2-3486766547
2019-09-25 07:18:37,505 [pool-27-thread-1] INFO  storage.RaftStorage (RaftStorage.java:format(72)) - Storage directory /workdir/hadoop-ozone/ozonefs/target/test-dir/MiniOzoneClusterImpl-e470f84b-f6c0-4e80-b6df-353379932a43/datanode-0/data/ratis/73d50c7d-f3e8-4ca2-b3ef-3744ce98bd7c has been successfully formatted.
2019-09-25 07:18:37,505 [pool-27-thread-1] INFO  ratis.ContainerStateMachine (ContainerStateMachine.java:loadSnapshot(230)) - group-3744CE98BD7C: The snapshot info is null. Setting the last applied indexto:(t:0, i:~)
2019-09-25 07:18:37,505 [pool-27-thread-1] INFO  server.RaftServerConfigKeys (ConfUtils.java:logGet(43)) - raft.server.notification.no-leader.timeout = 120s (custom)
2019-09-25 07:18:37,506 [pool-27-thread-1] INFO  server.RaftServerConfigKeys (ConfUtils.java:logGet(43)) - raft.server.log.use.memory = false (default)
2019-09-25 07:18:37,506 [pool-27-thread-1] INFO  server.RaftServerConfigKeys (ConfUtils.java:logGet(43)) - raft.server.log.purge.gap = 1000000 (custom)
2019-09-25 07:18:37,506 [pool-27-thread-1] INFO  server.RaftServerConfigKeys (ConfUtils.java:logGet(43)) - raft.server.log.appender.buffer.byte-limit = 33554432 (custom)
2019-09-25 07:18:37,506 [pool-27-thread-1] INFO  server.RaftServerConfigKeys (ConfUtils.java:logGet(43)) - raft.server.log.segment.size.max = 1048576 (custom)
2019-09-25 07:18:37,506 [pool-27-thread-1] INFO  server.RaftServerConfigKeys (ConfUtils.java:logGet(43)) - raft.server.log.segment.cache.num.max = 2 (custom)
2019-09-25 07:18:37,507 [pool-27-thread-1] INFO  segmented.SegmentedRaftLogWorker (SegmentedRaftLogWorker.java:<init>(172)) - new eed0ea2a-d4e1-462d-acdf-3429f0a6e9fe@group-3744CE98BD7C-SegmentedRaftLogWorker for RaftStorage:Storage Directory /workdir/hadoop-ozone/ozonefs/target/test-dir/MiniOzoneClusterImpl-e470f84b-f6c0-4e80-b6df-353379932a43/datanode-0/data/ratis/73d50c7d-f3e8-4ca2-b3ef-3744ce98bd7c
2019-09-25 07:18:37,507 [pool-27-thread-1] INFO  server.RaftServerConfigKeys (ConfUtils.java:logGet(43)) - raft.server.log.queue.byte-limit = 2147483647 (custom)
2019-09-25 07:18:37,507 [pool-27-thread-1] INFO  server.RaftServerConfigKeys (ConfUtils.java:logGet(43)) - raft.server.log.queue.element-limit = 1024 (custom)
2019-09-25 07:18:37,507 [pool-27-thread-1] INFO  server.RaftServerConfigKeys (ConfUtils.java:logGet(43)) - raft.server.log.segment.size.max = 1048576 (custom)
2019-09-25 07:18:37,508 [pool-27-thread-1] INFO  server.RaftServerConfigKeys (ConfUtils.java:logGet(43)) - raft.server.log.preallocated.size = 16384 (custom)
2019-09-25 07:18:37,508 [pool-27-thread-1] INFO  server.RaftServerConfigKeys (ConfUtils.java:logGet(43)) - raft.server.log.write.buffer.size = 33554432 (custom)
2019-09-25 07:18:37,508 [pool-27-thread-1] INFO  server.RaftServerConfigKeys (ConfUtils.java:logGet(43)) - raft.server.log.force.sync.num = 128 (default)
2019-09-25 07:18:37,508 [pool-27-thread-1] INFO  server.RaftServerConfigKeys (ConfUtils.java:logGet(43)) - raft.server.log.statemachine.data.sync = true (default)
2019-09-25 07:18:37,508 [pool-27-thread-1] INFO  server.RaftServerConfigKeys (ConfUtils.java:logGet(43)) - raft.server.log.statemachine.data.sync.timeout = 10s (default)
2019-09-25 07:18:37,509 [pool-27-thread-1] INFO  server.RaftServerConfigKeys (ConfUtils.java:logGet(43)) - raft.server.log.statemachine.data.sync.timeout.retry = -1 (default)
2019-09-25 07:18:37,509 [pool-27-thread-1] INFO  server.RaftServerConfigKeys (ConfUtils.java:logGet(43)) - raft.server.log.statemachine.data.caching.enabled = true (custom)
2019-09-25 07:18:37,509 [pool-27-thread-1] INFO  segmented.SegmentedRaftLogWorker (SegmentedRaftLogWorker.java:lambda$new$0(132)) - eed0ea2a-d4e1-462d-acdf-3429f0a6e9fe@group-3744CE98BD7C-SegmentedRaftLogWorker: flushIndex: setUnconditionally 0 -> -1
2019-09-25 07:18:37,510 [pool-27-thread-1] INFO  server.RaftServerConfigKeys (ConfUtils.java:logGet(43)) - raft.server.snapshot.auto.trigger.enabled = true (custom)
2019-09-25 07:18:37,510 [pool-27-thread-1] INFO  server.RaftServerConfigKeys (ConfUtils.java:logGet(43)) - raft.server.snapshot.auto.trigger.threshold = 10000 (custom)
2019-09-25 07:18:37,510 [pool-27-thread-1] INFO  server.RaftServerConfigKeys (ConfUtils.java:logGet(43)) - raft.server.snapshot.retention.num.files = 5 (custom)
2019-09-25 07:18:37,510 [pool-27-thread-1] INFO  server.RaftServerConfigKeys (ConfUtils.java:logGet(43)) - raft.server.retrycache.expirytime = 600000ms (custom)
2019-09-25 07:18:37,516 [pool-27-thread-1] INFO  impl.RaftServerImpl (RaftServerImpl.java:start(185)) - eed0ea2a-d4e1-462d-acdf-3429f0a6e9fe@group-3744CE98BD7C: start as a follower, conf=-1: [eed0ea2a-d4e1-462d-acdf-3429f0a6e9fe:192.168.151.106:46579], old=null
2019-09-25 07:18:37,517 [pool-27-thread-1] INFO  impl.RaftServerImpl (RaftServerImpl.java:setRole(174)) - eed0ea2a-d4e1-462d-acdf-3429f0a6e9fe@group-3744CE98BD7C: changes role from      null to FOLLOWER at term 0 for startAsFollower
2019-09-25 07:18:37,517 [pool-27-thread-1] INFO  impl.RoleInfo (RoleInfo.java:updateAndGet(143)) - eed0ea2a-d4e1-462d-acdf-3429f0a6e9fe: start FollowerState
2019-09-25 07:18:37,518 [pool-27-thread-1] INFO  util.JmxRegister (JmxRegister.java:tryRegister(44)) - Successfully registered JMX Bean with object name Ratis:service=RaftServer,group=group-3744CE98BD7C,id=eed0ea2a-d4e1-462d-acdf-3429f0a6e9fe
2019-09-25 07:18:37,528 [RatisPipelineUtilsThread] INFO  pipeline.PipelineStateManager (PipelineStateManager.java:addPipeline(56)) - Created pipeline Pipeline[ Id: 73d50c7d-f3e8-4ca2-b3ef-3744ce98bd7c, Nodes: eed0ea2a-d4e1-462d-acdf-3429f0a6e9fe{ip: 192.168.151.106, host: pr-hdds-1569-x2sr2-3486766547, networkLocation: /default-rack, certSerialId: null}, Type:RATIS, Factor:ONE, State:OPEN]
2019-09-25 07:18:37,541 [grpc-default-executor-0] INFO  impl.RaftServerProxy (RaftServerProxy.java:addNew(89)) - bd44bfbc-c212-4f8d-9cd2-0f97b4d8abf5: addNew group-AED600D2B828:[bd44bfbc-c212-4f8d-9cd2-0f97b4d8abf5:192.168.151.106:35860] returns group-AED600D2B828:java.util.concurrent.CompletableFuture@4aa77030[Not completed]
2019-09-25 07:18:37,542 [pool-37-thread-1] INFO  impl.RaftServerImpl (RaftServerImpl.java:<init>(95)) - bd44bfbc-c212-4f8d-9cd2-0f97b4d8abf5: new RaftServerImpl for group-AED600D2B828:[bd44bfbc-c212-4f8d-9cd2-0f97b4d8abf5:192.168.151.106:35860] with ContainerStateMachine:uninitialized
2019-09-25 07:18:37,543 [pool-37-thread-1] INFO  server.RaftServerConfigKeys (ConfUtils.java:logGet(43)) - raft.server.rpc.timeout.min = 5s (custom)
2019-09-25 07:18:37,543 [pool-37-thread-1] INFO  server.RaftServerConfigKeys (ConfUtils.java:logGet(43)) - raft.server.rpc.timeout.max = 5200ms (custom)
2019-09-25 07:18:37,543 [pool-37-thread-1] INFO  server.RaftServerConfigKeys (ConfUtils.java:logGet(43)) - raft.server.rpcslowness.timeout = 120s (custom)
2019-09-25 07:18:37,543 [pool-37-thread-1] INFO  server.RaftServerConfigKeys (ConfUtils.java:logGet(43)) - raft.server.sleep.deviation.threshold = 300 (default)
2019-09-25 07:18:37,543 [pool-37-thread-1] INFO  server.RaftServerConfigKeys (ConfUtils.java:logGet(43)) - raft.server.log.appender.install.snapshot.enabled = false (custom)
2019-09-25 07:18:37,543 [pool-37-thread-1] INFO  impl.RaftServerImpl (ServerState.java:<init>(103)) - bd44bfbc-c212-4f8d-9cd2-0f97b4d8abf5@group-AED600D2B828: ConfigurationManager, init=-1: [bd44bfbc-c212-4f8d-9cd2-0f97b4d8abf5:192.168.151.106:35860], old=null, confs=<EMPTY_MAP>
2019-09-25 07:18:37,544 [pool-37-thread-1] INFO  server.RaftServerConfigKeys (ConfUtils.java:logGet(43)) - raft.server.storage.dir = [/workdir/hadoop-ozone/ozonefs/target/test-dir/MiniOzoneClusterImpl-e470f84b-f6c0-4e80-b6df-353379932a43/datanode-1/data/ratis] (custom)
2019-09-25 07:18:37,544 [pool-37-thread-1] INFO  storage.RaftStorageDirectory (RaftStorageDirectory.java:analyzeStorage(246)) - The storage directory /workdir/hadoop-ozone/ozonefs/target/test-dir/MiniOzoneClusterImpl-e470f84b-f6c0-4e80-b6df-353379932a43/datanode-1/data/ratis/34eb1f32-d68c-45f3-80f2-aed600d2b828 does not exist. Creating ...
2019-09-25 07:18:37,557 [pool-37-thread-1] INFO  storage.RaftStorageDirectory (RaftStorageDirectory.java:tryLock(328)) - Lock on /workdir/hadoop-ozone/ozonefs/target/test-dir/MiniOzoneClusterImpl-e470f84b-f6c0-4e80-b6df-353379932a43/datanode-1/data/ratis/34eb1f32-d68c-45f3-80f2-aed600d2b828/in_use.lock acquired by nodename 29106@pr-hdds-1569-x2sr2-3486766547
2019-09-25 07:18:37,570 [pool-37-thread-1] INFO  storage.RaftStorage (RaftStorage.java:format(72)) - Storage directory /workdir/hadoop-ozone/ozonefs/target/test-dir/MiniOzoneClusterImpl-e470f84b-f6c0-4e80-b6df-353379932a43/datanode-1/data/ratis/34eb1f32-d68c-45f3-80f2-aed600d2b828 has been successfully formatted.
2019-09-25 07:18:37,570 [pool-37-thread-1] INFO  ratis.ContainerStateMachine (ContainerStateMachine.java:loadSnapshot(230)) - group-AED600D2B828: The snapshot info is null. Setting the last applied indexto:(t:0, i:~)
2019-09-25 07:18:37,570 [pool-37-thread-1] INFO  server.RaftServerConfigKeys (ConfUtils.java:logGet(43)) - raft.server.notification.no-leader.timeout = 120s (custom)
2019-09-25 07:18:37,570 [pool-37-thread-1] INFO  server.RaftServerConfigKeys (ConfUtils.java:logGet(43)) - raft.server.log.use.memory = false (default)
2019-09-25 07:18:37,570 [pool-37-thread-1] INFO  server.RaftServerConfigKeys (ConfUtils.java:logGet(43)) - raft.server.log.purge.gap = 1000000 (custom)
2019-09-25 07:18:37,571 [pool-37-thread-1] INFO  server.RaftServerConfigKeys (ConfUtils.java:logGet(43)) - raft.server.log.appender.buffer.byte-limit = 33554432 (custom)
2019-09-25 07:18:37,571 [pool-37-thread-1] INFO  server.RaftServerConfigKeys (ConfUtils.java:logGet(43)) - raft.server.log.segment.size.max = 1048576 (custom)
2019-09-25 07:18:37,571 [pool-37-thread-1] INFO  server.RaftServerConfigKeys (ConfUtils.java:logGet(43)) - raft.server.log.segment.cache.num.max = 2 (custom)
2019-09-25 07:18:37,571 [pool-37-thread-1] INFO  segmented.SegmentedRaftLogWorker (SegmentedRaftLogWorker.java:<init>(172)) - new bd44bfbc-c212-4f8d-9cd2-0f97b4d8abf5@group-AED600D2B828-SegmentedRaftLogWorker for RaftStorage:Storage Directory /workdir/hadoop-ozone/ozonefs/target/test-dir/MiniOzoneClusterImpl-e470f84b-f6c0-4e80-b6df-353379932a43/datanode-1/data/ratis/34eb1f32-d68c-45f3-80f2-aed600d2b828
2019-09-25 07:18:37,571 [pool-37-thread-1] INFO  server.RaftServerConfigKeys (ConfUtils.java:logGet(43)) - raft.server.log.queue.byte-limit = 2147483647 (custom)
2019-09-25 07:18:37,571 [pool-37-thread-1] INFO  server.RaftServerConfigKeys (ConfUtils.java:logGet(43)) - raft.server.log.queue.element-limit = 1024 (custom)
2019-09-25 07:18:37,571 [pool-37-thread-1] INFO  server.RaftServerConfigKeys (ConfUtils.java:logGet(43)) - raft.server.log.segment.size.max = 1048576 (custom)
2019-09-25 07:18:37,572 [pool-37-thread-1] INFO  server.RaftServerConfigKeys (ConfUtils.java:logGet(43)) - raft.server.log.preallocated.size = 16384 (custom)
2019-09-25 07:18:37,572 [pool-37-thread-1] INFO  server.RaftServerConfigKeys (ConfUtils.java:logGet(43)) - raft.server.log.write.buffer.size = 33554432 (custom)
2019-09-25 07:18:37,572 [pool-37-thread-1] INFO  server.RaftServerConfigKeys (ConfUtils.java:logGet(43)) - raft.server.log.force.sync.num = 128 (default)
2019-09-25 07:18:37,572 [pool-37-thread-1] INFO  server.RaftServerConfigKeys (ConfUtils.java:logGet(43)) - raft.server.log.statemachine.data.sync = true (default)
2019-09-25 07:18:37,572 [pool-37-thread-1] INFO  server.RaftServerConfigKeys (ConfUtils.java:logGet(43)) - raft.server.log.statemachine.data.sync.timeout = 10s (default)
2019-09-25 07:18:37,572 [pool-37-thread-1] INFO  server.RaftServerConfigKeys (ConfUtils.java:logGet(43)) - raft.server.log.statemachine.data.sync.timeout.retry = -1 (default)
2019-09-25 07:18:37,572 [pool-37-thread-1] INFO  server.RaftServerConfigKeys (ConfUtils.java:logGet(43)) - raft.server.log.statemachine.data.caching.enabled = true (custom)
2019-09-25 07:18:37,573 [pool-37-thread-1] INFO  segmented.SegmentedRaftLogWorker (SegmentedRaftLogWorker.java:lambda$new$0(132)) - bd44bfbc-c212-4f8d-9cd2-0f97b4d8abf5@group-AED600D2B828-SegmentedRaftLogWorker: flushIndex: setUnconditionally 0 -> -1
2019-09-25 07:18:37,573 [pool-37-thread-1] INFO  server.RaftServerConfigKeys (ConfUtils.java:logGet(43)) - raft.server.snapshot.auto.trigger.enabled = true (custom)
2019-09-25 07:18:37,573 [pool-37-thread-1] INFO  server.RaftServerConfigKeys (ConfUtils.java:logGet(43)) - raft.server.snapshot.auto.trigger.threshold = 10000 (custom)
2019-09-25 07:18:37,573 [pool-37-thread-1] INFO  server.RaftServerConfigKeys (ConfUtils.java:logGet(43)) - raft.server.snapshot.retention.num.files = 5 (custom)
2019-09-25 07:18:37,573 [pool-37-thread-1] INFO  server.RaftServerConfigKeys (ConfUtils.java:logGet(43)) - raft.server.retrycache.expirytime = 600000ms (custom)
2019-09-25 07:18:37,578 [pool-37-thread-1] INFO  impl.RaftServerImpl (RaftServerImpl.java:start(185)) - bd44bfbc-c212-4f8d-9cd2-0f97b4d8abf5@group-AED600D2B828: start as a follower, conf=-1: [bd44bfbc-c212-4f8d-9cd2-0f97b4d8abf5:192.168.151.106:35860], old=null
2019-09-25 07:18:37,578 [pool-37-thread-1] INFO  impl.RaftServerImpl (RaftServerImpl.java:setRole(174)) - bd44bfbc-c212-4f8d-9cd2-0f97b4d8abf5@group-AED600D2B828: changes role from      null to FOLLOWER at term 0 for startAsFollower
2019-09-25 07:18:37,578 [pool-37-thread-1] INFO  impl.RoleInfo (RoleInfo.java:updateAndGet(143)) - bd44bfbc-c212-4f8d-9cd2-0f97b4d8abf5: start FollowerState
2019-09-25 07:18:37,579 [pool-37-thread-1] INFO  util.JmxRegister (JmxRegister.java:tryRegister(44)) - Successfully registered JMX Bean with object name Ratis:service=RaftServer,group=group-AED600D2B828,id=bd44bfbc-c212-4f8d-9cd2-0f97b4d8abf5
2019-09-25 07:18:37,593 [JUnit] INFO  ozone.MiniOzoneClusterImpl (MiniOzoneClusterImpl.java:lambda$waitForClusterToBeReady$0(147)) - Cluster is ready. Got 5 of 5 DN Heartbeats.
2019-09-25 07:18:37,601 [RatisPipelineUtilsThread] INFO  pipeline.PipelineStateManager (PipelineStateManager.java:addPipeline(56)) - Created pipeline Pipeline[ Id: 34eb1f32-d68c-45f3-80f2-aed600d2b828, Nodes: bd44bfbc-c212-4f8d-9cd2-0f97b4d8abf5{ip: 192.168.151.106, host: pr-hdds-1569-x2sr2-3486766547, networkLocation: /default-rack, certSerialId: null}, Type:RATIS, Factor:ONE, State:OPEN]
2019-09-25 07:18:37,615 [grpc-default-executor-0] INFO  impl.RaftServerProxy (RaftServerProxy.java:addNew(89)) - d11a7d59-14f4-4b98-9a44-84ea7ce7b770: addNew group-D279F6A499BE:[d11a7d59-14f4-4b98-9a44-84ea7ce7b770:192.168.151.106:37832] returns group-D279F6A499BE:java.util.concurrent.CompletableFuture@1f01220[Not completed]
2019-09-25 07:18:37,617 [pool-57-thread-1] INFO  impl.RaftServerImpl (RaftServerImpl.java:<init>(95)) - d11a7d59-14f4-4b98-9a44-84ea7ce7b770: new RaftServerImpl for group-D279F6A499BE:[d11a7d59-14f4-4b98-9a44-84ea7ce7b770:192.168.151.106:37832] with ContainerStateMachine:uninitialized
2019-09-25 07:18:37,617 [pool-57-thread-1] INFO  server.RaftServerConfigKeys (ConfUtils.java:logGet(43)) - raft.server.rpc.timeout.min = 5s (custom)
2019-09-25 07:18:37,617 [pool-57-thread-1] INFO  server.RaftServerConfigKeys (ConfUtils.java:logGet(43)) - raft.server.rpc.timeout.max = 5200ms (custom)
2019-09-25 07:18:37,617 [pool-57-thread-1] INFO  server.RaftServerConfigKeys (ConfUtils.java:logGet(43)) - raft.server.rpcslowness.timeout = 120s (custom)
2019-09-25 07:18:37,618 [pool-57-thread-1] INFO  server.RaftServerConfigKeys (ConfUtils.java:logGet(43)) - raft.server.sleep.deviation.threshold = 300 (default)
2019-09-25 07:18:37,618 [pool-57-thread-1] INFO  server.RaftServerConfigKeys (ConfUtils.java:logGet(43)) - raft.server.log.appender.install.snapshot.enabled = false (custom)
2019-09-25 07:18:37,618 [pool-57-thread-1] INFO  impl.RaftServerImpl (ServerState.java:<init>(103)) - d11a7d59-14f4-4b98-9a44-84ea7ce7b770@group-D279F6A499BE: ConfigurationManager, init=-1: [d11a7d59-14f4-4b98-9a44-84ea7ce7b770:192.168.151.106:37832], old=null, confs=<EMPTY_MAP>
2019-09-25 07:18:37,618 [pool-57-thread-1] INFO  server.RaftServerConfigKeys (ConfUtils.java:logGet(43)) - raft.server.storage.dir = [/workdir/hadoop-ozone/ozonefs/target/test-dir/MiniOzoneClusterImpl-e470f84b-f6c0-4e80-b6df-353379932a43/datanode-3/data/ratis] (custom)
2019-09-25 07:18:37,619 [pool-57-thread-1] INFO  storage.RaftStorageDirectory (RaftStorageDirectory.java:analyzeStorage(246)) - The storage directory /workdir/hadoop-ozone/ozonefs/target/test-dir/MiniOzoneClusterImpl-e470f84b-f6c0-4e80-b6df-353379932a43/datanode-3/data/ratis/e8d94a6e-b372-4dd4-8fce-d279f6a499be does not exist. Creating ...
2019-09-25 07:18:37,631 [pool-57-thread-1] INFO  storage.RaftStorageDirectory (RaftStorageDirectory.java:tryLock(328)) - Lock on /workdir/hadoop-ozone/ozonefs/target/test-dir/MiniOzoneClusterImpl-e470f84b-f6c0-4e80-b6df-353379932a43/datanode-3/data/ratis/e8d94a6e-b372-4dd4-8fce-d279f6a499be/in_use.lock acquired by nodename 29106@pr-hdds-1569-x2sr2-3486766547
2019-09-25 07:18:37,645 [pool-57-thread-1] INFO  storage.RaftStorage (RaftStorage.java:format(72)) - Storage directory /workdir/hadoop-ozone/ozonefs/target/test-dir/MiniOzoneClusterImpl-e470f84b-f6c0-4e80-b6df-353379932a43/datanode-3/data/ratis/e8d94a6e-b372-4dd4-8fce-d279f6a499be has been successfully formatted.
2019-09-25 07:18:37,645 [pool-57-thread-1] INFO  ratis.ContainerStateMachine (ContainerStateMachine.java:loadSnapshot(230)) - group-D279F6A499BE: The snapshot info is null. Setting the last applied indexto:(t:0, i:~)
2019-09-25 07:18:37,646 [pool-57-thread-1] INFO  server.RaftServerConfigKeys (ConfUtils.java:logGet(43)) - raft.server.notification.no-leader.timeout = 120s (custom)
2019-09-25 07:18:37,646 [pool-57-thread-1] INFO  server.RaftServerConfigKeys (ConfUtils.java:logGet(43)) - raft.server.log.use.memory = false (default)
2019-09-25 07:18:37,646 [pool-57-thread-1] INFO  server.RaftServerConfigKeys (ConfUtils.java:logGet(43)) - raft.server.log.purge.gap = 1000000 (custom)
2019-09-25 07:18:37,646 [pool-57-thread-1] INFO  server.RaftServerConfigKeys (ConfUtils.java:logGet(43)) - raft.server.log.appender.buffer.byte-limit = 33554432 (custom)
2019-09-25 07:18:37,646 [pool-57-thread-1] INFO  server.RaftServerConfigKeys (ConfUtils.java:logGet(43)) - raft.server.log.segment.size.max = 1048576 (custom)
2019-09-25 07:18:37,647 [pool-57-thread-1] INFO  server.RaftServerConfigKeys (ConfUtils.java:logGet(43)) - raft.server.log.segment.cache.num.max = 2 (custom)
2019-09-25 07:18:37,647 [pool-57-thread-1] INFO  segmented.SegmentedRaftLogWorker (SegmentedRaftLogWorker.java:<init>(172)) - new d11a7d59-14f4-4b98-9a44-84ea7ce7b770@group-D279F6A499BE-SegmentedRaftLogWorker for RaftStorage:Storage Directory /workdir/hadoop-ozone/ozonefs/target/test-dir/MiniOzoneClusterImpl-e470f84b-f6c0-4e80-b6df-353379932a43/datanode-3/data/ratis/e8d94a6e-b372-4dd4-8fce-d279f6a499be
2019-09-25 07:18:37,647 [pool-57-thread-1] INFO  server.RaftServerConfigKeys (ConfUtils.java:logGet(43)) - raft.server.log.queue.byte-limit = 2147483647 (custom)
2019-09-25 07:18:37,647 [pool-57-thread-1] INFO  server.RaftServerConfigKeys (ConfUtils.java:logGet(43)) - raft.server.log.queue.element-limit = 1024 (custom)
2019-09-25 07:18:37,647 [pool-57-thread-1] INFO  server.RaftServerConfigKeys (ConfUtils.java:logGet(43)) - raft.server.log.segment.size.max = 1048576 (custom)
2019-09-25 07:18:37,647 [pool-57-thread-1] INFO  server.RaftServerConfigKeys (ConfUtils.java:logGet(43)) - raft.server.log.preallocated.size = 16384 (custom)
2019-09-25 07:18:37,648 [pool-57-thread-1] INFO  server.RaftServerConfigKeys (ConfUtils.java:logGet(43)) - raft.server.log.write.buffer.size = 33554432 (custom)
2019-09-25 07:18:37,648 [pool-57-thread-1] INFO  server.RaftServerConfigKeys (ConfUtils.java:logGet(43)) - raft.server.log.force.sync.num = 128 (default)
2019-09-25 07:18:37,648 [pool-57-thread-1] INFO  server.RaftServerConfigKeys (ConfUtils.java:logGet(43)) - raft.server.log.statemachine.data.sync = true (default)
2019-09-25 07:18:37,648 [pool-57-thread-1] INFO  server.RaftServerConfigKeys (ConfUtils.java:logGet(43)) - raft.server.log.statemachine.data.sync.timeout = 10s (default)
2019-09-25 07:18:37,648 [pool-57-thread-1] INFO  server.RaftServerConfigKeys (ConfUtils.java:logGet(43)) - raft.server.log.statemachine.data.sync.timeout.retry = -1 (default)
2019-09-25 07:18:37,648 [pool-57-thread-1] INFO  server.RaftServerConfigKeys (ConfUtils.java:logGet(43)) - raft.server.log.statemachine.data.caching.enabled = true (custom)
2019-09-25 07:18:37,649 [pool-57-thread-1] INFO  segmented.SegmentedRaftLogWorker (SegmentedRaftLogWorker.java:lambda$new$0(132)) - d11a7d59-14f4-4b98-9a44-84ea7ce7b770@group-D279F6A499BE-SegmentedRaftLogWorker: flushIndex: setUnconditionally 0 -> -1
2019-09-25 07:18:37,649 [pool-57-thread-1] INFO  server.RaftServerConfigKeys (ConfUtils.java:logGet(43)) - raft.server.snapshot.auto.trigger.enabled = true (custom)
2019-09-25 07:18:37,649 [pool-57-thread-1] INFO  server.RaftServerConfigKeys (ConfUtils.java:logGet(43)) - raft.server.snapshot.auto.trigger.threshold = 10000 (custom)
2019-09-25 07:18:37,649 [pool-57-thread-1] INFO  server.RaftServerConfigKeys (ConfUtils.java:logGet(43)) - raft.server.snapshot.retention.num.files = 5 (custom)
2019-09-25 07:18:37,650 [pool-57-thread-1] INFO  server.RaftServerConfigKeys (ConfUtils.java:logGet(43)) - raft.server.retrycache.expirytime = 600000ms (custom)
2019-09-25 07:18:37,654 [pool-57-thread-1] INFO  impl.RaftServerImpl (RaftServerImpl.java:start(185)) - d11a7d59-14f4-4b98-9a44-84ea7ce7b770@group-D279F6A499BE: start as a follower, conf=-1: [d11a7d59-14f4-4b98-9a44-84ea7ce7b770:192.168.151.106:37832], old=null
2019-09-25 07:18:37,654 [pool-57-thread-1] INFO  impl.RaftServerImpl (RaftServerImpl.java:setRole(174)) - d11a7d59-14f4-4b98-9a44-84ea7ce7b770@group-D279F6A499BE: changes role from      null to FOLLOWER at term 0 for startAsFollower
2019-09-25 07:18:37,654 [pool-57-thread-1] INFO  impl.RoleInfo (RoleInfo.java:updateAndGet(143)) - d11a7d59-14f4-4b98-9a44-84ea7ce7b770: start FollowerState
2019-09-25 07:18:37,655 [pool-57-thread-1] INFO  util.JmxRegister (JmxRegister.java:tryRegister(44)) - Successfully registered JMX Bean with object name Ratis:service=RaftServer,group=group-D279F6A499BE,id=d11a7d59-14f4-4b98-9a44-84ea7ce7b770
2019-09-25 07:18:37,671 [RatisPipelineUtilsThread] INFO  pipeline.PipelineStateManager (PipelineStateManager.java:addPipeline(56)) - Created pipeline Pipeline[ Id: e8d94a6e-b372-4dd4-8fce-d279f6a499be, Nodes: d11a7d59-14f4-4b98-9a44-84ea7ce7b770{ip: 192.168.151.106, host: pr-hdds-1569-x2sr2-3486766547, networkLocation: /default-rack, certSerialId: null}, Type:RATIS, Factor:ONE, State:OPEN]
2019-09-25 07:18:37,690 [grpc-default-executor-0] INFO  impl.RaftServerProxy (RaftServerProxy.java:addNew(89)) - eed0ea2a-d4e1-462d-acdf-3429f0a6e9fe: addNew group-746A7203FA5E:[eed0ea2a-d4e1-462d-acdf-3429f0a6e9fe:192.168.151.106:46579] returns group-746A7203FA5E:java.util.concurrent.CompletableFuture@43c9646e[Not completed]
2019-09-25 07:18:37,691 [pool-27-thread-1] INFO  impl.RaftServerImpl (RaftServerImpl.java:<init>(95)) - eed0ea2a-d4e1-462d-acdf-3429f0a6e9fe: new RaftServerImpl for group-746A7203FA5E:[eed0ea2a-d4e1-462d-acdf-3429f0a6e9fe:192.168.151.106:46579] with ContainerStateMachine:uninitialized
2019-09-25 07:18:37,691 [pool-27-thread-1] INFO  server.RaftServerConfigKeys (ConfUtils.java:logGet(43)) - raft.server.rpc.timeout.min = 5s (custom)
2019-09-25 07:18:37,691 [pool-27-thread-1] INFO  server.RaftServerConfigKeys (ConfUtils.java:logGet(43)) - raft.server.rpc.timeout.max = 5200ms (custom)
2019-09-25 07:18:37,692 [pool-27-thread-1] INFO  server.RaftServerConfigKeys (ConfUtils.java:logGet(43)) - raft.server.rpcslowness.timeout = 120s (custom)
2019-09-25 07:18:37,692 [pool-27-thread-1] INFO  server.RaftServerConfigKeys (ConfUtils.java:logGet(43)) - raft.server.sleep.deviation.threshold = 300 (default)
2019-09-25 07:18:37,692 [pool-27-thread-1] INFO  server.RaftServerConfigKeys (ConfUtils.java:logGet(43)) - raft.server.log.appender.install.snapshot.enabled = false (custom)
2019-09-25 07:18:37,692 [pool-27-thread-1] INFO  impl.RaftServerImpl (ServerState.java:<init>(103)) - eed0ea2a-d4e1-462d-acdf-3429f0a6e9fe@group-746A7203FA5E: ConfigurationManager, init=-1: [eed0ea2a-d4e1-462d-acdf-3429f0a6e9fe:192.168.151.106:46579], old=null, confs=<EMPTY_MAP>
2019-09-25 07:18:37,692 [pool-27-thread-1] INFO  server.RaftServerConfigKeys (ConfUtils.java:logGet(43)) - raft.server.storage.dir = [/workdir/hadoop-ozone/ozonefs/target/test-dir/MiniOzoneClusterImpl-e470f84b-f6c0-4e80-b6df-353379932a43/datanode-0/data/ratis] (custom)
2019-09-25 07:18:37,693 [pool-27-thread-1] INFO  storage.RaftStorageDirectory (RaftStorageDirectory.java:analyzeStorage(246)) - The storage directory /workdir/hadoop-ozone/ozonefs/target/test-dir/MiniOzoneClusterImpl-e470f84b-f6c0-4e80-b6df-353379932a43/datanode-0/data/ratis/2888de20-0ef3-4d71-a1db-746a7203fa5e does not exist. Creating ...
2019-09-25 07:18:37,706 [pool-27-thread-1] INFO  storage.RaftStorageDirectory (RaftStorageDirectory.java:tryLock(328)) - Lock on /workdir/hadoop-ozone/ozonefs/target/test-dir/MiniOzoneClusterImpl-e470f84b-f6c0-4e80-b6df-353379932a43/datanode-0/data/ratis/2888de20-0ef3-4d71-a1db-746a7203fa5e/in_use.lock acquired by nodename 29106@pr-hdds-1569-x2sr2-3486766547
2019-09-25 07:18:37,724 [pool-27-thread-1] INFO  storage.RaftStorage (RaftStorage.java:format(72)) - Storage directory /workdir/hadoop-ozone/ozonefs/target/test-dir/MiniOzoneClusterImpl-e470f84b-f6c0-4e80-b6df-353379932a43/datanode-0/data/ratis/2888de20-0ef3-4d71-a1db-746a7203fa5e has been successfully formatted.
2019-09-25 07:18:37,724 [pool-27-thread-1] INFO  ratis.ContainerStateMachine (ContainerStateMachine.java:loadSnapshot(230)) - group-746A7203FA5E: The snapshot info is null. Setting the last applied indexto:(t:0, i:~)
2019-09-25 07:18:37,725 [pool-27-thread-1] INFO  server.RaftServerConfigKeys (ConfUtils.java:logGet(43)) - raft.server.notification.no-leader.timeout = 120s (custom)
2019-09-25 07:18:37,725 [pool-27-thread-1] INFO  server.RaftServerConfigKeys (ConfUtils.java:logGet(43)) - raft.server.log.use.memory = false (default)
2019-09-25 07:18:37,725 [pool-27-thread-1] INFO  server.RaftServerConfigKeys (ConfUtils.java:logGet(43)) - raft.server.log.purge.gap = 1000000 (custom)
2019-09-25 07:18:37,725 [pool-27-thread-1] INFO  server.RaftServerConfigKeys (ConfUtils.java:logGet(43)) - raft.server.log.appender.buffer.byte-limit = 33554432 (custom)
2019-09-25 07:18:37,725 [pool-27-thread-1] INFO  server.RaftServerConfigKeys (ConfUtils.java:logGet(43)) - raft.server.log.segment.size.max = 1048576 (custom)
2019-09-25 07:18:37,725 [pool-27-thread-1] INFO  server.RaftServerConfigKeys (ConfUtils.java:logGet(43)) - raft.server.log.segment.cache.num.max = 2 (custom)
2019-09-25 07:18:37,725 [pool-27-thread-1] INFO  segmented.SegmentedRaftLogWorker (SegmentedRaftLogWorker.java:<init>(172)) - new eed0ea2a-d4e1-462d-acdf-3429f0a6e9fe@group-746A7203FA5E-SegmentedRaftLogWorker for RaftStorage:Storage Directory /workdir/hadoop-ozone/ozonefs/target/test-dir/MiniOzoneClusterImpl-e470f84b-f6c0-4e80-b6df-353379932a43/datanode-0/data/ratis/2888de20-0ef3-4d71-a1db-746a7203fa5e
2019-09-25 07:18:37,725 [pool-27-thread-1] INFO  server.RaftServerConfigKeys (ConfUtils.java:logGet(43)) - raft.server.log.queue.byte-limit = 2147483647 (custom)
2019-09-25 07:18:37,726 [pool-27-thread-1] INFO  server.RaftServerConfigKeys (ConfUtils.java:logGet(43)) - raft.server.log.queue.element-limit = 1024 (custom)
2019-09-25 07:18:37,726 [pool-27-thread-1] INFO  server.RaftServerConfigKeys (ConfUtils.java:logGet(43)) - raft.server.log.segment.size.max = 1048576 (custom)
2019-09-25 07:18:37,726 [pool-27-thread-1] INFO  server.RaftServerConfigKeys (ConfUtils.java:logGet(43)) - raft.server.log.preallocated.size = 16384 (custom)
2019-09-25 07:18:37,726 [pool-27-thread-1] INFO  server.RaftServerConfigKeys (ConfUtils.java:logGet(43)) - raft.server.log.write.buffer.size = 33554432 (custom)
2019-09-25 07:18:37,726 [pool-27-thread-1] INFO  server.RaftServerConfigKeys (ConfUtils.java:logGet(43)) - raft.server.log.force.sync.num = 128 (default)
2019-09-25 07:18:37,726 [pool-27-thread-1] INFO  server.RaftServerConfigKeys (ConfUtils.java:logGet(43)) - raft.server.log.statemachine.data.sync = true (default)
2019-09-25 07:18:37,726 [pool-27-thread-1] INFO  server.RaftServerConfigKeys (ConfUtils.java:logGet(43)) - raft.server.log.statemachine.data.sync.timeout = 10s (default)
2019-09-25 07:18:37,726 [pool-27-thread-1] INFO  server.RaftServerConfigKeys (ConfUtils.java:logGet(43)) - raft.server.log.statemachine.data.sync.timeout.retry = -1 (default)
2019-09-25 07:18:37,727 [pool-27-thread-1] INFO  server.RaftServerConfigKeys (ConfUtils.java:logGet(43)) - raft.server.log.statemachine.data.caching.enabled = true (custom)
2019-09-25 07:18:37,727 [pool-27-thread-1] INFO  segmented.SegmentedRaftLogWorker (SegmentedRaftLogWorker.java:lambda$new$0(132)) - eed0ea2a-d4e1-462d-acdf-3429f0a6e9fe@group-746A7203FA5E-SegmentedRaftLogWorker: flushIndex: setUnconditionally 0 -> -1
2019-09-25 07:18:37,727 [pool-27-thread-1] INFO  server.RaftServerConfigKeys (ConfUtils.java:logGet(43)) - raft.server.snapshot.auto.trigger.enabled = true (custom)
2019-09-25 07:18:37,727 [pool-27-thread-1] INFO  server.RaftServerConfigKeys (ConfUtils.java:logGet(43)) - raft.server.snapshot.auto.trigger.threshold = 10000 (custom)
2019-09-25 07:18:37,727 [pool-27-thread-1] INFO  server.RaftServerConfigKeys (ConfUtils.java:logGet(43)) - raft.server.snapshot.retention.num.files = 5 (custom)
2019-09-25 07:18:37,728 [pool-27-thread-1] INFO  server.RaftServerConfigKeys (ConfUtils.java:logGet(43)) - raft.server.retrycache.expirytime = 600000ms (custom)
2019-09-25 07:18:37,731 [pool-27-thread-1] INFO  impl.RaftServerImpl (RaftServerImpl.java:start(185)) - eed0ea2a-d4e1-462d-acdf-3429f0a6e9fe@group-746A7203FA5E: start as a follower, conf=-1: [eed0ea2a-d4e1-462d-acdf-3429f0a6e9fe:192.168.151.106:46579], old=null
2019-09-25 07:18:37,731 [pool-27-thread-1] INFO  impl.RaftServerImpl (RaftServerImpl.java:setRole(174)) - eed0ea2a-d4e1-462d-acdf-3429f0a6e9fe@group-746A7203FA5E: changes role from      null to FOLLOWER at term 0 for startAsFollower
2019-09-25 07:18:37,731 [pool-27-thread-1] INFO  impl.RoleInfo (RoleInfo.java:updateAndGet(143)) - eed0ea2a-d4e1-462d-acdf-3429f0a6e9fe: start FollowerState
2019-09-25 07:18:37,731 [pool-27-thread-1] INFO  util.JmxRegister (JmxRegister.java:tryRegister(44)) - Successfully registered JMX Bean with object name Ratis:service=RaftServer,group=group-746A7203FA5E,id=eed0ea2a-d4e1-462d-acdf-3429f0a6e9fe
2019-09-25 07:18:37,797 [RatisPipelineUtilsThread] INFO  pipeline.PipelineStateManager (PipelineStateManager.java:addPipeline(56)) - Created pipeline Pipeline[ Id: 2888de20-0ef3-4d71-a1db-746a7203fa5e, Nodes: eed0ea2a-d4e1-462d-acdf-3429f0a6e9fe{ip: 192.168.151.106, host: pr-hdds-1569-x2sr2-3486766547, networkLocation: /default-rack, certSerialId: null}, Type:RATIS, Factor:ONE, State:OPEN]
2019-09-25 07:18:37,820 [grpc-default-executor-0] INFO  impl.RaftServerProxy (RaftServerProxy.java:addNew(89)) - eed0ea2a-d4e1-462d-acdf-3429f0a6e9fe: addNew group-1033914315F0:[eed0ea2a-d4e1-462d-acdf-3429f0a6e9fe:192.168.151.106:46579] returns group-1033914315F0:java.util.concurrent.CompletableFuture@12a5e512[Not completed]
2019-09-25 07:18:37,823 [pool-27-thread-1] INFO  impl.RaftServerImpl (RaftServerImpl.java:<init>(95)) - eed0ea2a-d4e1-462d-acdf-3429f0a6e9fe: new RaftServerImpl for group-1033914315F0:[eed0ea2a-d4e1-462d-acdf-3429f0a6e9fe:192.168.151.106:46579] with ContainerStateMachine:uninitialized
2019-09-25 07:18:37,829 [pool-27-thread-1] INFO  server.RaftServerConfigKeys (ConfUtils.java:logGet(43)) - raft.server.rpc.timeout.min = 5s (custom)
2019-09-25 07:18:37,839 [pool-27-thread-1] INFO  server.RaftServerConfigKeys (ConfUtils.java:logGet(43)) - raft.server.rpc.timeout.max = 5200ms (custom)
2019-09-25 07:18:37,839 [pool-27-thread-1] INFO  server.RaftServerConfigKeys (ConfUtils.java:logGet(43)) - raft.server.rpcslowness.timeout = 120s (custom)
2019-09-25 07:18:37,839 [pool-27-thread-1] INFO  server.RaftServerConfigKeys (ConfUtils.java:logGet(43)) - raft.server.sleep.deviation.threshold = 300 (default)
2019-09-25 07:18:37,839 [pool-27-thread-1] INFO  server.RaftServerConfigKeys (ConfUtils.java:logGet(43)) - raft.server.log.appender.install.snapshot.enabled = false (custom)
2019-09-25 07:18:37,839 [pool-27-thread-1] INFO  impl.RaftServerImpl (ServerState.java:<init>(103)) - eed0ea2a-d4e1-462d-acdf-3429f0a6e9fe@group-1033914315F0: ConfigurationManager, init=-1: [eed0ea2a-d4e1-462d-acdf-3429f0a6e9fe:192.168.151.106:46579], old=null, confs=<EMPTY_MAP>
2019-09-25 07:18:37,840 [pool-27-thread-1] INFO  server.RaftServerConfigKeys (ConfUtils.java:logGet(43)) - raft.server.storage.dir = [/workdir/hadoop-ozone/ozonefs/target/test-dir/MiniOzoneClusterImpl-e470f84b-f6c0-4e80-b6df-353379932a43/datanode-0/data/ratis] (custom)
2019-09-25 07:18:37,840 [pool-27-thread-1] INFO  storage.RaftStorageDirectory (RaftStorageDirectory.java:analyzeStorage(246)) - The storage directory /workdir/hadoop-ozone/ozonefs/target/test-dir/MiniOzoneClusterImpl-e470f84b-f6c0-4e80-b6df-353379932a43/datanode-0/data/ratis/18b6ba9b-eb4c-4d28-9cc4-1033914315f0 does not exist. Creating ...
2019-09-25 07:18:37,853 [pool-27-thread-1] INFO  storage.RaftStorageDirectory (RaftStorageDirectory.java:tryLock(328)) - Lock on /workdir/hadoop-ozone/ozonefs/target/test-dir/MiniOzoneClusterImpl-e470f84b-f6c0-4e80-b6df-353379932a43/datanode-0/data/ratis/18b6ba9b-eb4c-4d28-9cc4-1033914315f0/in_use.lock acquired by nodename 29106@pr-hdds-1569-x2sr2-3486766547
2019-09-25 07:18:37,866 [pool-27-thread-1] INFO  storage.RaftStorage (RaftStorage.java:format(72)) - Storage directory /workdir/hadoop-ozone/ozonefs/target/test-dir/MiniOzoneClusterImpl-e470f84b-f6c0-4e80-b6df-353379932a43/datanode-0/data/ratis/18b6ba9b-eb4c-4d28-9cc4-1033914315f0 has been successfully formatted.
2019-09-25 07:18:37,866 [pool-27-thread-1] INFO  ratis.ContainerStateMachine (ContainerStateMachine.java:loadSnapshot(230)) - group-1033914315F0: The snapshot info is null. Setting the last applied indexto:(t:0, i:~)
2019-09-25 07:18:37,866 [pool-27-thread-1] INFO  server.RaftServerConfigKeys (ConfUtils.java:logGet(43)) - raft.server.notification.no-leader.timeout = 120s (custom)
2019-09-25 07:18:37,866 [pool-27-thread-1] INFO  server.RaftServerConfigKeys (ConfUtils.java:logGet(43)) - raft.server.log.use.memory = false (default)
2019-09-25 07:18:37,867 [pool-27-thread-1] INFO  server.RaftServerConfigKeys (ConfUtils.java:logGet(43)) - raft.server.log.purge.gap = 1000000 (custom)
2019-09-25 07:18:37,867 [pool-27-thread-1] INFO  server.RaftServerConfigKeys (ConfUtils.java:logGet(43)) - raft.server.log.appender.buffer.byte-limit = 33554432 (custom)
2019-09-25 07:18:37,867 [pool-27-thread-1] INFO  server.RaftServerConfigKeys (ConfUtils.java:logGet(43)) - raft.server.log.segment.size.max = 1048576 (custom)
2019-09-25 07:18:37,867 [pool-27-thread-1] INFO  server.RaftServerConfigKeys (ConfUtils.java:logGet(43)) - raft.server.log.segment.cache.num.max = 2 (custom)
2019-09-25 07:18:37,867 [pool-27-thread-1] INFO  segmented.SegmentedRaftLogWorker (SegmentedRaftLogWorker.java:<init>(172)) - new eed0ea2a-d4e1-462d-acdf-3429f0a6e9fe@group-1033914315F0-SegmentedRaftLogWorker for RaftStorage:Storage Directory /workdir/hadoop-ozone/ozonefs/target/test-dir/MiniOzoneClusterImpl-e470f84b-f6c0-4e80-b6df-353379932a43/datanode-0/data/ratis/18b6ba9b-eb4c-4d28-9cc4-1033914315f0
2019-09-25 07:18:37,867 [pool-27-thread-1] INFO  server.RaftServerConfigKeys (ConfUtils.java:logGet(43)) - raft.server.log.queue.byte-limit = 2147483647 (custom)
2019-09-25 07:18:37,867 [pool-27-thread-1] INFO  server.RaftServerConfigKeys (ConfUtils.java:logGet(43)) - raft.server.log.queue.element-limit = 1024 (custom)
2019-09-25 07:18:37,868 [pool-27-thread-1] INFO  server.RaftServerConfigKeys (ConfUtils.java:logGet(43)) - raft.server.log.segment.size.max = 1048576 (custom)
2019-09-25 07:18:37,868 [pool-27-thread-1] INFO  server.RaftServerConfigKeys (ConfUtils.java:logGet(43)) - raft.server.log.preallocated.size = 16384 (custom)
2019-09-25 07:18:37,868 [pool-27-thread-1] INFO  server.RaftServerConfigKeys (ConfUtils.java:logGet(43)) - raft.server.log.write.buffer.size = 33554432 (custom)
2019-09-25 07:18:37,868 [pool-27-thread-1] INFO  server.RaftServerConfigKeys (ConfUtils.java:logGet(43)) - raft.server.log.force.sync.num = 128 (default)
2019-09-25 07:18:37,868 [pool-27-thread-1] INFO  server.RaftServerConfigKeys (ConfUtils.java:logGet(43)) - raft.server.log.statemachine.data.sync = true (default)
2019-09-25 07:18:37,868 [pool-27-thread-1] INFO  server.RaftServerConfigKeys (ConfUtils.java:logGet(43)) - raft.server.log.statemachine.data.sync.timeout = 10s (default)
2019-09-25 07:18:37,868 [pool-27-thread-1] INFO  server.RaftServerConfigKeys (ConfUtils.java:logGet(43)) - raft.server.log.statemachine.data.sync.timeout.retry = -1 (default)
2019-09-25 07:18:37,869 [pool-27-thread-1] INFO  server.RaftServerConfigKeys (ConfUtils.java:logGet(43)) - raft.server.log.statemachine.data.caching.enabled = true (custom)
2019-09-25 07:18:37,869 [pool-27-thread-1] INFO  segmented.SegmentedRaftLogWorker (SegmentedRaftLogWorker.java:lambda$new$0(132)) - eed0ea2a-d4e1-462d-acdf-3429f0a6e9fe@group-1033914315F0-SegmentedRaftLogWorker: flushIndex: setUnconditionally 0 -> -1
2019-09-25 07:18:37,869 [pool-27-thread-1] INFO  server.RaftServerConfigKeys (ConfUtils.java:logGet(43)) - raft.server.snapshot.auto.trigger.enabled = true (custom)
2019-09-25 07:18:37,869 [pool-27-thread-1] INFO  server.RaftServerConfigKeys (ConfUtils.java:logGet(43)) - raft.server.snapshot.auto.trigger.threshold = 10000 (custom)
2019-09-25 07:18:37,870 [pool-27-thread-1] INFO  server.RaftServerConfigKeys (ConfUtils.java:logGet(43)) - raft.server.snapshot.retention.num.files = 5 (custom)
2019-09-25 07:18:37,870 [pool-27-thread-1] INFO  server.RaftServerConfigKeys (ConfUtils.java:logGet(43)) - raft.server.retrycache.expirytime = 600000ms (custom)
2019-09-25 07:18:37,873 [pool-27-thread-1] INFO  impl.RaftServerImpl (RaftServerImpl.java:start(185)) - eed0ea2a-d4e1-462d-acdf-3429f0a6e9fe@group-1033914315F0: start as a follower, conf=-1: [eed0ea2a-d4e1-462d-acdf-3429f0a6e9fe:192.168.151.106:46579], old=null
2019-09-25 07:18:37,873 [pool-27-thread-1] INFO  impl.RaftServerImpl (RaftServerImpl.java:setRole(174)) - eed0ea2a-d4e1-462d-acdf-3429f0a6e9fe@group-1033914315F0: changes role from      null to FOLLOWER at term 0 for startAsFollower
2019-09-25 07:18:37,873 [pool-27-thread-1] INFO  impl.RoleInfo (RoleInfo.java:updateAndGet(143)) - eed0ea2a-d4e1-462d-acdf-3429f0a6e9fe: start FollowerState
2019-09-25 07:18:37,874 [pool-27-thread-1] INFO  util.JmxRegister (JmxRegister.java:tryRegister(44)) - Successfully registered JMX Bean with object name Ratis:service=RaftServer,group=group-1033914315F0,id=eed0ea2a-d4e1-462d-acdf-3429f0a6e9fe
2019-09-25 07:18:37,884 [RatisPipelineUtilsThread] INFO  pipeline.PipelineStateManager (PipelineStateManager.java:addPipeline(56)) - Created pipeline Pipeline[ Id: 18b6ba9b-eb4c-4d28-9cc4-1033914315f0, Nodes: eed0ea2a-d4e1-462d-acdf-3429f0a6e9fe{ip: 192.168.151.106, host: pr-hdds-1569-x2sr2-3486766547, networkLocation: /default-rack, certSerialId: null}, Type:RATIS, Factor:ONE, State:OPEN]
2019-09-25 07:18:37,899 [grpc-default-executor-0] INFO  impl.RaftServerProxy (RaftServerProxy.java:addNew(89)) - bd44bfbc-c212-4f8d-9cd2-0f97b4d8abf5: addNew group-A99668B41AE8:[bd44bfbc-c212-4f8d-9cd2-0f97b4d8abf5:192.168.151.106:35860] returns group-A99668B41AE8:java.util.concurrent.CompletableFuture@5d39e6a6[Not completed]
2019-09-25 07:18:37,901 [pool-37-thread-1] INFO  impl.RaftServerImpl (RaftServerImpl.java:<init>(95)) - bd44bfbc-c212-4f8d-9cd2-0f97b4d8abf5: new RaftServerImpl for group-A99668B41AE8:[bd44bfbc-c212-4f8d-9cd2-0f97b4d8abf5:192.168.151.106:35860] with ContainerStateMachine:uninitialized
2019-09-25 07:18:37,901 [pool-37-thread-1] INFO  server.RaftServerConfigKeys (ConfUtils.java:logGet(43)) - raft.server.rpc.timeout.min = 5s (custom)
2019-09-25 07:18:37,901 [pool-37-thread-1] INFO  server.RaftServerConfigKeys (ConfUtils.java:logGet(43)) - raft.server.rpc.timeout.max = 5200ms (custom)
2019-09-25 07:18:37,901 [pool-37-thread-1] INFO  server.RaftServerConfigKeys (ConfUtils.java:logGet(43)) - raft.server.rpcslowness.timeout = 120s (custom)
2019-09-25 07:18:37,901 [pool-37-thread-1] INFO  server.RaftServerConfigKeys (ConfUtils.java:logGet(43)) - raft.server.sleep.deviation.threshold = 300 (default)
2019-09-25 07:18:37,901 [pool-37-thread-1] INFO  server.RaftServerConfigKeys (ConfUtils.java:logGet(43)) - raft.server.log.appender.install.snapshot.enabled = false (custom)
2019-09-25 07:18:37,901 [pool-37-thread-1] INFO  impl.RaftServerImpl (ServerState.java:<init>(103)) - bd44bfbc-c212-4f8d-9cd2-0f97b4d8abf5@group-A99668B41AE8: ConfigurationManager, init=-1: [bd44bfbc-c212-4f8d-9cd2-0f97b4d8abf5:192.168.151.106:35860], old=null, confs=<EMPTY_MAP>
2019-09-25 07:18:37,901 [pool-37-thread-1] INFO  server.RaftServerConfigKeys (ConfUtils.java:logGet(43)) - raft.server.storage.dir = [/workdir/hadoop-ozone/ozonefs/target/test-dir/MiniOzoneClusterImpl-e470f84b-f6c0-4e80-b6df-353379932a43/datanode-1/data/ratis] (custom)
2019-09-25 07:18:37,902 [pool-37-thread-1] INFO  storage.RaftStorageDirectory (RaftStorageDirectory.java:analyzeStorage(246)) - The storage directory /workdir/hadoop-ozone/ozonefs/target/test-dir/MiniOzoneClusterImpl-e470f84b-f6c0-4e80-b6df-353379932a43/datanode-1/data/ratis/f5c1dd4e-63e5-4409-bfc3-a99668b41ae8 does not exist. Creating ...
2019-09-25 07:18:37,914 [pool-37-thread-1] INFO  storage.RaftStorageDirectory (RaftStorageDirectory.java:tryLock(328)) - Lock on /workdir/hadoop-ozone/ozonefs/target/test-dir/MiniOzoneClusterImpl-e470f84b-f6c0-4e80-b6df-353379932a43/datanode-1/data/ratis/f5c1dd4e-63e5-4409-bfc3-a99668b41ae8/in_use.lock acquired by nodename 29106@pr-hdds-1569-x2sr2-3486766547
2019-09-25 07:18:37,927 [pool-37-thread-1] INFO  storage.RaftStorage (RaftStorage.java:format(72)) - Storage directory /workdir/hadoop-ozone/ozonefs/target/test-dir/MiniOzoneClusterImpl-e470f84b-f6c0-4e80-b6df-353379932a43/datanode-1/data/ratis/f5c1dd4e-63e5-4409-bfc3-a99668b41ae8 has been successfully formatted.
2019-09-25 07:18:37,927 [pool-37-thread-1] INFO  ratis.ContainerStateMachine (ContainerStateMachine.java:loadSnapshot(230)) - group-A99668B41AE8: The snapshot info is null. Setting the last applied indexto:(t:0, i:~)
2019-09-25 07:18:37,927 [pool-37-thread-1] INFO  server.RaftServerConfigKeys (ConfUtils.java:logGet(43)) - raft.server.notification.no-leader.timeout = 120s (custom)
2019-09-25 07:18:37,927 [pool-37-thread-1] INFO  server.RaftServerConfigKeys (ConfUtils.java:logGet(43)) - raft.server.log.use.memory = false (default)
2019-09-25 07:18:37,928 [pool-37-thread-1] INFO  server.RaftServerConfigKeys (ConfUtils.java:logGet(43)) - raft.server.log.purge.gap = 1000000 (custom)
2019-09-25 07:18:37,928 [pool-37-thread-1] INFO  server.RaftServerConfigKeys (ConfUtils.java:logGet(43)) - raft.server.log.appender.buffer.byte-limit = 33554432 (custom)
2019-09-25 07:18:37,928 [pool-37-thread-1] INFO  server.RaftServerConfigKeys (ConfUtils.java:logGet(43)) - raft.server.log.segment.size.max = 1048576 (custom)
2019-09-25 07:18:37,928 [pool-37-thread-1] INFO  server.RaftServerConfigKeys (ConfUtils.java:logGet(43)) - raft.server.log.segment.cache.num.max = 2 (custom)
2019-09-25 07:18:37,928 [pool-37-thread-1] INFO  segmented.SegmentedRaftLogWorker (SegmentedRaftLogWorker.java:<init>(172)) - new bd44bfbc-c212-4f8d-9cd2-0f97b4d8abf5@group-A99668B41AE8-SegmentedRaftLogWorker for RaftStorage:Storage Directory /workdir/hadoop-ozone/ozonefs/target/test-dir/MiniOzoneClusterImpl-e470f84b-f6c0-4e80-b6df-353379932a43/datanode-1/data/ratis/f5c1dd4e-63e5-4409-bfc3-a99668b41ae8
2019-09-25 07:18:37,928 [pool-37-thread-1] INFO  server.RaftServerConfigKeys (ConfUtils.java:logGet(43)) - raft.server.log.queue.byte-limit = 2147483647 (custom)
2019-09-25 07:18:37,928 [pool-37-thread-1] INFO  server.RaftServerConfigKeys (ConfUtils.java:logGet(43)) - raft.server.log.queue.element-limit = 1024 (custom)
2019-09-25 07:18:37,929 [pool-37-thread-1] INFO  server.RaftServerConfigKeys (ConfUtils.java:logGet(43)) - raft.server.log.segment.size.max = 1048576 (custom)
2019-09-25 07:18:37,929 [pool-37-thread-1] INFO  server.RaftServerConfigKeys (ConfUtils.java:logGet(43)) - raft.server.log.preallocated.size = 16384 (custom)
2019-09-25 07:18:37,929 [pool-37-thread-1] INFO  server.RaftServerConfigKeys (ConfUtils.java:logGet(43)) - raft.server.log.write.buffer.size = 33554432 (custom)
2019-09-25 07:18:37,929 [pool-37-thread-1] INFO  server.RaftServerConfigKeys (ConfUtils.java:logGet(43)) - raft.server.log.force.sync.num = 128 (default)
2019-09-25 07:18:37,929 [pool-37-thread-1] INFO  server.RaftServerConfigKeys (ConfUtils.java:logGet(43)) - raft.server.log.statemachine.data.sync = true (default)
2019-09-25 07:18:37,929 [pool-37-thread-1] INFO  server.RaftServerConfigKeys (ConfUtils.java:logGet(43)) - raft.server.log.statemachine.data.sync.timeout = 10s (default)
2019-09-25 07:18:37,929 [pool-37-thread-1] INFO  server.RaftServerConfigKeys (ConfUtils.java:logGet(43)) - raft.server.log.statemachine.data.sync.timeout.retry = -1 (default)
2019-09-25 07:18:37,930 [pool-37-thread-1] INFO  server.RaftServerConfigKeys (ConfUtils.java:logGet(43)) - raft.server.log.statemachine.data.caching.enabled = true (custom)
2019-09-25 07:18:37,930 [pool-37-thread-1] INFO  segmented.SegmentedRaftLogWorker (SegmentedRaftLogWorker.java:lambda$new$0(132)) - bd44bfbc-c212-4f8d-9cd2-0f97b4d8abf5@group-A99668B41AE8-SegmentedRaftLogWorker: flushIndex: setUnconditionally 0 -> -1
2019-09-25 07:18:37,930 [pool-37-thread-1] INFO  server.RaftServerConfigKeys (ConfUtils.java:logGet(43)) - raft.server.snapshot.auto.trigger.enabled = true (custom)
2019-09-25 07:18:37,930 [pool-37-thread-1] INFO  server.RaftServerConfigKeys (ConfUtils.java:logGet(43)) - raft.server.snapshot.auto.trigger.threshold = 10000 (custom)
2019-09-25 07:18:37,930 [pool-37-thread-1] INFO  server.RaftServerConfigKeys (ConfUtils.java:logGet(43)) - raft.server.snapshot.retention.num.files = 5 (custom)
2019-09-25 07:18:37,930 [pool-37-thread-1] INFO  server.RaftServerConfigKeys (ConfUtils.java:logGet(43)) - raft.server.retrycache.expirytime = 600000ms (custom)
2019-09-25 07:18:37,933 [pool-37-thread-1] INFO  impl.RaftServerImpl (RaftServerImpl.java:start(185)) - bd44bfbc-c212-4f8d-9cd2-0f97b4d8abf5@group-A99668B41AE8: start as a follower, conf=-1: [bd44bfbc-c212-4f8d-9cd2-0f97b4d8abf5:192.168.151.106:35860], old=null
2019-09-25 07:18:37,933 [pool-37-thread-1] INFO  impl.RaftServerImpl (RaftServerImpl.java:setRole(174)) - bd44bfbc-c212-4f8d-9cd2-0f97b4d8abf5@group-A99668B41AE8: changes role from      null to FOLLOWER at term 0 for startAsFollower
2019-09-25 07:18:37,933 [pool-37-thread-1] INFO  impl.RoleInfo (RoleInfo.java:updateAndGet(143)) - bd44bfbc-c212-4f8d-9cd2-0f97b4d8abf5: start FollowerState
2019-09-25 07:18:37,933 [pool-37-thread-1] INFO  util.JmxRegister (JmxRegister.java:tryRegister(44)) - Successfully registered JMX Bean with object name Ratis:service=RaftServer,group=group-A99668B41AE8,id=bd44bfbc-c212-4f8d-9cd2-0f97b4d8abf5
2019-09-25 07:18:37,943 [RatisPipelineUtilsThread] INFO  pipeline.PipelineStateManager (PipelineStateManager.java:addPipeline(56)) - Created pipeline Pipeline[ Id: f5c1dd4e-63e5-4409-bfc3-a99668b41ae8, Nodes: bd44bfbc-c212-4f8d-9cd2-0f97b4d8abf5{ip: 192.168.151.106, host: pr-hdds-1569-x2sr2-3486766547, networkLocation: /default-rack, certSerialId: null}, Type:RATIS, Factor:ONE, State:OPEN]
2019-09-25 07:18:37,958 [grpc-default-executor-0] INFO  impl.RaftServerProxy (RaftServerProxy.java:addNew(89)) - aebfb692-7b6b-4657-85e2-3d5c30e62964: addNew group-ACF4D32A2252:[aebfb692-7b6b-4657-85e2-3d5c30e62964:192.168.151.106:46869] returns group-ACF4D32A2252:java.util.concurrent.CompletableFuture@5294d311[Not completed]
2019-09-25 07:18:37,960 [pool-47-thread-1] INFO  impl.RaftServerImpl (RaftServerImpl.java:<init>(95)) - aebfb692-7b6b-4657-85e2-3d5c30e62964: new RaftServerImpl for group-ACF4D32A2252:[aebfb692-7b6b-4657-85e2-3d5c30e62964:192.168.151.106:46869] with ContainerStateMachine:uninitialized
2019-09-25 07:18:37,961 [pool-47-thread-1] INFO  server.RaftServerConfigKeys (ConfUtils.java:logGet(43)) - raft.server.rpc.timeout.min = 5s (custom)
2019-09-25 07:18:37,961 [pool-47-thread-1] INFO  server.RaftServerConfigKeys (ConfUtils.java:logGet(43)) - raft.server.rpc.timeout.max = 5200ms (custom)
2019-09-25 07:18:37,961 [pool-47-thread-1] INFO  server.RaftServerConfigKeys (ConfUtils.java:logGet(43)) - raft.server.rpcslowness.timeout = 120s (custom)
2019-09-25 07:18:37,961 [pool-47-thread-1] INFO  server.RaftServerConfigKeys (ConfUtils.java:logGet(43)) - raft.server.sleep.deviation.threshold = 300 (default)
2019-09-25 07:18:37,961 [pool-47-thread-1] INFO  server.RaftServerConfigKeys (ConfUtils.java:logGet(43)) - raft.server.log.appender.install.snapshot.enabled = false (custom)
2019-09-25 07:18:37,962 [pool-47-thread-1] INFO  impl.RaftServerImpl (ServerState.java:<init>(103)) - aebfb692-7b6b-4657-85e2-3d5c30e62964@group-ACF4D32A2252: ConfigurationManager, init=-1: [aebfb692-7b6b-4657-85e2-3d5c30e62964:192.168.151.106:46869], old=null, confs=<EMPTY_MAP>
2019-09-25 07:18:37,962 [pool-47-thread-1] INFO  server.RaftServerConfigKeys (ConfUtils.java:logGet(43)) - raft.server.storage.dir = [/workdir/hadoop-ozone/ozonefs/target/test-dir/MiniOzoneClusterImpl-e470f84b-f6c0-4e80-b6df-353379932a43/datanode-2/data/ratis] (custom)
2019-09-25 07:18:37,962 [pool-47-thread-1] INFO  storage.RaftStorageDirectory (RaftStorageDirectory.java:analyzeStorage(246)) - The storage directory /workdir/hadoop-ozone/ozonefs/target/test-dir/MiniOzoneClusterImpl-e470f84b-f6c0-4e80-b6df-353379932a43/datanode-2/data/ratis/73a79b6b-ee13-40d5-8002-acf4d32a2252 does not exist. Creating ...
2019-09-25 07:18:37,987 [pool-47-thread-1] INFO  storage.RaftStorageDirectory (RaftStorageDirectory.java:tryLock(328)) - Lock on /workdir/hadoop-ozone/ozonefs/target/test-dir/MiniOzoneClusterImpl-e470f84b-f6c0-4e80-b6df-353379932a43/datanode-2/data/ratis/73a79b6b-ee13-40d5-8002-acf4d32a2252/in_use.lock acquired by nodename 29106@pr-hdds-1569-x2sr2-3486766547
2019-09-25 07:18:38,016 [pool-47-thread-1] INFO  storage.RaftStorage (RaftStorage.java:format(72)) - Storage directory /workdir/hadoop-ozone/ozonefs/target/test-dir/MiniOzoneClusterImpl-e470f84b-f6c0-4e80-b6df-353379932a43/datanode-2/data/ratis/73a79b6b-ee13-40d5-8002-acf4d32a2252 has been successfully formatted.
2019-09-25 07:18:38,017 [pool-47-thread-1] INFO  ratis.ContainerStateMachine (ContainerStateMachine.java:loadSnapshot(230)) - group-ACF4D32A2252: The snapshot info is null. Setting the last applied indexto:(t:0, i:~)
2019-09-25 07:18:38,017 [pool-47-thread-1] INFO  server.RaftServerConfigKeys (ConfUtils.java:logGet(43)) - raft.server.notification.no-leader.timeout = 120s (custom)
2019-09-25 07:18:38,018 [pool-47-thread-1] INFO  server.RaftServerConfigKeys (ConfUtils.java:logGet(43)) - raft.server.log.use.memory = false (default)
2019-09-25 07:18:38,018 [pool-47-thread-1] INFO  server.RaftServerConfigKeys (ConfUtils.java:logGet(43)) - raft.server.log.purge.gap = 1000000 (custom)
2019-09-25 07:18:38,018 [pool-47-thread-1] INFO  server.RaftServerConfigKeys (ConfUtils.java:logGet(43)) - raft.server.log.appender.buffer.byte-limit = 33554432 (custom)
2019-09-25 07:18:38,018 [pool-47-thread-1] INFO  server.RaftServerConfigKeys (ConfUtils.java:logGet(43)) - raft.server.log.segment.size.max = 1048576 (custom)
2019-09-25 07:18:38,019 [pool-47-thread-1] INFO  server.RaftServerConfigKeys (ConfUtils.java:logGet(43)) - raft.server.log.segment.cache.num.max = 2 (custom)
2019-09-25 07:18:38,019 [pool-47-thread-1] INFO  segmented.SegmentedRaftLogWorker (SegmentedRaftLogWorker.java:<init>(172)) - new aebfb692-7b6b-4657-85e2-3d5c30e62964@group-ACF4D32A2252-SegmentedRaftLogWorker for RaftStorage:Storage Directory /workdir/hadoop-ozone/ozonefs/target/test-dir/MiniOzoneClusterImpl-e470f84b-f6c0-4e80-b6df-353379932a43/datanode-2/data/ratis/73a79b6b-ee13-40d5-8002-acf4d32a2252
2019-09-25 07:18:38,023 [pool-47-thread-1] INFO  server.RaftServerConfigKeys (ConfUtils.java:logGet(43)) - raft.server.log.queue.byte-limit = 2147483647 (custom)
2019-09-25 07:18:38,023 [pool-47-thread-1] INFO  server.RaftServerConfigKeys (ConfUtils.java:logGet(43)) - raft.server.log.queue.element-limit = 1024 (custom)
2019-09-25 07:18:38,024 [pool-47-thread-1] INFO  server.RaftServerConfigKeys (ConfUtils.java:logGet(43)) - raft.server.log.segment.size.max = 1048576 (custom)
2019-09-25 07:18:38,024 [pool-47-thread-1] INFO  server.RaftServerConfigKeys (ConfUtils.java:logGet(43)) - raft.server.log.preallocated.size = 16384 (custom)
2019-09-25 07:18:38,024 [pool-47-thread-1] INFO  server.RaftServerConfigKeys (ConfUtils.java:logGet(43)) - raft.server.log.write.buffer.size = 33554432 (custom)
2019-09-25 07:18:38,024 [pool-47-thread-1] INFO  server.RaftServerConfigKeys (ConfUtils.java:logGet(43)) - raft.server.log.force.sync.num = 128 (default)
2019-09-25 07:18:38,024 [pool-47-thread-1] INFO  server.RaftServerConfigKeys (ConfUtils.java:logGet(43)) - raft.server.log.statemachine.data.sync = true (default)
2019-09-25 07:18:38,025 [pool-47-thread-1] INFO  server.RaftServerConfigKeys (ConfUtils.java:logGet(43)) - raft.server.log.statemachine.data.sync.timeout = 10s (default)
2019-09-25 07:18:38,025 [pool-47-thread-1] INFO  server.RaftServerConfigKeys (ConfUtils.java:logGet(43)) - raft.server.log.statemachine.data.sync.timeout.retry = -1 (default)
2019-09-25 07:18:38,025 [pool-47-thread-1] INFO  server.RaftServerConfigKeys (ConfUtils.java:logGet(43)) - raft.server.log.statemachine.data.caching.enabled = true (custom)
2019-09-25 07:18:38,026 [pool-47-thread-1] INFO  segmented.SegmentedRaftLogWorker (SegmentedRaftLogWorker.java:lambda$new$0(132)) - aebfb692-7b6b-4657-85e2-3d5c30e62964@group-ACF4D32A2252-SegmentedRaftLogWorker: flushIndex: setUnconditionally 0 -> -1
2019-09-25 07:18:38,026 [pool-47-thread-1] INFO  server.RaftServerConfigKeys (ConfUtils.java:logGet(43)) - raft.server.snapshot.auto.trigger.enabled = true (custom)
2019-09-25 07:18:38,027 [pool-47-thread-1] INFO  server.RaftServerConfigKeys (ConfUtils.java:logGet(43)) - raft.server.snapshot.auto.trigger.threshold = 10000 (custom)
2019-09-25 07:18:38,027 [pool-47-thread-1] INFO  server.RaftServerConfigKeys (ConfUtils.java:logGet(43)) - raft.server.snapshot.retention.num.files = 5 (custom)
2019-09-25 07:18:38,027 [pool-47-thread-1] INFO  server.RaftServerConfigKeys (ConfUtils.java:logGet(43)) - raft.server.retrycache.expirytime = 600000ms (custom)
2019-09-25 07:18:38,031 [pool-47-thread-1] INFO  impl.RaftServerImpl (RaftServerImpl.java:start(185)) - aebfb692-7b6b-4657-85e2-3d5c30e62964@group-ACF4D32A2252: start as a follower, conf=-1: [aebfb692-7b6b-4657-85e2-3d5c30e62964:192.168.151.106:46869], old=null
2019-09-25 07:18:38,031 [pool-47-thread-1] INFO  impl.RaftServerImpl (RaftServerImpl.java:setRole(174)) - aebfb692-7b6b-4657-85e2-3d5c30e62964@group-ACF4D32A2252: changes role from      null to FOLLOWER at term 0 for startAsFollower
2019-09-25 07:18:38,031 [pool-47-thread-1] INFO  impl.RoleInfo (RoleInfo.java:updateAndGet(143)) - aebfb692-7b6b-4657-85e2-3d5c30e62964: start FollowerState
2019-09-25 07:18:38,032 [pool-47-thread-1] INFO  util.JmxRegister (JmxRegister.java:tryRegister(44)) - Successfully registered JMX Bean with object name Ratis:service=RaftServer,group=group-ACF4D32A2252,id=aebfb692-7b6b-4657-85e2-3d5c30e62964
2019-09-25 07:18:38,041 [RatisPipelineUtilsThread] INFO  pipeline.PipelineStateManager (PipelineStateManager.java:addPipeline(56)) - Created pipeline Pipeline[ Id: 73a79b6b-ee13-40d5-8002-acf4d32a2252, Nodes: aebfb692-7b6b-4657-85e2-3d5c30e62964{ip: 192.168.151.106, host: pr-hdds-1569-x2sr2-3486766547, networkLocation: /default-rack, certSerialId: null}, Type:RATIS, Factor:ONE, State:OPEN]
2019-09-25 07:18:38,053 [grpc-default-executor-0] INFO  impl.RaftServerProxy (RaftServerProxy.java:addNew(89)) - bd44bfbc-c212-4f8d-9cd2-0f97b4d8abf5: addNew group-131A25C15F47:[bd44bfbc-c212-4f8d-9cd2-0f97b4d8abf5:192.168.151.106:35860] returns group-131A25C15F47:java.util.concurrent.CompletableFuture@2877a899[Not completed]
2019-09-25 07:18:38,054 [pool-37-thread-1] INFO  impl.RaftServerImpl (RaftServerImpl.java:<init>(95)) - bd44bfbc-c212-4f8d-9cd2-0f97b4d8abf5: new RaftServerImpl for group-131A25C15F47:[bd44bfbc-c212-4f8d-9cd2-0f97b4d8abf5:192.168.151.106:35860] with ContainerStateMachine:uninitialized
2019-09-25 07:18:38,054 [pool-37-thread-1] INFO  server.RaftServerConfigKeys (ConfUtils.java:logGet(43)) - raft.server.rpc.timeout.min = 5s (custom)
2019-09-25 07:18:38,055 [pool-37-thread-1] INFO  server.RaftServerConfigKeys (ConfUtils.java:logGet(43)) - raft.server.rpc.timeout.max = 5200ms (custom)
2019-09-25 07:18:38,055 [pool-37-thread-1] INFO  server.RaftServerConfigKeys (ConfUtils.java:logGet(43)) - raft.server.rpcslowness.timeout = 120s (custom)
2019-09-25 07:18:38,055 [pool-37-thread-1] INFO  server.RaftServerConfigKeys (ConfUtils.java:logGet(43)) - raft.server.sleep.deviation.threshold = 300 (default)
2019-09-25 07:18:38,055 [pool-37-thread-1] INFO  server.RaftServerConfigKeys (ConfUtils.java:logGet(43)) - raft.server.log.appender.install.snapshot.enabled = false (custom)
2019-09-25 07:18:38,055 [pool-37-thread-1] INFO  impl.RaftServerImpl (ServerState.java:<init>(103)) - bd44bfbc-c212-4f8d-9cd2-0f97b4d8abf5@group-131A25C15F47: ConfigurationManager, init=-1: [bd44bfbc-c212-4f8d-9cd2-0f97b4d8abf5:192.168.151.106:35860], old=null, confs=<EMPTY_MAP>
2019-09-25 07:18:38,055 [pool-37-thread-1] INFO  server.RaftServerConfigKeys (ConfUtils.java:logGet(43)) - raft.server.storage.dir = [/workdir/hadoop-ozone/ozonefs/target/test-dir/MiniOzoneClusterImpl-e470f84b-f6c0-4e80-b6df-353379932a43/datanode-1/data/ratis] (custom)
2019-09-25 07:18:38,056 [pool-37-thread-1] INFO  storage.RaftStorageDirectory (RaftStorageDirectory.java:analyzeStorage(246)) - The storage directory /workdir/hadoop-ozone/ozonefs/target/test-dir/MiniOzoneClusterImpl-e470f84b-f6c0-4e80-b6df-353379932a43/datanode-1/data/ratis/c56bc837-5c06-4d38-891d-131a25c15f47 does not exist. Creating ...
2019-09-25 07:18:38,069 [pool-37-thread-1] INFO  storage.RaftStorageDirectory (RaftStorageDirectory.java:tryLock(328)) - Lock on /workdir/hadoop-ozone/ozonefs/target/test-dir/MiniOzoneClusterImpl-e470f84b-f6c0-4e80-b6df-353379932a43/datanode-1/data/ratis/c56bc837-5c06-4d38-891d-131a25c15f47/in_use.lock acquired by nodename 29106@pr-hdds-1569-x2sr2-3486766547
2019-09-25 07:18:38,083 [pool-37-thread-1] INFO  storage.RaftStorage (RaftStorage.java:format(72)) - Storage directory /workdir/hadoop-ozone/ozonefs/target/test-dir/MiniOzoneClusterImpl-e470f84b-f6c0-4e80-b6df-353379932a43/datanode-1/data/ratis/c56bc837-5c06-4d38-891d-131a25c15f47 has been successfully formatted.
2019-09-25 07:18:38,083 [pool-37-thread-1] INFO  ratis.ContainerStateMachine (ContainerStateMachine.java:loadSnapshot(230)) - group-131A25C15F47: The snapshot info is null. Setting the last applied indexto:(t:0, i:~)
2019-09-25 07:18:38,083 [pool-37-thread-1] INFO  server.RaftServerConfigKeys (ConfUtils.java:logGet(43)) - raft.server.notification.no-leader.timeout = 120s (custom)
2019-09-25 07:18:38,083 [pool-37-thread-1] INFO  server.RaftServerConfigKeys (ConfUtils.java:logGet(43)) - raft.server.log.use.memory = false (default)
2019-09-25 07:18:38,083 [pool-37-thread-1] INFO  server.RaftServerConfigKeys (ConfUtils.java:logGet(43)) - raft.server.log.purge.gap = 1000000 (custom)
2019-09-25 07:18:38,084 [pool-37-thread-1] INFO  server.RaftServerConfigKeys (ConfUtils.java:logGet(43)) - raft.server.log.appender.buffer.byte-limit = 33554432 (custom)
2019-09-25 07:18:38,084 [pool-37-thread-1] INFO  server.RaftServerConfigKeys (ConfUtils.java:logGet(43)) - raft.server.log.segment.size.max = 1048576 (custom)
2019-09-25 07:18:38,084 [pool-37-thread-1] INFO  server.RaftServerConfigKeys (ConfUtils.java:logGet(43)) - raft.server.log.segment.cache.num.max = 2 (custom)
2019-09-25 07:18:38,084 [pool-37-thread-1] INFO  segmented.SegmentedRaftLogWorker (SegmentedRaftLogWorker.java:<init>(172)) - new bd44bfbc-c212-4f8d-9cd2-0f97b4d8abf5@group-131A25C15F47-SegmentedRaftLogWorker for RaftStorage:Storage Directory /workdir/hadoop-ozone/ozonefs/target/test-dir/MiniOzoneClusterImpl-e470f84b-f6c0-4e80-b6df-353379932a43/datanode-1/data/ratis/c56bc837-5c06-4d38-891d-131a25c15f47
2019-09-25 07:18:38,084 [pool-37-thread-1] INFO  server.RaftServerConfigKeys (ConfUtils.java:logGet(43)) - raft.server.log.queue.byte-limit = 2147483647 (custom)
2019-09-25 07:18:38,084 [pool-37-thread-1] INFO  server.RaftServerConfigKeys (ConfUtils.java:logGet(43)) - raft.server.log.queue.element-limit = 1024 (custom)
2019-09-25 07:18:38,084 [pool-37-thread-1] INFO  server.RaftServerConfigKeys (ConfUtils.java:logGet(43)) - raft.server.log.segment.size.max = 1048576 (custom)
2019-09-25 07:18:38,085 [pool-37-thread-1] INFO  server.RaftServerConfigKeys (ConfUtils.java:logGet(43)) - raft.server.log.preallocated.size = 16384 (custom)
2019-09-25 07:18:38,085 [pool-37-thread-1] INFO  server.RaftServerConfigKeys (ConfUtils.java:logGet(43)) - raft.server.log.write.buffer.size = 33554432 (custom)
2019-09-25 07:18:38,085 [pool-37-thread-1] INFO  server.RaftServerConfigKeys (ConfUtils.java:logGet(43)) - raft.server.log.force.sync.num = 128 (default)
2019-09-25 07:18:38,085 [pool-37-thread-1] INFO  server.RaftServerConfigKeys (ConfUtils.java:logGet(43)) - raft.server.log.statemachine.data.sync = true (default)
2019-09-25 07:18:38,085 [pool-37-thread-1] INFO  server.RaftServerConfigKeys (ConfUtils.java:logGet(43)) - raft.server.log.statemachine.data.sync.timeout = 10s (default)
2019-09-25 07:18:38,085 [pool-37-thread-1] INFO  server.RaftServerConfigKeys (ConfUtils.java:logGet(43)) - raft.server.log.statemachine.data.sync.timeout.retry = -1 (default)
2019-09-25 07:18:38,085 [pool-37-thread-1] INFO  server.RaftServerConfigKeys (ConfUtils.java:logGet(43)) - raft.server.log.statemachine.data.caching.enabled = true (custom)
2019-09-25 07:18:38,086 [pool-37-thread-1] INFO  segmented.SegmentedRaftLogWorker (SegmentedRaftLogWorker.java:lambda$new$0(132)) - bd44bfbc-c212-4f8d-9cd2-0f97b4d8abf5@group-131A25C15F47-SegmentedRaftLogWorker: flushIndex: setUnconditionally 0 -> -1
2019-09-25 07:18:38,086 [pool-37-thread-1] INFO  server.RaftServerConfigKeys (ConfUtils.java:logGet(43)) - raft.server.snapshot.auto.trigger.enabled = true (custom)
2019-09-25 07:18:38,086 [pool-37-thread-1] INFO  server.RaftServerConfigKeys (ConfUtils.java:logGet(43)) - raft.server.snapshot.auto.trigger.threshold = 10000 (custom)
2019-09-25 07:18:38,086 [pool-37-thread-1] INFO  server.RaftServerConfigKeys (ConfUtils.java:logGet(43)) - raft.server.snapshot.retention.num.files = 5 (custom)
2019-09-25 07:18:38,086 [pool-37-thread-1] INFO  server.RaftServerConfigKeys (ConfUtils.java:logGet(43)) - raft.server.retrycache.expirytime = 600000ms (custom)
2019-09-25 07:18:38,089 [pool-37-thread-1] INFO  impl.RaftServerImpl (RaftServerImpl.java:start(185)) - bd44bfbc-c212-4f8d-9cd2-0f97b4d8abf5@group-131A25C15F47: start as a follower, conf=-1: [bd44bfbc-c212-4f8d-9cd2-0f97b4d8abf5:192.168.151.106:35860], old=null
2019-09-25 07:18:38,089 [pool-37-thread-1] INFO  impl.RaftServerImpl (RaftServerImpl.java:setRole(174)) - bd44bfbc-c212-4f8d-9cd2-0f97b4d8abf5@group-131A25C15F47: changes role from      null to FOLLOWER at term 0 for startAsFollower
2019-09-25 07:18:38,089 [pool-37-thread-1] INFO  impl.RoleInfo (RoleInfo.java:updateAndGet(143)) - bd44bfbc-c212-4f8d-9cd2-0f97b4d8abf5: start FollowerState
2019-09-25 07:18:38,089 [pool-37-thread-1] INFO  util.JmxRegister (JmxRegister.java:tryRegister(44)) - Successfully registered JMX Bean with object name Ratis:service=RaftServer,group=group-131A25C15F47,id=bd44bfbc-c212-4f8d-9cd2-0f97b4d8abf5
2019-09-25 07:18:38,097 [RatisPipelineUtilsThread] INFO  pipeline.PipelineStateManager (PipelineStateManager.java:addPipeline(56)) - Created pipeline Pipeline[ Id: c56bc837-5c06-4d38-891d-131a25c15f47, Nodes: bd44bfbc-c212-4f8d-9cd2-0f97b4d8abf5{ip: 192.168.151.106, host: pr-hdds-1569-x2sr2-3486766547, networkLocation: /default-rack, certSerialId: null}, Type:RATIS, Factor:ONE, State:OPEN]
2019-09-25 07:18:38,108 [grpc-default-executor-0] INFO  impl.RaftServerProxy (RaftServerProxy.java:addNew(89)) - d11a7d59-14f4-4b98-9a44-84ea7ce7b770: addNew group-4BDFE27A1068:[d11a7d59-14f4-4b98-9a44-84ea7ce7b770:192.168.151.106:37832] returns group-4BDFE27A1068:java.util.concurrent.CompletableFuture@ed9eb35[Not completed]
2019-09-25 07:18:38,110 [pool-57-thread-1] INFO  impl.RaftServerImpl (RaftServerImpl.java:<init>(95)) - d11a7d59-14f4-4b98-9a44-84ea7ce7b770: new RaftServerImpl for group-4BDFE27A1068:[d11a7d59-14f4-4b98-9a44-84ea7ce7b770:192.168.151.106:37832] with ContainerStateMachine:uninitialized
2019-09-25 07:18:38,111 [pool-57-thread-1] INFO  server.RaftServerConfigKeys (ConfUtils.java:logGet(43)) - raft.server.rpc.timeout.min = 5s (custom)
2019-09-25 07:18:38,111 [pool-57-thread-1] INFO  server.RaftServerConfigKeys (ConfUtils.java:logGet(43)) - raft.server.rpc.timeout.max = 5200ms (custom)
2019-09-25 07:18:38,111 [pool-57-thread-1] INFO  server.RaftServerConfigKeys (ConfUtils.java:logGet(43)) - raft.server.rpcslowness.timeout = 120s (custom)
2019-09-25 07:18:38,111 [pool-57-thread-1] INFO  server.RaftServerConfigKeys (ConfUtils.java:logGet(43)) - raft.server.sleep.deviation.threshold = 300 (default)
2019-09-25 07:18:38,111 [pool-57-thread-1] INFO  server.RaftServerConfigKeys (ConfUtils.java:logGet(43)) - raft.server.log.appender.install.snapshot.enabled = false (custom)
2019-09-25 07:18:38,111 [pool-57-thread-1] INFO  impl.RaftServerImpl (ServerState.java:<init>(103)) - d11a7d59-14f4-4b98-9a44-84ea7ce7b770@group-4BDFE27A1068: ConfigurationManager, init=-1: [d11a7d59-14f4-4b98-9a44-84ea7ce7b770:192.168.151.106:37832], old=null, confs=<EMPTY_MAP>
2019-09-25 07:18:38,112 [pool-57-thread-1] INFO  server.RaftServerConfigKeys (ConfUtils.java:logGet(43)) - raft.server.storage.dir = [/workdir/hadoop-ozone/ozonefs/target/test-dir/MiniOzoneClusterImpl-e470f84b-f6c0-4e80-b6df-353379932a43/datanode-3/data/ratis] (custom)
2019-09-25 07:18:38,112 [pool-57-thread-1] INFO  storage.RaftStorageDirectory (RaftStorageDirectory.java:analyzeStorage(246)) - The storage directory /workdir/hadoop-ozone/ozonefs/target/test-dir/MiniOzoneClusterImpl-e470f84b-f6c0-4e80-b6df-353379932a43/datanode-3/data/ratis/3dd78516-d0a7-4a41-b5d1-4bdfe27a1068 does not exist. Creating ...
2019-09-25 07:18:38,125 [pool-57-thread-1] INFO  storage.RaftStorageDirectory (RaftStorageDirectory.java:tryLock(328)) - Lock on /workdir/hadoop-ozone/ozonefs/target/test-dir/MiniOzoneClusterImpl-e470f84b-f6c0-4e80-b6df-353379932a43/datanode-3/data/ratis/3dd78516-d0a7-4a41-b5d1-4bdfe27a1068/in_use.lock acquired by nodename 29106@pr-hdds-1569-x2sr2-3486766547
2019-09-25 07:18:38,138 [pool-57-thread-1] INFO  storage.RaftStorage (RaftStorage.java:format(72)) - Storage directory /workdir/hadoop-ozone/ozonefs/target/test-dir/MiniOzoneClusterImpl-e470f84b-f6c0-4e80-b6df-353379932a43/datanode-3/data/ratis/3dd78516-d0a7-4a41-b5d1-4bdfe27a1068 has been successfully formatted.
2019-09-25 07:18:38,138 [pool-57-thread-1] INFO  ratis.ContainerStateMachine (ContainerStateMachine.java:loadSnapshot(230)) - group-4BDFE27A1068: The snapshot info is null. Setting the last applied indexto:(t:0, i:~)
2019-09-25 07:18:38,138 [pool-57-thread-1] INFO  server.RaftServerConfigKeys (ConfUtils.java:logGet(43)) - raft.server.notification.no-leader.timeout = 120s (custom)
2019-09-25 07:18:38,138 [pool-57-thread-1] INFO  server.RaftServerConfigKeys (ConfUtils.java:logGet(43)) - raft.server.log.use.memory = false (default)
2019-09-25 07:18:38,139 [pool-57-thread-1] INFO  server.RaftServerConfigKeys (ConfUtils.java:logGet(43)) - raft.server.log.purge.gap = 1000000 (custom)
2019-09-25 07:18:38,139 [pool-57-thread-1] INFO  server.RaftServerConfigKeys (ConfUtils.java:logGet(43)) - raft.server.log.appender.buffer.byte-limit = 33554432 (custom)
2019-09-25 07:18:38,139 [pool-57-thread-1] INFO  server.RaftServerConfigKeys (ConfUtils.java:logGet(43)) - raft.server.log.segment.size.max = 1048576 (custom)
2019-09-25 07:18:38,139 [pool-57-thread-1] INFO  server.RaftServerConfigKeys (ConfUtils.java:logGet(43)) - raft.server.log.segment.cache.num.max = 2 (custom)
2019-09-25 07:18:38,139 [pool-57-thread-1] INFO  segmented.SegmentedRaftLogWorker (SegmentedRaftLogWorker.java:<init>(172)) - new d11a7d59-14f4-4b98-9a44-84ea7ce7b770@group-4BDFE27A1068-SegmentedRaftLogWorker for RaftStorage:Storage Directory /workdir/hadoop-ozone/ozonefs/target/test-dir/MiniOzoneClusterImpl-e470f84b-f6c0-4e80-b6df-353379932a43/datanode-3/data/ratis/3dd78516-d0a7-4a41-b5d1-4bdfe27a1068
2019-09-25 07:18:38,140 [pool-57-thread-1] INFO  server.RaftServerConfigKeys (ConfUtils.java:logGet(43)) - raft.server.log.queue.byte-limit = 2147483647 (custom)
2019-09-25 07:18:38,140 [pool-57-thread-1] INFO  server.RaftServerConfigKeys (ConfUtils.java:logGet(43)) - raft.server.log.queue.element-limit = 1024 (custom)
2019-09-25 07:18:38,140 [pool-57-thread-1] INFO  server.RaftServerConfigKeys (ConfUtils.java:logGet(43)) - raft.server.log.segment.size.max = 1048576 (custom)
2019-09-25 07:18:38,140 [pool-57-thread-1] INFO  server.RaftServerConfigKeys (ConfUtils.java:logGet(43)) - raft.server.log.preallocated.size = 16384 (custom)
2019-09-25 07:18:38,140 [pool-57-thread-1] INFO  server.RaftServerConfigKeys (ConfUtils.java:logGet(43)) - raft.server.log.write.buffer.size = 33554432 (custom)
2019-09-25 07:18:38,140 [pool-57-thread-1] INFO  server.RaftServerConfigKeys (ConfUtils.java:logGet(43)) - raft.server.log.force.sync.num = 128 (default)
2019-09-25 07:18:38,141 [pool-57-thread-1] INFO  server.RaftServerConfigKeys (ConfUtils.java:logGet(43)) - raft.server.log.statemachine.data.sync = true (default)
2019-09-25 07:18:38,141 [pool-57-thread-1] INFO  server.RaftServerConfigKeys (ConfUtils.java:logGet(43)) - raft.server.log.statemachine.data.sync.timeout = 10s (default)
2019-09-25 07:18:38,141 [pool-57-thread-1] INFO  server.RaftServerConfigKeys (ConfUtils.java:logGet(43)) - raft.server.log.statemachine.data.sync.timeout.retry = -1 (default)
2019-09-25 07:18:38,141 [pool-57-thread-1] INFO  server.RaftServerConfigKeys (ConfUtils.java:logGet(43)) - raft.server.log.statemachine.data.caching.enabled = true (custom)
2019-09-25 07:18:38,142 [pool-57-thread-1] INFO  segmented.SegmentedRaftLogWorker (SegmentedRaftLogWorker.java:lambda$new$0(132)) - d11a7d59-14f4-4b98-9a44-84ea7ce7b770@group-4BDFE27A1068-SegmentedRaftLogWorker: flushIndex: setUnconditionally 0 -> -1
2019-09-25 07:18:38,142 [pool-57-thread-1] INFO  server.RaftServerConfigKeys (ConfUtils.java:logGet(43)) - raft.server.snapshot.auto.trigger.enabled = true (custom)
2019-09-25 07:18:38,142 [pool-57-thread-1] INFO  server.RaftServerConfigKeys (ConfUtils.java:logGet(43)) - raft.server.snapshot.auto.trigger.threshold = 10000 (custom)
2019-09-25 07:18:38,142 [pool-57-thread-1] INFO  server.RaftServerConfigKeys (ConfUtils.java:logGet(43)) - raft.server.snapshot.retention.num.files = 5 (custom)
2019-09-25 07:18:38,143 [pool-57-thread-1] INFO  server.RaftServerConfigKeys (ConfUtils.java:logGet(43)) - raft.server.retrycache.expirytime = 600000ms (custom)
2019-09-25 07:18:38,146 [pool-57-thread-1] INFO  impl.RaftServerImpl (RaftServerImpl.java:start(185)) - d11a7d59-14f4-4b98-9a44-84ea7ce7b770@group-4BDFE27A1068: start as a follower, conf=-1: [d11a7d59-14f4-4b98-9a44-84ea7ce7b770:192.168.151.106:37832], old=null
2019-09-25 07:18:38,146 [pool-57-thread-1] INFO  impl.RaftServerImpl (RaftServerImpl.java:setRole(174)) - d11a7d59-14f4-4b98-9a44-84ea7ce7b770@group-4BDFE27A1068: changes role from      null to FOLLOWER at term 0 for startAsFollower
2019-09-25 07:18:38,146 [pool-57-thread-1] INFO  impl.RoleInfo (RoleInfo.java:updateAndGet(143)) - d11a7d59-14f4-4b98-9a44-84ea7ce7b770: start FollowerState
2019-09-25 07:18:38,147 [pool-57-thread-1] INFO  util.JmxRegister (JmxRegister.java:tryRegister(44)) - Successfully registered JMX Bean with object name Ratis:service=RaftServer,group=group-4BDFE27A1068,id=d11a7d59-14f4-4b98-9a44-84ea7ce7b770
2019-09-25 07:18:38,158 [RatisPipelineUtilsThread] INFO  pipeline.PipelineStateManager (PipelineStateManager.java:addPipeline(56)) - Created pipeline Pipeline[ Id: 3dd78516-d0a7-4a41-b5d1-4bdfe27a1068, Nodes: d11a7d59-14f4-4b98-9a44-84ea7ce7b770{ip: 192.168.151.106, host: pr-hdds-1569-x2sr2-3486766547, networkLocation: /default-rack, certSerialId: null}, Type:RATIS, Factor:ONE, State:OPEN]
2019-09-25 07:18:38,171 [grpc-default-executor-0] INFO  impl.RaftServerProxy (RaftServerProxy.java:addNew(89)) - eed0ea2a-d4e1-462d-acdf-3429f0a6e9fe: addNew group-9B9300BC3A2F:[eed0ea2a-d4e1-462d-acdf-3429f0a6e9fe:192.168.151.106:46579] returns group-9B9300BC3A2F:java.util.concurrent.CompletableFuture@bfc2274[Not completed]
2019-09-25 07:18:38,173 [pool-27-thread-1] INFO  impl.RaftServerImpl (RaftServerImpl.java:<init>(95)) - eed0ea2a-d4e1-462d-acdf-3429f0a6e9fe: new RaftServerImpl for group-9B9300BC3A2F:[eed0ea2a-d4e1-462d-acdf-3429f0a6e9fe:192.168.151.106:46579] with ContainerStateMachine:uninitialized
2019-09-25 07:18:38,173 [pool-27-thread-1] INFO  server.RaftServerConfigKeys (ConfUtils.java:logGet(43)) - raft.server.rpc.timeout.min = 5s (custom)
2019-09-25 07:18:38,173 [pool-27-thread-1] INFO  server.RaftServerConfigKeys (ConfUtils.java:logGet(43)) - raft.server.rpc.timeout.max = 5200ms (custom)
2019-09-25 07:18:38,173 [pool-27-thread-1] INFO  server.RaftServerConfigKeys (ConfUtils.java:logGet(43)) - raft.server.rpcslowness.timeout = 120s (custom)
2019-09-25 07:18:38,174 [pool-27-thread-1] INFO  server.RaftServerConfigKeys (ConfUtils.java:logGet(43)) - raft.server.sleep.deviation.threshold = 300 (default)
2019-09-25 07:18:38,174 [pool-27-thread-1] INFO  server.RaftServerConfigKeys (ConfUtils.java:logGet(43)) - raft.server.log.appender.install.snapshot.enabled = false (custom)
2019-09-25 07:18:38,174 [pool-27-thread-1] INFO  impl.RaftServerImpl (ServerState.java:<init>(103)) - eed0ea2a-d4e1-462d-acdf-3429f0a6e9fe@group-9B9300BC3A2F: ConfigurationManager, init=-1: [eed0ea2a-d4e1-462d-acdf-3429f0a6e9fe:192.168.151.106:46579], old=null, confs=<EMPTY_MAP>
2019-09-25 07:18:38,174 [pool-27-thread-1] INFO  server.RaftServerConfigKeys (ConfUtils.java:logGet(43)) - raft.server.storage.dir = [/workdir/hadoop-ozone/ozonefs/target/test-dir/MiniOzoneClusterImpl-e470f84b-f6c0-4e80-b6df-353379932a43/datanode-0/data/ratis] (custom)
2019-09-25 07:18:38,175 [pool-27-thread-1] INFO  storage.RaftStorageDirectory (RaftStorageDirectory.java:analyzeStorage(246)) - The storage directory /workdir/hadoop-ozone/ozonefs/target/test-dir/MiniOzoneClusterImpl-e470f84b-f6c0-4e80-b6df-353379932a43/datanode-0/data/ratis/5ec7a602-1275-4314-b695-9b9300bc3a2f does not exist. Creating ...
2019-09-25 07:18:38,187 [pool-27-thread-1] INFO  storage.RaftStorageDirectory (RaftStorageDirectory.java:tryLock(328)) - Lock on /workdir/hadoop-ozone/ozonefs/target/test-dir/MiniOzoneClusterImpl-e470f84b-f6c0-4e80-b6df-353379932a43/datanode-0/data/ratis/5ec7a602-1275-4314-b695-9b9300bc3a2f/in_use.lock acquired by nodename 29106@pr-hdds-1569-x2sr2-3486766547
2019-09-25 07:18:38,200 [pool-27-thread-1] INFO  storage.RaftStorage (RaftStorage.java:format(72)) - Storage directory /workdir/hadoop-ozone/ozonefs/target/test-dir/MiniOzoneClusterImpl-e470f84b-f6c0-4e80-b6df-353379932a43/datanode-0/data/ratis/5ec7a602-1275-4314-b695-9b9300bc3a2f has been successfully formatted.
2019-09-25 07:18:38,200 [pool-27-thread-1] INFO  ratis.ContainerStateMachine (ContainerStateMachine.java:loadSnapshot(230)) - group-9B9300BC3A2F: The snapshot info is null. Setting the last applied indexto:(t:0, i:~)
2019-09-25 07:18:38,201 [pool-27-thread-1] INFO  server.RaftServerConfigKeys (ConfUtils.java:logGet(43)) - raft.server.notification.no-leader.timeout = 120s (custom)
2019-09-25 07:18:38,201 [pool-27-thread-1] INFO  server.RaftServerConfigKeys (ConfUtils.java:logGet(43)) - raft.server.log.use.memory = false (default)
2019-09-25 07:18:38,201 [pool-27-thread-1] INFO  server.RaftServerConfigKeys (ConfUtils.java:logGet(43)) - raft.server.log.purge.gap = 1000000 (custom)
2019-09-25 07:18:38,201 [pool-27-thread-1] INFO  server.RaftServerConfigKeys (ConfUtils.java:logGet(43)) - raft.server.log.appender.buffer.byte-limit = 33554432 (custom)
2019-09-25 07:18:38,201 [pool-27-thread-1] INFO  server.RaftServerConfigKeys (ConfUtils.java:logGet(43)) - raft.server.log.segment.size.max = 1048576 (custom)
2019-09-25 07:18:38,202 [pool-27-thread-1] INFO  server.RaftServerConfigKeys (ConfUtils.java:logGet(43)) - raft.server.log.segment.cache.num.max = 2 (custom)
2019-09-25 07:18:38,202 [pool-27-thread-1] INFO  segmented.SegmentedRaftLogWorker (SegmentedRaftLogWorker.java:<init>(172)) - new eed0ea2a-d4e1-462d-acdf-3429f0a6e9fe@group-9B9300BC3A2F-SegmentedRaftLogWorker for RaftStorage:Storage Directory /workdir/hadoop-ozone/ozonefs/target/test-dir/MiniOzoneClusterImpl-e470f84b-f6c0-4e80-b6df-353379932a43/datanode-0/data/ratis/5ec7a602-1275-4314-b695-9b9300bc3a2f
2019-09-25 07:18:38,202 [pool-27-thread-1] INFO  server.RaftServerConfigKeys (ConfUtils.java:logGet(43)) - raft.server.log.queue.byte-limit = 2147483647 (custom)
2019-09-25 07:18:38,202 [pool-27-thread-1] INFO  server.RaftServerConfigKeys (ConfUtils.java:logGet(43)) - raft.server.log.queue.element-limit = 1024 (custom)
2019-09-25 07:18:38,202 [pool-27-thread-1] INFO  server.RaftServerConfigKeys (ConfUtils.java:logGet(43)) - raft.server.log.segment.size.max = 1048576 (custom)
2019-09-25 07:18:38,202 [pool-27-thread-1] INFO  server.RaftServerConfigKeys (ConfUtils.java:logGet(43)) - raft.server.log.preallocated.size = 16384 (custom)
2019-09-25 07:18:38,203 [pool-27-thread-1] INFO  server.RaftServerConfigKeys (ConfUtils.java:logGet(43)) - raft.server.log.write.buffer.size = 33554432 (custom)
2019-09-25 07:18:38,203 [pool-27-thread-1] INFO  server.RaftServerConfigKeys (ConfUtils.java:logGet(43)) - raft.server.log.force.sync.num = 128 (default)
2019-09-25 07:18:38,203 [pool-27-thread-1] INFO  server.RaftServerConfigKeys (ConfUtils.java:logGet(43)) - raft.server.log.statemachine.data.sync = true (default)
2019-09-25 07:18:38,203 [pool-27-thread-1] INFO  server.RaftServerConfigKeys (ConfUtils.java:logGet(43)) - raft.server.log.statemachine.data.sync.timeout = 10s (default)
2019-09-25 07:18:38,203 [pool-27-thread-1] INFO  server.RaftServerConfigKeys (ConfUtils.java:logGet(43)) - raft.server.log.statemachine.data.sync.timeout.retry = -1 (default)
2019-09-25 07:18:38,203 [pool-27-thread-1] INFO  server.RaftServerConfigKeys (ConfUtils.java:logGet(43)) - raft.server.log.statemachine.data.caching.enabled = true (custom)
2019-09-25 07:18:38,204 [pool-27-thread-1] INFO  segmented.SegmentedRaftLogWorker (SegmentedRaftLogWorker.java:lambda$new$0(132)) - eed0ea2a-d4e1-462d-acdf-3429f0a6e9fe@group-9B9300BC3A2F-SegmentedRaftLogWorker: flushIndex: setUnconditionally 0 -> -1
2019-09-25 07:18:38,204 [pool-27-thread-1] INFO  server.RaftServerConfigKeys (ConfUtils.java:logGet(43)) - raft.server.snapshot.auto.trigger.enabled = true (custom)
2019-09-25 07:18:38,204 [pool-27-thread-1] INFO  server.RaftServerConfigKeys (ConfUtils.java:logGet(43)) - raft.server.snapshot.auto.trigger.threshold = 10000 (custom)
2019-09-25 07:18:38,205 [pool-27-thread-1] INFO  server.RaftServerConfigKeys (ConfUtils.java:logGet(43)) - raft.server.snapshot.retention.num.files = 5 (custom)
2019-09-25 07:18:38,205 [pool-27-thread-1] INFO  server.RaftServerConfigKeys (ConfUtils.java:logGet(43)) - raft.server.retrycache.expirytime = 600000ms (custom)
2019-09-25 07:18:38,208 [pool-27-thread-1] INFO  impl.RaftServerImpl (RaftServerImpl.java:start(185)) - eed0ea2a-d4e1-462d-acdf-3429f0a6e9fe@group-9B9300BC3A2F: start as a follower, conf=-1: [eed0ea2a-d4e1-462d-acdf-3429f0a6e9fe:192.168.151.106:46579], old=null
2019-09-25 07:18:38,208 [pool-27-thread-1] INFO  impl.RaftServerImpl (RaftServerImpl.java:setRole(174)) - eed0ea2a-d4e1-462d-acdf-3429f0a6e9fe@group-9B9300BC3A2F: changes role from      null to FOLLOWER at term 0 for startAsFollower
2019-09-25 07:18:38,208 [pool-27-thread-1] INFO  impl.RoleInfo (RoleInfo.java:updateAndGet(143)) - eed0ea2a-d4e1-462d-acdf-3429f0a6e9fe: start FollowerState
2019-09-25 07:18:38,208 [pool-27-thread-1] INFO  util.JmxRegister (JmxRegister.java:tryRegister(44)) - Successfully registered JMX Bean with object name Ratis:service=RaftServer,group=group-9B9300BC3A2F,id=eed0ea2a-d4e1-462d-acdf-3429f0a6e9fe
2019-09-25 07:18:38,225 [RatisPipelineUtilsThread] INFO  pipeline.PipelineStateManager (PipelineStateManager.java:addPipeline(56)) - Created pipeline Pipeline[ Id: 5ec7a602-1275-4314-b695-9b9300bc3a2f, Nodes: eed0ea2a-d4e1-462d-acdf-3429f0a6e9fe{ip: 192.168.151.106, host: pr-hdds-1569-x2sr2-3486766547, networkLocation: /default-rack, certSerialId: null}, Type:RATIS, Factor:ONE, State:OPEN]
2019-09-25 07:18:38,226 [RatisPipelineUtilsThread] INFO  pipeline.PipelinePlacementPolicy (PipelinePlacementPolicy.java:meetCriteria(91)) - Pipeline Placement: can't place more pipeline on heavy datanode： eed0ea2a-d4e1-462d-acdf-3429f0a6e9fe Heaviness: 6 limit: 5
2019-09-25 07:18:38,246 [grpc-default-executor-0] INFO  impl.RaftServerProxy (RaftServerProxy.java:addNew(89)) - bd44bfbc-c212-4f8d-9cd2-0f97b4d8abf5: addNew group-A1E78956CF6D:[bd44bfbc-c212-4f8d-9cd2-0f97b4d8abf5:192.168.151.106:35860] returns group-A1E78956CF6D:java.util.concurrent.CompletableFuture@3df23cab[Not completed]
2019-09-25 07:18:38,248 [pool-37-thread-1] INFO  impl.RaftServerImpl (RaftServerImpl.java:<init>(95)) - bd44bfbc-c212-4f8d-9cd2-0f97b4d8abf5: new RaftServerImpl for group-A1E78956CF6D:[bd44bfbc-c212-4f8d-9cd2-0f97b4d8abf5:192.168.151.106:35860] with ContainerStateMachine:uninitialized
2019-09-25 07:18:38,248 [pool-37-thread-1] INFO  server.RaftServerConfigKeys (ConfUtils.java:logGet(43)) - raft.server.rpc.timeout.min = 5s (custom)
2019-09-25 07:18:38,248 [pool-37-thread-1] INFO  server.RaftServerConfigKeys (ConfUtils.java:logGet(43)) - raft.server.rpc.timeout.max = 5200ms (custom)
2019-09-25 07:18:38,249 [pool-37-thread-1] INFO  server.RaftServerConfigKeys (ConfUtils.java:logGet(43)) - raft.server.rpcslowness.timeout = 120s (custom)
2019-09-25 07:18:38,249 [pool-37-thread-1] INFO  server.RaftServerConfigKeys (ConfUtils.java:logGet(43)) - raft.server.sleep.deviation.threshold = 300 (default)
2019-09-25 07:18:38,249 [pool-37-thread-1] INFO  server.RaftServerConfigKeys (ConfUtils.java:logGet(43)) - raft.server.log.appender.install.snapshot.enabled = false (custom)
2019-09-25 07:18:38,249 [pool-37-thread-1] INFO  impl.RaftServerImpl (ServerState.java:<init>(103)) - bd44bfbc-c212-4f8d-9cd2-0f97b4d8abf5@group-A1E78956CF6D: ConfigurationManager, init=-1: [bd44bfbc-c212-4f8d-9cd2-0f97b4d8abf5:192.168.151.106:35860], old=null, confs=<EMPTY_MAP>
2019-09-25 07:18:38,249 [pool-37-thread-1] INFO  server.RaftServerConfigKeys (ConfUtils.java:logGet(43)) - raft.server.storage.dir = [/workdir/hadoop-ozone/ozonefs/target/test-dir/MiniOzoneClusterImpl-e470f84b-f6c0-4e80-b6df-353379932a43/datanode-1/data/ratis] (custom)
2019-09-25 07:18:38,250 [pool-37-thread-1] INFO  storage.RaftStorageDirectory (RaftStorageDirectory.java:analyzeStorage(246)) - The storage directory /workdir/hadoop-ozone/ozonefs/target/test-dir/MiniOzoneClusterImpl-e470f84b-f6c0-4e80-b6df-353379932a43/datanode-1/data/ratis/05cf78a0-4c2d-4458-a8c1-a1e78956cf6d does not exist. Creating ...
2019-09-25 07:18:38,266 [pool-37-thread-1] INFO  storage.RaftStorageDirectory (RaftStorageDirectory.java:tryLock(328)) - Lock on /workdir/hadoop-ozone/ozonefs/target/test-dir/MiniOzoneClusterImpl-e470f84b-f6c0-4e80-b6df-353379932a43/datanode-1/data/ratis/05cf78a0-4c2d-4458-a8c1-a1e78956cf6d/in_use.lock acquired by nodename 29106@pr-hdds-1569-x2sr2-3486766547
2019-09-25 07:18:38,282 [pool-37-thread-1] INFO  storage.RaftStorage (RaftStorage.java:format(72)) - Storage directory /workdir/hadoop-ozone/ozonefs/target/test-dir/MiniOzoneClusterImpl-e470f84b-f6c0-4e80-b6df-353379932a43/datanode-1/data/ratis/05cf78a0-4c2d-4458-a8c1-a1e78956cf6d has been successfully formatted.
2019-09-25 07:18:38,283 [pool-37-thread-1] INFO  ratis.ContainerStateMachine (ContainerStateMachine.java:loadSnapshot(230)) - group-A1E78956CF6D: The snapshot info is null. Setting the last applied indexto:(t:0, i:~)
2019-09-25 07:18:38,283 [pool-37-thread-1] INFO  server.RaftServerConfigKeys (ConfUtils.java:logGet(43)) - raft.server.notification.no-leader.timeout = 120s (custom)
2019-09-25 07:18:38,284 [pool-37-thread-1] INFO  server.RaftServerConfigKeys (ConfUtils.java:logGet(43)) - raft.server.log.use.memory = false (default)
2019-09-25 07:18:38,284 [pool-37-thread-1] INFO  server.RaftServerConfigKeys (ConfUtils.java:logGet(43)) - raft.server.log.purge.gap = 1000000 (custom)
2019-09-25 07:18:38,284 [pool-37-thread-1] INFO  server.RaftServerConfigKeys (ConfUtils.java:logGet(43)) - raft.server.log.appender.buffer.byte-limit = 33554432 (custom)
2019-09-25 07:18:38,284 [pool-37-thread-1] INFO  server.RaftServerConfigKeys (ConfUtils.java:logGet(43)) - raft.server.log.segment.size.max = 1048576 (custom)
2019-09-25 07:18:38,285 [pool-37-thread-1] INFO  server.RaftServerConfigKeys (ConfUtils.java:logGet(43)) - raft.server.log.segment.cache.num.max = 2 (custom)
2019-09-25 07:18:38,285 [pool-37-thread-1] INFO  segmented.SegmentedRaftLogWorker (SegmentedRaftLogWorker.java:<init>(172)) - new bd44bfbc-c212-4f8d-9cd2-0f97b4d8abf5@group-A1E78956CF6D-SegmentedRaftLogWorker for RaftStorage:Storage Directory /workdir/hadoop-ozone/ozonefs/target/test-dir/MiniOzoneClusterImpl-e470f84b-f6c0-4e80-b6df-353379932a43/datanode-1/data/ratis/05cf78a0-4c2d-4458-a8c1-a1e78956cf6d
2019-09-25 07:18:38,285 [pool-37-thread-1] INFO  server.RaftServerConfigKeys (ConfUtils.java:logGet(43)) - raft.server.log.queue.byte-limit = 2147483647 (custom)
2019-09-25 07:18:38,285 [pool-37-thread-1] INFO  server.RaftServerConfigKeys (ConfUtils.java:logGet(43)) - raft.server.log.queue.element-limit = 1024 (custom)
2019-09-25 07:18:38,286 [pool-37-thread-1] INFO  server.RaftServerConfigKeys (ConfUtils.java:logGet(43)) - raft.server.log.segment.size.max = 1048576 (custom)
2019-09-25 07:18:38,286 [pool-37-thread-1] INFO  server.RaftServerConfigKeys (ConfUtils.java:logGet(43)) - raft.server.log.preallocated.size = 16384 (custom)
2019-09-25 07:18:38,286 [pool-37-thread-1] INFO  server.RaftServerConfigKeys (ConfUtils.java:logGet(43)) - raft.server.log.write.buffer.size = 33554432 (custom)
2019-09-25 07:18:38,286 [pool-37-thread-1] INFO  server.RaftServerConfigKeys (ConfUtils.java:logGet(43)) - raft.server.log.force.sync.num = 128 (default)
2019-09-25 07:18:38,287 [pool-37-thread-1] INFO  server.RaftServerConfigKeys (ConfUtils.java:logGet(43)) - raft.server.log.statemachine.data.sync = true (default)
2019-09-25 07:18:38,287 [pool-37-thread-1] INFO  server.RaftServerConfigKeys (ConfUtils.java:logGet(43)) - raft.server.log.statemachine.data.sync.timeout = 10s (default)
2019-09-25 07:18:38,287 [pool-37-thread-1] INFO  server.RaftServerConfigKeys (ConfUtils.java:logGet(43)) - raft.server.log.statemachine.data.sync.timeout.retry = -1 (default)
2019-09-25 07:18:38,288 [pool-37-thread-1] INFO  server.RaftServerConfigKeys (ConfUtils.java:logGet(43)) - raft.server.log.statemachine.data.caching.enabled = true (custom)
2019-09-25 07:18:38,288 [pool-37-thread-1] INFO  segmented.SegmentedRaftLogWorker (SegmentedRaftLogWorker.java:lambda$new$0(132)) - bd44bfbc-c212-4f8d-9cd2-0f97b4d8abf5@group-A1E78956CF6D-SegmentedRaftLogWorker: flushIndex: setUnconditionally 0 -> -1
2019-09-25 07:18:38,289 [pool-37-thread-1] INFO  server.RaftServerConfigKeys (ConfUtils.java:logGet(43)) - raft.server.snapshot.auto.trigger.enabled = true (custom)
2019-09-25 07:18:38,289 [pool-37-thread-1] INFO  server.RaftServerConfigKeys (ConfUtils.java:logGet(43)) - raft.server.snapshot.auto.trigger.threshold = 10000 (custom)
2019-09-25 07:18:38,289 [pool-37-thread-1] INFO  server.RaftServerConfigKeys (ConfUtils.java:logGet(43)) - raft.server.snapshot.retention.num.files = 5 (custom)
2019-09-25 07:18:38,289 [pool-37-thread-1] INFO  server.RaftServerConfigKeys (ConfUtils.java:logGet(43)) - raft.server.retrycache.expirytime = 600000ms (custom)
2019-09-25 07:18:38,295 [pool-37-thread-1] INFO  impl.RaftServerImpl (RaftServerImpl.java:start(185)) - bd44bfbc-c212-4f8d-9cd2-0f97b4d8abf5@group-A1E78956CF6D: start as a follower, conf=-1: [bd44bfbc-c212-4f8d-9cd2-0f97b4d8abf5:192.168.151.106:35860], old=null
2019-09-25 07:18:38,295 [pool-37-thread-1] INFO  impl.RaftServerImpl (RaftServerImpl.java:setRole(174)) - bd44bfbc-c212-4f8d-9cd2-0f97b4d8abf5@group-A1E78956CF6D: changes role from      null to FOLLOWER at term 0 for startAsFollower
2019-09-25 07:18:38,295 [pool-37-thread-1] INFO  impl.RoleInfo (RoleInfo.java:updateAndGet(143)) - bd44bfbc-c212-4f8d-9cd2-0f97b4d8abf5: start FollowerState
2019-09-25 07:18:38,296 [pool-37-thread-1] INFO  util.JmxRegister (JmxRegister.java:tryRegister(44)) - Successfully registered JMX Bean with object name Ratis:service=RaftServer,group=group-A1E78956CF6D,id=bd44bfbc-c212-4f8d-9cd2-0f97b4d8abf5
2019-09-25 07:18:38,302 [RatisPipelineUtilsThread] INFO  pipeline.PipelineStateManager (PipelineStateManager.java:addPipeline(56)) - Created pipeline Pipeline[ Id: 05cf78a0-4c2d-4458-a8c1-a1e78956cf6d, Nodes: bd44bfbc-c212-4f8d-9cd2-0f97b4d8abf5{ip: 192.168.151.106, host: pr-hdds-1569-x2sr2-3486766547, networkLocation: /default-rack, certSerialId: null}, Type:RATIS, Factor:ONE, State:OPEN]
2019-09-25 07:18:38,303 [RatisPipelineUtilsThread] INFO  pipeline.PipelinePlacementPolicy (PipelinePlacementPolicy.java:meetCriteria(91)) - Pipeline Placement: can't place more pipeline on heavy datanode： eed0ea2a-d4e1-462d-acdf-3429f0a6e9fe Heaviness: 6 limit: 5
2019-09-25 07:18:38,320 [grpc-default-executor-0] INFO  impl.RaftServerProxy (RaftServerProxy.java:addNew(89)) - bd44bfbc-c212-4f8d-9cd2-0f97b4d8abf5: addNew group-6E8D3DE34E9B:[bd44bfbc-c212-4f8d-9cd2-0f97b4d8abf5:192.168.151.106:35860] returns group-6E8D3DE34E9B:java.util.concurrent.CompletableFuture@551bb43f[Not completed]
2019-09-25 07:18:38,322 [pool-37-thread-1] INFO  impl.RaftServerImpl (RaftServerImpl.java:<init>(95)) - bd44bfbc-c212-4f8d-9cd2-0f97b4d8abf5: new RaftServerImpl for group-6E8D3DE34E9B:[bd44bfbc-c212-4f8d-9cd2-0f97b4d8abf5:192.168.151.106:35860] with ContainerStateMachine:uninitialized
2019-09-25 07:18:38,322 [pool-37-thread-1] INFO  server.RaftServerConfigKeys (ConfUtils.java:logGet(43)) - raft.server.rpc.timeout.min = 5s (custom)
2019-09-25 07:18:38,322 [pool-37-thread-1] INFO  server.RaftServerConfigKeys (ConfUtils.java:logGet(43)) - raft.server.rpc.timeout.max = 5200ms (custom)
2019-09-25 07:18:38,322 [pool-37-thread-1] INFO  server.RaftServerConfigKeys (ConfUtils.java:logGet(43)) - raft.server.rpcslowness.timeout = 120s (custom)
2019-09-25 07:18:38,322 [pool-37-thread-1] INFO  server.RaftServerConfigKeys (ConfUtils.java:logGet(43)) - raft.server.sleep.deviation.threshold = 300 (default)
2019-09-25 07:18:38,323 [pool-37-thread-1] INFO  server.RaftServerConfigKeys (ConfUtils.java:logGet(43)) - raft.server.log.appender.install.snapshot.enabled = false (custom)
2019-09-25 07:18:38,323 [pool-37-thread-1] INFO  impl.RaftServerImpl (ServerState.java:<init>(103)) - bd44bfbc-c212-4f8d-9cd2-0f97b4d8abf5@group-6E8D3DE34E9B: ConfigurationManager, init=-1: [bd44bfbc-c212-4f8d-9cd2-0f97b4d8abf5:192.168.151.106:35860], old=null, confs=<EMPTY_MAP>
2019-09-25 07:18:38,324 [pool-37-thread-1] INFO  server.RaftServerConfigKeys (ConfUtils.java:logGet(43)) - raft.server.storage.dir = [/workdir/hadoop-ozone/ozonefs/target/test-dir/MiniOzoneClusterImpl-e470f84b-f6c0-4e80-b6df-353379932a43/datanode-1/data/ratis] (custom)
2019-09-25 07:18:38,325 [pool-37-thread-1] INFO  storage.RaftStorageDirectory (RaftStorageDirectory.java:analyzeStorage(246)) - The storage directory /workdir/hadoop-ozone/ozonefs/target/test-dir/MiniOzoneClusterImpl-e470f84b-f6c0-4e80-b6df-353379932a43/datanode-1/data/ratis/9ea55937-7f2a-45ba-95c4-6e8d3de34e9b does not exist. Creating ...
2019-09-25 07:18:38,339 [pool-37-thread-1] INFO  storage.RaftStorageDirectory (RaftStorageDirectory.java:tryLock(328)) - Lock on /workdir/hadoop-ozone/ozonefs/target/test-dir/MiniOzoneClusterImpl-e470f84b-f6c0-4e80-b6df-353379932a43/datanode-1/data/ratis/9ea55937-7f2a-45ba-95c4-6e8d3de34e9b/in_use.lock acquired by nodename 29106@pr-hdds-1569-x2sr2-3486766547
2019-09-25 07:18:38,351 [pool-37-thread-1] INFO  storage.RaftStorage (RaftStorage.java:format(72)) - Storage directory /workdir/hadoop-ozone/ozonefs/target/test-dir/MiniOzoneClusterImpl-e470f84b-f6c0-4e80-b6df-353379932a43/datanode-1/data/ratis/9ea55937-7f2a-45ba-95c4-6e8d3de34e9b has been successfully formatted.
2019-09-25 07:18:38,352 [pool-37-thread-1] INFO  ratis.ContainerStateMachine (ContainerStateMachine.java:loadSnapshot(230)) - group-6E8D3DE34E9B: The snapshot info is null. Setting the last applied indexto:(t:0, i:~)
2019-09-25 07:18:38,352 [pool-37-thread-1] INFO  server.RaftServerConfigKeys (ConfUtils.java:logGet(43)) - raft.server.notification.no-leader.timeout = 120s (custom)
2019-09-25 07:18:38,352 [pool-37-thread-1] INFO  server.RaftServerConfigKeys (ConfUtils.java:logGet(43)) - raft.server.log.use.memory = false (default)
2019-09-25 07:18:38,352 [pool-37-thread-1] INFO  server.RaftServerConfigKeys (ConfUtils.java:logGet(43)) - raft.server.log.purge.gap = 1000000 (custom)
2019-09-25 07:18:38,352 [pool-37-thread-1] INFO  server.RaftServerConfigKeys (ConfUtils.java:logGet(43)) - raft.server.log.appender.buffer.byte-limit = 33554432 (custom)
2019-09-25 07:18:38,352 [pool-37-thread-1] INFO  server.RaftServerConfigKeys (ConfUtils.java:logGet(43)) - raft.server.log.segment.size.max = 1048576 (custom)
2019-09-25 07:18:38,352 [pool-37-thread-1] INFO  server.RaftServerConfigKeys (ConfUtils.java:logGet(43)) - raft.server.log.segment.cache.num.max = 2 (custom)
2019-09-25 07:18:38,353 [pool-37-thread-1] INFO  segmented.SegmentedRaftLogWorker (SegmentedRaftLogWorker.java:<init>(172)) - new bd44bfbc-c212-4f8d-9cd2-0f97b4d8abf5@group-6E8D3DE34E9B-SegmentedRaftLogWorker for RaftStorage:Storage Directory /workdir/hadoop-ozone/ozonefs/target/test-dir/MiniOzoneClusterImpl-e470f84b-f6c0-4e80-b6df-353379932a43/datanode-1/data/ratis/9ea55937-7f2a-45ba-95c4-6e8d3de34e9b
2019-09-25 07:18:38,353 [pool-37-thread-1] INFO  server.RaftServerConfigKeys (ConfUtils.java:logGet(43)) - raft.server.log.queue.byte-limit = 2147483647 (custom)
2019-09-25 07:18:38,353 [pool-37-thread-1] INFO  server.RaftServerConfigKeys (ConfUtils.java:logGet(43)) - raft.server.log.queue.element-limit = 1024 (custom)
2019-09-25 07:18:38,353 [pool-37-thread-1] INFO  server.RaftServerConfigKeys (ConfUtils.java:logGet(43)) - raft.server.log.segment.size.max = 1048576 (custom)
2019-09-25 07:18:38,353 [pool-37-thread-1] INFO  server.RaftServerConfigKeys (ConfUtils.java:logGet(43)) - raft.server.log.preallocated.size = 16384 (custom)
2019-09-25 07:18:38,353 [pool-37-thread-1] INFO  server.RaftServerConfigKeys (ConfUtils.java:logGet(43)) - raft.server.log.write.buffer.size = 33554432 (custom)
2019-09-25 07:18:38,353 [pool-37-thread-1] INFO  server.RaftServerConfigKeys (ConfUtils.java:logGet(43)) - raft.server.log.force.sync.num = 128 (default)
2019-09-25 07:18:38,353 [pool-37-thread-1] INFO  server.RaftServerConfigKeys (ConfUtils.java:logGet(43)) - raft.server.log.statemachine.data.sync = true (default)
2019-09-25 07:18:38,353 [pool-37-thread-1] INFO  server.RaftServerConfigKeys (ConfUtils.java:logGet(43)) - raft.server.log.statemachine.data.sync.timeout = 10s (default)
2019-09-25 07:18:38,354 [pool-37-thread-1] INFO  server.RaftServerConfigKeys (ConfUtils.java:logGet(43)) - raft.server.log.statemachine.data.sync.timeout.retry = -1 (default)
2019-09-25 07:18:38,354 [pool-37-thread-1] INFO  server.RaftServerConfigKeys (ConfUtils.java:logGet(43)) - raft.server.log.statemachine.data.caching.enabled = true (custom)
2019-09-25 07:18:38,354 [pool-37-thread-1] INFO  segmented.SegmentedRaftLogWorker (SegmentedRaftLogWorker.java:lambda$new$0(132)) - bd44bfbc-c212-4f8d-9cd2-0f97b4d8abf5@group-6E8D3DE34E9B-SegmentedRaftLogWorker: flushIndex: setUnconditionally 0 -> -1
2019-09-25 07:18:38,354 [pool-37-thread-1] INFO  server.RaftServerConfigKeys (ConfUtils.java:logGet(43)) - raft.server.snapshot.auto.trigger.enabled = true (custom)
2019-09-25 07:18:38,354 [pool-37-thread-1] INFO  server.RaftServerConfigKeys (ConfUtils.java:logGet(43)) - raft.server.snapshot.auto.trigger.threshold = 10000 (custom)
2019-09-25 07:18:38,355 [pool-37-thread-1] INFO  server.RaftServerConfigKeys (ConfUtils.java:logGet(43)) - raft.server.snapshot.retention.num.files = 5 (custom)
2019-09-25 07:18:38,355 [pool-37-thread-1] INFO  server.RaftServerConfigKeys (ConfUtils.java:logGet(43)) - raft.server.retrycache.expirytime = 600000ms (custom)
2019-09-25 07:18:38,357 [pool-37-thread-1] INFO  impl.RaftServerImpl (RaftServerImpl.java:start(185)) - bd44bfbc-c212-4f8d-9cd2-0f97b4d8abf5@group-6E8D3DE34E9B: start as a follower, conf=-1: [bd44bfbc-c212-4f8d-9cd2-0f97b4d8abf5:192.168.151.106:35860], old=null
2019-09-25 07:18:38,357 [pool-37-thread-1] INFO  impl.RaftServerImpl (RaftServerImpl.java:setRole(174)) - bd44bfbc-c212-4f8d-9cd2-0f97b4d8abf5@group-6E8D3DE34E9B: changes role from      null to FOLLOWER at term 0 for startAsFollower
2019-09-25 07:18:38,357 [pool-37-thread-1] INFO  impl.RoleInfo (RoleInfo.java:updateAndGet(143)) - bd44bfbc-c212-4f8d-9cd2-0f97b4d8abf5: start FollowerState
2019-09-25 07:18:38,357 [pool-37-thread-1] INFO  util.JmxRegister (JmxRegister.java:tryRegister(44)) - Successfully registered JMX Bean with object name Ratis:service=RaftServer,group=group-6E8D3DE34E9B,id=bd44bfbc-c212-4f8d-9cd2-0f97b4d8abf5
2019-09-25 07:18:38,364 [RatisPipelineUtilsThread] INFO  pipeline.PipelineStateManager (PipelineStateManager.java:addPipeline(56)) - Created pipeline Pipeline[ Id: 9ea55937-7f2a-45ba-95c4-6e8d3de34e9b, Nodes: bd44bfbc-c212-4f8d-9cd2-0f97b4d8abf5{ip: 192.168.151.106, host: pr-hdds-1569-x2sr2-3486766547, networkLocation: /default-rack, certSerialId: null}, Type:RATIS, Factor:ONE, State:OPEN]
2019-09-25 07:18:38,365 [RatisPipelineUtilsThread] INFO  pipeline.PipelinePlacementPolicy (PipelinePlacementPolicy.java:meetCriteria(91)) - Pipeline Placement: can't place more pipeline on heavy datanode： eed0ea2a-d4e1-462d-acdf-3429f0a6e9fe Heaviness: 6 limit: 5
2019-09-25 07:18:38,365 [RatisPipelineUtilsThread] INFO  pipeline.PipelinePlacementPolicy (PipelinePlacementPolicy.java:meetCriteria(91)) - Pipeline Placement: can't place more pipeline on heavy datanode： bd44bfbc-c212-4f8d-9cd2-0f97b4d8abf5 Heaviness: 6 limit: 5
2019-09-25 07:18:38,393 [grpc-default-executor-1] INFO  impl.RaftServerProxy (RaftServerProxy.java:addNew(89)) - aebfb692-7b6b-4657-85e2-3d5c30e62964: addNew group-EC5B2EBAC0D3:[aebfb692-7b6b-4657-85e2-3d5c30e62964:192.168.151.106:46869] returns group-EC5B2EBAC0D3:java.util.concurrent.CompletableFuture@be42b3a[Not completed]
2019-09-25 07:18:38,394 [pool-47-thread-1] INFO  impl.RaftServerImpl (RaftServerImpl.java:<init>(95)) - aebfb692-7b6b-4657-85e2-3d5c30e62964: new RaftServerImpl for group-EC5B2EBAC0D3:[aebfb692-7b6b-4657-85e2-3d5c30e62964:192.168.151.106:46869] with ContainerStateMachine:uninitialized
2019-09-25 07:18:38,395 [pool-47-thread-1] INFO  server.RaftServerConfigKeys (ConfUtils.java:logGet(43)) - raft.server.rpc.timeout.min = 5s (custom)
2019-09-25 07:18:38,395 [pool-47-thread-1] INFO  server.RaftServerConfigKeys (ConfUtils.java:logGet(43)) - raft.server.rpc.timeout.max = 5200ms (custom)
2019-09-25 07:18:38,395 [pool-47-thread-1] INFO  server.RaftServerConfigKeys (ConfUtils.java:logGet(43)) - raft.server.rpcslowness.timeout = 120s (custom)
2019-09-25 07:18:38,395 [pool-47-thread-1] INFO  server.RaftServerConfigKeys (ConfUtils.java:logGet(43)) - raft.server.sleep.deviation.threshold = 300 (default)
2019-09-25 07:18:38,395 [pool-47-thread-1] INFO  server.RaftServerConfigKeys (ConfUtils.java:logGet(43)) - raft.server.log.appender.install.snapshot.enabled = false (custom)
2019-09-25 07:18:38,395 [pool-47-thread-1] INFO  impl.RaftServerImpl (ServerState.java:<init>(103)) - aebfb692-7b6b-4657-85e2-3d5c30e62964@group-EC5B2EBAC0D3: ConfigurationManager, init=-1: [aebfb692-7b6b-4657-85e2-3d5c30e62964:192.168.151.106:46869], old=null, confs=<EMPTY_MAP>
2019-09-25 07:18:38,396 [pool-47-thread-1] INFO  server.RaftServerConfigKeys (ConfUtils.java:logGet(43)) - raft.server.storage.dir = [/workdir/hadoop-ozone/ozonefs/target/test-dir/MiniOzoneClusterImpl-e470f84b-f6c0-4e80-b6df-353379932a43/datanode-2/data/ratis] (custom)
2019-09-25 07:18:38,396 [pool-47-thread-1] INFO  storage.RaftStorageDirectory (RaftStorageDirectory.java:analyzeStorage(246)) - The storage directory /workdir/hadoop-ozone/ozonefs/target/test-dir/MiniOzoneClusterImpl-e470f84b-f6c0-4e80-b6df-353379932a43/datanode-2/data/ratis/5b00bd7f-5e02-410e-8f19-ec5b2ebac0d3 does not exist. Creating ...
2019-09-25 07:18:38,402 [Thread-227] INFO  rpc.RpcClient (RpcClient.java:createVolume(276)) - Creating Volume: volume02313, with user94889 as owner.
2019-09-25 07:18:38,409 [pool-47-thread-1] INFO  storage.RaftStorageDirectory (RaftStorageDirectory.java:tryLock(328)) - Lock on /workdir/hadoop-ozone/ozonefs/target/test-dir/MiniOzoneClusterImpl-e470f84b-f6c0-4e80-b6df-353379932a43/datanode-2/data/ratis/5b00bd7f-5e02-410e-8f19-ec5b2ebac0d3/in_use.lock acquired by nodename 29106@pr-hdds-1569-x2sr2-3486766547
2019-09-25 07:18:38,423 [pool-47-thread-1] INFO  storage.RaftStorage (RaftStorage.java:format(72)) - Storage directory /workdir/hadoop-ozone/ozonefs/target/test-dir/MiniOzoneClusterImpl-e470f84b-f6c0-4e80-b6df-353379932a43/datanode-2/data/ratis/5b00bd7f-5e02-410e-8f19-ec5b2ebac0d3 has been successfully formatted.
2019-09-25 07:18:38,423 [pool-47-thread-1] INFO  ratis.ContainerStateMachine (ContainerStateMachine.java:loadSnapshot(230)) - group-EC5B2EBAC0D3: The snapshot info is null. Setting the last applied indexto:(t:0, i:~)
2019-09-25 07:18:38,423 [pool-47-thread-1] INFO  server.RaftServerConfigKeys (ConfUtils.java:logGet(43)) - raft.server.notification.no-leader.timeout = 120s (custom)
2019-09-25 07:18:38,423 [pool-47-thread-1] INFO  server.RaftServerConfigKeys (ConfUtils.java:logGet(43)) - raft.server.log.use.memory = false (default)
2019-09-25 07:18:38,423 [pool-47-thread-1] INFO  server.RaftServerConfigKeys (ConfUtils.java:logGet(43)) - raft.server.log.purge.gap = 1000000 (custom)
2019-09-25 07:18:38,424 [pool-47-thread-1] INFO  server.RaftServerConfigKeys (ConfUtils.java:logGet(43)) - raft.server.log.appender.buffer.byte-limit = 33554432 (custom)
2019-09-25 07:18:38,424 [pool-47-thread-1] INFO  server.RaftServerConfigKeys (ConfUtils.java:logGet(43)) - raft.server.log.segment.size.max = 1048576 (custom)
2019-09-25 07:18:38,424 [pool-47-thread-1] INFO  server.RaftServerConfigKeys (ConfUtils.java:logGet(43)) - raft.server.log.segment.cache.num.max = 2 (custom)
2019-09-25 07:18:38,424 [pool-47-thread-1] INFO  segmented.SegmentedRaftLogWorker (SegmentedRaftLogWorker.java:<init>(172)) - new aebfb692-7b6b-4657-85e2-3d5c30e62964@group-EC5B2EBAC0D3-SegmentedRaftLogWorker for RaftStorage:Storage Directory /workdir/hadoop-ozone/ozonefs/target/test-dir/MiniOzoneClusterImpl-e470f84b-f6c0-4e80-b6df-353379932a43/datanode-2/data/ratis/5b00bd7f-5e02-410e-8f19-ec5b2ebac0d3
2019-09-25 07:18:38,424 [pool-47-thread-1] INFO  server.RaftServerConfigKeys (ConfUtils.java:logGet(43)) - raft.server.log.queue.byte-limit = 2147483647 (custom)
2019-09-25 07:18:38,424 [pool-47-thread-1] INFO  server.RaftServerConfigKeys (ConfUtils.java:logGet(43)) - raft.server.log.queue.element-limit = 1024 (custom)
2019-09-25 07:18:38,424 [pool-47-thread-1] INFO  server.RaftServerConfigKeys (ConfUtils.java:logGet(43)) - raft.server.log.segment.size.max = 1048576 (custom)
2019-09-25 07:18:38,425 [pool-47-thread-1] INFO  server.RaftServerConfigKeys (ConfUtils.java:logGet(43)) - raft.server.log.preallocated.size = 16384 (custom)
2019-09-25 07:18:38,425 [pool-47-thread-1] INFO  server.RaftServerConfigKeys (ConfUtils.java:logGet(43)) - raft.server.log.write.buffer.size = 33554432 (custom)
2019-09-25 07:18:38,425 [pool-47-thread-1] INFO  server.RaftServerConfigKeys (ConfUtils.java:logGet(43)) - raft.server.log.force.sync.num = 128 (default)
2019-09-25 07:18:38,425 [pool-47-thread-1] INFO  server.RaftServerConfigKeys (ConfUtils.java:logGet(43)) - raft.server.log.statemachine.data.sync = true (default)
2019-09-25 07:18:38,425 [pool-47-thread-1] INFO  server.RaftServerConfigKeys (ConfUtils.java:logGet(43)) - raft.server.log.statemachine.data.sync.timeout = 10s (default)
2019-09-25 07:18:38,425 [pool-47-thread-1] INFO  server.RaftServerConfigKeys (ConfUtils.java:logGet(43)) - raft.server.log.statemachine.data.sync.timeout.retry = -1 (default)
2019-09-25 07:18:38,425 [pool-47-thread-1] INFO  server.RaftServerConfigKeys (ConfUtils.java:logGet(43)) - raft.server.log.statemachine.data.caching.enabled = true (custom)
2019-09-25 07:18:38,426 [pool-47-thread-1] INFO  segmented.SegmentedRaftLogWorker (SegmentedRaftLogWorker.java:lambda$new$0(132)) - aebfb692-7b6b-4657-85e2-3d5c30e62964@group-EC5B2EBAC0D3-SegmentedRaftLogWorker: flushIndex: setUnconditionally 0 -> -1
2019-09-25 07:18:38,426 [pool-47-thread-1] INFO  server.RaftServerConfigKeys (ConfUtils.java:logGet(43)) - raft.server.snapshot.auto.trigger.enabled = true (custom)
2019-09-25 07:18:38,426 [pool-47-thread-1] INFO  server.RaftServerConfigKeys (ConfUtils.java:logGet(43)) - raft.server.snapshot.auto.trigger.threshold = 10000 (custom)
2019-09-25 07:18:38,426 [pool-47-thread-1] INFO  server.RaftServerConfigKeys (ConfUtils.java:logGet(43)) - raft.server.snapshot.retention.num.files = 5 (custom)
2019-09-25 07:18:38,427 [pool-47-thread-1] INFO  server.RaftServerConfigKeys (ConfUtils.java:logGet(43)) - raft.server.retrycache.expirytime = 600000ms (custom)
2019-09-25 07:18:38,429 [pool-47-thread-1] INFO  impl.RaftServerImpl (RaftServerImpl.java:start(185)) - aebfb692-7b6b-4657-85e2-3d5c30e62964@group-EC5B2EBAC0D3: start as a follower, conf=-1: [aebfb692-7b6b-4657-85e2-3d5c30e62964:192.168.151.106:46869], old=null
2019-09-25 07:18:38,429 [pool-47-thread-1] INFO  impl.RaftServerImpl (RaftServerImpl.java:setRole(174)) - aebfb692-7b6b-4657-85e2-3d5c30e62964@group-EC5B2EBAC0D3: changes role from      null to FOLLOWER at term 0 for startAsFollower
2019-09-25 07:18:38,429 [pool-47-thread-1] INFO  impl.RoleInfo (RoleInfo.java:updateAndGet(143)) - aebfb692-7b6b-4657-85e2-3d5c30e62964: start FollowerState
2019-09-25 07:18:38,430 [pool-47-thread-1] INFO  util.JmxRegister (JmxRegister.java:tryRegister(44)) - Successfully registered JMX Bean with object name Ratis:service=RaftServer,group=group-EC5B2EBAC0D3,id=aebfb692-7b6b-4657-85e2-3d5c30e62964
2019-09-25 07:18:38,437 [RatisPipelineUtilsThread] INFO  pipeline.PipelineStateManager (PipelineStateManager.java:addPipeline(56)) - Created pipeline Pipeline[ Id: 5b00bd7f-5e02-410e-8f19-ec5b2ebac0d3, Nodes: aebfb692-7b6b-4657-85e2-3d5c30e62964{ip: 192.168.151.106, host: pr-hdds-1569-x2sr2-3486766547, networkLocation: /default-rack, certSerialId: null}, Type:RATIS, Factor:ONE, State:OPEN]
2019-09-25 07:18:38,437 [RatisPipelineUtilsThread] INFO  pipeline.PipelinePlacementPolicy (PipelinePlacementPolicy.java:meetCriteria(91)) - Pipeline Placement: can't place more pipeline on heavy datanode： eed0ea2a-d4e1-462d-acdf-3429f0a6e9fe Heaviness: 6 limit: 5
2019-09-25 07:18:38,438 [RatisPipelineUtilsThread] INFO  pipeline.PipelinePlacementPolicy (PipelinePlacementPolicy.java:meetCriteria(91)) - Pipeline Placement: can't place more pipeline on heavy datanode： bd44bfbc-c212-4f8d-9cd2-0f97b4d8abf5 Heaviness: 6 limit: 5
2019-09-25 07:18:38,449 [grpc-default-executor-1] INFO  impl.RaftServerProxy (RaftServerProxy.java:addNew(89)) - aebfb692-7b6b-4657-85e2-3d5c30e62964: addNew group-8390D3BFDFA8:[aebfb692-7b6b-4657-85e2-3d5c30e62964:192.168.151.106:46869] returns group-8390D3BFDFA8:java.util.concurrent.CompletableFuture@11c404a[Not completed]
2019-09-25 07:18:38,450 [pool-47-thread-1] INFO  impl.RaftServerImpl (RaftServerImpl.java:<init>(95)) - aebfb692-7b6b-4657-85e2-3d5c30e62964: new RaftServerImpl for group-8390D3BFDFA8:[aebfb692-7b6b-4657-85e2-3d5c30e62964:192.168.151.106:46869] with ContainerStateMachine:uninitialized
2019-09-25 07:18:38,450 [pool-47-thread-1] INFO  server.RaftServerConfigKeys (ConfUtils.java:logGet(43)) - raft.server.rpc.timeout.min = 5s (custom)
2019-09-25 07:18:38,450 [pool-47-thread-1] INFO  server.RaftServerConfigKeys (ConfUtils.java:logGet(43)) - raft.server.rpc.timeout.max = 5200ms (custom)
2019-09-25 07:18:38,451 [pool-47-thread-1] INFO  server.RaftServerConfigKeys (ConfUtils.java:logGet(43)) - raft.server.rpcslowness.timeout = 120s (custom)
2019-09-25 07:18:38,451 [pool-47-thread-1] INFO  server.RaftServerConfigKeys (ConfUtils.java:logGet(43)) - raft.server.sleep.deviation.threshold = 300 (default)
2019-09-25 07:18:38,451 [pool-47-thread-1] INFO  server.RaftServerConfigKeys (ConfUtils.java:logGet(43)) - raft.server.log.appender.install.snapshot.enabled = false (custom)
2019-09-25 07:18:38,451 [pool-47-thread-1] INFO  impl.RaftServerImpl (ServerState.java:<init>(103)) - aebfb692-7b6b-4657-85e2-3d5c30e62964@group-8390D3BFDFA8: ConfigurationManager, init=-1: [aebfb692-7b6b-4657-85e2-3d5c30e62964:192.168.151.106:46869], old=null, confs=<EMPTY_MAP>
2019-09-25 07:18:38,451 [pool-47-thread-1] INFO  server.RaftServerConfigKeys (ConfUtils.java:logGet(43)) - raft.server.storage.dir = [/workdir/hadoop-ozone/ozonefs/target/test-dir/MiniOzoneClusterImpl-e470f84b-f6c0-4e80-b6df-353379932a43/datanode-2/data/ratis] (custom)
2019-09-25 07:18:38,452 [pool-47-thread-1] INFO  storage.RaftStorageDirectory (RaftStorageDirectory.java:analyzeStorage(246)) - The storage directory /workdir/hadoop-ozone/ozonefs/target/test-dir/MiniOzoneClusterImpl-e470f84b-f6c0-4e80-b6df-353379932a43/datanode-2/data/ratis/7241aa8d-1c2d-4a83-944f-8390d3bfdfa8 does not exist. Creating ...
2019-09-25 07:18:38,464 [pool-47-thread-1] INFO  storage.RaftStorageDirectory (RaftStorageDirectory.java:tryLock(328)) - Lock on /workdir/hadoop-ozone/ozonefs/target/test-dir/MiniOzoneClusterImpl-e470f84b-f6c0-4e80-b6df-353379932a43/datanode-2/data/ratis/7241aa8d-1c2d-4a83-944f-8390d3bfdfa8/in_use.lock acquired by nodename 29106@pr-hdds-1569-x2sr2-3486766547
2019-09-25 07:18:38,477 [pool-47-thread-1] INFO  storage.RaftStorage (RaftStorage.java:format(72)) - Storage directory /workdir/hadoop-ozone/ozonefs/target/test-dir/MiniOzoneClusterImpl-e470f84b-f6c0-4e80-b6df-353379932a43/datanode-2/data/ratis/7241aa8d-1c2d-4a83-944f-8390d3bfdfa8 has been successfully formatted.
2019-09-25 07:18:38,477 [pool-47-thread-1] INFO  ratis.ContainerStateMachine (ContainerStateMachine.java:loadSnapshot(230)) - group-8390D3BFDFA8: The snapshot info is null. Setting the last applied indexto:(t:0, i:~)
2019-09-25 07:18:38,477 [pool-47-thread-1] INFO  server.RaftServerConfigKeys (ConfUtils.java:logGet(43)) - raft.server.notification.no-leader.timeout = 120s (custom)
2019-09-25 07:18:38,477 [pool-47-thread-1] INFO  server.RaftServerConfigKeys (ConfUtils.java:logGet(43)) - raft.server.log.use.memory = false (default)
2019-09-25 07:18:38,478 [pool-47-thread-1] INFO  server.RaftServerConfigKeys (ConfUtils.java:logGet(43)) - raft.server.log.purge.gap = 1000000 (custom)
2019-09-25 07:18:38,478 [pool-47-thread-1] INFO  server.RaftServerConfigKeys (ConfUtils.java:logGet(43)) - raft.server.log.appender.buffer.byte-limit = 33554432 (custom)
2019-09-25 07:18:38,478 [pool-47-thread-1] INFO  server.RaftServerConfigKeys (ConfUtils.java:logGet(43)) - raft.server.log.segment.size.max = 1048576 (custom)
2019-09-25 07:18:38,478 [pool-47-thread-1] INFO  server.RaftServerConfigKeys (ConfUtils.java:logGet(43)) - raft.server.log.segment.cache.num.max = 2 (custom)
2019-09-25 07:18:38,478 [pool-47-thread-1] INFO  segmented.SegmentedRaftLogWorker (SegmentedRaftLogWorker.java:<init>(172)) - new aebfb692-7b6b-4657-85e2-3d5c30e62964@group-8390D3BFDFA8-SegmentedRaftLogWorker for RaftStorage:Storage Directory /workdir/hadoop-ozone/ozonefs/target/test-dir/MiniOzoneClusterImpl-e470f84b-f6c0-4e80-b6df-353379932a43/datanode-2/data/ratis/7241aa8d-1c2d-4a83-944f-8390d3bfdfa8
2019-09-25 07:18:38,478 [pool-47-thread-1] INFO  server.RaftServerConfigKeys (ConfUtils.java:logGet(43)) - raft.server.log.queue.byte-limit = 2147483647 (custom)
2019-09-25 07:18:38,479 [pool-47-thread-1] INFO  server.RaftServerConfigKeys (ConfUtils.java:logGet(43)) - raft.server.log.queue.element-limit = 1024 (custom)
2019-09-25 07:18:38,479 [pool-47-thread-1] INFO  server.RaftServerConfigKeys (ConfUtils.java:logGet(43)) - raft.server.log.segment.size.max = 1048576 (custom)
2019-09-25 07:18:38,479 [pool-47-thread-1] INFO  server.RaftServerConfigKeys (ConfUtils.java:logGet(43)) - raft.server.log.preallocated.size = 16384 (custom)
2019-09-25 07:18:38,479 [pool-47-thread-1] INFO  server.RaftServerConfigKeys (ConfUtils.java:logGet(43)) - raft.server.log.write.buffer.size = 33554432 (custom)
2019-09-25 07:18:38,479 [pool-47-thread-1] INFO  server.RaftServerConfigKeys (ConfUtils.java:logGet(43)) - raft.server.log.force.sync.num = 128 (default)
2019-09-25 07:18:38,479 [pool-47-thread-1] INFO  server.RaftServerConfigKeys (ConfUtils.java:logGet(43)) - raft.server.log.statemachine.data.sync = true (default)
2019-09-25 07:18:38,479 [pool-47-thread-1] INFO  server.RaftServerConfigKeys (ConfUtils.java:logGet(43)) - raft.server.log.statemachine.data.sync.timeout = 10s (default)
2019-09-25 07:18:38,479 [pool-47-thread-1] INFO  server.RaftServerConfigKeys (ConfUtils.java:logGet(43)) - raft.server.log.statemachine.data.sync.timeout.retry = -1 (default)
2019-09-25 07:18:38,480 [pool-47-thread-1] INFO  server.RaftServerConfigKeys (ConfUtils.java:logGet(43)) - raft.server.log.statemachine.data.caching.enabled = true (custom)
2019-09-25 07:18:38,480 [pool-47-thread-1] INFO  segmented.SegmentedRaftLogWorker (SegmentedRaftLogWorker.java:lambda$new$0(132)) - aebfb692-7b6b-4657-85e2-3d5c30e62964@group-8390D3BFDFA8-SegmentedRaftLogWorker: flushIndex: setUnconditionally 0 -> -1
2019-09-25 07:18:38,480 [pool-47-thread-1] INFO  server.RaftServerConfigKeys (ConfUtils.java:logGet(43)) - raft.server.snapshot.auto.trigger.enabled = true (custom)
2019-09-25 07:18:38,481 [pool-47-thread-1] INFO  server.RaftServerConfigKeys (ConfUtils.java:logGet(43)) - raft.server.snapshot.auto.trigger.threshold = 10000 (custom)
2019-09-25 07:18:38,481 [pool-47-thread-1] INFO  server.RaftServerConfigKeys (ConfUtils.java:logGet(43)) - raft.server.snapshot.retention.num.files = 5 (custom)
2019-09-25 07:18:38,481 [pool-47-thread-1] INFO  server.RaftServerConfigKeys (ConfUtils.java:logGet(43)) - raft.server.retrycache.expirytime = 600000ms (custom)
2019-09-25 07:18:38,484 [pool-47-thread-1] INFO  impl.RaftServerImpl (RaftServerImpl.java:start(185)) - aebfb692-7b6b-4657-85e2-3d5c30e62964@group-8390D3BFDFA8: start as a follower, conf=-1: [aebfb692-7b6b-4657-85e2-3d5c30e62964:192.168.151.106:46869], old=null
2019-09-25 07:18:38,484 [pool-47-thread-1] INFO  impl.RaftServerImpl (RaftServerImpl.java:setRole(174)) - aebfb692-7b6b-4657-85e2-3d5c30e62964@group-8390D3BFDFA8: changes role from      null to FOLLOWER at term 0 for startAsFollower
2019-09-25 07:18:38,484 [pool-47-thread-1] INFO  impl.RoleInfo (RoleInfo.java:updateAndGet(143)) - aebfb692-7b6b-4657-85e2-3d5c30e62964: start FollowerState
2019-09-25 07:18:38,485 [pool-47-thread-1] INFO  util.JmxRegister (JmxRegister.java:tryRegister(44)) - Successfully registered JMX Bean with object name Ratis:service=RaftServer,group=group-8390D3BFDFA8,id=aebfb692-7b6b-4657-85e2-3d5c30e62964
2019-09-25 07:18:38,491 [RatisPipelineUtilsThread] INFO  pipeline.PipelineStateManager (PipelineStateManager.java:addPipeline(56)) - Created pipeline Pipeline[ Id: 7241aa8d-1c2d-4a83-944f-8390d3bfdfa8, Nodes: aebfb692-7b6b-4657-85e2-3d5c30e62964{ip: 192.168.151.106, host: pr-hdds-1569-x2sr2-3486766547, networkLocation: /default-rack, certSerialId: null}, Type:RATIS, Factor:ONE, State:OPEN]
2019-09-25 07:18:38,491 [RatisPipelineUtilsThread] INFO  pipeline.PipelinePlacementPolicy (PipelinePlacementPolicy.java:meetCriteria(91)) - Pipeline Placement: can't place more pipeline on heavy datanode： eed0ea2a-d4e1-462d-acdf-3429f0a6e9fe Heaviness: 6 limit: 5
2019-09-25 07:18:38,491 [RatisPipelineUtilsThread] INFO  pipeline.PipelinePlacementPolicy (PipelinePlacementPolicy.java:meetCriteria(91)) - Pipeline Placement: can't place more pipeline on heavy datanode： bd44bfbc-c212-4f8d-9cd2-0f97b4d8abf5 Heaviness: 6 limit: 5
2019-09-25 07:18:38,501 [grpc-default-executor-1] INFO  impl.RaftServerProxy (RaftServerProxy.java:addNew(89)) - d11a7d59-14f4-4b98-9a44-84ea7ce7b770: addNew group-D4E6B453C804:[d11a7d59-14f4-4b98-9a44-84ea7ce7b770:192.168.151.106:37832] returns group-D4E6B453C804:java.util.concurrent.CompletableFuture@6e09804f[Not completed]
2019-09-25 07:18:38,502 [pool-57-thread-1] INFO  impl.RaftServerImpl (RaftServerImpl.java:<init>(95)) - d11a7d59-14f4-4b98-9a44-84ea7ce7b770: new RaftServerImpl for group-D4E6B453C804:[d11a7d59-14f4-4b98-9a44-84ea7ce7b770:192.168.151.106:37832] with ContainerStateMachine:uninitialized
2019-09-25 07:18:38,503 [pool-57-thread-1] INFO  server.RaftServerConfigKeys (ConfUtils.java:logGet(43)) - raft.server.rpc.timeout.min = 5s (custom)
2019-09-25 07:18:38,503 [pool-57-thread-1] INFO  server.RaftServerConfigKeys (ConfUtils.java:logGet(43)) - raft.server.rpc.timeout.max = 5200ms (custom)
2019-09-25 07:18:38,503 [pool-57-thread-1] INFO  server.RaftServerConfigKeys (ConfUtils.java:logGet(43)) - raft.server.rpcslowness.timeout = 120s (custom)
2019-09-25 07:18:38,503 [pool-57-thread-1] INFO  server.RaftServerConfigKeys (ConfUtils.java:logGet(43)) - raft.server.sleep.deviation.threshold = 300 (default)
2019-09-25 07:18:38,503 [pool-57-thread-1] INFO  server.RaftServerConfigKeys (ConfUtils.java:logGet(43)) - raft.server.log.appender.install.snapshot.enabled = false (custom)
2019-09-25 07:18:38,503 [pool-57-thread-1] INFO  impl.RaftServerImpl (ServerState.java:<init>(103)) - d11a7d59-14f4-4b98-9a44-84ea7ce7b770@group-D4E6B453C804: ConfigurationManager, init=-1: [d11a7d59-14f4-4b98-9a44-84ea7ce7b770:192.168.151.106:37832], old=null, confs=<EMPTY_MAP>
2019-09-25 07:18:38,504 [pool-57-thread-1] INFO  server.RaftServerConfigKeys (ConfUtils.java:logGet(43)) - raft.server.storage.dir = [/workdir/hadoop-ozone/ozonefs/target/test-dir/MiniOzoneClusterImpl-e470f84b-f6c0-4e80-b6df-353379932a43/datanode-3/data/ratis] (custom)
2019-09-25 07:18:38,505 [pool-57-thread-1] INFO  storage.RaftStorageDirectory (RaftStorageDirectory.java:analyzeStorage(246)) - The storage directory /workdir/hadoop-ozone/ozonefs/target/test-dir/MiniOzoneClusterImpl-e470f84b-f6c0-4e80-b6df-353379932a43/datanode-3/data/ratis/d1df1833-9c2e-4544-a83d-d4e6b453c804 does not exist. Creating ...
2019-09-25 07:18:38,516 [IPC Server handler 1 on 46616] INFO  volume.OMVolumeCreateRequest (OMVolumeCreateRequest.java:validateAndUpdateCache(189)) - created volume:volume02313 for user:user94889
2019-09-25 07:18:38,517 [pool-57-thread-1] INFO  storage.RaftStorageDirectory (RaftStorageDirectory.java:tryLock(328)) - Lock on /workdir/hadoop-ozone/ozonefs/target/test-dir/MiniOzoneClusterImpl-e470f84b-f6c0-4e80-b6df-353379932a43/datanode-3/data/ratis/d1df1833-9c2e-4544-a83d-d4e6b453c804/in_use.lock acquired by nodename 29106@pr-hdds-1569-x2sr2-3486766547
2019-09-25 07:18:38,549 [pool-57-thread-1] INFO  storage.RaftStorage (RaftStorage.java:format(72)) - Storage directory /workdir/hadoop-ozone/ozonefs/target/test-dir/MiniOzoneClusterImpl-e470f84b-f6c0-4e80-b6df-353379932a43/datanode-3/data/ratis/d1df1833-9c2e-4544-a83d-d4e6b453c804 has been successfully formatted.
2019-09-25 07:18:38,550 [pool-57-thread-1] INFO  ratis.ContainerStateMachine (ContainerStateMachine.java:loadSnapshot(230)) - group-D4E6B453C804: The snapshot info is null. Setting the last applied indexto:(t:0, i:~)
2019-09-25 07:18:38,550 [pool-57-thread-1] INFO  server.RaftServerConfigKeys (ConfUtils.java:logGet(43)) - raft.server.notification.no-leader.timeout = 120s (custom)
2019-09-25 07:18:38,550 [pool-57-thread-1] INFO  server.RaftServerConfigKeys (ConfUtils.java:logGet(43)) - raft.server.log.use.memory = false (default)
2019-09-25 07:18:38,550 [pool-57-thread-1] INFO  server.RaftServerConfigKeys (ConfUtils.java:logGet(43)) - raft.server.log.purge.gap = 1000000 (custom)
2019-09-25 07:18:38,550 [pool-57-thread-1] INFO  server.RaftServerConfigKeys (ConfUtils.java:logGet(43)) - raft.server.log.appender.buffer.byte-limit = 33554432 (custom)
2019-09-25 07:18:38,550 [pool-57-thread-1] INFO  server.RaftServerConfigKeys (ConfUtils.java:logGet(43)) - raft.server.log.segment.size.max = 1048576 (custom)
2019-09-25 07:18:38,550 [pool-57-thread-1] INFO  server.RaftServerConfigKeys (ConfUtils.java:logGet(43)) - raft.server.log.segment.cache.num.max = 2 (custom)
2019-09-25 07:18:38,551 [pool-57-thread-1] INFO  segmented.SegmentedRaftLogWorker (SegmentedRaftLogWorker.java:<init>(172)) - new d11a7d59-14f4-4b98-9a44-84ea7ce7b770@group-D4E6B453C804-SegmentedRaftLogWorker for RaftStorage:Storage Directory /workdir/hadoop-ozone/ozonefs/target/test-dir/MiniOzoneClusterImpl-e470f84b-f6c0-4e80-b6df-353379932a43/datanode-3/data/ratis/d1df1833-9c2e-4544-a83d-d4e6b453c804
2019-09-25 07:18:38,551 [pool-57-thread-1] INFO  server.RaftServerConfigKeys (ConfUtils.java:logGet(43)) - raft.server.log.queue.byte-limit = 2147483647 (custom)
2019-09-25 07:18:38,551 [pool-57-thread-1] INFO  server.RaftServerConfigKeys (ConfUtils.java:logGet(43)) - raft.server.log.queue.element-limit = 1024 (custom)
2019-09-25 07:18:38,551 [pool-57-thread-1] INFO  server.RaftServerConfigKeys (ConfUtils.java:logGet(43)) - raft.server.log.segment.size.max = 1048576 (custom)
2019-09-25 07:18:38,551 [pool-57-thread-1] INFO  server.RaftServerConfigKeys (ConfUtils.java:logGet(43)) - raft.server.log.preallocated.size = 16384 (custom)
2019-09-25 07:18:38,551 [pool-57-thread-1] INFO  server.RaftServerConfigKeys (ConfUtils.java:logGet(43)) - raft.server.log.write.buffer.size = 33554432 (custom)
2019-09-25 07:18:38,551 [pool-57-thread-1] INFO  server.RaftServerConfigKeys (ConfUtils.java:logGet(43)) - raft.server.log.force.sync.num = 128 (default)
2019-09-25 07:18:38,551 [pool-57-thread-1] INFO  server.RaftServerConfigKeys (ConfUtils.java:logGet(43)) - raft.server.log.statemachine.data.sync = true (default)
2019-09-25 07:18:38,552 [pool-57-thread-1] INFO  server.RaftServerConfigKeys (ConfUtils.java:logGet(43)) - raft.server.log.statemachine.data.sync.timeout = 10s (default)
2019-09-25 07:18:38,552 [pool-57-thread-1] INFO  server.RaftServerConfigKeys (ConfUtils.java:logGet(43)) - raft.server.log.statemachine.data.sync.timeout.retry = -1 (default)
2019-09-25 07:18:38,552 [pool-57-thread-1] INFO  server.RaftServerConfigKeys (ConfUtils.java:logGet(43)) - raft.server.log.statemachine.data.caching.enabled = true (custom)
2019-09-25 07:18:38,554 [pool-57-thread-1] INFO  segmented.SegmentedRaftLogWorker (SegmentedRaftLogWorker.java:lambda$new$0(132)) - d11a7d59-14f4-4b98-9a44-84ea7ce7b770@group-D4E6B453C804-SegmentedRaftLogWorker: flushIndex: setUnconditionally 0 -> -1
2019-09-25 07:18:38,554 [pool-57-thread-1] INFO  server.RaftServerConfigKeys (ConfUtils.java:logGet(43)) - raft.server.snapshot.auto.trigger.enabled = true (custom)
2019-09-25 07:18:38,554 [pool-57-thread-1] INFO  server.RaftServerConfigKeys (ConfUtils.java:logGet(43)) - raft.server.snapshot.auto.trigger.threshold = 10000 (custom)
2019-09-25 07:18:38,554 [pool-57-thread-1] INFO  server.RaftServerConfigKeys (ConfUtils.java:logGet(43)) - raft.server.snapshot.retention.num.files = 5 (custom)
2019-09-25 07:18:38,554 [pool-57-thread-1] INFO  server.RaftServerConfigKeys (ConfUtils.java:logGet(43)) - raft.server.retrycache.expirytime = 600000ms (custom)
2019-09-25 07:18:38,557 [pool-57-thread-1] INFO  impl.RaftServerImpl (RaftServerImpl.java:start(185)) - d11a7d59-14f4-4b98-9a44-84ea7ce7b770@group-D4E6B453C804: start as a follower, conf=-1: [d11a7d59-14f4-4b98-9a44-84ea7ce7b770:192.168.151.106:37832], old=null
2019-09-25 07:18:38,557 [pool-57-thread-1] INFO  impl.RaftServerImpl (RaftServerImpl.java:setRole(174)) - d11a7d59-14f4-4b98-9a44-84ea7ce7b770@group-D4E6B453C804: changes role from      null to FOLLOWER at term 0 for startAsFollower
2019-09-25 07:18:38,557 [pool-57-thread-1] INFO  impl.RoleInfo (RoleInfo.java:updateAndGet(143)) - d11a7d59-14f4-4b98-9a44-84ea7ce7b770: start FollowerState
2019-09-25 07:18:38,557 [pool-57-thread-1] INFO  util.JmxRegister (JmxRegister.java:tryRegister(44)) - Successfully registered JMX Bean with object name Ratis:service=RaftServer,group=group-D4E6B453C804,id=d11a7d59-14f4-4b98-9a44-84ea7ce7b770
2019-09-25 07:18:38,564 [RatisPipelineUtilsThread] INFO  pipeline.PipelineStateManager (PipelineStateManager.java:addPipeline(56)) - Created pipeline Pipeline[ Id: d1df1833-9c2e-4544-a83d-d4e6b453c804, Nodes: d11a7d59-14f4-4b98-9a44-84ea7ce7b770{ip: 192.168.151.106, host: pr-hdds-1569-x2sr2-3486766547, networkLocation: /default-rack, certSerialId: null}, Type:RATIS, Factor:ONE, State:OPEN]
2019-09-25 07:18:38,564 [RatisPipelineUtilsThread] INFO  pipeline.PipelinePlacementPolicy (PipelinePlacementPolicy.java:meetCriteria(91)) - Pipeline Placement: can't place more pipeline on heavy datanode： eed0ea2a-d4e1-462d-acdf-3429f0a6e9fe Heaviness: 6 limit: 5
2019-09-25 07:18:38,565 [RatisPipelineUtilsThread] INFO  pipeline.PipelinePlacementPolicy (PipelinePlacementPolicy.java:meetCriteria(91)) - Pipeline Placement: can't place more pipeline on heavy datanode： bd44bfbc-c212-4f8d-9cd2-0f97b4d8abf5 Heaviness: 6 limit: 5
2019-09-25 07:18:38,602 [Thread-227] INFO  rpc.RpcClient (RpcClient.java:createBucket(415)) - Creating Bucket: volume02313/bucket67760, with Versioning false and Storage Type set to DISK and Encryption set to false 
2019-09-25 07:18:38,929 [grpc-default-executor-1] INFO  impl.RaftServerProxy (RaftServerProxy.java:addNew(89)) - 4caa13bb-8f1a-47d8-8391-c914f782f260: addNew group-1B28869455C1:[4caa13bb-8f1a-47d8-8391-c914f782f260:192.168.151.106:33218] returns group-1B28869455C1:java.util.concurrent.CompletableFuture@24313142[Not completed]
2019-09-25 07:18:39,102 [pool-67-thread-1] INFO  impl.RaftServerImpl (RaftServerImpl.java:<init>(95)) - 4caa13bb-8f1a-47d8-8391-c914f782f260: new RaftServerImpl for group-1B28869455C1:[4caa13bb-8f1a-47d8-8391-c914f782f260:192.168.151.106:33218] with ContainerStateMachine:uninitialized
2019-09-25 07:18:39,102 [pool-67-thread-1] INFO  server.RaftServerConfigKeys (ConfUtils.java:logGet(43)) - raft.server.rpc.timeout.min = 5s (custom)
2019-09-25 07:18:39,102 [pool-67-thread-1] INFO  server.RaftServerConfigKeys (ConfUtils.java:logGet(43)) - raft.server.rpc.timeout.max = 5200ms (custom)
2019-09-25 07:18:39,103 [pool-67-thread-1] INFO  server.RaftServerConfigKeys (ConfUtils.java:logGet(43)) - raft.server.rpcslowness.timeout = 120s (custom)
2019-09-25 07:18:39,103 [pool-67-thread-1] INFO  server.RaftServerConfigKeys (ConfUtils.java:logGet(43)) - raft.server.sleep.deviation.threshold = 300 (default)
2019-09-25 07:18:39,103 [pool-67-thread-1] INFO  server.RaftServerConfigKeys (ConfUtils.java:logGet(43)) - raft.server.log.appender.install.snapshot.enabled = false (custom)
2019-09-25 07:18:39,103 [pool-67-thread-1] INFO  impl.RaftServerImpl (ServerState.java:<init>(103)) - 4caa13bb-8f1a-47d8-8391-c914f782f260@group-1B28869455C1: ConfigurationManager, init=-1: [4caa13bb-8f1a-47d8-8391-c914f782f260:192.168.151.106:33218], old=null, confs=<EMPTY_MAP>
2019-09-25 07:18:39,103 [pool-67-thread-1] INFO  server.RaftServerConfigKeys (ConfUtils.java:logGet(43)) - raft.server.storage.dir = [/workdir/hadoop-ozone/ozonefs/target/test-dir/MiniOzoneClusterImpl-e470f84b-f6c0-4e80-b6df-353379932a43/datanode-4/data/ratis] (custom)
2019-09-25 07:18:39,104 [pool-67-thread-1] INFO  storage.RaftStorageDirectory (RaftStorageDirectory.java:analyzeStorage(246)) - The storage directory /workdir/hadoop-ozone/ozonefs/target/test-dir/MiniOzoneClusterImpl-e470f84b-f6c0-4e80-b6df-353379932a43/datanode-4/data/ratis/cb920bd6-1d28-4395-bbc6-1b28869455c1 does not exist. Creating ...
2019-09-25 07:18:39,124 [pool-67-thread-1] INFO  storage.RaftStorageDirectory (RaftStorageDirectory.java:tryLock(328)) - Lock on /workdir/hadoop-ozone/ozonefs/target/test-dir/MiniOzoneClusterImpl-e470f84b-f6c0-4e80-b6df-353379932a43/datanode-4/data/ratis/cb920bd6-1d28-4395-bbc6-1b28869455c1/in_use.lock acquired by nodename 29106@pr-hdds-1569-x2sr2-3486766547
2019-09-25 07:18:39,146 [pool-67-thread-1] INFO  storage.RaftStorage (RaftStorage.java:format(72)) - Storage directory /workdir/hadoop-ozone/ozonefs/target/test-dir/MiniOzoneClusterImpl-e470f84b-f6c0-4e80-b6df-353379932a43/datanode-4/data/ratis/cb920bd6-1d28-4395-bbc6-1b28869455c1 has been successfully formatted.
2019-09-25 07:18:39,146 [pool-67-thread-1] INFO  ratis.ContainerStateMachine (ContainerStateMachine.java:loadSnapshot(230)) - group-1B28869455C1: The snapshot info is null. Setting the last applied indexto:(t:0, i:~)
2019-09-25 07:18:39,146 [pool-67-thread-1] INFO  server.RaftServerConfigKeys (ConfUtils.java:logGet(43)) - raft.server.notification.no-leader.timeout = 120s (custom)
2019-09-25 07:18:39,147 [pool-67-thread-1] INFO  server.RaftServerConfigKeys (ConfUtils.java:logGet(43)) - raft.server.log.use.memory = false (default)
2019-09-25 07:18:39,147 [pool-67-thread-1] INFO  server.RaftServerConfigKeys (ConfUtils.java:logGet(43)) - raft.server.log.purge.gap = 1000000 (custom)
2019-09-25 07:18:39,147 [pool-67-thread-1] INFO  server.RaftServerConfigKeys (ConfUtils.java:logGet(43)) - raft.server.log.appender.buffer.byte-limit = 33554432 (custom)
2019-09-25 07:18:39,147 [pool-67-thread-1] INFO  server.RaftServerConfigKeys (ConfUtils.java:logGet(43)) - raft.server.log.segment.size.max = 1048576 (custom)
2019-09-25 07:18:39,147 [pool-67-thread-1] INFO  server.RaftServerConfigKeys (ConfUtils.java:logGet(43)) - raft.server.log.segment.cache.num.max = 2 (custom)
2019-09-25 07:18:39,148 [pool-67-thread-1] INFO  segmented.SegmentedRaftLogWorker (SegmentedRaftLogWorker.java:<init>(172)) - new 4caa13bb-8f1a-47d8-8391-c914f782f260@group-1B28869455C1-SegmentedRaftLogWorker for RaftStorage:Storage Directory /workdir/hadoop-ozone/ozonefs/target/test-dir/MiniOzoneClusterImpl-e470f84b-f6c0-4e80-b6df-353379932a43/datanode-4/data/ratis/cb920bd6-1d28-4395-bbc6-1b28869455c1
2019-09-25 07:18:39,151 [pool-67-thread-1] INFO  server.RaftServerConfigKeys (ConfUtils.java:logGet(43)) - raft.server.log.queue.byte-limit = 2147483647 (custom)
2019-09-25 07:18:39,151 [pool-67-thread-1] INFO  server.RaftServerConfigKeys (ConfUtils.java:logGet(43)) - raft.server.log.queue.element-limit = 1024 (custom)
2019-09-25 07:18:39,151 [pool-67-thread-1] INFO  server.RaftServerConfigKeys (ConfUtils.java:logGet(43)) - raft.server.log.segment.size.max = 1048576 (custom)
2019-09-25 07:18:39,151 [pool-67-thread-1] INFO  server.RaftServerConfigKeys (ConfUtils.java:logGet(43)) - raft.server.log.preallocated.size = 16384 (custom)
2019-09-25 07:18:39,151 [pool-67-thread-1] INFO  server.RaftServerConfigKeys (ConfUtils.java:logGet(43)) - raft.server.log.write.buffer.size = 33554432 (custom)
2019-09-25 07:18:39,151 [pool-67-thread-1] INFO  server.RaftServerConfigKeys (ConfUtils.java:logGet(43)) - raft.server.log.force.sync.num = 128 (default)
2019-09-25 07:18:39,152 [pool-67-thread-1] INFO  server.RaftServerConfigKeys (ConfUtils.java:logGet(43)) - raft.server.log.statemachine.data.sync = true (default)
2019-09-25 07:18:39,152 [pool-67-thread-1] INFO  server.RaftServerConfigKeys (ConfUtils.java:logGet(43)) - raft.server.log.statemachine.data.sync.timeout = 10s (default)
2019-09-25 07:18:39,152 [pool-67-thread-1] INFO  server.RaftServerConfigKeys (ConfUtils.java:logGet(43)) - raft.server.log.statemachine.data.sync.timeout.retry = -1 (default)
2019-09-25 07:18:39,152 [pool-67-thread-1] INFO  server.RaftServerConfigKeys (ConfUtils.java:logGet(43)) - raft.server.log.statemachine.data.caching.enabled = true (custom)
2019-09-25 07:18:39,153 [pool-67-thread-1] INFO  segmented.SegmentedRaftLogWorker (SegmentedRaftLogWorker.java:lambda$new$0(132)) - 4caa13bb-8f1a-47d8-8391-c914f782f260@group-1B28869455C1-SegmentedRaftLogWorker: flushIndex: setUnconditionally 0 -> -1
2019-09-25 07:18:39,153 [pool-67-thread-1] INFO  server.RaftServerConfigKeys (ConfUtils.java:logGet(43)) - raft.server.snapshot.auto.trigger.enabled = true (custom)
2019-09-25 07:18:39,153 [pool-67-thread-1] INFO  server.RaftServerConfigKeys (ConfUtils.java:logGet(43)) - raft.server.snapshot.auto.trigger.threshold = 10000 (custom)
2019-09-25 07:18:39,153 [pool-67-thread-1] INFO  server.RaftServerConfigKeys (ConfUtils.java:logGet(43)) - raft.server.snapshot.retention.num.files = 5 (custom)
2019-09-25 07:18:39,154 [pool-67-thread-1] INFO  server.RaftServerConfigKeys (ConfUtils.java:logGet(43)) - raft.server.retrycache.expirytime = 600000ms (custom)
2019-09-25 07:18:39,156 [pool-67-thread-1] INFO  impl.RaftServerImpl (RaftServerImpl.java:start(185)) - 4caa13bb-8f1a-47d8-8391-c914f782f260@group-1B28869455C1: start as a follower, conf=-1: [4caa13bb-8f1a-47d8-8391-c914f782f260:192.168.151.106:33218], old=null
2019-09-25 07:18:39,156 [pool-67-thread-1] INFO  impl.RaftServerImpl (RaftServerImpl.java:setRole(174)) - 4caa13bb-8f1a-47d8-8391-c914f782f260@group-1B28869455C1: changes role from      null to FOLLOWER at term 0 for startAsFollower
2019-09-25 07:18:39,156 [pool-67-thread-1] INFO  impl.RoleInfo (RoleInfo.java:updateAndGet(143)) - 4caa13bb-8f1a-47d8-8391-c914f782f260: start FollowerState
2019-09-25 07:18:39,163 [pool-67-thread-1] INFO  util.JmxRegister (JmxRegister.java:tryRegister(44)) - Successfully registered JMX Bean with object name Ratis:service=RaftServer,group=group-1B28869455C1,id=4caa13bb-8f1a-47d8-8391-c914f782f260
2019-09-25 07:18:39,179 [RatisPipelineUtilsThread] INFO  pipeline.PipelineStateManager (PipelineStateManager.java:addPipeline(56)) - Created pipeline Pipeline[ Id: cb920bd6-1d28-4395-bbc6-1b28869455c1, Nodes: 4caa13bb-8f1a-47d8-8391-c914f782f260{ip: 192.168.151.106, host: pr-hdds-1569-x2sr2-3486766547, networkLocation: /default-rack, certSerialId: null}, Type:RATIS, Factor:ONE, State:OPEN]
2019-09-25 07:18:39,180 [RatisPipelineUtilsThread] INFO  pipeline.PipelinePlacementPolicy (PipelinePlacementPolicy.java:meetCriteria(91)) - Pipeline Placement: can't place more pipeline on heavy datanode： eed0ea2a-d4e1-462d-acdf-3429f0a6e9fe Heaviness: 6 limit: 5
2019-09-25 07:18:39,180 [RatisPipelineUtilsThread] INFO  pipeline.PipelinePlacementPolicy (PipelinePlacementPolicy.java:meetCriteria(91)) - Pipeline Placement: can't place more pipeline on heavy datanode： bd44bfbc-c212-4f8d-9cd2-0f97b4d8abf5 Heaviness: 6 limit: 5
2019-09-25 07:18:39,192 [grpc-default-executor-1] INFO  impl.RaftServerProxy (RaftServerProxy.java:addNew(89)) - aebfb692-7b6b-4657-85e2-3d5c30e62964: addNew group-0DB4E0CB6524:[aebfb692-7b6b-4657-85e2-3d5c30e62964:192.168.151.106:46869] returns group-0DB4E0CB6524:java.util.concurrent.CompletableFuture@74a413e7[Not completed]
2019-09-25 07:18:39,195 [pool-47-thread-1] INFO  impl.RaftServerImpl (RaftServerImpl.java:<init>(95)) - aebfb692-7b6b-4657-85e2-3d5c30e62964: new RaftServerImpl for group-0DB4E0CB6524:[aebfb692-7b6b-4657-85e2-3d5c30e62964:192.168.151.106:46869] with ContainerStateMachine:uninitialized
2019-09-25 07:18:39,195 [pool-47-thread-1] INFO  server.RaftServerConfigKeys (ConfUtils.java:logGet(43)) - raft.server.rpc.timeout.min = 5s (custom)
2019-09-25 07:18:39,195 [pool-47-thread-1] INFO  server.RaftServerConfigKeys (ConfUtils.java:logGet(43)) - raft.server.rpc.timeout.max = 5200ms (custom)
2019-09-25 07:18:39,195 [pool-47-thread-1] INFO  server.RaftServerConfigKeys (ConfUtils.java:logGet(43)) - raft.server.rpcslowness.timeout = 120s (custom)
2019-09-25 07:18:39,196 [pool-47-thread-1] INFO  server.RaftServerConfigKeys (ConfUtils.java:logGet(43)) - raft.server.sleep.deviation.threshold = 300 (default)
2019-09-25 07:18:39,197 [pool-47-thread-1] INFO  server.RaftServerConfigKeys (ConfUtils.java:logGet(43)) - raft.server.log.appender.install.snapshot.enabled = false (custom)
2019-09-25 07:18:39,197 [pool-47-thread-1] INFO  impl.RaftServerImpl (ServerState.java:<init>(103)) - aebfb692-7b6b-4657-85e2-3d5c30e62964@group-0DB4E0CB6524: ConfigurationManager, init=-1: [aebfb692-7b6b-4657-85e2-3d5c30e62964:192.168.151.106:46869], old=null, confs=<EMPTY_MAP>
2019-09-25 07:18:39,197 [pool-47-thread-1] INFO  server.RaftServerConfigKeys (ConfUtils.java:logGet(43)) - raft.server.storage.dir = [/workdir/hadoop-ozone/ozonefs/target/test-dir/MiniOzoneClusterImpl-e470f84b-f6c0-4e80-b6df-353379932a43/datanode-2/data/ratis] (custom)
2019-09-25 07:18:39,198 [pool-47-thread-1] INFO  storage.RaftStorageDirectory (RaftStorageDirectory.java:analyzeStorage(246)) - The storage directory /workdir/hadoop-ozone/ozonefs/target/test-dir/MiniOzoneClusterImpl-e470f84b-f6c0-4e80-b6df-353379932a43/datanode-2/data/ratis/25ddaa0b-2542-4779-a7a8-0db4e0cb6524 does not exist. Creating ...
2019-09-25 07:18:39,211 [pool-47-thread-1] INFO  storage.RaftStorageDirectory (RaftStorageDirectory.java:tryLock(328)) - Lock on /workdir/hadoop-ozone/ozonefs/target/test-dir/MiniOzoneClusterImpl-e470f84b-f6c0-4e80-b6df-353379932a43/datanode-2/data/ratis/25ddaa0b-2542-4779-a7a8-0db4e0cb6524/in_use.lock acquired by nodename 29106@pr-hdds-1569-x2sr2-3486766547
2019-09-25 07:18:39,215 [Thread-227] INFO  contract.AbstractFSContractTestBase (AbstractFSContractTestBase.java:setup(184)) - Test filesystem = o3fs://bucket67760.volume02313 implemented by OzoneFileSystem{URI=o3fs://bucket67760.volume02313, workingDir=o3fs://bucket67760.volume02313/user/jenkins1000, userName=jenkins1000, statistics=0 bytes read, 0 bytes written, 0 read ops, 0 large read ops, 0 write ops}
2019-09-25 07:18:39,224 [pool-47-thread-1] INFO  storage.RaftStorage (RaftStorage.java:format(72)) - Storage directory /workdir/hadoop-ozone/ozonefs/target/test-dir/MiniOzoneClusterImpl-e470f84b-f6c0-4e80-b6df-353379932a43/datanode-2/data/ratis/25ddaa0b-2542-4779-a7a8-0db4e0cb6524 has been successfully formatted.
2019-09-25 07:18:39,225 [pool-47-thread-1] INFO  ratis.ContainerStateMachine (ContainerStateMachine.java:loadSnapshot(230)) - group-0DB4E0CB6524: The snapshot info is null. Setting the last applied indexto:(t:0, i:~)
2019-09-25 07:18:39,225 [pool-47-thread-1] INFO  server.RaftServerConfigKeys (ConfUtils.java:logGet(43)) - raft.server.notification.no-leader.timeout = 120s (custom)
2019-09-25 07:18:39,225 [pool-47-thread-1] INFO  server.RaftServerConfigKeys (ConfUtils.java:logGet(43)) - raft.server.log.use.memory = false (default)
2019-09-25 07:18:39,225 [pool-47-thread-1] INFO  server.RaftServerConfigKeys (ConfUtils.java:logGet(43)) - raft.server.log.purge.gap = 1000000 (custom)
2019-09-25 07:18:39,225 [pool-47-thread-1] INFO  server.RaftServerConfigKeys (ConfUtils.java:logGet(43)) - raft.server.log.appender.buffer.byte-limit = 33554432 (custom)
2019-09-25 07:18:39,225 [pool-47-thread-1] INFO  server.RaftServerConfigKeys (ConfUtils.java:logGet(43)) - raft.server.log.segment.size.max = 1048576 (custom)
2019-09-25 07:18:39,226 [pool-47-thread-1] INFO  server.RaftServerConfigKeys (ConfUtils.java:logGet(43)) - raft.server.log.segment.cache.num.max = 2 (custom)
2019-09-25 07:18:39,226 [pool-47-thread-1] INFO  segmented.SegmentedRaftLogWorker (SegmentedRaftLogWorker.java:<init>(172)) - new aebfb692-7b6b-4657-85e2-3d5c30e62964@group-0DB4E0CB6524-SegmentedRaftLogWorker for RaftStorage:Storage Directory /workdir/hadoop-ozone/ozonefs/target/test-dir/MiniOzoneClusterImpl-e470f84b-f6c0-4e80-b6df-353379932a43/datanode-2/data/ratis/25ddaa0b-2542-4779-a7a8-0db4e0cb6524
2019-09-25 07:18:39,226 [pool-47-thread-1] INFO  server.RaftServerConfigKeys (ConfUtils.java:logGet(43)) - raft.server.log.queue.byte-limit = 2147483647 (custom)
2019-09-25 07:18:39,226 [pool-47-thread-1] INFO  server.RaftServerConfigKeys (ConfUtils.java:logGet(43)) - raft.server.log.queue.element-limit = 1024 (custom)
2019-09-25 07:18:39,226 [pool-47-thread-1] INFO  server.RaftServerConfigKeys (ConfUtils.java:logGet(43)) - raft.server.log.segment.size.max = 1048576 (custom)
2019-09-25 07:18:39,226 [pool-47-thread-1] INFO  server.RaftServerConfigKeys (ConfUtils.java:logGet(43)) - raft.server.log.preallocated.size = 16384 (custom)
2019-09-25 07:18:39,226 [pool-47-thread-1] INFO  server.RaftServerConfigKeys (ConfUtils.java:logGet(43)) - raft.server.log.write.buffer.size = 33554432 (custom)
2019-09-25 07:18:39,226 [pool-47-thread-1] INFO  server.RaftServerConfigKeys (ConfUtils.java:logGet(43)) - raft.server.log.force.sync.num = 128 (default)
2019-09-25 07:18:39,226 [pool-47-thread-1] INFO  server.RaftServerConfigKeys (ConfUtils.java:logGet(43)) - raft.server.log.statemachine.data.sync = true (default)
2019-09-25 07:18:39,227 [pool-47-thread-1] INFO  server.RaftServerConfigKeys (ConfUtils.java:logGet(43)) - raft.server.log.statemachine.data.sync.timeout = 10s (default)
2019-09-25 07:18:39,227 [pool-47-thread-1] INFO  server.RaftServerConfigKeys (ConfUtils.java:logGet(43)) - raft.server.log.statemachine.data.sync.timeout.retry = -1 (default)
2019-09-25 07:18:39,227 [pool-47-thread-1] INFO  server.RaftServerConfigKeys (ConfUtils.java:logGet(43)) - raft.server.log.statemachine.data.caching.enabled = true (custom)
2019-09-25 07:18:39,227 [pool-47-thread-1] INFO  segmented.SegmentedRaftLogWorker (SegmentedRaftLogWorker.java:lambda$new$0(132)) - aebfb692-7b6b-4657-85e2-3d5c30e62964@group-0DB4E0CB6524-SegmentedRaftLogWorker: flushIndex: setUnconditionally 0 -> -1
2019-09-25 07:18:39,227 [pool-47-thread-1] INFO  server.RaftServerConfigKeys (ConfUtils.java:logGet(43)) - raft.server.snapshot.auto.trigger.enabled = true (custom)
2019-09-25 07:18:39,227 [pool-47-thread-1] INFO  server.RaftServerConfigKeys (ConfUtils.java:logGet(43)) - raft.server.snapshot.auto.trigger.threshold = 10000 (custom)
2019-09-25 07:18:39,228 [pool-47-thread-1] INFO  server.RaftServerConfigKeys (ConfUtils.java:logGet(43)) - raft.server.snapshot.retention.num.files = 5 (custom)
2019-09-25 07:18:39,228 [pool-47-thread-1] INFO  server.RaftServerConfigKeys (ConfUtils.java:logGet(43)) - raft.server.retrycache.expirytime = 600000ms (custom)
2019-09-25 07:18:39,230 [pool-47-thread-1] INFO  impl.RaftServerImpl (RaftServerImpl.java:start(185)) - aebfb692-7b6b-4657-85e2-3d5c30e62964@group-0DB4E0CB6524: start as a follower, conf=-1: [aebfb692-7b6b-4657-85e2-3d5c30e62964:192.168.151.106:46869], old=null
2019-09-25 07:18:39,230 [pool-47-thread-1] INFO  impl.RaftServerImpl (RaftServerImpl.java:setRole(174)) - aebfb692-7b6b-4657-85e2-3d5c30e62964@group-0DB4E0CB6524: changes role from      null to FOLLOWER at term 0 for startAsFollower
2019-09-25 07:18:39,230 [pool-47-thread-1] INFO  impl.RoleInfo (RoleInfo.java:updateAndGet(143)) - aebfb692-7b6b-4657-85e2-3d5c30e62964: start FollowerState
2019-09-25 07:18:39,230 [pool-47-thread-1] INFO  util.JmxRegister (JmxRegister.java:tryRegister(44)) - Successfully registered JMX Bean with object name Ratis:service=RaftServer,group=group-0DB4E0CB6524,id=aebfb692-7b6b-4657-85e2-3d5c30e62964
2019-09-25 07:18:39,236 [RatisPipelineUtilsThread] INFO  pipeline.PipelineStateManager (PipelineStateManager.java:addPipeline(56)) - Created pipeline Pipeline[ Id: 25ddaa0b-2542-4779-a7a8-0db4e0cb6524, Nodes: aebfb692-7b6b-4657-85e2-3d5c30e62964{ip: 192.168.151.106, host: pr-hdds-1569-x2sr2-3486766547, networkLocation: /default-rack, certSerialId: null}, Type:RATIS, Factor:ONE, State:OPEN]
2019-09-25 07:18:39,236 [RatisPipelineUtilsThread] INFO  pipeline.PipelinePlacementPolicy (PipelinePlacementPolicy.java:meetCriteria(91)) - Pipeline Placement: can't place more pipeline on heavy datanode： eed0ea2a-d4e1-462d-acdf-3429f0a6e9fe Heaviness: 6 limit: 5
2019-09-25 07:18:39,236 [RatisPipelineUtilsThread] INFO  pipeline.PipelinePlacementPolicy (PipelinePlacementPolicy.java:meetCriteria(91)) - Pipeline Placement: can't place more pipeline on heavy datanode： bd44bfbc-c212-4f8d-9cd2-0f97b4d8abf5 Heaviness: 6 limit: 5
2019-09-25 07:18:39,245 [grpc-default-executor-1] INFO  impl.RaftServerProxy (RaftServerProxy.java:addNew(89)) - d11a7d59-14f4-4b98-9a44-84ea7ce7b770: addNew group-05265482BAA8:[d11a7d59-14f4-4b98-9a44-84ea7ce7b770:192.168.151.106:37832] returns group-05265482BAA8:java.util.concurrent.CompletableFuture@207fe9c2[Not completed]
2019-09-25 07:18:39,247 [pool-57-thread-1] INFO  impl.RaftServerImpl (RaftServerImpl.java:<init>(95)) - d11a7d59-14f4-4b98-9a44-84ea7ce7b770: new RaftServerImpl for group-05265482BAA8:[d11a7d59-14f4-4b98-9a44-84ea7ce7b770:192.168.151.106:37832] with ContainerStateMachine:uninitialized
2019-09-25 07:18:39,247 [pool-57-thread-1] INFO  server.RaftServerConfigKeys (ConfUtils.java:logGet(43)) - raft.server.rpc.timeout.min = 5s (custom)
2019-09-25 07:18:39,248 [pool-57-thread-1] INFO  server.RaftServerConfigKeys (ConfUtils.java:logGet(43)) - raft.server.rpc.timeout.max = 5200ms (custom)
2019-09-25 07:18:39,248 [pool-57-thread-1] INFO  server.RaftServerConfigKeys (ConfUtils.java:logGet(43)) - raft.server.rpcslowness.timeout = 120s (custom)
2019-09-25 07:18:39,248 [pool-57-thread-1] INFO  server.RaftServerConfigKeys (ConfUtils.java:logGet(43)) - raft.server.sleep.deviation.threshold = 300 (default)
2019-09-25 07:18:39,248 [pool-57-thread-1] INFO  server.RaftServerConfigKeys (ConfUtils.java:logGet(43)) - raft.server.log.appender.install.snapshot.enabled = false (custom)
2019-09-25 07:18:39,248 [pool-57-thread-1] INFO  impl.RaftServerImpl (ServerState.java:<init>(103)) - d11a7d59-14f4-4b98-9a44-84ea7ce7b770@group-05265482BAA8: ConfigurationManager, init=-1: [d11a7d59-14f4-4b98-9a44-84ea7ce7b770:192.168.151.106:37832], old=null, confs=<EMPTY_MAP>
2019-09-25 07:18:39,249 [pool-57-thread-1] INFO  server.RaftServerConfigKeys (ConfUtils.java:logGet(43)) - raft.server.storage.dir = [/workdir/hadoop-ozone/ozonefs/target/test-dir/MiniOzoneClusterImpl-e470f84b-f6c0-4e80-b6df-353379932a43/datanode-3/data/ratis] (custom)
2019-09-25 07:18:39,249 [pool-57-thread-1] INFO  storage.RaftStorageDirectory (RaftStorageDirectory.java:analyzeStorage(246)) - The storage directory /workdir/hadoop-ozone/ozonefs/target/test-dir/MiniOzoneClusterImpl-e470f84b-f6c0-4e80-b6df-353379932a43/datanode-3/data/ratis/57604374-a154-4a66-897f-05265482baa8 does not exist. Creating ...
2019-09-25 07:18:39,256 [Thread-208] INFO  container.ReplicationManager (ReplicationManager.java:start(163)) - Starting Replication Monitor Thread.
2019-09-25 07:18:39,257 [ReplicationMonitor] INFO  container.ReplicationManager (ReplicationManager.java:run(226)) - Replication Monitor Thread took 1 milliseconds for processing 0 containers.
2019-09-25 07:18:39,262 [pool-57-thread-1] INFO  storage.RaftStorageDirectory (RaftStorageDirectory.java:tryLock(328)) - Lock on /workdir/hadoop-ozone/ozonefs/target/test-dir/MiniOzoneClusterImpl-e470f84b-f6c0-4e80-b6df-353379932a43/datanode-3/data/ratis/57604374-a154-4a66-897f-05265482baa8/in_use.lock acquired by nodename 29106@pr-hdds-1569-x2sr2-3486766547
2019-09-25 07:18:39,276 [pool-57-thread-1] INFO  storage.RaftStorage (RaftStorage.java:format(72)) - Storage directory /workdir/hadoop-ozone/ozonefs/target/test-dir/MiniOzoneClusterImpl-e470f84b-f6c0-4e80-b6df-353379932a43/datanode-3/data/ratis/57604374-a154-4a66-897f-05265482baa8 has been successfully formatted.
2019-09-25 07:18:39,276 [pool-57-thread-1] INFO  ratis.ContainerStateMachine (ContainerStateMachine.java:loadSnapshot(230)) - group-05265482BAA8: The snapshot info is null. Setting the last applied indexto:(t:0, i:~)
2019-09-25 07:18:39,277 [pool-57-thread-1] INFO  server.RaftServerConfigKeys (ConfUtils.java:logGet(43)) - raft.server.notification.no-leader.timeout = 120s (custom)
2019-09-25 07:18:39,277 [pool-57-thread-1] INFO  server.RaftServerConfigKeys (ConfUtils.java:logGet(43)) - raft.server.log.use.memory = false (default)
2019-09-25 07:18:39,277 [pool-57-thread-1] INFO  server.RaftServerConfigKeys (ConfUtils.java:logGet(43)) - raft.server.log.purge.gap = 1000000 (custom)
2019-09-25 07:18:39,277 [pool-57-thread-1] INFO  server.RaftServerConfigKeys (ConfUtils.java:logGet(43)) - raft.server.log.appender.buffer.byte-limit = 33554432 (custom)
2019-09-25 07:18:39,277 [pool-57-thread-1] INFO  server.RaftServerConfigKeys (ConfUtils.java:logGet(43)) - raft.server.log.segment.size.max = 1048576 (custom)
2019-09-25 07:18:39,277 [pool-57-thread-1] INFO  server.RaftServerConfigKeys (ConfUtils.java:logGet(43)) - raft.server.log.segment.cache.num.max = 2 (custom)
2019-09-25 07:18:39,277 [pool-57-thread-1] INFO  segmented.SegmentedRaftLogWorker (SegmentedRaftLogWorker.java:<init>(172)) - new d11a7d59-14f4-4b98-9a44-84ea7ce7b770@group-05265482BAA8-SegmentedRaftLogWorker for RaftStorage:Storage Directory /workdir/hadoop-ozone/ozonefs/target/test-dir/MiniOzoneClusterImpl-e470f84b-f6c0-4e80-b6df-353379932a43/datanode-3/data/ratis/57604374-a154-4a66-897f-05265482baa8
2019-09-25 07:18:39,278 [pool-57-thread-1] INFO  server.RaftServerConfigKeys (ConfUtils.java:logGet(43)) - raft.server.log.queue.byte-limit = 2147483647 (custom)
2019-09-25 07:18:39,278 [pool-57-thread-1] INFO  server.RaftServerConfigKeys (ConfUtils.java:logGet(43)) - raft.server.log.queue.element-limit = 1024 (custom)
2019-09-25 07:18:39,278 [pool-57-thread-1] INFO  server.RaftServerConfigKeys (ConfUtils.java:logGet(43)) - raft.server.log.segment.size.max = 1048576 (custom)
2019-09-25 07:18:39,278 [pool-57-thread-1] INFO  server.RaftServerConfigKeys (ConfUtils.java:logGet(43)) - raft.server.log.preallocated.size = 16384 (custom)
2019-09-25 07:18:39,278 [pool-57-thread-1] INFO  server.RaftServerConfigKeys (ConfUtils.java:logGet(43)) - raft.server.log.write.buffer.size = 33554432 (custom)
2019-09-25 07:18:39,278 [pool-57-thread-1] INFO  server.RaftServerConfigKeys (ConfUtils.java:logGet(43)) - raft.server.log.force.sync.num = 128 (default)
2019-09-25 07:18:39,279 [pool-57-thread-1] INFO  server.RaftServerConfigKeys (ConfUtils.java:logGet(43)) - raft.server.log.statemachine.data.sync = true (default)
2019-09-25 07:18:39,279 [pool-57-thread-1] INFO  server.RaftServerConfigKeys (ConfUtils.java:logGet(43)) - raft.server.log.statemachine.data.sync.timeout = 10s (default)
2019-09-25 07:18:39,279 [pool-57-thread-1] INFO  server.RaftServerConfigKeys (ConfUtils.java:logGet(43)) - raft.server.log.statemachine.data.sync.timeout.retry = -1 (default)
2019-09-25 07:18:39,279 [pool-57-thread-1] INFO  server.RaftServerConfigKeys (ConfUtils.java:logGet(43)) - raft.server.log.statemachine.data.caching.enabled = true (custom)
2019-09-25 07:18:39,279 [pool-57-thread-1] INFO  segmented.SegmentedRaftLogWorker (SegmentedRaftLogWorker.java:lambda$new$0(132)) - d11a7d59-14f4-4b98-9a44-84ea7ce7b770@group-05265482BAA8-SegmentedRaftLogWorker: flushIndex: setUnconditionally 0 -> -1
2019-09-25 07:18:39,280 [pool-57-thread-1] INFO  server.RaftServerConfigKeys (ConfUtils.java:logGet(43)) - raft.server.snapshot.auto.trigger.enabled = true (custom)
2019-09-25 07:18:39,280 [pool-57-thread-1] INFO  server.RaftServerConfigKeys (ConfUtils.java:logGet(43)) - raft.server.snapshot.auto.trigger.threshold = 10000 (custom)
2019-09-25 07:18:39,280 [pool-57-thread-1] INFO  server.RaftServerConfigKeys (ConfUtils.java:logGet(43)) - raft.server.snapshot.retention.num.files = 5 (custom)
2019-09-25 07:18:39,280 [pool-57-thread-1] INFO  server.RaftServerConfigKeys (ConfUtils.java:logGet(43)) - raft.server.retrycache.expirytime = 600000ms (custom)
2019-09-25 07:18:39,283 [pool-57-thread-1] INFO  impl.RaftServerImpl (RaftServerImpl.java:start(185)) - d11a7d59-14f4-4b98-9a44-84ea7ce7b770@group-05265482BAA8: start as a follower, conf=-1: [d11a7d59-14f4-4b98-9a44-84ea7ce7b770:192.168.151.106:37832], old=null
2019-09-25 07:18:39,283 [pool-57-thread-1] INFO  impl.RaftServerImpl (RaftServerImpl.java:setRole(174)) - d11a7d59-14f4-4b98-9a44-84ea7ce7b770@group-05265482BAA8: changes role from      null to FOLLOWER at term 0 for startAsFollower
2019-09-25 07:18:39,284 [pool-57-thread-1] INFO  impl.RoleInfo (RoleInfo.java:updateAndGet(143)) - d11a7d59-14f4-4b98-9a44-84ea7ce7b770: start FollowerState
2019-09-25 07:18:39,284 [pool-57-thread-1] INFO  util.JmxRegister (JmxRegister.java:tryRegister(44)) - Successfully registered JMX Bean with object name Ratis:service=RaftServer,group=group-05265482BAA8,id=d11a7d59-14f4-4b98-9a44-84ea7ce7b770
2019-09-25 07:18:39,289 [RatisPipelineUtilsThread] INFO  pipeline.PipelineStateManager (PipelineStateManager.java:addPipeline(56)) - Created pipeline Pipeline[ Id: 57604374-a154-4a66-897f-05265482baa8, Nodes: d11a7d59-14f4-4b98-9a44-84ea7ce7b770{ip: 192.168.151.106, host: pr-hdds-1569-x2sr2-3486766547, networkLocation: /default-rack, certSerialId: null}, Type:RATIS, Factor:ONE, State:OPEN]
2019-09-25 07:18:39,289 [RatisPipelineUtilsThread] INFO  pipeline.PipelinePlacementPolicy (PipelinePlacementPolicy.java:meetCriteria(91)) - Pipeline Placement: can't place more pipeline on heavy datanode： eed0ea2a-d4e1-462d-acdf-3429f0a6e9fe Heaviness: 6 limit: 5
2019-09-25 07:18:39,289 [RatisPipelineUtilsThread] INFO  pipeline.PipelinePlacementPolicy (PipelinePlacementPolicy.java:meetCriteria(91)) - Pipeline Placement: can't place more pipeline on heavy datanode： bd44bfbc-c212-4f8d-9cd2-0f97b4d8abf5 Heaviness: 6 limit: 5
07:18:39.278 [IPC Server handler 7 on 46616] ERROR OMAudit - user=jenkins1000 | ip=127.0.0.1 | op=GET_FILE_STATUS {volume=volume02313, bucket=bucket67760, key=test/testRenameWithNonEmptySubDir, dataSize=0, replicationType=null, replicationFactor=null, keyLocationInfo=null} | ret=FAILURE
org.apache.hadoop.ozone.om.exceptions.OMException: Unable to get file status: volume: volume02313 bucket: bucket67760 key: test/testRenameWithNonEmptySubDir
	at org.apache.hadoop.ozone.om.KeyManagerImpl.getFileStatus(KeyManagerImpl.java:1742) ~[hadoop-ozone-ozone-manager-0.5.0-SNAPSHOT.jar:?]
	at org.apache.hadoop.ozone.om.OzoneManager.getFileStatus(OzoneManager.java:2892) [hadoop-ozone-ozone-manager-0.5.0-SNAPSHOT.jar:?]
	at org.apache.hadoop.ozone.protocolPB.OzoneManagerRequestHandler.getOzoneFileStatus(OzoneManagerRequestHandler.java:1051) [hadoop-ozone-ozone-manager-0.5.0-SNAPSHOT.jar:?]
	at org.apache.hadoop.ozone.protocolPB.OzoneManagerRequestHandler.handle(OzoneManagerRequestHandler.java:338) [hadoop-ozone-ozone-manager-0.5.0-SNAPSHOT.jar:?]
	at org.apache.hadoop.ozone.protocolPB.OzoneManagerProtocolServerSideTranslatorPB.submitRequestDirectlyToOM(OzoneManagerProtocolServerSideTranslatorPB.java:233) [hadoop-ozone-ozone-manager-0.5.0-SNAPSHOT.jar:?]
	at org.apache.hadoop.ozone.protocolPB.OzoneManagerProtocolServerSideTranslatorPB.processRequest(OzoneManagerProtocolServerSideTranslatorPB.java:157) [hadoop-ozone-ozone-manager-0.5.0-SNAPSHOT.jar:?]
	at org.apache.hadoop.ozone.protocolPB.OzoneManagerProtocolServerSideTranslatorPB.submitRequest(OzoneManagerProtocolServerSideTranslatorPB.java:111) [hadoop-ozone-ozone-manager-0.5.0-SNAPSHOT.jar:?]
	at org.apache.hadoop.ozone.protocol.proto.OzoneManagerProtocolProtos$OzoneManagerService$2.callBlockingMethod(OzoneManagerProtocolProtos.java) [hadoop-ozone-common-0.5.0-SNAPSHOT.jar:?]
	at org.apache.hadoop.ipc.ProtobufRpcEngine$Server$ProtoBufRpcInvoker.call(ProtobufRpcEngine.java:524) [hadoop-common-3.2.0.jar:?]
	at org.apache.hadoop.ipc.RPC$Server.call(RPC.java:1025) [hadoop-common-3.2.0.jar:?]
	at org.apache.hadoop.ipc.Server$RpcCall.run(Server.java:876) [hadoop-common-3.2.0.jar:?]
	at org.apache.hadoop.ipc.Server$RpcCall.run(Server.java:822) [hadoop-common-3.2.0.jar:?]
	at java.security.AccessController.doPrivileged(Native Method) [?:1.8.0_212]
	at javax.security.auth.Subject.doAs(Subject.java:422) [?:1.8.0_212]
	at org.apache.hadoop.security.UserGroupInformation.doAs(UserGroupInformation.java:1730) [hadoop-common-3.2.0.jar:?]
	at org.apache.hadoop.ipc.Server$Handler.run(Server.java:2682) [hadoop-common-3.2.0.jar:?]
2019-09-25 07:18:39,300 [grpc-default-executor-1] INFO  impl.RaftServerProxy (RaftServerProxy.java:addNew(89)) - 4caa13bb-8f1a-47d8-8391-c914f782f260: addNew group-B92BEAE62C33:[4caa13bb-8f1a-47d8-8391-c914f782f260:192.168.151.106:33218] returns group-B92BEAE62C33:java.util.concurrent.CompletableFuture@34fb842e[Not completed]
2019-09-25 07:18:39,304 [pool-67-thread-1] INFO  impl.RaftServerImpl (RaftServerImpl.java:<init>(95)) - 4caa13bb-8f1a-47d8-8391-c914f782f260: new RaftServerImpl for group-B92BEAE62C33:[4caa13bb-8f1a-47d8-8391-c914f782f260:192.168.151.106:33218] with ContainerStateMachine:uninitialized
2019-09-25 07:18:39,304 [pool-67-thread-1] INFO  server.RaftServerConfigKeys (ConfUtils.java:logGet(43)) - raft.server.rpc.timeout.min = 5s (custom)
2019-09-25 07:18:39,304 [pool-67-thread-1] INFO  server.RaftServerConfigKeys (ConfUtils.java:logGet(43)) - raft.server.rpc.timeout.max = 5200ms (custom)
2019-09-25 07:18:39,304 [pool-67-thread-1] INFO  server.RaftServerConfigKeys (ConfUtils.java:logGet(43)) - raft.server.rpcslowness.timeout = 120s (custom)
2019-09-25 07:18:39,304 [pool-67-thread-1] INFO  server.RaftServerConfigKeys (ConfUtils.java:logGet(43)) - raft.server.sleep.deviation.threshold = 300 (default)
2019-09-25 07:18:39,304 [pool-67-thread-1] INFO  server.RaftServerConfigKeys (ConfUtils.java:logGet(43)) - raft.server.log.appender.install.snapshot.enabled = false (custom)
2019-09-25 07:18:39,305 [pool-67-thread-1] INFO  impl.RaftServerImpl (ServerState.java:<init>(103)) - 4caa13bb-8f1a-47d8-8391-c914f782f260@group-B92BEAE62C33: ConfigurationManager, init=-1: [4caa13bb-8f1a-47d8-8391-c914f782f260:192.168.151.106:33218], old=null, confs=<EMPTY_MAP>
2019-09-25 07:18:39,305 [pool-67-thread-1] INFO  server.RaftServerConfigKeys (ConfUtils.java:logGet(43)) - raft.server.storage.dir = [/workdir/hadoop-ozone/ozonefs/target/test-dir/MiniOzoneClusterImpl-e470f84b-f6c0-4e80-b6df-353379932a43/datanode-4/data/ratis] (custom)
2019-09-25 07:18:39,305 [pool-67-thread-1] INFO  storage.RaftStorageDirectory (RaftStorageDirectory.java:analyzeStorage(246)) - The storage directory /workdir/hadoop-ozone/ozonefs/target/test-dir/MiniOzoneClusterImpl-e470f84b-f6c0-4e80-b6df-353379932a43/datanode-4/data/ratis/f4373851-2cad-461b-a749-b92beae62c33 does not exist. Creating ...
2019-09-25 07:18:39,318 [pool-67-thread-1] INFO  storage.RaftStorageDirectory (RaftStorageDirectory.java:tryLock(328)) - Lock on /workdir/hadoop-ozone/ozonefs/target/test-dir/MiniOzoneClusterImpl-e470f84b-f6c0-4e80-b6df-353379932a43/datanode-4/data/ratis/f4373851-2cad-461b-a749-b92beae62c33/in_use.lock acquired by nodename 29106@pr-hdds-1569-x2sr2-3486766547
2019-09-25 07:18:39,333 [pool-67-thread-1] INFO  storage.RaftStorage (RaftStorage.java:format(72)) - Storage directory /workdir/hadoop-ozone/ozonefs/target/test-dir/MiniOzoneClusterImpl-e470f84b-f6c0-4e80-b6df-353379932a43/datanode-4/data/ratis/f4373851-2cad-461b-a749-b92beae62c33 has been successfully formatted.
2019-09-25 07:18:39,334 [pool-67-thread-1] INFO  ratis.ContainerStateMachine (ContainerStateMachine.java:loadSnapshot(230)) - group-B92BEAE62C33: The snapshot info is null. Setting the last applied indexto:(t:0, i:~)
2019-09-25 07:18:39,334 [pool-67-thread-1] INFO  server.RaftServerConfigKeys (ConfUtils.java:logGet(43)) - raft.server.notification.no-leader.timeout = 120s (custom)
2019-09-25 07:18:39,334 [pool-67-thread-1] INFO  server.RaftServerConfigKeys (ConfUtils.java:logGet(43)) - raft.server.log.use.memory = false (default)
2019-09-25 07:18:39,334 [pool-67-thread-1] INFO  server.RaftServerConfigKeys (ConfUtils.java:logGet(43)) - raft.server.log.purge.gap = 1000000 (custom)
2019-09-25 07:18:39,334 [pool-67-thread-1] INFO  server.RaftServerConfigKeys (ConfUtils.java:logGet(43)) - raft.server.log.appender.buffer.byte-limit = 33554432 (custom)
2019-09-25 07:18:39,334 [pool-67-thread-1] INFO  server.RaftServerConfigKeys (ConfUtils.java:logGet(43)) - raft.server.log.segment.size.max = 1048576 (custom)
2019-09-25 07:18:39,335 [pool-67-thread-1] INFO  server.RaftServerConfigKeys (ConfUtils.java:logGet(43)) - raft.server.log.segment.cache.num.max = 2 (custom)
2019-09-25 07:18:39,335 [pool-67-thread-1] INFO  segmented.SegmentedRaftLogWorker (SegmentedRaftLogWorker.java:<init>(172)) - new 4caa13bb-8f1a-47d8-8391-c914f782f260@group-B92BEAE62C33-SegmentedRaftLogWorker for RaftStorage:Storage Directory /workdir/hadoop-ozone/ozonefs/target/test-dir/MiniOzoneClusterImpl-e470f84b-f6c0-4e80-b6df-353379932a43/datanode-4/data/ratis/f4373851-2cad-461b-a749-b92beae62c33
2019-09-25 07:18:39,335 [pool-67-thread-1] INFO  server.RaftServerConfigKeys (ConfUtils.java:logGet(43)) - raft.server.log.queue.byte-limit = 2147483647 (custom)
2019-09-25 07:18:39,335 [pool-67-thread-1] INFO  server.RaftServerConfigKeys (ConfUtils.java:logGet(43)) - raft.server.log.queue.element-limit = 1024 (custom)
2019-09-25 07:18:39,335 [pool-67-thread-1] INFO  server.RaftServerConfigKeys (ConfUtils.java:logGet(43)) - raft.server.log.segment.size.max = 1048576 (custom)
2019-09-25 07:18:39,335 [pool-67-thread-1] INFO  server.RaftServerConfigKeys (ConfUtils.java:logGet(43)) - raft.server.log.preallocated.size = 16384 (custom)
2019-09-25 07:18:39,336 [pool-67-thread-1] INFO  server.RaftServerConfigKeys (ConfUtils.java:logGet(43)) - raft.server.log.write.buffer.size = 33554432 (custom)
2019-09-25 07:18:39,336 [pool-67-thread-1] INFO  server.RaftServerConfigKeys (ConfUtils.java:logGet(43)) - raft.server.log.force.sync.num = 128 (default)
2019-09-25 07:18:39,336 [pool-67-thread-1] INFO  server.RaftServerConfigKeys (ConfUtils.java:logGet(43)) - raft.server.log.statemachine.data.sync = true (default)
2019-09-25 07:18:39,336 [pool-67-thread-1] INFO  server.RaftServerConfigKeys (ConfUtils.java:logGet(43)) - raft.server.log.statemachine.data.sync.timeout = 10s (default)
2019-09-25 07:18:39,336 [pool-67-thread-1] INFO  server.RaftServerConfigKeys (ConfUtils.java:logGet(43)) - raft.server.log.statemachine.data.sync.timeout.retry = -1 (default)
2019-09-25 07:18:39,336 [pool-67-thread-1] INFO  server.RaftServerConfigKeys (ConfUtils.java:logGet(43)) - raft.server.log.statemachine.data.caching.enabled = true (custom)
2019-09-25 07:18:39,337 [pool-67-thread-1] INFO  segmented.SegmentedRaftLogWorker (SegmentedRaftLogWorker.java:lambda$new$0(132)) - 4caa13bb-8f1a-47d8-8391-c914f782f260@group-B92BEAE62C33-SegmentedRaftLogWorker: flushIndex: setUnconditionally 0 -> -1
2019-09-25 07:18:39,337 [pool-67-thread-1] INFO  server.RaftServerConfigKeys (ConfUtils.java:logGet(43)) - raft.server.snapshot.auto.trigger.enabled = true (custom)
2019-09-25 07:18:39,337 [pool-67-thread-1] INFO  server.RaftServerConfigKeys (ConfUtils.java:logGet(43)) - raft.server.snapshot.auto.trigger.threshold = 10000 (custom)
2019-09-25 07:18:39,337 [pool-67-thread-1] INFO  server.RaftServerConfigKeys (ConfUtils.java:logGet(43)) - raft.server.snapshot.retention.num.files = 5 (custom)
2019-09-25 07:18:39,338 [pool-67-thread-1] INFO  server.RaftServerConfigKeys (ConfUtils.java:logGet(43)) - raft.server.retrycache.expirytime = 600000ms (custom)
2019-09-25 07:18:39,340 [pool-67-thread-1] INFO  impl.RaftServerImpl (RaftServerImpl.java:start(185)) - 4caa13bb-8f1a-47d8-8391-c914f782f260@group-B92BEAE62C33: start as a follower, conf=-1: [4caa13bb-8f1a-47d8-8391-c914f782f260:192.168.151.106:33218], old=null
2019-09-25 07:18:39,340 [pool-67-thread-1] INFO  impl.RaftServerImpl (RaftServerImpl.java:setRole(174)) - 4caa13bb-8f1a-47d8-8391-c914f782f260@group-B92BEAE62C33: changes role from      null to FOLLOWER at term 0 for startAsFollower
2019-09-25 07:18:39,340 [pool-67-thread-1] INFO  impl.RoleInfo (RoleInfo.java:updateAndGet(143)) - 4caa13bb-8f1a-47d8-8391-c914f782f260: start FollowerState
2019-09-25 07:18:39,341 [pool-67-thread-1] INFO  util.JmxRegister (JmxRegister.java:tryRegister(44)) - Successfully registered JMX Bean with object name Ratis:service=RaftServer,group=group-B92BEAE62C33,id=4caa13bb-8f1a-47d8-8391-c914f782f260
2019-09-25 07:18:39,346 [RatisPipelineUtilsThread] INFO  pipeline.PipelineStateManager (PipelineStateManager.java:addPipeline(56)) - Created pipeline Pipeline[ Id: f4373851-2cad-461b-a749-b92beae62c33, Nodes: 4caa13bb-8f1a-47d8-8391-c914f782f260{ip: 192.168.151.106, host: pr-hdds-1569-x2sr2-3486766547, networkLocation: /default-rack, certSerialId: null}, Type:RATIS, Factor:ONE, State:OPEN]
2019-09-25 07:18:39,347 [RatisPipelineUtilsThread] INFO  pipeline.PipelinePlacementPolicy (PipelinePlacementPolicy.java:meetCriteria(91)) - Pipeline Placement: can't place more pipeline on heavy datanode： eed0ea2a-d4e1-462d-acdf-3429f0a6e9fe Heaviness: 6 limit: 5
2019-09-25 07:18:39,347 [RatisPipelineUtilsThread] INFO  pipeline.PipelinePlacementPolicy (PipelinePlacementPolicy.java:meetCriteria(91)) - Pipeline Placement: can't place more pipeline on heavy datanode： bd44bfbc-c212-4f8d-9cd2-0f97b4d8abf5 Heaviness: 6 limit: 5
2019-09-25 07:18:39,357 [grpc-default-executor-1] INFO  impl.RaftServerProxy (RaftServerProxy.java:addNew(89)) - aebfb692-7b6b-4657-85e2-3d5c30e62964: addNew group-9DEC8C53097E:[aebfb692-7b6b-4657-85e2-3d5c30e62964:192.168.151.106:46869] returns group-9DEC8C53097E:java.util.concurrent.CompletableFuture@2d2aaf5c[Not completed]
2019-09-25 07:18:39,359 [pool-47-thread-1] INFO  impl.RaftServerImpl (RaftServerImpl.java:<init>(95)) - aebfb692-7b6b-4657-85e2-3d5c30e62964: new RaftServerImpl for group-9DEC8C53097E:[aebfb692-7b6b-4657-85e2-3d5c30e62964:192.168.151.106:46869] with ContainerStateMachine:uninitialized
2019-09-25 07:18:39,360 [pool-47-thread-1] INFO  server.RaftServerConfigKeys (ConfUtils.java:logGet(43)) - raft.server.rpc.timeout.min = 5s (custom)
2019-09-25 07:18:39,360 [pool-47-thread-1] INFO  server.RaftServerConfigKeys (ConfUtils.java:logGet(43)) - raft.server.rpc.timeout.max = 5200ms (custom)
2019-09-25 07:18:39,360 [pool-47-thread-1] INFO  server.RaftServerConfigKeys (ConfUtils.java:logGet(43)) - raft.server.rpcslowness.timeout = 120s (custom)
2019-09-25 07:18:39,360 [pool-47-thread-1] INFO  server.RaftServerConfigKeys (ConfUtils.java:logGet(43)) - raft.server.sleep.deviation.threshold = 300 (default)
2019-09-25 07:18:39,360 [pool-47-thread-1] INFO  server.RaftServerConfigKeys (ConfUtils.java:logGet(43)) - raft.server.log.appender.install.snapshot.enabled = false (custom)
2019-09-25 07:18:39,360 [pool-47-thread-1] INFO  impl.RaftServerImpl (ServerState.java:<init>(103)) - aebfb692-7b6b-4657-85e2-3d5c30e62964@group-9DEC8C53097E: ConfigurationManager, init=-1: [aebfb692-7b6b-4657-85e2-3d5c30e62964:192.168.151.106:46869], old=null, confs=<EMPTY_MAP>
2019-09-25 07:18:39,361 [pool-47-thread-1] INFO  server.RaftServerConfigKeys (ConfUtils.java:logGet(43)) - raft.server.storage.dir = [/workdir/hadoop-ozone/ozonefs/target/test-dir/MiniOzoneClusterImpl-e470f84b-f6c0-4e80-b6df-353379932a43/datanode-2/data/ratis] (custom)
2019-09-25 07:18:39,361 [pool-47-thread-1] INFO  storage.RaftStorageDirectory (RaftStorageDirectory.java:analyzeStorage(246)) - The storage directory /workdir/hadoop-ozone/ozonefs/target/test-dir/MiniOzoneClusterImpl-e470f84b-f6c0-4e80-b6df-353379932a43/datanode-2/data/ratis/51a2fede-b61a-488b-a61a-9dec8c53097e does not exist. Creating ...
2019-09-25 07:18:39,374 [pool-47-thread-1] INFO  storage.RaftStorageDirectory (RaftStorageDirectory.java:tryLock(328)) - Lock on /workdir/hadoop-ozone/ozonefs/target/test-dir/MiniOzoneClusterImpl-e470f84b-f6c0-4e80-b6df-353379932a43/datanode-2/data/ratis/51a2fede-b61a-488b-a61a-9dec8c53097e/in_use.lock acquired by nodename 29106@pr-hdds-1569-x2sr2-3486766547
2019-09-25 07:18:39,405 [pool-47-thread-1] INFO  storage.RaftStorage (RaftStorage.java:format(72)) - Storage directory /workdir/hadoop-ozone/ozonefs/target/test-dir/MiniOzoneClusterImpl-e470f84b-f6c0-4e80-b6df-353379932a43/datanode-2/data/ratis/51a2fede-b61a-488b-a61a-9dec8c53097e has been successfully formatted.
2019-09-25 07:18:39,405 [pool-47-thread-1] INFO  ratis.ContainerStateMachine (ContainerStateMachine.java:loadSnapshot(230)) - group-9DEC8C53097E: The snapshot info is null. Setting the last applied indexto:(t:0, i:~)
2019-09-25 07:18:39,405 [pool-47-thread-1] INFO  server.RaftServerConfigKeys (ConfUtils.java:logGet(43)) - raft.server.notification.no-leader.timeout = 120s (custom)
2019-09-25 07:18:39,405 [pool-47-thread-1] INFO  server.RaftServerConfigKeys (ConfUtils.java:logGet(43)) - raft.server.log.use.memory = false (default)
2019-09-25 07:18:39,406 [pool-47-thread-1] INFO  server.RaftServerConfigKeys (ConfUtils.java:logGet(43)) - raft.server.log.purge.gap = 1000000 (custom)
2019-09-25 07:18:39,406 [pool-47-thread-1] INFO  server.RaftServerConfigKeys (ConfUtils.java:logGet(43)) - raft.server.log.appender.buffer.byte-limit = 33554432 (custom)
2019-09-25 07:18:39,406 [pool-47-thread-1] INFO  server.RaftServerConfigKeys (ConfUtils.java:logGet(43)) - raft.server.log.segment.size.max = 1048576 (custom)
2019-09-25 07:18:39,406 [pool-47-thread-1] INFO  server.RaftServerConfigKeys (ConfUtils.java:logGet(43)) - raft.server.log.segment.cache.num.max = 2 (custom)
2019-09-25 07:18:39,406 [pool-47-thread-1] INFO  segmented.SegmentedRaftLogWorker (SegmentedRaftLogWorker.java:<init>(172)) - new aebfb692-7b6b-4657-85e2-3d5c30e62964@group-9DEC8C53097E-SegmentedRaftLogWorker for RaftStorage:Storage Directory /workdir/hadoop-ozone/ozonefs/target/test-dir/MiniOzoneClusterImpl-e470f84b-f6c0-4e80-b6df-353379932a43/datanode-2/data/ratis/51a2fede-b61a-488b-a61a-9dec8c53097e
2019-09-25 07:18:39,406 [pool-47-thread-1] INFO  server.RaftServerConfigKeys (ConfUtils.java:logGet(43)) - raft.server.log.queue.byte-limit = 2147483647 (custom)
2019-09-25 07:18:39,406 [pool-47-thread-1] INFO  server.RaftServerConfigKeys (ConfUtils.java:logGet(43)) - raft.server.log.queue.element-limit = 1024 (custom)
2019-09-25 07:18:39,406 [pool-47-thread-1] INFO  server.RaftServerConfigKeys (ConfUtils.java:logGet(43)) - raft.server.log.segment.size.max = 1048576 (custom)
2019-09-25 07:18:39,407 [pool-47-thread-1] INFO  server.RaftServerConfigKeys (ConfUtils.java:logGet(43)) - raft.server.log.preallocated.size = 16384 (custom)
2019-09-25 07:18:39,407 [pool-47-thread-1] INFO  server.RaftServerConfigKeys (ConfUtils.java:logGet(43)) - raft.server.log.write.buffer.size = 33554432 (custom)
2019-09-25 07:18:39,407 [pool-47-thread-1] INFO  server.RaftServerConfigKeys (ConfUtils.java:logGet(43)) - raft.server.log.force.sync.num = 128 (default)
2019-09-25 07:18:39,407 [pool-47-thread-1] INFO  server.RaftServerConfigKeys (ConfUtils.java:logGet(43)) - raft.server.log.statemachine.data.sync = true (default)
2019-09-25 07:18:39,407 [pool-47-thread-1] INFO  server.RaftServerConfigKeys (ConfUtils.java:logGet(43)) - raft.server.log.statemachine.data.sync.timeout = 10s (default)
2019-09-25 07:18:39,407 [pool-47-thread-1] INFO  server.RaftServerConfigKeys (ConfUtils.java:logGet(43)) - raft.server.log.statemachine.data.sync.timeout.retry = -1 (default)
2019-09-25 07:18:39,407 [pool-47-thread-1] INFO  server.RaftServerConfigKeys (ConfUtils.java:logGet(43)) - raft.server.log.statemachine.data.caching.enabled = true (custom)
2019-09-25 07:18:39,408 [pool-47-thread-1] INFO  segmented.SegmentedRaftLogWorker (SegmentedRaftLogWorker.java:lambda$new$0(132)) - aebfb692-7b6b-4657-85e2-3d5c30e62964@group-9DEC8C53097E-SegmentedRaftLogWorker: flushIndex: setUnconditionally 0 -> -1
2019-09-25 07:18:39,408 [pool-47-thread-1] INFO  server.RaftServerConfigKeys (ConfUtils.java:logGet(43)) - raft.server.snapshot.auto.trigger.enabled = true (custom)
2019-09-25 07:18:39,408 [pool-47-thread-1] INFO  server.RaftServerConfigKeys (ConfUtils.java:logGet(43)) - raft.server.snapshot.auto.trigger.threshold = 10000 (custom)
2019-09-25 07:18:39,408 [pool-47-thread-1] INFO  server.RaftServerConfigKeys (ConfUtils.java:logGet(43)) - raft.server.snapshot.retention.num.files = 5 (custom)
2019-09-25 07:18:39,408 [pool-47-thread-1] INFO  server.RaftServerConfigKeys (ConfUtils.java:logGet(43)) - raft.server.retrycache.expirytime = 600000ms (custom)
2019-09-25 07:18:39,410 [pool-47-thread-1] INFO  impl.RaftServerImpl (RaftServerImpl.java:start(185)) - aebfb692-7b6b-4657-85e2-3d5c30e62964@group-9DEC8C53097E: start as a follower, conf=-1: [aebfb692-7b6b-4657-85e2-3d5c30e62964:192.168.151.106:46869], old=null
2019-09-25 07:18:39,411 [pool-47-thread-1] INFO  impl.RaftServerImpl (RaftServerImpl.java:setRole(174)) - aebfb692-7b6b-4657-85e2-3d5c30e62964@group-9DEC8C53097E: changes role from      null to FOLLOWER at term 0 for startAsFollower
2019-09-25 07:18:39,411 [pool-47-thread-1] INFO  impl.RoleInfo (RoleInfo.java:updateAndGet(143)) - aebfb692-7b6b-4657-85e2-3d5c30e62964: start FollowerState
2019-09-25 07:18:39,411 [pool-47-thread-1] INFO  util.JmxRegister (JmxRegister.java:tryRegister(44)) - Successfully registered JMX Bean with object name Ratis:service=RaftServer,group=group-9DEC8C53097E,id=aebfb692-7b6b-4657-85e2-3d5c30e62964
2019-09-25 07:18:39,416 [RatisPipelineUtilsThread] INFO  pipeline.PipelineStateManager (PipelineStateManager.java:addPipeline(56)) - Created pipeline Pipeline[ Id: 51a2fede-b61a-488b-a61a-9dec8c53097e, Nodes: aebfb692-7b6b-4657-85e2-3d5c30e62964{ip: 192.168.151.106, host: pr-hdds-1569-x2sr2-3486766547, networkLocation: /default-rack, certSerialId: null}, Type:RATIS, Factor:ONE, State:OPEN]
2019-09-25 07:18:39,416 [RatisPipelineUtilsThread] INFO  pipeline.PipelinePlacementPolicy (PipelinePlacementPolicy.java:meetCriteria(91)) - Pipeline Placement: can't place more pipeline on heavy datanode： eed0ea2a-d4e1-462d-acdf-3429f0a6e9fe Heaviness: 6 limit: 5
2019-09-25 07:18:39,417 [RatisPipelineUtilsThread] INFO  pipeline.PipelinePlacementPolicy (PipelinePlacementPolicy.java:meetCriteria(91)) - Pipeline Placement: can't place more pipeline on heavy datanode： bd44bfbc-c212-4f8d-9cd2-0f97b4d8abf5 Heaviness: 6 limit: 5
2019-09-25 07:18:39,426 [grpc-default-executor-1] INFO  impl.RaftServerProxy (RaftServerProxy.java:addNew(89)) - aebfb692-7b6b-4657-85e2-3d5c30e62964: addNew group-DEEF2E8807ED:[aebfb692-7b6b-4657-85e2-3d5c30e62964:192.168.151.106:46869] returns group-DEEF2E8807ED:java.util.concurrent.CompletableFuture@10f52ec[Not completed]
2019-09-25 07:18:39,427 [pool-47-thread-1] INFO  impl.RaftServerImpl (RaftServerImpl.java:<init>(95)) - aebfb692-7b6b-4657-85e2-3d5c30e62964: new RaftServerImpl for group-DEEF2E8807ED:[aebfb692-7b6b-4657-85e2-3d5c30e62964:192.168.151.106:46869] with ContainerStateMachine:uninitialized
2019-09-25 07:18:39,427 [pool-47-thread-1] INFO  server.RaftServerConfigKeys (ConfUtils.java:logGet(43)) - raft.server.rpc.timeout.min = 5s (custom)
2019-09-25 07:18:39,427 [pool-47-thread-1] INFO  server.RaftServerConfigKeys (ConfUtils.java:logGet(43)) - raft.server.rpc.timeout.max = 5200ms (custom)
2019-09-25 07:18:39,427 [pool-47-thread-1] INFO  server.RaftServerConfigKeys (ConfUtils.java:logGet(43)) - raft.server.rpcslowness.timeout = 120s (custom)
2019-09-25 07:18:39,427 [pool-47-thread-1] INFO  server.RaftServerConfigKeys (ConfUtils.java:logGet(43)) - raft.server.sleep.deviation.threshold = 300 (default)
2019-09-25 07:18:39,427 [pool-47-thread-1] INFO  server.RaftServerConfigKeys (ConfUtils.java:logGet(43)) - raft.server.log.appender.install.snapshot.enabled = false (custom)
2019-09-25 07:18:39,427 [pool-47-thread-1] INFO  impl.RaftServerImpl (ServerState.java:<init>(103)) - aebfb692-7b6b-4657-85e2-3d5c30e62964@group-DEEF2E8807ED: ConfigurationManager, init=-1: [aebfb692-7b6b-4657-85e2-3d5c30e62964:192.168.151.106:46869], old=null, confs=<EMPTY_MAP>
2019-09-25 07:18:39,428 [pool-47-thread-1] INFO  server.RaftServerConfigKeys (ConfUtils.java:logGet(43)) - raft.server.storage.dir = [/workdir/hadoop-ozone/ozonefs/target/test-dir/MiniOzoneClusterImpl-e470f84b-f6c0-4e80-b6df-353379932a43/datanode-2/data/ratis] (custom)
2019-09-25 07:18:39,428 [pool-47-thread-1] INFO  storage.RaftStorageDirectory (RaftStorageDirectory.java:analyzeStorage(246)) - The storage directory /workdir/hadoop-ozone/ozonefs/target/test-dir/MiniOzoneClusterImpl-e470f84b-f6c0-4e80-b6df-353379932a43/datanode-2/data/ratis/8fc8e7c4-fdd1-486b-8c6c-deef2e8807ed does not exist. Creating ...
2019-09-25 07:18:39,441 [pool-47-thread-1] INFO  storage.RaftStorageDirectory (RaftStorageDirectory.java:tryLock(328)) - Lock on /workdir/hadoop-ozone/ozonefs/target/test-dir/MiniOzoneClusterImpl-e470f84b-f6c0-4e80-b6df-353379932a43/datanode-2/data/ratis/8fc8e7c4-fdd1-486b-8c6c-deef2e8807ed/in_use.lock acquired by nodename 29106@pr-hdds-1569-x2sr2-3486766547
2019-09-25 07:18:39,454 [pool-47-thread-1] INFO  storage.RaftStorage (RaftStorage.java:format(72)) - Storage directory /workdir/hadoop-ozone/ozonefs/target/test-dir/MiniOzoneClusterImpl-e470f84b-f6c0-4e80-b6df-353379932a43/datanode-2/data/ratis/8fc8e7c4-fdd1-486b-8c6c-deef2e8807ed has been successfully formatted.
2019-09-25 07:18:39,454 [pool-47-thread-1] INFO  ratis.ContainerStateMachine (ContainerStateMachine.java:loadSnapshot(230)) - group-DEEF2E8807ED: The snapshot info is null. Setting the last applied indexto:(t:0, i:~)
2019-09-25 07:18:39,454 [pool-47-thread-1] INFO  server.RaftServerConfigKeys (ConfUtils.java:logGet(43)) - raft.server.notification.no-leader.timeout = 120s (custom)
2019-09-25 07:18:39,454 [pool-47-thread-1] INFO  server.RaftServerConfigKeys (ConfUtils.java:logGet(43)) - raft.server.log.use.memory = false (default)
2019-09-25 07:18:39,454 [pool-47-thread-1] INFO  server.RaftServerConfigKeys (ConfUtils.java:logGet(43)) - raft.server.log.purge.gap = 1000000 (custom)
2019-09-25 07:18:39,455 [pool-47-thread-1] INFO  server.RaftServerConfigKeys (ConfUtils.java:logGet(43)) - raft.server.log.appender.buffer.byte-limit = 33554432 (custom)
2019-09-25 07:18:39,455 [pool-47-thread-1] INFO  server.RaftServerConfigKeys (ConfUtils.java:logGet(43)) - raft.server.log.segment.size.max = 1048576 (custom)
2019-09-25 07:18:39,455 [pool-47-thread-1] INFO  server.RaftServerConfigKeys (ConfUtils.java:logGet(43)) - raft.server.log.segment.cache.num.max = 2 (custom)
2019-09-25 07:18:39,455 [pool-47-thread-1] INFO  segmented.SegmentedRaftLogWorker (SegmentedRaftLogWorker.java:<init>(172)) - new aebfb692-7b6b-4657-85e2-3d5c30e62964@group-DEEF2E8807ED-SegmentedRaftLogWorker for RaftStorage:Storage Directory /workdir/hadoop-ozone/ozonefs/target/test-dir/MiniOzoneClusterImpl-e470f84b-f6c0-4e80-b6df-353379932a43/datanode-2/data/ratis/8fc8e7c4-fdd1-486b-8c6c-deef2e8807ed
2019-09-25 07:18:39,455 [pool-47-thread-1] INFO  server.RaftServerConfigKeys (ConfUtils.java:logGet(43)) - raft.server.log.queue.byte-limit = 2147483647 (custom)
2019-09-25 07:18:39,455 [pool-47-thread-1] INFO  server.RaftServerConfigKeys (ConfUtils.java:logGet(43)) - raft.server.log.queue.element-limit = 1024 (custom)
2019-09-25 07:18:39,455 [pool-47-thread-1] INFO  server.RaftServerConfigKeys (ConfUtils.java:logGet(43)) - raft.server.log.segment.size.max = 1048576 (custom)
2019-09-25 07:18:39,455 [pool-47-thread-1] INFO  server.RaftServerConfigKeys (ConfUtils.java:logGet(43)) - raft.server.log.preallocated.size = 16384 (custom)
2019-09-25 07:18:39,456 [pool-47-thread-1] INFO  server.RaftServerConfigKeys (ConfUtils.java:logGet(43)) - raft.server.log.write.buffer.size = 33554432 (custom)
2019-09-25 07:18:39,456 [pool-47-thread-1] INFO  server.RaftServerConfigKeys (ConfUtils.java:logGet(43)) - raft.server.log.force.sync.num = 128 (default)
2019-09-25 07:18:39,456 [pool-47-thread-1] INFO  server.RaftServerConfigKeys (ConfUtils.java:logGet(43)) - raft.server.log.statemachine.data.sync = true (default)
2019-09-25 07:18:39,456 [pool-47-thread-1] INFO  server.RaftServerConfigKeys (ConfUtils.java:logGet(43)) - raft.server.log.statemachine.data.sync.timeout = 10s (default)
2019-09-25 07:18:39,456 [pool-47-thread-1] INFO  server.RaftServerConfigKeys (ConfUtils.java:logGet(43)) - raft.server.log.statemachine.data.sync.timeout.retry = -1 (default)
2019-09-25 07:18:39,456 [pool-47-thread-1] INFO  server.RaftServerConfigKeys (ConfUtils.java:logGet(43)) - raft.server.log.statemachine.data.caching.enabled = true (custom)
2019-09-25 07:18:39,456 [pool-47-thread-1] INFO  segmented.SegmentedRaftLogWorker (SegmentedRaftLogWorker.java:lambda$new$0(132)) - aebfb692-7b6b-4657-85e2-3d5c30e62964@group-DEEF2E8807ED-SegmentedRaftLogWorker: flushIndex: setUnconditionally 0 -> -1
2019-09-25 07:18:39,457 [pool-47-thread-1] INFO  server.RaftServerConfigKeys (ConfUtils.java:logGet(43)) - raft.server.snapshot.auto.trigger.enabled = true (custom)
2019-09-25 07:18:39,457 [pool-47-thread-1] INFO  server.RaftServerConfigKeys (ConfUtils.java:logGet(43)) - raft.server.snapshot.auto.trigger.threshold = 10000 (custom)
2019-09-25 07:18:39,457 [pool-47-thread-1] INFO  server.RaftServerConfigKeys (ConfUtils.java:logGet(43)) - raft.server.snapshot.retention.num.files = 5 (custom)
2019-09-25 07:18:39,457 [pool-47-thread-1] INFO  server.RaftServerConfigKeys (ConfUtils.java:logGet(43)) - raft.server.retrycache.expirytime = 600000ms (custom)
2019-09-25 07:18:39,459 [pool-47-thread-1] INFO  impl.RaftServerImpl (RaftServerImpl.java:start(185)) - aebfb692-7b6b-4657-85e2-3d5c30e62964@group-DEEF2E8807ED: start as a follower, conf=-1: [aebfb692-7b6b-4657-85e2-3d5c30e62964:192.168.151.106:46869], old=null
2019-09-25 07:18:39,459 [pool-47-thread-1] INFO  impl.RaftServerImpl (RaftServerImpl.java:setRole(174)) - aebfb692-7b6b-4657-85e2-3d5c30e62964@group-DEEF2E8807ED: changes role from      null to FOLLOWER at term 0 for startAsFollower
2019-09-25 07:18:39,459 [pool-47-thread-1] INFO  impl.RoleInfo (RoleInfo.java:updateAndGet(143)) - aebfb692-7b6b-4657-85e2-3d5c30e62964: start FollowerState
2019-09-25 07:18:39,459 [pool-47-thread-1] INFO  util.JmxRegister (JmxRegister.java:tryRegister(44)) - Successfully registered JMX Bean with object name Ratis:service=RaftServer,group=group-DEEF2E8807ED,id=aebfb692-7b6b-4657-85e2-3d5c30e62964
2019-09-25 07:18:39,465 [RatisPipelineUtilsThread] INFO  pipeline.PipelineStateManager (PipelineStateManager.java:addPipeline(56)) - Created pipeline Pipeline[ Id: 8fc8e7c4-fdd1-486b-8c6c-deef2e8807ed, Nodes: aebfb692-7b6b-4657-85e2-3d5c30e62964{ip: 192.168.151.106, host: pr-hdds-1569-x2sr2-3486766547, networkLocation: /default-rack, certSerialId: null}, Type:RATIS, Factor:ONE, State:OPEN]
2019-09-25 07:18:39,465 [RatisPipelineUtilsThread] INFO  pipeline.PipelinePlacementPolicy (PipelinePlacementPolicy.java:meetCriteria(91)) - Pipeline Placement: can't place more pipeline on heavy datanode： eed0ea2a-d4e1-462d-acdf-3429f0a6e9fe Heaviness: 6 limit: 5
2019-09-25 07:18:39,465 [RatisPipelineUtilsThread] INFO  pipeline.PipelinePlacementPolicy (PipelinePlacementPolicy.java:meetCriteria(91)) - Pipeline Placement: can't place more pipeline on heavy datanode： aebfb692-7b6b-4657-85e2-3d5c30e62964 Heaviness: 6 limit: 5
2019-09-25 07:18:39,466 [RatisPipelineUtilsThread] INFO  pipeline.PipelinePlacementPolicy (PipelinePlacementPolicy.java:meetCriteria(91)) - Pipeline Placement: can't place more pipeline on heavy datanode： bd44bfbc-c212-4f8d-9cd2-0f97b4d8abf5 Heaviness: 6 limit: 5
2019-09-25 07:18:39,474 [grpc-default-executor-1] INFO  impl.RaftServerProxy (RaftServerProxy.java:addNew(89)) - d11a7d59-14f4-4b98-9a44-84ea7ce7b770: addNew group-43EF8853DDE5:[d11a7d59-14f4-4b98-9a44-84ea7ce7b770:192.168.151.106:37832] returns group-43EF8853DDE5:java.util.concurrent.CompletableFuture@28fbdb7a[Not completed]
2019-09-25 07:18:39,476 [pool-57-thread-1] INFO  impl.RaftServerImpl (RaftServerImpl.java:<init>(95)) - d11a7d59-14f4-4b98-9a44-84ea7ce7b770: new RaftServerImpl for group-43EF8853DDE5:[d11a7d59-14f4-4b98-9a44-84ea7ce7b770:192.168.151.106:37832] with ContainerStateMachine:uninitialized
2019-09-25 07:18:39,476 [pool-57-thread-1] INFO  server.RaftServerConfigKeys (ConfUtils.java:logGet(43)) - raft.server.rpc.timeout.min = 5s (custom)
2019-09-25 07:18:39,477 [pool-57-thread-1] INFO  server.RaftServerConfigKeys (ConfUtils.java:logGet(43)) - raft.server.rpc.timeout.max = 5200ms (custom)
2019-09-25 07:18:39,477 [pool-57-thread-1] INFO  server.RaftServerConfigKeys (ConfUtils.java:logGet(43)) - raft.server.rpcslowness.timeout = 120s (custom)
2019-09-25 07:18:39,477 [pool-57-thread-1] INFO  server.RaftServerConfigKeys (ConfUtils.java:logGet(43)) - raft.server.sleep.deviation.threshold = 300 (default)
2019-09-25 07:18:39,477 [pool-57-thread-1] INFO  server.RaftServerConfigKeys (ConfUtils.java:logGet(43)) - raft.server.log.appender.install.snapshot.enabled = false (custom)
2019-09-25 07:18:39,477 [pool-57-thread-1] INFO  impl.RaftServerImpl (ServerState.java:<init>(103)) - d11a7d59-14f4-4b98-9a44-84ea7ce7b770@group-43EF8853DDE5: ConfigurationManager, init=-1: [d11a7d59-14f4-4b98-9a44-84ea7ce7b770:192.168.151.106:37832], old=null, confs=<EMPTY_MAP>
2019-09-25 07:18:39,477 [pool-57-thread-1] INFO  server.RaftServerConfigKeys (ConfUtils.java:logGet(43)) - raft.server.storage.dir = [/workdir/hadoop-ozone/ozonefs/target/test-dir/MiniOzoneClusterImpl-e470f84b-f6c0-4e80-b6df-353379932a43/datanode-3/data/ratis] (custom)
2019-09-25 07:18:39,478 [pool-57-thread-1] INFO  storage.RaftStorageDirectory (RaftStorageDirectory.java:analyzeStorage(246)) - The storage directory /workdir/hadoop-ozone/ozonefs/target/test-dir/MiniOzoneClusterImpl-e470f84b-f6c0-4e80-b6df-353379932a43/datanode-3/data/ratis/fb289cc7-b221-4722-a395-43ef8853dde5 does not exist. Creating ...
2019-09-25 07:18:39,491 [pool-57-thread-1] INFO  storage.RaftStorageDirectory (RaftStorageDirectory.java:tryLock(328)) - Lock on /workdir/hadoop-ozone/ozonefs/target/test-dir/MiniOzoneClusterImpl-e470f84b-f6c0-4e80-b6df-353379932a43/datanode-3/data/ratis/fb289cc7-b221-4722-a395-43ef8853dde5/in_use.lock acquired by nodename 29106@pr-hdds-1569-x2sr2-3486766547
2019-09-25 07:18:39,504 [pool-57-thread-1] INFO  storage.RaftStorage (RaftStorage.java:format(72)) - Storage directory /workdir/hadoop-ozone/ozonefs/target/test-dir/MiniOzoneClusterImpl-e470f84b-f6c0-4e80-b6df-353379932a43/datanode-3/data/ratis/fb289cc7-b221-4722-a395-43ef8853dde5 has been successfully formatted.
2019-09-25 07:18:39,506 [pool-57-thread-1] INFO  ratis.ContainerStateMachine (ContainerStateMachine.java:loadSnapshot(230)) - group-43EF8853DDE5: The snapshot info is null. Setting the last applied indexto:(t:0, i:~)
2019-09-25 07:18:39,506 [pool-57-thread-1] INFO  server.RaftServerConfigKeys (ConfUtils.java:logGet(43)) - raft.server.notification.no-leader.timeout = 120s (custom)
2019-09-25 07:18:39,506 [pool-57-thread-1] INFO  server.RaftServerConfigKeys (ConfUtils.java:logGet(43)) - raft.server.log.use.memory = false (default)
2019-09-25 07:18:39,506 [pool-57-thread-1] INFO  server.RaftServerConfigKeys (ConfUtils.java:logGet(43)) - raft.server.log.purge.gap = 1000000 (custom)
2019-09-25 07:18:39,506 [pool-57-thread-1] INFO  server.RaftServerConfigKeys (ConfUtils.java:logGet(43)) - raft.server.log.appender.buffer.byte-limit = 33554432 (custom)
2019-09-25 07:18:39,506 [pool-57-thread-1] INFO  server.RaftServerConfigKeys (ConfUtils.java:logGet(43)) - raft.server.log.segment.size.max = 1048576 (custom)
2019-09-25 07:18:39,506 [pool-57-thread-1] INFO  server.RaftServerConfigKeys (ConfUtils.java:logGet(43)) - raft.server.log.segment.cache.num.max = 2 (custom)
2019-09-25 07:18:39,506 [pool-57-thread-1] INFO  segmented.SegmentedRaftLogWorker (SegmentedRaftLogWorker.java:<init>(172)) - new d11a7d59-14f4-4b98-9a44-84ea7ce7b770@group-43EF8853DDE5-SegmentedRaftLogWorker for RaftStorage:Storage Directory /workdir/hadoop-ozone/ozonefs/target/test-dir/MiniOzoneClusterImpl-e470f84b-f6c0-4e80-b6df-353379932a43/datanode-3/data/ratis/fb289cc7-b221-4722-a395-43ef8853dde5
2019-09-25 07:18:39,507 [pool-57-thread-1] INFO  server.RaftServerConfigKeys (ConfUtils.java:logGet(43)) - raft.server.log.queue.byte-limit = 2147483647 (custom)
2019-09-25 07:18:39,507 [pool-57-thread-1] INFO  server.RaftServerConfigKeys (ConfUtils.java:logGet(43)) - raft.server.log.queue.element-limit = 1024 (custom)
2019-09-25 07:18:39,507 [pool-57-thread-1] INFO  server.RaftServerConfigKeys (ConfUtils.java:logGet(43)) - raft.server.log.segment.size.max = 1048576 (custom)
2019-09-25 07:18:39,507 [pool-57-thread-1] INFO  server.RaftServerConfigKeys (ConfUtils.java:logGet(43)) - raft.server.log.preallocated.size = 16384 (custom)
2019-09-25 07:18:39,507 [pool-57-thread-1] INFO  server.RaftServerConfigKeys (ConfUtils.java:logGet(43)) - raft.server.log.write.buffer.size = 33554432 (custom)
2019-09-25 07:18:39,507 [pool-57-thread-1] INFO  server.RaftServerConfigKeys (ConfUtils.java:logGet(43)) - raft.server.log.force.sync.num = 128 (default)
2019-09-25 07:18:39,507 [pool-57-thread-1] INFO  server.RaftServerConfigKeys (ConfUtils.java:logGet(43)) - raft.server.log.statemachine.data.sync = true (default)
2019-09-25 07:18:39,507 [pool-57-thread-1] INFO  server.RaftServerConfigKeys (ConfUtils.java:logGet(43)) - raft.server.log.statemachine.data.sync.timeout = 10s (default)
2019-09-25 07:18:39,508 [pool-57-thread-1] INFO  server.RaftServerConfigKeys (ConfUtils.java:logGet(43)) - raft.server.log.statemachine.data.sync.timeout.retry = -1 (default)
2019-09-25 07:18:39,508 [pool-57-thread-1] INFO  server.RaftServerConfigKeys (ConfUtils.java:logGet(43)) - raft.server.log.statemachine.data.caching.enabled = true (custom)
2019-09-25 07:18:39,508 [pool-57-thread-1] INFO  segmented.SegmentedRaftLogWorker (SegmentedRaftLogWorker.java:lambda$new$0(132)) - d11a7d59-14f4-4b98-9a44-84ea7ce7b770@group-43EF8853DDE5-SegmentedRaftLogWorker: flushIndex: setUnconditionally 0 -> -1
2019-09-25 07:18:39,508 [pool-57-thread-1] INFO  server.RaftServerConfigKeys (ConfUtils.java:logGet(43)) - raft.server.snapshot.auto.trigger.enabled = true (custom)
2019-09-25 07:18:39,509 [pool-57-thread-1] INFO  server.RaftServerConfigKeys (ConfUtils.java:logGet(43)) - raft.server.snapshot.auto.trigger.threshold = 10000 (custom)
2019-09-25 07:18:39,509 [pool-57-thread-1] INFO  server.RaftServerConfigKeys (ConfUtils.java:logGet(43)) - raft.server.snapshot.retention.num.files = 5 (custom)
2019-09-25 07:18:39,509 [pool-57-thread-1] INFO  server.RaftServerConfigKeys (ConfUtils.java:logGet(43)) - raft.server.retrycache.expirytime = 600000ms (custom)
2019-09-25 07:18:39,511 [pool-57-thread-1] INFO  impl.RaftServerImpl (RaftServerImpl.java:start(185)) - d11a7d59-14f4-4b98-9a44-84ea7ce7b770@group-43EF8853DDE5: start as a follower, conf=-1: [d11a7d59-14f4-4b98-9a44-84ea7ce7b770:192.168.151.106:37832], old=null
2019-09-25 07:18:39,511 [pool-57-thread-1] INFO  impl.RaftServerImpl (RaftServerImpl.java:setRole(174)) - d11a7d59-14f4-4b98-9a44-84ea7ce7b770@group-43EF8853DDE5: changes role from      null to FOLLOWER at term 0 for startAsFollower
2019-09-25 07:18:39,511 [pool-57-thread-1] INFO  impl.RoleInfo (RoleInfo.java:updateAndGet(143)) - d11a7d59-14f4-4b98-9a44-84ea7ce7b770: start FollowerState
2019-09-25 07:18:39,512 [pool-57-thread-1] INFO  util.JmxRegister (JmxRegister.java:tryRegister(44)) - Successfully registered JMX Bean with object name Ratis:service=RaftServer,group=group-43EF8853DDE5,id=d11a7d59-14f4-4b98-9a44-84ea7ce7b770
2019-09-25 07:18:39,515 [RatisPipelineUtilsThread] INFO  pipeline.PipelineStateManager (PipelineStateManager.java:addPipeline(56)) - Created pipeline Pipeline[ Id: fb289cc7-b221-4722-a395-43ef8853dde5, Nodes: d11a7d59-14f4-4b98-9a44-84ea7ce7b770{ip: 192.168.151.106, host: pr-hdds-1569-x2sr2-3486766547, networkLocation: /default-rack, certSerialId: null}, Type:RATIS, Factor:ONE, State:OPEN]
2019-09-25 07:18:39,515 [RatisPipelineUtilsThread] INFO  pipeline.PipelinePlacementPolicy (PipelinePlacementPolicy.java:meetCriteria(91)) - Pipeline Placement: can't place more pipeline on heavy datanode： d11a7d59-14f4-4b98-9a44-84ea7ce7b770 Heaviness: 6 limit: 5
2019-09-25 07:18:39,516 [RatisPipelineUtilsThread] INFO  pipeline.PipelinePlacementPolicy (PipelinePlacementPolicy.java:meetCriteria(91)) - Pipeline Placement: can't place more pipeline on heavy datanode： eed0ea2a-d4e1-462d-acdf-3429f0a6e9fe Heaviness: 6 limit: 5
2019-09-25 07:18:39,516 [RatisPipelineUtilsThread] INFO  pipeline.PipelinePlacementPolicy (PipelinePlacementPolicy.java:meetCriteria(91)) - Pipeline Placement: can't place more pipeline on heavy datanode： aebfb692-7b6b-4657-85e2-3d5c30e62964 Heaviness: 6 limit: 5
2019-09-25 07:18:39,516 [RatisPipelineUtilsThread] INFO  pipeline.PipelinePlacementPolicy (PipelinePlacementPolicy.java:meetCriteria(91)) - Pipeline Placement: can't place more pipeline on heavy datanode： bd44bfbc-c212-4f8d-9cd2-0f97b4d8abf5 Heaviness: 6 limit: 5
2019-09-25 07:18:39,523 [grpc-default-executor-1] INFO  impl.RaftServerProxy (RaftServerProxy.java:addNew(89)) - 4caa13bb-8f1a-47d8-8391-c914f782f260: addNew group-A81ADE078A8A:[4caa13bb-8f1a-47d8-8391-c914f782f260:192.168.151.106:33218] returns group-A81ADE078A8A:java.util.concurrent.CompletableFuture@51af2d8a[Not completed]
2019-09-25 07:18:39,524 [pool-67-thread-1] INFO  impl.RaftServerImpl (RaftServerImpl.java:<init>(95)) - 4caa13bb-8f1a-47d8-8391-c914f782f260: new RaftServerImpl for group-A81ADE078A8A:[4caa13bb-8f1a-47d8-8391-c914f782f260:192.168.151.106:33218] with ContainerStateMachine:uninitialized
2019-09-25 07:18:39,525 [pool-67-thread-1] INFO  server.RaftServerConfigKeys (ConfUtils.java:logGet(43)) - raft.server.rpc.timeout.min = 5s (custom)
2019-09-25 07:18:39,525 [pool-67-thread-1] INFO  server.RaftServerConfigKeys (ConfUtils.java:logGet(43)) - raft.server.rpc.timeout.max = 5200ms (custom)
2019-09-25 07:18:39,525 [pool-67-thread-1] INFO  server.RaftServerConfigKeys (ConfUtils.java:logGet(43)) - raft.server.rpcslowness.timeout = 120s (custom)
2019-09-25 07:18:39,525 [pool-67-thread-1] INFO  server.RaftServerConfigKeys (ConfUtils.java:logGet(43)) - raft.server.sleep.deviation.threshold = 300 (default)
2019-09-25 07:18:39,525 [pool-67-thread-1] INFO  server.RaftServerConfigKeys (ConfUtils.java:logGet(43)) - raft.server.log.appender.install.snapshot.enabled = false (custom)
2019-09-25 07:18:39,526 [pool-67-thread-1] INFO  impl.RaftServerImpl (ServerState.java:<init>(103)) - 4caa13bb-8f1a-47d8-8391-c914f782f260@group-A81ADE078A8A: ConfigurationManager, init=-1: [4caa13bb-8f1a-47d8-8391-c914f782f260:192.168.151.106:33218], old=null, confs=<EMPTY_MAP>
2019-09-25 07:18:39,526 [pool-67-thread-1] INFO  server.RaftServerConfigKeys (ConfUtils.java:logGet(43)) - raft.server.storage.dir = [/workdir/hadoop-ozone/ozonefs/target/test-dir/MiniOzoneClusterImpl-e470f84b-f6c0-4e80-b6df-353379932a43/datanode-4/data/ratis] (custom)
2019-09-25 07:18:39,526 [pool-67-thread-1] INFO  storage.RaftStorageDirectory (RaftStorageDirectory.java:analyzeStorage(246)) - The storage directory /workdir/hadoop-ozone/ozonefs/target/test-dir/MiniOzoneClusterImpl-e470f84b-f6c0-4e80-b6df-353379932a43/datanode-4/data/ratis/6e1e5deb-bd20-40ba-ab18-a81ade078a8a does not exist. Creating ...
2019-09-25 07:18:39,539 [pool-67-thread-1] INFO  storage.RaftStorageDirectory (RaftStorageDirectory.java:tryLock(328)) - Lock on /workdir/hadoop-ozone/ozonefs/target/test-dir/MiniOzoneClusterImpl-e470f84b-f6c0-4e80-b6df-353379932a43/datanode-4/data/ratis/6e1e5deb-bd20-40ba-ab18-a81ade078a8a/in_use.lock acquired by nodename 29106@pr-hdds-1569-x2sr2-3486766547
2019-09-25 07:18:39,553 [pool-67-thread-1] INFO  storage.RaftStorage (RaftStorage.java:format(72)) - Storage directory /workdir/hadoop-ozone/ozonefs/target/test-dir/MiniOzoneClusterImpl-e470f84b-f6c0-4e80-b6df-353379932a43/datanode-4/data/ratis/6e1e5deb-bd20-40ba-ab18-a81ade078a8a has been successfully formatted.
2019-09-25 07:18:39,554 [pool-67-thread-1] INFO  ratis.ContainerStateMachine (ContainerStateMachine.java:loadSnapshot(230)) - group-A81ADE078A8A: The snapshot info is null. Setting the last applied indexto:(t:0, i:~)
2019-09-25 07:18:39,554 [pool-67-thread-1] INFO  server.RaftServerConfigKeys (ConfUtils.java:logGet(43)) - raft.server.notification.no-leader.timeout = 120s (custom)
2019-09-25 07:18:39,554 [pool-67-thread-1] INFO  server.RaftServerConfigKeys (ConfUtils.java:logGet(43)) - raft.server.log.use.memory = false (default)
2019-09-25 07:18:39,554 [pool-67-thread-1] INFO  server.RaftServerConfigKeys (ConfUtils.java:logGet(43)) - raft.server.log.purge.gap = 1000000 (custom)
2019-09-25 07:18:39,554 [pool-67-thread-1] INFO  server.RaftServerConfigKeys (ConfUtils.java:logGet(43)) - raft.server.log.appender.buffer.byte-limit = 33554432 (custom)
2019-09-25 07:18:39,555 [pool-67-thread-1] INFO  server.RaftServerConfigKeys (ConfUtils.java:logGet(43)) - raft.server.log.segment.size.max = 1048576 (custom)
2019-09-25 07:18:39,555 [pool-67-thread-1] INFO  server.RaftServerConfigKeys (ConfUtils.java:logGet(43)) - raft.server.log.segment.cache.num.max = 2 (custom)
2019-09-25 07:18:39,555 [pool-67-thread-1] INFO  segmented.SegmentedRaftLogWorker (SegmentedRaftLogWorker.java:<init>(172)) - new 4caa13bb-8f1a-47d8-8391-c914f782f260@group-A81ADE078A8A-SegmentedRaftLogWorker for RaftStorage:Storage Directory /workdir/hadoop-ozone/ozonefs/target/test-dir/MiniOzoneClusterImpl-e470f84b-f6c0-4e80-b6df-353379932a43/datanode-4/data/ratis/6e1e5deb-bd20-40ba-ab18-a81ade078a8a
2019-09-25 07:18:39,555 [pool-67-thread-1] INFO  server.RaftServerConfigKeys (ConfUtils.java:logGet(43)) - raft.server.log.queue.byte-limit = 2147483647 (custom)
2019-09-25 07:18:39,555 [pool-67-thread-1] INFO  server.RaftServerConfigKeys (ConfUtils.java:logGet(43)) - raft.server.log.queue.element-limit = 1024 (custom)
2019-09-25 07:18:39,556 [pool-67-thread-1] INFO  server.RaftServerConfigKeys (ConfUtils.java:logGet(43)) - raft.server.log.segment.size.max = 1048576 (custom)
2019-09-25 07:18:39,556 [pool-67-thread-1] INFO  server.RaftServerConfigKeys (ConfUtils.java:logGet(43)) - raft.server.log.preallocated.size = 16384 (custom)
2019-09-25 07:18:39,556 [pool-67-thread-1] INFO  server.RaftServerConfigKeys (ConfUtils.java:logGet(43)) - raft.server.log.write.buffer.size = 33554432 (custom)
2019-09-25 07:18:39,556 [pool-67-thread-1] INFO  server.RaftServerConfigKeys (ConfUtils.java:logGet(43)) - raft.server.log.force.sync.num = 128 (default)
2019-09-25 07:18:39,556 [pool-67-thread-1] INFO  server.RaftServerConfigKeys (ConfUtils.java:logGet(43)) - raft.server.log.statemachine.data.sync = true (default)
2019-09-25 07:18:39,556 [pool-67-thread-1] INFO  server.RaftServerConfigKeys (ConfUtils.java:logGet(43)) - raft.server.log.statemachine.data.sync.timeout = 10s (default)
2019-09-25 07:18:39,557 [pool-67-thread-1] INFO  server.RaftServerConfigKeys (ConfUtils.java:logGet(43)) - raft.server.log.statemachine.data.sync.timeout.retry = -1 (default)
2019-09-25 07:18:39,557 [pool-67-thread-1] INFO  server.RaftServerConfigKeys (ConfUtils.java:logGet(43)) - raft.server.log.statemachine.data.caching.enabled = true (custom)
2019-09-25 07:18:39,557 [pool-67-thread-1] INFO  segmented.SegmentedRaftLogWorker (SegmentedRaftLogWorker.java:lambda$new$0(132)) - 4caa13bb-8f1a-47d8-8391-c914f782f260@group-A81ADE078A8A-SegmentedRaftLogWorker: flushIndex: setUnconditionally 0 -> -1
2019-09-25 07:18:39,558 [pool-67-thread-1] INFO  server.RaftServerConfigKeys (ConfUtils.java:logGet(43)) - raft.server.snapshot.auto.trigger.enabled = true (custom)
2019-09-25 07:18:39,558 [pool-67-thread-1] INFO  server.RaftServerConfigKeys (ConfUtils.java:logGet(43)) - raft.server.snapshot.auto.trigger.threshold = 10000 (custom)
2019-09-25 07:18:39,558 [pool-67-thread-1] INFO  server.RaftServerConfigKeys (ConfUtils.java:logGet(43)) - raft.server.snapshot.retention.num.files = 5 (custom)
2019-09-25 07:18:39,558 [pool-67-thread-1] INFO  server.RaftServerConfigKeys (ConfUtils.java:logGet(43)) - raft.server.retrycache.expirytime = 600000ms (custom)
2019-09-25 07:18:39,561 [pool-67-thread-1] INFO  impl.RaftServerImpl (RaftServerImpl.java:start(185)) - 4caa13bb-8f1a-47d8-8391-c914f782f260@group-A81ADE078A8A: start as a follower, conf=-1: [4caa13bb-8f1a-47d8-8391-c914f782f260:192.168.151.106:33218], old=null
2019-09-25 07:18:39,561 [pool-67-thread-1] INFO  impl.RaftServerImpl (RaftServerImpl.java:setRole(174)) - 4caa13bb-8f1a-47d8-8391-c914f782f260@group-A81ADE078A8A: changes role from      null to FOLLOWER at term 0 for startAsFollower
2019-09-25 07:18:39,562 [pool-67-thread-1] INFO  impl.RoleInfo (RoleInfo.java:updateAndGet(143)) - 4caa13bb-8f1a-47d8-8391-c914f782f260: start FollowerState
2019-09-25 07:18:39,562 [pool-67-thread-1] INFO  util.JmxRegister (JmxRegister.java:tryRegister(44)) - Successfully registered JMX Bean with object name Ratis:service=RaftServer,group=group-A81ADE078A8A,id=4caa13bb-8f1a-47d8-8391-c914f782f260
2019-09-25 07:18:39,567 [RatisPipelineUtilsThread] INFO  pipeline.PipelineStateManager (PipelineStateManager.java:addPipeline(56)) - Created pipeline Pipeline[ Id: 6e1e5deb-bd20-40ba-ab18-a81ade078a8a, Nodes: 4caa13bb-8f1a-47d8-8391-c914f782f260{ip: 192.168.151.106, host: pr-hdds-1569-x2sr2-3486766547, networkLocation: /default-rack, certSerialId: null}, Type:RATIS, Factor:ONE, State:OPEN]
2019-09-25 07:18:39,567 [RatisPipelineUtilsThread] INFO  pipeline.PipelinePlacementPolicy (PipelinePlacementPolicy.java:meetCriteria(91)) - Pipeline Placement: can't place more pipeline on heavy datanode： d11a7d59-14f4-4b98-9a44-84ea7ce7b770 Heaviness: 6 limit: 5
2019-09-25 07:18:39,567 [RatisPipelineUtilsThread] INFO  pipeline.PipelinePlacementPolicy (PipelinePlacementPolicy.java:meetCriteria(91)) - Pipeline Placement: can't place more pipeline on heavy datanode： eed0ea2a-d4e1-462d-acdf-3429f0a6e9fe Heaviness: 6 limit: 5
2019-09-25 07:18:39,567 [RatisPipelineUtilsThread] INFO  pipeline.PipelinePlacementPolicy (PipelinePlacementPolicy.java:meetCriteria(91)) - Pipeline Placement: can't place more pipeline on heavy datanode： aebfb692-7b6b-4657-85e2-3d5c30e62964 Heaviness: 6 limit: 5
2019-09-25 07:18:39,567 [RatisPipelineUtilsThread] INFO  pipeline.PipelinePlacementPolicy (PipelinePlacementPolicy.java:meetCriteria(91)) - Pipeline Placement: can't place more pipeline on heavy datanode： bd44bfbc-c212-4f8d-9cd2-0f97b4d8abf5 Heaviness: 6 limit: 5
2019-09-25 07:18:39,575 [grpc-default-executor-1] INFO  impl.RaftServerProxy (RaftServerProxy.java:addNew(89)) - 4caa13bb-8f1a-47d8-8391-c914f782f260: addNew group-BCF8A733DDAA:[4caa13bb-8f1a-47d8-8391-c914f782f260:192.168.151.106:33218] returns group-BCF8A733DDAA:java.util.concurrent.CompletableFuture@69976903[Not completed]
2019-09-25 07:18:39,577 [pool-67-thread-1] INFO  impl.RaftServerImpl (RaftServerImpl.java:<init>(95)) - 4caa13bb-8f1a-47d8-8391-c914f782f260: new RaftServerImpl for group-BCF8A733DDAA:[4caa13bb-8f1a-47d8-8391-c914f782f260:192.168.151.106:33218] with ContainerStateMachine:uninitialized
2019-09-25 07:18:39,577 [pool-67-thread-1] INFO  server.RaftServerConfigKeys (ConfUtils.java:logGet(43)) - raft.server.rpc.timeout.min = 5s (custom)
2019-09-25 07:18:39,577 [pool-67-thread-1] INFO  server.RaftServerConfigKeys (ConfUtils.java:logGet(43)) - raft.server.rpc.timeout.max = 5200ms (custom)
2019-09-25 07:18:39,577 [pool-67-thread-1] INFO  server.RaftServerConfigKeys (ConfUtils.java:logGet(43)) - raft.server.rpcslowness.timeout = 120s (custom)
2019-09-25 07:18:39,577 [pool-67-thread-1] INFO  server.RaftServerConfigKeys (ConfUtils.java:logGet(43)) - raft.server.sleep.deviation.threshold = 300 (default)
2019-09-25 07:18:39,577 [pool-67-thread-1] INFO  server.RaftServerConfigKeys (ConfUtils.java:logGet(43)) - raft.server.log.appender.install.snapshot.enabled = false (custom)
2019-09-25 07:18:39,578 [pool-67-thread-1] INFO  impl.RaftServerImpl (ServerState.java:<init>(103)) - 4caa13bb-8f1a-47d8-8391-c914f782f260@group-BCF8A733DDAA: ConfigurationManager, init=-1: [4caa13bb-8f1a-47d8-8391-c914f782f260:192.168.151.106:33218], old=null, confs=<EMPTY_MAP>
2019-09-25 07:18:39,578 [pool-67-thread-1] INFO  server.RaftServerConfigKeys (ConfUtils.java:logGet(43)) - raft.server.storage.dir = [/workdir/hadoop-ozone/ozonefs/target/test-dir/MiniOzoneClusterImpl-e470f84b-f6c0-4e80-b6df-353379932a43/datanode-4/data/ratis] (custom)
2019-09-25 07:18:39,578 [pool-67-thread-1] INFO  storage.RaftStorageDirectory (RaftStorageDirectory.java:analyzeStorage(246)) - The storage directory /workdir/hadoop-ozone/ozonefs/target/test-dir/MiniOzoneClusterImpl-e470f84b-f6c0-4e80-b6df-353379932a43/datanode-4/data/ratis/7d56a505-6d85-4bdf-a03f-bcf8a733ddaa does not exist. Creating ...
2019-09-25 07:18:39,591 [pool-67-thread-1] INFO  storage.RaftStorageDirectory (RaftStorageDirectory.java:tryLock(328)) - Lock on /workdir/hadoop-ozone/ozonefs/target/test-dir/MiniOzoneClusterImpl-e470f84b-f6c0-4e80-b6df-353379932a43/datanode-4/data/ratis/7d56a505-6d85-4bdf-a03f-bcf8a733ddaa/in_use.lock acquired by nodename 29106@pr-hdds-1569-x2sr2-3486766547
2019-09-25 07:18:39,606 [pool-67-thread-1] INFO  storage.RaftStorage (RaftStorage.java:format(72)) - Storage directory /workdir/hadoop-ozone/ozonefs/target/test-dir/MiniOzoneClusterImpl-e470f84b-f6c0-4e80-b6df-353379932a43/datanode-4/data/ratis/7d56a505-6d85-4bdf-a03f-bcf8a733ddaa has been successfully formatted.
2019-09-25 07:18:39,607 [pool-67-thread-1] INFO  ratis.ContainerStateMachine (ContainerStateMachine.java:loadSnapshot(230)) - group-BCF8A733DDAA: The snapshot info is null. Setting the last applied indexto:(t:0, i:~)
2019-09-25 07:18:39,607 [pool-67-thread-1] INFO  server.RaftServerConfigKeys (ConfUtils.java:logGet(43)) - raft.server.notification.no-leader.timeout = 120s (custom)
2019-09-25 07:18:39,607 [pool-67-thread-1] INFO  server.RaftServerConfigKeys (ConfUtils.java:logGet(43)) - raft.server.log.use.memory = false (default)
2019-09-25 07:18:39,607 [pool-67-thread-1] INFO  server.RaftServerConfigKeys (ConfUtils.java:logGet(43)) - raft.server.log.purge.gap = 1000000 (custom)
2019-09-25 07:18:39,607 [pool-67-thread-1] INFO  server.RaftServerConfigKeys (ConfUtils.java:logGet(43)) - raft.server.log.appender.buffer.byte-limit = 33554432 (custom)
2019-09-25 07:18:39,608 [pool-67-thread-1] INFO  server.RaftServerConfigKeys (ConfUtils.java:logGet(43)) - raft.server.log.segment.size.max = 1048576 (custom)
2019-09-25 07:18:39,608 [pool-67-thread-1] INFO  server.RaftServerConfigKeys (ConfUtils.java:logGet(43)) - raft.server.log.segment.cache.num.max = 2 (custom)
2019-09-25 07:18:39,608 [pool-67-thread-1] INFO  segmented.SegmentedRaftLogWorker (SegmentedRaftLogWorker.java:<init>(172)) - new 4caa13bb-8f1a-47d8-8391-c914f782f260@group-BCF8A733DDAA-SegmentedRaftLogWorker for RaftStorage:Storage Directory /workdir/hadoop-ozone/ozonefs/target/test-dir/MiniOzoneClusterImpl-e470f84b-f6c0-4e80-b6df-353379932a43/datanode-4/data/ratis/7d56a505-6d85-4bdf-a03f-bcf8a733ddaa
2019-09-25 07:18:39,608 [pool-67-thread-1] INFO  server.RaftServerConfigKeys (ConfUtils.java:logGet(43)) - raft.server.log.queue.byte-limit = 2147483647 (custom)
2019-09-25 07:18:39,608 [pool-67-thread-1] INFO  server.RaftServerConfigKeys (ConfUtils.java:logGet(43)) - raft.server.log.queue.element-limit = 1024 (custom)
2019-09-25 07:18:39,608 [pool-67-thread-1] INFO  server.RaftServerConfigKeys (ConfUtils.java:logGet(43)) - raft.server.log.segment.size.max = 1048576 (custom)
2019-09-25 07:18:39,609 [pool-67-thread-1] INFO  server.RaftServerConfigKeys (ConfUtils.java:logGet(43)) - raft.server.log.preallocated.size = 16384 (custom)
2019-09-25 07:18:39,609 [pool-67-thread-1] INFO  server.RaftServerConfigKeys (ConfUtils.java:logGet(43)) - raft.server.log.write.buffer.size = 33554432 (custom)
2019-09-25 07:18:39,609 [pool-67-thread-1] INFO  server.RaftServerConfigKeys (ConfUtils.java:logGet(43)) - raft.server.log.force.sync.num = 128 (default)
2019-09-25 07:18:39,609 [pool-67-thread-1] INFO  server.RaftServerConfigKeys (ConfUtils.java:logGet(43)) - raft.server.log.statemachine.data.sync = true (default)
2019-09-25 07:18:39,609 [pool-67-thread-1] INFO  server.RaftServerConfigKeys (ConfUtils.java:logGet(43)) - raft.server.log.statemachine.data.sync.timeout = 10s (default)
2019-09-25 07:18:39,609 [pool-67-thread-1] INFO  server.RaftServerConfigKeys (ConfUtils.java:logGet(43)) - raft.server.log.statemachine.data.sync.timeout.retry = -1 (default)
2019-09-25 07:18:39,610 [pool-67-thread-1] INFO  server.RaftServerConfigKeys (ConfUtils.java:logGet(43)) - raft.server.log.statemachine.data.caching.enabled = true (custom)
2019-09-25 07:18:39,610 [pool-67-thread-1] INFO  segmented.SegmentedRaftLogWorker (SegmentedRaftLogWorker.java:lambda$new$0(132)) - 4caa13bb-8f1a-47d8-8391-c914f782f260@group-BCF8A733DDAA-SegmentedRaftLogWorker: flushIndex: setUnconditionally 0 -> -1
2019-09-25 07:18:39,610 [pool-67-thread-1] INFO  server.RaftServerConfigKeys (ConfUtils.java:logGet(43)) - raft.server.snapshot.auto.trigger.enabled = true (custom)
2019-09-25 07:18:39,611 [pool-67-thread-1] INFO  server.RaftServerConfigKeys (ConfUtils.java:logGet(43)) - raft.server.snapshot.auto.trigger.threshold = 10000 (custom)
2019-09-25 07:18:39,611 [pool-67-thread-1] INFO  server.RaftServerConfigKeys (ConfUtils.java:logGet(43)) - raft.server.snapshot.retention.num.files = 5 (custom)
2019-09-25 07:18:39,611 [pool-67-thread-1] INFO  server.RaftServerConfigKeys (ConfUtils.java:logGet(43)) - raft.server.retrycache.expirytime = 600000ms (custom)
2019-09-25 07:18:39,614 [pool-67-thread-1] INFO  impl.RaftServerImpl (RaftServerImpl.java:start(185)) - 4caa13bb-8f1a-47d8-8391-c914f782f260@group-BCF8A733DDAA: start as a follower, conf=-1: [4caa13bb-8f1a-47d8-8391-c914f782f260:192.168.151.106:33218], old=null
2019-09-25 07:18:39,614 [pool-67-thread-1] INFO  impl.RaftServerImpl (RaftServerImpl.java:setRole(174)) - 4caa13bb-8f1a-47d8-8391-c914f782f260@group-BCF8A733DDAA: changes role from      null to FOLLOWER at term 0 for startAsFollower
2019-09-25 07:18:39,614 [pool-67-thread-1] INFO  impl.RoleInfo (RoleInfo.java:updateAndGet(143)) - 4caa13bb-8f1a-47d8-8391-c914f782f260: start FollowerState
2019-09-25 07:18:39,615 [pool-67-thread-1] INFO  util.JmxRegister (JmxRegister.java:tryRegister(44)) - Successfully registered JMX Bean with object name Ratis:service=RaftServer,group=group-BCF8A733DDAA,id=4caa13bb-8f1a-47d8-8391-c914f782f260
2019-09-25 07:18:39,623 [RatisPipelineUtilsThread] INFO  pipeline.PipelineStateManager (PipelineStateManager.java:addPipeline(56)) - Created pipeline Pipeline[ Id: 7d56a505-6d85-4bdf-a03f-bcf8a733ddaa, Nodes: 4caa13bb-8f1a-47d8-8391-c914f782f260{ip: 192.168.151.106, host: pr-hdds-1569-x2sr2-3486766547, networkLocation: /default-rack, certSerialId: null}, Type:RATIS, Factor:ONE, State:OPEN]
2019-09-25 07:18:39,624 [RatisPipelineUtilsThread] INFO  pipeline.PipelinePlacementPolicy (PipelinePlacementPolicy.java:meetCriteria(91)) - Pipeline Placement: can't place more pipeline on heavy datanode： d11a7d59-14f4-4b98-9a44-84ea7ce7b770 Heaviness: 6 limit: 5
2019-09-25 07:18:39,624 [RatisPipelineUtilsThread] INFO  pipeline.PipelinePlacementPolicy (PipelinePlacementPolicy.java:meetCriteria(91)) - Pipeline Placement: can't place more pipeline on heavy datanode： eed0ea2a-d4e1-462d-acdf-3429f0a6e9fe Heaviness: 6 limit: 5
2019-09-25 07:18:39,624 [RatisPipelineUtilsThread] INFO  pipeline.PipelinePlacementPolicy (PipelinePlacementPolicy.java:meetCriteria(91)) - Pipeline Placement: can't place more pipeline on heavy datanode： aebfb692-7b6b-4657-85e2-3d5c30e62964 Heaviness: 6 limit: 5
2019-09-25 07:18:39,624 [RatisPipelineUtilsThread] INFO  pipeline.PipelinePlacementPolicy (PipelinePlacementPolicy.java:meetCriteria(91)) - Pipeline Placement: can't place more pipeline on heavy datanode： bd44bfbc-c212-4f8d-9cd2-0f97b4d8abf5 Heaviness: 6 limit: 5
2019-09-25 07:18:39,631 [grpc-default-executor-1] INFO  impl.RaftServerProxy (RaftServerProxy.java:addNew(89)) - 4caa13bb-8f1a-47d8-8391-c914f782f260: addNew group-BE663F7A46FA:[4caa13bb-8f1a-47d8-8391-c914f782f260:192.168.151.106:33218] returns group-BE663F7A46FA:java.util.concurrent.CompletableFuture@f6ee841[Not completed]
2019-09-25 07:18:39,633 [pool-67-thread-1] INFO  impl.RaftServerImpl (RaftServerImpl.java:<init>(95)) - 4caa13bb-8f1a-47d8-8391-c914f782f260: new RaftServerImpl for group-BE663F7A46FA:[4caa13bb-8f1a-47d8-8391-c914f782f260:192.168.151.106:33218] with ContainerStateMachine:uninitialized
2019-09-25 07:18:39,633 [pool-67-thread-1] INFO  server.RaftServerConfigKeys (ConfUtils.java:logGet(43)) - raft.server.rpc.timeout.min = 5s (custom)
2019-09-25 07:18:39,633 [pool-67-thread-1] INFO  server.RaftServerConfigKeys (ConfUtils.java:logGet(43)) - raft.server.rpc.timeout.max = 5200ms (custom)
2019-09-25 07:18:39,633 [pool-67-thread-1] INFO  server.RaftServerConfigKeys (ConfUtils.java:logGet(43)) - raft.server.rpcslowness.timeout = 120s (custom)
2019-09-25 07:18:39,633 [pool-67-thread-1] INFO  server.RaftServerConfigKeys (ConfUtils.java:logGet(43)) - raft.server.sleep.deviation.threshold = 300 (default)
2019-09-25 07:18:39,633 [pool-67-thread-1] INFO  server.RaftServerConfigKeys (ConfUtils.java:logGet(43)) - raft.server.log.appender.install.snapshot.enabled = false (custom)
2019-09-25 07:18:39,634 [pool-67-thread-1] INFO  impl.RaftServerImpl (ServerState.java:<init>(103)) - 4caa13bb-8f1a-47d8-8391-c914f782f260@group-BE663F7A46FA: ConfigurationManager, init=-1: [4caa13bb-8f1a-47d8-8391-c914f782f260:192.168.151.106:33218], old=null, confs=<EMPTY_MAP>
2019-09-25 07:18:39,634 [pool-67-thread-1] INFO  server.RaftServerConfigKeys (ConfUtils.java:logGet(43)) - raft.server.storage.dir = [/workdir/hadoop-ozone/ozonefs/target/test-dir/MiniOzoneClusterImpl-e470f84b-f6c0-4e80-b6df-353379932a43/datanode-4/data/ratis] (custom)
2019-09-25 07:18:39,634 [pool-67-thread-1] INFO  storage.RaftStorageDirectory (RaftStorageDirectory.java:analyzeStorage(246)) - The storage directory /workdir/hadoop-ozone/ozonefs/target/test-dir/MiniOzoneClusterImpl-e470f84b-f6c0-4e80-b6df-353379932a43/datanode-4/data/ratis/92a0adaa-9e0a-49c4-b675-be663f7a46fa does not exist. Creating ...
2019-09-25 07:18:39,647 [pool-67-thread-1] INFO  storage.RaftStorageDirectory (RaftStorageDirectory.java:tryLock(328)) - Lock on /workdir/hadoop-ozone/ozonefs/target/test-dir/MiniOzoneClusterImpl-e470f84b-f6c0-4e80-b6df-353379932a43/datanode-4/data/ratis/92a0adaa-9e0a-49c4-b675-be663f7a46fa/in_use.lock acquired by nodename 29106@pr-hdds-1569-x2sr2-3486766547
2019-09-25 07:18:39,670 [pool-67-thread-1] INFO  storage.RaftStorage (RaftStorage.java:format(72)) - Storage directory /workdir/hadoop-ozone/ozonefs/target/test-dir/MiniOzoneClusterImpl-e470f84b-f6c0-4e80-b6df-353379932a43/datanode-4/data/ratis/92a0adaa-9e0a-49c4-b675-be663f7a46fa has been successfully formatted.
2019-09-25 07:18:39,671 [pool-67-thread-1] INFO  ratis.ContainerStateMachine (ContainerStateMachine.java:loadSnapshot(230)) - group-BE663F7A46FA: The snapshot info is null. Setting the last applied indexto:(t:0, i:~)
2019-09-25 07:18:39,671 [pool-67-thread-1] INFO  server.RaftServerConfigKeys (ConfUtils.java:logGet(43)) - raft.server.notification.no-leader.timeout = 120s (custom)
2019-09-25 07:18:39,671 [pool-67-thread-1] INFO  server.RaftServerConfigKeys (ConfUtils.java:logGet(43)) - raft.server.log.use.memory = false (default)
2019-09-25 07:18:39,671 [pool-67-thread-1] INFO  server.RaftServerConfigKeys (ConfUtils.java:logGet(43)) - raft.server.log.purge.gap = 1000000 (custom)
2019-09-25 07:18:39,672 [pool-67-thread-1] INFO  server.RaftServerConfigKeys (ConfUtils.java:logGet(43)) - raft.server.log.appender.buffer.byte-limit = 33554432 (custom)
2019-09-25 07:18:39,672 [pool-67-thread-1] INFO  server.RaftServerConfigKeys (ConfUtils.java:logGet(43)) - raft.server.log.segment.size.max = 1048576 (custom)
2019-09-25 07:18:39,672 [pool-67-thread-1] INFO  server.RaftServerConfigKeys (ConfUtils.java:logGet(43)) - raft.server.log.segment.cache.num.max = 2 (custom)
2019-09-25 07:18:39,672 [pool-67-thread-1] INFO  segmented.SegmentedRaftLogWorker (SegmentedRaftLogWorker.java:<init>(172)) - new 4caa13bb-8f1a-47d8-8391-c914f782f260@group-BE663F7A46FA-SegmentedRaftLogWorker for RaftStorage:Storage Directory /workdir/hadoop-ozone/ozonefs/target/test-dir/MiniOzoneClusterImpl-e470f84b-f6c0-4e80-b6df-353379932a43/datanode-4/data/ratis/92a0adaa-9e0a-49c4-b675-be663f7a46fa
2019-09-25 07:18:39,672 [pool-67-thread-1] INFO  server.RaftServerConfigKeys (ConfUtils.java:logGet(43)) - raft.server.log.queue.byte-limit = 2147483647 (custom)
2019-09-25 07:18:39,672 [pool-67-thread-1] INFO  server.RaftServerConfigKeys (ConfUtils.java:logGet(43)) - raft.server.log.queue.element-limit = 1024 (custom)
2019-09-25 07:18:39,673 [pool-67-thread-1] INFO  server.RaftServerConfigKeys (ConfUtils.java:logGet(43)) - raft.server.log.segment.size.max = 1048576 (custom)
2019-09-25 07:18:39,673 [pool-67-thread-1] INFO  server.RaftServerConfigKeys (ConfUtils.java:logGet(43)) - raft.server.log.preallocated.size = 16384 (custom)
2019-09-25 07:18:39,673 [pool-67-thread-1] INFO  server.RaftServerConfigKeys (ConfUtils.java:logGet(43)) - raft.server.log.write.buffer.size = 33554432 (custom)
2019-09-25 07:18:39,673 [pool-67-thread-1] INFO  server.RaftServerConfigKeys (ConfUtils.java:logGet(43)) - raft.server.log.force.sync.num = 128 (default)
2019-09-25 07:18:39,673 [pool-67-thread-1] INFO  server.RaftServerConfigKeys (ConfUtils.java:logGet(43)) - raft.server.log.statemachine.data.sync = true (default)
2019-09-25 07:18:39,673 [pool-67-thread-1] INFO  server.RaftServerConfigKeys (ConfUtils.java:logGet(43)) - raft.server.log.statemachine.data.sync.timeout = 10s (default)
2019-09-25 07:18:39,674 [pool-67-thread-1] INFO  server.RaftServerConfigKeys (ConfUtils.java:logGet(43)) - raft.server.log.statemachine.data.sync.timeout.retry = -1 (default)
2019-09-25 07:18:39,674 [pool-67-thread-1] INFO  server.RaftServerConfigKeys (ConfUtils.java:logGet(43)) - raft.server.log.statemachine.data.caching.enabled = true (custom)
2019-09-25 07:18:39,674 [pool-67-thread-1] INFO  segmented.SegmentedRaftLogWorker (SegmentedRaftLogWorker.java:lambda$new$0(132)) - 4caa13bb-8f1a-47d8-8391-c914f782f260@group-BE663F7A46FA-SegmentedRaftLogWorker: flushIndex: setUnconditionally 0 -> -1
2019-09-25 07:18:39,675 [pool-67-thread-1] INFO  server.RaftServerConfigKeys (ConfUtils.java:logGet(43)) - raft.server.snapshot.auto.trigger.enabled = true (custom)
2019-09-25 07:18:39,675 [pool-67-thread-1] INFO  server.RaftServerConfigKeys (ConfUtils.java:logGet(43)) - raft.server.snapshot.auto.trigger.threshold = 10000 (custom)
2019-09-25 07:18:39,675 [pool-67-thread-1] INFO  server.RaftServerConfigKeys (ConfUtils.java:logGet(43)) - raft.server.snapshot.retention.num.files = 5 (custom)
2019-09-25 07:18:39,675 [pool-67-thread-1] INFO  server.RaftServerConfigKeys (ConfUtils.java:logGet(43)) - raft.server.retrycache.expirytime = 600000ms (custom)
2019-09-25 07:18:39,678 [pool-67-thread-1] INFO  impl.RaftServerImpl (RaftServerImpl.java:start(185)) - 4caa13bb-8f1a-47d8-8391-c914f782f260@group-BE663F7A46FA: start as a follower, conf=-1: [4caa13bb-8f1a-47d8-8391-c914f782f260:192.168.151.106:33218], old=null
2019-09-25 07:18:39,678 [pool-67-thread-1] INFO  impl.RaftServerImpl (RaftServerImpl.java:setRole(174)) - 4caa13bb-8f1a-47d8-8391-c914f782f260@group-BE663F7A46FA: changes role from      null to FOLLOWER at term 0 for startAsFollower
2019-09-25 07:18:39,678 [pool-67-thread-1] INFO  impl.RoleInfo (RoleInfo.java:updateAndGet(143)) - 4caa13bb-8f1a-47d8-8391-c914f782f260: start FollowerState
2019-09-25 07:18:39,679 [pool-67-thread-1] INFO  util.JmxRegister (JmxRegister.java:tryRegister(44)) - Successfully registered JMX Bean with object name Ratis:service=RaftServer,group=group-BE663F7A46FA,id=4caa13bb-8f1a-47d8-8391-c914f782f260
2019-09-25 07:18:39,685 [RatisPipelineUtilsThread] INFO  pipeline.PipelineStateManager (PipelineStateManager.java:addPipeline(56)) - Created pipeline Pipeline[ Id: 92a0adaa-9e0a-49c4-b675-be663f7a46fa, Nodes: 4caa13bb-8f1a-47d8-8391-c914f782f260{ip: 192.168.151.106, host: pr-hdds-1569-x2sr2-3486766547, networkLocation: /default-rack, certSerialId: null}, Type:RATIS, Factor:ONE, State:OPEN]
2019-09-25 07:18:39,685 [RatisPipelineUtilsThread] INFO  pipeline.PipelinePlacementPolicy (PipelinePlacementPolicy.java:meetCriteria(91)) - Pipeline Placement: can't place more pipeline on heavy datanode： d11a7d59-14f4-4b98-9a44-84ea7ce7b770 Heaviness: 6 limit: 5
2019-09-25 07:18:39,685 [RatisPipelineUtilsThread] INFO  pipeline.PipelinePlacementPolicy (PipelinePlacementPolicy.java:meetCriteria(91)) - Pipeline Placement: can't place more pipeline on heavy datanode： eed0ea2a-d4e1-462d-acdf-3429f0a6e9fe Heaviness: 6 limit: 5
2019-09-25 07:18:39,685 [RatisPipelineUtilsThread] INFO  pipeline.PipelinePlacementPolicy (PipelinePlacementPolicy.java:meetCriteria(91)) - Pipeline Placement: can't place more pipeline on heavy datanode： aebfb692-7b6b-4657-85e2-3d5c30e62964 Heaviness: 6 limit: 5
2019-09-25 07:18:39,685 [RatisPipelineUtilsThread] INFO  pipeline.PipelinePlacementPolicy (PipelinePlacementPolicy.java:meetCriteria(91)) - Pipeline Placement: can't place more pipeline on heavy datanode： bd44bfbc-c212-4f8d-9cd2-0f97b4d8abf5 Heaviness: 6 limit: 5
2019-09-25 07:18:39,693 [grpc-default-executor-1] INFO  impl.RaftServerProxy (RaftServerProxy.java:addNew(89)) - 4caa13bb-8f1a-47d8-8391-c914f782f260: addNew group-208C55442B28:[4caa13bb-8f1a-47d8-8391-c914f782f260:192.168.151.106:33218] returns group-208C55442B28:java.util.concurrent.CompletableFuture@48bb9813[Not completed]
2019-09-25 07:18:39,695 [pool-67-thread-1] INFO  impl.RaftServerImpl (RaftServerImpl.java:<init>(95)) - 4caa13bb-8f1a-47d8-8391-c914f782f260: new RaftServerImpl for group-208C55442B28:[4caa13bb-8f1a-47d8-8391-c914f782f260:192.168.151.106:33218] with ContainerStateMachine:uninitialized
2019-09-25 07:18:39,695 [pool-67-thread-1] INFO  server.RaftServerConfigKeys (ConfUtils.java:logGet(43)) - raft.server.rpc.timeout.min = 5s (custom)
2019-09-25 07:18:39,695 [pool-67-thread-1] INFO  server.RaftServerConfigKeys (ConfUtils.java:logGet(43)) - raft.server.rpc.timeout.max = 5200ms (custom)
2019-09-25 07:18:39,696 [pool-67-thread-1] INFO  server.RaftServerConfigKeys (ConfUtils.java:logGet(43)) - raft.server.rpcslowness.timeout = 120s (custom)
2019-09-25 07:18:39,696 [pool-67-thread-1] INFO  server.RaftServerConfigKeys (ConfUtils.java:logGet(43)) - raft.server.sleep.deviation.threshold = 300 (default)
2019-09-25 07:18:39,696 [pool-67-thread-1] INFO  server.RaftServerConfigKeys (ConfUtils.java:logGet(43)) - raft.server.log.appender.install.snapshot.enabled = false (custom)
2019-09-25 07:18:39,696 [pool-67-thread-1] INFO  impl.RaftServerImpl (ServerState.java:<init>(103)) - 4caa13bb-8f1a-47d8-8391-c914f782f260@group-208C55442B28: ConfigurationManager, init=-1: [4caa13bb-8f1a-47d8-8391-c914f782f260:192.168.151.106:33218], old=null, confs=<EMPTY_MAP>
2019-09-25 07:18:39,696 [pool-67-thread-1] INFO  server.RaftServerConfigKeys (ConfUtils.java:logGet(43)) - raft.server.storage.dir = [/workdir/hadoop-ozone/ozonefs/target/test-dir/MiniOzoneClusterImpl-e470f84b-f6c0-4e80-b6df-353379932a43/datanode-4/data/ratis] (custom)
2019-09-25 07:18:39,697 [pool-67-thread-1] INFO  storage.RaftStorageDirectory (RaftStorageDirectory.java:analyzeStorage(246)) - The storage directory /workdir/hadoop-ozone/ozonefs/target/test-dir/MiniOzoneClusterImpl-e470f84b-f6c0-4e80-b6df-353379932a43/datanode-4/data/ratis/86e19bc4-189b-475f-a39f-208c55442b28 does not exist. Creating ...
2019-09-25 07:18:39,709 [pool-67-thread-1] INFO  storage.RaftStorageDirectory (RaftStorageDirectory.java:tryLock(328)) - Lock on /workdir/hadoop-ozone/ozonefs/target/test-dir/MiniOzoneClusterImpl-e470f84b-f6c0-4e80-b6df-353379932a43/datanode-4/data/ratis/86e19bc4-189b-475f-a39f-208c55442b28/in_use.lock acquired by nodename 29106@pr-hdds-1569-x2sr2-3486766547
2019-09-25 07:18:39,722 [pool-67-thread-1] INFO  storage.RaftStorage (RaftStorage.java:format(72)) - Storage directory /workdir/hadoop-ozone/ozonefs/target/test-dir/MiniOzoneClusterImpl-e470f84b-f6c0-4e80-b6df-353379932a43/datanode-4/data/ratis/86e19bc4-189b-475f-a39f-208c55442b28 has been successfully formatted.
2019-09-25 07:18:39,722 [pool-67-thread-1] INFO  ratis.ContainerStateMachine (ContainerStateMachine.java:loadSnapshot(230)) - group-208C55442B28: The snapshot info is null. Setting the last applied indexto:(t:0, i:~)
2019-09-25 07:18:39,723 [pool-67-thread-1] INFO  server.RaftServerConfigKeys (ConfUtils.java:logGet(43)) - raft.server.notification.no-leader.timeout = 120s (custom)
2019-09-25 07:18:39,723 [pool-67-thread-1] INFO  server.RaftServerConfigKeys (ConfUtils.java:logGet(43)) - raft.server.log.use.memory = false (default)
2019-09-25 07:18:39,723 [pool-67-thread-1] INFO  server.RaftServerConfigKeys (ConfUtils.java:logGet(43)) - raft.server.log.purge.gap = 1000000 (custom)
2019-09-25 07:18:39,723 [pool-67-thread-1] INFO  server.RaftServerConfigKeys (ConfUtils.java:logGet(43)) - raft.server.log.appender.buffer.byte-limit = 33554432 (custom)
2019-09-25 07:18:39,723 [pool-67-thread-1] INFO  server.RaftServerConfigKeys (ConfUtils.java:logGet(43)) - raft.server.log.segment.size.max = 1048576 (custom)
2019-09-25 07:18:39,723 [pool-67-thread-1] INFO  server.RaftServerConfigKeys (ConfUtils.java:logGet(43)) - raft.server.log.segment.cache.num.max = 2 (custom)
2019-09-25 07:18:39,724 [pool-67-thread-1] INFO  segmented.SegmentedRaftLogWorker (SegmentedRaftLogWorker.java:<init>(172)) - new 4caa13bb-8f1a-47d8-8391-c914f782f260@group-208C55442B28-SegmentedRaftLogWorker for RaftStorage:Storage Directory /workdir/hadoop-ozone/ozonefs/target/test-dir/MiniOzoneClusterImpl-e470f84b-f6c0-4e80-b6df-353379932a43/datanode-4/data/ratis/86e19bc4-189b-475f-a39f-208c55442b28
2019-09-25 07:18:39,724 [pool-67-thread-1] INFO  server.RaftServerConfigKeys (ConfUtils.java:logGet(43)) - raft.server.log.queue.byte-limit = 2147483647 (custom)
2019-09-25 07:18:39,724 [pool-67-thread-1] INFO  server.RaftServerConfigKeys (ConfUtils.java:logGet(43)) - raft.server.log.queue.element-limit = 1024 (custom)
2019-09-25 07:18:39,724 [pool-67-thread-1] INFO  server.RaftServerConfigKeys (ConfUtils.java:logGet(43)) - raft.server.log.segment.size.max = 1048576 (custom)
2019-09-25 07:18:39,724 [pool-67-thread-1] INFO  server.RaftServerConfigKeys (ConfUtils.java:logGet(43)) - raft.server.log.preallocated.size = 16384 (custom)
2019-09-25 07:18:39,724 [pool-67-thread-1] INFO  server.RaftServerConfigKeys (ConfUtils.java:logGet(43)) - raft.server.log.write.buffer.size = 33554432 (custom)
2019-09-25 07:18:39,725 [pool-67-thread-1] INFO  server.RaftServerConfigKeys (ConfUtils.java:logGet(43)) - raft.server.log.force.sync.num = 128 (default)
2019-09-25 07:18:39,725 [pool-67-thread-1] INFO  server.RaftServerConfigKeys (ConfUtils.java:logGet(43)) - raft.server.log.statemachine.data.sync = true (default)
2019-09-25 07:18:39,725 [pool-67-thread-1] INFO  server.RaftServerConfigKeys (ConfUtils.java:logGet(43)) - raft.server.log.statemachine.data.sync.timeout = 10s (default)
2019-09-25 07:18:39,725 [pool-67-thread-1] INFO  server.RaftServerConfigKeys (ConfUtils.java:logGet(43)) - raft.server.log.statemachine.data.sync.timeout.retry = -1 (default)
2019-09-25 07:18:39,725 [pool-67-thread-1] INFO  server.RaftServerConfigKeys (ConfUtils.java:logGet(43)) - raft.server.log.statemachine.data.caching.enabled = true (custom)
2019-09-25 07:18:39,726 [pool-67-thread-1] INFO  segmented.SegmentedRaftLogWorker (SegmentedRaftLogWorker.java:lambda$new$0(132)) - 4caa13bb-8f1a-47d8-8391-c914f782f260@group-208C55442B28-SegmentedRaftLogWorker: flushIndex: setUnconditionally 0 -> -1
2019-09-25 07:18:39,726 [pool-67-thread-1] INFO  server.RaftServerConfigKeys (ConfUtils.java:logGet(43)) - raft.server.snapshot.auto.trigger.enabled = true (custom)
2019-09-25 07:18:39,726 [pool-67-thread-1] INFO  server.RaftServerConfigKeys (ConfUtils.java:logGet(43)) - raft.server.snapshot.auto.trigger.threshold = 10000 (custom)
2019-09-25 07:18:39,726 [pool-67-thread-1] INFO  server.RaftServerConfigKeys (ConfUtils.java:logGet(43)) - raft.server.snapshot.retention.num.files = 5 (custom)
2019-09-25 07:18:39,727 [pool-67-thread-1] INFO  server.RaftServerConfigKeys (ConfUtils.java:logGet(43)) - raft.server.retrycache.expirytime = 600000ms (custom)
2019-09-25 07:18:39,731 [pool-67-thread-1] INFO  impl.RaftServerImpl (RaftServerImpl.java:start(185)) - 4caa13bb-8f1a-47d8-8391-c914f782f260@group-208C55442B28: start as a follower, conf=-1: [4caa13bb-8f1a-47d8-8391-c914f782f260:192.168.151.106:33218], old=null
2019-09-25 07:18:39,732 [pool-67-thread-1] INFO  impl.RaftServerImpl (RaftServerImpl.java:setRole(174)) - 4caa13bb-8f1a-47d8-8391-c914f782f260@group-208C55442B28: changes role from      null to FOLLOWER at term 0 for startAsFollower
2019-09-25 07:18:39,732 [pool-67-thread-1] INFO  impl.RoleInfo (RoleInfo.java:updateAndGet(143)) - 4caa13bb-8f1a-47d8-8391-c914f782f260: start FollowerState
2019-09-25 07:18:39,732 [pool-67-thread-1] INFO  util.JmxRegister (JmxRegister.java:tryRegister(44)) - Successfully registered JMX Bean with object name Ratis:service=RaftServer,group=group-208C55442B28,id=4caa13bb-8f1a-47d8-8391-c914f782f260
2019-09-25 07:18:39,737 [RatisPipelineUtilsThread] INFO  pipeline.PipelineStateManager (PipelineStateManager.java:addPipeline(56)) - Created pipeline Pipeline[ Id: 86e19bc4-189b-475f-a39f-208c55442b28, Nodes: 4caa13bb-8f1a-47d8-8391-c914f782f260{ip: 192.168.151.106, host: pr-hdds-1569-x2sr2-3486766547, networkLocation: /default-rack, certSerialId: null}, Type:RATIS, Factor:ONE, State:OPEN]
2019-09-25 07:18:39,737 [RatisPipelineUtilsThread] INFO  pipeline.PipelinePlacementPolicy (PipelinePlacementPolicy.java:meetCriteria(91)) - Pipeline Placement: can't place more pipeline on heavy datanode： 4caa13bb-8f1a-47d8-8391-c914f782f260 Heaviness: 6 limit: 5
2019-09-25 07:18:39,737 [RatisPipelineUtilsThread] INFO  pipeline.PipelinePlacementPolicy (PipelinePlacementPolicy.java:meetCriteria(91)) - Pipeline Placement: can't place more pipeline on heavy datanode： d11a7d59-14f4-4b98-9a44-84ea7ce7b770 Heaviness: 6 limit: 5
2019-09-25 07:18:39,737 [RatisPipelineUtilsThread] INFO  pipeline.PipelinePlacementPolicy (PipelinePlacementPolicy.java:meetCriteria(91)) - Pipeline Placement: can't place more pipeline on heavy datanode： eed0ea2a-d4e1-462d-acdf-3429f0a6e9fe Heaviness: 6 limit: 5
2019-09-25 07:18:39,737 [RatisPipelineUtilsThread] INFO  pipeline.PipelinePlacementPolicy (PipelinePlacementPolicy.java:meetCriteria(91)) - Pipeline Placement: can't place more pipeline on heavy datanode： aebfb692-7b6b-4657-85e2-3d5c30e62964 Heaviness: 6 limit: 5
2019-09-25 07:18:39,738 [RatisPipelineUtilsThread] INFO  pipeline.PipelinePlacementPolicy (PipelinePlacementPolicy.java:meetCriteria(91)) - Pipeline Placement: can't place more pipeline on heavy datanode： bd44bfbc-c212-4f8d-9cd2-0f97b4d8abf5 Heaviness: 6 limit: 5
2019-09-25 07:18:39,738 [RatisPipelineUtilsThread] ERROR pipeline.PipelinePlacementPolicy (PipelinePlacementPolicy.java:filterViableNodes(148)) - Unable to find enough nodes that meet the criteria that cannot engage in more than 5 pipelines. Nodes required: 1 Found: 0, healthy nodes count inNodeManager: 5.
2019-09-25 07:18:39,740 [RatisPipelineUtilsThread] ERROR pipeline.SCMPipelineManager (SCMPipelineManager.java:createPipeline(167)) - Pipeline creation failed.
org.apache.hadoop.hdds.scm.exceptions.SCMException: Unable to find enough nodes that meet the criteria that cannot engage in more than 5 pipelines. Nodes required: 1 Found: 0, healthy nodes count inNodeManager: 5.
	at org.apache.hadoop.hdds.scm.pipeline.PipelinePlacementPolicy.filterViableNodes(PipelinePlacementPolicy.java:149)
	at org.apache.hadoop.hdds.scm.pipeline.PipelinePlacementPolicy.chooseDatanodes(PipelinePlacementPolicy.java:172)
	at org.apache.hadoop.hdds.scm.pipeline.RatisPipelineProvider.create(RatisPipelineProvider.java:93)
	at org.apache.hadoop.hdds.scm.pipeline.PipelineFactory.create(PipelineFactory.java:58)
	at org.apache.hadoop.hdds.scm.pipeline.SCMPipelineManager.createPipeline(SCMPipelineManager.java:155)
	at org.apache.hadoop.hdds.scm.pipeline.BackgroundPipelineCreator.createPipelines(BackgroundPipelineCreator.java:99)
	at java.util.concurrent.Executors$RunnableAdapter.call(Executors.java:511)
	at java.util.concurrent.FutureTask.run(FutureTask.java:266)
	at java.util.concurrent.ScheduledThreadPoolExecutor$ScheduledFutureTask.access$201(ScheduledThreadPoolExecutor.java:180)
	at java.util.concurrent.ScheduledThreadPoolExecutor$ScheduledFutureTask.run(ScheduledThreadPoolExecutor.java:293)
	at java.util.concurrent.ThreadPoolExecutor.runWorker(ThreadPoolExecutor.java:1149)
	at java.util.concurrent.ThreadPoolExecutor$Worker.run(ThreadPoolExecutor.java:624)
	at java.lang.Thread.run(Thread.java:748)
2019-09-25 07:18:39,742 [RatisPipelineUtilsThread] INFO  pipeline.PipelinePlacementPolicy (PipelinePlacementPolicy.java:meetCriteria(91)) - Pipeline Placement: can't place more pipeline on heavy datanode： 4caa13bb-8f1a-47d8-8391-c914f782f260 Heaviness: 6 limit: 5
2019-09-25 07:18:39,743 [RatisPipelineUtilsThread] INFO  pipeline.PipelinePlacementPolicy (PipelinePlacementPolicy.java:meetCriteria(91)) - Pipeline Placement: can't place more pipeline on heavy datanode： d11a7d59-14f4-4b98-9a44-84ea7ce7b770 Heaviness: 6 limit: 5
2019-09-25 07:18:39,743 [RatisPipelineUtilsThread] INFO  pipeline.PipelinePlacementPolicy (PipelinePlacementPolicy.java:meetCriteria(91)) - Pipeline Placement: can't place more pipeline on heavy datanode： eed0ea2a-d4e1-462d-acdf-3429f0a6e9fe Heaviness: 6 limit: 5
2019-09-25 07:18:39,743 [RatisPipelineUtilsThread] INFO  pipeline.PipelinePlacementPolicy (PipelinePlacementPolicy.java:meetCriteria(91)) - Pipeline Placement: can't place more pipeline on heavy datanode： aebfb692-7b6b-4657-85e2-3d5c30e62964 Heaviness: 6 limit: 5
2019-09-25 07:18:39,743 [RatisPipelineUtilsThread] INFO  pipeline.PipelinePlacementPolicy (PipelinePlacementPolicy.java:meetCriteria(91)) - Pipeline Placement: can't place more pipeline on heavy datanode： bd44bfbc-c212-4f8d-9cd2-0f97b4d8abf5 Heaviness: 6 limit: 5
2019-09-25 07:18:39,743 [RatisPipelineUtilsThread] ERROR pipeline.PipelinePlacementPolicy (PipelinePlacementPolicy.java:filterViableNodes(148)) - Unable to find enough nodes that meet the criteria that cannot engage in more than 5 pipelines. Nodes required: 3 Found: 0, healthy nodes count inNodeManager: 5.
2019-09-25 07:18:39,744 [RatisPipelineUtilsThread] ERROR pipeline.SCMPipelineManager (SCMPipelineManager.java:createPipeline(167)) - Pipeline creation failed.
org.apache.hadoop.hdds.scm.exceptions.SCMException: Unable to find enough nodes that meet the criteria that cannot engage in more than 5 pipelines. Nodes required: 3 Found: 0, healthy nodes count inNodeManager: 5.
	at org.apache.hadoop.hdds.scm.pipeline.PipelinePlacementPolicy.filterViableNodes(PipelinePlacementPolicy.java:149)
	at org.apache.hadoop.hdds.scm.pipeline.PipelinePlacementPolicy.chooseDatanodes(PipelinePlacementPolicy.java:172)
	at org.apache.hadoop.hdds.scm.pipeline.RatisPipelineProvider.create(RatisPipelineProvider.java:93)
	at org.apache.hadoop.hdds.scm.pipeline.PipelineFactory.create(PipelineFactory.java:58)
	at org.apache.hadoop.hdds.scm.pipeline.SCMPipelineManager.createPipeline(SCMPipelineManager.java:155)
	at org.apache.hadoop.hdds.scm.pipeline.BackgroundPipelineCreator.createPipelines(BackgroundPipelineCreator.java:99)
	at java.util.concurrent.Executors$RunnableAdapter.call(Executors.java:511)
	at java.util.concurrent.FutureTask.run(FutureTask.java:266)
	at java.util.concurrent.ScheduledThreadPoolExecutor$ScheduledFutureTask.access$201(ScheduledThreadPoolExecutor.java:180)
	at java.util.concurrent.ScheduledThreadPoolExecutor$ScheduledFutureTask.run(ScheduledThreadPoolExecutor.java:293)
	at java.util.concurrent.ThreadPoolExecutor.runWorker(ThreadPoolExecutor.java:1149)
	at java.util.concurrent.ThreadPoolExecutor$Worker.run(ThreadPoolExecutor.java:624)
	at java.lang.Thread.run(Thread.java:748)
2019-09-25 07:18:39,746 [RatisPipelineUtilsThread] INFO  pipeline.PipelinePlacementPolicy (PipelinePlacementPolicy.java:meetCriteria(91)) - Pipeline Placement: can't place more pipeline on heavy datanode： 4caa13bb-8f1a-47d8-8391-c914f782f260 Heaviness: 6 limit: 5
2019-09-25 07:18:39,747 [RatisPipelineUtilsThread] INFO  pipeline.PipelinePlacementPolicy (PipelinePlacementPolicy.java:meetCriteria(91)) - Pipeline Placement: can't place more pipeline on heavy datanode： d11a7d59-14f4-4b98-9a44-84ea7ce7b770 Heaviness: 6 limit: 5
2019-09-25 07:18:39,747 [RatisPipelineUtilsThread] INFO  pipeline.PipelinePlacementPolicy (PipelinePlacementPolicy.java:meetCriteria(91)) - Pipeline Placement: can't place more pipeline on heavy datanode： eed0ea2a-d4e1-462d-acdf-3429f0a6e9fe Heaviness: 6 limit: 5
2019-09-25 07:18:39,747 [RatisPipelineUtilsThread] INFO  pipeline.PipelinePlacementPolicy (PipelinePlacementPolicy.java:meetCriteria(91)) - Pipeline Placement: can't place more pipeline on heavy datanode： aebfb692-7b6b-4657-85e2-3d5c30e62964 Heaviness: 6 limit: 5
2019-09-25 07:18:39,747 [RatisPipelineUtilsThread] INFO  pipeline.PipelinePlacementPolicy (PipelinePlacementPolicy.java:meetCriteria(91)) - Pipeline Placement: can't place more pipeline on heavy datanode： bd44bfbc-c212-4f8d-9cd2-0f97b4d8abf5 Heaviness: 6 limit: 5
2019-09-25 07:18:39,747 [RatisPipelineUtilsThread] ERROR pipeline.PipelinePlacementPolicy (PipelinePlacementPolicy.java:filterViableNodes(148)) - Unable to find enough nodes that meet the criteria that cannot engage in more than 5 pipelines. Nodes required: 1 Found: 0, healthy nodes count inNodeManager: 5.
2019-09-25 07:18:39,748 [RatisPipelineUtilsThread] ERROR pipeline.SCMPipelineManager (SCMPipelineManager.java:createPipeline(167)) - Pipeline creation failed.
org.apache.hadoop.hdds.scm.exceptions.SCMException: Unable to find enough nodes that meet the criteria that cannot engage in more than 5 pipelines. Nodes required: 1 Found: 0, healthy nodes count inNodeManager: 5.
	at org.apache.hadoop.hdds.scm.pipeline.PipelinePlacementPolicy.filterViableNodes(PipelinePlacementPolicy.java:149)
	at org.apache.hadoop.hdds.scm.pipeline.PipelinePlacementPolicy.chooseDatanodes(PipelinePlacementPolicy.java:172)
	at org.apache.hadoop.hdds.scm.pipeline.RatisPipelineProvider.create(RatisPipelineProvider.java:93)
	at org.apache.hadoop.hdds.scm.pipeline.PipelineFactory.create(PipelineFactory.java:58)
	at org.apache.hadoop.hdds.scm.pipeline.SCMPipelineManager.createPipeline(SCMPipelineManager.java:155)
	at org.apache.hadoop.hdds.scm.pipeline.BackgroundPipelineCreator.createPipelines(BackgroundPipelineCreator.java:99)
	at org.apache.hadoop.hdds.scm.pipeline.BackgroundPipelineCreator.lambda$startFixedIntervalPipelineCreator$0(BackgroundPipelineCreator.java:70)
	at java.util.concurrent.Executors$RunnableAdapter.call(Executors.java:511)
	at java.util.concurrent.FutureTask.runAndReset(FutureTask.java:308)
	at java.util.concurrent.ScheduledThreadPoolExecutor$ScheduledFutureTask.access$301(ScheduledThreadPoolExecutor.java:180)
	at java.util.concurrent.ScheduledThreadPoolExecutor$ScheduledFutureTask.run(ScheduledThreadPoolExecutor.java:294)
	at java.util.concurrent.ThreadPoolExecutor.runWorker(ThreadPoolExecutor.java:1149)
	at java.util.concurrent.ThreadPoolExecutor$Worker.run(ThreadPoolExecutor.java:624)
	at java.lang.Thread.run(Thread.java:748)
2019-09-25 07:18:39,748 [RatisPipelineUtilsThread] INFO  pipeline.PipelinePlacementPolicy (PipelinePlacementPolicy.java:meetCriteria(91)) - Pipeline Placement: can't place more pipeline on heavy datanode： 4caa13bb-8f1a-47d8-8391-c914f782f260 Heaviness: 6 limit: 5
2019-09-25 07:18:39,748 [RatisPipelineUtilsThread] INFO  pipeline.PipelinePlacementPolicy (PipelinePlacementPolicy.java:meetCriteria(91)) - Pipeline Placement: can't place more pipeline on heavy datanode： d11a7d59-14f4-4b98-9a44-84ea7ce7b770 Heaviness: 6 limit: 5
2019-09-25 07:18:39,749 [RatisPipelineUtilsThread] INFO  pipeline.PipelinePlacementPolicy (PipelinePlacementPolicy.java:meetCriteria(91)) - Pipeline Placement: can't place more pipeline on heavy datanode： eed0ea2a-d4e1-462d-acdf-3429f0a6e9fe Heaviness: 6 limit: 5
2019-09-25 07:18:39,749 [RatisPipelineUtilsThread] INFO  pipeline.PipelinePlacementPolicy (PipelinePlacementPolicy.java:meetCriteria(91)) - Pipeline Placement: can't place more pipeline on heavy datanode： aebfb692-7b6b-4657-85e2-3d5c30e62964 Heaviness: 6 limit: 5
2019-09-25 07:18:39,749 [RatisPipelineUtilsThread] INFO  pipeline.PipelinePlacementPolicy (PipelinePlacementPolicy.java:meetCriteria(91)) - Pipeline Placement: can't place more pipeline on heavy datanode： bd44bfbc-c212-4f8d-9cd2-0f97b4d8abf5 Heaviness: 6 limit: 5
2019-09-25 07:18:39,749 [RatisPipelineUtilsThread] ERROR pipeline.PipelinePlacementPolicy (PipelinePlacementPolicy.java:filterViableNodes(148)) - Unable to find enough nodes that meet the criteria that cannot engage in more than 5 pipelines. Nodes required: 3 Found: 0, healthy nodes count inNodeManager: 5.
2019-09-25 07:18:39,749 [RatisPipelineUtilsThread] ERROR pipeline.SCMPipelineManager (SCMPipelineManager.java:createPipeline(167)) - Pipeline creation failed.
org.apache.hadoop.hdds.scm.exceptions.SCMException: Unable to find enough nodes that meet the criteria that cannot engage in more than 5 pipelines. Nodes required: 3 Found: 0, healthy nodes count inNodeManager: 5.
	at org.apache.hadoop.hdds.scm.pipeline.PipelinePlacementPolicy.filterViableNodes(PipelinePlacementPolicy.java:149)
	at org.apache.hadoop.hdds.scm.pipeline.PipelinePlacementPolicy.chooseDatanodes(PipelinePlacementPolicy.java:172)
	at org.apache.hadoop.hdds.scm.pipeline.RatisPipelineProvider.create(RatisPipelineProvider.java:93)
	at org.apache.hadoop.hdds.scm.pipeline.PipelineFactory.create(PipelineFactory.java:58)
	at org.apache.hadoop.hdds.scm.pipeline.SCMPipelineManager.createPipeline(SCMPipelineManager.java:155)
	at org.apache.hadoop.hdds.scm.pipeline.BackgroundPipelineCreator.createPipelines(BackgroundPipelineCreator.java:99)
	at org.apache.hadoop.hdds.scm.pipeline.BackgroundPipelineCreator.lambda$startFixedIntervalPipelineCreator$0(BackgroundPipelineCreator.java:70)
	at java.util.concurrent.Executors$RunnableAdapter.call(Executors.java:511)
	at java.util.concurrent.FutureTask.runAndReset(FutureTask.java:308)
	at java.util.concurrent.ScheduledThreadPoolExecutor$ScheduledFutureTask.access$301(ScheduledThreadPoolExecutor.java:180)
	at java.util.concurrent.ScheduledThreadPoolExecutor$ScheduledFutureTask.run(ScheduledThreadPoolExecutor.java:294)
	at java.util.concurrent.ThreadPoolExecutor.runWorker(ThreadPoolExecutor.java:1149)
	at java.util.concurrent.ThreadPoolExecutor$Worker.run(ThreadPoolExecutor.java:624)
	at java.lang.Thread.run(Thread.java:748)
2019-09-25 07:18:39,750 [IPC Server handler 0 on 43327] INFO  pipeline.PipelinePlacementPolicy (PipelinePlacementPolicy.java:meetCriteria(91)) - Pipeline Placement: can't place more pipeline on heavy datanode： 4caa13bb-8f1a-47d8-8391-c914f782f260 Heaviness: 6 limit: 5
2019-09-25 07:18:39,750 [IPC Server handler 0 on 43327] INFO  pipeline.PipelinePlacementPolicy (PipelinePlacementPolicy.java:meetCriteria(91)) - Pipeline Placement: can't place more pipeline on heavy datanode： d11a7d59-14f4-4b98-9a44-84ea7ce7b770 Heaviness: 6 limit: 5
2019-09-25 07:18:39,750 [IPC Server handler 0 on 43327] INFO  pipeline.PipelinePlacementPolicy (PipelinePlacementPolicy.java:meetCriteria(91)) - Pipeline Placement: can't place more pipeline on heavy datanode： eed0ea2a-d4e1-462d-acdf-3429f0a6e9fe Heaviness: 6 limit: 5
2019-09-25 07:18:39,751 [IPC Server handler 0 on 43327] INFO  pipeline.PipelinePlacementPolicy (PipelinePlacementPolicy.java:meetCriteria(91)) - Pipeline Placement: can't place more pipeline on heavy datanode： aebfb692-7b6b-4657-85e2-3d5c30e62964 Heaviness: 6 limit: 5
2019-09-25 07:18:39,751 [IPC Server handler 0 on 43327] INFO  pipeline.PipelinePlacementPolicy (PipelinePlacementPolicy.java:meetCriteria(91)) - Pipeline Placement: can't place more pipeline on heavy datanode： bd44bfbc-c212-4f8d-9cd2-0f97b4d8abf5 Heaviness: 6 limit: 5
2019-09-25 07:18:39,751 [IPC Server handler 0 on 43327] ERROR pipeline.PipelinePlacementPolicy (PipelinePlacementPolicy.java:filterViableNodes(148)) - Unable to find enough nodes that meet the criteria that cannot engage in more than 5 pipelines. Nodes required: 3 Found: 0, healthy nodes count inNodeManager: 5.
2019-09-25 07:18:39,751 [IPC Server handler 0 on 43327] ERROR pipeline.SCMPipelineManager (SCMPipelineManager.java:createPipeline(167)) - Pipeline creation failed.
org.apache.hadoop.hdds.scm.exceptions.SCMException: Unable to find enough nodes that meet the criteria that cannot engage in more than 5 pipelines. Nodes required: 3 Found: 0, healthy nodes count inNodeManager: 5.
	at org.apache.hadoop.hdds.scm.pipeline.PipelinePlacementPolicy.filterViableNodes(PipelinePlacementPolicy.java:149)
	at org.apache.hadoop.hdds.scm.pipeline.PipelinePlacementPolicy.chooseDatanodes(PipelinePlacementPolicy.java:172)
	at org.apache.hadoop.hdds.scm.pipeline.RatisPipelineProvider.create(RatisPipelineProvider.java:93)
	at org.apache.hadoop.hdds.scm.pipeline.PipelineFactory.create(PipelineFactory.java:58)
	at org.apache.hadoop.hdds.scm.pipeline.SCMPipelineManager.createPipeline(SCMPipelineManager.java:155)
	at org.apache.hadoop.hdds.scm.block.BlockManagerImpl.allocateBlock(BlockManagerImpl.java:190)
	at org.apache.hadoop.hdds.scm.server.SCMBlockProtocolServer.allocateBlock(SCMBlockProtocolServer.java:182)
	at org.apache.hadoop.ozone.protocolPB.ScmBlockLocationProtocolServerSideTranslatorPB.allocateScmBlock(ScmBlockLocationProtocolServerSideTranslatorPB.java:183)
	at org.apache.hadoop.ozone.protocolPB.ScmBlockLocationProtocolServerSideTranslatorPB.processMessage(ScmBlockLocationProtocolServerSideTranslatorPB.java:141)
	at org.apache.hadoop.ozone.protocolPB.ScmBlockLocationProtocolServerSideTranslatorPB.send(ScmBlockLocationProtocolServerSideTranslatorPB.java:116)
	at org.apache.hadoop.hdds.protocol.proto.ScmBlockLocationProtocolProtos$ScmBlockLocationProtocolService$2.callBlockingMethod(ScmBlockLocationProtocolProtos.java:13157)
	at org.apache.hadoop.ipc.ProtobufRpcEngine$Server$ProtoBufRpcInvoker.call(ProtobufRpcEngine.java:524)
	at org.apache.hadoop.ipc.RPC$Server.call(RPC.java:1025)
	at org.apache.hadoop.ipc.Server$RpcCall.run(Server.java:876)
	at org.apache.hadoop.ipc.Server$RpcCall.run(Server.java:822)
	at java.security.AccessController.doPrivileged(Native Method)
	at javax.security.auth.Subject.doAs(Subject.java:422)
	at org.apache.hadoop.security.UserGroupInformation.doAs(UserGroupInformation.java:1730)
	at org.apache.hadoop.ipc.Server$Handler.run(Server.java:2682)
2019-09-25 07:18:39,752 [IPC Server handler 0 on 43327] WARN  block.BlockManagerImpl (BlockManagerImpl.java:allocateBlock(192)) - Pipeline creation failed for type:RATIS factor:THREE. Retrying get pipelines call once.
org.apache.hadoop.hdds.scm.exceptions.SCMException: Unable to find enough nodes that meet the criteria that cannot engage in more than 5 pipelines. Nodes required: 3 Found: 0, healthy nodes count inNodeManager: 5.
	at org.apache.hadoop.hdds.scm.pipeline.PipelinePlacementPolicy.filterViableNodes(PipelinePlacementPolicy.java:149)
	at org.apache.hadoop.hdds.scm.pipeline.PipelinePlacementPolicy.chooseDatanodes(PipelinePlacementPolicy.java:172)
	at org.apache.hadoop.hdds.scm.pipeline.RatisPipelineProvider.create(RatisPipelineProvider.java:93)
	at org.apache.hadoop.hdds.scm.pipeline.PipelineFactory.create(PipelineFactory.java:58)
	at org.apache.hadoop.hdds.scm.pipeline.SCMPipelineManager.createPipeline(SCMPipelineManager.java:155)
	at org.apache.hadoop.hdds.scm.block.BlockManagerImpl.allocateBlock(BlockManagerImpl.java:190)
	at org.apache.hadoop.hdds.scm.server.SCMBlockProtocolServer.allocateBlock(SCMBlockProtocolServer.java:182)
	at org.apache.hadoop.ozone.protocolPB.ScmBlockLocationProtocolServerSideTranslatorPB.allocateScmBlock(ScmBlockLocationProtocolServerSideTranslatorPB.java:183)
	at org.apache.hadoop.ozone.protocolPB.ScmBlockLocationProtocolServerSideTranslatorPB.processMessage(ScmBlockLocationProtocolServerSideTranslatorPB.java:141)
	at org.apache.hadoop.ozone.protocolPB.ScmBlockLocationProtocolServerSideTranslatorPB.send(ScmBlockLocationProtocolServerSideTranslatorPB.java:116)
	at org.apache.hadoop.hdds.protocol.proto.ScmBlockLocationProtocolProtos$ScmBlockLocationProtocolService$2.callBlockingMethod(ScmBlockLocationProtocolProtos.java:13157)
	at org.apache.hadoop.ipc.ProtobufRpcEngine$Server$ProtoBufRpcInvoker.call(ProtobufRpcEngine.java:524)
	at org.apache.hadoop.ipc.RPC$Server.call(RPC.java:1025)
	at org.apache.hadoop.ipc.Server$RpcCall.run(Server.java:876)
	at org.apache.hadoop.ipc.Server$RpcCall.run(Server.java:822)
	at java.security.AccessController.doPrivileged(Native Method)
	at javax.security.auth.Subject.doAs(Subject.java:422)
	at org.apache.hadoop.security.UserGroupInformation.doAs(UserGroupInformation.java:1730)
	at org.apache.hadoop.ipc.Server$Handler.run(Server.java:2682)
2019-09-25 07:18:39,752 [IPC Server handler 0 on 43327] INFO  block.BlockManagerImpl (BlockManagerImpl.java:allocateBlock(198)) - Could not find available pipeline of type:RATIS and factor:THREE even after retrying
2019-09-25 07:18:39,753 [IPC Server handler 0 on 43327] ERROR block.BlockManagerImpl (BlockManagerImpl.java:allocateBlock(222)) - Unable to allocate a block for the size: 4194304, type: RATIS, factor: THREE
]]></system-out>
    <system-err><![CDATA[ERROR StatusLogger No Log4j 2 configuration file found. Using default configuration (logging only errors to the console), or user programmatically provided configurations. Set system property 'log4j2.debug' to show Log4j 2 internal initialization logging. See https://logging.apache.org/log4j/2.x/manual/configuration.html for instructions on how to configure Log4j 2
]]></system-err>
  </testcase>
  <testcase name="testRenamePopulatesFileAncestors" classname="org.apache.hadoop.fs.ozone.contract.ITestOzoneContractRename" time="0.151">
    <error message="Allocated 0 blocks. Requested 1 blocks" type="INTERNAL_ERROR org.apache.hadoop.ozone.om.exceptions.OMException">INTERNAL_ERROR org.apache.hadoop.ozone.om.exceptions.OMException: Allocated 0 blocks. Requested 1 blocks
	at org.apache.hadoop.ozone.om.protocolPB.OzoneManagerProtocolClientSideTranslatorPB.handleError(OzoneManagerProtocolClientSideTranslatorPB.java:732)
	at org.apache.hadoop.ozone.om.protocolPB.OzoneManagerProtocolClientSideTranslatorPB.createFile(OzoneManagerProtocolClientSideTranslatorPB.java:1536)
	at sun.reflect.NativeMethodAccessorImpl.invoke0(Native Method)
	at sun.reflect.NativeMethodAccessorImpl.invoke(NativeMethodAccessorImpl.java:62)
	at sun.reflect.DelegatingMethodAccessorImpl.invoke(DelegatingMethodAccessorImpl.java:43)
	at java.lang.reflect.Method.invoke(Method.java:498)
	at org.apache.hadoop.hdds.tracing.TraceAllMethod.invoke(TraceAllMethod.java:66)
	at com.sun.proxy.$Proxy41.createFile(Unknown Source)
	at org.apache.hadoop.ozone.client.rpc.RpcClient.createFile(RpcClient.java:1006)
	at org.apache.hadoop.ozone.client.OzoneBucket.createFile(OzoneBucket.java:537)
	at org.apache.hadoop.fs.ozone.BasicOzoneClientAdapterImpl.createFile(BasicOzoneClientAdapterImpl.java:205)
	at org.apache.hadoop.fs.ozone.BasicOzoneFileSystem.createOutputStream(BasicOzoneFileSystem.java:250)
	at org.apache.hadoop.fs.ozone.BasicOzoneFileSystem.create(BasicOzoneFileSystem.java:231)
	at org.apache.hadoop.fs.FileSystem.create(FileSystem.java:1118)
	at org.apache.hadoop.fs.FileSystem.create(FileSystem.java:1098)
	at org.apache.hadoop.fs.contract.ContractTestUtils.writeDataset(ContractTestUtils.java:182)
	at org.apache.hadoop.fs.contract.ContractTestUtils.writeDataset(ContractTestUtils.java:151)
	at org.apache.hadoop.fs.contract.AbstractContractRenameTest.testRenamePopulatesFileAncestors(AbstractContractRenameTest.java:255)
	at sun.reflect.NativeMethodAccessorImpl.invoke0(Native Method)
	at sun.reflect.NativeMethodAccessorImpl.invoke(NativeMethodAccessorImpl.java:62)
	at sun.reflect.DelegatingMethodAccessorImpl.invoke(DelegatingMethodAccessorImpl.java:43)
	at java.lang.reflect.Method.invoke(Method.java:498)
	at org.junit.runners.model.FrameworkMethod$1.runReflectiveCall(FrameworkMethod.java:47)
	at org.junit.internal.runners.model.ReflectiveCallable.run(ReflectiveCallable.java:12)
	at org.junit.runners.model.FrameworkMethod.invokeExplosively(FrameworkMethod.java:44)
	at org.junit.internal.runners.statements.InvokeMethod.evaluate(InvokeMethod.java:17)
	at org.junit.internal.runners.statements.RunBefores.evaluate(RunBefores.java:26)
	at org.junit.internal.runners.statements.RunAfters.evaluate(RunAfters.java:27)
	at org.junit.rules.TestWatcher$1.evaluate(TestWatcher.java:55)
	at org.junit.internal.runners.statements.FailOnTimeout$StatementThread.run(FailOnTimeout.java:74)
</error>
    <system-out><![CDATA[2019-09-25 07:18:39,870 [Thread-306] INFO  rpc.RpcClient (RpcClient.java:createVolume(276)) - Creating Volume: volume71871, with user15930 as owner.
2019-09-25 07:18:39,873 [IPC Server handler 6 on 46616] INFO  volume.OMVolumeCreateRequest (OMVolumeCreateRequest.java:validateAndUpdateCache(189)) - created volume:volume71871 for user:user15930
2019-09-25 07:18:39,881 [Thread-306] INFO  rpc.RpcClient (RpcClient.java:createBucket(415)) - Creating Bucket: volume71871/bucket42217, with Versioning false and Storage Type set to DISK and Encryption set to false 
2019-09-25 07:18:39,943 [Thread-306] INFO  contract.AbstractFSContractTestBase (AbstractFSContractTestBase.java:setup(184)) - Test filesystem = o3fs://bucket42217.volume71871 implemented by OzoneFileSystem{URI=o3fs://bucket42217.volume71871, workingDir=o3fs://bucket42217.volume71871/user/jenkins1000, userName=jenkins1000, statistics=0 bytes read, 0 bytes written, 4 read ops, 0 large read ops, 2 write ops}
2019-09-25 07:18:39,954 [IPC Server handler 13 on 43327] INFO  pipeline.PipelinePlacementPolicy (PipelinePlacementPolicy.java:meetCriteria(91)) - Pipeline Placement: can't place more pipeline on heavy datanode： 4caa13bb-8f1a-47d8-8391-c914f782f260 Heaviness: 6 limit: 5
2019-09-25 07:18:39,954 [IPC Server handler 13 on 43327] INFO  pipeline.PipelinePlacementPolicy (PipelinePlacementPolicy.java:meetCriteria(91)) - Pipeline Placement: can't place more pipeline on heavy datanode： d11a7d59-14f4-4b98-9a44-84ea7ce7b770 Heaviness: 6 limit: 5
2019-09-25 07:18:39,954 [IPC Server handler 13 on 43327] INFO  pipeline.PipelinePlacementPolicy (PipelinePlacementPolicy.java:meetCriteria(91)) - Pipeline Placement: can't place more pipeline on heavy datanode： eed0ea2a-d4e1-462d-acdf-3429f0a6e9fe Heaviness: 6 limit: 5
2019-09-25 07:18:39,954 [IPC Server handler 13 on 43327] INFO  pipeline.PipelinePlacementPolicy (PipelinePlacementPolicy.java:meetCriteria(91)) - Pipeline Placement: can't place more pipeline on heavy datanode： aebfb692-7b6b-4657-85e2-3d5c30e62964 Heaviness: 6 limit: 5
2019-09-25 07:18:39,955 [IPC Server handler 13 on 43327] INFO  pipeline.PipelinePlacementPolicy (PipelinePlacementPolicy.java:meetCriteria(91)) - Pipeline Placement: can't place more pipeline on heavy datanode： bd44bfbc-c212-4f8d-9cd2-0f97b4d8abf5 Heaviness: 6 limit: 5
2019-09-25 07:18:39,955 [IPC Server handler 13 on 43327] ERROR pipeline.PipelinePlacementPolicy (PipelinePlacementPolicy.java:filterViableNodes(148)) - Unable to find enough nodes that meet the criteria that cannot engage in more than 5 pipelines. Nodes required: 3 Found: 0, healthy nodes count inNodeManager: 5.
2019-09-25 07:18:39,955 [IPC Server handler 13 on 43327] ERROR pipeline.SCMPipelineManager (SCMPipelineManager.java:createPipeline(167)) - Pipeline creation failed.
org.apache.hadoop.hdds.scm.exceptions.SCMException: Unable to find enough nodes that meet the criteria that cannot engage in more than 5 pipelines. Nodes required: 3 Found: 0, healthy nodes count inNodeManager: 5.
	at org.apache.hadoop.hdds.scm.pipeline.PipelinePlacementPolicy.filterViableNodes(PipelinePlacementPolicy.java:149)
	at org.apache.hadoop.hdds.scm.pipeline.PipelinePlacementPolicy.chooseDatanodes(PipelinePlacementPolicy.java:172)
	at org.apache.hadoop.hdds.scm.pipeline.RatisPipelineProvider.create(RatisPipelineProvider.java:93)
	at org.apache.hadoop.hdds.scm.pipeline.PipelineFactory.create(PipelineFactory.java:58)
	at org.apache.hadoop.hdds.scm.pipeline.SCMPipelineManager.createPipeline(SCMPipelineManager.java:155)
	at org.apache.hadoop.hdds.scm.block.BlockManagerImpl.allocateBlock(BlockManagerImpl.java:190)
	at org.apache.hadoop.hdds.scm.server.SCMBlockProtocolServer.allocateBlock(SCMBlockProtocolServer.java:182)
	at org.apache.hadoop.ozone.protocolPB.ScmBlockLocationProtocolServerSideTranslatorPB.allocateScmBlock(ScmBlockLocationProtocolServerSideTranslatorPB.java:183)
	at org.apache.hadoop.ozone.protocolPB.ScmBlockLocationProtocolServerSideTranslatorPB.processMessage(ScmBlockLocationProtocolServerSideTranslatorPB.java:141)
	at org.apache.hadoop.ozone.protocolPB.ScmBlockLocationProtocolServerSideTranslatorPB.send(ScmBlockLocationProtocolServerSideTranslatorPB.java:116)
	at org.apache.hadoop.hdds.protocol.proto.ScmBlockLocationProtocolProtos$ScmBlockLocationProtocolService$2.callBlockingMethod(ScmBlockLocationProtocolProtos.java:13157)
	at org.apache.hadoop.ipc.ProtobufRpcEngine$Server$ProtoBufRpcInvoker.call(ProtobufRpcEngine.java:524)
	at org.apache.hadoop.ipc.RPC$Server.call(RPC.java:1025)
	at org.apache.hadoop.ipc.Server$RpcCall.run(Server.java:876)
	at org.apache.hadoop.ipc.Server$RpcCall.run(Server.java:822)
	at java.security.AccessController.doPrivileged(Native Method)
	at javax.security.auth.Subject.doAs(Subject.java:422)
	at org.apache.hadoop.security.UserGroupInformation.doAs(UserGroupInformation.java:1730)
	at org.apache.hadoop.ipc.Server$Handler.run(Server.java:2682)
2019-09-25 07:18:39,955 [IPC Server handler 13 on 43327] WARN  block.BlockManagerImpl (BlockManagerImpl.java:allocateBlock(192)) - Pipeline creation failed for type:RATIS factor:THREE. Retrying get pipelines call once.
org.apache.hadoop.hdds.scm.exceptions.SCMException: Unable to find enough nodes that meet the criteria that cannot engage in more than 5 pipelines. Nodes required: 3 Found: 0, healthy nodes count inNodeManager: 5.
	at org.apache.hadoop.hdds.scm.pipeline.PipelinePlacementPolicy.filterViableNodes(PipelinePlacementPolicy.java:149)
	at org.apache.hadoop.hdds.scm.pipeline.PipelinePlacementPolicy.chooseDatanodes(PipelinePlacementPolicy.java:172)
	at org.apache.hadoop.hdds.scm.pipeline.RatisPipelineProvider.create(RatisPipelineProvider.java:93)
	at org.apache.hadoop.hdds.scm.pipeline.PipelineFactory.create(PipelineFactory.java:58)
	at org.apache.hadoop.hdds.scm.pipeline.SCMPipelineManager.createPipeline(SCMPipelineManager.java:155)
	at org.apache.hadoop.hdds.scm.block.BlockManagerImpl.allocateBlock(BlockManagerImpl.java:190)
	at org.apache.hadoop.hdds.scm.server.SCMBlockProtocolServer.allocateBlock(SCMBlockProtocolServer.java:182)
	at org.apache.hadoop.ozone.protocolPB.ScmBlockLocationProtocolServerSideTranslatorPB.allocateScmBlock(ScmBlockLocationProtocolServerSideTranslatorPB.java:183)
	at org.apache.hadoop.ozone.protocolPB.ScmBlockLocationProtocolServerSideTranslatorPB.processMessage(ScmBlockLocationProtocolServerSideTranslatorPB.java:141)
	at org.apache.hadoop.ozone.protocolPB.ScmBlockLocationProtocolServerSideTranslatorPB.send(ScmBlockLocationProtocolServerSideTranslatorPB.java:116)
	at org.apache.hadoop.hdds.protocol.proto.ScmBlockLocationProtocolProtos$ScmBlockLocationProtocolService$2.callBlockingMethod(ScmBlockLocationProtocolProtos.java:13157)
	at org.apache.hadoop.ipc.ProtobufRpcEngine$Server$ProtoBufRpcInvoker.call(ProtobufRpcEngine.java:524)
	at org.apache.hadoop.ipc.RPC$Server.call(RPC.java:1025)
	at org.apache.hadoop.ipc.Server$RpcCall.run(Server.java:876)
	at org.apache.hadoop.ipc.Server$RpcCall.run(Server.java:822)
	at java.security.AccessController.doPrivileged(Native Method)
	at javax.security.auth.Subject.doAs(Subject.java:422)
	at org.apache.hadoop.security.UserGroupInformation.doAs(UserGroupInformation.java:1730)
	at org.apache.hadoop.ipc.Server$Handler.run(Server.java:2682)
2019-09-25 07:18:39,955 [IPC Server handler 13 on 43327] INFO  block.BlockManagerImpl (BlockManagerImpl.java:allocateBlock(198)) - Could not find available pipeline of type:RATIS and factor:THREE even after retrying
2019-09-25 07:18:39,956 [IPC Server handler 13 on 43327] ERROR block.BlockManagerImpl (BlockManagerImpl.java:allocateBlock(222)) - Unable to allocate a block for the size: 4194304, type: RATIS, factor: THREE
]]></system-out>
  </testcase>
  <testcase name="testRenameFileOverExistingFile" classname="org.apache.hadoop.fs.ozone.contract.ITestOzoneContractRename" time="0.133">
    <error message="Allocated 0 blocks. Requested 1 blocks" type="INTERNAL_ERROR org.apache.hadoop.ozone.om.exceptions.OMException">INTERNAL_ERROR org.apache.hadoop.ozone.om.exceptions.OMException: Allocated 0 blocks. Requested 1 blocks
	at org.apache.hadoop.ozone.om.protocolPB.OzoneManagerProtocolClientSideTranslatorPB.handleError(OzoneManagerProtocolClientSideTranslatorPB.java:732)
	at org.apache.hadoop.ozone.om.protocolPB.OzoneManagerProtocolClientSideTranslatorPB.createFile(OzoneManagerProtocolClientSideTranslatorPB.java:1536)
	at sun.reflect.NativeMethodAccessorImpl.invoke0(Native Method)
	at sun.reflect.NativeMethodAccessorImpl.invoke(NativeMethodAccessorImpl.java:62)
	at sun.reflect.DelegatingMethodAccessorImpl.invoke(DelegatingMethodAccessorImpl.java:43)
	at java.lang.reflect.Method.invoke(Method.java:498)
	at org.apache.hadoop.hdds.tracing.TraceAllMethod.invoke(TraceAllMethod.java:66)
	at com.sun.proxy.$Proxy41.createFile(Unknown Source)
	at org.apache.hadoop.ozone.client.rpc.RpcClient.createFile(RpcClient.java:1006)
	at org.apache.hadoop.ozone.client.OzoneBucket.createFile(OzoneBucket.java:537)
	at org.apache.hadoop.fs.ozone.BasicOzoneClientAdapterImpl.createFile(BasicOzoneClientAdapterImpl.java:205)
	at org.apache.hadoop.fs.ozone.BasicOzoneFileSystem.createOutputStream(BasicOzoneFileSystem.java:250)
	at org.apache.hadoop.fs.ozone.BasicOzoneFileSystem.create(BasicOzoneFileSystem.java:231)
	at org.apache.hadoop.fs.FileSystem.create(FileSystem.java:1118)
	at org.apache.hadoop.fs.FileSystem.create(FileSystem.java:1098)
	at org.apache.hadoop.fs.contract.ContractTestUtils.writeDataset(ContractTestUtils.java:182)
	at org.apache.hadoop.fs.contract.ContractTestUtils.writeDataset(ContractTestUtils.java:151)
	at org.apache.hadoop.fs.contract.AbstractContractRenameTest.testRenameFileOverExistingFile(AbstractContractRenameTest.java:99)
	at sun.reflect.NativeMethodAccessorImpl.invoke0(Native Method)
	at sun.reflect.NativeMethodAccessorImpl.invoke(NativeMethodAccessorImpl.java:62)
	at sun.reflect.DelegatingMethodAccessorImpl.invoke(DelegatingMethodAccessorImpl.java:43)
	at java.lang.reflect.Method.invoke(Method.java:498)
	at org.junit.runners.model.FrameworkMethod$1.runReflectiveCall(FrameworkMethod.java:47)
	at org.junit.internal.runners.model.ReflectiveCallable.run(ReflectiveCallable.java:12)
	at org.junit.runners.model.FrameworkMethod.invokeExplosively(FrameworkMethod.java:44)
	at org.junit.internal.runners.statements.InvokeMethod.evaluate(InvokeMethod.java:17)
	at org.junit.internal.runners.statements.RunBefores.evaluate(RunBefores.java:26)
	at org.junit.internal.runners.statements.RunAfters.evaluate(RunAfters.java:27)
	at org.junit.rules.TestWatcher$1.evaluate(TestWatcher.java:55)
	at org.junit.internal.runners.statements.FailOnTimeout$StatementThread.run(FailOnTimeout.java:74)
</error>
    <system-out><![CDATA[2019-09-25 07:18:40,020 [Thread-308] INFO  rpc.RpcClient (RpcClient.java:createVolume(276)) - Creating Volume: volume09293, with user08530 as owner.
2019-09-25 07:18:40,024 [IPC Server handler 17 on 46616] INFO  volume.OMVolumeCreateRequest (OMVolumeCreateRequest.java:validateAndUpdateCache(189)) - created volume:volume09293 for user:user08530
2019-09-25 07:18:40,028 [Thread-308] INFO  rpc.RpcClient (RpcClient.java:createBucket(415)) - Creating Bucket: volume09293/bucket30002, with Versioning false and Storage Type set to DISK and Encryption set to false 
2019-09-25 07:18:40,095 [Thread-308] INFO  contract.AbstractFSContractTestBase (AbstractFSContractTestBase.java:setup(184)) - Test filesystem = o3fs://bucket30002.volume09293 implemented by OzoneFileSystem{URI=o3fs://bucket30002.volume09293, workingDir=o3fs://bucket30002.volume09293/user/jenkins1000, userName=jenkins1000, statistics=0 bytes read, 0 bytes written, 7 read ops, 0 large read ops, 4 write ops}
2019-09-25 07:18:40,098 [Thread-308] INFO  contract.AbstractFSContractTestBase (AbstractFSContractTestBase.java:describe(255)) - Verify renaming a file onto an existing file matches expectations
2019-09-25 07:18:40,101 [IPC Server handler 0 on 43327] INFO  pipeline.PipelinePlacementPolicy (PipelinePlacementPolicy.java:meetCriteria(91)) - Pipeline Placement: can't place more pipeline on heavy datanode： 4caa13bb-8f1a-47d8-8391-c914f782f260 Heaviness: 6 limit: 5
2019-09-25 07:18:40,101 [IPC Server handler 0 on 43327] INFO  pipeline.PipelinePlacementPolicy (PipelinePlacementPolicy.java:meetCriteria(91)) - Pipeline Placement: can't place more pipeline on heavy datanode： d11a7d59-14f4-4b98-9a44-84ea7ce7b770 Heaviness: 6 limit: 5
2019-09-25 07:18:40,102 [IPC Server handler 0 on 43327] INFO  pipeline.PipelinePlacementPolicy (PipelinePlacementPolicy.java:meetCriteria(91)) - Pipeline Placement: can't place more pipeline on heavy datanode： eed0ea2a-d4e1-462d-acdf-3429f0a6e9fe Heaviness: 6 limit: 5
2019-09-25 07:18:40,102 [IPC Server handler 0 on 43327] INFO  pipeline.PipelinePlacementPolicy (PipelinePlacementPolicy.java:meetCriteria(91)) - Pipeline Placement: can't place more pipeline on heavy datanode： aebfb692-7b6b-4657-85e2-3d5c30e62964 Heaviness: 6 limit: 5
2019-09-25 07:18:40,102 [IPC Server handler 0 on 43327] INFO  pipeline.PipelinePlacementPolicy (PipelinePlacementPolicy.java:meetCriteria(91)) - Pipeline Placement: can't place more pipeline on heavy datanode： bd44bfbc-c212-4f8d-9cd2-0f97b4d8abf5 Heaviness: 6 limit: 5
2019-09-25 07:18:40,102 [IPC Server handler 0 on 43327] ERROR pipeline.PipelinePlacementPolicy (PipelinePlacementPolicy.java:filterViableNodes(148)) - Unable to find enough nodes that meet the criteria that cannot engage in more than 5 pipelines. Nodes required: 3 Found: 0, healthy nodes count inNodeManager: 5.
2019-09-25 07:18:40,103 [IPC Server handler 0 on 43327] ERROR pipeline.SCMPipelineManager (SCMPipelineManager.java:createPipeline(167)) - Pipeline creation failed.
org.apache.hadoop.hdds.scm.exceptions.SCMException: Unable to find enough nodes that meet the criteria that cannot engage in more than 5 pipelines. Nodes required: 3 Found: 0, healthy nodes count inNodeManager: 5.
	at org.apache.hadoop.hdds.scm.pipeline.PipelinePlacementPolicy.filterViableNodes(PipelinePlacementPolicy.java:149)
	at org.apache.hadoop.hdds.scm.pipeline.PipelinePlacementPolicy.chooseDatanodes(PipelinePlacementPolicy.java:172)
	at org.apache.hadoop.hdds.scm.pipeline.RatisPipelineProvider.create(RatisPipelineProvider.java:93)
	at org.apache.hadoop.hdds.scm.pipeline.PipelineFactory.create(PipelineFactory.java:58)
	at org.apache.hadoop.hdds.scm.pipeline.SCMPipelineManager.createPipeline(SCMPipelineManager.java:155)
	at org.apache.hadoop.hdds.scm.block.BlockManagerImpl.allocateBlock(BlockManagerImpl.java:190)
	at org.apache.hadoop.hdds.scm.server.SCMBlockProtocolServer.allocateBlock(SCMBlockProtocolServer.java:182)
	at org.apache.hadoop.ozone.protocolPB.ScmBlockLocationProtocolServerSideTranslatorPB.allocateScmBlock(ScmBlockLocationProtocolServerSideTranslatorPB.java:183)
	at org.apache.hadoop.ozone.protocolPB.ScmBlockLocationProtocolServerSideTranslatorPB.processMessage(ScmBlockLocationProtocolServerSideTranslatorPB.java:141)
	at org.apache.hadoop.ozone.protocolPB.ScmBlockLocationProtocolServerSideTranslatorPB.send(ScmBlockLocationProtocolServerSideTranslatorPB.java:116)
	at org.apache.hadoop.hdds.protocol.proto.ScmBlockLocationProtocolProtos$ScmBlockLocationProtocolService$2.callBlockingMethod(ScmBlockLocationProtocolProtos.java:13157)
	at org.apache.hadoop.ipc.ProtobufRpcEngine$Server$ProtoBufRpcInvoker.call(ProtobufRpcEngine.java:524)
	at org.apache.hadoop.ipc.RPC$Server.call(RPC.java:1025)
	at org.apache.hadoop.ipc.Server$RpcCall.run(Server.java:876)
	at org.apache.hadoop.ipc.Server$RpcCall.run(Server.java:822)
	at java.security.AccessController.doPrivileged(Native Method)
	at javax.security.auth.Subject.doAs(Subject.java:422)
	at org.apache.hadoop.security.UserGroupInformation.doAs(UserGroupInformation.java:1730)
	at org.apache.hadoop.ipc.Server$Handler.run(Server.java:2682)
2019-09-25 07:18:40,103 [IPC Server handler 0 on 43327] WARN  block.BlockManagerImpl (BlockManagerImpl.java:allocateBlock(192)) - Pipeline creation failed for type:RATIS factor:THREE. Retrying get pipelines call once.
org.apache.hadoop.hdds.scm.exceptions.SCMException: Unable to find enough nodes that meet the criteria that cannot engage in more than 5 pipelines. Nodes required: 3 Found: 0, healthy nodes count inNodeManager: 5.
	at org.apache.hadoop.hdds.scm.pipeline.PipelinePlacementPolicy.filterViableNodes(PipelinePlacementPolicy.java:149)
	at org.apache.hadoop.hdds.scm.pipeline.PipelinePlacementPolicy.chooseDatanodes(PipelinePlacementPolicy.java:172)
	at org.apache.hadoop.hdds.scm.pipeline.RatisPipelineProvider.create(RatisPipelineProvider.java:93)
	at org.apache.hadoop.hdds.scm.pipeline.PipelineFactory.create(PipelineFactory.java:58)
	at org.apache.hadoop.hdds.scm.pipeline.SCMPipelineManager.createPipeline(SCMPipelineManager.java:155)
	at org.apache.hadoop.hdds.scm.block.BlockManagerImpl.allocateBlock(BlockManagerImpl.java:190)
	at org.apache.hadoop.hdds.scm.server.SCMBlockProtocolServer.allocateBlock(SCMBlockProtocolServer.java:182)
	at org.apache.hadoop.ozone.protocolPB.ScmBlockLocationProtocolServerSideTranslatorPB.allocateScmBlock(ScmBlockLocationProtocolServerSideTranslatorPB.java:183)
	at org.apache.hadoop.ozone.protocolPB.ScmBlockLocationProtocolServerSideTranslatorPB.processMessage(ScmBlockLocationProtocolServerSideTranslatorPB.java:141)
	at org.apache.hadoop.ozone.protocolPB.ScmBlockLocationProtocolServerSideTranslatorPB.send(ScmBlockLocationProtocolServerSideTranslatorPB.java:116)
	at org.apache.hadoop.hdds.protocol.proto.ScmBlockLocationProtocolProtos$ScmBlockLocationProtocolService$2.callBlockingMethod(ScmBlockLocationProtocolProtos.java:13157)
	at org.apache.hadoop.ipc.ProtobufRpcEngine$Server$ProtoBufRpcInvoker.call(ProtobufRpcEngine.java:524)
	at org.apache.hadoop.ipc.RPC$Server.call(RPC.java:1025)
	at org.apache.hadoop.ipc.Server$RpcCall.run(Server.java:876)
	at org.apache.hadoop.ipc.Server$RpcCall.run(Server.java:822)
	at java.security.AccessController.doPrivileged(Native Method)
	at javax.security.auth.Subject.doAs(Subject.java:422)
	at org.apache.hadoop.security.UserGroupInformation.doAs(UserGroupInformation.java:1730)
	at org.apache.hadoop.ipc.Server$Handler.run(Server.java:2682)
2019-09-25 07:18:40,104 [IPC Server handler 0 on 43327] INFO  block.BlockManagerImpl (BlockManagerImpl.java:allocateBlock(198)) - Could not find available pipeline of type:RATIS and factor:THREE even after retrying
2019-09-25 07:18:40,104 [IPC Server handler 0 on 43327] ERROR block.BlockManagerImpl (BlockManagerImpl.java:allocateBlock(222)) - Unable to allocate a block for the size: 4194304, type: RATIS, factor: THREE
]]></system-out>
  </testcase>
  <testcase name="testRenameFileNonexistentDir" classname="org.apache.hadoop.fs.ozone.contract.ITestOzoneContractRename" time="0.151">
    <error message="Allocated 0 blocks. Requested 1 blocks" type="INTERNAL_ERROR org.apache.hadoop.ozone.om.exceptions.OMException">INTERNAL_ERROR org.apache.hadoop.ozone.om.exceptions.OMException: Allocated 0 blocks. Requested 1 blocks
	at org.apache.hadoop.ozone.om.protocolPB.OzoneManagerProtocolClientSideTranslatorPB.handleError(OzoneManagerProtocolClientSideTranslatorPB.java:732)
	at org.apache.hadoop.ozone.om.protocolPB.OzoneManagerProtocolClientSideTranslatorPB.createFile(OzoneManagerProtocolClientSideTranslatorPB.java:1536)
	at sun.reflect.NativeMethodAccessorImpl.invoke0(Native Method)
	at sun.reflect.NativeMethodAccessorImpl.invoke(NativeMethodAccessorImpl.java:62)
	at sun.reflect.DelegatingMethodAccessorImpl.invoke(DelegatingMethodAccessorImpl.java:43)
	at java.lang.reflect.Method.invoke(Method.java:498)
	at org.apache.hadoop.hdds.tracing.TraceAllMethod.invoke(TraceAllMethod.java:66)
	at com.sun.proxy.$Proxy41.createFile(Unknown Source)
	at org.apache.hadoop.ozone.client.rpc.RpcClient.createFile(RpcClient.java:1006)
	at org.apache.hadoop.ozone.client.OzoneBucket.createFile(OzoneBucket.java:537)
	at org.apache.hadoop.fs.ozone.BasicOzoneClientAdapterImpl.createFile(BasicOzoneClientAdapterImpl.java:205)
	at org.apache.hadoop.fs.ozone.BasicOzoneFileSystem.createOutputStream(BasicOzoneFileSystem.java:250)
	at org.apache.hadoop.fs.ozone.BasicOzoneFileSystem.create(BasicOzoneFileSystem.java:231)
	at org.apache.hadoop.fs.FileSystem.create(FileSystem.java:1118)
	at org.apache.hadoop.fs.FileSystem.create(FileSystem.java:1098)
	at org.apache.hadoop.fs.contract.ContractTestUtils.writeDataset(ContractTestUtils.java:182)
	at org.apache.hadoop.fs.contract.ContractTestUtils.writeDataset(ContractTestUtils.java:151)
	at org.apache.hadoop.fs.contract.AbstractContractRenameTest.testRenameFileNonexistentDir(AbstractContractRenameTest.java:166)
	at sun.reflect.NativeMethodAccessorImpl.invoke0(Native Method)
	at sun.reflect.NativeMethodAccessorImpl.invoke(NativeMethodAccessorImpl.java:62)
	at sun.reflect.DelegatingMethodAccessorImpl.invoke(DelegatingMethodAccessorImpl.java:43)
	at java.lang.reflect.Method.invoke(Method.java:498)
	at org.junit.runners.model.FrameworkMethod$1.runReflectiveCall(FrameworkMethod.java:47)
	at org.junit.internal.runners.model.ReflectiveCallable.run(ReflectiveCallable.java:12)
	at org.junit.runners.model.FrameworkMethod.invokeExplosively(FrameworkMethod.java:44)
	at org.junit.internal.runners.statements.InvokeMethod.evaluate(InvokeMethod.java:17)
	at org.junit.internal.runners.statements.RunBefores.evaluate(RunBefores.java:26)
	at org.junit.internal.runners.statements.RunAfters.evaluate(RunAfters.java:27)
	at org.junit.rules.TestWatcher$1.evaluate(TestWatcher.java:55)
	at org.junit.internal.runners.statements.FailOnTimeout$StatementThread.run(FailOnTimeout.java:74)
</error>
    <system-out><![CDATA[2019-09-25 07:18:40,167 [Thread-310] INFO  rpc.RpcClient (RpcClient.java:createVolume(276)) - Creating Volume: volume06122, with user93713 as owner.
2019-09-25 07:18:40,169 [IPC Server handler 5 on 46616] INFO  volume.OMVolumeCreateRequest (OMVolumeCreateRequest.java:validateAndUpdateCache(189)) - created volume:volume06122 for user:user93713
2019-09-25 07:18:40,173 [Thread-310] INFO  rpc.RpcClient (RpcClient.java:createBucket(415)) - Creating Bucket: volume06122/bucket37291, with Versioning false and Storage Type set to DISK and Encryption set to false 
2019-09-25 07:18:40,241 [Thread-310] INFO  contract.AbstractFSContractTestBase (AbstractFSContractTestBase.java:setup(184)) - Test filesystem = o3fs://bucket37291.volume06122 implemented by OzoneFileSystem{URI=o3fs://bucket37291.volume06122, workingDir=o3fs://bucket37291.volume06122/user/jenkins1000, userName=jenkins1000, statistics=0 bytes read, 0 bytes written, 10 read ops, 0 large read ops, 6 write ops}
2019-09-25 07:18:40,249 [Thread-310] INFO  contract.AbstractFSContractTestBase (AbstractFSContractTestBase.java:describe(255)) - rename a file into a new file in the same directory
2019-09-25 07:18:40,253 [IPC Server handler 4 on 43327] INFO  pipeline.PipelinePlacementPolicy (PipelinePlacementPolicy.java:meetCriteria(91)) - Pipeline Placement: can't place more pipeline on heavy datanode： 4caa13bb-8f1a-47d8-8391-c914f782f260 Heaviness: 6 limit: 5
2019-09-25 07:18:40,253 [IPC Server handler 4 on 43327] INFO  pipeline.PipelinePlacementPolicy (PipelinePlacementPolicy.java:meetCriteria(91)) - Pipeline Placement: can't place more pipeline on heavy datanode： d11a7d59-14f4-4b98-9a44-84ea7ce7b770 Heaviness: 6 limit: 5
2019-09-25 07:18:40,253 [IPC Server handler 4 on 43327] INFO  pipeline.PipelinePlacementPolicy (PipelinePlacementPolicy.java:meetCriteria(91)) - Pipeline Placement: can't place more pipeline on heavy datanode： eed0ea2a-d4e1-462d-acdf-3429f0a6e9fe Heaviness: 6 limit: 5
2019-09-25 07:18:40,254 [IPC Server handler 4 on 43327] INFO  pipeline.PipelinePlacementPolicy (PipelinePlacementPolicy.java:meetCriteria(91)) - Pipeline Placement: can't place more pipeline on heavy datanode： aebfb692-7b6b-4657-85e2-3d5c30e62964 Heaviness: 6 limit: 5
2019-09-25 07:18:40,254 [IPC Server handler 4 on 43327] INFO  pipeline.PipelinePlacementPolicy (PipelinePlacementPolicy.java:meetCriteria(91)) - Pipeline Placement: can't place more pipeline on heavy datanode： bd44bfbc-c212-4f8d-9cd2-0f97b4d8abf5 Heaviness: 6 limit: 5
2019-09-25 07:18:40,254 [IPC Server handler 4 on 43327] ERROR pipeline.PipelinePlacementPolicy (PipelinePlacementPolicy.java:filterViableNodes(148)) - Unable to find enough nodes that meet the criteria that cannot engage in more than 5 pipelines. Nodes required: 3 Found: 0, healthy nodes count inNodeManager: 5.
2019-09-25 07:18:40,255 [IPC Server handler 4 on 43327] ERROR pipeline.SCMPipelineManager (SCMPipelineManager.java:createPipeline(167)) - Pipeline creation failed.
org.apache.hadoop.hdds.scm.exceptions.SCMException: Unable to find enough nodes that meet the criteria that cannot engage in more than 5 pipelines. Nodes required: 3 Found: 0, healthy nodes count inNodeManager: 5.
	at org.apache.hadoop.hdds.scm.pipeline.PipelinePlacementPolicy.filterViableNodes(PipelinePlacementPolicy.java:149)
	at org.apache.hadoop.hdds.scm.pipeline.PipelinePlacementPolicy.chooseDatanodes(PipelinePlacementPolicy.java:172)
	at org.apache.hadoop.hdds.scm.pipeline.RatisPipelineProvider.create(RatisPipelineProvider.java:93)
	at org.apache.hadoop.hdds.scm.pipeline.PipelineFactory.create(PipelineFactory.java:58)
	at org.apache.hadoop.hdds.scm.pipeline.SCMPipelineManager.createPipeline(SCMPipelineManager.java:155)
	at org.apache.hadoop.hdds.scm.block.BlockManagerImpl.allocateBlock(BlockManagerImpl.java:190)
	at org.apache.hadoop.hdds.scm.server.SCMBlockProtocolServer.allocateBlock(SCMBlockProtocolServer.java:182)
	at org.apache.hadoop.ozone.protocolPB.ScmBlockLocationProtocolServerSideTranslatorPB.allocateScmBlock(ScmBlockLocationProtocolServerSideTranslatorPB.java:183)
	at org.apache.hadoop.ozone.protocolPB.ScmBlockLocationProtocolServerSideTranslatorPB.processMessage(ScmBlockLocationProtocolServerSideTranslatorPB.java:141)
	at org.apache.hadoop.ozone.protocolPB.ScmBlockLocationProtocolServerSideTranslatorPB.send(ScmBlockLocationProtocolServerSideTranslatorPB.java:116)
	at org.apache.hadoop.hdds.protocol.proto.ScmBlockLocationProtocolProtos$ScmBlockLocationProtocolService$2.callBlockingMethod(ScmBlockLocationProtocolProtos.java:13157)
	at org.apache.hadoop.ipc.ProtobufRpcEngine$Server$ProtoBufRpcInvoker.call(ProtobufRpcEngine.java:524)
	at org.apache.hadoop.ipc.RPC$Server.call(RPC.java:1025)
	at org.apache.hadoop.ipc.Server$RpcCall.run(Server.java:876)
	at org.apache.hadoop.ipc.Server$RpcCall.run(Server.java:822)
	at java.security.AccessController.doPrivileged(Native Method)
	at javax.security.auth.Subject.doAs(Subject.java:422)
	at org.apache.hadoop.security.UserGroupInformation.doAs(UserGroupInformation.java:1730)
	at org.apache.hadoop.ipc.Server$Handler.run(Server.java:2682)
2019-09-25 07:18:40,255 [IPC Server handler 4 on 43327] WARN  block.BlockManagerImpl (BlockManagerImpl.java:allocateBlock(192)) - Pipeline creation failed for type:RATIS factor:THREE. Retrying get pipelines call once.
org.apache.hadoop.hdds.scm.exceptions.SCMException: Unable to find enough nodes that meet the criteria that cannot engage in more than 5 pipelines. Nodes required: 3 Found: 0, healthy nodes count inNodeManager: 5.
	at org.apache.hadoop.hdds.scm.pipeline.PipelinePlacementPolicy.filterViableNodes(PipelinePlacementPolicy.java:149)
	at org.apache.hadoop.hdds.scm.pipeline.PipelinePlacementPolicy.chooseDatanodes(PipelinePlacementPolicy.java:172)
	at org.apache.hadoop.hdds.scm.pipeline.RatisPipelineProvider.create(RatisPipelineProvider.java:93)
	at org.apache.hadoop.hdds.scm.pipeline.PipelineFactory.create(PipelineFactory.java:58)
	at org.apache.hadoop.hdds.scm.pipeline.SCMPipelineManager.createPipeline(SCMPipelineManager.java:155)
	at org.apache.hadoop.hdds.scm.block.BlockManagerImpl.allocateBlock(BlockManagerImpl.java:190)
	at org.apache.hadoop.hdds.scm.server.SCMBlockProtocolServer.allocateBlock(SCMBlockProtocolServer.java:182)
	at org.apache.hadoop.ozone.protocolPB.ScmBlockLocationProtocolServerSideTranslatorPB.allocateScmBlock(ScmBlockLocationProtocolServerSideTranslatorPB.java:183)
	at org.apache.hadoop.ozone.protocolPB.ScmBlockLocationProtocolServerSideTranslatorPB.processMessage(ScmBlockLocationProtocolServerSideTranslatorPB.java:141)
	at org.apache.hadoop.ozone.protocolPB.ScmBlockLocationProtocolServerSideTranslatorPB.send(ScmBlockLocationProtocolServerSideTranslatorPB.java:116)
	at org.apache.hadoop.hdds.protocol.proto.ScmBlockLocationProtocolProtos$ScmBlockLocationProtocolService$2.callBlockingMethod(ScmBlockLocationProtocolProtos.java:13157)
	at org.apache.hadoop.ipc.ProtobufRpcEngine$Server$ProtoBufRpcInvoker.call(ProtobufRpcEngine.java:524)
	at org.apache.hadoop.ipc.RPC$Server.call(RPC.java:1025)
	at org.apache.hadoop.ipc.Server$RpcCall.run(Server.java:876)
	at org.apache.hadoop.ipc.Server$RpcCall.run(Server.java:822)
	at java.security.AccessController.doPrivileged(Native Method)
	at javax.security.auth.Subject.doAs(Subject.java:422)
	at org.apache.hadoop.security.UserGroupInformation.doAs(UserGroupInformation.java:1730)
	at org.apache.hadoop.ipc.Server$Handler.run(Server.java:2682)
2019-09-25 07:18:40,256 [IPC Server handler 4 on 43327] INFO  block.BlockManagerImpl (BlockManagerImpl.java:allocateBlock(198)) - Could not find available pipeline of type:RATIS and factor:THREE even after retrying
2019-09-25 07:18:40,256 [IPC Server handler 4 on 43327] ERROR block.BlockManagerImpl (BlockManagerImpl.java:allocateBlock(222)) - Unable to allocate a block for the size: 4194304, type: RATIS, factor: THREE
]]></system-out>
  </testcase>
  <testcase name="testRenamePopulatesDirectoryAncestors" classname="org.apache.hadoop.fs.ozone.contract.ITestOzoneContractRename" time="0.198"/>
  <testcase name="testRenameNewFileSameDir" classname="org.apache.hadoop.fs.ozone.contract.ITestOzoneContractRename" time="0.096">
    <error message="Allocated 0 blocks. Requested 1 blocks" type="INTERNAL_ERROR org.apache.hadoop.ozone.om.exceptions.OMException">INTERNAL_ERROR org.apache.hadoop.ozone.om.exceptions.OMException: Allocated 0 blocks. Requested 1 blocks
	at org.apache.hadoop.ozone.om.protocolPB.OzoneManagerProtocolClientSideTranslatorPB.handleError(OzoneManagerProtocolClientSideTranslatorPB.java:732)
	at org.apache.hadoop.ozone.om.protocolPB.OzoneManagerProtocolClientSideTranslatorPB.createFile(OzoneManagerProtocolClientSideTranslatorPB.java:1536)
	at sun.reflect.NativeMethodAccessorImpl.invoke0(Native Method)
	at sun.reflect.NativeMethodAccessorImpl.invoke(NativeMethodAccessorImpl.java:62)
	at sun.reflect.DelegatingMethodAccessorImpl.invoke(DelegatingMethodAccessorImpl.java:43)
	at java.lang.reflect.Method.invoke(Method.java:498)
	at org.apache.hadoop.hdds.tracing.TraceAllMethod.invoke(TraceAllMethod.java:66)
	at com.sun.proxy.$Proxy41.createFile(Unknown Source)
	at org.apache.hadoop.ozone.client.rpc.RpcClient.createFile(RpcClient.java:1006)
	at org.apache.hadoop.ozone.client.OzoneBucket.createFile(OzoneBucket.java:537)
	at org.apache.hadoop.fs.ozone.BasicOzoneClientAdapterImpl.createFile(BasicOzoneClientAdapterImpl.java:205)
	at org.apache.hadoop.fs.ozone.BasicOzoneFileSystem.createOutputStream(BasicOzoneFileSystem.java:250)
	at org.apache.hadoop.fs.ozone.BasicOzoneFileSystem.create(BasicOzoneFileSystem.java:231)
	at org.apache.hadoop.fs.FileSystem.create(FileSystem.java:1118)
	at org.apache.hadoop.fs.FileSystem.create(FileSystem.java:1098)
	at org.apache.hadoop.fs.contract.ContractTestUtils.writeDataset(ContractTestUtils.java:182)
	at org.apache.hadoop.fs.contract.ContractTestUtils.writeDataset(ContractTestUtils.java:151)
	at org.apache.hadoop.fs.contract.AbstractContractRenameTest.testRenameNewFileSameDir(AbstractContractRenameTest.java:43)
	at sun.reflect.NativeMethodAccessorImpl.invoke0(Native Method)
	at sun.reflect.NativeMethodAccessorImpl.invoke(NativeMethodAccessorImpl.java:62)
	at sun.reflect.DelegatingMethodAccessorImpl.invoke(DelegatingMethodAccessorImpl.java:43)
	at java.lang.reflect.Method.invoke(Method.java:498)
	at org.junit.runners.model.FrameworkMethod$1.runReflectiveCall(FrameworkMethod.java:47)
	at org.junit.internal.runners.model.ReflectiveCallable.run(ReflectiveCallable.java:12)
	at org.junit.runners.model.FrameworkMethod.invokeExplosively(FrameworkMethod.java:44)
	at org.junit.internal.runners.statements.InvokeMethod.evaluate(InvokeMethod.java:17)
	at org.junit.internal.runners.statements.RunBefores.evaluate(RunBefores.java:26)
	at org.junit.internal.runners.statements.RunAfters.evaluate(RunAfters.java:27)
	at org.junit.rules.TestWatcher$1.evaluate(TestWatcher.java:55)
	at org.junit.internal.runners.statements.FailOnTimeout$StatementThread.run(FailOnTimeout.java:74)
</error>
    <system-out><![CDATA[2019-09-25 07:18:40,493 [Thread-314] INFO  rpc.RpcClient (RpcClient.java:createVolume(276)) - Creating Volume: volume17958, with user97123 as owner.
2019-09-25 07:18:40,494 [IPC Server handler 13 on 46616] INFO  volume.OMVolumeCreateRequest (OMVolumeCreateRequest.java:validateAndUpdateCache(189)) - created volume:volume17958 for user:user97123
2019-09-25 07:18:40,497 [Thread-314] INFO  rpc.RpcClient (RpcClient.java:createBucket(415)) - Creating Bucket: volume17958/bucket71186, with Versioning false and Storage Type set to DISK and Encryption set to false 
2019-09-25 07:18:40,544 [Thread-314] INFO  contract.AbstractFSContractTestBase (AbstractFSContractTestBase.java:setup(184)) - Test filesystem = o3fs://bucket71186.volume17958 implemented by OzoneFileSystem{URI=o3fs://bucket71186.volume17958, workingDir=o3fs://bucket71186.volume17958/user/jenkins1000, userName=jenkins1000, statistics=0 bytes read, 0 bytes written, 33 read ops, 0 large read ops, 10 write ops}
2019-09-25 07:18:40,546 [Thread-314] INFO  contract.AbstractFSContractTestBase (AbstractFSContractTestBase.java:describe(255)) - rename a file into a new file in the same directory
2019-09-25 07:18:40,549 [IPC Server handler 5 on 43327] INFO  pipeline.PipelinePlacementPolicy (PipelinePlacementPolicy.java:meetCriteria(91)) - Pipeline Placement: can't place more pipeline on heavy datanode： 4caa13bb-8f1a-47d8-8391-c914f782f260 Heaviness: 6 limit: 5
2019-09-25 07:18:40,549 [IPC Server handler 5 on 43327] INFO  pipeline.PipelinePlacementPolicy (PipelinePlacementPolicy.java:meetCriteria(91)) - Pipeline Placement: can't place more pipeline on heavy datanode： d11a7d59-14f4-4b98-9a44-84ea7ce7b770 Heaviness: 6 limit: 5
2019-09-25 07:18:40,549 [IPC Server handler 5 on 43327] INFO  pipeline.PipelinePlacementPolicy (PipelinePlacementPolicy.java:meetCriteria(91)) - Pipeline Placement: can't place more pipeline on heavy datanode： eed0ea2a-d4e1-462d-acdf-3429f0a6e9fe Heaviness: 6 limit: 5
2019-09-25 07:18:40,550 [IPC Server handler 5 on 43327] INFO  pipeline.PipelinePlacementPolicy (PipelinePlacementPolicy.java:meetCriteria(91)) - Pipeline Placement: can't place more pipeline on heavy datanode： aebfb692-7b6b-4657-85e2-3d5c30e62964 Heaviness: 6 limit: 5
2019-09-25 07:18:40,550 [IPC Server handler 5 on 43327] INFO  pipeline.PipelinePlacementPolicy (PipelinePlacementPolicy.java:meetCriteria(91)) - Pipeline Placement: can't place more pipeline on heavy datanode： bd44bfbc-c212-4f8d-9cd2-0f97b4d8abf5 Heaviness: 6 limit: 5
2019-09-25 07:18:40,550 [IPC Server handler 5 on 43327] ERROR pipeline.PipelinePlacementPolicy (PipelinePlacementPolicy.java:filterViableNodes(148)) - Unable to find enough nodes that meet the criteria that cannot engage in more than 5 pipelines. Nodes required: 3 Found: 0, healthy nodes count inNodeManager: 5.
2019-09-25 07:18:40,550 [IPC Server handler 5 on 43327] ERROR pipeline.SCMPipelineManager (SCMPipelineManager.java:createPipeline(167)) - Pipeline creation failed.
org.apache.hadoop.hdds.scm.exceptions.SCMException: Unable to find enough nodes that meet the criteria that cannot engage in more than 5 pipelines. Nodes required: 3 Found: 0, healthy nodes count inNodeManager: 5.
	at org.apache.hadoop.hdds.scm.pipeline.PipelinePlacementPolicy.filterViableNodes(PipelinePlacementPolicy.java:149)
	at org.apache.hadoop.hdds.scm.pipeline.PipelinePlacementPolicy.chooseDatanodes(PipelinePlacementPolicy.java:172)
	at org.apache.hadoop.hdds.scm.pipeline.RatisPipelineProvider.create(RatisPipelineProvider.java:93)
	at org.apache.hadoop.hdds.scm.pipeline.PipelineFactory.create(PipelineFactory.java:58)
	at org.apache.hadoop.hdds.scm.pipeline.SCMPipelineManager.createPipeline(SCMPipelineManager.java:155)
	at org.apache.hadoop.hdds.scm.block.BlockManagerImpl.allocateBlock(BlockManagerImpl.java:190)
	at org.apache.hadoop.hdds.scm.server.SCMBlockProtocolServer.allocateBlock(SCMBlockProtocolServer.java:182)
	at org.apache.hadoop.ozone.protocolPB.ScmBlockLocationProtocolServerSideTranslatorPB.allocateScmBlock(ScmBlockLocationProtocolServerSideTranslatorPB.java:183)
	at org.apache.hadoop.ozone.protocolPB.ScmBlockLocationProtocolServerSideTranslatorPB.processMessage(ScmBlockLocationProtocolServerSideTranslatorPB.java:141)
	at org.apache.hadoop.ozone.protocolPB.ScmBlockLocationProtocolServerSideTranslatorPB.send(ScmBlockLocationProtocolServerSideTranslatorPB.java:116)
	at org.apache.hadoop.hdds.protocol.proto.ScmBlockLocationProtocolProtos$ScmBlockLocationProtocolService$2.callBlockingMethod(ScmBlockLocationProtocolProtos.java:13157)
	at org.apache.hadoop.ipc.ProtobufRpcEngine$Server$ProtoBufRpcInvoker.call(ProtobufRpcEngine.java:524)
	at org.apache.hadoop.ipc.RPC$Server.call(RPC.java:1025)
	at org.apache.hadoop.ipc.Server$RpcCall.run(Server.java:876)
	at org.apache.hadoop.ipc.Server$RpcCall.run(Server.java:822)
	at java.security.AccessController.doPrivileged(Native Method)
	at javax.security.auth.Subject.doAs(Subject.java:422)
	at org.apache.hadoop.security.UserGroupInformation.doAs(UserGroupInformation.java:1730)
	at org.apache.hadoop.ipc.Server$Handler.run(Server.java:2682)
2019-09-25 07:18:40,553 [IPC Server handler 5 on 43327] WARN  block.BlockManagerImpl (BlockManagerImpl.java:allocateBlock(192)) - Pipeline creation failed for type:RATIS factor:THREE. Retrying get pipelines call once.
org.apache.hadoop.hdds.scm.exceptions.SCMException: Unable to find enough nodes that meet the criteria that cannot engage in more than 5 pipelines. Nodes required: 3 Found: 0, healthy nodes count inNodeManager: 5.
	at org.apache.hadoop.hdds.scm.pipeline.PipelinePlacementPolicy.filterViableNodes(PipelinePlacementPolicy.java:149)
	at org.apache.hadoop.hdds.scm.pipeline.PipelinePlacementPolicy.chooseDatanodes(PipelinePlacementPolicy.java:172)
	at org.apache.hadoop.hdds.scm.pipeline.RatisPipelineProvider.create(RatisPipelineProvider.java:93)
	at org.apache.hadoop.hdds.scm.pipeline.PipelineFactory.create(PipelineFactory.java:58)
	at org.apache.hadoop.hdds.scm.pipeline.SCMPipelineManager.createPipeline(SCMPipelineManager.java:155)
	at org.apache.hadoop.hdds.scm.block.BlockManagerImpl.allocateBlock(BlockManagerImpl.java:190)
	at org.apache.hadoop.hdds.scm.server.SCMBlockProtocolServer.allocateBlock(SCMBlockProtocolServer.java:182)
	at org.apache.hadoop.ozone.protocolPB.ScmBlockLocationProtocolServerSideTranslatorPB.allocateScmBlock(ScmBlockLocationProtocolServerSideTranslatorPB.java:183)
	at org.apache.hadoop.ozone.protocolPB.ScmBlockLocationProtocolServerSideTranslatorPB.processMessage(ScmBlockLocationProtocolServerSideTranslatorPB.java:141)
	at org.apache.hadoop.ozone.protocolPB.ScmBlockLocationProtocolServerSideTranslatorPB.send(ScmBlockLocationProtocolServerSideTranslatorPB.java:116)
	at org.apache.hadoop.hdds.protocol.proto.ScmBlockLocationProtocolProtos$ScmBlockLocationProtocolService$2.callBlockingMethod(ScmBlockLocationProtocolProtos.java:13157)
	at org.apache.hadoop.ipc.ProtobufRpcEngine$Server$ProtoBufRpcInvoker.call(ProtobufRpcEngine.java:524)
	at org.apache.hadoop.ipc.RPC$Server.call(RPC.java:1025)
	at org.apache.hadoop.ipc.Server$RpcCall.run(Server.java:876)
	at org.apache.hadoop.ipc.Server$RpcCall.run(Server.java:822)
	at java.security.AccessController.doPrivileged(Native Method)
	at javax.security.auth.Subject.doAs(Subject.java:422)
	at org.apache.hadoop.security.UserGroupInformation.doAs(UserGroupInformation.java:1730)
	at org.apache.hadoop.ipc.Server$Handler.run(Server.java:2682)
2019-09-25 07:18:40,554 [IPC Server handler 5 on 43327] INFO  block.BlockManagerImpl (BlockManagerImpl.java:allocateBlock(198)) - Could not find available pipeline of type:RATIS and factor:THREE even after retrying
2019-09-25 07:18:40,554 [IPC Server handler 5 on 43327] ERROR block.BlockManagerImpl (BlockManagerImpl.java:allocateBlock(222)) - Unable to allocate a block for the size: 4194304, type: RATIS, factor: THREE
]]></system-out>
  </testcase>
  <testcase name="testRenameNonexistentFile" classname="org.apache.hadoop.fs.ozone.contract.ITestOzoneContractRename" time="0.104"/>
  <testcase name="testRenameDirIntoExistingDir" classname="org.apache.hadoop.fs.ozone.contract.ITestOzoneContractRename" time="0.107">
    <error message="Allocated 0 blocks. Requested 1 blocks" type="INTERNAL_ERROR org.apache.hadoop.ozone.om.exceptions.OMException">INTERNAL_ERROR org.apache.hadoop.ozone.om.exceptions.OMException: Allocated 0 blocks. Requested 1 blocks
	at org.apache.hadoop.ozone.om.protocolPB.OzoneManagerProtocolClientSideTranslatorPB.handleError(OzoneManagerProtocolClientSideTranslatorPB.java:732)
	at org.apache.hadoop.ozone.om.protocolPB.OzoneManagerProtocolClientSideTranslatorPB.createFile(OzoneManagerProtocolClientSideTranslatorPB.java:1536)
	at sun.reflect.NativeMethodAccessorImpl.invoke0(Native Method)
	at sun.reflect.NativeMethodAccessorImpl.invoke(NativeMethodAccessorImpl.java:62)
	at sun.reflect.DelegatingMethodAccessorImpl.invoke(DelegatingMethodAccessorImpl.java:43)
	at java.lang.reflect.Method.invoke(Method.java:498)
	at org.apache.hadoop.hdds.tracing.TraceAllMethod.invoke(TraceAllMethod.java:66)
	at com.sun.proxy.$Proxy41.createFile(Unknown Source)
	at org.apache.hadoop.ozone.client.rpc.RpcClient.createFile(RpcClient.java:1006)
	at org.apache.hadoop.ozone.client.OzoneBucket.createFile(OzoneBucket.java:537)
	at org.apache.hadoop.fs.ozone.BasicOzoneClientAdapterImpl.createFile(BasicOzoneClientAdapterImpl.java:205)
	at org.apache.hadoop.fs.ozone.BasicOzoneFileSystem.createOutputStream(BasicOzoneFileSystem.java:250)
	at org.apache.hadoop.fs.ozone.BasicOzoneFileSystem.create(BasicOzoneFileSystem.java:231)
	at org.apache.hadoop.fs.FileSystem.create(FileSystem.java:1118)
	at org.apache.hadoop.fs.FileSystem.create(FileSystem.java:1098)
	at org.apache.hadoop.fs.contract.ContractTestUtils.writeDataset(ContractTestUtils.java:182)
	at org.apache.hadoop.fs.contract.ContractTestUtils.writeDataset(ContractTestUtils.java:151)
	at org.apache.hadoop.fs.contract.AbstractContractRenameTest.testRenameDirIntoExistingDir(AbstractContractRenameTest.java:144)
	at sun.reflect.NativeMethodAccessorImpl.invoke0(Native Method)
	at sun.reflect.NativeMethodAccessorImpl.invoke(NativeMethodAccessorImpl.java:62)
	at sun.reflect.DelegatingMethodAccessorImpl.invoke(DelegatingMethodAccessorImpl.java:43)
	at java.lang.reflect.Method.invoke(Method.java:498)
	at org.junit.runners.model.FrameworkMethod$1.runReflectiveCall(FrameworkMethod.java:47)
	at org.junit.internal.runners.model.ReflectiveCallable.run(ReflectiveCallable.java:12)
	at org.junit.runners.model.FrameworkMethod.invokeExplosively(FrameworkMethod.java:44)
	at org.junit.internal.runners.statements.InvokeMethod.evaluate(InvokeMethod.java:17)
	at org.junit.internal.runners.statements.RunBefores.evaluate(RunBefores.java:26)
	at org.junit.internal.runners.statements.RunAfters.evaluate(RunAfters.java:27)
	at org.junit.rules.TestWatcher$1.evaluate(TestWatcher.java:55)
	at org.junit.internal.runners.statements.FailOnTimeout$StatementThread.run(FailOnTimeout.java:74)
</error>
    <system-out><![CDATA[2019-09-25 07:18:40,702 [Thread-318] INFO  rpc.RpcClient (RpcClient.java:createVolume(276)) - Creating Volume: volume50337, with user05157 as owner.
2019-09-25 07:18:40,704 [IPC Server handler 4 on 46616] INFO  volume.OMVolumeCreateRequest (OMVolumeCreateRequest.java:validateAndUpdateCache(189)) - created volume:volume50337 for user:user05157
2019-09-25 07:18:40,707 [Thread-318] INFO  rpc.RpcClient (RpcClient.java:createBucket(415)) - Creating Bucket: volume50337/bucket00528, with Versioning false and Storage Type set to DISK and Encryption set to false 
2019-09-25 07:18:40,759 [Thread-318] INFO  contract.AbstractFSContractTestBase (AbstractFSContractTestBase.java:setup(184)) - Test filesystem = o3fs://bucket00528.volume50337 implemented by OzoneFileSystem{URI=o3fs://bucket00528.volume50337, workingDir=o3fs://bucket00528.volume50337/user/jenkins1000, userName=jenkins1000, statistics=0 bytes read, 0 bytes written, 41 read ops, 0 large read ops, 14 write ops}
2019-09-25 07:18:40,762 [Thread-318] INFO  contract.AbstractFSContractTestBase (AbstractFSContractTestBase.java:describe(255)) - Verify renaming a dir into an existing dir puts it underneath and leaves existing files alone
2019-09-25 07:18:40,764 [IPC Server handler 2 on 43327] INFO  pipeline.PipelinePlacementPolicy (PipelinePlacementPolicy.java:meetCriteria(91)) - Pipeline Placement: can't place more pipeline on heavy datanode： 4caa13bb-8f1a-47d8-8391-c914f782f260 Heaviness: 6 limit: 5
2019-09-25 07:18:40,765 [IPC Server handler 2 on 43327] INFO  pipeline.PipelinePlacementPolicy (PipelinePlacementPolicy.java:meetCriteria(91)) - Pipeline Placement: can't place more pipeline on heavy datanode： d11a7d59-14f4-4b98-9a44-84ea7ce7b770 Heaviness: 6 limit: 5
2019-09-25 07:18:40,765 [IPC Server handler 2 on 43327] INFO  pipeline.PipelinePlacementPolicy (PipelinePlacementPolicy.java:meetCriteria(91)) - Pipeline Placement: can't place more pipeline on heavy datanode： eed0ea2a-d4e1-462d-acdf-3429f0a6e9fe Heaviness: 6 limit: 5
2019-09-25 07:18:40,765 [IPC Server handler 2 on 43327] INFO  pipeline.PipelinePlacementPolicy (PipelinePlacementPolicy.java:meetCriteria(91)) - Pipeline Placement: can't place more pipeline on heavy datanode： aebfb692-7b6b-4657-85e2-3d5c30e62964 Heaviness: 6 limit: 5
2019-09-25 07:18:40,765 [IPC Server handler 2 on 43327] INFO  pipeline.PipelinePlacementPolicy (PipelinePlacementPolicy.java:meetCriteria(91)) - Pipeline Placement: can't place more pipeline on heavy datanode： bd44bfbc-c212-4f8d-9cd2-0f97b4d8abf5 Heaviness: 6 limit: 5
2019-09-25 07:18:40,765 [IPC Server handler 2 on 43327] ERROR pipeline.PipelinePlacementPolicy (PipelinePlacementPolicy.java:filterViableNodes(148)) - Unable to find enough nodes that meet the criteria that cannot engage in more than 5 pipelines. Nodes required: 3 Found: 0, healthy nodes count inNodeManager: 5.
2019-09-25 07:18:40,765 [IPC Server handler 2 on 43327] ERROR pipeline.SCMPipelineManager (SCMPipelineManager.java:createPipeline(167)) - Pipeline creation failed.
org.apache.hadoop.hdds.scm.exceptions.SCMException: Unable to find enough nodes that meet the criteria that cannot engage in more than 5 pipelines. Nodes required: 3 Found: 0, healthy nodes count inNodeManager: 5.
	at org.apache.hadoop.hdds.scm.pipeline.PipelinePlacementPolicy.filterViableNodes(PipelinePlacementPolicy.java:149)
	at org.apache.hadoop.hdds.scm.pipeline.PipelinePlacementPolicy.chooseDatanodes(PipelinePlacementPolicy.java:172)
	at org.apache.hadoop.hdds.scm.pipeline.RatisPipelineProvider.create(RatisPipelineProvider.java:93)
	at org.apache.hadoop.hdds.scm.pipeline.PipelineFactory.create(PipelineFactory.java:58)
	at org.apache.hadoop.hdds.scm.pipeline.SCMPipelineManager.createPipeline(SCMPipelineManager.java:155)
	at org.apache.hadoop.hdds.scm.block.BlockManagerImpl.allocateBlock(BlockManagerImpl.java:190)
	at org.apache.hadoop.hdds.scm.server.SCMBlockProtocolServer.allocateBlock(SCMBlockProtocolServer.java:182)
	at org.apache.hadoop.ozone.protocolPB.ScmBlockLocationProtocolServerSideTranslatorPB.allocateScmBlock(ScmBlockLocationProtocolServerSideTranslatorPB.java:183)
	at org.apache.hadoop.ozone.protocolPB.ScmBlockLocationProtocolServerSideTranslatorPB.processMessage(ScmBlockLocationProtocolServerSideTranslatorPB.java:141)
	at org.apache.hadoop.ozone.protocolPB.ScmBlockLocationProtocolServerSideTranslatorPB.send(ScmBlockLocationProtocolServerSideTranslatorPB.java:116)
	at org.apache.hadoop.hdds.protocol.proto.ScmBlockLocationProtocolProtos$ScmBlockLocationProtocolService$2.callBlockingMethod(ScmBlockLocationProtocolProtos.java:13157)
	at org.apache.hadoop.ipc.ProtobufRpcEngine$Server$ProtoBufRpcInvoker.call(ProtobufRpcEngine.java:524)
	at org.apache.hadoop.ipc.RPC$Server.call(RPC.java:1025)
	at org.apache.hadoop.ipc.Server$RpcCall.run(Server.java:876)
	at org.apache.hadoop.ipc.Server$RpcCall.run(Server.java:822)
	at java.security.AccessController.doPrivileged(Native Method)
	at javax.security.auth.Subject.doAs(Subject.java:422)
	at org.apache.hadoop.security.UserGroupInformation.doAs(UserGroupInformation.java:1730)
	at org.apache.hadoop.ipc.Server$Handler.run(Server.java:2682)
2019-09-25 07:18:40,766 [IPC Server handler 2 on 43327] WARN  block.BlockManagerImpl (BlockManagerImpl.java:allocateBlock(192)) - Pipeline creation failed for type:RATIS factor:THREE. Retrying get pipelines call once.
org.apache.hadoop.hdds.scm.exceptions.SCMException: Unable to find enough nodes that meet the criteria that cannot engage in more than 5 pipelines. Nodes required: 3 Found: 0, healthy nodes count inNodeManager: 5.
	at org.apache.hadoop.hdds.scm.pipeline.PipelinePlacementPolicy.filterViableNodes(PipelinePlacementPolicy.java:149)
	at org.apache.hadoop.hdds.scm.pipeline.PipelinePlacementPolicy.chooseDatanodes(PipelinePlacementPolicy.java:172)
	at org.apache.hadoop.hdds.scm.pipeline.RatisPipelineProvider.create(RatisPipelineProvider.java:93)
	at org.apache.hadoop.hdds.scm.pipeline.PipelineFactory.create(PipelineFactory.java:58)
	at org.apache.hadoop.hdds.scm.pipeline.SCMPipelineManager.createPipeline(SCMPipelineManager.java:155)
	at org.apache.hadoop.hdds.scm.block.BlockManagerImpl.allocateBlock(BlockManagerImpl.java:190)
	at org.apache.hadoop.hdds.scm.server.SCMBlockProtocolServer.allocateBlock(SCMBlockProtocolServer.java:182)
	at org.apache.hadoop.ozone.protocolPB.ScmBlockLocationProtocolServerSideTranslatorPB.allocateScmBlock(ScmBlockLocationProtocolServerSideTranslatorPB.java:183)
	at org.apache.hadoop.ozone.protocolPB.ScmBlockLocationProtocolServerSideTranslatorPB.processMessage(ScmBlockLocationProtocolServerSideTranslatorPB.java:141)
	at org.apache.hadoop.ozone.protocolPB.ScmBlockLocationProtocolServerSideTranslatorPB.send(ScmBlockLocationProtocolServerSideTranslatorPB.java:116)
	at org.apache.hadoop.hdds.protocol.proto.ScmBlockLocationProtocolProtos$ScmBlockLocationProtocolService$2.callBlockingMethod(ScmBlockLocationProtocolProtos.java:13157)
	at org.apache.hadoop.ipc.ProtobufRpcEngine$Server$ProtoBufRpcInvoker.call(ProtobufRpcEngine.java:524)
	at org.apache.hadoop.ipc.RPC$Server.call(RPC.java:1025)
	at org.apache.hadoop.ipc.Server$RpcCall.run(Server.java:876)
	at org.apache.hadoop.ipc.Server$RpcCall.run(Server.java:822)
	at java.security.AccessController.doPrivileged(Native Method)
	at javax.security.auth.Subject.doAs(Subject.java:422)
	at org.apache.hadoop.security.UserGroupInformation.doAs(UserGroupInformation.java:1730)
	at org.apache.hadoop.ipc.Server$Handler.run(Server.java:2682)
2019-09-25 07:18:40,766 [IPC Server handler 2 on 43327] INFO  block.BlockManagerImpl (BlockManagerImpl.java:allocateBlock(198)) - Could not find available pipeline of type:RATIS and factor:THREE even after retrying
2019-09-25 07:18:40,766 [IPC Server handler 2 on 43327] ERROR block.BlockManagerImpl (BlockManagerImpl.java:allocateBlock(222)) - Unable to allocate a block for the size: 4194304, type: RATIS, factor: THREE
]]></system-out>
  </testcase>
</testsuite>