<?xml version="1.0" encoding="UTF-8"?>
<testsuite xmlns:xsi="http://www.w3.org/2001/XMLSchema-instance" xsi:noNamespaceSchemaLocation="https://maven.apache.org/surefire/maven-surefire-plugin/xsd/surefire-test-report.xsd" name="org.apache.hadoop.fs.ozone.TestOzoneFileSystem" time="148.269" tests="8" errors="4" skipped="0" failures="0">
  <properties>
    <property name="awt.toolkit" value="sun.awt.X11.XToolkit"/>
    <property name="file.encoding.pkg" value="sun.io"/>
    <property name="java.specification.version" value="1.8"/>
    <property name="sun.cpu.isalist" value=""/>
    <property name="sun.jnu.encoding" value="UTF-8"/>
    <property name="java.class.path" value="/workdir/hadoop-ozone/ozonefs/target/test-classes:/workdir/hadoop-ozone/ozonefs/target/classes:/home/user/.m2/repository/org/apache/hadoop/hadoop-common/3.2.0/hadoop-common-3.2.0.jar:/home/user/.m2/repository/org/apache/hadoop/hadoop-annotations/3.2.0/hadoop-annotations-3.2.0.jar:/usr/lib/jvm/java-1.8-openjdk/jre/../lib/tools.jar:/home/user/.m2/repository/com/google/guava/guava/11.0.2/guava-11.0.2.jar:/home/user/.m2/repository/commons-cli/commons-cli/1.2/commons-cli-1.2.jar:/home/user/.m2/repository/org/apache/commons/commons-math3/3.1.1/commons-math3-3.1.1.jar:/home/user/.m2/repository/org/apache/httpcomponents/httpclient/4.5.2/httpclient-4.5.2.jar:/home/user/.m2/repository/org/apache/httpcomponents/httpcore/4.4.4/httpcore-4.4.4.jar:/home/user/.m2/repository/commons-codec/commons-codec/1.11/commons-codec-1.11.jar:/home/user/.m2/repository/commons-io/commons-io/2.5/commons-io-2.5.jar:/home/user/.m2/repository/commons-net/commons-net/3.6/commons-net-3.6.jar:/home/user/.m2/repository/commons-collections/commons-collections/3.2.2/commons-collections-3.2.2.jar:/home/user/.m2/repository/javax/servlet/javax.servlet-api/3.1.0/javax.servlet-api-3.1.0.jar:/home/user/.m2/repository/org/eclipse/jetty/jetty-server/9.3.25.v20180904/jetty-server-9.3.25.v20180904.jar:/home/user/.m2/repository/org/eclipse/jetty/jetty-http/9.3.25.v20180904/jetty-http-9.3.25.v20180904.jar:/home/user/.m2/repository/org/eclipse/jetty/jetty-io/9.3.25.v20180904/jetty-io-9.3.25.v20180904.jar:/home/user/.m2/repository/org/eclipse/jetty/jetty-util/9.3.25.v20180904/jetty-util-9.3.25.v20180904.jar:/home/user/.m2/repository/org/eclipse/jetty/jetty-servlet/9.3.25.v20180904/jetty-servlet-9.3.25.v20180904.jar:/home/user/.m2/repository/org/eclipse/jetty/jetty-security/9.3.25.v20180904/jetty-security-9.3.25.v20180904.jar:/home/user/.m2/repository/org/eclipse/jetty/jetty-webapp/9.3.25.v20180904/jetty-webapp-9.3.25.v20180904.jar:/home/user/.m2/repository/org/eclipse/jetty/jetty-xml/9.3.25.v20180904/jetty-xml-9.3.25.v20180904.jar:/home/user/.m2/repository/javax/servlet/jsp/jsp-api/2.1/jsp-api-2.1.jar:/home/user/.m2/repository/com/sun/jersey/jersey-core/1.19/jersey-core-1.19.jar:/home/user/.m2/repository/javax/ws/rs/jsr311-api/1.1.1/jsr311-api-1.1.1.jar:/home/user/.m2/repository/com/sun/jersey/jersey-servlet/1.19/jersey-servlet-1.19.jar:/home/user/.m2/repository/com/sun/jersey/jersey-json/1.19/jersey-json-1.19.jar:/home/user/.m2/repository/org/codehaus/jettison/jettison/1.1/jettison-1.1.jar:/home/user/.m2/repository/com/sun/xml/bind/jaxb-impl/2.3.0.1/jaxb-impl-2.3.0.1.jar:/home/user/.m2/repository/org/codehaus/jackson/jackson-core-asl/1.9.13/jackson-core-asl-1.9.13.jar:/home/user/.m2/repository/org/codehaus/jackson/jackson-mapper-asl/1.9.13/jackson-mapper-asl-1.9.13.jar:/home/user/.m2/repository/org/codehaus/jackson/jackson-jaxrs/1.9.13/jackson-jaxrs-1.9.13.jar:/home/user/.m2/repository/org/codehaus/jackson/jackson-xc/1.9.13/jackson-xc-1.9.13.jar:/home/user/.m2/repository/com/sun/jersey/jersey-server/1.19/jersey-server-1.19.jar:/home/user/.m2/repository/commons-logging/commons-logging/1.1.3/commons-logging-1.1.3.jar:/home/user/.m2/repository/log4j/log4j/1.2.17/log4j-1.2.17.jar:/home/user/.m2/repository/commons-beanutils/commons-beanutils/1.9.4/commons-beanutils-1.9.4.jar:/home/user/.m2/repository/org/apache/commons/commons-configuration2/2.1.1/commons-configuration2-2.1.1.jar:/home/user/.m2/repository/org/apache/commons/commons-lang3/3.7/commons-lang3-3.7.jar:/home/user/.m2/repository/org/apache/commons/commons-text/1.4/commons-text-1.4.jar:/home/user/.m2/repository/org/slf4j/slf4j-api/1.7.25/slf4j-api-1.7.25.jar:/home/user/.m2/repository/org/slf4j/slf4j-log4j12/1.7.25/slf4j-log4j12-1.7.25.jar:/home/user/.m2/repository/org/apache/avro/avro/1.7.7/avro-1.7.7.jar:/home/user/.m2/repository/com/thoughtworks/paranamer/paranamer/2.3/paranamer-2.3.jar:/home/user/.m2/repository/org/xerial/snappy/snappy-java/1.0.5/snappy-java-1.0.5.jar:/home/user/.m2/repository/com/google/re2j/re2j/1.1/re2j-1.1.jar:/home/user/.m2/repository/com/google/protobuf/protobuf-java/2.5.0/protobuf-java-2.5.0.jar:/home/user/.m2/repository/com/google/code/gson/gson/2.2.4/gson-2.2.4.jar:/home/user/.m2/repository/org/apache/hadoop/hadoop-auth/3.2.0/hadoop-auth-3.2.0.jar:/home/user/.m2/repository/com/nimbusds/nimbus-jose-jwt/4.41.1/nimbus-jose-jwt-4.41.1.jar:/home/user/.m2/repository/com/github/stephenc/jcip/jcip-annotations/1.0-1/jcip-annotations-1.0-1.jar:/home/user/.m2/repository/net/minidev/json-smart/2.3/json-smart-2.3.jar:/home/user/.m2/repository/net/minidev/accessors-smart/1.2/accessors-smart-1.2.jar:/home/user/.m2/repository/org/apache/curator/curator-framework/2.12.0/curator-framework-2.12.0.jar:/home/user/.m2/repository/com/jcraft/jsch/0.1.54/jsch-0.1.54.jar:/home/user/.m2/repository/org/apache/curator/curator-client/2.12.0/curator-client-2.12.0.jar:/home/user/.m2/repository/org/apache/curator/curator-recipes/2.12.0/curator-recipes-2.12.0.jar:/home/user/.m2/repository/com/google/code/findbugs/jsr305/3.0.0/jsr305-3.0.0.jar:/home/user/.m2/repository/org/apache/htrace/htrace-core4/4.1.0-incubating/htrace-core4-4.1.0-incubating.jar:/home/user/.m2/repository/org/apache/zookeeper/zookeeper/3.4.13/zookeeper-3.4.13.jar:/home/user/.m2/repository/jline/jline/0.9.94/jline-0.9.94.jar:/home/user/.m2/repository/org/apache/yetus/audience-annotations/0.5.0/audience-annotations-0.5.0.jar:/home/user/.m2/repository/org/apache/commons/commons-compress/1.4.1/commons-compress-1.4.1.jar:/home/user/.m2/repository/org/tukaani/xz/1.0/xz-1.0.jar:/home/user/.m2/repository/org/apache/kerby/kerb-simplekdc/1.0.1/kerb-simplekdc-1.0.1.jar:/home/user/.m2/repository/org/apache/kerby/kerb-client/1.0.1/kerb-client-1.0.1.jar:/home/user/.m2/repository/org/apache/kerby/kerby-config/1.0.1/kerby-config-1.0.1.jar:/home/user/.m2/repository/org/apache/kerby/kerb-core/1.0.1/kerb-core-1.0.1.jar:/home/user/.m2/repository/org/apache/kerby/kerby-pkix/1.0.1/kerby-pkix-1.0.1.jar:/home/user/.m2/repository/org/apache/kerby/kerby-asn1/1.0.1/kerby-asn1-1.0.1.jar:/home/user/.m2/repository/org/apache/kerby/kerby-util/1.0.1/kerby-util-1.0.1.jar:/home/user/.m2/repository/org/apache/kerby/kerb-common/1.0.1/kerb-common-1.0.1.jar:/home/user/.m2/repository/org/apache/kerby/kerb-crypto/1.0.1/kerb-crypto-1.0.1.jar:/home/user/.m2/repository/org/apache/kerby/kerb-util/1.0.1/kerb-util-1.0.1.jar:/home/user/.m2/repository/org/apache/kerby/token-provider/1.0.1/token-provider-1.0.1.jar:/home/user/.m2/repository/org/apache/kerby/kerb-admin/1.0.1/kerb-admin-1.0.1.jar:/home/user/.m2/repository/org/apache/kerby/kerb-server/1.0.1/kerb-server-1.0.1.jar:/home/user/.m2/repository/org/apache/kerby/kerb-identity/1.0.1/kerb-identity-1.0.1.jar:/home/user/.m2/repository/org/apache/kerby/kerby-xdr/1.0.1/kerby-xdr-1.0.1.jar:/home/user/.m2/repository/com/fasterxml/jackson/core/jackson-databind/2.9.9/jackson-databind-2.9.9.jar:/home/user/.m2/repository/com/fasterxml/jackson/core/jackson-annotations/2.9.9/jackson-annotations-2.9.9.jar:/home/user/.m2/repository/com/fasterxml/jackson/core/jackson-core/2.9.9/jackson-core-2.9.9.jar:/home/user/.m2/repository/org/codehaus/woodstox/stax2-api/3.1.4/stax2-api-3.1.4.jar:/home/user/.m2/repository/com/fasterxml/woodstox/woodstox-core/5.0.3/woodstox-core-5.0.3.jar:/home/user/.m2/repository/dnsjava/dnsjava/2.1.7/dnsjava-2.1.7.jar:/home/user/.m2/repository/org/apache/hadoop/hadoop-hdfs/3.2.0/hadoop-hdfs-3.2.0.jar:/home/user/.m2/repository/org/eclipse/jetty/jetty-util-ajax/9.3.25.v20180904/jetty-util-ajax-9.3.25.v20180904.jar:/home/user/.m2/repository/commons-daemon/commons-daemon/1.0.13/commons-daemon-1.0.13.jar:/home/user/.m2/repository/io/netty/netty/3.10.5.Final/netty-3.10.5.Final.jar:/home/user/.m2/repository/io/netty/netty-all/4.0.52.Final/netty-all-4.0.52.Final.jar:/home/user/.m2/repository/org/fusesource/leveldbjni/leveldbjni-all/1.8/leveldbjni-all-1.8.jar:/home/user/.m2/repository/org/apache/hadoop/hadoop-hdds-common/0.5.0-SNAPSHOT/hadoop-hdds-common-0.5.0-SNAPSHOT.jar:/home/user/.m2/repository/org/apache/hadoop/hadoop-hdds-config/0.5.0-SNAPSHOT/hadoop-hdds-config-0.5.0-SNAPSHOT.jar:/home/user/.m2/repository/javax/annotation/javax.annotation-api/1.2/javax.annotation-api-1.2.jar:/home/user/.m2/repository/org/apache/ratis/ratis-server/0.4.0/ratis-server-0.4.0.jar:/home/user/.m2/repository/org/apache/ratis/ratis-thirdparty-misc/0.2.0/ratis-thirdparty-misc-0.2.0.jar:/home/user/.m2/repository/org/apache/ratis/ratis-proto/0.4.0/ratis-proto-0.4.0.jar:/home/user/.m2/repository/org/apache/ratis/ratis-common/0.4.0/ratis-common-0.4.0.jar:/home/user/.m2/repository/org/apache/ratis/ratis-client/0.4.0/ratis-client-0.4.0.jar:/home/user/.m2/repository/org/apache/ratis/ratis-metrics/0.4.0/ratis-metrics-0.4.0.jar:/home/user/.m2/repository/com/github/joshelser/dropwizard-metrics-hadoop-metrics2-reporter/0.1.2/dropwizard-metrics-hadoop-metrics2-reporter-0.1.2.jar:/home/user/.m2/repository/io/dropwizard/metrics/metrics-jvm/3.2.5/metrics-jvm-3.2.5.jar:/home/user/.m2/repository/io/dropwizard/metrics/metrics-ganglia/3.2.5/metrics-ganglia-3.2.5.jar:/home/user/.m2/repository/info/ganglia/gmetric4j/gmetric4j/1.0.7/gmetric4j-1.0.7.jar:/home/user/.m2/repository/org/apache/ratis/ratis-netty/0.4.0/ratis-netty-0.4.0.jar:/home/user/.m2/repository/org/apache/ratis/ratis-grpc/0.4.0/ratis-grpc-0.4.0.jar:/home/user/.m2/repository/org/rocksdb/rocksdbjni/6.0.1/rocksdbjni-6.0.1.jar:/home/user/.m2/repository/org/apache/logging/log4j/log4j-api/2.11.0/log4j-api-2.11.0.jar:/home/user/.m2/repository/org/apache/logging/log4j/log4j-core/2.11.0/log4j-core-2.11.0.jar:/home/user/.m2/repository/com/lmax/disruptor/3.4.2/disruptor-3.4.2.jar:/home/user/.m2/repository/org/apache/commons/commons-pool2/2.6.0/commons-pool2-2.6.0.jar:/home/user/.m2/repository/org/bouncycastle/bcpkix-jdk15on/1.60/bcpkix-jdk15on-1.60.jar:/home/user/.m2/repository/commons-validator/commons-validator/1.6/commons-validator-1.6.jar:/home/user/.m2/repository/commons-digester/commons-digester/1.8.1/commons-digester-1.8.1.jar:/home/user/.m2/repository/io/jaegertracing/jaeger-client/0.34.0/jaeger-client-0.34.0.jar:/home/user/.m2/repository/io/jaegertracing/jaeger-thrift/0.34.0/jaeger-thrift-0.34.0.jar:/home/user/.m2/repository/org/apache/thrift/libthrift/0.12.0/libthrift-0.12.0.jar:/home/user/.m2/repository/com/squareup/okhttp3/okhttp/3.9.0/okhttp-3.9.0.jar:/home/user/.m2/repository/com/squareup/okio/okio/1.13.0/okio-1.13.0.jar:/home/user/.m2/repository/io/jaegertracing/jaeger-core/0.34.0/jaeger-core-0.34.0.jar:/home/user/.m2/repository/io/jaegertracing/jaeger-tracerresolver/0.34.0/jaeger-tracerresolver-0.34.0.jar:/home/user/.m2/repository/io/opentracing/contrib/opentracing-tracerresolver/0.1.5/opentracing-tracerresolver-0.1.5.jar:/home/user/.m2/repository/io/opentracing/opentracing-util/0.31.0/opentracing-util-0.31.0.jar:/home/user/.m2/repository/io/opentracing/opentracing-api/0.31.0/opentracing-api-0.31.0.jar:/home/user/.m2/repository/io/opentracing/opentracing-noop/0.31.0/opentracing-noop-0.31.0.jar:/home/user/.m2/repository/org/yaml/snakeyaml/1.16/snakeyaml-1.16.jar:/home/user/.m2/repository/org/apache/hadoop/hadoop-hdfs-client/3.2.0/hadoop-hdfs-client-3.2.0.jar:/home/user/.m2/repository/info/picocli/picocli/3.9.6/picocli-3.9.6.jar:/home/user/.m2/repository/org/apache/hadoop/hadoop-hdds-server-scm/0.5.0-SNAPSHOT/hadoop-hdds-server-scm-0.5.0-SNAPSHOT.jar:/home/user/.m2/repository/org/apache/hadoop/hadoop-hdds-docs/0.5.0-SNAPSHOT/hadoop-hdds-docs-0.5.0-SNAPSHOT.jar:/home/user/.m2/repository/io/dropwizard/metrics/metrics-core/3.2.4/metrics-core-3.2.4.jar:/home/user/.m2/repository/org/hamcrest/hamcrest-all/1.3/hamcrest-all-1.3.jar:/home/user/.m2/repository/org/bouncycastle/bcprov-jdk15on/1.60/bcprov-jdk15on-1.60.jar:/home/user/.m2/repository/org/apache/hadoop/hadoop-hdds-server-framework/0.5.0-SNAPSHOT/hadoop-hdds-server-framework-0.5.0-SNAPSHOT.jar:/home/user/.m2/repository/org/apache/hadoop/hadoop-ozone-ozone-manager/0.5.0-SNAPSHOT/hadoop-ozone-ozone-manager-0.5.0-SNAPSHOT.jar:/home/user/.m2/repository/org/apache/hadoop/hadoop-hdds-container-service/0.5.0-SNAPSHOT/hadoop-hdds-container-service-0.5.0-SNAPSHOT.jar:/home/user/.m2/repository/org/apache/hadoop/hadoop-hdds-client/0.5.0-SNAPSHOT/hadoop-hdds-client-0.5.0-SNAPSHOT.jar:/home/user/.m2/repository/org/apache/hadoop/hadoop-ozone-common/0.5.0-SNAPSHOT/hadoop-ozone-common-0.5.0-SNAPSHOT.jar:/home/user/.m2/repository/org/apache/hadoop/hadoop-hdds-tools/0.5.0-SNAPSHOT/hadoop-hdds-tools-0.5.0-SNAPSHOT.jar:/home/user/.m2/repository/org/xerial/sqlite-jdbc/3.25.2/sqlite-jdbc-3.25.2.jar:/home/user/.m2/repository/com/google/code/findbugs/findbugs/3.0.1/findbugs-3.0.1.jar:/home/user/.m2/repository/net/jcip/jcip-annotations/1.0/jcip-annotations-1.0.jar:/home/user/.m2/repository/com/google/code/findbugs/bcel-findbugs/6.0/bcel-findbugs-6.0.jar:/home/user/.m2/repository/com/google/code/findbugs/jFormatString/2.0.1/jFormatString-2.0.1.jar:/home/user/.m2/repository/dom4j/dom4j/1.6.1/dom4j-1.6.1.jar:/home/user/.m2/repository/xml-apis/xml-apis/1.0.b2/xml-apis-1.0.b2.jar:/home/user/.m2/repository/org/ow2/asm/asm-debug-all/5.0.2/asm-debug-all-5.0.2.jar:/home/user/.m2/repository/org/ow2/asm/asm-commons/5.0.2/asm-commons-5.0.2.jar:/home/user/.m2/repository/org/ow2/asm/asm-tree/5.0.2/asm-tree-5.0.2.jar:/home/user/.m2/repository/org/ow2/asm/asm/5.0.4/asm-5.0.4.jar:/home/user/.m2/repository/commons-lang/commons-lang/2.6/commons-lang-2.6.jar:/home/user/.m2/repository/com/apple/AppleJavaExtensions/1.4/AppleJavaExtensions-1.4.jar:/home/user/.m2/repository/jaxen/jaxen/1.1.6/jaxen-1.1.6.jar:/home/user/.m2/repository/org/apache/hadoop/hadoop-common/3.2.0/hadoop-common-3.2.0-tests.jar:/home/user/.m2/repository/org/apache/hadoop/hadoop-ozone-client/0.5.0-SNAPSHOT/hadoop-ozone-client-0.5.0-SNAPSHOT.jar:/home/user/.m2/repository/org/apache/hadoop/hadoop-hdfs/3.2.0/hadoop-hdfs-3.2.0-tests.jar:/workdir/hadoop-ozone/integration-test/target/test-classes:/home/user/.m2/repository/org/apache/hadoop/hadoop-ozone-s3gateway/0.5.0-SNAPSHOT/hadoop-ozone-s3gateway-0.5.0-SNAPSHOT.jar:/home/user/.m2/repository/org/jboss/weld/servlet/weld-servlet/2.4.7.Final/weld-servlet-2.4.7.Final.jar:/home/user/.m2/repository/org/glassfish/jersey/containers/jersey-container-servlet-core/2.27/jersey-container-servlet-core-2.27.jar:/home/user/.m2/repository/org/glassfish/hk2/external/javax.inject/2.5.0-b42/javax.inject-2.5.0-b42.jar:/home/user/.m2/repository/org/glassfish/jersey/core/jersey-common/2.27/jersey-common-2.27.jar:/home/user/.m2/repository/org/glassfish/hk2/osgi-resource-locator/1.0.1/osgi-resource-locator-1.0.1.jar:/home/user/.m2/repository/javax/ws/rs/javax.ws.rs-api/2.1/javax.ws.rs-api-2.1.jar:/home/user/.m2/repository/org/glassfish/jersey/ext/cdi/jersey-cdi1x/2.27/jersey-cdi1x-2.27.jar:/home/user/.m2/repository/org/glassfish/jersey/inject/jersey-hk2/2.27/jersey-hk2-2.27.jar:/home/user/.m2/repository/org/glassfish/hk2/hk2-locator/2.5.0-b42/hk2-locator-2.5.0-b42.jar:/home/user/.m2/repository/org/javassist/javassist/3.22.0-CR2/javassist-3.22.0-CR2.jar:/home/user/.m2/repository/org/glassfish/hk2/hk2-api/2.5.0/hk2-api-2.5.0.jar:/home/user/.m2/repository/org/glassfish/hk2/external/jakarta.inject/2.5.0/jakarta.inject-2.5.0.jar:/home/user/.m2/repository/org/glassfish/hk2/hk2-utils/2.5.0/hk2-utils-2.5.0.jar:/home/user/.m2/repository/jakarta/annotation/jakarta.annotation-api/1.3.4/jakarta.annotation-api-1.3.4.jar:/home/user/.m2/repository/org/glassfish/hk2/external/aopalliance-repackaged/2.5.0/aopalliance-repackaged-2.5.0.jar:/home/user/.m2/repository/com/fasterxml/jackson/dataformat/jackson-dataformat-xml/2.9.0/jackson-dataformat-xml-2.9.0.jar:/home/user/.m2/repository/com/fasterxml/jackson/module/jackson-module-jaxb-annotations/2.9.9/jackson-module-jaxb-annotations-2.9.9.jar:/home/user/.m2/repository/javax/enterprise/cdi-api/1.2/cdi-api-1.2.jar:/home/user/.m2/repository/javax/el/javax.el-api/3.0.0/javax.el-api-3.0.0.jar:/home/user/.m2/repository/javax/interceptor/javax.interceptor-api/1.2/javax.interceptor-api-1.2.jar:/home/user/.m2/repository/javax/inject/javax.inject/1/javax.inject-1.jar:/home/user/.m2/repository/com/sun/xml/bind/jaxb-core/2.3.0.1/jaxb-core-2.3.0.1.jar:/home/user/.m2/repository/javax/xml/bind/jaxb-api/2.3.0/jaxb-api-2.3.0.jar:/home/user/.m2/repository/javax/activation/activation/1.1.1/activation-1.1.1.jar:/home/user/.m2/repository/org/apache/hadoop/hadoop-ozone-csi/0.5.0-SNAPSHOT/hadoop-ozone-csi-0.5.0-SNAPSHOT.jar:/home/user/.m2/repository/com/google/protobuf/protobuf-java-util/3.5.1/protobuf-java-util-3.5.1.jar:/home/user/.m2/repository/io/grpc/grpc-netty/1.17.1/grpc-netty-1.17.1.jar:/home/user/.m2/repository/io/grpc/grpc-core/1.17.1/grpc-core-1.17.1.jar:/home/user/.m2/repository/io/grpc/grpc-context/1.17.1/grpc-context-1.17.1.jar:/home/user/.m2/repository/com/google/errorprone/error_prone_annotations/2.2.0/error_prone_annotations-2.2.0.jar:/home/user/.m2/repository/org/codehaus/mojo/animal-sniffer-annotations/1.17/animal-sniffer-annotations-1.17.jar:/home/user/.m2/repository/io/opencensus/opencensus-api/0.17.0/opencensus-api-0.17.0.jar:/home/user/.m2/repository/io/opencensus/opencensus-contrib-grpc-metrics/0.17.0/opencensus-contrib-grpc-metrics-0.17.0.jar:/home/user/.m2/repository/io/netty/netty-codec-http2/4.1.30.Final/netty-codec-http2-4.1.30.Final.jar:/home/user/.m2/repository/io/netty/netty-codec-http/4.1.30.Final/netty-codec-http-4.1.30.Final.jar:/home/user/.m2/repository/io/netty/netty-codec/4.1.30.Final/netty-codec-4.1.30.Final.jar:/home/user/.m2/repository/io/netty/netty-handler/4.1.30.Final/netty-handler-4.1.30.Final.jar:/home/user/.m2/repository/io/netty/netty-handler-proxy/4.1.30.Final/netty-handler-proxy-4.1.30.Final.jar:/home/user/.m2/repository/io/netty/netty-codec-socks/4.1.30.Final/netty-codec-socks-4.1.30.Final.jar:/home/user/.m2/repository/io/netty/netty-transport-native-epoll/4.1.30.Final/netty-transport-native-epoll-4.1.30.Final.jar:/home/user/.m2/repository/io/netty/netty-common/4.1.30.Final/netty-common-4.1.30.Final.jar:/home/user/.m2/repository/io/netty/netty-buffer/4.1.30.Final/netty-buffer-4.1.30.Final.jar:/home/user/.m2/repository/io/netty/netty-transport/4.1.30.Final/netty-transport-4.1.30.Final.jar:/home/user/.m2/repository/io/netty/netty-resolver/4.1.30.Final/netty-resolver-4.1.30.Final.jar:/home/user/.m2/repository/io/netty/netty-transport-native-unix-common/4.1.30.Final/netty-transport-native-unix-common-4.1.30.Final.jar:/home/user/.m2/repository/io/grpc/grpc-protobuf/1.17.1/grpc-protobuf-1.17.1.jar:/home/user/.m2/repository/com/google/api/grpc/proto-google-common-protos/1.0.0/proto-google-common-protos-1.0.0.jar:/home/user/.m2/repository/io/grpc/grpc-protobuf-lite/1.17.1/grpc-protobuf-lite-1.17.1.jar:/home/user/.m2/repository/io/grpc/grpc-stub/1.17.1/grpc-stub-1.17.1.jar:/home/user/.m2/repository/org/apache/hadoop/hadoop-ozone-recon/0.5.0-SNAPSHOT/hadoop-ozone-recon-0.5.0-SNAPSHOT.jar:/home/user/.m2/repository/org/apache/hadoop/hadoop-ozone-reconcodegen/0.5.0-SNAPSHOT/hadoop-ozone-reconcodegen-0.5.0-SNAPSHOT.jar:/home/user/.m2/repository/com/google/inject/extensions/guice-multibindings/4.0/guice-multibindings-4.0.jar:/home/user/.m2/repository/com/google/inject/guice/4.0/guice-4.0.jar:/home/user/.m2/repository/aopalliance/aopalliance/1.0/aopalliance-1.0.jar:/home/user/.m2/repository/org/glassfish/jersey/containers/jersey-container-servlet/2.27/jersey-container-servlet-2.27.jar:/home/user/.m2/repository/org/glassfish/hk2/guice-bridge/2.5.0/guice-bridge-2.5.0.jar:/home/user/.m2/repository/org/glassfish/jersey/core/jersey-server/2.27/jersey-server-2.27.jar:/home/user/.m2/repository/org/glassfish/jersey/core/jersey-client/2.27/jersey-client-2.27.jar:/home/user/.m2/repository/org/glassfish/jersey/media/jersey-media-jaxb/2.27/jersey-media-jaxb-2.27.jar:/home/user/.m2/repository/javax/validation/validation-api/1.1.0.Final/validation-api-1.1.0.Final.jar:/home/user/.m2/repository/org/glassfish/jersey/media/jersey-media-json-jackson/2.27/jersey-media-json-jackson-2.27.jar:/home/user/.m2/repository/org/glassfish/jersey/ext/jersey-entity-filtering/2.27/jersey-entity-filtering-2.27.jar:/home/user/.m2/repository/com/google/inject/extensions/guice-assistedinject/4.0/guice-assistedinject-4.0.jar:/home/user/.m2/repository/org/jooq/jooq/3.11.10/jooq-3.11.10.jar:/home/user/.m2/repository/org/jooq/jooq-meta/3.11.10/jooq-meta-3.11.10.jar:/home/user/.m2/repository/org/jooq/jooq-codegen/3.11.10/jooq-codegen-3.11.10.jar:/home/user/.m2/repository/com/jolbox/bonecp/0.8.0.RELEASE/bonecp-0.8.0.RELEASE.jar:/home/user/.m2/repository/org/springframework/spring-jdbc/5.1.3.RELEASE/spring-jdbc-5.1.3.RELEASE.jar:/home/user/.m2/repository/org/springframework/spring-beans/5.1.3.RELEASE/spring-beans-5.1.3.RELEASE.jar:/home/user/.m2/repository/org/springframework/spring-core/5.1.3.RELEASE/spring-core-5.1.3.RELEASE.jar:/home/user/.m2/repository/org/springframework/spring-jcl/5.1.3.RELEASE/spring-jcl-5.1.3.RELEASE.jar:/home/user/.m2/repository/org/springframework/spring-tx/5.1.3.RELEASE/spring-tx-5.1.3.RELEASE.jar:/home/user/.m2/repository/org/mockito/mockito-all/1.10.19/mockito-all-1.10.19.jar:/home/user/.m2/repository/junit/junit/4.11/junit-4.11.jar:/home/user/.m2/repository/org/hamcrest/hamcrest-core/1.3/hamcrest-core-1.3.jar:/home/user/.m2/repository/org/apache/hadoop/hadoop-distcp/3.2.0/hadoop-distcp-3.2.0.jar:/home/user/.m2/repository/org/apache/hadoop/hadoop-distcp/3.2.0/hadoop-distcp-3.2.0-tests.jar:/home/user/.m2/repository/org/apache/hadoop/hadoop-mapreduce-client-jobclient/3.2.0/hadoop-mapreduce-client-jobclient-3.2.0.jar:/home/user/.m2/repository/org/apache/hadoop/hadoop-mapreduce-client-common/3.2.0/hadoop-mapreduce-client-common-3.2.0.jar:/home/user/.m2/repository/org/apache/hadoop/hadoop-yarn-common/3.2.0/hadoop-yarn-common-3.2.0.jar:/home/user/.m2/repository/org/apache/hadoop/hadoop-yarn-api/3.2.0/hadoop-yarn-api-3.2.0.jar:/home/user/.m2/repository/com/sun/jersey/jersey-client/1.19/jersey-client-1.19.jar:/home/user/.m2/repository/com/sun/jersey/contribs/jersey-guice/1.19/jersey-guice-1.19.jar:/home/user/.m2/repository/com/fasterxml/jackson/jaxrs/jackson-jaxrs-json-provider/2.9.9/jackson-jaxrs-json-provider-2.9.9.jar:/home/user/.m2/repository/com/fasterxml/jackson/jaxrs/jackson-jaxrs-base/2.9.9/jackson-jaxrs-base-2.9.9.jar:/home/user/.m2/repository/org/apache/hadoop/hadoop-yarn-client/3.2.0/hadoop-yarn-client-3.2.0.jar:/home/user/.m2/repository/org/apache/hadoop/hadoop-mapreduce-client-core/3.2.0/hadoop-mapreduce-client-core-3.2.0.jar:/home/user/.m2/repository/com/google/inject/extensions/guice-servlet/4.0/guice-servlet-4.0.jar:/home/user/.m2/repository/org/powermock/powermock-module-junit4/1.6.5/powermock-module-junit4-1.6.5.jar:/home/user/.m2/repository/org/powermock/powermock-module-junit4-common/1.6.5/powermock-module-junit4-common-1.6.5.jar:/home/user/.m2/repository/org/powermock/powermock-core/1.6.5/powermock-core-1.6.5.jar:/home/user/.m2/repository/org/powermock/powermock-reflect/1.6.5/powermock-reflect-1.6.5.jar:/home/user/.m2/repository/org/powermock/powermock-api-mockito/1.6.5/powermock-api-mockito-1.6.5.jar:/home/user/.m2/repository/org/mockito/mockito-core/1.10.19/mockito-core-1.10.19.jar:/home/user/.m2/repository/org/objenesis/objenesis/1.0/objenesis-1.0.jar:/home/user/.m2/repository/org/powermock/powermock-api-mockito-common/1.6.5/powermock-api-mockito-common-1.6.5.jar:/home/user/.m2/repository/org/powermock/powermock-api-support/1.6.5/powermock-api-support-1.6.5.jar:"/>
    <property name="java.vm.vendor" value="IcedTea"/>
    <property name="sun.arch.data.model" value="64"/>
    <property name="test.build.dir" value="/workdir/hadoop-ozone/ozonefs/target/test-dir"/>
    <property name="test.cache.data" value=""/>
    <property name="java.vendor.url" value="https://icedtea.classpath.org"/>
    <property name="user.timezone" value=""/>
    <property name="java.vm.specification.version" value="1.8"/>
    <property name="os.name" value="Linux"/>
    <property name="test.build.data" value="/workdir/hadoop-ozone/ozonefs/target/test-dir"/>
    <property name="user.country" value="US"/>
    <property name="sun.java.launcher" value="SUN_STANDARD"/>
    <property name="sun.boot.library.path" value="/usr/lib/jvm/java-1.8-openjdk/jre/lib/amd64"/>
    <property name="sun.java.command" value="/workdir/hadoop-ozone/ozonefs/target/surefire/surefirebooter436610062526401195.jar /workdir/hadoop-ozone/ozonefs/target/surefire 2019-09-25T03-16-05_214-jvmRun1 surefire3574423522661348633tmp surefire_1068378477545082414432tmp"/>
    <property name="test" value="!TestMiniChaosOzoneCluster"/>
    <property name="surefire.test.class.path" value="/workdir/hadoop-ozone/ozonefs/target/test-classes:/workdir/hadoop-ozone/ozonefs/target/classes:/home/user/.m2/repository/org/apache/hadoop/hadoop-common/3.2.0/hadoop-common-3.2.0.jar:/home/user/.m2/repository/org/apache/hadoop/hadoop-annotations/3.2.0/hadoop-annotations-3.2.0.jar:/usr/lib/jvm/java-1.8-openjdk/jre/../lib/tools.jar:/home/user/.m2/repository/com/google/guava/guava/11.0.2/guava-11.0.2.jar:/home/user/.m2/repository/commons-cli/commons-cli/1.2/commons-cli-1.2.jar:/home/user/.m2/repository/org/apache/commons/commons-math3/3.1.1/commons-math3-3.1.1.jar:/home/user/.m2/repository/org/apache/httpcomponents/httpclient/4.5.2/httpclient-4.5.2.jar:/home/user/.m2/repository/org/apache/httpcomponents/httpcore/4.4.4/httpcore-4.4.4.jar:/home/user/.m2/repository/commons-codec/commons-codec/1.11/commons-codec-1.11.jar:/home/user/.m2/repository/commons-io/commons-io/2.5/commons-io-2.5.jar:/home/user/.m2/repository/commons-net/commons-net/3.6/commons-net-3.6.jar:/home/user/.m2/repository/commons-collections/commons-collections/3.2.2/commons-collections-3.2.2.jar:/home/user/.m2/repository/javax/servlet/javax.servlet-api/3.1.0/javax.servlet-api-3.1.0.jar:/home/user/.m2/repository/org/eclipse/jetty/jetty-server/9.3.25.v20180904/jetty-server-9.3.25.v20180904.jar:/home/user/.m2/repository/org/eclipse/jetty/jetty-http/9.3.25.v20180904/jetty-http-9.3.25.v20180904.jar:/home/user/.m2/repository/org/eclipse/jetty/jetty-io/9.3.25.v20180904/jetty-io-9.3.25.v20180904.jar:/home/user/.m2/repository/org/eclipse/jetty/jetty-util/9.3.25.v20180904/jetty-util-9.3.25.v20180904.jar:/home/user/.m2/repository/org/eclipse/jetty/jetty-servlet/9.3.25.v20180904/jetty-servlet-9.3.25.v20180904.jar:/home/user/.m2/repository/org/eclipse/jetty/jetty-security/9.3.25.v20180904/jetty-security-9.3.25.v20180904.jar:/home/user/.m2/repository/org/eclipse/jetty/jetty-webapp/9.3.25.v20180904/jetty-webapp-9.3.25.v20180904.jar:/home/user/.m2/repository/org/eclipse/jetty/jetty-xml/9.3.25.v20180904/jetty-xml-9.3.25.v20180904.jar:/home/user/.m2/repository/javax/servlet/jsp/jsp-api/2.1/jsp-api-2.1.jar:/home/user/.m2/repository/com/sun/jersey/jersey-core/1.19/jersey-core-1.19.jar:/home/user/.m2/repository/javax/ws/rs/jsr311-api/1.1.1/jsr311-api-1.1.1.jar:/home/user/.m2/repository/com/sun/jersey/jersey-servlet/1.19/jersey-servlet-1.19.jar:/home/user/.m2/repository/com/sun/jersey/jersey-json/1.19/jersey-json-1.19.jar:/home/user/.m2/repository/org/codehaus/jettison/jettison/1.1/jettison-1.1.jar:/home/user/.m2/repository/com/sun/xml/bind/jaxb-impl/2.3.0.1/jaxb-impl-2.3.0.1.jar:/home/user/.m2/repository/org/codehaus/jackson/jackson-core-asl/1.9.13/jackson-core-asl-1.9.13.jar:/home/user/.m2/repository/org/codehaus/jackson/jackson-mapper-asl/1.9.13/jackson-mapper-asl-1.9.13.jar:/home/user/.m2/repository/org/codehaus/jackson/jackson-jaxrs/1.9.13/jackson-jaxrs-1.9.13.jar:/home/user/.m2/repository/org/codehaus/jackson/jackson-xc/1.9.13/jackson-xc-1.9.13.jar:/home/user/.m2/repository/com/sun/jersey/jersey-server/1.19/jersey-server-1.19.jar:/home/user/.m2/repository/commons-logging/commons-logging/1.1.3/commons-logging-1.1.3.jar:/home/user/.m2/repository/log4j/log4j/1.2.17/log4j-1.2.17.jar:/home/user/.m2/repository/commons-beanutils/commons-beanutils/1.9.4/commons-beanutils-1.9.4.jar:/home/user/.m2/repository/org/apache/commons/commons-configuration2/2.1.1/commons-configuration2-2.1.1.jar:/home/user/.m2/repository/org/apache/commons/commons-lang3/3.7/commons-lang3-3.7.jar:/home/user/.m2/repository/org/apache/commons/commons-text/1.4/commons-text-1.4.jar:/home/user/.m2/repository/org/slf4j/slf4j-api/1.7.25/slf4j-api-1.7.25.jar:/home/user/.m2/repository/org/slf4j/slf4j-log4j12/1.7.25/slf4j-log4j12-1.7.25.jar:/home/user/.m2/repository/org/apache/avro/avro/1.7.7/avro-1.7.7.jar:/home/user/.m2/repository/com/thoughtworks/paranamer/paranamer/2.3/paranamer-2.3.jar:/home/user/.m2/repository/org/xerial/snappy/snappy-java/1.0.5/snappy-java-1.0.5.jar:/home/user/.m2/repository/com/google/re2j/re2j/1.1/re2j-1.1.jar:/home/user/.m2/repository/com/google/protobuf/protobuf-java/2.5.0/protobuf-java-2.5.0.jar:/home/user/.m2/repository/com/google/code/gson/gson/2.2.4/gson-2.2.4.jar:/home/user/.m2/repository/org/apache/hadoop/hadoop-auth/3.2.0/hadoop-auth-3.2.0.jar:/home/user/.m2/repository/com/nimbusds/nimbus-jose-jwt/4.41.1/nimbus-jose-jwt-4.41.1.jar:/home/user/.m2/repository/com/github/stephenc/jcip/jcip-annotations/1.0-1/jcip-annotations-1.0-1.jar:/home/user/.m2/repository/net/minidev/json-smart/2.3/json-smart-2.3.jar:/home/user/.m2/repository/net/minidev/accessors-smart/1.2/accessors-smart-1.2.jar:/home/user/.m2/repository/org/apache/curator/curator-framework/2.12.0/curator-framework-2.12.0.jar:/home/user/.m2/repository/com/jcraft/jsch/0.1.54/jsch-0.1.54.jar:/home/user/.m2/repository/org/apache/curator/curator-client/2.12.0/curator-client-2.12.0.jar:/home/user/.m2/repository/org/apache/curator/curator-recipes/2.12.0/curator-recipes-2.12.0.jar:/home/user/.m2/repository/com/google/code/findbugs/jsr305/3.0.0/jsr305-3.0.0.jar:/home/user/.m2/repository/org/apache/htrace/htrace-core4/4.1.0-incubating/htrace-core4-4.1.0-incubating.jar:/home/user/.m2/repository/org/apache/zookeeper/zookeeper/3.4.13/zookeeper-3.4.13.jar:/home/user/.m2/repository/jline/jline/0.9.94/jline-0.9.94.jar:/home/user/.m2/repository/org/apache/yetus/audience-annotations/0.5.0/audience-annotations-0.5.0.jar:/home/user/.m2/repository/org/apache/commons/commons-compress/1.4.1/commons-compress-1.4.1.jar:/home/user/.m2/repository/org/tukaani/xz/1.0/xz-1.0.jar:/home/user/.m2/repository/org/apache/kerby/kerb-simplekdc/1.0.1/kerb-simplekdc-1.0.1.jar:/home/user/.m2/repository/org/apache/kerby/kerb-client/1.0.1/kerb-client-1.0.1.jar:/home/user/.m2/repository/org/apache/kerby/kerby-config/1.0.1/kerby-config-1.0.1.jar:/home/user/.m2/repository/org/apache/kerby/kerb-core/1.0.1/kerb-core-1.0.1.jar:/home/user/.m2/repository/org/apache/kerby/kerby-pkix/1.0.1/kerby-pkix-1.0.1.jar:/home/user/.m2/repository/org/apache/kerby/kerby-asn1/1.0.1/kerby-asn1-1.0.1.jar:/home/user/.m2/repository/org/apache/kerby/kerby-util/1.0.1/kerby-util-1.0.1.jar:/home/user/.m2/repository/org/apache/kerby/kerb-common/1.0.1/kerb-common-1.0.1.jar:/home/user/.m2/repository/org/apache/kerby/kerb-crypto/1.0.1/kerb-crypto-1.0.1.jar:/home/user/.m2/repository/org/apache/kerby/kerb-util/1.0.1/kerb-util-1.0.1.jar:/home/user/.m2/repository/org/apache/kerby/token-provider/1.0.1/token-provider-1.0.1.jar:/home/user/.m2/repository/org/apache/kerby/kerb-admin/1.0.1/kerb-admin-1.0.1.jar:/home/user/.m2/repository/org/apache/kerby/kerb-server/1.0.1/kerb-server-1.0.1.jar:/home/user/.m2/repository/org/apache/kerby/kerb-identity/1.0.1/kerb-identity-1.0.1.jar:/home/user/.m2/repository/org/apache/kerby/kerby-xdr/1.0.1/kerby-xdr-1.0.1.jar:/home/user/.m2/repository/com/fasterxml/jackson/core/jackson-databind/2.9.9/jackson-databind-2.9.9.jar:/home/user/.m2/repository/com/fasterxml/jackson/core/jackson-annotations/2.9.9/jackson-annotations-2.9.9.jar:/home/user/.m2/repository/com/fasterxml/jackson/core/jackson-core/2.9.9/jackson-core-2.9.9.jar:/home/user/.m2/repository/org/codehaus/woodstox/stax2-api/3.1.4/stax2-api-3.1.4.jar:/home/user/.m2/repository/com/fasterxml/woodstox/woodstox-core/5.0.3/woodstox-core-5.0.3.jar:/home/user/.m2/repository/dnsjava/dnsjava/2.1.7/dnsjava-2.1.7.jar:/home/user/.m2/repository/org/apache/hadoop/hadoop-hdfs/3.2.0/hadoop-hdfs-3.2.0.jar:/home/user/.m2/repository/org/eclipse/jetty/jetty-util-ajax/9.3.25.v20180904/jetty-util-ajax-9.3.25.v20180904.jar:/home/user/.m2/repository/commons-daemon/commons-daemon/1.0.13/commons-daemon-1.0.13.jar:/home/user/.m2/repository/io/netty/netty/3.10.5.Final/netty-3.10.5.Final.jar:/home/user/.m2/repository/io/netty/netty-all/4.0.52.Final/netty-all-4.0.52.Final.jar:/home/user/.m2/repository/org/fusesource/leveldbjni/leveldbjni-all/1.8/leveldbjni-all-1.8.jar:/home/user/.m2/repository/org/apache/hadoop/hadoop-hdds-common/0.5.0-SNAPSHOT/hadoop-hdds-common-0.5.0-SNAPSHOT.jar:/home/user/.m2/repository/org/apache/hadoop/hadoop-hdds-config/0.5.0-SNAPSHOT/hadoop-hdds-config-0.5.0-SNAPSHOT.jar:/home/user/.m2/repository/javax/annotation/javax.annotation-api/1.2/javax.annotation-api-1.2.jar:/home/user/.m2/repository/org/apache/ratis/ratis-server/0.4.0/ratis-server-0.4.0.jar:/home/user/.m2/repository/org/apache/ratis/ratis-thirdparty-misc/0.2.0/ratis-thirdparty-misc-0.2.0.jar:/home/user/.m2/repository/org/apache/ratis/ratis-proto/0.4.0/ratis-proto-0.4.0.jar:/home/user/.m2/repository/org/apache/ratis/ratis-common/0.4.0/ratis-common-0.4.0.jar:/home/user/.m2/repository/org/apache/ratis/ratis-client/0.4.0/ratis-client-0.4.0.jar:/home/user/.m2/repository/org/apache/ratis/ratis-metrics/0.4.0/ratis-metrics-0.4.0.jar:/home/user/.m2/repository/com/github/joshelser/dropwizard-metrics-hadoop-metrics2-reporter/0.1.2/dropwizard-metrics-hadoop-metrics2-reporter-0.1.2.jar:/home/user/.m2/repository/io/dropwizard/metrics/metrics-jvm/3.2.5/metrics-jvm-3.2.5.jar:/home/user/.m2/repository/io/dropwizard/metrics/metrics-ganglia/3.2.5/metrics-ganglia-3.2.5.jar:/home/user/.m2/repository/info/ganglia/gmetric4j/gmetric4j/1.0.7/gmetric4j-1.0.7.jar:/home/user/.m2/repository/org/apache/ratis/ratis-netty/0.4.0/ratis-netty-0.4.0.jar:/home/user/.m2/repository/org/apache/ratis/ratis-grpc/0.4.0/ratis-grpc-0.4.0.jar:/home/user/.m2/repository/org/rocksdb/rocksdbjni/6.0.1/rocksdbjni-6.0.1.jar:/home/user/.m2/repository/org/apache/logging/log4j/log4j-api/2.11.0/log4j-api-2.11.0.jar:/home/user/.m2/repository/org/apache/logging/log4j/log4j-core/2.11.0/log4j-core-2.11.0.jar:/home/user/.m2/repository/com/lmax/disruptor/3.4.2/disruptor-3.4.2.jar:/home/user/.m2/repository/org/apache/commons/commons-pool2/2.6.0/commons-pool2-2.6.0.jar:/home/user/.m2/repository/org/bouncycastle/bcpkix-jdk15on/1.60/bcpkix-jdk15on-1.60.jar:/home/user/.m2/repository/commons-validator/commons-validator/1.6/commons-validator-1.6.jar:/home/user/.m2/repository/commons-digester/commons-digester/1.8.1/commons-digester-1.8.1.jar:/home/user/.m2/repository/io/jaegertracing/jaeger-client/0.34.0/jaeger-client-0.34.0.jar:/home/user/.m2/repository/io/jaegertracing/jaeger-thrift/0.34.0/jaeger-thrift-0.34.0.jar:/home/user/.m2/repository/org/apache/thrift/libthrift/0.12.0/libthrift-0.12.0.jar:/home/user/.m2/repository/com/squareup/okhttp3/okhttp/3.9.0/okhttp-3.9.0.jar:/home/user/.m2/repository/com/squareup/okio/okio/1.13.0/okio-1.13.0.jar:/home/user/.m2/repository/io/jaegertracing/jaeger-core/0.34.0/jaeger-core-0.34.0.jar:/home/user/.m2/repository/io/jaegertracing/jaeger-tracerresolver/0.34.0/jaeger-tracerresolver-0.34.0.jar:/home/user/.m2/repository/io/opentracing/contrib/opentracing-tracerresolver/0.1.5/opentracing-tracerresolver-0.1.5.jar:/home/user/.m2/repository/io/opentracing/opentracing-util/0.31.0/opentracing-util-0.31.0.jar:/home/user/.m2/repository/io/opentracing/opentracing-api/0.31.0/opentracing-api-0.31.0.jar:/home/user/.m2/repository/io/opentracing/opentracing-noop/0.31.0/opentracing-noop-0.31.0.jar:/home/user/.m2/repository/org/yaml/snakeyaml/1.16/snakeyaml-1.16.jar:/home/user/.m2/repository/org/apache/hadoop/hadoop-hdfs-client/3.2.0/hadoop-hdfs-client-3.2.0.jar:/home/user/.m2/repository/info/picocli/picocli/3.9.6/picocli-3.9.6.jar:/home/user/.m2/repository/org/apache/hadoop/hadoop-hdds-server-scm/0.5.0-SNAPSHOT/hadoop-hdds-server-scm-0.5.0-SNAPSHOT.jar:/home/user/.m2/repository/org/apache/hadoop/hadoop-hdds-docs/0.5.0-SNAPSHOT/hadoop-hdds-docs-0.5.0-SNAPSHOT.jar:/home/user/.m2/repository/io/dropwizard/metrics/metrics-core/3.2.4/metrics-core-3.2.4.jar:/home/user/.m2/repository/org/hamcrest/hamcrest-all/1.3/hamcrest-all-1.3.jar:/home/user/.m2/repository/org/bouncycastle/bcprov-jdk15on/1.60/bcprov-jdk15on-1.60.jar:/home/user/.m2/repository/org/apache/hadoop/hadoop-hdds-server-framework/0.5.0-SNAPSHOT/hadoop-hdds-server-framework-0.5.0-SNAPSHOT.jar:/home/user/.m2/repository/org/apache/hadoop/hadoop-ozone-ozone-manager/0.5.0-SNAPSHOT/hadoop-ozone-ozone-manager-0.5.0-SNAPSHOT.jar:/home/user/.m2/repository/org/apache/hadoop/hadoop-hdds-container-service/0.5.0-SNAPSHOT/hadoop-hdds-container-service-0.5.0-SNAPSHOT.jar:/home/user/.m2/repository/org/apache/hadoop/hadoop-hdds-client/0.5.0-SNAPSHOT/hadoop-hdds-client-0.5.0-SNAPSHOT.jar:/home/user/.m2/repository/org/apache/hadoop/hadoop-ozone-common/0.5.0-SNAPSHOT/hadoop-ozone-common-0.5.0-SNAPSHOT.jar:/home/user/.m2/repository/org/apache/hadoop/hadoop-hdds-tools/0.5.0-SNAPSHOT/hadoop-hdds-tools-0.5.0-SNAPSHOT.jar:/home/user/.m2/repository/org/xerial/sqlite-jdbc/3.25.2/sqlite-jdbc-3.25.2.jar:/home/user/.m2/repository/com/google/code/findbugs/findbugs/3.0.1/findbugs-3.0.1.jar:/home/user/.m2/repository/net/jcip/jcip-annotations/1.0/jcip-annotations-1.0.jar:/home/user/.m2/repository/com/google/code/findbugs/bcel-findbugs/6.0/bcel-findbugs-6.0.jar:/home/user/.m2/repository/com/google/code/findbugs/jFormatString/2.0.1/jFormatString-2.0.1.jar:/home/user/.m2/repository/dom4j/dom4j/1.6.1/dom4j-1.6.1.jar:/home/user/.m2/repository/xml-apis/xml-apis/1.0.b2/xml-apis-1.0.b2.jar:/home/user/.m2/repository/org/ow2/asm/asm-debug-all/5.0.2/asm-debug-all-5.0.2.jar:/home/user/.m2/repository/org/ow2/asm/asm-commons/5.0.2/asm-commons-5.0.2.jar:/home/user/.m2/repository/org/ow2/asm/asm-tree/5.0.2/asm-tree-5.0.2.jar:/home/user/.m2/repository/org/ow2/asm/asm/5.0.4/asm-5.0.4.jar:/home/user/.m2/repository/commons-lang/commons-lang/2.6/commons-lang-2.6.jar:/home/user/.m2/repository/com/apple/AppleJavaExtensions/1.4/AppleJavaExtensions-1.4.jar:/home/user/.m2/repository/jaxen/jaxen/1.1.6/jaxen-1.1.6.jar:/home/user/.m2/repository/org/apache/hadoop/hadoop-common/3.2.0/hadoop-common-3.2.0-tests.jar:/home/user/.m2/repository/org/apache/hadoop/hadoop-ozone-client/0.5.0-SNAPSHOT/hadoop-ozone-client-0.5.0-SNAPSHOT.jar:/home/user/.m2/repository/org/apache/hadoop/hadoop-hdfs/3.2.0/hadoop-hdfs-3.2.0-tests.jar:/workdir/hadoop-ozone/integration-test/target/test-classes:/home/user/.m2/repository/org/apache/hadoop/hadoop-ozone-s3gateway/0.5.0-SNAPSHOT/hadoop-ozone-s3gateway-0.5.0-SNAPSHOT.jar:/home/user/.m2/repository/org/jboss/weld/servlet/weld-servlet/2.4.7.Final/weld-servlet-2.4.7.Final.jar:/home/user/.m2/repository/org/glassfish/jersey/containers/jersey-container-servlet-core/2.27/jersey-container-servlet-core-2.27.jar:/home/user/.m2/repository/org/glassfish/hk2/external/javax.inject/2.5.0-b42/javax.inject-2.5.0-b42.jar:/home/user/.m2/repository/org/glassfish/jersey/core/jersey-common/2.27/jersey-common-2.27.jar:/home/user/.m2/repository/org/glassfish/hk2/osgi-resource-locator/1.0.1/osgi-resource-locator-1.0.1.jar:/home/user/.m2/repository/javax/ws/rs/javax.ws.rs-api/2.1/javax.ws.rs-api-2.1.jar:/home/user/.m2/repository/org/glassfish/jersey/ext/cdi/jersey-cdi1x/2.27/jersey-cdi1x-2.27.jar:/home/user/.m2/repository/org/glassfish/jersey/inject/jersey-hk2/2.27/jersey-hk2-2.27.jar:/home/user/.m2/repository/org/glassfish/hk2/hk2-locator/2.5.0-b42/hk2-locator-2.5.0-b42.jar:/home/user/.m2/repository/org/javassist/javassist/3.22.0-CR2/javassist-3.22.0-CR2.jar:/home/user/.m2/repository/org/glassfish/hk2/hk2-api/2.5.0/hk2-api-2.5.0.jar:/home/user/.m2/repository/org/glassfish/hk2/external/jakarta.inject/2.5.0/jakarta.inject-2.5.0.jar:/home/user/.m2/repository/org/glassfish/hk2/hk2-utils/2.5.0/hk2-utils-2.5.0.jar:/home/user/.m2/repository/jakarta/annotation/jakarta.annotation-api/1.3.4/jakarta.annotation-api-1.3.4.jar:/home/user/.m2/repository/org/glassfish/hk2/external/aopalliance-repackaged/2.5.0/aopalliance-repackaged-2.5.0.jar:/home/user/.m2/repository/com/fasterxml/jackson/dataformat/jackson-dataformat-xml/2.9.0/jackson-dataformat-xml-2.9.0.jar:/home/user/.m2/repository/com/fasterxml/jackson/module/jackson-module-jaxb-annotations/2.9.9/jackson-module-jaxb-annotations-2.9.9.jar:/home/user/.m2/repository/javax/enterprise/cdi-api/1.2/cdi-api-1.2.jar:/home/user/.m2/repository/javax/el/javax.el-api/3.0.0/javax.el-api-3.0.0.jar:/home/user/.m2/repository/javax/interceptor/javax.interceptor-api/1.2/javax.interceptor-api-1.2.jar:/home/user/.m2/repository/javax/inject/javax.inject/1/javax.inject-1.jar:/home/user/.m2/repository/com/sun/xml/bind/jaxb-core/2.3.0.1/jaxb-core-2.3.0.1.jar:/home/user/.m2/repository/javax/xml/bind/jaxb-api/2.3.0/jaxb-api-2.3.0.jar:/home/user/.m2/repository/javax/activation/activation/1.1.1/activation-1.1.1.jar:/home/user/.m2/repository/org/apache/hadoop/hadoop-ozone-csi/0.5.0-SNAPSHOT/hadoop-ozone-csi-0.5.0-SNAPSHOT.jar:/home/user/.m2/repository/com/google/protobuf/protobuf-java-util/3.5.1/protobuf-java-util-3.5.1.jar:/home/user/.m2/repository/io/grpc/grpc-netty/1.17.1/grpc-netty-1.17.1.jar:/home/user/.m2/repository/io/grpc/grpc-core/1.17.1/grpc-core-1.17.1.jar:/home/user/.m2/repository/io/grpc/grpc-context/1.17.1/grpc-context-1.17.1.jar:/home/user/.m2/repository/com/google/errorprone/error_prone_annotations/2.2.0/error_prone_annotations-2.2.0.jar:/home/user/.m2/repository/org/codehaus/mojo/animal-sniffer-annotations/1.17/animal-sniffer-annotations-1.17.jar:/home/user/.m2/repository/io/opencensus/opencensus-api/0.17.0/opencensus-api-0.17.0.jar:/home/user/.m2/repository/io/opencensus/opencensus-contrib-grpc-metrics/0.17.0/opencensus-contrib-grpc-metrics-0.17.0.jar:/home/user/.m2/repository/io/netty/netty-codec-http2/4.1.30.Final/netty-codec-http2-4.1.30.Final.jar:/home/user/.m2/repository/io/netty/netty-codec-http/4.1.30.Final/netty-codec-http-4.1.30.Final.jar:/home/user/.m2/repository/io/netty/netty-codec/4.1.30.Final/netty-codec-4.1.30.Final.jar:/home/user/.m2/repository/io/netty/netty-handler/4.1.30.Final/netty-handler-4.1.30.Final.jar:/home/user/.m2/repository/io/netty/netty-handler-proxy/4.1.30.Final/netty-handler-proxy-4.1.30.Final.jar:/home/user/.m2/repository/io/netty/netty-codec-socks/4.1.30.Final/netty-codec-socks-4.1.30.Final.jar:/home/user/.m2/repository/io/netty/netty-transport-native-epoll/4.1.30.Final/netty-transport-native-epoll-4.1.30.Final.jar:/home/user/.m2/repository/io/netty/netty-common/4.1.30.Final/netty-common-4.1.30.Final.jar:/home/user/.m2/repository/io/netty/netty-buffer/4.1.30.Final/netty-buffer-4.1.30.Final.jar:/home/user/.m2/repository/io/netty/netty-transport/4.1.30.Final/netty-transport-4.1.30.Final.jar:/home/user/.m2/repository/io/netty/netty-resolver/4.1.30.Final/netty-resolver-4.1.30.Final.jar:/home/user/.m2/repository/io/netty/netty-transport-native-unix-common/4.1.30.Final/netty-transport-native-unix-common-4.1.30.Final.jar:/home/user/.m2/repository/io/grpc/grpc-protobuf/1.17.1/grpc-protobuf-1.17.1.jar:/home/user/.m2/repository/com/google/api/grpc/proto-google-common-protos/1.0.0/proto-google-common-protos-1.0.0.jar:/home/user/.m2/repository/io/grpc/grpc-protobuf-lite/1.17.1/grpc-protobuf-lite-1.17.1.jar:/home/user/.m2/repository/io/grpc/grpc-stub/1.17.1/grpc-stub-1.17.1.jar:/home/user/.m2/repository/org/apache/hadoop/hadoop-ozone-recon/0.5.0-SNAPSHOT/hadoop-ozone-recon-0.5.0-SNAPSHOT.jar:/home/user/.m2/repository/org/apache/hadoop/hadoop-ozone-reconcodegen/0.5.0-SNAPSHOT/hadoop-ozone-reconcodegen-0.5.0-SNAPSHOT.jar:/home/user/.m2/repository/com/google/inject/extensions/guice-multibindings/4.0/guice-multibindings-4.0.jar:/home/user/.m2/repository/com/google/inject/guice/4.0/guice-4.0.jar:/home/user/.m2/repository/aopalliance/aopalliance/1.0/aopalliance-1.0.jar:/home/user/.m2/repository/org/glassfish/jersey/containers/jersey-container-servlet/2.27/jersey-container-servlet-2.27.jar:/home/user/.m2/repository/org/glassfish/hk2/guice-bridge/2.5.0/guice-bridge-2.5.0.jar:/home/user/.m2/repository/org/glassfish/jersey/core/jersey-server/2.27/jersey-server-2.27.jar:/home/user/.m2/repository/org/glassfish/jersey/core/jersey-client/2.27/jersey-client-2.27.jar:/home/user/.m2/repository/org/glassfish/jersey/media/jersey-media-jaxb/2.27/jersey-media-jaxb-2.27.jar:/home/user/.m2/repository/javax/validation/validation-api/1.1.0.Final/validation-api-1.1.0.Final.jar:/home/user/.m2/repository/org/glassfish/jersey/media/jersey-media-json-jackson/2.27/jersey-media-json-jackson-2.27.jar:/home/user/.m2/repository/org/glassfish/jersey/ext/jersey-entity-filtering/2.27/jersey-entity-filtering-2.27.jar:/home/user/.m2/repository/com/google/inject/extensions/guice-assistedinject/4.0/guice-assistedinject-4.0.jar:/home/user/.m2/repository/org/jooq/jooq/3.11.10/jooq-3.11.10.jar:/home/user/.m2/repository/org/jooq/jooq-meta/3.11.10/jooq-meta-3.11.10.jar:/home/user/.m2/repository/org/jooq/jooq-codegen/3.11.10/jooq-codegen-3.11.10.jar:/home/user/.m2/repository/com/jolbox/bonecp/0.8.0.RELEASE/bonecp-0.8.0.RELEASE.jar:/home/user/.m2/repository/org/springframework/spring-jdbc/5.1.3.RELEASE/spring-jdbc-5.1.3.RELEASE.jar:/home/user/.m2/repository/org/springframework/spring-beans/5.1.3.RELEASE/spring-beans-5.1.3.RELEASE.jar:/home/user/.m2/repository/org/springframework/spring-core/5.1.3.RELEASE/spring-core-5.1.3.RELEASE.jar:/home/user/.m2/repository/org/springframework/spring-jcl/5.1.3.RELEASE/spring-jcl-5.1.3.RELEASE.jar:/home/user/.m2/repository/org/springframework/spring-tx/5.1.3.RELEASE/spring-tx-5.1.3.RELEASE.jar:/home/user/.m2/repository/org/mockito/mockito-all/1.10.19/mockito-all-1.10.19.jar:/home/user/.m2/repository/junit/junit/4.11/junit-4.11.jar:/home/user/.m2/repository/org/hamcrest/hamcrest-core/1.3/hamcrest-core-1.3.jar:/home/user/.m2/repository/org/apache/hadoop/hadoop-distcp/3.2.0/hadoop-distcp-3.2.0.jar:/home/user/.m2/repository/org/apache/hadoop/hadoop-distcp/3.2.0/hadoop-distcp-3.2.0-tests.jar:/home/user/.m2/repository/org/apache/hadoop/hadoop-mapreduce-client-jobclient/3.2.0/hadoop-mapreduce-client-jobclient-3.2.0.jar:/home/user/.m2/repository/org/apache/hadoop/hadoop-mapreduce-client-common/3.2.0/hadoop-mapreduce-client-common-3.2.0.jar:/home/user/.m2/repository/org/apache/hadoop/hadoop-yarn-common/3.2.0/hadoop-yarn-common-3.2.0.jar:/home/user/.m2/repository/org/apache/hadoop/hadoop-yarn-api/3.2.0/hadoop-yarn-api-3.2.0.jar:/home/user/.m2/repository/com/sun/jersey/jersey-client/1.19/jersey-client-1.19.jar:/home/user/.m2/repository/com/sun/jersey/contribs/jersey-guice/1.19/jersey-guice-1.19.jar:/home/user/.m2/repository/com/fasterxml/jackson/jaxrs/jackson-jaxrs-json-provider/2.9.9/jackson-jaxrs-json-provider-2.9.9.jar:/home/user/.m2/repository/com/fasterxml/jackson/jaxrs/jackson-jaxrs-base/2.9.9/jackson-jaxrs-base-2.9.9.jar:/home/user/.m2/repository/org/apache/hadoop/hadoop-yarn-client/3.2.0/hadoop-yarn-client-3.2.0.jar:/home/user/.m2/repository/org/apache/hadoop/hadoop-mapreduce-client-core/3.2.0/hadoop-mapreduce-client-core-3.2.0.jar:/home/user/.m2/repository/com/google/inject/extensions/guice-servlet/4.0/guice-servlet-4.0.jar:/home/user/.m2/repository/org/powermock/powermock-module-junit4/1.6.5/powermock-module-junit4-1.6.5.jar:/home/user/.m2/repository/org/powermock/powermock-module-junit4-common/1.6.5/powermock-module-junit4-common-1.6.5.jar:/home/user/.m2/repository/org/powermock/powermock-core/1.6.5/powermock-core-1.6.5.jar:/home/user/.m2/repository/org/powermock/powermock-reflect/1.6.5/powermock-reflect-1.6.5.jar:/home/user/.m2/repository/org/powermock/powermock-api-mockito/1.6.5/powermock-api-mockito-1.6.5.jar:/home/user/.m2/repository/org/mockito/mockito-core/1.10.19/mockito-core-1.10.19.jar:/home/user/.m2/repository/org/objenesis/objenesis/1.0/objenesis-1.0.jar:/home/user/.m2/repository/org/powermock/powermock-api-mockito-common/1.6.5/powermock-api-mockito-common-1.6.5.jar:/home/user/.m2/repository/org/powermock/powermock-api-support/1.6.5/powermock-api-support-1.6.5.jar:"/>
    <property name="sun.cpu.endian" value="little"/>
    <property name="user.home" value="/home/user"/>
    <property name="user.language" value="en"/>
    <property name="java.specification.vendor" value="Oracle Corporation"/>
    <property name="java.home" value="/usr/lib/jvm/java-1.8-openjdk/jre"/>
    <property name="java.security.krb5.conf" value="/workdir/hadoop-ozone/ozonefs/target/test-classes/krb5.conf"/>
    <property name="basedir" value="/workdir/hadoop-ozone/ozonefs"/>
    <property name="file.separator" value="/"/>
    <property name="line.separator" value="&#10;"/>
    <property name="java.vm.specification.vendor" value="Oracle Corporation"/>
    <property name="java.specification.name" value="Java Platform API Specification"/>
    <property name="java.awt.graphicsenv" value="sun.awt.X11GraphicsEnvironment"/>
    <property name="surefire.real.class.path" value="/workdir/hadoop-ozone/ozonefs/target/surefire/surefirebooter436610062526401195.jar"/>
    <property name="hadoop.log.dir" value="/workdir/hadoop-ozone/ozonefs/target/log"/>
    <property name="sun.boot.class.path" value="/usr/lib/jvm/java-1.8-openjdk/jre/lib/resources.jar:/usr/lib/jvm/java-1.8-openjdk/jre/lib/rt.jar:/usr/lib/jvm/java-1.8-openjdk/jre/lib/sunrsasign.jar:/usr/lib/jvm/java-1.8-openjdk/jre/lib/jsse.jar:/usr/lib/jvm/java-1.8-openjdk/jre/lib/jce.jar:/usr/lib/jvm/java-1.8-openjdk/jre/lib/charsets.jar:/usr/lib/jvm/java-1.8-openjdk/jre/lib/jfr.jar:/usr/lib/jvm/java-1.8-openjdk/jre/classes"/>
    <property name="sun.management.compiler" value="HotSpot 64-Bit Tiered Compilers"/>
    <property name="java.runtime.version" value="1.8.0_212-b04"/>
    <property name="java.net.preferIPv4Stack" value="true"/>
    <property name="user.name" value="jenkins1000"/>
    <property name="path.separator" value=":"/>
    <property name="java.security.egd" value="file:///dev/urandom"/>
    <property name="os.version" value="3.10.0-957.12.2.el7.x86_64"/>
    <property name="java.endorsed.dirs" value="/usr/lib/jvm/java-1.8-openjdk/jre/lib/endorsed"/>
    <property name="java.runtime.name" value="OpenJDK Runtime Environment"/>
    <property name="file.encoding" value="UTF-8"/>
    <property name="java.vm.name" value="OpenJDK 64-Bit Server VM"/>
    <property name="test.build.webapps" value=""/>
    <property name="localRepository" value="/home/user/.m2/repository"/>
    <property name="java.vendor.url.bug" value="https://icedtea.classpath.org/bugzilla"/>
    <property name="java.io.tmpdir" value="/tmp"/>
    <property name="require.test.libhadoop" value=""/>
    <property name="java.version" value="1.8.0_212"/>
    <property name="user.dir" value="/workdir/hadoop-ozone/ozonefs"/>
    <property name="os.arch" value="amd64"/>
    <property name="java.vm.specification.name" value="Java Virtual Machine Specification"/>
    <property name="test.build.classes" value="/workdir/hadoop-ozone/ozonefs/target/test-classes"/>
    <property name="java.awt.printerjob" value="sun.print.PSPrinterJob"/>
    <property name="sun.os.patch.level" value="unknown"/>
    <property name="hadoop.tmp.dir" value="/workdir/hadoop-ozone/ozonefs/target/tmp"/>
    <property name="java.library.path" value="/usr/lib/jvm/java-1.8-openjdk/jre/lib/amd64/server:/usr/lib/jvm/java-1.8-openjdk/jre/lib/amd64:/usr/lib/jvm/java-1.8-openjdk/jre/../lib/amd64:/workdir/hadoop-ozone/ozonefs/target/native/target/usr/local/lib:/workdir/hadoop-ozone/ozonefs/../../hadoop-common-project/hadoop-common/target/native/target/usr/local/lib:/usr/java/packages/lib/amd64:/usr/lib64:/lib64:/lib:/usr/lib"/>
    <property name="java.vm.info" value="mixed mode"/>
    <property name="java.vendor" value="IcedTea"/>
    <property name="java.vm.version" value="25.212-b04"/>
    <property name="java.ext.dirs" value="/usr/lib/jvm/java-1.8-openjdk/jre/lib/ext:/usr/java/packages/lib/ext"/>
    <property name="sun.io.unicode.encoding" value="UnicodeLittle"/>
    <property name="java.class.version" value="52.0"/>
  </properties>
  <testcase name="testOzoneFsServiceLoader" classname="org.apache.hadoop.fs.ozone.TestOzoneFileSystem" time="22.308"/>
  <testcase name="testListStatusOnRoot" classname="org.apache.hadoop.fs.ozone.TestOzoneFileSystem" time="17.113"/>
  <testcase name="testListStatusOnSubDirs" classname="org.apache.hadoop.fs.ozone.TestOzoneFileSystem" time="17.375">
    <error message="Allocated 0 blocks. Requested 1 blocks" type="INTERNAL_ERROR org.apache.hadoop.ozone.om.exceptions.OMException">INTERNAL_ERROR org.apache.hadoop.ozone.om.exceptions.OMException: Allocated 0 blocks. Requested 1 blocks
	at org.apache.hadoop.ozone.om.protocolPB.OzoneManagerProtocolClientSideTranslatorPB.handleError(OzoneManagerProtocolClientSideTranslatorPB.java:732)
	at org.apache.hadoop.ozone.om.protocolPB.OzoneManagerProtocolClientSideTranslatorPB.createFile(OzoneManagerProtocolClientSideTranslatorPB.java:1536)
	at sun.reflect.NativeMethodAccessorImpl.invoke0(Native Method)
	at sun.reflect.NativeMethodAccessorImpl.invoke(NativeMethodAccessorImpl.java:62)
	at sun.reflect.DelegatingMethodAccessorImpl.invoke(DelegatingMethodAccessorImpl.java:43)
	at java.lang.reflect.Method.invoke(Method.java:498)
	at org.apache.hadoop.hdds.tracing.TraceAllMethod.invoke(TraceAllMethod.java:66)
	at com.sun.proxy.$Proxy38.createFile(Unknown Source)
	at org.apache.hadoop.ozone.client.rpc.RpcClient.createFile(RpcClient.java:1006)
	at org.apache.hadoop.ozone.client.OzoneBucket.createFile(OzoneBucket.java:537)
	at org.apache.hadoop.fs.ozone.BasicOzoneClientAdapterImpl.createFile(BasicOzoneClientAdapterImpl.java:205)
	at org.apache.hadoop.fs.ozone.BasicOzoneFileSystem.createOutputStream(BasicOzoneFileSystem.java:250)
	at org.apache.hadoop.fs.ozone.BasicOzoneFileSystem.create(BasicOzoneFileSystem.java:231)
	at org.apache.hadoop.fs.FileSystem.create(FileSystem.java:1118)
	at org.apache.hadoop.fs.FileSystem.create(FileSystem.java:1098)
	at org.apache.hadoop.fs.FileSystem.create(FileSystem.java:987)
	at org.apache.hadoop.fs.contract.ContractTestUtils.createFile(ContractTestUtils.java:633)
	at org.apache.hadoop.fs.contract.ContractTestUtils.touch(ContractTestUtils.java:669)
	at org.apache.hadoop.fs.ozone.TestOzoneFileSystem.testListStatusOnSubDirs(TestOzoneFileSystem.java:251)
	at sun.reflect.NativeMethodAccessorImpl.invoke0(Native Method)
	at sun.reflect.NativeMethodAccessorImpl.invoke(NativeMethodAccessorImpl.java:62)
	at sun.reflect.DelegatingMethodAccessorImpl.invoke(DelegatingMethodAccessorImpl.java:43)
	at java.lang.reflect.Method.invoke(Method.java:498)
	at org.junit.runners.model.FrameworkMethod$1.runReflectiveCall(FrameworkMethod.java:47)
	at org.junit.internal.runners.model.ReflectiveCallable.run(ReflectiveCallable.java:12)
	at org.junit.runners.model.FrameworkMethod.invokeExplosively(FrameworkMethod.java:44)
	at org.junit.internal.runners.statements.InvokeMethod.evaluate(InvokeMethod.java:17)
	at org.junit.internal.runners.statements.RunBefores.evaluate(RunBefores.java:26)
	at org.junit.internal.runners.statements.RunAfters.evaluate(RunAfters.java:27)
	at org.junit.internal.runners.statements.FailOnTimeout$StatementThread.run(FailOnTimeout.java:74)
</error>
    <system-out><![CDATA[2019-09-25 07:29:27,196 [Thread-539] WARN  server.ServerUtils (ServerUtils.java:getScmDbDir(145)) - ozone.scm.db.dirs is not configured. We recommend adding this setting. Falling back to ozone.metadata.dirs instead.
2019-09-25 07:29:27,213 [Thread-539] WARN  server.ServerUtils (ServerUtils.java:getScmDbDir(145)) - ozone.scm.db.dirs is not configured. We recommend adding this setting. Falling back to ozone.metadata.dirs instead.
2019-09-25 07:29:27,213 [Thread-539] WARN  server.ServerUtils (ServerUtils.java:getScmDbDir(145)) - ozone.scm.db.dirs is not configured. We recommend adding this setting. Falling back to ozone.metadata.dirs instead.
2019-09-25 07:29:27,214 [Thread-539] INFO  db.DBStoreBuilder (DBStoreBuilder.java:addTable(110)) - using custom profile for table: deletedBlocks
2019-09-25 07:29:27,214 [Thread-539] INFO  db.DBStoreBuilder (DBStoreBuilder.java:processTables(161)) - Using default column profile:DBProfile.DISK for Table:deletedBlocks
2019-09-25 07:29:27,214 [Thread-539] INFO  db.DBStoreBuilder (DBStoreBuilder.java:addTable(110)) - using custom profile for table: validCerts
2019-09-25 07:29:27,215 [Thread-539] INFO  db.DBStoreBuilder (DBStoreBuilder.java:processTables(161)) - Using default column profile:DBProfile.DISK for Table:validCerts
2019-09-25 07:29:27,215 [Thread-539] INFO  db.DBStoreBuilder (DBStoreBuilder.java:addTable(110)) - using custom profile for table: revokedCerts
2019-09-25 07:29:27,215 [Thread-539] INFO  db.DBStoreBuilder (DBStoreBuilder.java:processTables(161)) - Using default column profile:DBProfile.DISK for Table:revokedCerts
2019-09-25 07:29:27,215 [Thread-539] INFO  db.DBStoreBuilder (DBStoreBuilder.java:addTable(110)) - using custom profile for table: default
2019-09-25 07:29:27,216 [Thread-539] INFO  db.DBStoreBuilder (DBStoreBuilder.java:processTables(167)) - Using default column profile:DBProfile.DISK for Table:default
2019-09-25 07:29:27,216 [Thread-539] INFO  db.DBStoreBuilder (DBStoreBuilder.java:getDbProfile(198)) - Using default options. DBProfile.DISK
2019-09-25 07:29:27,443 [Thread-539] INFO  net.NodeSchemaLoader (NodeSchemaLoader.java:loadSchemaFromFile(125)) - Loading file from sun.misc.CompoundEnumeration@499997c5
2019-09-25 07:29:27,444 [Thread-539] INFO  net.NodeSchemaLoader (NodeSchemaLoader.java:loadSchema(171)) - Loading network topology layer schema file
2019-09-25 07:29:27,450 [Thread-539] WARN  server.ServerUtils (ServerUtils.java:sanitizeUserArgs(70)) - ozone.scm.stale.node.interval value = 300000 is larger than max = 100000 based on the key value of ozone.scm.heartbeat.thread.interval, reset to the max value 100000.
2019-09-25 07:29:27,450 [Thread-539] WARN  server.ServerUtils (ServerUtils.java:sanitizeUserArgs(70)) - ozone.scm.stale.node.interval value = 300000 is larger than max = 100000 based on the key value of ozone.scm.heartbeat.thread.interval, reset to the max value 100000.
2019-09-25 07:29:27,451 [Thread-539] INFO  node.SCMNodeManager (SCMNodeManager.java:<init>(114)) - Entering startup safe mode.
2019-09-25 07:29:27,451 [Thread-539] INFO  algorithms.ContainerPlacementPolicyFactory (ContainerPlacementPolicyFactory.java:getPolicy(59)) - Create container placement policy of type org.apache.hadoop.hdds.scm.container.placement.algorithms.SCMContainerPlacementRandom
2019-09-25 07:29:27,452 [Thread-539] WARN  server.ServerUtils (ServerUtils.java:getScmDbDir(145)) - ozone.scm.db.dirs is not configured. We recommend adding this setting. Falling back to ozone.metadata.dirs instead.
2019-09-25 07:29:27,553 [Thread-539] INFO  pipeline.SCMPipelineManager (SCMPipelineManager.java:initializePipelineState(132)) - No pipeline exists in current db
2019-09-25 07:29:27,553 [Thread-539] WARN  server.ServerUtils (ServerUtils.java:getScmDbDir(145)) - ozone.scm.db.dirs is not configured. We recommend adding this setting. Falling back to ozone.metadata.dirs instead.
2019-09-25 07:29:27,689 [Thread-539] WARN  events.EventQueue (EventQueue.java:fireEvent(183)) - No event handler registered for event TypedEvent{payloadType=SafeModeStatus, name='SafeModeStatus'}
2019-09-25 07:29:27,690 [Thread-539] INFO  ipc.CallQueueManager (CallQueueManager.java:<init>(84)) - Using callQueue: class java.util.concurrent.LinkedBlockingQueue, queueCapacity: 2000, scheduler: class org.apache.hadoop.ipc.DefaultRpcScheduler, ipcBackoff: false.
2019-09-25 07:29:27,691 [Socket Reader #1 for port 46574] INFO  ipc.Server (Server.java:run(1074)) - Starting Socket Reader #1 for port 46574
2019-09-25 07:29:27,693 [Thread-539] INFO  ipc.CallQueueManager (CallQueueManager.java:<init>(84)) - Using callQueue: class java.util.concurrent.LinkedBlockingQueue, queueCapacity: 2000, scheduler: class org.apache.hadoop.ipc.DefaultRpcScheduler, ipcBackoff: false.
2019-09-25 07:29:27,694 [Socket Reader #1 for port 46258] INFO  ipc.Server (Server.java:run(1074)) - Starting Socket Reader #1 for port 46258
2019-09-25 07:29:27,696 [Thread-539] INFO  ipc.CallQueueManager (CallQueueManager.java:<init>(84)) - Using callQueue: class java.util.concurrent.LinkedBlockingQueue, queueCapacity: 2000, scheduler: class org.apache.hadoop.ipc.DefaultRpcScheduler, ipcBackoff: false.
2019-09-25 07:29:27,697 [Socket Reader #1 for port 46626] INFO  ipc.Server (Server.java:run(1074)) - Starting Socket Reader #1 for port 46626
2019-09-25 07:29:27,700 [Thread-539] INFO  hdfs.DFSUtil (DFSUtil.java:httpServerTemplateForNNAndJN(1641)) - Starting Web-server for scm at: http://0.0.0.0:0
2019-09-25 07:29:27,703 [Thread-539] INFO  server.AuthenticationFilter (AuthenticationFilter.java:constructSecretProvider(240)) - Unable to initialize FileSignerSecretProvider, falling back to use random secrets.
2019-09-25 07:29:27,704 [Thread-539] WARN  http.HttpRequestLog (HttpRequestLog.java:getRequestLog(97)) - Jetty request log can only be enabled using Log4j
2019-09-25 07:29:27,707 [Thread-539] INFO  http.HttpServer2 (HttpServer2.java:addGlobalFilter(975)) - Added global filter 'safety' (class=org.apache.hadoop.http.HttpServer2$QuotingInputFilter)
2019-09-25 07:29:27,708 [Thread-539] INFO  http.HttpServer2 (HttpServer2.java:addFilter(948)) - Added filter static_user_filter (class=org.apache.hadoop.http.lib.StaticUserWebFilter$StaticUserFilter) to context scm
2019-09-25 07:29:27,708 [Thread-539] INFO  http.HttpServer2 (HttpServer2.java:addFilter(958)) - Added filter static_user_filter (class=org.apache.hadoop.http.lib.StaticUserWebFilter$StaticUserFilter) to context static
2019-09-25 07:29:27,708 [Thread-539] INFO  http.HttpServer2 (HttpServer2.java:addFilter(958)) - Added filter static_user_filter (class=org.apache.hadoop.http.lib.StaticUserWebFilter$StaticUserFilter) to context logs
2019-09-25 07:29:27,712 [Thread-539] INFO  server.StorageContainerManager (StorageContainerManager.java:start(770)) - StorageContainerLocationProtocol RPC server is listening at /0.0.0.0:46626
2019-09-25 07:29:27,715 [Thread-539] WARN  impl.MetricsConfig (MetricsConfig.java:loadFirst(134)) - Cannot locate configuration: tried hadoop-metrics2-storagecontainermanager.properties,hadoop-metrics2.properties
2019-09-25 07:29:27,716 [Thread-539] INFO  impl.MetricsSystemImpl (MetricsSystemImpl.java:startTimer(374)) - Scheduled Metric snapshot period at 10 second(s).
2019-09-25 07:29:27,716 [Thread-539] INFO  impl.MetricsSystemImpl (MetricsSystemImpl.java:start(191)) - StorageContainerManager metrics system started
2019-09-25 07:29:27,767 [Thread-539] WARN  impl.MetricsSystemImpl (MetricsSystemImpl.java:register(276)) - Sink prometheus already exists!
2019-09-25 07:29:27,773 [Thread-539] INFO  server.SCMClientProtocolServer (SCMClientProtocolServer.java:start(151)) - RPC server for Client  is listening at /0.0.0.0:46626
2019-09-25 07:29:27,774 [IPC Server Responder] INFO  ipc.Server (Server.java:run(1314)) - IPC Server Responder: starting
2019-09-25 07:29:27,774 [IPC Server listener on 46626] INFO  ipc.Server (Server.java:run(1153)) - IPC Server listener on 46626: starting
2019-09-25 07:29:27,778 [Thread-539] INFO  server.StorageContainerManager (StorageContainerManager.java:start(780)) - ScmBlockLocationProtocol RPC server is listening at /0.0.0.0:46258
2019-09-25 07:29:27,778 [Thread-539] INFO  server.SCMBlockProtocolServer (SCMBlockProtocolServer.java:start(146)) - RPC server for Block Protocol is listening at /0.0.0.0:46258
2019-09-25 07:29:27,779 [IPC Server Responder] INFO  ipc.Server (Server.java:run(1314)) - IPC Server Responder: starting
2019-09-25 07:29:27,779 [IPC Server listener on 46258] INFO  ipc.Server (Server.java:run(1153)) - IPC Server listener on 46258: starting
2019-09-25 07:29:27,783 [Thread-539] INFO  server.StorageContainerManager (StorageContainerManager.java:start(784)) - ScmDatanodeProtocl RPC server is listening at /0.0.0.0:46574
2019-09-25 07:29:27,783 [Thread-539] INFO  server.SCMDatanodeProtocolServer (SCMDatanodeProtocolServer.java:start(191)) - RPC server for DataNodes is listening at /0.0.0.0:46574
2019-09-25 07:29:27,784 [IPC Server Responder] INFO  ipc.Server (Server.java:run(1314)) - IPC Server Responder: starting
2019-09-25 07:29:27,784 [IPC Server listener on 46574] INFO  ipc.Server (Server.java:run(1153)) - IPC Server listener on 46574: starting
2019-09-25 07:29:27,789 [Thread-539] INFO  http.HttpServer2 (HttpServer2.java:bindListener(1191)) - Jetty bound to port 43013
2019-09-25 07:29:27,789 [Thread-539] INFO  server.Server (Server.java:doStart(351)) - jetty-9.3.25.v20180904, build timestamp: 2018-09-04T21:11:46Z, git hash: 3ce520221d0240229c862b122d2b06c12a625732
2019-09-25 07:29:27,791 [Thread-539] INFO  handler.ContextHandler (ContextHandler.java:doStart(781)) - Started o.e.j.s.ServletContextHandler@b398bd4{/logs,file:///workdir/hadoop-ozone/ozonefs/target/log,AVAILABLE}
2019-09-25 07:29:27,792 [Thread-539] INFO  handler.ContextHandler (ContextHandler.java:doStart(781)) - Started o.e.j.s.ServletContextHandler@29ff12e7{/static,jar:file:/home/user/.m2/repository/org/apache/hadoop/hadoop-hdds-server-scm/0.5.0-SNAPSHOT/hadoop-hdds-server-scm-0.5.0-SNAPSHOT.jar!/webapps/static,AVAILABLE}
2019-09-25 07:29:27,853 [Thread-539] INFO  handler.ContextHandler (ContextHandler.java:doStart(781)) - Started o.e.j.w.WebAppContext@2ae34ce4{/,file:///tmp/jetty-0.0.0.0-43013-scm-_-any-1182232320620824560.dir/webapp/,AVAILABLE}{/scm}
2019-09-25 07:29:27,853 [Thread-539] INFO  server.AbstractConnector (AbstractConnector.java:doStart(278)) - Started ServerConnector@6188b3ca{HTTP/1.1,[http/1.1]}{0.0.0.0:43013}
2019-09-25 07:29:27,855 [Thread-539] INFO  server.Server (Server.java:doStart(419)) - Started @40525ms
2019-09-25 07:29:27,855 [Thread-539] WARN  impl.MetricsSystemImpl (MetricsSystemImpl.java:register(276)) - Sink prometheus already exists!
2019-09-25 07:29:27,856 [Thread-539] INFO  server.BaseHttpServer (BaseHttpServer.java:updateConnectorAddress(215)) - HTTP server of SCM is listening at http://0.0.0.0:43013
2019-09-25 07:29:27,857 [Thread-539] WARN  server.ServerUtils (ServerUtils.java:getDBPath(222)) - ozone.om.db.dirs is not configured. We recommend adding this setting. Falling back to ozone.metadata.dirs instead.
2019-09-25 07:29:27,858 [org.apache.hadoop.util.JvmPauseMonitor$Monitor@3fa7e24] INFO  util.JvmPauseMonitor (JvmPauseMonitor.java:run(188)) - Starting JVM pause monitor
2019-09-25 07:29:27,882 [Thread-539] WARN  server.ServerUtils (ServerUtils.java:getDBPath(222)) - ozone.om.db.dirs is not configured. We recommend adding this setting. Falling back to ozone.metadata.dirs instead.
2019-09-25 07:29:27,883 [Thread-539] WARN  server.ServerUtils (ServerUtils.java:getDBPath(222)) - ozone.om.db.dirs is not configured. We recommend adding this setting. Falling back to ozone.metadata.dirs instead.
2019-09-25 07:29:27,883 [Thread-539] INFO  om.OzoneManager (OzoneManager.java:setOMNodeDetails(652)) - OM Service ID is not set. Setting it to the default ID: omServiceIdDefault
2019-09-25 07:29:27,883 [Thread-539] INFO  om.OzoneManager (OzoneManager.java:setOMNodeDetails(658)) - OM Node ID is not set. Setting it to the OmStorage's OmID: bf28ca62-e4d4-488e-8483-ff1a68e5b83c
2019-09-25 07:29:27,884 [Thread-539] INFO  om.OzoneManager (OzoneManager.java:loadOMHAConfigs(609)) - Found matching OM address with OMServiceId: null, OMNodeId: null, RPC Address: localhost:0 and Ratis port: 9872
2019-09-25 07:29:27,894 [Thread-539] WARN  server.ServerUtils (ServerUtils.java:getDBPath(222)) - ozone.om.db.dirs is not configured. We recommend adding this setting. Falling back to ozone.metadata.dirs instead.
2019-09-25 07:29:27,894 [Thread-539] INFO  db.DBStoreBuilder (DBStoreBuilder.java:addTable(110)) - using custom profile for table: userTable
2019-09-25 07:29:27,895 [Thread-539] INFO  db.DBStoreBuilder (DBStoreBuilder.java:processTables(161)) - Using default column profile:DBProfile.DISK for Table:userTable
2019-09-25 07:29:27,895 [Thread-539] INFO  db.DBStoreBuilder (DBStoreBuilder.java:addTable(110)) - using custom profile for table: volumeTable
2019-09-25 07:29:27,895 [Thread-539] INFO  db.DBStoreBuilder (DBStoreBuilder.java:processTables(161)) - Using default column profile:DBProfile.DISK for Table:volumeTable
2019-09-25 07:29:27,896 [Thread-539] INFO  db.DBStoreBuilder (DBStoreBuilder.java:addTable(110)) - using custom profile for table: bucketTable
2019-09-25 07:29:27,896 [Thread-539] INFO  db.DBStoreBuilder (DBStoreBuilder.java:processTables(161)) - Using default column profile:DBProfile.DISK for Table:bucketTable
2019-09-25 07:29:27,896 [Thread-539] INFO  db.DBStoreBuilder (DBStoreBuilder.java:addTable(110)) - using custom profile for table: keyTable
2019-09-25 07:29:27,896 [Thread-539] INFO  db.DBStoreBuilder (DBStoreBuilder.java:processTables(161)) - Using default column profile:DBProfile.DISK for Table:keyTable
2019-09-25 07:29:27,897 [Thread-539] INFO  db.DBStoreBuilder (DBStoreBuilder.java:addTable(110)) - using custom profile for table: deletedTable
2019-09-25 07:29:27,897 [Thread-539] INFO  db.DBStoreBuilder (DBStoreBuilder.java:processTables(161)) - Using default column profile:DBProfile.DISK for Table:deletedTable
2019-09-25 07:29:27,897 [Thread-539] INFO  db.DBStoreBuilder (DBStoreBuilder.java:addTable(110)) - using custom profile for table: openKeyTable
2019-09-25 07:29:27,897 [Thread-539] INFO  db.DBStoreBuilder (DBStoreBuilder.java:processTables(161)) - Using default column profile:DBProfile.DISK for Table:openKeyTable
2019-09-25 07:29:27,898 [Thread-539] INFO  db.DBStoreBuilder (DBStoreBuilder.java:addTable(110)) - using custom profile for table: s3Table
2019-09-25 07:29:27,898 [Thread-539] INFO  db.DBStoreBuilder (DBStoreBuilder.java:processTables(161)) - Using default column profile:DBProfile.DISK for Table:s3Table
2019-09-25 07:29:27,898 [Thread-539] INFO  db.DBStoreBuilder (DBStoreBuilder.java:addTable(110)) - using custom profile for table: multipartInfoTable
2019-09-25 07:29:27,898 [Thread-539] INFO  db.DBStoreBuilder (DBStoreBuilder.java:processTables(161)) - Using default column profile:DBProfile.DISK for Table:multipartInfoTable
2019-09-25 07:29:27,899 [Thread-539] INFO  db.DBStoreBuilder (DBStoreBuilder.java:addTable(110)) - using custom profile for table: dTokenTable
2019-09-25 07:29:27,899 [Thread-539] INFO  db.DBStoreBuilder (DBStoreBuilder.java:processTables(161)) - Using default column profile:DBProfile.DISK for Table:dTokenTable
2019-09-25 07:29:27,899 [Thread-539] INFO  db.DBStoreBuilder (DBStoreBuilder.java:addTable(110)) - using custom profile for table: s3SecretTable
2019-09-25 07:29:27,899 [Thread-539] INFO  db.DBStoreBuilder (DBStoreBuilder.java:processTables(161)) - Using default column profile:DBProfile.DISK for Table:s3SecretTable
2019-09-25 07:29:27,900 [Thread-539] INFO  db.DBStoreBuilder (DBStoreBuilder.java:addTable(110)) - using custom profile for table: prefixTable
2019-09-25 07:29:27,900 [Thread-539] INFO  db.DBStoreBuilder (DBStoreBuilder.java:processTables(161)) - Using default column profile:DBProfile.DISK for Table:prefixTable
2019-09-25 07:29:27,900 [Thread-539] INFO  db.DBStoreBuilder (DBStoreBuilder.java:addTable(110)) - using custom profile for table: default
2019-09-25 07:29:27,900 [Thread-539] INFO  db.DBStoreBuilder (DBStoreBuilder.java:processTables(167)) - Using default column profile:DBProfile.DISK for Table:default
2019-09-25 07:29:27,901 [Thread-539] INFO  db.DBStoreBuilder (DBStoreBuilder.java:getDbProfile(198)) - Using default options. DBProfile.DISK
2019-09-25 07:29:28,638 [Thread-539] INFO  ipc.CallQueueManager (CallQueueManager.java:<init>(84)) - Using callQueue: class java.util.concurrent.LinkedBlockingQueue, queueCapacity: 2000, scheduler: class org.apache.hadoop.ipc.DefaultRpcScheduler, ipcBackoff: false.
2019-09-25 07:29:28,640 [Socket Reader #1 for port 36567] INFO  ipc.Server (Server.java:run(1074)) - Starting Socket Reader #1 for port 36567
2019-09-25 07:29:28,671 [Thread-539] INFO  om.OzoneManager (OzoneManager.java:start(1243)) - OzoneManager RPC server is listening at localhost/127.0.0.1:36567
2019-09-25 07:29:28,671 [Thread-539] INFO  impl.MetricsSystemImpl (MetricsSystemImpl.java:init(158)) - OzoneManager metrics system started (again)
2019-09-25 07:29:28,672 [IPC Server Responder] INFO  ipc.Server (Server.java:run(1314)) - IPC Server Responder: starting
2019-09-25 07:29:28,672 [IPC Server listener on 36567] INFO  ipc.Server (Server.java:run(1153)) - IPC Server listener on 36567: starting
2019-09-25 07:29:28,679 [Thread-539] INFO  hdfs.DFSUtil (DFSUtil.java:httpServerTemplateForNNAndJN(1641)) - Starting Web-server for ozoneManager at: http://0.0.0.0:0
2019-09-25 07:29:28,682 [Thread-539] INFO  server.AuthenticationFilter (AuthenticationFilter.java:constructSecretProvider(240)) - Unable to initialize FileSignerSecretProvider, falling back to use random secrets.
2019-09-25 07:29:28,683 [Thread-539] WARN  http.HttpRequestLog (HttpRequestLog.java:getRequestLog(97)) - Jetty request log can only be enabled using Log4j
2019-09-25 07:29:28,686 [Thread-539] INFO  http.HttpServer2 (HttpServer2.java:addGlobalFilter(975)) - Added global filter 'safety' (class=org.apache.hadoop.http.HttpServer2$QuotingInputFilter)
2019-09-25 07:29:28,687 [Thread-539] INFO  http.HttpServer2 (HttpServer2.java:addFilter(948)) - Added filter static_user_filter (class=org.apache.hadoop.http.lib.StaticUserWebFilter$StaticUserFilter) to context ozoneManager
2019-09-25 07:29:28,687 [Thread-539] INFO  http.HttpServer2 (HttpServer2.java:addFilter(958)) - Added filter static_user_filter (class=org.apache.hadoop.http.lib.StaticUserWebFilter$StaticUserFilter) to context static
2019-09-25 07:29:28,687 [Thread-539] INFO  http.HttpServer2 (HttpServer2.java:addFilter(958)) - Added filter static_user_filter (class=org.apache.hadoop.http.lib.StaticUserWebFilter$StaticUserFilter) to context logs
2019-09-25 07:29:28,689 [Thread-539] INFO  http.HttpServer2 (HttpServer2.java:bindListener(1191)) - Jetty bound to port 35022
2019-09-25 07:29:28,689 [Thread-539] INFO  server.Server (Server.java:doStart(351)) - jetty-9.3.25.v20180904, build timestamp: 2018-09-04T21:11:46Z, git hash: 3ce520221d0240229c862b122d2b06c12a625732
2019-09-25 07:29:28,692 [Thread-539] INFO  handler.ContextHandler (ContextHandler.java:doStart(781)) - Started o.e.j.s.ServletContextHandler@151f2869{/logs,file:///workdir/hadoop-ozone/ozonefs/target/log,AVAILABLE}
2019-09-25 07:29:28,692 [Thread-539] INFO  handler.ContextHandler (ContextHandler.java:doStart(781)) - Started o.e.j.s.ServletContextHandler@773c5c48{/static,jar:file:/home/user/.m2/repository/org/apache/hadoop/hadoop-ozone-ozone-manager/0.5.0-SNAPSHOT/hadoop-ozone-ozone-manager-0.5.0-SNAPSHOT.jar!/webapps/static,AVAILABLE}
2019-09-25 07:29:28,761 [Thread-539] INFO  handler.ContextHandler (ContextHandler.java:doStart(781)) - Started o.e.j.w.WebAppContext@77869082{/,file:///tmp/jetty-0.0.0.0-35022-ozoneManager-_-any-5914617144245252639.dir/webapp/,AVAILABLE}{/ozoneManager}
2019-09-25 07:29:28,762 [Thread-539] INFO  server.AbstractConnector (AbstractConnector.java:doStart(278)) - Started ServerConnector@1a8e76a8{HTTP/1.1,[http/1.1]}{0.0.0.0:35022}
2019-09-25 07:29:28,763 [Thread-539] INFO  server.Server (Server.java:doStart(419)) - Started @41434ms
2019-09-25 07:29:28,763 [Thread-539] WARN  impl.MetricsSystemImpl (MetricsSystemImpl.java:register(276)) - Sink prometheus already exists!
2019-09-25 07:29:28,764 [Thread-539] INFO  server.BaseHttpServer (BaseHttpServer.java:updateConnectorAddress(215)) - HTTP server of OZONEMANAGER is listening at http://0.0.0.0:35022
2019-09-25 07:29:28,777 [Thread-539] INFO  impl.MetricsSystemImpl (MetricsSystemImpl.java:init(158)) - HddsDatanode metrics system started (again)
2019-09-25 07:29:28,780 [Thread-539] INFO  ozone.HddsDatanodeService (HddsDatanodeService.java:start(184)) - HddsDatanodeService host:pr-hdds-1569-x2sr2-3486766547 ip:192.168.151.106
2019-09-25 07:29:28,788 [Thread-539] INFO  volume.HddsVolume (HddsVolume.java:<init>(176)) - Creating Volume: /workdir/hadoop-ozone/ozonefs/target/test-dir/MiniOzoneClusterImpl-550119eb-1d26-4ec7-b74e-58480585c2d5/datanode-0/data/containers/hdds of  storage type : DISK and capacity : 1482555576320
2019-09-25 07:29:28,790 [Thread-539] INFO  volume.VolumeSet (VolumeSet.java:initializeVolumeSet(170)) - Added Volume : /workdir/hadoop-ozone/ozonefs/target/test-dir/MiniOzoneClusterImpl-550119eb-1d26-4ec7-b74e-58480585c2d5/datanode-0/data/containers/hdds to VolumeSet
2019-09-25 07:29:28,791 [Thread-539] INFO  volume.ThrottledAsyncChecker (ThrottledAsyncChecker.java:schedule(139)) - Scheduling a check for org.apache.hadoop.ozone.container.common.volume.HddsVolume@4c0ae7e
2019-09-25 07:29:28,792 [Thread-539] INFO  volume.HddsVolumeChecker (HddsVolumeChecker.java:checkAllVolumes(202)) - Scheduled health check for volume org.apache.hadoop.ozone.container.common.volume.HddsVolume@4c0ae7e
2019-09-25 07:29:28,819 [Thread-539] INFO  impl.RaftServerProxy (ConfUtils.java:logGet(43)) - raft.rpc.type = GRPC (default)
2019-09-25 07:29:28,819 [Thread-539] INFO  grpc.GrpcFactory (GrpcFactory.java:checkPooledByteBufAllocatorUseCacheForAllThreads(45)) - PERFORMANCE WARNING: useCacheForAllThreads is true that may cause Netty to create a lot garbage objects and, as a result, trigger GC.
	It is recommended to disable useCacheForAllThreads by setting -Dorg.apache.ratis.thirdparty.io.netty.allocator.useCacheForAllThreads=false in command line.
2019-09-25 07:29:28,820 [Thread-539] INFO  grpc.GrpcConfigKeys$Server (ConfUtils.java:logGet(43)) - raft.grpc.server.port = 0 (default)
2019-09-25 07:29:28,821 [Thread-539] INFO  server.GrpcService (ConfUtils.java:logGet(43)) - raft.grpc.message.size.max = 33570816 (custom)
2019-09-25 07:29:28,822 [Thread-539] INFO  server.RaftServerConfigKeys (ConfUtils.java:logGet(43)) - raft.server.log.appender.buffer.byte-limit = 33554432 (custom)
2019-09-25 07:29:28,822 [Thread-539] INFO  server.GrpcService (ConfUtils.java:logGet(43)) - raft.grpc.flow.control.window = 1MB (=1048576) (default)
2019-09-25 07:29:28,822 [Thread-539] INFO  server.RaftServerConfigKeys (ConfUtils.java:logGet(43)) - raft.server.rpc.request.timeout = 3000ms (default)
2019-09-25 07:29:28,823 [Thread-539] INFO  server.RaftServerConfigKeys (ConfUtils.java:logGet(43)) - raft.server.storage.dir = [/workdir/hadoop-ozone/ozonefs/target/test-dir/MiniOzoneClusterImpl-550119eb-1d26-4ec7-b74e-58480585c2d5/datanode-0/data/ratis] (custom)
2019-09-25 07:29:28,826 [Thread-539] INFO  hdfs.DFSUtil (DFSUtil.java:httpServerTemplateForNNAndJN(1641)) - Starting Web-server for hddsDatanode at: http://0.0.0.0:0
2019-09-25 07:29:28,828 [Thread-539] INFO  server.AuthenticationFilter (AuthenticationFilter.java:constructSecretProvider(240)) - Unable to initialize FileSignerSecretProvider, falling back to use random secrets.
2019-09-25 07:29:28,829 [Thread-539] WARN  http.HttpRequestLog (HttpRequestLog.java:getRequestLog(97)) - Jetty request log can only be enabled using Log4j
2019-09-25 07:29:28,831 [Thread-539] INFO  http.HttpServer2 (HttpServer2.java:addGlobalFilter(975)) - Added global filter 'safety' (class=org.apache.hadoop.http.HttpServer2$QuotingInputFilter)
2019-09-25 07:29:28,832 [Thread-539] INFO  http.HttpServer2 (HttpServer2.java:addFilter(948)) - Added filter static_user_filter (class=org.apache.hadoop.http.lib.StaticUserWebFilter$StaticUserFilter) to context hddsDatanode
2019-09-25 07:29:28,832 [Thread-539] INFO  http.HttpServer2 (HttpServer2.java:addFilter(958)) - Added filter static_user_filter (class=org.apache.hadoop.http.lib.StaticUserWebFilter$StaticUserFilter) to context static
2019-09-25 07:29:28,832 [Thread-539] INFO  http.HttpServer2 (HttpServer2.java:addFilter(958)) - Added filter static_user_filter (class=org.apache.hadoop.http.lib.StaticUserWebFilter$StaticUserFilter) to context logs
2019-09-25 07:29:28,833 [Thread-539] INFO  http.HttpServer2 (HttpServer2.java:bindListener(1191)) - Jetty bound to port 41197
2019-09-25 07:29:28,833 [Thread-539] INFO  server.Server (Server.java:doStart(351)) - jetty-9.3.25.v20180904, build timestamp: 2018-09-04T21:11:46Z, git hash: 3ce520221d0240229c862b122d2b06c12a625732
2019-09-25 07:29:28,835 [Thread-539] INFO  handler.ContextHandler (ContextHandler.java:doStart(781)) - Started o.e.j.s.ServletContextHandler@22d076eb{/logs,file:///workdir/hadoop-ozone/ozonefs/target/log,AVAILABLE}
2019-09-25 07:29:28,836 [Thread-539] INFO  handler.ContextHandler (ContextHandler.java:doStart(781)) - Started o.e.j.s.ServletContextHandler@775998d3{/static,jar:file:/home/user/.m2/repository/org/apache/hadoop/hadoop-hdds-container-service/0.5.0-SNAPSHOT/hadoop-hdds-container-service-0.5.0-SNAPSHOT.jar!/webapps/static,AVAILABLE}
2019-09-25 07:29:28,873 [Thread-539] INFO  handler.ContextHandler (ContextHandler.java:doStart(781)) - Started o.e.j.w.WebAppContext@40608fd0{/,file:///tmp/jetty-0.0.0.0-41197-hddsDatanode-_-any-5994541562479294846.dir/webapp/,AVAILABLE}{/hddsDatanode}
2019-09-25 07:29:28,873 [Thread-539] INFO  server.AbstractConnector (AbstractConnector.java:doStart(278)) - Started ServerConnector@75fd5542{HTTP/1.1,[http/1.1]}{0.0.0.0:41197}
2019-09-25 07:29:28,875 [Thread-539] INFO  server.Server (Server.java:doStart(419)) - Started @41545ms
2019-09-25 07:29:28,875 [Thread-539] WARN  impl.MetricsSystemImpl (MetricsSystemImpl.java:register(276)) - Sink prometheus already exists!
2019-09-25 07:29:28,875 [Thread-539] INFO  server.BaseHttpServer (BaseHttpServer.java:updateConnectorAddress(215)) - HTTP server of HDDSDATANODE is listening at http://0.0.0.0:41197
2019-09-25 07:29:28,876 [Thread-539] INFO  impl.MetricsSystemImpl (MetricsSystemImpl.java:init(158)) - HddsDatanode metrics system started (again)
2019-09-25 07:29:28,880 [Thread-539] INFO  ozone.HddsDatanodeService (HddsDatanodeService.java:start(184)) - HddsDatanodeService host:pr-hdds-1569-x2sr2-3486766547 ip:192.168.151.106
2019-09-25 07:29:28,881 [org.apache.hadoop.util.JvmPauseMonitor$Monitor@538c6c6c] INFO  util.JvmPauseMonitor (JvmPauseMonitor.java:run(188)) - Starting JVM pause monitor
2019-09-25 07:29:28,884 [Datanode State Machine Thread - 0] INFO  datanode.InitDatanodeState (InitDatanodeState.java:persistContainerDatanodeDetails(140)) - DatanodeDetails is persisted to /workdir/hadoop-ozone/ozonefs/target/test-dir/MiniOzoneClusterImpl-550119eb-1d26-4ec7-b74e-58480585c2d5/datanode-0/meta/datanode.id
2019-09-25 07:29:28,886 [Thread-539] INFO  volume.HddsVolume (HddsVolume.java:<init>(176)) - Creating Volume: /workdir/hadoop-ozone/ozonefs/target/test-dir/MiniOzoneClusterImpl-550119eb-1d26-4ec7-b74e-58480585c2d5/datanode-1/data/containers/hdds of  storage type : DISK and capacity : 1482555576320
2019-09-25 07:29:28,886 [Thread-539] INFO  volume.VolumeSet (VolumeSet.java:initializeVolumeSet(170)) - Added Volume : /workdir/hadoop-ozone/ozonefs/target/test-dir/MiniOzoneClusterImpl-550119eb-1d26-4ec7-b74e-58480585c2d5/datanode-1/data/containers/hdds to VolumeSet
2019-09-25 07:29:28,886 [Thread-539] INFO  volume.ThrottledAsyncChecker (ThrottledAsyncChecker.java:schedule(139)) - Scheduling a check for org.apache.hadoop.ozone.container.common.volume.HddsVolume@3fc65a3a
2019-09-25 07:29:28,887 [Thread-539] INFO  volume.HddsVolumeChecker (HddsVolumeChecker.java:checkAllVolumes(202)) - Scheduled health check for volume org.apache.hadoop.ozone.container.common.volume.HddsVolume@3fc65a3a
2019-09-25 07:29:28,906 [Thread-539] INFO  impl.RaftServerProxy (ConfUtils.java:logGet(43)) - raft.rpc.type = GRPC (default)
2019-09-25 07:29:28,907 [Thread-539] INFO  grpc.GrpcFactory (GrpcFactory.java:checkPooledByteBufAllocatorUseCacheForAllThreads(45)) - PERFORMANCE WARNING: useCacheForAllThreads is true that may cause Netty to create a lot garbage objects and, as a result, trigger GC.
	It is recommended to disable useCacheForAllThreads by setting -Dorg.apache.ratis.thirdparty.io.netty.allocator.useCacheForAllThreads=false in command line.
2019-09-25 07:29:28,907 [Thread-539] INFO  grpc.GrpcConfigKeys$Server (ConfUtils.java:logGet(43)) - raft.grpc.server.port = 0 (default)
2019-09-25 07:29:28,907 [Thread-539] INFO  server.GrpcService (ConfUtils.java:logGet(43)) - raft.grpc.message.size.max = 33570816 (custom)
2019-09-25 07:29:28,907 [Thread-539] INFO  server.RaftServerConfigKeys (ConfUtils.java:logGet(43)) - raft.server.log.appender.buffer.byte-limit = 33554432 (custom)
2019-09-25 07:29:28,907 [Thread-539] INFO  server.GrpcService (ConfUtils.java:logGet(43)) - raft.grpc.flow.control.window = 1MB (=1048576) (default)
2019-09-25 07:29:28,907 [Thread-539] INFO  server.RaftServerConfigKeys (ConfUtils.java:logGet(43)) - raft.server.rpc.request.timeout = 3000ms (default)
2019-09-25 07:29:28,908 [Thread-539] INFO  server.RaftServerConfigKeys (ConfUtils.java:logGet(43)) - raft.server.storage.dir = [/workdir/hadoop-ozone/ozonefs/target/test-dir/MiniOzoneClusterImpl-550119eb-1d26-4ec7-b74e-58480585c2d5/datanode-1/data/ratis] (custom)
2019-09-25 07:29:28,910 [Thread-539] INFO  hdfs.DFSUtil (DFSUtil.java:httpServerTemplateForNNAndJN(1641)) - Starting Web-server for hddsDatanode at: http://0.0.0.0:0
2019-09-25 07:29:28,911 [Thread-539] INFO  server.AuthenticationFilter (AuthenticationFilter.java:constructSecretProvider(240)) - Unable to initialize FileSignerSecretProvider, falling back to use random secrets.
2019-09-25 07:29:28,912 [Thread-539] WARN  http.HttpRequestLog (HttpRequestLog.java:getRequestLog(97)) - Jetty request log can only be enabled using Log4j
2019-09-25 07:29:28,913 [Thread-539] INFO  http.HttpServer2 (HttpServer2.java:addGlobalFilter(975)) - Added global filter 'safety' (class=org.apache.hadoop.http.HttpServer2$QuotingInputFilter)
2019-09-25 07:29:28,914 [Thread-539] INFO  http.HttpServer2 (HttpServer2.java:addFilter(948)) - Added filter static_user_filter (class=org.apache.hadoop.http.lib.StaticUserWebFilter$StaticUserFilter) to context hddsDatanode
2019-09-25 07:29:28,914 [Thread-539] INFO  http.HttpServer2 (HttpServer2.java:addFilter(958)) - Added filter static_user_filter (class=org.apache.hadoop.http.lib.StaticUserWebFilter$StaticUserFilter) to context logs
2019-09-25 07:29:28,914 [Thread-539] INFO  http.HttpServer2 (HttpServer2.java:addFilter(958)) - Added filter static_user_filter (class=org.apache.hadoop.http.lib.StaticUserWebFilter$StaticUserFilter) to context static
2019-09-25 07:29:28,915 [Thread-539] INFO  http.HttpServer2 (HttpServer2.java:bindListener(1191)) - Jetty bound to port 38319
2019-09-25 07:29:28,915 [Thread-539] INFO  server.Server (Server.java:doStart(351)) - jetty-9.3.25.v20180904, build timestamp: 2018-09-04T21:11:46Z, git hash: 3ce520221d0240229c862b122d2b06c12a625732
2019-09-25 07:29:28,916 [Thread-539] INFO  handler.ContextHandler (ContextHandler.java:doStart(781)) - Started o.e.j.s.ServletContextHandler@1907c9b4{/logs,file:///workdir/hadoop-ozone/ozonefs/target/log,AVAILABLE}
2019-09-25 07:29:28,917 [Thread-539] INFO  handler.ContextHandler (ContextHandler.java:doStart(781)) - Started o.e.j.s.ServletContextHandler@501a140f{/static,jar:file:/home/user/.m2/repository/org/apache/hadoop/hadoop-hdds-container-service/0.5.0-SNAPSHOT/hadoop-hdds-container-service-0.5.0-SNAPSHOT.jar!/webapps/static,AVAILABLE}
2019-09-25 07:29:28,944 [Thread-539] INFO  handler.ContextHandler (ContextHandler.java:doStart(781)) - Started o.e.j.w.WebAppContext@66fe7f29{/,file:///tmp/jetty-0.0.0.0-38319-hddsDatanode-_-any-2245849476243467324.dir/webapp/,AVAILABLE}{/hddsDatanode}
2019-09-25 07:29:28,944 [Thread-539] INFO  server.AbstractConnector (AbstractConnector.java:doStart(278)) - Started ServerConnector@412755c8{HTTP/1.1,[http/1.1]}{0.0.0.0:38319}
2019-09-25 07:29:28,945 [Thread-539] INFO  server.Server (Server.java:doStart(419)) - Started @41616ms
2019-09-25 07:29:28,945 [Thread-539] WARN  impl.MetricsSystemImpl (MetricsSystemImpl.java:register(276)) - Sink prometheus already exists!
2019-09-25 07:29:28,946 [Thread-539] INFO  server.BaseHttpServer (BaseHttpServer.java:updateConnectorAddress(215)) - HTTP server of HDDSDATANODE is listening at http://0.0.0.0:38319
2019-09-25 07:29:28,946 [Thread-539] INFO  impl.MetricsSystemImpl (MetricsSystemImpl.java:init(158)) - HddsDatanode metrics system started (again)
2019-09-25 07:29:28,950 [Thread-539] INFO  ozone.HddsDatanodeService (HddsDatanodeService.java:start(184)) - HddsDatanodeService host:pr-hdds-1569-x2sr2-3486766547 ip:192.168.151.106
2019-09-25 07:29:28,951 [org.apache.hadoop.util.JvmPauseMonitor$Monitor@211371d9] INFO  util.JvmPauseMonitor (JvmPauseMonitor.java:run(188)) - Starting JVM pause monitor
2019-09-25 07:29:28,954 [Datanode State Machine Thread - 0] INFO  datanode.InitDatanodeState (InitDatanodeState.java:persistContainerDatanodeDetails(140)) - DatanodeDetails is persisted to /workdir/hadoop-ozone/ozonefs/target/test-dir/MiniOzoneClusterImpl-550119eb-1d26-4ec7-b74e-58480585c2d5/datanode-1/meta/datanode.id
2019-09-25 07:29:28,956 [Thread-539] INFO  volume.HddsVolume (HddsVolume.java:<init>(176)) - Creating Volume: /workdir/hadoop-ozone/ozonefs/target/test-dir/MiniOzoneClusterImpl-550119eb-1d26-4ec7-b74e-58480585c2d5/datanode-2/data/containers/hdds of  storage type : DISK and capacity : 1482555576320
2019-09-25 07:29:28,956 [Thread-539] INFO  volume.VolumeSet (VolumeSet.java:initializeVolumeSet(170)) - Added Volume : /workdir/hadoop-ozone/ozonefs/target/test-dir/MiniOzoneClusterImpl-550119eb-1d26-4ec7-b74e-58480585c2d5/datanode-2/data/containers/hdds to VolumeSet
2019-09-25 07:29:28,956 [Thread-539] INFO  volume.ThrottledAsyncChecker (ThrottledAsyncChecker.java:schedule(139)) - Scheduling a check for org.apache.hadoop.ozone.container.common.volume.HddsVolume@4cc02391
2019-09-25 07:29:28,957 [Thread-539] INFO  volume.HddsVolumeChecker (HddsVolumeChecker.java:checkAllVolumes(202)) - Scheduled health check for volume org.apache.hadoop.ozone.container.common.volume.HddsVolume@4cc02391
2019-09-25 07:29:28,974 [Thread-539] INFO  impl.RaftServerProxy (ConfUtils.java:logGet(43)) - raft.rpc.type = GRPC (default)
2019-09-25 07:29:28,974 [Thread-539] INFO  grpc.GrpcFactory (GrpcFactory.java:checkPooledByteBufAllocatorUseCacheForAllThreads(45)) - PERFORMANCE WARNING: useCacheForAllThreads is true that may cause Netty to create a lot garbage objects and, as a result, trigger GC.
	It is recommended to disable useCacheForAllThreads by setting -Dorg.apache.ratis.thirdparty.io.netty.allocator.useCacheForAllThreads=false in command line.
2019-09-25 07:29:28,974 [Thread-539] INFO  grpc.GrpcConfigKeys$Server (ConfUtils.java:logGet(43)) - raft.grpc.server.port = 0 (default)
2019-09-25 07:29:28,974 [Thread-539] INFO  server.GrpcService (ConfUtils.java:logGet(43)) - raft.grpc.message.size.max = 33570816 (custom)
2019-09-25 07:29:28,975 [Thread-539] INFO  server.RaftServerConfigKeys (ConfUtils.java:logGet(43)) - raft.server.log.appender.buffer.byte-limit = 33554432 (custom)
2019-09-25 07:29:28,975 [Thread-539] INFO  server.GrpcService (ConfUtils.java:logGet(43)) - raft.grpc.flow.control.window = 1MB (=1048576) (default)
2019-09-25 07:29:28,975 [Thread-539] INFO  server.RaftServerConfigKeys (ConfUtils.java:logGet(43)) - raft.server.rpc.request.timeout = 3000ms (default)
2019-09-25 07:29:28,975 [Thread-539] INFO  server.RaftServerConfigKeys (ConfUtils.java:logGet(43)) - raft.server.storage.dir = [/workdir/hadoop-ozone/ozonefs/target/test-dir/MiniOzoneClusterImpl-550119eb-1d26-4ec7-b74e-58480585c2d5/datanode-2/data/ratis] (custom)
2019-09-25 07:29:28,976 [Thread-539] INFO  hdfs.DFSUtil (DFSUtil.java:httpServerTemplateForNNAndJN(1641)) - Starting Web-server for hddsDatanode at: http://0.0.0.0:0
2019-09-25 07:29:28,978 [Thread-539] INFO  server.AuthenticationFilter (AuthenticationFilter.java:constructSecretProvider(240)) - Unable to initialize FileSignerSecretProvider, falling back to use random secrets.
2019-09-25 07:29:28,978 [Thread-539] WARN  http.HttpRequestLog (HttpRequestLog.java:getRequestLog(97)) - Jetty request log can only be enabled using Log4j
2019-09-25 07:29:28,979 [Thread-539] INFO  http.HttpServer2 (HttpServer2.java:addGlobalFilter(975)) - Added global filter 'safety' (class=org.apache.hadoop.http.HttpServer2$QuotingInputFilter)
2019-09-25 07:29:28,980 [Thread-539] INFO  http.HttpServer2 (HttpServer2.java:addFilter(948)) - Added filter static_user_filter (class=org.apache.hadoop.http.lib.StaticUserWebFilter$StaticUserFilter) to context hddsDatanode
2019-09-25 07:29:28,980 [Thread-539] INFO  http.HttpServer2 (HttpServer2.java:addFilter(958)) - Added filter static_user_filter (class=org.apache.hadoop.http.lib.StaticUserWebFilter$StaticUserFilter) to context logs
2019-09-25 07:29:28,980 [Thread-539] INFO  http.HttpServer2 (HttpServer2.java:addFilter(958)) - Added filter static_user_filter (class=org.apache.hadoop.http.lib.StaticUserWebFilter$StaticUserFilter) to context static
2019-09-25 07:29:28,980 [Thread-539] INFO  http.HttpServer2 (HttpServer2.java:bindListener(1191)) - Jetty bound to port 44651
2019-09-25 07:29:28,981 [Thread-539] INFO  server.Server (Server.java:doStart(351)) - jetty-9.3.25.v20180904, build timestamp: 2018-09-04T21:11:46Z, git hash: 3ce520221d0240229c862b122d2b06c12a625732
2019-09-25 07:29:28,982 [Thread-539] INFO  handler.ContextHandler (ContextHandler.java:doStart(781)) - Started o.e.j.s.ServletContextHandler@15997f6f{/logs,file:///workdir/hadoop-ozone/ozonefs/target/log,AVAILABLE}
2019-09-25 07:29:28,982 [Thread-539] INFO  handler.ContextHandler (ContextHandler.java:doStart(781)) - Started o.e.j.s.ServletContextHandler@78a8517{/static,jar:file:/home/user/.m2/repository/org/apache/hadoop/hadoop-hdds-container-service/0.5.0-SNAPSHOT/hadoop-hdds-container-service-0.5.0-SNAPSHOT.jar!/webapps/static,AVAILABLE}
2019-09-25 07:29:29,009 [Thread-539] INFO  handler.ContextHandler (ContextHandler.java:doStart(781)) - Started o.e.j.w.WebAppContext@4565a962{/,file:///tmp/jetty-0.0.0.0-44651-hddsDatanode-_-any-601497614371139465.dir/webapp/,AVAILABLE}{/hddsDatanode}
2019-09-25 07:29:29,009 [Thread-539] INFO  server.AbstractConnector (AbstractConnector.java:doStart(278)) - Started ServerConnector@287f0026{HTTP/1.1,[http/1.1]}{0.0.0.0:44651}
2019-09-25 07:29:29,011 [Thread-539] INFO  server.Server (Server.java:doStart(419)) - Started @41682ms
2019-09-25 07:29:29,011 [Thread-539] WARN  impl.MetricsSystemImpl (MetricsSystemImpl.java:register(276)) - Sink prometheus already exists!
2019-09-25 07:29:29,012 [Thread-539] INFO  server.BaseHttpServer (BaseHttpServer.java:updateConnectorAddress(215)) - HTTP server of HDDSDATANODE is listening at http://0.0.0.0:44651
2019-09-25 07:29:29,012 [Thread-539] INFO  ozone.MiniOzoneClusterImpl (MiniOzoneClusterImpl.java:lambda$waitForClusterToBeReady$0(147)) - Waiting for cluster to be ready. Got 0 of 3 DN Heartbeats.
2019-09-25 07:29:29,017 [org.apache.hadoop.util.JvmPauseMonitor$Monitor@bc49d75] INFO  util.JvmPauseMonitor (JvmPauseMonitor.java:run(188)) - Starting JVM pause monitor
2019-09-25 07:29:29,019 [Datanode State Machine Thread - 0] INFO  datanode.InitDatanodeState (InitDatanodeState.java:persistContainerDatanodeDetails(140)) - DatanodeDetails is persisted to /workdir/hadoop-ozone/ozonefs/target/test-dir/MiniOzoneClusterImpl-550119eb-1d26-4ec7-b74e-58480585c2d5/datanode-2/meta/datanode.id
2019-09-25 07:29:30,012 [Thread-539] INFO  ozone.MiniOzoneClusterImpl (MiniOzoneClusterImpl.java:lambda$waitForClusterToBeReady$0(147)) - Waiting for cluster to be ready. Got 0 of 3 DN Heartbeats.
2019-09-25 07:29:30,911 [Datanode State Machine Thread - 0] INFO  ozoneimpl.OzoneContainer (OzoneContainer.java:start(217)) - Attempting to start container services.
2019-09-25 07:29:30,912 [Datanode State Machine Thread - 0] INFO  ozoneimpl.OzoneContainer (OzoneContainer.java:startContainerScrub(179)) - Background container scanner has been disabled.
2019-09-25 07:29:30,912 [Datanode State Machine Thread - 0] INFO  ratis.XceiverServerRatis (XceiverServerRatis.java:start(411)) - Starting XceiverServerRatis aa97873c-9bae-4a89-a297-61bb6211fe8e at port 0
2019-09-25 07:29:30,919 [Datanode State Machine Thread - 0] INFO  impl.RaftServerProxy (RaftServerProxy.java:lambda$start$3(299)) - aa97873c-9bae-4a89-a297-61bb6211fe8e: start RPC server
2019-09-25 07:29:30,925 [Datanode State Machine Thread - 0] INFO  server.GrpcService (GrpcService.java:startImpl(158)) - aa97873c-9bae-4a89-a297-61bb6211fe8e: GrpcService started, listening on 0.0.0.0/0.0.0.0:40198
2019-09-25 07:29:30,925 [Datanode State Machine Thread - 0] INFO  ratis.XceiverServerRatis (XceiverServerRatis.java:start(421)) - XceiverServerRatis aa97873c-9bae-4a89-a297-61bb6211fe8e is started using port 40198
2019-09-25 07:29:30,926 [Datanode State Machine Thread - 0] INFO  server.XceiverServerGrpc (XceiverServerGrpc.java:start(149)) - XceiverServerGrpc aa97873c-9bae-4a89-a297-61bb6211fe8e is started using port 36560
2019-09-25 07:29:30,977 [Datanode State Machine Thread - 0] INFO  ozoneimpl.OzoneContainer (OzoneContainer.java:start(217)) - Attempting to start container services.
2019-09-25 07:29:30,977 [Datanode State Machine Thread - 0] INFO  ozoneimpl.OzoneContainer (OzoneContainer.java:startContainerScrub(179)) - Background container scanner has been disabled.
2019-09-25 07:29:30,978 [Datanode State Machine Thread - 0] INFO  ratis.XceiverServerRatis (XceiverServerRatis.java:start(411)) - Starting XceiverServerRatis b7d5002f-68a3-48a4-8c4e-727f678e6e65 at port 0
2019-09-25 07:29:30,986 [Datanode State Machine Thread - 0] INFO  impl.RaftServerProxy (RaftServerProxy.java:lambda$start$3(299)) - b7d5002f-68a3-48a4-8c4e-727f678e6e65: start RPC server
2019-09-25 07:29:30,993 [Datanode State Machine Thread - 0] INFO  server.GrpcService (GrpcService.java:startImpl(158)) - b7d5002f-68a3-48a4-8c4e-727f678e6e65: GrpcService started, listening on 0.0.0.0/0.0.0.0:37354
2019-09-25 07:29:30,993 [Datanode State Machine Thread - 0] INFO  ratis.XceiverServerRatis (XceiverServerRatis.java:start(421)) - XceiverServerRatis b7d5002f-68a3-48a4-8c4e-727f678e6e65 is started using port 37354
2019-09-25 07:29:30,994 [Datanode State Machine Thread - 0] INFO  server.XceiverServerGrpc (XceiverServerGrpc.java:start(149)) - XceiverServerGrpc b7d5002f-68a3-48a4-8c4e-727f678e6e65 is started using port 45930
2019-09-25 07:29:31,013 [Thread-539] INFO  ozone.MiniOzoneClusterImpl (MiniOzoneClusterImpl.java:lambda$waitForClusterToBeReady$0(147)) - Waiting for cluster to be ready. Got 0 of 3 DN Heartbeats.
2019-09-25 07:29:31,040 [Datanode State Machine Thread - 0] INFO  ozoneimpl.OzoneContainer (OzoneContainer.java:start(217)) - Attempting to start container services.
2019-09-25 07:29:31,041 [Datanode State Machine Thread - 0] INFO  ozoneimpl.OzoneContainer (OzoneContainer.java:startContainerScrub(179)) - Background container scanner has been disabled.
2019-09-25 07:29:31,041 [Datanode State Machine Thread - 0] INFO  ratis.XceiverServerRatis (XceiverServerRatis.java:start(411)) - Starting XceiverServerRatis 942178b8-9bdf-4823-b12b-68105f0b6dcc at port 0
2019-09-25 07:29:31,049 [Datanode State Machine Thread - 0] INFO  impl.RaftServerProxy (RaftServerProxy.java:lambda$start$3(299)) - 942178b8-9bdf-4823-b12b-68105f0b6dcc: start RPC server
2019-09-25 07:29:31,051 [Datanode State Machine Thread - 0] INFO  server.GrpcService (GrpcService.java:startImpl(158)) - 942178b8-9bdf-4823-b12b-68105f0b6dcc: GrpcService started, listening on 0.0.0.0/0.0.0.0:45883
2019-09-25 07:29:31,051 [Datanode State Machine Thread - 0] INFO  ratis.XceiverServerRatis (XceiverServerRatis.java:start(421)) - XceiverServerRatis 942178b8-9bdf-4823-b12b-68105f0b6dcc is started using port 45883
2019-09-25 07:29:31,052 [Datanode State Machine Thread - 0] INFO  server.XceiverServerGrpc (XceiverServerGrpc.java:start(149)) - XceiverServerGrpc 942178b8-9bdf-4823-b12b-68105f0b6dcc is started using port 44001
2019-09-25 07:29:32,014 [Thread-539] INFO  ozone.MiniOzoneClusterImpl (MiniOzoneClusterImpl.java:lambda$waitForClusterToBeReady$0(147)) - Waiting for cluster to be ready. Got 0 of 3 DN Heartbeats.
2019-09-25 07:29:32,886 [IPC Server handler 0 on 46574] INFO  net.NetworkTopology (NetworkTopologyImpl.java:add(111)) - Added a new node: /default-rack/aa97873c-9bae-4a89-a297-61bb6211fe8e
2019-09-25 07:29:32,888 [IPC Server handler 0 on 46574] INFO  node.SCMNodeManager (SCMNodeManager.java:register(266)) - Registered Data node : aa97873c-9bae-4a89-a297-61bb6211fe8e{ip: 192.168.151.106, host: pr-hdds-1569-x2sr2-3486766547, networkLocation: /default-rack, certSerialId: null}
2019-09-25 07:29:32,890 [EventQueue-NodeRegistrationContainerReportForDataNodeSafeModeRule] INFO  safemode.SCMSafeModeManager (DataNodeSafeModeRule.java:process(71)) - SCM in safe mode. 1 DataNodes registered, 1 required.
2019-09-25 07:29:32,891 [EventQueue-NodeRegistrationContainerReportForDataNodeSafeModeRule] INFO  safemode.SCMSafeModeManager (SCMSafeModeManager.java:validateSafeModeExitRules(177)) - ScmSafeModeManager, all rules are successfully validated
2019-09-25 07:29:32,892 [EventQueue-NodeRegistrationContainerReportForDataNodeSafeModeRule] INFO  safemode.SCMSafeModeManager (SCMSafeModeManager.java:exitSafeMode(193)) - SCM exiting safe mode.
2019-09-25 07:29:32,915 [grpc-default-executor-0] INFO  impl.RaftServerProxy (RaftServerProxy.java:addNew(89)) - aa97873c-9bae-4a89-a297-61bb6211fe8e: addNew group-A67020C3A41D:[aa97873c-9bae-4a89-a297-61bb6211fe8e:192.168.151.106:40198] returns group-A67020C3A41D:java.util.concurrent.CompletableFuture@377d50f9[Not completed]
2019-09-25 07:29:32,918 [pool-127-thread-1] INFO  impl.RaftServerImpl (RaftServerImpl.java:<init>(95)) - aa97873c-9bae-4a89-a297-61bb6211fe8e: new RaftServerImpl for group-A67020C3A41D:[aa97873c-9bae-4a89-a297-61bb6211fe8e:192.168.151.106:40198] with ContainerStateMachine:uninitialized
2019-09-25 07:29:32,918 [pool-127-thread-1] INFO  server.RaftServerConfigKeys (ConfUtils.java:logGet(43)) - raft.server.rpc.timeout.min = 5s (custom)
2019-09-25 07:29:32,918 [pool-127-thread-1] INFO  server.RaftServerConfigKeys (ConfUtils.java:logGet(43)) - raft.server.rpc.timeout.max = 5200ms (custom)
2019-09-25 07:29:32,918 [pool-127-thread-1] INFO  server.RaftServerConfigKeys (ConfUtils.java:logGet(43)) - raft.server.rpcslowness.timeout = 120s (custom)
2019-09-25 07:29:32,918 [pool-127-thread-1] INFO  server.RaftServerConfigKeys (ConfUtils.java:logGet(43)) - raft.server.sleep.deviation.threshold = 300 (default)
2019-09-25 07:29:32,919 [pool-127-thread-1] INFO  server.RaftServerConfigKeys (ConfUtils.java:logGet(43)) - raft.server.log.appender.install.snapshot.enabled = false (custom)
2019-09-25 07:29:32,919 [pool-127-thread-1] INFO  impl.RaftServerImpl (ServerState.java:<init>(103)) - aa97873c-9bae-4a89-a297-61bb6211fe8e@group-A67020C3A41D: ConfigurationManager, init=-1: [aa97873c-9bae-4a89-a297-61bb6211fe8e:192.168.151.106:40198], old=null, confs=<EMPTY_MAP>
2019-09-25 07:29:32,919 [pool-127-thread-1] INFO  server.RaftServerConfigKeys (ConfUtils.java:logGet(43)) - raft.server.storage.dir = [/workdir/hadoop-ozone/ozonefs/target/test-dir/MiniOzoneClusterImpl-550119eb-1d26-4ec7-b74e-58480585c2d5/datanode-0/data/ratis] (custom)
2019-09-25 07:29:32,920 [pool-127-thread-1] INFO  storage.RaftStorageDirectory (RaftStorageDirectory.java:analyzeStorage(246)) - The storage directory /workdir/hadoop-ozone/ozonefs/target/test-dir/MiniOzoneClusterImpl-550119eb-1d26-4ec7-b74e-58480585c2d5/datanode-0/data/ratis/4f960ebf-878b-4dac-989c-a67020c3a41d does not exist. Creating ...
2019-09-25 07:29:32,953 [IPC Server handler 1 on 46574] INFO  net.NetworkTopology (NetworkTopologyImpl.java:add(111)) - Added a new node: /default-rack/b7d5002f-68a3-48a4-8c4e-727f678e6e65
2019-09-25 07:29:32,953 [IPC Server handler 1 on 46574] INFO  node.SCMNodeManager (SCMNodeManager.java:register(266)) - Registered Data node : b7d5002f-68a3-48a4-8c4e-727f678e6e65{ip: 192.168.151.106, host: pr-hdds-1569-x2sr2-3486766547, networkLocation: /default-rack, certSerialId: null}
2019-09-25 07:29:32,954 [pool-127-thread-1] INFO  storage.RaftStorageDirectory (RaftStorageDirectory.java:tryLock(328)) - Lock on /workdir/hadoop-ozone/ozonefs/target/test-dir/MiniOzoneClusterImpl-550119eb-1d26-4ec7-b74e-58480585c2d5/datanode-0/data/ratis/4f960ebf-878b-4dac-989c-a67020c3a41d/in_use.lock acquired by nodename 17738@pr-hdds-1569-x2sr2-3486766547
2019-09-25 07:29:32,979 [pool-127-thread-1] INFO  storage.RaftStorage (RaftStorage.java:format(72)) - Storage directory /workdir/hadoop-ozone/ozonefs/target/test-dir/MiniOzoneClusterImpl-550119eb-1d26-4ec7-b74e-58480585c2d5/datanode-0/data/ratis/4f960ebf-878b-4dac-989c-a67020c3a41d has been successfully formatted.
2019-09-25 07:29:32,980 [pool-127-thread-1] INFO  ratis.ContainerStateMachine (ContainerStateMachine.java:loadSnapshot(230)) - group-A67020C3A41D: The snapshot info is null. Setting the last applied indexto:(t:0, i:~)
2019-09-25 07:29:32,980 [pool-127-thread-1] INFO  server.RaftServerConfigKeys (ConfUtils.java:logGet(43)) - raft.server.notification.no-leader.timeout = 120s (custom)
2019-09-25 07:29:32,980 [pool-127-thread-1] INFO  server.RaftServerConfigKeys (ConfUtils.java:logGet(43)) - raft.server.log.use.memory = false (default)
2019-09-25 07:29:32,980 [pool-127-thread-1] INFO  server.RaftServerConfigKeys (ConfUtils.java:logGet(43)) - raft.server.log.purge.gap = 1000000 (custom)
2019-09-25 07:29:32,980 [pool-127-thread-1] INFO  server.RaftServerConfigKeys (ConfUtils.java:logGet(43)) - raft.server.log.appender.buffer.byte-limit = 33554432 (custom)
2019-09-25 07:29:32,981 [pool-127-thread-1] INFO  server.RaftServerConfigKeys (ConfUtils.java:logGet(43)) - raft.server.log.segment.size.max = 1048576 (custom)
2019-09-25 07:29:32,981 [pool-127-thread-1] INFO  server.RaftServerConfigKeys (ConfUtils.java:logGet(43)) - raft.server.log.segment.cache.num.max = 2 (custom)
2019-09-25 07:29:32,981 [pool-127-thread-1] INFO  segmented.SegmentedRaftLogWorker (SegmentedRaftLogWorker.java:<init>(172)) - new aa97873c-9bae-4a89-a297-61bb6211fe8e@group-A67020C3A41D-SegmentedRaftLogWorker for RaftStorage:Storage Directory /workdir/hadoop-ozone/ozonefs/target/test-dir/MiniOzoneClusterImpl-550119eb-1d26-4ec7-b74e-58480585c2d5/datanode-0/data/ratis/4f960ebf-878b-4dac-989c-a67020c3a41d
2019-09-25 07:29:32,984 [pool-127-thread-1] INFO  server.RaftServerConfigKeys (ConfUtils.java:logGet(43)) - raft.server.log.queue.byte-limit = 2147483647 (custom)
2019-09-25 07:29:32,984 [pool-127-thread-1] INFO  server.RaftServerConfigKeys (ConfUtils.java:logGet(43)) - raft.server.log.queue.element-limit = 1024 (custom)
2019-09-25 07:29:32,984 [pool-127-thread-1] INFO  server.RaftServerConfigKeys (ConfUtils.java:logGet(43)) - raft.server.log.segment.size.max = 1048576 (custom)
2019-09-25 07:29:32,985 [pool-127-thread-1] INFO  server.RaftServerConfigKeys (ConfUtils.java:logGet(43)) - raft.server.log.preallocated.size = 16384 (custom)
2019-09-25 07:29:32,985 [pool-127-thread-1] INFO  server.RaftServerConfigKeys (ConfUtils.java:logGet(43)) - raft.server.log.write.buffer.size = 33554432 (custom)
2019-09-25 07:29:32,985 [pool-127-thread-1] INFO  server.RaftServerConfigKeys (ConfUtils.java:logGet(43)) - raft.server.log.force.sync.num = 128 (default)
2019-09-25 07:29:32,985 [pool-127-thread-1] INFO  server.RaftServerConfigKeys (ConfUtils.java:logGet(43)) - raft.server.log.statemachine.data.sync = true (default)
2019-09-25 07:29:32,985 [pool-127-thread-1] INFO  server.RaftServerConfigKeys (ConfUtils.java:logGet(43)) - raft.server.log.statemachine.data.sync.timeout = 10s (default)
2019-09-25 07:29:32,985 [pool-127-thread-1] INFO  server.RaftServerConfigKeys (ConfUtils.java:logGet(43)) - raft.server.log.statemachine.data.sync.timeout.retry = -1 (default)
2019-09-25 07:29:32,986 [pool-127-thread-1] INFO  server.RaftServerConfigKeys (ConfUtils.java:logGet(43)) - raft.server.log.statemachine.data.caching.enabled = true (custom)
2019-09-25 07:29:32,986 [pool-127-thread-1] INFO  segmented.SegmentedRaftLogWorker (SegmentedRaftLogWorker.java:lambda$new$0(132)) - aa97873c-9bae-4a89-a297-61bb6211fe8e@group-A67020C3A41D-SegmentedRaftLogWorker: flushIndex: setUnconditionally 0 -> -1
2019-09-25 07:29:32,987 [pool-127-thread-1] INFO  server.RaftServerConfigKeys (ConfUtils.java:logGet(43)) - raft.server.snapshot.auto.trigger.enabled = true (custom)
2019-09-25 07:29:32,987 [pool-127-thread-1] INFO  server.RaftServerConfigKeys (ConfUtils.java:logGet(43)) - raft.server.snapshot.auto.trigger.threshold = 10000 (custom)
2019-09-25 07:29:32,987 [pool-127-thread-1] INFO  server.RaftServerConfigKeys (ConfUtils.java:logGet(43)) - raft.server.snapshot.retention.num.files = 5 (custom)
2019-09-25 07:29:32,987 [pool-127-thread-1] INFO  server.RaftServerConfigKeys (ConfUtils.java:logGet(43)) - raft.server.retrycache.expirytime = 600000ms (custom)
2019-09-25 07:29:32,990 [pool-127-thread-1] INFO  impl.RaftServerImpl (RaftServerImpl.java:start(185)) - aa97873c-9bae-4a89-a297-61bb6211fe8e@group-A67020C3A41D: start as a follower, conf=-1: [aa97873c-9bae-4a89-a297-61bb6211fe8e:192.168.151.106:40198], old=null
2019-09-25 07:29:32,990 [pool-127-thread-1] INFO  impl.RaftServerImpl (RaftServerImpl.java:setRole(174)) - aa97873c-9bae-4a89-a297-61bb6211fe8e@group-A67020C3A41D: changes role from      null to FOLLOWER at term 0 for startAsFollower
2019-09-25 07:29:32,990 [pool-127-thread-1] INFO  impl.RoleInfo (RoleInfo.java:updateAndGet(143)) - aa97873c-9bae-4a89-a297-61bb6211fe8e: start FollowerState
2019-09-25 07:29:32,991 [pool-127-thread-1] INFO  util.JmxRegister (JmxRegister.java:tryRegister(44)) - Successfully registered JMX Bean with object name Ratis:service=RaftServer,group=group-A67020C3A41D,id=aa97873c-9bae-4a89-a297-61bb6211fe8e
2019-09-25 07:29:32,998 [RatisPipelineUtilsThread] INFO  pipeline.PipelineStateManager (PipelineStateManager.java:addPipeline(56)) - Created pipeline Pipeline[ Id: 4f960ebf-878b-4dac-989c-a67020c3a41d, Nodes: aa97873c-9bae-4a89-a297-61bb6211fe8e{ip: 192.168.151.106, host: pr-hdds-1569-x2sr2-3486766547, networkLocation: /default-rack, certSerialId: null}, Type:RATIS, Factor:ONE, State:OPEN]
2019-09-25 07:29:33,010 [grpc-default-executor-0] INFO  impl.RaftServerProxy (RaftServerProxy.java:addNew(89)) - b7d5002f-68a3-48a4-8c4e-727f678e6e65: addNew group-230AB61C2DA5:[b7d5002f-68a3-48a4-8c4e-727f678e6e65:192.168.151.106:37354] returns group-230AB61C2DA5:java.util.concurrent.CompletableFuture@af5cc89[Not completed]
2019-09-25 07:29:33,013 [pool-137-thread-1] INFO  impl.RaftServerImpl (RaftServerImpl.java:<init>(95)) - b7d5002f-68a3-48a4-8c4e-727f678e6e65: new RaftServerImpl for group-230AB61C2DA5:[b7d5002f-68a3-48a4-8c4e-727f678e6e65:192.168.151.106:37354] with ContainerStateMachine:uninitialized
2019-09-25 07:29:33,013 [pool-137-thread-1] INFO  server.RaftServerConfigKeys (ConfUtils.java:logGet(43)) - raft.server.rpc.timeout.min = 5s (custom)
2019-09-25 07:29:33,013 [pool-137-thread-1] INFO  server.RaftServerConfigKeys (ConfUtils.java:logGet(43)) - raft.server.rpc.timeout.max = 5200ms (custom)
2019-09-25 07:29:33,013 [pool-137-thread-1] INFO  server.RaftServerConfigKeys (ConfUtils.java:logGet(43)) - raft.server.rpcslowness.timeout = 120s (custom)
2019-09-25 07:29:33,014 [pool-137-thread-1] INFO  server.RaftServerConfigKeys (ConfUtils.java:logGet(43)) - raft.server.sleep.deviation.threshold = 300 (default)
2019-09-25 07:29:33,014 [pool-137-thread-1] INFO  server.RaftServerConfigKeys (ConfUtils.java:logGet(43)) - raft.server.log.appender.install.snapshot.enabled = false (custom)
2019-09-25 07:29:33,014 [pool-137-thread-1] INFO  impl.RaftServerImpl (ServerState.java:<init>(103)) - b7d5002f-68a3-48a4-8c4e-727f678e6e65@group-230AB61C2DA5: ConfigurationManager, init=-1: [b7d5002f-68a3-48a4-8c4e-727f678e6e65:192.168.151.106:37354], old=null, confs=<EMPTY_MAP>
2019-09-25 07:29:33,014 [Thread-539] INFO  ozone.MiniOzoneClusterImpl (MiniOzoneClusterImpl.java:lambda$waitForClusterToBeReady$0(147)) - Waiting for cluster to be ready. Got 2 of 3 DN Heartbeats.
2019-09-25 07:29:33,014 [pool-137-thread-1] INFO  server.RaftServerConfigKeys (ConfUtils.java:logGet(43)) - raft.server.storage.dir = [/workdir/hadoop-ozone/ozonefs/target/test-dir/MiniOzoneClusterImpl-550119eb-1d26-4ec7-b74e-58480585c2d5/datanode-1/data/ratis] (custom)
2019-09-25 07:29:33,015 [pool-137-thread-1] INFO  storage.RaftStorageDirectory (RaftStorageDirectory.java:analyzeStorage(246)) - The storage directory /workdir/hadoop-ozone/ozonefs/target/test-dir/MiniOzoneClusterImpl-550119eb-1d26-4ec7-b74e-58480585c2d5/datanode-1/data/ratis/5837c8fc-cec3-4d1e-a97a-230ab61c2da5 does not exist. Creating ...
2019-09-25 07:29:33,018 [IPC Server handler 3 on 46574] INFO  net.NetworkTopology (NetworkTopologyImpl.java:add(111)) - Added a new node: /default-rack/942178b8-9bdf-4823-b12b-68105f0b6dcc
2019-09-25 07:29:33,018 [IPC Server handler 3 on 46574] INFO  node.SCMNodeManager (SCMNodeManager.java:register(266)) - Registered Data node : 942178b8-9bdf-4823-b12b-68105f0b6dcc{ip: 192.168.151.106, host: pr-hdds-1569-x2sr2-3486766547, networkLocation: /default-rack, certSerialId: null}
2019-09-25 07:29:33,028 [pool-137-thread-1] INFO  storage.RaftStorageDirectory (RaftStorageDirectory.java:tryLock(328)) - Lock on /workdir/hadoop-ozone/ozonefs/target/test-dir/MiniOzoneClusterImpl-550119eb-1d26-4ec7-b74e-58480585c2d5/datanode-1/data/ratis/5837c8fc-cec3-4d1e-a97a-230ab61c2da5/in_use.lock acquired by nodename 17738@pr-hdds-1569-x2sr2-3486766547
2019-09-25 07:29:33,041 [pool-137-thread-1] INFO  storage.RaftStorage (RaftStorage.java:format(72)) - Storage directory /workdir/hadoop-ozone/ozonefs/target/test-dir/MiniOzoneClusterImpl-550119eb-1d26-4ec7-b74e-58480585c2d5/datanode-1/data/ratis/5837c8fc-cec3-4d1e-a97a-230ab61c2da5 has been successfully formatted.
2019-09-25 07:29:33,041 [pool-137-thread-1] INFO  ratis.ContainerStateMachine (ContainerStateMachine.java:loadSnapshot(230)) - group-230AB61C2DA5: The snapshot info is null. Setting the last applied indexto:(t:0, i:~)
2019-09-25 07:29:33,041 [pool-137-thread-1] INFO  server.RaftServerConfigKeys (ConfUtils.java:logGet(43)) - raft.server.notification.no-leader.timeout = 120s (custom)
2019-09-25 07:29:33,041 [pool-137-thread-1] INFO  server.RaftServerConfigKeys (ConfUtils.java:logGet(43)) - raft.server.log.use.memory = false (default)
2019-09-25 07:29:33,042 [pool-137-thread-1] INFO  server.RaftServerConfigKeys (ConfUtils.java:logGet(43)) - raft.server.log.purge.gap = 1000000 (custom)
2019-09-25 07:29:33,042 [pool-137-thread-1] INFO  server.RaftServerConfigKeys (ConfUtils.java:logGet(43)) - raft.server.log.appender.buffer.byte-limit = 33554432 (custom)
2019-09-25 07:29:33,042 [pool-137-thread-1] INFO  server.RaftServerConfigKeys (ConfUtils.java:logGet(43)) - raft.server.log.segment.size.max = 1048576 (custom)
2019-09-25 07:29:33,042 [pool-137-thread-1] INFO  server.RaftServerConfigKeys (ConfUtils.java:logGet(43)) - raft.server.log.segment.cache.num.max = 2 (custom)
2019-09-25 07:29:33,042 [pool-137-thread-1] INFO  segmented.SegmentedRaftLogWorker (SegmentedRaftLogWorker.java:<init>(172)) - new b7d5002f-68a3-48a4-8c4e-727f678e6e65@group-230AB61C2DA5-SegmentedRaftLogWorker for RaftStorage:Storage Directory /workdir/hadoop-ozone/ozonefs/target/test-dir/MiniOzoneClusterImpl-550119eb-1d26-4ec7-b74e-58480585c2d5/datanode-1/data/ratis/5837c8fc-cec3-4d1e-a97a-230ab61c2da5
2019-09-25 07:29:33,046 [pool-137-thread-1] INFO  server.RaftServerConfigKeys (ConfUtils.java:logGet(43)) - raft.server.log.queue.byte-limit = 2147483647 (custom)
2019-09-25 07:29:33,046 [pool-137-thread-1] INFO  server.RaftServerConfigKeys (ConfUtils.java:logGet(43)) - raft.server.log.queue.element-limit = 1024 (custom)
2019-09-25 07:29:33,046 [pool-137-thread-1] INFO  server.RaftServerConfigKeys (ConfUtils.java:logGet(43)) - raft.server.log.segment.size.max = 1048576 (custom)
2019-09-25 07:29:33,046 [pool-137-thread-1] INFO  server.RaftServerConfigKeys (ConfUtils.java:logGet(43)) - raft.server.log.preallocated.size = 16384 (custom)
2019-09-25 07:29:33,046 [pool-137-thread-1] INFO  server.RaftServerConfigKeys (ConfUtils.java:logGet(43)) - raft.server.log.write.buffer.size = 33554432 (custom)
2019-09-25 07:29:33,047 [pool-137-thread-1] INFO  server.RaftServerConfigKeys (ConfUtils.java:logGet(43)) - raft.server.log.force.sync.num = 128 (default)
2019-09-25 07:29:33,047 [pool-137-thread-1] INFO  server.RaftServerConfigKeys (ConfUtils.java:logGet(43)) - raft.server.log.statemachine.data.sync = true (default)
2019-09-25 07:29:33,047 [pool-137-thread-1] INFO  server.RaftServerConfigKeys (ConfUtils.java:logGet(43)) - raft.server.log.statemachine.data.sync.timeout = 10s (default)
2019-09-25 07:29:33,047 [pool-137-thread-1] INFO  server.RaftServerConfigKeys (ConfUtils.java:logGet(43)) - raft.server.log.statemachine.data.sync.timeout.retry = -1 (default)
2019-09-25 07:29:33,048 [pool-137-thread-1] INFO  server.RaftServerConfigKeys (ConfUtils.java:logGet(43)) - raft.server.log.statemachine.data.caching.enabled = true (custom)
2019-09-25 07:29:33,048 [pool-137-thread-1] INFO  segmented.SegmentedRaftLogWorker (SegmentedRaftLogWorker.java:lambda$new$0(132)) - b7d5002f-68a3-48a4-8c4e-727f678e6e65@group-230AB61C2DA5-SegmentedRaftLogWorker: flushIndex: setUnconditionally 0 -> -1
2019-09-25 07:29:33,048 [pool-137-thread-1] INFO  server.RaftServerConfigKeys (ConfUtils.java:logGet(43)) - raft.server.snapshot.auto.trigger.enabled = true (custom)
2019-09-25 07:29:33,049 [pool-137-thread-1] INFO  server.RaftServerConfigKeys (ConfUtils.java:logGet(43)) - raft.server.snapshot.auto.trigger.threshold = 10000 (custom)
2019-09-25 07:29:33,049 [pool-137-thread-1] INFO  server.RaftServerConfigKeys (ConfUtils.java:logGet(43)) - raft.server.snapshot.retention.num.files = 5 (custom)
2019-09-25 07:29:33,049 [pool-137-thread-1] INFO  server.RaftServerConfigKeys (ConfUtils.java:logGet(43)) - raft.server.retrycache.expirytime = 600000ms (custom)
2019-09-25 07:29:33,052 [pool-137-thread-1] INFO  impl.RaftServerImpl (RaftServerImpl.java:start(185)) - b7d5002f-68a3-48a4-8c4e-727f678e6e65@group-230AB61C2DA5: start as a follower, conf=-1: [b7d5002f-68a3-48a4-8c4e-727f678e6e65:192.168.151.106:37354], old=null
2019-09-25 07:29:33,052 [pool-137-thread-1] INFO  impl.RaftServerImpl (RaftServerImpl.java:setRole(174)) - b7d5002f-68a3-48a4-8c4e-727f678e6e65@group-230AB61C2DA5: changes role from      null to FOLLOWER at term 0 for startAsFollower
2019-09-25 07:29:33,053 [pool-137-thread-1] INFO  impl.RoleInfo (RoleInfo.java:updateAndGet(143)) - b7d5002f-68a3-48a4-8c4e-727f678e6e65: start FollowerState
2019-09-25 07:29:33,053 [pool-137-thread-1] INFO  util.JmxRegister (JmxRegister.java:tryRegister(44)) - Successfully registered JMX Bean with object name Ratis:service=RaftServer,group=group-230AB61C2DA5,id=b7d5002f-68a3-48a4-8c4e-727f678e6e65
2019-09-25 07:29:33,058 [RatisPipelineUtilsThread] INFO  pipeline.PipelineStateManager (PipelineStateManager.java:addPipeline(56)) - Created pipeline Pipeline[ Id: 5837c8fc-cec3-4d1e-a97a-230ab61c2da5, Nodes: b7d5002f-68a3-48a4-8c4e-727f678e6e65{ip: 192.168.151.106, host: pr-hdds-1569-x2sr2-3486766547, networkLocation: /default-rack, certSerialId: null}, Type:RATIS, Factor:ONE, State:OPEN]
2019-09-25 07:29:33,076 [grpc-default-executor-0] INFO  impl.RaftServerProxy (RaftServerProxy.java:addNew(89)) - b7d5002f-68a3-48a4-8c4e-727f678e6e65: addNew group-CA251EB9724E:[b7d5002f-68a3-48a4-8c4e-727f678e6e65:192.168.151.106:37354] returns group-CA251EB9724E:java.util.concurrent.CompletableFuture@346b200c[Not completed]
2019-09-25 07:29:33,078 [pool-137-thread-1] INFO  impl.RaftServerImpl (RaftServerImpl.java:<init>(95)) - b7d5002f-68a3-48a4-8c4e-727f678e6e65: new RaftServerImpl for group-CA251EB9724E:[b7d5002f-68a3-48a4-8c4e-727f678e6e65:192.168.151.106:37354] with ContainerStateMachine:uninitialized
2019-09-25 07:29:33,078 [pool-137-thread-1] INFO  server.RaftServerConfigKeys (ConfUtils.java:logGet(43)) - raft.server.rpc.timeout.min = 5s (custom)
2019-09-25 07:29:33,078 [pool-137-thread-1] INFO  server.RaftServerConfigKeys (ConfUtils.java:logGet(43)) - raft.server.rpc.timeout.max = 5200ms (custom)
2019-09-25 07:29:33,078 [pool-137-thread-1] INFO  server.RaftServerConfigKeys (ConfUtils.java:logGet(43)) - raft.server.rpcslowness.timeout = 120s (custom)
2019-09-25 07:29:33,078 [pool-137-thread-1] INFO  server.RaftServerConfigKeys (ConfUtils.java:logGet(43)) - raft.server.sleep.deviation.threshold = 300 (default)
2019-09-25 07:29:33,078 [pool-137-thread-1] INFO  server.RaftServerConfigKeys (ConfUtils.java:logGet(43)) - raft.server.log.appender.install.snapshot.enabled = false (custom)
2019-09-25 07:29:33,079 [pool-137-thread-1] INFO  impl.RaftServerImpl (ServerState.java:<init>(103)) - b7d5002f-68a3-48a4-8c4e-727f678e6e65@group-CA251EB9724E: ConfigurationManager, init=-1: [b7d5002f-68a3-48a4-8c4e-727f678e6e65:192.168.151.106:37354], old=null, confs=<EMPTY_MAP>
2019-09-25 07:29:33,079 [pool-137-thread-1] INFO  server.RaftServerConfigKeys (ConfUtils.java:logGet(43)) - raft.server.storage.dir = [/workdir/hadoop-ozone/ozonefs/target/test-dir/MiniOzoneClusterImpl-550119eb-1d26-4ec7-b74e-58480585c2d5/datanode-1/data/ratis] (custom)
2019-09-25 07:29:33,079 [pool-137-thread-1] INFO  storage.RaftStorageDirectory (RaftStorageDirectory.java:analyzeStorage(246)) - The storage directory /workdir/hadoop-ozone/ozonefs/target/test-dir/MiniOzoneClusterImpl-550119eb-1d26-4ec7-b74e-58480585c2d5/datanode-1/data/ratis/3cf4c9cc-e5d3-4c12-9896-ca251eb9724e does not exist. Creating ...
2019-09-25 07:29:33,093 [pool-137-thread-1] INFO  storage.RaftStorageDirectory (RaftStorageDirectory.java:tryLock(328)) - Lock on /workdir/hadoop-ozone/ozonefs/target/test-dir/MiniOzoneClusterImpl-550119eb-1d26-4ec7-b74e-58480585c2d5/datanode-1/data/ratis/3cf4c9cc-e5d3-4c12-9896-ca251eb9724e/in_use.lock acquired by nodename 17738@pr-hdds-1569-x2sr2-3486766547
2019-09-25 07:29:33,107 [pool-137-thread-1] INFO  storage.RaftStorage (RaftStorage.java:format(72)) - Storage directory /workdir/hadoop-ozone/ozonefs/target/test-dir/MiniOzoneClusterImpl-550119eb-1d26-4ec7-b74e-58480585c2d5/datanode-1/data/ratis/3cf4c9cc-e5d3-4c12-9896-ca251eb9724e has been successfully formatted.
2019-09-25 07:29:33,107 [pool-137-thread-1] INFO  ratis.ContainerStateMachine (ContainerStateMachine.java:loadSnapshot(230)) - group-CA251EB9724E: The snapshot info is null. Setting the last applied indexto:(t:0, i:~)
2019-09-25 07:29:33,107 [pool-137-thread-1] INFO  server.RaftServerConfigKeys (ConfUtils.java:logGet(43)) - raft.server.notification.no-leader.timeout = 120s (custom)
2019-09-25 07:29:33,107 [pool-137-thread-1] INFO  server.RaftServerConfigKeys (ConfUtils.java:logGet(43)) - raft.server.log.use.memory = false (default)
2019-09-25 07:29:33,108 [pool-137-thread-1] INFO  server.RaftServerConfigKeys (ConfUtils.java:logGet(43)) - raft.server.log.purge.gap = 1000000 (custom)
2019-09-25 07:29:33,108 [pool-137-thread-1] INFO  server.RaftServerConfigKeys (ConfUtils.java:logGet(43)) - raft.server.log.appender.buffer.byte-limit = 33554432 (custom)
2019-09-25 07:29:33,108 [pool-137-thread-1] INFO  server.RaftServerConfigKeys (ConfUtils.java:logGet(43)) - raft.server.log.segment.size.max = 1048576 (custom)
2019-09-25 07:29:33,108 [pool-137-thread-1] INFO  server.RaftServerConfigKeys (ConfUtils.java:logGet(43)) - raft.server.log.segment.cache.num.max = 2 (custom)
2019-09-25 07:29:33,108 [pool-137-thread-1] INFO  segmented.SegmentedRaftLogWorker (SegmentedRaftLogWorker.java:<init>(172)) - new b7d5002f-68a3-48a4-8c4e-727f678e6e65@group-CA251EB9724E-SegmentedRaftLogWorker for RaftStorage:Storage Directory /workdir/hadoop-ozone/ozonefs/target/test-dir/MiniOzoneClusterImpl-550119eb-1d26-4ec7-b74e-58480585c2d5/datanode-1/data/ratis/3cf4c9cc-e5d3-4c12-9896-ca251eb9724e
2019-09-25 07:29:33,109 [pool-137-thread-1] INFO  server.RaftServerConfigKeys (ConfUtils.java:logGet(43)) - raft.server.log.queue.byte-limit = 2147483647 (custom)
2019-09-25 07:29:33,109 [pool-137-thread-1] INFO  server.RaftServerConfigKeys (ConfUtils.java:logGet(43)) - raft.server.log.queue.element-limit = 1024 (custom)
2019-09-25 07:29:33,109 [pool-137-thread-1] INFO  server.RaftServerConfigKeys (ConfUtils.java:logGet(43)) - raft.server.log.segment.size.max = 1048576 (custom)
2019-09-25 07:29:33,109 [pool-137-thread-1] INFO  server.RaftServerConfigKeys (ConfUtils.java:logGet(43)) - raft.server.log.preallocated.size = 16384 (custom)
2019-09-25 07:29:33,109 [pool-137-thread-1] INFO  server.RaftServerConfigKeys (ConfUtils.java:logGet(43)) - raft.server.log.write.buffer.size = 33554432 (custom)
2019-09-25 07:29:33,109 [pool-137-thread-1] INFO  server.RaftServerConfigKeys (ConfUtils.java:logGet(43)) - raft.server.log.force.sync.num = 128 (default)
2019-09-25 07:29:33,110 [pool-137-thread-1] INFO  server.RaftServerConfigKeys (ConfUtils.java:logGet(43)) - raft.server.log.statemachine.data.sync = true (default)
2019-09-25 07:29:33,110 [pool-137-thread-1] INFO  server.RaftServerConfigKeys (ConfUtils.java:logGet(43)) - raft.server.log.statemachine.data.sync.timeout = 10s (default)
2019-09-25 07:29:33,110 [pool-137-thread-1] INFO  server.RaftServerConfigKeys (ConfUtils.java:logGet(43)) - raft.server.log.statemachine.data.sync.timeout.retry = -1 (default)
2019-09-25 07:29:33,110 [pool-137-thread-1] INFO  server.RaftServerConfigKeys (ConfUtils.java:logGet(43)) - raft.server.log.statemachine.data.caching.enabled = true (custom)
2019-09-25 07:29:33,110 [pool-137-thread-1] INFO  segmented.SegmentedRaftLogWorker (SegmentedRaftLogWorker.java:lambda$new$0(132)) - b7d5002f-68a3-48a4-8c4e-727f678e6e65@group-CA251EB9724E-SegmentedRaftLogWorker: flushIndex: setUnconditionally 0 -> -1
2019-09-25 07:29:33,111 [pool-137-thread-1] INFO  server.RaftServerConfigKeys (ConfUtils.java:logGet(43)) - raft.server.snapshot.auto.trigger.enabled = true (custom)
2019-09-25 07:29:33,111 [pool-137-thread-1] INFO  server.RaftServerConfigKeys (ConfUtils.java:logGet(43)) - raft.server.snapshot.auto.trigger.threshold = 10000 (custom)
2019-09-25 07:29:33,111 [pool-137-thread-1] INFO  server.RaftServerConfigKeys (ConfUtils.java:logGet(43)) - raft.server.snapshot.retention.num.files = 5 (custom)
2019-09-25 07:29:33,111 [pool-137-thread-1] INFO  server.RaftServerConfigKeys (ConfUtils.java:logGet(43)) - raft.server.retrycache.expirytime = 600000ms (custom)
2019-09-25 07:29:33,114 [pool-137-thread-1] INFO  impl.RaftServerImpl (RaftServerImpl.java:start(185)) - b7d5002f-68a3-48a4-8c4e-727f678e6e65@group-CA251EB9724E: start as a follower, conf=-1: [b7d5002f-68a3-48a4-8c4e-727f678e6e65:192.168.151.106:37354], old=null
2019-09-25 07:29:33,114 [pool-137-thread-1] INFO  impl.RaftServerImpl (RaftServerImpl.java:setRole(174)) - b7d5002f-68a3-48a4-8c4e-727f678e6e65@group-CA251EB9724E: changes role from      null to FOLLOWER at term 0 for startAsFollower
2019-09-25 07:29:33,114 [pool-137-thread-1] INFO  impl.RoleInfo (RoleInfo.java:updateAndGet(143)) - b7d5002f-68a3-48a4-8c4e-727f678e6e65: start FollowerState
2019-09-25 07:29:33,114 [pool-137-thread-1] INFO  util.JmxRegister (JmxRegister.java:tryRegister(44)) - Successfully registered JMX Bean with object name Ratis:service=RaftServer,group=group-CA251EB9724E,id=b7d5002f-68a3-48a4-8c4e-727f678e6e65
2019-09-25 07:29:33,119 [RatisPipelineUtilsThread] INFO  pipeline.PipelineStateManager (PipelineStateManager.java:addPipeline(56)) - Created pipeline Pipeline[ Id: 3cf4c9cc-e5d3-4c12-9896-ca251eb9724e, Nodes: b7d5002f-68a3-48a4-8c4e-727f678e6e65{ip: 192.168.151.106, host: pr-hdds-1569-x2sr2-3486766547, networkLocation: /default-rack, certSerialId: null}, Type:RATIS, Factor:ONE, State:OPEN]
2019-09-25 07:29:33,134 [grpc-default-executor-0] INFO  impl.RaftServerProxy (RaftServerProxy.java:addNew(89)) - aa97873c-9bae-4a89-a297-61bb6211fe8e: addNew group-693954F9D8A0:[aa97873c-9bae-4a89-a297-61bb6211fe8e:192.168.151.106:40198] returns group-693954F9D8A0:java.util.concurrent.CompletableFuture@11f1a6d2[Not completed]
2019-09-25 07:29:33,135 [pool-127-thread-1] INFO  impl.RaftServerImpl (RaftServerImpl.java:<init>(95)) - aa97873c-9bae-4a89-a297-61bb6211fe8e: new RaftServerImpl for group-693954F9D8A0:[aa97873c-9bae-4a89-a297-61bb6211fe8e:192.168.151.106:40198] with ContainerStateMachine:uninitialized
2019-09-25 07:29:33,136 [pool-127-thread-1] INFO  server.RaftServerConfigKeys (ConfUtils.java:logGet(43)) - raft.server.rpc.timeout.min = 5s (custom)
2019-09-25 07:29:33,136 [pool-127-thread-1] INFO  server.RaftServerConfigKeys (ConfUtils.java:logGet(43)) - raft.server.rpc.timeout.max = 5200ms (custom)
2019-09-25 07:29:33,136 [pool-127-thread-1] INFO  server.RaftServerConfigKeys (ConfUtils.java:logGet(43)) - raft.server.rpcslowness.timeout = 120s (custom)
2019-09-25 07:29:33,136 [pool-127-thread-1] INFO  server.RaftServerConfigKeys (ConfUtils.java:logGet(43)) - raft.server.sleep.deviation.threshold = 300 (default)
2019-09-25 07:29:33,136 [pool-127-thread-1] INFO  server.RaftServerConfigKeys (ConfUtils.java:logGet(43)) - raft.server.log.appender.install.snapshot.enabled = false (custom)
2019-09-25 07:29:33,136 [pool-127-thread-1] INFO  impl.RaftServerImpl (ServerState.java:<init>(103)) - aa97873c-9bae-4a89-a297-61bb6211fe8e@group-693954F9D8A0: ConfigurationManager, init=-1: [aa97873c-9bae-4a89-a297-61bb6211fe8e:192.168.151.106:40198], old=null, confs=<EMPTY_MAP>
2019-09-25 07:29:33,137 [pool-127-thread-1] INFO  server.RaftServerConfigKeys (ConfUtils.java:logGet(43)) - raft.server.storage.dir = [/workdir/hadoop-ozone/ozonefs/target/test-dir/MiniOzoneClusterImpl-550119eb-1d26-4ec7-b74e-58480585c2d5/datanode-0/data/ratis] (custom)
2019-09-25 07:29:33,137 [pool-127-thread-1] INFO  storage.RaftStorageDirectory (RaftStorageDirectory.java:analyzeStorage(246)) - The storage directory /workdir/hadoop-ozone/ozonefs/target/test-dir/MiniOzoneClusterImpl-550119eb-1d26-4ec7-b74e-58480585c2d5/datanode-0/data/ratis/6608f15a-2d2f-42e3-9ebe-693954f9d8a0 does not exist. Creating ...
2019-09-25 07:29:33,159 [pool-127-thread-1] INFO  storage.RaftStorageDirectory (RaftStorageDirectory.java:tryLock(328)) - Lock on /workdir/hadoop-ozone/ozonefs/target/test-dir/MiniOzoneClusterImpl-550119eb-1d26-4ec7-b74e-58480585c2d5/datanode-0/data/ratis/6608f15a-2d2f-42e3-9ebe-693954f9d8a0/in_use.lock acquired by nodename 17738@pr-hdds-1569-x2sr2-3486766547
2019-09-25 07:29:33,184 [pool-127-thread-1] INFO  storage.RaftStorage (RaftStorage.java:format(72)) - Storage directory /workdir/hadoop-ozone/ozonefs/target/test-dir/MiniOzoneClusterImpl-550119eb-1d26-4ec7-b74e-58480585c2d5/datanode-0/data/ratis/6608f15a-2d2f-42e3-9ebe-693954f9d8a0 has been successfully formatted.
2019-09-25 07:29:33,185 [pool-127-thread-1] INFO  ratis.ContainerStateMachine (ContainerStateMachine.java:loadSnapshot(230)) - group-693954F9D8A0: The snapshot info is null. Setting the last applied indexto:(t:0, i:~)
2019-09-25 07:29:33,185 [pool-127-thread-1] INFO  server.RaftServerConfigKeys (ConfUtils.java:logGet(43)) - raft.server.notification.no-leader.timeout = 120s (custom)
2019-09-25 07:29:33,185 [pool-127-thread-1] INFO  server.RaftServerConfigKeys (ConfUtils.java:logGet(43)) - raft.server.log.use.memory = false (default)
2019-09-25 07:29:33,185 [pool-127-thread-1] INFO  server.RaftServerConfigKeys (ConfUtils.java:logGet(43)) - raft.server.log.purge.gap = 1000000 (custom)
2019-09-25 07:29:33,185 [pool-127-thread-1] INFO  server.RaftServerConfigKeys (ConfUtils.java:logGet(43)) - raft.server.log.appender.buffer.byte-limit = 33554432 (custom)
2019-09-25 07:29:33,186 [pool-127-thread-1] INFO  server.RaftServerConfigKeys (ConfUtils.java:logGet(43)) - raft.server.log.segment.size.max = 1048576 (custom)
2019-09-25 07:29:33,186 [pool-127-thread-1] INFO  server.RaftServerConfigKeys (ConfUtils.java:logGet(43)) - raft.server.log.segment.cache.num.max = 2 (custom)
2019-09-25 07:29:33,186 [pool-127-thread-1] INFO  segmented.SegmentedRaftLogWorker (SegmentedRaftLogWorker.java:<init>(172)) - new aa97873c-9bae-4a89-a297-61bb6211fe8e@group-693954F9D8A0-SegmentedRaftLogWorker for RaftStorage:Storage Directory /workdir/hadoop-ozone/ozonefs/target/test-dir/MiniOzoneClusterImpl-550119eb-1d26-4ec7-b74e-58480585c2d5/datanode-0/data/ratis/6608f15a-2d2f-42e3-9ebe-693954f9d8a0
2019-09-25 07:29:33,186 [pool-127-thread-1] INFO  server.RaftServerConfigKeys (ConfUtils.java:logGet(43)) - raft.server.log.queue.byte-limit = 2147483647 (custom)
2019-09-25 07:29:33,186 [pool-127-thread-1] INFO  server.RaftServerConfigKeys (ConfUtils.java:logGet(43)) - raft.server.log.queue.element-limit = 1024 (custom)
2019-09-25 07:29:33,186 [pool-127-thread-1] INFO  server.RaftServerConfigKeys (ConfUtils.java:logGet(43)) - raft.server.log.segment.size.max = 1048576 (custom)
2019-09-25 07:29:33,186 [pool-127-thread-1] INFO  server.RaftServerConfigKeys (ConfUtils.java:logGet(43)) - raft.server.log.preallocated.size = 16384 (custom)
2019-09-25 07:29:33,187 [pool-127-thread-1] INFO  server.RaftServerConfigKeys (ConfUtils.java:logGet(43)) - raft.server.log.write.buffer.size = 33554432 (custom)
2019-09-25 07:29:33,187 [pool-127-thread-1] INFO  server.RaftServerConfigKeys (ConfUtils.java:logGet(43)) - raft.server.log.force.sync.num = 128 (default)
2019-09-25 07:29:33,187 [pool-127-thread-1] INFO  server.RaftServerConfigKeys (ConfUtils.java:logGet(43)) - raft.server.log.statemachine.data.sync = true (default)
2019-09-25 07:29:33,187 [pool-127-thread-1] INFO  server.RaftServerConfigKeys (ConfUtils.java:logGet(43)) - raft.server.log.statemachine.data.sync.timeout = 10s (default)
2019-09-25 07:29:33,187 [pool-127-thread-1] INFO  server.RaftServerConfigKeys (ConfUtils.java:logGet(43)) - raft.server.log.statemachine.data.sync.timeout.retry = -1 (default)
2019-09-25 07:29:33,187 [pool-127-thread-1] INFO  server.RaftServerConfigKeys (ConfUtils.java:logGet(43)) - raft.server.log.statemachine.data.caching.enabled = true (custom)
2019-09-25 07:29:33,188 [pool-127-thread-1] INFO  segmented.SegmentedRaftLogWorker (SegmentedRaftLogWorker.java:lambda$new$0(132)) - aa97873c-9bae-4a89-a297-61bb6211fe8e@group-693954F9D8A0-SegmentedRaftLogWorker: flushIndex: setUnconditionally 0 -> -1
2019-09-25 07:29:33,188 [pool-127-thread-1] INFO  server.RaftServerConfigKeys (ConfUtils.java:logGet(43)) - raft.server.snapshot.auto.trigger.enabled = true (custom)
2019-09-25 07:29:33,188 [pool-127-thread-1] INFO  server.RaftServerConfigKeys (ConfUtils.java:logGet(43)) - raft.server.snapshot.auto.trigger.threshold = 10000 (custom)
2019-09-25 07:29:33,188 [pool-127-thread-1] INFO  server.RaftServerConfigKeys (ConfUtils.java:logGet(43)) - raft.server.snapshot.retention.num.files = 5 (custom)
2019-09-25 07:29:33,188 [pool-127-thread-1] INFO  server.RaftServerConfigKeys (ConfUtils.java:logGet(43)) - raft.server.retrycache.expirytime = 600000ms (custom)
2019-09-25 07:29:33,191 [pool-127-thread-1] INFO  impl.RaftServerImpl (RaftServerImpl.java:start(185)) - aa97873c-9bae-4a89-a297-61bb6211fe8e@group-693954F9D8A0: start as a follower, conf=-1: [aa97873c-9bae-4a89-a297-61bb6211fe8e:192.168.151.106:40198], old=null
2019-09-25 07:29:33,191 [pool-127-thread-1] INFO  impl.RaftServerImpl (RaftServerImpl.java:setRole(174)) - aa97873c-9bae-4a89-a297-61bb6211fe8e@group-693954F9D8A0: changes role from      null to FOLLOWER at term 0 for startAsFollower
2019-09-25 07:29:33,191 [pool-127-thread-1] INFO  impl.RoleInfo (RoleInfo.java:updateAndGet(143)) - aa97873c-9bae-4a89-a297-61bb6211fe8e: start FollowerState
2019-09-25 07:29:33,197 [pool-127-thread-1] INFO  util.JmxRegister (JmxRegister.java:tryRegister(44)) - Successfully registered JMX Bean with object name Ratis:service=RaftServer,group=group-693954F9D8A0,id=aa97873c-9bae-4a89-a297-61bb6211fe8e
2019-09-25 07:29:33,209 [RatisPipelineUtilsThread] INFO  pipeline.PipelineStateManager (PipelineStateManager.java:addPipeline(56)) - Created pipeline Pipeline[ Id: 6608f15a-2d2f-42e3-9ebe-693954f9d8a0, Nodes: aa97873c-9bae-4a89-a297-61bb6211fe8e{ip: 192.168.151.106, host: pr-hdds-1569-x2sr2-3486766547, networkLocation: /default-rack, certSerialId: null}, Type:RATIS, Factor:ONE, State:OPEN]
2019-09-25 07:29:33,215 [grpc-default-executor-0] INFO  impl.RaftServerProxy (RaftServerProxy.java:addNew(89)) - b7d5002f-68a3-48a4-8c4e-727f678e6e65: addNew group-3D61774C298C:[b7d5002f-68a3-48a4-8c4e-727f678e6e65:192.168.151.106:37354] returns group-3D61774C298C:java.util.concurrent.CompletableFuture@3e9aa56a[Not completed]
2019-09-25 07:29:33,216 [pool-137-thread-1] INFO  impl.RaftServerImpl (RaftServerImpl.java:<init>(95)) - b7d5002f-68a3-48a4-8c4e-727f678e6e65: new RaftServerImpl for group-3D61774C298C:[b7d5002f-68a3-48a4-8c4e-727f678e6e65:192.168.151.106:37354] with ContainerStateMachine:uninitialized
2019-09-25 07:29:33,217 [pool-137-thread-1] INFO  server.RaftServerConfigKeys (ConfUtils.java:logGet(43)) - raft.server.rpc.timeout.min = 5s (custom)
2019-09-25 07:29:33,217 [pool-137-thread-1] INFO  server.RaftServerConfigKeys (ConfUtils.java:logGet(43)) - raft.server.rpc.timeout.max = 5200ms (custom)
2019-09-25 07:29:33,217 [pool-137-thread-1] INFO  server.RaftServerConfigKeys (ConfUtils.java:logGet(43)) - raft.server.rpcslowness.timeout = 120s (custom)
2019-09-25 07:29:33,217 [pool-137-thread-1] INFO  server.RaftServerConfigKeys (ConfUtils.java:logGet(43)) - raft.server.sleep.deviation.threshold = 300 (default)
2019-09-25 07:29:33,217 [pool-137-thread-1] INFO  server.RaftServerConfigKeys (ConfUtils.java:logGet(43)) - raft.server.log.appender.install.snapshot.enabled = false (custom)
2019-09-25 07:29:33,217 [pool-137-thread-1] INFO  impl.RaftServerImpl (ServerState.java:<init>(103)) - b7d5002f-68a3-48a4-8c4e-727f678e6e65@group-3D61774C298C: ConfigurationManager, init=-1: [b7d5002f-68a3-48a4-8c4e-727f678e6e65:192.168.151.106:37354], old=null, confs=<EMPTY_MAP>
2019-09-25 07:29:33,217 [pool-137-thread-1] INFO  server.RaftServerConfigKeys (ConfUtils.java:logGet(43)) - raft.server.storage.dir = [/workdir/hadoop-ozone/ozonefs/target/test-dir/MiniOzoneClusterImpl-550119eb-1d26-4ec7-b74e-58480585c2d5/datanode-1/data/ratis] (custom)
2019-09-25 07:29:33,218 [pool-137-thread-1] INFO  storage.RaftStorageDirectory (RaftStorageDirectory.java:analyzeStorage(246)) - The storage directory /workdir/hadoop-ozone/ozonefs/target/test-dir/MiniOzoneClusterImpl-550119eb-1d26-4ec7-b74e-58480585c2d5/datanode-1/data/ratis/bc90235a-926b-4529-9738-3d61774c298c does not exist. Creating ...
2019-09-25 07:29:33,230 [pool-137-thread-1] INFO  storage.RaftStorageDirectory (RaftStorageDirectory.java:tryLock(328)) - Lock on /workdir/hadoop-ozone/ozonefs/target/test-dir/MiniOzoneClusterImpl-550119eb-1d26-4ec7-b74e-58480585c2d5/datanode-1/data/ratis/bc90235a-926b-4529-9738-3d61774c298c/in_use.lock acquired by nodename 17738@pr-hdds-1569-x2sr2-3486766547
2019-09-25 07:29:33,242 [pool-137-thread-1] INFO  storage.RaftStorage (RaftStorage.java:format(72)) - Storage directory /workdir/hadoop-ozone/ozonefs/target/test-dir/MiniOzoneClusterImpl-550119eb-1d26-4ec7-b74e-58480585c2d5/datanode-1/data/ratis/bc90235a-926b-4529-9738-3d61774c298c has been successfully formatted.
2019-09-25 07:29:33,243 [pool-137-thread-1] INFO  ratis.ContainerStateMachine (ContainerStateMachine.java:loadSnapshot(230)) - group-3D61774C298C: The snapshot info is null. Setting the last applied indexto:(t:0, i:~)
2019-09-25 07:29:33,243 [pool-137-thread-1] INFO  server.RaftServerConfigKeys (ConfUtils.java:logGet(43)) - raft.server.notification.no-leader.timeout = 120s (custom)
2019-09-25 07:29:33,243 [pool-137-thread-1] INFO  server.RaftServerConfigKeys (ConfUtils.java:logGet(43)) - raft.server.log.use.memory = false (default)
2019-09-25 07:29:33,243 [pool-137-thread-1] INFO  server.RaftServerConfigKeys (ConfUtils.java:logGet(43)) - raft.server.log.purge.gap = 1000000 (custom)
2019-09-25 07:29:33,243 [pool-137-thread-1] INFO  server.RaftServerConfigKeys (ConfUtils.java:logGet(43)) - raft.server.log.appender.buffer.byte-limit = 33554432 (custom)
2019-09-25 07:29:33,243 [pool-137-thread-1] INFO  server.RaftServerConfigKeys (ConfUtils.java:logGet(43)) - raft.server.log.segment.size.max = 1048576 (custom)
2019-09-25 07:29:33,244 [pool-137-thread-1] INFO  server.RaftServerConfigKeys (ConfUtils.java:logGet(43)) - raft.server.log.segment.cache.num.max = 2 (custom)
2019-09-25 07:29:33,244 [pool-137-thread-1] INFO  segmented.SegmentedRaftLogWorker (SegmentedRaftLogWorker.java:<init>(172)) - new b7d5002f-68a3-48a4-8c4e-727f678e6e65@group-3D61774C298C-SegmentedRaftLogWorker for RaftStorage:Storage Directory /workdir/hadoop-ozone/ozonefs/target/test-dir/MiniOzoneClusterImpl-550119eb-1d26-4ec7-b74e-58480585c2d5/datanode-1/data/ratis/bc90235a-926b-4529-9738-3d61774c298c
2019-09-25 07:29:33,244 [pool-137-thread-1] INFO  server.RaftServerConfigKeys (ConfUtils.java:logGet(43)) - raft.server.log.queue.byte-limit = 2147483647 (custom)
2019-09-25 07:29:33,244 [pool-137-thread-1] INFO  server.RaftServerConfigKeys (ConfUtils.java:logGet(43)) - raft.server.log.queue.element-limit = 1024 (custom)
2019-09-25 07:29:33,244 [pool-137-thread-1] INFO  server.RaftServerConfigKeys (ConfUtils.java:logGet(43)) - raft.server.log.segment.size.max = 1048576 (custom)
2019-09-25 07:29:33,244 [pool-137-thread-1] INFO  server.RaftServerConfigKeys (ConfUtils.java:logGet(43)) - raft.server.log.preallocated.size = 16384 (custom)
2019-09-25 07:29:33,244 [pool-137-thread-1] INFO  server.RaftServerConfigKeys (ConfUtils.java:logGet(43)) - raft.server.log.write.buffer.size = 33554432 (custom)
2019-09-25 07:29:33,244 [pool-137-thread-1] INFO  server.RaftServerConfigKeys (ConfUtils.java:logGet(43)) - raft.server.log.force.sync.num = 128 (default)
2019-09-25 07:29:33,244 [pool-137-thread-1] INFO  server.RaftServerConfigKeys (ConfUtils.java:logGet(43)) - raft.server.log.statemachine.data.sync = true (default)
2019-09-25 07:29:33,245 [pool-137-thread-1] INFO  server.RaftServerConfigKeys (ConfUtils.java:logGet(43)) - raft.server.log.statemachine.data.sync.timeout = 10s (default)
2019-09-25 07:29:33,245 [pool-137-thread-1] INFO  server.RaftServerConfigKeys (ConfUtils.java:logGet(43)) - raft.server.log.statemachine.data.sync.timeout.retry = -1 (default)
2019-09-25 07:29:33,245 [pool-137-thread-1] INFO  server.RaftServerConfigKeys (ConfUtils.java:logGet(43)) - raft.server.log.statemachine.data.caching.enabled = true (custom)
2019-09-25 07:29:33,245 [pool-137-thread-1] INFO  segmented.SegmentedRaftLogWorker (SegmentedRaftLogWorker.java:lambda$new$0(132)) - b7d5002f-68a3-48a4-8c4e-727f678e6e65@group-3D61774C298C-SegmentedRaftLogWorker: flushIndex: setUnconditionally 0 -> -1
2019-09-25 07:29:33,245 [pool-137-thread-1] INFO  server.RaftServerConfigKeys (ConfUtils.java:logGet(43)) - raft.server.snapshot.auto.trigger.enabled = true (custom)
2019-09-25 07:29:33,246 [pool-137-thread-1] INFO  server.RaftServerConfigKeys (ConfUtils.java:logGet(43)) - raft.server.snapshot.auto.trigger.threshold = 10000 (custom)
2019-09-25 07:29:33,246 [pool-137-thread-1] INFO  server.RaftServerConfigKeys (ConfUtils.java:logGet(43)) - raft.server.snapshot.retention.num.files = 5 (custom)
2019-09-25 07:29:33,246 [pool-137-thread-1] INFO  server.RaftServerConfigKeys (ConfUtils.java:logGet(43)) - raft.server.retrycache.expirytime = 600000ms (custom)
2019-09-25 07:29:33,248 [pool-137-thread-1] INFO  impl.RaftServerImpl (RaftServerImpl.java:start(185)) - b7d5002f-68a3-48a4-8c4e-727f678e6e65@group-3D61774C298C: start as a follower, conf=-1: [b7d5002f-68a3-48a4-8c4e-727f678e6e65:192.168.151.106:37354], old=null
2019-09-25 07:29:33,248 [pool-137-thread-1] INFO  impl.RaftServerImpl (RaftServerImpl.java:setRole(174)) - b7d5002f-68a3-48a4-8c4e-727f678e6e65@group-3D61774C298C: changes role from      null to FOLLOWER at term 0 for startAsFollower
2019-09-25 07:29:33,248 [pool-137-thread-1] INFO  impl.RoleInfo (RoleInfo.java:updateAndGet(143)) - b7d5002f-68a3-48a4-8c4e-727f678e6e65: start FollowerState
2019-09-25 07:29:33,248 [pool-137-thread-1] INFO  util.JmxRegister (JmxRegister.java:tryRegister(44)) - Successfully registered JMX Bean with object name Ratis:service=RaftServer,group=group-3D61774C298C,id=b7d5002f-68a3-48a4-8c4e-727f678e6e65
2019-09-25 07:29:33,252 [RatisPipelineUtilsThread] INFO  pipeline.PipelineStateManager (PipelineStateManager.java:addPipeline(56)) - Created pipeline Pipeline[ Id: bc90235a-926b-4529-9738-3d61774c298c, Nodes: b7d5002f-68a3-48a4-8c4e-727f678e6e65{ip: 192.168.151.106, host: pr-hdds-1569-x2sr2-3486766547, networkLocation: /default-rack, certSerialId: null}, Type:RATIS, Factor:ONE, State:OPEN]
2019-09-25 07:29:33,258 [grpc-default-executor-0] INFO  impl.RaftServerProxy (RaftServerProxy.java:addNew(89)) - aa97873c-9bae-4a89-a297-61bb6211fe8e: addNew group-521B5AAE3F08:[aa97873c-9bae-4a89-a297-61bb6211fe8e:192.168.151.106:40198] returns group-521B5AAE3F08:java.util.concurrent.CompletableFuture@32be347b[Not completed]
2019-09-25 07:29:33,259 [pool-127-thread-1] INFO  impl.RaftServerImpl (RaftServerImpl.java:<init>(95)) - aa97873c-9bae-4a89-a297-61bb6211fe8e: new RaftServerImpl for group-521B5AAE3F08:[aa97873c-9bae-4a89-a297-61bb6211fe8e:192.168.151.106:40198] with ContainerStateMachine:uninitialized
2019-09-25 07:29:33,259 [pool-127-thread-1] INFO  server.RaftServerConfigKeys (ConfUtils.java:logGet(43)) - raft.server.rpc.timeout.min = 5s (custom)
2019-09-25 07:29:33,259 [pool-127-thread-1] INFO  server.RaftServerConfigKeys (ConfUtils.java:logGet(43)) - raft.server.rpc.timeout.max = 5200ms (custom)
2019-09-25 07:29:33,259 [pool-127-thread-1] INFO  server.RaftServerConfigKeys (ConfUtils.java:logGet(43)) - raft.server.rpcslowness.timeout = 120s (custom)
2019-09-25 07:29:33,260 [pool-127-thread-1] INFO  server.RaftServerConfigKeys (ConfUtils.java:logGet(43)) - raft.server.sleep.deviation.threshold = 300 (default)
2019-09-25 07:29:33,260 [pool-127-thread-1] INFO  server.RaftServerConfigKeys (ConfUtils.java:logGet(43)) - raft.server.log.appender.install.snapshot.enabled = false (custom)
2019-09-25 07:29:33,260 [pool-127-thread-1] INFO  impl.RaftServerImpl (ServerState.java:<init>(103)) - aa97873c-9bae-4a89-a297-61bb6211fe8e@group-521B5AAE3F08: ConfigurationManager, init=-1: [aa97873c-9bae-4a89-a297-61bb6211fe8e:192.168.151.106:40198], old=null, confs=<EMPTY_MAP>
2019-09-25 07:29:33,260 [pool-127-thread-1] INFO  server.RaftServerConfigKeys (ConfUtils.java:logGet(43)) - raft.server.storage.dir = [/workdir/hadoop-ozone/ozonefs/target/test-dir/MiniOzoneClusterImpl-550119eb-1d26-4ec7-b74e-58480585c2d5/datanode-0/data/ratis] (custom)
2019-09-25 07:29:33,261 [pool-127-thread-1] INFO  storage.RaftStorageDirectory (RaftStorageDirectory.java:analyzeStorage(246)) - The storage directory /workdir/hadoop-ozone/ozonefs/target/test-dir/MiniOzoneClusterImpl-550119eb-1d26-4ec7-b74e-58480585c2d5/datanode-0/data/ratis/788234f0-7492-45f0-94b5-521b5aae3f08 does not exist. Creating ...
2019-09-25 07:29:33,283 [pool-127-thread-1] INFO  storage.RaftStorageDirectory (RaftStorageDirectory.java:tryLock(328)) - Lock on /workdir/hadoop-ozone/ozonefs/target/test-dir/MiniOzoneClusterImpl-550119eb-1d26-4ec7-b74e-58480585c2d5/datanode-0/data/ratis/788234f0-7492-45f0-94b5-521b5aae3f08/in_use.lock acquired by nodename 17738@pr-hdds-1569-x2sr2-3486766547
2019-09-25 07:29:33,302 [pool-127-thread-1] INFO  storage.RaftStorage (RaftStorage.java:format(72)) - Storage directory /workdir/hadoop-ozone/ozonefs/target/test-dir/MiniOzoneClusterImpl-550119eb-1d26-4ec7-b74e-58480585c2d5/datanode-0/data/ratis/788234f0-7492-45f0-94b5-521b5aae3f08 has been successfully formatted.
2019-09-25 07:29:33,302 [pool-127-thread-1] INFO  ratis.ContainerStateMachine (ContainerStateMachine.java:loadSnapshot(230)) - group-521B5AAE3F08: The snapshot info is null. Setting the last applied indexto:(t:0, i:~)
2019-09-25 07:29:33,303 [pool-127-thread-1] INFO  server.RaftServerConfigKeys (ConfUtils.java:logGet(43)) - raft.server.notification.no-leader.timeout = 120s (custom)
2019-09-25 07:29:33,303 [pool-127-thread-1] INFO  server.RaftServerConfigKeys (ConfUtils.java:logGet(43)) - raft.server.log.use.memory = false (default)
2019-09-25 07:29:33,303 [pool-127-thread-1] INFO  server.RaftServerConfigKeys (ConfUtils.java:logGet(43)) - raft.server.log.purge.gap = 1000000 (custom)
2019-09-25 07:29:33,303 [pool-127-thread-1] INFO  server.RaftServerConfigKeys (ConfUtils.java:logGet(43)) - raft.server.log.appender.buffer.byte-limit = 33554432 (custom)
2019-09-25 07:29:33,303 [pool-127-thread-1] INFO  server.RaftServerConfigKeys (ConfUtils.java:logGet(43)) - raft.server.log.segment.size.max = 1048576 (custom)
2019-09-25 07:29:33,303 [pool-127-thread-1] INFO  server.RaftServerConfigKeys (ConfUtils.java:logGet(43)) - raft.server.log.segment.cache.num.max = 2 (custom)
2019-09-25 07:29:33,304 [pool-127-thread-1] INFO  segmented.SegmentedRaftLogWorker (SegmentedRaftLogWorker.java:<init>(172)) - new aa97873c-9bae-4a89-a297-61bb6211fe8e@group-521B5AAE3F08-SegmentedRaftLogWorker for RaftStorage:Storage Directory /workdir/hadoop-ozone/ozonefs/target/test-dir/MiniOzoneClusterImpl-550119eb-1d26-4ec7-b74e-58480585c2d5/datanode-0/data/ratis/788234f0-7492-45f0-94b5-521b5aae3f08
2019-09-25 07:29:33,304 [pool-127-thread-1] INFO  server.RaftServerConfigKeys (ConfUtils.java:logGet(43)) - raft.server.log.queue.byte-limit = 2147483647 (custom)
2019-09-25 07:29:33,304 [pool-127-thread-1] INFO  server.RaftServerConfigKeys (ConfUtils.java:logGet(43)) - raft.server.log.queue.element-limit = 1024 (custom)
2019-09-25 07:29:33,304 [pool-127-thread-1] INFO  server.RaftServerConfigKeys (ConfUtils.java:logGet(43)) - raft.server.log.segment.size.max = 1048576 (custom)
2019-09-25 07:29:33,304 [pool-127-thread-1] INFO  server.RaftServerConfigKeys (ConfUtils.java:logGet(43)) - raft.server.log.preallocated.size = 16384 (custom)
2019-09-25 07:29:33,304 [pool-127-thread-1] INFO  server.RaftServerConfigKeys (ConfUtils.java:logGet(43)) - raft.server.log.write.buffer.size = 33554432 (custom)
2019-09-25 07:29:33,304 [pool-127-thread-1] INFO  server.RaftServerConfigKeys (ConfUtils.java:logGet(43)) - raft.server.log.force.sync.num = 128 (default)
2019-09-25 07:29:33,305 [pool-127-thread-1] INFO  server.RaftServerConfigKeys (ConfUtils.java:logGet(43)) - raft.server.log.statemachine.data.sync = true (default)
2019-09-25 07:29:33,305 [pool-127-thread-1] INFO  server.RaftServerConfigKeys (ConfUtils.java:logGet(43)) - raft.server.log.statemachine.data.sync.timeout = 10s (default)
2019-09-25 07:29:33,305 [pool-127-thread-1] INFO  server.RaftServerConfigKeys (ConfUtils.java:logGet(43)) - raft.server.log.statemachine.data.sync.timeout.retry = -1 (default)
2019-09-25 07:29:33,305 [pool-127-thread-1] INFO  server.RaftServerConfigKeys (ConfUtils.java:logGet(43)) - raft.server.log.statemachine.data.caching.enabled = true (custom)
2019-09-25 07:29:33,305 [pool-127-thread-1] INFO  segmented.SegmentedRaftLogWorker (SegmentedRaftLogWorker.java:lambda$new$0(132)) - aa97873c-9bae-4a89-a297-61bb6211fe8e@group-521B5AAE3F08-SegmentedRaftLogWorker: flushIndex: setUnconditionally 0 -> -1
2019-09-25 07:29:33,306 [pool-127-thread-1] INFO  server.RaftServerConfigKeys (ConfUtils.java:logGet(43)) - raft.server.snapshot.auto.trigger.enabled = true (custom)
2019-09-25 07:29:33,306 [pool-127-thread-1] INFO  server.RaftServerConfigKeys (ConfUtils.java:logGet(43)) - raft.server.snapshot.auto.trigger.threshold = 10000 (custom)
2019-09-25 07:29:33,306 [pool-127-thread-1] INFO  server.RaftServerConfigKeys (ConfUtils.java:logGet(43)) - raft.server.snapshot.retention.num.files = 5 (custom)
2019-09-25 07:29:33,306 [pool-127-thread-1] INFO  server.RaftServerConfigKeys (ConfUtils.java:logGet(43)) - raft.server.retrycache.expirytime = 600000ms (custom)
2019-09-25 07:29:33,308 [pool-127-thread-1] INFO  impl.RaftServerImpl (RaftServerImpl.java:start(185)) - aa97873c-9bae-4a89-a297-61bb6211fe8e@group-521B5AAE3F08: start as a follower, conf=-1: [aa97873c-9bae-4a89-a297-61bb6211fe8e:192.168.151.106:40198], old=null
2019-09-25 07:29:33,309 [pool-127-thread-1] INFO  impl.RaftServerImpl (RaftServerImpl.java:setRole(174)) - aa97873c-9bae-4a89-a297-61bb6211fe8e@group-521B5AAE3F08: changes role from      null to FOLLOWER at term 0 for startAsFollower
2019-09-25 07:29:33,309 [pool-127-thread-1] INFO  impl.RoleInfo (RoleInfo.java:updateAndGet(143)) - aa97873c-9bae-4a89-a297-61bb6211fe8e: start FollowerState
2019-09-25 07:29:33,309 [pool-127-thread-1] INFO  util.JmxRegister (JmxRegister.java:tryRegister(44)) - Successfully registered JMX Bean with object name Ratis:service=RaftServer,group=group-521B5AAE3F08,id=aa97873c-9bae-4a89-a297-61bb6211fe8e
2019-09-25 07:29:33,312 [RatisPipelineUtilsThread] INFO  pipeline.PipelineStateManager (PipelineStateManager.java:addPipeline(56)) - Created pipeline Pipeline[ Id: 788234f0-7492-45f0-94b5-521b5aae3f08, Nodes: aa97873c-9bae-4a89-a297-61bb6211fe8e{ip: 192.168.151.106, host: pr-hdds-1569-x2sr2-3486766547, networkLocation: /default-rack, certSerialId: null}, Type:RATIS, Factor:ONE, State:OPEN]
2019-09-25 07:29:33,318 [grpc-default-executor-0] INFO  impl.RaftServerProxy (RaftServerProxy.java:addNew(89)) - b7d5002f-68a3-48a4-8c4e-727f678e6e65: addNew group-8F5A6717ACF7:[b7d5002f-68a3-48a4-8c4e-727f678e6e65:192.168.151.106:37354] returns group-8F5A6717ACF7:java.util.concurrent.CompletableFuture@6e6d74ec[Not completed]
2019-09-25 07:29:33,319 [pool-137-thread-1] INFO  impl.RaftServerImpl (RaftServerImpl.java:<init>(95)) - b7d5002f-68a3-48a4-8c4e-727f678e6e65: new RaftServerImpl for group-8F5A6717ACF7:[b7d5002f-68a3-48a4-8c4e-727f678e6e65:192.168.151.106:37354] with ContainerStateMachine:uninitialized
2019-09-25 07:29:33,319 [pool-137-thread-1] INFO  server.RaftServerConfigKeys (ConfUtils.java:logGet(43)) - raft.server.rpc.timeout.min = 5s (custom)
2019-09-25 07:29:33,319 [pool-137-thread-1] INFO  server.RaftServerConfigKeys (ConfUtils.java:logGet(43)) - raft.server.rpc.timeout.max = 5200ms (custom)
2019-09-25 07:29:33,319 [pool-137-thread-1] INFO  server.RaftServerConfigKeys (ConfUtils.java:logGet(43)) - raft.server.rpcslowness.timeout = 120s (custom)
2019-09-25 07:29:33,320 [pool-137-thread-1] INFO  server.RaftServerConfigKeys (ConfUtils.java:logGet(43)) - raft.server.sleep.deviation.threshold = 300 (default)
2019-09-25 07:29:33,320 [pool-137-thread-1] INFO  server.RaftServerConfigKeys (ConfUtils.java:logGet(43)) - raft.server.log.appender.install.snapshot.enabled = false (custom)
2019-09-25 07:29:33,320 [pool-137-thread-1] INFO  impl.RaftServerImpl (ServerState.java:<init>(103)) - b7d5002f-68a3-48a4-8c4e-727f678e6e65@group-8F5A6717ACF7: ConfigurationManager, init=-1: [b7d5002f-68a3-48a4-8c4e-727f678e6e65:192.168.151.106:37354], old=null, confs=<EMPTY_MAP>
2019-09-25 07:29:33,320 [pool-137-thread-1] INFO  server.RaftServerConfigKeys (ConfUtils.java:logGet(43)) - raft.server.storage.dir = [/workdir/hadoop-ozone/ozonefs/target/test-dir/MiniOzoneClusterImpl-550119eb-1d26-4ec7-b74e-58480585c2d5/datanode-1/data/ratis] (custom)
2019-09-25 07:29:33,320 [pool-137-thread-1] INFO  storage.RaftStorageDirectory (RaftStorageDirectory.java:analyzeStorage(246)) - The storage directory /workdir/hadoop-ozone/ozonefs/target/test-dir/MiniOzoneClusterImpl-550119eb-1d26-4ec7-b74e-58480585c2d5/datanode-1/data/ratis/f1f2fe89-8456-4a56-b000-8f5a6717acf7 does not exist. Creating ...
2019-09-25 07:29:33,333 [pool-137-thread-1] INFO  storage.RaftStorageDirectory (RaftStorageDirectory.java:tryLock(328)) - Lock on /workdir/hadoop-ozone/ozonefs/target/test-dir/MiniOzoneClusterImpl-550119eb-1d26-4ec7-b74e-58480585c2d5/datanode-1/data/ratis/f1f2fe89-8456-4a56-b000-8f5a6717acf7/in_use.lock acquired by nodename 17738@pr-hdds-1569-x2sr2-3486766547
2019-09-25 07:29:33,347 [pool-137-thread-1] INFO  storage.RaftStorage (RaftStorage.java:format(72)) - Storage directory /workdir/hadoop-ozone/ozonefs/target/test-dir/MiniOzoneClusterImpl-550119eb-1d26-4ec7-b74e-58480585c2d5/datanode-1/data/ratis/f1f2fe89-8456-4a56-b000-8f5a6717acf7 has been successfully formatted.
2019-09-25 07:29:33,347 [pool-137-thread-1] INFO  ratis.ContainerStateMachine (ContainerStateMachine.java:loadSnapshot(230)) - group-8F5A6717ACF7: The snapshot info is null. Setting the last applied indexto:(t:0, i:~)
2019-09-25 07:29:33,347 [pool-137-thread-1] INFO  server.RaftServerConfigKeys (ConfUtils.java:logGet(43)) - raft.server.notification.no-leader.timeout = 120s (custom)
2019-09-25 07:29:33,348 [pool-137-thread-1] INFO  server.RaftServerConfigKeys (ConfUtils.java:logGet(43)) - raft.server.log.use.memory = false (default)
2019-09-25 07:29:33,348 [pool-137-thread-1] INFO  server.RaftServerConfigKeys (ConfUtils.java:logGet(43)) - raft.server.log.purge.gap = 1000000 (custom)
2019-09-25 07:29:33,348 [pool-137-thread-1] INFO  server.RaftServerConfigKeys (ConfUtils.java:logGet(43)) - raft.server.log.appender.buffer.byte-limit = 33554432 (custom)
2019-09-25 07:29:33,348 [pool-137-thread-1] INFO  server.RaftServerConfigKeys (ConfUtils.java:logGet(43)) - raft.server.log.segment.size.max = 1048576 (custom)
2019-09-25 07:29:33,348 [pool-137-thread-1] INFO  server.RaftServerConfigKeys (ConfUtils.java:logGet(43)) - raft.server.log.segment.cache.num.max = 2 (custom)
2019-09-25 07:29:33,348 [pool-137-thread-1] INFO  segmented.SegmentedRaftLogWorker (SegmentedRaftLogWorker.java:<init>(172)) - new b7d5002f-68a3-48a4-8c4e-727f678e6e65@group-8F5A6717ACF7-SegmentedRaftLogWorker for RaftStorage:Storage Directory /workdir/hadoop-ozone/ozonefs/target/test-dir/MiniOzoneClusterImpl-550119eb-1d26-4ec7-b74e-58480585c2d5/datanode-1/data/ratis/f1f2fe89-8456-4a56-b000-8f5a6717acf7
2019-09-25 07:29:33,348 [pool-137-thread-1] INFO  server.RaftServerConfigKeys (ConfUtils.java:logGet(43)) - raft.server.log.queue.byte-limit = 2147483647 (custom)
2019-09-25 07:29:33,348 [pool-137-thread-1] INFO  server.RaftServerConfigKeys (ConfUtils.java:logGet(43)) - raft.server.log.queue.element-limit = 1024 (custom)
2019-09-25 07:29:33,349 [pool-137-thread-1] INFO  server.RaftServerConfigKeys (ConfUtils.java:logGet(43)) - raft.server.log.segment.size.max = 1048576 (custom)
2019-09-25 07:29:33,349 [pool-137-thread-1] INFO  server.RaftServerConfigKeys (ConfUtils.java:logGet(43)) - raft.server.log.preallocated.size = 16384 (custom)
2019-09-25 07:29:33,349 [pool-137-thread-1] INFO  server.RaftServerConfigKeys (ConfUtils.java:logGet(43)) - raft.server.log.write.buffer.size = 33554432 (custom)
2019-09-25 07:29:33,349 [pool-137-thread-1] INFO  server.RaftServerConfigKeys (ConfUtils.java:logGet(43)) - raft.server.log.force.sync.num = 128 (default)
2019-09-25 07:29:33,349 [pool-137-thread-1] INFO  server.RaftServerConfigKeys (ConfUtils.java:logGet(43)) - raft.server.log.statemachine.data.sync = true (default)
2019-09-25 07:29:33,349 [pool-137-thread-1] INFO  server.RaftServerConfigKeys (ConfUtils.java:logGet(43)) - raft.server.log.statemachine.data.sync.timeout = 10s (default)
2019-09-25 07:29:33,349 [pool-137-thread-1] INFO  server.RaftServerConfigKeys (ConfUtils.java:logGet(43)) - raft.server.log.statemachine.data.sync.timeout.retry = -1 (default)
2019-09-25 07:29:33,349 [pool-137-thread-1] INFO  server.RaftServerConfigKeys (ConfUtils.java:logGet(43)) - raft.server.log.statemachine.data.caching.enabled = true (custom)
2019-09-25 07:29:33,350 [pool-137-thread-1] INFO  segmented.SegmentedRaftLogWorker (SegmentedRaftLogWorker.java:lambda$new$0(132)) - b7d5002f-68a3-48a4-8c4e-727f678e6e65@group-8F5A6717ACF7-SegmentedRaftLogWorker: flushIndex: setUnconditionally 0 -> -1
2019-09-25 07:29:33,350 [pool-137-thread-1] INFO  server.RaftServerConfigKeys (ConfUtils.java:logGet(43)) - raft.server.snapshot.auto.trigger.enabled = true (custom)
2019-09-25 07:29:33,350 [pool-137-thread-1] INFO  server.RaftServerConfigKeys (ConfUtils.java:logGet(43)) - raft.server.snapshot.auto.trigger.threshold = 10000 (custom)
2019-09-25 07:29:33,350 [pool-137-thread-1] INFO  server.RaftServerConfigKeys (ConfUtils.java:logGet(43)) - raft.server.snapshot.retention.num.files = 5 (custom)
2019-09-25 07:29:33,350 [pool-137-thread-1] INFO  server.RaftServerConfigKeys (ConfUtils.java:logGet(43)) - raft.server.retrycache.expirytime = 600000ms (custom)
2019-09-25 07:29:33,352 [pool-137-thread-1] INFO  impl.RaftServerImpl (RaftServerImpl.java:start(185)) - b7d5002f-68a3-48a4-8c4e-727f678e6e65@group-8F5A6717ACF7: start as a follower, conf=-1: [b7d5002f-68a3-48a4-8c4e-727f678e6e65:192.168.151.106:37354], old=null
2019-09-25 07:29:33,352 [pool-137-thread-1] INFO  impl.RaftServerImpl (RaftServerImpl.java:setRole(174)) - b7d5002f-68a3-48a4-8c4e-727f678e6e65@group-8F5A6717ACF7: changes role from      null to FOLLOWER at term 0 for startAsFollower
2019-09-25 07:29:33,352 [pool-137-thread-1] INFO  impl.RoleInfo (RoleInfo.java:updateAndGet(143)) - b7d5002f-68a3-48a4-8c4e-727f678e6e65: start FollowerState
2019-09-25 07:29:33,352 [pool-137-thread-1] INFO  util.JmxRegister (JmxRegister.java:tryRegister(44)) - Successfully registered JMX Bean with object name Ratis:service=RaftServer,group=group-8F5A6717ACF7,id=b7d5002f-68a3-48a4-8c4e-727f678e6e65
2019-09-25 07:29:33,355 [RatisPipelineUtilsThread] INFO  pipeline.PipelineStateManager (PipelineStateManager.java:addPipeline(56)) - Created pipeline Pipeline[ Id: f1f2fe89-8456-4a56-b000-8f5a6717acf7, Nodes: b7d5002f-68a3-48a4-8c4e-727f678e6e65{ip: 192.168.151.106, host: pr-hdds-1569-x2sr2-3486766547, networkLocation: /default-rack, certSerialId: null}, Type:RATIS, Factor:ONE, State:OPEN]
2019-09-25 07:29:33,360 [grpc-default-executor-0] INFO  impl.RaftServerProxy (RaftServerProxy.java:addNew(89)) - aa97873c-9bae-4a89-a297-61bb6211fe8e: addNew group-D79EB17C52AC:[aa97873c-9bae-4a89-a297-61bb6211fe8e:192.168.151.106:40198] returns group-D79EB17C52AC:java.util.concurrent.CompletableFuture@2d543aec[Not completed]
2019-09-25 07:29:33,362 [pool-127-thread-1] INFO  impl.RaftServerImpl (RaftServerImpl.java:<init>(95)) - aa97873c-9bae-4a89-a297-61bb6211fe8e: new RaftServerImpl for group-D79EB17C52AC:[aa97873c-9bae-4a89-a297-61bb6211fe8e:192.168.151.106:40198] with ContainerStateMachine:uninitialized
2019-09-25 07:29:33,362 [pool-127-thread-1] INFO  server.RaftServerConfigKeys (ConfUtils.java:logGet(43)) - raft.server.rpc.timeout.min = 5s (custom)
2019-09-25 07:29:33,362 [pool-127-thread-1] INFO  server.RaftServerConfigKeys (ConfUtils.java:logGet(43)) - raft.server.rpc.timeout.max = 5200ms (custom)
2019-09-25 07:29:33,362 [pool-127-thread-1] INFO  server.RaftServerConfigKeys (ConfUtils.java:logGet(43)) - raft.server.rpcslowness.timeout = 120s (custom)
2019-09-25 07:29:33,362 [pool-127-thread-1] INFO  server.RaftServerConfigKeys (ConfUtils.java:logGet(43)) - raft.server.sleep.deviation.threshold = 300 (default)
2019-09-25 07:29:33,362 [pool-127-thread-1] INFO  server.RaftServerConfigKeys (ConfUtils.java:logGet(43)) - raft.server.log.appender.install.snapshot.enabled = false (custom)
2019-09-25 07:29:33,362 [pool-127-thread-1] INFO  impl.RaftServerImpl (ServerState.java:<init>(103)) - aa97873c-9bae-4a89-a297-61bb6211fe8e@group-D79EB17C52AC: ConfigurationManager, init=-1: [aa97873c-9bae-4a89-a297-61bb6211fe8e:192.168.151.106:40198], old=null, confs=<EMPTY_MAP>
2019-09-25 07:29:33,363 [pool-127-thread-1] INFO  server.RaftServerConfigKeys (ConfUtils.java:logGet(43)) - raft.server.storage.dir = [/workdir/hadoop-ozone/ozonefs/target/test-dir/MiniOzoneClusterImpl-550119eb-1d26-4ec7-b74e-58480585c2d5/datanode-0/data/ratis] (custom)
2019-09-25 07:29:33,363 [pool-127-thread-1] INFO  storage.RaftStorageDirectory (RaftStorageDirectory.java:analyzeStorage(246)) - The storage directory /workdir/hadoop-ozone/ozonefs/target/test-dir/MiniOzoneClusterImpl-550119eb-1d26-4ec7-b74e-58480585c2d5/datanode-0/data/ratis/e1fb073f-94f3-4a95-bf53-d79eb17c52ac does not exist. Creating ...
2019-09-25 07:29:33,386 [pool-127-thread-1] INFO  storage.RaftStorageDirectory (RaftStorageDirectory.java:tryLock(328)) - Lock on /workdir/hadoop-ozone/ozonefs/target/test-dir/MiniOzoneClusterImpl-550119eb-1d26-4ec7-b74e-58480585c2d5/datanode-0/data/ratis/e1fb073f-94f3-4a95-bf53-d79eb17c52ac/in_use.lock acquired by nodename 17738@pr-hdds-1569-x2sr2-3486766547
2019-09-25 07:29:33,410 [pool-127-thread-1] INFO  storage.RaftStorage (RaftStorage.java:format(72)) - Storage directory /workdir/hadoop-ozone/ozonefs/target/test-dir/MiniOzoneClusterImpl-550119eb-1d26-4ec7-b74e-58480585c2d5/datanode-0/data/ratis/e1fb073f-94f3-4a95-bf53-d79eb17c52ac has been successfully formatted.
2019-09-25 07:29:33,410 [pool-127-thread-1] INFO  ratis.ContainerStateMachine (ContainerStateMachine.java:loadSnapshot(230)) - group-D79EB17C52AC: The snapshot info is null. Setting the last applied indexto:(t:0, i:~)
2019-09-25 07:29:33,410 [pool-127-thread-1] INFO  server.RaftServerConfigKeys (ConfUtils.java:logGet(43)) - raft.server.notification.no-leader.timeout = 120s (custom)
2019-09-25 07:29:33,410 [pool-127-thread-1] INFO  server.RaftServerConfigKeys (ConfUtils.java:logGet(43)) - raft.server.log.use.memory = false (default)
2019-09-25 07:29:33,410 [pool-127-thread-1] INFO  server.RaftServerConfigKeys (ConfUtils.java:logGet(43)) - raft.server.log.purge.gap = 1000000 (custom)
2019-09-25 07:29:33,411 [pool-127-thread-1] INFO  server.RaftServerConfigKeys (ConfUtils.java:logGet(43)) - raft.server.log.appender.buffer.byte-limit = 33554432 (custom)
2019-09-25 07:29:33,411 [pool-127-thread-1] INFO  server.RaftServerConfigKeys (ConfUtils.java:logGet(43)) - raft.server.log.segment.size.max = 1048576 (custom)
2019-09-25 07:29:33,411 [pool-127-thread-1] INFO  server.RaftServerConfigKeys (ConfUtils.java:logGet(43)) - raft.server.log.segment.cache.num.max = 2 (custom)
2019-09-25 07:29:33,411 [pool-127-thread-1] INFO  segmented.SegmentedRaftLogWorker (SegmentedRaftLogWorker.java:<init>(172)) - new aa97873c-9bae-4a89-a297-61bb6211fe8e@group-D79EB17C52AC-SegmentedRaftLogWorker for RaftStorage:Storage Directory /workdir/hadoop-ozone/ozonefs/target/test-dir/MiniOzoneClusterImpl-550119eb-1d26-4ec7-b74e-58480585c2d5/datanode-0/data/ratis/e1fb073f-94f3-4a95-bf53-d79eb17c52ac
2019-09-25 07:29:33,411 [pool-127-thread-1] INFO  server.RaftServerConfigKeys (ConfUtils.java:logGet(43)) - raft.server.log.queue.byte-limit = 2147483647 (custom)
2019-09-25 07:29:33,411 [pool-127-thread-1] INFO  server.RaftServerConfigKeys (ConfUtils.java:logGet(43)) - raft.server.log.queue.element-limit = 1024 (custom)
2019-09-25 07:29:33,411 [pool-127-thread-1] INFO  server.RaftServerConfigKeys (ConfUtils.java:logGet(43)) - raft.server.log.segment.size.max = 1048576 (custom)
2019-09-25 07:29:33,412 [pool-127-thread-1] INFO  server.RaftServerConfigKeys (ConfUtils.java:logGet(43)) - raft.server.log.preallocated.size = 16384 (custom)
2019-09-25 07:29:33,412 [pool-127-thread-1] INFO  server.RaftServerConfigKeys (ConfUtils.java:logGet(43)) - raft.server.log.write.buffer.size = 33554432 (custom)
2019-09-25 07:29:33,412 [pool-127-thread-1] INFO  server.RaftServerConfigKeys (ConfUtils.java:logGet(43)) - raft.server.log.force.sync.num = 128 (default)
2019-09-25 07:29:33,412 [pool-127-thread-1] INFO  server.RaftServerConfigKeys (ConfUtils.java:logGet(43)) - raft.server.log.statemachine.data.sync = true (default)
2019-09-25 07:29:33,412 [pool-127-thread-1] INFO  server.RaftServerConfigKeys (ConfUtils.java:logGet(43)) - raft.server.log.statemachine.data.sync.timeout = 10s (default)
2019-09-25 07:29:33,412 [pool-127-thread-1] INFO  server.RaftServerConfigKeys (ConfUtils.java:logGet(43)) - raft.server.log.statemachine.data.sync.timeout.retry = -1 (default)
2019-09-25 07:29:33,412 [pool-127-thread-1] INFO  server.RaftServerConfigKeys (ConfUtils.java:logGet(43)) - raft.server.log.statemachine.data.caching.enabled = true (custom)
2019-09-25 07:29:33,413 [pool-127-thread-1] INFO  segmented.SegmentedRaftLogWorker (SegmentedRaftLogWorker.java:lambda$new$0(132)) - aa97873c-9bae-4a89-a297-61bb6211fe8e@group-D79EB17C52AC-SegmentedRaftLogWorker: flushIndex: setUnconditionally 0 -> -1
2019-09-25 07:29:33,413 [pool-127-thread-1] INFO  server.RaftServerConfigKeys (ConfUtils.java:logGet(43)) - raft.server.snapshot.auto.trigger.enabled = true (custom)
2019-09-25 07:29:33,413 [pool-127-thread-1] INFO  server.RaftServerConfigKeys (ConfUtils.java:logGet(43)) - raft.server.snapshot.auto.trigger.threshold = 10000 (custom)
2019-09-25 07:29:33,413 [pool-127-thread-1] INFO  server.RaftServerConfigKeys (ConfUtils.java:logGet(43)) - raft.server.snapshot.retention.num.files = 5 (custom)
2019-09-25 07:29:33,414 [pool-127-thread-1] INFO  server.RaftServerConfigKeys (ConfUtils.java:logGet(43)) - raft.server.retrycache.expirytime = 600000ms (custom)
2019-09-25 07:29:33,416 [pool-127-thread-1] INFO  impl.RaftServerImpl (RaftServerImpl.java:start(185)) - aa97873c-9bae-4a89-a297-61bb6211fe8e@group-D79EB17C52AC: start as a follower, conf=-1: [aa97873c-9bae-4a89-a297-61bb6211fe8e:192.168.151.106:40198], old=null
2019-09-25 07:29:33,416 [pool-127-thread-1] INFO  impl.RaftServerImpl (RaftServerImpl.java:setRole(174)) - aa97873c-9bae-4a89-a297-61bb6211fe8e@group-D79EB17C52AC: changes role from      null to FOLLOWER at term 0 for startAsFollower
2019-09-25 07:29:33,416 [pool-127-thread-1] INFO  impl.RoleInfo (RoleInfo.java:updateAndGet(143)) - aa97873c-9bae-4a89-a297-61bb6211fe8e: start FollowerState
2019-09-25 07:29:33,416 [pool-127-thread-1] INFO  util.JmxRegister (JmxRegister.java:tryRegister(44)) - Successfully registered JMX Bean with object name Ratis:service=RaftServer,group=group-D79EB17C52AC,id=aa97873c-9bae-4a89-a297-61bb6211fe8e
2019-09-25 07:29:33,419 [RatisPipelineUtilsThread] INFO  pipeline.PipelineStateManager (PipelineStateManager.java:addPipeline(56)) - Created pipeline Pipeline[ Id: e1fb073f-94f3-4a95-bf53-d79eb17c52ac, Nodes: aa97873c-9bae-4a89-a297-61bb6211fe8e{ip: 192.168.151.106, host: pr-hdds-1569-x2sr2-3486766547, networkLocation: /default-rack, certSerialId: null}, Type:RATIS, Factor:ONE, State:OPEN]
2019-09-25 07:29:33,426 [grpc-default-executor-0] INFO  impl.RaftServerProxy (RaftServerProxy.java:addNew(89)) - b7d5002f-68a3-48a4-8c4e-727f678e6e65: addNew group-9CB1585A4811:[b7d5002f-68a3-48a4-8c4e-727f678e6e65:192.168.151.106:37354] returns group-9CB1585A4811:java.util.concurrent.CompletableFuture@1416dad8[Not completed]
2019-09-25 07:29:33,427 [pool-137-thread-1] INFO  impl.RaftServerImpl (RaftServerImpl.java:<init>(95)) - b7d5002f-68a3-48a4-8c4e-727f678e6e65: new RaftServerImpl for group-9CB1585A4811:[b7d5002f-68a3-48a4-8c4e-727f678e6e65:192.168.151.106:37354] with ContainerStateMachine:uninitialized
2019-09-25 07:29:33,427 [pool-137-thread-1] INFO  server.RaftServerConfigKeys (ConfUtils.java:logGet(43)) - raft.server.rpc.timeout.min = 5s (custom)
2019-09-25 07:29:33,427 [pool-137-thread-1] INFO  server.RaftServerConfigKeys (ConfUtils.java:logGet(43)) - raft.server.rpc.timeout.max = 5200ms (custom)
2019-09-25 07:29:33,427 [pool-137-thread-1] INFO  server.RaftServerConfigKeys (ConfUtils.java:logGet(43)) - raft.server.rpcslowness.timeout = 120s (custom)
2019-09-25 07:29:33,427 [pool-137-thread-1] INFO  server.RaftServerConfigKeys (ConfUtils.java:logGet(43)) - raft.server.sleep.deviation.threshold = 300 (default)
2019-09-25 07:29:33,427 [pool-137-thread-1] INFO  server.RaftServerConfigKeys (ConfUtils.java:logGet(43)) - raft.server.log.appender.install.snapshot.enabled = false (custom)
2019-09-25 07:29:33,428 [pool-137-thread-1] INFO  impl.RaftServerImpl (ServerState.java:<init>(103)) - b7d5002f-68a3-48a4-8c4e-727f678e6e65@group-9CB1585A4811: ConfigurationManager, init=-1: [b7d5002f-68a3-48a4-8c4e-727f678e6e65:192.168.151.106:37354], old=null, confs=<EMPTY_MAP>
2019-09-25 07:29:33,428 [pool-137-thread-1] INFO  server.RaftServerConfigKeys (ConfUtils.java:logGet(43)) - raft.server.storage.dir = [/workdir/hadoop-ozone/ozonefs/target/test-dir/MiniOzoneClusterImpl-550119eb-1d26-4ec7-b74e-58480585c2d5/datanode-1/data/ratis] (custom)
2019-09-25 07:29:33,428 [pool-137-thread-1] INFO  storage.RaftStorageDirectory (RaftStorageDirectory.java:analyzeStorage(246)) - The storage directory /workdir/hadoop-ozone/ozonefs/target/test-dir/MiniOzoneClusterImpl-550119eb-1d26-4ec7-b74e-58480585c2d5/datanode-1/data/ratis/40e69ec0-eeb9-47c7-b754-9cb1585a4811 does not exist. Creating ...
2019-09-25 07:29:33,441 [pool-137-thread-1] INFO  storage.RaftStorageDirectory (RaftStorageDirectory.java:tryLock(328)) - Lock on /workdir/hadoop-ozone/ozonefs/target/test-dir/MiniOzoneClusterImpl-550119eb-1d26-4ec7-b74e-58480585c2d5/datanode-1/data/ratis/40e69ec0-eeb9-47c7-b754-9cb1585a4811/in_use.lock acquired by nodename 17738@pr-hdds-1569-x2sr2-3486766547
2019-09-25 07:29:33,454 [pool-137-thread-1] INFO  storage.RaftStorage (RaftStorage.java:format(72)) - Storage directory /workdir/hadoop-ozone/ozonefs/target/test-dir/MiniOzoneClusterImpl-550119eb-1d26-4ec7-b74e-58480585c2d5/datanode-1/data/ratis/40e69ec0-eeb9-47c7-b754-9cb1585a4811 has been successfully formatted.
2019-09-25 07:29:33,455 [pool-137-thread-1] INFO  ratis.ContainerStateMachine (ContainerStateMachine.java:loadSnapshot(230)) - group-9CB1585A4811: The snapshot info is null. Setting the last applied indexto:(t:0, i:~)
2019-09-25 07:29:33,455 [pool-137-thread-1] INFO  server.RaftServerConfigKeys (ConfUtils.java:logGet(43)) - raft.server.notification.no-leader.timeout = 120s (custom)
2019-09-25 07:29:33,455 [pool-137-thread-1] INFO  server.RaftServerConfigKeys (ConfUtils.java:logGet(43)) - raft.server.log.use.memory = false (default)
2019-09-25 07:29:33,455 [pool-137-thread-1] INFO  server.RaftServerConfigKeys (ConfUtils.java:logGet(43)) - raft.server.log.purge.gap = 1000000 (custom)
2019-09-25 07:29:33,455 [pool-137-thread-1] INFO  server.RaftServerConfigKeys (ConfUtils.java:logGet(43)) - raft.server.log.appender.buffer.byte-limit = 33554432 (custom)
2019-09-25 07:29:33,455 [pool-137-thread-1] INFO  server.RaftServerConfigKeys (ConfUtils.java:logGet(43)) - raft.server.log.segment.size.max = 1048576 (custom)
2019-09-25 07:29:33,455 [pool-137-thread-1] INFO  server.RaftServerConfigKeys (ConfUtils.java:logGet(43)) - raft.server.log.segment.cache.num.max = 2 (custom)
2019-09-25 07:29:33,456 [pool-137-thread-1] INFO  segmented.SegmentedRaftLogWorker (SegmentedRaftLogWorker.java:<init>(172)) - new b7d5002f-68a3-48a4-8c4e-727f678e6e65@group-9CB1585A4811-SegmentedRaftLogWorker for RaftStorage:Storage Directory /workdir/hadoop-ozone/ozonefs/target/test-dir/MiniOzoneClusterImpl-550119eb-1d26-4ec7-b74e-58480585c2d5/datanode-1/data/ratis/40e69ec0-eeb9-47c7-b754-9cb1585a4811
2019-09-25 07:29:33,456 [pool-137-thread-1] INFO  server.RaftServerConfigKeys (ConfUtils.java:logGet(43)) - raft.server.log.queue.byte-limit = 2147483647 (custom)
2019-09-25 07:29:33,456 [pool-137-thread-1] INFO  server.RaftServerConfigKeys (ConfUtils.java:logGet(43)) - raft.server.log.queue.element-limit = 1024 (custom)
2019-09-25 07:29:33,456 [pool-137-thread-1] INFO  server.RaftServerConfigKeys (ConfUtils.java:logGet(43)) - raft.server.log.segment.size.max = 1048576 (custom)
2019-09-25 07:29:33,456 [pool-137-thread-1] INFO  server.RaftServerConfigKeys (ConfUtils.java:logGet(43)) - raft.server.log.preallocated.size = 16384 (custom)
2019-09-25 07:29:33,456 [pool-137-thread-1] INFO  server.RaftServerConfigKeys (ConfUtils.java:logGet(43)) - raft.server.log.write.buffer.size = 33554432 (custom)
2019-09-25 07:29:33,457 [pool-137-thread-1] INFO  server.RaftServerConfigKeys (ConfUtils.java:logGet(43)) - raft.server.log.force.sync.num = 128 (default)
2019-09-25 07:29:33,457 [pool-137-thread-1] INFO  server.RaftServerConfigKeys (ConfUtils.java:logGet(43)) - raft.server.log.statemachine.data.sync = true (default)
2019-09-25 07:29:33,457 [pool-137-thread-1] INFO  server.RaftServerConfigKeys (ConfUtils.java:logGet(43)) - raft.server.log.statemachine.data.sync.timeout = 10s (default)
2019-09-25 07:29:33,457 [pool-137-thread-1] INFO  server.RaftServerConfigKeys (ConfUtils.java:logGet(43)) - raft.server.log.statemachine.data.sync.timeout.retry = -1 (default)
2019-09-25 07:29:33,457 [pool-137-thread-1] INFO  server.RaftServerConfigKeys (ConfUtils.java:logGet(43)) - raft.server.log.statemachine.data.caching.enabled = true (custom)
2019-09-25 07:29:33,458 [pool-137-thread-1] INFO  segmented.SegmentedRaftLogWorker (SegmentedRaftLogWorker.java:lambda$new$0(132)) - b7d5002f-68a3-48a4-8c4e-727f678e6e65@group-9CB1585A4811-SegmentedRaftLogWorker: flushIndex: setUnconditionally 0 -> -1
2019-09-25 07:29:33,458 [pool-137-thread-1] INFO  server.RaftServerConfigKeys (ConfUtils.java:logGet(43)) - raft.server.snapshot.auto.trigger.enabled = true (custom)
2019-09-25 07:29:33,458 [pool-137-thread-1] INFO  server.RaftServerConfigKeys (ConfUtils.java:logGet(43)) - raft.server.snapshot.auto.trigger.threshold = 10000 (custom)
2019-09-25 07:29:33,458 [pool-137-thread-1] INFO  server.RaftServerConfigKeys (ConfUtils.java:logGet(43)) - raft.server.snapshot.retention.num.files = 5 (custom)
2019-09-25 07:29:33,458 [pool-137-thread-1] INFO  server.RaftServerConfigKeys (ConfUtils.java:logGet(43)) - raft.server.retrycache.expirytime = 600000ms (custom)
2019-09-25 07:29:33,461 [pool-137-thread-1] INFO  impl.RaftServerImpl (RaftServerImpl.java:start(185)) - b7d5002f-68a3-48a4-8c4e-727f678e6e65@group-9CB1585A4811: start as a follower, conf=-1: [b7d5002f-68a3-48a4-8c4e-727f678e6e65:192.168.151.106:37354], old=null
2019-09-25 07:29:33,461 [pool-137-thread-1] INFO  impl.RaftServerImpl (RaftServerImpl.java:setRole(174)) - b7d5002f-68a3-48a4-8c4e-727f678e6e65@group-9CB1585A4811: changes role from      null to FOLLOWER at term 0 for startAsFollower
2019-09-25 07:29:33,461 [pool-137-thread-1] INFO  impl.RoleInfo (RoleInfo.java:updateAndGet(143)) - b7d5002f-68a3-48a4-8c4e-727f678e6e65: start FollowerState
2019-09-25 07:29:33,461 [pool-137-thread-1] INFO  util.JmxRegister (JmxRegister.java:tryRegister(44)) - Successfully registered JMX Bean with object name Ratis:service=RaftServer,group=group-9CB1585A4811,id=b7d5002f-68a3-48a4-8c4e-727f678e6e65
2019-09-25 07:29:33,464 [RatisPipelineUtilsThread] INFO  pipeline.PipelineStateManager (PipelineStateManager.java:addPipeline(56)) - Created pipeline Pipeline[ Id: 40e69ec0-eeb9-47c7-b754-9cb1585a4811, Nodes: b7d5002f-68a3-48a4-8c4e-727f678e6e65{ip: 192.168.151.106, host: pr-hdds-1569-x2sr2-3486766547, networkLocation: /default-rack, certSerialId: null}, Type:RATIS, Factor:ONE, State:OPEN]
2019-09-25 07:29:33,469 [grpc-default-executor-0] INFO  impl.RaftServerProxy (RaftServerProxy.java:addNew(89)) - aa97873c-9bae-4a89-a297-61bb6211fe8e: addNew group-C7D9F6661017:[aa97873c-9bae-4a89-a297-61bb6211fe8e:192.168.151.106:40198] returns group-C7D9F6661017:java.util.concurrent.CompletableFuture@201e2d42[Not completed]
2019-09-25 07:29:33,470 [pool-127-thread-1] INFO  impl.RaftServerImpl (RaftServerImpl.java:<init>(95)) - aa97873c-9bae-4a89-a297-61bb6211fe8e: new RaftServerImpl for group-C7D9F6661017:[aa97873c-9bae-4a89-a297-61bb6211fe8e:192.168.151.106:40198] with ContainerStateMachine:uninitialized
2019-09-25 07:29:33,471 [pool-127-thread-1] INFO  server.RaftServerConfigKeys (ConfUtils.java:logGet(43)) - raft.server.rpc.timeout.min = 5s (custom)
2019-09-25 07:29:33,471 [pool-127-thread-1] INFO  server.RaftServerConfigKeys (ConfUtils.java:logGet(43)) - raft.server.rpc.timeout.max = 5200ms (custom)
2019-09-25 07:29:33,471 [pool-127-thread-1] INFO  server.RaftServerConfigKeys (ConfUtils.java:logGet(43)) - raft.server.rpcslowness.timeout = 120s (custom)
2019-09-25 07:29:33,471 [pool-127-thread-1] INFO  server.RaftServerConfigKeys (ConfUtils.java:logGet(43)) - raft.server.sleep.deviation.threshold = 300 (default)
2019-09-25 07:29:33,471 [pool-127-thread-1] INFO  server.RaftServerConfigKeys (ConfUtils.java:logGet(43)) - raft.server.log.appender.install.snapshot.enabled = false (custom)
2019-09-25 07:29:33,471 [pool-127-thread-1] INFO  impl.RaftServerImpl (ServerState.java:<init>(103)) - aa97873c-9bae-4a89-a297-61bb6211fe8e@group-C7D9F6661017: ConfigurationManager, init=-1: [aa97873c-9bae-4a89-a297-61bb6211fe8e:192.168.151.106:40198], old=null, confs=<EMPTY_MAP>
2019-09-25 07:29:33,472 [pool-127-thread-1] INFO  server.RaftServerConfigKeys (ConfUtils.java:logGet(43)) - raft.server.storage.dir = [/workdir/hadoop-ozone/ozonefs/target/test-dir/MiniOzoneClusterImpl-550119eb-1d26-4ec7-b74e-58480585c2d5/datanode-0/data/ratis] (custom)
2019-09-25 07:29:33,472 [pool-127-thread-1] INFO  storage.RaftStorageDirectory (RaftStorageDirectory.java:analyzeStorage(246)) - The storage directory /workdir/hadoop-ozone/ozonefs/target/test-dir/MiniOzoneClusterImpl-550119eb-1d26-4ec7-b74e-58480585c2d5/datanode-0/data/ratis/960a1d8d-caae-4c7f-bc52-c7d9f6661017 does not exist. Creating ...
2019-09-25 07:29:33,497 [pool-127-thread-1] INFO  storage.RaftStorageDirectory (RaftStorageDirectory.java:tryLock(328)) - Lock on /workdir/hadoop-ozone/ozonefs/target/test-dir/MiniOzoneClusterImpl-550119eb-1d26-4ec7-b74e-58480585c2d5/datanode-0/data/ratis/960a1d8d-caae-4c7f-bc52-c7d9f6661017/in_use.lock acquired by nodename 17738@pr-hdds-1569-x2sr2-3486766547
2019-09-25 07:29:33,522 [pool-127-thread-1] INFO  storage.RaftStorage (RaftStorage.java:format(72)) - Storage directory /workdir/hadoop-ozone/ozonefs/target/test-dir/MiniOzoneClusterImpl-550119eb-1d26-4ec7-b74e-58480585c2d5/datanode-0/data/ratis/960a1d8d-caae-4c7f-bc52-c7d9f6661017 has been successfully formatted.
2019-09-25 07:29:33,522 [pool-127-thread-1] INFO  ratis.ContainerStateMachine (ContainerStateMachine.java:loadSnapshot(230)) - group-C7D9F6661017: The snapshot info is null. Setting the last applied indexto:(t:0, i:~)
2019-09-25 07:29:33,523 [pool-127-thread-1] INFO  server.RaftServerConfigKeys (ConfUtils.java:logGet(43)) - raft.server.notification.no-leader.timeout = 120s (custom)
2019-09-25 07:29:33,523 [pool-127-thread-1] INFO  server.RaftServerConfigKeys (ConfUtils.java:logGet(43)) - raft.server.log.use.memory = false (default)
2019-09-25 07:29:33,523 [pool-127-thread-1] INFO  server.RaftServerConfigKeys (ConfUtils.java:logGet(43)) - raft.server.log.purge.gap = 1000000 (custom)
2019-09-25 07:29:33,523 [pool-127-thread-1] INFO  server.RaftServerConfigKeys (ConfUtils.java:logGet(43)) - raft.server.log.appender.buffer.byte-limit = 33554432 (custom)
2019-09-25 07:29:33,523 [pool-127-thread-1] INFO  server.RaftServerConfigKeys (ConfUtils.java:logGet(43)) - raft.server.log.segment.size.max = 1048576 (custom)
2019-09-25 07:29:33,523 [pool-127-thread-1] INFO  server.RaftServerConfigKeys (ConfUtils.java:logGet(43)) - raft.server.log.segment.cache.num.max = 2 (custom)
2019-09-25 07:29:33,524 [pool-127-thread-1] INFO  segmented.SegmentedRaftLogWorker (SegmentedRaftLogWorker.java:<init>(172)) - new aa97873c-9bae-4a89-a297-61bb6211fe8e@group-C7D9F6661017-SegmentedRaftLogWorker for RaftStorage:Storage Directory /workdir/hadoop-ozone/ozonefs/target/test-dir/MiniOzoneClusterImpl-550119eb-1d26-4ec7-b74e-58480585c2d5/datanode-0/data/ratis/960a1d8d-caae-4c7f-bc52-c7d9f6661017
2019-09-25 07:29:33,524 [pool-127-thread-1] INFO  server.RaftServerConfigKeys (ConfUtils.java:logGet(43)) - raft.server.log.queue.byte-limit = 2147483647 (custom)
2019-09-25 07:29:33,524 [pool-127-thread-1] INFO  server.RaftServerConfigKeys (ConfUtils.java:logGet(43)) - raft.server.log.queue.element-limit = 1024 (custom)
2019-09-25 07:29:33,524 [pool-127-thread-1] INFO  server.RaftServerConfigKeys (ConfUtils.java:logGet(43)) - raft.server.log.segment.size.max = 1048576 (custom)
2019-09-25 07:29:33,524 [pool-127-thread-1] INFO  server.RaftServerConfigKeys (ConfUtils.java:logGet(43)) - raft.server.log.preallocated.size = 16384 (custom)
2019-09-25 07:29:33,524 [pool-127-thread-1] INFO  server.RaftServerConfigKeys (ConfUtils.java:logGet(43)) - raft.server.log.write.buffer.size = 33554432 (custom)
2019-09-25 07:29:33,525 [pool-127-thread-1] INFO  server.RaftServerConfigKeys (ConfUtils.java:logGet(43)) - raft.server.log.force.sync.num = 128 (default)
2019-09-25 07:29:33,525 [pool-127-thread-1] INFO  server.RaftServerConfigKeys (ConfUtils.java:logGet(43)) - raft.server.log.statemachine.data.sync = true (default)
2019-09-25 07:29:33,525 [pool-127-thread-1] INFO  server.RaftServerConfigKeys (ConfUtils.java:logGet(43)) - raft.server.log.statemachine.data.sync.timeout = 10s (default)
2019-09-25 07:29:33,525 [pool-127-thread-1] INFO  server.RaftServerConfigKeys (ConfUtils.java:logGet(43)) - raft.server.log.statemachine.data.sync.timeout.retry = -1 (default)
2019-09-25 07:29:33,525 [pool-127-thread-1] INFO  server.RaftServerConfigKeys (ConfUtils.java:logGet(43)) - raft.server.log.statemachine.data.caching.enabled = true (custom)
2019-09-25 07:29:33,526 [pool-127-thread-1] INFO  segmented.SegmentedRaftLogWorker (SegmentedRaftLogWorker.java:lambda$new$0(132)) - aa97873c-9bae-4a89-a297-61bb6211fe8e@group-C7D9F6661017-SegmentedRaftLogWorker: flushIndex: setUnconditionally 0 -> -1
2019-09-25 07:29:33,526 [pool-127-thread-1] INFO  server.RaftServerConfigKeys (ConfUtils.java:logGet(43)) - raft.server.snapshot.auto.trigger.enabled = true (custom)
2019-09-25 07:29:33,526 [pool-127-thread-1] INFO  server.RaftServerConfigKeys (ConfUtils.java:logGet(43)) - raft.server.snapshot.auto.trigger.threshold = 10000 (custom)
2019-09-25 07:29:33,527 [pool-127-thread-1] INFO  server.RaftServerConfigKeys (ConfUtils.java:logGet(43)) - raft.server.snapshot.retention.num.files = 5 (custom)
2019-09-25 07:29:33,527 [pool-127-thread-1] INFO  server.RaftServerConfigKeys (ConfUtils.java:logGet(43)) - raft.server.retrycache.expirytime = 600000ms (custom)
2019-09-25 07:29:33,529 [pool-127-thread-1] INFO  impl.RaftServerImpl (RaftServerImpl.java:start(185)) - aa97873c-9bae-4a89-a297-61bb6211fe8e@group-C7D9F6661017: start as a follower, conf=-1: [aa97873c-9bae-4a89-a297-61bb6211fe8e:192.168.151.106:40198], old=null
2019-09-25 07:29:33,530 [pool-127-thread-1] INFO  impl.RaftServerImpl (RaftServerImpl.java:setRole(174)) - aa97873c-9bae-4a89-a297-61bb6211fe8e@group-C7D9F6661017: changes role from      null to FOLLOWER at term 0 for startAsFollower
2019-09-25 07:29:33,530 [pool-127-thread-1] INFO  impl.RoleInfo (RoleInfo.java:updateAndGet(143)) - aa97873c-9bae-4a89-a297-61bb6211fe8e: start FollowerState
2019-09-25 07:29:33,530 [pool-127-thread-1] INFO  util.JmxRegister (JmxRegister.java:tryRegister(44)) - Successfully registered JMX Bean with object name Ratis:service=RaftServer,group=group-C7D9F6661017,id=aa97873c-9bae-4a89-a297-61bb6211fe8e
2019-09-25 07:29:33,533 [RatisPipelineUtilsThread] INFO  pipeline.PipelineStateManager (PipelineStateManager.java:addPipeline(56)) - Created pipeline Pipeline[ Id: 960a1d8d-caae-4c7f-bc52-c7d9f6661017, Nodes: aa97873c-9bae-4a89-a297-61bb6211fe8e{ip: 192.168.151.106, host: pr-hdds-1569-x2sr2-3486766547, networkLocation: /default-rack, certSerialId: null}, Type:RATIS, Factor:ONE, State:OPEN]
2019-09-25 07:29:33,539 [grpc-default-executor-0] INFO  impl.RaftServerProxy (RaftServerProxy.java:addNew(89)) - aa97873c-9bae-4a89-a297-61bb6211fe8e: addNew group-0D6827D656A9:[aa97873c-9bae-4a89-a297-61bb6211fe8e:192.168.151.106:40198] returns group-0D6827D656A9:java.util.concurrent.CompletableFuture@5b4cdbe3[Not completed]
2019-09-25 07:29:33,540 [pool-127-thread-1] INFO  impl.RaftServerImpl (RaftServerImpl.java:<init>(95)) - aa97873c-9bae-4a89-a297-61bb6211fe8e: new RaftServerImpl for group-0D6827D656A9:[aa97873c-9bae-4a89-a297-61bb6211fe8e:192.168.151.106:40198] with ContainerStateMachine:uninitialized
2019-09-25 07:29:33,541 [pool-127-thread-1] INFO  server.RaftServerConfigKeys (ConfUtils.java:logGet(43)) - raft.server.rpc.timeout.min = 5s (custom)
2019-09-25 07:29:33,541 [pool-127-thread-1] INFO  server.RaftServerConfigKeys (ConfUtils.java:logGet(43)) - raft.server.rpc.timeout.max = 5200ms (custom)
2019-09-25 07:29:33,541 [pool-127-thread-1] INFO  server.RaftServerConfigKeys (ConfUtils.java:logGet(43)) - raft.server.rpcslowness.timeout = 120s (custom)
2019-09-25 07:29:33,541 [pool-127-thread-1] INFO  server.RaftServerConfigKeys (ConfUtils.java:logGet(43)) - raft.server.sleep.deviation.threshold = 300 (default)
2019-09-25 07:29:33,541 [pool-127-thread-1] INFO  server.RaftServerConfigKeys (ConfUtils.java:logGet(43)) - raft.server.log.appender.install.snapshot.enabled = false (custom)
2019-09-25 07:29:33,541 [pool-127-thread-1] INFO  impl.RaftServerImpl (ServerState.java:<init>(103)) - aa97873c-9bae-4a89-a297-61bb6211fe8e@group-0D6827D656A9: ConfigurationManager, init=-1: [aa97873c-9bae-4a89-a297-61bb6211fe8e:192.168.151.106:40198], old=null, confs=<EMPTY_MAP>
2019-09-25 07:29:33,542 [pool-127-thread-1] INFO  server.RaftServerConfigKeys (ConfUtils.java:logGet(43)) - raft.server.storage.dir = [/workdir/hadoop-ozone/ozonefs/target/test-dir/MiniOzoneClusterImpl-550119eb-1d26-4ec7-b74e-58480585c2d5/datanode-0/data/ratis] (custom)
2019-09-25 07:29:33,542 [pool-127-thread-1] INFO  storage.RaftStorageDirectory (RaftStorageDirectory.java:analyzeStorage(246)) - The storage directory /workdir/hadoop-ozone/ozonefs/target/test-dir/MiniOzoneClusterImpl-550119eb-1d26-4ec7-b74e-58480585c2d5/datanode-0/data/ratis/85794538-8151-4585-9e68-0d6827d656a9 does not exist. Creating ...
2019-09-25 07:29:33,564 [pool-127-thread-1] INFO  storage.RaftStorageDirectory (RaftStorageDirectory.java:tryLock(328)) - Lock on /workdir/hadoop-ozone/ozonefs/target/test-dir/MiniOzoneClusterImpl-550119eb-1d26-4ec7-b74e-58480585c2d5/datanode-0/data/ratis/85794538-8151-4585-9e68-0d6827d656a9/in_use.lock acquired by nodename 17738@pr-hdds-1569-x2sr2-3486766547
2019-09-25 07:29:33,588 [pool-127-thread-1] INFO  storage.RaftStorage (RaftStorage.java:format(72)) - Storage directory /workdir/hadoop-ozone/ozonefs/target/test-dir/MiniOzoneClusterImpl-550119eb-1d26-4ec7-b74e-58480585c2d5/datanode-0/data/ratis/85794538-8151-4585-9e68-0d6827d656a9 has been successfully formatted.
2019-09-25 07:29:33,589 [pool-127-thread-1] INFO  ratis.ContainerStateMachine (ContainerStateMachine.java:loadSnapshot(230)) - group-0D6827D656A9: The snapshot info is null. Setting the last applied indexto:(t:0, i:~)
2019-09-25 07:29:33,589 [pool-127-thread-1] INFO  server.RaftServerConfigKeys (ConfUtils.java:logGet(43)) - raft.server.notification.no-leader.timeout = 120s (custom)
2019-09-25 07:29:33,589 [pool-127-thread-1] INFO  server.RaftServerConfigKeys (ConfUtils.java:logGet(43)) - raft.server.log.use.memory = false (default)
2019-09-25 07:29:33,589 [pool-127-thread-1] INFO  server.RaftServerConfigKeys (ConfUtils.java:logGet(43)) - raft.server.log.purge.gap = 1000000 (custom)
2019-09-25 07:29:33,589 [pool-127-thread-1] INFO  server.RaftServerConfigKeys (ConfUtils.java:logGet(43)) - raft.server.log.appender.buffer.byte-limit = 33554432 (custom)
2019-09-25 07:29:33,589 [pool-127-thread-1] INFO  server.RaftServerConfigKeys (ConfUtils.java:logGet(43)) - raft.server.log.segment.size.max = 1048576 (custom)
2019-09-25 07:29:33,590 [pool-127-thread-1] INFO  server.RaftServerConfigKeys (ConfUtils.java:logGet(43)) - raft.server.log.segment.cache.num.max = 2 (custom)
2019-09-25 07:29:33,590 [pool-127-thread-1] INFO  segmented.SegmentedRaftLogWorker (SegmentedRaftLogWorker.java:<init>(172)) - new aa97873c-9bae-4a89-a297-61bb6211fe8e@group-0D6827D656A9-SegmentedRaftLogWorker for RaftStorage:Storage Directory /workdir/hadoop-ozone/ozonefs/target/test-dir/MiniOzoneClusterImpl-550119eb-1d26-4ec7-b74e-58480585c2d5/datanode-0/data/ratis/85794538-8151-4585-9e68-0d6827d656a9
2019-09-25 07:29:33,590 [pool-127-thread-1] INFO  server.RaftServerConfigKeys (ConfUtils.java:logGet(43)) - raft.server.log.queue.byte-limit = 2147483647 (custom)
2019-09-25 07:29:33,590 [pool-127-thread-1] INFO  server.RaftServerConfigKeys (ConfUtils.java:logGet(43)) - raft.server.log.queue.element-limit = 1024 (custom)
2019-09-25 07:29:33,590 [pool-127-thread-1] INFO  server.RaftServerConfigKeys (ConfUtils.java:logGet(43)) - raft.server.log.segment.size.max = 1048576 (custom)
2019-09-25 07:29:33,590 [pool-127-thread-1] INFO  server.RaftServerConfigKeys (ConfUtils.java:logGet(43)) - raft.server.log.preallocated.size = 16384 (custom)
2019-09-25 07:29:33,591 [pool-127-thread-1] INFO  server.RaftServerConfigKeys (ConfUtils.java:logGet(43)) - raft.server.log.write.buffer.size = 33554432 (custom)
2019-09-25 07:29:33,591 [pool-127-thread-1] INFO  server.RaftServerConfigKeys (ConfUtils.java:logGet(43)) - raft.server.log.force.sync.num = 128 (default)
2019-09-25 07:29:33,591 [pool-127-thread-1] INFO  server.RaftServerConfigKeys (ConfUtils.java:logGet(43)) - raft.server.log.statemachine.data.sync = true (default)
2019-09-25 07:29:33,591 [pool-127-thread-1] INFO  server.RaftServerConfigKeys (ConfUtils.java:logGet(43)) - raft.server.log.statemachine.data.sync.timeout = 10s (default)
2019-09-25 07:29:33,591 [pool-127-thread-1] INFO  server.RaftServerConfigKeys (ConfUtils.java:logGet(43)) - raft.server.log.statemachine.data.sync.timeout.retry = -1 (default)
2019-09-25 07:29:33,591 [pool-127-thread-1] INFO  server.RaftServerConfigKeys (ConfUtils.java:logGet(43)) - raft.server.log.statemachine.data.caching.enabled = true (custom)
2019-09-25 07:29:33,592 [pool-127-thread-1] INFO  segmented.SegmentedRaftLogWorker (SegmentedRaftLogWorker.java:lambda$new$0(132)) - aa97873c-9bae-4a89-a297-61bb6211fe8e@group-0D6827D656A9-SegmentedRaftLogWorker: flushIndex: setUnconditionally 0 -> -1
2019-09-25 07:29:33,592 [pool-127-thread-1] INFO  server.RaftServerConfigKeys (ConfUtils.java:logGet(43)) - raft.server.snapshot.auto.trigger.enabled = true (custom)
2019-09-25 07:29:33,592 [pool-127-thread-1] INFO  server.RaftServerConfigKeys (ConfUtils.java:logGet(43)) - raft.server.snapshot.auto.trigger.threshold = 10000 (custom)
2019-09-25 07:29:33,592 [pool-127-thread-1] INFO  server.RaftServerConfigKeys (ConfUtils.java:logGet(43)) - raft.server.snapshot.retention.num.files = 5 (custom)
2019-09-25 07:29:33,593 [pool-127-thread-1] INFO  server.RaftServerConfigKeys (ConfUtils.java:logGet(43)) - raft.server.retrycache.expirytime = 600000ms (custom)
2019-09-25 07:29:33,595 [pool-127-thread-1] INFO  impl.RaftServerImpl (RaftServerImpl.java:start(185)) - aa97873c-9bae-4a89-a297-61bb6211fe8e@group-0D6827D656A9: start as a follower, conf=-1: [aa97873c-9bae-4a89-a297-61bb6211fe8e:192.168.151.106:40198], old=null
2019-09-25 07:29:33,595 [pool-127-thread-1] INFO  impl.RaftServerImpl (RaftServerImpl.java:setRole(174)) - aa97873c-9bae-4a89-a297-61bb6211fe8e@group-0D6827D656A9: changes role from      null to FOLLOWER at term 0 for startAsFollower
2019-09-25 07:29:33,595 [pool-127-thread-1] INFO  impl.RoleInfo (RoleInfo.java:updateAndGet(143)) - aa97873c-9bae-4a89-a297-61bb6211fe8e: start FollowerState
2019-09-25 07:29:33,595 [pool-127-thread-1] INFO  util.JmxRegister (JmxRegister.java:tryRegister(44)) - Successfully registered JMX Bean with object name Ratis:service=RaftServer,group=group-0D6827D656A9,id=aa97873c-9bae-4a89-a297-61bb6211fe8e
2019-09-25 07:29:33,598 [RatisPipelineUtilsThread] INFO  pipeline.PipelineStateManager (PipelineStateManager.java:addPipeline(56)) - Created pipeline Pipeline[ Id: 85794538-8151-4585-9e68-0d6827d656a9, Nodes: aa97873c-9bae-4a89-a297-61bb6211fe8e{ip: 192.168.151.106, host: pr-hdds-1569-x2sr2-3486766547, networkLocation: /default-rack, certSerialId: null}, Type:RATIS, Factor:ONE, State:OPEN]
2019-09-25 07:29:33,599 [RatisPipelineUtilsThread] INFO  pipeline.PipelinePlacementPolicy (PipelinePlacementPolicy.java:meetCriteria(91)) - Pipeline Placement: can't place more pipeline on heavy datanode： aa97873c-9bae-4a89-a297-61bb6211fe8e Heaviness: 6 limit: 5
2019-09-25 07:29:33,604 [grpc-default-executor-0] INFO  impl.RaftServerProxy (RaftServerProxy.java:addNew(89)) - b7d5002f-68a3-48a4-8c4e-727f678e6e65: addNew group-CAF36437224E:[b7d5002f-68a3-48a4-8c4e-727f678e6e65:192.168.151.106:37354] returns group-CAF36437224E:java.util.concurrent.CompletableFuture@29d0dd5c[Not completed]
2019-09-25 07:29:33,605 [pool-137-thread-1] INFO  impl.RaftServerImpl (RaftServerImpl.java:<init>(95)) - b7d5002f-68a3-48a4-8c4e-727f678e6e65: new RaftServerImpl for group-CAF36437224E:[b7d5002f-68a3-48a4-8c4e-727f678e6e65:192.168.151.106:37354] with ContainerStateMachine:uninitialized
2019-09-25 07:29:33,606 [pool-137-thread-1] INFO  server.RaftServerConfigKeys (ConfUtils.java:logGet(43)) - raft.server.rpc.timeout.min = 5s (custom)
2019-09-25 07:29:33,606 [pool-137-thread-1] INFO  server.RaftServerConfigKeys (ConfUtils.java:logGet(43)) - raft.server.rpc.timeout.max = 5200ms (custom)
2019-09-25 07:29:33,606 [pool-137-thread-1] INFO  server.RaftServerConfigKeys (ConfUtils.java:logGet(43)) - raft.server.rpcslowness.timeout = 120s (custom)
2019-09-25 07:29:33,606 [pool-137-thread-1] INFO  server.RaftServerConfigKeys (ConfUtils.java:logGet(43)) - raft.server.sleep.deviation.threshold = 300 (default)
2019-09-25 07:29:33,606 [pool-137-thread-1] INFO  server.RaftServerConfigKeys (ConfUtils.java:logGet(43)) - raft.server.log.appender.install.snapshot.enabled = false (custom)
2019-09-25 07:29:33,606 [pool-137-thread-1] INFO  impl.RaftServerImpl (ServerState.java:<init>(103)) - b7d5002f-68a3-48a4-8c4e-727f678e6e65@group-CAF36437224E: ConfigurationManager, init=-1: [b7d5002f-68a3-48a4-8c4e-727f678e6e65:192.168.151.106:37354], old=null, confs=<EMPTY_MAP>
2019-09-25 07:29:33,607 [pool-137-thread-1] INFO  server.RaftServerConfigKeys (ConfUtils.java:logGet(43)) - raft.server.storage.dir = [/workdir/hadoop-ozone/ozonefs/target/test-dir/MiniOzoneClusterImpl-550119eb-1d26-4ec7-b74e-58480585c2d5/datanode-1/data/ratis] (custom)
2019-09-25 07:29:33,607 [pool-137-thread-1] INFO  storage.RaftStorageDirectory (RaftStorageDirectory.java:analyzeStorage(246)) - The storage directory /workdir/hadoop-ozone/ozonefs/target/test-dir/MiniOzoneClusterImpl-550119eb-1d26-4ec7-b74e-58480585c2d5/datanode-1/data/ratis/1fdc721d-8a5b-46a4-81be-caf36437224e does not exist. Creating ...
2019-09-25 07:29:33,645 [pool-137-thread-1] INFO  storage.RaftStorageDirectory (RaftStorageDirectory.java:tryLock(328)) - Lock on /workdir/hadoop-ozone/ozonefs/target/test-dir/MiniOzoneClusterImpl-550119eb-1d26-4ec7-b74e-58480585c2d5/datanode-1/data/ratis/1fdc721d-8a5b-46a4-81be-caf36437224e/in_use.lock acquired by nodename 17738@pr-hdds-1569-x2sr2-3486766547
2019-09-25 07:29:33,658 [pool-137-thread-1] INFO  storage.RaftStorage (RaftStorage.java:format(72)) - Storage directory /workdir/hadoop-ozone/ozonefs/target/test-dir/MiniOzoneClusterImpl-550119eb-1d26-4ec7-b74e-58480585c2d5/datanode-1/data/ratis/1fdc721d-8a5b-46a4-81be-caf36437224e has been successfully formatted.
2019-09-25 07:29:33,658 [pool-137-thread-1] INFO  ratis.ContainerStateMachine (ContainerStateMachine.java:loadSnapshot(230)) - group-CAF36437224E: The snapshot info is null. Setting the last applied indexto:(t:0, i:~)
2019-09-25 07:29:33,659 [pool-137-thread-1] INFO  server.RaftServerConfigKeys (ConfUtils.java:logGet(43)) - raft.server.notification.no-leader.timeout = 120s (custom)
2019-09-25 07:29:33,659 [pool-137-thread-1] INFO  server.RaftServerConfigKeys (ConfUtils.java:logGet(43)) - raft.server.log.use.memory = false (default)
2019-09-25 07:29:33,659 [pool-137-thread-1] INFO  server.RaftServerConfigKeys (ConfUtils.java:logGet(43)) - raft.server.log.purge.gap = 1000000 (custom)
2019-09-25 07:29:33,659 [pool-137-thread-1] INFO  server.RaftServerConfigKeys (ConfUtils.java:logGet(43)) - raft.server.log.appender.buffer.byte-limit = 33554432 (custom)
2019-09-25 07:29:33,659 [pool-137-thread-1] INFO  server.RaftServerConfigKeys (ConfUtils.java:logGet(43)) - raft.server.log.segment.size.max = 1048576 (custom)
2019-09-25 07:29:33,659 [pool-137-thread-1] INFO  server.RaftServerConfigKeys (ConfUtils.java:logGet(43)) - raft.server.log.segment.cache.num.max = 2 (custom)
2019-09-25 07:29:33,659 [pool-137-thread-1] INFO  segmented.SegmentedRaftLogWorker (SegmentedRaftLogWorker.java:<init>(172)) - new b7d5002f-68a3-48a4-8c4e-727f678e6e65@group-CAF36437224E-SegmentedRaftLogWorker for RaftStorage:Storage Directory /workdir/hadoop-ozone/ozonefs/target/test-dir/MiniOzoneClusterImpl-550119eb-1d26-4ec7-b74e-58480585c2d5/datanode-1/data/ratis/1fdc721d-8a5b-46a4-81be-caf36437224e
2019-09-25 07:29:33,660 [pool-137-thread-1] INFO  server.RaftServerConfigKeys (ConfUtils.java:logGet(43)) - raft.server.log.queue.byte-limit = 2147483647 (custom)
2019-09-25 07:29:33,660 [pool-137-thread-1] INFO  server.RaftServerConfigKeys (ConfUtils.java:logGet(43)) - raft.server.log.queue.element-limit = 1024 (custom)
2019-09-25 07:29:33,660 [pool-137-thread-1] INFO  server.RaftServerConfigKeys (ConfUtils.java:logGet(43)) - raft.server.log.segment.size.max = 1048576 (custom)
2019-09-25 07:29:33,660 [pool-137-thread-1] INFO  server.RaftServerConfigKeys (ConfUtils.java:logGet(43)) - raft.server.log.preallocated.size = 16384 (custom)
2019-09-25 07:29:33,660 [pool-137-thread-1] INFO  server.RaftServerConfigKeys (ConfUtils.java:logGet(43)) - raft.server.log.write.buffer.size = 33554432 (custom)
2019-09-25 07:29:33,660 [pool-137-thread-1] INFO  server.RaftServerConfigKeys (ConfUtils.java:logGet(43)) - raft.server.log.force.sync.num = 128 (default)
2019-09-25 07:29:33,660 [pool-137-thread-1] INFO  server.RaftServerConfigKeys (ConfUtils.java:logGet(43)) - raft.server.log.statemachine.data.sync = true (default)
2019-09-25 07:29:33,661 [pool-137-thread-1] INFO  server.RaftServerConfigKeys (ConfUtils.java:logGet(43)) - raft.server.log.statemachine.data.sync.timeout = 10s (default)
2019-09-25 07:29:33,661 [pool-137-thread-1] INFO  server.RaftServerConfigKeys (ConfUtils.java:logGet(43)) - raft.server.log.statemachine.data.sync.timeout.retry = -1 (default)
2019-09-25 07:29:33,661 [pool-137-thread-1] INFO  server.RaftServerConfigKeys (ConfUtils.java:logGet(43)) - raft.server.log.statemachine.data.caching.enabled = true (custom)
2019-09-25 07:29:33,661 [pool-137-thread-1] INFO  segmented.SegmentedRaftLogWorker (SegmentedRaftLogWorker.java:lambda$new$0(132)) - b7d5002f-68a3-48a4-8c4e-727f678e6e65@group-CAF36437224E-SegmentedRaftLogWorker: flushIndex: setUnconditionally 0 -> -1
2019-09-25 07:29:33,662 [pool-137-thread-1] INFO  server.RaftServerConfigKeys (ConfUtils.java:logGet(43)) - raft.server.snapshot.auto.trigger.enabled = true (custom)
2019-09-25 07:29:33,662 [pool-137-thread-1] INFO  server.RaftServerConfigKeys (ConfUtils.java:logGet(43)) - raft.server.snapshot.auto.trigger.threshold = 10000 (custom)
2019-09-25 07:29:33,662 [pool-137-thread-1] INFO  server.RaftServerConfigKeys (ConfUtils.java:logGet(43)) - raft.server.snapshot.retention.num.files = 5 (custom)
2019-09-25 07:29:33,662 [pool-137-thread-1] INFO  server.RaftServerConfigKeys (ConfUtils.java:logGet(43)) - raft.server.retrycache.expirytime = 600000ms (custom)
2019-09-25 07:29:33,664 [pool-137-thread-1] INFO  impl.RaftServerImpl (RaftServerImpl.java:start(185)) - b7d5002f-68a3-48a4-8c4e-727f678e6e65@group-CAF36437224E: start as a follower, conf=-1: [b7d5002f-68a3-48a4-8c4e-727f678e6e65:192.168.151.106:37354], old=null
2019-09-25 07:29:33,664 [pool-137-thread-1] INFO  impl.RaftServerImpl (RaftServerImpl.java:setRole(174)) - b7d5002f-68a3-48a4-8c4e-727f678e6e65@group-CAF36437224E: changes role from      null to FOLLOWER at term 0 for startAsFollower
2019-09-25 07:29:33,665 [pool-137-thread-1] INFO  impl.RoleInfo (RoleInfo.java:updateAndGet(143)) - b7d5002f-68a3-48a4-8c4e-727f678e6e65: start FollowerState
2019-09-25 07:29:33,665 [pool-137-thread-1] INFO  util.JmxRegister (JmxRegister.java:tryRegister(44)) - Successfully registered JMX Bean with object name Ratis:service=RaftServer,group=group-CAF36437224E,id=b7d5002f-68a3-48a4-8c4e-727f678e6e65
2019-09-25 07:29:33,669 [RatisPipelineUtilsThread] INFO  pipeline.PipelineStateManager (PipelineStateManager.java:addPipeline(56)) - Created pipeline Pipeline[ Id: 1fdc721d-8a5b-46a4-81be-caf36437224e, Nodes: b7d5002f-68a3-48a4-8c4e-727f678e6e65{ip: 192.168.151.106, host: pr-hdds-1569-x2sr2-3486766547, networkLocation: /default-rack, certSerialId: null}, Type:RATIS, Factor:ONE, State:OPEN]
2019-09-25 07:29:33,669 [RatisPipelineUtilsThread] INFO  pipeline.PipelinePlacementPolicy (PipelinePlacementPolicy.java:meetCriteria(91)) - Pipeline Placement: can't place more pipeline on heavy datanode： b7d5002f-68a3-48a4-8c4e-727f678e6e65 Heaviness: 6 limit: 5
2019-09-25 07:29:33,669 [RatisPipelineUtilsThread] INFO  pipeline.PipelinePlacementPolicy (PipelinePlacementPolicy.java:meetCriteria(91)) - Pipeline Placement: can't place more pipeline on heavy datanode： aa97873c-9bae-4a89-a297-61bb6211fe8e Heaviness: 6 limit: 5
2019-09-25 07:29:33,679 [grpc-default-executor-0] INFO  impl.RaftServerProxy (RaftServerProxy.java:addNew(89)) - 942178b8-9bdf-4823-b12b-68105f0b6dcc: addNew group-AE521EA0D099:[942178b8-9bdf-4823-b12b-68105f0b6dcc:192.168.151.106:45883] returns group-AE521EA0D099:java.util.concurrent.CompletableFuture@4951a007[Not completed]
2019-09-25 07:29:33,681 [pool-147-thread-1] INFO  impl.RaftServerImpl (RaftServerImpl.java:<init>(95)) - 942178b8-9bdf-4823-b12b-68105f0b6dcc: new RaftServerImpl for group-AE521EA0D099:[942178b8-9bdf-4823-b12b-68105f0b6dcc:192.168.151.106:45883] with ContainerStateMachine:uninitialized
2019-09-25 07:29:33,681 [pool-147-thread-1] INFO  server.RaftServerConfigKeys (ConfUtils.java:logGet(43)) - raft.server.rpc.timeout.min = 5s (custom)
2019-09-25 07:29:33,681 [pool-147-thread-1] INFO  server.RaftServerConfigKeys (ConfUtils.java:logGet(43)) - raft.server.rpc.timeout.max = 5200ms (custom)
2019-09-25 07:29:33,682 [pool-147-thread-1] INFO  server.RaftServerConfigKeys (ConfUtils.java:logGet(43)) - raft.server.rpcslowness.timeout = 120s (custom)
2019-09-25 07:29:33,682 [pool-147-thread-1] INFO  server.RaftServerConfigKeys (ConfUtils.java:logGet(43)) - raft.server.sleep.deviation.threshold = 300 (default)
2019-09-25 07:29:33,682 [pool-147-thread-1] INFO  server.RaftServerConfigKeys (ConfUtils.java:logGet(43)) - raft.server.log.appender.install.snapshot.enabled = false (custom)
2019-09-25 07:29:33,682 [pool-147-thread-1] INFO  impl.RaftServerImpl (ServerState.java:<init>(103)) - 942178b8-9bdf-4823-b12b-68105f0b6dcc@group-AE521EA0D099: ConfigurationManager, init=-1: [942178b8-9bdf-4823-b12b-68105f0b6dcc:192.168.151.106:45883], old=null, confs=<EMPTY_MAP>
2019-09-25 07:29:33,682 [pool-147-thread-1] INFO  server.RaftServerConfigKeys (ConfUtils.java:logGet(43)) - raft.server.storage.dir = [/workdir/hadoop-ozone/ozonefs/target/test-dir/MiniOzoneClusterImpl-550119eb-1d26-4ec7-b74e-58480585c2d5/datanode-2/data/ratis] (custom)
2019-09-25 07:29:33,683 [pool-147-thread-1] INFO  storage.RaftStorageDirectory (RaftStorageDirectory.java:analyzeStorage(246)) - The storage directory /workdir/hadoop-ozone/ozonefs/target/test-dir/MiniOzoneClusterImpl-550119eb-1d26-4ec7-b74e-58480585c2d5/datanode-2/data/ratis/17657937-8d3b-4823-a007-ae521ea0d099 does not exist. Creating ...
2019-09-25 07:29:33,697 [pool-147-thread-1] INFO  storage.RaftStorageDirectory (RaftStorageDirectory.java:tryLock(328)) - Lock on /workdir/hadoop-ozone/ozonefs/target/test-dir/MiniOzoneClusterImpl-550119eb-1d26-4ec7-b74e-58480585c2d5/datanode-2/data/ratis/17657937-8d3b-4823-a007-ae521ea0d099/in_use.lock acquired by nodename 17738@pr-hdds-1569-x2sr2-3486766547
2019-09-25 07:29:33,719 [pool-147-thread-1] INFO  storage.RaftStorage (RaftStorage.java:format(72)) - Storage directory /workdir/hadoop-ozone/ozonefs/target/test-dir/MiniOzoneClusterImpl-550119eb-1d26-4ec7-b74e-58480585c2d5/datanode-2/data/ratis/17657937-8d3b-4823-a007-ae521ea0d099 has been successfully formatted.
2019-09-25 07:29:33,719 [pool-147-thread-1] INFO  ratis.ContainerStateMachine (ContainerStateMachine.java:loadSnapshot(230)) - group-AE521EA0D099: The snapshot info is null. Setting the last applied indexto:(t:0, i:~)
2019-09-25 07:29:33,719 [pool-147-thread-1] INFO  server.RaftServerConfigKeys (ConfUtils.java:logGet(43)) - raft.server.notification.no-leader.timeout = 120s (custom)
2019-09-25 07:29:33,720 [pool-147-thread-1] INFO  server.RaftServerConfigKeys (ConfUtils.java:logGet(43)) - raft.server.log.use.memory = false (default)
2019-09-25 07:29:33,720 [pool-147-thread-1] INFO  server.RaftServerConfigKeys (ConfUtils.java:logGet(43)) - raft.server.log.purge.gap = 1000000 (custom)
2019-09-25 07:29:33,720 [pool-147-thread-1] INFO  server.RaftServerConfigKeys (ConfUtils.java:logGet(43)) - raft.server.log.appender.buffer.byte-limit = 33554432 (custom)
2019-09-25 07:29:33,720 [pool-147-thread-1] INFO  server.RaftServerConfigKeys (ConfUtils.java:logGet(43)) - raft.server.log.segment.size.max = 1048576 (custom)
2019-09-25 07:29:33,720 [pool-147-thread-1] INFO  server.RaftServerConfigKeys (ConfUtils.java:logGet(43)) - raft.server.log.segment.cache.num.max = 2 (custom)
2019-09-25 07:29:33,720 [pool-147-thread-1] INFO  segmented.SegmentedRaftLogWorker (SegmentedRaftLogWorker.java:<init>(172)) - new 942178b8-9bdf-4823-b12b-68105f0b6dcc@group-AE521EA0D099-SegmentedRaftLogWorker for RaftStorage:Storage Directory /workdir/hadoop-ozone/ozonefs/target/test-dir/MiniOzoneClusterImpl-550119eb-1d26-4ec7-b74e-58480585c2d5/datanode-2/data/ratis/17657937-8d3b-4823-a007-ae521ea0d099
2019-09-25 07:29:33,722 [pool-147-thread-1] INFO  server.RaftServerConfigKeys (ConfUtils.java:logGet(43)) - raft.server.log.queue.byte-limit = 2147483647 (custom)
2019-09-25 07:29:33,723 [pool-147-thread-1] INFO  server.RaftServerConfigKeys (ConfUtils.java:logGet(43)) - raft.server.log.queue.element-limit = 1024 (custom)
2019-09-25 07:29:33,723 [pool-147-thread-1] INFO  server.RaftServerConfigKeys (ConfUtils.java:logGet(43)) - raft.server.log.segment.size.max = 1048576 (custom)
2019-09-25 07:29:33,723 [pool-147-thread-1] INFO  server.RaftServerConfigKeys (ConfUtils.java:logGet(43)) - raft.server.log.preallocated.size = 16384 (custom)
2019-09-25 07:29:33,723 [pool-147-thread-1] INFO  server.RaftServerConfigKeys (ConfUtils.java:logGet(43)) - raft.server.log.write.buffer.size = 33554432 (custom)
2019-09-25 07:29:33,723 [pool-147-thread-1] INFO  server.RaftServerConfigKeys (ConfUtils.java:logGet(43)) - raft.server.log.force.sync.num = 128 (default)
2019-09-25 07:29:33,723 [pool-147-thread-1] INFO  server.RaftServerConfigKeys (ConfUtils.java:logGet(43)) - raft.server.log.statemachine.data.sync = true (default)
2019-09-25 07:29:33,724 [pool-147-thread-1] INFO  server.RaftServerConfigKeys (ConfUtils.java:logGet(43)) - raft.server.log.statemachine.data.sync.timeout = 10s (default)
2019-09-25 07:29:33,724 [pool-147-thread-1] INFO  server.RaftServerConfigKeys (ConfUtils.java:logGet(43)) - raft.server.log.statemachine.data.sync.timeout.retry = -1 (default)
2019-09-25 07:29:33,724 [pool-147-thread-1] INFO  server.RaftServerConfigKeys (ConfUtils.java:logGet(43)) - raft.server.log.statemachine.data.caching.enabled = true (custom)
2019-09-25 07:29:33,724 [pool-147-thread-1] INFO  segmented.SegmentedRaftLogWorker (SegmentedRaftLogWorker.java:lambda$new$0(132)) - 942178b8-9bdf-4823-b12b-68105f0b6dcc@group-AE521EA0D099-SegmentedRaftLogWorker: flushIndex: setUnconditionally 0 -> -1
2019-09-25 07:29:33,725 [pool-147-thread-1] INFO  server.RaftServerConfigKeys (ConfUtils.java:logGet(43)) - raft.server.snapshot.auto.trigger.enabled = true (custom)
2019-09-25 07:29:33,725 [pool-147-thread-1] INFO  server.RaftServerConfigKeys (ConfUtils.java:logGet(43)) - raft.server.snapshot.auto.trigger.threshold = 10000 (custom)
2019-09-25 07:29:33,725 [pool-147-thread-1] INFO  server.RaftServerConfigKeys (ConfUtils.java:logGet(43)) - raft.server.snapshot.retention.num.files = 5 (custom)
2019-09-25 07:29:33,725 [pool-147-thread-1] INFO  server.RaftServerConfigKeys (ConfUtils.java:logGet(43)) - raft.server.retrycache.expirytime = 600000ms (custom)
2019-09-25 07:29:33,727 [pool-147-thread-1] INFO  impl.RaftServerImpl (RaftServerImpl.java:start(185)) - 942178b8-9bdf-4823-b12b-68105f0b6dcc@group-AE521EA0D099: start as a follower, conf=-1: [942178b8-9bdf-4823-b12b-68105f0b6dcc:192.168.151.106:45883], old=null
2019-09-25 07:29:33,727 [pool-147-thread-1] INFO  impl.RaftServerImpl (RaftServerImpl.java:setRole(174)) - 942178b8-9bdf-4823-b12b-68105f0b6dcc@group-AE521EA0D099: changes role from      null to FOLLOWER at term 0 for startAsFollower
2019-09-25 07:29:33,728 [pool-147-thread-1] INFO  impl.RoleInfo (RoleInfo.java:updateAndGet(143)) - 942178b8-9bdf-4823-b12b-68105f0b6dcc: start FollowerState
2019-09-25 07:29:33,728 [pool-147-thread-1] INFO  util.JmxRegister (JmxRegister.java:tryRegister(44)) - Successfully registered JMX Bean with object name Ratis:service=RaftServer,group=group-AE521EA0D099,id=942178b8-9bdf-4823-b12b-68105f0b6dcc
2019-09-25 07:29:33,731 [RatisPipelineUtilsThread] INFO  pipeline.PipelineStateManager (PipelineStateManager.java:addPipeline(56)) - Created pipeline Pipeline[ Id: 17657937-8d3b-4823-a007-ae521ea0d099, Nodes: 942178b8-9bdf-4823-b12b-68105f0b6dcc{ip: 192.168.151.106, host: pr-hdds-1569-x2sr2-3486766547, networkLocation: /default-rack, certSerialId: null}, Type:RATIS, Factor:ONE, State:OPEN]
2019-09-25 07:29:33,731 [RatisPipelineUtilsThread] INFO  pipeline.PipelinePlacementPolicy (PipelinePlacementPolicy.java:meetCriteria(91)) - Pipeline Placement: can't place more pipeline on heavy datanode： b7d5002f-68a3-48a4-8c4e-727f678e6e65 Heaviness: 6 limit: 5
2019-09-25 07:29:33,732 [RatisPipelineUtilsThread] INFO  pipeline.PipelinePlacementPolicy (PipelinePlacementPolicy.java:meetCriteria(91)) - Pipeline Placement: can't place more pipeline on heavy datanode： aa97873c-9bae-4a89-a297-61bb6211fe8e Heaviness: 6 limit: 5
2019-09-25 07:29:33,738 [grpc-default-executor-0] INFO  impl.RaftServerProxy (RaftServerProxy.java:addNew(89)) - 942178b8-9bdf-4823-b12b-68105f0b6dcc: addNew group-3AFF75B65A1B:[942178b8-9bdf-4823-b12b-68105f0b6dcc:192.168.151.106:45883] returns group-3AFF75B65A1B:java.util.concurrent.CompletableFuture@7b98bb00[Not completed]
2019-09-25 07:29:33,738 [pool-147-thread-1] INFO  impl.RaftServerImpl (RaftServerImpl.java:<init>(95)) - 942178b8-9bdf-4823-b12b-68105f0b6dcc: new RaftServerImpl for group-3AFF75B65A1B:[942178b8-9bdf-4823-b12b-68105f0b6dcc:192.168.151.106:45883] with ContainerStateMachine:uninitialized
2019-09-25 07:29:33,739 [pool-147-thread-1] INFO  server.RaftServerConfigKeys (ConfUtils.java:logGet(43)) - raft.server.rpc.timeout.min = 5s (custom)
2019-09-25 07:29:33,739 [pool-147-thread-1] INFO  server.RaftServerConfigKeys (ConfUtils.java:logGet(43)) - raft.server.rpc.timeout.max = 5200ms (custom)
2019-09-25 07:29:33,739 [pool-147-thread-1] INFO  server.RaftServerConfigKeys (ConfUtils.java:logGet(43)) - raft.server.rpcslowness.timeout = 120s (custom)
2019-09-25 07:29:33,739 [pool-147-thread-1] INFO  server.RaftServerConfigKeys (ConfUtils.java:logGet(43)) - raft.server.sleep.deviation.threshold = 300 (default)
2019-09-25 07:29:33,739 [pool-147-thread-1] INFO  server.RaftServerConfigKeys (ConfUtils.java:logGet(43)) - raft.server.log.appender.install.snapshot.enabled = false (custom)
2019-09-25 07:29:33,739 [pool-147-thread-1] INFO  impl.RaftServerImpl (ServerState.java:<init>(103)) - 942178b8-9bdf-4823-b12b-68105f0b6dcc@group-3AFF75B65A1B: ConfigurationManager, init=-1: [942178b8-9bdf-4823-b12b-68105f0b6dcc:192.168.151.106:45883], old=null, confs=<EMPTY_MAP>
2019-09-25 07:29:33,739 [pool-147-thread-1] INFO  server.RaftServerConfigKeys (ConfUtils.java:logGet(43)) - raft.server.storage.dir = [/workdir/hadoop-ozone/ozonefs/target/test-dir/MiniOzoneClusterImpl-550119eb-1d26-4ec7-b74e-58480585c2d5/datanode-2/data/ratis] (custom)
2019-09-25 07:29:33,740 [pool-147-thread-1] INFO  storage.RaftStorageDirectory (RaftStorageDirectory.java:analyzeStorage(246)) - The storage directory /workdir/hadoop-ozone/ozonefs/target/test-dir/MiniOzoneClusterImpl-550119eb-1d26-4ec7-b74e-58480585c2d5/datanode-2/data/ratis/0bc2c1fa-0306-4760-9e71-3aff75b65a1b does not exist. Creating ...
2019-09-25 07:29:33,761 [pool-147-thread-1] INFO  storage.RaftStorageDirectory (RaftStorageDirectory.java:tryLock(328)) - Lock on /workdir/hadoop-ozone/ozonefs/target/test-dir/MiniOzoneClusterImpl-550119eb-1d26-4ec7-b74e-58480585c2d5/datanode-2/data/ratis/0bc2c1fa-0306-4760-9e71-3aff75b65a1b/in_use.lock acquired by nodename 17738@pr-hdds-1569-x2sr2-3486766547
2019-09-25 07:29:33,774 [pool-147-thread-1] INFO  storage.RaftStorage (RaftStorage.java:format(72)) - Storage directory /workdir/hadoop-ozone/ozonefs/target/test-dir/MiniOzoneClusterImpl-550119eb-1d26-4ec7-b74e-58480585c2d5/datanode-2/data/ratis/0bc2c1fa-0306-4760-9e71-3aff75b65a1b has been successfully formatted.
2019-09-25 07:29:33,774 [pool-147-thread-1] INFO  ratis.ContainerStateMachine (ContainerStateMachine.java:loadSnapshot(230)) - group-3AFF75B65A1B: The snapshot info is null. Setting the last applied indexto:(t:0, i:~)
2019-09-25 07:29:33,775 [pool-147-thread-1] INFO  server.RaftServerConfigKeys (ConfUtils.java:logGet(43)) - raft.server.notification.no-leader.timeout = 120s (custom)
2019-09-25 07:29:33,775 [pool-147-thread-1] INFO  server.RaftServerConfigKeys (ConfUtils.java:logGet(43)) - raft.server.log.use.memory = false (default)
2019-09-25 07:29:33,775 [pool-147-thread-1] INFO  server.RaftServerConfigKeys (ConfUtils.java:logGet(43)) - raft.server.log.purge.gap = 1000000 (custom)
2019-09-25 07:29:33,775 [pool-147-thread-1] INFO  server.RaftServerConfigKeys (ConfUtils.java:logGet(43)) - raft.server.log.appender.buffer.byte-limit = 33554432 (custom)
2019-09-25 07:29:33,775 [pool-147-thread-1] INFO  server.RaftServerConfigKeys (ConfUtils.java:logGet(43)) - raft.server.log.segment.size.max = 1048576 (custom)
2019-09-25 07:29:33,775 [pool-147-thread-1] INFO  server.RaftServerConfigKeys (ConfUtils.java:logGet(43)) - raft.server.log.segment.cache.num.max = 2 (custom)
2019-09-25 07:29:33,775 [pool-147-thread-1] INFO  segmented.SegmentedRaftLogWorker (SegmentedRaftLogWorker.java:<init>(172)) - new 942178b8-9bdf-4823-b12b-68105f0b6dcc@group-3AFF75B65A1B-SegmentedRaftLogWorker for RaftStorage:Storage Directory /workdir/hadoop-ozone/ozonefs/target/test-dir/MiniOzoneClusterImpl-550119eb-1d26-4ec7-b74e-58480585c2d5/datanode-2/data/ratis/0bc2c1fa-0306-4760-9e71-3aff75b65a1b
2019-09-25 07:29:33,776 [pool-147-thread-1] INFO  server.RaftServerConfigKeys (ConfUtils.java:logGet(43)) - raft.server.log.queue.byte-limit = 2147483647 (custom)
2019-09-25 07:29:33,776 [pool-147-thread-1] INFO  server.RaftServerConfigKeys (ConfUtils.java:logGet(43)) - raft.server.log.queue.element-limit = 1024 (custom)
2019-09-25 07:29:33,776 [pool-147-thread-1] INFO  server.RaftServerConfigKeys (ConfUtils.java:logGet(43)) - raft.server.log.segment.size.max = 1048576 (custom)
2019-09-25 07:29:33,776 [pool-147-thread-1] INFO  server.RaftServerConfigKeys (ConfUtils.java:logGet(43)) - raft.server.log.preallocated.size = 16384 (custom)
2019-09-25 07:29:33,776 [pool-147-thread-1] INFO  server.RaftServerConfigKeys (ConfUtils.java:logGet(43)) - raft.server.log.write.buffer.size = 33554432 (custom)
2019-09-25 07:29:33,776 [pool-147-thread-1] INFO  server.RaftServerConfigKeys (ConfUtils.java:logGet(43)) - raft.server.log.force.sync.num = 128 (default)
2019-09-25 07:29:33,776 [pool-147-thread-1] INFO  server.RaftServerConfigKeys (ConfUtils.java:logGet(43)) - raft.server.log.statemachine.data.sync = true (default)
2019-09-25 07:29:33,777 [pool-147-thread-1] INFO  server.RaftServerConfigKeys (ConfUtils.java:logGet(43)) - raft.server.log.statemachine.data.sync.timeout = 10s (default)
2019-09-25 07:29:33,777 [pool-147-thread-1] INFO  server.RaftServerConfigKeys (ConfUtils.java:logGet(43)) - raft.server.log.statemachine.data.sync.timeout.retry = -1 (default)
2019-09-25 07:29:33,777 [pool-147-thread-1] INFO  server.RaftServerConfigKeys (ConfUtils.java:logGet(43)) - raft.server.log.statemachine.data.caching.enabled = true (custom)
2019-09-25 07:29:33,777 [pool-147-thread-1] INFO  segmented.SegmentedRaftLogWorker (SegmentedRaftLogWorker.java:lambda$new$0(132)) - 942178b8-9bdf-4823-b12b-68105f0b6dcc@group-3AFF75B65A1B-SegmentedRaftLogWorker: flushIndex: setUnconditionally 0 -> -1
2019-09-25 07:29:33,777 [pool-147-thread-1] INFO  server.RaftServerConfigKeys (ConfUtils.java:logGet(43)) - raft.server.snapshot.auto.trigger.enabled = true (custom)
2019-09-25 07:29:33,778 [pool-147-thread-1] INFO  server.RaftServerConfigKeys (ConfUtils.java:logGet(43)) - raft.server.snapshot.auto.trigger.threshold = 10000 (custom)
2019-09-25 07:29:33,778 [pool-147-thread-1] INFO  server.RaftServerConfigKeys (ConfUtils.java:logGet(43)) - raft.server.snapshot.retention.num.files = 5 (custom)
2019-09-25 07:29:33,778 [pool-147-thread-1] INFO  server.RaftServerConfigKeys (ConfUtils.java:logGet(43)) - raft.server.retrycache.expirytime = 600000ms (custom)
2019-09-25 07:29:33,780 [pool-147-thread-1] INFO  impl.RaftServerImpl (RaftServerImpl.java:start(185)) - 942178b8-9bdf-4823-b12b-68105f0b6dcc@group-3AFF75B65A1B: start as a follower, conf=-1: [942178b8-9bdf-4823-b12b-68105f0b6dcc:192.168.151.106:45883], old=null
2019-09-25 07:29:33,780 [pool-147-thread-1] INFO  impl.RaftServerImpl (RaftServerImpl.java:setRole(174)) - 942178b8-9bdf-4823-b12b-68105f0b6dcc@group-3AFF75B65A1B: changes role from      null to FOLLOWER at term 0 for startAsFollower
2019-09-25 07:29:33,780 [pool-147-thread-1] INFO  impl.RoleInfo (RoleInfo.java:updateAndGet(143)) - 942178b8-9bdf-4823-b12b-68105f0b6dcc: start FollowerState
2019-09-25 07:29:33,780 [pool-147-thread-1] INFO  util.JmxRegister (JmxRegister.java:tryRegister(44)) - Successfully registered JMX Bean with object name Ratis:service=RaftServer,group=group-3AFF75B65A1B,id=942178b8-9bdf-4823-b12b-68105f0b6dcc
2019-09-25 07:29:33,783 [RatisPipelineUtilsThread] INFO  pipeline.PipelineStateManager (PipelineStateManager.java:addPipeline(56)) - Created pipeline Pipeline[ Id: 0bc2c1fa-0306-4760-9e71-3aff75b65a1b, Nodes: 942178b8-9bdf-4823-b12b-68105f0b6dcc{ip: 192.168.151.106, host: pr-hdds-1569-x2sr2-3486766547, networkLocation: /default-rack, certSerialId: null}, Type:RATIS, Factor:ONE, State:OPEN]
2019-09-25 07:29:33,784 [RatisPipelineUtilsThread] INFO  pipeline.PipelinePlacementPolicy (PipelinePlacementPolicy.java:meetCriteria(91)) - Pipeline Placement: can't place more pipeline on heavy datanode： b7d5002f-68a3-48a4-8c4e-727f678e6e65 Heaviness: 6 limit: 5
2019-09-25 07:29:33,784 [RatisPipelineUtilsThread] INFO  pipeline.PipelinePlacementPolicy (PipelinePlacementPolicy.java:meetCriteria(91)) - Pipeline Placement: can't place more pipeline on heavy datanode： aa97873c-9bae-4a89-a297-61bb6211fe8e Heaviness: 6 limit: 5
2019-09-25 07:29:33,790 [grpc-default-executor-0] INFO  impl.RaftServerProxy (RaftServerProxy.java:addNew(89)) - 942178b8-9bdf-4823-b12b-68105f0b6dcc: addNew group-081AD32C1E44:[942178b8-9bdf-4823-b12b-68105f0b6dcc:192.168.151.106:45883] returns group-081AD32C1E44:java.util.concurrent.CompletableFuture@6d912a3c[Not completed]
2019-09-25 07:29:33,790 [pool-147-thread-1] INFO  impl.RaftServerImpl (RaftServerImpl.java:<init>(95)) - 942178b8-9bdf-4823-b12b-68105f0b6dcc: new RaftServerImpl for group-081AD32C1E44:[942178b8-9bdf-4823-b12b-68105f0b6dcc:192.168.151.106:45883] with ContainerStateMachine:uninitialized
2019-09-25 07:29:33,791 [pool-147-thread-1] INFO  server.RaftServerConfigKeys (ConfUtils.java:logGet(43)) - raft.server.rpc.timeout.min = 5s (custom)
2019-09-25 07:29:33,791 [pool-147-thread-1] INFO  server.RaftServerConfigKeys (ConfUtils.java:logGet(43)) - raft.server.rpc.timeout.max = 5200ms (custom)
2019-09-25 07:29:33,791 [pool-147-thread-1] INFO  server.RaftServerConfigKeys (ConfUtils.java:logGet(43)) - raft.server.rpcslowness.timeout = 120s (custom)
2019-09-25 07:29:33,791 [pool-147-thread-1] INFO  server.RaftServerConfigKeys (ConfUtils.java:logGet(43)) - raft.server.sleep.deviation.threshold = 300 (default)
2019-09-25 07:29:33,791 [pool-147-thread-1] INFO  server.RaftServerConfigKeys (ConfUtils.java:logGet(43)) - raft.server.log.appender.install.snapshot.enabled = false (custom)
2019-09-25 07:29:33,791 [pool-147-thread-1] INFO  impl.RaftServerImpl (ServerState.java:<init>(103)) - 942178b8-9bdf-4823-b12b-68105f0b6dcc@group-081AD32C1E44: ConfigurationManager, init=-1: [942178b8-9bdf-4823-b12b-68105f0b6dcc:192.168.151.106:45883], old=null, confs=<EMPTY_MAP>
2019-09-25 07:29:33,791 [pool-147-thread-1] INFO  server.RaftServerConfigKeys (ConfUtils.java:logGet(43)) - raft.server.storage.dir = [/workdir/hadoop-ozone/ozonefs/target/test-dir/MiniOzoneClusterImpl-550119eb-1d26-4ec7-b74e-58480585c2d5/datanode-2/data/ratis] (custom)
2019-09-25 07:29:33,792 [pool-147-thread-1] INFO  storage.RaftStorageDirectory (RaftStorageDirectory.java:analyzeStorage(246)) - The storage directory /workdir/hadoop-ozone/ozonefs/target/test-dir/MiniOzoneClusterImpl-550119eb-1d26-4ec7-b74e-58480585c2d5/datanode-2/data/ratis/53cecac5-970c-4c7c-a651-081ad32c1e44 does not exist. Creating ...
2019-09-25 07:29:33,804 [pool-147-thread-1] INFO  storage.RaftStorageDirectory (RaftStorageDirectory.java:tryLock(328)) - Lock on /workdir/hadoop-ozone/ozonefs/target/test-dir/MiniOzoneClusterImpl-550119eb-1d26-4ec7-b74e-58480585c2d5/datanode-2/data/ratis/53cecac5-970c-4c7c-a651-081ad32c1e44/in_use.lock acquired by nodename 17738@pr-hdds-1569-x2sr2-3486766547
2019-09-25 07:29:33,819 [pool-147-thread-1] INFO  storage.RaftStorage (RaftStorage.java:format(72)) - Storage directory /workdir/hadoop-ozone/ozonefs/target/test-dir/MiniOzoneClusterImpl-550119eb-1d26-4ec7-b74e-58480585c2d5/datanode-2/data/ratis/53cecac5-970c-4c7c-a651-081ad32c1e44 has been successfully formatted.
2019-09-25 07:29:33,819 [pool-147-thread-1] INFO  ratis.ContainerStateMachine (ContainerStateMachine.java:loadSnapshot(230)) - group-081AD32C1E44: The snapshot info is null. Setting the last applied indexto:(t:0, i:~)
2019-09-25 07:29:33,820 [pool-147-thread-1] INFO  server.RaftServerConfigKeys (ConfUtils.java:logGet(43)) - raft.server.notification.no-leader.timeout = 120s (custom)
2019-09-25 07:29:33,820 [pool-147-thread-1] INFO  server.RaftServerConfigKeys (ConfUtils.java:logGet(43)) - raft.server.log.use.memory = false (default)
2019-09-25 07:29:33,820 [pool-147-thread-1] INFO  server.RaftServerConfigKeys (ConfUtils.java:logGet(43)) - raft.server.log.purge.gap = 1000000 (custom)
2019-09-25 07:29:33,820 [pool-147-thread-1] INFO  server.RaftServerConfigKeys (ConfUtils.java:logGet(43)) - raft.server.log.appender.buffer.byte-limit = 33554432 (custom)
2019-09-25 07:29:33,820 [pool-147-thread-1] INFO  server.RaftServerConfigKeys (ConfUtils.java:logGet(43)) - raft.server.log.segment.size.max = 1048576 (custom)
2019-09-25 07:29:33,820 [pool-147-thread-1] INFO  server.RaftServerConfigKeys (ConfUtils.java:logGet(43)) - raft.server.log.segment.cache.num.max = 2 (custom)
2019-09-25 07:29:33,820 [pool-147-thread-1] INFO  segmented.SegmentedRaftLogWorker (SegmentedRaftLogWorker.java:<init>(172)) - new 942178b8-9bdf-4823-b12b-68105f0b6dcc@group-081AD32C1E44-SegmentedRaftLogWorker for RaftStorage:Storage Directory /workdir/hadoop-ozone/ozonefs/target/test-dir/MiniOzoneClusterImpl-550119eb-1d26-4ec7-b74e-58480585c2d5/datanode-2/data/ratis/53cecac5-970c-4c7c-a651-081ad32c1e44
2019-09-25 07:29:33,821 [pool-147-thread-1] INFO  server.RaftServerConfigKeys (ConfUtils.java:logGet(43)) - raft.server.log.queue.byte-limit = 2147483647 (custom)
2019-09-25 07:29:33,821 [pool-147-thread-1] INFO  server.RaftServerConfigKeys (ConfUtils.java:logGet(43)) - raft.server.log.queue.element-limit = 1024 (custom)
2019-09-25 07:29:33,821 [pool-147-thread-1] INFO  server.RaftServerConfigKeys (ConfUtils.java:logGet(43)) - raft.server.log.segment.size.max = 1048576 (custom)
2019-09-25 07:29:33,821 [pool-147-thread-1] INFO  server.RaftServerConfigKeys (ConfUtils.java:logGet(43)) - raft.server.log.preallocated.size = 16384 (custom)
2019-09-25 07:29:33,821 [pool-147-thread-1] INFO  server.RaftServerConfigKeys (ConfUtils.java:logGet(43)) - raft.server.log.write.buffer.size = 33554432 (custom)
2019-09-25 07:29:33,821 [pool-147-thread-1] INFO  server.RaftServerConfigKeys (ConfUtils.java:logGet(43)) - raft.server.log.force.sync.num = 128 (default)
2019-09-25 07:29:33,821 [pool-147-thread-1] INFO  server.RaftServerConfigKeys (ConfUtils.java:logGet(43)) - raft.server.log.statemachine.data.sync = true (default)
2019-09-25 07:29:33,821 [pool-147-thread-1] INFO  server.RaftServerConfigKeys (ConfUtils.java:logGet(43)) - raft.server.log.statemachine.data.sync.timeout = 10s (default)
2019-09-25 07:29:33,821 [pool-147-thread-1] INFO  server.RaftServerConfigKeys (ConfUtils.java:logGet(43)) - raft.server.log.statemachine.data.sync.timeout.retry = -1 (default)
2019-09-25 07:29:33,822 [pool-147-thread-1] INFO  server.RaftServerConfigKeys (ConfUtils.java:logGet(43)) - raft.server.log.statemachine.data.caching.enabled = true (custom)
2019-09-25 07:29:33,822 [pool-147-thread-1] INFO  segmented.SegmentedRaftLogWorker (SegmentedRaftLogWorker.java:lambda$new$0(132)) - 942178b8-9bdf-4823-b12b-68105f0b6dcc@group-081AD32C1E44-SegmentedRaftLogWorker: flushIndex: setUnconditionally 0 -> -1
2019-09-25 07:29:33,822 [pool-147-thread-1] INFO  server.RaftServerConfigKeys (ConfUtils.java:logGet(43)) - raft.server.snapshot.auto.trigger.enabled = true (custom)
2019-09-25 07:29:33,822 [pool-147-thread-1] INFO  server.RaftServerConfigKeys (ConfUtils.java:logGet(43)) - raft.server.snapshot.auto.trigger.threshold = 10000 (custom)
2019-09-25 07:29:33,822 [pool-147-thread-1] INFO  server.RaftServerConfigKeys (ConfUtils.java:logGet(43)) - raft.server.snapshot.retention.num.files = 5 (custom)
2019-09-25 07:29:33,823 [pool-147-thread-1] INFO  server.RaftServerConfigKeys (ConfUtils.java:logGet(43)) - raft.server.retrycache.expirytime = 600000ms (custom)
2019-09-25 07:29:33,824 [pool-147-thread-1] INFO  impl.RaftServerImpl (RaftServerImpl.java:start(185)) - 942178b8-9bdf-4823-b12b-68105f0b6dcc@group-081AD32C1E44: start as a follower, conf=-1: [942178b8-9bdf-4823-b12b-68105f0b6dcc:192.168.151.106:45883], old=null
2019-09-25 07:29:33,824 [pool-147-thread-1] INFO  impl.RaftServerImpl (RaftServerImpl.java:setRole(174)) - 942178b8-9bdf-4823-b12b-68105f0b6dcc@group-081AD32C1E44: changes role from      null to FOLLOWER at term 0 for startAsFollower
2019-09-25 07:29:33,824 [pool-147-thread-1] INFO  impl.RoleInfo (RoleInfo.java:updateAndGet(143)) - 942178b8-9bdf-4823-b12b-68105f0b6dcc: start FollowerState
2019-09-25 07:29:33,825 [pool-147-thread-1] INFO  util.JmxRegister (JmxRegister.java:tryRegister(44)) - Successfully registered JMX Bean with object name Ratis:service=RaftServer,group=group-081AD32C1E44,id=942178b8-9bdf-4823-b12b-68105f0b6dcc
2019-09-25 07:29:33,828 [RatisPipelineUtilsThread] INFO  pipeline.PipelineStateManager (PipelineStateManager.java:addPipeline(56)) - Created pipeline Pipeline[ Id: 53cecac5-970c-4c7c-a651-081ad32c1e44, Nodes: 942178b8-9bdf-4823-b12b-68105f0b6dcc{ip: 192.168.151.106, host: pr-hdds-1569-x2sr2-3486766547, networkLocation: /default-rack, certSerialId: null}, Type:RATIS, Factor:ONE, State:OPEN]
2019-09-25 07:29:33,828 [RatisPipelineUtilsThread] INFO  pipeline.PipelinePlacementPolicy (PipelinePlacementPolicy.java:meetCriteria(91)) - Pipeline Placement: can't place more pipeline on heavy datanode： b7d5002f-68a3-48a4-8c4e-727f678e6e65 Heaviness: 6 limit: 5
2019-09-25 07:29:33,829 [RatisPipelineUtilsThread] INFO  pipeline.PipelinePlacementPolicy (PipelinePlacementPolicy.java:meetCriteria(91)) - Pipeline Placement: can't place more pipeline on heavy datanode： aa97873c-9bae-4a89-a297-61bb6211fe8e Heaviness: 6 limit: 5
2019-09-25 07:29:33,835 [grpc-default-executor-0] INFO  impl.RaftServerProxy (RaftServerProxy.java:addNew(89)) - 942178b8-9bdf-4823-b12b-68105f0b6dcc: addNew group-9F7C29E8DDEA:[942178b8-9bdf-4823-b12b-68105f0b6dcc:192.168.151.106:45883] returns group-9F7C29E8DDEA:java.util.concurrent.CompletableFuture@101a317b[Not completed]
2019-09-25 07:29:33,836 [pool-147-thread-1] INFO  impl.RaftServerImpl (RaftServerImpl.java:<init>(95)) - 942178b8-9bdf-4823-b12b-68105f0b6dcc: new RaftServerImpl for group-9F7C29E8DDEA:[942178b8-9bdf-4823-b12b-68105f0b6dcc:192.168.151.106:45883] with ContainerStateMachine:uninitialized
2019-09-25 07:29:33,836 [pool-147-thread-1] INFO  server.RaftServerConfigKeys (ConfUtils.java:logGet(43)) - raft.server.rpc.timeout.min = 5s (custom)
2019-09-25 07:29:33,836 [pool-147-thread-1] INFO  server.RaftServerConfigKeys (ConfUtils.java:logGet(43)) - raft.server.rpc.timeout.max = 5200ms (custom)
2019-09-25 07:29:33,836 [pool-147-thread-1] INFO  server.RaftServerConfigKeys (ConfUtils.java:logGet(43)) - raft.server.rpcslowness.timeout = 120s (custom)
2019-09-25 07:29:33,836 [pool-147-thread-1] INFO  server.RaftServerConfigKeys (ConfUtils.java:logGet(43)) - raft.server.sleep.deviation.threshold = 300 (default)
2019-09-25 07:29:33,836 [pool-147-thread-1] INFO  server.RaftServerConfigKeys (ConfUtils.java:logGet(43)) - raft.server.log.appender.install.snapshot.enabled = false (custom)
2019-09-25 07:29:33,836 [pool-147-thread-1] INFO  impl.RaftServerImpl (ServerState.java:<init>(103)) - 942178b8-9bdf-4823-b12b-68105f0b6dcc@group-9F7C29E8DDEA: ConfigurationManager, init=-1: [942178b8-9bdf-4823-b12b-68105f0b6dcc:192.168.151.106:45883], old=null, confs=<EMPTY_MAP>
2019-09-25 07:29:33,836 [pool-147-thread-1] INFO  server.RaftServerConfigKeys (ConfUtils.java:logGet(43)) - raft.server.storage.dir = [/workdir/hadoop-ozone/ozonefs/target/test-dir/MiniOzoneClusterImpl-550119eb-1d26-4ec7-b74e-58480585c2d5/datanode-2/data/ratis] (custom)
2019-09-25 07:29:33,837 [pool-147-thread-1] INFO  storage.RaftStorageDirectory (RaftStorageDirectory.java:analyzeStorage(246)) - The storage directory /workdir/hadoop-ozone/ozonefs/target/test-dir/MiniOzoneClusterImpl-550119eb-1d26-4ec7-b74e-58480585c2d5/datanode-2/data/ratis/1a205dee-aa0a-4df7-950c-9f7c29e8ddea does not exist. Creating ...
2019-09-25 07:29:33,850 [pool-147-thread-1] INFO  storage.RaftStorageDirectory (RaftStorageDirectory.java:tryLock(328)) - Lock on /workdir/hadoop-ozone/ozonefs/target/test-dir/MiniOzoneClusterImpl-550119eb-1d26-4ec7-b74e-58480585c2d5/datanode-2/data/ratis/1a205dee-aa0a-4df7-950c-9f7c29e8ddea/in_use.lock acquired by nodename 17738@pr-hdds-1569-x2sr2-3486766547
2019-09-25 07:29:33,863 [pool-147-thread-1] INFO  storage.RaftStorage (RaftStorage.java:format(72)) - Storage directory /workdir/hadoop-ozone/ozonefs/target/test-dir/MiniOzoneClusterImpl-550119eb-1d26-4ec7-b74e-58480585c2d5/datanode-2/data/ratis/1a205dee-aa0a-4df7-950c-9f7c29e8ddea has been successfully formatted.
2019-09-25 07:29:33,863 [pool-147-thread-1] INFO  ratis.ContainerStateMachine (ContainerStateMachine.java:loadSnapshot(230)) - group-9F7C29E8DDEA: The snapshot info is null. Setting the last applied indexto:(t:0, i:~)
2019-09-25 07:29:33,863 [pool-147-thread-1] INFO  server.RaftServerConfigKeys (ConfUtils.java:logGet(43)) - raft.server.notification.no-leader.timeout = 120s (custom)
2019-09-25 07:29:33,863 [pool-147-thread-1] INFO  server.RaftServerConfigKeys (ConfUtils.java:logGet(43)) - raft.server.log.use.memory = false (default)
2019-09-25 07:29:33,864 [pool-147-thread-1] INFO  server.RaftServerConfigKeys (ConfUtils.java:logGet(43)) - raft.server.log.purge.gap = 1000000 (custom)
2019-09-25 07:29:33,864 [pool-147-thread-1] INFO  server.RaftServerConfigKeys (ConfUtils.java:logGet(43)) - raft.server.log.appender.buffer.byte-limit = 33554432 (custom)
2019-09-25 07:29:33,864 [pool-147-thread-1] INFO  server.RaftServerConfigKeys (ConfUtils.java:logGet(43)) - raft.server.log.segment.size.max = 1048576 (custom)
2019-09-25 07:29:33,864 [pool-147-thread-1] INFO  server.RaftServerConfigKeys (ConfUtils.java:logGet(43)) - raft.server.log.segment.cache.num.max = 2 (custom)
2019-09-25 07:29:33,864 [pool-147-thread-1] INFO  segmented.SegmentedRaftLogWorker (SegmentedRaftLogWorker.java:<init>(172)) - new 942178b8-9bdf-4823-b12b-68105f0b6dcc@group-9F7C29E8DDEA-SegmentedRaftLogWorker for RaftStorage:Storage Directory /workdir/hadoop-ozone/ozonefs/target/test-dir/MiniOzoneClusterImpl-550119eb-1d26-4ec7-b74e-58480585c2d5/datanode-2/data/ratis/1a205dee-aa0a-4df7-950c-9f7c29e8ddea
2019-09-25 07:29:33,864 [pool-147-thread-1] INFO  server.RaftServerConfigKeys (ConfUtils.java:logGet(43)) - raft.server.log.queue.byte-limit = 2147483647 (custom)
2019-09-25 07:29:33,864 [pool-147-thread-1] INFO  server.RaftServerConfigKeys (ConfUtils.java:logGet(43)) - raft.server.log.queue.element-limit = 1024 (custom)
2019-09-25 07:29:33,864 [pool-147-thread-1] INFO  server.RaftServerConfigKeys (ConfUtils.java:logGet(43)) - raft.server.log.segment.size.max = 1048576 (custom)
2019-09-25 07:29:33,865 [pool-147-thread-1] INFO  server.RaftServerConfigKeys (ConfUtils.java:logGet(43)) - raft.server.log.preallocated.size = 16384 (custom)
2019-09-25 07:29:33,865 [pool-147-thread-1] INFO  server.RaftServerConfigKeys (ConfUtils.java:logGet(43)) - raft.server.log.write.buffer.size = 33554432 (custom)
2019-09-25 07:29:33,865 [pool-147-thread-1] INFO  server.RaftServerConfigKeys (ConfUtils.java:logGet(43)) - raft.server.log.force.sync.num = 128 (default)
2019-09-25 07:29:33,865 [pool-147-thread-1] INFO  server.RaftServerConfigKeys (ConfUtils.java:logGet(43)) - raft.server.log.statemachine.data.sync = true (default)
2019-09-25 07:29:33,865 [pool-147-thread-1] INFO  server.RaftServerConfigKeys (ConfUtils.java:logGet(43)) - raft.server.log.statemachine.data.sync.timeout = 10s (default)
2019-09-25 07:29:33,865 [pool-147-thread-1] INFO  server.RaftServerConfigKeys (ConfUtils.java:logGet(43)) - raft.server.log.statemachine.data.sync.timeout.retry = -1 (default)
2019-09-25 07:29:33,865 [pool-147-thread-1] INFO  server.RaftServerConfigKeys (ConfUtils.java:logGet(43)) - raft.server.log.statemachine.data.caching.enabled = true (custom)
2019-09-25 07:29:33,866 [pool-147-thread-1] INFO  segmented.SegmentedRaftLogWorker (SegmentedRaftLogWorker.java:lambda$new$0(132)) - 942178b8-9bdf-4823-b12b-68105f0b6dcc@group-9F7C29E8DDEA-SegmentedRaftLogWorker: flushIndex: setUnconditionally 0 -> -1
2019-09-25 07:29:33,866 [pool-147-thread-1] INFO  server.RaftServerConfigKeys (ConfUtils.java:logGet(43)) - raft.server.snapshot.auto.trigger.enabled = true (custom)
2019-09-25 07:29:33,866 [pool-147-thread-1] INFO  server.RaftServerConfigKeys (ConfUtils.java:logGet(43)) - raft.server.snapshot.auto.trigger.threshold = 10000 (custom)
2019-09-25 07:29:33,866 [pool-147-thread-1] INFO  server.RaftServerConfigKeys (ConfUtils.java:logGet(43)) - raft.server.snapshot.retention.num.files = 5 (custom)
2019-09-25 07:29:33,866 [pool-147-thread-1] INFO  server.RaftServerConfigKeys (ConfUtils.java:logGet(43)) - raft.server.retrycache.expirytime = 600000ms (custom)
2019-09-25 07:29:33,868 [pool-147-thread-1] INFO  impl.RaftServerImpl (RaftServerImpl.java:start(185)) - 942178b8-9bdf-4823-b12b-68105f0b6dcc@group-9F7C29E8DDEA: start as a follower, conf=-1: [942178b8-9bdf-4823-b12b-68105f0b6dcc:192.168.151.106:45883], old=null
2019-09-25 07:29:33,868 [pool-147-thread-1] INFO  impl.RaftServerImpl (RaftServerImpl.java:setRole(174)) - 942178b8-9bdf-4823-b12b-68105f0b6dcc@group-9F7C29E8DDEA: changes role from      null to FOLLOWER at term 0 for startAsFollower
2019-09-25 07:29:33,868 [pool-147-thread-1] INFO  impl.RoleInfo (RoleInfo.java:updateAndGet(143)) - 942178b8-9bdf-4823-b12b-68105f0b6dcc: start FollowerState
2019-09-25 07:29:33,868 [pool-147-thread-1] INFO  util.JmxRegister (JmxRegister.java:tryRegister(44)) - Successfully registered JMX Bean with object name Ratis:service=RaftServer,group=group-9F7C29E8DDEA,id=942178b8-9bdf-4823-b12b-68105f0b6dcc
2019-09-25 07:29:33,871 [RatisPipelineUtilsThread] INFO  pipeline.PipelineStateManager (PipelineStateManager.java:addPipeline(56)) - Created pipeline Pipeline[ Id: 1a205dee-aa0a-4df7-950c-9f7c29e8ddea, Nodes: 942178b8-9bdf-4823-b12b-68105f0b6dcc{ip: 192.168.151.106, host: pr-hdds-1569-x2sr2-3486766547, networkLocation: /default-rack, certSerialId: null}, Type:RATIS, Factor:ONE, State:OPEN]
2019-09-25 07:29:33,872 [RatisPipelineUtilsThread] INFO  pipeline.PipelinePlacementPolicy (PipelinePlacementPolicy.java:meetCriteria(91)) - Pipeline Placement: can't place more pipeline on heavy datanode： b7d5002f-68a3-48a4-8c4e-727f678e6e65 Heaviness: 6 limit: 5
2019-09-25 07:29:33,872 [RatisPipelineUtilsThread] INFO  pipeline.PipelinePlacementPolicy (PipelinePlacementPolicy.java:meetCriteria(91)) - Pipeline Placement: can't place more pipeline on heavy datanode： aa97873c-9bae-4a89-a297-61bb6211fe8e Heaviness: 6 limit: 5
2019-09-25 07:29:33,878 [grpc-default-executor-0] INFO  impl.RaftServerProxy (RaftServerProxy.java:addNew(89)) - 942178b8-9bdf-4823-b12b-68105f0b6dcc: addNew group-B82F2AC5131F:[942178b8-9bdf-4823-b12b-68105f0b6dcc:192.168.151.106:45883] returns group-B82F2AC5131F:java.util.concurrent.CompletableFuture@7a80f4b7[Not completed]
2019-09-25 07:29:33,879 [pool-147-thread-1] INFO  impl.RaftServerImpl (RaftServerImpl.java:<init>(95)) - 942178b8-9bdf-4823-b12b-68105f0b6dcc: new RaftServerImpl for group-B82F2AC5131F:[942178b8-9bdf-4823-b12b-68105f0b6dcc:192.168.151.106:45883] with ContainerStateMachine:uninitialized
2019-09-25 07:29:33,879 [pool-147-thread-1] INFO  server.RaftServerConfigKeys (ConfUtils.java:logGet(43)) - raft.server.rpc.timeout.min = 5s (custom)
2019-09-25 07:29:33,879 [pool-147-thread-1] INFO  server.RaftServerConfigKeys (ConfUtils.java:logGet(43)) - raft.server.rpc.timeout.max = 5200ms (custom)
2019-09-25 07:29:33,880 [pool-147-thread-1] INFO  server.RaftServerConfigKeys (ConfUtils.java:logGet(43)) - raft.server.rpcslowness.timeout = 120s (custom)
2019-09-25 07:29:33,880 [pool-147-thread-1] INFO  server.RaftServerConfigKeys (ConfUtils.java:logGet(43)) - raft.server.sleep.deviation.threshold = 300 (default)
2019-09-25 07:29:33,880 [pool-147-thread-1] INFO  server.RaftServerConfigKeys (ConfUtils.java:logGet(43)) - raft.server.log.appender.install.snapshot.enabled = false (custom)
2019-09-25 07:29:33,880 [pool-147-thread-1] INFO  impl.RaftServerImpl (ServerState.java:<init>(103)) - 942178b8-9bdf-4823-b12b-68105f0b6dcc@group-B82F2AC5131F: ConfigurationManager, init=-1: [942178b8-9bdf-4823-b12b-68105f0b6dcc:192.168.151.106:45883], old=null, confs=<EMPTY_MAP>
2019-09-25 07:29:33,880 [pool-147-thread-1] INFO  server.RaftServerConfigKeys (ConfUtils.java:logGet(43)) - raft.server.storage.dir = [/workdir/hadoop-ozone/ozonefs/target/test-dir/MiniOzoneClusterImpl-550119eb-1d26-4ec7-b74e-58480585c2d5/datanode-2/data/ratis] (custom)
2019-09-25 07:29:33,881 [pool-147-thread-1] INFO  storage.RaftStorageDirectory (RaftStorageDirectory.java:analyzeStorage(246)) - The storage directory /workdir/hadoop-ozone/ozonefs/target/test-dir/MiniOzoneClusterImpl-550119eb-1d26-4ec7-b74e-58480585c2d5/datanode-2/data/ratis/12fedaa5-3c45-4b46-8c1a-b82f2ac5131f does not exist. Creating ...
2019-09-25 07:29:33,893 [pool-147-thread-1] INFO  storage.RaftStorageDirectory (RaftStorageDirectory.java:tryLock(328)) - Lock on /workdir/hadoop-ozone/ozonefs/target/test-dir/MiniOzoneClusterImpl-550119eb-1d26-4ec7-b74e-58480585c2d5/datanode-2/data/ratis/12fedaa5-3c45-4b46-8c1a-b82f2ac5131f/in_use.lock acquired by nodename 17738@pr-hdds-1569-x2sr2-3486766547
2019-09-25 07:29:33,911 [pool-147-thread-1] INFO  storage.RaftStorage (RaftStorage.java:format(72)) - Storage directory /workdir/hadoop-ozone/ozonefs/target/test-dir/MiniOzoneClusterImpl-550119eb-1d26-4ec7-b74e-58480585c2d5/datanode-2/data/ratis/12fedaa5-3c45-4b46-8c1a-b82f2ac5131f has been successfully formatted.
2019-09-25 07:29:33,912 [pool-147-thread-1] INFO  ratis.ContainerStateMachine (ContainerStateMachine.java:loadSnapshot(230)) - group-B82F2AC5131F: The snapshot info is null. Setting the last applied indexto:(t:0, i:~)
2019-09-25 07:29:33,912 [pool-147-thread-1] INFO  server.RaftServerConfigKeys (ConfUtils.java:logGet(43)) - raft.server.notification.no-leader.timeout = 120s (custom)
2019-09-25 07:29:33,912 [pool-147-thread-1] INFO  server.RaftServerConfigKeys (ConfUtils.java:logGet(43)) - raft.server.log.use.memory = false (default)
2019-09-25 07:29:33,912 [pool-147-thread-1] INFO  server.RaftServerConfigKeys (ConfUtils.java:logGet(43)) - raft.server.log.purge.gap = 1000000 (custom)
2019-09-25 07:29:33,913 [pool-147-thread-1] INFO  server.RaftServerConfigKeys (ConfUtils.java:logGet(43)) - raft.server.log.appender.buffer.byte-limit = 33554432 (custom)
2019-09-25 07:29:33,913 [pool-147-thread-1] INFO  server.RaftServerConfigKeys (ConfUtils.java:logGet(43)) - raft.server.log.segment.size.max = 1048576 (custom)
2019-09-25 07:29:33,913 [pool-147-thread-1] INFO  server.RaftServerConfigKeys (ConfUtils.java:logGet(43)) - raft.server.log.segment.cache.num.max = 2 (custom)
2019-09-25 07:29:33,913 [pool-147-thread-1] INFO  segmented.SegmentedRaftLogWorker (SegmentedRaftLogWorker.java:<init>(172)) - new 942178b8-9bdf-4823-b12b-68105f0b6dcc@group-B82F2AC5131F-SegmentedRaftLogWorker for RaftStorage:Storage Directory /workdir/hadoop-ozone/ozonefs/target/test-dir/MiniOzoneClusterImpl-550119eb-1d26-4ec7-b74e-58480585c2d5/datanode-2/data/ratis/12fedaa5-3c45-4b46-8c1a-b82f2ac5131f
2019-09-25 07:29:33,913 [pool-147-thread-1] INFO  server.RaftServerConfigKeys (ConfUtils.java:logGet(43)) - raft.server.log.queue.byte-limit = 2147483647 (custom)
2019-09-25 07:29:33,913 [pool-147-thread-1] INFO  server.RaftServerConfigKeys (ConfUtils.java:logGet(43)) - raft.server.log.queue.element-limit = 1024 (custom)
2019-09-25 07:29:33,914 [pool-147-thread-1] INFO  server.RaftServerConfigKeys (ConfUtils.java:logGet(43)) - raft.server.log.segment.size.max = 1048576 (custom)
2019-09-25 07:29:33,914 [pool-147-thread-1] INFO  server.RaftServerConfigKeys (ConfUtils.java:logGet(43)) - raft.server.log.preallocated.size = 16384 (custom)
2019-09-25 07:29:33,914 [pool-147-thread-1] INFO  server.RaftServerConfigKeys (ConfUtils.java:logGet(43)) - raft.server.log.write.buffer.size = 33554432 (custom)
2019-09-25 07:29:33,914 [pool-147-thread-1] INFO  server.RaftServerConfigKeys (ConfUtils.java:logGet(43)) - raft.server.log.force.sync.num = 128 (default)
2019-09-25 07:29:33,914 [pool-147-thread-1] INFO  server.RaftServerConfigKeys (ConfUtils.java:logGet(43)) - raft.server.log.statemachine.data.sync = true (default)
2019-09-25 07:29:33,914 [pool-147-thread-1] INFO  server.RaftServerConfigKeys (ConfUtils.java:logGet(43)) - raft.server.log.statemachine.data.sync.timeout = 10s (default)
2019-09-25 07:29:33,915 [pool-147-thread-1] INFO  server.RaftServerConfigKeys (ConfUtils.java:logGet(43)) - raft.server.log.statemachine.data.sync.timeout.retry = -1 (default)
2019-09-25 07:29:33,915 [pool-147-thread-1] INFO  server.RaftServerConfigKeys (ConfUtils.java:logGet(43)) - raft.server.log.statemachine.data.caching.enabled = true (custom)
2019-09-25 07:29:33,915 [pool-147-thread-1] INFO  segmented.SegmentedRaftLogWorker (SegmentedRaftLogWorker.java:lambda$new$0(132)) - 942178b8-9bdf-4823-b12b-68105f0b6dcc@group-B82F2AC5131F-SegmentedRaftLogWorker: flushIndex: setUnconditionally 0 -> -1
2019-09-25 07:29:33,916 [pool-147-thread-1] INFO  server.RaftServerConfigKeys (ConfUtils.java:logGet(43)) - raft.server.snapshot.auto.trigger.enabled = true (custom)
2019-09-25 07:29:33,916 [pool-147-thread-1] INFO  server.RaftServerConfigKeys (ConfUtils.java:logGet(43)) - raft.server.snapshot.auto.trigger.threshold = 10000 (custom)
2019-09-25 07:29:33,916 [pool-147-thread-1] INFO  server.RaftServerConfigKeys (ConfUtils.java:logGet(43)) - raft.server.snapshot.retention.num.files = 5 (custom)
2019-09-25 07:29:33,916 [pool-147-thread-1] INFO  server.RaftServerConfigKeys (ConfUtils.java:logGet(43)) - raft.server.retrycache.expirytime = 600000ms (custom)
2019-09-25 07:29:33,918 [pool-147-thread-1] INFO  impl.RaftServerImpl (RaftServerImpl.java:start(185)) - 942178b8-9bdf-4823-b12b-68105f0b6dcc@group-B82F2AC5131F: start as a follower, conf=-1: [942178b8-9bdf-4823-b12b-68105f0b6dcc:192.168.151.106:45883], old=null
2019-09-25 07:29:33,919 [pool-147-thread-1] INFO  impl.RaftServerImpl (RaftServerImpl.java:setRole(174)) - 942178b8-9bdf-4823-b12b-68105f0b6dcc@group-B82F2AC5131F: changes role from      null to FOLLOWER at term 0 for startAsFollower
2019-09-25 07:29:33,919 [pool-147-thread-1] INFO  impl.RoleInfo (RoleInfo.java:updateAndGet(143)) - 942178b8-9bdf-4823-b12b-68105f0b6dcc: start FollowerState
2019-09-25 07:29:33,919 [pool-147-thread-1] INFO  util.JmxRegister (JmxRegister.java:tryRegister(44)) - Successfully registered JMX Bean with object name Ratis:service=RaftServer,group=group-B82F2AC5131F,id=942178b8-9bdf-4823-b12b-68105f0b6dcc
2019-09-25 07:29:33,923 [RatisPipelineUtilsThread] INFO  pipeline.PipelineStateManager (PipelineStateManager.java:addPipeline(56)) - Created pipeline Pipeline[ Id: 12fedaa5-3c45-4b46-8c1a-b82f2ac5131f, Nodes: 942178b8-9bdf-4823-b12b-68105f0b6dcc{ip: 192.168.151.106, host: pr-hdds-1569-x2sr2-3486766547, networkLocation: /default-rack, certSerialId: null}, Type:RATIS, Factor:ONE, State:OPEN]
2019-09-25 07:29:33,923 [RatisPipelineUtilsThread] INFO  pipeline.PipelinePlacementPolicy (PipelinePlacementPolicy.java:meetCriteria(91)) - Pipeline Placement: can't place more pipeline on heavy datanode： b7d5002f-68a3-48a4-8c4e-727f678e6e65 Heaviness: 6 limit: 5
2019-09-25 07:29:33,923 [RatisPipelineUtilsThread] INFO  pipeline.PipelinePlacementPolicy (PipelinePlacementPolicy.java:meetCriteria(91)) - Pipeline Placement: can't place more pipeline on heavy datanode： aa97873c-9bae-4a89-a297-61bb6211fe8e Heaviness: 6 limit: 5
2019-09-25 07:29:33,930 [grpc-default-executor-0] INFO  impl.RaftServerProxy (RaftServerProxy.java:addNew(89)) - 942178b8-9bdf-4823-b12b-68105f0b6dcc: addNew group-51DF99305902:[942178b8-9bdf-4823-b12b-68105f0b6dcc:192.168.151.106:45883] returns group-51DF99305902:java.util.concurrent.CompletableFuture@33c43e04[Not completed]
2019-09-25 07:29:33,931 [pool-147-thread-1] INFO  impl.RaftServerImpl (RaftServerImpl.java:<init>(95)) - 942178b8-9bdf-4823-b12b-68105f0b6dcc: new RaftServerImpl for group-51DF99305902:[942178b8-9bdf-4823-b12b-68105f0b6dcc:192.168.151.106:45883] with ContainerStateMachine:uninitialized
2019-09-25 07:29:33,931 [pool-147-thread-1] INFO  server.RaftServerConfigKeys (ConfUtils.java:logGet(43)) - raft.server.rpc.timeout.min = 5s (custom)
2019-09-25 07:29:33,931 [pool-147-thread-1] INFO  server.RaftServerConfigKeys (ConfUtils.java:logGet(43)) - raft.server.rpc.timeout.max = 5200ms (custom)
2019-09-25 07:29:33,931 [pool-147-thread-1] INFO  server.RaftServerConfigKeys (ConfUtils.java:logGet(43)) - raft.server.rpcslowness.timeout = 120s (custom)
2019-09-25 07:29:33,931 [pool-147-thread-1] INFO  server.RaftServerConfigKeys (ConfUtils.java:logGet(43)) - raft.server.sleep.deviation.threshold = 300 (default)
2019-09-25 07:29:33,931 [pool-147-thread-1] INFO  server.RaftServerConfigKeys (ConfUtils.java:logGet(43)) - raft.server.log.appender.install.snapshot.enabled = false (custom)
2019-09-25 07:29:33,932 [pool-147-thread-1] INFO  impl.RaftServerImpl (ServerState.java:<init>(103)) - 942178b8-9bdf-4823-b12b-68105f0b6dcc@group-51DF99305902: ConfigurationManager, init=-1: [942178b8-9bdf-4823-b12b-68105f0b6dcc:192.168.151.106:45883], old=null, confs=<EMPTY_MAP>
2019-09-25 07:29:33,932 [pool-147-thread-1] INFO  server.RaftServerConfigKeys (ConfUtils.java:logGet(43)) - raft.server.storage.dir = [/workdir/hadoop-ozone/ozonefs/target/test-dir/MiniOzoneClusterImpl-550119eb-1d26-4ec7-b74e-58480585c2d5/datanode-2/data/ratis] (custom)
2019-09-25 07:29:33,932 [pool-147-thread-1] INFO  storage.RaftStorageDirectory (RaftStorageDirectory.java:analyzeStorage(246)) - The storage directory /workdir/hadoop-ozone/ozonefs/target/test-dir/MiniOzoneClusterImpl-550119eb-1d26-4ec7-b74e-58480585c2d5/datanode-2/data/ratis/2b99e14c-09a9-4225-8471-51df99305902 does not exist. Creating ...
2019-09-25 07:29:33,957 [pool-147-thread-1] INFO  storage.RaftStorageDirectory (RaftStorageDirectory.java:tryLock(328)) - Lock on /workdir/hadoop-ozone/ozonefs/target/test-dir/MiniOzoneClusterImpl-550119eb-1d26-4ec7-b74e-58480585c2d5/datanode-2/data/ratis/2b99e14c-09a9-4225-8471-51df99305902/in_use.lock acquired by nodename 17738@pr-hdds-1569-x2sr2-3486766547
2019-09-25 07:29:33,970 [pool-147-thread-1] INFO  storage.RaftStorage (RaftStorage.java:format(72)) - Storage directory /workdir/hadoop-ozone/ozonefs/target/test-dir/MiniOzoneClusterImpl-550119eb-1d26-4ec7-b74e-58480585c2d5/datanode-2/data/ratis/2b99e14c-09a9-4225-8471-51df99305902 has been successfully formatted.
2019-09-25 07:29:33,970 [pool-147-thread-1] INFO  ratis.ContainerStateMachine (ContainerStateMachine.java:loadSnapshot(230)) - group-51DF99305902: The snapshot info is null. Setting the last applied indexto:(t:0, i:~)
2019-09-25 07:29:33,971 [pool-147-thread-1] INFO  server.RaftServerConfigKeys (ConfUtils.java:logGet(43)) - raft.server.notification.no-leader.timeout = 120s (custom)
2019-09-25 07:29:33,971 [pool-147-thread-1] INFO  server.RaftServerConfigKeys (ConfUtils.java:logGet(43)) - raft.server.log.use.memory = false (default)
2019-09-25 07:29:33,971 [pool-147-thread-1] INFO  server.RaftServerConfigKeys (ConfUtils.java:logGet(43)) - raft.server.log.purge.gap = 1000000 (custom)
2019-09-25 07:29:33,971 [pool-147-thread-1] INFO  server.RaftServerConfigKeys (ConfUtils.java:logGet(43)) - raft.server.log.appender.buffer.byte-limit = 33554432 (custom)
2019-09-25 07:29:33,971 [pool-147-thread-1] INFO  server.RaftServerConfigKeys (ConfUtils.java:logGet(43)) - raft.server.log.segment.size.max = 1048576 (custom)
2019-09-25 07:29:33,971 [pool-147-thread-1] INFO  server.RaftServerConfigKeys (ConfUtils.java:logGet(43)) - raft.server.log.segment.cache.num.max = 2 (custom)
2019-09-25 07:29:33,972 [pool-147-thread-1] INFO  segmented.SegmentedRaftLogWorker (SegmentedRaftLogWorker.java:<init>(172)) - new 942178b8-9bdf-4823-b12b-68105f0b6dcc@group-51DF99305902-SegmentedRaftLogWorker for RaftStorage:Storage Directory /workdir/hadoop-ozone/ozonefs/target/test-dir/MiniOzoneClusterImpl-550119eb-1d26-4ec7-b74e-58480585c2d5/datanode-2/data/ratis/2b99e14c-09a9-4225-8471-51df99305902
2019-09-25 07:29:33,972 [pool-147-thread-1] INFO  server.RaftServerConfigKeys (ConfUtils.java:logGet(43)) - raft.server.log.queue.byte-limit = 2147483647 (custom)
2019-09-25 07:29:33,972 [pool-147-thread-1] INFO  server.RaftServerConfigKeys (ConfUtils.java:logGet(43)) - raft.server.log.queue.element-limit = 1024 (custom)
2019-09-25 07:29:33,972 [pool-147-thread-1] INFO  server.RaftServerConfigKeys (ConfUtils.java:logGet(43)) - raft.server.log.segment.size.max = 1048576 (custom)
2019-09-25 07:29:33,972 [pool-147-thread-1] INFO  server.RaftServerConfigKeys (ConfUtils.java:logGet(43)) - raft.server.log.preallocated.size = 16384 (custom)
2019-09-25 07:29:33,972 [pool-147-thread-1] INFO  server.RaftServerConfigKeys (ConfUtils.java:logGet(43)) - raft.server.log.write.buffer.size = 33554432 (custom)
2019-09-25 07:29:33,973 [pool-147-thread-1] INFO  server.RaftServerConfigKeys (ConfUtils.java:logGet(43)) - raft.server.log.force.sync.num = 128 (default)
2019-09-25 07:29:33,973 [pool-147-thread-1] INFO  server.RaftServerConfigKeys (ConfUtils.java:logGet(43)) - raft.server.log.statemachine.data.sync = true (default)
2019-09-25 07:29:33,973 [pool-147-thread-1] INFO  server.RaftServerConfigKeys (ConfUtils.java:logGet(43)) - raft.server.log.statemachine.data.sync.timeout = 10s (default)
2019-09-25 07:29:33,973 [pool-147-thread-1] INFO  server.RaftServerConfigKeys (ConfUtils.java:logGet(43)) - raft.server.log.statemachine.data.sync.timeout.retry = -1 (default)
2019-09-25 07:29:33,973 [pool-147-thread-1] INFO  server.RaftServerConfigKeys (ConfUtils.java:logGet(43)) - raft.server.log.statemachine.data.caching.enabled = true (custom)
2019-09-25 07:29:33,974 [pool-147-thread-1] INFO  segmented.SegmentedRaftLogWorker (SegmentedRaftLogWorker.java:lambda$new$0(132)) - 942178b8-9bdf-4823-b12b-68105f0b6dcc@group-51DF99305902-SegmentedRaftLogWorker: flushIndex: setUnconditionally 0 -> -1
2019-09-25 07:29:33,974 [pool-147-thread-1] INFO  server.RaftServerConfigKeys (ConfUtils.java:logGet(43)) - raft.server.snapshot.auto.trigger.enabled = true (custom)
2019-09-25 07:29:33,974 [pool-147-thread-1] INFO  server.RaftServerConfigKeys (ConfUtils.java:logGet(43)) - raft.server.snapshot.auto.trigger.threshold = 10000 (custom)
2019-09-25 07:29:33,974 [pool-147-thread-1] INFO  server.RaftServerConfigKeys (ConfUtils.java:logGet(43)) - raft.server.snapshot.retention.num.files = 5 (custom)
2019-09-25 07:29:33,975 [pool-147-thread-1] INFO  server.RaftServerConfigKeys (ConfUtils.java:logGet(43)) - raft.server.retrycache.expirytime = 600000ms (custom)
2019-09-25 07:29:33,977 [pool-147-thread-1] INFO  impl.RaftServerImpl (RaftServerImpl.java:start(185)) - 942178b8-9bdf-4823-b12b-68105f0b6dcc@group-51DF99305902: start as a follower, conf=-1: [942178b8-9bdf-4823-b12b-68105f0b6dcc:192.168.151.106:45883], old=null
2019-09-25 07:29:33,977 [pool-147-thread-1] INFO  impl.RaftServerImpl (RaftServerImpl.java:setRole(174)) - 942178b8-9bdf-4823-b12b-68105f0b6dcc@group-51DF99305902: changes role from      null to FOLLOWER at term 0 for startAsFollower
2019-09-25 07:29:33,977 [pool-147-thread-1] INFO  impl.RoleInfo (RoleInfo.java:updateAndGet(143)) - 942178b8-9bdf-4823-b12b-68105f0b6dcc: start FollowerState
2019-09-25 07:29:33,978 [pool-147-thread-1] INFO  util.JmxRegister (JmxRegister.java:tryRegister(44)) - Successfully registered JMX Bean with object name Ratis:service=RaftServer,group=group-51DF99305902,id=942178b8-9bdf-4823-b12b-68105f0b6dcc
2019-09-25 07:29:33,981 [RatisPipelineUtilsThread] INFO  pipeline.PipelineStateManager (PipelineStateManager.java:addPipeline(56)) - Created pipeline Pipeline[ Id: 2b99e14c-09a9-4225-8471-51df99305902, Nodes: 942178b8-9bdf-4823-b12b-68105f0b6dcc{ip: 192.168.151.106, host: pr-hdds-1569-x2sr2-3486766547, networkLocation: /default-rack, certSerialId: null}, Type:RATIS, Factor:ONE, State:OPEN]
2019-09-25 07:29:33,981 [RatisPipelineUtilsThread] INFO  pipeline.PipelinePlacementPolicy (PipelinePlacementPolicy.java:meetCriteria(91)) - Pipeline Placement: can't place more pipeline on heavy datanode： b7d5002f-68a3-48a4-8c4e-727f678e6e65 Heaviness: 6 limit: 5
2019-09-25 07:29:33,981 [RatisPipelineUtilsThread] INFO  pipeline.PipelinePlacementPolicy (PipelinePlacementPolicy.java:meetCriteria(91)) - Pipeline Placement: can't place more pipeline on heavy datanode： 942178b8-9bdf-4823-b12b-68105f0b6dcc Heaviness: 6 limit: 5
2019-09-25 07:29:33,981 [RatisPipelineUtilsThread] INFO  pipeline.PipelinePlacementPolicy (PipelinePlacementPolicy.java:meetCriteria(91)) - Pipeline Placement: can't place more pipeline on heavy datanode： aa97873c-9bae-4a89-a297-61bb6211fe8e Heaviness: 6 limit: 5
2019-09-25 07:29:33,982 [RatisPipelineUtilsThread] ERROR pipeline.PipelinePlacementPolicy (PipelinePlacementPolicy.java:filterViableNodes(148)) - Unable to find enough nodes that meet the criteria that cannot engage in more than 5 pipelines. Nodes required: 1 Found: 0, healthy nodes count inNodeManager: 3.
2019-09-25 07:29:33,982 [RatisPipelineUtilsThread] ERROR pipeline.SCMPipelineManager (SCMPipelineManager.java:createPipeline(167)) - Pipeline creation failed.
org.apache.hadoop.hdds.scm.exceptions.SCMException: Unable to find enough nodes that meet the criteria that cannot engage in more than 5 pipelines. Nodes required: 1 Found: 0, healthy nodes count inNodeManager: 3.
	at org.apache.hadoop.hdds.scm.pipeline.PipelinePlacementPolicy.filterViableNodes(PipelinePlacementPolicy.java:149)
	at org.apache.hadoop.hdds.scm.pipeline.PipelinePlacementPolicy.chooseDatanodes(PipelinePlacementPolicy.java:172)
	at org.apache.hadoop.hdds.scm.pipeline.RatisPipelineProvider.create(RatisPipelineProvider.java:93)
	at org.apache.hadoop.hdds.scm.pipeline.PipelineFactory.create(PipelineFactory.java:58)
	at org.apache.hadoop.hdds.scm.pipeline.SCMPipelineManager.createPipeline(SCMPipelineManager.java:155)
	at org.apache.hadoop.hdds.scm.pipeline.BackgroundPipelineCreator.createPipelines(BackgroundPipelineCreator.java:99)
	at java.util.concurrent.Executors$RunnableAdapter.call(Executors.java:511)
	at java.util.concurrent.FutureTask.run(FutureTask.java:266)
	at java.util.concurrent.ScheduledThreadPoolExecutor$ScheduledFutureTask.access$201(ScheduledThreadPoolExecutor.java:180)
	at java.util.concurrent.ScheduledThreadPoolExecutor$ScheduledFutureTask.run(ScheduledThreadPoolExecutor.java:293)
	at java.util.concurrent.ThreadPoolExecutor.runWorker(ThreadPoolExecutor.java:1149)
	at java.util.concurrent.ThreadPoolExecutor$Worker.run(ThreadPoolExecutor.java:624)
	at java.lang.Thread.run(Thread.java:748)
2019-09-25 07:29:33,983 [RatisPipelineUtilsThread] INFO  pipeline.PipelinePlacementPolicy (PipelinePlacementPolicy.java:meetCriteria(91)) - Pipeline Placement: can't place more pipeline on heavy datanode： b7d5002f-68a3-48a4-8c4e-727f678e6e65 Heaviness: 6 limit: 5
2019-09-25 07:29:33,983 [RatisPipelineUtilsThread] INFO  pipeline.PipelinePlacementPolicy (PipelinePlacementPolicy.java:meetCriteria(91)) - Pipeline Placement: can't place more pipeline on heavy datanode： 942178b8-9bdf-4823-b12b-68105f0b6dcc Heaviness: 6 limit: 5
2019-09-25 07:29:33,983 [RatisPipelineUtilsThread] INFO  pipeline.PipelinePlacementPolicy (PipelinePlacementPolicy.java:meetCriteria(91)) - Pipeline Placement: can't place more pipeline on heavy datanode： aa97873c-9bae-4a89-a297-61bb6211fe8e Heaviness: 6 limit: 5
2019-09-25 07:29:33,983 [RatisPipelineUtilsThread] ERROR pipeline.PipelinePlacementPolicy (PipelinePlacementPolicy.java:filterViableNodes(148)) - Unable to find enough nodes that meet the criteria that cannot engage in more than 5 pipelines. Nodes required: 3 Found: 0, healthy nodes count inNodeManager: 3.
2019-09-25 07:29:33,984 [RatisPipelineUtilsThread] ERROR pipeline.SCMPipelineManager (SCMPipelineManager.java:createPipeline(167)) - Pipeline creation failed.
org.apache.hadoop.hdds.scm.exceptions.SCMException: Unable to find enough nodes that meet the criteria that cannot engage in more than 5 pipelines. Nodes required: 3 Found: 0, healthy nodes count inNodeManager: 3.
	at org.apache.hadoop.hdds.scm.pipeline.PipelinePlacementPolicy.filterViableNodes(PipelinePlacementPolicy.java:149)
	at org.apache.hadoop.hdds.scm.pipeline.PipelinePlacementPolicy.chooseDatanodes(PipelinePlacementPolicy.java:172)
	at org.apache.hadoop.hdds.scm.pipeline.RatisPipelineProvider.create(RatisPipelineProvider.java:93)
	at org.apache.hadoop.hdds.scm.pipeline.PipelineFactory.create(PipelineFactory.java:58)
	at org.apache.hadoop.hdds.scm.pipeline.SCMPipelineManager.createPipeline(SCMPipelineManager.java:155)
	at org.apache.hadoop.hdds.scm.pipeline.BackgroundPipelineCreator.createPipelines(BackgroundPipelineCreator.java:99)
	at java.util.concurrent.Executors$RunnableAdapter.call(Executors.java:511)
	at java.util.concurrent.FutureTask.run(FutureTask.java:266)
	at java.util.concurrent.ScheduledThreadPoolExecutor$ScheduledFutureTask.access$201(ScheduledThreadPoolExecutor.java:180)
	at java.util.concurrent.ScheduledThreadPoolExecutor$ScheduledFutureTask.run(ScheduledThreadPoolExecutor.java:293)
	at java.util.concurrent.ThreadPoolExecutor.runWorker(ThreadPoolExecutor.java:1149)
	at java.util.concurrent.ThreadPoolExecutor$Worker.run(ThreadPoolExecutor.java:624)
	at java.lang.Thread.run(Thread.java:748)
2019-09-25 07:29:33,984 [RatisPipelineUtilsThread] INFO  pipeline.PipelinePlacementPolicy (PipelinePlacementPolicy.java:meetCriteria(91)) - Pipeline Placement: can't place more pipeline on heavy datanode： b7d5002f-68a3-48a4-8c4e-727f678e6e65 Heaviness: 6 limit: 5
2019-09-25 07:29:33,984 [RatisPipelineUtilsThread] INFO  pipeline.PipelinePlacementPolicy (PipelinePlacementPolicy.java:meetCriteria(91)) - Pipeline Placement: can't place more pipeline on heavy datanode： 942178b8-9bdf-4823-b12b-68105f0b6dcc Heaviness: 6 limit: 5
2019-09-25 07:29:33,985 [RatisPipelineUtilsThread] INFO  pipeline.PipelinePlacementPolicy (PipelinePlacementPolicy.java:meetCriteria(91)) - Pipeline Placement: can't place more pipeline on heavy datanode： aa97873c-9bae-4a89-a297-61bb6211fe8e Heaviness: 6 limit: 5
2019-09-25 07:29:33,985 [RatisPipelineUtilsThread] ERROR pipeline.PipelinePlacementPolicy (PipelinePlacementPolicy.java:filterViableNodes(148)) - Unable to find enough nodes that meet the criteria that cannot engage in more than 5 pipelines. Nodes required: 1 Found: 0, healthy nodes count inNodeManager: 3.
2019-09-25 07:29:33,985 [RatisPipelineUtilsThread] ERROR pipeline.SCMPipelineManager (SCMPipelineManager.java:createPipeline(167)) - Pipeline creation failed.
org.apache.hadoop.hdds.scm.exceptions.SCMException: Unable to find enough nodes that meet the criteria that cannot engage in more than 5 pipelines. Nodes required: 1 Found: 0, healthy nodes count inNodeManager: 3.
	at org.apache.hadoop.hdds.scm.pipeline.PipelinePlacementPolicy.filterViableNodes(PipelinePlacementPolicy.java:149)
	at org.apache.hadoop.hdds.scm.pipeline.PipelinePlacementPolicy.chooseDatanodes(PipelinePlacementPolicy.java:172)
	at org.apache.hadoop.hdds.scm.pipeline.RatisPipelineProvider.create(RatisPipelineProvider.java:93)
	at org.apache.hadoop.hdds.scm.pipeline.PipelineFactory.create(PipelineFactory.java:58)
	at org.apache.hadoop.hdds.scm.pipeline.SCMPipelineManager.createPipeline(SCMPipelineManager.java:155)
	at org.apache.hadoop.hdds.scm.pipeline.BackgroundPipelineCreator.createPipelines(BackgroundPipelineCreator.java:99)
	at org.apache.hadoop.hdds.scm.pipeline.BackgroundPipelineCreator.lambda$startFixedIntervalPipelineCreator$0(BackgroundPipelineCreator.java:70)
	at java.util.concurrent.Executors$RunnableAdapter.call(Executors.java:511)
	at java.util.concurrent.FutureTask.runAndReset(FutureTask.java:308)
	at java.util.concurrent.ScheduledThreadPoolExecutor$ScheduledFutureTask.access$301(ScheduledThreadPoolExecutor.java:180)
	at java.util.concurrent.ScheduledThreadPoolExecutor$ScheduledFutureTask.run(ScheduledThreadPoolExecutor.java:294)
	at java.util.concurrent.ThreadPoolExecutor.runWorker(ThreadPoolExecutor.java:1149)
	at java.util.concurrent.ThreadPoolExecutor$Worker.run(ThreadPoolExecutor.java:624)
	at java.lang.Thread.run(Thread.java:748)
2019-09-25 07:29:33,985 [RatisPipelineUtilsThread] INFO  pipeline.PipelinePlacementPolicy (PipelinePlacementPolicy.java:meetCriteria(91)) - Pipeline Placement: can't place more pipeline on heavy datanode： b7d5002f-68a3-48a4-8c4e-727f678e6e65 Heaviness: 6 limit: 5
2019-09-25 07:29:33,986 [RatisPipelineUtilsThread] INFO  pipeline.PipelinePlacementPolicy (PipelinePlacementPolicy.java:meetCriteria(91)) - Pipeline Placement: can't place more pipeline on heavy datanode： 942178b8-9bdf-4823-b12b-68105f0b6dcc Heaviness: 6 limit: 5
2019-09-25 07:29:33,986 [RatisPipelineUtilsThread] INFO  pipeline.PipelinePlacementPolicy (PipelinePlacementPolicy.java:meetCriteria(91)) - Pipeline Placement: can't place more pipeline on heavy datanode： aa97873c-9bae-4a89-a297-61bb6211fe8e Heaviness: 6 limit: 5
2019-09-25 07:29:33,986 [RatisPipelineUtilsThread] ERROR pipeline.PipelinePlacementPolicy (PipelinePlacementPolicy.java:filterViableNodes(148)) - Unable to find enough nodes that meet the criteria that cannot engage in more than 5 pipelines. Nodes required: 3 Found: 0, healthy nodes count inNodeManager: 3.
2019-09-25 07:29:33,986 [RatisPipelineUtilsThread] ERROR pipeline.SCMPipelineManager (SCMPipelineManager.java:createPipeline(167)) - Pipeline creation failed.
org.apache.hadoop.hdds.scm.exceptions.SCMException: Unable to find enough nodes that meet the criteria that cannot engage in more than 5 pipelines. Nodes required: 3 Found: 0, healthy nodes count inNodeManager: 3.
	at org.apache.hadoop.hdds.scm.pipeline.PipelinePlacementPolicy.filterViableNodes(PipelinePlacementPolicy.java:149)
	at org.apache.hadoop.hdds.scm.pipeline.PipelinePlacementPolicy.chooseDatanodes(PipelinePlacementPolicy.java:172)
	at org.apache.hadoop.hdds.scm.pipeline.RatisPipelineProvider.create(RatisPipelineProvider.java:93)
	at org.apache.hadoop.hdds.scm.pipeline.PipelineFactory.create(PipelineFactory.java:58)
	at org.apache.hadoop.hdds.scm.pipeline.SCMPipelineManager.createPipeline(SCMPipelineManager.java:155)
	at org.apache.hadoop.hdds.scm.pipeline.BackgroundPipelineCreator.createPipelines(BackgroundPipelineCreator.java:99)
	at org.apache.hadoop.hdds.scm.pipeline.BackgroundPipelineCreator.lambda$startFixedIntervalPipelineCreator$0(BackgroundPipelineCreator.java:70)
	at java.util.concurrent.Executors$RunnableAdapter.call(Executors.java:511)
	at java.util.concurrent.FutureTask.runAndReset(FutureTask.java:308)
	at java.util.concurrent.ScheduledThreadPoolExecutor$ScheduledFutureTask.access$301(ScheduledThreadPoolExecutor.java:180)
	at java.util.concurrent.ScheduledThreadPoolExecutor$ScheduledFutureTask.run(ScheduledThreadPoolExecutor.java:294)
	at java.util.concurrent.ThreadPoolExecutor.runWorker(ThreadPoolExecutor.java:1149)
	at java.util.concurrent.ThreadPoolExecutor$Worker.run(ThreadPoolExecutor.java:624)
	at java.lang.Thread.run(Thread.java:748)
2019-09-25 07:29:34,015 [Thread-539] INFO  ozone.MiniOzoneClusterImpl (MiniOzoneClusterImpl.java:lambda$waitForClusterToBeReady$0(147)) - Cluster is ready. Got 3 of 3 DN Heartbeats.
2019-09-25 07:29:34,070 [Thread-539] INFO  rpc.RpcClient (RpcClient.java:createVolume(276)) - Creating Volume: volume95618, with user89888 as owner.
2019-09-25 07:29:34,075 [IPC Server handler 1 on 36567] INFO  volume.OMVolumeCreateRequest (OMVolumeCreateRequest.java:validateAndUpdateCache(189)) - created volume:volume95618 for user:user89888
2019-09-25 07:29:34,090 [Thread-539] INFO  rpc.RpcClient (RpcClient.java:createBucket(415)) - Creating Bucket: volume95618/bucket12925, with Versioning false and Storage Type set to DISK and Encryption set to false 
2019-09-25 07:29:34,181 [IPC Server handler 1 on 46258] INFO  pipeline.PipelinePlacementPolicy (PipelinePlacementPolicy.java:meetCriteria(91)) - Pipeline Placement: can't place more pipeline on heavy datanode： b7d5002f-68a3-48a4-8c4e-727f678e6e65 Heaviness: 6 limit: 5
2019-09-25 07:29:34,182 [IPC Server handler 1 on 46258] INFO  pipeline.PipelinePlacementPolicy (PipelinePlacementPolicy.java:meetCriteria(91)) - Pipeline Placement: can't place more pipeline on heavy datanode： 942178b8-9bdf-4823-b12b-68105f0b6dcc Heaviness: 6 limit: 5
2019-09-25 07:29:34,182 [IPC Server handler 1 on 46258] INFO  pipeline.PipelinePlacementPolicy (PipelinePlacementPolicy.java:meetCriteria(91)) - Pipeline Placement: can't place more pipeline on heavy datanode： aa97873c-9bae-4a89-a297-61bb6211fe8e Heaviness: 6 limit: 5
2019-09-25 07:29:34,182 [IPC Server handler 1 on 46258] ERROR pipeline.PipelinePlacementPolicy (PipelinePlacementPolicy.java:filterViableNodes(148)) - Unable to find enough nodes that meet the criteria that cannot engage in more than 5 pipelines. Nodes required: 3 Found: 0, healthy nodes count inNodeManager: 3.
2019-09-25 07:29:34,182 [IPC Server handler 1 on 46258] ERROR pipeline.SCMPipelineManager (SCMPipelineManager.java:createPipeline(167)) - Pipeline creation failed.
org.apache.hadoop.hdds.scm.exceptions.SCMException: Unable to find enough nodes that meet the criteria that cannot engage in more than 5 pipelines. Nodes required: 3 Found: 0, healthy nodes count inNodeManager: 3.
	at org.apache.hadoop.hdds.scm.pipeline.PipelinePlacementPolicy.filterViableNodes(PipelinePlacementPolicy.java:149)
	at org.apache.hadoop.hdds.scm.pipeline.PipelinePlacementPolicy.chooseDatanodes(PipelinePlacementPolicy.java:172)
	at org.apache.hadoop.hdds.scm.pipeline.RatisPipelineProvider.create(RatisPipelineProvider.java:93)
	at org.apache.hadoop.hdds.scm.pipeline.PipelineFactory.create(PipelineFactory.java:58)
	at org.apache.hadoop.hdds.scm.pipeline.SCMPipelineManager.createPipeline(SCMPipelineManager.java:155)
	at org.apache.hadoop.hdds.scm.block.BlockManagerImpl.allocateBlock(BlockManagerImpl.java:190)
	at org.apache.hadoop.hdds.scm.server.SCMBlockProtocolServer.allocateBlock(SCMBlockProtocolServer.java:182)
	at org.apache.hadoop.ozone.protocolPB.ScmBlockLocationProtocolServerSideTranslatorPB.allocateScmBlock(ScmBlockLocationProtocolServerSideTranslatorPB.java:183)
	at org.apache.hadoop.ozone.protocolPB.ScmBlockLocationProtocolServerSideTranslatorPB.processMessage(ScmBlockLocationProtocolServerSideTranslatorPB.java:141)
	at org.apache.hadoop.ozone.protocolPB.ScmBlockLocationProtocolServerSideTranslatorPB.send(ScmBlockLocationProtocolServerSideTranslatorPB.java:116)
	at org.apache.hadoop.hdds.protocol.proto.ScmBlockLocationProtocolProtos$ScmBlockLocationProtocolService$2.callBlockingMethod(ScmBlockLocationProtocolProtos.java:13157)
	at org.apache.hadoop.ipc.ProtobufRpcEngine$Server$ProtoBufRpcInvoker.call(ProtobufRpcEngine.java:524)
	at org.apache.hadoop.ipc.RPC$Server.call(RPC.java:1025)
	at org.apache.hadoop.ipc.Server$RpcCall.run(Server.java:876)
	at org.apache.hadoop.ipc.Server$RpcCall.run(Server.java:822)
	at java.security.AccessController.doPrivileged(Native Method)
	at javax.security.auth.Subject.doAs(Subject.java:422)
	at org.apache.hadoop.security.UserGroupInformation.doAs(UserGroupInformation.java:1730)
	at org.apache.hadoop.ipc.Server$Handler.run(Server.java:2682)
2019-09-25 07:29:34,183 [IPC Server handler 1 on 46258] WARN  block.BlockManagerImpl (BlockManagerImpl.java:allocateBlock(192)) - Pipeline creation failed for type:RATIS factor:THREE. Retrying get pipelines call once.
org.apache.hadoop.hdds.scm.exceptions.SCMException: Unable to find enough nodes that meet the criteria that cannot engage in more than 5 pipelines. Nodes required: 3 Found: 0, healthy nodes count inNodeManager: 3.
	at org.apache.hadoop.hdds.scm.pipeline.PipelinePlacementPolicy.filterViableNodes(PipelinePlacementPolicy.java:149)
	at org.apache.hadoop.hdds.scm.pipeline.PipelinePlacementPolicy.chooseDatanodes(PipelinePlacementPolicy.java:172)
	at org.apache.hadoop.hdds.scm.pipeline.RatisPipelineProvider.create(RatisPipelineProvider.java:93)
	at org.apache.hadoop.hdds.scm.pipeline.PipelineFactory.create(PipelineFactory.java:58)
	at org.apache.hadoop.hdds.scm.pipeline.SCMPipelineManager.createPipeline(SCMPipelineManager.java:155)
	at org.apache.hadoop.hdds.scm.block.BlockManagerImpl.allocateBlock(BlockManagerImpl.java:190)
	at org.apache.hadoop.hdds.scm.server.SCMBlockProtocolServer.allocateBlock(SCMBlockProtocolServer.java:182)
	at org.apache.hadoop.ozone.protocolPB.ScmBlockLocationProtocolServerSideTranslatorPB.allocateScmBlock(ScmBlockLocationProtocolServerSideTranslatorPB.java:183)
	at org.apache.hadoop.ozone.protocolPB.ScmBlockLocationProtocolServerSideTranslatorPB.processMessage(ScmBlockLocationProtocolServerSideTranslatorPB.java:141)
	at org.apache.hadoop.ozone.protocolPB.ScmBlockLocationProtocolServerSideTranslatorPB.send(ScmBlockLocationProtocolServerSideTranslatorPB.java:116)
	at org.apache.hadoop.hdds.protocol.proto.ScmBlockLocationProtocolProtos$ScmBlockLocationProtocolService$2.callBlockingMethod(ScmBlockLocationProtocolProtos.java:13157)
	at org.apache.hadoop.ipc.ProtobufRpcEngine$Server$ProtoBufRpcInvoker.call(ProtobufRpcEngine.java:524)
	at org.apache.hadoop.ipc.RPC$Server.call(RPC.java:1025)
	at org.apache.hadoop.ipc.Server$RpcCall.run(Server.java:876)
	at org.apache.hadoop.ipc.Server$RpcCall.run(Server.java:822)
	at java.security.AccessController.doPrivileged(Native Method)
	at javax.security.auth.Subject.doAs(Subject.java:422)
	at org.apache.hadoop.security.UserGroupInformation.doAs(UserGroupInformation.java:1730)
	at org.apache.hadoop.ipc.Server$Handler.run(Server.java:2682)
2019-09-25 07:29:34,183 [IPC Server handler 1 on 46258] INFO  block.BlockManagerImpl (BlockManagerImpl.java:allocateBlock(198)) - Could not find available pipeline of type:RATIS and factor:THREE even after retrying
2019-09-25 07:29:34,183 [IPC Server handler 1 on 46258] ERROR block.BlockManagerImpl (BlockManagerImpl.java:allocateBlock(222)) - Unable to allocate a block for the size: 4194304, type: RATIS, factor: THREE
2019-09-25 07:29:34,192 [Thread-539] INFO  ozone.MiniOzoneClusterImpl (MiniOzoneClusterImpl.java:shutdown(314)) - Shutting down the Mini Ozone Cluster
2019-09-25 07:29:34,192 [Thread-539] INFO  ozone.MiniOzoneClusterImpl (MiniOzoneClusterImpl.java:stop(330)) - Stopping the Mini Ozone Cluster
2019-09-25 07:29:34,192 [Thread-539] INFO  ozone.MiniOzoneClusterImpl (MiniOzoneClusterImpl.java:stopOM(400)) - Stopping the OzoneManager
2019-09-25 07:29:34,192 [Thread-539] INFO  ipc.Server (Server.java:stop(3082)) - Stopping server on 36567
2019-09-25 07:29:34,196 [IPC Server listener on 36567] INFO  ipc.Server (Server.java:run(1185)) - Stopping IPC Server listener on 36567
2019-09-25 07:29:34,196 [IPC Server Responder] INFO  ipc.Server (Server.java:run(1319)) - Stopping IPC Server Responder
2019-09-25 07:29:34,196 [Thread-539] INFO  ratis.OzoneManagerDoubleBuffer (OzoneManagerDoubleBuffer.java:stop(248)) - Stopping OMDoubleBuffer flush thread
2019-09-25 07:29:34,199 [OMDoubleBufferFlushThread] INFO  ratis.OzoneManagerDoubleBuffer (OzoneManagerDoubleBuffer.java:flushTransactions(191)) - OMDoubleBuffer flush thread OMDoubleBufferFlushThread is interrupted and will exit. OMDoubleBufferFlushThread
2019-09-25 07:29:34,199 [Thread-539] INFO  utils.BackgroundService (BackgroundService.java:shutdown(148)) - Shutting down service KeyDeletingService
2019-09-25 07:29:34,201 [Thread-539] INFO  handler.ContextHandler (ContextHandler.java:doStop(910)) - Stopped o.e.j.w.WebAppContext@77869082{/,null,UNAVAILABLE}{/ozoneManager}
2019-09-25 07:29:34,202 [Thread-539] INFO  server.AbstractConnector (AbstractConnector.java:doStop(318)) - Stopped ServerConnector@1a8e76a8{HTTP/1.1,[http/1.1]}{0.0.0.0:0}
2019-09-25 07:29:34,203 [Thread-539] INFO  handler.ContextHandler (ContextHandler.java:doStop(910)) - Stopped o.e.j.s.ServletContextHandler@773c5c48{/static,jar:file:/home/user/.m2/repository/org/apache/hadoop/hadoop-ozone-ozone-manager/0.5.0-SNAPSHOT/hadoop-ozone-ozone-manager-0.5.0-SNAPSHOT.jar!/webapps/static,UNAVAILABLE}
2019-09-25 07:29:34,203 [Thread-539] INFO  handler.ContextHandler (ContextHandler.java:doStop(910)) - Stopped o.e.j.s.ServletContextHandler@151f2869{/logs,file:///workdir/hadoop-ozone/ozonefs/target/log,UNAVAILABLE}
2019-09-25 07:29:34,205 [Thread-539] INFO  ozone.MiniOzoneClusterImpl (MiniOzoneClusterImpl.java:stopDatanodes(377)) - Stopping the HddsDatanodes
2019-09-25 07:29:34,880 [Datanode State Machine Thread - 0] INFO  statemachine.DatanodeStateMachine (DatanodeStateMachine.java:lambda$startDaemon$0(350)) - Ozone container server started.
2019-09-25 07:29:34,951 [Datanode State Machine Thread - 0] INFO  statemachine.DatanodeStateMachine (DatanodeStateMachine.java:lambda$startDaemon$0(350)) - Ozone container server started.
2019-09-25 07:29:35,894 [Thread-711] INFO  container.ReplicationManager (ReplicationManager.java:start(163)) - Starting Replication Monitor Thread.
2019-09-25 07:29:35,897 [ReplicationMonitor] INFO  container.ReplicationManager (ReplicationManager.java:run(226)) - Replication Monitor Thread took 0 milliseconds for processing 0 containers.
2019-09-25 07:29:38,049 [Thread-713] INFO  impl.FollowerState (FollowerState.java:run(106)) - aa97873c-9bae-4a89-a297-61bb6211fe8e:group-A67020C3A41D changes to CANDIDATE, lastRpcTime:5058, electionTimeout:5058ms
2019-09-25 07:29:38,050 [Thread-713] INFO  impl.RoleInfo (RoleInfo.java:shutdownFollowerState(121)) - aa97873c-9bae-4a89-a297-61bb6211fe8e: shutdown FollowerState
2019-09-25 07:29:38,050 [Thread-713] INFO  impl.RaftServerImpl (RaftServerImpl.java:setRole(174)) - aa97873c-9bae-4a89-a297-61bb6211fe8e@group-A67020C3A41D: changes role from  FOLLOWER to CANDIDATE at term 0 for changeToCandidate
2019-09-25 07:29:38,050 [Thread-713] INFO  impl.RoleInfo (RoleInfo.java:updateAndGet(143)) - aa97873c-9bae-4a89-a297-61bb6211fe8e: start LeaderElection
2019-09-25 07:29:38,080 [aa97873c-9bae-4a89-a297-61bb6211fe8e@group-A67020C3A41D:LeaderElection35] INFO  impl.LeaderElection (LeaderElection.java:askForVotes(182)) - aa97873c-9bae-4a89-a297-61bb6211fe8e@group-A67020C3A41D:LeaderElection35: begin an election at term 1 for -1: [aa97873c-9bae-4a89-a297-61bb6211fe8e:192.168.151.106:40198], old=null
2019-09-25 07:29:38,080 [aa97873c-9bae-4a89-a297-61bb6211fe8e@group-A67020C3A41D:LeaderElection35] INFO  impl.RoleInfo (RoleInfo.java:shutdownLeaderElection(134)) - aa97873c-9bae-4a89-a297-61bb6211fe8e: shutdown LeaderElection
2019-09-25 07:29:38,081 [aa97873c-9bae-4a89-a297-61bb6211fe8e@group-A67020C3A41D:LeaderElection35] INFO  impl.RaftServerImpl (RaftServerImpl.java:setRole(174)) - aa97873c-9bae-4a89-a297-61bb6211fe8e@group-A67020C3A41D: changes role from CANDIDATE to LEADER at term 1 for changeToLeader
2019-09-25 07:29:38,081 [aa97873c-9bae-4a89-a297-61bb6211fe8e@group-A67020C3A41D:LeaderElection35] INFO  impl.RaftServerImpl (ServerState.java:setLeader(253)) - aa97873c-9bae-4a89-a297-61bb6211fe8e@group-A67020C3A41D: change Leader from null to aa97873c-9bae-4a89-a297-61bb6211fe8e at term 1 for becomeLeader, leader elected after 5100ms
2019-09-25 07:29:38,081 [aa97873c-9bae-4a89-a297-61bb6211fe8e@group-A67020C3A41D:LeaderElection35] INFO  server.RaftServerConfigKeys (ConfUtils.java:logGet(43)) - raft.server.staging.catchup.gap = 1000 (default)
2019-09-25 07:29:38,081 [aa97873c-9bae-4a89-a297-61bb6211fe8e@group-A67020C3A41D:LeaderElection35] INFO  server.RaftServerConfigKeys (ConfUtils.java:logGet(43)) - raft.server.rpc.sleep.time = 25ms (default)
2019-09-25 07:29:38,081 [aa97873c-9bae-4a89-a297-61bb6211fe8e@group-A67020C3A41D:LeaderElection35] INFO  server.RaftServerConfigKeys (ConfUtils.java:logGet(43)) - raft.server.write.element-limit = 4096 (default)
2019-09-25 07:29:38,081 [aa97873c-9bae-4a89-a297-61bb6211fe8e@group-A67020C3A41D:LeaderElection35] INFO  server.RaftServerConfigKeys (ConfUtils.java:logGet(43)) - raft.server.watch.timeout = 10s (default)
2019-09-25 07:29:38,082 [aa97873c-9bae-4a89-a297-61bb6211fe8e@group-A67020C3A41D:LeaderElection35] INFO  server.RaftServerConfigKeys (ConfUtils.java:logGet(43)) - raft.server.watch.timeout.denomination = 1s (default)
2019-09-25 07:29:38,082 [aa97873c-9bae-4a89-a297-61bb6211fe8e@group-A67020C3A41D:LeaderElection35] INFO  server.RaftServerConfigKeys (ConfUtils.java:logGet(43)) - raft.server.watch.element-limit = 65536 (default)
2019-09-25 07:29:38,084 [aa97873c-9bae-4a89-a297-61bb6211fe8e@group-A67020C3A41D:LeaderElection35] INFO  impl.RoleInfo (RoleInfo.java:updateAndGet(143)) - aa97873c-9bae-4a89-a297-61bb6211fe8e: start LeaderState
2019-09-25 07:29:38,085 [aa97873c-9bae-4a89-a297-61bb6211fe8e@group-A67020C3A41D:LeaderElection35] INFO  segmented.SegmentedRaftLogWorker (SegmentedRaftLogWorker.java:startLogSegment(380)) - aa97873c-9bae-4a89-a297-61bb6211fe8e@group-A67020C3A41D-SegmentedRaftLogWorker: Starting segment from index:0
2019-09-25 07:29:38,086 [aa97873c-9bae-4a89-a297-61bb6211fe8e@group-A67020C3A41D:LeaderElection35] INFO  impl.RaftServerImpl (ServerState.java:setRaftConf(354)) - aa97873c-9bae-4a89-a297-61bb6211fe8e@group-A67020C3A41D: set configuration 0: [aa97873c-9bae-4a89-a297-61bb6211fe8e:192.168.151.106:40198], old=null at 0
2019-09-25 07:29:38,147 [aa97873c-9bae-4a89-a297-61bb6211fe8e@group-A67020C3A41D-SegmentedRaftLogWorker] INFO  segmented.SegmentedRaftLogWorker (SegmentedRaftLogWorker.java:execute(569)) - aa97873c-9bae-4a89-a297-61bb6211fe8e@group-A67020C3A41D-SegmentedRaftLogWorker: created new log segment /workdir/hadoop-ozone/ozonefs/target/test-dir/MiniOzoneClusterImpl-550119eb-1d26-4ec7-b74e-58480585c2d5/datanode-0/data/ratis/4f960ebf-878b-4dac-989c-a67020c3a41d/current/log_inprogress_0
2019-09-25 07:29:38,223 [Thread-722] INFO  impl.FollowerState (FollowerState.java:run(106)) - aa97873c-9bae-4a89-a297-61bb6211fe8e:group-693954F9D8A0 changes to CANDIDATE, lastRpcTime:5031, electionTimeout:5031ms
2019-09-25 07:29:38,223 [Thread-722] INFO  impl.RoleInfo (RoleInfo.java:shutdownFollowerState(121)) - aa97873c-9bae-4a89-a297-61bb6211fe8e: shutdown FollowerState
2019-09-25 07:29:38,223 [Thread-722] INFO  impl.RaftServerImpl (RaftServerImpl.java:setRole(174)) - aa97873c-9bae-4a89-a297-61bb6211fe8e@group-693954F9D8A0: changes role from  FOLLOWER to CANDIDATE at term 0 for changeToCandidate
2019-09-25 07:29:38,224 [Thread-722] INFO  impl.RoleInfo (RoleInfo.java:updateAndGet(143)) - aa97873c-9bae-4a89-a297-61bb6211fe8e: start LeaderElection
2019-09-25 07:29:38,231 [Thread-716] INFO  impl.FollowerState (FollowerState.java:run(106)) - b7d5002f-68a3-48a4-8c4e-727f678e6e65:group-230AB61C2DA5 changes to CANDIDATE, lastRpcTime:5178, electionTimeout:5178ms
2019-09-25 07:29:38,231 [Thread-716] INFO  impl.RoleInfo (RoleInfo.java:shutdownFollowerState(121)) - b7d5002f-68a3-48a4-8c4e-727f678e6e65: shutdown FollowerState
2019-09-25 07:29:38,231 [Thread-716] INFO  impl.RaftServerImpl (RaftServerImpl.java:setRole(174)) - b7d5002f-68a3-48a4-8c4e-727f678e6e65@group-230AB61C2DA5: changes role from  FOLLOWER to CANDIDATE at term 0 for changeToCandidate
2019-09-25 07:29:38,232 [Thread-716] INFO  impl.RoleInfo (RoleInfo.java:updateAndGet(143)) - b7d5002f-68a3-48a4-8c4e-727f678e6e65: start LeaderElection
2019-09-25 07:29:38,251 [aa97873c-9bae-4a89-a297-61bb6211fe8e@group-693954F9D8A0:LeaderElection36] INFO  impl.LeaderElection (LeaderElection.java:askForVotes(182)) - aa97873c-9bae-4a89-a297-61bb6211fe8e@group-693954F9D8A0:LeaderElection36: begin an election at term 1 for -1: [aa97873c-9bae-4a89-a297-61bb6211fe8e:192.168.151.106:40198], old=null
2019-09-25 07:29:38,251 [aa97873c-9bae-4a89-a297-61bb6211fe8e@group-693954F9D8A0:LeaderElection36] INFO  impl.RoleInfo (RoleInfo.java:shutdownLeaderElection(134)) - aa97873c-9bae-4a89-a297-61bb6211fe8e: shutdown LeaderElection
2019-09-25 07:29:38,252 [aa97873c-9bae-4a89-a297-61bb6211fe8e@group-693954F9D8A0:LeaderElection36] INFO  impl.RaftServerImpl (RaftServerImpl.java:setRole(174)) - aa97873c-9bae-4a89-a297-61bb6211fe8e@group-693954F9D8A0: changes role from CANDIDATE to LEADER at term 1 for changeToLeader
2019-09-25 07:29:38,252 [aa97873c-9bae-4a89-a297-61bb6211fe8e@group-693954F9D8A0:LeaderElection36] INFO  impl.RaftServerImpl (ServerState.java:setLeader(253)) - aa97873c-9bae-4a89-a297-61bb6211fe8e@group-693954F9D8A0: change Leader from null to aa97873c-9bae-4a89-a297-61bb6211fe8e at term 1 for becomeLeader, leader elected after 5066ms
2019-09-25 07:29:38,252 [b7d5002f-68a3-48a4-8c4e-727f678e6e65@group-230AB61C2DA5:LeaderElection37] INFO  impl.LeaderElection (LeaderElection.java:askForVotes(182)) - b7d5002f-68a3-48a4-8c4e-727f678e6e65@group-230AB61C2DA5:LeaderElection37: begin an election at term 1 for -1: [b7d5002f-68a3-48a4-8c4e-727f678e6e65:192.168.151.106:37354], old=null
2019-09-25 07:29:38,252 [aa97873c-9bae-4a89-a297-61bb6211fe8e@group-693954F9D8A0:LeaderElection36] INFO  server.RaftServerConfigKeys (ConfUtils.java:logGet(43)) - raft.server.staging.catchup.gap = 1000 (default)
2019-09-25 07:29:38,252 [b7d5002f-68a3-48a4-8c4e-727f678e6e65@group-230AB61C2DA5:LeaderElection37] INFO  impl.RoleInfo (RoleInfo.java:shutdownLeaderElection(134)) - b7d5002f-68a3-48a4-8c4e-727f678e6e65: shutdown LeaderElection
2019-09-25 07:29:38,252 [aa97873c-9bae-4a89-a297-61bb6211fe8e@group-693954F9D8A0:LeaderElection36] INFO  server.RaftServerConfigKeys (ConfUtils.java:logGet(43)) - raft.server.rpc.sleep.time = 25ms (default)
2019-09-25 07:29:38,253 [b7d5002f-68a3-48a4-8c4e-727f678e6e65@group-230AB61C2DA5:LeaderElection37] INFO  impl.RaftServerImpl (RaftServerImpl.java:setRole(174)) - b7d5002f-68a3-48a4-8c4e-727f678e6e65@group-230AB61C2DA5: changes role from CANDIDATE to LEADER at term 1 for changeToLeader
2019-09-25 07:29:38,253 [aa97873c-9bae-4a89-a297-61bb6211fe8e@group-693954F9D8A0:LeaderElection36] INFO  server.RaftServerConfigKeys (ConfUtils.java:logGet(43)) - raft.server.write.element-limit = 4096 (default)
2019-09-25 07:29:38,253 [b7d5002f-68a3-48a4-8c4e-727f678e6e65@group-230AB61C2DA5:LeaderElection37] INFO  impl.RaftServerImpl (ServerState.java:setLeader(253)) - b7d5002f-68a3-48a4-8c4e-727f678e6e65@group-230AB61C2DA5: change Leader from null to b7d5002f-68a3-48a4-8c4e-727f678e6e65 at term 1 for becomeLeader, leader elected after 5211ms
2019-09-25 07:29:38,253 [aa97873c-9bae-4a89-a297-61bb6211fe8e@group-693954F9D8A0:LeaderElection36] INFO  server.RaftServerConfigKeys (ConfUtils.java:logGet(43)) - raft.server.watch.timeout = 10s (default)
2019-09-25 07:29:38,254 [aa97873c-9bae-4a89-a297-61bb6211fe8e@group-693954F9D8A0:LeaderElection36] INFO  server.RaftServerConfigKeys (ConfUtils.java:logGet(43)) - raft.server.watch.timeout.denomination = 1s (default)
2019-09-25 07:29:38,254 [aa97873c-9bae-4a89-a297-61bb6211fe8e@group-693954F9D8A0:LeaderElection36] INFO  server.RaftServerConfigKeys (ConfUtils.java:logGet(43)) - raft.server.watch.element-limit = 65536 (default)
2019-09-25 07:29:38,254 [b7d5002f-68a3-48a4-8c4e-727f678e6e65@group-230AB61C2DA5:LeaderElection37] INFO  server.RaftServerConfigKeys (ConfUtils.java:logGet(43)) - raft.server.staging.catchup.gap = 1000 (default)
2019-09-25 07:29:38,254 [b7d5002f-68a3-48a4-8c4e-727f678e6e65@group-230AB61C2DA5:LeaderElection37] INFO  server.RaftServerConfigKeys (ConfUtils.java:logGet(43)) - raft.server.rpc.sleep.time = 25ms (default)
2019-09-25 07:29:38,254 [b7d5002f-68a3-48a4-8c4e-727f678e6e65@group-230AB61C2DA5:LeaderElection37] INFO  server.RaftServerConfigKeys (ConfUtils.java:logGet(43)) - raft.server.write.element-limit = 4096 (default)
2019-09-25 07:29:38,255 [b7d5002f-68a3-48a4-8c4e-727f678e6e65@group-230AB61C2DA5:LeaderElection37] INFO  server.RaftServerConfigKeys (ConfUtils.java:logGet(43)) - raft.server.watch.timeout = 10s (default)
2019-09-25 07:29:38,255 [b7d5002f-68a3-48a4-8c4e-727f678e6e65@group-230AB61C2DA5:LeaderElection37] INFO  server.RaftServerConfigKeys (ConfUtils.java:logGet(43)) - raft.server.watch.timeout.denomination = 1s (default)
2019-09-25 07:29:38,255 [b7d5002f-68a3-48a4-8c4e-727f678e6e65@group-230AB61C2DA5:LeaderElection37] INFO  server.RaftServerConfigKeys (ConfUtils.java:logGet(43)) - raft.server.watch.element-limit = 65536 (default)
2019-09-25 07:29:38,256 [aa97873c-9bae-4a89-a297-61bb6211fe8e@group-693954F9D8A0:LeaderElection36] INFO  impl.RoleInfo (RoleInfo.java:updateAndGet(143)) - aa97873c-9bae-4a89-a297-61bb6211fe8e: start LeaderState
2019-09-25 07:29:38,257 [aa97873c-9bae-4a89-a297-61bb6211fe8e@group-693954F9D8A0:LeaderElection36] INFO  segmented.SegmentedRaftLogWorker (SegmentedRaftLogWorker.java:startLogSegment(380)) - aa97873c-9bae-4a89-a297-61bb6211fe8e@group-693954F9D8A0-SegmentedRaftLogWorker: Starting segment from index:0
2019-09-25 07:29:38,257 [aa97873c-9bae-4a89-a297-61bb6211fe8e@group-693954F9D8A0:LeaderElection36] INFO  impl.RaftServerImpl (ServerState.java:setRaftConf(354)) - aa97873c-9bae-4a89-a297-61bb6211fe8e@group-693954F9D8A0: set configuration 0: [aa97873c-9bae-4a89-a297-61bb6211fe8e:192.168.151.106:40198], old=null at 0
2019-09-25 07:29:38,259 [b7d5002f-68a3-48a4-8c4e-727f678e6e65@group-230AB61C2DA5:LeaderElection37] INFO  impl.RoleInfo (RoleInfo.java:updateAndGet(143)) - b7d5002f-68a3-48a4-8c4e-727f678e6e65: start LeaderState
2019-09-25 07:29:38,259 [b7d5002f-68a3-48a4-8c4e-727f678e6e65@group-230AB61C2DA5:LeaderElection37] INFO  segmented.SegmentedRaftLogWorker (SegmentedRaftLogWorker.java:startLogSegment(380)) - b7d5002f-68a3-48a4-8c4e-727f678e6e65@group-230AB61C2DA5-SegmentedRaftLogWorker: Starting segment from index:0
2019-09-25 07:29:38,260 [b7d5002f-68a3-48a4-8c4e-727f678e6e65@group-230AB61C2DA5:LeaderElection37] INFO  impl.RaftServerImpl (ServerState.java:setRaftConf(354)) - b7d5002f-68a3-48a4-8c4e-727f678e6e65@group-230AB61C2DA5: set configuration 0: [b7d5002f-68a3-48a4-8c4e-727f678e6e65:192.168.151.106:37354], old=null at 0
2019-09-25 07:29:38,303 [Thread-719] INFO  impl.FollowerState (FollowerState.java:run(106)) - b7d5002f-68a3-48a4-8c4e-727f678e6e65:group-CA251EB9724E changes to CANDIDATE, lastRpcTime:5189, electionTimeout:5189ms
2019-09-25 07:29:38,304 [Thread-719] INFO  impl.RoleInfo (RoleInfo.java:shutdownFollowerState(121)) - b7d5002f-68a3-48a4-8c4e-727f678e6e65: shutdown FollowerState
2019-09-25 07:29:38,304 [Thread-719] INFO  impl.RaftServerImpl (RaftServerImpl.java:setRole(174)) - b7d5002f-68a3-48a4-8c4e-727f678e6e65@group-CA251EB9724E: changes role from  FOLLOWER to CANDIDATE at term 0 for changeToCandidate
2019-09-25 07:29:38,304 [Thread-719] INFO  impl.RoleInfo (RoleInfo.java:updateAndGet(143)) - b7d5002f-68a3-48a4-8c4e-727f678e6e65: start LeaderElection
2019-09-25 07:29:38,310 [Thread-725] INFO  impl.FollowerState (FollowerState.java:run(106)) - b7d5002f-68a3-48a4-8c4e-727f678e6e65:group-3D61774C298C changes to CANDIDATE, lastRpcTime:5061, electionTimeout:5061ms
2019-09-25 07:29:38,310 [Thread-725] INFO  impl.RoleInfo (RoleInfo.java:shutdownFollowerState(121)) - b7d5002f-68a3-48a4-8c4e-727f678e6e65: shutdown FollowerState
2019-09-25 07:29:38,310 [Thread-725] INFO  impl.RaftServerImpl (RaftServerImpl.java:setRole(174)) - b7d5002f-68a3-48a4-8c4e-727f678e6e65@group-3D61774C298C: changes role from  FOLLOWER to CANDIDATE at term 0 for changeToCandidate
2019-09-25 07:29:38,310 [Thread-725] INFO  impl.RoleInfo (RoleInfo.java:updateAndGet(143)) - b7d5002f-68a3-48a4-8c4e-727f678e6e65: start LeaderElection
2019-09-25 07:29:38,312 [b7d5002f-68a3-48a4-8c4e-727f678e6e65@group-230AB61C2DA5-SegmentedRaftLogWorker] INFO  segmented.SegmentedRaftLogWorker (SegmentedRaftLogWorker.java:execute(569)) - b7d5002f-68a3-48a4-8c4e-727f678e6e65@group-230AB61C2DA5-SegmentedRaftLogWorker: created new log segment /workdir/hadoop-ozone/ozonefs/target/test-dir/MiniOzoneClusterImpl-550119eb-1d26-4ec7-b74e-58480585c2d5/datanode-1/data/ratis/5837c8fc-cec3-4d1e-a97a-230ab61c2da5/current/log_inprogress_0
2019-09-25 07:29:38,312 [aa97873c-9bae-4a89-a297-61bb6211fe8e@group-693954F9D8A0-SegmentedRaftLogWorker] INFO  segmented.SegmentedRaftLogWorker (SegmentedRaftLogWorker.java:execute(569)) - aa97873c-9bae-4a89-a297-61bb6211fe8e@group-693954F9D8A0-SegmentedRaftLogWorker: created new log segment /workdir/hadoop-ozone/ozonefs/target/test-dir/MiniOzoneClusterImpl-550119eb-1d26-4ec7-b74e-58480585c2d5/datanode-0/data/ratis/6608f15a-2d2f-42e3-9ebe-693954f9d8a0/current/log_inprogress_0
2019-09-25 07:29:38,325 [b7d5002f-68a3-48a4-8c4e-727f678e6e65@group-CA251EB9724E:LeaderElection38] INFO  impl.LeaderElection (LeaderElection.java:askForVotes(182)) - b7d5002f-68a3-48a4-8c4e-727f678e6e65@group-CA251EB9724E:LeaderElection38: begin an election at term 1 for -1: [b7d5002f-68a3-48a4-8c4e-727f678e6e65:192.168.151.106:37354], old=null
2019-09-25 07:29:38,325 [b7d5002f-68a3-48a4-8c4e-727f678e6e65@group-CA251EB9724E:LeaderElection38] INFO  impl.RoleInfo (RoleInfo.java:shutdownLeaderElection(134)) - b7d5002f-68a3-48a4-8c4e-727f678e6e65: shutdown LeaderElection
2019-09-25 07:29:38,325 [b7d5002f-68a3-48a4-8c4e-727f678e6e65@group-CA251EB9724E:LeaderElection38] INFO  impl.RaftServerImpl (RaftServerImpl.java:setRole(174)) - b7d5002f-68a3-48a4-8c4e-727f678e6e65@group-CA251EB9724E: changes role from CANDIDATE to LEADER at term 1 for changeToLeader
2019-09-25 07:29:38,325 [b7d5002f-68a3-48a4-8c4e-727f678e6e65@group-CA251EB9724E:LeaderElection38] INFO  impl.RaftServerImpl (ServerState.java:setLeader(253)) - b7d5002f-68a3-48a4-8c4e-727f678e6e65@group-CA251EB9724E: change Leader from null to b7d5002f-68a3-48a4-8c4e-727f678e6e65 at term 1 for becomeLeader, leader elected after 5218ms
2019-09-25 07:29:38,326 [b7d5002f-68a3-48a4-8c4e-727f678e6e65@group-CA251EB9724E:LeaderElection38] INFO  server.RaftServerConfigKeys (ConfUtils.java:logGet(43)) - raft.server.staging.catchup.gap = 1000 (default)
2019-09-25 07:29:38,326 [b7d5002f-68a3-48a4-8c4e-727f678e6e65@group-CA251EB9724E:LeaderElection38] INFO  server.RaftServerConfigKeys (ConfUtils.java:logGet(43)) - raft.server.rpc.sleep.time = 25ms (default)
2019-09-25 07:29:38,326 [b7d5002f-68a3-48a4-8c4e-727f678e6e65@group-CA251EB9724E:LeaderElection38] INFO  server.RaftServerConfigKeys (ConfUtils.java:logGet(43)) - raft.server.write.element-limit = 4096 (default)
2019-09-25 07:29:38,326 [b7d5002f-68a3-48a4-8c4e-727f678e6e65@group-CA251EB9724E:LeaderElection38] INFO  server.RaftServerConfigKeys (ConfUtils.java:logGet(43)) - raft.server.watch.timeout = 10s (default)
2019-09-25 07:29:38,326 [b7d5002f-68a3-48a4-8c4e-727f678e6e65@group-CA251EB9724E:LeaderElection38] INFO  server.RaftServerConfigKeys (ConfUtils.java:logGet(43)) - raft.server.watch.timeout.denomination = 1s (default)
2019-09-25 07:29:38,326 [b7d5002f-68a3-48a4-8c4e-727f678e6e65@group-CA251EB9724E:LeaderElection38] INFO  server.RaftServerConfigKeys (ConfUtils.java:logGet(43)) - raft.server.watch.element-limit = 65536 (default)
2019-09-25 07:29:38,328 [b7d5002f-68a3-48a4-8c4e-727f678e6e65@group-CA251EB9724E:LeaderElection38] INFO  impl.RoleInfo (RoleInfo.java:updateAndGet(143)) - b7d5002f-68a3-48a4-8c4e-727f678e6e65: start LeaderState
2019-09-25 07:29:38,329 [b7d5002f-68a3-48a4-8c4e-727f678e6e65@group-CA251EB9724E:LeaderElection38] INFO  segmented.SegmentedRaftLogWorker (SegmentedRaftLogWorker.java:startLogSegment(380)) - b7d5002f-68a3-48a4-8c4e-727f678e6e65@group-CA251EB9724E-SegmentedRaftLogWorker: Starting segment from index:0
2019-09-25 07:29:38,329 [b7d5002f-68a3-48a4-8c4e-727f678e6e65@group-CA251EB9724E:LeaderElection38] INFO  impl.RaftServerImpl (ServerState.java:setRaftConf(354)) - b7d5002f-68a3-48a4-8c4e-727f678e6e65@group-CA251EB9724E: set configuration 0: [b7d5002f-68a3-48a4-8c4e-727f678e6e65:192.168.151.106:37354], old=null at 0
2019-09-25 07:29:38,340 [b7d5002f-68a3-48a4-8c4e-727f678e6e65@group-3D61774C298C:LeaderElection39] INFO  impl.LeaderElection (LeaderElection.java:askForVotes(182)) - b7d5002f-68a3-48a4-8c4e-727f678e6e65@group-3D61774C298C:LeaderElection39: begin an election at term 1 for -1: [b7d5002f-68a3-48a4-8c4e-727f678e6e65:192.168.151.106:37354], old=null
2019-09-25 07:29:38,340 [b7d5002f-68a3-48a4-8c4e-727f678e6e65@group-3D61774C298C:LeaderElection39] INFO  impl.RoleInfo (RoleInfo.java:shutdownLeaderElection(134)) - b7d5002f-68a3-48a4-8c4e-727f678e6e65: shutdown LeaderElection
2019-09-25 07:29:38,340 [b7d5002f-68a3-48a4-8c4e-727f678e6e65@group-3D61774C298C:LeaderElection39] INFO  impl.RaftServerImpl (RaftServerImpl.java:setRole(174)) - b7d5002f-68a3-48a4-8c4e-727f678e6e65@group-3D61774C298C: changes role from CANDIDATE to LEADER at term 1 for changeToLeader
2019-09-25 07:29:38,340 [b7d5002f-68a3-48a4-8c4e-727f678e6e65@group-3D61774C298C:LeaderElection39] INFO  impl.RaftServerImpl (ServerState.java:setLeader(253)) - b7d5002f-68a3-48a4-8c4e-727f678e6e65@group-3D61774C298C: change Leader from null to b7d5002f-68a3-48a4-8c4e-727f678e6e65 at term 1 for becomeLeader, leader elected after 5097ms
2019-09-25 07:29:38,341 [b7d5002f-68a3-48a4-8c4e-727f678e6e65@group-3D61774C298C:LeaderElection39] INFO  server.RaftServerConfigKeys (ConfUtils.java:logGet(43)) - raft.server.staging.catchup.gap = 1000 (default)
2019-09-25 07:29:38,341 [b7d5002f-68a3-48a4-8c4e-727f678e6e65@group-3D61774C298C:LeaderElection39] INFO  server.RaftServerConfigKeys (ConfUtils.java:logGet(43)) - raft.server.rpc.sleep.time = 25ms (default)
2019-09-25 07:29:38,341 [b7d5002f-68a3-48a4-8c4e-727f678e6e65@group-3D61774C298C:LeaderElection39] INFO  server.RaftServerConfigKeys (ConfUtils.java:logGet(43)) - raft.server.write.element-limit = 4096 (default)
2019-09-25 07:29:38,341 [b7d5002f-68a3-48a4-8c4e-727f678e6e65@group-3D61774C298C:LeaderElection39] INFO  server.RaftServerConfigKeys (ConfUtils.java:logGet(43)) - raft.server.watch.timeout = 10s (default)
2019-09-25 07:29:38,341 [b7d5002f-68a3-48a4-8c4e-727f678e6e65@group-3D61774C298C:LeaderElection39] INFO  server.RaftServerConfigKeys (ConfUtils.java:logGet(43)) - raft.server.watch.timeout.denomination = 1s (default)
2019-09-25 07:29:38,342 [b7d5002f-68a3-48a4-8c4e-727f678e6e65@group-3D61774C298C:LeaderElection39] INFO  server.RaftServerConfigKeys (ConfUtils.java:logGet(43)) - raft.server.watch.element-limit = 65536 (default)
2019-09-25 07:29:38,345 [b7d5002f-68a3-48a4-8c4e-727f678e6e65@group-3D61774C298C:LeaderElection39] INFO  impl.RoleInfo (RoleInfo.java:updateAndGet(143)) - b7d5002f-68a3-48a4-8c4e-727f678e6e65: start LeaderState
2019-09-25 07:29:38,346 [b7d5002f-68a3-48a4-8c4e-727f678e6e65@group-3D61774C298C:LeaderElection39] INFO  segmented.SegmentedRaftLogWorker (SegmentedRaftLogWorker.java:startLogSegment(380)) - b7d5002f-68a3-48a4-8c4e-727f678e6e65@group-3D61774C298C-SegmentedRaftLogWorker: Starting segment from index:0
2019-09-25 07:29:38,346 [b7d5002f-68a3-48a4-8c4e-727f678e6e65@group-3D61774C298C:LeaderElection39] INFO  impl.RaftServerImpl (ServerState.java:setRaftConf(354)) - b7d5002f-68a3-48a4-8c4e-727f678e6e65@group-3D61774C298C: set configuration 0: [b7d5002f-68a3-48a4-8c4e-727f678e6e65:192.168.151.106:37354], old=null at 0
2019-09-25 07:29:38,394 [b7d5002f-68a3-48a4-8c4e-727f678e6e65@group-CA251EB9724E-SegmentedRaftLogWorker] INFO  segmented.SegmentedRaftLogWorker (SegmentedRaftLogWorker.java:execute(569)) - b7d5002f-68a3-48a4-8c4e-727f678e6e65@group-CA251EB9724E-SegmentedRaftLogWorker: created new log segment /workdir/hadoop-ozone/ozonefs/target/test-dir/MiniOzoneClusterImpl-550119eb-1d26-4ec7-b74e-58480585c2d5/datanode-1/data/ratis/3cf4c9cc-e5d3-4c12-9896-ca251eb9724e/current/log_inprogress_0
2019-09-25 07:29:38,407 [b7d5002f-68a3-48a4-8c4e-727f678e6e65@group-3D61774C298C-SegmentedRaftLogWorker] INFO  segmented.SegmentedRaftLogWorker (SegmentedRaftLogWorker.java:execute(569)) - b7d5002f-68a3-48a4-8c4e-727f678e6e65@group-3D61774C298C-SegmentedRaftLogWorker: created new log segment /workdir/hadoop-ozone/ozonefs/target/test-dir/MiniOzoneClusterImpl-550119eb-1d26-4ec7-b74e-58480585c2d5/datanode-1/data/ratis/bc90235a-926b-4529-9738-3d61774c298c/current/log_inprogress_0
2019-09-25 07:29:38,435 [Thread-728] INFO  impl.FollowerState (FollowerState.java:run(106)) - aa97873c-9bae-4a89-a297-61bb6211fe8e:group-521B5AAE3F08 changes to CANDIDATE, lastRpcTime:5126, electionTimeout:5126ms
2019-09-25 07:29:38,435 [Thread-728] INFO  impl.RoleInfo (RoleInfo.java:shutdownFollowerState(121)) - aa97873c-9bae-4a89-a297-61bb6211fe8e: shutdown FollowerState
2019-09-25 07:29:38,436 [Thread-728] INFO  impl.RaftServerImpl (RaftServerImpl.java:setRole(174)) - aa97873c-9bae-4a89-a297-61bb6211fe8e@group-521B5AAE3F08: changes role from  FOLLOWER to CANDIDATE at term 0 for changeToCandidate
2019-09-25 07:29:38,436 [Thread-728] INFO  impl.RoleInfo (RoleInfo.java:updateAndGet(143)) - aa97873c-9bae-4a89-a297-61bb6211fe8e: start LeaderElection
2019-09-25 07:29:38,439 [Thread-734] INFO  impl.FollowerState (FollowerState.java:run(106)) - aa97873c-9bae-4a89-a297-61bb6211fe8e:group-D79EB17C52AC changes to CANDIDATE, lastRpcTime:5023, electionTimeout:5021ms
2019-09-25 07:29:38,439 [Thread-734] INFO  impl.RoleInfo (RoleInfo.java:shutdownFollowerState(121)) - aa97873c-9bae-4a89-a297-61bb6211fe8e: shutdown FollowerState
2019-09-25 07:29:38,439 [Thread-734] INFO  impl.RaftServerImpl (RaftServerImpl.java:setRole(174)) - aa97873c-9bae-4a89-a297-61bb6211fe8e@group-D79EB17C52AC: changes role from  FOLLOWER to CANDIDATE at term 0 for changeToCandidate
2019-09-25 07:29:38,439 [Thread-734] INFO  impl.RoleInfo (RoleInfo.java:updateAndGet(143)) - aa97873c-9bae-4a89-a297-61bb6211fe8e: start LeaderElection
2019-09-25 07:29:38,464 [aa97873c-9bae-4a89-a297-61bb6211fe8e@group-D79EB17C52AC:LeaderElection41] INFO  impl.LeaderElection (LeaderElection.java:askForVotes(182)) - aa97873c-9bae-4a89-a297-61bb6211fe8e@group-D79EB17C52AC:LeaderElection41: begin an election at term 1 for -1: [aa97873c-9bae-4a89-a297-61bb6211fe8e:192.168.151.106:40198], old=null
2019-09-25 07:29:38,464 [aa97873c-9bae-4a89-a297-61bb6211fe8e@group-521B5AAE3F08:LeaderElection40] INFO  impl.LeaderElection (LeaderElection.java:askForVotes(182)) - aa97873c-9bae-4a89-a297-61bb6211fe8e@group-521B5AAE3F08:LeaderElection40: begin an election at term 1 for -1: [aa97873c-9bae-4a89-a297-61bb6211fe8e:192.168.151.106:40198], old=null
2019-09-25 07:29:38,464 [aa97873c-9bae-4a89-a297-61bb6211fe8e@group-D79EB17C52AC:LeaderElection41] INFO  impl.RoleInfo (RoleInfo.java:shutdownLeaderElection(134)) - aa97873c-9bae-4a89-a297-61bb6211fe8e: shutdown LeaderElection
2019-09-25 07:29:38,465 [aa97873c-9bae-4a89-a297-61bb6211fe8e@group-521B5AAE3F08:LeaderElection40] INFO  impl.RoleInfo (RoleInfo.java:shutdownLeaderElection(134)) - aa97873c-9bae-4a89-a297-61bb6211fe8e: shutdown LeaderElection
2019-09-25 07:29:38,465 [aa97873c-9bae-4a89-a297-61bb6211fe8e@group-D79EB17C52AC:LeaderElection41] INFO  impl.RaftServerImpl (RaftServerImpl.java:setRole(174)) - aa97873c-9bae-4a89-a297-61bb6211fe8e@group-D79EB17C52AC: changes role from CANDIDATE to LEADER at term 1 for changeToLeader
2019-09-25 07:29:38,465 [aa97873c-9bae-4a89-a297-61bb6211fe8e@group-521B5AAE3F08:LeaderElection40] INFO  impl.RaftServerImpl (RaftServerImpl.java:setRole(174)) - aa97873c-9bae-4a89-a297-61bb6211fe8e@group-521B5AAE3F08: changes role from CANDIDATE to LEADER at term 1 for changeToLeader
2019-09-25 07:29:38,465 [aa97873c-9bae-4a89-a297-61bb6211fe8e@group-D79EB17C52AC:LeaderElection41] INFO  impl.RaftServerImpl (ServerState.java:setLeader(253)) - aa97873c-9bae-4a89-a297-61bb6211fe8e@group-D79EB17C52AC: change Leader from null to aa97873c-9bae-4a89-a297-61bb6211fe8e at term 1 for becomeLeader, leader elected after 5054ms
2019-09-25 07:29:38,465 [aa97873c-9bae-4a89-a297-61bb6211fe8e@group-521B5AAE3F08:LeaderElection40] INFO  impl.RaftServerImpl (ServerState.java:setLeader(253)) - aa97873c-9bae-4a89-a297-61bb6211fe8e@group-521B5AAE3F08: change Leader from null to aa97873c-9bae-4a89-a297-61bb6211fe8e at term 1 for becomeLeader, leader elected after 5162ms
2019-09-25 07:29:38,466 [aa97873c-9bae-4a89-a297-61bb6211fe8e@group-D79EB17C52AC:LeaderElection41] INFO  server.RaftServerConfigKeys (ConfUtils.java:logGet(43)) - raft.server.staging.catchup.gap = 1000 (default)
2019-09-25 07:29:38,466 [aa97873c-9bae-4a89-a297-61bb6211fe8e@group-521B5AAE3F08:LeaderElection40] INFO  server.RaftServerConfigKeys (ConfUtils.java:logGet(43)) - raft.server.staging.catchup.gap = 1000 (default)
2019-09-25 07:29:38,466 [aa97873c-9bae-4a89-a297-61bb6211fe8e@group-D79EB17C52AC:LeaderElection41] INFO  server.RaftServerConfigKeys (ConfUtils.java:logGet(43)) - raft.server.rpc.sleep.time = 25ms (default)
2019-09-25 07:29:38,466 [aa97873c-9bae-4a89-a297-61bb6211fe8e@group-521B5AAE3F08:LeaderElection40] INFO  server.RaftServerConfigKeys (ConfUtils.java:logGet(43)) - raft.server.rpc.sleep.time = 25ms (default)
2019-09-25 07:29:38,466 [aa97873c-9bae-4a89-a297-61bb6211fe8e@group-D79EB17C52AC:LeaderElection41] INFO  server.RaftServerConfigKeys (ConfUtils.java:logGet(43)) - raft.server.write.element-limit = 4096 (default)
2019-09-25 07:29:38,466 [aa97873c-9bae-4a89-a297-61bb6211fe8e@group-521B5AAE3F08:LeaderElection40] INFO  server.RaftServerConfigKeys (ConfUtils.java:logGet(43)) - raft.server.write.element-limit = 4096 (default)
2019-09-25 07:29:38,467 [aa97873c-9bae-4a89-a297-61bb6211fe8e@group-D79EB17C52AC:LeaderElection41] INFO  server.RaftServerConfigKeys (ConfUtils.java:logGet(43)) - raft.server.watch.timeout = 10s (default)
2019-09-25 07:29:38,467 [aa97873c-9bae-4a89-a297-61bb6211fe8e@group-521B5AAE3F08:LeaderElection40] INFO  server.RaftServerConfigKeys (ConfUtils.java:logGet(43)) - raft.server.watch.timeout = 10s (default)
2019-09-25 07:29:38,467 [aa97873c-9bae-4a89-a297-61bb6211fe8e@group-D79EB17C52AC:LeaderElection41] INFO  server.RaftServerConfigKeys (ConfUtils.java:logGet(43)) - raft.server.watch.timeout.denomination = 1s (default)
2019-09-25 07:29:38,467 [aa97873c-9bae-4a89-a297-61bb6211fe8e@group-521B5AAE3F08:LeaderElection40] INFO  server.RaftServerConfigKeys (ConfUtils.java:logGet(43)) - raft.server.watch.timeout.denomination = 1s (default)
2019-09-25 07:29:38,467 [aa97873c-9bae-4a89-a297-61bb6211fe8e@group-D79EB17C52AC:LeaderElection41] INFO  server.RaftServerConfigKeys (ConfUtils.java:logGet(43)) - raft.server.watch.element-limit = 65536 (default)
2019-09-25 07:29:38,467 [aa97873c-9bae-4a89-a297-61bb6211fe8e@group-521B5AAE3F08:LeaderElection40] INFO  server.RaftServerConfigKeys (ConfUtils.java:logGet(43)) - raft.server.watch.element-limit = 65536 (default)
2019-09-25 07:29:38,472 [aa97873c-9bae-4a89-a297-61bb6211fe8e@group-D79EB17C52AC:LeaderElection41] INFO  impl.RoleInfo (RoleInfo.java:updateAndGet(143)) - aa97873c-9bae-4a89-a297-61bb6211fe8e: start LeaderState
2019-09-25 07:29:38,472 [aa97873c-9bae-4a89-a297-61bb6211fe8e@group-521B5AAE3F08:LeaderElection40] INFO  impl.RoleInfo (RoleInfo.java:updateAndGet(143)) - aa97873c-9bae-4a89-a297-61bb6211fe8e: start LeaderState
2019-09-25 07:29:38,472 [aa97873c-9bae-4a89-a297-61bb6211fe8e@group-D79EB17C52AC:LeaderElection41] INFO  segmented.SegmentedRaftLogWorker (SegmentedRaftLogWorker.java:startLogSegment(380)) - aa97873c-9bae-4a89-a297-61bb6211fe8e@group-D79EB17C52AC-SegmentedRaftLogWorker: Starting segment from index:0
2019-09-25 07:29:38,472 [aa97873c-9bae-4a89-a297-61bb6211fe8e@group-521B5AAE3F08:LeaderElection40] INFO  segmented.SegmentedRaftLogWorker (SegmentedRaftLogWorker.java:startLogSegment(380)) - aa97873c-9bae-4a89-a297-61bb6211fe8e@group-521B5AAE3F08-SegmentedRaftLogWorker: Starting segment from index:0
2019-09-25 07:29:38,473 [aa97873c-9bae-4a89-a297-61bb6211fe8e@group-D79EB17C52AC:LeaderElection41] INFO  impl.RaftServerImpl (ServerState.java:setRaftConf(354)) - aa97873c-9bae-4a89-a297-61bb6211fe8e@group-D79EB17C52AC: set configuration 0: [aa97873c-9bae-4a89-a297-61bb6211fe8e:192.168.151.106:40198], old=null at 0
2019-09-25 07:29:38,473 [aa97873c-9bae-4a89-a297-61bb6211fe8e@group-521B5AAE3F08:LeaderElection40] INFO  impl.RaftServerImpl (ServerState.java:setRaftConf(354)) - aa97873c-9bae-4a89-a297-61bb6211fe8e@group-521B5AAE3F08: set configuration 0: [aa97873c-9bae-4a89-a297-61bb6211fe8e:192.168.151.106:40198], old=null at 0
2019-09-25 07:29:38,521 [Thread-731] INFO  impl.FollowerState (FollowerState.java:run(106)) - b7d5002f-68a3-48a4-8c4e-727f678e6e65:group-8F5A6717ACF7 changes to CANDIDATE, lastRpcTime:5168, electionTimeout:5168ms
2019-09-25 07:29:38,521 [Thread-731] INFO  impl.RoleInfo (RoleInfo.java:shutdownFollowerState(121)) - b7d5002f-68a3-48a4-8c4e-727f678e6e65: shutdown FollowerState
2019-09-25 07:29:38,521 [Thread-731] INFO  impl.RaftServerImpl (RaftServerImpl.java:setRole(174)) - b7d5002f-68a3-48a4-8c4e-727f678e6e65@group-8F5A6717ACF7: changes role from  FOLLOWER to CANDIDATE at term 0 for changeToCandidate
2019-09-25 07:29:38,521 [Thread-731] INFO  impl.RoleInfo (RoleInfo.java:updateAndGet(143)) - b7d5002f-68a3-48a4-8c4e-727f678e6e65: start LeaderElection
2019-09-25 07:29:38,532 [aa97873c-9bae-4a89-a297-61bb6211fe8e@group-521B5AAE3F08-SegmentedRaftLogWorker] INFO  segmented.SegmentedRaftLogWorker (SegmentedRaftLogWorker.java:execute(569)) - aa97873c-9bae-4a89-a297-61bb6211fe8e@group-521B5AAE3F08-SegmentedRaftLogWorker: created new log segment /workdir/hadoop-ozone/ozonefs/target/test-dir/MiniOzoneClusterImpl-550119eb-1d26-4ec7-b74e-58480585c2d5/datanode-0/data/ratis/788234f0-7492-45f0-94b5-521b5aae3f08/current/log_inprogress_0
2019-09-25 07:29:38,532 [aa97873c-9bae-4a89-a297-61bb6211fe8e@group-D79EB17C52AC-SegmentedRaftLogWorker] INFO  segmented.SegmentedRaftLogWorker (SegmentedRaftLogWorker.java:execute(569)) - aa97873c-9bae-4a89-a297-61bb6211fe8e@group-D79EB17C52AC-SegmentedRaftLogWorker: created new log segment /workdir/hadoop-ozone/ozonefs/target/test-dir/MiniOzoneClusterImpl-550119eb-1d26-4ec7-b74e-58480585c2d5/datanode-0/data/ratis/e1fb073f-94f3-4a95-bf53-d79eb17c52ac/current/log_inprogress_0
2019-09-25 07:29:38,554 [Thread-737] INFO  impl.FollowerState (FollowerState.java:run(106)) - b7d5002f-68a3-48a4-8c4e-727f678e6e65:group-9CB1585A4811 changes to CANDIDATE, lastRpcTime:5093, electionTimeout:5093ms
2019-09-25 07:29:38,555 [Thread-737] INFO  impl.RoleInfo (RoleInfo.java:shutdownFollowerState(121)) - b7d5002f-68a3-48a4-8c4e-727f678e6e65: shutdown FollowerState
2019-09-25 07:29:38,555 [b7d5002f-68a3-48a4-8c4e-727f678e6e65@group-8F5A6717ACF7:LeaderElection42] INFO  impl.LeaderElection (LeaderElection.java:askForVotes(182)) - b7d5002f-68a3-48a4-8c4e-727f678e6e65@group-8F5A6717ACF7:LeaderElection42: begin an election at term 1 for -1: [b7d5002f-68a3-48a4-8c4e-727f678e6e65:192.168.151.106:37354], old=null
2019-09-25 07:29:38,555 [Thread-737] INFO  impl.RaftServerImpl (RaftServerImpl.java:setRole(174)) - b7d5002f-68a3-48a4-8c4e-727f678e6e65@group-9CB1585A4811: changes role from  FOLLOWER to CANDIDATE at term 0 for changeToCandidate
2019-09-25 07:29:38,555 [b7d5002f-68a3-48a4-8c4e-727f678e6e65@group-8F5A6717ACF7:LeaderElection42] INFO  impl.RoleInfo (RoleInfo.java:shutdownLeaderElection(134)) - b7d5002f-68a3-48a4-8c4e-727f678e6e65: shutdown LeaderElection
2019-09-25 07:29:38,555 [Thread-737] INFO  impl.RoleInfo (RoleInfo.java:updateAndGet(143)) - b7d5002f-68a3-48a4-8c4e-727f678e6e65: start LeaderElection
2019-09-25 07:29:38,555 [b7d5002f-68a3-48a4-8c4e-727f678e6e65@group-8F5A6717ACF7:LeaderElection42] INFO  impl.RaftServerImpl (RaftServerImpl.java:setRole(174)) - b7d5002f-68a3-48a4-8c4e-727f678e6e65@group-8F5A6717ACF7: changes role from CANDIDATE to LEADER at term 1 for changeToLeader
2019-09-25 07:29:38,555 [b7d5002f-68a3-48a4-8c4e-727f678e6e65@group-8F5A6717ACF7:LeaderElection42] INFO  impl.RaftServerImpl (ServerState.java:setLeader(253)) - b7d5002f-68a3-48a4-8c4e-727f678e6e65@group-8F5A6717ACF7: change Leader from null to b7d5002f-68a3-48a4-8c4e-727f678e6e65 at term 1 for becomeLeader, leader elected after 5207ms
2019-09-25 07:29:38,557 [b7d5002f-68a3-48a4-8c4e-727f678e6e65@group-8F5A6717ACF7:LeaderElection42] INFO  server.RaftServerConfigKeys (ConfUtils.java:logGet(43)) - raft.server.staging.catchup.gap = 1000 (default)
2019-09-25 07:29:38,558 [b7d5002f-68a3-48a4-8c4e-727f678e6e65@group-8F5A6717ACF7:LeaderElection42] INFO  server.RaftServerConfigKeys (ConfUtils.java:logGet(43)) - raft.server.rpc.sleep.time = 25ms (default)
2019-09-25 07:29:38,558 [b7d5002f-68a3-48a4-8c4e-727f678e6e65@group-8F5A6717ACF7:LeaderElection42] INFO  server.RaftServerConfigKeys (ConfUtils.java:logGet(43)) - raft.server.write.element-limit = 4096 (default)
2019-09-25 07:29:38,558 [b7d5002f-68a3-48a4-8c4e-727f678e6e65@group-8F5A6717ACF7:LeaderElection42] INFO  server.RaftServerConfigKeys (ConfUtils.java:logGet(43)) - raft.server.watch.timeout = 10s (default)
2019-09-25 07:29:38,558 [b7d5002f-68a3-48a4-8c4e-727f678e6e65@group-8F5A6717ACF7:LeaderElection42] INFO  server.RaftServerConfigKeys (ConfUtils.java:logGet(43)) - raft.server.watch.timeout.denomination = 1s (default)
2019-09-25 07:29:38,558 [b7d5002f-68a3-48a4-8c4e-727f678e6e65@group-8F5A6717ACF7:LeaderElection42] INFO  server.RaftServerConfigKeys (ConfUtils.java:logGet(43)) - raft.server.watch.element-limit = 65536 (default)
2019-09-25 07:29:38,561 [b7d5002f-68a3-48a4-8c4e-727f678e6e65@group-8F5A6717ACF7:LeaderElection42] INFO  impl.RoleInfo (RoleInfo.java:updateAndGet(143)) - b7d5002f-68a3-48a4-8c4e-727f678e6e65: start LeaderState
2019-09-25 07:29:38,561 [b7d5002f-68a3-48a4-8c4e-727f678e6e65@group-8F5A6717ACF7:LeaderElection42] INFO  segmented.SegmentedRaftLogWorker (SegmentedRaftLogWorker.java:startLogSegment(380)) - b7d5002f-68a3-48a4-8c4e-727f678e6e65@group-8F5A6717ACF7-SegmentedRaftLogWorker: Starting segment from index:0
2019-09-25 07:29:38,561 [b7d5002f-68a3-48a4-8c4e-727f678e6e65@group-8F5A6717ACF7:LeaderElection42] INFO  impl.RaftServerImpl (ServerState.java:setRaftConf(354)) - b7d5002f-68a3-48a4-8c4e-727f678e6e65@group-8F5A6717ACF7: set configuration 0: [b7d5002f-68a3-48a4-8c4e-727f678e6e65:192.168.151.106:37354], old=null at 0
2019-09-25 07:29:38,572 [b7d5002f-68a3-48a4-8c4e-727f678e6e65@group-9CB1585A4811:LeaderElection43] INFO  impl.LeaderElection (LeaderElection.java:askForVotes(182)) - b7d5002f-68a3-48a4-8c4e-727f678e6e65@group-9CB1585A4811:LeaderElection43: begin an election at term 1 for -1: [b7d5002f-68a3-48a4-8c4e-727f678e6e65:192.168.151.106:37354], old=null
2019-09-25 07:29:38,573 [b7d5002f-68a3-48a4-8c4e-727f678e6e65@group-9CB1585A4811:LeaderElection43] INFO  impl.RoleInfo (RoleInfo.java:shutdownLeaderElection(134)) - b7d5002f-68a3-48a4-8c4e-727f678e6e65: shutdown LeaderElection
2019-09-25 07:29:38,573 [b7d5002f-68a3-48a4-8c4e-727f678e6e65@group-9CB1585A4811:LeaderElection43] INFO  impl.RaftServerImpl (RaftServerImpl.java:setRole(174)) - b7d5002f-68a3-48a4-8c4e-727f678e6e65@group-9CB1585A4811: changes role from CANDIDATE to LEADER at term 1 for changeToLeader
2019-09-25 07:29:38,573 [b7d5002f-68a3-48a4-8c4e-727f678e6e65@group-9CB1585A4811:LeaderElection43] INFO  impl.RaftServerImpl (ServerState.java:setLeader(253)) - b7d5002f-68a3-48a4-8c4e-727f678e6e65@group-9CB1585A4811: change Leader from null to b7d5002f-68a3-48a4-8c4e-727f678e6e65 at term 1 for becomeLeader, leader elected after 5118ms
2019-09-25 07:29:38,573 [b7d5002f-68a3-48a4-8c4e-727f678e6e65@group-9CB1585A4811:LeaderElection43] INFO  server.RaftServerConfigKeys (ConfUtils.java:logGet(43)) - raft.server.staging.catchup.gap = 1000 (default)
2019-09-25 07:29:38,573 [b7d5002f-68a3-48a4-8c4e-727f678e6e65@group-9CB1585A4811:LeaderElection43] INFO  server.RaftServerConfigKeys (ConfUtils.java:logGet(43)) - raft.server.rpc.sleep.time = 25ms (default)
2019-09-25 07:29:38,573 [b7d5002f-68a3-48a4-8c4e-727f678e6e65@group-9CB1585A4811:LeaderElection43] INFO  server.RaftServerConfigKeys (ConfUtils.java:logGet(43)) - raft.server.write.element-limit = 4096 (default)
2019-09-25 07:29:38,574 [b7d5002f-68a3-48a4-8c4e-727f678e6e65@group-9CB1585A4811:LeaderElection43] INFO  server.RaftServerConfigKeys (ConfUtils.java:logGet(43)) - raft.server.watch.timeout = 10s (default)
2019-09-25 07:29:38,574 [b7d5002f-68a3-48a4-8c4e-727f678e6e65@group-9CB1585A4811:LeaderElection43] INFO  server.RaftServerConfigKeys (ConfUtils.java:logGet(43)) - raft.server.watch.timeout.denomination = 1s (default)
2019-09-25 07:29:38,574 [b7d5002f-68a3-48a4-8c4e-727f678e6e65@group-9CB1585A4811:LeaderElection43] INFO  server.RaftServerConfigKeys (ConfUtils.java:logGet(43)) - raft.server.watch.element-limit = 65536 (default)
2019-09-25 07:29:38,577 [b7d5002f-68a3-48a4-8c4e-727f678e6e65@group-9CB1585A4811:LeaderElection43] INFO  impl.RoleInfo (RoleInfo.java:updateAndGet(143)) - b7d5002f-68a3-48a4-8c4e-727f678e6e65: start LeaderState
2019-09-25 07:29:38,577 [b7d5002f-68a3-48a4-8c4e-727f678e6e65@group-9CB1585A4811:LeaderElection43] INFO  segmented.SegmentedRaftLogWorker (SegmentedRaftLogWorker.java:startLogSegment(380)) - b7d5002f-68a3-48a4-8c4e-727f678e6e65@group-9CB1585A4811-SegmentedRaftLogWorker: Starting segment from index:0
2019-09-25 07:29:38,577 [b7d5002f-68a3-48a4-8c4e-727f678e6e65@group-9CB1585A4811:LeaderElection43] INFO  impl.RaftServerImpl (ServerState.java:setRaftConf(354)) - b7d5002f-68a3-48a4-8c4e-727f678e6e65@group-9CB1585A4811: set configuration 0: [b7d5002f-68a3-48a4-8c4e-727f678e6e65:192.168.151.106:37354], old=null at 0
2019-09-25 07:29:38,603 [b7d5002f-68a3-48a4-8c4e-727f678e6e65@group-8F5A6717ACF7-SegmentedRaftLogWorker] INFO  segmented.SegmentedRaftLogWorker (SegmentedRaftLogWorker.java:execute(569)) - b7d5002f-68a3-48a4-8c4e-727f678e6e65@group-8F5A6717ACF7-SegmentedRaftLogWorker: created new log segment /workdir/hadoop-ozone/ozonefs/target/test-dir/MiniOzoneClusterImpl-550119eb-1d26-4ec7-b74e-58480585c2d5/datanode-1/data/ratis/f1f2fe89-8456-4a56-b000-8f5a6717acf7/current/log_inprogress_0
2019-09-25 07:29:38,644 [b7d5002f-68a3-48a4-8c4e-727f678e6e65@group-9CB1585A4811-SegmentedRaftLogWorker] INFO  segmented.SegmentedRaftLogWorker (SegmentedRaftLogWorker.java:execute(569)) - b7d5002f-68a3-48a4-8c4e-727f678e6e65@group-9CB1585A4811-SegmentedRaftLogWorker: created new log segment /workdir/hadoop-ozone/ozonefs/target/test-dir/MiniOzoneClusterImpl-550119eb-1d26-4ec7-b74e-58480585c2d5/datanode-1/data/ratis/40e69ec0-eeb9-47c7-b754-9cb1585a4811/current/log_inprogress_0
2019-09-25 07:29:38,696 [Thread-746] INFO  impl.FollowerState (FollowerState.java:run(106)) - b7d5002f-68a3-48a4-8c4e-727f678e6e65:group-CAF36437224E changes to CANDIDATE, lastRpcTime:5031, electionTimeout:5031ms
2019-09-25 07:29:38,697 [Thread-746] INFO  impl.RoleInfo (RoleInfo.java:shutdownFollowerState(121)) - b7d5002f-68a3-48a4-8c4e-727f678e6e65: shutdown FollowerState
2019-09-25 07:29:38,697 [Thread-746] INFO  impl.RaftServerImpl (RaftServerImpl.java:setRole(174)) - b7d5002f-68a3-48a4-8c4e-727f678e6e65@group-CAF36437224E: changes role from  FOLLOWER to CANDIDATE at term 0 for changeToCandidate
2019-09-25 07:29:38,697 [Thread-746] INFO  impl.RoleInfo (RoleInfo.java:updateAndGet(143)) - b7d5002f-68a3-48a4-8c4e-727f678e6e65: start LeaderElection
2019-09-25 07:29:38,717 [Thread-740] INFO  impl.FollowerState (FollowerState.java:run(106)) - aa97873c-9bae-4a89-a297-61bb6211fe8e:group-C7D9F6661017 changes to CANDIDATE, lastRpcTime:5187, electionTimeout:5187ms
2019-09-25 07:29:38,718 [Thread-740] INFO  impl.RoleInfo (RoleInfo.java:shutdownFollowerState(121)) - aa97873c-9bae-4a89-a297-61bb6211fe8e: shutdown FollowerState
2019-09-25 07:29:38,718 [Thread-740] INFO  impl.RaftServerImpl (RaftServerImpl.java:setRole(174)) - aa97873c-9bae-4a89-a297-61bb6211fe8e@group-C7D9F6661017: changes role from  FOLLOWER to CANDIDATE at term 0 for changeToCandidate
2019-09-25 07:29:38,718 [Thread-740] INFO  impl.RoleInfo (RoleInfo.java:updateAndGet(143)) - aa97873c-9bae-4a89-a297-61bb6211fe8e: start LeaderElection
2019-09-25 07:29:38,725 [b7d5002f-68a3-48a4-8c4e-727f678e6e65@group-CAF36437224E:LeaderElection44] INFO  impl.LeaderElection (LeaderElection.java:askForVotes(182)) - b7d5002f-68a3-48a4-8c4e-727f678e6e65@group-CAF36437224E:LeaderElection44: begin an election at term 1 for -1: [b7d5002f-68a3-48a4-8c4e-727f678e6e65:192.168.151.106:37354], old=null
2019-09-25 07:29:38,725 [b7d5002f-68a3-48a4-8c4e-727f678e6e65@group-CAF36437224E:LeaderElection44] INFO  impl.RoleInfo (RoleInfo.java:shutdownLeaderElection(134)) - b7d5002f-68a3-48a4-8c4e-727f678e6e65: shutdown LeaderElection
2019-09-25 07:29:38,725 [b7d5002f-68a3-48a4-8c4e-727f678e6e65@group-CAF36437224E:LeaderElection44] INFO  impl.RaftServerImpl (RaftServerImpl.java:setRole(174)) - b7d5002f-68a3-48a4-8c4e-727f678e6e65@group-CAF36437224E: changes role from CANDIDATE to LEADER at term 1 for changeToLeader
2019-09-25 07:29:38,725 [b7d5002f-68a3-48a4-8c4e-727f678e6e65@group-CAF36437224E:LeaderElection44] INFO  impl.RaftServerImpl (ServerState.java:setLeader(253)) - b7d5002f-68a3-48a4-8c4e-727f678e6e65@group-CAF36437224E: change Leader from null to b7d5002f-68a3-48a4-8c4e-727f678e6e65 at term 1 for becomeLeader, leader elected after 5066ms
2019-09-25 07:29:38,726 [b7d5002f-68a3-48a4-8c4e-727f678e6e65@group-CAF36437224E:LeaderElection44] INFO  server.RaftServerConfigKeys (ConfUtils.java:logGet(43)) - raft.server.staging.catchup.gap = 1000 (default)
2019-09-25 07:29:38,726 [b7d5002f-68a3-48a4-8c4e-727f678e6e65@group-CAF36437224E:LeaderElection44] INFO  server.RaftServerConfigKeys (ConfUtils.java:logGet(43)) - raft.server.rpc.sleep.time = 25ms (default)
2019-09-25 07:29:38,726 [b7d5002f-68a3-48a4-8c4e-727f678e6e65@group-CAF36437224E:LeaderElection44] INFO  server.RaftServerConfigKeys (ConfUtils.java:logGet(43)) - raft.server.write.element-limit = 4096 (default)
2019-09-25 07:29:38,726 [b7d5002f-68a3-48a4-8c4e-727f678e6e65@group-CAF36437224E:LeaderElection44] INFO  server.RaftServerConfigKeys (ConfUtils.java:logGet(43)) - raft.server.watch.timeout = 10s (default)
2019-09-25 07:29:38,726 [b7d5002f-68a3-48a4-8c4e-727f678e6e65@group-CAF36437224E:LeaderElection44] INFO  server.RaftServerConfigKeys (ConfUtils.java:logGet(43)) - raft.server.watch.timeout.denomination = 1s (default)
2019-09-25 07:29:38,727 [b7d5002f-68a3-48a4-8c4e-727f678e6e65@group-CAF36437224E:LeaderElection44] INFO  server.RaftServerConfigKeys (ConfUtils.java:logGet(43)) - raft.server.watch.element-limit = 65536 (default)
2019-09-25 07:29:38,729 [b7d5002f-68a3-48a4-8c4e-727f678e6e65@group-CAF36437224E:LeaderElection44] INFO  impl.RoleInfo (RoleInfo.java:updateAndGet(143)) - b7d5002f-68a3-48a4-8c4e-727f678e6e65: start LeaderState
2019-09-25 07:29:38,729 [b7d5002f-68a3-48a4-8c4e-727f678e6e65@group-CAF36437224E:LeaderElection44] INFO  segmented.SegmentedRaftLogWorker (SegmentedRaftLogWorker.java:startLogSegment(380)) - b7d5002f-68a3-48a4-8c4e-727f678e6e65@group-CAF36437224E-SegmentedRaftLogWorker: Starting segment from index:0
2019-09-25 07:29:38,730 [b7d5002f-68a3-48a4-8c4e-727f678e6e65@group-CAF36437224E:LeaderElection44] INFO  impl.RaftServerImpl (ServerState.java:setRaftConf(354)) - b7d5002f-68a3-48a4-8c4e-727f678e6e65@group-CAF36437224E: set configuration 0: [b7d5002f-68a3-48a4-8c4e-727f678e6e65:192.168.151.106:37354], old=null at 0
2019-09-25 07:29:38,746 [aa97873c-9bae-4a89-a297-61bb6211fe8e@group-C7D9F6661017:LeaderElection45] INFO  impl.LeaderElection (LeaderElection.java:askForVotes(182)) - aa97873c-9bae-4a89-a297-61bb6211fe8e@group-C7D9F6661017:LeaderElection45: begin an election at term 1 for -1: [aa97873c-9bae-4a89-a297-61bb6211fe8e:192.168.151.106:40198], old=null
2019-09-25 07:29:38,746 [aa97873c-9bae-4a89-a297-61bb6211fe8e@group-C7D9F6661017:LeaderElection45] INFO  impl.RoleInfo (RoleInfo.java:shutdownLeaderElection(134)) - aa97873c-9bae-4a89-a297-61bb6211fe8e: shutdown LeaderElection
2019-09-25 07:29:38,746 [aa97873c-9bae-4a89-a297-61bb6211fe8e@group-C7D9F6661017:LeaderElection45] INFO  impl.RaftServerImpl (RaftServerImpl.java:setRole(174)) - aa97873c-9bae-4a89-a297-61bb6211fe8e@group-C7D9F6661017: changes role from CANDIDATE to LEADER at term 1 for changeToLeader
2019-09-25 07:29:38,746 [aa97873c-9bae-4a89-a297-61bb6211fe8e@group-C7D9F6661017:LeaderElection45] INFO  impl.RaftServerImpl (ServerState.java:setLeader(253)) - aa97873c-9bae-4a89-a297-61bb6211fe8e@group-C7D9F6661017: change Leader from null to aa97873c-9bae-4a89-a297-61bb6211fe8e at term 1 for becomeLeader, leader elected after 5223ms
2019-09-25 07:29:38,747 [aa97873c-9bae-4a89-a297-61bb6211fe8e@group-C7D9F6661017:LeaderElection45] INFO  server.RaftServerConfigKeys (ConfUtils.java:logGet(43)) - raft.server.staging.catchup.gap = 1000 (default)
2019-09-25 07:29:38,747 [aa97873c-9bae-4a89-a297-61bb6211fe8e@group-C7D9F6661017:LeaderElection45] INFO  server.RaftServerConfigKeys (ConfUtils.java:logGet(43)) - raft.server.rpc.sleep.time = 25ms (default)
2019-09-25 07:29:38,747 [aa97873c-9bae-4a89-a297-61bb6211fe8e@group-C7D9F6661017:LeaderElection45] INFO  server.RaftServerConfigKeys (ConfUtils.java:logGet(43)) - raft.server.write.element-limit = 4096 (default)
2019-09-25 07:29:38,747 [aa97873c-9bae-4a89-a297-61bb6211fe8e@group-C7D9F6661017:LeaderElection45] INFO  server.RaftServerConfigKeys (ConfUtils.java:logGet(43)) - raft.server.watch.timeout = 10s (default)
2019-09-25 07:29:38,747 [aa97873c-9bae-4a89-a297-61bb6211fe8e@group-C7D9F6661017:LeaderElection45] INFO  server.RaftServerConfigKeys (ConfUtils.java:logGet(43)) - raft.server.watch.timeout.denomination = 1s (default)
2019-09-25 07:29:38,747 [aa97873c-9bae-4a89-a297-61bb6211fe8e@group-C7D9F6661017:LeaderElection45] INFO  server.RaftServerConfigKeys (ConfUtils.java:logGet(43)) - raft.server.watch.element-limit = 65536 (default)
2019-09-25 07:29:38,750 [aa97873c-9bae-4a89-a297-61bb6211fe8e@group-C7D9F6661017:LeaderElection45] INFO  impl.RoleInfo (RoleInfo.java:updateAndGet(143)) - aa97873c-9bae-4a89-a297-61bb6211fe8e: start LeaderState
2019-09-25 07:29:38,751 [aa97873c-9bae-4a89-a297-61bb6211fe8e@group-C7D9F6661017:LeaderElection45] INFO  segmented.SegmentedRaftLogWorker (SegmentedRaftLogWorker.java:startLogSegment(380)) - aa97873c-9bae-4a89-a297-61bb6211fe8e@group-C7D9F6661017-SegmentedRaftLogWorker: Starting segment from index:0
2019-09-25 07:29:38,751 [aa97873c-9bae-4a89-a297-61bb6211fe8e@group-C7D9F6661017:LeaderElection45] INFO  impl.RaftServerImpl (ServerState.java:setRaftConf(354)) - aa97873c-9bae-4a89-a297-61bb6211fe8e@group-C7D9F6661017: set configuration 0: [aa97873c-9bae-4a89-a297-61bb6211fe8e:192.168.151.106:40198], old=null at 0
2019-09-25 07:29:38,782 [Thread-743] INFO  impl.FollowerState (FollowerState.java:run(106)) - aa97873c-9bae-4a89-a297-61bb6211fe8e:group-0D6827D656A9 changes to CANDIDATE, lastRpcTime:5186, electionTimeout:5186ms
2019-09-25 07:29:38,782 [Thread-743] INFO  impl.RoleInfo (RoleInfo.java:shutdownFollowerState(121)) - aa97873c-9bae-4a89-a297-61bb6211fe8e: shutdown FollowerState
2019-09-25 07:29:38,782 [Thread-743] INFO  impl.RaftServerImpl (RaftServerImpl.java:setRole(174)) - aa97873c-9bae-4a89-a297-61bb6211fe8e@group-0D6827D656A9: changes role from  FOLLOWER to CANDIDATE at term 0 for changeToCandidate
2019-09-25 07:29:38,782 [Thread-743] INFO  impl.RoleInfo (RoleInfo.java:updateAndGet(143)) - aa97873c-9bae-4a89-a297-61bb6211fe8e: start LeaderElection
2019-09-25 07:29:38,790 [b7d5002f-68a3-48a4-8c4e-727f678e6e65@group-CAF36437224E-SegmentedRaftLogWorker] INFO  segmented.SegmentedRaftLogWorker (SegmentedRaftLogWorker.java:execute(569)) - b7d5002f-68a3-48a4-8c4e-727f678e6e65@group-CAF36437224E-SegmentedRaftLogWorker: created new log segment /workdir/hadoop-ozone/ozonefs/target/test-dir/MiniOzoneClusterImpl-550119eb-1d26-4ec7-b74e-58480585c2d5/datanode-1/data/ratis/1fdc721d-8a5b-46a4-81be-caf36437224e/current/log_inprogress_0
2019-09-25 07:29:38,803 [aa97873c-9bae-4a89-a297-61bb6211fe8e@group-C7D9F6661017-SegmentedRaftLogWorker] INFO  segmented.SegmentedRaftLogWorker (SegmentedRaftLogWorker.java:execute(569)) - aa97873c-9bae-4a89-a297-61bb6211fe8e@group-C7D9F6661017-SegmentedRaftLogWorker: created new log segment /workdir/hadoop-ozone/ozonefs/target/test-dir/MiniOzoneClusterImpl-550119eb-1d26-4ec7-b74e-58480585c2d5/datanode-0/data/ratis/960a1d8d-caae-4c7f-bc52-c7d9f6661017/current/log_inprogress_0
2019-09-25 07:29:38,803 [aa97873c-9bae-4a89-a297-61bb6211fe8e@group-0D6827D656A9:LeaderElection46] INFO  impl.LeaderElection (LeaderElection.java:askForVotes(182)) - aa97873c-9bae-4a89-a297-61bb6211fe8e@group-0D6827D656A9:LeaderElection46: begin an election at term 1 for -1: [aa97873c-9bae-4a89-a297-61bb6211fe8e:192.168.151.106:40198], old=null
2019-09-25 07:29:38,803 [aa97873c-9bae-4a89-a297-61bb6211fe8e@group-0D6827D656A9:LeaderElection46] INFO  impl.RoleInfo (RoleInfo.java:shutdownLeaderElection(134)) - aa97873c-9bae-4a89-a297-61bb6211fe8e: shutdown LeaderElection
2019-09-25 07:29:38,803 [aa97873c-9bae-4a89-a297-61bb6211fe8e@group-0D6827D656A9:LeaderElection46] INFO  impl.RaftServerImpl (RaftServerImpl.java:setRole(174)) - aa97873c-9bae-4a89-a297-61bb6211fe8e@group-0D6827D656A9: changes role from CANDIDATE to LEADER at term 1 for changeToLeader
2019-09-25 07:29:38,804 [aa97873c-9bae-4a89-a297-61bb6211fe8e@group-0D6827D656A9:LeaderElection46] INFO  impl.RaftServerImpl (ServerState.java:setLeader(253)) - aa97873c-9bae-4a89-a297-61bb6211fe8e@group-0D6827D656A9: change Leader from null to aa97873c-9bae-4a89-a297-61bb6211fe8e at term 1 for becomeLeader, leader elected after 5214ms
2019-09-25 07:29:38,804 [aa97873c-9bae-4a89-a297-61bb6211fe8e@group-0D6827D656A9:LeaderElection46] INFO  server.RaftServerConfigKeys (ConfUtils.java:logGet(43)) - raft.server.staging.catchup.gap = 1000 (default)
2019-09-25 07:29:38,804 [aa97873c-9bae-4a89-a297-61bb6211fe8e@group-0D6827D656A9:LeaderElection46] INFO  server.RaftServerConfigKeys (ConfUtils.java:logGet(43)) - raft.server.rpc.sleep.time = 25ms (default)
2019-09-25 07:29:38,804 [aa97873c-9bae-4a89-a297-61bb6211fe8e@group-0D6827D656A9:LeaderElection46] INFO  server.RaftServerConfigKeys (ConfUtils.java:logGet(43)) - raft.server.write.element-limit = 4096 (default)
2019-09-25 07:29:38,804 [aa97873c-9bae-4a89-a297-61bb6211fe8e@group-0D6827D656A9:LeaderElection46] INFO  server.RaftServerConfigKeys (ConfUtils.java:logGet(43)) - raft.server.watch.timeout = 10s (default)
2019-09-25 07:29:38,805 [aa97873c-9bae-4a89-a297-61bb6211fe8e@group-0D6827D656A9:LeaderElection46] INFO  server.RaftServerConfigKeys (ConfUtils.java:logGet(43)) - raft.server.watch.timeout.denomination = 1s (default)
2019-09-25 07:29:38,805 [aa97873c-9bae-4a89-a297-61bb6211fe8e@group-0D6827D656A9:LeaderElection46] INFO  server.RaftServerConfigKeys (ConfUtils.java:logGet(43)) - raft.server.watch.element-limit = 65536 (default)
2019-09-25 07:29:38,807 [aa97873c-9bae-4a89-a297-61bb6211fe8e@group-0D6827D656A9:LeaderElection46] INFO  impl.RoleInfo (RoleInfo.java:updateAndGet(143)) - aa97873c-9bae-4a89-a297-61bb6211fe8e: start LeaderState
2019-09-25 07:29:38,808 [aa97873c-9bae-4a89-a297-61bb6211fe8e@group-0D6827D656A9:LeaderElection46] INFO  segmented.SegmentedRaftLogWorker (SegmentedRaftLogWorker.java:startLogSegment(380)) - aa97873c-9bae-4a89-a297-61bb6211fe8e@group-0D6827D656A9-SegmentedRaftLogWorker: Starting segment from index:0
2019-09-25 07:29:38,808 [aa97873c-9bae-4a89-a297-61bb6211fe8e@group-0D6827D656A9:LeaderElection46] INFO  impl.RaftServerImpl (ServerState.java:setRaftConf(354)) - aa97873c-9bae-4a89-a297-61bb6211fe8e@group-0D6827D656A9: set configuration 0: [aa97873c-9bae-4a89-a297-61bb6211fe8e:192.168.151.106:40198], old=null at 0
2019-09-25 07:29:38,861 [Thread-749] INFO  impl.FollowerState (FollowerState.java:run(106)) - 942178b8-9bdf-4823-b12b-68105f0b6dcc:group-AE521EA0D099 changes to CANDIDATE, lastRpcTime:5133, electionTimeout:5133ms
2019-09-25 07:29:38,861 [Thread-749] INFO  impl.RoleInfo (RoleInfo.java:shutdownFollowerState(121)) - 942178b8-9bdf-4823-b12b-68105f0b6dcc: shutdown FollowerState
2019-09-25 07:29:38,862 [Thread-749] INFO  impl.RaftServerImpl (RaftServerImpl.java:setRole(174)) - 942178b8-9bdf-4823-b12b-68105f0b6dcc@group-AE521EA0D099: changes role from  FOLLOWER to CANDIDATE at term 0 for changeToCandidate
2019-09-25 07:29:38,862 [Thread-749] INFO  impl.RoleInfo (RoleInfo.java:updateAndGet(143)) - 942178b8-9bdf-4823-b12b-68105f0b6dcc: start LeaderElection
2019-09-25 07:29:38,873 [Thread-755] INFO  impl.FollowerState (FollowerState.java:run(106)) - 942178b8-9bdf-4823-b12b-68105f0b6dcc:group-081AD32C1E44 changes to CANDIDATE, lastRpcTime:5048, electionTimeout:5048ms
2019-09-25 07:29:38,873 [Thread-755] INFO  impl.RoleInfo (RoleInfo.java:shutdownFollowerState(121)) - 942178b8-9bdf-4823-b12b-68105f0b6dcc: shutdown FollowerState
2019-09-25 07:29:38,873 [Thread-755] INFO  impl.RaftServerImpl (RaftServerImpl.java:setRole(174)) - 942178b8-9bdf-4823-b12b-68105f0b6dcc@group-081AD32C1E44: changes role from  FOLLOWER to CANDIDATE at term 0 for changeToCandidate
2019-09-25 07:29:38,873 [Thread-755] INFO  impl.RoleInfo (RoleInfo.java:updateAndGet(143)) - 942178b8-9bdf-4823-b12b-68105f0b6dcc: start LeaderElection
2019-09-25 07:29:38,878 [aa97873c-9bae-4a89-a297-61bb6211fe8e@group-0D6827D656A9-SegmentedRaftLogWorker] INFO  segmented.SegmentedRaftLogWorker (SegmentedRaftLogWorker.java:execute(569)) - aa97873c-9bae-4a89-a297-61bb6211fe8e@group-0D6827D656A9-SegmentedRaftLogWorker: created new log segment /workdir/hadoop-ozone/ozonefs/target/test-dir/MiniOzoneClusterImpl-550119eb-1d26-4ec7-b74e-58480585c2d5/datanode-0/data/ratis/85794538-8151-4585-9e68-0d6827d656a9/current/log_inprogress_0
2019-09-25 07:29:38,901 [942178b8-9bdf-4823-b12b-68105f0b6dcc@group-AE521EA0D099:LeaderElection47] INFO  impl.LeaderElection (LeaderElection.java:askForVotes(182)) - 942178b8-9bdf-4823-b12b-68105f0b6dcc@group-AE521EA0D099:LeaderElection47: begin an election at term 1 for -1: [942178b8-9bdf-4823-b12b-68105f0b6dcc:192.168.151.106:45883], old=null
2019-09-25 07:29:38,901 [942178b8-9bdf-4823-b12b-68105f0b6dcc@group-081AD32C1E44:LeaderElection48] INFO  impl.LeaderElection (LeaderElection.java:askForVotes(182)) - 942178b8-9bdf-4823-b12b-68105f0b6dcc@group-081AD32C1E44:LeaderElection48: begin an election at term 1 for -1: [942178b8-9bdf-4823-b12b-68105f0b6dcc:192.168.151.106:45883], old=null
2019-09-25 07:29:38,901 [942178b8-9bdf-4823-b12b-68105f0b6dcc@group-AE521EA0D099:LeaderElection47] INFO  impl.RoleInfo (RoleInfo.java:shutdownLeaderElection(134)) - 942178b8-9bdf-4823-b12b-68105f0b6dcc: shutdown LeaderElection
2019-09-25 07:29:38,901 [942178b8-9bdf-4823-b12b-68105f0b6dcc@group-081AD32C1E44:LeaderElection48] INFO  impl.RoleInfo (RoleInfo.java:shutdownLeaderElection(134)) - 942178b8-9bdf-4823-b12b-68105f0b6dcc: shutdown LeaderElection
2019-09-25 07:29:38,901 [942178b8-9bdf-4823-b12b-68105f0b6dcc@group-AE521EA0D099:LeaderElection47] INFO  impl.RaftServerImpl (RaftServerImpl.java:setRole(174)) - 942178b8-9bdf-4823-b12b-68105f0b6dcc@group-AE521EA0D099: changes role from CANDIDATE to LEADER at term 1 for changeToLeader
2019-09-25 07:29:38,901 [942178b8-9bdf-4823-b12b-68105f0b6dcc@group-081AD32C1E44:LeaderElection48] INFO  impl.RaftServerImpl (RaftServerImpl.java:setRole(174)) - 942178b8-9bdf-4823-b12b-68105f0b6dcc@group-081AD32C1E44: changes role from CANDIDATE to LEADER at term 1 for changeToLeader
2019-09-25 07:29:38,902 [942178b8-9bdf-4823-b12b-68105f0b6dcc@group-AE521EA0D099:LeaderElection47] INFO  impl.RaftServerImpl (ServerState.java:setLeader(253)) - 942178b8-9bdf-4823-b12b-68105f0b6dcc@group-AE521EA0D099: change Leader from null to 942178b8-9bdf-4823-b12b-68105f0b6dcc at term 1 for becomeLeader, leader elected after 5182ms
2019-09-25 07:29:38,902 [942178b8-9bdf-4823-b12b-68105f0b6dcc@group-081AD32C1E44:LeaderElection48] INFO  impl.RaftServerImpl (ServerState.java:setLeader(253)) - 942178b8-9bdf-4823-b12b-68105f0b6dcc@group-081AD32C1E44: change Leader from null to 942178b8-9bdf-4823-b12b-68105f0b6dcc at term 1 for becomeLeader, leader elected after 5082ms
2019-09-25 07:29:38,902 [942178b8-9bdf-4823-b12b-68105f0b6dcc@group-AE521EA0D099:LeaderElection47] INFO  server.RaftServerConfigKeys (ConfUtils.java:logGet(43)) - raft.server.staging.catchup.gap = 1000 (default)
2019-09-25 07:29:38,902 [942178b8-9bdf-4823-b12b-68105f0b6dcc@group-081AD32C1E44:LeaderElection48] INFO  server.RaftServerConfigKeys (ConfUtils.java:logGet(43)) - raft.server.staging.catchup.gap = 1000 (default)
2019-09-25 07:29:38,902 [942178b8-9bdf-4823-b12b-68105f0b6dcc@group-AE521EA0D099:LeaderElection47] INFO  server.RaftServerConfigKeys (ConfUtils.java:logGet(43)) - raft.server.rpc.sleep.time = 25ms (default)
2019-09-25 07:29:38,902 [942178b8-9bdf-4823-b12b-68105f0b6dcc@group-081AD32C1E44:LeaderElection48] INFO  server.RaftServerConfigKeys (ConfUtils.java:logGet(43)) - raft.server.rpc.sleep.time = 25ms (default)
2019-09-25 07:29:38,902 [942178b8-9bdf-4823-b12b-68105f0b6dcc@group-AE521EA0D099:LeaderElection47] INFO  server.RaftServerConfigKeys (ConfUtils.java:logGet(43)) - raft.server.write.element-limit = 4096 (default)
2019-09-25 07:29:38,903 [942178b8-9bdf-4823-b12b-68105f0b6dcc@group-081AD32C1E44:LeaderElection48] INFO  server.RaftServerConfigKeys (ConfUtils.java:logGet(43)) - raft.server.write.element-limit = 4096 (default)
2019-09-25 07:29:38,903 [942178b8-9bdf-4823-b12b-68105f0b6dcc@group-AE521EA0D099:LeaderElection47] INFO  server.RaftServerConfigKeys (ConfUtils.java:logGet(43)) - raft.server.watch.timeout = 10s (default)
2019-09-25 07:29:38,903 [942178b8-9bdf-4823-b12b-68105f0b6dcc@group-081AD32C1E44:LeaderElection48] INFO  server.RaftServerConfigKeys (ConfUtils.java:logGet(43)) - raft.server.watch.timeout = 10s (default)
2019-09-25 07:29:38,903 [942178b8-9bdf-4823-b12b-68105f0b6dcc@group-AE521EA0D099:LeaderElection47] INFO  server.RaftServerConfigKeys (ConfUtils.java:logGet(43)) - raft.server.watch.timeout.denomination = 1s (default)
2019-09-25 07:29:38,903 [942178b8-9bdf-4823-b12b-68105f0b6dcc@group-081AD32C1E44:LeaderElection48] INFO  server.RaftServerConfigKeys (ConfUtils.java:logGet(43)) - raft.server.watch.timeout.denomination = 1s (default)
2019-09-25 07:29:38,903 [942178b8-9bdf-4823-b12b-68105f0b6dcc@group-AE521EA0D099:LeaderElection47] INFO  server.RaftServerConfigKeys (ConfUtils.java:logGet(43)) - raft.server.watch.element-limit = 65536 (default)
2019-09-25 07:29:38,903 [942178b8-9bdf-4823-b12b-68105f0b6dcc@group-081AD32C1E44:LeaderElection48] INFO  server.RaftServerConfigKeys (ConfUtils.java:logGet(43)) - raft.server.watch.element-limit = 65536 (default)
2019-09-25 07:29:38,906 [Thread-752] INFO  impl.FollowerState (FollowerState.java:run(106)) - 942178b8-9bdf-4823-b12b-68105f0b6dcc:group-3AFF75B65A1B changes to CANDIDATE, lastRpcTime:5125, electionTimeout:5125ms
2019-09-25 07:29:38,906 [Thread-752] INFO  impl.RoleInfo (RoleInfo.java:shutdownFollowerState(121)) - 942178b8-9bdf-4823-b12b-68105f0b6dcc: shutdown FollowerState
2019-09-25 07:29:38,906 [Thread-752] INFO  impl.RaftServerImpl (RaftServerImpl.java:setRole(174)) - 942178b8-9bdf-4823-b12b-68105f0b6dcc@group-3AFF75B65A1B: changes role from  FOLLOWER to CANDIDATE at term 0 for changeToCandidate
2019-09-25 07:29:38,906 [Thread-752] INFO  impl.RoleInfo (RoleInfo.java:updateAndGet(143)) - 942178b8-9bdf-4823-b12b-68105f0b6dcc: start LeaderElection
2019-09-25 07:29:38,909 [942178b8-9bdf-4823-b12b-68105f0b6dcc@group-AE521EA0D099:LeaderElection47] INFO  impl.RoleInfo (RoleInfo.java:updateAndGet(143)) - 942178b8-9bdf-4823-b12b-68105f0b6dcc: start LeaderState
2019-09-25 07:29:38,909 [942178b8-9bdf-4823-b12b-68105f0b6dcc@group-AE521EA0D099:LeaderElection47] INFO  segmented.SegmentedRaftLogWorker (SegmentedRaftLogWorker.java:startLogSegment(380)) - 942178b8-9bdf-4823-b12b-68105f0b6dcc@group-AE521EA0D099-SegmentedRaftLogWorker: Starting segment from index:0
2019-09-25 07:29:38,909 [942178b8-9bdf-4823-b12b-68105f0b6dcc@group-081AD32C1E44:LeaderElection48] INFO  impl.RoleInfo (RoleInfo.java:updateAndGet(143)) - 942178b8-9bdf-4823-b12b-68105f0b6dcc: start LeaderState
2019-09-25 07:29:38,910 [942178b8-9bdf-4823-b12b-68105f0b6dcc@group-081AD32C1E44:LeaderElection48] INFO  segmented.SegmentedRaftLogWorker (SegmentedRaftLogWorker.java:startLogSegment(380)) - 942178b8-9bdf-4823-b12b-68105f0b6dcc@group-081AD32C1E44-SegmentedRaftLogWorker: Starting segment from index:0
2019-09-25 07:29:38,910 [942178b8-9bdf-4823-b12b-68105f0b6dcc@group-AE521EA0D099:LeaderElection47] INFO  impl.RaftServerImpl (ServerState.java:setRaftConf(354)) - 942178b8-9bdf-4823-b12b-68105f0b6dcc@group-AE521EA0D099: set configuration 0: [942178b8-9bdf-4823-b12b-68105f0b6dcc:192.168.151.106:45883], old=null at 0
2019-09-25 07:29:38,910 [942178b8-9bdf-4823-b12b-68105f0b6dcc@group-081AD32C1E44:LeaderElection48] INFO  impl.RaftServerImpl (ServerState.java:setRaftConf(354)) - 942178b8-9bdf-4823-b12b-68105f0b6dcc@group-081AD32C1E44: set configuration 0: [942178b8-9bdf-4823-b12b-68105f0b6dcc:192.168.151.106:45883], old=null at 0
2019-09-25 07:29:38,933 [942178b8-9bdf-4823-b12b-68105f0b6dcc@group-3AFF75B65A1B:LeaderElection49] INFO  impl.LeaderElection (LeaderElection.java:askForVotes(182)) - 942178b8-9bdf-4823-b12b-68105f0b6dcc@group-3AFF75B65A1B:LeaderElection49: begin an election at term 1 for -1: [942178b8-9bdf-4823-b12b-68105f0b6dcc:192.168.151.106:45883], old=null
2019-09-25 07:29:38,934 [942178b8-9bdf-4823-b12b-68105f0b6dcc@group-3AFF75B65A1B:LeaderElection49] INFO  impl.RoleInfo (RoleInfo.java:shutdownLeaderElection(134)) - 942178b8-9bdf-4823-b12b-68105f0b6dcc: shutdown LeaderElection
2019-09-25 07:29:38,934 [942178b8-9bdf-4823-b12b-68105f0b6dcc@group-3AFF75B65A1B:LeaderElection49] INFO  impl.RaftServerImpl (RaftServerImpl.java:setRole(174)) - 942178b8-9bdf-4823-b12b-68105f0b6dcc@group-3AFF75B65A1B: changes role from CANDIDATE to LEADER at term 1 for changeToLeader
2019-09-25 07:29:38,934 [942178b8-9bdf-4823-b12b-68105f0b6dcc@group-3AFF75B65A1B:LeaderElection49] INFO  impl.RaftServerImpl (ServerState.java:setLeader(253)) - 942178b8-9bdf-4823-b12b-68105f0b6dcc@group-3AFF75B65A1B: change Leader from null to 942178b8-9bdf-4823-b12b-68105f0b6dcc at term 1 for becomeLeader, leader elected after 5159ms
2019-09-25 07:29:38,934 [942178b8-9bdf-4823-b12b-68105f0b6dcc@group-3AFF75B65A1B:LeaderElection49] INFO  server.RaftServerConfigKeys (ConfUtils.java:logGet(43)) - raft.server.staging.catchup.gap = 1000 (default)
2019-09-25 07:29:38,934 [942178b8-9bdf-4823-b12b-68105f0b6dcc@group-3AFF75B65A1B:LeaderElection49] INFO  server.RaftServerConfigKeys (ConfUtils.java:logGet(43)) - raft.server.rpc.sleep.time = 25ms (default)
2019-09-25 07:29:38,935 [942178b8-9bdf-4823-b12b-68105f0b6dcc@group-3AFF75B65A1B:LeaderElection49] INFO  server.RaftServerConfigKeys (ConfUtils.java:logGet(43)) - raft.server.write.element-limit = 4096 (default)
2019-09-25 07:29:38,935 [942178b8-9bdf-4823-b12b-68105f0b6dcc@group-3AFF75B65A1B:LeaderElection49] INFO  server.RaftServerConfigKeys (ConfUtils.java:logGet(43)) - raft.server.watch.timeout = 10s (default)
2019-09-25 07:29:38,935 [942178b8-9bdf-4823-b12b-68105f0b6dcc@group-3AFF75B65A1B:LeaderElection49] INFO  server.RaftServerConfigKeys (ConfUtils.java:logGet(43)) - raft.server.watch.timeout.denomination = 1s (default)
2019-09-25 07:29:38,935 [942178b8-9bdf-4823-b12b-68105f0b6dcc@group-3AFF75B65A1B:LeaderElection49] INFO  server.RaftServerConfigKeys (ConfUtils.java:logGet(43)) - raft.server.watch.element-limit = 65536 (default)
2019-09-25 07:29:38,938 [942178b8-9bdf-4823-b12b-68105f0b6dcc@group-3AFF75B65A1B:LeaderElection49] INFO  impl.RoleInfo (RoleInfo.java:updateAndGet(143)) - 942178b8-9bdf-4823-b12b-68105f0b6dcc: start LeaderState
2019-09-25 07:29:38,938 [942178b8-9bdf-4823-b12b-68105f0b6dcc@group-3AFF75B65A1B:LeaderElection49] INFO  segmented.SegmentedRaftLogWorker (SegmentedRaftLogWorker.java:startLogSegment(380)) - 942178b8-9bdf-4823-b12b-68105f0b6dcc@group-3AFF75B65A1B-SegmentedRaftLogWorker: Starting segment from index:0
2019-09-25 07:29:38,939 [942178b8-9bdf-4823-b12b-68105f0b6dcc@group-3AFF75B65A1B:LeaderElection49] INFO  impl.RaftServerImpl (ServerState.java:setRaftConf(354)) - 942178b8-9bdf-4823-b12b-68105f0b6dcc@group-3AFF75B65A1B: set configuration 0: [942178b8-9bdf-4823-b12b-68105f0b6dcc:192.168.151.106:45883], old=null at 0
2019-09-25 07:29:38,974 [942178b8-9bdf-4823-b12b-68105f0b6dcc@group-081AD32C1E44-SegmentedRaftLogWorker] INFO  segmented.SegmentedRaftLogWorker (SegmentedRaftLogWorker.java:execute(569)) - 942178b8-9bdf-4823-b12b-68105f0b6dcc@group-081AD32C1E44-SegmentedRaftLogWorker: created new log segment /workdir/hadoop-ozone/ozonefs/target/test-dir/MiniOzoneClusterImpl-550119eb-1d26-4ec7-b74e-58480585c2d5/datanode-2/data/ratis/53cecac5-970c-4c7c-a651-081ad32c1e44/current/log_inprogress_0
2019-09-25 07:29:38,975 [942178b8-9bdf-4823-b12b-68105f0b6dcc@group-AE521EA0D099-SegmentedRaftLogWorker] INFO  segmented.SegmentedRaftLogWorker (SegmentedRaftLogWorker.java:execute(569)) - 942178b8-9bdf-4823-b12b-68105f0b6dcc@group-AE521EA0D099-SegmentedRaftLogWorker: created new log segment /workdir/hadoop-ozone/ozonefs/target/test-dir/MiniOzoneClusterImpl-550119eb-1d26-4ec7-b74e-58480585c2d5/datanode-2/data/ratis/17657937-8d3b-4823-a007-ae521ea0d099/current/log_inprogress_0
2019-09-25 07:29:39,000 [942178b8-9bdf-4823-b12b-68105f0b6dcc@group-3AFF75B65A1B-SegmentedRaftLogWorker] INFO  segmented.SegmentedRaftLogWorker (SegmentedRaftLogWorker.java:execute(569)) - 942178b8-9bdf-4823-b12b-68105f0b6dcc@group-3AFF75B65A1B-SegmentedRaftLogWorker: created new log segment /workdir/hadoop-ozone/ozonefs/target/test-dir/MiniOzoneClusterImpl-550119eb-1d26-4ec7-b74e-58480585c2d5/datanode-2/data/ratis/0bc2c1fa-0306-4760-9e71-3aff75b65a1b/current/log_inprogress_0
2019-09-25 07:29:39,028 [Thread-758] INFO  impl.FollowerState (FollowerState.java:run(106)) - 942178b8-9bdf-4823-b12b-68105f0b6dcc:group-9F7C29E8DDEA changes to CANDIDATE, lastRpcTime:5160, electionTimeout:5160ms
2019-09-25 07:29:39,029 [Thread-758] INFO  impl.RoleInfo (RoleInfo.java:shutdownFollowerState(121)) - 942178b8-9bdf-4823-b12b-68105f0b6dcc: shutdown FollowerState
2019-09-25 07:29:39,029 [Thread-758] INFO  impl.RaftServerImpl (RaftServerImpl.java:setRole(174)) - 942178b8-9bdf-4823-b12b-68105f0b6dcc@group-9F7C29E8DDEA: changes role from  FOLLOWER to CANDIDATE at term 0 for changeToCandidate
2019-09-25 07:29:39,029 [Thread-758] INFO  impl.RoleInfo (RoleInfo.java:updateAndGet(143)) - 942178b8-9bdf-4823-b12b-68105f0b6dcc: start LeaderElection
2019-09-25 07:29:39,046 [942178b8-9bdf-4823-b12b-68105f0b6dcc@group-9F7C29E8DDEA:LeaderElection50] INFO  impl.LeaderElection (LeaderElection.java:askForVotes(182)) - 942178b8-9bdf-4823-b12b-68105f0b6dcc@group-9F7C29E8DDEA:LeaderElection50: begin an election at term 1 for -1: [942178b8-9bdf-4823-b12b-68105f0b6dcc:192.168.151.106:45883], old=null
2019-09-25 07:29:39,046 [942178b8-9bdf-4823-b12b-68105f0b6dcc@group-9F7C29E8DDEA:LeaderElection50] INFO  impl.RoleInfo (RoleInfo.java:shutdownLeaderElection(134)) - 942178b8-9bdf-4823-b12b-68105f0b6dcc: shutdown LeaderElection
2019-09-25 07:29:39,046 [942178b8-9bdf-4823-b12b-68105f0b6dcc@group-9F7C29E8DDEA:LeaderElection50] INFO  impl.RaftServerImpl (RaftServerImpl.java:setRole(174)) - 942178b8-9bdf-4823-b12b-68105f0b6dcc@group-9F7C29E8DDEA: changes role from CANDIDATE to LEADER at term 1 for changeToLeader
2019-09-25 07:29:39,046 [942178b8-9bdf-4823-b12b-68105f0b6dcc@group-9F7C29E8DDEA:LeaderElection50] INFO  impl.RaftServerImpl (ServerState.java:setLeader(253)) - 942178b8-9bdf-4823-b12b-68105f0b6dcc@group-9F7C29E8DDEA: change Leader from null to 942178b8-9bdf-4823-b12b-68105f0b6dcc at term 1 for becomeLeader, leader elected after 5182ms
2019-09-25 07:29:39,046 [942178b8-9bdf-4823-b12b-68105f0b6dcc@group-9F7C29E8DDEA:LeaderElection50] INFO  server.RaftServerConfigKeys (ConfUtils.java:logGet(43)) - raft.server.staging.catchup.gap = 1000 (default)
2019-09-25 07:29:39,047 [942178b8-9bdf-4823-b12b-68105f0b6dcc@group-9F7C29E8DDEA:LeaderElection50] INFO  server.RaftServerConfigKeys (ConfUtils.java:logGet(43)) - raft.server.rpc.sleep.time = 25ms (default)
2019-09-25 07:29:39,047 [942178b8-9bdf-4823-b12b-68105f0b6dcc@group-9F7C29E8DDEA:LeaderElection50] INFO  server.RaftServerConfigKeys (ConfUtils.java:logGet(43)) - raft.server.write.element-limit = 4096 (default)
2019-09-25 07:29:39,047 [942178b8-9bdf-4823-b12b-68105f0b6dcc@group-9F7C29E8DDEA:LeaderElection50] INFO  server.RaftServerConfigKeys (ConfUtils.java:logGet(43)) - raft.server.watch.timeout = 10s (default)
2019-09-25 07:29:39,047 [942178b8-9bdf-4823-b12b-68105f0b6dcc@group-9F7C29E8DDEA:LeaderElection50] INFO  server.RaftServerConfigKeys (ConfUtils.java:logGet(43)) - raft.server.watch.timeout.denomination = 1s (default)
2019-09-25 07:29:39,047 [942178b8-9bdf-4823-b12b-68105f0b6dcc@group-9F7C29E8DDEA:LeaderElection50] INFO  server.RaftServerConfigKeys (ConfUtils.java:logGet(43)) - raft.server.watch.element-limit = 65536 (default)
2019-09-25 07:29:39,050 [942178b8-9bdf-4823-b12b-68105f0b6dcc@group-9F7C29E8DDEA:LeaderElection50] INFO  impl.RoleInfo (RoleInfo.java:updateAndGet(143)) - 942178b8-9bdf-4823-b12b-68105f0b6dcc: start LeaderState
2019-09-25 07:29:39,050 [942178b8-9bdf-4823-b12b-68105f0b6dcc@group-9F7C29E8DDEA:LeaderElection50] INFO  segmented.SegmentedRaftLogWorker (SegmentedRaftLogWorker.java:startLogSegment(380)) - 942178b8-9bdf-4823-b12b-68105f0b6dcc@group-9F7C29E8DDEA-SegmentedRaftLogWorker: Starting segment from index:0
2019-09-25 07:29:39,051 [942178b8-9bdf-4823-b12b-68105f0b6dcc@group-9F7C29E8DDEA:LeaderElection50] INFO  impl.RaftServerImpl (ServerState.java:setRaftConf(354)) - 942178b8-9bdf-4823-b12b-68105f0b6dcc@group-9F7C29E8DDEA: set configuration 0: [942178b8-9bdf-4823-b12b-68105f0b6dcc:192.168.151.106:45883], old=null at 0
2019-09-25 07:29:39,085 [Thread-761] INFO  impl.FollowerState (FollowerState.java:run(106)) - 942178b8-9bdf-4823-b12b-68105f0b6dcc:group-B82F2AC5131F changes to CANDIDATE, lastRpcTime:5165, electionTimeout:5165ms
2019-09-25 07:29:39,085 [Thread-761] INFO  impl.RoleInfo (RoleInfo.java:shutdownFollowerState(121)) - 942178b8-9bdf-4823-b12b-68105f0b6dcc: shutdown FollowerState
2019-09-25 07:29:39,085 [Thread-761] INFO  impl.RaftServerImpl (RaftServerImpl.java:setRole(174)) - 942178b8-9bdf-4823-b12b-68105f0b6dcc@group-B82F2AC5131F: changes role from  FOLLOWER to CANDIDATE at term 0 for changeToCandidate
2019-09-25 07:29:39,085 [Thread-761] INFO  impl.RoleInfo (RoleInfo.java:updateAndGet(143)) - 942178b8-9bdf-4823-b12b-68105f0b6dcc: start LeaderElection
2019-09-25 07:29:39,103 [942178b8-9bdf-4823-b12b-68105f0b6dcc@group-9F7C29E8DDEA-SegmentedRaftLogWorker] INFO  segmented.SegmentedRaftLogWorker (SegmentedRaftLogWorker.java:execute(569)) - 942178b8-9bdf-4823-b12b-68105f0b6dcc@group-9F7C29E8DDEA-SegmentedRaftLogWorker: created new log segment /workdir/hadoop-ozone/ozonefs/target/test-dir/MiniOzoneClusterImpl-550119eb-1d26-4ec7-b74e-58480585c2d5/datanode-2/data/ratis/1a205dee-aa0a-4df7-950c-9f7c29e8ddea/current/log_inprogress_0
2019-09-25 07:29:39,103 [942178b8-9bdf-4823-b12b-68105f0b6dcc@group-B82F2AC5131F:LeaderElection51] INFO  impl.LeaderElection (LeaderElection.java:askForVotes(182)) - 942178b8-9bdf-4823-b12b-68105f0b6dcc@group-B82F2AC5131F:LeaderElection51: begin an election at term 1 for -1: [942178b8-9bdf-4823-b12b-68105f0b6dcc:192.168.151.106:45883], old=null
2019-09-25 07:29:39,103 [942178b8-9bdf-4823-b12b-68105f0b6dcc@group-B82F2AC5131F:LeaderElection51] INFO  impl.RoleInfo (RoleInfo.java:shutdownLeaderElection(134)) - 942178b8-9bdf-4823-b12b-68105f0b6dcc: shutdown LeaderElection
2019-09-25 07:29:39,104 [942178b8-9bdf-4823-b12b-68105f0b6dcc@group-B82F2AC5131F:LeaderElection51] INFO  impl.RaftServerImpl (RaftServerImpl.java:setRole(174)) - 942178b8-9bdf-4823-b12b-68105f0b6dcc@group-B82F2AC5131F: changes role from CANDIDATE to LEADER at term 1 for changeToLeader
2019-09-25 07:29:39,104 [942178b8-9bdf-4823-b12b-68105f0b6dcc@group-B82F2AC5131F:LeaderElection51] INFO  impl.RaftServerImpl (ServerState.java:setLeader(253)) - 942178b8-9bdf-4823-b12b-68105f0b6dcc@group-B82F2AC5131F: change Leader from null to 942178b8-9bdf-4823-b12b-68105f0b6dcc at term 1 for becomeLeader, leader elected after 5191ms
2019-09-25 07:29:39,104 [942178b8-9bdf-4823-b12b-68105f0b6dcc@group-B82F2AC5131F:LeaderElection51] INFO  server.RaftServerConfigKeys (ConfUtils.java:logGet(43)) - raft.server.staging.catchup.gap = 1000 (default)
2019-09-25 07:29:39,104 [942178b8-9bdf-4823-b12b-68105f0b6dcc@group-B82F2AC5131F:LeaderElection51] INFO  server.RaftServerConfigKeys (ConfUtils.java:logGet(43)) - raft.server.rpc.sleep.time = 25ms (default)
2019-09-25 07:29:39,104 [942178b8-9bdf-4823-b12b-68105f0b6dcc@group-B82F2AC5131F:LeaderElection51] INFO  server.RaftServerConfigKeys (ConfUtils.java:logGet(43)) - raft.server.write.element-limit = 4096 (default)
2019-09-25 07:29:39,105 [942178b8-9bdf-4823-b12b-68105f0b6dcc@group-B82F2AC5131F:LeaderElection51] INFO  server.RaftServerConfigKeys (ConfUtils.java:logGet(43)) - raft.server.watch.timeout = 10s (default)
2019-09-25 07:29:39,105 [942178b8-9bdf-4823-b12b-68105f0b6dcc@group-B82F2AC5131F:LeaderElection51] INFO  server.RaftServerConfigKeys (ConfUtils.java:logGet(43)) - raft.server.watch.timeout.denomination = 1s (default)
2019-09-25 07:29:39,105 [942178b8-9bdf-4823-b12b-68105f0b6dcc@group-B82F2AC5131F:LeaderElection51] INFO  server.RaftServerConfigKeys (ConfUtils.java:logGet(43)) - raft.server.watch.element-limit = 65536 (default)
2019-09-25 07:29:39,108 [942178b8-9bdf-4823-b12b-68105f0b6dcc@group-B82F2AC5131F:LeaderElection51] INFO  impl.RoleInfo (RoleInfo.java:updateAndGet(143)) - 942178b8-9bdf-4823-b12b-68105f0b6dcc: start LeaderState
2019-09-25 07:29:39,108 [942178b8-9bdf-4823-b12b-68105f0b6dcc@group-B82F2AC5131F:LeaderElection51] INFO  segmented.SegmentedRaftLogWorker (SegmentedRaftLogWorker.java:startLogSegment(380)) - 942178b8-9bdf-4823-b12b-68105f0b6dcc@group-B82F2AC5131F-SegmentedRaftLogWorker: Starting segment from index:0
2019-09-25 07:29:39,108 [942178b8-9bdf-4823-b12b-68105f0b6dcc@group-B82F2AC5131F:LeaderElection51] INFO  impl.RaftServerImpl (ServerState.java:setRaftConf(354)) - 942178b8-9bdf-4823-b12b-68105f0b6dcc@group-B82F2AC5131F: set configuration 0: [942178b8-9bdf-4823-b12b-68105f0b6dcc:192.168.151.106:45883], old=null at 0
2019-09-25 07:29:39,159 [Thread-764] INFO  impl.FollowerState (FollowerState.java:run(106)) - 942178b8-9bdf-4823-b12b-68105f0b6dcc:group-51DF99305902 changes to CANDIDATE, lastRpcTime:5181, electionTimeout:5181ms
2019-09-25 07:29:39,159 [Thread-764] INFO  impl.RoleInfo (RoleInfo.java:shutdownFollowerState(121)) - 942178b8-9bdf-4823-b12b-68105f0b6dcc: shutdown FollowerState
2019-09-25 07:29:39,159 [Thread-764] INFO  impl.RaftServerImpl (RaftServerImpl.java:setRole(174)) - 942178b8-9bdf-4823-b12b-68105f0b6dcc@group-51DF99305902: changes role from  FOLLOWER to CANDIDATE at term 0 for changeToCandidate
2019-09-25 07:29:39,160 [Thread-764] INFO  impl.RoleInfo (RoleInfo.java:updateAndGet(143)) - 942178b8-9bdf-4823-b12b-68105f0b6dcc: start LeaderElection
2019-09-25 07:29:39,171 [942178b8-9bdf-4823-b12b-68105f0b6dcc@group-B82F2AC5131F-SegmentedRaftLogWorker] INFO  segmented.SegmentedRaftLogWorker (SegmentedRaftLogWorker.java:execute(569)) - 942178b8-9bdf-4823-b12b-68105f0b6dcc@group-B82F2AC5131F-SegmentedRaftLogWorker: created new log segment /workdir/hadoop-ozone/ozonefs/target/test-dir/MiniOzoneClusterImpl-550119eb-1d26-4ec7-b74e-58480585c2d5/datanode-2/data/ratis/12fedaa5-3c45-4b46-8c1a-b82f2ac5131f/current/log_inprogress_0
2019-09-25 07:29:39,198 [942178b8-9bdf-4823-b12b-68105f0b6dcc@group-51DF99305902:LeaderElection52] INFO  impl.LeaderElection (LeaderElection.java:askForVotes(182)) - 942178b8-9bdf-4823-b12b-68105f0b6dcc@group-51DF99305902:LeaderElection52: begin an election at term 1 for -1: [942178b8-9bdf-4823-b12b-68105f0b6dcc:192.168.151.106:45883], old=null
2019-09-25 07:29:39,199 [942178b8-9bdf-4823-b12b-68105f0b6dcc@group-51DF99305902:LeaderElection52] INFO  impl.RoleInfo (RoleInfo.java:shutdownLeaderElection(134)) - 942178b8-9bdf-4823-b12b-68105f0b6dcc: shutdown LeaderElection
2019-09-25 07:29:39,199 [942178b8-9bdf-4823-b12b-68105f0b6dcc@group-51DF99305902:LeaderElection52] INFO  impl.RaftServerImpl (RaftServerImpl.java:setRole(174)) - 942178b8-9bdf-4823-b12b-68105f0b6dcc@group-51DF99305902: changes role from CANDIDATE to LEADER at term 1 for changeToLeader
2019-09-25 07:29:39,199 [942178b8-9bdf-4823-b12b-68105f0b6dcc@group-51DF99305902:LeaderElection52] INFO  impl.RaftServerImpl (ServerState.java:setLeader(253)) - 942178b8-9bdf-4823-b12b-68105f0b6dcc@group-51DF99305902: change Leader from null to 942178b8-9bdf-4823-b12b-68105f0b6dcc at term 1 for becomeLeader, leader elected after 5228ms
2019-09-25 07:29:39,199 [942178b8-9bdf-4823-b12b-68105f0b6dcc@group-51DF99305902:LeaderElection52] INFO  server.RaftServerConfigKeys (ConfUtils.java:logGet(43)) - raft.server.staging.catchup.gap = 1000 (default)
2019-09-25 07:29:39,199 [942178b8-9bdf-4823-b12b-68105f0b6dcc@group-51DF99305902:LeaderElection52] INFO  server.RaftServerConfigKeys (ConfUtils.java:logGet(43)) - raft.server.rpc.sleep.time = 25ms (default)
2019-09-25 07:29:39,200 [942178b8-9bdf-4823-b12b-68105f0b6dcc@group-51DF99305902:LeaderElection52] INFO  server.RaftServerConfigKeys (ConfUtils.java:logGet(43)) - raft.server.write.element-limit = 4096 (default)
2019-09-25 07:29:39,200 [942178b8-9bdf-4823-b12b-68105f0b6dcc@group-51DF99305902:LeaderElection52] INFO  server.RaftServerConfigKeys (ConfUtils.java:logGet(43)) - raft.server.watch.timeout = 10s (default)
2019-09-25 07:29:39,200 [942178b8-9bdf-4823-b12b-68105f0b6dcc@group-51DF99305902:LeaderElection52] INFO  server.RaftServerConfigKeys (ConfUtils.java:logGet(43)) - raft.server.watch.timeout.denomination = 1s (default)
2019-09-25 07:29:39,200 [942178b8-9bdf-4823-b12b-68105f0b6dcc@group-51DF99305902:LeaderElection52] INFO  server.RaftServerConfigKeys (ConfUtils.java:logGet(43)) - raft.server.watch.element-limit = 65536 (default)
2019-09-25 07:29:39,203 [942178b8-9bdf-4823-b12b-68105f0b6dcc@group-51DF99305902:LeaderElection52] INFO  impl.RoleInfo (RoleInfo.java:updateAndGet(143)) - 942178b8-9bdf-4823-b12b-68105f0b6dcc: start LeaderState
2019-09-25 07:29:39,203 [942178b8-9bdf-4823-b12b-68105f0b6dcc@group-51DF99305902:LeaderElection52] INFO  segmented.SegmentedRaftLogWorker (SegmentedRaftLogWorker.java:startLogSegment(380)) - 942178b8-9bdf-4823-b12b-68105f0b6dcc@group-51DF99305902-SegmentedRaftLogWorker: Starting segment from index:0
2019-09-25 07:29:39,204 [942178b8-9bdf-4823-b12b-68105f0b6dcc@group-51DF99305902:LeaderElection52] INFO  impl.RaftServerImpl (ServerState.java:setRaftConf(354)) - 942178b8-9bdf-4823-b12b-68105f0b6dcc@group-51DF99305902: set configuration 0: [942178b8-9bdf-4823-b12b-68105f0b6dcc:192.168.151.106:45883], old=null at 0
2019-09-25 07:29:39,206 [Thread-539] INFO  ozoneimpl.OzoneContainer (OzoneContainer.java:stop(231)) - Attempting to stop container services.
2019-09-25 07:29:39,206 [ForkJoinPool.commonPool-worker-1] INFO  ozoneimpl.OzoneContainer (OzoneContainer.java:stop(231)) - Attempting to stop container services.
2019-09-25 07:29:39,207 [Thread-539] INFO  impl.RaftServerProxy (RaftServerProxy.java:lambda$close$4(314)) - b7d5002f-68a3-48a4-8c4e-727f678e6e65: close
2019-09-25 07:29:39,207 [ForkJoinPool.commonPool-worker-1] INFO  impl.RaftServerProxy (RaftServerProxy.java:lambda$close$4(314)) - aa97873c-9bae-4a89-a297-61bb6211fe8e: close
2019-09-25 07:29:39,207 [Thread-539] INFO  impl.RaftServerImpl (RaftServerImpl.java:lambda$shutdown$3(251)) - b7d5002f-68a3-48a4-8c4e-727f678e6e65@group-9CB1585A4811: shutdown
2019-09-25 07:29:39,207 [ForkJoinPool.commonPool-worker-1] INFO  impl.RaftServerImpl (RaftServerImpl.java:lambda$shutdown$3(251)) - aa97873c-9bae-4a89-a297-61bb6211fe8e@group-693954F9D8A0: shutdown
2019-09-25 07:29:39,208 [Thread-539] INFO  util.JmxRegister (JmxRegister.java:unregister(73)) - Successfully un-registered JMX Bean with object name Ratis:service=RaftServer,group=group-9CB1585A4811,id=b7d5002f-68a3-48a4-8c4e-727f678e6e65
2019-09-25 07:29:39,208 [ForkJoinPool.commonPool-worker-1] INFO  util.JmxRegister (JmxRegister.java:unregister(73)) - Successfully un-registered JMX Bean with object name Ratis:service=RaftServer,group=group-693954F9D8A0,id=aa97873c-9bae-4a89-a297-61bb6211fe8e
2019-09-25 07:29:39,208 [Thread-539] INFO  impl.RoleInfo (RoleInfo.java:shutdownLeaderState(104)) - b7d5002f-68a3-48a4-8c4e-727f678e6e65: shutdown LeaderState
2019-09-25 07:29:39,209 [ForkJoinPool.commonPool-worker-1] INFO  impl.RoleInfo (RoleInfo.java:shutdownLeaderState(104)) - aa97873c-9bae-4a89-a297-61bb6211fe8e: shutdown LeaderState
2019-09-25 07:29:39,209 [Thread-539] INFO  impl.PendingRequests (PendingRequests.java:sendNotLeaderResponses(202)) - b7d5002f-68a3-48a4-8c4e-727f678e6e65-PendingRequests: sendNotLeaderResponses
2019-09-25 07:29:39,209 [ForkJoinPool.commonPool-worker-1] INFO  impl.PendingRequests (PendingRequests.java:sendNotLeaderResponses(202)) - aa97873c-9bae-4a89-a297-61bb6211fe8e-PendingRequests: sendNotLeaderResponses
2019-09-25 07:29:39,210 [Thread-539] INFO  impl.StateMachineUpdater (StateMachineUpdater.java:stopAndJoin(125)) - b7d5002f-68a3-48a4-8c4e-727f678e6e65@group-9CB1585A4811-StateMachineUpdater: set stopIndex = 0
2019-09-25 07:29:39,210 [ForkJoinPool.commonPool-worker-1] INFO  impl.StateMachineUpdater (StateMachineUpdater.java:stopAndJoin(125)) - aa97873c-9bae-4a89-a297-61bb6211fe8e@group-693954F9D8A0-StateMachineUpdater: set stopIndex = 0
2019-09-25 07:29:39,210 [ForkJoinPool.commonPool-worker-1] INFO  impl.RaftServerImpl (ServerState.java:close(385)) - aa97873c-9bae-4a89-a297-61bb6211fe8e@group-693954F9D8A0: closes. applyIndex: 0
2019-09-25 07:29:39,210 [Thread-539] INFO  impl.RaftServerImpl (ServerState.java:close(385)) - b7d5002f-68a3-48a4-8c4e-727f678e6e65@group-9CB1585A4811: closes. applyIndex: 0
2019-09-25 07:29:39,211 [aa97873c-9bae-4a89-a297-61bb6211fe8e@group-693954F9D8A0-SegmentedRaftLogWorker] INFO  segmented.SegmentedRaftLogWorker (SegmentedRaftLogWorker.java:run(313)) - aa97873c-9bae-4a89-a297-61bb6211fe8e@group-693954F9D8A0-SegmentedRaftLogWorker was interrupted, exiting. There are 0 tasks remaining in the queue.
2019-09-25 07:29:39,211 [b7d5002f-68a3-48a4-8c4e-727f678e6e65@group-9CB1585A4811-SegmentedRaftLogWorker] INFO  segmented.SegmentedRaftLogWorker (SegmentedRaftLogWorker.java:run(313)) - b7d5002f-68a3-48a4-8c4e-727f678e6e65@group-9CB1585A4811-SegmentedRaftLogWorker was interrupted, exiting. There are 0 tasks remaining in the queue.
2019-09-25 07:29:39,211 [ForkJoinPool.commonPool-worker-1] INFO  segmented.SegmentedRaftLogWorker (SegmentedRaftLogWorker.java:close(228)) - aa97873c-9bae-4a89-a297-61bb6211fe8e@group-693954F9D8A0-SegmentedRaftLogWorker close()
2019-09-25 07:29:39,212 [Thread-539] INFO  segmented.SegmentedRaftLogWorker (SegmentedRaftLogWorker.java:close(228)) - b7d5002f-68a3-48a4-8c4e-727f678e6e65@group-9CB1585A4811-SegmentedRaftLogWorker close()
2019-09-25 07:29:39,244 [ForkJoinPool.commonPool-worker-1] INFO  impl.RaftServerImpl (RaftServerImpl.java:lambda$shutdown$3(251)) - aa97873c-9bae-4a89-a297-61bb6211fe8e@group-521B5AAE3F08: shutdown
2019-09-25 07:29:39,246 [Thread-539] INFO  impl.RaftServerImpl (RaftServerImpl.java:lambda$shutdown$3(251)) - b7d5002f-68a3-48a4-8c4e-727f678e6e65@group-3D61774C298C: shutdown
2019-09-25 07:29:39,247 [ForkJoinPool.commonPool-worker-1] INFO  util.JmxRegister (JmxRegister.java:unregister(73)) - Successfully un-registered JMX Bean with object name Ratis:service=RaftServer,group=group-521B5AAE3F08,id=aa97873c-9bae-4a89-a297-61bb6211fe8e
2019-09-25 07:29:39,247 [Thread-539] INFO  util.JmxRegister (JmxRegister.java:unregister(73)) - Successfully un-registered JMX Bean with object name Ratis:service=RaftServer,group=group-3D61774C298C,id=b7d5002f-68a3-48a4-8c4e-727f678e6e65
2019-09-25 07:29:39,247 [ForkJoinPool.commonPool-worker-1] INFO  impl.RoleInfo (RoleInfo.java:shutdownLeaderState(104)) - aa97873c-9bae-4a89-a297-61bb6211fe8e: shutdown LeaderState
2019-09-25 07:29:39,248 [Thread-539] INFO  impl.RoleInfo (RoleInfo.java:shutdownLeaderState(104)) - b7d5002f-68a3-48a4-8c4e-727f678e6e65: shutdown LeaderState
2019-09-25 07:29:39,248 [ForkJoinPool.commonPool-worker-1] INFO  impl.PendingRequests (PendingRequests.java:sendNotLeaderResponses(202)) - aa97873c-9bae-4a89-a297-61bb6211fe8e-PendingRequests: sendNotLeaderResponses
2019-09-25 07:29:39,248 [Thread-539] INFO  impl.PendingRequests (PendingRequests.java:sendNotLeaderResponses(202)) - b7d5002f-68a3-48a4-8c4e-727f678e6e65-PendingRequests: sendNotLeaderResponses
2019-09-25 07:29:39,249 [ForkJoinPool.commonPool-worker-1] INFO  impl.StateMachineUpdater (StateMachineUpdater.java:stopAndJoin(125)) - aa97873c-9bae-4a89-a297-61bb6211fe8e@group-521B5AAE3F08-StateMachineUpdater: set stopIndex = 0
2019-09-25 07:29:39,249 [Thread-539] INFO  impl.StateMachineUpdater (StateMachineUpdater.java:stopAndJoin(125)) - b7d5002f-68a3-48a4-8c4e-727f678e6e65@group-3D61774C298C-StateMachineUpdater: set stopIndex = 0
2019-09-25 07:29:39,249 [ForkJoinPool.commonPool-worker-1] INFO  impl.RaftServerImpl (ServerState.java:close(385)) - aa97873c-9bae-4a89-a297-61bb6211fe8e@group-521B5AAE3F08: closes. applyIndex: 0
2019-09-25 07:29:39,250 [Thread-539] INFO  impl.RaftServerImpl (ServerState.java:close(385)) - b7d5002f-68a3-48a4-8c4e-727f678e6e65@group-3D61774C298C: closes. applyIndex: 0
2019-09-25 07:29:39,250 [aa97873c-9bae-4a89-a297-61bb6211fe8e@group-521B5AAE3F08-SegmentedRaftLogWorker] INFO  segmented.SegmentedRaftLogWorker (SegmentedRaftLogWorker.java:run(313)) - aa97873c-9bae-4a89-a297-61bb6211fe8e@group-521B5AAE3F08-SegmentedRaftLogWorker was interrupted, exiting. There are 0 tasks remaining in the queue.
2019-09-25 07:29:39,250 [b7d5002f-68a3-48a4-8c4e-727f678e6e65@group-3D61774C298C-SegmentedRaftLogWorker] INFO  segmented.SegmentedRaftLogWorker (SegmentedRaftLogWorker.java:run(313)) - b7d5002f-68a3-48a4-8c4e-727f678e6e65@group-3D61774C298C-SegmentedRaftLogWorker was interrupted, exiting. There are 0 tasks remaining in the queue.
2019-09-25 07:29:39,251 [ForkJoinPool.commonPool-worker-1] INFO  segmented.SegmentedRaftLogWorker (SegmentedRaftLogWorker.java:close(228)) - aa97873c-9bae-4a89-a297-61bb6211fe8e@group-521B5AAE3F08-SegmentedRaftLogWorker close()
2019-09-25 07:29:39,251 [Thread-539] INFO  segmented.SegmentedRaftLogWorker (SegmentedRaftLogWorker.java:close(228)) - b7d5002f-68a3-48a4-8c4e-727f678e6e65@group-3D61774C298C-SegmentedRaftLogWorker close()
2019-09-25 07:29:39,253 [ForkJoinPool.commonPool-worker-1] INFO  impl.RaftServerImpl (RaftServerImpl.java:lambda$shutdown$3(251)) - aa97873c-9bae-4a89-a297-61bb6211fe8e@group-0D6827D656A9: shutdown
2019-09-25 07:29:39,254 [Thread-539] INFO  impl.RaftServerImpl (RaftServerImpl.java:lambda$shutdown$3(251)) - b7d5002f-68a3-48a4-8c4e-727f678e6e65@group-8F5A6717ACF7: shutdown
2019-09-25 07:29:39,255 [ForkJoinPool.commonPool-worker-1] INFO  util.JmxRegister (JmxRegister.java:unregister(73)) - Successfully un-registered JMX Bean with object name Ratis:service=RaftServer,group=group-0D6827D656A9,id=aa97873c-9bae-4a89-a297-61bb6211fe8e
2019-09-25 07:29:39,255 [Thread-539] INFO  util.JmxRegister (JmxRegister.java:unregister(73)) - Successfully un-registered JMX Bean with object name Ratis:service=RaftServer,group=group-8F5A6717ACF7,id=b7d5002f-68a3-48a4-8c4e-727f678e6e65
2019-09-25 07:29:39,255 [ForkJoinPool.commonPool-worker-1] INFO  impl.RoleInfo (RoleInfo.java:shutdownLeaderState(104)) - aa97873c-9bae-4a89-a297-61bb6211fe8e: shutdown LeaderState
2019-09-25 07:29:39,256 [Thread-539] INFO  impl.RoleInfo (RoleInfo.java:shutdownLeaderState(104)) - b7d5002f-68a3-48a4-8c4e-727f678e6e65: shutdown LeaderState
2019-09-25 07:29:39,256 [ForkJoinPool.commonPool-worker-1] INFO  impl.PendingRequests (PendingRequests.java:sendNotLeaderResponses(202)) - aa97873c-9bae-4a89-a297-61bb6211fe8e-PendingRequests: sendNotLeaderResponses
2019-09-25 07:29:39,256 [Thread-539] INFO  impl.PendingRequests (PendingRequests.java:sendNotLeaderResponses(202)) - b7d5002f-68a3-48a4-8c4e-727f678e6e65-PendingRequests: sendNotLeaderResponses
2019-09-25 07:29:39,257 [ForkJoinPool.commonPool-worker-1] INFO  impl.StateMachineUpdater (StateMachineUpdater.java:stopAndJoin(125)) - aa97873c-9bae-4a89-a297-61bb6211fe8e@group-0D6827D656A9-StateMachineUpdater: set stopIndex = 0
2019-09-25 07:29:39,257 [Thread-539] INFO  impl.StateMachineUpdater (StateMachineUpdater.java:stopAndJoin(125)) - b7d5002f-68a3-48a4-8c4e-727f678e6e65@group-8F5A6717ACF7-StateMachineUpdater: set stopIndex = 0
2019-09-25 07:29:39,257 [ForkJoinPool.commonPool-worker-1] INFO  impl.RaftServerImpl (ServerState.java:close(385)) - aa97873c-9bae-4a89-a297-61bb6211fe8e@group-0D6827D656A9: closes. applyIndex: 0
2019-09-25 07:29:39,258 [Thread-539] INFO  impl.RaftServerImpl (ServerState.java:close(385)) - b7d5002f-68a3-48a4-8c4e-727f678e6e65@group-8F5A6717ACF7: closes. applyIndex: 0
2019-09-25 07:29:39,258 [aa97873c-9bae-4a89-a297-61bb6211fe8e@group-0D6827D656A9-SegmentedRaftLogWorker] INFO  segmented.SegmentedRaftLogWorker (SegmentedRaftLogWorker.java:run(313)) - aa97873c-9bae-4a89-a297-61bb6211fe8e@group-0D6827D656A9-SegmentedRaftLogWorker was interrupted, exiting. There are 0 tasks remaining in the queue.
2019-09-25 07:29:39,258 [b7d5002f-68a3-48a4-8c4e-727f678e6e65@group-8F5A6717ACF7-SegmentedRaftLogWorker] INFO  segmented.SegmentedRaftLogWorker (SegmentedRaftLogWorker.java:run(313)) - b7d5002f-68a3-48a4-8c4e-727f678e6e65@group-8F5A6717ACF7-SegmentedRaftLogWorker was interrupted, exiting. There are 0 tasks remaining in the queue.
2019-09-25 07:29:39,267 [Thread-539] INFO  segmented.SegmentedRaftLogWorker (SegmentedRaftLogWorker.java:close(228)) - b7d5002f-68a3-48a4-8c4e-727f678e6e65@group-8F5A6717ACF7-SegmentedRaftLogWorker close()
2019-09-25 07:29:39,267 [ForkJoinPool.commonPool-worker-1] INFO  segmented.SegmentedRaftLogWorker (SegmentedRaftLogWorker.java:close(228)) - aa97873c-9bae-4a89-a297-61bb6211fe8e@group-0D6827D656A9-SegmentedRaftLogWorker close()
2019-09-25 07:29:39,269 [942178b8-9bdf-4823-b12b-68105f0b6dcc@group-51DF99305902-SegmentedRaftLogWorker] INFO  segmented.SegmentedRaftLogWorker (SegmentedRaftLogWorker.java:execute(569)) - 942178b8-9bdf-4823-b12b-68105f0b6dcc@group-51DF99305902-SegmentedRaftLogWorker: created new log segment /workdir/hadoop-ozone/ozonefs/target/test-dir/MiniOzoneClusterImpl-550119eb-1d26-4ec7-b74e-58480585c2d5/datanode-2/data/ratis/2b99e14c-09a9-4225-8471-51df99305902/current/log_inprogress_0
2019-09-25 07:29:39,269 [Thread-539] INFO  impl.RaftServerImpl (RaftServerImpl.java:lambda$shutdown$3(251)) - b7d5002f-68a3-48a4-8c4e-727f678e6e65@group-CAF36437224E: shutdown
2019-09-25 07:29:39,271 [ForkJoinPool.commonPool-worker-1] INFO  impl.RaftServerImpl (RaftServerImpl.java:lambda$shutdown$3(251)) - aa97873c-9bae-4a89-a297-61bb6211fe8e@group-A67020C3A41D: shutdown
2019-09-25 07:29:39,271 [Thread-539] INFO  util.JmxRegister (JmxRegister.java:unregister(73)) - Successfully un-registered JMX Bean with object name Ratis:service=RaftServer,group=group-CAF36437224E,id=b7d5002f-68a3-48a4-8c4e-727f678e6e65
2019-09-25 07:29:39,272 [ForkJoinPool.commonPool-worker-1] INFO  util.JmxRegister (JmxRegister.java:unregister(73)) - Successfully un-registered JMX Bean with object name Ratis:service=RaftServer,group=group-A67020C3A41D,id=aa97873c-9bae-4a89-a297-61bb6211fe8e
2019-09-25 07:29:39,272 [Thread-539] INFO  impl.RoleInfo (RoleInfo.java:shutdownLeaderState(104)) - b7d5002f-68a3-48a4-8c4e-727f678e6e65: shutdown LeaderState
2019-09-25 07:29:39,272 [ForkJoinPool.commonPool-worker-1] INFO  impl.RoleInfo (RoleInfo.java:shutdownLeaderState(104)) - aa97873c-9bae-4a89-a297-61bb6211fe8e: shutdown LeaderState
2019-09-25 07:29:39,273 [Thread-539] INFO  impl.PendingRequests (PendingRequests.java:sendNotLeaderResponses(202)) - b7d5002f-68a3-48a4-8c4e-727f678e6e65-PendingRequests: sendNotLeaderResponses
2019-09-25 07:29:39,273 [ForkJoinPool.commonPool-worker-1] INFO  impl.PendingRequests (PendingRequests.java:sendNotLeaderResponses(202)) - aa97873c-9bae-4a89-a297-61bb6211fe8e-PendingRequests: sendNotLeaderResponses
2019-09-25 07:29:39,273 [Thread-539] INFO  impl.StateMachineUpdater (StateMachineUpdater.java:stopAndJoin(125)) - b7d5002f-68a3-48a4-8c4e-727f678e6e65@group-CAF36437224E-StateMachineUpdater: set stopIndex = 0
2019-09-25 07:29:39,274 [Thread-539] INFO  impl.RaftServerImpl (ServerState.java:close(385)) - b7d5002f-68a3-48a4-8c4e-727f678e6e65@group-CAF36437224E: closes. applyIndex: 0
2019-09-25 07:29:39,274 [ForkJoinPool.commonPool-worker-1] INFO  impl.StateMachineUpdater (StateMachineUpdater.java:stopAndJoin(125)) - aa97873c-9bae-4a89-a297-61bb6211fe8e@group-A67020C3A41D-StateMachineUpdater: set stopIndex = 0
2019-09-25 07:29:39,274 [b7d5002f-68a3-48a4-8c4e-727f678e6e65@group-CAF36437224E-SegmentedRaftLogWorker] INFO  segmented.SegmentedRaftLogWorker (SegmentedRaftLogWorker.java:run(313)) - b7d5002f-68a3-48a4-8c4e-727f678e6e65@group-CAF36437224E-SegmentedRaftLogWorker was interrupted, exiting. There are 0 tasks remaining in the queue.
2019-09-25 07:29:39,275 [ForkJoinPool.commonPool-worker-1] INFO  impl.RaftServerImpl (ServerState.java:close(385)) - aa97873c-9bae-4a89-a297-61bb6211fe8e@group-A67020C3A41D: closes. applyIndex: 0
2019-09-25 07:29:39,275 [Thread-539] INFO  segmented.SegmentedRaftLogWorker (SegmentedRaftLogWorker.java:close(228)) - b7d5002f-68a3-48a4-8c4e-727f678e6e65@group-CAF36437224E-SegmentedRaftLogWorker close()
2019-09-25 07:29:39,275 [aa97873c-9bae-4a89-a297-61bb6211fe8e@group-A67020C3A41D-SegmentedRaftLogWorker] INFO  segmented.SegmentedRaftLogWorker (SegmentedRaftLogWorker.java:run(313)) - aa97873c-9bae-4a89-a297-61bb6211fe8e@group-A67020C3A41D-SegmentedRaftLogWorker was interrupted, exiting. There are 0 tasks remaining in the queue.
2019-09-25 07:29:39,277 [Thread-539] INFO  impl.RaftServerImpl (RaftServerImpl.java:lambda$shutdown$3(251)) - b7d5002f-68a3-48a4-8c4e-727f678e6e65@group-CA251EB9724E: shutdown
2019-09-25 07:29:39,277 [ForkJoinPool.commonPool-worker-1] INFO  segmented.SegmentedRaftLogWorker (SegmentedRaftLogWorker.java:close(228)) - aa97873c-9bae-4a89-a297-61bb6211fe8e@group-A67020C3A41D-SegmentedRaftLogWorker close()
2019-09-25 07:29:39,277 [Thread-539] INFO  util.JmxRegister (JmxRegister.java:unregister(73)) - Successfully un-registered JMX Bean with object name Ratis:service=RaftServer,group=group-CA251EB9724E,id=b7d5002f-68a3-48a4-8c4e-727f678e6e65
2019-09-25 07:29:39,279 [ForkJoinPool.commonPool-worker-1] INFO  impl.RaftServerImpl (RaftServerImpl.java:lambda$shutdown$3(251)) - aa97873c-9bae-4a89-a297-61bb6211fe8e@group-C7D9F6661017: shutdown
2019-09-25 07:29:39,280 [Thread-539] INFO  impl.RoleInfo (RoleInfo.java:shutdownLeaderState(104)) - b7d5002f-68a3-48a4-8c4e-727f678e6e65: shutdown LeaderState
2019-09-25 07:29:39,280 [ForkJoinPool.commonPool-worker-1] INFO  util.JmxRegister (JmxRegister.java:unregister(73)) - Successfully un-registered JMX Bean with object name Ratis:service=RaftServer,group=group-C7D9F6661017,id=aa97873c-9bae-4a89-a297-61bb6211fe8e
2019-09-25 07:29:39,280 [Thread-539] INFO  impl.PendingRequests (PendingRequests.java:sendNotLeaderResponses(202)) - b7d5002f-68a3-48a4-8c4e-727f678e6e65-PendingRequests: sendNotLeaderResponses
2019-09-25 07:29:39,280 [ForkJoinPool.commonPool-worker-1] INFO  impl.RoleInfo (RoleInfo.java:shutdownLeaderState(104)) - aa97873c-9bae-4a89-a297-61bb6211fe8e: shutdown LeaderState
2019-09-25 07:29:39,281 [Thread-539] INFO  impl.StateMachineUpdater (StateMachineUpdater.java:stopAndJoin(125)) - b7d5002f-68a3-48a4-8c4e-727f678e6e65@group-CA251EB9724E-StateMachineUpdater: set stopIndex = 0
2019-09-25 07:29:39,281 [ForkJoinPool.commonPool-worker-1] INFO  impl.PendingRequests (PendingRequests.java:sendNotLeaderResponses(202)) - aa97873c-9bae-4a89-a297-61bb6211fe8e-PendingRequests: sendNotLeaderResponses
2019-09-25 07:29:39,281 [Thread-539] INFO  impl.RaftServerImpl (ServerState.java:close(385)) - b7d5002f-68a3-48a4-8c4e-727f678e6e65@group-CA251EB9724E: closes. applyIndex: 0
2019-09-25 07:29:39,282 [ForkJoinPool.commonPool-worker-1] INFO  impl.StateMachineUpdater (StateMachineUpdater.java:stopAndJoin(125)) - aa97873c-9bae-4a89-a297-61bb6211fe8e@group-C7D9F6661017-StateMachineUpdater: set stopIndex = 0
2019-09-25 07:29:39,282 [ForkJoinPool.commonPool-worker-1] INFO  impl.RaftServerImpl (ServerState.java:close(385)) - aa97873c-9bae-4a89-a297-61bb6211fe8e@group-C7D9F6661017: closes. applyIndex: 0
2019-09-25 07:29:39,282 [b7d5002f-68a3-48a4-8c4e-727f678e6e65@group-CA251EB9724E-SegmentedRaftLogWorker] INFO  segmented.SegmentedRaftLogWorker (SegmentedRaftLogWorker.java:run(313)) - b7d5002f-68a3-48a4-8c4e-727f678e6e65@group-CA251EB9724E-SegmentedRaftLogWorker was interrupted, exiting. There are 0 tasks remaining in the queue.
2019-09-25 07:29:39,282 [aa97873c-9bae-4a89-a297-61bb6211fe8e@group-C7D9F6661017-SegmentedRaftLogWorker] INFO  segmented.SegmentedRaftLogWorker (SegmentedRaftLogWorker.java:run(313)) - aa97873c-9bae-4a89-a297-61bb6211fe8e@group-C7D9F6661017-SegmentedRaftLogWorker was interrupted, exiting. There are 0 tasks remaining in the queue.
2019-09-25 07:29:39,283 [Thread-539] INFO  segmented.SegmentedRaftLogWorker (SegmentedRaftLogWorker.java:close(228)) - b7d5002f-68a3-48a4-8c4e-727f678e6e65@group-CA251EB9724E-SegmentedRaftLogWorker close()
2019-09-25 07:29:39,283 [ForkJoinPool.commonPool-worker-1] INFO  segmented.SegmentedRaftLogWorker (SegmentedRaftLogWorker.java:close(228)) - aa97873c-9bae-4a89-a297-61bb6211fe8e@group-C7D9F6661017-SegmentedRaftLogWorker close()
2019-09-25 07:29:39,285 [Thread-539] INFO  impl.RaftServerImpl (RaftServerImpl.java:lambda$shutdown$3(251)) - b7d5002f-68a3-48a4-8c4e-727f678e6e65@group-230AB61C2DA5: shutdown
2019-09-25 07:29:39,286 [ForkJoinPool.commonPool-worker-1] INFO  impl.RaftServerImpl (RaftServerImpl.java:lambda$shutdown$3(251)) - aa97873c-9bae-4a89-a297-61bb6211fe8e@group-D79EB17C52AC: shutdown
2019-09-25 07:29:39,287 [Thread-539] INFO  util.JmxRegister (JmxRegister.java:unregister(73)) - Successfully un-registered JMX Bean with object name Ratis:service=RaftServer,group=group-230AB61C2DA5,id=b7d5002f-68a3-48a4-8c4e-727f678e6e65
2019-09-25 07:29:39,287 [ForkJoinPool.commonPool-worker-1] INFO  util.JmxRegister (JmxRegister.java:unregister(73)) - Successfully un-registered JMX Bean with object name Ratis:service=RaftServer,group=group-D79EB17C52AC,id=aa97873c-9bae-4a89-a297-61bb6211fe8e
2019-09-25 07:29:39,287 [Thread-539] INFO  impl.RoleInfo (RoleInfo.java:shutdownLeaderState(104)) - b7d5002f-68a3-48a4-8c4e-727f678e6e65: shutdown LeaderState
2019-09-25 07:29:39,288 [ForkJoinPool.commonPool-worker-1] INFO  impl.RoleInfo (RoleInfo.java:shutdownLeaderState(104)) - aa97873c-9bae-4a89-a297-61bb6211fe8e: shutdown LeaderState
2019-09-25 07:29:39,288 [Thread-539] INFO  impl.PendingRequests (PendingRequests.java:sendNotLeaderResponses(202)) - b7d5002f-68a3-48a4-8c4e-727f678e6e65-PendingRequests: sendNotLeaderResponses
2019-09-25 07:29:39,288 [ForkJoinPool.commonPool-worker-1] INFO  impl.PendingRequests (PendingRequests.java:sendNotLeaderResponses(202)) - aa97873c-9bae-4a89-a297-61bb6211fe8e-PendingRequests: sendNotLeaderResponses
2019-09-25 07:29:39,289 [Thread-539] INFO  impl.StateMachineUpdater (StateMachineUpdater.java:stopAndJoin(125)) - b7d5002f-68a3-48a4-8c4e-727f678e6e65@group-230AB61C2DA5-StateMachineUpdater: set stopIndex = 0
2019-09-25 07:29:39,289 [ForkJoinPool.commonPool-worker-1] INFO  impl.StateMachineUpdater (StateMachineUpdater.java:stopAndJoin(125)) - aa97873c-9bae-4a89-a297-61bb6211fe8e@group-D79EB17C52AC-StateMachineUpdater: set stopIndex = 0
2019-09-25 07:29:39,289 [Thread-539] INFO  impl.RaftServerImpl (ServerState.java:close(385)) - b7d5002f-68a3-48a4-8c4e-727f678e6e65@group-230AB61C2DA5: closes. applyIndex: 0
2019-09-25 07:29:39,290 [ForkJoinPool.commonPool-worker-1] INFO  impl.RaftServerImpl (ServerState.java:close(385)) - aa97873c-9bae-4a89-a297-61bb6211fe8e@group-D79EB17C52AC: closes. applyIndex: 0
2019-09-25 07:29:39,290 [b7d5002f-68a3-48a4-8c4e-727f678e6e65@group-230AB61C2DA5-SegmentedRaftLogWorker] INFO  segmented.SegmentedRaftLogWorker (SegmentedRaftLogWorker.java:run(313)) - b7d5002f-68a3-48a4-8c4e-727f678e6e65@group-230AB61C2DA5-SegmentedRaftLogWorker was interrupted, exiting. There are 0 tasks remaining in the queue.
2019-09-25 07:29:39,290 [aa97873c-9bae-4a89-a297-61bb6211fe8e@group-D79EB17C52AC-SegmentedRaftLogWorker] INFO  segmented.SegmentedRaftLogWorker (SegmentedRaftLogWorker.java:run(313)) - aa97873c-9bae-4a89-a297-61bb6211fe8e@group-D79EB17C52AC-SegmentedRaftLogWorker was interrupted, exiting. There are 0 tasks remaining in the queue.
2019-09-25 07:29:39,290 [Thread-539] INFO  segmented.SegmentedRaftLogWorker (SegmentedRaftLogWorker.java:close(228)) - b7d5002f-68a3-48a4-8c4e-727f678e6e65@group-230AB61C2DA5-SegmentedRaftLogWorker close()
2019-09-25 07:29:39,291 [ForkJoinPool.commonPool-worker-1] INFO  segmented.SegmentedRaftLogWorker (SegmentedRaftLogWorker.java:close(228)) - aa97873c-9bae-4a89-a297-61bb6211fe8e@group-D79EB17C52AC-SegmentedRaftLogWorker close()
2019-09-25 07:29:39,293 [Thread-539] INFO  server.GrpcService (GrpcService.java:closeImpl(164)) - b7d5002f-68a3-48a4-8c4e-727f678e6e65: shutdown server with port 37354 now
2019-09-25 07:29:39,295 [ForkJoinPool.commonPool-worker-1] INFO  server.GrpcService (GrpcService.java:closeImpl(164)) - aa97873c-9bae-4a89-a297-61bb6211fe8e: shutdown server with port 40198 now
2019-09-25 07:29:39,297 [Thread-539] INFO  server.GrpcService (GrpcService.java:closeImpl(172)) - b7d5002f-68a3-48a4-8c4e-727f678e6e65: shutdown server with port 37354 successfully
2019-09-25 07:29:39,298 [ForkJoinPool.commonPool-worker-1] INFO  server.GrpcService (GrpcService.java:closeImpl(172)) - aa97873c-9bae-4a89-a297-61bb6211fe8e: shutdown server with port 40198 successfully
2019-09-25 07:29:39,300 [refreshUsed-/workdir/hadoop-ozone/ozonefs/target/test-dir/MiniOzoneClusterImpl-550119eb-1d26-4ec7-b74e-58480585c2d5/datanode-1/data/containers] WARN  fs.CachingGetSpaceUsed (CachingGetSpaceUsed.java:run(183)) - Thread Interrupted waiting to refresh disk information: sleep interrupted
2019-09-25 07:29:39,302 [refreshUsed-/workdir/hadoop-ozone/ozonefs/target/test-dir/MiniOzoneClusterImpl-550119eb-1d26-4ec7-b74e-58480585c2d5/datanode-0/data/containers] WARN  fs.CachingGetSpaceUsed (CachingGetSpaceUsed.java:run(183)) - Thread Interrupted waiting to refresh disk information: sleep interrupted
2019-09-25 07:29:39,333 [Thread-539] INFO  utils.BackgroundService (BackgroundService.java:shutdown(148)) - Shutting down service BlockDeletingService
2019-09-25 07:29:39,340 [Thread-539] INFO  statemachine.DatanodeStateMachine (DatanodeStateMachine.java:stopDaemon(395)) - Ozone container server stopped.
2019-09-25 07:29:39,342 [Thread-539] INFO  handler.ContextHandler (ContextHandler.java:doStop(910)) - Stopped o.e.j.w.WebAppContext@66fe7f29{/,null,UNAVAILABLE}{/hddsDatanode}
2019-09-25 07:29:39,343 [Thread-539] INFO  server.AbstractConnector (AbstractConnector.java:doStop(318)) - Stopped ServerConnector@412755c8{HTTP/1.1,[http/1.1]}{0.0.0.0:0}
2019-09-25 07:29:39,343 [Thread-539] INFO  handler.ContextHandler (ContextHandler.java:doStop(910)) - Stopped o.e.j.s.ServletContextHandler@501a140f{/static,jar:file:/home/user/.m2/repository/org/apache/hadoop/hadoop-hdds-container-service/0.5.0-SNAPSHOT/hadoop-hdds-container-service-0.5.0-SNAPSHOT.jar!/webapps/static,UNAVAILABLE}
2019-09-25 07:29:39,344 [Thread-539] INFO  handler.ContextHandler (ContextHandler.java:doStop(910)) - Stopped o.e.j.s.ServletContextHandler@1907c9b4{/logs,file:///workdir/hadoop-ozone/ozonefs/target/log,UNAVAILABLE}
2019-09-25 07:29:39,345 [ForkJoinPool.commonPool-worker-1] INFO  utils.BackgroundService (BackgroundService.java:shutdown(148)) - Shutting down service BlockDeletingService
2019-09-25 07:29:39,350 [ForkJoinPool.commonPool-worker-1] INFO  statemachine.DatanodeStateMachine (DatanodeStateMachine.java:stopDaemon(395)) - Ozone container server stopped.
2019-09-25 07:29:39,356 [ForkJoinPool.commonPool-worker-1] INFO  handler.ContextHandler (ContextHandler.java:doStop(910)) - Stopped o.e.j.w.WebAppContext@40608fd0{/,null,UNAVAILABLE}{/hddsDatanode}
2019-09-25 07:29:39,356 [ForkJoinPool.commonPool-worker-1] INFO  server.AbstractConnector (AbstractConnector.java:doStop(318)) - Stopped ServerConnector@75fd5542{HTTP/1.1,[http/1.1]}{0.0.0.0:0}
2019-09-25 07:29:39,358 [ForkJoinPool.commonPool-worker-1] INFO  handler.ContextHandler (ContextHandler.java:doStop(910)) - Stopped o.e.j.s.ServletContextHandler@775998d3{/static,jar:file:/home/user/.m2/repository/org/apache/hadoop/hadoop-hdds-container-service/0.5.0-SNAPSHOT/hadoop-hdds-container-service-0.5.0-SNAPSHOT.jar!/webapps/static,UNAVAILABLE}
2019-09-25 07:29:39,359 [ForkJoinPool.commonPool-worker-1] INFO  handler.ContextHandler (ContextHandler.java:doStop(910)) - Stopped o.e.j.s.ServletContextHandler@22d076eb{/logs,file:///workdir/hadoop-ozone/ozonefs/target/log,UNAVAILABLE}
2019-09-25 07:29:40,016 [Datanode State Machine Thread - 0] INFO  statemachine.DatanodeStateMachine (DatanodeStateMachine.java:lambda$startDaemon$0(350)) - Ozone container server started.
2019-09-25 07:29:44,345 [Thread-539] INFO  ozoneimpl.OzoneContainer (OzoneContainer.java:stop(231)) - Attempting to stop container services.
2019-09-25 07:29:44,346 [Thread-539] INFO  impl.RaftServerProxy (RaftServerProxy.java:lambda$close$4(314)) - 942178b8-9bdf-4823-b12b-68105f0b6dcc: close
2019-09-25 07:29:44,347 [Thread-539] INFO  impl.RaftServerImpl (RaftServerImpl.java:lambda$shutdown$3(251)) - 942178b8-9bdf-4823-b12b-68105f0b6dcc@group-51DF99305902: shutdown
2019-09-25 07:29:44,347 [ForkJoinPool.commonPool-worker-0] INFO  impl.RaftServerImpl (RaftServerImpl.java:lambda$shutdown$3(251)) - 942178b8-9bdf-4823-b12b-68105f0b6dcc@group-081AD32C1E44: shutdown
2019-09-25 07:29:44,347 [Thread-539] INFO  util.JmxRegister (JmxRegister.java:unregister(73)) - Successfully un-registered JMX Bean with object name Ratis:service=RaftServer,group=group-51DF99305902,id=942178b8-9bdf-4823-b12b-68105f0b6dcc
2019-09-25 07:29:44,348 [ForkJoinPool.commonPool-worker-0] INFO  util.JmxRegister (JmxRegister.java:unregister(73)) - Successfully un-registered JMX Bean with object name Ratis:service=RaftServer,group=group-081AD32C1E44,id=942178b8-9bdf-4823-b12b-68105f0b6dcc
2019-09-25 07:29:44,348 [Thread-539] INFO  impl.RoleInfo (RoleInfo.java:shutdownLeaderState(104)) - 942178b8-9bdf-4823-b12b-68105f0b6dcc: shutdown LeaderState
2019-09-25 07:29:44,348 [ForkJoinPool.commonPool-worker-0] INFO  impl.RoleInfo (RoleInfo.java:shutdownLeaderState(104)) - 942178b8-9bdf-4823-b12b-68105f0b6dcc: shutdown LeaderState
2019-09-25 07:29:44,349 [Thread-539] INFO  impl.PendingRequests (PendingRequests.java:sendNotLeaderResponses(202)) - 942178b8-9bdf-4823-b12b-68105f0b6dcc-PendingRequests: sendNotLeaderResponses
2019-09-25 07:29:44,349 [ForkJoinPool.commonPool-worker-0] INFO  impl.PendingRequests (PendingRequests.java:sendNotLeaderResponses(202)) - 942178b8-9bdf-4823-b12b-68105f0b6dcc-PendingRequests: sendNotLeaderResponses
2019-09-25 07:29:44,349 [Thread-539] INFO  impl.StateMachineUpdater (StateMachineUpdater.java:stopAndJoin(125)) - 942178b8-9bdf-4823-b12b-68105f0b6dcc@group-51DF99305902-StateMachineUpdater: set stopIndex = 0
2019-09-25 07:29:44,350 [ForkJoinPool.commonPool-worker-0] INFO  impl.StateMachineUpdater (StateMachineUpdater.java:stopAndJoin(125)) - 942178b8-9bdf-4823-b12b-68105f0b6dcc@group-081AD32C1E44-StateMachineUpdater: set stopIndex = 0
2019-09-25 07:29:44,350 [Thread-539] INFO  impl.RaftServerImpl (ServerState.java:close(385)) - 942178b8-9bdf-4823-b12b-68105f0b6dcc@group-51DF99305902: closes. applyIndex: 0
2019-09-25 07:29:44,350 [ForkJoinPool.commonPool-worker-0] INFO  impl.RaftServerImpl (ServerState.java:close(385)) - 942178b8-9bdf-4823-b12b-68105f0b6dcc@group-081AD32C1E44: closes. applyIndex: 0
2019-09-25 07:29:44,351 [942178b8-9bdf-4823-b12b-68105f0b6dcc@group-51DF99305902-SegmentedRaftLogWorker] INFO  segmented.SegmentedRaftLogWorker (SegmentedRaftLogWorker.java:run(313)) - 942178b8-9bdf-4823-b12b-68105f0b6dcc@group-51DF99305902-SegmentedRaftLogWorker was interrupted, exiting. There are 0 tasks remaining in the queue.
2019-09-25 07:29:44,351 [942178b8-9bdf-4823-b12b-68105f0b6dcc@group-081AD32C1E44-SegmentedRaftLogWorker] INFO  segmented.SegmentedRaftLogWorker (SegmentedRaftLogWorker.java:run(313)) - 942178b8-9bdf-4823-b12b-68105f0b6dcc@group-081AD32C1E44-SegmentedRaftLogWorker was interrupted, exiting. There are 0 tasks remaining in the queue.
2019-09-25 07:29:44,360 [ForkJoinPool.commonPool-worker-0] INFO  segmented.SegmentedRaftLogWorker (SegmentedRaftLogWorker.java:close(228)) - 942178b8-9bdf-4823-b12b-68105f0b6dcc@group-081AD32C1E44-SegmentedRaftLogWorker close()
2019-09-25 07:29:44,360 [Thread-539] INFO  segmented.SegmentedRaftLogWorker (SegmentedRaftLogWorker.java:close(228)) - 942178b8-9bdf-4823-b12b-68105f0b6dcc@group-51DF99305902-SegmentedRaftLogWorker close()
2019-09-25 07:29:44,361 [ForkJoinPool.commonPool-worker-0] INFO  impl.RaftServerImpl (RaftServerImpl.java:lambda$shutdown$3(251)) - 942178b8-9bdf-4823-b12b-68105f0b6dcc@group-3AFF75B65A1B: shutdown
2019-09-25 07:29:44,363 [Thread-539] INFO  impl.RaftServerImpl (RaftServerImpl.java:lambda$shutdown$3(251)) - 942178b8-9bdf-4823-b12b-68105f0b6dcc@group-AE521EA0D099: shutdown
2019-09-25 07:29:44,363 [ForkJoinPool.commonPool-worker-0] INFO  util.JmxRegister (JmxRegister.java:unregister(73)) - Successfully un-registered JMX Bean with object name Ratis:service=RaftServer,group=group-3AFF75B65A1B,id=942178b8-9bdf-4823-b12b-68105f0b6dcc
2019-09-25 07:29:44,363 [Thread-539] INFO  util.JmxRegister (JmxRegister.java:unregister(73)) - Successfully un-registered JMX Bean with object name Ratis:service=RaftServer,group=group-AE521EA0D099,id=942178b8-9bdf-4823-b12b-68105f0b6dcc
2019-09-25 07:29:44,363 [ForkJoinPool.commonPool-worker-0] INFO  impl.RoleInfo (RoleInfo.java:shutdownLeaderState(104)) - 942178b8-9bdf-4823-b12b-68105f0b6dcc: shutdown LeaderState
2019-09-25 07:29:44,364 [Thread-539] INFO  impl.RoleInfo (RoleInfo.java:shutdownLeaderState(104)) - 942178b8-9bdf-4823-b12b-68105f0b6dcc: shutdown LeaderState
2019-09-25 07:29:44,364 [ForkJoinPool.commonPool-worker-0] INFO  impl.PendingRequests (PendingRequests.java:sendNotLeaderResponses(202)) - 942178b8-9bdf-4823-b12b-68105f0b6dcc-PendingRequests: sendNotLeaderResponses
2019-09-25 07:29:44,364 [Thread-539] INFO  impl.PendingRequests (PendingRequests.java:sendNotLeaderResponses(202)) - 942178b8-9bdf-4823-b12b-68105f0b6dcc-PendingRequests: sendNotLeaderResponses
2019-09-25 07:29:44,365 [ForkJoinPool.commonPool-worker-0] INFO  impl.StateMachineUpdater (StateMachineUpdater.java:stopAndJoin(125)) - 942178b8-9bdf-4823-b12b-68105f0b6dcc@group-3AFF75B65A1B-StateMachineUpdater: set stopIndex = 0
2019-09-25 07:29:44,365 [Thread-539] INFO  impl.StateMachineUpdater (StateMachineUpdater.java:stopAndJoin(125)) - 942178b8-9bdf-4823-b12b-68105f0b6dcc@group-AE521EA0D099-StateMachineUpdater: set stopIndex = 0
2019-09-25 07:29:44,365 [ForkJoinPool.commonPool-worker-0] INFO  impl.RaftServerImpl (ServerState.java:close(385)) - 942178b8-9bdf-4823-b12b-68105f0b6dcc@group-3AFF75B65A1B: closes. applyIndex: 0
2019-09-25 07:29:44,366 [Thread-539] INFO  impl.RaftServerImpl (ServerState.java:close(385)) - 942178b8-9bdf-4823-b12b-68105f0b6dcc@group-AE521EA0D099: closes. applyIndex: 0
2019-09-25 07:29:44,366 [942178b8-9bdf-4823-b12b-68105f0b6dcc@group-3AFF75B65A1B-SegmentedRaftLogWorker] INFO  segmented.SegmentedRaftLogWorker (SegmentedRaftLogWorker.java:run(313)) - 942178b8-9bdf-4823-b12b-68105f0b6dcc@group-3AFF75B65A1B-SegmentedRaftLogWorker was interrupted, exiting. There are 0 tasks remaining in the queue.
2019-09-25 07:29:44,366 [942178b8-9bdf-4823-b12b-68105f0b6dcc@group-AE521EA0D099-SegmentedRaftLogWorker] INFO  segmented.SegmentedRaftLogWorker (SegmentedRaftLogWorker.java:run(313)) - 942178b8-9bdf-4823-b12b-68105f0b6dcc@group-AE521EA0D099-SegmentedRaftLogWorker was interrupted, exiting. There are 0 tasks remaining in the queue.
2019-09-25 07:29:44,367 [ForkJoinPool.commonPool-worker-0] INFO  segmented.SegmentedRaftLogWorker (SegmentedRaftLogWorker.java:close(228)) - 942178b8-9bdf-4823-b12b-68105f0b6dcc@group-3AFF75B65A1B-SegmentedRaftLogWorker close()
2019-09-25 07:29:44,367 [Thread-539] INFO  segmented.SegmentedRaftLogWorker (SegmentedRaftLogWorker.java:close(228)) - 942178b8-9bdf-4823-b12b-68105f0b6dcc@group-AE521EA0D099-SegmentedRaftLogWorker close()
2019-09-25 07:29:44,368 [ForkJoinPool.commonPool-worker-0] INFO  impl.RaftServerImpl (RaftServerImpl.java:lambda$shutdown$3(251)) - 942178b8-9bdf-4823-b12b-68105f0b6dcc@group-9F7C29E8DDEA: shutdown
2019-09-25 07:29:44,369 [Thread-539] INFO  impl.RaftServerImpl (RaftServerImpl.java:lambda$shutdown$3(251)) - 942178b8-9bdf-4823-b12b-68105f0b6dcc@group-B82F2AC5131F: shutdown
2019-09-25 07:29:44,370 [ForkJoinPool.commonPool-worker-0] INFO  util.JmxRegister (JmxRegister.java:unregister(73)) - Successfully un-registered JMX Bean with object name Ratis:service=RaftServer,group=group-9F7C29E8DDEA,id=942178b8-9bdf-4823-b12b-68105f0b6dcc
2019-09-25 07:29:44,370 [Thread-539] INFO  util.JmxRegister (JmxRegister.java:unregister(73)) - Successfully un-registered JMX Bean with object name Ratis:service=RaftServer,group=group-B82F2AC5131F,id=942178b8-9bdf-4823-b12b-68105f0b6dcc
2019-09-25 07:29:44,371 [Thread-539] INFO  impl.RoleInfo (RoleInfo.java:shutdownLeaderState(104)) - 942178b8-9bdf-4823-b12b-68105f0b6dcc: shutdown LeaderState
2019-09-25 07:29:44,370 [ForkJoinPool.commonPool-worker-0] INFO  impl.RoleInfo (RoleInfo.java:shutdownLeaderState(104)) - 942178b8-9bdf-4823-b12b-68105f0b6dcc: shutdown LeaderState
2019-09-25 07:29:44,371 [Thread-539] INFO  impl.PendingRequests (PendingRequests.java:sendNotLeaderResponses(202)) - 942178b8-9bdf-4823-b12b-68105f0b6dcc-PendingRequests: sendNotLeaderResponses
2019-09-25 07:29:44,371 [ForkJoinPool.commonPool-worker-0] INFO  impl.PendingRequests (PendingRequests.java:sendNotLeaderResponses(202)) - 942178b8-9bdf-4823-b12b-68105f0b6dcc-PendingRequests: sendNotLeaderResponses
2019-09-25 07:29:44,371 [Thread-539] INFO  impl.StateMachineUpdater (StateMachineUpdater.java:stopAndJoin(125)) - 942178b8-9bdf-4823-b12b-68105f0b6dcc@group-B82F2AC5131F-StateMachineUpdater: set stopIndex = 0
2019-09-25 07:29:44,372 [ForkJoinPool.commonPool-worker-0] INFO  impl.StateMachineUpdater (StateMachineUpdater.java:stopAndJoin(125)) - 942178b8-9bdf-4823-b12b-68105f0b6dcc@group-9F7C29E8DDEA-StateMachineUpdater: set stopIndex = 0
2019-09-25 07:29:44,372 [Thread-539] INFO  impl.RaftServerImpl (ServerState.java:close(385)) - 942178b8-9bdf-4823-b12b-68105f0b6dcc@group-B82F2AC5131F: closes. applyIndex: 0
2019-09-25 07:29:44,372 [ForkJoinPool.commonPool-worker-0] INFO  impl.RaftServerImpl (ServerState.java:close(385)) - 942178b8-9bdf-4823-b12b-68105f0b6dcc@group-9F7C29E8DDEA: closes. applyIndex: 0
2019-09-25 07:29:44,373 [942178b8-9bdf-4823-b12b-68105f0b6dcc@group-B82F2AC5131F-SegmentedRaftLogWorker] INFO  segmented.SegmentedRaftLogWorker (SegmentedRaftLogWorker.java:run(313)) - 942178b8-9bdf-4823-b12b-68105f0b6dcc@group-B82F2AC5131F-SegmentedRaftLogWorker was interrupted, exiting. There are 0 tasks remaining in the queue.
2019-09-25 07:29:44,373 [942178b8-9bdf-4823-b12b-68105f0b6dcc@group-9F7C29E8DDEA-SegmentedRaftLogWorker] INFO  segmented.SegmentedRaftLogWorker (SegmentedRaftLogWorker.java:run(313)) - 942178b8-9bdf-4823-b12b-68105f0b6dcc@group-9F7C29E8DDEA-SegmentedRaftLogWorker was interrupted, exiting. There are 0 tasks remaining in the queue.
2019-09-25 07:29:44,373 [Thread-539] INFO  segmented.SegmentedRaftLogWorker (SegmentedRaftLogWorker.java:close(228)) - 942178b8-9bdf-4823-b12b-68105f0b6dcc@group-B82F2AC5131F-SegmentedRaftLogWorker close()
2019-09-25 07:29:44,373 [ForkJoinPool.commonPool-worker-0] INFO  segmented.SegmentedRaftLogWorker (SegmentedRaftLogWorker.java:close(228)) - 942178b8-9bdf-4823-b12b-68105f0b6dcc@group-9F7C29E8DDEA-SegmentedRaftLogWorker close()
2019-09-25 07:29:44,376 [Thread-539] INFO  server.GrpcService (GrpcService.java:closeImpl(164)) - 942178b8-9bdf-4823-b12b-68105f0b6dcc: shutdown server with port 45883 now
2019-09-25 07:29:44,378 [Thread-539] INFO  server.GrpcService (GrpcService.java:closeImpl(172)) - 942178b8-9bdf-4823-b12b-68105f0b6dcc: shutdown server with port 45883 successfully
2019-09-25 07:29:44,383 [refreshUsed-/workdir/hadoop-ozone/ozonefs/target/test-dir/MiniOzoneClusterImpl-550119eb-1d26-4ec7-b74e-58480585c2d5/datanode-2/data/containers] WARN  fs.CachingGetSpaceUsed (CachingGetSpaceUsed.java:run(183)) - Thread Interrupted waiting to refresh disk information: sleep interrupted
2019-09-25 07:29:44,413 [Thread-539] INFO  utils.BackgroundService (BackgroundService.java:shutdown(148)) - Shutting down service BlockDeletingService
2019-09-25 07:29:44,417 [Thread-539] INFO  statemachine.DatanodeStateMachine (DatanodeStateMachine.java:stopDaemon(395)) - Ozone container server stopped.
2019-09-25 07:29:44,429 [Thread-539] INFO  handler.ContextHandler (ContextHandler.java:doStop(910)) - Stopped o.e.j.w.WebAppContext@4565a962{/,null,UNAVAILABLE}{/hddsDatanode}
2019-09-25 07:29:44,430 [Thread-539] INFO  server.AbstractConnector (AbstractConnector.java:doStop(318)) - Stopped ServerConnector@287f0026{HTTP/1.1,[http/1.1]}{0.0.0.0:0}
2019-09-25 07:29:44,430 [Thread-539] INFO  handler.ContextHandler (ContextHandler.java:doStop(910)) - Stopped o.e.j.s.ServletContextHandler@78a8517{/static,jar:file:/home/user/.m2/repository/org/apache/hadoop/hadoop-hdds-container-service/0.5.0-SNAPSHOT/hadoop-hdds-container-service-0.5.0-SNAPSHOT.jar!/webapps/static,UNAVAILABLE}
2019-09-25 07:29:44,431 [Thread-539] INFO  handler.ContextHandler (ContextHandler.java:doStop(910)) - Stopped o.e.j.s.ServletContextHandler@15997f6f{/logs,file:///workdir/hadoop-ozone/ozonefs/target/log,UNAVAILABLE}
2019-09-25 07:29:44,432 [Thread-539] INFO  ozone.MiniOzoneClusterImpl (MiniOzoneClusterImpl.java:stopSCM(392)) - Stopping the StorageContainerManager
2019-09-25 07:29:44,432 [Thread-539] INFO  server.StorageContainerManager (StorageContainerManager.java:stop(808)) - Stopping Replication Manager Service.
2019-09-25 07:29:44,432 [Thread-539] INFO  container.ReplicationManager (ReplicationManager.java:stop(204)) - Stopping Replication Monitor Thread.
2019-09-25 07:29:44,432 [Thread-539] INFO  server.StorageContainerManager (StorageContainerManager.java:stop(815)) - Stopping Lease Manager of the command watchers
2019-09-25 07:29:44,433 [Thread-539] INFO  server.StorageContainerManager (StorageContainerManager.java:stop(822)) - Stopping datanode service RPC server
2019-09-25 07:29:44,433 [Thread-539] INFO  server.SCMDatanodeProtocolServer (SCMDatanodeProtocolServer.java:stop(367)) - Stopping the RPC server for DataNodes
2019-09-25 07:29:44,433 [Thread-539] INFO  ipc.Server (Server.java:stop(3082)) - Stopping server on 46574
2019-09-25 07:29:44,435 [IPC Server listener on 46574] INFO  ipc.Server (Server.java:run(1185)) - Stopping IPC Server listener on 46574
2019-09-25 07:29:44,435 [IPC Server Responder] INFO  ipc.Server (Server.java:run(1319)) - Stopping IPC Server Responder
2019-09-25 07:29:44,478 [SCM Heartbeat Processing Thread - 0] WARN  node.NodeStateManager (NodeStateManager.java:scheduleNextHealthCheck(655)) - Current Thread is interrupted, shutting down HB processing thread for Node Manager.
2019-09-25 07:29:44,478 [Thread-539] INFO  server.StorageContainerManager (StorageContainerManager.java:stop(830)) - Stopping block service RPC server
2019-09-25 07:29:44,478 [Thread-539] INFO  server.SCMBlockProtocolServer (SCMBlockProtocolServer.java:stop(155)) - Stopping the RPC server for Block Protocol
2019-09-25 07:29:44,478 [Thread-539] INFO  ipc.Server (Server.java:stop(3082)) - Stopping server on 46258
2019-09-25 07:29:44,481 [IPC Server listener on 46258] INFO  ipc.Server (Server.java:run(1185)) - Stopping IPC Server listener on 46258
2019-09-25 07:29:44,481 [Thread-539] INFO  server.StorageContainerManager (StorageContainerManager.java:stop(837)) - Stopping the StorageContainerLocationProtocol RPC server
2019-09-25 07:29:44,482 [Thread-539] INFO  server.SCMClientProtocolServer (SCMClientProtocolServer.java:stop(159)) - Stopping the RPC server for Client Protocol
2019-09-25 07:29:44,483 [Thread-539] INFO  ipc.Server (Server.java:stop(3082)) - Stopping server on 46626
2019-09-25 07:29:44,482 [IPC Server Responder] INFO  ipc.Server (Server.java:run(1319)) - Stopping IPC Server Responder
2019-09-25 07:29:44,485 [IPC Server listener on 46626] INFO  ipc.Server (Server.java:run(1185)) - Stopping IPC Server listener on 46626
2019-09-25 07:29:44,486 [Thread-539] INFO  server.StorageContainerManager (StorageContainerManager.java:stop(844)) - Stopping Storage Container Manager HTTP server.
2019-09-25 07:29:44,488 [IPC Server Responder] INFO  ipc.Server (Server.java:run(1319)) - Stopping IPC Server Responder
2019-09-25 07:29:44,488 [Thread-539] INFO  handler.ContextHandler (ContextHandler.java:doStop(910)) - Stopped o.e.j.w.WebAppContext@2ae34ce4{/,null,UNAVAILABLE}{/scm}
2019-09-25 07:29:44,489 [Thread-539] INFO  server.AbstractConnector (AbstractConnector.java:doStop(318)) - Stopped ServerConnector@6188b3ca{HTTP/1.1,[http/1.1]}{0.0.0.0:0}
2019-09-25 07:29:44,490 [Thread-539] INFO  handler.ContextHandler (ContextHandler.java:doStop(910)) - Stopped o.e.j.s.ServletContextHandler@29ff12e7{/static,jar:file:/home/user/.m2/repository/org/apache/hadoop/hadoop-hdds-server-scm/0.5.0-SNAPSHOT/hadoop-hdds-server-scm-0.5.0-SNAPSHOT.jar!/webapps/static,UNAVAILABLE}
2019-09-25 07:29:44,490 [Thread-539] INFO  handler.ContextHandler (ContextHandler.java:doStop(910)) - Stopped o.e.j.s.ServletContextHandler@b398bd4{/logs,file:///workdir/hadoop-ozone/ozonefs/target/log,UNAVAILABLE}
2019-09-25 07:29:44,491 [Thread-539] INFO  server.StorageContainerManager (StorageContainerManager.java:stop(855)) - Stopping Block Manager Service.
2019-09-25 07:29:44,491 [Thread-539] INFO  utils.BackgroundService (BackgroundService.java:shutdown(148)) - Shutting down service SCMBlockDeletingService
2019-09-25 07:29:44,492 [Thread-539] INFO  utils.BackgroundService (BackgroundService.java:shutdown(148)) - Shutting down service SCMBlockDeletingService
2019-09-25 07:29:44,492 [Thread-539] INFO  server.StorageContainerManager (StorageContainerManager.java:stop(877)) - Stopping SCM Event Queue.
2019-09-25 07:29:44,496 [Thread-539] INFO  impl.MetricsSystemImpl (MetricsSystemImpl.java:stop(210)) - Stopping HddsDatanode metrics system...
2019-09-25 07:29:44,503 [Thread-539] INFO  impl.MetricsSystemImpl (MetricsSystemImpl.java:stop(216)) - HddsDatanode metrics system stopped.
]]></system-out>
  </testcase>
  <testcase name="testListStatus" classname="org.apache.hadoop.fs.ozone.TestOzoneFileSystem" time="17.694">
    <error message="Allocated 0 blocks. Requested 1 blocks" type="INTERNAL_ERROR org.apache.hadoop.ozone.om.exceptions.OMException">INTERNAL_ERROR org.apache.hadoop.ozone.om.exceptions.OMException: Allocated 0 blocks. Requested 1 blocks
	at org.apache.hadoop.ozone.om.protocolPB.OzoneManagerProtocolClientSideTranslatorPB.handleError(OzoneManagerProtocolClientSideTranslatorPB.java:732)
	at org.apache.hadoop.ozone.om.protocolPB.OzoneManagerProtocolClientSideTranslatorPB.createFile(OzoneManagerProtocolClientSideTranslatorPB.java:1536)
	at sun.reflect.NativeMethodAccessorImpl.invoke0(Native Method)
	at sun.reflect.NativeMethodAccessorImpl.invoke(NativeMethodAccessorImpl.java:62)
	at sun.reflect.DelegatingMethodAccessorImpl.invoke(DelegatingMethodAccessorImpl.java:43)
	at java.lang.reflect.Method.invoke(Method.java:498)
	at org.apache.hadoop.hdds.tracing.TraceAllMethod.invoke(TraceAllMethod.java:66)
	at com.sun.proxy.$Proxy38.createFile(Unknown Source)
	at org.apache.hadoop.ozone.client.rpc.RpcClient.createFile(RpcClient.java:1006)
	at org.apache.hadoop.ozone.client.OzoneBucket.createFile(OzoneBucket.java:537)
	at org.apache.hadoop.fs.ozone.BasicOzoneClientAdapterImpl.createFile(BasicOzoneClientAdapterImpl.java:205)
	at org.apache.hadoop.fs.ozone.BasicOzoneFileSystem.createOutputStream(BasicOzoneFileSystem.java:250)
	at org.apache.hadoop.fs.ozone.BasicOzoneFileSystem.create(BasicOzoneFileSystem.java:231)
	at org.apache.hadoop.fs.FileSystem.create(FileSystem.java:1118)
	at org.apache.hadoop.fs.FileSystem.create(FileSystem.java:1098)
	at org.apache.hadoop.fs.FileSystem.create(FileSystem.java:987)
	at org.apache.hadoop.fs.contract.ContractTestUtils.createFile(ContractTestUtils.java:633)
	at org.apache.hadoop.fs.contract.ContractTestUtils.touch(ContractTestUtils.java:669)
	at org.apache.hadoop.fs.ozone.TestOzoneFileSystem.testListStatus(TestOzoneFileSystem.java:159)
	at sun.reflect.NativeMethodAccessorImpl.invoke0(Native Method)
	at sun.reflect.NativeMethodAccessorImpl.invoke(NativeMethodAccessorImpl.java:62)
	at sun.reflect.DelegatingMethodAccessorImpl.invoke(DelegatingMethodAccessorImpl.java:43)
	at java.lang.reflect.Method.invoke(Method.java:498)
	at org.junit.runners.model.FrameworkMethod$1.runReflectiveCall(FrameworkMethod.java:47)
	at org.junit.internal.runners.model.ReflectiveCallable.run(ReflectiveCallable.java:12)
	at org.junit.runners.model.FrameworkMethod.invokeExplosively(FrameworkMethod.java:44)
	at org.junit.internal.runners.statements.InvokeMethod.evaluate(InvokeMethod.java:17)
	at org.junit.internal.runners.statements.RunBefores.evaluate(RunBefores.java:26)
	at org.junit.internal.runners.statements.RunAfters.evaluate(RunAfters.java:27)
	at org.junit.internal.runners.statements.FailOnTimeout$StatementThread.run(FailOnTimeout.java:74)
</error>
    <system-out><![CDATA[2019-09-25 07:29:44,572 [Thread-806] WARN  server.ServerUtils (ServerUtils.java:getScmDbDir(145)) - ozone.scm.db.dirs is not configured. We recommend adding this setting. Falling back to ozone.metadata.dirs instead.
2019-09-25 07:29:44,597 [Thread-806] WARN  server.ServerUtils (ServerUtils.java:getScmDbDir(145)) - ozone.scm.db.dirs is not configured. We recommend adding this setting. Falling back to ozone.metadata.dirs instead.
2019-09-25 07:29:44,598 [Thread-806] WARN  server.ServerUtils (ServerUtils.java:getScmDbDir(145)) - ozone.scm.db.dirs is not configured. We recommend adding this setting. Falling back to ozone.metadata.dirs instead.
2019-09-25 07:29:44,598 [Thread-806] INFO  db.DBStoreBuilder (DBStoreBuilder.java:addTable(110)) - using custom profile for table: deletedBlocks
2019-09-25 07:29:44,599 [Thread-806] INFO  db.DBStoreBuilder (DBStoreBuilder.java:processTables(161)) - Using default column profile:DBProfile.DISK for Table:deletedBlocks
2019-09-25 07:29:44,599 [Thread-806] INFO  db.DBStoreBuilder (DBStoreBuilder.java:addTable(110)) - using custom profile for table: validCerts
2019-09-25 07:29:44,599 [Thread-806] INFO  db.DBStoreBuilder (DBStoreBuilder.java:processTables(161)) - Using default column profile:DBProfile.DISK for Table:validCerts
2019-09-25 07:29:44,600 [Thread-806] INFO  db.DBStoreBuilder (DBStoreBuilder.java:addTable(110)) - using custom profile for table: revokedCerts
2019-09-25 07:29:44,600 [Thread-806] INFO  db.DBStoreBuilder (DBStoreBuilder.java:processTables(161)) - Using default column profile:DBProfile.DISK for Table:revokedCerts
2019-09-25 07:29:44,600 [Thread-806] INFO  db.DBStoreBuilder (DBStoreBuilder.java:addTable(110)) - using custom profile for table: default
2019-09-25 07:29:44,600 [Thread-806] INFO  db.DBStoreBuilder (DBStoreBuilder.java:processTables(167)) - Using default column profile:DBProfile.DISK for Table:default
2019-09-25 07:29:44,601 [Thread-806] INFO  db.DBStoreBuilder (DBStoreBuilder.java:getDbProfile(198)) - Using default options. DBProfile.DISK
2019-09-25 07:29:44,907 [Thread-806] INFO  net.NodeSchemaLoader (NodeSchemaLoader.java:loadSchemaFromFile(125)) - Loading file from sun.misc.CompoundEnumeration@dc74cde
2019-09-25 07:29:44,907 [Thread-806] INFO  net.NodeSchemaLoader (NodeSchemaLoader.java:loadSchema(171)) - Loading network topology layer schema file
2019-09-25 07:29:44,914 [Thread-806] WARN  server.ServerUtils (ServerUtils.java:sanitizeUserArgs(70)) - ozone.scm.stale.node.interval value = 300000 is larger than max = 100000 based on the key value of ozone.scm.heartbeat.thread.interval, reset to the max value 100000.
2019-09-25 07:29:44,914 [Thread-806] WARN  server.ServerUtils (ServerUtils.java:sanitizeUserArgs(70)) - ozone.scm.stale.node.interval value = 300000 is larger than max = 100000 based on the key value of ozone.scm.heartbeat.thread.interval, reset to the max value 100000.
2019-09-25 07:29:44,915 [Thread-806] INFO  node.SCMNodeManager (SCMNodeManager.java:<init>(114)) - Entering startup safe mode.
2019-09-25 07:29:44,915 [Thread-806] INFO  algorithms.ContainerPlacementPolicyFactory (ContainerPlacementPolicyFactory.java:getPolicy(59)) - Create container placement policy of type org.apache.hadoop.hdds.scm.container.placement.algorithms.SCMContainerPlacementRandom
2019-09-25 07:29:44,916 [Thread-806] WARN  server.ServerUtils (ServerUtils.java:getScmDbDir(145)) - ozone.scm.db.dirs is not configured. We recommend adding this setting. Falling back to ozone.metadata.dirs instead.
2019-09-25 07:29:45,027 [Thread-806] INFO  pipeline.SCMPipelineManager (SCMPipelineManager.java:initializePipelineState(132)) - No pipeline exists in current db
2019-09-25 07:29:45,027 [Thread-806] WARN  server.ServerUtils (ServerUtils.java:getScmDbDir(145)) - ozone.scm.db.dirs is not configured. We recommend adding this setting. Falling back to ozone.metadata.dirs instead.
2019-09-25 07:29:45,149 [Thread-806] WARN  events.EventQueue (EventQueue.java:fireEvent(183)) - No event handler registered for event TypedEvent{payloadType=SafeModeStatus, name='SafeModeStatus'}
2019-09-25 07:29:45,150 [Thread-806] INFO  ipc.CallQueueManager (CallQueueManager.java:<init>(84)) - Using callQueue: class java.util.concurrent.LinkedBlockingQueue, queueCapacity: 2000, scheduler: class org.apache.hadoop.ipc.DefaultRpcScheduler, ipcBackoff: false.
2019-09-25 07:29:45,151 [Socket Reader #1 for port 45917] INFO  ipc.Server (Server.java:run(1074)) - Starting Socket Reader #1 for port 45917
2019-09-25 07:29:45,154 [Thread-806] INFO  ipc.CallQueueManager (CallQueueManager.java:<init>(84)) - Using callQueue: class java.util.concurrent.LinkedBlockingQueue, queueCapacity: 2000, scheduler: class org.apache.hadoop.ipc.DefaultRpcScheduler, ipcBackoff: false.
2019-09-25 07:29:45,155 [Socket Reader #1 for port 34792] INFO  ipc.Server (Server.java:run(1074)) - Starting Socket Reader #1 for port 34792
2019-09-25 07:29:45,157 [Thread-806] INFO  ipc.CallQueueManager (CallQueueManager.java:<init>(84)) - Using callQueue: class java.util.concurrent.LinkedBlockingQueue, queueCapacity: 2000, scheduler: class org.apache.hadoop.ipc.DefaultRpcScheduler, ipcBackoff: false.
2019-09-25 07:29:45,158 [Socket Reader #1 for port 45600] INFO  ipc.Server (Server.java:run(1074)) - Starting Socket Reader #1 for port 45600
2019-09-25 07:29:45,161 [Thread-806] INFO  hdfs.DFSUtil (DFSUtil.java:httpServerTemplateForNNAndJN(1641)) - Starting Web-server for scm at: http://0.0.0.0:0
2019-09-25 07:29:45,165 [Thread-806] INFO  server.AuthenticationFilter (AuthenticationFilter.java:constructSecretProvider(240)) - Unable to initialize FileSignerSecretProvider, falling back to use random secrets.
2019-09-25 07:29:45,166 [Thread-806] WARN  http.HttpRequestLog (HttpRequestLog.java:getRequestLog(97)) - Jetty request log can only be enabled using Log4j
2019-09-25 07:29:45,169 [Thread-806] INFO  http.HttpServer2 (HttpServer2.java:addGlobalFilter(975)) - Added global filter 'safety' (class=org.apache.hadoop.http.HttpServer2$QuotingInputFilter)
2019-09-25 07:29:45,171 [Thread-806] INFO  http.HttpServer2 (HttpServer2.java:addFilter(948)) - Added filter static_user_filter (class=org.apache.hadoop.http.lib.StaticUserWebFilter$StaticUserFilter) to context scm
2019-09-25 07:29:45,171 [Thread-806] INFO  http.HttpServer2 (HttpServer2.java:addFilter(958)) - Added filter static_user_filter (class=org.apache.hadoop.http.lib.StaticUserWebFilter$StaticUserFilter) to context static
2019-09-25 07:29:45,171 [Thread-806] INFO  http.HttpServer2 (HttpServer2.java:addFilter(958)) - Added filter static_user_filter (class=org.apache.hadoop.http.lib.StaticUserWebFilter$StaticUserFilter) to context logs
2019-09-25 07:29:45,174 [Thread-806] INFO  server.StorageContainerManager (StorageContainerManager.java:start(770)) - StorageContainerLocationProtocol RPC server is listening at /0.0.0.0:45600
2019-09-25 07:29:45,177 [Thread-806] WARN  impl.MetricsConfig (MetricsConfig.java:loadFirst(134)) - Cannot locate configuration: tried hadoop-metrics2-storagecontainermanager.properties,hadoop-metrics2.properties
2019-09-25 07:29:45,181 [Thread-806] INFO  impl.MetricsSystemImpl (MetricsSystemImpl.java:startTimer(374)) - Scheduled Metric snapshot period at 10 second(s).
2019-09-25 07:29:45,181 [Thread-806] INFO  impl.MetricsSystemImpl (MetricsSystemImpl.java:start(191)) - StorageContainerManager metrics system started
2019-09-25 07:29:45,281 [Thread-806] WARN  impl.MetricsSystemImpl (MetricsSystemImpl.java:register(276)) - Sink prometheus already exists!
2019-09-25 07:29:45,387 [Thread-806] INFO  server.SCMClientProtocolServer (SCMClientProtocolServer.java:start(151)) - RPC server for Client  is listening at /0.0.0.0:45600
2019-09-25 07:29:45,469 [IPC Server Responder] INFO  ipc.Server (Server.java:run(1314)) - IPC Server Responder: starting
2019-09-25 07:29:45,494 [IPC Server listener on 45600] INFO  ipc.Server (Server.java:run(1153)) - IPC Server listener on 45600: starting
2019-09-25 07:29:45,503 [Thread-806] INFO  server.StorageContainerManager (StorageContainerManager.java:start(780)) - ScmBlockLocationProtocol RPC server is listening at /0.0.0.0:34792
2019-09-25 07:29:45,508 [Thread-806] INFO  server.SCMBlockProtocolServer (SCMBlockProtocolServer.java:start(146)) - RPC server for Block Protocol is listening at /0.0.0.0:34792
2019-09-25 07:29:45,512 [IPC Server listener on 34792] INFO  ipc.Server (Server.java:run(1153)) - IPC Server listener on 34792: starting
2019-09-25 07:29:45,512 [IPC Server Responder] INFO  ipc.Server (Server.java:run(1314)) - IPC Server Responder: starting
2019-09-25 07:29:45,519 [Thread-806] INFO  server.StorageContainerManager (StorageContainerManager.java:start(784)) - ScmDatanodeProtocl RPC server is listening at /0.0.0.0:45917
2019-09-25 07:29:45,519 [Thread-806] INFO  server.SCMDatanodeProtocolServer (SCMDatanodeProtocolServer.java:start(191)) - RPC server for DataNodes is listening at /0.0.0.0:45917
2019-09-25 07:29:45,521 [IPC Server Responder] INFO  ipc.Server (Server.java:run(1314)) - IPC Server Responder: starting
2019-09-25 07:29:45,521 [IPC Server listener on 45917] INFO  ipc.Server (Server.java:run(1153)) - IPC Server listener on 45917: starting
2019-09-25 07:29:45,526 [Thread-806] INFO  http.HttpServer2 (HttpServer2.java:bindListener(1191)) - Jetty bound to port 36681
2019-09-25 07:29:45,527 [Thread-806] INFO  server.Server (Server.java:doStart(351)) - jetty-9.3.25.v20180904, build timestamp: 2018-09-04T21:11:46Z, git hash: 3ce520221d0240229c862b122d2b06c12a625732
2019-09-25 07:29:45,532 [Thread-806] INFO  handler.ContextHandler (ContextHandler.java:doStart(781)) - Started o.e.j.s.ServletContextHandler@70722d78{/logs,file:///workdir/hadoop-ozone/ozonefs/target/log,AVAILABLE}
2019-09-25 07:29:45,532 [Thread-806] INFO  handler.ContextHandler (ContextHandler.java:doStart(781)) - Started o.e.j.s.ServletContextHandler@32f9d30b{/static,jar:file:/home/user/.m2/repository/org/apache/hadoop/hadoop-hdds-server-scm/0.5.0-SNAPSHOT/hadoop-hdds-server-scm-0.5.0-SNAPSHOT.jar!/webapps/static,AVAILABLE}
2019-09-25 07:29:45,573 [Thread-806] INFO  handler.ContextHandler (ContextHandler.java:doStart(781)) - Started o.e.j.w.WebAppContext@4687adb5{/,file:///tmp/jetty-0.0.0.0-36681-scm-_-any-878076713757865887.dir/webapp/,AVAILABLE}{/scm}
2019-09-25 07:29:45,574 [Thread-806] INFO  server.AbstractConnector (AbstractConnector.java:doStart(278)) - Started ServerConnector@607f1c2d{HTTP/1.1,[http/1.1]}{0.0.0.0:36681}
2019-09-25 07:29:45,575 [Thread-806] INFO  server.Server (Server.java:doStart(419)) - Started @58246ms
2019-09-25 07:29:45,575 [Thread-806] WARN  impl.MetricsSystemImpl (MetricsSystemImpl.java:register(276)) - Sink prometheus already exists!
2019-09-25 07:29:45,576 [Thread-806] INFO  server.BaseHttpServer (BaseHttpServer.java:updateConnectorAddress(215)) - HTTP server of SCM is listening at http://0.0.0.0:36681
2019-09-25 07:29:45,577 [Thread-806] WARN  server.ServerUtils (ServerUtils.java:getDBPath(222)) - ozone.om.db.dirs is not configured. We recommend adding this setting. Falling back to ozone.metadata.dirs instead.
2019-09-25 07:29:45,578 [org.apache.hadoop.util.JvmPauseMonitor$Monitor@3a25806e] INFO  util.JvmPauseMonitor (JvmPauseMonitor.java:run(188)) - Starting JVM pause monitor
2019-09-25 07:29:45,601 [Thread-806] WARN  server.ServerUtils (ServerUtils.java:getDBPath(222)) - ozone.om.db.dirs is not configured. We recommend adding this setting. Falling back to ozone.metadata.dirs instead.
2019-09-25 07:29:45,602 [Thread-806] WARN  server.ServerUtils (ServerUtils.java:getDBPath(222)) - ozone.om.db.dirs is not configured. We recommend adding this setting. Falling back to ozone.metadata.dirs instead.
2019-09-25 07:29:45,602 [Thread-806] INFO  om.OzoneManager (OzoneManager.java:setOMNodeDetails(652)) - OM Service ID is not set. Setting it to the default ID: omServiceIdDefault
2019-09-25 07:29:45,602 [Thread-806] INFO  om.OzoneManager (OzoneManager.java:setOMNodeDetails(658)) - OM Node ID is not set. Setting it to the OmStorage's OmID: 71a16f9a-54ed-44c2-b82b-92bc0a0c9e0a
2019-09-25 07:29:45,603 [Thread-806] INFO  om.OzoneManager (OzoneManager.java:loadOMHAConfigs(609)) - Found matching OM address with OMServiceId: null, OMNodeId: null, RPC Address: localhost:0 and Ratis port: 9872
2019-09-25 07:29:45,610 [Thread-806] WARN  server.ServerUtils (ServerUtils.java:getDBPath(222)) - ozone.om.db.dirs is not configured. We recommend adding this setting. Falling back to ozone.metadata.dirs instead.
2019-09-25 07:29:45,610 [Thread-806] INFO  db.DBStoreBuilder (DBStoreBuilder.java:addTable(110)) - using custom profile for table: userTable
2019-09-25 07:29:45,610 [Thread-806] INFO  db.DBStoreBuilder (DBStoreBuilder.java:processTables(161)) - Using default column profile:DBProfile.DISK for Table:userTable
2019-09-25 07:29:45,610 [Thread-806] INFO  db.DBStoreBuilder (DBStoreBuilder.java:addTable(110)) - using custom profile for table: volumeTable
2019-09-25 07:29:45,611 [Thread-806] INFO  db.DBStoreBuilder (DBStoreBuilder.java:processTables(161)) - Using default column profile:DBProfile.DISK for Table:volumeTable
2019-09-25 07:29:45,611 [Thread-806] INFO  db.DBStoreBuilder (DBStoreBuilder.java:addTable(110)) - using custom profile for table: bucketTable
2019-09-25 07:29:45,611 [Thread-806] INFO  db.DBStoreBuilder (DBStoreBuilder.java:processTables(161)) - Using default column profile:DBProfile.DISK for Table:bucketTable
2019-09-25 07:29:45,611 [Thread-806] INFO  db.DBStoreBuilder (DBStoreBuilder.java:addTable(110)) - using custom profile for table: keyTable
2019-09-25 07:29:45,611 [Thread-806] INFO  db.DBStoreBuilder (DBStoreBuilder.java:processTables(161)) - Using default column profile:DBProfile.DISK for Table:keyTable
2019-09-25 07:29:45,612 [Thread-806] INFO  db.DBStoreBuilder (DBStoreBuilder.java:addTable(110)) - using custom profile for table: deletedTable
2019-09-25 07:29:45,612 [Thread-806] INFO  db.DBStoreBuilder (DBStoreBuilder.java:processTables(161)) - Using default column profile:DBProfile.DISK for Table:deletedTable
2019-09-25 07:29:45,612 [Thread-806] INFO  db.DBStoreBuilder (DBStoreBuilder.java:addTable(110)) - using custom profile for table: openKeyTable
2019-09-25 07:29:45,612 [Thread-806] INFO  db.DBStoreBuilder (DBStoreBuilder.java:processTables(161)) - Using default column profile:DBProfile.DISK for Table:openKeyTable
2019-09-25 07:29:45,612 [Thread-806] INFO  db.DBStoreBuilder (DBStoreBuilder.java:addTable(110)) - using custom profile for table: s3Table
2019-09-25 07:29:45,613 [Thread-806] INFO  db.DBStoreBuilder (DBStoreBuilder.java:processTables(161)) - Using default column profile:DBProfile.DISK for Table:s3Table
2019-09-25 07:29:45,613 [Thread-806] INFO  db.DBStoreBuilder (DBStoreBuilder.java:addTable(110)) - using custom profile for table: multipartInfoTable
2019-09-25 07:29:45,613 [Thread-806] INFO  db.DBStoreBuilder (DBStoreBuilder.java:processTables(161)) - Using default column profile:DBProfile.DISK for Table:multipartInfoTable
2019-09-25 07:29:45,613 [Thread-806] INFO  db.DBStoreBuilder (DBStoreBuilder.java:addTable(110)) - using custom profile for table: dTokenTable
2019-09-25 07:29:45,613 [Thread-806] INFO  db.DBStoreBuilder (DBStoreBuilder.java:processTables(161)) - Using default column profile:DBProfile.DISK for Table:dTokenTable
2019-09-25 07:29:45,613 [Thread-806] INFO  db.DBStoreBuilder (DBStoreBuilder.java:addTable(110)) - using custom profile for table: s3SecretTable
2019-09-25 07:29:45,614 [Thread-806] INFO  db.DBStoreBuilder (DBStoreBuilder.java:processTables(161)) - Using default column profile:DBProfile.DISK for Table:s3SecretTable
2019-09-25 07:29:45,614 [Thread-806] INFO  db.DBStoreBuilder (DBStoreBuilder.java:addTable(110)) - using custom profile for table: prefixTable
2019-09-25 07:29:45,614 [Thread-806] INFO  db.DBStoreBuilder (DBStoreBuilder.java:processTables(161)) - Using default column profile:DBProfile.DISK for Table:prefixTable
2019-09-25 07:29:45,614 [Thread-806] INFO  db.DBStoreBuilder (DBStoreBuilder.java:addTable(110)) - using custom profile for table: default
2019-09-25 07:29:45,614 [Thread-806] INFO  db.DBStoreBuilder (DBStoreBuilder.java:processTables(167)) - Using default column profile:DBProfile.DISK for Table:default
2019-09-25 07:29:45,614 [Thread-806] INFO  db.DBStoreBuilder (DBStoreBuilder.java:getDbProfile(198)) - Using default options. DBProfile.DISK
2019-09-25 07:29:46,378 [Thread-806] INFO  ipc.CallQueueManager (CallQueueManager.java:<init>(84)) - Using callQueue: class java.util.concurrent.LinkedBlockingQueue, queueCapacity: 2000, scheduler: class org.apache.hadoop.ipc.DefaultRpcScheduler, ipcBackoff: false.
2019-09-25 07:29:46,379 [Socket Reader #1 for port 43222] INFO  ipc.Server (Server.java:run(1074)) - Starting Socket Reader #1 for port 43222
2019-09-25 07:29:46,402 [Thread-806] INFO  om.OzoneManager (OzoneManager.java:start(1243)) - OzoneManager RPC server is listening at localhost/127.0.0.1:43222
2019-09-25 07:29:46,402 [Thread-806] INFO  impl.MetricsSystemImpl (MetricsSystemImpl.java:init(158)) - OzoneManager metrics system started (again)
2019-09-25 07:29:46,402 [IPC Server Responder] INFO  ipc.Server (Server.java:run(1314)) - IPC Server Responder: starting
2019-09-25 07:29:46,404 [IPC Server listener on 43222] INFO  ipc.Server (Server.java:run(1153)) - IPC Server listener on 43222: starting
2019-09-25 07:29:46,408 [Thread-806] INFO  hdfs.DFSUtil (DFSUtil.java:httpServerTemplateForNNAndJN(1641)) - Starting Web-server for ozoneManager at: http://0.0.0.0:0
2019-09-25 07:29:46,411 [Thread-806] INFO  server.AuthenticationFilter (AuthenticationFilter.java:constructSecretProvider(240)) - Unable to initialize FileSignerSecretProvider, falling back to use random secrets.
2019-09-25 07:29:46,412 [Thread-806] WARN  http.HttpRequestLog (HttpRequestLog.java:getRequestLog(97)) - Jetty request log can only be enabled using Log4j
2019-09-25 07:29:46,414 [Thread-806] INFO  http.HttpServer2 (HttpServer2.java:addGlobalFilter(975)) - Added global filter 'safety' (class=org.apache.hadoop.http.HttpServer2$QuotingInputFilter)
2019-09-25 07:29:46,415 [Thread-806] INFO  http.HttpServer2 (HttpServer2.java:addFilter(948)) - Added filter static_user_filter (class=org.apache.hadoop.http.lib.StaticUserWebFilter$StaticUserFilter) to context ozoneManager
2019-09-25 07:29:46,415 [Thread-806] INFO  http.HttpServer2 (HttpServer2.java:addFilter(958)) - Added filter static_user_filter (class=org.apache.hadoop.http.lib.StaticUserWebFilter$StaticUserFilter) to context static
2019-09-25 07:29:46,415 [Thread-806] INFO  http.HttpServer2 (HttpServer2.java:addFilter(958)) - Added filter static_user_filter (class=org.apache.hadoop.http.lib.StaticUserWebFilter$StaticUserFilter) to context logs
2019-09-25 07:29:46,416 [Thread-806] INFO  http.HttpServer2 (HttpServer2.java:bindListener(1191)) - Jetty bound to port 34216
2019-09-25 07:29:46,417 [Thread-806] INFO  server.Server (Server.java:doStart(351)) - jetty-9.3.25.v20180904, build timestamp: 2018-09-04T21:11:46Z, git hash: 3ce520221d0240229c862b122d2b06c12a625732
2019-09-25 07:29:46,419 [Thread-806] INFO  handler.ContextHandler (ContextHandler.java:doStart(781)) - Started o.e.j.s.ServletContextHandler@40a52918{/logs,file:///workdir/hadoop-ozone/ozonefs/target/log,AVAILABLE}
2019-09-25 07:29:46,420 [Thread-806] INFO  handler.ContextHandler (ContextHandler.java:doStart(781)) - Started o.e.j.s.ServletContextHandler@14a738f4{/static,jar:file:/home/user/.m2/repository/org/apache/hadoop/hadoop-ozone-ozone-manager/0.5.0-SNAPSHOT/hadoop-ozone-ozone-manager-0.5.0-SNAPSHOT.jar!/webapps/static,AVAILABLE}
2019-09-25 07:29:46,484 [Thread-806] INFO  handler.ContextHandler (ContextHandler.java:doStart(781)) - Started o.e.j.w.WebAppContext@5564a092{/,file:///tmp/jetty-0.0.0.0-34216-ozoneManager-_-any-5140163789822377288.dir/webapp/,AVAILABLE}{/ozoneManager}
2019-09-25 07:29:46,484 [Thread-806] INFO  server.AbstractConnector (AbstractConnector.java:doStart(278)) - Started ServerConnector@187dd1d8{HTTP/1.1,[http/1.1]}{0.0.0.0:34216}
2019-09-25 07:29:46,486 [Thread-806] INFO  server.Server (Server.java:doStart(419)) - Started @59157ms
2019-09-25 07:29:46,486 [Thread-806] WARN  impl.MetricsSystemImpl (MetricsSystemImpl.java:register(276)) - Sink prometheus already exists!
2019-09-25 07:29:46,487 [Thread-806] INFO  server.BaseHttpServer (BaseHttpServer.java:updateConnectorAddress(215)) - HTTP server of OZONEMANAGER is listening at http://0.0.0.0:34216
2019-09-25 07:29:46,494 [Thread-806] INFO  impl.MetricsSystemImpl (MetricsSystemImpl.java:init(158)) - HddsDatanode metrics system started (again)
2019-09-25 07:29:46,497 [Thread-806] INFO  ozone.HddsDatanodeService (HddsDatanodeService.java:start(184)) - HddsDatanodeService host:pr-hdds-1569-x2sr2-3486766547 ip:192.168.151.106
2019-09-25 07:29:46,503 [Thread-806] INFO  volume.HddsVolume (HddsVolume.java:<init>(176)) - Creating Volume: /workdir/hadoop-ozone/ozonefs/target/test-dir/MiniOzoneClusterImpl-a0a13e0f-1219-4868-bc3b-f345b2356b4a/datanode-0/data/containers/hdds of  storage type : DISK and capacity : 1482555576320
2019-09-25 07:29:46,503 [Thread-806] INFO  volume.VolumeSet (VolumeSet.java:initializeVolumeSet(170)) - Added Volume : /workdir/hadoop-ozone/ozonefs/target/test-dir/MiniOzoneClusterImpl-a0a13e0f-1219-4868-bc3b-f345b2356b4a/datanode-0/data/containers/hdds to VolumeSet
2019-09-25 07:29:46,503 [Thread-806] INFO  volume.ThrottledAsyncChecker (ThrottledAsyncChecker.java:schedule(139)) - Scheduling a check for org.apache.hadoop.ozone.container.common.volume.HddsVolume@706d9ff6
2019-09-25 07:29:46,504 [Thread-806] INFO  volume.HddsVolumeChecker (HddsVolumeChecker.java:checkAllVolumes(202)) - Scheduled health check for volume org.apache.hadoop.ozone.container.common.volume.HddsVolume@706d9ff6
2019-09-25 07:29:46,527 [Thread-806] INFO  impl.RaftServerProxy (ConfUtils.java:logGet(43)) - raft.rpc.type = GRPC (default)
2019-09-25 07:29:46,527 [Thread-806] INFO  grpc.GrpcFactory (GrpcFactory.java:checkPooledByteBufAllocatorUseCacheForAllThreads(45)) - PERFORMANCE WARNING: useCacheForAllThreads is true that may cause Netty to create a lot garbage objects and, as a result, trigger GC.
	It is recommended to disable useCacheForAllThreads by setting -Dorg.apache.ratis.thirdparty.io.netty.allocator.useCacheForAllThreads=false in command line.
2019-09-25 07:29:46,528 [Thread-806] INFO  grpc.GrpcConfigKeys$Server (ConfUtils.java:logGet(43)) - raft.grpc.server.port = 0 (default)
2019-09-25 07:29:46,528 [Thread-806] INFO  server.GrpcService (ConfUtils.java:logGet(43)) - raft.grpc.message.size.max = 33570816 (custom)
2019-09-25 07:29:46,528 [Thread-806] INFO  server.RaftServerConfigKeys (ConfUtils.java:logGet(43)) - raft.server.log.appender.buffer.byte-limit = 33554432 (custom)
2019-09-25 07:29:46,528 [Thread-806] INFO  server.GrpcService (ConfUtils.java:logGet(43)) - raft.grpc.flow.control.window = 1MB (=1048576) (default)
2019-09-25 07:29:46,528 [Thread-806] INFO  server.RaftServerConfigKeys (ConfUtils.java:logGet(43)) - raft.server.rpc.request.timeout = 3000ms (default)
2019-09-25 07:29:46,529 [Thread-806] INFO  server.RaftServerConfigKeys (ConfUtils.java:logGet(43)) - raft.server.storage.dir = [/workdir/hadoop-ozone/ozonefs/target/test-dir/MiniOzoneClusterImpl-a0a13e0f-1219-4868-bc3b-f345b2356b4a/datanode-0/data/ratis] (custom)
2019-09-25 07:29:46,530 [Thread-806] INFO  hdfs.DFSUtil (DFSUtil.java:httpServerTemplateForNNAndJN(1641)) - Starting Web-server for hddsDatanode at: http://0.0.0.0:0
2019-09-25 07:29:46,532 [Thread-806] INFO  server.AuthenticationFilter (AuthenticationFilter.java:constructSecretProvider(240)) - Unable to initialize FileSignerSecretProvider, falling back to use random secrets.
2019-09-25 07:29:46,532 [Thread-806] WARN  http.HttpRequestLog (HttpRequestLog.java:getRequestLog(97)) - Jetty request log can only be enabled using Log4j
2019-09-25 07:29:46,534 [Thread-806] INFO  http.HttpServer2 (HttpServer2.java:addGlobalFilter(975)) - Added global filter 'safety' (class=org.apache.hadoop.http.HttpServer2$QuotingInputFilter)
2019-09-25 07:29:46,535 [Thread-806] INFO  http.HttpServer2 (HttpServer2.java:addFilter(948)) - Added filter static_user_filter (class=org.apache.hadoop.http.lib.StaticUserWebFilter$StaticUserFilter) to context hddsDatanode
2019-09-25 07:29:46,535 [Thread-806] INFO  http.HttpServer2 (HttpServer2.java:addFilter(958)) - Added filter static_user_filter (class=org.apache.hadoop.http.lib.StaticUserWebFilter$StaticUserFilter) to context static
2019-09-25 07:29:46,535 [Thread-806] INFO  http.HttpServer2 (HttpServer2.java:addFilter(958)) - Added filter static_user_filter (class=org.apache.hadoop.http.lib.StaticUserWebFilter$StaticUserFilter) to context logs
2019-09-25 07:29:46,536 [Thread-806] INFO  http.HttpServer2 (HttpServer2.java:bindListener(1191)) - Jetty bound to port 35497
2019-09-25 07:29:46,536 [Thread-806] INFO  server.Server (Server.java:doStart(351)) - jetty-9.3.25.v20180904, build timestamp: 2018-09-04T21:11:46Z, git hash: 3ce520221d0240229c862b122d2b06c12a625732
2019-09-25 07:29:46,538 [Thread-806] INFO  handler.ContextHandler (ContextHandler.java:doStart(781)) - Started o.e.j.s.ServletContextHandler@3efc7fe6{/logs,file:///workdir/hadoop-ozone/ozonefs/target/log,AVAILABLE}
2019-09-25 07:29:46,539 [Thread-806] INFO  handler.ContextHandler (ContextHandler.java:doStart(781)) - Started o.e.j.s.ServletContextHandler@56ccff9a{/static,jar:file:/home/user/.m2/repository/org/apache/hadoop/hadoop-hdds-container-service/0.5.0-SNAPSHOT/hadoop-hdds-container-service-0.5.0-SNAPSHOT.jar!/webapps/static,AVAILABLE}
2019-09-25 07:29:46,569 [Thread-806] INFO  handler.ContextHandler (ContextHandler.java:doStart(781)) - Started o.e.j.w.WebAppContext@9f6a552{/,file:///tmp/jetty-0.0.0.0-35497-hddsDatanode-_-any-9168928038175708054.dir/webapp/,AVAILABLE}{/hddsDatanode}
2019-09-25 07:29:46,569 [Thread-806] INFO  server.AbstractConnector (AbstractConnector.java:doStart(278)) - Started ServerConnector@da05a52{HTTP/1.1,[http/1.1]}{0.0.0.0:35497}
2019-09-25 07:29:46,570 [Thread-806] INFO  server.Server (Server.java:doStart(419)) - Started @59241ms
2019-09-25 07:29:46,571 [Thread-806] WARN  impl.MetricsSystemImpl (MetricsSystemImpl.java:register(276)) - Sink prometheus already exists!
2019-09-25 07:29:46,571 [Thread-806] INFO  server.BaseHttpServer (BaseHttpServer.java:updateConnectorAddress(215)) - HTTP server of HDDSDATANODE is listening at http://0.0.0.0:35497
2019-09-25 07:29:46,572 [Thread-806] INFO  impl.MetricsSystemImpl (MetricsSystemImpl.java:init(158)) - HddsDatanode metrics system started (again)
2019-09-25 07:29:46,576 [org.apache.hadoop.util.JvmPauseMonitor$Monitor@1f35e366] INFO  util.JvmPauseMonitor (JvmPauseMonitor.java:run(188)) - Starting JVM pause monitor
2019-09-25 07:29:46,576 [Thread-806] INFO  ozone.HddsDatanodeService (HddsDatanodeService.java:start(184)) - HddsDatanodeService host:pr-hdds-1569-x2sr2-3486766547 ip:192.168.151.106
2019-09-25 07:29:46,577 [Datanode State Machine Thread - 0] INFO  datanode.InitDatanodeState (InitDatanodeState.java:persistContainerDatanodeDetails(140)) - DatanodeDetails is persisted to /workdir/hadoop-ozone/ozonefs/target/test-dir/MiniOzoneClusterImpl-a0a13e0f-1219-4868-bc3b-f345b2356b4a/datanode-0/meta/datanode.id
2019-09-25 07:29:46,582 [Thread-806] INFO  volume.HddsVolume (HddsVolume.java:<init>(176)) - Creating Volume: /workdir/hadoop-ozone/ozonefs/target/test-dir/MiniOzoneClusterImpl-a0a13e0f-1219-4868-bc3b-f345b2356b4a/datanode-1/data/containers/hdds of  storage type : DISK and capacity : 1482555576320
2019-09-25 07:29:46,583 [Thread-806] INFO  volume.VolumeSet (VolumeSet.java:initializeVolumeSet(170)) - Added Volume : /workdir/hadoop-ozone/ozonefs/target/test-dir/MiniOzoneClusterImpl-a0a13e0f-1219-4868-bc3b-f345b2356b4a/datanode-1/data/containers/hdds to VolumeSet
2019-09-25 07:29:46,583 [Thread-806] INFO  volume.ThrottledAsyncChecker (ThrottledAsyncChecker.java:schedule(139)) - Scheduling a check for org.apache.hadoop.ozone.container.common.volume.HddsVolume@5d8682d3
2019-09-25 07:29:46,583 [Thread-806] INFO  volume.HddsVolumeChecker (HddsVolumeChecker.java:checkAllVolumes(202)) - Scheduled health check for volume org.apache.hadoop.ozone.container.common.volume.HddsVolume@5d8682d3
2019-09-25 07:29:46,609 [Thread-806] INFO  impl.RaftServerProxy (ConfUtils.java:logGet(43)) - raft.rpc.type = GRPC (default)
2019-09-25 07:29:46,609 [Thread-806] INFO  grpc.GrpcFactory (GrpcFactory.java:checkPooledByteBufAllocatorUseCacheForAllThreads(45)) - PERFORMANCE WARNING: useCacheForAllThreads is true that may cause Netty to create a lot garbage objects and, as a result, trigger GC.
	It is recommended to disable useCacheForAllThreads by setting -Dorg.apache.ratis.thirdparty.io.netty.allocator.useCacheForAllThreads=false in command line.
2019-09-25 07:29:46,609 [Thread-806] INFO  grpc.GrpcConfigKeys$Server (ConfUtils.java:logGet(43)) - raft.grpc.server.port = 0 (default)
2019-09-25 07:29:46,610 [Thread-806] INFO  server.GrpcService (ConfUtils.java:logGet(43)) - raft.grpc.message.size.max = 33570816 (custom)
2019-09-25 07:29:46,610 [Thread-806] INFO  server.RaftServerConfigKeys (ConfUtils.java:logGet(43)) - raft.server.log.appender.buffer.byte-limit = 33554432 (custom)
2019-09-25 07:29:46,610 [Thread-806] INFO  server.GrpcService (ConfUtils.java:logGet(43)) - raft.grpc.flow.control.window = 1MB (=1048576) (default)
2019-09-25 07:29:46,610 [Thread-806] INFO  server.RaftServerConfigKeys (ConfUtils.java:logGet(43)) - raft.server.rpc.request.timeout = 3000ms (default)
2019-09-25 07:29:46,611 [Thread-806] INFO  server.RaftServerConfigKeys (ConfUtils.java:logGet(43)) - raft.server.storage.dir = [/workdir/hadoop-ozone/ozonefs/target/test-dir/MiniOzoneClusterImpl-a0a13e0f-1219-4868-bc3b-f345b2356b4a/datanode-1/data/ratis] (custom)
2019-09-25 07:29:46,613 [Thread-806] INFO  hdfs.DFSUtil (DFSUtil.java:httpServerTemplateForNNAndJN(1641)) - Starting Web-server for hddsDatanode at: http://0.0.0.0:0
2019-09-25 07:29:46,614 [Thread-806] INFO  server.AuthenticationFilter (AuthenticationFilter.java:constructSecretProvider(240)) - Unable to initialize FileSignerSecretProvider, falling back to use random secrets.
2019-09-25 07:29:46,615 [Thread-806] WARN  http.HttpRequestLog (HttpRequestLog.java:getRequestLog(97)) - Jetty request log can only be enabled using Log4j
2019-09-25 07:29:46,617 [Thread-806] INFO  http.HttpServer2 (HttpServer2.java:addGlobalFilter(975)) - Added global filter 'safety' (class=org.apache.hadoop.http.HttpServer2$QuotingInputFilter)
2019-09-25 07:29:46,617 [Thread-806] INFO  http.HttpServer2 (HttpServer2.java:addFilter(948)) - Added filter static_user_filter (class=org.apache.hadoop.http.lib.StaticUserWebFilter$StaticUserFilter) to context hddsDatanode
2019-09-25 07:29:46,617 [Thread-806] INFO  http.HttpServer2 (HttpServer2.java:addFilter(958)) - Added filter static_user_filter (class=org.apache.hadoop.http.lib.StaticUserWebFilter$StaticUserFilter) to context static
2019-09-25 07:29:46,618 [Thread-806] INFO  http.HttpServer2 (HttpServer2.java:addFilter(958)) - Added filter static_user_filter (class=org.apache.hadoop.http.lib.StaticUserWebFilter$StaticUserFilter) to context logs
2019-09-25 07:29:46,618 [Thread-806] INFO  http.HttpServer2 (HttpServer2.java:bindListener(1191)) - Jetty bound to port 37270
2019-09-25 07:29:46,618 [Thread-806] INFO  server.Server (Server.java:doStart(351)) - jetty-9.3.25.v20180904, build timestamp: 2018-09-04T21:11:46Z, git hash: 3ce520221d0240229c862b122d2b06c12a625732
2019-09-25 07:29:46,620 [Thread-806] INFO  handler.ContextHandler (ContextHandler.java:doStart(781)) - Started o.e.j.s.ServletContextHandler@11d5d8bd{/logs,file:///workdir/hadoop-ozone/ozonefs/target/log,AVAILABLE}
2019-09-25 07:29:46,621 [Thread-806] INFO  handler.ContextHandler (ContextHandler.java:doStart(781)) - Started o.e.j.s.ServletContextHandler@3832a2c0{/static,jar:file:/home/user/.m2/repository/org/apache/hadoop/hadoop-hdds-container-service/0.5.0-SNAPSHOT/hadoop-hdds-container-service-0.5.0-SNAPSHOT.jar!/webapps/static,AVAILABLE}
2019-09-25 07:29:46,656 [Thread-806] INFO  handler.ContextHandler (ContextHandler.java:doStart(781)) - Started o.e.j.w.WebAppContext@23d89207{/,file:///tmp/jetty-0.0.0.0-37270-hddsDatanode-_-any-5745218626304069742.dir/webapp/,AVAILABLE}{/hddsDatanode}
2019-09-25 07:29:46,656 [Thread-806] INFO  server.AbstractConnector (AbstractConnector.java:doStart(278)) - Started ServerConnector@64042ab5{HTTP/1.1,[http/1.1]}{0.0.0.0:37270}
2019-09-25 07:29:46,657 [Thread-806] INFO  server.Server (Server.java:doStart(419)) - Started @59328ms
2019-09-25 07:29:46,657 [Thread-806] WARN  impl.MetricsSystemImpl (MetricsSystemImpl.java:register(276)) - Sink prometheus already exists!
2019-09-25 07:29:46,658 [Thread-806] INFO  server.BaseHttpServer (BaseHttpServer.java:updateConnectorAddress(215)) - HTTP server of HDDSDATANODE is listening at http://0.0.0.0:37270
2019-09-25 07:29:46,658 [Thread-806] INFO  impl.MetricsSystemImpl (MetricsSystemImpl.java:init(158)) - HddsDatanode metrics system started (again)
2019-09-25 07:29:46,662 [Thread-806] INFO  ozone.HddsDatanodeService (HddsDatanodeService.java:start(184)) - HddsDatanodeService host:pr-hdds-1569-x2sr2-3486766547 ip:192.168.151.106
2019-09-25 07:29:46,662 [org.apache.hadoop.util.JvmPauseMonitor$Monitor@1d43749b] INFO  util.JvmPauseMonitor (JvmPauseMonitor.java:run(188)) - Starting JVM pause monitor
2019-09-25 07:29:46,664 [Datanode State Machine Thread - 0] INFO  datanode.InitDatanodeState (InitDatanodeState.java:persistContainerDatanodeDetails(140)) - DatanodeDetails is persisted to /workdir/hadoop-ozone/ozonefs/target/test-dir/MiniOzoneClusterImpl-a0a13e0f-1219-4868-bc3b-f345b2356b4a/datanode-1/meta/datanode.id
2019-09-25 07:29:46,667 [Thread-806] INFO  volume.HddsVolume (HddsVolume.java:<init>(176)) - Creating Volume: /workdir/hadoop-ozone/ozonefs/target/test-dir/MiniOzoneClusterImpl-a0a13e0f-1219-4868-bc3b-f345b2356b4a/datanode-2/data/containers/hdds of  storage type : DISK and capacity : 1482555576320
2019-09-25 07:29:46,668 [Thread-806] INFO  volume.VolumeSet (VolumeSet.java:initializeVolumeSet(170)) - Added Volume : /workdir/hadoop-ozone/ozonefs/target/test-dir/MiniOzoneClusterImpl-a0a13e0f-1219-4868-bc3b-f345b2356b4a/datanode-2/data/containers/hdds to VolumeSet
2019-09-25 07:29:46,668 [Thread-806] INFO  volume.ThrottledAsyncChecker (ThrottledAsyncChecker.java:schedule(139)) - Scheduling a check for org.apache.hadoop.ozone.container.common.volume.HddsVolume@76e95868
2019-09-25 07:29:46,668 [Thread-806] INFO  volume.HddsVolumeChecker (HddsVolumeChecker.java:checkAllVolumes(202)) - Scheduled health check for volume org.apache.hadoop.ozone.container.common.volume.HddsVolume@76e95868
2019-09-25 07:29:46,689 [Thread-806] INFO  impl.RaftServerProxy (ConfUtils.java:logGet(43)) - raft.rpc.type = GRPC (default)
2019-09-25 07:29:46,689 [Thread-806] INFO  grpc.GrpcFactory (GrpcFactory.java:checkPooledByteBufAllocatorUseCacheForAllThreads(45)) - PERFORMANCE WARNING: useCacheForAllThreads is true that may cause Netty to create a lot garbage objects and, as a result, trigger GC.
	It is recommended to disable useCacheForAllThreads by setting -Dorg.apache.ratis.thirdparty.io.netty.allocator.useCacheForAllThreads=false in command line.
2019-09-25 07:29:46,689 [Thread-806] INFO  grpc.GrpcConfigKeys$Server (ConfUtils.java:logGet(43)) - raft.grpc.server.port = 0 (default)
2019-09-25 07:29:46,689 [Thread-806] INFO  server.GrpcService (ConfUtils.java:logGet(43)) - raft.grpc.message.size.max = 33570816 (custom)
2019-09-25 07:29:46,689 [Thread-806] INFO  server.RaftServerConfigKeys (ConfUtils.java:logGet(43)) - raft.server.log.appender.buffer.byte-limit = 33554432 (custom)
2019-09-25 07:29:46,690 [Thread-806] INFO  server.GrpcService (ConfUtils.java:logGet(43)) - raft.grpc.flow.control.window = 1MB (=1048576) (default)
2019-09-25 07:29:46,690 [Thread-806] INFO  server.RaftServerConfigKeys (ConfUtils.java:logGet(43)) - raft.server.rpc.request.timeout = 3000ms (default)
2019-09-25 07:29:46,690 [Thread-806] INFO  server.RaftServerConfigKeys (ConfUtils.java:logGet(43)) - raft.server.storage.dir = [/workdir/hadoop-ozone/ozonefs/target/test-dir/MiniOzoneClusterImpl-a0a13e0f-1219-4868-bc3b-f345b2356b4a/datanode-2/data/ratis] (custom)
2019-09-25 07:29:46,691 [Thread-806] INFO  hdfs.DFSUtil (DFSUtil.java:httpServerTemplateForNNAndJN(1641)) - Starting Web-server for hddsDatanode at: http://0.0.0.0:0
2019-09-25 07:29:46,693 [Thread-806] INFO  server.AuthenticationFilter (AuthenticationFilter.java:constructSecretProvider(240)) - Unable to initialize FileSignerSecretProvider, falling back to use random secrets.
2019-09-25 07:29:46,693 [Thread-806] WARN  http.HttpRequestLog (HttpRequestLog.java:getRequestLog(97)) - Jetty request log can only be enabled using Log4j
2019-09-25 07:29:46,694 [Thread-806] INFO  http.HttpServer2 (HttpServer2.java:addGlobalFilter(975)) - Added global filter 'safety' (class=org.apache.hadoop.http.HttpServer2$QuotingInputFilter)
2019-09-25 07:29:46,695 [Thread-806] INFO  http.HttpServer2 (HttpServer2.java:addFilter(948)) - Added filter static_user_filter (class=org.apache.hadoop.http.lib.StaticUserWebFilter$StaticUserFilter) to context hddsDatanode
2019-09-25 07:29:46,695 [Thread-806] INFO  http.HttpServer2 (HttpServer2.java:addFilter(958)) - Added filter static_user_filter (class=org.apache.hadoop.http.lib.StaticUserWebFilter$StaticUserFilter) to context static
2019-09-25 07:29:46,695 [Thread-806] INFO  http.HttpServer2 (HttpServer2.java:addFilter(958)) - Added filter static_user_filter (class=org.apache.hadoop.http.lib.StaticUserWebFilter$StaticUserFilter) to context logs
2019-09-25 07:29:46,696 [Thread-806] INFO  http.HttpServer2 (HttpServer2.java:bindListener(1191)) - Jetty bound to port 36560
2019-09-25 07:29:46,696 [Thread-806] INFO  server.Server (Server.java:doStart(351)) - jetty-9.3.25.v20180904, build timestamp: 2018-09-04T21:11:46Z, git hash: 3ce520221d0240229c862b122d2b06c12a625732
2019-09-25 07:29:46,697 [Thread-806] INFO  handler.ContextHandler (ContextHandler.java:doStart(781)) - Started o.e.j.s.ServletContextHandler@267b4c03{/logs,file:///workdir/hadoop-ozone/ozonefs/target/log,AVAILABLE}
2019-09-25 07:29:46,698 [Thread-806] INFO  handler.ContextHandler (ContextHandler.java:doStart(781)) - Started o.e.j.s.ServletContextHandler@49d3f6b6{/static,jar:file:/home/user/.m2/repository/org/apache/hadoop/hadoop-hdds-container-service/0.5.0-SNAPSHOT/hadoop-hdds-container-service-0.5.0-SNAPSHOT.jar!/webapps/static,AVAILABLE}
2019-09-25 07:29:46,727 [Thread-806] INFO  handler.ContextHandler (ContextHandler.java:doStart(781)) - Started o.e.j.w.WebAppContext@6af6b36e{/,file:///tmp/jetty-0.0.0.0-36560-hddsDatanode-_-any-1151900717480989499.dir/webapp/,AVAILABLE}{/hddsDatanode}
2019-09-25 07:29:46,728 [Thread-806] INFO  server.AbstractConnector (AbstractConnector.java:doStart(278)) - Started ServerConnector@cfe041{HTTP/1.1,[http/1.1]}{0.0.0.0:36560}
2019-09-25 07:29:46,729 [Thread-806] INFO  server.Server (Server.java:doStart(419)) - Started @59399ms
2019-09-25 07:29:46,729 [Thread-806] WARN  impl.MetricsSystemImpl (MetricsSystemImpl.java:register(276)) - Sink prometheus already exists!
2019-09-25 07:29:46,729 [Thread-806] INFO  server.BaseHttpServer (BaseHttpServer.java:updateConnectorAddress(215)) - HTTP server of HDDSDATANODE is listening at http://0.0.0.0:36560
2019-09-25 07:29:46,730 [Thread-806] INFO  ozone.MiniOzoneClusterImpl (MiniOzoneClusterImpl.java:lambda$waitForClusterToBeReady$0(147)) - Waiting for cluster to be ready. Got 0 of 3 DN Heartbeats.
2019-09-25 07:29:46,732 [org.apache.hadoop.util.JvmPauseMonitor$Monitor@5ae0ed92] INFO  util.JvmPauseMonitor (JvmPauseMonitor.java:run(188)) - Starting JVM pause monitor
2019-09-25 07:29:46,733 [Datanode State Machine Thread - 0] INFO  datanode.InitDatanodeState (InitDatanodeState.java:persistContainerDatanodeDetails(140)) - DatanodeDetails is persisted to /workdir/hadoop-ozone/ozonefs/target/test-dir/MiniOzoneClusterImpl-a0a13e0f-1219-4868-bc3b-f345b2356b4a/datanode-2/meta/datanode.id
2019-09-25 07:29:47,730 [Thread-806] INFO  ozone.MiniOzoneClusterImpl (MiniOzoneClusterImpl.java:lambda$waitForClusterToBeReady$0(147)) - Waiting for cluster to be ready. Got 0 of 3 DN Heartbeats.
2019-09-25 07:29:48,608 [Datanode State Machine Thread - 0] INFO  ozoneimpl.OzoneContainer (OzoneContainer.java:start(217)) - Attempting to start container services.
2019-09-25 07:29:48,608 [Datanode State Machine Thread - 0] INFO  ozoneimpl.OzoneContainer (OzoneContainer.java:startContainerScrub(179)) - Background container scanner has been disabled.
2019-09-25 07:29:48,608 [Datanode State Machine Thread - 0] INFO  ratis.XceiverServerRatis (XceiverServerRatis.java:start(411)) - Starting XceiverServerRatis 126e81bc-97e3-46f8-a1e8-0e987d7c3458 at port 0
2019-09-25 07:29:48,616 [Datanode State Machine Thread - 0] INFO  impl.RaftServerProxy (RaftServerProxy.java:lambda$start$3(299)) - 126e81bc-97e3-46f8-a1e8-0e987d7c3458: start RPC server
2019-09-25 07:29:48,619 [Datanode State Machine Thread - 0] INFO  server.GrpcService (GrpcService.java:startImpl(158)) - 126e81bc-97e3-46f8-a1e8-0e987d7c3458: GrpcService started, listening on 0.0.0.0/0.0.0.0:35227
2019-09-25 07:29:48,620 [Datanode State Machine Thread - 0] INFO  ratis.XceiverServerRatis (XceiverServerRatis.java:start(421)) - XceiverServerRatis 126e81bc-97e3-46f8-a1e8-0e987d7c3458 is started using port 35227
2019-09-25 07:29:48,626 [Datanode State Machine Thread - 0] INFO  server.XceiverServerGrpc (XceiverServerGrpc.java:start(149)) - XceiverServerGrpc 126e81bc-97e3-46f8-a1e8-0e987d7c3458 is started using port 43118
2019-09-25 07:29:48,689 [Datanode State Machine Thread - 0] INFO  ozoneimpl.OzoneContainer (OzoneContainer.java:start(217)) - Attempting to start container services.
2019-09-25 07:29:48,689 [Datanode State Machine Thread - 0] INFO  ozoneimpl.OzoneContainer (OzoneContainer.java:startContainerScrub(179)) - Background container scanner has been disabled.
2019-09-25 07:29:48,689 [Datanode State Machine Thread - 0] INFO  ratis.XceiverServerRatis (XceiverServerRatis.java:start(411)) - Starting XceiverServerRatis a19a6886-cb81-4302-a38d-47405969e88d at port 0
2019-09-25 07:29:48,697 [Datanode State Machine Thread - 0] INFO  impl.RaftServerProxy (RaftServerProxy.java:lambda$start$3(299)) - a19a6886-cb81-4302-a38d-47405969e88d: start RPC server
2019-09-25 07:29:48,698 [Datanode State Machine Thread - 0] INFO  server.GrpcService (GrpcService.java:startImpl(158)) - a19a6886-cb81-4302-a38d-47405969e88d: GrpcService started, listening on 0.0.0.0/0.0.0.0:43087
2019-09-25 07:29:48,698 [Datanode State Machine Thread - 0] INFO  ratis.XceiverServerRatis (XceiverServerRatis.java:start(421)) - XceiverServerRatis a19a6886-cb81-4302-a38d-47405969e88d is started using port 43087
2019-09-25 07:29:48,700 [Datanode State Machine Thread - 0] INFO  server.XceiverServerGrpc (XceiverServerGrpc.java:start(149)) - XceiverServerGrpc a19a6886-cb81-4302-a38d-47405969e88d is started using port 41027
2019-09-25 07:29:48,730 [Thread-806] INFO  ozone.MiniOzoneClusterImpl (MiniOzoneClusterImpl.java:lambda$waitForClusterToBeReady$0(147)) - Waiting for cluster to be ready. Got 0 of 3 DN Heartbeats.
2019-09-25 07:29:48,758 [Datanode State Machine Thread - 0] INFO  ozoneimpl.OzoneContainer (OzoneContainer.java:start(217)) - Attempting to start container services.
2019-09-25 07:29:48,758 [Datanode State Machine Thread - 0] INFO  ozoneimpl.OzoneContainer (OzoneContainer.java:startContainerScrub(179)) - Background container scanner has been disabled.
2019-09-25 07:29:48,759 [Datanode State Machine Thread - 0] INFO  ratis.XceiverServerRatis (XceiverServerRatis.java:start(411)) - Starting XceiverServerRatis 2fe7b077-4a7c-42ee-8783-920c916b7d94 at port 0
2019-09-25 07:29:48,766 [Datanode State Machine Thread - 0] INFO  impl.RaftServerProxy (RaftServerProxy.java:lambda$start$3(299)) - 2fe7b077-4a7c-42ee-8783-920c916b7d94: start RPC server
2019-09-25 07:29:48,768 [Datanode State Machine Thread - 0] INFO  server.GrpcService (GrpcService.java:startImpl(158)) - 2fe7b077-4a7c-42ee-8783-920c916b7d94: GrpcService started, listening on 0.0.0.0/0.0.0.0:34898
2019-09-25 07:29:48,769 [Datanode State Machine Thread - 0] INFO  ratis.XceiverServerRatis (XceiverServerRatis.java:start(421)) - XceiverServerRatis 2fe7b077-4a7c-42ee-8783-920c916b7d94 is started using port 34898
2019-09-25 07:29:48,771 [Datanode State Machine Thread - 0] INFO  server.XceiverServerGrpc (XceiverServerGrpc.java:start(149)) - XceiverServerGrpc 2fe7b077-4a7c-42ee-8783-920c916b7d94 is started using port 33912
2019-09-25 07:29:49,731 [Thread-806] INFO  ozone.MiniOzoneClusterImpl (MiniOzoneClusterImpl.java:lambda$waitForClusterToBeReady$0(147)) - Waiting for cluster to be ready. Got 0 of 3 DN Heartbeats.
2019-09-25 07:29:50,581 [IPC Server handler 0 on 45917] INFO  net.NetworkTopology (NetworkTopologyImpl.java:add(111)) - Added a new node: /default-rack/126e81bc-97e3-46f8-a1e8-0e987d7c3458
2019-09-25 07:29:50,584 [IPC Server handler 0 on 45917] INFO  node.SCMNodeManager (SCMNodeManager.java:register(266)) - Registered Data node : 126e81bc-97e3-46f8-a1e8-0e987d7c3458{ip: 192.168.151.106, host: pr-hdds-1569-x2sr2-3486766547, networkLocation: /default-rack, certSerialId: null}
2019-09-25 07:29:50,585 [EventQueue-NodeRegistrationContainerReportForDataNodeSafeModeRule] INFO  safemode.SCMSafeModeManager (DataNodeSafeModeRule.java:process(71)) - SCM in safe mode. 1 DataNodes registered, 1 required.
2019-09-25 07:29:50,587 [EventQueue-NodeRegistrationContainerReportForDataNodeSafeModeRule] INFO  safemode.SCMSafeModeManager (SCMSafeModeManager.java:validateSafeModeExitRules(177)) - ScmSafeModeManager, all rules are successfully validated
2019-09-25 07:29:50,587 [EventQueue-NodeRegistrationContainerReportForDataNodeSafeModeRule] INFO  safemode.SCMSafeModeManager (SCMSafeModeManager.java:exitSafeMode(193)) - SCM exiting safe mode.
2019-09-25 07:29:50,601 [grpc-default-executor-0] INFO  impl.RaftServerProxy (RaftServerProxy.java:addNew(89)) - 126e81bc-97e3-46f8-a1e8-0e987d7c3458: addNew group-52F297629860:[126e81bc-97e3-46f8-a1e8-0e987d7c3458:192.168.151.106:35227] returns group-52F297629860:java.util.concurrent.CompletableFuture@52a62c6[Not completed]
2019-09-25 07:29:50,602 [pool-177-thread-1] INFO  impl.RaftServerImpl (RaftServerImpl.java:<init>(95)) - 126e81bc-97e3-46f8-a1e8-0e987d7c3458: new RaftServerImpl for group-52F297629860:[126e81bc-97e3-46f8-a1e8-0e987d7c3458:192.168.151.106:35227] with ContainerStateMachine:uninitialized
2019-09-25 07:29:50,603 [pool-177-thread-1] INFO  server.RaftServerConfigKeys (ConfUtils.java:logGet(43)) - raft.server.rpc.timeout.min = 5s (custom)
2019-09-25 07:29:50,603 [pool-177-thread-1] INFO  server.RaftServerConfigKeys (ConfUtils.java:logGet(43)) - raft.server.rpc.timeout.max = 5200ms (custom)
2019-09-25 07:29:50,603 [pool-177-thread-1] INFO  server.RaftServerConfigKeys (ConfUtils.java:logGet(43)) - raft.server.rpcslowness.timeout = 120s (custom)
2019-09-25 07:29:50,603 [pool-177-thread-1] INFO  server.RaftServerConfigKeys (ConfUtils.java:logGet(43)) - raft.server.sleep.deviation.threshold = 300 (default)
2019-09-25 07:29:50,603 [pool-177-thread-1] INFO  server.RaftServerConfigKeys (ConfUtils.java:logGet(43)) - raft.server.log.appender.install.snapshot.enabled = false (custom)
2019-09-25 07:29:50,603 [pool-177-thread-1] INFO  impl.RaftServerImpl (ServerState.java:<init>(103)) - 126e81bc-97e3-46f8-a1e8-0e987d7c3458@group-52F297629860: ConfigurationManager, init=-1: [126e81bc-97e3-46f8-a1e8-0e987d7c3458:192.168.151.106:35227], old=null, confs=<EMPTY_MAP>
2019-09-25 07:29:50,604 [pool-177-thread-1] INFO  server.RaftServerConfigKeys (ConfUtils.java:logGet(43)) - raft.server.storage.dir = [/workdir/hadoop-ozone/ozonefs/target/test-dir/MiniOzoneClusterImpl-a0a13e0f-1219-4868-bc3b-f345b2356b4a/datanode-0/data/ratis] (custom)
2019-09-25 07:29:50,604 [pool-177-thread-1] INFO  storage.RaftStorageDirectory (RaftStorageDirectory.java:analyzeStorage(246)) - The storage directory /workdir/hadoop-ozone/ozonefs/target/test-dir/MiniOzoneClusterImpl-a0a13e0f-1219-4868-bc3b-f345b2356b4a/datanode-0/data/ratis/f3d3002a-48ea-45ea-b74b-52f297629860 does not exist. Creating ...
2019-09-25 07:29:50,628 [pool-177-thread-1] INFO  storage.RaftStorageDirectory (RaftStorageDirectory.java:tryLock(328)) - Lock on /workdir/hadoop-ozone/ozonefs/target/test-dir/MiniOzoneClusterImpl-a0a13e0f-1219-4868-bc3b-f345b2356b4a/datanode-0/data/ratis/f3d3002a-48ea-45ea-b74b-52f297629860/in_use.lock acquired by nodename 17738@pr-hdds-1569-x2sr2-3486766547
2019-09-25 07:29:50,651 [pool-177-thread-1] INFO  storage.RaftStorage (RaftStorage.java:format(72)) - Storage directory /workdir/hadoop-ozone/ozonefs/target/test-dir/MiniOzoneClusterImpl-a0a13e0f-1219-4868-bc3b-f345b2356b4a/datanode-0/data/ratis/f3d3002a-48ea-45ea-b74b-52f297629860 has been successfully formatted.
2019-09-25 07:29:50,652 [pool-177-thread-1] INFO  ratis.ContainerStateMachine (ContainerStateMachine.java:loadSnapshot(230)) - group-52F297629860: The snapshot info is null. Setting the last applied indexto:(t:0, i:~)
2019-09-25 07:29:50,652 [pool-177-thread-1] INFO  server.RaftServerConfigKeys (ConfUtils.java:logGet(43)) - raft.server.notification.no-leader.timeout = 120s (custom)
2019-09-25 07:29:50,652 [pool-177-thread-1] INFO  server.RaftServerConfigKeys (ConfUtils.java:logGet(43)) - raft.server.log.use.memory = false (default)
2019-09-25 07:29:50,652 [pool-177-thread-1] INFO  server.RaftServerConfigKeys (ConfUtils.java:logGet(43)) - raft.server.log.purge.gap = 1000000 (custom)
2019-09-25 07:29:50,652 [pool-177-thread-1] INFO  server.RaftServerConfigKeys (ConfUtils.java:logGet(43)) - raft.server.log.appender.buffer.byte-limit = 33554432 (custom)
2019-09-25 07:29:50,653 [pool-177-thread-1] INFO  server.RaftServerConfigKeys (ConfUtils.java:logGet(43)) - raft.server.log.segment.size.max = 1048576 (custom)
2019-09-25 07:29:50,653 [pool-177-thread-1] INFO  server.RaftServerConfigKeys (ConfUtils.java:logGet(43)) - raft.server.log.segment.cache.num.max = 2 (custom)
2019-09-25 07:29:50,653 [pool-177-thread-1] INFO  segmented.SegmentedRaftLogWorker (SegmentedRaftLogWorker.java:<init>(172)) - new 126e81bc-97e3-46f8-a1e8-0e987d7c3458@group-52F297629860-SegmentedRaftLogWorker for RaftStorage:Storage Directory /workdir/hadoop-ozone/ozonefs/target/test-dir/MiniOzoneClusterImpl-a0a13e0f-1219-4868-bc3b-f345b2356b4a/datanode-0/data/ratis/f3d3002a-48ea-45ea-b74b-52f297629860
2019-09-25 07:29:50,657 [pool-177-thread-1] INFO  server.RaftServerConfigKeys (ConfUtils.java:logGet(43)) - raft.server.log.queue.byte-limit = 2147483647 (custom)
2019-09-25 07:29:50,657 [pool-177-thread-1] INFO  server.RaftServerConfigKeys (ConfUtils.java:logGet(43)) - raft.server.log.queue.element-limit = 1024 (custom)
2019-09-25 07:29:50,657 [pool-177-thread-1] INFO  server.RaftServerConfigKeys (ConfUtils.java:logGet(43)) - raft.server.log.segment.size.max = 1048576 (custom)
2019-09-25 07:29:50,657 [pool-177-thread-1] INFO  server.RaftServerConfigKeys (ConfUtils.java:logGet(43)) - raft.server.log.preallocated.size = 16384 (custom)
2019-09-25 07:29:50,657 [pool-177-thread-1] INFO  server.RaftServerConfigKeys (ConfUtils.java:logGet(43)) - raft.server.log.write.buffer.size = 33554432 (custom)
2019-09-25 07:29:50,658 [pool-177-thread-1] INFO  server.RaftServerConfigKeys (ConfUtils.java:logGet(43)) - raft.server.log.force.sync.num = 128 (default)
2019-09-25 07:29:50,658 [pool-177-thread-1] INFO  server.RaftServerConfigKeys (ConfUtils.java:logGet(43)) - raft.server.log.statemachine.data.sync = true (default)
2019-09-25 07:29:50,658 [pool-177-thread-1] INFO  server.RaftServerConfigKeys (ConfUtils.java:logGet(43)) - raft.server.log.statemachine.data.sync.timeout = 10s (default)
2019-09-25 07:29:50,658 [pool-177-thread-1] INFO  server.RaftServerConfigKeys (ConfUtils.java:logGet(43)) - raft.server.log.statemachine.data.sync.timeout.retry = -1 (default)
2019-09-25 07:29:50,658 [pool-177-thread-1] INFO  server.RaftServerConfigKeys (ConfUtils.java:logGet(43)) - raft.server.log.statemachine.data.caching.enabled = true (custom)
2019-09-25 07:29:50,659 [pool-177-thread-1] INFO  segmented.SegmentedRaftLogWorker (SegmentedRaftLogWorker.java:lambda$new$0(132)) - 126e81bc-97e3-46f8-a1e8-0e987d7c3458@group-52F297629860-SegmentedRaftLogWorker: flushIndex: setUnconditionally 0 -> -1
2019-09-25 07:29:50,659 [pool-177-thread-1] INFO  server.RaftServerConfigKeys (ConfUtils.java:logGet(43)) - raft.server.snapshot.auto.trigger.enabled = true (custom)
2019-09-25 07:29:50,659 [pool-177-thread-1] INFO  server.RaftServerConfigKeys (ConfUtils.java:logGet(43)) - raft.server.snapshot.auto.trigger.threshold = 10000 (custom)
2019-09-25 07:29:50,660 [pool-177-thread-1] INFO  server.RaftServerConfigKeys (ConfUtils.java:logGet(43)) - raft.server.snapshot.retention.num.files = 5 (custom)
2019-09-25 07:29:50,660 [pool-177-thread-1] INFO  server.RaftServerConfigKeys (ConfUtils.java:logGet(43)) - raft.server.retrycache.expirytime = 600000ms (custom)
2019-09-25 07:29:50,662 [pool-177-thread-1] INFO  impl.RaftServerImpl (RaftServerImpl.java:start(185)) - 126e81bc-97e3-46f8-a1e8-0e987d7c3458@group-52F297629860: start as a follower, conf=-1: [126e81bc-97e3-46f8-a1e8-0e987d7c3458:192.168.151.106:35227], old=null
2019-09-25 07:29:50,662 [pool-177-thread-1] INFO  impl.RaftServerImpl (RaftServerImpl.java:setRole(174)) - 126e81bc-97e3-46f8-a1e8-0e987d7c3458@group-52F297629860: changes role from      null to FOLLOWER at term 0 for startAsFollower
2019-09-25 07:29:50,662 [pool-177-thread-1] INFO  impl.RoleInfo (RoleInfo.java:updateAndGet(143)) - 126e81bc-97e3-46f8-a1e8-0e987d7c3458: start FollowerState
2019-09-25 07:29:50,663 [pool-177-thread-1] INFO  util.JmxRegister (JmxRegister.java:tryRegister(44)) - Successfully registered JMX Bean with object name Ratis:service=RaftServer,group=group-52F297629860,id=126e81bc-97e3-46f8-a1e8-0e987d7c3458
2019-09-25 07:29:50,664 [IPC Server handler 2 on 45917] INFO  net.NetworkTopology (NetworkTopologyImpl.java:add(111)) - Added a new node: /default-rack/a19a6886-cb81-4302-a38d-47405969e88d
2019-09-25 07:29:50,664 [IPC Server handler 2 on 45917] INFO  node.SCMNodeManager (SCMNodeManager.java:register(266)) - Registered Data node : a19a6886-cb81-4302-a38d-47405969e88d{ip: 192.168.151.106, host: pr-hdds-1569-x2sr2-3486766547, networkLocation: /default-rack, certSerialId: null}
2019-09-25 07:29:50,671 [RatisPipelineUtilsThread] INFO  pipeline.PipelineStateManager (PipelineStateManager.java:addPipeline(56)) - Created pipeline Pipeline[ Id: f3d3002a-48ea-45ea-b74b-52f297629860, Nodes: 126e81bc-97e3-46f8-a1e8-0e987d7c3458{ip: 192.168.151.106, host: pr-hdds-1569-x2sr2-3486766547, networkLocation: /default-rack, certSerialId: null}, Type:RATIS, Factor:ONE, State:OPEN]
2019-09-25 07:29:50,678 [grpc-default-executor-0] INFO  impl.RaftServerProxy (RaftServerProxy.java:addNew(89)) - 126e81bc-97e3-46f8-a1e8-0e987d7c3458: addNew group-6A1D22D81107:[126e81bc-97e3-46f8-a1e8-0e987d7c3458:192.168.151.106:35227] returns group-6A1D22D81107:java.util.concurrent.CompletableFuture@34e5a297[Not completed]
2019-09-25 07:29:50,679 [pool-177-thread-1] INFO  impl.RaftServerImpl (RaftServerImpl.java:<init>(95)) - 126e81bc-97e3-46f8-a1e8-0e987d7c3458: new RaftServerImpl for group-6A1D22D81107:[126e81bc-97e3-46f8-a1e8-0e987d7c3458:192.168.151.106:35227] with ContainerStateMachine:uninitialized
2019-09-25 07:29:50,679 [pool-177-thread-1] INFO  server.RaftServerConfigKeys (ConfUtils.java:logGet(43)) - raft.server.rpc.timeout.min = 5s (custom)
2019-09-25 07:29:50,680 [pool-177-thread-1] INFO  server.RaftServerConfigKeys (ConfUtils.java:logGet(43)) - raft.server.rpc.timeout.max = 5200ms (custom)
2019-09-25 07:29:50,680 [pool-177-thread-1] INFO  server.RaftServerConfigKeys (ConfUtils.java:logGet(43)) - raft.server.rpcslowness.timeout = 120s (custom)
2019-09-25 07:29:50,680 [pool-177-thread-1] INFO  server.RaftServerConfigKeys (ConfUtils.java:logGet(43)) - raft.server.sleep.deviation.threshold = 300 (default)
2019-09-25 07:29:50,680 [pool-177-thread-1] INFO  server.RaftServerConfigKeys (ConfUtils.java:logGet(43)) - raft.server.log.appender.install.snapshot.enabled = false (custom)
2019-09-25 07:29:50,680 [pool-177-thread-1] INFO  impl.RaftServerImpl (ServerState.java:<init>(103)) - 126e81bc-97e3-46f8-a1e8-0e987d7c3458@group-6A1D22D81107: ConfigurationManager, init=-1: [126e81bc-97e3-46f8-a1e8-0e987d7c3458:192.168.151.106:35227], old=null, confs=<EMPTY_MAP>
2019-09-25 07:29:50,680 [pool-177-thread-1] INFO  server.RaftServerConfigKeys (ConfUtils.java:logGet(43)) - raft.server.storage.dir = [/workdir/hadoop-ozone/ozonefs/target/test-dir/MiniOzoneClusterImpl-a0a13e0f-1219-4868-bc3b-f345b2356b4a/datanode-0/data/ratis] (custom)
2019-09-25 07:29:50,681 [pool-177-thread-1] INFO  storage.RaftStorageDirectory (RaftStorageDirectory.java:analyzeStorage(246)) - The storage directory /workdir/hadoop-ozone/ozonefs/target/test-dir/MiniOzoneClusterImpl-a0a13e0f-1219-4868-bc3b-f345b2356b4a/datanode-0/data/ratis/56a2d7c4-85c9-49c4-a4da-6a1d22d81107 does not exist. Creating ...
2019-09-25 07:29:50,704 [pool-177-thread-1] INFO  storage.RaftStorageDirectory (RaftStorageDirectory.java:tryLock(328)) - Lock on /workdir/hadoop-ozone/ozonefs/target/test-dir/MiniOzoneClusterImpl-a0a13e0f-1219-4868-bc3b-f345b2356b4a/datanode-0/data/ratis/56a2d7c4-85c9-49c4-a4da-6a1d22d81107/in_use.lock acquired by nodename 17738@pr-hdds-1569-x2sr2-3486766547
2019-09-25 07:29:50,729 [pool-177-thread-1] INFO  storage.RaftStorage (RaftStorage.java:format(72)) - Storage directory /workdir/hadoop-ozone/ozonefs/target/test-dir/MiniOzoneClusterImpl-a0a13e0f-1219-4868-bc3b-f345b2356b4a/datanode-0/data/ratis/56a2d7c4-85c9-49c4-a4da-6a1d22d81107 has been successfully formatted.
2019-09-25 07:29:50,729 [pool-177-thread-1] INFO  ratis.ContainerStateMachine (ContainerStateMachine.java:loadSnapshot(230)) - group-6A1D22D81107: The snapshot info is null. Setting the last applied indexto:(t:0, i:~)
2019-09-25 07:29:50,729 [pool-177-thread-1] INFO  server.RaftServerConfigKeys (ConfUtils.java:logGet(43)) - raft.server.notification.no-leader.timeout = 120s (custom)
2019-09-25 07:29:50,730 [pool-177-thread-1] INFO  server.RaftServerConfigKeys (ConfUtils.java:logGet(43)) - raft.server.log.use.memory = false (default)
2019-09-25 07:29:50,730 [pool-177-thread-1] INFO  server.RaftServerConfigKeys (ConfUtils.java:logGet(43)) - raft.server.log.purge.gap = 1000000 (custom)
2019-09-25 07:29:50,730 [pool-177-thread-1] INFO  server.RaftServerConfigKeys (ConfUtils.java:logGet(43)) - raft.server.log.appender.buffer.byte-limit = 33554432 (custom)
2019-09-25 07:29:50,730 [pool-177-thread-1] INFO  server.RaftServerConfigKeys (ConfUtils.java:logGet(43)) - raft.server.log.segment.size.max = 1048576 (custom)
2019-09-25 07:29:50,730 [pool-177-thread-1] INFO  server.RaftServerConfigKeys (ConfUtils.java:logGet(43)) - raft.server.log.segment.cache.num.max = 2 (custom)
2019-09-25 07:29:50,730 [pool-177-thread-1] INFO  segmented.SegmentedRaftLogWorker (SegmentedRaftLogWorker.java:<init>(172)) - new 126e81bc-97e3-46f8-a1e8-0e987d7c3458@group-6A1D22D81107-SegmentedRaftLogWorker for RaftStorage:Storage Directory /workdir/hadoop-ozone/ozonefs/target/test-dir/MiniOzoneClusterImpl-a0a13e0f-1219-4868-bc3b-f345b2356b4a/datanode-0/data/ratis/56a2d7c4-85c9-49c4-a4da-6a1d22d81107
2019-09-25 07:29:50,731 [pool-177-thread-1] INFO  server.RaftServerConfigKeys (ConfUtils.java:logGet(43)) - raft.server.log.queue.byte-limit = 2147483647 (custom)
2019-09-25 07:29:50,731 [pool-177-thread-1] INFO  server.RaftServerConfigKeys (ConfUtils.java:logGet(43)) - raft.server.log.queue.element-limit = 1024 (custom)
2019-09-25 07:29:50,731 [pool-177-thread-1] INFO  server.RaftServerConfigKeys (ConfUtils.java:logGet(43)) - raft.server.log.segment.size.max = 1048576 (custom)
2019-09-25 07:29:50,731 [pool-177-thread-1] INFO  server.RaftServerConfigKeys (ConfUtils.java:logGet(43)) - raft.server.log.preallocated.size = 16384 (custom)
2019-09-25 07:29:50,731 [pool-177-thread-1] INFO  server.RaftServerConfigKeys (ConfUtils.java:logGet(43)) - raft.server.log.write.buffer.size = 33554432 (custom)
2019-09-25 07:29:50,731 [pool-177-thread-1] INFO  server.RaftServerConfigKeys (ConfUtils.java:logGet(43)) - raft.server.log.force.sync.num = 128 (default)
2019-09-25 07:29:50,731 [pool-177-thread-1] INFO  server.RaftServerConfigKeys (ConfUtils.java:logGet(43)) - raft.server.log.statemachine.data.sync = true (default)
2019-09-25 07:29:50,731 [pool-177-thread-1] INFO  server.RaftServerConfigKeys (ConfUtils.java:logGet(43)) - raft.server.log.statemachine.data.sync.timeout = 10s (default)
2019-09-25 07:29:50,732 [pool-177-thread-1] INFO  server.RaftServerConfigKeys (ConfUtils.java:logGet(43)) - raft.server.log.statemachine.data.sync.timeout.retry = -1 (default)
2019-09-25 07:29:50,732 [pool-177-thread-1] INFO  server.RaftServerConfigKeys (ConfUtils.java:logGet(43)) - raft.server.log.statemachine.data.caching.enabled = true (custom)
2019-09-25 07:29:50,732 [pool-177-thread-1] INFO  segmented.SegmentedRaftLogWorker (SegmentedRaftLogWorker.java:lambda$new$0(132)) - 126e81bc-97e3-46f8-a1e8-0e987d7c3458@group-6A1D22D81107-SegmentedRaftLogWorker: flushIndex: setUnconditionally 0 -> -1
2019-09-25 07:29:50,732 [pool-177-thread-1] INFO  server.RaftServerConfigKeys (ConfUtils.java:logGet(43)) - raft.server.snapshot.auto.trigger.enabled = true (custom)
2019-09-25 07:29:50,733 [pool-177-thread-1] INFO  server.RaftServerConfigKeys (ConfUtils.java:logGet(43)) - raft.server.snapshot.auto.trigger.threshold = 10000 (custom)
2019-09-25 07:29:50,733 [pool-177-thread-1] INFO  server.RaftServerConfigKeys (ConfUtils.java:logGet(43)) - raft.server.snapshot.retention.num.files = 5 (custom)
2019-09-25 07:29:50,733 [pool-177-thread-1] INFO  server.RaftServerConfigKeys (ConfUtils.java:logGet(43)) - raft.server.retrycache.expirytime = 600000ms (custom)
2019-09-25 07:29:50,733 [Thread-806] INFO  ozone.MiniOzoneClusterImpl (MiniOzoneClusterImpl.java:lambda$waitForClusterToBeReady$0(147)) - Waiting for cluster to be ready. Got 2 of 3 DN Heartbeats.
2019-09-25 07:29:50,734 [pool-177-thread-1] INFO  impl.RaftServerImpl (RaftServerImpl.java:start(185)) - 126e81bc-97e3-46f8-a1e8-0e987d7c3458@group-6A1D22D81107: start as a follower, conf=-1: [126e81bc-97e3-46f8-a1e8-0e987d7c3458:192.168.151.106:35227], old=null
2019-09-25 07:29:50,735 [IPC Server handler 1 on 45917] INFO  net.NetworkTopology (NetworkTopologyImpl.java:add(111)) - Added a new node: /default-rack/2fe7b077-4a7c-42ee-8783-920c916b7d94
2019-09-25 07:29:50,735 [pool-177-thread-1] INFO  impl.RaftServerImpl (RaftServerImpl.java:setRole(174)) - 126e81bc-97e3-46f8-a1e8-0e987d7c3458@group-6A1D22D81107: changes role from      null to FOLLOWER at term 0 for startAsFollower
2019-09-25 07:29:50,735 [IPC Server handler 1 on 45917] INFO  node.SCMNodeManager (SCMNodeManager.java:register(266)) - Registered Data node : 2fe7b077-4a7c-42ee-8783-920c916b7d94{ip: 192.168.151.106, host: pr-hdds-1569-x2sr2-3486766547, networkLocation: /default-rack, certSerialId: null}
2019-09-25 07:29:50,735 [pool-177-thread-1] INFO  impl.RoleInfo (RoleInfo.java:updateAndGet(143)) - 126e81bc-97e3-46f8-a1e8-0e987d7c3458: start FollowerState
2019-09-25 07:29:50,736 [pool-177-thread-1] INFO  util.JmxRegister (JmxRegister.java:tryRegister(44)) - Successfully registered JMX Bean with object name Ratis:service=RaftServer,group=group-6A1D22D81107,id=126e81bc-97e3-46f8-a1e8-0e987d7c3458
2019-09-25 07:29:50,738 [RatisPipelineUtilsThread] INFO  pipeline.PipelineStateManager (PipelineStateManager.java:addPipeline(56)) - Created pipeline Pipeline[ Id: 56a2d7c4-85c9-49c4-a4da-6a1d22d81107, Nodes: 126e81bc-97e3-46f8-a1e8-0e987d7c3458{ip: 192.168.151.106, host: pr-hdds-1569-x2sr2-3486766547, networkLocation: /default-rack, certSerialId: null}, Type:RATIS, Factor:ONE, State:OPEN]
2019-09-25 07:29:50,746 [grpc-default-executor-0] INFO  impl.RaftServerProxy (RaftServerProxy.java:addNew(89)) - a19a6886-cb81-4302-a38d-47405969e88d: addNew group-B2ED4E0AE77E:[a19a6886-cb81-4302-a38d-47405969e88d:192.168.151.106:43087] returns group-B2ED4E0AE77E:java.util.concurrent.CompletableFuture@7d0b6459[Not completed]
2019-09-25 07:29:50,747 [pool-187-thread-1] INFO  impl.RaftServerImpl (RaftServerImpl.java:<init>(95)) - a19a6886-cb81-4302-a38d-47405969e88d: new RaftServerImpl for group-B2ED4E0AE77E:[a19a6886-cb81-4302-a38d-47405969e88d:192.168.151.106:43087] with ContainerStateMachine:uninitialized
2019-09-25 07:29:50,748 [pool-187-thread-1] INFO  server.RaftServerConfigKeys (ConfUtils.java:logGet(43)) - raft.server.rpc.timeout.min = 5s (custom)
2019-09-25 07:29:50,748 [pool-187-thread-1] INFO  server.RaftServerConfigKeys (ConfUtils.java:logGet(43)) - raft.server.rpc.timeout.max = 5200ms (custom)
2019-09-25 07:29:50,748 [pool-187-thread-1] INFO  server.RaftServerConfigKeys (ConfUtils.java:logGet(43)) - raft.server.rpcslowness.timeout = 120s (custom)
2019-09-25 07:29:50,748 [pool-187-thread-1] INFO  server.RaftServerConfigKeys (ConfUtils.java:logGet(43)) - raft.server.sleep.deviation.threshold = 300 (default)
2019-09-25 07:29:50,748 [pool-187-thread-1] INFO  server.RaftServerConfigKeys (ConfUtils.java:logGet(43)) - raft.server.log.appender.install.snapshot.enabled = false (custom)
2019-09-25 07:29:50,749 [pool-187-thread-1] INFO  impl.RaftServerImpl (ServerState.java:<init>(103)) - a19a6886-cb81-4302-a38d-47405969e88d@group-B2ED4E0AE77E: ConfigurationManager, init=-1: [a19a6886-cb81-4302-a38d-47405969e88d:192.168.151.106:43087], old=null, confs=<EMPTY_MAP>
2019-09-25 07:29:50,749 [pool-187-thread-1] INFO  server.RaftServerConfigKeys (ConfUtils.java:logGet(43)) - raft.server.storage.dir = [/workdir/hadoop-ozone/ozonefs/target/test-dir/MiniOzoneClusterImpl-a0a13e0f-1219-4868-bc3b-f345b2356b4a/datanode-1/data/ratis] (custom)
2019-09-25 07:29:50,749 [pool-187-thread-1] INFO  storage.RaftStorageDirectory (RaftStorageDirectory.java:analyzeStorage(246)) - The storage directory /workdir/hadoop-ozone/ozonefs/target/test-dir/MiniOzoneClusterImpl-a0a13e0f-1219-4868-bc3b-f345b2356b4a/datanode-1/data/ratis/9e460228-bb84-4d51-9021-b2ed4e0ae77e does not exist. Creating ...
2019-09-25 07:29:50,762 [pool-187-thread-1] INFO  storage.RaftStorageDirectory (RaftStorageDirectory.java:tryLock(328)) - Lock on /workdir/hadoop-ozone/ozonefs/target/test-dir/MiniOzoneClusterImpl-a0a13e0f-1219-4868-bc3b-f345b2356b4a/datanode-1/data/ratis/9e460228-bb84-4d51-9021-b2ed4e0ae77e/in_use.lock acquired by nodename 17738@pr-hdds-1569-x2sr2-3486766547
2019-09-25 07:29:50,775 [pool-187-thread-1] INFO  storage.RaftStorage (RaftStorage.java:format(72)) - Storage directory /workdir/hadoop-ozone/ozonefs/target/test-dir/MiniOzoneClusterImpl-a0a13e0f-1219-4868-bc3b-f345b2356b4a/datanode-1/data/ratis/9e460228-bb84-4d51-9021-b2ed4e0ae77e has been successfully formatted.
2019-09-25 07:29:50,776 [pool-187-thread-1] INFO  ratis.ContainerStateMachine (ContainerStateMachine.java:loadSnapshot(230)) - group-B2ED4E0AE77E: The snapshot info is null. Setting the last applied indexto:(t:0, i:~)
2019-09-25 07:29:50,776 [pool-187-thread-1] INFO  server.RaftServerConfigKeys (ConfUtils.java:logGet(43)) - raft.server.notification.no-leader.timeout = 120s (custom)
2019-09-25 07:29:50,776 [pool-187-thread-1] INFO  server.RaftServerConfigKeys (ConfUtils.java:logGet(43)) - raft.server.log.use.memory = false (default)
2019-09-25 07:29:50,776 [pool-187-thread-1] INFO  server.RaftServerConfigKeys (ConfUtils.java:logGet(43)) - raft.server.log.purge.gap = 1000000 (custom)
2019-09-25 07:29:50,776 [pool-187-thread-1] INFO  server.RaftServerConfigKeys (ConfUtils.java:logGet(43)) - raft.server.log.appender.buffer.byte-limit = 33554432 (custom)
2019-09-25 07:29:50,776 [pool-187-thread-1] INFO  server.RaftServerConfigKeys (ConfUtils.java:logGet(43)) - raft.server.log.segment.size.max = 1048576 (custom)
2019-09-25 07:29:50,777 [pool-187-thread-1] INFO  server.RaftServerConfigKeys (ConfUtils.java:logGet(43)) - raft.server.log.segment.cache.num.max = 2 (custom)
2019-09-25 07:29:50,777 [pool-187-thread-1] INFO  segmented.SegmentedRaftLogWorker (SegmentedRaftLogWorker.java:<init>(172)) - new a19a6886-cb81-4302-a38d-47405969e88d@group-B2ED4E0AE77E-SegmentedRaftLogWorker for RaftStorage:Storage Directory /workdir/hadoop-ozone/ozonefs/target/test-dir/MiniOzoneClusterImpl-a0a13e0f-1219-4868-bc3b-f345b2356b4a/datanode-1/data/ratis/9e460228-bb84-4d51-9021-b2ed4e0ae77e
2019-09-25 07:29:50,778 [pool-187-thread-1] INFO  server.RaftServerConfigKeys (ConfUtils.java:logGet(43)) - raft.server.log.queue.byte-limit = 2147483647 (custom)
2019-09-25 07:29:50,779 [pool-187-thread-1] INFO  server.RaftServerConfigKeys (ConfUtils.java:logGet(43)) - raft.server.log.queue.element-limit = 1024 (custom)
2019-09-25 07:29:50,779 [pool-187-thread-1] INFO  server.RaftServerConfigKeys (ConfUtils.java:logGet(43)) - raft.server.log.segment.size.max = 1048576 (custom)
2019-09-25 07:29:50,779 [pool-187-thread-1] INFO  server.RaftServerConfigKeys (ConfUtils.java:logGet(43)) - raft.server.log.preallocated.size = 16384 (custom)
2019-09-25 07:29:50,779 [pool-187-thread-1] INFO  server.RaftServerConfigKeys (ConfUtils.java:logGet(43)) - raft.server.log.write.buffer.size = 33554432 (custom)
2019-09-25 07:29:50,779 [pool-187-thread-1] INFO  server.RaftServerConfigKeys (ConfUtils.java:logGet(43)) - raft.server.log.force.sync.num = 128 (default)
2019-09-25 07:29:50,779 [pool-187-thread-1] INFO  server.RaftServerConfigKeys (ConfUtils.java:logGet(43)) - raft.server.log.statemachine.data.sync = true (default)
2019-09-25 07:29:50,780 [pool-187-thread-1] INFO  server.RaftServerConfigKeys (ConfUtils.java:logGet(43)) - raft.server.log.statemachine.data.sync.timeout = 10s (default)
2019-09-25 07:29:50,780 [pool-187-thread-1] INFO  server.RaftServerConfigKeys (ConfUtils.java:logGet(43)) - raft.server.log.statemachine.data.sync.timeout.retry = -1 (default)
2019-09-25 07:29:50,780 [pool-187-thread-1] INFO  server.RaftServerConfigKeys (ConfUtils.java:logGet(43)) - raft.server.log.statemachine.data.caching.enabled = true (custom)
2019-09-25 07:29:50,780 [pool-187-thread-1] INFO  segmented.SegmentedRaftLogWorker (SegmentedRaftLogWorker.java:lambda$new$0(132)) - a19a6886-cb81-4302-a38d-47405969e88d@group-B2ED4E0AE77E-SegmentedRaftLogWorker: flushIndex: setUnconditionally 0 -> -1
2019-09-25 07:29:50,781 [pool-187-thread-1] INFO  server.RaftServerConfigKeys (ConfUtils.java:logGet(43)) - raft.server.snapshot.auto.trigger.enabled = true (custom)
2019-09-25 07:29:50,781 [pool-187-thread-1] INFO  server.RaftServerConfigKeys (ConfUtils.java:logGet(43)) - raft.server.snapshot.auto.trigger.threshold = 10000 (custom)
2019-09-25 07:29:50,781 [pool-187-thread-1] INFO  server.RaftServerConfigKeys (ConfUtils.java:logGet(43)) - raft.server.snapshot.retention.num.files = 5 (custom)
2019-09-25 07:29:50,781 [pool-187-thread-1] INFO  server.RaftServerConfigKeys (ConfUtils.java:logGet(43)) - raft.server.retrycache.expirytime = 600000ms (custom)
2019-09-25 07:29:50,785 [pool-187-thread-1] INFO  impl.RaftServerImpl (RaftServerImpl.java:start(185)) - a19a6886-cb81-4302-a38d-47405969e88d@group-B2ED4E0AE77E: start as a follower, conf=-1: [a19a6886-cb81-4302-a38d-47405969e88d:192.168.151.106:43087], old=null
2019-09-25 07:29:50,785 [pool-187-thread-1] INFO  impl.RaftServerImpl (RaftServerImpl.java:setRole(174)) - a19a6886-cb81-4302-a38d-47405969e88d@group-B2ED4E0AE77E: changes role from      null to FOLLOWER at term 0 for startAsFollower
2019-09-25 07:29:50,785 [pool-187-thread-1] INFO  impl.RoleInfo (RoleInfo.java:updateAndGet(143)) - a19a6886-cb81-4302-a38d-47405969e88d: start FollowerState
2019-09-25 07:29:50,785 [pool-187-thread-1] INFO  util.JmxRegister (JmxRegister.java:tryRegister(44)) - Successfully registered JMX Bean with object name Ratis:service=RaftServer,group=group-B2ED4E0AE77E,id=a19a6886-cb81-4302-a38d-47405969e88d
2019-09-25 07:29:50,788 [RatisPipelineUtilsThread] INFO  pipeline.PipelineStateManager (PipelineStateManager.java:addPipeline(56)) - Created pipeline Pipeline[ Id: 9e460228-bb84-4d51-9021-b2ed4e0ae77e, Nodes: a19a6886-cb81-4302-a38d-47405969e88d{ip: 192.168.151.106, host: pr-hdds-1569-x2sr2-3486766547, networkLocation: /default-rack, certSerialId: null}, Type:RATIS, Factor:ONE, State:OPEN]
2019-09-25 07:29:50,797 [grpc-default-executor-0] INFO  impl.RaftServerProxy (RaftServerProxy.java:addNew(89)) - 2fe7b077-4a7c-42ee-8783-920c916b7d94: addNew group-872396BEE490:[2fe7b077-4a7c-42ee-8783-920c916b7d94:192.168.151.106:34898] returns group-872396BEE490:java.util.concurrent.CompletableFuture@614b842d[Not completed]
2019-09-25 07:29:50,798 [pool-197-thread-1] INFO  impl.RaftServerImpl (RaftServerImpl.java:<init>(95)) - 2fe7b077-4a7c-42ee-8783-920c916b7d94: new RaftServerImpl for group-872396BEE490:[2fe7b077-4a7c-42ee-8783-920c916b7d94:192.168.151.106:34898] with ContainerStateMachine:uninitialized
2019-09-25 07:29:50,798 [pool-197-thread-1] INFO  server.RaftServerConfigKeys (ConfUtils.java:logGet(43)) - raft.server.rpc.timeout.min = 5s (custom)
2019-09-25 07:29:50,798 [pool-197-thread-1] INFO  server.RaftServerConfigKeys (ConfUtils.java:logGet(43)) - raft.server.rpc.timeout.max = 5200ms (custom)
2019-09-25 07:29:50,798 [pool-197-thread-1] INFO  server.RaftServerConfigKeys (ConfUtils.java:logGet(43)) - raft.server.rpcslowness.timeout = 120s (custom)
2019-09-25 07:29:50,798 [pool-197-thread-1] INFO  server.RaftServerConfigKeys (ConfUtils.java:logGet(43)) - raft.server.sleep.deviation.threshold = 300 (default)
2019-09-25 07:29:50,798 [pool-197-thread-1] INFO  server.RaftServerConfigKeys (ConfUtils.java:logGet(43)) - raft.server.log.appender.install.snapshot.enabled = false (custom)
2019-09-25 07:29:50,798 [pool-197-thread-1] INFO  impl.RaftServerImpl (ServerState.java:<init>(103)) - 2fe7b077-4a7c-42ee-8783-920c916b7d94@group-872396BEE490: ConfigurationManager, init=-1: [2fe7b077-4a7c-42ee-8783-920c916b7d94:192.168.151.106:34898], old=null, confs=<EMPTY_MAP>
2019-09-25 07:29:50,799 [pool-197-thread-1] INFO  server.RaftServerConfigKeys (ConfUtils.java:logGet(43)) - raft.server.storage.dir = [/workdir/hadoop-ozone/ozonefs/target/test-dir/MiniOzoneClusterImpl-a0a13e0f-1219-4868-bc3b-f345b2356b4a/datanode-2/data/ratis] (custom)
2019-09-25 07:29:50,799 [pool-197-thread-1] INFO  storage.RaftStorageDirectory (RaftStorageDirectory.java:analyzeStorage(246)) - The storage directory /workdir/hadoop-ozone/ozonefs/target/test-dir/MiniOzoneClusterImpl-a0a13e0f-1219-4868-bc3b-f345b2356b4a/datanode-2/data/ratis/19d80c56-70d0-4fae-b5be-872396bee490 does not exist. Creating ...
2019-09-25 07:29:50,811 [pool-197-thread-1] INFO  storage.RaftStorageDirectory (RaftStorageDirectory.java:tryLock(328)) - Lock on /workdir/hadoop-ozone/ozonefs/target/test-dir/MiniOzoneClusterImpl-a0a13e0f-1219-4868-bc3b-f345b2356b4a/datanode-2/data/ratis/19d80c56-70d0-4fae-b5be-872396bee490/in_use.lock acquired by nodename 17738@pr-hdds-1569-x2sr2-3486766547
2019-09-25 07:29:50,824 [pool-197-thread-1] INFO  storage.RaftStorage (RaftStorage.java:format(72)) - Storage directory /workdir/hadoop-ozone/ozonefs/target/test-dir/MiniOzoneClusterImpl-a0a13e0f-1219-4868-bc3b-f345b2356b4a/datanode-2/data/ratis/19d80c56-70d0-4fae-b5be-872396bee490 has been successfully formatted.
2019-09-25 07:29:50,824 [pool-197-thread-1] INFO  ratis.ContainerStateMachine (ContainerStateMachine.java:loadSnapshot(230)) - group-872396BEE490: The snapshot info is null. Setting the last applied indexto:(t:0, i:~)
2019-09-25 07:29:50,824 [pool-197-thread-1] INFO  server.RaftServerConfigKeys (ConfUtils.java:logGet(43)) - raft.server.notification.no-leader.timeout = 120s (custom)
2019-09-25 07:29:50,825 [pool-197-thread-1] INFO  server.RaftServerConfigKeys (ConfUtils.java:logGet(43)) - raft.server.log.use.memory = false (default)
2019-09-25 07:29:50,825 [pool-197-thread-1] INFO  server.RaftServerConfigKeys (ConfUtils.java:logGet(43)) - raft.server.log.purge.gap = 1000000 (custom)
2019-09-25 07:29:50,825 [pool-197-thread-1] INFO  server.RaftServerConfigKeys (ConfUtils.java:logGet(43)) - raft.server.log.appender.buffer.byte-limit = 33554432 (custom)
2019-09-25 07:29:50,825 [pool-197-thread-1] INFO  server.RaftServerConfigKeys (ConfUtils.java:logGet(43)) - raft.server.log.segment.size.max = 1048576 (custom)
2019-09-25 07:29:50,825 [pool-197-thread-1] INFO  server.RaftServerConfigKeys (ConfUtils.java:logGet(43)) - raft.server.log.segment.cache.num.max = 2 (custom)
2019-09-25 07:29:50,825 [pool-197-thread-1] INFO  segmented.SegmentedRaftLogWorker (SegmentedRaftLogWorker.java:<init>(172)) - new 2fe7b077-4a7c-42ee-8783-920c916b7d94@group-872396BEE490-SegmentedRaftLogWorker for RaftStorage:Storage Directory /workdir/hadoop-ozone/ozonefs/target/test-dir/MiniOzoneClusterImpl-a0a13e0f-1219-4868-bc3b-f345b2356b4a/datanode-2/data/ratis/19d80c56-70d0-4fae-b5be-872396bee490
2019-09-25 07:29:50,827 [pool-197-thread-1] INFO  server.RaftServerConfigKeys (ConfUtils.java:logGet(43)) - raft.server.log.queue.byte-limit = 2147483647 (custom)
2019-09-25 07:29:50,827 [pool-197-thread-1] INFO  server.RaftServerConfigKeys (ConfUtils.java:logGet(43)) - raft.server.log.queue.element-limit = 1024 (custom)
2019-09-25 07:29:50,827 [pool-197-thread-1] INFO  server.RaftServerConfigKeys (ConfUtils.java:logGet(43)) - raft.server.log.segment.size.max = 1048576 (custom)
2019-09-25 07:29:50,827 [pool-197-thread-1] INFO  server.RaftServerConfigKeys (ConfUtils.java:logGet(43)) - raft.server.log.preallocated.size = 16384 (custom)
2019-09-25 07:29:50,827 [pool-197-thread-1] INFO  server.RaftServerConfigKeys (ConfUtils.java:logGet(43)) - raft.server.log.write.buffer.size = 33554432 (custom)
2019-09-25 07:29:50,827 [pool-197-thread-1] INFO  server.RaftServerConfigKeys (ConfUtils.java:logGet(43)) - raft.server.log.force.sync.num = 128 (default)
2019-09-25 07:29:50,827 [pool-197-thread-1] INFO  server.RaftServerConfigKeys (ConfUtils.java:logGet(43)) - raft.server.log.statemachine.data.sync = true (default)
2019-09-25 07:29:50,828 [pool-197-thread-1] INFO  server.RaftServerConfigKeys (ConfUtils.java:logGet(43)) - raft.server.log.statemachine.data.sync.timeout = 10s (default)
2019-09-25 07:29:50,828 [pool-197-thread-1] INFO  server.RaftServerConfigKeys (ConfUtils.java:logGet(43)) - raft.server.log.statemachine.data.sync.timeout.retry = -1 (default)
2019-09-25 07:29:50,828 [pool-197-thread-1] INFO  server.RaftServerConfigKeys (ConfUtils.java:logGet(43)) - raft.server.log.statemachine.data.caching.enabled = true (custom)
2019-09-25 07:29:50,828 [pool-197-thread-1] INFO  segmented.SegmentedRaftLogWorker (SegmentedRaftLogWorker.java:lambda$new$0(132)) - 2fe7b077-4a7c-42ee-8783-920c916b7d94@group-872396BEE490-SegmentedRaftLogWorker: flushIndex: setUnconditionally 0 -> -1
2019-09-25 07:29:50,829 [pool-197-thread-1] INFO  server.RaftServerConfigKeys (ConfUtils.java:logGet(43)) - raft.server.snapshot.auto.trigger.enabled = true (custom)
2019-09-25 07:29:50,829 [pool-197-thread-1] INFO  server.RaftServerConfigKeys (ConfUtils.java:logGet(43)) - raft.server.snapshot.auto.trigger.threshold = 10000 (custom)
2019-09-25 07:29:50,829 [pool-197-thread-1] INFO  server.RaftServerConfigKeys (ConfUtils.java:logGet(43)) - raft.server.snapshot.retention.num.files = 5 (custom)
2019-09-25 07:29:50,829 [pool-197-thread-1] INFO  server.RaftServerConfigKeys (ConfUtils.java:logGet(43)) - raft.server.retrycache.expirytime = 600000ms (custom)
2019-09-25 07:29:50,830 [pool-197-thread-1] INFO  impl.RaftServerImpl (RaftServerImpl.java:start(185)) - 2fe7b077-4a7c-42ee-8783-920c916b7d94@group-872396BEE490: start as a follower, conf=-1: [2fe7b077-4a7c-42ee-8783-920c916b7d94:192.168.151.106:34898], old=null
2019-09-25 07:29:50,830 [pool-197-thread-1] INFO  impl.RaftServerImpl (RaftServerImpl.java:setRole(174)) - 2fe7b077-4a7c-42ee-8783-920c916b7d94@group-872396BEE490: changes role from      null to FOLLOWER at term 0 for startAsFollower
2019-09-25 07:29:50,831 [pool-197-thread-1] INFO  impl.RoleInfo (RoleInfo.java:updateAndGet(143)) - 2fe7b077-4a7c-42ee-8783-920c916b7d94: start FollowerState
2019-09-25 07:29:50,831 [pool-197-thread-1] INFO  util.JmxRegister (JmxRegister.java:tryRegister(44)) - Successfully registered JMX Bean with object name Ratis:service=RaftServer,group=group-872396BEE490,id=2fe7b077-4a7c-42ee-8783-920c916b7d94
2019-09-25 07:29:50,834 [RatisPipelineUtilsThread] INFO  pipeline.PipelineStateManager (PipelineStateManager.java:addPipeline(56)) - Created pipeline Pipeline[ Id: 19d80c56-70d0-4fae-b5be-872396bee490, Nodes: 2fe7b077-4a7c-42ee-8783-920c916b7d94{ip: 192.168.151.106, host: pr-hdds-1569-x2sr2-3486766547, networkLocation: /default-rack, certSerialId: null}, Type:RATIS, Factor:ONE, State:OPEN]
2019-09-25 07:29:50,840 [grpc-default-executor-0] INFO  impl.RaftServerProxy (RaftServerProxy.java:addNew(89)) - 126e81bc-97e3-46f8-a1e8-0e987d7c3458: addNew group-FFFA4D287646:[126e81bc-97e3-46f8-a1e8-0e987d7c3458:192.168.151.106:35227] returns group-FFFA4D287646:java.util.concurrent.CompletableFuture@3fdccd44[Not completed]
2019-09-25 07:29:50,841 [pool-177-thread-1] INFO  impl.RaftServerImpl (RaftServerImpl.java:<init>(95)) - 126e81bc-97e3-46f8-a1e8-0e987d7c3458: new RaftServerImpl for group-FFFA4D287646:[126e81bc-97e3-46f8-a1e8-0e987d7c3458:192.168.151.106:35227] with ContainerStateMachine:uninitialized
2019-09-25 07:29:50,841 [pool-177-thread-1] INFO  server.RaftServerConfigKeys (ConfUtils.java:logGet(43)) - raft.server.rpc.timeout.min = 5s (custom)
2019-09-25 07:29:50,841 [pool-177-thread-1] INFO  server.RaftServerConfigKeys (ConfUtils.java:logGet(43)) - raft.server.rpc.timeout.max = 5200ms (custom)
2019-09-25 07:29:50,841 [pool-177-thread-1] INFO  server.RaftServerConfigKeys (ConfUtils.java:logGet(43)) - raft.server.rpcslowness.timeout = 120s (custom)
2019-09-25 07:29:50,841 [pool-177-thread-1] INFO  server.RaftServerConfigKeys (ConfUtils.java:logGet(43)) - raft.server.sleep.deviation.threshold = 300 (default)
2019-09-25 07:29:50,841 [pool-177-thread-1] INFO  server.RaftServerConfigKeys (ConfUtils.java:logGet(43)) - raft.server.log.appender.install.snapshot.enabled = false (custom)
2019-09-25 07:29:50,842 [pool-177-thread-1] INFO  impl.RaftServerImpl (ServerState.java:<init>(103)) - 126e81bc-97e3-46f8-a1e8-0e987d7c3458@group-FFFA4D287646: ConfigurationManager, init=-1: [126e81bc-97e3-46f8-a1e8-0e987d7c3458:192.168.151.106:35227], old=null, confs=<EMPTY_MAP>
2019-09-25 07:29:50,842 [pool-177-thread-1] INFO  server.RaftServerConfigKeys (ConfUtils.java:logGet(43)) - raft.server.storage.dir = [/workdir/hadoop-ozone/ozonefs/target/test-dir/MiniOzoneClusterImpl-a0a13e0f-1219-4868-bc3b-f345b2356b4a/datanode-0/data/ratis] (custom)
2019-09-25 07:29:50,842 [pool-177-thread-1] INFO  storage.RaftStorageDirectory (RaftStorageDirectory.java:analyzeStorage(246)) - The storage directory /workdir/hadoop-ozone/ozonefs/target/test-dir/MiniOzoneClusterImpl-a0a13e0f-1219-4868-bc3b-f345b2356b4a/datanode-0/data/ratis/452e2f62-ddd8-4109-a771-fffa4d287646 does not exist. Creating ...
2019-09-25 07:29:50,865 [pool-177-thread-1] INFO  storage.RaftStorageDirectory (RaftStorageDirectory.java:tryLock(328)) - Lock on /workdir/hadoop-ozone/ozonefs/target/test-dir/MiniOzoneClusterImpl-a0a13e0f-1219-4868-bc3b-f345b2356b4a/datanode-0/data/ratis/452e2f62-ddd8-4109-a771-fffa4d287646/in_use.lock acquired by nodename 17738@pr-hdds-1569-x2sr2-3486766547
2019-09-25 07:29:50,890 [pool-177-thread-1] INFO  storage.RaftStorage (RaftStorage.java:format(72)) - Storage directory /workdir/hadoop-ozone/ozonefs/target/test-dir/MiniOzoneClusterImpl-a0a13e0f-1219-4868-bc3b-f345b2356b4a/datanode-0/data/ratis/452e2f62-ddd8-4109-a771-fffa4d287646 has been successfully formatted.
2019-09-25 07:29:50,890 [pool-177-thread-1] INFO  ratis.ContainerStateMachine (ContainerStateMachine.java:loadSnapshot(230)) - group-FFFA4D287646: The snapshot info is null. Setting the last applied indexto:(t:0, i:~)
2019-09-25 07:29:50,890 [pool-177-thread-1] INFO  server.RaftServerConfigKeys (ConfUtils.java:logGet(43)) - raft.server.notification.no-leader.timeout = 120s (custom)
2019-09-25 07:29:50,891 [pool-177-thread-1] INFO  server.RaftServerConfigKeys (ConfUtils.java:logGet(43)) - raft.server.log.use.memory = false (default)
2019-09-25 07:29:50,891 [pool-177-thread-1] INFO  server.RaftServerConfigKeys (ConfUtils.java:logGet(43)) - raft.server.log.purge.gap = 1000000 (custom)
2019-09-25 07:29:50,891 [pool-177-thread-1] INFO  server.RaftServerConfigKeys (ConfUtils.java:logGet(43)) - raft.server.log.appender.buffer.byte-limit = 33554432 (custom)
2019-09-25 07:29:50,891 [pool-177-thread-1] INFO  server.RaftServerConfigKeys (ConfUtils.java:logGet(43)) - raft.server.log.segment.size.max = 1048576 (custom)
2019-09-25 07:29:50,891 [pool-177-thread-1] INFO  server.RaftServerConfigKeys (ConfUtils.java:logGet(43)) - raft.server.log.segment.cache.num.max = 2 (custom)
2019-09-25 07:29:50,891 [pool-177-thread-1] INFO  segmented.SegmentedRaftLogWorker (SegmentedRaftLogWorker.java:<init>(172)) - new 126e81bc-97e3-46f8-a1e8-0e987d7c3458@group-FFFA4D287646-SegmentedRaftLogWorker for RaftStorage:Storage Directory /workdir/hadoop-ozone/ozonefs/target/test-dir/MiniOzoneClusterImpl-a0a13e0f-1219-4868-bc3b-f345b2356b4a/datanode-0/data/ratis/452e2f62-ddd8-4109-a771-fffa4d287646
2019-09-25 07:29:50,891 [pool-177-thread-1] INFO  server.RaftServerConfigKeys (ConfUtils.java:logGet(43)) - raft.server.log.queue.byte-limit = 2147483647 (custom)
2019-09-25 07:29:50,892 [pool-177-thread-1] INFO  server.RaftServerConfigKeys (ConfUtils.java:logGet(43)) - raft.server.log.queue.element-limit = 1024 (custom)
2019-09-25 07:29:50,892 [pool-177-thread-1] INFO  server.RaftServerConfigKeys (ConfUtils.java:logGet(43)) - raft.server.log.segment.size.max = 1048576 (custom)
2019-09-25 07:29:50,892 [pool-177-thread-1] INFO  server.RaftServerConfigKeys (ConfUtils.java:logGet(43)) - raft.server.log.preallocated.size = 16384 (custom)
2019-09-25 07:29:50,892 [pool-177-thread-1] INFO  server.RaftServerConfigKeys (ConfUtils.java:logGet(43)) - raft.server.log.write.buffer.size = 33554432 (custom)
2019-09-25 07:29:50,892 [pool-177-thread-1] INFO  server.RaftServerConfigKeys (ConfUtils.java:logGet(43)) - raft.server.log.force.sync.num = 128 (default)
2019-09-25 07:29:50,892 [pool-177-thread-1] INFO  server.RaftServerConfigKeys (ConfUtils.java:logGet(43)) - raft.server.log.statemachine.data.sync = true (default)
2019-09-25 07:29:50,893 [pool-177-thread-1] INFO  server.RaftServerConfigKeys (ConfUtils.java:logGet(43)) - raft.server.log.statemachine.data.sync.timeout = 10s (default)
2019-09-25 07:29:50,893 [pool-177-thread-1] INFO  server.RaftServerConfigKeys (ConfUtils.java:logGet(43)) - raft.server.log.statemachine.data.sync.timeout.retry = -1 (default)
2019-09-25 07:29:50,893 [pool-177-thread-1] INFO  server.RaftServerConfigKeys (ConfUtils.java:logGet(43)) - raft.server.log.statemachine.data.caching.enabled = true (custom)
2019-09-25 07:29:50,893 [pool-177-thread-1] INFO  segmented.SegmentedRaftLogWorker (SegmentedRaftLogWorker.java:lambda$new$0(132)) - 126e81bc-97e3-46f8-a1e8-0e987d7c3458@group-FFFA4D287646-SegmentedRaftLogWorker: flushIndex: setUnconditionally 0 -> -1
2019-09-25 07:29:50,894 [pool-177-thread-1] INFO  server.RaftServerConfigKeys (ConfUtils.java:logGet(43)) - raft.server.snapshot.auto.trigger.enabled = true (custom)
2019-09-25 07:29:50,894 [pool-177-thread-1] INFO  server.RaftServerConfigKeys (ConfUtils.java:logGet(43)) - raft.server.snapshot.auto.trigger.threshold = 10000 (custom)
2019-09-25 07:29:50,894 [pool-177-thread-1] INFO  server.RaftServerConfigKeys (ConfUtils.java:logGet(43)) - raft.server.snapshot.retention.num.files = 5 (custom)
2019-09-25 07:29:50,894 [pool-177-thread-1] INFO  server.RaftServerConfigKeys (ConfUtils.java:logGet(43)) - raft.server.retrycache.expirytime = 600000ms (custom)
2019-09-25 07:29:50,896 [pool-177-thread-1] INFO  impl.RaftServerImpl (RaftServerImpl.java:start(185)) - 126e81bc-97e3-46f8-a1e8-0e987d7c3458@group-FFFA4D287646: start as a follower, conf=-1: [126e81bc-97e3-46f8-a1e8-0e987d7c3458:192.168.151.106:35227], old=null
2019-09-25 07:29:50,896 [pool-177-thread-1] INFO  impl.RaftServerImpl (RaftServerImpl.java:setRole(174)) - 126e81bc-97e3-46f8-a1e8-0e987d7c3458@group-FFFA4D287646: changes role from      null to FOLLOWER at term 0 for startAsFollower
2019-09-25 07:29:50,896 [pool-177-thread-1] INFO  impl.RoleInfo (RoleInfo.java:updateAndGet(143)) - 126e81bc-97e3-46f8-a1e8-0e987d7c3458: start FollowerState
2019-09-25 07:29:50,897 [pool-177-thread-1] INFO  util.JmxRegister (JmxRegister.java:tryRegister(44)) - Successfully registered JMX Bean with object name Ratis:service=RaftServer,group=group-FFFA4D287646,id=126e81bc-97e3-46f8-a1e8-0e987d7c3458
2019-09-25 07:29:50,900 [RatisPipelineUtilsThread] INFO  pipeline.PipelineStateManager (PipelineStateManager.java:addPipeline(56)) - Created pipeline Pipeline[ Id: 452e2f62-ddd8-4109-a771-fffa4d287646, Nodes: 126e81bc-97e3-46f8-a1e8-0e987d7c3458{ip: 192.168.151.106, host: pr-hdds-1569-x2sr2-3486766547, networkLocation: /default-rack, certSerialId: null}, Type:RATIS, Factor:ONE, State:OPEN]
2019-09-25 07:29:50,905 [grpc-default-executor-0] INFO  impl.RaftServerProxy (RaftServerProxy.java:addNew(89)) - 126e81bc-97e3-46f8-a1e8-0e987d7c3458: addNew group-E153E7A80E89:[126e81bc-97e3-46f8-a1e8-0e987d7c3458:192.168.151.106:35227] returns group-E153E7A80E89:java.util.concurrent.CompletableFuture@777e188a[Not completed]
2019-09-25 07:29:50,906 [pool-177-thread-1] INFO  impl.RaftServerImpl (RaftServerImpl.java:<init>(95)) - 126e81bc-97e3-46f8-a1e8-0e987d7c3458: new RaftServerImpl for group-E153E7A80E89:[126e81bc-97e3-46f8-a1e8-0e987d7c3458:192.168.151.106:35227] with ContainerStateMachine:uninitialized
2019-09-25 07:29:50,906 [pool-177-thread-1] INFO  server.RaftServerConfigKeys (ConfUtils.java:logGet(43)) - raft.server.rpc.timeout.min = 5s (custom)
2019-09-25 07:29:50,906 [pool-177-thread-1] INFO  server.RaftServerConfigKeys (ConfUtils.java:logGet(43)) - raft.server.rpc.timeout.max = 5200ms (custom)
2019-09-25 07:29:50,907 [pool-177-thread-1] INFO  server.RaftServerConfigKeys (ConfUtils.java:logGet(43)) - raft.server.rpcslowness.timeout = 120s (custom)
2019-09-25 07:29:50,907 [pool-177-thread-1] INFO  server.RaftServerConfigKeys (ConfUtils.java:logGet(43)) - raft.server.sleep.deviation.threshold = 300 (default)
2019-09-25 07:29:50,907 [pool-177-thread-1] INFO  server.RaftServerConfigKeys (ConfUtils.java:logGet(43)) - raft.server.log.appender.install.snapshot.enabled = false (custom)
2019-09-25 07:29:50,907 [pool-177-thread-1] INFO  impl.RaftServerImpl (ServerState.java:<init>(103)) - 126e81bc-97e3-46f8-a1e8-0e987d7c3458@group-E153E7A80E89: ConfigurationManager, init=-1: [126e81bc-97e3-46f8-a1e8-0e987d7c3458:192.168.151.106:35227], old=null, confs=<EMPTY_MAP>
2019-09-25 07:29:50,907 [pool-177-thread-1] INFO  server.RaftServerConfigKeys (ConfUtils.java:logGet(43)) - raft.server.storage.dir = [/workdir/hadoop-ozone/ozonefs/target/test-dir/MiniOzoneClusterImpl-a0a13e0f-1219-4868-bc3b-f345b2356b4a/datanode-0/data/ratis] (custom)
2019-09-25 07:29:50,908 [pool-177-thread-1] INFO  storage.RaftStorageDirectory (RaftStorageDirectory.java:analyzeStorage(246)) - The storage directory /workdir/hadoop-ozone/ozonefs/target/test-dir/MiniOzoneClusterImpl-a0a13e0f-1219-4868-bc3b-f345b2356b4a/datanode-0/data/ratis/55d73abb-be67-46a3-a628-e153e7a80e89 does not exist. Creating ...
2019-09-25 07:29:50,937 [pool-177-thread-1] INFO  storage.RaftStorageDirectory (RaftStorageDirectory.java:tryLock(328)) - Lock on /workdir/hadoop-ozone/ozonefs/target/test-dir/MiniOzoneClusterImpl-a0a13e0f-1219-4868-bc3b-f345b2356b4a/datanode-0/data/ratis/55d73abb-be67-46a3-a628-e153e7a80e89/in_use.lock acquired by nodename 17738@pr-hdds-1569-x2sr2-3486766547
2019-09-25 07:29:50,960 [pool-177-thread-1] INFO  storage.RaftStorage (RaftStorage.java:format(72)) - Storage directory /workdir/hadoop-ozone/ozonefs/target/test-dir/MiniOzoneClusterImpl-a0a13e0f-1219-4868-bc3b-f345b2356b4a/datanode-0/data/ratis/55d73abb-be67-46a3-a628-e153e7a80e89 has been successfully formatted.
2019-09-25 07:29:50,960 [pool-177-thread-1] INFO  ratis.ContainerStateMachine (ContainerStateMachine.java:loadSnapshot(230)) - group-E153E7A80E89: The snapshot info is null. Setting the last applied indexto:(t:0, i:~)
2019-09-25 07:29:50,960 [pool-177-thread-1] INFO  server.RaftServerConfigKeys (ConfUtils.java:logGet(43)) - raft.server.notification.no-leader.timeout = 120s (custom)
2019-09-25 07:29:50,960 [pool-177-thread-1] INFO  server.RaftServerConfigKeys (ConfUtils.java:logGet(43)) - raft.server.log.use.memory = false (default)
2019-09-25 07:29:50,961 [pool-177-thread-1] INFO  server.RaftServerConfigKeys (ConfUtils.java:logGet(43)) - raft.server.log.purge.gap = 1000000 (custom)
2019-09-25 07:29:50,961 [pool-177-thread-1] INFO  server.RaftServerConfigKeys (ConfUtils.java:logGet(43)) - raft.server.log.appender.buffer.byte-limit = 33554432 (custom)
2019-09-25 07:29:50,961 [pool-177-thread-1] INFO  server.RaftServerConfigKeys (ConfUtils.java:logGet(43)) - raft.server.log.segment.size.max = 1048576 (custom)
2019-09-25 07:29:50,961 [pool-177-thread-1] INFO  server.RaftServerConfigKeys (ConfUtils.java:logGet(43)) - raft.server.log.segment.cache.num.max = 2 (custom)
2019-09-25 07:29:50,961 [pool-177-thread-1] INFO  segmented.SegmentedRaftLogWorker (SegmentedRaftLogWorker.java:<init>(172)) - new 126e81bc-97e3-46f8-a1e8-0e987d7c3458@group-E153E7A80E89-SegmentedRaftLogWorker for RaftStorage:Storage Directory /workdir/hadoop-ozone/ozonefs/target/test-dir/MiniOzoneClusterImpl-a0a13e0f-1219-4868-bc3b-f345b2356b4a/datanode-0/data/ratis/55d73abb-be67-46a3-a628-e153e7a80e89
2019-09-25 07:29:50,962 [pool-177-thread-1] INFO  server.RaftServerConfigKeys (ConfUtils.java:logGet(43)) - raft.server.log.queue.byte-limit = 2147483647 (custom)
2019-09-25 07:29:50,962 [pool-177-thread-1] INFO  server.RaftServerConfigKeys (ConfUtils.java:logGet(43)) - raft.server.log.queue.element-limit = 1024 (custom)
2019-09-25 07:29:50,962 [pool-177-thread-1] INFO  server.RaftServerConfigKeys (ConfUtils.java:logGet(43)) - raft.server.log.segment.size.max = 1048576 (custom)
2019-09-25 07:29:50,962 [pool-177-thread-1] INFO  server.RaftServerConfigKeys (ConfUtils.java:logGet(43)) - raft.server.log.preallocated.size = 16384 (custom)
2019-09-25 07:29:50,962 [pool-177-thread-1] INFO  server.RaftServerConfigKeys (ConfUtils.java:logGet(43)) - raft.server.log.write.buffer.size = 33554432 (custom)
2019-09-25 07:29:50,962 [pool-177-thread-1] INFO  server.RaftServerConfigKeys (ConfUtils.java:logGet(43)) - raft.server.log.force.sync.num = 128 (default)
2019-09-25 07:29:50,962 [pool-177-thread-1] INFO  server.RaftServerConfigKeys (ConfUtils.java:logGet(43)) - raft.server.log.statemachine.data.sync = true (default)
2019-09-25 07:29:50,963 [pool-177-thread-1] INFO  server.RaftServerConfigKeys (ConfUtils.java:logGet(43)) - raft.server.log.statemachine.data.sync.timeout = 10s (default)
2019-09-25 07:29:50,963 [pool-177-thread-1] INFO  server.RaftServerConfigKeys (ConfUtils.java:logGet(43)) - raft.server.log.statemachine.data.sync.timeout.retry = -1 (default)
2019-09-25 07:29:50,963 [pool-177-thread-1] INFO  server.RaftServerConfigKeys (ConfUtils.java:logGet(43)) - raft.server.log.statemachine.data.caching.enabled = true (custom)
2019-09-25 07:29:50,963 [pool-177-thread-1] INFO  segmented.SegmentedRaftLogWorker (SegmentedRaftLogWorker.java:lambda$new$0(132)) - 126e81bc-97e3-46f8-a1e8-0e987d7c3458@group-E153E7A80E89-SegmentedRaftLogWorker: flushIndex: setUnconditionally 0 -> -1
2019-09-25 07:29:50,964 [pool-177-thread-1] INFO  server.RaftServerConfigKeys (ConfUtils.java:logGet(43)) - raft.server.snapshot.auto.trigger.enabled = true (custom)
2019-09-25 07:29:50,964 [pool-177-thread-1] INFO  server.RaftServerConfigKeys (ConfUtils.java:logGet(43)) - raft.server.snapshot.auto.trigger.threshold = 10000 (custom)
2019-09-25 07:29:50,964 [pool-177-thread-1] INFO  server.RaftServerConfigKeys (ConfUtils.java:logGet(43)) - raft.server.snapshot.retention.num.files = 5 (custom)
2019-09-25 07:29:50,964 [pool-177-thread-1] INFO  server.RaftServerConfigKeys (ConfUtils.java:logGet(43)) - raft.server.retrycache.expirytime = 600000ms (custom)
2019-09-25 07:29:50,966 [pool-177-thread-1] INFO  impl.RaftServerImpl (RaftServerImpl.java:start(185)) - 126e81bc-97e3-46f8-a1e8-0e987d7c3458@group-E153E7A80E89: start as a follower, conf=-1: [126e81bc-97e3-46f8-a1e8-0e987d7c3458:192.168.151.106:35227], old=null
2019-09-25 07:29:50,966 [pool-177-thread-1] INFO  impl.RaftServerImpl (RaftServerImpl.java:setRole(174)) - 126e81bc-97e3-46f8-a1e8-0e987d7c3458@group-E153E7A80E89: changes role from      null to FOLLOWER at term 0 for startAsFollower
2019-09-25 07:29:50,967 [pool-177-thread-1] INFO  impl.RoleInfo (RoleInfo.java:updateAndGet(143)) - 126e81bc-97e3-46f8-a1e8-0e987d7c3458: start FollowerState
2019-09-25 07:29:50,967 [pool-177-thread-1] INFO  util.JmxRegister (JmxRegister.java:tryRegister(44)) - Successfully registered JMX Bean with object name Ratis:service=RaftServer,group=group-E153E7A80E89,id=126e81bc-97e3-46f8-a1e8-0e987d7c3458
2019-09-25 07:29:50,970 [RatisPipelineUtilsThread] INFO  pipeline.PipelineStateManager (PipelineStateManager.java:addPipeline(56)) - Created pipeline Pipeline[ Id: 55d73abb-be67-46a3-a628-e153e7a80e89, Nodes: 126e81bc-97e3-46f8-a1e8-0e987d7c3458{ip: 192.168.151.106, host: pr-hdds-1569-x2sr2-3486766547, networkLocation: /default-rack, certSerialId: null}, Type:RATIS, Factor:ONE, State:OPEN]
2019-09-25 07:29:50,975 [grpc-default-executor-0] INFO  impl.RaftServerProxy (RaftServerProxy.java:addNew(89)) - 126e81bc-97e3-46f8-a1e8-0e987d7c3458: addNew group-78A16CE2287D:[126e81bc-97e3-46f8-a1e8-0e987d7c3458:192.168.151.106:35227] returns group-78A16CE2287D:java.util.concurrent.CompletableFuture@49dd61ae[Not completed]
2019-09-25 07:29:50,976 [pool-177-thread-1] INFO  impl.RaftServerImpl (RaftServerImpl.java:<init>(95)) - 126e81bc-97e3-46f8-a1e8-0e987d7c3458: new RaftServerImpl for group-78A16CE2287D:[126e81bc-97e3-46f8-a1e8-0e987d7c3458:192.168.151.106:35227] with ContainerStateMachine:uninitialized
2019-09-25 07:29:50,976 [pool-177-thread-1] INFO  server.RaftServerConfigKeys (ConfUtils.java:logGet(43)) - raft.server.rpc.timeout.min = 5s (custom)
2019-09-25 07:29:50,976 [pool-177-thread-1] INFO  server.RaftServerConfigKeys (ConfUtils.java:logGet(43)) - raft.server.rpc.timeout.max = 5200ms (custom)
2019-09-25 07:29:50,977 [pool-177-thread-1] INFO  server.RaftServerConfigKeys (ConfUtils.java:logGet(43)) - raft.server.rpcslowness.timeout = 120s (custom)
2019-09-25 07:29:50,977 [pool-177-thread-1] INFO  server.RaftServerConfigKeys (ConfUtils.java:logGet(43)) - raft.server.sleep.deviation.threshold = 300 (default)
2019-09-25 07:29:50,977 [pool-177-thread-1] INFO  server.RaftServerConfigKeys (ConfUtils.java:logGet(43)) - raft.server.log.appender.install.snapshot.enabled = false (custom)
2019-09-25 07:29:50,977 [pool-177-thread-1] INFO  impl.RaftServerImpl (ServerState.java:<init>(103)) - 126e81bc-97e3-46f8-a1e8-0e987d7c3458@group-78A16CE2287D: ConfigurationManager, init=-1: [126e81bc-97e3-46f8-a1e8-0e987d7c3458:192.168.151.106:35227], old=null, confs=<EMPTY_MAP>
2019-09-25 07:29:50,977 [pool-177-thread-1] INFO  server.RaftServerConfigKeys (ConfUtils.java:logGet(43)) - raft.server.storage.dir = [/workdir/hadoop-ozone/ozonefs/target/test-dir/MiniOzoneClusterImpl-a0a13e0f-1219-4868-bc3b-f345b2356b4a/datanode-0/data/ratis] (custom)
2019-09-25 07:29:50,978 [pool-177-thread-1] INFO  storage.RaftStorageDirectory (RaftStorageDirectory.java:analyzeStorage(246)) - The storage directory /workdir/hadoop-ozone/ozonefs/target/test-dir/MiniOzoneClusterImpl-a0a13e0f-1219-4868-bc3b-f345b2356b4a/datanode-0/data/ratis/4372dad0-009d-4a10-9713-78a16ce2287d does not exist. Creating ...
2019-09-25 07:29:51,000 [pool-177-thread-1] INFO  storage.RaftStorageDirectory (RaftStorageDirectory.java:tryLock(328)) - Lock on /workdir/hadoop-ozone/ozonefs/target/test-dir/MiniOzoneClusterImpl-a0a13e0f-1219-4868-bc3b-f345b2356b4a/datanode-0/data/ratis/4372dad0-009d-4a10-9713-78a16ce2287d/in_use.lock acquired by nodename 17738@pr-hdds-1569-x2sr2-3486766547
2019-09-25 07:29:51,024 [pool-177-thread-1] INFO  storage.RaftStorage (RaftStorage.java:format(72)) - Storage directory /workdir/hadoop-ozone/ozonefs/target/test-dir/MiniOzoneClusterImpl-a0a13e0f-1219-4868-bc3b-f345b2356b4a/datanode-0/data/ratis/4372dad0-009d-4a10-9713-78a16ce2287d has been successfully formatted.
2019-09-25 07:29:51,024 [pool-177-thread-1] INFO  ratis.ContainerStateMachine (ContainerStateMachine.java:loadSnapshot(230)) - group-78A16CE2287D: The snapshot info is null. Setting the last applied indexto:(t:0, i:~)
2019-09-25 07:29:51,024 [pool-177-thread-1] INFO  server.RaftServerConfigKeys (ConfUtils.java:logGet(43)) - raft.server.notification.no-leader.timeout = 120s (custom)
2019-09-25 07:29:51,024 [pool-177-thread-1] INFO  server.RaftServerConfigKeys (ConfUtils.java:logGet(43)) - raft.server.log.use.memory = false (default)
2019-09-25 07:29:51,025 [pool-177-thread-1] INFO  server.RaftServerConfigKeys (ConfUtils.java:logGet(43)) - raft.server.log.purge.gap = 1000000 (custom)
2019-09-25 07:29:51,025 [pool-177-thread-1] INFO  server.RaftServerConfigKeys (ConfUtils.java:logGet(43)) - raft.server.log.appender.buffer.byte-limit = 33554432 (custom)
2019-09-25 07:29:51,025 [pool-177-thread-1] INFO  server.RaftServerConfigKeys (ConfUtils.java:logGet(43)) - raft.server.log.segment.size.max = 1048576 (custom)
2019-09-25 07:29:51,025 [pool-177-thread-1] INFO  server.RaftServerConfigKeys (ConfUtils.java:logGet(43)) - raft.server.log.segment.cache.num.max = 2 (custom)
2019-09-25 07:29:51,025 [pool-177-thread-1] INFO  segmented.SegmentedRaftLogWorker (SegmentedRaftLogWorker.java:<init>(172)) - new 126e81bc-97e3-46f8-a1e8-0e987d7c3458@group-78A16CE2287D-SegmentedRaftLogWorker for RaftStorage:Storage Directory /workdir/hadoop-ozone/ozonefs/target/test-dir/MiniOzoneClusterImpl-a0a13e0f-1219-4868-bc3b-f345b2356b4a/datanode-0/data/ratis/4372dad0-009d-4a10-9713-78a16ce2287d
2019-09-25 07:29:51,025 [pool-177-thread-1] INFO  server.RaftServerConfigKeys (ConfUtils.java:logGet(43)) - raft.server.log.queue.byte-limit = 2147483647 (custom)
2019-09-25 07:29:51,026 [pool-177-thread-1] INFO  server.RaftServerConfigKeys (ConfUtils.java:logGet(43)) - raft.server.log.queue.element-limit = 1024 (custom)
2019-09-25 07:29:51,026 [pool-177-thread-1] INFO  server.RaftServerConfigKeys (ConfUtils.java:logGet(43)) - raft.server.log.segment.size.max = 1048576 (custom)
2019-09-25 07:29:51,026 [pool-177-thread-1] INFO  server.RaftServerConfigKeys (ConfUtils.java:logGet(43)) - raft.server.log.preallocated.size = 16384 (custom)
2019-09-25 07:29:51,026 [pool-177-thread-1] INFO  server.RaftServerConfigKeys (ConfUtils.java:logGet(43)) - raft.server.log.write.buffer.size = 33554432 (custom)
2019-09-25 07:29:51,026 [pool-177-thread-1] INFO  server.RaftServerConfigKeys (ConfUtils.java:logGet(43)) - raft.server.log.force.sync.num = 128 (default)
2019-09-25 07:29:51,026 [pool-177-thread-1] INFO  server.RaftServerConfigKeys (ConfUtils.java:logGet(43)) - raft.server.log.statemachine.data.sync = true (default)
2019-09-25 07:29:51,026 [pool-177-thread-1] INFO  server.RaftServerConfigKeys (ConfUtils.java:logGet(43)) - raft.server.log.statemachine.data.sync.timeout = 10s (default)
2019-09-25 07:29:51,027 [pool-177-thread-1] INFO  server.RaftServerConfigKeys (ConfUtils.java:logGet(43)) - raft.server.log.statemachine.data.sync.timeout.retry = -1 (default)
2019-09-25 07:29:51,027 [pool-177-thread-1] INFO  server.RaftServerConfigKeys (ConfUtils.java:logGet(43)) - raft.server.log.statemachine.data.caching.enabled = true (custom)
2019-09-25 07:29:51,027 [pool-177-thread-1] INFO  segmented.SegmentedRaftLogWorker (SegmentedRaftLogWorker.java:lambda$new$0(132)) - 126e81bc-97e3-46f8-a1e8-0e987d7c3458@group-78A16CE2287D-SegmentedRaftLogWorker: flushIndex: setUnconditionally 0 -> -1
2019-09-25 07:29:51,027 [pool-177-thread-1] INFO  server.RaftServerConfigKeys (ConfUtils.java:logGet(43)) - raft.server.snapshot.auto.trigger.enabled = true (custom)
2019-09-25 07:29:51,028 [pool-177-thread-1] INFO  server.RaftServerConfigKeys (ConfUtils.java:logGet(43)) - raft.server.snapshot.auto.trigger.threshold = 10000 (custom)
2019-09-25 07:29:51,028 [pool-177-thread-1] INFO  server.RaftServerConfigKeys (ConfUtils.java:logGet(43)) - raft.server.snapshot.retention.num.files = 5 (custom)
2019-09-25 07:29:51,028 [pool-177-thread-1] INFO  server.RaftServerConfigKeys (ConfUtils.java:logGet(43)) - raft.server.retrycache.expirytime = 600000ms (custom)
2019-09-25 07:29:51,029 [pool-177-thread-1] INFO  impl.RaftServerImpl (RaftServerImpl.java:start(185)) - 126e81bc-97e3-46f8-a1e8-0e987d7c3458@group-78A16CE2287D: start as a follower, conf=-1: [126e81bc-97e3-46f8-a1e8-0e987d7c3458:192.168.151.106:35227], old=null
2019-09-25 07:29:51,030 [pool-177-thread-1] INFO  impl.RaftServerImpl (RaftServerImpl.java:setRole(174)) - 126e81bc-97e3-46f8-a1e8-0e987d7c3458@group-78A16CE2287D: changes role from      null to FOLLOWER at term 0 for startAsFollower
2019-09-25 07:29:51,030 [pool-177-thread-1] INFO  impl.RoleInfo (RoleInfo.java:updateAndGet(143)) - 126e81bc-97e3-46f8-a1e8-0e987d7c3458: start FollowerState
2019-09-25 07:29:51,030 [pool-177-thread-1] INFO  util.JmxRegister (JmxRegister.java:tryRegister(44)) - Successfully registered JMX Bean with object name Ratis:service=RaftServer,group=group-78A16CE2287D,id=126e81bc-97e3-46f8-a1e8-0e987d7c3458
2019-09-25 07:29:51,033 [RatisPipelineUtilsThread] INFO  pipeline.PipelineStateManager (PipelineStateManager.java:addPipeline(56)) - Created pipeline Pipeline[ Id: 4372dad0-009d-4a10-9713-78a16ce2287d, Nodes: 126e81bc-97e3-46f8-a1e8-0e987d7c3458{ip: 192.168.151.106, host: pr-hdds-1569-x2sr2-3486766547, networkLocation: /default-rack, certSerialId: null}, Type:RATIS, Factor:ONE, State:OPEN]
2019-09-25 07:29:51,039 [grpc-default-executor-0] INFO  impl.RaftServerProxy (RaftServerProxy.java:addNew(89)) - 126e81bc-97e3-46f8-a1e8-0e987d7c3458: addNew group-638FCCD59FEE:[126e81bc-97e3-46f8-a1e8-0e987d7c3458:192.168.151.106:35227] returns group-638FCCD59FEE:java.util.concurrent.CompletableFuture@4877e5d7[Not completed]
2019-09-25 07:29:51,039 [pool-177-thread-1] INFO  impl.RaftServerImpl (RaftServerImpl.java:<init>(95)) - 126e81bc-97e3-46f8-a1e8-0e987d7c3458: new RaftServerImpl for group-638FCCD59FEE:[126e81bc-97e3-46f8-a1e8-0e987d7c3458:192.168.151.106:35227] with ContainerStateMachine:uninitialized
2019-09-25 07:29:51,040 [pool-177-thread-1] INFO  server.RaftServerConfigKeys (ConfUtils.java:logGet(43)) - raft.server.rpc.timeout.min = 5s (custom)
2019-09-25 07:29:51,040 [pool-177-thread-1] INFO  server.RaftServerConfigKeys (ConfUtils.java:logGet(43)) - raft.server.rpc.timeout.max = 5200ms (custom)
2019-09-25 07:29:51,040 [pool-177-thread-1] INFO  server.RaftServerConfigKeys (ConfUtils.java:logGet(43)) - raft.server.rpcslowness.timeout = 120s (custom)
2019-09-25 07:29:51,040 [pool-177-thread-1] INFO  server.RaftServerConfigKeys (ConfUtils.java:logGet(43)) - raft.server.sleep.deviation.threshold = 300 (default)
2019-09-25 07:29:51,040 [pool-177-thread-1] INFO  server.RaftServerConfigKeys (ConfUtils.java:logGet(43)) - raft.server.log.appender.install.snapshot.enabled = false (custom)
2019-09-25 07:29:51,040 [pool-177-thread-1] INFO  impl.RaftServerImpl (ServerState.java:<init>(103)) - 126e81bc-97e3-46f8-a1e8-0e987d7c3458@group-638FCCD59FEE: ConfigurationManager, init=-1: [126e81bc-97e3-46f8-a1e8-0e987d7c3458:192.168.151.106:35227], old=null, confs=<EMPTY_MAP>
2019-09-25 07:29:51,040 [pool-177-thread-1] INFO  server.RaftServerConfigKeys (ConfUtils.java:logGet(43)) - raft.server.storage.dir = [/workdir/hadoop-ozone/ozonefs/target/test-dir/MiniOzoneClusterImpl-a0a13e0f-1219-4868-bc3b-f345b2356b4a/datanode-0/data/ratis] (custom)
2019-09-25 07:29:51,041 [pool-177-thread-1] INFO  storage.RaftStorageDirectory (RaftStorageDirectory.java:analyzeStorage(246)) - The storage directory /workdir/hadoop-ozone/ozonefs/target/test-dir/MiniOzoneClusterImpl-a0a13e0f-1219-4868-bc3b-f345b2356b4a/datanode-0/data/ratis/f96faa3a-7c38-401d-854b-638fccd59fee does not exist. Creating ...
2019-09-25 07:29:51,078 [pool-177-thread-1] INFO  storage.RaftStorageDirectory (RaftStorageDirectory.java:tryLock(328)) - Lock on /workdir/hadoop-ozone/ozonefs/target/test-dir/MiniOzoneClusterImpl-a0a13e0f-1219-4868-bc3b-f345b2356b4a/datanode-0/data/ratis/f96faa3a-7c38-401d-854b-638fccd59fee/in_use.lock acquired by nodename 17738@pr-hdds-1569-x2sr2-3486766547
2019-09-25 07:29:51,103 [pool-177-thread-1] INFO  storage.RaftStorage (RaftStorage.java:format(72)) - Storage directory /workdir/hadoop-ozone/ozonefs/target/test-dir/MiniOzoneClusterImpl-a0a13e0f-1219-4868-bc3b-f345b2356b4a/datanode-0/data/ratis/f96faa3a-7c38-401d-854b-638fccd59fee has been successfully formatted.
2019-09-25 07:29:51,104 [pool-177-thread-1] INFO  ratis.ContainerStateMachine (ContainerStateMachine.java:loadSnapshot(230)) - group-638FCCD59FEE: The snapshot info is null. Setting the last applied indexto:(t:0, i:~)
2019-09-25 07:29:51,104 [pool-177-thread-1] INFO  server.RaftServerConfigKeys (ConfUtils.java:logGet(43)) - raft.server.notification.no-leader.timeout = 120s (custom)
2019-09-25 07:29:51,104 [pool-177-thread-1] INFO  server.RaftServerConfigKeys (ConfUtils.java:logGet(43)) - raft.server.log.use.memory = false (default)
2019-09-25 07:29:51,104 [pool-177-thread-1] INFO  server.RaftServerConfigKeys (ConfUtils.java:logGet(43)) - raft.server.log.purge.gap = 1000000 (custom)
2019-09-25 07:29:51,104 [pool-177-thread-1] INFO  server.RaftServerConfigKeys (ConfUtils.java:logGet(43)) - raft.server.log.appender.buffer.byte-limit = 33554432 (custom)
2019-09-25 07:29:51,105 [pool-177-thread-1] INFO  server.RaftServerConfigKeys (ConfUtils.java:logGet(43)) - raft.server.log.segment.size.max = 1048576 (custom)
2019-09-25 07:29:51,105 [pool-177-thread-1] INFO  server.RaftServerConfigKeys (ConfUtils.java:logGet(43)) - raft.server.log.segment.cache.num.max = 2 (custom)
2019-09-25 07:29:51,105 [pool-177-thread-1] INFO  segmented.SegmentedRaftLogWorker (SegmentedRaftLogWorker.java:<init>(172)) - new 126e81bc-97e3-46f8-a1e8-0e987d7c3458@group-638FCCD59FEE-SegmentedRaftLogWorker for RaftStorage:Storage Directory /workdir/hadoop-ozone/ozonefs/target/test-dir/MiniOzoneClusterImpl-a0a13e0f-1219-4868-bc3b-f345b2356b4a/datanode-0/data/ratis/f96faa3a-7c38-401d-854b-638fccd59fee
2019-09-25 07:29:51,105 [pool-177-thread-1] INFO  server.RaftServerConfigKeys (ConfUtils.java:logGet(43)) - raft.server.log.queue.byte-limit = 2147483647 (custom)
2019-09-25 07:29:51,105 [pool-177-thread-1] INFO  server.RaftServerConfigKeys (ConfUtils.java:logGet(43)) - raft.server.log.queue.element-limit = 1024 (custom)
2019-09-25 07:29:51,105 [pool-177-thread-1] INFO  server.RaftServerConfigKeys (ConfUtils.java:logGet(43)) - raft.server.log.segment.size.max = 1048576 (custom)
2019-09-25 07:29:51,106 [pool-177-thread-1] INFO  server.RaftServerConfigKeys (ConfUtils.java:logGet(43)) - raft.server.log.preallocated.size = 16384 (custom)
2019-09-25 07:29:51,106 [pool-177-thread-1] INFO  server.RaftServerConfigKeys (ConfUtils.java:logGet(43)) - raft.server.log.write.buffer.size = 33554432 (custom)
2019-09-25 07:29:51,106 [pool-177-thread-1] INFO  server.RaftServerConfigKeys (ConfUtils.java:logGet(43)) - raft.server.log.force.sync.num = 128 (default)
2019-09-25 07:29:51,106 [pool-177-thread-1] INFO  server.RaftServerConfigKeys (ConfUtils.java:logGet(43)) - raft.server.log.statemachine.data.sync = true (default)
2019-09-25 07:29:51,106 [pool-177-thread-1] INFO  server.RaftServerConfigKeys (ConfUtils.java:logGet(43)) - raft.server.log.statemachine.data.sync.timeout = 10s (default)
2019-09-25 07:29:51,106 [pool-177-thread-1] INFO  server.RaftServerConfigKeys (ConfUtils.java:logGet(43)) - raft.server.log.statemachine.data.sync.timeout.retry = -1 (default)
2019-09-25 07:29:51,107 [pool-177-thread-1] INFO  server.RaftServerConfigKeys (ConfUtils.java:logGet(43)) - raft.server.log.statemachine.data.caching.enabled = true (custom)
2019-09-25 07:29:51,107 [pool-177-thread-1] INFO  segmented.SegmentedRaftLogWorker (SegmentedRaftLogWorker.java:lambda$new$0(132)) - 126e81bc-97e3-46f8-a1e8-0e987d7c3458@group-638FCCD59FEE-SegmentedRaftLogWorker: flushIndex: setUnconditionally 0 -> -1
2019-09-25 07:29:51,107 [pool-177-thread-1] INFO  server.RaftServerConfigKeys (ConfUtils.java:logGet(43)) - raft.server.snapshot.auto.trigger.enabled = true (custom)
2019-09-25 07:29:51,107 [pool-177-thread-1] INFO  server.RaftServerConfigKeys (ConfUtils.java:logGet(43)) - raft.server.snapshot.auto.trigger.threshold = 10000 (custom)
2019-09-25 07:29:51,108 [pool-177-thread-1] INFO  server.RaftServerConfigKeys (ConfUtils.java:logGet(43)) - raft.server.snapshot.retention.num.files = 5 (custom)
2019-09-25 07:29:51,108 [pool-177-thread-1] INFO  server.RaftServerConfigKeys (ConfUtils.java:logGet(43)) - raft.server.retrycache.expirytime = 600000ms (custom)
2019-09-25 07:29:51,110 [pool-177-thread-1] INFO  impl.RaftServerImpl (RaftServerImpl.java:start(185)) - 126e81bc-97e3-46f8-a1e8-0e987d7c3458@group-638FCCD59FEE: start as a follower, conf=-1: [126e81bc-97e3-46f8-a1e8-0e987d7c3458:192.168.151.106:35227], old=null
2019-09-25 07:29:51,110 [pool-177-thread-1] INFO  impl.RaftServerImpl (RaftServerImpl.java:setRole(174)) - 126e81bc-97e3-46f8-a1e8-0e987d7c3458@group-638FCCD59FEE: changes role from      null to FOLLOWER at term 0 for startAsFollower
2019-09-25 07:29:51,110 [pool-177-thread-1] INFO  impl.RoleInfo (RoleInfo.java:updateAndGet(143)) - 126e81bc-97e3-46f8-a1e8-0e987d7c3458: start FollowerState
2019-09-25 07:29:51,110 [pool-177-thread-1] INFO  util.JmxRegister (JmxRegister.java:tryRegister(44)) - Successfully registered JMX Bean with object name Ratis:service=RaftServer,group=group-638FCCD59FEE,id=126e81bc-97e3-46f8-a1e8-0e987d7c3458
2019-09-25 07:29:51,113 [RatisPipelineUtilsThread] INFO  pipeline.PipelineStateManager (PipelineStateManager.java:addPipeline(56)) - Created pipeline Pipeline[ Id: f96faa3a-7c38-401d-854b-638fccd59fee, Nodes: 126e81bc-97e3-46f8-a1e8-0e987d7c3458{ip: 192.168.151.106, host: pr-hdds-1569-x2sr2-3486766547, networkLocation: /default-rack, certSerialId: null}, Type:RATIS, Factor:ONE, State:OPEN]
2019-09-25 07:29:51,113 [RatisPipelineUtilsThread] INFO  pipeline.PipelinePlacementPolicy (PipelinePlacementPolicy.java:meetCriteria(91)) - Pipeline Placement: can't place more pipeline on heavy datanode： 126e81bc-97e3-46f8-a1e8-0e987d7c3458 Heaviness: 6 limit: 5
2019-09-25 07:29:51,119 [grpc-default-executor-0] INFO  impl.RaftServerProxy (RaftServerProxy.java:addNew(89)) - 2fe7b077-4a7c-42ee-8783-920c916b7d94: addNew group-05B686EC7170:[2fe7b077-4a7c-42ee-8783-920c916b7d94:192.168.151.106:34898] returns group-05B686EC7170:java.util.concurrent.CompletableFuture@6b76f677[Not completed]
2019-09-25 07:29:51,120 [pool-197-thread-1] INFO  impl.RaftServerImpl (RaftServerImpl.java:<init>(95)) - 2fe7b077-4a7c-42ee-8783-920c916b7d94: new RaftServerImpl for group-05B686EC7170:[2fe7b077-4a7c-42ee-8783-920c916b7d94:192.168.151.106:34898] with ContainerStateMachine:uninitialized
2019-09-25 07:29:51,121 [pool-197-thread-1] INFO  server.RaftServerConfigKeys (ConfUtils.java:logGet(43)) - raft.server.rpc.timeout.min = 5s (custom)
2019-09-25 07:29:51,121 [pool-197-thread-1] INFO  server.RaftServerConfigKeys (ConfUtils.java:logGet(43)) - raft.server.rpc.timeout.max = 5200ms (custom)
2019-09-25 07:29:51,121 [pool-197-thread-1] INFO  server.RaftServerConfigKeys (ConfUtils.java:logGet(43)) - raft.server.rpcslowness.timeout = 120s (custom)
2019-09-25 07:29:51,121 [pool-197-thread-1] INFO  server.RaftServerConfigKeys (ConfUtils.java:logGet(43)) - raft.server.sleep.deviation.threshold = 300 (default)
2019-09-25 07:29:51,121 [pool-197-thread-1] INFO  server.RaftServerConfigKeys (ConfUtils.java:logGet(43)) - raft.server.log.appender.install.snapshot.enabled = false (custom)
2019-09-25 07:29:51,121 [pool-197-thread-1] INFO  impl.RaftServerImpl (ServerState.java:<init>(103)) - 2fe7b077-4a7c-42ee-8783-920c916b7d94@group-05B686EC7170: ConfigurationManager, init=-1: [2fe7b077-4a7c-42ee-8783-920c916b7d94:192.168.151.106:34898], old=null, confs=<EMPTY_MAP>
2019-09-25 07:29:51,121 [pool-197-thread-1] INFO  server.RaftServerConfigKeys (ConfUtils.java:logGet(43)) - raft.server.storage.dir = [/workdir/hadoop-ozone/ozonefs/target/test-dir/MiniOzoneClusterImpl-a0a13e0f-1219-4868-bc3b-f345b2356b4a/datanode-2/data/ratis] (custom)
2019-09-25 07:29:51,122 [pool-197-thread-1] INFO  storage.RaftStorageDirectory (RaftStorageDirectory.java:analyzeStorage(246)) - The storage directory /workdir/hadoop-ozone/ozonefs/target/test-dir/MiniOzoneClusterImpl-a0a13e0f-1219-4868-bc3b-f345b2356b4a/datanode-2/data/ratis/273e2197-706c-48c4-ac38-05b686ec7170 does not exist. Creating ...
2019-09-25 07:29:51,134 [pool-197-thread-1] INFO  storage.RaftStorageDirectory (RaftStorageDirectory.java:tryLock(328)) - Lock on /workdir/hadoop-ozone/ozonefs/target/test-dir/MiniOzoneClusterImpl-a0a13e0f-1219-4868-bc3b-f345b2356b4a/datanode-2/data/ratis/273e2197-706c-48c4-ac38-05b686ec7170/in_use.lock acquired by nodename 17738@pr-hdds-1569-x2sr2-3486766547
2019-09-25 07:29:51,147 [pool-197-thread-1] INFO  storage.RaftStorage (RaftStorage.java:format(72)) - Storage directory /workdir/hadoop-ozone/ozonefs/target/test-dir/MiniOzoneClusterImpl-a0a13e0f-1219-4868-bc3b-f345b2356b4a/datanode-2/data/ratis/273e2197-706c-48c4-ac38-05b686ec7170 has been successfully formatted.
2019-09-25 07:29:51,148 [pool-197-thread-1] INFO  ratis.ContainerStateMachine (ContainerStateMachine.java:loadSnapshot(230)) - group-05B686EC7170: The snapshot info is null. Setting the last applied indexto:(t:0, i:~)
2019-09-25 07:29:51,148 [pool-197-thread-1] INFO  server.RaftServerConfigKeys (ConfUtils.java:logGet(43)) - raft.server.notification.no-leader.timeout = 120s (custom)
2019-09-25 07:29:51,148 [pool-197-thread-1] INFO  server.RaftServerConfigKeys (ConfUtils.java:logGet(43)) - raft.server.log.use.memory = false (default)
2019-09-25 07:29:51,148 [pool-197-thread-1] INFO  server.RaftServerConfigKeys (ConfUtils.java:logGet(43)) - raft.server.log.purge.gap = 1000000 (custom)
2019-09-25 07:29:51,148 [pool-197-thread-1] INFO  server.RaftServerConfigKeys (ConfUtils.java:logGet(43)) - raft.server.log.appender.buffer.byte-limit = 33554432 (custom)
2019-09-25 07:29:51,148 [pool-197-thread-1] INFO  server.RaftServerConfigKeys (ConfUtils.java:logGet(43)) - raft.server.log.segment.size.max = 1048576 (custom)
2019-09-25 07:29:51,148 [pool-197-thread-1] INFO  server.RaftServerConfigKeys (ConfUtils.java:logGet(43)) - raft.server.log.segment.cache.num.max = 2 (custom)
2019-09-25 07:29:51,149 [pool-197-thread-1] INFO  segmented.SegmentedRaftLogWorker (SegmentedRaftLogWorker.java:<init>(172)) - new 2fe7b077-4a7c-42ee-8783-920c916b7d94@group-05B686EC7170-SegmentedRaftLogWorker for RaftStorage:Storage Directory /workdir/hadoop-ozone/ozonefs/target/test-dir/MiniOzoneClusterImpl-a0a13e0f-1219-4868-bc3b-f345b2356b4a/datanode-2/data/ratis/273e2197-706c-48c4-ac38-05b686ec7170
2019-09-25 07:29:51,149 [pool-197-thread-1] INFO  server.RaftServerConfigKeys (ConfUtils.java:logGet(43)) - raft.server.log.queue.byte-limit = 2147483647 (custom)
2019-09-25 07:29:51,149 [pool-197-thread-1] INFO  server.RaftServerConfigKeys (ConfUtils.java:logGet(43)) - raft.server.log.queue.element-limit = 1024 (custom)
2019-09-25 07:29:51,149 [pool-197-thread-1] INFO  server.RaftServerConfigKeys (ConfUtils.java:logGet(43)) - raft.server.log.segment.size.max = 1048576 (custom)
2019-09-25 07:29:51,149 [pool-197-thread-1] INFO  server.RaftServerConfigKeys (ConfUtils.java:logGet(43)) - raft.server.log.preallocated.size = 16384 (custom)
2019-09-25 07:29:51,149 [pool-197-thread-1] INFO  server.RaftServerConfigKeys (ConfUtils.java:logGet(43)) - raft.server.log.write.buffer.size = 33554432 (custom)
2019-09-25 07:29:51,149 [pool-197-thread-1] INFO  server.RaftServerConfigKeys (ConfUtils.java:logGet(43)) - raft.server.log.force.sync.num = 128 (default)
2019-09-25 07:29:51,150 [pool-197-thread-1] INFO  server.RaftServerConfigKeys (ConfUtils.java:logGet(43)) - raft.server.log.statemachine.data.sync = true (default)
2019-09-25 07:29:51,150 [pool-197-thread-1] INFO  server.RaftServerConfigKeys (ConfUtils.java:logGet(43)) - raft.server.log.statemachine.data.sync.timeout = 10s (default)
2019-09-25 07:29:51,150 [pool-197-thread-1] INFO  server.RaftServerConfigKeys (ConfUtils.java:logGet(43)) - raft.server.log.statemachine.data.sync.timeout.retry = -1 (default)
2019-09-25 07:29:51,150 [pool-197-thread-1] INFO  server.RaftServerConfigKeys (ConfUtils.java:logGet(43)) - raft.server.log.statemachine.data.caching.enabled = true (custom)
2019-09-25 07:29:51,150 [pool-197-thread-1] INFO  segmented.SegmentedRaftLogWorker (SegmentedRaftLogWorker.java:lambda$new$0(132)) - 2fe7b077-4a7c-42ee-8783-920c916b7d94@group-05B686EC7170-SegmentedRaftLogWorker: flushIndex: setUnconditionally 0 -> -1
2019-09-25 07:29:51,151 [pool-197-thread-1] INFO  server.RaftServerConfigKeys (ConfUtils.java:logGet(43)) - raft.server.snapshot.auto.trigger.enabled = true (custom)
2019-09-25 07:29:51,151 [pool-197-thread-1] INFO  server.RaftServerConfigKeys (ConfUtils.java:logGet(43)) - raft.server.snapshot.auto.trigger.threshold = 10000 (custom)
2019-09-25 07:29:51,151 [pool-197-thread-1] INFO  server.RaftServerConfigKeys (ConfUtils.java:logGet(43)) - raft.server.snapshot.retention.num.files = 5 (custom)
2019-09-25 07:29:51,151 [pool-197-thread-1] INFO  server.RaftServerConfigKeys (ConfUtils.java:logGet(43)) - raft.server.retrycache.expirytime = 600000ms (custom)
2019-09-25 07:29:51,153 [pool-197-thread-1] INFO  impl.RaftServerImpl (RaftServerImpl.java:start(185)) - 2fe7b077-4a7c-42ee-8783-920c916b7d94@group-05B686EC7170: start as a follower, conf=-1: [2fe7b077-4a7c-42ee-8783-920c916b7d94:192.168.151.106:34898], old=null
2019-09-25 07:29:51,153 [pool-197-thread-1] INFO  impl.RaftServerImpl (RaftServerImpl.java:setRole(174)) - 2fe7b077-4a7c-42ee-8783-920c916b7d94@group-05B686EC7170: changes role from      null to FOLLOWER at term 0 for startAsFollower
2019-09-25 07:29:51,153 [pool-197-thread-1] INFO  impl.RoleInfo (RoleInfo.java:updateAndGet(143)) - 2fe7b077-4a7c-42ee-8783-920c916b7d94: start FollowerState
2019-09-25 07:29:51,154 [pool-197-thread-1] INFO  util.JmxRegister (JmxRegister.java:tryRegister(44)) - Successfully registered JMX Bean with object name Ratis:service=RaftServer,group=group-05B686EC7170,id=2fe7b077-4a7c-42ee-8783-920c916b7d94
2019-09-25 07:29:51,156 [RatisPipelineUtilsThread] INFO  pipeline.PipelineStateManager (PipelineStateManager.java:addPipeline(56)) - Created pipeline Pipeline[ Id: 273e2197-706c-48c4-ac38-05b686ec7170, Nodes: 2fe7b077-4a7c-42ee-8783-920c916b7d94{ip: 192.168.151.106, host: pr-hdds-1569-x2sr2-3486766547, networkLocation: /default-rack, certSerialId: null}, Type:RATIS, Factor:ONE, State:OPEN]
2019-09-25 07:29:51,156 [RatisPipelineUtilsThread] INFO  pipeline.PipelinePlacementPolicy (PipelinePlacementPolicy.java:meetCriteria(91)) - Pipeline Placement: can't place more pipeline on heavy datanode： 126e81bc-97e3-46f8-a1e8-0e987d7c3458 Heaviness: 6 limit: 5
2019-09-25 07:29:51,163 [grpc-default-executor-0] INFO  impl.RaftServerProxy (RaftServerProxy.java:addNew(89)) - 2fe7b077-4a7c-42ee-8783-920c916b7d94: addNew group-88FE6C09F0B4:[2fe7b077-4a7c-42ee-8783-920c916b7d94:192.168.151.106:34898] returns group-88FE6C09F0B4:java.util.concurrent.CompletableFuture@3fab28b[Not completed]
2019-09-25 07:29:51,164 [pool-197-thread-1] INFO  impl.RaftServerImpl (RaftServerImpl.java:<init>(95)) - 2fe7b077-4a7c-42ee-8783-920c916b7d94: new RaftServerImpl for group-88FE6C09F0B4:[2fe7b077-4a7c-42ee-8783-920c916b7d94:192.168.151.106:34898] with ContainerStateMachine:uninitialized
2019-09-25 07:29:51,164 [pool-197-thread-1] INFO  server.RaftServerConfigKeys (ConfUtils.java:logGet(43)) - raft.server.rpc.timeout.min = 5s (custom)
2019-09-25 07:29:51,164 [pool-197-thread-1] INFO  server.RaftServerConfigKeys (ConfUtils.java:logGet(43)) - raft.server.rpc.timeout.max = 5200ms (custom)
2019-09-25 07:29:51,164 [pool-197-thread-1] INFO  server.RaftServerConfigKeys (ConfUtils.java:logGet(43)) - raft.server.rpcslowness.timeout = 120s (custom)
2019-09-25 07:29:51,164 [pool-197-thread-1] INFO  server.RaftServerConfigKeys (ConfUtils.java:logGet(43)) - raft.server.sleep.deviation.threshold = 300 (default)
2019-09-25 07:29:51,164 [pool-197-thread-1] INFO  server.RaftServerConfigKeys (ConfUtils.java:logGet(43)) - raft.server.log.appender.install.snapshot.enabled = false (custom)
2019-09-25 07:29:51,164 [pool-197-thread-1] INFO  impl.RaftServerImpl (ServerState.java:<init>(103)) - 2fe7b077-4a7c-42ee-8783-920c916b7d94@group-88FE6C09F0B4: ConfigurationManager, init=-1: [2fe7b077-4a7c-42ee-8783-920c916b7d94:192.168.151.106:34898], old=null, confs=<EMPTY_MAP>
2019-09-25 07:29:51,165 [pool-197-thread-1] INFO  server.RaftServerConfigKeys (ConfUtils.java:logGet(43)) - raft.server.storage.dir = [/workdir/hadoop-ozone/ozonefs/target/test-dir/MiniOzoneClusterImpl-a0a13e0f-1219-4868-bc3b-f345b2356b4a/datanode-2/data/ratis] (custom)
2019-09-25 07:29:51,165 [pool-197-thread-1] INFO  storage.RaftStorageDirectory (RaftStorageDirectory.java:analyzeStorage(246)) - The storage directory /workdir/hadoop-ozone/ozonefs/target/test-dir/MiniOzoneClusterImpl-a0a13e0f-1219-4868-bc3b-f345b2356b4a/datanode-2/data/ratis/417e3cca-a2f6-409f-a11f-88fe6c09f0b4 does not exist. Creating ...
2019-09-25 07:29:51,179 [pool-197-thread-1] INFO  storage.RaftStorageDirectory (RaftStorageDirectory.java:tryLock(328)) - Lock on /workdir/hadoop-ozone/ozonefs/target/test-dir/MiniOzoneClusterImpl-a0a13e0f-1219-4868-bc3b-f345b2356b4a/datanode-2/data/ratis/417e3cca-a2f6-409f-a11f-88fe6c09f0b4/in_use.lock acquired by nodename 17738@pr-hdds-1569-x2sr2-3486766547
2019-09-25 07:29:51,192 [pool-197-thread-1] INFO  storage.RaftStorage (RaftStorage.java:format(72)) - Storage directory /workdir/hadoop-ozone/ozonefs/target/test-dir/MiniOzoneClusterImpl-a0a13e0f-1219-4868-bc3b-f345b2356b4a/datanode-2/data/ratis/417e3cca-a2f6-409f-a11f-88fe6c09f0b4 has been successfully formatted.
2019-09-25 07:29:51,192 [pool-197-thread-1] INFO  ratis.ContainerStateMachine (ContainerStateMachine.java:loadSnapshot(230)) - group-88FE6C09F0B4: The snapshot info is null. Setting the last applied indexto:(t:0, i:~)
2019-09-25 07:29:51,193 [pool-197-thread-1] INFO  server.RaftServerConfigKeys (ConfUtils.java:logGet(43)) - raft.server.notification.no-leader.timeout = 120s (custom)
2019-09-25 07:29:51,193 [pool-197-thread-1] INFO  server.RaftServerConfigKeys (ConfUtils.java:logGet(43)) - raft.server.log.use.memory = false (default)
2019-09-25 07:29:51,193 [pool-197-thread-1] INFO  server.RaftServerConfigKeys (ConfUtils.java:logGet(43)) - raft.server.log.purge.gap = 1000000 (custom)
2019-09-25 07:29:51,193 [pool-197-thread-1] INFO  server.RaftServerConfigKeys (ConfUtils.java:logGet(43)) - raft.server.log.appender.buffer.byte-limit = 33554432 (custom)
2019-09-25 07:29:51,193 [pool-197-thread-1] INFO  server.RaftServerConfigKeys (ConfUtils.java:logGet(43)) - raft.server.log.segment.size.max = 1048576 (custom)
2019-09-25 07:29:51,193 [pool-197-thread-1] INFO  server.RaftServerConfigKeys (ConfUtils.java:logGet(43)) - raft.server.log.segment.cache.num.max = 2 (custom)
2019-09-25 07:29:51,193 [pool-197-thread-1] INFO  segmented.SegmentedRaftLogWorker (SegmentedRaftLogWorker.java:<init>(172)) - new 2fe7b077-4a7c-42ee-8783-920c916b7d94@group-88FE6C09F0B4-SegmentedRaftLogWorker for RaftStorage:Storage Directory /workdir/hadoop-ozone/ozonefs/target/test-dir/MiniOzoneClusterImpl-a0a13e0f-1219-4868-bc3b-f345b2356b4a/datanode-2/data/ratis/417e3cca-a2f6-409f-a11f-88fe6c09f0b4
2019-09-25 07:29:51,194 [pool-197-thread-1] INFO  server.RaftServerConfigKeys (ConfUtils.java:logGet(43)) - raft.server.log.queue.byte-limit = 2147483647 (custom)
2019-09-25 07:29:51,194 [pool-197-thread-1] INFO  server.RaftServerConfigKeys (ConfUtils.java:logGet(43)) - raft.server.log.queue.element-limit = 1024 (custom)
2019-09-25 07:29:51,194 [pool-197-thread-1] INFO  server.RaftServerConfigKeys (ConfUtils.java:logGet(43)) - raft.server.log.segment.size.max = 1048576 (custom)
2019-09-25 07:29:51,194 [pool-197-thread-1] INFO  server.RaftServerConfigKeys (ConfUtils.java:logGet(43)) - raft.server.log.preallocated.size = 16384 (custom)
2019-09-25 07:29:51,194 [pool-197-thread-1] INFO  server.RaftServerConfigKeys (ConfUtils.java:logGet(43)) - raft.server.log.write.buffer.size = 33554432 (custom)
2019-09-25 07:29:51,194 [pool-197-thread-1] INFO  server.RaftServerConfigKeys (ConfUtils.java:logGet(43)) - raft.server.log.force.sync.num = 128 (default)
2019-09-25 07:29:51,194 [pool-197-thread-1] INFO  server.RaftServerConfigKeys (ConfUtils.java:logGet(43)) - raft.server.log.statemachine.data.sync = true (default)
2019-09-25 07:29:51,194 [pool-197-thread-1] INFO  server.RaftServerConfigKeys (ConfUtils.java:logGet(43)) - raft.server.log.statemachine.data.sync.timeout = 10s (default)
2019-09-25 07:29:51,195 [pool-197-thread-1] INFO  server.RaftServerConfigKeys (ConfUtils.java:logGet(43)) - raft.server.log.statemachine.data.sync.timeout.retry = -1 (default)
2019-09-25 07:29:51,195 [pool-197-thread-1] INFO  server.RaftServerConfigKeys (ConfUtils.java:logGet(43)) - raft.server.log.statemachine.data.caching.enabled = true (custom)
2019-09-25 07:29:51,195 [pool-197-thread-1] INFO  segmented.SegmentedRaftLogWorker (SegmentedRaftLogWorker.java:lambda$new$0(132)) - 2fe7b077-4a7c-42ee-8783-920c916b7d94@group-88FE6C09F0B4-SegmentedRaftLogWorker: flushIndex: setUnconditionally 0 -> -1
2019-09-25 07:29:51,195 [pool-197-thread-1] INFO  server.RaftServerConfigKeys (ConfUtils.java:logGet(43)) - raft.server.snapshot.auto.trigger.enabled = true (custom)
2019-09-25 07:29:51,195 [pool-197-thread-1] INFO  server.RaftServerConfigKeys (ConfUtils.java:logGet(43)) - raft.server.snapshot.auto.trigger.threshold = 10000 (custom)
2019-09-25 07:29:51,196 [pool-197-thread-1] INFO  server.RaftServerConfigKeys (ConfUtils.java:logGet(43)) - raft.server.snapshot.retention.num.files = 5 (custom)
2019-09-25 07:29:51,196 [pool-197-thread-1] INFO  server.RaftServerConfigKeys (ConfUtils.java:logGet(43)) - raft.server.retrycache.expirytime = 600000ms (custom)
2019-09-25 07:29:51,197 [pool-197-thread-1] INFO  impl.RaftServerImpl (RaftServerImpl.java:start(185)) - 2fe7b077-4a7c-42ee-8783-920c916b7d94@group-88FE6C09F0B4: start as a follower, conf=-1: [2fe7b077-4a7c-42ee-8783-920c916b7d94:192.168.151.106:34898], old=null
2019-09-25 07:29:51,198 [pool-197-thread-1] INFO  impl.RaftServerImpl (RaftServerImpl.java:setRole(174)) - 2fe7b077-4a7c-42ee-8783-920c916b7d94@group-88FE6C09F0B4: changes role from      null to FOLLOWER at term 0 for startAsFollower
2019-09-25 07:29:51,198 [pool-197-thread-1] INFO  impl.RoleInfo (RoleInfo.java:updateAndGet(143)) - 2fe7b077-4a7c-42ee-8783-920c916b7d94: start FollowerState
2019-09-25 07:29:51,198 [pool-197-thread-1] INFO  util.JmxRegister (JmxRegister.java:tryRegister(44)) - Successfully registered JMX Bean with object name Ratis:service=RaftServer,group=group-88FE6C09F0B4,id=2fe7b077-4a7c-42ee-8783-920c916b7d94
2019-09-25 07:29:51,201 [RatisPipelineUtilsThread] INFO  pipeline.PipelineStateManager (PipelineStateManager.java:addPipeline(56)) - Created pipeline Pipeline[ Id: 417e3cca-a2f6-409f-a11f-88fe6c09f0b4, Nodes: 2fe7b077-4a7c-42ee-8783-920c916b7d94{ip: 192.168.151.106, host: pr-hdds-1569-x2sr2-3486766547, networkLocation: /default-rack, certSerialId: null}, Type:RATIS, Factor:ONE, State:OPEN]
2019-09-25 07:29:51,202 [RatisPipelineUtilsThread] INFO  pipeline.PipelinePlacementPolicy (PipelinePlacementPolicy.java:meetCriteria(91)) - Pipeline Placement: can't place more pipeline on heavy datanode： 126e81bc-97e3-46f8-a1e8-0e987d7c3458 Heaviness: 6 limit: 5
2019-09-25 07:29:51,207 [grpc-default-executor-0] INFO  impl.RaftServerProxy (RaftServerProxy.java:addNew(89)) - a19a6886-cb81-4302-a38d-47405969e88d: addNew group-7F926D2B2C0C:[a19a6886-cb81-4302-a38d-47405969e88d:192.168.151.106:43087] returns group-7F926D2B2C0C:java.util.concurrent.CompletableFuture@37783927[Not completed]
2019-09-25 07:29:51,208 [pool-187-thread-1] INFO  impl.RaftServerImpl (RaftServerImpl.java:<init>(95)) - a19a6886-cb81-4302-a38d-47405969e88d: new RaftServerImpl for group-7F926D2B2C0C:[a19a6886-cb81-4302-a38d-47405969e88d:192.168.151.106:43087] with ContainerStateMachine:uninitialized
2019-09-25 07:29:51,208 [pool-187-thread-1] INFO  server.RaftServerConfigKeys (ConfUtils.java:logGet(43)) - raft.server.rpc.timeout.min = 5s (custom)
2019-09-25 07:29:51,208 [pool-187-thread-1] INFO  server.RaftServerConfigKeys (ConfUtils.java:logGet(43)) - raft.server.rpc.timeout.max = 5200ms (custom)
2019-09-25 07:29:51,208 [pool-187-thread-1] INFO  server.RaftServerConfigKeys (ConfUtils.java:logGet(43)) - raft.server.rpcslowness.timeout = 120s (custom)
2019-09-25 07:29:51,208 [pool-187-thread-1] INFO  server.RaftServerConfigKeys (ConfUtils.java:logGet(43)) - raft.server.sleep.deviation.threshold = 300 (default)
2019-09-25 07:29:51,208 [pool-187-thread-1] INFO  server.RaftServerConfigKeys (ConfUtils.java:logGet(43)) - raft.server.log.appender.install.snapshot.enabled = false (custom)
2019-09-25 07:29:51,208 [pool-187-thread-1] INFO  impl.RaftServerImpl (ServerState.java:<init>(103)) - a19a6886-cb81-4302-a38d-47405969e88d@group-7F926D2B2C0C: ConfigurationManager, init=-1: [a19a6886-cb81-4302-a38d-47405969e88d:192.168.151.106:43087], old=null, confs=<EMPTY_MAP>
2019-09-25 07:29:51,209 [pool-187-thread-1] INFO  server.RaftServerConfigKeys (ConfUtils.java:logGet(43)) - raft.server.storage.dir = [/workdir/hadoop-ozone/ozonefs/target/test-dir/MiniOzoneClusterImpl-a0a13e0f-1219-4868-bc3b-f345b2356b4a/datanode-1/data/ratis] (custom)
2019-09-25 07:29:51,209 [pool-187-thread-1] INFO  storage.RaftStorageDirectory (RaftStorageDirectory.java:analyzeStorage(246)) - The storage directory /workdir/hadoop-ozone/ozonefs/target/test-dir/MiniOzoneClusterImpl-a0a13e0f-1219-4868-bc3b-f345b2356b4a/datanode-1/data/ratis/068979e6-aa2a-4a66-aae9-7f926d2b2c0c does not exist. Creating ...
2019-09-25 07:29:51,217 [pool-187-thread-1] INFO  storage.RaftStorageDirectory (RaftStorageDirectory.java:tryLock(328)) - Lock on /workdir/hadoop-ozone/ozonefs/target/test-dir/MiniOzoneClusterImpl-a0a13e0f-1219-4868-bc3b-f345b2356b4a/datanode-1/data/ratis/068979e6-aa2a-4a66-aae9-7f926d2b2c0c/in_use.lock acquired by nodename 17738@pr-hdds-1569-x2sr2-3486766547
2019-09-25 07:29:51,229 [pool-187-thread-1] INFO  storage.RaftStorage (RaftStorage.java:format(72)) - Storage directory /workdir/hadoop-ozone/ozonefs/target/test-dir/MiniOzoneClusterImpl-a0a13e0f-1219-4868-bc3b-f345b2356b4a/datanode-1/data/ratis/068979e6-aa2a-4a66-aae9-7f926d2b2c0c has been successfully formatted.
2019-09-25 07:29:51,229 [pool-187-thread-1] INFO  ratis.ContainerStateMachine (ContainerStateMachine.java:loadSnapshot(230)) - group-7F926D2B2C0C: The snapshot info is null. Setting the last applied indexto:(t:0, i:~)
2019-09-25 07:29:51,229 [pool-187-thread-1] INFO  server.RaftServerConfigKeys (ConfUtils.java:logGet(43)) - raft.server.notification.no-leader.timeout = 120s (custom)
2019-09-25 07:29:51,229 [pool-187-thread-1] INFO  server.RaftServerConfigKeys (ConfUtils.java:logGet(43)) - raft.server.log.use.memory = false (default)
2019-09-25 07:29:51,229 [pool-187-thread-1] INFO  server.RaftServerConfigKeys (ConfUtils.java:logGet(43)) - raft.server.log.purge.gap = 1000000 (custom)
2019-09-25 07:29:51,229 [pool-187-thread-1] INFO  server.RaftServerConfigKeys (ConfUtils.java:logGet(43)) - raft.server.log.appender.buffer.byte-limit = 33554432 (custom)
2019-09-25 07:29:51,229 [pool-187-thread-1] INFO  server.RaftServerConfigKeys (ConfUtils.java:logGet(43)) - raft.server.log.segment.size.max = 1048576 (custom)
2019-09-25 07:29:51,230 [pool-187-thread-1] INFO  server.RaftServerConfigKeys (ConfUtils.java:logGet(43)) - raft.server.log.segment.cache.num.max = 2 (custom)
2019-09-25 07:29:51,230 [pool-187-thread-1] INFO  segmented.SegmentedRaftLogWorker (SegmentedRaftLogWorker.java:<init>(172)) - new a19a6886-cb81-4302-a38d-47405969e88d@group-7F926D2B2C0C-SegmentedRaftLogWorker for RaftStorage:Storage Directory /workdir/hadoop-ozone/ozonefs/target/test-dir/MiniOzoneClusterImpl-a0a13e0f-1219-4868-bc3b-f345b2356b4a/datanode-1/data/ratis/068979e6-aa2a-4a66-aae9-7f926d2b2c0c
2019-09-25 07:29:51,230 [pool-187-thread-1] INFO  server.RaftServerConfigKeys (ConfUtils.java:logGet(43)) - raft.server.log.queue.byte-limit = 2147483647 (custom)
2019-09-25 07:29:51,230 [pool-187-thread-1] INFO  server.RaftServerConfigKeys (ConfUtils.java:logGet(43)) - raft.server.log.queue.element-limit = 1024 (custom)
2019-09-25 07:29:51,230 [pool-187-thread-1] INFO  server.RaftServerConfigKeys (ConfUtils.java:logGet(43)) - raft.server.log.segment.size.max = 1048576 (custom)
2019-09-25 07:29:51,230 [pool-187-thread-1] INFO  server.RaftServerConfigKeys (ConfUtils.java:logGet(43)) - raft.server.log.preallocated.size = 16384 (custom)
2019-09-25 07:29:51,230 [pool-187-thread-1] INFO  server.RaftServerConfigKeys (ConfUtils.java:logGet(43)) - raft.server.log.write.buffer.size = 33554432 (custom)
2019-09-25 07:29:51,230 [pool-187-thread-1] INFO  server.RaftServerConfigKeys (ConfUtils.java:logGet(43)) - raft.server.log.force.sync.num = 128 (default)
2019-09-25 07:29:51,231 [pool-187-thread-1] INFO  server.RaftServerConfigKeys (ConfUtils.java:logGet(43)) - raft.server.log.statemachine.data.sync = true (default)
2019-09-25 07:29:51,231 [pool-187-thread-1] INFO  server.RaftServerConfigKeys (ConfUtils.java:logGet(43)) - raft.server.log.statemachine.data.sync.timeout = 10s (default)
2019-09-25 07:29:51,231 [pool-187-thread-1] INFO  server.RaftServerConfigKeys (ConfUtils.java:logGet(43)) - raft.server.log.statemachine.data.sync.timeout.retry = -1 (default)
2019-09-25 07:29:51,231 [pool-187-thread-1] INFO  server.RaftServerConfigKeys (ConfUtils.java:logGet(43)) - raft.server.log.statemachine.data.caching.enabled = true (custom)
2019-09-25 07:29:51,231 [pool-187-thread-1] INFO  segmented.SegmentedRaftLogWorker (SegmentedRaftLogWorker.java:lambda$new$0(132)) - a19a6886-cb81-4302-a38d-47405969e88d@group-7F926D2B2C0C-SegmentedRaftLogWorker: flushIndex: setUnconditionally 0 -> -1
2019-09-25 07:29:51,232 [pool-187-thread-1] INFO  server.RaftServerConfigKeys (ConfUtils.java:logGet(43)) - raft.server.snapshot.auto.trigger.enabled = true (custom)
2019-09-25 07:29:51,232 [pool-187-thread-1] INFO  server.RaftServerConfigKeys (ConfUtils.java:logGet(43)) - raft.server.snapshot.auto.trigger.threshold = 10000 (custom)
2019-09-25 07:29:51,232 [pool-187-thread-1] INFO  server.RaftServerConfigKeys (ConfUtils.java:logGet(43)) - raft.server.snapshot.retention.num.files = 5 (custom)
2019-09-25 07:29:51,232 [pool-187-thread-1] INFO  server.RaftServerConfigKeys (ConfUtils.java:logGet(43)) - raft.server.retrycache.expirytime = 600000ms (custom)
2019-09-25 07:29:51,233 [pool-187-thread-1] INFO  impl.RaftServerImpl (RaftServerImpl.java:start(185)) - a19a6886-cb81-4302-a38d-47405969e88d@group-7F926D2B2C0C: start as a follower, conf=-1: [a19a6886-cb81-4302-a38d-47405969e88d:192.168.151.106:43087], old=null
2019-09-25 07:29:51,233 [pool-187-thread-1] INFO  impl.RaftServerImpl (RaftServerImpl.java:setRole(174)) - a19a6886-cb81-4302-a38d-47405969e88d@group-7F926D2B2C0C: changes role from      null to FOLLOWER at term 0 for startAsFollower
2019-09-25 07:29:51,234 [pool-187-thread-1] INFO  impl.RoleInfo (RoleInfo.java:updateAndGet(143)) - a19a6886-cb81-4302-a38d-47405969e88d: start FollowerState
2019-09-25 07:29:51,234 [pool-187-thread-1] INFO  util.JmxRegister (JmxRegister.java:tryRegister(44)) - Successfully registered JMX Bean with object name Ratis:service=RaftServer,group=group-7F926D2B2C0C,id=a19a6886-cb81-4302-a38d-47405969e88d
2019-09-25 07:29:51,236 [RatisPipelineUtilsThread] INFO  pipeline.PipelineStateManager (PipelineStateManager.java:addPipeline(56)) - Created pipeline Pipeline[ Id: 068979e6-aa2a-4a66-aae9-7f926d2b2c0c, Nodes: a19a6886-cb81-4302-a38d-47405969e88d{ip: 192.168.151.106, host: pr-hdds-1569-x2sr2-3486766547, networkLocation: /default-rack, certSerialId: null}, Type:RATIS, Factor:ONE, State:OPEN]
2019-09-25 07:29:51,237 [RatisPipelineUtilsThread] INFO  pipeline.PipelinePlacementPolicy (PipelinePlacementPolicy.java:meetCriteria(91)) - Pipeline Placement: can't place more pipeline on heavy datanode： 126e81bc-97e3-46f8-a1e8-0e987d7c3458 Heaviness: 6 limit: 5
2019-09-25 07:29:51,242 [grpc-default-executor-0] INFO  impl.RaftServerProxy (RaftServerProxy.java:addNew(89)) - 2fe7b077-4a7c-42ee-8783-920c916b7d94: addNew group-3BC68094D9E2:[2fe7b077-4a7c-42ee-8783-920c916b7d94:192.168.151.106:34898] returns group-3BC68094D9E2:java.util.concurrent.CompletableFuture@3001d705[Not completed]
2019-09-25 07:29:51,242 [pool-197-thread-1] INFO  impl.RaftServerImpl (RaftServerImpl.java:<init>(95)) - 2fe7b077-4a7c-42ee-8783-920c916b7d94: new RaftServerImpl for group-3BC68094D9E2:[2fe7b077-4a7c-42ee-8783-920c916b7d94:192.168.151.106:34898] with ContainerStateMachine:uninitialized
2019-09-25 07:29:51,243 [pool-197-thread-1] INFO  server.RaftServerConfigKeys (ConfUtils.java:logGet(43)) - raft.server.rpc.timeout.min = 5s (custom)
2019-09-25 07:29:51,243 [pool-197-thread-1] INFO  server.RaftServerConfigKeys (ConfUtils.java:logGet(43)) - raft.server.rpc.timeout.max = 5200ms (custom)
2019-09-25 07:29:51,243 [pool-197-thread-1] INFO  server.RaftServerConfigKeys (ConfUtils.java:logGet(43)) - raft.server.rpcslowness.timeout = 120s (custom)
2019-09-25 07:29:51,243 [pool-197-thread-1] INFO  server.RaftServerConfigKeys (ConfUtils.java:logGet(43)) - raft.server.sleep.deviation.threshold = 300 (default)
2019-09-25 07:29:51,243 [pool-197-thread-1] INFO  server.RaftServerConfigKeys (ConfUtils.java:logGet(43)) - raft.server.log.appender.install.snapshot.enabled = false (custom)
2019-09-25 07:29:51,243 [pool-197-thread-1] INFO  impl.RaftServerImpl (ServerState.java:<init>(103)) - 2fe7b077-4a7c-42ee-8783-920c916b7d94@group-3BC68094D9E2: ConfigurationManager, init=-1: [2fe7b077-4a7c-42ee-8783-920c916b7d94:192.168.151.106:34898], old=null, confs=<EMPTY_MAP>
2019-09-25 07:29:51,243 [pool-197-thread-1] INFO  server.RaftServerConfigKeys (ConfUtils.java:logGet(43)) - raft.server.storage.dir = [/workdir/hadoop-ozone/ozonefs/target/test-dir/MiniOzoneClusterImpl-a0a13e0f-1219-4868-bc3b-f345b2356b4a/datanode-2/data/ratis] (custom)
2019-09-25 07:29:51,244 [pool-197-thread-1] INFO  storage.RaftStorageDirectory (RaftStorageDirectory.java:analyzeStorage(246)) - The storage directory /workdir/hadoop-ozone/ozonefs/target/test-dir/MiniOzoneClusterImpl-a0a13e0f-1219-4868-bc3b-f345b2356b4a/datanode-2/data/ratis/7ebeb599-6574-4119-ab71-3bc68094d9e2 does not exist. Creating ...
2019-09-25 07:29:51,268 [pool-197-thread-1] INFO  storage.RaftStorageDirectory (RaftStorageDirectory.java:tryLock(328)) - Lock on /workdir/hadoop-ozone/ozonefs/target/test-dir/MiniOzoneClusterImpl-a0a13e0f-1219-4868-bc3b-f345b2356b4a/datanode-2/data/ratis/7ebeb599-6574-4119-ab71-3bc68094d9e2/in_use.lock acquired by nodename 17738@pr-hdds-1569-x2sr2-3486766547
2019-09-25 07:29:51,282 [pool-197-thread-1] INFO  storage.RaftStorage (RaftStorage.java:format(72)) - Storage directory /workdir/hadoop-ozone/ozonefs/target/test-dir/MiniOzoneClusterImpl-a0a13e0f-1219-4868-bc3b-f345b2356b4a/datanode-2/data/ratis/7ebeb599-6574-4119-ab71-3bc68094d9e2 has been successfully formatted.
2019-09-25 07:29:51,282 [pool-197-thread-1] INFO  ratis.ContainerStateMachine (ContainerStateMachine.java:loadSnapshot(230)) - group-3BC68094D9E2: The snapshot info is null. Setting the last applied indexto:(t:0, i:~)
2019-09-25 07:29:51,282 [pool-197-thread-1] INFO  server.RaftServerConfigKeys (ConfUtils.java:logGet(43)) - raft.server.notification.no-leader.timeout = 120s (custom)
2019-09-25 07:29:51,283 [pool-197-thread-1] INFO  server.RaftServerConfigKeys (ConfUtils.java:logGet(43)) - raft.server.log.use.memory = false (default)
2019-09-25 07:29:51,283 [pool-197-thread-1] INFO  server.RaftServerConfigKeys (ConfUtils.java:logGet(43)) - raft.server.log.purge.gap = 1000000 (custom)
2019-09-25 07:29:51,283 [pool-197-thread-1] INFO  server.RaftServerConfigKeys (ConfUtils.java:logGet(43)) - raft.server.log.appender.buffer.byte-limit = 33554432 (custom)
2019-09-25 07:29:51,283 [pool-197-thread-1] INFO  server.RaftServerConfigKeys (ConfUtils.java:logGet(43)) - raft.server.log.segment.size.max = 1048576 (custom)
2019-09-25 07:29:51,283 [pool-197-thread-1] INFO  server.RaftServerConfigKeys (ConfUtils.java:logGet(43)) - raft.server.log.segment.cache.num.max = 2 (custom)
2019-09-25 07:29:51,283 [pool-197-thread-1] INFO  segmented.SegmentedRaftLogWorker (SegmentedRaftLogWorker.java:<init>(172)) - new 2fe7b077-4a7c-42ee-8783-920c916b7d94@group-3BC68094D9E2-SegmentedRaftLogWorker for RaftStorage:Storage Directory /workdir/hadoop-ozone/ozonefs/target/test-dir/MiniOzoneClusterImpl-a0a13e0f-1219-4868-bc3b-f345b2356b4a/datanode-2/data/ratis/7ebeb599-6574-4119-ab71-3bc68094d9e2
2019-09-25 07:29:51,284 [pool-197-thread-1] INFO  server.RaftServerConfigKeys (ConfUtils.java:logGet(43)) - raft.server.log.queue.byte-limit = 2147483647 (custom)
2019-09-25 07:29:51,284 [pool-197-thread-1] INFO  server.RaftServerConfigKeys (ConfUtils.java:logGet(43)) - raft.server.log.queue.element-limit = 1024 (custom)
2019-09-25 07:29:51,284 [pool-197-thread-1] INFO  server.RaftServerConfigKeys (ConfUtils.java:logGet(43)) - raft.server.log.segment.size.max = 1048576 (custom)
2019-09-25 07:29:51,284 [pool-197-thread-1] INFO  server.RaftServerConfigKeys (ConfUtils.java:logGet(43)) - raft.server.log.preallocated.size = 16384 (custom)
2019-09-25 07:29:51,284 [pool-197-thread-1] INFO  server.RaftServerConfigKeys (ConfUtils.java:logGet(43)) - raft.server.log.write.buffer.size = 33554432 (custom)
2019-09-25 07:29:51,284 [pool-197-thread-1] INFO  server.RaftServerConfigKeys (ConfUtils.java:logGet(43)) - raft.server.log.force.sync.num = 128 (default)
2019-09-25 07:29:51,284 [pool-197-thread-1] INFO  server.RaftServerConfigKeys (ConfUtils.java:logGet(43)) - raft.server.log.statemachine.data.sync = true (default)
2019-09-25 07:29:51,285 [pool-197-thread-1] INFO  server.RaftServerConfigKeys (ConfUtils.java:logGet(43)) - raft.server.log.statemachine.data.sync.timeout = 10s (default)
2019-09-25 07:29:51,285 [pool-197-thread-1] INFO  server.RaftServerConfigKeys (ConfUtils.java:logGet(43)) - raft.server.log.statemachine.data.sync.timeout.retry = -1 (default)
2019-09-25 07:29:51,285 [pool-197-thread-1] INFO  server.RaftServerConfigKeys (ConfUtils.java:logGet(43)) - raft.server.log.statemachine.data.caching.enabled = true (custom)
2019-09-25 07:29:51,285 [pool-197-thread-1] INFO  segmented.SegmentedRaftLogWorker (SegmentedRaftLogWorker.java:lambda$new$0(132)) - 2fe7b077-4a7c-42ee-8783-920c916b7d94@group-3BC68094D9E2-SegmentedRaftLogWorker: flushIndex: setUnconditionally 0 -> -1
2019-09-25 07:29:51,286 [pool-197-thread-1] INFO  server.RaftServerConfigKeys (ConfUtils.java:logGet(43)) - raft.server.snapshot.auto.trigger.enabled = true (custom)
2019-09-25 07:29:51,286 [pool-197-thread-1] INFO  server.RaftServerConfigKeys (ConfUtils.java:logGet(43)) - raft.server.snapshot.auto.trigger.threshold = 10000 (custom)
2019-09-25 07:29:51,286 [pool-197-thread-1] INFO  server.RaftServerConfigKeys (ConfUtils.java:logGet(43)) - raft.server.snapshot.retention.num.files = 5 (custom)
2019-09-25 07:29:51,286 [pool-197-thread-1] INFO  server.RaftServerConfigKeys (ConfUtils.java:logGet(43)) - raft.server.retrycache.expirytime = 600000ms (custom)
2019-09-25 07:29:51,288 [pool-197-thread-1] INFO  impl.RaftServerImpl (RaftServerImpl.java:start(185)) - 2fe7b077-4a7c-42ee-8783-920c916b7d94@group-3BC68094D9E2: start as a follower, conf=-1: [2fe7b077-4a7c-42ee-8783-920c916b7d94:192.168.151.106:34898], old=null
2019-09-25 07:29:51,289 [pool-197-thread-1] INFO  impl.RaftServerImpl (RaftServerImpl.java:setRole(174)) - 2fe7b077-4a7c-42ee-8783-920c916b7d94@group-3BC68094D9E2: changes role from      null to FOLLOWER at term 0 for startAsFollower
2019-09-25 07:29:51,289 [pool-197-thread-1] INFO  impl.RoleInfo (RoleInfo.java:updateAndGet(143)) - 2fe7b077-4a7c-42ee-8783-920c916b7d94: start FollowerState
2019-09-25 07:29:51,289 [pool-197-thread-1] INFO  util.JmxRegister (JmxRegister.java:tryRegister(44)) - Successfully registered JMX Bean with object name Ratis:service=RaftServer,group=group-3BC68094D9E2,id=2fe7b077-4a7c-42ee-8783-920c916b7d94
2019-09-25 07:29:51,293 [RatisPipelineUtilsThread] INFO  pipeline.PipelineStateManager (PipelineStateManager.java:addPipeline(56)) - Created pipeline Pipeline[ Id: 7ebeb599-6574-4119-ab71-3bc68094d9e2, Nodes: 2fe7b077-4a7c-42ee-8783-920c916b7d94{ip: 192.168.151.106, host: pr-hdds-1569-x2sr2-3486766547, networkLocation: /default-rack, certSerialId: null}, Type:RATIS, Factor:ONE, State:OPEN]
2019-09-25 07:29:51,294 [RatisPipelineUtilsThread] INFO  pipeline.PipelinePlacementPolicy (PipelinePlacementPolicy.java:meetCriteria(91)) - Pipeline Placement: can't place more pipeline on heavy datanode： 126e81bc-97e3-46f8-a1e8-0e987d7c3458 Heaviness: 6 limit: 5
2019-09-25 07:29:51,300 [grpc-default-executor-0] INFO  impl.RaftServerProxy (RaftServerProxy.java:addNew(89)) - a19a6886-cb81-4302-a38d-47405969e88d: addNew group-F43FBE0E164C:[a19a6886-cb81-4302-a38d-47405969e88d:192.168.151.106:43087] returns group-F43FBE0E164C:java.util.concurrent.CompletableFuture@203adea1[Not completed]
2019-09-25 07:29:51,301 [pool-187-thread-1] INFO  impl.RaftServerImpl (RaftServerImpl.java:<init>(95)) - a19a6886-cb81-4302-a38d-47405969e88d: new RaftServerImpl for group-F43FBE0E164C:[a19a6886-cb81-4302-a38d-47405969e88d:192.168.151.106:43087] with ContainerStateMachine:uninitialized
2019-09-25 07:29:51,301 [pool-187-thread-1] INFO  server.RaftServerConfigKeys (ConfUtils.java:logGet(43)) - raft.server.rpc.timeout.min = 5s (custom)
2019-09-25 07:29:51,302 [pool-187-thread-1] INFO  server.RaftServerConfigKeys (ConfUtils.java:logGet(43)) - raft.server.rpc.timeout.max = 5200ms (custom)
2019-09-25 07:29:51,302 [pool-187-thread-1] INFO  server.RaftServerConfigKeys (ConfUtils.java:logGet(43)) - raft.server.rpcslowness.timeout = 120s (custom)
2019-09-25 07:29:51,302 [pool-187-thread-1] INFO  server.RaftServerConfigKeys (ConfUtils.java:logGet(43)) - raft.server.sleep.deviation.threshold = 300 (default)
2019-09-25 07:29:51,302 [pool-187-thread-1] INFO  server.RaftServerConfigKeys (ConfUtils.java:logGet(43)) - raft.server.log.appender.install.snapshot.enabled = false (custom)
2019-09-25 07:29:51,302 [pool-187-thread-1] INFO  impl.RaftServerImpl (ServerState.java:<init>(103)) - a19a6886-cb81-4302-a38d-47405969e88d@group-F43FBE0E164C: ConfigurationManager, init=-1: [a19a6886-cb81-4302-a38d-47405969e88d:192.168.151.106:43087], old=null, confs=<EMPTY_MAP>
2019-09-25 07:29:51,302 [pool-187-thread-1] INFO  server.RaftServerConfigKeys (ConfUtils.java:logGet(43)) - raft.server.storage.dir = [/workdir/hadoop-ozone/ozonefs/target/test-dir/MiniOzoneClusterImpl-a0a13e0f-1219-4868-bc3b-f345b2356b4a/datanode-1/data/ratis] (custom)
2019-09-25 07:29:51,303 [pool-187-thread-1] INFO  storage.RaftStorageDirectory (RaftStorageDirectory.java:analyzeStorage(246)) - The storage directory /workdir/hadoop-ozone/ozonefs/target/test-dir/MiniOzoneClusterImpl-a0a13e0f-1219-4868-bc3b-f345b2356b4a/datanode-1/data/ratis/52acef53-7af8-48fb-a432-f43fbe0e164c does not exist. Creating ...
2019-09-25 07:29:51,315 [pool-187-thread-1] INFO  storage.RaftStorageDirectory (RaftStorageDirectory.java:tryLock(328)) - Lock on /workdir/hadoop-ozone/ozonefs/target/test-dir/MiniOzoneClusterImpl-a0a13e0f-1219-4868-bc3b-f345b2356b4a/datanode-1/data/ratis/52acef53-7af8-48fb-a432-f43fbe0e164c/in_use.lock acquired by nodename 17738@pr-hdds-1569-x2sr2-3486766547
2019-09-25 07:29:51,328 [pool-187-thread-1] INFO  storage.RaftStorage (RaftStorage.java:format(72)) - Storage directory /workdir/hadoop-ozone/ozonefs/target/test-dir/MiniOzoneClusterImpl-a0a13e0f-1219-4868-bc3b-f345b2356b4a/datanode-1/data/ratis/52acef53-7af8-48fb-a432-f43fbe0e164c has been successfully formatted.
2019-09-25 07:29:51,328 [pool-187-thread-1] INFO  ratis.ContainerStateMachine (ContainerStateMachine.java:loadSnapshot(230)) - group-F43FBE0E164C: The snapshot info is null. Setting the last applied indexto:(t:0, i:~)
2019-09-25 07:29:51,329 [pool-187-thread-1] INFO  server.RaftServerConfigKeys (ConfUtils.java:logGet(43)) - raft.server.notification.no-leader.timeout = 120s (custom)
2019-09-25 07:29:51,329 [pool-187-thread-1] INFO  server.RaftServerConfigKeys (ConfUtils.java:logGet(43)) - raft.server.log.use.memory = false (default)
2019-09-25 07:29:51,329 [pool-187-thread-1] INFO  server.RaftServerConfigKeys (ConfUtils.java:logGet(43)) - raft.server.log.purge.gap = 1000000 (custom)
2019-09-25 07:29:51,329 [pool-187-thread-1] INFO  server.RaftServerConfigKeys (ConfUtils.java:logGet(43)) - raft.server.log.appender.buffer.byte-limit = 33554432 (custom)
2019-09-25 07:29:51,329 [pool-187-thread-1] INFO  server.RaftServerConfigKeys (ConfUtils.java:logGet(43)) - raft.server.log.segment.size.max = 1048576 (custom)
2019-09-25 07:29:51,329 [pool-187-thread-1] INFO  server.RaftServerConfigKeys (ConfUtils.java:logGet(43)) - raft.server.log.segment.cache.num.max = 2 (custom)
2019-09-25 07:29:51,330 [pool-187-thread-1] INFO  segmented.SegmentedRaftLogWorker (SegmentedRaftLogWorker.java:<init>(172)) - new a19a6886-cb81-4302-a38d-47405969e88d@group-F43FBE0E164C-SegmentedRaftLogWorker for RaftStorage:Storage Directory /workdir/hadoop-ozone/ozonefs/target/test-dir/MiniOzoneClusterImpl-a0a13e0f-1219-4868-bc3b-f345b2356b4a/datanode-1/data/ratis/52acef53-7af8-48fb-a432-f43fbe0e164c
2019-09-25 07:29:51,330 [pool-187-thread-1] INFO  server.RaftServerConfigKeys (ConfUtils.java:logGet(43)) - raft.server.log.queue.byte-limit = 2147483647 (custom)
2019-09-25 07:29:51,330 [pool-187-thread-1] INFO  server.RaftServerConfigKeys (ConfUtils.java:logGet(43)) - raft.server.log.queue.element-limit = 1024 (custom)
2019-09-25 07:29:51,330 [pool-187-thread-1] INFO  server.RaftServerConfigKeys (ConfUtils.java:logGet(43)) - raft.server.log.segment.size.max = 1048576 (custom)
2019-09-25 07:29:51,330 [pool-187-thread-1] INFO  server.RaftServerConfigKeys (ConfUtils.java:logGet(43)) - raft.server.log.preallocated.size = 16384 (custom)
2019-09-25 07:29:51,330 [pool-187-thread-1] INFO  server.RaftServerConfigKeys (ConfUtils.java:logGet(43)) - raft.server.log.write.buffer.size = 33554432 (custom)
2019-09-25 07:29:51,330 [pool-187-thread-1] INFO  server.RaftServerConfigKeys (ConfUtils.java:logGet(43)) - raft.server.log.force.sync.num = 128 (default)
2019-09-25 07:29:51,330 [pool-187-thread-1] INFO  server.RaftServerConfigKeys (ConfUtils.java:logGet(43)) - raft.server.log.statemachine.data.sync = true (default)
2019-09-25 07:29:51,331 [pool-187-thread-1] INFO  server.RaftServerConfigKeys (ConfUtils.java:logGet(43)) - raft.server.log.statemachine.data.sync.timeout = 10s (default)
2019-09-25 07:29:51,331 [pool-187-thread-1] INFO  server.RaftServerConfigKeys (ConfUtils.java:logGet(43)) - raft.server.log.statemachine.data.sync.timeout.retry = -1 (default)
2019-09-25 07:29:51,331 [pool-187-thread-1] INFO  server.RaftServerConfigKeys (ConfUtils.java:logGet(43)) - raft.server.log.statemachine.data.caching.enabled = true (custom)
2019-09-25 07:29:51,331 [pool-187-thread-1] INFO  segmented.SegmentedRaftLogWorker (SegmentedRaftLogWorker.java:lambda$new$0(132)) - a19a6886-cb81-4302-a38d-47405969e88d@group-F43FBE0E164C-SegmentedRaftLogWorker: flushIndex: setUnconditionally 0 -> -1
2019-09-25 07:29:51,331 [pool-187-thread-1] INFO  server.RaftServerConfigKeys (ConfUtils.java:logGet(43)) - raft.server.snapshot.auto.trigger.enabled = true (custom)
2019-09-25 07:29:51,332 [pool-187-thread-1] INFO  server.RaftServerConfigKeys (ConfUtils.java:logGet(43)) - raft.server.snapshot.auto.trigger.threshold = 10000 (custom)
2019-09-25 07:29:51,332 [pool-187-thread-1] INFO  server.RaftServerConfigKeys (ConfUtils.java:logGet(43)) - raft.server.snapshot.retention.num.files = 5 (custom)
2019-09-25 07:29:51,332 [pool-187-thread-1] INFO  server.RaftServerConfigKeys (ConfUtils.java:logGet(43)) - raft.server.retrycache.expirytime = 600000ms (custom)
2019-09-25 07:29:51,333 [pool-187-thread-1] INFO  impl.RaftServerImpl (RaftServerImpl.java:start(185)) - a19a6886-cb81-4302-a38d-47405969e88d@group-F43FBE0E164C: start as a follower, conf=-1: [a19a6886-cb81-4302-a38d-47405969e88d:192.168.151.106:43087], old=null
2019-09-25 07:29:51,334 [pool-187-thread-1] INFO  impl.RaftServerImpl (RaftServerImpl.java:setRole(174)) - a19a6886-cb81-4302-a38d-47405969e88d@group-F43FBE0E164C: changes role from      null to FOLLOWER at term 0 for startAsFollower
2019-09-25 07:29:51,334 [pool-187-thread-1] INFO  impl.RoleInfo (RoleInfo.java:updateAndGet(143)) - a19a6886-cb81-4302-a38d-47405969e88d: start FollowerState
2019-09-25 07:29:51,334 [pool-187-thread-1] INFO  util.JmxRegister (JmxRegister.java:tryRegister(44)) - Successfully registered JMX Bean with object name Ratis:service=RaftServer,group=group-F43FBE0E164C,id=a19a6886-cb81-4302-a38d-47405969e88d
2019-09-25 07:29:51,337 [RatisPipelineUtilsThread] INFO  pipeline.PipelineStateManager (PipelineStateManager.java:addPipeline(56)) - Created pipeline Pipeline[ Id: 52acef53-7af8-48fb-a432-f43fbe0e164c, Nodes: a19a6886-cb81-4302-a38d-47405969e88d{ip: 192.168.151.106, host: pr-hdds-1569-x2sr2-3486766547, networkLocation: /default-rack, certSerialId: null}, Type:RATIS, Factor:ONE, State:OPEN]
2019-09-25 07:29:51,337 [RatisPipelineUtilsThread] INFO  pipeline.PipelinePlacementPolicy (PipelinePlacementPolicy.java:meetCriteria(91)) - Pipeline Placement: can't place more pipeline on heavy datanode： 126e81bc-97e3-46f8-a1e8-0e987d7c3458 Heaviness: 6 limit: 5
2019-09-25 07:29:51,342 [grpc-default-executor-0] INFO  impl.RaftServerProxy (RaftServerProxy.java:addNew(89)) - a19a6886-cb81-4302-a38d-47405969e88d: addNew group-51235664F833:[a19a6886-cb81-4302-a38d-47405969e88d:192.168.151.106:43087] returns group-51235664F833:java.util.concurrent.CompletableFuture@32d50e32[Not completed]
2019-09-25 07:29:51,343 [pool-187-thread-1] INFO  impl.RaftServerImpl (RaftServerImpl.java:<init>(95)) - a19a6886-cb81-4302-a38d-47405969e88d: new RaftServerImpl for group-51235664F833:[a19a6886-cb81-4302-a38d-47405969e88d:192.168.151.106:43087] with ContainerStateMachine:uninitialized
2019-09-25 07:29:51,343 [pool-187-thread-1] INFO  server.RaftServerConfigKeys (ConfUtils.java:logGet(43)) - raft.server.rpc.timeout.min = 5s (custom)
2019-09-25 07:29:51,343 [pool-187-thread-1] INFO  server.RaftServerConfigKeys (ConfUtils.java:logGet(43)) - raft.server.rpc.timeout.max = 5200ms (custom)
2019-09-25 07:29:51,343 [pool-187-thread-1] INFO  server.RaftServerConfigKeys (ConfUtils.java:logGet(43)) - raft.server.rpcslowness.timeout = 120s (custom)
2019-09-25 07:29:51,343 [pool-187-thread-1] INFO  server.RaftServerConfigKeys (ConfUtils.java:logGet(43)) - raft.server.sleep.deviation.threshold = 300 (default)
2019-09-25 07:29:51,344 [pool-187-thread-1] INFO  server.RaftServerConfigKeys (ConfUtils.java:logGet(43)) - raft.server.log.appender.install.snapshot.enabled = false (custom)
2019-09-25 07:29:51,344 [pool-187-thread-1] INFO  impl.RaftServerImpl (ServerState.java:<init>(103)) - a19a6886-cb81-4302-a38d-47405969e88d@group-51235664F833: ConfigurationManager, init=-1: [a19a6886-cb81-4302-a38d-47405969e88d:192.168.151.106:43087], old=null, confs=<EMPTY_MAP>
2019-09-25 07:29:51,344 [pool-187-thread-1] INFO  server.RaftServerConfigKeys (ConfUtils.java:logGet(43)) - raft.server.storage.dir = [/workdir/hadoop-ozone/ozonefs/target/test-dir/MiniOzoneClusterImpl-a0a13e0f-1219-4868-bc3b-f345b2356b4a/datanode-1/data/ratis] (custom)
2019-09-25 07:29:51,344 [pool-187-thread-1] INFO  storage.RaftStorageDirectory (RaftStorageDirectory.java:analyzeStorage(246)) - The storage directory /workdir/hadoop-ozone/ozonefs/target/test-dir/MiniOzoneClusterImpl-a0a13e0f-1219-4868-bc3b-f345b2356b4a/datanode-1/data/ratis/8470780a-6f1d-4a81-8391-51235664f833 does not exist. Creating ...
2019-09-25 07:29:51,369 [pool-187-thread-1] INFO  storage.RaftStorageDirectory (RaftStorageDirectory.java:tryLock(328)) - Lock on /workdir/hadoop-ozone/ozonefs/target/test-dir/MiniOzoneClusterImpl-a0a13e0f-1219-4868-bc3b-f345b2356b4a/datanode-1/data/ratis/8470780a-6f1d-4a81-8391-51235664f833/in_use.lock acquired by nodename 17738@pr-hdds-1569-x2sr2-3486766547
2019-09-25 07:29:51,382 [pool-187-thread-1] INFO  storage.RaftStorage (RaftStorage.java:format(72)) - Storage directory /workdir/hadoop-ozone/ozonefs/target/test-dir/MiniOzoneClusterImpl-a0a13e0f-1219-4868-bc3b-f345b2356b4a/datanode-1/data/ratis/8470780a-6f1d-4a81-8391-51235664f833 has been successfully formatted.
2019-09-25 07:29:51,382 [pool-187-thread-1] INFO  ratis.ContainerStateMachine (ContainerStateMachine.java:loadSnapshot(230)) - group-51235664F833: The snapshot info is null. Setting the last applied indexto:(t:0, i:~)
2019-09-25 07:29:51,382 [pool-187-thread-1] INFO  server.RaftServerConfigKeys (ConfUtils.java:logGet(43)) - raft.server.notification.no-leader.timeout = 120s (custom)
2019-09-25 07:29:51,383 [pool-187-thread-1] INFO  server.RaftServerConfigKeys (ConfUtils.java:logGet(43)) - raft.server.log.use.memory = false (default)
2019-09-25 07:29:51,383 [pool-187-thread-1] INFO  server.RaftServerConfigKeys (ConfUtils.java:logGet(43)) - raft.server.log.purge.gap = 1000000 (custom)
2019-09-25 07:29:51,383 [pool-187-thread-1] INFO  server.RaftServerConfigKeys (ConfUtils.java:logGet(43)) - raft.server.log.appender.buffer.byte-limit = 33554432 (custom)
2019-09-25 07:29:51,383 [pool-187-thread-1] INFO  server.RaftServerConfigKeys (ConfUtils.java:logGet(43)) - raft.server.log.segment.size.max = 1048576 (custom)
2019-09-25 07:29:51,383 [pool-187-thread-1] INFO  server.RaftServerConfigKeys (ConfUtils.java:logGet(43)) - raft.server.log.segment.cache.num.max = 2 (custom)
2019-09-25 07:29:51,383 [pool-187-thread-1] INFO  segmented.SegmentedRaftLogWorker (SegmentedRaftLogWorker.java:<init>(172)) - new a19a6886-cb81-4302-a38d-47405969e88d@group-51235664F833-SegmentedRaftLogWorker for RaftStorage:Storage Directory /workdir/hadoop-ozone/ozonefs/target/test-dir/MiniOzoneClusterImpl-a0a13e0f-1219-4868-bc3b-f345b2356b4a/datanode-1/data/ratis/8470780a-6f1d-4a81-8391-51235664f833
2019-09-25 07:29:51,384 [pool-187-thread-1] INFO  server.RaftServerConfigKeys (ConfUtils.java:logGet(43)) - raft.server.log.queue.byte-limit = 2147483647 (custom)
2019-09-25 07:29:51,384 [pool-187-thread-1] INFO  server.RaftServerConfigKeys (ConfUtils.java:logGet(43)) - raft.server.log.queue.element-limit = 1024 (custom)
2019-09-25 07:29:51,384 [pool-187-thread-1] INFO  server.RaftServerConfigKeys (ConfUtils.java:logGet(43)) - raft.server.log.segment.size.max = 1048576 (custom)
2019-09-25 07:29:51,384 [pool-187-thread-1] INFO  server.RaftServerConfigKeys (ConfUtils.java:logGet(43)) - raft.server.log.preallocated.size = 16384 (custom)
2019-09-25 07:29:51,384 [pool-187-thread-1] INFO  server.RaftServerConfigKeys (ConfUtils.java:logGet(43)) - raft.server.log.write.buffer.size = 33554432 (custom)
2019-09-25 07:29:51,384 [pool-187-thread-1] INFO  server.RaftServerConfigKeys (ConfUtils.java:logGet(43)) - raft.server.log.force.sync.num = 128 (default)
2019-09-25 07:29:51,385 [pool-187-thread-1] INFO  server.RaftServerConfigKeys (ConfUtils.java:logGet(43)) - raft.server.log.statemachine.data.sync = true (default)
2019-09-25 07:29:51,385 [pool-187-thread-1] INFO  server.RaftServerConfigKeys (ConfUtils.java:logGet(43)) - raft.server.log.statemachine.data.sync.timeout = 10s (default)
2019-09-25 07:29:51,385 [pool-187-thread-1] INFO  server.RaftServerConfigKeys (ConfUtils.java:logGet(43)) - raft.server.log.statemachine.data.sync.timeout.retry = -1 (default)
2019-09-25 07:29:51,385 [pool-187-thread-1] INFO  server.RaftServerConfigKeys (ConfUtils.java:logGet(43)) - raft.server.log.statemachine.data.caching.enabled = true (custom)
2019-09-25 07:29:51,385 [pool-187-thread-1] INFO  segmented.SegmentedRaftLogWorker (SegmentedRaftLogWorker.java:lambda$new$0(132)) - a19a6886-cb81-4302-a38d-47405969e88d@group-51235664F833-SegmentedRaftLogWorker: flushIndex: setUnconditionally 0 -> -1
2019-09-25 07:29:51,386 [pool-187-thread-1] INFO  server.RaftServerConfigKeys (ConfUtils.java:logGet(43)) - raft.server.snapshot.auto.trigger.enabled = true (custom)
2019-09-25 07:29:51,386 [pool-187-thread-1] INFO  server.RaftServerConfigKeys (ConfUtils.java:logGet(43)) - raft.server.snapshot.auto.trigger.threshold = 10000 (custom)
2019-09-25 07:29:51,386 [pool-187-thread-1] INFO  server.RaftServerConfigKeys (ConfUtils.java:logGet(43)) - raft.server.snapshot.retention.num.files = 5 (custom)
2019-09-25 07:29:51,386 [pool-187-thread-1] INFO  server.RaftServerConfigKeys (ConfUtils.java:logGet(43)) - raft.server.retrycache.expirytime = 600000ms (custom)
2019-09-25 07:29:51,388 [pool-187-thread-1] INFO  impl.RaftServerImpl (RaftServerImpl.java:start(185)) - a19a6886-cb81-4302-a38d-47405969e88d@group-51235664F833: start as a follower, conf=-1: [a19a6886-cb81-4302-a38d-47405969e88d:192.168.151.106:43087], old=null
2019-09-25 07:29:51,388 [pool-187-thread-1] INFO  impl.RaftServerImpl (RaftServerImpl.java:setRole(174)) - a19a6886-cb81-4302-a38d-47405969e88d@group-51235664F833: changes role from      null to FOLLOWER at term 0 for startAsFollower
2019-09-25 07:29:51,388 [pool-187-thread-1] INFO  impl.RoleInfo (RoleInfo.java:updateAndGet(143)) - a19a6886-cb81-4302-a38d-47405969e88d: start FollowerState
2019-09-25 07:29:51,389 [pool-187-thread-1] INFO  util.JmxRegister (JmxRegister.java:tryRegister(44)) - Successfully registered JMX Bean with object name Ratis:service=RaftServer,group=group-51235664F833,id=a19a6886-cb81-4302-a38d-47405969e88d
2019-09-25 07:29:51,391 [RatisPipelineUtilsThread] INFO  pipeline.PipelineStateManager (PipelineStateManager.java:addPipeline(56)) - Created pipeline Pipeline[ Id: 8470780a-6f1d-4a81-8391-51235664f833, Nodes: a19a6886-cb81-4302-a38d-47405969e88d{ip: 192.168.151.106, host: pr-hdds-1569-x2sr2-3486766547, networkLocation: /default-rack, certSerialId: null}, Type:RATIS, Factor:ONE, State:OPEN]
2019-09-25 07:29:51,391 [RatisPipelineUtilsThread] INFO  pipeline.PipelinePlacementPolicy (PipelinePlacementPolicy.java:meetCriteria(91)) - Pipeline Placement: can't place more pipeline on heavy datanode： 126e81bc-97e3-46f8-a1e8-0e987d7c3458 Heaviness: 6 limit: 5
2019-09-25 07:29:51,396 [grpc-default-executor-0] INFO  impl.RaftServerProxy (RaftServerProxy.java:addNew(89)) - 2fe7b077-4a7c-42ee-8783-920c916b7d94: addNew group-31BF2D001ED3:[2fe7b077-4a7c-42ee-8783-920c916b7d94:192.168.151.106:34898] returns group-31BF2D001ED3:java.util.concurrent.CompletableFuture@798e7b15[Not completed]
2019-09-25 07:29:51,397 [pool-197-thread-1] INFO  impl.RaftServerImpl (RaftServerImpl.java:<init>(95)) - 2fe7b077-4a7c-42ee-8783-920c916b7d94: new RaftServerImpl for group-31BF2D001ED3:[2fe7b077-4a7c-42ee-8783-920c916b7d94:192.168.151.106:34898] with ContainerStateMachine:uninitialized
2019-09-25 07:29:51,397 [pool-197-thread-1] INFO  server.RaftServerConfigKeys (ConfUtils.java:logGet(43)) - raft.server.rpc.timeout.min = 5s (custom)
2019-09-25 07:29:51,398 [pool-197-thread-1] INFO  server.RaftServerConfigKeys (ConfUtils.java:logGet(43)) - raft.server.rpc.timeout.max = 5200ms (custom)
2019-09-25 07:29:51,398 [pool-197-thread-1] INFO  server.RaftServerConfigKeys (ConfUtils.java:logGet(43)) - raft.server.rpcslowness.timeout = 120s (custom)
2019-09-25 07:29:51,398 [pool-197-thread-1] INFO  server.RaftServerConfigKeys (ConfUtils.java:logGet(43)) - raft.server.sleep.deviation.threshold = 300 (default)
2019-09-25 07:29:51,398 [pool-197-thread-1] INFO  server.RaftServerConfigKeys (ConfUtils.java:logGet(43)) - raft.server.log.appender.install.snapshot.enabled = false (custom)
2019-09-25 07:29:51,398 [pool-197-thread-1] INFO  impl.RaftServerImpl (ServerState.java:<init>(103)) - 2fe7b077-4a7c-42ee-8783-920c916b7d94@group-31BF2D001ED3: ConfigurationManager, init=-1: [2fe7b077-4a7c-42ee-8783-920c916b7d94:192.168.151.106:34898], old=null, confs=<EMPTY_MAP>
2019-09-25 07:29:51,398 [pool-197-thread-1] INFO  server.RaftServerConfigKeys (ConfUtils.java:logGet(43)) - raft.server.storage.dir = [/workdir/hadoop-ozone/ozonefs/target/test-dir/MiniOzoneClusterImpl-a0a13e0f-1219-4868-bc3b-f345b2356b4a/datanode-2/data/ratis] (custom)
2019-09-25 07:29:51,399 [pool-197-thread-1] INFO  storage.RaftStorageDirectory (RaftStorageDirectory.java:analyzeStorage(246)) - The storage directory /workdir/hadoop-ozone/ozonefs/target/test-dir/MiniOzoneClusterImpl-a0a13e0f-1219-4868-bc3b-f345b2356b4a/datanode-2/data/ratis/8f69a9d4-5fa6-448e-9a3c-31bf2d001ed3 does not exist. Creating ...
2019-09-25 07:29:51,411 [pool-197-thread-1] INFO  storage.RaftStorageDirectory (RaftStorageDirectory.java:tryLock(328)) - Lock on /workdir/hadoop-ozone/ozonefs/target/test-dir/MiniOzoneClusterImpl-a0a13e0f-1219-4868-bc3b-f345b2356b4a/datanode-2/data/ratis/8f69a9d4-5fa6-448e-9a3c-31bf2d001ed3/in_use.lock acquired by nodename 17738@pr-hdds-1569-x2sr2-3486766547
2019-09-25 07:29:51,424 [pool-197-thread-1] INFO  storage.RaftStorage (RaftStorage.java:format(72)) - Storage directory /workdir/hadoop-ozone/ozonefs/target/test-dir/MiniOzoneClusterImpl-a0a13e0f-1219-4868-bc3b-f345b2356b4a/datanode-2/data/ratis/8f69a9d4-5fa6-448e-9a3c-31bf2d001ed3 has been successfully formatted.
2019-09-25 07:29:51,425 [pool-197-thread-1] INFO  ratis.ContainerStateMachine (ContainerStateMachine.java:loadSnapshot(230)) - group-31BF2D001ED3: The snapshot info is null. Setting the last applied indexto:(t:0, i:~)
2019-09-25 07:29:51,425 [pool-197-thread-1] INFO  server.RaftServerConfigKeys (ConfUtils.java:logGet(43)) - raft.server.notification.no-leader.timeout = 120s (custom)
2019-09-25 07:29:51,425 [pool-197-thread-1] INFO  server.RaftServerConfigKeys (ConfUtils.java:logGet(43)) - raft.server.log.use.memory = false (default)
2019-09-25 07:29:51,425 [pool-197-thread-1] INFO  server.RaftServerConfigKeys (ConfUtils.java:logGet(43)) - raft.server.log.purge.gap = 1000000 (custom)
2019-09-25 07:29:51,425 [pool-197-thread-1] INFO  server.RaftServerConfigKeys (ConfUtils.java:logGet(43)) - raft.server.log.appender.buffer.byte-limit = 33554432 (custom)
2019-09-25 07:29:51,425 [pool-197-thread-1] INFO  server.RaftServerConfigKeys (ConfUtils.java:logGet(43)) - raft.server.log.segment.size.max = 1048576 (custom)
2019-09-25 07:29:51,426 [pool-197-thread-1] INFO  server.RaftServerConfigKeys (ConfUtils.java:logGet(43)) - raft.server.log.segment.cache.num.max = 2 (custom)
2019-09-25 07:29:51,426 [pool-197-thread-1] INFO  segmented.SegmentedRaftLogWorker (SegmentedRaftLogWorker.java:<init>(172)) - new 2fe7b077-4a7c-42ee-8783-920c916b7d94@group-31BF2D001ED3-SegmentedRaftLogWorker for RaftStorage:Storage Directory /workdir/hadoop-ozone/ozonefs/target/test-dir/MiniOzoneClusterImpl-a0a13e0f-1219-4868-bc3b-f345b2356b4a/datanode-2/data/ratis/8f69a9d4-5fa6-448e-9a3c-31bf2d001ed3
2019-09-25 07:29:51,426 [pool-197-thread-1] INFO  server.RaftServerConfigKeys (ConfUtils.java:logGet(43)) - raft.server.log.queue.byte-limit = 2147483647 (custom)
2019-09-25 07:29:51,426 [pool-197-thread-1] INFO  server.RaftServerConfigKeys (ConfUtils.java:logGet(43)) - raft.server.log.queue.element-limit = 1024 (custom)
2019-09-25 07:29:51,426 [pool-197-thread-1] INFO  server.RaftServerConfigKeys (ConfUtils.java:logGet(43)) - raft.server.log.segment.size.max = 1048576 (custom)
2019-09-25 07:29:51,426 [pool-197-thread-1] INFO  server.RaftServerConfigKeys (ConfUtils.java:logGet(43)) - raft.server.log.preallocated.size = 16384 (custom)
2019-09-25 07:29:51,426 [pool-197-thread-1] INFO  server.RaftServerConfigKeys (ConfUtils.java:logGet(43)) - raft.server.log.write.buffer.size = 33554432 (custom)
2019-09-25 07:29:51,427 [pool-197-thread-1] INFO  server.RaftServerConfigKeys (ConfUtils.java:logGet(43)) - raft.server.log.force.sync.num = 128 (default)
2019-09-25 07:29:51,427 [pool-197-thread-1] INFO  server.RaftServerConfigKeys (ConfUtils.java:logGet(43)) - raft.server.log.statemachine.data.sync = true (default)
2019-09-25 07:29:51,427 [pool-197-thread-1] INFO  server.RaftServerConfigKeys (ConfUtils.java:logGet(43)) - raft.server.log.statemachine.data.sync.timeout = 10s (default)
2019-09-25 07:29:51,427 [pool-197-thread-1] INFO  server.RaftServerConfigKeys (ConfUtils.java:logGet(43)) - raft.server.log.statemachine.data.sync.timeout.retry = -1 (default)
2019-09-25 07:29:51,427 [pool-197-thread-1] INFO  server.RaftServerConfigKeys (ConfUtils.java:logGet(43)) - raft.server.log.statemachine.data.caching.enabled = true (custom)
2019-09-25 07:29:51,427 [pool-197-thread-1] INFO  segmented.SegmentedRaftLogWorker (SegmentedRaftLogWorker.java:lambda$new$0(132)) - 2fe7b077-4a7c-42ee-8783-920c916b7d94@group-31BF2D001ED3-SegmentedRaftLogWorker: flushIndex: setUnconditionally 0 -> -1
2019-09-25 07:29:51,428 [pool-197-thread-1] INFO  server.RaftServerConfigKeys (ConfUtils.java:logGet(43)) - raft.server.snapshot.auto.trigger.enabled = true (custom)
2019-09-25 07:29:51,428 [pool-197-thread-1] INFO  server.RaftServerConfigKeys (ConfUtils.java:logGet(43)) - raft.server.snapshot.auto.trigger.threshold = 10000 (custom)
2019-09-25 07:29:51,428 [pool-197-thread-1] INFO  server.RaftServerConfigKeys (ConfUtils.java:logGet(43)) - raft.server.snapshot.retention.num.files = 5 (custom)
2019-09-25 07:29:51,428 [pool-197-thread-1] INFO  server.RaftServerConfigKeys (ConfUtils.java:logGet(43)) - raft.server.retrycache.expirytime = 600000ms (custom)
2019-09-25 07:29:51,430 [pool-197-thread-1] INFO  impl.RaftServerImpl (RaftServerImpl.java:start(185)) - 2fe7b077-4a7c-42ee-8783-920c916b7d94@group-31BF2D001ED3: start as a follower, conf=-1: [2fe7b077-4a7c-42ee-8783-920c916b7d94:192.168.151.106:34898], old=null
2019-09-25 07:29:51,430 [pool-197-thread-1] INFO  impl.RaftServerImpl (RaftServerImpl.java:setRole(174)) - 2fe7b077-4a7c-42ee-8783-920c916b7d94@group-31BF2D001ED3: changes role from      null to FOLLOWER at term 0 for startAsFollower
2019-09-25 07:29:51,430 [pool-197-thread-1] INFO  impl.RoleInfo (RoleInfo.java:updateAndGet(143)) - 2fe7b077-4a7c-42ee-8783-920c916b7d94: start FollowerState
2019-09-25 07:29:51,430 [pool-197-thread-1] INFO  util.JmxRegister (JmxRegister.java:tryRegister(44)) - Successfully registered JMX Bean with object name Ratis:service=RaftServer,group=group-31BF2D001ED3,id=2fe7b077-4a7c-42ee-8783-920c916b7d94
2019-09-25 07:29:51,433 [RatisPipelineUtilsThread] INFO  pipeline.PipelineStateManager (PipelineStateManager.java:addPipeline(56)) - Created pipeline Pipeline[ Id: 8f69a9d4-5fa6-448e-9a3c-31bf2d001ed3, Nodes: 2fe7b077-4a7c-42ee-8783-920c916b7d94{ip: 192.168.151.106, host: pr-hdds-1569-x2sr2-3486766547, networkLocation: /default-rack, certSerialId: null}, Type:RATIS, Factor:ONE, State:OPEN]
2019-09-25 07:29:51,433 [RatisPipelineUtilsThread] INFO  pipeline.PipelinePlacementPolicy (PipelinePlacementPolicy.java:meetCriteria(91)) - Pipeline Placement: can't place more pipeline on heavy datanode： 126e81bc-97e3-46f8-a1e8-0e987d7c3458 Heaviness: 6 limit: 5
2019-09-25 07:29:51,438 [grpc-default-executor-0] INFO  impl.RaftServerProxy (RaftServerProxy.java:addNew(89)) - a19a6886-cb81-4302-a38d-47405969e88d: addNew group-E1EE070E81A9:[a19a6886-cb81-4302-a38d-47405969e88d:192.168.151.106:43087] returns group-E1EE070E81A9:java.util.concurrent.CompletableFuture@7db69362[Not completed]
2019-09-25 07:29:51,439 [pool-187-thread-1] INFO  impl.RaftServerImpl (RaftServerImpl.java:<init>(95)) - a19a6886-cb81-4302-a38d-47405969e88d: new RaftServerImpl for group-E1EE070E81A9:[a19a6886-cb81-4302-a38d-47405969e88d:192.168.151.106:43087] with ContainerStateMachine:uninitialized
2019-09-25 07:29:51,439 [pool-187-thread-1] INFO  server.RaftServerConfigKeys (ConfUtils.java:logGet(43)) - raft.server.rpc.timeout.min = 5s (custom)
2019-09-25 07:29:51,439 [pool-187-thread-1] INFO  server.RaftServerConfigKeys (ConfUtils.java:logGet(43)) - raft.server.rpc.timeout.max = 5200ms (custom)
2019-09-25 07:29:51,440 [pool-187-thread-1] INFO  server.RaftServerConfigKeys (ConfUtils.java:logGet(43)) - raft.server.rpcslowness.timeout = 120s (custom)
2019-09-25 07:29:51,440 [pool-187-thread-1] INFO  server.RaftServerConfigKeys (ConfUtils.java:logGet(43)) - raft.server.sleep.deviation.threshold = 300 (default)
2019-09-25 07:29:51,440 [pool-187-thread-1] INFO  server.RaftServerConfigKeys (ConfUtils.java:logGet(43)) - raft.server.log.appender.install.snapshot.enabled = false (custom)
2019-09-25 07:29:51,440 [pool-187-thread-1] INFO  impl.RaftServerImpl (ServerState.java:<init>(103)) - a19a6886-cb81-4302-a38d-47405969e88d@group-E1EE070E81A9: ConfigurationManager, init=-1: [a19a6886-cb81-4302-a38d-47405969e88d:192.168.151.106:43087], old=null, confs=<EMPTY_MAP>
2019-09-25 07:29:51,440 [pool-187-thread-1] INFO  server.RaftServerConfigKeys (ConfUtils.java:logGet(43)) - raft.server.storage.dir = [/workdir/hadoop-ozone/ozonefs/target/test-dir/MiniOzoneClusterImpl-a0a13e0f-1219-4868-bc3b-f345b2356b4a/datanode-1/data/ratis] (custom)
2019-09-25 07:29:51,440 [pool-187-thread-1] INFO  storage.RaftStorageDirectory (RaftStorageDirectory.java:analyzeStorage(246)) - The storage directory /workdir/hadoop-ozone/ozonefs/target/test-dir/MiniOzoneClusterImpl-a0a13e0f-1219-4868-bc3b-f345b2356b4a/datanode-1/data/ratis/944cce64-4591-4655-8ef2-e1ee070e81a9 does not exist. Creating ...
2019-09-25 07:29:51,443 [pool-187-thread-1] INFO  storage.RaftStorageDirectory (RaftStorageDirectory.java:tryLock(328)) - Lock on /workdir/hadoop-ozone/ozonefs/target/test-dir/MiniOzoneClusterImpl-a0a13e0f-1219-4868-bc3b-f345b2356b4a/datanode-1/data/ratis/944cce64-4591-4655-8ef2-e1ee070e81a9/in_use.lock acquired by nodename 17738@pr-hdds-1569-x2sr2-3486766547
2019-09-25 07:29:51,465 [pool-187-thread-1] INFO  storage.RaftStorage (RaftStorage.java:format(72)) - Storage directory /workdir/hadoop-ozone/ozonefs/target/test-dir/MiniOzoneClusterImpl-a0a13e0f-1219-4868-bc3b-f345b2356b4a/datanode-1/data/ratis/944cce64-4591-4655-8ef2-e1ee070e81a9 has been successfully formatted.
2019-09-25 07:29:51,465 [pool-187-thread-1] INFO  ratis.ContainerStateMachine (ContainerStateMachine.java:loadSnapshot(230)) - group-E1EE070E81A9: The snapshot info is null. Setting the last applied indexto:(t:0, i:~)
2019-09-25 07:29:51,465 [pool-187-thread-1] INFO  server.RaftServerConfigKeys (ConfUtils.java:logGet(43)) - raft.server.notification.no-leader.timeout = 120s (custom)
2019-09-25 07:29:51,465 [pool-187-thread-1] INFO  server.RaftServerConfigKeys (ConfUtils.java:logGet(43)) - raft.server.log.use.memory = false (default)
2019-09-25 07:29:51,465 [pool-187-thread-1] INFO  server.RaftServerConfigKeys (ConfUtils.java:logGet(43)) - raft.server.log.purge.gap = 1000000 (custom)
2019-09-25 07:29:51,466 [pool-187-thread-1] INFO  server.RaftServerConfigKeys (ConfUtils.java:logGet(43)) - raft.server.log.appender.buffer.byte-limit = 33554432 (custom)
2019-09-25 07:29:51,466 [pool-187-thread-1] INFO  server.RaftServerConfigKeys (ConfUtils.java:logGet(43)) - raft.server.log.segment.size.max = 1048576 (custom)
2019-09-25 07:29:51,466 [pool-187-thread-1] INFO  server.RaftServerConfigKeys (ConfUtils.java:logGet(43)) - raft.server.log.segment.cache.num.max = 2 (custom)
2019-09-25 07:29:51,466 [pool-187-thread-1] INFO  segmented.SegmentedRaftLogWorker (SegmentedRaftLogWorker.java:<init>(172)) - new a19a6886-cb81-4302-a38d-47405969e88d@group-E1EE070E81A9-SegmentedRaftLogWorker for RaftStorage:Storage Directory /workdir/hadoop-ozone/ozonefs/target/test-dir/MiniOzoneClusterImpl-a0a13e0f-1219-4868-bc3b-f345b2356b4a/datanode-1/data/ratis/944cce64-4591-4655-8ef2-e1ee070e81a9
2019-09-25 07:29:51,466 [pool-187-thread-1] INFO  server.RaftServerConfigKeys (ConfUtils.java:logGet(43)) - raft.server.log.queue.byte-limit = 2147483647 (custom)
2019-09-25 07:29:51,466 [pool-187-thread-1] INFO  server.RaftServerConfigKeys (ConfUtils.java:logGet(43)) - raft.server.log.queue.element-limit = 1024 (custom)
2019-09-25 07:29:51,466 [pool-187-thread-1] INFO  server.RaftServerConfigKeys (ConfUtils.java:logGet(43)) - raft.server.log.segment.size.max = 1048576 (custom)
2019-09-25 07:29:51,467 [pool-187-thread-1] INFO  server.RaftServerConfigKeys (ConfUtils.java:logGet(43)) - raft.server.log.preallocated.size = 16384 (custom)
2019-09-25 07:29:51,467 [pool-187-thread-1] INFO  server.RaftServerConfigKeys (ConfUtils.java:logGet(43)) - raft.server.log.write.buffer.size = 33554432 (custom)
2019-09-25 07:29:51,467 [pool-187-thread-1] INFO  server.RaftServerConfigKeys (ConfUtils.java:logGet(43)) - raft.server.log.force.sync.num = 128 (default)
2019-09-25 07:29:51,467 [pool-187-thread-1] INFO  server.RaftServerConfigKeys (ConfUtils.java:logGet(43)) - raft.server.log.statemachine.data.sync = true (default)
2019-09-25 07:29:51,467 [pool-187-thread-1] INFO  server.RaftServerConfigKeys (ConfUtils.java:logGet(43)) - raft.server.log.statemachine.data.sync.timeout = 10s (default)
2019-09-25 07:29:51,467 [pool-187-thread-1] INFO  server.RaftServerConfigKeys (ConfUtils.java:logGet(43)) - raft.server.log.statemachine.data.sync.timeout.retry = -1 (default)
2019-09-25 07:29:51,467 [pool-187-thread-1] INFO  server.RaftServerConfigKeys (ConfUtils.java:logGet(43)) - raft.server.log.statemachine.data.caching.enabled = true (custom)
2019-09-25 07:29:51,468 [pool-187-thread-1] INFO  segmented.SegmentedRaftLogWorker (SegmentedRaftLogWorker.java:lambda$new$0(132)) - a19a6886-cb81-4302-a38d-47405969e88d@group-E1EE070E81A9-SegmentedRaftLogWorker: flushIndex: setUnconditionally 0 -> -1
2019-09-25 07:29:51,468 [pool-187-thread-1] INFO  server.RaftServerConfigKeys (ConfUtils.java:logGet(43)) - raft.server.snapshot.auto.trigger.enabled = true (custom)
2019-09-25 07:29:51,468 [pool-187-thread-1] INFO  server.RaftServerConfigKeys (ConfUtils.java:logGet(43)) - raft.server.snapshot.auto.trigger.threshold = 10000 (custom)
2019-09-25 07:29:51,468 [pool-187-thread-1] INFO  server.RaftServerConfigKeys (ConfUtils.java:logGet(43)) - raft.server.snapshot.retention.num.files = 5 (custom)
2019-09-25 07:29:51,468 [pool-187-thread-1] INFO  server.RaftServerConfigKeys (ConfUtils.java:logGet(43)) - raft.server.retrycache.expirytime = 600000ms (custom)
2019-09-25 07:29:51,470 [pool-187-thread-1] INFO  impl.RaftServerImpl (RaftServerImpl.java:start(185)) - a19a6886-cb81-4302-a38d-47405969e88d@group-E1EE070E81A9: start as a follower, conf=-1: [a19a6886-cb81-4302-a38d-47405969e88d:192.168.151.106:43087], old=null
2019-09-25 07:29:51,470 [pool-187-thread-1] INFO  impl.RaftServerImpl (RaftServerImpl.java:setRole(174)) - a19a6886-cb81-4302-a38d-47405969e88d@group-E1EE070E81A9: changes role from      null to FOLLOWER at term 0 for startAsFollower
2019-09-25 07:29:51,470 [pool-187-thread-1] INFO  impl.RoleInfo (RoleInfo.java:updateAndGet(143)) - a19a6886-cb81-4302-a38d-47405969e88d: start FollowerState
2019-09-25 07:29:51,471 [pool-187-thread-1] INFO  util.JmxRegister (JmxRegister.java:tryRegister(44)) - Successfully registered JMX Bean with object name Ratis:service=RaftServer,group=group-E1EE070E81A9,id=a19a6886-cb81-4302-a38d-47405969e88d
2019-09-25 07:29:51,473 [RatisPipelineUtilsThread] INFO  pipeline.PipelineStateManager (PipelineStateManager.java:addPipeline(56)) - Created pipeline Pipeline[ Id: 944cce64-4591-4655-8ef2-e1ee070e81a9, Nodes: a19a6886-cb81-4302-a38d-47405969e88d{ip: 192.168.151.106, host: pr-hdds-1569-x2sr2-3486766547, networkLocation: /default-rack, certSerialId: null}, Type:RATIS, Factor:ONE, State:OPEN]
2019-09-25 07:29:51,474 [RatisPipelineUtilsThread] INFO  pipeline.PipelinePlacementPolicy (PipelinePlacementPolicy.java:meetCriteria(91)) - Pipeline Placement: can't place more pipeline on heavy datanode： 126e81bc-97e3-46f8-a1e8-0e987d7c3458 Heaviness: 6 limit: 5
2019-09-25 07:29:51,479 [grpc-default-executor-0] INFO  impl.RaftServerProxy (RaftServerProxy.java:addNew(89)) - a19a6886-cb81-4302-a38d-47405969e88d: addNew group-3AF60A9FCB1F:[a19a6886-cb81-4302-a38d-47405969e88d:192.168.151.106:43087] returns group-3AF60A9FCB1F:java.util.concurrent.CompletableFuture@43756870[Not completed]
2019-09-25 07:29:51,480 [pool-187-thread-1] INFO  impl.RaftServerImpl (RaftServerImpl.java:<init>(95)) - a19a6886-cb81-4302-a38d-47405969e88d: new RaftServerImpl for group-3AF60A9FCB1F:[a19a6886-cb81-4302-a38d-47405969e88d:192.168.151.106:43087] with ContainerStateMachine:uninitialized
2019-09-25 07:29:51,480 [pool-187-thread-1] INFO  server.RaftServerConfigKeys (ConfUtils.java:logGet(43)) - raft.server.rpc.timeout.min = 5s (custom)
2019-09-25 07:29:51,480 [pool-187-thread-1] INFO  server.RaftServerConfigKeys (ConfUtils.java:logGet(43)) - raft.server.rpc.timeout.max = 5200ms (custom)
2019-09-25 07:29:51,480 [pool-187-thread-1] INFO  server.RaftServerConfigKeys (ConfUtils.java:logGet(43)) - raft.server.rpcslowness.timeout = 120s (custom)
2019-09-25 07:29:51,480 [pool-187-thread-1] INFO  server.RaftServerConfigKeys (ConfUtils.java:logGet(43)) - raft.server.sleep.deviation.threshold = 300 (default)
2019-09-25 07:29:51,481 [pool-187-thread-1] INFO  server.RaftServerConfigKeys (ConfUtils.java:logGet(43)) - raft.server.log.appender.install.snapshot.enabled = false (custom)
2019-09-25 07:29:51,481 [pool-187-thread-1] INFO  impl.RaftServerImpl (ServerState.java:<init>(103)) - a19a6886-cb81-4302-a38d-47405969e88d@group-3AF60A9FCB1F: ConfigurationManager, init=-1: [a19a6886-cb81-4302-a38d-47405969e88d:192.168.151.106:43087], old=null, confs=<EMPTY_MAP>
2019-09-25 07:29:51,481 [pool-187-thread-1] INFO  server.RaftServerConfigKeys (ConfUtils.java:logGet(43)) - raft.server.storage.dir = [/workdir/hadoop-ozone/ozonefs/target/test-dir/MiniOzoneClusterImpl-a0a13e0f-1219-4868-bc3b-f345b2356b4a/datanode-1/data/ratis] (custom)
2019-09-25 07:29:51,481 [pool-187-thread-1] INFO  storage.RaftStorageDirectory (RaftStorageDirectory.java:analyzeStorage(246)) - The storage directory /workdir/hadoop-ozone/ozonefs/target/test-dir/MiniOzoneClusterImpl-a0a13e0f-1219-4868-bc3b-f345b2356b4a/datanode-1/data/ratis/2dda5386-647c-4b16-a839-3af60a9fcb1f does not exist. Creating ...
2019-09-25 07:29:51,498 [pool-187-thread-1] INFO  storage.RaftStorageDirectory (RaftStorageDirectory.java:tryLock(328)) - Lock on /workdir/hadoop-ozone/ozonefs/target/test-dir/MiniOzoneClusterImpl-a0a13e0f-1219-4868-bc3b-f345b2356b4a/datanode-1/data/ratis/2dda5386-647c-4b16-a839-3af60a9fcb1f/in_use.lock acquired by nodename 17738@pr-hdds-1569-x2sr2-3486766547
2019-09-25 07:29:51,513 [pool-187-thread-1] INFO  storage.RaftStorage (RaftStorage.java:format(72)) - Storage directory /workdir/hadoop-ozone/ozonefs/target/test-dir/MiniOzoneClusterImpl-a0a13e0f-1219-4868-bc3b-f345b2356b4a/datanode-1/data/ratis/2dda5386-647c-4b16-a839-3af60a9fcb1f has been successfully formatted.
2019-09-25 07:29:51,513 [pool-187-thread-1] INFO  ratis.ContainerStateMachine (ContainerStateMachine.java:loadSnapshot(230)) - group-3AF60A9FCB1F: The snapshot info is null. Setting the last applied indexto:(t:0, i:~)
2019-09-25 07:29:51,514 [pool-187-thread-1] INFO  server.RaftServerConfigKeys (ConfUtils.java:logGet(43)) - raft.server.notification.no-leader.timeout = 120s (custom)
2019-09-25 07:29:51,514 [pool-187-thread-1] INFO  server.RaftServerConfigKeys (ConfUtils.java:logGet(43)) - raft.server.log.use.memory = false (default)
2019-09-25 07:29:51,514 [pool-187-thread-1] INFO  server.RaftServerConfigKeys (ConfUtils.java:logGet(43)) - raft.server.log.purge.gap = 1000000 (custom)
2019-09-25 07:29:51,514 [pool-187-thread-1] INFO  server.RaftServerConfigKeys (ConfUtils.java:logGet(43)) - raft.server.log.appender.buffer.byte-limit = 33554432 (custom)
2019-09-25 07:29:51,514 [pool-187-thread-1] INFO  server.RaftServerConfigKeys (ConfUtils.java:logGet(43)) - raft.server.log.segment.size.max = 1048576 (custom)
2019-09-25 07:29:51,514 [pool-187-thread-1] INFO  server.RaftServerConfigKeys (ConfUtils.java:logGet(43)) - raft.server.log.segment.cache.num.max = 2 (custom)
2019-09-25 07:29:51,515 [pool-187-thread-1] INFO  segmented.SegmentedRaftLogWorker (SegmentedRaftLogWorker.java:<init>(172)) - new a19a6886-cb81-4302-a38d-47405969e88d@group-3AF60A9FCB1F-SegmentedRaftLogWorker for RaftStorage:Storage Directory /workdir/hadoop-ozone/ozonefs/target/test-dir/MiniOzoneClusterImpl-a0a13e0f-1219-4868-bc3b-f345b2356b4a/datanode-1/data/ratis/2dda5386-647c-4b16-a839-3af60a9fcb1f
2019-09-25 07:29:51,515 [pool-187-thread-1] INFO  server.RaftServerConfigKeys (ConfUtils.java:logGet(43)) - raft.server.log.queue.byte-limit = 2147483647 (custom)
2019-09-25 07:29:51,515 [pool-187-thread-1] INFO  server.RaftServerConfigKeys (ConfUtils.java:logGet(43)) - raft.server.log.queue.element-limit = 1024 (custom)
2019-09-25 07:29:51,515 [pool-187-thread-1] INFO  server.RaftServerConfigKeys (ConfUtils.java:logGet(43)) - raft.server.log.segment.size.max = 1048576 (custom)
2019-09-25 07:29:51,515 [pool-187-thread-1] INFO  server.RaftServerConfigKeys (ConfUtils.java:logGet(43)) - raft.server.log.preallocated.size = 16384 (custom)
2019-09-25 07:29:51,515 [pool-187-thread-1] INFO  server.RaftServerConfigKeys (ConfUtils.java:logGet(43)) - raft.server.log.write.buffer.size = 33554432 (custom)
2019-09-25 07:29:51,515 [pool-187-thread-1] INFO  server.RaftServerConfigKeys (ConfUtils.java:logGet(43)) - raft.server.log.force.sync.num = 128 (default)
2019-09-25 07:29:51,516 [pool-187-thread-1] INFO  server.RaftServerConfigKeys (ConfUtils.java:logGet(43)) - raft.server.log.statemachine.data.sync = true (default)
2019-09-25 07:29:51,516 [pool-187-thread-1] INFO  server.RaftServerConfigKeys (ConfUtils.java:logGet(43)) - raft.server.log.statemachine.data.sync.timeout = 10s (default)
2019-09-25 07:29:51,516 [pool-187-thread-1] INFO  server.RaftServerConfigKeys (ConfUtils.java:logGet(43)) - raft.server.log.statemachine.data.sync.timeout.retry = -1 (default)
2019-09-25 07:29:51,516 [pool-187-thread-1] INFO  server.RaftServerConfigKeys (ConfUtils.java:logGet(43)) - raft.server.log.statemachine.data.caching.enabled = true (custom)
2019-09-25 07:29:51,516 [pool-187-thread-1] INFO  segmented.SegmentedRaftLogWorker (SegmentedRaftLogWorker.java:lambda$new$0(132)) - a19a6886-cb81-4302-a38d-47405969e88d@group-3AF60A9FCB1F-SegmentedRaftLogWorker: flushIndex: setUnconditionally 0 -> -1
2019-09-25 07:29:51,517 [pool-187-thread-1] INFO  server.RaftServerConfigKeys (ConfUtils.java:logGet(43)) - raft.server.snapshot.auto.trigger.enabled = true (custom)
2019-09-25 07:29:51,517 [pool-187-thread-1] INFO  server.RaftServerConfigKeys (ConfUtils.java:logGet(43)) - raft.server.snapshot.auto.trigger.threshold = 10000 (custom)
2019-09-25 07:29:51,517 [pool-187-thread-1] INFO  server.RaftServerConfigKeys (ConfUtils.java:logGet(43)) - raft.server.snapshot.retention.num.files = 5 (custom)
2019-09-25 07:29:51,517 [pool-187-thread-1] INFO  server.RaftServerConfigKeys (ConfUtils.java:logGet(43)) - raft.server.retrycache.expirytime = 600000ms (custom)
2019-09-25 07:29:51,519 [pool-187-thread-1] INFO  impl.RaftServerImpl (RaftServerImpl.java:start(185)) - a19a6886-cb81-4302-a38d-47405969e88d@group-3AF60A9FCB1F: start as a follower, conf=-1: [a19a6886-cb81-4302-a38d-47405969e88d:192.168.151.106:43087], old=null
2019-09-25 07:29:51,520 [pool-187-thread-1] INFO  impl.RaftServerImpl (RaftServerImpl.java:setRole(174)) - a19a6886-cb81-4302-a38d-47405969e88d@group-3AF60A9FCB1F: changes role from      null to FOLLOWER at term 0 for startAsFollower
2019-09-25 07:29:51,520 [pool-187-thread-1] INFO  impl.RoleInfo (RoleInfo.java:updateAndGet(143)) - a19a6886-cb81-4302-a38d-47405969e88d: start FollowerState
2019-09-25 07:29:51,520 [pool-187-thread-1] INFO  util.JmxRegister (JmxRegister.java:tryRegister(44)) - Successfully registered JMX Bean with object name Ratis:service=RaftServer,group=group-3AF60A9FCB1F,id=a19a6886-cb81-4302-a38d-47405969e88d
2019-09-25 07:29:51,523 [RatisPipelineUtilsThread] INFO  pipeline.PipelineStateManager (PipelineStateManager.java:addPipeline(56)) - Created pipeline Pipeline[ Id: 2dda5386-647c-4b16-a839-3af60a9fcb1f, Nodes: a19a6886-cb81-4302-a38d-47405969e88d{ip: 192.168.151.106, host: pr-hdds-1569-x2sr2-3486766547, networkLocation: /default-rack, certSerialId: null}, Type:RATIS, Factor:ONE, State:OPEN]
2019-09-25 07:29:51,523 [RatisPipelineUtilsThread] INFO  pipeline.PipelinePlacementPolicy (PipelinePlacementPolicy.java:meetCriteria(91)) - Pipeline Placement: can't place more pipeline on heavy datanode： a19a6886-cb81-4302-a38d-47405969e88d Heaviness: 6 limit: 5
2019-09-25 07:29:51,523 [RatisPipelineUtilsThread] INFO  pipeline.PipelinePlacementPolicy (PipelinePlacementPolicy.java:meetCriteria(91)) - Pipeline Placement: can't place more pipeline on heavy datanode： 126e81bc-97e3-46f8-a1e8-0e987d7c3458 Heaviness: 6 limit: 5
2019-09-25 07:29:51,529 [grpc-default-executor-0] INFO  impl.RaftServerProxy (RaftServerProxy.java:addNew(89)) - 2fe7b077-4a7c-42ee-8783-920c916b7d94: addNew group-4ADCFD783844:[2fe7b077-4a7c-42ee-8783-920c916b7d94:192.168.151.106:34898] returns group-4ADCFD783844:java.util.concurrent.CompletableFuture@2812be33[Not completed]
2019-09-25 07:29:51,530 [pool-197-thread-1] INFO  impl.RaftServerImpl (RaftServerImpl.java:<init>(95)) - 2fe7b077-4a7c-42ee-8783-920c916b7d94: new RaftServerImpl for group-4ADCFD783844:[2fe7b077-4a7c-42ee-8783-920c916b7d94:192.168.151.106:34898] with ContainerStateMachine:uninitialized
2019-09-25 07:29:51,530 [pool-197-thread-1] INFO  server.RaftServerConfigKeys (ConfUtils.java:logGet(43)) - raft.server.rpc.timeout.min = 5s (custom)
2019-09-25 07:29:51,530 [pool-197-thread-1] INFO  server.RaftServerConfigKeys (ConfUtils.java:logGet(43)) - raft.server.rpc.timeout.max = 5200ms (custom)
2019-09-25 07:29:51,530 [pool-197-thread-1] INFO  server.RaftServerConfigKeys (ConfUtils.java:logGet(43)) - raft.server.rpcslowness.timeout = 120s (custom)
2019-09-25 07:29:51,531 [pool-197-thread-1] INFO  server.RaftServerConfigKeys (ConfUtils.java:logGet(43)) - raft.server.sleep.deviation.threshold = 300 (default)
2019-09-25 07:29:51,531 [pool-197-thread-1] INFO  server.RaftServerConfigKeys (ConfUtils.java:logGet(43)) - raft.server.log.appender.install.snapshot.enabled = false (custom)
2019-09-25 07:29:51,531 [pool-197-thread-1] INFO  impl.RaftServerImpl (ServerState.java:<init>(103)) - 2fe7b077-4a7c-42ee-8783-920c916b7d94@group-4ADCFD783844: ConfigurationManager, init=-1: [2fe7b077-4a7c-42ee-8783-920c916b7d94:192.168.151.106:34898], old=null, confs=<EMPTY_MAP>
2019-09-25 07:29:51,531 [pool-197-thread-1] INFO  server.RaftServerConfigKeys (ConfUtils.java:logGet(43)) - raft.server.storage.dir = [/workdir/hadoop-ozone/ozonefs/target/test-dir/MiniOzoneClusterImpl-a0a13e0f-1219-4868-bc3b-f345b2356b4a/datanode-2/data/ratis] (custom)
2019-09-25 07:29:51,531 [pool-197-thread-1] INFO  storage.RaftStorageDirectory (RaftStorageDirectory.java:analyzeStorage(246)) - The storage directory /workdir/hadoop-ozone/ozonefs/target/test-dir/MiniOzoneClusterImpl-a0a13e0f-1219-4868-bc3b-f345b2356b4a/datanode-2/data/ratis/749b3a4d-b2bb-44ee-a05a-4adcfd783844 does not exist. Creating ...
2019-09-25 07:29:51,553 [pool-197-thread-1] INFO  storage.RaftStorageDirectory (RaftStorageDirectory.java:tryLock(328)) - Lock on /workdir/hadoop-ozone/ozonefs/target/test-dir/MiniOzoneClusterImpl-a0a13e0f-1219-4868-bc3b-f345b2356b4a/datanode-2/data/ratis/749b3a4d-b2bb-44ee-a05a-4adcfd783844/in_use.lock acquired by nodename 17738@pr-hdds-1569-x2sr2-3486766547
2019-09-25 07:29:51,566 [pool-197-thread-1] INFO  storage.RaftStorage (RaftStorage.java:format(72)) - Storage directory /workdir/hadoop-ozone/ozonefs/target/test-dir/MiniOzoneClusterImpl-a0a13e0f-1219-4868-bc3b-f345b2356b4a/datanode-2/data/ratis/749b3a4d-b2bb-44ee-a05a-4adcfd783844 has been successfully formatted.
2019-09-25 07:29:51,566 [pool-197-thread-1] INFO  ratis.ContainerStateMachine (ContainerStateMachine.java:loadSnapshot(230)) - group-4ADCFD783844: The snapshot info is null. Setting the last applied indexto:(t:0, i:~)
2019-09-25 07:29:51,567 [pool-197-thread-1] INFO  server.RaftServerConfigKeys (ConfUtils.java:logGet(43)) - raft.server.notification.no-leader.timeout = 120s (custom)
2019-09-25 07:29:51,567 [pool-197-thread-1] INFO  server.RaftServerConfigKeys (ConfUtils.java:logGet(43)) - raft.server.log.use.memory = false (default)
2019-09-25 07:29:51,567 [pool-197-thread-1] INFO  server.RaftServerConfigKeys (ConfUtils.java:logGet(43)) - raft.server.log.purge.gap = 1000000 (custom)
2019-09-25 07:29:51,567 [pool-197-thread-1] INFO  server.RaftServerConfigKeys (ConfUtils.java:logGet(43)) - raft.server.log.appender.buffer.byte-limit = 33554432 (custom)
2019-09-25 07:29:51,567 [pool-197-thread-1] INFO  server.RaftServerConfigKeys (ConfUtils.java:logGet(43)) - raft.server.log.segment.size.max = 1048576 (custom)
2019-09-25 07:29:51,567 [pool-197-thread-1] INFO  server.RaftServerConfigKeys (ConfUtils.java:logGet(43)) - raft.server.log.segment.cache.num.max = 2 (custom)
2019-09-25 07:29:51,568 [pool-197-thread-1] INFO  segmented.SegmentedRaftLogWorker (SegmentedRaftLogWorker.java:<init>(172)) - new 2fe7b077-4a7c-42ee-8783-920c916b7d94@group-4ADCFD783844-SegmentedRaftLogWorker for RaftStorage:Storage Directory /workdir/hadoop-ozone/ozonefs/target/test-dir/MiniOzoneClusterImpl-a0a13e0f-1219-4868-bc3b-f345b2356b4a/datanode-2/data/ratis/749b3a4d-b2bb-44ee-a05a-4adcfd783844
2019-09-25 07:29:51,568 [pool-197-thread-1] INFO  server.RaftServerConfigKeys (ConfUtils.java:logGet(43)) - raft.server.log.queue.byte-limit = 2147483647 (custom)
2019-09-25 07:29:51,568 [pool-197-thread-1] INFO  server.RaftServerConfigKeys (ConfUtils.java:logGet(43)) - raft.server.log.queue.element-limit = 1024 (custom)
2019-09-25 07:29:51,568 [pool-197-thread-1] INFO  server.RaftServerConfigKeys (ConfUtils.java:logGet(43)) - raft.server.log.segment.size.max = 1048576 (custom)
2019-09-25 07:29:51,568 [pool-197-thread-1] INFO  server.RaftServerConfigKeys (ConfUtils.java:logGet(43)) - raft.server.log.preallocated.size = 16384 (custom)
2019-09-25 07:29:51,568 [pool-197-thread-1] INFO  server.RaftServerConfigKeys (ConfUtils.java:logGet(43)) - raft.server.log.write.buffer.size = 33554432 (custom)
2019-09-25 07:29:51,569 [pool-197-thread-1] INFO  server.RaftServerConfigKeys (ConfUtils.java:logGet(43)) - raft.server.log.force.sync.num = 128 (default)
2019-09-25 07:29:51,569 [pool-197-thread-1] INFO  server.RaftServerConfigKeys (ConfUtils.java:logGet(43)) - raft.server.log.statemachine.data.sync = true (default)
2019-09-25 07:29:51,569 [pool-197-thread-1] INFO  server.RaftServerConfigKeys (ConfUtils.java:logGet(43)) - raft.server.log.statemachine.data.sync.timeout = 10s (default)
2019-09-25 07:29:51,569 [pool-197-thread-1] INFO  server.RaftServerConfigKeys (ConfUtils.java:logGet(43)) - raft.server.log.statemachine.data.sync.timeout.retry = -1 (default)
2019-09-25 07:29:51,569 [pool-197-thread-1] INFO  server.RaftServerConfigKeys (ConfUtils.java:logGet(43)) - raft.server.log.statemachine.data.caching.enabled = true (custom)
2019-09-25 07:29:51,570 [pool-197-thread-1] INFO  segmented.SegmentedRaftLogWorker (SegmentedRaftLogWorker.java:lambda$new$0(132)) - 2fe7b077-4a7c-42ee-8783-920c916b7d94@group-4ADCFD783844-SegmentedRaftLogWorker: flushIndex: setUnconditionally 0 -> -1
2019-09-25 07:29:51,570 [pool-197-thread-1] INFO  server.RaftServerConfigKeys (ConfUtils.java:logGet(43)) - raft.server.snapshot.auto.trigger.enabled = true (custom)
2019-09-25 07:29:51,570 [pool-197-thread-1] INFO  server.RaftServerConfigKeys (ConfUtils.java:logGet(43)) - raft.server.snapshot.auto.trigger.threshold = 10000 (custom)
2019-09-25 07:29:51,570 [pool-197-thread-1] INFO  server.RaftServerConfigKeys (ConfUtils.java:logGet(43)) - raft.server.snapshot.retention.num.files = 5 (custom)
2019-09-25 07:29:51,571 [pool-197-thread-1] INFO  server.RaftServerConfigKeys (ConfUtils.java:logGet(43)) - raft.server.retrycache.expirytime = 600000ms (custom)
2019-09-25 07:29:51,572 [pool-197-thread-1] INFO  impl.RaftServerImpl (RaftServerImpl.java:start(185)) - 2fe7b077-4a7c-42ee-8783-920c916b7d94@group-4ADCFD783844: start as a follower, conf=-1: [2fe7b077-4a7c-42ee-8783-920c916b7d94:192.168.151.106:34898], old=null
2019-09-25 07:29:51,572 [pool-197-thread-1] INFO  impl.RaftServerImpl (RaftServerImpl.java:setRole(174)) - 2fe7b077-4a7c-42ee-8783-920c916b7d94@group-4ADCFD783844: changes role from      null to FOLLOWER at term 0 for startAsFollower
2019-09-25 07:29:51,573 [pool-197-thread-1] INFO  impl.RoleInfo (RoleInfo.java:updateAndGet(143)) - 2fe7b077-4a7c-42ee-8783-920c916b7d94: start FollowerState
2019-09-25 07:29:51,573 [pool-197-thread-1] INFO  util.JmxRegister (JmxRegister.java:tryRegister(44)) - Successfully registered JMX Bean with object name Ratis:service=RaftServer,group=group-4ADCFD783844,id=2fe7b077-4a7c-42ee-8783-920c916b7d94
2019-09-25 07:29:51,576 [RatisPipelineUtilsThread] INFO  pipeline.PipelineStateManager (PipelineStateManager.java:addPipeline(56)) - Created pipeline Pipeline[ Id: 749b3a4d-b2bb-44ee-a05a-4adcfd783844, Nodes: 2fe7b077-4a7c-42ee-8783-920c916b7d94{ip: 192.168.151.106, host: pr-hdds-1569-x2sr2-3486766547, networkLocation: /default-rack, certSerialId: null}, Type:RATIS, Factor:ONE, State:OPEN]
2019-09-25 07:29:51,576 [RatisPipelineUtilsThread] INFO  pipeline.PipelinePlacementPolicy (PipelinePlacementPolicy.java:meetCriteria(91)) - Pipeline Placement: can't place more pipeline on heavy datanode： 2fe7b077-4a7c-42ee-8783-920c916b7d94 Heaviness: 6 limit: 5
2019-09-25 07:29:51,576 [RatisPipelineUtilsThread] INFO  pipeline.PipelinePlacementPolicy (PipelinePlacementPolicy.java:meetCriteria(91)) - Pipeline Placement: can't place more pipeline on heavy datanode： a19a6886-cb81-4302-a38d-47405969e88d Heaviness: 6 limit: 5
2019-09-25 07:29:51,576 [RatisPipelineUtilsThread] INFO  pipeline.PipelinePlacementPolicy (PipelinePlacementPolicy.java:meetCriteria(91)) - Pipeline Placement: can't place more pipeline on heavy datanode： 126e81bc-97e3-46f8-a1e8-0e987d7c3458 Heaviness: 6 limit: 5
2019-09-25 07:29:51,577 [RatisPipelineUtilsThread] ERROR pipeline.PipelinePlacementPolicy (PipelinePlacementPolicy.java:filterViableNodes(148)) - Unable to find enough nodes that meet the criteria that cannot engage in more than 5 pipelines. Nodes required: 1 Found: 0, healthy nodes count inNodeManager: 3.
2019-09-25 07:29:51,577 [RatisPipelineUtilsThread] ERROR pipeline.SCMPipelineManager (SCMPipelineManager.java:createPipeline(167)) - Pipeline creation failed.
org.apache.hadoop.hdds.scm.exceptions.SCMException: Unable to find enough nodes that meet the criteria that cannot engage in more than 5 pipelines. Nodes required: 1 Found: 0, healthy nodes count inNodeManager: 3.
	at org.apache.hadoop.hdds.scm.pipeline.PipelinePlacementPolicy.filterViableNodes(PipelinePlacementPolicy.java:149)
	at org.apache.hadoop.hdds.scm.pipeline.PipelinePlacementPolicy.chooseDatanodes(PipelinePlacementPolicy.java:172)
	at org.apache.hadoop.hdds.scm.pipeline.RatisPipelineProvider.create(RatisPipelineProvider.java:93)
	at org.apache.hadoop.hdds.scm.pipeline.PipelineFactory.create(PipelineFactory.java:58)
	at org.apache.hadoop.hdds.scm.pipeline.SCMPipelineManager.createPipeline(SCMPipelineManager.java:155)
	at org.apache.hadoop.hdds.scm.pipeline.BackgroundPipelineCreator.createPipelines(BackgroundPipelineCreator.java:99)
	at java.util.concurrent.Executors$RunnableAdapter.call(Executors.java:511)
	at java.util.concurrent.FutureTask.run(FutureTask.java:266)
	at java.util.concurrent.ScheduledThreadPoolExecutor$ScheduledFutureTask.access$201(ScheduledThreadPoolExecutor.java:180)
	at java.util.concurrent.ScheduledThreadPoolExecutor$ScheduledFutureTask.run(ScheduledThreadPoolExecutor.java:293)
	at java.util.concurrent.ThreadPoolExecutor.runWorker(ThreadPoolExecutor.java:1149)
	at java.util.concurrent.ThreadPoolExecutor$Worker.run(ThreadPoolExecutor.java:624)
	at java.lang.Thread.run(Thread.java:748)
2019-09-25 07:29:51,577 [RatisPipelineUtilsThread] INFO  pipeline.PipelinePlacementPolicy (PipelinePlacementPolicy.java:meetCriteria(91)) - Pipeline Placement: can't place more pipeline on heavy datanode： 2fe7b077-4a7c-42ee-8783-920c916b7d94 Heaviness: 6 limit: 5
2019-09-25 07:29:51,578 [RatisPipelineUtilsThread] INFO  pipeline.PipelinePlacementPolicy (PipelinePlacementPolicy.java:meetCriteria(91)) - Pipeline Placement: can't place more pipeline on heavy datanode： a19a6886-cb81-4302-a38d-47405969e88d Heaviness: 6 limit: 5
2019-09-25 07:29:51,578 [RatisPipelineUtilsThread] INFO  pipeline.PipelinePlacementPolicy (PipelinePlacementPolicy.java:meetCriteria(91)) - Pipeline Placement: can't place more pipeline on heavy datanode： 126e81bc-97e3-46f8-a1e8-0e987d7c3458 Heaviness: 6 limit: 5
2019-09-25 07:29:51,578 [RatisPipelineUtilsThread] ERROR pipeline.PipelinePlacementPolicy (PipelinePlacementPolicy.java:filterViableNodes(148)) - Unable to find enough nodes that meet the criteria that cannot engage in more than 5 pipelines. Nodes required: 3 Found: 0, healthy nodes count inNodeManager: 3.
2019-09-25 07:29:51,578 [RatisPipelineUtilsThread] ERROR pipeline.SCMPipelineManager (SCMPipelineManager.java:createPipeline(167)) - Pipeline creation failed.
org.apache.hadoop.hdds.scm.exceptions.SCMException: Unable to find enough nodes that meet the criteria that cannot engage in more than 5 pipelines. Nodes required: 3 Found: 0, healthy nodes count inNodeManager: 3.
	at org.apache.hadoop.hdds.scm.pipeline.PipelinePlacementPolicy.filterViableNodes(PipelinePlacementPolicy.java:149)
	at org.apache.hadoop.hdds.scm.pipeline.PipelinePlacementPolicy.chooseDatanodes(PipelinePlacementPolicy.java:172)
	at org.apache.hadoop.hdds.scm.pipeline.RatisPipelineProvider.create(RatisPipelineProvider.java:93)
	at org.apache.hadoop.hdds.scm.pipeline.PipelineFactory.create(PipelineFactory.java:58)
	at org.apache.hadoop.hdds.scm.pipeline.SCMPipelineManager.createPipeline(SCMPipelineManager.java:155)
	at org.apache.hadoop.hdds.scm.pipeline.BackgroundPipelineCreator.createPipelines(BackgroundPipelineCreator.java:99)
	at java.util.concurrent.Executors$RunnableAdapter.call(Executors.java:511)
	at java.util.concurrent.FutureTask.run(FutureTask.java:266)
	at java.util.concurrent.ScheduledThreadPoolExecutor$ScheduledFutureTask.access$201(ScheduledThreadPoolExecutor.java:180)
	at java.util.concurrent.ScheduledThreadPoolExecutor$ScheduledFutureTask.run(ScheduledThreadPoolExecutor.java:293)
	at java.util.concurrent.ThreadPoolExecutor.runWorker(ThreadPoolExecutor.java:1149)
	at java.util.concurrent.ThreadPoolExecutor$Worker.run(ThreadPoolExecutor.java:624)
	at java.lang.Thread.run(Thread.java:748)
2019-09-25 07:29:51,578 [RatisPipelineUtilsThread] INFO  pipeline.PipelinePlacementPolicy (PipelinePlacementPolicy.java:meetCriteria(91)) - Pipeline Placement: can't place more pipeline on heavy datanode： 2fe7b077-4a7c-42ee-8783-920c916b7d94 Heaviness: 6 limit: 5
2019-09-25 07:29:51,579 [RatisPipelineUtilsThread] INFO  pipeline.PipelinePlacementPolicy (PipelinePlacementPolicy.java:meetCriteria(91)) - Pipeline Placement: can't place more pipeline on heavy datanode： a19a6886-cb81-4302-a38d-47405969e88d Heaviness: 6 limit: 5
2019-09-25 07:29:51,579 [RatisPipelineUtilsThread] INFO  pipeline.PipelinePlacementPolicy (PipelinePlacementPolicy.java:meetCriteria(91)) - Pipeline Placement: can't place more pipeline on heavy datanode： 126e81bc-97e3-46f8-a1e8-0e987d7c3458 Heaviness: 6 limit: 5
2019-09-25 07:29:51,579 [RatisPipelineUtilsThread] ERROR pipeline.PipelinePlacementPolicy (PipelinePlacementPolicy.java:filterViableNodes(148)) - Unable to find enough nodes that meet the criteria that cannot engage in more than 5 pipelines. Nodes required: 1 Found: 0, healthy nodes count inNodeManager: 3.
2019-09-25 07:29:51,579 [RatisPipelineUtilsThread] ERROR pipeline.SCMPipelineManager (SCMPipelineManager.java:createPipeline(167)) - Pipeline creation failed.
org.apache.hadoop.hdds.scm.exceptions.SCMException: Unable to find enough nodes that meet the criteria that cannot engage in more than 5 pipelines. Nodes required: 1 Found: 0, healthy nodes count inNodeManager: 3.
	at org.apache.hadoop.hdds.scm.pipeline.PipelinePlacementPolicy.filterViableNodes(PipelinePlacementPolicy.java:149)
	at org.apache.hadoop.hdds.scm.pipeline.PipelinePlacementPolicy.chooseDatanodes(PipelinePlacementPolicy.java:172)
	at org.apache.hadoop.hdds.scm.pipeline.RatisPipelineProvider.create(RatisPipelineProvider.java:93)
	at org.apache.hadoop.hdds.scm.pipeline.PipelineFactory.create(PipelineFactory.java:58)
	at org.apache.hadoop.hdds.scm.pipeline.SCMPipelineManager.createPipeline(SCMPipelineManager.java:155)
	at org.apache.hadoop.hdds.scm.pipeline.BackgroundPipelineCreator.createPipelines(BackgroundPipelineCreator.java:99)
	at org.apache.hadoop.hdds.scm.pipeline.BackgroundPipelineCreator.lambda$startFixedIntervalPipelineCreator$0(BackgroundPipelineCreator.java:70)
	at java.util.concurrent.Executors$RunnableAdapter.call(Executors.java:511)
	at java.util.concurrent.FutureTask.runAndReset(FutureTask.java:308)
	at java.util.concurrent.ScheduledThreadPoolExecutor$ScheduledFutureTask.access$301(ScheduledThreadPoolExecutor.java:180)
	at java.util.concurrent.ScheduledThreadPoolExecutor$ScheduledFutureTask.run(ScheduledThreadPoolExecutor.java:294)
	at java.util.concurrent.ThreadPoolExecutor.runWorker(ThreadPoolExecutor.java:1149)
	at java.util.concurrent.ThreadPoolExecutor$Worker.run(ThreadPoolExecutor.java:624)
	at java.lang.Thread.run(Thread.java:748)
2019-09-25 07:29:51,580 [RatisPipelineUtilsThread] INFO  pipeline.PipelinePlacementPolicy (PipelinePlacementPolicy.java:meetCriteria(91)) - Pipeline Placement: can't place more pipeline on heavy datanode： 2fe7b077-4a7c-42ee-8783-920c916b7d94 Heaviness: 6 limit: 5
2019-09-25 07:29:51,580 [RatisPipelineUtilsThread] INFO  pipeline.PipelinePlacementPolicy (PipelinePlacementPolicy.java:meetCriteria(91)) - Pipeline Placement: can't place more pipeline on heavy datanode： a19a6886-cb81-4302-a38d-47405969e88d Heaviness: 6 limit: 5
2019-09-25 07:29:51,580 [RatisPipelineUtilsThread] INFO  pipeline.PipelinePlacementPolicy (PipelinePlacementPolicy.java:meetCriteria(91)) - Pipeline Placement: can't place more pipeline on heavy datanode： 126e81bc-97e3-46f8-a1e8-0e987d7c3458 Heaviness: 6 limit: 5
2019-09-25 07:29:51,580 [RatisPipelineUtilsThread] ERROR pipeline.PipelinePlacementPolicy (PipelinePlacementPolicy.java:filterViableNodes(148)) - Unable to find enough nodes that meet the criteria that cannot engage in more than 5 pipelines. Nodes required: 3 Found: 0, healthy nodes count inNodeManager: 3.
2019-09-25 07:29:51,580 [RatisPipelineUtilsThread] ERROR pipeline.SCMPipelineManager (SCMPipelineManager.java:createPipeline(167)) - Pipeline creation failed.
org.apache.hadoop.hdds.scm.exceptions.SCMException: Unable to find enough nodes that meet the criteria that cannot engage in more than 5 pipelines. Nodes required: 3 Found: 0, healthy nodes count inNodeManager: 3.
	at org.apache.hadoop.hdds.scm.pipeline.PipelinePlacementPolicy.filterViableNodes(PipelinePlacementPolicy.java:149)
	at org.apache.hadoop.hdds.scm.pipeline.PipelinePlacementPolicy.chooseDatanodes(PipelinePlacementPolicy.java:172)
	at org.apache.hadoop.hdds.scm.pipeline.RatisPipelineProvider.create(RatisPipelineProvider.java:93)
	at org.apache.hadoop.hdds.scm.pipeline.PipelineFactory.create(PipelineFactory.java:58)
	at org.apache.hadoop.hdds.scm.pipeline.SCMPipelineManager.createPipeline(SCMPipelineManager.java:155)
	at org.apache.hadoop.hdds.scm.pipeline.BackgroundPipelineCreator.createPipelines(BackgroundPipelineCreator.java:99)
	at org.apache.hadoop.hdds.scm.pipeline.BackgroundPipelineCreator.lambda$startFixedIntervalPipelineCreator$0(BackgroundPipelineCreator.java:70)
	at java.util.concurrent.Executors$RunnableAdapter.call(Executors.java:511)
	at java.util.concurrent.FutureTask.runAndReset(FutureTask.java:308)
	at java.util.concurrent.ScheduledThreadPoolExecutor$ScheduledFutureTask.access$301(ScheduledThreadPoolExecutor.java:180)
	at java.util.concurrent.ScheduledThreadPoolExecutor$ScheduledFutureTask.run(ScheduledThreadPoolExecutor.java:294)
	at java.util.concurrent.ThreadPoolExecutor.runWorker(ThreadPoolExecutor.java:1149)
	at java.util.concurrent.ThreadPoolExecutor$Worker.run(ThreadPoolExecutor.java:624)
	at java.lang.Thread.run(Thread.java:748)
2019-09-25 07:29:51,734 [Thread-806] INFO  ozone.MiniOzoneClusterImpl (MiniOzoneClusterImpl.java:lambda$waitForClusterToBeReady$0(147)) - Cluster is ready. Got 3 of 3 DN Heartbeats.
2019-09-25 07:29:51,790 [Thread-806] INFO  rpc.RpcClient (RpcClient.java:createVolume(276)) - Creating Volume: volume74705, with user93639 as owner.
2019-09-25 07:29:51,795 [IPC Server handler 3 on 43222] INFO  volume.OMVolumeCreateRequest (OMVolumeCreateRequest.java:validateAndUpdateCache(189)) - created volume:volume74705 for user:user93639
2019-09-25 07:29:51,812 [Thread-806] INFO  rpc.RpcClient (RpcClient.java:createBucket(415)) - Creating Bucket: volume74705/bucket03924, with Versioning false and Storage Type set to DISK and Encryption set to false 
2019-09-25 07:29:51,865 [IPC Server handler 1 on 34792] INFO  pipeline.PipelinePlacementPolicy (PipelinePlacementPolicy.java:meetCriteria(91)) - Pipeline Placement: can't place more pipeline on heavy datanode： 2fe7b077-4a7c-42ee-8783-920c916b7d94 Heaviness: 6 limit: 5
2019-09-25 07:29:51,866 [IPC Server handler 1 on 34792] INFO  pipeline.PipelinePlacementPolicy (PipelinePlacementPolicy.java:meetCriteria(91)) - Pipeline Placement: can't place more pipeline on heavy datanode： a19a6886-cb81-4302-a38d-47405969e88d Heaviness: 6 limit: 5
2019-09-25 07:29:51,866 [IPC Server handler 1 on 34792] INFO  pipeline.PipelinePlacementPolicy (PipelinePlacementPolicy.java:meetCriteria(91)) - Pipeline Placement: can't place more pipeline on heavy datanode： 126e81bc-97e3-46f8-a1e8-0e987d7c3458 Heaviness: 6 limit: 5
2019-09-25 07:29:51,866 [IPC Server handler 1 on 34792] ERROR pipeline.PipelinePlacementPolicy (PipelinePlacementPolicy.java:filterViableNodes(148)) - Unable to find enough nodes that meet the criteria that cannot engage in more than 5 pipelines. Nodes required: 3 Found: 0, healthy nodes count inNodeManager: 3.
2019-09-25 07:29:51,866 [IPC Server handler 1 on 34792] ERROR pipeline.SCMPipelineManager (SCMPipelineManager.java:createPipeline(167)) - Pipeline creation failed.
org.apache.hadoop.hdds.scm.exceptions.SCMException: Unable to find enough nodes that meet the criteria that cannot engage in more than 5 pipelines. Nodes required: 3 Found: 0, healthy nodes count inNodeManager: 3.
	at org.apache.hadoop.hdds.scm.pipeline.PipelinePlacementPolicy.filterViableNodes(PipelinePlacementPolicy.java:149)
	at org.apache.hadoop.hdds.scm.pipeline.PipelinePlacementPolicy.chooseDatanodes(PipelinePlacementPolicy.java:172)
	at org.apache.hadoop.hdds.scm.pipeline.RatisPipelineProvider.create(RatisPipelineProvider.java:93)
	at org.apache.hadoop.hdds.scm.pipeline.PipelineFactory.create(PipelineFactory.java:58)
	at org.apache.hadoop.hdds.scm.pipeline.SCMPipelineManager.createPipeline(SCMPipelineManager.java:155)
	at org.apache.hadoop.hdds.scm.block.BlockManagerImpl.allocateBlock(BlockManagerImpl.java:190)
	at org.apache.hadoop.hdds.scm.server.SCMBlockProtocolServer.allocateBlock(SCMBlockProtocolServer.java:182)
	at org.apache.hadoop.ozone.protocolPB.ScmBlockLocationProtocolServerSideTranslatorPB.allocateScmBlock(ScmBlockLocationProtocolServerSideTranslatorPB.java:183)
	at org.apache.hadoop.ozone.protocolPB.ScmBlockLocationProtocolServerSideTranslatorPB.processMessage(ScmBlockLocationProtocolServerSideTranslatorPB.java:141)
	at org.apache.hadoop.ozone.protocolPB.ScmBlockLocationProtocolServerSideTranslatorPB.send(ScmBlockLocationProtocolServerSideTranslatorPB.java:116)
	at org.apache.hadoop.hdds.protocol.proto.ScmBlockLocationProtocolProtos$ScmBlockLocationProtocolService$2.callBlockingMethod(ScmBlockLocationProtocolProtos.java:13157)
	at org.apache.hadoop.ipc.ProtobufRpcEngine$Server$ProtoBufRpcInvoker.call(ProtobufRpcEngine.java:524)
	at org.apache.hadoop.ipc.RPC$Server.call(RPC.java:1025)
	at org.apache.hadoop.ipc.Server$RpcCall.run(Server.java:876)
	at org.apache.hadoop.ipc.Server$RpcCall.run(Server.java:822)
	at java.security.AccessController.doPrivileged(Native Method)
	at javax.security.auth.Subject.doAs(Subject.java:422)
	at org.apache.hadoop.security.UserGroupInformation.doAs(UserGroupInformation.java:1730)
	at org.apache.hadoop.ipc.Server$Handler.run(Server.java:2682)
2019-09-25 07:29:51,867 [IPC Server handler 1 on 34792] WARN  block.BlockManagerImpl (BlockManagerImpl.java:allocateBlock(192)) - Pipeline creation failed for type:RATIS factor:THREE. Retrying get pipelines call once.
org.apache.hadoop.hdds.scm.exceptions.SCMException: Unable to find enough nodes that meet the criteria that cannot engage in more than 5 pipelines. Nodes required: 3 Found: 0, healthy nodes count inNodeManager: 3.
	at org.apache.hadoop.hdds.scm.pipeline.PipelinePlacementPolicy.filterViableNodes(PipelinePlacementPolicy.java:149)
	at org.apache.hadoop.hdds.scm.pipeline.PipelinePlacementPolicy.chooseDatanodes(PipelinePlacementPolicy.java:172)
	at org.apache.hadoop.hdds.scm.pipeline.RatisPipelineProvider.create(RatisPipelineProvider.java:93)
	at org.apache.hadoop.hdds.scm.pipeline.PipelineFactory.create(PipelineFactory.java:58)
	at org.apache.hadoop.hdds.scm.pipeline.SCMPipelineManager.createPipeline(SCMPipelineManager.java:155)
	at org.apache.hadoop.hdds.scm.block.BlockManagerImpl.allocateBlock(BlockManagerImpl.java:190)
	at org.apache.hadoop.hdds.scm.server.SCMBlockProtocolServer.allocateBlock(SCMBlockProtocolServer.java:182)
	at org.apache.hadoop.ozone.protocolPB.ScmBlockLocationProtocolServerSideTranslatorPB.allocateScmBlock(ScmBlockLocationProtocolServerSideTranslatorPB.java:183)
	at org.apache.hadoop.ozone.protocolPB.ScmBlockLocationProtocolServerSideTranslatorPB.processMessage(ScmBlockLocationProtocolServerSideTranslatorPB.java:141)
	at org.apache.hadoop.ozone.protocolPB.ScmBlockLocationProtocolServerSideTranslatorPB.send(ScmBlockLocationProtocolServerSideTranslatorPB.java:116)
	at org.apache.hadoop.hdds.protocol.proto.ScmBlockLocationProtocolProtos$ScmBlockLocationProtocolService$2.callBlockingMethod(ScmBlockLocationProtocolProtos.java:13157)
	at org.apache.hadoop.ipc.ProtobufRpcEngine$Server$ProtoBufRpcInvoker.call(ProtobufRpcEngine.java:524)
	at org.apache.hadoop.ipc.RPC$Server.call(RPC.java:1025)
	at org.apache.hadoop.ipc.Server$RpcCall.run(Server.java:876)
	at org.apache.hadoop.ipc.Server$RpcCall.run(Server.java:822)
	at java.security.AccessController.doPrivileged(Native Method)
	at javax.security.auth.Subject.doAs(Subject.java:422)
	at org.apache.hadoop.security.UserGroupInformation.doAs(UserGroupInformation.java:1730)
	at org.apache.hadoop.ipc.Server$Handler.run(Server.java:2682)
2019-09-25 07:29:51,867 [IPC Server handler 1 on 34792] INFO  block.BlockManagerImpl (BlockManagerImpl.java:allocateBlock(198)) - Could not find available pipeline of type:RATIS and factor:THREE even after retrying
2019-09-25 07:29:51,867 [IPC Server handler 1 on 34792] ERROR block.BlockManagerImpl (BlockManagerImpl.java:allocateBlock(222)) - Unable to allocate a block for the size: 4194304, type: RATIS, factor: THREE
2019-09-25 07:29:51,869 [Thread-806] INFO  ozone.MiniOzoneClusterImpl (MiniOzoneClusterImpl.java:shutdown(314)) - Shutting down the Mini Ozone Cluster
2019-09-25 07:29:51,869 [Thread-806] INFO  ozone.MiniOzoneClusterImpl (MiniOzoneClusterImpl.java:stop(330)) - Stopping the Mini Ozone Cluster
2019-09-25 07:29:51,869 [Thread-806] INFO  ozone.MiniOzoneClusterImpl (MiniOzoneClusterImpl.java:stopOM(400)) - Stopping the OzoneManager
2019-09-25 07:29:51,869 [Thread-806] INFO  ipc.Server (Server.java:stop(3082)) - Stopping server on 43222
2019-09-25 07:29:51,874 [IPC Server listener on 43222] INFO  ipc.Server (Server.java:run(1185)) - Stopping IPC Server listener on 43222
2019-09-25 07:29:51,875 [Thread-806] INFO  ratis.OzoneManagerDoubleBuffer (OzoneManagerDoubleBuffer.java:stop(248)) - Stopping OMDoubleBuffer flush thread
2019-09-25 07:29:51,875 [OMDoubleBufferFlushThread] INFO  ratis.OzoneManagerDoubleBuffer (OzoneManagerDoubleBuffer.java:flushTransactions(191)) - OMDoubleBuffer flush thread OMDoubleBufferFlushThread is interrupted and will exit. OMDoubleBufferFlushThread
2019-09-25 07:29:51,875 [IPC Server Responder] INFO  ipc.Server (Server.java:run(1319)) - Stopping IPC Server Responder
2019-09-25 07:29:51,878 [Thread-806] INFO  utils.BackgroundService (BackgroundService.java:shutdown(148)) - Shutting down service KeyDeletingService
2019-09-25 07:29:51,881 [Thread-806] INFO  handler.ContextHandler (ContextHandler.java:doStop(910)) - Stopped o.e.j.w.WebAppContext@5564a092{/,null,UNAVAILABLE}{/ozoneManager}
2019-09-25 07:29:51,882 [Thread-806] INFO  server.AbstractConnector (AbstractConnector.java:doStop(318)) - Stopped ServerConnector@187dd1d8{HTTP/1.1,[http/1.1]}{0.0.0.0:0}
2019-09-25 07:29:51,882 [Thread-806] INFO  handler.ContextHandler (ContextHandler.java:doStop(910)) - Stopped o.e.j.s.ServletContextHandler@14a738f4{/static,jar:file:/home/user/.m2/repository/org/apache/hadoop/hadoop-ozone-ozone-manager/0.5.0-SNAPSHOT/hadoop-ozone-ozone-manager-0.5.0-SNAPSHOT.jar!/webapps/static,UNAVAILABLE}
2019-09-25 07:29:51,883 [Thread-806] INFO  handler.ContextHandler (ContextHandler.java:doStop(910)) - Stopped o.e.j.s.ServletContextHandler@40a52918{/logs,file:///workdir/hadoop-ozone/ozonefs/target/log,UNAVAILABLE}
2019-09-25 07:29:51,886 [Thread-806] INFO  ozone.MiniOzoneClusterImpl (MiniOzoneClusterImpl.java:stopDatanodes(377)) - Stopping the HddsDatanodes
2019-09-25 07:29:52,576 [Datanode State Machine Thread - 0] INFO  statemachine.DatanodeStateMachine (DatanodeStateMachine.java:lambda$startDaemon$0(350)) - Ozone container server started.
2019-09-25 07:29:52,661 [Datanode State Machine Thread - 0] INFO  statemachine.DatanodeStateMachine (DatanodeStateMachine.java:lambda$startDaemon$0(350)) - Ozone container server started.
2019-09-25 07:29:53,589 [Thread-978] INFO  container.ReplicationManager (ReplicationManager.java:start(163)) - Starting Replication Monitor Thread.
2019-09-25 07:29:53,592 [ReplicationMonitor] INFO  container.ReplicationManager (ReplicationManager.java:run(226)) - Replication Monitor Thread took 0 milliseconds for processing 0 containers.
2019-09-25 07:29:55,686 [Thread-980] INFO  impl.FollowerState (FollowerState.java:run(106)) - 126e81bc-97e3-46f8-a1e8-0e987d7c3458:group-52F297629860 changes to CANDIDATE, lastRpcTime:5023, electionTimeout:5023ms
2019-09-25 07:29:55,686 [Thread-980] INFO  impl.RoleInfo (RoleInfo.java:shutdownFollowerState(121)) - 126e81bc-97e3-46f8-a1e8-0e987d7c3458: shutdown FollowerState
2019-09-25 07:29:55,686 [Thread-980] INFO  impl.RaftServerImpl (RaftServerImpl.java:setRole(174)) - 126e81bc-97e3-46f8-a1e8-0e987d7c3458@group-52F297629860: changes role from  FOLLOWER to CANDIDATE at term 0 for changeToCandidate
2019-09-25 07:29:55,687 [Thread-980] INFO  impl.RoleInfo (RoleInfo.java:updateAndGet(143)) - 126e81bc-97e3-46f8-a1e8-0e987d7c3458: start LeaderElection
2019-09-25 07:29:55,712 [126e81bc-97e3-46f8-a1e8-0e987d7c3458@group-52F297629860:LeaderElection53] INFO  impl.LeaderElection (LeaderElection.java:askForVotes(182)) - 126e81bc-97e3-46f8-a1e8-0e987d7c3458@group-52F297629860:LeaderElection53: begin an election at term 1 for -1: [126e81bc-97e3-46f8-a1e8-0e987d7c3458:192.168.151.106:35227], old=null
2019-09-25 07:29:55,712 [126e81bc-97e3-46f8-a1e8-0e987d7c3458@group-52F297629860:LeaderElection53] INFO  impl.RoleInfo (RoleInfo.java:shutdownLeaderElection(134)) - 126e81bc-97e3-46f8-a1e8-0e987d7c3458: shutdown LeaderElection
2019-09-25 07:29:55,712 [126e81bc-97e3-46f8-a1e8-0e987d7c3458@group-52F297629860:LeaderElection53] INFO  impl.RaftServerImpl (RaftServerImpl.java:setRole(174)) - 126e81bc-97e3-46f8-a1e8-0e987d7c3458@group-52F297629860: changes role from CANDIDATE to LEADER at term 1 for changeToLeader
2019-09-25 07:29:55,712 [126e81bc-97e3-46f8-a1e8-0e987d7c3458@group-52F297629860:LeaderElection53] INFO  impl.RaftServerImpl (ServerState.java:setLeader(253)) - 126e81bc-97e3-46f8-a1e8-0e987d7c3458@group-52F297629860: change Leader from null to 126e81bc-97e3-46f8-a1e8-0e987d7c3458 at term 1 for becomeLeader, leader elected after 5060ms
2019-09-25 07:29:55,713 [126e81bc-97e3-46f8-a1e8-0e987d7c3458@group-52F297629860:LeaderElection53] INFO  server.RaftServerConfigKeys (ConfUtils.java:logGet(43)) - raft.server.staging.catchup.gap = 1000 (default)
2019-09-25 07:29:55,713 [126e81bc-97e3-46f8-a1e8-0e987d7c3458@group-52F297629860:LeaderElection53] INFO  server.RaftServerConfigKeys (ConfUtils.java:logGet(43)) - raft.server.rpc.sleep.time = 25ms (default)
2019-09-25 07:29:55,713 [126e81bc-97e3-46f8-a1e8-0e987d7c3458@group-52F297629860:LeaderElection53] INFO  server.RaftServerConfigKeys (ConfUtils.java:logGet(43)) - raft.server.write.element-limit = 4096 (default)
2019-09-25 07:29:55,713 [126e81bc-97e3-46f8-a1e8-0e987d7c3458@group-52F297629860:LeaderElection53] INFO  server.RaftServerConfigKeys (ConfUtils.java:logGet(43)) - raft.server.watch.timeout = 10s (default)
2019-09-25 07:29:55,713 [126e81bc-97e3-46f8-a1e8-0e987d7c3458@group-52F297629860:LeaderElection53] INFO  server.RaftServerConfigKeys (ConfUtils.java:logGet(43)) - raft.server.watch.timeout.denomination = 1s (default)
2019-09-25 07:29:55,713 [126e81bc-97e3-46f8-a1e8-0e987d7c3458@group-52F297629860:LeaderElection53] INFO  server.RaftServerConfigKeys (ConfUtils.java:logGet(43)) - raft.server.watch.element-limit = 65536 (default)
2019-09-25 07:29:55,715 [126e81bc-97e3-46f8-a1e8-0e987d7c3458@group-52F297629860:LeaderElection53] INFO  impl.RoleInfo (RoleInfo.java:updateAndGet(143)) - 126e81bc-97e3-46f8-a1e8-0e987d7c3458: start LeaderState
2019-09-25 07:29:55,716 [126e81bc-97e3-46f8-a1e8-0e987d7c3458@group-52F297629860:LeaderElection53] INFO  segmented.SegmentedRaftLogWorker (SegmentedRaftLogWorker.java:startLogSegment(380)) - 126e81bc-97e3-46f8-a1e8-0e987d7c3458@group-52F297629860-SegmentedRaftLogWorker: Starting segment from index:0
2019-09-25 07:29:55,716 [126e81bc-97e3-46f8-a1e8-0e987d7c3458@group-52F297629860:LeaderElection53] INFO  impl.RaftServerImpl (ServerState.java:setRaftConf(354)) - 126e81bc-97e3-46f8-a1e8-0e987d7c3458@group-52F297629860: set configuration 0: [126e81bc-97e3-46f8-a1e8-0e987d7c3458:192.168.151.106:35227], old=null at 0
2019-09-25 07:29:55,756 [126e81bc-97e3-46f8-a1e8-0e987d7c3458@group-52F297629860-SegmentedRaftLogWorker] INFO  segmented.SegmentedRaftLogWorker (SegmentedRaftLogWorker.java:execute(569)) - 126e81bc-97e3-46f8-a1e8-0e987d7c3458@group-52F297629860-SegmentedRaftLogWorker: created new log segment /workdir/hadoop-ozone/ozonefs/target/test-dir/MiniOzoneClusterImpl-a0a13e0f-1219-4868-bc3b-f345b2356b4a/datanode-0/data/ratis/f3d3002a-48ea-45ea-b74b-52f297629860/current/log_inprogress_0
2019-09-25 07:29:55,793 [Thread-986] INFO  impl.FollowerState (FollowerState.java:run(106)) - a19a6886-cb81-4302-a38d-47405969e88d:group-B2ED4E0AE77E changes to CANDIDATE, lastRpcTime:5007, electionTimeout:5007ms
2019-09-25 07:29:55,793 [Thread-986] INFO  impl.RoleInfo (RoleInfo.java:shutdownFollowerState(121)) - a19a6886-cb81-4302-a38d-47405969e88d: shutdown FollowerState
2019-09-25 07:29:55,793 [Thread-986] INFO  impl.RaftServerImpl (RaftServerImpl.java:setRole(174)) - a19a6886-cb81-4302-a38d-47405969e88d@group-B2ED4E0AE77E: changes role from  FOLLOWER to CANDIDATE at term 0 for changeToCandidate
2019-09-25 07:29:55,793 [Thread-986] INFO  impl.RoleInfo (RoleInfo.java:updateAndGet(143)) - a19a6886-cb81-4302-a38d-47405969e88d: start LeaderElection
2019-09-25 07:29:55,820 [Thread-983] INFO  impl.FollowerState (FollowerState.java:run(106)) - 126e81bc-97e3-46f8-a1e8-0e987d7c3458:group-6A1D22D81107 changes to CANDIDATE, lastRpcTime:5084, electionTimeout:5084ms
2019-09-25 07:29:55,820 [Thread-983] INFO  impl.RoleInfo (RoleInfo.java:shutdownFollowerState(121)) - 126e81bc-97e3-46f8-a1e8-0e987d7c3458: shutdown FollowerState
2019-09-25 07:29:55,820 [Thread-983] INFO  impl.RaftServerImpl (RaftServerImpl.java:setRole(174)) - 126e81bc-97e3-46f8-a1e8-0e987d7c3458@group-6A1D22D81107: changes role from  FOLLOWER to CANDIDATE at term 0 for changeToCandidate
2019-09-25 07:29:55,820 [Thread-983] INFO  impl.RoleInfo (RoleInfo.java:updateAndGet(143)) - 126e81bc-97e3-46f8-a1e8-0e987d7c3458: start LeaderElection
2019-09-25 07:29:55,821 [a19a6886-cb81-4302-a38d-47405969e88d@group-B2ED4E0AE77E:LeaderElection54] INFO  impl.LeaderElection (LeaderElection.java:askForVotes(182)) - a19a6886-cb81-4302-a38d-47405969e88d@group-B2ED4E0AE77E:LeaderElection54: begin an election at term 1 for -1: [a19a6886-cb81-4302-a38d-47405969e88d:192.168.151.106:43087], old=null
2019-09-25 07:29:55,823 [a19a6886-cb81-4302-a38d-47405969e88d@group-B2ED4E0AE77E:LeaderElection54] INFO  impl.RoleInfo (RoleInfo.java:shutdownLeaderElection(134)) - a19a6886-cb81-4302-a38d-47405969e88d: shutdown LeaderElection
2019-09-25 07:29:55,823 [a19a6886-cb81-4302-a38d-47405969e88d@group-B2ED4E0AE77E:LeaderElection54] INFO  impl.RaftServerImpl (RaftServerImpl.java:setRole(174)) - a19a6886-cb81-4302-a38d-47405969e88d@group-B2ED4E0AE77E: changes role from CANDIDATE to LEADER at term 1 for changeToLeader
2019-09-25 07:29:55,823 [a19a6886-cb81-4302-a38d-47405969e88d@group-B2ED4E0AE77E:LeaderElection54] INFO  impl.RaftServerImpl (ServerState.java:setLeader(253)) - a19a6886-cb81-4302-a38d-47405969e88d@group-B2ED4E0AE77E: change Leader from null to a19a6886-cb81-4302-a38d-47405969e88d at term 1 for becomeLeader, leader elected after 5047ms
2019-09-25 07:29:55,823 [a19a6886-cb81-4302-a38d-47405969e88d@group-B2ED4E0AE77E:LeaderElection54] INFO  server.RaftServerConfigKeys (ConfUtils.java:logGet(43)) - raft.server.staging.catchup.gap = 1000 (default)
2019-09-25 07:29:55,823 [a19a6886-cb81-4302-a38d-47405969e88d@group-B2ED4E0AE77E:LeaderElection54] INFO  server.RaftServerConfigKeys (ConfUtils.java:logGet(43)) - raft.server.rpc.sleep.time = 25ms (default)
2019-09-25 07:29:55,824 [a19a6886-cb81-4302-a38d-47405969e88d@group-B2ED4E0AE77E:LeaderElection54] INFO  server.RaftServerConfigKeys (ConfUtils.java:logGet(43)) - raft.server.write.element-limit = 4096 (default)
2019-09-25 07:29:55,824 [a19a6886-cb81-4302-a38d-47405969e88d@group-B2ED4E0AE77E:LeaderElection54] INFO  server.RaftServerConfigKeys (ConfUtils.java:logGet(43)) - raft.server.watch.timeout = 10s (default)
2019-09-25 07:29:55,824 [a19a6886-cb81-4302-a38d-47405969e88d@group-B2ED4E0AE77E:LeaderElection54] INFO  server.RaftServerConfigKeys (ConfUtils.java:logGet(43)) - raft.server.watch.timeout.denomination = 1s (default)
2019-09-25 07:29:55,824 [a19a6886-cb81-4302-a38d-47405969e88d@group-B2ED4E0AE77E:LeaderElection54] INFO  server.RaftServerConfigKeys (ConfUtils.java:logGet(43)) - raft.server.watch.element-limit = 65536 (default)
2019-09-25 07:29:55,826 [a19a6886-cb81-4302-a38d-47405969e88d@group-B2ED4E0AE77E:LeaderElection54] INFO  impl.RoleInfo (RoleInfo.java:updateAndGet(143)) - a19a6886-cb81-4302-a38d-47405969e88d: start LeaderState
2019-09-25 07:29:55,826 [a19a6886-cb81-4302-a38d-47405969e88d@group-B2ED4E0AE77E:LeaderElection54] INFO  segmented.SegmentedRaftLogWorker (SegmentedRaftLogWorker.java:startLogSegment(380)) - a19a6886-cb81-4302-a38d-47405969e88d@group-B2ED4E0AE77E-SegmentedRaftLogWorker: Starting segment from index:0
2019-09-25 07:29:55,827 [a19a6886-cb81-4302-a38d-47405969e88d@group-B2ED4E0AE77E:LeaderElection54] INFO  impl.RaftServerImpl (ServerState.java:setRaftConf(354)) - a19a6886-cb81-4302-a38d-47405969e88d@group-B2ED4E0AE77E: set configuration 0: [a19a6886-cb81-4302-a38d-47405969e88d:192.168.151.106:43087], old=null at 0
2019-09-25 07:29:55,837 [126e81bc-97e3-46f8-a1e8-0e987d7c3458@group-6A1D22D81107:LeaderElection55] INFO  impl.LeaderElection (LeaderElection.java:askForVotes(182)) - 126e81bc-97e3-46f8-a1e8-0e987d7c3458@group-6A1D22D81107:LeaderElection55: begin an election at term 1 for -1: [126e81bc-97e3-46f8-a1e8-0e987d7c3458:192.168.151.106:35227], old=null
2019-09-25 07:29:55,837 [126e81bc-97e3-46f8-a1e8-0e987d7c3458@group-6A1D22D81107:LeaderElection55] INFO  impl.RoleInfo (RoleInfo.java:shutdownLeaderElection(134)) - 126e81bc-97e3-46f8-a1e8-0e987d7c3458: shutdown LeaderElection
2019-09-25 07:29:55,837 [126e81bc-97e3-46f8-a1e8-0e987d7c3458@group-6A1D22D81107:LeaderElection55] INFO  impl.RaftServerImpl (RaftServerImpl.java:setRole(174)) - 126e81bc-97e3-46f8-a1e8-0e987d7c3458@group-6A1D22D81107: changes role from CANDIDATE to LEADER at term 1 for changeToLeader
2019-09-25 07:29:55,837 [126e81bc-97e3-46f8-a1e8-0e987d7c3458@group-6A1D22D81107:LeaderElection55] INFO  impl.RaftServerImpl (ServerState.java:setLeader(253)) - 126e81bc-97e3-46f8-a1e8-0e987d7c3458@group-6A1D22D81107: change Leader from null to 126e81bc-97e3-46f8-a1e8-0e987d7c3458 at term 1 for becomeLeader, leader elected after 5107ms
2019-09-25 07:29:55,837 [126e81bc-97e3-46f8-a1e8-0e987d7c3458@group-6A1D22D81107:LeaderElection55] INFO  server.RaftServerConfigKeys (ConfUtils.java:logGet(43)) - raft.server.staging.catchup.gap = 1000 (default)
2019-09-25 07:29:55,838 [126e81bc-97e3-46f8-a1e8-0e987d7c3458@group-6A1D22D81107:LeaderElection55] INFO  server.RaftServerConfigKeys (ConfUtils.java:logGet(43)) - raft.server.rpc.sleep.time = 25ms (default)
2019-09-25 07:29:55,838 [126e81bc-97e3-46f8-a1e8-0e987d7c3458@group-6A1D22D81107:LeaderElection55] INFO  server.RaftServerConfigKeys (ConfUtils.java:logGet(43)) - raft.server.write.element-limit = 4096 (default)
2019-09-25 07:29:55,838 [126e81bc-97e3-46f8-a1e8-0e987d7c3458@group-6A1D22D81107:LeaderElection55] INFO  server.RaftServerConfigKeys (ConfUtils.java:logGet(43)) - raft.server.watch.timeout = 10s (default)
2019-09-25 07:29:55,838 [126e81bc-97e3-46f8-a1e8-0e987d7c3458@group-6A1D22D81107:LeaderElection55] INFO  server.RaftServerConfigKeys (ConfUtils.java:logGet(43)) - raft.server.watch.timeout.denomination = 1s (default)
2019-09-25 07:29:55,838 [126e81bc-97e3-46f8-a1e8-0e987d7c3458@group-6A1D22D81107:LeaderElection55] INFO  server.RaftServerConfigKeys (ConfUtils.java:logGet(43)) - raft.server.watch.element-limit = 65536 (default)
2019-09-25 07:29:55,840 [126e81bc-97e3-46f8-a1e8-0e987d7c3458@group-6A1D22D81107:LeaderElection55] INFO  impl.RoleInfo (RoleInfo.java:updateAndGet(143)) - 126e81bc-97e3-46f8-a1e8-0e987d7c3458: start LeaderState
2019-09-25 07:29:55,840 [126e81bc-97e3-46f8-a1e8-0e987d7c3458@group-6A1D22D81107:LeaderElection55] INFO  segmented.SegmentedRaftLogWorker (SegmentedRaftLogWorker.java:startLogSegment(380)) - 126e81bc-97e3-46f8-a1e8-0e987d7c3458@group-6A1D22D81107-SegmentedRaftLogWorker: Starting segment from index:0
2019-09-25 07:29:55,841 [126e81bc-97e3-46f8-a1e8-0e987d7c3458@group-6A1D22D81107:LeaderElection55] INFO  impl.RaftServerImpl (ServerState.java:setRaftConf(354)) - 126e81bc-97e3-46f8-a1e8-0e987d7c3458@group-6A1D22D81107: set configuration 0: [126e81bc-97e3-46f8-a1e8-0e987d7c3458:192.168.151.106:35227], old=null at 0
2019-09-25 07:29:55,868 [126e81bc-97e3-46f8-a1e8-0e987d7c3458@group-6A1D22D81107-SegmentedRaftLogWorker] INFO  segmented.SegmentedRaftLogWorker (SegmentedRaftLogWorker.java:execute(569)) - 126e81bc-97e3-46f8-a1e8-0e987d7c3458@group-6A1D22D81107-SegmentedRaftLogWorker: created new log segment /workdir/hadoop-ozone/ozonefs/target/test-dir/MiniOzoneClusterImpl-a0a13e0f-1219-4868-bc3b-f345b2356b4a/datanode-0/data/ratis/56a2d7c4-85c9-49c4-a4da-6a1d22d81107/current/log_inprogress_0
2019-09-25 07:29:55,868 [a19a6886-cb81-4302-a38d-47405969e88d@group-B2ED4E0AE77E-SegmentedRaftLogWorker] INFO  segmented.SegmentedRaftLogWorker (SegmentedRaftLogWorker.java:execute(569)) - a19a6886-cb81-4302-a38d-47405969e88d@group-B2ED4E0AE77E-SegmentedRaftLogWorker: created new log segment /workdir/hadoop-ozone/ozonefs/target/test-dir/MiniOzoneClusterImpl-a0a13e0f-1219-4868-bc3b-f345b2356b4a/datanode-1/data/ratis/9e460228-bb84-4d51-9021-b2ed4e0ae77e/current/log_inprogress_0
2019-09-25 07:29:55,936 [Thread-992] INFO  impl.FollowerState (FollowerState.java:run(106)) - 126e81bc-97e3-46f8-a1e8-0e987d7c3458:group-FFFA4D287646 changes to CANDIDATE, lastRpcTime:5039, electionTimeout:5039ms
2019-09-25 07:29:55,936 [Thread-992] INFO  impl.RoleInfo (RoleInfo.java:shutdownFollowerState(121)) - 126e81bc-97e3-46f8-a1e8-0e987d7c3458: shutdown FollowerState
2019-09-25 07:29:55,936 [Thread-992] INFO  impl.RaftServerImpl (RaftServerImpl.java:setRole(174)) - 126e81bc-97e3-46f8-a1e8-0e987d7c3458@group-FFFA4D287646: changes role from  FOLLOWER to CANDIDATE at term 0 for changeToCandidate
2019-09-25 07:29:55,936 [Thread-992] INFO  impl.RoleInfo (RoleInfo.java:updateAndGet(143)) - 126e81bc-97e3-46f8-a1e8-0e987d7c3458: start LeaderElection
2019-09-25 07:29:55,949 [Thread-989] INFO  impl.FollowerState (FollowerState.java:run(106)) - 2fe7b077-4a7c-42ee-8783-920c916b7d94:group-872396BEE490 changes to CANDIDATE, lastRpcTime:5118, electionTimeout:5118ms
2019-09-25 07:29:55,949 [Thread-989] INFO  impl.RoleInfo (RoleInfo.java:shutdownFollowerState(121)) - 2fe7b077-4a7c-42ee-8783-920c916b7d94: shutdown FollowerState
2019-09-25 07:29:55,950 [Thread-989] INFO  impl.RaftServerImpl (RaftServerImpl.java:setRole(174)) - 2fe7b077-4a7c-42ee-8783-920c916b7d94@group-872396BEE490: changes role from  FOLLOWER to CANDIDATE at term 0 for changeToCandidate
2019-09-25 07:29:55,950 [Thread-989] INFO  impl.RoleInfo (RoleInfo.java:updateAndGet(143)) - 2fe7b077-4a7c-42ee-8783-920c916b7d94: start LeaderElection
2019-09-25 07:29:55,963 [126e81bc-97e3-46f8-a1e8-0e987d7c3458@group-FFFA4D287646:LeaderElection56] INFO  impl.LeaderElection (LeaderElection.java:askForVotes(182)) - 126e81bc-97e3-46f8-a1e8-0e987d7c3458@group-FFFA4D287646:LeaderElection56: begin an election at term 1 for -1: [126e81bc-97e3-46f8-a1e8-0e987d7c3458:192.168.151.106:35227], old=null
2019-09-25 07:29:55,963 [126e81bc-97e3-46f8-a1e8-0e987d7c3458@group-FFFA4D287646:LeaderElection56] INFO  impl.RoleInfo (RoleInfo.java:shutdownLeaderElection(134)) - 126e81bc-97e3-46f8-a1e8-0e987d7c3458: shutdown LeaderElection
2019-09-25 07:29:55,963 [126e81bc-97e3-46f8-a1e8-0e987d7c3458@group-FFFA4D287646:LeaderElection56] INFO  impl.RaftServerImpl (RaftServerImpl.java:setRole(174)) - 126e81bc-97e3-46f8-a1e8-0e987d7c3458@group-FFFA4D287646: changes role from CANDIDATE to LEADER at term 1 for changeToLeader
2019-09-25 07:29:55,963 [126e81bc-97e3-46f8-a1e8-0e987d7c3458@group-FFFA4D287646:LeaderElection56] INFO  impl.RaftServerImpl (ServerState.java:setLeader(253)) - 126e81bc-97e3-46f8-a1e8-0e987d7c3458@group-FFFA4D287646: change Leader from null to 126e81bc-97e3-46f8-a1e8-0e987d7c3458 at term 1 for becomeLeader, leader elected after 5072ms
2019-09-25 07:29:55,963 [126e81bc-97e3-46f8-a1e8-0e987d7c3458@group-FFFA4D287646:LeaderElection56] INFO  server.RaftServerConfigKeys (ConfUtils.java:logGet(43)) - raft.server.staging.catchup.gap = 1000 (default)
2019-09-25 07:29:55,963 [126e81bc-97e3-46f8-a1e8-0e987d7c3458@group-FFFA4D287646:LeaderElection56] INFO  server.RaftServerConfigKeys (ConfUtils.java:logGet(43)) - raft.server.rpc.sleep.time = 25ms (default)
2019-09-25 07:29:55,963 [126e81bc-97e3-46f8-a1e8-0e987d7c3458@group-FFFA4D287646:LeaderElection56] INFO  server.RaftServerConfigKeys (ConfUtils.java:logGet(43)) - raft.server.write.element-limit = 4096 (default)
2019-09-25 07:29:55,964 [126e81bc-97e3-46f8-a1e8-0e987d7c3458@group-FFFA4D287646:LeaderElection56] INFO  server.RaftServerConfigKeys (ConfUtils.java:logGet(43)) - raft.server.watch.timeout = 10s (default)
2019-09-25 07:29:55,964 [126e81bc-97e3-46f8-a1e8-0e987d7c3458@group-FFFA4D287646:LeaderElection56] INFO  server.RaftServerConfigKeys (ConfUtils.java:logGet(43)) - raft.server.watch.timeout.denomination = 1s (default)
2019-09-25 07:29:55,964 [126e81bc-97e3-46f8-a1e8-0e987d7c3458@group-FFFA4D287646:LeaderElection56] INFO  server.RaftServerConfigKeys (ConfUtils.java:logGet(43)) - raft.server.watch.element-limit = 65536 (default)
2019-09-25 07:29:55,966 [126e81bc-97e3-46f8-a1e8-0e987d7c3458@group-FFFA4D287646:LeaderElection56] INFO  impl.RoleInfo (RoleInfo.java:updateAndGet(143)) - 126e81bc-97e3-46f8-a1e8-0e987d7c3458: start LeaderState
2019-09-25 07:29:55,966 [126e81bc-97e3-46f8-a1e8-0e987d7c3458@group-FFFA4D287646:LeaderElection56] INFO  segmented.SegmentedRaftLogWorker (SegmentedRaftLogWorker.java:startLogSegment(380)) - 126e81bc-97e3-46f8-a1e8-0e987d7c3458@group-FFFA4D287646-SegmentedRaftLogWorker: Starting segment from index:0
2019-09-25 07:29:55,967 [126e81bc-97e3-46f8-a1e8-0e987d7c3458@group-FFFA4D287646:LeaderElection56] INFO  impl.RaftServerImpl (ServerState.java:setRaftConf(354)) - 126e81bc-97e3-46f8-a1e8-0e987d7c3458@group-FFFA4D287646: set configuration 0: [126e81bc-97e3-46f8-a1e8-0e987d7c3458:192.168.151.106:35227], old=null at 0
2019-09-25 07:29:55,982 [2fe7b077-4a7c-42ee-8783-920c916b7d94@group-872396BEE490:LeaderElection57] INFO  impl.LeaderElection (LeaderElection.java:askForVotes(182)) - 2fe7b077-4a7c-42ee-8783-920c916b7d94@group-872396BEE490:LeaderElection57: begin an election at term 1 for -1: [2fe7b077-4a7c-42ee-8783-920c916b7d94:192.168.151.106:34898], old=null
2019-09-25 07:29:55,982 [2fe7b077-4a7c-42ee-8783-920c916b7d94@group-872396BEE490:LeaderElection57] INFO  impl.RoleInfo (RoleInfo.java:shutdownLeaderElection(134)) - 2fe7b077-4a7c-42ee-8783-920c916b7d94: shutdown LeaderElection
2019-09-25 07:29:55,982 [2fe7b077-4a7c-42ee-8783-920c916b7d94@group-872396BEE490:LeaderElection57] INFO  impl.RaftServerImpl (RaftServerImpl.java:setRole(174)) - 2fe7b077-4a7c-42ee-8783-920c916b7d94@group-872396BEE490: changes role from CANDIDATE to LEADER at term 1 for changeToLeader
2019-09-25 07:29:55,983 [2fe7b077-4a7c-42ee-8783-920c916b7d94@group-872396BEE490:LeaderElection57] INFO  impl.RaftServerImpl (ServerState.java:setLeader(253)) - 2fe7b077-4a7c-42ee-8783-920c916b7d94@group-872396BEE490: change Leader from null to 2fe7b077-4a7c-42ee-8783-920c916b7d94 at term 1 for becomeLeader, leader elected after 5158ms
2019-09-25 07:29:55,983 [2fe7b077-4a7c-42ee-8783-920c916b7d94@group-872396BEE490:LeaderElection57] INFO  server.RaftServerConfigKeys (ConfUtils.java:logGet(43)) - raft.server.staging.catchup.gap = 1000 (default)
2019-09-25 07:29:55,983 [2fe7b077-4a7c-42ee-8783-920c916b7d94@group-872396BEE490:LeaderElection57] INFO  server.RaftServerConfigKeys (ConfUtils.java:logGet(43)) - raft.server.rpc.sleep.time = 25ms (default)
2019-09-25 07:29:55,983 [2fe7b077-4a7c-42ee-8783-920c916b7d94@group-872396BEE490:LeaderElection57] INFO  server.RaftServerConfigKeys (ConfUtils.java:logGet(43)) - raft.server.write.element-limit = 4096 (default)
2019-09-25 07:29:55,983 [2fe7b077-4a7c-42ee-8783-920c916b7d94@group-872396BEE490:LeaderElection57] INFO  server.RaftServerConfigKeys (ConfUtils.java:logGet(43)) - raft.server.watch.timeout = 10s (default)
2019-09-25 07:29:55,983 [2fe7b077-4a7c-42ee-8783-920c916b7d94@group-872396BEE490:LeaderElection57] INFO  server.RaftServerConfigKeys (ConfUtils.java:logGet(43)) - raft.server.watch.timeout.denomination = 1s (default)
2019-09-25 07:29:55,983 [2fe7b077-4a7c-42ee-8783-920c916b7d94@group-872396BEE490:LeaderElection57] INFO  server.RaftServerConfigKeys (ConfUtils.java:logGet(43)) - raft.server.watch.element-limit = 65536 (default)
2019-09-25 07:29:55,985 [2fe7b077-4a7c-42ee-8783-920c916b7d94@group-872396BEE490:LeaderElection57] INFO  impl.RoleInfo (RoleInfo.java:updateAndGet(143)) - 2fe7b077-4a7c-42ee-8783-920c916b7d94: start LeaderState
2019-09-25 07:29:55,986 [2fe7b077-4a7c-42ee-8783-920c916b7d94@group-872396BEE490:LeaderElection57] INFO  segmented.SegmentedRaftLogWorker (SegmentedRaftLogWorker.java:startLogSegment(380)) - 2fe7b077-4a7c-42ee-8783-920c916b7d94@group-872396BEE490-SegmentedRaftLogWorker: Starting segment from index:0
2019-09-25 07:29:55,986 [2fe7b077-4a7c-42ee-8783-920c916b7d94@group-872396BEE490:LeaderElection57] INFO  impl.RaftServerImpl (ServerState.java:setRaftConf(354)) - 2fe7b077-4a7c-42ee-8783-920c916b7d94@group-872396BEE490: set configuration 0: [2fe7b077-4a7c-42ee-8783-920c916b7d94:192.168.151.106:34898], old=null at 0
2019-09-25 07:29:56,013 [126e81bc-97e3-46f8-a1e8-0e987d7c3458@group-FFFA4D287646-SegmentedRaftLogWorker] INFO  segmented.SegmentedRaftLogWorker (SegmentedRaftLogWorker.java:execute(569)) - 126e81bc-97e3-46f8-a1e8-0e987d7c3458@group-FFFA4D287646-SegmentedRaftLogWorker: created new log segment /workdir/hadoop-ozone/ozonefs/target/test-dir/MiniOzoneClusterImpl-a0a13e0f-1219-4868-bc3b-f345b2356b4a/datanode-0/data/ratis/452e2f62-ddd8-4109-a771-fffa4d287646/current/log_inprogress_0
2019-09-25 07:29:56,043 [2fe7b077-4a7c-42ee-8783-920c916b7d94@group-872396BEE490-SegmentedRaftLogWorker] INFO  segmented.SegmentedRaftLogWorker (SegmentedRaftLogWorker.java:execute(569)) - 2fe7b077-4a7c-42ee-8783-920c916b7d94@group-872396BEE490-SegmentedRaftLogWorker: created new log segment /workdir/hadoop-ozone/ozonefs/target/test-dir/MiniOzoneClusterImpl-a0a13e0f-1219-4868-bc3b-f345b2356b4a/datanode-2/data/ratis/19d80c56-70d0-4fae-b5be-872396bee490/current/log_inprogress_0
2019-09-25 07:29:56,116 [Thread-995] INFO  impl.FollowerState (FollowerState.java:run(106)) - 126e81bc-97e3-46f8-a1e8-0e987d7c3458:group-E153E7A80E89 changes to CANDIDATE, lastRpcTime:5149, electionTimeout:5149ms
2019-09-25 07:29:56,116 [Thread-995] INFO  impl.RoleInfo (RoleInfo.java:shutdownFollowerState(121)) - 126e81bc-97e3-46f8-a1e8-0e987d7c3458: shutdown FollowerState
2019-09-25 07:29:56,117 [Thread-995] INFO  impl.RaftServerImpl (RaftServerImpl.java:setRole(174)) - 126e81bc-97e3-46f8-a1e8-0e987d7c3458@group-E153E7A80E89: changes role from  FOLLOWER to CANDIDATE at term 0 for changeToCandidate
2019-09-25 07:29:56,117 [Thread-995] INFO  impl.RoleInfo (RoleInfo.java:updateAndGet(143)) - 126e81bc-97e3-46f8-a1e8-0e987d7c3458: start LeaderElection
2019-09-25 07:29:56,142 [Thread-998] INFO  impl.FollowerState (FollowerState.java:run(106)) - 126e81bc-97e3-46f8-a1e8-0e987d7c3458:group-78A16CE2287D changes to CANDIDATE, lastRpcTime:5112, electionTimeout:5112ms
2019-09-25 07:29:56,143 [Thread-998] INFO  impl.RoleInfo (RoleInfo.java:shutdownFollowerState(121)) - 126e81bc-97e3-46f8-a1e8-0e987d7c3458: shutdown FollowerState
2019-09-25 07:29:56,143 [Thread-998] INFO  impl.RaftServerImpl (RaftServerImpl.java:setRole(174)) - 126e81bc-97e3-46f8-a1e8-0e987d7c3458@group-78A16CE2287D: changes role from  FOLLOWER to CANDIDATE at term 0 for changeToCandidate
2019-09-25 07:29:56,143 [Thread-998] INFO  impl.RoleInfo (RoleInfo.java:updateAndGet(143)) - 126e81bc-97e3-46f8-a1e8-0e987d7c3458: start LeaderElection
2019-09-25 07:29:56,145 [126e81bc-97e3-46f8-a1e8-0e987d7c3458@group-E153E7A80E89:LeaderElection58] INFO  impl.LeaderElection (LeaderElection.java:askForVotes(182)) - 126e81bc-97e3-46f8-a1e8-0e987d7c3458@group-E153E7A80E89:LeaderElection58: begin an election at term 1 for -1: [126e81bc-97e3-46f8-a1e8-0e987d7c3458:192.168.151.106:35227], old=null
2019-09-25 07:29:56,145 [126e81bc-97e3-46f8-a1e8-0e987d7c3458@group-E153E7A80E89:LeaderElection58] INFO  impl.RoleInfo (RoleInfo.java:shutdownLeaderElection(134)) - 126e81bc-97e3-46f8-a1e8-0e987d7c3458: shutdown LeaderElection
2019-09-25 07:29:56,146 [126e81bc-97e3-46f8-a1e8-0e987d7c3458@group-E153E7A80E89:LeaderElection58] INFO  impl.RaftServerImpl (RaftServerImpl.java:setRole(174)) - 126e81bc-97e3-46f8-a1e8-0e987d7c3458@group-E153E7A80E89: changes role from CANDIDATE to LEADER at term 1 for changeToLeader
2019-09-25 07:29:56,146 [126e81bc-97e3-46f8-a1e8-0e987d7c3458@group-E153E7A80E89:LeaderElection58] INFO  impl.RaftServerImpl (ServerState.java:setLeader(253)) - 126e81bc-97e3-46f8-a1e8-0e987d7c3458@group-E153E7A80E89: change Leader from null to 126e81bc-97e3-46f8-a1e8-0e987d7c3458 at term 1 for becomeLeader, leader elected after 5185ms
2019-09-25 07:29:56,146 [126e81bc-97e3-46f8-a1e8-0e987d7c3458@group-E153E7A80E89:LeaderElection58] INFO  server.RaftServerConfigKeys (ConfUtils.java:logGet(43)) - raft.server.staging.catchup.gap = 1000 (default)
2019-09-25 07:29:56,146 [126e81bc-97e3-46f8-a1e8-0e987d7c3458@group-E153E7A80E89:LeaderElection58] INFO  server.RaftServerConfigKeys (ConfUtils.java:logGet(43)) - raft.server.rpc.sleep.time = 25ms (default)
2019-09-25 07:29:56,146 [126e81bc-97e3-46f8-a1e8-0e987d7c3458@group-E153E7A80E89:LeaderElection58] INFO  server.RaftServerConfigKeys (ConfUtils.java:logGet(43)) - raft.server.write.element-limit = 4096 (default)
2019-09-25 07:29:56,146 [126e81bc-97e3-46f8-a1e8-0e987d7c3458@group-E153E7A80E89:LeaderElection58] INFO  server.RaftServerConfigKeys (ConfUtils.java:logGet(43)) - raft.server.watch.timeout = 10s (default)
2019-09-25 07:29:56,146 [126e81bc-97e3-46f8-a1e8-0e987d7c3458@group-E153E7A80E89:LeaderElection58] INFO  server.RaftServerConfigKeys (ConfUtils.java:logGet(43)) - raft.server.watch.timeout.denomination = 1s (default)
2019-09-25 07:29:56,147 [126e81bc-97e3-46f8-a1e8-0e987d7c3458@group-E153E7A80E89:LeaderElection58] INFO  server.RaftServerConfigKeys (ConfUtils.java:logGet(43)) - raft.server.watch.element-limit = 65536 (default)
2019-09-25 07:29:56,148 [126e81bc-97e3-46f8-a1e8-0e987d7c3458@group-E153E7A80E89:LeaderElection58] INFO  impl.RoleInfo (RoleInfo.java:updateAndGet(143)) - 126e81bc-97e3-46f8-a1e8-0e987d7c3458: start LeaderState
2019-09-25 07:29:56,149 [126e81bc-97e3-46f8-a1e8-0e987d7c3458@group-E153E7A80E89:LeaderElection58] INFO  segmented.SegmentedRaftLogWorker (SegmentedRaftLogWorker.java:startLogSegment(380)) - 126e81bc-97e3-46f8-a1e8-0e987d7c3458@group-E153E7A80E89-SegmentedRaftLogWorker: Starting segment from index:0
2019-09-25 07:29:56,149 [126e81bc-97e3-46f8-a1e8-0e987d7c3458@group-E153E7A80E89:LeaderElection58] INFO  impl.RaftServerImpl (ServerState.java:setRaftConf(354)) - 126e81bc-97e3-46f8-a1e8-0e987d7c3458@group-E153E7A80E89: set configuration 0: [126e81bc-97e3-46f8-a1e8-0e987d7c3458:192.168.151.106:35227], old=null at 0
2019-09-25 07:29:56,157 [Thread-1001] INFO  impl.FollowerState (FollowerState.java:run(106)) - 126e81bc-97e3-46f8-a1e8-0e987d7c3458:group-638FCCD59FEE changes to CANDIDATE, lastRpcTime:5046, electionTimeout:5046ms
2019-09-25 07:29:56,157 [Thread-1001] INFO  impl.RoleInfo (RoleInfo.java:shutdownFollowerState(121)) - 126e81bc-97e3-46f8-a1e8-0e987d7c3458: shutdown FollowerState
2019-09-25 07:29:56,157 [Thread-1001] INFO  impl.RaftServerImpl (RaftServerImpl.java:setRole(174)) - 126e81bc-97e3-46f8-a1e8-0e987d7c3458@group-638FCCD59FEE: changes role from  FOLLOWER to CANDIDATE at term 0 for changeToCandidate
2019-09-25 07:29:56,157 [Thread-1001] INFO  impl.RoleInfo (RoleInfo.java:updateAndGet(143)) - 126e81bc-97e3-46f8-a1e8-0e987d7c3458: start LeaderElection
2019-09-25 07:29:56,169 [126e81bc-97e3-46f8-a1e8-0e987d7c3458@group-78A16CE2287D:LeaderElection59] INFO  impl.LeaderElection (LeaderElection.java:askForVotes(182)) - 126e81bc-97e3-46f8-a1e8-0e987d7c3458@group-78A16CE2287D:LeaderElection59: begin an election at term 1 for -1: [126e81bc-97e3-46f8-a1e8-0e987d7c3458:192.168.151.106:35227], old=null
2019-09-25 07:29:56,170 [126e81bc-97e3-46f8-a1e8-0e987d7c3458@group-78A16CE2287D:LeaderElection59] INFO  impl.RoleInfo (RoleInfo.java:shutdownLeaderElection(134)) - 126e81bc-97e3-46f8-a1e8-0e987d7c3458: shutdown LeaderElection
2019-09-25 07:29:56,170 [126e81bc-97e3-46f8-a1e8-0e987d7c3458@group-78A16CE2287D:LeaderElection59] INFO  impl.RaftServerImpl (RaftServerImpl.java:setRole(174)) - 126e81bc-97e3-46f8-a1e8-0e987d7c3458@group-78A16CE2287D: changes role from CANDIDATE to LEADER at term 1 for changeToLeader
2019-09-25 07:29:56,170 [126e81bc-97e3-46f8-a1e8-0e987d7c3458@group-78A16CE2287D:LeaderElection59] INFO  impl.RaftServerImpl (ServerState.java:setLeader(253)) - 126e81bc-97e3-46f8-a1e8-0e987d7c3458@group-78A16CE2287D: change Leader from null to 126e81bc-97e3-46f8-a1e8-0e987d7c3458 at term 1 for becomeLeader, leader elected after 5145ms
2019-09-25 07:29:56,170 [126e81bc-97e3-46f8-a1e8-0e987d7c3458@group-78A16CE2287D:LeaderElection59] INFO  server.RaftServerConfigKeys (ConfUtils.java:logGet(43)) - raft.server.staging.catchup.gap = 1000 (default)
2019-09-25 07:29:56,170 [126e81bc-97e3-46f8-a1e8-0e987d7c3458@group-78A16CE2287D:LeaderElection59] INFO  server.RaftServerConfigKeys (ConfUtils.java:logGet(43)) - raft.server.rpc.sleep.time = 25ms (default)
2019-09-25 07:29:56,171 [126e81bc-97e3-46f8-a1e8-0e987d7c3458@group-78A16CE2287D:LeaderElection59] INFO  server.RaftServerConfigKeys (ConfUtils.java:logGet(43)) - raft.server.write.element-limit = 4096 (default)
2019-09-25 07:29:56,171 [126e81bc-97e3-46f8-a1e8-0e987d7c3458@group-78A16CE2287D:LeaderElection59] INFO  server.RaftServerConfigKeys (ConfUtils.java:logGet(43)) - raft.server.watch.timeout = 10s (default)
2019-09-25 07:29:56,171 [126e81bc-97e3-46f8-a1e8-0e987d7c3458@group-78A16CE2287D:LeaderElection59] INFO  server.RaftServerConfigKeys (ConfUtils.java:logGet(43)) - raft.server.watch.timeout.denomination = 1s (default)
2019-09-25 07:29:56,171 [126e81bc-97e3-46f8-a1e8-0e987d7c3458@group-78A16CE2287D:LeaderElection59] INFO  server.RaftServerConfigKeys (ConfUtils.java:logGet(43)) - raft.server.watch.element-limit = 65536 (default)
2019-09-25 07:29:56,173 [126e81bc-97e3-46f8-a1e8-0e987d7c3458@group-78A16CE2287D:LeaderElection59] INFO  impl.RoleInfo (RoleInfo.java:updateAndGet(143)) - 126e81bc-97e3-46f8-a1e8-0e987d7c3458: start LeaderState
2019-09-25 07:29:56,174 [126e81bc-97e3-46f8-a1e8-0e987d7c3458@group-78A16CE2287D:LeaderElection59] INFO  segmented.SegmentedRaftLogWorker (SegmentedRaftLogWorker.java:startLogSegment(380)) - 126e81bc-97e3-46f8-a1e8-0e987d7c3458@group-78A16CE2287D-SegmentedRaftLogWorker: Starting segment from index:0
2019-09-25 07:29:56,174 [126e81bc-97e3-46f8-a1e8-0e987d7c3458@group-78A16CE2287D:LeaderElection59] INFO  impl.RaftServerImpl (ServerState.java:setRaftConf(354)) - 126e81bc-97e3-46f8-a1e8-0e987d7c3458@group-78A16CE2287D: set configuration 0: [126e81bc-97e3-46f8-a1e8-0e987d7c3458:192.168.151.106:35227], old=null at 0
2019-09-25 07:29:56,182 [126e81bc-97e3-46f8-a1e8-0e987d7c3458@group-E153E7A80E89-SegmentedRaftLogWorker] INFO  segmented.SegmentedRaftLogWorker (SegmentedRaftLogWorker.java:execute(569)) - 126e81bc-97e3-46f8-a1e8-0e987d7c3458@group-E153E7A80E89-SegmentedRaftLogWorker: created new log segment /workdir/hadoop-ozone/ozonefs/target/test-dir/MiniOzoneClusterImpl-a0a13e0f-1219-4868-bc3b-f345b2356b4a/datanode-0/data/ratis/55d73abb-be67-46a3-a628-e153e7a80e89/current/log_inprogress_0
2019-09-25 07:29:56,183 [126e81bc-97e3-46f8-a1e8-0e987d7c3458@group-638FCCD59FEE:LeaderElection60] INFO  impl.LeaderElection (LeaderElection.java:askForVotes(182)) - 126e81bc-97e3-46f8-a1e8-0e987d7c3458@group-638FCCD59FEE:LeaderElection60: begin an election at term 1 for -1: [126e81bc-97e3-46f8-a1e8-0e987d7c3458:192.168.151.106:35227], old=null
2019-09-25 07:29:56,183 [126e81bc-97e3-46f8-a1e8-0e987d7c3458@group-638FCCD59FEE:LeaderElection60] INFO  impl.RoleInfo (RoleInfo.java:shutdownLeaderElection(134)) - 126e81bc-97e3-46f8-a1e8-0e987d7c3458: shutdown LeaderElection
2019-09-25 07:29:56,183 [126e81bc-97e3-46f8-a1e8-0e987d7c3458@group-638FCCD59FEE:LeaderElection60] INFO  impl.RaftServerImpl (RaftServerImpl.java:setRole(174)) - 126e81bc-97e3-46f8-a1e8-0e987d7c3458@group-638FCCD59FEE: changes role from CANDIDATE to LEADER at term 1 for changeToLeader
2019-09-25 07:29:56,183 [126e81bc-97e3-46f8-a1e8-0e987d7c3458@group-638FCCD59FEE:LeaderElection60] INFO  impl.RaftServerImpl (ServerState.java:setLeader(253)) - 126e81bc-97e3-46f8-a1e8-0e987d7c3458@group-638FCCD59FEE: change Leader from null to 126e81bc-97e3-46f8-a1e8-0e987d7c3458 at term 1 for becomeLeader, leader elected after 5079ms
2019-09-25 07:29:56,183 [126e81bc-97e3-46f8-a1e8-0e987d7c3458@group-638FCCD59FEE:LeaderElection60] INFO  server.RaftServerConfigKeys (ConfUtils.java:logGet(43)) - raft.server.staging.catchup.gap = 1000 (default)
2019-09-25 07:29:56,183 [126e81bc-97e3-46f8-a1e8-0e987d7c3458@group-638FCCD59FEE:LeaderElection60] INFO  server.RaftServerConfigKeys (ConfUtils.java:logGet(43)) - raft.server.rpc.sleep.time = 25ms (default)
2019-09-25 07:29:56,184 [126e81bc-97e3-46f8-a1e8-0e987d7c3458@group-638FCCD59FEE:LeaderElection60] INFO  server.RaftServerConfigKeys (ConfUtils.java:logGet(43)) - raft.server.write.element-limit = 4096 (default)
2019-09-25 07:29:56,184 [126e81bc-97e3-46f8-a1e8-0e987d7c3458@group-638FCCD59FEE:LeaderElection60] INFO  server.RaftServerConfigKeys (ConfUtils.java:logGet(43)) - raft.server.watch.timeout = 10s (default)
2019-09-25 07:29:56,184 [126e81bc-97e3-46f8-a1e8-0e987d7c3458@group-638FCCD59FEE:LeaderElection60] INFO  server.RaftServerConfigKeys (ConfUtils.java:logGet(43)) - raft.server.watch.timeout.denomination = 1s (default)
2019-09-25 07:29:56,184 [126e81bc-97e3-46f8-a1e8-0e987d7c3458@group-638FCCD59FEE:LeaderElection60] INFO  server.RaftServerConfigKeys (ConfUtils.java:logGet(43)) - raft.server.watch.element-limit = 65536 (default)
2019-09-25 07:29:56,186 [126e81bc-97e3-46f8-a1e8-0e987d7c3458@group-638FCCD59FEE:LeaderElection60] INFO  impl.RoleInfo (RoleInfo.java:updateAndGet(143)) - 126e81bc-97e3-46f8-a1e8-0e987d7c3458: start LeaderState
2019-09-25 07:29:56,186 [126e81bc-97e3-46f8-a1e8-0e987d7c3458@group-638FCCD59FEE:LeaderElection60] INFO  segmented.SegmentedRaftLogWorker (SegmentedRaftLogWorker.java:startLogSegment(380)) - 126e81bc-97e3-46f8-a1e8-0e987d7c3458@group-638FCCD59FEE-SegmentedRaftLogWorker: Starting segment from index:0
2019-09-25 07:29:56,187 [126e81bc-97e3-46f8-a1e8-0e987d7c3458@group-638FCCD59FEE:LeaderElection60] INFO  impl.RaftServerImpl (ServerState.java:setRaftConf(354)) - 126e81bc-97e3-46f8-a1e8-0e987d7c3458@group-638FCCD59FEE: set configuration 0: [126e81bc-97e3-46f8-a1e8-0e987d7c3458:192.168.151.106:35227], old=null at 0
2019-09-25 07:29:56,194 [Thread-1004] INFO  impl.FollowerState (FollowerState.java:run(106)) - 2fe7b077-4a7c-42ee-8783-920c916b7d94:group-05B686EC7170 changes to CANDIDATE, lastRpcTime:5040, electionTimeout:5040ms
2019-09-25 07:29:56,194 [Thread-1004] INFO  impl.RoleInfo (RoleInfo.java:shutdownFollowerState(121)) - 2fe7b077-4a7c-42ee-8783-920c916b7d94: shutdown FollowerState
2019-09-25 07:29:56,194 [Thread-1004] INFO  impl.RaftServerImpl (RaftServerImpl.java:setRole(174)) - 2fe7b077-4a7c-42ee-8783-920c916b7d94@group-05B686EC7170: changes role from  FOLLOWER to CANDIDATE at term 0 for changeToCandidate
2019-09-25 07:29:56,194 [Thread-1004] INFO  impl.RoleInfo (RoleInfo.java:updateAndGet(143)) - 2fe7b077-4a7c-42ee-8783-920c916b7d94: start LeaderElection
2019-09-25 07:29:56,206 [126e81bc-97e3-46f8-a1e8-0e987d7c3458@group-78A16CE2287D-SegmentedRaftLogWorker] INFO  segmented.SegmentedRaftLogWorker (SegmentedRaftLogWorker.java:execute(569)) - 126e81bc-97e3-46f8-a1e8-0e987d7c3458@group-78A16CE2287D-SegmentedRaftLogWorker: created new log segment /workdir/hadoop-ozone/ozonefs/target/test-dir/MiniOzoneClusterImpl-a0a13e0f-1219-4868-bc3b-f345b2356b4a/datanode-0/data/ratis/4372dad0-009d-4a10-9713-78a16ce2287d/current/log_inprogress_0
2019-09-25 07:29:56,229 [126e81bc-97e3-46f8-a1e8-0e987d7c3458@group-638FCCD59FEE-SegmentedRaftLogWorker] INFO  segmented.SegmentedRaftLogWorker (SegmentedRaftLogWorker.java:execute(569)) - 126e81bc-97e3-46f8-a1e8-0e987d7c3458@group-638FCCD59FEE-SegmentedRaftLogWorker: created new log segment /workdir/hadoop-ozone/ozonefs/target/test-dir/MiniOzoneClusterImpl-a0a13e0f-1219-4868-bc3b-f345b2356b4a/datanode-0/data/ratis/f96faa3a-7c38-401d-854b-638fccd59fee/current/log_inprogress_0
2019-09-25 07:29:56,229 [2fe7b077-4a7c-42ee-8783-920c916b7d94@group-05B686EC7170:LeaderElection61] INFO  impl.LeaderElection (LeaderElection.java:askForVotes(182)) - 2fe7b077-4a7c-42ee-8783-920c916b7d94@group-05B686EC7170:LeaderElection61: begin an election at term 1 for -1: [2fe7b077-4a7c-42ee-8783-920c916b7d94:192.168.151.106:34898], old=null
2019-09-25 07:29:56,229 [2fe7b077-4a7c-42ee-8783-920c916b7d94@group-05B686EC7170:LeaderElection61] INFO  impl.RoleInfo (RoleInfo.java:shutdownLeaderElection(134)) - 2fe7b077-4a7c-42ee-8783-920c916b7d94: shutdown LeaderElection
2019-09-25 07:29:56,229 [2fe7b077-4a7c-42ee-8783-920c916b7d94@group-05B686EC7170:LeaderElection61] INFO  impl.RaftServerImpl (RaftServerImpl.java:setRole(174)) - 2fe7b077-4a7c-42ee-8783-920c916b7d94@group-05B686EC7170: changes role from CANDIDATE to LEADER at term 1 for changeToLeader
2019-09-25 07:29:56,230 [2fe7b077-4a7c-42ee-8783-920c916b7d94@group-05B686EC7170:LeaderElection61] INFO  impl.RaftServerImpl (ServerState.java:setLeader(253)) - 2fe7b077-4a7c-42ee-8783-920c916b7d94@group-05B686EC7170: change Leader from null to 2fe7b077-4a7c-42ee-8783-920c916b7d94 at term 1 for becomeLeader, leader elected after 5081ms
2019-09-25 07:29:56,230 [2fe7b077-4a7c-42ee-8783-920c916b7d94@group-05B686EC7170:LeaderElection61] INFO  server.RaftServerConfigKeys (ConfUtils.java:logGet(43)) - raft.server.staging.catchup.gap = 1000 (default)
2019-09-25 07:29:56,230 [2fe7b077-4a7c-42ee-8783-920c916b7d94@group-05B686EC7170:LeaderElection61] INFO  server.RaftServerConfigKeys (ConfUtils.java:logGet(43)) - raft.server.rpc.sleep.time = 25ms (default)
2019-09-25 07:29:56,230 [2fe7b077-4a7c-42ee-8783-920c916b7d94@group-05B686EC7170:LeaderElection61] INFO  server.RaftServerConfigKeys (ConfUtils.java:logGet(43)) - raft.server.write.element-limit = 4096 (default)
2019-09-25 07:29:56,230 [2fe7b077-4a7c-42ee-8783-920c916b7d94@group-05B686EC7170:LeaderElection61] INFO  server.RaftServerConfigKeys (ConfUtils.java:logGet(43)) - raft.server.watch.timeout = 10s (default)
2019-09-25 07:29:56,230 [2fe7b077-4a7c-42ee-8783-920c916b7d94@group-05B686EC7170:LeaderElection61] INFO  server.RaftServerConfigKeys (ConfUtils.java:logGet(43)) - raft.server.watch.timeout.denomination = 1s (default)
2019-09-25 07:29:56,231 [2fe7b077-4a7c-42ee-8783-920c916b7d94@group-05B686EC7170:LeaderElection61] INFO  server.RaftServerConfigKeys (ConfUtils.java:logGet(43)) - raft.server.watch.element-limit = 65536 (default)
2019-09-25 07:29:56,232 [2fe7b077-4a7c-42ee-8783-920c916b7d94@group-05B686EC7170:LeaderElection61] INFO  impl.RoleInfo (RoleInfo.java:updateAndGet(143)) - 2fe7b077-4a7c-42ee-8783-920c916b7d94: start LeaderState
2019-09-25 07:29:56,233 [2fe7b077-4a7c-42ee-8783-920c916b7d94@group-05B686EC7170:LeaderElection61] INFO  segmented.SegmentedRaftLogWorker (SegmentedRaftLogWorker.java:startLogSegment(380)) - 2fe7b077-4a7c-42ee-8783-920c916b7d94@group-05B686EC7170-SegmentedRaftLogWorker: Starting segment from index:0
2019-09-25 07:29:56,233 [2fe7b077-4a7c-42ee-8783-920c916b7d94@group-05B686EC7170:LeaderElection61] INFO  impl.RaftServerImpl (ServerState.java:setRaftConf(354)) - 2fe7b077-4a7c-42ee-8783-920c916b7d94@group-05B686EC7170: set configuration 0: [2fe7b077-4a7c-42ee-8783-920c916b7d94:192.168.151.106:34898], old=null at 0
2019-09-25 07:29:56,282 [2fe7b077-4a7c-42ee-8783-920c916b7d94@group-05B686EC7170-SegmentedRaftLogWorker] INFO  segmented.SegmentedRaftLogWorker (SegmentedRaftLogWorker.java:execute(569)) - 2fe7b077-4a7c-42ee-8783-920c916b7d94@group-05B686EC7170-SegmentedRaftLogWorker: created new log segment /workdir/hadoop-ozone/ozonefs/target/test-dir/MiniOzoneClusterImpl-a0a13e0f-1219-4868-bc3b-f345b2356b4a/datanode-2/data/ratis/273e2197-706c-48c4-ac38-05b686ec7170/current/log_inprogress_0
2019-09-25 07:29:56,315 [Thread-1013] INFO  impl.FollowerState (FollowerState.java:run(106)) - 2fe7b077-4a7c-42ee-8783-920c916b7d94:group-3BC68094D9E2 changes to CANDIDATE, lastRpcTime:5026, electionTimeout:5026ms
2019-09-25 07:29:56,316 [Thread-1013] INFO  impl.RoleInfo (RoleInfo.java:shutdownFollowerState(121)) - 2fe7b077-4a7c-42ee-8783-920c916b7d94: shutdown FollowerState
2019-09-25 07:29:56,316 [Thread-1013] INFO  impl.RaftServerImpl (RaftServerImpl.java:setRole(174)) - 2fe7b077-4a7c-42ee-8783-920c916b7d94@group-3BC68094D9E2: changes role from  FOLLOWER to CANDIDATE at term 0 for changeToCandidate
2019-09-25 07:29:56,316 [Thread-1013] INFO  impl.RoleInfo (RoleInfo.java:updateAndGet(143)) - 2fe7b077-4a7c-42ee-8783-920c916b7d94: start LeaderElection
2019-09-25 07:29:56,324 [Thread-1007] INFO  impl.FollowerState (FollowerState.java:run(106)) - 2fe7b077-4a7c-42ee-8783-920c916b7d94:group-88FE6C09F0B4 changes to CANDIDATE, lastRpcTime:5126, electionTimeout:5126ms
2019-09-25 07:29:56,324 [Thread-1007] INFO  impl.RoleInfo (RoleInfo.java:shutdownFollowerState(121)) - 2fe7b077-4a7c-42ee-8783-920c916b7d94: shutdown FollowerState
2019-09-25 07:29:56,325 [Thread-1007] INFO  impl.RaftServerImpl (RaftServerImpl.java:setRole(174)) - 2fe7b077-4a7c-42ee-8783-920c916b7d94@group-88FE6C09F0B4: changes role from  FOLLOWER to CANDIDATE at term 0 for changeToCandidate
2019-09-25 07:29:56,325 [Thread-1007] INFO  impl.RoleInfo (RoleInfo.java:updateAndGet(143)) - 2fe7b077-4a7c-42ee-8783-920c916b7d94: start LeaderElection
2019-09-25 07:29:56,342 [2fe7b077-4a7c-42ee-8783-920c916b7d94@group-3BC68094D9E2:LeaderElection62] INFO  impl.LeaderElection (LeaderElection.java:askForVotes(182)) - 2fe7b077-4a7c-42ee-8783-920c916b7d94@group-3BC68094D9E2:LeaderElection62: begin an election at term 1 for -1: [2fe7b077-4a7c-42ee-8783-920c916b7d94:192.168.151.106:34898], old=null
2019-09-25 07:29:56,342 [2fe7b077-4a7c-42ee-8783-920c916b7d94@group-88FE6C09F0B4:LeaderElection63] INFO  impl.LeaderElection (LeaderElection.java:askForVotes(182)) - 2fe7b077-4a7c-42ee-8783-920c916b7d94@group-88FE6C09F0B4:LeaderElection63: begin an election at term 1 for -1: [2fe7b077-4a7c-42ee-8783-920c916b7d94:192.168.151.106:34898], old=null
2019-09-25 07:29:56,342 [2fe7b077-4a7c-42ee-8783-920c916b7d94@group-3BC68094D9E2:LeaderElection62] INFO  impl.RoleInfo (RoleInfo.java:shutdownLeaderElection(134)) - 2fe7b077-4a7c-42ee-8783-920c916b7d94: shutdown LeaderElection
2019-09-25 07:29:56,342 [2fe7b077-4a7c-42ee-8783-920c916b7d94@group-88FE6C09F0B4:LeaderElection63] INFO  impl.RoleInfo (RoleInfo.java:shutdownLeaderElection(134)) - 2fe7b077-4a7c-42ee-8783-920c916b7d94: shutdown LeaderElection
2019-09-25 07:29:56,342 [2fe7b077-4a7c-42ee-8783-920c916b7d94@group-3BC68094D9E2:LeaderElection62] INFO  impl.RaftServerImpl (RaftServerImpl.java:setRole(174)) - 2fe7b077-4a7c-42ee-8783-920c916b7d94@group-3BC68094D9E2: changes role from CANDIDATE to LEADER at term 1 for changeToLeader
2019-09-25 07:29:56,342 [2fe7b077-4a7c-42ee-8783-920c916b7d94@group-88FE6C09F0B4:LeaderElection63] INFO  impl.RaftServerImpl (RaftServerImpl.java:setRole(174)) - 2fe7b077-4a7c-42ee-8783-920c916b7d94@group-88FE6C09F0B4: changes role from CANDIDATE to LEADER at term 1 for changeToLeader
2019-09-25 07:29:56,342 [2fe7b077-4a7c-42ee-8783-920c916b7d94@group-3BC68094D9E2:LeaderElection62] INFO  impl.RaftServerImpl (ServerState.java:setLeader(253)) - 2fe7b077-4a7c-42ee-8783-920c916b7d94@group-3BC68094D9E2: change Leader from null to 2fe7b077-4a7c-42ee-8783-920c916b7d94 at term 1 for becomeLeader, leader elected after 5060ms
2019-09-25 07:29:56,342 [2fe7b077-4a7c-42ee-8783-920c916b7d94@group-88FE6C09F0B4:LeaderElection63] INFO  impl.RaftServerImpl (ServerState.java:setLeader(253)) - 2fe7b077-4a7c-42ee-8783-920c916b7d94@group-88FE6C09F0B4: change Leader from null to 2fe7b077-4a7c-42ee-8783-920c916b7d94 at term 1 for becomeLeader, leader elected after 5149ms
2019-09-25 07:29:56,343 [2fe7b077-4a7c-42ee-8783-920c916b7d94@group-3BC68094D9E2:LeaderElection62] INFO  server.RaftServerConfigKeys (ConfUtils.java:logGet(43)) - raft.server.staging.catchup.gap = 1000 (default)
2019-09-25 07:29:56,343 [2fe7b077-4a7c-42ee-8783-920c916b7d94@group-88FE6C09F0B4:LeaderElection63] INFO  server.RaftServerConfigKeys (ConfUtils.java:logGet(43)) - raft.server.staging.catchup.gap = 1000 (default)
2019-09-25 07:29:56,343 [2fe7b077-4a7c-42ee-8783-920c916b7d94@group-3BC68094D9E2:LeaderElection62] INFO  server.RaftServerConfigKeys (ConfUtils.java:logGet(43)) - raft.server.rpc.sleep.time = 25ms (default)
2019-09-25 07:29:56,343 [2fe7b077-4a7c-42ee-8783-920c916b7d94@group-88FE6C09F0B4:LeaderElection63] INFO  server.RaftServerConfigKeys (ConfUtils.java:logGet(43)) - raft.server.rpc.sleep.time = 25ms (default)
2019-09-25 07:29:56,343 [2fe7b077-4a7c-42ee-8783-920c916b7d94@group-3BC68094D9E2:LeaderElection62] INFO  server.RaftServerConfigKeys (ConfUtils.java:logGet(43)) - raft.server.write.element-limit = 4096 (default)
2019-09-25 07:29:56,343 [2fe7b077-4a7c-42ee-8783-920c916b7d94@group-88FE6C09F0B4:LeaderElection63] INFO  server.RaftServerConfigKeys (ConfUtils.java:logGet(43)) - raft.server.write.element-limit = 4096 (default)
2019-09-25 07:29:56,343 [2fe7b077-4a7c-42ee-8783-920c916b7d94@group-3BC68094D9E2:LeaderElection62] INFO  server.RaftServerConfigKeys (ConfUtils.java:logGet(43)) - raft.server.watch.timeout = 10s (default)
2019-09-25 07:29:56,344 [2fe7b077-4a7c-42ee-8783-920c916b7d94@group-88FE6C09F0B4:LeaderElection63] INFO  server.RaftServerConfigKeys (ConfUtils.java:logGet(43)) - raft.server.watch.timeout = 10s (default)
2019-09-25 07:29:56,344 [2fe7b077-4a7c-42ee-8783-920c916b7d94@group-3BC68094D9E2:LeaderElection62] INFO  server.RaftServerConfigKeys (ConfUtils.java:logGet(43)) - raft.server.watch.timeout.denomination = 1s (default)
2019-09-25 07:29:56,344 [2fe7b077-4a7c-42ee-8783-920c916b7d94@group-88FE6C09F0B4:LeaderElection63] INFO  server.RaftServerConfigKeys (ConfUtils.java:logGet(43)) - raft.server.watch.timeout.denomination = 1s (default)
2019-09-25 07:29:56,344 [2fe7b077-4a7c-42ee-8783-920c916b7d94@group-3BC68094D9E2:LeaderElection62] INFO  server.RaftServerConfigKeys (ConfUtils.java:logGet(43)) - raft.server.watch.element-limit = 65536 (default)
2019-09-25 07:29:56,344 [2fe7b077-4a7c-42ee-8783-920c916b7d94@group-88FE6C09F0B4:LeaderElection63] INFO  server.RaftServerConfigKeys (ConfUtils.java:logGet(43)) - raft.server.watch.element-limit = 65536 (default)
2019-09-25 07:29:56,347 [2fe7b077-4a7c-42ee-8783-920c916b7d94@group-3BC68094D9E2:LeaderElection62] INFO  impl.RoleInfo (RoleInfo.java:updateAndGet(143)) - 2fe7b077-4a7c-42ee-8783-920c916b7d94: start LeaderState
2019-09-25 07:29:56,347 [2fe7b077-4a7c-42ee-8783-920c916b7d94@group-88FE6C09F0B4:LeaderElection63] INFO  impl.RoleInfo (RoleInfo.java:updateAndGet(143)) - 2fe7b077-4a7c-42ee-8783-920c916b7d94: start LeaderState
2019-09-25 07:29:56,347 [2fe7b077-4a7c-42ee-8783-920c916b7d94@group-3BC68094D9E2:LeaderElection62] INFO  segmented.SegmentedRaftLogWorker (SegmentedRaftLogWorker.java:startLogSegment(380)) - 2fe7b077-4a7c-42ee-8783-920c916b7d94@group-3BC68094D9E2-SegmentedRaftLogWorker: Starting segment from index:0
2019-09-25 07:29:56,347 [2fe7b077-4a7c-42ee-8783-920c916b7d94@group-88FE6C09F0B4:LeaderElection63] INFO  segmented.SegmentedRaftLogWorker (SegmentedRaftLogWorker.java:startLogSegment(380)) - 2fe7b077-4a7c-42ee-8783-920c916b7d94@group-88FE6C09F0B4-SegmentedRaftLogWorker: Starting segment from index:0
2019-09-25 07:29:56,348 [2fe7b077-4a7c-42ee-8783-920c916b7d94@group-3BC68094D9E2:LeaderElection62] INFO  impl.RaftServerImpl (ServerState.java:setRaftConf(354)) - 2fe7b077-4a7c-42ee-8783-920c916b7d94@group-3BC68094D9E2: set configuration 0: [2fe7b077-4a7c-42ee-8783-920c916b7d94:192.168.151.106:34898], old=null at 0
2019-09-25 07:29:56,348 [2fe7b077-4a7c-42ee-8783-920c916b7d94@group-88FE6C09F0B4:LeaderElection63] INFO  impl.RaftServerImpl (ServerState.java:setRaftConf(354)) - 2fe7b077-4a7c-42ee-8783-920c916b7d94@group-88FE6C09F0B4: set configuration 0: [2fe7b077-4a7c-42ee-8783-920c916b7d94:192.168.151.106:34898], old=null at 0
2019-09-25 07:29:56,367 [Thread-1010] INFO  impl.FollowerState (FollowerState.java:run(106)) - a19a6886-cb81-4302-a38d-47405969e88d:group-7F926D2B2C0C changes to CANDIDATE, lastRpcTime:5133, electionTimeout:5133ms
2019-09-25 07:29:56,367 [Thread-1010] INFO  impl.RoleInfo (RoleInfo.java:shutdownFollowerState(121)) - a19a6886-cb81-4302-a38d-47405969e88d: shutdown FollowerState
2019-09-25 07:29:56,367 [Thread-1010] INFO  impl.RaftServerImpl (RaftServerImpl.java:setRole(174)) - a19a6886-cb81-4302-a38d-47405969e88d@group-7F926D2B2C0C: changes role from  FOLLOWER to CANDIDATE at term 0 for changeToCandidate
2019-09-25 07:29:56,368 [Thread-1010] INFO  impl.RoleInfo (RoleInfo.java:updateAndGet(143)) - a19a6886-cb81-4302-a38d-47405969e88d: start LeaderElection
2019-09-25 07:29:56,379 [2fe7b077-4a7c-42ee-8783-920c916b7d94@group-88FE6C09F0B4-SegmentedRaftLogWorker] INFO  segmented.SegmentedRaftLogWorker (SegmentedRaftLogWorker.java:execute(569)) - 2fe7b077-4a7c-42ee-8783-920c916b7d94@group-88FE6C09F0B4-SegmentedRaftLogWorker: created new log segment /workdir/hadoop-ozone/ozonefs/target/test-dir/MiniOzoneClusterImpl-a0a13e0f-1219-4868-bc3b-f345b2356b4a/datanode-2/data/ratis/417e3cca-a2f6-409f-a11f-88fe6c09f0b4/current/log_inprogress_0
2019-09-25 07:29:56,380 [2fe7b077-4a7c-42ee-8783-920c916b7d94@group-3BC68094D9E2-SegmentedRaftLogWorker] INFO  segmented.SegmentedRaftLogWorker (SegmentedRaftLogWorker.java:execute(569)) - 2fe7b077-4a7c-42ee-8783-920c916b7d94@group-3BC68094D9E2-SegmentedRaftLogWorker: created new log segment /workdir/hadoop-ozone/ozonefs/target/test-dir/MiniOzoneClusterImpl-a0a13e0f-1219-4868-bc3b-f345b2356b4a/datanode-2/data/ratis/7ebeb599-6574-4119-ab71-3bc68094d9e2/current/log_inprogress_0
2019-09-25 07:29:56,380 [a19a6886-cb81-4302-a38d-47405969e88d@group-7F926D2B2C0C:LeaderElection64] INFO  impl.LeaderElection (LeaderElection.java:askForVotes(182)) - a19a6886-cb81-4302-a38d-47405969e88d@group-7F926D2B2C0C:LeaderElection64: begin an election at term 1 for -1: [a19a6886-cb81-4302-a38d-47405969e88d:192.168.151.106:43087], old=null
2019-09-25 07:29:56,380 [a19a6886-cb81-4302-a38d-47405969e88d@group-7F926D2B2C0C:LeaderElection64] INFO  impl.RoleInfo (RoleInfo.java:shutdownLeaderElection(134)) - a19a6886-cb81-4302-a38d-47405969e88d: shutdown LeaderElection
2019-09-25 07:29:56,380 [a19a6886-cb81-4302-a38d-47405969e88d@group-7F926D2B2C0C:LeaderElection64] INFO  impl.RaftServerImpl (RaftServerImpl.java:setRole(174)) - a19a6886-cb81-4302-a38d-47405969e88d@group-7F926D2B2C0C: changes role from CANDIDATE to LEADER at term 1 for changeToLeader
2019-09-25 07:29:56,380 [a19a6886-cb81-4302-a38d-47405969e88d@group-7F926D2B2C0C:LeaderElection64] INFO  impl.RaftServerImpl (ServerState.java:setLeader(253)) - a19a6886-cb81-4302-a38d-47405969e88d@group-7F926D2B2C0C: change Leader from null to a19a6886-cb81-4302-a38d-47405969e88d at term 1 for becomeLeader, leader elected after 5151ms
2019-09-25 07:29:56,381 [a19a6886-cb81-4302-a38d-47405969e88d@group-7F926D2B2C0C:LeaderElection64] INFO  server.RaftServerConfigKeys (ConfUtils.java:logGet(43)) - raft.server.staging.catchup.gap = 1000 (default)
2019-09-25 07:29:56,381 [a19a6886-cb81-4302-a38d-47405969e88d@group-7F926D2B2C0C:LeaderElection64] INFO  server.RaftServerConfigKeys (ConfUtils.java:logGet(43)) - raft.server.rpc.sleep.time = 25ms (default)
2019-09-25 07:29:56,381 [a19a6886-cb81-4302-a38d-47405969e88d@group-7F926D2B2C0C:LeaderElection64] INFO  server.RaftServerConfigKeys (ConfUtils.java:logGet(43)) - raft.server.write.element-limit = 4096 (default)
2019-09-25 07:29:56,381 [a19a6886-cb81-4302-a38d-47405969e88d@group-7F926D2B2C0C:LeaderElection64] INFO  server.RaftServerConfigKeys (ConfUtils.java:logGet(43)) - raft.server.watch.timeout = 10s (default)
2019-09-25 07:29:56,381 [a19a6886-cb81-4302-a38d-47405969e88d@group-7F926D2B2C0C:LeaderElection64] INFO  server.RaftServerConfigKeys (ConfUtils.java:logGet(43)) - raft.server.watch.timeout.denomination = 1s (default)
2019-09-25 07:29:56,381 [a19a6886-cb81-4302-a38d-47405969e88d@group-7F926D2B2C0C:LeaderElection64] INFO  server.RaftServerConfigKeys (ConfUtils.java:logGet(43)) - raft.server.watch.element-limit = 65536 (default)
2019-09-25 07:29:56,383 [a19a6886-cb81-4302-a38d-47405969e88d@group-7F926D2B2C0C:LeaderElection64] INFO  impl.RoleInfo (RoleInfo.java:updateAndGet(143)) - a19a6886-cb81-4302-a38d-47405969e88d: start LeaderState
2019-09-25 07:29:56,384 [a19a6886-cb81-4302-a38d-47405969e88d@group-7F926D2B2C0C:LeaderElection64] INFO  segmented.SegmentedRaftLogWorker (SegmentedRaftLogWorker.java:startLogSegment(380)) - a19a6886-cb81-4302-a38d-47405969e88d@group-7F926D2B2C0C-SegmentedRaftLogWorker: Starting segment from index:0
2019-09-25 07:29:56,384 [a19a6886-cb81-4302-a38d-47405969e88d@group-7F926D2B2C0C:LeaderElection64] INFO  impl.RaftServerImpl (ServerState.java:setRaftConf(354)) - a19a6886-cb81-4302-a38d-47405969e88d@group-7F926D2B2C0C: set configuration 0: [a19a6886-cb81-4302-a38d-47405969e88d:192.168.151.106:43087], old=null at 0
2019-09-25 07:29:56,415 [Thread-1016] INFO  impl.FollowerState (FollowerState.java:run(106)) - a19a6886-cb81-4302-a38d-47405969e88d:group-F43FBE0E164C changes to CANDIDATE, lastRpcTime:5081, electionTimeout:5081ms
2019-09-25 07:29:56,415 [Thread-1016] INFO  impl.RoleInfo (RoleInfo.java:shutdownFollowerState(121)) - a19a6886-cb81-4302-a38d-47405969e88d: shutdown FollowerState
2019-09-25 07:29:56,416 [Thread-1016] INFO  impl.RaftServerImpl (RaftServerImpl.java:setRole(174)) - a19a6886-cb81-4302-a38d-47405969e88d@group-F43FBE0E164C: changes role from  FOLLOWER to CANDIDATE at term 0 for changeToCandidate
2019-09-25 07:29:56,416 [Thread-1016] INFO  impl.RoleInfo (RoleInfo.java:updateAndGet(143)) - a19a6886-cb81-4302-a38d-47405969e88d: start LeaderElection
2019-09-25 07:29:56,438 [a19a6886-cb81-4302-a38d-47405969e88d@group-7F926D2B2C0C-SegmentedRaftLogWorker] INFO  segmented.SegmentedRaftLogWorker (SegmentedRaftLogWorker.java:execute(569)) - a19a6886-cb81-4302-a38d-47405969e88d@group-7F926D2B2C0C-SegmentedRaftLogWorker: created new log segment /workdir/hadoop-ozone/ozonefs/target/test-dir/MiniOzoneClusterImpl-a0a13e0f-1219-4868-bc3b-f345b2356b4a/datanode-1/data/ratis/068979e6-aa2a-4a66-aae9-7f926d2b2c0c/current/log_inprogress_0
2019-09-25 07:29:56,438 [a19a6886-cb81-4302-a38d-47405969e88d@group-F43FBE0E164C:LeaderElection65] INFO  impl.LeaderElection (LeaderElection.java:askForVotes(182)) - a19a6886-cb81-4302-a38d-47405969e88d@group-F43FBE0E164C:LeaderElection65: begin an election at term 1 for -1: [a19a6886-cb81-4302-a38d-47405969e88d:192.168.151.106:43087], old=null
2019-09-25 07:29:56,438 [a19a6886-cb81-4302-a38d-47405969e88d@group-F43FBE0E164C:LeaderElection65] INFO  impl.RoleInfo (RoleInfo.java:shutdownLeaderElection(134)) - a19a6886-cb81-4302-a38d-47405969e88d: shutdown LeaderElection
2019-09-25 07:29:56,438 [a19a6886-cb81-4302-a38d-47405969e88d@group-F43FBE0E164C:LeaderElection65] INFO  impl.RaftServerImpl (RaftServerImpl.java:setRole(174)) - a19a6886-cb81-4302-a38d-47405969e88d@group-F43FBE0E164C: changes role from CANDIDATE to LEADER at term 1 for changeToLeader
2019-09-25 07:29:56,438 [a19a6886-cb81-4302-a38d-47405969e88d@group-F43FBE0E164C:LeaderElection65] INFO  impl.RaftServerImpl (ServerState.java:setLeader(253)) - a19a6886-cb81-4302-a38d-47405969e88d@group-F43FBE0E164C: change Leader from null to a19a6886-cb81-4302-a38d-47405969e88d at term 1 for becomeLeader, leader elected after 5109ms
2019-09-25 07:29:56,439 [a19a6886-cb81-4302-a38d-47405969e88d@group-F43FBE0E164C:LeaderElection65] INFO  server.RaftServerConfigKeys (ConfUtils.java:logGet(43)) - raft.server.staging.catchup.gap = 1000 (default)
2019-09-25 07:29:56,439 [a19a6886-cb81-4302-a38d-47405969e88d@group-F43FBE0E164C:LeaderElection65] INFO  server.RaftServerConfigKeys (ConfUtils.java:logGet(43)) - raft.server.rpc.sleep.time = 25ms (default)
2019-09-25 07:29:56,439 [a19a6886-cb81-4302-a38d-47405969e88d@group-F43FBE0E164C:LeaderElection65] INFO  server.RaftServerConfigKeys (ConfUtils.java:logGet(43)) - raft.server.write.element-limit = 4096 (default)
2019-09-25 07:29:56,439 [a19a6886-cb81-4302-a38d-47405969e88d@group-F43FBE0E164C:LeaderElection65] INFO  server.RaftServerConfigKeys (ConfUtils.java:logGet(43)) - raft.server.watch.timeout = 10s (default)
2019-09-25 07:29:56,439 [a19a6886-cb81-4302-a38d-47405969e88d@group-F43FBE0E164C:LeaderElection65] INFO  server.RaftServerConfigKeys (ConfUtils.java:logGet(43)) - raft.server.watch.timeout.denomination = 1s (default)
2019-09-25 07:29:56,439 [a19a6886-cb81-4302-a38d-47405969e88d@group-F43FBE0E164C:LeaderElection65] INFO  server.RaftServerConfigKeys (ConfUtils.java:logGet(43)) - raft.server.watch.element-limit = 65536 (default)
2019-09-25 07:29:56,441 [a19a6886-cb81-4302-a38d-47405969e88d@group-F43FBE0E164C:LeaderElection65] INFO  impl.RoleInfo (RoleInfo.java:updateAndGet(143)) - a19a6886-cb81-4302-a38d-47405969e88d: start LeaderState
2019-09-25 07:29:56,441 [a19a6886-cb81-4302-a38d-47405969e88d@group-F43FBE0E164C:LeaderElection65] INFO  segmented.SegmentedRaftLogWorker (SegmentedRaftLogWorker.java:startLogSegment(380)) - a19a6886-cb81-4302-a38d-47405969e88d@group-F43FBE0E164C-SegmentedRaftLogWorker: Starting segment from index:0
2019-09-25 07:29:56,442 [a19a6886-cb81-4302-a38d-47405969e88d@group-F43FBE0E164C:LeaderElection65] INFO  impl.RaftServerImpl (ServerState.java:setRaftConf(354)) - a19a6886-cb81-4302-a38d-47405969e88d@group-F43FBE0E164C: set configuration 0: [a19a6886-cb81-4302-a38d-47405969e88d:192.168.151.106:43087], old=null at 0
2019-09-25 07:29:56,483 [a19a6886-cb81-4302-a38d-47405969e88d@group-F43FBE0E164C-SegmentedRaftLogWorker] INFO  segmented.SegmentedRaftLogWorker (SegmentedRaftLogWorker.java:execute(569)) - a19a6886-cb81-4302-a38d-47405969e88d@group-F43FBE0E164C-SegmentedRaftLogWorker: created new log segment /workdir/hadoop-ozone/ozonefs/target/test-dir/MiniOzoneClusterImpl-a0a13e0f-1219-4868-bc3b-f345b2356b4a/datanode-1/data/ratis/52acef53-7af8-48fb-a432-f43fbe0e164c/current/log_inprogress_0
2019-09-25 07:29:56,488 [Thread-1025] INFO  impl.FollowerState (FollowerState.java:run(106)) - a19a6886-cb81-4302-a38d-47405969e88d:group-E1EE070E81A9 changes to CANDIDATE, lastRpcTime:5017, electionTimeout:5017ms
2019-09-25 07:29:56,488 [Thread-1025] INFO  impl.RoleInfo (RoleInfo.java:shutdownFollowerState(121)) - a19a6886-cb81-4302-a38d-47405969e88d: shutdown FollowerState
2019-09-25 07:29:56,488 [Thread-1025] INFO  impl.RaftServerImpl (RaftServerImpl.java:setRole(174)) - a19a6886-cb81-4302-a38d-47405969e88d@group-E1EE070E81A9: changes role from  FOLLOWER to CANDIDATE at term 0 for changeToCandidate
2019-09-25 07:29:56,488 [Thread-1025] INFO  impl.RoleInfo (RoleInfo.java:updateAndGet(143)) - a19a6886-cb81-4302-a38d-47405969e88d: start LeaderElection
2019-09-25 07:29:56,499 [Thread-1019] INFO  impl.FollowerState (FollowerState.java:run(106)) - a19a6886-cb81-4302-a38d-47405969e88d:group-51235664F833 changes to CANDIDATE, lastRpcTime:5110, electionTimeout:5110ms
2019-09-25 07:29:56,499 [Thread-1019] INFO  impl.RoleInfo (RoleInfo.java:shutdownFollowerState(121)) - a19a6886-cb81-4302-a38d-47405969e88d: shutdown FollowerState
2019-09-25 07:29:56,499 [Thread-1019] INFO  impl.RaftServerImpl (RaftServerImpl.java:setRole(174)) - a19a6886-cb81-4302-a38d-47405969e88d@group-51235664F833: changes role from  FOLLOWER to CANDIDATE at term 0 for changeToCandidate
2019-09-25 07:29:56,499 [Thread-1019] INFO  impl.RoleInfo (RoleInfo.java:updateAndGet(143)) - a19a6886-cb81-4302-a38d-47405969e88d: start LeaderElection
2019-09-25 07:29:56,507 [a19a6886-cb81-4302-a38d-47405969e88d@group-E1EE070E81A9:LeaderElection66] INFO  impl.LeaderElection (LeaderElection.java:askForVotes(182)) - a19a6886-cb81-4302-a38d-47405969e88d@group-E1EE070E81A9:LeaderElection66: begin an election at term 1 for -1: [a19a6886-cb81-4302-a38d-47405969e88d:192.168.151.106:43087], old=null
2019-09-25 07:29:56,507 [a19a6886-cb81-4302-a38d-47405969e88d@group-E1EE070E81A9:LeaderElection66] INFO  impl.RoleInfo (RoleInfo.java:shutdownLeaderElection(134)) - a19a6886-cb81-4302-a38d-47405969e88d: shutdown LeaderElection
2019-09-25 07:29:56,507 [a19a6886-cb81-4302-a38d-47405969e88d@group-E1EE070E81A9:LeaderElection66] INFO  impl.RaftServerImpl (RaftServerImpl.java:setRole(174)) - a19a6886-cb81-4302-a38d-47405969e88d@group-E1EE070E81A9: changes role from CANDIDATE to LEADER at term 1 for changeToLeader
2019-09-25 07:29:56,507 [a19a6886-cb81-4302-a38d-47405969e88d@group-E1EE070E81A9:LeaderElection66] INFO  impl.RaftServerImpl (ServerState.java:setLeader(253)) - a19a6886-cb81-4302-a38d-47405969e88d@group-E1EE070E81A9: change Leader from null to a19a6886-cb81-4302-a38d-47405969e88d at term 1 for becomeLeader, leader elected after 5041ms
2019-09-25 07:29:56,507 [a19a6886-cb81-4302-a38d-47405969e88d@group-E1EE070E81A9:LeaderElection66] INFO  server.RaftServerConfigKeys (ConfUtils.java:logGet(43)) - raft.server.staging.catchup.gap = 1000 (default)
2019-09-25 07:29:56,507 [a19a6886-cb81-4302-a38d-47405969e88d@group-E1EE070E81A9:LeaderElection66] INFO  server.RaftServerConfigKeys (ConfUtils.java:logGet(43)) - raft.server.rpc.sleep.time = 25ms (default)
2019-09-25 07:29:56,507 [a19a6886-cb81-4302-a38d-47405969e88d@group-E1EE070E81A9:LeaderElection66] INFO  server.RaftServerConfigKeys (ConfUtils.java:logGet(43)) - raft.server.write.element-limit = 4096 (default)
2019-09-25 07:29:56,508 [a19a6886-cb81-4302-a38d-47405969e88d@group-E1EE070E81A9:LeaderElection66] INFO  server.RaftServerConfigKeys (ConfUtils.java:logGet(43)) - raft.server.watch.timeout = 10s (default)
2019-09-25 07:29:56,508 [a19a6886-cb81-4302-a38d-47405969e88d@group-E1EE070E81A9:LeaderElection66] INFO  server.RaftServerConfigKeys (ConfUtils.java:logGet(43)) - raft.server.watch.timeout.denomination = 1s (default)
2019-09-25 07:29:56,508 [a19a6886-cb81-4302-a38d-47405969e88d@group-E1EE070E81A9:LeaderElection66] INFO  server.RaftServerConfigKeys (ConfUtils.java:logGet(43)) - raft.server.watch.element-limit = 65536 (default)
2019-09-25 07:29:56,510 [a19a6886-cb81-4302-a38d-47405969e88d@group-E1EE070E81A9:LeaderElection66] INFO  impl.RoleInfo (RoleInfo.java:updateAndGet(143)) - a19a6886-cb81-4302-a38d-47405969e88d: start LeaderState
2019-09-25 07:29:56,510 [a19a6886-cb81-4302-a38d-47405969e88d@group-E1EE070E81A9:LeaderElection66] INFO  segmented.SegmentedRaftLogWorker (SegmentedRaftLogWorker.java:startLogSegment(380)) - a19a6886-cb81-4302-a38d-47405969e88d@group-E1EE070E81A9-SegmentedRaftLogWorker: Starting segment from index:0
2019-09-25 07:29:56,511 [a19a6886-cb81-4302-a38d-47405969e88d@group-E1EE070E81A9:LeaderElection66] INFO  impl.RaftServerImpl (ServerState.java:setRaftConf(354)) - a19a6886-cb81-4302-a38d-47405969e88d@group-E1EE070E81A9: set configuration 0: [a19a6886-cb81-4302-a38d-47405969e88d:192.168.151.106:43087], old=null at 0
2019-09-25 07:29:56,529 [a19a6886-cb81-4302-a38d-47405969e88d@group-51235664F833:LeaderElection67] INFO  impl.LeaderElection (LeaderElection.java:askForVotes(182)) - a19a6886-cb81-4302-a38d-47405969e88d@group-51235664F833:LeaderElection67: begin an election at term 1 for -1: [a19a6886-cb81-4302-a38d-47405969e88d:192.168.151.106:43087], old=null
2019-09-25 07:29:56,529 [a19a6886-cb81-4302-a38d-47405969e88d@group-51235664F833:LeaderElection67] INFO  impl.RoleInfo (RoleInfo.java:shutdownLeaderElection(134)) - a19a6886-cb81-4302-a38d-47405969e88d: shutdown LeaderElection
2019-09-25 07:29:56,529 [a19a6886-cb81-4302-a38d-47405969e88d@group-51235664F833:LeaderElection67] INFO  impl.RaftServerImpl (RaftServerImpl.java:setRole(174)) - a19a6886-cb81-4302-a38d-47405969e88d@group-51235664F833: changes role from CANDIDATE to LEADER at term 1 for changeToLeader
2019-09-25 07:29:56,530 [a19a6886-cb81-4302-a38d-47405969e88d@group-51235664F833:LeaderElection67] INFO  impl.RaftServerImpl (ServerState.java:setLeader(253)) - a19a6886-cb81-4302-a38d-47405969e88d@group-51235664F833: change Leader from null to a19a6886-cb81-4302-a38d-47405969e88d at term 1 for becomeLeader, leader elected after 5147ms
2019-09-25 07:29:56,530 [a19a6886-cb81-4302-a38d-47405969e88d@group-51235664F833:LeaderElection67] INFO  server.RaftServerConfigKeys (ConfUtils.java:logGet(43)) - raft.server.staging.catchup.gap = 1000 (default)
2019-09-25 07:29:56,530 [a19a6886-cb81-4302-a38d-47405969e88d@group-51235664F833:LeaderElection67] INFO  server.RaftServerConfigKeys (ConfUtils.java:logGet(43)) - raft.server.rpc.sleep.time = 25ms (default)
2019-09-25 07:29:56,530 [a19a6886-cb81-4302-a38d-47405969e88d@group-51235664F833:LeaderElection67] INFO  server.RaftServerConfigKeys (ConfUtils.java:logGet(43)) - raft.server.write.element-limit = 4096 (default)
2019-09-25 07:29:56,530 [a19a6886-cb81-4302-a38d-47405969e88d@group-51235664F833:LeaderElection67] INFO  server.RaftServerConfigKeys (ConfUtils.java:logGet(43)) - raft.server.watch.timeout = 10s (default)
2019-09-25 07:29:56,530 [a19a6886-cb81-4302-a38d-47405969e88d@group-51235664F833:LeaderElection67] INFO  server.RaftServerConfigKeys (ConfUtils.java:logGet(43)) - raft.server.watch.timeout.denomination = 1s (default)
2019-09-25 07:29:56,530 [a19a6886-cb81-4302-a38d-47405969e88d@group-51235664F833:LeaderElection67] INFO  server.RaftServerConfigKeys (ConfUtils.java:logGet(43)) - raft.server.watch.element-limit = 65536 (default)
2019-09-25 07:29:56,532 [a19a6886-cb81-4302-a38d-47405969e88d@group-51235664F833:LeaderElection67] INFO  impl.RoleInfo (RoleInfo.java:updateAndGet(143)) - a19a6886-cb81-4302-a38d-47405969e88d: start LeaderState
2019-09-25 07:29:56,532 [a19a6886-cb81-4302-a38d-47405969e88d@group-51235664F833:LeaderElection67] INFO  segmented.SegmentedRaftLogWorker (SegmentedRaftLogWorker.java:startLogSegment(380)) - a19a6886-cb81-4302-a38d-47405969e88d@group-51235664F833-SegmentedRaftLogWorker: Starting segment from index:0
2019-09-25 07:29:56,533 [a19a6886-cb81-4302-a38d-47405969e88d@group-51235664F833:LeaderElection67] INFO  impl.RaftServerImpl (ServerState.java:setRaftConf(354)) - a19a6886-cb81-4302-a38d-47405969e88d@group-51235664F833: set configuration 0: [a19a6886-cb81-4302-a38d-47405969e88d:192.168.151.106:43087], old=null at 0
2019-09-25 07:29:56,567 [Thread-1028] INFO  impl.FollowerState (FollowerState.java:run(106)) - a19a6886-cb81-4302-a38d-47405969e88d:group-3AF60A9FCB1F changes to CANDIDATE, lastRpcTime:5047, electionTimeout:5047ms
2019-09-25 07:29:56,568 [Thread-1028] INFO  impl.RoleInfo (RoleInfo.java:shutdownFollowerState(121)) - a19a6886-cb81-4302-a38d-47405969e88d: shutdown FollowerState
2019-09-25 07:29:56,568 [Thread-1028] INFO  impl.RaftServerImpl (RaftServerImpl.java:setRole(174)) - a19a6886-cb81-4302-a38d-47405969e88d@group-3AF60A9FCB1F: changes role from  FOLLOWER to CANDIDATE at term 0 for changeToCandidate
2019-09-25 07:29:56,568 [Thread-1028] INFO  impl.RoleInfo (RoleInfo.java:updateAndGet(143)) - a19a6886-cb81-4302-a38d-47405969e88d: start LeaderElection
2019-09-25 07:29:56,571 [Thread-1022] INFO  impl.FollowerState (FollowerState.java:run(106)) - 2fe7b077-4a7c-42ee-8783-920c916b7d94:group-31BF2D001ED3 changes to CANDIDATE, lastRpcTime:5141, electionTimeout:5140ms
2019-09-25 07:29:56,572 [Thread-1022] INFO  impl.RoleInfo (RoleInfo.java:shutdownFollowerState(121)) - 2fe7b077-4a7c-42ee-8783-920c916b7d94: shutdown FollowerState
2019-09-25 07:29:56,572 [Thread-1022] INFO  impl.RaftServerImpl (RaftServerImpl.java:setRole(174)) - 2fe7b077-4a7c-42ee-8783-920c916b7d94@group-31BF2D001ED3: changes role from  FOLLOWER to CANDIDATE at term 0 for changeToCandidate
2019-09-25 07:29:56,572 [Thread-1022] INFO  impl.RoleInfo (RoleInfo.java:updateAndGet(143)) - 2fe7b077-4a7c-42ee-8783-920c916b7d94: start LeaderElection
2019-09-25 07:29:56,584 [a19a6886-cb81-4302-a38d-47405969e88d@group-51235664F833-SegmentedRaftLogWorker] INFO  segmented.SegmentedRaftLogWorker (SegmentedRaftLogWorker.java:execute(569)) - a19a6886-cb81-4302-a38d-47405969e88d@group-51235664F833-SegmentedRaftLogWorker: created new log segment /workdir/hadoop-ozone/ozonefs/target/test-dir/MiniOzoneClusterImpl-a0a13e0f-1219-4868-bc3b-f345b2356b4a/datanode-1/data/ratis/8470780a-6f1d-4a81-8391-51235664f833/current/log_inprogress_0
2019-09-25 07:29:56,584 [a19a6886-cb81-4302-a38d-47405969e88d@group-E1EE070E81A9-SegmentedRaftLogWorker] INFO  segmented.SegmentedRaftLogWorker (SegmentedRaftLogWorker.java:execute(569)) - a19a6886-cb81-4302-a38d-47405969e88d@group-E1EE070E81A9-SegmentedRaftLogWorker: created new log segment /workdir/hadoop-ozone/ozonefs/target/test-dir/MiniOzoneClusterImpl-a0a13e0f-1219-4868-bc3b-f345b2356b4a/datanode-1/data/ratis/944cce64-4591-4655-8ef2-e1ee070e81a9/current/log_inprogress_0
2019-09-25 07:29:56,608 [a19a6886-cb81-4302-a38d-47405969e88d@group-3AF60A9FCB1F:LeaderElection68] INFO  impl.LeaderElection (LeaderElection.java:askForVotes(182)) - a19a6886-cb81-4302-a38d-47405969e88d@group-3AF60A9FCB1F:LeaderElection68: begin an election at term 1 for -1: [a19a6886-cb81-4302-a38d-47405969e88d:192.168.151.106:43087], old=null
2019-09-25 07:29:56,608 [2fe7b077-4a7c-42ee-8783-920c916b7d94@group-31BF2D001ED3:LeaderElection69] INFO  impl.LeaderElection (LeaderElection.java:askForVotes(182)) - 2fe7b077-4a7c-42ee-8783-920c916b7d94@group-31BF2D001ED3:LeaderElection69: begin an election at term 1 for -1: [2fe7b077-4a7c-42ee-8783-920c916b7d94:192.168.151.106:34898], old=null
2019-09-25 07:29:56,608 [a19a6886-cb81-4302-a38d-47405969e88d@group-3AF60A9FCB1F:LeaderElection68] INFO  impl.RoleInfo (RoleInfo.java:shutdownLeaderElection(134)) - a19a6886-cb81-4302-a38d-47405969e88d: shutdown LeaderElection
2019-09-25 07:29:56,609 [2fe7b077-4a7c-42ee-8783-920c916b7d94@group-31BF2D001ED3:LeaderElection69] INFO  impl.RoleInfo (RoleInfo.java:shutdownLeaderElection(134)) - 2fe7b077-4a7c-42ee-8783-920c916b7d94: shutdown LeaderElection
2019-09-25 07:29:56,609 [a19a6886-cb81-4302-a38d-47405969e88d@group-3AF60A9FCB1F:LeaderElection68] INFO  impl.RaftServerImpl (RaftServerImpl.java:setRole(174)) - a19a6886-cb81-4302-a38d-47405969e88d@group-3AF60A9FCB1F: changes role from CANDIDATE to LEADER at term 1 for changeToLeader
2019-09-25 07:29:56,609 [2fe7b077-4a7c-42ee-8783-920c916b7d94@group-31BF2D001ED3:LeaderElection69] INFO  impl.RaftServerImpl (RaftServerImpl.java:setRole(174)) - 2fe7b077-4a7c-42ee-8783-920c916b7d94@group-31BF2D001ED3: changes role from CANDIDATE to LEADER at term 1 for changeToLeader
2019-09-25 07:29:56,609 [a19a6886-cb81-4302-a38d-47405969e88d@group-3AF60A9FCB1F:LeaderElection68] INFO  impl.RaftServerImpl (ServerState.java:setLeader(253)) - a19a6886-cb81-4302-a38d-47405969e88d@group-3AF60A9FCB1F: change Leader from null to a19a6886-cb81-4302-a38d-47405969e88d at term 1 for becomeLeader, leader elected after 5095ms
2019-09-25 07:29:56,609 [2fe7b077-4a7c-42ee-8783-920c916b7d94@group-31BF2D001ED3:LeaderElection69] INFO  impl.RaftServerImpl (ServerState.java:setLeader(253)) - 2fe7b077-4a7c-42ee-8783-920c916b7d94@group-31BF2D001ED3: change Leader from null to 2fe7b077-4a7c-42ee-8783-920c916b7d94 at term 1 for becomeLeader, leader elected after 5184ms
2019-09-25 07:29:56,609 [a19a6886-cb81-4302-a38d-47405969e88d@group-3AF60A9FCB1F:LeaderElection68] INFO  server.RaftServerConfigKeys (ConfUtils.java:logGet(43)) - raft.server.staging.catchup.gap = 1000 (default)
2019-09-25 07:29:56,609 [2fe7b077-4a7c-42ee-8783-920c916b7d94@group-31BF2D001ED3:LeaderElection69] INFO  server.RaftServerConfigKeys (ConfUtils.java:logGet(43)) - raft.server.staging.catchup.gap = 1000 (default)
2019-09-25 07:29:56,609 [a19a6886-cb81-4302-a38d-47405969e88d@group-3AF60A9FCB1F:LeaderElection68] INFO  server.RaftServerConfigKeys (ConfUtils.java:logGet(43)) - raft.server.rpc.sleep.time = 25ms (default)
2019-09-25 07:29:56,610 [2fe7b077-4a7c-42ee-8783-920c916b7d94@group-31BF2D001ED3:LeaderElection69] INFO  server.RaftServerConfigKeys (ConfUtils.java:logGet(43)) - raft.server.rpc.sleep.time = 25ms (default)
2019-09-25 07:29:56,610 [a19a6886-cb81-4302-a38d-47405969e88d@group-3AF60A9FCB1F:LeaderElection68] INFO  server.RaftServerConfigKeys (ConfUtils.java:logGet(43)) - raft.server.write.element-limit = 4096 (default)
2019-09-25 07:29:56,610 [2fe7b077-4a7c-42ee-8783-920c916b7d94@group-31BF2D001ED3:LeaderElection69] INFO  server.RaftServerConfigKeys (ConfUtils.java:logGet(43)) - raft.server.write.element-limit = 4096 (default)
2019-09-25 07:29:56,610 [a19a6886-cb81-4302-a38d-47405969e88d@group-3AF60A9FCB1F:LeaderElection68] INFO  server.RaftServerConfigKeys (ConfUtils.java:logGet(43)) - raft.server.watch.timeout = 10s (default)
2019-09-25 07:29:56,610 [2fe7b077-4a7c-42ee-8783-920c916b7d94@group-31BF2D001ED3:LeaderElection69] INFO  server.RaftServerConfigKeys (ConfUtils.java:logGet(43)) - raft.server.watch.timeout = 10s (default)
2019-09-25 07:29:56,610 [a19a6886-cb81-4302-a38d-47405969e88d@group-3AF60A9FCB1F:LeaderElection68] INFO  server.RaftServerConfigKeys (ConfUtils.java:logGet(43)) - raft.server.watch.timeout.denomination = 1s (default)
2019-09-25 07:29:56,610 [2fe7b077-4a7c-42ee-8783-920c916b7d94@group-31BF2D001ED3:LeaderElection69] INFO  server.RaftServerConfigKeys (ConfUtils.java:logGet(43)) - raft.server.watch.timeout.denomination = 1s (default)
2019-09-25 07:29:56,611 [a19a6886-cb81-4302-a38d-47405969e88d@group-3AF60A9FCB1F:LeaderElection68] INFO  server.RaftServerConfigKeys (ConfUtils.java:logGet(43)) - raft.server.watch.element-limit = 65536 (default)
2019-09-25 07:29:56,611 [2fe7b077-4a7c-42ee-8783-920c916b7d94@group-31BF2D001ED3:LeaderElection69] INFO  server.RaftServerConfigKeys (ConfUtils.java:logGet(43)) - raft.server.watch.element-limit = 65536 (default)
2019-09-25 07:29:56,614 [a19a6886-cb81-4302-a38d-47405969e88d@group-3AF60A9FCB1F:LeaderElection68] INFO  impl.RoleInfo (RoleInfo.java:updateAndGet(143)) - a19a6886-cb81-4302-a38d-47405969e88d: start LeaderState
2019-09-25 07:29:56,614 [2fe7b077-4a7c-42ee-8783-920c916b7d94@group-31BF2D001ED3:LeaderElection69] INFO  impl.RoleInfo (RoleInfo.java:updateAndGet(143)) - 2fe7b077-4a7c-42ee-8783-920c916b7d94: start LeaderState
2019-09-25 07:29:56,614 [a19a6886-cb81-4302-a38d-47405969e88d@group-3AF60A9FCB1F:LeaderElection68] INFO  segmented.SegmentedRaftLogWorker (SegmentedRaftLogWorker.java:startLogSegment(380)) - a19a6886-cb81-4302-a38d-47405969e88d@group-3AF60A9FCB1F-SegmentedRaftLogWorker: Starting segment from index:0
2019-09-25 07:29:56,614 [2fe7b077-4a7c-42ee-8783-920c916b7d94@group-31BF2D001ED3:LeaderElection69] INFO  segmented.SegmentedRaftLogWorker (SegmentedRaftLogWorker.java:startLogSegment(380)) - 2fe7b077-4a7c-42ee-8783-920c916b7d94@group-31BF2D001ED3-SegmentedRaftLogWorker: Starting segment from index:0
2019-09-25 07:29:56,615 [a19a6886-cb81-4302-a38d-47405969e88d@group-3AF60A9FCB1F:LeaderElection68] INFO  impl.RaftServerImpl (ServerState.java:setRaftConf(354)) - a19a6886-cb81-4302-a38d-47405969e88d@group-3AF60A9FCB1F: set configuration 0: [a19a6886-cb81-4302-a38d-47405969e88d:192.168.151.106:43087], old=null at 0
2019-09-25 07:29:56,615 [2fe7b077-4a7c-42ee-8783-920c916b7d94@group-31BF2D001ED3:LeaderElection69] INFO  impl.RaftServerImpl (ServerState.java:setRaftConf(354)) - 2fe7b077-4a7c-42ee-8783-920c916b7d94@group-31BF2D001ED3: set configuration 0: [2fe7b077-4a7c-42ee-8783-920c916b7d94:192.168.151.106:34898], old=null at 0
2019-09-25 07:29:56,642 [Thread-1031] INFO  impl.FollowerState (FollowerState.java:run(106)) - 2fe7b077-4a7c-42ee-8783-920c916b7d94:group-4ADCFD783844 changes to CANDIDATE, lastRpcTime:5069, electionTimeout:5069ms
2019-09-25 07:29:56,642 [Thread-1031] INFO  impl.RoleInfo (RoleInfo.java:shutdownFollowerState(121)) - 2fe7b077-4a7c-42ee-8783-920c916b7d94: shutdown FollowerState
2019-09-25 07:29:56,643 [Thread-1031] INFO  impl.RaftServerImpl (RaftServerImpl.java:setRole(174)) - 2fe7b077-4a7c-42ee-8783-920c916b7d94@group-4ADCFD783844: changes role from  FOLLOWER to CANDIDATE at term 0 for changeToCandidate
2019-09-25 07:29:56,643 [Thread-1031] INFO  impl.RoleInfo (RoleInfo.java:updateAndGet(143)) - 2fe7b077-4a7c-42ee-8783-920c916b7d94: start LeaderElection
2019-09-25 07:29:56,655 [a19a6886-cb81-4302-a38d-47405969e88d@group-3AF60A9FCB1F-SegmentedRaftLogWorker] INFO  segmented.SegmentedRaftLogWorker (SegmentedRaftLogWorker.java:execute(569)) - a19a6886-cb81-4302-a38d-47405969e88d@group-3AF60A9FCB1F-SegmentedRaftLogWorker: created new log segment /workdir/hadoop-ozone/ozonefs/target/test-dir/MiniOzoneClusterImpl-a0a13e0f-1219-4868-bc3b-f345b2356b4a/datanode-1/data/ratis/2dda5386-647c-4b16-a839-3af60a9fcb1f/current/log_inprogress_0
2019-09-25 07:29:56,669 [2fe7b077-4a7c-42ee-8783-920c916b7d94@group-31BF2D001ED3-SegmentedRaftLogWorker] INFO  segmented.SegmentedRaftLogWorker (SegmentedRaftLogWorker.java:execute(569)) - 2fe7b077-4a7c-42ee-8783-920c916b7d94@group-31BF2D001ED3-SegmentedRaftLogWorker: created new log segment /workdir/hadoop-ozone/ozonefs/target/test-dir/MiniOzoneClusterImpl-a0a13e0f-1219-4868-bc3b-f345b2356b4a/datanode-2/data/ratis/8f69a9d4-5fa6-448e-9a3c-31bf2d001ed3/current/log_inprogress_0
2019-09-25 07:29:56,669 [2fe7b077-4a7c-42ee-8783-920c916b7d94@group-4ADCFD783844:LeaderElection70] INFO  impl.LeaderElection (LeaderElection.java:askForVotes(182)) - 2fe7b077-4a7c-42ee-8783-920c916b7d94@group-4ADCFD783844:LeaderElection70: begin an election at term 1 for -1: [2fe7b077-4a7c-42ee-8783-920c916b7d94:192.168.151.106:34898], old=null
2019-09-25 07:29:56,669 [2fe7b077-4a7c-42ee-8783-920c916b7d94@group-4ADCFD783844:LeaderElection70] INFO  impl.RoleInfo (RoleInfo.java:shutdownLeaderElection(134)) - 2fe7b077-4a7c-42ee-8783-920c916b7d94: shutdown LeaderElection
2019-09-25 07:29:56,669 [2fe7b077-4a7c-42ee-8783-920c916b7d94@group-4ADCFD783844:LeaderElection70] INFO  impl.RaftServerImpl (RaftServerImpl.java:setRole(174)) - 2fe7b077-4a7c-42ee-8783-920c916b7d94@group-4ADCFD783844: changes role from CANDIDATE to LEADER at term 1 for changeToLeader
2019-09-25 07:29:56,669 [2fe7b077-4a7c-42ee-8783-920c916b7d94@group-4ADCFD783844:LeaderElection70] INFO  impl.RaftServerImpl (ServerState.java:setLeader(253)) - 2fe7b077-4a7c-42ee-8783-920c916b7d94@group-4ADCFD783844: change Leader from null to 2fe7b077-4a7c-42ee-8783-920c916b7d94 at term 1 for becomeLeader, leader elected after 5102ms
2019-09-25 07:29:56,669 [2fe7b077-4a7c-42ee-8783-920c916b7d94@group-4ADCFD783844:LeaderElection70] INFO  server.RaftServerConfigKeys (ConfUtils.java:logGet(43)) - raft.server.staging.catchup.gap = 1000 (default)
2019-09-25 07:29:56,670 [2fe7b077-4a7c-42ee-8783-920c916b7d94@group-4ADCFD783844:LeaderElection70] INFO  server.RaftServerConfigKeys (ConfUtils.java:logGet(43)) - raft.server.rpc.sleep.time = 25ms (default)
2019-09-25 07:29:56,670 [2fe7b077-4a7c-42ee-8783-920c916b7d94@group-4ADCFD783844:LeaderElection70] INFO  server.RaftServerConfigKeys (ConfUtils.java:logGet(43)) - raft.server.write.element-limit = 4096 (default)
2019-09-25 07:29:56,670 [2fe7b077-4a7c-42ee-8783-920c916b7d94@group-4ADCFD783844:LeaderElection70] INFO  server.RaftServerConfigKeys (ConfUtils.java:logGet(43)) - raft.server.watch.timeout = 10s (default)
2019-09-25 07:29:56,670 [2fe7b077-4a7c-42ee-8783-920c916b7d94@group-4ADCFD783844:LeaderElection70] INFO  server.RaftServerConfigKeys (ConfUtils.java:logGet(43)) - raft.server.watch.timeout.denomination = 1s (default)
2019-09-25 07:29:56,670 [2fe7b077-4a7c-42ee-8783-920c916b7d94@group-4ADCFD783844:LeaderElection70] INFO  server.RaftServerConfigKeys (ConfUtils.java:logGet(43)) - raft.server.watch.element-limit = 65536 (default)
2019-09-25 07:29:56,672 [2fe7b077-4a7c-42ee-8783-920c916b7d94@group-4ADCFD783844:LeaderElection70] INFO  impl.RoleInfo (RoleInfo.java:updateAndGet(143)) - 2fe7b077-4a7c-42ee-8783-920c916b7d94: start LeaderState
2019-09-25 07:29:56,672 [2fe7b077-4a7c-42ee-8783-920c916b7d94@group-4ADCFD783844:LeaderElection70] INFO  segmented.SegmentedRaftLogWorker (SegmentedRaftLogWorker.java:startLogSegment(380)) - 2fe7b077-4a7c-42ee-8783-920c916b7d94@group-4ADCFD783844-SegmentedRaftLogWorker: Starting segment from index:0
2019-09-25 07:29:56,673 [2fe7b077-4a7c-42ee-8783-920c916b7d94@group-4ADCFD783844:LeaderElection70] INFO  impl.RaftServerImpl (ServerState.java:setRaftConf(354)) - 2fe7b077-4a7c-42ee-8783-920c916b7d94@group-4ADCFD783844: set configuration 0: [2fe7b077-4a7c-42ee-8783-920c916b7d94:192.168.151.106:34898], old=null at 0
2019-09-25 07:29:56,728 [2fe7b077-4a7c-42ee-8783-920c916b7d94@group-4ADCFD783844-SegmentedRaftLogWorker] INFO  segmented.SegmentedRaftLogWorker (SegmentedRaftLogWorker.java:execute(569)) - 2fe7b077-4a7c-42ee-8783-920c916b7d94@group-4ADCFD783844-SegmentedRaftLogWorker: created new log segment /workdir/hadoop-ozone/ozonefs/target/test-dir/MiniOzoneClusterImpl-a0a13e0f-1219-4868-bc3b-f345b2356b4a/datanode-2/data/ratis/749b3a4d-b2bb-44ee-a05a-4adcfd783844/current/log_inprogress_0
2019-09-25 07:29:56,887 [Thread-806] INFO  ozoneimpl.OzoneContainer (OzoneContainer.java:stop(231)) - Attempting to stop container services.
2019-09-25 07:29:56,887 [ForkJoinPool.commonPool-worker-1] INFO  ozoneimpl.OzoneContainer (OzoneContainer.java:stop(231)) - Attempting to stop container services.
2019-09-25 07:29:56,888 [Thread-806] INFO  impl.RaftServerProxy (RaftServerProxy.java:lambda$close$4(314)) - a19a6886-cb81-4302-a38d-47405969e88d: close
2019-09-25 07:29:56,888 [ForkJoinPool.commonPool-worker-1] INFO  impl.RaftServerProxy (RaftServerProxy.java:lambda$close$4(314)) - 126e81bc-97e3-46f8-a1e8-0e987d7c3458: close
2019-09-25 07:29:56,888 [Thread-806] INFO  impl.RaftServerImpl (RaftServerImpl.java:lambda$shutdown$3(251)) - a19a6886-cb81-4302-a38d-47405969e88d@group-E1EE070E81A9: shutdown
2019-09-25 07:29:56,888 [ForkJoinPool.commonPool-worker-1] INFO  impl.RaftServerImpl (RaftServerImpl.java:lambda$shutdown$3(251)) - 126e81bc-97e3-46f8-a1e8-0e987d7c3458@group-52F297629860: shutdown
2019-09-25 07:29:56,889 [Thread-806] INFO  util.JmxRegister (JmxRegister.java:unregister(73)) - Successfully un-registered JMX Bean with object name Ratis:service=RaftServer,group=group-E1EE070E81A9,id=a19a6886-cb81-4302-a38d-47405969e88d
2019-09-25 07:29:56,889 [ForkJoinPool.commonPool-worker-1] INFO  util.JmxRegister (JmxRegister.java:unregister(73)) - Successfully un-registered JMX Bean with object name Ratis:service=RaftServer,group=group-52F297629860,id=126e81bc-97e3-46f8-a1e8-0e987d7c3458
2019-09-25 07:29:56,889 [Thread-806] INFO  impl.RoleInfo (RoleInfo.java:shutdownLeaderState(104)) - a19a6886-cb81-4302-a38d-47405969e88d: shutdown LeaderState
2019-09-25 07:29:56,890 [ForkJoinPool.commonPool-worker-1] INFO  impl.RoleInfo (RoleInfo.java:shutdownLeaderState(104)) - 126e81bc-97e3-46f8-a1e8-0e987d7c3458: shutdown LeaderState
2019-09-25 07:29:56,890 [Thread-806] INFO  impl.PendingRequests (PendingRequests.java:sendNotLeaderResponses(202)) - a19a6886-cb81-4302-a38d-47405969e88d-PendingRequests: sendNotLeaderResponses
2019-09-25 07:29:56,890 [ForkJoinPool.commonPool-worker-1] INFO  impl.PendingRequests (PendingRequests.java:sendNotLeaderResponses(202)) - 126e81bc-97e3-46f8-a1e8-0e987d7c3458-PendingRequests: sendNotLeaderResponses
2019-09-25 07:29:56,891 [Thread-806] INFO  impl.StateMachineUpdater (StateMachineUpdater.java:stopAndJoin(125)) - a19a6886-cb81-4302-a38d-47405969e88d@group-E1EE070E81A9-StateMachineUpdater: set stopIndex = 0
2019-09-25 07:29:56,891 [ForkJoinPool.commonPool-worker-1] INFO  impl.StateMachineUpdater (StateMachineUpdater.java:stopAndJoin(125)) - 126e81bc-97e3-46f8-a1e8-0e987d7c3458@group-52F297629860-StateMachineUpdater: set stopIndex = 0
2019-09-25 07:29:56,891 [Thread-806] INFO  impl.RaftServerImpl (ServerState.java:close(385)) - a19a6886-cb81-4302-a38d-47405969e88d@group-E1EE070E81A9: closes. applyIndex: 0
2019-09-25 07:29:56,892 [ForkJoinPool.commonPool-worker-1] INFO  impl.RaftServerImpl (ServerState.java:close(385)) - 126e81bc-97e3-46f8-a1e8-0e987d7c3458@group-52F297629860: closes. applyIndex: 0
2019-09-25 07:29:56,892 [a19a6886-cb81-4302-a38d-47405969e88d@group-E1EE070E81A9-SegmentedRaftLogWorker] INFO  segmented.SegmentedRaftLogWorker (SegmentedRaftLogWorker.java:run(313)) - a19a6886-cb81-4302-a38d-47405969e88d@group-E1EE070E81A9-SegmentedRaftLogWorker was interrupted, exiting. There are 0 tasks remaining in the queue.
2019-09-25 07:29:56,892 [126e81bc-97e3-46f8-a1e8-0e987d7c3458@group-52F297629860-SegmentedRaftLogWorker] INFO  segmented.SegmentedRaftLogWorker (SegmentedRaftLogWorker.java:run(313)) - 126e81bc-97e3-46f8-a1e8-0e987d7c3458@group-52F297629860-SegmentedRaftLogWorker was interrupted, exiting. There are 0 tasks remaining in the queue.
2019-09-25 07:29:56,893 [Thread-806] INFO  segmented.SegmentedRaftLogWorker (SegmentedRaftLogWorker.java:close(228)) - a19a6886-cb81-4302-a38d-47405969e88d@group-E1EE070E81A9-SegmentedRaftLogWorker close()
2019-09-25 07:29:56,893 [ForkJoinPool.commonPool-worker-1] INFO  segmented.SegmentedRaftLogWorker (SegmentedRaftLogWorker.java:close(228)) - 126e81bc-97e3-46f8-a1e8-0e987d7c3458@group-52F297629860-SegmentedRaftLogWorker close()
2019-09-25 07:29:56,896 [Thread-806] INFO  impl.RaftServerImpl (RaftServerImpl.java:lambda$shutdown$3(251)) - a19a6886-cb81-4302-a38d-47405969e88d@group-B2ED4E0AE77E: shutdown
2019-09-25 07:29:56,898 [ForkJoinPool.commonPool-worker-1] INFO  impl.RaftServerImpl (RaftServerImpl.java:lambda$shutdown$3(251)) - 126e81bc-97e3-46f8-a1e8-0e987d7c3458@group-E153E7A80E89: shutdown
2019-09-25 07:29:56,898 [Thread-806] INFO  util.JmxRegister (JmxRegister.java:unregister(73)) - Successfully un-registered JMX Bean with object name Ratis:service=RaftServer,group=group-B2ED4E0AE77E,id=a19a6886-cb81-4302-a38d-47405969e88d
2019-09-25 07:29:56,899 [ForkJoinPool.commonPool-worker-1] INFO  util.JmxRegister (JmxRegister.java:unregister(73)) - Successfully un-registered JMX Bean with object name Ratis:service=RaftServer,group=group-E153E7A80E89,id=126e81bc-97e3-46f8-a1e8-0e987d7c3458
2019-09-25 07:29:56,899 [Thread-806] INFO  impl.RoleInfo (RoleInfo.java:shutdownLeaderState(104)) - a19a6886-cb81-4302-a38d-47405969e88d: shutdown LeaderState
2019-09-25 07:29:56,899 [ForkJoinPool.commonPool-worker-1] INFO  impl.RoleInfo (RoleInfo.java:shutdownLeaderState(104)) - 126e81bc-97e3-46f8-a1e8-0e987d7c3458: shutdown LeaderState
2019-09-25 07:29:56,900 [Thread-806] INFO  impl.PendingRequests (PendingRequests.java:sendNotLeaderResponses(202)) - a19a6886-cb81-4302-a38d-47405969e88d-PendingRequests: sendNotLeaderResponses
2019-09-25 07:29:56,900 [ForkJoinPool.commonPool-worker-1] INFO  impl.PendingRequests (PendingRequests.java:sendNotLeaderResponses(202)) - 126e81bc-97e3-46f8-a1e8-0e987d7c3458-PendingRequests: sendNotLeaderResponses
2019-09-25 07:29:56,900 [Thread-806] INFO  impl.StateMachineUpdater (StateMachineUpdater.java:stopAndJoin(125)) - a19a6886-cb81-4302-a38d-47405969e88d@group-B2ED4E0AE77E-StateMachineUpdater: set stopIndex = 0
2019-09-25 07:29:56,901 [ForkJoinPool.commonPool-worker-1] INFO  impl.StateMachineUpdater (StateMachineUpdater.java:stopAndJoin(125)) - 126e81bc-97e3-46f8-a1e8-0e987d7c3458@group-E153E7A80E89-StateMachineUpdater: set stopIndex = 0
2019-09-25 07:29:56,901 [Thread-806] INFO  impl.RaftServerImpl (ServerState.java:close(385)) - a19a6886-cb81-4302-a38d-47405969e88d@group-B2ED4E0AE77E: closes. applyIndex: 0
2019-09-25 07:29:56,902 [ForkJoinPool.commonPool-worker-1] INFO  impl.RaftServerImpl (ServerState.java:close(385)) - 126e81bc-97e3-46f8-a1e8-0e987d7c3458@group-E153E7A80E89: closes. applyIndex: 0
2019-09-25 07:29:56,902 [a19a6886-cb81-4302-a38d-47405969e88d@group-B2ED4E0AE77E-SegmentedRaftLogWorker] INFO  segmented.SegmentedRaftLogWorker (SegmentedRaftLogWorker.java:run(313)) - a19a6886-cb81-4302-a38d-47405969e88d@group-B2ED4E0AE77E-SegmentedRaftLogWorker was interrupted, exiting. There are 0 tasks remaining in the queue.
2019-09-25 07:29:56,902 [126e81bc-97e3-46f8-a1e8-0e987d7c3458@group-E153E7A80E89-SegmentedRaftLogWorker] INFO  segmented.SegmentedRaftLogWorker (SegmentedRaftLogWorker.java:run(313)) - 126e81bc-97e3-46f8-a1e8-0e987d7c3458@group-E153E7A80E89-SegmentedRaftLogWorker was interrupted, exiting. There are 0 tasks remaining in the queue.
2019-09-25 07:29:56,902 [Thread-806] INFO  segmented.SegmentedRaftLogWorker (SegmentedRaftLogWorker.java:close(228)) - a19a6886-cb81-4302-a38d-47405969e88d@group-B2ED4E0AE77E-SegmentedRaftLogWorker close()
2019-09-25 07:29:56,902 [ForkJoinPool.commonPool-worker-1] INFO  segmented.SegmentedRaftLogWorker (SegmentedRaftLogWorker.java:close(228)) - 126e81bc-97e3-46f8-a1e8-0e987d7c3458@group-E153E7A80E89-SegmentedRaftLogWorker close()
2019-09-25 07:29:56,904 [Thread-806] INFO  impl.RaftServerImpl (RaftServerImpl.java:lambda$shutdown$3(251)) - a19a6886-cb81-4302-a38d-47405969e88d@group-F43FBE0E164C: shutdown
2019-09-25 07:29:56,906 [ForkJoinPool.commonPool-worker-1] INFO  impl.RaftServerImpl (RaftServerImpl.java:lambda$shutdown$3(251)) - 126e81bc-97e3-46f8-a1e8-0e987d7c3458@group-78A16CE2287D: shutdown
2019-09-25 07:29:56,907 [Thread-806] INFO  util.JmxRegister (JmxRegister.java:unregister(73)) - Successfully un-registered JMX Bean with object name Ratis:service=RaftServer,group=group-F43FBE0E164C,id=a19a6886-cb81-4302-a38d-47405969e88d
2019-09-25 07:29:56,907 [ForkJoinPool.commonPool-worker-1] INFO  util.JmxRegister (JmxRegister.java:unregister(73)) - Successfully un-registered JMX Bean with object name Ratis:service=RaftServer,group=group-78A16CE2287D,id=126e81bc-97e3-46f8-a1e8-0e987d7c3458
2019-09-25 07:29:56,908 [ForkJoinPool.commonPool-worker-1] INFO  impl.RoleInfo (RoleInfo.java:shutdownLeaderState(104)) - 126e81bc-97e3-46f8-a1e8-0e987d7c3458: shutdown LeaderState
2019-09-25 07:29:56,907 [Thread-806] INFO  impl.RoleInfo (RoleInfo.java:shutdownLeaderState(104)) - a19a6886-cb81-4302-a38d-47405969e88d: shutdown LeaderState
2019-09-25 07:29:56,908 [ForkJoinPool.commonPool-worker-1] INFO  impl.PendingRequests (PendingRequests.java:sendNotLeaderResponses(202)) - 126e81bc-97e3-46f8-a1e8-0e987d7c3458-PendingRequests: sendNotLeaderResponses
2019-09-25 07:29:56,908 [Thread-806] INFO  impl.PendingRequests (PendingRequests.java:sendNotLeaderResponses(202)) - a19a6886-cb81-4302-a38d-47405969e88d-PendingRequests: sendNotLeaderResponses
2019-09-25 07:29:56,909 [ForkJoinPool.commonPool-worker-1] INFO  impl.StateMachineUpdater (StateMachineUpdater.java:stopAndJoin(125)) - 126e81bc-97e3-46f8-a1e8-0e987d7c3458@group-78A16CE2287D-StateMachineUpdater: set stopIndex = 0
2019-09-25 07:29:56,909 [Thread-806] INFO  impl.StateMachineUpdater (StateMachineUpdater.java:stopAndJoin(125)) - a19a6886-cb81-4302-a38d-47405969e88d@group-F43FBE0E164C-StateMachineUpdater: set stopIndex = 0
2019-09-25 07:29:56,910 [ForkJoinPool.commonPool-worker-1] INFO  impl.RaftServerImpl (ServerState.java:close(385)) - 126e81bc-97e3-46f8-a1e8-0e987d7c3458@group-78A16CE2287D: closes. applyIndex: 0
2019-09-25 07:29:56,910 [126e81bc-97e3-46f8-a1e8-0e987d7c3458@group-78A16CE2287D-SegmentedRaftLogWorker] INFO  segmented.SegmentedRaftLogWorker (SegmentedRaftLogWorker.java:run(313)) - 126e81bc-97e3-46f8-a1e8-0e987d7c3458@group-78A16CE2287D-SegmentedRaftLogWorker was interrupted, exiting. There are 0 tasks remaining in the queue.
2019-09-25 07:29:56,910 [Thread-806] INFO  impl.RaftServerImpl (ServerState.java:close(385)) - a19a6886-cb81-4302-a38d-47405969e88d@group-F43FBE0E164C: closes. applyIndex: 0
2019-09-25 07:29:56,910 [ForkJoinPool.commonPool-worker-1] INFO  segmented.SegmentedRaftLogWorker (SegmentedRaftLogWorker.java:close(228)) - 126e81bc-97e3-46f8-a1e8-0e987d7c3458@group-78A16CE2287D-SegmentedRaftLogWorker close()
2019-09-25 07:29:56,911 [a19a6886-cb81-4302-a38d-47405969e88d@group-F43FBE0E164C-SegmentedRaftLogWorker] INFO  segmented.SegmentedRaftLogWorker (SegmentedRaftLogWorker.java:run(313)) - a19a6886-cb81-4302-a38d-47405969e88d@group-F43FBE0E164C-SegmentedRaftLogWorker was interrupted, exiting. There are 0 tasks remaining in the queue.
2019-09-25 07:29:56,913 [ForkJoinPool.commonPool-worker-1] INFO  impl.RaftServerImpl (RaftServerImpl.java:lambda$shutdown$3(251)) - 126e81bc-97e3-46f8-a1e8-0e987d7c3458@group-6A1D22D81107: shutdown
2019-09-25 07:29:56,913 [Thread-806] INFO  segmented.SegmentedRaftLogWorker (SegmentedRaftLogWorker.java:close(228)) - a19a6886-cb81-4302-a38d-47405969e88d@group-F43FBE0E164C-SegmentedRaftLogWorker close()
2019-09-25 07:29:56,913 [ForkJoinPool.commonPool-worker-1] INFO  util.JmxRegister (JmxRegister.java:unregister(73)) - Successfully un-registered JMX Bean with object name Ratis:service=RaftServer,group=group-6A1D22D81107,id=126e81bc-97e3-46f8-a1e8-0e987d7c3458
2019-09-25 07:29:56,915 [Thread-806] INFO  impl.RaftServerImpl (RaftServerImpl.java:lambda$shutdown$3(251)) - a19a6886-cb81-4302-a38d-47405969e88d@group-51235664F833: shutdown
2019-09-25 07:29:56,915 [ForkJoinPool.commonPool-worker-1] INFO  impl.RoleInfo (RoleInfo.java:shutdownLeaderState(104)) - 126e81bc-97e3-46f8-a1e8-0e987d7c3458: shutdown LeaderState
2019-09-25 07:29:56,916 [Thread-806] INFO  util.JmxRegister (JmxRegister.java:unregister(73)) - Successfully un-registered JMX Bean with object name Ratis:service=RaftServer,group=group-51235664F833,id=a19a6886-cb81-4302-a38d-47405969e88d
2019-09-25 07:29:56,916 [ForkJoinPool.commonPool-worker-1] INFO  impl.PendingRequests (PendingRequests.java:sendNotLeaderResponses(202)) - 126e81bc-97e3-46f8-a1e8-0e987d7c3458-PendingRequests: sendNotLeaderResponses
2019-09-25 07:29:56,916 [Thread-806] INFO  impl.RoleInfo (RoleInfo.java:shutdownLeaderState(104)) - a19a6886-cb81-4302-a38d-47405969e88d: shutdown LeaderState
2019-09-25 07:29:56,917 [ForkJoinPool.commonPool-worker-1] INFO  impl.StateMachineUpdater (StateMachineUpdater.java:stopAndJoin(125)) - 126e81bc-97e3-46f8-a1e8-0e987d7c3458@group-6A1D22D81107-StateMachineUpdater: set stopIndex = 0
2019-09-25 07:29:56,917 [Thread-806] INFO  impl.PendingRequests (PendingRequests.java:sendNotLeaderResponses(202)) - a19a6886-cb81-4302-a38d-47405969e88d-PendingRequests: sendNotLeaderResponses
2019-09-25 07:29:56,917 [ForkJoinPool.commonPool-worker-1] INFO  impl.RaftServerImpl (ServerState.java:close(385)) - 126e81bc-97e3-46f8-a1e8-0e987d7c3458@group-6A1D22D81107: closes. applyIndex: 0
2019-09-25 07:29:56,918 [Thread-806] INFO  impl.StateMachineUpdater (StateMachineUpdater.java:stopAndJoin(125)) - a19a6886-cb81-4302-a38d-47405969e88d@group-51235664F833-StateMachineUpdater: set stopIndex = 0
2019-09-25 07:29:56,918 [Thread-806] INFO  impl.RaftServerImpl (ServerState.java:close(385)) - a19a6886-cb81-4302-a38d-47405969e88d@group-51235664F833: closes. applyIndex: 0
2019-09-25 07:29:56,918 [126e81bc-97e3-46f8-a1e8-0e987d7c3458@group-6A1D22D81107-SegmentedRaftLogWorker] INFO  segmented.SegmentedRaftLogWorker (SegmentedRaftLogWorker.java:run(313)) - 126e81bc-97e3-46f8-a1e8-0e987d7c3458@group-6A1D22D81107-SegmentedRaftLogWorker was interrupted, exiting. There are 0 tasks remaining in the queue.
2019-09-25 07:29:56,919 [a19a6886-cb81-4302-a38d-47405969e88d@group-51235664F833-SegmentedRaftLogWorker] INFO  segmented.SegmentedRaftLogWorker (SegmentedRaftLogWorker.java:run(313)) - a19a6886-cb81-4302-a38d-47405969e88d@group-51235664F833-SegmentedRaftLogWorker was interrupted, exiting. There are 0 tasks remaining in the queue.
2019-09-25 07:29:56,919 [ForkJoinPool.commonPool-worker-1] INFO  segmented.SegmentedRaftLogWorker (SegmentedRaftLogWorker.java:close(228)) - 126e81bc-97e3-46f8-a1e8-0e987d7c3458@group-6A1D22D81107-SegmentedRaftLogWorker close()
2019-09-25 07:29:56,919 [Thread-806] INFO  segmented.SegmentedRaftLogWorker (SegmentedRaftLogWorker.java:close(228)) - a19a6886-cb81-4302-a38d-47405969e88d@group-51235664F833-SegmentedRaftLogWorker close()
2019-09-25 07:29:56,921 [ForkJoinPool.commonPool-worker-1] INFO  impl.RaftServerImpl (RaftServerImpl.java:lambda$shutdown$3(251)) - 126e81bc-97e3-46f8-a1e8-0e987d7c3458@group-FFFA4D287646: shutdown
2019-09-25 07:29:56,923 [Thread-806] INFO  impl.RaftServerImpl (RaftServerImpl.java:lambda$shutdown$3(251)) - a19a6886-cb81-4302-a38d-47405969e88d@group-3AF60A9FCB1F: shutdown
2019-09-25 07:29:56,923 [ForkJoinPool.commonPool-worker-1] INFO  util.JmxRegister (JmxRegister.java:unregister(73)) - Successfully un-registered JMX Bean with object name Ratis:service=RaftServer,group=group-FFFA4D287646,id=126e81bc-97e3-46f8-a1e8-0e987d7c3458
2019-09-25 07:29:56,923 [Thread-806] INFO  util.JmxRegister (JmxRegister.java:unregister(73)) - Successfully un-registered JMX Bean with object name Ratis:service=RaftServer,group=group-3AF60A9FCB1F,id=a19a6886-cb81-4302-a38d-47405969e88d
2019-09-25 07:29:56,924 [ForkJoinPool.commonPool-worker-1] INFO  impl.RoleInfo (RoleInfo.java:shutdownLeaderState(104)) - 126e81bc-97e3-46f8-a1e8-0e987d7c3458: shutdown LeaderState
2019-09-25 07:29:56,924 [Thread-806] INFO  impl.RoleInfo (RoleInfo.java:shutdownLeaderState(104)) - a19a6886-cb81-4302-a38d-47405969e88d: shutdown LeaderState
2019-09-25 07:29:56,924 [ForkJoinPool.commonPool-worker-1] INFO  impl.PendingRequests (PendingRequests.java:sendNotLeaderResponses(202)) - 126e81bc-97e3-46f8-a1e8-0e987d7c3458-PendingRequests: sendNotLeaderResponses
2019-09-25 07:29:56,925 [Thread-806] INFO  impl.PendingRequests (PendingRequests.java:sendNotLeaderResponses(202)) - a19a6886-cb81-4302-a38d-47405969e88d-PendingRequests: sendNotLeaderResponses
2019-09-25 07:29:56,925 [ForkJoinPool.commonPool-worker-1] INFO  impl.StateMachineUpdater (StateMachineUpdater.java:stopAndJoin(125)) - 126e81bc-97e3-46f8-a1e8-0e987d7c3458@group-FFFA4D287646-StateMachineUpdater: set stopIndex = 0
2019-09-25 07:29:56,925 [Thread-806] INFO  impl.StateMachineUpdater (StateMachineUpdater.java:stopAndJoin(125)) - a19a6886-cb81-4302-a38d-47405969e88d@group-3AF60A9FCB1F-StateMachineUpdater: set stopIndex = 0
2019-09-25 07:29:56,925 [ForkJoinPool.commonPool-worker-1] INFO  impl.RaftServerImpl (ServerState.java:close(385)) - 126e81bc-97e3-46f8-a1e8-0e987d7c3458@group-FFFA4D287646: closes. applyIndex: 0
2019-09-25 07:29:56,926 [Thread-806] INFO  impl.RaftServerImpl (ServerState.java:close(385)) - a19a6886-cb81-4302-a38d-47405969e88d@group-3AF60A9FCB1F: closes. applyIndex: 0
2019-09-25 07:29:56,926 [126e81bc-97e3-46f8-a1e8-0e987d7c3458@group-FFFA4D287646-SegmentedRaftLogWorker] INFO  segmented.SegmentedRaftLogWorker (SegmentedRaftLogWorker.java:run(313)) - 126e81bc-97e3-46f8-a1e8-0e987d7c3458@group-FFFA4D287646-SegmentedRaftLogWorker was interrupted, exiting. There are 0 tasks remaining in the queue.
2019-09-25 07:29:56,926 [a19a6886-cb81-4302-a38d-47405969e88d@group-3AF60A9FCB1F-SegmentedRaftLogWorker] INFO  segmented.SegmentedRaftLogWorker (SegmentedRaftLogWorker.java:run(313)) - a19a6886-cb81-4302-a38d-47405969e88d@group-3AF60A9FCB1F-SegmentedRaftLogWorker was interrupted, exiting. There are 0 tasks remaining in the queue.
2019-09-25 07:29:56,927 [ForkJoinPool.commonPool-worker-1] INFO  segmented.SegmentedRaftLogWorker (SegmentedRaftLogWorker.java:close(228)) - 126e81bc-97e3-46f8-a1e8-0e987d7c3458@group-FFFA4D287646-SegmentedRaftLogWorker close()
2019-09-25 07:29:56,927 [Thread-806] INFO  segmented.SegmentedRaftLogWorker (SegmentedRaftLogWorker.java:close(228)) - a19a6886-cb81-4302-a38d-47405969e88d@group-3AF60A9FCB1F-SegmentedRaftLogWorker close()
2019-09-25 07:29:56,929 [ForkJoinPool.commonPool-worker-1] INFO  impl.RaftServerImpl (RaftServerImpl.java:lambda$shutdown$3(251)) - 126e81bc-97e3-46f8-a1e8-0e987d7c3458@group-638FCCD59FEE: shutdown
2019-09-25 07:29:56,930 [Thread-806] INFO  impl.RaftServerImpl (RaftServerImpl.java:lambda$shutdown$3(251)) - a19a6886-cb81-4302-a38d-47405969e88d@group-7F926D2B2C0C: shutdown
2019-09-25 07:29:56,931 [ForkJoinPool.commonPool-worker-1] INFO  util.JmxRegister (JmxRegister.java:unregister(73)) - Successfully un-registered JMX Bean with object name Ratis:service=RaftServer,group=group-638FCCD59FEE,id=126e81bc-97e3-46f8-a1e8-0e987d7c3458
2019-09-25 07:29:56,931 [Thread-806] INFO  util.JmxRegister (JmxRegister.java:unregister(73)) - Successfully un-registered JMX Bean with object name Ratis:service=RaftServer,group=group-7F926D2B2C0C,id=a19a6886-cb81-4302-a38d-47405969e88d
2019-09-25 07:29:56,932 [Thread-806] INFO  impl.RoleInfo (RoleInfo.java:shutdownLeaderState(104)) - a19a6886-cb81-4302-a38d-47405969e88d: shutdown LeaderState
2019-09-25 07:29:56,931 [ForkJoinPool.commonPool-worker-1] INFO  impl.RoleInfo (RoleInfo.java:shutdownLeaderState(104)) - 126e81bc-97e3-46f8-a1e8-0e987d7c3458: shutdown LeaderState
2019-09-25 07:29:56,932 [Thread-806] INFO  impl.PendingRequests (PendingRequests.java:sendNotLeaderResponses(202)) - a19a6886-cb81-4302-a38d-47405969e88d-PendingRequests: sendNotLeaderResponses
2019-09-25 07:29:56,932 [ForkJoinPool.commonPool-worker-1] INFO  impl.PendingRequests (PendingRequests.java:sendNotLeaderResponses(202)) - 126e81bc-97e3-46f8-a1e8-0e987d7c3458-PendingRequests: sendNotLeaderResponses
2019-09-25 07:29:56,932 [Thread-806] INFO  impl.StateMachineUpdater (StateMachineUpdater.java:stopAndJoin(125)) - a19a6886-cb81-4302-a38d-47405969e88d@group-7F926D2B2C0C-StateMachineUpdater: set stopIndex = 0
2019-09-25 07:29:56,933 [ForkJoinPool.commonPool-worker-1] INFO  impl.StateMachineUpdater (StateMachineUpdater.java:stopAndJoin(125)) - 126e81bc-97e3-46f8-a1e8-0e987d7c3458@group-638FCCD59FEE-StateMachineUpdater: set stopIndex = 0
2019-09-25 07:29:56,933 [Thread-806] INFO  impl.RaftServerImpl (ServerState.java:close(385)) - a19a6886-cb81-4302-a38d-47405969e88d@group-7F926D2B2C0C: closes. applyIndex: 0
2019-09-25 07:29:56,933 [ForkJoinPool.commonPool-worker-1] INFO  impl.RaftServerImpl (ServerState.java:close(385)) - 126e81bc-97e3-46f8-a1e8-0e987d7c3458@group-638FCCD59FEE: closes. applyIndex: 0
2019-09-25 07:29:56,934 [a19a6886-cb81-4302-a38d-47405969e88d@group-7F926D2B2C0C-SegmentedRaftLogWorker] INFO  segmented.SegmentedRaftLogWorker (SegmentedRaftLogWorker.java:run(313)) - a19a6886-cb81-4302-a38d-47405969e88d@group-7F926D2B2C0C-SegmentedRaftLogWorker was interrupted, exiting. There are 0 tasks remaining in the queue.
2019-09-25 07:29:56,934 [126e81bc-97e3-46f8-a1e8-0e987d7c3458@group-638FCCD59FEE-SegmentedRaftLogWorker] INFO  segmented.SegmentedRaftLogWorker (SegmentedRaftLogWorker.java:run(313)) - 126e81bc-97e3-46f8-a1e8-0e987d7c3458@group-638FCCD59FEE-SegmentedRaftLogWorker was interrupted, exiting. There are 0 tasks remaining in the queue.
2019-09-25 07:29:56,934 [Thread-806] INFO  segmented.SegmentedRaftLogWorker (SegmentedRaftLogWorker.java:close(228)) - a19a6886-cb81-4302-a38d-47405969e88d@group-7F926D2B2C0C-SegmentedRaftLogWorker close()
2019-09-25 07:29:56,934 [ForkJoinPool.commonPool-worker-1] INFO  segmented.SegmentedRaftLogWorker (SegmentedRaftLogWorker.java:close(228)) - 126e81bc-97e3-46f8-a1e8-0e987d7c3458@group-638FCCD59FEE-SegmentedRaftLogWorker close()
2019-09-25 07:29:56,936 [Thread-806] INFO  server.GrpcService (GrpcService.java:closeImpl(164)) - a19a6886-cb81-4302-a38d-47405969e88d: shutdown server with port 43087 now
2019-09-25 07:29:56,938 [ForkJoinPool.commonPool-worker-1] INFO  server.GrpcService (GrpcService.java:closeImpl(164)) - 126e81bc-97e3-46f8-a1e8-0e987d7c3458: shutdown server with port 35227 now
2019-09-25 07:29:56,940 [Thread-806] INFO  server.GrpcService (GrpcService.java:closeImpl(172)) - a19a6886-cb81-4302-a38d-47405969e88d: shutdown server with port 43087 successfully
2019-09-25 07:29:56,941 [ForkJoinPool.commonPool-worker-1] INFO  server.GrpcService (GrpcService.java:closeImpl(172)) - 126e81bc-97e3-46f8-a1e8-0e987d7c3458: shutdown server with port 35227 successfully
2019-09-25 07:29:56,944 [refreshUsed-/workdir/hadoop-ozone/ozonefs/target/test-dir/MiniOzoneClusterImpl-a0a13e0f-1219-4868-bc3b-f345b2356b4a/datanode-1/data/containers] WARN  fs.CachingGetSpaceUsed (CachingGetSpaceUsed.java:run(183)) - Thread Interrupted waiting to refresh disk information: sleep interrupted
2019-09-25 07:29:56,954 [refreshUsed-/workdir/hadoop-ozone/ozonefs/target/test-dir/MiniOzoneClusterImpl-a0a13e0f-1219-4868-bc3b-f345b2356b4a/datanode-0/data/containers] WARN  fs.CachingGetSpaceUsed (CachingGetSpaceUsed.java:run(183)) - Thread Interrupted waiting to refresh disk information: sleep interrupted
2019-09-25 07:29:56,974 [Thread-806] INFO  utils.BackgroundService (BackgroundService.java:shutdown(148)) - Shutting down service BlockDeletingService
2019-09-25 07:29:56,979 [Thread-806] INFO  statemachine.DatanodeStateMachine (DatanodeStateMachine.java:stopDaemon(395)) - Ozone container server stopped.
2019-09-25 07:29:56,980 [Thread-806] INFO  handler.ContextHandler (ContextHandler.java:doStop(910)) - Stopped o.e.j.w.WebAppContext@23d89207{/,null,UNAVAILABLE}{/hddsDatanode}
2019-09-25 07:29:56,980 [ForkJoinPool.commonPool-worker-1] INFO  utils.BackgroundService (BackgroundService.java:shutdown(148)) - Shutting down service BlockDeletingService
2019-09-25 07:29:56,981 [Thread-806] INFO  server.AbstractConnector (AbstractConnector.java:doStop(318)) - Stopped ServerConnector@64042ab5{HTTP/1.1,[http/1.1]}{0.0.0.0:0}
2019-09-25 07:29:56,984 [ForkJoinPool.commonPool-worker-1] INFO  statemachine.DatanodeStateMachine (DatanodeStateMachine.java:stopDaemon(395)) - Ozone container server stopped.
2019-09-25 07:29:56,984 [Thread-806] INFO  handler.ContextHandler (ContextHandler.java:doStop(910)) - Stopped o.e.j.s.ServletContextHandler@3832a2c0{/static,jar:file:/home/user/.m2/repository/org/apache/hadoop/hadoop-hdds-container-service/0.5.0-SNAPSHOT/hadoop-hdds-container-service-0.5.0-SNAPSHOT.jar!/webapps/static,UNAVAILABLE}
2019-09-25 07:29:56,987 [Thread-806] INFO  handler.ContextHandler (ContextHandler.java:doStop(910)) - Stopped o.e.j.s.ServletContextHandler@11d5d8bd{/logs,file:///workdir/hadoop-ozone/ozonefs/target/log,UNAVAILABLE}
2019-09-25 07:29:56,989 [ForkJoinPool.commonPool-worker-1] INFO  handler.ContextHandler (ContextHandler.java:doStop(910)) - Stopped o.e.j.w.WebAppContext@9f6a552{/,null,UNAVAILABLE}{/hddsDatanode}
2019-09-25 07:29:56,990 [ForkJoinPool.commonPool-worker-1] INFO  server.AbstractConnector (AbstractConnector.java:doStop(318)) - Stopped ServerConnector@da05a52{HTTP/1.1,[http/1.1]}{0.0.0.0:0}
2019-09-25 07:29:56,992 [ForkJoinPool.commonPool-worker-1] INFO  handler.ContextHandler (ContextHandler.java:doStop(910)) - Stopped o.e.j.s.ServletContextHandler@56ccff9a{/static,jar:file:/home/user/.m2/repository/org/apache/hadoop/hadoop-hdds-container-service/0.5.0-SNAPSHOT/hadoop-hdds-container-service-0.5.0-SNAPSHOT.jar!/webapps/static,UNAVAILABLE}
2019-09-25 07:29:56,993 [ForkJoinPool.commonPool-worker-1] INFO  handler.ContextHandler (ContextHandler.java:doStop(910)) - Stopped o.e.j.s.ServletContextHandler@3efc7fe6{/logs,file:///workdir/hadoop-ozone/ozonefs/target/log,UNAVAILABLE}
2019-09-25 07:29:57,733 [Datanode State Machine Thread - 0] INFO  statemachine.DatanodeStateMachine (DatanodeStateMachine.java:lambda$startDaemon$0(350)) - Ozone container server started.
2019-09-25 07:30:01,992 [Thread-806] INFO  ozoneimpl.OzoneContainer (OzoneContainer.java:stop(231)) - Attempting to stop container services.
2019-09-25 07:30:01,993 [Thread-806] INFO  impl.RaftServerProxy (RaftServerProxy.java:lambda$close$4(314)) - 2fe7b077-4a7c-42ee-8783-920c916b7d94: close
2019-09-25 07:30:01,994 [Thread-806] INFO  impl.RaftServerImpl (RaftServerImpl.java:lambda$shutdown$3(251)) - 2fe7b077-4a7c-42ee-8783-920c916b7d94@group-31BF2D001ED3: shutdown
2019-09-25 07:30:01,994 [ForkJoinPool.commonPool-worker-0] INFO  impl.RaftServerImpl (RaftServerImpl.java:lambda$shutdown$3(251)) - 2fe7b077-4a7c-42ee-8783-920c916b7d94@group-4ADCFD783844: shutdown
2019-09-25 07:30:01,995 [Thread-806] INFO  util.JmxRegister (JmxRegister.java:unregister(73)) - Successfully un-registered JMX Bean with object name Ratis:service=RaftServer,group=group-31BF2D001ED3,id=2fe7b077-4a7c-42ee-8783-920c916b7d94
2019-09-25 07:30:01,995 [ForkJoinPool.commonPool-worker-0] INFO  util.JmxRegister (JmxRegister.java:unregister(73)) - Successfully un-registered JMX Bean with object name Ratis:service=RaftServer,group=group-4ADCFD783844,id=2fe7b077-4a7c-42ee-8783-920c916b7d94
2019-09-25 07:30:01,995 [Thread-806] INFO  impl.RoleInfo (RoleInfo.java:shutdownLeaderState(104)) - 2fe7b077-4a7c-42ee-8783-920c916b7d94: shutdown LeaderState
2019-09-25 07:30:01,995 [ForkJoinPool.commonPool-worker-0] INFO  impl.RoleInfo (RoleInfo.java:shutdownLeaderState(104)) - 2fe7b077-4a7c-42ee-8783-920c916b7d94: shutdown LeaderState
2019-09-25 07:30:01,996 [Thread-806] INFO  impl.PendingRequests (PendingRequests.java:sendNotLeaderResponses(202)) - 2fe7b077-4a7c-42ee-8783-920c916b7d94-PendingRequests: sendNotLeaderResponses
2019-09-25 07:30:01,996 [ForkJoinPool.commonPool-worker-0] INFO  impl.PendingRequests (PendingRequests.java:sendNotLeaderResponses(202)) - 2fe7b077-4a7c-42ee-8783-920c916b7d94-PendingRequests: sendNotLeaderResponses
2019-09-25 07:30:01,997 [Thread-806] INFO  impl.StateMachineUpdater (StateMachineUpdater.java:stopAndJoin(125)) - 2fe7b077-4a7c-42ee-8783-920c916b7d94@group-31BF2D001ED3-StateMachineUpdater: set stopIndex = 0
2019-09-25 07:30:01,997 [ForkJoinPool.commonPool-worker-0] INFO  impl.StateMachineUpdater (StateMachineUpdater.java:stopAndJoin(125)) - 2fe7b077-4a7c-42ee-8783-920c916b7d94@group-4ADCFD783844-StateMachineUpdater: set stopIndex = 0
2019-09-25 07:30:01,997 [Thread-806] INFO  impl.RaftServerImpl (ServerState.java:close(385)) - 2fe7b077-4a7c-42ee-8783-920c916b7d94@group-31BF2D001ED3: closes. applyIndex: 0
2019-09-25 07:30:01,997 [ForkJoinPool.commonPool-worker-0] INFO  impl.RaftServerImpl (ServerState.java:close(385)) - 2fe7b077-4a7c-42ee-8783-920c916b7d94@group-4ADCFD783844: closes. applyIndex: 0
2019-09-25 07:30:01,998 [2fe7b077-4a7c-42ee-8783-920c916b7d94@group-31BF2D001ED3-SegmentedRaftLogWorker] INFO  segmented.SegmentedRaftLogWorker (SegmentedRaftLogWorker.java:run(313)) - 2fe7b077-4a7c-42ee-8783-920c916b7d94@group-31BF2D001ED3-SegmentedRaftLogWorker was interrupted, exiting. There are 0 tasks remaining in the queue.
2019-09-25 07:30:01,998 [2fe7b077-4a7c-42ee-8783-920c916b7d94@group-4ADCFD783844-SegmentedRaftLogWorker] INFO  segmented.SegmentedRaftLogWorker (SegmentedRaftLogWorker.java:run(313)) - 2fe7b077-4a7c-42ee-8783-920c916b7d94@group-4ADCFD783844-SegmentedRaftLogWorker was interrupted, exiting. There are 0 tasks remaining in the queue.
2019-09-25 07:30:01,998 [Thread-806] INFO  segmented.SegmentedRaftLogWorker (SegmentedRaftLogWorker.java:close(228)) - 2fe7b077-4a7c-42ee-8783-920c916b7d94@group-31BF2D001ED3-SegmentedRaftLogWorker close()
2019-09-25 07:30:01,998 [ForkJoinPool.commonPool-worker-0] INFO  segmented.SegmentedRaftLogWorker (SegmentedRaftLogWorker.java:close(228)) - 2fe7b077-4a7c-42ee-8783-920c916b7d94@group-4ADCFD783844-SegmentedRaftLogWorker close()
2019-09-25 07:30:02,000 [Thread-806] INFO  impl.RaftServerImpl (RaftServerImpl.java:lambda$shutdown$3(251)) - 2fe7b077-4a7c-42ee-8783-920c916b7d94@group-88FE6C09F0B4: shutdown
2019-09-25 07:30:02,002 [ForkJoinPool.commonPool-worker-0] INFO  impl.RaftServerImpl (RaftServerImpl.java:lambda$shutdown$3(251)) - 2fe7b077-4a7c-42ee-8783-920c916b7d94@group-3BC68094D9E2: shutdown
2019-09-25 07:30:02,002 [Thread-806] INFO  util.JmxRegister (JmxRegister.java:unregister(73)) - Successfully un-registered JMX Bean with object name Ratis:service=RaftServer,group=group-88FE6C09F0B4,id=2fe7b077-4a7c-42ee-8783-920c916b7d94
2019-09-25 07:30:02,003 [Thread-806] INFO  impl.RoleInfo (RoleInfo.java:shutdownLeaderState(104)) - 2fe7b077-4a7c-42ee-8783-920c916b7d94: shutdown LeaderState
2019-09-25 07:30:02,002 [ForkJoinPool.commonPool-worker-0] INFO  util.JmxRegister (JmxRegister.java:unregister(73)) - Successfully un-registered JMX Bean with object name Ratis:service=RaftServer,group=group-3BC68094D9E2,id=2fe7b077-4a7c-42ee-8783-920c916b7d94
2019-09-25 07:30:02,003 [Thread-806] INFO  impl.PendingRequests (PendingRequests.java:sendNotLeaderResponses(202)) - 2fe7b077-4a7c-42ee-8783-920c916b7d94-PendingRequests: sendNotLeaderResponses
2019-09-25 07:30:02,003 [ForkJoinPool.commonPool-worker-0] INFO  impl.RoleInfo (RoleInfo.java:shutdownLeaderState(104)) - 2fe7b077-4a7c-42ee-8783-920c916b7d94: shutdown LeaderState
2019-09-25 07:30:02,003 [Thread-806] INFO  impl.StateMachineUpdater (StateMachineUpdater.java:stopAndJoin(125)) - 2fe7b077-4a7c-42ee-8783-920c916b7d94@group-88FE6C09F0B4-StateMachineUpdater: set stopIndex = 0
2019-09-25 07:30:02,004 [Thread-806] INFO  impl.RaftServerImpl (ServerState.java:close(385)) - 2fe7b077-4a7c-42ee-8783-920c916b7d94@group-88FE6C09F0B4: closes. applyIndex: 0
2019-09-25 07:30:02,004 [ForkJoinPool.commonPool-worker-0] INFO  impl.PendingRequests (PendingRequests.java:sendNotLeaderResponses(202)) - 2fe7b077-4a7c-42ee-8783-920c916b7d94-PendingRequests: sendNotLeaderResponses
2019-09-25 07:30:02,004 [2fe7b077-4a7c-42ee-8783-920c916b7d94@group-88FE6C09F0B4-SegmentedRaftLogWorker] INFO  segmented.SegmentedRaftLogWorker (SegmentedRaftLogWorker.java:run(313)) - 2fe7b077-4a7c-42ee-8783-920c916b7d94@group-88FE6C09F0B4-SegmentedRaftLogWorker was interrupted, exiting. There are 0 tasks remaining in the queue.
2019-09-25 07:30:02,005 [ForkJoinPool.commonPool-worker-0] INFO  impl.StateMachineUpdater (StateMachineUpdater.java:stopAndJoin(125)) - 2fe7b077-4a7c-42ee-8783-920c916b7d94@group-3BC68094D9E2-StateMachineUpdater: set stopIndex = 0
2019-09-25 07:30:02,005 [ForkJoinPool.commonPool-worker-0] INFO  impl.RaftServerImpl (ServerState.java:close(385)) - 2fe7b077-4a7c-42ee-8783-920c916b7d94@group-3BC68094D9E2: closes. applyIndex: 0
2019-09-25 07:30:02,005 [2fe7b077-4a7c-42ee-8783-920c916b7d94@group-3BC68094D9E2-SegmentedRaftLogWorker] INFO  segmented.SegmentedRaftLogWorker (SegmentedRaftLogWorker.java:run(313)) - 2fe7b077-4a7c-42ee-8783-920c916b7d94@group-3BC68094D9E2-SegmentedRaftLogWorker was interrupted, exiting. There are 0 tasks remaining in the queue.
2019-09-25 07:30:02,020 [Thread-806] INFO  segmented.SegmentedRaftLogWorker (SegmentedRaftLogWorker.java:close(228)) - 2fe7b077-4a7c-42ee-8783-920c916b7d94@group-88FE6C09F0B4-SegmentedRaftLogWorker close()
2019-09-25 07:30:02,020 [ForkJoinPool.commonPool-worker-0] INFO  segmented.SegmentedRaftLogWorker (SegmentedRaftLogWorker.java:close(228)) - 2fe7b077-4a7c-42ee-8783-920c916b7d94@group-3BC68094D9E2-SegmentedRaftLogWorker close()
2019-09-25 07:30:02,022 [Thread-806] INFO  impl.RaftServerImpl (RaftServerImpl.java:lambda$shutdown$3(251)) - 2fe7b077-4a7c-42ee-8783-920c916b7d94@group-872396BEE490: shutdown
2019-09-25 07:30:02,023 [Thread-806] INFO  util.JmxRegister (JmxRegister.java:unregister(73)) - Successfully un-registered JMX Bean with object name Ratis:service=RaftServer,group=group-872396BEE490,id=2fe7b077-4a7c-42ee-8783-920c916b7d94
2019-09-25 07:30:02,024 [Thread-806] INFO  impl.RoleInfo (RoleInfo.java:shutdownLeaderState(104)) - 2fe7b077-4a7c-42ee-8783-920c916b7d94: shutdown LeaderState
2019-09-25 07:30:02,024 [Thread-806] INFO  impl.PendingRequests (PendingRequests.java:sendNotLeaderResponses(202)) - 2fe7b077-4a7c-42ee-8783-920c916b7d94-PendingRequests: sendNotLeaderResponses
2019-09-25 07:30:02,025 [Thread-806] INFO  impl.StateMachineUpdater (StateMachineUpdater.java:stopAndJoin(125)) - 2fe7b077-4a7c-42ee-8783-920c916b7d94@group-872396BEE490-StateMachineUpdater: set stopIndex = 0
2019-09-25 07:30:02,025 [Thread-806] INFO  impl.RaftServerImpl (ServerState.java:close(385)) - 2fe7b077-4a7c-42ee-8783-920c916b7d94@group-872396BEE490: closes. applyIndex: 0
2019-09-25 07:30:02,025 [2fe7b077-4a7c-42ee-8783-920c916b7d94@group-872396BEE490-SegmentedRaftLogWorker] INFO  segmented.SegmentedRaftLogWorker (SegmentedRaftLogWorker.java:run(313)) - 2fe7b077-4a7c-42ee-8783-920c916b7d94@group-872396BEE490-SegmentedRaftLogWorker was interrupted, exiting. There are 0 tasks remaining in the queue.
2019-09-25 07:30:02,026 [Thread-806] INFO  segmented.SegmentedRaftLogWorker (SegmentedRaftLogWorker.java:close(228)) - 2fe7b077-4a7c-42ee-8783-920c916b7d94@group-872396BEE490-SegmentedRaftLogWorker close()
2019-09-25 07:30:02,027 [Thread-806] INFO  impl.RaftServerImpl (RaftServerImpl.java:lambda$shutdown$3(251)) - 2fe7b077-4a7c-42ee-8783-920c916b7d94@group-05B686EC7170: shutdown
2019-09-25 07:30:02,028 [Thread-806] INFO  util.JmxRegister (JmxRegister.java:unregister(73)) - Successfully un-registered JMX Bean with object name Ratis:service=RaftServer,group=group-05B686EC7170,id=2fe7b077-4a7c-42ee-8783-920c916b7d94
2019-09-25 07:30:02,028 [Thread-806] INFO  impl.RoleInfo (RoleInfo.java:shutdownLeaderState(104)) - 2fe7b077-4a7c-42ee-8783-920c916b7d94: shutdown LeaderState
2019-09-25 07:30:02,029 [Thread-806] INFO  impl.PendingRequests (PendingRequests.java:sendNotLeaderResponses(202)) - 2fe7b077-4a7c-42ee-8783-920c916b7d94-PendingRequests: sendNotLeaderResponses
2019-09-25 07:30:02,029 [Thread-806] INFO  impl.StateMachineUpdater (StateMachineUpdater.java:stopAndJoin(125)) - 2fe7b077-4a7c-42ee-8783-920c916b7d94@group-05B686EC7170-StateMachineUpdater: set stopIndex = 0
2019-09-25 07:30:02,029 [Thread-806] INFO  impl.RaftServerImpl (ServerState.java:close(385)) - 2fe7b077-4a7c-42ee-8783-920c916b7d94@group-05B686EC7170: closes. applyIndex: 0
2019-09-25 07:30:02,030 [2fe7b077-4a7c-42ee-8783-920c916b7d94@group-05B686EC7170-SegmentedRaftLogWorker] INFO  segmented.SegmentedRaftLogWorker (SegmentedRaftLogWorker.java:run(313)) - 2fe7b077-4a7c-42ee-8783-920c916b7d94@group-05B686EC7170-SegmentedRaftLogWorker was interrupted, exiting. There are 0 tasks remaining in the queue.
2019-09-25 07:30:02,030 [Thread-806] INFO  segmented.SegmentedRaftLogWorker (SegmentedRaftLogWorker.java:close(228)) - 2fe7b077-4a7c-42ee-8783-920c916b7d94@group-05B686EC7170-SegmentedRaftLogWorker close()
2019-09-25 07:30:02,032 [Thread-806] INFO  server.GrpcService (GrpcService.java:closeImpl(164)) - 2fe7b077-4a7c-42ee-8783-920c916b7d94: shutdown server with port 34898 now
2019-09-25 07:30:02,034 [Thread-806] INFO  server.GrpcService (GrpcService.java:closeImpl(172)) - 2fe7b077-4a7c-42ee-8783-920c916b7d94: shutdown server with port 34898 successfully
2019-09-25 07:30:02,042 [refreshUsed-/workdir/hadoop-ozone/ozonefs/target/test-dir/MiniOzoneClusterImpl-a0a13e0f-1219-4868-bc3b-f345b2356b4a/datanode-2/data/containers] WARN  fs.CachingGetSpaceUsed (CachingGetSpaceUsed.java:run(183)) - Thread Interrupted waiting to refresh disk information: sleep interrupted
2019-09-25 07:30:02,068 [Thread-806] INFO  utils.BackgroundService (BackgroundService.java:shutdown(148)) - Shutting down service BlockDeletingService
2019-09-25 07:30:02,073 [Thread-806] INFO  statemachine.DatanodeStateMachine (DatanodeStateMachine.java:stopDaemon(395)) - Ozone container server stopped.
2019-09-25 07:30:02,074 [Thread-806] INFO  handler.ContextHandler (ContextHandler.java:doStop(910)) - Stopped o.e.j.w.WebAppContext@6af6b36e{/,null,UNAVAILABLE}{/hddsDatanode}
2019-09-25 07:30:02,075 [Thread-806] INFO  server.AbstractConnector (AbstractConnector.java:doStop(318)) - Stopped ServerConnector@cfe041{HTTP/1.1,[http/1.1]}{0.0.0.0:0}
2019-09-25 07:30:02,075 [Thread-806] INFO  handler.ContextHandler (ContextHandler.java:doStop(910)) - Stopped o.e.j.s.ServletContextHandler@49d3f6b6{/static,jar:file:/home/user/.m2/repository/org/apache/hadoop/hadoop-hdds-container-service/0.5.0-SNAPSHOT/hadoop-hdds-container-service-0.5.0-SNAPSHOT.jar!/webapps/static,UNAVAILABLE}
2019-09-25 07:30:02,076 [Thread-806] INFO  handler.ContextHandler (ContextHandler.java:doStop(910)) - Stopped o.e.j.s.ServletContextHandler@267b4c03{/logs,file:///workdir/hadoop-ozone/ozonefs/target/log,UNAVAILABLE}
2019-09-25 07:30:02,078 [Thread-806] INFO  ozone.MiniOzoneClusterImpl (MiniOzoneClusterImpl.java:stopSCM(392)) - Stopping the StorageContainerManager
2019-09-25 07:30:02,078 [Thread-806] INFO  server.StorageContainerManager (StorageContainerManager.java:stop(808)) - Stopping Replication Manager Service.
2019-09-25 07:30:02,078 [Thread-806] INFO  container.ReplicationManager (ReplicationManager.java:stop(204)) - Stopping Replication Monitor Thread.
2019-09-25 07:30:02,078 [Thread-806] INFO  server.StorageContainerManager (StorageContainerManager.java:stop(815)) - Stopping Lease Manager of the command watchers
2019-09-25 07:30:02,079 [Thread-806] INFO  server.StorageContainerManager (StorageContainerManager.java:stop(822)) - Stopping datanode service RPC server
2019-09-25 07:30:02,079 [Thread-806] INFO  server.SCMDatanodeProtocolServer (SCMDatanodeProtocolServer.java:stop(367)) - Stopping the RPC server for DataNodes
2019-09-25 07:30:02,079 [Thread-806] INFO  ipc.Server (Server.java:stop(3082)) - Stopping server on 45917
2019-09-25 07:30:02,082 [IPC Server listener on 45917] INFO  ipc.Server (Server.java:run(1185)) - Stopping IPC Server listener on 45917
2019-09-25 07:30:02,084 [IPC Server Responder] INFO  ipc.Server (Server.java:run(1319)) - Stopping IPC Server Responder
2019-09-25 07:30:02,182 [SCM Heartbeat Processing Thread - 0] WARN  node.NodeStateManager (NodeStateManager.java:scheduleNextHealthCheck(655)) - Current Thread is interrupted, shutting down HB processing thread for Node Manager.
2019-09-25 07:30:02,182 [Thread-806] INFO  server.StorageContainerManager (StorageContainerManager.java:stop(830)) - Stopping block service RPC server
2019-09-25 07:30:02,182 [Thread-806] INFO  server.SCMBlockProtocolServer (SCMBlockProtocolServer.java:stop(155)) - Stopping the RPC server for Block Protocol
2019-09-25 07:30:02,182 [Thread-806] INFO  ipc.Server (Server.java:stop(3082)) - Stopping server on 34792
2019-09-25 07:30:02,185 [IPC Server listener on 34792] INFO  ipc.Server (Server.java:run(1185)) - Stopping IPC Server listener on 34792
2019-09-25 07:30:02,185 [Thread-806] INFO  server.StorageContainerManager (StorageContainerManager.java:stop(837)) - Stopping the StorageContainerLocationProtocol RPC server
2019-09-25 07:30:02,185 [Thread-806] INFO  server.SCMClientProtocolServer (SCMClientProtocolServer.java:stop(159)) - Stopping the RPC server for Client Protocol
2019-09-25 07:30:02,187 [Thread-806] INFO  ipc.Server (Server.java:stop(3082)) - Stopping server on 45600
2019-09-25 07:30:02,187 [IPC Server Responder] INFO  ipc.Server (Server.java:run(1319)) - Stopping IPC Server Responder
2019-09-25 07:30:02,189 [IPC Server listener on 45600] INFO  ipc.Server (Server.java:run(1185)) - Stopping IPC Server listener on 45600
2019-09-25 07:30:02,190 [Thread-806] INFO  server.StorageContainerManager (StorageContainerManager.java:stop(844)) - Stopping Storage Container Manager HTTP server.
2019-09-25 07:30:02,192 [IPC Server Responder] INFO  ipc.Server (Server.java:run(1319)) - Stopping IPC Server Responder
2019-09-25 07:30:02,193 [Thread-806] INFO  handler.ContextHandler (ContextHandler.java:doStop(910)) - Stopped o.e.j.w.WebAppContext@4687adb5{/,null,UNAVAILABLE}{/scm}
2019-09-25 07:30:02,194 [Thread-806] INFO  server.AbstractConnector (AbstractConnector.java:doStop(318)) - Stopped ServerConnector@607f1c2d{HTTP/1.1,[http/1.1]}{0.0.0.0:0}
2019-09-25 07:30:02,195 [Thread-806] INFO  handler.ContextHandler (ContextHandler.java:doStop(910)) - Stopped o.e.j.s.ServletContextHandler@32f9d30b{/static,jar:file:/home/user/.m2/repository/org/apache/hadoop/hadoop-hdds-server-scm/0.5.0-SNAPSHOT/hadoop-hdds-server-scm-0.5.0-SNAPSHOT.jar!/webapps/static,UNAVAILABLE}
2019-09-25 07:30:02,195 [Thread-806] INFO  handler.ContextHandler (ContextHandler.java:doStop(910)) - Stopped o.e.j.s.ServletContextHandler@70722d78{/logs,file:///workdir/hadoop-ozone/ozonefs/target/log,UNAVAILABLE}
2019-09-25 07:30:02,197 [Thread-806] INFO  server.StorageContainerManager (StorageContainerManager.java:stop(855)) - Stopping Block Manager Service.
2019-09-25 07:30:02,197 [Thread-806] INFO  utils.BackgroundService (BackgroundService.java:shutdown(148)) - Shutting down service SCMBlockDeletingService
2019-09-25 07:30:02,198 [Thread-806] INFO  utils.BackgroundService (BackgroundService.java:shutdown(148)) - Shutting down service SCMBlockDeletingService
2019-09-25 07:30:02,198 [Thread-806] INFO  server.StorageContainerManager (StorageContainerManager.java:stop(877)) - Stopping SCM Event Queue.
2019-09-25 07:30:02,202 [Thread-806] INFO  impl.MetricsSystemImpl (MetricsSystemImpl.java:stop(210)) - Stopping HddsDatanode metrics system...
2019-09-25 07:30:02,209 [Thread-806] INFO  impl.MetricsSystemImpl (MetricsSystemImpl.java:stop(216)) - HddsDatanode metrics system stopped.
]]></system-out>
  </testcase>
  <testcase name="testCreateDoesNotAddParentDirKeys" classname="org.apache.hadoop.fs.ozone.TestOzoneFileSystem" time="17.492">
    <error message="Allocated 0 blocks. Requested 1 blocks" type="INTERNAL_ERROR org.apache.hadoop.ozone.om.exceptions.OMException">INTERNAL_ERROR org.apache.hadoop.ozone.om.exceptions.OMException: Allocated 0 blocks. Requested 1 blocks
	at org.apache.hadoop.ozone.om.protocolPB.OzoneManagerProtocolClientSideTranslatorPB.handleError(OzoneManagerProtocolClientSideTranslatorPB.java:732)
	at org.apache.hadoop.ozone.om.protocolPB.OzoneManagerProtocolClientSideTranslatorPB.createFile(OzoneManagerProtocolClientSideTranslatorPB.java:1536)
	at sun.reflect.NativeMethodAccessorImpl.invoke0(Native Method)
	at sun.reflect.NativeMethodAccessorImpl.invoke(NativeMethodAccessorImpl.java:62)
	at sun.reflect.DelegatingMethodAccessorImpl.invoke(DelegatingMethodAccessorImpl.java:43)
	at java.lang.reflect.Method.invoke(Method.java:498)
	at org.apache.hadoop.hdds.tracing.TraceAllMethod.invoke(TraceAllMethod.java:66)
	at com.sun.proxy.$Proxy38.createFile(Unknown Source)
	at org.apache.hadoop.ozone.client.rpc.RpcClient.createFile(RpcClient.java:1006)
	at org.apache.hadoop.ozone.client.OzoneBucket.createFile(OzoneBucket.java:537)
	at org.apache.hadoop.fs.ozone.BasicOzoneClientAdapterImpl.createFile(BasicOzoneClientAdapterImpl.java:205)
	at org.apache.hadoop.fs.ozone.BasicOzoneFileSystem.createOutputStream(BasicOzoneFileSystem.java:250)
	at org.apache.hadoop.fs.ozone.BasicOzoneFileSystem.create(BasicOzoneFileSystem.java:231)
	at org.apache.hadoop.fs.FileSystem.create(FileSystem.java:1118)
	at org.apache.hadoop.fs.FileSystem.create(FileSystem.java:1098)
	at org.apache.hadoop.fs.FileSystem.create(FileSystem.java:987)
	at org.apache.hadoop.fs.contract.ContractTestUtils.createFile(ContractTestUtils.java:633)
	at org.apache.hadoop.fs.contract.ContractTestUtils.touch(ContractTestUtils.java:669)
	at org.apache.hadoop.fs.ozone.TestOzoneFileSystem.testCreateDoesNotAddParentDirKeys(TestOzoneFileSystem.java:110)
	at sun.reflect.NativeMethodAccessorImpl.invoke0(Native Method)
	at sun.reflect.NativeMethodAccessorImpl.invoke(NativeMethodAccessorImpl.java:62)
	at sun.reflect.DelegatingMethodAccessorImpl.invoke(DelegatingMethodAccessorImpl.java:43)
	at java.lang.reflect.Method.invoke(Method.java:498)
	at org.junit.runners.model.FrameworkMethod$1.runReflectiveCall(FrameworkMethod.java:47)
	at org.junit.internal.runners.model.ReflectiveCallable.run(ReflectiveCallable.java:12)
	at org.junit.runners.model.FrameworkMethod.invokeExplosively(FrameworkMethod.java:44)
	at org.junit.internal.runners.statements.InvokeMethod.evaluate(InvokeMethod.java:17)
	at org.junit.internal.runners.statements.RunBefores.evaluate(RunBefores.java:26)
	at org.junit.internal.runners.statements.RunAfters.evaluate(RunAfters.java:27)
	at org.junit.internal.runners.statements.FailOnTimeout$StatementThread.run(FailOnTimeout.java:74)
</error>
    <system-out><![CDATA[2019-09-25 07:30:02,263 [Thread-1073] WARN  server.ServerUtils (ServerUtils.java:getScmDbDir(145)) - ozone.scm.db.dirs is not configured. We recommend adding this setting. Falling back to ozone.metadata.dirs instead.
2019-09-25 07:30:02,332 [Thread-1073] WARN  server.ServerUtils (ServerUtils.java:getScmDbDir(145)) - ozone.scm.db.dirs is not configured. We recommend adding this setting. Falling back to ozone.metadata.dirs instead.
2019-09-25 07:30:02,332 [Thread-1073] WARN  server.ServerUtils (ServerUtils.java:getScmDbDir(145)) - ozone.scm.db.dirs is not configured. We recommend adding this setting. Falling back to ozone.metadata.dirs instead.
2019-09-25 07:30:02,333 [Thread-1073] INFO  db.DBStoreBuilder (DBStoreBuilder.java:addTable(110)) - using custom profile for table: deletedBlocks
2019-09-25 07:30:02,333 [Thread-1073] INFO  db.DBStoreBuilder (DBStoreBuilder.java:processTables(161)) - Using default column profile:DBProfile.DISK for Table:deletedBlocks
2019-09-25 07:30:02,333 [Thread-1073] INFO  db.DBStoreBuilder (DBStoreBuilder.java:addTable(110)) - using custom profile for table: validCerts
2019-09-25 07:30:02,334 [Thread-1073] INFO  db.DBStoreBuilder (DBStoreBuilder.java:processTables(161)) - Using default column profile:DBProfile.DISK for Table:validCerts
2019-09-25 07:30:02,334 [Thread-1073] INFO  db.DBStoreBuilder (DBStoreBuilder.java:addTable(110)) - using custom profile for table: revokedCerts
2019-09-25 07:30:02,334 [Thread-1073] INFO  db.DBStoreBuilder (DBStoreBuilder.java:processTables(161)) - Using default column profile:DBProfile.DISK for Table:revokedCerts
2019-09-25 07:30:02,335 [Thread-1073] INFO  db.DBStoreBuilder (DBStoreBuilder.java:addTable(110)) - using custom profile for table: default
2019-09-25 07:30:02,335 [Thread-1073] INFO  db.DBStoreBuilder (DBStoreBuilder.java:processTables(167)) - Using default column profile:DBProfile.DISK for Table:default
2019-09-25 07:30:02,335 [Thread-1073] INFO  db.DBStoreBuilder (DBStoreBuilder.java:getDbProfile(198)) - Using default options. DBProfile.DISK
2019-09-25 07:30:02,612 [Thread-1073] INFO  net.NodeSchemaLoader (NodeSchemaLoader.java:loadSchemaFromFile(125)) - Loading file from sun.misc.CompoundEnumeration@6d588017
2019-09-25 07:30:02,612 [Thread-1073] INFO  net.NodeSchemaLoader (NodeSchemaLoader.java:loadSchema(171)) - Loading network topology layer schema file
2019-09-25 07:30:02,618 [Thread-1073] WARN  server.ServerUtils (ServerUtils.java:sanitizeUserArgs(70)) - ozone.scm.stale.node.interval value = 300000 is larger than max = 100000 based on the key value of ozone.scm.heartbeat.thread.interval, reset to the max value 100000.
2019-09-25 07:30:02,618 [Thread-1073] WARN  server.ServerUtils (ServerUtils.java:sanitizeUserArgs(70)) - ozone.scm.stale.node.interval value = 300000 is larger than max = 100000 based on the key value of ozone.scm.heartbeat.thread.interval, reset to the max value 100000.
2019-09-25 07:30:02,618 [Thread-1073] INFO  node.SCMNodeManager (SCMNodeManager.java:<init>(114)) - Entering startup safe mode.
2019-09-25 07:30:02,619 [Thread-1073] INFO  algorithms.ContainerPlacementPolicyFactory (ContainerPlacementPolicyFactory.java:getPolicy(59)) - Create container placement policy of type org.apache.hadoop.hdds.scm.container.placement.algorithms.SCMContainerPlacementRandom
2019-09-25 07:30:02,619 [Thread-1073] WARN  server.ServerUtils (ServerUtils.java:getScmDbDir(145)) - ozone.scm.db.dirs is not configured. We recommend adding this setting. Falling back to ozone.metadata.dirs instead.
2019-09-25 07:30:02,723 [Thread-1073] INFO  pipeline.SCMPipelineManager (SCMPipelineManager.java:initializePipelineState(132)) - No pipeline exists in current db
2019-09-25 07:30:02,723 [Thread-1073] WARN  server.ServerUtils (ServerUtils.java:getScmDbDir(145)) - ozone.scm.db.dirs is not configured. We recommend adding this setting. Falling back to ozone.metadata.dirs instead.
2019-09-25 07:30:02,809 [Thread-1073] WARN  events.EventQueue (EventQueue.java:fireEvent(183)) - No event handler registered for event TypedEvent{payloadType=SafeModeStatus, name='SafeModeStatus'}
2019-09-25 07:30:02,810 [Thread-1073] INFO  ipc.CallQueueManager (CallQueueManager.java:<init>(84)) - Using callQueue: class java.util.concurrent.LinkedBlockingQueue, queueCapacity: 2000, scheduler: class org.apache.hadoop.ipc.DefaultRpcScheduler, ipcBackoff: false.
2019-09-25 07:30:02,811 [Socket Reader #1 for port 40245] INFO  ipc.Server (Server.java:run(1074)) - Starting Socket Reader #1 for port 40245
2019-09-25 07:30:02,814 [Thread-1073] INFO  ipc.CallQueueManager (CallQueueManager.java:<init>(84)) - Using callQueue: class java.util.concurrent.LinkedBlockingQueue, queueCapacity: 2000, scheduler: class org.apache.hadoop.ipc.DefaultRpcScheduler, ipcBackoff: false.
2019-09-25 07:30:02,814 [Socket Reader #1 for port 35020] INFO  ipc.Server (Server.java:run(1074)) - Starting Socket Reader #1 for port 35020
2019-09-25 07:30:02,816 [Thread-1073] INFO  ipc.CallQueueManager (CallQueueManager.java:<init>(84)) - Using callQueue: class java.util.concurrent.LinkedBlockingQueue, queueCapacity: 2000, scheduler: class org.apache.hadoop.ipc.DefaultRpcScheduler, ipcBackoff: false.
2019-09-25 07:30:02,817 [Socket Reader #1 for port 45873] INFO  ipc.Server (Server.java:run(1074)) - Starting Socket Reader #1 for port 45873
2019-09-25 07:30:02,821 [Thread-1073] INFO  hdfs.DFSUtil (DFSUtil.java:httpServerTemplateForNNAndJN(1641)) - Starting Web-server for scm at: http://0.0.0.0:0
2019-09-25 07:30:02,828 [Thread-1073] INFO  server.AuthenticationFilter (AuthenticationFilter.java:constructSecretProvider(240)) - Unable to initialize FileSignerSecretProvider, falling back to use random secrets.
2019-09-25 07:30:02,830 [Thread-1073] WARN  http.HttpRequestLog (HttpRequestLog.java:getRequestLog(97)) - Jetty request log can only be enabled using Log4j
2019-09-25 07:30:02,833 [Thread-1073] INFO  http.HttpServer2 (HttpServer2.java:addGlobalFilter(975)) - Added global filter 'safety' (class=org.apache.hadoop.http.HttpServer2$QuotingInputFilter)
2019-09-25 07:30:02,834 [Thread-1073] INFO  http.HttpServer2 (HttpServer2.java:addFilter(948)) - Added filter static_user_filter (class=org.apache.hadoop.http.lib.StaticUserWebFilter$StaticUserFilter) to context scm
2019-09-25 07:30:02,834 [Thread-1073] INFO  http.HttpServer2 (HttpServer2.java:addFilter(958)) - Added filter static_user_filter (class=org.apache.hadoop.http.lib.StaticUserWebFilter$StaticUserFilter) to context logs
2019-09-25 07:30:02,834 [Thread-1073] INFO  http.HttpServer2 (HttpServer2.java:addFilter(958)) - Added filter static_user_filter (class=org.apache.hadoop.http.lib.StaticUserWebFilter$StaticUserFilter) to context static
2019-09-25 07:30:02,837 [Thread-1073] INFO  server.StorageContainerManager (StorageContainerManager.java:start(770)) - StorageContainerLocationProtocol RPC server is listening at /0.0.0.0:45873
2019-09-25 07:30:02,840 [Thread-1073] WARN  impl.MetricsConfig (MetricsConfig.java:loadFirst(134)) - Cannot locate configuration: tried hadoop-metrics2-storagecontainermanager.properties,hadoop-metrics2.properties
2019-09-25 07:30:02,841 [Thread-1073] INFO  impl.MetricsSystemImpl (MetricsSystemImpl.java:startTimer(374)) - Scheduled Metric snapshot period at 10 second(s).
2019-09-25 07:30:02,842 [Thread-1073] INFO  impl.MetricsSystemImpl (MetricsSystemImpl.java:start(191)) - StorageContainerManager metrics system started
2019-09-25 07:30:02,869 [Thread-1073] WARN  impl.MetricsSystemImpl (MetricsSystemImpl.java:register(276)) - Sink prometheus already exists!
2019-09-25 07:30:02,941 [Thread-1073] INFO  server.SCMClientProtocolServer (SCMClientProtocolServer.java:start(151)) - RPC server for Client  is listening at /0.0.0.0:45873
2019-09-25 07:30:02,942 [IPC Server Responder] INFO  ipc.Server (Server.java:run(1314)) - IPC Server Responder: starting
2019-09-25 07:30:02,942 [IPC Server listener on 45873] INFO  ipc.Server (Server.java:run(1153)) - IPC Server listener on 45873: starting
2019-09-25 07:30:02,947 [Thread-1073] INFO  server.StorageContainerManager (StorageContainerManager.java:start(780)) - ScmBlockLocationProtocol RPC server is listening at /0.0.0.0:35020
2019-09-25 07:30:02,947 [Thread-1073] INFO  server.SCMBlockProtocolServer (SCMBlockProtocolServer.java:start(146)) - RPC server for Block Protocol is listening at /0.0.0.0:35020
2019-09-25 07:30:02,947 [IPC Server Responder] INFO  ipc.Server (Server.java:run(1314)) - IPC Server Responder: starting
2019-09-25 07:30:02,947 [IPC Server listener on 35020] INFO  ipc.Server (Server.java:run(1153)) - IPC Server listener on 35020: starting
2019-09-25 07:30:02,952 [Thread-1073] INFO  server.StorageContainerManager (StorageContainerManager.java:start(784)) - ScmDatanodeProtocl RPC server is listening at /0.0.0.0:40245
2019-09-25 07:30:02,952 [Thread-1073] INFO  server.SCMDatanodeProtocolServer (SCMDatanodeProtocolServer.java:start(191)) - RPC server for DataNodes is listening at /0.0.0.0:40245
2019-09-25 07:30:02,952 [IPC Server Responder] INFO  ipc.Server (Server.java:run(1314)) - IPC Server Responder: starting
2019-09-25 07:30:02,952 [IPC Server listener on 40245] INFO  ipc.Server (Server.java:run(1153)) - IPC Server listener on 40245: starting
2019-09-25 07:30:02,959 [Thread-1073] INFO  http.HttpServer2 (HttpServer2.java:bindListener(1191)) - Jetty bound to port 36902
2019-09-25 07:30:02,959 [Thread-1073] INFO  server.Server (Server.java:doStart(351)) - jetty-9.3.25.v20180904, build timestamp: 2018-09-04T21:11:46Z, git hash: 3ce520221d0240229c862b122d2b06c12a625732
2019-09-25 07:30:02,962 [Thread-1073] INFO  handler.ContextHandler (ContextHandler.java:doStart(781)) - Started o.e.j.s.ServletContextHandler@2528aa81{/logs,file:///workdir/hadoop-ozone/ozonefs/target/log,AVAILABLE}
2019-09-25 07:30:02,962 [Thread-1073] INFO  handler.ContextHandler (ContextHandler.java:doStart(781)) - Started o.e.j.s.ServletContextHandler@6acfa004{/static,jar:file:/home/user/.m2/repository/org/apache/hadoop/hadoop-hdds-server-scm/0.5.0-SNAPSHOT/hadoop-hdds-server-scm-0.5.0-SNAPSHOT.jar!/webapps/static,AVAILABLE}
2019-09-25 07:30:03,012 [Thread-1073] INFO  handler.ContextHandler (ContextHandler.java:doStart(781)) - Started o.e.j.w.WebAppContext@2eb1210c{/,file:///tmp/jetty-0.0.0.0-36902-scm-_-any-6358250468038321730.dir/webapp/,AVAILABLE}{/scm}
2019-09-25 07:30:03,012 [Thread-1073] INFO  server.AbstractConnector (AbstractConnector.java:doStart(278)) - Started ServerConnector@55ad6457{HTTP/1.1,[http/1.1]}{0.0.0.0:36902}
2019-09-25 07:30:03,016 [Thread-1073] INFO  server.Server (Server.java:doStart(419)) - Started @75686ms
2019-09-25 07:30:03,016 [Thread-1073] WARN  impl.MetricsSystemImpl (MetricsSystemImpl.java:register(276)) - Sink prometheus already exists!
2019-09-25 07:30:03,017 [Thread-1073] INFO  server.BaseHttpServer (BaseHttpServer.java:updateConnectorAddress(215)) - HTTP server of SCM is listening at http://0.0.0.0:36902
2019-09-25 07:30:03,017 [Thread-1073] WARN  server.ServerUtils (ServerUtils.java:getDBPath(222)) - ozone.om.db.dirs is not configured. We recommend adding this setting. Falling back to ozone.metadata.dirs instead.
2019-09-25 07:30:03,021 [org.apache.hadoop.util.JvmPauseMonitor$Monitor@186785cb] INFO  util.JvmPauseMonitor (JvmPauseMonitor.java:run(188)) - Starting JVM pause monitor
2019-09-25 07:30:03,047 [Thread-1073] WARN  server.ServerUtils (ServerUtils.java:getDBPath(222)) - ozone.om.db.dirs is not configured. We recommend adding this setting. Falling back to ozone.metadata.dirs instead.
2019-09-25 07:30:03,049 [Thread-1073] WARN  server.ServerUtils (ServerUtils.java:getDBPath(222)) - ozone.om.db.dirs is not configured. We recommend adding this setting. Falling back to ozone.metadata.dirs instead.
2019-09-25 07:30:03,050 [Thread-1073] INFO  om.OzoneManager (OzoneManager.java:setOMNodeDetails(652)) - OM Service ID is not set. Setting it to the default ID: omServiceIdDefault
2019-09-25 07:30:03,050 [Thread-1073] INFO  om.OzoneManager (OzoneManager.java:setOMNodeDetails(658)) - OM Node ID is not set. Setting it to the OmStorage's OmID: a4c25fed-adc8-4333-82e3-f53d2cd35f3a
2019-09-25 07:30:03,051 [Thread-1073] INFO  om.OzoneManager (OzoneManager.java:loadOMHAConfigs(609)) - Found matching OM address with OMServiceId: null, OMNodeId: null, RPC Address: localhost:0 and Ratis port: 9872
2019-09-25 07:30:03,059 [Thread-1073] WARN  server.ServerUtils (ServerUtils.java:getDBPath(222)) - ozone.om.db.dirs is not configured. We recommend adding this setting. Falling back to ozone.metadata.dirs instead.
2019-09-25 07:30:03,060 [Thread-1073] INFO  db.DBStoreBuilder (DBStoreBuilder.java:addTable(110)) - using custom profile for table: userTable
2019-09-25 07:30:03,060 [Thread-1073] INFO  db.DBStoreBuilder (DBStoreBuilder.java:processTables(161)) - Using default column profile:DBProfile.DISK for Table:userTable
2019-09-25 07:30:03,060 [Thread-1073] INFO  db.DBStoreBuilder (DBStoreBuilder.java:addTable(110)) - using custom profile for table: volumeTable
2019-09-25 07:30:03,060 [Thread-1073] INFO  db.DBStoreBuilder (DBStoreBuilder.java:processTables(161)) - Using default column profile:DBProfile.DISK for Table:volumeTable
2019-09-25 07:30:03,061 [Thread-1073] INFO  db.DBStoreBuilder (DBStoreBuilder.java:addTable(110)) - using custom profile for table: bucketTable
2019-09-25 07:30:03,061 [Thread-1073] INFO  db.DBStoreBuilder (DBStoreBuilder.java:processTables(161)) - Using default column profile:DBProfile.DISK for Table:bucketTable
2019-09-25 07:30:03,061 [Thread-1073] INFO  db.DBStoreBuilder (DBStoreBuilder.java:addTable(110)) - using custom profile for table: keyTable
2019-09-25 07:30:03,061 [Thread-1073] INFO  db.DBStoreBuilder (DBStoreBuilder.java:processTables(161)) - Using default column profile:DBProfile.DISK for Table:keyTable
2019-09-25 07:30:03,061 [Thread-1073] INFO  db.DBStoreBuilder (DBStoreBuilder.java:addTable(110)) - using custom profile for table: deletedTable
2019-09-25 07:30:03,062 [Thread-1073] INFO  db.DBStoreBuilder (DBStoreBuilder.java:processTables(161)) - Using default column profile:DBProfile.DISK for Table:deletedTable
2019-09-25 07:30:03,062 [Thread-1073] INFO  db.DBStoreBuilder (DBStoreBuilder.java:addTable(110)) - using custom profile for table: openKeyTable
2019-09-25 07:30:03,062 [Thread-1073] INFO  db.DBStoreBuilder (DBStoreBuilder.java:processTables(161)) - Using default column profile:DBProfile.DISK for Table:openKeyTable
2019-09-25 07:30:03,062 [Thread-1073] INFO  db.DBStoreBuilder (DBStoreBuilder.java:addTable(110)) - using custom profile for table: s3Table
2019-09-25 07:30:03,062 [Thread-1073] INFO  db.DBStoreBuilder (DBStoreBuilder.java:processTables(161)) - Using default column profile:DBProfile.DISK for Table:s3Table
2019-09-25 07:30:03,063 [Thread-1073] INFO  db.DBStoreBuilder (DBStoreBuilder.java:addTable(110)) - using custom profile for table: multipartInfoTable
2019-09-25 07:30:03,063 [Thread-1073] INFO  db.DBStoreBuilder (DBStoreBuilder.java:processTables(161)) - Using default column profile:DBProfile.DISK for Table:multipartInfoTable
2019-09-25 07:30:03,063 [Thread-1073] INFO  db.DBStoreBuilder (DBStoreBuilder.java:addTable(110)) - using custom profile for table: dTokenTable
2019-09-25 07:30:03,063 [Thread-1073] INFO  db.DBStoreBuilder (DBStoreBuilder.java:processTables(161)) - Using default column profile:DBProfile.DISK for Table:dTokenTable
2019-09-25 07:30:03,064 [Thread-1073] INFO  db.DBStoreBuilder (DBStoreBuilder.java:addTable(110)) - using custom profile for table: s3SecretTable
2019-09-25 07:30:03,064 [Thread-1073] INFO  db.DBStoreBuilder (DBStoreBuilder.java:processTables(161)) - Using default column profile:DBProfile.DISK for Table:s3SecretTable
2019-09-25 07:30:03,064 [Thread-1073] INFO  db.DBStoreBuilder (DBStoreBuilder.java:addTable(110)) - using custom profile for table: prefixTable
2019-09-25 07:30:03,064 [Thread-1073] INFO  db.DBStoreBuilder (DBStoreBuilder.java:processTables(161)) - Using default column profile:DBProfile.DISK for Table:prefixTable
2019-09-25 07:30:03,064 [Thread-1073] INFO  db.DBStoreBuilder (DBStoreBuilder.java:addTable(110)) - using custom profile for table: default
2019-09-25 07:30:03,065 [Thread-1073] INFO  db.DBStoreBuilder (DBStoreBuilder.java:processTables(167)) - Using default column profile:DBProfile.DISK for Table:default
2019-09-25 07:30:03,065 [Thread-1073] INFO  db.DBStoreBuilder (DBStoreBuilder.java:getDbProfile(198)) - Using default options. DBProfile.DISK
2019-09-25 07:30:03,849 [Thread-1073] INFO  ipc.CallQueueManager (CallQueueManager.java:<init>(84)) - Using callQueue: class java.util.concurrent.LinkedBlockingQueue, queueCapacity: 2000, scheduler: class org.apache.hadoop.ipc.DefaultRpcScheduler, ipcBackoff: false.
2019-09-25 07:30:03,850 [Socket Reader #1 for port 44346] INFO  ipc.Server (Server.java:run(1074)) - Starting Socket Reader #1 for port 44346
2019-09-25 07:30:03,876 [Thread-1073] INFO  om.OzoneManager (OzoneManager.java:start(1243)) - OzoneManager RPC server is listening at localhost/127.0.0.1:44346
2019-09-25 07:30:03,876 [Thread-1073] INFO  impl.MetricsSystemImpl (MetricsSystemImpl.java:init(158)) - OzoneManager metrics system started (again)
2019-09-25 07:30:03,877 [IPC Server Responder] INFO  ipc.Server (Server.java:run(1314)) - IPC Server Responder: starting
2019-09-25 07:30:03,877 [IPC Server listener on 44346] INFO  ipc.Server (Server.java:run(1153)) - IPC Server listener on 44346: starting
2019-09-25 07:30:03,883 [Thread-1073] INFO  hdfs.DFSUtil (DFSUtil.java:httpServerTemplateForNNAndJN(1641)) - Starting Web-server for ozoneManager at: http://0.0.0.0:0
2019-09-25 07:30:03,885 [Thread-1073] INFO  server.AuthenticationFilter (AuthenticationFilter.java:constructSecretProvider(240)) - Unable to initialize FileSignerSecretProvider, falling back to use random secrets.
2019-09-25 07:30:03,886 [Thread-1073] WARN  http.HttpRequestLog (HttpRequestLog.java:getRequestLog(97)) - Jetty request log can only be enabled using Log4j
2019-09-25 07:30:03,889 [Thread-1073] INFO  http.HttpServer2 (HttpServer2.java:addGlobalFilter(975)) - Added global filter 'safety' (class=org.apache.hadoop.http.HttpServer2$QuotingInputFilter)
2019-09-25 07:30:03,890 [Thread-1073] INFO  http.HttpServer2 (HttpServer2.java:addFilter(948)) - Added filter static_user_filter (class=org.apache.hadoop.http.lib.StaticUserWebFilter$StaticUserFilter) to context ozoneManager
2019-09-25 07:30:03,890 [Thread-1073] INFO  http.HttpServer2 (HttpServer2.java:addFilter(958)) - Added filter static_user_filter (class=org.apache.hadoop.http.lib.StaticUserWebFilter$StaticUserFilter) to context logs
2019-09-25 07:30:03,890 [Thread-1073] INFO  http.HttpServer2 (HttpServer2.java:addFilter(958)) - Added filter static_user_filter (class=org.apache.hadoop.http.lib.StaticUserWebFilter$StaticUserFilter) to context static
2019-09-25 07:30:03,891 [Thread-1073] INFO  http.HttpServer2 (HttpServer2.java:bindListener(1191)) - Jetty bound to port 37081
2019-09-25 07:30:03,891 [Thread-1073] INFO  server.Server (Server.java:doStart(351)) - jetty-9.3.25.v20180904, build timestamp: 2018-09-04T21:11:46Z, git hash: 3ce520221d0240229c862b122d2b06c12a625732
2019-09-25 07:30:03,894 [Thread-1073] INFO  handler.ContextHandler (ContextHandler.java:doStart(781)) - Started o.e.j.s.ServletContextHandler@6fa41032{/logs,file:///workdir/hadoop-ozone/ozonefs/target/log,AVAILABLE}
2019-09-25 07:30:03,895 [Thread-1073] INFO  handler.ContextHandler (ContextHandler.java:doStart(781)) - Started o.e.j.s.ServletContextHandler@32a7b2ea{/static,jar:file:/home/user/.m2/repository/org/apache/hadoop/hadoop-ozone-ozone-manager/0.5.0-SNAPSHOT/hadoop-ozone-ozone-manager-0.5.0-SNAPSHOT.jar!/webapps/static,AVAILABLE}
2019-09-25 07:30:03,960 [Thread-1073] INFO  handler.ContextHandler (ContextHandler.java:doStart(781)) - Started o.e.j.w.WebAppContext@53f5362f{/,file:///tmp/jetty-0.0.0.0-37081-ozoneManager-_-any-4606776206321786794.dir/webapp/,AVAILABLE}{/ozoneManager}
2019-09-25 07:30:03,960 [Thread-1073] INFO  server.AbstractConnector (AbstractConnector.java:doStart(278)) - Started ServerConnector@62a09427{HTTP/1.1,[http/1.1]}{0.0.0.0:37081}
2019-09-25 07:30:03,962 [Thread-1073] INFO  server.Server (Server.java:doStart(419)) - Started @76632ms
2019-09-25 07:30:03,962 [Thread-1073] WARN  impl.MetricsSystemImpl (MetricsSystemImpl.java:register(276)) - Sink prometheus already exists!
2019-09-25 07:30:03,963 [Thread-1073] INFO  server.BaseHttpServer (BaseHttpServer.java:updateConnectorAddress(215)) - HTTP server of OZONEMANAGER is listening at http://0.0.0.0:37081
2019-09-25 07:30:03,971 [Thread-1073] INFO  impl.MetricsSystemImpl (MetricsSystemImpl.java:init(158)) - HddsDatanode metrics system started (again)
2019-09-25 07:30:03,975 [Thread-1073] INFO  ozone.HddsDatanodeService (HddsDatanodeService.java:start(184)) - HddsDatanodeService host:pr-hdds-1569-x2sr2-3486766547 ip:192.168.151.106
2019-09-25 07:30:03,982 [Thread-1073] INFO  volume.HddsVolume (HddsVolume.java:<init>(176)) - Creating Volume: /workdir/hadoop-ozone/ozonefs/target/test-dir/MiniOzoneClusterImpl-57037ed3-0523-4bc8-ad5a-d167f12c453e/datanode-0/data/containers/hdds of  storage type : DISK and capacity : 1482555576320
2019-09-25 07:30:03,982 [Thread-1073] INFO  volume.VolumeSet (VolumeSet.java:initializeVolumeSet(170)) - Added Volume : /workdir/hadoop-ozone/ozonefs/target/test-dir/MiniOzoneClusterImpl-57037ed3-0523-4bc8-ad5a-d167f12c453e/datanode-0/data/containers/hdds to VolumeSet
2019-09-25 07:30:03,982 [Thread-1073] INFO  volume.ThrottledAsyncChecker (ThrottledAsyncChecker.java:schedule(139)) - Scheduling a check for org.apache.hadoop.ozone.container.common.volume.HddsVolume@b6c58e6
2019-09-25 07:30:03,983 [Thread-1073] INFO  volume.HddsVolumeChecker (HddsVolumeChecker.java:checkAllVolumes(202)) - Scheduled health check for volume org.apache.hadoop.ozone.container.common.volume.HddsVolume@b6c58e6
2019-09-25 07:30:04,004 [Thread-1073] INFO  impl.RaftServerProxy (ConfUtils.java:logGet(43)) - raft.rpc.type = GRPC (default)
2019-09-25 07:30:04,005 [Thread-1073] INFO  grpc.GrpcFactory (GrpcFactory.java:checkPooledByteBufAllocatorUseCacheForAllThreads(45)) - PERFORMANCE WARNING: useCacheForAllThreads is true that may cause Netty to create a lot garbage objects and, as a result, trigger GC.
	It is recommended to disable useCacheForAllThreads by setting -Dorg.apache.ratis.thirdparty.io.netty.allocator.useCacheForAllThreads=false in command line.
2019-09-25 07:30:04,005 [Thread-1073] INFO  grpc.GrpcConfigKeys$Server (ConfUtils.java:logGet(43)) - raft.grpc.server.port = 0 (default)
2019-09-25 07:30:04,005 [Thread-1073] INFO  server.GrpcService (ConfUtils.java:logGet(43)) - raft.grpc.message.size.max = 33570816 (custom)
2019-09-25 07:30:04,005 [Thread-1073] INFO  server.RaftServerConfigKeys (ConfUtils.java:logGet(43)) - raft.server.log.appender.buffer.byte-limit = 33554432 (custom)
2019-09-25 07:30:04,006 [Thread-1073] INFO  server.GrpcService (ConfUtils.java:logGet(43)) - raft.grpc.flow.control.window = 1MB (=1048576) (default)
2019-09-25 07:30:04,006 [Thread-1073] INFO  server.RaftServerConfigKeys (ConfUtils.java:logGet(43)) - raft.server.rpc.request.timeout = 3000ms (default)
2019-09-25 07:30:04,006 [Thread-1073] INFO  server.RaftServerConfigKeys (ConfUtils.java:logGet(43)) - raft.server.storage.dir = [/workdir/hadoop-ozone/ozonefs/target/test-dir/MiniOzoneClusterImpl-57037ed3-0523-4bc8-ad5a-d167f12c453e/datanode-0/data/ratis] (custom)
2019-09-25 07:30:04,008 [Thread-1073] INFO  hdfs.DFSUtil (DFSUtil.java:httpServerTemplateForNNAndJN(1641)) - Starting Web-server for hddsDatanode at: http://0.0.0.0:0
2019-09-25 07:30:04,010 [Thread-1073] INFO  server.AuthenticationFilter (AuthenticationFilter.java:constructSecretProvider(240)) - Unable to initialize FileSignerSecretProvider, falling back to use random secrets.
2019-09-25 07:30:04,010 [Thread-1073] WARN  http.HttpRequestLog (HttpRequestLog.java:getRequestLog(97)) - Jetty request log can only be enabled using Log4j
2019-09-25 07:30:04,011 [Thread-1073] INFO  http.HttpServer2 (HttpServer2.java:addGlobalFilter(975)) - Added global filter 'safety' (class=org.apache.hadoop.http.HttpServer2$QuotingInputFilter)
2019-09-25 07:30:04,012 [Thread-1073] INFO  http.HttpServer2 (HttpServer2.java:addFilter(948)) - Added filter static_user_filter (class=org.apache.hadoop.http.lib.StaticUserWebFilter$StaticUserFilter) to context hddsDatanode
2019-09-25 07:30:04,012 [Thread-1073] INFO  http.HttpServer2 (HttpServer2.java:addFilter(958)) - Added filter static_user_filter (class=org.apache.hadoop.http.lib.StaticUserWebFilter$StaticUserFilter) to context static
2019-09-25 07:30:04,012 [Thread-1073] INFO  http.HttpServer2 (HttpServer2.java:addFilter(958)) - Added filter static_user_filter (class=org.apache.hadoop.http.lib.StaticUserWebFilter$StaticUserFilter) to context logs
2019-09-25 07:30:04,013 [Thread-1073] INFO  http.HttpServer2 (HttpServer2.java:bindListener(1191)) - Jetty bound to port 39110
2019-09-25 07:30:04,013 [Thread-1073] INFO  server.Server (Server.java:doStart(351)) - jetty-9.3.25.v20180904, build timestamp: 2018-09-04T21:11:46Z, git hash: 3ce520221d0240229c862b122d2b06c12a625732
2019-09-25 07:30:04,015 [Thread-1073] INFO  handler.ContextHandler (ContextHandler.java:doStart(781)) - Started o.e.j.s.ServletContextHandler@5879b63{/logs,file:///workdir/hadoop-ozone/ozonefs/target/log,AVAILABLE}
2019-09-25 07:30:04,015 [Thread-1073] INFO  handler.ContextHandler (ContextHandler.java:doStart(781)) - Started o.e.j.s.ServletContextHandler@6cc9e56a{/static,jar:file:/home/user/.m2/repository/org/apache/hadoop/hadoop-hdds-container-service/0.5.0-SNAPSHOT/hadoop-hdds-container-service-0.5.0-SNAPSHOT.jar!/webapps/static,AVAILABLE}
2019-09-25 07:30:04,046 [Thread-1073] INFO  handler.ContextHandler (ContextHandler.java:doStart(781)) - Started o.e.j.w.WebAppContext@5cf0aca4{/,file:///tmp/jetty-0.0.0.0-39110-hddsDatanode-_-any-2273213603680537760.dir/webapp/,AVAILABLE}{/hddsDatanode}
2019-09-25 07:30:04,046 [Thread-1073] INFO  server.AbstractConnector (AbstractConnector.java:doStart(278)) - Started ServerConnector@772b6235{HTTP/1.1,[http/1.1]}{0.0.0.0:39110}
2019-09-25 07:30:04,048 [Thread-1073] INFO  server.Server (Server.java:doStart(419)) - Started @76719ms
2019-09-25 07:30:04,048 [Thread-1073] WARN  impl.MetricsSystemImpl (MetricsSystemImpl.java:register(276)) - Sink prometheus already exists!
2019-09-25 07:30:04,049 [Thread-1073] INFO  server.BaseHttpServer (BaseHttpServer.java:updateConnectorAddress(215)) - HTTP server of HDDSDATANODE is listening at http://0.0.0.0:39110
2019-09-25 07:30:04,049 [Thread-1073] INFO  impl.MetricsSystemImpl (MetricsSystemImpl.java:init(158)) - HddsDatanode metrics system started (again)
2019-09-25 07:30:04,052 [Thread-1073] INFO  ozone.HddsDatanodeService (HddsDatanodeService.java:start(184)) - HddsDatanodeService host:pr-hdds-1569-x2sr2-3486766547 ip:192.168.151.106
2019-09-25 07:30:04,053 [org.apache.hadoop.util.JvmPauseMonitor$Monitor@33088d68] INFO  util.JvmPauseMonitor (JvmPauseMonitor.java:run(188)) - Starting JVM pause monitor
2019-09-25 07:30:04,055 [Datanode State Machine Thread - 0] INFO  datanode.InitDatanodeState (InitDatanodeState.java:persistContainerDatanodeDetails(140)) - DatanodeDetails is persisted to /workdir/hadoop-ozone/ozonefs/target/test-dir/MiniOzoneClusterImpl-57037ed3-0523-4bc8-ad5a-d167f12c453e/datanode-0/meta/datanode.id
2019-09-25 07:30:04,059 [Thread-1073] INFO  volume.HddsVolume (HddsVolume.java:<init>(176)) - Creating Volume: /workdir/hadoop-ozone/ozonefs/target/test-dir/MiniOzoneClusterImpl-57037ed3-0523-4bc8-ad5a-d167f12c453e/datanode-1/data/containers/hdds of  storage type : DISK and capacity : 1482555576320
2019-09-25 07:30:04,059 [Thread-1073] INFO  volume.VolumeSet (VolumeSet.java:initializeVolumeSet(170)) - Added Volume : /workdir/hadoop-ozone/ozonefs/target/test-dir/MiniOzoneClusterImpl-57037ed3-0523-4bc8-ad5a-d167f12c453e/datanode-1/data/containers/hdds to VolumeSet
2019-09-25 07:30:04,059 [Thread-1073] INFO  volume.ThrottledAsyncChecker (ThrottledAsyncChecker.java:schedule(139)) - Scheduling a check for org.apache.hadoop.ozone.container.common.volume.HddsVolume@774d08b7
2019-09-25 07:30:04,059 [Thread-1073] INFO  volume.HddsVolumeChecker (HddsVolumeChecker.java:checkAllVolumes(202)) - Scheduled health check for volume org.apache.hadoop.ozone.container.common.volume.HddsVolume@774d08b7
2019-09-25 07:30:04,079 [Thread-1073] INFO  impl.RaftServerProxy (ConfUtils.java:logGet(43)) - raft.rpc.type = GRPC (default)
2019-09-25 07:30:04,079 [Thread-1073] INFO  grpc.GrpcFactory (GrpcFactory.java:checkPooledByteBufAllocatorUseCacheForAllThreads(45)) - PERFORMANCE WARNING: useCacheForAllThreads is true that may cause Netty to create a lot garbage objects and, as a result, trigger GC.
	It is recommended to disable useCacheForAllThreads by setting -Dorg.apache.ratis.thirdparty.io.netty.allocator.useCacheForAllThreads=false in command line.
2019-09-25 07:30:04,079 [Thread-1073] INFO  grpc.GrpcConfigKeys$Server (ConfUtils.java:logGet(43)) - raft.grpc.server.port = 0 (default)
2019-09-25 07:30:04,079 [Thread-1073] INFO  server.GrpcService (ConfUtils.java:logGet(43)) - raft.grpc.message.size.max = 33570816 (custom)
2019-09-25 07:30:04,079 [Thread-1073] INFO  server.RaftServerConfigKeys (ConfUtils.java:logGet(43)) - raft.server.log.appender.buffer.byte-limit = 33554432 (custom)
2019-09-25 07:30:04,079 [Thread-1073] INFO  server.GrpcService (ConfUtils.java:logGet(43)) - raft.grpc.flow.control.window = 1MB (=1048576) (default)
2019-09-25 07:30:04,080 [Thread-1073] INFO  server.RaftServerConfigKeys (ConfUtils.java:logGet(43)) - raft.server.rpc.request.timeout = 3000ms (default)
2019-09-25 07:30:04,080 [Thread-1073] INFO  server.RaftServerConfigKeys (ConfUtils.java:logGet(43)) - raft.server.storage.dir = [/workdir/hadoop-ozone/ozonefs/target/test-dir/MiniOzoneClusterImpl-57037ed3-0523-4bc8-ad5a-d167f12c453e/datanode-1/data/ratis] (custom)
2019-09-25 07:30:04,081 [Thread-1073] INFO  hdfs.DFSUtil (DFSUtil.java:httpServerTemplateForNNAndJN(1641)) - Starting Web-server for hddsDatanode at: http://0.0.0.0:0
2019-09-25 07:30:04,082 [Thread-1073] INFO  server.AuthenticationFilter (AuthenticationFilter.java:constructSecretProvider(240)) - Unable to initialize FileSignerSecretProvider, falling back to use random secrets.
2019-09-25 07:30:04,083 [Thread-1073] WARN  http.HttpRequestLog (HttpRequestLog.java:getRequestLog(97)) - Jetty request log can only be enabled using Log4j
2019-09-25 07:30:04,084 [Thread-1073] INFO  http.HttpServer2 (HttpServer2.java:addGlobalFilter(975)) - Added global filter 'safety' (class=org.apache.hadoop.http.HttpServer2$QuotingInputFilter)
2019-09-25 07:30:04,084 [Thread-1073] INFO  http.HttpServer2 (HttpServer2.java:addFilter(948)) - Added filter static_user_filter (class=org.apache.hadoop.http.lib.StaticUserWebFilter$StaticUserFilter) to context hddsDatanode
2019-09-25 07:30:04,084 [Thread-1073] INFO  http.HttpServer2 (HttpServer2.java:addFilter(958)) - Added filter static_user_filter (class=org.apache.hadoop.http.lib.StaticUserWebFilter$StaticUserFilter) to context static
2019-09-25 07:30:04,084 [Thread-1073] INFO  http.HttpServer2 (HttpServer2.java:addFilter(958)) - Added filter static_user_filter (class=org.apache.hadoop.http.lib.StaticUserWebFilter$StaticUserFilter) to context logs
2019-09-25 07:30:04,085 [Thread-1073] INFO  http.HttpServer2 (HttpServer2.java:bindListener(1191)) - Jetty bound to port 42389
2019-09-25 07:30:04,085 [Thread-1073] INFO  server.Server (Server.java:doStart(351)) - jetty-9.3.25.v20180904, build timestamp: 2018-09-04T21:11:46Z, git hash: 3ce520221d0240229c862b122d2b06c12a625732
2019-09-25 07:30:04,087 [Thread-1073] INFO  handler.ContextHandler (ContextHandler.java:doStart(781)) - Started o.e.j.s.ServletContextHandler@224a9a9e{/logs,file:///workdir/hadoop-ozone/ozonefs/target/log,AVAILABLE}
2019-09-25 07:30:04,087 [Thread-1073] INFO  handler.ContextHandler (ContextHandler.java:doStart(781)) - Started o.e.j.s.ServletContextHandler@58ed58c{/static,jar:file:/home/user/.m2/repository/org/apache/hadoop/hadoop-hdds-container-service/0.5.0-SNAPSHOT/hadoop-hdds-container-service-0.5.0-SNAPSHOT.jar!/webapps/static,AVAILABLE}
2019-09-25 07:30:04,113 [Thread-1073] INFO  handler.ContextHandler (ContextHandler.java:doStart(781)) - Started o.e.j.w.WebAppContext@bf9f94d{/,file:///tmp/jetty-0.0.0.0-42389-hddsDatanode-_-any-9078506617834157785.dir/webapp/,AVAILABLE}{/hddsDatanode}
2019-09-25 07:30:04,114 [Thread-1073] INFO  server.AbstractConnector (AbstractConnector.java:doStart(278)) - Started ServerConnector@6ed8b9c0{HTTP/1.1,[http/1.1]}{0.0.0.0:42389}
2019-09-25 07:30:04,115 [Thread-1073] INFO  server.Server (Server.java:doStart(419)) - Started @76786ms
2019-09-25 07:30:04,115 [Thread-1073] WARN  impl.MetricsSystemImpl (MetricsSystemImpl.java:register(276)) - Sink prometheus already exists!
2019-09-25 07:30:04,116 [Thread-1073] INFO  server.BaseHttpServer (BaseHttpServer.java:updateConnectorAddress(215)) - HTTP server of HDDSDATANODE is listening at http://0.0.0.0:42389
2019-09-25 07:30:04,116 [Thread-1073] INFO  impl.MetricsSystemImpl (MetricsSystemImpl.java:init(158)) - HddsDatanode metrics system started (again)
2019-09-25 07:30:04,119 [Thread-1073] INFO  ozone.HddsDatanodeService (HddsDatanodeService.java:start(184)) - HddsDatanodeService host:pr-hdds-1569-x2sr2-3486766547 ip:192.168.151.106
2019-09-25 07:30:04,120 [org.apache.hadoop.util.JvmPauseMonitor$Monitor@34b54904] INFO  util.JvmPauseMonitor (JvmPauseMonitor.java:run(188)) - Starting JVM pause monitor
2019-09-25 07:30:04,122 [Datanode State Machine Thread - 0] INFO  datanode.InitDatanodeState (InitDatanodeState.java:persistContainerDatanodeDetails(140)) - DatanodeDetails is persisted to /workdir/hadoop-ozone/ozonefs/target/test-dir/MiniOzoneClusterImpl-57037ed3-0523-4bc8-ad5a-d167f12c453e/datanode-1/meta/datanode.id
2019-09-25 07:30:04,128 [Thread-1073] INFO  volume.HddsVolume (HddsVolume.java:<init>(176)) - Creating Volume: /workdir/hadoop-ozone/ozonefs/target/test-dir/MiniOzoneClusterImpl-57037ed3-0523-4bc8-ad5a-d167f12c453e/datanode-2/data/containers/hdds of  storage type : DISK and capacity : 1482555576320
2019-09-25 07:30:04,128 [Thread-1073] INFO  volume.VolumeSet (VolumeSet.java:initializeVolumeSet(170)) - Added Volume : /workdir/hadoop-ozone/ozonefs/target/test-dir/MiniOzoneClusterImpl-57037ed3-0523-4bc8-ad5a-d167f12c453e/datanode-2/data/containers/hdds to VolumeSet
2019-09-25 07:30:04,129 [Thread-1073] INFO  volume.ThrottledAsyncChecker (ThrottledAsyncChecker.java:schedule(139)) - Scheduling a check for org.apache.hadoop.ozone.container.common.volume.HddsVolume@160b3d6
2019-09-25 07:30:04,129 [Thread-1073] INFO  volume.HddsVolumeChecker (HddsVolumeChecker.java:checkAllVolumes(202)) - Scheduled health check for volume org.apache.hadoop.ozone.container.common.volume.HddsVolume@160b3d6
2019-09-25 07:30:04,146 [Thread-1073] INFO  impl.RaftServerProxy (ConfUtils.java:logGet(43)) - raft.rpc.type = GRPC (default)
2019-09-25 07:30:04,146 [Thread-1073] INFO  grpc.GrpcFactory (GrpcFactory.java:checkPooledByteBufAllocatorUseCacheForAllThreads(45)) - PERFORMANCE WARNING: useCacheForAllThreads is true that may cause Netty to create a lot garbage objects and, as a result, trigger GC.
	It is recommended to disable useCacheForAllThreads by setting -Dorg.apache.ratis.thirdparty.io.netty.allocator.useCacheForAllThreads=false in command line.
2019-09-25 07:30:04,146 [Thread-1073] INFO  grpc.GrpcConfigKeys$Server (ConfUtils.java:logGet(43)) - raft.grpc.server.port = 0 (default)
2019-09-25 07:30:04,146 [Thread-1073] INFO  server.GrpcService (ConfUtils.java:logGet(43)) - raft.grpc.message.size.max = 33570816 (custom)
2019-09-25 07:30:04,146 [Thread-1073] INFO  server.RaftServerConfigKeys (ConfUtils.java:logGet(43)) - raft.server.log.appender.buffer.byte-limit = 33554432 (custom)
2019-09-25 07:30:04,146 [Thread-1073] INFO  server.GrpcService (ConfUtils.java:logGet(43)) - raft.grpc.flow.control.window = 1MB (=1048576) (default)
2019-09-25 07:30:04,147 [Thread-1073] INFO  server.RaftServerConfigKeys (ConfUtils.java:logGet(43)) - raft.server.rpc.request.timeout = 3000ms (default)
2019-09-25 07:30:04,147 [Thread-1073] INFO  server.RaftServerConfigKeys (ConfUtils.java:logGet(43)) - raft.server.storage.dir = [/workdir/hadoop-ozone/ozonefs/target/test-dir/MiniOzoneClusterImpl-57037ed3-0523-4bc8-ad5a-d167f12c453e/datanode-2/data/ratis] (custom)
2019-09-25 07:30:04,148 [Thread-1073] INFO  hdfs.DFSUtil (DFSUtil.java:httpServerTemplateForNNAndJN(1641)) - Starting Web-server for hddsDatanode at: http://0.0.0.0:0
2019-09-25 07:30:04,149 [Thread-1073] INFO  server.AuthenticationFilter (AuthenticationFilter.java:constructSecretProvider(240)) - Unable to initialize FileSignerSecretProvider, falling back to use random secrets.
2019-09-25 07:30:04,149 [Thread-1073] WARN  http.HttpRequestLog (HttpRequestLog.java:getRequestLog(97)) - Jetty request log can only be enabled using Log4j
2019-09-25 07:30:04,151 [Thread-1073] INFO  http.HttpServer2 (HttpServer2.java:addGlobalFilter(975)) - Added global filter 'safety' (class=org.apache.hadoop.http.HttpServer2$QuotingInputFilter)
2019-09-25 07:30:04,151 [Thread-1073] INFO  http.HttpServer2 (HttpServer2.java:addFilter(948)) - Added filter static_user_filter (class=org.apache.hadoop.http.lib.StaticUserWebFilter$StaticUserFilter) to context hddsDatanode
2019-09-25 07:30:04,151 [Thread-1073] INFO  http.HttpServer2 (HttpServer2.java:addFilter(958)) - Added filter static_user_filter (class=org.apache.hadoop.http.lib.StaticUserWebFilter$StaticUserFilter) to context static
2019-09-25 07:30:04,151 [Thread-1073] INFO  http.HttpServer2 (HttpServer2.java:addFilter(958)) - Added filter static_user_filter (class=org.apache.hadoop.http.lib.StaticUserWebFilter$StaticUserFilter) to context logs
2019-09-25 07:30:04,152 [Thread-1073] INFO  http.HttpServer2 (HttpServer2.java:bindListener(1191)) - Jetty bound to port 46863
2019-09-25 07:30:04,152 [Thread-1073] INFO  server.Server (Server.java:doStart(351)) - jetty-9.3.25.v20180904, build timestamp: 2018-09-04T21:11:46Z, git hash: 3ce520221d0240229c862b122d2b06c12a625732
2019-09-25 07:30:04,153 [Thread-1073] INFO  handler.ContextHandler (ContextHandler.java:doStart(781)) - Started o.e.j.s.ServletContextHandler@6903c33d{/logs,file:///workdir/hadoop-ozone/ozonefs/target/log,AVAILABLE}
2019-09-25 07:30:04,154 [Thread-1073] INFO  handler.ContextHandler (ContextHandler.java:doStart(781)) - Started o.e.j.s.ServletContextHandler@6962b91b{/static,jar:file:/home/user/.m2/repository/org/apache/hadoop/hadoop-hdds-container-service/0.5.0-SNAPSHOT/hadoop-hdds-container-service-0.5.0-SNAPSHOT.jar!/webapps/static,AVAILABLE}
2019-09-25 07:30:04,180 [Thread-1073] INFO  handler.ContextHandler (ContextHandler.java:doStart(781)) - Started o.e.j.w.WebAppContext@7a952e76{/,file:///tmp/jetty-0.0.0.0-46863-hddsDatanode-_-any-3348203577161900662.dir/webapp/,AVAILABLE}{/hddsDatanode}
2019-09-25 07:30:04,180 [Thread-1073] INFO  server.AbstractConnector (AbstractConnector.java:doStart(278)) - Started ServerConnector@6478428b{HTTP/1.1,[http/1.1]}{0.0.0.0:46863}
2019-09-25 07:30:04,181 [Thread-1073] INFO  server.Server (Server.java:doStart(419)) - Started @76852ms
2019-09-25 07:30:04,182 [Thread-1073] WARN  impl.MetricsSystemImpl (MetricsSystemImpl.java:register(276)) - Sink prometheus already exists!
2019-09-25 07:30:04,182 [Thread-1073] INFO  server.BaseHttpServer (BaseHttpServer.java:updateConnectorAddress(215)) - HTTP server of HDDSDATANODE is listening at http://0.0.0.0:46863
2019-09-25 07:30:04,182 [Thread-1073] INFO  ozone.MiniOzoneClusterImpl (MiniOzoneClusterImpl.java:lambda$waitForClusterToBeReady$0(147)) - Waiting for cluster to be ready. Got 0 of 3 DN Heartbeats.
2019-09-25 07:30:04,184 [org.apache.hadoop.util.JvmPauseMonitor$Monitor@12d15a8c] INFO  util.JvmPauseMonitor (JvmPauseMonitor.java:run(188)) - Starting JVM pause monitor
2019-09-25 07:30:04,186 [Datanode State Machine Thread - 0] INFO  datanode.InitDatanodeState (InitDatanodeState.java:persistContainerDatanodeDetails(140)) - DatanodeDetails is persisted to /workdir/hadoop-ozone/ozonefs/target/test-dir/MiniOzoneClusterImpl-57037ed3-0523-4bc8-ad5a-d167f12c453e/datanode-2/meta/datanode.id
2019-09-25 07:30:05,183 [Thread-1073] INFO  ozone.MiniOzoneClusterImpl (MiniOzoneClusterImpl.java:lambda$waitForClusterToBeReady$0(147)) - Waiting for cluster to be ready. Got 0 of 3 DN Heartbeats.
2019-09-25 07:30:06,111 [Datanode State Machine Thread - 0] INFO  ozoneimpl.OzoneContainer (OzoneContainer.java:start(217)) - Attempting to start container services.
2019-09-25 07:30:06,111 [Datanode State Machine Thread - 0] INFO  ozoneimpl.OzoneContainer (OzoneContainer.java:startContainerScrub(179)) - Background container scanner has been disabled.
2019-09-25 07:30:06,111 [Datanode State Machine Thread - 0] INFO  ratis.XceiverServerRatis (XceiverServerRatis.java:start(411)) - Starting XceiverServerRatis 09afdf22-db9f-48fb-806c-c28d48031caf at port 0
2019-09-25 07:30:06,119 [Datanode State Machine Thread - 0] INFO  impl.RaftServerProxy (RaftServerProxy.java:lambda$start$3(299)) - 09afdf22-db9f-48fb-806c-c28d48031caf: start RPC server
2019-09-25 07:30:06,123 [Datanode State Machine Thread - 0] INFO  server.GrpcService (GrpcService.java:startImpl(158)) - 09afdf22-db9f-48fb-806c-c28d48031caf: GrpcService started, listening on 0.0.0.0/0.0.0.0:43048
2019-09-25 07:30:06,123 [Datanode State Machine Thread - 0] INFO  ratis.XceiverServerRatis (XceiverServerRatis.java:start(421)) - XceiverServerRatis 09afdf22-db9f-48fb-806c-c28d48031caf is started using port 43048
2019-09-25 07:30:06,124 [Datanode State Machine Thread - 0] INFO  server.XceiverServerGrpc (XceiverServerGrpc.java:start(149)) - XceiverServerGrpc 09afdf22-db9f-48fb-806c-c28d48031caf is started using port 41768
2019-09-25 07:30:06,137 [Datanode State Machine Thread - 0] INFO  ozoneimpl.OzoneContainer (OzoneContainer.java:start(217)) - Attempting to start container services.
2019-09-25 07:30:06,137 [Datanode State Machine Thread - 0] INFO  ozoneimpl.OzoneContainer (OzoneContainer.java:startContainerScrub(179)) - Background container scanner has been disabled.
2019-09-25 07:30:06,137 [Datanode State Machine Thread - 0] INFO  ratis.XceiverServerRatis (XceiverServerRatis.java:start(411)) - Starting XceiverServerRatis 1a823cc7-99a6-4d64-9e33-d8d28813a5c6 at port 0
2019-09-25 07:30:06,144 [Datanode State Machine Thread - 0] INFO  impl.RaftServerProxy (RaftServerProxy.java:lambda$start$3(299)) - 1a823cc7-99a6-4d64-9e33-d8d28813a5c6: start RPC server
2019-09-25 07:30:06,147 [Datanode State Machine Thread - 0] INFO  server.GrpcService (GrpcService.java:startImpl(158)) - 1a823cc7-99a6-4d64-9e33-d8d28813a5c6: GrpcService started, listening on 0.0.0.0/0.0.0.0:35382
2019-09-25 07:30:06,147 [Datanode State Machine Thread - 0] INFO  ratis.XceiverServerRatis (XceiverServerRatis.java:start(421)) - XceiverServerRatis 1a823cc7-99a6-4d64-9e33-d8d28813a5c6 is started using port 35382
2019-09-25 07:30:06,148 [Datanode State Machine Thread - 0] INFO  server.XceiverServerGrpc (XceiverServerGrpc.java:start(149)) - XceiverServerGrpc 1a823cc7-99a6-4d64-9e33-d8d28813a5c6 is started using port 36552
2019-09-25 07:30:06,183 [Thread-1073] INFO  ozone.MiniOzoneClusterImpl (MiniOzoneClusterImpl.java:lambda$waitForClusterToBeReady$0(147)) - Waiting for cluster to be ready. Got 0 of 3 DN Heartbeats.
2019-09-25 07:30:06,207 [Datanode State Machine Thread - 0] INFO  ozoneimpl.OzoneContainer (OzoneContainer.java:start(217)) - Attempting to start container services.
2019-09-25 07:30:06,207 [Datanode State Machine Thread - 0] INFO  ozoneimpl.OzoneContainer (OzoneContainer.java:startContainerScrub(179)) - Background container scanner has been disabled.
2019-09-25 07:30:06,207 [Datanode State Machine Thread - 0] INFO  ratis.XceiverServerRatis (XceiverServerRatis.java:start(411)) - Starting XceiverServerRatis 8bae43e0-2827-4c89-a874-0343706896c0 at port 0
2019-09-25 07:30:06,214 [Datanode State Machine Thread - 0] INFO  impl.RaftServerProxy (RaftServerProxy.java:lambda$start$3(299)) - 8bae43e0-2827-4c89-a874-0343706896c0: start RPC server
2019-09-25 07:30:06,217 [Datanode State Machine Thread - 0] INFO  server.GrpcService (GrpcService.java:startImpl(158)) - 8bae43e0-2827-4c89-a874-0343706896c0: GrpcService started, listening on 0.0.0.0/0.0.0.0:42902
2019-09-25 07:30:06,217 [Datanode State Machine Thread - 0] INFO  ratis.XceiverServerRatis (XceiverServerRatis.java:start(421)) - XceiverServerRatis 8bae43e0-2827-4c89-a874-0343706896c0 is started using port 42902
2019-09-25 07:30:06,220 [Datanode State Machine Thread - 0] INFO  server.XceiverServerGrpc (XceiverServerGrpc.java:start(149)) - XceiverServerGrpc 8bae43e0-2827-4c89-a874-0343706896c0 is started using port 40308
2019-09-25 07:30:07,184 [Thread-1073] INFO  ozone.MiniOzoneClusterImpl (MiniOzoneClusterImpl.java:lambda$waitForClusterToBeReady$0(147)) - Waiting for cluster to be ready. Got 0 of 3 DN Heartbeats.
2019-09-25 07:30:08,056 [IPC Server handler 0 on 40245] INFO  net.NetworkTopology (NetworkTopologyImpl.java:add(111)) - Added a new node: /default-rack/09afdf22-db9f-48fb-806c-c28d48031caf
2019-09-25 07:30:08,059 [IPC Server handler 0 on 40245] INFO  node.SCMNodeManager (SCMNodeManager.java:register(266)) - Registered Data node : 09afdf22-db9f-48fb-806c-c28d48031caf{ip: 192.168.151.106, host: pr-hdds-1569-x2sr2-3486766547, networkLocation: /default-rack, certSerialId: null}
2019-09-25 07:30:08,060 [EventQueue-NodeRegistrationContainerReportForDataNodeSafeModeRule] INFO  safemode.SCMSafeModeManager (DataNodeSafeModeRule.java:process(71)) - SCM in safe mode. 1 DataNodes registered, 1 required.
2019-09-25 07:30:08,062 [EventQueue-NodeRegistrationContainerReportForDataNodeSafeModeRule] INFO  safemode.SCMSafeModeManager (SCMSafeModeManager.java:validateSafeModeExitRules(177)) - ScmSafeModeManager, all rules are successfully validated
2019-09-25 07:30:08,062 [EventQueue-NodeRegistrationContainerReportForDataNodeSafeModeRule] INFO  safemode.SCMSafeModeManager (SCMSafeModeManager.java:exitSafeMode(193)) - SCM exiting safe mode.
2019-09-25 07:30:08,074 [grpc-default-executor-0] INFO  impl.RaftServerProxy (RaftServerProxy.java:addNew(89)) - 09afdf22-db9f-48fb-806c-c28d48031caf: addNew group-C733043331FA:[09afdf22-db9f-48fb-806c-c28d48031caf:192.168.151.106:43048] returns group-C733043331FA:java.util.concurrent.CompletableFuture@1802701[Not completed]
2019-09-25 07:30:08,075 [pool-227-thread-1] INFO  impl.RaftServerImpl (RaftServerImpl.java:<init>(95)) - 09afdf22-db9f-48fb-806c-c28d48031caf: new RaftServerImpl for group-C733043331FA:[09afdf22-db9f-48fb-806c-c28d48031caf:192.168.151.106:43048] with ContainerStateMachine:uninitialized
2019-09-25 07:30:08,076 [pool-227-thread-1] INFO  server.RaftServerConfigKeys (ConfUtils.java:logGet(43)) - raft.server.rpc.timeout.min = 5s (custom)
2019-09-25 07:30:08,076 [pool-227-thread-1] INFO  server.RaftServerConfigKeys (ConfUtils.java:logGet(43)) - raft.server.rpc.timeout.max = 5200ms (custom)
2019-09-25 07:30:08,076 [pool-227-thread-1] INFO  server.RaftServerConfigKeys (ConfUtils.java:logGet(43)) - raft.server.rpcslowness.timeout = 120s (custom)
2019-09-25 07:30:08,076 [pool-227-thread-1] INFO  server.RaftServerConfigKeys (ConfUtils.java:logGet(43)) - raft.server.sleep.deviation.threshold = 300 (default)
2019-09-25 07:30:08,076 [pool-227-thread-1] INFO  server.RaftServerConfigKeys (ConfUtils.java:logGet(43)) - raft.server.log.appender.install.snapshot.enabled = false (custom)
2019-09-25 07:30:08,076 [pool-227-thread-1] INFO  impl.RaftServerImpl (ServerState.java:<init>(103)) - 09afdf22-db9f-48fb-806c-c28d48031caf@group-C733043331FA: ConfigurationManager, init=-1: [09afdf22-db9f-48fb-806c-c28d48031caf:192.168.151.106:43048], old=null, confs=<EMPTY_MAP>
2019-09-25 07:30:08,077 [pool-227-thread-1] INFO  server.RaftServerConfigKeys (ConfUtils.java:logGet(43)) - raft.server.storage.dir = [/workdir/hadoop-ozone/ozonefs/target/test-dir/MiniOzoneClusterImpl-57037ed3-0523-4bc8-ad5a-d167f12c453e/datanode-0/data/ratis] (custom)
2019-09-25 07:30:08,077 [pool-227-thread-1] INFO  storage.RaftStorageDirectory (RaftStorageDirectory.java:analyzeStorage(246)) - The storage directory /workdir/hadoop-ozone/ozonefs/target/test-dir/MiniOzoneClusterImpl-57037ed3-0523-4bc8-ad5a-d167f12c453e/datanode-0/data/ratis/8258445d-70c4-424e-b34a-c733043331fa does not exist. Creating ...
2019-09-25 07:30:08,113 [pool-227-thread-1] INFO  storage.RaftStorageDirectory (RaftStorageDirectory.java:tryLock(328)) - Lock on /workdir/hadoop-ozone/ozonefs/target/test-dir/MiniOzoneClusterImpl-57037ed3-0523-4bc8-ad5a-d167f12c453e/datanode-0/data/ratis/8258445d-70c4-424e-b34a-c733043331fa/in_use.lock acquired by nodename 17738@pr-hdds-1569-x2sr2-3486766547
2019-09-25 07:30:08,121 [IPC Server handler 2 on 40245] INFO  net.NetworkTopology (NetworkTopologyImpl.java:add(111)) - Added a new node: /default-rack/1a823cc7-99a6-4d64-9e33-d8d28813a5c6
2019-09-25 07:30:08,121 [IPC Server handler 2 on 40245] INFO  node.SCMNodeManager (SCMNodeManager.java:register(266)) - Registered Data node : 1a823cc7-99a6-4d64-9e33-d8d28813a5c6{ip: 192.168.151.106, host: pr-hdds-1569-x2sr2-3486766547, networkLocation: /default-rack, certSerialId: null}
2019-09-25 07:30:08,140 [pool-227-thread-1] INFO  storage.RaftStorage (RaftStorage.java:format(72)) - Storage directory /workdir/hadoop-ozone/ozonefs/target/test-dir/MiniOzoneClusterImpl-57037ed3-0523-4bc8-ad5a-d167f12c453e/datanode-0/data/ratis/8258445d-70c4-424e-b34a-c733043331fa has been successfully formatted.
2019-09-25 07:30:08,140 [pool-227-thread-1] INFO  ratis.ContainerStateMachine (ContainerStateMachine.java:loadSnapshot(230)) - group-C733043331FA: The snapshot info is null. Setting the last applied indexto:(t:0, i:~)
2019-09-25 07:30:08,140 [pool-227-thread-1] INFO  server.RaftServerConfigKeys (ConfUtils.java:logGet(43)) - raft.server.notification.no-leader.timeout = 120s (custom)
2019-09-25 07:30:08,140 [pool-227-thread-1] INFO  server.RaftServerConfigKeys (ConfUtils.java:logGet(43)) - raft.server.log.use.memory = false (default)
2019-09-25 07:30:08,141 [pool-227-thread-1] INFO  server.RaftServerConfigKeys (ConfUtils.java:logGet(43)) - raft.server.log.purge.gap = 1000000 (custom)
2019-09-25 07:30:08,141 [pool-227-thread-1] INFO  server.RaftServerConfigKeys (ConfUtils.java:logGet(43)) - raft.server.log.appender.buffer.byte-limit = 33554432 (custom)
2019-09-25 07:30:08,141 [pool-227-thread-1] INFO  server.RaftServerConfigKeys (ConfUtils.java:logGet(43)) - raft.server.log.segment.size.max = 1048576 (custom)
2019-09-25 07:30:08,141 [pool-227-thread-1] INFO  server.RaftServerConfigKeys (ConfUtils.java:logGet(43)) - raft.server.log.segment.cache.num.max = 2 (custom)
2019-09-25 07:30:08,141 [pool-227-thread-1] INFO  segmented.SegmentedRaftLogWorker (SegmentedRaftLogWorker.java:<init>(172)) - new 09afdf22-db9f-48fb-806c-c28d48031caf@group-C733043331FA-SegmentedRaftLogWorker for RaftStorage:Storage Directory /workdir/hadoop-ozone/ozonefs/target/test-dir/MiniOzoneClusterImpl-57037ed3-0523-4bc8-ad5a-d167f12c453e/datanode-0/data/ratis/8258445d-70c4-424e-b34a-c733043331fa
2019-09-25 07:30:08,143 [pool-227-thread-1] INFO  server.RaftServerConfigKeys (ConfUtils.java:logGet(43)) - raft.server.log.queue.byte-limit = 2147483647 (custom)
2019-09-25 07:30:08,143 [pool-227-thread-1] INFO  server.RaftServerConfigKeys (ConfUtils.java:logGet(43)) - raft.server.log.queue.element-limit = 1024 (custom)
2019-09-25 07:30:08,144 [pool-227-thread-1] INFO  server.RaftServerConfigKeys (ConfUtils.java:logGet(43)) - raft.server.log.segment.size.max = 1048576 (custom)
2019-09-25 07:30:08,144 [pool-227-thread-1] INFO  server.RaftServerConfigKeys (ConfUtils.java:logGet(43)) - raft.server.log.preallocated.size = 16384 (custom)
2019-09-25 07:30:08,144 [pool-227-thread-1] INFO  server.RaftServerConfigKeys (ConfUtils.java:logGet(43)) - raft.server.log.write.buffer.size = 33554432 (custom)
2019-09-25 07:30:08,144 [pool-227-thread-1] INFO  server.RaftServerConfigKeys (ConfUtils.java:logGet(43)) - raft.server.log.force.sync.num = 128 (default)
2019-09-25 07:30:08,144 [pool-227-thread-1] INFO  server.RaftServerConfigKeys (ConfUtils.java:logGet(43)) - raft.server.log.statemachine.data.sync = true (default)
2019-09-25 07:30:08,144 [pool-227-thread-1] INFO  server.RaftServerConfigKeys (ConfUtils.java:logGet(43)) - raft.server.log.statemachine.data.sync.timeout = 10s (default)
2019-09-25 07:30:08,145 [pool-227-thread-1] INFO  server.RaftServerConfigKeys (ConfUtils.java:logGet(43)) - raft.server.log.statemachine.data.sync.timeout.retry = -1 (default)
2019-09-25 07:30:08,145 [pool-227-thread-1] INFO  server.RaftServerConfigKeys (ConfUtils.java:logGet(43)) - raft.server.log.statemachine.data.caching.enabled = true (custom)
2019-09-25 07:30:08,145 [pool-227-thread-1] INFO  segmented.SegmentedRaftLogWorker (SegmentedRaftLogWorker.java:lambda$new$0(132)) - 09afdf22-db9f-48fb-806c-c28d48031caf@group-C733043331FA-SegmentedRaftLogWorker: flushIndex: setUnconditionally 0 -> -1
2019-09-25 07:30:08,146 [pool-227-thread-1] INFO  server.RaftServerConfigKeys (ConfUtils.java:logGet(43)) - raft.server.snapshot.auto.trigger.enabled = true (custom)
2019-09-25 07:30:08,146 [pool-227-thread-1] INFO  server.RaftServerConfigKeys (ConfUtils.java:logGet(43)) - raft.server.snapshot.auto.trigger.threshold = 10000 (custom)
2019-09-25 07:30:08,146 [pool-227-thread-1] INFO  server.RaftServerConfigKeys (ConfUtils.java:logGet(43)) - raft.server.snapshot.retention.num.files = 5 (custom)
2019-09-25 07:30:08,146 [pool-227-thread-1] INFO  server.RaftServerConfigKeys (ConfUtils.java:logGet(43)) - raft.server.retrycache.expirytime = 600000ms (custom)
2019-09-25 07:30:08,148 [pool-227-thread-1] INFO  impl.RaftServerImpl (RaftServerImpl.java:start(185)) - 09afdf22-db9f-48fb-806c-c28d48031caf@group-C733043331FA: start as a follower, conf=-1: [09afdf22-db9f-48fb-806c-c28d48031caf:192.168.151.106:43048], old=null
2019-09-25 07:30:08,148 [pool-227-thread-1] INFO  impl.RaftServerImpl (RaftServerImpl.java:setRole(174)) - 09afdf22-db9f-48fb-806c-c28d48031caf@group-C733043331FA: changes role from      null to FOLLOWER at term 0 for startAsFollower
2019-09-25 07:30:08,148 [pool-227-thread-1] INFO  impl.RoleInfo (RoleInfo.java:updateAndGet(143)) - 09afdf22-db9f-48fb-806c-c28d48031caf: start FollowerState
2019-09-25 07:30:08,149 [pool-227-thread-1] INFO  util.JmxRegister (JmxRegister.java:tryRegister(44)) - Successfully registered JMX Bean with object name Ratis:service=RaftServer,group=group-C733043331FA,id=09afdf22-db9f-48fb-806c-c28d48031caf
2019-09-25 07:30:08,152 [RatisPipelineUtilsThread] INFO  pipeline.PipelineStateManager (PipelineStateManager.java:addPipeline(56)) - Created pipeline Pipeline[ Id: 8258445d-70c4-424e-b34a-c733043331fa, Nodes: 09afdf22-db9f-48fb-806c-c28d48031caf{ip: 192.168.151.106, host: pr-hdds-1569-x2sr2-3486766547, networkLocation: /default-rack, certSerialId: null}, Type:RATIS, Factor:ONE, State:OPEN]
2019-09-25 07:30:08,160 [grpc-default-executor-0] INFO  impl.RaftServerProxy (RaftServerProxy.java:addNew(89)) - 1a823cc7-99a6-4d64-9e33-d8d28813a5c6: addNew group-7A9473D4008F:[1a823cc7-99a6-4d64-9e33-d8d28813a5c6:192.168.151.106:35382] returns group-7A9473D4008F:java.util.concurrent.CompletableFuture@61175342[Not completed]
2019-09-25 07:30:08,161 [pool-237-thread-1] INFO  impl.RaftServerImpl (RaftServerImpl.java:<init>(95)) - 1a823cc7-99a6-4d64-9e33-d8d28813a5c6: new RaftServerImpl for group-7A9473D4008F:[1a823cc7-99a6-4d64-9e33-d8d28813a5c6:192.168.151.106:35382] with ContainerStateMachine:uninitialized
2019-09-25 07:30:08,161 [pool-237-thread-1] INFO  server.RaftServerConfigKeys (ConfUtils.java:logGet(43)) - raft.server.rpc.timeout.min = 5s (custom)
2019-09-25 07:30:08,161 [pool-237-thread-1] INFO  server.RaftServerConfigKeys (ConfUtils.java:logGet(43)) - raft.server.rpc.timeout.max = 5200ms (custom)
2019-09-25 07:30:08,162 [pool-237-thread-1] INFO  server.RaftServerConfigKeys (ConfUtils.java:logGet(43)) - raft.server.rpcslowness.timeout = 120s (custom)
2019-09-25 07:30:08,162 [pool-237-thread-1] INFO  server.RaftServerConfigKeys (ConfUtils.java:logGet(43)) - raft.server.sleep.deviation.threshold = 300 (default)
2019-09-25 07:30:08,162 [pool-237-thread-1] INFO  server.RaftServerConfigKeys (ConfUtils.java:logGet(43)) - raft.server.log.appender.install.snapshot.enabled = false (custom)
2019-09-25 07:30:08,162 [pool-237-thread-1] INFO  impl.RaftServerImpl (ServerState.java:<init>(103)) - 1a823cc7-99a6-4d64-9e33-d8d28813a5c6@group-7A9473D4008F: ConfigurationManager, init=-1: [1a823cc7-99a6-4d64-9e33-d8d28813a5c6:192.168.151.106:35382], old=null, confs=<EMPTY_MAP>
2019-09-25 07:30:08,162 [pool-237-thread-1] INFO  server.RaftServerConfigKeys (ConfUtils.java:logGet(43)) - raft.server.storage.dir = [/workdir/hadoop-ozone/ozonefs/target/test-dir/MiniOzoneClusterImpl-57037ed3-0523-4bc8-ad5a-d167f12c453e/datanode-1/data/ratis] (custom)
2019-09-25 07:30:08,163 [pool-237-thread-1] INFO  storage.RaftStorageDirectory (RaftStorageDirectory.java:analyzeStorage(246)) - The storage directory /workdir/hadoop-ozone/ozonefs/target/test-dir/MiniOzoneClusterImpl-57037ed3-0523-4bc8-ad5a-d167f12c453e/datanode-1/data/ratis/2e006884-72d5-44ea-b13f-7a9473d4008f does not exist. Creating ...
2019-09-25 07:30:08,184 [Thread-1073] INFO  ozone.MiniOzoneClusterImpl (MiniOzoneClusterImpl.java:lambda$waitForClusterToBeReady$0(147)) - Waiting for cluster to be ready. Got 2 of 3 DN Heartbeats.
2019-09-25 07:30:08,184 [IPC Server handler 1 on 40245] INFO  net.NetworkTopology (NetworkTopologyImpl.java:add(111)) - Added a new node: /default-rack/8bae43e0-2827-4c89-a874-0343706896c0
2019-09-25 07:30:08,185 [IPC Server handler 1 on 40245] INFO  node.SCMNodeManager (SCMNodeManager.java:register(266)) - Registered Data node : 8bae43e0-2827-4c89-a874-0343706896c0{ip: 192.168.151.106, host: pr-hdds-1569-x2sr2-3486766547, networkLocation: /default-rack, certSerialId: null}
2019-09-25 07:30:08,190 [pool-237-thread-1] INFO  storage.RaftStorageDirectory (RaftStorageDirectory.java:tryLock(328)) - Lock on /workdir/hadoop-ozone/ozonefs/target/test-dir/MiniOzoneClusterImpl-57037ed3-0523-4bc8-ad5a-d167f12c453e/datanode-1/data/ratis/2e006884-72d5-44ea-b13f-7a9473d4008f/in_use.lock acquired by nodename 17738@pr-hdds-1569-x2sr2-3486766547
2019-09-25 07:30:08,215 [pool-237-thread-1] INFO  storage.RaftStorage (RaftStorage.java:format(72)) - Storage directory /workdir/hadoop-ozone/ozonefs/target/test-dir/MiniOzoneClusterImpl-57037ed3-0523-4bc8-ad5a-d167f12c453e/datanode-1/data/ratis/2e006884-72d5-44ea-b13f-7a9473d4008f has been successfully formatted.
2019-09-25 07:30:08,216 [pool-237-thread-1] INFO  ratis.ContainerStateMachine (ContainerStateMachine.java:loadSnapshot(230)) - group-7A9473D4008F: The snapshot info is null. Setting the last applied indexto:(t:0, i:~)
2019-09-25 07:30:08,216 [pool-237-thread-1] INFO  server.RaftServerConfigKeys (ConfUtils.java:logGet(43)) - raft.server.notification.no-leader.timeout = 120s (custom)
2019-09-25 07:30:08,216 [pool-237-thread-1] INFO  server.RaftServerConfigKeys (ConfUtils.java:logGet(43)) - raft.server.log.use.memory = false (default)
2019-09-25 07:30:08,216 [pool-237-thread-1] INFO  server.RaftServerConfigKeys (ConfUtils.java:logGet(43)) - raft.server.log.purge.gap = 1000000 (custom)
2019-09-25 07:30:08,216 [pool-237-thread-1] INFO  server.RaftServerConfigKeys (ConfUtils.java:logGet(43)) - raft.server.log.appender.buffer.byte-limit = 33554432 (custom)
2019-09-25 07:30:08,217 [pool-237-thread-1] INFO  server.RaftServerConfigKeys (ConfUtils.java:logGet(43)) - raft.server.log.segment.size.max = 1048576 (custom)
2019-09-25 07:30:08,217 [pool-237-thread-1] INFO  server.RaftServerConfigKeys (ConfUtils.java:logGet(43)) - raft.server.log.segment.cache.num.max = 2 (custom)
2019-09-25 07:30:08,217 [pool-237-thread-1] INFO  segmented.SegmentedRaftLogWorker (SegmentedRaftLogWorker.java:<init>(172)) - new 1a823cc7-99a6-4d64-9e33-d8d28813a5c6@group-7A9473D4008F-SegmentedRaftLogWorker for RaftStorage:Storage Directory /workdir/hadoop-ozone/ozonefs/target/test-dir/MiniOzoneClusterImpl-57037ed3-0523-4bc8-ad5a-d167f12c453e/datanode-1/data/ratis/2e006884-72d5-44ea-b13f-7a9473d4008f
2019-09-25 07:30:08,218 [pool-237-thread-1] INFO  server.RaftServerConfigKeys (ConfUtils.java:logGet(43)) - raft.server.log.queue.byte-limit = 2147483647 (custom)
2019-09-25 07:30:08,218 [pool-237-thread-1] INFO  server.RaftServerConfigKeys (ConfUtils.java:logGet(43)) - raft.server.log.queue.element-limit = 1024 (custom)
2019-09-25 07:30:08,219 [pool-237-thread-1] INFO  server.RaftServerConfigKeys (ConfUtils.java:logGet(43)) - raft.server.log.segment.size.max = 1048576 (custom)
2019-09-25 07:30:08,219 [pool-237-thread-1] INFO  server.RaftServerConfigKeys (ConfUtils.java:logGet(43)) - raft.server.log.preallocated.size = 16384 (custom)
2019-09-25 07:30:08,219 [pool-237-thread-1] INFO  server.RaftServerConfigKeys (ConfUtils.java:logGet(43)) - raft.server.log.write.buffer.size = 33554432 (custom)
2019-09-25 07:30:08,219 [pool-237-thread-1] INFO  server.RaftServerConfigKeys (ConfUtils.java:logGet(43)) - raft.server.log.force.sync.num = 128 (default)
2019-09-25 07:30:08,219 [pool-237-thread-1] INFO  server.RaftServerConfigKeys (ConfUtils.java:logGet(43)) - raft.server.log.statemachine.data.sync = true (default)
2019-09-25 07:30:08,219 [pool-237-thread-1] INFO  server.RaftServerConfigKeys (ConfUtils.java:logGet(43)) - raft.server.log.statemachine.data.sync.timeout = 10s (default)
2019-09-25 07:30:08,220 [pool-237-thread-1] INFO  server.RaftServerConfigKeys (ConfUtils.java:logGet(43)) - raft.server.log.statemachine.data.sync.timeout.retry = -1 (default)
2019-09-25 07:30:08,220 [pool-237-thread-1] INFO  server.RaftServerConfigKeys (ConfUtils.java:logGet(43)) - raft.server.log.statemachine.data.caching.enabled = true (custom)
2019-09-25 07:30:08,220 [pool-237-thread-1] INFO  segmented.SegmentedRaftLogWorker (SegmentedRaftLogWorker.java:lambda$new$0(132)) - 1a823cc7-99a6-4d64-9e33-d8d28813a5c6@group-7A9473D4008F-SegmentedRaftLogWorker: flushIndex: setUnconditionally 0 -> -1
2019-09-25 07:30:08,221 [pool-237-thread-1] INFO  server.RaftServerConfigKeys (ConfUtils.java:logGet(43)) - raft.server.snapshot.auto.trigger.enabled = true (custom)
2019-09-25 07:30:08,221 [pool-237-thread-1] INFO  server.RaftServerConfigKeys (ConfUtils.java:logGet(43)) - raft.server.snapshot.auto.trigger.threshold = 10000 (custom)
2019-09-25 07:30:08,221 [pool-237-thread-1] INFO  server.RaftServerConfigKeys (ConfUtils.java:logGet(43)) - raft.server.snapshot.retention.num.files = 5 (custom)
2019-09-25 07:30:08,221 [pool-237-thread-1] INFO  server.RaftServerConfigKeys (ConfUtils.java:logGet(43)) - raft.server.retrycache.expirytime = 600000ms (custom)
2019-09-25 07:30:08,223 [pool-237-thread-1] INFO  impl.RaftServerImpl (RaftServerImpl.java:start(185)) - 1a823cc7-99a6-4d64-9e33-d8d28813a5c6@group-7A9473D4008F: start as a follower, conf=-1: [1a823cc7-99a6-4d64-9e33-d8d28813a5c6:192.168.151.106:35382], old=null
2019-09-25 07:30:08,223 [pool-237-thread-1] INFO  impl.RaftServerImpl (RaftServerImpl.java:setRole(174)) - 1a823cc7-99a6-4d64-9e33-d8d28813a5c6@group-7A9473D4008F: changes role from      null to FOLLOWER at term 0 for startAsFollower
2019-09-25 07:30:08,223 [pool-237-thread-1] INFO  impl.RoleInfo (RoleInfo.java:updateAndGet(143)) - 1a823cc7-99a6-4d64-9e33-d8d28813a5c6: start FollowerState
2019-09-25 07:30:08,223 [pool-237-thread-1] INFO  util.JmxRegister (JmxRegister.java:tryRegister(44)) - Successfully registered JMX Bean with object name Ratis:service=RaftServer,group=group-7A9473D4008F,id=1a823cc7-99a6-4d64-9e33-d8d28813a5c6
2019-09-25 07:30:08,226 [RatisPipelineUtilsThread] INFO  pipeline.PipelineStateManager (PipelineStateManager.java:addPipeline(56)) - Created pipeline Pipeline[ Id: 2e006884-72d5-44ea-b13f-7a9473d4008f, Nodes: 1a823cc7-99a6-4d64-9e33-d8d28813a5c6{ip: 192.168.151.106, host: pr-hdds-1569-x2sr2-3486766547, networkLocation: /default-rack, certSerialId: null}, Type:RATIS, Factor:ONE, State:OPEN]
2019-09-25 07:30:08,231 [grpc-default-executor-0] INFO  impl.RaftServerProxy (RaftServerProxy.java:addNew(89)) - 1a823cc7-99a6-4d64-9e33-d8d28813a5c6: addNew group-A65EC9884415:[1a823cc7-99a6-4d64-9e33-d8d28813a5c6:192.168.151.106:35382] returns group-A65EC9884415:java.util.concurrent.CompletableFuture@4fed7376[Not completed]
2019-09-25 07:30:08,232 [pool-237-thread-1] INFO  impl.RaftServerImpl (RaftServerImpl.java:<init>(95)) - 1a823cc7-99a6-4d64-9e33-d8d28813a5c6: new RaftServerImpl for group-A65EC9884415:[1a823cc7-99a6-4d64-9e33-d8d28813a5c6:192.168.151.106:35382] with ContainerStateMachine:uninitialized
2019-09-25 07:30:08,232 [pool-237-thread-1] INFO  server.RaftServerConfigKeys (ConfUtils.java:logGet(43)) - raft.server.rpc.timeout.min = 5s (custom)
2019-09-25 07:30:08,232 [pool-237-thread-1] INFO  server.RaftServerConfigKeys (ConfUtils.java:logGet(43)) - raft.server.rpc.timeout.max = 5200ms (custom)
2019-09-25 07:30:08,233 [pool-237-thread-1] INFO  server.RaftServerConfigKeys (ConfUtils.java:logGet(43)) - raft.server.rpcslowness.timeout = 120s (custom)
2019-09-25 07:30:08,233 [pool-237-thread-1] INFO  server.RaftServerConfigKeys (ConfUtils.java:logGet(43)) - raft.server.sleep.deviation.threshold = 300 (default)
2019-09-25 07:30:08,233 [pool-237-thread-1] INFO  server.RaftServerConfigKeys (ConfUtils.java:logGet(43)) - raft.server.log.appender.install.snapshot.enabled = false (custom)
2019-09-25 07:30:08,233 [pool-237-thread-1] INFO  impl.RaftServerImpl (ServerState.java:<init>(103)) - 1a823cc7-99a6-4d64-9e33-d8d28813a5c6@group-A65EC9884415: ConfigurationManager, init=-1: [1a823cc7-99a6-4d64-9e33-d8d28813a5c6:192.168.151.106:35382], old=null, confs=<EMPTY_MAP>
2019-09-25 07:30:08,233 [pool-237-thread-1] INFO  server.RaftServerConfigKeys (ConfUtils.java:logGet(43)) - raft.server.storage.dir = [/workdir/hadoop-ozone/ozonefs/target/test-dir/MiniOzoneClusterImpl-57037ed3-0523-4bc8-ad5a-d167f12c453e/datanode-1/data/ratis] (custom)
2019-09-25 07:30:08,233 [pool-237-thread-1] INFO  storage.RaftStorageDirectory (RaftStorageDirectory.java:analyzeStorage(246)) - The storage directory /workdir/hadoop-ozone/ozonefs/target/test-dir/MiniOzoneClusterImpl-57037ed3-0523-4bc8-ad5a-d167f12c453e/datanode-1/data/ratis/4c346d4c-f6a3-45db-8159-a65ec9884415 does not exist. Creating ...
2019-09-25 07:30:08,257 [pool-237-thread-1] INFO  storage.RaftStorageDirectory (RaftStorageDirectory.java:tryLock(328)) - Lock on /workdir/hadoop-ozone/ozonefs/target/test-dir/MiniOzoneClusterImpl-57037ed3-0523-4bc8-ad5a-d167f12c453e/datanode-1/data/ratis/4c346d4c-f6a3-45db-8159-a65ec9884415/in_use.lock acquired by nodename 17738@pr-hdds-1569-x2sr2-3486766547
2019-09-25 07:30:08,275 [pool-237-thread-1] INFO  storage.RaftStorage (RaftStorage.java:format(72)) - Storage directory /workdir/hadoop-ozone/ozonefs/target/test-dir/MiniOzoneClusterImpl-57037ed3-0523-4bc8-ad5a-d167f12c453e/datanode-1/data/ratis/4c346d4c-f6a3-45db-8159-a65ec9884415 has been successfully formatted.
2019-09-25 07:30:08,275 [pool-237-thread-1] INFO  ratis.ContainerStateMachine (ContainerStateMachine.java:loadSnapshot(230)) - group-A65EC9884415: The snapshot info is null. Setting the last applied indexto:(t:0, i:~)
2019-09-25 07:30:08,275 [pool-237-thread-1] INFO  server.RaftServerConfigKeys (ConfUtils.java:logGet(43)) - raft.server.notification.no-leader.timeout = 120s (custom)
2019-09-25 07:30:08,275 [pool-237-thread-1] INFO  server.RaftServerConfigKeys (ConfUtils.java:logGet(43)) - raft.server.log.use.memory = false (default)
2019-09-25 07:30:08,275 [pool-237-thread-1] INFO  server.RaftServerConfigKeys (ConfUtils.java:logGet(43)) - raft.server.log.purge.gap = 1000000 (custom)
2019-09-25 07:30:08,275 [pool-237-thread-1] INFO  server.RaftServerConfigKeys (ConfUtils.java:logGet(43)) - raft.server.log.appender.buffer.byte-limit = 33554432 (custom)
2019-09-25 07:30:08,275 [pool-237-thread-1] INFO  server.RaftServerConfigKeys (ConfUtils.java:logGet(43)) - raft.server.log.segment.size.max = 1048576 (custom)
2019-09-25 07:30:08,275 [pool-237-thread-1] INFO  server.RaftServerConfigKeys (ConfUtils.java:logGet(43)) - raft.server.log.segment.cache.num.max = 2 (custom)
2019-09-25 07:30:08,276 [pool-237-thread-1] INFO  segmented.SegmentedRaftLogWorker (SegmentedRaftLogWorker.java:<init>(172)) - new 1a823cc7-99a6-4d64-9e33-d8d28813a5c6@group-A65EC9884415-SegmentedRaftLogWorker for RaftStorage:Storage Directory /workdir/hadoop-ozone/ozonefs/target/test-dir/MiniOzoneClusterImpl-57037ed3-0523-4bc8-ad5a-d167f12c453e/datanode-1/data/ratis/4c346d4c-f6a3-45db-8159-a65ec9884415
2019-09-25 07:30:08,276 [pool-237-thread-1] INFO  server.RaftServerConfigKeys (ConfUtils.java:logGet(43)) - raft.server.log.queue.byte-limit = 2147483647 (custom)
2019-09-25 07:30:08,276 [pool-237-thread-1] INFO  server.RaftServerConfigKeys (ConfUtils.java:logGet(43)) - raft.server.log.queue.element-limit = 1024 (custom)
2019-09-25 07:30:08,276 [pool-237-thread-1] INFO  server.RaftServerConfigKeys (ConfUtils.java:logGet(43)) - raft.server.log.segment.size.max = 1048576 (custom)
2019-09-25 07:30:08,276 [pool-237-thread-1] INFO  server.RaftServerConfigKeys (ConfUtils.java:logGet(43)) - raft.server.log.preallocated.size = 16384 (custom)
2019-09-25 07:30:08,276 [pool-237-thread-1] INFO  server.RaftServerConfigKeys (ConfUtils.java:logGet(43)) - raft.server.log.write.buffer.size = 33554432 (custom)
2019-09-25 07:30:08,276 [pool-237-thread-1] INFO  server.RaftServerConfigKeys (ConfUtils.java:logGet(43)) - raft.server.log.force.sync.num = 128 (default)
2019-09-25 07:30:08,276 [pool-237-thread-1] INFO  server.RaftServerConfigKeys (ConfUtils.java:logGet(43)) - raft.server.log.statemachine.data.sync = true (default)
2019-09-25 07:30:08,276 [pool-237-thread-1] INFO  server.RaftServerConfigKeys (ConfUtils.java:logGet(43)) - raft.server.log.statemachine.data.sync.timeout = 10s (default)
2019-09-25 07:30:08,276 [pool-237-thread-1] INFO  server.RaftServerConfigKeys (ConfUtils.java:logGet(43)) - raft.server.log.statemachine.data.sync.timeout.retry = -1 (default)
2019-09-25 07:30:08,277 [pool-237-thread-1] INFO  server.RaftServerConfigKeys (ConfUtils.java:logGet(43)) - raft.server.log.statemachine.data.caching.enabled = true (custom)
2019-09-25 07:30:08,277 [pool-237-thread-1] INFO  segmented.SegmentedRaftLogWorker (SegmentedRaftLogWorker.java:lambda$new$0(132)) - 1a823cc7-99a6-4d64-9e33-d8d28813a5c6@group-A65EC9884415-SegmentedRaftLogWorker: flushIndex: setUnconditionally 0 -> -1
2019-09-25 07:30:08,277 [pool-237-thread-1] INFO  server.RaftServerConfigKeys (ConfUtils.java:logGet(43)) - raft.server.snapshot.auto.trigger.enabled = true (custom)
2019-09-25 07:30:08,277 [pool-237-thread-1] INFO  server.RaftServerConfigKeys (ConfUtils.java:logGet(43)) - raft.server.snapshot.auto.trigger.threshold = 10000 (custom)
2019-09-25 07:30:08,277 [pool-237-thread-1] INFO  server.RaftServerConfigKeys (ConfUtils.java:logGet(43)) - raft.server.snapshot.retention.num.files = 5 (custom)
2019-09-25 07:30:08,277 [pool-237-thread-1] INFO  server.RaftServerConfigKeys (ConfUtils.java:logGet(43)) - raft.server.retrycache.expirytime = 600000ms (custom)
2019-09-25 07:30:08,278 [pool-237-thread-1] INFO  impl.RaftServerImpl (RaftServerImpl.java:start(185)) - 1a823cc7-99a6-4d64-9e33-d8d28813a5c6@group-A65EC9884415: start as a follower, conf=-1: [1a823cc7-99a6-4d64-9e33-d8d28813a5c6:192.168.151.106:35382], old=null
2019-09-25 07:30:08,279 [pool-237-thread-1] INFO  impl.RaftServerImpl (RaftServerImpl.java:setRole(174)) - 1a823cc7-99a6-4d64-9e33-d8d28813a5c6@group-A65EC9884415: changes role from      null to FOLLOWER at term 0 for startAsFollower
2019-09-25 07:30:08,279 [pool-237-thread-1] INFO  impl.RoleInfo (RoleInfo.java:updateAndGet(143)) - 1a823cc7-99a6-4d64-9e33-d8d28813a5c6: start FollowerState
2019-09-25 07:30:08,279 [pool-237-thread-1] INFO  util.JmxRegister (JmxRegister.java:tryRegister(44)) - Successfully registered JMX Bean with object name Ratis:service=RaftServer,group=group-A65EC9884415,id=1a823cc7-99a6-4d64-9e33-d8d28813a5c6
2019-09-25 07:30:08,281 [RatisPipelineUtilsThread] INFO  pipeline.PipelineStateManager (PipelineStateManager.java:addPipeline(56)) - Created pipeline Pipeline[ Id: 4c346d4c-f6a3-45db-8159-a65ec9884415, Nodes: 1a823cc7-99a6-4d64-9e33-d8d28813a5c6{ip: 192.168.151.106, host: pr-hdds-1569-x2sr2-3486766547, networkLocation: /default-rack, certSerialId: null}, Type:RATIS, Factor:ONE, State:OPEN]
2019-09-25 07:30:08,286 [grpc-default-executor-0] INFO  impl.RaftServerProxy (RaftServerProxy.java:addNew(89)) - 09afdf22-db9f-48fb-806c-c28d48031caf: addNew group-181133BCA00D:[09afdf22-db9f-48fb-806c-c28d48031caf:192.168.151.106:43048] returns group-181133BCA00D:java.util.concurrent.CompletableFuture@7a139fec[Not completed]
2019-09-25 07:30:08,287 [pool-227-thread-1] INFO  impl.RaftServerImpl (RaftServerImpl.java:<init>(95)) - 09afdf22-db9f-48fb-806c-c28d48031caf: new RaftServerImpl for group-181133BCA00D:[09afdf22-db9f-48fb-806c-c28d48031caf:192.168.151.106:43048] with ContainerStateMachine:uninitialized
2019-09-25 07:30:08,287 [pool-227-thread-1] INFO  server.RaftServerConfigKeys (ConfUtils.java:logGet(43)) - raft.server.rpc.timeout.min = 5s (custom)
2019-09-25 07:30:08,287 [pool-227-thread-1] INFO  server.RaftServerConfigKeys (ConfUtils.java:logGet(43)) - raft.server.rpc.timeout.max = 5200ms (custom)
2019-09-25 07:30:08,287 [pool-227-thread-1] INFO  server.RaftServerConfigKeys (ConfUtils.java:logGet(43)) - raft.server.rpcslowness.timeout = 120s (custom)
2019-09-25 07:30:08,287 [pool-227-thread-1] INFO  server.RaftServerConfigKeys (ConfUtils.java:logGet(43)) - raft.server.sleep.deviation.threshold = 300 (default)
2019-09-25 07:30:08,287 [pool-227-thread-1] INFO  server.RaftServerConfigKeys (ConfUtils.java:logGet(43)) - raft.server.log.appender.install.snapshot.enabled = false (custom)
2019-09-25 07:30:08,287 [pool-227-thread-1] INFO  impl.RaftServerImpl (ServerState.java:<init>(103)) - 09afdf22-db9f-48fb-806c-c28d48031caf@group-181133BCA00D: ConfigurationManager, init=-1: [09afdf22-db9f-48fb-806c-c28d48031caf:192.168.151.106:43048], old=null, confs=<EMPTY_MAP>
2019-09-25 07:30:08,287 [pool-227-thread-1] INFO  server.RaftServerConfigKeys (ConfUtils.java:logGet(43)) - raft.server.storage.dir = [/workdir/hadoop-ozone/ozonefs/target/test-dir/MiniOzoneClusterImpl-57037ed3-0523-4bc8-ad5a-d167f12c453e/datanode-0/data/ratis] (custom)
2019-09-25 07:30:08,288 [pool-227-thread-1] INFO  storage.RaftStorageDirectory (RaftStorageDirectory.java:analyzeStorage(246)) - The storage directory /workdir/hadoop-ozone/ozonefs/target/test-dir/MiniOzoneClusterImpl-57037ed3-0523-4bc8-ad5a-d167f12c453e/datanode-0/data/ratis/5e12af81-4436-4198-aa7f-181133bca00d does not exist. Creating ...
2019-09-25 07:30:08,317 [pool-227-thread-1] INFO  storage.RaftStorageDirectory (RaftStorageDirectory.java:tryLock(328)) - Lock on /workdir/hadoop-ozone/ozonefs/target/test-dir/MiniOzoneClusterImpl-57037ed3-0523-4bc8-ad5a-d167f12c453e/datanode-0/data/ratis/5e12af81-4436-4198-aa7f-181133bca00d/in_use.lock acquired by nodename 17738@pr-hdds-1569-x2sr2-3486766547
2019-09-25 07:30:08,342 [pool-227-thread-1] INFO  storage.RaftStorage (RaftStorage.java:format(72)) - Storage directory /workdir/hadoop-ozone/ozonefs/target/test-dir/MiniOzoneClusterImpl-57037ed3-0523-4bc8-ad5a-d167f12c453e/datanode-0/data/ratis/5e12af81-4436-4198-aa7f-181133bca00d has been successfully formatted.
2019-09-25 07:30:08,342 [pool-227-thread-1] INFO  ratis.ContainerStateMachine (ContainerStateMachine.java:loadSnapshot(230)) - group-181133BCA00D: The snapshot info is null. Setting the last applied indexto:(t:0, i:~)
2019-09-25 07:30:08,342 [pool-227-thread-1] INFO  server.RaftServerConfigKeys (ConfUtils.java:logGet(43)) - raft.server.notification.no-leader.timeout = 120s (custom)
2019-09-25 07:30:08,343 [pool-227-thread-1] INFO  server.RaftServerConfigKeys (ConfUtils.java:logGet(43)) - raft.server.log.use.memory = false (default)
2019-09-25 07:30:08,343 [pool-227-thread-1] INFO  server.RaftServerConfigKeys (ConfUtils.java:logGet(43)) - raft.server.log.purge.gap = 1000000 (custom)
2019-09-25 07:30:08,343 [pool-227-thread-1] INFO  server.RaftServerConfigKeys (ConfUtils.java:logGet(43)) - raft.server.log.appender.buffer.byte-limit = 33554432 (custom)
2019-09-25 07:30:08,343 [pool-227-thread-1] INFO  server.RaftServerConfigKeys (ConfUtils.java:logGet(43)) - raft.server.log.segment.size.max = 1048576 (custom)
2019-09-25 07:30:08,343 [pool-227-thread-1] INFO  server.RaftServerConfigKeys (ConfUtils.java:logGet(43)) - raft.server.log.segment.cache.num.max = 2 (custom)
2019-09-25 07:30:08,343 [pool-227-thread-1] INFO  segmented.SegmentedRaftLogWorker (SegmentedRaftLogWorker.java:<init>(172)) - new 09afdf22-db9f-48fb-806c-c28d48031caf@group-181133BCA00D-SegmentedRaftLogWorker for RaftStorage:Storage Directory /workdir/hadoop-ozone/ozonefs/target/test-dir/MiniOzoneClusterImpl-57037ed3-0523-4bc8-ad5a-d167f12c453e/datanode-0/data/ratis/5e12af81-4436-4198-aa7f-181133bca00d
2019-09-25 07:30:08,343 [pool-227-thread-1] INFO  server.RaftServerConfigKeys (ConfUtils.java:logGet(43)) - raft.server.log.queue.byte-limit = 2147483647 (custom)
2019-09-25 07:30:08,344 [pool-227-thread-1] INFO  server.RaftServerConfigKeys (ConfUtils.java:logGet(43)) - raft.server.log.queue.element-limit = 1024 (custom)
2019-09-25 07:30:08,344 [pool-227-thread-1] INFO  server.RaftServerConfigKeys (ConfUtils.java:logGet(43)) - raft.server.log.segment.size.max = 1048576 (custom)
2019-09-25 07:30:08,344 [pool-227-thread-1] INFO  server.RaftServerConfigKeys (ConfUtils.java:logGet(43)) - raft.server.log.preallocated.size = 16384 (custom)
2019-09-25 07:30:08,344 [pool-227-thread-1] INFO  server.RaftServerConfigKeys (ConfUtils.java:logGet(43)) - raft.server.log.write.buffer.size = 33554432 (custom)
2019-09-25 07:30:08,344 [pool-227-thread-1] INFO  server.RaftServerConfigKeys (ConfUtils.java:logGet(43)) - raft.server.log.force.sync.num = 128 (default)
2019-09-25 07:30:08,344 [pool-227-thread-1] INFO  server.RaftServerConfigKeys (ConfUtils.java:logGet(43)) - raft.server.log.statemachine.data.sync = true (default)
2019-09-25 07:30:08,344 [pool-227-thread-1] INFO  server.RaftServerConfigKeys (ConfUtils.java:logGet(43)) - raft.server.log.statemachine.data.sync.timeout = 10s (default)
2019-09-25 07:30:08,345 [pool-227-thread-1] INFO  server.RaftServerConfigKeys (ConfUtils.java:logGet(43)) - raft.server.log.statemachine.data.sync.timeout.retry = -1 (default)
2019-09-25 07:30:08,345 [pool-227-thread-1] INFO  server.RaftServerConfigKeys (ConfUtils.java:logGet(43)) - raft.server.log.statemachine.data.caching.enabled = true (custom)
2019-09-25 07:30:08,345 [pool-227-thread-1] INFO  segmented.SegmentedRaftLogWorker (SegmentedRaftLogWorker.java:lambda$new$0(132)) - 09afdf22-db9f-48fb-806c-c28d48031caf@group-181133BCA00D-SegmentedRaftLogWorker: flushIndex: setUnconditionally 0 -> -1
2019-09-25 07:30:08,345 [pool-227-thread-1] INFO  server.RaftServerConfigKeys (ConfUtils.java:logGet(43)) - raft.server.snapshot.auto.trigger.enabled = true (custom)
2019-09-25 07:30:08,345 [pool-227-thread-1] INFO  server.RaftServerConfigKeys (ConfUtils.java:logGet(43)) - raft.server.snapshot.auto.trigger.threshold = 10000 (custom)
2019-09-25 07:30:08,346 [pool-227-thread-1] INFO  server.RaftServerConfigKeys (ConfUtils.java:logGet(43)) - raft.server.snapshot.retention.num.files = 5 (custom)
2019-09-25 07:30:08,346 [pool-227-thread-1] INFO  server.RaftServerConfigKeys (ConfUtils.java:logGet(43)) - raft.server.retrycache.expirytime = 600000ms (custom)
2019-09-25 07:30:08,347 [pool-227-thread-1] INFO  impl.RaftServerImpl (RaftServerImpl.java:start(185)) - 09afdf22-db9f-48fb-806c-c28d48031caf@group-181133BCA00D: start as a follower, conf=-1: [09afdf22-db9f-48fb-806c-c28d48031caf:192.168.151.106:43048], old=null
2019-09-25 07:30:08,347 [pool-227-thread-1] INFO  impl.RaftServerImpl (RaftServerImpl.java:setRole(174)) - 09afdf22-db9f-48fb-806c-c28d48031caf@group-181133BCA00D: changes role from      null to FOLLOWER at term 0 for startAsFollower
2019-09-25 07:30:08,348 [pool-227-thread-1] INFO  impl.RoleInfo (RoleInfo.java:updateAndGet(143)) - 09afdf22-db9f-48fb-806c-c28d48031caf: start FollowerState
2019-09-25 07:30:08,348 [pool-227-thread-1] INFO  util.JmxRegister (JmxRegister.java:tryRegister(44)) - Successfully registered JMX Bean with object name Ratis:service=RaftServer,group=group-181133BCA00D,id=09afdf22-db9f-48fb-806c-c28d48031caf
2019-09-25 07:30:08,351 [RatisPipelineUtilsThread] INFO  pipeline.PipelineStateManager (PipelineStateManager.java:addPipeline(56)) - Created pipeline Pipeline[ Id: 5e12af81-4436-4198-aa7f-181133bca00d, Nodes: 09afdf22-db9f-48fb-806c-c28d48031caf{ip: 192.168.151.106, host: pr-hdds-1569-x2sr2-3486766547, networkLocation: /default-rack, certSerialId: null}, Type:RATIS, Factor:ONE, State:OPEN]
2019-09-25 07:30:08,356 [grpc-default-executor-0] INFO  impl.RaftServerProxy (RaftServerProxy.java:addNew(89)) - 09afdf22-db9f-48fb-806c-c28d48031caf: addNew group-47D3D1F84E53:[09afdf22-db9f-48fb-806c-c28d48031caf:192.168.151.106:43048] returns group-47D3D1F84E53:java.util.concurrent.CompletableFuture@41b3fc41[Not completed]
2019-09-25 07:30:08,357 [pool-227-thread-1] INFO  impl.RaftServerImpl (RaftServerImpl.java:<init>(95)) - 09afdf22-db9f-48fb-806c-c28d48031caf: new RaftServerImpl for group-47D3D1F84E53:[09afdf22-db9f-48fb-806c-c28d48031caf:192.168.151.106:43048] with ContainerStateMachine:uninitialized
2019-09-25 07:30:08,357 [pool-227-thread-1] INFO  server.RaftServerConfigKeys (ConfUtils.java:logGet(43)) - raft.server.rpc.timeout.min = 5s (custom)
2019-09-25 07:30:08,357 [pool-227-thread-1] INFO  server.RaftServerConfigKeys (ConfUtils.java:logGet(43)) - raft.server.rpc.timeout.max = 5200ms (custom)
2019-09-25 07:30:08,357 [pool-227-thread-1] INFO  server.RaftServerConfigKeys (ConfUtils.java:logGet(43)) - raft.server.rpcslowness.timeout = 120s (custom)
2019-09-25 07:30:08,357 [pool-227-thread-1] INFO  server.RaftServerConfigKeys (ConfUtils.java:logGet(43)) - raft.server.sleep.deviation.threshold = 300 (default)
2019-09-25 07:30:08,357 [pool-227-thread-1] INFO  server.RaftServerConfigKeys (ConfUtils.java:logGet(43)) - raft.server.log.appender.install.snapshot.enabled = false (custom)
2019-09-25 07:30:08,357 [pool-227-thread-1] INFO  impl.RaftServerImpl (ServerState.java:<init>(103)) - 09afdf22-db9f-48fb-806c-c28d48031caf@group-47D3D1F84E53: ConfigurationManager, init=-1: [09afdf22-db9f-48fb-806c-c28d48031caf:192.168.151.106:43048], old=null, confs=<EMPTY_MAP>
2019-09-25 07:30:08,357 [pool-227-thread-1] INFO  server.RaftServerConfigKeys (ConfUtils.java:logGet(43)) - raft.server.storage.dir = [/workdir/hadoop-ozone/ozonefs/target/test-dir/MiniOzoneClusterImpl-57037ed3-0523-4bc8-ad5a-d167f12c453e/datanode-0/data/ratis] (custom)
2019-09-25 07:30:08,358 [pool-227-thread-1] INFO  storage.RaftStorageDirectory (RaftStorageDirectory.java:analyzeStorage(246)) - The storage directory /workdir/hadoop-ozone/ozonefs/target/test-dir/MiniOzoneClusterImpl-57037ed3-0523-4bc8-ad5a-d167f12c453e/datanode-0/data/ratis/5a814a2f-acf2-4296-bf03-47d3d1f84e53 does not exist. Creating ...
2019-09-25 07:30:08,384 [pool-227-thread-1] INFO  storage.RaftStorageDirectory (RaftStorageDirectory.java:tryLock(328)) - Lock on /workdir/hadoop-ozone/ozonefs/target/test-dir/MiniOzoneClusterImpl-57037ed3-0523-4bc8-ad5a-d167f12c453e/datanode-0/data/ratis/5a814a2f-acf2-4296-bf03-47d3d1f84e53/in_use.lock acquired by nodename 17738@pr-hdds-1569-x2sr2-3486766547
2019-09-25 07:30:08,410 [pool-227-thread-1] INFO  storage.RaftStorage (RaftStorage.java:format(72)) - Storage directory /workdir/hadoop-ozone/ozonefs/target/test-dir/MiniOzoneClusterImpl-57037ed3-0523-4bc8-ad5a-d167f12c453e/datanode-0/data/ratis/5a814a2f-acf2-4296-bf03-47d3d1f84e53 has been successfully formatted.
2019-09-25 07:30:08,410 [pool-227-thread-1] INFO  ratis.ContainerStateMachine (ContainerStateMachine.java:loadSnapshot(230)) - group-47D3D1F84E53: The snapshot info is null. Setting the last applied indexto:(t:0, i:~)
2019-09-25 07:30:08,410 [pool-227-thread-1] INFO  server.RaftServerConfigKeys (ConfUtils.java:logGet(43)) - raft.server.notification.no-leader.timeout = 120s (custom)
2019-09-25 07:30:08,410 [pool-227-thread-1] INFO  server.RaftServerConfigKeys (ConfUtils.java:logGet(43)) - raft.server.log.use.memory = false (default)
2019-09-25 07:30:08,410 [pool-227-thread-1] INFO  server.RaftServerConfigKeys (ConfUtils.java:logGet(43)) - raft.server.log.purge.gap = 1000000 (custom)
2019-09-25 07:30:08,410 [pool-227-thread-1] INFO  server.RaftServerConfigKeys (ConfUtils.java:logGet(43)) - raft.server.log.appender.buffer.byte-limit = 33554432 (custom)
2019-09-25 07:30:08,411 [pool-227-thread-1] INFO  server.RaftServerConfigKeys (ConfUtils.java:logGet(43)) - raft.server.log.segment.size.max = 1048576 (custom)
2019-09-25 07:30:08,411 [pool-227-thread-1] INFO  server.RaftServerConfigKeys (ConfUtils.java:logGet(43)) - raft.server.log.segment.cache.num.max = 2 (custom)
2019-09-25 07:30:08,411 [pool-227-thread-1] INFO  segmented.SegmentedRaftLogWorker (SegmentedRaftLogWorker.java:<init>(172)) - new 09afdf22-db9f-48fb-806c-c28d48031caf@group-47D3D1F84E53-SegmentedRaftLogWorker for RaftStorage:Storage Directory /workdir/hadoop-ozone/ozonefs/target/test-dir/MiniOzoneClusterImpl-57037ed3-0523-4bc8-ad5a-d167f12c453e/datanode-0/data/ratis/5a814a2f-acf2-4296-bf03-47d3d1f84e53
2019-09-25 07:30:08,411 [pool-227-thread-1] INFO  server.RaftServerConfigKeys (ConfUtils.java:logGet(43)) - raft.server.log.queue.byte-limit = 2147483647 (custom)
2019-09-25 07:30:08,411 [pool-227-thread-1] INFO  server.RaftServerConfigKeys (ConfUtils.java:logGet(43)) - raft.server.log.queue.element-limit = 1024 (custom)
2019-09-25 07:30:08,411 [pool-227-thread-1] INFO  server.RaftServerConfigKeys (ConfUtils.java:logGet(43)) - raft.server.log.segment.size.max = 1048576 (custom)
2019-09-25 07:30:08,411 [pool-227-thread-1] INFO  server.RaftServerConfigKeys (ConfUtils.java:logGet(43)) - raft.server.log.preallocated.size = 16384 (custom)
2019-09-25 07:30:08,411 [pool-227-thread-1] INFO  server.RaftServerConfigKeys (ConfUtils.java:logGet(43)) - raft.server.log.write.buffer.size = 33554432 (custom)
2019-09-25 07:30:08,412 [pool-227-thread-1] INFO  server.RaftServerConfigKeys (ConfUtils.java:logGet(43)) - raft.server.log.force.sync.num = 128 (default)
2019-09-25 07:30:08,412 [pool-227-thread-1] INFO  server.RaftServerConfigKeys (ConfUtils.java:logGet(43)) - raft.server.log.statemachine.data.sync = true (default)
2019-09-25 07:30:08,412 [pool-227-thread-1] INFO  server.RaftServerConfigKeys (ConfUtils.java:logGet(43)) - raft.server.log.statemachine.data.sync.timeout = 10s (default)
2019-09-25 07:30:08,412 [pool-227-thread-1] INFO  server.RaftServerConfigKeys (ConfUtils.java:logGet(43)) - raft.server.log.statemachine.data.sync.timeout.retry = -1 (default)
2019-09-25 07:30:08,412 [pool-227-thread-1] INFO  server.RaftServerConfigKeys (ConfUtils.java:logGet(43)) - raft.server.log.statemachine.data.caching.enabled = true (custom)
2019-09-25 07:30:08,413 [pool-227-thread-1] INFO  segmented.SegmentedRaftLogWorker (SegmentedRaftLogWorker.java:lambda$new$0(132)) - 09afdf22-db9f-48fb-806c-c28d48031caf@group-47D3D1F84E53-SegmentedRaftLogWorker: flushIndex: setUnconditionally 0 -> -1
2019-09-25 07:30:08,413 [pool-227-thread-1] INFO  server.RaftServerConfigKeys (ConfUtils.java:logGet(43)) - raft.server.snapshot.auto.trigger.enabled = true (custom)
2019-09-25 07:30:08,413 [pool-227-thread-1] INFO  server.RaftServerConfigKeys (ConfUtils.java:logGet(43)) - raft.server.snapshot.auto.trigger.threshold = 10000 (custom)
2019-09-25 07:30:08,413 [pool-227-thread-1] INFO  server.RaftServerConfigKeys (ConfUtils.java:logGet(43)) - raft.server.snapshot.retention.num.files = 5 (custom)
2019-09-25 07:30:08,413 [pool-227-thread-1] INFO  server.RaftServerConfigKeys (ConfUtils.java:logGet(43)) - raft.server.retrycache.expirytime = 600000ms (custom)
2019-09-25 07:30:08,415 [pool-227-thread-1] INFO  impl.RaftServerImpl (RaftServerImpl.java:start(185)) - 09afdf22-db9f-48fb-806c-c28d48031caf@group-47D3D1F84E53: start as a follower, conf=-1: [09afdf22-db9f-48fb-806c-c28d48031caf:192.168.151.106:43048], old=null
2019-09-25 07:30:08,415 [pool-227-thread-1] INFO  impl.RaftServerImpl (RaftServerImpl.java:setRole(174)) - 09afdf22-db9f-48fb-806c-c28d48031caf@group-47D3D1F84E53: changes role from      null to FOLLOWER at term 0 for startAsFollower
2019-09-25 07:30:08,415 [pool-227-thread-1] INFO  impl.RoleInfo (RoleInfo.java:updateAndGet(143)) - 09afdf22-db9f-48fb-806c-c28d48031caf: start FollowerState
2019-09-25 07:30:08,416 [pool-227-thread-1] INFO  util.JmxRegister (JmxRegister.java:tryRegister(44)) - Successfully registered JMX Bean with object name Ratis:service=RaftServer,group=group-47D3D1F84E53,id=09afdf22-db9f-48fb-806c-c28d48031caf
2019-09-25 07:30:08,419 [RatisPipelineUtilsThread] INFO  pipeline.PipelineStateManager (PipelineStateManager.java:addPipeline(56)) - Created pipeline Pipeline[ Id: 5a814a2f-acf2-4296-bf03-47d3d1f84e53, Nodes: 09afdf22-db9f-48fb-806c-c28d48031caf{ip: 192.168.151.106, host: pr-hdds-1569-x2sr2-3486766547, networkLocation: /default-rack, certSerialId: null}, Type:RATIS, Factor:ONE, State:OPEN]
2019-09-25 07:30:08,424 [grpc-default-executor-0] INFO  impl.RaftServerProxy (RaftServerProxy.java:addNew(89)) - 09afdf22-db9f-48fb-806c-c28d48031caf: addNew group-1A7C998A7E21:[09afdf22-db9f-48fb-806c-c28d48031caf:192.168.151.106:43048] returns group-1A7C998A7E21:java.util.concurrent.CompletableFuture@2c59f806[Not completed]
2019-09-25 07:30:08,425 [pool-227-thread-1] INFO  impl.RaftServerImpl (RaftServerImpl.java:<init>(95)) - 09afdf22-db9f-48fb-806c-c28d48031caf: new RaftServerImpl for group-1A7C998A7E21:[09afdf22-db9f-48fb-806c-c28d48031caf:192.168.151.106:43048] with ContainerStateMachine:uninitialized
2019-09-25 07:30:08,425 [pool-227-thread-1] INFO  server.RaftServerConfigKeys (ConfUtils.java:logGet(43)) - raft.server.rpc.timeout.min = 5s (custom)
2019-09-25 07:30:08,425 [pool-227-thread-1] INFO  server.RaftServerConfigKeys (ConfUtils.java:logGet(43)) - raft.server.rpc.timeout.max = 5200ms (custom)
2019-09-25 07:30:08,425 [pool-227-thread-1] INFO  server.RaftServerConfigKeys (ConfUtils.java:logGet(43)) - raft.server.rpcslowness.timeout = 120s (custom)
2019-09-25 07:30:08,425 [pool-227-thread-1] INFO  server.RaftServerConfigKeys (ConfUtils.java:logGet(43)) - raft.server.sleep.deviation.threshold = 300 (default)
2019-09-25 07:30:08,425 [pool-227-thread-1] INFO  server.RaftServerConfigKeys (ConfUtils.java:logGet(43)) - raft.server.log.appender.install.snapshot.enabled = false (custom)
2019-09-25 07:30:08,425 [pool-227-thread-1] INFO  impl.RaftServerImpl (ServerState.java:<init>(103)) - 09afdf22-db9f-48fb-806c-c28d48031caf@group-1A7C998A7E21: ConfigurationManager, init=-1: [09afdf22-db9f-48fb-806c-c28d48031caf:192.168.151.106:43048], old=null, confs=<EMPTY_MAP>
2019-09-25 07:30:08,426 [pool-227-thread-1] INFO  server.RaftServerConfigKeys (ConfUtils.java:logGet(43)) - raft.server.storage.dir = [/workdir/hadoop-ozone/ozonefs/target/test-dir/MiniOzoneClusterImpl-57037ed3-0523-4bc8-ad5a-d167f12c453e/datanode-0/data/ratis] (custom)
2019-09-25 07:30:08,426 [pool-227-thread-1] INFO  storage.RaftStorageDirectory (RaftStorageDirectory.java:analyzeStorage(246)) - The storage directory /workdir/hadoop-ozone/ozonefs/target/test-dir/MiniOzoneClusterImpl-57037ed3-0523-4bc8-ad5a-d167f12c453e/datanode-0/data/ratis/9878f9dc-268f-4f57-8767-1a7c998a7e21 does not exist. Creating ...
2019-09-25 07:30:08,452 [pool-227-thread-1] INFO  storage.RaftStorageDirectory (RaftStorageDirectory.java:tryLock(328)) - Lock on /workdir/hadoop-ozone/ozonefs/target/test-dir/MiniOzoneClusterImpl-57037ed3-0523-4bc8-ad5a-d167f12c453e/datanode-0/data/ratis/9878f9dc-268f-4f57-8767-1a7c998a7e21/in_use.lock acquired by nodename 17738@pr-hdds-1569-x2sr2-3486766547
2019-09-25 07:30:08,477 [pool-227-thread-1] INFO  storage.RaftStorage (RaftStorage.java:format(72)) - Storage directory /workdir/hadoop-ozone/ozonefs/target/test-dir/MiniOzoneClusterImpl-57037ed3-0523-4bc8-ad5a-d167f12c453e/datanode-0/data/ratis/9878f9dc-268f-4f57-8767-1a7c998a7e21 has been successfully formatted.
2019-09-25 07:30:08,477 [pool-227-thread-1] INFO  ratis.ContainerStateMachine (ContainerStateMachine.java:loadSnapshot(230)) - group-1A7C998A7E21: The snapshot info is null. Setting the last applied indexto:(t:0, i:~)
2019-09-25 07:30:08,478 [pool-227-thread-1] INFO  server.RaftServerConfigKeys (ConfUtils.java:logGet(43)) - raft.server.notification.no-leader.timeout = 120s (custom)
2019-09-25 07:30:08,478 [pool-227-thread-1] INFO  server.RaftServerConfigKeys (ConfUtils.java:logGet(43)) - raft.server.log.use.memory = false (default)
2019-09-25 07:30:08,478 [pool-227-thread-1] INFO  server.RaftServerConfigKeys (ConfUtils.java:logGet(43)) - raft.server.log.purge.gap = 1000000 (custom)
2019-09-25 07:30:08,478 [pool-227-thread-1] INFO  server.RaftServerConfigKeys (ConfUtils.java:logGet(43)) - raft.server.log.appender.buffer.byte-limit = 33554432 (custom)
2019-09-25 07:30:08,478 [pool-227-thread-1] INFO  server.RaftServerConfigKeys (ConfUtils.java:logGet(43)) - raft.server.log.segment.size.max = 1048576 (custom)
2019-09-25 07:30:08,478 [pool-227-thread-1] INFO  server.RaftServerConfigKeys (ConfUtils.java:logGet(43)) - raft.server.log.segment.cache.num.max = 2 (custom)
2019-09-25 07:30:08,478 [pool-227-thread-1] INFO  segmented.SegmentedRaftLogWorker (SegmentedRaftLogWorker.java:<init>(172)) - new 09afdf22-db9f-48fb-806c-c28d48031caf@group-1A7C998A7E21-SegmentedRaftLogWorker for RaftStorage:Storage Directory /workdir/hadoop-ozone/ozonefs/target/test-dir/MiniOzoneClusterImpl-57037ed3-0523-4bc8-ad5a-d167f12c453e/datanode-0/data/ratis/9878f9dc-268f-4f57-8767-1a7c998a7e21
2019-09-25 07:30:08,479 [pool-227-thread-1] INFO  server.RaftServerConfigKeys (ConfUtils.java:logGet(43)) - raft.server.log.queue.byte-limit = 2147483647 (custom)
2019-09-25 07:30:08,479 [pool-227-thread-1] INFO  server.RaftServerConfigKeys (ConfUtils.java:logGet(43)) - raft.server.log.queue.element-limit = 1024 (custom)
2019-09-25 07:30:08,479 [pool-227-thread-1] INFO  server.RaftServerConfigKeys (ConfUtils.java:logGet(43)) - raft.server.log.segment.size.max = 1048576 (custom)
2019-09-25 07:30:08,479 [pool-227-thread-1] INFO  server.RaftServerConfigKeys (ConfUtils.java:logGet(43)) - raft.server.log.preallocated.size = 16384 (custom)
2019-09-25 07:30:08,479 [pool-227-thread-1] INFO  server.RaftServerConfigKeys (ConfUtils.java:logGet(43)) - raft.server.log.write.buffer.size = 33554432 (custom)
2019-09-25 07:30:08,479 [pool-227-thread-1] INFO  server.RaftServerConfigKeys (ConfUtils.java:logGet(43)) - raft.server.log.force.sync.num = 128 (default)
2019-09-25 07:30:08,479 [pool-227-thread-1] INFO  server.RaftServerConfigKeys (ConfUtils.java:logGet(43)) - raft.server.log.statemachine.data.sync = true (default)
2019-09-25 07:30:08,480 [pool-227-thread-1] INFO  server.RaftServerConfigKeys (ConfUtils.java:logGet(43)) - raft.server.log.statemachine.data.sync.timeout = 10s (default)
2019-09-25 07:30:08,480 [pool-227-thread-1] INFO  server.RaftServerConfigKeys (ConfUtils.java:logGet(43)) - raft.server.log.statemachine.data.sync.timeout.retry = -1 (default)
2019-09-25 07:30:08,480 [pool-227-thread-1] INFO  server.RaftServerConfigKeys (ConfUtils.java:logGet(43)) - raft.server.log.statemachine.data.caching.enabled = true (custom)
2019-09-25 07:30:08,480 [pool-227-thread-1] INFO  segmented.SegmentedRaftLogWorker (SegmentedRaftLogWorker.java:lambda$new$0(132)) - 09afdf22-db9f-48fb-806c-c28d48031caf@group-1A7C998A7E21-SegmentedRaftLogWorker: flushIndex: setUnconditionally 0 -> -1
2019-09-25 07:30:08,481 [pool-227-thread-1] INFO  server.RaftServerConfigKeys (ConfUtils.java:logGet(43)) - raft.server.snapshot.auto.trigger.enabled = true (custom)
2019-09-25 07:30:08,481 [pool-227-thread-1] INFO  server.RaftServerConfigKeys (ConfUtils.java:logGet(43)) - raft.server.snapshot.auto.trigger.threshold = 10000 (custom)
2019-09-25 07:30:08,481 [pool-227-thread-1] INFO  server.RaftServerConfigKeys (ConfUtils.java:logGet(43)) - raft.server.snapshot.retention.num.files = 5 (custom)
2019-09-25 07:30:08,481 [pool-227-thread-1] INFO  server.RaftServerConfigKeys (ConfUtils.java:logGet(43)) - raft.server.retrycache.expirytime = 600000ms (custom)
2019-09-25 07:30:08,483 [pool-227-thread-1] INFO  impl.RaftServerImpl (RaftServerImpl.java:start(185)) - 09afdf22-db9f-48fb-806c-c28d48031caf@group-1A7C998A7E21: start as a follower, conf=-1: [09afdf22-db9f-48fb-806c-c28d48031caf:192.168.151.106:43048], old=null
2019-09-25 07:30:08,483 [pool-227-thread-1] INFO  impl.RaftServerImpl (RaftServerImpl.java:setRole(174)) - 09afdf22-db9f-48fb-806c-c28d48031caf@group-1A7C998A7E21: changes role from      null to FOLLOWER at term 0 for startAsFollower
2019-09-25 07:30:08,483 [pool-227-thread-1] INFO  impl.RoleInfo (RoleInfo.java:updateAndGet(143)) - 09afdf22-db9f-48fb-806c-c28d48031caf: start FollowerState
2019-09-25 07:30:08,483 [pool-227-thread-1] INFO  util.JmxRegister (JmxRegister.java:tryRegister(44)) - Successfully registered JMX Bean with object name Ratis:service=RaftServer,group=group-1A7C998A7E21,id=09afdf22-db9f-48fb-806c-c28d48031caf
2019-09-25 07:30:08,486 [RatisPipelineUtilsThread] INFO  pipeline.PipelineStateManager (PipelineStateManager.java:addPipeline(56)) - Created pipeline Pipeline[ Id: 9878f9dc-268f-4f57-8767-1a7c998a7e21, Nodes: 09afdf22-db9f-48fb-806c-c28d48031caf{ip: 192.168.151.106, host: pr-hdds-1569-x2sr2-3486766547, networkLocation: /default-rack, certSerialId: null}, Type:RATIS, Factor:ONE, State:OPEN]
2019-09-25 07:30:08,491 [grpc-default-executor-0] INFO  impl.RaftServerProxy (RaftServerProxy.java:addNew(89)) - 09afdf22-db9f-48fb-806c-c28d48031caf: addNew group-EA2C813D2FCF:[09afdf22-db9f-48fb-806c-c28d48031caf:192.168.151.106:43048] returns group-EA2C813D2FCF:java.util.concurrent.CompletableFuture@1d729e0a[Not completed]
2019-09-25 07:30:08,492 [pool-227-thread-1] INFO  impl.RaftServerImpl (RaftServerImpl.java:<init>(95)) - 09afdf22-db9f-48fb-806c-c28d48031caf: new RaftServerImpl for group-EA2C813D2FCF:[09afdf22-db9f-48fb-806c-c28d48031caf:192.168.151.106:43048] with ContainerStateMachine:uninitialized
2019-09-25 07:30:08,492 [pool-227-thread-1] INFO  server.RaftServerConfigKeys (ConfUtils.java:logGet(43)) - raft.server.rpc.timeout.min = 5s (custom)
2019-09-25 07:30:08,492 [pool-227-thread-1] INFO  server.RaftServerConfigKeys (ConfUtils.java:logGet(43)) - raft.server.rpc.timeout.max = 5200ms (custom)
2019-09-25 07:30:08,492 [pool-227-thread-1] INFO  server.RaftServerConfigKeys (ConfUtils.java:logGet(43)) - raft.server.rpcslowness.timeout = 120s (custom)
2019-09-25 07:30:08,492 [pool-227-thread-1] INFO  server.RaftServerConfigKeys (ConfUtils.java:logGet(43)) - raft.server.sleep.deviation.threshold = 300 (default)
2019-09-25 07:30:08,492 [pool-227-thread-1] INFO  server.RaftServerConfigKeys (ConfUtils.java:logGet(43)) - raft.server.log.appender.install.snapshot.enabled = false (custom)
2019-09-25 07:30:08,493 [pool-227-thread-1] INFO  impl.RaftServerImpl (ServerState.java:<init>(103)) - 09afdf22-db9f-48fb-806c-c28d48031caf@group-EA2C813D2FCF: ConfigurationManager, init=-1: [09afdf22-db9f-48fb-806c-c28d48031caf:192.168.151.106:43048], old=null, confs=<EMPTY_MAP>
2019-09-25 07:30:08,493 [pool-227-thread-1] INFO  server.RaftServerConfigKeys (ConfUtils.java:logGet(43)) - raft.server.storage.dir = [/workdir/hadoop-ozone/ozonefs/target/test-dir/MiniOzoneClusterImpl-57037ed3-0523-4bc8-ad5a-d167f12c453e/datanode-0/data/ratis] (custom)
2019-09-25 07:30:08,493 [pool-227-thread-1] INFO  storage.RaftStorageDirectory (RaftStorageDirectory.java:analyzeStorage(246)) - The storage directory /workdir/hadoop-ozone/ozonefs/target/test-dir/MiniOzoneClusterImpl-57037ed3-0523-4bc8-ad5a-d167f12c453e/datanode-0/data/ratis/ad73ef74-c9ce-4bb5-9d54-ea2c813d2fcf does not exist. Creating ...
2019-09-25 07:30:08,519 [pool-227-thread-1] INFO  storage.RaftStorageDirectory (RaftStorageDirectory.java:tryLock(328)) - Lock on /workdir/hadoop-ozone/ozonefs/target/test-dir/MiniOzoneClusterImpl-57037ed3-0523-4bc8-ad5a-d167f12c453e/datanode-0/data/ratis/ad73ef74-c9ce-4bb5-9d54-ea2c813d2fcf/in_use.lock acquired by nodename 17738@pr-hdds-1569-x2sr2-3486766547
2019-09-25 07:30:08,536 [pool-227-thread-1] INFO  storage.RaftStorage (RaftStorage.java:format(72)) - Storage directory /workdir/hadoop-ozone/ozonefs/target/test-dir/MiniOzoneClusterImpl-57037ed3-0523-4bc8-ad5a-d167f12c453e/datanode-0/data/ratis/ad73ef74-c9ce-4bb5-9d54-ea2c813d2fcf has been successfully formatted.
2019-09-25 07:30:08,537 [pool-227-thread-1] INFO  ratis.ContainerStateMachine (ContainerStateMachine.java:loadSnapshot(230)) - group-EA2C813D2FCF: The snapshot info is null. Setting the last applied indexto:(t:0, i:~)
2019-09-25 07:30:08,537 [pool-227-thread-1] INFO  server.RaftServerConfigKeys (ConfUtils.java:logGet(43)) - raft.server.notification.no-leader.timeout = 120s (custom)
2019-09-25 07:30:08,537 [pool-227-thread-1] INFO  server.RaftServerConfigKeys (ConfUtils.java:logGet(43)) - raft.server.log.use.memory = false (default)
2019-09-25 07:30:08,537 [pool-227-thread-1] INFO  server.RaftServerConfigKeys (ConfUtils.java:logGet(43)) - raft.server.log.purge.gap = 1000000 (custom)
2019-09-25 07:30:08,537 [pool-227-thread-1] INFO  server.RaftServerConfigKeys (ConfUtils.java:logGet(43)) - raft.server.log.appender.buffer.byte-limit = 33554432 (custom)
2019-09-25 07:30:08,537 [pool-227-thread-1] INFO  server.RaftServerConfigKeys (ConfUtils.java:logGet(43)) - raft.server.log.segment.size.max = 1048576 (custom)
2019-09-25 07:30:08,538 [pool-227-thread-1] INFO  server.RaftServerConfigKeys (ConfUtils.java:logGet(43)) - raft.server.log.segment.cache.num.max = 2 (custom)
2019-09-25 07:30:08,538 [pool-227-thread-1] INFO  segmented.SegmentedRaftLogWorker (SegmentedRaftLogWorker.java:<init>(172)) - new 09afdf22-db9f-48fb-806c-c28d48031caf@group-EA2C813D2FCF-SegmentedRaftLogWorker for RaftStorage:Storage Directory /workdir/hadoop-ozone/ozonefs/target/test-dir/MiniOzoneClusterImpl-57037ed3-0523-4bc8-ad5a-d167f12c453e/datanode-0/data/ratis/ad73ef74-c9ce-4bb5-9d54-ea2c813d2fcf
2019-09-25 07:30:08,538 [pool-227-thread-1] INFO  server.RaftServerConfigKeys (ConfUtils.java:logGet(43)) - raft.server.log.queue.byte-limit = 2147483647 (custom)
2019-09-25 07:30:08,538 [pool-227-thread-1] INFO  server.RaftServerConfigKeys (ConfUtils.java:logGet(43)) - raft.server.log.queue.element-limit = 1024 (custom)
2019-09-25 07:30:08,538 [pool-227-thread-1] INFO  server.RaftServerConfigKeys (ConfUtils.java:logGet(43)) - raft.server.log.segment.size.max = 1048576 (custom)
2019-09-25 07:30:08,538 [pool-227-thread-1] INFO  server.RaftServerConfigKeys (ConfUtils.java:logGet(43)) - raft.server.log.preallocated.size = 16384 (custom)
2019-09-25 07:30:08,538 [pool-227-thread-1] INFO  server.RaftServerConfigKeys (ConfUtils.java:logGet(43)) - raft.server.log.write.buffer.size = 33554432 (custom)
2019-09-25 07:30:08,538 [pool-227-thread-1] INFO  server.RaftServerConfigKeys (ConfUtils.java:logGet(43)) - raft.server.log.force.sync.num = 128 (default)
2019-09-25 07:30:08,539 [pool-227-thread-1] INFO  server.RaftServerConfigKeys (ConfUtils.java:logGet(43)) - raft.server.log.statemachine.data.sync = true (default)
2019-09-25 07:30:08,539 [pool-227-thread-1] INFO  server.RaftServerConfigKeys (ConfUtils.java:logGet(43)) - raft.server.log.statemachine.data.sync.timeout = 10s (default)
2019-09-25 07:30:08,539 [pool-227-thread-1] INFO  server.RaftServerConfigKeys (ConfUtils.java:logGet(43)) - raft.server.log.statemachine.data.sync.timeout.retry = -1 (default)
2019-09-25 07:30:08,539 [pool-227-thread-1] INFO  server.RaftServerConfigKeys (ConfUtils.java:logGet(43)) - raft.server.log.statemachine.data.caching.enabled = true (custom)
2019-09-25 07:30:08,539 [pool-227-thread-1] INFO  segmented.SegmentedRaftLogWorker (SegmentedRaftLogWorker.java:lambda$new$0(132)) - 09afdf22-db9f-48fb-806c-c28d48031caf@group-EA2C813D2FCF-SegmentedRaftLogWorker: flushIndex: setUnconditionally 0 -> -1
2019-09-25 07:30:08,540 [pool-227-thread-1] INFO  server.RaftServerConfigKeys (ConfUtils.java:logGet(43)) - raft.server.snapshot.auto.trigger.enabled = true (custom)
2019-09-25 07:30:08,540 [pool-227-thread-1] INFO  server.RaftServerConfigKeys (ConfUtils.java:logGet(43)) - raft.server.snapshot.auto.trigger.threshold = 10000 (custom)
2019-09-25 07:30:08,540 [pool-227-thread-1] INFO  server.RaftServerConfigKeys (ConfUtils.java:logGet(43)) - raft.server.snapshot.retention.num.files = 5 (custom)
2019-09-25 07:30:08,540 [pool-227-thread-1] INFO  server.RaftServerConfigKeys (ConfUtils.java:logGet(43)) - raft.server.retrycache.expirytime = 600000ms (custom)
2019-09-25 07:30:08,542 [pool-227-thread-1] INFO  impl.RaftServerImpl (RaftServerImpl.java:start(185)) - 09afdf22-db9f-48fb-806c-c28d48031caf@group-EA2C813D2FCF: start as a follower, conf=-1: [09afdf22-db9f-48fb-806c-c28d48031caf:192.168.151.106:43048], old=null
2019-09-25 07:30:08,542 [pool-227-thread-1] INFO  impl.RaftServerImpl (RaftServerImpl.java:setRole(174)) - 09afdf22-db9f-48fb-806c-c28d48031caf@group-EA2C813D2FCF: changes role from      null to FOLLOWER at term 0 for startAsFollower
2019-09-25 07:30:08,542 [pool-227-thread-1] INFO  impl.RoleInfo (RoleInfo.java:updateAndGet(143)) - 09afdf22-db9f-48fb-806c-c28d48031caf: start FollowerState
2019-09-25 07:30:08,542 [pool-227-thread-1] INFO  util.JmxRegister (JmxRegister.java:tryRegister(44)) - Successfully registered JMX Bean with object name Ratis:service=RaftServer,group=group-EA2C813D2FCF,id=09afdf22-db9f-48fb-806c-c28d48031caf
2019-09-25 07:30:08,545 [RatisPipelineUtilsThread] INFO  pipeline.PipelineStateManager (PipelineStateManager.java:addPipeline(56)) - Created pipeline Pipeline[ Id: ad73ef74-c9ce-4bb5-9d54-ea2c813d2fcf, Nodes: 09afdf22-db9f-48fb-806c-c28d48031caf{ip: 192.168.151.106, host: pr-hdds-1569-x2sr2-3486766547, networkLocation: /default-rack, certSerialId: null}, Type:RATIS, Factor:ONE, State:OPEN]
2019-09-25 07:30:08,551 [grpc-default-executor-0] INFO  impl.RaftServerProxy (RaftServerProxy.java:addNew(89)) - 1a823cc7-99a6-4d64-9e33-d8d28813a5c6: addNew group-E53B8FBDBB56:[1a823cc7-99a6-4d64-9e33-d8d28813a5c6:192.168.151.106:35382] returns group-E53B8FBDBB56:java.util.concurrent.CompletableFuture@2b9c0ea3[Not completed]
2019-09-25 07:30:08,552 [pool-237-thread-1] INFO  impl.RaftServerImpl (RaftServerImpl.java:<init>(95)) - 1a823cc7-99a6-4d64-9e33-d8d28813a5c6: new RaftServerImpl for group-E53B8FBDBB56:[1a823cc7-99a6-4d64-9e33-d8d28813a5c6:192.168.151.106:35382] with ContainerStateMachine:uninitialized
2019-09-25 07:30:08,552 [pool-237-thread-1] INFO  server.RaftServerConfigKeys (ConfUtils.java:logGet(43)) - raft.server.rpc.timeout.min = 5s (custom)
2019-09-25 07:30:08,552 [pool-237-thread-1] INFO  server.RaftServerConfigKeys (ConfUtils.java:logGet(43)) - raft.server.rpc.timeout.max = 5200ms (custom)
2019-09-25 07:30:08,552 [pool-237-thread-1] INFO  server.RaftServerConfigKeys (ConfUtils.java:logGet(43)) - raft.server.rpcslowness.timeout = 120s (custom)
2019-09-25 07:30:08,553 [pool-237-thread-1] INFO  server.RaftServerConfigKeys (ConfUtils.java:logGet(43)) - raft.server.sleep.deviation.threshold = 300 (default)
2019-09-25 07:30:08,553 [pool-237-thread-1] INFO  server.RaftServerConfigKeys (ConfUtils.java:logGet(43)) - raft.server.log.appender.install.snapshot.enabled = false (custom)
2019-09-25 07:30:08,553 [pool-237-thread-1] INFO  impl.RaftServerImpl (ServerState.java:<init>(103)) - 1a823cc7-99a6-4d64-9e33-d8d28813a5c6@group-E53B8FBDBB56: ConfigurationManager, init=-1: [1a823cc7-99a6-4d64-9e33-d8d28813a5c6:192.168.151.106:35382], old=null, confs=<EMPTY_MAP>
2019-09-25 07:30:08,553 [pool-237-thread-1] INFO  server.RaftServerConfigKeys (ConfUtils.java:logGet(43)) - raft.server.storage.dir = [/workdir/hadoop-ozone/ozonefs/target/test-dir/MiniOzoneClusterImpl-57037ed3-0523-4bc8-ad5a-d167f12c453e/datanode-1/data/ratis] (custom)
2019-09-25 07:30:08,553 [pool-237-thread-1] INFO  storage.RaftStorageDirectory (RaftStorageDirectory.java:analyzeStorage(246)) - The storage directory /workdir/hadoop-ozone/ozonefs/target/test-dir/MiniOzoneClusterImpl-57037ed3-0523-4bc8-ad5a-d167f12c453e/datanode-1/data/ratis/f0323337-3d32-489c-aa42-e53b8fbdbb56 does not exist. Creating ...
2019-09-25 07:30:08,578 [pool-237-thread-1] INFO  storage.RaftStorageDirectory (RaftStorageDirectory.java:tryLock(328)) - Lock on /workdir/hadoop-ozone/ozonefs/target/test-dir/MiniOzoneClusterImpl-57037ed3-0523-4bc8-ad5a-d167f12c453e/datanode-1/data/ratis/f0323337-3d32-489c-aa42-e53b8fbdbb56/in_use.lock acquired by nodename 17738@pr-hdds-1569-x2sr2-3486766547
2019-09-25 07:30:08,604 [pool-237-thread-1] INFO  storage.RaftStorage (RaftStorage.java:format(72)) - Storage directory /workdir/hadoop-ozone/ozonefs/target/test-dir/MiniOzoneClusterImpl-57037ed3-0523-4bc8-ad5a-d167f12c453e/datanode-1/data/ratis/f0323337-3d32-489c-aa42-e53b8fbdbb56 has been successfully formatted.
2019-09-25 07:30:08,604 [pool-237-thread-1] INFO  ratis.ContainerStateMachine (ContainerStateMachine.java:loadSnapshot(230)) - group-E53B8FBDBB56: The snapshot info is null. Setting the last applied indexto:(t:0, i:~)
2019-09-25 07:30:08,605 [pool-237-thread-1] INFO  server.RaftServerConfigKeys (ConfUtils.java:logGet(43)) - raft.server.notification.no-leader.timeout = 120s (custom)
2019-09-25 07:30:08,605 [pool-237-thread-1] INFO  server.RaftServerConfigKeys (ConfUtils.java:logGet(43)) - raft.server.log.use.memory = false (default)
2019-09-25 07:30:08,605 [pool-237-thread-1] INFO  server.RaftServerConfigKeys (ConfUtils.java:logGet(43)) - raft.server.log.purge.gap = 1000000 (custom)
2019-09-25 07:30:08,605 [pool-237-thread-1] INFO  server.RaftServerConfigKeys (ConfUtils.java:logGet(43)) - raft.server.log.appender.buffer.byte-limit = 33554432 (custom)
2019-09-25 07:30:08,605 [pool-237-thread-1] INFO  server.RaftServerConfigKeys (ConfUtils.java:logGet(43)) - raft.server.log.segment.size.max = 1048576 (custom)
2019-09-25 07:30:08,605 [pool-237-thread-1] INFO  server.RaftServerConfigKeys (ConfUtils.java:logGet(43)) - raft.server.log.segment.cache.num.max = 2 (custom)
2019-09-25 07:30:08,605 [pool-237-thread-1] INFO  segmented.SegmentedRaftLogWorker (SegmentedRaftLogWorker.java:<init>(172)) - new 1a823cc7-99a6-4d64-9e33-d8d28813a5c6@group-E53B8FBDBB56-SegmentedRaftLogWorker for RaftStorage:Storage Directory /workdir/hadoop-ozone/ozonefs/target/test-dir/MiniOzoneClusterImpl-57037ed3-0523-4bc8-ad5a-d167f12c453e/datanode-1/data/ratis/f0323337-3d32-489c-aa42-e53b8fbdbb56
2019-09-25 07:30:08,606 [pool-237-thread-1] INFO  server.RaftServerConfigKeys (ConfUtils.java:logGet(43)) - raft.server.log.queue.byte-limit = 2147483647 (custom)
2019-09-25 07:30:08,606 [pool-237-thread-1] INFO  server.RaftServerConfigKeys (ConfUtils.java:logGet(43)) - raft.server.log.queue.element-limit = 1024 (custom)
2019-09-25 07:30:08,606 [pool-237-thread-1] INFO  server.RaftServerConfigKeys (ConfUtils.java:logGet(43)) - raft.server.log.segment.size.max = 1048576 (custom)
2019-09-25 07:30:08,606 [pool-237-thread-1] INFO  server.RaftServerConfigKeys (ConfUtils.java:logGet(43)) - raft.server.log.preallocated.size = 16384 (custom)
2019-09-25 07:30:08,606 [pool-237-thread-1] INFO  server.RaftServerConfigKeys (ConfUtils.java:logGet(43)) - raft.server.log.write.buffer.size = 33554432 (custom)
2019-09-25 07:30:08,606 [pool-237-thread-1] INFO  server.RaftServerConfigKeys (ConfUtils.java:logGet(43)) - raft.server.log.force.sync.num = 128 (default)
2019-09-25 07:30:08,606 [pool-237-thread-1] INFO  server.RaftServerConfigKeys (ConfUtils.java:logGet(43)) - raft.server.log.statemachine.data.sync = true (default)
2019-09-25 07:30:08,606 [pool-237-thread-1] INFO  server.RaftServerConfigKeys (ConfUtils.java:logGet(43)) - raft.server.log.statemachine.data.sync.timeout = 10s (default)
2019-09-25 07:30:08,606 [pool-237-thread-1] INFO  server.RaftServerConfigKeys (ConfUtils.java:logGet(43)) - raft.server.log.statemachine.data.sync.timeout.retry = -1 (default)
2019-09-25 07:30:08,607 [pool-237-thread-1] INFO  server.RaftServerConfigKeys (ConfUtils.java:logGet(43)) - raft.server.log.statemachine.data.caching.enabled = true (custom)
2019-09-25 07:30:08,607 [pool-237-thread-1] INFO  segmented.SegmentedRaftLogWorker (SegmentedRaftLogWorker.java:lambda$new$0(132)) - 1a823cc7-99a6-4d64-9e33-d8d28813a5c6@group-E53B8FBDBB56-SegmentedRaftLogWorker: flushIndex: setUnconditionally 0 -> -1
2019-09-25 07:30:08,607 [pool-237-thread-1] INFO  server.RaftServerConfigKeys (ConfUtils.java:logGet(43)) - raft.server.snapshot.auto.trigger.enabled = true (custom)
2019-09-25 07:30:08,607 [pool-237-thread-1] INFO  server.RaftServerConfigKeys (ConfUtils.java:logGet(43)) - raft.server.snapshot.auto.trigger.threshold = 10000 (custom)
2019-09-25 07:30:08,607 [pool-237-thread-1] INFO  server.RaftServerConfigKeys (ConfUtils.java:logGet(43)) - raft.server.snapshot.retention.num.files = 5 (custom)
2019-09-25 07:30:08,608 [pool-237-thread-1] INFO  server.RaftServerConfigKeys (ConfUtils.java:logGet(43)) - raft.server.retrycache.expirytime = 600000ms (custom)
2019-09-25 07:30:08,609 [pool-237-thread-1] INFO  impl.RaftServerImpl (RaftServerImpl.java:start(185)) - 1a823cc7-99a6-4d64-9e33-d8d28813a5c6@group-E53B8FBDBB56: start as a follower, conf=-1: [1a823cc7-99a6-4d64-9e33-d8d28813a5c6:192.168.151.106:35382], old=null
2019-09-25 07:30:08,609 [pool-237-thread-1] INFO  impl.RaftServerImpl (RaftServerImpl.java:setRole(174)) - 1a823cc7-99a6-4d64-9e33-d8d28813a5c6@group-E53B8FBDBB56: changes role from      null to FOLLOWER at term 0 for startAsFollower
2019-09-25 07:30:08,609 [pool-237-thread-1] INFO  impl.RoleInfo (RoleInfo.java:updateAndGet(143)) - 1a823cc7-99a6-4d64-9e33-d8d28813a5c6: start FollowerState
2019-09-25 07:30:08,610 [pool-237-thread-1] INFO  util.JmxRegister (JmxRegister.java:tryRegister(44)) - Successfully registered JMX Bean with object name Ratis:service=RaftServer,group=group-E53B8FBDBB56,id=1a823cc7-99a6-4d64-9e33-d8d28813a5c6
2019-09-25 07:30:08,613 [RatisPipelineUtilsThread] INFO  pipeline.PipelineStateManager (PipelineStateManager.java:addPipeline(56)) - Created pipeline Pipeline[ Id: f0323337-3d32-489c-aa42-e53b8fbdbb56, Nodes: 1a823cc7-99a6-4d64-9e33-d8d28813a5c6{ip: 192.168.151.106, host: pr-hdds-1569-x2sr2-3486766547, networkLocation: /default-rack, certSerialId: null}, Type:RATIS, Factor:ONE, State:OPEN]
2019-09-25 07:30:08,619 [grpc-default-executor-0] INFO  impl.RaftServerProxy (RaftServerProxy.java:addNew(89)) - 1a823cc7-99a6-4d64-9e33-d8d28813a5c6: addNew group-EF285F0ECC59:[1a823cc7-99a6-4d64-9e33-d8d28813a5c6:192.168.151.106:35382] returns group-EF285F0ECC59:java.util.concurrent.CompletableFuture@85e87dd[Not completed]
2019-09-25 07:30:08,620 [pool-237-thread-1] INFO  impl.RaftServerImpl (RaftServerImpl.java:<init>(95)) - 1a823cc7-99a6-4d64-9e33-d8d28813a5c6: new RaftServerImpl for group-EF285F0ECC59:[1a823cc7-99a6-4d64-9e33-d8d28813a5c6:192.168.151.106:35382] with ContainerStateMachine:uninitialized
2019-09-25 07:30:08,620 [pool-237-thread-1] INFO  server.RaftServerConfigKeys (ConfUtils.java:logGet(43)) - raft.server.rpc.timeout.min = 5s (custom)
2019-09-25 07:30:08,620 [pool-237-thread-1] INFO  server.RaftServerConfigKeys (ConfUtils.java:logGet(43)) - raft.server.rpc.timeout.max = 5200ms (custom)
2019-09-25 07:30:08,620 [pool-237-thread-1] INFO  server.RaftServerConfigKeys (ConfUtils.java:logGet(43)) - raft.server.rpcslowness.timeout = 120s (custom)
2019-09-25 07:30:08,620 [pool-237-thread-1] INFO  server.RaftServerConfigKeys (ConfUtils.java:logGet(43)) - raft.server.sleep.deviation.threshold = 300 (default)
2019-09-25 07:30:08,620 [pool-237-thread-1] INFO  server.RaftServerConfigKeys (ConfUtils.java:logGet(43)) - raft.server.log.appender.install.snapshot.enabled = false (custom)
2019-09-25 07:30:08,620 [pool-237-thread-1] INFO  impl.RaftServerImpl (ServerState.java:<init>(103)) - 1a823cc7-99a6-4d64-9e33-d8d28813a5c6@group-EF285F0ECC59: ConfigurationManager, init=-1: [1a823cc7-99a6-4d64-9e33-d8d28813a5c6:192.168.151.106:35382], old=null, confs=<EMPTY_MAP>
2019-09-25 07:30:08,620 [pool-237-thread-1] INFO  server.RaftServerConfigKeys (ConfUtils.java:logGet(43)) - raft.server.storage.dir = [/workdir/hadoop-ozone/ozonefs/target/test-dir/MiniOzoneClusterImpl-57037ed3-0523-4bc8-ad5a-d167f12c453e/datanode-1/data/ratis] (custom)
2019-09-25 07:30:08,621 [pool-237-thread-1] INFO  storage.RaftStorageDirectory (RaftStorageDirectory.java:analyzeStorage(246)) - The storage directory /workdir/hadoop-ozone/ozonefs/target/test-dir/MiniOzoneClusterImpl-57037ed3-0523-4bc8-ad5a-d167f12c453e/datanode-1/data/ratis/54c00a98-8240-44a7-895a-ef285f0ecc59 does not exist. Creating ...
2019-09-25 07:30:08,646 [pool-237-thread-1] INFO  storage.RaftStorageDirectory (RaftStorageDirectory.java:tryLock(328)) - Lock on /workdir/hadoop-ozone/ozonefs/target/test-dir/MiniOzoneClusterImpl-57037ed3-0523-4bc8-ad5a-d167f12c453e/datanode-1/data/ratis/54c00a98-8240-44a7-895a-ef285f0ecc59/in_use.lock acquired by nodename 17738@pr-hdds-1569-x2sr2-3486766547
2019-09-25 07:30:08,671 [pool-237-thread-1] INFO  storage.RaftStorage (RaftStorage.java:format(72)) - Storage directory /workdir/hadoop-ozone/ozonefs/target/test-dir/MiniOzoneClusterImpl-57037ed3-0523-4bc8-ad5a-d167f12c453e/datanode-1/data/ratis/54c00a98-8240-44a7-895a-ef285f0ecc59 has been successfully formatted.
2019-09-25 07:30:08,672 [pool-237-thread-1] INFO  ratis.ContainerStateMachine (ContainerStateMachine.java:loadSnapshot(230)) - group-EF285F0ECC59: The snapshot info is null. Setting the last applied indexto:(t:0, i:~)
2019-09-25 07:30:08,672 [pool-237-thread-1] INFO  server.RaftServerConfigKeys (ConfUtils.java:logGet(43)) - raft.server.notification.no-leader.timeout = 120s (custom)
2019-09-25 07:30:08,672 [pool-237-thread-1] INFO  server.RaftServerConfigKeys (ConfUtils.java:logGet(43)) - raft.server.log.use.memory = false (default)
2019-09-25 07:30:08,672 [pool-237-thread-1] INFO  server.RaftServerConfigKeys (ConfUtils.java:logGet(43)) - raft.server.log.purge.gap = 1000000 (custom)
2019-09-25 07:30:08,672 [pool-237-thread-1] INFO  server.RaftServerConfigKeys (ConfUtils.java:logGet(43)) - raft.server.log.appender.buffer.byte-limit = 33554432 (custom)
2019-09-25 07:30:08,672 [pool-237-thread-1] INFO  server.RaftServerConfigKeys (ConfUtils.java:logGet(43)) - raft.server.log.segment.size.max = 1048576 (custom)
2019-09-25 07:30:08,672 [pool-237-thread-1] INFO  server.RaftServerConfigKeys (ConfUtils.java:logGet(43)) - raft.server.log.segment.cache.num.max = 2 (custom)
2019-09-25 07:30:08,672 [pool-237-thread-1] INFO  segmented.SegmentedRaftLogWorker (SegmentedRaftLogWorker.java:<init>(172)) - new 1a823cc7-99a6-4d64-9e33-d8d28813a5c6@group-EF285F0ECC59-SegmentedRaftLogWorker for RaftStorage:Storage Directory /workdir/hadoop-ozone/ozonefs/target/test-dir/MiniOzoneClusterImpl-57037ed3-0523-4bc8-ad5a-d167f12c453e/datanode-1/data/ratis/54c00a98-8240-44a7-895a-ef285f0ecc59
2019-09-25 07:30:08,672 [pool-237-thread-1] INFO  server.RaftServerConfigKeys (ConfUtils.java:logGet(43)) - raft.server.log.queue.byte-limit = 2147483647 (custom)
2019-09-25 07:30:08,673 [pool-237-thread-1] INFO  server.RaftServerConfigKeys (ConfUtils.java:logGet(43)) - raft.server.log.queue.element-limit = 1024 (custom)
2019-09-25 07:30:08,673 [pool-237-thread-1] INFO  server.RaftServerConfigKeys (ConfUtils.java:logGet(43)) - raft.server.log.segment.size.max = 1048576 (custom)
2019-09-25 07:30:08,673 [pool-237-thread-1] INFO  server.RaftServerConfigKeys (ConfUtils.java:logGet(43)) - raft.server.log.preallocated.size = 16384 (custom)
2019-09-25 07:30:08,673 [pool-237-thread-1] INFO  server.RaftServerConfigKeys (ConfUtils.java:logGet(43)) - raft.server.log.write.buffer.size = 33554432 (custom)
2019-09-25 07:30:08,673 [pool-237-thread-1] INFO  server.RaftServerConfigKeys (ConfUtils.java:logGet(43)) - raft.server.log.force.sync.num = 128 (default)
2019-09-25 07:30:08,673 [pool-237-thread-1] INFO  server.RaftServerConfigKeys (ConfUtils.java:logGet(43)) - raft.server.log.statemachine.data.sync = true (default)
2019-09-25 07:30:08,673 [pool-237-thread-1] INFO  server.RaftServerConfigKeys (ConfUtils.java:logGet(43)) - raft.server.log.statemachine.data.sync.timeout = 10s (default)
2019-09-25 07:30:08,673 [pool-237-thread-1] INFO  server.RaftServerConfigKeys (ConfUtils.java:logGet(43)) - raft.server.log.statemachine.data.sync.timeout.retry = -1 (default)
2019-09-25 07:30:08,673 [pool-237-thread-1] INFO  server.RaftServerConfigKeys (ConfUtils.java:logGet(43)) - raft.server.log.statemachine.data.caching.enabled = true (custom)
2019-09-25 07:30:08,674 [pool-237-thread-1] INFO  segmented.SegmentedRaftLogWorker (SegmentedRaftLogWorker.java:lambda$new$0(132)) - 1a823cc7-99a6-4d64-9e33-d8d28813a5c6@group-EF285F0ECC59-SegmentedRaftLogWorker: flushIndex: setUnconditionally 0 -> -1
2019-09-25 07:30:08,674 [pool-237-thread-1] INFO  server.RaftServerConfigKeys (ConfUtils.java:logGet(43)) - raft.server.snapshot.auto.trigger.enabled = true (custom)
2019-09-25 07:30:08,674 [pool-237-thread-1] INFO  server.RaftServerConfigKeys (ConfUtils.java:logGet(43)) - raft.server.snapshot.auto.trigger.threshold = 10000 (custom)
2019-09-25 07:30:08,674 [pool-237-thread-1] INFO  server.RaftServerConfigKeys (ConfUtils.java:logGet(43)) - raft.server.snapshot.retention.num.files = 5 (custom)
2019-09-25 07:30:08,674 [pool-237-thread-1] INFO  server.RaftServerConfigKeys (ConfUtils.java:logGet(43)) - raft.server.retrycache.expirytime = 600000ms (custom)
2019-09-25 07:30:08,676 [pool-237-thread-1] INFO  impl.RaftServerImpl (RaftServerImpl.java:start(185)) - 1a823cc7-99a6-4d64-9e33-d8d28813a5c6@group-EF285F0ECC59: start as a follower, conf=-1: [1a823cc7-99a6-4d64-9e33-d8d28813a5c6:192.168.151.106:35382], old=null
2019-09-25 07:30:08,676 [pool-237-thread-1] INFO  impl.RaftServerImpl (RaftServerImpl.java:setRole(174)) - 1a823cc7-99a6-4d64-9e33-d8d28813a5c6@group-EF285F0ECC59: changes role from      null to FOLLOWER at term 0 for startAsFollower
2019-09-25 07:30:08,676 [pool-237-thread-1] INFO  impl.RoleInfo (RoleInfo.java:updateAndGet(143)) - 1a823cc7-99a6-4d64-9e33-d8d28813a5c6: start FollowerState
2019-09-25 07:30:08,676 [pool-237-thread-1] INFO  util.JmxRegister (JmxRegister.java:tryRegister(44)) - Successfully registered JMX Bean with object name Ratis:service=RaftServer,group=group-EF285F0ECC59,id=1a823cc7-99a6-4d64-9e33-d8d28813a5c6
2019-09-25 07:30:08,679 [RatisPipelineUtilsThread] INFO  pipeline.PipelineStateManager (PipelineStateManager.java:addPipeline(56)) - Created pipeline Pipeline[ Id: 54c00a98-8240-44a7-895a-ef285f0ecc59, Nodes: 1a823cc7-99a6-4d64-9e33-d8d28813a5c6{ip: 192.168.151.106, host: pr-hdds-1569-x2sr2-3486766547, networkLocation: /default-rack, certSerialId: null}, Type:RATIS, Factor:ONE, State:OPEN]
2019-09-25 07:30:08,685 [grpc-default-executor-0] INFO  impl.RaftServerProxy (RaftServerProxy.java:addNew(89)) - 1a823cc7-99a6-4d64-9e33-d8d28813a5c6: addNew group-E3E119BC3B23:[1a823cc7-99a6-4d64-9e33-d8d28813a5c6:192.168.151.106:35382] returns group-E3E119BC3B23:java.util.concurrent.CompletableFuture@39d3fc02[Not completed]
2019-09-25 07:30:08,685 [pool-237-thread-1] INFO  impl.RaftServerImpl (RaftServerImpl.java:<init>(95)) - 1a823cc7-99a6-4d64-9e33-d8d28813a5c6: new RaftServerImpl for group-E3E119BC3B23:[1a823cc7-99a6-4d64-9e33-d8d28813a5c6:192.168.151.106:35382] with ContainerStateMachine:uninitialized
2019-09-25 07:30:08,685 [pool-237-thread-1] INFO  server.RaftServerConfigKeys (ConfUtils.java:logGet(43)) - raft.server.rpc.timeout.min = 5s (custom)
2019-09-25 07:30:08,686 [pool-237-thread-1] INFO  server.RaftServerConfigKeys (ConfUtils.java:logGet(43)) - raft.server.rpc.timeout.max = 5200ms (custom)
2019-09-25 07:30:08,686 [pool-237-thread-1] INFO  server.RaftServerConfigKeys (ConfUtils.java:logGet(43)) - raft.server.rpcslowness.timeout = 120s (custom)
2019-09-25 07:30:08,686 [pool-237-thread-1] INFO  server.RaftServerConfigKeys (ConfUtils.java:logGet(43)) - raft.server.sleep.deviation.threshold = 300 (default)
2019-09-25 07:30:08,686 [pool-237-thread-1] INFO  server.RaftServerConfigKeys (ConfUtils.java:logGet(43)) - raft.server.log.appender.install.snapshot.enabled = false (custom)
2019-09-25 07:30:08,686 [pool-237-thread-1] INFO  impl.RaftServerImpl (ServerState.java:<init>(103)) - 1a823cc7-99a6-4d64-9e33-d8d28813a5c6@group-E3E119BC3B23: ConfigurationManager, init=-1: [1a823cc7-99a6-4d64-9e33-d8d28813a5c6:192.168.151.106:35382], old=null, confs=<EMPTY_MAP>
2019-09-25 07:30:08,686 [pool-237-thread-1] INFO  server.RaftServerConfigKeys (ConfUtils.java:logGet(43)) - raft.server.storage.dir = [/workdir/hadoop-ozone/ozonefs/target/test-dir/MiniOzoneClusterImpl-57037ed3-0523-4bc8-ad5a-d167f12c453e/datanode-1/data/ratis] (custom)
2019-09-25 07:30:08,686 [pool-237-thread-1] INFO  storage.RaftStorageDirectory (RaftStorageDirectory.java:analyzeStorage(246)) - The storage directory /workdir/hadoop-ozone/ozonefs/target/test-dir/MiniOzoneClusterImpl-57037ed3-0523-4bc8-ad5a-d167f12c453e/datanode-1/data/ratis/42a1e09e-a4ac-4df0-adc1-e3e119bc3b23 does not exist. Creating ...
2019-09-25 07:30:08,713 [pool-237-thread-1] INFO  storage.RaftStorageDirectory (RaftStorageDirectory.java:tryLock(328)) - Lock on /workdir/hadoop-ozone/ozonefs/target/test-dir/MiniOzoneClusterImpl-57037ed3-0523-4bc8-ad5a-d167f12c453e/datanode-1/data/ratis/42a1e09e-a4ac-4df0-adc1-e3e119bc3b23/in_use.lock acquired by nodename 17738@pr-hdds-1569-x2sr2-3486766547
2019-09-25 07:30:08,739 [pool-237-thread-1] INFO  storage.RaftStorage (RaftStorage.java:format(72)) - Storage directory /workdir/hadoop-ozone/ozonefs/target/test-dir/MiniOzoneClusterImpl-57037ed3-0523-4bc8-ad5a-d167f12c453e/datanode-1/data/ratis/42a1e09e-a4ac-4df0-adc1-e3e119bc3b23 has been successfully formatted.
2019-09-25 07:30:08,739 [pool-237-thread-1] INFO  ratis.ContainerStateMachine (ContainerStateMachine.java:loadSnapshot(230)) - group-E3E119BC3B23: The snapshot info is null. Setting the last applied indexto:(t:0, i:~)
2019-09-25 07:30:08,739 [pool-237-thread-1] INFO  server.RaftServerConfigKeys (ConfUtils.java:logGet(43)) - raft.server.notification.no-leader.timeout = 120s (custom)
2019-09-25 07:30:08,739 [pool-237-thread-1] INFO  server.RaftServerConfigKeys (ConfUtils.java:logGet(43)) - raft.server.log.use.memory = false (default)
2019-09-25 07:30:08,740 [pool-237-thread-1] INFO  server.RaftServerConfigKeys (ConfUtils.java:logGet(43)) - raft.server.log.purge.gap = 1000000 (custom)
2019-09-25 07:30:08,740 [pool-237-thread-1] INFO  server.RaftServerConfigKeys (ConfUtils.java:logGet(43)) - raft.server.log.appender.buffer.byte-limit = 33554432 (custom)
2019-09-25 07:30:08,740 [pool-237-thread-1] INFO  server.RaftServerConfigKeys (ConfUtils.java:logGet(43)) - raft.server.log.segment.size.max = 1048576 (custom)
2019-09-25 07:30:08,740 [pool-237-thread-1] INFO  server.RaftServerConfigKeys (ConfUtils.java:logGet(43)) - raft.server.log.segment.cache.num.max = 2 (custom)
2019-09-25 07:30:08,740 [pool-237-thread-1] INFO  segmented.SegmentedRaftLogWorker (SegmentedRaftLogWorker.java:<init>(172)) - new 1a823cc7-99a6-4d64-9e33-d8d28813a5c6@group-E3E119BC3B23-SegmentedRaftLogWorker for RaftStorage:Storage Directory /workdir/hadoop-ozone/ozonefs/target/test-dir/MiniOzoneClusterImpl-57037ed3-0523-4bc8-ad5a-d167f12c453e/datanode-1/data/ratis/42a1e09e-a4ac-4df0-adc1-e3e119bc3b23
2019-09-25 07:30:08,740 [pool-237-thread-1] INFO  server.RaftServerConfigKeys (ConfUtils.java:logGet(43)) - raft.server.log.queue.byte-limit = 2147483647 (custom)
2019-09-25 07:30:08,741 [pool-237-thread-1] INFO  server.RaftServerConfigKeys (ConfUtils.java:logGet(43)) - raft.server.log.queue.element-limit = 1024 (custom)
2019-09-25 07:30:08,741 [pool-237-thread-1] INFO  server.RaftServerConfigKeys (ConfUtils.java:logGet(43)) - raft.server.log.segment.size.max = 1048576 (custom)
2019-09-25 07:30:08,741 [pool-237-thread-1] INFO  server.RaftServerConfigKeys (ConfUtils.java:logGet(43)) - raft.server.log.preallocated.size = 16384 (custom)
2019-09-25 07:30:08,741 [pool-237-thread-1] INFO  server.RaftServerConfigKeys (ConfUtils.java:logGet(43)) - raft.server.log.write.buffer.size = 33554432 (custom)
2019-09-25 07:30:08,741 [pool-237-thread-1] INFO  server.RaftServerConfigKeys (ConfUtils.java:logGet(43)) - raft.server.log.force.sync.num = 128 (default)
2019-09-25 07:30:08,741 [pool-237-thread-1] INFO  server.RaftServerConfigKeys (ConfUtils.java:logGet(43)) - raft.server.log.statemachine.data.sync = true (default)
2019-09-25 07:30:08,742 [pool-237-thread-1] INFO  server.RaftServerConfigKeys (ConfUtils.java:logGet(43)) - raft.server.log.statemachine.data.sync.timeout = 10s (default)
2019-09-25 07:30:08,742 [pool-237-thread-1] INFO  server.RaftServerConfigKeys (ConfUtils.java:logGet(43)) - raft.server.log.statemachine.data.sync.timeout.retry = -1 (default)
2019-09-25 07:30:08,742 [pool-237-thread-1] INFO  server.RaftServerConfigKeys (ConfUtils.java:logGet(43)) - raft.server.log.statemachine.data.caching.enabled = true (custom)
2019-09-25 07:30:08,742 [pool-237-thread-1] INFO  segmented.SegmentedRaftLogWorker (SegmentedRaftLogWorker.java:lambda$new$0(132)) - 1a823cc7-99a6-4d64-9e33-d8d28813a5c6@group-E3E119BC3B23-SegmentedRaftLogWorker: flushIndex: setUnconditionally 0 -> -1
2019-09-25 07:30:08,743 [pool-237-thread-1] INFO  server.RaftServerConfigKeys (ConfUtils.java:logGet(43)) - raft.server.snapshot.auto.trigger.enabled = true (custom)
2019-09-25 07:30:08,743 [pool-237-thread-1] INFO  server.RaftServerConfigKeys (ConfUtils.java:logGet(43)) - raft.server.snapshot.auto.trigger.threshold = 10000 (custom)
2019-09-25 07:30:08,743 [pool-237-thread-1] INFO  server.RaftServerConfigKeys (ConfUtils.java:logGet(43)) - raft.server.snapshot.retention.num.files = 5 (custom)
2019-09-25 07:30:08,743 [pool-237-thread-1] INFO  server.RaftServerConfigKeys (ConfUtils.java:logGet(43)) - raft.server.retrycache.expirytime = 600000ms (custom)
2019-09-25 07:30:08,745 [pool-237-thread-1] INFO  impl.RaftServerImpl (RaftServerImpl.java:start(185)) - 1a823cc7-99a6-4d64-9e33-d8d28813a5c6@group-E3E119BC3B23: start as a follower, conf=-1: [1a823cc7-99a6-4d64-9e33-d8d28813a5c6:192.168.151.106:35382], old=null
2019-09-25 07:30:08,745 [pool-237-thread-1] INFO  impl.RaftServerImpl (RaftServerImpl.java:setRole(174)) - 1a823cc7-99a6-4d64-9e33-d8d28813a5c6@group-E3E119BC3B23: changes role from      null to FOLLOWER at term 0 for startAsFollower
2019-09-25 07:30:08,745 [pool-237-thread-1] INFO  impl.RoleInfo (RoleInfo.java:updateAndGet(143)) - 1a823cc7-99a6-4d64-9e33-d8d28813a5c6: start FollowerState
2019-09-25 07:30:08,746 [pool-237-thread-1] INFO  util.JmxRegister (JmxRegister.java:tryRegister(44)) - Successfully registered JMX Bean with object name Ratis:service=RaftServer,group=group-E3E119BC3B23,id=1a823cc7-99a6-4d64-9e33-d8d28813a5c6
2019-09-25 07:30:08,748 [RatisPipelineUtilsThread] INFO  pipeline.PipelineStateManager (PipelineStateManager.java:addPipeline(56)) - Created pipeline Pipeline[ Id: 42a1e09e-a4ac-4df0-adc1-e3e119bc3b23, Nodes: 1a823cc7-99a6-4d64-9e33-d8d28813a5c6{ip: 192.168.151.106, host: pr-hdds-1569-x2sr2-3486766547, networkLocation: /default-rack, certSerialId: null}, Type:RATIS, Factor:ONE, State:OPEN]
2019-09-25 07:30:08,754 [grpc-default-executor-0] INFO  impl.RaftServerProxy (RaftServerProxy.java:addNew(89)) - 09afdf22-db9f-48fb-806c-c28d48031caf: addNew group-546F63140351:[09afdf22-db9f-48fb-806c-c28d48031caf:192.168.151.106:43048] returns group-546F63140351:java.util.concurrent.CompletableFuture@6a6cb924[Not completed]
2019-09-25 07:30:08,754 [pool-227-thread-1] INFO  impl.RaftServerImpl (RaftServerImpl.java:<init>(95)) - 09afdf22-db9f-48fb-806c-c28d48031caf: new RaftServerImpl for group-546F63140351:[09afdf22-db9f-48fb-806c-c28d48031caf:192.168.151.106:43048] with ContainerStateMachine:uninitialized
2019-09-25 07:30:08,755 [pool-227-thread-1] INFO  server.RaftServerConfigKeys (ConfUtils.java:logGet(43)) - raft.server.rpc.timeout.min = 5s (custom)
2019-09-25 07:30:08,755 [pool-227-thread-1] INFO  server.RaftServerConfigKeys (ConfUtils.java:logGet(43)) - raft.server.rpc.timeout.max = 5200ms (custom)
2019-09-25 07:30:08,755 [pool-227-thread-1] INFO  server.RaftServerConfigKeys (ConfUtils.java:logGet(43)) - raft.server.rpcslowness.timeout = 120s (custom)
2019-09-25 07:30:08,755 [pool-227-thread-1] INFO  server.RaftServerConfigKeys (ConfUtils.java:logGet(43)) - raft.server.sleep.deviation.threshold = 300 (default)
2019-09-25 07:30:08,755 [pool-227-thread-1] INFO  server.RaftServerConfigKeys (ConfUtils.java:logGet(43)) - raft.server.log.appender.install.snapshot.enabled = false (custom)
2019-09-25 07:30:08,755 [pool-227-thread-1] INFO  impl.RaftServerImpl (ServerState.java:<init>(103)) - 09afdf22-db9f-48fb-806c-c28d48031caf@group-546F63140351: ConfigurationManager, init=-1: [09afdf22-db9f-48fb-806c-c28d48031caf:192.168.151.106:43048], old=null, confs=<EMPTY_MAP>
2019-09-25 07:30:08,756 [pool-227-thread-1] INFO  server.RaftServerConfigKeys (ConfUtils.java:logGet(43)) - raft.server.storage.dir = [/workdir/hadoop-ozone/ozonefs/target/test-dir/MiniOzoneClusterImpl-57037ed3-0523-4bc8-ad5a-d167f12c453e/datanode-0/data/ratis] (custom)
2019-09-25 07:30:08,756 [pool-227-thread-1] INFO  storage.RaftStorageDirectory (RaftStorageDirectory.java:analyzeStorage(246)) - The storage directory /workdir/hadoop-ozone/ozonefs/target/test-dir/MiniOzoneClusterImpl-57037ed3-0523-4bc8-ad5a-d167f12c453e/datanode-0/data/ratis/1bddc859-d3b5-4a19-afc4-546f63140351 does not exist. Creating ...
2019-09-25 07:30:08,781 [pool-227-thread-1] INFO  storage.RaftStorageDirectory (RaftStorageDirectory.java:tryLock(328)) - Lock on /workdir/hadoop-ozone/ozonefs/target/test-dir/MiniOzoneClusterImpl-57037ed3-0523-4bc8-ad5a-d167f12c453e/datanode-0/data/ratis/1bddc859-d3b5-4a19-afc4-546f63140351/in_use.lock acquired by nodename 17738@pr-hdds-1569-x2sr2-3486766547
2019-09-25 07:30:08,832 [pool-227-thread-1] INFO  storage.RaftStorage (RaftStorage.java:format(72)) - Storage directory /workdir/hadoop-ozone/ozonefs/target/test-dir/MiniOzoneClusterImpl-57037ed3-0523-4bc8-ad5a-d167f12c453e/datanode-0/data/ratis/1bddc859-d3b5-4a19-afc4-546f63140351 has been successfully formatted.
2019-09-25 07:30:08,832 [pool-227-thread-1] INFO  ratis.ContainerStateMachine (ContainerStateMachine.java:loadSnapshot(230)) - group-546F63140351: The snapshot info is null. Setting the last applied indexto:(t:0, i:~)
2019-09-25 07:30:08,833 [pool-227-thread-1] INFO  server.RaftServerConfigKeys (ConfUtils.java:logGet(43)) - raft.server.notification.no-leader.timeout = 120s (custom)
2019-09-25 07:30:08,833 [pool-227-thread-1] INFO  server.RaftServerConfigKeys (ConfUtils.java:logGet(43)) - raft.server.log.use.memory = false (default)
2019-09-25 07:30:08,833 [pool-227-thread-1] INFO  server.RaftServerConfigKeys (ConfUtils.java:logGet(43)) - raft.server.log.purge.gap = 1000000 (custom)
2019-09-25 07:30:08,833 [pool-227-thread-1] INFO  server.RaftServerConfigKeys (ConfUtils.java:logGet(43)) - raft.server.log.appender.buffer.byte-limit = 33554432 (custom)
2019-09-25 07:30:08,833 [pool-227-thread-1] INFO  server.RaftServerConfigKeys (ConfUtils.java:logGet(43)) - raft.server.log.segment.size.max = 1048576 (custom)
2019-09-25 07:30:08,833 [pool-227-thread-1] INFO  server.RaftServerConfigKeys (ConfUtils.java:logGet(43)) - raft.server.log.segment.cache.num.max = 2 (custom)
2019-09-25 07:30:08,834 [pool-227-thread-1] INFO  segmented.SegmentedRaftLogWorker (SegmentedRaftLogWorker.java:<init>(172)) - new 09afdf22-db9f-48fb-806c-c28d48031caf@group-546F63140351-SegmentedRaftLogWorker for RaftStorage:Storage Directory /workdir/hadoop-ozone/ozonefs/target/test-dir/MiniOzoneClusterImpl-57037ed3-0523-4bc8-ad5a-d167f12c453e/datanode-0/data/ratis/1bddc859-d3b5-4a19-afc4-546f63140351
2019-09-25 07:30:08,834 [pool-227-thread-1] INFO  server.RaftServerConfigKeys (ConfUtils.java:logGet(43)) - raft.server.log.queue.byte-limit = 2147483647 (custom)
2019-09-25 07:30:08,834 [pool-227-thread-1] INFO  server.RaftServerConfigKeys (ConfUtils.java:logGet(43)) - raft.server.log.queue.element-limit = 1024 (custom)
2019-09-25 07:30:08,834 [pool-227-thread-1] INFO  server.RaftServerConfigKeys (ConfUtils.java:logGet(43)) - raft.server.log.segment.size.max = 1048576 (custom)
2019-09-25 07:30:08,834 [pool-227-thread-1] INFO  server.RaftServerConfigKeys (ConfUtils.java:logGet(43)) - raft.server.log.preallocated.size = 16384 (custom)
2019-09-25 07:30:08,834 [pool-227-thread-1] INFO  server.RaftServerConfigKeys (ConfUtils.java:logGet(43)) - raft.server.log.write.buffer.size = 33554432 (custom)
2019-09-25 07:30:08,835 [pool-227-thread-1] INFO  server.RaftServerConfigKeys (ConfUtils.java:logGet(43)) - raft.server.log.force.sync.num = 128 (default)
2019-09-25 07:30:08,835 [pool-227-thread-1] INFO  server.RaftServerConfigKeys (ConfUtils.java:logGet(43)) - raft.server.log.statemachine.data.sync = true (default)
2019-09-25 07:30:08,835 [pool-227-thread-1] INFO  server.RaftServerConfigKeys (ConfUtils.java:logGet(43)) - raft.server.log.statemachine.data.sync.timeout = 10s (default)
2019-09-25 07:30:08,835 [pool-227-thread-1] INFO  server.RaftServerConfigKeys (ConfUtils.java:logGet(43)) - raft.server.log.statemachine.data.sync.timeout.retry = -1 (default)
2019-09-25 07:30:08,835 [pool-227-thread-1] INFO  server.RaftServerConfigKeys (ConfUtils.java:logGet(43)) - raft.server.log.statemachine.data.caching.enabled = true (custom)
2019-09-25 07:30:08,835 [pool-227-thread-1] INFO  segmented.SegmentedRaftLogWorker (SegmentedRaftLogWorker.java:lambda$new$0(132)) - 09afdf22-db9f-48fb-806c-c28d48031caf@group-546F63140351-SegmentedRaftLogWorker: flushIndex: setUnconditionally 0 -> -1
2019-09-25 07:30:08,836 [pool-227-thread-1] INFO  server.RaftServerConfigKeys (ConfUtils.java:logGet(43)) - raft.server.snapshot.auto.trigger.enabled = true (custom)
2019-09-25 07:30:08,836 [pool-227-thread-1] INFO  server.RaftServerConfigKeys (ConfUtils.java:logGet(43)) - raft.server.snapshot.auto.trigger.threshold = 10000 (custom)
2019-09-25 07:30:08,836 [pool-227-thread-1] INFO  server.RaftServerConfigKeys (ConfUtils.java:logGet(43)) - raft.server.snapshot.retention.num.files = 5 (custom)
2019-09-25 07:30:08,836 [pool-227-thread-1] INFO  server.RaftServerConfigKeys (ConfUtils.java:logGet(43)) - raft.server.retrycache.expirytime = 600000ms (custom)
2019-09-25 07:30:08,838 [pool-227-thread-1] INFO  impl.RaftServerImpl (RaftServerImpl.java:start(185)) - 09afdf22-db9f-48fb-806c-c28d48031caf@group-546F63140351: start as a follower, conf=-1: [09afdf22-db9f-48fb-806c-c28d48031caf:192.168.151.106:43048], old=null
2019-09-25 07:30:08,838 [pool-227-thread-1] INFO  impl.RaftServerImpl (RaftServerImpl.java:setRole(174)) - 09afdf22-db9f-48fb-806c-c28d48031caf@group-546F63140351: changes role from      null to FOLLOWER at term 0 for startAsFollower
2019-09-25 07:30:08,838 [pool-227-thread-1] INFO  impl.RoleInfo (RoleInfo.java:updateAndGet(143)) - 09afdf22-db9f-48fb-806c-c28d48031caf: start FollowerState
2019-09-25 07:30:08,839 [pool-227-thread-1] INFO  util.JmxRegister (JmxRegister.java:tryRegister(44)) - Successfully registered JMX Bean with object name Ratis:service=RaftServer,group=group-546F63140351,id=09afdf22-db9f-48fb-806c-c28d48031caf
2019-09-25 07:30:08,841 [RatisPipelineUtilsThread] INFO  pipeline.PipelineStateManager (PipelineStateManager.java:addPipeline(56)) - Created pipeline Pipeline[ Id: 1bddc859-d3b5-4a19-afc4-546f63140351, Nodes: 09afdf22-db9f-48fb-806c-c28d48031caf{ip: 192.168.151.106, host: pr-hdds-1569-x2sr2-3486766547, networkLocation: /default-rack, certSerialId: null}, Type:RATIS, Factor:ONE, State:OPEN]
2019-09-25 07:30:08,842 [RatisPipelineUtilsThread] INFO  pipeline.PipelinePlacementPolicy (PipelinePlacementPolicy.java:meetCriteria(91)) - Pipeline Placement: can't place more pipeline on heavy datanode： 09afdf22-db9f-48fb-806c-c28d48031caf Heaviness: 6 limit: 5
2019-09-25 07:30:08,847 [grpc-default-executor-0] INFO  impl.RaftServerProxy (RaftServerProxy.java:addNew(89)) - 1a823cc7-99a6-4d64-9e33-d8d28813a5c6: addNew group-62C6A22A588D:[1a823cc7-99a6-4d64-9e33-d8d28813a5c6:192.168.151.106:35382] returns group-62C6A22A588D:java.util.concurrent.CompletableFuture@369d223a[Not completed]
2019-09-25 07:30:08,848 [pool-237-thread-1] INFO  impl.RaftServerImpl (RaftServerImpl.java:<init>(95)) - 1a823cc7-99a6-4d64-9e33-d8d28813a5c6: new RaftServerImpl for group-62C6A22A588D:[1a823cc7-99a6-4d64-9e33-d8d28813a5c6:192.168.151.106:35382] with ContainerStateMachine:uninitialized
2019-09-25 07:30:08,848 [pool-237-thread-1] INFO  server.RaftServerConfigKeys (ConfUtils.java:logGet(43)) - raft.server.rpc.timeout.min = 5s (custom)
2019-09-25 07:30:08,848 [pool-237-thread-1] INFO  server.RaftServerConfigKeys (ConfUtils.java:logGet(43)) - raft.server.rpc.timeout.max = 5200ms (custom)
2019-09-25 07:30:08,849 [pool-237-thread-1] INFO  server.RaftServerConfigKeys (ConfUtils.java:logGet(43)) - raft.server.rpcslowness.timeout = 120s (custom)
2019-09-25 07:30:08,849 [pool-237-thread-1] INFO  server.RaftServerConfigKeys (ConfUtils.java:logGet(43)) - raft.server.sleep.deviation.threshold = 300 (default)
2019-09-25 07:30:08,849 [pool-237-thread-1] INFO  server.RaftServerConfigKeys (ConfUtils.java:logGet(43)) - raft.server.log.appender.install.snapshot.enabled = false (custom)
2019-09-25 07:30:08,849 [pool-237-thread-1] INFO  impl.RaftServerImpl (ServerState.java:<init>(103)) - 1a823cc7-99a6-4d64-9e33-d8d28813a5c6@group-62C6A22A588D: ConfigurationManager, init=-1: [1a823cc7-99a6-4d64-9e33-d8d28813a5c6:192.168.151.106:35382], old=null, confs=<EMPTY_MAP>
2019-09-25 07:30:08,849 [pool-237-thread-1] INFO  server.RaftServerConfigKeys (ConfUtils.java:logGet(43)) - raft.server.storage.dir = [/workdir/hadoop-ozone/ozonefs/target/test-dir/MiniOzoneClusterImpl-57037ed3-0523-4bc8-ad5a-d167f12c453e/datanode-1/data/ratis] (custom)
2019-09-25 07:30:08,850 [pool-237-thread-1] INFO  storage.RaftStorageDirectory (RaftStorageDirectory.java:analyzeStorage(246)) - The storage directory /workdir/hadoop-ozone/ozonefs/target/test-dir/MiniOzoneClusterImpl-57037ed3-0523-4bc8-ad5a-d167f12c453e/datanode-1/data/ratis/be213255-e457-4d02-88ab-62c6a22a588d does not exist. Creating ...
2019-09-25 07:30:08,874 [pool-237-thread-1] INFO  storage.RaftStorageDirectory (RaftStorageDirectory.java:tryLock(328)) - Lock on /workdir/hadoop-ozone/ozonefs/target/test-dir/MiniOzoneClusterImpl-57037ed3-0523-4bc8-ad5a-d167f12c453e/datanode-1/data/ratis/be213255-e457-4d02-88ab-62c6a22a588d/in_use.lock acquired by nodename 17738@pr-hdds-1569-x2sr2-3486766547
2019-09-25 07:30:08,900 [pool-237-thread-1] INFO  storage.RaftStorage (RaftStorage.java:format(72)) - Storage directory /workdir/hadoop-ozone/ozonefs/target/test-dir/MiniOzoneClusterImpl-57037ed3-0523-4bc8-ad5a-d167f12c453e/datanode-1/data/ratis/be213255-e457-4d02-88ab-62c6a22a588d has been successfully formatted.
2019-09-25 07:30:08,900 [pool-237-thread-1] INFO  ratis.ContainerStateMachine (ContainerStateMachine.java:loadSnapshot(230)) - group-62C6A22A588D: The snapshot info is null. Setting the last applied indexto:(t:0, i:~)
2019-09-25 07:30:08,900 [pool-237-thread-1] INFO  server.RaftServerConfigKeys (ConfUtils.java:logGet(43)) - raft.server.notification.no-leader.timeout = 120s (custom)
2019-09-25 07:30:08,900 [pool-237-thread-1] INFO  server.RaftServerConfigKeys (ConfUtils.java:logGet(43)) - raft.server.log.use.memory = false (default)
2019-09-25 07:30:08,900 [pool-237-thread-1] INFO  server.RaftServerConfigKeys (ConfUtils.java:logGet(43)) - raft.server.log.purge.gap = 1000000 (custom)
2019-09-25 07:30:08,901 [pool-237-thread-1] INFO  server.RaftServerConfigKeys (ConfUtils.java:logGet(43)) - raft.server.log.appender.buffer.byte-limit = 33554432 (custom)
2019-09-25 07:30:08,901 [pool-237-thread-1] INFO  server.RaftServerConfigKeys (ConfUtils.java:logGet(43)) - raft.server.log.segment.size.max = 1048576 (custom)
2019-09-25 07:30:08,901 [pool-237-thread-1] INFO  server.RaftServerConfigKeys (ConfUtils.java:logGet(43)) - raft.server.log.segment.cache.num.max = 2 (custom)
2019-09-25 07:30:08,901 [pool-237-thread-1] INFO  segmented.SegmentedRaftLogWorker (SegmentedRaftLogWorker.java:<init>(172)) - new 1a823cc7-99a6-4d64-9e33-d8d28813a5c6@group-62C6A22A588D-SegmentedRaftLogWorker for RaftStorage:Storage Directory /workdir/hadoop-ozone/ozonefs/target/test-dir/MiniOzoneClusterImpl-57037ed3-0523-4bc8-ad5a-d167f12c453e/datanode-1/data/ratis/be213255-e457-4d02-88ab-62c6a22a588d
2019-09-25 07:30:08,901 [pool-237-thread-1] INFO  server.RaftServerConfigKeys (ConfUtils.java:logGet(43)) - raft.server.log.queue.byte-limit = 2147483647 (custom)
2019-09-25 07:30:08,901 [pool-237-thread-1] INFO  server.RaftServerConfigKeys (ConfUtils.java:logGet(43)) - raft.server.log.queue.element-limit = 1024 (custom)
2019-09-25 07:30:08,902 [pool-237-thread-1] INFO  server.RaftServerConfigKeys (ConfUtils.java:logGet(43)) - raft.server.log.segment.size.max = 1048576 (custom)
2019-09-25 07:30:08,902 [pool-237-thread-1] INFO  server.RaftServerConfigKeys (ConfUtils.java:logGet(43)) - raft.server.log.preallocated.size = 16384 (custom)
2019-09-25 07:30:08,902 [pool-237-thread-1] INFO  server.RaftServerConfigKeys (ConfUtils.java:logGet(43)) - raft.server.log.write.buffer.size = 33554432 (custom)
2019-09-25 07:30:08,902 [pool-237-thread-1] INFO  server.RaftServerConfigKeys (ConfUtils.java:logGet(43)) - raft.server.log.force.sync.num = 128 (default)
2019-09-25 07:30:08,902 [pool-237-thread-1] INFO  server.RaftServerConfigKeys (ConfUtils.java:logGet(43)) - raft.server.log.statemachine.data.sync = true (default)
2019-09-25 07:30:08,902 [pool-237-thread-1] INFO  server.RaftServerConfigKeys (ConfUtils.java:logGet(43)) - raft.server.log.statemachine.data.sync.timeout = 10s (default)
2019-09-25 07:30:08,902 [pool-237-thread-1] INFO  server.RaftServerConfigKeys (ConfUtils.java:logGet(43)) - raft.server.log.statemachine.data.sync.timeout.retry = -1 (default)
2019-09-25 07:30:08,903 [pool-237-thread-1] INFO  server.RaftServerConfigKeys (ConfUtils.java:logGet(43)) - raft.server.log.statemachine.data.caching.enabled = true (custom)
2019-09-25 07:30:08,903 [pool-237-thread-1] INFO  segmented.SegmentedRaftLogWorker (SegmentedRaftLogWorker.java:lambda$new$0(132)) - 1a823cc7-99a6-4d64-9e33-d8d28813a5c6@group-62C6A22A588D-SegmentedRaftLogWorker: flushIndex: setUnconditionally 0 -> -1
2019-09-25 07:30:08,903 [pool-237-thread-1] INFO  server.RaftServerConfigKeys (ConfUtils.java:logGet(43)) - raft.server.snapshot.auto.trigger.enabled = true (custom)
2019-09-25 07:30:08,903 [pool-237-thread-1] INFO  server.RaftServerConfigKeys (ConfUtils.java:logGet(43)) - raft.server.snapshot.auto.trigger.threshold = 10000 (custom)
2019-09-25 07:30:08,903 [pool-237-thread-1] INFO  server.RaftServerConfigKeys (ConfUtils.java:logGet(43)) - raft.server.snapshot.retention.num.files = 5 (custom)
2019-09-25 07:30:08,904 [pool-237-thread-1] INFO  server.RaftServerConfigKeys (ConfUtils.java:logGet(43)) - raft.server.retrycache.expirytime = 600000ms (custom)
2019-09-25 07:30:08,905 [pool-237-thread-1] INFO  impl.RaftServerImpl (RaftServerImpl.java:start(185)) - 1a823cc7-99a6-4d64-9e33-d8d28813a5c6@group-62C6A22A588D: start as a follower, conf=-1: [1a823cc7-99a6-4d64-9e33-d8d28813a5c6:192.168.151.106:35382], old=null
2019-09-25 07:30:08,905 [pool-237-thread-1] INFO  impl.RaftServerImpl (RaftServerImpl.java:setRole(174)) - 1a823cc7-99a6-4d64-9e33-d8d28813a5c6@group-62C6A22A588D: changes role from      null to FOLLOWER at term 0 for startAsFollower
2019-09-25 07:30:08,905 [pool-237-thread-1] INFO  impl.RoleInfo (RoleInfo.java:updateAndGet(143)) - 1a823cc7-99a6-4d64-9e33-d8d28813a5c6: start FollowerState
2019-09-25 07:30:08,906 [pool-237-thread-1] INFO  util.JmxRegister (JmxRegister.java:tryRegister(44)) - Successfully registered JMX Bean with object name Ratis:service=RaftServer,group=group-62C6A22A588D,id=1a823cc7-99a6-4d64-9e33-d8d28813a5c6
2019-09-25 07:30:08,909 [RatisPipelineUtilsThread] INFO  pipeline.PipelineStateManager (PipelineStateManager.java:addPipeline(56)) - Created pipeline Pipeline[ Id: be213255-e457-4d02-88ab-62c6a22a588d, Nodes: 1a823cc7-99a6-4d64-9e33-d8d28813a5c6{ip: 192.168.151.106, host: pr-hdds-1569-x2sr2-3486766547, networkLocation: /default-rack, certSerialId: null}, Type:RATIS, Factor:ONE, State:OPEN]
2019-09-25 07:30:08,909 [RatisPipelineUtilsThread] INFO  pipeline.PipelinePlacementPolicy (PipelinePlacementPolicy.java:meetCriteria(91)) - Pipeline Placement: can't place more pipeline on heavy datanode： 1a823cc7-99a6-4d64-9e33-d8d28813a5c6 Heaviness: 6 limit: 5
2019-09-25 07:30:08,909 [RatisPipelineUtilsThread] INFO  pipeline.PipelinePlacementPolicy (PipelinePlacementPolicy.java:meetCriteria(91)) - Pipeline Placement: can't place more pipeline on heavy datanode： 09afdf22-db9f-48fb-806c-c28d48031caf Heaviness: 6 limit: 5
2019-09-25 07:30:08,918 [grpc-default-executor-0] INFO  impl.RaftServerProxy (RaftServerProxy.java:addNew(89)) - 8bae43e0-2827-4c89-a874-0343706896c0: addNew group-56221E66DD99:[8bae43e0-2827-4c89-a874-0343706896c0:192.168.151.106:42902] returns group-56221E66DD99:java.util.concurrent.CompletableFuture@7d570e1f[Not completed]
2019-09-25 07:30:08,919 [pool-247-thread-1] INFO  impl.RaftServerImpl (RaftServerImpl.java:<init>(95)) - 8bae43e0-2827-4c89-a874-0343706896c0: new RaftServerImpl for group-56221E66DD99:[8bae43e0-2827-4c89-a874-0343706896c0:192.168.151.106:42902] with ContainerStateMachine:uninitialized
2019-09-25 07:30:08,919 [pool-247-thread-1] INFO  server.RaftServerConfigKeys (ConfUtils.java:logGet(43)) - raft.server.rpc.timeout.min = 5s (custom)
2019-09-25 07:30:08,919 [pool-247-thread-1] INFO  server.RaftServerConfigKeys (ConfUtils.java:logGet(43)) - raft.server.rpc.timeout.max = 5200ms (custom)
2019-09-25 07:30:08,920 [pool-247-thread-1] INFO  server.RaftServerConfigKeys (ConfUtils.java:logGet(43)) - raft.server.rpcslowness.timeout = 120s (custom)
2019-09-25 07:30:08,920 [pool-247-thread-1] INFO  server.RaftServerConfigKeys (ConfUtils.java:logGet(43)) - raft.server.sleep.deviation.threshold = 300 (default)
2019-09-25 07:30:08,920 [pool-247-thread-1] INFO  server.RaftServerConfigKeys (ConfUtils.java:logGet(43)) - raft.server.log.appender.install.snapshot.enabled = false (custom)
2019-09-25 07:30:08,920 [pool-247-thread-1] INFO  impl.RaftServerImpl (ServerState.java:<init>(103)) - 8bae43e0-2827-4c89-a874-0343706896c0@group-56221E66DD99: ConfigurationManager, init=-1: [8bae43e0-2827-4c89-a874-0343706896c0:192.168.151.106:42902], old=null, confs=<EMPTY_MAP>
2019-09-25 07:30:08,920 [pool-247-thread-1] INFO  server.RaftServerConfigKeys (ConfUtils.java:logGet(43)) - raft.server.storage.dir = [/workdir/hadoop-ozone/ozonefs/target/test-dir/MiniOzoneClusterImpl-57037ed3-0523-4bc8-ad5a-d167f12c453e/datanode-2/data/ratis] (custom)
2019-09-25 07:30:08,921 [pool-247-thread-1] INFO  storage.RaftStorageDirectory (RaftStorageDirectory.java:analyzeStorage(246)) - The storage directory /workdir/hadoop-ozone/ozonefs/target/test-dir/MiniOzoneClusterImpl-57037ed3-0523-4bc8-ad5a-d167f12c453e/datanode-2/data/ratis/62a20d86-3ea9-4c8a-a879-56221e66dd99 does not exist. Creating ...
2019-09-25 07:30:08,950 [pool-247-thread-1] INFO  storage.RaftStorageDirectory (RaftStorageDirectory.java:tryLock(328)) - Lock on /workdir/hadoop-ozone/ozonefs/target/test-dir/MiniOzoneClusterImpl-57037ed3-0523-4bc8-ad5a-d167f12c453e/datanode-2/data/ratis/62a20d86-3ea9-4c8a-a879-56221e66dd99/in_use.lock acquired by nodename 17738@pr-hdds-1569-x2sr2-3486766547
2019-09-25 07:30:08,975 [pool-247-thread-1] INFO  storage.RaftStorage (RaftStorage.java:format(72)) - Storage directory /workdir/hadoop-ozone/ozonefs/target/test-dir/MiniOzoneClusterImpl-57037ed3-0523-4bc8-ad5a-d167f12c453e/datanode-2/data/ratis/62a20d86-3ea9-4c8a-a879-56221e66dd99 has been successfully formatted.
2019-09-25 07:30:08,976 [pool-247-thread-1] INFO  ratis.ContainerStateMachine (ContainerStateMachine.java:loadSnapshot(230)) - group-56221E66DD99: The snapshot info is null. Setting the last applied indexto:(t:0, i:~)
2019-09-25 07:30:08,976 [pool-247-thread-1] INFO  server.RaftServerConfigKeys (ConfUtils.java:logGet(43)) - raft.server.notification.no-leader.timeout = 120s (custom)
2019-09-25 07:30:08,976 [pool-247-thread-1] INFO  server.RaftServerConfigKeys (ConfUtils.java:logGet(43)) - raft.server.log.use.memory = false (default)
2019-09-25 07:30:08,976 [pool-247-thread-1] INFO  server.RaftServerConfigKeys (ConfUtils.java:logGet(43)) - raft.server.log.purge.gap = 1000000 (custom)
2019-09-25 07:30:08,976 [pool-247-thread-1] INFO  server.RaftServerConfigKeys (ConfUtils.java:logGet(43)) - raft.server.log.appender.buffer.byte-limit = 33554432 (custom)
2019-09-25 07:30:08,976 [pool-247-thread-1] INFO  server.RaftServerConfigKeys (ConfUtils.java:logGet(43)) - raft.server.log.segment.size.max = 1048576 (custom)
2019-09-25 07:30:08,976 [pool-247-thread-1] INFO  server.RaftServerConfigKeys (ConfUtils.java:logGet(43)) - raft.server.log.segment.cache.num.max = 2 (custom)
2019-09-25 07:30:08,977 [pool-247-thread-1] INFO  segmented.SegmentedRaftLogWorker (SegmentedRaftLogWorker.java:<init>(172)) - new 8bae43e0-2827-4c89-a874-0343706896c0@group-56221E66DD99-SegmentedRaftLogWorker for RaftStorage:Storage Directory /workdir/hadoop-ozone/ozonefs/target/test-dir/MiniOzoneClusterImpl-57037ed3-0523-4bc8-ad5a-d167f12c453e/datanode-2/data/ratis/62a20d86-3ea9-4c8a-a879-56221e66dd99
2019-09-25 07:30:08,978 [pool-247-thread-1] INFO  server.RaftServerConfigKeys (ConfUtils.java:logGet(43)) - raft.server.log.queue.byte-limit = 2147483647 (custom)
2019-09-25 07:30:08,978 [pool-247-thread-1] INFO  server.RaftServerConfigKeys (ConfUtils.java:logGet(43)) - raft.server.log.queue.element-limit = 1024 (custom)
2019-09-25 07:30:08,978 [pool-247-thread-1] INFO  server.RaftServerConfigKeys (ConfUtils.java:logGet(43)) - raft.server.log.segment.size.max = 1048576 (custom)
2019-09-25 07:30:08,978 [pool-247-thread-1] INFO  server.RaftServerConfigKeys (ConfUtils.java:logGet(43)) - raft.server.log.preallocated.size = 16384 (custom)
2019-09-25 07:30:08,978 [pool-247-thread-1] INFO  server.RaftServerConfigKeys (ConfUtils.java:logGet(43)) - raft.server.log.write.buffer.size = 33554432 (custom)
2019-09-25 07:30:08,979 [pool-247-thread-1] INFO  server.RaftServerConfigKeys (ConfUtils.java:logGet(43)) - raft.server.log.force.sync.num = 128 (default)
2019-09-25 07:30:08,979 [pool-247-thread-1] INFO  server.RaftServerConfigKeys (ConfUtils.java:logGet(43)) - raft.server.log.statemachine.data.sync = true (default)
2019-09-25 07:30:08,979 [pool-247-thread-1] INFO  server.RaftServerConfigKeys (ConfUtils.java:logGet(43)) - raft.server.log.statemachine.data.sync.timeout = 10s (default)
2019-09-25 07:30:08,979 [pool-247-thread-1] INFO  server.RaftServerConfigKeys (ConfUtils.java:logGet(43)) - raft.server.log.statemachine.data.sync.timeout.retry = -1 (default)
2019-09-25 07:30:08,979 [pool-247-thread-1] INFO  server.RaftServerConfigKeys (ConfUtils.java:logGet(43)) - raft.server.log.statemachine.data.caching.enabled = true (custom)
2019-09-25 07:30:08,980 [pool-247-thread-1] INFO  segmented.SegmentedRaftLogWorker (SegmentedRaftLogWorker.java:lambda$new$0(132)) - 8bae43e0-2827-4c89-a874-0343706896c0@group-56221E66DD99-SegmentedRaftLogWorker: flushIndex: setUnconditionally 0 -> -1
2019-09-25 07:30:08,980 [pool-247-thread-1] INFO  server.RaftServerConfigKeys (ConfUtils.java:logGet(43)) - raft.server.snapshot.auto.trigger.enabled = true (custom)
2019-09-25 07:30:08,980 [pool-247-thread-1] INFO  server.RaftServerConfigKeys (ConfUtils.java:logGet(43)) - raft.server.snapshot.auto.trigger.threshold = 10000 (custom)
2019-09-25 07:30:08,980 [pool-247-thread-1] INFO  server.RaftServerConfigKeys (ConfUtils.java:logGet(43)) - raft.server.snapshot.retention.num.files = 5 (custom)
2019-09-25 07:30:08,980 [pool-247-thread-1] INFO  server.RaftServerConfigKeys (ConfUtils.java:logGet(43)) - raft.server.retrycache.expirytime = 600000ms (custom)
2019-09-25 07:30:08,982 [pool-247-thread-1] INFO  impl.RaftServerImpl (RaftServerImpl.java:start(185)) - 8bae43e0-2827-4c89-a874-0343706896c0@group-56221E66DD99: start as a follower, conf=-1: [8bae43e0-2827-4c89-a874-0343706896c0:192.168.151.106:42902], old=null
2019-09-25 07:30:08,982 [pool-247-thread-1] INFO  impl.RaftServerImpl (RaftServerImpl.java:setRole(174)) - 8bae43e0-2827-4c89-a874-0343706896c0@group-56221E66DD99: changes role from      null to FOLLOWER at term 0 for startAsFollower
2019-09-25 07:30:08,982 [pool-247-thread-1] INFO  impl.RoleInfo (RoleInfo.java:updateAndGet(143)) - 8bae43e0-2827-4c89-a874-0343706896c0: start FollowerState
2019-09-25 07:30:08,982 [pool-247-thread-1] INFO  util.JmxRegister (JmxRegister.java:tryRegister(44)) - Successfully registered JMX Bean with object name Ratis:service=RaftServer,group=group-56221E66DD99,id=8bae43e0-2827-4c89-a874-0343706896c0
2019-09-25 07:30:08,985 [RatisPipelineUtilsThread] INFO  pipeline.PipelineStateManager (PipelineStateManager.java:addPipeline(56)) - Created pipeline Pipeline[ Id: 62a20d86-3ea9-4c8a-a879-56221e66dd99, Nodes: 8bae43e0-2827-4c89-a874-0343706896c0{ip: 192.168.151.106, host: pr-hdds-1569-x2sr2-3486766547, networkLocation: /default-rack, certSerialId: null}, Type:RATIS, Factor:ONE, State:OPEN]
2019-09-25 07:30:08,985 [RatisPipelineUtilsThread] INFO  pipeline.PipelinePlacementPolicy (PipelinePlacementPolicy.java:meetCriteria(91)) - Pipeline Placement: can't place more pipeline on heavy datanode： 1a823cc7-99a6-4d64-9e33-d8d28813a5c6 Heaviness: 6 limit: 5
2019-09-25 07:30:08,985 [RatisPipelineUtilsThread] INFO  pipeline.PipelinePlacementPolicy (PipelinePlacementPolicy.java:meetCriteria(91)) - Pipeline Placement: can't place more pipeline on heavy datanode： 09afdf22-db9f-48fb-806c-c28d48031caf Heaviness: 6 limit: 5
2019-09-25 07:30:08,993 [grpc-default-executor-0] INFO  impl.RaftServerProxy (RaftServerProxy.java:addNew(89)) - 8bae43e0-2827-4c89-a874-0343706896c0: addNew group-81EEAB4F2BA3:[8bae43e0-2827-4c89-a874-0343706896c0:192.168.151.106:42902] returns group-81EEAB4F2BA3:java.util.concurrent.CompletableFuture@678b9b52[Not completed]
2019-09-25 07:30:08,994 [pool-247-thread-1] INFO  impl.RaftServerImpl (RaftServerImpl.java:<init>(95)) - 8bae43e0-2827-4c89-a874-0343706896c0: new RaftServerImpl for group-81EEAB4F2BA3:[8bae43e0-2827-4c89-a874-0343706896c0:192.168.151.106:42902] with ContainerStateMachine:uninitialized
2019-09-25 07:30:08,994 [pool-247-thread-1] INFO  server.RaftServerConfigKeys (ConfUtils.java:logGet(43)) - raft.server.rpc.timeout.min = 5s (custom)
2019-09-25 07:30:08,994 [pool-247-thread-1] INFO  server.RaftServerConfigKeys (ConfUtils.java:logGet(43)) - raft.server.rpc.timeout.max = 5200ms (custom)
2019-09-25 07:30:08,994 [pool-247-thread-1] INFO  server.RaftServerConfigKeys (ConfUtils.java:logGet(43)) - raft.server.rpcslowness.timeout = 120s (custom)
2019-09-25 07:30:08,994 [pool-247-thread-1] INFO  server.RaftServerConfigKeys (ConfUtils.java:logGet(43)) - raft.server.sleep.deviation.threshold = 300 (default)
2019-09-25 07:30:08,994 [pool-247-thread-1] INFO  server.RaftServerConfigKeys (ConfUtils.java:logGet(43)) - raft.server.log.appender.install.snapshot.enabled = false (custom)
2019-09-25 07:30:08,994 [pool-247-thread-1] INFO  impl.RaftServerImpl (ServerState.java:<init>(103)) - 8bae43e0-2827-4c89-a874-0343706896c0@group-81EEAB4F2BA3: ConfigurationManager, init=-1: [8bae43e0-2827-4c89-a874-0343706896c0:192.168.151.106:42902], old=null, confs=<EMPTY_MAP>
2019-09-25 07:30:08,994 [pool-247-thread-1] INFO  server.RaftServerConfigKeys (ConfUtils.java:logGet(43)) - raft.server.storage.dir = [/workdir/hadoop-ozone/ozonefs/target/test-dir/MiniOzoneClusterImpl-57037ed3-0523-4bc8-ad5a-d167f12c453e/datanode-2/data/ratis] (custom)
2019-09-25 07:30:08,995 [pool-247-thread-1] INFO  storage.RaftStorageDirectory (RaftStorageDirectory.java:analyzeStorage(246)) - The storage directory /workdir/hadoop-ozone/ozonefs/target/test-dir/MiniOzoneClusterImpl-57037ed3-0523-4bc8-ad5a-d167f12c453e/datanode-2/data/ratis/bbcd9ab1-bc7a-4871-a436-81eeab4f2ba3 does not exist. Creating ...
2019-09-25 07:30:09,017 [pool-247-thread-1] INFO  storage.RaftStorageDirectory (RaftStorageDirectory.java:tryLock(328)) - Lock on /workdir/hadoop-ozone/ozonefs/target/test-dir/MiniOzoneClusterImpl-57037ed3-0523-4bc8-ad5a-d167f12c453e/datanode-2/data/ratis/bbcd9ab1-bc7a-4871-a436-81eeab4f2ba3/in_use.lock acquired by nodename 17738@pr-hdds-1569-x2sr2-3486766547
2019-09-25 07:30:09,040 [pool-247-thread-1] INFO  storage.RaftStorage (RaftStorage.java:format(72)) - Storage directory /workdir/hadoop-ozone/ozonefs/target/test-dir/MiniOzoneClusterImpl-57037ed3-0523-4bc8-ad5a-d167f12c453e/datanode-2/data/ratis/bbcd9ab1-bc7a-4871-a436-81eeab4f2ba3 has been successfully formatted.
2019-09-25 07:30:09,040 [pool-247-thread-1] INFO  ratis.ContainerStateMachine (ContainerStateMachine.java:loadSnapshot(230)) - group-81EEAB4F2BA3: The snapshot info is null. Setting the last applied indexto:(t:0, i:~)
2019-09-25 07:30:09,040 [pool-247-thread-1] INFO  server.RaftServerConfigKeys (ConfUtils.java:logGet(43)) - raft.server.notification.no-leader.timeout = 120s (custom)
2019-09-25 07:30:09,040 [pool-247-thread-1] INFO  server.RaftServerConfigKeys (ConfUtils.java:logGet(43)) - raft.server.log.use.memory = false (default)
2019-09-25 07:30:09,040 [pool-247-thread-1] INFO  server.RaftServerConfigKeys (ConfUtils.java:logGet(43)) - raft.server.log.purge.gap = 1000000 (custom)
2019-09-25 07:30:09,041 [pool-247-thread-1] INFO  server.RaftServerConfigKeys (ConfUtils.java:logGet(43)) - raft.server.log.appender.buffer.byte-limit = 33554432 (custom)
2019-09-25 07:30:09,041 [pool-247-thread-1] INFO  server.RaftServerConfigKeys (ConfUtils.java:logGet(43)) - raft.server.log.segment.size.max = 1048576 (custom)
2019-09-25 07:30:09,041 [pool-247-thread-1] INFO  server.RaftServerConfigKeys (ConfUtils.java:logGet(43)) - raft.server.log.segment.cache.num.max = 2 (custom)
2019-09-25 07:30:09,041 [pool-247-thread-1] INFO  segmented.SegmentedRaftLogWorker (SegmentedRaftLogWorker.java:<init>(172)) - new 8bae43e0-2827-4c89-a874-0343706896c0@group-81EEAB4F2BA3-SegmentedRaftLogWorker for RaftStorage:Storage Directory /workdir/hadoop-ozone/ozonefs/target/test-dir/MiniOzoneClusterImpl-57037ed3-0523-4bc8-ad5a-d167f12c453e/datanode-2/data/ratis/bbcd9ab1-bc7a-4871-a436-81eeab4f2ba3
2019-09-25 07:30:09,041 [pool-247-thread-1] INFO  server.RaftServerConfigKeys (ConfUtils.java:logGet(43)) - raft.server.log.queue.byte-limit = 2147483647 (custom)
2019-09-25 07:30:09,042 [pool-247-thread-1] INFO  server.RaftServerConfigKeys (ConfUtils.java:logGet(43)) - raft.server.log.queue.element-limit = 1024 (custom)
2019-09-25 07:30:09,042 [pool-247-thread-1] INFO  server.RaftServerConfigKeys (ConfUtils.java:logGet(43)) - raft.server.log.segment.size.max = 1048576 (custom)
2019-09-25 07:30:09,042 [pool-247-thread-1] INFO  server.RaftServerConfigKeys (ConfUtils.java:logGet(43)) - raft.server.log.preallocated.size = 16384 (custom)
2019-09-25 07:30:09,042 [pool-247-thread-1] INFO  server.RaftServerConfigKeys (ConfUtils.java:logGet(43)) - raft.server.log.write.buffer.size = 33554432 (custom)
2019-09-25 07:30:09,042 [pool-247-thread-1] INFO  server.RaftServerConfigKeys (ConfUtils.java:logGet(43)) - raft.server.log.force.sync.num = 128 (default)
2019-09-25 07:30:09,042 [pool-247-thread-1] INFO  server.RaftServerConfigKeys (ConfUtils.java:logGet(43)) - raft.server.log.statemachine.data.sync = true (default)
2019-09-25 07:30:09,043 [pool-247-thread-1] INFO  server.RaftServerConfigKeys (ConfUtils.java:logGet(43)) - raft.server.log.statemachine.data.sync.timeout = 10s (default)
2019-09-25 07:30:09,043 [pool-247-thread-1] INFO  server.RaftServerConfigKeys (ConfUtils.java:logGet(43)) - raft.server.log.statemachine.data.sync.timeout.retry = -1 (default)
2019-09-25 07:30:09,043 [pool-247-thread-1] INFO  server.RaftServerConfigKeys (ConfUtils.java:logGet(43)) - raft.server.log.statemachine.data.caching.enabled = true (custom)
2019-09-25 07:30:09,043 [pool-247-thread-1] INFO  segmented.SegmentedRaftLogWorker (SegmentedRaftLogWorker.java:lambda$new$0(132)) - 8bae43e0-2827-4c89-a874-0343706896c0@group-81EEAB4F2BA3-SegmentedRaftLogWorker: flushIndex: setUnconditionally 0 -> -1
2019-09-25 07:30:09,044 [pool-247-thread-1] INFO  server.RaftServerConfigKeys (ConfUtils.java:logGet(43)) - raft.server.snapshot.auto.trigger.enabled = true (custom)
2019-09-25 07:30:09,044 [pool-247-thread-1] INFO  server.RaftServerConfigKeys (ConfUtils.java:logGet(43)) - raft.server.snapshot.auto.trigger.threshold = 10000 (custom)
2019-09-25 07:30:09,044 [pool-247-thread-1] INFO  server.RaftServerConfigKeys (ConfUtils.java:logGet(43)) - raft.server.snapshot.retention.num.files = 5 (custom)
2019-09-25 07:30:09,044 [pool-247-thread-1] INFO  server.RaftServerConfigKeys (ConfUtils.java:logGet(43)) - raft.server.retrycache.expirytime = 600000ms (custom)
2019-09-25 07:30:09,046 [pool-247-thread-1] INFO  impl.RaftServerImpl (RaftServerImpl.java:start(185)) - 8bae43e0-2827-4c89-a874-0343706896c0@group-81EEAB4F2BA3: start as a follower, conf=-1: [8bae43e0-2827-4c89-a874-0343706896c0:192.168.151.106:42902], old=null
2019-09-25 07:30:09,047 [pool-247-thread-1] INFO  impl.RaftServerImpl (RaftServerImpl.java:setRole(174)) - 8bae43e0-2827-4c89-a874-0343706896c0@group-81EEAB4F2BA3: changes role from      null to FOLLOWER at term 0 for startAsFollower
2019-09-25 07:30:09,047 [pool-247-thread-1] INFO  impl.RoleInfo (RoleInfo.java:updateAndGet(143)) - 8bae43e0-2827-4c89-a874-0343706896c0: start FollowerState
2019-09-25 07:30:09,047 [pool-247-thread-1] INFO  util.JmxRegister (JmxRegister.java:tryRegister(44)) - Successfully registered JMX Bean with object name Ratis:service=RaftServer,group=group-81EEAB4F2BA3,id=8bae43e0-2827-4c89-a874-0343706896c0
2019-09-25 07:30:09,050 [RatisPipelineUtilsThread] INFO  pipeline.PipelineStateManager (PipelineStateManager.java:addPipeline(56)) - Created pipeline Pipeline[ Id: bbcd9ab1-bc7a-4871-a436-81eeab4f2ba3, Nodes: 8bae43e0-2827-4c89-a874-0343706896c0{ip: 192.168.151.106, host: pr-hdds-1569-x2sr2-3486766547, networkLocation: /default-rack, certSerialId: null}, Type:RATIS, Factor:ONE, State:OPEN]
2019-09-25 07:30:09,050 [RatisPipelineUtilsThread] INFO  pipeline.PipelinePlacementPolicy (PipelinePlacementPolicy.java:meetCriteria(91)) - Pipeline Placement: can't place more pipeline on heavy datanode： 1a823cc7-99a6-4d64-9e33-d8d28813a5c6 Heaviness: 6 limit: 5
2019-09-25 07:30:09,051 [RatisPipelineUtilsThread] INFO  pipeline.PipelinePlacementPolicy (PipelinePlacementPolicy.java:meetCriteria(91)) - Pipeline Placement: can't place more pipeline on heavy datanode： 09afdf22-db9f-48fb-806c-c28d48031caf Heaviness: 6 limit: 5
2019-09-25 07:30:09,056 [grpc-default-executor-0] INFO  impl.RaftServerProxy (RaftServerProxy.java:addNew(89)) - 8bae43e0-2827-4c89-a874-0343706896c0: addNew group-883D65A98287:[8bae43e0-2827-4c89-a874-0343706896c0:192.168.151.106:42902] returns group-883D65A98287:java.util.concurrent.CompletableFuture@39d25bad[Not completed]
2019-09-25 07:30:09,058 [pool-247-thread-1] INFO  impl.RaftServerImpl (RaftServerImpl.java:<init>(95)) - 8bae43e0-2827-4c89-a874-0343706896c0: new RaftServerImpl for group-883D65A98287:[8bae43e0-2827-4c89-a874-0343706896c0:192.168.151.106:42902] with ContainerStateMachine:uninitialized
2019-09-25 07:30:09,058 [pool-247-thread-1] INFO  server.RaftServerConfigKeys (ConfUtils.java:logGet(43)) - raft.server.rpc.timeout.min = 5s (custom)
2019-09-25 07:30:09,058 [pool-247-thread-1] INFO  server.RaftServerConfigKeys (ConfUtils.java:logGet(43)) - raft.server.rpc.timeout.max = 5200ms (custom)
2019-09-25 07:30:09,058 [pool-247-thread-1] INFO  server.RaftServerConfigKeys (ConfUtils.java:logGet(43)) - raft.server.rpcslowness.timeout = 120s (custom)
2019-09-25 07:30:09,058 [pool-247-thread-1] INFO  server.RaftServerConfigKeys (ConfUtils.java:logGet(43)) - raft.server.sleep.deviation.threshold = 300 (default)
2019-09-25 07:30:09,058 [pool-247-thread-1] INFO  server.RaftServerConfigKeys (ConfUtils.java:logGet(43)) - raft.server.log.appender.install.snapshot.enabled = false (custom)
2019-09-25 07:30:09,059 [pool-247-thread-1] INFO  impl.RaftServerImpl (ServerState.java:<init>(103)) - 8bae43e0-2827-4c89-a874-0343706896c0@group-883D65A98287: ConfigurationManager, init=-1: [8bae43e0-2827-4c89-a874-0343706896c0:192.168.151.106:42902], old=null, confs=<EMPTY_MAP>
2019-09-25 07:30:09,059 [pool-247-thread-1] INFO  server.RaftServerConfigKeys (ConfUtils.java:logGet(43)) - raft.server.storage.dir = [/workdir/hadoop-ozone/ozonefs/target/test-dir/MiniOzoneClusterImpl-57037ed3-0523-4bc8-ad5a-d167f12c453e/datanode-2/data/ratis] (custom)
2019-09-25 07:30:09,059 [pool-247-thread-1] INFO  storage.RaftStorageDirectory (RaftStorageDirectory.java:analyzeStorage(246)) - The storage directory /workdir/hadoop-ozone/ozonefs/target/test-dir/MiniOzoneClusterImpl-57037ed3-0523-4bc8-ad5a-d167f12c453e/datanode-2/data/ratis/56739415-05e7-4e00-94ca-883d65a98287 does not exist. Creating ...
2019-09-25 07:30:09,082 [pool-247-thread-1] INFO  storage.RaftStorageDirectory (RaftStorageDirectory.java:tryLock(328)) - Lock on /workdir/hadoop-ozone/ozonefs/target/test-dir/MiniOzoneClusterImpl-57037ed3-0523-4bc8-ad5a-d167f12c453e/datanode-2/data/ratis/56739415-05e7-4e00-94ca-883d65a98287/in_use.lock acquired by nodename 17738@pr-hdds-1569-x2sr2-3486766547
2019-09-25 07:30:09,105 [pool-247-thread-1] INFO  storage.RaftStorage (RaftStorage.java:format(72)) - Storage directory /workdir/hadoop-ozone/ozonefs/target/test-dir/MiniOzoneClusterImpl-57037ed3-0523-4bc8-ad5a-d167f12c453e/datanode-2/data/ratis/56739415-05e7-4e00-94ca-883d65a98287 has been successfully formatted.
2019-09-25 07:30:09,105 [pool-247-thread-1] INFO  ratis.ContainerStateMachine (ContainerStateMachine.java:loadSnapshot(230)) - group-883D65A98287: The snapshot info is null. Setting the last applied indexto:(t:0, i:~)
2019-09-25 07:30:09,105 [pool-247-thread-1] INFO  server.RaftServerConfigKeys (ConfUtils.java:logGet(43)) - raft.server.notification.no-leader.timeout = 120s (custom)
2019-09-25 07:30:09,106 [pool-247-thread-1] INFO  server.RaftServerConfigKeys (ConfUtils.java:logGet(43)) - raft.server.log.use.memory = false (default)
2019-09-25 07:30:09,106 [pool-247-thread-1] INFO  server.RaftServerConfigKeys (ConfUtils.java:logGet(43)) - raft.server.log.purge.gap = 1000000 (custom)
2019-09-25 07:30:09,106 [pool-247-thread-1] INFO  server.RaftServerConfigKeys (ConfUtils.java:logGet(43)) - raft.server.log.appender.buffer.byte-limit = 33554432 (custom)
2019-09-25 07:30:09,106 [pool-247-thread-1] INFO  server.RaftServerConfigKeys (ConfUtils.java:logGet(43)) - raft.server.log.segment.size.max = 1048576 (custom)
2019-09-25 07:30:09,106 [pool-247-thread-1] INFO  server.RaftServerConfigKeys (ConfUtils.java:logGet(43)) - raft.server.log.segment.cache.num.max = 2 (custom)
2019-09-25 07:30:09,106 [pool-247-thread-1] INFO  segmented.SegmentedRaftLogWorker (SegmentedRaftLogWorker.java:<init>(172)) - new 8bae43e0-2827-4c89-a874-0343706896c0@group-883D65A98287-SegmentedRaftLogWorker for RaftStorage:Storage Directory /workdir/hadoop-ozone/ozonefs/target/test-dir/MiniOzoneClusterImpl-57037ed3-0523-4bc8-ad5a-d167f12c453e/datanode-2/data/ratis/56739415-05e7-4e00-94ca-883d65a98287
2019-09-25 07:30:09,107 [pool-247-thread-1] INFO  server.RaftServerConfigKeys (ConfUtils.java:logGet(43)) - raft.server.log.queue.byte-limit = 2147483647 (custom)
2019-09-25 07:30:09,107 [pool-247-thread-1] INFO  server.RaftServerConfigKeys (ConfUtils.java:logGet(43)) - raft.server.log.queue.element-limit = 1024 (custom)
2019-09-25 07:30:09,107 [pool-247-thread-1] INFO  server.RaftServerConfigKeys (ConfUtils.java:logGet(43)) - raft.server.log.segment.size.max = 1048576 (custom)
2019-09-25 07:30:09,107 [pool-247-thread-1] INFO  server.RaftServerConfigKeys (ConfUtils.java:logGet(43)) - raft.server.log.preallocated.size = 16384 (custom)
2019-09-25 07:30:09,107 [pool-247-thread-1] INFO  server.RaftServerConfigKeys (ConfUtils.java:logGet(43)) - raft.server.log.write.buffer.size = 33554432 (custom)
2019-09-25 07:30:09,107 [pool-247-thread-1] INFO  server.RaftServerConfigKeys (ConfUtils.java:logGet(43)) - raft.server.log.force.sync.num = 128 (default)
2019-09-25 07:30:09,107 [pool-247-thread-1] INFO  server.RaftServerConfigKeys (ConfUtils.java:logGet(43)) - raft.server.log.statemachine.data.sync = true (default)
2019-09-25 07:30:09,108 [pool-247-thread-1] INFO  server.RaftServerConfigKeys (ConfUtils.java:logGet(43)) - raft.server.log.statemachine.data.sync.timeout = 10s (default)
2019-09-25 07:30:09,108 [pool-247-thread-1] INFO  server.RaftServerConfigKeys (ConfUtils.java:logGet(43)) - raft.server.log.statemachine.data.sync.timeout.retry = -1 (default)
2019-09-25 07:30:09,108 [pool-247-thread-1] INFO  server.RaftServerConfigKeys (ConfUtils.java:logGet(43)) - raft.server.log.statemachine.data.caching.enabled = true (custom)
2019-09-25 07:30:09,108 [pool-247-thread-1] INFO  segmented.SegmentedRaftLogWorker (SegmentedRaftLogWorker.java:lambda$new$0(132)) - 8bae43e0-2827-4c89-a874-0343706896c0@group-883D65A98287-SegmentedRaftLogWorker: flushIndex: setUnconditionally 0 -> -1
2019-09-25 07:30:09,109 [pool-247-thread-1] INFO  server.RaftServerConfigKeys (ConfUtils.java:logGet(43)) - raft.server.snapshot.auto.trigger.enabled = true (custom)
2019-09-25 07:30:09,109 [pool-247-thread-1] INFO  server.RaftServerConfigKeys (ConfUtils.java:logGet(43)) - raft.server.snapshot.auto.trigger.threshold = 10000 (custom)
2019-09-25 07:30:09,109 [pool-247-thread-1] INFO  server.RaftServerConfigKeys (ConfUtils.java:logGet(43)) - raft.server.snapshot.retention.num.files = 5 (custom)
2019-09-25 07:30:09,109 [pool-247-thread-1] INFO  server.RaftServerConfigKeys (ConfUtils.java:logGet(43)) - raft.server.retrycache.expirytime = 600000ms (custom)
2019-09-25 07:30:09,111 [pool-247-thread-1] INFO  impl.RaftServerImpl (RaftServerImpl.java:start(185)) - 8bae43e0-2827-4c89-a874-0343706896c0@group-883D65A98287: start as a follower, conf=-1: [8bae43e0-2827-4c89-a874-0343706896c0:192.168.151.106:42902], old=null
2019-09-25 07:30:09,111 [pool-247-thread-1] INFO  impl.RaftServerImpl (RaftServerImpl.java:setRole(174)) - 8bae43e0-2827-4c89-a874-0343706896c0@group-883D65A98287: changes role from      null to FOLLOWER at term 0 for startAsFollower
2019-09-25 07:30:09,111 [pool-247-thread-1] INFO  impl.RoleInfo (RoleInfo.java:updateAndGet(143)) - 8bae43e0-2827-4c89-a874-0343706896c0: start FollowerState
2019-09-25 07:30:09,111 [pool-247-thread-1] INFO  util.JmxRegister (JmxRegister.java:tryRegister(44)) - Successfully registered JMX Bean with object name Ratis:service=RaftServer,group=group-883D65A98287,id=8bae43e0-2827-4c89-a874-0343706896c0
2019-09-25 07:30:09,114 [RatisPipelineUtilsThread] INFO  pipeline.PipelineStateManager (PipelineStateManager.java:addPipeline(56)) - Created pipeline Pipeline[ Id: 56739415-05e7-4e00-94ca-883d65a98287, Nodes: 8bae43e0-2827-4c89-a874-0343706896c0{ip: 192.168.151.106, host: pr-hdds-1569-x2sr2-3486766547, networkLocation: /default-rack, certSerialId: null}, Type:RATIS, Factor:ONE, State:OPEN]
2019-09-25 07:30:09,114 [RatisPipelineUtilsThread] INFO  pipeline.PipelinePlacementPolicy (PipelinePlacementPolicy.java:meetCriteria(91)) - Pipeline Placement: can't place more pipeline on heavy datanode： 1a823cc7-99a6-4d64-9e33-d8d28813a5c6 Heaviness: 6 limit: 5
2019-09-25 07:30:09,115 [RatisPipelineUtilsThread] INFO  pipeline.PipelinePlacementPolicy (PipelinePlacementPolicy.java:meetCriteria(91)) - Pipeline Placement: can't place more pipeline on heavy datanode： 09afdf22-db9f-48fb-806c-c28d48031caf Heaviness: 6 limit: 5
2019-09-25 07:30:09,120 [grpc-default-executor-0] INFO  impl.RaftServerProxy (RaftServerProxy.java:addNew(89)) - 8bae43e0-2827-4c89-a874-0343706896c0: addNew group-1AD395A7C24E:[8bae43e0-2827-4c89-a874-0343706896c0:192.168.151.106:42902] returns group-1AD395A7C24E:java.util.concurrent.CompletableFuture@3c67931[Not completed]
2019-09-25 07:30:09,120 [pool-247-thread-1] INFO  impl.RaftServerImpl (RaftServerImpl.java:<init>(95)) - 8bae43e0-2827-4c89-a874-0343706896c0: new RaftServerImpl for group-1AD395A7C24E:[8bae43e0-2827-4c89-a874-0343706896c0:192.168.151.106:42902] with ContainerStateMachine:uninitialized
2019-09-25 07:30:09,121 [pool-247-thread-1] INFO  server.RaftServerConfigKeys (ConfUtils.java:logGet(43)) - raft.server.rpc.timeout.min = 5s (custom)
2019-09-25 07:30:09,121 [pool-247-thread-1] INFO  server.RaftServerConfigKeys (ConfUtils.java:logGet(43)) - raft.server.rpc.timeout.max = 5200ms (custom)
2019-09-25 07:30:09,121 [pool-247-thread-1] INFO  server.RaftServerConfigKeys (ConfUtils.java:logGet(43)) - raft.server.rpcslowness.timeout = 120s (custom)
2019-09-25 07:30:09,121 [pool-247-thread-1] INFO  server.RaftServerConfigKeys (ConfUtils.java:logGet(43)) - raft.server.sleep.deviation.threshold = 300 (default)
2019-09-25 07:30:09,121 [pool-247-thread-1] INFO  server.RaftServerConfigKeys (ConfUtils.java:logGet(43)) - raft.server.log.appender.install.snapshot.enabled = false (custom)
2019-09-25 07:30:09,121 [pool-247-thread-1] INFO  impl.RaftServerImpl (ServerState.java:<init>(103)) - 8bae43e0-2827-4c89-a874-0343706896c0@group-1AD395A7C24E: ConfigurationManager, init=-1: [8bae43e0-2827-4c89-a874-0343706896c0:192.168.151.106:42902], old=null, confs=<EMPTY_MAP>
2019-09-25 07:30:09,121 [pool-247-thread-1] INFO  server.RaftServerConfigKeys (ConfUtils.java:logGet(43)) - raft.server.storage.dir = [/workdir/hadoop-ozone/ozonefs/target/test-dir/MiniOzoneClusterImpl-57037ed3-0523-4bc8-ad5a-d167f12c453e/datanode-2/data/ratis] (custom)
2019-09-25 07:30:09,122 [pool-247-thread-1] INFO  storage.RaftStorageDirectory (RaftStorageDirectory.java:analyzeStorage(246)) - The storage directory /workdir/hadoop-ozone/ozonefs/target/test-dir/MiniOzoneClusterImpl-57037ed3-0523-4bc8-ad5a-d167f12c453e/datanode-2/data/ratis/a6f2d463-9a67-4921-9375-1ad395a7c24e does not exist. Creating ...
2019-09-25 07:30:09,145 [pool-247-thread-1] INFO  storage.RaftStorageDirectory (RaftStorageDirectory.java:tryLock(328)) - Lock on /workdir/hadoop-ozone/ozonefs/target/test-dir/MiniOzoneClusterImpl-57037ed3-0523-4bc8-ad5a-d167f12c453e/datanode-2/data/ratis/a6f2d463-9a67-4921-9375-1ad395a7c24e/in_use.lock acquired by nodename 17738@pr-hdds-1569-x2sr2-3486766547
2019-09-25 07:30:09,168 [pool-247-thread-1] INFO  storage.RaftStorage (RaftStorage.java:format(72)) - Storage directory /workdir/hadoop-ozone/ozonefs/target/test-dir/MiniOzoneClusterImpl-57037ed3-0523-4bc8-ad5a-d167f12c453e/datanode-2/data/ratis/a6f2d463-9a67-4921-9375-1ad395a7c24e has been successfully formatted.
2019-09-25 07:30:09,168 [pool-247-thread-1] INFO  ratis.ContainerStateMachine (ContainerStateMachine.java:loadSnapshot(230)) - group-1AD395A7C24E: The snapshot info is null. Setting the last applied indexto:(t:0, i:~)
2019-09-25 07:30:09,169 [pool-247-thread-1] INFO  server.RaftServerConfigKeys (ConfUtils.java:logGet(43)) - raft.server.notification.no-leader.timeout = 120s (custom)
2019-09-25 07:30:09,169 [pool-247-thread-1] INFO  server.RaftServerConfigKeys (ConfUtils.java:logGet(43)) - raft.server.log.use.memory = false (default)
2019-09-25 07:30:09,169 [pool-247-thread-1] INFO  server.RaftServerConfigKeys (ConfUtils.java:logGet(43)) - raft.server.log.purge.gap = 1000000 (custom)
2019-09-25 07:30:09,169 [pool-247-thread-1] INFO  server.RaftServerConfigKeys (ConfUtils.java:logGet(43)) - raft.server.log.appender.buffer.byte-limit = 33554432 (custom)
2019-09-25 07:30:09,169 [pool-247-thread-1] INFO  server.RaftServerConfigKeys (ConfUtils.java:logGet(43)) - raft.server.log.segment.size.max = 1048576 (custom)
2019-09-25 07:30:09,169 [pool-247-thread-1] INFO  server.RaftServerConfigKeys (ConfUtils.java:logGet(43)) - raft.server.log.segment.cache.num.max = 2 (custom)
2019-09-25 07:30:09,170 [pool-247-thread-1] INFO  segmented.SegmentedRaftLogWorker (SegmentedRaftLogWorker.java:<init>(172)) - new 8bae43e0-2827-4c89-a874-0343706896c0@group-1AD395A7C24E-SegmentedRaftLogWorker for RaftStorage:Storage Directory /workdir/hadoop-ozone/ozonefs/target/test-dir/MiniOzoneClusterImpl-57037ed3-0523-4bc8-ad5a-d167f12c453e/datanode-2/data/ratis/a6f2d463-9a67-4921-9375-1ad395a7c24e
2019-09-25 07:30:09,170 [pool-247-thread-1] INFO  server.RaftServerConfigKeys (ConfUtils.java:logGet(43)) - raft.server.log.queue.byte-limit = 2147483647 (custom)
2019-09-25 07:30:09,170 [pool-247-thread-1] INFO  server.RaftServerConfigKeys (ConfUtils.java:logGet(43)) - raft.server.log.queue.element-limit = 1024 (custom)
2019-09-25 07:30:09,170 [pool-247-thread-1] INFO  server.RaftServerConfigKeys (ConfUtils.java:logGet(43)) - raft.server.log.segment.size.max = 1048576 (custom)
2019-09-25 07:30:09,170 [pool-247-thread-1] INFO  server.RaftServerConfigKeys (ConfUtils.java:logGet(43)) - raft.server.log.preallocated.size = 16384 (custom)
2019-09-25 07:30:09,170 [pool-247-thread-1] INFO  server.RaftServerConfigKeys (ConfUtils.java:logGet(43)) - raft.server.log.write.buffer.size = 33554432 (custom)
2019-09-25 07:30:09,170 [pool-247-thread-1] INFO  server.RaftServerConfigKeys (ConfUtils.java:logGet(43)) - raft.server.log.force.sync.num = 128 (default)
2019-09-25 07:30:09,171 [pool-247-thread-1] INFO  server.RaftServerConfigKeys (ConfUtils.java:logGet(43)) - raft.server.log.statemachine.data.sync = true (default)
2019-09-25 07:30:09,171 [pool-247-thread-1] INFO  server.RaftServerConfigKeys (ConfUtils.java:logGet(43)) - raft.server.log.statemachine.data.sync.timeout = 10s (default)
2019-09-25 07:30:09,171 [pool-247-thread-1] INFO  server.RaftServerConfigKeys (ConfUtils.java:logGet(43)) - raft.server.log.statemachine.data.sync.timeout.retry = -1 (default)
2019-09-25 07:30:09,171 [pool-247-thread-1] INFO  server.RaftServerConfigKeys (ConfUtils.java:logGet(43)) - raft.server.log.statemachine.data.caching.enabled = true (custom)
2019-09-25 07:30:09,171 [pool-247-thread-1] INFO  segmented.SegmentedRaftLogWorker (SegmentedRaftLogWorker.java:lambda$new$0(132)) - 8bae43e0-2827-4c89-a874-0343706896c0@group-1AD395A7C24E-SegmentedRaftLogWorker: flushIndex: setUnconditionally 0 -> -1
2019-09-25 07:30:09,172 [pool-247-thread-1] INFO  server.RaftServerConfigKeys (ConfUtils.java:logGet(43)) - raft.server.snapshot.auto.trigger.enabled = true (custom)
2019-09-25 07:30:09,172 [pool-247-thread-1] INFO  server.RaftServerConfigKeys (ConfUtils.java:logGet(43)) - raft.server.snapshot.auto.trigger.threshold = 10000 (custom)
2019-09-25 07:30:09,172 [pool-247-thread-1] INFO  server.RaftServerConfigKeys (ConfUtils.java:logGet(43)) - raft.server.snapshot.retention.num.files = 5 (custom)
2019-09-25 07:30:09,172 [pool-247-thread-1] INFO  server.RaftServerConfigKeys (ConfUtils.java:logGet(43)) - raft.server.retrycache.expirytime = 600000ms (custom)
2019-09-25 07:30:09,174 [pool-247-thread-1] INFO  impl.RaftServerImpl (RaftServerImpl.java:start(185)) - 8bae43e0-2827-4c89-a874-0343706896c0@group-1AD395A7C24E: start as a follower, conf=-1: [8bae43e0-2827-4c89-a874-0343706896c0:192.168.151.106:42902], old=null
2019-09-25 07:30:09,174 [pool-247-thread-1] INFO  impl.RaftServerImpl (RaftServerImpl.java:setRole(174)) - 8bae43e0-2827-4c89-a874-0343706896c0@group-1AD395A7C24E: changes role from      null to FOLLOWER at term 0 for startAsFollower
2019-09-25 07:30:09,174 [pool-247-thread-1] INFO  impl.RoleInfo (RoleInfo.java:updateAndGet(143)) - 8bae43e0-2827-4c89-a874-0343706896c0: start FollowerState
2019-09-25 07:30:09,175 [pool-247-thread-1] INFO  util.JmxRegister (JmxRegister.java:tryRegister(44)) - Successfully registered JMX Bean with object name Ratis:service=RaftServer,group=group-1AD395A7C24E,id=8bae43e0-2827-4c89-a874-0343706896c0
2019-09-25 07:30:09,177 [RatisPipelineUtilsThread] INFO  pipeline.PipelineStateManager (PipelineStateManager.java:addPipeline(56)) - Created pipeline Pipeline[ Id: a6f2d463-9a67-4921-9375-1ad395a7c24e, Nodes: 8bae43e0-2827-4c89-a874-0343706896c0{ip: 192.168.151.106, host: pr-hdds-1569-x2sr2-3486766547, networkLocation: /default-rack, certSerialId: null}, Type:RATIS, Factor:ONE, State:OPEN]
2019-09-25 07:30:09,177 [RatisPipelineUtilsThread] INFO  pipeline.PipelinePlacementPolicy (PipelinePlacementPolicy.java:meetCriteria(91)) - Pipeline Placement: can't place more pipeline on heavy datanode： 1a823cc7-99a6-4d64-9e33-d8d28813a5c6 Heaviness: 6 limit: 5
2019-09-25 07:30:09,178 [RatisPipelineUtilsThread] INFO  pipeline.PipelinePlacementPolicy (PipelinePlacementPolicy.java:meetCriteria(91)) - Pipeline Placement: can't place more pipeline on heavy datanode： 09afdf22-db9f-48fb-806c-c28d48031caf Heaviness: 6 limit: 5
2019-09-25 07:30:09,183 [grpc-default-executor-0] INFO  impl.RaftServerProxy (RaftServerProxy.java:addNew(89)) - 8bae43e0-2827-4c89-a874-0343706896c0: addNew group-0B49870D7971:[8bae43e0-2827-4c89-a874-0343706896c0:192.168.151.106:42902] returns group-0B49870D7971:java.util.concurrent.CompletableFuture@5004d1e4[Not completed]
2019-09-25 07:30:09,183 [pool-247-thread-1] INFO  impl.RaftServerImpl (RaftServerImpl.java:<init>(95)) - 8bae43e0-2827-4c89-a874-0343706896c0: new RaftServerImpl for group-0B49870D7971:[8bae43e0-2827-4c89-a874-0343706896c0:192.168.151.106:42902] with ContainerStateMachine:uninitialized
2019-09-25 07:30:09,184 [pool-247-thread-1] INFO  server.RaftServerConfigKeys (ConfUtils.java:logGet(43)) - raft.server.rpc.timeout.min = 5s (custom)
2019-09-25 07:30:09,184 [pool-247-thread-1] INFO  server.RaftServerConfigKeys (ConfUtils.java:logGet(43)) - raft.server.rpc.timeout.max = 5200ms (custom)
2019-09-25 07:30:09,184 [pool-247-thread-1] INFO  server.RaftServerConfigKeys (ConfUtils.java:logGet(43)) - raft.server.rpcslowness.timeout = 120s (custom)
2019-09-25 07:30:09,184 [pool-247-thread-1] INFO  server.RaftServerConfigKeys (ConfUtils.java:logGet(43)) - raft.server.sleep.deviation.threshold = 300 (default)
2019-09-25 07:30:09,184 [pool-247-thread-1] INFO  server.RaftServerConfigKeys (ConfUtils.java:logGet(43)) - raft.server.log.appender.install.snapshot.enabled = false (custom)
2019-09-25 07:30:09,184 [pool-247-thread-1] INFO  impl.RaftServerImpl (ServerState.java:<init>(103)) - 8bae43e0-2827-4c89-a874-0343706896c0@group-0B49870D7971: ConfigurationManager, init=-1: [8bae43e0-2827-4c89-a874-0343706896c0:192.168.151.106:42902], old=null, confs=<EMPTY_MAP>
2019-09-25 07:30:09,184 [Thread-1073] INFO  ozone.MiniOzoneClusterImpl (MiniOzoneClusterImpl.java:lambda$waitForClusterToBeReady$0(147)) - Cluster is ready. Got 3 of 3 DN Heartbeats.
2019-09-25 07:30:09,184 [pool-247-thread-1] INFO  server.RaftServerConfigKeys (ConfUtils.java:logGet(43)) - raft.server.storage.dir = [/workdir/hadoop-ozone/ozonefs/target/test-dir/MiniOzoneClusterImpl-57037ed3-0523-4bc8-ad5a-d167f12c453e/datanode-2/data/ratis] (custom)
2019-09-25 07:30:09,185 [pool-247-thread-1] INFO  storage.RaftStorageDirectory (RaftStorageDirectory.java:analyzeStorage(246)) - The storage directory /workdir/hadoop-ozone/ozonefs/target/test-dir/MiniOzoneClusterImpl-57037ed3-0523-4bc8-ad5a-d167f12c453e/datanode-2/data/ratis/56e4db77-5840-40f7-a7db-0b49870d7971 does not exist. Creating ...
2019-09-25 07:30:09,211 [pool-247-thread-1] INFO  storage.RaftStorageDirectory (RaftStorageDirectory.java:tryLock(328)) - Lock on /workdir/hadoop-ozone/ozonefs/target/test-dir/MiniOzoneClusterImpl-57037ed3-0523-4bc8-ad5a-d167f12c453e/datanode-2/data/ratis/56e4db77-5840-40f7-a7db-0b49870d7971/in_use.lock acquired by nodename 17738@pr-hdds-1569-x2sr2-3486766547
2019-09-25 07:30:09,244 [pool-247-thread-1] INFO  storage.RaftStorage (RaftStorage.java:format(72)) - Storage directory /workdir/hadoop-ozone/ozonefs/target/test-dir/MiniOzoneClusterImpl-57037ed3-0523-4bc8-ad5a-d167f12c453e/datanode-2/data/ratis/56e4db77-5840-40f7-a7db-0b49870d7971 has been successfully formatted.
2019-09-25 07:30:09,244 [Thread-1073] INFO  rpc.RpcClient (RpcClient.java:createVolume(276)) - Creating Volume: volume07044, with user98588 as owner.
2019-09-25 07:30:09,244 [pool-247-thread-1] INFO  ratis.ContainerStateMachine (ContainerStateMachine.java:loadSnapshot(230)) - group-0B49870D7971: The snapshot info is null. Setting the last applied indexto:(t:0, i:~)
2019-09-25 07:30:09,245 [pool-247-thread-1] INFO  server.RaftServerConfigKeys (ConfUtils.java:logGet(43)) - raft.server.notification.no-leader.timeout = 120s (custom)
2019-09-25 07:30:09,245 [pool-247-thread-1] INFO  server.RaftServerConfigKeys (ConfUtils.java:logGet(43)) - raft.server.log.use.memory = false (default)
2019-09-25 07:30:09,245 [pool-247-thread-1] INFO  server.RaftServerConfigKeys (ConfUtils.java:logGet(43)) - raft.server.log.purge.gap = 1000000 (custom)
2019-09-25 07:30:09,245 [pool-247-thread-1] INFO  server.RaftServerConfigKeys (ConfUtils.java:logGet(43)) - raft.server.log.appender.buffer.byte-limit = 33554432 (custom)
2019-09-25 07:30:09,245 [pool-247-thread-1] INFO  server.RaftServerConfigKeys (ConfUtils.java:logGet(43)) - raft.server.log.segment.size.max = 1048576 (custom)
2019-09-25 07:30:09,246 [pool-247-thread-1] INFO  server.RaftServerConfigKeys (ConfUtils.java:logGet(43)) - raft.server.log.segment.cache.num.max = 2 (custom)
2019-09-25 07:30:09,246 [pool-247-thread-1] INFO  segmented.SegmentedRaftLogWorker (SegmentedRaftLogWorker.java:<init>(172)) - new 8bae43e0-2827-4c89-a874-0343706896c0@group-0B49870D7971-SegmentedRaftLogWorker for RaftStorage:Storage Directory /workdir/hadoop-ozone/ozonefs/target/test-dir/MiniOzoneClusterImpl-57037ed3-0523-4bc8-ad5a-d167f12c453e/datanode-2/data/ratis/56e4db77-5840-40f7-a7db-0b49870d7971
2019-09-25 07:30:09,246 [pool-247-thread-1] INFO  server.RaftServerConfigKeys (ConfUtils.java:logGet(43)) - raft.server.log.queue.byte-limit = 2147483647 (custom)
2019-09-25 07:30:09,246 [pool-247-thread-1] INFO  server.RaftServerConfigKeys (ConfUtils.java:logGet(43)) - raft.server.log.queue.element-limit = 1024 (custom)
2019-09-25 07:30:09,246 [pool-247-thread-1] INFO  server.RaftServerConfigKeys (ConfUtils.java:logGet(43)) - raft.server.log.segment.size.max = 1048576 (custom)
2019-09-25 07:30:09,246 [pool-247-thread-1] INFO  server.RaftServerConfigKeys (ConfUtils.java:logGet(43)) - raft.server.log.preallocated.size = 16384 (custom)
2019-09-25 07:30:09,246 [pool-247-thread-1] INFO  server.RaftServerConfigKeys (ConfUtils.java:logGet(43)) - raft.server.log.write.buffer.size = 33554432 (custom)
2019-09-25 07:30:09,246 [pool-247-thread-1] INFO  server.RaftServerConfigKeys (ConfUtils.java:logGet(43)) - raft.server.log.force.sync.num = 128 (default)
2019-09-25 07:30:09,247 [pool-247-thread-1] INFO  server.RaftServerConfigKeys (ConfUtils.java:logGet(43)) - raft.server.log.statemachine.data.sync = true (default)
2019-09-25 07:30:09,247 [pool-247-thread-1] INFO  server.RaftServerConfigKeys (ConfUtils.java:logGet(43)) - raft.server.log.statemachine.data.sync.timeout = 10s (default)
2019-09-25 07:30:09,247 [pool-247-thread-1] INFO  server.RaftServerConfigKeys (ConfUtils.java:logGet(43)) - raft.server.log.statemachine.data.sync.timeout.retry = -1 (default)
2019-09-25 07:30:09,247 [pool-247-thread-1] INFO  server.RaftServerConfigKeys (ConfUtils.java:logGet(43)) - raft.server.log.statemachine.data.caching.enabled = true (custom)
2019-09-25 07:30:09,247 [IPC Server handler 1 on 44346] INFO  volume.OMVolumeCreateRequest (OMVolumeCreateRequest.java:validateAndUpdateCache(189)) - created volume:volume07044 for user:user98588
2019-09-25 07:30:09,247 [pool-247-thread-1] INFO  segmented.SegmentedRaftLogWorker (SegmentedRaftLogWorker.java:lambda$new$0(132)) - 8bae43e0-2827-4c89-a874-0343706896c0@group-0B49870D7971-SegmentedRaftLogWorker: flushIndex: setUnconditionally 0 -> -1
2019-09-25 07:30:09,248 [pool-247-thread-1] INFO  server.RaftServerConfigKeys (ConfUtils.java:logGet(43)) - raft.server.snapshot.auto.trigger.enabled = true (custom)
2019-09-25 07:30:09,248 [pool-247-thread-1] INFO  server.RaftServerConfigKeys (ConfUtils.java:logGet(43)) - raft.server.snapshot.auto.trigger.threshold = 10000 (custom)
2019-09-25 07:30:09,248 [pool-247-thread-1] INFO  server.RaftServerConfigKeys (ConfUtils.java:logGet(43)) - raft.server.snapshot.retention.num.files = 5 (custom)
2019-09-25 07:30:09,248 [pool-247-thread-1] INFO  server.RaftServerConfigKeys (ConfUtils.java:logGet(43)) - raft.server.retrycache.expirytime = 600000ms (custom)
2019-09-25 07:30:09,252 [pool-247-thread-1] INFO  impl.RaftServerImpl (RaftServerImpl.java:start(185)) - 8bae43e0-2827-4c89-a874-0343706896c0@group-0B49870D7971: start as a follower, conf=-1: [8bae43e0-2827-4c89-a874-0343706896c0:192.168.151.106:42902], old=null
2019-09-25 07:30:09,252 [pool-247-thread-1] INFO  impl.RaftServerImpl (RaftServerImpl.java:setRole(174)) - 8bae43e0-2827-4c89-a874-0343706896c0@group-0B49870D7971: changes role from      null to FOLLOWER at term 0 for startAsFollower
2019-09-25 07:30:09,252 [pool-247-thread-1] INFO  impl.RoleInfo (RoleInfo.java:updateAndGet(143)) - 8bae43e0-2827-4c89-a874-0343706896c0: start FollowerState
2019-09-25 07:30:09,252 [pool-247-thread-1] INFO  util.JmxRegister (JmxRegister.java:tryRegister(44)) - Successfully registered JMX Bean with object name Ratis:service=RaftServer,group=group-0B49870D7971,id=8bae43e0-2827-4c89-a874-0343706896c0
2019-09-25 07:30:09,260 [Thread-1073] INFO  rpc.RpcClient (RpcClient.java:createBucket(415)) - Creating Bucket: volume07044/bucket89255, with Versioning false and Storage Type set to DISK and Encryption set to false 
2019-09-25 07:30:09,262 [RatisPipelineUtilsThread] INFO  pipeline.PipelineStateManager (PipelineStateManager.java:addPipeline(56)) - Created pipeline Pipeline[ Id: 56e4db77-5840-40f7-a7db-0b49870d7971, Nodes: 8bae43e0-2827-4c89-a874-0343706896c0{ip: 192.168.151.106, host: pr-hdds-1569-x2sr2-3486766547, networkLocation: /default-rack, certSerialId: null}, Type:RATIS, Factor:ONE, State:OPEN]
2019-09-25 07:30:09,262 [RatisPipelineUtilsThread] INFO  pipeline.PipelinePlacementPolicy (PipelinePlacementPolicy.java:meetCriteria(91)) - Pipeline Placement: can't place more pipeline on heavy datanode： 1a823cc7-99a6-4d64-9e33-d8d28813a5c6 Heaviness: 6 limit: 5
2019-09-25 07:30:09,262 [RatisPipelineUtilsThread] INFO  pipeline.PipelinePlacementPolicy (PipelinePlacementPolicy.java:meetCriteria(91)) - Pipeline Placement: can't place more pipeline on heavy datanode： 09afdf22-db9f-48fb-806c-c28d48031caf Heaviness: 6 limit: 5
2019-09-25 07:30:09,268 [grpc-default-executor-0] INFO  impl.RaftServerProxy (RaftServerProxy.java:addNew(89)) - 8bae43e0-2827-4c89-a874-0343706896c0: addNew group-4408E637C8B8:[8bae43e0-2827-4c89-a874-0343706896c0:192.168.151.106:42902] returns group-4408E637C8B8:java.util.concurrent.CompletableFuture@39ed67af[Not completed]
2019-09-25 07:30:09,269 [pool-247-thread-1] INFO  impl.RaftServerImpl (RaftServerImpl.java:<init>(95)) - 8bae43e0-2827-4c89-a874-0343706896c0: new RaftServerImpl for group-4408E637C8B8:[8bae43e0-2827-4c89-a874-0343706896c0:192.168.151.106:42902] with ContainerStateMachine:uninitialized
2019-09-25 07:30:09,269 [pool-247-thread-1] INFO  server.RaftServerConfigKeys (ConfUtils.java:logGet(43)) - raft.server.rpc.timeout.min = 5s (custom)
2019-09-25 07:30:09,269 [pool-247-thread-1] INFO  server.RaftServerConfigKeys (ConfUtils.java:logGet(43)) - raft.server.rpc.timeout.max = 5200ms (custom)
2019-09-25 07:30:09,269 [pool-247-thread-1] INFO  server.RaftServerConfigKeys (ConfUtils.java:logGet(43)) - raft.server.rpcslowness.timeout = 120s (custom)
2019-09-25 07:30:09,269 [pool-247-thread-1] INFO  server.RaftServerConfigKeys (ConfUtils.java:logGet(43)) - raft.server.sleep.deviation.threshold = 300 (default)
2019-09-25 07:30:09,269 [pool-247-thread-1] INFO  server.RaftServerConfigKeys (ConfUtils.java:logGet(43)) - raft.server.log.appender.install.snapshot.enabled = false (custom)
2019-09-25 07:30:09,270 [pool-247-thread-1] INFO  impl.RaftServerImpl (ServerState.java:<init>(103)) - 8bae43e0-2827-4c89-a874-0343706896c0@group-4408E637C8B8: ConfigurationManager, init=-1: [8bae43e0-2827-4c89-a874-0343706896c0:192.168.151.106:42902], old=null, confs=<EMPTY_MAP>
2019-09-25 07:30:09,270 [pool-247-thread-1] INFO  server.RaftServerConfigKeys (ConfUtils.java:logGet(43)) - raft.server.storage.dir = [/workdir/hadoop-ozone/ozonefs/target/test-dir/MiniOzoneClusterImpl-57037ed3-0523-4bc8-ad5a-d167f12c453e/datanode-2/data/ratis] (custom)
2019-09-25 07:30:09,270 [pool-247-thread-1] INFO  storage.RaftStorageDirectory (RaftStorageDirectory.java:analyzeStorage(246)) - The storage directory /workdir/hadoop-ozone/ozonefs/target/test-dir/MiniOzoneClusterImpl-57037ed3-0523-4bc8-ad5a-d167f12c453e/datanode-2/data/ratis/86d3f41d-e0c6-4266-9477-4408e637c8b8 does not exist. Creating ...
2019-09-25 07:30:09,304 [pool-247-thread-1] INFO  storage.RaftStorageDirectory (RaftStorageDirectory.java:tryLock(328)) - Lock on /workdir/hadoop-ozone/ozonefs/target/test-dir/MiniOzoneClusterImpl-57037ed3-0523-4bc8-ad5a-d167f12c453e/datanode-2/data/ratis/86d3f41d-e0c6-4266-9477-4408e637c8b8/in_use.lock acquired by nodename 17738@pr-hdds-1569-x2sr2-3486766547
2019-09-25 07:30:09,330 [pool-247-thread-1] INFO  storage.RaftStorage (RaftStorage.java:format(72)) - Storage directory /workdir/hadoop-ozone/ozonefs/target/test-dir/MiniOzoneClusterImpl-57037ed3-0523-4bc8-ad5a-d167f12c453e/datanode-2/data/ratis/86d3f41d-e0c6-4266-9477-4408e637c8b8 has been successfully formatted.
2019-09-25 07:30:09,330 [pool-247-thread-1] INFO  ratis.ContainerStateMachine (ContainerStateMachine.java:loadSnapshot(230)) - group-4408E637C8B8: The snapshot info is null. Setting the last applied indexto:(t:0, i:~)
2019-09-25 07:30:09,330 [pool-247-thread-1] INFO  server.RaftServerConfigKeys (ConfUtils.java:logGet(43)) - raft.server.notification.no-leader.timeout = 120s (custom)
2019-09-25 07:30:09,330 [pool-247-thread-1] INFO  server.RaftServerConfigKeys (ConfUtils.java:logGet(43)) - raft.server.log.use.memory = false (default)
2019-09-25 07:30:09,331 [pool-247-thread-1] INFO  server.RaftServerConfigKeys (ConfUtils.java:logGet(43)) - raft.server.log.purge.gap = 1000000 (custom)
2019-09-25 07:30:09,331 [pool-247-thread-1] INFO  server.RaftServerConfigKeys (ConfUtils.java:logGet(43)) - raft.server.log.appender.buffer.byte-limit = 33554432 (custom)
2019-09-25 07:30:09,331 [pool-247-thread-1] INFO  server.RaftServerConfigKeys (ConfUtils.java:logGet(43)) - raft.server.log.segment.size.max = 1048576 (custom)
2019-09-25 07:30:09,331 [pool-247-thread-1] INFO  server.RaftServerConfigKeys (ConfUtils.java:logGet(43)) - raft.server.log.segment.cache.num.max = 2 (custom)
2019-09-25 07:30:09,331 [pool-247-thread-1] INFO  segmented.SegmentedRaftLogWorker (SegmentedRaftLogWorker.java:<init>(172)) - new 8bae43e0-2827-4c89-a874-0343706896c0@group-4408E637C8B8-SegmentedRaftLogWorker for RaftStorage:Storage Directory /workdir/hadoop-ozone/ozonefs/target/test-dir/MiniOzoneClusterImpl-57037ed3-0523-4bc8-ad5a-d167f12c453e/datanode-2/data/ratis/86d3f41d-e0c6-4266-9477-4408e637c8b8
2019-09-25 07:30:09,331 [pool-247-thread-1] INFO  server.RaftServerConfigKeys (ConfUtils.java:logGet(43)) - raft.server.log.queue.byte-limit = 2147483647 (custom)
2019-09-25 07:30:09,331 [pool-247-thread-1] INFO  server.RaftServerConfigKeys (ConfUtils.java:logGet(43)) - raft.server.log.queue.element-limit = 1024 (custom)
2019-09-25 07:30:09,332 [pool-247-thread-1] INFO  server.RaftServerConfigKeys (ConfUtils.java:logGet(43)) - raft.server.log.segment.size.max = 1048576 (custom)
2019-09-25 07:30:09,332 [pool-247-thread-1] INFO  server.RaftServerConfigKeys (ConfUtils.java:logGet(43)) - raft.server.log.preallocated.size = 16384 (custom)
2019-09-25 07:30:09,332 [pool-247-thread-1] INFO  server.RaftServerConfigKeys (ConfUtils.java:logGet(43)) - raft.server.log.write.buffer.size = 33554432 (custom)
2019-09-25 07:30:09,332 [pool-247-thread-1] INFO  server.RaftServerConfigKeys (ConfUtils.java:logGet(43)) - raft.server.log.force.sync.num = 128 (default)
2019-09-25 07:30:09,332 [pool-247-thread-1] INFO  server.RaftServerConfigKeys (ConfUtils.java:logGet(43)) - raft.server.log.statemachine.data.sync = true (default)
2019-09-25 07:30:09,332 [pool-247-thread-1] INFO  server.RaftServerConfigKeys (ConfUtils.java:logGet(43)) - raft.server.log.statemachine.data.sync.timeout = 10s (default)
2019-09-25 07:30:09,333 [pool-247-thread-1] INFO  server.RaftServerConfigKeys (ConfUtils.java:logGet(43)) - raft.server.log.statemachine.data.sync.timeout.retry = -1 (default)
2019-09-25 07:30:09,333 [pool-247-thread-1] INFO  server.RaftServerConfigKeys (ConfUtils.java:logGet(43)) - raft.server.log.statemachine.data.caching.enabled = true (custom)
2019-09-25 07:30:09,333 [pool-247-thread-1] INFO  segmented.SegmentedRaftLogWorker (SegmentedRaftLogWorker.java:lambda$new$0(132)) - 8bae43e0-2827-4c89-a874-0343706896c0@group-4408E637C8B8-SegmentedRaftLogWorker: flushIndex: setUnconditionally 0 -> -1
2019-09-25 07:30:09,334 [pool-247-thread-1] INFO  server.RaftServerConfigKeys (ConfUtils.java:logGet(43)) - raft.server.snapshot.auto.trigger.enabled = true (custom)
2019-09-25 07:30:09,334 [pool-247-thread-1] INFO  server.RaftServerConfigKeys (ConfUtils.java:logGet(43)) - raft.server.snapshot.auto.trigger.threshold = 10000 (custom)
2019-09-25 07:30:09,334 [pool-247-thread-1] INFO  server.RaftServerConfigKeys (ConfUtils.java:logGet(43)) - raft.server.snapshot.retention.num.files = 5 (custom)
2019-09-25 07:30:09,334 [pool-247-thread-1] INFO  server.RaftServerConfigKeys (ConfUtils.java:logGet(43)) - raft.server.retrycache.expirytime = 600000ms (custom)
2019-09-25 07:30:09,336 [pool-247-thread-1] INFO  impl.RaftServerImpl (RaftServerImpl.java:start(185)) - 8bae43e0-2827-4c89-a874-0343706896c0@group-4408E637C8B8: start as a follower, conf=-1: [8bae43e0-2827-4c89-a874-0343706896c0:192.168.151.106:42902], old=null
2019-09-25 07:30:09,336 [pool-247-thread-1] INFO  impl.RaftServerImpl (RaftServerImpl.java:setRole(174)) - 8bae43e0-2827-4c89-a874-0343706896c0@group-4408E637C8B8: changes role from      null to FOLLOWER at term 0 for startAsFollower
2019-09-25 07:30:09,336 [pool-247-thread-1] INFO  impl.RoleInfo (RoleInfo.java:updateAndGet(143)) - 8bae43e0-2827-4c89-a874-0343706896c0: start FollowerState
2019-09-25 07:30:09,337 [pool-247-thread-1] INFO  util.JmxRegister (JmxRegister.java:tryRegister(44)) - Successfully registered JMX Bean with object name Ratis:service=RaftServer,group=group-4408E637C8B8,id=8bae43e0-2827-4c89-a874-0343706896c0
2019-09-25 07:30:09,339 [RatisPipelineUtilsThread] INFO  pipeline.PipelineStateManager (PipelineStateManager.java:addPipeline(56)) - Created pipeline Pipeline[ Id: 86d3f41d-e0c6-4266-9477-4408e637c8b8, Nodes: 8bae43e0-2827-4c89-a874-0343706896c0{ip: 192.168.151.106, host: pr-hdds-1569-x2sr2-3486766547, networkLocation: /default-rack, certSerialId: null}, Type:RATIS, Factor:ONE, State:OPEN]
2019-09-25 07:30:09,340 [RatisPipelineUtilsThread] INFO  pipeline.PipelinePlacementPolicy (PipelinePlacementPolicy.java:meetCriteria(91)) - Pipeline Placement: can't place more pipeline on heavy datanode： 1a823cc7-99a6-4d64-9e33-d8d28813a5c6 Heaviness: 6 limit: 5
2019-09-25 07:30:09,340 [RatisPipelineUtilsThread] INFO  pipeline.PipelinePlacementPolicy (PipelinePlacementPolicy.java:meetCriteria(91)) - Pipeline Placement: can't place more pipeline on heavy datanode： 09afdf22-db9f-48fb-806c-c28d48031caf Heaviness: 6 limit: 5
2019-09-25 07:30:09,340 [RatisPipelineUtilsThread] INFO  pipeline.PipelinePlacementPolicy (PipelinePlacementPolicy.java:meetCriteria(91)) - Pipeline Placement: can't place more pipeline on heavy datanode： 8bae43e0-2827-4c89-a874-0343706896c0 Heaviness: 6 limit: 5
2019-09-25 07:30:09,340 [RatisPipelineUtilsThread] ERROR pipeline.PipelinePlacementPolicy (PipelinePlacementPolicy.java:filterViableNodes(148)) - Unable to find enough nodes that meet the criteria that cannot engage in more than 5 pipelines. Nodes required: 1 Found: 0, healthy nodes count inNodeManager: 3.
2019-09-25 07:30:09,340 [RatisPipelineUtilsThread] ERROR pipeline.SCMPipelineManager (SCMPipelineManager.java:createPipeline(167)) - Pipeline creation failed.
org.apache.hadoop.hdds.scm.exceptions.SCMException: Unable to find enough nodes that meet the criteria that cannot engage in more than 5 pipelines. Nodes required: 1 Found: 0, healthy nodes count inNodeManager: 3.
	at org.apache.hadoop.hdds.scm.pipeline.PipelinePlacementPolicy.filterViableNodes(PipelinePlacementPolicy.java:149)
	at org.apache.hadoop.hdds.scm.pipeline.PipelinePlacementPolicy.chooseDatanodes(PipelinePlacementPolicy.java:172)
	at org.apache.hadoop.hdds.scm.pipeline.RatisPipelineProvider.create(RatisPipelineProvider.java:93)
	at org.apache.hadoop.hdds.scm.pipeline.PipelineFactory.create(PipelineFactory.java:58)
	at org.apache.hadoop.hdds.scm.pipeline.SCMPipelineManager.createPipeline(SCMPipelineManager.java:155)
	at org.apache.hadoop.hdds.scm.pipeline.BackgroundPipelineCreator.createPipelines(BackgroundPipelineCreator.java:99)
	at java.util.concurrent.Executors$RunnableAdapter.call(Executors.java:511)
	at java.util.concurrent.FutureTask.run(FutureTask.java:266)
	at java.util.concurrent.ScheduledThreadPoolExecutor$ScheduledFutureTask.access$201(ScheduledThreadPoolExecutor.java:180)
	at java.util.concurrent.ScheduledThreadPoolExecutor$ScheduledFutureTask.run(ScheduledThreadPoolExecutor.java:293)
	at java.util.concurrent.ThreadPoolExecutor.runWorker(ThreadPoolExecutor.java:1149)
	at java.util.concurrent.ThreadPoolExecutor$Worker.run(ThreadPoolExecutor.java:624)
	at java.lang.Thread.run(Thread.java:748)
2019-09-25 07:30:09,341 [RatisPipelineUtilsThread] INFO  pipeline.PipelinePlacementPolicy (PipelinePlacementPolicy.java:meetCriteria(91)) - Pipeline Placement: can't place more pipeline on heavy datanode： 1a823cc7-99a6-4d64-9e33-d8d28813a5c6 Heaviness: 6 limit: 5
2019-09-25 07:30:09,341 [RatisPipelineUtilsThread] INFO  pipeline.PipelinePlacementPolicy (PipelinePlacementPolicy.java:meetCriteria(91)) - Pipeline Placement: can't place more pipeline on heavy datanode： 09afdf22-db9f-48fb-806c-c28d48031caf Heaviness: 6 limit: 5
2019-09-25 07:30:09,341 [RatisPipelineUtilsThread] INFO  pipeline.PipelinePlacementPolicy (PipelinePlacementPolicy.java:meetCriteria(91)) - Pipeline Placement: can't place more pipeline on heavy datanode： 8bae43e0-2827-4c89-a874-0343706896c0 Heaviness: 6 limit: 5
2019-09-25 07:30:09,341 [RatisPipelineUtilsThread] ERROR pipeline.PipelinePlacementPolicy (PipelinePlacementPolicy.java:filterViableNodes(148)) - Unable to find enough nodes that meet the criteria that cannot engage in more than 5 pipelines. Nodes required: 3 Found: 0, healthy nodes count inNodeManager: 3.
2019-09-25 07:30:09,341 [RatisPipelineUtilsThread] ERROR pipeline.SCMPipelineManager (SCMPipelineManager.java:createPipeline(167)) - Pipeline creation failed.
org.apache.hadoop.hdds.scm.exceptions.SCMException: Unable to find enough nodes that meet the criteria that cannot engage in more than 5 pipelines. Nodes required: 3 Found: 0, healthy nodes count inNodeManager: 3.
	at org.apache.hadoop.hdds.scm.pipeline.PipelinePlacementPolicy.filterViableNodes(PipelinePlacementPolicy.java:149)
	at org.apache.hadoop.hdds.scm.pipeline.PipelinePlacementPolicy.chooseDatanodes(PipelinePlacementPolicy.java:172)
	at org.apache.hadoop.hdds.scm.pipeline.RatisPipelineProvider.create(RatisPipelineProvider.java:93)
	at org.apache.hadoop.hdds.scm.pipeline.PipelineFactory.create(PipelineFactory.java:58)
	at org.apache.hadoop.hdds.scm.pipeline.SCMPipelineManager.createPipeline(SCMPipelineManager.java:155)
	at org.apache.hadoop.hdds.scm.pipeline.BackgroundPipelineCreator.createPipelines(BackgroundPipelineCreator.java:99)
	at java.util.concurrent.Executors$RunnableAdapter.call(Executors.java:511)
	at java.util.concurrent.FutureTask.run(FutureTask.java:266)
	at java.util.concurrent.ScheduledThreadPoolExecutor$ScheduledFutureTask.access$201(ScheduledThreadPoolExecutor.java:180)
	at java.util.concurrent.ScheduledThreadPoolExecutor$ScheduledFutureTask.run(ScheduledThreadPoolExecutor.java:293)
	at java.util.concurrent.ThreadPoolExecutor.runWorker(ThreadPoolExecutor.java:1149)
	at java.util.concurrent.ThreadPoolExecutor$Worker.run(ThreadPoolExecutor.java:624)
	at java.lang.Thread.run(Thread.java:748)
2019-09-25 07:30:09,351 [RatisPipelineUtilsThread] INFO  pipeline.PipelinePlacementPolicy (PipelinePlacementPolicy.java:meetCriteria(91)) - Pipeline Placement: can't place more pipeline on heavy datanode： 1a823cc7-99a6-4d64-9e33-d8d28813a5c6 Heaviness: 6 limit: 5
2019-09-25 07:30:09,351 [RatisPipelineUtilsThread] INFO  pipeline.PipelinePlacementPolicy (PipelinePlacementPolicy.java:meetCriteria(91)) - Pipeline Placement: can't place more pipeline on heavy datanode： 09afdf22-db9f-48fb-806c-c28d48031caf Heaviness: 6 limit: 5
2019-09-25 07:30:09,352 [RatisPipelineUtilsThread] INFO  pipeline.PipelinePlacementPolicy (PipelinePlacementPolicy.java:meetCriteria(91)) - Pipeline Placement: can't place more pipeline on heavy datanode： 8bae43e0-2827-4c89-a874-0343706896c0 Heaviness: 6 limit: 5
2019-09-25 07:30:09,352 [RatisPipelineUtilsThread] ERROR pipeline.PipelinePlacementPolicy (PipelinePlacementPolicy.java:filterViableNodes(148)) - Unable to find enough nodes that meet the criteria that cannot engage in more than 5 pipelines. Nodes required: 1 Found: 0, healthy nodes count inNodeManager: 3.
2019-09-25 07:30:09,352 [RatisPipelineUtilsThread] ERROR pipeline.SCMPipelineManager (SCMPipelineManager.java:createPipeline(167)) - Pipeline creation failed.
org.apache.hadoop.hdds.scm.exceptions.SCMException: Unable to find enough nodes that meet the criteria that cannot engage in more than 5 pipelines. Nodes required: 1 Found: 0, healthy nodes count inNodeManager: 3.
	at org.apache.hadoop.hdds.scm.pipeline.PipelinePlacementPolicy.filterViableNodes(PipelinePlacementPolicy.java:149)
	at org.apache.hadoop.hdds.scm.pipeline.PipelinePlacementPolicy.chooseDatanodes(PipelinePlacementPolicy.java:172)
	at org.apache.hadoop.hdds.scm.pipeline.RatisPipelineProvider.create(RatisPipelineProvider.java:93)
	at org.apache.hadoop.hdds.scm.pipeline.PipelineFactory.create(PipelineFactory.java:58)
	at org.apache.hadoop.hdds.scm.pipeline.SCMPipelineManager.createPipeline(SCMPipelineManager.java:155)
	at org.apache.hadoop.hdds.scm.pipeline.BackgroundPipelineCreator.createPipelines(BackgroundPipelineCreator.java:99)
	at org.apache.hadoop.hdds.scm.pipeline.BackgroundPipelineCreator.lambda$startFixedIntervalPipelineCreator$0(BackgroundPipelineCreator.java:70)
	at java.util.concurrent.Executors$RunnableAdapter.call(Executors.java:511)
	at java.util.concurrent.FutureTask.runAndReset(FutureTask.java:308)
	at java.util.concurrent.ScheduledThreadPoolExecutor$ScheduledFutureTask.access$301(ScheduledThreadPoolExecutor.java:180)
	at java.util.concurrent.ScheduledThreadPoolExecutor$ScheduledFutureTask.run(ScheduledThreadPoolExecutor.java:294)
	at java.util.concurrent.ThreadPoolExecutor.runWorker(ThreadPoolExecutor.java:1149)
	at java.util.concurrent.ThreadPoolExecutor$Worker.run(ThreadPoolExecutor.java:624)
	at java.lang.Thread.run(Thread.java:748)
2019-09-25 07:30:09,354 [RatisPipelineUtilsThread] INFO  pipeline.PipelinePlacementPolicy (PipelinePlacementPolicy.java:meetCriteria(91)) - Pipeline Placement: can't place more pipeline on heavy datanode： 1a823cc7-99a6-4d64-9e33-d8d28813a5c6 Heaviness: 6 limit: 5
2019-09-25 07:30:09,354 [RatisPipelineUtilsThread] INFO  pipeline.PipelinePlacementPolicy (PipelinePlacementPolicy.java:meetCriteria(91)) - Pipeline Placement: can't place more pipeline on heavy datanode： 09afdf22-db9f-48fb-806c-c28d48031caf Heaviness: 6 limit: 5
2019-09-25 07:30:09,355 [RatisPipelineUtilsThread] INFO  pipeline.PipelinePlacementPolicy (PipelinePlacementPolicy.java:meetCriteria(91)) - Pipeline Placement: can't place more pipeline on heavy datanode： 8bae43e0-2827-4c89-a874-0343706896c0 Heaviness: 6 limit: 5
2019-09-25 07:30:09,355 [RatisPipelineUtilsThread] ERROR pipeline.PipelinePlacementPolicy (PipelinePlacementPolicy.java:filterViableNodes(148)) - Unable to find enough nodes that meet the criteria that cannot engage in more than 5 pipelines. Nodes required: 3 Found: 0, healthy nodes count inNodeManager: 3.
2019-09-25 07:30:09,355 [RatisPipelineUtilsThread] ERROR pipeline.SCMPipelineManager (SCMPipelineManager.java:createPipeline(167)) - Pipeline creation failed.
org.apache.hadoop.hdds.scm.exceptions.SCMException: Unable to find enough nodes that meet the criteria that cannot engage in more than 5 pipelines. Nodes required: 3 Found: 0, healthy nodes count inNodeManager: 3.
	at org.apache.hadoop.hdds.scm.pipeline.PipelinePlacementPolicy.filterViableNodes(PipelinePlacementPolicy.java:149)
	at org.apache.hadoop.hdds.scm.pipeline.PipelinePlacementPolicy.chooseDatanodes(PipelinePlacementPolicy.java:172)
	at org.apache.hadoop.hdds.scm.pipeline.RatisPipelineProvider.create(RatisPipelineProvider.java:93)
	at org.apache.hadoop.hdds.scm.pipeline.PipelineFactory.create(PipelineFactory.java:58)
	at org.apache.hadoop.hdds.scm.pipeline.SCMPipelineManager.createPipeline(SCMPipelineManager.java:155)
	at org.apache.hadoop.hdds.scm.pipeline.BackgroundPipelineCreator.createPipelines(BackgroundPipelineCreator.java:99)
	at org.apache.hadoop.hdds.scm.pipeline.BackgroundPipelineCreator.lambda$startFixedIntervalPipelineCreator$0(BackgroundPipelineCreator.java:70)
	at java.util.concurrent.Executors$RunnableAdapter.call(Executors.java:511)
	at java.util.concurrent.FutureTask.runAndReset(FutureTask.java:308)
	at java.util.concurrent.ScheduledThreadPoolExecutor$ScheduledFutureTask.access$301(ScheduledThreadPoolExecutor.java:180)
	at java.util.concurrent.ScheduledThreadPoolExecutor$ScheduledFutureTask.run(ScheduledThreadPoolExecutor.java:294)
	at java.util.concurrent.ThreadPoolExecutor.runWorker(ThreadPoolExecutor.java:1149)
	at java.util.concurrent.ThreadPoolExecutor$Worker.run(ThreadPoolExecutor.java:624)
	at java.lang.Thread.run(Thread.java:748)
2019-09-25 07:30:09,355 [IPC Server handler 1 on 35020] INFO  pipeline.PipelinePlacementPolicy (PipelinePlacementPolicy.java:meetCriteria(91)) - Pipeline Placement: can't place more pipeline on heavy datanode： 1a823cc7-99a6-4d64-9e33-d8d28813a5c6 Heaviness: 6 limit: 5
2019-09-25 07:30:09,356 [IPC Server handler 1 on 35020] INFO  pipeline.PipelinePlacementPolicy (PipelinePlacementPolicy.java:meetCriteria(91)) - Pipeline Placement: can't place more pipeline on heavy datanode： 09afdf22-db9f-48fb-806c-c28d48031caf Heaviness: 6 limit: 5
2019-09-25 07:30:09,356 [IPC Server handler 1 on 35020] INFO  pipeline.PipelinePlacementPolicy (PipelinePlacementPolicy.java:meetCriteria(91)) - Pipeline Placement: can't place more pipeline on heavy datanode： 8bae43e0-2827-4c89-a874-0343706896c0 Heaviness: 6 limit: 5
2019-09-25 07:30:09,356 [IPC Server handler 1 on 35020] ERROR pipeline.PipelinePlacementPolicy (PipelinePlacementPolicy.java:filterViableNodes(148)) - Unable to find enough nodes that meet the criteria that cannot engage in more than 5 pipelines. Nodes required: 3 Found: 0, healthy nodes count inNodeManager: 3.
2019-09-25 07:30:09,356 [IPC Server handler 1 on 35020] ERROR pipeline.SCMPipelineManager (SCMPipelineManager.java:createPipeline(167)) - Pipeline creation failed.
org.apache.hadoop.hdds.scm.exceptions.SCMException: Unable to find enough nodes that meet the criteria that cannot engage in more than 5 pipelines. Nodes required: 3 Found: 0, healthy nodes count inNodeManager: 3.
	at org.apache.hadoop.hdds.scm.pipeline.PipelinePlacementPolicy.filterViableNodes(PipelinePlacementPolicy.java:149)
	at org.apache.hadoop.hdds.scm.pipeline.PipelinePlacementPolicy.chooseDatanodes(PipelinePlacementPolicy.java:172)
	at org.apache.hadoop.hdds.scm.pipeline.RatisPipelineProvider.create(RatisPipelineProvider.java:93)
	at org.apache.hadoop.hdds.scm.pipeline.PipelineFactory.create(PipelineFactory.java:58)
	at org.apache.hadoop.hdds.scm.pipeline.SCMPipelineManager.createPipeline(SCMPipelineManager.java:155)
	at org.apache.hadoop.hdds.scm.block.BlockManagerImpl.allocateBlock(BlockManagerImpl.java:190)
	at org.apache.hadoop.hdds.scm.server.SCMBlockProtocolServer.allocateBlock(SCMBlockProtocolServer.java:182)
	at org.apache.hadoop.ozone.protocolPB.ScmBlockLocationProtocolServerSideTranslatorPB.allocateScmBlock(ScmBlockLocationProtocolServerSideTranslatorPB.java:183)
	at org.apache.hadoop.ozone.protocolPB.ScmBlockLocationProtocolServerSideTranslatorPB.processMessage(ScmBlockLocationProtocolServerSideTranslatorPB.java:141)
	at org.apache.hadoop.ozone.protocolPB.ScmBlockLocationProtocolServerSideTranslatorPB.send(ScmBlockLocationProtocolServerSideTranslatorPB.java:116)
	at org.apache.hadoop.hdds.protocol.proto.ScmBlockLocationProtocolProtos$ScmBlockLocationProtocolService$2.callBlockingMethod(ScmBlockLocationProtocolProtos.java:13157)
	at org.apache.hadoop.ipc.ProtobufRpcEngine$Server$ProtoBufRpcInvoker.call(ProtobufRpcEngine.java:524)
	at org.apache.hadoop.ipc.RPC$Server.call(RPC.java:1025)
	at org.apache.hadoop.ipc.Server$RpcCall.run(Server.java:876)
	at org.apache.hadoop.ipc.Server$RpcCall.run(Server.java:822)
	at java.security.AccessController.doPrivileged(Native Method)
	at javax.security.auth.Subject.doAs(Subject.java:422)
	at org.apache.hadoop.security.UserGroupInformation.doAs(UserGroupInformation.java:1730)
	at org.apache.hadoop.ipc.Server$Handler.run(Server.java:2682)
2019-09-25 07:30:09,357 [IPC Server handler 1 on 35020] WARN  block.BlockManagerImpl (BlockManagerImpl.java:allocateBlock(192)) - Pipeline creation failed for type:RATIS factor:THREE. Retrying get pipelines call once.
org.apache.hadoop.hdds.scm.exceptions.SCMException: Unable to find enough nodes that meet the criteria that cannot engage in more than 5 pipelines. Nodes required: 3 Found: 0, healthy nodes count inNodeManager: 3.
	at org.apache.hadoop.hdds.scm.pipeline.PipelinePlacementPolicy.filterViableNodes(PipelinePlacementPolicy.java:149)
	at org.apache.hadoop.hdds.scm.pipeline.PipelinePlacementPolicy.chooseDatanodes(PipelinePlacementPolicy.java:172)
	at org.apache.hadoop.hdds.scm.pipeline.RatisPipelineProvider.create(RatisPipelineProvider.java:93)
	at org.apache.hadoop.hdds.scm.pipeline.PipelineFactory.create(PipelineFactory.java:58)
	at org.apache.hadoop.hdds.scm.pipeline.SCMPipelineManager.createPipeline(SCMPipelineManager.java:155)
	at org.apache.hadoop.hdds.scm.block.BlockManagerImpl.allocateBlock(BlockManagerImpl.java:190)
	at org.apache.hadoop.hdds.scm.server.SCMBlockProtocolServer.allocateBlock(SCMBlockProtocolServer.java:182)
	at org.apache.hadoop.ozone.protocolPB.ScmBlockLocationProtocolServerSideTranslatorPB.allocateScmBlock(ScmBlockLocationProtocolServerSideTranslatorPB.java:183)
	at org.apache.hadoop.ozone.protocolPB.ScmBlockLocationProtocolServerSideTranslatorPB.processMessage(ScmBlockLocationProtocolServerSideTranslatorPB.java:141)
	at org.apache.hadoop.ozone.protocolPB.ScmBlockLocationProtocolServerSideTranslatorPB.send(ScmBlockLocationProtocolServerSideTranslatorPB.java:116)
	at org.apache.hadoop.hdds.protocol.proto.ScmBlockLocationProtocolProtos$ScmBlockLocationProtocolService$2.callBlockingMethod(ScmBlockLocationProtocolProtos.java:13157)
	at org.apache.hadoop.ipc.ProtobufRpcEngine$Server$ProtoBufRpcInvoker.call(ProtobufRpcEngine.java:524)
	at org.apache.hadoop.ipc.RPC$Server.call(RPC.java:1025)
	at org.apache.hadoop.ipc.Server$RpcCall.run(Server.java:876)
	at org.apache.hadoop.ipc.Server$RpcCall.run(Server.java:822)
	at java.security.AccessController.doPrivileged(Native Method)
	at javax.security.auth.Subject.doAs(Subject.java:422)
	at org.apache.hadoop.security.UserGroupInformation.doAs(UserGroupInformation.java:1730)
	at org.apache.hadoop.ipc.Server$Handler.run(Server.java:2682)
2019-09-25 07:30:09,357 [IPC Server handler 1 on 35020] INFO  block.BlockManagerImpl (BlockManagerImpl.java:allocateBlock(198)) - Could not find available pipeline of type:RATIS and factor:THREE even after retrying
2019-09-25 07:30:09,357 [IPC Server handler 1 on 35020] ERROR block.BlockManagerImpl (BlockManagerImpl.java:allocateBlock(222)) - Unable to allocate a block for the size: 4194304, type: RATIS, factor: THREE
2019-09-25 07:30:09,361 [Thread-1073] INFO  ozone.MiniOzoneClusterImpl (MiniOzoneClusterImpl.java:shutdown(314)) - Shutting down the Mini Ozone Cluster
2019-09-25 07:30:09,361 [Thread-1073] INFO  ozone.MiniOzoneClusterImpl (MiniOzoneClusterImpl.java:stop(330)) - Stopping the Mini Ozone Cluster
2019-09-25 07:30:09,361 [Thread-1073] INFO  ozone.MiniOzoneClusterImpl (MiniOzoneClusterImpl.java:stopOM(400)) - Stopping the OzoneManager
2019-09-25 07:30:09,361 [Thread-1073] INFO  ipc.Server (Server.java:stop(3082)) - Stopping server on 44346
2019-09-25 07:30:09,366 [IPC Server listener on 44346] INFO  ipc.Server (Server.java:run(1185)) - Stopping IPC Server listener on 44346
2019-09-25 07:30:09,366 [IPC Server Responder] INFO  ipc.Server (Server.java:run(1319)) - Stopping IPC Server Responder
2019-09-25 07:30:09,366 [Thread-1073] INFO  ratis.OzoneManagerDoubleBuffer (OzoneManagerDoubleBuffer.java:stop(248)) - Stopping OMDoubleBuffer flush thread
2019-09-25 07:30:09,376 [OMDoubleBufferFlushThread] INFO  ratis.OzoneManagerDoubleBuffer (OzoneManagerDoubleBuffer.java:flushTransactions(191)) - OMDoubleBuffer flush thread OMDoubleBufferFlushThread is interrupted and will exit. OMDoubleBufferFlushThread
2019-09-25 07:30:09,376 [Thread-1073] INFO  utils.BackgroundService (BackgroundService.java:shutdown(148)) - Shutting down service KeyDeletingService
2019-09-25 07:30:09,377 [Thread-1073] INFO  handler.ContextHandler (ContextHandler.java:doStop(910)) - Stopped o.e.j.w.WebAppContext@53f5362f{/,null,UNAVAILABLE}{/ozoneManager}
2019-09-25 07:30:09,378 [Thread-1073] INFO  server.AbstractConnector (AbstractConnector.java:doStop(318)) - Stopped ServerConnector@62a09427{HTTP/1.1,[http/1.1]}{0.0.0.0:0}
2019-09-25 07:30:09,378 [Thread-1073] INFO  handler.ContextHandler (ContextHandler.java:doStop(910)) - Stopped o.e.j.s.ServletContextHandler@32a7b2ea{/static,jar:file:/home/user/.m2/repository/org/apache/hadoop/hadoop-ozone-ozone-manager/0.5.0-SNAPSHOT/hadoop-ozone-ozone-manager-0.5.0-SNAPSHOT.jar!/webapps/static,UNAVAILABLE}
2019-09-25 07:30:09,378 [Thread-1073] INFO  handler.ContextHandler (ContextHandler.java:doStop(910)) - Stopped o.e.j.s.ServletContextHandler@6fa41032{/logs,file:///workdir/hadoop-ozone/ozonefs/target/log,UNAVAILABLE}
2019-09-25 07:30:09,380 [Thread-1073] INFO  ozone.MiniOzoneClusterImpl (MiniOzoneClusterImpl.java:stopDatanodes(377)) - Stopping the HddsDatanodes
2019-09-25 07:30:10,052 [Datanode State Machine Thread - 0] INFO  statemachine.DatanodeStateMachine (DatanodeStateMachine.java:lambda$startDaemon$0(350)) - Ozone container server started.
2019-09-25 07:30:10,119 [Datanode State Machine Thread - 0] INFO  statemachine.DatanodeStateMachine (DatanodeStateMachine.java:lambda$startDaemon$0(350)) - Ozone container server started.
2019-09-25 07:30:11,064 [Thread-1245] INFO  container.ReplicationManager (ReplicationManager.java:start(163)) - Starting Replication Monitor Thread.
2019-09-25 07:30:11,067 [ReplicationMonitor] INFO  container.ReplicationManager (ReplicationManager.java:run(226)) - Replication Monitor Thread took 0 milliseconds for processing 0 containers.
2019-09-25 07:30:13,150 [Thread-1247] INFO  impl.FollowerState (FollowerState.java:run(106)) - 09afdf22-db9f-48fb-806c-c28d48031caf:group-C733043331FA changes to CANDIDATE, lastRpcTime:5001, electionTimeout:5001ms
2019-09-25 07:30:13,150 [Thread-1247] INFO  impl.RoleInfo (RoleInfo.java:shutdownFollowerState(121)) - 09afdf22-db9f-48fb-806c-c28d48031caf: shutdown FollowerState
2019-09-25 07:30:13,150 [Thread-1247] INFO  impl.RaftServerImpl (RaftServerImpl.java:setRole(174)) - 09afdf22-db9f-48fb-806c-c28d48031caf@group-C733043331FA: changes role from  FOLLOWER to CANDIDATE at term 0 for changeToCandidate
2019-09-25 07:30:13,151 [Thread-1247] INFO  impl.RoleInfo (RoleInfo.java:updateAndGet(143)) - 09afdf22-db9f-48fb-806c-c28d48031caf: start LeaderElection
2019-09-25 07:30:13,179 [09afdf22-db9f-48fb-806c-c28d48031caf@group-C733043331FA:LeaderElection71] INFO  impl.LeaderElection (LeaderElection.java:askForVotes(182)) - 09afdf22-db9f-48fb-806c-c28d48031caf@group-C733043331FA:LeaderElection71: begin an election at term 1 for -1: [09afdf22-db9f-48fb-806c-c28d48031caf:192.168.151.106:43048], old=null
2019-09-25 07:30:13,179 [09afdf22-db9f-48fb-806c-c28d48031caf@group-C733043331FA:LeaderElection71] INFO  impl.RoleInfo (RoleInfo.java:shutdownLeaderElection(134)) - 09afdf22-db9f-48fb-806c-c28d48031caf: shutdown LeaderElection
2019-09-25 07:30:13,179 [09afdf22-db9f-48fb-806c-c28d48031caf@group-C733043331FA:LeaderElection71] INFO  impl.RaftServerImpl (RaftServerImpl.java:setRole(174)) - 09afdf22-db9f-48fb-806c-c28d48031caf@group-C733043331FA: changes role from CANDIDATE to LEADER at term 1 for changeToLeader
2019-09-25 07:30:13,179 [09afdf22-db9f-48fb-806c-c28d48031caf@group-C733043331FA:LeaderElection71] INFO  impl.RaftServerImpl (ServerState.java:setLeader(253)) - 09afdf22-db9f-48fb-806c-c28d48031caf@group-C733043331FA: change Leader from null to 09afdf22-db9f-48fb-806c-c28d48031caf at term 1 for becomeLeader, leader elected after 5039ms
2019-09-25 07:30:13,180 [09afdf22-db9f-48fb-806c-c28d48031caf@group-C733043331FA:LeaderElection71] INFO  server.RaftServerConfigKeys (ConfUtils.java:logGet(43)) - raft.server.staging.catchup.gap = 1000 (default)
2019-09-25 07:30:13,180 [09afdf22-db9f-48fb-806c-c28d48031caf@group-C733043331FA:LeaderElection71] INFO  server.RaftServerConfigKeys (ConfUtils.java:logGet(43)) - raft.server.rpc.sleep.time = 25ms (default)
2019-09-25 07:30:13,180 [09afdf22-db9f-48fb-806c-c28d48031caf@group-C733043331FA:LeaderElection71] INFO  server.RaftServerConfigKeys (ConfUtils.java:logGet(43)) - raft.server.write.element-limit = 4096 (default)
2019-09-25 07:30:13,180 [09afdf22-db9f-48fb-806c-c28d48031caf@group-C733043331FA:LeaderElection71] INFO  server.RaftServerConfigKeys (ConfUtils.java:logGet(43)) - raft.server.watch.timeout = 10s (default)
2019-09-25 07:30:13,180 [09afdf22-db9f-48fb-806c-c28d48031caf@group-C733043331FA:LeaderElection71] INFO  server.RaftServerConfigKeys (ConfUtils.java:logGet(43)) - raft.server.watch.timeout.denomination = 1s (default)
2019-09-25 07:30:13,180 [09afdf22-db9f-48fb-806c-c28d48031caf@group-C733043331FA:LeaderElection71] INFO  server.RaftServerConfigKeys (ConfUtils.java:logGet(43)) - raft.server.watch.element-limit = 65536 (default)
2019-09-25 07:30:13,182 [09afdf22-db9f-48fb-806c-c28d48031caf@group-C733043331FA:LeaderElection71] INFO  impl.RoleInfo (RoleInfo.java:updateAndGet(143)) - 09afdf22-db9f-48fb-806c-c28d48031caf: start LeaderState
2019-09-25 07:30:13,183 [09afdf22-db9f-48fb-806c-c28d48031caf@group-C733043331FA:LeaderElection71] INFO  segmented.SegmentedRaftLogWorker (SegmentedRaftLogWorker.java:startLogSegment(380)) - 09afdf22-db9f-48fb-806c-c28d48031caf@group-C733043331FA-SegmentedRaftLogWorker: Starting segment from index:0
2019-09-25 07:30:13,183 [09afdf22-db9f-48fb-806c-c28d48031caf@group-C733043331FA:LeaderElection71] INFO  impl.RaftServerImpl (ServerState.java:setRaftConf(354)) - 09afdf22-db9f-48fb-806c-c28d48031caf@group-C733043331FA: set configuration 0: [09afdf22-db9f-48fb-806c-c28d48031caf:192.168.151.106:43048], old=null at 0
2019-09-25 07:30:13,241 [09afdf22-db9f-48fb-806c-c28d48031caf@group-C733043331FA-SegmentedRaftLogWorker] INFO  segmented.SegmentedRaftLogWorker (SegmentedRaftLogWorker.java:execute(569)) - 09afdf22-db9f-48fb-806c-c28d48031caf@group-C733043331FA-SegmentedRaftLogWorker: created new log segment /workdir/hadoop-ozone/ozonefs/target/test-dir/MiniOzoneClusterImpl-57037ed3-0523-4bc8-ad5a-d167f12c453e/datanode-0/data/ratis/8258445d-70c4-424e-b34a-c733043331fa/current/log_inprogress_0
2019-09-25 07:30:13,410 [Thread-1256] INFO  impl.FollowerState (FollowerState.java:run(106)) - 09afdf22-db9f-48fb-806c-c28d48031caf:group-181133BCA00D changes to CANDIDATE, lastRpcTime:5062, electionTimeout:5062ms
2019-09-25 07:30:13,410 [Thread-1256] INFO  impl.RoleInfo (RoleInfo.java:shutdownFollowerState(121)) - 09afdf22-db9f-48fb-806c-c28d48031caf: shutdown FollowerState
2019-09-25 07:30:13,411 [Thread-1256] INFO  impl.RaftServerImpl (RaftServerImpl.java:setRole(174)) - 09afdf22-db9f-48fb-806c-c28d48031caf@group-181133BCA00D: changes role from  FOLLOWER to CANDIDATE at term 0 for changeToCandidate
2019-09-25 07:30:13,411 [Thread-1256] INFO  impl.RoleInfo (RoleInfo.java:updateAndGet(143)) - 09afdf22-db9f-48fb-806c-c28d48031caf: start LeaderElection
2019-09-25 07:30:13,423 [Thread-1253] INFO  impl.FollowerState (FollowerState.java:run(106)) - 1a823cc7-99a6-4d64-9e33-d8d28813a5c6:group-A65EC9884415 changes to CANDIDATE, lastRpcTime:5143, electionTimeout:5137ms
2019-09-25 07:30:13,423 [Thread-1250] INFO  impl.FollowerState (FollowerState.java:run(106)) - 1a823cc7-99a6-4d64-9e33-d8d28813a5c6:group-7A9473D4008F changes to CANDIDATE, lastRpcTime:5199, electionTimeout:5188ms
2019-09-25 07:30:13,423 [Thread-1253] INFO  impl.RoleInfo (RoleInfo.java:shutdownFollowerState(121)) - 1a823cc7-99a6-4d64-9e33-d8d28813a5c6: shutdown FollowerState
2019-09-25 07:30:13,423 [Thread-1250] INFO  impl.RoleInfo (RoleInfo.java:shutdownFollowerState(121)) - 1a823cc7-99a6-4d64-9e33-d8d28813a5c6: shutdown FollowerState
2019-09-25 07:30:13,423 [Thread-1253] INFO  impl.RaftServerImpl (RaftServerImpl.java:setRole(174)) - 1a823cc7-99a6-4d64-9e33-d8d28813a5c6@group-A65EC9884415: changes role from  FOLLOWER to CANDIDATE at term 0 for changeToCandidate
2019-09-25 07:30:13,423 [Thread-1250] INFO  impl.RaftServerImpl (RaftServerImpl.java:setRole(174)) - 1a823cc7-99a6-4d64-9e33-d8d28813a5c6@group-7A9473D4008F: changes role from  FOLLOWER to CANDIDATE at term 0 for changeToCandidate
2019-09-25 07:30:13,423 [Thread-1253] INFO  impl.RoleInfo (RoleInfo.java:updateAndGet(143)) - 1a823cc7-99a6-4d64-9e33-d8d28813a5c6: start LeaderElection
2019-09-25 07:30:13,423 [Thread-1250] INFO  impl.RoleInfo (RoleInfo.java:updateAndGet(143)) - 1a823cc7-99a6-4d64-9e33-d8d28813a5c6: start LeaderElection
2019-09-25 07:30:13,446 [09afdf22-db9f-48fb-806c-c28d48031caf@group-181133BCA00D:LeaderElection72] INFO  impl.LeaderElection (LeaderElection.java:askForVotes(182)) - 09afdf22-db9f-48fb-806c-c28d48031caf@group-181133BCA00D:LeaderElection72: begin an election at term 1 for -1: [09afdf22-db9f-48fb-806c-c28d48031caf:192.168.151.106:43048], old=null
2019-09-25 07:30:13,446 [1a823cc7-99a6-4d64-9e33-d8d28813a5c6@group-A65EC9884415:LeaderElection73] INFO  impl.LeaderElection (LeaderElection.java:askForVotes(182)) - 1a823cc7-99a6-4d64-9e33-d8d28813a5c6@group-A65EC9884415:LeaderElection73: begin an election at term 1 for -1: [1a823cc7-99a6-4d64-9e33-d8d28813a5c6:192.168.151.106:35382], old=null
2019-09-25 07:30:13,446 [1a823cc7-99a6-4d64-9e33-d8d28813a5c6@group-7A9473D4008F:LeaderElection74] INFO  impl.LeaderElection (LeaderElection.java:askForVotes(182)) - 1a823cc7-99a6-4d64-9e33-d8d28813a5c6@group-7A9473D4008F:LeaderElection74: begin an election at term 1 for -1: [1a823cc7-99a6-4d64-9e33-d8d28813a5c6:192.168.151.106:35382], old=null
2019-09-25 07:30:13,446 [1a823cc7-99a6-4d64-9e33-d8d28813a5c6@group-A65EC9884415:LeaderElection73] INFO  impl.RoleInfo (RoleInfo.java:shutdownLeaderElection(134)) - 1a823cc7-99a6-4d64-9e33-d8d28813a5c6: shutdown LeaderElection
2019-09-25 07:30:13,446 [09afdf22-db9f-48fb-806c-c28d48031caf@group-181133BCA00D:LeaderElection72] INFO  impl.RoleInfo (RoleInfo.java:shutdownLeaderElection(134)) - 09afdf22-db9f-48fb-806c-c28d48031caf: shutdown LeaderElection
2019-09-25 07:30:13,447 [1a823cc7-99a6-4d64-9e33-d8d28813a5c6@group-A65EC9884415:LeaderElection73] INFO  impl.RaftServerImpl (RaftServerImpl.java:setRole(174)) - 1a823cc7-99a6-4d64-9e33-d8d28813a5c6@group-A65EC9884415: changes role from CANDIDATE to LEADER at term 1 for changeToLeader
2019-09-25 07:30:13,446 [1a823cc7-99a6-4d64-9e33-d8d28813a5c6@group-7A9473D4008F:LeaderElection74] INFO  impl.RoleInfo (RoleInfo.java:shutdownLeaderElection(134)) - 1a823cc7-99a6-4d64-9e33-d8d28813a5c6: shutdown LeaderElection
2019-09-25 07:30:13,447 [1a823cc7-99a6-4d64-9e33-d8d28813a5c6@group-A65EC9884415:LeaderElection73] INFO  impl.RaftServerImpl (ServerState.java:setLeader(253)) - 1a823cc7-99a6-4d64-9e33-d8d28813a5c6@group-A65EC9884415: change Leader from null to 1a823cc7-99a6-4d64-9e33-d8d28813a5c6 at term 1 for becomeLeader, leader elected after 5171ms
2019-09-25 07:30:13,447 [09afdf22-db9f-48fb-806c-c28d48031caf@group-181133BCA00D:LeaderElection72] INFO  impl.RaftServerImpl (RaftServerImpl.java:setRole(174)) - 09afdf22-db9f-48fb-806c-c28d48031caf@group-181133BCA00D: changes role from CANDIDATE to LEADER at term 1 for changeToLeader
2019-09-25 07:30:13,447 [1a823cc7-99a6-4d64-9e33-d8d28813a5c6@group-A65EC9884415:LeaderElection73] INFO  server.RaftServerConfigKeys (ConfUtils.java:logGet(43)) - raft.server.staging.catchup.gap = 1000 (default)
2019-09-25 07:30:13,447 [1a823cc7-99a6-4d64-9e33-d8d28813a5c6@group-7A9473D4008F:LeaderElection74] INFO  impl.RaftServerImpl (RaftServerImpl.java:setRole(174)) - 1a823cc7-99a6-4d64-9e33-d8d28813a5c6@group-7A9473D4008F: changes role from CANDIDATE to LEADER at term 1 for changeToLeader
2019-09-25 07:30:13,447 [1a823cc7-99a6-4d64-9e33-d8d28813a5c6@group-A65EC9884415:LeaderElection73] INFO  server.RaftServerConfigKeys (ConfUtils.java:logGet(43)) - raft.server.rpc.sleep.time = 25ms (default)
2019-09-25 07:30:13,447 [09afdf22-db9f-48fb-806c-c28d48031caf@group-181133BCA00D:LeaderElection72] INFO  impl.RaftServerImpl (ServerState.java:setLeader(253)) - 09afdf22-db9f-48fb-806c-c28d48031caf@group-181133BCA00D: change Leader from null to 09afdf22-db9f-48fb-806c-c28d48031caf at term 1 for becomeLeader, leader elected after 5104ms
2019-09-25 07:30:13,448 [1a823cc7-99a6-4d64-9e33-d8d28813a5c6@group-A65EC9884415:LeaderElection73] INFO  server.RaftServerConfigKeys (ConfUtils.java:logGet(43)) - raft.server.write.element-limit = 4096 (default)
2019-09-25 07:30:13,448 [1a823cc7-99a6-4d64-9e33-d8d28813a5c6@group-7A9473D4008F:LeaderElection74] INFO  impl.RaftServerImpl (ServerState.java:setLeader(253)) - 1a823cc7-99a6-4d64-9e33-d8d28813a5c6@group-7A9473D4008F: change Leader from null to 1a823cc7-99a6-4d64-9e33-d8d28813a5c6 at term 1 for becomeLeader, leader elected after 5231ms
2019-09-25 07:30:13,448 [1a823cc7-99a6-4d64-9e33-d8d28813a5c6@group-A65EC9884415:LeaderElection73] INFO  server.RaftServerConfigKeys (ConfUtils.java:logGet(43)) - raft.server.watch.timeout = 10s (default)
2019-09-25 07:30:13,448 [09afdf22-db9f-48fb-806c-c28d48031caf@group-181133BCA00D:LeaderElection72] INFO  server.RaftServerConfigKeys (ConfUtils.java:logGet(43)) - raft.server.staging.catchup.gap = 1000 (default)
2019-09-25 07:30:13,448 [1a823cc7-99a6-4d64-9e33-d8d28813a5c6@group-A65EC9884415:LeaderElection73] INFO  server.RaftServerConfigKeys (ConfUtils.java:logGet(43)) - raft.server.watch.timeout.denomination = 1s (default)
2019-09-25 07:30:13,448 [1a823cc7-99a6-4d64-9e33-d8d28813a5c6@group-7A9473D4008F:LeaderElection74] INFO  server.RaftServerConfigKeys (ConfUtils.java:logGet(43)) - raft.server.staging.catchup.gap = 1000 (default)
2019-09-25 07:30:13,449 [1a823cc7-99a6-4d64-9e33-d8d28813a5c6@group-A65EC9884415:LeaderElection73] INFO  server.RaftServerConfigKeys (ConfUtils.java:logGet(43)) - raft.server.watch.element-limit = 65536 (default)
2019-09-25 07:30:13,448 [09afdf22-db9f-48fb-806c-c28d48031caf@group-181133BCA00D:LeaderElection72] INFO  server.RaftServerConfigKeys (ConfUtils.java:logGet(43)) - raft.server.rpc.sleep.time = 25ms (default)
2019-09-25 07:30:13,449 [1a823cc7-99a6-4d64-9e33-d8d28813a5c6@group-7A9473D4008F:LeaderElection74] INFO  server.RaftServerConfigKeys (ConfUtils.java:logGet(43)) - raft.server.rpc.sleep.time = 25ms (default)
2019-09-25 07:30:13,449 [09afdf22-db9f-48fb-806c-c28d48031caf@group-181133BCA00D:LeaderElection72] INFO  server.RaftServerConfigKeys (ConfUtils.java:logGet(43)) - raft.server.write.element-limit = 4096 (default)
2019-09-25 07:30:13,449 [1a823cc7-99a6-4d64-9e33-d8d28813a5c6@group-7A9473D4008F:LeaderElection74] INFO  server.RaftServerConfigKeys (ConfUtils.java:logGet(43)) - raft.server.write.element-limit = 4096 (default)
2019-09-25 07:30:13,449 [09afdf22-db9f-48fb-806c-c28d48031caf@group-181133BCA00D:LeaderElection72] INFO  server.RaftServerConfigKeys (ConfUtils.java:logGet(43)) - raft.server.watch.timeout = 10s (default)
2019-09-25 07:30:13,450 [1a823cc7-99a6-4d64-9e33-d8d28813a5c6@group-7A9473D4008F:LeaderElection74] INFO  server.RaftServerConfigKeys (ConfUtils.java:logGet(43)) - raft.server.watch.timeout = 10s (default)
2019-09-25 07:30:13,450 [09afdf22-db9f-48fb-806c-c28d48031caf@group-181133BCA00D:LeaderElection72] INFO  server.RaftServerConfigKeys (ConfUtils.java:logGet(43)) - raft.server.watch.timeout.denomination = 1s (default)
2019-09-25 07:30:13,450 [1a823cc7-99a6-4d64-9e33-d8d28813a5c6@group-7A9473D4008F:LeaderElection74] INFO  server.RaftServerConfigKeys (ConfUtils.java:logGet(43)) - raft.server.watch.timeout.denomination = 1s (default)
2019-09-25 07:30:13,450 [09afdf22-db9f-48fb-806c-c28d48031caf@group-181133BCA00D:LeaderElection72] INFO  server.RaftServerConfigKeys (ConfUtils.java:logGet(43)) - raft.server.watch.element-limit = 65536 (default)
2019-09-25 07:30:13,450 [1a823cc7-99a6-4d64-9e33-d8d28813a5c6@group-7A9473D4008F:LeaderElection74] INFO  server.RaftServerConfigKeys (ConfUtils.java:logGet(43)) - raft.server.watch.element-limit = 65536 (default)
2019-09-25 07:30:13,453 [1a823cc7-99a6-4d64-9e33-d8d28813a5c6@group-A65EC9884415:LeaderElection73] INFO  impl.RoleInfo (RoleInfo.java:updateAndGet(143)) - 1a823cc7-99a6-4d64-9e33-d8d28813a5c6: start LeaderState
2019-09-25 07:30:13,453 [1a823cc7-99a6-4d64-9e33-d8d28813a5c6@group-A65EC9884415:LeaderElection73] INFO  segmented.SegmentedRaftLogWorker (SegmentedRaftLogWorker.java:startLogSegment(380)) - 1a823cc7-99a6-4d64-9e33-d8d28813a5c6@group-A65EC9884415-SegmentedRaftLogWorker: Starting segment from index:0
2019-09-25 07:30:13,454 [1a823cc7-99a6-4d64-9e33-d8d28813a5c6@group-A65EC9884415:LeaderElection73] INFO  impl.RaftServerImpl (ServerState.java:setRaftConf(354)) - 1a823cc7-99a6-4d64-9e33-d8d28813a5c6@group-A65EC9884415: set configuration 0: [1a823cc7-99a6-4d64-9e33-d8d28813a5c6:192.168.151.106:35382], old=null at 0
2019-09-25 07:30:13,455 [09afdf22-db9f-48fb-806c-c28d48031caf@group-181133BCA00D:LeaderElection72] INFO  impl.RoleInfo (RoleInfo.java:updateAndGet(143)) - 09afdf22-db9f-48fb-806c-c28d48031caf: start LeaderState
2019-09-25 07:30:13,455 [1a823cc7-99a6-4d64-9e33-d8d28813a5c6@group-7A9473D4008F:LeaderElection74] INFO  impl.RoleInfo (RoleInfo.java:updateAndGet(143)) - 1a823cc7-99a6-4d64-9e33-d8d28813a5c6: start LeaderState
2019-09-25 07:30:13,455 [09afdf22-db9f-48fb-806c-c28d48031caf@group-181133BCA00D:LeaderElection72] INFO  segmented.SegmentedRaftLogWorker (SegmentedRaftLogWorker.java:startLogSegment(380)) - 09afdf22-db9f-48fb-806c-c28d48031caf@group-181133BCA00D-SegmentedRaftLogWorker: Starting segment from index:0
2019-09-25 07:30:13,455 [1a823cc7-99a6-4d64-9e33-d8d28813a5c6@group-7A9473D4008F:LeaderElection74] INFO  segmented.SegmentedRaftLogWorker (SegmentedRaftLogWorker.java:startLogSegment(380)) - 1a823cc7-99a6-4d64-9e33-d8d28813a5c6@group-7A9473D4008F-SegmentedRaftLogWorker: Starting segment from index:0
2019-09-25 07:30:13,456 [09afdf22-db9f-48fb-806c-c28d48031caf@group-181133BCA00D:LeaderElection72] INFO  impl.RaftServerImpl (ServerState.java:setRaftConf(354)) - 09afdf22-db9f-48fb-806c-c28d48031caf@group-181133BCA00D: set configuration 0: [09afdf22-db9f-48fb-806c-c28d48031caf:192.168.151.106:43048], old=null at 0
2019-09-25 07:30:13,456 [1a823cc7-99a6-4d64-9e33-d8d28813a5c6@group-7A9473D4008F:LeaderElection74] INFO  impl.RaftServerImpl (ServerState.java:setRaftConf(354)) - 1a823cc7-99a6-4d64-9e33-d8d28813a5c6@group-7A9473D4008F: set configuration 0: [1a823cc7-99a6-4d64-9e33-d8d28813a5c6:192.168.151.106:35382], old=null at 0
2019-09-25 07:30:13,480 [Thread-1259] INFO  impl.FollowerState (FollowerState.java:run(106)) - 09afdf22-db9f-48fb-806c-c28d48031caf:group-47D3D1F84E53 changes to CANDIDATE, lastRpcTime:5064, electionTimeout:5064ms
2019-09-25 07:30:13,480 [Thread-1259] INFO  impl.RoleInfo (RoleInfo.java:shutdownFollowerState(121)) - 09afdf22-db9f-48fb-806c-c28d48031caf: shutdown FollowerState
2019-09-25 07:30:13,480 [Thread-1259] INFO  impl.RaftServerImpl (RaftServerImpl.java:setRole(174)) - 09afdf22-db9f-48fb-806c-c28d48031caf@group-47D3D1F84E53: changes role from  FOLLOWER to CANDIDATE at term 0 for changeToCandidate
2019-09-25 07:30:13,480 [Thread-1259] INFO  impl.RoleInfo (RoleInfo.java:updateAndGet(143)) - 09afdf22-db9f-48fb-806c-c28d48031caf: start LeaderElection
2019-09-25 07:30:13,496 [09afdf22-db9f-48fb-806c-c28d48031caf@group-181133BCA00D-SegmentedRaftLogWorker] INFO  segmented.SegmentedRaftLogWorker (SegmentedRaftLogWorker.java:execute(569)) - 09afdf22-db9f-48fb-806c-c28d48031caf@group-181133BCA00D-SegmentedRaftLogWorker: created new log segment /workdir/hadoop-ozone/ozonefs/target/test-dir/MiniOzoneClusterImpl-57037ed3-0523-4bc8-ad5a-d167f12c453e/datanode-0/data/ratis/5e12af81-4436-4198-aa7f-181133bca00d/current/log_inprogress_0
2019-09-25 07:30:13,496 [09afdf22-db9f-48fb-806c-c28d48031caf@group-47D3D1F84E53:LeaderElection75] INFO  impl.LeaderElection (LeaderElection.java:askForVotes(182)) - 09afdf22-db9f-48fb-806c-c28d48031caf@group-47D3D1F84E53:LeaderElection75: begin an election at term 1 for -1: [09afdf22-db9f-48fb-806c-c28d48031caf:192.168.151.106:43048], old=null
2019-09-25 07:30:13,497 [09afdf22-db9f-48fb-806c-c28d48031caf@group-47D3D1F84E53:LeaderElection75] INFO  impl.RoleInfo (RoleInfo.java:shutdownLeaderElection(134)) - 09afdf22-db9f-48fb-806c-c28d48031caf: shutdown LeaderElection
2019-09-25 07:30:13,497 [09afdf22-db9f-48fb-806c-c28d48031caf@group-47D3D1F84E53:LeaderElection75] INFO  impl.RaftServerImpl (RaftServerImpl.java:setRole(174)) - 09afdf22-db9f-48fb-806c-c28d48031caf@group-47D3D1F84E53: changes role from CANDIDATE to LEADER at term 1 for changeToLeader
2019-09-25 07:30:13,497 [09afdf22-db9f-48fb-806c-c28d48031caf@group-47D3D1F84E53:LeaderElection75] INFO  impl.RaftServerImpl (ServerState.java:setLeader(253)) - 09afdf22-db9f-48fb-806c-c28d48031caf@group-47D3D1F84E53: change Leader from null to 09afdf22-db9f-48fb-806c-c28d48031caf at term 1 for becomeLeader, leader elected after 5087ms
2019-09-25 07:30:13,497 [09afdf22-db9f-48fb-806c-c28d48031caf@group-47D3D1F84E53:LeaderElection75] INFO  server.RaftServerConfigKeys (ConfUtils.java:logGet(43)) - raft.server.staging.catchup.gap = 1000 (default)
2019-09-25 07:30:13,497 [09afdf22-db9f-48fb-806c-c28d48031caf@group-47D3D1F84E53:LeaderElection75] INFO  server.RaftServerConfigKeys (ConfUtils.java:logGet(43)) - raft.server.rpc.sleep.time = 25ms (default)
2019-09-25 07:30:13,498 [09afdf22-db9f-48fb-806c-c28d48031caf@group-47D3D1F84E53:LeaderElection75] INFO  server.RaftServerConfigKeys (ConfUtils.java:logGet(43)) - raft.server.write.element-limit = 4096 (default)
2019-09-25 07:30:13,498 [09afdf22-db9f-48fb-806c-c28d48031caf@group-47D3D1F84E53:LeaderElection75] INFO  server.RaftServerConfigKeys (ConfUtils.java:logGet(43)) - raft.server.watch.timeout = 10s (default)
2019-09-25 07:30:13,498 [09afdf22-db9f-48fb-806c-c28d48031caf@group-47D3D1F84E53:LeaderElection75] INFO  server.RaftServerConfigKeys (ConfUtils.java:logGet(43)) - raft.server.watch.timeout.denomination = 1s (default)
2019-09-25 07:30:13,498 [09afdf22-db9f-48fb-806c-c28d48031caf@group-47D3D1F84E53:LeaderElection75] INFO  server.RaftServerConfigKeys (ConfUtils.java:logGet(43)) - raft.server.watch.element-limit = 65536 (default)
2019-09-25 07:30:13,500 [09afdf22-db9f-48fb-806c-c28d48031caf@group-47D3D1F84E53:LeaderElection75] INFO  impl.RoleInfo (RoleInfo.java:updateAndGet(143)) - 09afdf22-db9f-48fb-806c-c28d48031caf: start LeaderState
2019-09-25 07:30:13,500 [09afdf22-db9f-48fb-806c-c28d48031caf@group-47D3D1F84E53:LeaderElection75] INFO  segmented.SegmentedRaftLogWorker (SegmentedRaftLogWorker.java:startLogSegment(380)) - 09afdf22-db9f-48fb-806c-c28d48031caf@group-47D3D1F84E53-SegmentedRaftLogWorker: Starting segment from index:0
2019-09-25 07:30:13,501 [09afdf22-db9f-48fb-806c-c28d48031caf@group-47D3D1F84E53:LeaderElection75] INFO  impl.RaftServerImpl (ServerState.java:setRaftConf(354)) - 09afdf22-db9f-48fb-806c-c28d48031caf@group-47D3D1F84E53: set configuration 0: [09afdf22-db9f-48fb-806c-c28d48031caf:192.168.151.106:43048], old=null at 0
2019-09-25 07:30:13,518 [1a823cc7-99a6-4d64-9e33-d8d28813a5c6@group-7A9473D4008F-SegmentedRaftLogWorker] INFO  segmented.SegmentedRaftLogWorker (SegmentedRaftLogWorker.java:execute(569)) - 1a823cc7-99a6-4d64-9e33-d8d28813a5c6@group-7A9473D4008F-SegmentedRaftLogWorker: created new log segment /workdir/hadoop-ozone/ozonefs/target/test-dir/MiniOzoneClusterImpl-57037ed3-0523-4bc8-ad5a-d167f12c453e/datanode-1/data/ratis/2e006884-72d5-44ea-b13f-7a9473d4008f/current/log_inprogress_0
2019-09-25 07:30:13,518 [1a823cc7-99a6-4d64-9e33-d8d28813a5c6@group-A65EC9884415-SegmentedRaftLogWorker] INFO  segmented.SegmentedRaftLogWorker (SegmentedRaftLogWorker.java:execute(569)) - 1a823cc7-99a6-4d64-9e33-d8d28813a5c6@group-A65EC9884415-SegmentedRaftLogWorker: created new log segment /workdir/hadoop-ozone/ozonefs/target/test-dir/MiniOzoneClusterImpl-57037ed3-0523-4bc8-ad5a-d167f12c453e/datanode-1/data/ratis/4c346d4c-f6a3-45db-8159-a65ec9884415/current/log_inprogress_0
2019-09-25 07:30:13,555 [09afdf22-db9f-48fb-806c-c28d48031caf@group-47D3D1F84E53-SegmentedRaftLogWorker] INFO  segmented.SegmentedRaftLogWorker (SegmentedRaftLogWorker.java:execute(569)) - 09afdf22-db9f-48fb-806c-c28d48031caf@group-47D3D1F84E53-SegmentedRaftLogWorker: created new log segment /workdir/hadoop-ozone/ozonefs/target/test-dir/MiniOzoneClusterImpl-57037ed3-0523-4bc8-ad5a-d167f12c453e/datanode-0/data/ratis/5a814a2f-acf2-4296-bf03-47d3d1f84e53/current/log_inprogress_0
2019-09-25 07:30:13,575 [Thread-1265] INFO  impl.FollowerState (FollowerState.java:run(106)) - 09afdf22-db9f-48fb-806c-c28d48031caf:group-EA2C813D2FCF changes to CANDIDATE, lastRpcTime:5032, electionTimeout:5032ms
2019-09-25 07:30:13,575 [Thread-1265] INFO  impl.RoleInfo (RoleInfo.java:shutdownFollowerState(121)) - 09afdf22-db9f-48fb-806c-c28d48031caf: shutdown FollowerState
2019-09-25 07:30:13,575 [Thread-1265] INFO  impl.RaftServerImpl (RaftServerImpl.java:setRole(174)) - 09afdf22-db9f-48fb-806c-c28d48031caf@group-EA2C813D2FCF: changes role from  FOLLOWER to CANDIDATE at term 0 for changeToCandidate
2019-09-25 07:30:13,575 [Thread-1265] INFO  impl.RoleInfo (RoleInfo.java:updateAndGet(143)) - 09afdf22-db9f-48fb-806c-c28d48031caf: start LeaderElection
2019-09-25 07:30:13,599 [09afdf22-db9f-48fb-806c-c28d48031caf@group-EA2C813D2FCF:LeaderElection76] INFO  impl.LeaderElection (LeaderElection.java:askForVotes(182)) - 09afdf22-db9f-48fb-806c-c28d48031caf@group-EA2C813D2FCF:LeaderElection76: begin an election at term 1 for -1: [09afdf22-db9f-48fb-806c-c28d48031caf:192.168.151.106:43048], old=null
2019-09-25 07:30:13,599 [09afdf22-db9f-48fb-806c-c28d48031caf@group-EA2C813D2FCF:LeaderElection76] INFO  impl.RoleInfo (RoleInfo.java:shutdownLeaderElection(134)) - 09afdf22-db9f-48fb-806c-c28d48031caf: shutdown LeaderElection
2019-09-25 07:30:13,599 [09afdf22-db9f-48fb-806c-c28d48031caf@group-EA2C813D2FCF:LeaderElection76] INFO  impl.RaftServerImpl (RaftServerImpl.java:setRole(174)) - 09afdf22-db9f-48fb-806c-c28d48031caf@group-EA2C813D2FCF: changes role from CANDIDATE to LEADER at term 1 for changeToLeader
2019-09-25 07:30:13,600 [09afdf22-db9f-48fb-806c-c28d48031caf@group-EA2C813D2FCF:LeaderElection76] INFO  impl.RaftServerImpl (ServerState.java:setLeader(253)) - 09afdf22-db9f-48fb-806c-c28d48031caf@group-EA2C813D2FCF: change Leader from null to 09afdf22-db9f-48fb-806c-c28d48031caf at term 1 for becomeLeader, leader elected after 5062ms
2019-09-25 07:30:13,600 [09afdf22-db9f-48fb-806c-c28d48031caf@group-EA2C813D2FCF:LeaderElection76] INFO  server.RaftServerConfigKeys (ConfUtils.java:logGet(43)) - raft.server.staging.catchup.gap = 1000 (default)
2019-09-25 07:30:13,600 [09afdf22-db9f-48fb-806c-c28d48031caf@group-EA2C813D2FCF:LeaderElection76] INFO  server.RaftServerConfigKeys (ConfUtils.java:logGet(43)) - raft.server.rpc.sleep.time = 25ms (default)
2019-09-25 07:30:13,600 [09afdf22-db9f-48fb-806c-c28d48031caf@group-EA2C813D2FCF:LeaderElection76] INFO  server.RaftServerConfigKeys (ConfUtils.java:logGet(43)) - raft.server.write.element-limit = 4096 (default)
2019-09-25 07:30:13,600 [09afdf22-db9f-48fb-806c-c28d48031caf@group-EA2C813D2FCF:LeaderElection76] INFO  server.RaftServerConfigKeys (ConfUtils.java:logGet(43)) - raft.server.watch.timeout = 10s (default)
2019-09-25 07:30:13,600 [09afdf22-db9f-48fb-806c-c28d48031caf@group-EA2C813D2FCF:LeaderElection76] INFO  server.RaftServerConfigKeys (ConfUtils.java:logGet(43)) - raft.server.watch.timeout.denomination = 1s (default)
2019-09-25 07:30:13,600 [09afdf22-db9f-48fb-806c-c28d48031caf@group-EA2C813D2FCF:LeaderElection76] INFO  server.RaftServerConfigKeys (ConfUtils.java:logGet(43)) - raft.server.watch.element-limit = 65536 (default)
2019-09-25 07:30:13,602 [09afdf22-db9f-48fb-806c-c28d48031caf@group-EA2C813D2FCF:LeaderElection76] INFO  impl.RoleInfo (RoleInfo.java:updateAndGet(143)) - 09afdf22-db9f-48fb-806c-c28d48031caf: start LeaderState
2019-09-25 07:30:13,602 [09afdf22-db9f-48fb-806c-c28d48031caf@group-EA2C813D2FCF:LeaderElection76] INFO  segmented.SegmentedRaftLogWorker (SegmentedRaftLogWorker.java:startLogSegment(380)) - 09afdf22-db9f-48fb-806c-c28d48031caf@group-EA2C813D2FCF-SegmentedRaftLogWorker: Starting segment from index:0
2019-09-25 07:30:13,602 [Thread-1262] INFO  impl.FollowerState (FollowerState.java:run(106)) - 09afdf22-db9f-48fb-806c-c28d48031caf:group-1A7C998A7E21 changes to CANDIDATE, lastRpcTime:5119, electionTimeout:5119ms
2019-09-25 07:30:13,603 [Thread-1262] INFO  impl.RoleInfo (RoleInfo.java:shutdownFollowerState(121)) - 09afdf22-db9f-48fb-806c-c28d48031caf: shutdown FollowerState
2019-09-25 07:30:13,603 [Thread-1262] INFO  impl.RaftServerImpl (RaftServerImpl.java:setRole(174)) - 09afdf22-db9f-48fb-806c-c28d48031caf@group-1A7C998A7E21: changes role from  FOLLOWER to CANDIDATE at term 0 for changeToCandidate
2019-09-25 07:30:13,603 [09afdf22-db9f-48fb-806c-c28d48031caf@group-EA2C813D2FCF:LeaderElection76] INFO  impl.RaftServerImpl (ServerState.java:setRaftConf(354)) - 09afdf22-db9f-48fb-806c-c28d48031caf@group-EA2C813D2FCF: set configuration 0: [09afdf22-db9f-48fb-806c-c28d48031caf:192.168.151.106:43048], old=null at 0
2019-09-25 07:30:13,603 [Thread-1262] INFO  impl.RoleInfo (RoleInfo.java:updateAndGet(143)) - 09afdf22-db9f-48fb-806c-c28d48031caf: start LeaderElection
2019-09-25 07:30:13,642 [09afdf22-db9f-48fb-806c-c28d48031caf@group-1A7C998A7E21:LeaderElection77] INFO  impl.LeaderElection (LeaderElection.java:askForVotes(182)) - 09afdf22-db9f-48fb-806c-c28d48031caf@group-1A7C998A7E21:LeaderElection77: begin an election at term 1 for -1: [09afdf22-db9f-48fb-806c-c28d48031caf:192.168.151.106:43048], old=null
2019-09-25 07:30:13,643 [09afdf22-db9f-48fb-806c-c28d48031caf@group-1A7C998A7E21:LeaderElection77] INFO  impl.RoleInfo (RoleInfo.java:shutdownLeaderElection(134)) - 09afdf22-db9f-48fb-806c-c28d48031caf: shutdown LeaderElection
2019-09-25 07:30:13,643 [09afdf22-db9f-48fb-806c-c28d48031caf@group-1A7C998A7E21:LeaderElection77] INFO  impl.RaftServerImpl (RaftServerImpl.java:setRole(174)) - 09afdf22-db9f-48fb-806c-c28d48031caf@group-1A7C998A7E21: changes role from CANDIDATE to LEADER at term 1 for changeToLeader
2019-09-25 07:30:13,643 [09afdf22-db9f-48fb-806c-c28d48031caf@group-1A7C998A7E21:LeaderElection77] INFO  impl.RaftServerImpl (ServerState.java:setLeader(253)) - 09afdf22-db9f-48fb-806c-c28d48031caf@group-1A7C998A7E21: change Leader from null to 09afdf22-db9f-48fb-806c-c28d48031caf at term 1 for becomeLeader, leader elected after 5165ms
2019-09-25 07:30:13,643 [09afdf22-db9f-48fb-806c-c28d48031caf@group-1A7C998A7E21:LeaderElection77] INFO  server.RaftServerConfigKeys (ConfUtils.java:logGet(43)) - raft.server.staging.catchup.gap = 1000 (default)
2019-09-25 07:30:13,643 [09afdf22-db9f-48fb-806c-c28d48031caf@group-1A7C998A7E21:LeaderElection77] INFO  server.RaftServerConfigKeys (ConfUtils.java:logGet(43)) - raft.server.rpc.sleep.time = 25ms (default)
2019-09-25 07:30:13,643 [09afdf22-db9f-48fb-806c-c28d48031caf@group-1A7C998A7E21:LeaderElection77] INFO  server.RaftServerConfigKeys (ConfUtils.java:logGet(43)) - raft.server.write.element-limit = 4096 (default)
2019-09-25 07:30:13,643 [09afdf22-db9f-48fb-806c-c28d48031caf@group-1A7C998A7E21:LeaderElection77] INFO  server.RaftServerConfigKeys (ConfUtils.java:logGet(43)) - raft.server.watch.timeout = 10s (default)
2019-09-25 07:30:13,644 [09afdf22-db9f-48fb-806c-c28d48031caf@group-1A7C998A7E21:LeaderElection77] INFO  server.RaftServerConfigKeys (ConfUtils.java:logGet(43)) - raft.server.watch.timeout.denomination = 1s (default)
2019-09-25 07:30:13,644 [09afdf22-db9f-48fb-806c-c28d48031caf@group-1A7C998A7E21:LeaderElection77] INFO  server.RaftServerConfigKeys (ConfUtils.java:logGet(43)) - raft.server.watch.element-limit = 65536 (default)
2019-09-25 07:30:13,646 [09afdf22-db9f-48fb-806c-c28d48031caf@group-1A7C998A7E21:LeaderElection77] INFO  impl.RoleInfo (RoleInfo.java:updateAndGet(143)) - 09afdf22-db9f-48fb-806c-c28d48031caf: start LeaderState
2019-09-25 07:30:13,646 [09afdf22-db9f-48fb-806c-c28d48031caf@group-1A7C998A7E21:LeaderElection77] INFO  segmented.SegmentedRaftLogWorker (SegmentedRaftLogWorker.java:startLogSegment(380)) - 09afdf22-db9f-48fb-806c-c28d48031caf@group-1A7C998A7E21-SegmentedRaftLogWorker: Starting segment from index:0
2019-09-25 07:30:13,646 [09afdf22-db9f-48fb-806c-c28d48031caf@group-1A7C998A7E21:LeaderElection77] INFO  impl.RaftServerImpl (ServerState.java:setRaftConf(354)) - 09afdf22-db9f-48fb-806c-c28d48031caf@group-1A7C998A7E21: set configuration 0: [09afdf22-db9f-48fb-806c-c28d48031caf:192.168.151.106:43048], old=null at 0
2019-09-25 07:30:13,655 [09afdf22-db9f-48fb-806c-c28d48031caf@group-EA2C813D2FCF-SegmentedRaftLogWorker] INFO  segmented.SegmentedRaftLogWorker (SegmentedRaftLogWorker.java:execute(569)) - 09afdf22-db9f-48fb-806c-c28d48031caf@group-EA2C813D2FCF-SegmentedRaftLogWorker: created new log segment /workdir/hadoop-ozone/ozonefs/target/test-dir/MiniOzoneClusterImpl-57037ed3-0523-4bc8-ad5a-d167f12c453e/datanode-0/data/ratis/ad73ef74-c9ce-4bb5-9d54-ea2c813d2fcf/current/log_inprogress_0
2019-09-25 07:30:13,664 [Thread-1268] INFO  impl.FollowerState (FollowerState.java:run(106)) - 1a823cc7-99a6-4d64-9e33-d8d28813a5c6:group-E53B8FBDBB56 changes to CANDIDATE, lastRpcTime:5054, electionTimeout:5054ms
2019-09-25 07:30:13,664 [Thread-1268] INFO  impl.RoleInfo (RoleInfo.java:shutdownFollowerState(121)) - 1a823cc7-99a6-4d64-9e33-d8d28813a5c6: shutdown FollowerState
2019-09-25 07:30:13,664 [Thread-1268] INFO  impl.RaftServerImpl (RaftServerImpl.java:setRole(174)) - 1a823cc7-99a6-4d64-9e33-d8d28813a5c6@group-E53B8FBDBB56: changes role from  FOLLOWER to CANDIDATE at term 0 for changeToCandidate
2019-09-25 07:30:13,665 [Thread-1268] INFO  impl.RoleInfo (RoleInfo.java:updateAndGet(143)) - 1a823cc7-99a6-4d64-9e33-d8d28813a5c6: start LeaderElection
2019-09-25 07:30:13,688 [1a823cc7-99a6-4d64-9e33-d8d28813a5c6@group-E53B8FBDBB56:LeaderElection78] INFO  impl.LeaderElection (LeaderElection.java:askForVotes(182)) - 1a823cc7-99a6-4d64-9e33-d8d28813a5c6@group-E53B8FBDBB56:LeaderElection78: begin an election at term 1 for -1: [1a823cc7-99a6-4d64-9e33-d8d28813a5c6:192.168.151.106:35382], old=null
2019-09-25 07:30:13,688 [1a823cc7-99a6-4d64-9e33-d8d28813a5c6@group-E53B8FBDBB56:LeaderElection78] INFO  impl.RoleInfo (RoleInfo.java:shutdownLeaderElection(134)) - 1a823cc7-99a6-4d64-9e33-d8d28813a5c6: shutdown LeaderElection
2019-09-25 07:30:13,688 [1a823cc7-99a6-4d64-9e33-d8d28813a5c6@group-E53B8FBDBB56:LeaderElection78] INFO  impl.RaftServerImpl (RaftServerImpl.java:setRole(174)) - 1a823cc7-99a6-4d64-9e33-d8d28813a5c6@group-E53B8FBDBB56: changes role from CANDIDATE to LEADER at term 1 for changeToLeader
2019-09-25 07:30:13,688 [1a823cc7-99a6-4d64-9e33-d8d28813a5c6@group-E53B8FBDBB56:LeaderElection78] INFO  impl.RaftServerImpl (ServerState.java:setLeader(253)) - 1a823cc7-99a6-4d64-9e33-d8d28813a5c6@group-E53B8FBDBB56: change Leader from null to 1a823cc7-99a6-4d64-9e33-d8d28813a5c6 at term 1 for becomeLeader, leader elected after 5083ms
2019-09-25 07:30:13,688 [1a823cc7-99a6-4d64-9e33-d8d28813a5c6@group-E53B8FBDBB56:LeaderElection78] INFO  server.RaftServerConfigKeys (ConfUtils.java:logGet(43)) - raft.server.staging.catchup.gap = 1000 (default)
2019-09-25 07:30:13,689 [1a823cc7-99a6-4d64-9e33-d8d28813a5c6@group-E53B8FBDBB56:LeaderElection78] INFO  server.RaftServerConfigKeys (ConfUtils.java:logGet(43)) - raft.server.rpc.sleep.time = 25ms (default)
2019-09-25 07:30:13,689 [1a823cc7-99a6-4d64-9e33-d8d28813a5c6@group-E53B8FBDBB56:LeaderElection78] INFO  server.RaftServerConfigKeys (ConfUtils.java:logGet(43)) - raft.server.write.element-limit = 4096 (default)
2019-09-25 07:30:13,689 [1a823cc7-99a6-4d64-9e33-d8d28813a5c6@group-E53B8FBDBB56:LeaderElection78] INFO  server.RaftServerConfigKeys (ConfUtils.java:logGet(43)) - raft.server.watch.timeout = 10s (default)
2019-09-25 07:30:13,689 [1a823cc7-99a6-4d64-9e33-d8d28813a5c6@group-E53B8FBDBB56:LeaderElection78] INFO  server.RaftServerConfigKeys (ConfUtils.java:logGet(43)) - raft.server.watch.timeout.denomination = 1s (default)
2019-09-25 07:30:13,689 [1a823cc7-99a6-4d64-9e33-d8d28813a5c6@group-E53B8FBDBB56:LeaderElection78] INFO  server.RaftServerConfigKeys (ConfUtils.java:logGet(43)) - raft.server.watch.element-limit = 65536 (default)
2019-09-25 07:30:13,690 [1a823cc7-99a6-4d64-9e33-d8d28813a5c6@group-E53B8FBDBB56:LeaderElection78] INFO  impl.RoleInfo (RoleInfo.java:updateAndGet(143)) - 1a823cc7-99a6-4d64-9e33-d8d28813a5c6: start LeaderState
2019-09-25 07:30:13,691 [1a823cc7-99a6-4d64-9e33-d8d28813a5c6@group-E53B8FBDBB56:LeaderElection78] INFO  segmented.SegmentedRaftLogWorker (SegmentedRaftLogWorker.java:startLogSegment(380)) - 1a823cc7-99a6-4d64-9e33-d8d28813a5c6@group-E53B8FBDBB56-SegmentedRaftLogWorker: Starting segment from index:0
2019-09-25 07:30:13,691 [1a823cc7-99a6-4d64-9e33-d8d28813a5c6@group-E53B8FBDBB56:LeaderElection78] INFO  impl.RaftServerImpl (ServerState.java:setRaftConf(354)) - 1a823cc7-99a6-4d64-9e33-d8d28813a5c6@group-E53B8FBDBB56: set configuration 0: [1a823cc7-99a6-4d64-9e33-d8d28813a5c6:192.168.151.106:35382], old=null at 0
2019-09-25 07:30:13,723 [09afdf22-db9f-48fb-806c-c28d48031caf@group-1A7C998A7E21-SegmentedRaftLogWorker] INFO  segmented.SegmentedRaftLogWorker (SegmentedRaftLogWorker.java:execute(569)) - 09afdf22-db9f-48fb-806c-c28d48031caf@group-1A7C998A7E21-SegmentedRaftLogWorker: created new log segment /workdir/hadoop-ozone/ozonefs/target/test-dir/MiniOzoneClusterImpl-57037ed3-0523-4bc8-ad5a-d167f12c453e/datanode-0/data/ratis/9878f9dc-268f-4f57-8767-1a7c998a7e21/current/log_inprogress_0
2019-09-25 07:30:13,747 [1a823cc7-99a6-4d64-9e33-d8d28813a5c6@group-E53B8FBDBB56-SegmentedRaftLogWorker] INFO  segmented.SegmentedRaftLogWorker (SegmentedRaftLogWorker.java:execute(569)) - 1a823cc7-99a6-4d64-9e33-d8d28813a5c6@group-E53B8FBDBB56-SegmentedRaftLogWorker: created new log segment /workdir/hadoop-ozone/ozonefs/target/test-dir/MiniOzoneClusterImpl-57037ed3-0523-4bc8-ad5a-d167f12c453e/datanode-1/data/ratis/f0323337-3d32-489c-aa42-e53b8fbdbb56/current/log_inprogress_0
2019-09-25 07:30:13,754 [Thread-1274] INFO  impl.FollowerState (FollowerState.java:run(106)) - 1a823cc7-99a6-4d64-9e33-d8d28813a5c6:group-E3E119BC3B23 changes to CANDIDATE, lastRpcTime:5008, electionTimeout:5008ms
2019-09-25 07:30:13,754 [Thread-1274] INFO  impl.RoleInfo (RoleInfo.java:shutdownFollowerState(121)) - 1a823cc7-99a6-4d64-9e33-d8d28813a5c6: shutdown FollowerState
2019-09-25 07:30:13,754 [Thread-1274] INFO  impl.RaftServerImpl (RaftServerImpl.java:setRole(174)) - 1a823cc7-99a6-4d64-9e33-d8d28813a5c6@group-E3E119BC3B23: changes role from  FOLLOWER to CANDIDATE at term 0 for changeToCandidate
2019-09-25 07:30:13,754 [Thread-1274] INFO  impl.RoleInfo (RoleInfo.java:updateAndGet(143)) - 1a823cc7-99a6-4d64-9e33-d8d28813a5c6: start LeaderElection
2019-09-25 07:30:13,772 [1a823cc7-99a6-4d64-9e33-d8d28813a5c6@group-E3E119BC3B23:LeaderElection79] INFO  impl.LeaderElection (LeaderElection.java:askForVotes(182)) - 1a823cc7-99a6-4d64-9e33-d8d28813a5c6@group-E3E119BC3B23:LeaderElection79: begin an election at term 1 for -1: [1a823cc7-99a6-4d64-9e33-d8d28813a5c6:192.168.151.106:35382], old=null
2019-09-25 07:30:13,772 [1a823cc7-99a6-4d64-9e33-d8d28813a5c6@group-E3E119BC3B23:LeaderElection79] INFO  impl.RoleInfo (RoleInfo.java:shutdownLeaderElection(134)) - 1a823cc7-99a6-4d64-9e33-d8d28813a5c6: shutdown LeaderElection
2019-09-25 07:30:13,772 [1a823cc7-99a6-4d64-9e33-d8d28813a5c6@group-E3E119BC3B23:LeaderElection79] INFO  impl.RaftServerImpl (RaftServerImpl.java:setRole(174)) - 1a823cc7-99a6-4d64-9e33-d8d28813a5c6@group-E3E119BC3B23: changes role from CANDIDATE to LEADER at term 1 for changeToLeader
2019-09-25 07:30:13,772 [1a823cc7-99a6-4d64-9e33-d8d28813a5c6@group-E3E119BC3B23:LeaderElection79] INFO  impl.RaftServerImpl (ServerState.java:setLeader(253)) - 1a823cc7-99a6-4d64-9e33-d8d28813a5c6@group-E3E119BC3B23: change Leader from null to 1a823cc7-99a6-4d64-9e33-d8d28813a5c6 at term 1 for becomeLeader, leader elected after 5032ms
2019-09-25 07:30:13,772 [1a823cc7-99a6-4d64-9e33-d8d28813a5c6@group-E3E119BC3B23:LeaderElection79] INFO  server.RaftServerConfigKeys (ConfUtils.java:logGet(43)) - raft.server.staging.catchup.gap = 1000 (default)
2019-09-25 07:30:13,772 [1a823cc7-99a6-4d64-9e33-d8d28813a5c6@group-E3E119BC3B23:LeaderElection79] INFO  server.RaftServerConfigKeys (ConfUtils.java:logGet(43)) - raft.server.rpc.sleep.time = 25ms (default)
2019-09-25 07:30:13,773 [1a823cc7-99a6-4d64-9e33-d8d28813a5c6@group-E3E119BC3B23:LeaderElection79] INFO  server.RaftServerConfigKeys (ConfUtils.java:logGet(43)) - raft.server.write.element-limit = 4096 (default)
2019-09-25 07:30:13,773 [1a823cc7-99a6-4d64-9e33-d8d28813a5c6@group-E3E119BC3B23:LeaderElection79] INFO  server.RaftServerConfigKeys (ConfUtils.java:logGet(43)) - raft.server.watch.timeout = 10s (default)
2019-09-25 07:30:13,773 [1a823cc7-99a6-4d64-9e33-d8d28813a5c6@group-E3E119BC3B23:LeaderElection79] INFO  server.RaftServerConfigKeys (ConfUtils.java:logGet(43)) - raft.server.watch.timeout.denomination = 1s (default)
2019-09-25 07:30:13,773 [1a823cc7-99a6-4d64-9e33-d8d28813a5c6@group-E3E119BC3B23:LeaderElection79] INFO  server.RaftServerConfigKeys (ConfUtils.java:logGet(43)) - raft.server.watch.element-limit = 65536 (default)
2019-09-25 07:30:13,775 [1a823cc7-99a6-4d64-9e33-d8d28813a5c6@group-E3E119BC3B23:LeaderElection79] INFO  impl.RoleInfo (RoleInfo.java:updateAndGet(143)) - 1a823cc7-99a6-4d64-9e33-d8d28813a5c6: start LeaderState
2019-09-25 07:30:13,775 [1a823cc7-99a6-4d64-9e33-d8d28813a5c6@group-E3E119BC3B23:LeaderElection79] INFO  segmented.SegmentedRaftLogWorker (SegmentedRaftLogWorker.java:startLogSegment(380)) - 1a823cc7-99a6-4d64-9e33-d8d28813a5c6@group-E3E119BC3B23-SegmentedRaftLogWorker: Starting segment from index:0
2019-09-25 07:30:13,775 [1a823cc7-99a6-4d64-9e33-d8d28813a5c6@group-E3E119BC3B23:LeaderElection79] INFO  impl.RaftServerImpl (ServerState.java:setRaftConf(354)) - 1a823cc7-99a6-4d64-9e33-d8d28813a5c6@group-E3E119BC3B23: set configuration 0: [1a823cc7-99a6-4d64-9e33-d8d28813a5c6:192.168.151.106:35382], old=null at 0
2019-09-25 07:30:13,835 [1a823cc7-99a6-4d64-9e33-d8d28813a5c6@group-E3E119BC3B23-SegmentedRaftLogWorker] INFO  segmented.SegmentedRaftLogWorker (SegmentedRaftLogWorker.java:execute(569)) - 1a823cc7-99a6-4d64-9e33-d8d28813a5c6@group-E3E119BC3B23-SegmentedRaftLogWorker: created new log segment /workdir/hadoop-ozone/ozonefs/target/test-dir/MiniOzoneClusterImpl-57037ed3-0523-4bc8-ad5a-d167f12c453e/datanode-1/data/ratis/42a1e09e-a4ac-4df0-adc1-e3e119bc3b23/current/log_inprogress_0
2019-09-25 07:30:13,843 [Thread-1271] INFO  impl.FollowerState (FollowerState.java:run(106)) - 1a823cc7-99a6-4d64-9e33-d8d28813a5c6:group-EF285F0ECC59 changes to CANDIDATE, lastRpcTime:5167, electionTimeout:5167ms
2019-09-25 07:30:13,844 [Thread-1271] INFO  impl.RoleInfo (RoleInfo.java:shutdownFollowerState(121)) - 1a823cc7-99a6-4d64-9e33-d8d28813a5c6: shutdown FollowerState
2019-09-25 07:30:13,844 [Thread-1271] INFO  impl.RaftServerImpl (RaftServerImpl.java:setRole(174)) - 1a823cc7-99a6-4d64-9e33-d8d28813a5c6@group-EF285F0ECC59: changes role from  FOLLOWER to CANDIDATE at term 0 for changeToCandidate
2019-09-25 07:30:13,844 [Thread-1271] INFO  impl.RoleInfo (RoleInfo.java:updateAndGet(143)) - 1a823cc7-99a6-4d64-9e33-d8d28813a5c6: start LeaderElection
2019-09-25 07:30:13,858 [1a823cc7-99a6-4d64-9e33-d8d28813a5c6@group-EF285F0ECC59:LeaderElection80] INFO  impl.LeaderElection (LeaderElection.java:askForVotes(182)) - 1a823cc7-99a6-4d64-9e33-d8d28813a5c6@group-EF285F0ECC59:LeaderElection80: begin an election at term 1 for -1: [1a823cc7-99a6-4d64-9e33-d8d28813a5c6:192.168.151.106:35382], old=null
2019-09-25 07:30:13,858 [1a823cc7-99a6-4d64-9e33-d8d28813a5c6@group-EF285F0ECC59:LeaderElection80] INFO  impl.RoleInfo (RoleInfo.java:shutdownLeaderElection(134)) - 1a823cc7-99a6-4d64-9e33-d8d28813a5c6: shutdown LeaderElection
2019-09-25 07:30:13,859 [1a823cc7-99a6-4d64-9e33-d8d28813a5c6@group-EF285F0ECC59:LeaderElection80] INFO  impl.RaftServerImpl (RaftServerImpl.java:setRole(174)) - 1a823cc7-99a6-4d64-9e33-d8d28813a5c6@group-EF285F0ECC59: changes role from CANDIDATE to LEADER at term 1 for changeToLeader
2019-09-25 07:30:13,859 [1a823cc7-99a6-4d64-9e33-d8d28813a5c6@group-EF285F0ECC59:LeaderElection80] INFO  impl.RaftServerImpl (ServerState.java:setLeader(253)) - 1a823cc7-99a6-4d64-9e33-d8d28813a5c6@group-EF285F0ECC59: change Leader from null to 1a823cc7-99a6-4d64-9e33-d8d28813a5c6 at term 1 for becomeLeader, leader elected after 5187ms
2019-09-25 07:30:13,859 [1a823cc7-99a6-4d64-9e33-d8d28813a5c6@group-EF285F0ECC59:LeaderElection80] INFO  server.RaftServerConfigKeys (ConfUtils.java:logGet(43)) - raft.server.staging.catchup.gap = 1000 (default)
2019-09-25 07:30:13,859 [1a823cc7-99a6-4d64-9e33-d8d28813a5c6@group-EF285F0ECC59:LeaderElection80] INFO  server.RaftServerConfigKeys (ConfUtils.java:logGet(43)) - raft.server.rpc.sleep.time = 25ms (default)
2019-09-25 07:30:13,859 [1a823cc7-99a6-4d64-9e33-d8d28813a5c6@group-EF285F0ECC59:LeaderElection80] INFO  server.RaftServerConfigKeys (ConfUtils.java:logGet(43)) - raft.server.write.element-limit = 4096 (default)
2019-09-25 07:30:13,859 [1a823cc7-99a6-4d64-9e33-d8d28813a5c6@group-EF285F0ECC59:LeaderElection80] INFO  server.RaftServerConfigKeys (ConfUtils.java:logGet(43)) - raft.server.watch.timeout = 10s (default)
2019-09-25 07:30:13,859 [1a823cc7-99a6-4d64-9e33-d8d28813a5c6@group-EF285F0ECC59:LeaderElection80] INFO  server.RaftServerConfigKeys (ConfUtils.java:logGet(43)) - raft.server.watch.timeout.denomination = 1s (default)
2019-09-25 07:30:13,860 [1a823cc7-99a6-4d64-9e33-d8d28813a5c6@group-EF285F0ECC59:LeaderElection80] INFO  server.RaftServerConfigKeys (ConfUtils.java:logGet(43)) - raft.server.watch.element-limit = 65536 (default)
2019-09-25 07:30:13,861 [1a823cc7-99a6-4d64-9e33-d8d28813a5c6@group-EF285F0ECC59:LeaderElection80] INFO  impl.RoleInfo (RoleInfo.java:updateAndGet(143)) - 1a823cc7-99a6-4d64-9e33-d8d28813a5c6: start LeaderState
2019-09-25 07:30:13,861 [1a823cc7-99a6-4d64-9e33-d8d28813a5c6@group-EF285F0ECC59:LeaderElection80] INFO  segmented.SegmentedRaftLogWorker (SegmentedRaftLogWorker.java:startLogSegment(380)) - 1a823cc7-99a6-4d64-9e33-d8d28813a5c6@group-EF285F0ECC59-SegmentedRaftLogWorker: Starting segment from index:0
2019-09-25 07:30:13,862 [1a823cc7-99a6-4d64-9e33-d8d28813a5c6@group-EF285F0ECC59:LeaderElection80] INFO  impl.RaftServerImpl (ServerState.java:setRaftConf(354)) - 1a823cc7-99a6-4d64-9e33-d8d28813a5c6@group-EF285F0ECC59: set configuration 0: [1a823cc7-99a6-4d64-9e33-d8d28813a5c6:192.168.151.106:35382], old=null at 0
2019-09-25 07:30:13,920 [1a823cc7-99a6-4d64-9e33-d8d28813a5c6@group-EF285F0ECC59-SegmentedRaftLogWorker] INFO  segmented.SegmentedRaftLogWorker (SegmentedRaftLogWorker.java:execute(569)) - 1a823cc7-99a6-4d64-9e33-d8d28813a5c6@group-EF285F0ECC59-SegmentedRaftLogWorker: created new log segment /workdir/hadoop-ozone/ozonefs/target/test-dir/MiniOzoneClusterImpl-57037ed3-0523-4bc8-ad5a-d167f12c453e/datanode-1/data/ratis/54c00a98-8240-44a7-895a-ef285f0ecc59/current/log_inprogress_0
2019-09-25 07:30:14,026 [Thread-1277] INFO  impl.FollowerState (FollowerState.java:run(106)) - 09afdf22-db9f-48fb-806c-c28d48031caf:group-546F63140351 changes to CANDIDATE, lastRpcTime:5187, electionTimeout:5187ms
2019-09-25 07:30:14,026 [Thread-1277] INFO  impl.RoleInfo (RoleInfo.java:shutdownFollowerState(121)) - 09afdf22-db9f-48fb-806c-c28d48031caf: shutdown FollowerState
2019-09-25 07:30:14,027 [Thread-1277] INFO  impl.RaftServerImpl (RaftServerImpl.java:setRole(174)) - 09afdf22-db9f-48fb-806c-c28d48031caf@group-546F63140351: changes role from  FOLLOWER to CANDIDATE at term 0 for changeToCandidate
2019-09-25 07:30:14,027 [Thread-1277] INFO  impl.RoleInfo (RoleInfo.java:updateAndGet(143)) - 09afdf22-db9f-48fb-806c-c28d48031caf: start LeaderElection
2019-09-25 07:30:14,051 [09afdf22-db9f-48fb-806c-c28d48031caf@group-546F63140351:LeaderElection81] INFO  impl.LeaderElection (LeaderElection.java:askForVotes(182)) - 09afdf22-db9f-48fb-806c-c28d48031caf@group-546F63140351:LeaderElection81: begin an election at term 1 for -1: [09afdf22-db9f-48fb-806c-c28d48031caf:192.168.151.106:43048], old=null
2019-09-25 07:30:14,051 [09afdf22-db9f-48fb-806c-c28d48031caf@group-546F63140351:LeaderElection81] INFO  impl.RoleInfo (RoleInfo.java:shutdownLeaderElection(134)) - 09afdf22-db9f-48fb-806c-c28d48031caf: shutdown LeaderElection
2019-09-25 07:30:14,051 [09afdf22-db9f-48fb-806c-c28d48031caf@group-546F63140351:LeaderElection81] INFO  impl.RaftServerImpl (RaftServerImpl.java:setRole(174)) - 09afdf22-db9f-48fb-806c-c28d48031caf@group-546F63140351: changes role from CANDIDATE to LEADER at term 1 for changeToLeader
2019-09-25 07:30:14,051 [09afdf22-db9f-48fb-806c-c28d48031caf@group-546F63140351:LeaderElection81] INFO  impl.RaftServerImpl (ServerState.java:setLeader(253)) - 09afdf22-db9f-48fb-806c-c28d48031caf@group-546F63140351: change Leader from null to 09afdf22-db9f-48fb-806c-c28d48031caf at term 1 for becomeLeader, leader elected after 5218ms
2019-09-25 07:30:14,051 [09afdf22-db9f-48fb-806c-c28d48031caf@group-546F63140351:LeaderElection81] INFO  server.RaftServerConfigKeys (ConfUtils.java:logGet(43)) - raft.server.staging.catchup.gap = 1000 (default)
2019-09-25 07:30:14,052 [09afdf22-db9f-48fb-806c-c28d48031caf@group-546F63140351:LeaderElection81] INFO  server.RaftServerConfigKeys (ConfUtils.java:logGet(43)) - raft.server.rpc.sleep.time = 25ms (default)
2019-09-25 07:30:14,052 [09afdf22-db9f-48fb-806c-c28d48031caf@group-546F63140351:LeaderElection81] INFO  server.RaftServerConfigKeys (ConfUtils.java:logGet(43)) - raft.server.write.element-limit = 4096 (default)
2019-09-25 07:30:14,052 [09afdf22-db9f-48fb-806c-c28d48031caf@group-546F63140351:LeaderElection81] INFO  server.RaftServerConfigKeys (ConfUtils.java:logGet(43)) - raft.server.watch.timeout = 10s (default)
2019-09-25 07:30:14,052 [09afdf22-db9f-48fb-806c-c28d48031caf@group-546F63140351:LeaderElection81] INFO  server.RaftServerConfigKeys (ConfUtils.java:logGet(43)) - raft.server.watch.timeout.denomination = 1s (default)
2019-09-25 07:30:14,052 [09afdf22-db9f-48fb-806c-c28d48031caf@group-546F63140351:LeaderElection81] INFO  server.RaftServerConfigKeys (ConfUtils.java:logGet(43)) - raft.server.watch.element-limit = 65536 (default)
2019-09-25 07:30:14,054 [09afdf22-db9f-48fb-806c-c28d48031caf@group-546F63140351:LeaderElection81] INFO  impl.RoleInfo (RoleInfo.java:updateAndGet(143)) - 09afdf22-db9f-48fb-806c-c28d48031caf: start LeaderState
2019-09-25 07:30:14,054 [09afdf22-db9f-48fb-806c-c28d48031caf@group-546F63140351:LeaderElection81] INFO  segmented.SegmentedRaftLogWorker (SegmentedRaftLogWorker.java:startLogSegment(380)) - 09afdf22-db9f-48fb-806c-c28d48031caf@group-546F63140351-SegmentedRaftLogWorker: Starting segment from index:0
2019-09-25 07:30:14,055 [09afdf22-db9f-48fb-806c-c28d48031caf@group-546F63140351:LeaderElection81] INFO  impl.RaftServerImpl (ServerState.java:setRaftConf(354)) - 09afdf22-db9f-48fb-806c-c28d48031caf@group-546F63140351: set configuration 0: [09afdf22-db9f-48fb-806c-c28d48031caf:192.168.151.106:43048], old=null at 0
2019-09-25 07:30:14,073 [Thread-1280] INFO  impl.FollowerState (FollowerState.java:run(106)) - 1a823cc7-99a6-4d64-9e33-d8d28813a5c6:group-62C6A22A588D changes to CANDIDATE, lastRpcTime:5167, electionTimeout:5167ms
2019-09-25 07:30:14,073 [Thread-1280] INFO  impl.RoleInfo (RoleInfo.java:shutdownFollowerState(121)) - 1a823cc7-99a6-4d64-9e33-d8d28813a5c6: shutdown FollowerState
2019-09-25 07:30:14,073 [Thread-1280] INFO  impl.RaftServerImpl (RaftServerImpl.java:setRole(174)) - 1a823cc7-99a6-4d64-9e33-d8d28813a5c6@group-62C6A22A588D: changes role from  FOLLOWER to CANDIDATE at term 0 for changeToCandidate
2019-09-25 07:30:14,074 [Thread-1280] INFO  impl.RoleInfo (RoleInfo.java:updateAndGet(143)) - 1a823cc7-99a6-4d64-9e33-d8d28813a5c6: start LeaderElection
2019-09-25 07:30:14,088 [Thread-1286] INFO  impl.FollowerState (FollowerState.java:run(106)) - 8bae43e0-2827-4c89-a874-0343706896c0:group-81EEAB4F2BA3 changes to CANDIDATE, lastRpcTime:5041, electionTimeout:5041ms
2019-09-25 07:30:14,089 [Thread-1286] INFO  impl.RoleInfo (RoleInfo.java:shutdownFollowerState(121)) - 8bae43e0-2827-4c89-a874-0343706896c0: shutdown FollowerState
2019-09-25 07:30:14,089 [Thread-1286] INFO  impl.RaftServerImpl (RaftServerImpl.java:setRole(174)) - 8bae43e0-2827-4c89-a874-0343706896c0@group-81EEAB4F2BA3: changes role from  FOLLOWER to CANDIDATE at term 0 for changeToCandidate
2019-09-25 07:30:14,089 [Thread-1286] INFO  impl.RoleInfo (RoleInfo.java:updateAndGet(143)) - 8bae43e0-2827-4c89-a874-0343706896c0: start LeaderElection
2019-09-25 07:30:14,097 [1a823cc7-99a6-4d64-9e33-d8d28813a5c6@group-62C6A22A588D:LeaderElection82] INFO  impl.LeaderElection (LeaderElection.java:askForVotes(182)) - 1a823cc7-99a6-4d64-9e33-d8d28813a5c6@group-62C6A22A588D:LeaderElection82: begin an election at term 1 for -1: [1a823cc7-99a6-4d64-9e33-d8d28813a5c6:192.168.151.106:35382], old=null
2019-09-25 07:30:14,098 [1a823cc7-99a6-4d64-9e33-d8d28813a5c6@group-62C6A22A588D:LeaderElection82] INFO  impl.RoleInfo (RoleInfo.java:shutdownLeaderElection(134)) - 1a823cc7-99a6-4d64-9e33-d8d28813a5c6: shutdown LeaderElection
2019-09-25 07:30:14,098 [1a823cc7-99a6-4d64-9e33-d8d28813a5c6@group-62C6A22A588D:LeaderElection82] INFO  impl.RaftServerImpl (RaftServerImpl.java:setRole(174)) - 1a823cc7-99a6-4d64-9e33-d8d28813a5c6@group-62C6A22A588D: changes role from CANDIDATE to LEADER at term 1 for changeToLeader
2019-09-25 07:30:14,098 [1a823cc7-99a6-4d64-9e33-d8d28813a5c6@group-62C6A22A588D:LeaderElection82] INFO  impl.RaftServerImpl (ServerState.java:setLeader(253)) - 1a823cc7-99a6-4d64-9e33-d8d28813a5c6@group-62C6A22A588D: change Leader from null to 1a823cc7-99a6-4d64-9e33-d8d28813a5c6 at term 1 for becomeLeader, leader elected after 5197ms
2019-09-25 07:30:14,098 [1a823cc7-99a6-4d64-9e33-d8d28813a5c6@group-62C6A22A588D:LeaderElection82] INFO  server.RaftServerConfigKeys (ConfUtils.java:logGet(43)) - raft.server.staging.catchup.gap = 1000 (default)
2019-09-25 07:30:14,098 [1a823cc7-99a6-4d64-9e33-d8d28813a5c6@group-62C6A22A588D:LeaderElection82] INFO  server.RaftServerConfigKeys (ConfUtils.java:logGet(43)) - raft.server.rpc.sleep.time = 25ms (default)
2019-09-25 07:30:14,098 [1a823cc7-99a6-4d64-9e33-d8d28813a5c6@group-62C6A22A588D:LeaderElection82] INFO  server.RaftServerConfigKeys (ConfUtils.java:logGet(43)) - raft.server.write.element-limit = 4096 (default)
2019-09-25 07:30:14,098 [1a823cc7-99a6-4d64-9e33-d8d28813a5c6@group-62C6A22A588D:LeaderElection82] INFO  server.RaftServerConfigKeys (ConfUtils.java:logGet(43)) - raft.server.watch.timeout = 10s (default)
2019-09-25 07:30:14,098 [1a823cc7-99a6-4d64-9e33-d8d28813a5c6@group-62C6A22A588D:LeaderElection82] INFO  server.RaftServerConfigKeys (ConfUtils.java:logGet(43)) - raft.server.watch.timeout.denomination = 1s (default)
2019-09-25 07:30:14,099 [1a823cc7-99a6-4d64-9e33-d8d28813a5c6@group-62C6A22A588D:LeaderElection82] INFO  server.RaftServerConfigKeys (ConfUtils.java:logGet(43)) - raft.server.watch.element-limit = 65536 (default)
2019-09-25 07:30:14,100 [1a823cc7-99a6-4d64-9e33-d8d28813a5c6@group-62C6A22A588D:LeaderElection82] INFO  impl.RoleInfo (RoleInfo.java:updateAndGet(143)) - 1a823cc7-99a6-4d64-9e33-d8d28813a5c6: start LeaderState
2019-09-25 07:30:14,100 [1a823cc7-99a6-4d64-9e33-d8d28813a5c6@group-62C6A22A588D:LeaderElection82] INFO  segmented.SegmentedRaftLogWorker (SegmentedRaftLogWorker.java:startLogSegment(380)) - 1a823cc7-99a6-4d64-9e33-d8d28813a5c6@group-62C6A22A588D-SegmentedRaftLogWorker: Starting segment from index:0
2019-09-25 07:30:14,101 [1a823cc7-99a6-4d64-9e33-d8d28813a5c6@group-62C6A22A588D:LeaderElection82] INFO  impl.RaftServerImpl (ServerState.java:setRaftConf(354)) - 1a823cc7-99a6-4d64-9e33-d8d28813a5c6@group-62C6A22A588D: set configuration 0: [1a823cc7-99a6-4d64-9e33-d8d28813a5c6:192.168.151.106:35382], old=null at 0
2019-09-25 07:30:14,103 [Thread-1283] INFO  impl.FollowerState (FollowerState.java:run(106)) - 8bae43e0-2827-4c89-a874-0343706896c0:group-56221E66DD99 changes to CANDIDATE, lastRpcTime:5120, electionTimeout:5120ms
2019-09-25 07:30:14,103 [Thread-1283] INFO  impl.RoleInfo (RoleInfo.java:shutdownFollowerState(121)) - 8bae43e0-2827-4c89-a874-0343706896c0: shutdown FollowerState
2019-09-25 07:30:14,103 [Thread-1283] INFO  impl.RaftServerImpl (RaftServerImpl.java:setRole(174)) - 8bae43e0-2827-4c89-a874-0343706896c0@group-56221E66DD99: changes role from  FOLLOWER to CANDIDATE at term 0 for changeToCandidate
2019-09-25 07:30:14,103 [Thread-1283] INFO  impl.RoleInfo (RoleInfo.java:updateAndGet(143)) - 8bae43e0-2827-4c89-a874-0343706896c0: start LeaderElection
2019-09-25 07:30:14,130 [09afdf22-db9f-48fb-806c-c28d48031caf@group-546F63140351-SegmentedRaftLogWorker] INFO  segmented.SegmentedRaftLogWorker (SegmentedRaftLogWorker.java:execute(569)) - 09afdf22-db9f-48fb-806c-c28d48031caf@group-546F63140351-SegmentedRaftLogWorker: created new log segment /workdir/hadoop-ozone/ozonefs/target/test-dir/MiniOzoneClusterImpl-57037ed3-0523-4bc8-ad5a-d167f12c453e/datanode-0/data/ratis/1bddc859-d3b5-4a19-afc4-546f63140351/current/log_inprogress_0
2019-09-25 07:30:14,130 [8bae43e0-2827-4c89-a874-0343706896c0@group-81EEAB4F2BA3:LeaderElection83] INFO  impl.LeaderElection (LeaderElection.java:askForVotes(182)) - 8bae43e0-2827-4c89-a874-0343706896c0@group-81EEAB4F2BA3:LeaderElection83: begin an election at term 1 for -1: [8bae43e0-2827-4c89-a874-0343706896c0:192.168.151.106:42902], old=null
2019-09-25 07:30:14,130 [8bae43e0-2827-4c89-a874-0343706896c0@group-56221E66DD99:LeaderElection84] INFO  impl.LeaderElection (LeaderElection.java:askForVotes(182)) - 8bae43e0-2827-4c89-a874-0343706896c0@group-56221E66DD99:LeaderElection84: begin an election at term 1 for -1: [8bae43e0-2827-4c89-a874-0343706896c0:192.168.151.106:42902], old=null
2019-09-25 07:30:14,130 [8bae43e0-2827-4c89-a874-0343706896c0@group-81EEAB4F2BA3:LeaderElection83] INFO  impl.RoleInfo (RoleInfo.java:shutdownLeaderElection(134)) - 8bae43e0-2827-4c89-a874-0343706896c0: shutdown LeaderElection
2019-09-25 07:30:14,130 [8bae43e0-2827-4c89-a874-0343706896c0@group-56221E66DD99:LeaderElection84] INFO  impl.RoleInfo (RoleInfo.java:shutdownLeaderElection(134)) - 8bae43e0-2827-4c89-a874-0343706896c0: shutdown LeaderElection
2019-09-25 07:30:14,131 [8bae43e0-2827-4c89-a874-0343706896c0@group-81EEAB4F2BA3:LeaderElection83] INFO  impl.RaftServerImpl (RaftServerImpl.java:setRole(174)) - 8bae43e0-2827-4c89-a874-0343706896c0@group-81EEAB4F2BA3: changes role from CANDIDATE to LEADER at term 1 for changeToLeader
2019-09-25 07:30:14,131 [8bae43e0-2827-4c89-a874-0343706896c0@group-56221E66DD99:LeaderElection84] INFO  impl.RaftServerImpl (RaftServerImpl.java:setRole(174)) - 8bae43e0-2827-4c89-a874-0343706896c0@group-56221E66DD99: changes role from CANDIDATE to LEADER at term 1 for changeToLeader
2019-09-25 07:30:14,131 [8bae43e0-2827-4c89-a874-0343706896c0@group-81EEAB4F2BA3:LeaderElection83] INFO  impl.RaftServerImpl (ServerState.java:setLeader(253)) - 8bae43e0-2827-4c89-a874-0343706896c0@group-81EEAB4F2BA3: change Leader from null to 8bae43e0-2827-4c89-a874-0343706896c0 at term 1 for becomeLeader, leader elected after 5090ms
2019-09-25 07:30:14,131 [8bae43e0-2827-4c89-a874-0343706896c0@group-56221E66DD99:LeaderElection84] INFO  impl.RaftServerImpl (ServerState.java:setLeader(253)) - 8bae43e0-2827-4c89-a874-0343706896c0@group-56221E66DD99: change Leader from null to 8bae43e0-2827-4c89-a874-0343706896c0 at term 1 for becomeLeader, leader elected after 5155ms
2019-09-25 07:30:14,131 [8bae43e0-2827-4c89-a874-0343706896c0@group-81EEAB4F2BA3:LeaderElection83] INFO  server.RaftServerConfigKeys (ConfUtils.java:logGet(43)) - raft.server.staging.catchup.gap = 1000 (default)
2019-09-25 07:30:14,131 [8bae43e0-2827-4c89-a874-0343706896c0@group-56221E66DD99:LeaderElection84] INFO  server.RaftServerConfigKeys (ConfUtils.java:logGet(43)) - raft.server.staging.catchup.gap = 1000 (default)
2019-09-25 07:30:14,131 [8bae43e0-2827-4c89-a874-0343706896c0@group-81EEAB4F2BA3:LeaderElection83] INFO  server.RaftServerConfigKeys (ConfUtils.java:logGet(43)) - raft.server.rpc.sleep.time = 25ms (default)
2019-09-25 07:30:14,132 [8bae43e0-2827-4c89-a874-0343706896c0@group-56221E66DD99:LeaderElection84] INFO  server.RaftServerConfigKeys (ConfUtils.java:logGet(43)) - raft.server.rpc.sleep.time = 25ms (default)
2019-09-25 07:30:14,132 [8bae43e0-2827-4c89-a874-0343706896c0@group-81EEAB4F2BA3:LeaderElection83] INFO  server.RaftServerConfigKeys (ConfUtils.java:logGet(43)) - raft.server.write.element-limit = 4096 (default)
2019-09-25 07:30:14,132 [8bae43e0-2827-4c89-a874-0343706896c0@group-56221E66DD99:LeaderElection84] INFO  server.RaftServerConfigKeys (ConfUtils.java:logGet(43)) - raft.server.write.element-limit = 4096 (default)
2019-09-25 07:30:14,132 [8bae43e0-2827-4c89-a874-0343706896c0@group-81EEAB4F2BA3:LeaderElection83] INFO  server.RaftServerConfigKeys (ConfUtils.java:logGet(43)) - raft.server.watch.timeout = 10s (default)
2019-09-25 07:30:14,132 [8bae43e0-2827-4c89-a874-0343706896c0@group-56221E66DD99:LeaderElection84] INFO  server.RaftServerConfigKeys (ConfUtils.java:logGet(43)) - raft.server.watch.timeout = 10s (default)
2019-09-25 07:30:14,132 [8bae43e0-2827-4c89-a874-0343706896c0@group-81EEAB4F2BA3:LeaderElection83] INFO  server.RaftServerConfigKeys (ConfUtils.java:logGet(43)) - raft.server.watch.timeout.denomination = 1s (default)
2019-09-25 07:30:14,132 [8bae43e0-2827-4c89-a874-0343706896c0@group-56221E66DD99:LeaderElection84] INFO  server.RaftServerConfigKeys (ConfUtils.java:logGet(43)) - raft.server.watch.timeout.denomination = 1s (default)
2019-09-25 07:30:14,133 [8bae43e0-2827-4c89-a874-0343706896c0@group-81EEAB4F2BA3:LeaderElection83] INFO  server.RaftServerConfigKeys (ConfUtils.java:logGet(43)) - raft.server.watch.element-limit = 65536 (default)
2019-09-25 07:30:14,133 [8bae43e0-2827-4c89-a874-0343706896c0@group-56221E66DD99:LeaderElection84] INFO  server.RaftServerConfigKeys (ConfUtils.java:logGet(43)) - raft.server.watch.element-limit = 65536 (default)
2019-09-25 07:30:14,136 [8bae43e0-2827-4c89-a874-0343706896c0@group-81EEAB4F2BA3:LeaderElection83] INFO  impl.RoleInfo (RoleInfo.java:updateAndGet(143)) - 8bae43e0-2827-4c89-a874-0343706896c0: start LeaderState
2019-09-25 07:30:14,136 [8bae43e0-2827-4c89-a874-0343706896c0@group-81EEAB4F2BA3:LeaderElection83] INFO  segmented.SegmentedRaftLogWorker (SegmentedRaftLogWorker.java:startLogSegment(380)) - 8bae43e0-2827-4c89-a874-0343706896c0@group-81EEAB4F2BA3-SegmentedRaftLogWorker: Starting segment from index:0
2019-09-25 07:30:14,136 [8bae43e0-2827-4c89-a874-0343706896c0@group-56221E66DD99:LeaderElection84] INFO  impl.RoleInfo (RoleInfo.java:updateAndGet(143)) - 8bae43e0-2827-4c89-a874-0343706896c0: start LeaderState
2019-09-25 07:30:14,137 [8bae43e0-2827-4c89-a874-0343706896c0@group-56221E66DD99:LeaderElection84] INFO  segmented.SegmentedRaftLogWorker (SegmentedRaftLogWorker.java:startLogSegment(380)) - 8bae43e0-2827-4c89-a874-0343706896c0@group-56221E66DD99-SegmentedRaftLogWorker: Starting segment from index:0
2019-09-25 07:30:14,137 [8bae43e0-2827-4c89-a874-0343706896c0@group-81EEAB4F2BA3:LeaderElection83] INFO  impl.RaftServerImpl (ServerState.java:setRaftConf(354)) - 8bae43e0-2827-4c89-a874-0343706896c0@group-81EEAB4F2BA3: set configuration 0: [8bae43e0-2827-4c89-a874-0343706896c0:192.168.151.106:42902], old=null at 0
2019-09-25 07:30:14,137 [8bae43e0-2827-4c89-a874-0343706896c0@group-56221E66DD99:LeaderElection84] INFO  impl.RaftServerImpl (ServerState.java:setRaftConf(354)) - 8bae43e0-2827-4c89-a874-0343706896c0@group-56221E66DD99: set configuration 0: [8bae43e0-2827-4c89-a874-0343706896c0:192.168.151.106:42902], old=null at 0
2019-09-25 07:30:14,156 [1a823cc7-99a6-4d64-9e33-d8d28813a5c6@group-62C6A22A588D-SegmentedRaftLogWorker] INFO  segmented.SegmentedRaftLogWorker (SegmentedRaftLogWorker.java:execute(569)) - 1a823cc7-99a6-4d64-9e33-d8d28813a5c6@group-62C6A22A588D-SegmentedRaftLogWorker: created new log segment /workdir/hadoop-ozone/ozonefs/target/test-dir/MiniOzoneClusterImpl-57037ed3-0523-4bc8-ad5a-d167f12c453e/datanode-1/data/ratis/be213255-e457-4d02-88ab-62c6a22a588d/current/log_inprogress_0
2019-09-25 07:30:14,181 [8bae43e0-2827-4c89-a874-0343706896c0@group-81EEAB4F2BA3-SegmentedRaftLogWorker] INFO  segmented.SegmentedRaftLogWorker (SegmentedRaftLogWorker.java:execute(569)) - 8bae43e0-2827-4c89-a874-0343706896c0@group-81EEAB4F2BA3-SegmentedRaftLogWorker: created new log segment /workdir/hadoop-ozone/ozonefs/target/test-dir/MiniOzoneClusterImpl-57037ed3-0523-4bc8-ad5a-d167f12c453e/datanode-2/data/ratis/bbcd9ab1-bc7a-4871-a436-81eeab4f2ba3/current/log_inprogress_0
2019-09-25 07:30:14,198 [8bae43e0-2827-4c89-a874-0343706896c0@group-56221E66DD99-SegmentedRaftLogWorker] INFO  segmented.SegmentedRaftLogWorker (SegmentedRaftLogWorker.java:execute(569)) - 8bae43e0-2827-4c89-a874-0343706896c0@group-56221E66DD99-SegmentedRaftLogWorker: created new log segment /workdir/hadoop-ozone/ozonefs/target/test-dir/MiniOzoneClusterImpl-57037ed3-0523-4bc8-ad5a-d167f12c453e/datanode-2/data/ratis/62a20d86-3ea9-4c8a-a879-56221e66dd99/current/log_inprogress_0
2019-09-25 07:30:14,221 [Thread-1289] INFO  impl.FollowerState (FollowerState.java:run(106)) - 8bae43e0-2827-4c89-a874-0343706896c0:group-883D65A98287 changes to CANDIDATE, lastRpcTime:5109, electionTimeout:5109ms
2019-09-25 07:30:14,221 [Thread-1289] INFO  impl.RoleInfo (RoleInfo.java:shutdownFollowerState(121)) - 8bae43e0-2827-4c89-a874-0343706896c0: shutdown FollowerState
2019-09-25 07:30:14,221 [Thread-1289] INFO  impl.RaftServerImpl (RaftServerImpl.java:setRole(174)) - 8bae43e0-2827-4c89-a874-0343706896c0@group-883D65A98287: changes role from  FOLLOWER to CANDIDATE at term 0 for changeToCandidate
2019-09-25 07:30:14,221 [Thread-1289] INFO  impl.RoleInfo (RoleInfo.java:updateAndGet(143)) - 8bae43e0-2827-4c89-a874-0343706896c0: start LeaderElection
2019-09-25 07:30:14,248 [8bae43e0-2827-4c89-a874-0343706896c0@group-883D65A98287:LeaderElection85] INFO  impl.LeaderElection (LeaderElection.java:askForVotes(182)) - 8bae43e0-2827-4c89-a874-0343706896c0@group-883D65A98287:LeaderElection85: begin an election at term 1 for -1: [8bae43e0-2827-4c89-a874-0343706896c0:192.168.151.106:42902], old=null
2019-09-25 07:30:14,248 [8bae43e0-2827-4c89-a874-0343706896c0@group-883D65A98287:LeaderElection85] INFO  impl.RoleInfo (RoleInfo.java:shutdownLeaderElection(134)) - 8bae43e0-2827-4c89-a874-0343706896c0: shutdown LeaderElection
2019-09-25 07:30:14,249 [8bae43e0-2827-4c89-a874-0343706896c0@group-883D65A98287:LeaderElection85] INFO  impl.RaftServerImpl (RaftServerImpl.java:setRole(174)) - 8bae43e0-2827-4c89-a874-0343706896c0@group-883D65A98287: changes role from CANDIDATE to LEADER at term 1 for changeToLeader
2019-09-25 07:30:14,249 [8bae43e0-2827-4c89-a874-0343706896c0@group-883D65A98287:LeaderElection85] INFO  impl.RaftServerImpl (ServerState.java:setLeader(253)) - 8bae43e0-2827-4c89-a874-0343706896c0@group-883D65A98287: change Leader from null to 8bae43e0-2827-4c89-a874-0343706896c0 at term 1 for becomeLeader, leader elected after 5143ms
2019-09-25 07:30:14,249 [8bae43e0-2827-4c89-a874-0343706896c0@group-883D65A98287:LeaderElection85] INFO  server.RaftServerConfigKeys (ConfUtils.java:logGet(43)) - raft.server.staging.catchup.gap = 1000 (default)
2019-09-25 07:30:14,249 [8bae43e0-2827-4c89-a874-0343706896c0@group-883D65A98287:LeaderElection85] INFO  server.RaftServerConfigKeys (ConfUtils.java:logGet(43)) - raft.server.rpc.sleep.time = 25ms (default)
2019-09-25 07:30:14,250 [8bae43e0-2827-4c89-a874-0343706896c0@group-883D65A98287:LeaderElection85] INFO  server.RaftServerConfigKeys (ConfUtils.java:logGet(43)) - raft.server.write.element-limit = 4096 (default)
2019-09-25 07:30:14,250 [8bae43e0-2827-4c89-a874-0343706896c0@group-883D65A98287:LeaderElection85] INFO  server.RaftServerConfigKeys (ConfUtils.java:logGet(43)) - raft.server.watch.timeout = 10s (default)
2019-09-25 07:30:14,250 [8bae43e0-2827-4c89-a874-0343706896c0@group-883D65A98287:LeaderElection85] INFO  server.RaftServerConfigKeys (ConfUtils.java:logGet(43)) - raft.server.watch.timeout.denomination = 1s (default)
2019-09-25 07:30:14,250 [8bae43e0-2827-4c89-a874-0343706896c0@group-883D65A98287:LeaderElection85] INFO  server.RaftServerConfigKeys (ConfUtils.java:logGet(43)) - raft.server.watch.element-limit = 65536 (default)
2019-09-25 07:30:14,252 [8bae43e0-2827-4c89-a874-0343706896c0@group-883D65A98287:LeaderElection85] INFO  impl.RoleInfo (RoleInfo.java:updateAndGet(143)) - 8bae43e0-2827-4c89-a874-0343706896c0: start LeaderState
2019-09-25 07:30:14,252 [8bae43e0-2827-4c89-a874-0343706896c0@group-883D65A98287:LeaderElection85] INFO  segmented.SegmentedRaftLogWorker (SegmentedRaftLogWorker.java:startLogSegment(380)) - 8bae43e0-2827-4c89-a874-0343706896c0@group-883D65A98287-SegmentedRaftLogWorker: Starting segment from index:0
2019-09-25 07:30:14,253 [8bae43e0-2827-4c89-a874-0343706896c0@group-883D65A98287:LeaderElection85] INFO  impl.RaftServerImpl (ServerState.java:setRaftConf(354)) - 8bae43e0-2827-4c89-a874-0343706896c0@group-883D65A98287: set configuration 0: [8bae43e0-2827-4c89-a874-0343706896c0:192.168.151.106:42902], old=null at 0
2019-09-25 07:30:14,276 [Thread-1292] INFO  impl.FollowerState (FollowerState.java:run(106)) - 8bae43e0-2827-4c89-a874-0343706896c0:group-1AD395A7C24E changes to CANDIDATE, lastRpcTime:5101, electionTimeout:5101ms
2019-09-25 07:30:14,276 [Thread-1292] INFO  impl.RoleInfo (RoleInfo.java:shutdownFollowerState(121)) - 8bae43e0-2827-4c89-a874-0343706896c0: shutdown FollowerState
2019-09-25 07:30:14,276 [Thread-1292] INFO  impl.RaftServerImpl (RaftServerImpl.java:setRole(174)) - 8bae43e0-2827-4c89-a874-0343706896c0@group-1AD395A7C24E: changes role from  FOLLOWER to CANDIDATE at term 0 for changeToCandidate
2019-09-25 07:30:14,276 [Thread-1292] INFO  impl.RoleInfo (RoleInfo.java:updateAndGet(143)) - 8bae43e0-2827-4c89-a874-0343706896c0: start LeaderElection
2019-09-25 07:30:14,307 [8bae43e0-2827-4c89-a874-0343706896c0@group-883D65A98287-SegmentedRaftLogWorker] INFO  segmented.SegmentedRaftLogWorker (SegmentedRaftLogWorker.java:execute(569)) - 8bae43e0-2827-4c89-a874-0343706896c0@group-883D65A98287-SegmentedRaftLogWorker: created new log segment /workdir/hadoop-ozone/ozonefs/target/test-dir/MiniOzoneClusterImpl-57037ed3-0523-4bc8-ad5a-d167f12c453e/datanode-2/data/ratis/56739415-05e7-4e00-94ca-883d65a98287/current/log_inprogress_0
2019-09-25 07:30:14,307 [8bae43e0-2827-4c89-a874-0343706896c0@group-1AD395A7C24E:LeaderElection86] INFO  impl.LeaderElection (LeaderElection.java:askForVotes(182)) - 8bae43e0-2827-4c89-a874-0343706896c0@group-1AD395A7C24E:LeaderElection86: begin an election at term 1 for -1: [8bae43e0-2827-4c89-a874-0343706896c0:192.168.151.106:42902], old=null
2019-09-25 07:30:14,307 [8bae43e0-2827-4c89-a874-0343706896c0@group-1AD395A7C24E:LeaderElection86] INFO  impl.RoleInfo (RoleInfo.java:shutdownLeaderElection(134)) - 8bae43e0-2827-4c89-a874-0343706896c0: shutdown LeaderElection
2019-09-25 07:30:14,307 [8bae43e0-2827-4c89-a874-0343706896c0@group-1AD395A7C24E:LeaderElection86] INFO  impl.RaftServerImpl (RaftServerImpl.java:setRole(174)) - 8bae43e0-2827-4c89-a874-0343706896c0@group-1AD395A7C24E: changes role from CANDIDATE to LEADER at term 1 for changeToLeader
2019-09-25 07:30:14,307 [8bae43e0-2827-4c89-a874-0343706896c0@group-1AD395A7C24E:LeaderElection86] INFO  impl.RaftServerImpl (ServerState.java:setLeader(253)) - 8bae43e0-2827-4c89-a874-0343706896c0@group-1AD395A7C24E: change Leader from null to 8bae43e0-2827-4c89-a874-0343706896c0 at term 1 for becomeLeader, leader elected after 5138ms
2019-09-25 07:30:14,307 [8bae43e0-2827-4c89-a874-0343706896c0@group-1AD395A7C24E:LeaderElection86] INFO  server.RaftServerConfigKeys (ConfUtils.java:logGet(43)) - raft.server.staging.catchup.gap = 1000 (default)
2019-09-25 07:30:14,308 [8bae43e0-2827-4c89-a874-0343706896c0@group-1AD395A7C24E:LeaderElection86] INFO  server.RaftServerConfigKeys (ConfUtils.java:logGet(43)) - raft.server.rpc.sleep.time = 25ms (default)
2019-09-25 07:30:14,308 [8bae43e0-2827-4c89-a874-0343706896c0@group-1AD395A7C24E:LeaderElection86] INFO  server.RaftServerConfigKeys (ConfUtils.java:logGet(43)) - raft.server.write.element-limit = 4096 (default)
2019-09-25 07:30:14,308 [8bae43e0-2827-4c89-a874-0343706896c0@group-1AD395A7C24E:LeaderElection86] INFO  server.RaftServerConfigKeys (ConfUtils.java:logGet(43)) - raft.server.watch.timeout = 10s (default)
2019-09-25 07:30:14,308 [8bae43e0-2827-4c89-a874-0343706896c0@group-1AD395A7C24E:LeaderElection86] INFO  server.RaftServerConfigKeys (ConfUtils.java:logGet(43)) - raft.server.watch.timeout.denomination = 1s (default)
2019-09-25 07:30:14,308 [8bae43e0-2827-4c89-a874-0343706896c0@group-1AD395A7C24E:LeaderElection86] INFO  server.RaftServerConfigKeys (ConfUtils.java:logGet(43)) - raft.server.watch.element-limit = 65536 (default)
2019-09-25 07:30:14,310 [8bae43e0-2827-4c89-a874-0343706896c0@group-1AD395A7C24E:LeaderElection86] INFO  impl.RoleInfo (RoleInfo.java:updateAndGet(143)) - 8bae43e0-2827-4c89-a874-0343706896c0: start LeaderState
2019-09-25 07:30:14,310 [8bae43e0-2827-4c89-a874-0343706896c0@group-1AD395A7C24E:LeaderElection86] INFO  segmented.SegmentedRaftLogWorker (SegmentedRaftLogWorker.java:startLogSegment(380)) - 8bae43e0-2827-4c89-a874-0343706896c0@group-1AD395A7C24E-SegmentedRaftLogWorker: Starting segment from index:0
2019-09-25 07:30:14,311 [8bae43e0-2827-4c89-a874-0343706896c0@group-1AD395A7C24E:LeaderElection86] INFO  impl.RaftServerImpl (ServerState.java:setRaftConf(354)) - 8bae43e0-2827-4c89-a874-0343706896c0@group-1AD395A7C24E: set configuration 0: [8bae43e0-2827-4c89-a874-0343706896c0:192.168.151.106:42902], old=null at 0
2019-09-25 07:30:14,374 [8bae43e0-2827-4c89-a874-0343706896c0@group-1AD395A7C24E-SegmentedRaftLogWorker] INFO  segmented.SegmentedRaftLogWorker (SegmentedRaftLogWorker.java:execute(569)) - 8bae43e0-2827-4c89-a874-0343706896c0@group-1AD395A7C24E-SegmentedRaftLogWorker: created new log segment /workdir/hadoop-ozone/ozonefs/target/test-dir/MiniOzoneClusterImpl-57037ed3-0523-4bc8-ad5a-d167f12c453e/datanode-2/data/ratis/a6f2d463-9a67-4921-9375-1ad395a7c24e/current/log_inprogress_0
2019-09-25 07:30:14,380 [Thread-1073] INFO  ozoneimpl.OzoneContainer (OzoneContainer.java:stop(231)) - Attempting to stop container services.
2019-09-25 07:30:14,380 [ForkJoinPool.commonPool-worker-1] INFO  ozoneimpl.OzoneContainer (OzoneContainer.java:stop(231)) - Attempting to stop container services.
2019-09-25 07:30:14,381 [Thread-1073] INFO  impl.RaftServerProxy (RaftServerProxy.java:lambda$close$4(314)) - 1a823cc7-99a6-4d64-9e33-d8d28813a5c6: close
2019-09-25 07:30:14,381 [ForkJoinPool.commonPool-worker-1] INFO  impl.RaftServerProxy (RaftServerProxy.java:lambda$close$4(314)) - 09afdf22-db9f-48fb-806c-c28d48031caf: close
2019-09-25 07:30:14,381 [Thread-1073] INFO  impl.RaftServerImpl (RaftServerImpl.java:lambda$shutdown$3(251)) - 1a823cc7-99a6-4d64-9e33-d8d28813a5c6@group-E53B8FBDBB56: shutdown
2019-09-25 07:30:14,382 [ForkJoinPool.commonPool-worker-1] INFO  impl.RaftServerImpl (RaftServerImpl.java:lambda$shutdown$3(251)) - 09afdf22-db9f-48fb-806c-c28d48031caf@group-EA2C813D2FCF: shutdown
2019-09-25 07:30:14,382 [Thread-1073] INFO  util.JmxRegister (JmxRegister.java:unregister(73)) - Successfully un-registered JMX Bean with object name Ratis:service=RaftServer,group=group-E53B8FBDBB56,id=1a823cc7-99a6-4d64-9e33-d8d28813a5c6
2019-09-25 07:30:14,383 [Thread-1298] INFO  impl.FollowerState (FollowerState.java:run(106)) - 8bae43e0-2827-4c89-a874-0343706896c0:group-0B49870D7971 changes to CANDIDATE, lastRpcTime:5130, electionTimeout:5130ms
2019-09-25 07:30:14,382 [ForkJoinPool.commonPool-worker-1] INFO  util.JmxRegister (JmxRegister.java:unregister(73)) - Successfully un-registered JMX Bean with object name Ratis:service=RaftServer,group=group-EA2C813D2FCF,id=09afdf22-db9f-48fb-806c-c28d48031caf
2019-09-25 07:30:14,383 [Thread-1298] INFO  impl.RoleInfo (RoleInfo.java:shutdownFollowerState(121)) - 8bae43e0-2827-4c89-a874-0343706896c0: shutdown FollowerState
2019-09-25 07:30:14,383 [Thread-1073] INFO  impl.RoleInfo (RoleInfo.java:shutdownLeaderState(104)) - 1a823cc7-99a6-4d64-9e33-d8d28813a5c6: shutdown LeaderState
2019-09-25 07:30:14,383 [Thread-1298] INFO  impl.RaftServerImpl (RaftServerImpl.java:setRole(174)) - 8bae43e0-2827-4c89-a874-0343706896c0@group-0B49870D7971: changes role from  FOLLOWER to CANDIDATE at term 0 for changeToCandidate
2019-09-25 07:30:14,383 [ForkJoinPool.commonPool-worker-1] INFO  impl.RoleInfo (RoleInfo.java:shutdownLeaderState(104)) - 09afdf22-db9f-48fb-806c-c28d48031caf: shutdown LeaderState
2019-09-25 07:30:14,384 [Thread-1298] INFO  impl.RoleInfo (RoleInfo.java:updateAndGet(143)) - 8bae43e0-2827-4c89-a874-0343706896c0: start LeaderElection
2019-09-25 07:30:14,384 [Thread-1073] INFO  impl.PendingRequests (PendingRequests.java:sendNotLeaderResponses(202)) - 1a823cc7-99a6-4d64-9e33-d8d28813a5c6-PendingRequests: sendNotLeaderResponses
2019-09-25 07:30:14,384 [ForkJoinPool.commonPool-worker-1] INFO  impl.PendingRequests (PendingRequests.java:sendNotLeaderResponses(202)) - 09afdf22-db9f-48fb-806c-c28d48031caf-PendingRequests: sendNotLeaderResponses
2019-09-25 07:30:14,385 [Thread-1073] INFO  impl.StateMachineUpdater (StateMachineUpdater.java:stopAndJoin(125)) - 1a823cc7-99a6-4d64-9e33-d8d28813a5c6@group-E53B8FBDBB56-StateMachineUpdater: set stopIndex = 0
2019-09-25 07:30:14,385 [ForkJoinPool.commonPool-worker-1] INFO  impl.StateMachineUpdater (StateMachineUpdater.java:stopAndJoin(125)) - 09afdf22-db9f-48fb-806c-c28d48031caf@group-EA2C813D2FCF-StateMachineUpdater: set stopIndex = 0
2019-09-25 07:30:14,386 [ForkJoinPool.commonPool-worker-1] INFO  impl.RaftServerImpl (ServerState.java:close(385)) - 09afdf22-db9f-48fb-806c-c28d48031caf@group-EA2C813D2FCF: closes. applyIndex: 0
2019-09-25 07:30:14,385 [Thread-1073] INFO  impl.RaftServerImpl (ServerState.java:close(385)) - 1a823cc7-99a6-4d64-9e33-d8d28813a5c6@group-E53B8FBDBB56: closes. applyIndex: 0
2019-09-25 07:30:14,386 [09afdf22-db9f-48fb-806c-c28d48031caf@group-EA2C813D2FCF-SegmentedRaftLogWorker] INFO  segmented.SegmentedRaftLogWorker (SegmentedRaftLogWorker.java:run(313)) - 09afdf22-db9f-48fb-806c-c28d48031caf@group-EA2C813D2FCF-SegmentedRaftLogWorker was interrupted, exiting. There are 0 tasks remaining in the queue.
2019-09-25 07:30:14,386 [1a823cc7-99a6-4d64-9e33-d8d28813a5c6@group-E53B8FBDBB56-SegmentedRaftLogWorker] INFO  segmented.SegmentedRaftLogWorker (SegmentedRaftLogWorker.java:run(313)) - 1a823cc7-99a6-4d64-9e33-d8d28813a5c6@group-E53B8FBDBB56-SegmentedRaftLogWorker was interrupted, exiting. There are 0 tasks remaining in the queue.
2019-09-25 07:30:14,387 [ForkJoinPool.commonPool-worker-1] INFO  segmented.SegmentedRaftLogWorker (SegmentedRaftLogWorker.java:close(228)) - 09afdf22-db9f-48fb-806c-c28d48031caf@group-EA2C813D2FCF-SegmentedRaftLogWorker close()
2019-09-25 07:30:14,387 [Thread-1073] INFO  segmented.SegmentedRaftLogWorker (SegmentedRaftLogWorker.java:close(228)) - 1a823cc7-99a6-4d64-9e33-d8d28813a5c6@group-E53B8FBDBB56-SegmentedRaftLogWorker close()
2019-09-25 07:30:14,390 [ForkJoinPool.commonPool-worker-1] INFO  impl.RaftServerImpl (RaftServerImpl.java:lambda$shutdown$3(251)) - 09afdf22-db9f-48fb-806c-c28d48031caf@group-546F63140351: shutdown
2019-09-25 07:30:14,398 [Thread-1073] INFO  impl.RaftServerImpl (RaftServerImpl.java:lambda$shutdown$3(251)) - 1a823cc7-99a6-4d64-9e33-d8d28813a5c6@group-A65EC9884415: shutdown
2019-09-25 07:30:14,398 [ForkJoinPool.commonPool-worker-1] INFO  util.JmxRegister (JmxRegister.java:unregister(73)) - Successfully un-registered JMX Bean with object name Ratis:service=RaftServer,group=group-546F63140351,id=09afdf22-db9f-48fb-806c-c28d48031caf
2019-09-25 07:30:14,399 [Thread-1073] INFO  util.JmxRegister (JmxRegister.java:unregister(73)) - Successfully un-registered JMX Bean with object name Ratis:service=RaftServer,group=group-A65EC9884415,id=1a823cc7-99a6-4d64-9e33-d8d28813a5c6
2019-09-25 07:30:14,399 [ForkJoinPool.commonPool-worker-1] INFO  impl.RoleInfo (RoleInfo.java:shutdownLeaderState(104)) - 09afdf22-db9f-48fb-806c-c28d48031caf: shutdown LeaderState
2019-09-25 07:30:14,399 [Thread-1073] INFO  impl.RoleInfo (RoleInfo.java:shutdownLeaderState(104)) - 1a823cc7-99a6-4d64-9e33-d8d28813a5c6: shutdown LeaderState
2019-09-25 07:30:14,400 [ForkJoinPool.commonPool-worker-1] INFO  impl.PendingRequests (PendingRequests.java:sendNotLeaderResponses(202)) - 09afdf22-db9f-48fb-806c-c28d48031caf-PendingRequests: sendNotLeaderResponses
2019-09-25 07:30:14,400 [Thread-1073] INFO  impl.PendingRequests (PendingRequests.java:sendNotLeaderResponses(202)) - 1a823cc7-99a6-4d64-9e33-d8d28813a5c6-PendingRequests: sendNotLeaderResponses
2019-09-25 07:30:14,400 [ForkJoinPool.commonPool-worker-1] INFO  impl.StateMachineUpdater (StateMachineUpdater.java:stopAndJoin(125)) - 09afdf22-db9f-48fb-806c-c28d48031caf@group-546F63140351-StateMachineUpdater: set stopIndex = 0
2019-09-25 07:30:14,401 [Thread-1073] INFO  impl.StateMachineUpdater (StateMachineUpdater.java:stopAndJoin(125)) - 1a823cc7-99a6-4d64-9e33-d8d28813a5c6@group-A65EC9884415-StateMachineUpdater: set stopIndex = 0
2019-09-25 07:30:14,401 [Thread-1073] INFO  impl.RaftServerImpl (ServerState.java:close(385)) - 1a823cc7-99a6-4d64-9e33-d8d28813a5c6@group-A65EC9884415: closes. applyIndex: 0
2019-09-25 07:30:14,401 [ForkJoinPool.commonPool-worker-1] INFO  impl.RaftServerImpl (ServerState.java:close(385)) - 09afdf22-db9f-48fb-806c-c28d48031caf@group-546F63140351: closes. applyIndex: 0
2019-09-25 07:30:14,402 [1a823cc7-99a6-4d64-9e33-d8d28813a5c6@group-A65EC9884415-SegmentedRaftLogWorker] INFO  segmented.SegmentedRaftLogWorker (SegmentedRaftLogWorker.java:run(313)) - 1a823cc7-99a6-4d64-9e33-d8d28813a5c6@group-A65EC9884415-SegmentedRaftLogWorker was interrupted, exiting. There are 0 tasks remaining in the queue.
2019-09-25 07:30:14,402 [09afdf22-db9f-48fb-806c-c28d48031caf@group-546F63140351-SegmentedRaftLogWorker] INFO  segmented.SegmentedRaftLogWorker (SegmentedRaftLogWorker.java:run(313)) - 09afdf22-db9f-48fb-806c-c28d48031caf@group-546F63140351-SegmentedRaftLogWorker was interrupted, exiting. There are 0 tasks remaining in the queue.
2019-09-25 07:30:14,408 [Thread-1073] INFO  segmented.SegmentedRaftLogWorker (SegmentedRaftLogWorker.java:close(228)) - 1a823cc7-99a6-4d64-9e33-d8d28813a5c6@group-A65EC9884415-SegmentedRaftLogWorker close()
2019-09-25 07:30:14,408 [ForkJoinPool.commonPool-worker-1] INFO  segmented.SegmentedRaftLogWorker (SegmentedRaftLogWorker.java:close(228)) - 09afdf22-db9f-48fb-806c-c28d48031caf@group-546F63140351-SegmentedRaftLogWorker close()
2019-09-25 07:30:14,408 [8bae43e0-2827-4c89-a874-0343706896c0@group-0B49870D7971:LeaderElection87] INFO  impl.LeaderElection (LeaderElection.java:askForVotes(182)) - 8bae43e0-2827-4c89-a874-0343706896c0@group-0B49870D7971:LeaderElection87: begin an election at term 1 for -1: [8bae43e0-2827-4c89-a874-0343706896c0:192.168.151.106:42902], old=null
2019-09-25 07:30:14,408 [Thread-1073] INFO  impl.RaftServerImpl (RaftServerImpl.java:lambda$shutdown$3(251)) - 1a823cc7-99a6-4d64-9e33-d8d28813a5c6@group-EF285F0ECC59: shutdown
2019-09-25 07:30:14,409 [8bae43e0-2827-4c89-a874-0343706896c0@group-0B49870D7971:LeaderElection87] INFO  impl.RoleInfo (RoleInfo.java:shutdownLeaderElection(134)) - 8bae43e0-2827-4c89-a874-0343706896c0: shutdown LeaderElection
2019-09-25 07:30:14,409 [8bae43e0-2827-4c89-a874-0343706896c0@group-0B49870D7971:LeaderElection87] INFO  impl.RaftServerImpl (RaftServerImpl.java:setRole(174)) - 8bae43e0-2827-4c89-a874-0343706896c0@group-0B49870D7971: changes role from CANDIDATE to LEADER at term 1 for changeToLeader
2019-09-25 07:30:14,409 [ForkJoinPool.commonPool-worker-1] INFO  impl.RaftServerImpl (RaftServerImpl.java:lambda$shutdown$3(251)) - 09afdf22-db9f-48fb-806c-c28d48031caf@group-47D3D1F84E53: shutdown
2019-09-25 07:30:14,409 [8bae43e0-2827-4c89-a874-0343706896c0@group-0B49870D7971:LeaderElection87] INFO  impl.RaftServerImpl (ServerState.java:setLeader(253)) - 8bae43e0-2827-4c89-a874-0343706896c0@group-0B49870D7971: change Leader from null to 8bae43e0-2827-4c89-a874-0343706896c0 at term 1 for becomeLeader, leader elected after 5164ms
2019-09-25 07:30:14,409 [Thread-1073] INFO  util.JmxRegister (JmxRegister.java:unregister(73)) - Successfully un-registered JMX Bean with object name Ratis:service=RaftServer,group=group-EF285F0ECC59,id=1a823cc7-99a6-4d64-9e33-d8d28813a5c6
2019-09-25 07:30:14,410 [8bae43e0-2827-4c89-a874-0343706896c0@group-0B49870D7971:LeaderElection87] INFO  server.RaftServerConfigKeys (ConfUtils.java:logGet(43)) - raft.server.staging.catchup.gap = 1000 (default)
2019-09-25 07:30:14,410 [8bae43e0-2827-4c89-a874-0343706896c0@group-0B49870D7971:LeaderElection87] INFO  server.RaftServerConfigKeys (ConfUtils.java:logGet(43)) - raft.server.rpc.sleep.time = 25ms (default)
2019-09-25 07:30:14,410 [ForkJoinPool.commonPool-worker-1] INFO  util.JmxRegister (JmxRegister.java:unregister(73)) - Successfully un-registered JMX Bean with object name Ratis:service=RaftServer,group=group-47D3D1F84E53,id=09afdf22-db9f-48fb-806c-c28d48031caf
2019-09-25 07:30:14,410 [8bae43e0-2827-4c89-a874-0343706896c0@group-0B49870D7971:LeaderElection87] INFO  server.RaftServerConfigKeys (ConfUtils.java:logGet(43)) - raft.server.write.element-limit = 4096 (default)
2019-09-25 07:30:14,410 [Thread-1073] INFO  impl.RoleInfo (RoleInfo.java:shutdownLeaderState(104)) - 1a823cc7-99a6-4d64-9e33-d8d28813a5c6: shutdown LeaderState
2019-09-25 07:30:14,411 [8bae43e0-2827-4c89-a874-0343706896c0@group-0B49870D7971:LeaderElection87] INFO  server.RaftServerConfigKeys (ConfUtils.java:logGet(43)) - raft.server.watch.timeout = 10s (default)
2019-09-25 07:30:14,411 [ForkJoinPool.commonPool-worker-1] INFO  impl.RoleInfo (RoleInfo.java:shutdownLeaderState(104)) - 09afdf22-db9f-48fb-806c-c28d48031caf: shutdown LeaderState
2019-09-25 07:30:14,411 [8bae43e0-2827-4c89-a874-0343706896c0@group-0B49870D7971:LeaderElection87] INFO  server.RaftServerConfigKeys (ConfUtils.java:logGet(43)) - raft.server.watch.timeout.denomination = 1s (default)
2019-09-25 07:30:14,411 [Thread-1073] INFO  impl.PendingRequests (PendingRequests.java:sendNotLeaderResponses(202)) - 1a823cc7-99a6-4d64-9e33-d8d28813a5c6-PendingRequests: sendNotLeaderResponses
2019-09-25 07:30:14,412 [8bae43e0-2827-4c89-a874-0343706896c0@group-0B49870D7971:LeaderElection87] INFO  server.RaftServerConfigKeys (ConfUtils.java:logGet(43)) - raft.server.watch.element-limit = 65536 (default)
2019-09-25 07:30:14,412 [ForkJoinPool.commonPool-worker-1] INFO  impl.PendingRequests (PendingRequests.java:sendNotLeaderResponses(202)) - 09afdf22-db9f-48fb-806c-c28d48031caf-PendingRequests: sendNotLeaderResponses
2019-09-25 07:30:14,412 [Thread-1073] INFO  impl.StateMachineUpdater (StateMachineUpdater.java:stopAndJoin(125)) - 1a823cc7-99a6-4d64-9e33-d8d28813a5c6@group-EF285F0ECC59-StateMachineUpdater: set stopIndex = 0
2019-09-25 07:30:14,413 [Thread-1073] INFO  impl.RaftServerImpl (ServerState.java:close(385)) - 1a823cc7-99a6-4d64-9e33-d8d28813a5c6@group-EF285F0ECC59: closes. applyIndex: 0
2019-09-25 07:30:14,413 [ForkJoinPool.commonPool-worker-1] INFO  impl.StateMachineUpdater (StateMachineUpdater.java:stopAndJoin(125)) - 09afdf22-db9f-48fb-806c-c28d48031caf@group-47D3D1F84E53-StateMachineUpdater: set stopIndex = 0
2019-09-25 07:30:14,413 [1a823cc7-99a6-4d64-9e33-d8d28813a5c6@group-EF285F0ECC59-SegmentedRaftLogWorker] INFO  segmented.SegmentedRaftLogWorker (SegmentedRaftLogWorker.java:run(313)) - 1a823cc7-99a6-4d64-9e33-d8d28813a5c6@group-EF285F0ECC59-SegmentedRaftLogWorker was interrupted, exiting. There are 0 tasks remaining in the queue.
2019-09-25 07:30:14,414 [ForkJoinPool.commonPool-worker-1] INFO  impl.RaftServerImpl (ServerState.java:close(385)) - 09afdf22-db9f-48fb-806c-c28d48031caf@group-47D3D1F84E53: closes. applyIndex: 0
2019-09-25 07:30:14,414 [8bae43e0-2827-4c89-a874-0343706896c0@group-0B49870D7971:LeaderElection87] INFO  impl.RoleInfo (RoleInfo.java:updateAndGet(143)) - 8bae43e0-2827-4c89-a874-0343706896c0: start LeaderState
2019-09-25 07:30:14,414 [09afdf22-db9f-48fb-806c-c28d48031caf@group-47D3D1F84E53-SegmentedRaftLogWorker] INFO  segmented.SegmentedRaftLogWorker (SegmentedRaftLogWorker.java:run(313)) - 09afdf22-db9f-48fb-806c-c28d48031caf@group-47D3D1F84E53-SegmentedRaftLogWorker was interrupted, exiting. There are 0 tasks remaining in the queue.
2019-09-25 07:30:14,414 [8bae43e0-2827-4c89-a874-0343706896c0@group-0B49870D7971:LeaderElection87] INFO  segmented.SegmentedRaftLogWorker (SegmentedRaftLogWorker.java:startLogSegment(380)) - 8bae43e0-2827-4c89-a874-0343706896c0@group-0B49870D7971-SegmentedRaftLogWorker: Starting segment from index:0
2019-09-25 07:30:14,414 [Thread-1073] INFO  segmented.SegmentedRaftLogWorker (SegmentedRaftLogWorker.java:close(228)) - 1a823cc7-99a6-4d64-9e33-d8d28813a5c6@group-EF285F0ECC59-SegmentedRaftLogWorker close()
2019-09-25 07:30:14,415 [8bae43e0-2827-4c89-a874-0343706896c0@group-0B49870D7971:LeaderElection87] INFO  impl.RaftServerImpl (ServerState.java:setRaftConf(354)) - 8bae43e0-2827-4c89-a874-0343706896c0@group-0B49870D7971: set configuration 0: [8bae43e0-2827-4c89-a874-0343706896c0:192.168.151.106:42902], old=null at 0
2019-09-25 07:30:14,414 [ForkJoinPool.commonPool-worker-1] INFO  segmented.SegmentedRaftLogWorker (SegmentedRaftLogWorker.java:close(228)) - 09afdf22-db9f-48fb-806c-c28d48031caf@group-47D3D1F84E53-SegmentedRaftLogWorker close()
2019-09-25 07:30:14,415 [Thread-1073] INFO  impl.RaftServerImpl (RaftServerImpl.java:lambda$shutdown$3(251)) - 1a823cc7-99a6-4d64-9e33-d8d28813a5c6@group-7A9473D4008F: shutdown
2019-09-25 07:30:14,415 [ForkJoinPool.commonPool-worker-1] INFO  impl.RaftServerImpl (RaftServerImpl.java:lambda$shutdown$3(251)) - 09afdf22-db9f-48fb-806c-c28d48031caf@group-181133BCA00D: shutdown
2019-09-25 07:30:14,416 [Thread-1073] INFO  util.JmxRegister (JmxRegister.java:unregister(73)) - Successfully un-registered JMX Bean with object name Ratis:service=RaftServer,group=group-7A9473D4008F,id=1a823cc7-99a6-4d64-9e33-d8d28813a5c6
2019-09-25 07:30:14,416 [ForkJoinPool.commonPool-worker-1] INFO  util.JmxRegister (JmxRegister.java:unregister(73)) - Successfully un-registered JMX Bean with object name Ratis:service=RaftServer,group=group-181133BCA00D,id=09afdf22-db9f-48fb-806c-c28d48031caf
2019-09-25 07:30:14,416 [Thread-1073] INFO  impl.RoleInfo (RoleInfo.java:shutdownLeaderState(104)) - 1a823cc7-99a6-4d64-9e33-d8d28813a5c6: shutdown LeaderState
2019-09-25 07:30:14,417 [ForkJoinPool.commonPool-worker-1] INFO  impl.RoleInfo (RoleInfo.java:shutdownLeaderState(104)) - 09afdf22-db9f-48fb-806c-c28d48031caf: shutdown LeaderState
2019-09-25 07:30:14,417 [Thread-1073] INFO  impl.PendingRequests (PendingRequests.java:sendNotLeaderResponses(202)) - 1a823cc7-99a6-4d64-9e33-d8d28813a5c6-PendingRequests: sendNotLeaderResponses
2019-09-25 07:30:14,417 [ForkJoinPool.commonPool-worker-1] INFO  impl.PendingRequests (PendingRequests.java:sendNotLeaderResponses(202)) - 09afdf22-db9f-48fb-806c-c28d48031caf-PendingRequests: sendNotLeaderResponses
2019-09-25 07:30:14,418 [Thread-1073] INFO  impl.StateMachineUpdater (StateMachineUpdater.java:stopAndJoin(125)) - 1a823cc7-99a6-4d64-9e33-d8d28813a5c6@group-7A9473D4008F-StateMachineUpdater: set stopIndex = 0
2019-09-25 07:30:14,418 [ForkJoinPool.commonPool-worker-1] INFO  impl.StateMachineUpdater (StateMachineUpdater.java:stopAndJoin(125)) - 09afdf22-db9f-48fb-806c-c28d48031caf@group-181133BCA00D-StateMachineUpdater: set stopIndex = 0
2019-09-25 07:30:14,418 [Thread-1073] INFO  impl.RaftServerImpl (ServerState.java:close(385)) - 1a823cc7-99a6-4d64-9e33-d8d28813a5c6@group-7A9473D4008F: closes. applyIndex: 0
2019-09-25 07:30:14,419 [ForkJoinPool.commonPool-worker-1] INFO  impl.RaftServerImpl (ServerState.java:close(385)) - 09afdf22-db9f-48fb-806c-c28d48031caf@group-181133BCA00D: closes. applyIndex: 0
2019-09-25 07:30:14,419 [1a823cc7-99a6-4d64-9e33-d8d28813a5c6@group-7A9473D4008F-SegmentedRaftLogWorker] INFO  segmented.SegmentedRaftLogWorker (SegmentedRaftLogWorker.java:run(313)) - 1a823cc7-99a6-4d64-9e33-d8d28813a5c6@group-7A9473D4008F-SegmentedRaftLogWorker was interrupted, exiting. There are 0 tasks remaining in the queue.
2019-09-25 07:30:14,419 [09afdf22-db9f-48fb-806c-c28d48031caf@group-181133BCA00D-SegmentedRaftLogWorker] INFO  segmented.SegmentedRaftLogWorker (SegmentedRaftLogWorker.java:run(313)) - 09afdf22-db9f-48fb-806c-c28d48031caf@group-181133BCA00D-SegmentedRaftLogWorker was interrupted, exiting. There are 0 tasks remaining in the queue.
2019-09-25 07:30:14,420 [Thread-1073] INFO  segmented.SegmentedRaftLogWorker (SegmentedRaftLogWorker.java:close(228)) - 1a823cc7-99a6-4d64-9e33-d8d28813a5c6@group-7A9473D4008F-SegmentedRaftLogWorker close()
2019-09-25 07:30:14,420 [ForkJoinPool.commonPool-worker-1] INFO  segmented.SegmentedRaftLogWorker (SegmentedRaftLogWorker.java:close(228)) - 09afdf22-db9f-48fb-806c-c28d48031caf@group-181133BCA00D-SegmentedRaftLogWorker close()
2019-09-25 07:30:14,420 [Thread-1073] INFO  impl.RaftServerImpl (RaftServerImpl.java:lambda$shutdown$3(251)) - 1a823cc7-99a6-4d64-9e33-d8d28813a5c6@group-62C6A22A588D: shutdown
2019-09-25 07:30:14,420 [ForkJoinPool.commonPool-worker-1] INFO  impl.RaftServerImpl (RaftServerImpl.java:lambda$shutdown$3(251)) - 09afdf22-db9f-48fb-806c-c28d48031caf@group-1A7C998A7E21: shutdown
2019-09-25 07:30:14,421 [Thread-1073] INFO  util.JmxRegister (JmxRegister.java:unregister(73)) - Successfully un-registered JMX Bean with object name Ratis:service=RaftServer,group=group-62C6A22A588D,id=1a823cc7-99a6-4d64-9e33-d8d28813a5c6
2019-09-25 07:30:14,421 [ForkJoinPool.commonPool-worker-1] INFO  util.JmxRegister (JmxRegister.java:unregister(73)) - Successfully un-registered JMX Bean with object name Ratis:service=RaftServer,group=group-1A7C998A7E21,id=09afdf22-db9f-48fb-806c-c28d48031caf
2019-09-25 07:30:14,421 [Thread-1073] INFO  impl.RoleInfo (RoleInfo.java:shutdownLeaderState(104)) - 1a823cc7-99a6-4d64-9e33-d8d28813a5c6: shutdown LeaderState
2019-09-25 07:30:14,421 [ForkJoinPool.commonPool-worker-1] INFO  impl.RoleInfo (RoleInfo.java:shutdownLeaderState(104)) - 09afdf22-db9f-48fb-806c-c28d48031caf: shutdown LeaderState
2019-09-25 07:30:14,422 [Thread-1073] INFO  impl.PendingRequests (PendingRequests.java:sendNotLeaderResponses(202)) - 1a823cc7-99a6-4d64-9e33-d8d28813a5c6-PendingRequests: sendNotLeaderResponses
2019-09-25 07:30:14,422 [ForkJoinPool.commonPool-worker-1] INFO  impl.PendingRequests (PendingRequests.java:sendNotLeaderResponses(202)) - 09afdf22-db9f-48fb-806c-c28d48031caf-PendingRequests: sendNotLeaderResponses
2019-09-25 07:30:14,422 [Thread-1073] INFO  impl.StateMachineUpdater (StateMachineUpdater.java:stopAndJoin(125)) - 1a823cc7-99a6-4d64-9e33-d8d28813a5c6@group-62C6A22A588D-StateMachineUpdater: set stopIndex = 0
2019-09-25 07:30:14,423 [ForkJoinPool.commonPool-worker-1] INFO  impl.StateMachineUpdater (StateMachineUpdater.java:stopAndJoin(125)) - 09afdf22-db9f-48fb-806c-c28d48031caf@group-1A7C998A7E21-StateMachineUpdater: set stopIndex = 0
2019-09-25 07:30:14,423 [Thread-1073] INFO  impl.RaftServerImpl (ServerState.java:close(385)) - 1a823cc7-99a6-4d64-9e33-d8d28813a5c6@group-62C6A22A588D: closes. applyIndex: 0
2019-09-25 07:30:14,423 [ForkJoinPool.commonPool-worker-1] INFO  impl.RaftServerImpl (ServerState.java:close(385)) - 09afdf22-db9f-48fb-806c-c28d48031caf@group-1A7C998A7E21: closes. applyIndex: 0
2019-09-25 07:30:14,424 [1a823cc7-99a6-4d64-9e33-d8d28813a5c6@group-62C6A22A588D-SegmentedRaftLogWorker] INFO  segmented.SegmentedRaftLogWorker (SegmentedRaftLogWorker.java:run(313)) - 1a823cc7-99a6-4d64-9e33-d8d28813a5c6@group-62C6A22A588D-SegmentedRaftLogWorker was interrupted, exiting. There are 0 tasks remaining in the queue.
2019-09-25 07:30:14,424 [09afdf22-db9f-48fb-806c-c28d48031caf@group-1A7C998A7E21-SegmentedRaftLogWorker] INFO  segmented.SegmentedRaftLogWorker (SegmentedRaftLogWorker.java:run(313)) - 09afdf22-db9f-48fb-806c-c28d48031caf@group-1A7C998A7E21-SegmentedRaftLogWorker was interrupted, exiting. There are 0 tasks remaining in the queue.
2019-09-25 07:30:14,424 [Thread-1073] INFO  segmented.SegmentedRaftLogWorker (SegmentedRaftLogWorker.java:close(228)) - 1a823cc7-99a6-4d64-9e33-d8d28813a5c6@group-62C6A22A588D-SegmentedRaftLogWorker close()
2019-09-25 07:30:14,424 [ForkJoinPool.commonPool-worker-1] INFO  segmented.SegmentedRaftLogWorker (SegmentedRaftLogWorker.java:close(228)) - 09afdf22-db9f-48fb-806c-c28d48031caf@group-1A7C998A7E21-SegmentedRaftLogWorker close()
2019-09-25 07:30:14,424 [Thread-1073] INFO  impl.RaftServerImpl (RaftServerImpl.java:lambda$shutdown$3(251)) - 1a823cc7-99a6-4d64-9e33-d8d28813a5c6@group-E3E119BC3B23: shutdown
2019-09-25 07:30:14,425 [ForkJoinPool.commonPool-worker-1] INFO  impl.RaftServerImpl (RaftServerImpl.java:lambda$shutdown$3(251)) - 09afdf22-db9f-48fb-806c-c28d48031caf@group-C733043331FA: shutdown
2019-09-25 07:30:14,425 [Thread-1073] INFO  util.JmxRegister (JmxRegister.java:unregister(73)) - Successfully un-registered JMX Bean with object name Ratis:service=RaftServer,group=group-E3E119BC3B23,id=1a823cc7-99a6-4d64-9e33-d8d28813a5c6
2019-09-25 07:30:14,425 [ForkJoinPool.commonPool-worker-1] INFO  util.JmxRegister (JmxRegister.java:unregister(73)) - Successfully un-registered JMX Bean with object name Ratis:service=RaftServer,group=group-C733043331FA,id=09afdf22-db9f-48fb-806c-c28d48031caf
2019-09-25 07:30:14,426 [Thread-1073] INFO  impl.RoleInfo (RoleInfo.java:shutdownLeaderState(104)) - 1a823cc7-99a6-4d64-9e33-d8d28813a5c6: shutdown LeaderState
2019-09-25 07:30:14,426 [ForkJoinPool.commonPool-worker-1] INFO  impl.RoleInfo (RoleInfo.java:shutdownLeaderState(104)) - 09afdf22-db9f-48fb-806c-c28d48031caf: shutdown LeaderState
2019-09-25 07:30:14,426 [Thread-1073] INFO  impl.PendingRequests (PendingRequests.java:sendNotLeaderResponses(202)) - 1a823cc7-99a6-4d64-9e33-d8d28813a5c6-PendingRequests: sendNotLeaderResponses
2019-09-25 07:30:14,426 [ForkJoinPool.commonPool-worker-1] INFO  impl.PendingRequests (PendingRequests.java:sendNotLeaderResponses(202)) - 09afdf22-db9f-48fb-806c-c28d48031caf-PendingRequests: sendNotLeaderResponses
2019-09-25 07:30:14,427 [Thread-1073] INFO  impl.StateMachineUpdater (StateMachineUpdater.java:stopAndJoin(125)) - 1a823cc7-99a6-4d64-9e33-d8d28813a5c6@group-E3E119BC3B23-StateMachineUpdater: set stopIndex = 0
2019-09-25 07:30:14,427 [ForkJoinPool.commonPool-worker-1] INFO  impl.StateMachineUpdater (StateMachineUpdater.java:stopAndJoin(125)) - 09afdf22-db9f-48fb-806c-c28d48031caf@group-C733043331FA-StateMachineUpdater: set stopIndex = 0
2019-09-25 07:30:14,427 [Thread-1073] INFO  impl.RaftServerImpl (ServerState.java:close(385)) - 1a823cc7-99a6-4d64-9e33-d8d28813a5c6@group-E3E119BC3B23: closes. applyIndex: 0
2019-09-25 07:30:14,428 [ForkJoinPool.commonPool-worker-1] INFO  impl.RaftServerImpl (ServerState.java:close(385)) - 09afdf22-db9f-48fb-806c-c28d48031caf@group-C733043331FA: closes. applyIndex: 0
2019-09-25 07:30:14,428 [1a823cc7-99a6-4d64-9e33-d8d28813a5c6@group-E3E119BC3B23-SegmentedRaftLogWorker] INFO  segmented.SegmentedRaftLogWorker (SegmentedRaftLogWorker.java:run(313)) - 1a823cc7-99a6-4d64-9e33-d8d28813a5c6@group-E3E119BC3B23-SegmentedRaftLogWorker was interrupted, exiting. There are 0 tasks remaining in the queue.
2019-09-25 07:30:14,428 [09afdf22-db9f-48fb-806c-c28d48031caf@group-C733043331FA-SegmentedRaftLogWorker] INFO  segmented.SegmentedRaftLogWorker (SegmentedRaftLogWorker.java:run(313)) - 09afdf22-db9f-48fb-806c-c28d48031caf@group-C733043331FA-SegmentedRaftLogWorker was interrupted, exiting. There are 0 tasks remaining in the queue.
2019-09-25 07:30:14,429 [Thread-1073] INFO  segmented.SegmentedRaftLogWorker (SegmentedRaftLogWorker.java:close(228)) - 1a823cc7-99a6-4d64-9e33-d8d28813a5c6@group-E3E119BC3B23-SegmentedRaftLogWorker close()
2019-09-25 07:30:14,429 [ForkJoinPool.commonPool-worker-1] INFO  segmented.SegmentedRaftLogWorker (SegmentedRaftLogWorker.java:close(228)) - 09afdf22-db9f-48fb-806c-c28d48031caf@group-C733043331FA-SegmentedRaftLogWorker close()
2019-09-25 07:30:14,429 [Thread-1073] INFO  server.GrpcService (GrpcService.java:closeImpl(164)) - 1a823cc7-99a6-4d64-9e33-d8d28813a5c6: shutdown server with port 35382 now
2019-09-25 07:30:14,429 [ForkJoinPool.commonPool-worker-1] INFO  server.GrpcService (GrpcService.java:closeImpl(164)) - 09afdf22-db9f-48fb-806c-c28d48031caf: shutdown server with port 43048 now
2019-09-25 07:30:14,456 [Thread-1073] INFO  server.GrpcService (GrpcService.java:closeImpl(172)) - 1a823cc7-99a6-4d64-9e33-d8d28813a5c6: shutdown server with port 35382 successfully
2019-09-25 07:30:14,459 [ForkJoinPool.commonPool-worker-1] INFO  server.GrpcService (GrpcService.java:closeImpl(172)) - 09afdf22-db9f-48fb-806c-c28d48031caf: shutdown server with port 43048 successfully
2019-09-25 07:30:14,460 [refreshUsed-/workdir/hadoop-ozone/ozonefs/target/test-dir/MiniOzoneClusterImpl-57037ed3-0523-4bc8-ad5a-d167f12c453e/datanode-1/data/containers] WARN  fs.CachingGetSpaceUsed (CachingGetSpaceUsed.java:run(183)) - Thread Interrupted waiting to refresh disk information: sleep interrupted
2019-09-25 07:30:14,461 [refreshUsed-/workdir/hadoop-ozone/ozonefs/target/test-dir/MiniOzoneClusterImpl-57037ed3-0523-4bc8-ad5a-d167f12c453e/datanode-0/data/containers] WARN  fs.CachingGetSpaceUsed (CachingGetSpaceUsed.java:run(183)) - Thread Interrupted waiting to refresh disk information: sleep interrupted
2019-09-25 07:30:14,483 [Thread-1073] INFO  utils.BackgroundService (BackgroundService.java:shutdown(148)) - Shutting down service BlockDeletingService
2019-09-25 07:30:14,483 [ForkJoinPool.commonPool-worker-1] INFO  utils.BackgroundService (BackgroundService.java:shutdown(148)) - Shutting down service BlockDeletingService
2019-09-25 07:30:14,486 [Thread-1073] INFO  statemachine.DatanodeStateMachine (DatanodeStateMachine.java:stopDaemon(395)) - Ozone container server stopped.
2019-09-25 07:30:14,490 [ForkJoinPool.commonPool-worker-1] INFO  statemachine.DatanodeStateMachine (DatanodeStateMachine.java:stopDaemon(395)) - Ozone container server stopped.
2019-09-25 07:30:14,491 [8bae43e0-2827-4c89-a874-0343706896c0@group-0B49870D7971-SegmentedRaftLogWorker] INFO  segmented.SegmentedRaftLogWorker (SegmentedRaftLogWorker.java:execute(569)) - 8bae43e0-2827-4c89-a874-0343706896c0@group-0B49870D7971-SegmentedRaftLogWorker: created new log segment /workdir/hadoop-ozone/ozonefs/target/test-dir/MiniOzoneClusterImpl-57037ed3-0523-4bc8-ad5a-d167f12c453e/datanode-2/data/ratis/56e4db77-5840-40f7-a7db-0b49870d7971/current/log_inprogress_0
2019-09-25 07:30:14,503 [Thread-1073] INFO  handler.ContextHandler (ContextHandler.java:doStop(910)) - Stopped o.e.j.w.WebAppContext@bf9f94d{/,null,UNAVAILABLE}{/hddsDatanode}
2019-09-25 07:30:14,503 [ForkJoinPool.commonPool-worker-1] INFO  handler.ContextHandler (ContextHandler.java:doStop(910)) - Stopped o.e.j.w.WebAppContext@5cf0aca4{/,null,UNAVAILABLE}{/hddsDatanode}
2019-09-25 07:30:14,504 [Thread-1073] INFO  server.AbstractConnector (AbstractConnector.java:doStop(318)) - Stopped ServerConnector@6ed8b9c0{HTTP/1.1,[http/1.1]}{0.0.0.0:0}
2019-09-25 07:30:14,504 [ForkJoinPool.commonPool-worker-1] INFO  server.AbstractConnector (AbstractConnector.java:doStop(318)) - Stopped ServerConnector@772b6235{HTTP/1.1,[http/1.1]}{0.0.0.0:0}
2019-09-25 07:30:14,504 [Thread-1073] INFO  handler.ContextHandler (ContextHandler.java:doStop(910)) - Stopped o.e.j.s.ServletContextHandler@58ed58c{/static,jar:file:/home/user/.m2/repository/org/apache/hadoop/hadoop-hdds-container-service/0.5.0-SNAPSHOT/hadoop-hdds-container-service-0.5.0-SNAPSHOT.jar!/webapps/static,UNAVAILABLE}
2019-09-25 07:30:14,510 [ForkJoinPool.commonPool-worker-1] INFO  handler.ContextHandler (ContextHandler.java:doStop(910)) - Stopped o.e.j.s.ServletContextHandler@6cc9e56a{/static,jar:file:/home/user/.m2/repository/org/apache/hadoop/hadoop-hdds-container-service/0.5.0-SNAPSHOT/hadoop-hdds-container-service-0.5.0-SNAPSHOT.jar!/webapps/static,UNAVAILABLE}
2019-09-25 07:30:14,510 [Thread-1073] INFO  handler.ContextHandler (ContextHandler.java:doStop(910)) - Stopped o.e.j.s.ServletContextHandler@224a9a9e{/logs,file:///workdir/hadoop-ozone/ozonefs/target/log,UNAVAILABLE}
2019-09-25 07:30:14,511 [ForkJoinPool.commonPool-worker-1] INFO  handler.ContextHandler (ContextHandler.java:doStop(910)) - Stopped o.e.j.s.ServletContextHandler@5879b63{/logs,file:///workdir/hadoop-ozone/ozonefs/target/log,UNAVAILABLE}
2019-09-25 07:30:14,518 [Thread-1301] INFO  impl.FollowerState (FollowerState.java:run(106)) - 8bae43e0-2827-4c89-a874-0343706896c0:group-4408E637C8B8 changes to CANDIDATE, lastRpcTime:5181, electionTimeout:5181ms
2019-09-25 07:30:14,518 [Thread-1301] INFO  impl.RoleInfo (RoleInfo.java:shutdownFollowerState(121)) - 8bae43e0-2827-4c89-a874-0343706896c0: shutdown FollowerState
2019-09-25 07:30:14,518 [Thread-1301] INFO  impl.RaftServerImpl (RaftServerImpl.java:setRole(174)) - 8bae43e0-2827-4c89-a874-0343706896c0@group-4408E637C8B8: changes role from  FOLLOWER to CANDIDATE at term 0 for changeToCandidate
2019-09-25 07:30:14,518 [Thread-1301] INFO  impl.RoleInfo (RoleInfo.java:updateAndGet(143)) - 8bae43e0-2827-4c89-a874-0343706896c0: start LeaderElection
2019-09-25 07:30:14,542 [8bae43e0-2827-4c89-a874-0343706896c0@group-4408E637C8B8:LeaderElection88] INFO  impl.LeaderElection (LeaderElection.java:askForVotes(182)) - 8bae43e0-2827-4c89-a874-0343706896c0@group-4408E637C8B8:LeaderElection88: begin an election at term 1 for -1: [8bae43e0-2827-4c89-a874-0343706896c0:192.168.151.106:42902], old=null
2019-09-25 07:30:14,543 [8bae43e0-2827-4c89-a874-0343706896c0@group-4408E637C8B8:LeaderElection88] INFO  impl.RoleInfo (RoleInfo.java:shutdownLeaderElection(134)) - 8bae43e0-2827-4c89-a874-0343706896c0: shutdown LeaderElection
2019-09-25 07:30:14,543 [8bae43e0-2827-4c89-a874-0343706896c0@group-4408E637C8B8:LeaderElection88] INFO  impl.RaftServerImpl (RaftServerImpl.java:setRole(174)) - 8bae43e0-2827-4c89-a874-0343706896c0@group-4408E637C8B8: changes role from CANDIDATE to LEADER at term 1 for changeToLeader
2019-09-25 07:30:14,543 [8bae43e0-2827-4c89-a874-0343706896c0@group-4408E637C8B8:LeaderElection88] INFO  impl.RaftServerImpl (ServerState.java:setLeader(253)) - 8bae43e0-2827-4c89-a874-0343706896c0@group-4408E637C8B8: change Leader from null to 8bae43e0-2827-4c89-a874-0343706896c0 at term 1 for becomeLeader, leader elected after 5212ms
2019-09-25 07:30:14,543 [8bae43e0-2827-4c89-a874-0343706896c0@group-4408E637C8B8:LeaderElection88] INFO  server.RaftServerConfigKeys (ConfUtils.java:logGet(43)) - raft.server.staging.catchup.gap = 1000 (default)
2019-09-25 07:30:14,543 [8bae43e0-2827-4c89-a874-0343706896c0@group-4408E637C8B8:LeaderElection88] INFO  server.RaftServerConfigKeys (ConfUtils.java:logGet(43)) - raft.server.rpc.sleep.time = 25ms (default)
2019-09-25 07:30:14,543 [8bae43e0-2827-4c89-a874-0343706896c0@group-4408E637C8B8:LeaderElection88] INFO  server.RaftServerConfigKeys (ConfUtils.java:logGet(43)) - raft.server.write.element-limit = 4096 (default)
2019-09-25 07:30:14,543 [8bae43e0-2827-4c89-a874-0343706896c0@group-4408E637C8B8:LeaderElection88] INFO  server.RaftServerConfigKeys (ConfUtils.java:logGet(43)) - raft.server.watch.timeout = 10s (default)
2019-09-25 07:30:14,544 [8bae43e0-2827-4c89-a874-0343706896c0@group-4408E637C8B8:LeaderElection88] INFO  server.RaftServerConfigKeys (ConfUtils.java:logGet(43)) - raft.server.watch.timeout.denomination = 1s (default)
2019-09-25 07:30:14,544 [8bae43e0-2827-4c89-a874-0343706896c0@group-4408E637C8B8:LeaderElection88] INFO  server.RaftServerConfigKeys (ConfUtils.java:logGet(43)) - raft.server.watch.element-limit = 65536 (default)
2019-09-25 07:30:14,546 [8bae43e0-2827-4c89-a874-0343706896c0@group-4408E637C8B8:LeaderElection88] INFO  impl.RoleInfo (RoleInfo.java:updateAndGet(143)) - 8bae43e0-2827-4c89-a874-0343706896c0: start LeaderState
2019-09-25 07:30:14,546 [8bae43e0-2827-4c89-a874-0343706896c0@group-4408E637C8B8:LeaderElection88] INFO  segmented.SegmentedRaftLogWorker (SegmentedRaftLogWorker.java:startLogSegment(380)) - 8bae43e0-2827-4c89-a874-0343706896c0@group-4408E637C8B8-SegmentedRaftLogWorker: Starting segment from index:0
2019-09-25 07:30:14,547 [8bae43e0-2827-4c89-a874-0343706896c0@group-4408E637C8B8:LeaderElection88] INFO  impl.RaftServerImpl (ServerState.java:setRaftConf(354)) - 8bae43e0-2827-4c89-a874-0343706896c0@group-4408E637C8B8: set configuration 0: [8bae43e0-2827-4c89-a874-0343706896c0:192.168.151.106:42902], old=null at 0
2019-09-25 07:30:14,606 [8bae43e0-2827-4c89-a874-0343706896c0@group-4408E637C8B8-SegmentedRaftLogWorker] INFO  segmented.SegmentedRaftLogWorker (SegmentedRaftLogWorker.java:execute(569)) - 8bae43e0-2827-4c89-a874-0343706896c0@group-4408E637C8B8-SegmentedRaftLogWorker: created new log segment /workdir/hadoop-ozone/ozonefs/target/test-dir/MiniOzoneClusterImpl-57037ed3-0523-4bc8-ad5a-d167f12c453e/datanode-2/data/ratis/86d3f41d-e0c6-4266-9477-4408e637c8b8/current/log_inprogress_0
2019-09-25 07:30:15,184 [Datanode State Machine Thread - 0] INFO  statemachine.DatanodeStateMachine (DatanodeStateMachine.java:lambda$startDaemon$0(350)) - Ozone container server started.
2019-09-25 07:30:19,512 [Thread-1073] INFO  ozoneimpl.OzoneContainer (OzoneContainer.java:stop(231)) - Attempting to stop container services.
2019-09-25 07:30:19,513 [Thread-1073] INFO  impl.RaftServerProxy (RaftServerProxy.java:lambda$close$4(314)) - 8bae43e0-2827-4c89-a874-0343706896c0: close
2019-09-25 07:30:19,513 [Thread-1073] INFO  impl.RaftServerImpl (RaftServerImpl.java:lambda$shutdown$3(251)) - 8bae43e0-2827-4c89-a874-0343706896c0@group-56221E66DD99: shutdown
2019-09-25 07:30:19,513 [ForkJoinPool.commonPool-worker-0] INFO  impl.RaftServerImpl (RaftServerImpl.java:lambda$shutdown$3(251)) - 8bae43e0-2827-4c89-a874-0343706896c0@group-883D65A98287: shutdown
2019-09-25 07:30:19,514 [Thread-1073] INFO  util.JmxRegister (JmxRegister.java:unregister(73)) - Successfully un-registered JMX Bean with object name Ratis:service=RaftServer,group=group-56221E66DD99,id=8bae43e0-2827-4c89-a874-0343706896c0
2019-09-25 07:30:19,515 [Thread-1073] INFO  impl.RoleInfo (RoleInfo.java:shutdownLeaderState(104)) - 8bae43e0-2827-4c89-a874-0343706896c0: shutdown LeaderState
2019-09-25 07:30:19,514 [ForkJoinPool.commonPool-worker-0] INFO  util.JmxRegister (JmxRegister.java:unregister(73)) - Successfully un-registered JMX Bean with object name Ratis:service=RaftServer,group=group-883D65A98287,id=8bae43e0-2827-4c89-a874-0343706896c0
2019-09-25 07:30:19,515 [Thread-1073] INFO  impl.PendingRequests (PendingRequests.java:sendNotLeaderResponses(202)) - 8bae43e0-2827-4c89-a874-0343706896c0-PendingRequests: sendNotLeaderResponses
2019-09-25 07:30:19,515 [ForkJoinPool.commonPool-worker-0] INFO  impl.RoleInfo (RoleInfo.java:shutdownLeaderState(104)) - 8bae43e0-2827-4c89-a874-0343706896c0: shutdown LeaderState
2019-09-25 07:30:19,516 [Thread-1073] INFO  impl.StateMachineUpdater (StateMachineUpdater.java:stopAndJoin(125)) - 8bae43e0-2827-4c89-a874-0343706896c0@group-56221E66DD99-StateMachineUpdater: set stopIndex = 0
2019-09-25 07:30:19,516 [ForkJoinPool.commonPool-worker-0] INFO  impl.PendingRequests (PendingRequests.java:sendNotLeaderResponses(202)) - 8bae43e0-2827-4c89-a874-0343706896c0-PendingRequests: sendNotLeaderResponses
2019-09-25 07:30:19,516 [Thread-1073] INFO  impl.RaftServerImpl (ServerState.java:close(385)) - 8bae43e0-2827-4c89-a874-0343706896c0@group-56221E66DD99: closes. applyIndex: 0
2019-09-25 07:30:19,516 [ForkJoinPool.commonPool-worker-0] INFO  impl.StateMachineUpdater (StateMachineUpdater.java:stopAndJoin(125)) - 8bae43e0-2827-4c89-a874-0343706896c0@group-883D65A98287-StateMachineUpdater: set stopIndex = 0
2019-09-25 07:30:19,517 [8bae43e0-2827-4c89-a874-0343706896c0@group-56221E66DD99-SegmentedRaftLogWorker] INFO  segmented.SegmentedRaftLogWorker (SegmentedRaftLogWorker.java:run(313)) - 8bae43e0-2827-4c89-a874-0343706896c0@group-56221E66DD99-SegmentedRaftLogWorker was interrupted, exiting. There are 0 tasks remaining in the queue.
2019-09-25 07:30:19,517 [ForkJoinPool.commonPool-worker-0] INFO  impl.RaftServerImpl (ServerState.java:close(385)) - 8bae43e0-2827-4c89-a874-0343706896c0@group-883D65A98287: closes. applyIndex: 0
2019-09-25 07:30:19,517 [Thread-1073] INFO  segmented.SegmentedRaftLogWorker (SegmentedRaftLogWorker.java:close(228)) - 8bae43e0-2827-4c89-a874-0343706896c0@group-56221E66DD99-SegmentedRaftLogWorker close()
2019-09-25 07:30:19,517 [8bae43e0-2827-4c89-a874-0343706896c0@group-883D65A98287-SegmentedRaftLogWorker] INFO  segmented.SegmentedRaftLogWorker (SegmentedRaftLogWorker.java:run(313)) - 8bae43e0-2827-4c89-a874-0343706896c0@group-883D65A98287-SegmentedRaftLogWorker was interrupted, exiting. There are 0 tasks remaining in the queue.
2019-09-25 07:30:19,518 [Thread-1073] INFO  impl.RaftServerImpl (RaftServerImpl.java:lambda$shutdown$3(251)) - 8bae43e0-2827-4c89-a874-0343706896c0@group-81EEAB4F2BA3: shutdown
2019-09-25 07:30:19,518 [ForkJoinPool.commonPool-worker-0] INFO  segmented.SegmentedRaftLogWorker (SegmentedRaftLogWorker.java:close(228)) - 8bae43e0-2827-4c89-a874-0343706896c0@group-883D65A98287-SegmentedRaftLogWorker close()
2019-09-25 07:30:19,518 [Thread-1073] INFO  util.JmxRegister (JmxRegister.java:unregister(73)) - Successfully un-registered JMX Bean with object name Ratis:service=RaftServer,group=group-81EEAB4F2BA3,id=8bae43e0-2827-4c89-a874-0343706896c0
2019-09-25 07:30:19,519 [Thread-1073] INFO  impl.RoleInfo (RoleInfo.java:shutdownLeaderState(104)) - 8bae43e0-2827-4c89-a874-0343706896c0: shutdown LeaderState
2019-09-25 07:30:19,518 [ForkJoinPool.commonPool-worker-0] INFO  impl.RaftServerImpl (RaftServerImpl.java:lambda$shutdown$3(251)) - 8bae43e0-2827-4c89-a874-0343706896c0@group-1AD395A7C24E: shutdown
2019-09-25 07:30:19,519 [Thread-1073] INFO  impl.PendingRequests (PendingRequests.java:sendNotLeaderResponses(202)) - 8bae43e0-2827-4c89-a874-0343706896c0-PendingRequests: sendNotLeaderResponses
2019-09-25 07:30:19,519 [ForkJoinPool.commonPool-worker-0] INFO  util.JmxRegister (JmxRegister.java:unregister(73)) - Successfully un-registered JMX Bean with object name Ratis:service=RaftServer,group=group-1AD395A7C24E,id=8bae43e0-2827-4c89-a874-0343706896c0
2019-09-25 07:30:19,520 [Thread-1073] INFO  impl.StateMachineUpdater (StateMachineUpdater.java:stopAndJoin(125)) - 8bae43e0-2827-4c89-a874-0343706896c0@group-81EEAB4F2BA3-StateMachineUpdater: set stopIndex = 0
2019-09-25 07:30:19,520 [Thread-1073] INFO  impl.RaftServerImpl (ServerState.java:close(385)) - 8bae43e0-2827-4c89-a874-0343706896c0@group-81EEAB4F2BA3: closes. applyIndex: 0
2019-09-25 07:30:19,520 [ForkJoinPool.commonPool-worker-0] INFO  impl.RoleInfo (RoleInfo.java:shutdownLeaderState(104)) - 8bae43e0-2827-4c89-a874-0343706896c0: shutdown LeaderState
2019-09-25 07:30:19,521 [8bae43e0-2827-4c89-a874-0343706896c0@group-81EEAB4F2BA3-SegmentedRaftLogWorker] INFO  segmented.SegmentedRaftLogWorker (SegmentedRaftLogWorker.java:run(313)) - 8bae43e0-2827-4c89-a874-0343706896c0@group-81EEAB4F2BA3-SegmentedRaftLogWorker was interrupted, exiting. There are 0 tasks remaining in the queue.
2019-09-25 07:30:19,521 [ForkJoinPool.commonPool-worker-0] INFO  impl.PendingRequests (PendingRequests.java:sendNotLeaderResponses(202)) - 8bae43e0-2827-4c89-a874-0343706896c0-PendingRequests: sendNotLeaderResponses
2019-09-25 07:30:19,521 [Thread-1073] INFO  segmented.SegmentedRaftLogWorker (SegmentedRaftLogWorker.java:close(228)) - 8bae43e0-2827-4c89-a874-0343706896c0@group-81EEAB4F2BA3-SegmentedRaftLogWorker close()
2019-09-25 07:30:19,521 [ForkJoinPool.commonPool-worker-0] INFO  impl.StateMachineUpdater (StateMachineUpdater.java:stopAndJoin(125)) - 8bae43e0-2827-4c89-a874-0343706896c0@group-1AD395A7C24E-StateMachineUpdater: set stopIndex = 0
2019-09-25 07:30:19,521 [ForkJoinPool.commonPool-worker-0] INFO  impl.RaftServerImpl (ServerState.java:close(385)) - 8bae43e0-2827-4c89-a874-0343706896c0@group-1AD395A7C24E: closes. applyIndex: 0
2019-09-25 07:30:19,521 [Thread-1073] INFO  impl.RaftServerImpl (RaftServerImpl.java:lambda$shutdown$3(251)) - 8bae43e0-2827-4c89-a874-0343706896c0@group-4408E637C8B8: shutdown
2019-09-25 07:30:19,522 [8bae43e0-2827-4c89-a874-0343706896c0@group-1AD395A7C24E-SegmentedRaftLogWorker] INFO  segmented.SegmentedRaftLogWorker (SegmentedRaftLogWorker.java:run(313)) - 8bae43e0-2827-4c89-a874-0343706896c0@group-1AD395A7C24E-SegmentedRaftLogWorker was interrupted, exiting. There are 0 tasks remaining in the queue.
2019-09-25 07:30:19,522 [Thread-1073] INFO  util.JmxRegister (JmxRegister.java:unregister(73)) - Successfully un-registered JMX Bean with object name Ratis:service=RaftServer,group=group-4408E637C8B8,id=8bae43e0-2827-4c89-a874-0343706896c0
2019-09-25 07:30:19,522 [ForkJoinPool.commonPool-worker-0] INFO  segmented.SegmentedRaftLogWorker (SegmentedRaftLogWorker.java:close(228)) - 8bae43e0-2827-4c89-a874-0343706896c0@group-1AD395A7C24E-SegmentedRaftLogWorker close()
2019-09-25 07:30:19,523 [Thread-1073] INFO  impl.RoleInfo (RoleInfo.java:shutdownLeaderState(104)) - 8bae43e0-2827-4c89-a874-0343706896c0: shutdown LeaderState
2019-09-25 07:30:19,523 [ForkJoinPool.commonPool-worker-0] INFO  impl.RaftServerImpl (RaftServerImpl.java:lambda$shutdown$3(251)) - 8bae43e0-2827-4c89-a874-0343706896c0@group-0B49870D7971: shutdown
2019-09-25 07:30:19,523 [Thread-1073] INFO  impl.PendingRequests (PendingRequests.java:sendNotLeaderResponses(202)) - 8bae43e0-2827-4c89-a874-0343706896c0-PendingRequests: sendNotLeaderResponses
2019-09-25 07:30:19,523 [ForkJoinPool.commonPool-worker-0] INFO  util.JmxRegister (JmxRegister.java:unregister(73)) - Successfully un-registered JMX Bean with object name Ratis:service=RaftServer,group=group-0B49870D7971,id=8bae43e0-2827-4c89-a874-0343706896c0
2019-09-25 07:30:19,524 [Thread-1073] INFO  impl.StateMachineUpdater (StateMachineUpdater.java:stopAndJoin(125)) - 8bae43e0-2827-4c89-a874-0343706896c0@group-4408E637C8B8-StateMachineUpdater: set stopIndex = 0
2019-09-25 07:30:19,524 [Thread-1073] INFO  impl.RaftServerImpl (ServerState.java:close(385)) - 8bae43e0-2827-4c89-a874-0343706896c0@group-4408E637C8B8: closes. applyIndex: 0
2019-09-25 07:30:19,524 [ForkJoinPool.commonPool-worker-0] INFO  impl.RoleInfo (RoleInfo.java:shutdownLeaderState(104)) - 8bae43e0-2827-4c89-a874-0343706896c0: shutdown LeaderState
2019-09-25 07:30:19,524 [8bae43e0-2827-4c89-a874-0343706896c0@group-4408E637C8B8-SegmentedRaftLogWorker] INFO  segmented.SegmentedRaftLogWorker (SegmentedRaftLogWorker.java:run(313)) - 8bae43e0-2827-4c89-a874-0343706896c0@group-4408E637C8B8-SegmentedRaftLogWorker was interrupted, exiting. There are 0 tasks remaining in the queue.
2019-09-25 07:30:19,525 [ForkJoinPool.commonPool-worker-0] INFO  impl.PendingRequests (PendingRequests.java:sendNotLeaderResponses(202)) - 8bae43e0-2827-4c89-a874-0343706896c0-PendingRequests: sendNotLeaderResponses
2019-09-25 07:30:19,525 [Thread-1073] INFO  segmented.SegmentedRaftLogWorker (SegmentedRaftLogWorker.java:close(228)) - 8bae43e0-2827-4c89-a874-0343706896c0@group-4408E637C8B8-SegmentedRaftLogWorker close()
2019-09-25 07:30:19,525 [ForkJoinPool.commonPool-worker-0] INFO  impl.StateMachineUpdater (StateMachineUpdater.java:stopAndJoin(125)) - 8bae43e0-2827-4c89-a874-0343706896c0@group-0B49870D7971-StateMachineUpdater: set stopIndex = 0
2019-09-25 07:30:19,525 [ForkJoinPool.commonPool-worker-0] INFO  impl.RaftServerImpl (ServerState.java:close(385)) - 8bae43e0-2827-4c89-a874-0343706896c0@group-0B49870D7971: closes. applyIndex: 0
2019-09-25 07:30:19,526 [8bae43e0-2827-4c89-a874-0343706896c0@group-0B49870D7971-SegmentedRaftLogWorker] INFO  segmented.SegmentedRaftLogWorker (SegmentedRaftLogWorker.java:run(313)) - 8bae43e0-2827-4c89-a874-0343706896c0@group-0B49870D7971-SegmentedRaftLogWorker was interrupted, exiting. There are 0 tasks remaining in the queue.
2019-09-25 07:30:19,526 [ForkJoinPool.commonPool-worker-0] INFO  segmented.SegmentedRaftLogWorker (SegmentedRaftLogWorker.java:close(228)) - 8bae43e0-2827-4c89-a874-0343706896c0@group-0B49870D7971-SegmentedRaftLogWorker close()
2019-09-25 07:30:19,526 [Thread-1073] INFO  server.GrpcService (GrpcService.java:closeImpl(164)) - 8bae43e0-2827-4c89-a874-0343706896c0: shutdown server with port 42902 now
2019-09-25 07:30:19,529 [Thread-1073] INFO  server.GrpcService (GrpcService.java:closeImpl(172)) - 8bae43e0-2827-4c89-a874-0343706896c0: shutdown server with port 42902 successfully
2019-09-25 07:30:19,531 [refreshUsed-/workdir/hadoop-ozone/ozonefs/target/test-dir/MiniOzoneClusterImpl-57037ed3-0523-4bc8-ad5a-d167f12c453e/datanode-2/data/containers] WARN  fs.CachingGetSpaceUsed (CachingGetSpaceUsed.java:run(183)) - Thread Interrupted waiting to refresh disk information: sleep interrupted
2019-09-25 07:30:19,557 [Thread-1073] INFO  utils.BackgroundService (BackgroundService.java:shutdown(148)) - Shutting down service BlockDeletingService
2019-09-25 07:30:19,561 [Thread-1073] INFO  statemachine.DatanodeStateMachine (DatanodeStateMachine.java:stopDaemon(395)) - Ozone container server stopped.
2019-09-25 07:30:19,562 [Thread-1073] INFO  handler.ContextHandler (ContextHandler.java:doStop(910)) - Stopped o.e.j.w.WebAppContext@7a952e76{/,null,UNAVAILABLE}{/hddsDatanode}
2019-09-25 07:30:19,563 [Thread-1073] INFO  server.AbstractConnector (AbstractConnector.java:doStop(318)) - Stopped ServerConnector@6478428b{HTTP/1.1,[http/1.1]}{0.0.0.0:0}
2019-09-25 07:30:19,563 [Thread-1073] INFO  handler.ContextHandler (ContextHandler.java:doStop(910)) - Stopped o.e.j.s.ServletContextHandler@6962b91b{/static,jar:file:/home/user/.m2/repository/org/apache/hadoop/hadoop-hdds-container-service/0.5.0-SNAPSHOT/hadoop-hdds-container-service-0.5.0-SNAPSHOT.jar!/webapps/static,UNAVAILABLE}
2019-09-25 07:30:19,563 [Thread-1073] INFO  handler.ContextHandler (ContextHandler.java:doStop(910)) - Stopped o.e.j.s.ServletContextHandler@6903c33d{/logs,file:///workdir/hadoop-ozone/ozonefs/target/log,UNAVAILABLE}
2019-09-25 07:30:19,564 [Thread-1073] INFO  ozone.MiniOzoneClusterImpl (MiniOzoneClusterImpl.java:stopSCM(392)) - Stopping the StorageContainerManager
2019-09-25 07:30:19,564 [Thread-1073] INFO  server.StorageContainerManager (StorageContainerManager.java:stop(808)) - Stopping Replication Manager Service.
2019-09-25 07:30:19,564 [Thread-1073] INFO  container.ReplicationManager (ReplicationManager.java:stop(204)) - Stopping Replication Monitor Thread.
2019-09-25 07:30:19,564 [Thread-1073] INFO  server.StorageContainerManager (StorageContainerManager.java:stop(815)) - Stopping Lease Manager of the command watchers
2019-09-25 07:30:19,564 [Thread-1073] INFO  server.StorageContainerManager (StorageContainerManager.java:stop(822)) - Stopping datanode service RPC server
2019-09-25 07:30:19,565 [Thread-1073] INFO  server.SCMDatanodeProtocolServer (SCMDatanodeProtocolServer.java:stop(367)) - Stopping the RPC server for DataNodes
2019-09-25 07:30:19,565 [Thread-1073] INFO  ipc.Server (Server.java:stop(3082)) - Stopping server on 40245
2019-09-25 07:30:19,569 [IPC Server listener on 40245] INFO  ipc.Server (Server.java:run(1185)) - Stopping IPC Server listener on 40245
2019-09-25 07:30:19,569 [IPC Server Responder] INFO  ipc.Server (Server.java:run(1319)) - Stopping IPC Server Responder
2019-09-25 07:30:19,669 [SCM Heartbeat Processing Thread - 0] WARN  node.NodeStateManager (NodeStateManager.java:scheduleNextHealthCheck(655)) - Current Thread is interrupted, shutting down HB processing thread for Node Manager.
2019-09-25 07:30:19,670 [Thread-1073] INFO  server.StorageContainerManager (StorageContainerManager.java:stop(830)) - Stopping block service RPC server
2019-09-25 07:30:19,670 [Thread-1073] INFO  server.SCMBlockProtocolServer (SCMBlockProtocolServer.java:stop(155)) - Stopping the RPC server for Block Protocol
2019-09-25 07:30:19,671 [Thread-1073] INFO  ipc.Server (Server.java:stop(3082)) - Stopping server on 35020
2019-09-25 07:30:19,673 [IPC Server listener on 35020] INFO  ipc.Server (Server.java:run(1185)) - Stopping IPC Server listener on 35020
2019-09-25 07:30:19,673 [Thread-1073] INFO  server.StorageContainerManager (StorageContainerManager.java:stop(837)) - Stopping the StorageContainerLocationProtocol RPC server
2019-09-25 07:30:19,675 [Thread-1073] INFO  server.SCMClientProtocolServer (SCMClientProtocolServer.java:stop(159)) - Stopping the RPC server for Client Protocol
2019-09-25 07:30:19,673 [IPC Server Responder] INFO  ipc.Server (Server.java:run(1319)) - Stopping IPC Server Responder
2019-09-25 07:30:19,675 [Thread-1073] INFO  ipc.Server (Server.java:stop(3082)) - Stopping server on 45873
2019-09-25 07:30:19,677 [IPC Server listener on 45873] INFO  ipc.Server (Server.java:run(1185)) - Stopping IPC Server listener on 45873
2019-09-25 07:30:19,677 [Thread-1073] INFO  server.StorageContainerManager (StorageContainerManager.java:stop(844)) - Stopping Storage Container Manager HTTP server.
2019-09-25 07:30:19,677 [IPC Server Responder] INFO  ipc.Server (Server.java:run(1319)) - Stopping IPC Server Responder
2019-09-25 07:30:19,680 [Thread-1073] INFO  handler.ContextHandler (ContextHandler.java:doStop(910)) - Stopped o.e.j.w.WebAppContext@2eb1210c{/,null,UNAVAILABLE}{/scm}
2019-09-25 07:30:19,681 [Thread-1073] INFO  server.AbstractConnector (AbstractConnector.java:doStop(318)) - Stopped ServerConnector@55ad6457{HTTP/1.1,[http/1.1]}{0.0.0.0:0}
2019-09-25 07:30:19,682 [Thread-1073] INFO  handler.ContextHandler (ContextHandler.java:doStop(910)) - Stopped o.e.j.s.ServletContextHandler@6acfa004{/static,jar:file:/home/user/.m2/repository/org/apache/hadoop/hadoop-hdds-server-scm/0.5.0-SNAPSHOT/hadoop-hdds-server-scm-0.5.0-SNAPSHOT.jar!/webapps/static,UNAVAILABLE}
2019-09-25 07:30:19,682 [Thread-1073] INFO  handler.ContextHandler (ContextHandler.java:doStop(910)) - Stopped o.e.j.s.ServletContextHandler@2528aa81{/logs,file:///workdir/hadoop-ozone/ozonefs/target/log,UNAVAILABLE}
2019-09-25 07:30:19,683 [Thread-1073] INFO  server.StorageContainerManager (StorageContainerManager.java:stop(855)) - Stopping Block Manager Service.
2019-09-25 07:30:19,683 [Thread-1073] INFO  utils.BackgroundService (BackgroundService.java:shutdown(148)) - Shutting down service SCMBlockDeletingService
2019-09-25 07:30:19,684 [Thread-1073] INFO  utils.BackgroundService (BackgroundService.java:shutdown(148)) - Shutting down service SCMBlockDeletingService
2019-09-25 07:30:19,685 [Thread-1073] INFO  server.StorageContainerManager (StorageContainerManager.java:stop(877)) - Stopping SCM Event Queue.
2019-09-25 07:30:19,699 [Thread-1073] INFO  impl.MetricsSystemImpl (MetricsSystemImpl.java:stop(210)) - Stopping HddsDatanode metrics system...
2019-09-25 07:30:19,704 [Thread-1073] INFO  impl.MetricsSystemImpl (MetricsSystemImpl.java:stop(216)) - HddsDatanode metrics system stopped.
]]></system-out>
  </testcase>
  <testcase name="testDeleteCreatesFakeParentDir" classname="org.apache.hadoop.fs.ozone.TestOzoneFileSystem" time="17.423">
    <error message="Allocated 0 blocks. Requested 1 blocks" type="INTERNAL_ERROR org.apache.hadoop.ozone.om.exceptions.OMException">INTERNAL_ERROR org.apache.hadoop.ozone.om.exceptions.OMException: Allocated 0 blocks. Requested 1 blocks
	at org.apache.hadoop.ozone.om.protocolPB.OzoneManagerProtocolClientSideTranslatorPB.handleError(OzoneManagerProtocolClientSideTranslatorPB.java:732)
	at org.apache.hadoop.ozone.om.protocolPB.OzoneManagerProtocolClientSideTranslatorPB.createFile(OzoneManagerProtocolClientSideTranslatorPB.java:1536)
	at sun.reflect.NativeMethodAccessorImpl.invoke0(Native Method)
	at sun.reflect.NativeMethodAccessorImpl.invoke(NativeMethodAccessorImpl.java:62)
	at sun.reflect.DelegatingMethodAccessorImpl.invoke(DelegatingMethodAccessorImpl.java:43)
	at java.lang.reflect.Method.invoke(Method.java:498)
	at org.apache.hadoop.hdds.tracing.TraceAllMethod.invoke(TraceAllMethod.java:66)
	at com.sun.proxy.$Proxy38.createFile(Unknown Source)
	at org.apache.hadoop.ozone.client.rpc.RpcClient.createFile(RpcClient.java:1006)
	at org.apache.hadoop.ozone.client.OzoneBucket.createFile(OzoneBucket.java:537)
	at org.apache.hadoop.fs.ozone.BasicOzoneClientAdapterImpl.createFile(BasicOzoneClientAdapterImpl.java:205)
	at org.apache.hadoop.fs.ozone.BasicOzoneFileSystem.createOutputStream(BasicOzoneFileSystem.java:250)
	at org.apache.hadoop.fs.ozone.BasicOzoneFileSystem.create(BasicOzoneFileSystem.java:231)
	at org.apache.hadoop.fs.FileSystem.create(FileSystem.java:1118)
	at org.apache.hadoop.fs.FileSystem.create(FileSystem.java:1098)
	at org.apache.hadoop.fs.FileSystem.create(FileSystem.java:987)
	at org.apache.hadoop.fs.contract.ContractTestUtils.createFile(ContractTestUtils.java:633)
	at org.apache.hadoop.fs.contract.ContractTestUtils.touch(ContractTestUtils.java:669)
	at org.apache.hadoop.fs.ozone.TestOzoneFileSystem.testDeleteCreatesFakeParentDir(TestOzoneFileSystem.java:134)
	at sun.reflect.NativeMethodAccessorImpl.invoke0(Native Method)
	at sun.reflect.NativeMethodAccessorImpl.invoke(NativeMethodAccessorImpl.java:62)
	at sun.reflect.DelegatingMethodAccessorImpl.invoke(DelegatingMethodAccessorImpl.java:43)
	at java.lang.reflect.Method.invoke(Method.java:498)
	at org.junit.runners.model.FrameworkMethod$1.runReflectiveCall(FrameworkMethod.java:47)
	at org.junit.internal.runners.model.ReflectiveCallable.run(ReflectiveCallable.java:12)
	at org.junit.runners.model.FrameworkMethod.invokeExplosively(FrameworkMethod.java:44)
	at org.junit.internal.runners.statements.InvokeMethod.evaluate(InvokeMethod.java:17)
	at org.junit.internal.runners.statements.RunBefores.evaluate(RunBefores.java:26)
	at org.junit.internal.runners.statements.RunAfters.evaluate(RunAfters.java:27)
	at org.junit.internal.runners.statements.FailOnTimeout$StatementThread.run(FailOnTimeout.java:74)
</error>
    <system-out><![CDATA[2019-09-25 07:30:19,752 [Thread-1340] WARN  server.ServerUtils (ServerUtils.java:getScmDbDir(145)) - ozone.scm.db.dirs is not configured. We recommend adding this setting. Falling back to ozone.metadata.dirs instead.
2019-09-25 07:30:19,777 [Thread-1340] WARN  server.ServerUtils (ServerUtils.java:getScmDbDir(145)) - ozone.scm.db.dirs is not configured. We recommend adding this setting. Falling back to ozone.metadata.dirs instead.
2019-09-25 07:30:19,778 [Thread-1340] WARN  server.ServerUtils (ServerUtils.java:getScmDbDir(145)) - ozone.scm.db.dirs is not configured. We recommend adding this setting. Falling back to ozone.metadata.dirs instead.
2019-09-25 07:30:19,778 [Thread-1340] INFO  db.DBStoreBuilder (DBStoreBuilder.java:addTable(110)) - using custom profile for table: deletedBlocks
2019-09-25 07:30:19,778 [Thread-1340] INFO  db.DBStoreBuilder (DBStoreBuilder.java:processTables(161)) - Using default column profile:DBProfile.DISK for Table:deletedBlocks
2019-09-25 07:30:19,779 [Thread-1340] INFO  db.DBStoreBuilder (DBStoreBuilder.java:addTable(110)) - using custom profile for table: validCerts
2019-09-25 07:30:19,779 [Thread-1340] INFO  db.DBStoreBuilder (DBStoreBuilder.java:processTables(161)) - Using default column profile:DBProfile.DISK for Table:validCerts
2019-09-25 07:30:19,779 [Thread-1340] INFO  db.DBStoreBuilder (DBStoreBuilder.java:addTable(110)) - using custom profile for table: revokedCerts
2019-09-25 07:30:19,779 [Thread-1340] INFO  db.DBStoreBuilder (DBStoreBuilder.java:processTables(161)) - Using default column profile:DBProfile.DISK for Table:revokedCerts
2019-09-25 07:30:19,780 [Thread-1340] INFO  db.DBStoreBuilder (DBStoreBuilder.java:addTable(110)) - using custom profile for table: default
2019-09-25 07:30:19,780 [Thread-1340] INFO  db.DBStoreBuilder (DBStoreBuilder.java:processTables(167)) - Using default column profile:DBProfile.DISK for Table:default
2019-09-25 07:30:19,780 [Thread-1340] INFO  db.DBStoreBuilder (DBStoreBuilder.java:getDbProfile(198)) - Using default options. DBProfile.DISK
2019-09-25 07:30:20,053 [Thread-1340] INFO  net.NodeSchemaLoader (NodeSchemaLoader.java:loadSchemaFromFile(125)) - Loading file from sun.misc.CompoundEnumeration@28769cd7
2019-09-25 07:30:20,053 [Thread-1340] INFO  net.NodeSchemaLoader (NodeSchemaLoader.java:loadSchema(171)) - Loading network topology layer schema file
2019-09-25 07:30:20,058 [Thread-1340] WARN  server.ServerUtils (ServerUtils.java:sanitizeUserArgs(70)) - ozone.scm.stale.node.interval value = 300000 is larger than max = 100000 based on the key value of ozone.scm.heartbeat.thread.interval, reset to the max value 100000.
2019-09-25 07:30:20,058 [Thread-1340] WARN  server.ServerUtils (ServerUtils.java:sanitizeUserArgs(70)) - ozone.scm.stale.node.interval value = 300000 is larger than max = 100000 based on the key value of ozone.scm.heartbeat.thread.interval, reset to the max value 100000.
2019-09-25 07:30:20,059 [Thread-1340] INFO  node.SCMNodeManager (SCMNodeManager.java:<init>(114)) - Entering startup safe mode.
2019-09-25 07:30:20,059 [Thread-1340] INFO  algorithms.ContainerPlacementPolicyFactory (ContainerPlacementPolicyFactory.java:getPolicy(59)) - Create container placement policy of type org.apache.hadoop.hdds.scm.container.placement.algorithms.SCMContainerPlacementRandom
2019-09-25 07:30:20,060 [Thread-1340] WARN  server.ServerUtils (ServerUtils.java:getScmDbDir(145)) - ozone.scm.db.dirs is not configured. We recommend adding this setting. Falling back to ozone.metadata.dirs instead.
2019-09-25 07:30:20,162 [Thread-1340] INFO  pipeline.SCMPipelineManager (SCMPipelineManager.java:initializePipelineState(132)) - No pipeline exists in current db
2019-09-25 07:30:20,162 [Thread-1340] WARN  server.ServerUtils (ServerUtils.java:getScmDbDir(145)) - ozone.scm.db.dirs is not configured. We recommend adding this setting. Falling back to ozone.metadata.dirs instead.
2019-09-25 07:30:20,267 [Thread-1340] WARN  events.EventQueue (EventQueue.java:fireEvent(183)) - No event handler registered for event TypedEvent{payloadType=SafeModeStatus, name='SafeModeStatus'}
2019-09-25 07:30:20,268 [Thread-1340] INFO  ipc.CallQueueManager (CallQueueManager.java:<init>(84)) - Using callQueue: class java.util.concurrent.LinkedBlockingQueue, queueCapacity: 2000, scheduler: class org.apache.hadoop.ipc.DefaultRpcScheduler, ipcBackoff: false.
2019-09-25 07:30:20,269 [Socket Reader #1 for port 34628] INFO  ipc.Server (Server.java:run(1074)) - Starting Socket Reader #1 for port 34628
2019-09-25 07:30:20,271 [Thread-1340] INFO  ipc.CallQueueManager (CallQueueManager.java:<init>(84)) - Using callQueue: class java.util.concurrent.LinkedBlockingQueue, queueCapacity: 2000, scheduler: class org.apache.hadoop.ipc.DefaultRpcScheduler, ipcBackoff: false.
2019-09-25 07:30:20,272 [Socket Reader #1 for port 33714] INFO  ipc.Server (Server.java:run(1074)) - Starting Socket Reader #1 for port 33714
2019-09-25 07:30:20,274 [Thread-1340] INFO  ipc.CallQueueManager (CallQueueManager.java:<init>(84)) - Using callQueue: class java.util.concurrent.LinkedBlockingQueue, queueCapacity: 2000, scheduler: class org.apache.hadoop.ipc.DefaultRpcScheduler, ipcBackoff: false.
2019-09-25 07:30:20,275 [Socket Reader #1 for port 40512] INFO  ipc.Server (Server.java:run(1074)) - Starting Socket Reader #1 for port 40512
2019-09-25 07:30:20,281 [Thread-1340] INFO  hdfs.DFSUtil (DFSUtil.java:httpServerTemplateForNNAndJN(1641)) - Starting Web-server for scm at: http://0.0.0.0:0
2019-09-25 07:30:20,284 [Thread-1340] INFO  server.AuthenticationFilter (AuthenticationFilter.java:constructSecretProvider(240)) - Unable to initialize FileSignerSecretProvider, falling back to use random secrets.
2019-09-25 07:30:20,285 [Thread-1340] WARN  http.HttpRequestLog (HttpRequestLog.java:getRequestLog(97)) - Jetty request log can only be enabled using Log4j
2019-09-25 07:30:20,287 [Thread-1340] INFO  http.HttpServer2 (HttpServer2.java:addGlobalFilter(975)) - Added global filter 'safety' (class=org.apache.hadoop.http.HttpServer2$QuotingInputFilter)
2019-09-25 07:30:20,288 [Thread-1340] INFO  http.HttpServer2 (HttpServer2.java:addFilter(948)) - Added filter static_user_filter (class=org.apache.hadoop.http.lib.StaticUserWebFilter$StaticUserFilter) to context scm
2019-09-25 07:30:20,288 [Thread-1340] INFO  http.HttpServer2 (HttpServer2.java:addFilter(958)) - Added filter static_user_filter (class=org.apache.hadoop.http.lib.StaticUserWebFilter$StaticUserFilter) to context static
2019-09-25 07:30:20,288 [Thread-1340] INFO  http.HttpServer2 (HttpServer2.java:addFilter(958)) - Added filter static_user_filter (class=org.apache.hadoop.http.lib.StaticUserWebFilter$StaticUserFilter) to context logs
2019-09-25 07:30:20,290 [Thread-1340] INFO  server.StorageContainerManager (StorageContainerManager.java:start(770)) - StorageContainerLocationProtocol RPC server is listening at /0.0.0.0:40512
2019-09-25 07:30:20,293 [Thread-1340] WARN  impl.MetricsConfig (MetricsConfig.java:loadFirst(134)) - Cannot locate configuration: tried hadoop-metrics2-storagecontainermanager.properties,hadoop-metrics2.properties
2019-09-25 07:30:20,294 [Thread-1340] INFO  impl.MetricsSystemImpl (MetricsSystemImpl.java:startTimer(374)) - Scheduled Metric snapshot period at 10 second(s).
2019-09-25 07:30:20,294 [Thread-1340] INFO  impl.MetricsSystemImpl (MetricsSystemImpl.java:start(191)) - StorageContainerManager metrics system started
2019-09-25 07:30:20,414 [Thread-1340] WARN  impl.MetricsSystemImpl (MetricsSystemImpl.java:register(276)) - Sink prometheus already exists!
2019-09-25 07:30:20,457 [Thread-1340] INFO  server.SCMClientProtocolServer (SCMClientProtocolServer.java:start(151)) - RPC server for Client  is listening at /0.0.0.0:40512
2019-09-25 07:30:20,457 [IPC Server Responder] INFO  ipc.Server (Server.java:run(1314)) - IPC Server Responder: starting
2019-09-25 07:30:20,457 [IPC Server listener on 40512] INFO  ipc.Server (Server.java:run(1153)) - IPC Server listener on 40512: starting
2019-09-25 07:30:20,463 [Thread-1340] INFO  server.StorageContainerManager (StorageContainerManager.java:start(780)) - ScmBlockLocationProtocol RPC server is listening at /0.0.0.0:33714
2019-09-25 07:30:20,463 [Thread-1340] INFO  server.SCMBlockProtocolServer (SCMBlockProtocolServer.java:start(146)) - RPC server for Block Protocol is listening at /0.0.0.0:33714
2019-09-25 07:30:20,464 [IPC Server Responder] INFO  ipc.Server (Server.java:run(1314)) - IPC Server Responder: starting
2019-09-25 07:30:20,464 [IPC Server listener on 33714] INFO  ipc.Server (Server.java:run(1153)) - IPC Server listener on 33714: starting
2019-09-25 07:30:20,469 [Thread-1340] INFO  server.StorageContainerManager (StorageContainerManager.java:start(784)) - ScmDatanodeProtocl RPC server is listening at /0.0.0.0:34628
2019-09-25 07:30:20,469 [Thread-1340] INFO  server.SCMDatanodeProtocolServer (SCMDatanodeProtocolServer.java:start(191)) - RPC server for DataNodes is listening at /0.0.0.0:34628
2019-09-25 07:30:20,470 [IPC Server Responder] INFO  ipc.Server (Server.java:run(1314)) - IPC Server Responder: starting
2019-09-25 07:30:20,470 [IPC Server listener on 34628] INFO  ipc.Server (Server.java:run(1153)) - IPC Server listener on 34628: starting
2019-09-25 07:30:20,485 [Thread-1340] INFO  http.HttpServer2 (HttpServer2.java:bindListener(1191)) - Jetty bound to port 43751
2019-09-25 07:30:20,485 [Thread-1340] INFO  server.Server (Server.java:doStart(351)) - jetty-9.3.25.v20180904, build timestamp: 2018-09-04T21:11:46Z, git hash: 3ce520221d0240229c862b122d2b06c12a625732
2019-09-25 07:30:20,488 [Thread-1340] INFO  handler.ContextHandler (ContextHandler.java:doStart(781)) - Started o.e.j.s.ServletContextHandler@3f1fb31c{/logs,file:///workdir/hadoop-ozone/ozonefs/target/log,AVAILABLE}
2019-09-25 07:30:20,488 [Thread-1340] INFO  handler.ContextHandler (ContextHandler.java:doStart(781)) - Started o.e.j.s.ServletContextHandler@2f4981cb{/static,jar:file:/home/user/.m2/repository/org/apache/hadoop/hadoop-hdds-server-scm/0.5.0-SNAPSHOT/hadoop-hdds-server-scm-0.5.0-SNAPSHOT.jar!/webapps/static,AVAILABLE}
2019-09-25 07:30:20,555 [Thread-1340] INFO  handler.ContextHandler (ContextHandler.java:doStart(781)) - Started o.e.j.w.WebAppContext@224d15d0{/,file:///tmp/jetty-0.0.0.0-43751-scm-_-any-521113521233853473.dir/webapp/,AVAILABLE}{/scm}
2019-09-25 07:30:20,556 [Thread-1340] INFO  server.AbstractConnector (AbstractConnector.java:doStart(278)) - Started ServerConnector@16565e2e{HTTP/1.1,[http/1.1]}{0.0.0.0:43751}
2019-09-25 07:30:20,557 [Thread-1340] INFO  server.Server (Server.java:doStart(419)) - Started @93228ms
2019-09-25 07:30:20,557 [Thread-1340] WARN  impl.MetricsSystemImpl (MetricsSystemImpl.java:register(276)) - Sink prometheus already exists!
2019-09-25 07:30:20,558 [Thread-1340] INFO  server.BaseHttpServer (BaseHttpServer.java:updateConnectorAddress(215)) - HTTP server of SCM is listening at http://0.0.0.0:43751
2019-09-25 07:30:20,560 [Thread-1340] WARN  server.ServerUtils (ServerUtils.java:getDBPath(222)) - ozone.om.db.dirs is not configured. We recommend adding this setting. Falling back to ozone.metadata.dirs instead.
2019-09-25 07:30:20,561 [org.apache.hadoop.util.JvmPauseMonitor$Monitor@734c91c4] INFO  util.JvmPauseMonitor (JvmPauseMonitor.java:run(188)) - Starting JVM pause monitor
2019-09-25 07:30:20,586 [Thread-1340] WARN  server.ServerUtils (ServerUtils.java:getDBPath(222)) - ozone.om.db.dirs is not configured. We recommend adding this setting. Falling back to ozone.metadata.dirs instead.
2019-09-25 07:30:20,586 [Thread-1340] WARN  server.ServerUtils (ServerUtils.java:getDBPath(222)) - ozone.om.db.dirs is not configured. We recommend adding this setting. Falling back to ozone.metadata.dirs instead.
2019-09-25 07:30:20,586 [Thread-1340] INFO  om.OzoneManager (OzoneManager.java:setOMNodeDetails(652)) - OM Service ID is not set. Setting it to the default ID: omServiceIdDefault
2019-09-25 07:30:20,587 [Thread-1340] INFO  om.OzoneManager (OzoneManager.java:setOMNodeDetails(658)) - OM Node ID is not set. Setting it to the OmStorage's OmID: 6355573e-7c5b-416e-a713-648666e7ab73
2019-09-25 07:30:20,587 [Thread-1340] INFO  om.OzoneManager (OzoneManager.java:loadOMHAConfigs(609)) - Found matching OM address with OMServiceId: null, OMNodeId: null, RPC Address: localhost:0 and Ratis port: 9872
2019-09-25 07:30:20,604 [Thread-1340] WARN  server.ServerUtils (ServerUtils.java:getDBPath(222)) - ozone.om.db.dirs is not configured. We recommend adding this setting. Falling back to ozone.metadata.dirs instead.
2019-09-25 07:30:20,605 [Thread-1340] INFO  db.DBStoreBuilder (DBStoreBuilder.java:addTable(110)) - using custom profile for table: userTable
2019-09-25 07:30:20,605 [Thread-1340] INFO  db.DBStoreBuilder (DBStoreBuilder.java:processTables(161)) - Using default column profile:DBProfile.DISK for Table:userTable
2019-09-25 07:30:20,605 [Thread-1340] INFO  db.DBStoreBuilder (DBStoreBuilder.java:addTable(110)) - using custom profile for table: volumeTable
2019-09-25 07:30:20,605 [Thread-1340] INFO  db.DBStoreBuilder (DBStoreBuilder.java:processTables(161)) - Using default column profile:DBProfile.DISK for Table:volumeTable
2019-09-25 07:30:20,605 [Thread-1340] INFO  db.DBStoreBuilder (DBStoreBuilder.java:addTable(110)) - using custom profile for table: bucketTable
2019-09-25 07:30:20,606 [Thread-1340] INFO  db.DBStoreBuilder (DBStoreBuilder.java:processTables(161)) - Using default column profile:DBProfile.DISK for Table:bucketTable
2019-09-25 07:30:20,606 [Thread-1340] INFO  db.DBStoreBuilder (DBStoreBuilder.java:addTable(110)) - using custom profile for table: keyTable
2019-09-25 07:30:20,606 [Thread-1340] INFO  db.DBStoreBuilder (DBStoreBuilder.java:processTables(161)) - Using default column profile:DBProfile.DISK for Table:keyTable
2019-09-25 07:30:20,606 [Thread-1340] INFO  db.DBStoreBuilder (DBStoreBuilder.java:addTable(110)) - using custom profile for table: deletedTable
2019-09-25 07:30:20,606 [Thread-1340] INFO  db.DBStoreBuilder (DBStoreBuilder.java:processTables(161)) - Using default column profile:DBProfile.DISK for Table:deletedTable
2019-09-25 07:30:20,607 [Thread-1340] INFO  db.DBStoreBuilder (DBStoreBuilder.java:addTable(110)) - using custom profile for table: openKeyTable
2019-09-25 07:30:20,607 [Thread-1340] INFO  db.DBStoreBuilder (DBStoreBuilder.java:processTables(161)) - Using default column profile:DBProfile.DISK for Table:openKeyTable
2019-09-25 07:30:20,607 [Thread-1340] INFO  db.DBStoreBuilder (DBStoreBuilder.java:addTable(110)) - using custom profile for table: s3Table
2019-09-25 07:30:20,607 [Thread-1340] INFO  db.DBStoreBuilder (DBStoreBuilder.java:processTables(161)) - Using default column profile:DBProfile.DISK for Table:s3Table
2019-09-25 07:30:20,607 [Thread-1340] INFO  db.DBStoreBuilder (DBStoreBuilder.java:addTable(110)) - using custom profile for table: multipartInfoTable
2019-09-25 07:30:20,608 [Thread-1340] INFO  db.DBStoreBuilder (DBStoreBuilder.java:processTables(161)) - Using default column profile:DBProfile.DISK for Table:multipartInfoTable
2019-09-25 07:30:20,608 [Thread-1340] INFO  db.DBStoreBuilder (DBStoreBuilder.java:addTable(110)) - using custom profile for table: dTokenTable
2019-09-25 07:30:20,608 [Thread-1340] INFO  db.DBStoreBuilder (DBStoreBuilder.java:processTables(161)) - Using default column profile:DBProfile.DISK for Table:dTokenTable
2019-09-25 07:30:20,608 [Thread-1340] INFO  db.DBStoreBuilder (DBStoreBuilder.java:addTable(110)) - using custom profile for table: s3SecretTable
2019-09-25 07:30:20,608 [Thread-1340] INFO  db.DBStoreBuilder (DBStoreBuilder.java:processTables(161)) - Using default column profile:DBProfile.DISK for Table:s3SecretTable
2019-09-25 07:30:20,609 [Thread-1340] INFO  db.DBStoreBuilder (DBStoreBuilder.java:addTable(110)) - using custom profile for table: prefixTable
2019-09-25 07:30:20,609 [Thread-1340] INFO  db.DBStoreBuilder (DBStoreBuilder.java:processTables(161)) - Using default column profile:DBProfile.DISK for Table:prefixTable
2019-09-25 07:30:20,609 [Thread-1340] INFO  db.DBStoreBuilder (DBStoreBuilder.java:addTable(110)) - using custom profile for table: default
2019-09-25 07:30:20,609 [Thread-1340] INFO  db.DBStoreBuilder (DBStoreBuilder.java:processTables(167)) - Using default column profile:DBProfile.DISK for Table:default
2019-09-25 07:30:20,609 [Thread-1340] INFO  db.DBStoreBuilder (DBStoreBuilder.java:getDbProfile(198)) - Using default options. DBProfile.DISK
2019-09-25 07:30:21,331 [Thread-1340] INFO  ipc.CallQueueManager (CallQueueManager.java:<init>(84)) - Using callQueue: class java.util.concurrent.LinkedBlockingQueue, queueCapacity: 2000, scheduler: class org.apache.hadoop.ipc.DefaultRpcScheduler, ipcBackoff: false.
2019-09-25 07:30:21,333 [Socket Reader #1 for port 45693] INFO  ipc.Server (Server.java:run(1074)) - Starting Socket Reader #1 for port 45693
2019-09-25 07:30:21,365 [Thread-1340] INFO  om.OzoneManager (OzoneManager.java:start(1243)) - OzoneManager RPC server is listening at localhost/127.0.0.1:45693
2019-09-25 07:30:21,366 [Thread-1340] INFO  impl.MetricsSystemImpl (MetricsSystemImpl.java:init(158)) - OzoneManager metrics system started (again)
2019-09-25 07:30:21,366 [IPC Server Responder] INFO  ipc.Server (Server.java:run(1314)) - IPC Server Responder: starting
2019-09-25 07:30:21,367 [IPC Server listener on 45693] INFO  ipc.Server (Server.java:run(1153)) - IPC Server listener on 45693: starting
2019-09-25 07:30:21,374 [Thread-1340] INFO  hdfs.DFSUtil (DFSUtil.java:httpServerTemplateForNNAndJN(1641)) - Starting Web-server for ozoneManager at: http://0.0.0.0:0
2019-09-25 07:30:21,377 [Thread-1340] INFO  server.AuthenticationFilter (AuthenticationFilter.java:constructSecretProvider(240)) - Unable to initialize FileSignerSecretProvider, falling back to use random secrets.
2019-09-25 07:30:21,378 [Thread-1340] WARN  http.HttpRequestLog (HttpRequestLog.java:getRequestLog(97)) - Jetty request log can only be enabled using Log4j
2019-09-25 07:30:21,381 [Thread-1340] INFO  http.HttpServer2 (HttpServer2.java:addGlobalFilter(975)) - Added global filter 'safety' (class=org.apache.hadoop.http.HttpServer2$QuotingInputFilter)
2019-09-25 07:30:21,382 [Thread-1340] INFO  http.HttpServer2 (HttpServer2.java:addFilter(948)) - Added filter static_user_filter (class=org.apache.hadoop.http.lib.StaticUserWebFilter$StaticUserFilter) to context ozoneManager
2019-09-25 07:30:21,382 [Thread-1340] INFO  http.HttpServer2 (HttpServer2.java:addFilter(958)) - Added filter static_user_filter (class=org.apache.hadoop.http.lib.StaticUserWebFilter$StaticUserFilter) to context logs
2019-09-25 07:30:21,382 [Thread-1340] INFO  http.HttpServer2 (HttpServer2.java:addFilter(958)) - Added filter static_user_filter (class=org.apache.hadoop.http.lib.StaticUserWebFilter$StaticUserFilter) to context static
2019-09-25 07:30:21,383 [Thread-1340] INFO  http.HttpServer2 (HttpServer2.java:bindListener(1191)) - Jetty bound to port 35679
2019-09-25 07:30:21,383 [Thread-1340] INFO  server.Server (Server.java:doStart(351)) - jetty-9.3.25.v20180904, build timestamp: 2018-09-04T21:11:46Z, git hash: 3ce520221d0240229c862b122d2b06c12a625732
2019-09-25 07:30:21,386 [Thread-1340] INFO  handler.ContextHandler (ContextHandler.java:doStart(781)) - Started o.e.j.s.ServletContextHandler@56471887{/logs,file:///workdir/hadoop-ozone/ozonefs/target/log,AVAILABLE}
2019-09-25 07:30:21,386 [Thread-1340] INFO  handler.ContextHandler (ContextHandler.java:doStart(781)) - Started o.e.j.s.ServletContextHandler@11c0c7fc{/static,jar:file:/home/user/.m2/repository/org/apache/hadoop/hadoop-ozone-ozone-manager/0.5.0-SNAPSHOT/hadoop-ozone-ozone-manager-0.5.0-SNAPSHOT.jar!/webapps/static,AVAILABLE}
2019-09-25 07:30:21,453 [Thread-1340] INFO  handler.ContextHandler (ContextHandler.java:doStart(781)) - Started o.e.j.w.WebAppContext@5ef25745{/,file:///tmp/jetty-0.0.0.0-35679-ozoneManager-_-any-7821755300001138254.dir/webapp/,AVAILABLE}{/ozoneManager}
2019-09-25 07:30:21,454 [Thread-1340] INFO  server.AbstractConnector (AbstractConnector.java:doStart(278)) - Started ServerConnector@189f7758{HTTP/1.1,[http/1.1]}{0.0.0.0:35679}
2019-09-25 07:30:21,455 [Thread-1340] INFO  server.Server (Server.java:doStart(419)) - Started @94126ms
2019-09-25 07:30:21,455 [Thread-1340] WARN  impl.MetricsSystemImpl (MetricsSystemImpl.java:register(276)) - Sink prometheus already exists!
2019-09-25 07:30:21,456 [Thread-1340] INFO  server.BaseHttpServer (BaseHttpServer.java:updateConnectorAddress(215)) - HTTP server of OZONEMANAGER is listening at http://0.0.0.0:35679
2019-09-25 07:30:21,465 [Thread-1340] INFO  impl.MetricsSystemImpl (MetricsSystemImpl.java:init(158)) - HddsDatanode metrics system started (again)
2019-09-25 07:30:21,469 [Thread-1340] INFO  ozone.HddsDatanodeService (HddsDatanodeService.java:start(184)) - HddsDatanodeService host:pr-hdds-1569-x2sr2-3486766547 ip:192.168.151.106
2019-09-25 07:30:21,476 [Thread-1340] INFO  volume.HddsVolume (HddsVolume.java:<init>(176)) - Creating Volume: /workdir/hadoop-ozone/ozonefs/target/test-dir/MiniOzoneClusterImpl-d5bff4f9-f30c-4d12-b02b-d1d52f4107cc/datanode-0/data/containers/hdds of  storage type : DISK and capacity : 1482555576320
2019-09-25 07:30:21,477 [Thread-1340] INFO  volume.VolumeSet (VolumeSet.java:initializeVolumeSet(170)) - Added Volume : /workdir/hadoop-ozone/ozonefs/target/test-dir/MiniOzoneClusterImpl-d5bff4f9-f30c-4d12-b02b-d1d52f4107cc/datanode-0/data/containers/hdds to VolumeSet
2019-09-25 07:30:21,477 [Thread-1340] INFO  volume.ThrottledAsyncChecker (ThrottledAsyncChecker.java:schedule(139)) - Scheduling a check for org.apache.hadoop.ozone.container.common.volume.HddsVolume@1e9a2505
2019-09-25 07:30:21,477 [Thread-1340] INFO  volume.HddsVolumeChecker (HddsVolumeChecker.java:checkAllVolumes(202)) - Scheduled health check for volume org.apache.hadoop.ozone.container.common.volume.HddsVolume@1e9a2505
2019-09-25 07:30:21,501 [Thread-1340] INFO  impl.RaftServerProxy (ConfUtils.java:logGet(43)) - raft.rpc.type = GRPC (default)
2019-09-25 07:30:21,501 [Thread-1340] INFO  grpc.GrpcFactory (GrpcFactory.java:checkPooledByteBufAllocatorUseCacheForAllThreads(45)) - PERFORMANCE WARNING: useCacheForAllThreads is true that may cause Netty to create a lot garbage objects and, as a result, trigger GC.
	It is recommended to disable useCacheForAllThreads by setting -Dorg.apache.ratis.thirdparty.io.netty.allocator.useCacheForAllThreads=false in command line.
2019-09-25 07:30:21,501 [Thread-1340] INFO  grpc.GrpcConfigKeys$Server (ConfUtils.java:logGet(43)) - raft.grpc.server.port = 0 (default)
2019-09-25 07:30:21,502 [Thread-1340] INFO  server.GrpcService (ConfUtils.java:logGet(43)) - raft.grpc.message.size.max = 33570816 (custom)
2019-09-25 07:30:21,502 [Thread-1340] INFO  server.RaftServerConfigKeys (ConfUtils.java:logGet(43)) - raft.server.log.appender.buffer.byte-limit = 33554432 (custom)
2019-09-25 07:30:21,502 [Thread-1340] INFO  server.GrpcService (ConfUtils.java:logGet(43)) - raft.grpc.flow.control.window = 1MB (=1048576) (default)
2019-09-25 07:30:21,502 [Thread-1340] INFO  server.RaftServerConfigKeys (ConfUtils.java:logGet(43)) - raft.server.rpc.request.timeout = 3000ms (default)
2019-09-25 07:30:21,503 [Thread-1340] INFO  server.RaftServerConfigKeys (ConfUtils.java:logGet(43)) - raft.server.storage.dir = [/workdir/hadoop-ozone/ozonefs/target/test-dir/MiniOzoneClusterImpl-d5bff4f9-f30c-4d12-b02b-d1d52f4107cc/datanode-0/data/ratis] (custom)
2019-09-25 07:30:21,505 [Thread-1340] INFO  hdfs.DFSUtil (DFSUtil.java:httpServerTemplateForNNAndJN(1641)) - Starting Web-server for hddsDatanode at: http://0.0.0.0:0
2019-09-25 07:30:21,507 [Thread-1340] INFO  server.AuthenticationFilter (AuthenticationFilter.java:constructSecretProvider(240)) - Unable to initialize FileSignerSecretProvider, falling back to use random secrets.
2019-09-25 07:30:21,507 [Thread-1340] WARN  http.HttpRequestLog (HttpRequestLog.java:getRequestLog(97)) - Jetty request log can only be enabled using Log4j
2019-09-25 07:30:21,509 [Thread-1340] INFO  http.HttpServer2 (HttpServer2.java:addGlobalFilter(975)) - Added global filter 'safety' (class=org.apache.hadoop.http.HttpServer2$QuotingInputFilter)
2019-09-25 07:30:21,509 [Thread-1340] INFO  http.HttpServer2 (HttpServer2.java:addFilter(948)) - Added filter static_user_filter (class=org.apache.hadoop.http.lib.StaticUserWebFilter$StaticUserFilter) to context hddsDatanode
2019-09-25 07:30:21,509 [Thread-1340] INFO  http.HttpServer2 (HttpServer2.java:addFilter(958)) - Added filter static_user_filter (class=org.apache.hadoop.http.lib.StaticUserWebFilter$StaticUserFilter) to context static
2019-09-25 07:30:21,509 [Thread-1340] INFO  http.HttpServer2 (HttpServer2.java:addFilter(958)) - Added filter static_user_filter (class=org.apache.hadoop.http.lib.StaticUserWebFilter$StaticUserFilter) to context logs
2019-09-25 07:30:21,510 [Thread-1340] INFO  http.HttpServer2 (HttpServer2.java:bindListener(1191)) - Jetty bound to port 44984
2019-09-25 07:30:21,510 [Thread-1340] INFO  server.Server (Server.java:doStart(351)) - jetty-9.3.25.v20180904, build timestamp: 2018-09-04T21:11:46Z, git hash: 3ce520221d0240229c862b122d2b06c12a625732
2019-09-25 07:30:21,512 [Thread-1340] INFO  handler.ContextHandler (ContextHandler.java:doStart(781)) - Started o.e.j.s.ServletContextHandler@293a5f55{/logs,file:///workdir/hadoop-ozone/ozonefs/target/log,AVAILABLE}
2019-09-25 07:30:21,512 [Thread-1340] INFO  handler.ContextHandler (ContextHandler.java:doStart(781)) - Started o.e.j.s.ServletContextHandler@6b6f8f7b{/static,jar:file:/home/user/.m2/repository/org/apache/hadoop/hadoop-hdds-container-service/0.5.0-SNAPSHOT/hadoop-hdds-container-service-0.5.0-SNAPSHOT.jar!/webapps/static,AVAILABLE}
2019-09-25 07:30:21,541 [Thread-1340] INFO  handler.ContextHandler (ContextHandler.java:doStart(781)) - Started o.e.j.w.WebAppContext@cce7069{/,file:///tmp/jetty-0.0.0.0-44984-hddsDatanode-_-any-7364733566197267091.dir/webapp/,AVAILABLE}{/hddsDatanode}
2019-09-25 07:30:21,541 [Thread-1340] INFO  server.AbstractConnector (AbstractConnector.java:doStart(278)) - Started ServerConnector@56d901f{HTTP/1.1,[http/1.1]}{0.0.0.0:44984}
2019-09-25 07:30:21,543 [Thread-1340] INFO  server.Server (Server.java:doStart(419)) - Started @94214ms
2019-09-25 07:30:21,543 [Thread-1340] WARN  impl.MetricsSystemImpl (MetricsSystemImpl.java:register(276)) - Sink prometheus already exists!
2019-09-25 07:30:21,544 [Thread-1340] INFO  server.BaseHttpServer (BaseHttpServer.java:updateConnectorAddress(215)) - HTTP server of HDDSDATANODE is listening at http://0.0.0.0:44984
2019-09-25 07:30:21,544 [Thread-1340] INFO  impl.MetricsSystemImpl (MetricsSystemImpl.java:init(158)) - HddsDatanode metrics system started (again)
2019-09-25 07:30:21,548 [Thread-1340] INFO  ozone.HddsDatanodeService (HddsDatanodeService.java:start(184)) - HddsDatanodeService host:pr-hdds-1569-x2sr2-3486766547 ip:192.168.151.106
2019-09-25 07:30:21,548 [org.apache.hadoop.util.JvmPauseMonitor$Monitor@13c6fc68] INFO  util.JvmPauseMonitor (JvmPauseMonitor.java:run(188)) - Starting JVM pause monitor
2019-09-25 07:30:21,555 [Thread-1340] INFO  volume.HddsVolume (HddsVolume.java:<init>(176)) - Creating Volume: /workdir/hadoop-ozone/ozonefs/target/test-dir/MiniOzoneClusterImpl-d5bff4f9-f30c-4d12-b02b-d1d52f4107cc/datanode-1/data/containers/hdds of  storage type : DISK and capacity : 1482555576320
2019-09-25 07:30:21,555 [Thread-1340] INFO  volume.VolumeSet (VolumeSet.java:initializeVolumeSet(170)) - Added Volume : /workdir/hadoop-ozone/ozonefs/target/test-dir/MiniOzoneClusterImpl-d5bff4f9-f30c-4d12-b02b-d1d52f4107cc/datanode-1/data/containers/hdds to VolumeSet
2019-09-25 07:30:21,555 [Thread-1340] INFO  volume.ThrottledAsyncChecker (ThrottledAsyncChecker.java:schedule(139)) - Scheduling a check for org.apache.hadoop.ozone.container.common.volume.HddsVolume@29adcc63
2019-09-25 07:30:21,555 [Datanode State Machine Thread - 0] INFO  datanode.InitDatanodeState (InitDatanodeState.java:persistContainerDatanodeDetails(140)) - DatanodeDetails is persisted to /workdir/hadoop-ozone/ozonefs/target/test-dir/MiniOzoneClusterImpl-d5bff4f9-f30c-4d12-b02b-d1d52f4107cc/datanode-0/meta/datanode.id
2019-09-25 07:30:21,556 [Thread-1340] INFO  volume.HddsVolumeChecker (HddsVolumeChecker.java:checkAllVolumes(202)) - Scheduled health check for volume org.apache.hadoop.ozone.container.common.volume.HddsVolume@29adcc63
2019-09-25 07:30:21,574 [Thread-1340] INFO  impl.RaftServerProxy (ConfUtils.java:logGet(43)) - raft.rpc.type = GRPC (default)
2019-09-25 07:30:21,575 [Thread-1340] INFO  grpc.GrpcFactory (GrpcFactory.java:checkPooledByteBufAllocatorUseCacheForAllThreads(45)) - PERFORMANCE WARNING: useCacheForAllThreads is true that may cause Netty to create a lot garbage objects and, as a result, trigger GC.
	It is recommended to disable useCacheForAllThreads by setting -Dorg.apache.ratis.thirdparty.io.netty.allocator.useCacheForAllThreads=false in command line.
2019-09-25 07:30:21,575 [Thread-1340] INFO  grpc.GrpcConfigKeys$Server (ConfUtils.java:logGet(43)) - raft.grpc.server.port = 0 (default)
2019-09-25 07:30:21,575 [Thread-1340] INFO  server.GrpcService (ConfUtils.java:logGet(43)) - raft.grpc.message.size.max = 33570816 (custom)
2019-09-25 07:30:21,575 [Thread-1340] INFO  server.RaftServerConfigKeys (ConfUtils.java:logGet(43)) - raft.server.log.appender.buffer.byte-limit = 33554432 (custom)
2019-09-25 07:30:21,575 [Thread-1340] INFO  server.GrpcService (ConfUtils.java:logGet(43)) - raft.grpc.flow.control.window = 1MB (=1048576) (default)
2019-09-25 07:30:21,575 [Thread-1340] INFO  server.RaftServerConfigKeys (ConfUtils.java:logGet(43)) - raft.server.rpc.request.timeout = 3000ms (default)
2019-09-25 07:30:21,576 [Thread-1340] INFO  server.RaftServerConfigKeys (ConfUtils.java:logGet(43)) - raft.server.storage.dir = [/workdir/hadoop-ozone/ozonefs/target/test-dir/MiniOzoneClusterImpl-d5bff4f9-f30c-4d12-b02b-d1d52f4107cc/datanode-1/data/ratis] (custom)
2019-09-25 07:30:21,577 [Thread-1340] INFO  hdfs.DFSUtil (DFSUtil.java:httpServerTemplateForNNAndJN(1641)) - Starting Web-server for hddsDatanode at: http://0.0.0.0:0
2019-09-25 07:30:21,578 [Thread-1340] INFO  server.AuthenticationFilter (AuthenticationFilter.java:constructSecretProvider(240)) - Unable to initialize FileSignerSecretProvider, falling back to use random secrets.
2019-09-25 07:30:21,579 [Thread-1340] WARN  http.HttpRequestLog (HttpRequestLog.java:getRequestLog(97)) - Jetty request log can only be enabled using Log4j
2019-09-25 07:30:21,580 [Thread-1340] INFO  http.HttpServer2 (HttpServer2.java:addGlobalFilter(975)) - Added global filter 'safety' (class=org.apache.hadoop.http.HttpServer2$QuotingInputFilter)
2019-09-25 07:30:21,580 [Thread-1340] INFO  http.HttpServer2 (HttpServer2.java:addFilter(948)) - Added filter static_user_filter (class=org.apache.hadoop.http.lib.StaticUserWebFilter$StaticUserFilter) to context hddsDatanode
2019-09-25 07:30:21,581 [Thread-1340] INFO  http.HttpServer2 (HttpServer2.java:addFilter(958)) - Added filter static_user_filter (class=org.apache.hadoop.http.lib.StaticUserWebFilter$StaticUserFilter) to context static
2019-09-25 07:30:21,581 [Thread-1340] INFO  http.HttpServer2 (HttpServer2.java:addFilter(958)) - Added filter static_user_filter (class=org.apache.hadoop.http.lib.StaticUserWebFilter$StaticUserFilter) to context logs
2019-09-25 07:30:21,581 [Thread-1340] INFO  http.HttpServer2 (HttpServer2.java:bindListener(1191)) - Jetty bound to port 38542
2019-09-25 07:30:21,581 [Thread-1340] INFO  server.Server (Server.java:doStart(351)) - jetty-9.3.25.v20180904, build timestamp: 2018-09-04T21:11:46Z, git hash: 3ce520221d0240229c862b122d2b06c12a625732
2019-09-25 07:30:21,583 [Thread-1340] INFO  handler.ContextHandler (ContextHandler.java:doStart(781)) - Started o.e.j.s.ServletContextHandler@41e6fe28{/logs,file:///workdir/hadoop-ozone/ozonefs/target/log,AVAILABLE}
2019-09-25 07:30:21,583 [Thread-1340] INFO  handler.ContextHandler (ContextHandler.java:doStart(781)) - Started o.e.j.s.ServletContextHandler@49e9f279{/static,jar:file:/home/user/.m2/repository/org/apache/hadoop/hadoop-hdds-container-service/0.5.0-SNAPSHOT/hadoop-hdds-container-service-0.5.0-SNAPSHOT.jar!/webapps/static,AVAILABLE}
2019-09-25 07:30:21,610 [Thread-1340] INFO  handler.ContextHandler (ContextHandler.java:doStart(781)) - Started o.e.j.w.WebAppContext@64443e0e{/,file:///tmp/jetty-0.0.0.0-38542-hddsDatanode-_-any-7114199556951020813.dir/webapp/,AVAILABLE}{/hddsDatanode}
2019-09-25 07:30:21,610 [Thread-1340] INFO  server.AbstractConnector (AbstractConnector.java:doStart(278)) - Started ServerConnector@2c5c93d4{HTTP/1.1,[http/1.1]}{0.0.0.0:38542}
2019-09-25 07:30:21,612 [Thread-1340] INFO  server.Server (Server.java:doStart(419)) - Started @94283ms
2019-09-25 07:30:21,612 [Thread-1340] WARN  impl.MetricsSystemImpl (MetricsSystemImpl.java:register(276)) - Sink prometheus already exists!
2019-09-25 07:30:21,613 [Thread-1340] INFO  server.BaseHttpServer (BaseHttpServer.java:updateConnectorAddress(215)) - HTTP server of HDDSDATANODE is listening at http://0.0.0.0:38542
2019-09-25 07:30:21,613 [Thread-1340] INFO  impl.MetricsSystemImpl (MetricsSystemImpl.java:init(158)) - HddsDatanode metrics system started (again)
2019-09-25 07:30:21,617 [Thread-1340] INFO  ozone.HddsDatanodeService (HddsDatanodeService.java:start(184)) - HddsDatanodeService host:pr-hdds-1569-x2sr2-3486766547 ip:192.168.151.106
2019-09-25 07:30:21,617 [org.apache.hadoop.util.JvmPauseMonitor$Monitor@250f70a9] INFO  util.JvmPauseMonitor (JvmPauseMonitor.java:run(188)) - Starting JVM pause monitor
2019-09-25 07:30:21,620 [Datanode State Machine Thread - 0] INFO  datanode.InitDatanodeState (InitDatanodeState.java:persistContainerDatanodeDetails(140)) - DatanodeDetails is persisted to /workdir/hadoop-ozone/ozonefs/target/test-dir/MiniOzoneClusterImpl-d5bff4f9-f30c-4d12-b02b-d1d52f4107cc/datanode-1/meta/datanode.id
2019-09-25 07:30:21,624 [Thread-1340] INFO  volume.HddsVolume (HddsVolume.java:<init>(176)) - Creating Volume: /workdir/hadoop-ozone/ozonefs/target/test-dir/MiniOzoneClusterImpl-d5bff4f9-f30c-4d12-b02b-d1d52f4107cc/datanode-2/data/containers/hdds of  storage type : DISK and capacity : 1482555576320
2019-09-25 07:30:21,624 [Thread-1340] INFO  volume.VolumeSet (VolumeSet.java:initializeVolumeSet(170)) - Added Volume : /workdir/hadoop-ozone/ozonefs/target/test-dir/MiniOzoneClusterImpl-d5bff4f9-f30c-4d12-b02b-d1d52f4107cc/datanode-2/data/containers/hdds to VolumeSet
2019-09-25 07:30:21,624 [Thread-1340] INFO  volume.ThrottledAsyncChecker (ThrottledAsyncChecker.java:schedule(139)) - Scheduling a check for org.apache.hadoop.ozone.container.common.volume.HddsVolume@70ae3061
2019-09-25 07:30:21,625 [Thread-1340] INFO  volume.HddsVolumeChecker (HddsVolumeChecker.java:checkAllVolumes(202)) - Scheduled health check for volume org.apache.hadoop.ozone.container.common.volume.HddsVolume@70ae3061
2019-09-25 07:30:21,643 [Thread-1340] INFO  impl.RaftServerProxy (ConfUtils.java:logGet(43)) - raft.rpc.type = GRPC (default)
2019-09-25 07:30:21,643 [Thread-1340] INFO  grpc.GrpcFactory (GrpcFactory.java:checkPooledByteBufAllocatorUseCacheForAllThreads(45)) - PERFORMANCE WARNING: useCacheForAllThreads is true that may cause Netty to create a lot garbage objects and, as a result, trigger GC.
	It is recommended to disable useCacheForAllThreads by setting -Dorg.apache.ratis.thirdparty.io.netty.allocator.useCacheForAllThreads=false in command line.
2019-09-25 07:30:21,643 [Thread-1340] INFO  grpc.GrpcConfigKeys$Server (ConfUtils.java:logGet(43)) - raft.grpc.server.port = 0 (default)
2019-09-25 07:30:21,643 [Thread-1340] INFO  server.GrpcService (ConfUtils.java:logGet(43)) - raft.grpc.message.size.max = 33570816 (custom)
2019-09-25 07:30:21,643 [Thread-1340] INFO  server.RaftServerConfigKeys (ConfUtils.java:logGet(43)) - raft.server.log.appender.buffer.byte-limit = 33554432 (custom)
2019-09-25 07:30:21,644 [Thread-1340] INFO  server.GrpcService (ConfUtils.java:logGet(43)) - raft.grpc.flow.control.window = 1MB (=1048576) (default)
2019-09-25 07:30:21,644 [Thread-1340] INFO  server.RaftServerConfigKeys (ConfUtils.java:logGet(43)) - raft.server.rpc.request.timeout = 3000ms (default)
2019-09-25 07:30:21,644 [Thread-1340] INFO  server.RaftServerConfigKeys (ConfUtils.java:logGet(43)) - raft.server.storage.dir = [/workdir/hadoop-ozone/ozonefs/target/test-dir/MiniOzoneClusterImpl-d5bff4f9-f30c-4d12-b02b-d1d52f4107cc/datanode-2/data/ratis] (custom)
2019-09-25 07:30:21,645 [Thread-1340] INFO  hdfs.DFSUtil (DFSUtil.java:httpServerTemplateForNNAndJN(1641)) - Starting Web-server for hddsDatanode at: http://0.0.0.0:0
2019-09-25 07:30:21,647 [Thread-1340] INFO  server.AuthenticationFilter (AuthenticationFilter.java:constructSecretProvider(240)) - Unable to initialize FileSignerSecretProvider, falling back to use random secrets.
2019-09-25 07:30:21,647 [Thread-1340] WARN  http.HttpRequestLog (HttpRequestLog.java:getRequestLog(97)) - Jetty request log can only be enabled using Log4j
2019-09-25 07:30:21,650 [Thread-1340] INFO  http.HttpServer2 (HttpServer2.java:addGlobalFilter(975)) - Added global filter 'safety' (class=org.apache.hadoop.http.HttpServer2$QuotingInputFilter)
2019-09-25 07:30:21,650 [Thread-1340] INFO  http.HttpServer2 (HttpServer2.java:addFilter(948)) - Added filter static_user_filter (class=org.apache.hadoop.http.lib.StaticUserWebFilter$StaticUserFilter) to context hddsDatanode
2019-09-25 07:30:21,650 [Thread-1340] INFO  http.HttpServer2 (HttpServer2.java:addFilter(958)) - Added filter static_user_filter (class=org.apache.hadoop.http.lib.StaticUserWebFilter$StaticUserFilter) to context static
2019-09-25 07:30:21,651 [Thread-1340] INFO  http.HttpServer2 (HttpServer2.java:addFilter(958)) - Added filter static_user_filter (class=org.apache.hadoop.http.lib.StaticUserWebFilter$StaticUserFilter) to context logs
2019-09-25 07:30:21,651 [Thread-1340] INFO  http.HttpServer2 (HttpServer2.java:bindListener(1191)) - Jetty bound to port 44722
2019-09-25 07:30:21,651 [Thread-1340] INFO  server.Server (Server.java:doStart(351)) - jetty-9.3.25.v20180904, build timestamp: 2018-09-04T21:11:46Z, git hash: 3ce520221d0240229c862b122d2b06c12a625732
2019-09-25 07:30:21,653 [Thread-1340] INFO  handler.ContextHandler (ContextHandler.java:doStart(781)) - Started o.e.j.s.ServletContextHandler@1bfa0af1{/logs,file:///workdir/hadoop-ozone/ozonefs/target/log,AVAILABLE}
2019-09-25 07:30:21,653 [Thread-1340] INFO  handler.ContextHandler (ContextHandler.java:doStart(781)) - Started o.e.j.s.ServletContextHandler@1c6e244{/static,jar:file:/home/user/.m2/repository/org/apache/hadoop/hadoop-hdds-container-service/0.5.0-SNAPSHOT/hadoop-hdds-container-service-0.5.0-SNAPSHOT.jar!/webapps/static,AVAILABLE}
2019-09-25 07:30:21,679 [Thread-1340] INFO  handler.ContextHandler (ContextHandler.java:doStart(781)) - Started o.e.j.w.WebAppContext@13ef2468{/,file:///tmp/jetty-0.0.0.0-44722-hddsDatanode-_-any-5479444496838767078.dir/webapp/,AVAILABLE}{/hddsDatanode}
2019-09-25 07:30:21,680 [Thread-1340] INFO  server.AbstractConnector (AbstractConnector.java:doStart(278)) - Started ServerConnector@272b5bd1{HTTP/1.1,[http/1.1]}{0.0.0.0:44722}
2019-09-25 07:30:21,681 [Thread-1340] INFO  server.Server (Server.java:doStart(419)) - Started @94352ms
2019-09-25 07:30:21,681 [Thread-1340] WARN  impl.MetricsSystemImpl (MetricsSystemImpl.java:register(276)) - Sink prometheus already exists!
2019-09-25 07:30:21,682 [Thread-1340] INFO  server.BaseHttpServer (BaseHttpServer.java:updateConnectorAddress(215)) - HTTP server of HDDSDATANODE is listening at http://0.0.0.0:44722
2019-09-25 07:30:21,682 [Thread-1340] INFO  ozone.MiniOzoneClusterImpl (MiniOzoneClusterImpl.java:lambda$waitForClusterToBeReady$0(147)) - Waiting for cluster to be ready. Got 0 of 3 DN Heartbeats.
2019-09-25 07:30:21,683 [org.apache.hadoop.util.JvmPauseMonitor$Monitor@4bd85ae2] INFO  util.JvmPauseMonitor (JvmPauseMonitor.java:run(188)) - Starting JVM pause monitor
2019-09-25 07:30:21,685 [Datanode State Machine Thread - 0] INFO  datanode.InitDatanodeState (InitDatanodeState.java:persistContainerDatanodeDetails(140)) - DatanodeDetails is persisted to /workdir/hadoop-ozone/ozonefs/target/test-dir/MiniOzoneClusterImpl-d5bff4f9-f30c-4d12-b02b-d1d52f4107cc/datanode-2/meta/datanode.id
2019-09-25 07:30:22,682 [Thread-1340] INFO  ozone.MiniOzoneClusterImpl (MiniOzoneClusterImpl.java:lambda$waitForClusterToBeReady$0(147)) - Waiting for cluster to be ready. Got 0 of 3 DN Heartbeats.
2019-09-25 07:30:23,587 [Datanode State Machine Thread - 0] INFO  ozoneimpl.OzoneContainer (OzoneContainer.java:start(217)) - Attempting to start container services.
2019-09-25 07:30:23,590 [Datanode State Machine Thread - 0] INFO  ozoneimpl.OzoneContainer (OzoneContainer.java:startContainerScrub(179)) - Background container scanner has been disabled.
2019-09-25 07:30:23,590 [Datanode State Machine Thread - 0] INFO  ratis.XceiverServerRatis (XceiverServerRatis.java:start(411)) - Starting XceiverServerRatis e922a23f-709c-4ffc-b707-fa2ce4e2ab76 at port 0
2019-09-25 07:30:23,597 [Datanode State Machine Thread - 0] INFO  impl.RaftServerProxy (RaftServerProxy.java:lambda$start$3(299)) - e922a23f-709c-4ffc-b707-fa2ce4e2ab76: start RPC server
2019-09-25 07:30:23,600 [Datanode State Machine Thread - 0] INFO  server.GrpcService (GrpcService.java:startImpl(158)) - e922a23f-709c-4ffc-b707-fa2ce4e2ab76: GrpcService started, listening on 0.0.0.0/0.0.0.0:34835
2019-09-25 07:30:23,600 [Datanode State Machine Thread - 0] INFO  ratis.XceiverServerRatis (XceiverServerRatis.java:start(421)) - XceiverServerRatis e922a23f-709c-4ffc-b707-fa2ce4e2ab76 is started using port 34835
2019-09-25 07:30:23,602 [Datanode State Machine Thread - 0] INFO  server.XceiverServerGrpc (XceiverServerGrpc.java:start(149)) - XceiverServerGrpc e922a23f-709c-4ffc-b707-fa2ce4e2ab76 is started using port 39323
2019-09-25 07:30:23,644 [Datanode State Machine Thread - 0] INFO  ozoneimpl.OzoneContainer (OzoneContainer.java:start(217)) - Attempting to start container services.
2019-09-25 07:30:23,645 [Datanode State Machine Thread - 0] INFO  ozoneimpl.OzoneContainer (OzoneContainer.java:startContainerScrub(179)) - Background container scanner has been disabled.
2019-09-25 07:30:23,645 [Datanode State Machine Thread - 0] INFO  ratis.XceiverServerRatis (XceiverServerRatis.java:start(411)) - Starting XceiverServerRatis e26be840-9830-4763-8bf9-b6d80e03cb44 at port 0
2019-09-25 07:30:23,654 [Datanode State Machine Thread - 0] INFO  impl.RaftServerProxy (RaftServerProxy.java:lambda$start$3(299)) - e26be840-9830-4763-8bf9-b6d80e03cb44: start RPC server
2019-09-25 07:30:23,657 [Datanode State Machine Thread - 0] INFO  server.GrpcService (GrpcService.java:startImpl(158)) - e26be840-9830-4763-8bf9-b6d80e03cb44: GrpcService started, listening on 0.0.0.0/0.0.0.0:39767
2019-09-25 07:30:23,657 [Datanode State Machine Thread - 0] INFO  ratis.XceiverServerRatis (XceiverServerRatis.java:start(421)) - XceiverServerRatis e26be840-9830-4763-8bf9-b6d80e03cb44 is started using port 39767
2019-09-25 07:30:23,658 [Datanode State Machine Thread - 0] INFO  server.XceiverServerGrpc (XceiverServerGrpc.java:start(149)) - XceiverServerGrpc e26be840-9830-4763-8bf9-b6d80e03cb44 is started using port 36250
2019-09-25 07:30:23,683 [Thread-1340] INFO  ozone.MiniOzoneClusterImpl (MiniOzoneClusterImpl.java:lambda$waitForClusterToBeReady$0(147)) - Waiting for cluster to be ready. Got 0 of 3 DN Heartbeats.
2019-09-25 07:30:23,708 [Datanode State Machine Thread - 0] INFO  ozoneimpl.OzoneContainer (OzoneContainer.java:start(217)) - Attempting to start container services.
2019-09-25 07:30:23,708 [Datanode State Machine Thread - 0] INFO  ozoneimpl.OzoneContainer (OzoneContainer.java:startContainerScrub(179)) - Background container scanner has been disabled.
2019-09-25 07:30:23,708 [Datanode State Machine Thread - 0] INFO  ratis.XceiverServerRatis (XceiverServerRatis.java:start(411)) - Starting XceiverServerRatis 8db113de-7b84-41a1-a116-0df055b189a9 at port 0
2019-09-25 07:30:23,717 [Datanode State Machine Thread - 0] INFO  impl.RaftServerProxy (RaftServerProxy.java:lambda$start$3(299)) - 8db113de-7b84-41a1-a116-0df055b189a9: start RPC server
2019-09-25 07:30:23,720 [Datanode State Machine Thread - 0] INFO  server.GrpcService (GrpcService.java:startImpl(158)) - 8db113de-7b84-41a1-a116-0df055b189a9: GrpcService started, listening on 0.0.0.0/0.0.0.0:39179
2019-09-25 07:30:23,721 [Datanode State Machine Thread - 0] INFO  ratis.XceiverServerRatis (XceiverServerRatis.java:start(421)) - XceiverServerRatis 8db113de-7b84-41a1-a116-0df055b189a9 is started using port 39179
2019-09-25 07:30:23,721 [Datanode State Machine Thread - 0] INFO  server.XceiverServerGrpc (XceiverServerGrpc.java:start(149)) - XceiverServerGrpc 8db113de-7b84-41a1-a116-0df055b189a9 is started using port 38249
2019-09-25 07:30:24,683 [Thread-1340] INFO  ozone.MiniOzoneClusterImpl (MiniOzoneClusterImpl.java:lambda$waitForClusterToBeReady$0(147)) - Waiting for cluster to be ready. Got 0 of 3 DN Heartbeats.
2019-09-25 07:30:25,554 [IPC Server handler 0 on 34628] INFO  net.NetworkTopology (NetworkTopologyImpl.java:add(111)) - Added a new node: /default-rack/e922a23f-709c-4ffc-b707-fa2ce4e2ab76
2019-09-25 07:30:25,556 [IPC Server handler 0 on 34628] INFO  node.SCMNodeManager (SCMNodeManager.java:register(266)) - Registered Data node : e922a23f-709c-4ffc-b707-fa2ce4e2ab76{ip: 192.168.151.106, host: pr-hdds-1569-x2sr2-3486766547, networkLocation: /default-rack, certSerialId: null}
2019-09-25 07:30:25,557 [EventQueue-NodeRegistrationContainerReportForDataNodeSafeModeRule] INFO  safemode.SCMSafeModeManager (DataNodeSafeModeRule.java:process(71)) - SCM in safe mode. 1 DataNodes registered, 1 required.
2019-09-25 07:30:25,560 [EventQueue-NodeRegistrationContainerReportForDataNodeSafeModeRule] INFO  safemode.SCMSafeModeManager (SCMSafeModeManager.java:validateSafeModeExitRules(177)) - ScmSafeModeManager, all rules are successfully validated
2019-09-25 07:30:25,560 [EventQueue-NodeRegistrationContainerReportForDataNodeSafeModeRule] INFO  safemode.SCMSafeModeManager (SCMSafeModeManager.java:exitSafeMode(193)) - SCM exiting safe mode.
2019-09-25 07:30:25,572 [grpc-default-executor-0] INFO  impl.RaftServerProxy (RaftServerProxy.java:addNew(89)) - e922a23f-709c-4ffc-b707-fa2ce4e2ab76: addNew group-CB639ADC9E42:[e922a23f-709c-4ffc-b707-fa2ce4e2ab76:192.168.151.106:34835] returns group-CB639ADC9E42:java.util.concurrent.CompletableFuture@5c60b062[Not completed]
2019-09-25 07:30:25,573 [pool-277-thread-1] INFO  impl.RaftServerImpl (RaftServerImpl.java:<init>(95)) - e922a23f-709c-4ffc-b707-fa2ce4e2ab76: new RaftServerImpl for group-CB639ADC9E42:[e922a23f-709c-4ffc-b707-fa2ce4e2ab76:192.168.151.106:34835] with ContainerStateMachine:uninitialized
2019-09-25 07:30:25,573 [pool-277-thread-1] INFO  server.RaftServerConfigKeys (ConfUtils.java:logGet(43)) - raft.server.rpc.timeout.min = 5s (custom)
2019-09-25 07:30:25,573 [pool-277-thread-1] INFO  server.RaftServerConfigKeys (ConfUtils.java:logGet(43)) - raft.server.rpc.timeout.max = 5200ms (custom)
2019-09-25 07:30:25,573 [pool-277-thread-1] INFO  server.RaftServerConfigKeys (ConfUtils.java:logGet(43)) - raft.server.rpcslowness.timeout = 120s (custom)
2019-09-25 07:30:25,574 [pool-277-thread-1] INFO  server.RaftServerConfigKeys (ConfUtils.java:logGet(43)) - raft.server.sleep.deviation.threshold = 300 (default)
2019-09-25 07:30:25,574 [pool-277-thread-1] INFO  server.RaftServerConfigKeys (ConfUtils.java:logGet(43)) - raft.server.log.appender.install.snapshot.enabled = false (custom)
2019-09-25 07:30:25,574 [pool-277-thread-1] INFO  impl.RaftServerImpl (ServerState.java:<init>(103)) - e922a23f-709c-4ffc-b707-fa2ce4e2ab76@group-CB639ADC9E42: ConfigurationManager, init=-1: [e922a23f-709c-4ffc-b707-fa2ce4e2ab76:192.168.151.106:34835], old=null, confs=<EMPTY_MAP>
2019-09-25 07:30:25,574 [pool-277-thread-1] INFO  server.RaftServerConfigKeys (ConfUtils.java:logGet(43)) - raft.server.storage.dir = [/workdir/hadoop-ozone/ozonefs/target/test-dir/MiniOzoneClusterImpl-d5bff4f9-f30c-4d12-b02b-d1d52f4107cc/datanode-0/data/ratis] (custom)
2019-09-25 07:30:25,575 [pool-277-thread-1] INFO  storage.RaftStorageDirectory (RaftStorageDirectory.java:analyzeStorage(246)) - The storage directory /workdir/hadoop-ozone/ozonefs/target/test-dir/MiniOzoneClusterImpl-d5bff4f9-f30c-4d12-b02b-d1d52f4107cc/datanode-0/data/ratis/cd9015fc-9d14-4b33-a3e2-cb639adc9e42 does not exist. Creating ...
2019-09-25 07:30:25,607 [pool-277-thread-1] INFO  storage.RaftStorageDirectory (RaftStorageDirectory.java:tryLock(328)) - Lock on /workdir/hadoop-ozone/ozonefs/target/test-dir/MiniOzoneClusterImpl-d5bff4f9-f30c-4d12-b02b-d1d52f4107cc/datanode-0/data/ratis/cd9015fc-9d14-4b33-a3e2-cb639adc9e42/in_use.lock acquired by nodename 17738@pr-hdds-1569-x2sr2-3486766547
2019-09-25 07:30:25,620 [IPC Server handler 1 on 34628] INFO  net.NetworkTopology (NetworkTopologyImpl.java:add(111)) - Added a new node: /default-rack/e26be840-9830-4763-8bf9-b6d80e03cb44
2019-09-25 07:30:25,620 [IPC Server handler 1 on 34628] INFO  node.SCMNodeManager (SCMNodeManager.java:register(266)) - Registered Data node : e26be840-9830-4763-8bf9-b6d80e03cb44{ip: 192.168.151.106, host: pr-hdds-1569-x2sr2-3486766547, networkLocation: /default-rack, certSerialId: null}
2019-09-25 07:30:25,633 [pool-277-thread-1] INFO  storage.RaftStorage (RaftStorage.java:format(72)) - Storage directory /workdir/hadoop-ozone/ozonefs/target/test-dir/MiniOzoneClusterImpl-d5bff4f9-f30c-4d12-b02b-d1d52f4107cc/datanode-0/data/ratis/cd9015fc-9d14-4b33-a3e2-cb639adc9e42 has been successfully formatted.
2019-09-25 07:30:25,633 [pool-277-thread-1] INFO  ratis.ContainerStateMachine (ContainerStateMachine.java:loadSnapshot(230)) - group-CB639ADC9E42: The snapshot info is null. Setting the last applied indexto:(t:0, i:~)
2019-09-25 07:30:25,633 [pool-277-thread-1] INFO  server.RaftServerConfigKeys (ConfUtils.java:logGet(43)) - raft.server.notification.no-leader.timeout = 120s (custom)
2019-09-25 07:30:25,633 [pool-277-thread-1] INFO  server.RaftServerConfigKeys (ConfUtils.java:logGet(43)) - raft.server.log.use.memory = false (default)
2019-09-25 07:30:25,633 [pool-277-thread-1] INFO  server.RaftServerConfigKeys (ConfUtils.java:logGet(43)) - raft.server.log.purge.gap = 1000000 (custom)
2019-09-25 07:30:25,634 [pool-277-thread-1] INFO  server.RaftServerConfigKeys (ConfUtils.java:logGet(43)) - raft.server.log.appender.buffer.byte-limit = 33554432 (custom)
2019-09-25 07:30:25,634 [pool-277-thread-1] INFO  server.RaftServerConfigKeys (ConfUtils.java:logGet(43)) - raft.server.log.segment.size.max = 1048576 (custom)
2019-09-25 07:30:25,634 [pool-277-thread-1] INFO  server.RaftServerConfigKeys (ConfUtils.java:logGet(43)) - raft.server.log.segment.cache.num.max = 2 (custom)
2019-09-25 07:30:25,634 [pool-277-thread-1] INFO  segmented.SegmentedRaftLogWorker (SegmentedRaftLogWorker.java:<init>(172)) - new e922a23f-709c-4ffc-b707-fa2ce4e2ab76@group-CB639ADC9E42-SegmentedRaftLogWorker for RaftStorage:Storage Directory /workdir/hadoop-ozone/ozonefs/target/test-dir/MiniOzoneClusterImpl-d5bff4f9-f30c-4d12-b02b-d1d52f4107cc/datanode-0/data/ratis/cd9015fc-9d14-4b33-a3e2-cb639adc9e42
2019-09-25 07:30:25,636 [pool-277-thread-1] INFO  server.RaftServerConfigKeys (ConfUtils.java:logGet(43)) - raft.server.log.queue.byte-limit = 2147483647 (custom)
2019-09-25 07:30:25,636 [pool-277-thread-1] INFO  server.RaftServerConfigKeys (ConfUtils.java:logGet(43)) - raft.server.log.queue.element-limit = 1024 (custom)
2019-09-25 07:30:25,636 [pool-277-thread-1] INFO  server.RaftServerConfigKeys (ConfUtils.java:logGet(43)) - raft.server.log.segment.size.max = 1048576 (custom)
2019-09-25 07:30:25,636 [pool-277-thread-1] INFO  server.RaftServerConfigKeys (ConfUtils.java:logGet(43)) - raft.server.log.preallocated.size = 16384 (custom)
2019-09-25 07:30:25,637 [pool-277-thread-1] INFO  server.RaftServerConfigKeys (ConfUtils.java:logGet(43)) - raft.server.log.write.buffer.size = 33554432 (custom)
2019-09-25 07:30:25,637 [pool-277-thread-1] INFO  server.RaftServerConfigKeys (ConfUtils.java:logGet(43)) - raft.server.log.force.sync.num = 128 (default)
2019-09-25 07:30:25,637 [pool-277-thread-1] INFO  server.RaftServerConfigKeys (ConfUtils.java:logGet(43)) - raft.server.log.statemachine.data.sync = true (default)
2019-09-25 07:30:25,637 [pool-277-thread-1] INFO  server.RaftServerConfigKeys (ConfUtils.java:logGet(43)) - raft.server.log.statemachine.data.sync.timeout = 10s (default)
2019-09-25 07:30:25,637 [pool-277-thread-1] INFO  server.RaftServerConfigKeys (ConfUtils.java:logGet(43)) - raft.server.log.statemachine.data.sync.timeout.retry = -1 (default)
2019-09-25 07:30:25,637 [pool-277-thread-1] INFO  server.RaftServerConfigKeys (ConfUtils.java:logGet(43)) - raft.server.log.statemachine.data.caching.enabled = true (custom)
2019-09-25 07:30:25,638 [pool-277-thread-1] INFO  segmented.SegmentedRaftLogWorker (SegmentedRaftLogWorker.java:lambda$new$0(132)) - e922a23f-709c-4ffc-b707-fa2ce4e2ab76@group-CB639ADC9E42-SegmentedRaftLogWorker: flushIndex: setUnconditionally 0 -> -1
2019-09-25 07:30:25,638 [pool-277-thread-1] INFO  server.RaftServerConfigKeys (ConfUtils.java:logGet(43)) - raft.server.snapshot.auto.trigger.enabled = true (custom)
2019-09-25 07:30:25,638 [pool-277-thread-1] INFO  server.RaftServerConfigKeys (ConfUtils.java:logGet(43)) - raft.server.snapshot.auto.trigger.threshold = 10000 (custom)
2019-09-25 07:30:25,639 [pool-277-thread-1] INFO  server.RaftServerConfigKeys (ConfUtils.java:logGet(43)) - raft.server.snapshot.retention.num.files = 5 (custom)
2019-09-25 07:30:25,639 [pool-277-thread-1] INFO  server.RaftServerConfigKeys (ConfUtils.java:logGet(43)) - raft.server.retrycache.expirytime = 600000ms (custom)
2019-09-25 07:30:25,640 [pool-277-thread-1] INFO  impl.RaftServerImpl (RaftServerImpl.java:start(185)) - e922a23f-709c-4ffc-b707-fa2ce4e2ab76@group-CB639ADC9E42: start as a follower, conf=-1: [e922a23f-709c-4ffc-b707-fa2ce4e2ab76:192.168.151.106:34835], old=null
2019-09-25 07:30:25,641 [pool-277-thread-1] INFO  impl.RaftServerImpl (RaftServerImpl.java:setRole(174)) - e922a23f-709c-4ffc-b707-fa2ce4e2ab76@group-CB639ADC9E42: changes role from      null to FOLLOWER at term 0 for startAsFollower
2019-09-25 07:30:25,641 [pool-277-thread-1] INFO  impl.RoleInfo (RoleInfo.java:updateAndGet(143)) - e922a23f-709c-4ffc-b707-fa2ce4e2ab76: start FollowerState
2019-09-25 07:30:25,641 [pool-277-thread-1] INFO  util.JmxRegister (JmxRegister.java:tryRegister(44)) - Successfully registered JMX Bean with object name Ratis:service=RaftServer,group=group-CB639ADC9E42,id=e922a23f-709c-4ffc-b707-fa2ce4e2ab76
2019-09-25 07:30:25,645 [RatisPipelineUtilsThread] INFO  pipeline.PipelineStateManager (PipelineStateManager.java:addPipeline(56)) - Created pipeline Pipeline[ Id: cd9015fc-9d14-4b33-a3e2-cb639adc9e42, Nodes: e922a23f-709c-4ffc-b707-fa2ce4e2ab76{ip: 192.168.151.106, host: pr-hdds-1569-x2sr2-3486766547, networkLocation: /default-rack, certSerialId: null}, Type:RATIS, Factor:ONE, State:OPEN]
2019-09-25 07:30:25,650 [grpc-default-executor-0] INFO  impl.RaftServerProxy (RaftServerProxy.java:addNew(89)) - e922a23f-709c-4ffc-b707-fa2ce4e2ab76: addNew group-EC8A7356A9E3:[e922a23f-709c-4ffc-b707-fa2ce4e2ab76:192.168.151.106:34835] returns group-EC8A7356A9E3:java.util.concurrent.CompletableFuture@6df66ba8[Not completed]
2019-09-25 07:30:25,651 [pool-277-thread-1] INFO  impl.RaftServerImpl (RaftServerImpl.java:<init>(95)) - e922a23f-709c-4ffc-b707-fa2ce4e2ab76: new RaftServerImpl for group-EC8A7356A9E3:[e922a23f-709c-4ffc-b707-fa2ce4e2ab76:192.168.151.106:34835] with ContainerStateMachine:uninitialized
2019-09-25 07:30:25,651 [pool-277-thread-1] INFO  server.RaftServerConfigKeys (ConfUtils.java:logGet(43)) - raft.server.rpc.timeout.min = 5s (custom)
2019-09-25 07:30:25,651 [pool-277-thread-1] INFO  server.RaftServerConfigKeys (ConfUtils.java:logGet(43)) - raft.server.rpc.timeout.max = 5200ms (custom)
2019-09-25 07:30:25,652 [pool-277-thread-1] INFO  server.RaftServerConfigKeys (ConfUtils.java:logGet(43)) - raft.server.rpcslowness.timeout = 120s (custom)
2019-09-25 07:30:25,652 [pool-277-thread-1] INFO  server.RaftServerConfigKeys (ConfUtils.java:logGet(43)) - raft.server.sleep.deviation.threshold = 300 (default)
2019-09-25 07:30:25,652 [pool-277-thread-1] INFO  server.RaftServerConfigKeys (ConfUtils.java:logGet(43)) - raft.server.log.appender.install.snapshot.enabled = false (custom)
2019-09-25 07:30:25,652 [pool-277-thread-1] INFO  impl.RaftServerImpl (ServerState.java:<init>(103)) - e922a23f-709c-4ffc-b707-fa2ce4e2ab76@group-EC8A7356A9E3: ConfigurationManager, init=-1: [e922a23f-709c-4ffc-b707-fa2ce4e2ab76:192.168.151.106:34835], old=null, confs=<EMPTY_MAP>
2019-09-25 07:30:25,652 [pool-277-thread-1] INFO  server.RaftServerConfigKeys (ConfUtils.java:logGet(43)) - raft.server.storage.dir = [/workdir/hadoop-ozone/ozonefs/target/test-dir/MiniOzoneClusterImpl-d5bff4f9-f30c-4d12-b02b-d1d52f4107cc/datanode-0/data/ratis] (custom)
2019-09-25 07:30:25,652 [pool-277-thread-1] INFO  storage.RaftStorageDirectory (RaftStorageDirectory.java:analyzeStorage(246)) - The storage directory /workdir/hadoop-ozone/ozonefs/target/test-dir/MiniOzoneClusterImpl-d5bff4f9-f30c-4d12-b02b-d1d52f4107cc/datanode-0/data/ratis/741424d9-3b07-4c33-9a03-ec8a7356a9e3 does not exist. Creating ...
2019-09-25 07:30:25,675 [pool-277-thread-1] INFO  storage.RaftStorageDirectory (RaftStorageDirectory.java:tryLock(328)) - Lock on /workdir/hadoop-ozone/ozonefs/target/test-dir/MiniOzoneClusterImpl-d5bff4f9-f30c-4d12-b02b-d1d52f4107cc/datanode-0/data/ratis/741424d9-3b07-4c33-9a03-ec8a7356a9e3/in_use.lock acquired by nodename 17738@pr-hdds-1569-x2sr2-3486766547
2019-09-25 07:30:25,684 [Thread-1340] INFO  ozone.MiniOzoneClusterImpl (MiniOzoneClusterImpl.java:lambda$waitForClusterToBeReady$0(147)) - Waiting for cluster to be ready. Got 2 of 3 DN Heartbeats.
2019-09-25 07:30:25,685 [IPC Server handler 5 on 34628] INFO  net.NetworkTopology (NetworkTopologyImpl.java:add(111)) - Added a new node: /default-rack/8db113de-7b84-41a1-a116-0df055b189a9
2019-09-25 07:30:25,685 [IPC Server handler 5 on 34628] INFO  node.SCMNodeManager (SCMNodeManager.java:register(266)) - Registered Data node : 8db113de-7b84-41a1-a116-0df055b189a9{ip: 192.168.151.106, host: pr-hdds-1569-x2sr2-3486766547, networkLocation: /default-rack, certSerialId: null}
2019-09-25 07:30:25,698 [pool-277-thread-1] INFO  storage.RaftStorage (RaftStorage.java:format(72)) - Storage directory /workdir/hadoop-ozone/ozonefs/target/test-dir/MiniOzoneClusterImpl-d5bff4f9-f30c-4d12-b02b-d1d52f4107cc/datanode-0/data/ratis/741424d9-3b07-4c33-9a03-ec8a7356a9e3 has been successfully formatted.
2019-09-25 07:30:25,699 [pool-277-thread-1] INFO  ratis.ContainerStateMachine (ContainerStateMachine.java:loadSnapshot(230)) - group-EC8A7356A9E3: The snapshot info is null. Setting the last applied indexto:(t:0, i:~)
2019-09-25 07:30:25,699 [pool-277-thread-1] INFO  server.RaftServerConfigKeys (ConfUtils.java:logGet(43)) - raft.server.notification.no-leader.timeout = 120s (custom)
2019-09-25 07:30:25,699 [pool-277-thread-1] INFO  server.RaftServerConfigKeys (ConfUtils.java:logGet(43)) - raft.server.log.use.memory = false (default)
2019-09-25 07:30:25,699 [pool-277-thread-1] INFO  server.RaftServerConfigKeys (ConfUtils.java:logGet(43)) - raft.server.log.purge.gap = 1000000 (custom)
2019-09-25 07:30:25,699 [pool-277-thread-1] INFO  server.RaftServerConfigKeys (ConfUtils.java:logGet(43)) - raft.server.log.appender.buffer.byte-limit = 33554432 (custom)
2019-09-25 07:30:25,699 [pool-277-thread-1] INFO  server.RaftServerConfigKeys (ConfUtils.java:logGet(43)) - raft.server.log.segment.size.max = 1048576 (custom)
2019-09-25 07:30:25,699 [pool-277-thread-1] INFO  server.RaftServerConfigKeys (ConfUtils.java:logGet(43)) - raft.server.log.segment.cache.num.max = 2 (custom)
2019-09-25 07:30:25,700 [pool-277-thread-1] INFO  segmented.SegmentedRaftLogWorker (SegmentedRaftLogWorker.java:<init>(172)) - new e922a23f-709c-4ffc-b707-fa2ce4e2ab76@group-EC8A7356A9E3-SegmentedRaftLogWorker for RaftStorage:Storage Directory /workdir/hadoop-ozone/ozonefs/target/test-dir/MiniOzoneClusterImpl-d5bff4f9-f30c-4d12-b02b-d1d52f4107cc/datanode-0/data/ratis/741424d9-3b07-4c33-9a03-ec8a7356a9e3
2019-09-25 07:30:25,700 [pool-277-thread-1] INFO  server.RaftServerConfigKeys (ConfUtils.java:logGet(43)) - raft.server.log.queue.byte-limit = 2147483647 (custom)
2019-09-25 07:30:25,700 [pool-277-thread-1] INFO  server.RaftServerConfigKeys (ConfUtils.java:logGet(43)) - raft.server.log.queue.element-limit = 1024 (custom)
2019-09-25 07:30:25,700 [pool-277-thread-1] INFO  server.RaftServerConfigKeys (ConfUtils.java:logGet(43)) - raft.server.log.segment.size.max = 1048576 (custom)
2019-09-25 07:30:25,700 [pool-277-thread-1] INFO  server.RaftServerConfigKeys (ConfUtils.java:logGet(43)) - raft.server.log.preallocated.size = 16384 (custom)
2019-09-25 07:30:25,700 [pool-277-thread-1] INFO  server.RaftServerConfigKeys (ConfUtils.java:logGet(43)) - raft.server.log.write.buffer.size = 33554432 (custom)
2019-09-25 07:30:25,700 [pool-277-thread-1] INFO  server.RaftServerConfigKeys (ConfUtils.java:logGet(43)) - raft.server.log.force.sync.num = 128 (default)
2019-09-25 07:30:25,701 [pool-277-thread-1] INFO  server.RaftServerConfigKeys (ConfUtils.java:logGet(43)) - raft.server.log.statemachine.data.sync = true (default)
2019-09-25 07:30:25,701 [pool-277-thread-1] INFO  server.RaftServerConfigKeys (ConfUtils.java:logGet(43)) - raft.server.log.statemachine.data.sync.timeout = 10s (default)
2019-09-25 07:30:25,701 [pool-277-thread-1] INFO  server.RaftServerConfigKeys (ConfUtils.java:logGet(43)) - raft.server.log.statemachine.data.sync.timeout.retry = -1 (default)
2019-09-25 07:30:25,701 [pool-277-thread-1] INFO  server.RaftServerConfigKeys (ConfUtils.java:logGet(43)) - raft.server.log.statemachine.data.caching.enabled = true (custom)
2019-09-25 07:30:25,701 [pool-277-thread-1] INFO  segmented.SegmentedRaftLogWorker (SegmentedRaftLogWorker.java:lambda$new$0(132)) - e922a23f-709c-4ffc-b707-fa2ce4e2ab76@group-EC8A7356A9E3-SegmentedRaftLogWorker: flushIndex: setUnconditionally 0 -> -1
2019-09-25 07:30:25,702 [pool-277-thread-1] INFO  server.RaftServerConfigKeys (ConfUtils.java:logGet(43)) - raft.server.snapshot.auto.trigger.enabled = true (custom)
2019-09-25 07:30:25,702 [pool-277-thread-1] INFO  server.RaftServerConfigKeys (ConfUtils.java:logGet(43)) - raft.server.snapshot.auto.trigger.threshold = 10000 (custom)
2019-09-25 07:30:25,702 [pool-277-thread-1] INFO  server.RaftServerConfigKeys (ConfUtils.java:logGet(43)) - raft.server.snapshot.retention.num.files = 5 (custom)
2019-09-25 07:30:25,702 [pool-277-thread-1] INFO  server.RaftServerConfigKeys (ConfUtils.java:logGet(43)) - raft.server.retrycache.expirytime = 600000ms (custom)
2019-09-25 07:30:25,704 [pool-277-thread-1] INFO  impl.RaftServerImpl (RaftServerImpl.java:start(185)) - e922a23f-709c-4ffc-b707-fa2ce4e2ab76@group-EC8A7356A9E3: start as a follower, conf=-1: [e922a23f-709c-4ffc-b707-fa2ce4e2ab76:192.168.151.106:34835], old=null
2019-09-25 07:30:25,704 [pool-277-thread-1] INFO  impl.RaftServerImpl (RaftServerImpl.java:setRole(174)) - e922a23f-709c-4ffc-b707-fa2ce4e2ab76@group-EC8A7356A9E3: changes role from      null to FOLLOWER at term 0 for startAsFollower
2019-09-25 07:30:25,704 [pool-277-thread-1] INFO  impl.RoleInfo (RoleInfo.java:updateAndGet(143)) - e922a23f-709c-4ffc-b707-fa2ce4e2ab76: start FollowerState
2019-09-25 07:30:25,704 [pool-277-thread-1] INFO  util.JmxRegister (JmxRegister.java:tryRegister(44)) - Successfully registered JMX Bean with object name Ratis:service=RaftServer,group=group-EC8A7356A9E3,id=e922a23f-709c-4ffc-b707-fa2ce4e2ab76
2019-09-25 07:30:25,707 [RatisPipelineUtilsThread] INFO  pipeline.PipelineStateManager (PipelineStateManager.java:addPipeline(56)) - Created pipeline Pipeline[ Id: 741424d9-3b07-4c33-9a03-ec8a7356a9e3, Nodes: e922a23f-709c-4ffc-b707-fa2ce4e2ab76{ip: 192.168.151.106, host: pr-hdds-1569-x2sr2-3486766547, networkLocation: /default-rack, certSerialId: null}, Type:RATIS, Factor:ONE, State:OPEN]
2019-09-25 07:30:25,712 [grpc-default-executor-0] INFO  impl.RaftServerProxy (RaftServerProxy.java:addNew(89)) - e922a23f-709c-4ffc-b707-fa2ce4e2ab76: addNew group-24372793827A:[e922a23f-709c-4ffc-b707-fa2ce4e2ab76:192.168.151.106:34835] returns group-24372793827A:java.util.concurrent.CompletableFuture@3c4f4f2d[Not completed]
2019-09-25 07:30:25,712 [pool-277-thread-1] INFO  impl.RaftServerImpl (RaftServerImpl.java:<init>(95)) - e922a23f-709c-4ffc-b707-fa2ce4e2ab76: new RaftServerImpl for group-24372793827A:[e922a23f-709c-4ffc-b707-fa2ce4e2ab76:192.168.151.106:34835] with ContainerStateMachine:uninitialized
2019-09-25 07:30:25,713 [pool-277-thread-1] INFO  server.RaftServerConfigKeys (ConfUtils.java:logGet(43)) - raft.server.rpc.timeout.min = 5s (custom)
2019-09-25 07:30:25,713 [pool-277-thread-1] INFO  server.RaftServerConfigKeys (ConfUtils.java:logGet(43)) - raft.server.rpc.timeout.max = 5200ms (custom)
2019-09-25 07:30:25,713 [pool-277-thread-1] INFO  server.RaftServerConfigKeys (ConfUtils.java:logGet(43)) - raft.server.rpcslowness.timeout = 120s (custom)
2019-09-25 07:30:25,713 [pool-277-thread-1] INFO  server.RaftServerConfigKeys (ConfUtils.java:logGet(43)) - raft.server.sleep.deviation.threshold = 300 (default)
2019-09-25 07:30:25,713 [pool-277-thread-1] INFO  server.RaftServerConfigKeys (ConfUtils.java:logGet(43)) - raft.server.log.appender.install.snapshot.enabled = false (custom)
2019-09-25 07:30:25,713 [pool-277-thread-1] INFO  impl.RaftServerImpl (ServerState.java:<init>(103)) - e922a23f-709c-4ffc-b707-fa2ce4e2ab76@group-24372793827A: ConfigurationManager, init=-1: [e922a23f-709c-4ffc-b707-fa2ce4e2ab76:192.168.151.106:34835], old=null, confs=<EMPTY_MAP>
2019-09-25 07:30:25,713 [pool-277-thread-1] INFO  server.RaftServerConfigKeys (ConfUtils.java:logGet(43)) - raft.server.storage.dir = [/workdir/hadoop-ozone/ozonefs/target/test-dir/MiniOzoneClusterImpl-d5bff4f9-f30c-4d12-b02b-d1d52f4107cc/datanode-0/data/ratis] (custom)
2019-09-25 07:30:25,714 [pool-277-thread-1] INFO  storage.RaftStorageDirectory (RaftStorageDirectory.java:analyzeStorage(246)) - The storage directory /workdir/hadoop-ozone/ozonefs/target/test-dir/MiniOzoneClusterImpl-d5bff4f9-f30c-4d12-b02b-d1d52f4107cc/datanode-0/data/ratis/5f192ac0-bf8b-4347-8212-24372793827a does not exist. Creating ...
2019-09-25 07:30:25,736 [pool-277-thread-1] INFO  storage.RaftStorageDirectory (RaftStorageDirectory.java:tryLock(328)) - Lock on /workdir/hadoop-ozone/ozonefs/target/test-dir/MiniOzoneClusterImpl-d5bff4f9-f30c-4d12-b02b-d1d52f4107cc/datanode-0/data/ratis/5f192ac0-bf8b-4347-8212-24372793827a/in_use.lock acquired by nodename 17738@pr-hdds-1569-x2sr2-3486766547
2019-09-25 07:30:25,760 [pool-277-thread-1] INFO  storage.RaftStorage (RaftStorage.java:format(72)) - Storage directory /workdir/hadoop-ozone/ozonefs/target/test-dir/MiniOzoneClusterImpl-d5bff4f9-f30c-4d12-b02b-d1d52f4107cc/datanode-0/data/ratis/5f192ac0-bf8b-4347-8212-24372793827a has been successfully formatted.
2019-09-25 07:30:25,760 [pool-277-thread-1] INFO  ratis.ContainerStateMachine (ContainerStateMachine.java:loadSnapshot(230)) - group-24372793827A: The snapshot info is null. Setting the last applied indexto:(t:0, i:~)
2019-09-25 07:30:25,760 [pool-277-thread-1] INFO  server.RaftServerConfigKeys (ConfUtils.java:logGet(43)) - raft.server.notification.no-leader.timeout = 120s (custom)
2019-09-25 07:30:25,760 [pool-277-thread-1] INFO  server.RaftServerConfigKeys (ConfUtils.java:logGet(43)) - raft.server.log.use.memory = false (default)
2019-09-25 07:30:25,761 [pool-277-thread-1] INFO  server.RaftServerConfigKeys (ConfUtils.java:logGet(43)) - raft.server.log.purge.gap = 1000000 (custom)
2019-09-25 07:30:25,761 [pool-277-thread-1] INFO  server.RaftServerConfigKeys (ConfUtils.java:logGet(43)) - raft.server.log.appender.buffer.byte-limit = 33554432 (custom)
2019-09-25 07:30:25,761 [pool-277-thread-1] INFO  server.RaftServerConfigKeys (ConfUtils.java:logGet(43)) - raft.server.log.segment.size.max = 1048576 (custom)
2019-09-25 07:30:25,761 [pool-277-thread-1] INFO  server.RaftServerConfigKeys (ConfUtils.java:logGet(43)) - raft.server.log.segment.cache.num.max = 2 (custom)
2019-09-25 07:30:25,761 [pool-277-thread-1] INFO  segmented.SegmentedRaftLogWorker (SegmentedRaftLogWorker.java:<init>(172)) - new e922a23f-709c-4ffc-b707-fa2ce4e2ab76@group-24372793827A-SegmentedRaftLogWorker for RaftStorage:Storage Directory /workdir/hadoop-ozone/ozonefs/target/test-dir/MiniOzoneClusterImpl-d5bff4f9-f30c-4d12-b02b-d1d52f4107cc/datanode-0/data/ratis/5f192ac0-bf8b-4347-8212-24372793827a
2019-09-25 07:30:25,761 [pool-277-thread-1] INFO  server.RaftServerConfigKeys (ConfUtils.java:logGet(43)) - raft.server.log.queue.byte-limit = 2147483647 (custom)
2019-09-25 07:30:25,762 [pool-277-thread-1] INFO  server.RaftServerConfigKeys (ConfUtils.java:logGet(43)) - raft.server.log.queue.element-limit = 1024 (custom)
2019-09-25 07:30:25,762 [pool-277-thread-1] INFO  server.RaftServerConfigKeys (ConfUtils.java:logGet(43)) - raft.server.log.segment.size.max = 1048576 (custom)
2019-09-25 07:30:25,762 [pool-277-thread-1] INFO  server.RaftServerConfigKeys (ConfUtils.java:logGet(43)) - raft.server.log.preallocated.size = 16384 (custom)
2019-09-25 07:30:25,762 [pool-277-thread-1] INFO  server.RaftServerConfigKeys (ConfUtils.java:logGet(43)) - raft.server.log.write.buffer.size = 33554432 (custom)
2019-09-25 07:30:25,762 [pool-277-thread-1] INFO  server.RaftServerConfigKeys (ConfUtils.java:logGet(43)) - raft.server.log.force.sync.num = 128 (default)
2019-09-25 07:30:25,762 [pool-277-thread-1] INFO  server.RaftServerConfigKeys (ConfUtils.java:logGet(43)) - raft.server.log.statemachine.data.sync = true (default)
2019-09-25 07:30:25,762 [pool-277-thread-1] INFO  server.RaftServerConfigKeys (ConfUtils.java:logGet(43)) - raft.server.log.statemachine.data.sync.timeout = 10s (default)
2019-09-25 07:30:25,763 [pool-277-thread-1] INFO  server.RaftServerConfigKeys (ConfUtils.java:logGet(43)) - raft.server.log.statemachine.data.sync.timeout.retry = -1 (default)
2019-09-25 07:30:25,763 [pool-277-thread-1] INFO  server.RaftServerConfigKeys (ConfUtils.java:logGet(43)) - raft.server.log.statemachine.data.caching.enabled = true (custom)
2019-09-25 07:30:25,763 [pool-277-thread-1] INFO  segmented.SegmentedRaftLogWorker (SegmentedRaftLogWorker.java:lambda$new$0(132)) - e922a23f-709c-4ffc-b707-fa2ce4e2ab76@group-24372793827A-SegmentedRaftLogWorker: flushIndex: setUnconditionally 0 -> -1
2019-09-25 07:30:25,763 [pool-277-thread-1] INFO  server.RaftServerConfigKeys (ConfUtils.java:logGet(43)) - raft.server.snapshot.auto.trigger.enabled = true (custom)
2019-09-25 07:30:25,763 [pool-277-thread-1] INFO  server.RaftServerConfigKeys (ConfUtils.java:logGet(43)) - raft.server.snapshot.auto.trigger.threshold = 10000 (custom)
2019-09-25 07:30:25,764 [pool-277-thread-1] INFO  server.RaftServerConfigKeys (ConfUtils.java:logGet(43)) - raft.server.snapshot.retention.num.files = 5 (custom)
2019-09-25 07:30:25,764 [pool-277-thread-1] INFO  server.RaftServerConfigKeys (ConfUtils.java:logGet(43)) - raft.server.retrycache.expirytime = 600000ms (custom)
2019-09-25 07:30:25,765 [pool-277-thread-1] INFO  impl.RaftServerImpl (RaftServerImpl.java:start(185)) - e922a23f-709c-4ffc-b707-fa2ce4e2ab76@group-24372793827A: start as a follower, conf=-1: [e922a23f-709c-4ffc-b707-fa2ce4e2ab76:192.168.151.106:34835], old=null
2019-09-25 07:30:25,766 [pool-277-thread-1] INFO  impl.RaftServerImpl (RaftServerImpl.java:setRole(174)) - e922a23f-709c-4ffc-b707-fa2ce4e2ab76@group-24372793827A: changes role from      null to FOLLOWER at term 0 for startAsFollower
2019-09-25 07:30:25,766 [pool-277-thread-1] INFO  impl.RoleInfo (RoleInfo.java:updateAndGet(143)) - e922a23f-709c-4ffc-b707-fa2ce4e2ab76: start FollowerState
2019-09-25 07:30:25,766 [pool-277-thread-1] INFO  util.JmxRegister (JmxRegister.java:tryRegister(44)) - Successfully registered JMX Bean with object name Ratis:service=RaftServer,group=group-24372793827A,id=e922a23f-709c-4ffc-b707-fa2ce4e2ab76
2019-09-25 07:30:25,769 [RatisPipelineUtilsThread] INFO  pipeline.PipelineStateManager (PipelineStateManager.java:addPipeline(56)) - Created pipeline Pipeline[ Id: 5f192ac0-bf8b-4347-8212-24372793827a, Nodes: e922a23f-709c-4ffc-b707-fa2ce4e2ab76{ip: 192.168.151.106, host: pr-hdds-1569-x2sr2-3486766547, networkLocation: /default-rack, certSerialId: null}, Type:RATIS, Factor:ONE, State:OPEN]
2019-09-25 07:30:25,777 [grpc-default-executor-0] INFO  impl.RaftServerProxy (RaftServerProxy.java:addNew(89)) - 8db113de-7b84-41a1-a116-0df055b189a9: addNew group-7E163C5EA617:[8db113de-7b84-41a1-a116-0df055b189a9:192.168.151.106:39179] returns group-7E163C5EA617:java.util.concurrent.CompletableFuture@7e711917[Not completed]
2019-09-25 07:30:25,778 [pool-297-thread-1] INFO  impl.RaftServerImpl (RaftServerImpl.java:<init>(95)) - 8db113de-7b84-41a1-a116-0df055b189a9: new RaftServerImpl for group-7E163C5EA617:[8db113de-7b84-41a1-a116-0df055b189a9:192.168.151.106:39179] with ContainerStateMachine:uninitialized
2019-09-25 07:30:25,778 [pool-297-thread-1] INFO  server.RaftServerConfigKeys (ConfUtils.java:logGet(43)) - raft.server.rpc.timeout.min = 5s (custom)
2019-09-25 07:30:25,778 [pool-297-thread-1] INFO  server.RaftServerConfigKeys (ConfUtils.java:logGet(43)) - raft.server.rpc.timeout.max = 5200ms (custom)
2019-09-25 07:30:25,778 [pool-297-thread-1] INFO  server.RaftServerConfigKeys (ConfUtils.java:logGet(43)) - raft.server.rpcslowness.timeout = 120s (custom)
2019-09-25 07:30:25,778 [pool-297-thread-1] INFO  server.RaftServerConfigKeys (ConfUtils.java:logGet(43)) - raft.server.sleep.deviation.threshold = 300 (default)
2019-09-25 07:30:25,778 [pool-297-thread-1] INFO  server.RaftServerConfigKeys (ConfUtils.java:logGet(43)) - raft.server.log.appender.install.snapshot.enabled = false (custom)
2019-09-25 07:30:25,778 [pool-297-thread-1] INFO  impl.RaftServerImpl (ServerState.java:<init>(103)) - 8db113de-7b84-41a1-a116-0df055b189a9@group-7E163C5EA617: ConfigurationManager, init=-1: [8db113de-7b84-41a1-a116-0df055b189a9:192.168.151.106:39179], old=null, confs=<EMPTY_MAP>
2019-09-25 07:30:25,778 [pool-297-thread-1] INFO  server.RaftServerConfigKeys (ConfUtils.java:logGet(43)) - raft.server.storage.dir = [/workdir/hadoop-ozone/ozonefs/target/test-dir/MiniOzoneClusterImpl-d5bff4f9-f30c-4d12-b02b-d1d52f4107cc/datanode-2/data/ratis] (custom)
2019-09-25 07:30:25,779 [pool-297-thread-1] INFO  storage.RaftStorageDirectory (RaftStorageDirectory.java:analyzeStorage(246)) - The storage directory /workdir/hadoop-ozone/ozonefs/target/test-dir/MiniOzoneClusterImpl-d5bff4f9-f30c-4d12-b02b-d1d52f4107cc/datanode-2/data/ratis/1da2876d-f09d-486f-b9b7-7e163c5ea617 does not exist. Creating ...
2019-09-25 07:30:25,801 [pool-297-thread-1] INFO  storage.RaftStorageDirectory (RaftStorageDirectory.java:tryLock(328)) - Lock on /workdir/hadoop-ozone/ozonefs/target/test-dir/MiniOzoneClusterImpl-d5bff4f9-f30c-4d12-b02b-d1d52f4107cc/datanode-2/data/ratis/1da2876d-f09d-486f-b9b7-7e163c5ea617/in_use.lock acquired by nodename 17738@pr-hdds-1569-x2sr2-3486766547
2019-09-25 07:30:25,826 [pool-297-thread-1] INFO  storage.RaftStorage (RaftStorage.java:format(72)) - Storage directory /workdir/hadoop-ozone/ozonefs/target/test-dir/MiniOzoneClusterImpl-d5bff4f9-f30c-4d12-b02b-d1d52f4107cc/datanode-2/data/ratis/1da2876d-f09d-486f-b9b7-7e163c5ea617 has been successfully formatted.
2019-09-25 07:30:25,826 [pool-297-thread-1] INFO  ratis.ContainerStateMachine (ContainerStateMachine.java:loadSnapshot(230)) - group-7E163C5EA617: The snapshot info is null. Setting the last applied indexto:(t:0, i:~)
2019-09-25 07:30:25,827 [pool-297-thread-1] INFO  server.RaftServerConfigKeys (ConfUtils.java:logGet(43)) - raft.server.notification.no-leader.timeout = 120s (custom)
2019-09-25 07:30:25,827 [pool-297-thread-1] INFO  server.RaftServerConfigKeys (ConfUtils.java:logGet(43)) - raft.server.log.use.memory = false (default)
2019-09-25 07:30:25,827 [pool-297-thread-1] INFO  server.RaftServerConfigKeys (ConfUtils.java:logGet(43)) - raft.server.log.purge.gap = 1000000 (custom)
2019-09-25 07:30:25,827 [pool-297-thread-1] INFO  server.RaftServerConfigKeys (ConfUtils.java:logGet(43)) - raft.server.log.appender.buffer.byte-limit = 33554432 (custom)
2019-09-25 07:30:25,827 [pool-297-thread-1] INFO  server.RaftServerConfigKeys (ConfUtils.java:logGet(43)) - raft.server.log.segment.size.max = 1048576 (custom)
2019-09-25 07:30:25,827 [pool-297-thread-1] INFO  server.RaftServerConfigKeys (ConfUtils.java:logGet(43)) - raft.server.log.segment.cache.num.max = 2 (custom)
2019-09-25 07:30:25,828 [pool-297-thread-1] INFO  segmented.SegmentedRaftLogWorker (SegmentedRaftLogWorker.java:<init>(172)) - new 8db113de-7b84-41a1-a116-0df055b189a9@group-7E163C5EA617-SegmentedRaftLogWorker for RaftStorage:Storage Directory /workdir/hadoop-ozone/ozonefs/target/test-dir/MiniOzoneClusterImpl-d5bff4f9-f30c-4d12-b02b-d1d52f4107cc/datanode-2/data/ratis/1da2876d-f09d-486f-b9b7-7e163c5ea617
2019-09-25 07:30:25,829 [pool-297-thread-1] INFO  server.RaftServerConfigKeys (ConfUtils.java:logGet(43)) - raft.server.log.queue.byte-limit = 2147483647 (custom)
2019-09-25 07:30:25,829 [pool-297-thread-1] INFO  server.RaftServerConfigKeys (ConfUtils.java:logGet(43)) - raft.server.log.queue.element-limit = 1024 (custom)
2019-09-25 07:30:25,830 [pool-297-thread-1] INFO  server.RaftServerConfigKeys (ConfUtils.java:logGet(43)) - raft.server.log.segment.size.max = 1048576 (custom)
2019-09-25 07:30:25,830 [pool-297-thread-1] INFO  server.RaftServerConfigKeys (ConfUtils.java:logGet(43)) - raft.server.log.preallocated.size = 16384 (custom)
2019-09-25 07:30:25,830 [pool-297-thread-1] INFO  server.RaftServerConfigKeys (ConfUtils.java:logGet(43)) - raft.server.log.write.buffer.size = 33554432 (custom)
2019-09-25 07:30:25,830 [pool-297-thread-1] INFO  server.RaftServerConfigKeys (ConfUtils.java:logGet(43)) - raft.server.log.force.sync.num = 128 (default)
2019-09-25 07:30:25,830 [pool-297-thread-1] INFO  server.RaftServerConfigKeys (ConfUtils.java:logGet(43)) - raft.server.log.statemachine.data.sync = true (default)
2019-09-25 07:30:25,830 [pool-297-thread-1] INFO  server.RaftServerConfigKeys (ConfUtils.java:logGet(43)) - raft.server.log.statemachine.data.sync.timeout = 10s (default)
2019-09-25 07:30:25,830 [pool-297-thread-1] INFO  server.RaftServerConfigKeys (ConfUtils.java:logGet(43)) - raft.server.log.statemachine.data.sync.timeout.retry = -1 (default)
2019-09-25 07:30:25,831 [pool-297-thread-1] INFO  server.RaftServerConfigKeys (ConfUtils.java:logGet(43)) - raft.server.log.statemachine.data.caching.enabled = true (custom)
2019-09-25 07:30:25,831 [pool-297-thread-1] INFO  segmented.SegmentedRaftLogWorker (SegmentedRaftLogWorker.java:lambda$new$0(132)) - 8db113de-7b84-41a1-a116-0df055b189a9@group-7E163C5EA617-SegmentedRaftLogWorker: flushIndex: setUnconditionally 0 -> -1
2019-09-25 07:30:25,831 [pool-297-thread-1] INFO  server.RaftServerConfigKeys (ConfUtils.java:logGet(43)) - raft.server.snapshot.auto.trigger.enabled = true (custom)
2019-09-25 07:30:25,831 [pool-297-thread-1] INFO  server.RaftServerConfigKeys (ConfUtils.java:logGet(43)) - raft.server.snapshot.auto.trigger.threshold = 10000 (custom)
2019-09-25 07:30:25,832 [pool-297-thread-1] INFO  server.RaftServerConfigKeys (ConfUtils.java:logGet(43)) - raft.server.snapshot.retention.num.files = 5 (custom)
2019-09-25 07:30:25,832 [pool-297-thread-1] INFO  server.RaftServerConfigKeys (ConfUtils.java:logGet(43)) - raft.server.retrycache.expirytime = 600000ms (custom)
2019-09-25 07:30:25,833 [pool-297-thread-1] INFO  impl.RaftServerImpl (RaftServerImpl.java:start(185)) - 8db113de-7b84-41a1-a116-0df055b189a9@group-7E163C5EA617: start as a follower, conf=-1: [8db113de-7b84-41a1-a116-0df055b189a9:192.168.151.106:39179], old=null
2019-09-25 07:30:25,833 [pool-297-thread-1] INFO  impl.RaftServerImpl (RaftServerImpl.java:setRole(174)) - 8db113de-7b84-41a1-a116-0df055b189a9@group-7E163C5EA617: changes role from      null to FOLLOWER at term 0 for startAsFollower
2019-09-25 07:30:25,833 [pool-297-thread-1] INFO  impl.RoleInfo (RoleInfo.java:updateAndGet(143)) - 8db113de-7b84-41a1-a116-0df055b189a9: start FollowerState
2019-09-25 07:30:25,834 [pool-297-thread-1] INFO  util.JmxRegister (JmxRegister.java:tryRegister(44)) - Successfully registered JMX Bean with object name Ratis:service=RaftServer,group=group-7E163C5EA617,id=8db113de-7b84-41a1-a116-0df055b189a9
2019-09-25 07:30:25,837 [RatisPipelineUtilsThread] INFO  pipeline.PipelineStateManager (PipelineStateManager.java:addPipeline(56)) - Created pipeline Pipeline[ Id: 1da2876d-f09d-486f-b9b7-7e163c5ea617, Nodes: 8db113de-7b84-41a1-a116-0df055b189a9{ip: 192.168.151.106, host: pr-hdds-1569-x2sr2-3486766547, networkLocation: /default-rack, certSerialId: null}, Type:RATIS, Factor:ONE, State:OPEN]
2019-09-25 07:30:25,843 [grpc-default-executor-0] INFO  impl.RaftServerProxy (RaftServerProxy.java:addNew(89)) - e922a23f-709c-4ffc-b707-fa2ce4e2ab76: addNew group-5F742B38B865:[e922a23f-709c-4ffc-b707-fa2ce4e2ab76:192.168.151.106:34835] returns group-5F742B38B865:java.util.concurrent.CompletableFuture@2649a3a5[Not completed]
2019-09-25 07:30:25,843 [pool-277-thread-1] INFO  impl.RaftServerImpl (RaftServerImpl.java:<init>(95)) - e922a23f-709c-4ffc-b707-fa2ce4e2ab76: new RaftServerImpl for group-5F742B38B865:[e922a23f-709c-4ffc-b707-fa2ce4e2ab76:192.168.151.106:34835] with ContainerStateMachine:uninitialized
2019-09-25 07:30:25,844 [pool-277-thread-1] INFO  server.RaftServerConfigKeys (ConfUtils.java:logGet(43)) - raft.server.rpc.timeout.min = 5s (custom)
2019-09-25 07:30:25,844 [pool-277-thread-1] INFO  server.RaftServerConfigKeys (ConfUtils.java:logGet(43)) - raft.server.rpc.timeout.max = 5200ms (custom)
2019-09-25 07:30:25,844 [pool-277-thread-1] INFO  server.RaftServerConfigKeys (ConfUtils.java:logGet(43)) - raft.server.rpcslowness.timeout = 120s (custom)
2019-09-25 07:30:25,844 [pool-277-thread-1] INFO  server.RaftServerConfigKeys (ConfUtils.java:logGet(43)) - raft.server.sleep.deviation.threshold = 300 (default)
2019-09-25 07:30:25,844 [pool-277-thread-1] INFO  server.RaftServerConfigKeys (ConfUtils.java:logGet(43)) - raft.server.log.appender.install.snapshot.enabled = false (custom)
2019-09-25 07:30:25,844 [pool-277-thread-1] INFO  impl.RaftServerImpl (ServerState.java:<init>(103)) - e922a23f-709c-4ffc-b707-fa2ce4e2ab76@group-5F742B38B865: ConfigurationManager, init=-1: [e922a23f-709c-4ffc-b707-fa2ce4e2ab76:192.168.151.106:34835], old=null, confs=<EMPTY_MAP>
2019-09-25 07:30:25,844 [pool-277-thread-1] INFO  server.RaftServerConfigKeys (ConfUtils.java:logGet(43)) - raft.server.storage.dir = [/workdir/hadoop-ozone/ozonefs/target/test-dir/MiniOzoneClusterImpl-d5bff4f9-f30c-4d12-b02b-d1d52f4107cc/datanode-0/data/ratis] (custom)
2019-09-25 07:30:25,845 [pool-277-thread-1] INFO  storage.RaftStorageDirectory (RaftStorageDirectory.java:analyzeStorage(246)) - The storage directory /workdir/hadoop-ozone/ozonefs/target/test-dir/MiniOzoneClusterImpl-d5bff4f9-f30c-4d12-b02b-d1d52f4107cc/datanode-0/data/ratis/58fe8e0f-2c1f-4c96-9ed4-5f742b38b865 does not exist. Creating ...
2019-09-25 07:30:25,868 [pool-277-thread-1] INFO  storage.RaftStorageDirectory (RaftStorageDirectory.java:tryLock(328)) - Lock on /workdir/hadoop-ozone/ozonefs/target/test-dir/MiniOzoneClusterImpl-d5bff4f9-f30c-4d12-b02b-d1d52f4107cc/datanode-0/data/ratis/58fe8e0f-2c1f-4c96-9ed4-5f742b38b865/in_use.lock acquired by nodename 17738@pr-hdds-1569-x2sr2-3486766547
2019-09-25 07:30:25,903 [pool-277-thread-1] INFO  storage.RaftStorage (RaftStorage.java:format(72)) - Storage directory /workdir/hadoop-ozone/ozonefs/target/test-dir/MiniOzoneClusterImpl-d5bff4f9-f30c-4d12-b02b-d1d52f4107cc/datanode-0/data/ratis/58fe8e0f-2c1f-4c96-9ed4-5f742b38b865 has been successfully formatted.
2019-09-25 07:30:25,903 [pool-277-thread-1] INFO  ratis.ContainerStateMachine (ContainerStateMachine.java:loadSnapshot(230)) - group-5F742B38B865: The snapshot info is null. Setting the last applied indexto:(t:0, i:~)
2019-09-25 07:30:25,903 [pool-277-thread-1] INFO  server.RaftServerConfigKeys (ConfUtils.java:logGet(43)) - raft.server.notification.no-leader.timeout = 120s (custom)
2019-09-25 07:30:25,903 [pool-277-thread-1] INFO  server.RaftServerConfigKeys (ConfUtils.java:logGet(43)) - raft.server.log.use.memory = false (default)
2019-09-25 07:30:25,903 [pool-277-thread-1] INFO  server.RaftServerConfigKeys (ConfUtils.java:logGet(43)) - raft.server.log.purge.gap = 1000000 (custom)
2019-09-25 07:30:25,904 [pool-277-thread-1] INFO  server.RaftServerConfigKeys (ConfUtils.java:logGet(43)) - raft.server.log.appender.buffer.byte-limit = 33554432 (custom)
2019-09-25 07:30:25,904 [pool-277-thread-1] INFO  server.RaftServerConfigKeys (ConfUtils.java:logGet(43)) - raft.server.log.segment.size.max = 1048576 (custom)
2019-09-25 07:30:25,904 [pool-277-thread-1] INFO  server.RaftServerConfigKeys (ConfUtils.java:logGet(43)) - raft.server.log.segment.cache.num.max = 2 (custom)
2019-09-25 07:30:25,904 [pool-277-thread-1] INFO  segmented.SegmentedRaftLogWorker (SegmentedRaftLogWorker.java:<init>(172)) - new e922a23f-709c-4ffc-b707-fa2ce4e2ab76@group-5F742B38B865-SegmentedRaftLogWorker for RaftStorage:Storage Directory /workdir/hadoop-ozone/ozonefs/target/test-dir/MiniOzoneClusterImpl-d5bff4f9-f30c-4d12-b02b-d1d52f4107cc/datanode-0/data/ratis/58fe8e0f-2c1f-4c96-9ed4-5f742b38b865
2019-09-25 07:30:25,904 [pool-277-thread-1] INFO  server.RaftServerConfigKeys (ConfUtils.java:logGet(43)) - raft.server.log.queue.byte-limit = 2147483647 (custom)
2019-09-25 07:30:25,904 [pool-277-thread-1] INFO  server.RaftServerConfigKeys (ConfUtils.java:logGet(43)) - raft.server.log.queue.element-limit = 1024 (custom)
2019-09-25 07:30:25,905 [pool-277-thread-1] INFO  server.RaftServerConfigKeys (ConfUtils.java:logGet(43)) - raft.server.log.segment.size.max = 1048576 (custom)
2019-09-25 07:30:25,905 [pool-277-thread-1] INFO  server.RaftServerConfigKeys (ConfUtils.java:logGet(43)) - raft.server.log.preallocated.size = 16384 (custom)
2019-09-25 07:30:25,905 [pool-277-thread-1] INFO  server.RaftServerConfigKeys (ConfUtils.java:logGet(43)) - raft.server.log.write.buffer.size = 33554432 (custom)
2019-09-25 07:30:25,905 [pool-277-thread-1] INFO  server.RaftServerConfigKeys (ConfUtils.java:logGet(43)) - raft.server.log.force.sync.num = 128 (default)
2019-09-25 07:30:25,905 [pool-277-thread-1] INFO  server.RaftServerConfigKeys (ConfUtils.java:logGet(43)) - raft.server.log.statemachine.data.sync = true (default)
2019-09-25 07:30:25,905 [pool-277-thread-1] INFO  server.RaftServerConfigKeys (ConfUtils.java:logGet(43)) - raft.server.log.statemachine.data.sync.timeout = 10s (default)
2019-09-25 07:30:25,906 [pool-277-thread-1] INFO  server.RaftServerConfigKeys (ConfUtils.java:logGet(43)) - raft.server.log.statemachine.data.sync.timeout.retry = -1 (default)
2019-09-25 07:30:25,906 [pool-277-thread-1] INFO  server.RaftServerConfigKeys (ConfUtils.java:logGet(43)) - raft.server.log.statemachine.data.caching.enabled = true (custom)
2019-09-25 07:30:25,906 [pool-277-thread-1] INFO  segmented.SegmentedRaftLogWorker (SegmentedRaftLogWorker.java:lambda$new$0(132)) - e922a23f-709c-4ffc-b707-fa2ce4e2ab76@group-5F742B38B865-SegmentedRaftLogWorker: flushIndex: setUnconditionally 0 -> -1
2019-09-25 07:30:25,906 [pool-277-thread-1] INFO  server.RaftServerConfigKeys (ConfUtils.java:logGet(43)) - raft.server.snapshot.auto.trigger.enabled = true (custom)
2019-09-25 07:30:25,907 [pool-277-thread-1] INFO  server.RaftServerConfigKeys (ConfUtils.java:logGet(43)) - raft.server.snapshot.auto.trigger.threshold = 10000 (custom)
2019-09-25 07:30:25,907 [pool-277-thread-1] INFO  server.RaftServerConfigKeys (ConfUtils.java:logGet(43)) - raft.server.snapshot.retention.num.files = 5 (custom)
2019-09-25 07:30:25,907 [pool-277-thread-1] INFO  server.RaftServerConfigKeys (ConfUtils.java:logGet(43)) - raft.server.retrycache.expirytime = 600000ms (custom)
2019-09-25 07:30:25,909 [pool-277-thread-1] INFO  impl.RaftServerImpl (RaftServerImpl.java:start(185)) - e922a23f-709c-4ffc-b707-fa2ce4e2ab76@group-5F742B38B865: start as a follower, conf=-1: [e922a23f-709c-4ffc-b707-fa2ce4e2ab76:192.168.151.106:34835], old=null
2019-09-25 07:30:25,909 [pool-277-thread-1] INFO  impl.RaftServerImpl (RaftServerImpl.java:setRole(174)) - e922a23f-709c-4ffc-b707-fa2ce4e2ab76@group-5F742B38B865: changes role from      null to FOLLOWER at term 0 for startAsFollower
2019-09-25 07:30:25,909 [pool-277-thread-1] INFO  impl.RoleInfo (RoleInfo.java:updateAndGet(143)) - e922a23f-709c-4ffc-b707-fa2ce4e2ab76: start FollowerState
2019-09-25 07:30:25,909 [pool-277-thread-1] INFO  util.JmxRegister (JmxRegister.java:tryRegister(44)) - Successfully registered JMX Bean with object name Ratis:service=RaftServer,group=group-5F742B38B865,id=e922a23f-709c-4ffc-b707-fa2ce4e2ab76
2019-09-25 07:30:25,912 [RatisPipelineUtilsThread] INFO  pipeline.PipelineStateManager (PipelineStateManager.java:addPipeline(56)) - Created pipeline Pipeline[ Id: 58fe8e0f-2c1f-4c96-9ed4-5f742b38b865, Nodes: e922a23f-709c-4ffc-b707-fa2ce4e2ab76{ip: 192.168.151.106, host: pr-hdds-1569-x2sr2-3486766547, networkLocation: /default-rack, certSerialId: null}, Type:RATIS, Factor:ONE, State:OPEN]
2019-09-25 07:30:25,917 [grpc-default-executor-0] INFO  impl.RaftServerProxy (RaftServerProxy.java:addNew(89)) - e922a23f-709c-4ffc-b707-fa2ce4e2ab76: addNew group-5C457A4DFC6A:[e922a23f-709c-4ffc-b707-fa2ce4e2ab76:192.168.151.106:34835] returns group-5C457A4DFC6A:java.util.concurrent.CompletableFuture@3ca034f8[Not completed]
2019-09-25 07:30:25,918 [pool-277-thread-1] INFO  impl.RaftServerImpl (RaftServerImpl.java:<init>(95)) - e922a23f-709c-4ffc-b707-fa2ce4e2ab76: new RaftServerImpl for group-5C457A4DFC6A:[e922a23f-709c-4ffc-b707-fa2ce4e2ab76:192.168.151.106:34835] with ContainerStateMachine:uninitialized
2019-09-25 07:30:25,918 [pool-277-thread-1] INFO  server.RaftServerConfigKeys (ConfUtils.java:logGet(43)) - raft.server.rpc.timeout.min = 5s (custom)
2019-09-25 07:30:25,918 [pool-277-thread-1] INFO  server.RaftServerConfigKeys (ConfUtils.java:logGet(43)) - raft.server.rpc.timeout.max = 5200ms (custom)
2019-09-25 07:30:25,918 [pool-277-thread-1] INFO  server.RaftServerConfigKeys (ConfUtils.java:logGet(43)) - raft.server.rpcslowness.timeout = 120s (custom)
2019-09-25 07:30:25,918 [pool-277-thread-1] INFO  server.RaftServerConfigKeys (ConfUtils.java:logGet(43)) - raft.server.sleep.deviation.threshold = 300 (default)
2019-09-25 07:30:25,919 [pool-277-thread-1] INFO  server.RaftServerConfigKeys (ConfUtils.java:logGet(43)) - raft.server.log.appender.install.snapshot.enabled = false (custom)
2019-09-25 07:30:25,919 [pool-277-thread-1] INFO  impl.RaftServerImpl (ServerState.java:<init>(103)) - e922a23f-709c-4ffc-b707-fa2ce4e2ab76@group-5C457A4DFC6A: ConfigurationManager, init=-1: [e922a23f-709c-4ffc-b707-fa2ce4e2ab76:192.168.151.106:34835], old=null, confs=<EMPTY_MAP>
2019-09-25 07:30:25,919 [pool-277-thread-1] INFO  server.RaftServerConfigKeys (ConfUtils.java:logGet(43)) - raft.server.storage.dir = [/workdir/hadoop-ozone/ozonefs/target/test-dir/MiniOzoneClusterImpl-d5bff4f9-f30c-4d12-b02b-d1d52f4107cc/datanode-0/data/ratis] (custom)
2019-09-25 07:30:25,919 [pool-277-thread-1] INFO  storage.RaftStorageDirectory (RaftStorageDirectory.java:analyzeStorage(246)) - The storage directory /workdir/hadoop-ozone/ozonefs/target/test-dir/MiniOzoneClusterImpl-d5bff4f9-f30c-4d12-b02b-d1d52f4107cc/datanode-0/data/ratis/057ea7c1-40dd-455b-867d-5c457a4dfc6a does not exist. Creating ...
2019-09-25 07:30:25,946 [pool-277-thread-1] INFO  storage.RaftStorageDirectory (RaftStorageDirectory.java:tryLock(328)) - Lock on /workdir/hadoop-ozone/ozonefs/target/test-dir/MiniOzoneClusterImpl-d5bff4f9-f30c-4d12-b02b-d1d52f4107cc/datanode-0/data/ratis/057ea7c1-40dd-455b-867d-5c457a4dfc6a/in_use.lock acquired by nodename 17738@pr-hdds-1569-x2sr2-3486766547
2019-09-25 07:30:25,971 [pool-277-thread-1] INFO  storage.RaftStorage (RaftStorage.java:format(72)) - Storage directory /workdir/hadoop-ozone/ozonefs/target/test-dir/MiniOzoneClusterImpl-d5bff4f9-f30c-4d12-b02b-d1d52f4107cc/datanode-0/data/ratis/057ea7c1-40dd-455b-867d-5c457a4dfc6a has been successfully formatted.
2019-09-25 07:30:25,971 [pool-277-thread-1] INFO  ratis.ContainerStateMachine (ContainerStateMachine.java:loadSnapshot(230)) - group-5C457A4DFC6A: The snapshot info is null. Setting the last applied indexto:(t:0, i:~)
2019-09-25 07:30:25,971 [pool-277-thread-1] INFO  server.RaftServerConfigKeys (ConfUtils.java:logGet(43)) - raft.server.notification.no-leader.timeout = 120s (custom)
2019-09-25 07:30:25,972 [pool-277-thread-1] INFO  server.RaftServerConfigKeys (ConfUtils.java:logGet(43)) - raft.server.log.use.memory = false (default)
2019-09-25 07:30:25,972 [pool-277-thread-1] INFO  server.RaftServerConfigKeys (ConfUtils.java:logGet(43)) - raft.server.log.purge.gap = 1000000 (custom)
2019-09-25 07:30:25,972 [pool-277-thread-1] INFO  server.RaftServerConfigKeys (ConfUtils.java:logGet(43)) - raft.server.log.appender.buffer.byte-limit = 33554432 (custom)
2019-09-25 07:30:25,972 [pool-277-thread-1] INFO  server.RaftServerConfigKeys (ConfUtils.java:logGet(43)) - raft.server.log.segment.size.max = 1048576 (custom)
2019-09-25 07:30:25,972 [pool-277-thread-1] INFO  server.RaftServerConfigKeys (ConfUtils.java:logGet(43)) - raft.server.log.segment.cache.num.max = 2 (custom)
2019-09-25 07:30:25,972 [pool-277-thread-1] INFO  segmented.SegmentedRaftLogWorker (SegmentedRaftLogWorker.java:<init>(172)) - new e922a23f-709c-4ffc-b707-fa2ce4e2ab76@group-5C457A4DFC6A-SegmentedRaftLogWorker for RaftStorage:Storage Directory /workdir/hadoop-ozone/ozonefs/target/test-dir/MiniOzoneClusterImpl-d5bff4f9-f30c-4d12-b02b-d1d52f4107cc/datanode-0/data/ratis/057ea7c1-40dd-455b-867d-5c457a4dfc6a
2019-09-25 07:30:25,972 [pool-277-thread-1] INFO  server.RaftServerConfigKeys (ConfUtils.java:logGet(43)) - raft.server.log.queue.byte-limit = 2147483647 (custom)
2019-09-25 07:30:25,973 [pool-277-thread-1] INFO  server.RaftServerConfigKeys (ConfUtils.java:logGet(43)) - raft.server.log.queue.element-limit = 1024 (custom)
2019-09-25 07:30:25,973 [pool-277-thread-1] INFO  server.RaftServerConfigKeys (ConfUtils.java:logGet(43)) - raft.server.log.segment.size.max = 1048576 (custom)
2019-09-25 07:30:25,973 [pool-277-thread-1] INFO  server.RaftServerConfigKeys (ConfUtils.java:logGet(43)) - raft.server.log.preallocated.size = 16384 (custom)
2019-09-25 07:30:25,973 [pool-277-thread-1] INFO  server.RaftServerConfigKeys (ConfUtils.java:logGet(43)) - raft.server.log.write.buffer.size = 33554432 (custom)
2019-09-25 07:30:25,973 [pool-277-thread-1] INFO  server.RaftServerConfigKeys (ConfUtils.java:logGet(43)) - raft.server.log.force.sync.num = 128 (default)
2019-09-25 07:30:25,973 [pool-277-thread-1] INFO  server.RaftServerConfigKeys (ConfUtils.java:logGet(43)) - raft.server.log.statemachine.data.sync = true (default)
2019-09-25 07:30:25,973 [pool-277-thread-1] INFO  server.RaftServerConfigKeys (ConfUtils.java:logGet(43)) - raft.server.log.statemachine.data.sync.timeout = 10s (default)
2019-09-25 07:30:25,974 [pool-277-thread-1] INFO  server.RaftServerConfigKeys (ConfUtils.java:logGet(43)) - raft.server.log.statemachine.data.sync.timeout.retry = -1 (default)
2019-09-25 07:30:25,974 [pool-277-thread-1] INFO  server.RaftServerConfigKeys (ConfUtils.java:logGet(43)) - raft.server.log.statemachine.data.caching.enabled = true (custom)
2019-09-25 07:30:25,974 [pool-277-thread-1] INFO  segmented.SegmentedRaftLogWorker (SegmentedRaftLogWorker.java:lambda$new$0(132)) - e922a23f-709c-4ffc-b707-fa2ce4e2ab76@group-5C457A4DFC6A-SegmentedRaftLogWorker: flushIndex: setUnconditionally 0 -> -1
2019-09-25 07:30:25,974 [pool-277-thread-1] INFO  server.RaftServerConfigKeys (ConfUtils.java:logGet(43)) - raft.server.snapshot.auto.trigger.enabled = true (custom)
2019-09-25 07:30:25,974 [pool-277-thread-1] INFO  server.RaftServerConfigKeys (ConfUtils.java:logGet(43)) - raft.server.snapshot.auto.trigger.threshold = 10000 (custom)
2019-09-25 07:30:25,975 [pool-277-thread-1] INFO  server.RaftServerConfigKeys (ConfUtils.java:logGet(43)) - raft.server.snapshot.retention.num.files = 5 (custom)
2019-09-25 07:30:25,975 [pool-277-thread-1] INFO  server.RaftServerConfigKeys (ConfUtils.java:logGet(43)) - raft.server.retrycache.expirytime = 600000ms (custom)
2019-09-25 07:30:25,976 [pool-277-thread-1] INFO  impl.RaftServerImpl (RaftServerImpl.java:start(185)) - e922a23f-709c-4ffc-b707-fa2ce4e2ab76@group-5C457A4DFC6A: start as a follower, conf=-1: [e922a23f-709c-4ffc-b707-fa2ce4e2ab76:192.168.151.106:34835], old=null
2019-09-25 07:30:25,976 [pool-277-thread-1] INFO  impl.RaftServerImpl (RaftServerImpl.java:setRole(174)) - e922a23f-709c-4ffc-b707-fa2ce4e2ab76@group-5C457A4DFC6A: changes role from      null to FOLLOWER at term 0 for startAsFollower
2019-09-25 07:30:25,977 [pool-277-thread-1] INFO  impl.RoleInfo (RoleInfo.java:updateAndGet(143)) - e922a23f-709c-4ffc-b707-fa2ce4e2ab76: start FollowerState
2019-09-25 07:30:25,977 [pool-277-thread-1] INFO  util.JmxRegister (JmxRegister.java:tryRegister(44)) - Successfully registered JMX Bean with object name Ratis:service=RaftServer,group=group-5C457A4DFC6A,id=e922a23f-709c-4ffc-b707-fa2ce4e2ab76
2019-09-25 07:30:25,980 [RatisPipelineUtilsThread] INFO  pipeline.PipelineStateManager (PipelineStateManager.java:addPipeline(56)) - Created pipeline Pipeline[ Id: 057ea7c1-40dd-455b-867d-5c457a4dfc6a, Nodes: e922a23f-709c-4ffc-b707-fa2ce4e2ab76{ip: 192.168.151.106, host: pr-hdds-1569-x2sr2-3486766547, networkLocation: /default-rack, certSerialId: null}, Type:RATIS, Factor:ONE, State:OPEN]
2019-09-25 07:30:25,984 [grpc-default-executor-0] INFO  impl.RaftServerProxy (RaftServerProxy.java:addNew(89)) - e922a23f-709c-4ffc-b707-fa2ce4e2ab76: addNew group-3714BD58780E:[e922a23f-709c-4ffc-b707-fa2ce4e2ab76:192.168.151.106:34835] returns group-3714BD58780E:java.util.concurrent.CompletableFuture@6790cd8b[Not completed]
2019-09-25 07:30:25,985 [pool-277-thread-1] INFO  impl.RaftServerImpl (RaftServerImpl.java:<init>(95)) - e922a23f-709c-4ffc-b707-fa2ce4e2ab76: new RaftServerImpl for group-3714BD58780E:[e922a23f-709c-4ffc-b707-fa2ce4e2ab76:192.168.151.106:34835] with ContainerStateMachine:uninitialized
2019-09-25 07:30:25,985 [pool-277-thread-1] INFO  server.RaftServerConfigKeys (ConfUtils.java:logGet(43)) - raft.server.rpc.timeout.min = 5s (custom)
2019-09-25 07:30:25,985 [pool-277-thread-1] INFO  server.RaftServerConfigKeys (ConfUtils.java:logGet(43)) - raft.server.rpc.timeout.max = 5200ms (custom)
2019-09-25 07:30:25,985 [pool-277-thread-1] INFO  server.RaftServerConfigKeys (ConfUtils.java:logGet(43)) - raft.server.rpcslowness.timeout = 120s (custom)
2019-09-25 07:30:25,985 [pool-277-thread-1] INFO  server.RaftServerConfigKeys (ConfUtils.java:logGet(43)) - raft.server.sleep.deviation.threshold = 300 (default)
2019-09-25 07:30:25,985 [pool-277-thread-1] INFO  server.RaftServerConfigKeys (ConfUtils.java:logGet(43)) - raft.server.log.appender.install.snapshot.enabled = false (custom)
2019-09-25 07:30:25,986 [pool-277-thread-1] INFO  impl.RaftServerImpl (ServerState.java:<init>(103)) - e922a23f-709c-4ffc-b707-fa2ce4e2ab76@group-3714BD58780E: ConfigurationManager, init=-1: [e922a23f-709c-4ffc-b707-fa2ce4e2ab76:192.168.151.106:34835], old=null, confs=<EMPTY_MAP>
2019-09-25 07:30:25,986 [pool-277-thread-1] INFO  server.RaftServerConfigKeys (ConfUtils.java:logGet(43)) - raft.server.storage.dir = [/workdir/hadoop-ozone/ozonefs/target/test-dir/MiniOzoneClusterImpl-d5bff4f9-f30c-4d12-b02b-d1d52f4107cc/datanode-0/data/ratis] (custom)
2019-09-25 07:30:25,986 [pool-277-thread-1] INFO  storage.RaftStorageDirectory (RaftStorageDirectory.java:analyzeStorage(246)) - The storage directory /workdir/hadoop-ozone/ozonefs/target/test-dir/MiniOzoneClusterImpl-d5bff4f9-f30c-4d12-b02b-d1d52f4107cc/datanode-0/data/ratis/790ee726-0179-431f-913f-3714bd58780e does not exist. Creating ...
2019-09-25 07:30:26,005 [pool-277-thread-1] INFO  storage.RaftStorageDirectory (RaftStorageDirectory.java:tryLock(328)) - Lock on /workdir/hadoop-ozone/ozonefs/target/test-dir/MiniOzoneClusterImpl-d5bff4f9-f30c-4d12-b02b-d1d52f4107cc/datanode-0/data/ratis/790ee726-0179-431f-913f-3714bd58780e/in_use.lock acquired by nodename 17738@pr-hdds-1569-x2sr2-3486766547
2019-09-25 07:30:26,022 [pool-277-thread-1] INFO  storage.RaftStorage (RaftStorage.java:format(72)) - Storage directory /workdir/hadoop-ozone/ozonefs/target/test-dir/MiniOzoneClusterImpl-d5bff4f9-f30c-4d12-b02b-d1d52f4107cc/datanode-0/data/ratis/790ee726-0179-431f-913f-3714bd58780e has been successfully formatted.
2019-09-25 07:30:26,022 [pool-277-thread-1] INFO  ratis.ContainerStateMachine (ContainerStateMachine.java:loadSnapshot(230)) - group-3714BD58780E: The snapshot info is null. Setting the last applied indexto:(t:0, i:~)
2019-09-25 07:30:26,022 [pool-277-thread-1] INFO  server.RaftServerConfigKeys (ConfUtils.java:logGet(43)) - raft.server.notification.no-leader.timeout = 120s (custom)
2019-09-25 07:30:26,023 [pool-277-thread-1] INFO  server.RaftServerConfigKeys (ConfUtils.java:logGet(43)) - raft.server.log.use.memory = false (default)
2019-09-25 07:30:26,023 [pool-277-thread-1] INFO  server.RaftServerConfigKeys (ConfUtils.java:logGet(43)) - raft.server.log.purge.gap = 1000000 (custom)
2019-09-25 07:30:26,023 [pool-277-thread-1] INFO  server.RaftServerConfigKeys (ConfUtils.java:logGet(43)) - raft.server.log.appender.buffer.byte-limit = 33554432 (custom)
2019-09-25 07:30:26,023 [pool-277-thread-1] INFO  server.RaftServerConfigKeys (ConfUtils.java:logGet(43)) - raft.server.log.segment.size.max = 1048576 (custom)
2019-09-25 07:30:26,023 [pool-277-thread-1] INFO  server.RaftServerConfigKeys (ConfUtils.java:logGet(43)) - raft.server.log.segment.cache.num.max = 2 (custom)
2019-09-25 07:30:26,023 [pool-277-thread-1] INFO  segmented.SegmentedRaftLogWorker (SegmentedRaftLogWorker.java:<init>(172)) - new e922a23f-709c-4ffc-b707-fa2ce4e2ab76@group-3714BD58780E-SegmentedRaftLogWorker for RaftStorage:Storage Directory /workdir/hadoop-ozone/ozonefs/target/test-dir/MiniOzoneClusterImpl-d5bff4f9-f30c-4d12-b02b-d1d52f4107cc/datanode-0/data/ratis/790ee726-0179-431f-913f-3714bd58780e
2019-09-25 07:30:26,023 [pool-277-thread-1] INFO  server.RaftServerConfigKeys (ConfUtils.java:logGet(43)) - raft.server.log.queue.byte-limit = 2147483647 (custom)
2019-09-25 07:30:26,023 [pool-277-thread-1] INFO  server.RaftServerConfigKeys (ConfUtils.java:logGet(43)) - raft.server.log.queue.element-limit = 1024 (custom)
2019-09-25 07:30:26,024 [pool-277-thread-1] INFO  server.RaftServerConfigKeys (ConfUtils.java:logGet(43)) - raft.server.log.segment.size.max = 1048576 (custom)
2019-09-25 07:30:26,024 [pool-277-thread-1] INFO  server.RaftServerConfigKeys (ConfUtils.java:logGet(43)) - raft.server.log.preallocated.size = 16384 (custom)
2019-09-25 07:30:26,024 [pool-277-thread-1] INFO  server.RaftServerConfigKeys (ConfUtils.java:logGet(43)) - raft.server.log.write.buffer.size = 33554432 (custom)
2019-09-25 07:30:26,024 [pool-277-thread-1] INFO  server.RaftServerConfigKeys (ConfUtils.java:logGet(43)) - raft.server.log.force.sync.num = 128 (default)
2019-09-25 07:30:26,024 [pool-277-thread-1] INFO  server.RaftServerConfigKeys (ConfUtils.java:logGet(43)) - raft.server.log.statemachine.data.sync = true (default)
2019-09-25 07:30:26,024 [pool-277-thread-1] INFO  server.RaftServerConfigKeys (ConfUtils.java:logGet(43)) - raft.server.log.statemachine.data.sync.timeout = 10s (default)
2019-09-25 07:30:26,024 [pool-277-thread-1] INFO  server.RaftServerConfigKeys (ConfUtils.java:logGet(43)) - raft.server.log.statemachine.data.sync.timeout.retry = -1 (default)
2019-09-25 07:30:26,025 [pool-277-thread-1] INFO  server.RaftServerConfigKeys (ConfUtils.java:logGet(43)) - raft.server.log.statemachine.data.caching.enabled = true (custom)
2019-09-25 07:30:26,025 [pool-277-thread-1] INFO  segmented.SegmentedRaftLogWorker (SegmentedRaftLogWorker.java:lambda$new$0(132)) - e922a23f-709c-4ffc-b707-fa2ce4e2ab76@group-3714BD58780E-SegmentedRaftLogWorker: flushIndex: setUnconditionally 0 -> -1
2019-09-25 07:30:26,025 [pool-277-thread-1] INFO  server.RaftServerConfigKeys (ConfUtils.java:logGet(43)) - raft.server.snapshot.auto.trigger.enabled = true (custom)
2019-09-25 07:30:26,025 [pool-277-thread-1] INFO  server.RaftServerConfigKeys (ConfUtils.java:logGet(43)) - raft.server.snapshot.auto.trigger.threshold = 10000 (custom)
2019-09-25 07:30:26,025 [pool-277-thread-1] INFO  server.RaftServerConfigKeys (ConfUtils.java:logGet(43)) - raft.server.snapshot.retention.num.files = 5 (custom)
2019-09-25 07:30:26,025 [pool-277-thread-1] INFO  server.RaftServerConfigKeys (ConfUtils.java:logGet(43)) - raft.server.retrycache.expirytime = 600000ms (custom)
2019-09-25 07:30:26,027 [pool-277-thread-1] INFO  impl.RaftServerImpl (RaftServerImpl.java:start(185)) - e922a23f-709c-4ffc-b707-fa2ce4e2ab76@group-3714BD58780E: start as a follower, conf=-1: [e922a23f-709c-4ffc-b707-fa2ce4e2ab76:192.168.151.106:34835], old=null
2019-09-25 07:30:26,027 [pool-277-thread-1] INFO  impl.RaftServerImpl (RaftServerImpl.java:setRole(174)) - e922a23f-709c-4ffc-b707-fa2ce4e2ab76@group-3714BD58780E: changes role from      null to FOLLOWER at term 0 for startAsFollower
2019-09-25 07:30:26,027 [pool-277-thread-1] INFO  impl.RoleInfo (RoleInfo.java:updateAndGet(143)) - e922a23f-709c-4ffc-b707-fa2ce4e2ab76: start FollowerState
2019-09-25 07:30:26,028 [pool-277-thread-1] INFO  util.JmxRegister (JmxRegister.java:tryRegister(44)) - Successfully registered JMX Bean with object name Ratis:service=RaftServer,group=group-3714BD58780E,id=e922a23f-709c-4ffc-b707-fa2ce4e2ab76
2019-09-25 07:30:26,030 [RatisPipelineUtilsThread] INFO  pipeline.PipelineStateManager (PipelineStateManager.java:addPipeline(56)) - Created pipeline Pipeline[ Id: 790ee726-0179-431f-913f-3714bd58780e, Nodes: e922a23f-709c-4ffc-b707-fa2ce4e2ab76{ip: 192.168.151.106, host: pr-hdds-1569-x2sr2-3486766547, networkLocation: /default-rack, certSerialId: null}, Type:RATIS, Factor:ONE, State:OPEN]
2019-09-25 07:30:26,030 [RatisPipelineUtilsThread] INFO  pipeline.PipelinePlacementPolicy (PipelinePlacementPolicy.java:meetCriteria(91)) - Pipeline Placement: can't place more pipeline on heavy datanode： e922a23f-709c-4ffc-b707-fa2ce4e2ab76 Heaviness: 6 limit: 5
2019-09-25 07:30:26,038 [grpc-default-executor-0] INFO  impl.RaftServerProxy (RaftServerProxy.java:addNew(89)) - e26be840-9830-4763-8bf9-b6d80e03cb44: addNew group-3FB51B33855A:[e26be840-9830-4763-8bf9-b6d80e03cb44:192.168.151.106:39767] returns group-3FB51B33855A:java.util.concurrent.CompletableFuture@1d1c6a4f[Not completed]
2019-09-25 07:30:26,039 [pool-287-thread-1] INFO  impl.RaftServerImpl (RaftServerImpl.java:<init>(95)) - e26be840-9830-4763-8bf9-b6d80e03cb44: new RaftServerImpl for group-3FB51B33855A:[e26be840-9830-4763-8bf9-b6d80e03cb44:192.168.151.106:39767] with ContainerStateMachine:uninitialized
2019-09-25 07:30:26,039 [pool-287-thread-1] INFO  server.RaftServerConfigKeys (ConfUtils.java:logGet(43)) - raft.server.rpc.timeout.min = 5s (custom)
2019-09-25 07:30:26,039 [pool-287-thread-1] INFO  server.RaftServerConfigKeys (ConfUtils.java:logGet(43)) - raft.server.rpc.timeout.max = 5200ms (custom)
2019-09-25 07:30:26,039 [pool-287-thread-1] INFO  server.RaftServerConfigKeys (ConfUtils.java:logGet(43)) - raft.server.rpcslowness.timeout = 120s (custom)
2019-09-25 07:30:26,039 [pool-287-thread-1] INFO  server.RaftServerConfigKeys (ConfUtils.java:logGet(43)) - raft.server.sleep.deviation.threshold = 300 (default)
2019-09-25 07:30:26,040 [pool-287-thread-1] INFO  server.RaftServerConfigKeys (ConfUtils.java:logGet(43)) - raft.server.log.appender.install.snapshot.enabled = false (custom)
2019-09-25 07:30:26,040 [pool-287-thread-1] INFO  impl.RaftServerImpl (ServerState.java:<init>(103)) - e26be840-9830-4763-8bf9-b6d80e03cb44@group-3FB51B33855A: ConfigurationManager, init=-1: [e26be840-9830-4763-8bf9-b6d80e03cb44:192.168.151.106:39767], old=null, confs=<EMPTY_MAP>
2019-09-25 07:30:26,040 [pool-287-thread-1] INFO  server.RaftServerConfigKeys (ConfUtils.java:logGet(43)) - raft.server.storage.dir = [/workdir/hadoop-ozone/ozonefs/target/test-dir/MiniOzoneClusterImpl-d5bff4f9-f30c-4d12-b02b-d1d52f4107cc/datanode-1/data/ratis] (custom)
2019-09-25 07:30:26,040 [pool-287-thread-1] INFO  storage.RaftStorageDirectory (RaftStorageDirectory.java:analyzeStorage(246)) - The storage directory /workdir/hadoop-ozone/ozonefs/target/test-dir/MiniOzoneClusterImpl-d5bff4f9-f30c-4d12-b02b-d1d52f4107cc/datanode-1/data/ratis/33e426ea-72a0-4f33-9bca-3fb51b33855a does not exist. Creating ...
2019-09-25 07:30:26,056 [pool-287-thread-1] INFO  storage.RaftStorageDirectory (RaftStorageDirectory.java:tryLock(328)) - Lock on /workdir/hadoop-ozone/ozonefs/target/test-dir/MiniOzoneClusterImpl-d5bff4f9-f30c-4d12-b02b-d1d52f4107cc/datanode-1/data/ratis/33e426ea-72a0-4f33-9bca-3fb51b33855a/in_use.lock acquired by nodename 17738@pr-hdds-1569-x2sr2-3486766547
2019-09-25 07:30:26,073 [pool-287-thread-1] INFO  storage.RaftStorage (RaftStorage.java:format(72)) - Storage directory /workdir/hadoop-ozone/ozonefs/target/test-dir/MiniOzoneClusterImpl-d5bff4f9-f30c-4d12-b02b-d1d52f4107cc/datanode-1/data/ratis/33e426ea-72a0-4f33-9bca-3fb51b33855a has been successfully formatted.
2019-09-25 07:30:26,073 [pool-287-thread-1] INFO  ratis.ContainerStateMachine (ContainerStateMachine.java:loadSnapshot(230)) - group-3FB51B33855A: The snapshot info is null. Setting the last applied indexto:(t:0, i:~)
2019-09-25 07:30:26,073 [pool-287-thread-1] INFO  server.RaftServerConfigKeys (ConfUtils.java:logGet(43)) - raft.server.notification.no-leader.timeout = 120s (custom)
2019-09-25 07:30:26,073 [pool-287-thread-1] INFO  server.RaftServerConfigKeys (ConfUtils.java:logGet(43)) - raft.server.log.use.memory = false (default)
2019-09-25 07:30:26,073 [pool-287-thread-1] INFO  server.RaftServerConfigKeys (ConfUtils.java:logGet(43)) - raft.server.log.purge.gap = 1000000 (custom)
2019-09-25 07:30:26,074 [pool-287-thread-1] INFO  server.RaftServerConfigKeys (ConfUtils.java:logGet(43)) - raft.server.log.appender.buffer.byte-limit = 33554432 (custom)
2019-09-25 07:30:26,074 [pool-287-thread-1] INFO  server.RaftServerConfigKeys (ConfUtils.java:logGet(43)) - raft.server.log.segment.size.max = 1048576 (custom)
2019-09-25 07:30:26,074 [pool-287-thread-1] INFO  server.RaftServerConfigKeys (ConfUtils.java:logGet(43)) - raft.server.log.segment.cache.num.max = 2 (custom)
2019-09-25 07:30:26,074 [pool-287-thread-1] INFO  segmented.SegmentedRaftLogWorker (SegmentedRaftLogWorker.java:<init>(172)) - new e26be840-9830-4763-8bf9-b6d80e03cb44@group-3FB51B33855A-SegmentedRaftLogWorker for RaftStorage:Storage Directory /workdir/hadoop-ozone/ozonefs/target/test-dir/MiniOzoneClusterImpl-d5bff4f9-f30c-4d12-b02b-d1d52f4107cc/datanode-1/data/ratis/33e426ea-72a0-4f33-9bca-3fb51b33855a
2019-09-25 07:30:26,075 [pool-287-thread-1] INFO  server.RaftServerConfigKeys (ConfUtils.java:logGet(43)) - raft.server.log.queue.byte-limit = 2147483647 (custom)
2019-09-25 07:30:26,076 [pool-287-thread-1] INFO  server.RaftServerConfigKeys (ConfUtils.java:logGet(43)) - raft.server.log.queue.element-limit = 1024 (custom)
2019-09-25 07:30:26,076 [pool-287-thread-1] INFO  server.RaftServerConfigKeys (ConfUtils.java:logGet(43)) - raft.server.log.segment.size.max = 1048576 (custom)
2019-09-25 07:30:26,076 [pool-287-thread-1] INFO  server.RaftServerConfigKeys (ConfUtils.java:logGet(43)) - raft.server.log.preallocated.size = 16384 (custom)
2019-09-25 07:30:26,076 [pool-287-thread-1] INFO  server.RaftServerConfigKeys (ConfUtils.java:logGet(43)) - raft.server.log.write.buffer.size = 33554432 (custom)
2019-09-25 07:30:26,076 [pool-287-thread-1] INFO  server.RaftServerConfigKeys (ConfUtils.java:logGet(43)) - raft.server.log.force.sync.num = 128 (default)
2019-09-25 07:30:26,076 [pool-287-thread-1] INFO  server.RaftServerConfigKeys (ConfUtils.java:logGet(43)) - raft.server.log.statemachine.data.sync = true (default)
2019-09-25 07:30:26,076 [pool-287-thread-1] INFO  server.RaftServerConfigKeys (ConfUtils.java:logGet(43)) - raft.server.log.statemachine.data.sync.timeout = 10s (default)
2019-09-25 07:30:26,077 [pool-287-thread-1] INFO  server.RaftServerConfigKeys (ConfUtils.java:logGet(43)) - raft.server.log.statemachine.data.sync.timeout.retry = -1 (default)
2019-09-25 07:30:26,077 [pool-287-thread-1] INFO  server.RaftServerConfigKeys (ConfUtils.java:logGet(43)) - raft.server.log.statemachine.data.caching.enabled = true (custom)
2019-09-25 07:30:26,077 [pool-287-thread-1] INFO  segmented.SegmentedRaftLogWorker (SegmentedRaftLogWorker.java:lambda$new$0(132)) - e26be840-9830-4763-8bf9-b6d80e03cb44@group-3FB51B33855A-SegmentedRaftLogWorker: flushIndex: setUnconditionally 0 -> -1
2019-09-25 07:30:26,077 [pool-287-thread-1] INFO  server.RaftServerConfigKeys (ConfUtils.java:logGet(43)) - raft.server.snapshot.auto.trigger.enabled = true (custom)
2019-09-25 07:30:26,078 [pool-287-thread-1] INFO  server.RaftServerConfigKeys (ConfUtils.java:logGet(43)) - raft.server.snapshot.auto.trigger.threshold = 10000 (custom)
2019-09-25 07:30:26,078 [pool-287-thread-1] INFO  server.RaftServerConfigKeys (ConfUtils.java:logGet(43)) - raft.server.snapshot.retention.num.files = 5 (custom)
2019-09-25 07:30:26,078 [pool-287-thread-1] INFO  server.RaftServerConfigKeys (ConfUtils.java:logGet(43)) - raft.server.retrycache.expirytime = 600000ms (custom)
2019-09-25 07:30:26,079 [pool-287-thread-1] INFO  impl.RaftServerImpl (RaftServerImpl.java:start(185)) - e26be840-9830-4763-8bf9-b6d80e03cb44@group-3FB51B33855A: start as a follower, conf=-1: [e26be840-9830-4763-8bf9-b6d80e03cb44:192.168.151.106:39767], old=null
2019-09-25 07:30:26,079 [pool-287-thread-1] INFO  impl.RaftServerImpl (RaftServerImpl.java:setRole(174)) - e26be840-9830-4763-8bf9-b6d80e03cb44@group-3FB51B33855A: changes role from      null to FOLLOWER at term 0 for startAsFollower
2019-09-25 07:30:26,080 [pool-287-thread-1] INFO  impl.RoleInfo (RoleInfo.java:updateAndGet(143)) - e26be840-9830-4763-8bf9-b6d80e03cb44: start FollowerState
2019-09-25 07:30:26,080 [pool-287-thread-1] INFO  util.JmxRegister (JmxRegister.java:tryRegister(44)) - Successfully registered JMX Bean with object name Ratis:service=RaftServer,group=group-3FB51B33855A,id=e26be840-9830-4763-8bf9-b6d80e03cb44
2019-09-25 07:30:26,082 [RatisPipelineUtilsThread] INFO  pipeline.PipelineStateManager (PipelineStateManager.java:addPipeline(56)) - Created pipeline Pipeline[ Id: 33e426ea-72a0-4f33-9bca-3fb51b33855a, Nodes: e26be840-9830-4763-8bf9-b6d80e03cb44{ip: 192.168.151.106, host: pr-hdds-1569-x2sr2-3486766547, networkLocation: /default-rack, certSerialId: null}, Type:RATIS, Factor:ONE, State:OPEN]
2019-09-25 07:30:26,082 [RatisPipelineUtilsThread] INFO  pipeline.PipelinePlacementPolicy (PipelinePlacementPolicy.java:meetCriteria(91)) - Pipeline Placement: can't place more pipeline on heavy datanode： e922a23f-709c-4ffc-b707-fa2ce4e2ab76 Heaviness: 6 limit: 5
2019-09-25 07:30:26,087 [grpc-default-executor-0] INFO  impl.RaftServerProxy (RaftServerProxy.java:addNew(89)) - e26be840-9830-4763-8bf9-b6d80e03cb44: addNew group-FDE717F1C564:[e26be840-9830-4763-8bf9-b6d80e03cb44:192.168.151.106:39767] returns group-FDE717F1C564:java.util.concurrent.CompletableFuture@94a32b6[Not completed]
2019-09-25 07:30:26,088 [pool-287-thread-1] INFO  impl.RaftServerImpl (RaftServerImpl.java:<init>(95)) - e26be840-9830-4763-8bf9-b6d80e03cb44: new RaftServerImpl for group-FDE717F1C564:[e26be840-9830-4763-8bf9-b6d80e03cb44:192.168.151.106:39767] with ContainerStateMachine:uninitialized
2019-09-25 07:30:26,088 [pool-287-thread-1] INFO  server.RaftServerConfigKeys (ConfUtils.java:logGet(43)) - raft.server.rpc.timeout.min = 5s (custom)
2019-09-25 07:30:26,088 [pool-287-thread-1] INFO  server.RaftServerConfigKeys (ConfUtils.java:logGet(43)) - raft.server.rpc.timeout.max = 5200ms (custom)
2019-09-25 07:30:26,088 [pool-287-thread-1] INFO  server.RaftServerConfigKeys (ConfUtils.java:logGet(43)) - raft.server.rpcslowness.timeout = 120s (custom)
2019-09-25 07:30:26,088 [pool-287-thread-1] INFO  server.RaftServerConfigKeys (ConfUtils.java:logGet(43)) - raft.server.sleep.deviation.threshold = 300 (default)
2019-09-25 07:30:26,088 [pool-287-thread-1] INFO  server.RaftServerConfigKeys (ConfUtils.java:logGet(43)) - raft.server.log.appender.install.snapshot.enabled = false (custom)
2019-09-25 07:30:26,088 [pool-287-thread-1] INFO  impl.RaftServerImpl (ServerState.java:<init>(103)) - e26be840-9830-4763-8bf9-b6d80e03cb44@group-FDE717F1C564: ConfigurationManager, init=-1: [e26be840-9830-4763-8bf9-b6d80e03cb44:192.168.151.106:39767], old=null, confs=<EMPTY_MAP>
2019-09-25 07:30:26,088 [pool-287-thread-1] INFO  server.RaftServerConfigKeys (ConfUtils.java:logGet(43)) - raft.server.storage.dir = [/workdir/hadoop-ozone/ozonefs/target/test-dir/MiniOzoneClusterImpl-d5bff4f9-f30c-4d12-b02b-d1d52f4107cc/datanode-1/data/ratis] (custom)
2019-09-25 07:30:26,089 [pool-287-thread-1] INFO  storage.RaftStorageDirectory (RaftStorageDirectory.java:analyzeStorage(246)) - The storage directory /workdir/hadoop-ozone/ozonefs/target/test-dir/MiniOzoneClusterImpl-d5bff4f9-f30c-4d12-b02b-d1d52f4107cc/datanode-1/data/ratis/5e1f4e58-20b3-4e19-9292-fde717f1c564 does not exist. Creating ...
2019-09-25 07:30:26,106 [pool-287-thread-1] INFO  storage.RaftStorageDirectory (RaftStorageDirectory.java:tryLock(328)) - Lock on /workdir/hadoop-ozone/ozonefs/target/test-dir/MiniOzoneClusterImpl-d5bff4f9-f30c-4d12-b02b-d1d52f4107cc/datanode-1/data/ratis/5e1f4e58-20b3-4e19-9292-fde717f1c564/in_use.lock acquired by nodename 17738@pr-hdds-1569-x2sr2-3486766547
2019-09-25 07:30:26,124 [pool-287-thread-1] INFO  storage.RaftStorage (RaftStorage.java:format(72)) - Storage directory /workdir/hadoop-ozone/ozonefs/target/test-dir/MiniOzoneClusterImpl-d5bff4f9-f30c-4d12-b02b-d1d52f4107cc/datanode-1/data/ratis/5e1f4e58-20b3-4e19-9292-fde717f1c564 has been successfully formatted.
2019-09-25 07:30:26,124 [pool-287-thread-1] INFO  ratis.ContainerStateMachine (ContainerStateMachine.java:loadSnapshot(230)) - group-FDE717F1C564: The snapshot info is null. Setting the last applied indexto:(t:0, i:~)
2019-09-25 07:30:26,124 [pool-287-thread-1] INFO  server.RaftServerConfigKeys (ConfUtils.java:logGet(43)) - raft.server.notification.no-leader.timeout = 120s (custom)
2019-09-25 07:30:26,124 [pool-287-thread-1] INFO  server.RaftServerConfigKeys (ConfUtils.java:logGet(43)) - raft.server.log.use.memory = false (default)
2019-09-25 07:30:26,124 [pool-287-thread-1] INFO  server.RaftServerConfigKeys (ConfUtils.java:logGet(43)) - raft.server.log.purge.gap = 1000000 (custom)
2019-09-25 07:30:26,124 [pool-287-thread-1] INFO  server.RaftServerConfigKeys (ConfUtils.java:logGet(43)) - raft.server.log.appender.buffer.byte-limit = 33554432 (custom)
2019-09-25 07:30:26,125 [pool-287-thread-1] INFO  server.RaftServerConfigKeys (ConfUtils.java:logGet(43)) - raft.server.log.segment.size.max = 1048576 (custom)
2019-09-25 07:30:26,125 [pool-287-thread-1] INFO  server.RaftServerConfigKeys (ConfUtils.java:logGet(43)) - raft.server.log.segment.cache.num.max = 2 (custom)
2019-09-25 07:30:26,125 [pool-287-thread-1] INFO  segmented.SegmentedRaftLogWorker (SegmentedRaftLogWorker.java:<init>(172)) - new e26be840-9830-4763-8bf9-b6d80e03cb44@group-FDE717F1C564-SegmentedRaftLogWorker for RaftStorage:Storage Directory /workdir/hadoop-ozone/ozonefs/target/test-dir/MiniOzoneClusterImpl-d5bff4f9-f30c-4d12-b02b-d1d52f4107cc/datanode-1/data/ratis/5e1f4e58-20b3-4e19-9292-fde717f1c564
2019-09-25 07:30:26,125 [pool-287-thread-1] INFO  server.RaftServerConfigKeys (ConfUtils.java:logGet(43)) - raft.server.log.queue.byte-limit = 2147483647 (custom)
2019-09-25 07:30:26,125 [pool-287-thread-1] INFO  server.RaftServerConfigKeys (ConfUtils.java:logGet(43)) - raft.server.log.queue.element-limit = 1024 (custom)
2019-09-25 07:30:26,125 [pool-287-thread-1] INFO  server.RaftServerConfigKeys (ConfUtils.java:logGet(43)) - raft.server.log.segment.size.max = 1048576 (custom)
2019-09-25 07:30:26,125 [pool-287-thread-1] INFO  server.RaftServerConfigKeys (ConfUtils.java:logGet(43)) - raft.server.log.preallocated.size = 16384 (custom)
2019-09-25 07:30:26,126 [pool-287-thread-1] INFO  server.RaftServerConfigKeys (ConfUtils.java:logGet(43)) - raft.server.log.write.buffer.size = 33554432 (custom)
2019-09-25 07:30:26,126 [pool-287-thread-1] INFO  server.RaftServerConfigKeys (ConfUtils.java:logGet(43)) - raft.server.log.force.sync.num = 128 (default)
2019-09-25 07:30:26,126 [pool-287-thread-1] INFO  server.RaftServerConfigKeys (ConfUtils.java:logGet(43)) - raft.server.log.statemachine.data.sync = true (default)
2019-09-25 07:30:26,126 [pool-287-thread-1] INFO  server.RaftServerConfigKeys (ConfUtils.java:logGet(43)) - raft.server.log.statemachine.data.sync.timeout = 10s (default)
2019-09-25 07:30:26,126 [pool-287-thread-1] INFO  server.RaftServerConfigKeys (ConfUtils.java:logGet(43)) - raft.server.log.statemachine.data.sync.timeout.retry = -1 (default)
2019-09-25 07:30:26,126 [pool-287-thread-1] INFO  server.RaftServerConfigKeys (ConfUtils.java:logGet(43)) - raft.server.log.statemachine.data.caching.enabled = true (custom)
2019-09-25 07:30:26,126 [pool-287-thread-1] INFO  segmented.SegmentedRaftLogWorker (SegmentedRaftLogWorker.java:lambda$new$0(132)) - e26be840-9830-4763-8bf9-b6d80e03cb44@group-FDE717F1C564-SegmentedRaftLogWorker: flushIndex: setUnconditionally 0 -> -1
2019-09-25 07:30:26,127 [pool-287-thread-1] INFO  server.RaftServerConfigKeys (ConfUtils.java:logGet(43)) - raft.server.snapshot.auto.trigger.enabled = true (custom)
2019-09-25 07:30:26,127 [pool-287-thread-1] INFO  server.RaftServerConfigKeys (ConfUtils.java:logGet(43)) - raft.server.snapshot.auto.trigger.threshold = 10000 (custom)
2019-09-25 07:30:26,127 [pool-287-thread-1] INFO  server.RaftServerConfigKeys (ConfUtils.java:logGet(43)) - raft.server.snapshot.retention.num.files = 5 (custom)
2019-09-25 07:30:26,127 [pool-287-thread-1] INFO  server.RaftServerConfigKeys (ConfUtils.java:logGet(43)) - raft.server.retrycache.expirytime = 600000ms (custom)
2019-09-25 07:30:26,129 [pool-287-thread-1] INFO  impl.RaftServerImpl (RaftServerImpl.java:start(185)) - e26be840-9830-4763-8bf9-b6d80e03cb44@group-FDE717F1C564: start as a follower, conf=-1: [e26be840-9830-4763-8bf9-b6d80e03cb44:192.168.151.106:39767], old=null
2019-09-25 07:30:26,129 [pool-287-thread-1] INFO  impl.RaftServerImpl (RaftServerImpl.java:setRole(174)) - e26be840-9830-4763-8bf9-b6d80e03cb44@group-FDE717F1C564: changes role from      null to FOLLOWER at term 0 for startAsFollower
2019-09-25 07:30:26,129 [pool-287-thread-1] INFO  impl.RoleInfo (RoleInfo.java:updateAndGet(143)) - e26be840-9830-4763-8bf9-b6d80e03cb44: start FollowerState
2019-09-25 07:30:26,129 [pool-287-thread-1] INFO  util.JmxRegister (JmxRegister.java:tryRegister(44)) - Successfully registered JMX Bean with object name Ratis:service=RaftServer,group=group-FDE717F1C564,id=e26be840-9830-4763-8bf9-b6d80e03cb44
2019-09-25 07:30:26,132 [RatisPipelineUtilsThread] INFO  pipeline.PipelineStateManager (PipelineStateManager.java:addPipeline(56)) - Created pipeline Pipeline[ Id: 5e1f4e58-20b3-4e19-9292-fde717f1c564, Nodes: e26be840-9830-4763-8bf9-b6d80e03cb44{ip: 192.168.151.106, host: pr-hdds-1569-x2sr2-3486766547, networkLocation: /default-rack, certSerialId: null}, Type:RATIS, Factor:ONE, State:OPEN]
2019-09-25 07:30:26,132 [RatisPipelineUtilsThread] INFO  pipeline.PipelinePlacementPolicy (PipelinePlacementPolicy.java:meetCriteria(91)) - Pipeline Placement: can't place more pipeline on heavy datanode： e922a23f-709c-4ffc-b707-fa2ce4e2ab76 Heaviness: 6 limit: 5
2019-09-25 07:30:26,137 [grpc-default-executor-0] INFO  impl.RaftServerProxy (RaftServerProxy.java:addNew(89)) - e26be840-9830-4763-8bf9-b6d80e03cb44: addNew group-31320C781F43:[e26be840-9830-4763-8bf9-b6d80e03cb44:192.168.151.106:39767] returns group-31320C781F43:java.util.concurrent.CompletableFuture@682dcf2c[Not completed]
2019-09-25 07:30:26,138 [pool-287-thread-1] INFO  impl.RaftServerImpl (RaftServerImpl.java:<init>(95)) - e26be840-9830-4763-8bf9-b6d80e03cb44: new RaftServerImpl for group-31320C781F43:[e26be840-9830-4763-8bf9-b6d80e03cb44:192.168.151.106:39767] with ContainerStateMachine:uninitialized
2019-09-25 07:30:26,138 [pool-287-thread-1] INFO  server.RaftServerConfigKeys (ConfUtils.java:logGet(43)) - raft.server.rpc.timeout.min = 5s (custom)
2019-09-25 07:30:26,138 [pool-287-thread-1] INFO  server.RaftServerConfigKeys (ConfUtils.java:logGet(43)) - raft.server.rpc.timeout.max = 5200ms (custom)
2019-09-25 07:30:26,138 [pool-287-thread-1] INFO  server.RaftServerConfigKeys (ConfUtils.java:logGet(43)) - raft.server.rpcslowness.timeout = 120s (custom)
2019-09-25 07:30:26,138 [pool-287-thread-1] INFO  server.RaftServerConfigKeys (ConfUtils.java:logGet(43)) - raft.server.sleep.deviation.threshold = 300 (default)
2019-09-25 07:30:26,139 [pool-287-thread-1] INFO  server.RaftServerConfigKeys (ConfUtils.java:logGet(43)) - raft.server.log.appender.install.snapshot.enabled = false (custom)
2019-09-25 07:30:26,139 [pool-287-thread-1] INFO  impl.RaftServerImpl (ServerState.java:<init>(103)) - e26be840-9830-4763-8bf9-b6d80e03cb44@group-31320C781F43: ConfigurationManager, init=-1: [e26be840-9830-4763-8bf9-b6d80e03cb44:192.168.151.106:39767], old=null, confs=<EMPTY_MAP>
2019-09-25 07:30:26,139 [pool-287-thread-1] INFO  server.RaftServerConfigKeys (ConfUtils.java:logGet(43)) - raft.server.storage.dir = [/workdir/hadoop-ozone/ozonefs/target/test-dir/MiniOzoneClusterImpl-d5bff4f9-f30c-4d12-b02b-d1d52f4107cc/datanode-1/data/ratis] (custom)
2019-09-25 07:30:26,139 [pool-287-thread-1] INFO  storage.RaftStorageDirectory (RaftStorageDirectory.java:analyzeStorage(246)) - The storage directory /workdir/hadoop-ozone/ozonefs/target/test-dir/MiniOzoneClusterImpl-d5bff4f9-f30c-4d12-b02b-d1d52f4107cc/datanode-1/data/ratis/606e3bb4-2048-44eb-ac9a-31320c781f43 does not exist. Creating ...
2019-09-25 07:30:26,166 [pool-287-thread-1] INFO  storage.RaftStorageDirectory (RaftStorageDirectory.java:tryLock(328)) - Lock on /workdir/hadoop-ozone/ozonefs/target/test-dir/MiniOzoneClusterImpl-d5bff4f9-f30c-4d12-b02b-d1d52f4107cc/datanode-1/data/ratis/606e3bb4-2048-44eb-ac9a-31320c781f43/in_use.lock acquired by nodename 17738@pr-hdds-1569-x2sr2-3486766547
2019-09-25 07:30:26,191 [pool-287-thread-1] INFO  storage.RaftStorage (RaftStorage.java:format(72)) - Storage directory /workdir/hadoop-ozone/ozonefs/target/test-dir/MiniOzoneClusterImpl-d5bff4f9-f30c-4d12-b02b-d1d52f4107cc/datanode-1/data/ratis/606e3bb4-2048-44eb-ac9a-31320c781f43 has been successfully formatted.
2019-09-25 07:30:26,191 [pool-287-thread-1] INFO  ratis.ContainerStateMachine (ContainerStateMachine.java:loadSnapshot(230)) - group-31320C781F43: The snapshot info is null. Setting the last applied indexto:(t:0, i:~)
2019-09-25 07:30:26,191 [pool-287-thread-1] INFO  server.RaftServerConfigKeys (ConfUtils.java:logGet(43)) - raft.server.notification.no-leader.timeout = 120s (custom)
2019-09-25 07:30:26,192 [pool-287-thread-1] INFO  server.RaftServerConfigKeys (ConfUtils.java:logGet(43)) - raft.server.log.use.memory = false (default)
2019-09-25 07:30:26,192 [pool-287-thread-1] INFO  server.RaftServerConfigKeys (ConfUtils.java:logGet(43)) - raft.server.log.purge.gap = 1000000 (custom)
2019-09-25 07:30:26,192 [pool-287-thread-1] INFO  server.RaftServerConfigKeys (ConfUtils.java:logGet(43)) - raft.server.log.appender.buffer.byte-limit = 33554432 (custom)
2019-09-25 07:30:26,192 [pool-287-thread-1] INFO  server.RaftServerConfigKeys (ConfUtils.java:logGet(43)) - raft.server.log.segment.size.max = 1048576 (custom)
2019-09-25 07:30:26,192 [pool-287-thread-1] INFO  server.RaftServerConfigKeys (ConfUtils.java:logGet(43)) - raft.server.log.segment.cache.num.max = 2 (custom)
2019-09-25 07:30:26,192 [pool-287-thread-1] INFO  segmented.SegmentedRaftLogWorker (SegmentedRaftLogWorker.java:<init>(172)) - new e26be840-9830-4763-8bf9-b6d80e03cb44@group-31320C781F43-SegmentedRaftLogWorker for RaftStorage:Storage Directory /workdir/hadoop-ozone/ozonefs/target/test-dir/MiniOzoneClusterImpl-d5bff4f9-f30c-4d12-b02b-d1d52f4107cc/datanode-1/data/ratis/606e3bb4-2048-44eb-ac9a-31320c781f43
2019-09-25 07:30:26,192 [pool-287-thread-1] INFO  server.RaftServerConfigKeys (ConfUtils.java:logGet(43)) - raft.server.log.queue.byte-limit = 2147483647 (custom)
2019-09-25 07:30:26,193 [pool-287-thread-1] INFO  server.RaftServerConfigKeys (ConfUtils.java:logGet(43)) - raft.server.log.queue.element-limit = 1024 (custom)
2019-09-25 07:30:26,193 [pool-287-thread-1] INFO  server.RaftServerConfigKeys (ConfUtils.java:logGet(43)) - raft.server.log.segment.size.max = 1048576 (custom)
2019-09-25 07:30:26,193 [pool-287-thread-1] INFO  server.RaftServerConfigKeys (ConfUtils.java:logGet(43)) - raft.server.log.preallocated.size = 16384 (custom)
2019-09-25 07:30:26,193 [pool-287-thread-1] INFO  server.RaftServerConfigKeys (ConfUtils.java:logGet(43)) - raft.server.log.write.buffer.size = 33554432 (custom)
2019-09-25 07:30:26,193 [pool-287-thread-1] INFO  server.RaftServerConfigKeys (ConfUtils.java:logGet(43)) - raft.server.log.force.sync.num = 128 (default)
2019-09-25 07:30:26,193 [pool-287-thread-1] INFO  server.RaftServerConfigKeys (ConfUtils.java:logGet(43)) - raft.server.log.statemachine.data.sync = true (default)
2019-09-25 07:30:26,193 [pool-287-thread-1] INFO  server.RaftServerConfigKeys (ConfUtils.java:logGet(43)) - raft.server.log.statemachine.data.sync.timeout = 10s (default)
2019-09-25 07:30:26,194 [pool-287-thread-1] INFO  server.RaftServerConfigKeys (ConfUtils.java:logGet(43)) - raft.server.log.statemachine.data.sync.timeout.retry = -1 (default)
2019-09-25 07:30:26,194 [pool-287-thread-1] INFO  server.RaftServerConfigKeys (ConfUtils.java:logGet(43)) - raft.server.log.statemachine.data.caching.enabled = true (custom)
2019-09-25 07:30:26,194 [pool-287-thread-1] INFO  segmented.SegmentedRaftLogWorker (SegmentedRaftLogWorker.java:lambda$new$0(132)) - e26be840-9830-4763-8bf9-b6d80e03cb44@group-31320C781F43-SegmentedRaftLogWorker: flushIndex: setUnconditionally 0 -> -1
2019-09-25 07:30:26,194 [pool-287-thread-1] INFO  server.RaftServerConfigKeys (ConfUtils.java:logGet(43)) - raft.server.snapshot.auto.trigger.enabled = true (custom)
2019-09-25 07:30:26,194 [pool-287-thread-1] INFO  server.RaftServerConfigKeys (ConfUtils.java:logGet(43)) - raft.server.snapshot.auto.trigger.threshold = 10000 (custom)
2019-09-25 07:30:26,195 [pool-287-thread-1] INFO  server.RaftServerConfigKeys (ConfUtils.java:logGet(43)) - raft.server.snapshot.retention.num.files = 5 (custom)
2019-09-25 07:30:26,195 [pool-287-thread-1] INFO  server.RaftServerConfigKeys (ConfUtils.java:logGet(43)) - raft.server.retrycache.expirytime = 600000ms (custom)
2019-09-25 07:30:26,196 [pool-287-thread-1] INFO  impl.RaftServerImpl (RaftServerImpl.java:start(185)) - e26be840-9830-4763-8bf9-b6d80e03cb44@group-31320C781F43: start as a follower, conf=-1: [e26be840-9830-4763-8bf9-b6d80e03cb44:192.168.151.106:39767], old=null
2019-09-25 07:30:26,196 [pool-287-thread-1] INFO  impl.RaftServerImpl (RaftServerImpl.java:setRole(174)) - e26be840-9830-4763-8bf9-b6d80e03cb44@group-31320C781F43: changes role from      null to FOLLOWER at term 0 for startAsFollower
2019-09-25 07:30:26,196 [pool-287-thread-1] INFO  impl.RoleInfo (RoleInfo.java:updateAndGet(143)) - e26be840-9830-4763-8bf9-b6d80e03cb44: start FollowerState
2019-09-25 07:30:26,197 [pool-287-thread-1] INFO  util.JmxRegister (JmxRegister.java:tryRegister(44)) - Successfully registered JMX Bean with object name Ratis:service=RaftServer,group=group-31320C781F43,id=e26be840-9830-4763-8bf9-b6d80e03cb44
2019-09-25 07:30:26,199 [RatisPipelineUtilsThread] INFO  pipeline.PipelineStateManager (PipelineStateManager.java:addPipeline(56)) - Created pipeline Pipeline[ Id: 606e3bb4-2048-44eb-ac9a-31320c781f43, Nodes: e26be840-9830-4763-8bf9-b6d80e03cb44{ip: 192.168.151.106, host: pr-hdds-1569-x2sr2-3486766547, networkLocation: /default-rack, certSerialId: null}, Type:RATIS, Factor:ONE, State:OPEN]
2019-09-25 07:30:26,199 [RatisPipelineUtilsThread] INFO  pipeline.PipelinePlacementPolicy (PipelinePlacementPolicy.java:meetCriteria(91)) - Pipeline Placement: can't place more pipeline on heavy datanode： e922a23f-709c-4ffc-b707-fa2ce4e2ab76 Heaviness: 6 limit: 5
2019-09-25 07:30:26,204 [grpc-default-executor-0] INFO  impl.RaftServerProxy (RaftServerProxy.java:addNew(89)) - e26be840-9830-4763-8bf9-b6d80e03cb44: addNew group-6F76D403E83A:[e26be840-9830-4763-8bf9-b6d80e03cb44:192.168.151.106:39767] returns group-6F76D403E83A:java.util.concurrent.CompletableFuture@44581ae4[Not completed]
2019-09-25 07:30:26,205 [pool-287-thread-1] INFO  impl.RaftServerImpl (RaftServerImpl.java:<init>(95)) - e26be840-9830-4763-8bf9-b6d80e03cb44: new RaftServerImpl for group-6F76D403E83A:[e26be840-9830-4763-8bf9-b6d80e03cb44:192.168.151.106:39767] with ContainerStateMachine:uninitialized
2019-09-25 07:30:26,205 [pool-287-thread-1] INFO  server.RaftServerConfigKeys (ConfUtils.java:logGet(43)) - raft.server.rpc.timeout.min = 5s (custom)
2019-09-25 07:30:26,206 [pool-287-thread-1] INFO  server.RaftServerConfigKeys (ConfUtils.java:logGet(43)) - raft.server.rpc.timeout.max = 5200ms (custom)
2019-09-25 07:30:26,206 [pool-287-thread-1] INFO  server.RaftServerConfigKeys (ConfUtils.java:logGet(43)) - raft.server.rpcslowness.timeout = 120s (custom)
2019-09-25 07:30:26,206 [pool-287-thread-1] INFO  server.RaftServerConfigKeys (ConfUtils.java:logGet(43)) - raft.server.sleep.deviation.threshold = 300 (default)
2019-09-25 07:30:26,206 [pool-287-thread-1] INFO  server.RaftServerConfigKeys (ConfUtils.java:logGet(43)) - raft.server.log.appender.install.snapshot.enabled = false (custom)
2019-09-25 07:30:26,206 [pool-287-thread-1] INFO  impl.RaftServerImpl (ServerState.java:<init>(103)) - e26be840-9830-4763-8bf9-b6d80e03cb44@group-6F76D403E83A: ConfigurationManager, init=-1: [e26be840-9830-4763-8bf9-b6d80e03cb44:192.168.151.106:39767], old=null, confs=<EMPTY_MAP>
2019-09-25 07:30:26,206 [pool-287-thread-1] INFO  server.RaftServerConfigKeys (ConfUtils.java:logGet(43)) - raft.server.storage.dir = [/workdir/hadoop-ozone/ozonefs/target/test-dir/MiniOzoneClusterImpl-d5bff4f9-f30c-4d12-b02b-d1d52f4107cc/datanode-1/data/ratis] (custom)
2019-09-25 07:30:26,207 [pool-287-thread-1] INFO  storage.RaftStorageDirectory (RaftStorageDirectory.java:analyzeStorage(246)) - The storage directory /workdir/hadoop-ozone/ozonefs/target/test-dir/MiniOzoneClusterImpl-d5bff4f9-f30c-4d12-b02b-d1d52f4107cc/datanode-1/data/ratis/76761b3a-aa7e-4c11-8afc-6f76d403e83a does not exist. Creating ...
2019-09-25 07:30:26,233 [pool-287-thread-1] INFO  storage.RaftStorageDirectory (RaftStorageDirectory.java:tryLock(328)) - Lock on /workdir/hadoop-ozone/ozonefs/target/test-dir/MiniOzoneClusterImpl-d5bff4f9-f30c-4d12-b02b-d1d52f4107cc/datanode-1/data/ratis/76761b3a-aa7e-4c11-8afc-6f76d403e83a/in_use.lock acquired by nodename 17738@pr-hdds-1569-x2sr2-3486766547
2019-09-25 07:30:26,259 [pool-287-thread-1] INFO  storage.RaftStorage (RaftStorage.java:format(72)) - Storage directory /workdir/hadoop-ozone/ozonefs/target/test-dir/MiniOzoneClusterImpl-d5bff4f9-f30c-4d12-b02b-d1d52f4107cc/datanode-1/data/ratis/76761b3a-aa7e-4c11-8afc-6f76d403e83a has been successfully formatted.
2019-09-25 07:30:26,259 [pool-287-thread-1] INFO  ratis.ContainerStateMachine (ContainerStateMachine.java:loadSnapshot(230)) - group-6F76D403E83A: The snapshot info is null. Setting the last applied indexto:(t:0, i:~)
2019-09-25 07:30:26,259 [pool-287-thread-1] INFO  server.RaftServerConfigKeys (ConfUtils.java:logGet(43)) - raft.server.notification.no-leader.timeout = 120s (custom)
2019-09-25 07:30:26,259 [pool-287-thread-1] INFO  server.RaftServerConfigKeys (ConfUtils.java:logGet(43)) - raft.server.log.use.memory = false (default)
2019-09-25 07:30:26,259 [pool-287-thread-1] INFO  server.RaftServerConfigKeys (ConfUtils.java:logGet(43)) - raft.server.log.purge.gap = 1000000 (custom)
2019-09-25 07:30:26,259 [pool-287-thread-1] INFO  server.RaftServerConfigKeys (ConfUtils.java:logGet(43)) - raft.server.log.appender.buffer.byte-limit = 33554432 (custom)
2019-09-25 07:30:26,259 [pool-287-thread-1] INFO  server.RaftServerConfigKeys (ConfUtils.java:logGet(43)) - raft.server.log.segment.size.max = 1048576 (custom)
2019-09-25 07:30:26,260 [pool-287-thread-1] INFO  server.RaftServerConfigKeys (ConfUtils.java:logGet(43)) - raft.server.log.segment.cache.num.max = 2 (custom)
2019-09-25 07:30:26,260 [pool-287-thread-1] INFO  segmented.SegmentedRaftLogWorker (SegmentedRaftLogWorker.java:<init>(172)) - new e26be840-9830-4763-8bf9-b6d80e03cb44@group-6F76D403E83A-SegmentedRaftLogWorker for RaftStorage:Storage Directory /workdir/hadoop-ozone/ozonefs/target/test-dir/MiniOzoneClusterImpl-d5bff4f9-f30c-4d12-b02b-d1d52f4107cc/datanode-1/data/ratis/76761b3a-aa7e-4c11-8afc-6f76d403e83a
2019-09-25 07:30:26,260 [pool-287-thread-1] INFO  server.RaftServerConfigKeys (ConfUtils.java:logGet(43)) - raft.server.log.queue.byte-limit = 2147483647 (custom)
2019-09-25 07:30:26,260 [pool-287-thread-1] INFO  server.RaftServerConfigKeys (ConfUtils.java:logGet(43)) - raft.server.log.queue.element-limit = 1024 (custom)
2019-09-25 07:30:26,260 [pool-287-thread-1] INFO  server.RaftServerConfigKeys (ConfUtils.java:logGet(43)) - raft.server.log.segment.size.max = 1048576 (custom)
2019-09-25 07:30:26,260 [pool-287-thread-1] INFO  server.RaftServerConfigKeys (ConfUtils.java:logGet(43)) - raft.server.log.preallocated.size = 16384 (custom)
2019-09-25 07:30:26,260 [pool-287-thread-1] INFO  server.RaftServerConfigKeys (ConfUtils.java:logGet(43)) - raft.server.log.write.buffer.size = 33554432 (custom)
2019-09-25 07:30:26,260 [pool-287-thread-1] INFO  server.RaftServerConfigKeys (ConfUtils.java:logGet(43)) - raft.server.log.force.sync.num = 128 (default)
2019-09-25 07:30:26,261 [pool-287-thread-1] INFO  server.RaftServerConfigKeys (ConfUtils.java:logGet(43)) - raft.server.log.statemachine.data.sync = true (default)
2019-09-25 07:30:26,261 [pool-287-thread-1] INFO  server.RaftServerConfigKeys (ConfUtils.java:logGet(43)) - raft.server.log.statemachine.data.sync.timeout = 10s (default)
2019-09-25 07:30:26,261 [pool-287-thread-1] INFO  server.RaftServerConfigKeys (ConfUtils.java:logGet(43)) - raft.server.log.statemachine.data.sync.timeout.retry = -1 (default)
2019-09-25 07:30:26,261 [pool-287-thread-1] INFO  server.RaftServerConfigKeys (ConfUtils.java:logGet(43)) - raft.server.log.statemachine.data.caching.enabled = true (custom)
2019-09-25 07:30:26,261 [pool-287-thread-1] INFO  segmented.SegmentedRaftLogWorker (SegmentedRaftLogWorker.java:lambda$new$0(132)) - e26be840-9830-4763-8bf9-b6d80e03cb44@group-6F76D403E83A-SegmentedRaftLogWorker: flushIndex: setUnconditionally 0 -> -1
2019-09-25 07:30:26,262 [pool-287-thread-1] INFO  server.RaftServerConfigKeys (ConfUtils.java:logGet(43)) - raft.server.snapshot.auto.trigger.enabled = true (custom)
2019-09-25 07:30:26,262 [pool-287-thread-1] INFO  server.RaftServerConfigKeys (ConfUtils.java:logGet(43)) - raft.server.snapshot.auto.trigger.threshold = 10000 (custom)
2019-09-25 07:30:26,262 [pool-287-thread-1] INFO  server.RaftServerConfigKeys (ConfUtils.java:logGet(43)) - raft.server.snapshot.retention.num.files = 5 (custom)
2019-09-25 07:30:26,262 [pool-287-thread-1] INFO  server.RaftServerConfigKeys (ConfUtils.java:logGet(43)) - raft.server.retrycache.expirytime = 600000ms (custom)
2019-09-25 07:30:26,263 [pool-287-thread-1] INFO  impl.RaftServerImpl (RaftServerImpl.java:start(185)) - e26be840-9830-4763-8bf9-b6d80e03cb44@group-6F76D403E83A: start as a follower, conf=-1: [e26be840-9830-4763-8bf9-b6d80e03cb44:192.168.151.106:39767], old=null
2019-09-25 07:30:26,264 [pool-287-thread-1] INFO  impl.RaftServerImpl (RaftServerImpl.java:setRole(174)) - e26be840-9830-4763-8bf9-b6d80e03cb44@group-6F76D403E83A: changes role from      null to FOLLOWER at term 0 for startAsFollower
2019-09-25 07:30:26,264 [pool-287-thread-1] INFO  impl.RoleInfo (RoleInfo.java:updateAndGet(143)) - e26be840-9830-4763-8bf9-b6d80e03cb44: start FollowerState
2019-09-25 07:30:26,264 [pool-287-thread-1] INFO  util.JmxRegister (JmxRegister.java:tryRegister(44)) - Successfully registered JMX Bean with object name Ratis:service=RaftServer,group=group-6F76D403E83A,id=e26be840-9830-4763-8bf9-b6d80e03cb44
2019-09-25 07:30:26,266 [RatisPipelineUtilsThread] INFO  pipeline.PipelineStateManager (PipelineStateManager.java:addPipeline(56)) - Created pipeline Pipeline[ Id: 76761b3a-aa7e-4c11-8afc-6f76d403e83a, Nodes: e26be840-9830-4763-8bf9-b6d80e03cb44{ip: 192.168.151.106, host: pr-hdds-1569-x2sr2-3486766547, networkLocation: /default-rack, certSerialId: null}, Type:RATIS, Factor:ONE, State:OPEN]
2019-09-25 07:30:26,267 [RatisPipelineUtilsThread] INFO  pipeline.PipelinePlacementPolicy (PipelinePlacementPolicy.java:meetCriteria(91)) - Pipeline Placement: can't place more pipeline on heavy datanode： e922a23f-709c-4ffc-b707-fa2ce4e2ab76 Heaviness: 6 limit: 5
2019-09-25 07:30:26,272 [grpc-default-executor-0] INFO  impl.RaftServerProxy (RaftServerProxy.java:addNew(89)) - 8db113de-7b84-41a1-a116-0df055b189a9: addNew group-644058E483FE:[8db113de-7b84-41a1-a116-0df055b189a9:192.168.151.106:39179] returns group-644058E483FE:java.util.concurrent.CompletableFuture@38e0ef09[Not completed]
2019-09-25 07:30:26,272 [pool-297-thread-1] INFO  impl.RaftServerImpl (RaftServerImpl.java:<init>(95)) - 8db113de-7b84-41a1-a116-0df055b189a9: new RaftServerImpl for group-644058E483FE:[8db113de-7b84-41a1-a116-0df055b189a9:192.168.151.106:39179] with ContainerStateMachine:uninitialized
2019-09-25 07:30:26,272 [pool-297-thread-1] INFO  server.RaftServerConfigKeys (ConfUtils.java:logGet(43)) - raft.server.rpc.timeout.min = 5s (custom)
2019-09-25 07:30:26,273 [pool-297-thread-1] INFO  server.RaftServerConfigKeys (ConfUtils.java:logGet(43)) - raft.server.rpc.timeout.max = 5200ms (custom)
2019-09-25 07:30:26,273 [pool-297-thread-1] INFO  server.RaftServerConfigKeys (ConfUtils.java:logGet(43)) - raft.server.rpcslowness.timeout = 120s (custom)
2019-09-25 07:30:26,273 [pool-297-thread-1] INFO  server.RaftServerConfigKeys (ConfUtils.java:logGet(43)) - raft.server.sleep.deviation.threshold = 300 (default)
2019-09-25 07:30:26,273 [pool-297-thread-1] INFO  server.RaftServerConfigKeys (ConfUtils.java:logGet(43)) - raft.server.log.appender.install.snapshot.enabled = false (custom)
2019-09-25 07:30:26,273 [pool-297-thread-1] INFO  impl.RaftServerImpl (ServerState.java:<init>(103)) - 8db113de-7b84-41a1-a116-0df055b189a9@group-644058E483FE: ConfigurationManager, init=-1: [8db113de-7b84-41a1-a116-0df055b189a9:192.168.151.106:39179], old=null, confs=<EMPTY_MAP>
2019-09-25 07:30:26,273 [pool-297-thread-1] INFO  server.RaftServerConfigKeys (ConfUtils.java:logGet(43)) - raft.server.storage.dir = [/workdir/hadoop-ozone/ozonefs/target/test-dir/MiniOzoneClusterImpl-d5bff4f9-f30c-4d12-b02b-d1d52f4107cc/datanode-2/data/ratis] (custom)
2019-09-25 07:30:26,274 [pool-297-thread-1] INFO  storage.RaftStorageDirectory (RaftStorageDirectory.java:analyzeStorage(246)) - The storage directory /workdir/hadoop-ozone/ozonefs/target/test-dir/MiniOzoneClusterImpl-d5bff4f9-f30c-4d12-b02b-d1d52f4107cc/datanode-2/data/ratis/b67b2e96-d0e3-42ab-b7b5-644058e483fe does not exist. Creating ...
2019-09-25 07:30:26,301 [pool-297-thread-1] INFO  storage.RaftStorageDirectory (RaftStorageDirectory.java:tryLock(328)) - Lock on /workdir/hadoop-ozone/ozonefs/target/test-dir/MiniOzoneClusterImpl-d5bff4f9-f30c-4d12-b02b-d1d52f4107cc/datanode-2/data/ratis/b67b2e96-d0e3-42ab-b7b5-644058e483fe/in_use.lock acquired by nodename 17738@pr-hdds-1569-x2sr2-3486766547
2019-09-25 07:30:26,326 [pool-297-thread-1] INFO  storage.RaftStorage (RaftStorage.java:format(72)) - Storage directory /workdir/hadoop-ozone/ozonefs/target/test-dir/MiniOzoneClusterImpl-d5bff4f9-f30c-4d12-b02b-d1d52f4107cc/datanode-2/data/ratis/b67b2e96-d0e3-42ab-b7b5-644058e483fe has been successfully formatted.
2019-09-25 07:30:26,326 [pool-297-thread-1] INFO  ratis.ContainerStateMachine (ContainerStateMachine.java:loadSnapshot(230)) - group-644058E483FE: The snapshot info is null. Setting the last applied indexto:(t:0, i:~)
2019-09-25 07:30:26,326 [pool-297-thread-1] INFO  server.RaftServerConfigKeys (ConfUtils.java:logGet(43)) - raft.server.notification.no-leader.timeout = 120s (custom)
2019-09-25 07:30:26,327 [pool-297-thread-1] INFO  server.RaftServerConfigKeys (ConfUtils.java:logGet(43)) - raft.server.log.use.memory = false (default)
2019-09-25 07:30:26,327 [pool-297-thread-1] INFO  server.RaftServerConfigKeys (ConfUtils.java:logGet(43)) - raft.server.log.purge.gap = 1000000 (custom)
2019-09-25 07:30:26,327 [pool-297-thread-1] INFO  server.RaftServerConfigKeys (ConfUtils.java:logGet(43)) - raft.server.log.appender.buffer.byte-limit = 33554432 (custom)
2019-09-25 07:30:26,327 [pool-297-thread-1] INFO  server.RaftServerConfigKeys (ConfUtils.java:logGet(43)) - raft.server.log.segment.size.max = 1048576 (custom)
2019-09-25 07:30:26,327 [pool-297-thread-1] INFO  server.RaftServerConfigKeys (ConfUtils.java:logGet(43)) - raft.server.log.segment.cache.num.max = 2 (custom)
2019-09-25 07:30:26,327 [pool-297-thread-1] INFO  segmented.SegmentedRaftLogWorker (SegmentedRaftLogWorker.java:<init>(172)) - new 8db113de-7b84-41a1-a116-0df055b189a9@group-644058E483FE-SegmentedRaftLogWorker for RaftStorage:Storage Directory /workdir/hadoop-ozone/ozonefs/target/test-dir/MiniOzoneClusterImpl-d5bff4f9-f30c-4d12-b02b-d1d52f4107cc/datanode-2/data/ratis/b67b2e96-d0e3-42ab-b7b5-644058e483fe
2019-09-25 07:30:26,327 [pool-297-thread-1] INFO  server.RaftServerConfigKeys (ConfUtils.java:logGet(43)) - raft.server.log.queue.byte-limit = 2147483647 (custom)
2019-09-25 07:30:26,328 [pool-297-thread-1] INFO  server.RaftServerConfigKeys (ConfUtils.java:logGet(43)) - raft.server.log.queue.element-limit = 1024 (custom)
2019-09-25 07:30:26,328 [pool-297-thread-1] INFO  server.RaftServerConfigKeys (ConfUtils.java:logGet(43)) - raft.server.log.segment.size.max = 1048576 (custom)
2019-09-25 07:30:26,328 [pool-297-thread-1] INFO  server.RaftServerConfigKeys (ConfUtils.java:logGet(43)) - raft.server.log.preallocated.size = 16384 (custom)
2019-09-25 07:30:26,328 [pool-297-thread-1] INFO  server.RaftServerConfigKeys (ConfUtils.java:logGet(43)) - raft.server.log.write.buffer.size = 33554432 (custom)
2019-09-25 07:30:26,328 [pool-297-thread-1] INFO  server.RaftServerConfigKeys (ConfUtils.java:logGet(43)) - raft.server.log.force.sync.num = 128 (default)
2019-09-25 07:30:26,328 [pool-297-thread-1] INFO  server.RaftServerConfigKeys (ConfUtils.java:logGet(43)) - raft.server.log.statemachine.data.sync = true (default)
2019-09-25 07:30:26,328 [pool-297-thread-1] INFO  server.RaftServerConfigKeys (ConfUtils.java:logGet(43)) - raft.server.log.statemachine.data.sync.timeout = 10s (default)
2019-09-25 07:30:26,329 [pool-297-thread-1] INFO  server.RaftServerConfigKeys (ConfUtils.java:logGet(43)) - raft.server.log.statemachine.data.sync.timeout.retry = -1 (default)
2019-09-25 07:30:26,329 [pool-297-thread-1] INFO  server.RaftServerConfigKeys (ConfUtils.java:logGet(43)) - raft.server.log.statemachine.data.caching.enabled = true (custom)
2019-09-25 07:30:26,329 [pool-297-thread-1] INFO  segmented.SegmentedRaftLogWorker (SegmentedRaftLogWorker.java:lambda$new$0(132)) - 8db113de-7b84-41a1-a116-0df055b189a9@group-644058E483FE-SegmentedRaftLogWorker: flushIndex: setUnconditionally 0 -> -1
2019-09-25 07:30:26,329 [pool-297-thread-1] INFO  server.RaftServerConfigKeys (ConfUtils.java:logGet(43)) - raft.server.snapshot.auto.trigger.enabled = true (custom)
2019-09-25 07:30:26,330 [pool-297-thread-1] INFO  server.RaftServerConfigKeys (ConfUtils.java:logGet(43)) - raft.server.snapshot.auto.trigger.threshold = 10000 (custom)
2019-09-25 07:30:26,330 [pool-297-thread-1] INFO  server.RaftServerConfigKeys (ConfUtils.java:logGet(43)) - raft.server.snapshot.retention.num.files = 5 (custom)
2019-09-25 07:30:26,330 [pool-297-thread-1] INFO  server.RaftServerConfigKeys (ConfUtils.java:logGet(43)) - raft.server.retrycache.expirytime = 600000ms (custom)
2019-09-25 07:30:26,331 [pool-297-thread-1] INFO  impl.RaftServerImpl (RaftServerImpl.java:start(185)) - 8db113de-7b84-41a1-a116-0df055b189a9@group-644058E483FE: start as a follower, conf=-1: [8db113de-7b84-41a1-a116-0df055b189a9:192.168.151.106:39179], old=null
2019-09-25 07:30:26,332 [pool-297-thread-1] INFO  impl.RaftServerImpl (RaftServerImpl.java:setRole(174)) - 8db113de-7b84-41a1-a116-0df055b189a9@group-644058E483FE: changes role from      null to FOLLOWER at term 0 for startAsFollower
2019-09-25 07:30:26,332 [pool-297-thread-1] INFO  impl.RoleInfo (RoleInfo.java:updateAndGet(143)) - 8db113de-7b84-41a1-a116-0df055b189a9: start FollowerState
2019-09-25 07:30:26,332 [pool-297-thread-1] INFO  util.JmxRegister (JmxRegister.java:tryRegister(44)) - Successfully registered JMX Bean with object name Ratis:service=RaftServer,group=group-644058E483FE,id=8db113de-7b84-41a1-a116-0df055b189a9
2019-09-25 07:30:26,335 [RatisPipelineUtilsThread] INFO  pipeline.PipelineStateManager (PipelineStateManager.java:addPipeline(56)) - Created pipeline Pipeline[ Id: b67b2e96-d0e3-42ab-b7b5-644058e483fe, Nodes: 8db113de-7b84-41a1-a116-0df055b189a9{ip: 192.168.151.106, host: pr-hdds-1569-x2sr2-3486766547, networkLocation: /default-rack, certSerialId: null}, Type:RATIS, Factor:ONE, State:OPEN]
2019-09-25 07:30:26,335 [RatisPipelineUtilsThread] INFO  pipeline.PipelinePlacementPolicy (PipelinePlacementPolicy.java:meetCriteria(91)) - Pipeline Placement: can't place more pipeline on heavy datanode： e922a23f-709c-4ffc-b707-fa2ce4e2ab76 Heaviness: 6 limit: 5
2019-09-25 07:30:26,341 [grpc-default-executor-0] INFO  impl.RaftServerProxy (RaftServerProxy.java:addNew(89)) - e26be840-9830-4763-8bf9-b6d80e03cb44: addNew group-FC4A10B4AD41:[e26be840-9830-4763-8bf9-b6d80e03cb44:192.168.151.106:39767] returns group-FC4A10B4AD41:java.util.concurrent.CompletableFuture@5a702753[Not completed]
2019-09-25 07:30:26,341 [pool-287-thread-1] INFO  impl.RaftServerImpl (RaftServerImpl.java:<init>(95)) - e26be840-9830-4763-8bf9-b6d80e03cb44: new RaftServerImpl for group-FC4A10B4AD41:[e26be840-9830-4763-8bf9-b6d80e03cb44:192.168.151.106:39767] with ContainerStateMachine:uninitialized
2019-09-25 07:30:26,342 [pool-287-thread-1] INFO  server.RaftServerConfigKeys (ConfUtils.java:logGet(43)) - raft.server.rpc.timeout.min = 5s (custom)
2019-09-25 07:30:26,342 [pool-287-thread-1] INFO  server.RaftServerConfigKeys (ConfUtils.java:logGet(43)) - raft.server.rpc.timeout.max = 5200ms (custom)
2019-09-25 07:30:26,342 [pool-287-thread-1] INFO  server.RaftServerConfigKeys (ConfUtils.java:logGet(43)) - raft.server.rpcslowness.timeout = 120s (custom)
2019-09-25 07:30:26,342 [pool-287-thread-1] INFO  server.RaftServerConfigKeys (ConfUtils.java:logGet(43)) - raft.server.sleep.deviation.threshold = 300 (default)
2019-09-25 07:30:26,342 [pool-287-thread-1] INFO  server.RaftServerConfigKeys (ConfUtils.java:logGet(43)) - raft.server.log.appender.install.snapshot.enabled = false (custom)
2019-09-25 07:30:26,342 [pool-287-thread-1] INFO  impl.RaftServerImpl (ServerState.java:<init>(103)) - e26be840-9830-4763-8bf9-b6d80e03cb44@group-FC4A10B4AD41: ConfigurationManager, init=-1: [e26be840-9830-4763-8bf9-b6d80e03cb44:192.168.151.106:39767], old=null, confs=<EMPTY_MAP>
2019-09-25 07:30:26,342 [pool-287-thread-1] INFO  server.RaftServerConfigKeys (ConfUtils.java:logGet(43)) - raft.server.storage.dir = [/workdir/hadoop-ozone/ozonefs/target/test-dir/MiniOzoneClusterImpl-d5bff4f9-f30c-4d12-b02b-d1d52f4107cc/datanode-1/data/ratis] (custom)
2019-09-25 07:30:26,343 [pool-287-thread-1] INFO  storage.RaftStorageDirectory (RaftStorageDirectory.java:analyzeStorage(246)) - The storage directory /workdir/hadoop-ozone/ozonefs/target/test-dir/MiniOzoneClusterImpl-d5bff4f9-f30c-4d12-b02b-d1d52f4107cc/datanode-1/data/ratis/3921ac4c-c6d5-49d6-ae96-fc4a10b4ad41 does not exist. Creating ...
2019-09-25 07:30:26,368 [pool-287-thread-1] INFO  storage.RaftStorageDirectory (RaftStorageDirectory.java:tryLock(328)) - Lock on /workdir/hadoop-ozone/ozonefs/target/test-dir/MiniOzoneClusterImpl-d5bff4f9-f30c-4d12-b02b-d1d52f4107cc/datanode-1/data/ratis/3921ac4c-c6d5-49d6-ae96-fc4a10b4ad41/in_use.lock acquired by nodename 17738@pr-hdds-1569-x2sr2-3486766547
2019-09-25 07:30:26,402 [pool-287-thread-1] INFO  storage.RaftStorage (RaftStorage.java:format(72)) - Storage directory /workdir/hadoop-ozone/ozonefs/target/test-dir/MiniOzoneClusterImpl-d5bff4f9-f30c-4d12-b02b-d1d52f4107cc/datanode-1/data/ratis/3921ac4c-c6d5-49d6-ae96-fc4a10b4ad41 has been successfully formatted.
2019-09-25 07:30:26,402 [pool-287-thread-1] INFO  ratis.ContainerStateMachine (ContainerStateMachine.java:loadSnapshot(230)) - group-FC4A10B4AD41: The snapshot info is null. Setting the last applied indexto:(t:0, i:~)
2019-09-25 07:30:26,402 [pool-287-thread-1] INFO  server.RaftServerConfigKeys (ConfUtils.java:logGet(43)) - raft.server.notification.no-leader.timeout = 120s (custom)
2019-09-25 07:30:26,402 [pool-287-thread-1] INFO  server.RaftServerConfigKeys (ConfUtils.java:logGet(43)) - raft.server.log.use.memory = false (default)
2019-09-25 07:30:26,403 [pool-287-thread-1] INFO  server.RaftServerConfigKeys (ConfUtils.java:logGet(43)) - raft.server.log.purge.gap = 1000000 (custom)
2019-09-25 07:30:26,403 [pool-287-thread-1] INFO  server.RaftServerConfigKeys (ConfUtils.java:logGet(43)) - raft.server.log.appender.buffer.byte-limit = 33554432 (custom)
2019-09-25 07:30:26,403 [pool-287-thread-1] INFO  server.RaftServerConfigKeys (ConfUtils.java:logGet(43)) - raft.server.log.segment.size.max = 1048576 (custom)
2019-09-25 07:30:26,403 [pool-287-thread-1] INFO  server.RaftServerConfigKeys (ConfUtils.java:logGet(43)) - raft.server.log.segment.cache.num.max = 2 (custom)
2019-09-25 07:30:26,403 [pool-287-thread-1] INFO  segmented.SegmentedRaftLogWorker (SegmentedRaftLogWorker.java:<init>(172)) - new e26be840-9830-4763-8bf9-b6d80e03cb44@group-FC4A10B4AD41-SegmentedRaftLogWorker for RaftStorage:Storage Directory /workdir/hadoop-ozone/ozonefs/target/test-dir/MiniOzoneClusterImpl-d5bff4f9-f30c-4d12-b02b-d1d52f4107cc/datanode-1/data/ratis/3921ac4c-c6d5-49d6-ae96-fc4a10b4ad41
2019-09-25 07:30:26,403 [pool-287-thread-1] INFO  server.RaftServerConfigKeys (ConfUtils.java:logGet(43)) - raft.server.log.queue.byte-limit = 2147483647 (custom)
2019-09-25 07:30:26,404 [pool-287-thread-1] INFO  server.RaftServerConfigKeys (ConfUtils.java:logGet(43)) - raft.server.log.queue.element-limit = 1024 (custom)
2019-09-25 07:30:26,404 [pool-287-thread-1] INFO  server.RaftServerConfigKeys (ConfUtils.java:logGet(43)) - raft.server.log.segment.size.max = 1048576 (custom)
2019-09-25 07:30:26,404 [pool-287-thread-1] INFO  server.RaftServerConfigKeys (ConfUtils.java:logGet(43)) - raft.server.log.preallocated.size = 16384 (custom)
2019-09-25 07:30:26,404 [pool-287-thread-1] INFO  server.RaftServerConfigKeys (ConfUtils.java:logGet(43)) - raft.server.log.write.buffer.size = 33554432 (custom)
2019-09-25 07:30:26,404 [pool-287-thread-1] INFO  server.RaftServerConfigKeys (ConfUtils.java:logGet(43)) - raft.server.log.force.sync.num = 128 (default)
2019-09-25 07:30:26,404 [pool-287-thread-1] INFO  server.RaftServerConfigKeys (ConfUtils.java:logGet(43)) - raft.server.log.statemachine.data.sync = true (default)
2019-09-25 07:30:26,404 [pool-287-thread-1] INFO  server.RaftServerConfigKeys (ConfUtils.java:logGet(43)) - raft.server.log.statemachine.data.sync.timeout = 10s (default)
2019-09-25 07:30:26,405 [pool-287-thread-1] INFO  server.RaftServerConfigKeys (ConfUtils.java:logGet(43)) - raft.server.log.statemachine.data.sync.timeout.retry = -1 (default)
2019-09-25 07:30:26,405 [pool-287-thread-1] INFO  server.RaftServerConfigKeys (ConfUtils.java:logGet(43)) - raft.server.log.statemachine.data.caching.enabled = true (custom)
2019-09-25 07:30:26,405 [pool-287-thread-1] INFO  segmented.SegmentedRaftLogWorker (SegmentedRaftLogWorker.java:lambda$new$0(132)) - e26be840-9830-4763-8bf9-b6d80e03cb44@group-FC4A10B4AD41-SegmentedRaftLogWorker: flushIndex: setUnconditionally 0 -> -1
2019-09-25 07:30:26,406 [pool-287-thread-1] INFO  server.RaftServerConfigKeys (ConfUtils.java:logGet(43)) - raft.server.snapshot.auto.trigger.enabled = true (custom)
2019-09-25 07:30:26,406 [pool-287-thread-1] INFO  server.RaftServerConfigKeys (ConfUtils.java:logGet(43)) - raft.server.snapshot.auto.trigger.threshold = 10000 (custom)
2019-09-25 07:30:26,406 [pool-287-thread-1] INFO  server.RaftServerConfigKeys (ConfUtils.java:logGet(43)) - raft.server.snapshot.retention.num.files = 5 (custom)
2019-09-25 07:30:26,406 [pool-287-thread-1] INFO  server.RaftServerConfigKeys (ConfUtils.java:logGet(43)) - raft.server.retrycache.expirytime = 600000ms (custom)
2019-09-25 07:30:26,408 [pool-287-thread-1] INFO  impl.RaftServerImpl (RaftServerImpl.java:start(185)) - e26be840-9830-4763-8bf9-b6d80e03cb44@group-FC4A10B4AD41: start as a follower, conf=-1: [e26be840-9830-4763-8bf9-b6d80e03cb44:192.168.151.106:39767], old=null
2019-09-25 07:30:26,408 [pool-287-thread-1] INFO  impl.RaftServerImpl (RaftServerImpl.java:setRole(174)) - e26be840-9830-4763-8bf9-b6d80e03cb44@group-FC4A10B4AD41: changes role from      null to FOLLOWER at term 0 for startAsFollower
2019-09-25 07:30:26,408 [pool-287-thread-1] INFO  impl.RoleInfo (RoleInfo.java:updateAndGet(143)) - e26be840-9830-4763-8bf9-b6d80e03cb44: start FollowerState
2019-09-25 07:30:26,408 [pool-287-thread-1] INFO  util.JmxRegister (JmxRegister.java:tryRegister(44)) - Successfully registered JMX Bean with object name Ratis:service=RaftServer,group=group-FC4A10B4AD41,id=e26be840-9830-4763-8bf9-b6d80e03cb44
2019-09-25 07:30:26,411 [RatisPipelineUtilsThread] INFO  pipeline.PipelineStateManager (PipelineStateManager.java:addPipeline(56)) - Created pipeline Pipeline[ Id: 3921ac4c-c6d5-49d6-ae96-fc4a10b4ad41, Nodes: e26be840-9830-4763-8bf9-b6d80e03cb44{ip: 192.168.151.106, host: pr-hdds-1569-x2sr2-3486766547, networkLocation: /default-rack, certSerialId: null}, Type:RATIS, Factor:ONE, State:OPEN]
2019-09-25 07:30:26,411 [RatisPipelineUtilsThread] INFO  pipeline.PipelinePlacementPolicy (PipelinePlacementPolicy.java:meetCriteria(91)) - Pipeline Placement: can't place more pipeline on heavy datanode： e922a23f-709c-4ffc-b707-fa2ce4e2ab76 Heaviness: 6 limit: 5
2019-09-25 07:30:26,416 [grpc-default-executor-0] INFO  impl.RaftServerProxy (RaftServerProxy.java:addNew(89)) - 8db113de-7b84-41a1-a116-0df055b189a9: addNew group-E0967F24C159:[8db113de-7b84-41a1-a116-0df055b189a9:192.168.151.106:39179] returns group-E0967F24C159:java.util.concurrent.CompletableFuture@4bd15692[Not completed]
2019-09-25 07:30:26,418 [pool-297-thread-1] INFO  impl.RaftServerImpl (RaftServerImpl.java:<init>(95)) - 8db113de-7b84-41a1-a116-0df055b189a9: new RaftServerImpl for group-E0967F24C159:[8db113de-7b84-41a1-a116-0df055b189a9:192.168.151.106:39179] with ContainerStateMachine:uninitialized
2019-09-25 07:30:26,418 [pool-297-thread-1] INFO  server.RaftServerConfigKeys (ConfUtils.java:logGet(43)) - raft.server.rpc.timeout.min = 5s (custom)
2019-09-25 07:30:26,419 [pool-297-thread-1] INFO  server.RaftServerConfigKeys (ConfUtils.java:logGet(43)) - raft.server.rpc.timeout.max = 5200ms (custom)
2019-09-25 07:30:26,419 [pool-297-thread-1] INFO  server.RaftServerConfigKeys (ConfUtils.java:logGet(43)) - raft.server.rpcslowness.timeout = 120s (custom)
2019-09-25 07:30:26,419 [pool-297-thread-1] INFO  server.RaftServerConfigKeys (ConfUtils.java:logGet(43)) - raft.server.sleep.deviation.threshold = 300 (default)
2019-09-25 07:30:26,419 [pool-297-thread-1] INFO  server.RaftServerConfigKeys (ConfUtils.java:logGet(43)) - raft.server.log.appender.install.snapshot.enabled = false (custom)
2019-09-25 07:30:26,419 [pool-297-thread-1] INFO  impl.RaftServerImpl (ServerState.java:<init>(103)) - 8db113de-7b84-41a1-a116-0df055b189a9@group-E0967F24C159: ConfigurationManager, init=-1: [8db113de-7b84-41a1-a116-0df055b189a9:192.168.151.106:39179], old=null, confs=<EMPTY_MAP>
2019-09-25 07:30:26,419 [pool-297-thread-1] INFO  server.RaftServerConfigKeys (ConfUtils.java:logGet(43)) - raft.server.storage.dir = [/workdir/hadoop-ozone/ozonefs/target/test-dir/MiniOzoneClusterImpl-d5bff4f9-f30c-4d12-b02b-d1d52f4107cc/datanode-2/data/ratis] (custom)
2019-09-25 07:30:26,420 [pool-297-thread-1] INFO  storage.RaftStorageDirectory (RaftStorageDirectory.java:analyzeStorage(246)) - The storage directory /workdir/hadoop-ozone/ozonefs/target/test-dir/MiniOzoneClusterImpl-d5bff4f9-f30c-4d12-b02b-d1d52f4107cc/datanode-2/data/ratis/d11f2849-844c-420f-a60a-e0967f24c159 does not exist. Creating ...
2019-09-25 07:30:26,444 [pool-297-thread-1] INFO  storage.RaftStorageDirectory (RaftStorageDirectory.java:tryLock(328)) - Lock on /workdir/hadoop-ozone/ozonefs/target/test-dir/MiniOzoneClusterImpl-d5bff4f9-f30c-4d12-b02b-d1d52f4107cc/datanode-2/data/ratis/d11f2849-844c-420f-a60a-e0967f24c159/in_use.lock acquired by nodename 17738@pr-hdds-1569-x2sr2-3486766547
2019-09-25 07:30:26,469 [pool-297-thread-1] INFO  storage.RaftStorage (RaftStorage.java:format(72)) - Storage directory /workdir/hadoop-ozone/ozonefs/target/test-dir/MiniOzoneClusterImpl-d5bff4f9-f30c-4d12-b02b-d1d52f4107cc/datanode-2/data/ratis/d11f2849-844c-420f-a60a-e0967f24c159 has been successfully formatted.
2019-09-25 07:30:26,470 [pool-297-thread-1] INFO  ratis.ContainerStateMachine (ContainerStateMachine.java:loadSnapshot(230)) - group-E0967F24C159: The snapshot info is null. Setting the last applied indexto:(t:0, i:~)
2019-09-25 07:30:26,470 [pool-297-thread-1] INFO  server.RaftServerConfigKeys (ConfUtils.java:logGet(43)) - raft.server.notification.no-leader.timeout = 120s (custom)
2019-09-25 07:30:26,470 [pool-297-thread-1] INFO  server.RaftServerConfigKeys (ConfUtils.java:logGet(43)) - raft.server.log.use.memory = false (default)
2019-09-25 07:30:26,470 [pool-297-thread-1] INFO  server.RaftServerConfigKeys (ConfUtils.java:logGet(43)) - raft.server.log.purge.gap = 1000000 (custom)
2019-09-25 07:30:26,470 [pool-297-thread-1] INFO  server.RaftServerConfigKeys (ConfUtils.java:logGet(43)) - raft.server.log.appender.buffer.byte-limit = 33554432 (custom)
2019-09-25 07:30:26,470 [pool-297-thread-1] INFO  server.RaftServerConfigKeys (ConfUtils.java:logGet(43)) - raft.server.log.segment.size.max = 1048576 (custom)
2019-09-25 07:30:26,471 [pool-297-thread-1] INFO  server.RaftServerConfigKeys (ConfUtils.java:logGet(43)) - raft.server.log.segment.cache.num.max = 2 (custom)
2019-09-25 07:30:26,471 [pool-297-thread-1] INFO  segmented.SegmentedRaftLogWorker (SegmentedRaftLogWorker.java:<init>(172)) - new 8db113de-7b84-41a1-a116-0df055b189a9@group-E0967F24C159-SegmentedRaftLogWorker for RaftStorage:Storage Directory /workdir/hadoop-ozone/ozonefs/target/test-dir/MiniOzoneClusterImpl-d5bff4f9-f30c-4d12-b02b-d1d52f4107cc/datanode-2/data/ratis/d11f2849-844c-420f-a60a-e0967f24c159
2019-09-25 07:30:26,471 [pool-297-thread-1] INFO  server.RaftServerConfigKeys (ConfUtils.java:logGet(43)) - raft.server.log.queue.byte-limit = 2147483647 (custom)
2019-09-25 07:30:26,471 [pool-297-thread-1] INFO  server.RaftServerConfigKeys (ConfUtils.java:logGet(43)) - raft.server.log.queue.element-limit = 1024 (custom)
2019-09-25 07:30:26,471 [pool-297-thread-1] INFO  server.RaftServerConfigKeys (ConfUtils.java:logGet(43)) - raft.server.log.segment.size.max = 1048576 (custom)
2019-09-25 07:30:26,471 [pool-297-thread-1] INFO  server.RaftServerConfigKeys (ConfUtils.java:logGet(43)) - raft.server.log.preallocated.size = 16384 (custom)
2019-09-25 07:30:26,471 [pool-297-thread-1] INFO  server.RaftServerConfigKeys (ConfUtils.java:logGet(43)) - raft.server.log.write.buffer.size = 33554432 (custom)
2019-09-25 07:30:26,472 [pool-297-thread-1] INFO  server.RaftServerConfigKeys (ConfUtils.java:logGet(43)) - raft.server.log.force.sync.num = 128 (default)
2019-09-25 07:30:26,472 [pool-297-thread-1] INFO  server.RaftServerConfigKeys (ConfUtils.java:logGet(43)) - raft.server.log.statemachine.data.sync = true (default)
2019-09-25 07:30:26,472 [pool-297-thread-1] INFO  server.RaftServerConfigKeys (ConfUtils.java:logGet(43)) - raft.server.log.statemachine.data.sync.timeout = 10s (default)
2019-09-25 07:30:26,472 [pool-297-thread-1] INFO  server.RaftServerConfigKeys (ConfUtils.java:logGet(43)) - raft.server.log.statemachine.data.sync.timeout.retry = -1 (default)
2019-09-25 07:30:26,472 [pool-297-thread-1] INFO  server.RaftServerConfigKeys (ConfUtils.java:logGet(43)) - raft.server.log.statemachine.data.caching.enabled = true (custom)
2019-09-25 07:30:26,473 [pool-297-thread-1] INFO  segmented.SegmentedRaftLogWorker (SegmentedRaftLogWorker.java:lambda$new$0(132)) - 8db113de-7b84-41a1-a116-0df055b189a9@group-E0967F24C159-SegmentedRaftLogWorker: flushIndex: setUnconditionally 0 -> -1
2019-09-25 07:30:26,473 [pool-297-thread-1] INFO  server.RaftServerConfigKeys (ConfUtils.java:logGet(43)) - raft.server.snapshot.auto.trigger.enabled = true (custom)
2019-09-25 07:30:26,473 [pool-297-thread-1] INFO  server.RaftServerConfigKeys (ConfUtils.java:logGet(43)) - raft.server.snapshot.auto.trigger.threshold = 10000 (custom)
2019-09-25 07:30:26,473 [pool-297-thread-1] INFO  server.RaftServerConfigKeys (ConfUtils.java:logGet(43)) - raft.server.snapshot.retention.num.files = 5 (custom)
2019-09-25 07:30:26,473 [pool-297-thread-1] INFO  server.RaftServerConfigKeys (ConfUtils.java:logGet(43)) - raft.server.retrycache.expirytime = 600000ms (custom)
2019-09-25 07:30:26,475 [pool-297-thread-1] INFO  impl.RaftServerImpl (RaftServerImpl.java:start(185)) - 8db113de-7b84-41a1-a116-0df055b189a9@group-E0967F24C159: start as a follower, conf=-1: [8db113de-7b84-41a1-a116-0df055b189a9:192.168.151.106:39179], old=null
2019-09-25 07:30:26,475 [pool-297-thread-1] INFO  impl.RaftServerImpl (RaftServerImpl.java:setRole(174)) - 8db113de-7b84-41a1-a116-0df055b189a9@group-E0967F24C159: changes role from      null to FOLLOWER at term 0 for startAsFollower
2019-09-25 07:30:26,475 [pool-297-thread-1] INFO  impl.RoleInfo (RoleInfo.java:updateAndGet(143)) - 8db113de-7b84-41a1-a116-0df055b189a9: start FollowerState
2019-09-25 07:30:26,476 [pool-297-thread-1] INFO  util.JmxRegister (JmxRegister.java:tryRegister(44)) - Successfully registered JMX Bean with object name Ratis:service=RaftServer,group=group-E0967F24C159,id=8db113de-7b84-41a1-a116-0df055b189a9
2019-09-25 07:30:26,478 [RatisPipelineUtilsThread] INFO  pipeline.PipelineStateManager (PipelineStateManager.java:addPipeline(56)) - Created pipeline Pipeline[ Id: d11f2849-844c-420f-a60a-e0967f24c159, Nodes: 8db113de-7b84-41a1-a116-0df055b189a9{ip: 192.168.151.106, host: pr-hdds-1569-x2sr2-3486766547, networkLocation: /default-rack, certSerialId: null}, Type:RATIS, Factor:ONE, State:OPEN]
2019-09-25 07:30:26,479 [RatisPipelineUtilsThread] INFO  pipeline.PipelinePlacementPolicy (PipelinePlacementPolicy.java:meetCriteria(91)) - Pipeline Placement: can't place more pipeline on heavy datanode： e922a23f-709c-4ffc-b707-fa2ce4e2ab76 Heaviness: 6 limit: 5
2019-09-25 07:30:26,483 [grpc-default-executor-0] INFO  impl.RaftServerProxy (RaftServerProxy.java:addNew(89)) - e26be840-9830-4763-8bf9-b6d80e03cb44: addNew group-83821B3D548A:[e26be840-9830-4763-8bf9-b6d80e03cb44:192.168.151.106:39767] returns group-83821B3D548A:java.util.concurrent.CompletableFuture@12730b63[Not completed]
2019-09-25 07:30:26,484 [pool-287-thread-1] INFO  impl.RaftServerImpl (RaftServerImpl.java:<init>(95)) - e26be840-9830-4763-8bf9-b6d80e03cb44: new RaftServerImpl for group-83821B3D548A:[e26be840-9830-4763-8bf9-b6d80e03cb44:192.168.151.106:39767] with ContainerStateMachine:uninitialized
2019-09-25 07:30:26,484 [pool-287-thread-1] INFO  server.RaftServerConfigKeys (ConfUtils.java:logGet(43)) - raft.server.rpc.timeout.min = 5s (custom)
2019-09-25 07:30:26,484 [pool-287-thread-1] INFO  server.RaftServerConfigKeys (ConfUtils.java:logGet(43)) - raft.server.rpc.timeout.max = 5200ms (custom)
2019-09-25 07:30:26,485 [pool-287-thread-1] INFO  server.RaftServerConfigKeys (ConfUtils.java:logGet(43)) - raft.server.rpcslowness.timeout = 120s (custom)
2019-09-25 07:30:26,485 [pool-287-thread-1] INFO  server.RaftServerConfigKeys (ConfUtils.java:logGet(43)) - raft.server.sleep.deviation.threshold = 300 (default)
2019-09-25 07:30:26,485 [pool-287-thread-1] INFO  server.RaftServerConfigKeys (ConfUtils.java:logGet(43)) - raft.server.log.appender.install.snapshot.enabled = false (custom)
2019-09-25 07:30:26,485 [pool-287-thread-1] INFO  impl.RaftServerImpl (ServerState.java:<init>(103)) - e26be840-9830-4763-8bf9-b6d80e03cb44@group-83821B3D548A: ConfigurationManager, init=-1: [e26be840-9830-4763-8bf9-b6d80e03cb44:192.168.151.106:39767], old=null, confs=<EMPTY_MAP>
2019-09-25 07:30:26,485 [pool-287-thread-1] INFO  server.RaftServerConfigKeys (ConfUtils.java:logGet(43)) - raft.server.storage.dir = [/workdir/hadoop-ozone/ozonefs/target/test-dir/MiniOzoneClusterImpl-d5bff4f9-f30c-4d12-b02b-d1d52f4107cc/datanode-1/data/ratis] (custom)
2019-09-25 07:30:26,485 [pool-287-thread-1] INFO  storage.RaftStorageDirectory (RaftStorageDirectory.java:analyzeStorage(246)) - The storage directory /workdir/hadoop-ozone/ozonefs/target/test-dir/MiniOzoneClusterImpl-d5bff4f9-f30c-4d12-b02b-d1d52f4107cc/datanode-1/data/ratis/da0aa048-c172-477c-8c13-83821b3d548a does not exist. Creating ...
2019-09-25 07:30:26,511 [pool-287-thread-1] INFO  storage.RaftStorageDirectory (RaftStorageDirectory.java:tryLock(328)) - Lock on /workdir/hadoop-ozone/ozonefs/target/test-dir/MiniOzoneClusterImpl-d5bff4f9-f30c-4d12-b02b-d1d52f4107cc/datanode-1/data/ratis/da0aa048-c172-477c-8c13-83821b3d548a/in_use.lock acquired by nodename 17738@pr-hdds-1569-x2sr2-3486766547
2019-09-25 07:30:26,537 [pool-287-thread-1] INFO  storage.RaftStorage (RaftStorage.java:format(72)) - Storage directory /workdir/hadoop-ozone/ozonefs/target/test-dir/MiniOzoneClusterImpl-d5bff4f9-f30c-4d12-b02b-d1d52f4107cc/datanode-1/data/ratis/da0aa048-c172-477c-8c13-83821b3d548a has been successfully formatted.
2019-09-25 07:30:26,537 [pool-287-thread-1] INFO  ratis.ContainerStateMachine (ContainerStateMachine.java:loadSnapshot(230)) - group-83821B3D548A: The snapshot info is null. Setting the last applied indexto:(t:0, i:~)
2019-09-25 07:30:26,537 [pool-287-thread-1] INFO  server.RaftServerConfigKeys (ConfUtils.java:logGet(43)) - raft.server.notification.no-leader.timeout = 120s (custom)
2019-09-25 07:30:26,537 [pool-287-thread-1] INFO  server.RaftServerConfigKeys (ConfUtils.java:logGet(43)) - raft.server.log.use.memory = false (default)
2019-09-25 07:30:26,537 [pool-287-thread-1] INFO  server.RaftServerConfigKeys (ConfUtils.java:logGet(43)) - raft.server.log.purge.gap = 1000000 (custom)
2019-09-25 07:30:26,537 [pool-287-thread-1] INFO  server.RaftServerConfigKeys (ConfUtils.java:logGet(43)) - raft.server.log.appender.buffer.byte-limit = 33554432 (custom)
2019-09-25 07:30:26,538 [pool-287-thread-1] INFO  server.RaftServerConfigKeys (ConfUtils.java:logGet(43)) - raft.server.log.segment.size.max = 1048576 (custom)
2019-09-25 07:30:26,538 [pool-287-thread-1] INFO  server.RaftServerConfigKeys (ConfUtils.java:logGet(43)) - raft.server.log.segment.cache.num.max = 2 (custom)
2019-09-25 07:30:26,538 [pool-287-thread-1] INFO  segmented.SegmentedRaftLogWorker (SegmentedRaftLogWorker.java:<init>(172)) - new e26be840-9830-4763-8bf9-b6d80e03cb44@group-83821B3D548A-SegmentedRaftLogWorker for RaftStorage:Storage Directory /workdir/hadoop-ozone/ozonefs/target/test-dir/MiniOzoneClusterImpl-d5bff4f9-f30c-4d12-b02b-d1d52f4107cc/datanode-1/data/ratis/da0aa048-c172-477c-8c13-83821b3d548a
2019-09-25 07:30:26,538 [pool-287-thread-1] INFO  server.RaftServerConfigKeys (ConfUtils.java:logGet(43)) - raft.server.log.queue.byte-limit = 2147483647 (custom)
2019-09-25 07:30:26,538 [pool-287-thread-1] INFO  server.RaftServerConfigKeys (ConfUtils.java:logGet(43)) - raft.server.log.queue.element-limit = 1024 (custom)
2019-09-25 07:30:26,538 [pool-287-thread-1] INFO  server.RaftServerConfigKeys (ConfUtils.java:logGet(43)) - raft.server.log.segment.size.max = 1048576 (custom)
2019-09-25 07:30:26,538 [pool-287-thread-1] INFO  server.RaftServerConfigKeys (ConfUtils.java:logGet(43)) - raft.server.log.preallocated.size = 16384 (custom)
2019-09-25 07:30:26,538 [pool-287-thread-1] INFO  server.RaftServerConfigKeys (ConfUtils.java:logGet(43)) - raft.server.log.write.buffer.size = 33554432 (custom)
2019-09-25 07:30:26,539 [pool-287-thread-1] INFO  server.RaftServerConfigKeys (ConfUtils.java:logGet(43)) - raft.server.log.force.sync.num = 128 (default)
2019-09-25 07:30:26,539 [pool-287-thread-1] INFO  server.RaftServerConfigKeys (ConfUtils.java:logGet(43)) - raft.server.log.statemachine.data.sync = true (default)
2019-09-25 07:30:26,539 [pool-287-thread-1] INFO  server.RaftServerConfigKeys (ConfUtils.java:logGet(43)) - raft.server.log.statemachine.data.sync.timeout = 10s (default)
2019-09-25 07:30:26,539 [pool-287-thread-1] INFO  server.RaftServerConfigKeys (ConfUtils.java:logGet(43)) - raft.server.log.statemachine.data.sync.timeout.retry = -1 (default)
2019-09-25 07:30:26,539 [pool-287-thread-1] INFO  server.RaftServerConfigKeys (ConfUtils.java:logGet(43)) - raft.server.log.statemachine.data.caching.enabled = true (custom)
2019-09-25 07:30:26,539 [pool-287-thread-1] INFO  segmented.SegmentedRaftLogWorker (SegmentedRaftLogWorker.java:lambda$new$0(132)) - e26be840-9830-4763-8bf9-b6d80e03cb44@group-83821B3D548A-SegmentedRaftLogWorker: flushIndex: setUnconditionally 0 -> -1
2019-09-25 07:30:26,540 [pool-287-thread-1] INFO  server.RaftServerConfigKeys (ConfUtils.java:logGet(43)) - raft.server.snapshot.auto.trigger.enabled = true (custom)
2019-09-25 07:30:26,540 [pool-287-thread-1] INFO  server.RaftServerConfigKeys (ConfUtils.java:logGet(43)) - raft.server.snapshot.auto.trigger.threshold = 10000 (custom)
2019-09-25 07:30:26,540 [pool-287-thread-1] INFO  server.RaftServerConfigKeys (ConfUtils.java:logGet(43)) - raft.server.snapshot.retention.num.files = 5 (custom)
2019-09-25 07:30:26,540 [pool-287-thread-1] INFO  server.RaftServerConfigKeys (ConfUtils.java:logGet(43)) - raft.server.retrycache.expirytime = 600000ms (custom)
2019-09-25 07:30:26,542 [pool-287-thread-1] INFO  impl.RaftServerImpl (RaftServerImpl.java:start(185)) - e26be840-9830-4763-8bf9-b6d80e03cb44@group-83821B3D548A: start as a follower, conf=-1: [e26be840-9830-4763-8bf9-b6d80e03cb44:192.168.151.106:39767], old=null
2019-09-25 07:30:26,542 [pool-287-thread-1] INFO  impl.RaftServerImpl (RaftServerImpl.java:setRole(174)) - e26be840-9830-4763-8bf9-b6d80e03cb44@group-83821B3D548A: changes role from      null to FOLLOWER at term 0 for startAsFollower
2019-09-25 07:30:26,542 [pool-287-thread-1] INFO  impl.RoleInfo (RoleInfo.java:updateAndGet(143)) - e26be840-9830-4763-8bf9-b6d80e03cb44: start FollowerState
2019-09-25 07:30:26,542 [pool-287-thread-1] INFO  util.JmxRegister (JmxRegister.java:tryRegister(44)) - Successfully registered JMX Bean with object name Ratis:service=RaftServer,group=group-83821B3D548A,id=e26be840-9830-4763-8bf9-b6d80e03cb44
2019-09-25 07:30:26,545 [RatisPipelineUtilsThread] INFO  pipeline.PipelineStateManager (PipelineStateManager.java:addPipeline(56)) - Created pipeline Pipeline[ Id: da0aa048-c172-477c-8c13-83821b3d548a, Nodes: e26be840-9830-4763-8bf9-b6d80e03cb44{ip: 192.168.151.106, host: pr-hdds-1569-x2sr2-3486766547, networkLocation: /default-rack, certSerialId: null}, Type:RATIS, Factor:ONE, State:OPEN]
2019-09-25 07:30:26,545 [RatisPipelineUtilsThread] INFO  pipeline.PipelinePlacementPolicy (PipelinePlacementPolicy.java:meetCriteria(91)) - Pipeline Placement: can't place more pipeline on heavy datanode： e922a23f-709c-4ffc-b707-fa2ce4e2ab76 Heaviness: 6 limit: 5
2019-09-25 07:30:26,545 [RatisPipelineUtilsThread] INFO  pipeline.PipelinePlacementPolicy (PipelinePlacementPolicy.java:meetCriteria(91)) - Pipeline Placement: can't place more pipeline on heavy datanode： e26be840-9830-4763-8bf9-b6d80e03cb44 Heaviness: 6 limit: 5
2019-09-25 07:30:26,550 [grpc-default-executor-0] INFO  impl.RaftServerProxy (RaftServerProxy.java:addNew(89)) - 8db113de-7b84-41a1-a116-0df055b189a9: addNew group-4C670677AFC7:[8db113de-7b84-41a1-a116-0df055b189a9:192.168.151.106:39179] returns group-4C670677AFC7:java.util.concurrent.CompletableFuture@14db8c13[Not completed]
2019-09-25 07:30:26,551 [pool-297-thread-1] INFO  impl.RaftServerImpl (RaftServerImpl.java:<init>(95)) - 8db113de-7b84-41a1-a116-0df055b189a9: new RaftServerImpl for group-4C670677AFC7:[8db113de-7b84-41a1-a116-0df055b189a9:192.168.151.106:39179] with ContainerStateMachine:uninitialized
2019-09-25 07:30:26,551 [pool-297-thread-1] INFO  server.RaftServerConfigKeys (ConfUtils.java:logGet(43)) - raft.server.rpc.timeout.min = 5s (custom)
2019-09-25 07:30:26,551 [pool-297-thread-1] INFO  server.RaftServerConfigKeys (ConfUtils.java:logGet(43)) - raft.server.rpc.timeout.max = 5200ms (custom)
2019-09-25 07:30:26,551 [pool-297-thread-1] INFO  server.RaftServerConfigKeys (ConfUtils.java:logGet(43)) - raft.server.rpcslowness.timeout = 120s (custom)
2019-09-25 07:30:26,551 [pool-297-thread-1] INFO  server.RaftServerConfigKeys (ConfUtils.java:logGet(43)) - raft.server.sleep.deviation.threshold = 300 (default)
2019-09-25 07:30:26,551 [pool-297-thread-1] INFO  server.RaftServerConfigKeys (ConfUtils.java:logGet(43)) - raft.server.log.appender.install.snapshot.enabled = false (custom)
2019-09-25 07:30:26,552 [pool-297-thread-1] INFO  impl.RaftServerImpl (ServerState.java:<init>(103)) - 8db113de-7b84-41a1-a116-0df055b189a9@group-4C670677AFC7: ConfigurationManager, init=-1: [8db113de-7b84-41a1-a116-0df055b189a9:192.168.151.106:39179], old=null, confs=<EMPTY_MAP>
2019-09-25 07:30:26,552 [pool-297-thread-1] INFO  server.RaftServerConfigKeys (ConfUtils.java:logGet(43)) - raft.server.storage.dir = [/workdir/hadoop-ozone/ozonefs/target/test-dir/MiniOzoneClusterImpl-d5bff4f9-f30c-4d12-b02b-d1d52f4107cc/datanode-2/data/ratis] (custom)
2019-09-25 07:30:26,552 [pool-297-thread-1] INFO  storage.RaftStorageDirectory (RaftStorageDirectory.java:analyzeStorage(246)) - The storage directory /workdir/hadoop-ozone/ozonefs/target/test-dir/MiniOzoneClusterImpl-d5bff4f9-f30c-4d12-b02b-d1d52f4107cc/datanode-2/data/ratis/fecbdaa0-a9b3-497e-8bc8-4c670677afc7 does not exist. Creating ...
2019-09-25 07:30:26,580 [pool-297-thread-1] INFO  storage.RaftStorageDirectory (RaftStorageDirectory.java:tryLock(328)) - Lock on /workdir/hadoop-ozone/ozonefs/target/test-dir/MiniOzoneClusterImpl-d5bff4f9-f30c-4d12-b02b-d1d52f4107cc/datanode-2/data/ratis/fecbdaa0-a9b3-497e-8bc8-4c670677afc7/in_use.lock acquired by nodename 17738@pr-hdds-1569-x2sr2-3486766547
2019-09-25 07:30:26,605 [pool-297-thread-1] INFO  storage.RaftStorage (RaftStorage.java:format(72)) - Storage directory /workdir/hadoop-ozone/ozonefs/target/test-dir/MiniOzoneClusterImpl-d5bff4f9-f30c-4d12-b02b-d1d52f4107cc/datanode-2/data/ratis/fecbdaa0-a9b3-497e-8bc8-4c670677afc7 has been successfully formatted.
2019-09-25 07:30:26,606 [pool-297-thread-1] INFO  ratis.ContainerStateMachine (ContainerStateMachine.java:loadSnapshot(230)) - group-4C670677AFC7: The snapshot info is null. Setting the last applied indexto:(t:0, i:~)
2019-09-25 07:30:26,606 [pool-297-thread-1] INFO  server.RaftServerConfigKeys (ConfUtils.java:logGet(43)) - raft.server.notification.no-leader.timeout = 120s (custom)
2019-09-25 07:30:26,606 [pool-297-thread-1] INFO  server.RaftServerConfigKeys (ConfUtils.java:logGet(43)) - raft.server.log.use.memory = false (default)
2019-09-25 07:30:26,606 [pool-297-thread-1] INFO  server.RaftServerConfigKeys (ConfUtils.java:logGet(43)) - raft.server.log.purge.gap = 1000000 (custom)
2019-09-25 07:30:26,606 [pool-297-thread-1] INFO  server.RaftServerConfigKeys (ConfUtils.java:logGet(43)) - raft.server.log.appender.buffer.byte-limit = 33554432 (custom)
2019-09-25 07:30:26,607 [pool-297-thread-1] INFO  server.RaftServerConfigKeys (ConfUtils.java:logGet(43)) - raft.server.log.segment.size.max = 1048576 (custom)
2019-09-25 07:30:26,607 [pool-297-thread-1] INFO  server.RaftServerConfigKeys (ConfUtils.java:logGet(43)) - raft.server.log.segment.cache.num.max = 2 (custom)
2019-09-25 07:30:26,607 [pool-297-thread-1] INFO  segmented.SegmentedRaftLogWorker (SegmentedRaftLogWorker.java:<init>(172)) - new 8db113de-7b84-41a1-a116-0df055b189a9@group-4C670677AFC7-SegmentedRaftLogWorker for RaftStorage:Storage Directory /workdir/hadoop-ozone/ozonefs/target/test-dir/MiniOzoneClusterImpl-d5bff4f9-f30c-4d12-b02b-d1d52f4107cc/datanode-2/data/ratis/fecbdaa0-a9b3-497e-8bc8-4c670677afc7
2019-09-25 07:30:26,607 [pool-297-thread-1] INFO  server.RaftServerConfigKeys (ConfUtils.java:logGet(43)) - raft.server.log.queue.byte-limit = 2147483647 (custom)
2019-09-25 07:30:26,607 [pool-297-thread-1] INFO  server.RaftServerConfigKeys (ConfUtils.java:logGet(43)) - raft.server.log.queue.element-limit = 1024 (custom)
2019-09-25 07:30:26,607 [pool-297-thread-1] INFO  server.RaftServerConfigKeys (ConfUtils.java:logGet(43)) - raft.server.log.segment.size.max = 1048576 (custom)
2019-09-25 07:30:26,608 [pool-297-thread-1] INFO  server.RaftServerConfigKeys (ConfUtils.java:logGet(43)) - raft.server.log.preallocated.size = 16384 (custom)
2019-09-25 07:30:26,608 [pool-297-thread-1] INFO  server.RaftServerConfigKeys (ConfUtils.java:logGet(43)) - raft.server.log.write.buffer.size = 33554432 (custom)
2019-09-25 07:30:26,608 [pool-297-thread-1] INFO  server.RaftServerConfigKeys (ConfUtils.java:logGet(43)) - raft.server.log.force.sync.num = 128 (default)
2019-09-25 07:30:26,608 [pool-297-thread-1] INFO  server.RaftServerConfigKeys (ConfUtils.java:logGet(43)) - raft.server.log.statemachine.data.sync = true (default)
2019-09-25 07:30:26,608 [pool-297-thread-1] INFO  server.RaftServerConfigKeys (ConfUtils.java:logGet(43)) - raft.server.log.statemachine.data.sync.timeout = 10s (default)
2019-09-25 07:30:26,608 [pool-297-thread-1] INFO  server.RaftServerConfigKeys (ConfUtils.java:logGet(43)) - raft.server.log.statemachine.data.sync.timeout.retry = -1 (default)
2019-09-25 07:30:26,609 [pool-297-thread-1] INFO  server.RaftServerConfigKeys (ConfUtils.java:logGet(43)) - raft.server.log.statemachine.data.caching.enabled = true (custom)
2019-09-25 07:30:26,609 [pool-297-thread-1] INFO  segmented.SegmentedRaftLogWorker (SegmentedRaftLogWorker.java:lambda$new$0(132)) - 8db113de-7b84-41a1-a116-0df055b189a9@group-4C670677AFC7-SegmentedRaftLogWorker: flushIndex: setUnconditionally 0 -> -1
2019-09-25 07:30:26,609 [pool-297-thread-1] INFO  server.RaftServerConfigKeys (ConfUtils.java:logGet(43)) - raft.server.snapshot.auto.trigger.enabled = true (custom)
2019-09-25 07:30:26,609 [pool-297-thread-1] INFO  server.RaftServerConfigKeys (ConfUtils.java:logGet(43)) - raft.server.snapshot.auto.trigger.threshold = 10000 (custom)
2019-09-25 07:30:26,610 [pool-297-thread-1] INFO  server.RaftServerConfigKeys (ConfUtils.java:logGet(43)) - raft.server.snapshot.retention.num.files = 5 (custom)
2019-09-25 07:30:26,610 [pool-297-thread-1] INFO  server.RaftServerConfigKeys (ConfUtils.java:logGet(43)) - raft.server.retrycache.expirytime = 600000ms (custom)
2019-09-25 07:30:26,612 [pool-297-thread-1] INFO  impl.RaftServerImpl (RaftServerImpl.java:start(185)) - 8db113de-7b84-41a1-a116-0df055b189a9@group-4C670677AFC7: start as a follower, conf=-1: [8db113de-7b84-41a1-a116-0df055b189a9:192.168.151.106:39179], old=null
2019-09-25 07:30:26,612 [pool-297-thread-1] INFO  impl.RaftServerImpl (RaftServerImpl.java:setRole(174)) - 8db113de-7b84-41a1-a116-0df055b189a9@group-4C670677AFC7: changes role from      null to FOLLOWER at term 0 for startAsFollower
2019-09-25 07:30:26,612 [pool-297-thread-1] INFO  impl.RoleInfo (RoleInfo.java:updateAndGet(143)) - 8db113de-7b84-41a1-a116-0df055b189a9: start FollowerState
2019-09-25 07:30:26,612 [pool-297-thread-1] INFO  util.JmxRegister (JmxRegister.java:tryRegister(44)) - Successfully registered JMX Bean with object name Ratis:service=RaftServer,group=group-4C670677AFC7,id=8db113de-7b84-41a1-a116-0df055b189a9
2019-09-25 07:30:26,615 [RatisPipelineUtilsThread] INFO  pipeline.PipelineStateManager (PipelineStateManager.java:addPipeline(56)) - Created pipeline Pipeline[ Id: fecbdaa0-a9b3-497e-8bc8-4c670677afc7, Nodes: 8db113de-7b84-41a1-a116-0df055b189a9{ip: 192.168.151.106, host: pr-hdds-1569-x2sr2-3486766547, networkLocation: /default-rack, certSerialId: null}, Type:RATIS, Factor:ONE, State:OPEN]
2019-09-25 07:30:26,615 [RatisPipelineUtilsThread] INFO  pipeline.PipelinePlacementPolicy (PipelinePlacementPolicy.java:meetCriteria(91)) - Pipeline Placement: can't place more pipeline on heavy datanode： e922a23f-709c-4ffc-b707-fa2ce4e2ab76 Heaviness: 6 limit: 5
2019-09-25 07:30:26,615 [RatisPipelineUtilsThread] INFO  pipeline.PipelinePlacementPolicy (PipelinePlacementPolicy.java:meetCriteria(91)) - Pipeline Placement: can't place more pipeline on heavy datanode： e26be840-9830-4763-8bf9-b6d80e03cb44 Heaviness: 6 limit: 5
2019-09-25 07:30:26,620 [grpc-default-executor-0] INFO  impl.RaftServerProxy (RaftServerProxy.java:addNew(89)) - 8db113de-7b84-41a1-a116-0df055b189a9: addNew group-9EFCB33374AB:[8db113de-7b84-41a1-a116-0df055b189a9:192.168.151.106:39179] returns group-9EFCB33374AB:java.util.concurrent.CompletableFuture@40f88cff[Not completed]
2019-09-25 07:30:26,621 [pool-297-thread-1] INFO  impl.RaftServerImpl (RaftServerImpl.java:<init>(95)) - 8db113de-7b84-41a1-a116-0df055b189a9: new RaftServerImpl for group-9EFCB33374AB:[8db113de-7b84-41a1-a116-0df055b189a9:192.168.151.106:39179] with ContainerStateMachine:uninitialized
2019-09-25 07:30:26,622 [pool-297-thread-1] INFO  server.RaftServerConfigKeys (ConfUtils.java:logGet(43)) - raft.server.rpc.timeout.min = 5s (custom)
2019-09-25 07:30:26,622 [pool-297-thread-1] INFO  server.RaftServerConfigKeys (ConfUtils.java:logGet(43)) - raft.server.rpc.timeout.max = 5200ms (custom)
2019-09-25 07:30:26,622 [pool-297-thread-1] INFO  server.RaftServerConfigKeys (ConfUtils.java:logGet(43)) - raft.server.rpcslowness.timeout = 120s (custom)
2019-09-25 07:30:26,622 [pool-297-thread-1] INFO  server.RaftServerConfigKeys (ConfUtils.java:logGet(43)) - raft.server.sleep.deviation.threshold = 300 (default)
2019-09-25 07:30:26,622 [pool-297-thread-1] INFO  server.RaftServerConfigKeys (ConfUtils.java:logGet(43)) - raft.server.log.appender.install.snapshot.enabled = false (custom)
2019-09-25 07:30:26,622 [pool-297-thread-1] INFO  impl.RaftServerImpl (ServerState.java:<init>(103)) - 8db113de-7b84-41a1-a116-0df055b189a9@group-9EFCB33374AB: ConfigurationManager, init=-1: [8db113de-7b84-41a1-a116-0df055b189a9:192.168.151.106:39179], old=null, confs=<EMPTY_MAP>
2019-09-25 07:30:26,622 [pool-297-thread-1] INFO  server.RaftServerConfigKeys (ConfUtils.java:logGet(43)) - raft.server.storage.dir = [/workdir/hadoop-ozone/ozonefs/target/test-dir/MiniOzoneClusterImpl-d5bff4f9-f30c-4d12-b02b-d1d52f4107cc/datanode-2/data/ratis] (custom)
2019-09-25 07:30:26,623 [pool-297-thread-1] INFO  storage.RaftStorageDirectory (RaftStorageDirectory.java:analyzeStorage(246)) - The storage directory /workdir/hadoop-ozone/ozonefs/target/test-dir/MiniOzoneClusterImpl-d5bff4f9-f30c-4d12-b02b-d1d52f4107cc/datanode-2/data/ratis/ac353619-f306-4f43-bbff-9efcb33374ab does not exist. Creating ...
2019-09-25 07:30:26,647 [pool-297-thread-1] INFO  storage.RaftStorageDirectory (RaftStorageDirectory.java:tryLock(328)) - Lock on /workdir/hadoop-ozone/ozonefs/target/test-dir/MiniOzoneClusterImpl-d5bff4f9-f30c-4d12-b02b-d1d52f4107cc/datanode-2/data/ratis/ac353619-f306-4f43-bbff-9efcb33374ab/in_use.lock acquired by nodename 17738@pr-hdds-1569-x2sr2-3486766547
2019-09-25 07:30:26,673 [pool-297-thread-1] INFO  storage.RaftStorage (RaftStorage.java:format(72)) - Storage directory /workdir/hadoop-ozone/ozonefs/target/test-dir/MiniOzoneClusterImpl-d5bff4f9-f30c-4d12-b02b-d1d52f4107cc/datanode-2/data/ratis/ac353619-f306-4f43-bbff-9efcb33374ab has been successfully formatted.
2019-09-25 07:30:26,673 [pool-297-thread-1] INFO  ratis.ContainerStateMachine (ContainerStateMachine.java:loadSnapshot(230)) - group-9EFCB33374AB: The snapshot info is null. Setting the last applied indexto:(t:0, i:~)
2019-09-25 07:30:26,673 [pool-297-thread-1] INFO  server.RaftServerConfigKeys (ConfUtils.java:logGet(43)) - raft.server.notification.no-leader.timeout = 120s (custom)
2019-09-25 07:30:26,673 [pool-297-thread-1] INFO  server.RaftServerConfigKeys (ConfUtils.java:logGet(43)) - raft.server.log.use.memory = false (default)
2019-09-25 07:30:26,674 [pool-297-thread-1] INFO  server.RaftServerConfigKeys (ConfUtils.java:logGet(43)) - raft.server.log.purge.gap = 1000000 (custom)
2019-09-25 07:30:26,674 [pool-297-thread-1] INFO  server.RaftServerConfigKeys (ConfUtils.java:logGet(43)) - raft.server.log.appender.buffer.byte-limit = 33554432 (custom)
2019-09-25 07:30:26,674 [pool-297-thread-1] INFO  server.RaftServerConfigKeys (ConfUtils.java:logGet(43)) - raft.server.log.segment.size.max = 1048576 (custom)
2019-09-25 07:30:26,674 [pool-297-thread-1] INFO  server.RaftServerConfigKeys (ConfUtils.java:logGet(43)) - raft.server.log.segment.cache.num.max = 2 (custom)
2019-09-25 07:30:26,674 [pool-297-thread-1] INFO  segmented.SegmentedRaftLogWorker (SegmentedRaftLogWorker.java:<init>(172)) - new 8db113de-7b84-41a1-a116-0df055b189a9@group-9EFCB33374AB-SegmentedRaftLogWorker for RaftStorage:Storage Directory /workdir/hadoop-ozone/ozonefs/target/test-dir/MiniOzoneClusterImpl-d5bff4f9-f30c-4d12-b02b-d1d52f4107cc/datanode-2/data/ratis/ac353619-f306-4f43-bbff-9efcb33374ab
2019-09-25 07:30:26,674 [pool-297-thread-1] INFO  server.RaftServerConfigKeys (ConfUtils.java:logGet(43)) - raft.server.log.queue.byte-limit = 2147483647 (custom)
2019-09-25 07:30:26,675 [pool-297-thread-1] INFO  server.RaftServerConfigKeys (ConfUtils.java:logGet(43)) - raft.server.log.queue.element-limit = 1024 (custom)
2019-09-25 07:30:26,675 [pool-297-thread-1] INFO  server.RaftServerConfigKeys (ConfUtils.java:logGet(43)) - raft.server.log.segment.size.max = 1048576 (custom)
2019-09-25 07:30:26,675 [pool-297-thread-1] INFO  server.RaftServerConfigKeys (ConfUtils.java:logGet(43)) - raft.server.log.preallocated.size = 16384 (custom)
2019-09-25 07:30:26,675 [pool-297-thread-1] INFO  server.RaftServerConfigKeys (ConfUtils.java:logGet(43)) - raft.server.log.write.buffer.size = 33554432 (custom)
2019-09-25 07:30:26,675 [pool-297-thread-1] INFO  server.RaftServerConfigKeys (ConfUtils.java:logGet(43)) - raft.server.log.force.sync.num = 128 (default)
2019-09-25 07:30:26,675 [pool-297-thread-1] INFO  server.RaftServerConfigKeys (ConfUtils.java:logGet(43)) - raft.server.log.statemachine.data.sync = true (default)
2019-09-25 07:30:26,675 [pool-297-thread-1] INFO  server.RaftServerConfigKeys (ConfUtils.java:logGet(43)) - raft.server.log.statemachine.data.sync.timeout = 10s (default)
2019-09-25 07:30:26,676 [pool-297-thread-1] INFO  server.RaftServerConfigKeys (ConfUtils.java:logGet(43)) - raft.server.log.statemachine.data.sync.timeout.retry = -1 (default)
2019-09-25 07:30:26,676 [pool-297-thread-1] INFO  server.RaftServerConfigKeys (ConfUtils.java:logGet(43)) - raft.server.log.statemachine.data.caching.enabled = true (custom)
2019-09-25 07:30:26,676 [pool-297-thread-1] INFO  segmented.SegmentedRaftLogWorker (SegmentedRaftLogWorker.java:lambda$new$0(132)) - 8db113de-7b84-41a1-a116-0df055b189a9@group-9EFCB33374AB-SegmentedRaftLogWorker: flushIndex: setUnconditionally 0 -> -1
2019-09-25 07:30:26,677 [pool-297-thread-1] INFO  server.RaftServerConfigKeys (ConfUtils.java:logGet(43)) - raft.server.snapshot.auto.trigger.enabled = true (custom)
2019-09-25 07:30:26,677 [pool-297-thread-1] INFO  server.RaftServerConfigKeys (ConfUtils.java:logGet(43)) - raft.server.snapshot.auto.trigger.threshold = 10000 (custom)
2019-09-25 07:30:26,677 [pool-297-thread-1] INFO  server.RaftServerConfigKeys (ConfUtils.java:logGet(43)) - raft.server.snapshot.retention.num.files = 5 (custom)
2019-09-25 07:30:26,677 [pool-297-thread-1] INFO  server.RaftServerConfigKeys (ConfUtils.java:logGet(43)) - raft.server.retrycache.expirytime = 600000ms (custom)
2019-09-25 07:30:26,679 [pool-297-thread-1] INFO  impl.RaftServerImpl (RaftServerImpl.java:start(185)) - 8db113de-7b84-41a1-a116-0df055b189a9@group-9EFCB33374AB: start as a follower, conf=-1: [8db113de-7b84-41a1-a116-0df055b189a9:192.168.151.106:39179], old=null
2019-09-25 07:30:26,679 [pool-297-thread-1] INFO  impl.RaftServerImpl (RaftServerImpl.java:setRole(174)) - 8db113de-7b84-41a1-a116-0df055b189a9@group-9EFCB33374AB: changes role from      null to FOLLOWER at term 0 for startAsFollower
2019-09-25 07:30:26,679 [pool-297-thread-1] INFO  impl.RoleInfo (RoleInfo.java:updateAndGet(143)) - 8db113de-7b84-41a1-a116-0df055b189a9: start FollowerState
2019-09-25 07:30:26,679 [pool-297-thread-1] INFO  util.JmxRegister (JmxRegister.java:tryRegister(44)) - Successfully registered JMX Bean with object name Ratis:service=RaftServer,group=group-9EFCB33374AB,id=8db113de-7b84-41a1-a116-0df055b189a9
2019-09-25 07:30:26,682 [RatisPipelineUtilsThread] INFO  pipeline.PipelineStateManager (PipelineStateManager.java:addPipeline(56)) - Created pipeline Pipeline[ Id: ac353619-f306-4f43-bbff-9efcb33374ab, Nodes: 8db113de-7b84-41a1-a116-0df055b189a9{ip: 192.168.151.106, host: pr-hdds-1569-x2sr2-3486766547, networkLocation: /default-rack, certSerialId: null}, Type:RATIS, Factor:ONE, State:OPEN]
2019-09-25 07:30:26,682 [RatisPipelineUtilsThread] INFO  pipeline.PipelinePlacementPolicy (PipelinePlacementPolicy.java:meetCriteria(91)) - Pipeline Placement: can't place more pipeline on heavy datanode： e922a23f-709c-4ffc-b707-fa2ce4e2ab76 Heaviness: 6 limit: 5
2019-09-25 07:30:26,683 [RatisPipelineUtilsThread] INFO  pipeline.PipelinePlacementPolicy (PipelinePlacementPolicy.java:meetCriteria(91)) - Pipeline Placement: can't place more pipeline on heavy datanode： e26be840-9830-4763-8bf9-b6d80e03cb44 Heaviness: 6 limit: 5
2019-09-25 07:30:26,684 [Thread-1340] INFO  ozone.MiniOzoneClusterImpl (MiniOzoneClusterImpl.java:lambda$waitForClusterToBeReady$0(147)) - Cluster is ready. Got 3 of 3 DN Heartbeats.
2019-09-25 07:30:26,687 [grpc-default-executor-0] INFO  impl.RaftServerProxy (RaftServerProxy.java:addNew(89)) - 8db113de-7b84-41a1-a116-0df055b189a9: addNew group-3B276A339A26:[8db113de-7b84-41a1-a116-0df055b189a9:192.168.151.106:39179] returns group-3B276A339A26:java.util.concurrent.CompletableFuture@24f703ea[Not completed]
2019-09-25 07:30:26,694 [pool-297-thread-1] INFO  impl.RaftServerImpl (RaftServerImpl.java:<init>(95)) - 8db113de-7b84-41a1-a116-0df055b189a9: new RaftServerImpl for group-3B276A339A26:[8db113de-7b84-41a1-a116-0df055b189a9:192.168.151.106:39179] with ContainerStateMachine:uninitialized
2019-09-25 07:30:26,694 [pool-297-thread-1] INFO  server.RaftServerConfigKeys (ConfUtils.java:logGet(43)) - raft.server.rpc.timeout.min = 5s (custom)
2019-09-25 07:30:26,694 [pool-297-thread-1] INFO  server.RaftServerConfigKeys (ConfUtils.java:logGet(43)) - raft.server.rpc.timeout.max = 5200ms (custom)
2019-09-25 07:30:26,695 [pool-297-thread-1] INFO  server.RaftServerConfigKeys (ConfUtils.java:logGet(43)) - raft.server.rpcslowness.timeout = 120s (custom)
2019-09-25 07:30:26,695 [pool-297-thread-1] INFO  server.RaftServerConfigKeys (ConfUtils.java:logGet(43)) - raft.server.sleep.deviation.threshold = 300 (default)
2019-09-25 07:30:26,695 [pool-297-thread-1] INFO  server.RaftServerConfigKeys (ConfUtils.java:logGet(43)) - raft.server.log.appender.install.snapshot.enabled = false (custom)
2019-09-25 07:30:26,695 [pool-297-thread-1] INFO  impl.RaftServerImpl (ServerState.java:<init>(103)) - 8db113de-7b84-41a1-a116-0df055b189a9@group-3B276A339A26: ConfigurationManager, init=-1: [8db113de-7b84-41a1-a116-0df055b189a9:192.168.151.106:39179], old=null, confs=<EMPTY_MAP>
2019-09-25 07:30:26,695 [pool-297-thread-1] INFO  server.RaftServerConfigKeys (ConfUtils.java:logGet(43)) - raft.server.storage.dir = [/workdir/hadoop-ozone/ozonefs/target/test-dir/MiniOzoneClusterImpl-d5bff4f9-f30c-4d12-b02b-d1d52f4107cc/datanode-2/data/ratis] (custom)
2019-09-25 07:30:26,696 [pool-297-thread-1] INFO  storage.RaftStorageDirectory (RaftStorageDirectory.java:analyzeStorage(246)) - The storage directory /workdir/hadoop-ozone/ozonefs/target/test-dir/MiniOzoneClusterImpl-d5bff4f9-f30c-4d12-b02b-d1d52f4107cc/datanode-2/data/ratis/adcd3141-0c31-4a61-b9c0-3b276a339a26 does not exist. Creating ...
2019-09-25 07:30:26,721 [pool-297-thread-1] INFO  storage.RaftStorageDirectory (RaftStorageDirectory.java:tryLock(328)) - Lock on /workdir/hadoop-ozone/ozonefs/target/test-dir/MiniOzoneClusterImpl-d5bff4f9-f30c-4d12-b02b-d1d52f4107cc/datanode-2/data/ratis/adcd3141-0c31-4a61-b9c0-3b276a339a26/in_use.lock acquired by nodename 17738@pr-hdds-1569-x2sr2-3486766547
2019-09-25 07:30:26,735 [Thread-1340] INFO  rpc.RpcClient (RpcClient.java:createVolume(276)) - Creating Volume: volume72948, with user03715 as owner.
2019-09-25 07:30:26,738 [IPC Server handler 1 on 45693] INFO  volume.OMVolumeCreateRequest (OMVolumeCreateRequest.java:validateAndUpdateCache(189)) - created volume:volume72948 for user:user03715
2019-09-25 07:30:26,739 [pool-297-thread-1] INFO  storage.RaftStorage (RaftStorage.java:format(72)) - Storage directory /workdir/hadoop-ozone/ozonefs/target/test-dir/MiniOzoneClusterImpl-d5bff4f9-f30c-4d12-b02b-d1d52f4107cc/datanode-2/data/ratis/adcd3141-0c31-4a61-b9c0-3b276a339a26 has been successfully formatted.
2019-09-25 07:30:26,740 [pool-297-thread-1] INFO  ratis.ContainerStateMachine (ContainerStateMachine.java:loadSnapshot(230)) - group-3B276A339A26: The snapshot info is null. Setting the last applied indexto:(t:0, i:~)
2019-09-25 07:30:26,740 [pool-297-thread-1] INFO  server.RaftServerConfigKeys (ConfUtils.java:logGet(43)) - raft.server.notification.no-leader.timeout = 120s (custom)
2019-09-25 07:30:26,740 [pool-297-thread-1] INFO  server.RaftServerConfigKeys (ConfUtils.java:logGet(43)) - raft.server.log.use.memory = false (default)
2019-09-25 07:30:26,740 [pool-297-thread-1] INFO  server.RaftServerConfigKeys (ConfUtils.java:logGet(43)) - raft.server.log.purge.gap = 1000000 (custom)
2019-09-25 07:30:26,742 [pool-297-thread-1] INFO  server.RaftServerConfigKeys (ConfUtils.java:logGet(43)) - raft.server.log.appender.buffer.byte-limit = 33554432 (custom)
2019-09-25 07:30:26,742 [pool-297-thread-1] INFO  server.RaftServerConfigKeys (ConfUtils.java:logGet(43)) - raft.server.log.segment.size.max = 1048576 (custom)
2019-09-25 07:30:26,742 [pool-297-thread-1] INFO  server.RaftServerConfigKeys (ConfUtils.java:logGet(43)) - raft.server.log.segment.cache.num.max = 2 (custom)
2019-09-25 07:30:26,742 [pool-297-thread-1] INFO  segmented.SegmentedRaftLogWorker (SegmentedRaftLogWorker.java:<init>(172)) - new 8db113de-7b84-41a1-a116-0df055b189a9@group-3B276A339A26-SegmentedRaftLogWorker for RaftStorage:Storage Directory /workdir/hadoop-ozone/ozonefs/target/test-dir/MiniOzoneClusterImpl-d5bff4f9-f30c-4d12-b02b-d1d52f4107cc/datanode-2/data/ratis/adcd3141-0c31-4a61-b9c0-3b276a339a26
2019-09-25 07:30:26,742 [pool-297-thread-1] INFO  server.RaftServerConfigKeys (ConfUtils.java:logGet(43)) - raft.server.log.queue.byte-limit = 2147483647 (custom)
2019-09-25 07:30:26,743 [pool-297-thread-1] INFO  server.RaftServerConfigKeys (ConfUtils.java:logGet(43)) - raft.server.log.queue.element-limit = 1024 (custom)
2019-09-25 07:30:26,743 [pool-297-thread-1] INFO  server.RaftServerConfigKeys (ConfUtils.java:logGet(43)) - raft.server.log.segment.size.max = 1048576 (custom)
2019-09-25 07:30:26,743 [pool-297-thread-1] INFO  server.RaftServerConfigKeys (ConfUtils.java:logGet(43)) - raft.server.log.preallocated.size = 16384 (custom)
2019-09-25 07:30:26,743 [pool-297-thread-1] INFO  server.RaftServerConfigKeys (ConfUtils.java:logGet(43)) - raft.server.log.write.buffer.size = 33554432 (custom)
2019-09-25 07:30:26,743 [pool-297-thread-1] INFO  server.RaftServerConfigKeys (ConfUtils.java:logGet(43)) - raft.server.log.force.sync.num = 128 (default)
2019-09-25 07:30:26,743 [pool-297-thread-1] INFO  server.RaftServerConfigKeys (ConfUtils.java:logGet(43)) - raft.server.log.statemachine.data.sync = true (default)
2019-09-25 07:30:26,750 [pool-297-thread-1] INFO  server.RaftServerConfigKeys (ConfUtils.java:logGet(43)) - raft.server.log.statemachine.data.sync.timeout = 10s (default)
2019-09-25 07:30:26,750 [pool-297-thread-1] INFO  server.RaftServerConfigKeys (ConfUtils.java:logGet(43)) - raft.server.log.statemachine.data.sync.timeout.retry = -1 (default)
2019-09-25 07:30:26,750 [pool-297-thread-1] INFO  server.RaftServerConfigKeys (ConfUtils.java:logGet(43)) - raft.server.log.statemachine.data.caching.enabled = true (custom)
2019-09-25 07:30:26,751 [pool-297-thread-1] INFO  segmented.SegmentedRaftLogWorker (SegmentedRaftLogWorker.java:lambda$new$0(132)) - 8db113de-7b84-41a1-a116-0df055b189a9@group-3B276A339A26-SegmentedRaftLogWorker: flushIndex: setUnconditionally 0 -> -1
2019-09-25 07:30:26,751 [Thread-1340] INFO  rpc.RpcClient (RpcClient.java:createBucket(415)) - Creating Bucket: volume72948/bucket52218, with Versioning false and Storage Type set to DISK and Encryption set to false 
2019-09-25 07:30:26,751 [pool-297-thread-1] INFO  server.RaftServerConfigKeys (ConfUtils.java:logGet(43)) - raft.server.snapshot.auto.trigger.enabled = true (custom)
2019-09-25 07:30:26,751 [pool-297-thread-1] INFO  server.RaftServerConfigKeys (ConfUtils.java:logGet(43)) - raft.server.snapshot.auto.trigger.threshold = 10000 (custom)
2019-09-25 07:30:26,751 [pool-297-thread-1] INFO  server.RaftServerConfigKeys (ConfUtils.java:logGet(43)) - raft.server.snapshot.retention.num.files = 5 (custom)
2019-09-25 07:30:26,751 [pool-297-thread-1] INFO  server.RaftServerConfigKeys (ConfUtils.java:logGet(43)) - raft.server.retrycache.expirytime = 600000ms (custom)
2019-09-25 07:30:26,755 [pool-297-thread-1] INFO  impl.RaftServerImpl (RaftServerImpl.java:start(185)) - 8db113de-7b84-41a1-a116-0df055b189a9@group-3B276A339A26: start as a follower, conf=-1: [8db113de-7b84-41a1-a116-0df055b189a9:192.168.151.106:39179], old=null
2019-09-25 07:30:26,755 [pool-297-thread-1] INFO  impl.RaftServerImpl (RaftServerImpl.java:setRole(174)) - 8db113de-7b84-41a1-a116-0df055b189a9@group-3B276A339A26: changes role from      null to FOLLOWER at term 0 for startAsFollower
2019-09-25 07:30:26,755 [pool-297-thread-1] INFO  impl.RoleInfo (RoleInfo.java:updateAndGet(143)) - 8db113de-7b84-41a1-a116-0df055b189a9: start FollowerState
2019-09-25 07:30:26,755 [pool-297-thread-1] INFO  util.JmxRegister (JmxRegister.java:tryRegister(44)) - Successfully registered JMX Bean with object name Ratis:service=RaftServer,group=group-3B276A339A26,id=8db113de-7b84-41a1-a116-0df055b189a9
2019-09-25 07:30:26,758 [RatisPipelineUtilsThread] INFO  pipeline.PipelineStateManager (PipelineStateManager.java:addPipeline(56)) - Created pipeline Pipeline[ Id: adcd3141-0c31-4a61-b9c0-3b276a339a26, Nodes: 8db113de-7b84-41a1-a116-0df055b189a9{ip: 192.168.151.106, host: pr-hdds-1569-x2sr2-3486766547, networkLocation: /default-rack, certSerialId: null}, Type:RATIS, Factor:ONE, State:OPEN]
2019-09-25 07:30:26,758 [RatisPipelineUtilsThread] INFO  pipeline.PipelinePlacementPolicy (PipelinePlacementPolicy.java:meetCriteria(91)) - Pipeline Placement: can't place more pipeline on heavy datanode： e922a23f-709c-4ffc-b707-fa2ce4e2ab76 Heaviness: 6 limit: 5
2019-09-25 07:30:26,759 [RatisPipelineUtilsThread] INFO  pipeline.PipelinePlacementPolicy (PipelinePlacementPolicy.java:meetCriteria(91)) - Pipeline Placement: can't place more pipeline on heavy datanode： 8db113de-7b84-41a1-a116-0df055b189a9 Heaviness: 6 limit: 5
2019-09-25 07:30:26,759 [RatisPipelineUtilsThread] INFO  pipeline.PipelinePlacementPolicy (PipelinePlacementPolicy.java:meetCriteria(91)) - Pipeline Placement: can't place more pipeline on heavy datanode： e26be840-9830-4763-8bf9-b6d80e03cb44 Heaviness: 6 limit: 5
2019-09-25 07:30:26,759 [RatisPipelineUtilsThread] ERROR pipeline.PipelinePlacementPolicy (PipelinePlacementPolicy.java:filterViableNodes(148)) - Unable to find enough nodes that meet the criteria that cannot engage in more than 5 pipelines. Nodes required: 1 Found: 0, healthy nodes count inNodeManager: 3.
2019-09-25 07:30:26,759 [RatisPipelineUtilsThread] ERROR pipeline.SCMPipelineManager (SCMPipelineManager.java:createPipeline(167)) - Pipeline creation failed.
org.apache.hadoop.hdds.scm.exceptions.SCMException: Unable to find enough nodes that meet the criteria that cannot engage in more than 5 pipelines. Nodes required: 1 Found: 0, healthy nodes count inNodeManager: 3.
	at org.apache.hadoop.hdds.scm.pipeline.PipelinePlacementPolicy.filterViableNodes(PipelinePlacementPolicy.java:149)
	at org.apache.hadoop.hdds.scm.pipeline.PipelinePlacementPolicy.chooseDatanodes(PipelinePlacementPolicy.java:172)
	at org.apache.hadoop.hdds.scm.pipeline.RatisPipelineProvider.create(RatisPipelineProvider.java:93)
	at org.apache.hadoop.hdds.scm.pipeline.PipelineFactory.create(PipelineFactory.java:58)
	at org.apache.hadoop.hdds.scm.pipeline.SCMPipelineManager.createPipeline(SCMPipelineManager.java:155)
	at org.apache.hadoop.hdds.scm.pipeline.BackgroundPipelineCreator.createPipelines(BackgroundPipelineCreator.java:99)
	at java.util.concurrent.Executors$RunnableAdapter.call(Executors.java:511)
	at java.util.concurrent.FutureTask.run(FutureTask.java:266)
	at java.util.concurrent.ScheduledThreadPoolExecutor$ScheduledFutureTask.access$201(ScheduledThreadPoolExecutor.java:180)
	at java.util.concurrent.ScheduledThreadPoolExecutor$ScheduledFutureTask.run(ScheduledThreadPoolExecutor.java:293)
	at java.util.concurrent.ThreadPoolExecutor.runWorker(ThreadPoolExecutor.java:1149)
	at java.util.concurrent.ThreadPoolExecutor$Worker.run(ThreadPoolExecutor.java:624)
	at java.lang.Thread.run(Thread.java:748)
2019-09-25 07:30:26,759 [RatisPipelineUtilsThread] INFO  pipeline.PipelinePlacementPolicy (PipelinePlacementPolicy.java:meetCriteria(91)) - Pipeline Placement: can't place more pipeline on heavy datanode： e922a23f-709c-4ffc-b707-fa2ce4e2ab76 Heaviness: 6 limit: 5
2019-09-25 07:30:26,759 [RatisPipelineUtilsThread] INFO  pipeline.PipelinePlacementPolicy (PipelinePlacementPolicy.java:meetCriteria(91)) - Pipeline Placement: can't place more pipeline on heavy datanode： 8db113de-7b84-41a1-a116-0df055b189a9 Heaviness: 6 limit: 5
2019-09-25 07:30:26,760 [RatisPipelineUtilsThread] INFO  pipeline.PipelinePlacementPolicy (PipelinePlacementPolicy.java:meetCriteria(91)) - Pipeline Placement: can't place more pipeline on heavy datanode： e26be840-9830-4763-8bf9-b6d80e03cb44 Heaviness: 6 limit: 5
2019-09-25 07:30:26,760 [RatisPipelineUtilsThread] ERROR pipeline.PipelinePlacementPolicy (PipelinePlacementPolicy.java:filterViableNodes(148)) - Unable to find enough nodes that meet the criteria that cannot engage in more than 5 pipelines. Nodes required: 3 Found: 0, healthy nodes count inNodeManager: 3.
2019-09-25 07:30:26,760 [RatisPipelineUtilsThread] ERROR pipeline.SCMPipelineManager (SCMPipelineManager.java:createPipeline(167)) - Pipeline creation failed.
org.apache.hadoop.hdds.scm.exceptions.SCMException: Unable to find enough nodes that meet the criteria that cannot engage in more than 5 pipelines. Nodes required: 3 Found: 0, healthy nodes count inNodeManager: 3.
	at org.apache.hadoop.hdds.scm.pipeline.PipelinePlacementPolicy.filterViableNodes(PipelinePlacementPolicy.java:149)
	at org.apache.hadoop.hdds.scm.pipeline.PipelinePlacementPolicy.chooseDatanodes(PipelinePlacementPolicy.java:172)
	at org.apache.hadoop.hdds.scm.pipeline.RatisPipelineProvider.create(RatisPipelineProvider.java:93)
	at org.apache.hadoop.hdds.scm.pipeline.PipelineFactory.create(PipelineFactory.java:58)
	at org.apache.hadoop.hdds.scm.pipeline.SCMPipelineManager.createPipeline(SCMPipelineManager.java:155)
	at org.apache.hadoop.hdds.scm.pipeline.BackgroundPipelineCreator.createPipelines(BackgroundPipelineCreator.java:99)
	at java.util.concurrent.Executors$RunnableAdapter.call(Executors.java:511)
	at java.util.concurrent.FutureTask.run(FutureTask.java:266)
	at java.util.concurrent.ScheduledThreadPoolExecutor$ScheduledFutureTask.access$201(ScheduledThreadPoolExecutor.java:180)
	at java.util.concurrent.ScheduledThreadPoolExecutor$ScheduledFutureTask.run(ScheduledThreadPoolExecutor.java:293)
	at java.util.concurrent.ThreadPoolExecutor.runWorker(ThreadPoolExecutor.java:1149)
	at java.util.concurrent.ThreadPoolExecutor$Worker.run(ThreadPoolExecutor.java:624)
	at java.lang.Thread.run(Thread.java:748)
2019-09-25 07:30:26,760 [RatisPipelineUtilsThread] INFO  pipeline.PipelinePlacementPolicy (PipelinePlacementPolicy.java:meetCriteria(91)) - Pipeline Placement: can't place more pipeline on heavy datanode： e922a23f-709c-4ffc-b707-fa2ce4e2ab76 Heaviness: 6 limit: 5
2019-09-25 07:30:26,760 [RatisPipelineUtilsThread] INFO  pipeline.PipelinePlacementPolicy (PipelinePlacementPolicy.java:meetCriteria(91)) - Pipeline Placement: can't place more pipeline on heavy datanode： 8db113de-7b84-41a1-a116-0df055b189a9 Heaviness: 6 limit: 5
2019-09-25 07:30:26,760 [RatisPipelineUtilsThread] INFO  pipeline.PipelinePlacementPolicy (PipelinePlacementPolicy.java:meetCriteria(91)) - Pipeline Placement: can't place more pipeline on heavy datanode： e26be840-9830-4763-8bf9-b6d80e03cb44 Heaviness: 6 limit: 5
2019-09-25 07:30:26,761 [RatisPipelineUtilsThread] ERROR pipeline.PipelinePlacementPolicy (PipelinePlacementPolicy.java:filterViableNodes(148)) - Unable to find enough nodes that meet the criteria that cannot engage in more than 5 pipelines. Nodes required: 1 Found: 0, healthy nodes count inNodeManager: 3.
2019-09-25 07:30:26,761 [RatisPipelineUtilsThread] ERROR pipeline.SCMPipelineManager (SCMPipelineManager.java:createPipeline(167)) - Pipeline creation failed.
org.apache.hadoop.hdds.scm.exceptions.SCMException: Unable to find enough nodes that meet the criteria that cannot engage in more than 5 pipelines. Nodes required: 1 Found: 0, healthy nodes count inNodeManager: 3.
	at org.apache.hadoop.hdds.scm.pipeline.PipelinePlacementPolicy.filterViableNodes(PipelinePlacementPolicy.java:149)
	at org.apache.hadoop.hdds.scm.pipeline.PipelinePlacementPolicy.chooseDatanodes(PipelinePlacementPolicy.java:172)
	at org.apache.hadoop.hdds.scm.pipeline.RatisPipelineProvider.create(RatisPipelineProvider.java:93)
	at org.apache.hadoop.hdds.scm.pipeline.PipelineFactory.create(PipelineFactory.java:58)
	at org.apache.hadoop.hdds.scm.pipeline.SCMPipelineManager.createPipeline(SCMPipelineManager.java:155)
	at org.apache.hadoop.hdds.scm.pipeline.BackgroundPipelineCreator.createPipelines(BackgroundPipelineCreator.java:99)
	at org.apache.hadoop.hdds.scm.pipeline.BackgroundPipelineCreator.lambda$startFixedIntervalPipelineCreator$0(BackgroundPipelineCreator.java:70)
	at java.util.concurrent.Executors$RunnableAdapter.call(Executors.java:511)
	at java.util.concurrent.FutureTask.runAndReset(FutureTask.java:308)
	at java.util.concurrent.ScheduledThreadPoolExecutor$ScheduledFutureTask.access$301(ScheduledThreadPoolExecutor.java:180)
	at java.util.concurrent.ScheduledThreadPoolExecutor$ScheduledFutureTask.run(ScheduledThreadPoolExecutor.java:294)
	at java.util.concurrent.ThreadPoolExecutor.runWorker(ThreadPoolExecutor.java:1149)
	at java.util.concurrent.ThreadPoolExecutor$Worker.run(ThreadPoolExecutor.java:624)
	at java.lang.Thread.run(Thread.java:748)
2019-09-25 07:30:26,761 [RatisPipelineUtilsThread] INFO  pipeline.PipelinePlacementPolicy (PipelinePlacementPolicy.java:meetCriteria(91)) - Pipeline Placement: can't place more pipeline on heavy datanode： e922a23f-709c-4ffc-b707-fa2ce4e2ab76 Heaviness: 6 limit: 5
2019-09-25 07:30:26,761 [RatisPipelineUtilsThread] INFO  pipeline.PipelinePlacementPolicy (PipelinePlacementPolicy.java:meetCriteria(91)) - Pipeline Placement: can't place more pipeline on heavy datanode： 8db113de-7b84-41a1-a116-0df055b189a9 Heaviness: 6 limit: 5
2019-09-25 07:30:26,761 [RatisPipelineUtilsThread] INFO  pipeline.PipelinePlacementPolicy (PipelinePlacementPolicy.java:meetCriteria(91)) - Pipeline Placement: can't place more pipeline on heavy datanode： e26be840-9830-4763-8bf9-b6d80e03cb44 Heaviness: 6 limit: 5
2019-09-25 07:30:26,761 [RatisPipelineUtilsThread] ERROR pipeline.PipelinePlacementPolicy (PipelinePlacementPolicy.java:filterViableNodes(148)) - Unable to find enough nodes that meet the criteria that cannot engage in more than 5 pipelines. Nodes required: 3 Found: 0, healthy nodes count inNodeManager: 3.
2019-09-25 07:30:26,761 [RatisPipelineUtilsThread] ERROR pipeline.SCMPipelineManager (SCMPipelineManager.java:createPipeline(167)) - Pipeline creation failed.
org.apache.hadoop.hdds.scm.exceptions.SCMException: Unable to find enough nodes that meet the criteria that cannot engage in more than 5 pipelines. Nodes required: 3 Found: 0, healthy nodes count inNodeManager: 3.
	at org.apache.hadoop.hdds.scm.pipeline.PipelinePlacementPolicy.filterViableNodes(PipelinePlacementPolicy.java:149)
	at org.apache.hadoop.hdds.scm.pipeline.PipelinePlacementPolicy.chooseDatanodes(PipelinePlacementPolicy.java:172)
	at org.apache.hadoop.hdds.scm.pipeline.RatisPipelineProvider.create(RatisPipelineProvider.java:93)
	at org.apache.hadoop.hdds.scm.pipeline.PipelineFactory.create(PipelineFactory.java:58)
	at org.apache.hadoop.hdds.scm.pipeline.SCMPipelineManager.createPipeline(SCMPipelineManager.java:155)
	at org.apache.hadoop.hdds.scm.pipeline.BackgroundPipelineCreator.createPipelines(BackgroundPipelineCreator.java:99)
	at org.apache.hadoop.hdds.scm.pipeline.BackgroundPipelineCreator.lambda$startFixedIntervalPipelineCreator$0(BackgroundPipelineCreator.java:70)
	at java.util.concurrent.Executors$RunnableAdapter.call(Executors.java:511)
	at java.util.concurrent.FutureTask.runAndReset(FutureTask.java:308)
	at java.util.concurrent.ScheduledThreadPoolExecutor$ScheduledFutureTask.access$301(ScheduledThreadPoolExecutor.java:180)
	at java.util.concurrent.ScheduledThreadPoolExecutor$ScheduledFutureTask.run(ScheduledThreadPoolExecutor.java:294)
	at java.util.concurrent.ThreadPoolExecutor.runWorker(ThreadPoolExecutor.java:1149)
	at java.util.concurrent.ThreadPoolExecutor$Worker.run(ThreadPoolExecutor.java:624)
	at java.lang.Thread.run(Thread.java:748)
2019-09-25 07:30:26,797 [IPC Server handler 1 on 33714] INFO  pipeline.PipelinePlacementPolicy (PipelinePlacementPolicy.java:meetCriteria(91)) - Pipeline Placement: can't place more pipeline on heavy datanode： e922a23f-709c-4ffc-b707-fa2ce4e2ab76 Heaviness: 6 limit: 5
2019-09-25 07:30:26,797 [IPC Server handler 1 on 33714] INFO  pipeline.PipelinePlacementPolicy (PipelinePlacementPolicy.java:meetCriteria(91)) - Pipeline Placement: can't place more pipeline on heavy datanode： 8db113de-7b84-41a1-a116-0df055b189a9 Heaviness: 6 limit: 5
2019-09-25 07:30:26,798 [IPC Server handler 1 on 33714] INFO  pipeline.PipelinePlacementPolicy (PipelinePlacementPolicy.java:meetCriteria(91)) - Pipeline Placement: can't place more pipeline on heavy datanode： e26be840-9830-4763-8bf9-b6d80e03cb44 Heaviness: 6 limit: 5
2019-09-25 07:30:26,798 [IPC Server handler 1 on 33714] ERROR pipeline.PipelinePlacementPolicy (PipelinePlacementPolicy.java:filterViableNodes(148)) - Unable to find enough nodes that meet the criteria that cannot engage in more than 5 pipelines. Nodes required: 3 Found: 0, healthy nodes count inNodeManager: 3.
2019-09-25 07:30:26,798 [IPC Server handler 1 on 33714] ERROR pipeline.SCMPipelineManager (SCMPipelineManager.java:createPipeline(167)) - Pipeline creation failed.
org.apache.hadoop.hdds.scm.exceptions.SCMException: Unable to find enough nodes that meet the criteria that cannot engage in more than 5 pipelines. Nodes required: 3 Found: 0, healthy nodes count inNodeManager: 3.
	at org.apache.hadoop.hdds.scm.pipeline.PipelinePlacementPolicy.filterViableNodes(PipelinePlacementPolicy.java:149)
	at org.apache.hadoop.hdds.scm.pipeline.PipelinePlacementPolicy.chooseDatanodes(PipelinePlacementPolicy.java:172)
	at org.apache.hadoop.hdds.scm.pipeline.RatisPipelineProvider.create(RatisPipelineProvider.java:93)
	at org.apache.hadoop.hdds.scm.pipeline.PipelineFactory.create(PipelineFactory.java:58)
	at org.apache.hadoop.hdds.scm.pipeline.SCMPipelineManager.createPipeline(SCMPipelineManager.java:155)
	at org.apache.hadoop.hdds.scm.block.BlockManagerImpl.allocateBlock(BlockManagerImpl.java:190)
	at org.apache.hadoop.hdds.scm.server.SCMBlockProtocolServer.allocateBlock(SCMBlockProtocolServer.java:182)
	at org.apache.hadoop.ozone.protocolPB.ScmBlockLocationProtocolServerSideTranslatorPB.allocateScmBlock(ScmBlockLocationProtocolServerSideTranslatorPB.java:183)
	at org.apache.hadoop.ozone.protocolPB.ScmBlockLocationProtocolServerSideTranslatorPB.processMessage(ScmBlockLocationProtocolServerSideTranslatorPB.java:141)
	at org.apache.hadoop.ozone.protocolPB.ScmBlockLocationProtocolServerSideTranslatorPB.send(ScmBlockLocationProtocolServerSideTranslatorPB.java:116)
	at org.apache.hadoop.hdds.protocol.proto.ScmBlockLocationProtocolProtos$ScmBlockLocationProtocolService$2.callBlockingMethod(ScmBlockLocationProtocolProtos.java:13157)
	at org.apache.hadoop.ipc.ProtobufRpcEngine$Server$ProtoBufRpcInvoker.call(ProtobufRpcEngine.java:524)
	at org.apache.hadoop.ipc.RPC$Server.call(RPC.java:1025)
	at org.apache.hadoop.ipc.Server$RpcCall.run(Server.java:876)
	at org.apache.hadoop.ipc.Server$RpcCall.run(Server.java:822)
	at java.security.AccessController.doPrivileged(Native Method)
	at javax.security.auth.Subject.doAs(Subject.java:422)
	at org.apache.hadoop.security.UserGroupInformation.doAs(UserGroupInformation.java:1730)
	at org.apache.hadoop.ipc.Server$Handler.run(Server.java:2682)
2019-09-25 07:30:26,798 [IPC Server handler 1 on 33714] WARN  block.BlockManagerImpl (BlockManagerImpl.java:allocateBlock(192)) - Pipeline creation failed for type:RATIS factor:THREE. Retrying get pipelines call once.
org.apache.hadoop.hdds.scm.exceptions.SCMException: Unable to find enough nodes that meet the criteria that cannot engage in more than 5 pipelines. Nodes required: 3 Found: 0, healthy nodes count inNodeManager: 3.
	at org.apache.hadoop.hdds.scm.pipeline.PipelinePlacementPolicy.filterViableNodes(PipelinePlacementPolicy.java:149)
	at org.apache.hadoop.hdds.scm.pipeline.PipelinePlacementPolicy.chooseDatanodes(PipelinePlacementPolicy.java:172)
	at org.apache.hadoop.hdds.scm.pipeline.RatisPipelineProvider.create(RatisPipelineProvider.java:93)
	at org.apache.hadoop.hdds.scm.pipeline.PipelineFactory.create(PipelineFactory.java:58)
	at org.apache.hadoop.hdds.scm.pipeline.SCMPipelineManager.createPipeline(SCMPipelineManager.java:155)
	at org.apache.hadoop.hdds.scm.block.BlockManagerImpl.allocateBlock(BlockManagerImpl.java:190)
	at org.apache.hadoop.hdds.scm.server.SCMBlockProtocolServer.allocateBlock(SCMBlockProtocolServer.java:182)
	at org.apache.hadoop.ozone.protocolPB.ScmBlockLocationProtocolServerSideTranslatorPB.allocateScmBlock(ScmBlockLocationProtocolServerSideTranslatorPB.java:183)
	at org.apache.hadoop.ozone.protocolPB.ScmBlockLocationProtocolServerSideTranslatorPB.processMessage(ScmBlockLocationProtocolServerSideTranslatorPB.java:141)
	at org.apache.hadoop.ozone.protocolPB.ScmBlockLocationProtocolServerSideTranslatorPB.send(ScmBlockLocationProtocolServerSideTranslatorPB.java:116)
	at org.apache.hadoop.hdds.protocol.proto.ScmBlockLocationProtocolProtos$ScmBlockLocationProtocolService$2.callBlockingMethod(ScmBlockLocationProtocolProtos.java:13157)
	at org.apache.hadoop.ipc.ProtobufRpcEngine$Server$ProtoBufRpcInvoker.call(ProtobufRpcEngine.java:524)
	at org.apache.hadoop.ipc.RPC$Server.call(RPC.java:1025)
	at org.apache.hadoop.ipc.Server$RpcCall.run(Server.java:876)
	at org.apache.hadoop.ipc.Server$RpcCall.run(Server.java:822)
	at java.security.AccessController.doPrivileged(Native Method)
	at javax.security.auth.Subject.doAs(Subject.java:422)
	at org.apache.hadoop.security.UserGroupInformation.doAs(UserGroupInformation.java:1730)
	at org.apache.hadoop.ipc.Server$Handler.run(Server.java:2682)
2019-09-25 07:30:26,799 [IPC Server handler 1 on 33714] INFO  block.BlockManagerImpl (BlockManagerImpl.java:allocateBlock(198)) - Could not find available pipeline of type:RATIS and factor:THREE even after retrying
2019-09-25 07:30:26,799 [IPC Server handler 1 on 33714] ERROR block.BlockManagerImpl (BlockManagerImpl.java:allocateBlock(222)) - Unable to allocate a block for the size: 4194304, type: RATIS, factor: THREE
2019-09-25 07:30:26,802 [Thread-1340] INFO  ozone.MiniOzoneClusterImpl (MiniOzoneClusterImpl.java:shutdown(314)) - Shutting down the Mini Ozone Cluster
2019-09-25 07:30:26,803 [Thread-1340] INFO  ozone.MiniOzoneClusterImpl (MiniOzoneClusterImpl.java:stop(330)) - Stopping the Mini Ozone Cluster
2019-09-25 07:30:26,803 [Thread-1340] INFO  ozone.MiniOzoneClusterImpl (MiniOzoneClusterImpl.java:stopOM(400)) - Stopping the OzoneManager
2019-09-25 07:30:26,803 [Thread-1340] INFO  ipc.Server (Server.java:stop(3082)) - Stopping server on 45693
2019-09-25 07:30:26,808 [IPC Server listener on 45693] INFO  ipc.Server (Server.java:run(1185)) - Stopping IPC Server listener on 45693
2019-09-25 07:30:26,808 [Thread-1340] INFO  ratis.OzoneManagerDoubleBuffer (OzoneManagerDoubleBuffer.java:stop(248)) - Stopping OMDoubleBuffer flush thread
2019-09-25 07:30:26,808 [IPC Server Responder] INFO  ipc.Server (Server.java:run(1319)) - Stopping IPC Server Responder
2019-09-25 07:30:26,811 [OMDoubleBufferFlushThread] INFO  ratis.OzoneManagerDoubleBuffer (OzoneManagerDoubleBuffer.java:flushTransactions(191)) - OMDoubleBuffer flush thread OMDoubleBufferFlushThread is interrupted and will exit. OMDoubleBufferFlushThread
2019-09-25 07:30:26,811 [Thread-1340] INFO  utils.BackgroundService (BackgroundService.java:shutdown(148)) - Shutting down service KeyDeletingService
2019-09-25 07:30:26,813 [Thread-1340] INFO  handler.ContextHandler (ContextHandler.java:doStop(910)) - Stopped o.e.j.w.WebAppContext@5ef25745{/,null,UNAVAILABLE}{/ozoneManager}
2019-09-25 07:30:26,814 [Thread-1340] INFO  server.AbstractConnector (AbstractConnector.java:doStop(318)) - Stopped ServerConnector@189f7758{HTTP/1.1,[http/1.1]}{0.0.0.0:0}
2019-09-25 07:30:26,814 [Thread-1340] INFO  handler.ContextHandler (ContextHandler.java:doStop(910)) - Stopped o.e.j.s.ServletContextHandler@11c0c7fc{/static,jar:file:/home/user/.m2/repository/org/apache/hadoop/hadoop-ozone-ozone-manager/0.5.0-SNAPSHOT/hadoop-ozone-ozone-manager-0.5.0-SNAPSHOT.jar!/webapps/static,UNAVAILABLE}
2019-09-25 07:30:26,814 [Thread-1340] INFO  handler.ContextHandler (ContextHandler.java:doStop(910)) - Stopped o.e.j.s.ServletContextHandler@56471887{/logs,file:///workdir/hadoop-ozone/ozonefs/target/log,UNAVAILABLE}
2019-09-25 07:30:26,816 [Thread-1340] INFO  ozone.MiniOzoneClusterImpl (MiniOzoneClusterImpl.java:stopDatanodes(377)) - Stopping the HddsDatanodes
2019-09-25 07:30:27,549 [Datanode State Machine Thread - 0] INFO  statemachine.DatanodeStateMachine (DatanodeStateMachine.java:lambda$startDaemon$0(350)) - Ozone container server started.
2019-09-25 07:30:27,618 [Datanode State Machine Thread - 0] INFO  statemachine.DatanodeStateMachine (DatanodeStateMachine.java:lambda$startDaemon$0(350)) - Ozone container server started.
2019-09-25 07:30:28,561 [Thread-1512] INFO  container.ReplicationManager (ReplicationManager.java:start(163)) - Starting Replication Monitor Thread.
2019-09-25 07:30:28,565 [ReplicationMonitor] INFO  container.ReplicationManager (ReplicationManager.java:run(226)) - Replication Monitor Thread took 0 milliseconds for processing 0 containers.
2019-09-25 07:30:30,734 [Thread-1517] INFO  impl.FollowerState (FollowerState.java:run(106)) - e922a23f-709c-4ffc-b707-fa2ce4e2ab76:group-EC8A7356A9E3 changes to CANDIDATE, lastRpcTime:5030, electionTimeout:5030ms
2019-09-25 07:30:30,735 [Thread-1517] INFO  impl.RoleInfo (RoleInfo.java:shutdownFollowerState(121)) - e922a23f-709c-4ffc-b707-fa2ce4e2ab76: shutdown FollowerState
2019-09-25 07:30:30,735 [Thread-1517] INFO  impl.RaftServerImpl (RaftServerImpl.java:setRole(174)) - e922a23f-709c-4ffc-b707-fa2ce4e2ab76@group-EC8A7356A9E3: changes role from  FOLLOWER to CANDIDATE at term 0 for changeToCandidate
2019-09-25 07:30:30,735 [Thread-1517] INFO  impl.RoleInfo (RoleInfo.java:updateAndGet(143)) - e922a23f-709c-4ffc-b707-fa2ce4e2ab76: start LeaderElection
2019-09-25 07:30:30,757 [Thread-1514] INFO  impl.FollowerState (FollowerState.java:run(106)) - e922a23f-709c-4ffc-b707-fa2ce4e2ab76:group-CB639ADC9E42 changes to CANDIDATE, lastRpcTime:5116, electionTimeout:5116ms
2019-09-25 07:30:30,757 [Thread-1514] INFO  impl.RoleInfo (RoleInfo.java:shutdownFollowerState(121)) - e922a23f-709c-4ffc-b707-fa2ce4e2ab76: shutdown FollowerState
2019-09-25 07:30:30,758 [Thread-1514] INFO  impl.RaftServerImpl (RaftServerImpl.java:setRole(174)) - e922a23f-709c-4ffc-b707-fa2ce4e2ab76@group-CB639ADC9E42: changes role from  FOLLOWER to CANDIDATE at term 0 for changeToCandidate
2019-09-25 07:30:30,758 [Thread-1514] INFO  impl.RoleInfo (RoleInfo.java:updateAndGet(143)) - e922a23f-709c-4ffc-b707-fa2ce4e2ab76: start LeaderElection
2019-09-25 07:30:30,763 [e922a23f-709c-4ffc-b707-fa2ce4e2ab76@group-EC8A7356A9E3:LeaderElection89] INFO  impl.LeaderElection (LeaderElection.java:askForVotes(182)) - e922a23f-709c-4ffc-b707-fa2ce4e2ab76@group-EC8A7356A9E3:LeaderElection89: begin an election at term 1 for -1: [e922a23f-709c-4ffc-b707-fa2ce4e2ab76:192.168.151.106:34835], old=null
2019-09-25 07:30:30,763 [e922a23f-709c-4ffc-b707-fa2ce4e2ab76@group-EC8A7356A9E3:LeaderElection89] INFO  impl.RoleInfo (RoleInfo.java:shutdownLeaderElection(134)) - e922a23f-709c-4ffc-b707-fa2ce4e2ab76: shutdown LeaderElection
2019-09-25 07:30:30,764 [e922a23f-709c-4ffc-b707-fa2ce4e2ab76@group-EC8A7356A9E3:LeaderElection89] INFO  impl.RaftServerImpl (RaftServerImpl.java:setRole(174)) - e922a23f-709c-4ffc-b707-fa2ce4e2ab76@group-EC8A7356A9E3: changes role from CANDIDATE to LEADER at term 1 for changeToLeader
2019-09-25 07:30:30,764 [e922a23f-709c-4ffc-b707-fa2ce4e2ab76@group-EC8A7356A9E3:LeaderElection89] INFO  impl.RaftServerImpl (ServerState.java:setLeader(253)) - e922a23f-709c-4ffc-b707-fa2ce4e2ab76@group-EC8A7356A9E3: change Leader from null to e922a23f-709c-4ffc-b707-fa2ce4e2ab76 at term 1 for becomeLeader, leader elected after 5064ms
2019-09-25 07:30:30,764 [e922a23f-709c-4ffc-b707-fa2ce4e2ab76@group-EC8A7356A9E3:LeaderElection89] INFO  server.RaftServerConfigKeys (ConfUtils.java:logGet(43)) - raft.server.staging.catchup.gap = 1000 (default)
2019-09-25 07:30:30,764 [e922a23f-709c-4ffc-b707-fa2ce4e2ab76@group-EC8A7356A9E3:LeaderElection89] INFO  server.RaftServerConfigKeys (ConfUtils.java:logGet(43)) - raft.server.rpc.sleep.time = 25ms (default)
2019-09-25 07:30:30,764 [e922a23f-709c-4ffc-b707-fa2ce4e2ab76@group-EC8A7356A9E3:LeaderElection89] INFO  server.RaftServerConfigKeys (ConfUtils.java:logGet(43)) - raft.server.write.element-limit = 4096 (default)
2019-09-25 07:30:30,764 [e922a23f-709c-4ffc-b707-fa2ce4e2ab76@group-EC8A7356A9E3:LeaderElection89] INFO  server.RaftServerConfigKeys (ConfUtils.java:logGet(43)) - raft.server.watch.timeout = 10s (default)
2019-09-25 07:30:30,764 [e922a23f-709c-4ffc-b707-fa2ce4e2ab76@group-EC8A7356A9E3:LeaderElection89] INFO  server.RaftServerConfigKeys (ConfUtils.java:logGet(43)) - raft.server.watch.timeout.denomination = 1s (default)
2019-09-25 07:30:30,765 [e922a23f-709c-4ffc-b707-fa2ce4e2ab76@group-EC8A7356A9E3:LeaderElection89] INFO  server.RaftServerConfigKeys (ConfUtils.java:logGet(43)) - raft.server.watch.element-limit = 65536 (default)
2019-09-25 07:30:30,766 [e922a23f-709c-4ffc-b707-fa2ce4e2ab76@group-EC8A7356A9E3:LeaderElection89] INFO  impl.RoleInfo (RoleInfo.java:updateAndGet(143)) - e922a23f-709c-4ffc-b707-fa2ce4e2ab76: start LeaderState
2019-09-25 07:30:30,767 [e922a23f-709c-4ffc-b707-fa2ce4e2ab76@group-EC8A7356A9E3:LeaderElection89] INFO  segmented.SegmentedRaftLogWorker (SegmentedRaftLogWorker.java:startLogSegment(380)) - e922a23f-709c-4ffc-b707-fa2ce4e2ab76@group-EC8A7356A9E3-SegmentedRaftLogWorker: Starting segment from index:0
2019-09-25 07:30:30,767 [e922a23f-709c-4ffc-b707-fa2ce4e2ab76@group-EC8A7356A9E3:LeaderElection89] INFO  impl.RaftServerImpl (ServerState.java:setRaftConf(354)) - e922a23f-709c-4ffc-b707-fa2ce4e2ab76@group-EC8A7356A9E3: set configuration 0: [e922a23f-709c-4ffc-b707-fa2ce4e2ab76:192.168.151.106:34835], old=null at 0
2019-09-25 07:30:30,786 [e922a23f-709c-4ffc-b707-fa2ce4e2ab76@group-CB639ADC9E42:LeaderElection90] INFO  impl.LeaderElection (LeaderElection.java:askForVotes(182)) - e922a23f-709c-4ffc-b707-fa2ce4e2ab76@group-CB639ADC9E42:LeaderElection90: begin an election at term 1 for -1: [e922a23f-709c-4ffc-b707-fa2ce4e2ab76:192.168.151.106:34835], old=null
2019-09-25 07:30:30,786 [e922a23f-709c-4ffc-b707-fa2ce4e2ab76@group-CB639ADC9E42:LeaderElection90] INFO  impl.RoleInfo (RoleInfo.java:shutdownLeaderElection(134)) - e922a23f-709c-4ffc-b707-fa2ce4e2ab76: shutdown LeaderElection
2019-09-25 07:30:30,786 [e922a23f-709c-4ffc-b707-fa2ce4e2ab76@group-CB639ADC9E42:LeaderElection90] INFO  impl.RaftServerImpl (RaftServerImpl.java:setRole(174)) - e922a23f-709c-4ffc-b707-fa2ce4e2ab76@group-CB639ADC9E42: changes role from CANDIDATE to LEADER at term 1 for changeToLeader
2019-09-25 07:30:30,786 [e922a23f-709c-4ffc-b707-fa2ce4e2ab76@group-CB639ADC9E42:LeaderElection90] INFO  impl.RaftServerImpl (ServerState.java:setLeader(253)) - e922a23f-709c-4ffc-b707-fa2ce4e2ab76@group-CB639ADC9E42: change Leader from null to e922a23f-709c-4ffc-b707-fa2ce4e2ab76 at term 1 for becomeLeader, leader elected after 5152ms
2019-09-25 07:30:30,786 [e922a23f-709c-4ffc-b707-fa2ce4e2ab76@group-CB639ADC9E42:LeaderElection90] INFO  server.RaftServerConfigKeys (ConfUtils.java:logGet(43)) - raft.server.staging.catchup.gap = 1000 (default)
2019-09-25 07:30:30,786 [e922a23f-709c-4ffc-b707-fa2ce4e2ab76@group-CB639ADC9E42:LeaderElection90] INFO  server.RaftServerConfigKeys (ConfUtils.java:logGet(43)) - raft.server.rpc.sleep.time = 25ms (default)
2019-09-25 07:30:30,786 [e922a23f-709c-4ffc-b707-fa2ce4e2ab76@group-CB639ADC9E42:LeaderElection90] INFO  server.RaftServerConfigKeys (ConfUtils.java:logGet(43)) - raft.server.write.element-limit = 4096 (default)
2019-09-25 07:30:30,787 [e922a23f-709c-4ffc-b707-fa2ce4e2ab76@group-CB639ADC9E42:LeaderElection90] INFO  server.RaftServerConfigKeys (ConfUtils.java:logGet(43)) - raft.server.watch.timeout = 10s (default)
2019-09-25 07:30:30,787 [e922a23f-709c-4ffc-b707-fa2ce4e2ab76@group-CB639ADC9E42:LeaderElection90] INFO  server.RaftServerConfigKeys (ConfUtils.java:logGet(43)) - raft.server.watch.timeout.denomination = 1s (default)
2019-09-25 07:30:30,787 [e922a23f-709c-4ffc-b707-fa2ce4e2ab76@group-CB639ADC9E42:LeaderElection90] INFO  server.RaftServerConfigKeys (ConfUtils.java:logGet(43)) - raft.server.watch.element-limit = 65536 (default)
2019-09-25 07:30:30,788 [e922a23f-709c-4ffc-b707-fa2ce4e2ab76@group-CB639ADC9E42:LeaderElection90] INFO  impl.RoleInfo (RoleInfo.java:updateAndGet(143)) - e922a23f-709c-4ffc-b707-fa2ce4e2ab76: start LeaderState
2019-09-25 07:30:30,789 [e922a23f-709c-4ffc-b707-fa2ce4e2ab76@group-CB639ADC9E42:LeaderElection90] INFO  segmented.SegmentedRaftLogWorker (SegmentedRaftLogWorker.java:startLogSegment(380)) - e922a23f-709c-4ffc-b707-fa2ce4e2ab76@group-CB639ADC9E42-SegmentedRaftLogWorker: Starting segment from index:0
2019-09-25 07:30:30,789 [e922a23f-709c-4ffc-b707-fa2ce4e2ab76@group-CB639ADC9E42:LeaderElection90] INFO  impl.RaftServerImpl (ServerState.java:setRaftConf(354)) - e922a23f-709c-4ffc-b707-fa2ce4e2ab76@group-CB639ADC9E42: set configuration 0: [e922a23f-709c-4ffc-b707-fa2ce4e2ab76:192.168.151.106:34835], old=null at 0
2019-09-25 07:30:30,828 [e922a23f-709c-4ffc-b707-fa2ce4e2ab76@group-EC8A7356A9E3-SegmentedRaftLogWorker] INFO  segmented.SegmentedRaftLogWorker (SegmentedRaftLogWorker.java:execute(569)) - e922a23f-709c-4ffc-b707-fa2ce4e2ab76@group-EC8A7356A9E3-SegmentedRaftLogWorker: created new log segment /workdir/hadoop-ozone/ozonefs/target/test-dir/MiniOzoneClusterImpl-d5bff4f9-f30c-4d12-b02b-d1d52f4107cc/datanode-0/data/ratis/741424d9-3b07-4c33-9a03-ec8a7356a9e3/current/log_inprogress_0
2019-09-25 07:30:30,848 [e922a23f-709c-4ffc-b707-fa2ce4e2ab76@group-CB639ADC9E42-SegmentedRaftLogWorker] INFO  segmented.SegmentedRaftLogWorker (SegmentedRaftLogWorker.java:execute(569)) - e922a23f-709c-4ffc-b707-fa2ce4e2ab76@group-CB639ADC9E42-SegmentedRaftLogWorker: created new log segment /workdir/hadoop-ozone/ozonefs/target/test-dir/MiniOzoneClusterImpl-d5bff4f9-f30c-4d12-b02b-d1d52f4107cc/datanode-0/data/ratis/cd9015fc-9d14-4b33-a3e2-cb639adc9e42/current/log_inprogress_0
2019-09-25 07:30:30,941 [Thread-1520] INFO  impl.FollowerState (FollowerState.java:run(106)) - e922a23f-709c-4ffc-b707-fa2ce4e2ab76:group-24372793827A changes to CANDIDATE, lastRpcTime:5175, electionTimeout:5175ms
2019-09-25 07:30:30,941 [Thread-1520] INFO  impl.RoleInfo (RoleInfo.java:shutdownFollowerState(121)) - e922a23f-709c-4ffc-b707-fa2ce4e2ab76: shutdown FollowerState
2019-09-25 07:30:30,942 [Thread-1520] INFO  impl.RaftServerImpl (RaftServerImpl.java:setRole(174)) - e922a23f-709c-4ffc-b707-fa2ce4e2ab76@group-24372793827A: changes role from  FOLLOWER to CANDIDATE at term 0 for changeToCandidate
2019-09-25 07:30:30,942 [Thread-1520] INFO  impl.RoleInfo (RoleInfo.java:updateAndGet(143)) - e922a23f-709c-4ffc-b707-fa2ce4e2ab76: start LeaderElection
2019-09-25 07:30:30,957 [Thread-1523] INFO  impl.FollowerState (FollowerState.java:run(106)) - 8db113de-7b84-41a1-a116-0df055b189a9:group-7E163C5EA617 changes to CANDIDATE, lastRpcTime:5123, electionTimeout:5123ms
2019-09-25 07:30:30,957 [Thread-1523] INFO  impl.RoleInfo (RoleInfo.java:shutdownFollowerState(121)) - 8db113de-7b84-41a1-a116-0df055b189a9: shutdown FollowerState
2019-09-25 07:30:30,957 [Thread-1523] INFO  impl.RaftServerImpl (RaftServerImpl.java:setRole(174)) - 8db113de-7b84-41a1-a116-0df055b189a9@group-7E163C5EA617: changes role from  FOLLOWER to CANDIDATE at term 0 for changeToCandidate
2019-09-25 07:30:30,957 [Thread-1523] INFO  impl.RoleInfo (RoleInfo.java:updateAndGet(143)) - 8db113de-7b84-41a1-a116-0df055b189a9: start LeaderElection
2019-09-25 07:30:30,967 [e922a23f-709c-4ffc-b707-fa2ce4e2ab76@group-24372793827A:LeaderElection91] INFO  impl.LeaderElection (LeaderElection.java:askForVotes(182)) - e922a23f-709c-4ffc-b707-fa2ce4e2ab76@group-24372793827A:LeaderElection91: begin an election at term 1 for -1: [e922a23f-709c-4ffc-b707-fa2ce4e2ab76:192.168.151.106:34835], old=null
2019-09-25 07:30:30,967 [e922a23f-709c-4ffc-b707-fa2ce4e2ab76@group-24372793827A:LeaderElection91] INFO  impl.RoleInfo (RoleInfo.java:shutdownLeaderElection(134)) - e922a23f-709c-4ffc-b707-fa2ce4e2ab76: shutdown LeaderElection
2019-09-25 07:30:30,967 [e922a23f-709c-4ffc-b707-fa2ce4e2ab76@group-24372793827A:LeaderElection91] INFO  impl.RaftServerImpl (RaftServerImpl.java:setRole(174)) - e922a23f-709c-4ffc-b707-fa2ce4e2ab76@group-24372793827A: changes role from CANDIDATE to LEADER at term 1 for changeToLeader
2019-09-25 07:30:30,967 [e922a23f-709c-4ffc-b707-fa2ce4e2ab76@group-24372793827A:LeaderElection91] INFO  impl.RaftServerImpl (ServerState.java:setLeader(253)) - e922a23f-709c-4ffc-b707-fa2ce4e2ab76@group-24372793827A: change Leader from null to e922a23f-709c-4ffc-b707-fa2ce4e2ab76 at term 1 for becomeLeader, leader elected after 5206ms
2019-09-25 07:30:30,967 [e922a23f-709c-4ffc-b707-fa2ce4e2ab76@group-24372793827A:LeaderElection91] INFO  server.RaftServerConfigKeys (ConfUtils.java:logGet(43)) - raft.server.staging.catchup.gap = 1000 (default)
2019-09-25 07:30:30,967 [e922a23f-709c-4ffc-b707-fa2ce4e2ab76@group-24372793827A:LeaderElection91] INFO  server.RaftServerConfigKeys (ConfUtils.java:logGet(43)) - raft.server.rpc.sleep.time = 25ms (default)
2019-09-25 07:30:30,967 [e922a23f-709c-4ffc-b707-fa2ce4e2ab76@group-24372793827A:LeaderElection91] INFO  server.RaftServerConfigKeys (ConfUtils.java:logGet(43)) - raft.server.write.element-limit = 4096 (default)
2019-09-25 07:30:30,967 [e922a23f-709c-4ffc-b707-fa2ce4e2ab76@group-24372793827A:LeaderElection91] INFO  server.RaftServerConfigKeys (ConfUtils.java:logGet(43)) - raft.server.watch.timeout = 10s (default)
2019-09-25 07:30:30,968 [e922a23f-709c-4ffc-b707-fa2ce4e2ab76@group-24372793827A:LeaderElection91] INFO  server.RaftServerConfigKeys (ConfUtils.java:logGet(43)) - raft.server.watch.timeout.denomination = 1s (default)
2019-09-25 07:30:30,968 [e922a23f-709c-4ffc-b707-fa2ce4e2ab76@group-24372793827A:LeaderElection91] INFO  server.RaftServerConfigKeys (ConfUtils.java:logGet(43)) - raft.server.watch.element-limit = 65536 (default)
2019-09-25 07:30:30,969 [e922a23f-709c-4ffc-b707-fa2ce4e2ab76@group-24372793827A:LeaderElection91] INFO  impl.RoleInfo (RoleInfo.java:updateAndGet(143)) - e922a23f-709c-4ffc-b707-fa2ce4e2ab76: start LeaderState
2019-09-25 07:30:30,969 [e922a23f-709c-4ffc-b707-fa2ce4e2ab76@group-24372793827A:LeaderElection91] INFO  segmented.SegmentedRaftLogWorker (SegmentedRaftLogWorker.java:startLogSegment(380)) - e922a23f-709c-4ffc-b707-fa2ce4e2ab76@group-24372793827A-SegmentedRaftLogWorker: Starting segment from index:0
2019-09-25 07:30:30,970 [e922a23f-709c-4ffc-b707-fa2ce4e2ab76@group-24372793827A:LeaderElection91] INFO  impl.RaftServerImpl (ServerState.java:setRaftConf(354)) - e922a23f-709c-4ffc-b707-fa2ce4e2ab76@group-24372793827A: set configuration 0: [e922a23f-709c-4ffc-b707-fa2ce4e2ab76:192.168.151.106:34835], old=null at 0
2019-09-25 07:30:30,978 [8db113de-7b84-41a1-a116-0df055b189a9@group-7E163C5EA617:LeaderElection92] INFO  impl.LeaderElection (LeaderElection.java:askForVotes(182)) - 8db113de-7b84-41a1-a116-0df055b189a9@group-7E163C5EA617:LeaderElection92: begin an election at term 1 for -1: [8db113de-7b84-41a1-a116-0df055b189a9:192.168.151.106:39179], old=null
2019-09-25 07:30:30,978 [8db113de-7b84-41a1-a116-0df055b189a9@group-7E163C5EA617:LeaderElection92] INFO  impl.RoleInfo (RoleInfo.java:shutdownLeaderElection(134)) - 8db113de-7b84-41a1-a116-0df055b189a9: shutdown LeaderElection
2019-09-25 07:30:30,978 [8db113de-7b84-41a1-a116-0df055b189a9@group-7E163C5EA617:LeaderElection92] INFO  impl.RaftServerImpl (RaftServerImpl.java:setRole(174)) - 8db113de-7b84-41a1-a116-0df055b189a9@group-7E163C5EA617: changes role from CANDIDATE to LEADER at term 1 for changeToLeader
2019-09-25 07:30:30,978 [8db113de-7b84-41a1-a116-0df055b189a9@group-7E163C5EA617:LeaderElection92] INFO  impl.RaftServerImpl (ServerState.java:setLeader(253)) - 8db113de-7b84-41a1-a116-0df055b189a9@group-7E163C5EA617: change Leader from null to 8db113de-7b84-41a1-a116-0df055b189a9 at term 1 for becomeLeader, leader elected after 5151ms
2019-09-25 07:30:30,978 [8db113de-7b84-41a1-a116-0df055b189a9@group-7E163C5EA617:LeaderElection92] INFO  server.RaftServerConfigKeys (ConfUtils.java:logGet(43)) - raft.server.staging.catchup.gap = 1000 (default)
2019-09-25 07:30:30,978 [8db113de-7b84-41a1-a116-0df055b189a9@group-7E163C5EA617:LeaderElection92] INFO  server.RaftServerConfigKeys (ConfUtils.java:logGet(43)) - raft.server.rpc.sleep.time = 25ms (default)
2019-09-25 07:30:30,978 [8db113de-7b84-41a1-a116-0df055b189a9@group-7E163C5EA617:LeaderElection92] INFO  server.RaftServerConfigKeys (ConfUtils.java:logGet(43)) - raft.server.write.element-limit = 4096 (default)
2019-09-25 07:30:30,979 [8db113de-7b84-41a1-a116-0df055b189a9@group-7E163C5EA617:LeaderElection92] INFO  server.RaftServerConfigKeys (ConfUtils.java:logGet(43)) - raft.server.watch.timeout = 10s (default)
2019-09-25 07:30:30,979 [8db113de-7b84-41a1-a116-0df055b189a9@group-7E163C5EA617:LeaderElection92] INFO  server.RaftServerConfigKeys (ConfUtils.java:logGet(43)) - raft.server.watch.timeout.denomination = 1s (default)
2019-09-25 07:30:30,979 [8db113de-7b84-41a1-a116-0df055b189a9@group-7E163C5EA617:LeaderElection92] INFO  server.RaftServerConfigKeys (ConfUtils.java:logGet(43)) - raft.server.watch.element-limit = 65536 (default)
2019-09-25 07:30:30,980 [8db113de-7b84-41a1-a116-0df055b189a9@group-7E163C5EA617:LeaderElection92] INFO  impl.RoleInfo (RoleInfo.java:updateAndGet(143)) - 8db113de-7b84-41a1-a116-0df055b189a9: start LeaderState
2019-09-25 07:30:30,980 [8db113de-7b84-41a1-a116-0df055b189a9@group-7E163C5EA617:LeaderElection92] INFO  segmented.SegmentedRaftLogWorker (SegmentedRaftLogWorker.java:startLogSegment(380)) - 8db113de-7b84-41a1-a116-0df055b189a9@group-7E163C5EA617-SegmentedRaftLogWorker: Starting segment from index:0
2019-09-25 07:30:30,981 [8db113de-7b84-41a1-a116-0df055b189a9@group-7E163C5EA617:LeaderElection92] INFO  impl.RaftServerImpl (ServerState.java:setRaftConf(354)) - 8db113de-7b84-41a1-a116-0df055b189a9@group-7E163C5EA617: set configuration 0: [8db113de-7b84-41a1-a116-0df055b189a9:192.168.151.106:39179], old=null at 0
2019-09-25 07:30:31,054 [Thread-1529] INFO  impl.FollowerState (FollowerState.java:run(106)) - e922a23f-709c-4ffc-b707-fa2ce4e2ab76:group-5C457A4DFC6A changes to CANDIDATE, lastRpcTime:5077, electionTimeout:5077ms
2019-09-25 07:30:31,054 [Thread-1529] INFO  impl.RoleInfo (RoleInfo.java:shutdownFollowerState(121)) - e922a23f-709c-4ffc-b707-fa2ce4e2ab76: shutdown FollowerState
2019-09-25 07:30:31,055 [Thread-1526] INFO  impl.FollowerState (FollowerState.java:run(106)) - e922a23f-709c-4ffc-b707-fa2ce4e2ab76:group-5F742B38B865 changes to CANDIDATE, lastRpcTime:5145, electionTimeout:5145ms
2019-09-25 07:30:31,055 [e922a23f-709c-4ffc-b707-fa2ce4e2ab76@group-24372793827A-SegmentedRaftLogWorker] INFO  segmented.SegmentedRaftLogWorker (SegmentedRaftLogWorker.java:execute(569)) - e922a23f-709c-4ffc-b707-fa2ce4e2ab76@group-24372793827A-SegmentedRaftLogWorker: created new log segment /workdir/hadoop-ozone/ozonefs/target/test-dir/MiniOzoneClusterImpl-d5bff4f9-f30c-4d12-b02b-d1d52f4107cc/datanode-0/data/ratis/5f192ac0-bf8b-4347-8212-24372793827a/current/log_inprogress_0
2019-09-25 07:30:31,055 [Thread-1526] INFO  impl.RoleInfo (RoleInfo.java:shutdownFollowerState(121)) - e922a23f-709c-4ffc-b707-fa2ce4e2ab76: shutdown FollowerState
2019-09-25 07:30:31,055 [Thread-1526] INFO  impl.RaftServerImpl (RaftServerImpl.java:setRole(174)) - e922a23f-709c-4ffc-b707-fa2ce4e2ab76@group-5F742B38B865: changes role from  FOLLOWER to CANDIDATE at term 0 for changeToCandidate
2019-09-25 07:30:31,055 [8db113de-7b84-41a1-a116-0df055b189a9@group-7E163C5EA617-SegmentedRaftLogWorker] INFO  segmented.SegmentedRaftLogWorker (SegmentedRaftLogWorker.java:execute(569)) - 8db113de-7b84-41a1-a116-0df055b189a9@group-7E163C5EA617-SegmentedRaftLogWorker: created new log segment /workdir/hadoop-ozone/ozonefs/target/test-dir/MiniOzoneClusterImpl-d5bff4f9-f30c-4d12-b02b-d1d52f4107cc/datanode-2/data/ratis/1da2876d-f09d-486f-b9b7-7e163c5ea617/current/log_inprogress_0
2019-09-25 07:30:31,055 [Thread-1529] INFO  impl.RaftServerImpl (RaftServerImpl.java:setRole(174)) - e922a23f-709c-4ffc-b707-fa2ce4e2ab76@group-5C457A4DFC6A: changes role from  FOLLOWER to CANDIDATE at term 0 for changeToCandidate
2019-09-25 07:30:31,055 [Thread-1526] INFO  impl.RoleInfo (RoleInfo.java:updateAndGet(143)) - e922a23f-709c-4ffc-b707-fa2ce4e2ab76: start LeaderElection
2019-09-25 07:30:31,056 [Thread-1529] INFO  impl.RoleInfo (RoleInfo.java:updateAndGet(143)) - e922a23f-709c-4ffc-b707-fa2ce4e2ab76: start LeaderElection
2019-09-25 07:30:31,075 [e922a23f-709c-4ffc-b707-fa2ce4e2ab76@group-5C457A4DFC6A:LeaderElection94] INFO  impl.LeaderElection (LeaderElection.java:askForVotes(182)) - e922a23f-709c-4ffc-b707-fa2ce4e2ab76@group-5C457A4DFC6A:LeaderElection94: begin an election at term 1 for -1: [e922a23f-709c-4ffc-b707-fa2ce4e2ab76:192.168.151.106:34835], old=null
2019-09-25 07:30:31,075 [e922a23f-709c-4ffc-b707-fa2ce4e2ab76@group-5F742B38B865:LeaderElection93] INFO  impl.LeaderElection (LeaderElection.java:askForVotes(182)) - e922a23f-709c-4ffc-b707-fa2ce4e2ab76@group-5F742B38B865:LeaderElection93: begin an election at term 1 for -1: [e922a23f-709c-4ffc-b707-fa2ce4e2ab76:192.168.151.106:34835], old=null
2019-09-25 07:30:31,075 [e922a23f-709c-4ffc-b707-fa2ce4e2ab76@group-5C457A4DFC6A:LeaderElection94] INFO  impl.RoleInfo (RoleInfo.java:shutdownLeaderElection(134)) - e922a23f-709c-4ffc-b707-fa2ce4e2ab76: shutdown LeaderElection
2019-09-25 07:30:31,075 [e922a23f-709c-4ffc-b707-fa2ce4e2ab76@group-5F742B38B865:LeaderElection93] INFO  impl.RoleInfo (RoleInfo.java:shutdownLeaderElection(134)) - e922a23f-709c-4ffc-b707-fa2ce4e2ab76: shutdown LeaderElection
2019-09-25 07:30:31,075 [e922a23f-709c-4ffc-b707-fa2ce4e2ab76@group-5C457A4DFC6A:LeaderElection94] INFO  impl.RaftServerImpl (RaftServerImpl.java:setRole(174)) - e922a23f-709c-4ffc-b707-fa2ce4e2ab76@group-5C457A4DFC6A: changes role from CANDIDATE to LEADER at term 1 for changeToLeader
2019-09-25 07:30:31,076 [e922a23f-709c-4ffc-b707-fa2ce4e2ab76@group-5F742B38B865:LeaderElection93] INFO  impl.RaftServerImpl (RaftServerImpl.java:setRole(174)) - e922a23f-709c-4ffc-b707-fa2ce4e2ab76@group-5F742B38B865: changes role from CANDIDATE to LEADER at term 1 for changeToLeader
2019-09-25 07:30:31,076 [e922a23f-709c-4ffc-b707-fa2ce4e2ab76@group-5C457A4DFC6A:LeaderElection94] INFO  impl.RaftServerImpl (ServerState.java:setLeader(253)) - e922a23f-709c-4ffc-b707-fa2ce4e2ab76@group-5C457A4DFC6A: change Leader from null to e922a23f-709c-4ffc-b707-fa2ce4e2ab76 at term 1 for becomeLeader, leader elected after 5104ms
2019-09-25 07:30:31,076 [e922a23f-709c-4ffc-b707-fa2ce4e2ab76@group-5F742B38B865:LeaderElection93] INFO  impl.RaftServerImpl (ServerState.java:setLeader(253)) - e922a23f-709c-4ffc-b707-fa2ce4e2ab76@group-5F742B38B865: change Leader from null to e922a23f-709c-4ffc-b707-fa2ce4e2ab76 at term 1 for becomeLeader, leader elected after 5172ms
2019-09-25 07:30:31,076 [e922a23f-709c-4ffc-b707-fa2ce4e2ab76@group-5C457A4DFC6A:LeaderElection94] INFO  server.RaftServerConfigKeys (ConfUtils.java:logGet(43)) - raft.server.staging.catchup.gap = 1000 (default)
2019-09-25 07:30:31,076 [e922a23f-709c-4ffc-b707-fa2ce4e2ab76@group-5F742B38B865:LeaderElection93] INFO  server.RaftServerConfigKeys (ConfUtils.java:logGet(43)) - raft.server.staging.catchup.gap = 1000 (default)
2019-09-25 07:30:31,076 [e922a23f-709c-4ffc-b707-fa2ce4e2ab76@group-5C457A4DFC6A:LeaderElection94] INFO  server.RaftServerConfigKeys (ConfUtils.java:logGet(43)) - raft.server.rpc.sleep.time = 25ms (default)
2019-09-25 07:30:31,076 [e922a23f-709c-4ffc-b707-fa2ce4e2ab76@group-5F742B38B865:LeaderElection93] INFO  server.RaftServerConfigKeys (ConfUtils.java:logGet(43)) - raft.server.rpc.sleep.time = 25ms (default)
2019-09-25 07:30:31,076 [e922a23f-709c-4ffc-b707-fa2ce4e2ab76@group-5C457A4DFC6A:LeaderElection94] INFO  server.RaftServerConfigKeys (ConfUtils.java:logGet(43)) - raft.server.write.element-limit = 4096 (default)
2019-09-25 07:30:31,077 [e922a23f-709c-4ffc-b707-fa2ce4e2ab76@group-5F742B38B865:LeaderElection93] INFO  server.RaftServerConfigKeys (ConfUtils.java:logGet(43)) - raft.server.write.element-limit = 4096 (default)
2019-09-25 07:30:31,077 [e922a23f-709c-4ffc-b707-fa2ce4e2ab76@group-5C457A4DFC6A:LeaderElection94] INFO  server.RaftServerConfigKeys (ConfUtils.java:logGet(43)) - raft.server.watch.timeout = 10s (default)
2019-09-25 07:30:31,077 [e922a23f-709c-4ffc-b707-fa2ce4e2ab76@group-5F742B38B865:LeaderElection93] INFO  server.RaftServerConfigKeys (ConfUtils.java:logGet(43)) - raft.server.watch.timeout = 10s (default)
2019-09-25 07:30:31,077 [e922a23f-709c-4ffc-b707-fa2ce4e2ab76@group-5C457A4DFC6A:LeaderElection94] INFO  server.RaftServerConfigKeys (ConfUtils.java:logGet(43)) - raft.server.watch.timeout.denomination = 1s (default)
2019-09-25 07:30:31,077 [e922a23f-709c-4ffc-b707-fa2ce4e2ab76@group-5F742B38B865:LeaderElection93] INFO  server.RaftServerConfigKeys (ConfUtils.java:logGet(43)) - raft.server.watch.timeout.denomination = 1s (default)
2019-09-25 07:30:31,077 [e922a23f-709c-4ffc-b707-fa2ce4e2ab76@group-5C457A4DFC6A:LeaderElection94] INFO  server.RaftServerConfigKeys (ConfUtils.java:logGet(43)) - raft.server.watch.element-limit = 65536 (default)
2019-09-25 07:30:31,077 [e922a23f-709c-4ffc-b707-fa2ce4e2ab76@group-5F742B38B865:LeaderElection93] INFO  server.RaftServerConfigKeys (ConfUtils.java:logGet(43)) - raft.server.watch.element-limit = 65536 (default)
2019-09-25 07:30:31,081 [e922a23f-709c-4ffc-b707-fa2ce4e2ab76@group-5C457A4DFC6A:LeaderElection94] INFO  impl.RoleInfo (RoleInfo.java:updateAndGet(143)) - e922a23f-709c-4ffc-b707-fa2ce4e2ab76: start LeaderState
2019-09-25 07:30:31,081 [e922a23f-709c-4ffc-b707-fa2ce4e2ab76@group-5C457A4DFC6A:LeaderElection94] INFO  segmented.SegmentedRaftLogWorker (SegmentedRaftLogWorker.java:startLogSegment(380)) - e922a23f-709c-4ffc-b707-fa2ce4e2ab76@group-5C457A4DFC6A-SegmentedRaftLogWorker: Starting segment from index:0
2019-09-25 07:30:31,081 [e922a23f-709c-4ffc-b707-fa2ce4e2ab76@group-5F742B38B865:LeaderElection93] INFO  impl.RoleInfo (RoleInfo.java:updateAndGet(143)) - e922a23f-709c-4ffc-b707-fa2ce4e2ab76: start LeaderState
2019-09-25 07:30:31,081 [e922a23f-709c-4ffc-b707-fa2ce4e2ab76@group-5F742B38B865:LeaderElection93] INFO  segmented.SegmentedRaftLogWorker (SegmentedRaftLogWorker.java:startLogSegment(380)) - e922a23f-709c-4ffc-b707-fa2ce4e2ab76@group-5F742B38B865-SegmentedRaftLogWorker: Starting segment from index:0
2019-09-25 07:30:31,081 [e922a23f-709c-4ffc-b707-fa2ce4e2ab76@group-5C457A4DFC6A:LeaderElection94] INFO  impl.RaftServerImpl (ServerState.java:setRaftConf(354)) - e922a23f-709c-4ffc-b707-fa2ce4e2ab76@group-5C457A4DFC6A: set configuration 0: [e922a23f-709c-4ffc-b707-fa2ce4e2ab76:192.168.151.106:34835], old=null at 0
2019-09-25 07:30:31,082 [e922a23f-709c-4ffc-b707-fa2ce4e2ab76@group-5F742B38B865:LeaderElection93] INFO  impl.RaftServerImpl (ServerState.java:setRaftConf(354)) - e922a23f-709c-4ffc-b707-fa2ce4e2ab76@group-5F742B38B865: set configuration 0: [e922a23f-709c-4ffc-b707-fa2ce4e2ab76:192.168.151.106:34835], old=null at 0
2019-09-25 07:30:31,124 [Thread-1532] INFO  impl.FollowerState (FollowerState.java:run(106)) - e922a23f-709c-4ffc-b707-fa2ce4e2ab76:group-3714BD58780E changes to CANDIDATE, lastRpcTime:5096, electionTimeout:5096ms
2019-09-25 07:30:31,124 [Thread-1532] INFO  impl.RoleInfo (RoleInfo.java:shutdownFollowerState(121)) - e922a23f-709c-4ffc-b707-fa2ce4e2ab76: shutdown FollowerState
2019-09-25 07:30:31,124 [Thread-1532] INFO  impl.RaftServerImpl (RaftServerImpl.java:setRole(174)) - e922a23f-709c-4ffc-b707-fa2ce4e2ab76@group-3714BD58780E: changes role from  FOLLOWER to CANDIDATE at term 0 for changeToCandidate
2019-09-25 07:30:31,124 [Thread-1532] INFO  impl.RoleInfo (RoleInfo.java:updateAndGet(143)) - e922a23f-709c-4ffc-b707-fa2ce4e2ab76: start LeaderElection
2019-09-25 07:30:31,135 [Thread-1535] INFO  impl.FollowerState (FollowerState.java:run(106)) - e26be840-9830-4763-8bf9-b6d80e03cb44:group-3FB51B33855A changes to CANDIDATE, lastRpcTime:5055, electionTimeout:5055ms
2019-09-25 07:30:31,135 [Thread-1535] INFO  impl.RoleInfo (RoleInfo.java:shutdownFollowerState(121)) - e26be840-9830-4763-8bf9-b6d80e03cb44: shutdown FollowerState
2019-09-25 07:30:31,135 [Thread-1535] INFO  impl.RaftServerImpl (RaftServerImpl.java:setRole(174)) - e26be840-9830-4763-8bf9-b6d80e03cb44@group-3FB51B33855A: changes role from  FOLLOWER to CANDIDATE at term 0 for changeToCandidate
2019-09-25 07:30:31,135 [Thread-1538] INFO  impl.FollowerState (FollowerState.java:run(106)) - e26be840-9830-4763-8bf9-b6d80e03cb44:group-FDE717F1C564 changes to CANDIDATE, lastRpcTime:5006, electionTimeout:5006ms
2019-09-25 07:30:31,136 [Thread-1535] INFO  impl.RoleInfo (RoleInfo.java:updateAndGet(143)) - e26be840-9830-4763-8bf9-b6d80e03cb44: start LeaderElection
2019-09-25 07:30:31,136 [Thread-1538] INFO  impl.RoleInfo (RoleInfo.java:shutdownFollowerState(121)) - e26be840-9830-4763-8bf9-b6d80e03cb44: shutdown FollowerState
2019-09-25 07:30:31,136 [Thread-1538] INFO  impl.RaftServerImpl (RaftServerImpl.java:setRole(174)) - e26be840-9830-4763-8bf9-b6d80e03cb44@group-FDE717F1C564: changes role from  FOLLOWER to CANDIDATE at term 0 for changeToCandidate
2019-09-25 07:30:31,136 [Thread-1538] INFO  impl.RoleInfo (RoleInfo.java:updateAndGet(143)) - e26be840-9830-4763-8bf9-b6d80e03cb44: start LeaderElection
2019-09-25 07:30:31,146 [e922a23f-709c-4ffc-b707-fa2ce4e2ab76@group-5C457A4DFC6A-SegmentedRaftLogWorker] INFO  segmented.SegmentedRaftLogWorker (SegmentedRaftLogWorker.java:execute(569)) - e922a23f-709c-4ffc-b707-fa2ce4e2ab76@group-5C457A4DFC6A-SegmentedRaftLogWorker: created new log segment /workdir/hadoop-ozone/ozonefs/target/test-dir/MiniOzoneClusterImpl-d5bff4f9-f30c-4d12-b02b-d1d52f4107cc/datanode-0/data/ratis/057ea7c1-40dd-455b-867d-5c457a4dfc6a/current/log_inprogress_0
2019-09-25 07:30:31,146 [e922a23f-709c-4ffc-b707-fa2ce4e2ab76@group-5F742B38B865-SegmentedRaftLogWorker] INFO  segmented.SegmentedRaftLogWorker (SegmentedRaftLogWorker.java:execute(569)) - e922a23f-709c-4ffc-b707-fa2ce4e2ab76@group-5F742B38B865-SegmentedRaftLogWorker: created new log segment /workdir/hadoop-ozone/ozonefs/target/test-dir/MiniOzoneClusterImpl-d5bff4f9-f30c-4d12-b02b-d1d52f4107cc/datanode-0/data/ratis/58fe8e0f-2c1f-4c96-9ed4-5f742b38b865/current/log_inprogress_0
2019-09-25 07:30:31,146 [e922a23f-709c-4ffc-b707-fa2ce4e2ab76@group-3714BD58780E:LeaderElection95] INFO  impl.LeaderElection (LeaderElection.java:askForVotes(182)) - e922a23f-709c-4ffc-b707-fa2ce4e2ab76@group-3714BD58780E:LeaderElection95: begin an election at term 1 for -1: [e922a23f-709c-4ffc-b707-fa2ce4e2ab76:192.168.151.106:34835], old=null
2019-09-25 07:30:31,146 [e922a23f-709c-4ffc-b707-fa2ce4e2ab76@group-3714BD58780E:LeaderElection95] INFO  impl.RoleInfo (RoleInfo.java:shutdownLeaderElection(134)) - e922a23f-709c-4ffc-b707-fa2ce4e2ab76: shutdown LeaderElection
2019-09-25 07:30:31,146 [e922a23f-709c-4ffc-b707-fa2ce4e2ab76@group-3714BD58780E:LeaderElection95] INFO  impl.RaftServerImpl (RaftServerImpl.java:setRole(174)) - e922a23f-709c-4ffc-b707-fa2ce4e2ab76@group-3714BD58780E: changes role from CANDIDATE to LEADER at term 1 for changeToLeader
2019-09-25 07:30:31,146 [e922a23f-709c-4ffc-b707-fa2ce4e2ab76@group-3714BD58780E:LeaderElection95] INFO  impl.RaftServerImpl (ServerState.java:setLeader(253)) - e922a23f-709c-4ffc-b707-fa2ce4e2ab76@group-3714BD58780E: change Leader from null to e922a23f-709c-4ffc-b707-fa2ce4e2ab76 at term 1 for becomeLeader, leader elected after 5123ms
2019-09-25 07:30:31,146 [e922a23f-709c-4ffc-b707-fa2ce4e2ab76@group-3714BD58780E:LeaderElection95] INFO  server.RaftServerConfigKeys (ConfUtils.java:logGet(43)) - raft.server.staging.catchup.gap = 1000 (default)
2019-09-25 07:30:31,147 [e922a23f-709c-4ffc-b707-fa2ce4e2ab76@group-3714BD58780E:LeaderElection95] INFO  server.RaftServerConfigKeys (ConfUtils.java:logGet(43)) - raft.server.rpc.sleep.time = 25ms (default)
2019-09-25 07:30:31,147 [e922a23f-709c-4ffc-b707-fa2ce4e2ab76@group-3714BD58780E:LeaderElection95] INFO  server.RaftServerConfigKeys (ConfUtils.java:logGet(43)) - raft.server.write.element-limit = 4096 (default)
2019-09-25 07:30:31,147 [e922a23f-709c-4ffc-b707-fa2ce4e2ab76@group-3714BD58780E:LeaderElection95] INFO  server.RaftServerConfigKeys (ConfUtils.java:logGet(43)) - raft.server.watch.timeout = 10s (default)
2019-09-25 07:30:31,147 [e922a23f-709c-4ffc-b707-fa2ce4e2ab76@group-3714BD58780E:LeaderElection95] INFO  server.RaftServerConfigKeys (ConfUtils.java:logGet(43)) - raft.server.watch.timeout.denomination = 1s (default)
2019-09-25 07:30:31,147 [e922a23f-709c-4ffc-b707-fa2ce4e2ab76@group-3714BD58780E:LeaderElection95] INFO  server.RaftServerConfigKeys (ConfUtils.java:logGet(43)) - raft.server.watch.element-limit = 65536 (default)
2019-09-25 07:30:31,149 [e922a23f-709c-4ffc-b707-fa2ce4e2ab76@group-3714BD58780E:LeaderElection95] INFO  impl.RoleInfo (RoleInfo.java:updateAndGet(143)) - e922a23f-709c-4ffc-b707-fa2ce4e2ab76: start LeaderState
2019-09-25 07:30:31,149 [e922a23f-709c-4ffc-b707-fa2ce4e2ab76@group-3714BD58780E:LeaderElection95] INFO  segmented.SegmentedRaftLogWorker (SegmentedRaftLogWorker.java:startLogSegment(380)) - e922a23f-709c-4ffc-b707-fa2ce4e2ab76@group-3714BD58780E-SegmentedRaftLogWorker: Starting segment from index:0
2019-09-25 07:30:31,150 [e922a23f-709c-4ffc-b707-fa2ce4e2ab76@group-3714BD58780E:LeaderElection95] INFO  impl.RaftServerImpl (ServerState.java:setRaftConf(354)) - e922a23f-709c-4ffc-b707-fa2ce4e2ab76@group-3714BD58780E: set configuration 0: [e922a23f-709c-4ffc-b707-fa2ce4e2ab76:192.168.151.106:34835], old=null at 0
2019-09-25 07:30:31,167 [e26be840-9830-4763-8bf9-b6d80e03cb44@group-3FB51B33855A:LeaderElection96] INFO  impl.LeaderElection (LeaderElection.java:askForVotes(182)) - e26be840-9830-4763-8bf9-b6d80e03cb44@group-3FB51B33855A:LeaderElection96: begin an election at term 1 for -1: [e26be840-9830-4763-8bf9-b6d80e03cb44:192.168.151.106:39767], old=null
2019-09-25 07:30:31,167 [e26be840-9830-4763-8bf9-b6d80e03cb44@group-FDE717F1C564:LeaderElection97] INFO  impl.LeaderElection (LeaderElection.java:askForVotes(182)) - e26be840-9830-4763-8bf9-b6d80e03cb44@group-FDE717F1C564:LeaderElection97: begin an election at term 1 for -1: [e26be840-9830-4763-8bf9-b6d80e03cb44:192.168.151.106:39767], old=null
2019-09-25 07:30:31,167 [e26be840-9830-4763-8bf9-b6d80e03cb44@group-3FB51B33855A:LeaderElection96] INFO  impl.RoleInfo (RoleInfo.java:shutdownLeaderElection(134)) - e26be840-9830-4763-8bf9-b6d80e03cb44: shutdown LeaderElection
2019-09-25 07:30:31,167 [e26be840-9830-4763-8bf9-b6d80e03cb44@group-FDE717F1C564:LeaderElection97] INFO  impl.RoleInfo (RoleInfo.java:shutdownLeaderElection(134)) - e26be840-9830-4763-8bf9-b6d80e03cb44: shutdown LeaderElection
2019-09-25 07:30:31,168 [e26be840-9830-4763-8bf9-b6d80e03cb44@group-3FB51B33855A:LeaderElection96] INFO  impl.RaftServerImpl (RaftServerImpl.java:setRole(174)) - e26be840-9830-4763-8bf9-b6d80e03cb44@group-3FB51B33855A: changes role from CANDIDATE to LEADER at term 1 for changeToLeader
2019-09-25 07:30:31,168 [e26be840-9830-4763-8bf9-b6d80e03cb44@group-FDE717F1C564:LeaderElection97] INFO  impl.RaftServerImpl (RaftServerImpl.java:setRole(174)) - e26be840-9830-4763-8bf9-b6d80e03cb44@group-FDE717F1C564: changes role from CANDIDATE to LEADER at term 1 for changeToLeader
2019-09-25 07:30:31,168 [e26be840-9830-4763-8bf9-b6d80e03cb44@group-3FB51B33855A:LeaderElection96] INFO  impl.RaftServerImpl (ServerState.java:setLeader(253)) - e26be840-9830-4763-8bf9-b6d80e03cb44@group-3FB51B33855A: change Leader from null to e26be840-9830-4763-8bf9-b6d80e03cb44 at term 1 for becomeLeader, leader elected after 5094ms
2019-09-25 07:30:31,168 [e26be840-9830-4763-8bf9-b6d80e03cb44@group-FDE717F1C564:LeaderElection97] INFO  impl.RaftServerImpl (ServerState.java:setLeader(253)) - e26be840-9830-4763-8bf9-b6d80e03cb44@group-FDE717F1C564: change Leader from null to e26be840-9830-4763-8bf9-b6d80e03cb44 at term 1 for becomeLeader, leader elected after 5043ms
2019-09-25 07:30:31,168 [e26be840-9830-4763-8bf9-b6d80e03cb44@group-3FB51B33855A:LeaderElection96] INFO  server.RaftServerConfigKeys (ConfUtils.java:logGet(43)) - raft.server.staging.catchup.gap = 1000 (default)
2019-09-25 07:30:31,168 [e26be840-9830-4763-8bf9-b6d80e03cb44@group-FDE717F1C564:LeaderElection97] INFO  server.RaftServerConfigKeys (ConfUtils.java:logGet(43)) - raft.server.staging.catchup.gap = 1000 (default)
2019-09-25 07:30:31,168 [e26be840-9830-4763-8bf9-b6d80e03cb44@group-3FB51B33855A:LeaderElection96] INFO  server.RaftServerConfigKeys (ConfUtils.java:logGet(43)) - raft.server.rpc.sleep.time = 25ms (default)
2019-09-25 07:30:31,169 [e26be840-9830-4763-8bf9-b6d80e03cb44@group-FDE717F1C564:LeaderElection97] INFO  server.RaftServerConfigKeys (ConfUtils.java:logGet(43)) - raft.server.rpc.sleep.time = 25ms (default)
2019-09-25 07:30:31,169 [e26be840-9830-4763-8bf9-b6d80e03cb44@group-3FB51B33855A:LeaderElection96] INFO  server.RaftServerConfigKeys (ConfUtils.java:logGet(43)) - raft.server.write.element-limit = 4096 (default)
2019-09-25 07:30:31,169 [e26be840-9830-4763-8bf9-b6d80e03cb44@group-FDE717F1C564:LeaderElection97] INFO  server.RaftServerConfigKeys (ConfUtils.java:logGet(43)) - raft.server.write.element-limit = 4096 (default)
2019-09-25 07:30:31,169 [e26be840-9830-4763-8bf9-b6d80e03cb44@group-3FB51B33855A:LeaderElection96] INFO  server.RaftServerConfigKeys (ConfUtils.java:logGet(43)) - raft.server.watch.timeout = 10s (default)
2019-09-25 07:30:31,169 [e26be840-9830-4763-8bf9-b6d80e03cb44@group-FDE717F1C564:LeaderElection97] INFO  server.RaftServerConfigKeys (ConfUtils.java:logGet(43)) - raft.server.watch.timeout = 10s (default)
2019-09-25 07:30:31,169 [e26be840-9830-4763-8bf9-b6d80e03cb44@group-3FB51B33855A:LeaderElection96] INFO  server.RaftServerConfigKeys (ConfUtils.java:logGet(43)) - raft.server.watch.timeout.denomination = 1s (default)
2019-09-25 07:30:31,170 [e26be840-9830-4763-8bf9-b6d80e03cb44@group-FDE717F1C564:LeaderElection97] INFO  server.RaftServerConfigKeys (ConfUtils.java:logGet(43)) - raft.server.watch.timeout.denomination = 1s (default)
2019-09-25 07:30:31,170 [e26be840-9830-4763-8bf9-b6d80e03cb44@group-3FB51B33855A:LeaderElection96] INFO  server.RaftServerConfigKeys (ConfUtils.java:logGet(43)) - raft.server.watch.element-limit = 65536 (default)
2019-09-25 07:30:31,170 [e26be840-9830-4763-8bf9-b6d80e03cb44@group-FDE717F1C564:LeaderElection97] INFO  server.RaftServerConfigKeys (ConfUtils.java:logGet(43)) - raft.server.watch.element-limit = 65536 (default)
2019-09-25 07:30:31,172 [e26be840-9830-4763-8bf9-b6d80e03cb44@group-3FB51B33855A:LeaderElection96] INFO  impl.RoleInfo (RoleInfo.java:updateAndGet(143)) - e26be840-9830-4763-8bf9-b6d80e03cb44: start LeaderState
2019-09-25 07:30:31,173 [e26be840-9830-4763-8bf9-b6d80e03cb44@group-3FB51B33855A:LeaderElection96] INFO  segmented.SegmentedRaftLogWorker (SegmentedRaftLogWorker.java:startLogSegment(380)) - e26be840-9830-4763-8bf9-b6d80e03cb44@group-3FB51B33855A-SegmentedRaftLogWorker: Starting segment from index:0
2019-09-25 07:30:31,173 [e26be840-9830-4763-8bf9-b6d80e03cb44@group-FDE717F1C564:LeaderElection97] INFO  impl.RoleInfo (RoleInfo.java:updateAndGet(143)) - e26be840-9830-4763-8bf9-b6d80e03cb44: start LeaderState
2019-09-25 07:30:31,173 [e26be840-9830-4763-8bf9-b6d80e03cb44@group-3FB51B33855A:LeaderElection96] INFO  impl.RaftServerImpl (ServerState.java:setRaftConf(354)) - e26be840-9830-4763-8bf9-b6d80e03cb44@group-3FB51B33855A: set configuration 0: [e26be840-9830-4763-8bf9-b6d80e03cb44:192.168.151.106:39767], old=null at 0
2019-09-25 07:30:31,173 [e26be840-9830-4763-8bf9-b6d80e03cb44@group-FDE717F1C564:LeaderElection97] INFO  segmented.SegmentedRaftLogWorker (SegmentedRaftLogWorker.java:startLogSegment(380)) - e26be840-9830-4763-8bf9-b6d80e03cb44@group-FDE717F1C564-SegmentedRaftLogWorker: Starting segment from index:0
2019-09-25 07:30:31,174 [e26be840-9830-4763-8bf9-b6d80e03cb44@group-FDE717F1C564:LeaderElection97] INFO  impl.RaftServerImpl (ServerState.java:setRaftConf(354)) - e26be840-9830-4763-8bf9-b6d80e03cb44@group-FDE717F1C564: set configuration 0: [e26be840-9830-4763-8bf9-b6d80e03cb44:192.168.151.106:39767], old=null at 0
2019-09-25 07:30:31,208 [e922a23f-709c-4ffc-b707-fa2ce4e2ab76@group-3714BD58780E-SegmentedRaftLogWorker] INFO  segmented.SegmentedRaftLogWorker (SegmentedRaftLogWorker.java:execute(569)) - e922a23f-709c-4ffc-b707-fa2ce4e2ab76@group-3714BD58780E-SegmentedRaftLogWorker: created new log segment /workdir/hadoop-ozone/ozonefs/target/test-dir/MiniOzoneClusterImpl-d5bff4f9-f30c-4d12-b02b-d1d52f4107cc/datanode-0/data/ratis/790ee726-0179-431f-913f-3714bd58780e/current/log_inprogress_0
2019-09-25 07:30:31,224 [e26be840-9830-4763-8bf9-b6d80e03cb44@group-FDE717F1C564-SegmentedRaftLogWorker] INFO  segmented.SegmentedRaftLogWorker (SegmentedRaftLogWorker.java:execute(569)) - e26be840-9830-4763-8bf9-b6d80e03cb44@group-FDE717F1C564-SegmentedRaftLogWorker: created new log segment /workdir/hadoop-ozone/ozonefs/target/test-dir/MiniOzoneClusterImpl-d5bff4f9-f30c-4d12-b02b-d1d52f4107cc/datanode-1/data/ratis/5e1f4e58-20b3-4e19-9292-fde717f1c564/current/log_inprogress_0
2019-09-25 07:30:31,224 [e26be840-9830-4763-8bf9-b6d80e03cb44@group-3FB51B33855A-SegmentedRaftLogWorker] INFO  segmented.SegmentedRaftLogWorker (SegmentedRaftLogWorker.java:execute(569)) - e26be840-9830-4763-8bf9-b6d80e03cb44@group-3FB51B33855A-SegmentedRaftLogWorker: created new log segment /workdir/hadoop-ozone/ozonefs/target/test-dir/MiniOzoneClusterImpl-d5bff4f9-f30c-4d12-b02b-d1d52f4107cc/datanode-1/data/ratis/33e426ea-72a0-4f33-9bca-3fb51b33855a/current/log_inprogress_0
2019-09-25 07:30:31,235 [Thread-1541] INFO  impl.FollowerState (FollowerState.java:run(106)) - e26be840-9830-4763-8bf9-b6d80e03cb44:group-31320C781F43 changes to CANDIDATE, lastRpcTime:5038, electionTimeout:5038ms
2019-09-25 07:30:31,235 [Thread-1541] INFO  impl.RoleInfo (RoleInfo.java:shutdownFollowerState(121)) - e26be840-9830-4763-8bf9-b6d80e03cb44: shutdown FollowerState
2019-09-25 07:30:31,235 [Thread-1541] INFO  impl.RaftServerImpl (RaftServerImpl.java:setRole(174)) - e26be840-9830-4763-8bf9-b6d80e03cb44@group-31320C781F43: changes role from  FOLLOWER to CANDIDATE at term 0 for changeToCandidate
2019-09-25 07:30:31,235 [Thread-1541] INFO  impl.RoleInfo (RoleInfo.java:updateAndGet(143)) - e26be840-9830-4763-8bf9-b6d80e03cb44: start LeaderElection
2019-09-25 07:30:31,264 [e26be840-9830-4763-8bf9-b6d80e03cb44@group-31320C781F43:LeaderElection98] INFO  impl.LeaderElection (LeaderElection.java:askForVotes(182)) - e26be840-9830-4763-8bf9-b6d80e03cb44@group-31320C781F43:LeaderElection98: begin an election at term 1 for -1: [e26be840-9830-4763-8bf9-b6d80e03cb44:192.168.151.106:39767], old=null
2019-09-25 07:30:31,264 [e26be840-9830-4763-8bf9-b6d80e03cb44@group-31320C781F43:LeaderElection98] INFO  impl.RoleInfo (RoleInfo.java:shutdownLeaderElection(134)) - e26be840-9830-4763-8bf9-b6d80e03cb44: shutdown LeaderElection
2019-09-25 07:30:31,265 [e26be840-9830-4763-8bf9-b6d80e03cb44@group-31320C781F43:LeaderElection98] INFO  impl.RaftServerImpl (RaftServerImpl.java:setRole(174)) - e26be840-9830-4763-8bf9-b6d80e03cb44@group-31320C781F43: changes role from CANDIDATE to LEADER at term 1 for changeToLeader
2019-09-25 07:30:31,265 [e26be840-9830-4763-8bf9-b6d80e03cb44@group-31320C781F43:LeaderElection98] INFO  impl.RaftServerImpl (ServerState.java:setLeader(253)) - e26be840-9830-4763-8bf9-b6d80e03cb44@group-31320C781F43: change Leader from null to e26be840-9830-4763-8bf9-b6d80e03cb44 at term 1 for becomeLeader, leader elected after 5073ms
2019-09-25 07:30:31,265 [e26be840-9830-4763-8bf9-b6d80e03cb44@group-31320C781F43:LeaderElection98] INFO  server.RaftServerConfigKeys (ConfUtils.java:logGet(43)) - raft.server.staging.catchup.gap = 1000 (default)
2019-09-25 07:30:31,265 [e26be840-9830-4763-8bf9-b6d80e03cb44@group-31320C781F43:LeaderElection98] INFO  server.RaftServerConfigKeys (ConfUtils.java:logGet(43)) - raft.server.rpc.sleep.time = 25ms (default)
2019-09-25 07:30:31,265 [e26be840-9830-4763-8bf9-b6d80e03cb44@group-31320C781F43:LeaderElection98] INFO  server.RaftServerConfigKeys (ConfUtils.java:logGet(43)) - raft.server.write.element-limit = 4096 (default)
2019-09-25 07:30:31,265 [e26be840-9830-4763-8bf9-b6d80e03cb44@group-31320C781F43:LeaderElection98] INFO  server.RaftServerConfigKeys (ConfUtils.java:logGet(43)) - raft.server.watch.timeout = 10s (default)
2019-09-25 07:30:31,265 [e26be840-9830-4763-8bf9-b6d80e03cb44@group-31320C781F43:LeaderElection98] INFO  server.RaftServerConfigKeys (ConfUtils.java:logGet(43)) - raft.server.watch.timeout.denomination = 1s (default)
2019-09-25 07:30:31,266 [e26be840-9830-4763-8bf9-b6d80e03cb44@group-31320C781F43:LeaderElection98] INFO  server.RaftServerConfigKeys (ConfUtils.java:logGet(43)) - raft.server.watch.element-limit = 65536 (default)
2019-09-25 07:30:31,267 [e26be840-9830-4763-8bf9-b6d80e03cb44@group-31320C781F43:LeaderElection98] INFO  impl.RoleInfo (RoleInfo.java:updateAndGet(143)) - e26be840-9830-4763-8bf9-b6d80e03cb44: start LeaderState
2019-09-25 07:30:31,268 [e26be840-9830-4763-8bf9-b6d80e03cb44@group-31320C781F43:LeaderElection98] INFO  segmented.SegmentedRaftLogWorker (SegmentedRaftLogWorker.java:startLogSegment(380)) - e26be840-9830-4763-8bf9-b6d80e03cb44@group-31320C781F43-SegmentedRaftLogWorker: Starting segment from index:0
2019-09-25 07:30:31,268 [e26be840-9830-4763-8bf9-b6d80e03cb44@group-31320C781F43:LeaderElection98] INFO  impl.RaftServerImpl (ServerState.java:setRaftConf(354)) - e26be840-9830-4763-8bf9-b6d80e03cb44@group-31320C781F43: set configuration 0: [e26be840-9830-4763-8bf9-b6d80e03cb44:192.168.151.106:39767], old=null at 0
2019-09-25 07:30:31,333 [e26be840-9830-4763-8bf9-b6d80e03cb44@group-31320C781F43-SegmentedRaftLogWorker] INFO  segmented.SegmentedRaftLogWorker (SegmentedRaftLogWorker.java:execute(569)) - e26be840-9830-4763-8bf9-b6d80e03cb44@group-31320C781F43-SegmentedRaftLogWorker: created new log segment /workdir/hadoop-ozone/ozonefs/target/test-dir/MiniOzoneClusterImpl-d5bff4f9-f30c-4d12-b02b-d1d52f4107cc/datanode-1/data/ratis/606e3bb4-2048-44eb-ac9a-31320c781f43/current/log_inprogress_0
2019-09-25 07:30:31,338 [Thread-1544] INFO  impl.FollowerState (FollowerState.java:run(106)) - e26be840-9830-4763-8bf9-b6d80e03cb44:group-6F76D403E83A changes to CANDIDATE, lastRpcTime:5074, electionTimeout:5074ms
2019-09-25 07:30:31,339 [Thread-1544] INFO  impl.RoleInfo (RoleInfo.java:shutdownFollowerState(121)) - e26be840-9830-4763-8bf9-b6d80e03cb44: shutdown FollowerState
2019-09-25 07:30:31,339 [Thread-1544] INFO  impl.RaftServerImpl (RaftServerImpl.java:setRole(174)) - e26be840-9830-4763-8bf9-b6d80e03cb44@group-6F76D403E83A: changes role from  FOLLOWER to CANDIDATE at term 0 for changeToCandidate
2019-09-25 07:30:31,339 [Thread-1544] INFO  impl.RoleInfo (RoleInfo.java:updateAndGet(143)) - e26be840-9830-4763-8bf9-b6d80e03cb44: start LeaderElection
2019-09-25 07:30:31,359 [e26be840-9830-4763-8bf9-b6d80e03cb44@group-6F76D403E83A:LeaderElection99] INFO  impl.LeaderElection (LeaderElection.java:askForVotes(182)) - e26be840-9830-4763-8bf9-b6d80e03cb44@group-6F76D403E83A:LeaderElection99: begin an election at term 1 for -1: [e26be840-9830-4763-8bf9-b6d80e03cb44:192.168.151.106:39767], old=null
2019-09-25 07:30:31,359 [e26be840-9830-4763-8bf9-b6d80e03cb44@group-6F76D403E83A:LeaderElection99] INFO  impl.RoleInfo (RoleInfo.java:shutdownLeaderElection(134)) - e26be840-9830-4763-8bf9-b6d80e03cb44: shutdown LeaderElection
2019-09-25 07:30:31,359 [e26be840-9830-4763-8bf9-b6d80e03cb44@group-6F76D403E83A:LeaderElection99] INFO  impl.RaftServerImpl (RaftServerImpl.java:setRole(174)) - e26be840-9830-4763-8bf9-b6d80e03cb44@group-6F76D403E83A: changes role from CANDIDATE to LEADER at term 1 for changeToLeader
2019-09-25 07:30:31,360 [e26be840-9830-4763-8bf9-b6d80e03cb44@group-6F76D403E83A:LeaderElection99] INFO  impl.RaftServerImpl (ServerState.java:setLeader(253)) - e26be840-9830-4763-8bf9-b6d80e03cb44@group-6F76D403E83A: change Leader from null to e26be840-9830-4763-8bf9-b6d80e03cb44 at term 1 for becomeLeader, leader elected after 5100ms
2019-09-25 07:30:31,360 [e26be840-9830-4763-8bf9-b6d80e03cb44@group-6F76D403E83A:LeaderElection99] INFO  server.RaftServerConfigKeys (ConfUtils.java:logGet(43)) - raft.server.staging.catchup.gap = 1000 (default)
2019-09-25 07:30:31,360 [e26be840-9830-4763-8bf9-b6d80e03cb44@group-6F76D403E83A:LeaderElection99] INFO  server.RaftServerConfigKeys (ConfUtils.java:logGet(43)) - raft.server.rpc.sleep.time = 25ms (default)
2019-09-25 07:30:31,360 [e26be840-9830-4763-8bf9-b6d80e03cb44@group-6F76D403E83A:LeaderElection99] INFO  server.RaftServerConfigKeys (ConfUtils.java:logGet(43)) - raft.server.write.element-limit = 4096 (default)
2019-09-25 07:30:31,360 [e26be840-9830-4763-8bf9-b6d80e03cb44@group-6F76D403E83A:LeaderElection99] INFO  server.RaftServerConfigKeys (ConfUtils.java:logGet(43)) - raft.server.watch.timeout = 10s (default)
2019-09-25 07:30:31,360 [e26be840-9830-4763-8bf9-b6d80e03cb44@group-6F76D403E83A:LeaderElection99] INFO  server.RaftServerConfigKeys (ConfUtils.java:logGet(43)) - raft.server.watch.timeout.denomination = 1s (default)
2019-09-25 07:30:31,360 [e26be840-9830-4763-8bf9-b6d80e03cb44@group-6F76D403E83A:LeaderElection99] INFO  server.RaftServerConfigKeys (ConfUtils.java:logGet(43)) - raft.server.watch.element-limit = 65536 (default)
2019-09-25 07:30:31,362 [e26be840-9830-4763-8bf9-b6d80e03cb44@group-6F76D403E83A:LeaderElection99] INFO  impl.RoleInfo (RoleInfo.java:updateAndGet(143)) - e26be840-9830-4763-8bf9-b6d80e03cb44: start LeaderState
2019-09-25 07:30:31,363 [e26be840-9830-4763-8bf9-b6d80e03cb44@group-6F76D403E83A:LeaderElection99] INFO  segmented.SegmentedRaftLogWorker (SegmentedRaftLogWorker.java:startLogSegment(380)) - e26be840-9830-4763-8bf9-b6d80e03cb44@group-6F76D403E83A-SegmentedRaftLogWorker: Starting segment from index:0
2019-09-25 07:30:31,363 [e26be840-9830-4763-8bf9-b6d80e03cb44@group-6F76D403E83A:LeaderElection99] INFO  impl.RaftServerImpl (ServerState.java:setRaftConf(354)) - e26be840-9830-4763-8bf9-b6d80e03cb44@group-6F76D403E83A: set configuration 0: [e26be840-9830-4763-8bf9-b6d80e03cb44:192.168.151.106:39767], old=null at 0
2019-09-25 07:30:31,409 [Thread-1547] INFO  impl.FollowerState (FollowerState.java:run(106)) - 8db113de-7b84-41a1-a116-0df055b189a9:group-644058E483FE changes to CANDIDATE, lastRpcTime:5077, electionTimeout:5077ms
2019-09-25 07:30:31,410 [Thread-1547] INFO  impl.RoleInfo (RoleInfo.java:shutdownFollowerState(121)) - 8db113de-7b84-41a1-a116-0df055b189a9: shutdown FollowerState
2019-09-25 07:30:31,410 [Thread-1547] INFO  impl.RaftServerImpl (RaftServerImpl.java:setRole(174)) - 8db113de-7b84-41a1-a116-0df055b189a9@group-644058E483FE: changes role from  FOLLOWER to CANDIDATE at term 0 for changeToCandidate
2019-09-25 07:30:31,410 [Thread-1547] INFO  impl.RoleInfo (RoleInfo.java:updateAndGet(143)) - 8db113de-7b84-41a1-a116-0df055b189a9: start LeaderElection
2019-09-25 07:30:31,426 [e26be840-9830-4763-8bf9-b6d80e03cb44@group-6F76D403E83A-SegmentedRaftLogWorker] INFO  segmented.SegmentedRaftLogWorker (SegmentedRaftLogWorker.java:execute(569)) - e26be840-9830-4763-8bf9-b6d80e03cb44@group-6F76D403E83A-SegmentedRaftLogWorker: created new log segment /workdir/hadoop-ozone/ozonefs/target/test-dir/MiniOzoneClusterImpl-d5bff4f9-f30c-4d12-b02b-d1d52f4107cc/datanode-1/data/ratis/76761b3a-aa7e-4c11-8afc-6f76d403e83a/current/log_inprogress_0
2019-09-25 07:30:31,426 [8db113de-7b84-41a1-a116-0df055b189a9@group-644058E483FE:LeaderElection100] INFO  impl.LeaderElection (LeaderElection.java:askForVotes(182)) - 8db113de-7b84-41a1-a116-0df055b189a9@group-644058E483FE:LeaderElection100: begin an election at term 1 for -1: [8db113de-7b84-41a1-a116-0df055b189a9:192.168.151.106:39179], old=null
2019-09-25 07:30:31,426 [8db113de-7b84-41a1-a116-0df055b189a9@group-644058E483FE:LeaderElection100] INFO  impl.RoleInfo (RoleInfo.java:shutdownLeaderElection(134)) - 8db113de-7b84-41a1-a116-0df055b189a9: shutdown LeaderElection
2019-09-25 07:30:31,426 [8db113de-7b84-41a1-a116-0df055b189a9@group-644058E483FE:LeaderElection100] INFO  impl.RaftServerImpl (RaftServerImpl.java:setRole(174)) - 8db113de-7b84-41a1-a116-0df055b189a9@group-644058E483FE: changes role from CANDIDATE to LEADER at term 1 for changeToLeader
2019-09-25 07:30:31,426 [8db113de-7b84-41a1-a116-0df055b189a9@group-644058E483FE:LeaderElection100] INFO  impl.RaftServerImpl (ServerState.java:setLeader(253)) - 8db113de-7b84-41a1-a116-0df055b189a9@group-644058E483FE: change Leader from null to 8db113de-7b84-41a1-a116-0df055b189a9 at term 1 for becomeLeader, leader elected after 5099ms
2019-09-25 07:30:31,426 [8db113de-7b84-41a1-a116-0df055b189a9@group-644058E483FE:LeaderElection100] INFO  server.RaftServerConfigKeys (ConfUtils.java:logGet(43)) - raft.server.staging.catchup.gap = 1000 (default)
2019-09-25 07:30:31,426 [8db113de-7b84-41a1-a116-0df055b189a9@group-644058E483FE:LeaderElection100] INFO  server.RaftServerConfigKeys (ConfUtils.java:logGet(43)) - raft.server.rpc.sleep.time = 25ms (default)
2019-09-25 07:30:31,426 [8db113de-7b84-41a1-a116-0df055b189a9@group-644058E483FE:LeaderElection100] INFO  server.RaftServerConfigKeys (ConfUtils.java:logGet(43)) - raft.server.write.element-limit = 4096 (default)
2019-09-25 07:30:31,427 [8db113de-7b84-41a1-a116-0df055b189a9@group-644058E483FE:LeaderElection100] INFO  server.RaftServerConfigKeys (ConfUtils.java:logGet(43)) - raft.server.watch.timeout = 10s (default)
2019-09-25 07:30:31,427 [8db113de-7b84-41a1-a116-0df055b189a9@group-644058E483FE:LeaderElection100] INFO  server.RaftServerConfigKeys (ConfUtils.java:logGet(43)) - raft.server.watch.timeout.denomination = 1s (default)
2019-09-25 07:30:31,427 [8db113de-7b84-41a1-a116-0df055b189a9@group-644058E483FE:LeaderElection100] INFO  server.RaftServerConfigKeys (ConfUtils.java:logGet(43)) - raft.server.watch.element-limit = 65536 (default)
2019-09-25 07:30:31,429 [8db113de-7b84-41a1-a116-0df055b189a9@group-644058E483FE:LeaderElection100] INFO  impl.RoleInfo (RoleInfo.java:updateAndGet(143)) - 8db113de-7b84-41a1-a116-0df055b189a9: start LeaderState
2019-09-25 07:30:31,429 [8db113de-7b84-41a1-a116-0df055b189a9@group-644058E483FE:LeaderElection100] INFO  segmented.SegmentedRaftLogWorker (SegmentedRaftLogWorker.java:startLogSegment(380)) - 8db113de-7b84-41a1-a116-0df055b189a9@group-644058E483FE-SegmentedRaftLogWorker: Starting segment from index:0
2019-09-25 07:30:31,429 [8db113de-7b84-41a1-a116-0df055b189a9@group-644058E483FE:LeaderElection100] INFO  impl.RaftServerImpl (ServerState.java:setRaftConf(354)) - 8db113de-7b84-41a1-a116-0df055b189a9@group-644058E483FE: set configuration 0: [8db113de-7b84-41a1-a116-0df055b189a9:192.168.151.106:39179], old=null at 0
2019-09-25 07:30:31,486 [8db113de-7b84-41a1-a116-0df055b189a9@group-644058E483FE-SegmentedRaftLogWorker] INFO  segmented.SegmentedRaftLogWorker (SegmentedRaftLogWorker.java:execute(569)) - 8db113de-7b84-41a1-a116-0df055b189a9@group-644058E483FE-SegmentedRaftLogWorker: created new log segment /workdir/hadoop-ozone/ozonefs/target/test-dir/MiniOzoneClusterImpl-d5bff4f9-f30c-4d12-b02b-d1d52f4107cc/datanode-2/data/ratis/b67b2e96-d0e3-42ab-b7b5-644058e483fe/current/log_inprogress_0
2019-09-25 07:30:31,583 [Thread-1550] INFO  impl.FollowerState (FollowerState.java:run(106)) - e26be840-9830-4763-8bf9-b6d80e03cb44:group-FC4A10B4AD41 changes to CANDIDATE, lastRpcTime:5175, electionTimeout:5175ms
2019-09-25 07:30:31,584 [Thread-1550] INFO  impl.RoleInfo (RoleInfo.java:shutdownFollowerState(121)) - e26be840-9830-4763-8bf9-b6d80e03cb44: shutdown FollowerState
2019-09-25 07:30:31,584 [Thread-1550] INFO  impl.RaftServerImpl (RaftServerImpl.java:setRole(174)) - e26be840-9830-4763-8bf9-b6d80e03cb44@group-FC4A10B4AD41: changes role from  FOLLOWER to CANDIDATE at term 0 for changeToCandidate
2019-09-25 07:30:31,584 [Thread-1550] INFO  impl.RoleInfo (RoleInfo.java:updateAndGet(143)) - e26be840-9830-4763-8bf9-b6d80e03cb44: start LeaderElection
2019-09-25 07:30:31,613 [Thread-1556] INFO  impl.FollowerState (FollowerState.java:run(106)) - e26be840-9830-4763-8bf9-b6d80e03cb44:group-83821B3D548A changes to CANDIDATE, lastRpcTime:5071, electionTimeout:5071ms
2019-09-25 07:30:31,614 [Thread-1556] INFO  impl.RoleInfo (RoleInfo.java:shutdownFollowerState(121)) - e26be840-9830-4763-8bf9-b6d80e03cb44: shutdown FollowerState
2019-09-25 07:30:31,614 [Thread-1556] INFO  impl.RaftServerImpl (RaftServerImpl.java:setRole(174)) - e26be840-9830-4763-8bf9-b6d80e03cb44@group-83821B3D548A: changes role from  FOLLOWER to CANDIDATE at term 0 for changeToCandidate
2019-09-25 07:30:31,614 [e26be840-9830-4763-8bf9-b6d80e03cb44@group-FC4A10B4AD41:LeaderElection101] INFO  impl.LeaderElection (LeaderElection.java:askForVotes(182)) - e26be840-9830-4763-8bf9-b6d80e03cb44@group-FC4A10B4AD41:LeaderElection101: begin an election at term 1 for -1: [e26be840-9830-4763-8bf9-b6d80e03cb44:192.168.151.106:39767], old=null
2019-09-25 07:30:31,614 [Thread-1556] INFO  impl.RoleInfo (RoleInfo.java:updateAndGet(143)) - e26be840-9830-4763-8bf9-b6d80e03cb44: start LeaderElection
2019-09-25 07:30:31,614 [e26be840-9830-4763-8bf9-b6d80e03cb44@group-FC4A10B4AD41:LeaderElection101] INFO  impl.RoleInfo (RoleInfo.java:shutdownLeaderElection(134)) - e26be840-9830-4763-8bf9-b6d80e03cb44: shutdown LeaderElection
2019-09-25 07:30:31,614 [e26be840-9830-4763-8bf9-b6d80e03cb44@group-FC4A10B4AD41:LeaderElection101] INFO  impl.RaftServerImpl (RaftServerImpl.java:setRole(174)) - e26be840-9830-4763-8bf9-b6d80e03cb44@group-FC4A10B4AD41: changes role from CANDIDATE to LEADER at term 1 for changeToLeader
2019-09-25 07:30:31,614 [e26be840-9830-4763-8bf9-b6d80e03cb44@group-FC4A10B4AD41:LeaderElection101] INFO  impl.RaftServerImpl (ServerState.java:setLeader(253)) - e26be840-9830-4763-8bf9-b6d80e03cb44@group-FC4A10B4AD41: change Leader from null to e26be840-9830-4763-8bf9-b6d80e03cb44 at term 1 for becomeLeader, leader elected after 5212ms
2019-09-25 07:30:31,617 [e26be840-9830-4763-8bf9-b6d80e03cb44@group-FC4A10B4AD41:LeaderElection101] INFO  server.RaftServerConfigKeys (ConfUtils.java:logGet(43)) - raft.server.staging.catchup.gap = 1000 (default)
2019-09-25 07:30:31,617 [e26be840-9830-4763-8bf9-b6d80e03cb44@group-FC4A10B4AD41:LeaderElection101] INFO  server.RaftServerConfigKeys (ConfUtils.java:logGet(43)) - raft.server.rpc.sleep.time = 25ms (default)
2019-09-25 07:30:31,617 [e26be840-9830-4763-8bf9-b6d80e03cb44@group-FC4A10B4AD41:LeaderElection101] INFO  server.RaftServerConfigKeys (ConfUtils.java:logGet(43)) - raft.server.write.element-limit = 4096 (default)
2019-09-25 07:30:31,617 [e26be840-9830-4763-8bf9-b6d80e03cb44@group-FC4A10B4AD41:LeaderElection101] INFO  server.RaftServerConfigKeys (ConfUtils.java:logGet(43)) - raft.server.watch.timeout = 10s (default)
2019-09-25 07:30:31,617 [e26be840-9830-4763-8bf9-b6d80e03cb44@group-FC4A10B4AD41:LeaderElection101] INFO  server.RaftServerConfigKeys (ConfUtils.java:logGet(43)) - raft.server.watch.timeout.denomination = 1s (default)
2019-09-25 07:30:31,618 [e26be840-9830-4763-8bf9-b6d80e03cb44@group-FC4A10B4AD41:LeaderElection101] INFO  server.RaftServerConfigKeys (ConfUtils.java:logGet(43)) - raft.server.watch.element-limit = 65536 (default)
2019-09-25 07:30:31,619 [e26be840-9830-4763-8bf9-b6d80e03cb44@group-FC4A10B4AD41:LeaderElection101] INFO  impl.RoleInfo (RoleInfo.java:updateAndGet(143)) - e26be840-9830-4763-8bf9-b6d80e03cb44: start LeaderState
2019-09-25 07:30:31,620 [e26be840-9830-4763-8bf9-b6d80e03cb44@group-FC4A10B4AD41:LeaderElection101] INFO  segmented.SegmentedRaftLogWorker (SegmentedRaftLogWorker.java:startLogSegment(380)) - e26be840-9830-4763-8bf9-b6d80e03cb44@group-FC4A10B4AD41-SegmentedRaftLogWorker: Starting segment from index:0
2019-09-25 07:30:31,620 [e26be840-9830-4763-8bf9-b6d80e03cb44@group-FC4A10B4AD41:LeaderElection101] INFO  impl.RaftServerImpl (ServerState.java:setRaftConf(354)) - e26be840-9830-4763-8bf9-b6d80e03cb44@group-FC4A10B4AD41: set configuration 0: [e26be840-9830-4763-8bf9-b6d80e03cb44:192.168.151.106:39767], old=null at 0
2019-09-25 07:30:31,624 [Thread-1553] INFO  impl.FollowerState (FollowerState.java:run(106)) - 8db113de-7b84-41a1-a116-0df055b189a9:group-E0967F24C159 changes to CANDIDATE, lastRpcTime:5148, electionTimeout:5148ms
2019-09-25 07:30:31,624 [Thread-1553] INFO  impl.RoleInfo (RoleInfo.java:shutdownFollowerState(121)) - 8db113de-7b84-41a1-a116-0df055b189a9: shutdown FollowerState
2019-09-25 07:30:31,624 [Thread-1553] INFO  impl.RaftServerImpl (RaftServerImpl.java:setRole(174)) - 8db113de-7b84-41a1-a116-0df055b189a9@group-E0967F24C159: changes role from  FOLLOWER to CANDIDATE at term 0 for changeToCandidate
2019-09-25 07:30:31,624 [Thread-1553] INFO  impl.RoleInfo (RoleInfo.java:updateAndGet(143)) - 8db113de-7b84-41a1-a116-0df055b189a9: start LeaderElection
2019-09-25 07:30:31,659 [e26be840-9830-4763-8bf9-b6d80e03cb44@group-83821B3D548A:LeaderElection102] INFO  impl.LeaderElection (LeaderElection.java:askForVotes(182)) - e26be840-9830-4763-8bf9-b6d80e03cb44@group-83821B3D548A:LeaderElection102: begin an election at term 1 for -1: [e26be840-9830-4763-8bf9-b6d80e03cb44:192.168.151.106:39767], old=null
2019-09-25 07:30:31,660 [Thread-1559] INFO  impl.FollowerState (FollowerState.java:run(106)) - 8db113de-7b84-41a1-a116-0df055b189a9:group-4C670677AFC7 changes to CANDIDATE, lastRpcTime:5047, electionTimeout:5023ms
2019-09-25 07:30:31,660 [e26be840-9830-4763-8bf9-b6d80e03cb44@group-83821B3D548A:LeaderElection102] INFO  impl.RoleInfo (RoleInfo.java:shutdownLeaderElection(134)) - e26be840-9830-4763-8bf9-b6d80e03cb44: shutdown LeaderElection
2019-09-25 07:30:31,660 [Thread-1559] INFO  impl.RoleInfo (RoleInfo.java:shutdownFollowerState(121)) - 8db113de-7b84-41a1-a116-0df055b189a9: shutdown FollowerState
2019-09-25 07:30:31,660 [e26be840-9830-4763-8bf9-b6d80e03cb44@group-83821B3D548A:LeaderElection102] INFO  impl.RaftServerImpl (RaftServerImpl.java:setRole(174)) - e26be840-9830-4763-8bf9-b6d80e03cb44@group-83821B3D548A: changes role from CANDIDATE to LEADER at term 1 for changeToLeader
2019-09-25 07:30:31,660 [Thread-1559] INFO  impl.RaftServerImpl (RaftServerImpl.java:setRole(174)) - 8db113de-7b84-41a1-a116-0df055b189a9@group-4C670677AFC7: changes role from  FOLLOWER to CANDIDATE at term 0 for changeToCandidate
2019-09-25 07:30:31,660 [e26be840-9830-4763-8bf9-b6d80e03cb44@group-83821B3D548A:LeaderElection102] INFO  impl.RaftServerImpl (ServerState.java:setLeader(253)) - e26be840-9830-4763-8bf9-b6d80e03cb44@group-83821B3D548A: change Leader from null to e26be840-9830-4763-8bf9-b6d80e03cb44 at term 1 for becomeLeader, leader elected after 5122ms
2019-09-25 07:30:31,660 [Thread-1559] INFO  impl.RoleInfo (RoleInfo.java:updateAndGet(143)) - 8db113de-7b84-41a1-a116-0df055b189a9: start LeaderElection
2019-09-25 07:30:31,660 [e26be840-9830-4763-8bf9-b6d80e03cb44@group-83821B3D548A:LeaderElection102] INFO  server.RaftServerConfigKeys (ConfUtils.java:logGet(43)) - raft.server.staging.catchup.gap = 1000 (default)
2019-09-25 07:30:31,660 [e26be840-9830-4763-8bf9-b6d80e03cb44@group-83821B3D548A:LeaderElection102] INFO  server.RaftServerConfigKeys (ConfUtils.java:logGet(43)) - raft.server.rpc.sleep.time = 25ms (default)
2019-09-25 07:30:31,663 [e26be840-9830-4763-8bf9-b6d80e03cb44@group-83821B3D548A:LeaderElection102] INFO  server.RaftServerConfigKeys (ConfUtils.java:logGet(43)) - raft.server.write.element-limit = 4096 (default)
2019-09-25 07:30:31,663 [e26be840-9830-4763-8bf9-b6d80e03cb44@group-83821B3D548A:LeaderElection102] INFO  server.RaftServerConfigKeys (ConfUtils.java:logGet(43)) - raft.server.watch.timeout = 10s (default)
2019-09-25 07:30:31,663 [e26be840-9830-4763-8bf9-b6d80e03cb44@group-83821B3D548A:LeaderElection102] INFO  server.RaftServerConfigKeys (ConfUtils.java:logGet(43)) - raft.server.watch.timeout.denomination = 1s (default)
2019-09-25 07:30:31,663 [e26be840-9830-4763-8bf9-b6d80e03cb44@group-83821B3D548A:LeaderElection102] INFO  server.RaftServerConfigKeys (ConfUtils.java:logGet(43)) - raft.server.watch.element-limit = 65536 (default)
2019-09-25 07:30:31,665 [e26be840-9830-4763-8bf9-b6d80e03cb44@group-83821B3D548A:LeaderElection102] INFO  impl.RoleInfo (RoleInfo.java:updateAndGet(143)) - e26be840-9830-4763-8bf9-b6d80e03cb44: start LeaderState
2019-09-25 07:30:31,665 [e26be840-9830-4763-8bf9-b6d80e03cb44@group-83821B3D548A:LeaderElection102] INFO  segmented.SegmentedRaftLogWorker (SegmentedRaftLogWorker.java:startLogSegment(380)) - e26be840-9830-4763-8bf9-b6d80e03cb44@group-83821B3D548A-SegmentedRaftLogWorker: Starting segment from index:0
2019-09-25 07:30:31,666 [e26be840-9830-4763-8bf9-b6d80e03cb44@group-83821B3D548A:LeaderElection102] INFO  impl.RaftServerImpl (ServerState.java:setRaftConf(354)) - e26be840-9830-4763-8bf9-b6d80e03cb44@group-83821B3D548A: set configuration 0: [e26be840-9830-4763-8bf9-b6d80e03cb44:192.168.151.106:39767], old=null at 0
2019-09-25 07:30:31,687 [e26be840-9830-4763-8bf9-b6d80e03cb44@group-FC4A10B4AD41-SegmentedRaftLogWorker] INFO  segmented.SegmentedRaftLogWorker (SegmentedRaftLogWorker.java:execute(569)) - e26be840-9830-4763-8bf9-b6d80e03cb44@group-FC4A10B4AD41-SegmentedRaftLogWorker: created new log segment /workdir/hadoop-ozone/ozonefs/target/test-dir/MiniOzoneClusterImpl-d5bff4f9-f30c-4d12-b02b-d1d52f4107cc/datanode-1/data/ratis/3921ac4c-c6d5-49d6-ae96-fc4a10b4ad41/current/log_inprogress_0
2019-09-25 07:30:31,687 [8db113de-7b84-41a1-a116-0df055b189a9@group-E0967F24C159:LeaderElection103] INFO  impl.LeaderElection (LeaderElection.java:askForVotes(182)) - 8db113de-7b84-41a1-a116-0df055b189a9@group-E0967F24C159:LeaderElection103: begin an election at term 1 for -1: [8db113de-7b84-41a1-a116-0df055b189a9:192.168.151.106:39179], old=null
2019-09-25 07:30:31,687 [8db113de-7b84-41a1-a116-0df055b189a9@group-4C670677AFC7:LeaderElection104] INFO  impl.LeaderElection (LeaderElection.java:askForVotes(182)) - 8db113de-7b84-41a1-a116-0df055b189a9@group-4C670677AFC7:LeaderElection104: begin an election at term 1 for -1: [8db113de-7b84-41a1-a116-0df055b189a9:192.168.151.106:39179], old=null
2019-09-25 07:30:31,687 [8db113de-7b84-41a1-a116-0df055b189a9@group-E0967F24C159:LeaderElection103] INFO  impl.RoleInfo (RoleInfo.java:shutdownLeaderElection(134)) - 8db113de-7b84-41a1-a116-0df055b189a9: shutdown LeaderElection
2019-09-25 07:30:31,687 [8db113de-7b84-41a1-a116-0df055b189a9@group-4C670677AFC7:LeaderElection104] INFO  impl.RoleInfo (RoleInfo.java:shutdownLeaderElection(134)) - 8db113de-7b84-41a1-a116-0df055b189a9: shutdown LeaderElection
2019-09-25 07:30:31,687 [8db113de-7b84-41a1-a116-0df055b189a9@group-E0967F24C159:LeaderElection103] INFO  impl.RaftServerImpl (RaftServerImpl.java:setRole(174)) - 8db113de-7b84-41a1-a116-0df055b189a9@group-E0967F24C159: changes role from CANDIDATE to LEADER at term 1 for changeToLeader
2019-09-25 07:30:31,687 [8db113de-7b84-41a1-a116-0df055b189a9@group-4C670677AFC7:LeaderElection104] INFO  impl.RaftServerImpl (RaftServerImpl.java:setRole(174)) - 8db113de-7b84-41a1-a116-0df055b189a9@group-4C670677AFC7: changes role from CANDIDATE to LEADER at term 1 for changeToLeader
2019-09-25 07:30:31,688 [8db113de-7b84-41a1-a116-0df055b189a9@group-E0967F24C159:LeaderElection103] INFO  impl.RaftServerImpl (ServerState.java:setLeader(253)) - 8db113de-7b84-41a1-a116-0df055b189a9@group-E0967F24C159: change Leader from null to 8db113de-7b84-41a1-a116-0df055b189a9 at term 1 for becomeLeader, leader elected after 5217ms
2019-09-25 07:30:31,688 [8db113de-7b84-41a1-a116-0df055b189a9@group-4C670677AFC7:LeaderElection104] INFO  impl.RaftServerImpl (ServerState.java:setLeader(253)) - 8db113de-7b84-41a1-a116-0df055b189a9@group-4C670677AFC7: change Leader from null to 8db113de-7b84-41a1-a116-0df055b189a9 at term 1 for becomeLeader, leader elected after 5081ms
2019-09-25 07:30:31,688 [8db113de-7b84-41a1-a116-0df055b189a9@group-E0967F24C159:LeaderElection103] INFO  server.RaftServerConfigKeys (ConfUtils.java:logGet(43)) - raft.server.staging.catchup.gap = 1000 (default)
2019-09-25 07:30:31,688 [8db113de-7b84-41a1-a116-0df055b189a9@group-4C670677AFC7:LeaderElection104] INFO  server.RaftServerConfigKeys (ConfUtils.java:logGet(43)) - raft.server.staging.catchup.gap = 1000 (default)
2019-09-25 07:30:31,688 [8db113de-7b84-41a1-a116-0df055b189a9@group-E0967F24C159:LeaderElection103] INFO  server.RaftServerConfigKeys (ConfUtils.java:logGet(43)) - raft.server.rpc.sleep.time = 25ms (default)
2019-09-25 07:30:31,688 [8db113de-7b84-41a1-a116-0df055b189a9@group-4C670677AFC7:LeaderElection104] INFO  server.RaftServerConfigKeys (ConfUtils.java:logGet(43)) - raft.server.rpc.sleep.time = 25ms (default)
2019-09-25 07:30:31,688 [8db113de-7b84-41a1-a116-0df055b189a9@group-E0967F24C159:LeaderElection103] INFO  server.RaftServerConfigKeys (ConfUtils.java:logGet(43)) - raft.server.write.element-limit = 4096 (default)
2019-09-25 07:30:31,689 [8db113de-7b84-41a1-a116-0df055b189a9@group-4C670677AFC7:LeaderElection104] INFO  server.RaftServerConfigKeys (ConfUtils.java:logGet(43)) - raft.server.write.element-limit = 4096 (default)
2019-09-25 07:30:31,689 [8db113de-7b84-41a1-a116-0df055b189a9@group-E0967F24C159:LeaderElection103] INFO  server.RaftServerConfigKeys (ConfUtils.java:logGet(43)) - raft.server.watch.timeout = 10s (default)
2019-09-25 07:30:31,689 [8db113de-7b84-41a1-a116-0df055b189a9@group-4C670677AFC7:LeaderElection104] INFO  server.RaftServerConfigKeys (ConfUtils.java:logGet(43)) - raft.server.watch.timeout = 10s (default)
2019-09-25 07:30:31,689 [8db113de-7b84-41a1-a116-0df055b189a9@group-E0967F24C159:LeaderElection103] INFO  server.RaftServerConfigKeys (ConfUtils.java:logGet(43)) - raft.server.watch.timeout.denomination = 1s (default)
2019-09-25 07:30:31,689 [8db113de-7b84-41a1-a116-0df055b189a9@group-4C670677AFC7:LeaderElection104] INFO  server.RaftServerConfigKeys (ConfUtils.java:logGet(43)) - raft.server.watch.timeout.denomination = 1s (default)
2019-09-25 07:30:31,689 [8db113de-7b84-41a1-a116-0df055b189a9@group-E0967F24C159:LeaderElection103] INFO  server.RaftServerConfigKeys (ConfUtils.java:logGet(43)) - raft.server.watch.element-limit = 65536 (default)
2019-09-25 07:30:31,689 [8db113de-7b84-41a1-a116-0df055b189a9@group-4C670677AFC7:LeaderElection104] INFO  server.RaftServerConfigKeys (ConfUtils.java:logGet(43)) - raft.server.watch.element-limit = 65536 (default)
2019-09-25 07:30:31,692 [8db113de-7b84-41a1-a116-0df055b189a9@group-E0967F24C159:LeaderElection103] INFO  impl.RoleInfo (RoleInfo.java:updateAndGet(143)) - 8db113de-7b84-41a1-a116-0df055b189a9: start LeaderState
2019-09-25 07:30:31,692 [8db113de-7b84-41a1-a116-0df055b189a9@group-E0967F24C159:LeaderElection103] INFO  segmented.SegmentedRaftLogWorker (SegmentedRaftLogWorker.java:startLogSegment(380)) - 8db113de-7b84-41a1-a116-0df055b189a9@group-E0967F24C159-SegmentedRaftLogWorker: Starting segment from index:0
2019-09-25 07:30:31,693 [8db113de-7b84-41a1-a116-0df055b189a9@group-4C670677AFC7:LeaderElection104] INFO  impl.RoleInfo (RoleInfo.java:updateAndGet(143)) - 8db113de-7b84-41a1-a116-0df055b189a9: start LeaderState
2019-09-25 07:30:31,693 [8db113de-7b84-41a1-a116-0df055b189a9@group-E0967F24C159:LeaderElection103] INFO  impl.RaftServerImpl (ServerState.java:setRaftConf(354)) - 8db113de-7b84-41a1-a116-0df055b189a9@group-E0967F24C159: set configuration 0: [8db113de-7b84-41a1-a116-0df055b189a9:192.168.151.106:39179], old=null at 0
2019-09-25 07:30:31,693 [8db113de-7b84-41a1-a116-0df055b189a9@group-4C670677AFC7:LeaderElection104] INFO  segmented.SegmentedRaftLogWorker (SegmentedRaftLogWorker.java:startLogSegment(380)) - 8db113de-7b84-41a1-a116-0df055b189a9@group-4C670677AFC7-SegmentedRaftLogWorker: Starting segment from index:0
2019-09-25 07:30:31,694 [8db113de-7b84-41a1-a116-0df055b189a9@group-4C670677AFC7:LeaderElection104] INFO  impl.RaftServerImpl (ServerState.java:setRaftConf(354)) - 8db113de-7b84-41a1-a116-0df055b189a9@group-4C670677AFC7: set configuration 0: [8db113de-7b84-41a1-a116-0df055b189a9:192.168.151.106:39179], old=null at 0
2019-09-25 07:30:31,729 [e26be840-9830-4763-8bf9-b6d80e03cb44@group-83821B3D548A-SegmentedRaftLogWorker] INFO  segmented.SegmentedRaftLogWorker (SegmentedRaftLogWorker.java:execute(569)) - e26be840-9830-4763-8bf9-b6d80e03cb44@group-83821B3D548A-SegmentedRaftLogWorker: created new log segment /workdir/hadoop-ozone/ozonefs/target/test-dir/MiniOzoneClusterImpl-d5bff4f9-f30c-4d12-b02b-d1d52f4107cc/datanode-1/data/ratis/da0aa048-c172-477c-8c13-83821b3d548a/current/log_inprogress_0
2019-09-25 07:30:31,743 [8db113de-7b84-41a1-a116-0df055b189a9@group-4C670677AFC7-SegmentedRaftLogWorker] INFO  segmented.SegmentedRaftLogWorker (SegmentedRaftLogWorker.java:execute(569)) - 8db113de-7b84-41a1-a116-0df055b189a9@group-4C670677AFC7-SegmentedRaftLogWorker: created new log segment /workdir/hadoop-ozone/ozonefs/target/test-dir/MiniOzoneClusterImpl-d5bff4f9-f30c-4d12-b02b-d1d52f4107cc/datanode-2/data/ratis/fecbdaa0-a9b3-497e-8bc8-4c670677afc7/current/log_inprogress_0
2019-09-25 07:30:31,743 [8db113de-7b84-41a1-a116-0df055b189a9@group-E0967F24C159-SegmentedRaftLogWorker] INFO  segmented.SegmentedRaftLogWorker (SegmentedRaftLogWorker.java:execute(569)) - 8db113de-7b84-41a1-a116-0df055b189a9@group-E0967F24C159-SegmentedRaftLogWorker: created new log segment /workdir/hadoop-ozone/ozonefs/target/test-dir/MiniOzoneClusterImpl-d5bff4f9-f30c-4d12-b02b-d1d52f4107cc/datanode-2/data/ratis/d11f2849-844c-420f-a60a-e0967f24c159/current/log_inprogress_0
2019-09-25 07:30:31,756 [Thread-1562] INFO  impl.FollowerState (FollowerState.java:run(106)) - 8db113de-7b84-41a1-a116-0df055b189a9:group-9EFCB33374AB changes to CANDIDATE, lastRpcTime:5076, electionTimeout:5076ms
2019-09-25 07:30:31,756 [Thread-1562] INFO  impl.RoleInfo (RoleInfo.java:shutdownFollowerState(121)) - 8db113de-7b84-41a1-a116-0df055b189a9: shutdown FollowerState
2019-09-25 07:30:31,756 [Thread-1562] INFO  impl.RaftServerImpl (RaftServerImpl.java:setRole(174)) - 8db113de-7b84-41a1-a116-0df055b189a9@group-9EFCB33374AB: changes role from  FOLLOWER to CANDIDATE at term 0 for changeToCandidate
2019-09-25 07:30:31,756 [Thread-1562] INFO  impl.RoleInfo (RoleInfo.java:updateAndGet(143)) - 8db113de-7b84-41a1-a116-0df055b189a9: start LeaderElection
2019-09-25 07:30:31,782 [8db113de-7b84-41a1-a116-0df055b189a9@group-9EFCB33374AB:LeaderElection105] INFO  impl.LeaderElection (LeaderElection.java:askForVotes(182)) - 8db113de-7b84-41a1-a116-0df055b189a9@group-9EFCB33374AB:LeaderElection105: begin an election at term 1 for -1: [8db113de-7b84-41a1-a116-0df055b189a9:192.168.151.106:39179], old=null
2019-09-25 07:30:31,782 [8db113de-7b84-41a1-a116-0df055b189a9@group-9EFCB33374AB:LeaderElection105] INFO  impl.RoleInfo (RoleInfo.java:shutdownLeaderElection(134)) - 8db113de-7b84-41a1-a116-0df055b189a9: shutdown LeaderElection
2019-09-25 07:30:31,782 [8db113de-7b84-41a1-a116-0df055b189a9@group-9EFCB33374AB:LeaderElection105] INFO  impl.RaftServerImpl (RaftServerImpl.java:setRole(174)) - 8db113de-7b84-41a1-a116-0df055b189a9@group-9EFCB33374AB: changes role from CANDIDATE to LEADER at term 1 for changeToLeader
2019-09-25 07:30:31,783 [8db113de-7b84-41a1-a116-0df055b189a9@group-9EFCB33374AB:LeaderElection105] INFO  impl.RaftServerImpl (ServerState.java:setLeader(253)) - 8db113de-7b84-41a1-a116-0df055b189a9@group-9EFCB33374AB: change Leader from null to 8db113de-7b84-41a1-a116-0df055b189a9 at term 1 for becomeLeader, leader elected after 5109ms
2019-09-25 07:30:31,783 [8db113de-7b84-41a1-a116-0df055b189a9@group-9EFCB33374AB:LeaderElection105] INFO  server.RaftServerConfigKeys (ConfUtils.java:logGet(43)) - raft.server.staging.catchup.gap = 1000 (default)
2019-09-25 07:30:31,783 [8db113de-7b84-41a1-a116-0df055b189a9@group-9EFCB33374AB:LeaderElection105] INFO  server.RaftServerConfigKeys (ConfUtils.java:logGet(43)) - raft.server.rpc.sleep.time = 25ms (default)
2019-09-25 07:30:31,783 [8db113de-7b84-41a1-a116-0df055b189a9@group-9EFCB33374AB:LeaderElection105] INFO  server.RaftServerConfigKeys (ConfUtils.java:logGet(43)) - raft.server.write.element-limit = 4096 (default)
2019-09-25 07:30:31,783 [8db113de-7b84-41a1-a116-0df055b189a9@group-9EFCB33374AB:LeaderElection105] INFO  server.RaftServerConfigKeys (ConfUtils.java:logGet(43)) - raft.server.watch.timeout = 10s (default)
2019-09-25 07:30:31,783 [8db113de-7b84-41a1-a116-0df055b189a9@group-9EFCB33374AB:LeaderElection105] INFO  server.RaftServerConfigKeys (ConfUtils.java:logGet(43)) - raft.server.watch.timeout.denomination = 1s (default)
2019-09-25 07:30:31,783 [8db113de-7b84-41a1-a116-0df055b189a9@group-9EFCB33374AB:LeaderElection105] INFO  server.RaftServerConfigKeys (ConfUtils.java:logGet(43)) - raft.server.watch.element-limit = 65536 (default)
2019-09-25 07:30:31,785 [8db113de-7b84-41a1-a116-0df055b189a9@group-9EFCB33374AB:LeaderElection105] INFO  impl.RoleInfo (RoleInfo.java:updateAndGet(143)) - 8db113de-7b84-41a1-a116-0df055b189a9: start LeaderState
2019-09-25 07:30:31,785 [8db113de-7b84-41a1-a116-0df055b189a9@group-9EFCB33374AB:LeaderElection105] INFO  segmented.SegmentedRaftLogWorker (SegmentedRaftLogWorker.java:startLogSegment(380)) - 8db113de-7b84-41a1-a116-0df055b189a9@group-9EFCB33374AB-SegmentedRaftLogWorker: Starting segment from index:0
2019-09-25 07:30:31,786 [8db113de-7b84-41a1-a116-0df055b189a9@group-9EFCB33374AB:LeaderElection105] INFO  impl.RaftServerImpl (ServerState.java:setRaftConf(354)) - 8db113de-7b84-41a1-a116-0df055b189a9@group-9EFCB33374AB: set configuration 0: [8db113de-7b84-41a1-a116-0df055b189a9:192.168.151.106:39179], old=null at 0
2019-09-25 07:30:31,817 [Thread-1340] INFO  ozoneimpl.OzoneContainer (OzoneContainer.java:stop(231)) - Attempting to stop container services.
2019-09-25 07:30:31,818 [ForkJoinPool.commonPool-worker-1] INFO  ozoneimpl.OzoneContainer (OzoneContainer.java:stop(231)) - Attempting to stop container services.
2019-09-25 07:30:31,818 [Thread-1340] INFO  impl.RaftServerProxy (RaftServerProxy.java:lambda$close$4(314)) - e26be840-9830-4763-8bf9-b6d80e03cb44: close
2019-09-25 07:30:31,818 [ForkJoinPool.commonPool-worker-1] INFO  impl.RaftServerProxy (RaftServerProxy.java:lambda$close$4(314)) - e922a23f-709c-4ffc-b707-fa2ce4e2ab76: close
2019-09-25 07:30:31,819 [Thread-1340] INFO  impl.RaftServerImpl (RaftServerImpl.java:lambda$shutdown$3(251)) - e26be840-9830-4763-8bf9-b6d80e03cb44@group-FC4A10B4AD41: shutdown
2019-09-25 07:30:31,819 [ForkJoinPool.commonPool-worker-1] INFO  impl.RaftServerImpl (RaftServerImpl.java:lambda$shutdown$3(251)) - e922a23f-709c-4ffc-b707-fa2ce4e2ab76@group-CB639ADC9E42: shutdown
2019-09-25 07:30:31,819 [Thread-1340] INFO  util.JmxRegister (JmxRegister.java:unregister(73)) - Successfully un-registered JMX Bean with object name Ratis:service=RaftServer,group=group-FC4A10B4AD41,id=e26be840-9830-4763-8bf9-b6d80e03cb44
2019-09-25 07:30:31,820 [ForkJoinPool.commonPool-worker-1] INFO  util.JmxRegister (JmxRegister.java:unregister(73)) - Successfully un-registered JMX Bean with object name Ratis:service=RaftServer,group=group-CB639ADC9E42,id=e922a23f-709c-4ffc-b707-fa2ce4e2ab76
2019-09-25 07:30:31,820 [Thread-1340] INFO  impl.RoleInfo (RoleInfo.java:shutdownLeaderState(104)) - e26be840-9830-4763-8bf9-b6d80e03cb44: shutdown LeaderState
2019-09-25 07:30:31,820 [ForkJoinPool.commonPool-worker-1] INFO  impl.RoleInfo (RoleInfo.java:shutdownLeaderState(104)) - e922a23f-709c-4ffc-b707-fa2ce4e2ab76: shutdown LeaderState
2019-09-25 07:30:31,821 [Thread-1340] INFO  impl.PendingRequests (PendingRequests.java:sendNotLeaderResponses(202)) - e26be840-9830-4763-8bf9-b6d80e03cb44-PendingRequests: sendNotLeaderResponses
2019-09-25 07:30:31,821 [ForkJoinPool.commonPool-worker-1] INFO  impl.PendingRequests (PendingRequests.java:sendNotLeaderResponses(202)) - e922a23f-709c-4ffc-b707-fa2ce4e2ab76-PendingRequests: sendNotLeaderResponses
2019-09-25 07:30:31,822 [Thread-1340] INFO  impl.StateMachineUpdater (StateMachineUpdater.java:stopAndJoin(125)) - e26be840-9830-4763-8bf9-b6d80e03cb44@group-FC4A10B4AD41-StateMachineUpdater: set stopIndex = 0
2019-09-25 07:30:31,822 [ForkJoinPool.commonPool-worker-1] INFO  impl.StateMachineUpdater (StateMachineUpdater.java:stopAndJoin(125)) - e922a23f-709c-4ffc-b707-fa2ce4e2ab76@group-CB639ADC9E42-StateMachineUpdater: set stopIndex = 0
2019-09-25 07:30:31,823 [ForkJoinPool.commonPool-worker-1] INFO  impl.RaftServerImpl (ServerState.java:close(385)) - e922a23f-709c-4ffc-b707-fa2ce4e2ab76@group-CB639ADC9E42: closes. applyIndex: 0
2019-09-25 07:30:31,823 [Thread-1340] INFO  impl.RaftServerImpl (ServerState.java:close(385)) - e26be840-9830-4763-8bf9-b6d80e03cb44@group-FC4A10B4AD41: closes. applyIndex: 0
2019-09-25 07:30:31,823 [e922a23f-709c-4ffc-b707-fa2ce4e2ab76@group-CB639ADC9E42-SegmentedRaftLogWorker] INFO  segmented.SegmentedRaftLogWorker (SegmentedRaftLogWorker.java:run(313)) - e922a23f-709c-4ffc-b707-fa2ce4e2ab76@group-CB639ADC9E42-SegmentedRaftLogWorker was interrupted, exiting. There are 0 tasks remaining in the queue.
2019-09-25 07:30:31,824 [e26be840-9830-4763-8bf9-b6d80e03cb44@group-FC4A10B4AD41-SegmentedRaftLogWorker] INFO  segmented.SegmentedRaftLogWorker (SegmentedRaftLogWorker.java:run(313)) - e26be840-9830-4763-8bf9-b6d80e03cb44@group-FC4A10B4AD41-SegmentedRaftLogWorker was interrupted, exiting. There are 0 tasks remaining in the queue.
2019-09-25 07:30:31,824 [ForkJoinPool.commonPool-worker-1] INFO  segmented.SegmentedRaftLogWorker (SegmentedRaftLogWorker.java:close(228)) - e922a23f-709c-4ffc-b707-fa2ce4e2ab76@group-CB639ADC9E42-SegmentedRaftLogWorker close()
2019-09-25 07:30:31,824 [Thread-1340] INFO  segmented.SegmentedRaftLogWorker (SegmentedRaftLogWorker.java:close(228)) - e26be840-9830-4763-8bf9-b6d80e03cb44@group-FC4A10B4AD41-SegmentedRaftLogWorker close()
2019-09-25 07:30:31,830 [ForkJoinPool.commonPool-worker-1] INFO  impl.RaftServerImpl (RaftServerImpl.java:lambda$shutdown$3(251)) - e922a23f-709c-4ffc-b707-fa2ce4e2ab76@group-EC8A7356A9E3: shutdown
2019-09-25 07:30:31,832 [Thread-1340] INFO  impl.RaftServerImpl (RaftServerImpl.java:lambda$shutdown$3(251)) - e26be840-9830-4763-8bf9-b6d80e03cb44@group-6F76D403E83A: shutdown
2019-09-25 07:30:31,832 [ForkJoinPool.commonPool-worker-1] INFO  util.JmxRegister (JmxRegister.java:unregister(73)) - Successfully un-registered JMX Bean with object name Ratis:service=RaftServer,group=group-EC8A7356A9E3,id=e922a23f-709c-4ffc-b707-fa2ce4e2ab76
2019-09-25 07:30:31,832 [Thread-1340] INFO  util.JmxRegister (JmxRegister.java:unregister(73)) - Successfully un-registered JMX Bean with object name Ratis:service=RaftServer,group=group-6F76D403E83A,id=e26be840-9830-4763-8bf9-b6d80e03cb44
2019-09-25 07:30:31,833 [ForkJoinPool.commonPool-worker-1] INFO  impl.RoleInfo (RoleInfo.java:shutdownLeaderState(104)) - e922a23f-709c-4ffc-b707-fa2ce4e2ab76: shutdown LeaderState
2019-09-25 07:30:31,833 [Thread-1340] INFO  impl.RoleInfo (RoleInfo.java:shutdownLeaderState(104)) - e26be840-9830-4763-8bf9-b6d80e03cb44: shutdown LeaderState
2019-09-25 07:30:31,833 [ForkJoinPool.commonPool-worker-1] INFO  impl.PendingRequests (PendingRequests.java:sendNotLeaderResponses(202)) - e922a23f-709c-4ffc-b707-fa2ce4e2ab76-PendingRequests: sendNotLeaderResponses
2019-09-25 07:30:31,834 [Thread-1340] INFO  impl.PendingRequests (PendingRequests.java:sendNotLeaderResponses(202)) - e26be840-9830-4763-8bf9-b6d80e03cb44-PendingRequests: sendNotLeaderResponses
2019-09-25 07:30:31,834 [ForkJoinPool.commonPool-worker-1] INFO  impl.StateMachineUpdater (StateMachineUpdater.java:stopAndJoin(125)) - e922a23f-709c-4ffc-b707-fa2ce4e2ab76@group-EC8A7356A9E3-StateMachineUpdater: set stopIndex = 0
2019-09-25 07:30:31,834 [Thread-1340] INFO  impl.StateMachineUpdater (StateMachineUpdater.java:stopAndJoin(125)) - e26be840-9830-4763-8bf9-b6d80e03cb44@group-6F76D403E83A-StateMachineUpdater: set stopIndex = 0
2019-09-25 07:30:31,835 [Thread-1340] INFO  impl.RaftServerImpl (ServerState.java:close(385)) - e26be840-9830-4763-8bf9-b6d80e03cb44@group-6F76D403E83A: closes. applyIndex: 0
2019-09-25 07:30:31,834 [ForkJoinPool.commonPool-worker-1] INFO  impl.RaftServerImpl (ServerState.java:close(385)) - e922a23f-709c-4ffc-b707-fa2ce4e2ab76@group-EC8A7356A9E3: closes. applyIndex: 0
2019-09-25 07:30:31,835 [e26be840-9830-4763-8bf9-b6d80e03cb44@group-6F76D403E83A-SegmentedRaftLogWorker] INFO  segmented.SegmentedRaftLogWorker (SegmentedRaftLogWorker.java:run(313)) - e26be840-9830-4763-8bf9-b6d80e03cb44@group-6F76D403E83A-SegmentedRaftLogWorker was interrupted, exiting. There are 0 tasks remaining in the queue.
2019-09-25 07:30:31,835 [e922a23f-709c-4ffc-b707-fa2ce4e2ab76@group-EC8A7356A9E3-SegmentedRaftLogWorker] INFO  segmented.SegmentedRaftLogWorker (SegmentedRaftLogWorker.java:run(313)) - e922a23f-709c-4ffc-b707-fa2ce4e2ab76@group-EC8A7356A9E3-SegmentedRaftLogWorker was interrupted, exiting. There are 0 tasks remaining in the queue.
2019-09-25 07:30:31,836 [Thread-1340] INFO  segmented.SegmentedRaftLogWorker (SegmentedRaftLogWorker.java:close(228)) - e26be840-9830-4763-8bf9-b6d80e03cb44@group-6F76D403E83A-SegmentedRaftLogWorker close()
2019-09-25 07:30:31,836 [ForkJoinPool.commonPool-worker-1] INFO  segmented.SegmentedRaftLogWorker (SegmentedRaftLogWorker.java:close(228)) - e922a23f-709c-4ffc-b707-fa2ce4e2ab76@group-EC8A7356A9E3-SegmentedRaftLogWorker close()
2019-09-25 07:30:31,837 [Thread-1340] INFO  impl.RaftServerImpl (RaftServerImpl.java:lambda$shutdown$3(251)) - e26be840-9830-4763-8bf9-b6d80e03cb44@group-31320C781F43: shutdown
2019-09-25 07:30:31,839 [ForkJoinPool.commonPool-worker-1] INFO  impl.RaftServerImpl (RaftServerImpl.java:lambda$shutdown$3(251)) - e922a23f-709c-4ffc-b707-fa2ce4e2ab76@group-5F742B38B865: shutdown
2019-09-25 07:30:31,839 [Thread-1340] INFO  util.JmxRegister (JmxRegister.java:unregister(73)) - Successfully un-registered JMX Bean with object name Ratis:service=RaftServer,group=group-31320C781F43,id=e26be840-9830-4763-8bf9-b6d80e03cb44
2019-09-25 07:30:31,840 [ForkJoinPool.commonPool-worker-1] INFO  util.JmxRegister (JmxRegister.java:unregister(73)) - Successfully un-registered JMX Bean with object name Ratis:service=RaftServer,group=group-5F742B38B865,id=e922a23f-709c-4ffc-b707-fa2ce4e2ab76
2019-09-25 07:30:31,840 [Thread-1340] INFO  impl.RoleInfo (RoleInfo.java:shutdownLeaderState(104)) - e26be840-9830-4763-8bf9-b6d80e03cb44: shutdown LeaderState
2019-09-25 07:30:31,840 [ForkJoinPool.commonPool-worker-1] INFO  impl.RoleInfo (RoleInfo.java:shutdownLeaderState(104)) - e922a23f-709c-4ffc-b707-fa2ce4e2ab76: shutdown LeaderState
2019-09-25 07:30:31,841 [Thread-1340] INFO  impl.PendingRequests (PendingRequests.java:sendNotLeaderResponses(202)) - e26be840-9830-4763-8bf9-b6d80e03cb44-PendingRequests: sendNotLeaderResponses
2019-09-25 07:30:31,841 [ForkJoinPool.commonPool-worker-1] INFO  impl.PendingRequests (PendingRequests.java:sendNotLeaderResponses(202)) - e922a23f-709c-4ffc-b707-fa2ce4e2ab76-PendingRequests: sendNotLeaderResponses
2019-09-25 07:30:31,841 [Thread-1340] INFO  impl.StateMachineUpdater (StateMachineUpdater.java:stopAndJoin(125)) - e26be840-9830-4763-8bf9-b6d80e03cb44@group-31320C781F43-StateMachineUpdater: set stopIndex = 0
2019-09-25 07:30:31,841 [ForkJoinPool.commonPool-worker-1] INFO  impl.StateMachineUpdater (StateMachineUpdater.java:stopAndJoin(125)) - e922a23f-709c-4ffc-b707-fa2ce4e2ab76@group-5F742B38B865-StateMachineUpdater: set stopIndex = 0
2019-09-25 07:30:31,842 [ForkJoinPool.commonPool-worker-1] INFO  impl.RaftServerImpl (ServerState.java:close(385)) - e922a23f-709c-4ffc-b707-fa2ce4e2ab76@group-5F742B38B865: closes. applyIndex: 0
2019-09-25 07:30:31,842 [Thread-1340] INFO  impl.RaftServerImpl (ServerState.java:close(385)) - e26be840-9830-4763-8bf9-b6d80e03cb44@group-31320C781F43: closes. applyIndex: 0
2019-09-25 07:30:31,842 [e922a23f-709c-4ffc-b707-fa2ce4e2ab76@group-5F742B38B865-SegmentedRaftLogWorker] INFO  segmented.SegmentedRaftLogWorker (SegmentedRaftLogWorker.java:run(313)) - e922a23f-709c-4ffc-b707-fa2ce4e2ab76@group-5F742B38B865-SegmentedRaftLogWorker was interrupted, exiting. There are 0 tasks remaining in the queue.
2019-09-25 07:30:31,842 [e26be840-9830-4763-8bf9-b6d80e03cb44@group-31320C781F43-SegmentedRaftLogWorker] INFO  segmented.SegmentedRaftLogWorker (SegmentedRaftLogWorker.java:run(313)) - e26be840-9830-4763-8bf9-b6d80e03cb44@group-31320C781F43-SegmentedRaftLogWorker was interrupted, exiting. There are 0 tasks remaining in the queue.
2019-09-25 07:30:31,852 [Thread-1340] INFO  segmented.SegmentedRaftLogWorker (SegmentedRaftLogWorker.java:close(228)) - e26be840-9830-4763-8bf9-b6d80e03cb44@group-31320C781F43-SegmentedRaftLogWorker close()
2019-09-25 07:30:31,852 [ForkJoinPool.commonPool-worker-1] INFO  segmented.SegmentedRaftLogWorker (SegmentedRaftLogWorker.java:close(228)) - e922a23f-709c-4ffc-b707-fa2ce4e2ab76@group-5F742B38B865-SegmentedRaftLogWorker close()
2019-09-25 07:30:31,854 [Thread-1340] INFO  impl.RaftServerImpl (RaftServerImpl.java:lambda$shutdown$3(251)) - e26be840-9830-4763-8bf9-b6d80e03cb44@group-83821B3D548A: shutdown
2019-09-25 07:30:31,854 [8db113de-7b84-41a1-a116-0df055b189a9@group-9EFCB33374AB-SegmentedRaftLogWorker] INFO  segmented.SegmentedRaftLogWorker (SegmentedRaftLogWorker.java:execute(569)) - 8db113de-7b84-41a1-a116-0df055b189a9@group-9EFCB33374AB-SegmentedRaftLogWorker: created new log segment /workdir/hadoop-ozone/ozonefs/target/test-dir/MiniOzoneClusterImpl-d5bff4f9-f30c-4d12-b02b-d1d52f4107cc/datanode-2/data/ratis/ac353619-f306-4f43-bbff-9efcb33374ab/current/log_inprogress_0
2019-09-25 07:30:31,856 [Thread-1340] INFO  util.JmxRegister (JmxRegister.java:unregister(73)) - Successfully un-registered JMX Bean with object name Ratis:service=RaftServer,group=group-83821B3D548A,id=e26be840-9830-4763-8bf9-b6d80e03cb44
2019-09-25 07:30:31,856 [Thread-1340] INFO  impl.RoleInfo (RoleInfo.java:shutdownLeaderState(104)) - e26be840-9830-4763-8bf9-b6d80e03cb44: shutdown LeaderState
2019-09-25 07:30:31,856 [ForkJoinPool.commonPool-worker-1] INFO  impl.RaftServerImpl (RaftServerImpl.java:lambda$shutdown$3(251)) - e922a23f-709c-4ffc-b707-fa2ce4e2ab76@group-5C457A4DFC6A: shutdown
2019-09-25 07:30:31,857 [Thread-1340] INFO  impl.PendingRequests (PendingRequests.java:sendNotLeaderResponses(202)) - e26be840-9830-4763-8bf9-b6d80e03cb44-PendingRequests: sendNotLeaderResponses
2019-09-25 07:30:31,857 [ForkJoinPool.commonPool-worker-1] INFO  util.JmxRegister (JmxRegister.java:unregister(73)) - Successfully un-registered JMX Bean with object name Ratis:service=RaftServer,group=group-5C457A4DFC6A,id=e922a23f-709c-4ffc-b707-fa2ce4e2ab76
2019-09-25 07:30:31,857 [Thread-1340] INFO  impl.StateMachineUpdater (StateMachineUpdater.java:stopAndJoin(125)) - e26be840-9830-4763-8bf9-b6d80e03cb44@group-83821B3D548A-StateMachineUpdater: set stopIndex = 0
2019-09-25 07:30:31,857 [ForkJoinPool.commonPool-worker-1] INFO  impl.RoleInfo (RoleInfo.java:shutdownLeaderState(104)) - e922a23f-709c-4ffc-b707-fa2ce4e2ab76: shutdown LeaderState
2019-09-25 07:30:31,858 [Thread-1340] INFO  impl.RaftServerImpl (ServerState.java:close(385)) - e26be840-9830-4763-8bf9-b6d80e03cb44@group-83821B3D548A: closes. applyIndex: 0
2019-09-25 07:30:31,858 [ForkJoinPool.commonPool-worker-1] INFO  impl.PendingRequests (PendingRequests.java:sendNotLeaderResponses(202)) - e922a23f-709c-4ffc-b707-fa2ce4e2ab76-PendingRequests: sendNotLeaderResponses
2019-09-25 07:30:31,858 [e26be840-9830-4763-8bf9-b6d80e03cb44@group-83821B3D548A-SegmentedRaftLogWorker] INFO  segmented.SegmentedRaftLogWorker (SegmentedRaftLogWorker.java:run(313)) - e26be840-9830-4763-8bf9-b6d80e03cb44@group-83821B3D548A-SegmentedRaftLogWorker was interrupted, exiting. There are 0 tasks remaining in the queue.
2019-09-25 07:30:31,859 [ForkJoinPool.commonPool-worker-1] INFO  impl.StateMachineUpdater (StateMachineUpdater.java:stopAndJoin(125)) - e922a23f-709c-4ffc-b707-fa2ce4e2ab76@group-5C457A4DFC6A-StateMachineUpdater: set stopIndex = 0
2019-09-25 07:30:31,859 [Thread-1340] INFO  segmented.SegmentedRaftLogWorker (SegmentedRaftLogWorker.java:close(228)) - e26be840-9830-4763-8bf9-b6d80e03cb44@group-83821B3D548A-SegmentedRaftLogWorker close()
2019-09-25 07:30:31,859 [ForkJoinPool.commonPool-worker-1] INFO  impl.RaftServerImpl (ServerState.java:close(385)) - e922a23f-709c-4ffc-b707-fa2ce4e2ab76@group-5C457A4DFC6A: closes. applyIndex: 0
2019-09-25 07:30:31,861 [Thread-1340] INFO  impl.RaftServerImpl (RaftServerImpl.java:lambda$shutdown$3(251)) - e26be840-9830-4763-8bf9-b6d80e03cb44@group-3FB51B33855A: shutdown
2019-09-25 07:30:31,861 [e922a23f-709c-4ffc-b707-fa2ce4e2ab76@group-5C457A4DFC6A-SegmentedRaftLogWorker] INFO  segmented.SegmentedRaftLogWorker (SegmentedRaftLogWorker.java:run(313)) - e922a23f-709c-4ffc-b707-fa2ce4e2ab76@group-5C457A4DFC6A-SegmentedRaftLogWorker was interrupted, exiting. There are 0 tasks remaining in the queue.
2019-09-25 07:30:31,861 [Thread-1340] INFO  util.JmxRegister (JmxRegister.java:unregister(73)) - Successfully un-registered JMX Bean with object name Ratis:service=RaftServer,group=group-3FB51B33855A,id=e26be840-9830-4763-8bf9-b6d80e03cb44
2019-09-25 07:30:31,862 [ForkJoinPool.commonPool-worker-1] INFO  segmented.SegmentedRaftLogWorker (SegmentedRaftLogWorker.java:close(228)) - e922a23f-709c-4ffc-b707-fa2ce4e2ab76@group-5C457A4DFC6A-SegmentedRaftLogWorker close()
2019-09-25 07:30:31,862 [Thread-1340] INFO  impl.RoleInfo (RoleInfo.java:shutdownLeaderState(104)) - e26be840-9830-4763-8bf9-b6d80e03cb44: shutdown LeaderState
2019-09-25 07:30:31,864 [ForkJoinPool.commonPool-worker-1] INFO  impl.RaftServerImpl (RaftServerImpl.java:lambda$shutdown$3(251)) - e922a23f-709c-4ffc-b707-fa2ce4e2ab76@group-3714BD58780E: shutdown
2019-09-25 07:30:31,864 [Thread-1340] INFO  impl.PendingRequests (PendingRequests.java:sendNotLeaderResponses(202)) - e26be840-9830-4763-8bf9-b6d80e03cb44-PendingRequests: sendNotLeaderResponses
2019-09-25 07:30:31,864 [ForkJoinPool.commonPool-worker-1] INFO  util.JmxRegister (JmxRegister.java:unregister(73)) - Successfully un-registered JMX Bean with object name Ratis:service=RaftServer,group=group-3714BD58780E,id=e922a23f-709c-4ffc-b707-fa2ce4e2ab76
2019-09-25 07:30:31,864 [Thread-1340] INFO  impl.StateMachineUpdater (StateMachineUpdater.java:stopAndJoin(125)) - e26be840-9830-4763-8bf9-b6d80e03cb44@group-3FB51B33855A-StateMachineUpdater: set stopIndex = 0
2019-09-25 07:30:31,865 [Thread-1340] INFO  impl.RaftServerImpl (ServerState.java:close(385)) - e26be840-9830-4763-8bf9-b6d80e03cb44@group-3FB51B33855A: closes. applyIndex: 0
2019-09-25 07:30:31,865 [ForkJoinPool.commonPool-worker-1] INFO  impl.RoleInfo (RoleInfo.java:shutdownLeaderState(104)) - e922a23f-709c-4ffc-b707-fa2ce4e2ab76: shutdown LeaderState
2019-09-25 07:30:31,865 [e26be840-9830-4763-8bf9-b6d80e03cb44@group-3FB51B33855A-SegmentedRaftLogWorker] INFO  segmented.SegmentedRaftLogWorker (SegmentedRaftLogWorker.java:run(313)) - e26be840-9830-4763-8bf9-b6d80e03cb44@group-3FB51B33855A-SegmentedRaftLogWorker was interrupted, exiting. There are 0 tasks remaining in the queue.
2019-09-25 07:30:31,866 [ForkJoinPool.commonPool-worker-1] INFO  impl.PendingRequests (PendingRequests.java:sendNotLeaderResponses(202)) - e922a23f-709c-4ffc-b707-fa2ce4e2ab76-PendingRequests: sendNotLeaderResponses
2019-09-25 07:30:31,866 [Thread-1340] INFO  segmented.SegmentedRaftLogWorker (SegmentedRaftLogWorker.java:close(228)) - e26be840-9830-4763-8bf9-b6d80e03cb44@group-3FB51B33855A-SegmentedRaftLogWorker close()
2019-09-25 07:30:31,866 [ForkJoinPool.commonPool-worker-1] INFO  impl.StateMachineUpdater (StateMachineUpdater.java:stopAndJoin(125)) - e922a23f-709c-4ffc-b707-fa2ce4e2ab76@group-3714BD58780E-StateMachineUpdater: set stopIndex = 0
2019-09-25 07:30:31,868 [Thread-1340] INFO  impl.RaftServerImpl (RaftServerImpl.java:lambda$shutdown$3(251)) - e26be840-9830-4763-8bf9-b6d80e03cb44@group-FDE717F1C564: shutdown
2019-09-25 07:30:31,868 [ForkJoinPool.commonPool-worker-1] INFO  impl.RaftServerImpl (ServerState.java:close(385)) - e922a23f-709c-4ffc-b707-fa2ce4e2ab76@group-3714BD58780E: closes. applyIndex: 0
2019-09-25 07:30:31,868 [Thread-1340] INFO  util.JmxRegister (JmxRegister.java:unregister(73)) - Successfully un-registered JMX Bean with object name Ratis:service=RaftServer,group=group-FDE717F1C564,id=e26be840-9830-4763-8bf9-b6d80e03cb44
2019-09-25 07:30:31,869 [Thread-1340] INFO  impl.RoleInfo (RoleInfo.java:shutdownLeaderState(104)) - e26be840-9830-4763-8bf9-b6d80e03cb44: shutdown LeaderState
2019-09-25 07:30:31,869 [e922a23f-709c-4ffc-b707-fa2ce4e2ab76@group-3714BD58780E-SegmentedRaftLogWorker] INFO  segmented.SegmentedRaftLogWorker (SegmentedRaftLogWorker.java:run(313)) - e922a23f-709c-4ffc-b707-fa2ce4e2ab76@group-3714BD58780E-SegmentedRaftLogWorker was interrupted, exiting. There are 0 tasks remaining in the queue.
2019-09-25 07:30:31,869 [Thread-1340] INFO  impl.PendingRequests (PendingRequests.java:sendNotLeaderResponses(202)) - e26be840-9830-4763-8bf9-b6d80e03cb44-PendingRequests: sendNotLeaderResponses
2019-09-25 07:30:31,869 [ForkJoinPool.commonPool-worker-1] INFO  segmented.SegmentedRaftLogWorker (SegmentedRaftLogWorker.java:close(228)) - e922a23f-709c-4ffc-b707-fa2ce4e2ab76@group-3714BD58780E-SegmentedRaftLogWorker close()
2019-09-25 07:30:31,870 [Thread-1340] INFO  impl.StateMachineUpdater (StateMachineUpdater.java:stopAndJoin(125)) - e26be840-9830-4763-8bf9-b6d80e03cb44@group-FDE717F1C564-StateMachineUpdater: set stopIndex = 0
2019-09-25 07:30:31,872 [ForkJoinPool.commonPool-worker-1] INFO  impl.RaftServerImpl (RaftServerImpl.java:lambda$shutdown$3(251)) - e922a23f-709c-4ffc-b707-fa2ce4e2ab76@group-24372793827A: shutdown
2019-09-25 07:30:31,872 [Thread-1340] INFO  impl.RaftServerImpl (ServerState.java:close(385)) - e26be840-9830-4763-8bf9-b6d80e03cb44@group-FDE717F1C564: closes. applyIndex: 0
2019-09-25 07:30:31,872 [ForkJoinPool.commonPool-worker-1] INFO  util.JmxRegister (JmxRegister.java:unregister(73)) - Successfully un-registered JMX Bean with object name Ratis:service=RaftServer,group=group-24372793827A,id=e922a23f-709c-4ffc-b707-fa2ce4e2ab76
2019-09-25 07:30:31,872 [e26be840-9830-4763-8bf9-b6d80e03cb44@group-FDE717F1C564-SegmentedRaftLogWorker] INFO  segmented.SegmentedRaftLogWorker (SegmentedRaftLogWorker.java:run(313)) - e26be840-9830-4763-8bf9-b6d80e03cb44@group-FDE717F1C564-SegmentedRaftLogWorker was interrupted, exiting. There are 0 tasks remaining in the queue.
2019-09-25 07:30:31,873 [ForkJoinPool.commonPool-worker-1] INFO  impl.RoleInfo (RoleInfo.java:shutdownLeaderState(104)) - e922a23f-709c-4ffc-b707-fa2ce4e2ab76: shutdown LeaderState
2019-09-25 07:30:31,873 [Thread-1340] INFO  segmented.SegmentedRaftLogWorker (SegmentedRaftLogWorker.java:close(228)) - e26be840-9830-4763-8bf9-b6d80e03cb44@group-FDE717F1C564-SegmentedRaftLogWorker close()
2019-09-25 07:30:31,873 [ForkJoinPool.commonPool-worker-1] INFO  impl.PendingRequests (PendingRequests.java:sendNotLeaderResponses(202)) - e922a23f-709c-4ffc-b707-fa2ce4e2ab76-PendingRequests: sendNotLeaderResponses
2019-09-25 07:30:31,875 [Thread-1340] INFO  server.GrpcService (GrpcService.java:closeImpl(164)) - e26be840-9830-4763-8bf9-b6d80e03cb44: shutdown server with port 39767 now
2019-09-25 07:30:31,875 [ForkJoinPool.commonPool-worker-1] INFO  impl.StateMachineUpdater (StateMachineUpdater.java:stopAndJoin(125)) - e922a23f-709c-4ffc-b707-fa2ce4e2ab76@group-24372793827A-StateMachineUpdater: set stopIndex = 0
2019-09-25 07:30:31,875 [ForkJoinPool.commonPool-worker-1] INFO  impl.RaftServerImpl (ServerState.java:close(385)) - e922a23f-709c-4ffc-b707-fa2ce4e2ab76@group-24372793827A: closes. applyIndex: 0
2019-09-25 07:30:31,877 [Thread-1340] INFO  server.GrpcService (GrpcService.java:closeImpl(172)) - e26be840-9830-4763-8bf9-b6d80e03cb44: shutdown server with port 39767 successfully
2019-09-25 07:30:31,877 [e922a23f-709c-4ffc-b707-fa2ce4e2ab76@group-24372793827A-SegmentedRaftLogWorker] INFO  segmented.SegmentedRaftLogWorker (SegmentedRaftLogWorker.java:run(313)) - e922a23f-709c-4ffc-b707-fa2ce4e2ab76@group-24372793827A-SegmentedRaftLogWorker was interrupted, exiting. There are 0 tasks remaining in the queue.
2019-09-25 07:30:31,878 [ForkJoinPool.commonPool-worker-1] INFO  segmented.SegmentedRaftLogWorker (SegmentedRaftLogWorker.java:close(228)) - e922a23f-709c-4ffc-b707-fa2ce4e2ab76@group-24372793827A-SegmentedRaftLogWorker close()
2019-09-25 07:30:31,880 [ForkJoinPool.commonPool-worker-1] INFO  server.GrpcService (GrpcService.java:closeImpl(164)) - e922a23f-709c-4ffc-b707-fa2ce4e2ab76: shutdown server with port 34835 now
2019-09-25 07:30:31,882 [ForkJoinPool.commonPool-worker-1] INFO  server.GrpcService (GrpcService.java:closeImpl(172)) - e922a23f-709c-4ffc-b707-fa2ce4e2ab76: shutdown server with port 34835 successfully
2019-09-25 07:30:31,882 [refreshUsed-/workdir/hadoop-ozone/ozonefs/target/test-dir/MiniOzoneClusterImpl-d5bff4f9-f30c-4d12-b02b-d1d52f4107cc/datanode-1/data/containers] WARN  fs.CachingGetSpaceUsed (CachingGetSpaceUsed.java:run(183)) - Thread Interrupted waiting to refresh disk information: sleep interrupted
2019-09-25 07:30:31,885 [refreshUsed-/workdir/hadoop-ozone/ozonefs/target/test-dir/MiniOzoneClusterImpl-d5bff4f9-f30c-4d12-b02b-d1d52f4107cc/datanode-0/data/containers] WARN  fs.CachingGetSpaceUsed (CachingGetSpaceUsed.java:run(183)) - Thread Interrupted waiting to refresh disk information: sleep interrupted
2019-09-25 07:30:31,907 [ForkJoinPool.commonPool-worker-1] INFO  utils.BackgroundService (BackgroundService.java:shutdown(148)) - Shutting down service BlockDeletingService
2019-09-25 07:30:31,920 [ForkJoinPool.commonPool-worker-1] INFO  statemachine.DatanodeStateMachine (DatanodeStateMachine.java:stopDaemon(395)) - Ozone container server stopped.
2019-09-25 07:30:31,925 [ForkJoinPool.commonPool-worker-1] INFO  handler.ContextHandler (ContextHandler.java:doStop(910)) - Stopped o.e.j.w.WebAppContext@cce7069{/,null,UNAVAILABLE}{/hddsDatanode}
2019-09-25 07:30:31,925 [Thread-1568] INFO  impl.FollowerState (FollowerState.java:run(106)) - 8db113de-7b84-41a1-a116-0df055b189a9:group-3B276A339A26 changes to CANDIDATE, lastRpcTime:5170, electionTimeout:5170ms
2019-09-25 07:30:31,926 [ForkJoinPool.commonPool-worker-1] INFO  server.AbstractConnector (AbstractConnector.java:doStop(318)) - Stopped ServerConnector@56d901f{HTTP/1.1,[http/1.1]}{0.0.0.0:0}
2019-09-25 07:30:31,926 [Thread-1340] INFO  utils.BackgroundService (BackgroundService.java:shutdown(148)) - Shutting down service BlockDeletingService
2019-09-25 07:30:31,926 [Thread-1568] INFO  impl.RoleInfo (RoleInfo.java:shutdownFollowerState(121)) - 8db113de-7b84-41a1-a116-0df055b189a9: shutdown FollowerState
2019-09-25 07:30:31,927 [ForkJoinPool.commonPool-worker-1] INFO  handler.ContextHandler (ContextHandler.java:doStop(910)) - Stopped o.e.j.s.ServletContextHandler@6b6f8f7b{/static,jar:file:/home/user/.m2/repository/org/apache/hadoop/hadoop-hdds-container-service/0.5.0-SNAPSHOT/hadoop-hdds-container-service-0.5.0-SNAPSHOT.jar!/webapps/static,UNAVAILABLE}
2019-09-25 07:30:31,928 [Thread-1568] INFO  impl.RaftServerImpl (RaftServerImpl.java:setRole(174)) - 8db113de-7b84-41a1-a116-0df055b189a9@group-3B276A339A26: changes role from  FOLLOWER to CANDIDATE at term 0 for changeToCandidate
2019-09-25 07:30:31,932 [Thread-1340] INFO  statemachine.DatanodeStateMachine (DatanodeStateMachine.java:stopDaemon(395)) - Ozone container server stopped.
2019-09-25 07:30:31,932 [ForkJoinPool.commonPool-worker-1] INFO  handler.ContextHandler (ContextHandler.java:doStop(910)) - Stopped o.e.j.s.ServletContextHandler@293a5f55{/logs,file:///workdir/hadoop-ozone/ozonefs/target/log,UNAVAILABLE}
2019-09-25 07:30:31,932 [Thread-1568] INFO  impl.RoleInfo (RoleInfo.java:updateAndGet(143)) - 8db113de-7b84-41a1-a116-0df055b189a9: start LeaderElection
2019-09-25 07:30:31,934 [Thread-1340] INFO  handler.ContextHandler (ContextHandler.java:doStop(910)) - Stopped o.e.j.w.WebAppContext@64443e0e{/,null,UNAVAILABLE}{/hddsDatanode}
2019-09-25 07:30:31,935 [Thread-1340] INFO  server.AbstractConnector (AbstractConnector.java:doStop(318)) - Stopped ServerConnector@2c5c93d4{HTTP/1.1,[http/1.1]}{0.0.0.0:0}
2019-09-25 07:30:31,936 [Thread-1340] INFO  handler.ContextHandler (ContextHandler.java:doStop(910)) - Stopped o.e.j.s.ServletContextHandler@49e9f279{/static,jar:file:/home/user/.m2/repository/org/apache/hadoop/hadoop-hdds-container-service/0.5.0-SNAPSHOT/hadoop-hdds-container-service-0.5.0-SNAPSHOT.jar!/webapps/static,UNAVAILABLE}
2019-09-25 07:30:31,936 [Thread-1340] INFO  handler.ContextHandler (ContextHandler.java:doStop(910)) - Stopped o.e.j.s.ServletContextHandler@41e6fe28{/logs,file:///workdir/hadoop-ozone/ozonefs/target/log,UNAVAILABLE}
2019-09-25 07:30:31,959 [8db113de-7b84-41a1-a116-0df055b189a9@group-3B276A339A26:LeaderElection106] INFO  impl.LeaderElection (LeaderElection.java:askForVotes(182)) - 8db113de-7b84-41a1-a116-0df055b189a9@group-3B276A339A26:LeaderElection106: begin an election at term 1 for -1: [8db113de-7b84-41a1-a116-0df055b189a9:192.168.151.106:39179], old=null
2019-09-25 07:30:31,959 [8db113de-7b84-41a1-a116-0df055b189a9@group-3B276A339A26:LeaderElection106] INFO  impl.RoleInfo (RoleInfo.java:shutdownLeaderElection(134)) - 8db113de-7b84-41a1-a116-0df055b189a9: shutdown LeaderElection
2019-09-25 07:30:31,959 [8db113de-7b84-41a1-a116-0df055b189a9@group-3B276A339A26:LeaderElection106] INFO  impl.RaftServerImpl (RaftServerImpl.java:setRole(174)) - 8db113de-7b84-41a1-a116-0df055b189a9@group-3B276A339A26: changes role from CANDIDATE to LEADER at term 1 for changeToLeader
2019-09-25 07:30:31,960 [8db113de-7b84-41a1-a116-0df055b189a9@group-3B276A339A26:LeaderElection106] INFO  impl.RaftServerImpl (ServerState.java:setLeader(253)) - 8db113de-7b84-41a1-a116-0df055b189a9@group-3B276A339A26: change Leader from null to 8db113de-7b84-41a1-a116-0df055b189a9 at term 1 for becomeLeader, leader elected after 5219ms
2019-09-25 07:30:31,960 [8db113de-7b84-41a1-a116-0df055b189a9@group-3B276A339A26:LeaderElection106] INFO  server.RaftServerConfigKeys (ConfUtils.java:logGet(43)) - raft.server.staging.catchup.gap = 1000 (default)
2019-09-25 07:30:31,960 [8db113de-7b84-41a1-a116-0df055b189a9@group-3B276A339A26:LeaderElection106] INFO  server.RaftServerConfigKeys (ConfUtils.java:logGet(43)) - raft.server.rpc.sleep.time = 25ms (default)
2019-09-25 07:30:31,960 [8db113de-7b84-41a1-a116-0df055b189a9@group-3B276A339A26:LeaderElection106] INFO  server.RaftServerConfigKeys (ConfUtils.java:logGet(43)) - raft.server.write.element-limit = 4096 (default)
2019-09-25 07:30:31,960 [8db113de-7b84-41a1-a116-0df055b189a9@group-3B276A339A26:LeaderElection106] INFO  server.RaftServerConfigKeys (ConfUtils.java:logGet(43)) - raft.server.watch.timeout = 10s (default)
2019-09-25 07:30:31,960 [8db113de-7b84-41a1-a116-0df055b189a9@group-3B276A339A26:LeaderElection106] INFO  server.RaftServerConfigKeys (ConfUtils.java:logGet(43)) - raft.server.watch.timeout.denomination = 1s (default)
2019-09-25 07:30:31,961 [8db113de-7b84-41a1-a116-0df055b189a9@group-3B276A339A26:LeaderElection106] INFO  server.RaftServerConfigKeys (ConfUtils.java:logGet(43)) - raft.server.watch.element-limit = 65536 (default)
2019-09-25 07:30:31,962 [8db113de-7b84-41a1-a116-0df055b189a9@group-3B276A339A26:LeaderElection106] INFO  impl.RoleInfo (RoleInfo.java:updateAndGet(143)) - 8db113de-7b84-41a1-a116-0df055b189a9: start LeaderState
2019-09-25 07:30:31,963 [8db113de-7b84-41a1-a116-0df055b189a9@group-3B276A339A26:LeaderElection106] INFO  segmented.SegmentedRaftLogWorker (SegmentedRaftLogWorker.java:startLogSegment(380)) - 8db113de-7b84-41a1-a116-0df055b189a9@group-3B276A339A26-SegmentedRaftLogWorker: Starting segment from index:0
2019-09-25 07:30:31,963 [8db113de-7b84-41a1-a116-0df055b189a9@group-3B276A339A26:LeaderElection106] INFO  impl.RaftServerImpl (ServerState.java:setRaftConf(354)) - 8db113de-7b84-41a1-a116-0df055b189a9@group-3B276A339A26: set configuration 0: [8db113de-7b84-41a1-a116-0df055b189a9:192.168.151.106:39179], old=null at 0
2019-09-25 07:30:32,015 [8db113de-7b84-41a1-a116-0df055b189a9@group-3B276A339A26-SegmentedRaftLogWorker] INFO  segmented.SegmentedRaftLogWorker (SegmentedRaftLogWorker.java:execute(569)) - 8db113de-7b84-41a1-a116-0df055b189a9@group-3B276A339A26-SegmentedRaftLogWorker: created new log segment /workdir/hadoop-ozone/ozonefs/target/test-dir/MiniOzoneClusterImpl-d5bff4f9-f30c-4d12-b02b-d1d52f4107cc/datanode-2/data/ratis/adcd3141-0c31-4a61-b9c0-3b276a339a26/current/log_inprogress_0
2019-09-25 07:30:32,685 [Datanode State Machine Thread - 0] INFO  statemachine.DatanodeStateMachine (DatanodeStateMachine.java:lambda$startDaemon$0(350)) - Ozone container server started.
2019-09-25 07:30:36,935 [ForkJoinPool.commonPool-worker-1] INFO  ozoneimpl.OzoneContainer (OzoneContainer.java:stop(231)) - Attempting to stop container services.
2019-09-25 07:30:36,936 [ForkJoinPool.commonPool-worker-1] INFO  impl.RaftServerProxy (RaftServerProxy.java:lambda$close$4(314)) - 8db113de-7b84-41a1-a116-0df055b189a9: close
2019-09-25 07:30:36,936 [ForkJoinPool.commonPool-worker-1] INFO  impl.RaftServerImpl (RaftServerImpl.java:lambda$shutdown$3(251)) - 8db113de-7b84-41a1-a116-0df055b189a9@group-E0967F24C159: shutdown
2019-09-25 07:30:36,936 [ForkJoinPool.commonPool-worker-1] INFO  util.JmxRegister (JmxRegister.java:unregister(73)) - Successfully un-registered JMX Bean with object name Ratis:service=RaftServer,group=group-E0967F24C159,id=8db113de-7b84-41a1-a116-0df055b189a9
2019-09-25 07:30:36,936 [ForkJoinPool.commonPool-worker-1] INFO  impl.RoleInfo (RoleInfo.java:shutdownLeaderState(104)) - 8db113de-7b84-41a1-a116-0df055b189a9: shutdown LeaderState
2019-09-25 07:30:36,937 [ForkJoinPool.commonPool-worker-1] INFO  impl.PendingRequests (PendingRequests.java:sendNotLeaderResponses(202)) - 8db113de-7b84-41a1-a116-0df055b189a9-PendingRequests: sendNotLeaderResponses
2019-09-25 07:30:36,937 [ForkJoinPool.commonPool-worker-1] INFO  impl.StateMachineUpdater (StateMachineUpdater.java:stopAndJoin(125)) - 8db113de-7b84-41a1-a116-0df055b189a9@group-E0967F24C159-StateMachineUpdater: set stopIndex = 0
2019-09-25 07:30:36,938 [ForkJoinPool.commonPool-worker-1] INFO  impl.RaftServerImpl (ServerState.java:close(385)) - 8db113de-7b84-41a1-a116-0df055b189a9@group-E0967F24C159: closes. applyIndex: 0
2019-09-25 07:30:36,938 [8db113de-7b84-41a1-a116-0df055b189a9@group-E0967F24C159-SegmentedRaftLogWorker] INFO  segmented.SegmentedRaftLogWorker (SegmentedRaftLogWorker.java:run(313)) - 8db113de-7b84-41a1-a116-0df055b189a9@group-E0967F24C159-SegmentedRaftLogWorker was interrupted, exiting. There are 0 tasks remaining in the queue.
2019-09-25 07:30:36,938 [ForkJoinPool.commonPool-worker-1] INFO  segmented.SegmentedRaftLogWorker (SegmentedRaftLogWorker.java:close(228)) - 8db113de-7b84-41a1-a116-0df055b189a9@group-E0967F24C159-SegmentedRaftLogWorker close()
2019-09-25 07:30:36,940 [ForkJoinPool.commonPool-worker-1] INFO  impl.RaftServerImpl (RaftServerImpl.java:lambda$shutdown$3(251)) - 8db113de-7b84-41a1-a116-0df055b189a9@group-7E163C5EA617: shutdown
2019-09-25 07:30:36,942 [ForkJoinPool.commonPool-worker-1] INFO  util.JmxRegister (JmxRegister.java:unregister(73)) - Successfully un-registered JMX Bean with object name Ratis:service=RaftServer,group=group-7E163C5EA617,id=8db113de-7b84-41a1-a116-0df055b189a9
2019-09-25 07:30:36,942 [ForkJoinPool.commonPool-worker-1] INFO  impl.RoleInfo (RoleInfo.java:shutdownLeaderState(104)) - 8db113de-7b84-41a1-a116-0df055b189a9: shutdown LeaderState
2019-09-25 07:30:36,943 [ForkJoinPool.commonPool-worker-1] INFO  impl.PendingRequests (PendingRequests.java:sendNotLeaderResponses(202)) - 8db113de-7b84-41a1-a116-0df055b189a9-PendingRequests: sendNotLeaderResponses
2019-09-25 07:30:36,943 [ForkJoinPool.commonPool-worker-1] INFO  impl.StateMachineUpdater (StateMachineUpdater.java:stopAndJoin(125)) - 8db113de-7b84-41a1-a116-0df055b189a9@group-7E163C5EA617-StateMachineUpdater: set stopIndex = 0
2019-09-25 07:30:36,943 [ForkJoinPool.commonPool-worker-1] INFO  impl.RaftServerImpl (ServerState.java:close(385)) - 8db113de-7b84-41a1-a116-0df055b189a9@group-7E163C5EA617: closes. applyIndex: 0
2019-09-25 07:30:36,944 [8db113de-7b84-41a1-a116-0df055b189a9@group-7E163C5EA617-SegmentedRaftLogWorker] INFO  segmented.SegmentedRaftLogWorker (SegmentedRaftLogWorker.java:run(313)) - 8db113de-7b84-41a1-a116-0df055b189a9@group-7E163C5EA617-SegmentedRaftLogWorker was interrupted, exiting. There are 0 tasks remaining in the queue.
2019-09-25 07:30:36,944 [ForkJoinPool.commonPool-worker-1] INFO  segmented.SegmentedRaftLogWorker (SegmentedRaftLogWorker.java:close(228)) - 8db113de-7b84-41a1-a116-0df055b189a9@group-7E163C5EA617-SegmentedRaftLogWorker close()
2019-09-25 07:30:36,947 [ForkJoinPool.commonPool-worker-1] INFO  impl.RaftServerImpl (RaftServerImpl.java:lambda$shutdown$3(251)) - 8db113de-7b84-41a1-a116-0df055b189a9@group-9EFCB33374AB: shutdown
2019-09-25 07:30:36,948 [ForkJoinPool.commonPool-worker-1] INFO  util.JmxRegister (JmxRegister.java:unregister(73)) - Successfully un-registered JMX Bean with object name Ratis:service=RaftServer,group=group-9EFCB33374AB,id=8db113de-7b84-41a1-a116-0df055b189a9
2019-09-25 07:30:36,948 [ForkJoinPool.commonPool-worker-1] INFO  impl.RoleInfo (RoleInfo.java:shutdownLeaderState(104)) - 8db113de-7b84-41a1-a116-0df055b189a9: shutdown LeaderState
2019-09-25 07:30:36,948 [ForkJoinPool.commonPool-worker-1] INFO  impl.PendingRequests (PendingRequests.java:sendNotLeaderResponses(202)) - 8db113de-7b84-41a1-a116-0df055b189a9-PendingRequests: sendNotLeaderResponses
2019-09-25 07:30:36,948 [ForkJoinPool.commonPool-worker-1] INFO  impl.StateMachineUpdater (StateMachineUpdater.java:stopAndJoin(125)) - 8db113de-7b84-41a1-a116-0df055b189a9@group-9EFCB33374AB-StateMachineUpdater: set stopIndex = 0
2019-09-25 07:30:36,949 [ForkJoinPool.commonPool-worker-1] INFO  impl.RaftServerImpl (ServerState.java:close(385)) - 8db113de-7b84-41a1-a116-0df055b189a9@group-9EFCB33374AB: closes. applyIndex: 0
2019-09-25 07:30:36,949 [8db113de-7b84-41a1-a116-0df055b189a9@group-9EFCB33374AB-SegmentedRaftLogWorker] INFO  segmented.SegmentedRaftLogWorker (SegmentedRaftLogWorker.java:run(313)) - 8db113de-7b84-41a1-a116-0df055b189a9@group-9EFCB33374AB-SegmentedRaftLogWorker was interrupted, exiting. There are 0 tasks remaining in the queue.
2019-09-25 07:30:36,949 [ForkJoinPool.commonPool-worker-1] INFO  segmented.SegmentedRaftLogWorker (SegmentedRaftLogWorker.java:close(228)) - 8db113de-7b84-41a1-a116-0df055b189a9@group-9EFCB33374AB-SegmentedRaftLogWorker close()
2019-09-25 07:30:36,951 [ForkJoinPool.commonPool-worker-1] INFO  impl.RaftServerImpl (RaftServerImpl.java:lambda$shutdown$3(251)) - 8db113de-7b84-41a1-a116-0df055b189a9@group-4C670677AFC7: shutdown
2019-09-25 07:30:36,951 [ForkJoinPool.commonPool-worker-1] INFO  util.JmxRegister (JmxRegister.java:unregister(73)) - Successfully un-registered JMX Bean with object name Ratis:service=RaftServer,group=group-4C670677AFC7,id=8db113de-7b84-41a1-a116-0df055b189a9
2019-09-25 07:30:36,952 [ForkJoinPool.commonPool-worker-1] INFO  impl.RoleInfo (RoleInfo.java:shutdownLeaderState(104)) - 8db113de-7b84-41a1-a116-0df055b189a9: shutdown LeaderState
2019-09-25 07:30:36,952 [ForkJoinPool.commonPool-worker-1] INFO  impl.PendingRequests (PendingRequests.java:sendNotLeaderResponses(202)) - 8db113de-7b84-41a1-a116-0df055b189a9-PendingRequests: sendNotLeaderResponses
2019-09-25 07:30:36,952 [ForkJoinPool.commonPool-worker-1] INFO  impl.StateMachineUpdater (StateMachineUpdater.java:stopAndJoin(125)) - 8db113de-7b84-41a1-a116-0df055b189a9@group-4C670677AFC7-StateMachineUpdater: set stopIndex = 0
2019-09-25 07:30:36,953 [ForkJoinPool.commonPool-worker-1] INFO  impl.RaftServerImpl (ServerState.java:close(385)) - 8db113de-7b84-41a1-a116-0df055b189a9@group-4C670677AFC7: closes. applyIndex: 0
2019-09-25 07:30:36,953 [8db113de-7b84-41a1-a116-0df055b189a9@group-4C670677AFC7-SegmentedRaftLogWorker] INFO  segmented.SegmentedRaftLogWorker (SegmentedRaftLogWorker.java:run(313)) - 8db113de-7b84-41a1-a116-0df055b189a9@group-4C670677AFC7-SegmentedRaftLogWorker was interrupted, exiting. There are 0 tasks remaining in the queue.
2019-09-25 07:30:36,953 [ForkJoinPool.commonPool-worker-1] INFO  segmented.SegmentedRaftLogWorker (SegmentedRaftLogWorker.java:close(228)) - 8db113de-7b84-41a1-a116-0df055b189a9@group-4C670677AFC7-SegmentedRaftLogWorker close()
2019-09-25 07:30:36,955 [ForkJoinPool.commonPool-worker-1] INFO  impl.RaftServerImpl (RaftServerImpl.java:lambda$shutdown$3(251)) - 8db113de-7b84-41a1-a116-0df055b189a9@group-644058E483FE: shutdown
2019-09-25 07:30:36,955 [ForkJoinPool.commonPool-worker-1] INFO  util.JmxRegister (JmxRegister.java:unregister(73)) - Successfully un-registered JMX Bean with object name Ratis:service=RaftServer,group=group-644058E483FE,id=8db113de-7b84-41a1-a116-0df055b189a9
2019-09-25 07:30:36,956 [ForkJoinPool.commonPool-worker-1] INFO  impl.RoleInfo (RoleInfo.java:shutdownLeaderState(104)) - 8db113de-7b84-41a1-a116-0df055b189a9: shutdown LeaderState
2019-09-25 07:30:36,956 [ForkJoinPool.commonPool-worker-1] INFO  impl.PendingRequests (PendingRequests.java:sendNotLeaderResponses(202)) - 8db113de-7b84-41a1-a116-0df055b189a9-PendingRequests: sendNotLeaderResponses
2019-09-25 07:30:36,956 [ForkJoinPool.commonPool-worker-1] INFO  impl.StateMachineUpdater (StateMachineUpdater.java:stopAndJoin(125)) - 8db113de-7b84-41a1-a116-0df055b189a9@group-644058E483FE-StateMachineUpdater: set stopIndex = 0
2019-09-25 07:30:36,956 [ForkJoinPool.commonPool-worker-1] INFO  impl.RaftServerImpl (ServerState.java:close(385)) - 8db113de-7b84-41a1-a116-0df055b189a9@group-644058E483FE: closes. applyIndex: 0
2019-09-25 07:30:36,957 [8db113de-7b84-41a1-a116-0df055b189a9@group-644058E483FE-SegmentedRaftLogWorker] INFO  segmented.SegmentedRaftLogWorker (SegmentedRaftLogWorker.java:run(313)) - 8db113de-7b84-41a1-a116-0df055b189a9@group-644058E483FE-SegmentedRaftLogWorker was interrupted, exiting. There are 0 tasks remaining in the queue.
2019-09-25 07:30:36,957 [ForkJoinPool.commonPool-worker-1] INFO  segmented.SegmentedRaftLogWorker (SegmentedRaftLogWorker.java:close(228)) - 8db113de-7b84-41a1-a116-0df055b189a9@group-644058E483FE-SegmentedRaftLogWorker close()
2019-09-25 07:30:36,959 [ForkJoinPool.commonPool-worker-1] INFO  impl.RaftServerImpl (RaftServerImpl.java:lambda$shutdown$3(251)) - 8db113de-7b84-41a1-a116-0df055b189a9@group-3B276A339A26: shutdown
2019-09-25 07:30:36,959 [ForkJoinPool.commonPool-worker-1] INFO  util.JmxRegister (JmxRegister.java:unregister(73)) - Successfully un-registered JMX Bean with object name Ratis:service=RaftServer,group=group-3B276A339A26,id=8db113de-7b84-41a1-a116-0df055b189a9
2019-09-25 07:30:36,959 [ForkJoinPool.commonPool-worker-1] INFO  impl.RoleInfo (RoleInfo.java:shutdownLeaderState(104)) - 8db113de-7b84-41a1-a116-0df055b189a9: shutdown LeaderState
2019-09-25 07:30:36,960 [ForkJoinPool.commonPool-worker-1] INFO  impl.PendingRequests (PendingRequests.java:sendNotLeaderResponses(202)) - 8db113de-7b84-41a1-a116-0df055b189a9-PendingRequests: sendNotLeaderResponses
2019-09-25 07:30:36,960 [ForkJoinPool.commonPool-worker-1] INFO  impl.StateMachineUpdater (StateMachineUpdater.java:stopAndJoin(125)) - 8db113de-7b84-41a1-a116-0df055b189a9@group-3B276A339A26-StateMachineUpdater: set stopIndex = 0
2019-09-25 07:30:36,960 [ForkJoinPool.commonPool-worker-1] INFO  impl.RaftServerImpl (ServerState.java:close(385)) - 8db113de-7b84-41a1-a116-0df055b189a9@group-3B276A339A26: closes. applyIndex: 0
2019-09-25 07:30:36,960 [8db113de-7b84-41a1-a116-0df055b189a9@group-3B276A339A26-SegmentedRaftLogWorker] INFO  segmented.SegmentedRaftLogWorker (SegmentedRaftLogWorker.java:run(313)) - 8db113de-7b84-41a1-a116-0df055b189a9@group-3B276A339A26-SegmentedRaftLogWorker was interrupted, exiting. There are 0 tasks remaining in the queue.
2019-09-25 07:30:36,961 [ForkJoinPool.commonPool-worker-1] INFO  segmented.SegmentedRaftLogWorker (SegmentedRaftLogWorker.java:close(228)) - 8db113de-7b84-41a1-a116-0df055b189a9@group-3B276A339A26-SegmentedRaftLogWorker close()
2019-09-25 07:30:36,962 [ForkJoinPool.commonPool-worker-1] INFO  server.GrpcService (GrpcService.java:closeImpl(164)) - 8db113de-7b84-41a1-a116-0df055b189a9: shutdown server with port 39179 now
2019-09-25 07:30:36,964 [ForkJoinPool.commonPool-worker-1] INFO  server.GrpcService (GrpcService.java:closeImpl(172)) - 8db113de-7b84-41a1-a116-0df055b189a9: shutdown server with port 39179 successfully
2019-09-25 07:30:36,967 [refreshUsed-/workdir/hadoop-ozone/ozonefs/target/test-dir/MiniOzoneClusterImpl-d5bff4f9-f30c-4d12-b02b-d1d52f4107cc/datanode-2/data/containers] WARN  fs.CachingGetSpaceUsed (CachingGetSpaceUsed.java:run(183)) - Thread Interrupted waiting to refresh disk information: sleep interrupted
2019-09-25 07:30:36,993 [ForkJoinPool.commonPool-worker-1] INFO  utils.BackgroundService (BackgroundService.java:shutdown(148)) - Shutting down service BlockDeletingService
2019-09-25 07:30:36,997 [ForkJoinPool.commonPool-worker-1] INFO  statemachine.DatanodeStateMachine (DatanodeStateMachine.java:stopDaemon(395)) - Ozone container server stopped.
2019-09-25 07:30:37,001 [ForkJoinPool.commonPool-worker-1] INFO  handler.ContextHandler (ContextHandler.java:doStop(910)) - Stopped o.e.j.w.WebAppContext@13ef2468{/,null,UNAVAILABLE}{/hddsDatanode}
2019-09-25 07:30:37,002 [ForkJoinPool.commonPool-worker-1] INFO  server.AbstractConnector (AbstractConnector.java:doStop(318)) - Stopped ServerConnector@272b5bd1{HTTP/1.1,[http/1.1]}{0.0.0.0:0}
2019-09-25 07:30:37,003 [ForkJoinPool.commonPool-worker-1] INFO  handler.ContextHandler (ContextHandler.java:doStop(910)) - Stopped o.e.j.s.ServletContextHandler@1c6e244{/static,jar:file:/home/user/.m2/repository/org/apache/hadoop/hadoop-hdds-container-service/0.5.0-SNAPSHOT/hadoop-hdds-container-service-0.5.0-SNAPSHOT.jar!/webapps/static,UNAVAILABLE}
2019-09-25 07:30:37,004 [ForkJoinPool.commonPool-worker-1] INFO  handler.ContextHandler (ContextHandler.java:doStop(910)) - Stopped o.e.j.s.ServletContextHandler@1bfa0af1{/logs,file:///workdir/hadoop-ozone/ozonefs/target/log,UNAVAILABLE}
2019-09-25 07:30:37,005 [Thread-1340] INFO  ozone.MiniOzoneClusterImpl (MiniOzoneClusterImpl.java:stopSCM(392)) - Stopping the StorageContainerManager
2019-09-25 07:30:37,005 [Thread-1340] INFO  server.StorageContainerManager (StorageContainerManager.java:stop(808)) - Stopping Replication Manager Service.
2019-09-25 07:30:37,006 [Thread-1340] INFO  container.ReplicationManager (ReplicationManager.java:stop(204)) - Stopping Replication Monitor Thread.
2019-09-25 07:30:37,006 [Thread-1340] INFO  server.StorageContainerManager (StorageContainerManager.java:stop(815)) - Stopping Lease Manager of the command watchers
2019-09-25 07:30:37,006 [Thread-1340] INFO  server.StorageContainerManager (StorageContainerManager.java:stop(822)) - Stopping datanode service RPC server
2019-09-25 07:30:37,006 [Thread-1340] INFO  server.SCMDatanodeProtocolServer (SCMDatanodeProtocolServer.java:stop(367)) - Stopping the RPC server for DataNodes
2019-09-25 07:30:37,006 [Thread-1340] INFO  ipc.Server (Server.java:stop(3082)) - Stopping server on 34628
2019-09-25 07:30:37,009 [IPC Server listener on 34628] INFO  ipc.Server (Server.java:run(1185)) - Stopping IPC Server listener on 34628
2019-09-25 07:30:37,009 [IPC Server Responder] INFO  ipc.Server (Server.java:run(1319)) - Stopping IPC Server Responder
2019-09-25 07:30:37,084 [SCM Heartbeat Processing Thread - 0] WARN  node.NodeStateManager (NodeStateManager.java:scheduleNextHealthCheck(655)) - Current Thread is interrupted, shutting down HB processing thread for Node Manager.
2019-09-25 07:30:37,085 [Thread-1340] INFO  server.StorageContainerManager (StorageContainerManager.java:stop(830)) - Stopping block service RPC server
2019-09-25 07:30:37,085 [Thread-1340] INFO  server.SCMBlockProtocolServer (SCMBlockProtocolServer.java:stop(155)) - Stopping the RPC server for Block Protocol
2019-09-25 07:30:37,085 [Thread-1340] INFO  ipc.Server (Server.java:stop(3082)) - Stopping server on 33714
2019-09-25 07:30:37,093 [Thread-1340] INFO  server.StorageContainerManager (StorageContainerManager.java:stop(837)) - Stopping the StorageContainerLocationProtocol RPC server
2019-09-25 07:30:37,093 [IPC Server listener on 33714] INFO  ipc.Server (Server.java:run(1185)) - Stopping IPC Server listener on 33714
2019-09-25 07:30:37,093 [Thread-1340] INFO  server.SCMClientProtocolServer (SCMClientProtocolServer.java:stop(159)) - Stopping the RPC server for Client Protocol
2019-09-25 07:30:37,093 [Thread-1340] INFO  ipc.Server (Server.java:stop(3082)) - Stopping server on 40512
2019-09-25 07:30:37,093 [IPC Server Responder] INFO  ipc.Server (Server.java:run(1319)) - Stopping IPC Server Responder
2019-09-25 07:30:37,099 [IPC Server listener on 40512] INFO  ipc.Server (Server.java:run(1185)) - Stopping IPC Server listener on 40512
2019-09-25 07:30:37,099 [Thread-1340] INFO  server.StorageContainerManager (StorageContainerManager.java:stop(844)) - Stopping Storage Container Manager HTTP server.
2019-09-25 07:30:37,099 [IPC Server Responder] INFO  ipc.Server (Server.java:run(1319)) - Stopping IPC Server Responder
2019-09-25 07:30:37,102 [Thread-1340] INFO  handler.ContextHandler (ContextHandler.java:doStop(910)) - Stopped o.e.j.w.WebAppContext@224d15d0{/,null,UNAVAILABLE}{/scm}
2019-09-25 07:30:37,103 [Thread-1340] INFO  server.AbstractConnector (AbstractConnector.java:doStop(318)) - Stopped ServerConnector@16565e2e{HTTP/1.1,[http/1.1]}{0.0.0.0:0}
2019-09-25 07:30:37,103 [Thread-1340] INFO  handler.ContextHandler (ContextHandler.java:doStop(910)) - Stopped o.e.j.s.ServletContextHandler@2f4981cb{/static,jar:file:/home/user/.m2/repository/org/apache/hadoop/hadoop-hdds-server-scm/0.5.0-SNAPSHOT/hadoop-hdds-server-scm-0.5.0-SNAPSHOT.jar!/webapps/static,UNAVAILABLE}
2019-09-25 07:30:37,103 [Thread-1340] INFO  handler.ContextHandler (ContextHandler.java:doStop(910)) - Stopped o.e.j.s.ServletContextHandler@3f1fb31c{/logs,file:///workdir/hadoop-ozone/ozonefs/target/log,UNAVAILABLE}
2019-09-25 07:30:37,104 [Thread-1340] INFO  server.StorageContainerManager (StorageContainerManager.java:stop(855)) - Stopping Block Manager Service.
2019-09-25 07:30:37,104 [Thread-1340] INFO  utils.BackgroundService (BackgroundService.java:shutdown(148)) - Shutting down service SCMBlockDeletingService
2019-09-25 07:30:37,105 [Thread-1340] INFO  utils.BackgroundService (BackgroundService.java:shutdown(148)) - Shutting down service SCMBlockDeletingService
2019-09-25 07:30:37,105 [Thread-1340] INFO  server.StorageContainerManager (StorageContainerManager.java:stop(877)) - Stopping SCM Event Queue.
2019-09-25 07:30:37,120 [Thread-1340] INFO  impl.MetricsSystemImpl (MetricsSystemImpl.java:stop(210)) - Stopping HddsDatanode metrics system...
2019-09-25 07:30:37,127 [Thread-1340] INFO  impl.MetricsSystemImpl (MetricsSystemImpl.java:stop(216)) - HddsDatanode metrics system stopped.
]]></system-out>
  </testcase>
  <testcase name="testNonExplicitlyCreatedPathExistsAfterItsLeafsWereRemoved" classname="org.apache.hadoop.fs.ozone.TestOzoneFileSystem" time="17.749"/>
  <testcase name="testListStatusOnLargeDirectory" classname="org.apache.hadoop.fs.ozone.TestOzoneFileSystem" time="21.037"/>
</testsuite>