<?xml version="1.0" encoding="UTF-8"?>
<testsuite xmlns:xsi="http://www.w3.org/2001/XMLSchema-instance" xsi:noNamespaceSchemaLocation="https://maven.apache.org/surefire/maven-surefire-plugin/xsd/surefire-test-report.xsd" name="org.apache.hadoop.fs.ozone.TestOzoneFSInputStream" time="46.062" tests="1" errors="1" skipped="0" failures="0">
  <properties>
    <property name="awt.toolkit" value="sun.awt.X11.XToolkit"/>
    <property name="file.encoding.pkg" value="sun.io"/>
    <property name="java.specification.version" value="1.8"/>
    <property name="sun.cpu.isalist" value=""/>
    <property name="sun.jnu.encoding" value="UTF-8"/>
    <property name="java.class.path" value="/workdir/hadoop-ozone/ozonefs/target/test-classes:/workdir/hadoop-ozone/ozonefs/target/classes:/home/user/.m2/repository/org/apache/hadoop/hadoop-common/3.2.0/hadoop-common-3.2.0.jar:/home/user/.m2/repository/org/apache/hadoop/hadoop-annotations/3.2.0/hadoop-annotations-3.2.0.jar:/usr/lib/jvm/java-1.8-openjdk/jre/../lib/tools.jar:/home/user/.m2/repository/com/google/guava/guava/11.0.2/guava-11.0.2.jar:/home/user/.m2/repository/commons-cli/commons-cli/1.2/commons-cli-1.2.jar:/home/user/.m2/repository/org/apache/commons/commons-math3/3.1.1/commons-math3-3.1.1.jar:/home/user/.m2/repository/org/apache/httpcomponents/httpclient/4.5.2/httpclient-4.5.2.jar:/home/user/.m2/repository/org/apache/httpcomponents/httpcore/4.4.4/httpcore-4.4.4.jar:/home/user/.m2/repository/commons-codec/commons-codec/1.11/commons-codec-1.11.jar:/home/user/.m2/repository/commons-io/commons-io/2.5/commons-io-2.5.jar:/home/user/.m2/repository/commons-net/commons-net/3.6/commons-net-3.6.jar:/home/user/.m2/repository/commons-collections/commons-collections/3.2.2/commons-collections-3.2.2.jar:/home/user/.m2/repository/javax/servlet/javax.servlet-api/3.1.0/javax.servlet-api-3.1.0.jar:/home/user/.m2/repository/org/eclipse/jetty/jetty-server/9.3.25.v20180904/jetty-server-9.3.25.v20180904.jar:/home/user/.m2/repository/org/eclipse/jetty/jetty-http/9.3.25.v20180904/jetty-http-9.3.25.v20180904.jar:/home/user/.m2/repository/org/eclipse/jetty/jetty-io/9.3.25.v20180904/jetty-io-9.3.25.v20180904.jar:/home/user/.m2/repository/org/eclipse/jetty/jetty-util/9.3.25.v20180904/jetty-util-9.3.25.v20180904.jar:/home/user/.m2/repository/org/eclipse/jetty/jetty-servlet/9.3.25.v20180904/jetty-servlet-9.3.25.v20180904.jar:/home/user/.m2/repository/org/eclipse/jetty/jetty-security/9.3.25.v20180904/jetty-security-9.3.25.v20180904.jar:/home/user/.m2/repository/org/eclipse/jetty/jetty-webapp/9.3.25.v20180904/jetty-webapp-9.3.25.v20180904.jar:/home/user/.m2/repository/org/eclipse/jetty/jetty-xml/9.3.25.v20180904/jetty-xml-9.3.25.v20180904.jar:/home/user/.m2/repository/javax/servlet/jsp/jsp-api/2.1/jsp-api-2.1.jar:/home/user/.m2/repository/com/sun/jersey/jersey-core/1.19/jersey-core-1.19.jar:/home/user/.m2/repository/javax/ws/rs/jsr311-api/1.1.1/jsr311-api-1.1.1.jar:/home/user/.m2/repository/com/sun/jersey/jersey-servlet/1.19/jersey-servlet-1.19.jar:/home/user/.m2/repository/com/sun/jersey/jersey-json/1.19/jersey-json-1.19.jar:/home/user/.m2/repository/org/codehaus/jettison/jettison/1.1/jettison-1.1.jar:/home/user/.m2/repository/com/sun/xml/bind/jaxb-impl/2.3.0.1/jaxb-impl-2.3.0.1.jar:/home/user/.m2/repository/org/codehaus/jackson/jackson-core-asl/1.9.13/jackson-core-asl-1.9.13.jar:/home/user/.m2/repository/org/codehaus/jackson/jackson-mapper-asl/1.9.13/jackson-mapper-asl-1.9.13.jar:/home/user/.m2/repository/org/codehaus/jackson/jackson-jaxrs/1.9.13/jackson-jaxrs-1.9.13.jar:/home/user/.m2/repository/org/codehaus/jackson/jackson-xc/1.9.13/jackson-xc-1.9.13.jar:/home/user/.m2/repository/com/sun/jersey/jersey-server/1.19/jersey-server-1.19.jar:/home/user/.m2/repository/commons-logging/commons-logging/1.1.3/commons-logging-1.1.3.jar:/home/user/.m2/repository/log4j/log4j/1.2.17/log4j-1.2.17.jar:/home/user/.m2/repository/commons-beanutils/commons-beanutils/1.9.4/commons-beanutils-1.9.4.jar:/home/user/.m2/repository/org/apache/commons/commons-configuration2/2.1.1/commons-configuration2-2.1.1.jar:/home/user/.m2/repository/org/apache/commons/commons-lang3/3.7/commons-lang3-3.7.jar:/home/user/.m2/repository/org/apache/commons/commons-text/1.4/commons-text-1.4.jar:/home/user/.m2/repository/org/slf4j/slf4j-api/1.7.25/slf4j-api-1.7.25.jar:/home/user/.m2/repository/org/slf4j/slf4j-log4j12/1.7.25/slf4j-log4j12-1.7.25.jar:/home/user/.m2/repository/org/apache/avro/avro/1.7.7/avro-1.7.7.jar:/home/user/.m2/repository/com/thoughtworks/paranamer/paranamer/2.3/paranamer-2.3.jar:/home/user/.m2/repository/org/xerial/snappy/snappy-java/1.0.5/snappy-java-1.0.5.jar:/home/user/.m2/repository/com/google/re2j/re2j/1.1/re2j-1.1.jar:/home/user/.m2/repository/com/google/protobuf/protobuf-java/2.5.0/protobuf-java-2.5.0.jar:/home/user/.m2/repository/com/google/code/gson/gson/2.2.4/gson-2.2.4.jar:/home/user/.m2/repository/org/apache/hadoop/hadoop-auth/3.2.0/hadoop-auth-3.2.0.jar:/home/user/.m2/repository/com/nimbusds/nimbus-jose-jwt/4.41.1/nimbus-jose-jwt-4.41.1.jar:/home/user/.m2/repository/com/github/stephenc/jcip/jcip-annotations/1.0-1/jcip-annotations-1.0-1.jar:/home/user/.m2/repository/net/minidev/json-smart/2.3/json-smart-2.3.jar:/home/user/.m2/repository/net/minidev/accessors-smart/1.2/accessors-smart-1.2.jar:/home/user/.m2/repository/org/apache/curator/curator-framework/2.12.0/curator-framework-2.12.0.jar:/home/user/.m2/repository/com/jcraft/jsch/0.1.54/jsch-0.1.54.jar:/home/user/.m2/repository/org/apache/curator/curator-client/2.12.0/curator-client-2.12.0.jar:/home/user/.m2/repository/org/apache/curator/curator-recipes/2.12.0/curator-recipes-2.12.0.jar:/home/user/.m2/repository/com/google/code/findbugs/jsr305/3.0.0/jsr305-3.0.0.jar:/home/user/.m2/repository/org/apache/htrace/htrace-core4/4.1.0-incubating/htrace-core4-4.1.0-incubating.jar:/home/user/.m2/repository/org/apache/zookeeper/zookeeper/3.4.13/zookeeper-3.4.13.jar:/home/user/.m2/repository/jline/jline/0.9.94/jline-0.9.94.jar:/home/user/.m2/repository/org/apache/yetus/audience-annotations/0.5.0/audience-annotations-0.5.0.jar:/home/user/.m2/repository/org/apache/commons/commons-compress/1.4.1/commons-compress-1.4.1.jar:/home/user/.m2/repository/org/tukaani/xz/1.0/xz-1.0.jar:/home/user/.m2/repository/org/apache/kerby/kerb-simplekdc/1.0.1/kerb-simplekdc-1.0.1.jar:/home/user/.m2/repository/org/apache/kerby/kerb-client/1.0.1/kerb-client-1.0.1.jar:/home/user/.m2/repository/org/apache/kerby/kerby-config/1.0.1/kerby-config-1.0.1.jar:/home/user/.m2/repository/org/apache/kerby/kerb-core/1.0.1/kerb-core-1.0.1.jar:/home/user/.m2/repository/org/apache/kerby/kerby-pkix/1.0.1/kerby-pkix-1.0.1.jar:/home/user/.m2/repository/org/apache/kerby/kerby-asn1/1.0.1/kerby-asn1-1.0.1.jar:/home/user/.m2/repository/org/apache/kerby/kerby-util/1.0.1/kerby-util-1.0.1.jar:/home/user/.m2/repository/org/apache/kerby/kerb-common/1.0.1/kerb-common-1.0.1.jar:/home/user/.m2/repository/org/apache/kerby/kerb-crypto/1.0.1/kerb-crypto-1.0.1.jar:/home/user/.m2/repository/org/apache/kerby/kerb-util/1.0.1/kerb-util-1.0.1.jar:/home/user/.m2/repository/org/apache/kerby/token-provider/1.0.1/token-provider-1.0.1.jar:/home/user/.m2/repository/org/apache/kerby/kerb-admin/1.0.1/kerb-admin-1.0.1.jar:/home/user/.m2/repository/org/apache/kerby/kerb-server/1.0.1/kerb-server-1.0.1.jar:/home/user/.m2/repository/org/apache/kerby/kerb-identity/1.0.1/kerb-identity-1.0.1.jar:/home/user/.m2/repository/org/apache/kerby/kerby-xdr/1.0.1/kerby-xdr-1.0.1.jar:/home/user/.m2/repository/com/fasterxml/jackson/core/jackson-databind/2.9.9/jackson-databind-2.9.9.jar:/home/user/.m2/repository/com/fasterxml/jackson/core/jackson-annotations/2.9.9/jackson-annotations-2.9.9.jar:/home/user/.m2/repository/com/fasterxml/jackson/core/jackson-core/2.9.9/jackson-core-2.9.9.jar:/home/user/.m2/repository/org/codehaus/woodstox/stax2-api/3.1.4/stax2-api-3.1.4.jar:/home/user/.m2/repository/com/fasterxml/woodstox/woodstox-core/5.0.3/woodstox-core-5.0.3.jar:/home/user/.m2/repository/dnsjava/dnsjava/2.1.7/dnsjava-2.1.7.jar:/home/user/.m2/repository/org/apache/hadoop/hadoop-hdfs/3.2.0/hadoop-hdfs-3.2.0.jar:/home/user/.m2/repository/org/eclipse/jetty/jetty-util-ajax/9.3.25.v20180904/jetty-util-ajax-9.3.25.v20180904.jar:/home/user/.m2/repository/commons-daemon/commons-daemon/1.0.13/commons-daemon-1.0.13.jar:/home/user/.m2/repository/io/netty/netty/3.10.5.Final/netty-3.10.5.Final.jar:/home/user/.m2/repository/io/netty/netty-all/4.0.52.Final/netty-all-4.0.52.Final.jar:/home/user/.m2/repository/org/fusesource/leveldbjni/leveldbjni-all/1.8/leveldbjni-all-1.8.jar:/home/user/.m2/repository/org/apache/hadoop/hadoop-hdds-common/0.5.0-SNAPSHOT/hadoop-hdds-common-0.5.0-SNAPSHOT.jar:/home/user/.m2/repository/org/apache/hadoop/hadoop-hdds-config/0.5.0-SNAPSHOT/hadoop-hdds-config-0.5.0-SNAPSHOT.jar:/home/user/.m2/repository/javax/annotation/javax.annotation-api/1.2/javax.annotation-api-1.2.jar:/home/user/.m2/repository/org/apache/ratis/ratis-server/0.4.0/ratis-server-0.4.0.jar:/home/user/.m2/repository/org/apache/ratis/ratis-thirdparty-misc/0.2.0/ratis-thirdparty-misc-0.2.0.jar:/home/user/.m2/repository/org/apache/ratis/ratis-proto/0.4.0/ratis-proto-0.4.0.jar:/home/user/.m2/repository/org/apache/ratis/ratis-common/0.4.0/ratis-common-0.4.0.jar:/home/user/.m2/repository/org/apache/ratis/ratis-client/0.4.0/ratis-client-0.4.0.jar:/home/user/.m2/repository/org/apache/ratis/ratis-metrics/0.4.0/ratis-metrics-0.4.0.jar:/home/user/.m2/repository/com/github/joshelser/dropwizard-metrics-hadoop-metrics2-reporter/0.1.2/dropwizard-metrics-hadoop-metrics2-reporter-0.1.2.jar:/home/user/.m2/repository/io/dropwizard/metrics/metrics-jvm/3.2.5/metrics-jvm-3.2.5.jar:/home/user/.m2/repository/io/dropwizard/metrics/metrics-ganglia/3.2.5/metrics-ganglia-3.2.5.jar:/home/user/.m2/repository/info/ganglia/gmetric4j/gmetric4j/1.0.7/gmetric4j-1.0.7.jar:/home/user/.m2/repository/org/apache/ratis/ratis-netty/0.4.0/ratis-netty-0.4.0.jar:/home/user/.m2/repository/org/apache/ratis/ratis-grpc/0.4.0/ratis-grpc-0.4.0.jar:/home/user/.m2/repository/org/rocksdb/rocksdbjni/6.0.1/rocksdbjni-6.0.1.jar:/home/user/.m2/repository/org/apache/logging/log4j/log4j-api/2.11.0/log4j-api-2.11.0.jar:/home/user/.m2/repository/org/apache/logging/log4j/log4j-core/2.11.0/log4j-core-2.11.0.jar:/home/user/.m2/repository/com/lmax/disruptor/3.4.2/disruptor-3.4.2.jar:/home/user/.m2/repository/org/apache/commons/commons-pool2/2.6.0/commons-pool2-2.6.0.jar:/home/user/.m2/repository/org/bouncycastle/bcpkix-jdk15on/1.60/bcpkix-jdk15on-1.60.jar:/home/user/.m2/repository/commons-validator/commons-validator/1.6/commons-validator-1.6.jar:/home/user/.m2/repository/commons-digester/commons-digester/1.8.1/commons-digester-1.8.1.jar:/home/user/.m2/repository/io/jaegertracing/jaeger-client/0.34.0/jaeger-client-0.34.0.jar:/home/user/.m2/repository/io/jaegertracing/jaeger-thrift/0.34.0/jaeger-thrift-0.34.0.jar:/home/user/.m2/repository/org/apache/thrift/libthrift/0.12.0/libthrift-0.12.0.jar:/home/user/.m2/repository/com/squareup/okhttp3/okhttp/3.9.0/okhttp-3.9.0.jar:/home/user/.m2/repository/com/squareup/okio/okio/1.13.0/okio-1.13.0.jar:/home/user/.m2/repository/io/jaegertracing/jaeger-core/0.34.0/jaeger-core-0.34.0.jar:/home/user/.m2/repository/io/jaegertracing/jaeger-tracerresolver/0.34.0/jaeger-tracerresolver-0.34.0.jar:/home/user/.m2/repository/io/opentracing/contrib/opentracing-tracerresolver/0.1.5/opentracing-tracerresolver-0.1.5.jar:/home/user/.m2/repository/io/opentracing/opentracing-util/0.31.0/opentracing-util-0.31.0.jar:/home/user/.m2/repository/io/opentracing/opentracing-api/0.31.0/opentracing-api-0.31.0.jar:/home/user/.m2/repository/io/opentracing/opentracing-noop/0.31.0/opentracing-noop-0.31.0.jar:/home/user/.m2/repository/org/yaml/snakeyaml/1.16/snakeyaml-1.16.jar:/home/user/.m2/repository/org/apache/hadoop/hadoop-hdfs-client/3.2.0/hadoop-hdfs-client-3.2.0.jar:/home/user/.m2/repository/info/picocli/picocli/3.9.6/picocli-3.9.6.jar:/home/user/.m2/repository/org/apache/hadoop/hadoop-hdds-server-scm/0.5.0-SNAPSHOT/hadoop-hdds-server-scm-0.5.0-SNAPSHOT.jar:/home/user/.m2/repository/org/apache/hadoop/hadoop-hdds-docs/0.5.0-SNAPSHOT/hadoop-hdds-docs-0.5.0-SNAPSHOT.jar:/home/user/.m2/repository/io/dropwizard/metrics/metrics-core/3.2.4/metrics-core-3.2.4.jar:/home/user/.m2/repository/org/hamcrest/hamcrest-all/1.3/hamcrest-all-1.3.jar:/home/user/.m2/repository/org/bouncycastle/bcprov-jdk15on/1.60/bcprov-jdk15on-1.60.jar:/home/user/.m2/repository/org/apache/hadoop/hadoop-hdds-server-framework/0.5.0-SNAPSHOT/hadoop-hdds-server-framework-0.5.0-SNAPSHOT.jar:/home/user/.m2/repository/org/apache/hadoop/hadoop-ozone-ozone-manager/0.5.0-SNAPSHOT/hadoop-ozone-ozone-manager-0.5.0-SNAPSHOT.jar:/home/user/.m2/repository/org/apache/hadoop/hadoop-hdds-container-service/0.5.0-SNAPSHOT/hadoop-hdds-container-service-0.5.0-SNAPSHOT.jar:/home/user/.m2/repository/org/apache/hadoop/hadoop-hdds-client/0.5.0-SNAPSHOT/hadoop-hdds-client-0.5.0-SNAPSHOT.jar:/home/user/.m2/repository/org/apache/hadoop/hadoop-ozone-common/0.5.0-SNAPSHOT/hadoop-ozone-common-0.5.0-SNAPSHOT.jar:/home/user/.m2/repository/org/apache/hadoop/hadoop-hdds-tools/0.5.0-SNAPSHOT/hadoop-hdds-tools-0.5.0-SNAPSHOT.jar:/home/user/.m2/repository/org/xerial/sqlite-jdbc/3.25.2/sqlite-jdbc-3.25.2.jar:/home/user/.m2/repository/com/google/code/findbugs/findbugs/3.0.1/findbugs-3.0.1.jar:/home/user/.m2/repository/net/jcip/jcip-annotations/1.0/jcip-annotations-1.0.jar:/home/user/.m2/repository/com/google/code/findbugs/bcel-findbugs/6.0/bcel-findbugs-6.0.jar:/home/user/.m2/repository/com/google/code/findbugs/jFormatString/2.0.1/jFormatString-2.0.1.jar:/home/user/.m2/repository/dom4j/dom4j/1.6.1/dom4j-1.6.1.jar:/home/user/.m2/repository/xml-apis/xml-apis/1.0.b2/xml-apis-1.0.b2.jar:/home/user/.m2/repository/org/ow2/asm/asm-debug-all/5.0.2/asm-debug-all-5.0.2.jar:/home/user/.m2/repository/org/ow2/asm/asm-commons/5.0.2/asm-commons-5.0.2.jar:/home/user/.m2/repository/org/ow2/asm/asm-tree/5.0.2/asm-tree-5.0.2.jar:/home/user/.m2/repository/org/ow2/asm/asm/5.0.4/asm-5.0.4.jar:/home/user/.m2/repository/commons-lang/commons-lang/2.6/commons-lang-2.6.jar:/home/user/.m2/repository/com/apple/AppleJavaExtensions/1.4/AppleJavaExtensions-1.4.jar:/home/user/.m2/repository/jaxen/jaxen/1.1.6/jaxen-1.1.6.jar:/home/user/.m2/repository/org/apache/hadoop/hadoop-common/3.2.0/hadoop-common-3.2.0-tests.jar:/home/user/.m2/repository/org/apache/hadoop/hadoop-ozone-client/0.5.0-SNAPSHOT/hadoop-ozone-client-0.5.0-SNAPSHOT.jar:/home/user/.m2/repository/org/apache/hadoop/hadoop-hdfs/3.2.0/hadoop-hdfs-3.2.0-tests.jar:/workdir/hadoop-ozone/integration-test/target/test-classes:/home/user/.m2/repository/org/apache/hadoop/hadoop-ozone-s3gateway/0.5.0-SNAPSHOT/hadoop-ozone-s3gateway-0.5.0-SNAPSHOT.jar:/home/user/.m2/repository/org/jboss/weld/servlet/weld-servlet/2.4.7.Final/weld-servlet-2.4.7.Final.jar:/home/user/.m2/repository/org/glassfish/jersey/containers/jersey-container-servlet-core/2.27/jersey-container-servlet-core-2.27.jar:/home/user/.m2/repository/org/glassfish/hk2/external/javax.inject/2.5.0-b42/javax.inject-2.5.0-b42.jar:/home/user/.m2/repository/org/glassfish/jersey/core/jersey-common/2.27/jersey-common-2.27.jar:/home/user/.m2/repository/org/glassfish/hk2/osgi-resource-locator/1.0.1/osgi-resource-locator-1.0.1.jar:/home/user/.m2/repository/javax/ws/rs/javax.ws.rs-api/2.1/javax.ws.rs-api-2.1.jar:/home/user/.m2/repository/org/glassfish/jersey/ext/cdi/jersey-cdi1x/2.27/jersey-cdi1x-2.27.jar:/home/user/.m2/repository/org/glassfish/jersey/inject/jersey-hk2/2.27/jersey-hk2-2.27.jar:/home/user/.m2/repository/org/glassfish/hk2/hk2-locator/2.5.0-b42/hk2-locator-2.5.0-b42.jar:/home/user/.m2/repository/org/javassist/javassist/3.22.0-CR2/javassist-3.22.0-CR2.jar:/home/user/.m2/repository/org/glassfish/hk2/hk2-api/2.5.0/hk2-api-2.5.0.jar:/home/user/.m2/repository/org/glassfish/hk2/external/jakarta.inject/2.5.0/jakarta.inject-2.5.0.jar:/home/user/.m2/repository/org/glassfish/hk2/hk2-utils/2.5.0/hk2-utils-2.5.0.jar:/home/user/.m2/repository/jakarta/annotation/jakarta.annotation-api/1.3.4/jakarta.annotation-api-1.3.4.jar:/home/user/.m2/repository/org/glassfish/hk2/external/aopalliance-repackaged/2.5.0/aopalliance-repackaged-2.5.0.jar:/home/user/.m2/repository/com/fasterxml/jackson/dataformat/jackson-dataformat-xml/2.9.0/jackson-dataformat-xml-2.9.0.jar:/home/user/.m2/repository/com/fasterxml/jackson/module/jackson-module-jaxb-annotations/2.9.9/jackson-module-jaxb-annotations-2.9.9.jar:/home/user/.m2/repository/javax/enterprise/cdi-api/1.2/cdi-api-1.2.jar:/home/user/.m2/repository/javax/el/javax.el-api/3.0.0/javax.el-api-3.0.0.jar:/home/user/.m2/repository/javax/interceptor/javax.interceptor-api/1.2/javax.interceptor-api-1.2.jar:/home/user/.m2/repository/javax/inject/javax.inject/1/javax.inject-1.jar:/home/user/.m2/repository/com/sun/xml/bind/jaxb-core/2.3.0.1/jaxb-core-2.3.0.1.jar:/home/user/.m2/repository/javax/xml/bind/jaxb-api/2.3.0/jaxb-api-2.3.0.jar:/home/user/.m2/repository/javax/activation/activation/1.1.1/activation-1.1.1.jar:/home/user/.m2/repository/org/apache/hadoop/hadoop-ozone-csi/0.5.0-SNAPSHOT/hadoop-ozone-csi-0.5.0-SNAPSHOT.jar:/home/user/.m2/repository/com/google/protobuf/protobuf-java-util/3.5.1/protobuf-java-util-3.5.1.jar:/home/user/.m2/repository/io/grpc/grpc-netty/1.17.1/grpc-netty-1.17.1.jar:/home/user/.m2/repository/io/grpc/grpc-core/1.17.1/grpc-core-1.17.1.jar:/home/user/.m2/repository/io/grpc/grpc-context/1.17.1/grpc-context-1.17.1.jar:/home/user/.m2/repository/com/google/errorprone/error_prone_annotations/2.2.0/error_prone_annotations-2.2.0.jar:/home/user/.m2/repository/org/codehaus/mojo/animal-sniffer-annotations/1.17/animal-sniffer-annotations-1.17.jar:/home/user/.m2/repository/io/opencensus/opencensus-api/0.17.0/opencensus-api-0.17.0.jar:/home/user/.m2/repository/io/opencensus/opencensus-contrib-grpc-metrics/0.17.0/opencensus-contrib-grpc-metrics-0.17.0.jar:/home/user/.m2/repository/io/netty/netty-codec-http2/4.1.30.Final/netty-codec-http2-4.1.30.Final.jar:/home/user/.m2/repository/io/netty/netty-codec-http/4.1.30.Final/netty-codec-http-4.1.30.Final.jar:/home/user/.m2/repository/io/netty/netty-codec/4.1.30.Final/netty-codec-4.1.30.Final.jar:/home/user/.m2/repository/io/netty/netty-handler/4.1.30.Final/netty-handler-4.1.30.Final.jar:/home/user/.m2/repository/io/netty/netty-handler-proxy/4.1.30.Final/netty-handler-proxy-4.1.30.Final.jar:/home/user/.m2/repository/io/netty/netty-codec-socks/4.1.30.Final/netty-codec-socks-4.1.30.Final.jar:/home/user/.m2/repository/io/netty/netty-transport-native-epoll/4.1.30.Final/netty-transport-native-epoll-4.1.30.Final.jar:/home/user/.m2/repository/io/netty/netty-common/4.1.30.Final/netty-common-4.1.30.Final.jar:/home/user/.m2/repository/io/netty/netty-buffer/4.1.30.Final/netty-buffer-4.1.30.Final.jar:/home/user/.m2/repository/io/netty/netty-transport/4.1.30.Final/netty-transport-4.1.30.Final.jar:/home/user/.m2/repository/io/netty/netty-resolver/4.1.30.Final/netty-resolver-4.1.30.Final.jar:/home/user/.m2/repository/io/netty/netty-transport-native-unix-common/4.1.30.Final/netty-transport-native-unix-common-4.1.30.Final.jar:/home/user/.m2/repository/io/grpc/grpc-protobuf/1.17.1/grpc-protobuf-1.17.1.jar:/home/user/.m2/repository/com/google/api/grpc/proto-google-common-protos/1.0.0/proto-google-common-protos-1.0.0.jar:/home/user/.m2/repository/io/grpc/grpc-protobuf-lite/1.17.1/grpc-protobuf-lite-1.17.1.jar:/home/user/.m2/repository/io/grpc/grpc-stub/1.17.1/grpc-stub-1.17.1.jar:/home/user/.m2/repository/org/apache/hadoop/hadoop-ozone-recon/0.5.0-SNAPSHOT/hadoop-ozone-recon-0.5.0-SNAPSHOT.jar:/home/user/.m2/repository/org/apache/hadoop/hadoop-ozone-reconcodegen/0.5.0-SNAPSHOT/hadoop-ozone-reconcodegen-0.5.0-SNAPSHOT.jar:/home/user/.m2/repository/com/google/inject/extensions/guice-multibindings/4.0/guice-multibindings-4.0.jar:/home/user/.m2/repository/com/google/inject/guice/4.0/guice-4.0.jar:/home/user/.m2/repository/aopalliance/aopalliance/1.0/aopalliance-1.0.jar:/home/user/.m2/repository/org/glassfish/jersey/containers/jersey-container-servlet/2.27/jersey-container-servlet-2.27.jar:/home/user/.m2/repository/org/glassfish/hk2/guice-bridge/2.5.0/guice-bridge-2.5.0.jar:/home/user/.m2/repository/org/glassfish/jersey/core/jersey-server/2.27/jersey-server-2.27.jar:/home/user/.m2/repository/org/glassfish/jersey/core/jersey-client/2.27/jersey-client-2.27.jar:/home/user/.m2/repository/org/glassfish/jersey/media/jersey-media-jaxb/2.27/jersey-media-jaxb-2.27.jar:/home/user/.m2/repository/javax/validation/validation-api/1.1.0.Final/validation-api-1.1.0.Final.jar:/home/user/.m2/repository/org/glassfish/jersey/media/jersey-media-json-jackson/2.27/jersey-media-json-jackson-2.27.jar:/home/user/.m2/repository/org/glassfish/jersey/ext/jersey-entity-filtering/2.27/jersey-entity-filtering-2.27.jar:/home/user/.m2/repository/com/google/inject/extensions/guice-assistedinject/4.0/guice-assistedinject-4.0.jar:/home/user/.m2/repository/org/jooq/jooq/3.11.10/jooq-3.11.10.jar:/home/user/.m2/repository/org/jooq/jooq-meta/3.11.10/jooq-meta-3.11.10.jar:/home/user/.m2/repository/org/jooq/jooq-codegen/3.11.10/jooq-codegen-3.11.10.jar:/home/user/.m2/repository/com/jolbox/bonecp/0.8.0.RELEASE/bonecp-0.8.0.RELEASE.jar:/home/user/.m2/repository/org/springframework/spring-jdbc/5.1.3.RELEASE/spring-jdbc-5.1.3.RELEASE.jar:/home/user/.m2/repository/org/springframework/spring-beans/5.1.3.RELEASE/spring-beans-5.1.3.RELEASE.jar:/home/user/.m2/repository/org/springframework/spring-core/5.1.3.RELEASE/spring-core-5.1.3.RELEASE.jar:/home/user/.m2/repository/org/springframework/spring-jcl/5.1.3.RELEASE/spring-jcl-5.1.3.RELEASE.jar:/home/user/.m2/repository/org/springframework/spring-tx/5.1.3.RELEASE/spring-tx-5.1.3.RELEASE.jar:/home/user/.m2/repository/org/mockito/mockito-all/1.10.19/mockito-all-1.10.19.jar:/home/user/.m2/repository/junit/junit/4.11/junit-4.11.jar:/home/user/.m2/repository/org/hamcrest/hamcrest-core/1.3/hamcrest-core-1.3.jar:/home/user/.m2/repository/org/apache/hadoop/hadoop-distcp/3.2.0/hadoop-distcp-3.2.0.jar:/home/user/.m2/repository/org/apache/hadoop/hadoop-distcp/3.2.0/hadoop-distcp-3.2.0-tests.jar:/home/user/.m2/repository/org/apache/hadoop/hadoop-mapreduce-client-jobclient/3.2.0/hadoop-mapreduce-client-jobclient-3.2.0.jar:/home/user/.m2/repository/org/apache/hadoop/hadoop-mapreduce-client-common/3.2.0/hadoop-mapreduce-client-common-3.2.0.jar:/home/user/.m2/repository/org/apache/hadoop/hadoop-yarn-common/3.2.0/hadoop-yarn-common-3.2.0.jar:/home/user/.m2/repository/org/apache/hadoop/hadoop-yarn-api/3.2.0/hadoop-yarn-api-3.2.0.jar:/home/user/.m2/repository/com/sun/jersey/jersey-client/1.19/jersey-client-1.19.jar:/home/user/.m2/repository/com/sun/jersey/contribs/jersey-guice/1.19/jersey-guice-1.19.jar:/home/user/.m2/repository/com/fasterxml/jackson/jaxrs/jackson-jaxrs-json-provider/2.9.9/jackson-jaxrs-json-provider-2.9.9.jar:/home/user/.m2/repository/com/fasterxml/jackson/jaxrs/jackson-jaxrs-base/2.9.9/jackson-jaxrs-base-2.9.9.jar:/home/user/.m2/repository/org/apache/hadoop/hadoop-yarn-client/3.2.0/hadoop-yarn-client-3.2.0.jar:/home/user/.m2/repository/org/apache/hadoop/hadoop-mapreduce-client-core/3.2.0/hadoop-mapreduce-client-core-3.2.0.jar:/home/user/.m2/repository/com/google/inject/extensions/guice-servlet/4.0/guice-servlet-4.0.jar:/home/user/.m2/repository/org/powermock/powermock-module-junit4/1.6.5/powermock-module-junit4-1.6.5.jar:/home/user/.m2/repository/org/powermock/powermock-module-junit4-common/1.6.5/powermock-module-junit4-common-1.6.5.jar:/home/user/.m2/repository/org/powermock/powermock-core/1.6.5/powermock-core-1.6.5.jar:/home/user/.m2/repository/org/powermock/powermock-reflect/1.6.5/powermock-reflect-1.6.5.jar:/home/user/.m2/repository/org/powermock/powermock-api-mockito/1.6.5/powermock-api-mockito-1.6.5.jar:/home/user/.m2/repository/org/mockito/mockito-core/1.10.19/mockito-core-1.10.19.jar:/home/user/.m2/repository/org/objenesis/objenesis/1.0/objenesis-1.0.jar:/home/user/.m2/repository/org/powermock/powermock-api-mockito-common/1.6.5/powermock-api-mockito-common-1.6.5.jar:/home/user/.m2/repository/org/powermock/powermock-api-support/1.6.5/powermock-api-support-1.6.5.jar:"/>
    <property name="java.vm.vendor" value="IcedTea"/>
    <property name="sun.arch.data.model" value="64"/>
    <property name="test.build.dir" value="/workdir/hadoop-ozone/ozonefs/target/test-dir"/>
    <property name="test.cache.data" value=""/>
    <property name="java.vendor.url" value="https://icedtea.classpath.org"/>
    <property name="user.timezone" value=""/>
    <property name="java.vm.specification.version" value="1.8"/>
    <property name="os.name" value="Linux"/>
    <property name="test.build.data" value="/workdir/hadoop-ozone/ozonefs/target/test-dir"/>
    <property name="user.country" value="US"/>
    <property name="sun.java.launcher" value="SUN_STANDARD"/>
    <property name="sun.boot.library.path" value="/usr/lib/jvm/java-1.8-openjdk/jre/lib/amd64"/>
    <property name="sun.java.command" value="/workdir/hadoop-ozone/ozonefs/target/surefire/surefirebooter247478921300014497.jar /workdir/hadoop-ozone/ozonefs/target/surefire 2019-09-25T03-16-05_214-jvmRun1 surefire9221312221826119198tmp surefire_1048997287261959951258tmp"/>
    <property name="test" value="!TestMiniChaosOzoneCluster"/>
    <property name="surefire.test.class.path" value="/workdir/hadoop-ozone/ozonefs/target/test-classes:/workdir/hadoop-ozone/ozonefs/target/classes:/home/user/.m2/repository/org/apache/hadoop/hadoop-common/3.2.0/hadoop-common-3.2.0.jar:/home/user/.m2/repository/org/apache/hadoop/hadoop-annotations/3.2.0/hadoop-annotations-3.2.0.jar:/usr/lib/jvm/java-1.8-openjdk/jre/../lib/tools.jar:/home/user/.m2/repository/com/google/guava/guava/11.0.2/guava-11.0.2.jar:/home/user/.m2/repository/commons-cli/commons-cli/1.2/commons-cli-1.2.jar:/home/user/.m2/repository/org/apache/commons/commons-math3/3.1.1/commons-math3-3.1.1.jar:/home/user/.m2/repository/org/apache/httpcomponents/httpclient/4.5.2/httpclient-4.5.2.jar:/home/user/.m2/repository/org/apache/httpcomponents/httpcore/4.4.4/httpcore-4.4.4.jar:/home/user/.m2/repository/commons-codec/commons-codec/1.11/commons-codec-1.11.jar:/home/user/.m2/repository/commons-io/commons-io/2.5/commons-io-2.5.jar:/home/user/.m2/repository/commons-net/commons-net/3.6/commons-net-3.6.jar:/home/user/.m2/repository/commons-collections/commons-collections/3.2.2/commons-collections-3.2.2.jar:/home/user/.m2/repository/javax/servlet/javax.servlet-api/3.1.0/javax.servlet-api-3.1.0.jar:/home/user/.m2/repository/org/eclipse/jetty/jetty-server/9.3.25.v20180904/jetty-server-9.3.25.v20180904.jar:/home/user/.m2/repository/org/eclipse/jetty/jetty-http/9.3.25.v20180904/jetty-http-9.3.25.v20180904.jar:/home/user/.m2/repository/org/eclipse/jetty/jetty-io/9.3.25.v20180904/jetty-io-9.3.25.v20180904.jar:/home/user/.m2/repository/org/eclipse/jetty/jetty-util/9.3.25.v20180904/jetty-util-9.3.25.v20180904.jar:/home/user/.m2/repository/org/eclipse/jetty/jetty-servlet/9.3.25.v20180904/jetty-servlet-9.3.25.v20180904.jar:/home/user/.m2/repository/org/eclipse/jetty/jetty-security/9.3.25.v20180904/jetty-security-9.3.25.v20180904.jar:/home/user/.m2/repository/org/eclipse/jetty/jetty-webapp/9.3.25.v20180904/jetty-webapp-9.3.25.v20180904.jar:/home/user/.m2/repository/org/eclipse/jetty/jetty-xml/9.3.25.v20180904/jetty-xml-9.3.25.v20180904.jar:/home/user/.m2/repository/javax/servlet/jsp/jsp-api/2.1/jsp-api-2.1.jar:/home/user/.m2/repository/com/sun/jersey/jersey-core/1.19/jersey-core-1.19.jar:/home/user/.m2/repository/javax/ws/rs/jsr311-api/1.1.1/jsr311-api-1.1.1.jar:/home/user/.m2/repository/com/sun/jersey/jersey-servlet/1.19/jersey-servlet-1.19.jar:/home/user/.m2/repository/com/sun/jersey/jersey-json/1.19/jersey-json-1.19.jar:/home/user/.m2/repository/org/codehaus/jettison/jettison/1.1/jettison-1.1.jar:/home/user/.m2/repository/com/sun/xml/bind/jaxb-impl/2.3.0.1/jaxb-impl-2.3.0.1.jar:/home/user/.m2/repository/org/codehaus/jackson/jackson-core-asl/1.9.13/jackson-core-asl-1.9.13.jar:/home/user/.m2/repository/org/codehaus/jackson/jackson-mapper-asl/1.9.13/jackson-mapper-asl-1.9.13.jar:/home/user/.m2/repository/org/codehaus/jackson/jackson-jaxrs/1.9.13/jackson-jaxrs-1.9.13.jar:/home/user/.m2/repository/org/codehaus/jackson/jackson-xc/1.9.13/jackson-xc-1.9.13.jar:/home/user/.m2/repository/com/sun/jersey/jersey-server/1.19/jersey-server-1.19.jar:/home/user/.m2/repository/commons-logging/commons-logging/1.1.3/commons-logging-1.1.3.jar:/home/user/.m2/repository/log4j/log4j/1.2.17/log4j-1.2.17.jar:/home/user/.m2/repository/commons-beanutils/commons-beanutils/1.9.4/commons-beanutils-1.9.4.jar:/home/user/.m2/repository/org/apache/commons/commons-configuration2/2.1.1/commons-configuration2-2.1.1.jar:/home/user/.m2/repository/org/apache/commons/commons-lang3/3.7/commons-lang3-3.7.jar:/home/user/.m2/repository/org/apache/commons/commons-text/1.4/commons-text-1.4.jar:/home/user/.m2/repository/org/slf4j/slf4j-api/1.7.25/slf4j-api-1.7.25.jar:/home/user/.m2/repository/org/slf4j/slf4j-log4j12/1.7.25/slf4j-log4j12-1.7.25.jar:/home/user/.m2/repository/org/apache/avro/avro/1.7.7/avro-1.7.7.jar:/home/user/.m2/repository/com/thoughtworks/paranamer/paranamer/2.3/paranamer-2.3.jar:/home/user/.m2/repository/org/xerial/snappy/snappy-java/1.0.5/snappy-java-1.0.5.jar:/home/user/.m2/repository/com/google/re2j/re2j/1.1/re2j-1.1.jar:/home/user/.m2/repository/com/google/protobuf/protobuf-java/2.5.0/protobuf-java-2.5.0.jar:/home/user/.m2/repository/com/google/code/gson/gson/2.2.4/gson-2.2.4.jar:/home/user/.m2/repository/org/apache/hadoop/hadoop-auth/3.2.0/hadoop-auth-3.2.0.jar:/home/user/.m2/repository/com/nimbusds/nimbus-jose-jwt/4.41.1/nimbus-jose-jwt-4.41.1.jar:/home/user/.m2/repository/com/github/stephenc/jcip/jcip-annotations/1.0-1/jcip-annotations-1.0-1.jar:/home/user/.m2/repository/net/minidev/json-smart/2.3/json-smart-2.3.jar:/home/user/.m2/repository/net/minidev/accessors-smart/1.2/accessors-smart-1.2.jar:/home/user/.m2/repository/org/apache/curator/curator-framework/2.12.0/curator-framework-2.12.0.jar:/home/user/.m2/repository/com/jcraft/jsch/0.1.54/jsch-0.1.54.jar:/home/user/.m2/repository/org/apache/curator/curator-client/2.12.0/curator-client-2.12.0.jar:/home/user/.m2/repository/org/apache/curator/curator-recipes/2.12.0/curator-recipes-2.12.0.jar:/home/user/.m2/repository/com/google/code/findbugs/jsr305/3.0.0/jsr305-3.0.0.jar:/home/user/.m2/repository/org/apache/htrace/htrace-core4/4.1.0-incubating/htrace-core4-4.1.0-incubating.jar:/home/user/.m2/repository/org/apache/zookeeper/zookeeper/3.4.13/zookeeper-3.4.13.jar:/home/user/.m2/repository/jline/jline/0.9.94/jline-0.9.94.jar:/home/user/.m2/repository/org/apache/yetus/audience-annotations/0.5.0/audience-annotations-0.5.0.jar:/home/user/.m2/repository/org/apache/commons/commons-compress/1.4.1/commons-compress-1.4.1.jar:/home/user/.m2/repository/org/tukaani/xz/1.0/xz-1.0.jar:/home/user/.m2/repository/org/apache/kerby/kerb-simplekdc/1.0.1/kerb-simplekdc-1.0.1.jar:/home/user/.m2/repository/org/apache/kerby/kerb-client/1.0.1/kerb-client-1.0.1.jar:/home/user/.m2/repository/org/apache/kerby/kerby-config/1.0.1/kerby-config-1.0.1.jar:/home/user/.m2/repository/org/apache/kerby/kerb-core/1.0.1/kerb-core-1.0.1.jar:/home/user/.m2/repository/org/apache/kerby/kerby-pkix/1.0.1/kerby-pkix-1.0.1.jar:/home/user/.m2/repository/org/apache/kerby/kerby-asn1/1.0.1/kerby-asn1-1.0.1.jar:/home/user/.m2/repository/org/apache/kerby/kerby-util/1.0.1/kerby-util-1.0.1.jar:/home/user/.m2/repository/org/apache/kerby/kerb-common/1.0.1/kerb-common-1.0.1.jar:/home/user/.m2/repository/org/apache/kerby/kerb-crypto/1.0.1/kerb-crypto-1.0.1.jar:/home/user/.m2/repository/org/apache/kerby/kerb-util/1.0.1/kerb-util-1.0.1.jar:/home/user/.m2/repository/org/apache/kerby/token-provider/1.0.1/token-provider-1.0.1.jar:/home/user/.m2/repository/org/apache/kerby/kerb-admin/1.0.1/kerb-admin-1.0.1.jar:/home/user/.m2/repository/org/apache/kerby/kerb-server/1.0.1/kerb-server-1.0.1.jar:/home/user/.m2/repository/org/apache/kerby/kerb-identity/1.0.1/kerb-identity-1.0.1.jar:/home/user/.m2/repository/org/apache/kerby/kerby-xdr/1.0.1/kerby-xdr-1.0.1.jar:/home/user/.m2/repository/com/fasterxml/jackson/core/jackson-databind/2.9.9/jackson-databind-2.9.9.jar:/home/user/.m2/repository/com/fasterxml/jackson/core/jackson-annotations/2.9.9/jackson-annotations-2.9.9.jar:/home/user/.m2/repository/com/fasterxml/jackson/core/jackson-core/2.9.9/jackson-core-2.9.9.jar:/home/user/.m2/repository/org/codehaus/woodstox/stax2-api/3.1.4/stax2-api-3.1.4.jar:/home/user/.m2/repository/com/fasterxml/woodstox/woodstox-core/5.0.3/woodstox-core-5.0.3.jar:/home/user/.m2/repository/dnsjava/dnsjava/2.1.7/dnsjava-2.1.7.jar:/home/user/.m2/repository/org/apache/hadoop/hadoop-hdfs/3.2.0/hadoop-hdfs-3.2.0.jar:/home/user/.m2/repository/org/eclipse/jetty/jetty-util-ajax/9.3.25.v20180904/jetty-util-ajax-9.3.25.v20180904.jar:/home/user/.m2/repository/commons-daemon/commons-daemon/1.0.13/commons-daemon-1.0.13.jar:/home/user/.m2/repository/io/netty/netty/3.10.5.Final/netty-3.10.5.Final.jar:/home/user/.m2/repository/io/netty/netty-all/4.0.52.Final/netty-all-4.0.52.Final.jar:/home/user/.m2/repository/org/fusesource/leveldbjni/leveldbjni-all/1.8/leveldbjni-all-1.8.jar:/home/user/.m2/repository/org/apache/hadoop/hadoop-hdds-common/0.5.0-SNAPSHOT/hadoop-hdds-common-0.5.0-SNAPSHOT.jar:/home/user/.m2/repository/org/apache/hadoop/hadoop-hdds-config/0.5.0-SNAPSHOT/hadoop-hdds-config-0.5.0-SNAPSHOT.jar:/home/user/.m2/repository/javax/annotation/javax.annotation-api/1.2/javax.annotation-api-1.2.jar:/home/user/.m2/repository/org/apache/ratis/ratis-server/0.4.0/ratis-server-0.4.0.jar:/home/user/.m2/repository/org/apache/ratis/ratis-thirdparty-misc/0.2.0/ratis-thirdparty-misc-0.2.0.jar:/home/user/.m2/repository/org/apache/ratis/ratis-proto/0.4.0/ratis-proto-0.4.0.jar:/home/user/.m2/repository/org/apache/ratis/ratis-common/0.4.0/ratis-common-0.4.0.jar:/home/user/.m2/repository/org/apache/ratis/ratis-client/0.4.0/ratis-client-0.4.0.jar:/home/user/.m2/repository/org/apache/ratis/ratis-metrics/0.4.0/ratis-metrics-0.4.0.jar:/home/user/.m2/repository/com/github/joshelser/dropwizard-metrics-hadoop-metrics2-reporter/0.1.2/dropwizard-metrics-hadoop-metrics2-reporter-0.1.2.jar:/home/user/.m2/repository/io/dropwizard/metrics/metrics-jvm/3.2.5/metrics-jvm-3.2.5.jar:/home/user/.m2/repository/io/dropwizard/metrics/metrics-ganglia/3.2.5/metrics-ganglia-3.2.5.jar:/home/user/.m2/repository/info/ganglia/gmetric4j/gmetric4j/1.0.7/gmetric4j-1.0.7.jar:/home/user/.m2/repository/org/apache/ratis/ratis-netty/0.4.0/ratis-netty-0.4.0.jar:/home/user/.m2/repository/org/apache/ratis/ratis-grpc/0.4.0/ratis-grpc-0.4.0.jar:/home/user/.m2/repository/org/rocksdb/rocksdbjni/6.0.1/rocksdbjni-6.0.1.jar:/home/user/.m2/repository/org/apache/logging/log4j/log4j-api/2.11.0/log4j-api-2.11.0.jar:/home/user/.m2/repository/org/apache/logging/log4j/log4j-core/2.11.0/log4j-core-2.11.0.jar:/home/user/.m2/repository/com/lmax/disruptor/3.4.2/disruptor-3.4.2.jar:/home/user/.m2/repository/org/apache/commons/commons-pool2/2.6.0/commons-pool2-2.6.0.jar:/home/user/.m2/repository/org/bouncycastle/bcpkix-jdk15on/1.60/bcpkix-jdk15on-1.60.jar:/home/user/.m2/repository/commons-validator/commons-validator/1.6/commons-validator-1.6.jar:/home/user/.m2/repository/commons-digester/commons-digester/1.8.1/commons-digester-1.8.1.jar:/home/user/.m2/repository/io/jaegertracing/jaeger-client/0.34.0/jaeger-client-0.34.0.jar:/home/user/.m2/repository/io/jaegertracing/jaeger-thrift/0.34.0/jaeger-thrift-0.34.0.jar:/home/user/.m2/repository/org/apache/thrift/libthrift/0.12.0/libthrift-0.12.0.jar:/home/user/.m2/repository/com/squareup/okhttp3/okhttp/3.9.0/okhttp-3.9.0.jar:/home/user/.m2/repository/com/squareup/okio/okio/1.13.0/okio-1.13.0.jar:/home/user/.m2/repository/io/jaegertracing/jaeger-core/0.34.0/jaeger-core-0.34.0.jar:/home/user/.m2/repository/io/jaegertracing/jaeger-tracerresolver/0.34.0/jaeger-tracerresolver-0.34.0.jar:/home/user/.m2/repository/io/opentracing/contrib/opentracing-tracerresolver/0.1.5/opentracing-tracerresolver-0.1.5.jar:/home/user/.m2/repository/io/opentracing/opentracing-util/0.31.0/opentracing-util-0.31.0.jar:/home/user/.m2/repository/io/opentracing/opentracing-api/0.31.0/opentracing-api-0.31.0.jar:/home/user/.m2/repository/io/opentracing/opentracing-noop/0.31.0/opentracing-noop-0.31.0.jar:/home/user/.m2/repository/org/yaml/snakeyaml/1.16/snakeyaml-1.16.jar:/home/user/.m2/repository/org/apache/hadoop/hadoop-hdfs-client/3.2.0/hadoop-hdfs-client-3.2.0.jar:/home/user/.m2/repository/info/picocli/picocli/3.9.6/picocli-3.9.6.jar:/home/user/.m2/repository/org/apache/hadoop/hadoop-hdds-server-scm/0.5.0-SNAPSHOT/hadoop-hdds-server-scm-0.5.0-SNAPSHOT.jar:/home/user/.m2/repository/org/apache/hadoop/hadoop-hdds-docs/0.5.0-SNAPSHOT/hadoop-hdds-docs-0.5.0-SNAPSHOT.jar:/home/user/.m2/repository/io/dropwizard/metrics/metrics-core/3.2.4/metrics-core-3.2.4.jar:/home/user/.m2/repository/org/hamcrest/hamcrest-all/1.3/hamcrest-all-1.3.jar:/home/user/.m2/repository/org/bouncycastle/bcprov-jdk15on/1.60/bcprov-jdk15on-1.60.jar:/home/user/.m2/repository/org/apache/hadoop/hadoop-hdds-server-framework/0.5.0-SNAPSHOT/hadoop-hdds-server-framework-0.5.0-SNAPSHOT.jar:/home/user/.m2/repository/org/apache/hadoop/hadoop-ozone-ozone-manager/0.5.0-SNAPSHOT/hadoop-ozone-ozone-manager-0.5.0-SNAPSHOT.jar:/home/user/.m2/repository/org/apache/hadoop/hadoop-hdds-container-service/0.5.0-SNAPSHOT/hadoop-hdds-container-service-0.5.0-SNAPSHOT.jar:/home/user/.m2/repository/org/apache/hadoop/hadoop-hdds-client/0.5.0-SNAPSHOT/hadoop-hdds-client-0.5.0-SNAPSHOT.jar:/home/user/.m2/repository/org/apache/hadoop/hadoop-ozone-common/0.5.0-SNAPSHOT/hadoop-ozone-common-0.5.0-SNAPSHOT.jar:/home/user/.m2/repository/org/apache/hadoop/hadoop-hdds-tools/0.5.0-SNAPSHOT/hadoop-hdds-tools-0.5.0-SNAPSHOT.jar:/home/user/.m2/repository/org/xerial/sqlite-jdbc/3.25.2/sqlite-jdbc-3.25.2.jar:/home/user/.m2/repository/com/google/code/findbugs/findbugs/3.0.1/findbugs-3.0.1.jar:/home/user/.m2/repository/net/jcip/jcip-annotations/1.0/jcip-annotations-1.0.jar:/home/user/.m2/repository/com/google/code/findbugs/bcel-findbugs/6.0/bcel-findbugs-6.0.jar:/home/user/.m2/repository/com/google/code/findbugs/jFormatString/2.0.1/jFormatString-2.0.1.jar:/home/user/.m2/repository/dom4j/dom4j/1.6.1/dom4j-1.6.1.jar:/home/user/.m2/repository/xml-apis/xml-apis/1.0.b2/xml-apis-1.0.b2.jar:/home/user/.m2/repository/org/ow2/asm/asm-debug-all/5.0.2/asm-debug-all-5.0.2.jar:/home/user/.m2/repository/org/ow2/asm/asm-commons/5.0.2/asm-commons-5.0.2.jar:/home/user/.m2/repository/org/ow2/asm/asm-tree/5.0.2/asm-tree-5.0.2.jar:/home/user/.m2/repository/org/ow2/asm/asm/5.0.4/asm-5.0.4.jar:/home/user/.m2/repository/commons-lang/commons-lang/2.6/commons-lang-2.6.jar:/home/user/.m2/repository/com/apple/AppleJavaExtensions/1.4/AppleJavaExtensions-1.4.jar:/home/user/.m2/repository/jaxen/jaxen/1.1.6/jaxen-1.1.6.jar:/home/user/.m2/repository/org/apache/hadoop/hadoop-common/3.2.0/hadoop-common-3.2.0-tests.jar:/home/user/.m2/repository/org/apache/hadoop/hadoop-ozone-client/0.5.0-SNAPSHOT/hadoop-ozone-client-0.5.0-SNAPSHOT.jar:/home/user/.m2/repository/org/apache/hadoop/hadoop-hdfs/3.2.0/hadoop-hdfs-3.2.0-tests.jar:/workdir/hadoop-ozone/integration-test/target/test-classes:/home/user/.m2/repository/org/apache/hadoop/hadoop-ozone-s3gateway/0.5.0-SNAPSHOT/hadoop-ozone-s3gateway-0.5.0-SNAPSHOT.jar:/home/user/.m2/repository/org/jboss/weld/servlet/weld-servlet/2.4.7.Final/weld-servlet-2.4.7.Final.jar:/home/user/.m2/repository/org/glassfish/jersey/containers/jersey-container-servlet-core/2.27/jersey-container-servlet-core-2.27.jar:/home/user/.m2/repository/org/glassfish/hk2/external/javax.inject/2.5.0-b42/javax.inject-2.5.0-b42.jar:/home/user/.m2/repository/org/glassfish/jersey/core/jersey-common/2.27/jersey-common-2.27.jar:/home/user/.m2/repository/org/glassfish/hk2/osgi-resource-locator/1.0.1/osgi-resource-locator-1.0.1.jar:/home/user/.m2/repository/javax/ws/rs/javax.ws.rs-api/2.1/javax.ws.rs-api-2.1.jar:/home/user/.m2/repository/org/glassfish/jersey/ext/cdi/jersey-cdi1x/2.27/jersey-cdi1x-2.27.jar:/home/user/.m2/repository/org/glassfish/jersey/inject/jersey-hk2/2.27/jersey-hk2-2.27.jar:/home/user/.m2/repository/org/glassfish/hk2/hk2-locator/2.5.0-b42/hk2-locator-2.5.0-b42.jar:/home/user/.m2/repository/org/javassist/javassist/3.22.0-CR2/javassist-3.22.0-CR2.jar:/home/user/.m2/repository/org/glassfish/hk2/hk2-api/2.5.0/hk2-api-2.5.0.jar:/home/user/.m2/repository/org/glassfish/hk2/external/jakarta.inject/2.5.0/jakarta.inject-2.5.0.jar:/home/user/.m2/repository/org/glassfish/hk2/hk2-utils/2.5.0/hk2-utils-2.5.0.jar:/home/user/.m2/repository/jakarta/annotation/jakarta.annotation-api/1.3.4/jakarta.annotation-api-1.3.4.jar:/home/user/.m2/repository/org/glassfish/hk2/external/aopalliance-repackaged/2.5.0/aopalliance-repackaged-2.5.0.jar:/home/user/.m2/repository/com/fasterxml/jackson/dataformat/jackson-dataformat-xml/2.9.0/jackson-dataformat-xml-2.9.0.jar:/home/user/.m2/repository/com/fasterxml/jackson/module/jackson-module-jaxb-annotations/2.9.9/jackson-module-jaxb-annotations-2.9.9.jar:/home/user/.m2/repository/javax/enterprise/cdi-api/1.2/cdi-api-1.2.jar:/home/user/.m2/repository/javax/el/javax.el-api/3.0.0/javax.el-api-3.0.0.jar:/home/user/.m2/repository/javax/interceptor/javax.interceptor-api/1.2/javax.interceptor-api-1.2.jar:/home/user/.m2/repository/javax/inject/javax.inject/1/javax.inject-1.jar:/home/user/.m2/repository/com/sun/xml/bind/jaxb-core/2.3.0.1/jaxb-core-2.3.0.1.jar:/home/user/.m2/repository/javax/xml/bind/jaxb-api/2.3.0/jaxb-api-2.3.0.jar:/home/user/.m2/repository/javax/activation/activation/1.1.1/activation-1.1.1.jar:/home/user/.m2/repository/org/apache/hadoop/hadoop-ozone-csi/0.5.0-SNAPSHOT/hadoop-ozone-csi-0.5.0-SNAPSHOT.jar:/home/user/.m2/repository/com/google/protobuf/protobuf-java-util/3.5.1/protobuf-java-util-3.5.1.jar:/home/user/.m2/repository/io/grpc/grpc-netty/1.17.1/grpc-netty-1.17.1.jar:/home/user/.m2/repository/io/grpc/grpc-core/1.17.1/grpc-core-1.17.1.jar:/home/user/.m2/repository/io/grpc/grpc-context/1.17.1/grpc-context-1.17.1.jar:/home/user/.m2/repository/com/google/errorprone/error_prone_annotations/2.2.0/error_prone_annotations-2.2.0.jar:/home/user/.m2/repository/org/codehaus/mojo/animal-sniffer-annotations/1.17/animal-sniffer-annotations-1.17.jar:/home/user/.m2/repository/io/opencensus/opencensus-api/0.17.0/opencensus-api-0.17.0.jar:/home/user/.m2/repository/io/opencensus/opencensus-contrib-grpc-metrics/0.17.0/opencensus-contrib-grpc-metrics-0.17.0.jar:/home/user/.m2/repository/io/netty/netty-codec-http2/4.1.30.Final/netty-codec-http2-4.1.30.Final.jar:/home/user/.m2/repository/io/netty/netty-codec-http/4.1.30.Final/netty-codec-http-4.1.30.Final.jar:/home/user/.m2/repository/io/netty/netty-codec/4.1.30.Final/netty-codec-4.1.30.Final.jar:/home/user/.m2/repository/io/netty/netty-handler/4.1.30.Final/netty-handler-4.1.30.Final.jar:/home/user/.m2/repository/io/netty/netty-handler-proxy/4.1.30.Final/netty-handler-proxy-4.1.30.Final.jar:/home/user/.m2/repository/io/netty/netty-codec-socks/4.1.30.Final/netty-codec-socks-4.1.30.Final.jar:/home/user/.m2/repository/io/netty/netty-transport-native-epoll/4.1.30.Final/netty-transport-native-epoll-4.1.30.Final.jar:/home/user/.m2/repository/io/netty/netty-common/4.1.30.Final/netty-common-4.1.30.Final.jar:/home/user/.m2/repository/io/netty/netty-buffer/4.1.30.Final/netty-buffer-4.1.30.Final.jar:/home/user/.m2/repository/io/netty/netty-transport/4.1.30.Final/netty-transport-4.1.30.Final.jar:/home/user/.m2/repository/io/netty/netty-resolver/4.1.30.Final/netty-resolver-4.1.30.Final.jar:/home/user/.m2/repository/io/netty/netty-transport-native-unix-common/4.1.30.Final/netty-transport-native-unix-common-4.1.30.Final.jar:/home/user/.m2/repository/io/grpc/grpc-protobuf/1.17.1/grpc-protobuf-1.17.1.jar:/home/user/.m2/repository/com/google/api/grpc/proto-google-common-protos/1.0.0/proto-google-common-protos-1.0.0.jar:/home/user/.m2/repository/io/grpc/grpc-protobuf-lite/1.17.1/grpc-protobuf-lite-1.17.1.jar:/home/user/.m2/repository/io/grpc/grpc-stub/1.17.1/grpc-stub-1.17.1.jar:/home/user/.m2/repository/org/apache/hadoop/hadoop-ozone-recon/0.5.0-SNAPSHOT/hadoop-ozone-recon-0.5.0-SNAPSHOT.jar:/home/user/.m2/repository/org/apache/hadoop/hadoop-ozone-reconcodegen/0.5.0-SNAPSHOT/hadoop-ozone-reconcodegen-0.5.0-SNAPSHOT.jar:/home/user/.m2/repository/com/google/inject/extensions/guice-multibindings/4.0/guice-multibindings-4.0.jar:/home/user/.m2/repository/com/google/inject/guice/4.0/guice-4.0.jar:/home/user/.m2/repository/aopalliance/aopalliance/1.0/aopalliance-1.0.jar:/home/user/.m2/repository/org/glassfish/jersey/containers/jersey-container-servlet/2.27/jersey-container-servlet-2.27.jar:/home/user/.m2/repository/org/glassfish/hk2/guice-bridge/2.5.0/guice-bridge-2.5.0.jar:/home/user/.m2/repository/org/glassfish/jersey/core/jersey-server/2.27/jersey-server-2.27.jar:/home/user/.m2/repository/org/glassfish/jersey/core/jersey-client/2.27/jersey-client-2.27.jar:/home/user/.m2/repository/org/glassfish/jersey/media/jersey-media-jaxb/2.27/jersey-media-jaxb-2.27.jar:/home/user/.m2/repository/javax/validation/validation-api/1.1.0.Final/validation-api-1.1.0.Final.jar:/home/user/.m2/repository/org/glassfish/jersey/media/jersey-media-json-jackson/2.27/jersey-media-json-jackson-2.27.jar:/home/user/.m2/repository/org/glassfish/jersey/ext/jersey-entity-filtering/2.27/jersey-entity-filtering-2.27.jar:/home/user/.m2/repository/com/google/inject/extensions/guice-assistedinject/4.0/guice-assistedinject-4.0.jar:/home/user/.m2/repository/org/jooq/jooq/3.11.10/jooq-3.11.10.jar:/home/user/.m2/repository/org/jooq/jooq-meta/3.11.10/jooq-meta-3.11.10.jar:/home/user/.m2/repository/org/jooq/jooq-codegen/3.11.10/jooq-codegen-3.11.10.jar:/home/user/.m2/repository/com/jolbox/bonecp/0.8.0.RELEASE/bonecp-0.8.0.RELEASE.jar:/home/user/.m2/repository/org/springframework/spring-jdbc/5.1.3.RELEASE/spring-jdbc-5.1.3.RELEASE.jar:/home/user/.m2/repository/org/springframework/spring-beans/5.1.3.RELEASE/spring-beans-5.1.3.RELEASE.jar:/home/user/.m2/repository/org/springframework/spring-core/5.1.3.RELEASE/spring-core-5.1.3.RELEASE.jar:/home/user/.m2/repository/org/springframework/spring-jcl/5.1.3.RELEASE/spring-jcl-5.1.3.RELEASE.jar:/home/user/.m2/repository/org/springframework/spring-tx/5.1.3.RELEASE/spring-tx-5.1.3.RELEASE.jar:/home/user/.m2/repository/org/mockito/mockito-all/1.10.19/mockito-all-1.10.19.jar:/home/user/.m2/repository/junit/junit/4.11/junit-4.11.jar:/home/user/.m2/repository/org/hamcrest/hamcrest-core/1.3/hamcrest-core-1.3.jar:/home/user/.m2/repository/org/apache/hadoop/hadoop-distcp/3.2.0/hadoop-distcp-3.2.0.jar:/home/user/.m2/repository/org/apache/hadoop/hadoop-distcp/3.2.0/hadoop-distcp-3.2.0-tests.jar:/home/user/.m2/repository/org/apache/hadoop/hadoop-mapreduce-client-jobclient/3.2.0/hadoop-mapreduce-client-jobclient-3.2.0.jar:/home/user/.m2/repository/org/apache/hadoop/hadoop-mapreduce-client-common/3.2.0/hadoop-mapreduce-client-common-3.2.0.jar:/home/user/.m2/repository/org/apache/hadoop/hadoop-yarn-common/3.2.0/hadoop-yarn-common-3.2.0.jar:/home/user/.m2/repository/org/apache/hadoop/hadoop-yarn-api/3.2.0/hadoop-yarn-api-3.2.0.jar:/home/user/.m2/repository/com/sun/jersey/jersey-client/1.19/jersey-client-1.19.jar:/home/user/.m2/repository/com/sun/jersey/contribs/jersey-guice/1.19/jersey-guice-1.19.jar:/home/user/.m2/repository/com/fasterxml/jackson/jaxrs/jackson-jaxrs-json-provider/2.9.9/jackson-jaxrs-json-provider-2.9.9.jar:/home/user/.m2/repository/com/fasterxml/jackson/jaxrs/jackson-jaxrs-base/2.9.9/jackson-jaxrs-base-2.9.9.jar:/home/user/.m2/repository/org/apache/hadoop/hadoop-yarn-client/3.2.0/hadoop-yarn-client-3.2.0.jar:/home/user/.m2/repository/org/apache/hadoop/hadoop-mapreduce-client-core/3.2.0/hadoop-mapreduce-client-core-3.2.0.jar:/home/user/.m2/repository/com/google/inject/extensions/guice-servlet/4.0/guice-servlet-4.0.jar:/home/user/.m2/repository/org/powermock/powermock-module-junit4/1.6.5/powermock-module-junit4-1.6.5.jar:/home/user/.m2/repository/org/powermock/powermock-module-junit4-common/1.6.5/powermock-module-junit4-common-1.6.5.jar:/home/user/.m2/repository/org/powermock/powermock-core/1.6.5/powermock-core-1.6.5.jar:/home/user/.m2/repository/org/powermock/powermock-reflect/1.6.5/powermock-reflect-1.6.5.jar:/home/user/.m2/repository/org/powermock/powermock-api-mockito/1.6.5/powermock-api-mockito-1.6.5.jar:/home/user/.m2/repository/org/mockito/mockito-core/1.10.19/mockito-core-1.10.19.jar:/home/user/.m2/repository/org/objenesis/objenesis/1.0/objenesis-1.0.jar:/home/user/.m2/repository/org/powermock/powermock-api-mockito-common/1.6.5/powermock-api-mockito-common-1.6.5.jar:/home/user/.m2/repository/org/powermock/powermock-api-support/1.6.5/powermock-api-support-1.6.5.jar:"/>
    <property name="sun.cpu.endian" value="little"/>
    <property name="user.home" value="/home/user"/>
    <property name="user.language" value="en"/>
    <property name="java.specification.vendor" value="Oracle Corporation"/>
    <property name="java.home" value="/usr/lib/jvm/java-1.8-openjdk/jre"/>
    <property name="java.security.krb5.conf" value="/workdir/hadoop-ozone/ozonefs/target/test-classes/krb5.conf"/>
    <property name="basedir" value="/workdir/hadoop-ozone/ozonefs"/>
    <property name="file.separator" value="/"/>
    <property name="line.separator" value="&#10;"/>
    <property name="java.vm.specification.vendor" value="Oracle Corporation"/>
    <property name="java.specification.name" value="Java Platform API Specification"/>
    <property name="java.awt.graphicsenv" value="sun.awt.X11GraphicsEnvironment"/>
    <property name="surefire.real.class.path" value="/workdir/hadoop-ozone/ozonefs/target/surefire/surefirebooter247478921300014497.jar"/>
    <property name="hadoop.log.dir" value="/workdir/hadoop-ozone/ozonefs/target/log"/>
    <property name="sun.boot.class.path" value="/usr/lib/jvm/java-1.8-openjdk/jre/lib/resources.jar:/usr/lib/jvm/java-1.8-openjdk/jre/lib/rt.jar:/usr/lib/jvm/java-1.8-openjdk/jre/lib/sunrsasign.jar:/usr/lib/jvm/java-1.8-openjdk/jre/lib/jsse.jar:/usr/lib/jvm/java-1.8-openjdk/jre/lib/jce.jar:/usr/lib/jvm/java-1.8-openjdk/jre/lib/charsets.jar:/usr/lib/jvm/java-1.8-openjdk/jre/lib/jfr.jar:/usr/lib/jvm/java-1.8-openjdk/jre/classes"/>
    <property name="sun.management.compiler" value="HotSpot 64-Bit Tiered Compilers"/>
    <property name="java.runtime.version" value="1.8.0_212-b04"/>
    <property name="java.net.preferIPv4Stack" value="true"/>
    <property name="user.name" value="jenkins1000"/>
    <property name="path.separator" value=":"/>
    <property name="java.security.egd" value="file:///dev/urandom"/>
    <property name="os.version" value="3.10.0-957.12.2.el7.x86_64"/>
    <property name="java.endorsed.dirs" value="/usr/lib/jvm/java-1.8-openjdk/jre/lib/endorsed"/>
    <property name="java.runtime.name" value="OpenJDK Runtime Environment"/>
    <property name="file.encoding" value="UTF-8"/>
    <property name="java.vm.name" value="OpenJDK 64-Bit Server VM"/>
    <property name="test.build.webapps" value=""/>
    <property name="localRepository" value="/home/user/.m2/repository"/>
    <property name="java.vendor.url.bug" value="https://icedtea.classpath.org/bugzilla"/>
    <property name="java.io.tmpdir" value="/tmp"/>
    <property name="require.test.libhadoop" value=""/>
    <property name="java.version" value="1.8.0_212"/>
    <property name="user.dir" value="/workdir/hadoop-ozone/ozonefs"/>
    <property name="os.arch" value="amd64"/>
    <property name="java.vm.specification.name" value="Java Virtual Machine Specification"/>
    <property name="test.build.classes" value="/workdir/hadoop-ozone/ozonefs/target/test-classes"/>
    <property name="java.awt.printerjob" value="sun.print.PSPrinterJob"/>
    <property name="sun.os.patch.level" value="unknown"/>
    <property name="hadoop.tmp.dir" value="/workdir/hadoop-ozone/ozonefs/target/tmp"/>
    <property name="java.library.path" value="/usr/lib/jvm/java-1.8-openjdk/jre/lib/amd64/server:/usr/lib/jvm/java-1.8-openjdk/jre/lib/amd64:/usr/lib/jvm/java-1.8-openjdk/jre/../lib/amd64:/workdir/hadoop-ozone/ozonefs/target/native/target/usr/local/lib:/workdir/hadoop-ozone/ozonefs/../../hadoop-common-project/hadoop-common/target/native/target/usr/local/lib:/usr/java/packages/lib/amd64:/usr/lib64:/lib64:/lib:/usr/lib"/>
    <property name="java.vm.info" value="mixed mode"/>
    <property name="java.vendor" value="IcedTea"/>
    <property name="java.vm.version" value="25.212-b04"/>
    <property name="java.ext.dirs" value="/usr/lib/jvm/java-1.8-openjdk/jre/lib/ext:/usr/java/packages/lib/ext"/>
    <property name="sun.io.unicode.encoding" value="UnicodeLittle"/>
    <property name="java.class.version" value="52.0"/>
  </properties>
  <testcase name="org.apache.hadoop.fs.ozone.TestOzoneFSInputStream" classname="org.apache.hadoop.fs.ozone.TestOzoneFSInputStream" time="46.062">
    <error message="Allocated 0 blocks. Requested 1 blocks" type="INTERNAL_ERROR org.apache.hadoop.ozone.om.exceptions.OMException">INTERNAL_ERROR org.apache.hadoop.ozone.om.exceptions.OMException: Allocated 0 blocks. Requested 1 blocks
	at org.apache.hadoop.ozone.om.protocolPB.OzoneManagerProtocolClientSideTranslatorPB.handleError(OzoneManagerProtocolClientSideTranslatorPB.java:732)
	at org.apache.hadoop.ozone.om.protocolPB.OzoneManagerProtocolClientSideTranslatorPB.createFile(OzoneManagerProtocolClientSideTranslatorPB.java:1536)
	at sun.reflect.NativeMethodAccessorImpl.invoke0(Native Method)
	at sun.reflect.NativeMethodAccessorImpl.invoke(NativeMethodAccessorImpl.java:62)
	at sun.reflect.DelegatingMethodAccessorImpl.invoke(DelegatingMethodAccessorImpl.java:43)
	at java.lang.reflect.Method.invoke(Method.java:498)
	at org.apache.hadoop.hdds.tracing.TraceAllMethod.invoke(TraceAllMethod.java:66)
	at com.sun.proxy.$Proxy37.createFile(Unknown Source)
	at org.apache.hadoop.ozone.client.rpc.RpcClient.createFile(RpcClient.java:1006)
	at org.apache.hadoop.ozone.client.OzoneBucket.createFile(OzoneBucket.java:537)
	at org.apache.hadoop.fs.ozone.BasicOzoneClientAdapterImpl.createFile(BasicOzoneClientAdapterImpl.java:205)
	at org.apache.hadoop.fs.ozone.BasicOzoneFileSystem.createOutputStream(BasicOzoneFileSystem.java:250)
	at org.apache.hadoop.fs.ozone.BasicOzoneFileSystem.create(BasicOzoneFileSystem.java:231)
	at org.apache.hadoop.fs.FileSystem.create(FileSystem.java:1118)
	at org.apache.hadoop.fs.FileSystem.create(FileSystem.java:1098)
	at org.apache.hadoop.fs.FileSystem.create(FileSystem.java:987)
	at org.apache.hadoop.fs.FileSystem.create(FileSystem.java:975)
	at org.apache.hadoop.fs.ozone.TestOzoneFSInputStream.init(TestOzoneFSInputStream.java:86)
	at sun.reflect.NativeMethodAccessorImpl.invoke0(Native Method)
	at sun.reflect.NativeMethodAccessorImpl.invoke(NativeMethodAccessorImpl.java:62)
	at sun.reflect.DelegatingMethodAccessorImpl.invoke(DelegatingMethodAccessorImpl.java:43)
	at java.lang.reflect.Method.invoke(Method.java:498)
	at org.junit.runners.model.FrameworkMethod$1.runReflectiveCall(FrameworkMethod.java:47)
	at org.junit.internal.runners.model.ReflectiveCallable.run(ReflectiveCallable.java:12)
	at org.junit.runners.model.FrameworkMethod.invokeExplosively(FrameworkMethod.java:44)
	at org.junit.internal.runners.statements.RunBefores.evaluate(RunBefores.java:24)
	at org.junit.internal.runners.statements.RunAfters.evaluate(RunAfters.java:27)
	at org.junit.runners.ParentRunner.run(ParentRunner.java:309)
	at org.apache.maven.surefire.junit4.JUnit4Provider.execute(JUnit4Provider.java:365)
	at org.apache.maven.surefire.junit4.JUnit4Provider.executeWithRerun(JUnit4Provider.java:273)
	at org.apache.maven.surefire.junit4.JUnit4Provider.executeTestSet(JUnit4Provider.java:238)
	at org.apache.maven.surefire.junit4.JUnit4Provider.invoke(JUnit4Provider.java:159)
	at org.apache.maven.surefire.booter.ForkedBooter.invokeProviderInSameClassLoader(ForkedBooter.java:384)
	at org.apache.maven.surefire.booter.ForkedBooter.runSuitesInProcess(ForkedBooter.java:345)
	at org.apache.maven.surefire.booter.ForkedBooter.execute(ForkedBooter.java:126)
	at org.apache.maven.surefire.booter.ForkedBooter.main(ForkedBooter.java:418)
</error>
    <system-out><![CDATA[2019-09-25 07:27:21,761 [main] WARN  server.ServerUtils (ServerUtils.java:getScmDbDir(145)) - ozone.scm.db.dirs is not configured. We recommend adding this setting. Falling back to ozone.metadata.dirs instead.
2019-09-25 07:27:21,860 [main] WARN  server.ServerUtils (ServerUtils.java:getScmDbDir(145)) - ozone.scm.db.dirs is not configured. We recommend adding this setting. Falling back to ozone.metadata.dirs instead.
2019-09-25 07:27:21,863 [main] WARN  server.ServerUtils (ServerUtils.java:getScmDbDir(145)) - ozone.scm.db.dirs is not configured. We recommend adding this setting. Falling back to ozone.metadata.dirs instead.
2019-09-25 07:27:21,879 [main] INFO  util.log (Log.java:initialized(192)) - Logging initialized @885ms
2019-09-25 07:27:21,967 [main] INFO  db.DBStoreBuilder (DBStoreBuilder.java:addTable(110)) - using custom profile for table: deletedBlocks
2019-09-25 07:27:21,967 [main] INFO  db.DBStoreBuilder (DBStoreBuilder.java:processTables(161)) - Using default column profile:DBProfile.DISK for Table:deletedBlocks
2019-09-25 07:27:21,967 [main] INFO  db.DBStoreBuilder (DBStoreBuilder.java:addTable(110)) - using custom profile for table: validCerts
2019-09-25 07:27:21,968 [main] INFO  db.DBStoreBuilder (DBStoreBuilder.java:processTables(161)) - Using default column profile:DBProfile.DISK for Table:validCerts
2019-09-25 07:27:21,968 [main] INFO  db.DBStoreBuilder (DBStoreBuilder.java:addTable(110)) - using custom profile for table: revokedCerts
2019-09-25 07:27:21,968 [main] INFO  db.DBStoreBuilder (DBStoreBuilder.java:processTables(161)) - Using default column profile:DBProfile.DISK for Table:revokedCerts
2019-09-25 07:27:21,978 [main] INFO  db.DBStoreBuilder (DBStoreBuilder.java:addTable(110)) - using custom profile for table: default
2019-09-25 07:27:21,979 [main] INFO  db.DBStoreBuilder (DBStoreBuilder.java:processTables(167)) - Using default column profile:DBProfile.DISK for Table:default
2019-09-25 07:27:21,980 [main] INFO  db.DBStoreBuilder (DBStoreBuilder.java:getDbProfile(198)) - Using default options. DBProfile.DISK
2019-09-25 07:27:22,277 [main] INFO  net.NodeSchemaLoader (NodeSchemaLoader.java:loadSchemaFromFile(125)) - Loading file from sun.misc.CompoundEnumeration@5e0e82ae
2019-09-25 07:27:22,279 [main] INFO  net.NodeSchemaLoader (NodeSchemaLoader.java:loadSchema(171)) - Loading network topology layer schema file
2019-09-25 07:27:22,349 [main] WARN  server.ServerUtils (ServerUtils.java:sanitizeUserArgs(70)) - ozone.scm.stale.node.interval value = 300000 is larger than max = 100000 based on the key value of ozone.scm.heartbeat.thread.interval, reset to the max value 100000.
2019-09-25 07:27:22,351 [main] WARN  server.ServerUtils (ServerUtils.java:sanitizeUserArgs(70)) - ozone.scm.stale.node.interval value = 300000 is larger than max = 100000 based on the key value of ozone.scm.heartbeat.thread.interval, reset to the max value 100000.
2019-09-25 07:27:22,353 [main] INFO  node.SCMNodeManager (SCMNodeManager.java:<init>(114)) - Entering startup safe mode.
2019-09-25 07:27:22,481 [main] INFO  algorithms.ContainerPlacementPolicyFactory (ContainerPlacementPolicyFactory.java:getPolicy(59)) - Create container placement policy of type org.apache.hadoop.hdds.scm.container.placement.algorithms.SCMContainerPlacementRandom
2019-09-25 07:27:22,496 [main] WARN  server.ServerUtils (ServerUtils.java:getScmDbDir(145)) - ozone.scm.db.dirs is not configured. We recommend adding this setting. Falling back to ozone.metadata.dirs instead.
2019-09-25 07:27:22,578 [main] INFO  pipeline.SCMPipelineManager (SCMPipelineManager.java:initializePipelineState(132)) - No pipeline exists in current db
2019-09-25 07:27:22,582 [main] WARN  server.ServerUtils (ServerUtils.java:getScmDbDir(145)) - ozone.scm.db.dirs is not configured. We recommend adding this setting. Falling back to ozone.metadata.dirs instead.
2019-09-25 07:27:22,761 [main] WARN  events.EventQueue (EventQueue.java:fireEvent(183)) - No event handler registered for event TypedEvent{payloadType=SafeModeStatus, name='SafeModeStatus'}
2019-09-25 07:27:23,148 [main] INFO  ipc.CallQueueManager (CallQueueManager.java:<init>(84)) - Using callQueue: class java.util.concurrent.LinkedBlockingQueue, queueCapacity: 2000, scheduler: class org.apache.hadoop.ipc.DefaultRpcScheduler, ipcBackoff: false.
2019-09-25 07:27:23,285 [Socket Reader #1 for port 42492] INFO  ipc.Server (Server.java:run(1074)) - Starting Socket Reader #1 for port 42492
2019-09-25 07:27:23,325 [main] INFO  ipc.CallQueueManager (CallQueueManager.java:<init>(84)) - Using callQueue: class java.util.concurrent.LinkedBlockingQueue, queueCapacity: 2000, scheduler: class org.apache.hadoop.ipc.DefaultRpcScheduler, ipcBackoff: false.
2019-09-25 07:27:23,326 [Socket Reader #1 for port 40953] INFO  ipc.Server (Server.java:run(1074)) - Starting Socket Reader #1 for port 40953
2019-09-25 07:27:23,337 [main] INFO  ipc.CallQueueManager (CallQueueManager.java:<init>(84)) - Using callQueue: class java.util.concurrent.LinkedBlockingQueue, queueCapacity: 2000, scheduler: class org.apache.hadoop.ipc.DefaultRpcScheduler, ipcBackoff: false.
2019-09-25 07:27:23,338 [Socket Reader #1 for port 41344] INFO  ipc.Server (Server.java:run(1074)) - Starting Socket Reader #1 for port 41344
2019-09-25 07:27:23,363 [main] INFO  hdfs.DFSUtil (DFSUtil.java:httpServerTemplateForNNAndJN(1641)) - Starting Web-server for scm at: http://0.0.0.0:0
2019-09-25 07:27:23,509 [main] INFO  server.AuthenticationFilter (AuthenticationFilter.java:constructSecretProvider(240)) - Unable to initialize FileSignerSecretProvider, falling back to use random secrets.
2019-09-25 07:27:23,527 [main] WARN  http.HttpRequestLog (HttpRequestLog.java:getRequestLog(97)) - Jetty request log can only be enabled using Log4j
2019-09-25 07:27:23,538 [main] INFO  http.HttpServer2 (HttpServer2.java:addGlobalFilter(975)) - Added global filter 'safety' (class=org.apache.hadoop.http.HttpServer2$QuotingInputFilter)
2019-09-25 07:27:23,541 [main] INFO  http.HttpServer2 (HttpServer2.java:addFilter(948)) - Added filter static_user_filter (class=org.apache.hadoop.http.lib.StaticUserWebFilter$StaticUserFilter) to context scm
2019-09-25 07:27:23,541 [main] INFO  http.HttpServer2 (HttpServer2.java:addFilter(958)) - Added filter static_user_filter (class=org.apache.hadoop.http.lib.StaticUserWebFilter$StaticUserFilter) to context logs
2019-09-25 07:27:23,541 [main] INFO  http.HttpServer2 (HttpServer2.java:addFilter(958)) - Added filter static_user_filter (class=org.apache.hadoop.http.lib.StaticUserWebFilter$StaticUserFilter) to context static
2019-09-25 07:27:23,568 [main] INFO  server.StorageContainerManager (StorageContainerManager.java:start(770)) - StorageContainerLocationProtocol RPC server is listening at /0.0.0.0:41344
2019-09-25 07:27:23,615 [main] WARN  impl.MetricsConfig (MetricsConfig.java:loadFirst(134)) - Cannot locate configuration: tried hadoop-metrics2-storagecontainermanager.properties,hadoop-metrics2.properties
2019-09-25 07:27:23,627 [main] INFO  impl.MetricsSystemImpl (MetricsSystemImpl.java:startTimer(374)) - Scheduled Metric snapshot period at 10 second(s).
2019-09-25 07:27:23,627 [main] INFO  impl.MetricsSystemImpl (MetricsSystemImpl.java:start(191)) - StorageContainerManager metrics system started
2019-09-25 07:27:23,843 [main] INFO  server.SCMClientProtocolServer (SCMClientProtocolServer.java:start(151)) - RPC server for Client  is listening at /0.0.0.0:41344
2019-09-25 07:27:23,844 [IPC Server Responder] INFO  ipc.Server (Server.java:run(1314)) - IPC Server Responder: starting
2019-09-25 07:27:23,844 [IPC Server listener on 41344] INFO  ipc.Server (Server.java:run(1153)) - IPC Server listener on 41344: starting
2019-09-25 07:27:23,849 [main] INFO  server.StorageContainerManager (StorageContainerManager.java:start(780)) - ScmBlockLocationProtocol RPC server is listening at /0.0.0.0:40953
2019-09-25 07:27:23,851 [main] INFO  server.SCMBlockProtocolServer (SCMBlockProtocolServer.java:start(146)) - RPC server for Block Protocol is listening at /0.0.0.0:40953
2019-09-25 07:27:23,851 [IPC Server Responder] INFO  ipc.Server (Server.java:run(1314)) - IPC Server Responder: starting
2019-09-25 07:27:23,852 [IPC Server listener on 40953] INFO  ipc.Server (Server.java:run(1153)) - IPC Server listener on 40953: starting
2019-09-25 07:27:23,858 [main] INFO  server.StorageContainerManager (StorageContainerManager.java:start(784)) - ScmDatanodeProtocl RPC server is listening at /0.0.0.0:42492
2019-09-25 07:27:23,858 [main] INFO  server.SCMDatanodeProtocolServer (SCMDatanodeProtocolServer.java:start(191)) - RPC server for DataNodes is listening at /0.0.0.0:42492
2019-09-25 07:27:23,859 [IPC Server Responder] INFO  ipc.Server (Server.java:run(1314)) - IPC Server Responder: starting
2019-09-25 07:27:23,860 [IPC Server listener on 42492] INFO  ipc.Server (Server.java:run(1153)) - IPC Server listener on 42492: starting
2019-09-25 07:27:23,868 [main] INFO  http.HttpServer2 (HttpServer2.java:bindListener(1191)) - Jetty bound to port 37831
2019-09-25 07:27:23,870 [main] INFO  server.Server (Server.java:doStart(351)) - jetty-9.3.25.v20180904, build timestamp: 2018-09-04T21:11:46Z, git hash: 3ce520221d0240229c862b122d2b06c12a625732
2019-09-25 07:27:23,905 [main] INFO  handler.ContextHandler (ContextHandler.java:doStart(781)) - Started o.e.j.s.ServletContextHandler@315f43d5{/logs,file:///workdir/hadoop-ozone/ozonefs/target/log,AVAILABLE}
2019-09-25 07:27:23,905 [main] INFO  handler.ContextHandler (ContextHandler.java:doStart(781)) - Started o.e.j.s.ServletContextHandler@640f11a1{/static,jar:file:/home/user/.m2/repository/org/apache/hadoop/hadoop-hdds-server-scm/0.5.0-SNAPSHOT/hadoop-hdds-server-scm-0.5.0-SNAPSHOT.jar!/webapps/static,AVAILABLE}
2019-09-25 07:27:24,229 [main] INFO  handler.ContextHandler (ContextHandler.java:doStart(781)) - Started o.e.j.w.WebAppContext@2ca47471{/,file:///tmp/jetty-0.0.0.0-37831-scm-_-any-5464681595692759603.dir/webapp/,AVAILABLE}{/scm}
2019-09-25 07:27:24,234 [main] INFO  server.AbstractConnector (AbstractConnector.java:doStart(278)) - Started ServerConnector@26b894bd{HTTP/1.1,[http/1.1]}{0.0.0.0:37831}
2019-09-25 07:27:24,234 [main] INFO  server.Server (Server.java:doStart(419)) - Started @3240ms
2019-09-25 07:27:24,236 [main] INFO  impl.MetricsSinkAdapter (MetricsSinkAdapter.java:start(204)) - Sink prometheus started
2019-09-25 07:27:24,236 [main] INFO  impl.MetricsSystemImpl (MetricsSystemImpl.java:registerSink(301)) - Registered sink prometheus
2019-09-25 07:27:24,238 [main] INFO  server.BaseHttpServer (BaseHttpServer.java:updateConnectorAddress(215)) - HTTP server of SCM is listening at http://0.0.0.0:37831
2019-09-25 07:27:24,247 [org.apache.hadoop.util.JvmPauseMonitor$Monitor@6bc28a83] INFO  util.JvmPauseMonitor (JvmPauseMonitor.java:run(188)) - Starting JVM pause monitor
2019-09-25 07:27:24,255 [main] WARN  server.ServerUtils (ServerUtils.java:getDBPath(222)) - ozone.om.db.dirs is not configured. We recommend adding this setting. Falling back to ozone.metadata.dirs instead.
2019-09-25 07:27:24,374 [main] WARN  server.ServerUtils (ServerUtils.java:getDBPath(222)) - ozone.om.db.dirs is not configured. We recommend adding this setting. Falling back to ozone.metadata.dirs instead.
2019-09-25 07:27:24,374 [main] WARN  server.ServerUtils (ServerUtils.java:getDBPath(222)) - ozone.om.db.dirs is not configured. We recommend adding this setting. Falling back to ozone.metadata.dirs instead.
2019-09-25 07:27:24,375 [main] INFO  om.OzoneManager (OzoneManager.java:setOMNodeDetails(652)) - OM Service ID is not set. Setting it to the default ID: omServiceIdDefault
2019-09-25 07:27:24,375 [main] INFO  om.OzoneManager (OzoneManager.java:setOMNodeDetails(658)) - OM Node ID is not set. Setting it to the OmStorage's OmID: 84d68a3f-d7a6-4db9-af15-c22d27976bc0
2019-09-25 07:27:24,377 [main] INFO  om.OzoneManager (OzoneManager.java:loadOMHAConfigs(609)) - Found matching OM address with OMServiceId: null, OMNodeId: null, RPC Address: localhost:0 and Ratis port: 9872
2019-09-25 07:27:25,117 [main] WARN  server.ServerUtils (ServerUtils.java:getDBPath(222)) - ozone.om.db.dirs is not configured. We recommend adding this setting. Falling back to ozone.metadata.dirs instead.
2019-09-25 07:27:25,126 [main] INFO  db.DBStoreBuilder (DBStoreBuilder.java:addTable(110)) - using custom profile for table: userTable
2019-09-25 07:27:25,126 [main] INFO  db.DBStoreBuilder (DBStoreBuilder.java:processTables(161)) - Using default column profile:DBProfile.DISK for Table:userTable
2019-09-25 07:27:25,127 [main] INFO  db.DBStoreBuilder (DBStoreBuilder.java:addTable(110)) - using custom profile for table: volumeTable
2019-09-25 07:27:25,127 [main] INFO  db.DBStoreBuilder (DBStoreBuilder.java:processTables(161)) - Using default column profile:DBProfile.DISK for Table:volumeTable
2019-09-25 07:27:25,127 [main] INFO  db.DBStoreBuilder (DBStoreBuilder.java:addTable(110)) - using custom profile for table: bucketTable
2019-09-25 07:27:25,127 [main] INFO  db.DBStoreBuilder (DBStoreBuilder.java:processTables(161)) - Using default column profile:DBProfile.DISK for Table:bucketTable
2019-09-25 07:27:25,128 [main] INFO  db.DBStoreBuilder (DBStoreBuilder.java:addTable(110)) - using custom profile for table: keyTable
2019-09-25 07:27:25,128 [main] INFO  db.DBStoreBuilder (DBStoreBuilder.java:processTables(161)) - Using default column profile:DBProfile.DISK for Table:keyTable
2019-09-25 07:27:25,128 [main] INFO  db.DBStoreBuilder (DBStoreBuilder.java:addTable(110)) - using custom profile for table: deletedTable
2019-09-25 07:27:25,128 [main] INFO  db.DBStoreBuilder (DBStoreBuilder.java:processTables(161)) - Using default column profile:DBProfile.DISK for Table:deletedTable
2019-09-25 07:27:25,128 [main] INFO  db.DBStoreBuilder (DBStoreBuilder.java:addTable(110)) - using custom profile for table: openKeyTable
2019-09-25 07:27:25,129 [main] INFO  db.DBStoreBuilder (DBStoreBuilder.java:processTables(161)) - Using default column profile:DBProfile.DISK for Table:openKeyTable
2019-09-25 07:27:25,129 [main] INFO  db.DBStoreBuilder (DBStoreBuilder.java:addTable(110)) - using custom profile for table: s3Table
2019-09-25 07:27:25,129 [main] INFO  db.DBStoreBuilder (DBStoreBuilder.java:processTables(161)) - Using default column profile:DBProfile.DISK for Table:s3Table
2019-09-25 07:27:25,129 [main] INFO  db.DBStoreBuilder (DBStoreBuilder.java:addTable(110)) - using custom profile for table: multipartInfoTable
2019-09-25 07:27:25,130 [main] INFO  db.DBStoreBuilder (DBStoreBuilder.java:processTables(161)) - Using default column profile:DBProfile.DISK for Table:multipartInfoTable
2019-09-25 07:27:25,130 [main] INFO  db.DBStoreBuilder (DBStoreBuilder.java:addTable(110)) - using custom profile for table: dTokenTable
2019-09-25 07:27:25,130 [main] INFO  db.DBStoreBuilder (DBStoreBuilder.java:processTables(161)) - Using default column profile:DBProfile.DISK for Table:dTokenTable
2019-09-25 07:27:25,130 [main] INFO  db.DBStoreBuilder (DBStoreBuilder.java:addTable(110)) - using custom profile for table: s3SecretTable
2019-09-25 07:27:25,130 [main] INFO  db.DBStoreBuilder (DBStoreBuilder.java:processTables(161)) - Using default column profile:DBProfile.DISK for Table:s3SecretTable
2019-09-25 07:27:25,131 [main] INFO  db.DBStoreBuilder (DBStoreBuilder.java:addTable(110)) - using custom profile for table: prefixTable
2019-09-25 07:27:25,131 [main] INFO  db.DBStoreBuilder (DBStoreBuilder.java:processTables(161)) - Using default column profile:DBProfile.DISK for Table:prefixTable
2019-09-25 07:27:25,131 [main] INFO  db.DBStoreBuilder (DBStoreBuilder.java:addTable(110)) - using custom profile for table: default
2019-09-25 07:27:25,131 [main] INFO  db.DBStoreBuilder (DBStoreBuilder.java:processTables(167)) - Using default column profile:DBProfile.DISK for Table:default
2019-09-25 07:27:25,132 [main] INFO  db.DBStoreBuilder (DBStoreBuilder.java:getDbProfile(198)) - Using default options. DBProfile.DISK
2019-09-25 07:27:25,881 [main] INFO  ipc.CallQueueManager (CallQueueManager.java:<init>(84)) - Using callQueue: class java.util.concurrent.LinkedBlockingQueue, queueCapacity: 2000, scheduler: class org.apache.hadoop.ipc.DefaultRpcScheduler, ipcBackoff: false.
2019-09-25 07:27:25,882 [Socket Reader #1 for port 37060] INFO  ipc.Server (Server.java:run(1074)) - Starting Socket Reader #1 for port 37060
2019-09-25 07:27:25,909 [main] INFO  om.OzoneManager (OzoneManager.java:start(1243)) - OzoneManager RPC server is listening at localhost/127.0.0.1:37060
2019-09-25 07:27:25,909 [main] INFO  impl.MetricsSystemImpl (MetricsSystemImpl.java:init(158)) - OzoneManager metrics system started (again)
2019-09-25 07:27:25,911 [IPC Server listener on 37060] INFO  ipc.Server (Server.java:run(1153)) - IPC Server listener on 37060: starting
2019-09-25 07:27:25,912 [IPC Server Responder] INFO  ipc.Server (Server.java:run(1314)) - IPC Server Responder: starting
2019-09-25 07:27:25,925 [main] INFO  hdfs.DFSUtil (DFSUtil.java:httpServerTemplateForNNAndJN(1641)) - Starting Web-server for ozoneManager at: http://0.0.0.0:0
2019-09-25 07:27:25,933 [main] INFO  server.AuthenticationFilter (AuthenticationFilter.java:constructSecretProvider(240)) - Unable to initialize FileSignerSecretProvider, falling back to use random secrets.
2019-09-25 07:27:25,935 [main] WARN  http.HttpRequestLog (HttpRequestLog.java:getRequestLog(97)) - Jetty request log can only be enabled using Log4j
2019-09-25 07:27:25,940 [main] INFO  http.HttpServer2 (HttpServer2.java:addGlobalFilter(975)) - Added global filter 'safety' (class=org.apache.hadoop.http.HttpServer2$QuotingInputFilter)
2019-09-25 07:27:25,941 [main] INFO  http.HttpServer2 (HttpServer2.java:addFilter(948)) - Added filter static_user_filter (class=org.apache.hadoop.http.lib.StaticUserWebFilter$StaticUserFilter) to context ozoneManager
2019-09-25 07:27:25,942 [main] INFO  http.HttpServer2 (HttpServer2.java:addFilter(958)) - Added filter static_user_filter (class=org.apache.hadoop.http.lib.StaticUserWebFilter$StaticUserFilter) to context logs
2019-09-25 07:27:25,942 [main] INFO  http.HttpServer2 (HttpServer2.java:addFilter(958)) - Added filter static_user_filter (class=org.apache.hadoop.http.lib.StaticUserWebFilter$StaticUserFilter) to context static
2019-09-25 07:27:25,946 [main] INFO  http.HttpServer2 (HttpServer2.java:bindListener(1191)) - Jetty bound to port 34018
2019-09-25 07:27:25,947 [main] INFO  server.Server (Server.java:doStart(351)) - jetty-9.3.25.v20180904, build timestamp: 2018-09-04T21:11:46Z, git hash: 3ce520221d0240229c862b122d2b06c12a625732
2019-09-25 07:27:25,953 [main] INFO  handler.ContextHandler (ContextHandler.java:doStart(781)) - Started o.e.j.s.ServletContextHandler@675ffd1d{/logs,file:///workdir/hadoop-ozone/ozonefs/target/log,AVAILABLE}
2019-09-25 07:27:25,954 [main] INFO  handler.ContextHandler (ContextHandler.java:doStart(781)) - Started o.e.j.s.ServletContextHandler@30506c0d{/static,jar:file:/home/user/.m2/repository/org/apache/hadoop/hadoop-ozone-ozone-manager/0.5.0-SNAPSHOT/hadoop-ozone-ozone-manager-0.5.0-SNAPSHOT.jar!/webapps/static,AVAILABLE}
2019-09-25 07:27:26,009 [main] INFO  handler.ContextHandler (ContextHandler.java:doStart(781)) - Started o.e.j.w.WebAppContext@6bd16207{/,file:///tmp/jetty-0.0.0.0-34018-ozoneManager-_-any-8453890462930692032.dir/webapp/,AVAILABLE}{/ozoneManager}
2019-09-25 07:27:26,010 [main] INFO  server.AbstractConnector (AbstractConnector.java:doStart(278)) - Started ServerConnector@298d9a05{HTTP/1.1,[http/1.1]}{0.0.0.0:34018}
2019-09-25 07:27:26,013 [main] INFO  server.Server (Server.java:doStart(419)) - Started @5020ms
2019-09-25 07:27:26,014 [main] WARN  impl.MetricsSystemImpl (MetricsSystemImpl.java:register(276)) - Sink prometheus already exists!
2019-09-25 07:27:26,015 [main] INFO  server.BaseHttpServer (BaseHttpServer.java:updateConnectorAddress(215)) - HTTP server of OZONEMANAGER is listening at http://0.0.0.0:34018
2019-09-25 07:27:26,368 [main] INFO  impl.MetricsSystemImpl (MetricsSystemImpl.java:init(158)) - HddsDatanode metrics system started (again)
2019-09-25 07:27:26,413 [main] INFO  ozone.HddsDatanodeService (HddsDatanodeService.java:start(184)) - HddsDatanodeService host:pr-hdds-1569-x2sr2-3486766547 ip:192.168.151.106
2019-09-25 07:27:26,443 [main] INFO  volume.HddsVolume (HddsVolume.java:<init>(176)) - Creating Volume: /workdir/hadoop-ozone/ozonefs/target/test-dir/MiniOzoneClusterImpl-336849c0-54e0-42a2-92e3-a8dd7e6e8d6a/datanode-0/data/containers/hdds of  storage type : DISK and capacity : 1482555576320
2019-09-25 07:27:26,446 [main] INFO  volume.VolumeSet (VolumeSet.java:initializeVolumeSet(170)) - Added Volume : /workdir/hadoop-ozone/ozonefs/target/test-dir/MiniOzoneClusterImpl-336849c0-54e0-42a2-92e3-a8dd7e6e8d6a/datanode-0/data/containers/hdds to VolumeSet
2019-09-25 07:27:26,451 [main] INFO  volume.ThrottledAsyncChecker (ThrottledAsyncChecker.java:schedule(139)) - Scheduling a check for org.apache.hadoop.ozone.container.common.volume.HddsVolume@73ad7e90
2019-09-25 07:27:26,479 [main] INFO  volume.HddsVolumeChecker (HddsVolumeChecker.java:checkAllVolumes(202)) - Scheduled health check for volume org.apache.hadoop.ozone.container.common.volume.HddsVolume@73ad7e90
2019-09-25 07:27:26,626 [main] INFO  impl.RaftServerProxy (ConfUtils.java:logGet(43)) - raft.rpc.type = GRPC (default)
2019-09-25 07:27:26,698 [main] INFO  grpc.GrpcFactory (GrpcFactory.java:checkPooledByteBufAllocatorUseCacheForAllThreads(45)) - PERFORMANCE WARNING: useCacheForAllThreads is true that may cause Netty to create a lot garbage objects and, as a result, trigger GC.
	It is recommended to disable useCacheForAllThreads by setting -Dorg.apache.ratis.thirdparty.io.netty.allocator.useCacheForAllThreads=false in command line.
2019-09-25 07:27:26,703 [main] INFO  grpc.GrpcConfigKeys$Server (ConfUtils.java:logGet(43)) - raft.grpc.server.port = 0 (default)
2019-09-25 07:27:26,704 [main] INFO  server.GrpcService (ConfUtils.java:logGet(43)) - raft.grpc.message.size.max = 33570816 (custom)
2019-09-25 07:27:26,706 [main] INFO  server.RaftServerConfigKeys (ConfUtils.java:logGet(43)) - raft.server.log.appender.buffer.byte-limit = 33554432 (custom)
2019-09-25 07:27:26,707 [main] INFO  server.GrpcService (ConfUtils.java:logGet(43)) - raft.grpc.flow.control.window = 1MB (=1048576) (default)
2019-09-25 07:27:26,707 [main] INFO  server.RaftServerConfigKeys (ConfUtils.java:logGet(43)) - raft.server.rpc.request.timeout = 3000ms (default)
2019-09-25 07:27:26,916 [main] INFO  server.RaftServerConfigKeys (ConfUtils.java:logGet(43)) - raft.server.storage.dir = [/workdir/hadoop-ozone/ozonefs/target/test-dir/MiniOzoneClusterImpl-336849c0-54e0-42a2-92e3-a8dd7e6e8d6a/datanode-0/data/ratis] (custom)
2019-09-25 07:27:26,978 [main] INFO  hdfs.DFSUtil (DFSUtil.java:httpServerTemplateForNNAndJN(1641)) - Starting Web-server for hddsDatanode at: http://0.0.0.0:0
2019-09-25 07:27:26,981 [main] INFO  server.AuthenticationFilter (AuthenticationFilter.java:constructSecretProvider(240)) - Unable to initialize FileSignerSecretProvider, falling back to use random secrets.
2019-09-25 07:27:26,982 [main] WARN  http.HttpRequestLog (HttpRequestLog.java:getRequestLog(97)) - Jetty request log can only be enabled using Log4j
2019-09-25 07:27:26,986 [main] INFO  http.HttpServer2 (HttpServer2.java:addGlobalFilter(975)) - Added global filter 'safety' (class=org.apache.hadoop.http.HttpServer2$QuotingInputFilter)
2019-09-25 07:27:26,987 [main] INFO  http.HttpServer2 (HttpServer2.java:addFilter(948)) - Added filter static_user_filter (class=org.apache.hadoop.http.lib.StaticUserWebFilter$StaticUserFilter) to context hddsDatanode
2019-09-25 07:27:26,988 [main] INFO  http.HttpServer2 (HttpServer2.java:addFilter(958)) - Added filter static_user_filter (class=org.apache.hadoop.http.lib.StaticUserWebFilter$StaticUserFilter) to context logs
2019-09-25 07:27:26,988 [main] INFO  http.HttpServer2 (HttpServer2.java:addFilter(958)) - Added filter static_user_filter (class=org.apache.hadoop.http.lib.StaticUserWebFilter$StaticUserFilter) to context static
2019-09-25 07:27:26,989 [main] INFO  http.HttpServer2 (HttpServer2.java:bindListener(1191)) - Jetty bound to port 46036
2019-09-25 07:27:26,990 [main] INFO  server.Server (Server.java:doStart(351)) - jetty-9.3.25.v20180904, build timestamp: 2018-09-04T21:11:46Z, git hash: 3ce520221d0240229c862b122d2b06c12a625732
2019-09-25 07:27:26,992 [main] INFO  handler.ContextHandler (ContextHandler.java:doStart(781)) - Started o.e.j.s.ServletContextHandler@5a6fa56e{/logs,file:///workdir/hadoop-ozone/ozonefs/target/log,AVAILABLE}
2019-09-25 07:27:26,993 [main] INFO  handler.ContextHandler (ContextHandler.java:doStart(781)) - Started o.e.j.s.ServletContextHandler@118ffcfd{/static,jar:file:/home/user/.m2/repository/org/apache/hadoop/hadoop-hdds-container-service/0.5.0-SNAPSHOT/hadoop-hdds-container-service-0.5.0-SNAPSHOT.jar!/webapps/static,AVAILABLE}
2019-09-25 07:27:27,036 [main] INFO  handler.ContextHandler (ContextHandler.java:doStart(781)) - Started o.e.j.w.WebAppContext@97d0c06{/,file:///tmp/jetty-0.0.0.0-46036-hddsDatanode-_-any-2319921465138619455.dir/webapp/,AVAILABLE}{/hddsDatanode}
2019-09-25 07:27:27,036 [main] INFO  server.AbstractConnector (AbstractConnector.java:doStart(278)) - Started ServerConnector@5e7c141d{HTTP/1.1,[http/1.1]}{0.0.0.0:46036}
2019-09-25 07:27:27,037 [main] INFO  server.Server (Server.java:doStart(419)) - Started @6044ms
2019-09-25 07:27:27,038 [main] WARN  impl.MetricsSystemImpl (MetricsSystemImpl.java:register(276)) - Sink prometheus already exists!
2019-09-25 07:27:27,039 [main] INFO  server.BaseHttpServer (BaseHttpServer.java:updateConnectorAddress(215)) - HTTP server of HDDSDATANODE is listening at http://0.0.0.0:46036
2019-09-25 07:27:27,040 [main] INFO  impl.MetricsSystemImpl (MetricsSystemImpl.java:init(158)) - HddsDatanode metrics system started (again)
2019-09-25 07:27:27,043 [main] INFO  ozone.HddsDatanodeService (HddsDatanodeService.java:start(184)) - HddsDatanodeService host:pr-hdds-1569-x2sr2-3486766547 ip:192.168.151.106
2019-09-25 07:27:27,046 [org.apache.hadoop.util.JvmPauseMonitor$Monitor@650f16e5] INFO  util.JvmPauseMonitor (JvmPauseMonitor.java:run(188)) - Starting JVM pause monitor
2019-09-25 07:27:27,050 [main] INFO  volume.HddsVolume (HddsVolume.java:<init>(176)) - Creating Volume: /workdir/hadoop-ozone/ozonefs/target/test-dir/MiniOzoneClusterImpl-336849c0-54e0-42a2-92e3-a8dd7e6e8d6a/datanode-1/data/containers/hdds of  storage type : DISK and capacity : 1482555576320
2019-09-25 07:27:27,051 [main] INFO  volume.VolumeSet (VolumeSet.java:initializeVolumeSet(170)) - Added Volume : /workdir/hadoop-ozone/ozonefs/target/test-dir/MiniOzoneClusterImpl-336849c0-54e0-42a2-92e3-a8dd7e6e8d6a/datanode-1/data/containers/hdds to VolumeSet
2019-09-25 07:27:27,051 [main] INFO  volume.ThrottledAsyncChecker (ThrottledAsyncChecker.java:schedule(139)) - Scheduling a check for org.apache.hadoop.ozone.container.common.volume.HddsVolume@6caf7803
2019-09-25 07:27:27,053 [main] INFO  volume.HddsVolumeChecker (HddsVolumeChecker.java:checkAllVolumes(202)) - Scheduled health check for volume org.apache.hadoop.ozone.container.common.volume.HddsVolume@6caf7803
2019-09-25 07:27:27,078 [main] INFO  impl.RaftServerProxy (ConfUtils.java:logGet(43)) - raft.rpc.type = GRPC (default)
2019-09-25 07:27:27,078 [main] INFO  grpc.GrpcFactory (GrpcFactory.java:checkPooledByteBufAllocatorUseCacheForAllThreads(45)) - PERFORMANCE WARNING: useCacheForAllThreads is true that may cause Netty to create a lot garbage objects and, as a result, trigger GC.
	It is recommended to disable useCacheForAllThreads by setting -Dorg.apache.ratis.thirdparty.io.netty.allocator.useCacheForAllThreads=false in command line.
2019-09-25 07:27:27,078 [main] INFO  grpc.GrpcConfigKeys$Server (ConfUtils.java:logGet(43)) - raft.grpc.server.port = 0 (default)
2019-09-25 07:27:27,078 [main] INFO  server.GrpcService (ConfUtils.java:logGet(43)) - raft.grpc.message.size.max = 33570816 (custom)
2019-09-25 07:27:27,079 [main] INFO  server.RaftServerConfigKeys (ConfUtils.java:logGet(43)) - raft.server.log.appender.buffer.byte-limit = 33554432 (custom)
2019-09-25 07:27:27,079 [main] INFO  server.GrpcService (ConfUtils.java:logGet(43)) - raft.grpc.flow.control.window = 1MB (=1048576) (default)
2019-09-25 07:27:27,079 [main] INFO  server.RaftServerConfigKeys (ConfUtils.java:logGet(43)) - raft.server.rpc.request.timeout = 3000ms (default)
2019-09-25 07:27:27,080 [main] INFO  server.RaftServerConfigKeys (ConfUtils.java:logGet(43)) - raft.server.storage.dir = [/workdir/hadoop-ozone/ozonefs/target/test-dir/MiniOzoneClusterImpl-336849c0-54e0-42a2-92e3-a8dd7e6e8d6a/datanode-1/data/ratis] (custom)
2019-09-25 07:27:27,081 [main] INFO  hdfs.DFSUtil (DFSUtil.java:httpServerTemplateForNNAndJN(1641)) - Starting Web-server for hddsDatanode at: http://0.0.0.0:0
2019-09-25 07:27:27,083 [main] INFO  server.AuthenticationFilter (AuthenticationFilter.java:constructSecretProvider(240)) - Unable to initialize FileSignerSecretProvider, falling back to use random secrets.
2019-09-25 07:27:27,084 [main] WARN  http.HttpRequestLog (HttpRequestLog.java:getRequestLog(97)) - Jetty request log can only be enabled using Log4j
2019-09-25 07:27:27,086 [main] INFO  http.HttpServer2 (HttpServer2.java:addGlobalFilter(975)) - Added global filter 'safety' (class=org.apache.hadoop.http.HttpServer2$QuotingInputFilter)
2019-09-25 07:27:27,086 [main] INFO  http.HttpServer2 (HttpServer2.java:addFilter(948)) - Added filter static_user_filter (class=org.apache.hadoop.http.lib.StaticUserWebFilter$StaticUserFilter) to context hddsDatanode
2019-09-25 07:27:27,087 [main] INFO  http.HttpServer2 (HttpServer2.java:addFilter(958)) - Added filter static_user_filter (class=org.apache.hadoop.http.lib.StaticUserWebFilter$StaticUserFilter) to context static
2019-09-25 07:27:27,087 [main] INFO  http.HttpServer2 (HttpServer2.java:addFilter(958)) - Added filter static_user_filter (class=org.apache.hadoop.http.lib.StaticUserWebFilter$StaticUserFilter) to context logs
2019-09-25 07:27:27,088 [main] INFO  http.HttpServer2 (HttpServer2.java:bindListener(1191)) - Jetty bound to port 41328
2019-09-25 07:27:27,088 [main] INFO  server.Server (Server.java:doStart(351)) - jetty-9.3.25.v20180904, build timestamp: 2018-09-04T21:11:46Z, git hash: 3ce520221d0240229c862b122d2b06c12a625732
2019-09-25 07:27:27,091 [main] INFO  handler.ContextHandler (ContextHandler.java:doStart(781)) - Started o.e.j.s.ServletContextHandler@1687eb01{/logs,file:///workdir/hadoop-ozone/ozonefs/target/log,AVAILABLE}
2019-09-25 07:27:27,092 [main] INFO  handler.ContextHandler (ContextHandler.java:doStart(781)) - Started o.e.j.s.ServletContextHandler@2f897dab{/static,jar:file:/home/user/.m2/repository/org/apache/hadoop/hadoop-hdds-container-service/0.5.0-SNAPSHOT/hadoop-hdds-container-service-0.5.0-SNAPSHOT.jar!/webapps/static,AVAILABLE}
2019-09-25 07:27:27,122 [main] INFO  handler.ContextHandler (ContextHandler.java:doStart(781)) - Started o.e.j.w.WebAppContext@60c8a093{/,file:///tmp/jetty-0.0.0.0-41328-hddsDatanode-_-any-8799305638361745125.dir/webapp/,AVAILABLE}{/hddsDatanode}
2019-09-25 07:27:27,122 [main] INFO  server.AbstractConnector (AbstractConnector.java:doStart(278)) - Started ServerConnector@44cffc25{HTTP/1.1,[http/1.1]}{0.0.0.0:41328}
2019-09-25 07:27:27,123 [main] INFO  server.Server (Server.java:doStart(419)) - Started @6129ms
2019-09-25 07:27:27,123 [main] WARN  impl.MetricsSystemImpl (MetricsSystemImpl.java:register(276)) - Sink prometheus already exists!
2019-09-25 07:27:27,125 [main] INFO  server.BaseHttpServer (BaseHttpServer.java:updateConnectorAddress(215)) - HTTP server of HDDSDATANODE is listening at http://0.0.0.0:41328
2019-09-25 07:27:27,125 [main] INFO  impl.MetricsSystemImpl (MetricsSystemImpl.java:init(158)) - HddsDatanode metrics system started (again)
2019-09-25 07:27:27,129 [main] INFO  ozone.HddsDatanodeService (HddsDatanodeService.java:start(184)) - HddsDatanodeService host:pr-hdds-1569-x2sr2-3486766547 ip:192.168.151.106
2019-09-25 07:27:27,129 [org.apache.hadoop.util.JvmPauseMonitor$Monitor@4a120fbe] INFO  util.JvmPauseMonitor (JvmPauseMonitor.java:run(188)) - Starting JVM pause monitor
2019-09-25 07:27:27,139 [main] INFO  volume.HddsVolume (HddsVolume.java:<init>(176)) - Creating Volume: /workdir/hadoop-ozone/ozonefs/target/test-dir/MiniOzoneClusterImpl-336849c0-54e0-42a2-92e3-a8dd7e6e8d6a/datanode-2/data/containers/hdds of  storage type : DISK and capacity : 1482555576320
2019-09-25 07:27:27,139 [main] INFO  volume.VolumeSet (VolumeSet.java:initializeVolumeSet(170)) - Added Volume : /workdir/hadoop-ozone/ozonefs/target/test-dir/MiniOzoneClusterImpl-336849c0-54e0-42a2-92e3-a8dd7e6e8d6a/datanode-2/data/containers/hdds to VolumeSet
2019-09-25 07:27:27,139 [main] INFO  volume.ThrottledAsyncChecker (ThrottledAsyncChecker.java:schedule(139)) - Scheduling a check for org.apache.hadoop.ozone.container.common.volume.HddsVolume@58ba5b30
2019-09-25 07:27:27,140 [main] INFO  volume.HddsVolumeChecker (HddsVolumeChecker.java:checkAllVolumes(202)) - Scheduled health check for volume org.apache.hadoop.ozone.container.common.volume.HddsVolume@58ba5b30
2019-09-25 07:27:27,156 [Datanode State Machine Thread - 0] INFO  datanode.InitDatanodeState (InitDatanodeState.java:persistContainerDatanodeDetails(140)) - DatanodeDetails is persisted to /workdir/hadoop-ozone/ozonefs/target/test-dir/MiniOzoneClusterImpl-336849c0-54e0-42a2-92e3-a8dd7e6e8d6a/datanode-0/meta/datanode.id
2019-09-25 07:27:27,160 [Datanode State Machine Thread - 0] INFO  datanode.InitDatanodeState (InitDatanodeState.java:persistContainerDatanodeDetails(140)) - DatanodeDetails is persisted to /workdir/hadoop-ozone/ozonefs/target/test-dir/MiniOzoneClusterImpl-336849c0-54e0-42a2-92e3-a8dd7e6e8d6a/datanode-1/meta/datanode.id
2019-09-25 07:27:27,166 [main] INFO  impl.RaftServerProxy (ConfUtils.java:logGet(43)) - raft.rpc.type = GRPC (default)
2019-09-25 07:27:27,166 [main] INFO  grpc.GrpcFactory (GrpcFactory.java:checkPooledByteBufAllocatorUseCacheForAllThreads(45)) - PERFORMANCE WARNING: useCacheForAllThreads is true that may cause Netty to create a lot garbage objects and, as a result, trigger GC.
	It is recommended to disable useCacheForAllThreads by setting -Dorg.apache.ratis.thirdparty.io.netty.allocator.useCacheForAllThreads=false in command line.
2019-09-25 07:27:27,166 [main] INFO  grpc.GrpcConfigKeys$Server (ConfUtils.java:logGet(43)) - raft.grpc.server.port = 0 (default)
2019-09-25 07:27:27,167 [main] INFO  server.GrpcService (ConfUtils.java:logGet(43)) - raft.grpc.message.size.max = 33570816 (custom)
2019-09-25 07:27:27,167 [main] INFO  server.RaftServerConfigKeys (ConfUtils.java:logGet(43)) - raft.server.log.appender.buffer.byte-limit = 33554432 (custom)
2019-09-25 07:27:27,167 [main] INFO  server.GrpcService (ConfUtils.java:logGet(43)) - raft.grpc.flow.control.window = 1MB (=1048576) (default)
2019-09-25 07:27:27,167 [main] INFO  server.RaftServerConfigKeys (ConfUtils.java:logGet(43)) - raft.server.rpc.request.timeout = 3000ms (default)
2019-09-25 07:27:27,168 [main] INFO  server.RaftServerConfigKeys (ConfUtils.java:logGet(43)) - raft.server.storage.dir = [/workdir/hadoop-ozone/ozonefs/target/test-dir/MiniOzoneClusterImpl-336849c0-54e0-42a2-92e3-a8dd7e6e8d6a/datanode-2/data/ratis] (custom)
2019-09-25 07:27:27,170 [main] INFO  hdfs.DFSUtil (DFSUtil.java:httpServerTemplateForNNAndJN(1641)) - Starting Web-server for hddsDatanode at: http://0.0.0.0:0
2019-09-25 07:27:27,172 [main] INFO  server.AuthenticationFilter (AuthenticationFilter.java:constructSecretProvider(240)) - Unable to initialize FileSignerSecretProvider, falling back to use random secrets.
2019-09-25 07:27:27,172 [main] WARN  http.HttpRequestLog (HttpRequestLog.java:getRequestLog(97)) - Jetty request log can only be enabled using Log4j
2019-09-25 07:27:27,174 [main] INFO  http.HttpServer2 (HttpServer2.java:addGlobalFilter(975)) - Added global filter 'safety' (class=org.apache.hadoop.http.HttpServer2$QuotingInputFilter)
2019-09-25 07:27:27,175 [main] INFO  http.HttpServer2 (HttpServer2.java:addFilter(948)) - Added filter static_user_filter (class=org.apache.hadoop.http.lib.StaticUserWebFilter$StaticUserFilter) to context hddsDatanode
2019-09-25 07:27:27,175 [main] INFO  http.HttpServer2 (HttpServer2.java:addFilter(958)) - Added filter static_user_filter (class=org.apache.hadoop.http.lib.StaticUserWebFilter$StaticUserFilter) to context static
2019-09-25 07:27:27,175 [main] INFO  http.HttpServer2 (HttpServer2.java:addFilter(958)) - Added filter static_user_filter (class=org.apache.hadoop.http.lib.StaticUserWebFilter$StaticUserFilter) to context logs
2019-09-25 07:27:27,176 [main] INFO  http.HttpServer2 (HttpServer2.java:bindListener(1191)) - Jetty bound to port 41657
2019-09-25 07:27:27,176 [main] INFO  server.Server (Server.java:doStart(351)) - jetty-9.3.25.v20180904, build timestamp: 2018-09-04T21:11:46Z, git hash: 3ce520221d0240229c862b122d2b06c12a625732
2019-09-25 07:27:27,178 [main] INFO  handler.ContextHandler (ContextHandler.java:doStart(781)) - Started o.e.j.s.ServletContextHandler@4821aa9f{/logs,file:///workdir/hadoop-ozone/ozonefs/target/log,AVAILABLE}
2019-09-25 07:27:27,179 [main] INFO  handler.ContextHandler (ContextHandler.java:doStart(781)) - Started o.e.j.s.ServletContextHandler@32130e61{/static,jar:file:/home/user/.m2/repository/org/apache/hadoop/hadoop-hdds-container-service/0.5.0-SNAPSHOT/hadoop-hdds-container-service-0.5.0-SNAPSHOT.jar!/webapps/static,AVAILABLE}
2019-09-25 07:27:27,206 [main] INFO  handler.ContextHandler (ContextHandler.java:doStart(781)) - Started o.e.j.w.WebAppContext@12d5c30e{/,file:///tmp/jetty-0.0.0.0-41657-hddsDatanode-_-any-4290794358828407826.dir/webapp/,AVAILABLE}{/hddsDatanode}
2019-09-25 07:27:27,207 [main] INFO  server.AbstractConnector (AbstractConnector.java:doStart(278)) - Started ServerConnector@b887730{HTTP/1.1,[http/1.1]}{0.0.0.0:41657}
2019-09-25 07:27:27,207 [main] INFO  server.Server (Server.java:doStart(419)) - Started @6214ms
2019-09-25 07:27:27,208 [main] WARN  impl.MetricsSystemImpl (MetricsSystemImpl.java:register(276)) - Sink prometheus already exists!
2019-09-25 07:27:27,209 [main] INFO  server.BaseHttpServer (BaseHttpServer.java:updateConnectorAddress(215)) - HTTP server of HDDSDATANODE is listening at http://0.0.0.0:41657
2019-09-25 07:27:27,210 [main] INFO  impl.MetricsSystemImpl (MetricsSystemImpl.java:init(158)) - HddsDatanode metrics system started (again)
2019-09-25 07:27:27,212 [main] INFO  ozone.HddsDatanodeService (HddsDatanodeService.java:start(184)) - HddsDatanodeService host:pr-hdds-1569-x2sr2-3486766547 ip:192.168.151.106
2019-09-25 07:27:27,213 [org.apache.hadoop.util.JvmPauseMonitor$Monitor@65fd6a0b] INFO  util.JvmPauseMonitor (JvmPauseMonitor.java:run(188)) - Starting JVM pause monitor
2019-09-25 07:27:27,216 [Datanode State Machine Thread - 0] INFO  datanode.InitDatanodeState (InitDatanodeState.java:persistContainerDatanodeDetails(140)) - DatanodeDetails is persisted to /workdir/hadoop-ozone/ozonefs/target/test-dir/MiniOzoneClusterImpl-336849c0-54e0-42a2-92e3-a8dd7e6e8d6a/datanode-2/meta/datanode.id
2019-09-25 07:27:27,221 [main] INFO  volume.HddsVolume (HddsVolume.java:<init>(176)) - Creating Volume: /workdir/hadoop-ozone/ozonefs/target/test-dir/MiniOzoneClusterImpl-336849c0-54e0-42a2-92e3-a8dd7e6e8d6a/datanode-3/data/containers/hdds of  storage type : DISK and capacity : 1482555576320
2019-09-25 07:27:27,221 [main] INFO  volume.VolumeSet (VolumeSet.java:initializeVolumeSet(170)) - Added Volume : /workdir/hadoop-ozone/ozonefs/target/test-dir/MiniOzoneClusterImpl-336849c0-54e0-42a2-92e3-a8dd7e6e8d6a/datanode-3/data/containers/hdds to VolumeSet
2019-09-25 07:27:27,222 [main] INFO  volume.ThrottledAsyncChecker (ThrottledAsyncChecker.java:schedule(139)) - Scheduling a check for org.apache.hadoop.ozone.container.common.volume.HddsVolume@2bc378f7
2019-09-25 07:27:27,222 [main] INFO  volume.HddsVolumeChecker (HddsVolumeChecker.java:checkAllVolumes(202)) - Scheduled health check for volume org.apache.hadoop.ozone.container.common.volume.HddsVolume@2bc378f7
2019-09-25 07:27:27,242 [main] INFO  impl.RaftServerProxy (ConfUtils.java:logGet(43)) - raft.rpc.type = GRPC (default)
2019-09-25 07:27:27,243 [main] INFO  grpc.GrpcFactory (GrpcFactory.java:checkPooledByteBufAllocatorUseCacheForAllThreads(45)) - PERFORMANCE WARNING: useCacheForAllThreads is true that may cause Netty to create a lot garbage objects and, as a result, trigger GC.
	It is recommended to disable useCacheForAllThreads by setting -Dorg.apache.ratis.thirdparty.io.netty.allocator.useCacheForAllThreads=false in command line.
2019-09-25 07:27:27,243 [main] INFO  grpc.GrpcConfigKeys$Server (ConfUtils.java:logGet(43)) - raft.grpc.server.port = 0 (default)
2019-09-25 07:27:27,243 [main] INFO  server.GrpcService (ConfUtils.java:logGet(43)) - raft.grpc.message.size.max = 33570816 (custom)
2019-09-25 07:27:27,243 [main] INFO  server.RaftServerConfigKeys (ConfUtils.java:logGet(43)) - raft.server.log.appender.buffer.byte-limit = 33554432 (custom)
2019-09-25 07:27:27,244 [main] INFO  server.GrpcService (ConfUtils.java:logGet(43)) - raft.grpc.flow.control.window = 1MB (=1048576) (default)
2019-09-25 07:27:27,244 [main] INFO  server.RaftServerConfigKeys (ConfUtils.java:logGet(43)) - raft.server.rpc.request.timeout = 3000ms (default)
2019-09-25 07:27:27,244 [main] INFO  server.RaftServerConfigKeys (ConfUtils.java:logGet(43)) - raft.server.storage.dir = [/workdir/hadoop-ozone/ozonefs/target/test-dir/MiniOzoneClusterImpl-336849c0-54e0-42a2-92e3-a8dd7e6e8d6a/datanode-3/data/ratis] (custom)
2019-09-25 07:27:27,246 [main] INFO  hdfs.DFSUtil (DFSUtil.java:httpServerTemplateForNNAndJN(1641)) - Starting Web-server for hddsDatanode at: http://0.0.0.0:0
2019-09-25 07:27:27,247 [main] INFO  server.AuthenticationFilter (AuthenticationFilter.java:constructSecretProvider(240)) - Unable to initialize FileSignerSecretProvider, falling back to use random secrets.
2019-09-25 07:27:27,248 [main] WARN  http.HttpRequestLog (HttpRequestLog.java:getRequestLog(97)) - Jetty request log can only be enabled using Log4j
2019-09-25 07:27:27,249 [main] INFO  http.HttpServer2 (HttpServer2.java:addGlobalFilter(975)) - Added global filter 'safety' (class=org.apache.hadoop.http.HttpServer2$QuotingInputFilter)
2019-09-25 07:27:27,250 [main] INFO  http.HttpServer2 (HttpServer2.java:addFilter(948)) - Added filter static_user_filter (class=org.apache.hadoop.http.lib.StaticUserWebFilter$StaticUserFilter) to context hddsDatanode
2019-09-25 07:27:27,250 [main] INFO  http.HttpServer2 (HttpServer2.java:addFilter(958)) - Added filter static_user_filter (class=org.apache.hadoop.http.lib.StaticUserWebFilter$StaticUserFilter) to context static
2019-09-25 07:27:27,250 [main] INFO  http.HttpServer2 (HttpServer2.java:addFilter(958)) - Added filter static_user_filter (class=org.apache.hadoop.http.lib.StaticUserWebFilter$StaticUserFilter) to context logs
2019-09-25 07:27:27,251 [main] INFO  http.HttpServer2 (HttpServer2.java:bindListener(1191)) - Jetty bound to port 41686
2019-09-25 07:27:27,251 [main] INFO  server.Server (Server.java:doStart(351)) - jetty-9.3.25.v20180904, build timestamp: 2018-09-04T21:11:46Z, git hash: 3ce520221d0240229c862b122d2b06c12a625732
2019-09-25 07:27:27,255 [main] INFO  handler.ContextHandler (ContextHandler.java:doStart(781)) - Started o.e.j.s.ServletContextHandler@68868328{/logs,file:///workdir/hadoop-ozone/ozonefs/target/log,AVAILABLE}
2019-09-25 07:27:27,255 [main] INFO  handler.ContextHandler (ContextHandler.java:doStart(781)) - Started o.e.j.s.ServletContextHandler@1a22e0ef{/static,jar:file:/home/user/.m2/repository/org/apache/hadoop/hadoop-hdds-container-service/0.5.0-SNAPSHOT/hadoop-hdds-container-service-0.5.0-SNAPSHOT.jar!/webapps/static,AVAILABLE}
2019-09-25 07:27:27,283 [main] INFO  handler.ContextHandler (ContextHandler.java:doStart(781)) - Started o.e.j.w.WebAppContext@2d3ef181{/,file:///tmp/jetty-0.0.0.0-41686-hddsDatanode-_-any-3275974499966491616.dir/webapp/,AVAILABLE}{/hddsDatanode}
2019-09-25 07:27:27,284 [main] INFO  server.AbstractConnector (AbstractConnector.java:doStart(278)) - Started ServerConnector@a2341c6{HTTP/1.1,[http/1.1]}{0.0.0.0:41686}
2019-09-25 07:27:27,285 [main] INFO  server.Server (Server.java:doStart(419)) - Started @6291ms
2019-09-25 07:27:27,285 [main] WARN  impl.MetricsSystemImpl (MetricsSystemImpl.java:register(276)) - Sink prometheus already exists!
2019-09-25 07:27:27,285 [main] INFO  server.BaseHttpServer (BaseHttpServer.java:updateConnectorAddress(215)) - HTTP server of HDDSDATANODE is listening at http://0.0.0.0:41686
2019-09-25 07:27:27,286 [main] INFO  impl.MetricsSystemImpl (MetricsSystemImpl.java:init(158)) - HddsDatanode metrics system started (again)
2019-09-25 07:27:27,289 [main] INFO  ozone.HddsDatanodeService (HddsDatanodeService.java:start(184)) - HddsDatanodeService host:pr-hdds-1569-x2sr2-3486766547 ip:192.168.151.106
2019-09-25 07:27:27,290 [org.apache.hadoop.util.JvmPauseMonitor$Monitor@5819443d] INFO  util.JvmPauseMonitor (JvmPauseMonitor.java:run(188)) - Starting JVM pause monitor
2019-09-25 07:27:27,293 [Datanode State Machine Thread - 0] INFO  datanode.InitDatanodeState (InitDatanodeState.java:persistContainerDatanodeDetails(140)) - DatanodeDetails is persisted to /workdir/hadoop-ozone/ozonefs/target/test-dir/MiniOzoneClusterImpl-336849c0-54e0-42a2-92e3-a8dd7e6e8d6a/datanode-3/meta/datanode.id
2019-09-25 07:27:27,296 [main] INFO  volume.HddsVolume (HddsVolume.java:<init>(176)) - Creating Volume: /workdir/hadoop-ozone/ozonefs/target/test-dir/MiniOzoneClusterImpl-336849c0-54e0-42a2-92e3-a8dd7e6e8d6a/datanode-4/data/containers/hdds of  storage type : DISK and capacity : 1482555576320
2019-09-25 07:27:27,297 [main] INFO  volume.VolumeSet (VolumeSet.java:initializeVolumeSet(170)) - Added Volume : /workdir/hadoop-ozone/ozonefs/target/test-dir/MiniOzoneClusterImpl-336849c0-54e0-42a2-92e3-a8dd7e6e8d6a/datanode-4/data/containers/hdds to VolumeSet
2019-09-25 07:27:27,297 [main] INFO  volume.ThrottledAsyncChecker (ThrottledAsyncChecker.java:schedule(139)) - Scheduling a check for org.apache.hadoop.ozone.container.common.volume.HddsVolume@5f69e2b
2019-09-25 07:27:27,298 [main] INFO  volume.HddsVolumeChecker (HddsVolumeChecker.java:checkAllVolumes(202)) - Scheduled health check for volume org.apache.hadoop.ozone.container.common.volume.HddsVolume@5f69e2b
2019-09-25 07:27:27,318 [main] INFO  impl.RaftServerProxy (ConfUtils.java:logGet(43)) - raft.rpc.type = GRPC (default)
2019-09-25 07:27:27,318 [main] INFO  grpc.GrpcFactory (GrpcFactory.java:checkPooledByteBufAllocatorUseCacheForAllThreads(45)) - PERFORMANCE WARNING: useCacheForAllThreads is true that may cause Netty to create a lot garbage objects and, as a result, trigger GC.
	It is recommended to disable useCacheForAllThreads by setting -Dorg.apache.ratis.thirdparty.io.netty.allocator.useCacheForAllThreads=false in command line.
2019-09-25 07:27:27,318 [main] INFO  grpc.GrpcConfigKeys$Server (ConfUtils.java:logGet(43)) - raft.grpc.server.port = 0 (default)
2019-09-25 07:27:27,319 [main] INFO  server.GrpcService (ConfUtils.java:logGet(43)) - raft.grpc.message.size.max = 33570816 (custom)
2019-09-25 07:27:27,319 [main] INFO  server.RaftServerConfigKeys (ConfUtils.java:logGet(43)) - raft.server.log.appender.buffer.byte-limit = 33554432 (custom)
2019-09-25 07:27:27,319 [main] INFO  server.GrpcService (ConfUtils.java:logGet(43)) - raft.grpc.flow.control.window = 1MB (=1048576) (default)
2019-09-25 07:27:27,319 [main] INFO  server.RaftServerConfigKeys (ConfUtils.java:logGet(43)) - raft.server.rpc.request.timeout = 3000ms (default)
2019-09-25 07:27:27,320 [main] INFO  server.RaftServerConfigKeys (ConfUtils.java:logGet(43)) - raft.server.storage.dir = [/workdir/hadoop-ozone/ozonefs/target/test-dir/MiniOzoneClusterImpl-336849c0-54e0-42a2-92e3-a8dd7e6e8d6a/datanode-4/data/ratis] (custom)
2019-09-25 07:27:27,321 [main] INFO  hdfs.DFSUtil (DFSUtil.java:httpServerTemplateForNNAndJN(1641)) - Starting Web-server for hddsDatanode at: http://0.0.0.0:0
2019-09-25 07:27:27,323 [main] INFO  server.AuthenticationFilter (AuthenticationFilter.java:constructSecretProvider(240)) - Unable to initialize FileSignerSecretProvider, falling back to use random secrets.
2019-09-25 07:27:27,323 [main] WARN  http.HttpRequestLog (HttpRequestLog.java:getRequestLog(97)) - Jetty request log can only be enabled using Log4j
2019-09-25 07:27:27,325 [main] INFO  http.HttpServer2 (HttpServer2.java:addGlobalFilter(975)) - Added global filter 'safety' (class=org.apache.hadoop.http.HttpServer2$QuotingInputFilter)
2019-09-25 07:27:27,326 [main] INFO  http.HttpServer2 (HttpServer2.java:addFilter(948)) - Added filter static_user_filter (class=org.apache.hadoop.http.lib.StaticUserWebFilter$StaticUserFilter) to context hddsDatanode
2019-09-25 07:27:27,326 [main] INFO  http.HttpServer2 (HttpServer2.java:addFilter(958)) - Added filter static_user_filter (class=org.apache.hadoop.http.lib.StaticUserWebFilter$StaticUserFilter) to context static
2019-09-25 07:27:27,326 [main] INFO  http.HttpServer2 (HttpServer2.java:addFilter(958)) - Added filter static_user_filter (class=org.apache.hadoop.http.lib.StaticUserWebFilter$StaticUserFilter) to context logs
2019-09-25 07:27:27,327 [main] INFO  http.HttpServer2 (HttpServer2.java:bindListener(1191)) - Jetty bound to port 44142
2019-09-25 07:27:27,327 [main] INFO  server.Server (Server.java:doStart(351)) - jetty-9.3.25.v20180904, build timestamp: 2018-09-04T21:11:46Z, git hash: 3ce520221d0240229c862b122d2b06c12a625732
2019-09-25 07:27:27,329 [main] INFO  handler.ContextHandler (ContextHandler.java:doStart(781)) - Started o.e.j.s.ServletContextHandler@5f254608{/logs,file:///workdir/hadoop-ozone/ozonefs/target/log,AVAILABLE}
2019-09-25 07:27:27,329 [main] INFO  handler.ContextHandler (ContextHandler.java:doStart(781)) - Started o.e.j.s.ServletContextHandler@1b1c538d{/static,jar:file:/home/user/.m2/repository/org/apache/hadoop/hadoop-hdds-container-service/0.5.0-SNAPSHOT/hadoop-hdds-container-service-0.5.0-SNAPSHOT.jar!/webapps/static,AVAILABLE}
2019-09-25 07:27:27,357 [main] INFO  handler.ContextHandler (ContextHandler.java:doStart(781)) - Started o.e.j.w.WebAppContext@3650d4fc{/,file:///tmp/jetty-0.0.0.0-44142-hddsDatanode-_-any-3697825746179032701.dir/webapp/,AVAILABLE}{/hddsDatanode}
2019-09-25 07:27:27,357 [main] INFO  server.AbstractConnector (AbstractConnector.java:doStart(278)) - Started ServerConnector@aaa0f76{HTTP/1.1,[http/1.1]}{0.0.0.0:44142}
2019-09-25 07:27:27,358 [main] INFO  server.Server (Server.java:doStart(419)) - Started @6365ms
2019-09-25 07:27:27,358 [main] WARN  impl.MetricsSystemImpl (MetricsSystemImpl.java:register(276)) - Sink prometheus already exists!
2019-09-25 07:27:27,359 [main] INFO  server.BaseHttpServer (BaseHttpServer.java:updateConnectorAddress(215)) - HTTP server of HDDSDATANODE is listening at http://0.0.0.0:44142
2019-09-25 07:27:27,359 [main] INFO  impl.MetricsSystemImpl (MetricsSystemImpl.java:init(158)) - HddsDatanode metrics system started (again)
2019-09-25 07:27:27,363 [main] INFO  ozone.HddsDatanodeService (HddsDatanodeService.java:start(184)) - HddsDatanodeService host:pr-hdds-1569-x2sr2-3486766547 ip:192.168.151.106
2019-09-25 07:27:27,363 [org.apache.hadoop.util.JvmPauseMonitor$Monitor@4565872a] INFO  util.JvmPauseMonitor (JvmPauseMonitor.java:run(188)) - Starting JVM pause monitor
2019-09-25 07:27:27,368 [Datanode State Machine Thread - 0] INFO  datanode.InitDatanodeState (InitDatanodeState.java:persistContainerDatanodeDetails(140)) - DatanodeDetails is persisted to /workdir/hadoop-ozone/ozonefs/target/test-dir/MiniOzoneClusterImpl-336849c0-54e0-42a2-92e3-a8dd7e6e8d6a/datanode-4/meta/datanode.id
2019-09-25 07:27:27,371 [main] INFO  volume.HddsVolume (HddsVolume.java:<init>(176)) - Creating Volume: /workdir/hadoop-ozone/ozonefs/target/test-dir/MiniOzoneClusterImpl-336849c0-54e0-42a2-92e3-a8dd7e6e8d6a/datanode-5/data/containers/hdds of  storage type : DISK and capacity : 1482555576320
2019-09-25 07:27:27,372 [main] INFO  volume.VolumeSet (VolumeSet.java:initializeVolumeSet(170)) - Added Volume : /workdir/hadoop-ozone/ozonefs/target/test-dir/MiniOzoneClusterImpl-336849c0-54e0-42a2-92e3-a8dd7e6e8d6a/datanode-5/data/containers/hdds to VolumeSet
2019-09-25 07:27:27,372 [main] INFO  volume.ThrottledAsyncChecker (ThrottledAsyncChecker.java:schedule(139)) - Scheduling a check for org.apache.hadoop.ozone.container.common.volume.HddsVolume@23f86d8a
2019-09-25 07:27:27,372 [main] INFO  volume.HddsVolumeChecker (HddsVolumeChecker.java:checkAllVolumes(202)) - Scheduled health check for volume org.apache.hadoop.ozone.container.common.volume.HddsVolume@23f86d8a
2019-09-25 07:27:27,393 [main] INFO  impl.RaftServerProxy (ConfUtils.java:logGet(43)) - raft.rpc.type = GRPC (default)
2019-09-25 07:27:27,393 [main] INFO  grpc.GrpcFactory (GrpcFactory.java:checkPooledByteBufAllocatorUseCacheForAllThreads(45)) - PERFORMANCE WARNING: useCacheForAllThreads is true that may cause Netty to create a lot garbage objects and, as a result, trigger GC.
	It is recommended to disable useCacheForAllThreads by setting -Dorg.apache.ratis.thirdparty.io.netty.allocator.useCacheForAllThreads=false in command line.
2019-09-25 07:27:27,393 [main] INFO  grpc.GrpcConfigKeys$Server (ConfUtils.java:logGet(43)) - raft.grpc.server.port = 0 (default)
2019-09-25 07:27:27,393 [main] INFO  server.GrpcService (ConfUtils.java:logGet(43)) - raft.grpc.message.size.max = 33570816 (custom)
2019-09-25 07:27:27,394 [main] INFO  server.RaftServerConfigKeys (ConfUtils.java:logGet(43)) - raft.server.log.appender.buffer.byte-limit = 33554432 (custom)
2019-09-25 07:27:27,394 [main] INFO  server.GrpcService (ConfUtils.java:logGet(43)) - raft.grpc.flow.control.window = 1MB (=1048576) (default)
2019-09-25 07:27:27,394 [main] INFO  server.RaftServerConfigKeys (ConfUtils.java:logGet(43)) - raft.server.rpc.request.timeout = 3000ms (default)
2019-09-25 07:27:27,394 [main] INFO  server.RaftServerConfigKeys (ConfUtils.java:logGet(43)) - raft.server.storage.dir = [/workdir/hadoop-ozone/ozonefs/target/test-dir/MiniOzoneClusterImpl-336849c0-54e0-42a2-92e3-a8dd7e6e8d6a/datanode-5/data/ratis] (custom)
2019-09-25 07:27:27,396 [main] INFO  hdfs.DFSUtil (DFSUtil.java:httpServerTemplateForNNAndJN(1641)) - Starting Web-server for hddsDatanode at: http://0.0.0.0:0
2019-09-25 07:27:27,397 [main] INFO  server.AuthenticationFilter (AuthenticationFilter.java:constructSecretProvider(240)) - Unable to initialize FileSignerSecretProvider, falling back to use random secrets.
2019-09-25 07:27:27,398 [main] WARN  http.HttpRequestLog (HttpRequestLog.java:getRequestLog(97)) - Jetty request log can only be enabled using Log4j
2019-09-25 07:27:27,399 [main] INFO  http.HttpServer2 (HttpServer2.java:addGlobalFilter(975)) - Added global filter 'safety' (class=org.apache.hadoop.http.HttpServer2$QuotingInputFilter)
2019-09-25 07:27:27,401 [main] INFO  http.HttpServer2 (HttpServer2.java:addFilter(948)) - Added filter static_user_filter (class=org.apache.hadoop.http.lib.StaticUserWebFilter$StaticUserFilter) to context hddsDatanode
2019-09-25 07:27:27,401 [main] INFO  http.HttpServer2 (HttpServer2.java:addFilter(958)) - Added filter static_user_filter (class=org.apache.hadoop.http.lib.StaticUserWebFilter$StaticUserFilter) to context static
2019-09-25 07:27:27,401 [main] INFO  http.HttpServer2 (HttpServer2.java:addFilter(958)) - Added filter static_user_filter (class=org.apache.hadoop.http.lib.StaticUserWebFilter$StaticUserFilter) to context logs
2019-09-25 07:27:27,402 [main] INFO  http.HttpServer2 (HttpServer2.java:bindListener(1191)) - Jetty bound to port 36273
2019-09-25 07:27:27,402 [main] INFO  server.Server (Server.java:doStart(351)) - jetty-9.3.25.v20180904, build timestamp: 2018-09-04T21:11:46Z, git hash: 3ce520221d0240229c862b122d2b06c12a625732
2019-09-25 07:27:27,404 [main] INFO  handler.ContextHandler (ContextHandler.java:doStart(781)) - Started o.e.j.s.ServletContextHandler@6fa0450e{/logs,file:///workdir/hadoop-ozone/ozonefs/target/log,AVAILABLE}
2019-09-25 07:27:27,404 [main] INFO  handler.ContextHandler (ContextHandler.java:doStart(781)) - Started o.e.j.s.ServletContextHandler@51ec2856{/static,jar:file:/home/user/.m2/repository/org/apache/hadoop/hadoop-hdds-container-service/0.5.0-SNAPSHOT/hadoop-hdds-container-service-0.5.0-SNAPSHOT.jar!/webapps/static,AVAILABLE}
2019-09-25 07:27:27,432 [main] INFO  handler.ContextHandler (ContextHandler.java:doStart(781)) - Started o.e.j.w.WebAppContext@6192a5d5{/,file:///tmp/jetty-0.0.0.0-36273-hddsDatanode-_-any-3019267135680510020.dir/webapp/,AVAILABLE}{/hddsDatanode}
2019-09-25 07:27:27,433 [main] INFO  server.AbstractConnector (AbstractConnector.java:doStart(278)) - Started ServerConnector@3722c145{HTTP/1.1,[http/1.1]}{0.0.0.0:36273}
2019-09-25 07:27:27,434 [main] INFO  server.Server (Server.java:doStart(419)) - Started @6441ms
2019-09-25 07:27:27,434 [main] WARN  impl.MetricsSystemImpl (MetricsSystemImpl.java:register(276)) - Sink prometheus already exists!
2019-09-25 07:27:27,435 [main] INFO  server.BaseHttpServer (BaseHttpServer.java:updateConnectorAddress(215)) - HTTP server of HDDSDATANODE is listening at http://0.0.0.0:36273
2019-09-25 07:27:27,436 [main] INFO  impl.MetricsSystemImpl (MetricsSystemImpl.java:init(158)) - HddsDatanode metrics system started (again)
2019-09-25 07:27:27,439 [org.apache.hadoop.util.JvmPauseMonitor$Monitor@70f29208] INFO  util.JvmPauseMonitor (JvmPauseMonitor.java:run(188)) - Starting JVM pause monitor
2019-09-25 07:27:27,439 [main] INFO  ozone.HddsDatanodeService (HddsDatanodeService.java:start(184)) - HddsDatanodeService host:pr-hdds-1569-x2sr2-3486766547 ip:192.168.151.106
2019-09-25 07:27:27,443 [Datanode State Machine Thread - 0] INFO  datanode.InitDatanodeState (InitDatanodeState.java:persistContainerDatanodeDetails(140)) - DatanodeDetails is persisted to /workdir/hadoop-ozone/ozonefs/target/test-dir/MiniOzoneClusterImpl-336849c0-54e0-42a2-92e3-a8dd7e6e8d6a/datanode-5/meta/datanode.id
2019-09-25 07:27:27,448 [main] INFO  volume.HddsVolume (HddsVolume.java:<init>(176)) - Creating Volume: /workdir/hadoop-ozone/ozonefs/target/test-dir/MiniOzoneClusterImpl-336849c0-54e0-42a2-92e3-a8dd7e6e8d6a/datanode-6/data/containers/hdds of  storage type : DISK and capacity : 1482555576320
2019-09-25 07:27:27,448 [main] INFO  volume.VolumeSet (VolumeSet.java:initializeVolumeSet(170)) - Added Volume : /workdir/hadoop-ozone/ozonefs/target/test-dir/MiniOzoneClusterImpl-336849c0-54e0-42a2-92e3-a8dd7e6e8d6a/datanode-6/data/containers/hdds to VolumeSet
2019-09-25 07:27:27,449 [main] INFO  volume.ThrottledAsyncChecker (ThrottledAsyncChecker.java:schedule(139)) - Scheduling a check for org.apache.hadoop.ozone.container.common.volume.HddsVolume@480ad82c
2019-09-25 07:27:27,449 [main] INFO  volume.HddsVolumeChecker (HddsVolumeChecker.java:checkAllVolumes(202)) - Scheduled health check for volume org.apache.hadoop.ozone.container.common.volume.HddsVolume@480ad82c
2019-09-25 07:27:27,469 [main] INFO  impl.RaftServerProxy (ConfUtils.java:logGet(43)) - raft.rpc.type = GRPC (default)
2019-09-25 07:27:27,470 [main] INFO  grpc.GrpcFactory (GrpcFactory.java:checkPooledByteBufAllocatorUseCacheForAllThreads(45)) - PERFORMANCE WARNING: useCacheForAllThreads is true that may cause Netty to create a lot garbage objects and, as a result, trigger GC.
	It is recommended to disable useCacheForAllThreads by setting -Dorg.apache.ratis.thirdparty.io.netty.allocator.useCacheForAllThreads=false in command line.
2019-09-25 07:27:27,470 [main] INFO  grpc.GrpcConfigKeys$Server (ConfUtils.java:logGet(43)) - raft.grpc.server.port = 0 (default)
2019-09-25 07:27:27,470 [main] INFO  server.GrpcService (ConfUtils.java:logGet(43)) - raft.grpc.message.size.max = 33570816 (custom)
2019-09-25 07:27:27,470 [main] INFO  server.RaftServerConfigKeys (ConfUtils.java:logGet(43)) - raft.server.log.appender.buffer.byte-limit = 33554432 (custom)
2019-09-25 07:27:27,470 [main] INFO  server.GrpcService (ConfUtils.java:logGet(43)) - raft.grpc.flow.control.window = 1MB (=1048576) (default)
2019-09-25 07:27:27,471 [main] INFO  server.RaftServerConfigKeys (ConfUtils.java:logGet(43)) - raft.server.rpc.request.timeout = 3000ms (default)
2019-09-25 07:27:27,471 [main] INFO  server.RaftServerConfigKeys (ConfUtils.java:logGet(43)) - raft.server.storage.dir = [/workdir/hadoop-ozone/ozonefs/target/test-dir/MiniOzoneClusterImpl-336849c0-54e0-42a2-92e3-a8dd7e6e8d6a/datanode-6/data/ratis] (custom)
2019-09-25 07:27:27,472 [main] INFO  hdfs.DFSUtil (DFSUtil.java:httpServerTemplateForNNAndJN(1641)) - Starting Web-server for hddsDatanode at: http://0.0.0.0:0
2019-09-25 07:27:27,474 [main] INFO  server.AuthenticationFilter (AuthenticationFilter.java:constructSecretProvider(240)) - Unable to initialize FileSignerSecretProvider, falling back to use random secrets.
2019-09-25 07:27:27,474 [main] WARN  http.HttpRequestLog (HttpRequestLog.java:getRequestLog(97)) - Jetty request log can only be enabled using Log4j
2019-09-25 07:27:27,476 [main] INFO  http.HttpServer2 (HttpServer2.java:addGlobalFilter(975)) - Added global filter 'safety' (class=org.apache.hadoop.http.HttpServer2$QuotingInputFilter)
2019-09-25 07:27:27,477 [main] INFO  http.HttpServer2 (HttpServer2.java:addFilter(948)) - Added filter static_user_filter (class=org.apache.hadoop.http.lib.StaticUserWebFilter$StaticUserFilter) to context hddsDatanode
2019-09-25 07:27:27,477 [main] INFO  http.HttpServer2 (HttpServer2.java:addFilter(958)) - Added filter static_user_filter (class=org.apache.hadoop.http.lib.StaticUserWebFilter$StaticUserFilter) to context static
2019-09-25 07:27:27,477 [main] INFO  http.HttpServer2 (HttpServer2.java:addFilter(958)) - Added filter static_user_filter (class=org.apache.hadoop.http.lib.StaticUserWebFilter$StaticUserFilter) to context logs
2019-09-25 07:27:27,478 [main] INFO  http.HttpServer2 (HttpServer2.java:bindListener(1191)) - Jetty bound to port 37886
2019-09-25 07:27:27,478 [main] INFO  server.Server (Server.java:doStart(351)) - jetty-9.3.25.v20180904, build timestamp: 2018-09-04T21:11:46Z, git hash: 3ce520221d0240229c862b122d2b06c12a625732
2019-09-25 07:27:27,480 [main] INFO  handler.ContextHandler (ContextHandler.java:doStart(781)) - Started o.e.j.s.ServletContextHandler@5d8ab698{/logs,file:///workdir/hadoop-ozone/ozonefs/target/log,AVAILABLE}
2019-09-25 07:27:27,480 [main] INFO  handler.ContextHandler (ContextHandler.java:doStart(781)) - Started o.e.j.s.ServletContextHandler@446626a7{/static,jar:file:/home/user/.m2/repository/org/apache/hadoop/hadoop-hdds-container-service/0.5.0-SNAPSHOT/hadoop-hdds-container-service-0.5.0-SNAPSHOT.jar!/webapps/static,AVAILABLE}
2019-09-25 07:27:27,508 [main] INFO  handler.ContextHandler (ContextHandler.java:doStart(781)) - Started o.e.j.w.WebAppContext@3e67f5f2{/,file:///tmp/jetty-0.0.0.0-37886-hddsDatanode-_-any-7824070969675418382.dir/webapp/,AVAILABLE}{/hddsDatanode}
2019-09-25 07:27:27,509 [main] INFO  server.AbstractConnector (AbstractConnector.java:doStart(278)) - Started ServerConnector@fd53053{HTTP/1.1,[http/1.1]}{0.0.0.0:37886}
2019-09-25 07:27:27,509 [main] INFO  server.Server (Server.java:doStart(419)) - Started @6516ms
2019-09-25 07:27:27,510 [main] WARN  impl.MetricsSystemImpl (MetricsSystemImpl.java:register(276)) - Sink prometheus already exists!
2019-09-25 07:27:27,510 [main] INFO  server.BaseHttpServer (BaseHttpServer.java:updateConnectorAddress(215)) - HTTP server of HDDSDATANODE is listening at http://0.0.0.0:37886
2019-09-25 07:27:27,511 [main] INFO  impl.MetricsSystemImpl (MetricsSystemImpl.java:init(158)) - HddsDatanode metrics system started (again)
2019-09-25 07:27:27,513 [main] INFO  ozone.HddsDatanodeService (HddsDatanodeService.java:start(184)) - HddsDatanodeService host:pr-hdds-1569-x2sr2-3486766547 ip:192.168.151.106
2019-09-25 07:27:27,513 [org.apache.hadoop.util.JvmPauseMonitor$Monitor@7d41adef] INFO  util.JvmPauseMonitor (JvmPauseMonitor.java:run(188)) - Starting JVM pause monitor
2019-09-25 07:27:27,516 [Datanode State Machine Thread - 0] INFO  datanode.InitDatanodeState (InitDatanodeState.java:persistContainerDatanodeDetails(140)) - DatanodeDetails is persisted to /workdir/hadoop-ozone/ozonefs/target/test-dir/MiniOzoneClusterImpl-336849c0-54e0-42a2-92e3-a8dd7e6e8d6a/datanode-6/meta/datanode.id
2019-09-25 07:27:27,521 [main] INFO  volume.HddsVolume (HddsVolume.java:<init>(176)) - Creating Volume: /workdir/hadoop-ozone/ozonefs/target/test-dir/MiniOzoneClusterImpl-336849c0-54e0-42a2-92e3-a8dd7e6e8d6a/datanode-7/data/containers/hdds of  storage type : DISK and capacity : 1482555576320
2019-09-25 07:27:27,522 [main] INFO  volume.VolumeSet (VolumeSet.java:initializeVolumeSet(170)) - Added Volume : /workdir/hadoop-ozone/ozonefs/target/test-dir/MiniOzoneClusterImpl-336849c0-54e0-42a2-92e3-a8dd7e6e8d6a/datanode-7/data/containers/hdds to VolumeSet
2019-09-25 07:27:27,522 [main] INFO  volume.ThrottledAsyncChecker (ThrottledAsyncChecker.java:schedule(139)) - Scheduling a check for org.apache.hadoop.ozone.container.common.volume.HddsVolume@7bab5898
2019-09-25 07:27:27,522 [main] INFO  volume.HddsVolumeChecker (HddsVolumeChecker.java:checkAllVolumes(202)) - Scheduled health check for volume org.apache.hadoop.ozone.container.common.volume.HddsVolume@7bab5898
2019-09-25 07:27:27,540 [main] INFO  impl.RaftServerProxy (ConfUtils.java:logGet(43)) - raft.rpc.type = GRPC (default)
2019-09-25 07:27:27,540 [main] INFO  grpc.GrpcFactory (GrpcFactory.java:checkPooledByteBufAllocatorUseCacheForAllThreads(45)) - PERFORMANCE WARNING: useCacheForAllThreads is true that may cause Netty to create a lot garbage objects and, as a result, trigger GC.
	It is recommended to disable useCacheForAllThreads by setting -Dorg.apache.ratis.thirdparty.io.netty.allocator.useCacheForAllThreads=false in command line.
2019-09-25 07:27:27,540 [main] INFO  grpc.GrpcConfigKeys$Server (ConfUtils.java:logGet(43)) - raft.grpc.server.port = 0 (default)
2019-09-25 07:27:27,540 [main] INFO  server.GrpcService (ConfUtils.java:logGet(43)) - raft.grpc.message.size.max = 33570816 (custom)
2019-09-25 07:27:27,541 [main] INFO  server.RaftServerConfigKeys (ConfUtils.java:logGet(43)) - raft.server.log.appender.buffer.byte-limit = 33554432 (custom)
2019-09-25 07:27:27,541 [main] INFO  server.GrpcService (ConfUtils.java:logGet(43)) - raft.grpc.flow.control.window = 1MB (=1048576) (default)
2019-09-25 07:27:27,541 [main] INFO  server.RaftServerConfigKeys (ConfUtils.java:logGet(43)) - raft.server.rpc.request.timeout = 3000ms (default)
2019-09-25 07:27:27,541 [main] INFO  server.RaftServerConfigKeys (ConfUtils.java:logGet(43)) - raft.server.storage.dir = [/workdir/hadoop-ozone/ozonefs/target/test-dir/MiniOzoneClusterImpl-336849c0-54e0-42a2-92e3-a8dd7e6e8d6a/datanode-7/data/ratis] (custom)
2019-09-25 07:27:27,543 [main] INFO  hdfs.DFSUtil (DFSUtil.java:httpServerTemplateForNNAndJN(1641)) - Starting Web-server for hddsDatanode at: http://0.0.0.0:0
2019-09-25 07:27:27,544 [main] INFO  server.AuthenticationFilter (AuthenticationFilter.java:constructSecretProvider(240)) - Unable to initialize FileSignerSecretProvider, falling back to use random secrets.
2019-09-25 07:27:27,544 [main] WARN  http.HttpRequestLog (HttpRequestLog.java:getRequestLog(97)) - Jetty request log can only be enabled using Log4j
2019-09-25 07:27:27,546 [main] INFO  http.HttpServer2 (HttpServer2.java:addGlobalFilter(975)) - Added global filter 'safety' (class=org.apache.hadoop.http.HttpServer2$QuotingInputFilter)
2019-09-25 07:27:27,546 [main] INFO  http.HttpServer2 (HttpServer2.java:addFilter(948)) - Added filter static_user_filter (class=org.apache.hadoop.http.lib.StaticUserWebFilter$StaticUserFilter) to context hddsDatanode
2019-09-25 07:27:27,547 [main] INFO  http.HttpServer2 (HttpServer2.java:addFilter(958)) - Added filter static_user_filter (class=org.apache.hadoop.http.lib.StaticUserWebFilter$StaticUserFilter) to context static
2019-09-25 07:27:27,547 [main] INFO  http.HttpServer2 (HttpServer2.java:addFilter(958)) - Added filter static_user_filter (class=org.apache.hadoop.http.lib.StaticUserWebFilter$StaticUserFilter) to context logs
2019-09-25 07:27:27,548 [main] INFO  http.HttpServer2 (HttpServer2.java:bindListener(1191)) - Jetty bound to port 39507
2019-09-25 07:27:27,548 [main] INFO  server.Server (Server.java:doStart(351)) - jetty-9.3.25.v20180904, build timestamp: 2018-09-04T21:11:46Z, git hash: 3ce520221d0240229c862b122d2b06c12a625732
2019-09-25 07:27:27,549 [main] INFO  handler.ContextHandler (ContextHandler.java:doStart(781)) - Started o.e.j.s.ServletContextHandler@7f1ef916{/logs,file:///workdir/hadoop-ozone/ozonefs/target/log,AVAILABLE}
2019-09-25 07:27:27,550 [main] INFO  handler.ContextHandler (ContextHandler.java:doStart(781)) - Started o.e.j.s.ServletContextHandler@64aad809{/static,jar:file:/home/user/.m2/repository/org/apache/hadoop/hadoop-hdds-container-service/0.5.0-SNAPSHOT/hadoop-hdds-container-service-0.5.0-SNAPSHOT.jar!/webapps/static,AVAILABLE}
2019-09-25 07:27:27,577 [main] INFO  handler.ContextHandler (ContextHandler.java:doStart(781)) - Started o.e.j.w.WebAppContext@4c7e978c{/,file:///tmp/jetty-0.0.0.0-39507-hddsDatanode-_-any-5718379158629528621.dir/webapp/,AVAILABLE}{/hddsDatanode}
2019-09-25 07:27:27,577 [main] INFO  server.AbstractConnector (AbstractConnector.java:doStart(278)) - Started ServerConnector@354e7004{HTTP/1.1,[http/1.1]}{0.0.0.0:39507}
2019-09-25 07:27:27,578 [main] INFO  server.Server (Server.java:doStart(419)) - Started @6585ms
2019-09-25 07:27:27,578 [main] WARN  impl.MetricsSystemImpl (MetricsSystemImpl.java:register(276)) - Sink prometheus already exists!
2019-09-25 07:27:27,579 [main] INFO  server.BaseHttpServer (BaseHttpServer.java:updateConnectorAddress(215)) - HTTP server of HDDSDATANODE is listening at http://0.0.0.0:39507
2019-09-25 07:27:27,579 [main] INFO  impl.MetricsSystemImpl (MetricsSystemImpl.java:init(158)) - HddsDatanode metrics system started (again)
2019-09-25 07:27:27,584 [main] INFO  ozone.HddsDatanodeService (HddsDatanodeService.java:start(184)) - HddsDatanodeService host:pr-hdds-1569-x2sr2-3486766547 ip:192.168.151.106
2019-09-25 07:27:27,584 [org.apache.hadoop.util.JvmPauseMonitor$Monitor@c1db2e8] INFO  util.JvmPauseMonitor (JvmPauseMonitor.java:run(188)) - Starting JVM pause monitor
2019-09-25 07:27:27,587 [Datanode State Machine Thread - 0] INFO  datanode.InitDatanodeState (InitDatanodeState.java:persistContainerDatanodeDetails(140)) - DatanodeDetails is persisted to /workdir/hadoop-ozone/ozonefs/target/test-dir/MiniOzoneClusterImpl-336849c0-54e0-42a2-92e3-a8dd7e6e8d6a/datanode-7/meta/datanode.id
2019-09-25 07:27:27,594 [main] INFO  volume.HddsVolume (HddsVolume.java:<init>(176)) - Creating Volume: /workdir/hadoop-ozone/ozonefs/target/test-dir/MiniOzoneClusterImpl-336849c0-54e0-42a2-92e3-a8dd7e6e8d6a/datanode-8/data/containers/hdds of  storage type : DISK and capacity : 1482555576320
2019-09-25 07:27:27,595 [main] INFO  volume.VolumeSet (VolumeSet.java:initializeVolumeSet(170)) - Added Volume : /workdir/hadoop-ozone/ozonefs/target/test-dir/MiniOzoneClusterImpl-336849c0-54e0-42a2-92e3-a8dd7e6e8d6a/datanode-8/data/containers/hdds to VolumeSet
2019-09-25 07:27:27,595 [main] INFO  volume.ThrottledAsyncChecker (ThrottledAsyncChecker.java:schedule(139)) - Scheduling a check for org.apache.hadoop.ozone.container.common.volume.HddsVolume@d5af0a5
2019-09-25 07:27:27,595 [main] INFO  volume.HddsVolumeChecker (HddsVolumeChecker.java:checkAllVolumes(202)) - Scheduled health check for volume org.apache.hadoop.ozone.container.common.volume.HddsVolume@d5af0a5
2019-09-25 07:27:27,618 [main] INFO  impl.RaftServerProxy (ConfUtils.java:logGet(43)) - raft.rpc.type = GRPC (default)
2019-09-25 07:27:27,618 [main] INFO  grpc.GrpcFactory (GrpcFactory.java:checkPooledByteBufAllocatorUseCacheForAllThreads(45)) - PERFORMANCE WARNING: useCacheForAllThreads is true that may cause Netty to create a lot garbage objects and, as a result, trigger GC.
	It is recommended to disable useCacheForAllThreads by setting -Dorg.apache.ratis.thirdparty.io.netty.allocator.useCacheForAllThreads=false in command line.
2019-09-25 07:27:27,618 [main] INFO  grpc.GrpcConfigKeys$Server (ConfUtils.java:logGet(43)) - raft.grpc.server.port = 0 (default)
2019-09-25 07:27:27,619 [main] INFO  server.GrpcService (ConfUtils.java:logGet(43)) - raft.grpc.message.size.max = 33570816 (custom)
2019-09-25 07:27:27,619 [main] INFO  server.RaftServerConfigKeys (ConfUtils.java:logGet(43)) - raft.server.log.appender.buffer.byte-limit = 33554432 (custom)
2019-09-25 07:27:27,619 [main] INFO  server.GrpcService (ConfUtils.java:logGet(43)) - raft.grpc.flow.control.window = 1MB (=1048576) (default)
2019-09-25 07:27:27,619 [main] INFO  server.RaftServerConfigKeys (ConfUtils.java:logGet(43)) - raft.server.rpc.request.timeout = 3000ms (default)
2019-09-25 07:27:27,620 [main] INFO  server.RaftServerConfigKeys (ConfUtils.java:logGet(43)) - raft.server.storage.dir = [/workdir/hadoop-ozone/ozonefs/target/test-dir/MiniOzoneClusterImpl-336849c0-54e0-42a2-92e3-a8dd7e6e8d6a/datanode-8/data/ratis] (custom)
2019-09-25 07:27:27,621 [main] INFO  hdfs.DFSUtil (DFSUtil.java:httpServerTemplateForNNAndJN(1641)) - Starting Web-server for hddsDatanode at: http://0.0.0.0:0
2019-09-25 07:27:27,623 [main] INFO  server.AuthenticationFilter (AuthenticationFilter.java:constructSecretProvider(240)) - Unable to initialize FileSignerSecretProvider, falling back to use random secrets.
2019-09-25 07:27:27,623 [main] WARN  http.HttpRequestLog (HttpRequestLog.java:getRequestLog(97)) - Jetty request log can only be enabled using Log4j
2019-09-25 07:27:27,625 [main] INFO  http.HttpServer2 (HttpServer2.java:addGlobalFilter(975)) - Added global filter 'safety' (class=org.apache.hadoop.http.HttpServer2$QuotingInputFilter)
2019-09-25 07:27:27,625 [main] INFO  http.HttpServer2 (HttpServer2.java:addFilter(948)) - Added filter static_user_filter (class=org.apache.hadoop.http.lib.StaticUserWebFilter$StaticUserFilter) to context hddsDatanode
2019-09-25 07:27:27,625 [main] INFO  http.HttpServer2 (HttpServer2.java:addFilter(958)) - Added filter static_user_filter (class=org.apache.hadoop.http.lib.StaticUserWebFilter$StaticUserFilter) to context static
2019-09-25 07:27:27,625 [main] INFO  http.HttpServer2 (HttpServer2.java:addFilter(958)) - Added filter static_user_filter (class=org.apache.hadoop.http.lib.StaticUserWebFilter$StaticUserFilter) to context logs
2019-09-25 07:27:27,626 [main] INFO  http.HttpServer2 (HttpServer2.java:bindListener(1191)) - Jetty bound to port 43462
2019-09-25 07:27:27,626 [main] INFO  server.Server (Server.java:doStart(351)) - jetty-9.3.25.v20180904, build timestamp: 2018-09-04T21:11:46Z, git hash: 3ce520221d0240229c862b122d2b06c12a625732
2019-09-25 07:27:27,628 [main] INFO  handler.ContextHandler (ContextHandler.java:doStart(781)) - Started o.e.j.s.ServletContextHandler@69d23296{/logs,file:///workdir/hadoop-ozone/ozonefs/target/log,AVAILABLE}
2019-09-25 07:27:27,628 [main] INFO  handler.ContextHandler (ContextHandler.java:doStart(781)) - Started o.e.j.s.ServletContextHandler@376c7d7d{/static,jar:file:/home/user/.m2/repository/org/apache/hadoop/hadoop-hdds-container-service/0.5.0-SNAPSHOT/hadoop-hdds-container-service-0.5.0-SNAPSHOT.jar!/webapps/static,AVAILABLE}
2019-09-25 07:27:27,655 [main] INFO  handler.ContextHandler (ContextHandler.java:doStart(781)) - Started o.e.j.w.WebAppContext@4c86da0c{/,file:///tmp/jetty-0.0.0.0-43462-hddsDatanode-_-any-8043820002105538845.dir/webapp/,AVAILABLE}{/hddsDatanode}
2019-09-25 07:27:27,656 [main] INFO  server.AbstractConnector (AbstractConnector.java:doStart(278)) - Started ServerConnector@5d97caa4{HTTP/1.1,[http/1.1]}{0.0.0.0:43462}
2019-09-25 07:27:27,657 [main] INFO  server.Server (Server.java:doStart(419)) - Started @6663ms
2019-09-25 07:27:27,657 [main] WARN  impl.MetricsSystemImpl (MetricsSystemImpl.java:register(276)) - Sink prometheus already exists!
2019-09-25 07:27:27,657 [main] INFO  server.BaseHttpServer (BaseHttpServer.java:updateConnectorAddress(215)) - HTTP server of HDDSDATANODE is listening at http://0.0.0.0:43462
2019-09-25 07:27:27,658 [main] INFO  impl.MetricsSystemImpl (MetricsSystemImpl.java:init(158)) - HddsDatanode metrics system started (again)
2019-09-25 07:27:27,662 [main] INFO  ozone.HddsDatanodeService (HddsDatanodeService.java:start(184)) - HddsDatanodeService host:pr-hdds-1569-x2sr2-3486766547 ip:192.168.151.106
2019-09-25 07:27:27,662 [org.apache.hadoop.util.JvmPauseMonitor$Monitor@74af7ea7] INFO  util.JvmPauseMonitor (JvmPauseMonitor.java:run(188)) - Starting JVM pause monitor
2019-09-25 07:27:27,666 [Datanode State Machine Thread - 0] INFO  datanode.InitDatanodeState (InitDatanodeState.java:persistContainerDatanodeDetails(140)) - DatanodeDetails is persisted to /workdir/hadoop-ozone/ozonefs/target/test-dir/MiniOzoneClusterImpl-336849c0-54e0-42a2-92e3-a8dd7e6e8d6a/datanode-8/meta/datanode.id
2019-09-25 07:27:27,670 [main] INFO  volume.HddsVolume (HddsVolume.java:<init>(176)) - Creating Volume: /workdir/hadoop-ozone/ozonefs/target/test-dir/MiniOzoneClusterImpl-336849c0-54e0-42a2-92e3-a8dd7e6e8d6a/datanode-9/data/containers/hdds of  storage type : DISK and capacity : 1482555576320
2019-09-25 07:27:27,670 [main] INFO  volume.VolumeSet (VolumeSet.java:initializeVolumeSet(170)) - Added Volume : /workdir/hadoop-ozone/ozonefs/target/test-dir/MiniOzoneClusterImpl-336849c0-54e0-42a2-92e3-a8dd7e6e8d6a/datanode-9/data/containers/hdds to VolumeSet
2019-09-25 07:27:27,670 [main] INFO  volume.ThrottledAsyncChecker (ThrottledAsyncChecker.java:schedule(139)) - Scheduling a check for org.apache.hadoop.ozone.container.common.volume.HddsVolume@4f94e148
2019-09-25 07:27:27,671 [main] INFO  volume.HddsVolumeChecker (HddsVolumeChecker.java:checkAllVolumes(202)) - Scheduled health check for volume org.apache.hadoop.ozone.container.common.volume.HddsVolume@4f94e148
2019-09-25 07:27:27,689 [main] INFO  impl.RaftServerProxy (ConfUtils.java:logGet(43)) - raft.rpc.type = GRPC (default)
2019-09-25 07:27:27,689 [main] INFO  grpc.GrpcFactory (GrpcFactory.java:checkPooledByteBufAllocatorUseCacheForAllThreads(45)) - PERFORMANCE WARNING: useCacheForAllThreads is true that may cause Netty to create a lot garbage objects and, as a result, trigger GC.
	It is recommended to disable useCacheForAllThreads by setting -Dorg.apache.ratis.thirdparty.io.netty.allocator.useCacheForAllThreads=false in command line.
2019-09-25 07:27:27,689 [main] INFO  grpc.GrpcConfigKeys$Server (ConfUtils.java:logGet(43)) - raft.grpc.server.port = 0 (default)
2019-09-25 07:27:27,689 [main] INFO  server.GrpcService (ConfUtils.java:logGet(43)) - raft.grpc.message.size.max = 33570816 (custom)
2019-09-25 07:27:27,689 [main] INFO  server.RaftServerConfigKeys (ConfUtils.java:logGet(43)) - raft.server.log.appender.buffer.byte-limit = 33554432 (custom)
2019-09-25 07:27:27,690 [main] INFO  server.GrpcService (ConfUtils.java:logGet(43)) - raft.grpc.flow.control.window = 1MB (=1048576) (default)
2019-09-25 07:27:27,690 [main] INFO  server.RaftServerConfigKeys (ConfUtils.java:logGet(43)) - raft.server.rpc.request.timeout = 3000ms (default)
2019-09-25 07:27:27,690 [main] INFO  server.RaftServerConfigKeys (ConfUtils.java:logGet(43)) - raft.server.storage.dir = [/workdir/hadoop-ozone/ozonefs/target/test-dir/MiniOzoneClusterImpl-336849c0-54e0-42a2-92e3-a8dd7e6e8d6a/datanode-9/data/ratis] (custom)
2019-09-25 07:27:27,691 [main] INFO  hdfs.DFSUtil (DFSUtil.java:httpServerTemplateForNNAndJN(1641)) - Starting Web-server for hddsDatanode at: http://0.0.0.0:0
2019-09-25 07:27:27,693 [main] INFO  server.AuthenticationFilter (AuthenticationFilter.java:constructSecretProvider(240)) - Unable to initialize FileSignerSecretProvider, falling back to use random secrets.
2019-09-25 07:27:27,693 [main] WARN  http.HttpRequestLog (HttpRequestLog.java:getRequestLog(97)) - Jetty request log can only be enabled using Log4j
2019-09-25 07:27:27,694 [main] INFO  http.HttpServer2 (HttpServer2.java:addGlobalFilter(975)) - Added global filter 'safety' (class=org.apache.hadoop.http.HttpServer2$QuotingInputFilter)
2019-09-25 07:27:27,695 [main] INFO  http.HttpServer2 (HttpServer2.java:addFilter(948)) - Added filter static_user_filter (class=org.apache.hadoop.http.lib.StaticUserWebFilter$StaticUserFilter) to context hddsDatanode
2019-09-25 07:27:27,695 [main] INFO  http.HttpServer2 (HttpServer2.java:addFilter(958)) - Added filter static_user_filter (class=org.apache.hadoop.http.lib.StaticUserWebFilter$StaticUserFilter) to context static
2019-09-25 07:27:27,695 [main] INFO  http.HttpServer2 (HttpServer2.java:addFilter(958)) - Added filter static_user_filter (class=org.apache.hadoop.http.lib.StaticUserWebFilter$StaticUserFilter) to context logs
2019-09-25 07:27:27,696 [main] INFO  http.HttpServer2 (HttpServer2.java:bindListener(1191)) - Jetty bound to port 34347
2019-09-25 07:27:27,696 [main] INFO  server.Server (Server.java:doStart(351)) - jetty-9.3.25.v20180904, build timestamp: 2018-09-04T21:11:46Z, git hash: 3ce520221d0240229c862b122d2b06c12a625732
2019-09-25 07:27:27,698 [main] INFO  handler.ContextHandler (ContextHandler.java:doStart(781)) - Started o.e.j.s.ServletContextHandler@41dc0598{/logs,file:///workdir/hadoop-ozone/ozonefs/target/log,AVAILABLE}
2019-09-25 07:27:27,698 [main] INFO  handler.ContextHandler (ContextHandler.java:doStart(781)) - Started o.e.j.s.ServletContextHandler@6a2c717f{/static,jar:file:/home/user/.m2/repository/org/apache/hadoop/hadoop-hdds-container-service/0.5.0-SNAPSHOT/hadoop-hdds-container-service-0.5.0-SNAPSHOT.jar!/webapps/static,AVAILABLE}
2019-09-25 07:27:27,725 [main] INFO  handler.ContextHandler (ContextHandler.java:doStart(781)) - Started o.e.j.w.WebAppContext@7e7f3cfd{/,file:///tmp/jetty-0.0.0.0-34347-hddsDatanode-_-any-3838533346633300872.dir/webapp/,AVAILABLE}{/hddsDatanode}
2019-09-25 07:27:27,725 [main] INFO  server.AbstractConnector (AbstractConnector.java:doStart(278)) - Started ServerConnector@3ae126d1{HTTP/1.1,[http/1.1]}{0.0.0.0:34347}
2019-09-25 07:27:27,726 [main] INFO  server.Server (Server.java:doStart(419)) - Started @6733ms
2019-09-25 07:27:27,726 [main] WARN  impl.MetricsSystemImpl (MetricsSystemImpl.java:register(276)) - Sink prometheus already exists!
2019-09-25 07:27:27,727 [main] INFO  server.BaseHttpServer (BaseHttpServer.java:updateConnectorAddress(215)) - HTTP server of HDDSDATANODE is listening at http://0.0.0.0:34347
2019-09-25 07:27:27,732 [main] INFO  ozone.MiniOzoneClusterImpl (MiniOzoneClusterImpl.java:lambda$waitForClusterToBeReady$0(147)) - Waiting for cluster to be ready. Got 0 of 10 DN Heartbeats.
2019-09-25 07:27:27,733 [org.apache.hadoop.util.JvmPauseMonitor$Monitor@3e4aa56f] INFO  util.JvmPauseMonitor (JvmPauseMonitor.java:run(188)) - Starting JVM pause monitor
2019-09-25 07:27:27,738 [Datanode State Machine Thread - 0] INFO  datanode.InitDatanodeState (InitDatanodeState.java:persistContainerDatanodeDetails(140)) - DatanodeDetails is persisted to /workdir/hadoop-ozone/ozonefs/target/test-dir/MiniOzoneClusterImpl-336849c0-54e0-42a2-92e3-a8dd7e6e8d6a/datanode-9/meta/datanode.id
2019-09-25 07:27:28,732 [main] INFO  ozone.MiniOzoneClusterImpl (MiniOzoneClusterImpl.java:lambda$waitForClusterToBeReady$0(147)) - Waiting for cluster to be ready. Got 0 of 10 DN Heartbeats.
2019-09-25 07:27:29,147 [Datanode State Machine Thread - 0] INFO  ozoneimpl.OzoneContainer (OzoneContainer.java:start(217)) - Attempting to start container services.
2019-09-25 07:27:29,149 [Datanode State Machine Thread - 0] INFO  ozoneimpl.OzoneContainer (OzoneContainer.java:startContainerScrub(179)) - Background container scanner has been disabled.
2019-09-25 07:27:29,149 [Datanode State Machine Thread - 0] INFO  ratis.XceiverServerRatis (XceiverServerRatis.java:start(411)) - Starting XceiverServerRatis ac29337b-1f05-44ab-baf7-0ad511ed26a1 at port 0
2019-09-25 07:27:29,159 [Datanode State Machine Thread - 0] INFO  ozoneimpl.OzoneContainer (OzoneContainer.java:start(217)) - Attempting to start container services.
2019-09-25 07:27:29,165 [Datanode State Machine Thread - 0] INFO  ozoneimpl.OzoneContainer (OzoneContainer.java:startContainerScrub(179)) - Background container scanner has been disabled.
2019-09-25 07:27:29,166 [Datanode State Machine Thread - 0] INFO  ratis.XceiverServerRatis (XceiverServerRatis.java:start(411)) - Starting XceiverServerRatis 9cc18591-be2f-448e-af7e-d5f4fba8f5f7 at port 0
2019-09-25 07:27:29,188 [Datanode State Machine Thread - 0] INFO  impl.RaftServerProxy (RaftServerProxy.java:lambda$start$3(299)) - ac29337b-1f05-44ab-baf7-0ad511ed26a1: start RPC server
2019-09-25 07:27:29,188 [Datanode State Machine Thread - 0] INFO  impl.RaftServerProxy (RaftServerProxy.java:lambda$start$3(299)) - 9cc18591-be2f-448e-af7e-d5f4fba8f5f7: start RPC server
2019-09-25 07:27:29,230 [Datanode State Machine Thread - 0] INFO  ozoneimpl.OzoneContainer (OzoneContainer.java:start(217)) - Attempting to start container services.
2019-09-25 07:27:29,230 [Datanode State Machine Thread - 0] INFO  ozoneimpl.OzoneContainer (OzoneContainer.java:startContainerScrub(179)) - Background container scanner has been disabled.
2019-09-25 07:27:29,231 [Datanode State Machine Thread - 0] INFO  ratis.XceiverServerRatis (XceiverServerRatis.java:start(411)) - Starting XceiverServerRatis c642d074-6234-4917-85d3-a38353a695f7 at port 0
2019-09-25 07:27:29,239 [Datanode State Machine Thread - 0] INFO  impl.RaftServerProxy (RaftServerProxy.java:lambda$start$3(299)) - c642d074-6234-4917-85d3-a38353a695f7: start RPC server
2019-09-25 07:27:29,320 [Datanode State Machine Thread - 0] INFO  ozoneimpl.OzoneContainer (OzoneContainer.java:start(217)) - Attempting to start container services.
2019-09-25 07:27:29,321 [Datanode State Machine Thread - 0] INFO  ozoneimpl.OzoneContainer (OzoneContainer.java:startContainerScrub(179)) - Background container scanner has been disabled.
2019-09-25 07:27:29,321 [Datanode State Machine Thread - 0] INFO  ratis.XceiverServerRatis (XceiverServerRatis.java:start(411)) - Starting XceiverServerRatis 50e45688-d85c-45e8-a8ba-136a1a73e30a at port 0
2019-09-25 07:27:29,331 [Datanode State Machine Thread - 0] INFO  impl.RaftServerProxy (RaftServerProxy.java:lambda$start$3(299)) - 50e45688-d85c-45e8-a8ba-136a1a73e30a: start RPC server
2019-09-25 07:27:29,382 [Datanode State Machine Thread - 0] INFO  server.GrpcService (GrpcService.java:startImpl(158)) - 9cc18591-be2f-448e-af7e-d5f4fba8f5f7: GrpcService started, listening on 0.0.0.0/0.0.0.0:36443
2019-09-25 07:27:29,382 [Datanode State Machine Thread - 0] INFO  server.GrpcService (GrpcService.java:startImpl(158)) - ac29337b-1f05-44ab-baf7-0ad511ed26a1: GrpcService started, listening on 0.0.0.0/0.0.0.0:37931
2019-09-25 07:27:29,382 [Datanode State Machine Thread - 0] INFO  server.GrpcService (GrpcService.java:startImpl(158)) - 50e45688-d85c-45e8-a8ba-136a1a73e30a: GrpcService started, listening on 0.0.0.0/0.0.0.0:37283
2019-09-25 07:27:29,382 [Datanode State Machine Thread - 0] INFO  server.GrpcService (GrpcService.java:startImpl(158)) - c642d074-6234-4917-85d3-a38353a695f7: GrpcService started, listening on 0.0.0.0/0.0.0.0:41023
2019-09-25 07:27:29,384 [Datanode State Machine Thread - 0] INFO  ratis.XceiverServerRatis (XceiverServerRatis.java:start(421)) - XceiverServerRatis 50e45688-d85c-45e8-a8ba-136a1a73e30a is started using port 37283
2019-09-25 07:27:29,384 [Datanode State Machine Thread - 0] INFO  ratis.XceiverServerRatis (XceiverServerRatis.java:start(421)) - XceiverServerRatis ac29337b-1f05-44ab-baf7-0ad511ed26a1 is started using port 37931
2019-09-25 07:27:29,384 [Datanode State Machine Thread - 0] INFO  ratis.XceiverServerRatis (XceiverServerRatis.java:start(421)) - XceiverServerRatis 9cc18591-be2f-448e-af7e-d5f4fba8f5f7 is started using port 36443
2019-09-25 07:27:29,385 [Datanode State Machine Thread - 0] INFO  ratis.XceiverServerRatis (XceiverServerRatis.java:start(421)) - XceiverServerRatis c642d074-6234-4917-85d3-a38353a695f7 is started using port 41023
2019-09-25 07:27:29,395 [Datanode State Machine Thread - 0] INFO  server.XceiverServerGrpc (XceiverServerGrpc.java:start(149)) - XceiverServerGrpc ac29337b-1f05-44ab-baf7-0ad511ed26a1 is started using port 38522
2019-09-25 07:27:29,397 [Datanode State Machine Thread - 0] INFO  server.XceiverServerGrpc (XceiverServerGrpc.java:start(149)) - XceiverServerGrpc 50e45688-d85c-45e8-a8ba-136a1a73e30a is started using port 34726
2019-09-25 07:27:29,396 [Datanode State Machine Thread - 0] INFO  server.XceiverServerGrpc (XceiverServerGrpc.java:start(149)) - XceiverServerGrpc c642d074-6234-4917-85d3-a38353a695f7 is started using port 35908
2019-09-25 07:27:29,396 [Datanode State Machine Thread - 0] INFO  ozoneimpl.OzoneContainer (OzoneContainer.java:start(217)) - Attempting to start container services.
2019-09-25 07:27:29,395 [Datanode State Machine Thread - 0] INFO  server.XceiverServerGrpc (XceiverServerGrpc.java:start(149)) - XceiverServerGrpc 9cc18591-be2f-448e-af7e-d5f4fba8f5f7 is started using port 37872
2019-09-25 07:27:29,397 [Datanode State Machine Thread - 0] INFO  ozoneimpl.OzoneContainer (OzoneContainer.java:startContainerScrub(179)) - Background container scanner has been disabled.
2019-09-25 07:27:29,398 [Datanode State Machine Thread - 0] INFO  ratis.XceiverServerRatis (XceiverServerRatis.java:start(411)) - Starting XceiverServerRatis d2544423-6c63-4eb7-9d0a-bffb9f2b5023 at port 0
2019-09-25 07:27:29,408 [Datanode State Machine Thread - 0] INFO  impl.RaftServerProxy (RaftServerProxy.java:lambda$start$3(299)) - d2544423-6c63-4eb7-9d0a-bffb9f2b5023: start RPC server
2019-09-25 07:27:29,411 [Datanode State Machine Thread - 0] INFO  server.GrpcService (GrpcService.java:startImpl(158)) - d2544423-6c63-4eb7-9d0a-bffb9f2b5023: GrpcService started, listening on 0.0.0.0/0.0.0.0:39699
2019-09-25 07:27:29,411 [Datanode State Machine Thread - 0] INFO  ratis.XceiverServerRatis (XceiverServerRatis.java:start(421)) - XceiverServerRatis d2544423-6c63-4eb7-9d0a-bffb9f2b5023 is started using port 39699
2019-09-25 07:27:29,413 [Datanode State Machine Thread - 0] INFO  server.XceiverServerGrpc (XceiverServerGrpc.java:start(149)) - XceiverServerGrpc d2544423-6c63-4eb7-9d0a-bffb9f2b5023 is started using port 45079
2019-09-25 07:27:29,464 [Datanode State Machine Thread - 0] INFO  ozoneimpl.OzoneContainer (OzoneContainer.java:start(217)) - Attempting to start container services.
2019-09-25 07:27:29,464 [Datanode State Machine Thread - 0] INFO  ozoneimpl.OzoneContainer (OzoneContainer.java:startContainerScrub(179)) - Background container scanner has been disabled.
2019-09-25 07:27:29,465 [Datanode State Machine Thread - 0] INFO  ratis.XceiverServerRatis (XceiverServerRatis.java:start(411)) - Starting XceiverServerRatis ad28d3ec-40f8-4bc1-a274-453df443249c at port 0
2019-09-25 07:27:29,472 [Datanode State Machine Thread - 0] INFO  impl.RaftServerProxy (RaftServerProxy.java:lambda$start$3(299)) - ad28d3ec-40f8-4bc1-a274-453df443249c: start RPC server
2019-09-25 07:27:29,475 [Datanode State Machine Thread - 0] INFO  server.GrpcService (GrpcService.java:startImpl(158)) - ad28d3ec-40f8-4bc1-a274-453df443249c: GrpcService started, listening on 0.0.0.0/0.0.0.0:42516
2019-09-25 07:27:29,476 [Datanode State Machine Thread - 0] INFO  ratis.XceiverServerRatis (XceiverServerRatis.java:start(421)) - XceiverServerRatis ad28d3ec-40f8-4bc1-a274-453df443249c is started using port 42516
2019-09-25 07:27:29,479 [Datanode State Machine Thread - 0] INFO  server.XceiverServerGrpc (XceiverServerGrpc.java:start(149)) - XceiverServerGrpc ad28d3ec-40f8-4bc1-a274-453df443249c is started using port 40110
2019-09-25 07:27:29,534 [Datanode State Machine Thread - 0] INFO  ozoneimpl.OzoneContainer (OzoneContainer.java:start(217)) - Attempting to start container services.
2019-09-25 07:27:29,534 [Datanode State Machine Thread - 0] INFO  ozoneimpl.OzoneContainer (OzoneContainer.java:startContainerScrub(179)) - Background container scanner has been disabled.
2019-09-25 07:27:29,535 [Datanode State Machine Thread - 0] INFO  ratis.XceiverServerRatis (XceiverServerRatis.java:start(411)) - Starting XceiverServerRatis 600943d5-c424-432f-84b9-a00c1c65f122 at port 0
2019-09-25 07:27:29,542 [Datanode State Machine Thread - 0] INFO  impl.RaftServerProxy (RaftServerProxy.java:lambda$start$3(299)) - 600943d5-c424-432f-84b9-a00c1c65f122: start RPC server
2019-09-25 07:27:29,546 [Datanode State Machine Thread - 0] INFO  server.GrpcService (GrpcService.java:startImpl(158)) - 600943d5-c424-432f-84b9-a00c1c65f122: GrpcService started, listening on 0.0.0.0/0.0.0.0:33383
2019-09-25 07:27:29,547 [Datanode State Machine Thread - 0] INFO  ratis.XceiverServerRatis (XceiverServerRatis.java:start(421)) - XceiverServerRatis 600943d5-c424-432f-84b9-a00c1c65f122 is started using port 33383
2019-09-25 07:27:29,551 [Datanode State Machine Thread - 0] INFO  server.XceiverServerGrpc (XceiverServerGrpc.java:start(149)) - XceiverServerGrpc 600943d5-c424-432f-84b9-a00c1c65f122 is started using port 41018
2019-09-25 07:27:29,603 [Datanode State Machine Thread - 0] INFO  ozoneimpl.OzoneContainer (OzoneContainer.java:start(217)) - Attempting to start container services.
2019-09-25 07:27:29,603 [Datanode State Machine Thread - 0] INFO  ozoneimpl.OzoneContainer (OzoneContainer.java:startContainerScrub(179)) - Background container scanner has been disabled.
2019-09-25 07:27:29,603 [Datanode State Machine Thread - 0] INFO  ratis.XceiverServerRatis (XceiverServerRatis.java:start(411)) - Starting XceiverServerRatis a0827fcf-c5ce-4373-8734-1ec063924bc7 at port 0
2019-09-25 07:27:29,612 [Datanode State Machine Thread - 0] INFO  impl.RaftServerProxy (RaftServerProxy.java:lambda$start$3(299)) - a0827fcf-c5ce-4373-8734-1ec063924bc7: start RPC server
2019-09-25 07:27:29,617 [Datanode State Machine Thread - 0] INFO  server.GrpcService (GrpcService.java:startImpl(158)) - a0827fcf-c5ce-4373-8734-1ec063924bc7: GrpcService started, listening on 0.0.0.0/0.0.0.0:34656
2019-09-25 07:27:29,617 [Datanode State Machine Thread - 0] INFO  ratis.XceiverServerRatis (XceiverServerRatis.java:start(421)) - XceiverServerRatis a0827fcf-c5ce-4373-8734-1ec063924bc7 is started using port 34656
2019-09-25 07:27:29,622 [Datanode State Machine Thread - 0] INFO  server.XceiverServerGrpc (XceiverServerGrpc.java:start(149)) - XceiverServerGrpc a0827fcf-c5ce-4373-8734-1ec063924bc7 is started using port 40593
2019-09-25 07:27:29,681 [Datanode State Machine Thread - 0] INFO  ozoneimpl.OzoneContainer (OzoneContainer.java:start(217)) - Attempting to start container services.
2019-09-25 07:27:29,681 [Datanode State Machine Thread - 0] INFO  ozoneimpl.OzoneContainer (OzoneContainer.java:startContainerScrub(179)) - Background container scanner has been disabled.
2019-09-25 07:27:29,681 [Datanode State Machine Thread - 0] INFO  ratis.XceiverServerRatis (XceiverServerRatis.java:start(411)) - Starting XceiverServerRatis 253df5dc-ab25-4be3-9607-c7ead1a3aece at port 0
2019-09-25 07:27:29,689 [Datanode State Machine Thread - 0] INFO  impl.RaftServerProxy (RaftServerProxy.java:lambda$start$3(299)) - 253df5dc-ab25-4be3-9607-c7ead1a3aece: start RPC server
2019-09-25 07:27:29,695 [Datanode State Machine Thread - 0] INFO  server.GrpcService (GrpcService.java:startImpl(158)) - 253df5dc-ab25-4be3-9607-c7ead1a3aece: GrpcService started, listening on 0.0.0.0/0.0.0.0:34913
2019-09-25 07:27:29,695 [Datanode State Machine Thread - 0] INFO  ratis.XceiverServerRatis (XceiverServerRatis.java:start(421)) - XceiverServerRatis 253df5dc-ab25-4be3-9607-c7ead1a3aece is started using port 34913
2019-09-25 07:27:29,700 [Datanode State Machine Thread - 0] INFO  server.XceiverServerGrpc (XceiverServerGrpc.java:start(149)) - XceiverServerGrpc 253df5dc-ab25-4be3-9607-c7ead1a3aece is started using port 43061
2019-09-25 07:27:29,733 [main] INFO  ozone.MiniOzoneClusterImpl (MiniOzoneClusterImpl.java:lambda$waitForClusterToBeReady$0(147)) - Waiting for cluster to be ready. Got 0 of 10 DN Heartbeats.
2019-09-25 07:27:29,761 [Datanode State Machine Thread - 0] INFO  ozoneimpl.OzoneContainer (OzoneContainer.java:start(217)) - Attempting to start container services.
2019-09-25 07:27:29,761 [Datanode State Machine Thread - 0] INFO  ozoneimpl.OzoneContainer (OzoneContainer.java:startContainerScrub(179)) - Background container scanner has been disabled.
2019-09-25 07:27:29,761 [Datanode State Machine Thread - 0] INFO  ratis.XceiverServerRatis (XceiverServerRatis.java:start(411)) - Starting XceiverServerRatis 94a1c681-cec5-47e9-bd86-59396c1e12e6 at port 0
2019-09-25 07:27:29,770 [Datanode State Machine Thread - 0] INFO  impl.RaftServerProxy (RaftServerProxy.java:lambda$start$3(299)) - 94a1c681-cec5-47e9-bd86-59396c1e12e6: start RPC server
2019-09-25 07:27:29,777 [Datanode State Machine Thread - 0] INFO  server.GrpcService (GrpcService.java:startImpl(158)) - 94a1c681-cec5-47e9-bd86-59396c1e12e6: GrpcService started, listening on 0.0.0.0/0.0.0.0:39666
2019-09-25 07:27:29,777 [Datanode State Machine Thread - 0] INFO  ratis.XceiverServerRatis (XceiverServerRatis.java:start(421)) - XceiverServerRatis 94a1c681-cec5-47e9-bd86-59396c1e12e6 is started using port 39666
2019-09-25 07:27:29,818 [Datanode State Machine Thread - 0] INFO  server.XceiverServerGrpc (XceiverServerGrpc.java:start(149)) - XceiverServerGrpc 94a1c681-cec5-47e9-bd86-59396c1e12e6 is started using port 39216
2019-09-25 07:27:30,733 [main] INFO  ozone.MiniOzoneClusterImpl (MiniOzoneClusterImpl.java:lambda$waitForClusterToBeReady$0(147)) - Waiting for cluster to be ready. Got 0 of 10 DN Heartbeats.
2019-09-25 07:27:31,099 [IPC Server handler 1 on 42492] INFO  net.NetworkTopology (NetworkTopologyImpl.java:add(111)) - Added a new node: /default-rack/ac29337b-1f05-44ab-baf7-0ad511ed26a1
2019-09-25 07:27:31,100 [IPC Server handler 1 on 42492] INFO  node.SCMNodeManager (SCMNodeManager.java:register(266)) - Registered Data node : ac29337b-1f05-44ab-baf7-0ad511ed26a1{ip: 192.168.151.106, host: pr-hdds-1569-x2sr2-3486766547, networkLocation: /default-rack, certSerialId: null}
2019-09-25 07:27:31,106 [EventQueue-NodeRegistrationContainerReportForDataNodeSafeModeRule] INFO  safemode.SCMSafeModeManager (DataNodeSafeModeRule.java:process(71)) - SCM in safe mode. 1 DataNodes registered, 1 required.
2019-09-25 07:27:31,107 [EventQueue-NodeRegistrationContainerReportForDataNodeSafeModeRule] INFO  safemode.SCMSafeModeManager (SCMSafeModeManager.java:validateSafeModeExitRules(177)) - ScmSafeModeManager, all rules are successfully validated
2019-09-25 07:27:31,107 [EventQueue-NodeRegistrationContainerReportForDataNodeSafeModeRule] INFO  safemode.SCMSafeModeManager (SCMSafeModeManager.java:exitSafeMode(193)) - SCM exiting safe mode.
2019-09-25 07:27:31,134 [IPC Server handler 2 on 42492] INFO  net.NetworkTopology (NetworkTopologyImpl.java:add(111)) - Added a new node: /default-rack/9cc18591-be2f-448e-af7e-d5f4fba8f5f7
2019-09-25 07:27:31,135 [IPC Server handler 2 on 42492] INFO  node.SCMNodeManager (SCMNodeManager.java:register(266)) - Registered Data node : 9cc18591-be2f-448e-af7e-d5f4fba8f5f7{ip: 192.168.151.106, host: pr-hdds-1569-x2sr2-3486766547, networkLocation: /default-rack, certSerialId: null}
2019-09-25 07:27:31,220 [IPC Server handler 3 on 42492] INFO  net.NetworkTopology (NetworkTopologyImpl.java:add(111)) - Added a new node: /default-rack/c642d074-6234-4917-85d3-a38353a695f7
2019-09-25 07:27:31,221 [IPC Server handler 3 on 42492] INFO  node.SCMNodeManager (SCMNodeManager.java:register(266)) - Registered Data node : c642d074-6234-4917-85d3-a38353a695f7{ip: 192.168.151.106, host: pr-hdds-1569-x2sr2-3486766547, networkLocation: /default-rack, certSerialId: null}
2019-09-25 07:27:31,306 [IPC Server handler 4 on 42492] INFO  net.NetworkTopology (NetworkTopologyImpl.java:add(111)) - Added a new node: /default-rack/50e45688-d85c-45e8-a8ba-136a1a73e30a
2019-09-25 07:27:31,306 [IPC Server handler 4 on 42492] INFO  node.SCMNodeManager (SCMNodeManager.java:register(266)) - Registered Data node : 50e45688-d85c-45e8-a8ba-136a1a73e30a{ip: 192.168.151.106, host: pr-hdds-1569-x2sr2-3486766547, networkLocation: /default-rack, certSerialId: null}
2019-09-25 07:27:31,367 [IPC Server handler 5 on 42492] INFO  net.NetworkTopology (NetworkTopologyImpl.java:add(111)) - Added a new node: /default-rack/d2544423-6c63-4eb7-9d0a-bffb9f2b5023
2019-09-25 07:27:31,368 [IPC Server handler 5 on 42492] INFO  node.SCMNodeManager (SCMNodeManager.java:register(266)) - Registered Data node : d2544423-6c63-4eb7-9d0a-bffb9f2b5023{ip: 192.168.151.106, host: pr-hdds-1569-x2sr2-3486766547, networkLocation: /default-rack, certSerialId: null}
2019-09-25 07:27:31,442 [IPC Server handler 6 on 42492] INFO  net.NetworkTopology (NetworkTopologyImpl.java:add(111)) - Added a new node: /default-rack/ad28d3ec-40f8-4bc1-a274-453df443249c
2019-09-25 07:27:31,442 [IPC Server handler 6 on 42492] INFO  node.SCMNodeManager (SCMNodeManager.java:register(266)) - Registered Data node : ad28d3ec-40f8-4bc1-a274-453df443249c{ip: 192.168.151.106, host: pr-hdds-1569-x2sr2-3486766547, networkLocation: /default-rack, certSerialId: null}
2019-09-25 07:27:31,518 [IPC Server handler 7 on 42492] INFO  net.NetworkTopology (NetworkTopologyImpl.java:add(111)) - Added a new node: /default-rack/600943d5-c424-432f-84b9-a00c1c65f122
2019-09-25 07:27:31,518 [IPC Server handler 7 on 42492] INFO  node.SCMNodeManager (SCMNodeManager.java:register(266)) - Registered Data node : 600943d5-c424-432f-84b9-a00c1c65f122{ip: 192.168.151.106, host: pr-hdds-1569-x2sr2-3486766547, networkLocation: /default-rack, certSerialId: null}
2019-09-25 07:27:31,590 [IPC Server handler 8 on 42492] INFO  net.NetworkTopology (NetworkTopologyImpl.java:add(111)) - Added a new node: /default-rack/a0827fcf-c5ce-4373-8734-1ec063924bc7
2019-09-25 07:27:31,590 [IPC Server handler 8 on 42492] INFO  node.SCMNodeManager (SCMNodeManager.java:register(266)) - Registered Data node : a0827fcf-c5ce-4373-8734-1ec063924bc7{ip: 192.168.151.106, host: pr-hdds-1569-x2sr2-3486766547, networkLocation: /default-rack, certSerialId: null}
2019-09-25 07:27:31,695 [IPC Server handler 9 on 42492] INFO  net.NetworkTopology (NetworkTopologyImpl.java:add(111)) - Added a new node: /default-rack/253df5dc-ab25-4be3-9607-c7ead1a3aece
2019-09-25 07:27:31,695 [IPC Server handler 9 on 42492] INFO  node.SCMNodeManager (SCMNodeManager.java:register(266)) - Registered Data node : 253df5dc-ab25-4be3-9607-c7ead1a3aece{ip: 192.168.151.106, host: pr-hdds-1569-x2sr2-3486766547, networkLocation: /default-rack, certSerialId: null}
2019-09-25 07:27:31,735 [main] INFO  ozone.MiniOzoneClusterImpl (MiniOzoneClusterImpl.java:lambda$waitForClusterToBeReady$0(147)) - Waiting for cluster to be ready. Got 9 of 10 DN Heartbeats.
2019-09-25 07:27:31,753 [IPC Server handler 10 on 42492] INFO  net.NetworkTopology (NetworkTopologyImpl.java:add(111)) - Added a new node: /default-rack/94a1c681-cec5-47e9-bd86-59396c1e12e6
2019-09-25 07:27:31,753 [IPC Server handler 10 on 42492] INFO  node.SCMNodeManager (SCMNodeManager.java:register(266)) - Registered Data node : 94a1c681-cec5-47e9-bd86-59396c1e12e6{ip: 192.168.151.106, host: pr-hdds-1569-x2sr2-3486766547, networkLocation: /default-rack, certSerialId: null}
2019-09-25 07:27:31,902 [grpc-default-executor-0] INFO  impl.RaftServerProxy (RaftServerProxy.java:addNew(89)) - ac29337b-1f05-44ab-baf7-0ad511ed26a1: addNew group-457751D65746:[ac29337b-1f05-44ab-baf7-0ad511ed26a1:192.168.151.106:37931] returns group-457751D65746:java.util.concurrent.CompletableFuture@495a751d[Not completed]
2019-09-25 07:27:31,944 [pool-27-thread-1] INFO  impl.RaftServerImpl (RaftServerImpl.java:<init>(95)) - ac29337b-1f05-44ab-baf7-0ad511ed26a1: new RaftServerImpl for group-457751D65746:[ac29337b-1f05-44ab-baf7-0ad511ed26a1:192.168.151.106:37931] with ContainerStateMachine:uninitialized
2019-09-25 07:27:31,946 [pool-27-thread-1] INFO  server.RaftServerConfigKeys (ConfUtils.java:logGet(43)) - raft.server.rpc.timeout.min = 5s (custom)
2019-09-25 07:27:31,948 [pool-27-thread-1] INFO  server.RaftServerConfigKeys (ConfUtils.java:logGet(43)) - raft.server.rpc.timeout.max = 5200ms (custom)
2019-09-25 07:27:31,948 [pool-27-thread-1] INFO  server.RaftServerConfigKeys (ConfUtils.java:logGet(43)) - raft.server.rpcslowness.timeout = 120s (custom)
2019-09-25 07:27:31,949 [pool-27-thread-1] INFO  server.RaftServerConfigKeys (ConfUtils.java:logGet(43)) - raft.server.sleep.deviation.threshold = 300 (default)
2019-09-25 07:27:31,950 [pool-27-thread-1] INFO  server.RaftServerConfigKeys (ConfUtils.java:logGet(43)) - raft.server.log.appender.install.snapshot.enabled = false (custom)
2019-09-25 07:27:31,960 [pool-27-thread-1] INFO  impl.RaftServerImpl (ServerState.java:<init>(103)) - ac29337b-1f05-44ab-baf7-0ad511ed26a1@group-457751D65746: ConfigurationManager, init=-1: [ac29337b-1f05-44ab-baf7-0ad511ed26a1:192.168.151.106:37931], old=null, confs=<EMPTY_MAP>
2019-09-25 07:27:31,960 [pool-27-thread-1] INFO  server.RaftServerConfigKeys (ConfUtils.java:logGet(43)) - raft.server.storage.dir = [/workdir/hadoop-ozone/ozonefs/target/test-dir/MiniOzoneClusterImpl-336849c0-54e0-42a2-92e3-a8dd7e6e8d6a/datanode-0/data/ratis] (custom)
2019-09-25 07:27:31,969 [pool-27-thread-1] INFO  storage.RaftStorageDirectory (RaftStorageDirectory.java:analyzeStorage(246)) - The storage directory /workdir/hadoop-ozone/ozonefs/target/test-dir/MiniOzoneClusterImpl-336849c0-54e0-42a2-92e3-a8dd7e6e8d6a/datanode-0/data/ratis/4afa6443-e099-4803-8c99-457751d65746 does not exist. Creating ...
2019-09-25 07:27:31,999 [pool-27-thread-1] INFO  storage.RaftStorageDirectory (RaftStorageDirectory.java:tryLock(328)) - Lock on /workdir/hadoop-ozone/ozonefs/target/test-dir/MiniOzoneClusterImpl-336849c0-54e0-42a2-92e3-a8dd7e6e8d6a/datanode-0/data/ratis/4afa6443-e099-4803-8c99-457751d65746/in_use.lock acquired by nodename 14720@pr-hdds-1569-x2sr2-3486766547
2019-09-25 07:27:32,015 [pool-27-thread-1] INFO  storage.RaftStorage (RaftStorage.java:format(72)) - Storage directory /workdir/hadoop-ozone/ozonefs/target/test-dir/MiniOzoneClusterImpl-336849c0-54e0-42a2-92e3-a8dd7e6e8d6a/datanode-0/data/ratis/4afa6443-e099-4803-8c99-457751d65746 has been successfully formatted.
2019-09-25 07:27:32,017 [pool-27-thread-1] INFO  ratis.ContainerStateMachine (ContainerStateMachine.java:loadSnapshot(230)) - group-457751D65746: The snapshot info is null. Setting the last applied indexto:(t:0, i:~)
2019-09-25 07:27:32,018 [pool-27-thread-1] INFO  server.RaftServerConfigKeys (ConfUtils.java:logGet(43)) - raft.server.notification.no-leader.timeout = 120s (custom)
2019-09-25 07:27:32,020 [pool-27-thread-1] INFO  server.RaftServerConfigKeys (ConfUtils.java:logGet(43)) - raft.server.log.use.memory = false (default)
2019-09-25 07:27:32,027 [pool-27-thread-1] INFO  server.RaftServerConfigKeys (ConfUtils.java:logGet(43)) - raft.server.log.purge.gap = 1000000 (custom)
2019-09-25 07:27:32,027 [pool-27-thread-1] INFO  server.RaftServerConfigKeys (ConfUtils.java:logGet(43)) - raft.server.log.appender.buffer.byte-limit = 33554432 (custom)
2019-09-25 07:27:32,030 [pool-27-thread-1] INFO  server.RaftServerConfigKeys (ConfUtils.java:logGet(43)) - raft.server.log.segment.size.max = 1048576 (custom)
2019-09-25 07:27:32,035 [pool-27-thread-1] INFO  server.RaftServerConfigKeys (ConfUtils.java:logGet(43)) - raft.server.log.segment.cache.num.max = 2 (custom)
2019-09-25 07:27:32,042 [pool-27-thread-1] INFO  segmented.SegmentedRaftLogWorker (SegmentedRaftLogWorker.java:<init>(172)) - new ac29337b-1f05-44ab-baf7-0ad511ed26a1@group-457751D65746-SegmentedRaftLogWorker for RaftStorage:Storage Directory /workdir/hadoop-ozone/ozonefs/target/test-dir/MiniOzoneClusterImpl-336849c0-54e0-42a2-92e3-a8dd7e6e8d6a/datanode-0/data/ratis/4afa6443-e099-4803-8c99-457751d65746
2019-09-25 07:27:32,044 [pool-27-thread-1] INFO  impl.MetricsSystemImpl (MetricsSystemImpl.java:init(158)) - ratis metrics system started (again)
2019-09-25 07:27:32,051 [pool-27-thread-1] INFO  metrics.MetricRegistries (MetricRegistriesLoader.java:load(64)) - Loaded MetricRegistries class org.apache.ratis.metrics.impl.MetricRegistriesImpl
2019-09-25 07:27:32,084 [pool-27-thread-1] INFO  server.RaftServerConfigKeys (ConfUtils.java:logGet(43)) - raft.server.log.queue.byte-limit = 2147483647 (custom)
2019-09-25 07:27:32,084 [pool-27-thread-1] INFO  server.RaftServerConfigKeys (ConfUtils.java:logGet(43)) - raft.server.log.queue.element-limit = 1024 (custom)
2019-09-25 07:27:32,088 [pool-27-thread-1] INFO  server.RaftServerConfigKeys (ConfUtils.java:logGet(43)) - raft.server.log.segment.size.max = 1048576 (custom)
2019-09-25 07:27:32,088 [pool-27-thread-1] INFO  server.RaftServerConfigKeys (ConfUtils.java:logGet(43)) - raft.server.log.preallocated.size = 16384 (custom)
2019-09-25 07:27:32,088 [pool-27-thread-1] INFO  server.RaftServerConfigKeys (ConfUtils.java:logGet(43)) - raft.server.log.write.buffer.size = 33554432 (custom)
2019-09-25 07:27:32,089 [pool-27-thread-1] INFO  server.RaftServerConfigKeys (ConfUtils.java:logGet(43)) - raft.server.log.force.sync.num = 128 (default)
2019-09-25 07:27:32,090 [pool-27-thread-1] INFO  server.RaftServerConfigKeys (ConfUtils.java:logGet(43)) - raft.server.log.statemachine.data.sync = true (default)
2019-09-25 07:27:32,090 [pool-27-thread-1] INFO  server.RaftServerConfigKeys (ConfUtils.java:logGet(43)) - raft.server.log.statemachine.data.sync.timeout = 10s (default)
2019-09-25 07:27:32,090 [pool-27-thread-1] INFO  server.RaftServerConfigKeys (ConfUtils.java:logGet(43)) - raft.server.log.statemachine.data.sync.timeout.retry = -1 (default)
2019-09-25 07:27:32,101 [pool-27-thread-1] INFO  server.RaftServerConfigKeys (ConfUtils.java:logGet(43)) - raft.server.log.statemachine.data.caching.enabled = true (custom)
2019-09-25 07:27:32,105 [pool-27-thread-1] INFO  segmented.SegmentedRaftLogWorker (SegmentedRaftLogWorker.java:lambda$new$0(132)) - ac29337b-1f05-44ab-baf7-0ad511ed26a1@group-457751D65746-SegmentedRaftLogWorker: flushIndex: setUnconditionally 0 -> -1
2019-09-25 07:27:32,110 [pool-27-thread-1] INFO  server.RaftServerConfigKeys (ConfUtils.java:logGet(43)) - raft.server.snapshot.auto.trigger.enabled = true (custom)
2019-09-25 07:27:32,111 [pool-27-thread-1] INFO  server.RaftServerConfigKeys (ConfUtils.java:logGet(43)) - raft.server.snapshot.auto.trigger.threshold = 10000 (custom)
2019-09-25 07:27:32,111 [pool-27-thread-1] INFO  server.RaftServerConfigKeys (ConfUtils.java:logGet(43)) - raft.server.snapshot.retention.num.files = 5 (custom)
2019-09-25 07:27:32,112 [pool-27-thread-1] INFO  server.RaftServerConfigKeys (ConfUtils.java:logGet(43)) - raft.server.retrycache.expirytime = 600000ms (custom)
2019-09-25 07:27:32,141 [pool-27-thread-1] INFO  impl.RaftServerImpl (RaftServerImpl.java:start(185)) - ac29337b-1f05-44ab-baf7-0ad511ed26a1@group-457751D65746: start as a follower, conf=-1: [ac29337b-1f05-44ab-baf7-0ad511ed26a1:192.168.151.106:37931], old=null
2019-09-25 07:27:32,142 [pool-27-thread-1] INFO  impl.RaftServerImpl (RaftServerImpl.java:setRole(174)) - ac29337b-1f05-44ab-baf7-0ad511ed26a1@group-457751D65746: changes role from      null to FOLLOWER at term 0 for startAsFollower
2019-09-25 07:27:32,143 [pool-27-thread-1] INFO  impl.RoleInfo (RoleInfo.java:updateAndGet(143)) - ac29337b-1f05-44ab-baf7-0ad511ed26a1: start FollowerState
2019-09-25 07:27:32,145 [pool-27-thread-1] INFO  util.JmxRegister (JmxRegister.java:tryRegister(44)) - Successfully registered JMX Bean with object name Ratis:service=RaftServer,group=group-457751D65746,id=ac29337b-1f05-44ab-baf7-0ad511ed26a1
2019-09-25 07:27:32,230 [RatisPipelineUtilsThread] INFO  pipeline.PipelineStateManager (PipelineStateManager.java:addPipeline(56)) - Created pipeline Pipeline[ Id: 4afa6443-e099-4803-8c99-457751d65746, Nodes: ac29337b-1f05-44ab-baf7-0ad511ed26a1{ip: 192.168.151.106, host: pr-hdds-1569-x2sr2-3486766547, networkLocation: /default-rack, certSerialId: null}, Type:RATIS, Factor:ONE, State:OPEN]
2019-09-25 07:27:32,266 [grpc-default-executor-0] INFO  impl.RaftServerProxy (RaftServerProxy.java:addNew(89)) - a0827fcf-c5ce-4373-8734-1ec063924bc7: addNew group-007998005EE4:[a0827fcf-c5ce-4373-8734-1ec063924bc7:192.168.151.106:34656] returns group-007998005EE4:java.util.concurrent.CompletableFuture@7aeaa23d[Not completed]
2019-09-25 07:27:32,338 [pool-97-thread-1] INFO  impl.RaftServerImpl (RaftServerImpl.java:<init>(95)) - a0827fcf-c5ce-4373-8734-1ec063924bc7: new RaftServerImpl for group-007998005EE4:[a0827fcf-c5ce-4373-8734-1ec063924bc7:192.168.151.106:34656] with ContainerStateMachine:uninitialized
2019-09-25 07:27:32,340 [pool-97-thread-1] INFO  server.RaftServerConfigKeys (ConfUtils.java:logGet(43)) - raft.server.rpc.timeout.min = 5s (custom)
2019-09-25 07:27:32,340 [pool-97-thread-1] INFO  server.RaftServerConfigKeys (ConfUtils.java:logGet(43)) - raft.server.rpc.timeout.max = 5200ms (custom)
2019-09-25 07:27:32,341 [pool-97-thread-1] INFO  server.RaftServerConfigKeys (ConfUtils.java:logGet(43)) - raft.server.rpcslowness.timeout = 120s (custom)
2019-09-25 07:27:32,341 [pool-97-thread-1] INFO  server.RaftServerConfigKeys (ConfUtils.java:logGet(43)) - raft.server.sleep.deviation.threshold = 300 (default)
2019-09-25 07:27:32,341 [pool-97-thread-1] INFO  server.RaftServerConfigKeys (ConfUtils.java:logGet(43)) - raft.server.log.appender.install.snapshot.enabled = false (custom)
2019-09-25 07:27:32,341 [pool-97-thread-1] INFO  impl.RaftServerImpl (ServerState.java:<init>(103)) - a0827fcf-c5ce-4373-8734-1ec063924bc7@group-007998005EE4: ConfigurationManager, init=-1: [a0827fcf-c5ce-4373-8734-1ec063924bc7:192.168.151.106:34656], old=null, confs=<EMPTY_MAP>
2019-09-25 07:27:32,341 [pool-97-thread-1] INFO  server.RaftServerConfigKeys (ConfUtils.java:logGet(43)) - raft.server.storage.dir = [/workdir/hadoop-ozone/ozonefs/target/test-dir/MiniOzoneClusterImpl-336849c0-54e0-42a2-92e3-a8dd7e6e8d6a/datanode-7/data/ratis] (custom)
2019-09-25 07:27:32,342 [pool-97-thread-1] INFO  storage.RaftStorageDirectory (RaftStorageDirectory.java:analyzeStorage(246)) - The storage directory /workdir/hadoop-ozone/ozonefs/target/test-dir/MiniOzoneClusterImpl-336849c0-54e0-42a2-92e3-a8dd7e6e8d6a/datanode-7/data/ratis/c847a3c5-cb7d-45c8-83cc-007998005ee4 does not exist. Creating ...
2019-09-25 07:27:32,532 [pool-97-thread-1] INFO  storage.RaftStorageDirectory (RaftStorageDirectory.java:tryLock(328)) - Lock on /workdir/hadoop-ozone/ozonefs/target/test-dir/MiniOzoneClusterImpl-336849c0-54e0-42a2-92e3-a8dd7e6e8d6a/datanode-7/data/ratis/c847a3c5-cb7d-45c8-83cc-007998005ee4/in_use.lock acquired by nodename 14720@pr-hdds-1569-x2sr2-3486766547
2019-09-25 07:27:32,547 [pool-97-thread-1] INFO  storage.RaftStorage (RaftStorage.java:format(72)) - Storage directory /workdir/hadoop-ozone/ozonefs/target/test-dir/MiniOzoneClusterImpl-336849c0-54e0-42a2-92e3-a8dd7e6e8d6a/datanode-7/data/ratis/c847a3c5-cb7d-45c8-83cc-007998005ee4 has been successfully formatted.
2019-09-25 07:27:32,550 [pool-97-thread-1] INFO  ratis.ContainerStateMachine (ContainerStateMachine.java:loadSnapshot(230)) - group-007998005EE4: The snapshot info is null. Setting the last applied indexto:(t:0, i:~)
2019-09-25 07:27:32,555 [pool-97-thread-1] INFO  server.RaftServerConfigKeys (ConfUtils.java:logGet(43)) - raft.server.notification.no-leader.timeout = 120s (custom)
2019-09-25 07:27:32,555 [pool-97-thread-1] INFO  server.RaftServerConfigKeys (ConfUtils.java:logGet(43)) - raft.server.log.use.memory = false (default)
2019-09-25 07:27:32,556 [pool-97-thread-1] INFO  server.RaftServerConfigKeys (ConfUtils.java:logGet(43)) - raft.server.log.purge.gap = 1000000 (custom)
2019-09-25 07:27:32,556 [pool-97-thread-1] INFO  server.RaftServerConfigKeys (ConfUtils.java:logGet(43)) - raft.server.log.appender.buffer.byte-limit = 33554432 (custom)
2019-09-25 07:27:32,556 [pool-97-thread-1] INFO  server.RaftServerConfigKeys (ConfUtils.java:logGet(43)) - raft.server.log.segment.size.max = 1048576 (custom)
2019-09-25 07:27:32,557 [pool-97-thread-1] INFO  server.RaftServerConfigKeys (ConfUtils.java:logGet(43)) - raft.server.log.segment.cache.num.max = 2 (custom)
2019-09-25 07:27:32,557 [pool-97-thread-1] INFO  segmented.SegmentedRaftLogWorker (SegmentedRaftLogWorker.java:<init>(172)) - new a0827fcf-c5ce-4373-8734-1ec063924bc7@group-007998005EE4-SegmentedRaftLogWorker for RaftStorage:Storage Directory /workdir/hadoop-ozone/ozonefs/target/test-dir/MiniOzoneClusterImpl-336849c0-54e0-42a2-92e3-a8dd7e6e8d6a/datanode-7/data/ratis/c847a3c5-cb7d-45c8-83cc-007998005ee4
2019-09-25 07:27:32,568 [pool-97-thread-1] INFO  server.RaftServerConfigKeys (ConfUtils.java:logGet(43)) - raft.server.log.queue.byte-limit = 2147483647 (custom)
2019-09-25 07:27:32,569 [pool-97-thread-1] INFO  server.RaftServerConfigKeys (ConfUtils.java:logGet(43)) - raft.server.log.queue.element-limit = 1024 (custom)
2019-09-25 07:27:32,569 [pool-97-thread-1] INFO  server.RaftServerConfigKeys (ConfUtils.java:logGet(43)) - raft.server.log.segment.size.max = 1048576 (custom)
2019-09-25 07:27:32,569 [pool-97-thread-1] INFO  server.RaftServerConfigKeys (ConfUtils.java:logGet(43)) - raft.server.log.preallocated.size = 16384 (custom)
2019-09-25 07:27:32,569 [pool-97-thread-1] INFO  server.RaftServerConfigKeys (ConfUtils.java:logGet(43)) - raft.server.log.write.buffer.size = 33554432 (custom)
2019-09-25 07:27:32,569 [pool-97-thread-1] INFO  server.RaftServerConfigKeys (ConfUtils.java:logGet(43)) - raft.server.log.force.sync.num = 128 (default)
2019-09-25 07:27:32,570 [pool-97-thread-1] INFO  server.RaftServerConfigKeys (ConfUtils.java:logGet(43)) - raft.server.log.statemachine.data.sync = true (default)
2019-09-25 07:27:32,570 [pool-97-thread-1] INFO  server.RaftServerConfigKeys (ConfUtils.java:logGet(43)) - raft.server.log.statemachine.data.sync.timeout = 10s (default)
2019-09-25 07:27:32,570 [pool-97-thread-1] INFO  server.RaftServerConfigKeys (ConfUtils.java:logGet(43)) - raft.server.log.statemachine.data.sync.timeout.retry = -1 (default)
2019-09-25 07:27:32,571 [pool-97-thread-1] INFO  server.RaftServerConfigKeys (ConfUtils.java:logGet(43)) - raft.server.log.statemachine.data.caching.enabled = true (custom)
2019-09-25 07:27:32,571 [pool-97-thread-1] INFO  segmented.SegmentedRaftLogWorker (SegmentedRaftLogWorker.java:lambda$new$0(132)) - a0827fcf-c5ce-4373-8734-1ec063924bc7@group-007998005EE4-SegmentedRaftLogWorker: flushIndex: setUnconditionally 0 -> -1
2019-09-25 07:27:32,571 [pool-97-thread-1] INFO  server.RaftServerConfigKeys (ConfUtils.java:logGet(43)) - raft.server.snapshot.auto.trigger.enabled = true (custom)
2019-09-25 07:27:32,572 [pool-97-thread-1] INFO  server.RaftServerConfigKeys (ConfUtils.java:logGet(43)) - raft.server.snapshot.auto.trigger.threshold = 10000 (custom)
2019-09-25 07:27:32,572 [pool-97-thread-1] INFO  server.RaftServerConfigKeys (ConfUtils.java:logGet(43)) - raft.server.snapshot.retention.num.files = 5 (custom)
2019-09-25 07:27:32,572 [pool-97-thread-1] INFO  server.RaftServerConfigKeys (ConfUtils.java:logGet(43)) - raft.server.retrycache.expirytime = 600000ms (custom)
2019-09-25 07:27:32,578 [pool-97-thread-1] INFO  impl.RaftServerImpl (RaftServerImpl.java:start(185)) - a0827fcf-c5ce-4373-8734-1ec063924bc7@group-007998005EE4: start as a follower, conf=-1: [a0827fcf-c5ce-4373-8734-1ec063924bc7:192.168.151.106:34656], old=null
2019-09-25 07:27:32,579 [pool-97-thread-1] INFO  impl.RaftServerImpl (RaftServerImpl.java:setRole(174)) - a0827fcf-c5ce-4373-8734-1ec063924bc7@group-007998005EE4: changes role from      null to FOLLOWER at term 0 for startAsFollower
2019-09-25 07:27:32,579 [pool-97-thread-1] INFO  impl.RoleInfo (RoleInfo.java:updateAndGet(143)) - a0827fcf-c5ce-4373-8734-1ec063924bc7: start FollowerState
2019-09-25 07:27:32,581 [pool-97-thread-1] INFO  util.JmxRegister (JmxRegister.java:tryRegister(44)) - Successfully registered JMX Bean with object name Ratis:service=RaftServer,group=group-007998005EE4,id=a0827fcf-c5ce-4373-8734-1ec063924bc7
2019-09-25 07:27:32,602 [RatisPipelineUtilsThread] INFO  pipeline.PipelineStateManager (PipelineStateManager.java:addPipeline(56)) - Created pipeline Pipeline[ Id: c847a3c5-cb7d-45c8-83cc-007998005ee4, Nodes: a0827fcf-c5ce-4373-8734-1ec063924bc7{ip: 192.168.151.106, host: pr-hdds-1569-x2sr2-3486766547, networkLocation: /default-rack, certSerialId: null}, Type:RATIS, Factor:ONE, State:OPEN]
2019-09-25 07:27:32,632 [grpc-default-executor-0] INFO  impl.RaftServerProxy (RaftServerProxy.java:addNew(89)) - 9cc18591-be2f-448e-af7e-d5f4fba8f5f7: addNew group-CED277E4A4BD:[9cc18591-be2f-448e-af7e-d5f4fba8f5f7:192.168.151.106:36443] returns group-CED277E4A4BD:java.util.concurrent.CompletableFuture@12c6372[Not completed]
2019-09-25 07:27:32,675 [pool-37-thread-1] INFO  impl.RaftServerImpl (RaftServerImpl.java:<init>(95)) - 9cc18591-be2f-448e-af7e-d5f4fba8f5f7: new RaftServerImpl for group-CED277E4A4BD:[9cc18591-be2f-448e-af7e-d5f4fba8f5f7:192.168.151.106:36443] with ContainerStateMachine:uninitialized
2019-09-25 07:27:32,676 [pool-37-thread-1] INFO  server.RaftServerConfigKeys (ConfUtils.java:logGet(43)) - raft.server.rpc.timeout.min = 5s (custom)
2019-09-25 07:27:32,676 [pool-37-thread-1] INFO  server.RaftServerConfigKeys (ConfUtils.java:logGet(43)) - raft.server.rpc.timeout.max = 5200ms (custom)
2019-09-25 07:27:32,676 [pool-37-thread-1] INFO  server.RaftServerConfigKeys (ConfUtils.java:logGet(43)) - raft.server.rpcslowness.timeout = 120s (custom)
2019-09-25 07:27:32,676 [pool-37-thread-1] INFO  server.RaftServerConfigKeys (ConfUtils.java:logGet(43)) - raft.server.sleep.deviation.threshold = 300 (default)
2019-09-25 07:27:32,677 [pool-37-thread-1] INFO  server.RaftServerConfigKeys (ConfUtils.java:logGet(43)) - raft.server.log.appender.install.snapshot.enabled = false (custom)
2019-09-25 07:27:32,677 [pool-37-thread-1] INFO  impl.RaftServerImpl (ServerState.java:<init>(103)) - 9cc18591-be2f-448e-af7e-d5f4fba8f5f7@group-CED277E4A4BD: ConfigurationManager, init=-1: [9cc18591-be2f-448e-af7e-d5f4fba8f5f7:192.168.151.106:36443], old=null, confs=<EMPTY_MAP>
2019-09-25 07:27:32,677 [pool-37-thread-1] INFO  server.RaftServerConfigKeys (ConfUtils.java:logGet(43)) - raft.server.storage.dir = [/workdir/hadoop-ozone/ozonefs/target/test-dir/MiniOzoneClusterImpl-336849c0-54e0-42a2-92e3-a8dd7e6e8d6a/datanode-1/data/ratis] (custom)
2019-09-25 07:27:32,678 [pool-37-thread-1] INFO  storage.RaftStorageDirectory (RaftStorageDirectory.java:analyzeStorage(246)) - The storage directory /workdir/hadoop-ozone/ozonefs/target/test-dir/MiniOzoneClusterImpl-336849c0-54e0-42a2-92e3-a8dd7e6e8d6a/datanode-1/data/ratis/191c8a08-0bad-4126-9b9d-ced277e4a4bd does not exist. Creating ...
2019-09-25 07:27:32,735 [main] INFO  ozone.MiniOzoneClusterImpl (MiniOzoneClusterImpl.java:lambda$waitForClusterToBeReady$0(147)) - Cluster is ready. Got 10 of 10 DN Heartbeats.
2019-09-25 07:27:32,896 [pool-37-thread-1] INFO  storage.RaftStorageDirectory (RaftStorageDirectory.java:tryLock(328)) - Lock on /workdir/hadoop-ozone/ozonefs/target/test-dir/MiniOzoneClusterImpl-336849c0-54e0-42a2-92e3-a8dd7e6e8d6a/datanode-1/data/ratis/191c8a08-0bad-4126-9b9d-ced277e4a4bd/in_use.lock acquired by nodename 14720@pr-hdds-1569-x2sr2-3486766547
2019-09-25 07:27:33,374 [main] INFO  rpc.RpcClient (RpcClient.java:createVolume(276)) - Creating Volume: volume05247, with user13584 as owner.
2019-09-25 07:27:33,399 [pool-37-thread-1] INFO  storage.RaftStorage (RaftStorage.java:format(72)) - Storage directory /workdir/hadoop-ozone/ozonefs/target/test-dir/MiniOzoneClusterImpl-336849c0-54e0-42a2-92e3-a8dd7e6e8d6a/datanode-1/data/ratis/191c8a08-0bad-4126-9b9d-ced277e4a4bd has been successfully formatted.
2019-09-25 07:27:33,400 [pool-37-thread-1] INFO  ratis.ContainerStateMachine (ContainerStateMachine.java:loadSnapshot(230)) - group-CED277E4A4BD: The snapshot info is null. Setting the last applied indexto:(t:0, i:~)
2019-09-25 07:27:33,400 [pool-37-thread-1] INFO  server.RaftServerConfigKeys (ConfUtils.java:logGet(43)) - raft.server.notification.no-leader.timeout = 120s (custom)
2019-09-25 07:27:33,400 [pool-37-thread-1] INFO  server.RaftServerConfigKeys (ConfUtils.java:logGet(43)) - raft.server.log.use.memory = false (default)
2019-09-25 07:27:33,400 [pool-37-thread-1] INFO  server.RaftServerConfigKeys (ConfUtils.java:logGet(43)) - raft.server.log.purge.gap = 1000000 (custom)
2019-09-25 07:27:33,400 [pool-37-thread-1] INFO  server.RaftServerConfigKeys (ConfUtils.java:logGet(43)) - raft.server.log.appender.buffer.byte-limit = 33554432 (custom)
2019-09-25 07:27:33,401 [pool-37-thread-1] INFO  server.RaftServerConfigKeys (ConfUtils.java:logGet(43)) - raft.server.log.segment.size.max = 1048576 (custom)
2019-09-25 07:27:33,401 [pool-37-thread-1] INFO  server.RaftServerConfigKeys (ConfUtils.java:logGet(43)) - raft.server.log.segment.cache.num.max = 2 (custom)
2019-09-25 07:27:33,401 [pool-37-thread-1] INFO  segmented.SegmentedRaftLogWorker (SegmentedRaftLogWorker.java:<init>(172)) - new 9cc18591-be2f-448e-af7e-d5f4fba8f5f7@group-CED277E4A4BD-SegmentedRaftLogWorker for RaftStorage:Storage Directory /workdir/hadoop-ozone/ozonefs/target/test-dir/MiniOzoneClusterImpl-336849c0-54e0-42a2-92e3-a8dd7e6e8d6a/datanode-1/data/ratis/191c8a08-0bad-4126-9b9d-ced277e4a4bd
2019-09-25 07:27:33,454 [pool-37-thread-1] INFO  server.RaftServerConfigKeys (ConfUtils.java:logGet(43)) - raft.server.log.queue.byte-limit = 2147483647 (custom)
2019-09-25 07:27:33,455 [pool-37-thread-1] INFO  server.RaftServerConfigKeys (ConfUtils.java:logGet(43)) - raft.server.log.queue.element-limit = 1024 (custom)
2019-09-25 07:27:33,455 [pool-37-thread-1] INFO  server.RaftServerConfigKeys (ConfUtils.java:logGet(43)) - raft.server.log.segment.size.max = 1048576 (custom)
2019-09-25 07:27:33,455 [pool-37-thread-1] INFO  server.RaftServerConfigKeys (ConfUtils.java:logGet(43)) - raft.server.log.preallocated.size = 16384 (custom)
2019-09-25 07:27:33,456 [pool-37-thread-1] INFO  server.RaftServerConfigKeys (ConfUtils.java:logGet(43)) - raft.server.log.write.buffer.size = 33554432 (custom)
2019-09-25 07:27:33,456 [pool-37-thread-1] INFO  server.RaftServerConfigKeys (ConfUtils.java:logGet(43)) - raft.server.log.force.sync.num = 128 (default)
2019-09-25 07:27:33,456 [pool-37-thread-1] INFO  server.RaftServerConfigKeys (ConfUtils.java:logGet(43)) - raft.server.log.statemachine.data.sync = true (default)
2019-09-25 07:27:33,456 [pool-37-thread-1] INFO  server.RaftServerConfigKeys (ConfUtils.java:logGet(43)) - raft.server.log.statemachine.data.sync.timeout = 10s (default)
2019-09-25 07:27:33,456 [pool-37-thread-1] INFO  server.RaftServerConfigKeys (ConfUtils.java:logGet(43)) - raft.server.log.statemachine.data.sync.timeout.retry = -1 (default)
2019-09-25 07:27:33,457 [pool-37-thread-1] INFO  server.RaftServerConfigKeys (ConfUtils.java:logGet(43)) - raft.server.log.statemachine.data.caching.enabled = true (custom)
2019-09-25 07:27:33,457 [pool-37-thread-1] INFO  segmented.SegmentedRaftLogWorker (SegmentedRaftLogWorker.java:lambda$new$0(132)) - 9cc18591-be2f-448e-af7e-d5f4fba8f5f7@group-CED277E4A4BD-SegmentedRaftLogWorker: flushIndex: setUnconditionally 0 -> -1
2019-09-25 07:27:33,458 [pool-37-thread-1] INFO  server.RaftServerConfigKeys (ConfUtils.java:logGet(43)) - raft.server.snapshot.auto.trigger.enabled = true (custom)
2019-09-25 07:27:33,458 [pool-37-thread-1] INFO  server.RaftServerConfigKeys (ConfUtils.java:logGet(43)) - raft.server.snapshot.auto.trigger.threshold = 10000 (custom)
2019-09-25 07:27:33,458 [pool-37-thread-1] INFO  server.RaftServerConfigKeys (ConfUtils.java:logGet(43)) - raft.server.snapshot.retention.num.files = 5 (custom)
2019-09-25 07:27:33,458 [pool-37-thread-1] INFO  server.RaftServerConfigKeys (ConfUtils.java:logGet(43)) - raft.server.retrycache.expirytime = 600000ms (custom)
2019-09-25 07:27:33,464 [pool-37-thread-1] INFO  impl.RaftServerImpl (RaftServerImpl.java:start(185)) - 9cc18591-be2f-448e-af7e-d5f4fba8f5f7@group-CED277E4A4BD: start as a follower, conf=-1: [9cc18591-be2f-448e-af7e-d5f4fba8f5f7:192.168.151.106:36443], old=null
2019-09-25 07:27:33,464 [pool-37-thread-1] INFO  impl.RaftServerImpl (RaftServerImpl.java:setRole(174)) - 9cc18591-be2f-448e-af7e-d5f4fba8f5f7@group-CED277E4A4BD: changes role from      null to FOLLOWER at term 0 for startAsFollower
2019-09-25 07:27:33,464 [pool-37-thread-1] INFO  impl.RoleInfo (RoleInfo.java:updateAndGet(143)) - 9cc18591-be2f-448e-af7e-d5f4fba8f5f7: start FollowerState
2019-09-25 07:27:33,465 [pool-37-thread-1] INFO  util.JmxRegister (JmxRegister.java:tryRegister(44)) - Successfully registered JMX Bean with object name Ratis:service=RaftServer,group=group-CED277E4A4BD,id=9cc18591-be2f-448e-af7e-d5f4fba8f5f7
2019-09-25 07:27:33,481 [RatisPipelineUtilsThread] INFO  pipeline.PipelineStateManager (PipelineStateManager.java:addPipeline(56)) - Created pipeline Pipeline[ Id: 191c8a08-0bad-4126-9b9d-ced277e4a4bd, Nodes: 9cc18591-be2f-448e-af7e-d5f4fba8f5f7{ip: 192.168.151.106, host: pr-hdds-1569-x2sr2-3486766547, networkLocation: /default-rack, certSerialId: null}, Type:RATIS, Factor:ONE, State:OPEN]
2019-09-25 07:27:33,505 [grpc-default-executor-0] INFO  impl.RaftServerProxy (RaftServerProxy.java:addNew(89)) - 9cc18591-be2f-448e-af7e-d5f4fba8f5f7: addNew group-C33CCBC3CE50:[9cc18591-be2f-448e-af7e-d5f4fba8f5f7:192.168.151.106:36443] returns group-C33CCBC3CE50:java.util.concurrent.CompletableFuture@5f7e0f61[Not completed]
2019-09-25 07:27:33,507 [pool-37-thread-1] INFO  impl.RaftServerImpl (RaftServerImpl.java:<init>(95)) - 9cc18591-be2f-448e-af7e-d5f4fba8f5f7: new RaftServerImpl for group-C33CCBC3CE50:[9cc18591-be2f-448e-af7e-d5f4fba8f5f7:192.168.151.106:36443] with ContainerStateMachine:uninitialized
2019-09-25 07:27:33,507 [pool-37-thread-1] INFO  server.RaftServerConfigKeys (ConfUtils.java:logGet(43)) - raft.server.rpc.timeout.min = 5s (custom)
2019-09-25 07:27:33,508 [pool-37-thread-1] INFO  server.RaftServerConfigKeys (ConfUtils.java:logGet(43)) - raft.server.rpc.timeout.max = 5200ms (custom)
2019-09-25 07:27:33,508 [pool-37-thread-1] INFO  server.RaftServerConfigKeys (ConfUtils.java:logGet(43)) - raft.server.rpcslowness.timeout = 120s (custom)
2019-09-25 07:27:33,508 [pool-37-thread-1] INFO  server.RaftServerConfigKeys (ConfUtils.java:logGet(43)) - raft.server.sleep.deviation.threshold = 300 (default)
2019-09-25 07:27:33,508 [pool-37-thread-1] INFO  server.RaftServerConfigKeys (ConfUtils.java:logGet(43)) - raft.server.log.appender.install.snapshot.enabled = false (custom)
2019-09-25 07:27:33,508 [pool-37-thread-1] INFO  impl.RaftServerImpl (ServerState.java:<init>(103)) - 9cc18591-be2f-448e-af7e-d5f4fba8f5f7@group-C33CCBC3CE50: ConfigurationManager, init=-1: [9cc18591-be2f-448e-af7e-d5f4fba8f5f7:192.168.151.106:36443], old=null, confs=<EMPTY_MAP>
2019-09-25 07:27:33,509 [pool-37-thread-1] INFO  server.RaftServerConfigKeys (ConfUtils.java:logGet(43)) - raft.server.storage.dir = [/workdir/hadoop-ozone/ozonefs/target/test-dir/MiniOzoneClusterImpl-336849c0-54e0-42a2-92e3-a8dd7e6e8d6a/datanode-1/data/ratis] (custom)
2019-09-25 07:27:33,509 [pool-37-thread-1] INFO  storage.RaftStorageDirectory (RaftStorageDirectory.java:analyzeStorage(246)) - The storage directory /workdir/hadoop-ozone/ozonefs/target/test-dir/MiniOzoneClusterImpl-336849c0-54e0-42a2-92e3-a8dd7e6e8d6a/datanode-1/data/ratis/e243d3e9-7202-4b77-b9ae-c33ccbc3ce50 does not exist. Creating ...
2019-09-25 07:27:33,597 [IPC Server handler 18 on 37060] INFO  volume.OMVolumeCreateRequest (OMVolumeCreateRequest.java:validateAndUpdateCache(189)) - created volume:volume05247 for user:user13584
2019-09-25 07:27:33,689 [main] INFO  rpc.RpcClient (RpcClient.java:createBucket(415)) - Creating Bucket: volume05247/bucket23254, with Versioning false and Storage Type set to DISK and Encryption set to false 
2019-09-25 07:27:34,184 [pool-37-thread-1] INFO  storage.RaftStorageDirectory (RaftStorageDirectory.java:tryLock(328)) - Lock on /workdir/hadoop-ozone/ozonefs/target/test-dir/MiniOzoneClusterImpl-336849c0-54e0-42a2-92e3-a8dd7e6e8d6a/datanode-1/data/ratis/e243d3e9-7202-4b77-b9ae-c33ccbc3ce50/in_use.lock acquired by nodename 14720@pr-hdds-1569-x2sr2-3486766547
2019-09-25 07:27:34,209 [pool-37-thread-1] INFO  storage.RaftStorage (RaftStorage.java:format(72)) - Storage directory /workdir/hadoop-ozone/ozonefs/target/test-dir/MiniOzoneClusterImpl-336849c0-54e0-42a2-92e3-a8dd7e6e8d6a/datanode-1/data/ratis/e243d3e9-7202-4b77-b9ae-c33ccbc3ce50 has been successfully formatted.
2019-09-25 07:27:34,209 [pool-37-thread-1] INFO  ratis.ContainerStateMachine (ContainerStateMachine.java:loadSnapshot(230)) - group-C33CCBC3CE50: The snapshot info is null. Setting the last applied indexto:(t:0, i:~)
2019-09-25 07:27:34,209 [pool-37-thread-1] INFO  server.RaftServerConfigKeys (ConfUtils.java:logGet(43)) - raft.server.notification.no-leader.timeout = 120s (custom)
2019-09-25 07:27:34,210 [pool-37-thread-1] INFO  server.RaftServerConfigKeys (ConfUtils.java:logGet(43)) - raft.server.log.use.memory = false (default)
2019-09-25 07:27:34,210 [pool-37-thread-1] INFO  server.RaftServerConfigKeys (ConfUtils.java:logGet(43)) - raft.server.log.purge.gap = 1000000 (custom)
2019-09-25 07:27:34,210 [pool-37-thread-1] INFO  server.RaftServerConfigKeys (ConfUtils.java:logGet(43)) - raft.server.log.appender.buffer.byte-limit = 33554432 (custom)
2019-09-25 07:27:34,210 [pool-37-thread-1] INFO  server.RaftServerConfigKeys (ConfUtils.java:logGet(43)) - raft.server.log.segment.size.max = 1048576 (custom)
2019-09-25 07:27:34,210 [pool-37-thread-1] INFO  server.RaftServerConfigKeys (ConfUtils.java:logGet(43)) - raft.server.log.segment.cache.num.max = 2 (custom)
2019-09-25 07:27:34,210 [pool-37-thread-1] INFO  segmented.SegmentedRaftLogWorker (SegmentedRaftLogWorker.java:<init>(172)) - new 9cc18591-be2f-448e-af7e-d5f4fba8f5f7@group-C33CCBC3CE50-SegmentedRaftLogWorker for RaftStorage:Storage Directory /workdir/hadoop-ozone/ozonefs/target/test-dir/MiniOzoneClusterImpl-336849c0-54e0-42a2-92e3-a8dd7e6e8d6a/datanode-1/data/ratis/e243d3e9-7202-4b77-b9ae-c33ccbc3ce50
2019-09-25 07:27:34,210 [pool-37-thread-1] INFO  server.RaftServerConfigKeys (ConfUtils.java:logGet(43)) - raft.server.log.queue.byte-limit = 2147483647 (custom)
2019-09-25 07:27:34,210 [pool-37-thread-1] INFO  server.RaftServerConfigKeys (ConfUtils.java:logGet(43)) - raft.server.log.queue.element-limit = 1024 (custom)
2019-09-25 07:27:34,211 [pool-37-thread-1] INFO  server.RaftServerConfigKeys (ConfUtils.java:logGet(43)) - raft.server.log.segment.size.max = 1048576 (custom)
2019-09-25 07:27:34,211 [pool-37-thread-1] INFO  server.RaftServerConfigKeys (ConfUtils.java:logGet(43)) - raft.server.log.preallocated.size = 16384 (custom)
2019-09-25 07:27:34,211 [pool-37-thread-1] INFO  server.RaftServerConfigKeys (ConfUtils.java:logGet(43)) - raft.server.log.write.buffer.size = 33554432 (custom)
2019-09-25 07:27:34,211 [pool-37-thread-1] INFO  server.RaftServerConfigKeys (ConfUtils.java:logGet(43)) - raft.server.log.force.sync.num = 128 (default)
2019-09-25 07:27:34,211 [pool-37-thread-1] INFO  server.RaftServerConfigKeys (ConfUtils.java:logGet(43)) - raft.server.log.statemachine.data.sync = true (default)
2019-09-25 07:27:34,211 [pool-37-thread-1] INFO  server.RaftServerConfigKeys (ConfUtils.java:logGet(43)) - raft.server.log.statemachine.data.sync.timeout = 10s (default)
2019-09-25 07:27:34,211 [pool-37-thread-1] INFO  server.RaftServerConfigKeys (ConfUtils.java:logGet(43)) - raft.server.log.statemachine.data.sync.timeout.retry = -1 (default)
2019-09-25 07:27:34,225 [pool-37-thread-1] INFO  server.RaftServerConfigKeys (ConfUtils.java:logGet(43)) - raft.server.log.statemachine.data.caching.enabled = true (custom)
2019-09-25 07:27:34,232 [pool-37-thread-1] INFO  segmented.SegmentedRaftLogWorker (SegmentedRaftLogWorker.java:lambda$new$0(132)) - 9cc18591-be2f-448e-af7e-d5f4fba8f5f7@group-C33CCBC3CE50-SegmentedRaftLogWorker: flushIndex: setUnconditionally 0 -> -1
2019-09-25 07:27:34,232 [pool-37-thread-1] INFO  server.RaftServerConfigKeys (ConfUtils.java:logGet(43)) - raft.server.snapshot.auto.trigger.enabled = true (custom)
2019-09-25 07:27:34,232 [pool-37-thread-1] INFO  server.RaftServerConfigKeys (ConfUtils.java:logGet(43)) - raft.server.snapshot.auto.trigger.threshold = 10000 (custom)
2019-09-25 07:27:34,232 [pool-37-thread-1] INFO  server.RaftServerConfigKeys (ConfUtils.java:logGet(43)) - raft.server.snapshot.retention.num.files = 5 (custom)
2019-09-25 07:27:34,233 [pool-37-thread-1] INFO  server.RaftServerConfigKeys (ConfUtils.java:logGet(43)) - raft.server.retrycache.expirytime = 600000ms (custom)
2019-09-25 07:27:34,382 [pool-37-thread-1] INFO  impl.RaftServerImpl (RaftServerImpl.java:start(185)) - 9cc18591-be2f-448e-af7e-d5f4fba8f5f7@group-C33CCBC3CE50: start as a follower, conf=-1: [9cc18591-be2f-448e-af7e-d5f4fba8f5f7:192.168.151.106:36443], old=null
2019-09-25 07:27:34,382 [Thread-283] INFO  container.ReplicationManager (ReplicationManager.java:start(163)) - Starting Replication Monitor Thread.
2019-09-25 07:27:34,382 [pool-37-thread-1] INFO  impl.RaftServerImpl (RaftServerImpl.java:setRole(174)) - 9cc18591-be2f-448e-af7e-d5f4fba8f5f7@group-C33CCBC3CE50: changes role from      null to FOLLOWER at term 0 for startAsFollower
2019-09-25 07:27:34,383 [pool-37-thread-1] INFO  impl.RoleInfo (RoleInfo.java:updateAndGet(143)) - 9cc18591-be2f-448e-af7e-d5f4fba8f5f7: start FollowerState
2019-09-25 07:27:34,383 [pool-37-thread-1] INFO  util.JmxRegister (JmxRegister.java:tryRegister(44)) - Successfully registered JMX Bean with object name Ratis:service=RaftServer,group=group-C33CCBC3CE50,id=9cc18591-be2f-448e-af7e-d5f4fba8f5f7
2019-09-25 07:27:34,384 [ReplicationMonitor] INFO  container.ReplicationManager (ReplicationManager.java:run(226)) - Replication Monitor Thread took 1 milliseconds for processing 0 containers.
2019-09-25 07:27:34,402 [RatisPipelineUtilsThread] INFO  pipeline.PipelineStateManager (PipelineStateManager.java:addPipeline(56)) - Created pipeline Pipeline[ Id: e243d3e9-7202-4b77-b9ae-c33ccbc3ce50, Nodes: 9cc18591-be2f-448e-af7e-d5f4fba8f5f7{ip: 192.168.151.106, host: pr-hdds-1569-x2sr2-3486766547, networkLocation: /default-rack, certSerialId: null}, Type:RATIS, Factor:ONE, State:OPEN]
2019-09-25 07:27:34,416 [grpc-default-executor-0] INFO  impl.RaftServerProxy (RaftServerProxy.java:addNew(89)) - ac29337b-1f05-44ab-baf7-0ad511ed26a1: addNew group-B7EB2F801EA1:[ac29337b-1f05-44ab-baf7-0ad511ed26a1:192.168.151.106:37931] returns group-B7EB2F801EA1:java.util.concurrent.CompletableFuture@1a6d1d86[Not completed]
2019-09-25 07:27:34,418 [pool-27-thread-1] INFO  impl.RaftServerImpl (RaftServerImpl.java:<init>(95)) - ac29337b-1f05-44ab-baf7-0ad511ed26a1: new RaftServerImpl for group-B7EB2F801EA1:[ac29337b-1f05-44ab-baf7-0ad511ed26a1:192.168.151.106:37931] with ContainerStateMachine:uninitialized
2019-09-25 07:27:34,418 [pool-27-thread-1] INFO  server.RaftServerConfigKeys (ConfUtils.java:logGet(43)) - raft.server.rpc.timeout.min = 5s (custom)
2019-09-25 07:27:34,418 [pool-27-thread-1] INFO  server.RaftServerConfigKeys (ConfUtils.java:logGet(43)) - raft.server.rpc.timeout.max = 5200ms (custom)
2019-09-25 07:27:34,418 [pool-27-thread-1] INFO  server.RaftServerConfigKeys (ConfUtils.java:logGet(43)) - raft.server.rpcslowness.timeout = 120s (custom)
2019-09-25 07:27:34,419 [pool-27-thread-1] INFO  server.RaftServerConfigKeys (ConfUtils.java:logGet(43)) - raft.server.sleep.deviation.threshold = 300 (default)
2019-09-25 07:27:34,419 [pool-27-thread-1] INFO  server.RaftServerConfigKeys (ConfUtils.java:logGet(43)) - raft.server.log.appender.install.snapshot.enabled = false (custom)
2019-09-25 07:27:34,419 [pool-27-thread-1] INFO  impl.RaftServerImpl (ServerState.java:<init>(103)) - ac29337b-1f05-44ab-baf7-0ad511ed26a1@group-B7EB2F801EA1: ConfigurationManager, init=-1: [ac29337b-1f05-44ab-baf7-0ad511ed26a1:192.168.151.106:37931], old=null, confs=<EMPTY_MAP>
2019-09-25 07:27:34,419 [pool-27-thread-1] INFO  server.RaftServerConfigKeys (ConfUtils.java:logGet(43)) - raft.server.storage.dir = [/workdir/hadoop-ozone/ozonefs/target/test-dir/MiniOzoneClusterImpl-336849c0-54e0-42a2-92e3-a8dd7e6e8d6a/datanode-0/data/ratis] (custom)
2019-09-25 07:27:34,420 [pool-27-thread-1] INFO  storage.RaftStorageDirectory (RaftStorageDirectory.java:analyzeStorage(246)) - The storage directory /workdir/hadoop-ozone/ozonefs/target/test-dir/MiniOzoneClusterImpl-336849c0-54e0-42a2-92e3-a8dd7e6e8d6a/datanode-0/data/ratis/28e3afcc-b441-440b-98d1-b7eb2f801ea1 does not exist. Creating ...
2019-09-25 07:27:34,469 [pool-27-thread-1] INFO  storage.RaftStorageDirectory (RaftStorageDirectory.java:tryLock(328)) - Lock on /workdir/hadoop-ozone/ozonefs/target/test-dir/MiniOzoneClusterImpl-336849c0-54e0-42a2-92e3-a8dd7e6e8d6a/datanode-0/data/ratis/28e3afcc-b441-440b-98d1-b7eb2f801ea1/in_use.lock acquired by nodename 14720@pr-hdds-1569-x2sr2-3486766547
2019-09-25 07:27:34,482 [pool-27-thread-1] INFO  storage.RaftStorage (RaftStorage.java:format(72)) - Storage directory /workdir/hadoop-ozone/ozonefs/target/test-dir/MiniOzoneClusterImpl-336849c0-54e0-42a2-92e3-a8dd7e6e8d6a/datanode-0/data/ratis/28e3afcc-b441-440b-98d1-b7eb2f801ea1 has been successfully formatted.
2019-09-25 07:27:34,482 [pool-27-thread-1] INFO  ratis.ContainerStateMachine (ContainerStateMachine.java:loadSnapshot(230)) - group-B7EB2F801EA1: The snapshot info is null. Setting the last applied indexto:(t:0, i:~)
2019-09-25 07:27:34,482 [pool-27-thread-1] INFO  server.RaftServerConfigKeys (ConfUtils.java:logGet(43)) - raft.server.notification.no-leader.timeout = 120s (custom)
2019-09-25 07:27:34,482 [pool-27-thread-1] INFO  server.RaftServerConfigKeys (ConfUtils.java:logGet(43)) - raft.server.log.use.memory = false (default)
2019-09-25 07:27:34,482 [pool-27-thread-1] INFO  server.RaftServerConfigKeys (ConfUtils.java:logGet(43)) - raft.server.log.purge.gap = 1000000 (custom)
2019-09-25 07:27:34,482 [pool-27-thread-1] INFO  server.RaftServerConfigKeys (ConfUtils.java:logGet(43)) - raft.server.log.appender.buffer.byte-limit = 33554432 (custom)
2019-09-25 07:27:34,483 [pool-27-thread-1] INFO  server.RaftServerConfigKeys (ConfUtils.java:logGet(43)) - raft.server.log.segment.size.max = 1048576 (custom)
2019-09-25 07:27:34,483 [pool-27-thread-1] INFO  server.RaftServerConfigKeys (ConfUtils.java:logGet(43)) - raft.server.log.segment.cache.num.max = 2 (custom)
2019-09-25 07:27:34,483 [pool-27-thread-1] INFO  segmented.SegmentedRaftLogWorker (SegmentedRaftLogWorker.java:<init>(172)) - new ac29337b-1f05-44ab-baf7-0ad511ed26a1@group-B7EB2F801EA1-SegmentedRaftLogWorker for RaftStorage:Storage Directory /workdir/hadoop-ozone/ozonefs/target/test-dir/MiniOzoneClusterImpl-336849c0-54e0-42a2-92e3-a8dd7e6e8d6a/datanode-0/data/ratis/28e3afcc-b441-440b-98d1-b7eb2f801ea1
2019-09-25 07:27:34,483 [pool-27-thread-1] INFO  server.RaftServerConfigKeys (ConfUtils.java:logGet(43)) - raft.server.log.queue.byte-limit = 2147483647 (custom)
2019-09-25 07:27:34,483 [pool-27-thread-1] INFO  server.RaftServerConfigKeys (ConfUtils.java:logGet(43)) - raft.server.log.queue.element-limit = 1024 (custom)
2019-09-25 07:27:34,483 [pool-27-thread-1] INFO  server.RaftServerConfigKeys (ConfUtils.java:logGet(43)) - raft.server.log.segment.size.max = 1048576 (custom)
2019-09-25 07:27:34,483 [pool-27-thread-1] INFO  server.RaftServerConfigKeys (ConfUtils.java:logGet(43)) - raft.server.log.preallocated.size = 16384 (custom)
2019-09-25 07:27:34,483 [pool-27-thread-1] INFO  server.RaftServerConfigKeys (ConfUtils.java:logGet(43)) - raft.server.log.write.buffer.size = 33554432 (custom)
2019-09-25 07:27:34,484 [pool-27-thread-1] INFO  server.RaftServerConfigKeys (ConfUtils.java:logGet(43)) - raft.server.log.force.sync.num = 128 (default)
2019-09-25 07:27:34,484 [pool-27-thread-1] INFO  server.RaftServerConfigKeys (ConfUtils.java:logGet(43)) - raft.server.log.statemachine.data.sync = true (default)
2019-09-25 07:27:34,484 [pool-27-thread-1] INFO  server.RaftServerConfigKeys (ConfUtils.java:logGet(43)) - raft.server.log.statemachine.data.sync.timeout = 10s (default)
2019-09-25 07:27:34,484 [pool-27-thread-1] INFO  server.RaftServerConfigKeys (ConfUtils.java:logGet(43)) - raft.server.log.statemachine.data.sync.timeout.retry = -1 (default)
2019-09-25 07:27:34,484 [pool-27-thread-1] INFO  server.RaftServerConfigKeys (ConfUtils.java:logGet(43)) - raft.server.log.statemachine.data.caching.enabled = true (custom)
2019-09-25 07:27:34,484 [pool-27-thread-1] INFO  segmented.SegmentedRaftLogWorker (SegmentedRaftLogWorker.java:lambda$new$0(132)) - ac29337b-1f05-44ab-baf7-0ad511ed26a1@group-B7EB2F801EA1-SegmentedRaftLogWorker: flushIndex: setUnconditionally 0 -> -1
2019-09-25 07:27:34,485 [pool-27-thread-1] INFO  server.RaftServerConfigKeys (ConfUtils.java:logGet(43)) - raft.server.snapshot.auto.trigger.enabled = true (custom)
2019-09-25 07:27:34,485 [pool-27-thread-1] INFO  server.RaftServerConfigKeys (ConfUtils.java:logGet(43)) - raft.server.snapshot.auto.trigger.threshold = 10000 (custom)
2019-09-25 07:27:34,485 [pool-27-thread-1] INFO  server.RaftServerConfigKeys (ConfUtils.java:logGet(43)) - raft.server.snapshot.retention.num.files = 5 (custom)
2019-09-25 07:27:34,485 [pool-27-thread-1] INFO  server.RaftServerConfigKeys (ConfUtils.java:logGet(43)) - raft.server.retrycache.expirytime = 600000ms (custom)
2019-09-25 07:27:34,488 [pool-27-thread-1] INFO  impl.RaftServerImpl (RaftServerImpl.java:start(185)) - ac29337b-1f05-44ab-baf7-0ad511ed26a1@group-B7EB2F801EA1: start as a follower, conf=-1: [ac29337b-1f05-44ab-baf7-0ad511ed26a1:192.168.151.106:37931], old=null
2019-09-25 07:27:34,488 [pool-27-thread-1] INFO  impl.RaftServerImpl (RaftServerImpl.java:setRole(174)) - ac29337b-1f05-44ab-baf7-0ad511ed26a1@group-B7EB2F801EA1: changes role from      null to FOLLOWER at term 0 for startAsFollower
2019-09-25 07:27:34,488 [pool-27-thread-1] INFO  impl.RoleInfo (RoleInfo.java:updateAndGet(143)) - ac29337b-1f05-44ab-baf7-0ad511ed26a1: start FollowerState
2019-09-25 07:27:34,489 [pool-27-thread-1] INFO  util.JmxRegister (JmxRegister.java:tryRegister(44)) - Successfully registered JMX Bean with object name Ratis:service=RaftServer,group=group-B7EB2F801EA1,id=ac29337b-1f05-44ab-baf7-0ad511ed26a1
2019-09-25 07:27:34,504 [RatisPipelineUtilsThread] INFO  pipeline.PipelineStateManager (PipelineStateManager.java:addPipeline(56)) - Created pipeline Pipeline[ Id: 28e3afcc-b441-440b-98d1-b7eb2f801ea1, Nodes: ac29337b-1f05-44ab-baf7-0ad511ed26a1{ip: 192.168.151.106, host: pr-hdds-1569-x2sr2-3486766547, networkLocation: /default-rack, certSerialId: null}, Type:RATIS, Factor:ONE, State:OPEN]
2019-09-25 07:27:34,523 [grpc-default-executor-0] INFO  impl.RaftServerProxy (RaftServerProxy.java:addNew(89)) - 253df5dc-ab25-4be3-9607-c7ead1a3aece: addNew group-CCE8109CE683:[253df5dc-ab25-4be3-9607-c7ead1a3aece:192.168.151.106:34913] returns group-CCE8109CE683:java.util.concurrent.CompletableFuture@6370ec6c[Not completed]
2019-09-25 07:27:34,528 [pool-107-thread-1] INFO  impl.RaftServerImpl (RaftServerImpl.java:<init>(95)) - 253df5dc-ab25-4be3-9607-c7ead1a3aece: new RaftServerImpl for group-CCE8109CE683:[253df5dc-ab25-4be3-9607-c7ead1a3aece:192.168.151.106:34913] with ContainerStateMachine:uninitialized
2019-09-25 07:27:34,528 [pool-107-thread-1] INFO  server.RaftServerConfigKeys (ConfUtils.java:logGet(43)) - raft.server.rpc.timeout.min = 5s (custom)
2019-09-25 07:27:34,528 [pool-107-thread-1] INFO  server.RaftServerConfigKeys (ConfUtils.java:logGet(43)) - raft.server.rpc.timeout.max = 5200ms (custom)
2019-09-25 07:27:34,528 [pool-107-thread-1] INFO  server.RaftServerConfigKeys (ConfUtils.java:logGet(43)) - raft.server.rpcslowness.timeout = 120s (custom)
2019-09-25 07:27:34,529 [pool-107-thread-1] INFO  server.RaftServerConfigKeys (ConfUtils.java:logGet(43)) - raft.server.sleep.deviation.threshold = 300 (default)
2019-09-25 07:27:34,529 [pool-107-thread-1] INFO  server.RaftServerConfigKeys (ConfUtils.java:logGet(43)) - raft.server.log.appender.install.snapshot.enabled = false (custom)
2019-09-25 07:27:34,529 [pool-107-thread-1] INFO  impl.RaftServerImpl (ServerState.java:<init>(103)) - 253df5dc-ab25-4be3-9607-c7ead1a3aece@group-CCE8109CE683: ConfigurationManager, init=-1: [253df5dc-ab25-4be3-9607-c7ead1a3aece:192.168.151.106:34913], old=null, confs=<EMPTY_MAP>
2019-09-25 07:27:34,529 [pool-107-thread-1] INFO  server.RaftServerConfigKeys (ConfUtils.java:logGet(43)) - raft.server.storage.dir = [/workdir/hadoop-ozone/ozonefs/target/test-dir/MiniOzoneClusterImpl-336849c0-54e0-42a2-92e3-a8dd7e6e8d6a/datanode-8/data/ratis] (custom)
2019-09-25 07:27:34,530 [pool-107-thread-1] INFO  storage.RaftStorageDirectory (RaftStorageDirectory.java:analyzeStorage(246)) - The storage directory /workdir/hadoop-ozone/ozonefs/target/test-dir/MiniOzoneClusterImpl-336849c0-54e0-42a2-92e3-a8dd7e6e8d6a/datanode-8/data/ratis/43d744ca-8c77-4481-a66a-cce8109ce683 does not exist. Creating ...
2019-09-25 07:27:34,544 [pool-107-thread-1] INFO  storage.RaftStorageDirectory (RaftStorageDirectory.java:tryLock(328)) - Lock on /workdir/hadoop-ozone/ozonefs/target/test-dir/MiniOzoneClusterImpl-336849c0-54e0-42a2-92e3-a8dd7e6e8d6a/datanode-8/data/ratis/43d744ca-8c77-4481-a66a-cce8109ce683/in_use.lock acquired by nodename 14720@pr-hdds-1569-x2sr2-3486766547
2019-09-25 07:27:34,557 [pool-107-thread-1] INFO  storage.RaftStorage (RaftStorage.java:format(72)) - Storage directory /workdir/hadoop-ozone/ozonefs/target/test-dir/MiniOzoneClusterImpl-336849c0-54e0-42a2-92e3-a8dd7e6e8d6a/datanode-8/data/ratis/43d744ca-8c77-4481-a66a-cce8109ce683 has been successfully formatted.
2019-09-25 07:27:34,557 [pool-107-thread-1] INFO  ratis.ContainerStateMachine (ContainerStateMachine.java:loadSnapshot(230)) - group-CCE8109CE683: The snapshot info is null. Setting the last applied indexto:(t:0, i:~)
2019-09-25 07:27:34,558 [pool-107-thread-1] INFO  server.RaftServerConfigKeys (ConfUtils.java:logGet(43)) - raft.server.notification.no-leader.timeout = 120s (custom)
2019-09-25 07:27:34,558 [pool-107-thread-1] INFO  server.RaftServerConfigKeys (ConfUtils.java:logGet(43)) - raft.server.log.use.memory = false (default)
2019-09-25 07:27:34,558 [pool-107-thread-1] INFO  server.RaftServerConfigKeys (ConfUtils.java:logGet(43)) - raft.server.log.purge.gap = 1000000 (custom)
2019-09-25 07:27:34,558 [pool-107-thread-1] INFO  server.RaftServerConfigKeys (ConfUtils.java:logGet(43)) - raft.server.log.appender.buffer.byte-limit = 33554432 (custom)
2019-09-25 07:27:34,558 [pool-107-thread-1] INFO  server.RaftServerConfigKeys (ConfUtils.java:logGet(43)) - raft.server.log.segment.size.max = 1048576 (custom)
2019-09-25 07:27:34,558 [pool-107-thread-1] INFO  server.RaftServerConfigKeys (ConfUtils.java:logGet(43)) - raft.server.log.segment.cache.num.max = 2 (custom)
2019-09-25 07:27:34,559 [pool-107-thread-1] INFO  segmented.SegmentedRaftLogWorker (SegmentedRaftLogWorker.java:<init>(172)) - new 253df5dc-ab25-4be3-9607-c7ead1a3aece@group-CCE8109CE683-SegmentedRaftLogWorker for RaftStorage:Storage Directory /workdir/hadoop-ozone/ozonefs/target/test-dir/MiniOzoneClusterImpl-336849c0-54e0-42a2-92e3-a8dd7e6e8d6a/datanode-8/data/ratis/43d744ca-8c77-4481-a66a-cce8109ce683
2019-09-25 07:27:34,563 [pool-107-thread-1] INFO  server.RaftServerConfigKeys (ConfUtils.java:logGet(43)) - raft.server.log.queue.byte-limit = 2147483647 (custom)
2019-09-25 07:27:34,563 [pool-107-thread-1] INFO  server.RaftServerConfigKeys (ConfUtils.java:logGet(43)) - raft.server.log.queue.element-limit = 1024 (custom)
2019-09-25 07:27:34,564 [pool-107-thread-1] INFO  server.RaftServerConfigKeys (ConfUtils.java:logGet(43)) - raft.server.log.segment.size.max = 1048576 (custom)
2019-09-25 07:27:34,564 [pool-107-thread-1] INFO  server.RaftServerConfigKeys (ConfUtils.java:logGet(43)) - raft.server.log.preallocated.size = 16384 (custom)
2019-09-25 07:27:34,564 [pool-107-thread-1] INFO  server.RaftServerConfigKeys (ConfUtils.java:logGet(43)) - raft.server.log.write.buffer.size = 33554432 (custom)
2019-09-25 07:27:34,564 [pool-107-thread-1] INFO  server.RaftServerConfigKeys (ConfUtils.java:logGet(43)) - raft.server.log.force.sync.num = 128 (default)
2019-09-25 07:27:34,564 [pool-107-thread-1] INFO  server.RaftServerConfigKeys (ConfUtils.java:logGet(43)) - raft.server.log.statemachine.data.sync = true (default)
2019-09-25 07:27:34,564 [pool-107-thread-1] INFO  server.RaftServerConfigKeys (ConfUtils.java:logGet(43)) - raft.server.log.statemachine.data.sync.timeout = 10s (default)
2019-09-25 07:27:34,565 [pool-107-thread-1] INFO  server.RaftServerConfigKeys (ConfUtils.java:logGet(43)) - raft.server.log.statemachine.data.sync.timeout.retry = -1 (default)
2019-09-25 07:27:34,565 [pool-107-thread-1] INFO  server.RaftServerConfigKeys (ConfUtils.java:logGet(43)) - raft.server.log.statemachine.data.caching.enabled = true (custom)
2019-09-25 07:27:34,565 [pool-107-thread-1] INFO  segmented.SegmentedRaftLogWorker (SegmentedRaftLogWorker.java:lambda$new$0(132)) - 253df5dc-ab25-4be3-9607-c7ead1a3aece@group-CCE8109CE683-SegmentedRaftLogWorker: flushIndex: setUnconditionally 0 -> -1
2019-09-25 07:27:34,566 [pool-107-thread-1] INFO  server.RaftServerConfigKeys (ConfUtils.java:logGet(43)) - raft.server.snapshot.auto.trigger.enabled = true (custom)
2019-09-25 07:27:34,566 [pool-107-thread-1] INFO  server.RaftServerConfigKeys (ConfUtils.java:logGet(43)) - raft.server.snapshot.auto.trigger.threshold = 10000 (custom)
2019-09-25 07:27:34,566 [pool-107-thread-1] INFO  server.RaftServerConfigKeys (ConfUtils.java:logGet(43)) - raft.server.snapshot.retention.num.files = 5 (custom)
2019-09-25 07:27:34,566 [pool-107-thread-1] INFO  server.RaftServerConfigKeys (ConfUtils.java:logGet(43)) - raft.server.retrycache.expirytime = 600000ms (custom)
2019-09-25 07:27:34,570 [pool-107-thread-1] INFO  impl.RaftServerImpl (RaftServerImpl.java:start(185)) - 253df5dc-ab25-4be3-9607-c7ead1a3aece@group-CCE8109CE683: start as a follower, conf=-1: [253df5dc-ab25-4be3-9607-c7ead1a3aece:192.168.151.106:34913], old=null
2019-09-25 07:27:34,570 [pool-107-thread-1] INFO  impl.RaftServerImpl (RaftServerImpl.java:setRole(174)) - 253df5dc-ab25-4be3-9607-c7ead1a3aece@group-CCE8109CE683: changes role from      null to FOLLOWER at term 0 for startAsFollower
2019-09-25 07:27:34,571 [pool-107-thread-1] INFO  impl.RoleInfo (RoleInfo.java:updateAndGet(143)) - 253df5dc-ab25-4be3-9607-c7ead1a3aece: start FollowerState
2019-09-25 07:27:34,571 [pool-107-thread-1] INFO  util.JmxRegister (JmxRegister.java:tryRegister(44)) - Successfully registered JMX Bean with object name Ratis:service=RaftServer,group=group-CCE8109CE683,id=253df5dc-ab25-4be3-9607-c7ead1a3aece
2019-09-25 07:27:34,587 [RatisPipelineUtilsThread] INFO  pipeline.PipelineStateManager (PipelineStateManager.java:addPipeline(56)) - Created pipeline Pipeline[ Id: 43d744ca-8c77-4481-a66a-cce8109ce683, Nodes: 253df5dc-ab25-4be3-9607-c7ead1a3aece{ip: 192.168.151.106, host: pr-hdds-1569-x2sr2-3486766547, networkLocation: /default-rack, certSerialId: null}, Type:RATIS, Factor:ONE, State:OPEN]
2019-09-25 07:27:34,620 [grpc-default-executor-0] INFO  impl.RaftServerProxy (RaftServerProxy.java:addNew(89)) - 94a1c681-cec5-47e9-bd86-59396c1e12e6: addNew group-7F7938B221AE:[94a1c681-cec5-47e9-bd86-59396c1e12e6:192.168.151.106:39666] returns group-7F7938B221AE:java.util.concurrent.CompletableFuture@6eb7d12c[Not completed]
2019-09-25 07:27:34,626 [pool-117-thread-1] INFO  impl.RaftServerImpl (RaftServerImpl.java:<init>(95)) - 94a1c681-cec5-47e9-bd86-59396c1e12e6: new RaftServerImpl for group-7F7938B221AE:[94a1c681-cec5-47e9-bd86-59396c1e12e6:192.168.151.106:39666] with ContainerStateMachine:uninitialized
2019-09-25 07:27:34,626 [pool-117-thread-1] INFO  server.RaftServerConfigKeys (ConfUtils.java:logGet(43)) - raft.server.rpc.timeout.min = 5s (custom)
2019-09-25 07:27:34,626 [pool-117-thread-1] INFO  server.RaftServerConfigKeys (ConfUtils.java:logGet(43)) - raft.server.rpc.timeout.max = 5200ms (custom)
2019-09-25 07:27:34,627 [pool-117-thread-1] INFO  server.RaftServerConfigKeys (ConfUtils.java:logGet(43)) - raft.server.rpcslowness.timeout = 120s (custom)
2019-09-25 07:27:34,627 [pool-117-thread-1] INFO  server.RaftServerConfigKeys (ConfUtils.java:logGet(43)) - raft.server.sleep.deviation.threshold = 300 (default)
2019-09-25 07:27:34,627 [pool-117-thread-1] INFO  server.RaftServerConfigKeys (ConfUtils.java:logGet(43)) - raft.server.log.appender.install.snapshot.enabled = false (custom)
2019-09-25 07:27:34,627 [pool-117-thread-1] INFO  impl.RaftServerImpl (ServerState.java:<init>(103)) - 94a1c681-cec5-47e9-bd86-59396c1e12e6@group-7F7938B221AE: ConfigurationManager, init=-1: [94a1c681-cec5-47e9-bd86-59396c1e12e6:192.168.151.106:39666], old=null, confs=<EMPTY_MAP>
2019-09-25 07:27:34,627 [pool-117-thread-1] INFO  server.RaftServerConfigKeys (ConfUtils.java:logGet(43)) - raft.server.storage.dir = [/workdir/hadoop-ozone/ozonefs/target/test-dir/MiniOzoneClusterImpl-336849c0-54e0-42a2-92e3-a8dd7e6e8d6a/datanode-9/data/ratis] (custom)
2019-09-25 07:27:34,628 [pool-117-thread-1] INFO  storage.RaftStorageDirectory (RaftStorageDirectory.java:analyzeStorage(246)) - The storage directory /workdir/hadoop-ozone/ozonefs/target/test-dir/MiniOzoneClusterImpl-336849c0-54e0-42a2-92e3-a8dd7e6e8d6a/datanode-9/data/ratis/80412a51-b572-4166-a59c-7f7938b221ae does not exist. Creating ...
2019-09-25 07:27:34,651 [pool-117-thread-1] INFO  storage.RaftStorageDirectory (RaftStorageDirectory.java:tryLock(328)) - Lock on /workdir/hadoop-ozone/ozonefs/target/test-dir/MiniOzoneClusterImpl-336849c0-54e0-42a2-92e3-a8dd7e6e8d6a/datanode-9/data/ratis/80412a51-b572-4166-a59c-7f7938b221ae/in_use.lock acquired by nodename 14720@pr-hdds-1569-x2sr2-3486766547
2019-09-25 07:27:34,676 [pool-117-thread-1] INFO  storage.RaftStorage (RaftStorage.java:format(72)) - Storage directory /workdir/hadoop-ozone/ozonefs/target/test-dir/MiniOzoneClusterImpl-336849c0-54e0-42a2-92e3-a8dd7e6e8d6a/datanode-9/data/ratis/80412a51-b572-4166-a59c-7f7938b221ae has been successfully formatted.
2019-09-25 07:27:34,676 [pool-117-thread-1] INFO  ratis.ContainerStateMachine (ContainerStateMachine.java:loadSnapshot(230)) - group-7F7938B221AE: The snapshot info is null. Setting the last applied indexto:(t:0, i:~)
2019-09-25 07:27:34,677 [pool-117-thread-1] INFO  server.RaftServerConfigKeys (ConfUtils.java:logGet(43)) - raft.server.notification.no-leader.timeout = 120s (custom)
2019-09-25 07:27:34,677 [pool-117-thread-1] INFO  server.RaftServerConfigKeys (ConfUtils.java:logGet(43)) - raft.server.log.use.memory = false (default)
2019-09-25 07:27:34,677 [pool-117-thread-1] INFO  server.RaftServerConfigKeys (ConfUtils.java:logGet(43)) - raft.server.log.purge.gap = 1000000 (custom)
2019-09-25 07:27:34,677 [pool-117-thread-1] INFO  server.RaftServerConfigKeys (ConfUtils.java:logGet(43)) - raft.server.log.appender.buffer.byte-limit = 33554432 (custom)
2019-09-25 07:27:34,677 [pool-117-thread-1] INFO  server.RaftServerConfigKeys (ConfUtils.java:logGet(43)) - raft.server.log.segment.size.max = 1048576 (custom)
2019-09-25 07:27:34,678 [pool-117-thread-1] INFO  server.RaftServerConfigKeys (ConfUtils.java:logGet(43)) - raft.server.log.segment.cache.num.max = 2 (custom)
2019-09-25 07:27:34,678 [pool-117-thread-1] INFO  segmented.SegmentedRaftLogWorker (SegmentedRaftLogWorker.java:<init>(172)) - new 94a1c681-cec5-47e9-bd86-59396c1e12e6@group-7F7938B221AE-SegmentedRaftLogWorker for RaftStorage:Storage Directory /workdir/hadoop-ozone/ozonefs/target/test-dir/MiniOzoneClusterImpl-336849c0-54e0-42a2-92e3-a8dd7e6e8d6a/datanode-9/data/ratis/80412a51-b572-4166-a59c-7f7938b221ae
2019-09-25 07:27:34,681 [pool-117-thread-1] INFO  server.RaftServerConfigKeys (ConfUtils.java:logGet(43)) - raft.server.log.queue.byte-limit = 2147483647 (custom)
2019-09-25 07:27:34,681 [pool-117-thread-1] INFO  server.RaftServerConfigKeys (ConfUtils.java:logGet(43)) - raft.server.log.queue.element-limit = 1024 (custom)
2019-09-25 07:27:34,682 [pool-117-thread-1] INFO  server.RaftServerConfigKeys (ConfUtils.java:logGet(43)) - raft.server.log.segment.size.max = 1048576 (custom)
2019-09-25 07:27:34,682 [pool-117-thread-1] INFO  server.RaftServerConfigKeys (ConfUtils.java:logGet(43)) - raft.server.log.preallocated.size = 16384 (custom)
2019-09-25 07:27:34,682 [pool-117-thread-1] INFO  server.RaftServerConfigKeys (ConfUtils.java:logGet(43)) - raft.server.log.write.buffer.size = 33554432 (custom)
2019-09-25 07:27:34,682 [pool-117-thread-1] INFO  server.RaftServerConfigKeys (ConfUtils.java:logGet(43)) - raft.server.log.force.sync.num = 128 (default)
2019-09-25 07:27:34,682 [pool-117-thread-1] INFO  server.RaftServerConfigKeys (ConfUtils.java:logGet(43)) - raft.server.log.statemachine.data.sync = true (default)
2019-09-25 07:27:34,682 [pool-117-thread-1] INFO  server.RaftServerConfigKeys (ConfUtils.java:logGet(43)) - raft.server.log.statemachine.data.sync.timeout = 10s (default)
2019-09-25 07:27:34,682 [pool-117-thread-1] INFO  server.RaftServerConfigKeys (ConfUtils.java:logGet(43)) - raft.server.log.statemachine.data.sync.timeout.retry = -1 (default)
2019-09-25 07:27:34,683 [pool-117-thread-1] INFO  server.RaftServerConfigKeys (ConfUtils.java:logGet(43)) - raft.server.log.statemachine.data.caching.enabled = true (custom)
2019-09-25 07:27:34,683 [pool-117-thread-1] INFO  segmented.SegmentedRaftLogWorker (SegmentedRaftLogWorker.java:lambda$new$0(132)) - 94a1c681-cec5-47e9-bd86-59396c1e12e6@group-7F7938B221AE-SegmentedRaftLogWorker: flushIndex: setUnconditionally 0 -> -1
2019-09-25 07:27:34,683 [pool-117-thread-1] INFO  server.RaftServerConfigKeys (ConfUtils.java:logGet(43)) - raft.server.snapshot.auto.trigger.enabled = true (custom)
2019-09-25 07:27:34,684 [pool-117-thread-1] INFO  server.RaftServerConfigKeys (ConfUtils.java:logGet(43)) - raft.server.snapshot.auto.trigger.threshold = 10000 (custom)
2019-09-25 07:27:34,684 [pool-117-thread-1] INFO  server.RaftServerConfigKeys (ConfUtils.java:logGet(43)) - raft.server.snapshot.retention.num.files = 5 (custom)
2019-09-25 07:27:34,684 [pool-117-thread-1] INFO  server.RaftServerConfigKeys (ConfUtils.java:logGet(43)) - raft.server.retrycache.expirytime = 600000ms (custom)
2019-09-25 07:27:34,686 [pool-117-thread-1] INFO  impl.RaftServerImpl (RaftServerImpl.java:start(185)) - 94a1c681-cec5-47e9-bd86-59396c1e12e6@group-7F7938B221AE: start as a follower, conf=-1: [94a1c681-cec5-47e9-bd86-59396c1e12e6:192.168.151.106:39666], old=null
2019-09-25 07:27:34,687 [pool-117-thread-1] INFO  impl.RaftServerImpl (RaftServerImpl.java:setRole(174)) - 94a1c681-cec5-47e9-bd86-59396c1e12e6@group-7F7938B221AE: changes role from      null to FOLLOWER at term 0 for startAsFollower
2019-09-25 07:27:34,687 [pool-117-thread-1] INFO  impl.RoleInfo (RoleInfo.java:updateAndGet(143)) - 94a1c681-cec5-47e9-bd86-59396c1e12e6: start FollowerState
2019-09-25 07:27:34,687 [pool-117-thread-1] INFO  util.JmxRegister (JmxRegister.java:tryRegister(44)) - Successfully registered JMX Bean with object name Ratis:service=RaftServer,group=group-7F7938B221AE,id=94a1c681-cec5-47e9-bd86-59396c1e12e6
2019-09-25 07:27:34,711 [RatisPipelineUtilsThread] INFO  pipeline.PipelineStateManager (PipelineStateManager.java:addPipeline(56)) - Created pipeline Pipeline[ Id: 80412a51-b572-4166-a59c-7f7938b221ae, Nodes: 94a1c681-cec5-47e9-bd86-59396c1e12e6{ip: 192.168.151.106, host: pr-hdds-1569-x2sr2-3486766547, networkLocation: /default-rack, certSerialId: null}, Type:RATIS, Factor:ONE, State:OPEN]
2019-09-25 07:27:34,729 [grpc-default-executor-0] INFO  impl.RaftServerProxy (RaftServerProxy.java:addNew(89)) - 253df5dc-ab25-4be3-9607-c7ead1a3aece: addNew group-BFBACD80169F:[253df5dc-ab25-4be3-9607-c7ead1a3aece:192.168.151.106:34913] returns group-BFBACD80169F:java.util.concurrent.CompletableFuture@1ad30ff[Not completed]
2019-09-25 07:27:34,730 [pool-107-thread-1] INFO  impl.RaftServerImpl (RaftServerImpl.java:<init>(95)) - 253df5dc-ab25-4be3-9607-c7ead1a3aece: new RaftServerImpl for group-BFBACD80169F:[253df5dc-ab25-4be3-9607-c7ead1a3aece:192.168.151.106:34913] with ContainerStateMachine:uninitialized
2019-09-25 07:27:34,731 [pool-107-thread-1] INFO  server.RaftServerConfigKeys (ConfUtils.java:logGet(43)) - raft.server.rpc.timeout.min = 5s (custom)
2019-09-25 07:27:34,731 [pool-107-thread-1] INFO  server.RaftServerConfigKeys (ConfUtils.java:logGet(43)) - raft.server.rpc.timeout.max = 5200ms (custom)
2019-09-25 07:27:34,731 [pool-107-thread-1] INFO  server.RaftServerConfigKeys (ConfUtils.java:logGet(43)) - raft.server.rpcslowness.timeout = 120s (custom)
2019-09-25 07:27:34,731 [pool-107-thread-1] INFO  server.RaftServerConfigKeys (ConfUtils.java:logGet(43)) - raft.server.sleep.deviation.threshold = 300 (default)
2019-09-25 07:27:34,731 [pool-107-thread-1] INFO  server.RaftServerConfigKeys (ConfUtils.java:logGet(43)) - raft.server.log.appender.install.snapshot.enabled = false (custom)
2019-09-25 07:27:34,732 [pool-107-thread-1] INFO  impl.RaftServerImpl (ServerState.java:<init>(103)) - 253df5dc-ab25-4be3-9607-c7ead1a3aece@group-BFBACD80169F: ConfigurationManager, init=-1: [253df5dc-ab25-4be3-9607-c7ead1a3aece:192.168.151.106:34913], old=null, confs=<EMPTY_MAP>
2019-09-25 07:27:34,732 [pool-107-thread-1] INFO  server.RaftServerConfigKeys (ConfUtils.java:logGet(43)) - raft.server.storage.dir = [/workdir/hadoop-ozone/ozonefs/target/test-dir/MiniOzoneClusterImpl-336849c0-54e0-42a2-92e3-a8dd7e6e8d6a/datanode-8/data/ratis] (custom)
2019-09-25 07:27:34,732 [pool-107-thread-1] INFO  storage.RaftStorageDirectory (RaftStorageDirectory.java:analyzeStorage(246)) - The storage directory /workdir/hadoop-ozone/ozonefs/target/test-dir/MiniOzoneClusterImpl-336849c0-54e0-42a2-92e3-a8dd7e6e8d6a/datanode-8/data/ratis/30cc452f-ac15-4b21-af58-bfbacd80169f does not exist. Creating ...
2019-09-25 07:27:34,745 [pool-107-thread-1] INFO  storage.RaftStorageDirectory (RaftStorageDirectory.java:tryLock(328)) - Lock on /workdir/hadoop-ozone/ozonefs/target/test-dir/MiniOzoneClusterImpl-336849c0-54e0-42a2-92e3-a8dd7e6e8d6a/datanode-8/data/ratis/30cc452f-ac15-4b21-af58-bfbacd80169f/in_use.lock acquired by nodename 14720@pr-hdds-1569-x2sr2-3486766547
2019-09-25 07:27:34,760 [pool-107-thread-1] INFO  storage.RaftStorage (RaftStorage.java:format(72)) - Storage directory /workdir/hadoop-ozone/ozonefs/target/test-dir/MiniOzoneClusterImpl-336849c0-54e0-42a2-92e3-a8dd7e6e8d6a/datanode-8/data/ratis/30cc452f-ac15-4b21-af58-bfbacd80169f has been successfully formatted.
2019-09-25 07:27:34,760 [pool-107-thread-1] INFO  ratis.ContainerStateMachine (ContainerStateMachine.java:loadSnapshot(230)) - group-BFBACD80169F: The snapshot info is null. Setting the last applied indexto:(t:0, i:~)
2019-09-25 07:27:34,760 [pool-107-thread-1] INFO  server.RaftServerConfigKeys (ConfUtils.java:logGet(43)) - raft.server.notification.no-leader.timeout = 120s (custom)
2019-09-25 07:27:34,760 [pool-107-thread-1] INFO  server.RaftServerConfigKeys (ConfUtils.java:logGet(43)) - raft.server.log.use.memory = false (default)
2019-09-25 07:27:34,761 [pool-107-thread-1] INFO  server.RaftServerConfigKeys (ConfUtils.java:logGet(43)) - raft.server.log.purge.gap = 1000000 (custom)
2019-09-25 07:27:34,761 [pool-107-thread-1] INFO  server.RaftServerConfigKeys (ConfUtils.java:logGet(43)) - raft.server.log.appender.buffer.byte-limit = 33554432 (custom)
2019-09-25 07:27:34,761 [pool-107-thread-1] INFO  server.RaftServerConfigKeys (ConfUtils.java:logGet(43)) - raft.server.log.segment.size.max = 1048576 (custom)
2019-09-25 07:27:34,761 [pool-107-thread-1] INFO  server.RaftServerConfigKeys (ConfUtils.java:logGet(43)) - raft.server.log.segment.cache.num.max = 2 (custom)
2019-09-25 07:27:34,761 [pool-107-thread-1] INFO  segmented.SegmentedRaftLogWorker (SegmentedRaftLogWorker.java:<init>(172)) - new 253df5dc-ab25-4be3-9607-c7ead1a3aece@group-BFBACD80169F-SegmentedRaftLogWorker for RaftStorage:Storage Directory /workdir/hadoop-ozone/ozonefs/target/test-dir/MiniOzoneClusterImpl-336849c0-54e0-42a2-92e3-a8dd7e6e8d6a/datanode-8/data/ratis/30cc452f-ac15-4b21-af58-bfbacd80169f
2019-09-25 07:27:34,761 [pool-107-thread-1] INFO  server.RaftServerConfigKeys (ConfUtils.java:logGet(43)) - raft.server.log.queue.byte-limit = 2147483647 (custom)
2019-09-25 07:27:34,762 [pool-107-thread-1] INFO  server.RaftServerConfigKeys (ConfUtils.java:logGet(43)) - raft.server.log.queue.element-limit = 1024 (custom)
2019-09-25 07:27:34,762 [pool-107-thread-1] INFO  server.RaftServerConfigKeys (ConfUtils.java:logGet(43)) - raft.server.log.segment.size.max = 1048576 (custom)
2019-09-25 07:27:34,762 [pool-107-thread-1] INFO  server.RaftServerConfigKeys (ConfUtils.java:logGet(43)) - raft.server.log.preallocated.size = 16384 (custom)
2019-09-25 07:27:34,762 [pool-107-thread-1] INFO  server.RaftServerConfigKeys (ConfUtils.java:logGet(43)) - raft.server.log.write.buffer.size = 33554432 (custom)
2019-09-25 07:27:34,762 [pool-107-thread-1] INFO  server.RaftServerConfigKeys (ConfUtils.java:logGet(43)) - raft.server.log.force.sync.num = 128 (default)
2019-09-25 07:27:34,762 [pool-107-thread-1] INFO  server.RaftServerConfigKeys (ConfUtils.java:logGet(43)) - raft.server.log.statemachine.data.sync = true (default)
2019-09-25 07:27:34,762 [pool-107-thread-1] INFO  server.RaftServerConfigKeys (ConfUtils.java:logGet(43)) - raft.server.log.statemachine.data.sync.timeout = 10s (default)
2019-09-25 07:27:34,763 [pool-107-thread-1] INFO  server.RaftServerConfigKeys (ConfUtils.java:logGet(43)) - raft.server.log.statemachine.data.sync.timeout.retry = -1 (default)
2019-09-25 07:27:34,763 [pool-107-thread-1] INFO  server.RaftServerConfigKeys (ConfUtils.java:logGet(43)) - raft.server.log.statemachine.data.caching.enabled = true (custom)
2019-09-25 07:27:34,763 [pool-107-thread-1] INFO  segmented.SegmentedRaftLogWorker (SegmentedRaftLogWorker.java:lambda$new$0(132)) - 253df5dc-ab25-4be3-9607-c7ead1a3aece@group-BFBACD80169F-SegmentedRaftLogWorker: flushIndex: setUnconditionally 0 -> -1
2019-09-25 07:27:34,764 [pool-107-thread-1] INFO  server.RaftServerConfigKeys (ConfUtils.java:logGet(43)) - raft.server.snapshot.auto.trigger.enabled = true (custom)
2019-09-25 07:27:34,764 [pool-107-thread-1] INFO  server.RaftServerConfigKeys (ConfUtils.java:logGet(43)) - raft.server.snapshot.auto.trigger.threshold = 10000 (custom)
2019-09-25 07:27:34,764 [pool-107-thread-1] INFO  server.RaftServerConfigKeys (ConfUtils.java:logGet(43)) - raft.server.snapshot.retention.num.files = 5 (custom)
2019-09-25 07:27:34,764 [pool-107-thread-1] INFO  server.RaftServerConfigKeys (ConfUtils.java:logGet(43)) - raft.server.retrycache.expirytime = 600000ms (custom)
2019-09-25 07:27:34,768 [pool-107-thread-1] INFO  impl.RaftServerImpl (RaftServerImpl.java:start(185)) - 253df5dc-ab25-4be3-9607-c7ead1a3aece@group-BFBACD80169F: start as a follower, conf=-1: [253df5dc-ab25-4be3-9607-c7ead1a3aece:192.168.151.106:34913], old=null
2019-09-25 07:27:34,768 [pool-107-thread-1] INFO  impl.RaftServerImpl (RaftServerImpl.java:setRole(174)) - 253df5dc-ab25-4be3-9607-c7ead1a3aece@group-BFBACD80169F: changes role from      null to FOLLOWER at term 0 for startAsFollower
2019-09-25 07:27:34,768 [pool-107-thread-1] INFO  impl.RoleInfo (RoleInfo.java:updateAndGet(143)) - 253df5dc-ab25-4be3-9607-c7ead1a3aece: start FollowerState
2019-09-25 07:27:34,768 [pool-107-thread-1] INFO  util.JmxRegister (JmxRegister.java:tryRegister(44)) - Successfully registered JMX Bean with object name Ratis:service=RaftServer,group=group-BFBACD80169F,id=253df5dc-ab25-4be3-9607-c7ead1a3aece
2019-09-25 07:27:34,785 [RatisPipelineUtilsThread] INFO  pipeline.PipelineStateManager (PipelineStateManager.java:addPipeline(56)) - Created pipeline Pipeline[ Id: 30cc452f-ac15-4b21-af58-bfbacd80169f, Nodes: 253df5dc-ab25-4be3-9607-c7ead1a3aece{ip: 192.168.151.106, host: pr-hdds-1569-x2sr2-3486766547, networkLocation: /default-rack, certSerialId: null}, Type:RATIS, Factor:ONE, State:OPEN]
2019-09-25 07:27:34,804 [grpc-default-executor-0] INFO  impl.RaftServerProxy (RaftServerProxy.java:addNew(89)) - 50e45688-d85c-45e8-a8ba-136a1a73e30a: addNew group-B9507611216D:[50e45688-d85c-45e8-a8ba-136a1a73e30a:192.168.151.106:37283] returns group-B9507611216D:java.util.concurrent.CompletableFuture@74d90700[Not completed]
2019-09-25 07:27:34,810 [pool-57-thread-1] INFO  impl.RaftServerImpl (RaftServerImpl.java:<init>(95)) - 50e45688-d85c-45e8-a8ba-136a1a73e30a: new RaftServerImpl for group-B9507611216D:[50e45688-d85c-45e8-a8ba-136a1a73e30a:192.168.151.106:37283] with ContainerStateMachine:uninitialized
2019-09-25 07:27:34,810 [pool-57-thread-1] INFO  server.RaftServerConfigKeys (ConfUtils.java:logGet(43)) - raft.server.rpc.timeout.min = 5s (custom)
2019-09-25 07:27:34,810 [pool-57-thread-1] INFO  server.RaftServerConfigKeys (ConfUtils.java:logGet(43)) - raft.server.rpc.timeout.max = 5200ms (custom)
2019-09-25 07:27:34,811 [pool-57-thread-1] INFO  server.RaftServerConfigKeys (ConfUtils.java:logGet(43)) - raft.server.rpcslowness.timeout = 120s (custom)
2019-09-25 07:27:34,811 [pool-57-thread-1] INFO  server.RaftServerConfigKeys (ConfUtils.java:logGet(43)) - raft.server.sleep.deviation.threshold = 300 (default)
2019-09-25 07:27:34,811 [pool-57-thread-1] INFO  server.RaftServerConfigKeys (ConfUtils.java:logGet(43)) - raft.server.log.appender.install.snapshot.enabled = false (custom)
2019-09-25 07:27:34,811 [pool-57-thread-1] INFO  impl.RaftServerImpl (ServerState.java:<init>(103)) - 50e45688-d85c-45e8-a8ba-136a1a73e30a@group-B9507611216D: ConfigurationManager, init=-1: [50e45688-d85c-45e8-a8ba-136a1a73e30a:192.168.151.106:37283], old=null, confs=<EMPTY_MAP>
2019-09-25 07:27:34,811 [pool-57-thread-1] INFO  server.RaftServerConfigKeys (ConfUtils.java:logGet(43)) - raft.server.storage.dir = [/workdir/hadoop-ozone/ozonefs/target/test-dir/MiniOzoneClusterImpl-336849c0-54e0-42a2-92e3-a8dd7e6e8d6a/datanode-3/data/ratis] (custom)
2019-09-25 07:27:34,812 [pool-57-thread-1] INFO  storage.RaftStorageDirectory (RaftStorageDirectory.java:analyzeStorage(246)) - The storage directory /workdir/hadoop-ozone/ozonefs/target/test-dir/MiniOzoneClusterImpl-336849c0-54e0-42a2-92e3-a8dd7e6e8d6a/datanode-3/data/ratis/ead7805e-bd61-4b5d-b690-b9507611216d does not exist. Creating ...
2019-09-25 07:27:34,834 [pool-57-thread-1] INFO  storage.RaftStorageDirectory (RaftStorageDirectory.java:tryLock(328)) - Lock on /workdir/hadoop-ozone/ozonefs/target/test-dir/MiniOzoneClusterImpl-336849c0-54e0-42a2-92e3-a8dd7e6e8d6a/datanode-3/data/ratis/ead7805e-bd61-4b5d-b690-b9507611216d/in_use.lock acquired by nodename 14720@pr-hdds-1569-x2sr2-3486766547
2019-09-25 07:27:34,858 [pool-57-thread-1] INFO  storage.RaftStorage (RaftStorage.java:format(72)) - Storage directory /workdir/hadoop-ozone/ozonefs/target/test-dir/MiniOzoneClusterImpl-336849c0-54e0-42a2-92e3-a8dd7e6e8d6a/datanode-3/data/ratis/ead7805e-bd61-4b5d-b690-b9507611216d has been successfully formatted.
2019-09-25 07:27:34,859 [pool-57-thread-1] INFO  ratis.ContainerStateMachine (ContainerStateMachine.java:loadSnapshot(230)) - group-B9507611216D: The snapshot info is null. Setting the last applied indexto:(t:0, i:~)
2019-09-25 07:27:34,859 [pool-57-thread-1] INFO  server.RaftServerConfigKeys (ConfUtils.java:logGet(43)) - raft.server.notification.no-leader.timeout = 120s (custom)
2019-09-25 07:27:34,859 [pool-57-thread-1] INFO  server.RaftServerConfigKeys (ConfUtils.java:logGet(43)) - raft.server.log.use.memory = false (default)
2019-09-25 07:27:34,859 [pool-57-thread-1] INFO  server.RaftServerConfigKeys (ConfUtils.java:logGet(43)) - raft.server.log.purge.gap = 1000000 (custom)
2019-09-25 07:27:34,859 [pool-57-thread-1] INFO  server.RaftServerConfigKeys (ConfUtils.java:logGet(43)) - raft.server.log.appender.buffer.byte-limit = 33554432 (custom)
2019-09-25 07:27:34,859 [pool-57-thread-1] INFO  server.RaftServerConfigKeys (ConfUtils.java:logGet(43)) - raft.server.log.segment.size.max = 1048576 (custom)
2019-09-25 07:27:34,860 [pool-57-thread-1] INFO  server.RaftServerConfigKeys (ConfUtils.java:logGet(43)) - raft.server.log.segment.cache.num.max = 2 (custom)
2019-09-25 07:27:34,860 [pool-57-thread-1] INFO  segmented.SegmentedRaftLogWorker (SegmentedRaftLogWorker.java:<init>(172)) - new 50e45688-d85c-45e8-a8ba-136a1a73e30a@group-B9507611216D-SegmentedRaftLogWorker for RaftStorage:Storage Directory /workdir/hadoop-ozone/ozonefs/target/test-dir/MiniOzoneClusterImpl-336849c0-54e0-42a2-92e3-a8dd7e6e8d6a/datanode-3/data/ratis/ead7805e-bd61-4b5d-b690-b9507611216d
2019-09-25 07:27:34,862 [pool-57-thread-1] INFO  server.RaftServerConfigKeys (ConfUtils.java:logGet(43)) - raft.server.log.queue.byte-limit = 2147483647 (custom)
2019-09-25 07:27:34,862 [pool-57-thread-1] INFO  server.RaftServerConfigKeys (ConfUtils.java:logGet(43)) - raft.server.log.queue.element-limit = 1024 (custom)
2019-09-25 07:27:34,862 [pool-57-thread-1] INFO  server.RaftServerConfigKeys (ConfUtils.java:logGet(43)) - raft.server.log.segment.size.max = 1048576 (custom)
2019-09-25 07:27:34,863 [pool-57-thread-1] INFO  server.RaftServerConfigKeys (ConfUtils.java:logGet(43)) - raft.server.log.preallocated.size = 16384 (custom)
2019-09-25 07:27:34,863 [pool-57-thread-1] INFO  server.RaftServerConfigKeys (ConfUtils.java:logGet(43)) - raft.server.log.write.buffer.size = 33554432 (custom)
2019-09-25 07:27:34,863 [pool-57-thread-1] INFO  server.RaftServerConfigKeys (ConfUtils.java:logGet(43)) - raft.server.log.force.sync.num = 128 (default)
2019-09-25 07:27:34,863 [pool-57-thread-1] INFO  server.RaftServerConfigKeys (ConfUtils.java:logGet(43)) - raft.server.log.statemachine.data.sync = true (default)
2019-09-25 07:27:34,863 [pool-57-thread-1] INFO  server.RaftServerConfigKeys (ConfUtils.java:logGet(43)) - raft.server.log.statemachine.data.sync.timeout = 10s (default)
2019-09-25 07:27:34,863 [pool-57-thread-1] INFO  server.RaftServerConfigKeys (ConfUtils.java:logGet(43)) - raft.server.log.statemachine.data.sync.timeout.retry = -1 (default)
2019-09-25 07:27:34,864 [pool-57-thread-1] INFO  server.RaftServerConfigKeys (ConfUtils.java:logGet(43)) - raft.server.log.statemachine.data.caching.enabled = true (custom)
2019-09-25 07:27:34,864 [pool-57-thread-1] INFO  segmented.SegmentedRaftLogWorker (SegmentedRaftLogWorker.java:lambda$new$0(132)) - 50e45688-d85c-45e8-a8ba-136a1a73e30a@group-B9507611216D-SegmentedRaftLogWorker: flushIndex: setUnconditionally 0 -> -1
2019-09-25 07:27:34,864 [pool-57-thread-1] INFO  server.RaftServerConfigKeys (ConfUtils.java:logGet(43)) - raft.server.snapshot.auto.trigger.enabled = true (custom)
2019-09-25 07:27:34,865 [pool-57-thread-1] INFO  server.RaftServerConfigKeys (ConfUtils.java:logGet(43)) - raft.server.snapshot.auto.trigger.threshold = 10000 (custom)
2019-09-25 07:27:34,865 [pool-57-thread-1] INFO  server.RaftServerConfigKeys (ConfUtils.java:logGet(43)) - raft.server.snapshot.retention.num.files = 5 (custom)
2019-09-25 07:27:34,865 [pool-57-thread-1] INFO  server.RaftServerConfigKeys (ConfUtils.java:logGet(43)) - raft.server.retrycache.expirytime = 600000ms (custom)
2019-09-25 07:27:34,868 [pool-57-thread-1] INFO  impl.RaftServerImpl (RaftServerImpl.java:start(185)) - 50e45688-d85c-45e8-a8ba-136a1a73e30a@group-B9507611216D: start as a follower, conf=-1: [50e45688-d85c-45e8-a8ba-136a1a73e30a:192.168.151.106:37283], old=null
2019-09-25 07:27:34,868 [pool-57-thread-1] INFO  impl.RaftServerImpl (RaftServerImpl.java:setRole(174)) - 50e45688-d85c-45e8-a8ba-136a1a73e30a@group-B9507611216D: changes role from      null to FOLLOWER at term 0 for startAsFollower
2019-09-25 07:27:34,868 [pool-57-thread-1] INFO  impl.RoleInfo (RoleInfo.java:updateAndGet(143)) - 50e45688-d85c-45e8-a8ba-136a1a73e30a: start FollowerState
2019-09-25 07:27:34,868 [pool-57-thread-1] INFO  util.JmxRegister (JmxRegister.java:tryRegister(44)) - Successfully registered JMX Bean with object name Ratis:service=RaftServer,group=group-B9507611216D,id=50e45688-d85c-45e8-a8ba-136a1a73e30a
2019-09-25 07:27:34,887 [RatisPipelineUtilsThread] INFO  pipeline.PipelineStateManager (PipelineStateManager.java:addPipeline(56)) - Created pipeline Pipeline[ Id: ead7805e-bd61-4b5d-b690-b9507611216d, Nodes: 50e45688-d85c-45e8-a8ba-136a1a73e30a{ip: 192.168.151.106, host: pr-hdds-1569-x2sr2-3486766547, networkLocation: /default-rack, certSerialId: null}, Type:RATIS, Factor:ONE, State:OPEN]
2019-09-25 07:27:34,912 [grpc-default-executor-0] INFO  impl.RaftServerProxy (RaftServerProxy.java:addNew(89)) - 253df5dc-ab25-4be3-9607-c7ead1a3aece: addNew group-D875D2832EDA:[253df5dc-ab25-4be3-9607-c7ead1a3aece:192.168.151.106:34913] returns group-D875D2832EDA:java.util.concurrent.CompletableFuture@a22d627[Not completed]
2019-09-25 07:27:34,915 [pool-107-thread-1] INFO  impl.RaftServerImpl (RaftServerImpl.java:<init>(95)) - 253df5dc-ab25-4be3-9607-c7ead1a3aece: new RaftServerImpl for group-D875D2832EDA:[253df5dc-ab25-4be3-9607-c7ead1a3aece:192.168.151.106:34913] with ContainerStateMachine:uninitialized
2019-09-25 07:27:34,915 [pool-107-thread-1] INFO  server.RaftServerConfigKeys (ConfUtils.java:logGet(43)) - raft.server.rpc.timeout.min = 5s (custom)
2019-09-25 07:27:34,915 [pool-107-thread-1] INFO  server.RaftServerConfigKeys (ConfUtils.java:logGet(43)) - raft.server.rpc.timeout.max = 5200ms (custom)
2019-09-25 07:27:34,915 [pool-107-thread-1] INFO  server.RaftServerConfigKeys (ConfUtils.java:logGet(43)) - raft.server.rpcslowness.timeout = 120s (custom)
2019-09-25 07:27:34,916 [pool-107-thread-1] INFO  server.RaftServerConfigKeys (ConfUtils.java:logGet(43)) - raft.server.sleep.deviation.threshold = 300 (default)
2019-09-25 07:27:34,916 [pool-107-thread-1] INFO  server.RaftServerConfigKeys (ConfUtils.java:logGet(43)) - raft.server.log.appender.install.snapshot.enabled = false (custom)
2019-09-25 07:27:34,916 [pool-107-thread-1] INFO  impl.RaftServerImpl (ServerState.java:<init>(103)) - 253df5dc-ab25-4be3-9607-c7ead1a3aece@group-D875D2832EDA: ConfigurationManager, init=-1: [253df5dc-ab25-4be3-9607-c7ead1a3aece:192.168.151.106:34913], old=null, confs=<EMPTY_MAP>
2019-09-25 07:27:34,916 [pool-107-thread-1] INFO  server.RaftServerConfigKeys (ConfUtils.java:logGet(43)) - raft.server.storage.dir = [/workdir/hadoop-ozone/ozonefs/target/test-dir/MiniOzoneClusterImpl-336849c0-54e0-42a2-92e3-a8dd7e6e8d6a/datanode-8/data/ratis] (custom)
2019-09-25 07:27:34,917 [pool-107-thread-1] INFO  storage.RaftStorageDirectory (RaftStorageDirectory.java:analyzeStorage(246)) - The storage directory /workdir/hadoop-ozone/ozonefs/target/test-dir/MiniOzoneClusterImpl-336849c0-54e0-42a2-92e3-a8dd7e6e8d6a/datanode-8/data/ratis/d16bf617-4e6a-4d73-83d3-d875d2832eda does not exist. Creating ...
2019-09-25 07:27:34,931 [pool-107-thread-1] INFO  storage.RaftStorageDirectory (RaftStorageDirectory.java:tryLock(328)) - Lock on /workdir/hadoop-ozone/ozonefs/target/test-dir/MiniOzoneClusterImpl-336849c0-54e0-42a2-92e3-a8dd7e6e8d6a/datanode-8/data/ratis/d16bf617-4e6a-4d73-83d3-d875d2832eda/in_use.lock acquired by nodename 14720@pr-hdds-1569-x2sr2-3486766547
2019-09-25 07:27:34,944 [pool-107-thread-1] INFO  storage.RaftStorage (RaftStorage.java:format(72)) - Storage directory /workdir/hadoop-ozone/ozonefs/target/test-dir/MiniOzoneClusterImpl-336849c0-54e0-42a2-92e3-a8dd7e6e8d6a/datanode-8/data/ratis/d16bf617-4e6a-4d73-83d3-d875d2832eda has been successfully formatted.
2019-09-25 07:27:34,944 [pool-107-thread-1] INFO  ratis.ContainerStateMachine (ContainerStateMachine.java:loadSnapshot(230)) - group-D875D2832EDA: The snapshot info is null. Setting the last applied indexto:(t:0, i:~)
2019-09-25 07:27:34,944 [pool-107-thread-1] INFO  server.RaftServerConfigKeys (ConfUtils.java:logGet(43)) - raft.server.notification.no-leader.timeout = 120s (custom)
2019-09-25 07:27:34,944 [pool-107-thread-1] INFO  server.RaftServerConfigKeys (ConfUtils.java:logGet(43)) - raft.server.log.use.memory = false (default)
2019-09-25 07:27:34,945 [pool-107-thread-1] INFO  server.RaftServerConfigKeys (ConfUtils.java:logGet(43)) - raft.server.log.purge.gap = 1000000 (custom)
2019-09-25 07:27:34,945 [pool-107-thread-1] INFO  server.RaftServerConfigKeys (ConfUtils.java:logGet(43)) - raft.server.log.appender.buffer.byte-limit = 33554432 (custom)
2019-09-25 07:27:34,945 [pool-107-thread-1] INFO  server.RaftServerConfigKeys (ConfUtils.java:logGet(43)) - raft.server.log.segment.size.max = 1048576 (custom)
2019-09-25 07:27:34,945 [pool-107-thread-1] INFO  server.RaftServerConfigKeys (ConfUtils.java:logGet(43)) - raft.server.log.segment.cache.num.max = 2 (custom)
2019-09-25 07:27:34,945 [pool-107-thread-1] INFO  segmented.SegmentedRaftLogWorker (SegmentedRaftLogWorker.java:<init>(172)) - new 253df5dc-ab25-4be3-9607-c7ead1a3aece@group-D875D2832EDA-SegmentedRaftLogWorker for RaftStorage:Storage Directory /workdir/hadoop-ozone/ozonefs/target/test-dir/MiniOzoneClusterImpl-336849c0-54e0-42a2-92e3-a8dd7e6e8d6a/datanode-8/data/ratis/d16bf617-4e6a-4d73-83d3-d875d2832eda
2019-09-25 07:27:34,945 [pool-107-thread-1] INFO  server.RaftServerConfigKeys (ConfUtils.java:logGet(43)) - raft.server.log.queue.byte-limit = 2147483647 (custom)
2019-09-25 07:27:34,946 [pool-107-thread-1] INFO  server.RaftServerConfigKeys (ConfUtils.java:logGet(43)) - raft.server.log.queue.element-limit = 1024 (custom)
2019-09-25 07:27:34,946 [pool-107-thread-1] INFO  server.RaftServerConfigKeys (ConfUtils.java:logGet(43)) - raft.server.log.segment.size.max = 1048576 (custom)
2019-09-25 07:27:34,946 [pool-107-thread-1] INFO  server.RaftServerConfigKeys (ConfUtils.java:logGet(43)) - raft.server.log.preallocated.size = 16384 (custom)
2019-09-25 07:27:34,946 [pool-107-thread-1] INFO  server.RaftServerConfigKeys (ConfUtils.java:logGet(43)) - raft.server.log.write.buffer.size = 33554432 (custom)
2019-09-25 07:27:34,946 [pool-107-thread-1] INFO  server.RaftServerConfigKeys (ConfUtils.java:logGet(43)) - raft.server.log.force.sync.num = 128 (default)
2019-09-25 07:27:34,946 [pool-107-thread-1] INFO  server.RaftServerConfigKeys (ConfUtils.java:logGet(43)) - raft.server.log.statemachine.data.sync = true (default)
2019-09-25 07:27:34,946 [pool-107-thread-1] INFO  server.RaftServerConfigKeys (ConfUtils.java:logGet(43)) - raft.server.log.statemachine.data.sync.timeout = 10s (default)
2019-09-25 07:27:34,947 [pool-107-thread-1] INFO  server.RaftServerConfigKeys (ConfUtils.java:logGet(43)) - raft.server.log.statemachine.data.sync.timeout.retry = -1 (default)
2019-09-25 07:27:34,947 [pool-107-thread-1] INFO  server.RaftServerConfigKeys (ConfUtils.java:logGet(43)) - raft.server.log.statemachine.data.caching.enabled = true (custom)
2019-09-25 07:27:34,947 [pool-107-thread-1] INFO  segmented.SegmentedRaftLogWorker (SegmentedRaftLogWorker.java:lambda$new$0(132)) - 253df5dc-ab25-4be3-9607-c7ead1a3aece@group-D875D2832EDA-SegmentedRaftLogWorker: flushIndex: setUnconditionally 0 -> -1
2019-09-25 07:27:34,948 [pool-107-thread-1] INFO  server.RaftServerConfigKeys (ConfUtils.java:logGet(43)) - raft.server.snapshot.auto.trigger.enabled = true (custom)
2019-09-25 07:27:34,948 [pool-107-thread-1] INFO  server.RaftServerConfigKeys (ConfUtils.java:logGet(43)) - raft.server.snapshot.auto.trigger.threshold = 10000 (custom)
2019-09-25 07:27:34,948 [pool-107-thread-1] INFO  server.RaftServerConfigKeys (ConfUtils.java:logGet(43)) - raft.server.snapshot.retention.num.files = 5 (custom)
2019-09-25 07:27:34,948 [pool-107-thread-1] INFO  server.RaftServerConfigKeys (ConfUtils.java:logGet(43)) - raft.server.retrycache.expirytime = 600000ms (custom)
2019-09-25 07:27:34,951 [pool-107-thread-1] INFO  impl.RaftServerImpl (RaftServerImpl.java:start(185)) - 253df5dc-ab25-4be3-9607-c7ead1a3aece@group-D875D2832EDA: start as a follower, conf=-1: [253df5dc-ab25-4be3-9607-c7ead1a3aece:192.168.151.106:34913], old=null
2019-09-25 07:27:34,951 [pool-107-thread-1] INFO  impl.RaftServerImpl (RaftServerImpl.java:setRole(174)) - 253df5dc-ab25-4be3-9607-c7ead1a3aece@group-D875D2832EDA: changes role from      null to FOLLOWER at term 0 for startAsFollower
2019-09-25 07:27:34,951 [pool-107-thread-1] INFO  impl.RoleInfo (RoleInfo.java:updateAndGet(143)) - 253df5dc-ab25-4be3-9607-c7ead1a3aece: start FollowerState
2019-09-25 07:27:34,952 [pool-107-thread-1] INFO  util.JmxRegister (JmxRegister.java:tryRegister(44)) - Successfully registered JMX Bean with object name Ratis:service=RaftServer,group=group-D875D2832EDA,id=253df5dc-ab25-4be3-9607-c7ead1a3aece
2019-09-25 07:27:34,965 [RatisPipelineUtilsThread] INFO  pipeline.PipelineStateManager (PipelineStateManager.java:addPipeline(56)) - Created pipeline Pipeline[ Id: d16bf617-4e6a-4d73-83d3-d875d2832eda, Nodes: 253df5dc-ab25-4be3-9607-c7ead1a3aece{ip: 192.168.151.106, host: pr-hdds-1569-x2sr2-3486766547, networkLocation: /default-rack, certSerialId: null}, Type:RATIS, Factor:ONE, State:OPEN]
2019-09-25 07:27:34,980 [grpc-default-executor-0] INFO  impl.RaftServerProxy (RaftServerProxy.java:addNew(89)) - 600943d5-c424-432f-84b9-a00c1c65f122: addNew group-0A2509AC6D9A:[600943d5-c424-432f-84b9-a00c1c65f122:192.168.151.106:33383] returns group-0A2509AC6D9A:java.util.concurrent.CompletableFuture@47d97943[Not completed]
2019-09-25 07:27:34,986 [pool-87-thread-1] INFO  impl.RaftServerImpl (RaftServerImpl.java:<init>(95)) - 600943d5-c424-432f-84b9-a00c1c65f122: new RaftServerImpl for group-0A2509AC6D9A:[600943d5-c424-432f-84b9-a00c1c65f122:192.168.151.106:33383] with ContainerStateMachine:uninitialized
2019-09-25 07:27:34,989 [pool-87-thread-1] INFO  server.RaftServerConfigKeys (ConfUtils.java:logGet(43)) - raft.server.rpc.timeout.min = 5s (custom)
2019-09-25 07:27:34,989 [pool-87-thread-1] INFO  server.RaftServerConfigKeys (ConfUtils.java:logGet(43)) - raft.server.rpc.timeout.max = 5200ms (custom)
2019-09-25 07:27:34,989 [pool-87-thread-1] INFO  server.RaftServerConfigKeys (ConfUtils.java:logGet(43)) - raft.server.rpcslowness.timeout = 120s (custom)
2019-09-25 07:27:34,989 [pool-87-thread-1] INFO  server.RaftServerConfigKeys (ConfUtils.java:logGet(43)) - raft.server.sleep.deviation.threshold = 300 (default)
2019-09-25 07:27:34,989 [pool-87-thread-1] INFO  server.RaftServerConfigKeys (ConfUtils.java:logGet(43)) - raft.server.log.appender.install.snapshot.enabled = false (custom)
2019-09-25 07:27:34,990 [pool-87-thread-1] INFO  impl.RaftServerImpl (ServerState.java:<init>(103)) - 600943d5-c424-432f-84b9-a00c1c65f122@group-0A2509AC6D9A: ConfigurationManager, init=-1: [600943d5-c424-432f-84b9-a00c1c65f122:192.168.151.106:33383], old=null, confs=<EMPTY_MAP>
2019-09-25 07:27:34,990 [pool-87-thread-1] INFO  server.RaftServerConfigKeys (ConfUtils.java:logGet(43)) - raft.server.storage.dir = [/workdir/hadoop-ozone/ozonefs/target/test-dir/MiniOzoneClusterImpl-336849c0-54e0-42a2-92e3-a8dd7e6e8d6a/datanode-6/data/ratis] (custom)
2019-09-25 07:27:34,990 [pool-87-thread-1] INFO  storage.RaftStorageDirectory (RaftStorageDirectory.java:analyzeStorage(246)) - The storage directory /workdir/hadoop-ozone/ozonefs/target/test-dir/MiniOzoneClusterImpl-336849c0-54e0-42a2-92e3-a8dd7e6e8d6a/datanode-6/data/ratis/4959f4c6-f957-414b-ba25-0a2509ac6d9a does not exist. Creating ...
2019-09-25 07:27:35,014 [pool-87-thread-1] INFO  storage.RaftStorageDirectory (RaftStorageDirectory.java:tryLock(328)) - Lock on /workdir/hadoop-ozone/ozonefs/target/test-dir/MiniOzoneClusterImpl-336849c0-54e0-42a2-92e3-a8dd7e6e8d6a/datanode-6/data/ratis/4959f4c6-f957-414b-ba25-0a2509ac6d9a/in_use.lock acquired by nodename 14720@pr-hdds-1569-x2sr2-3486766547
2019-09-25 07:27:35,038 [pool-87-thread-1] INFO  storage.RaftStorage (RaftStorage.java:format(72)) - Storage directory /workdir/hadoop-ozone/ozonefs/target/test-dir/MiniOzoneClusterImpl-336849c0-54e0-42a2-92e3-a8dd7e6e8d6a/datanode-6/data/ratis/4959f4c6-f957-414b-ba25-0a2509ac6d9a has been successfully formatted.
2019-09-25 07:27:35,039 [pool-87-thread-1] INFO  ratis.ContainerStateMachine (ContainerStateMachine.java:loadSnapshot(230)) - group-0A2509AC6D9A: The snapshot info is null. Setting the last applied indexto:(t:0, i:~)
2019-09-25 07:27:35,039 [pool-87-thread-1] INFO  server.RaftServerConfigKeys (ConfUtils.java:logGet(43)) - raft.server.notification.no-leader.timeout = 120s (custom)
2019-09-25 07:27:35,039 [pool-87-thread-1] INFO  server.RaftServerConfigKeys (ConfUtils.java:logGet(43)) - raft.server.log.use.memory = false (default)
2019-09-25 07:27:35,039 [pool-87-thread-1] INFO  server.RaftServerConfigKeys (ConfUtils.java:logGet(43)) - raft.server.log.purge.gap = 1000000 (custom)
2019-09-25 07:27:35,039 [pool-87-thread-1] INFO  server.RaftServerConfigKeys (ConfUtils.java:logGet(43)) - raft.server.log.appender.buffer.byte-limit = 33554432 (custom)
2019-09-25 07:27:35,039 [pool-87-thread-1] INFO  server.RaftServerConfigKeys (ConfUtils.java:logGet(43)) - raft.server.log.segment.size.max = 1048576 (custom)
2019-09-25 07:27:35,040 [pool-87-thread-1] INFO  server.RaftServerConfigKeys (ConfUtils.java:logGet(43)) - raft.server.log.segment.cache.num.max = 2 (custom)
2019-09-25 07:27:35,040 [pool-87-thread-1] INFO  segmented.SegmentedRaftLogWorker (SegmentedRaftLogWorker.java:<init>(172)) - new 600943d5-c424-432f-84b9-a00c1c65f122@group-0A2509AC6D9A-SegmentedRaftLogWorker for RaftStorage:Storage Directory /workdir/hadoop-ozone/ozonefs/target/test-dir/MiniOzoneClusterImpl-336849c0-54e0-42a2-92e3-a8dd7e6e8d6a/datanode-6/data/ratis/4959f4c6-f957-414b-ba25-0a2509ac6d9a
2019-09-25 07:27:35,043 [pool-87-thread-1] INFO  server.RaftServerConfigKeys (ConfUtils.java:logGet(43)) - raft.server.log.queue.byte-limit = 2147483647 (custom)
2019-09-25 07:27:35,043 [pool-87-thread-1] INFO  server.RaftServerConfigKeys (ConfUtils.java:logGet(43)) - raft.server.log.queue.element-limit = 1024 (custom)
2019-09-25 07:27:35,043 [pool-87-thread-1] INFO  server.RaftServerConfigKeys (ConfUtils.java:logGet(43)) - raft.server.log.segment.size.max = 1048576 (custom)
2019-09-25 07:27:35,043 [pool-87-thread-1] INFO  server.RaftServerConfigKeys (ConfUtils.java:logGet(43)) - raft.server.log.preallocated.size = 16384 (custom)
2019-09-25 07:27:35,043 [pool-87-thread-1] INFO  server.RaftServerConfigKeys (ConfUtils.java:logGet(43)) - raft.server.log.write.buffer.size = 33554432 (custom)
2019-09-25 07:27:35,044 [pool-87-thread-1] INFO  server.RaftServerConfigKeys (ConfUtils.java:logGet(43)) - raft.server.log.force.sync.num = 128 (default)
2019-09-25 07:27:35,044 [pool-87-thread-1] INFO  server.RaftServerConfigKeys (ConfUtils.java:logGet(43)) - raft.server.log.statemachine.data.sync = true (default)
2019-09-25 07:27:35,044 [pool-87-thread-1] INFO  server.RaftServerConfigKeys (ConfUtils.java:logGet(43)) - raft.server.log.statemachine.data.sync.timeout = 10s (default)
2019-09-25 07:27:35,044 [pool-87-thread-1] INFO  server.RaftServerConfigKeys (ConfUtils.java:logGet(43)) - raft.server.log.statemachine.data.sync.timeout.retry = -1 (default)
2019-09-25 07:27:35,044 [pool-87-thread-1] INFO  server.RaftServerConfigKeys (ConfUtils.java:logGet(43)) - raft.server.log.statemachine.data.caching.enabled = true (custom)
2019-09-25 07:27:35,045 [pool-87-thread-1] INFO  segmented.SegmentedRaftLogWorker (SegmentedRaftLogWorker.java:lambda$new$0(132)) - 600943d5-c424-432f-84b9-a00c1c65f122@group-0A2509AC6D9A-SegmentedRaftLogWorker: flushIndex: setUnconditionally 0 -> -1
2019-09-25 07:27:35,045 [pool-87-thread-1] INFO  server.RaftServerConfigKeys (ConfUtils.java:logGet(43)) - raft.server.snapshot.auto.trigger.enabled = true (custom)
2019-09-25 07:27:35,045 [pool-87-thread-1] INFO  server.RaftServerConfigKeys (ConfUtils.java:logGet(43)) - raft.server.snapshot.auto.trigger.threshold = 10000 (custom)
2019-09-25 07:27:35,045 [pool-87-thread-1] INFO  server.RaftServerConfigKeys (ConfUtils.java:logGet(43)) - raft.server.snapshot.retention.num.files = 5 (custom)
2019-09-25 07:27:35,046 [pool-87-thread-1] INFO  server.RaftServerConfigKeys (ConfUtils.java:logGet(43)) - raft.server.retrycache.expirytime = 600000ms (custom)
2019-09-25 07:27:35,048 [pool-87-thread-1] INFO  impl.RaftServerImpl (RaftServerImpl.java:start(185)) - 600943d5-c424-432f-84b9-a00c1c65f122@group-0A2509AC6D9A: start as a follower, conf=-1: [600943d5-c424-432f-84b9-a00c1c65f122:192.168.151.106:33383], old=null
2019-09-25 07:27:35,048 [pool-87-thread-1] INFO  impl.RaftServerImpl (RaftServerImpl.java:setRole(174)) - 600943d5-c424-432f-84b9-a00c1c65f122@group-0A2509AC6D9A: changes role from      null to FOLLOWER at term 0 for startAsFollower
2019-09-25 07:27:35,049 [pool-87-thread-1] INFO  impl.RoleInfo (RoleInfo.java:updateAndGet(143)) - 600943d5-c424-432f-84b9-a00c1c65f122: start FollowerState
2019-09-25 07:27:35,049 [pool-87-thread-1] INFO  util.JmxRegister (JmxRegister.java:tryRegister(44)) - Successfully registered JMX Bean with object name Ratis:service=RaftServer,group=group-0A2509AC6D9A,id=600943d5-c424-432f-84b9-a00c1c65f122
2019-09-25 07:27:35,063 [RatisPipelineUtilsThread] INFO  pipeline.PipelineStateManager (PipelineStateManager.java:addPipeline(56)) - Created pipeline Pipeline[ Id: 4959f4c6-f957-414b-ba25-0a2509ac6d9a, Nodes: 600943d5-c424-432f-84b9-a00c1c65f122{ip: 192.168.151.106, host: pr-hdds-1569-x2sr2-3486766547, networkLocation: /default-rack, certSerialId: null}, Type:RATIS, Factor:ONE, State:OPEN]
2019-09-25 07:27:35,078 [grpc-default-executor-0] INFO  impl.RaftServerProxy (RaftServerProxy.java:addNew(89)) - 9cc18591-be2f-448e-af7e-d5f4fba8f5f7: addNew group-6BDAEA0EFC0C:[9cc18591-be2f-448e-af7e-d5f4fba8f5f7:192.168.151.106:36443] returns group-6BDAEA0EFC0C:java.util.concurrent.CompletableFuture@694a2cf6[Not completed]
2019-09-25 07:27:35,080 [pool-37-thread-1] INFO  impl.RaftServerImpl (RaftServerImpl.java:<init>(95)) - 9cc18591-be2f-448e-af7e-d5f4fba8f5f7: new RaftServerImpl for group-6BDAEA0EFC0C:[9cc18591-be2f-448e-af7e-d5f4fba8f5f7:192.168.151.106:36443] with ContainerStateMachine:uninitialized
2019-09-25 07:27:35,080 [pool-37-thread-1] INFO  server.RaftServerConfigKeys (ConfUtils.java:logGet(43)) - raft.server.rpc.timeout.min = 5s (custom)
2019-09-25 07:27:35,080 [pool-37-thread-1] INFO  server.RaftServerConfigKeys (ConfUtils.java:logGet(43)) - raft.server.rpc.timeout.max = 5200ms (custom)
2019-09-25 07:27:35,080 [pool-37-thread-1] INFO  server.RaftServerConfigKeys (ConfUtils.java:logGet(43)) - raft.server.rpcslowness.timeout = 120s (custom)
2019-09-25 07:27:35,080 [pool-37-thread-1] INFO  server.RaftServerConfigKeys (ConfUtils.java:logGet(43)) - raft.server.sleep.deviation.threshold = 300 (default)
2019-09-25 07:27:35,081 [pool-37-thread-1] INFO  server.RaftServerConfigKeys (ConfUtils.java:logGet(43)) - raft.server.log.appender.install.snapshot.enabled = false (custom)
2019-09-25 07:27:35,081 [pool-37-thread-1] INFO  impl.RaftServerImpl (ServerState.java:<init>(103)) - 9cc18591-be2f-448e-af7e-d5f4fba8f5f7@group-6BDAEA0EFC0C: ConfigurationManager, init=-1: [9cc18591-be2f-448e-af7e-d5f4fba8f5f7:192.168.151.106:36443], old=null, confs=<EMPTY_MAP>
2019-09-25 07:27:35,081 [pool-37-thread-1] INFO  server.RaftServerConfigKeys (ConfUtils.java:logGet(43)) - raft.server.storage.dir = [/workdir/hadoop-ozone/ozonefs/target/test-dir/MiniOzoneClusterImpl-336849c0-54e0-42a2-92e3-a8dd7e6e8d6a/datanode-1/data/ratis] (custom)
2019-09-25 07:27:35,081 [pool-37-thread-1] INFO  storage.RaftStorageDirectory (RaftStorageDirectory.java:analyzeStorage(246)) - The storage directory /workdir/hadoop-ozone/ozonefs/target/test-dir/MiniOzoneClusterImpl-336849c0-54e0-42a2-92e3-a8dd7e6e8d6a/datanode-1/data/ratis/da9f374c-a0a0-44f1-a056-6bdaea0efc0c does not exist. Creating ...
2019-09-25 07:27:35,094 [pool-37-thread-1] INFO  storage.RaftStorageDirectory (RaftStorageDirectory.java:tryLock(328)) - Lock on /workdir/hadoop-ozone/ozonefs/target/test-dir/MiniOzoneClusterImpl-336849c0-54e0-42a2-92e3-a8dd7e6e8d6a/datanode-1/data/ratis/da9f374c-a0a0-44f1-a056-6bdaea0efc0c/in_use.lock acquired by nodename 14720@pr-hdds-1569-x2sr2-3486766547
2019-09-25 07:27:35,107 [pool-37-thread-1] INFO  storage.RaftStorage (RaftStorage.java:format(72)) - Storage directory /workdir/hadoop-ozone/ozonefs/target/test-dir/MiniOzoneClusterImpl-336849c0-54e0-42a2-92e3-a8dd7e6e8d6a/datanode-1/data/ratis/da9f374c-a0a0-44f1-a056-6bdaea0efc0c has been successfully formatted.
2019-09-25 07:27:35,108 [pool-37-thread-1] INFO  ratis.ContainerStateMachine (ContainerStateMachine.java:loadSnapshot(230)) - group-6BDAEA0EFC0C: The snapshot info is null. Setting the last applied indexto:(t:0, i:~)
2019-09-25 07:27:35,108 [pool-37-thread-1] INFO  server.RaftServerConfigKeys (ConfUtils.java:logGet(43)) - raft.server.notification.no-leader.timeout = 120s (custom)
2019-09-25 07:27:35,108 [pool-37-thread-1] INFO  server.RaftServerConfigKeys (ConfUtils.java:logGet(43)) - raft.server.log.use.memory = false (default)
2019-09-25 07:27:35,108 [pool-37-thread-1] INFO  server.RaftServerConfigKeys (ConfUtils.java:logGet(43)) - raft.server.log.purge.gap = 1000000 (custom)
2019-09-25 07:27:35,109 [pool-37-thread-1] INFO  server.RaftServerConfigKeys (ConfUtils.java:logGet(43)) - raft.server.log.appender.buffer.byte-limit = 33554432 (custom)
2019-09-25 07:27:35,109 [pool-37-thread-1] INFO  server.RaftServerConfigKeys (ConfUtils.java:logGet(43)) - raft.server.log.segment.size.max = 1048576 (custom)
2019-09-25 07:27:35,109 [pool-37-thread-1] INFO  server.RaftServerConfigKeys (ConfUtils.java:logGet(43)) - raft.server.log.segment.cache.num.max = 2 (custom)
2019-09-25 07:27:35,109 [pool-37-thread-1] INFO  segmented.SegmentedRaftLogWorker (SegmentedRaftLogWorker.java:<init>(172)) - new 9cc18591-be2f-448e-af7e-d5f4fba8f5f7@group-6BDAEA0EFC0C-SegmentedRaftLogWorker for RaftStorage:Storage Directory /workdir/hadoop-ozone/ozonefs/target/test-dir/MiniOzoneClusterImpl-336849c0-54e0-42a2-92e3-a8dd7e6e8d6a/datanode-1/data/ratis/da9f374c-a0a0-44f1-a056-6bdaea0efc0c
2019-09-25 07:27:35,109 [pool-37-thread-1] INFO  server.RaftServerConfigKeys (ConfUtils.java:logGet(43)) - raft.server.log.queue.byte-limit = 2147483647 (custom)
2019-09-25 07:27:35,109 [pool-37-thread-1] INFO  server.RaftServerConfigKeys (ConfUtils.java:logGet(43)) - raft.server.log.queue.element-limit = 1024 (custom)
2019-09-25 07:27:35,110 [pool-37-thread-1] INFO  server.RaftServerConfigKeys (ConfUtils.java:logGet(43)) - raft.server.log.segment.size.max = 1048576 (custom)
2019-09-25 07:27:35,110 [pool-37-thread-1] INFO  server.RaftServerConfigKeys (ConfUtils.java:logGet(43)) - raft.server.log.preallocated.size = 16384 (custom)
2019-09-25 07:27:35,110 [pool-37-thread-1] INFO  server.RaftServerConfigKeys (ConfUtils.java:logGet(43)) - raft.server.log.write.buffer.size = 33554432 (custom)
2019-09-25 07:27:35,110 [pool-37-thread-1] INFO  server.RaftServerConfigKeys (ConfUtils.java:logGet(43)) - raft.server.log.force.sync.num = 128 (default)
2019-09-25 07:27:35,110 [pool-37-thread-1] INFO  server.RaftServerConfigKeys (ConfUtils.java:logGet(43)) - raft.server.log.statemachine.data.sync = true (default)
2019-09-25 07:27:35,110 [pool-37-thread-1] INFO  server.RaftServerConfigKeys (ConfUtils.java:logGet(43)) - raft.server.log.statemachine.data.sync.timeout = 10s (default)
2019-09-25 07:27:35,110 [pool-37-thread-1] INFO  server.RaftServerConfigKeys (ConfUtils.java:logGet(43)) - raft.server.log.statemachine.data.sync.timeout.retry = -1 (default)
2019-09-25 07:27:35,111 [pool-37-thread-1] INFO  server.RaftServerConfigKeys (ConfUtils.java:logGet(43)) - raft.server.log.statemachine.data.caching.enabled = true (custom)
2019-09-25 07:27:35,111 [pool-37-thread-1] INFO  segmented.SegmentedRaftLogWorker (SegmentedRaftLogWorker.java:lambda$new$0(132)) - 9cc18591-be2f-448e-af7e-d5f4fba8f5f7@group-6BDAEA0EFC0C-SegmentedRaftLogWorker: flushIndex: setUnconditionally 0 -> -1
2019-09-25 07:27:35,111 [pool-37-thread-1] INFO  server.RaftServerConfigKeys (ConfUtils.java:logGet(43)) - raft.server.snapshot.auto.trigger.enabled = true (custom)
2019-09-25 07:27:35,111 [pool-37-thread-1] INFO  server.RaftServerConfigKeys (ConfUtils.java:logGet(43)) - raft.server.snapshot.auto.trigger.threshold = 10000 (custom)
2019-09-25 07:27:35,112 [pool-37-thread-1] INFO  server.RaftServerConfigKeys (ConfUtils.java:logGet(43)) - raft.server.snapshot.retention.num.files = 5 (custom)
2019-09-25 07:27:35,112 [pool-37-thread-1] INFO  server.RaftServerConfigKeys (ConfUtils.java:logGet(43)) - raft.server.retrycache.expirytime = 600000ms (custom)
2019-09-25 07:27:35,114 [pool-37-thread-1] INFO  impl.RaftServerImpl (RaftServerImpl.java:start(185)) - 9cc18591-be2f-448e-af7e-d5f4fba8f5f7@group-6BDAEA0EFC0C: start as a follower, conf=-1: [9cc18591-be2f-448e-af7e-d5f4fba8f5f7:192.168.151.106:36443], old=null
2019-09-25 07:27:35,115 [pool-37-thread-1] INFO  impl.RaftServerImpl (RaftServerImpl.java:setRole(174)) - 9cc18591-be2f-448e-af7e-d5f4fba8f5f7@group-6BDAEA0EFC0C: changes role from      null to FOLLOWER at term 0 for startAsFollower
2019-09-25 07:27:35,115 [pool-37-thread-1] INFO  impl.RoleInfo (RoleInfo.java:updateAndGet(143)) - 9cc18591-be2f-448e-af7e-d5f4fba8f5f7: start FollowerState
2019-09-25 07:27:35,115 [pool-37-thread-1] INFO  util.JmxRegister (JmxRegister.java:tryRegister(44)) - Successfully registered JMX Bean with object name Ratis:service=RaftServer,group=group-6BDAEA0EFC0C,id=9cc18591-be2f-448e-af7e-d5f4fba8f5f7
2019-09-25 07:27:35,129 [RatisPipelineUtilsThread] INFO  pipeline.PipelineStateManager (PipelineStateManager.java:addPipeline(56)) - Created pipeline Pipeline[ Id: da9f374c-a0a0-44f1-a056-6bdaea0efc0c, Nodes: 9cc18591-be2f-448e-af7e-d5f4fba8f5f7{ip: 192.168.151.106, host: pr-hdds-1569-x2sr2-3486766547, networkLocation: /default-rack, certSerialId: null}, Type:RATIS, Factor:ONE, State:OPEN]
2019-09-25 07:27:35,141 [grpc-default-executor-0] INFO  impl.RaftServerProxy (RaftServerProxy.java:addNew(89)) - 600943d5-c424-432f-84b9-a00c1c65f122: addNew group-73AFC1BFB7B0:[600943d5-c424-432f-84b9-a00c1c65f122:192.168.151.106:33383] returns group-73AFC1BFB7B0:java.util.concurrent.CompletableFuture@4cf65c4[Not completed]
2019-09-25 07:27:35,143 [pool-87-thread-1] INFO  impl.RaftServerImpl (RaftServerImpl.java:<init>(95)) - 600943d5-c424-432f-84b9-a00c1c65f122: new RaftServerImpl for group-73AFC1BFB7B0:[600943d5-c424-432f-84b9-a00c1c65f122:192.168.151.106:33383] with ContainerStateMachine:uninitialized
2019-09-25 07:27:35,143 [pool-87-thread-1] INFO  server.RaftServerConfigKeys (ConfUtils.java:logGet(43)) - raft.server.rpc.timeout.min = 5s (custom)
2019-09-25 07:27:35,144 [pool-87-thread-1] INFO  server.RaftServerConfigKeys (ConfUtils.java:logGet(43)) - raft.server.rpc.timeout.max = 5200ms (custom)
2019-09-25 07:27:35,144 [pool-87-thread-1] INFO  server.RaftServerConfigKeys (ConfUtils.java:logGet(43)) - raft.server.rpcslowness.timeout = 120s (custom)
2019-09-25 07:27:35,144 [pool-87-thread-1] INFO  server.RaftServerConfigKeys (ConfUtils.java:logGet(43)) - raft.server.sleep.deviation.threshold = 300 (default)
2019-09-25 07:27:35,144 [pool-87-thread-1] INFO  server.RaftServerConfigKeys (ConfUtils.java:logGet(43)) - raft.server.log.appender.install.snapshot.enabled = false (custom)
2019-09-25 07:27:35,144 [pool-87-thread-1] INFO  impl.RaftServerImpl (ServerState.java:<init>(103)) - 600943d5-c424-432f-84b9-a00c1c65f122@group-73AFC1BFB7B0: ConfigurationManager, init=-1: [600943d5-c424-432f-84b9-a00c1c65f122:192.168.151.106:33383], old=null, confs=<EMPTY_MAP>
2019-09-25 07:27:35,144 [pool-87-thread-1] INFO  server.RaftServerConfigKeys (ConfUtils.java:logGet(43)) - raft.server.storage.dir = [/workdir/hadoop-ozone/ozonefs/target/test-dir/MiniOzoneClusterImpl-336849c0-54e0-42a2-92e3-a8dd7e6e8d6a/datanode-6/data/ratis] (custom)
2019-09-25 07:27:35,145 [pool-87-thread-1] INFO  storage.RaftStorageDirectory (RaftStorageDirectory.java:analyzeStorage(246)) - The storage directory /workdir/hadoop-ozone/ozonefs/target/test-dir/MiniOzoneClusterImpl-336849c0-54e0-42a2-92e3-a8dd7e6e8d6a/datanode-6/data/ratis/49704778-9f12-4bfd-ba25-73afc1bfb7b0 does not exist. Creating ...
2019-09-25 07:27:35,168 [pool-87-thread-1] INFO  storage.RaftStorageDirectory (RaftStorageDirectory.java:tryLock(328)) - Lock on /workdir/hadoop-ozone/ozonefs/target/test-dir/MiniOzoneClusterImpl-336849c0-54e0-42a2-92e3-a8dd7e6e8d6a/datanode-6/data/ratis/49704778-9f12-4bfd-ba25-73afc1bfb7b0/in_use.lock acquired by nodename 14720@pr-hdds-1569-x2sr2-3486766547
2019-09-25 07:27:35,192 [pool-87-thread-1] INFO  storage.RaftStorage (RaftStorage.java:format(72)) - Storage directory /workdir/hadoop-ozone/ozonefs/target/test-dir/MiniOzoneClusterImpl-336849c0-54e0-42a2-92e3-a8dd7e6e8d6a/datanode-6/data/ratis/49704778-9f12-4bfd-ba25-73afc1bfb7b0 has been successfully formatted.
2019-09-25 07:27:35,192 [pool-87-thread-1] INFO  ratis.ContainerStateMachine (ContainerStateMachine.java:loadSnapshot(230)) - group-73AFC1BFB7B0: The snapshot info is null. Setting the last applied indexto:(t:0, i:~)
2019-09-25 07:27:35,192 [pool-87-thread-1] INFO  server.RaftServerConfigKeys (ConfUtils.java:logGet(43)) - raft.server.notification.no-leader.timeout = 120s (custom)
2019-09-25 07:27:35,192 [pool-87-thread-1] INFO  server.RaftServerConfigKeys (ConfUtils.java:logGet(43)) - raft.server.log.use.memory = false (default)
2019-09-25 07:27:35,193 [pool-87-thread-1] INFO  server.RaftServerConfigKeys (ConfUtils.java:logGet(43)) - raft.server.log.purge.gap = 1000000 (custom)
2019-09-25 07:27:35,193 [pool-87-thread-1] INFO  server.RaftServerConfigKeys (ConfUtils.java:logGet(43)) - raft.server.log.appender.buffer.byte-limit = 33554432 (custom)
2019-09-25 07:27:35,193 [pool-87-thread-1] INFO  server.RaftServerConfigKeys (ConfUtils.java:logGet(43)) - raft.server.log.segment.size.max = 1048576 (custom)
2019-09-25 07:27:35,193 [pool-87-thread-1] INFO  server.RaftServerConfigKeys (ConfUtils.java:logGet(43)) - raft.server.log.segment.cache.num.max = 2 (custom)
2019-09-25 07:27:35,193 [pool-87-thread-1] INFO  segmented.SegmentedRaftLogWorker (SegmentedRaftLogWorker.java:<init>(172)) - new 600943d5-c424-432f-84b9-a00c1c65f122@group-73AFC1BFB7B0-SegmentedRaftLogWorker for RaftStorage:Storage Directory /workdir/hadoop-ozone/ozonefs/target/test-dir/MiniOzoneClusterImpl-336849c0-54e0-42a2-92e3-a8dd7e6e8d6a/datanode-6/data/ratis/49704778-9f12-4bfd-ba25-73afc1bfb7b0
2019-09-25 07:27:35,193 [pool-87-thread-1] INFO  server.RaftServerConfigKeys (ConfUtils.java:logGet(43)) - raft.server.log.queue.byte-limit = 2147483647 (custom)
2019-09-25 07:27:35,193 [pool-87-thread-1] INFO  server.RaftServerConfigKeys (ConfUtils.java:logGet(43)) - raft.server.log.queue.element-limit = 1024 (custom)
2019-09-25 07:27:35,193 [pool-87-thread-1] INFO  server.RaftServerConfigKeys (ConfUtils.java:logGet(43)) - raft.server.log.segment.size.max = 1048576 (custom)
2019-09-25 07:27:35,194 [pool-87-thread-1] INFO  server.RaftServerConfigKeys (ConfUtils.java:logGet(43)) - raft.server.log.preallocated.size = 16384 (custom)
2019-09-25 07:27:35,194 [pool-87-thread-1] INFO  server.RaftServerConfigKeys (ConfUtils.java:logGet(43)) - raft.server.log.write.buffer.size = 33554432 (custom)
2019-09-25 07:27:35,194 [pool-87-thread-1] INFO  server.RaftServerConfigKeys (ConfUtils.java:logGet(43)) - raft.server.log.force.sync.num = 128 (default)
2019-09-25 07:27:35,194 [pool-87-thread-1] INFO  server.RaftServerConfigKeys (ConfUtils.java:logGet(43)) - raft.server.log.statemachine.data.sync = true (default)
2019-09-25 07:27:35,194 [pool-87-thread-1] INFO  server.RaftServerConfigKeys (ConfUtils.java:logGet(43)) - raft.server.log.statemachine.data.sync.timeout = 10s (default)
2019-09-25 07:27:35,194 [pool-87-thread-1] INFO  server.RaftServerConfigKeys (ConfUtils.java:logGet(43)) - raft.server.log.statemachine.data.sync.timeout.retry = -1 (default)
2019-09-25 07:27:35,194 [pool-87-thread-1] INFO  server.RaftServerConfigKeys (ConfUtils.java:logGet(43)) - raft.server.log.statemachine.data.caching.enabled = true (custom)
2019-09-25 07:27:35,195 [pool-87-thread-1] INFO  segmented.SegmentedRaftLogWorker (SegmentedRaftLogWorker.java:lambda$new$0(132)) - 600943d5-c424-432f-84b9-a00c1c65f122@group-73AFC1BFB7B0-SegmentedRaftLogWorker: flushIndex: setUnconditionally 0 -> -1
2019-09-25 07:27:35,195 [pool-87-thread-1] INFO  server.RaftServerConfigKeys (ConfUtils.java:logGet(43)) - raft.server.snapshot.auto.trigger.enabled = true (custom)
2019-09-25 07:27:35,195 [pool-87-thread-1] INFO  server.RaftServerConfigKeys (ConfUtils.java:logGet(43)) - raft.server.snapshot.auto.trigger.threshold = 10000 (custom)
2019-09-25 07:27:35,195 [pool-87-thread-1] INFO  server.RaftServerConfigKeys (ConfUtils.java:logGet(43)) - raft.server.snapshot.retention.num.files = 5 (custom)
2019-09-25 07:27:35,195 [pool-87-thread-1] INFO  server.RaftServerConfigKeys (ConfUtils.java:logGet(43)) - raft.server.retrycache.expirytime = 600000ms (custom)
2019-09-25 07:27:35,198 [pool-87-thread-1] INFO  impl.RaftServerImpl (RaftServerImpl.java:start(185)) - 600943d5-c424-432f-84b9-a00c1c65f122@group-73AFC1BFB7B0: start as a follower, conf=-1: [600943d5-c424-432f-84b9-a00c1c65f122:192.168.151.106:33383], old=null
2019-09-25 07:27:35,198 [pool-87-thread-1] INFO  impl.RaftServerImpl (RaftServerImpl.java:setRole(174)) - 600943d5-c424-432f-84b9-a00c1c65f122@group-73AFC1BFB7B0: changes role from      null to FOLLOWER at term 0 for startAsFollower
2019-09-25 07:27:35,198 [pool-87-thread-1] INFO  impl.RoleInfo (RoleInfo.java:updateAndGet(143)) - 600943d5-c424-432f-84b9-a00c1c65f122: start FollowerState
2019-09-25 07:27:35,198 [pool-87-thread-1] INFO  util.JmxRegister (JmxRegister.java:tryRegister(44)) - Successfully registered JMX Bean with object name Ratis:service=RaftServer,group=group-73AFC1BFB7B0,id=600943d5-c424-432f-84b9-a00c1c65f122
2019-09-25 07:27:35,211 [RatisPipelineUtilsThread] INFO  pipeline.PipelineStateManager (PipelineStateManager.java:addPipeline(56)) - Created pipeline Pipeline[ Id: 49704778-9f12-4bfd-ba25-73afc1bfb7b0, Nodes: 600943d5-c424-432f-84b9-a00c1c65f122{ip: 192.168.151.106, host: pr-hdds-1569-x2sr2-3486766547, networkLocation: /default-rack, certSerialId: null}, Type:RATIS, Factor:ONE, State:OPEN]
2019-09-25 07:27:35,225 [grpc-default-executor-0] INFO  impl.RaftServerProxy (RaftServerProxy.java:addNew(89)) - ac29337b-1f05-44ab-baf7-0ad511ed26a1: addNew group-2046F13EA959:[ac29337b-1f05-44ab-baf7-0ad511ed26a1:192.168.151.106:37931] returns group-2046F13EA959:java.util.concurrent.CompletableFuture@57047820[Not completed]
2019-09-25 07:27:35,226 [pool-27-thread-1] INFO  impl.RaftServerImpl (RaftServerImpl.java:<init>(95)) - ac29337b-1f05-44ab-baf7-0ad511ed26a1: new RaftServerImpl for group-2046F13EA959:[ac29337b-1f05-44ab-baf7-0ad511ed26a1:192.168.151.106:37931] with ContainerStateMachine:uninitialized
2019-09-25 07:27:35,226 [pool-27-thread-1] INFO  server.RaftServerConfigKeys (ConfUtils.java:logGet(43)) - raft.server.rpc.timeout.min = 5s (custom)
2019-09-25 07:27:35,227 [pool-27-thread-1] INFO  server.RaftServerConfigKeys (ConfUtils.java:logGet(43)) - raft.server.rpc.timeout.max = 5200ms (custom)
2019-09-25 07:27:35,227 [pool-27-thread-1] INFO  server.RaftServerConfigKeys (ConfUtils.java:logGet(43)) - raft.server.rpcslowness.timeout = 120s (custom)
2019-09-25 07:27:35,227 [pool-27-thread-1] INFO  server.RaftServerConfigKeys (ConfUtils.java:logGet(43)) - raft.server.sleep.deviation.threshold = 300 (default)
2019-09-25 07:27:35,227 [pool-27-thread-1] INFO  server.RaftServerConfigKeys (ConfUtils.java:logGet(43)) - raft.server.log.appender.install.snapshot.enabled = false (custom)
2019-09-25 07:27:35,227 [pool-27-thread-1] INFO  impl.RaftServerImpl (ServerState.java:<init>(103)) - ac29337b-1f05-44ab-baf7-0ad511ed26a1@group-2046F13EA959: ConfigurationManager, init=-1: [ac29337b-1f05-44ab-baf7-0ad511ed26a1:192.168.151.106:37931], old=null, confs=<EMPTY_MAP>
2019-09-25 07:27:35,227 [pool-27-thread-1] INFO  server.RaftServerConfigKeys (ConfUtils.java:logGet(43)) - raft.server.storage.dir = [/workdir/hadoop-ozone/ozonefs/target/test-dir/MiniOzoneClusterImpl-336849c0-54e0-42a2-92e3-a8dd7e6e8d6a/datanode-0/data/ratis] (custom)
2019-09-25 07:27:35,228 [pool-27-thread-1] INFO  storage.RaftStorageDirectory (RaftStorageDirectory.java:analyzeStorage(246)) - The storage directory /workdir/hadoop-ozone/ozonefs/target/test-dir/MiniOzoneClusterImpl-336849c0-54e0-42a2-92e3-a8dd7e6e8d6a/datanode-0/data/ratis/cf4baef4-2528-4ed9-85c2-2046f13ea959 does not exist. Creating ...
2019-09-25 07:27:35,240 [pool-27-thread-1] INFO  storage.RaftStorageDirectory (RaftStorageDirectory.java:tryLock(328)) - Lock on /workdir/hadoop-ozone/ozonefs/target/test-dir/MiniOzoneClusterImpl-336849c0-54e0-42a2-92e3-a8dd7e6e8d6a/datanode-0/data/ratis/cf4baef4-2528-4ed9-85c2-2046f13ea959/in_use.lock acquired by nodename 14720@pr-hdds-1569-x2sr2-3486766547
2019-09-25 07:27:35,253 [pool-27-thread-1] INFO  storage.RaftStorage (RaftStorage.java:format(72)) - Storage directory /workdir/hadoop-ozone/ozonefs/target/test-dir/MiniOzoneClusterImpl-336849c0-54e0-42a2-92e3-a8dd7e6e8d6a/datanode-0/data/ratis/cf4baef4-2528-4ed9-85c2-2046f13ea959 has been successfully formatted.
2019-09-25 07:27:35,254 [pool-27-thread-1] INFO  ratis.ContainerStateMachine (ContainerStateMachine.java:loadSnapshot(230)) - group-2046F13EA959: The snapshot info is null. Setting the last applied indexto:(t:0, i:~)
2019-09-25 07:27:35,254 [pool-27-thread-1] INFO  server.RaftServerConfigKeys (ConfUtils.java:logGet(43)) - raft.server.notification.no-leader.timeout = 120s (custom)
2019-09-25 07:27:35,254 [pool-27-thread-1] INFO  server.RaftServerConfigKeys (ConfUtils.java:logGet(43)) - raft.server.log.use.memory = false (default)
2019-09-25 07:27:35,254 [pool-27-thread-1] INFO  server.RaftServerConfigKeys (ConfUtils.java:logGet(43)) - raft.server.log.purge.gap = 1000000 (custom)
2019-09-25 07:27:35,254 [pool-27-thread-1] INFO  server.RaftServerConfigKeys (ConfUtils.java:logGet(43)) - raft.server.log.appender.buffer.byte-limit = 33554432 (custom)
2019-09-25 07:27:35,254 [pool-27-thread-1] INFO  server.RaftServerConfigKeys (ConfUtils.java:logGet(43)) - raft.server.log.segment.size.max = 1048576 (custom)
2019-09-25 07:27:35,255 [pool-27-thread-1] INFO  server.RaftServerConfigKeys (ConfUtils.java:logGet(43)) - raft.server.log.segment.cache.num.max = 2 (custom)
2019-09-25 07:27:35,255 [pool-27-thread-1] INFO  segmented.SegmentedRaftLogWorker (SegmentedRaftLogWorker.java:<init>(172)) - new ac29337b-1f05-44ab-baf7-0ad511ed26a1@group-2046F13EA959-SegmentedRaftLogWorker for RaftStorage:Storage Directory /workdir/hadoop-ozone/ozonefs/target/test-dir/MiniOzoneClusterImpl-336849c0-54e0-42a2-92e3-a8dd7e6e8d6a/datanode-0/data/ratis/cf4baef4-2528-4ed9-85c2-2046f13ea959
2019-09-25 07:27:35,255 [pool-27-thread-1] INFO  server.RaftServerConfigKeys (ConfUtils.java:logGet(43)) - raft.server.log.queue.byte-limit = 2147483647 (custom)
2019-09-25 07:27:35,255 [pool-27-thread-1] INFO  server.RaftServerConfigKeys (ConfUtils.java:logGet(43)) - raft.server.log.queue.element-limit = 1024 (custom)
2019-09-25 07:27:35,255 [pool-27-thread-1] INFO  server.RaftServerConfigKeys (ConfUtils.java:logGet(43)) - raft.server.log.segment.size.max = 1048576 (custom)
2019-09-25 07:27:35,255 [pool-27-thread-1] INFO  server.RaftServerConfigKeys (ConfUtils.java:logGet(43)) - raft.server.log.preallocated.size = 16384 (custom)
2019-09-25 07:27:35,256 [pool-27-thread-1] INFO  server.RaftServerConfigKeys (ConfUtils.java:logGet(43)) - raft.server.log.write.buffer.size = 33554432 (custom)
2019-09-25 07:27:35,256 [pool-27-thread-1] INFO  server.RaftServerConfigKeys (ConfUtils.java:logGet(43)) - raft.server.log.force.sync.num = 128 (default)
2019-09-25 07:27:35,256 [pool-27-thread-1] INFO  server.RaftServerConfigKeys (ConfUtils.java:logGet(43)) - raft.server.log.statemachine.data.sync = true (default)
2019-09-25 07:27:35,256 [pool-27-thread-1] INFO  server.RaftServerConfigKeys (ConfUtils.java:logGet(43)) - raft.server.log.statemachine.data.sync.timeout = 10s (default)
2019-09-25 07:27:35,256 [pool-27-thread-1] INFO  server.RaftServerConfigKeys (ConfUtils.java:logGet(43)) - raft.server.log.statemachine.data.sync.timeout.retry = -1 (default)
2019-09-25 07:27:35,256 [pool-27-thread-1] INFO  server.RaftServerConfigKeys (ConfUtils.java:logGet(43)) - raft.server.log.statemachine.data.caching.enabled = true (custom)
2019-09-25 07:27:35,257 [pool-27-thread-1] INFO  segmented.SegmentedRaftLogWorker (SegmentedRaftLogWorker.java:lambda$new$0(132)) - ac29337b-1f05-44ab-baf7-0ad511ed26a1@group-2046F13EA959-SegmentedRaftLogWorker: flushIndex: setUnconditionally 0 -> -1
2019-09-25 07:27:35,257 [pool-27-thread-1] INFO  server.RaftServerConfigKeys (ConfUtils.java:logGet(43)) - raft.server.snapshot.auto.trigger.enabled = true (custom)
2019-09-25 07:27:35,257 [pool-27-thread-1] INFO  server.RaftServerConfigKeys (ConfUtils.java:logGet(43)) - raft.server.snapshot.auto.trigger.threshold = 10000 (custom)
2019-09-25 07:27:35,257 [pool-27-thread-1] INFO  server.RaftServerConfigKeys (ConfUtils.java:logGet(43)) - raft.server.snapshot.retention.num.files = 5 (custom)
2019-09-25 07:27:35,258 [pool-27-thread-1] INFO  server.RaftServerConfigKeys (ConfUtils.java:logGet(43)) - raft.server.retrycache.expirytime = 600000ms (custom)
2019-09-25 07:27:35,260 [pool-27-thread-1] INFO  impl.RaftServerImpl (RaftServerImpl.java:start(185)) - ac29337b-1f05-44ab-baf7-0ad511ed26a1@group-2046F13EA959: start as a follower, conf=-1: [ac29337b-1f05-44ab-baf7-0ad511ed26a1:192.168.151.106:37931], old=null
2019-09-25 07:27:35,260 [pool-27-thread-1] INFO  impl.RaftServerImpl (RaftServerImpl.java:setRole(174)) - ac29337b-1f05-44ab-baf7-0ad511ed26a1@group-2046F13EA959: changes role from      null to FOLLOWER at term 0 for startAsFollower
2019-09-25 07:27:35,260 [pool-27-thread-1] INFO  impl.RoleInfo (RoleInfo.java:updateAndGet(143)) - ac29337b-1f05-44ab-baf7-0ad511ed26a1: start FollowerState
2019-09-25 07:27:35,261 [pool-27-thread-1] INFO  util.JmxRegister (JmxRegister.java:tryRegister(44)) - Successfully registered JMX Bean with object name Ratis:service=RaftServer,group=group-2046F13EA959,id=ac29337b-1f05-44ab-baf7-0ad511ed26a1
2019-09-25 07:27:35,279 [RatisPipelineUtilsThread] INFO  pipeline.PipelineStateManager (PipelineStateManager.java:addPipeline(56)) - Created pipeline Pipeline[ Id: cf4baef4-2528-4ed9-85c2-2046f13ea959, Nodes: ac29337b-1f05-44ab-baf7-0ad511ed26a1{ip: 192.168.151.106, host: pr-hdds-1569-x2sr2-3486766547, networkLocation: /default-rack, certSerialId: null}, Type:RATIS, Factor:ONE, State:OPEN]
2019-09-25 07:27:35,292 [grpc-default-executor-0] INFO  impl.RaftServerProxy (RaftServerProxy.java:addNew(89)) - 50e45688-d85c-45e8-a8ba-136a1a73e30a: addNew group-520199872AB3:[50e45688-d85c-45e8-a8ba-136a1a73e30a:192.168.151.106:37283] returns group-520199872AB3:java.util.concurrent.CompletableFuture@20f5dc26[Not completed]
2019-09-25 07:27:35,294 [pool-57-thread-1] INFO  impl.RaftServerImpl (RaftServerImpl.java:<init>(95)) - 50e45688-d85c-45e8-a8ba-136a1a73e30a: new RaftServerImpl for group-520199872AB3:[50e45688-d85c-45e8-a8ba-136a1a73e30a:192.168.151.106:37283] with ContainerStateMachine:uninitialized
2019-09-25 07:27:35,295 [pool-57-thread-1] INFO  server.RaftServerConfigKeys (ConfUtils.java:logGet(43)) - raft.server.rpc.timeout.min = 5s (custom)
2019-09-25 07:27:35,295 [pool-57-thread-1] INFO  server.RaftServerConfigKeys (ConfUtils.java:logGet(43)) - raft.server.rpc.timeout.max = 5200ms (custom)
2019-09-25 07:27:35,295 [pool-57-thread-1] INFO  server.RaftServerConfigKeys (ConfUtils.java:logGet(43)) - raft.server.rpcslowness.timeout = 120s (custom)
2019-09-25 07:27:35,295 [pool-57-thread-1] INFO  server.RaftServerConfigKeys (ConfUtils.java:logGet(43)) - raft.server.sleep.deviation.threshold = 300 (default)
2019-09-25 07:27:35,295 [pool-57-thread-1] INFO  server.RaftServerConfigKeys (ConfUtils.java:logGet(43)) - raft.server.log.appender.install.snapshot.enabled = false (custom)
2019-09-25 07:27:35,296 [pool-57-thread-1] INFO  impl.RaftServerImpl (ServerState.java:<init>(103)) - 50e45688-d85c-45e8-a8ba-136a1a73e30a@group-520199872AB3: ConfigurationManager, init=-1: [50e45688-d85c-45e8-a8ba-136a1a73e30a:192.168.151.106:37283], old=null, confs=<EMPTY_MAP>
2019-09-25 07:27:35,296 [pool-57-thread-1] INFO  server.RaftServerConfigKeys (ConfUtils.java:logGet(43)) - raft.server.storage.dir = [/workdir/hadoop-ozone/ozonefs/target/test-dir/MiniOzoneClusterImpl-336849c0-54e0-42a2-92e3-a8dd7e6e8d6a/datanode-3/data/ratis] (custom)
2019-09-25 07:27:35,296 [pool-57-thread-1] INFO  storage.RaftStorageDirectory (RaftStorageDirectory.java:analyzeStorage(246)) - The storage directory /workdir/hadoop-ozone/ozonefs/target/test-dir/MiniOzoneClusterImpl-336849c0-54e0-42a2-92e3-a8dd7e6e8d6a/datanode-3/data/ratis/2dee6b1e-5666-4506-9b32-520199872ab3 does not exist. Creating ...
2019-09-25 07:27:35,317 [pool-57-thread-1] INFO  storage.RaftStorageDirectory (RaftStorageDirectory.java:tryLock(328)) - Lock on /workdir/hadoop-ozone/ozonefs/target/test-dir/MiniOzoneClusterImpl-336849c0-54e0-42a2-92e3-a8dd7e6e8d6a/datanode-3/data/ratis/2dee6b1e-5666-4506-9b32-520199872ab3/in_use.lock acquired by nodename 14720@pr-hdds-1569-x2sr2-3486766547
2019-09-25 07:27:35,331 [pool-57-thread-1] INFO  storage.RaftStorage (RaftStorage.java:format(72)) - Storage directory /workdir/hadoop-ozone/ozonefs/target/test-dir/MiniOzoneClusterImpl-336849c0-54e0-42a2-92e3-a8dd7e6e8d6a/datanode-3/data/ratis/2dee6b1e-5666-4506-9b32-520199872ab3 has been successfully formatted.
2019-09-25 07:27:35,331 [pool-57-thread-1] INFO  ratis.ContainerStateMachine (ContainerStateMachine.java:loadSnapshot(230)) - group-520199872AB3: The snapshot info is null. Setting the last applied indexto:(t:0, i:~)
2019-09-25 07:27:35,332 [pool-57-thread-1] INFO  server.RaftServerConfigKeys (ConfUtils.java:logGet(43)) - raft.server.notification.no-leader.timeout = 120s (custom)
2019-09-25 07:27:35,332 [pool-57-thread-1] INFO  server.RaftServerConfigKeys (ConfUtils.java:logGet(43)) - raft.server.log.use.memory = false (default)
2019-09-25 07:27:35,332 [pool-57-thread-1] INFO  server.RaftServerConfigKeys (ConfUtils.java:logGet(43)) - raft.server.log.purge.gap = 1000000 (custom)
2019-09-25 07:27:35,332 [pool-57-thread-1] INFO  server.RaftServerConfigKeys (ConfUtils.java:logGet(43)) - raft.server.log.appender.buffer.byte-limit = 33554432 (custom)
2019-09-25 07:27:35,333 [pool-57-thread-1] INFO  server.RaftServerConfigKeys (ConfUtils.java:logGet(43)) - raft.server.log.segment.size.max = 1048576 (custom)
2019-09-25 07:27:35,333 [pool-57-thread-1] INFO  server.RaftServerConfigKeys (ConfUtils.java:logGet(43)) - raft.server.log.segment.cache.num.max = 2 (custom)
2019-09-25 07:27:35,333 [pool-57-thread-1] INFO  segmented.SegmentedRaftLogWorker (SegmentedRaftLogWorker.java:<init>(172)) - new 50e45688-d85c-45e8-a8ba-136a1a73e30a@group-520199872AB3-SegmentedRaftLogWorker for RaftStorage:Storage Directory /workdir/hadoop-ozone/ozonefs/target/test-dir/MiniOzoneClusterImpl-336849c0-54e0-42a2-92e3-a8dd7e6e8d6a/datanode-3/data/ratis/2dee6b1e-5666-4506-9b32-520199872ab3
2019-09-25 07:27:35,333 [pool-57-thread-1] INFO  server.RaftServerConfigKeys (ConfUtils.java:logGet(43)) - raft.server.log.queue.byte-limit = 2147483647 (custom)
2019-09-25 07:27:35,333 [pool-57-thread-1] INFO  server.RaftServerConfigKeys (ConfUtils.java:logGet(43)) - raft.server.log.queue.element-limit = 1024 (custom)
2019-09-25 07:27:35,333 [pool-57-thread-1] INFO  server.RaftServerConfigKeys (ConfUtils.java:logGet(43)) - raft.server.log.segment.size.max = 1048576 (custom)
2019-09-25 07:27:35,334 [pool-57-thread-1] INFO  server.RaftServerConfigKeys (ConfUtils.java:logGet(43)) - raft.server.log.preallocated.size = 16384 (custom)
2019-09-25 07:27:35,334 [pool-57-thread-1] INFO  server.RaftServerConfigKeys (ConfUtils.java:logGet(43)) - raft.server.log.write.buffer.size = 33554432 (custom)
2019-09-25 07:27:35,334 [pool-57-thread-1] INFO  server.RaftServerConfigKeys (ConfUtils.java:logGet(43)) - raft.server.log.force.sync.num = 128 (default)
2019-09-25 07:27:35,334 [pool-57-thread-1] INFO  server.RaftServerConfigKeys (ConfUtils.java:logGet(43)) - raft.server.log.statemachine.data.sync = true (default)
2019-09-25 07:27:35,334 [pool-57-thread-1] INFO  server.RaftServerConfigKeys (ConfUtils.java:logGet(43)) - raft.server.log.statemachine.data.sync.timeout = 10s (default)
2019-09-25 07:27:35,334 [pool-57-thread-1] INFO  server.RaftServerConfigKeys (ConfUtils.java:logGet(43)) - raft.server.log.statemachine.data.sync.timeout.retry = -1 (default)
2019-09-25 07:27:35,335 [pool-57-thread-1] INFO  server.RaftServerConfigKeys (ConfUtils.java:logGet(43)) - raft.server.log.statemachine.data.caching.enabled = true (custom)
2019-09-25 07:27:35,335 [pool-57-thread-1] INFO  segmented.SegmentedRaftLogWorker (SegmentedRaftLogWorker.java:lambda$new$0(132)) - 50e45688-d85c-45e8-a8ba-136a1a73e30a@group-520199872AB3-SegmentedRaftLogWorker: flushIndex: setUnconditionally 0 -> -1
2019-09-25 07:27:35,336 [pool-57-thread-1] INFO  server.RaftServerConfigKeys (ConfUtils.java:logGet(43)) - raft.server.snapshot.auto.trigger.enabled = true (custom)
2019-09-25 07:27:35,336 [pool-57-thread-1] INFO  server.RaftServerConfigKeys (ConfUtils.java:logGet(43)) - raft.server.snapshot.auto.trigger.threshold = 10000 (custom)
2019-09-25 07:27:35,336 [pool-57-thread-1] INFO  server.RaftServerConfigKeys (ConfUtils.java:logGet(43)) - raft.server.snapshot.retention.num.files = 5 (custom)
2019-09-25 07:27:35,336 [pool-57-thread-1] INFO  server.RaftServerConfigKeys (ConfUtils.java:logGet(43)) - raft.server.retrycache.expirytime = 600000ms (custom)
2019-09-25 07:27:35,339 [pool-57-thread-1] INFO  impl.RaftServerImpl (RaftServerImpl.java:start(185)) - 50e45688-d85c-45e8-a8ba-136a1a73e30a@group-520199872AB3: start as a follower, conf=-1: [50e45688-d85c-45e8-a8ba-136a1a73e30a:192.168.151.106:37283], old=null
2019-09-25 07:27:35,340 [pool-57-thread-1] INFO  impl.RaftServerImpl (RaftServerImpl.java:setRole(174)) - 50e45688-d85c-45e8-a8ba-136a1a73e30a@group-520199872AB3: changes role from      null to FOLLOWER at term 0 for startAsFollower
2019-09-25 07:27:35,340 [pool-57-thread-1] INFO  impl.RoleInfo (RoleInfo.java:updateAndGet(143)) - 50e45688-d85c-45e8-a8ba-136a1a73e30a: start FollowerState
2019-09-25 07:27:35,340 [pool-57-thread-1] INFO  util.JmxRegister (JmxRegister.java:tryRegister(44)) - Successfully registered JMX Bean with object name Ratis:service=RaftServer,group=group-520199872AB3,id=50e45688-d85c-45e8-a8ba-136a1a73e30a
2019-09-25 07:27:35,347 [RatisPipelineUtilsThread] INFO  pipeline.PipelineStateManager (PipelineStateManager.java:addPipeline(56)) - Created pipeline Pipeline[ Id: 2dee6b1e-5666-4506-9b32-520199872ab3, Nodes: 50e45688-d85c-45e8-a8ba-136a1a73e30a{ip: 192.168.151.106, host: pr-hdds-1569-x2sr2-3486766547, networkLocation: /default-rack, certSerialId: null}, Type:RATIS, Factor:ONE, State:OPEN]
2019-09-25 07:27:35,360 [grpc-default-executor-0] INFO  impl.RaftServerProxy (RaftServerProxy.java:addNew(89)) - ac29337b-1f05-44ab-baf7-0ad511ed26a1: addNew group-8F409F5E0C2F:[ac29337b-1f05-44ab-baf7-0ad511ed26a1:192.168.151.106:37931] returns group-8F409F5E0C2F:java.util.concurrent.CompletableFuture@3ffee755[Not completed]
2019-09-25 07:27:35,364 [pool-27-thread-1] INFO  impl.RaftServerImpl (RaftServerImpl.java:<init>(95)) - ac29337b-1f05-44ab-baf7-0ad511ed26a1: new RaftServerImpl for group-8F409F5E0C2F:[ac29337b-1f05-44ab-baf7-0ad511ed26a1:192.168.151.106:37931] with ContainerStateMachine:uninitialized
2019-09-25 07:27:35,364 [pool-27-thread-1] INFO  server.RaftServerConfigKeys (ConfUtils.java:logGet(43)) - raft.server.rpc.timeout.min = 5s (custom)
2019-09-25 07:27:35,364 [pool-27-thread-1] INFO  server.RaftServerConfigKeys (ConfUtils.java:logGet(43)) - raft.server.rpc.timeout.max = 5200ms (custom)
2019-09-25 07:27:35,364 [pool-27-thread-1] INFO  server.RaftServerConfigKeys (ConfUtils.java:logGet(43)) - raft.server.rpcslowness.timeout = 120s (custom)
2019-09-25 07:27:35,364 [pool-27-thread-1] INFO  server.RaftServerConfigKeys (ConfUtils.java:logGet(43)) - raft.server.sleep.deviation.threshold = 300 (default)
2019-09-25 07:27:35,364 [pool-27-thread-1] INFO  server.RaftServerConfigKeys (ConfUtils.java:logGet(43)) - raft.server.log.appender.install.snapshot.enabled = false (custom)
2019-09-25 07:27:35,365 [pool-27-thread-1] INFO  impl.RaftServerImpl (ServerState.java:<init>(103)) - ac29337b-1f05-44ab-baf7-0ad511ed26a1@group-8F409F5E0C2F: ConfigurationManager, init=-1: [ac29337b-1f05-44ab-baf7-0ad511ed26a1:192.168.151.106:37931], old=null, confs=<EMPTY_MAP>
2019-09-25 07:27:35,365 [pool-27-thread-1] INFO  server.RaftServerConfigKeys (ConfUtils.java:logGet(43)) - raft.server.storage.dir = [/workdir/hadoop-ozone/ozonefs/target/test-dir/MiniOzoneClusterImpl-336849c0-54e0-42a2-92e3-a8dd7e6e8d6a/datanode-0/data/ratis] (custom)
2019-09-25 07:27:35,365 [pool-27-thread-1] INFO  storage.RaftStorageDirectory (RaftStorageDirectory.java:analyzeStorage(246)) - The storage directory /workdir/hadoop-ozone/ozonefs/target/test-dir/MiniOzoneClusterImpl-336849c0-54e0-42a2-92e3-a8dd7e6e8d6a/datanode-0/data/ratis/a220891f-21ae-44c7-b9bb-8f409f5e0c2f does not exist. Creating ...
2019-09-25 07:27:35,381 [pool-27-thread-1] INFO  storage.RaftStorageDirectory (RaftStorageDirectory.java:tryLock(328)) - Lock on /workdir/hadoop-ozone/ozonefs/target/test-dir/MiniOzoneClusterImpl-336849c0-54e0-42a2-92e3-a8dd7e6e8d6a/datanode-0/data/ratis/a220891f-21ae-44c7-b9bb-8f409f5e0c2f/in_use.lock acquired by nodename 14720@pr-hdds-1569-x2sr2-3486766547
2019-09-25 07:27:35,394 [pool-27-thread-1] INFO  storage.RaftStorage (RaftStorage.java:format(72)) - Storage directory /workdir/hadoop-ozone/ozonefs/target/test-dir/MiniOzoneClusterImpl-336849c0-54e0-42a2-92e3-a8dd7e6e8d6a/datanode-0/data/ratis/a220891f-21ae-44c7-b9bb-8f409f5e0c2f has been successfully formatted.
2019-09-25 07:27:35,394 [pool-27-thread-1] INFO  ratis.ContainerStateMachine (ContainerStateMachine.java:loadSnapshot(230)) - group-8F409F5E0C2F: The snapshot info is null. Setting the last applied indexto:(t:0, i:~)
2019-09-25 07:27:35,395 [pool-27-thread-1] INFO  server.RaftServerConfigKeys (ConfUtils.java:logGet(43)) - raft.server.notification.no-leader.timeout = 120s (custom)
2019-09-25 07:27:35,395 [pool-27-thread-1] INFO  server.RaftServerConfigKeys (ConfUtils.java:logGet(43)) - raft.server.log.use.memory = false (default)
2019-09-25 07:27:35,395 [pool-27-thread-1] INFO  server.RaftServerConfigKeys (ConfUtils.java:logGet(43)) - raft.server.log.purge.gap = 1000000 (custom)
2019-09-25 07:27:35,395 [pool-27-thread-1] INFO  server.RaftServerConfigKeys (ConfUtils.java:logGet(43)) - raft.server.log.appender.buffer.byte-limit = 33554432 (custom)
2019-09-25 07:27:35,395 [pool-27-thread-1] INFO  server.RaftServerConfigKeys (ConfUtils.java:logGet(43)) - raft.server.log.segment.size.max = 1048576 (custom)
2019-09-25 07:27:35,396 [pool-27-thread-1] INFO  server.RaftServerConfigKeys (ConfUtils.java:logGet(43)) - raft.server.log.segment.cache.num.max = 2 (custom)
2019-09-25 07:27:35,396 [pool-27-thread-1] INFO  segmented.SegmentedRaftLogWorker (SegmentedRaftLogWorker.java:<init>(172)) - new ac29337b-1f05-44ab-baf7-0ad511ed26a1@group-8F409F5E0C2F-SegmentedRaftLogWorker for RaftStorage:Storage Directory /workdir/hadoop-ozone/ozonefs/target/test-dir/MiniOzoneClusterImpl-336849c0-54e0-42a2-92e3-a8dd7e6e8d6a/datanode-0/data/ratis/a220891f-21ae-44c7-b9bb-8f409f5e0c2f
2019-09-25 07:27:35,396 [pool-27-thread-1] INFO  server.RaftServerConfigKeys (ConfUtils.java:logGet(43)) - raft.server.log.queue.byte-limit = 2147483647 (custom)
2019-09-25 07:27:35,396 [pool-27-thread-1] INFO  server.RaftServerConfigKeys (ConfUtils.java:logGet(43)) - raft.server.log.queue.element-limit = 1024 (custom)
2019-09-25 07:27:35,396 [pool-27-thread-1] INFO  server.RaftServerConfigKeys (ConfUtils.java:logGet(43)) - raft.server.log.segment.size.max = 1048576 (custom)
2019-09-25 07:27:35,396 [pool-27-thread-1] INFO  server.RaftServerConfigKeys (ConfUtils.java:logGet(43)) - raft.server.log.preallocated.size = 16384 (custom)
2019-09-25 07:27:35,396 [pool-27-thread-1] INFO  server.RaftServerConfigKeys (ConfUtils.java:logGet(43)) - raft.server.log.write.buffer.size = 33554432 (custom)
2019-09-25 07:27:35,397 [pool-27-thread-1] INFO  server.RaftServerConfigKeys (ConfUtils.java:logGet(43)) - raft.server.log.force.sync.num = 128 (default)
2019-09-25 07:27:35,397 [pool-27-thread-1] INFO  server.RaftServerConfigKeys (ConfUtils.java:logGet(43)) - raft.server.log.statemachine.data.sync = true (default)
2019-09-25 07:27:35,397 [pool-27-thread-1] INFO  server.RaftServerConfigKeys (ConfUtils.java:logGet(43)) - raft.server.log.statemachine.data.sync.timeout = 10s (default)
2019-09-25 07:27:35,397 [pool-27-thread-1] INFO  server.RaftServerConfigKeys (ConfUtils.java:logGet(43)) - raft.server.log.statemachine.data.sync.timeout.retry = -1 (default)
2019-09-25 07:27:35,397 [pool-27-thread-1] INFO  server.RaftServerConfigKeys (ConfUtils.java:logGet(43)) - raft.server.log.statemachine.data.caching.enabled = true (custom)
2019-09-25 07:27:35,398 [pool-27-thread-1] INFO  segmented.SegmentedRaftLogWorker (SegmentedRaftLogWorker.java:lambda$new$0(132)) - ac29337b-1f05-44ab-baf7-0ad511ed26a1@group-8F409F5E0C2F-SegmentedRaftLogWorker: flushIndex: setUnconditionally 0 -> -1
2019-09-25 07:27:35,398 [pool-27-thread-1] INFO  server.RaftServerConfigKeys (ConfUtils.java:logGet(43)) - raft.server.snapshot.auto.trigger.enabled = true (custom)
2019-09-25 07:27:35,398 [pool-27-thread-1] INFO  server.RaftServerConfigKeys (ConfUtils.java:logGet(43)) - raft.server.snapshot.auto.trigger.threshold = 10000 (custom)
2019-09-25 07:27:35,398 [pool-27-thread-1] INFO  server.RaftServerConfigKeys (ConfUtils.java:logGet(43)) - raft.server.snapshot.retention.num.files = 5 (custom)
2019-09-25 07:27:35,399 [pool-27-thread-1] INFO  server.RaftServerConfigKeys (ConfUtils.java:logGet(43)) - raft.server.retrycache.expirytime = 600000ms (custom)
2019-09-25 07:27:35,401 [pool-27-thread-1] INFO  impl.RaftServerImpl (RaftServerImpl.java:start(185)) - ac29337b-1f05-44ab-baf7-0ad511ed26a1@group-8F409F5E0C2F: start as a follower, conf=-1: [ac29337b-1f05-44ab-baf7-0ad511ed26a1:192.168.151.106:37931], old=null
2019-09-25 07:27:35,401 [pool-27-thread-1] INFO  impl.RaftServerImpl (RaftServerImpl.java:setRole(174)) - ac29337b-1f05-44ab-baf7-0ad511ed26a1@group-8F409F5E0C2F: changes role from      null to FOLLOWER at term 0 for startAsFollower
2019-09-25 07:27:35,402 [pool-27-thread-1] INFO  impl.RoleInfo (RoleInfo.java:updateAndGet(143)) - ac29337b-1f05-44ab-baf7-0ad511ed26a1: start FollowerState
2019-09-25 07:27:35,402 [pool-27-thread-1] INFO  util.JmxRegister (JmxRegister.java:tryRegister(44)) - Successfully registered JMX Bean with object name Ratis:service=RaftServer,group=group-8F409F5E0C2F,id=ac29337b-1f05-44ab-baf7-0ad511ed26a1
2019-09-25 07:27:35,408 [RatisPipelineUtilsThread] INFO  pipeline.PipelineStateManager (PipelineStateManager.java:addPipeline(56)) - Created pipeline Pipeline[ Id: a220891f-21ae-44c7-b9bb-8f409f5e0c2f, Nodes: ac29337b-1f05-44ab-baf7-0ad511ed26a1{ip: 192.168.151.106, host: pr-hdds-1569-x2sr2-3486766547, networkLocation: /default-rack, certSerialId: null}, Type:RATIS, Factor:ONE, State:OPEN]
2019-09-25 07:27:35,422 [grpc-default-executor-0] INFO  impl.RaftServerProxy (RaftServerProxy.java:addNew(89)) - ad28d3ec-40f8-4bc1-a274-453df443249c: addNew group-084A7F7FCEB7:[ad28d3ec-40f8-4bc1-a274-453df443249c:192.168.151.106:42516] returns group-084A7F7FCEB7:java.util.concurrent.CompletableFuture@57a500d9[Not completed]
2019-09-25 07:27:35,427 [pool-77-thread-1] INFO  impl.RaftServerImpl (RaftServerImpl.java:<init>(95)) - ad28d3ec-40f8-4bc1-a274-453df443249c: new RaftServerImpl for group-084A7F7FCEB7:[ad28d3ec-40f8-4bc1-a274-453df443249c:192.168.151.106:42516] with ContainerStateMachine:uninitialized
2019-09-25 07:27:35,428 [pool-77-thread-1] INFO  server.RaftServerConfigKeys (ConfUtils.java:logGet(43)) - raft.server.rpc.timeout.min = 5s (custom)
2019-09-25 07:27:35,428 [pool-77-thread-1] INFO  server.RaftServerConfigKeys (ConfUtils.java:logGet(43)) - raft.server.rpc.timeout.max = 5200ms (custom)
2019-09-25 07:27:35,428 [pool-77-thread-1] INFO  server.RaftServerConfigKeys (ConfUtils.java:logGet(43)) - raft.server.rpcslowness.timeout = 120s (custom)
2019-09-25 07:27:35,428 [pool-77-thread-1] INFO  server.RaftServerConfigKeys (ConfUtils.java:logGet(43)) - raft.server.sleep.deviation.threshold = 300 (default)
2019-09-25 07:27:35,428 [pool-77-thread-1] INFO  server.RaftServerConfigKeys (ConfUtils.java:logGet(43)) - raft.server.log.appender.install.snapshot.enabled = false (custom)
2019-09-25 07:27:35,428 [pool-77-thread-1] INFO  impl.RaftServerImpl (ServerState.java:<init>(103)) - ad28d3ec-40f8-4bc1-a274-453df443249c@group-084A7F7FCEB7: ConfigurationManager, init=-1: [ad28d3ec-40f8-4bc1-a274-453df443249c:192.168.151.106:42516], old=null, confs=<EMPTY_MAP>
2019-09-25 07:27:35,428 [pool-77-thread-1] INFO  server.RaftServerConfigKeys (ConfUtils.java:logGet(43)) - raft.server.storage.dir = [/workdir/hadoop-ozone/ozonefs/target/test-dir/MiniOzoneClusterImpl-336849c0-54e0-42a2-92e3-a8dd7e6e8d6a/datanode-5/data/ratis] (custom)
2019-09-25 07:27:35,429 [pool-77-thread-1] INFO  storage.RaftStorageDirectory (RaftStorageDirectory.java:analyzeStorage(246)) - The storage directory /workdir/hadoop-ozone/ozonefs/target/test-dir/MiniOzoneClusterImpl-336849c0-54e0-42a2-92e3-a8dd7e6e8d6a/datanode-5/data/ratis/d7c5b194-5c34-4202-bc35-084a7f7fceb7 does not exist. Creating ...
2019-09-25 07:27:35,448 [pool-77-thread-1] INFO  storage.RaftStorageDirectory (RaftStorageDirectory.java:tryLock(328)) - Lock on /workdir/hadoop-ozone/ozonefs/target/test-dir/MiniOzoneClusterImpl-336849c0-54e0-42a2-92e3-a8dd7e6e8d6a/datanode-5/data/ratis/d7c5b194-5c34-4202-bc35-084a7f7fceb7/in_use.lock acquired by nodename 14720@pr-hdds-1569-x2sr2-3486766547
2019-09-25 07:27:35,464 [pool-77-thread-1] INFO  storage.RaftStorage (RaftStorage.java:format(72)) - Storage directory /workdir/hadoop-ozone/ozonefs/target/test-dir/MiniOzoneClusterImpl-336849c0-54e0-42a2-92e3-a8dd7e6e8d6a/datanode-5/data/ratis/d7c5b194-5c34-4202-bc35-084a7f7fceb7 has been successfully formatted.
2019-09-25 07:27:35,464 [pool-77-thread-1] INFO  ratis.ContainerStateMachine (ContainerStateMachine.java:loadSnapshot(230)) - group-084A7F7FCEB7: The snapshot info is null. Setting the last applied indexto:(t:0, i:~)
2019-09-25 07:27:35,464 [pool-77-thread-1] INFO  server.RaftServerConfigKeys (ConfUtils.java:logGet(43)) - raft.server.notification.no-leader.timeout = 120s (custom)
2019-09-25 07:27:35,464 [pool-77-thread-1] INFO  server.RaftServerConfigKeys (ConfUtils.java:logGet(43)) - raft.server.log.use.memory = false (default)
2019-09-25 07:27:35,465 [pool-77-thread-1] INFO  server.RaftServerConfigKeys (ConfUtils.java:logGet(43)) - raft.server.log.purge.gap = 1000000 (custom)
2019-09-25 07:27:35,465 [pool-77-thread-1] INFO  server.RaftServerConfigKeys (ConfUtils.java:logGet(43)) - raft.server.log.appender.buffer.byte-limit = 33554432 (custom)
2019-09-25 07:27:35,465 [pool-77-thread-1] INFO  server.RaftServerConfigKeys (ConfUtils.java:logGet(43)) - raft.server.log.segment.size.max = 1048576 (custom)
2019-09-25 07:27:35,465 [pool-77-thread-1] INFO  server.RaftServerConfigKeys (ConfUtils.java:logGet(43)) - raft.server.log.segment.cache.num.max = 2 (custom)
2019-09-25 07:27:35,465 [pool-77-thread-1] INFO  segmented.SegmentedRaftLogWorker (SegmentedRaftLogWorker.java:<init>(172)) - new ad28d3ec-40f8-4bc1-a274-453df443249c@group-084A7F7FCEB7-SegmentedRaftLogWorker for RaftStorage:Storage Directory /workdir/hadoop-ozone/ozonefs/target/test-dir/MiniOzoneClusterImpl-336849c0-54e0-42a2-92e3-a8dd7e6e8d6a/datanode-5/data/ratis/d7c5b194-5c34-4202-bc35-084a7f7fceb7
2019-09-25 07:27:35,467 [pool-77-thread-1] INFO  server.RaftServerConfigKeys (ConfUtils.java:logGet(43)) - raft.server.log.queue.byte-limit = 2147483647 (custom)
2019-09-25 07:27:35,467 [pool-77-thread-1] INFO  server.RaftServerConfigKeys (ConfUtils.java:logGet(43)) - raft.server.log.queue.element-limit = 1024 (custom)
2019-09-25 07:27:35,467 [pool-77-thread-1] INFO  server.RaftServerConfigKeys (ConfUtils.java:logGet(43)) - raft.server.log.segment.size.max = 1048576 (custom)
2019-09-25 07:27:35,467 [pool-77-thread-1] INFO  server.RaftServerConfigKeys (ConfUtils.java:logGet(43)) - raft.server.log.preallocated.size = 16384 (custom)
2019-09-25 07:27:35,467 [pool-77-thread-1] INFO  server.RaftServerConfigKeys (ConfUtils.java:logGet(43)) - raft.server.log.write.buffer.size = 33554432 (custom)
2019-09-25 07:27:35,468 [pool-77-thread-1] INFO  server.RaftServerConfigKeys (ConfUtils.java:logGet(43)) - raft.server.log.force.sync.num = 128 (default)
2019-09-25 07:27:35,468 [pool-77-thread-1] INFO  server.RaftServerConfigKeys (ConfUtils.java:logGet(43)) - raft.server.log.statemachine.data.sync = true (default)
2019-09-25 07:27:35,468 [pool-77-thread-1] INFO  server.RaftServerConfigKeys (ConfUtils.java:logGet(43)) - raft.server.log.statemachine.data.sync.timeout = 10s (default)
2019-09-25 07:27:35,468 [pool-77-thread-1] INFO  server.RaftServerConfigKeys (ConfUtils.java:logGet(43)) - raft.server.log.statemachine.data.sync.timeout.retry = -1 (default)
2019-09-25 07:27:35,468 [pool-77-thread-1] INFO  server.RaftServerConfigKeys (ConfUtils.java:logGet(43)) - raft.server.log.statemachine.data.caching.enabled = true (custom)
2019-09-25 07:27:35,468 [pool-77-thread-1] INFO  segmented.SegmentedRaftLogWorker (SegmentedRaftLogWorker.java:lambda$new$0(132)) - ad28d3ec-40f8-4bc1-a274-453df443249c@group-084A7F7FCEB7-SegmentedRaftLogWorker: flushIndex: setUnconditionally 0 -> -1
2019-09-25 07:27:35,469 [pool-77-thread-1] INFO  server.RaftServerConfigKeys (ConfUtils.java:logGet(43)) - raft.server.snapshot.auto.trigger.enabled = true (custom)
2019-09-25 07:27:35,469 [pool-77-thread-1] INFO  server.RaftServerConfigKeys (ConfUtils.java:logGet(43)) - raft.server.snapshot.auto.trigger.threshold = 10000 (custom)
2019-09-25 07:27:35,469 [pool-77-thread-1] INFO  server.RaftServerConfigKeys (ConfUtils.java:logGet(43)) - raft.server.snapshot.retention.num.files = 5 (custom)
2019-09-25 07:27:35,469 [pool-77-thread-1] INFO  server.RaftServerConfigKeys (ConfUtils.java:logGet(43)) - raft.server.retrycache.expirytime = 600000ms (custom)
2019-09-25 07:27:35,471 [pool-77-thread-1] INFO  impl.RaftServerImpl (RaftServerImpl.java:start(185)) - ad28d3ec-40f8-4bc1-a274-453df443249c@group-084A7F7FCEB7: start as a follower, conf=-1: [ad28d3ec-40f8-4bc1-a274-453df443249c:192.168.151.106:42516], old=null
2019-09-25 07:27:35,471 [pool-77-thread-1] INFO  impl.RaftServerImpl (RaftServerImpl.java:setRole(174)) - ad28d3ec-40f8-4bc1-a274-453df443249c@group-084A7F7FCEB7: changes role from      null to FOLLOWER at term 0 for startAsFollower
2019-09-25 07:27:35,471 [pool-77-thread-1] INFO  impl.RoleInfo (RoleInfo.java:updateAndGet(143)) - ad28d3ec-40f8-4bc1-a274-453df443249c: start FollowerState
2019-09-25 07:27:35,471 [pool-77-thread-1] INFO  util.JmxRegister (JmxRegister.java:tryRegister(44)) - Successfully registered JMX Bean with object name Ratis:service=RaftServer,group=group-084A7F7FCEB7,id=ad28d3ec-40f8-4bc1-a274-453df443249c
2019-09-25 07:27:35,477 [RatisPipelineUtilsThread] INFO  pipeline.PipelineStateManager (PipelineStateManager.java:addPipeline(56)) - Created pipeline Pipeline[ Id: d7c5b194-5c34-4202-bc35-084a7f7fceb7, Nodes: ad28d3ec-40f8-4bc1-a274-453df443249c{ip: 192.168.151.106, host: pr-hdds-1569-x2sr2-3486766547, networkLocation: /default-rack, certSerialId: null}, Type:RATIS, Factor:ONE, State:OPEN]
2019-09-25 07:27:35,489 [grpc-default-executor-0] INFO  impl.RaftServerProxy (RaftServerProxy.java:addNew(89)) - 253df5dc-ab25-4be3-9607-c7ead1a3aece: addNew group-B65234805E4F:[253df5dc-ab25-4be3-9607-c7ead1a3aece:192.168.151.106:34913] returns group-B65234805E4F:java.util.concurrent.CompletableFuture@240971dc[Not completed]
2019-09-25 07:27:35,491 [pool-107-thread-1] INFO  impl.RaftServerImpl (RaftServerImpl.java:<init>(95)) - 253df5dc-ab25-4be3-9607-c7ead1a3aece: new RaftServerImpl for group-B65234805E4F:[253df5dc-ab25-4be3-9607-c7ead1a3aece:192.168.151.106:34913] with ContainerStateMachine:uninitialized
2019-09-25 07:27:35,492 [pool-107-thread-1] INFO  server.RaftServerConfigKeys (ConfUtils.java:logGet(43)) - raft.server.rpc.timeout.min = 5s (custom)
2019-09-25 07:27:35,492 [pool-107-thread-1] INFO  server.RaftServerConfigKeys (ConfUtils.java:logGet(43)) - raft.server.rpc.timeout.max = 5200ms (custom)
2019-09-25 07:27:35,492 [pool-107-thread-1] INFO  server.RaftServerConfigKeys (ConfUtils.java:logGet(43)) - raft.server.rpcslowness.timeout = 120s (custom)
2019-09-25 07:27:35,492 [pool-107-thread-1] INFO  server.RaftServerConfigKeys (ConfUtils.java:logGet(43)) - raft.server.sleep.deviation.threshold = 300 (default)
2019-09-25 07:27:35,492 [pool-107-thread-1] INFO  server.RaftServerConfigKeys (ConfUtils.java:logGet(43)) - raft.server.log.appender.install.snapshot.enabled = false (custom)
2019-09-25 07:27:35,493 [pool-107-thread-1] INFO  impl.RaftServerImpl (ServerState.java:<init>(103)) - 253df5dc-ab25-4be3-9607-c7ead1a3aece@group-B65234805E4F: ConfigurationManager, init=-1: [253df5dc-ab25-4be3-9607-c7ead1a3aece:192.168.151.106:34913], old=null, confs=<EMPTY_MAP>
2019-09-25 07:27:35,493 [pool-107-thread-1] INFO  server.RaftServerConfigKeys (ConfUtils.java:logGet(43)) - raft.server.storage.dir = [/workdir/hadoop-ozone/ozonefs/target/test-dir/MiniOzoneClusterImpl-336849c0-54e0-42a2-92e3-a8dd7e6e8d6a/datanode-8/data/ratis] (custom)
2019-09-25 07:27:35,493 [pool-107-thread-1] INFO  storage.RaftStorageDirectory (RaftStorageDirectory.java:analyzeStorage(246)) - The storage directory /workdir/hadoop-ozone/ozonefs/target/test-dir/MiniOzoneClusterImpl-336849c0-54e0-42a2-92e3-a8dd7e6e8d6a/datanode-8/data/ratis/1260d3b8-f76f-45d7-b92e-b65234805e4f does not exist. Creating ...
2019-09-25 07:27:35,508 [pool-107-thread-1] INFO  storage.RaftStorageDirectory (RaftStorageDirectory.java:tryLock(328)) - Lock on /workdir/hadoop-ozone/ozonefs/target/test-dir/MiniOzoneClusterImpl-336849c0-54e0-42a2-92e3-a8dd7e6e8d6a/datanode-8/data/ratis/1260d3b8-f76f-45d7-b92e-b65234805e4f/in_use.lock acquired by nodename 14720@pr-hdds-1569-x2sr2-3486766547
2019-09-25 07:27:35,520 [pool-107-thread-1] INFO  storage.RaftStorage (RaftStorage.java:format(72)) - Storage directory /workdir/hadoop-ozone/ozonefs/target/test-dir/MiniOzoneClusterImpl-336849c0-54e0-42a2-92e3-a8dd7e6e8d6a/datanode-8/data/ratis/1260d3b8-f76f-45d7-b92e-b65234805e4f has been successfully formatted.
2019-09-25 07:27:35,521 [pool-107-thread-1] INFO  ratis.ContainerStateMachine (ContainerStateMachine.java:loadSnapshot(230)) - group-B65234805E4F: The snapshot info is null. Setting the last applied indexto:(t:0, i:~)
2019-09-25 07:27:35,521 [pool-107-thread-1] INFO  server.RaftServerConfigKeys (ConfUtils.java:logGet(43)) - raft.server.notification.no-leader.timeout = 120s (custom)
2019-09-25 07:27:35,521 [pool-107-thread-1] INFO  server.RaftServerConfigKeys (ConfUtils.java:logGet(43)) - raft.server.log.use.memory = false (default)
2019-09-25 07:27:35,521 [pool-107-thread-1] INFO  server.RaftServerConfigKeys (ConfUtils.java:logGet(43)) - raft.server.log.purge.gap = 1000000 (custom)
2019-09-25 07:27:35,521 [pool-107-thread-1] INFO  server.RaftServerConfigKeys (ConfUtils.java:logGet(43)) - raft.server.log.appender.buffer.byte-limit = 33554432 (custom)
2019-09-25 07:27:35,521 [pool-107-thread-1] INFO  server.RaftServerConfigKeys (ConfUtils.java:logGet(43)) - raft.server.log.segment.size.max = 1048576 (custom)
2019-09-25 07:27:35,521 [pool-107-thread-1] INFO  server.RaftServerConfigKeys (ConfUtils.java:logGet(43)) - raft.server.log.segment.cache.num.max = 2 (custom)
2019-09-25 07:27:35,521 [pool-107-thread-1] INFO  segmented.SegmentedRaftLogWorker (SegmentedRaftLogWorker.java:<init>(172)) - new 253df5dc-ab25-4be3-9607-c7ead1a3aece@group-B65234805E4F-SegmentedRaftLogWorker for RaftStorage:Storage Directory /workdir/hadoop-ozone/ozonefs/target/test-dir/MiniOzoneClusterImpl-336849c0-54e0-42a2-92e3-a8dd7e6e8d6a/datanode-8/data/ratis/1260d3b8-f76f-45d7-b92e-b65234805e4f
2019-09-25 07:27:35,521 [pool-107-thread-1] INFO  server.RaftServerConfigKeys (ConfUtils.java:logGet(43)) - raft.server.log.queue.byte-limit = 2147483647 (custom)
2019-09-25 07:27:35,522 [pool-107-thread-1] INFO  server.RaftServerConfigKeys (ConfUtils.java:logGet(43)) - raft.server.log.queue.element-limit = 1024 (custom)
2019-09-25 07:27:35,522 [pool-107-thread-1] INFO  server.RaftServerConfigKeys (ConfUtils.java:logGet(43)) - raft.server.log.segment.size.max = 1048576 (custom)
2019-09-25 07:27:35,522 [pool-107-thread-1] INFO  server.RaftServerConfigKeys (ConfUtils.java:logGet(43)) - raft.server.log.preallocated.size = 16384 (custom)
2019-09-25 07:27:35,522 [pool-107-thread-1] INFO  server.RaftServerConfigKeys (ConfUtils.java:logGet(43)) - raft.server.log.write.buffer.size = 33554432 (custom)
2019-09-25 07:27:35,522 [pool-107-thread-1] INFO  server.RaftServerConfigKeys (ConfUtils.java:logGet(43)) - raft.server.log.force.sync.num = 128 (default)
2019-09-25 07:27:35,522 [pool-107-thread-1] INFO  server.RaftServerConfigKeys (ConfUtils.java:logGet(43)) - raft.server.log.statemachine.data.sync = true (default)
2019-09-25 07:27:35,522 [pool-107-thread-1] INFO  server.RaftServerConfigKeys (ConfUtils.java:logGet(43)) - raft.server.log.statemachine.data.sync.timeout = 10s (default)
2019-09-25 07:27:35,522 [pool-107-thread-1] INFO  server.RaftServerConfigKeys (ConfUtils.java:logGet(43)) - raft.server.log.statemachine.data.sync.timeout.retry = -1 (default)
2019-09-25 07:27:35,523 [pool-107-thread-1] INFO  server.RaftServerConfigKeys (ConfUtils.java:logGet(43)) - raft.server.log.statemachine.data.caching.enabled = true (custom)
2019-09-25 07:27:35,523 [pool-107-thread-1] INFO  segmented.SegmentedRaftLogWorker (SegmentedRaftLogWorker.java:lambda$new$0(132)) - 253df5dc-ab25-4be3-9607-c7ead1a3aece@group-B65234805E4F-SegmentedRaftLogWorker: flushIndex: setUnconditionally 0 -> -1
2019-09-25 07:27:35,523 [pool-107-thread-1] INFO  server.RaftServerConfigKeys (ConfUtils.java:logGet(43)) - raft.server.snapshot.auto.trigger.enabled = true (custom)
2019-09-25 07:27:35,523 [pool-107-thread-1] INFO  server.RaftServerConfigKeys (ConfUtils.java:logGet(43)) - raft.server.snapshot.auto.trigger.threshold = 10000 (custom)
2019-09-25 07:27:35,523 [pool-107-thread-1] INFO  server.RaftServerConfigKeys (ConfUtils.java:logGet(43)) - raft.server.snapshot.retention.num.files = 5 (custom)
2019-09-25 07:27:35,523 [pool-107-thread-1] INFO  server.RaftServerConfigKeys (ConfUtils.java:logGet(43)) - raft.server.retrycache.expirytime = 600000ms (custom)
2019-09-25 07:27:35,526 [pool-107-thread-1] INFO  impl.RaftServerImpl (RaftServerImpl.java:start(185)) - 253df5dc-ab25-4be3-9607-c7ead1a3aece@group-B65234805E4F: start as a follower, conf=-1: [253df5dc-ab25-4be3-9607-c7ead1a3aece:192.168.151.106:34913], old=null
2019-09-25 07:27:35,526 [pool-107-thread-1] INFO  impl.RaftServerImpl (RaftServerImpl.java:setRole(174)) - 253df5dc-ab25-4be3-9607-c7ead1a3aece@group-B65234805E4F: changes role from      null to FOLLOWER at term 0 for startAsFollower
2019-09-25 07:27:35,526 [pool-107-thread-1] INFO  impl.RoleInfo (RoleInfo.java:updateAndGet(143)) - 253df5dc-ab25-4be3-9607-c7ead1a3aece: start FollowerState
2019-09-25 07:27:35,526 [pool-107-thread-1] INFO  util.JmxRegister (JmxRegister.java:tryRegister(44)) - Successfully registered JMX Bean with object name Ratis:service=RaftServer,group=group-B65234805E4F,id=253df5dc-ab25-4be3-9607-c7ead1a3aece
2019-09-25 07:27:35,532 [RatisPipelineUtilsThread] INFO  pipeline.PipelineStateManager (PipelineStateManager.java:addPipeline(56)) - Created pipeline Pipeline[ Id: 1260d3b8-f76f-45d7-b92e-b65234805e4f, Nodes: 253df5dc-ab25-4be3-9607-c7ead1a3aece{ip: 192.168.151.106, host: pr-hdds-1569-x2sr2-3486766547, networkLocation: /default-rack, certSerialId: null}, Type:RATIS, Factor:ONE, State:OPEN]
2019-09-25 07:27:35,552 [grpc-default-executor-0] INFO  impl.RaftServerProxy (RaftServerProxy.java:addNew(89)) - c642d074-6234-4917-85d3-a38353a695f7: addNew group-21F507338767:[c642d074-6234-4917-85d3-a38353a695f7:192.168.151.106:41023] returns group-21F507338767:java.util.concurrent.CompletableFuture@2315e061[Not completed]
2019-09-25 07:27:35,558 [pool-47-thread-1] INFO  impl.RaftServerImpl (RaftServerImpl.java:<init>(95)) - c642d074-6234-4917-85d3-a38353a695f7: new RaftServerImpl for group-21F507338767:[c642d074-6234-4917-85d3-a38353a695f7:192.168.151.106:41023] with ContainerStateMachine:uninitialized
2019-09-25 07:27:35,558 [pool-47-thread-1] INFO  server.RaftServerConfigKeys (ConfUtils.java:logGet(43)) - raft.server.rpc.timeout.min = 5s (custom)
2019-09-25 07:27:35,559 [pool-47-thread-1] INFO  server.RaftServerConfigKeys (ConfUtils.java:logGet(43)) - raft.server.rpc.timeout.max = 5200ms (custom)
2019-09-25 07:27:35,559 [pool-47-thread-1] INFO  server.RaftServerConfigKeys (ConfUtils.java:logGet(43)) - raft.server.rpcslowness.timeout = 120s (custom)
2019-09-25 07:27:35,559 [pool-47-thread-1] INFO  server.RaftServerConfigKeys (ConfUtils.java:logGet(43)) - raft.server.sleep.deviation.threshold = 300 (default)
2019-09-25 07:27:35,559 [pool-47-thread-1] INFO  server.RaftServerConfigKeys (ConfUtils.java:logGet(43)) - raft.server.log.appender.install.snapshot.enabled = false (custom)
2019-09-25 07:27:35,559 [pool-47-thread-1] INFO  impl.RaftServerImpl (ServerState.java:<init>(103)) - c642d074-6234-4917-85d3-a38353a695f7@group-21F507338767: ConfigurationManager, init=-1: [c642d074-6234-4917-85d3-a38353a695f7:192.168.151.106:41023], old=null, confs=<EMPTY_MAP>
2019-09-25 07:27:35,559 [pool-47-thread-1] INFO  server.RaftServerConfigKeys (ConfUtils.java:logGet(43)) - raft.server.storage.dir = [/workdir/hadoop-ozone/ozonefs/target/test-dir/MiniOzoneClusterImpl-336849c0-54e0-42a2-92e3-a8dd7e6e8d6a/datanode-2/data/ratis] (custom)
2019-09-25 07:27:35,560 [pool-47-thread-1] INFO  storage.RaftStorageDirectory (RaftStorageDirectory.java:analyzeStorage(246)) - The storage directory /workdir/hadoop-ozone/ozonefs/target/test-dir/MiniOzoneClusterImpl-336849c0-54e0-42a2-92e3-a8dd7e6e8d6a/datanode-2/data/ratis/4420010b-b401-444c-91dc-21f507338767 does not exist. Creating ...
2019-09-25 07:27:35,583 [pool-47-thread-1] INFO  storage.RaftStorageDirectory (RaftStorageDirectory.java:tryLock(328)) - Lock on /workdir/hadoop-ozone/ozonefs/target/test-dir/MiniOzoneClusterImpl-336849c0-54e0-42a2-92e3-a8dd7e6e8d6a/datanode-2/data/ratis/4420010b-b401-444c-91dc-21f507338767/in_use.lock acquired by nodename 14720@pr-hdds-1569-x2sr2-3486766547
2019-09-25 07:27:35,601 [pool-47-thread-1] INFO  storage.RaftStorage (RaftStorage.java:format(72)) - Storage directory /workdir/hadoop-ozone/ozonefs/target/test-dir/MiniOzoneClusterImpl-336849c0-54e0-42a2-92e3-a8dd7e6e8d6a/datanode-2/data/ratis/4420010b-b401-444c-91dc-21f507338767 has been successfully formatted.
2019-09-25 07:27:35,601 [pool-47-thread-1] INFO  ratis.ContainerStateMachine (ContainerStateMachine.java:loadSnapshot(230)) - group-21F507338767: The snapshot info is null. Setting the last applied indexto:(t:0, i:~)
2019-09-25 07:27:35,601 [pool-47-thread-1] INFO  server.RaftServerConfigKeys (ConfUtils.java:logGet(43)) - raft.server.notification.no-leader.timeout = 120s (custom)
2019-09-25 07:27:35,602 [pool-47-thread-1] INFO  server.RaftServerConfigKeys (ConfUtils.java:logGet(43)) - raft.server.log.use.memory = false (default)
2019-09-25 07:27:35,602 [pool-47-thread-1] INFO  server.RaftServerConfigKeys (ConfUtils.java:logGet(43)) - raft.server.log.purge.gap = 1000000 (custom)
2019-09-25 07:27:35,602 [pool-47-thread-1] INFO  server.RaftServerConfigKeys (ConfUtils.java:logGet(43)) - raft.server.log.appender.buffer.byte-limit = 33554432 (custom)
2019-09-25 07:27:35,602 [pool-47-thread-1] INFO  server.RaftServerConfigKeys (ConfUtils.java:logGet(43)) - raft.server.log.segment.size.max = 1048576 (custom)
2019-09-25 07:27:35,602 [pool-47-thread-1] INFO  server.RaftServerConfigKeys (ConfUtils.java:logGet(43)) - raft.server.log.segment.cache.num.max = 2 (custom)
2019-09-25 07:27:35,602 [pool-47-thread-1] INFO  segmented.SegmentedRaftLogWorker (SegmentedRaftLogWorker.java:<init>(172)) - new c642d074-6234-4917-85d3-a38353a695f7@group-21F507338767-SegmentedRaftLogWorker for RaftStorage:Storage Directory /workdir/hadoop-ozone/ozonefs/target/test-dir/MiniOzoneClusterImpl-336849c0-54e0-42a2-92e3-a8dd7e6e8d6a/datanode-2/data/ratis/4420010b-b401-444c-91dc-21f507338767
2019-09-25 07:27:35,605 [pool-47-thread-1] INFO  server.RaftServerConfigKeys (ConfUtils.java:logGet(43)) - raft.server.log.queue.byte-limit = 2147483647 (custom)
2019-09-25 07:27:35,605 [pool-47-thread-1] INFO  server.RaftServerConfigKeys (ConfUtils.java:logGet(43)) - raft.server.log.queue.element-limit = 1024 (custom)
2019-09-25 07:27:35,606 [pool-47-thread-1] INFO  server.RaftServerConfigKeys (ConfUtils.java:logGet(43)) - raft.server.log.segment.size.max = 1048576 (custom)
2019-09-25 07:27:35,606 [pool-47-thread-1] INFO  server.RaftServerConfigKeys (ConfUtils.java:logGet(43)) - raft.server.log.preallocated.size = 16384 (custom)
2019-09-25 07:27:35,606 [pool-47-thread-1] INFO  server.RaftServerConfigKeys (ConfUtils.java:logGet(43)) - raft.server.log.write.buffer.size = 33554432 (custom)
2019-09-25 07:27:35,606 [pool-47-thread-1] INFO  server.RaftServerConfigKeys (ConfUtils.java:logGet(43)) - raft.server.log.force.sync.num = 128 (default)
2019-09-25 07:27:35,606 [pool-47-thread-1] INFO  server.RaftServerConfigKeys (ConfUtils.java:logGet(43)) - raft.server.log.statemachine.data.sync = true (default)
2019-09-25 07:27:35,606 [pool-47-thread-1] INFO  server.RaftServerConfigKeys (ConfUtils.java:logGet(43)) - raft.server.log.statemachine.data.sync.timeout = 10s (default)
2019-09-25 07:27:35,606 [pool-47-thread-1] INFO  server.RaftServerConfigKeys (ConfUtils.java:logGet(43)) - raft.server.log.statemachine.data.sync.timeout.retry = -1 (default)
2019-09-25 07:27:35,607 [pool-47-thread-1] INFO  server.RaftServerConfigKeys (ConfUtils.java:logGet(43)) - raft.server.log.statemachine.data.caching.enabled = true (custom)
2019-09-25 07:27:35,607 [pool-47-thread-1] INFO  segmented.SegmentedRaftLogWorker (SegmentedRaftLogWorker.java:lambda$new$0(132)) - c642d074-6234-4917-85d3-a38353a695f7@group-21F507338767-SegmentedRaftLogWorker: flushIndex: setUnconditionally 0 -> -1
2019-09-25 07:27:35,607 [pool-47-thread-1] INFO  server.RaftServerConfigKeys (ConfUtils.java:logGet(43)) - raft.server.snapshot.auto.trigger.enabled = true (custom)
2019-09-25 07:27:35,607 [pool-47-thread-1] INFO  server.RaftServerConfigKeys (ConfUtils.java:logGet(43)) - raft.server.snapshot.auto.trigger.threshold = 10000 (custom)
2019-09-25 07:27:35,608 [pool-47-thread-1] INFO  server.RaftServerConfigKeys (ConfUtils.java:logGet(43)) - raft.server.snapshot.retention.num.files = 5 (custom)
2019-09-25 07:27:35,608 [pool-47-thread-1] INFO  server.RaftServerConfigKeys (ConfUtils.java:logGet(43)) - raft.server.retrycache.expirytime = 600000ms (custom)
2019-09-25 07:27:35,610 [pool-47-thread-1] INFO  impl.RaftServerImpl (RaftServerImpl.java:start(185)) - c642d074-6234-4917-85d3-a38353a695f7@group-21F507338767: start as a follower, conf=-1: [c642d074-6234-4917-85d3-a38353a695f7:192.168.151.106:41023], old=null
2019-09-25 07:27:35,611 [pool-47-thread-1] INFO  impl.RaftServerImpl (RaftServerImpl.java:setRole(174)) - c642d074-6234-4917-85d3-a38353a695f7@group-21F507338767: changes role from      null to FOLLOWER at term 0 for startAsFollower
2019-09-25 07:27:35,611 [pool-47-thread-1] INFO  impl.RoleInfo (RoleInfo.java:updateAndGet(143)) - c642d074-6234-4917-85d3-a38353a695f7: start FollowerState
2019-09-25 07:27:35,611 [pool-47-thread-1] INFO  util.JmxRegister (JmxRegister.java:tryRegister(44)) - Successfully registered JMX Bean with object name Ratis:service=RaftServer,group=group-21F507338767,id=c642d074-6234-4917-85d3-a38353a695f7
2019-09-25 07:27:35,633 [RatisPipelineUtilsThread] INFO  pipeline.PipelineStateManager (PipelineStateManager.java:addPipeline(56)) - Created pipeline Pipeline[ Id: 4420010b-b401-444c-91dc-21f507338767, Nodes: c642d074-6234-4917-85d3-a38353a695f7{ip: 192.168.151.106, host: pr-hdds-1569-x2sr2-3486766547, networkLocation: /default-rack, certSerialId: null}, Type:RATIS, Factor:ONE, State:OPEN]
2019-09-25 07:27:35,666 [grpc-default-executor-0] INFO  impl.RaftServerProxy (RaftServerProxy.java:addNew(89)) - 9cc18591-be2f-448e-af7e-d5f4fba8f5f7: addNew group-F2A0DCBBDCF5:[9cc18591-be2f-448e-af7e-d5f4fba8f5f7:192.168.151.106:36443] returns group-F2A0DCBBDCF5:java.util.concurrent.CompletableFuture@177008f1[Not completed]
2019-09-25 07:27:35,667 [pool-37-thread-1] INFO  impl.RaftServerImpl (RaftServerImpl.java:<init>(95)) - 9cc18591-be2f-448e-af7e-d5f4fba8f5f7: new RaftServerImpl for group-F2A0DCBBDCF5:[9cc18591-be2f-448e-af7e-d5f4fba8f5f7:192.168.151.106:36443] with ContainerStateMachine:uninitialized
2019-09-25 07:27:35,667 [pool-37-thread-1] INFO  server.RaftServerConfigKeys (ConfUtils.java:logGet(43)) - raft.server.rpc.timeout.min = 5s (custom)
2019-09-25 07:27:35,667 [pool-37-thread-1] INFO  server.RaftServerConfigKeys (ConfUtils.java:logGet(43)) - raft.server.rpc.timeout.max = 5200ms (custom)
2019-09-25 07:27:35,668 [pool-37-thread-1] INFO  server.RaftServerConfigKeys (ConfUtils.java:logGet(43)) - raft.server.rpcslowness.timeout = 120s (custom)
2019-09-25 07:27:35,668 [pool-37-thread-1] INFO  server.RaftServerConfigKeys (ConfUtils.java:logGet(43)) - raft.server.sleep.deviation.threshold = 300 (default)
2019-09-25 07:27:35,668 [pool-37-thread-1] INFO  server.RaftServerConfigKeys (ConfUtils.java:logGet(43)) - raft.server.log.appender.install.snapshot.enabled = false (custom)
2019-09-25 07:27:35,668 [pool-37-thread-1] INFO  impl.RaftServerImpl (ServerState.java:<init>(103)) - 9cc18591-be2f-448e-af7e-d5f4fba8f5f7@group-F2A0DCBBDCF5: ConfigurationManager, init=-1: [9cc18591-be2f-448e-af7e-d5f4fba8f5f7:192.168.151.106:36443], old=null, confs=<EMPTY_MAP>
2019-09-25 07:27:35,668 [pool-37-thread-1] INFO  server.RaftServerConfigKeys (ConfUtils.java:logGet(43)) - raft.server.storage.dir = [/workdir/hadoop-ozone/ozonefs/target/test-dir/MiniOzoneClusterImpl-336849c0-54e0-42a2-92e3-a8dd7e6e8d6a/datanode-1/data/ratis] (custom)
2019-09-25 07:27:35,668 [pool-37-thread-1] INFO  storage.RaftStorageDirectory (RaftStorageDirectory.java:analyzeStorage(246)) - The storage directory /workdir/hadoop-ozone/ozonefs/target/test-dir/MiniOzoneClusterImpl-336849c0-54e0-42a2-92e3-a8dd7e6e8d6a/datanode-1/data/ratis/6d65151b-c338-4ebb-bca4-f2a0dcbbdcf5 does not exist. Creating ...
2019-09-25 07:27:35,681 [pool-37-thread-1] INFO  storage.RaftStorageDirectory (RaftStorageDirectory.java:tryLock(328)) - Lock on /workdir/hadoop-ozone/ozonefs/target/test-dir/MiniOzoneClusterImpl-336849c0-54e0-42a2-92e3-a8dd7e6e8d6a/datanode-1/data/ratis/6d65151b-c338-4ebb-bca4-f2a0dcbbdcf5/in_use.lock acquired by nodename 14720@pr-hdds-1569-x2sr2-3486766547
2019-09-25 07:27:35,693 [pool-37-thread-1] INFO  storage.RaftStorage (RaftStorage.java:format(72)) - Storage directory /workdir/hadoop-ozone/ozonefs/target/test-dir/MiniOzoneClusterImpl-336849c0-54e0-42a2-92e3-a8dd7e6e8d6a/datanode-1/data/ratis/6d65151b-c338-4ebb-bca4-f2a0dcbbdcf5 has been successfully formatted.
2019-09-25 07:27:35,693 [pool-37-thread-1] INFO  ratis.ContainerStateMachine (ContainerStateMachine.java:loadSnapshot(230)) - group-F2A0DCBBDCF5: The snapshot info is null. Setting the last applied indexto:(t:0, i:~)
2019-09-25 07:27:35,694 [pool-37-thread-1] INFO  server.RaftServerConfigKeys (ConfUtils.java:logGet(43)) - raft.server.notification.no-leader.timeout = 120s (custom)
2019-09-25 07:27:35,694 [pool-37-thread-1] INFO  server.RaftServerConfigKeys (ConfUtils.java:logGet(43)) - raft.server.log.use.memory = false (default)
2019-09-25 07:27:35,694 [pool-37-thread-1] INFO  server.RaftServerConfigKeys (ConfUtils.java:logGet(43)) - raft.server.log.purge.gap = 1000000 (custom)
2019-09-25 07:27:35,694 [pool-37-thread-1] INFO  server.RaftServerConfigKeys (ConfUtils.java:logGet(43)) - raft.server.log.appender.buffer.byte-limit = 33554432 (custom)
2019-09-25 07:27:35,694 [pool-37-thread-1] INFO  server.RaftServerConfigKeys (ConfUtils.java:logGet(43)) - raft.server.log.segment.size.max = 1048576 (custom)
2019-09-25 07:27:35,695 [pool-37-thread-1] INFO  server.RaftServerConfigKeys (ConfUtils.java:logGet(43)) - raft.server.log.segment.cache.num.max = 2 (custom)
2019-09-25 07:27:35,695 [pool-37-thread-1] INFO  segmented.SegmentedRaftLogWorker (SegmentedRaftLogWorker.java:<init>(172)) - new 9cc18591-be2f-448e-af7e-d5f4fba8f5f7@group-F2A0DCBBDCF5-SegmentedRaftLogWorker for RaftStorage:Storage Directory /workdir/hadoop-ozone/ozonefs/target/test-dir/MiniOzoneClusterImpl-336849c0-54e0-42a2-92e3-a8dd7e6e8d6a/datanode-1/data/ratis/6d65151b-c338-4ebb-bca4-f2a0dcbbdcf5
2019-09-25 07:27:35,695 [pool-37-thread-1] INFO  server.RaftServerConfigKeys (ConfUtils.java:logGet(43)) - raft.server.log.queue.byte-limit = 2147483647 (custom)
2019-09-25 07:27:35,695 [pool-37-thread-1] INFO  server.RaftServerConfigKeys (ConfUtils.java:logGet(43)) - raft.server.log.queue.element-limit = 1024 (custom)
2019-09-25 07:27:35,695 [pool-37-thread-1] INFO  server.RaftServerConfigKeys (ConfUtils.java:logGet(43)) - raft.server.log.segment.size.max = 1048576 (custom)
2019-09-25 07:27:35,696 [pool-37-thread-1] INFO  server.RaftServerConfigKeys (ConfUtils.java:logGet(43)) - raft.server.log.preallocated.size = 16384 (custom)
2019-09-25 07:27:35,696 [pool-37-thread-1] INFO  server.RaftServerConfigKeys (ConfUtils.java:logGet(43)) - raft.server.log.write.buffer.size = 33554432 (custom)
2019-09-25 07:27:35,696 [pool-37-thread-1] INFO  server.RaftServerConfigKeys (ConfUtils.java:logGet(43)) - raft.server.log.force.sync.num = 128 (default)
2019-09-25 07:27:35,696 [pool-37-thread-1] INFO  server.RaftServerConfigKeys (ConfUtils.java:logGet(43)) - raft.server.log.statemachine.data.sync = true (default)
2019-09-25 07:27:35,696 [pool-37-thread-1] INFO  server.RaftServerConfigKeys (ConfUtils.java:logGet(43)) - raft.server.log.statemachine.data.sync.timeout = 10s (default)
2019-09-25 07:27:35,696 [pool-37-thread-1] INFO  server.RaftServerConfigKeys (ConfUtils.java:logGet(43)) - raft.server.log.statemachine.data.sync.timeout.retry = -1 (default)
2019-09-25 07:27:35,704 [pool-37-thread-1] INFO  server.RaftServerConfigKeys (ConfUtils.java:logGet(43)) - raft.server.log.statemachine.data.caching.enabled = true (custom)
2019-09-25 07:27:35,705 [pool-37-thread-1] INFO  segmented.SegmentedRaftLogWorker (SegmentedRaftLogWorker.java:lambda$new$0(132)) - 9cc18591-be2f-448e-af7e-d5f4fba8f5f7@group-F2A0DCBBDCF5-SegmentedRaftLogWorker: flushIndex: setUnconditionally 0 -> -1
2019-09-25 07:27:35,705 [pool-37-thread-1] INFO  server.RaftServerConfigKeys (ConfUtils.java:logGet(43)) - raft.server.snapshot.auto.trigger.enabled = true (custom)
2019-09-25 07:27:35,705 [pool-37-thread-1] INFO  server.RaftServerConfigKeys (ConfUtils.java:logGet(43)) - raft.server.snapshot.auto.trigger.threshold = 10000 (custom)
2019-09-25 07:27:35,706 [pool-37-thread-1] INFO  server.RaftServerConfigKeys (ConfUtils.java:logGet(43)) - raft.server.snapshot.retention.num.files = 5 (custom)
2019-09-25 07:27:35,706 [pool-37-thread-1] INFO  server.RaftServerConfigKeys (ConfUtils.java:logGet(43)) - raft.server.retrycache.expirytime = 600000ms (custom)
2019-09-25 07:27:35,709 [pool-37-thread-1] INFO  impl.RaftServerImpl (RaftServerImpl.java:start(185)) - 9cc18591-be2f-448e-af7e-d5f4fba8f5f7@group-F2A0DCBBDCF5: start as a follower, conf=-1: [9cc18591-be2f-448e-af7e-d5f4fba8f5f7:192.168.151.106:36443], old=null
2019-09-25 07:27:35,709 [pool-37-thread-1] INFO  impl.RaftServerImpl (RaftServerImpl.java:setRole(174)) - 9cc18591-be2f-448e-af7e-d5f4fba8f5f7@group-F2A0DCBBDCF5: changes role from      null to FOLLOWER at term 0 for startAsFollower
2019-09-25 07:27:35,709 [pool-37-thread-1] INFO  impl.RoleInfo (RoleInfo.java:updateAndGet(143)) - 9cc18591-be2f-448e-af7e-d5f4fba8f5f7: start FollowerState
2019-09-25 07:27:35,717 [pool-37-thread-1] INFO  util.JmxRegister (JmxRegister.java:tryRegister(44)) - Successfully registered JMX Bean with object name Ratis:service=RaftServer,group=group-F2A0DCBBDCF5,id=9cc18591-be2f-448e-af7e-d5f4fba8f5f7
2019-09-25 07:27:35,735 [RatisPipelineUtilsThread] INFO  pipeline.PipelineStateManager (PipelineStateManager.java:addPipeline(56)) - Created pipeline Pipeline[ Id: 6d65151b-c338-4ebb-bca4-f2a0dcbbdcf5, Nodes: 9cc18591-be2f-448e-af7e-d5f4fba8f5f7{ip: 192.168.151.106, host: pr-hdds-1569-x2sr2-3486766547, networkLocation: /default-rack, certSerialId: null}, Type:RATIS, Factor:ONE, State:OPEN]
2019-09-25 07:27:35,747 [grpc-default-executor-0] INFO  impl.RaftServerProxy (RaftServerProxy.java:addNew(89)) - a0827fcf-c5ce-4373-8734-1ec063924bc7: addNew group-22646A2D522A:[a0827fcf-c5ce-4373-8734-1ec063924bc7:192.168.151.106:34656] returns group-22646A2D522A:java.util.concurrent.CompletableFuture@5cf04c17[Not completed]
2019-09-25 07:27:35,748 [pool-97-thread-1] INFO  impl.RaftServerImpl (RaftServerImpl.java:<init>(95)) - a0827fcf-c5ce-4373-8734-1ec063924bc7: new RaftServerImpl for group-22646A2D522A:[a0827fcf-c5ce-4373-8734-1ec063924bc7:192.168.151.106:34656] with ContainerStateMachine:uninitialized
2019-09-25 07:27:35,748 [pool-97-thread-1] INFO  server.RaftServerConfigKeys (ConfUtils.java:logGet(43)) - raft.server.rpc.timeout.min = 5s (custom)
2019-09-25 07:27:35,749 [pool-97-thread-1] INFO  server.RaftServerConfigKeys (ConfUtils.java:logGet(43)) - raft.server.rpc.timeout.max = 5200ms (custom)
2019-09-25 07:27:35,749 [pool-97-thread-1] INFO  server.RaftServerConfigKeys (ConfUtils.java:logGet(43)) - raft.server.rpcslowness.timeout = 120s (custom)
2019-09-25 07:27:35,749 [pool-97-thread-1] INFO  server.RaftServerConfigKeys (ConfUtils.java:logGet(43)) - raft.server.sleep.deviation.threshold = 300 (default)
2019-09-25 07:27:35,749 [pool-97-thread-1] INFO  server.RaftServerConfigKeys (ConfUtils.java:logGet(43)) - raft.server.log.appender.install.snapshot.enabled = false (custom)
2019-09-25 07:27:35,749 [pool-97-thread-1] INFO  impl.RaftServerImpl (ServerState.java:<init>(103)) - a0827fcf-c5ce-4373-8734-1ec063924bc7@group-22646A2D522A: ConfigurationManager, init=-1: [a0827fcf-c5ce-4373-8734-1ec063924bc7:192.168.151.106:34656], old=null, confs=<EMPTY_MAP>
2019-09-25 07:27:35,749 [pool-97-thread-1] INFO  server.RaftServerConfigKeys (ConfUtils.java:logGet(43)) - raft.server.storage.dir = [/workdir/hadoop-ozone/ozonefs/target/test-dir/MiniOzoneClusterImpl-336849c0-54e0-42a2-92e3-a8dd7e6e8d6a/datanode-7/data/ratis] (custom)
2019-09-25 07:27:35,750 [pool-97-thread-1] INFO  storage.RaftStorageDirectory (RaftStorageDirectory.java:analyzeStorage(246)) - The storage directory /workdir/hadoop-ozone/ozonefs/target/test-dir/MiniOzoneClusterImpl-336849c0-54e0-42a2-92e3-a8dd7e6e8d6a/datanode-7/data/ratis/b4ce89e4-eef7-4f2c-9525-22646a2d522a does not exist. Creating ...
2019-09-25 07:27:35,764 [pool-97-thread-1] INFO  storage.RaftStorageDirectory (RaftStorageDirectory.java:tryLock(328)) - Lock on /workdir/hadoop-ozone/ozonefs/target/test-dir/MiniOzoneClusterImpl-336849c0-54e0-42a2-92e3-a8dd7e6e8d6a/datanode-7/data/ratis/b4ce89e4-eef7-4f2c-9525-22646a2d522a/in_use.lock acquired by nodename 14720@pr-hdds-1569-x2sr2-3486766547
2019-09-25 07:27:35,777 [pool-97-thread-1] INFO  storage.RaftStorage (RaftStorage.java:format(72)) - Storage directory /workdir/hadoop-ozone/ozonefs/target/test-dir/MiniOzoneClusterImpl-336849c0-54e0-42a2-92e3-a8dd7e6e8d6a/datanode-7/data/ratis/b4ce89e4-eef7-4f2c-9525-22646a2d522a has been successfully formatted.
2019-09-25 07:27:35,778 [pool-97-thread-1] INFO  ratis.ContainerStateMachine (ContainerStateMachine.java:loadSnapshot(230)) - group-22646A2D522A: The snapshot info is null. Setting the last applied indexto:(t:0, i:~)
2019-09-25 07:27:35,778 [pool-97-thread-1] INFO  server.RaftServerConfigKeys (ConfUtils.java:logGet(43)) - raft.server.notification.no-leader.timeout = 120s (custom)
2019-09-25 07:27:35,778 [pool-97-thread-1] INFO  server.RaftServerConfigKeys (ConfUtils.java:logGet(43)) - raft.server.log.use.memory = false (default)
2019-09-25 07:27:35,778 [pool-97-thread-1] INFO  server.RaftServerConfigKeys (ConfUtils.java:logGet(43)) - raft.server.log.purge.gap = 1000000 (custom)
2019-09-25 07:27:35,778 [pool-97-thread-1] INFO  server.RaftServerConfigKeys (ConfUtils.java:logGet(43)) - raft.server.log.appender.buffer.byte-limit = 33554432 (custom)
2019-09-25 07:27:35,779 [pool-97-thread-1] INFO  server.RaftServerConfigKeys (ConfUtils.java:logGet(43)) - raft.server.log.segment.size.max = 1048576 (custom)
2019-09-25 07:27:35,779 [pool-97-thread-1] INFO  server.RaftServerConfigKeys (ConfUtils.java:logGet(43)) - raft.server.log.segment.cache.num.max = 2 (custom)
2019-09-25 07:27:35,779 [pool-97-thread-1] INFO  segmented.SegmentedRaftLogWorker (SegmentedRaftLogWorker.java:<init>(172)) - new a0827fcf-c5ce-4373-8734-1ec063924bc7@group-22646A2D522A-SegmentedRaftLogWorker for RaftStorage:Storage Directory /workdir/hadoop-ozone/ozonefs/target/test-dir/MiniOzoneClusterImpl-336849c0-54e0-42a2-92e3-a8dd7e6e8d6a/datanode-7/data/ratis/b4ce89e4-eef7-4f2c-9525-22646a2d522a
2019-09-25 07:27:35,779 [pool-97-thread-1] INFO  server.RaftServerConfigKeys (ConfUtils.java:logGet(43)) - raft.server.log.queue.byte-limit = 2147483647 (custom)
2019-09-25 07:27:35,779 [pool-97-thread-1] INFO  server.RaftServerConfigKeys (ConfUtils.java:logGet(43)) - raft.server.log.queue.element-limit = 1024 (custom)
2019-09-25 07:27:35,779 [pool-97-thread-1] INFO  server.RaftServerConfigKeys (ConfUtils.java:logGet(43)) - raft.server.log.segment.size.max = 1048576 (custom)
2019-09-25 07:27:35,779 [pool-97-thread-1] INFO  server.RaftServerConfigKeys (ConfUtils.java:logGet(43)) - raft.server.log.preallocated.size = 16384 (custom)
2019-09-25 07:27:35,780 [pool-97-thread-1] INFO  server.RaftServerConfigKeys (ConfUtils.java:logGet(43)) - raft.server.log.write.buffer.size = 33554432 (custom)
2019-09-25 07:27:35,780 [pool-97-thread-1] INFO  server.RaftServerConfigKeys (ConfUtils.java:logGet(43)) - raft.server.log.force.sync.num = 128 (default)
2019-09-25 07:27:35,780 [pool-97-thread-1] INFO  server.RaftServerConfigKeys (ConfUtils.java:logGet(43)) - raft.server.log.statemachine.data.sync = true (default)
2019-09-25 07:27:35,780 [pool-97-thread-1] INFO  server.RaftServerConfigKeys (ConfUtils.java:logGet(43)) - raft.server.log.statemachine.data.sync.timeout = 10s (default)
2019-09-25 07:27:35,780 [pool-97-thread-1] INFO  server.RaftServerConfigKeys (ConfUtils.java:logGet(43)) - raft.server.log.statemachine.data.sync.timeout.retry = -1 (default)
2019-09-25 07:27:35,781 [pool-97-thread-1] INFO  server.RaftServerConfigKeys (ConfUtils.java:logGet(43)) - raft.server.log.statemachine.data.caching.enabled = true (custom)
2019-09-25 07:27:35,781 [pool-97-thread-1] INFO  segmented.SegmentedRaftLogWorker (SegmentedRaftLogWorker.java:lambda$new$0(132)) - a0827fcf-c5ce-4373-8734-1ec063924bc7@group-22646A2D522A-SegmentedRaftLogWorker: flushIndex: setUnconditionally 0 -> -1
2019-09-25 07:27:35,781 [pool-97-thread-1] INFO  server.RaftServerConfigKeys (ConfUtils.java:logGet(43)) - raft.server.snapshot.auto.trigger.enabled = true (custom)
2019-09-25 07:27:35,781 [pool-97-thread-1] INFO  server.RaftServerConfigKeys (ConfUtils.java:logGet(43)) - raft.server.snapshot.auto.trigger.threshold = 10000 (custom)
2019-09-25 07:27:35,782 [pool-97-thread-1] INFO  server.RaftServerConfigKeys (ConfUtils.java:logGet(43)) - raft.server.snapshot.retention.num.files = 5 (custom)
2019-09-25 07:27:35,782 [pool-97-thread-1] INFO  server.RaftServerConfigKeys (ConfUtils.java:logGet(43)) - raft.server.retrycache.expirytime = 600000ms (custom)
2019-09-25 07:27:35,784 [pool-97-thread-1] INFO  impl.RaftServerImpl (RaftServerImpl.java:start(185)) - a0827fcf-c5ce-4373-8734-1ec063924bc7@group-22646A2D522A: start as a follower, conf=-1: [a0827fcf-c5ce-4373-8734-1ec063924bc7:192.168.151.106:34656], old=null
2019-09-25 07:27:35,784 [pool-97-thread-1] INFO  impl.RaftServerImpl (RaftServerImpl.java:setRole(174)) - a0827fcf-c5ce-4373-8734-1ec063924bc7@group-22646A2D522A: changes role from      null to FOLLOWER at term 0 for startAsFollower
2019-09-25 07:27:35,785 [pool-97-thread-1] INFO  impl.RoleInfo (RoleInfo.java:updateAndGet(143)) - a0827fcf-c5ce-4373-8734-1ec063924bc7: start FollowerState
2019-09-25 07:27:35,785 [pool-97-thread-1] INFO  util.JmxRegister (JmxRegister.java:tryRegister(44)) - Successfully registered JMX Bean with object name Ratis:service=RaftServer,group=group-22646A2D522A,id=a0827fcf-c5ce-4373-8734-1ec063924bc7
2019-09-25 07:27:35,792 [RatisPipelineUtilsThread] INFO  pipeline.PipelineStateManager (PipelineStateManager.java:addPipeline(56)) - Created pipeline Pipeline[ Id: b4ce89e4-eef7-4f2c-9525-22646a2d522a, Nodes: a0827fcf-c5ce-4373-8734-1ec063924bc7{ip: 192.168.151.106, host: pr-hdds-1569-x2sr2-3486766547, networkLocation: /default-rack, certSerialId: null}, Type:RATIS, Factor:ONE, State:OPEN]
2019-09-25 07:27:35,805 [grpc-default-executor-0] INFO  impl.RaftServerProxy (RaftServerProxy.java:addNew(89)) - 600943d5-c424-432f-84b9-a00c1c65f122: addNew group-D30F9EEB555A:[600943d5-c424-432f-84b9-a00c1c65f122:192.168.151.106:33383] returns group-D30F9EEB555A:java.util.concurrent.CompletableFuture@689c12c3[Not completed]
2019-09-25 07:27:35,808 [pool-87-thread-1] INFO  impl.RaftServerImpl (RaftServerImpl.java:<init>(95)) - 600943d5-c424-432f-84b9-a00c1c65f122: new RaftServerImpl for group-D30F9EEB555A:[600943d5-c424-432f-84b9-a00c1c65f122:192.168.151.106:33383] with ContainerStateMachine:uninitialized
2019-09-25 07:27:35,808 [pool-87-thread-1] INFO  server.RaftServerConfigKeys (ConfUtils.java:logGet(43)) - raft.server.rpc.timeout.min = 5s (custom)
2019-09-25 07:27:35,808 [pool-87-thread-1] INFO  server.RaftServerConfigKeys (ConfUtils.java:logGet(43)) - raft.server.rpc.timeout.max = 5200ms (custom)
2019-09-25 07:27:35,808 [pool-87-thread-1] INFO  server.RaftServerConfigKeys (ConfUtils.java:logGet(43)) - raft.server.rpcslowness.timeout = 120s (custom)
2019-09-25 07:27:35,808 [pool-87-thread-1] INFO  server.RaftServerConfigKeys (ConfUtils.java:logGet(43)) - raft.server.sleep.deviation.threshold = 300 (default)
2019-09-25 07:27:35,808 [pool-87-thread-1] INFO  server.RaftServerConfigKeys (ConfUtils.java:logGet(43)) - raft.server.log.appender.install.snapshot.enabled = false (custom)
2019-09-25 07:27:35,809 [pool-87-thread-1] INFO  impl.RaftServerImpl (ServerState.java:<init>(103)) - 600943d5-c424-432f-84b9-a00c1c65f122@group-D30F9EEB555A: ConfigurationManager, init=-1: [600943d5-c424-432f-84b9-a00c1c65f122:192.168.151.106:33383], old=null, confs=<EMPTY_MAP>
2019-09-25 07:27:35,809 [pool-87-thread-1] INFO  server.RaftServerConfigKeys (ConfUtils.java:logGet(43)) - raft.server.storage.dir = [/workdir/hadoop-ozone/ozonefs/target/test-dir/MiniOzoneClusterImpl-336849c0-54e0-42a2-92e3-a8dd7e6e8d6a/datanode-6/data/ratis] (custom)
2019-09-25 07:27:35,809 [pool-87-thread-1] INFO  storage.RaftStorageDirectory (RaftStorageDirectory.java:analyzeStorage(246)) - The storage directory /workdir/hadoop-ozone/ozonefs/target/test-dir/MiniOzoneClusterImpl-336849c0-54e0-42a2-92e3-a8dd7e6e8d6a/datanode-6/data/ratis/76954505-eda1-4028-af47-d30f9eeb555a does not exist. Creating ...
2019-09-25 07:27:35,822 [pool-87-thread-1] INFO  storage.RaftStorageDirectory (RaftStorageDirectory.java:tryLock(328)) - Lock on /workdir/hadoop-ozone/ozonefs/target/test-dir/MiniOzoneClusterImpl-336849c0-54e0-42a2-92e3-a8dd7e6e8d6a/datanode-6/data/ratis/76954505-eda1-4028-af47-d30f9eeb555a/in_use.lock acquired by nodename 14720@pr-hdds-1569-x2sr2-3486766547
2019-09-25 07:27:35,841 [pool-87-thread-1] INFO  storage.RaftStorage (RaftStorage.java:format(72)) - Storage directory /workdir/hadoop-ozone/ozonefs/target/test-dir/MiniOzoneClusterImpl-336849c0-54e0-42a2-92e3-a8dd7e6e8d6a/datanode-6/data/ratis/76954505-eda1-4028-af47-d30f9eeb555a has been successfully formatted.
2019-09-25 07:27:35,842 [pool-87-thread-1] INFO  ratis.ContainerStateMachine (ContainerStateMachine.java:loadSnapshot(230)) - group-D30F9EEB555A: The snapshot info is null. Setting the last applied indexto:(t:0, i:~)
2019-09-25 07:27:35,842 [pool-87-thread-1] INFO  server.RaftServerConfigKeys (ConfUtils.java:logGet(43)) - raft.server.notification.no-leader.timeout = 120s (custom)
2019-09-25 07:27:35,842 [pool-87-thread-1] INFO  server.RaftServerConfigKeys (ConfUtils.java:logGet(43)) - raft.server.log.use.memory = false (default)
2019-09-25 07:27:35,842 [pool-87-thread-1] INFO  server.RaftServerConfigKeys (ConfUtils.java:logGet(43)) - raft.server.log.purge.gap = 1000000 (custom)
2019-09-25 07:27:35,842 [pool-87-thread-1] INFO  server.RaftServerConfigKeys (ConfUtils.java:logGet(43)) - raft.server.log.appender.buffer.byte-limit = 33554432 (custom)
2019-09-25 07:27:35,842 [pool-87-thread-1] INFO  server.RaftServerConfigKeys (ConfUtils.java:logGet(43)) - raft.server.log.segment.size.max = 1048576 (custom)
2019-09-25 07:27:35,842 [pool-87-thread-1] INFO  server.RaftServerConfigKeys (ConfUtils.java:logGet(43)) - raft.server.log.segment.cache.num.max = 2 (custom)
2019-09-25 07:27:35,843 [pool-87-thread-1] INFO  segmented.SegmentedRaftLogWorker (SegmentedRaftLogWorker.java:<init>(172)) - new 600943d5-c424-432f-84b9-a00c1c65f122@group-D30F9EEB555A-SegmentedRaftLogWorker for RaftStorage:Storage Directory /workdir/hadoop-ozone/ozonefs/target/test-dir/MiniOzoneClusterImpl-336849c0-54e0-42a2-92e3-a8dd7e6e8d6a/datanode-6/data/ratis/76954505-eda1-4028-af47-d30f9eeb555a
2019-09-25 07:27:35,843 [pool-87-thread-1] INFO  server.RaftServerConfigKeys (ConfUtils.java:logGet(43)) - raft.server.log.queue.byte-limit = 2147483647 (custom)
2019-09-25 07:27:35,843 [pool-87-thread-1] INFO  server.RaftServerConfigKeys (ConfUtils.java:logGet(43)) - raft.server.log.queue.element-limit = 1024 (custom)
2019-09-25 07:27:35,843 [pool-87-thread-1] INFO  server.RaftServerConfigKeys (ConfUtils.java:logGet(43)) - raft.server.log.segment.size.max = 1048576 (custom)
2019-09-25 07:27:35,843 [pool-87-thread-1] INFO  server.RaftServerConfigKeys (ConfUtils.java:logGet(43)) - raft.server.log.preallocated.size = 16384 (custom)
2019-09-25 07:27:35,843 [pool-87-thread-1] INFO  server.RaftServerConfigKeys (ConfUtils.java:logGet(43)) - raft.server.log.write.buffer.size = 33554432 (custom)
2019-09-25 07:27:35,843 [pool-87-thread-1] INFO  server.RaftServerConfigKeys (ConfUtils.java:logGet(43)) - raft.server.log.force.sync.num = 128 (default)
2019-09-25 07:27:35,844 [pool-87-thread-1] INFO  server.RaftServerConfigKeys (ConfUtils.java:logGet(43)) - raft.server.log.statemachine.data.sync = true (default)
2019-09-25 07:27:35,844 [pool-87-thread-1] INFO  server.RaftServerConfigKeys (ConfUtils.java:logGet(43)) - raft.server.log.statemachine.data.sync.timeout = 10s (default)
2019-09-25 07:27:35,844 [pool-87-thread-1] INFO  server.RaftServerConfigKeys (ConfUtils.java:logGet(43)) - raft.server.log.statemachine.data.sync.timeout.retry = -1 (default)
2019-09-25 07:27:35,844 [pool-87-thread-1] INFO  server.RaftServerConfigKeys (ConfUtils.java:logGet(43)) - raft.server.log.statemachine.data.caching.enabled = true (custom)
2019-09-25 07:27:35,844 [pool-87-thread-1] INFO  segmented.SegmentedRaftLogWorker (SegmentedRaftLogWorker.java:lambda$new$0(132)) - 600943d5-c424-432f-84b9-a00c1c65f122@group-D30F9EEB555A-SegmentedRaftLogWorker: flushIndex: setUnconditionally 0 -> -1
2019-09-25 07:27:35,845 [pool-87-thread-1] INFO  server.RaftServerConfigKeys (ConfUtils.java:logGet(43)) - raft.server.snapshot.auto.trigger.enabled = true (custom)
2019-09-25 07:27:35,845 [pool-87-thread-1] INFO  server.RaftServerConfigKeys (ConfUtils.java:logGet(43)) - raft.server.snapshot.auto.trigger.threshold = 10000 (custom)
2019-09-25 07:27:35,845 [pool-87-thread-1] INFO  server.RaftServerConfigKeys (ConfUtils.java:logGet(43)) - raft.server.snapshot.retention.num.files = 5 (custom)
2019-09-25 07:27:35,845 [pool-87-thread-1] INFO  server.RaftServerConfigKeys (ConfUtils.java:logGet(43)) - raft.server.retrycache.expirytime = 600000ms (custom)
2019-09-25 07:27:35,849 [pool-87-thread-1] INFO  impl.RaftServerImpl (RaftServerImpl.java:start(185)) - 600943d5-c424-432f-84b9-a00c1c65f122@group-D30F9EEB555A: start as a follower, conf=-1: [600943d5-c424-432f-84b9-a00c1c65f122:192.168.151.106:33383], old=null
2019-09-25 07:27:35,849 [pool-87-thread-1] INFO  impl.RaftServerImpl (RaftServerImpl.java:setRole(174)) - 600943d5-c424-432f-84b9-a00c1c65f122@group-D30F9EEB555A: changes role from      null to FOLLOWER at term 0 for startAsFollower
2019-09-25 07:27:35,849 [pool-87-thread-1] INFO  impl.RoleInfo (RoleInfo.java:updateAndGet(143)) - 600943d5-c424-432f-84b9-a00c1c65f122: start FollowerState
2019-09-25 07:27:35,849 [pool-87-thread-1] INFO  util.JmxRegister (JmxRegister.java:tryRegister(44)) - Successfully registered JMX Bean with object name Ratis:service=RaftServer,group=group-D30F9EEB555A,id=600943d5-c424-432f-84b9-a00c1c65f122
2019-09-25 07:27:35,857 [RatisPipelineUtilsThread] INFO  pipeline.PipelineStateManager (PipelineStateManager.java:addPipeline(56)) - Created pipeline Pipeline[ Id: 76954505-eda1-4028-af47-d30f9eeb555a, Nodes: 600943d5-c424-432f-84b9-a00c1c65f122{ip: 192.168.151.106, host: pr-hdds-1569-x2sr2-3486766547, networkLocation: /default-rack, certSerialId: null}, Type:RATIS, Factor:ONE, State:OPEN]
2019-09-25 07:27:35,872 [grpc-default-executor-0] INFO  impl.RaftServerProxy (RaftServerProxy.java:addNew(89)) - d2544423-6c63-4eb7-9d0a-bffb9f2b5023: addNew group-BA382169E2EF:[d2544423-6c63-4eb7-9d0a-bffb9f2b5023:192.168.151.106:39699] returns group-BA382169E2EF:java.util.concurrent.CompletableFuture@298d128e[Not completed]
2019-09-25 07:27:35,883 [pool-67-thread-1] INFO  impl.RaftServerImpl (RaftServerImpl.java:<init>(95)) - d2544423-6c63-4eb7-9d0a-bffb9f2b5023: new RaftServerImpl for group-BA382169E2EF:[d2544423-6c63-4eb7-9d0a-bffb9f2b5023:192.168.151.106:39699] with ContainerStateMachine:uninitialized
2019-09-25 07:27:35,883 [pool-67-thread-1] INFO  server.RaftServerConfigKeys (ConfUtils.java:logGet(43)) - raft.server.rpc.timeout.min = 5s (custom)
2019-09-25 07:27:35,883 [pool-67-thread-1] INFO  server.RaftServerConfigKeys (ConfUtils.java:logGet(43)) - raft.server.rpc.timeout.max = 5200ms (custom)
2019-09-25 07:27:35,884 [pool-67-thread-1] INFO  server.RaftServerConfigKeys (ConfUtils.java:logGet(43)) - raft.server.rpcslowness.timeout = 120s (custom)
2019-09-25 07:27:35,884 [pool-67-thread-1] INFO  server.RaftServerConfigKeys (ConfUtils.java:logGet(43)) - raft.server.sleep.deviation.threshold = 300 (default)
2019-09-25 07:27:35,884 [pool-67-thread-1] INFO  server.RaftServerConfigKeys (ConfUtils.java:logGet(43)) - raft.server.log.appender.install.snapshot.enabled = false (custom)
2019-09-25 07:27:35,884 [pool-67-thread-1] INFO  impl.RaftServerImpl (ServerState.java:<init>(103)) - d2544423-6c63-4eb7-9d0a-bffb9f2b5023@group-BA382169E2EF: ConfigurationManager, init=-1: [d2544423-6c63-4eb7-9d0a-bffb9f2b5023:192.168.151.106:39699], old=null, confs=<EMPTY_MAP>
2019-09-25 07:27:35,884 [pool-67-thread-1] INFO  server.RaftServerConfigKeys (ConfUtils.java:logGet(43)) - raft.server.storage.dir = [/workdir/hadoop-ozone/ozonefs/target/test-dir/MiniOzoneClusterImpl-336849c0-54e0-42a2-92e3-a8dd7e6e8d6a/datanode-4/data/ratis] (custom)
2019-09-25 07:27:35,885 [pool-67-thread-1] INFO  storage.RaftStorageDirectory (RaftStorageDirectory.java:analyzeStorage(246)) - The storage directory /workdir/hadoop-ozone/ozonefs/target/test-dir/MiniOzoneClusterImpl-336849c0-54e0-42a2-92e3-a8dd7e6e8d6a/datanode-4/data/ratis/d660614d-b77c-44f5-a927-ba382169e2ef does not exist. Creating ...
2019-09-25 07:27:35,916 [pool-67-thread-1] INFO  storage.RaftStorageDirectory (RaftStorageDirectory.java:tryLock(328)) - Lock on /workdir/hadoop-ozone/ozonefs/target/test-dir/MiniOzoneClusterImpl-336849c0-54e0-42a2-92e3-a8dd7e6e8d6a/datanode-4/data/ratis/d660614d-b77c-44f5-a927-ba382169e2ef/in_use.lock acquired by nodename 14720@pr-hdds-1569-x2sr2-3486766547
2019-09-25 07:27:35,931 [pool-67-thread-1] INFO  storage.RaftStorage (RaftStorage.java:format(72)) - Storage directory /workdir/hadoop-ozone/ozonefs/target/test-dir/MiniOzoneClusterImpl-336849c0-54e0-42a2-92e3-a8dd7e6e8d6a/datanode-4/data/ratis/d660614d-b77c-44f5-a927-ba382169e2ef has been successfully formatted.
2019-09-25 07:27:35,931 [pool-67-thread-1] INFO  ratis.ContainerStateMachine (ContainerStateMachine.java:loadSnapshot(230)) - group-BA382169E2EF: The snapshot info is null. Setting the last applied indexto:(t:0, i:~)
2019-09-25 07:27:35,931 [pool-67-thread-1] INFO  server.RaftServerConfigKeys (ConfUtils.java:logGet(43)) - raft.server.notification.no-leader.timeout = 120s (custom)
2019-09-25 07:27:35,931 [pool-67-thread-1] INFO  server.RaftServerConfigKeys (ConfUtils.java:logGet(43)) - raft.server.log.use.memory = false (default)
2019-09-25 07:27:35,932 [pool-67-thread-1] INFO  server.RaftServerConfigKeys (ConfUtils.java:logGet(43)) - raft.server.log.purge.gap = 1000000 (custom)
2019-09-25 07:27:35,932 [pool-67-thread-1] INFO  server.RaftServerConfigKeys (ConfUtils.java:logGet(43)) - raft.server.log.appender.buffer.byte-limit = 33554432 (custom)
2019-09-25 07:27:35,932 [pool-67-thread-1] INFO  server.RaftServerConfigKeys (ConfUtils.java:logGet(43)) - raft.server.log.segment.size.max = 1048576 (custom)
2019-09-25 07:27:35,932 [pool-67-thread-1] INFO  server.RaftServerConfigKeys (ConfUtils.java:logGet(43)) - raft.server.log.segment.cache.num.max = 2 (custom)
2019-09-25 07:27:35,932 [pool-67-thread-1] INFO  segmented.SegmentedRaftLogWorker (SegmentedRaftLogWorker.java:<init>(172)) - new d2544423-6c63-4eb7-9d0a-bffb9f2b5023@group-BA382169E2EF-SegmentedRaftLogWorker for RaftStorage:Storage Directory /workdir/hadoop-ozone/ozonefs/target/test-dir/MiniOzoneClusterImpl-336849c0-54e0-42a2-92e3-a8dd7e6e8d6a/datanode-4/data/ratis/d660614d-b77c-44f5-a927-ba382169e2ef
2019-09-25 07:27:35,936 [pool-67-thread-1] INFO  server.RaftServerConfigKeys (ConfUtils.java:logGet(43)) - raft.server.log.queue.byte-limit = 2147483647 (custom)
2019-09-25 07:27:35,936 [pool-67-thread-1] INFO  server.RaftServerConfigKeys (ConfUtils.java:logGet(43)) - raft.server.log.queue.element-limit = 1024 (custom)
2019-09-25 07:27:35,936 [pool-67-thread-1] INFO  server.RaftServerConfigKeys (ConfUtils.java:logGet(43)) - raft.server.log.segment.size.max = 1048576 (custom)
2019-09-25 07:27:35,936 [pool-67-thread-1] INFO  server.RaftServerConfigKeys (ConfUtils.java:logGet(43)) - raft.server.log.preallocated.size = 16384 (custom)
2019-09-25 07:27:35,937 [pool-67-thread-1] INFO  server.RaftServerConfigKeys (ConfUtils.java:logGet(43)) - raft.server.log.write.buffer.size = 33554432 (custom)
2019-09-25 07:27:35,937 [pool-67-thread-1] INFO  server.RaftServerConfigKeys (ConfUtils.java:logGet(43)) - raft.server.log.force.sync.num = 128 (default)
2019-09-25 07:27:35,937 [pool-67-thread-1] INFO  server.RaftServerConfigKeys (ConfUtils.java:logGet(43)) - raft.server.log.statemachine.data.sync = true (default)
2019-09-25 07:27:35,937 [pool-67-thread-1] INFO  server.RaftServerConfigKeys (ConfUtils.java:logGet(43)) - raft.server.log.statemachine.data.sync.timeout = 10s (default)
2019-09-25 07:27:35,937 [pool-67-thread-1] INFO  server.RaftServerConfigKeys (ConfUtils.java:logGet(43)) - raft.server.log.statemachine.data.sync.timeout.retry = -1 (default)
2019-09-25 07:27:35,938 [pool-67-thread-1] INFO  server.RaftServerConfigKeys (ConfUtils.java:logGet(43)) - raft.server.log.statemachine.data.caching.enabled = true (custom)
2019-09-25 07:27:35,938 [pool-67-thread-1] INFO  segmented.SegmentedRaftLogWorker (SegmentedRaftLogWorker.java:lambda$new$0(132)) - d2544423-6c63-4eb7-9d0a-bffb9f2b5023@group-BA382169E2EF-SegmentedRaftLogWorker: flushIndex: setUnconditionally 0 -> -1
2019-09-25 07:27:35,938 [pool-67-thread-1] INFO  server.RaftServerConfigKeys (ConfUtils.java:logGet(43)) - raft.server.snapshot.auto.trigger.enabled = true (custom)
2019-09-25 07:27:35,938 [pool-67-thread-1] INFO  server.RaftServerConfigKeys (ConfUtils.java:logGet(43)) - raft.server.snapshot.auto.trigger.threshold = 10000 (custom)
2019-09-25 07:27:35,939 [pool-67-thread-1] INFO  server.RaftServerConfigKeys (ConfUtils.java:logGet(43)) - raft.server.snapshot.retention.num.files = 5 (custom)
2019-09-25 07:27:35,939 [pool-67-thread-1] INFO  server.RaftServerConfigKeys (ConfUtils.java:logGet(43)) - raft.server.retrycache.expirytime = 600000ms (custom)
2019-09-25 07:27:35,942 [pool-67-thread-1] INFO  impl.RaftServerImpl (RaftServerImpl.java:start(185)) - d2544423-6c63-4eb7-9d0a-bffb9f2b5023@group-BA382169E2EF: start as a follower, conf=-1: [d2544423-6c63-4eb7-9d0a-bffb9f2b5023:192.168.151.106:39699], old=null
2019-09-25 07:27:35,942 [pool-67-thread-1] INFO  impl.RaftServerImpl (RaftServerImpl.java:setRole(174)) - d2544423-6c63-4eb7-9d0a-bffb9f2b5023@group-BA382169E2EF: changes role from      null to FOLLOWER at term 0 for startAsFollower
2019-09-25 07:27:35,942 [pool-67-thread-1] INFO  impl.RoleInfo (RoleInfo.java:updateAndGet(143)) - d2544423-6c63-4eb7-9d0a-bffb9f2b5023: start FollowerState
2019-09-25 07:27:35,942 [pool-67-thread-1] INFO  util.JmxRegister (JmxRegister.java:tryRegister(44)) - Successfully registered JMX Bean with object name Ratis:service=RaftServer,group=group-BA382169E2EF,id=d2544423-6c63-4eb7-9d0a-bffb9f2b5023
2019-09-25 07:27:35,949 [RatisPipelineUtilsThread] INFO  pipeline.PipelineStateManager (PipelineStateManager.java:addPipeline(56)) - Created pipeline Pipeline[ Id: d660614d-b77c-44f5-a927-ba382169e2ef, Nodes: d2544423-6c63-4eb7-9d0a-bffb9f2b5023{ip: 192.168.151.106, host: pr-hdds-1569-x2sr2-3486766547, networkLocation: /default-rack, certSerialId: null}, Type:RATIS, Factor:ONE, State:OPEN]
2019-09-25 07:27:35,962 [grpc-default-executor-0] INFO  impl.RaftServerProxy (RaftServerProxy.java:addNew(89)) - d2544423-6c63-4eb7-9d0a-bffb9f2b5023: addNew group-35A7C1BE891B:[d2544423-6c63-4eb7-9d0a-bffb9f2b5023:192.168.151.106:39699] returns group-35A7C1BE891B:java.util.concurrent.CompletableFuture@746222ad[Not completed]
2019-09-25 07:27:35,963 [pool-67-thread-1] INFO  impl.RaftServerImpl (RaftServerImpl.java:<init>(95)) - d2544423-6c63-4eb7-9d0a-bffb9f2b5023: new RaftServerImpl for group-35A7C1BE891B:[d2544423-6c63-4eb7-9d0a-bffb9f2b5023:192.168.151.106:39699] with ContainerStateMachine:uninitialized
2019-09-25 07:27:35,963 [pool-67-thread-1] INFO  server.RaftServerConfigKeys (ConfUtils.java:logGet(43)) - raft.server.rpc.timeout.min = 5s (custom)
2019-09-25 07:27:35,963 [pool-67-thread-1] INFO  server.RaftServerConfigKeys (ConfUtils.java:logGet(43)) - raft.server.rpc.timeout.max = 5200ms (custom)
2019-09-25 07:27:35,964 [pool-67-thread-1] INFO  server.RaftServerConfigKeys (ConfUtils.java:logGet(43)) - raft.server.rpcslowness.timeout = 120s (custom)
2019-09-25 07:27:35,964 [pool-67-thread-1] INFO  server.RaftServerConfigKeys (ConfUtils.java:logGet(43)) - raft.server.sleep.deviation.threshold = 300 (default)
2019-09-25 07:27:35,964 [pool-67-thread-1] INFO  server.RaftServerConfigKeys (ConfUtils.java:logGet(43)) - raft.server.log.appender.install.snapshot.enabled = false (custom)
2019-09-25 07:27:35,964 [pool-67-thread-1] INFO  impl.RaftServerImpl (ServerState.java:<init>(103)) - d2544423-6c63-4eb7-9d0a-bffb9f2b5023@group-35A7C1BE891B: ConfigurationManager, init=-1: [d2544423-6c63-4eb7-9d0a-bffb9f2b5023:192.168.151.106:39699], old=null, confs=<EMPTY_MAP>
2019-09-25 07:27:35,964 [pool-67-thread-1] INFO  server.RaftServerConfigKeys (ConfUtils.java:logGet(43)) - raft.server.storage.dir = [/workdir/hadoop-ozone/ozonefs/target/test-dir/MiniOzoneClusterImpl-336849c0-54e0-42a2-92e3-a8dd7e6e8d6a/datanode-4/data/ratis] (custom)
2019-09-25 07:27:35,965 [pool-67-thread-1] INFO  storage.RaftStorageDirectory (RaftStorageDirectory.java:analyzeStorage(246)) - The storage directory /workdir/hadoop-ozone/ozonefs/target/test-dir/MiniOzoneClusterImpl-336849c0-54e0-42a2-92e3-a8dd7e6e8d6a/datanode-4/data/ratis/f44a56c2-8a32-44d9-b64c-35a7c1be891b does not exist. Creating ...
2019-09-25 07:27:35,986 [pool-67-thread-1] INFO  storage.RaftStorageDirectory (RaftStorageDirectory.java:tryLock(328)) - Lock on /workdir/hadoop-ozone/ozonefs/target/test-dir/MiniOzoneClusterImpl-336849c0-54e0-42a2-92e3-a8dd7e6e8d6a/datanode-4/data/ratis/f44a56c2-8a32-44d9-b64c-35a7c1be891b/in_use.lock acquired by nodename 14720@pr-hdds-1569-x2sr2-3486766547
2019-09-25 07:27:36,001 [pool-67-thread-1] INFO  storage.RaftStorage (RaftStorage.java:format(72)) - Storage directory /workdir/hadoop-ozone/ozonefs/target/test-dir/MiniOzoneClusterImpl-336849c0-54e0-42a2-92e3-a8dd7e6e8d6a/datanode-4/data/ratis/f44a56c2-8a32-44d9-b64c-35a7c1be891b has been successfully formatted.
2019-09-25 07:27:36,002 [pool-67-thread-1] INFO  ratis.ContainerStateMachine (ContainerStateMachine.java:loadSnapshot(230)) - group-35A7C1BE891B: The snapshot info is null. Setting the last applied indexto:(t:0, i:~)
2019-09-25 07:27:36,002 [pool-67-thread-1] INFO  server.RaftServerConfigKeys (ConfUtils.java:logGet(43)) - raft.server.notification.no-leader.timeout = 120s (custom)
2019-09-25 07:27:36,002 [pool-67-thread-1] INFO  server.RaftServerConfigKeys (ConfUtils.java:logGet(43)) - raft.server.log.use.memory = false (default)
2019-09-25 07:27:36,002 [pool-67-thread-1] INFO  server.RaftServerConfigKeys (ConfUtils.java:logGet(43)) - raft.server.log.purge.gap = 1000000 (custom)
2019-09-25 07:27:36,002 [pool-67-thread-1] INFO  server.RaftServerConfigKeys (ConfUtils.java:logGet(43)) - raft.server.log.appender.buffer.byte-limit = 33554432 (custom)
2019-09-25 07:27:36,003 [pool-67-thread-1] INFO  server.RaftServerConfigKeys (ConfUtils.java:logGet(43)) - raft.server.log.segment.size.max = 1048576 (custom)
2019-09-25 07:27:36,003 [pool-67-thread-1] INFO  server.RaftServerConfigKeys (ConfUtils.java:logGet(43)) - raft.server.log.segment.cache.num.max = 2 (custom)
2019-09-25 07:27:36,003 [pool-67-thread-1] INFO  segmented.SegmentedRaftLogWorker (SegmentedRaftLogWorker.java:<init>(172)) - new d2544423-6c63-4eb7-9d0a-bffb9f2b5023@group-35A7C1BE891B-SegmentedRaftLogWorker for RaftStorage:Storage Directory /workdir/hadoop-ozone/ozonefs/target/test-dir/MiniOzoneClusterImpl-336849c0-54e0-42a2-92e3-a8dd7e6e8d6a/datanode-4/data/ratis/f44a56c2-8a32-44d9-b64c-35a7c1be891b
2019-09-25 07:27:36,003 [pool-67-thread-1] INFO  server.RaftServerConfigKeys (ConfUtils.java:logGet(43)) - raft.server.log.queue.byte-limit = 2147483647 (custom)
2019-09-25 07:27:36,003 [pool-67-thread-1] INFO  server.RaftServerConfigKeys (ConfUtils.java:logGet(43)) - raft.server.log.queue.element-limit = 1024 (custom)
2019-09-25 07:27:36,003 [pool-67-thread-1] INFO  server.RaftServerConfigKeys (ConfUtils.java:logGet(43)) - raft.server.log.segment.size.max = 1048576 (custom)
2019-09-25 07:27:36,003 [pool-67-thread-1] INFO  server.RaftServerConfigKeys (ConfUtils.java:logGet(43)) - raft.server.log.preallocated.size = 16384 (custom)
2019-09-25 07:27:36,004 [pool-67-thread-1] INFO  server.RaftServerConfigKeys (ConfUtils.java:logGet(43)) - raft.server.log.write.buffer.size = 33554432 (custom)
2019-09-25 07:27:36,004 [pool-67-thread-1] INFO  server.RaftServerConfigKeys (ConfUtils.java:logGet(43)) - raft.server.log.force.sync.num = 128 (default)
2019-09-25 07:27:36,004 [pool-67-thread-1] INFO  server.RaftServerConfigKeys (ConfUtils.java:logGet(43)) - raft.server.log.statemachine.data.sync = true (default)
2019-09-25 07:27:36,004 [pool-67-thread-1] INFO  server.RaftServerConfigKeys (ConfUtils.java:logGet(43)) - raft.server.log.statemachine.data.sync.timeout = 10s (default)
2019-09-25 07:27:36,004 [pool-67-thread-1] INFO  server.RaftServerConfigKeys (ConfUtils.java:logGet(43)) - raft.server.log.statemachine.data.sync.timeout.retry = -1 (default)
2019-09-25 07:27:36,004 [pool-67-thread-1] INFO  server.RaftServerConfigKeys (ConfUtils.java:logGet(43)) - raft.server.log.statemachine.data.caching.enabled = true (custom)
2019-09-25 07:27:36,005 [pool-67-thread-1] INFO  segmented.SegmentedRaftLogWorker (SegmentedRaftLogWorker.java:lambda$new$0(132)) - d2544423-6c63-4eb7-9d0a-bffb9f2b5023@group-35A7C1BE891B-SegmentedRaftLogWorker: flushIndex: setUnconditionally 0 -> -1
2019-09-25 07:27:36,005 [pool-67-thread-1] INFO  server.RaftServerConfigKeys (ConfUtils.java:logGet(43)) - raft.server.snapshot.auto.trigger.enabled = true (custom)
2019-09-25 07:27:36,005 [pool-67-thread-1] INFO  server.RaftServerConfigKeys (ConfUtils.java:logGet(43)) - raft.server.snapshot.auto.trigger.threshold = 10000 (custom)
2019-09-25 07:27:36,005 [pool-67-thread-1] INFO  server.RaftServerConfigKeys (ConfUtils.java:logGet(43)) - raft.server.snapshot.retention.num.files = 5 (custom)
2019-09-25 07:27:36,005 [pool-67-thread-1] INFO  server.RaftServerConfigKeys (ConfUtils.java:logGet(43)) - raft.server.retrycache.expirytime = 600000ms (custom)
2019-09-25 07:27:36,008 [pool-67-thread-1] INFO  impl.RaftServerImpl (RaftServerImpl.java:start(185)) - d2544423-6c63-4eb7-9d0a-bffb9f2b5023@group-35A7C1BE891B: start as a follower, conf=-1: [d2544423-6c63-4eb7-9d0a-bffb9f2b5023:192.168.151.106:39699], old=null
2019-09-25 07:27:36,008 [pool-67-thread-1] INFO  impl.RaftServerImpl (RaftServerImpl.java:setRole(174)) - d2544423-6c63-4eb7-9d0a-bffb9f2b5023@group-35A7C1BE891B: changes role from      null to FOLLOWER at term 0 for startAsFollower
2019-09-25 07:27:36,008 [pool-67-thread-1] INFO  impl.RoleInfo (RoleInfo.java:updateAndGet(143)) - d2544423-6c63-4eb7-9d0a-bffb9f2b5023: start FollowerState
2019-09-25 07:27:36,008 [pool-67-thread-1] INFO  util.JmxRegister (JmxRegister.java:tryRegister(44)) - Successfully registered JMX Bean with object name Ratis:service=RaftServer,group=group-35A7C1BE891B,id=d2544423-6c63-4eb7-9d0a-bffb9f2b5023
2019-09-25 07:27:36,014 [RatisPipelineUtilsThread] INFO  pipeline.PipelineStateManager (PipelineStateManager.java:addPipeline(56)) - Created pipeline Pipeline[ Id: f44a56c2-8a32-44d9-b64c-35a7c1be891b, Nodes: d2544423-6c63-4eb7-9d0a-bffb9f2b5023{ip: 192.168.151.106, host: pr-hdds-1569-x2sr2-3486766547, networkLocation: /default-rack, certSerialId: null}, Type:RATIS, Factor:ONE, State:OPEN]
2019-09-25 07:27:36,026 [grpc-default-executor-0] INFO  impl.RaftServerProxy (RaftServerProxy.java:addNew(89)) - 253df5dc-ab25-4be3-9607-c7ead1a3aece: addNew group-47CA54FAD7E1:[253df5dc-ab25-4be3-9607-c7ead1a3aece:192.168.151.106:34913] returns group-47CA54FAD7E1:java.util.concurrent.CompletableFuture@4dfe3237[Not completed]
2019-09-25 07:27:36,028 [pool-107-thread-1] INFO  impl.RaftServerImpl (RaftServerImpl.java:<init>(95)) - 253df5dc-ab25-4be3-9607-c7ead1a3aece: new RaftServerImpl for group-47CA54FAD7E1:[253df5dc-ab25-4be3-9607-c7ead1a3aece:192.168.151.106:34913] with ContainerStateMachine:uninitialized
2019-09-25 07:27:36,029 [pool-107-thread-1] INFO  server.RaftServerConfigKeys (ConfUtils.java:logGet(43)) - raft.server.rpc.timeout.min = 5s (custom)
2019-09-25 07:27:36,029 [pool-107-thread-1] INFO  server.RaftServerConfigKeys (ConfUtils.java:logGet(43)) - raft.server.rpc.timeout.max = 5200ms (custom)
2019-09-25 07:27:36,029 [pool-107-thread-1] INFO  server.RaftServerConfigKeys (ConfUtils.java:logGet(43)) - raft.server.rpcslowness.timeout = 120s (custom)
2019-09-25 07:27:36,029 [pool-107-thread-1] INFO  server.RaftServerConfigKeys (ConfUtils.java:logGet(43)) - raft.server.sleep.deviation.threshold = 300 (default)
2019-09-25 07:27:36,029 [pool-107-thread-1] INFO  server.RaftServerConfigKeys (ConfUtils.java:logGet(43)) - raft.server.log.appender.install.snapshot.enabled = false (custom)
2019-09-25 07:27:36,029 [pool-107-thread-1] INFO  impl.RaftServerImpl (ServerState.java:<init>(103)) - 253df5dc-ab25-4be3-9607-c7ead1a3aece@group-47CA54FAD7E1: ConfigurationManager, init=-1: [253df5dc-ab25-4be3-9607-c7ead1a3aece:192.168.151.106:34913], old=null, confs=<EMPTY_MAP>
2019-09-25 07:27:36,030 [pool-107-thread-1] INFO  server.RaftServerConfigKeys (ConfUtils.java:logGet(43)) - raft.server.storage.dir = [/workdir/hadoop-ozone/ozonefs/target/test-dir/MiniOzoneClusterImpl-336849c0-54e0-42a2-92e3-a8dd7e6e8d6a/datanode-8/data/ratis] (custom)
2019-09-25 07:27:36,030 [pool-107-thread-1] INFO  storage.RaftStorageDirectory (RaftStorageDirectory.java:analyzeStorage(246)) - The storage directory /workdir/hadoop-ozone/ozonefs/target/test-dir/MiniOzoneClusterImpl-336849c0-54e0-42a2-92e3-a8dd7e6e8d6a/datanode-8/data/ratis/d0eb2d4c-afd9-47f0-b2e2-47ca54fad7e1 does not exist. Creating ...
2019-09-25 07:27:36,045 [pool-107-thread-1] INFO  storage.RaftStorageDirectory (RaftStorageDirectory.java:tryLock(328)) - Lock on /workdir/hadoop-ozone/ozonefs/target/test-dir/MiniOzoneClusterImpl-336849c0-54e0-42a2-92e3-a8dd7e6e8d6a/datanode-8/data/ratis/d0eb2d4c-afd9-47f0-b2e2-47ca54fad7e1/in_use.lock acquired by nodename 14720@pr-hdds-1569-x2sr2-3486766547
2019-09-25 07:27:36,057 [pool-107-thread-1] INFO  storage.RaftStorage (RaftStorage.java:format(72)) - Storage directory /workdir/hadoop-ozone/ozonefs/target/test-dir/MiniOzoneClusterImpl-336849c0-54e0-42a2-92e3-a8dd7e6e8d6a/datanode-8/data/ratis/d0eb2d4c-afd9-47f0-b2e2-47ca54fad7e1 has been successfully formatted.
2019-09-25 07:27:36,058 [pool-107-thread-1] INFO  ratis.ContainerStateMachine (ContainerStateMachine.java:loadSnapshot(230)) - group-47CA54FAD7E1: The snapshot info is null. Setting the last applied indexto:(t:0, i:~)
2019-09-25 07:27:36,058 [pool-107-thread-1] INFO  server.RaftServerConfigKeys (ConfUtils.java:logGet(43)) - raft.server.notification.no-leader.timeout = 120s (custom)
2019-09-25 07:27:36,058 [pool-107-thread-1] INFO  server.RaftServerConfigKeys (ConfUtils.java:logGet(43)) - raft.server.log.use.memory = false (default)
2019-09-25 07:27:36,058 [pool-107-thread-1] INFO  server.RaftServerConfigKeys (ConfUtils.java:logGet(43)) - raft.server.log.purge.gap = 1000000 (custom)
2019-09-25 07:27:36,059 [pool-107-thread-1] INFO  server.RaftServerConfigKeys (ConfUtils.java:logGet(43)) - raft.server.log.appender.buffer.byte-limit = 33554432 (custom)
2019-09-25 07:27:36,059 [pool-107-thread-1] INFO  server.RaftServerConfigKeys (ConfUtils.java:logGet(43)) - raft.server.log.segment.size.max = 1048576 (custom)
2019-09-25 07:27:36,059 [pool-107-thread-1] INFO  server.RaftServerConfigKeys (ConfUtils.java:logGet(43)) - raft.server.log.segment.cache.num.max = 2 (custom)
2019-09-25 07:27:36,059 [pool-107-thread-1] INFO  segmented.SegmentedRaftLogWorker (SegmentedRaftLogWorker.java:<init>(172)) - new 253df5dc-ab25-4be3-9607-c7ead1a3aece@group-47CA54FAD7E1-SegmentedRaftLogWorker for RaftStorage:Storage Directory /workdir/hadoop-ozone/ozonefs/target/test-dir/MiniOzoneClusterImpl-336849c0-54e0-42a2-92e3-a8dd7e6e8d6a/datanode-8/data/ratis/d0eb2d4c-afd9-47f0-b2e2-47ca54fad7e1
2019-09-25 07:27:36,060 [pool-107-thread-1] INFO  server.RaftServerConfigKeys (ConfUtils.java:logGet(43)) - raft.server.log.queue.byte-limit = 2147483647 (custom)
2019-09-25 07:27:36,060 [pool-107-thread-1] INFO  server.RaftServerConfigKeys (ConfUtils.java:logGet(43)) - raft.server.log.queue.element-limit = 1024 (custom)
2019-09-25 07:27:36,060 [pool-107-thread-1] INFO  server.RaftServerConfigKeys (ConfUtils.java:logGet(43)) - raft.server.log.segment.size.max = 1048576 (custom)
2019-09-25 07:27:36,060 [pool-107-thread-1] INFO  server.RaftServerConfigKeys (ConfUtils.java:logGet(43)) - raft.server.log.preallocated.size = 16384 (custom)
2019-09-25 07:27:36,060 [pool-107-thread-1] INFO  server.RaftServerConfigKeys (ConfUtils.java:logGet(43)) - raft.server.log.write.buffer.size = 33554432 (custom)
2019-09-25 07:27:36,060 [pool-107-thread-1] INFO  server.RaftServerConfigKeys (ConfUtils.java:logGet(43)) - raft.server.log.force.sync.num = 128 (default)
2019-09-25 07:27:36,061 [pool-107-thread-1] INFO  server.RaftServerConfigKeys (ConfUtils.java:logGet(43)) - raft.server.log.statemachine.data.sync = true (default)
2019-09-25 07:27:36,061 [pool-107-thread-1] INFO  server.RaftServerConfigKeys (ConfUtils.java:logGet(43)) - raft.server.log.statemachine.data.sync.timeout = 10s (default)
2019-09-25 07:27:36,061 [pool-107-thread-1] INFO  server.RaftServerConfigKeys (ConfUtils.java:logGet(43)) - raft.server.log.statemachine.data.sync.timeout.retry = -1 (default)
2019-09-25 07:27:36,061 [pool-107-thread-1] INFO  server.RaftServerConfigKeys (ConfUtils.java:logGet(43)) - raft.server.log.statemachine.data.caching.enabled = true (custom)
2019-09-25 07:27:36,061 [pool-107-thread-1] INFO  segmented.SegmentedRaftLogWorker (SegmentedRaftLogWorker.java:lambda$new$0(132)) - 253df5dc-ab25-4be3-9607-c7ead1a3aece@group-47CA54FAD7E1-SegmentedRaftLogWorker: flushIndex: setUnconditionally 0 -> -1
2019-09-25 07:27:36,062 [pool-107-thread-1] INFO  server.RaftServerConfigKeys (ConfUtils.java:logGet(43)) - raft.server.snapshot.auto.trigger.enabled = true (custom)
2019-09-25 07:27:36,062 [pool-107-thread-1] INFO  server.RaftServerConfigKeys (ConfUtils.java:logGet(43)) - raft.server.snapshot.auto.trigger.threshold = 10000 (custom)
2019-09-25 07:27:36,062 [pool-107-thread-1] INFO  server.RaftServerConfigKeys (ConfUtils.java:logGet(43)) - raft.server.snapshot.retention.num.files = 5 (custom)
2019-09-25 07:27:36,062 [pool-107-thread-1] INFO  server.RaftServerConfigKeys (ConfUtils.java:logGet(43)) - raft.server.retrycache.expirytime = 600000ms (custom)
2019-09-25 07:27:36,065 [pool-107-thread-1] INFO  impl.RaftServerImpl (RaftServerImpl.java:start(185)) - 253df5dc-ab25-4be3-9607-c7ead1a3aece@group-47CA54FAD7E1: start as a follower, conf=-1: [253df5dc-ab25-4be3-9607-c7ead1a3aece:192.168.151.106:34913], old=null
2019-09-25 07:27:36,066 [pool-107-thread-1] INFO  impl.RaftServerImpl (RaftServerImpl.java:setRole(174)) - 253df5dc-ab25-4be3-9607-c7ead1a3aece@group-47CA54FAD7E1: changes role from      null to FOLLOWER at term 0 for startAsFollower
2019-09-25 07:27:36,066 [pool-107-thread-1] INFO  impl.RoleInfo (RoleInfo.java:updateAndGet(143)) - 253df5dc-ab25-4be3-9607-c7ead1a3aece: start FollowerState
2019-09-25 07:27:36,066 [pool-107-thread-1] INFO  util.JmxRegister (JmxRegister.java:tryRegister(44)) - Successfully registered JMX Bean with object name Ratis:service=RaftServer,group=group-47CA54FAD7E1,id=253df5dc-ab25-4be3-9607-c7ead1a3aece
2019-09-25 07:27:36,073 [RatisPipelineUtilsThread] INFO  pipeline.PipelineStateManager (PipelineStateManager.java:addPipeline(56)) - Created pipeline Pipeline[ Id: d0eb2d4c-afd9-47f0-b2e2-47ca54fad7e1, Nodes: 253df5dc-ab25-4be3-9607-c7ead1a3aece{ip: 192.168.151.106, host: pr-hdds-1569-x2sr2-3486766547, networkLocation: /default-rack, certSerialId: null}, Type:RATIS, Factor:ONE, State:OPEN]
2019-09-25 07:27:36,085 [grpc-default-executor-0] INFO  impl.RaftServerProxy (RaftServerProxy.java:addNew(89)) - ac29337b-1f05-44ab-baf7-0ad511ed26a1: addNew group-B56ED646394C:[ac29337b-1f05-44ab-baf7-0ad511ed26a1:192.168.151.106:37931] returns group-B56ED646394C:java.util.concurrent.CompletableFuture@7181173c[Not completed]
2019-09-25 07:27:36,087 [pool-27-thread-1] INFO  impl.RaftServerImpl (RaftServerImpl.java:<init>(95)) - ac29337b-1f05-44ab-baf7-0ad511ed26a1: new RaftServerImpl for group-B56ED646394C:[ac29337b-1f05-44ab-baf7-0ad511ed26a1:192.168.151.106:37931] with ContainerStateMachine:uninitialized
2019-09-25 07:27:36,087 [pool-27-thread-1] INFO  server.RaftServerConfigKeys (ConfUtils.java:logGet(43)) - raft.server.rpc.timeout.min = 5s (custom)
2019-09-25 07:27:36,087 [pool-27-thread-1] INFO  server.RaftServerConfigKeys (ConfUtils.java:logGet(43)) - raft.server.rpc.timeout.max = 5200ms (custom)
2019-09-25 07:27:36,087 [pool-27-thread-1] INFO  server.RaftServerConfigKeys (ConfUtils.java:logGet(43)) - raft.server.rpcslowness.timeout = 120s (custom)
2019-09-25 07:27:36,088 [pool-27-thread-1] INFO  server.RaftServerConfigKeys (ConfUtils.java:logGet(43)) - raft.server.sleep.deviation.threshold = 300 (default)
2019-09-25 07:27:36,088 [pool-27-thread-1] INFO  server.RaftServerConfigKeys (ConfUtils.java:logGet(43)) - raft.server.log.appender.install.snapshot.enabled = false (custom)
2019-09-25 07:27:36,088 [pool-27-thread-1] INFO  impl.RaftServerImpl (ServerState.java:<init>(103)) - ac29337b-1f05-44ab-baf7-0ad511ed26a1@group-B56ED646394C: ConfigurationManager, init=-1: [ac29337b-1f05-44ab-baf7-0ad511ed26a1:192.168.151.106:37931], old=null, confs=<EMPTY_MAP>
2019-09-25 07:27:36,088 [pool-27-thread-1] INFO  server.RaftServerConfigKeys (ConfUtils.java:logGet(43)) - raft.server.storage.dir = [/workdir/hadoop-ozone/ozonefs/target/test-dir/MiniOzoneClusterImpl-336849c0-54e0-42a2-92e3-a8dd7e6e8d6a/datanode-0/data/ratis] (custom)
2019-09-25 07:27:36,088 [pool-27-thread-1] INFO  storage.RaftStorageDirectory (RaftStorageDirectory.java:analyzeStorage(246)) - The storage directory /workdir/hadoop-ozone/ozonefs/target/test-dir/MiniOzoneClusterImpl-336849c0-54e0-42a2-92e3-a8dd7e6e8d6a/datanode-0/data/ratis/7957240d-8c5a-4135-80d0-b56ed646394c does not exist. Creating ...
2019-09-25 07:27:36,101 [pool-27-thread-1] INFO  storage.RaftStorageDirectory (RaftStorageDirectory.java:tryLock(328)) - Lock on /workdir/hadoop-ozone/ozonefs/target/test-dir/MiniOzoneClusterImpl-336849c0-54e0-42a2-92e3-a8dd7e6e8d6a/datanode-0/data/ratis/7957240d-8c5a-4135-80d0-b56ed646394c/in_use.lock acquired by nodename 14720@pr-hdds-1569-x2sr2-3486766547
2019-09-25 07:27:36,143 [pool-27-thread-1] INFO  storage.RaftStorage (RaftStorage.java:format(72)) - Storage directory /workdir/hadoop-ozone/ozonefs/target/test-dir/MiniOzoneClusterImpl-336849c0-54e0-42a2-92e3-a8dd7e6e8d6a/datanode-0/data/ratis/7957240d-8c5a-4135-80d0-b56ed646394c has been successfully formatted.
2019-09-25 07:27:36,143 [pool-27-thread-1] INFO  ratis.ContainerStateMachine (ContainerStateMachine.java:loadSnapshot(230)) - group-B56ED646394C: The snapshot info is null. Setting the last applied indexto:(t:0, i:~)
2019-09-25 07:27:36,143 [pool-27-thread-1] INFO  server.RaftServerConfigKeys (ConfUtils.java:logGet(43)) - raft.server.notification.no-leader.timeout = 120s (custom)
2019-09-25 07:27:36,143 [pool-27-thread-1] INFO  server.RaftServerConfigKeys (ConfUtils.java:logGet(43)) - raft.server.log.use.memory = false (default)
2019-09-25 07:27:36,144 [pool-27-thread-1] INFO  server.RaftServerConfigKeys (ConfUtils.java:logGet(43)) - raft.server.log.purge.gap = 1000000 (custom)
2019-09-25 07:27:36,144 [pool-27-thread-1] INFO  server.RaftServerConfigKeys (ConfUtils.java:logGet(43)) - raft.server.log.appender.buffer.byte-limit = 33554432 (custom)
2019-09-25 07:27:36,144 [pool-27-thread-1] INFO  server.RaftServerConfigKeys (ConfUtils.java:logGet(43)) - raft.server.log.segment.size.max = 1048576 (custom)
2019-09-25 07:27:36,144 [pool-27-thread-1] INFO  server.RaftServerConfigKeys (ConfUtils.java:logGet(43)) - raft.server.log.segment.cache.num.max = 2 (custom)
2019-09-25 07:27:36,144 [pool-27-thread-1] INFO  segmented.SegmentedRaftLogWorker (SegmentedRaftLogWorker.java:<init>(172)) - new ac29337b-1f05-44ab-baf7-0ad511ed26a1@group-B56ED646394C-SegmentedRaftLogWorker for RaftStorage:Storage Directory /workdir/hadoop-ozone/ozonefs/target/test-dir/MiniOzoneClusterImpl-336849c0-54e0-42a2-92e3-a8dd7e6e8d6a/datanode-0/data/ratis/7957240d-8c5a-4135-80d0-b56ed646394c
2019-09-25 07:27:36,145 [pool-27-thread-1] INFO  server.RaftServerConfigKeys (ConfUtils.java:logGet(43)) - raft.server.log.queue.byte-limit = 2147483647 (custom)
2019-09-25 07:27:36,145 [pool-27-thread-1] INFO  server.RaftServerConfigKeys (ConfUtils.java:logGet(43)) - raft.server.log.queue.element-limit = 1024 (custom)
2019-09-25 07:27:36,145 [pool-27-thread-1] INFO  server.RaftServerConfigKeys (ConfUtils.java:logGet(43)) - raft.server.log.segment.size.max = 1048576 (custom)
2019-09-25 07:27:36,145 [pool-27-thread-1] INFO  server.RaftServerConfigKeys (ConfUtils.java:logGet(43)) - raft.server.log.preallocated.size = 16384 (custom)
2019-09-25 07:27:36,145 [pool-27-thread-1] INFO  server.RaftServerConfigKeys (ConfUtils.java:logGet(43)) - raft.server.log.write.buffer.size = 33554432 (custom)
2019-09-25 07:27:36,145 [pool-27-thread-1] INFO  server.RaftServerConfigKeys (ConfUtils.java:logGet(43)) - raft.server.log.force.sync.num = 128 (default)
2019-09-25 07:27:36,146 [pool-27-thread-1] INFO  server.RaftServerConfigKeys (ConfUtils.java:logGet(43)) - raft.server.log.statemachine.data.sync = true (default)
2019-09-25 07:27:36,146 [pool-27-thread-1] INFO  server.RaftServerConfigKeys (ConfUtils.java:logGet(43)) - raft.server.log.statemachine.data.sync.timeout = 10s (default)
2019-09-25 07:27:36,146 [pool-27-thread-1] INFO  server.RaftServerConfigKeys (ConfUtils.java:logGet(43)) - raft.server.log.statemachine.data.sync.timeout.retry = -1 (default)
2019-09-25 07:27:36,146 [pool-27-thread-1] INFO  server.RaftServerConfigKeys (ConfUtils.java:logGet(43)) - raft.server.log.statemachine.data.caching.enabled = true (custom)
2019-09-25 07:27:36,147 [pool-27-thread-1] INFO  segmented.SegmentedRaftLogWorker (SegmentedRaftLogWorker.java:lambda$new$0(132)) - ac29337b-1f05-44ab-baf7-0ad511ed26a1@group-B56ED646394C-SegmentedRaftLogWorker: flushIndex: setUnconditionally 0 -> -1
2019-09-25 07:27:36,147 [pool-27-thread-1] INFO  server.RaftServerConfigKeys (ConfUtils.java:logGet(43)) - raft.server.snapshot.auto.trigger.enabled = true (custom)
2019-09-25 07:27:36,147 [pool-27-thread-1] INFO  server.RaftServerConfigKeys (ConfUtils.java:logGet(43)) - raft.server.snapshot.auto.trigger.threshold = 10000 (custom)
2019-09-25 07:27:36,147 [pool-27-thread-1] INFO  server.RaftServerConfigKeys (ConfUtils.java:logGet(43)) - raft.server.snapshot.retention.num.files = 5 (custom)
2019-09-25 07:27:36,148 [pool-27-thread-1] INFO  server.RaftServerConfigKeys (ConfUtils.java:logGet(43)) - raft.server.retrycache.expirytime = 600000ms (custom)
2019-09-25 07:27:36,150 [pool-27-thread-1] INFO  impl.RaftServerImpl (RaftServerImpl.java:start(185)) - ac29337b-1f05-44ab-baf7-0ad511ed26a1@group-B56ED646394C: start as a follower, conf=-1: [ac29337b-1f05-44ab-baf7-0ad511ed26a1:192.168.151.106:37931], old=null
2019-09-25 07:27:36,151 [pool-27-thread-1] INFO  impl.RaftServerImpl (RaftServerImpl.java:setRole(174)) - ac29337b-1f05-44ab-baf7-0ad511ed26a1@group-B56ED646394C: changes role from      null to FOLLOWER at term 0 for startAsFollower
2019-09-25 07:27:36,151 [pool-27-thread-1] INFO  impl.RoleInfo (RoleInfo.java:updateAndGet(143)) - ac29337b-1f05-44ab-baf7-0ad511ed26a1: start FollowerState
2019-09-25 07:27:36,151 [pool-27-thread-1] INFO  util.JmxRegister (JmxRegister.java:tryRegister(44)) - Successfully registered JMX Bean with object name Ratis:service=RaftServer,group=group-B56ED646394C,id=ac29337b-1f05-44ab-baf7-0ad511ed26a1
2019-09-25 07:27:36,158 [RatisPipelineUtilsThread] INFO  pipeline.PipelineStateManager (PipelineStateManager.java:addPipeline(56)) - Created pipeline Pipeline[ Id: 7957240d-8c5a-4135-80d0-b56ed646394c, Nodes: ac29337b-1f05-44ab-baf7-0ad511ed26a1{ip: 192.168.151.106, host: pr-hdds-1569-x2sr2-3486766547, networkLocation: /default-rack, certSerialId: null}, Type:RATIS, Factor:ONE, State:OPEN]
2019-09-25 07:27:36,171 [grpc-default-executor-0] INFO  impl.RaftServerProxy (RaftServerProxy.java:addNew(89)) - ad28d3ec-40f8-4bc1-a274-453df443249c: addNew group-9F2CEDCE64BC:[ad28d3ec-40f8-4bc1-a274-453df443249c:192.168.151.106:42516] returns group-9F2CEDCE64BC:java.util.concurrent.CompletableFuture@7308a1b5[Not completed]
2019-09-25 07:27:36,172 [pool-77-thread-1] INFO  impl.RaftServerImpl (RaftServerImpl.java:<init>(95)) - ad28d3ec-40f8-4bc1-a274-453df443249c: new RaftServerImpl for group-9F2CEDCE64BC:[ad28d3ec-40f8-4bc1-a274-453df443249c:192.168.151.106:42516] with ContainerStateMachine:uninitialized
2019-09-25 07:27:36,172 [pool-77-thread-1] INFO  server.RaftServerConfigKeys (ConfUtils.java:logGet(43)) - raft.server.rpc.timeout.min = 5s (custom)
2019-09-25 07:27:36,172 [pool-77-thread-1] INFO  server.RaftServerConfigKeys (ConfUtils.java:logGet(43)) - raft.server.rpc.timeout.max = 5200ms (custom)
2019-09-25 07:27:36,172 [pool-77-thread-1] INFO  server.RaftServerConfigKeys (ConfUtils.java:logGet(43)) - raft.server.rpcslowness.timeout = 120s (custom)
2019-09-25 07:27:36,173 [pool-77-thread-1] INFO  server.RaftServerConfigKeys (ConfUtils.java:logGet(43)) - raft.server.sleep.deviation.threshold = 300 (default)
2019-09-25 07:27:36,173 [pool-77-thread-1] INFO  server.RaftServerConfigKeys (ConfUtils.java:logGet(43)) - raft.server.log.appender.install.snapshot.enabled = false (custom)
2019-09-25 07:27:36,173 [pool-77-thread-1] INFO  impl.RaftServerImpl (ServerState.java:<init>(103)) - ad28d3ec-40f8-4bc1-a274-453df443249c@group-9F2CEDCE64BC: ConfigurationManager, init=-1: [ad28d3ec-40f8-4bc1-a274-453df443249c:192.168.151.106:42516], old=null, confs=<EMPTY_MAP>
2019-09-25 07:27:36,173 [pool-77-thread-1] INFO  server.RaftServerConfigKeys (ConfUtils.java:logGet(43)) - raft.server.storage.dir = [/workdir/hadoop-ozone/ozonefs/target/test-dir/MiniOzoneClusterImpl-336849c0-54e0-42a2-92e3-a8dd7e6e8d6a/datanode-5/data/ratis] (custom)
2019-09-25 07:27:36,173 [pool-77-thread-1] INFO  storage.RaftStorageDirectory (RaftStorageDirectory.java:analyzeStorage(246)) - The storage directory /workdir/hadoop-ozone/ozonefs/target/test-dir/MiniOzoneClusterImpl-336849c0-54e0-42a2-92e3-a8dd7e6e8d6a/datanode-5/data/ratis/1c5f4662-029a-4dda-8d08-9f2cedce64bc does not exist. Creating ...
2019-09-25 07:27:36,192 [pool-77-thread-1] INFO  storage.RaftStorageDirectory (RaftStorageDirectory.java:tryLock(328)) - Lock on /workdir/hadoop-ozone/ozonefs/target/test-dir/MiniOzoneClusterImpl-336849c0-54e0-42a2-92e3-a8dd7e6e8d6a/datanode-5/data/ratis/1c5f4662-029a-4dda-8d08-9f2cedce64bc/in_use.lock acquired by nodename 14720@pr-hdds-1569-x2sr2-3486766547
2019-09-25 07:27:36,215 [pool-77-thread-1] INFO  storage.RaftStorage (RaftStorage.java:format(72)) - Storage directory /workdir/hadoop-ozone/ozonefs/target/test-dir/MiniOzoneClusterImpl-336849c0-54e0-42a2-92e3-a8dd7e6e8d6a/datanode-5/data/ratis/1c5f4662-029a-4dda-8d08-9f2cedce64bc has been successfully formatted.
2019-09-25 07:27:36,215 [pool-77-thread-1] INFO  ratis.ContainerStateMachine (ContainerStateMachine.java:loadSnapshot(230)) - group-9F2CEDCE64BC: The snapshot info is null. Setting the last applied indexto:(t:0, i:~)
2019-09-25 07:27:36,216 [pool-77-thread-1] INFO  server.RaftServerConfigKeys (ConfUtils.java:logGet(43)) - raft.server.notification.no-leader.timeout = 120s (custom)
2019-09-25 07:27:36,216 [pool-77-thread-1] INFO  server.RaftServerConfigKeys (ConfUtils.java:logGet(43)) - raft.server.log.use.memory = false (default)
2019-09-25 07:27:36,216 [pool-77-thread-1] INFO  server.RaftServerConfigKeys (ConfUtils.java:logGet(43)) - raft.server.log.purge.gap = 1000000 (custom)
2019-09-25 07:27:36,216 [pool-77-thread-1] INFO  server.RaftServerConfigKeys (ConfUtils.java:logGet(43)) - raft.server.log.appender.buffer.byte-limit = 33554432 (custom)
2019-09-25 07:27:36,216 [pool-77-thread-1] INFO  server.RaftServerConfigKeys (ConfUtils.java:logGet(43)) - raft.server.log.segment.size.max = 1048576 (custom)
2019-09-25 07:27:36,216 [pool-77-thread-1] INFO  server.RaftServerConfigKeys (ConfUtils.java:logGet(43)) - raft.server.log.segment.cache.num.max = 2 (custom)
2019-09-25 07:27:36,217 [pool-77-thread-1] INFO  segmented.SegmentedRaftLogWorker (SegmentedRaftLogWorker.java:<init>(172)) - new ad28d3ec-40f8-4bc1-a274-453df443249c@group-9F2CEDCE64BC-SegmentedRaftLogWorker for RaftStorage:Storage Directory /workdir/hadoop-ozone/ozonefs/target/test-dir/MiniOzoneClusterImpl-336849c0-54e0-42a2-92e3-a8dd7e6e8d6a/datanode-5/data/ratis/1c5f4662-029a-4dda-8d08-9f2cedce64bc
2019-09-25 07:27:36,217 [pool-77-thread-1] INFO  server.RaftServerConfigKeys (ConfUtils.java:logGet(43)) - raft.server.log.queue.byte-limit = 2147483647 (custom)
2019-09-25 07:27:36,217 [pool-77-thread-1] INFO  server.RaftServerConfigKeys (ConfUtils.java:logGet(43)) - raft.server.log.queue.element-limit = 1024 (custom)
2019-09-25 07:27:36,217 [pool-77-thread-1] INFO  server.RaftServerConfigKeys (ConfUtils.java:logGet(43)) - raft.server.log.segment.size.max = 1048576 (custom)
2019-09-25 07:27:36,217 [pool-77-thread-1] INFO  server.RaftServerConfigKeys (ConfUtils.java:logGet(43)) - raft.server.log.preallocated.size = 16384 (custom)
2019-09-25 07:27:36,217 [pool-77-thread-1] INFO  server.RaftServerConfigKeys (ConfUtils.java:logGet(43)) - raft.server.log.write.buffer.size = 33554432 (custom)
2019-09-25 07:27:36,217 [pool-77-thread-1] INFO  server.RaftServerConfigKeys (ConfUtils.java:logGet(43)) - raft.server.log.force.sync.num = 128 (default)
2019-09-25 07:27:36,218 [pool-77-thread-1] INFO  server.RaftServerConfigKeys (ConfUtils.java:logGet(43)) - raft.server.log.statemachine.data.sync = true (default)
2019-09-25 07:27:36,218 [pool-77-thread-1] INFO  server.RaftServerConfigKeys (ConfUtils.java:logGet(43)) - raft.server.log.statemachine.data.sync.timeout = 10s (default)
2019-09-25 07:27:36,218 [pool-77-thread-1] INFO  server.RaftServerConfigKeys (ConfUtils.java:logGet(43)) - raft.server.log.statemachine.data.sync.timeout.retry = -1 (default)
2019-09-25 07:27:36,218 [pool-77-thread-1] INFO  server.RaftServerConfigKeys (ConfUtils.java:logGet(43)) - raft.server.log.statemachine.data.caching.enabled = true (custom)
2019-09-25 07:27:36,218 [pool-77-thread-1] INFO  segmented.SegmentedRaftLogWorker (SegmentedRaftLogWorker.java:lambda$new$0(132)) - ad28d3ec-40f8-4bc1-a274-453df443249c@group-9F2CEDCE64BC-SegmentedRaftLogWorker: flushIndex: setUnconditionally 0 -> -1
2019-09-25 07:27:36,219 [pool-77-thread-1] INFO  server.RaftServerConfigKeys (ConfUtils.java:logGet(43)) - raft.server.snapshot.auto.trigger.enabled = true (custom)
2019-09-25 07:27:36,219 [pool-77-thread-1] INFO  server.RaftServerConfigKeys (ConfUtils.java:logGet(43)) - raft.server.snapshot.auto.trigger.threshold = 10000 (custom)
2019-09-25 07:27:36,219 [pool-77-thread-1] INFO  server.RaftServerConfigKeys (ConfUtils.java:logGet(43)) - raft.server.snapshot.retention.num.files = 5 (custom)
2019-09-25 07:27:36,219 [pool-77-thread-1] INFO  server.RaftServerConfigKeys (ConfUtils.java:logGet(43)) - raft.server.retrycache.expirytime = 600000ms (custom)
2019-09-25 07:27:36,222 [pool-77-thread-1] INFO  impl.RaftServerImpl (RaftServerImpl.java:start(185)) - ad28d3ec-40f8-4bc1-a274-453df443249c@group-9F2CEDCE64BC: start as a follower, conf=-1: [ad28d3ec-40f8-4bc1-a274-453df443249c:192.168.151.106:42516], old=null
2019-09-25 07:27:36,222 [pool-77-thread-1] INFO  impl.RaftServerImpl (RaftServerImpl.java:setRole(174)) - ad28d3ec-40f8-4bc1-a274-453df443249c@group-9F2CEDCE64BC: changes role from      null to FOLLOWER at term 0 for startAsFollower
2019-09-25 07:27:36,222 [pool-77-thread-1] INFO  impl.RoleInfo (RoleInfo.java:updateAndGet(143)) - ad28d3ec-40f8-4bc1-a274-453df443249c: start FollowerState
2019-09-25 07:27:36,223 [pool-77-thread-1] INFO  util.JmxRegister (JmxRegister.java:tryRegister(44)) - Successfully registered JMX Bean with object name Ratis:service=RaftServer,group=group-9F2CEDCE64BC,id=ad28d3ec-40f8-4bc1-a274-453df443249c
2019-09-25 07:27:36,229 [RatisPipelineUtilsThread] INFO  pipeline.PipelineStateManager (PipelineStateManager.java:addPipeline(56)) - Created pipeline Pipeline[ Id: 1c5f4662-029a-4dda-8d08-9f2cedce64bc, Nodes: ad28d3ec-40f8-4bc1-a274-453df443249c{ip: 192.168.151.106, host: pr-hdds-1569-x2sr2-3486766547, networkLocation: /default-rack, certSerialId: null}, Type:RATIS, Factor:ONE, State:OPEN]
2019-09-25 07:27:36,241 [grpc-default-executor-0] INFO  impl.RaftServerProxy (RaftServerProxy.java:addNew(89)) - d2544423-6c63-4eb7-9d0a-bffb9f2b5023: addNew group-DBA5C334475D:[d2544423-6c63-4eb7-9d0a-bffb9f2b5023:192.168.151.106:39699] returns group-DBA5C334475D:java.util.concurrent.CompletableFuture@7954eec[Not completed]
2019-09-25 07:27:36,243 [pool-67-thread-1] INFO  impl.RaftServerImpl (RaftServerImpl.java:<init>(95)) - d2544423-6c63-4eb7-9d0a-bffb9f2b5023: new RaftServerImpl for group-DBA5C334475D:[d2544423-6c63-4eb7-9d0a-bffb9f2b5023:192.168.151.106:39699] with ContainerStateMachine:uninitialized
2019-09-25 07:27:36,243 [pool-67-thread-1] INFO  server.RaftServerConfigKeys (ConfUtils.java:logGet(43)) - raft.server.rpc.timeout.min = 5s (custom)
2019-09-25 07:27:36,243 [pool-67-thread-1] INFO  server.RaftServerConfigKeys (ConfUtils.java:logGet(43)) - raft.server.rpc.timeout.max = 5200ms (custom)
2019-09-25 07:27:36,243 [pool-67-thread-1] INFO  server.RaftServerConfigKeys (ConfUtils.java:logGet(43)) - raft.server.rpcslowness.timeout = 120s (custom)
2019-09-25 07:27:36,243 [pool-67-thread-1] INFO  server.RaftServerConfigKeys (ConfUtils.java:logGet(43)) - raft.server.sleep.deviation.threshold = 300 (default)
2019-09-25 07:27:36,244 [pool-67-thread-1] INFO  server.RaftServerConfigKeys (ConfUtils.java:logGet(43)) - raft.server.log.appender.install.snapshot.enabled = false (custom)
2019-09-25 07:27:36,244 [pool-67-thread-1] INFO  impl.RaftServerImpl (ServerState.java:<init>(103)) - d2544423-6c63-4eb7-9d0a-bffb9f2b5023@group-DBA5C334475D: ConfigurationManager, init=-1: [d2544423-6c63-4eb7-9d0a-bffb9f2b5023:192.168.151.106:39699], old=null, confs=<EMPTY_MAP>
2019-09-25 07:27:36,244 [pool-67-thread-1] INFO  server.RaftServerConfigKeys (ConfUtils.java:logGet(43)) - raft.server.storage.dir = [/workdir/hadoop-ozone/ozonefs/target/test-dir/MiniOzoneClusterImpl-336849c0-54e0-42a2-92e3-a8dd7e6e8d6a/datanode-4/data/ratis] (custom)
2019-09-25 07:27:36,244 [pool-67-thread-1] INFO  storage.RaftStorageDirectory (RaftStorageDirectory.java:analyzeStorage(246)) - The storage directory /workdir/hadoop-ozone/ozonefs/target/test-dir/MiniOzoneClusterImpl-336849c0-54e0-42a2-92e3-a8dd7e6e8d6a/datanode-4/data/ratis/82ceaf9e-ccc2-42e6-8ce3-dba5c334475d does not exist. Creating ...
2019-09-25 07:27:36,267 [pool-67-thread-1] INFO  storage.RaftStorageDirectory (RaftStorageDirectory.java:tryLock(328)) - Lock on /workdir/hadoop-ozone/ozonefs/target/test-dir/MiniOzoneClusterImpl-336849c0-54e0-42a2-92e3-a8dd7e6e8d6a/datanode-4/data/ratis/82ceaf9e-ccc2-42e6-8ce3-dba5c334475d/in_use.lock acquired by nodename 14720@pr-hdds-1569-x2sr2-3486766547
2019-09-25 07:27:36,291 [pool-67-thread-1] INFO  storage.RaftStorage (RaftStorage.java:format(72)) - Storage directory /workdir/hadoop-ozone/ozonefs/target/test-dir/MiniOzoneClusterImpl-336849c0-54e0-42a2-92e3-a8dd7e6e8d6a/datanode-4/data/ratis/82ceaf9e-ccc2-42e6-8ce3-dba5c334475d has been successfully formatted.
2019-09-25 07:27:36,291 [pool-67-thread-1] INFO  ratis.ContainerStateMachine (ContainerStateMachine.java:loadSnapshot(230)) - group-DBA5C334475D: The snapshot info is null. Setting the last applied indexto:(t:0, i:~)
2019-09-25 07:27:36,291 [pool-67-thread-1] INFO  server.RaftServerConfigKeys (ConfUtils.java:logGet(43)) - raft.server.notification.no-leader.timeout = 120s (custom)
2019-09-25 07:27:36,291 [pool-67-thread-1] INFO  server.RaftServerConfigKeys (ConfUtils.java:logGet(43)) - raft.server.log.use.memory = false (default)
2019-09-25 07:27:36,292 [pool-67-thread-1] INFO  server.RaftServerConfigKeys (ConfUtils.java:logGet(43)) - raft.server.log.purge.gap = 1000000 (custom)
2019-09-25 07:27:36,292 [pool-67-thread-1] INFO  server.RaftServerConfigKeys (ConfUtils.java:logGet(43)) - raft.server.log.appender.buffer.byte-limit = 33554432 (custom)
2019-09-25 07:27:36,292 [pool-67-thread-1] INFO  server.RaftServerConfigKeys (ConfUtils.java:logGet(43)) - raft.server.log.segment.size.max = 1048576 (custom)
2019-09-25 07:27:36,292 [pool-67-thread-1] INFO  server.RaftServerConfigKeys (ConfUtils.java:logGet(43)) - raft.server.log.segment.cache.num.max = 2 (custom)
2019-09-25 07:27:36,292 [pool-67-thread-1] INFO  segmented.SegmentedRaftLogWorker (SegmentedRaftLogWorker.java:<init>(172)) - new d2544423-6c63-4eb7-9d0a-bffb9f2b5023@group-DBA5C334475D-SegmentedRaftLogWorker for RaftStorage:Storage Directory /workdir/hadoop-ozone/ozonefs/target/test-dir/MiniOzoneClusterImpl-336849c0-54e0-42a2-92e3-a8dd7e6e8d6a/datanode-4/data/ratis/82ceaf9e-ccc2-42e6-8ce3-dba5c334475d
2019-09-25 07:27:36,292 [pool-67-thread-1] INFO  server.RaftServerConfigKeys (ConfUtils.java:logGet(43)) - raft.server.log.queue.byte-limit = 2147483647 (custom)
2019-09-25 07:27:36,292 [pool-67-thread-1] INFO  server.RaftServerConfigKeys (ConfUtils.java:logGet(43)) - raft.server.log.queue.element-limit = 1024 (custom)
2019-09-25 07:27:36,293 [pool-67-thread-1] INFO  server.RaftServerConfigKeys (ConfUtils.java:logGet(43)) - raft.server.log.segment.size.max = 1048576 (custom)
2019-09-25 07:27:36,293 [pool-67-thread-1] INFO  server.RaftServerConfigKeys (ConfUtils.java:logGet(43)) - raft.server.log.preallocated.size = 16384 (custom)
2019-09-25 07:27:36,293 [pool-67-thread-1] INFO  server.RaftServerConfigKeys (ConfUtils.java:logGet(43)) - raft.server.log.write.buffer.size = 33554432 (custom)
2019-09-25 07:27:36,293 [pool-67-thread-1] INFO  server.RaftServerConfigKeys (ConfUtils.java:logGet(43)) - raft.server.log.force.sync.num = 128 (default)
2019-09-25 07:27:36,293 [pool-67-thread-1] INFO  server.RaftServerConfigKeys (ConfUtils.java:logGet(43)) - raft.server.log.statemachine.data.sync = true (default)
2019-09-25 07:27:36,293 [pool-67-thread-1] INFO  server.RaftServerConfigKeys (ConfUtils.java:logGet(43)) - raft.server.log.statemachine.data.sync.timeout = 10s (default)
2019-09-25 07:27:36,293 [pool-67-thread-1] INFO  server.RaftServerConfigKeys (ConfUtils.java:logGet(43)) - raft.server.log.statemachine.data.sync.timeout.retry = -1 (default)
2019-09-25 07:27:36,294 [pool-67-thread-1] INFO  server.RaftServerConfigKeys (ConfUtils.java:logGet(43)) - raft.server.log.statemachine.data.caching.enabled = true (custom)
2019-09-25 07:27:36,294 [pool-67-thread-1] INFO  segmented.SegmentedRaftLogWorker (SegmentedRaftLogWorker.java:lambda$new$0(132)) - d2544423-6c63-4eb7-9d0a-bffb9f2b5023@group-DBA5C334475D-SegmentedRaftLogWorker: flushIndex: setUnconditionally 0 -> -1
2019-09-25 07:27:36,294 [pool-67-thread-1] INFO  server.RaftServerConfigKeys (ConfUtils.java:logGet(43)) - raft.server.snapshot.auto.trigger.enabled = true (custom)
2019-09-25 07:27:36,294 [pool-67-thread-1] INFO  server.RaftServerConfigKeys (ConfUtils.java:logGet(43)) - raft.server.snapshot.auto.trigger.threshold = 10000 (custom)
2019-09-25 07:27:36,295 [pool-67-thread-1] INFO  server.RaftServerConfigKeys (ConfUtils.java:logGet(43)) - raft.server.snapshot.retention.num.files = 5 (custom)
2019-09-25 07:27:36,295 [pool-67-thread-1] INFO  server.RaftServerConfigKeys (ConfUtils.java:logGet(43)) - raft.server.retrycache.expirytime = 600000ms (custom)
2019-09-25 07:27:36,298 [pool-67-thread-1] INFO  impl.RaftServerImpl (RaftServerImpl.java:start(185)) - d2544423-6c63-4eb7-9d0a-bffb9f2b5023@group-DBA5C334475D: start as a follower, conf=-1: [d2544423-6c63-4eb7-9d0a-bffb9f2b5023:192.168.151.106:39699], old=null
2019-09-25 07:27:36,298 [pool-67-thread-1] INFO  impl.RaftServerImpl (RaftServerImpl.java:setRole(174)) - d2544423-6c63-4eb7-9d0a-bffb9f2b5023@group-DBA5C334475D: changes role from      null to FOLLOWER at term 0 for startAsFollower
2019-09-25 07:27:36,298 [pool-67-thread-1] INFO  impl.RoleInfo (RoleInfo.java:updateAndGet(143)) - d2544423-6c63-4eb7-9d0a-bffb9f2b5023: start FollowerState
2019-09-25 07:27:36,298 [pool-67-thread-1] INFO  util.JmxRegister (JmxRegister.java:tryRegister(44)) - Successfully registered JMX Bean with object name Ratis:service=RaftServer,group=group-DBA5C334475D,id=d2544423-6c63-4eb7-9d0a-bffb9f2b5023
2019-09-25 07:27:36,304 [RatisPipelineUtilsThread] INFO  pipeline.PipelineStateManager (PipelineStateManager.java:addPipeline(56)) - Created pipeline Pipeline[ Id: 82ceaf9e-ccc2-42e6-8ce3-dba5c334475d, Nodes: d2544423-6c63-4eb7-9d0a-bffb9f2b5023{ip: 192.168.151.106, host: pr-hdds-1569-x2sr2-3486766547, networkLocation: /default-rack, certSerialId: null}, Type:RATIS, Factor:ONE, State:OPEN]
2019-09-25 07:27:36,316 [grpc-default-executor-0] INFO  impl.RaftServerProxy (RaftServerProxy.java:addNew(89)) - d2544423-6c63-4eb7-9d0a-bffb9f2b5023: addNew group-924813AC41E7:[d2544423-6c63-4eb7-9d0a-bffb9f2b5023:192.168.151.106:39699] returns group-924813AC41E7:java.util.concurrent.CompletableFuture@240731d2[Not completed]
2019-09-25 07:27:36,318 [pool-67-thread-1] INFO  impl.RaftServerImpl (RaftServerImpl.java:<init>(95)) - d2544423-6c63-4eb7-9d0a-bffb9f2b5023: new RaftServerImpl for group-924813AC41E7:[d2544423-6c63-4eb7-9d0a-bffb9f2b5023:192.168.151.106:39699] with ContainerStateMachine:uninitialized
2019-09-25 07:27:36,318 [pool-67-thread-1] INFO  server.RaftServerConfigKeys (ConfUtils.java:logGet(43)) - raft.server.rpc.timeout.min = 5s (custom)
2019-09-25 07:27:36,318 [pool-67-thread-1] INFO  server.RaftServerConfigKeys (ConfUtils.java:logGet(43)) - raft.server.rpc.timeout.max = 5200ms (custom)
2019-09-25 07:27:36,318 [pool-67-thread-1] INFO  server.RaftServerConfigKeys (ConfUtils.java:logGet(43)) - raft.server.rpcslowness.timeout = 120s (custom)
2019-09-25 07:27:36,318 [pool-67-thread-1] INFO  server.RaftServerConfigKeys (ConfUtils.java:logGet(43)) - raft.server.sleep.deviation.threshold = 300 (default)
2019-09-25 07:27:36,318 [pool-67-thread-1] INFO  server.RaftServerConfigKeys (ConfUtils.java:logGet(43)) - raft.server.log.appender.install.snapshot.enabled = false (custom)
2019-09-25 07:27:36,318 [pool-67-thread-1] INFO  impl.RaftServerImpl (ServerState.java:<init>(103)) - d2544423-6c63-4eb7-9d0a-bffb9f2b5023@group-924813AC41E7: ConfigurationManager, init=-1: [d2544423-6c63-4eb7-9d0a-bffb9f2b5023:192.168.151.106:39699], old=null, confs=<EMPTY_MAP>
2019-09-25 07:27:36,319 [pool-67-thread-1] INFO  server.RaftServerConfigKeys (ConfUtils.java:logGet(43)) - raft.server.storage.dir = [/workdir/hadoop-ozone/ozonefs/target/test-dir/MiniOzoneClusterImpl-336849c0-54e0-42a2-92e3-a8dd7e6e8d6a/datanode-4/data/ratis] (custom)
2019-09-25 07:27:36,319 [pool-67-thread-1] INFO  storage.RaftStorageDirectory (RaftStorageDirectory.java:analyzeStorage(246)) - The storage directory /workdir/hadoop-ozone/ozonefs/target/test-dir/MiniOzoneClusterImpl-336849c0-54e0-42a2-92e3-a8dd7e6e8d6a/datanode-4/data/ratis/16e38e14-cb2e-4cef-b007-924813ac41e7 does not exist. Creating ...
2019-09-25 07:27:36,342 [pool-67-thread-1] INFO  storage.RaftStorageDirectory (RaftStorageDirectory.java:tryLock(328)) - Lock on /workdir/hadoop-ozone/ozonefs/target/test-dir/MiniOzoneClusterImpl-336849c0-54e0-42a2-92e3-a8dd7e6e8d6a/datanode-4/data/ratis/16e38e14-cb2e-4cef-b007-924813ac41e7/in_use.lock acquired by nodename 14720@pr-hdds-1569-x2sr2-3486766547
2019-09-25 07:27:36,362 [pool-67-thread-1] INFO  storage.RaftStorage (RaftStorage.java:format(72)) - Storage directory /workdir/hadoop-ozone/ozonefs/target/test-dir/MiniOzoneClusterImpl-336849c0-54e0-42a2-92e3-a8dd7e6e8d6a/datanode-4/data/ratis/16e38e14-cb2e-4cef-b007-924813ac41e7 has been successfully formatted.
2019-09-25 07:27:36,362 [pool-67-thread-1] INFO  ratis.ContainerStateMachine (ContainerStateMachine.java:loadSnapshot(230)) - group-924813AC41E7: The snapshot info is null. Setting the last applied indexto:(t:0, i:~)
2019-09-25 07:27:36,362 [pool-67-thread-1] INFO  server.RaftServerConfigKeys (ConfUtils.java:logGet(43)) - raft.server.notification.no-leader.timeout = 120s (custom)
2019-09-25 07:27:36,363 [pool-67-thread-1] INFO  server.RaftServerConfigKeys (ConfUtils.java:logGet(43)) - raft.server.log.use.memory = false (default)
2019-09-25 07:27:36,363 [pool-67-thread-1] INFO  server.RaftServerConfigKeys (ConfUtils.java:logGet(43)) - raft.server.log.purge.gap = 1000000 (custom)
2019-09-25 07:27:36,363 [pool-67-thread-1] INFO  server.RaftServerConfigKeys (ConfUtils.java:logGet(43)) - raft.server.log.appender.buffer.byte-limit = 33554432 (custom)
2019-09-25 07:27:36,363 [pool-67-thread-1] INFO  server.RaftServerConfigKeys (ConfUtils.java:logGet(43)) - raft.server.log.segment.size.max = 1048576 (custom)
2019-09-25 07:27:36,363 [pool-67-thread-1] INFO  server.RaftServerConfigKeys (ConfUtils.java:logGet(43)) - raft.server.log.segment.cache.num.max = 2 (custom)
2019-09-25 07:27:36,363 [pool-67-thread-1] INFO  segmented.SegmentedRaftLogWorker (SegmentedRaftLogWorker.java:<init>(172)) - new d2544423-6c63-4eb7-9d0a-bffb9f2b5023@group-924813AC41E7-SegmentedRaftLogWorker for RaftStorage:Storage Directory /workdir/hadoop-ozone/ozonefs/target/test-dir/MiniOzoneClusterImpl-336849c0-54e0-42a2-92e3-a8dd7e6e8d6a/datanode-4/data/ratis/16e38e14-cb2e-4cef-b007-924813ac41e7
2019-09-25 07:27:36,363 [pool-67-thread-1] INFO  server.RaftServerConfigKeys (ConfUtils.java:logGet(43)) - raft.server.log.queue.byte-limit = 2147483647 (custom)
2019-09-25 07:27:36,364 [pool-67-thread-1] INFO  server.RaftServerConfigKeys (ConfUtils.java:logGet(43)) - raft.server.log.queue.element-limit = 1024 (custom)
2019-09-25 07:27:36,364 [pool-67-thread-1] INFO  server.RaftServerConfigKeys (ConfUtils.java:logGet(43)) - raft.server.log.segment.size.max = 1048576 (custom)
2019-09-25 07:27:36,364 [pool-67-thread-1] INFO  server.RaftServerConfigKeys (ConfUtils.java:logGet(43)) - raft.server.log.preallocated.size = 16384 (custom)
2019-09-25 07:27:36,364 [pool-67-thread-1] INFO  server.RaftServerConfigKeys (ConfUtils.java:logGet(43)) - raft.server.log.write.buffer.size = 33554432 (custom)
2019-09-25 07:27:36,364 [pool-67-thread-1] INFO  server.RaftServerConfigKeys (ConfUtils.java:logGet(43)) - raft.server.log.force.sync.num = 128 (default)
2019-09-25 07:27:36,364 [pool-67-thread-1] INFO  server.RaftServerConfigKeys (ConfUtils.java:logGet(43)) - raft.server.log.statemachine.data.sync = true (default)
2019-09-25 07:27:36,364 [pool-67-thread-1] INFO  server.RaftServerConfigKeys (ConfUtils.java:logGet(43)) - raft.server.log.statemachine.data.sync.timeout = 10s (default)
2019-09-25 07:27:36,365 [pool-67-thread-1] INFO  server.RaftServerConfigKeys (ConfUtils.java:logGet(43)) - raft.server.log.statemachine.data.sync.timeout.retry = -1 (default)
2019-09-25 07:27:36,365 [pool-67-thread-1] INFO  server.RaftServerConfigKeys (ConfUtils.java:logGet(43)) - raft.server.log.statemachine.data.caching.enabled = true (custom)
2019-09-25 07:27:36,365 [pool-67-thread-1] INFO  segmented.SegmentedRaftLogWorker (SegmentedRaftLogWorker.java:lambda$new$0(132)) - d2544423-6c63-4eb7-9d0a-bffb9f2b5023@group-924813AC41E7-SegmentedRaftLogWorker: flushIndex: setUnconditionally 0 -> -1
2019-09-25 07:27:36,366 [pool-67-thread-1] INFO  server.RaftServerConfigKeys (ConfUtils.java:logGet(43)) - raft.server.snapshot.auto.trigger.enabled = true (custom)
2019-09-25 07:27:36,366 [pool-67-thread-1] INFO  server.RaftServerConfigKeys (ConfUtils.java:logGet(43)) - raft.server.snapshot.auto.trigger.threshold = 10000 (custom)
2019-09-25 07:27:36,366 [pool-67-thread-1] INFO  server.RaftServerConfigKeys (ConfUtils.java:logGet(43)) - raft.server.snapshot.retention.num.files = 5 (custom)
2019-09-25 07:27:36,366 [pool-67-thread-1] INFO  server.RaftServerConfigKeys (ConfUtils.java:logGet(43)) - raft.server.retrycache.expirytime = 600000ms (custom)
2019-09-25 07:27:36,369 [pool-67-thread-1] INFO  impl.RaftServerImpl (RaftServerImpl.java:start(185)) - d2544423-6c63-4eb7-9d0a-bffb9f2b5023@group-924813AC41E7: start as a follower, conf=-1: [d2544423-6c63-4eb7-9d0a-bffb9f2b5023:192.168.151.106:39699], old=null
2019-09-25 07:27:36,369 [pool-67-thread-1] INFO  impl.RaftServerImpl (RaftServerImpl.java:setRole(174)) - d2544423-6c63-4eb7-9d0a-bffb9f2b5023@group-924813AC41E7: changes role from      null to FOLLOWER at term 0 for startAsFollower
2019-09-25 07:27:36,369 [pool-67-thread-1] INFO  impl.RoleInfo (RoleInfo.java:updateAndGet(143)) - d2544423-6c63-4eb7-9d0a-bffb9f2b5023: start FollowerState
2019-09-25 07:27:36,370 [pool-67-thread-1] INFO  util.JmxRegister (JmxRegister.java:tryRegister(44)) - Successfully registered JMX Bean with object name Ratis:service=RaftServer,group=group-924813AC41E7,id=d2544423-6c63-4eb7-9d0a-bffb9f2b5023
2019-09-25 07:27:36,376 [RatisPipelineUtilsThread] INFO  pipeline.PipelineStateManager (PipelineStateManager.java:addPipeline(56)) - Created pipeline Pipeline[ Id: 16e38e14-cb2e-4cef-b007-924813ac41e7, Nodes: d2544423-6c63-4eb7-9d0a-bffb9f2b5023{ip: 192.168.151.106, host: pr-hdds-1569-x2sr2-3486766547, networkLocation: /default-rack, certSerialId: null}, Type:RATIS, Factor:ONE, State:OPEN]
2019-09-25 07:27:36,388 [grpc-default-executor-0] INFO  impl.RaftServerProxy (RaftServerProxy.java:addNew(89)) - 94a1c681-cec5-47e9-bd86-59396c1e12e6: addNew group-4E86A460DFB3:[94a1c681-cec5-47e9-bd86-59396c1e12e6:192.168.151.106:39666] returns group-4E86A460DFB3:java.util.concurrent.CompletableFuture@53b1a354[Not completed]
2019-09-25 07:27:36,389 [pool-117-thread-1] INFO  impl.RaftServerImpl (RaftServerImpl.java:<init>(95)) - 94a1c681-cec5-47e9-bd86-59396c1e12e6: new RaftServerImpl for group-4E86A460DFB3:[94a1c681-cec5-47e9-bd86-59396c1e12e6:192.168.151.106:39666] with ContainerStateMachine:uninitialized
2019-09-25 07:27:36,390 [pool-117-thread-1] INFO  server.RaftServerConfigKeys (ConfUtils.java:logGet(43)) - raft.server.rpc.timeout.min = 5s (custom)
2019-09-25 07:27:36,390 [pool-117-thread-1] INFO  server.RaftServerConfigKeys (ConfUtils.java:logGet(43)) - raft.server.rpc.timeout.max = 5200ms (custom)
2019-09-25 07:27:36,390 [pool-117-thread-1] INFO  server.RaftServerConfigKeys (ConfUtils.java:logGet(43)) - raft.server.rpcslowness.timeout = 120s (custom)
2019-09-25 07:27:36,390 [pool-117-thread-1] INFO  server.RaftServerConfigKeys (ConfUtils.java:logGet(43)) - raft.server.sleep.deviation.threshold = 300 (default)
2019-09-25 07:27:36,390 [pool-117-thread-1] INFO  server.RaftServerConfigKeys (ConfUtils.java:logGet(43)) - raft.server.log.appender.install.snapshot.enabled = false (custom)
2019-09-25 07:27:36,390 [pool-117-thread-1] INFO  impl.RaftServerImpl (ServerState.java:<init>(103)) - 94a1c681-cec5-47e9-bd86-59396c1e12e6@group-4E86A460DFB3: ConfigurationManager, init=-1: [94a1c681-cec5-47e9-bd86-59396c1e12e6:192.168.151.106:39666], old=null, confs=<EMPTY_MAP>
2019-09-25 07:27:36,391 [pool-117-thread-1] INFO  server.RaftServerConfigKeys (ConfUtils.java:logGet(43)) - raft.server.storage.dir = [/workdir/hadoop-ozone/ozonefs/target/test-dir/MiniOzoneClusterImpl-336849c0-54e0-42a2-92e3-a8dd7e6e8d6a/datanode-9/data/ratis] (custom)
2019-09-25 07:27:36,391 [pool-117-thread-1] INFO  storage.RaftStorageDirectory (RaftStorageDirectory.java:analyzeStorage(246)) - The storage directory /workdir/hadoop-ozone/ozonefs/target/test-dir/MiniOzoneClusterImpl-336849c0-54e0-42a2-92e3-a8dd7e6e8d6a/datanode-9/data/ratis/790ed0ee-4e49-4b67-9a36-4e86a460dfb3 does not exist. Creating ...
2019-09-25 07:27:36,417 [pool-117-thread-1] INFO  storage.RaftStorageDirectory (RaftStorageDirectory.java:tryLock(328)) - Lock on /workdir/hadoop-ozone/ozonefs/target/test-dir/MiniOzoneClusterImpl-336849c0-54e0-42a2-92e3-a8dd7e6e8d6a/datanode-9/data/ratis/790ed0ee-4e49-4b67-9a36-4e86a460dfb3/in_use.lock acquired by nodename 14720@pr-hdds-1569-x2sr2-3486766547
2019-09-25 07:27:36,442 [pool-117-thread-1] INFO  storage.RaftStorage (RaftStorage.java:format(72)) - Storage directory /workdir/hadoop-ozone/ozonefs/target/test-dir/MiniOzoneClusterImpl-336849c0-54e0-42a2-92e3-a8dd7e6e8d6a/datanode-9/data/ratis/790ed0ee-4e49-4b67-9a36-4e86a460dfb3 has been successfully formatted.
2019-09-25 07:27:36,443 [pool-117-thread-1] INFO  ratis.ContainerStateMachine (ContainerStateMachine.java:loadSnapshot(230)) - group-4E86A460DFB3: The snapshot info is null. Setting the last applied indexto:(t:0, i:~)
2019-09-25 07:27:36,443 [pool-117-thread-1] INFO  server.RaftServerConfigKeys (ConfUtils.java:logGet(43)) - raft.server.notification.no-leader.timeout = 120s (custom)
2019-09-25 07:27:36,443 [pool-117-thread-1] INFO  server.RaftServerConfigKeys (ConfUtils.java:logGet(43)) - raft.server.log.use.memory = false (default)
2019-09-25 07:27:36,444 [pool-117-thread-1] INFO  server.RaftServerConfigKeys (ConfUtils.java:logGet(43)) - raft.server.log.purge.gap = 1000000 (custom)
2019-09-25 07:27:36,444 [pool-117-thread-1] INFO  server.RaftServerConfigKeys (ConfUtils.java:logGet(43)) - raft.server.log.appender.buffer.byte-limit = 33554432 (custom)
2019-09-25 07:27:36,444 [pool-117-thread-1] INFO  server.RaftServerConfigKeys (ConfUtils.java:logGet(43)) - raft.server.log.segment.size.max = 1048576 (custom)
2019-09-25 07:27:36,444 [pool-117-thread-1] INFO  server.RaftServerConfigKeys (ConfUtils.java:logGet(43)) - raft.server.log.segment.cache.num.max = 2 (custom)
2019-09-25 07:27:36,444 [pool-117-thread-1] INFO  segmented.SegmentedRaftLogWorker (SegmentedRaftLogWorker.java:<init>(172)) - new 94a1c681-cec5-47e9-bd86-59396c1e12e6@group-4E86A460DFB3-SegmentedRaftLogWorker for RaftStorage:Storage Directory /workdir/hadoop-ozone/ozonefs/target/test-dir/MiniOzoneClusterImpl-336849c0-54e0-42a2-92e3-a8dd7e6e8d6a/datanode-9/data/ratis/790ed0ee-4e49-4b67-9a36-4e86a460dfb3
2019-09-25 07:27:36,444 [pool-117-thread-1] INFO  server.RaftServerConfigKeys (ConfUtils.java:logGet(43)) - raft.server.log.queue.byte-limit = 2147483647 (custom)
2019-09-25 07:27:36,444 [pool-117-thread-1] INFO  server.RaftServerConfigKeys (ConfUtils.java:logGet(43)) - raft.server.log.queue.element-limit = 1024 (custom)
2019-09-25 07:27:36,445 [pool-117-thread-1] INFO  server.RaftServerConfigKeys (ConfUtils.java:logGet(43)) - raft.server.log.segment.size.max = 1048576 (custom)
2019-09-25 07:27:36,445 [pool-117-thread-1] INFO  server.RaftServerConfigKeys (ConfUtils.java:logGet(43)) - raft.server.log.preallocated.size = 16384 (custom)
2019-09-25 07:27:36,445 [pool-117-thread-1] INFO  server.RaftServerConfigKeys (ConfUtils.java:logGet(43)) - raft.server.log.write.buffer.size = 33554432 (custom)
2019-09-25 07:27:36,445 [pool-117-thread-1] INFO  server.RaftServerConfigKeys (ConfUtils.java:logGet(43)) - raft.server.log.force.sync.num = 128 (default)
2019-09-25 07:27:36,445 [pool-117-thread-1] INFO  server.RaftServerConfigKeys (ConfUtils.java:logGet(43)) - raft.server.log.statemachine.data.sync = true (default)
2019-09-25 07:27:36,445 [pool-117-thread-1] INFO  server.RaftServerConfigKeys (ConfUtils.java:logGet(43)) - raft.server.log.statemachine.data.sync.timeout = 10s (default)
2019-09-25 07:27:36,446 [pool-117-thread-1] INFO  server.RaftServerConfigKeys (ConfUtils.java:logGet(43)) - raft.server.log.statemachine.data.sync.timeout.retry = -1 (default)
2019-09-25 07:27:36,446 [pool-117-thread-1] INFO  server.RaftServerConfigKeys (ConfUtils.java:logGet(43)) - raft.server.log.statemachine.data.caching.enabled = true (custom)
2019-09-25 07:27:36,446 [pool-117-thread-1] INFO  segmented.SegmentedRaftLogWorker (SegmentedRaftLogWorker.java:lambda$new$0(132)) - 94a1c681-cec5-47e9-bd86-59396c1e12e6@group-4E86A460DFB3-SegmentedRaftLogWorker: flushIndex: setUnconditionally 0 -> -1
2019-09-25 07:27:36,446 [pool-117-thread-1] INFO  server.RaftServerConfigKeys (ConfUtils.java:logGet(43)) - raft.server.snapshot.auto.trigger.enabled = true (custom)
2019-09-25 07:27:36,447 [pool-117-thread-1] INFO  server.RaftServerConfigKeys (ConfUtils.java:logGet(43)) - raft.server.snapshot.auto.trigger.threshold = 10000 (custom)
2019-09-25 07:27:36,447 [pool-117-thread-1] INFO  server.RaftServerConfigKeys (ConfUtils.java:logGet(43)) - raft.server.snapshot.retention.num.files = 5 (custom)
2019-09-25 07:27:36,447 [pool-117-thread-1] INFO  server.RaftServerConfigKeys (ConfUtils.java:logGet(43)) - raft.server.retrycache.expirytime = 600000ms (custom)
2019-09-25 07:27:36,450 [pool-117-thread-1] INFO  impl.RaftServerImpl (RaftServerImpl.java:start(185)) - 94a1c681-cec5-47e9-bd86-59396c1e12e6@group-4E86A460DFB3: start as a follower, conf=-1: [94a1c681-cec5-47e9-bd86-59396c1e12e6:192.168.151.106:39666], old=null
2019-09-25 07:27:36,450 [pool-117-thread-1] INFO  impl.RaftServerImpl (RaftServerImpl.java:setRole(174)) - 94a1c681-cec5-47e9-bd86-59396c1e12e6@group-4E86A460DFB3: changes role from      null to FOLLOWER at term 0 for startAsFollower
2019-09-25 07:27:36,450 [pool-117-thread-1] INFO  impl.RoleInfo (RoleInfo.java:updateAndGet(143)) - 94a1c681-cec5-47e9-bd86-59396c1e12e6: start FollowerState
2019-09-25 07:27:36,451 [pool-117-thread-1] INFO  util.JmxRegister (JmxRegister.java:tryRegister(44)) - Successfully registered JMX Bean with object name Ratis:service=RaftServer,group=group-4E86A460DFB3,id=94a1c681-cec5-47e9-bd86-59396c1e12e6
2019-09-25 07:27:36,456 [RatisPipelineUtilsThread] INFO  pipeline.PipelineStateManager (PipelineStateManager.java:addPipeline(56)) - Created pipeline Pipeline[ Id: 790ed0ee-4e49-4b67-9a36-4e86a460dfb3, Nodes: 94a1c681-cec5-47e9-bd86-59396c1e12e6{ip: 192.168.151.106, host: pr-hdds-1569-x2sr2-3486766547, networkLocation: /default-rack, certSerialId: null}, Type:RATIS, Factor:ONE, State:OPEN]
2019-09-25 07:27:36,468 [grpc-default-executor-0] INFO  impl.RaftServerProxy (RaftServerProxy.java:addNew(89)) - ad28d3ec-40f8-4bc1-a274-453df443249c: addNew group-8FB0F7F1CDEF:[ad28d3ec-40f8-4bc1-a274-453df443249c:192.168.151.106:42516] returns group-8FB0F7F1CDEF:java.util.concurrent.CompletableFuture@7ddbaf8f[Not completed]
2019-09-25 07:27:36,470 [pool-77-thread-1] INFO  impl.RaftServerImpl (RaftServerImpl.java:<init>(95)) - ad28d3ec-40f8-4bc1-a274-453df443249c: new RaftServerImpl for group-8FB0F7F1CDEF:[ad28d3ec-40f8-4bc1-a274-453df443249c:192.168.151.106:42516] with ContainerStateMachine:uninitialized
2019-09-25 07:27:36,470 [pool-77-thread-1] INFO  server.RaftServerConfigKeys (ConfUtils.java:logGet(43)) - raft.server.rpc.timeout.min = 5s (custom)
2019-09-25 07:27:36,470 [pool-77-thread-1] INFO  server.RaftServerConfigKeys (ConfUtils.java:logGet(43)) - raft.server.rpc.timeout.max = 5200ms (custom)
2019-09-25 07:27:36,470 [pool-77-thread-1] INFO  server.RaftServerConfigKeys (ConfUtils.java:logGet(43)) - raft.server.rpcslowness.timeout = 120s (custom)
2019-09-25 07:27:36,470 [pool-77-thread-1] INFO  server.RaftServerConfigKeys (ConfUtils.java:logGet(43)) - raft.server.sleep.deviation.threshold = 300 (default)
2019-09-25 07:27:36,471 [pool-77-thread-1] INFO  server.RaftServerConfigKeys (ConfUtils.java:logGet(43)) - raft.server.log.appender.install.snapshot.enabled = false (custom)
2019-09-25 07:27:36,471 [pool-77-thread-1] INFO  impl.RaftServerImpl (ServerState.java:<init>(103)) - ad28d3ec-40f8-4bc1-a274-453df443249c@group-8FB0F7F1CDEF: ConfigurationManager, init=-1: [ad28d3ec-40f8-4bc1-a274-453df443249c:192.168.151.106:42516], old=null, confs=<EMPTY_MAP>
2019-09-25 07:27:36,471 [pool-77-thread-1] INFO  server.RaftServerConfigKeys (ConfUtils.java:logGet(43)) - raft.server.storage.dir = [/workdir/hadoop-ozone/ozonefs/target/test-dir/MiniOzoneClusterImpl-336849c0-54e0-42a2-92e3-a8dd7e6e8d6a/datanode-5/data/ratis] (custom)
2019-09-25 07:27:36,471 [pool-77-thread-1] INFO  storage.RaftStorageDirectory (RaftStorageDirectory.java:analyzeStorage(246)) - The storage directory /workdir/hadoop-ozone/ozonefs/target/test-dir/MiniOzoneClusterImpl-336849c0-54e0-42a2-92e3-a8dd7e6e8d6a/datanode-5/data/ratis/913ca891-c769-4219-8851-8fb0f7f1cdef does not exist. Creating ...
2019-09-25 07:27:36,493 [pool-77-thread-1] INFO  storage.RaftStorageDirectory (RaftStorageDirectory.java:tryLock(328)) - Lock on /workdir/hadoop-ozone/ozonefs/target/test-dir/MiniOzoneClusterImpl-336849c0-54e0-42a2-92e3-a8dd7e6e8d6a/datanode-5/data/ratis/913ca891-c769-4219-8851-8fb0f7f1cdef/in_use.lock acquired by nodename 14720@pr-hdds-1569-x2sr2-3486766547
2019-09-25 07:27:36,518 [pool-77-thread-1] INFO  storage.RaftStorage (RaftStorage.java:format(72)) - Storage directory /workdir/hadoop-ozone/ozonefs/target/test-dir/MiniOzoneClusterImpl-336849c0-54e0-42a2-92e3-a8dd7e6e8d6a/datanode-5/data/ratis/913ca891-c769-4219-8851-8fb0f7f1cdef has been successfully formatted.
2019-09-25 07:27:36,519 [pool-77-thread-1] INFO  ratis.ContainerStateMachine (ContainerStateMachine.java:loadSnapshot(230)) - group-8FB0F7F1CDEF: The snapshot info is null. Setting the last applied indexto:(t:0, i:~)
2019-09-25 07:27:36,519 [pool-77-thread-1] INFO  server.RaftServerConfigKeys (ConfUtils.java:logGet(43)) - raft.server.notification.no-leader.timeout = 120s (custom)
2019-09-25 07:27:36,519 [pool-77-thread-1] INFO  server.RaftServerConfigKeys (ConfUtils.java:logGet(43)) - raft.server.log.use.memory = false (default)
2019-09-25 07:27:36,519 [pool-77-thread-1] INFO  server.RaftServerConfigKeys (ConfUtils.java:logGet(43)) - raft.server.log.purge.gap = 1000000 (custom)
2019-09-25 07:27:36,519 [pool-77-thread-1] INFO  server.RaftServerConfigKeys (ConfUtils.java:logGet(43)) - raft.server.log.appender.buffer.byte-limit = 33554432 (custom)
2019-09-25 07:27:36,519 [pool-77-thread-1] INFO  server.RaftServerConfigKeys (ConfUtils.java:logGet(43)) - raft.server.log.segment.size.max = 1048576 (custom)
2019-09-25 07:27:36,520 [pool-77-thread-1] INFO  server.RaftServerConfigKeys (ConfUtils.java:logGet(43)) - raft.server.log.segment.cache.num.max = 2 (custom)
2019-09-25 07:27:36,520 [pool-77-thread-1] INFO  segmented.SegmentedRaftLogWorker (SegmentedRaftLogWorker.java:<init>(172)) - new ad28d3ec-40f8-4bc1-a274-453df443249c@group-8FB0F7F1CDEF-SegmentedRaftLogWorker for RaftStorage:Storage Directory /workdir/hadoop-ozone/ozonefs/target/test-dir/MiniOzoneClusterImpl-336849c0-54e0-42a2-92e3-a8dd7e6e8d6a/datanode-5/data/ratis/913ca891-c769-4219-8851-8fb0f7f1cdef
2019-09-25 07:27:36,520 [pool-77-thread-1] INFO  server.RaftServerConfigKeys (ConfUtils.java:logGet(43)) - raft.server.log.queue.byte-limit = 2147483647 (custom)
2019-09-25 07:27:36,520 [pool-77-thread-1] INFO  server.RaftServerConfigKeys (ConfUtils.java:logGet(43)) - raft.server.log.queue.element-limit = 1024 (custom)
2019-09-25 07:27:36,520 [pool-77-thread-1] INFO  server.RaftServerConfigKeys (ConfUtils.java:logGet(43)) - raft.server.log.segment.size.max = 1048576 (custom)
2019-09-25 07:27:36,520 [pool-77-thread-1] INFO  server.RaftServerConfigKeys (ConfUtils.java:logGet(43)) - raft.server.log.preallocated.size = 16384 (custom)
2019-09-25 07:27:36,521 [pool-77-thread-1] INFO  server.RaftServerConfigKeys (ConfUtils.java:logGet(43)) - raft.server.log.write.buffer.size = 33554432 (custom)
2019-09-25 07:27:36,521 [pool-77-thread-1] INFO  server.RaftServerConfigKeys (ConfUtils.java:logGet(43)) - raft.server.log.force.sync.num = 128 (default)
2019-09-25 07:27:36,521 [pool-77-thread-1] INFO  server.RaftServerConfigKeys (ConfUtils.java:logGet(43)) - raft.server.log.statemachine.data.sync = true (default)
2019-09-25 07:27:36,521 [pool-77-thread-1] INFO  server.RaftServerConfigKeys (ConfUtils.java:logGet(43)) - raft.server.log.statemachine.data.sync.timeout = 10s (default)
2019-09-25 07:27:36,521 [pool-77-thread-1] INFO  server.RaftServerConfigKeys (ConfUtils.java:logGet(43)) - raft.server.log.statemachine.data.sync.timeout.retry = -1 (default)
2019-09-25 07:27:36,522 [pool-77-thread-1] INFO  server.RaftServerConfigKeys (ConfUtils.java:logGet(43)) - raft.server.log.statemachine.data.caching.enabled = true (custom)
2019-09-25 07:27:36,523 [pool-77-thread-1] INFO  segmented.SegmentedRaftLogWorker (SegmentedRaftLogWorker.java:lambda$new$0(132)) - ad28d3ec-40f8-4bc1-a274-453df443249c@group-8FB0F7F1CDEF-SegmentedRaftLogWorker: flushIndex: setUnconditionally 0 -> -1
2019-09-25 07:27:36,523 [pool-77-thread-1] INFO  server.RaftServerConfigKeys (ConfUtils.java:logGet(43)) - raft.server.snapshot.auto.trigger.enabled = true (custom)
2019-09-25 07:27:36,523 [pool-77-thread-1] INFO  server.RaftServerConfigKeys (ConfUtils.java:logGet(43)) - raft.server.snapshot.auto.trigger.threshold = 10000 (custom)
2019-09-25 07:27:36,523 [pool-77-thread-1] INFO  server.RaftServerConfigKeys (ConfUtils.java:logGet(43)) - raft.server.snapshot.retention.num.files = 5 (custom)
2019-09-25 07:27:36,524 [pool-77-thread-1] INFO  server.RaftServerConfigKeys (ConfUtils.java:logGet(43)) - raft.server.retrycache.expirytime = 600000ms (custom)
2019-09-25 07:27:36,527 [pool-77-thread-1] INFO  impl.RaftServerImpl (RaftServerImpl.java:start(185)) - ad28d3ec-40f8-4bc1-a274-453df443249c@group-8FB0F7F1CDEF: start as a follower, conf=-1: [ad28d3ec-40f8-4bc1-a274-453df443249c:192.168.151.106:42516], old=null
2019-09-25 07:27:36,527 [pool-77-thread-1] INFO  impl.RaftServerImpl (RaftServerImpl.java:setRole(174)) - ad28d3ec-40f8-4bc1-a274-453df443249c@group-8FB0F7F1CDEF: changes role from      null to FOLLOWER at term 0 for startAsFollower
2019-09-25 07:27:36,527 [pool-77-thread-1] INFO  impl.RoleInfo (RoleInfo.java:updateAndGet(143)) - ad28d3ec-40f8-4bc1-a274-453df443249c: start FollowerState
2019-09-25 07:27:36,527 [pool-77-thread-1] INFO  util.JmxRegister (JmxRegister.java:tryRegister(44)) - Successfully registered JMX Bean with object name Ratis:service=RaftServer,group=group-8FB0F7F1CDEF,id=ad28d3ec-40f8-4bc1-a274-453df443249c
2019-09-25 07:27:36,534 [RatisPipelineUtilsThread] INFO  pipeline.PipelineStateManager (PipelineStateManager.java:addPipeline(56)) - Created pipeline Pipeline[ Id: 913ca891-c769-4219-8851-8fb0f7f1cdef, Nodes: ad28d3ec-40f8-4bc1-a274-453df443249c{ip: 192.168.151.106, host: pr-hdds-1569-x2sr2-3486766547, networkLocation: /default-rack, certSerialId: null}, Type:RATIS, Factor:ONE, State:OPEN]
2019-09-25 07:27:36,546 [grpc-default-executor-0] INFO  impl.RaftServerProxy (RaftServerProxy.java:addNew(89)) - ad28d3ec-40f8-4bc1-a274-453df443249c: addNew group-47E77F1102D2:[ad28d3ec-40f8-4bc1-a274-453df443249c:192.168.151.106:42516] returns group-47E77F1102D2:java.util.concurrent.CompletableFuture@2e5fc217[Not completed]
2019-09-25 07:27:36,548 [pool-77-thread-1] INFO  impl.RaftServerImpl (RaftServerImpl.java:<init>(95)) - ad28d3ec-40f8-4bc1-a274-453df443249c: new RaftServerImpl for group-47E77F1102D2:[ad28d3ec-40f8-4bc1-a274-453df443249c:192.168.151.106:42516] with ContainerStateMachine:uninitialized
2019-09-25 07:27:36,548 [pool-77-thread-1] INFO  server.RaftServerConfigKeys (ConfUtils.java:logGet(43)) - raft.server.rpc.timeout.min = 5s (custom)
2019-09-25 07:27:36,548 [pool-77-thread-1] INFO  server.RaftServerConfigKeys (ConfUtils.java:logGet(43)) - raft.server.rpc.timeout.max = 5200ms (custom)
2019-09-25 07:27:36,549 [pool-77-thread-1] INFO  server.RaftServerConfigKeys (ConfUtils.java:logGet(43)) - raft.server.rpcslowness.timeout = 120s (custom)
2019-09-25 07:27:36,549 [pool-77-thread-1] INFO  server.RaftServerConfigKeys (ConfUtils.java:logGet(43)) - raft.server.sleep.deviation.threshold = 300 (default)
2019-09-25 07:27:36,549 [pool-77-thread-1] INFO  server.RaftServerConfigKeys (ConfUtils.java:logGet(43)) - raft.server.log.appender.install.snapshot.enabled = false (custom)
2019-09-25 07:27:36,549 [pool-77-thread-1] INFO  impl.RaftServerImpl (ServerState.java:<init>(103)) - ad28d3ec-40f8-4bc1-a274-453df443249c@group-47E77F1102D2: ConfigurationManager, init=-1: [ad28d3ec-40f8-4bc1-a274-453df443249c:192.168.151.106:42516], old=null, confs=<EMPTY_MAP>
2019-09-25 07:27:36,549 [pool-77-thread-1] INFO  server.RaftServerConfigKeys (ConfUtils.java:logGet(43)) - raft.server.storage.dir = [/workdir/hadoop-ozone/ozonefs/target/test-dir/MiniOzoneClusterImpl-336849c0-54e0-42a2-92e3-a8dd7e6e8d6a/datanode-5/data/ratis] (custom)
2019-09-25 07:27:36,550 [pool-77-thread-1] INFO  storage.RaftStorageDirectory (RaftStorageDirectory.java:analyzeStorage(246)) - The storage directory /workdir/hadoop-ozone/ozonefs/target/test-dir/MiniOzoneClusterImpl-336849c0-54e0-42a2-92e3-a8dd7e6e8d6a/datanode-5/data/ratis/d812090c-3d50-4836-821f-47e77f1102d2 does not exist. Creating ...
2019-09-25 07:27:36,577 [pool-77-thread-1] INFO  storage.RaftStorageDirectory (RaftStorageDirectory.java:tryLock(328)) - Lock on /workdir/hadoop-ozone/ozonefs/target/test-dir/MiniOzoneClusterImpl-336849c0-54e0-42a2-92e3-a8dd7e6e8d6a/datanode-5/data/ratis/d812090c-3d50-4836-821f-47e77f1102d2/in_use.lock acquired by nodename 14720@pr-hdds-1569-x2sr2-3486766547
2019-09-25 07:27:36,602 [pool-77-thread-1] INFO  storage.RaftStorage (RaftStorage.java:format(72)) - Storage directory /workdir/hadoop-ozone/ozonefs/target/test-dir/MiniOzoneClusterImpl-336849c0-54e0-42a2-92e3-a8dd7e6e8d6a/datanode-5/data/ratis/d812090c-3d50-4836-821f-47e77f1102d2 has been successfully formatted.
2019-09-25 07:27:36,603 [pool-77-thread-1] INFO  ratis.ContainerStateMachine (ContainerStateMachine.java:loadSnapshot(230)) - group-47E77F1102D2: The snapshot info is null. Setting the last applied indexto:(t:0, i:~)
2019-09-25 07:27:36,603 [pool-77-thread-1] INFO  server.RaftServerConfigKeys (ConfUtils.java:logGet(43)) - raft.server.notification.no-leader.timeout = 120s (custom)
2019-09-25 07:27:36,603 [pool-77-thread-1] INFO  server.RaftServerConfigKeys (ConfUtils.java:logGet(43)) - raft.server.log.use.memory = false (default)
2019-09-25 07:27:36,603 [pool-77-thread-1] INFO  server.RaftServerConfigKeys (ConfUtils.java:logGet(43)) - raft.server.log.purge.gap = 1000000 (custom)
2019-09-25 07:27:36,603 [pool-77-thread-1] INFO  server.RaftServerConfigKeys (ConfUtils.java:logGet(43)) - raft.server.log.appender.buffer.byte-limit = 33554432 (custom)
2019-09-25 07:27:36,604 [pool-77-thread-1] INFO  server.RaftServerConfigKeys (ConfUtils.java:logGet(43)) - raft.server.log.segment.size.max = 1048576 (custom)
2019-09-25 07:27:36,604 [pool-77-thread-1] INFO  server.RaftServerConfigKeys (ConfUtils.java:logGet(43)) - raft.server.log.segment.cache.num.max = 2 (custom)
2019-09-25 07:27:36,604 [pool-77-thread-1] INFO  segmented.SegmentedRaftLogWorker (SegmentedRaftLogWorker.java:<init>(172)) - new ad28d3ec-40f8-4bc1-a274-453df443249c@group-47E77F1102D2-SegmentedRaftLogWorker for RaftStorage:Storage Directory /workdir/hadoop-ozone/ozonefs/target/test-dir/MiniOzoneClusterImpl-336849c0-54e0-42a2-92e3-a8dd7e6e8d6a/datanode-5/data/ratis/d812090c-3d50-4836-821f-47e77f1102d2
2019-09-25 07:27:36,604 [pool-77-thread-1] INFO  server.RaftServerConfigKeys (ConfUtils.java:logGet(43)) - raft.server.log.queue.byte-limit = 2147483647 (custom)
2019-09-25 07:27:36,604 [pool-77-thread-1] INFO  server.RaftServerConfigKeys (ConfUtils.java:logGet(43)) - raft.server.log.queue.element-limit = 1024 (custom)
2019-09-25 07:27:36,604 [pool-77-thread-1] INFO  server.RaftServerConfigKeys (ConfUtils.java:logGet(43)) - raft.server.log.segment.size.max = 1048576 (custom)
2019-09-25 07:27:36,605 [pool-77-thread-1] INFO  server.RaftServerConfigKeys (ConfUtils.java:logGet(43)) - raft.server.log.preallocated.size = 16384 (custom)
2019-09-25 07:27:36,605 [pool-77-thread-1] INFO  server.RaftServerConfigKeys (ConfUtils.java:logGet(43)) - raft.server.log.write.buffer.size = 33554432 (custom)
2019-09-25 07:27:36,605 [pool-77-thread-1] INFO  server.RaftServerConfigKeys (ConfUtils.java:logGet(43)) - raft.server.log.force.sync.num = 128 (default)
2019-09-25 07:27:36,605 [pool-77-thread-1] INFO  server.RaftServerConfigKeys (ConfUtils.java:logGet(43)) - raft.server.log.statemachine.data.sync = true (default)
2019-09-25 07:27:36,605 [pool-77-thread-1] INFO  server.RaftServerConfigKeys (ConfUtils.java:logGet(43)) - raft.server.log.statemachine.data.sync.timeout = 10s (default)
2019-09-25 07:27:36,605 [pool-77-thread-1] INFO  server.RaftServerConfigKeys (ConfUtils.java:logGet(43)) - raft.server.log.statemachine.data.sync.timeout.retry = -1 (default)
2019-09-25 07:27:36,606 [pool-77-thread-1] INFO  server.RaftServerConfigKeys (ConfUtils.java:logGet(43)) - raft.server.log.statemachine.data.caching.enabled = true (custom)
2019-09-25 07:27:36,606 [pool-77-thread-1] INFO  segmented.SegmentedRaftLogWorker (SegmentedRaftLogWorker.java:lambda$new$0(132)) - ad28d3ec-40f8-4bc1-a274-453df443249c@group-47E77F1102D2-SegmentedRaftLogWorker: flushIndex: setUnconditionally 0 -> -1
2019-09-25 07:27:36,606 [pool-77-thread-1] INFO  server.RaftServerConfigKeys (ConfUtils.java:logGet(43)) - raft.server.snapshot.auto.trigger.enabled = true (custom)
2019-09-25 07:27:36,606 [pool-77-thread-1] INFO  server.RaftServerConfigKeys (ConfUtils.java:logGet(43)) - raft.server.snapshot.auto.trigger.threshold = 10000 (custom)
2019-09-25 07:27:36,607 [pool-77-thread-1] INFO  server.RaftServerConfigKeys (ConfUtils.java:logGet(43)) - raft.server.snapshot.retention.num.files = 5 (custom)
2019-09-25 07:27:36,607 [pool-77-thread-1] INFO  server.RaftServerConfigKeys (ConfUtils.java:logGet(43)) - raft.server.retrycache.expirytime = 600000ms (custom)
2019-09-25 07:27:36,610 [pool-77-thread-1] INFO  impl.RaftServerImpl (RaftServerImpl.java:start(185)) - ad28d3ec-40f8-4bc1-a274-453df443249c@group-47E77F1102D2: start as a follower, conf=-1: [ad28d3ec-40f8-4bc1-a274-453df443249c:192.168.151.106:42516], old=null
2019-09-25 07:27:36,610 [pool-77-thread-1] INFO  impl.RaftServerImpl (RaftServerImpl.java:setRole(174)) - ad28d3ec-40f8-4bc1-a274-453df443249c@group-47E77F1102D2: changes role from      null to FOLLOWER at term 0 for startAsFollower
2019-09-25 07:27:36,610 [pool-77-thread-1] INFO  impl.RoleInfo (RoleInfo.java:updateAndGet(143)) - ad28d3ec-40f8-4bc1-a274-453df443249c: start FollowerState
2019-09-25 07:27:36,611 [pool-77-thread-1] INFO  util.JmxRegister (JmxRegister.java:tryRegister(44)) - Successfully registered JMX Bean with object name Ratis:service=RaftServer,group=group-47E77F1102D2,id=ad28d3ec-40f8-4bc1-a274-453df443249c
2019-09-25 07:27:36,617 [RatisPipelineUtilsThread] INFO  pipeline.PipelineStateManager (PipelineStateManager.java:addPipeline(56)) - Created pipeline Pipeline[ Id: d812090c-3d50-4836-821f-47e77f1102d2, Nodes: ad28d3ec-40f8-4bc1-a274-453df443249c{ip: 192.168.151.106, host: pr-hdds-1569-x2sr2-3486766547, networkLocation: /default-rack, certSerialId: null}, Type:RATIS, Factor:ONE, State:OPEN]
2019-09-25 07:27:36,629 [grpc-default-executor-0] INFO  impl.RaftServerProxy (RaftServerProxy.java:addNew(89)) - 50e45688-d85c-45e8-a8ba-136a1a73e30a: addNew group-2855C5931F43:[50e45688-d85c-45e8-a8ba-136a1a73e30a:192.168.151.106:37283] returns group-2855C5931F43:java.util.concurrent.CompletableFuture@12d40208[Not completed]
2019-09-25 07:27:36,631 [pool-57-thread-1] INFO  impl.RaftServerImpl (RaftServerImpl.java:<init>(95)) - 50e45688-d85c-45e8-a8ba-136a1a73e30a: new RaftServerImpl for group-2855C5931F43:[50e45688-d85c-45e8-a8ba-136a1a73e30a:192.168.151.106:37283] with ContainerStateMachine:uninitialized
2019-09-25 07:27:36,631 [pool-57-thread-1] INFO  server.RaftServerConfigKeys (ConfUtils.java:logGet(43)) - raft.server.rpc.timeout.min = 5s (custom)
2019-09-25 07:27:36,631 [pool-57-thread-1] INFO  server.RaftServerConfigKeys (ConfUtils.java:logGet(43)) - raft.server.rpc.timeout.max = 5200ms (custom)
2019-09-25 07:27:36,631 [pool-57-thread-1] INFO  server.RaftServerConfigKeys (ConfUtils.java:logGet(43)) - raft.server.rpcslowness.timeout = 120s (custom)
2019-09-25 07:27:36,631 [pool-57-thread-1] INFO  server.RaftServerConfigKeys (ConfUtils.java:logGet(43)) - raft.server.sleep.deviation.threshold = 300 (default)
2019-09-25 07:27:36,631 [pool-57-thread-1] INFO  server.RaftServerConfigKeys (ConfUtils.java:logGet(43)) - raft.server.log.appender.install.snapshot.enabled = false (custom)
2019-09-25 07:27:36,632 [pool-57-thread-1] INFO  impl.RaftServerImpl (ServerState.java:<init>(103)) - 50e45688-d85c-45e8-a8ba-136a1a73e30a@group-2855C5931F43: ConfigurationManager, init=-1: [50e45688-d85c-45e8-a8ba-136a1a73e30a:192.168.151.106:37283], old=null, confs=<EMPTY_MAP>
2019-09-25 07:27:36,632 [pool-57-thread-1] INFO  server.RaftServerConfigKeys (ConfUtils.java:logGet(43)) - raft.server.storage.dir = [/workdir/hadoop-ozone/ozonefs/target/test-dir/MiniOzoneClusterImpl-336849c0-54e0-42a2-92e3-a8dd7e6e8d6a/datanode-3/data/ratis] (custom)
2019-09-25 07:27:36,632 [pool-57-thread-1] INFO  storage.RaftStorageDirectory (RaftStorageDirectory.java:analyzeStorage(246)) - The storage directory /workdir/hadoop-ozone/ozonefs/target/test-dir/MiniOzoneClusterImpl-336849c0-54e0-42a2-92e3-a8dd7e6e8d6a/datanode-3/data/ratis/0dc6e6e6-854b-4765-85e9-2855c5931f43 does not exist. Creating ...
2019-09-25 07:27:36,659 [pool-57-thread-1] INFO  storage.RaftStorageDirectory (RaftStorageDirectory.java:tryLock(328)) - Lock on /workdir/hadoop-ozone/ozonefs/target/test-dir/MiniOzoneClusterImpl-336849c0-54e0-42a2-92e3-a8dd7e6e8d6a/datanode-3/data/ratis/0dc6e6e6-854b-4765-85e9-2855c5931f43/in_use.lock acquired by nodename 14720@pr-hdds-1569-x2sr2-3486766547
2019-09-25 07:27:36,672 [pool-57-thread-1] INFO  storage.RaftStorage (RaftStorage.java:format(72)) - Storage directory /workdir/hadoop-ozone/ozonefs/target/test-dir/MiniOzoneClusterImpl-336849c0-54e0-42a2-92e3-a8dd7e6e8d6a/datanode-3/data/ratis/0dc6e6e6-854b-4765-85e9-2855c5931f43 has been successfully formatted.
2019-09-25 07:27:36,672 [pool-57-thread-1] INFO  ratis.ContainerStateMachine (ContainerStateMachine.java:loadSnapshot(230)) - group-2855C5931F43: The snapshot info is null. Setting the last applied indexto:(t:0, i:~)
2019-09-25 07:27:36,673 [pool-57-thread-1] INFO  server.RaftServerConfigKeys (ConfUtils.java:logGet(43)) - raft.server.notification.no-leader.timeout = 120s (custom)
2019-09-25 07:27:36,673 [pool-57-thread-1] INFO  server.RaftServerConfigKeys (ConfUtils.java:logGet(43)) - raft.server.log.use.memory = false (default)
2019-09-25 07:27:36,673 [pool-57-thread-1] INFO  server.RaftServerConfigKeys (ConfUtils.java:logGet(43)) - raft.server.log.purge.gap = 1000000 (custom)
2019-09-25 07:27:36,673 [pool-57-thread-1] INFO  server.RaftServerConfigKeys (ConfUtils.java:logGet(43)) - raft.server.log.appender.buffer.byte-limit = 33554432 (custom)
2019-09-25 07:27:36,673 [pool-57-thread-1] INFO  server.RaftServerConfigKeys (ConfUtils.java:logGet(43)) - raft.server.log.segment.size.max = 1048576 (custom)
2019-09-25 07:27:36,673 [pool-57-thread-1] INFO  server.RaftServerConfigKeys (ConfUtils.java:logGet(43)) - raft.server.log.segment.cache.num.max = 2 (custom)
2019-09-25 07:27:36,674 [pool-57-thread-1] INFO  segmented.SegmentedRaftLogWorker (SegmentedRaftLogWorker.java:<init>(172)) - new 50e45688-d85c-45e8-a8ba-136a1a73e30a@group-2855C5931F43-SegmentedRaftLogWorker for RaftStorage:Storage Directory /workdir/hadoop-ozone/ozonefs/target/test-dir/MiniOzoneClusterImpl-336849c0-54e0-42a2-92e3-a8dd7e6e8d6a/datanode-3/data/ratis/0dc6e6e6-854b-4765-85e9-2855c5931f43
2019-09-25 07:27:36,674 [pool-57-thread-1] INFO  server.RaftServerConfigKeys (ConfUtils.java:logGet(43)) - raft.server.log.queue.byte-limit = 2147483647 (custom)
2019-09-25 07:27:36,674 [pool-57-thread-1] INFO  server.RaftServerConfigKeys (ConfUtils.java:logGet(43)) - raft.server.log.queue.element-limit = 1024 (custom)
2019-09-25 07:27:36,674 [pool-57-thread-1] INFO  server.RaftServerConfigKeys (ConfUtils.java:logGet(43)) - raft.server.log.segment.size.max = 1048576 (custom)
2019-09-25 07:27:36,674 [pool-57-thread-1] INFO  server.RaftServerConfigKeys (ConfUtils.java:logGet(43)) - raft.server.log.preallocated.size = 16384 (custom)
2019-09-25 07:27:36,674 [pool-57-thread-1] INFO  server.RaftServerConfigKeys (ConfUtils.java:logGet(43)) - raft.server.log.write.buffer.size = 33554432 (custom)
2019-09-25 07:27:36,675 [pool-57-thread-1] INFO  server.RaftServerConfigKeys (ConfUtils.java:logGet(43)) - raft.server.log.force.sync.num = 128 (default)
2019-09-25 07:27:36,675 [pool-57-thread-1] INFO  server.RaftServerConfigKeys (ConfUtils.java:logGet(43)) - raft.server.log.statemachine.data.sync = true (default)
2019-09-25 07:27:36,675 [pool-57-thread-1] INFO  server.RaftServerConfigKeys (ConfUtils.java:logGet(43)) - raft.server.log.statemachine.data.sync.timeout = 10s (default)
2019-09-25 07:27:36,675 [pool-57-thread-1] INFO  server.RaftServerConfigKeys (ConfUtils.java:logGet(43)) - raft.server.log.statemachine.data.sync.timeout.retry = -1 (default)
2019-09-25 07:27:36,675 [pool-57-thread-1] INFO  server.RaftServerConfigKeys (ConfUtils.java:logGet(43)) - raft.server.log.statemachine.data.caching.enabled = true (custom)
2019-09-25 07:27:36,676 [pool-57-thread-1] INFO  segmented.SegmentedRaftLogWorker (SegmentedRaftLogWorker.java:lambda$new$0(132)) - 50e45688-d85c-45e8-a8ba-136a1a73e30a@group-2855C5931F43-SegmentedRaftLogWorker: flushIndex: setUnconditionally 0 -> -1
2019-09-25 07:27:36,676 [pool-57-thread-1] INFO  server.RaftServerConfigKeys (ConfUtils.java:logGet(43)) - raft.server.snapshot.auto.trigger.enabled = true (custom)
2019-09-25 07:27:36,676 [pool-57-thread-1] INFO  server.RaftServerConfigKeys (ConfUtils.java:logGet(43)) - raft.server.snapshot.auto.trigger.threshold = 10000 (custom)
2019-09-25 07:27:36,676 [pool-57-thread-1] INFO  server.RaftServerConfigKeys (ConfUtils.java:logGet(43)) - raft.server.snapshot.retention.num.files = 5 (custom)
2019-09-25 07:27:36,677 [pool-57-thread-1] INFO  server.RaftServerConfigKeys (ConfUtils.java:logGet(43)) - raft.server.retrycache.expirytime = 600000ms (custom)
2019-09-25 07:27:36,679 [pool-57-thread-1] INFO  impl.RaftServerImpl (RaftServerImpl.java:start(185)) - 50e45688-d85c-45e8-a8ba-136a1a73e30a@group-2855C5931F43: start as a follower, conf=-1: [50e45688-d85c-45e8-a8ba-136a1a73e30a:192.168.151.106:37283], old=null
2019-09-25 07:27:36,679 [pool-57-thread-1] INFO  impl.RaftServerImpl (RaftServerImpl.java:setRole(174)) - 50e45688-d85c-45e8-a8ba-136a1a73e30a@group-2855C5931F43: changes role from      null to FOLLOWER at term 0 for startAsFollower
2019-09-25 07:27:36,680 [pool-57-thread-1] INFO  impl.RoleInfo (RoleInfo.java:updateAndGet(143)) - 50e45688-d85c-45e8-a8ba-136a1a73e30a: start FollowerState
2019-09-25 07:27:36,680 [pool-57-thread-1] INFO  util.JmxRegister (JmxRegister.java:tryRegister(44)) - Successfully registered JMX Bean with object name Ratis:service=RaftServer,group=group-2855C5931F43,id=50e45688-d85c-45e8-a8ba-136a1a73e30a
2019-09-25 07:27:36,686 [RatisPipelineUtilsThread] INFO  pipeline.PipelineStateManager (PipelineStateManager.java:addPipeline(56)) - Created pipeline Pipeline[ Id: 0dc6e6e6-854b-4765-85e9-2855c5931f43, Nodes: 50e45688-d85c-45e8-a8ba-136a1a73e30a{ip: 192.168.151.106, host: pr-hdds-1569-x2sr2-3486766547, networkLocation: /default-rack, certSerialId: null}, Type:RATIS, Factor:ONE, State:OPEN]
2019-09-25 07:27:36,698 [grpc-default-executor-0] INFO  impl.RaftServerProxy (RaftServerProxy.java:addNew(89)) - ad28d3ec-40f8-4bc1-a274-453df443249c: addNew group-4A5C5E45C323:[ad28d3ec-40f8-4bc1-a274-453df443249c:192.168.151.106:42516] returns group-4A5C5E45C323:java.util.concurrent.CompletableFuture@61e07789[Not completed]
2019-09-25 07:27:36,700 [pool-77-thread-1] INFO  impl.RaftServerImpl (RaftServerImpl.java:<init>(95)) - ad28d3ec-40f8-4bc1-a274-453df443249c: new RaftServerImpl for group-4A5C5E45C323:[ad28d3ec-40f8-4bc1-a274-453df443249c:192.168.151.106:42516] with ContainerStateMachine:uninitialized
2019-09-25 07:27:36,700 [pool-77-thread-1] INFO  server.RaftServerConfigKeys (ConfUtils.java:logGet(43)) - raft.server.rpc.timeout.min = 5s (custom)
2019-09-25 07:27:36,700 [pool-77-thread-1] INFO  server.RaftServerConfigKeys (ConfUtils.java:logGet(43)) - raft.server.rpc.timeout.max = 5200ms (custom)
2019-09-25 07:27:36,701 [pool-77-thread-1] INFO  server.RaftServerConfigKeys (ConfUtils.java:logGet(43)) - raft.server.rpcslowness.timeout = 120s (custom)
2019-09-25 07:27:36,701 [pool-77-thread-1] INFO  server.RaftServerConfigKeys (ConfUtils.java:logGet(43)) - raft.server.sleep.deviation.threshold = 300 (default)
2019-09-25 07:27:36,701 [pool-77-thread-1] INFO  server.RaftServerConfigKeys (ConfUtils.java:logGet(43)) - raft.server.log.appender.install.snapshot.enabled = false (custom)
2019-09-25 07:27:36,701 [pool-77-thread-1] INFO  impl.RaftServerImpl (ServerState.java:<init>(103)) - ad28d3ec-40f8-4bc1-a274-453df443249c@group-4A5C5E45C323: ConfigurationManager, init=-1: [ad28d3ec-40f8-4bc1-a274-453df443249c:192.168.151.106:42516], old=null, confs=<EMPTY_MAP>
2019-09-25 07:27:36,701 [pool-77-thread-1] INFO  server.RaftServerConfigKeys (ConfUtils.java:logGet(43)) - raft.server.storage.dir = [/workdir/hadoop-ozone/ozonefs/target/test-dir/MiniOzoneClusterImpl-336849c0-54e0-42a2-92e3-a8dd7e6e8d6a/datanode-5/data/ratis] (custom)
2019-09-25 07:27:36,702 [pool-77-thread-1] INFO  storage.RaftStorageDirectory (RaftStorageDirectory.java:analyzeStorage(246)) - The storage directory /workdir/hadoop-ozone/ozonefs/target/test-dir/MiniOzoneClusterImpl-336849c0-54e0-42a2-92e3-a8dd7e6e8d6a/datanode-5/data/ratis/eba36fc1-625f-493c-9d3b-4a5c5e45c323 does not exist. Creating ...
2019-09-25 07:27:36,725 [pool-77-thread-1] INFO  storage.RaftStorageDirectory (RaftStorageDirectory.java:tryLock(328)) - Lock on /workdir/hadoop-ozone/ozonefs/target/test-dir/MiniOzoneClusterImpl-336849c0-54e0-42a2-92e3-a8dd7e6e8d6a/datanode-5/data/ratis/eba36fc1-625f-493c-9d3b-4a5c5e45c323/in_use.lock acquired by nodename 14720@pr-hdds-1569-x2sr2-3486766547
2019-09-25 07:27:36,749 [pool-77-thread-1] INFO  storage.RaftStorage (RaftStorage.java:format(72)) - Storage directory /workdir/hadoop-ozone/ozonefs/target/test-dir/MiniOzoneClusterImpl-336849c0-54e0-42a2-92e3-a8dd7e6e8d6a/datanode-5/data/ratis/eba36fc1-625f-493c-9d3b-4a5c5e45c323 has been successfully formatted.
2019-09-25 07:27:36,749 [pool-77-thread-1] INFO  ratis.ContainerStateMachine (ContainerStateMachine.java:loadSnapshot(230)) - group-4A5C5E45C323: The snapshot info is null. Setting the last applied indexto:(t:0, i:~)
2019-09-25 07:27:36,750 [pool-77-thread-1] INFO  server.RaftServerConfigKeys (ConfUtils.java:logGet(43)) - raft.server.notification.no-leader.timeout = 120s (custom)
2019-09-25 07:27:36,750 [pool-77-thread-1] INFO  server.RaftServerConfigKeys (ConfUtils.java:logGet(43)) - raft.server.log.use.memory = false (default)
2019-09-25 07:27:36,750 [pool-77-thread-1] INFO  server.RaftServerConfigKeys (ConfUtils.java:logGet(43)) - raft.server.log.purge.gap = 1000000 (custom)
2019-09-25 07:27:36,750 [pool-77-thread-1] INFO  server.RaftServerConfigKeys (ConfUtils.java:logGet(43)) - raft.server.log.appender.buffer.byte-limit = 33554432 (custom)
2019-09-25 07:27:36,751 [pool-77-thread-1] INFO  server.RaftServerConfigKeys (ConfUtils.java:logGet(43)) - raft.server.log.segment.size.max = 1048576 (custom)
2019-09-25 07:27:36,751 [pool-77-thread-1] INFO  server.RaftServerConfigKeys (ConfUtils.java:logGet(43)) - raft.server.log.segment.cache.num.max = 2 (custom)
2019-09-25 07:27:36,751 [pool-77-thread-1] INFO  segmented.SegmentedRaftLogWorker (SegmentedRaftLogWorker.java:<init>(172)) - new ad28d3ec-40f8-4bc1-a274-453df443249c@group-4A5C5E45C323-SegmentedRaftLogWorker for RaftStorage:Storage Directory /workdir/hadoop-ozone/ozonefs/target/test-dir/MiniOzoneClusterImpl-336849c0-54e0-42a2-92e3-a8dd7e6e8d6a/datanode-5/data/ratis/eba36fc1-625f-493c-9d3b-4a5c5e45c323
2019-09-25 07:27:36,751 [pool-77-thread-1] INFO  server.RaftServerConfigKeys (ConfUtils.java:logGet(43)) - raft.server.log.queue.byte-limit = 2147483647 (custom)
2019-09-25 07:27:36,751 [pool-77-thread-1] INFO  server.RaftServerConfigKeys (ConfUtils.java:logGet(43)) - raft.server.log.queue.element-limit = 1024 (custom)
2019-09-25 07:27:36,751 [pool-77-thread-1] INFO  server.RaftServerConfigKeys (ConfUtils.java:logGet(43)) - raft.server.log.segment.size.max = 1048576 (custom)
2019-09-25 07:27:36,752 [pool-77-thread-1] INFO  server.RaftServerConfigKeys (ConfUtils.java:logGet(43)) - raft.server.log.preallocated.size = 16384 (custom)
2019-09-25 07:27:36,752 [pool-77-thread-1] INFO  server.RaftServerConfigKeys (ConfUtils.java:logGet(43)) - raft.server.log.write.buffer.size = 33554432 (custom)
2019-09-25 07:27:36,752 [pool-77-thread-1] INFO  server.RaftServerConfigKeys (ConfUtils.java:logGet(43)) - raft.server.log.force.sync.num = 128 (default)
2019-09-25 07:27:36,752 [pool-77-thread-1] INFO  server.RaftServerConfigKeys (ConfUtils.java:logGet(43)) - raft.server.log.statemachine.data.sync = true (default)
2019-09-25 07:27:36,752 [pool-77-thread-1] INFO  server.RaftServerConfigKeys (ConfUtils.java:logGet(43)) - raft.server.log.statemachine.data.sync.timeout = 10s (default)
2019-09-25 07:27:36,752 [pool-77-thread-1] INFO  server.RaftServerConfigKeys (ConfUtils.java:logGet(43)) - raft.server.log.statemachine.data.sync.timeout.retry = -1 (default)
2019-09-25 07:27:36,753 [pool-77-thread-1] INFO  server.RaftServerConfigKeys (ConfUtils.java:logGet(43)) - raft.server.log.statemachine.data.caching.enabled = true (custom)
2019-09-25 07:27:36,753 [pool-77-thread-1] INFO  segmented.SegmentedRaftLogWorker (SegmentedRaftLogWorker.java:lambda$new$0(132)) - ad28d3ec-40f8-4bc1-a274-453df443249c@group-4A5C5E45C323-SegmentedRaftLogWorker: flushIndex: setUnconditionally 0 -> -1
2019-09-25 07:27:36,753 [pool-77-thread-1] INFO  server.RaftServerConfigKeys (ConfUtils.java:logGet(43)) - raft.server.snapshot.auto.trigger.enabled = true (custom)
2019-09-25 07:27:36,754 [pool-77-thread-1] INFO  server.RaftServerConfigKeys (ConfUtils.java:logGet(43)) - raft.server.snapshot.auto.trigger.threshold = 10000 (custom)
2019-09-25 07:27:36,754 [pool-77-thread-1] INFO  server.RaftServerConfigKeys (ConfUtils.java:logGet(43)) - raft.server.snapshot.retention.num.files = 5 (custom)
2019-09-25 07:27:36,754 [pool-77-thread-1] INFO  server.RaftServerConfigKeys (ConfUtils.java:logGet(43)) - raft.server.retrycache.expirytime = 600000ms (custom)
2019-09-25 07:27:36,757 [pool-77-thread-1] INFO  impl.RaftServerImpl (RaftServerImpl.java:start(185)) - ad28d3ec-40f8-4bc1-a274-453df443249c@group-4A5C5E45C323: start as a follower, conf=-1: [ad28d3ec-40f8-4bc1-a274-453df443249c:192.168.151.106:42516], old=null
2019-09-25 07:27:36,757 [pool-77-thread-1] INFO  impl.RaftServerImpl (RaftServerImpl.java:setRole(174)) - ad28d3ec-40f8-4bc1-a274-453df443249c@group-4A5C5E45C323: changes role from      null to FOLLOWER at term 0 for startAsFollower
2019-09-25 07:27:36,758 [pool-77-thread-1] INFO  impl.RoleInfo (RoleInfo.java:updateAndGet(143)) - ad28d3ec-40f8-4bc1-a274-453df443249c: start FollowerState
2019-09-25 07:27:36,758 [pool-77-thread-1] INFO  util.JmxRegister (JmxRegister.java:tryRegister(44)) - Successfully registered JMX Bean with object name Ratis:service=RaftServer,group=group-4A5C5E45C323,id=ad28d3ec-40f8-4bc1-a274-453df443249c
2019-09-25 07:27:36,765 [RatisPipelineUtilsThread] INFO  pipeline.PipelineStateManager (PipelineStateManager.java:addPipeline(56)) - Created pipeline Pipeline[ Id: eba36fc1-625f-493c-9d3b-4a5c5e45c323, Nodes: ad28d3ec-40f8-4bc1-a274-453df443249c{ip: 192.168.151.106, host: pr-hdds-1569-x2sr2-3486766547, networkLocation: /default-rack, certSerialId: null}, Type:RATIS, Factor:ONE, State:OPEN]
2019-09-25 07:27:36,776 [grpc-default-executor-0] INFO  impl.RaftServerProxy (RaftServerProxy.java:addNew(89)) - ac29337b-1f05-44ab-baf7-0ad511ed26a1: addNew group-2B57BDEFD9C4:[ac29337b-1f05-44ab-baf7-0ad511ed26a1:192.168.151.106:37931] returns group-2B57BDEFD9C4:java.util.concurrent.CompletableFuture@7a4c3346[Not completed]
2019-09-25 07:27:36,777 [pool-27-thread-1] INFO  impl.RaftServerImpl (RaftServerImpl.java:<init>(95)) - ac29337b-1f05-44ab-baf7-0ad511ed26a1: new RaftServerImpl for group-2B57BDEFD9C4:[ac29337b-1f05-44ab-baf7-0ad511ed26a1:192.168.151.106:37931] with ContainerStateMachine:uninitialized
2019-09-25 07:27:36,778 [pool-27-thread-1] INFO  server.RaftServerConfigKeys (ConfUtils.java:logGet(43)) - raft.server.rpc.timeout.min = 5s (custom)
2019-09-25 07:27:36,778 [pool-27-thread-1] INFO  server.RaftServerConfigKeys (ConfUtils.java:logGet(43)) - raft.server.rpc.timeout.max = 5200ms (custom)
2019-09-25 07:27:36,778 [pool-27-thread-1] INFO  server.RaftServerConfigKeys (ConfUtils.java:logGet(43)) - raft.server.rpcslowness.timeout = 120s (custom)
2019-09-25 07:27:36,778 [pool-27-thread-1] INFO  server.RaftServerConfigKeys (ConfUtils.java:logGet(43)) - raft.server.sleep.deviation.threshold = 300 (default)
2019-09-25 07:27:36,778 [pool-27-thread-1] INFO  server.RaftServerConfigKeys (ConfUtils.java:logGet(43)) - raft.server.log.appender.install.snapshot.enabled = false (custom)
2019-09-25 07:27:36,778 [pool-27-thread-1] INFO  impl.RaftServerImpl (ServerState.java:<init>(103)) - ac29337b-1f05-44ab-baf7-0ad511ed26a1@group-2B57BDEFD9C4: ConfigurationManager, init=-1: [ac29337b-1f05-44ab-baf7-0ad511ed26a1:192.168.151.106:37931], old=null, confs=<EMPTY_MAP>
2019-09-25 07:27:36,779 [pool-27-thread-1] INFO  server.RaftServerConfigKeys (ConfUtils.java:logGet(43)) - raft.server.storage.dir = [/workdir/hadoop-ozone/ozonefs/target/test-dir/MiniOzoneClusterImpl-336849c0-54e0-42a2-92e3-a8dd7e6e8d6a/datanode-0/data/ratis] (custom)
2019-09-25 07:27:36,779 [pool-27-thread-1] INFO  storage.RaftStorageDirectory (RaftStorageDirectory.java:analyzeStorage(246)) - The storage directory /workdir/hadoop-ozone/ozonefs/target/test-dir/MiniOzoneClusterImpl-336849c0-54e0-42a2-92e3-a8dd7e6e8d6a/datanode-0/data/ratis/03501a3b-075f-40a5-acaf-2b57bdefd9c4 does not exist. Creating ...
2019-09-25 07:27:36,792 [pool-27-thread-1] INFO  storage.RaftStorageDirectory (RaftStorageDirectory.java:tryLock(328)) - Lock on /workdir/hadoop-ozone/ozonefs/target/test-dir/MiniOzoneClusterImpl-336849c0-54e0-42a2-92e3-a8dd7e6e8d6a/datanode-0/data/ratis/03501a3b-075f-40a5-acaf-2b57bdefd9c4/in_use.lock acquired by nodename 14720@pr-hdds-1569-x2sr2-3486766547
2019-09-25 07:27:36,805 [pool-27-thread-1] INFO  storage.RaftStorage (RaftStorage.java:format(72)) - Storage directory /workdir/hadoop-ozone/ozonefs/target/test-dir/MiniOzoneClusterImpl-336849c0-54e0-42a2-92e3-a8dd7e6e8d6a/datanode-0/data/ratis/03501a3b-075f-40a5-acaf-2b57bdefd9c4 has been successfully formatted.
2019-09-25 07:27:36,805 [pool-27-thread-1] INFO  ratis.ContainerStateMachine (ContainerStateMachine.java:loadSnapshot(230)) - group-2B57BDEFD9C4: The snapshot info is null. Setting the last applied indexto:(t:0, i:~)
2019-09-25 07:27:36,805 [pool-27-thread-1] INFO  server.RaftServerConfigKeys (ConfUtils.java:logGet(43)) - raft.server.notification.no-leader.timeout = 120s (custom)
2019-09-25 07:27:36,805 [pool-27-thread-1] INFO  server.RaftServerConfigKeys (ConfUtils.java:logGet(43)) - raft.server.log.use.memory = false (default)
2019-09-25 07:27:36,805 [pool-27-thread-1] INFO  server.RaftServerConfigKeys (ConfUtils.java:logGet(43)) - raft.server.log.purge.gap = 1000000 (custom)
2019-09-25 07:27:36,806 [pool-27-thread-1] INFO  server.RaftServerConfigKeys (ConfUtils.java:logGet(43)) - raft.server.log.appender.buffer.byte-limit = 33554432 (custom)
2019-09-25 07:27:36,806 [pool-27-thread-1] INFO  server.RaftServerConfigKeys (ConfUtils.java:logGet(43)) - raft.server.log.segment.size.max = 1048576 (custom)
2019-09-25 07:27:36,806 [pool-27-thread-1] INFO  server.RaftServerConfigKeys (ConfUtils.java:logGet(43)) - raft.server.log.segment.cache.num.max = 2 (custom)
2019-09-25 07:27:36,806 [pool-27-thread-1] INFO  segmented.SegmentedRaftLogWorker (SegmentedRaftLogWorker.java:<init>(172)) - new ac29337b-1f05-44ab-baf7-0ad511ed26a1@group-2B57BDEFD9C4-SegmentedRaftLogWorker for RaftStorage:Storage Directory /workdir/hadoop-ozone/ozonefs/target/test-dir/MiniOzoneClusterImpl-336849c0-54e0-42a2-92e3-a8dd7e6e8d6a/datanode-0/data/ratis/03501a3b-075f-40a5-acaf-2b57bdefd9c4
2019-09-25 07:27:36,806 [pool-27-thread-1] INFO  server.RaftServerConfigKeys (ConfUtils.java:logGet(43)) - raft.server.log.queue.byte-limit = 2147483647 (custom)
2019-09-25 07:27:36,806 [pool-27-thread-1] INFO  server.RaftServerConfigKeys (ConfUtils.java:logGet(43)) - raft.server.log.queue.element-limit = 1024 (custom)
2019-09-25 07:27:36,807 [pool-27-thread-1] INFO  server.RaftServerConfigKeys (ConfUtils.java:logGet(43)) - raft.server.log.segment.size.max = 1048576 (custom)
2019-09-25 07:27:36,807 [pool-27-thread-1] INFO  server.RaftServerConfigKeys (ConfUtils.java:logGet(43)) - raft.server.log.preallocated.size = 16384 (custom)
2019-09-25 07:27:36,807 [pool-27-thread-1] INFO  server.RaftServerConfigKeys (ConfUtils.java:logGet(43)) - raft.server.log.write.buffer.size = 33554432 (custom)
2019-09-25 07:27:36,807 [pool-27-thread-1] INFO  server.RaftServerConfigKeys (ConfUtils.java:logGet(43)) - raft.server.log.force.sync.num = 128 (default)
2019-09-25 07:27:36,807 [pool-27-thread-1] INFO  server.RaftServerConfigKeys (ConfUtils.java:logGet(43)) - raft.server.log.statemachine.data.sync = true (default)
2019-09-25 07:27:36,807 [pool-27-thread-1] INFO  server.RaftServerConfigKeys (ConfUtils.java:logGet(43)) - raft.server.log.statemachine.data.sync.timeout = 10s (default)
2019-09-25 07:27:36,808 [pool-27-thread-1] INFO  server.RaftServerConfigKeys (ConfUtils.java:logGet(43)) - raft.server.log.statemachine.data.sync.timeout.retry = -1 (default)
2019-09-25 07:27:36,808 [pool-27-thread-1] INFO  server.RaftServerConfigKeys (ConfUtils.java:logGet(43)) - raft.server.log.statemachine.data.caching.enabled = true (custom)
2019-09-25 07:27:36,808 [pool-27-thread-1] INFO  segmented.SegmentedRaftLogWorker (SegmentedRaftLogWorker.java:lambda$new$0(132)) - ac29337b-1f05-44ab-baf7-0ad511ed26a1@group-2B57BDEFD9C4-SegmentedRaftLogWorker: flushIndex: setUnconditionally 0 -> -1
2019-09-25 07:27:36,809 [pool-27-thread-1] INFO  server.RaftServerConfigKeys (ConfUtils.java:logGet(43)) - raft.server.snapshot.auto.trigger.enabled = true (custom)
2019-09-25 07:27:36,809 [pool-27-thread-1] INFO  server.RaftServerConfigKeys (ConfUtils.java:logGet(43)) - raft.server.snapshot.auto.trigger.threshold = 10000 (custom)
2019-09-25 07:27:36,809 [pool-27-thread-1] INFO  server.RaftServerConfigKeys (ConfUtils.java:logGet(43)) - raft.server.snapshot.retention.num.files = 5 (custom)
2019-09-25 07:27:36,809 [pool-27-thread-1] INFO  server.RaftServerConfigKeys (ConfUtils.java:logGet(43)) - raft.server.retrycache.expirytime = 600000ms (custom)
2019-09-25 07:27:36,812 [pool-27-thread-1] INFO  impl.RaftServerImpl (RaftServerImpl.java:start(185)) - ac29337b-1f05-44ab-baf7-0ad511ed26a1@group-2B57BDEFD9C4: start as a follower, conf=-1: [ac29337b-1f05-44ab-baf7-0ad511ed26a1:192.168.151.106:37931], old=null
2019-09-25 07:27:36,812 [pool-27-thread-1] INFO  impl.RaftServerImpl (RaftServerImpl.java:setRole(174)) - ac29337b-1f05-44ab-baf7-0ad511ed26a1@group-2B57BDEFD9C4: changes role from      null to FOLLOWER at term 0 for startAsFollower
2019-09-25 07:27:36,812 [pool-27-thread-1] INFO  impl.RoleInfo (RoleInfo.java:updateAndGet(143)) - ac29337b-1f05-44ab-baf7-0ad511ed26a1: start FollowerState
2019-09-25 07:27:36,813 [pool-27-thread-1] INFO  util.JmxRegister (JmxRegister.java:tryRegister(44)) - Successfully registered JMX Bean with object name Ratis:service=RaftServer,group=group-2B57BDEFD9C4,id=ac29337b-1f05-44ab-baf7-0ad511ed26a1
2019-09-25 07:27:36,818 [RatisPipelineUtilsThread] INFO  pipeline.PipelineStateManager (PipelineStateManager.java:addPipeline(56)) - Created pipeline Pipeline[ Id: 03501a3b-075f-40a5-acaf-2b57bdefd9c4, Nodes: ac29337b-1f05-44ab-baf7-0ad511ed26a1{ip: 192.168.151.106, host: pr-hdds-1569-x2sr2-3486766547, networkLocation: /default-rack, certSerialId: null}, Type:RATIS, Factor:ONE, State:OPEN]
2019-09-25 07:27:36,819 [RatisPipelineUtilsThread] INFO  pipeline.PipelinePlacementPolicy (PipelinePlacementPolicy.java:meetCriteria(91)) - Pipeline Placement: can't place more pipeline on heavy datanode： ac29337b-1f05-44ab-baf7-0ad511ed26a1 Heaviness: 6 limit: 5
2019-09-25 07:27:36,831 [grpc-default-executor-0] INFO  impl.RaftServerProxy (RaftServerProxy.java:addNew(89)) - d2544423-6c63-4eb7-9d0a-bffb9f2b5023: addNew group-970E55BF8B86:[d2544423-6c63-4eb7-9d0a-bffb9f2b5023:192.168.151.106:39699] returns group-970E55BF8B86:java.util.concurrent.CompletableFuture@53e08c45[Not completed]
2019-09-25 07:27:36,833 [pool-67-thread-1] INFO  impl.RaftServerImpl (RaftServerImpl.java:<init>(95)) - d2544423-6c63-4eb7-9d0a-bffb9f2b5023: new RaftServerImpl for group-970E55BF8B86:[d2544423-6c63-4eb7-9d0a-bffb9f2b5023:192.168.151.106:39699] with ContainerStateMachine:uninitialized
2019-09-25 07:27:36,833 [pool-67-thread-1] INFO  server.RaftServerConfigKeys (ConfUtils.java:logGet(43)) - raft.server.rpc.timeout.min = 5s (custom)
2019-09-25 07:27:36,833 [pool-67-thread-1] INFO  server.RaftServerConfigKeys (ConfUtils.java:logGet(43)) - raft.server.rpc.timeout.max = 5200ms (custom)
2019-09-25 07:27:36,833 [pool-67-thread-1] INFO  server.RaftServerConfigKeys (ConfUtils.java:logGet(43)) - raft.server.rpcslowness.timeout = 120s (custom)
2019-09-25 07:27:36,833 [pool-67-thread-1] INFO  server.RaftServerConfigKeys (ConfUtils.java:logGet(43)) - raft.server.sleep.deviation.threshold = 300 (default)
2019-09-25 07:27:36,833 [pool-67-thread-1] INFO  server.RaftServerConfigKeys (ConfUtils.java:logGet(43)) - raft.server.log.appender.install.snapshot.enabled = false (custom)
2019-09-25 07:27:36,833 [pool-67-thread-1] INFO  impl.RaftServerImpl (ServerState.java:<init>(103)) - d2544423-6c63-4eb7-9d0a-bffb9f2b5023@group-970E55BF8B86: ConfigurationManager, init=-1: [d2544423-6c63-4eb7-9d0a-bffb9f2b5023:192.168.151.106:39699], old=null, confs=<EMPTY_MAP>
2019-09-25 07:27:36,834 [pool-67-thread-1] INFO  server.RaftServerConfigKeys (ConfUtils.java:logGet(43)) - raft.server.storage.dir = [/workdir/hadoop-ozone/ozonefs/target/test-dir/MiniOzoneClusterImpl-336849c0-54e0-42a2-92e3-a8dd7e6e8d6a/datanode-4/data/ratis] (custom)
2019-09-25 07:27:36,834 [pool-67-thread-1] INFO  storage.RaftStorageDirectory (RaftStorageDirectory.java:analyzeStorage(246)) - The storage directory /workdir/hadoop-ozone/ozonefs/target/test-dir/MiniOzoneClusterImpl-336849c0-54e0-42a2-92e3-a8dd7e6e8d6a/datanode-4/data/ratis/48256a9d-2e88-41df-a388-970e55bf8b86 does not exist. Creating ...
2019-09-25 07:27:36,856 [pool-67-thread-1] INFO  storage.RaftStorageDirectory (RaftStorageDirectory.java:tryLock(328)) - Lock on /workdir/hadoop-ozone/ozonefs/target/test-dir/MiniOzoneClusterImpl-336849c0-54e0-42a2-92e3-a8dd7e6e8d6a/datanode-4/data/ratis/48256a9d-2e88-41df-a388-970e55bf8b86/in_use.lock acquired by nodename 14720@pr-hdds-1569-x2sr2-3486766547
2019-09-25 07:27:36,881 [pool-67-thread-1] INFO  storage.RaftStorage (RaftStorage.java:format(72)) - Storage directory /workdir/hadoop-ozone/ozonefs/target/test-dir/MiniOzoneClusterImpl-336849c0-54e0-42a2-92e3-a8dd7e6e8d6a/datanode-4/data/ratis/48256a9d-2e88-41df-a388-970e55bf8b86 has been successfully formatted.
2019-09-25 07:27:36,882 [pool-67-thread-1] INFO  ratis.ContainerStateMachine (ContainerStateMachine.java:loadSnapshot(230)) - group-970E55BF8B86: The snapshot info is null. Setting the last applied indexto:(t:0, i:~)
2019-09-25 07:27:36,882 [pool-67-thread-1] INFO  server.RaftServerConfigKeys (ConfUtils.java:logGet(43)) - raft.server.notification.no-leader.timeout = 120s (custom)
2019-09-25 07:27:36,882 [pool-67-thread-1] INFO  server.RaftServerConfigKeys (ConfUtils.java:logGet(43)) - raft.server.log.use.memory = false (default)
2019-09-25 07:27:36,882 [pool-67-thread-1] INFO  server.RaftServerConfigKeys (ConfUtils.java:logGet(43)) - raft.server.log.purge.gap = 1000000 (custom)
2019-09-25 07:27:36,882 [pool-67-thread-1] INFO  server.RaftServerConfigKeys (ConfUtils.java:logGet(43)) - raft.server.log.appender.buffer.byte-limit = 33554432 (custom)
2019-09-25 07:27:36,882 [pool-67-thread-1] INFO  server.RaftServerConfigKeys (ConfUtils.java:logGet(43)) - raft.server.log.segment.size.max = 1048576 (custom)
2019-09-25 07:27:36,883 [pool-67-thread-1] INFO  server.RaftServerConfigKeys (ConfUtils.java:logGet(43)) - raft.server.log.segment.cache.num.max = 2 (custom)
2019-09-25 07:27:36,883 [pool-67-thread-1] INFO  segmented.SegmentedRaftLogWorker (SegmentedRaftLogWorker.java:<init>(172)) - new d2544423-6c63-4eb7-9d0a-bffb9f2b5023@group-970E55BF8B86-SegmentedRaftLogWorker for RaftStorage:Storage Directory /workdir/hadoop-ozone/ozonefs/target/test-dir/MiniOzoneClusterImpl-336849c0-54e0-42a2-92e3-a8dd7e6e8d6a/datanode-4/data/ratis/48256a9d-2e88-41df-a388-970e55bf8b86
2019-09-25 07:27:36,883 [pool-67-thread-1] INFO  server.RaftServerConfigKeys (ConfUtils.java:logGet(43)) - raft.server.log.queue.byte-limit = 2147483647 (custom)
2019-09-25 07:27:36,883 [pool-67-thread-1] INFO  server.RaftServerConfigKeys (ConfUtils.java:logGet(43)) - raft.server.log.queue.element-limit = 1024 (custom)
2019-09-25 07:27:36,883 [pool-67-thread-1] INFO  server.RaftServerConfigKeys (ConfUtils.java:logGet(43)) - raft.server.log.segment.size.max = 1048576 (custom)
2019-09-25 07:27:36,883 [pool-67-thread-1] INFO  server.RaftServerConfigKeys (ConfUtils.java:logGet(43)) - raft.server.log.preallocated.size = 16384 (custom)
2019-09-25 07:27:36,883 [pool-67-thread-1] INFO  server.RaftServerConfigKeys (ConfUtils.java:logGet(43)) - raft.server.log.write.buffer.size = 33554432 (custom)
2019-09-25 07:27:36,883 [pool-67-thread-1] INFO  server.RaftServerConfigKeys (ConfUtils.java:logGet(43)) - raft.server.log.force.sync.num = 128 (default)
2019-09-25 07:27:36,884 [pool-67-thread-1] INFO  server.RaftServerConfigKeys (ConfUtils.java:logGet(43)) - raft.server.log.statemachine.data.sync = true (default)
2019-09-25 07:27:36,884 [pool-67-thread-1] INFO  server.RaftServerConfigKeys (ConfUtils.java:logGet(43)) - raft.server.log.statemachine.data.sync.timeout = 10s (default)
2019-09-25 07:27:36,884 [pool-67-thread-1] INFO  server.RaftServerConfigKeys (ConfUtils.java:logGet(43)) - raft.server.log.statemachine.data.sync.timeout.retry = -1 (default)
2019-09-25 07:27:36,884 [pool-67-thread-1] INFO  server.RaftServerConfigKeys (ConfUtils.java:logGet(43)) - raft.server.log.statemachine.data.caching.enabled = true (custom)
2019-09-25 07:27:36,884 [pool-67-thread-1] INFO  segmented.SegmentedRaftLogWorker (SegmentedRaftLogWorker.java:lambda$new$0(132)) - d2544423-6c63-4eb7-9d0a-bffb9f2b5023@group-970E55BF8B86-SegmentedRaftLogWorker: flushIndex: setUnconditionally 0 -> -1
2019-09-25 07:27:36,885 [pool-67-thread-1] INFO  server.RaftServerConfigKeys (ConfUtils.java:logGet(43)) - raft.server.snapshot.auto.trigger.enabled = true (custom)
2019-09-25 07:27:36,885 [pool-67-thread-1] INFO  server.RaftServerConfigKeys (ConfUtils.java:logGet(43)) - raft.server.snapshot.auto.trigger.threshold = 10000 (custom)
2019-09-25 07:27:36,885 [pool-67-thread-1] INFO  server.RaftServerConfigKeys (ConfUtils.java:logGet(43)) - raft.server.snapshot.retention.num.files = 5 (custom)
2019-09-25 07:27:36,885 [pool-67-thread-1] INFO  server.RaftServerConfigKeys (ConfUtils.java:logGet(43)) - raft.server.retrycache.expirytime = 600000ms (custom)
2019-09-25 07:27:36,887 [pool-67-thread-1] INFO  impl.RaftServerImpl (RaftServerImpl.java:start(185)) - d2544423-6c63-4eb7-9d0a-bffb9f2b5023@group-970E55BF8B86: start as a follower, conf=-1: [d2544423-6c63-4eb7-9d0a-bffb9f2b5023:192.168.151.106:39699], old=null
2019-09-25 07:27:36,887 [pool-67-thread-1] INFO  impl.RaftServerImpl (RaftServerImpl.java:setRole(174)) - d2544423-6c63-4eb7-9d0a-bffb9f2b5023@group-970E55BF8B86: changes role from      null to FOLLOWER at term 0 for startAsFollower
2019-09-25 07:27:36,887 [pool-67-thread-1] INFO  impl.RoleInfo (RoleInfo.java:updateAndGet(143)) - d2544423-6c63-4eb7-9d0a-bffb9f2b5023: start FollowerState
2019-09-25 07:27:36,888 [pool-67-thread-1] INFO  util.JmxRegister (JmxRegister.java:tryRegister(44)) - Successfully registered JMX Bean with object name Ratis:service=RaftServer,group=group-970E55BF8B86,id=d2544423-6c63-4eb7-9d0a-bffb9f2b5023
2019-09-25 07:27:36,894 [RatisPipelineUtilsThread] INFO  pipeline.PipelineStateManager (PipelineStateManager.java:addPipeline(56)) - Created pipeline Pipeline[ Id: 48256a9d-2e88-41df-a388-970e55bf8b86, Nodes: d2544423-6c63-4eb7-9d0a-bffb9f2b5023{ip: 192.168.151.106, host: pr-hdds-1569-x2sr2-3486766547, networkLocation: /default-rack, certSerialId: null}, Type:RATIS, Factor:ONE, State:OPEN]
2019-09-25 07:27:36,894 [RatisPipelineUtilsThread] INFO  pipeline.PipelinePlacementPolicy (PipelinePlacementPolicy.java:meetCriteria(91)) - Pipeline Placement: can't place more pipeline on heavy datanode： ac29337b-1f05-44ab-baf7-0ad511ed26a1 Heaviness: 6 limit: 5
2019-09-25 07:27:36,906 [grpc-default-executor-0] INFO  impl.RaftServerProxy (RaftServerProxy.java:addNew(89)) - d2544423-6c63-4eb7-9d0a-bffb9f2b5023: addNew group-42708CF79F2C:[d2544423-6c63-4eb7-9d0a-bffb9f2b5023:192.168.151.106:39699] returns group-42708CF79F2C:java.util.concurrent.CompletableFuture@55ea74c7[Not completed]
2019-09-25 07:27:36,908 [pool-67-thread-1] INFO  impl.RaftServerImpl (RaftServerImpl.java:<init>(95)) - d2544423-6c63-4eb7-9d0a-bffb9f2b5023: new RaftServerImpl for group-42708CF79F2C:[d2544423-6c63-4eb7-9d0a-bffb9f2b5023:192.168.151.106:39699] with ContainerStateMachine:uninitialized
2019-09-25 07:27:36,908 [pool-67-thread-1] INFO  server.RaftServerConfigKeys (ConfUtils.java:logGet(43)) - raft.server.rpc.timeout.min = 5s (custom)
2019-09-25 07:27:36,908 [pool-67-thread-1] INFO  server.RaftServerConfigKeys (ConfUtils.java:logGet(43)) - raft.server.rpc.timeout.max = 5200ms (custom)
2019-09-25 07:27:36,908 [pool-67-thread-1] INFO  server.RaftServerConfigKeys (ConfUtils.java:logGet(43)) - raft.server.rpcslowness.timeout = 120s (custom)
2019-09-25 07:27:36,908 [pool-67-thread-1] INFO  server.RaftServerConfigKeys (ConfUtils.java:logGet(43)) - raft.server.sleep.deviation.threshold = 300 (default)
2019-09-25 07:27:36,908 [pool-67-thread-1] INFO  server.RaftServerConfigKeys (ConfUtils.java:logGet(43)) - raft.server.log.appender.install.snapshot.enabled = false (custom)
2019-09-25 07:27:36,908 [pool-67-thread-1] INFO  impl.RaftServerImpl (ServerState.java:<init>(103)) - d2544423-6c63-4eb7-9d0a-bffb9f2b5023@group-42708CF79F2C: ConfigurationManager, init=-1: [d2544423-6c63-4eb7-9d0a-bffb9f2b5023:192.168.151.106:39699], old=null, confs=<EMPTY_MAP>
2019-09-25 07:27:36,908 [pool-67-thread-1] INFO  server.RaftServerConfigKeys (ConfUtils.java:logGet(43)) - raft.server.storage.dir = [/workdir/hadoop-ozone/ozonefs/target/test-dir/MiniOzoneClusterImpl-336849c0-54e0-42a2-92e3-a8dd7e6e8d6a/datanode-4/data/ratis] (custom)
2019-09-25 07:27:36,909 [pool-67-thread-1] INFO  storage.RaftStorageDirectory (RaftStorageDirectory.java:analyzeStorage(246)) - The storage directory /workdir/hadoop-ozone/ozonefs/target/test-dir/MiniOzoneClusterImpl-336849c0-54e0-42a2-92e3-a8dd7e6e8d6a/datanode-4/data/ratis/335dc316-e9a7-44ed-bb57-42708cf79f2c does not exist. Creating ...
2019-09-25 07:27:36,931 [pool-67-thread-1] INFO  storage.RaftStorageDirectory (RaftStorageDirectory.java:tryLock(328)) - Lock on /workdir/hadoop-ozone/ozonefs/target/test-dir/MiniOzoneClusterImpl-336849c0-54e0-42a2-92e3-a8dd7e6e8d6a/datanode-4/data/ratis/335dc316-e9a7-44ed-bb57-42708cf79f2c/in_use.lock acquired by nodename 14720@pr-hdds-1569-x2sr2-3486766547
2019-09-25 07:27:36,955 [pool-67-thread-1] INFO  storage.RaftStorage (RaftStorage.java:format(72)) - Storage directory /workdir/hadoop-ozone/ozonefs/target/test-dir/MiniOzoneClusterImpl-336849c0-54e0-42a2-92e3-a8dd7e6e8d6a/datanode-4/data/ratis/335dc316-e9a7-44ed-bb57-42708cf79f2c has been successfully formatted.
2019-09-25 07:27:36,955 [pool-67-thread-1] INFO  ratis.ContainerStateMachine (ContainerStateMachine.java:loadSnapshot(230)) - group-42708CF79F2C: The snapshot info is null. Setting the last applied indexto:(t:0, i:~)
2019-09-25 07:27:36,956 [pool-67-thread-1] INFO  server.RaftServerConfigKeys (ConfUtils.java:logGet(43)) - raft.server.notification.no-leader.timeout = 120s (custom)
2019-09-25 07:27:36,956 [pool-67-thread-1] INFO  server.RaftServerConfigKeys (ConfUtils.java:logGet(43)) - raft.server.log.use.memory = false (default)
2019-09-25 07:27:36,956 [pool-67-thread-1] INFO  server.RaftServerConfigKeys (ConfUtils.java:logGet(43)) - raft.server.log.purge.gap = 1000000 (custom)
2019-09-25 07:27:36,956 [pool-67-thread-1] INFO  server.RaftServerConfigKeys (ConfUtils.java:logGet(43)) - raft.server.log.appender.buffer.byte-limit = 33554432 (custom)
2019-09-25 07:27:36,956 [pool-67-thread-1] INFO  server.RaftServerConfigKeys (ConfUtils.java:logGet(43)) - raft.server.log.segment.size.max = 1048576 (custom)
2019-09-25 07:27:36,956 [pool-67-thread-1] INFO  server.RaftServerConfigKeys (ConfUtils.java:logGet(43)) - raft.server.log.segment.cache.num.max = 2 (custom)
2019-09-25 07:27:36,956 [pool-67-thread-1] INFO  segmented.SegmentedRaftLogWorker (SegmentedRaftLogWorker.java:<init>(172)) - new d2544423-6c63-4eb7-9d0a-bffb9f2b5023@group-42708CF79F2C-SegmentedRaftLogWorker for RaftStorage:Storage Directory /workdir/hadoop-ozone/ozonefs/target/test-dir/MiniOzoneClusterImpl-336849c0-54e0-42a2-92e3-a8dd7e6e8d6a/datanode-4/data/ratis/335dc316-e9a7-44ed-bb57-42708cf79f2c
2019-09-25 07:27:36,956 [pool-67-thread-1] INFO  server.RaftServerConfigKeys (ConfUtils.java:logGet(43)) - raft.server.log.queue.byte-limit = 2147483647 (custom)
2019-09-25 07:27:36,957 [pool-67-thread-1] INFO  server.RaftServerConfigKeys (ConfUtils.java:logGet(43)) - raft.server.log.queue.element-limit = 1024 (custom)
2019-09-25 07:27:36,957 [pool-67-thread-1] INFO  server.RaftServerConfigKeys (ConfUtils.java:logGet(43)) - raft.server.log.segment.size.max = 1048576 (custom)
2019-09-25 07:27:36,957 [pool-67-thread-1] INFO  server.RaftServerConfigKeys (ConfUtils.java:logGet(43)) - raft.server.log.preallocated.size = 16384 (custom)
2019-09-25 07:27:36,957 [pool-67-thread-1] INFO  server.RaftServerConfigKeys (ConfUtils.java:logGet(43)) - raft.server.log.write.buffer.size = 33554432 (custom)
2019-09-25 07:27:36,957 [pool-67-thread-1] INFO  server.RaftServerConfigKeys (ConfUtils.java:logGet(43)) - raft.server.log.force.sync.num = 128 (default)
2019-09-25 07:27:36,957 [pool-67-thread-1] INFO  server.RaftServerConfigKeys (ConfUtils.java:logGet(43)) - raft.server.log.statemachine.data.sync = true (default)
2019-09-25 07:27:36,957 [pool-67-thread-1] INFO  server.RaftServerConfigKeys (ConfUtils.java:logGet(43)) - raft.server.log.statemachine.data.sync.timeout = 10s (default)
2019-09-25 07:27:36,957 [pool-67-thread-1] INFO  server.RaftServerConfigKeys (ConfUtils.java:logGet(43)) - raft.server.log.statemachine.data.sync.timeout.retry = -1 (default)
2019-09-25 07:27:36,958 [pool-67-thread-1] INFO  server.RaftServerConfigKeys (ConfUtils.java:logGet(43)) - raft.server.log.statemachine.data.caching.enabled = true (custom)
2019-09-25 07:27:36,958 [pool-67-thread-1] INFO  segmented.SegmentedRaftLogWorker (SegmentedRaftLogWorker.java:lambda$new$0(132)) - d2544423-6c63-4eb7-9d0a-bffb9f2b5023@group-42708CF79F2C-SegmentedRaftLogWorker: flushIndex: setUnconditionally 0 -> -1
2019-09-25 07:27:36,958 [pool-67-thread-1] INFO  server.RaftServerConfigKeys (ConfUtils.java:logGet(43)) - raft.server.snapshot.auto.trigger.enabled = true (custom)
2019-09-25 07:27:36,958 [pool-67-thread-1] INFO  server.RaftServerConfigKeys (ConfUtils.java:logGet(43)) - raft.server.snapshot.auto.trigger.threshold = 10000 (custom)
2019-09-25 07:27:36,958 [pool-67-thread-1] INFO  server.RaftServerConfigKeys (ConfUtils.java:logGet(43)) - raft.server.snapshot.retention.num.files = 5 (custom)
2019-09-25 07:27:36,959 [pool-67-thread-1] INFO  server.RaftServerConfigKeys (ConfUtils.java:logGet(43)) - raft.server.retrycache.expirytime = 600000ms (custom)
2019-09-25 07:27:36,961 [pool-67-thread-1] INFO  impl.RaftServerImpl (RaftServerImpl.java:start(185)) - d2544423-6c63-4eb7-9d0a-bffb9f2b5023@group-42708CF79F2C: start as a follower, conf=-1: [d2544423-6c63-4eb7-9d0a-bffb9f2b5023:192.168.151.106:39699], old=null
2019-09-25 07:27:36,961 [pool-67-thread-1] INFO  impl.RaftServerImpl (RaftServerImpl.java:setRole(174)) - d2544423-6c63-4eb7-9d0a-bffb9f2b5023@group-42708CF79F2C: changes role from      null to FOLLOWER at term 0 for startAsFollower
2019-09-25 07:27:36,961 [pool-67-thread-1] INFO  impl.RoleInfo (RoleInfo.java:updateAndGet(143)) - d2544423-6c63-4eb7-9d0a-bffb9f2b5023: start FollowerState
2019-09-25 07:27:36,961 [pool-67-thread-1] INFO  util.JmxRegister (JmxRegister.java:tryRegister(44)) - Successfully registered JMX Bean with object name Ratis:service=RaftServer,group=group-42708CF79F2C,id=d2544423-6c63-4eb7-9d0a-bffb9f2b5023
2019-09-25 07:27:36,968 [RatisPipelineUtilsThread] INFO  pipeline.PipelineStateManager (PipelineStateManager.java:addPipeline(56)) - Created pipeline Pipeline[ Id: 335dc316-e9a7-44ed-bb57-42708cf79f2c, Nodes: d2544423-6c63-4eb7-9d0a-bffb9f2b5023{ip: 192.168.151.106, host: pr-hdds-1569-x2sr2-3486766547, networkLocation: /default-rack, certSerialId: null}, Type:RATIS, Factor:ONE, State:OPEN]
2019-09-25 07:27:36,968 [RatisPipelineUtilsThread] INFO  pipeline.PipelinePlacementPolicy (PipelinePlacementPolicy.java:meetCriteria(91)) - Pipeline Placement: can't place more pipeline on heavy datanode： ac29337b-1f05-44ab-baf7-0ad511ed26a1 Heaviness: 6 limit: 5
2019-09-25 07:27:36,968 [RatisPipelineUtilsThread] INFO  pipeline.PipelinePlacementPolicy (PipelinePlacementPolicy.java:meetCriteria(91)) - Pipeline Placement: can't place more pipeline on heavy datanode： d2544423-6c63-4eb7-9d0a-bffb9f2b5023 Heaviness: 6 limit: 5
2019-09-25 07:27:36,980 [grpc-default-executor-0] INFO  impl.RaftServerProxy (RaftServerProxy.java:addNew(89)) - 600943d5-c424-432f-84b9-a00c1c65f122: addNew group-59E5EC7E7662:[600943d5-c424-432f-84b9-a00c1c65f122:192.168.151.106:33383] returns group-59E5EC7E7662:java.util.concurrent.CompletableFuture@4469738d[Not completed]
2019-09-25 07:27:36,982 [pool-87-thread-1] INFO  impl.RaftServerImpl (RaftServerImpl.java:<init>(95)) - 600943d5-c424-432f-84b9-a00c1c65f122: new RaftServerImpl for group-59E5EC7E7662:[600943d5-c424-432f-84b9-a00c1c65f122:192.168.151.106:33383] with ContainerStateMachine:uninitialized
2019-09-25 07:27:36,982 [pool-87-thread-1] INFO  server.RaftServerConfigKeys (ConfUtils.java:logGet(43)) - raft.server.rpc.timeout.min = 5s (custom)
2019-09-25 07:27:36,982 [pool-87-thread-1] INFO  server.RaftServerConfigKeys (ConfUtils.java:logGet(43)) - raft.server.rpc.timeout.max = 5200ms (custom)
2019-09-25 07:27:36,982 [pool-87-thread-1] INFO  server.RaftServerConfigKeys (ConfUtils.java:logGet(43)) - raft.server.rpcslowness.timeout = 120s (custom)
2019-09-25 07:27:36,982 [pool-87-thread-1] INFO  server.RaftServerConfigKeys (ConfUtils.java:logGet(43)) - raft.server.sleep.deviation.threshold = 300 (default)
2019-09-25 07:27:36,983 [pool-87-thread-1] INFO  server.RaftServerConfigKeys (ConfUtils.java:logGet(43)) - raft.server.log.appender.install.snapshot.enabled = false (custom)
2019-09-25 07:27:36,983 [pool-87-thread-1] INFO  impl.RaftServerImpl (ServerState.java:<init>(103)) - 600943d5-c424-432f-84b9-a00c1c65f122@group-59E5EC7E7662: ConfigurationManager, init=-1: [600943d5-c424-432f-84b9-a00c1c65f122:192.168.151.106:33383], old=null, confs=<EMPTY_MAP>
2019-09-25 07:27:36,983 [pool-87-thread-1] INFO  server.RaftServerConfigKeys (ConfUtils.java:logGet(43)) - raft.server.storage.dir = [/workdir/hadoop-ozone/ozonefs/target/test-dir/MiniOzoneClusterImpl-336849c0-54e0-42a2-92e3-a8dd7e6e8d6a/datanode-6/data/ratis] (custom)
2019-09-25 07:27:36,983 [pool-87-thread-1] INFO  storage.RaftStorageDirectory (RaftStorageDirectory.java:analyzeStorage(246)) - The storage directory /workdir/hadoop-ozone/ozonefs/target/test-dir/MiniOzoneClusterImpl-336849c0-54e0-42a2-92e3-a8dd7e6e8d6a/datanode-6/data/ratis/8c9e6eec-5d90-4d39-a78b-59e5ec7e7662 does not exist. Creating ...
2019-09-25 07:27:37,007 [pool-87-thread-1] INFO  storage.RaftStorageDirectory (RaftStorageDirectory.java:tryLock(328)) - Lock on /workdir/hadoop-ozone/ozonefs/target/test-dir/MiniOzoneClusterImpl-336849c0-54e0-42a2-92e3-a8dd7e6e8d6a/datanode-6/data/ratis/8c9e6eec-5d90-4d39-a78b-59e5ec7e7662/in_use.lock acquired by nodename 14720@pr-hdds-1569-x2sr2-3486766547
2019-09-25 07:27:37,031 [pool-87-thread-1] INFO  storage.RaftStorage (RaftStorage.java:format(72)) - Storage directory /workdir/hadoop-ozone/ozonefs/target/test-dir/MiniOzoneClusterImpl-336849c0-54e0-42a2-92e3-a8dd7e6e8d6a/datanode-6/data/ratis/8c9e6eec-5d90-4d39-a78b-59e5ec7e7662 has been successfully formatted.
2019-09-25 07:27:37,032 [pool-87-thread-1] INFO  ratis.ContainerStateMachine (ContainerStateMachine.java:loadSnapshot(230)) - group-59E5EC7E7662: The snapshot info is null. Setting the last applied indexto:(t:0, i:~)
2019-09-25 07:27:37,032 [pool-87-thread-1] INFO  server.RaftServerConfigKeys (ConfUtils.java:logGet(43)) - raft.server.notification.no-leader.timeout = 120s (custom)
2019-09-25 07:27:37,032 [pool-87-thread-1] INFO  server.RaftServerConfigKeys (ConfUtils.java:logGet(43)) - raft.server.log.use.memory = false (default)
2019-09-25 07:27:37,032 [pool-87-thread-1] INFO  server.RaftServerConfigKeys (ConfUtils.java:logGet(43)) - raft.server.log.purge.gap = 1000000 (custom)
2019-09-25 07:27:37,032 [pool-87-thread-1] INFO  server.RaftServerConfigKeys (ConfUtils.java:logGet(43)) - raft.server.log.appender.buffer.byte-limit = 33554432 (custom)
2019-09-25 07:27:37,033 [pool-87-thread-1] INFO  server.RaftServerConfigKeys (ConfUtils.java:logGet(43)) - raft.server.log.segment.size.max = 1048576 (custom)
2019-09-25 07:27:37,033 [pool-87-thread-1] INFO  server.RaftServerConfigKeys (ConfUtils.java:logGet(43)) - raft.server.log.segment.cache.num.max = 2 (custom)
2019-09-25 07:27:37,033 [pool-87-thread-1] INFO  segmented.SegmentedRaftLogWorker (SegmentedRaftLogWorker.java:<init>(172)) - new 600943d5-c424-432f-84b9-a00c1c65f122@group-59E5EC7E7662-SegmentedRaftLogWorker for RaftStorage:Storage Directory /workdir/hadoop-ozone/ozonefs/target/test-dir/MiniOzoneClusterImpl-336849c0-54e0-42a2-92e3-a8dd7e6e8d6a/datanode-6/data/ratis/8c9e6eec-5d90-4d39-a78b-59e5ec7e7662
2019-09-25 07:27:37,033 [pool-87-thread-1] INFO  server.RaftServerConfigKeys (ConfUtils.java:logGet(43)) - raft.server.log.queue.byte-limit = 2147483647 (custom)
2019-09-25 07:27:37,033 [pool-87-thread-1] INFO  server.RaftServerConfigKeys (ConfUtils.java:logGet(43)) - raft.server.log.queue.element-limit = 1024 (custom)
2019-09-25 07:27:37,034 [pool-87-thread-1] INFO  server.RaftServerConfigKeys (ConfUtils.java:logGet(43)) - raft.server.log.segment.size.max = 1048576 (custom)
2019-09-25 07:27:37,034 [pool-87-thread-1] INFO  server.RaftServerConfigKeys (ConfUtils.java:logGet(43)) - raft.server.log.preallocated.size = 16384 (custom)
2019-09-25 07:27:37,034 [pool-87-thread-1] INFO  server.RaftServerConfigKeys (ConfUtils.java:logGet(43)) - raft.server.log.write.buffer.size = 33554432 (custom)
2019-09-25 07:27:37,034 [pool-87-thread-1] INFO  server.RaftServerConfigKeys (ConfUtils.java:logGet(43)) - raft.server.log.force.sync.num = 128 (default)
2019-09-25 07:27:37,034 [pool-87-thread-1] INFO  server.RaftServerConfigKeys (ConfUtils.java:logGet(43)) - raft.server.log.statemachine.data.sync = true (default)
2019-09-25 07:27:37,035 [pool-87-thread-1] INFO  server.RaftServerConfigKeys (ConfUtils.java:logGet(43)) - raft.server.log.statemachine.data.sync.timeout = 10s (default)
2019-09-25 07:27:37,035 [pool-87-thread-1] INFO  server.RaftServerConfigKeys (ConfUtils.java:logGet(43)) - raft.server.log.statemachine.data.sync.timeout.retry = -1 (default)
2019-09-25 07:27:37,035 [pool-87-thread-1] INFO  server.RaftServerConfigKeys (ConfUtils.java:logGet(43)) - raft.server.log.statemachine.data.caching.enabled = true (custom)
2019-09-25 07:27:37,036 [pool-87-thread-1] INFO  segmented.SegmentedRaftLogWorker (SegmentedRaftLogWorker.java:lambda$new$0(132)) - 600943d5-c424-432f-84b9-a00c1c65f122@group-59E5EC7E7662-SegmentedRaftLogWorker: flushIndex: setUnconditionally 0 -> -1
2019-09-25 07:27:37,036 [pool-87-thread-1] INFO  server.RaftServerConfigKeys (ConfUtils.java:logGet(43)) - raft.server.snapshot.auto.trigger.enabled = true (custom)
2019-09-25 07:27:37,036 [pool-87-thread-1] INFO  server.RaftServerConfigKeys (ConfUtils.java:logGet(43)) - raft.server.snapshot.auto.trigger.threshold = 10000 (custom)
2019-09-25 07:27:37,036 [pool-87-thread-1] INFO  server.RaftServerConfigKeys (ConfUtils.java:logGet(43)) - raft.server.snapshot.retention.num.files = 5 (custom)
2019-09-25 07:27:37,036 [pool-87-thread-1] INFO  server.RaftServerConfigKeys (ConfUtils.java:logGet(43)) - raft.server.retrycache.expirytime = 600000ms (custom)
2019-09-25 07:27:37,040 [pool-87-thread-1] INFO  impl.RaftServerImpl (RaftServerImpl.java:start(185)) - 600943d5-c424-432f-84b9-a00c1c65f122@group-59E5EC7E7662: start as a follower, conf=-1: [600943d5-c424-432f-84b9-a00c1c65f122:192.168.151.106:33383], old=null
2019-09-25 07:27:37,040 [pool-87-thread-1] INFO  impl.RaftServerImpl (RaftServerImpl.java:setRole(174)) - 600943d5-c424-432f-84b9-a00c1c65f122@group-59E5EC7E7662: changes role from      null to FOLLOWER at term 0 for startAsFollower
2019-09-25 07:27:37,040 [pool-87-thread-1] INFO  impl.RoleInfo (RoleInfo.java:updateAndGet(143)) - 600943d5-c424-432f-84b9-a00c1c65f122: start FollowerState
2019-09-25 07:27:37,040 [pool-87-thread-1] INFO  util.JmxRegister (JmxRegister.java:tryRegister(44)) - Successfully registered JMX Bean with object name Ratis:service=RaftServer,group=group-59E5EC7E7662,id=600943d5-c424-432f-84b9-a00c1c65f122
2019-09-25 07:27:37,047 [RatisPipelineUtilsThread] INFO  pipeline.PipelineStateManager (PipelineStateManager.java:addPipeline(56)) - Created pipeline Pipeline[ Id: 8c9e6eec-5d90-4d39-a78b-59e5ec7e7662, Nodes: 600943d5-c424-432f-84b9-a00c1c65f122{ip: 192.168.151.106, host: pr-hdds-1569-x2sr2-3486766547, networkLocation: /default-rack, certSerialId: null}, Type:RATIS, Factor:ONE, State:OPEN]
2019-09-25 07:27:37,047 [RatisPipelineUtilsThread] INFO  pipeline.PipelinePlacementPolicy (PipelinePlacementPolicy.java:meetCriteria(91)) - Pipeline Placement: can't place more pipeline on heavy datanode： ac29337b-1f05-44ab-baf7-0ad511ed26a1 Heaviness: 6 limit: 5
2019-09-25 07:27:37,047 [RatisPipelineUtilsThread] INFO  pipeline.PipelinePlacementPolicy (PipelinePlacementPolicy.java:meetCriteria(91)) - Pipeline Placement: can't place more pipeline on heavy datanode： d2544423-6c63-4eb7-9d0a-bffb9f2b5023 Heaviness: 6 limit: 5
2019-09-25 07:27:37,075 [grpc-default-executor-0] INFO  impl.RaftServerProxy (RaftServerProxy.java:addNew(89)) - 50e45688-d85c-45e8-a8ba-136a1a73e30a: addNew group-5F5D2E7DBE31:[50e45688-d85c-45e8-a8ba-136a1a73e30a:192.168.151.106:37283] returns group-5F5D2E7DBE31:java.util.concurrent.CompletableFuture@31b500aa[Not completed]
2019-09-25 07:27:37,077 [pool-57-thread-1] INFO  impl.RaftServerImpl (RaftServerImpl.java:<init>(95)) - 50e45688-d85c-45e8-a8ba-136a1a73e30a: new RaftServerImpl for group-5F5D2E7DBE31:[50e45688-d85c-45e8-a8ba-136a1a73e30a:192.168.151.106:37283] with ContainerStateMachine:uninitialized
2019-09-25 07:27:37,077 [pool-57-thread-1] INFO  server.RaftServerConfigKeys (ConfUtils.java:logGet(43)) - raft.server.rpc.timeout.min = 5s (custom)
2019-09-25 07:27:37,077 [pool-57-thread-1] INFO  server.RaftServerConfigKeys (ConfUtils.java:logGet(43)) - raft.server.rpc.timeout.max = 5200ms (custom)
2019-09-25 07:27:37,077 [pool-57-thread-1] INFO  server.RaftServerConfigKeys (ConfUtils.java:logGet(43)) - raft.server.rpcslowness.timeout = 120s (custom)
2019-09-25 07:27:37,077 [pool-57-thread-1] INFO  server.RaftServerConfigKeys (ConfUtils.java:logGet(43)) - raft.server.sleep.deviation.threshold = 300 (default)
2019-09-25 07:27:37,078 [pool-57-thread-1] INFO  server.RaftServerConfigKeys (ConfUtils.java:logGet(43)) - raft.server.log.appender.install.snapshot.enabled = false (custom)
2019-09-25 07:27:37,078 [pool-57-thread-1] INFO  impl.RaftServerImpl (ServerState.java:<init>(103)) - 50e45688-d85c-45e8-a8ba-136a1a73e30a@group-5F5D2E7DBE31: ConfigurationManager, init=-1: [50e45688-d85c-45e8-a8ba-136a1a73e30a:192.168.151.106:37283], old=null, confs=<EMPTY_MAP>
2019-09-25 07:27:37,078 [pool-57-thread-1] INFO  server.RaftServerConfigKeys (ConfUtils.java:logGet(43)) - raft.server.storage.dir = [/workdir/hadoop-ozone/ozonefs/target/test-dir/MiniOzoneClusterImpl-336849c0-54e0-42a2-92e3-a8dd7e6e8d6a/datanode-3/data/ratis] (custom)
2019-09-25 07:27:37,078 [pool-57-thread-1] INFO  storage.RaftStorageDirectory (RaftStorageDirectory.java:analyzeStorage(246)) - The storage directory /workdir/hadoop-ozone/ozonefs/target/test-dir/MiniOzoneClusterImpl-336849c0-54e0-42a2-92e3-a8dd7e6e8d6a/datanode-3/data/ratis/53925aee-74f8-4a5a-8696-5f5d2e7dbe31 does not exist. Creating ...
2019-09-25 07:27:37,093 [pool-57-thread-1] INFO  storage.RaftStorageDirectory (RaftStorageDirectory.java:tryLock(328)) - Lock on /workdir/hadoop-ozone/ozonefs/target/test-dir/MiniOzoneClusterImpl-336849c0-54e0-42a2-92e3-a8dd7e6e8d6a/datanode-3/data/ratis/53925aee-74f8-4a5a-8696-5f5d2e7dbe31/in_use.lock acquired by nodename 14720@pr-hdds-1569-x2sr2-3486766547
2019-09-25 07:27:37,106 [pool-57-thread-1] INFO  storage.RaftStorage (RaftStorage.java:format(72)) - Storage directory /workdir/hadoop-ozone/ozonefs/target/test-dir/MiniOzoneClusterImpl-336849c0-54e0-42a2-92e3-a8dd7e6e8d6a/datanode-3/data/ratis/53925aee-74f8-4a5a-8696-5f5d2e7dbe31 has been successfully formatted.
2019-09-25 07:27:37,106 [pool-57-thread-1] INFO  ratis.ContainerStateMachine (ContainerStateMachine.java:loadSnapshot(230)) - group-5F5D2E7DBE31: The snapshot info is null. Setting the last applied indexto:(t:0, i:~)
2019-09-25 07:27:37,106 [pool-57-thread-1] INFO  server.RaftServerConfigKeys (ConfUtils.java:logGet(43)) - raft.server.notification.no-leader.timeout = 120s (custom)
2019-09-25 07:27:37,106 [pool-57-thread-1] INFO  server.RaftServerConfigKeys (ConfUtils.java:logGet(43)) - raft.server.log.use.memory = false (default)
2019-09-25 07:27:37,106 [pool-57-thread-1] INFO  server.RaftServerConfigKeys (ConfUtils.java:logGet(43)) - raft.server.log.purge.gap = 1000000 (custom)
2019-09-25 07:27:37,107 [pool-57-thread-1] INFO  server.RaftServerConfigKeys (ConfUtils.java:logGet(43)) - raft.server.log.appender.buffer.byte-limit = 33554432 (custom)
2019-09-25 07:27:37,107 [pool-57-thread-1] INFO  server.RaftServerConfigKeys (ConfUtils.java:logGet(43)) - raft.server.log.segment.size.max = 1048576 (custom)
2019-09-25 07:27:37,107 [pool-57-thread-1] INFO  server.RaftServerConfigKeys (ConfUtils.java:logGet(43)) - raft.server.log.segment.cache.num.max = 2 (custom)
2019-09-25 07:27:37,107 [pool-57-thread-1] INFO  segmented.SegmentedRaftLogWorker (SegmentedRaftLogWorker.java:<init>(172)) - new 50e45688-d85c-45e8-a8ba-136a1a73e30a@group-5F5D2E7DBE31-SegmentedRaftLogWorker for RaftStorage:Storage Directory /workdir/hadoop-ozone/ozonefs/target/test-dir/MiniOzoneClusterImpl-336849c0-54e0-42a2-92e3-a8dd7e6e8d6a/datanode-3/data/ratis/53925aee-74f8-4a5a-8696-5f5d2e7dbe31
2019-09-25 07:27:37,107 [pool-57-thread-1] INFO  server.RaftServerConfigKeys (ConfUtils.java:logGet(43)) - raft.server.log.queue.byte-limit = 2147483647 (custom)
2019-09-25 07:27:37,107 [pool-57-thread-1] INFO  server.RaftServerConfigKeys (ConfUtils.java:logGet(43)) - raft.server.log.queue.element-limit = 1024 (custom)
2019-09-25 07:27:37,108 [pool-57-thread-1] INFO  server.RaftServerConfigKeys (ConfUtils.java:logGet(43)) - raft.server.log.segment.size.max = 1048576 (custom)
2019-09-25 07:27:37,108 [pool-57-thread-1] INFO  server.RaftServerConfigKeys (ConfUtils.java:logGet(43)) - raft.server.log.preallocated.size = 16384 (custom)
2019-09-25 07:27:37,108 [pool-57-thread-1] INFO  server.RaftServerConfigKeys (ConfUtils.java:logGet(43)) - raft.server.log.write.buffer.size = 33554432 (custom)
2019-09-25 07:27:37,110 [pool-57-thread-1] INFO  server.RaftServerConfigKeys (ConfUtils.java:logGet(43)) - raft.server.log.force.sync.num = 128 (default)
2019-09-25 07:27:37,111 [pool-57-thread-1] INFO  server.RaftServerConfigKeys (ConfUtils.java:logGet(43)) - raft.server.log.statemachine.data.sync = true (default)
2019-09-25 07:27:37,111 [pool-57-thread-1] INFO  server.RaftServerConfigKeys (ConfUtils.java:logGet(43)) - raft.server.log.statemachine.data.sync.timeout = 10s (default)
2019-09-25 07:27:37,111 [pool-57-thread-1] INFO  server.RaftServerConfigKeys (ConfUtils.java:logGet(43)) - raft.server.log.statemachine.data.sync.timeout.retry = -1 (default)
2019-09-25 07:27:37,111 [pool-57-thread-1] INFO  server.RaftServerConfigKeys (ConfUtils.java:logGet(43)) - raft.server.log.statemachine.data.caching.enabled = true (custom)
2019-09-25 07:27:37,112 [pool-57-thread-1] INFO  segmented.SegmentedRaftLogWorker (SegmentedRaftLogWorker.java:lambda$new$0(132)) - 50e45688-d85c-45e8-a8ba-136a1a73e30a@group-5F5D2E7DBE31-SegmentedRaftLogWorker: flushIndex: setUnconditionally 0 -> -1
2019-09-25 07:27:37,112 [pool-57-thread-1] INFO  server.RaftServerConfigKeys (ConfUtils.java:logGet(43)) - raft.server.snapshot.auto.trigger.enabled = true (custom)
2019-09-25 07:27:37,112 [pool-57-thread-1] INFO  server.RaftServerConfigKeys (ConfUtils.java:logGet(43)) - raft.server.snapshot.auto.trigger.threshold = 10000 (custom)
2019-09-25 07:27:37,112 [pool-57-thread-1] INFO  server.RaftServerConfigKeys (ConfUtils.java:logGet(43)) - raft.server.snapshot.retention.num.files = 5 (custom)
2019-09-25 07:27:37,113 [pool-57-thread-1] INFO  server.RaftServerConfigKeys (ConfUtils.java:logGet(43)) - raft.server.retrycache.expirytime = 600000ms (custom)
2019-09-25 07:27:37,115 [pool-57-thread-1] INFO  impl.RaftServerImpl (RaftServerImpl.java:start(185)) - 50e45688-d85c-45e8-a8ba-136a1a73e30a@group-5F5D2E7DBE31: start as a follower, conf=-1: [50e45688-d85c-45e8-a8ba-136a1a73e30a:192.168.151.106:37283], old=null
2019-09-25 07:27:37,115 [pool-57-thread-1] INFO  impl.RaftServerImpl (RaftServerImpl.java:setRole(174)) - 50e45688-d85c-45e8-a8ba-136a1a73e30a@group-5F5D2E7DBE31: changes role from      null to FOLLOWER at term 0 for startAsFollower
2019-09-25 07:27:37,115 [pool-57-thread-1] INFO  impl.RoleInfo (RoleInfo.java:updateAndGet(143)) - 50e45688-d85c-45e8-a8ba-136a1a73e30a: start FollowerState
2019-09-25 07:27:37,116 [pool-57-thread-1] INFO  util.JmxRegister (JmxRegister.java:tryRegister(44)) - Successfully registered JMX Bean with object name Ratis:service=RaftServer,group=group-5F5D2E7DBE31,id=50e45688-d85c-45e8-a8ba-136a1a73e30a
2019-09-25 07:27:37,123 [RatisPipelineUtilsThread] INFO  pipeline.PipelineStateManager (PipelineStateManager.java:addPipeline(56)) - Created pipeline Pipeline[ Id: 53925aee-74f8-4a5a-8696-5f5d2e7dbe31, Nodes: 50e45688-d85c-45e8-a8ba-136a1a73e30a{ip: 192.168.151.106, host: pr-hdds-1569-x2sr2-3486766547, networkLocation: /default-rack, certSerialId: null}, Type:RATIS, Factor:ONE, State:OPEN]
2019-09-25 07:27:37,123 [RatisPipelineUtilsThread] INFO  pipeline.PipelinePlacementPolicy (PipelinePlacementPolicy.java:meetCriteria(91)) - Pipeline Placement: can't place more pipeline on heavy datanode： ac29337b-1f05-44ab-baf7-0ad511ed26a1 Heaviness: 6 limit: 5
2019-09-25 07:27:37,123 [RatisPipelineUtilsThread] INFO  pipeline.PipelinePlacementPolicy (PipelinePlacementPolicy.java:meetCriteria(91)) - Pipeline Placement: can't place more pipeline on heavy datanode： d2544423-6c63-4eb7-9d0a-bffb9f2b5023 Heaviness: 6 limit: 5
2019-09-25 07:27:37,149 [grpc-default-executor-0] INFO  impl.RaftServerProxy (RaftServerProxy.java:addNew(89)) - 253df5dc-ab25-4be3-9607-c7ead1a3aece: addNew group-7A39CDF84EEF:[253df5dc-ab25-4be3-9607-c7ead1a3aece:192.168.151.106:34913] returns group-7A39CDF84EEF:java.util.concurrent.CompletableFuture@4fba7b96[Not completed]
2019-09-25 07:27:37,151 [pool-107-thread-1] INFO  impl.RaftServerImpl (RaftServerImpl.java:<init>(95)) - 253df5dc-ab25-4be3-9607-c7ead1a3aece: new RaftServerImpl for group-7A39CDF84EEF:[253df5dc-ab25-4be3-9607-c7ead1a3aece:192.168.151.106:34913] with ContainerStateMachine:uninitialized
2019-09-25 07:27:37,151 [pool-107-thread-1] INFO  server.RaftServerConfigKeys (ConfUtils.java:logGet(43)) - raft.server.rpc.timeout.min = 5s (custom)
2019-09-25 07:27:37,151 [pool-107-thread-1] INFO  server.RaftServerConfigKeys (ConfUtils.java:logGet(43)) - raft.server.rpc.timeout.max = 5200ms (custom)
2019-09-25 07:27:37,151 [pool-107-thread-1] INFO  server.RaftServerConfigKeys (ConfUtils.java:logGet(43)) - raft.server.rpcslowness.timeout = 120s (custom)
2019-09-25 07:27:37,151 [pool-107-thread-1] INFO  server.RaftServerConfigKeys (ConfUtils.java:logGet(43)) - raft.server.sleep.deviation.threshold = 300 (default)
2019-09-25 07:27:37,151 [pool-107-thread-1] INFO  server.RaftServerConfigKeys (ConfUtils.java:logGet(43)) - raft.server.log.appender.install.snapshot.enabled = false (custom)
2019-09-25 07:27:37,152 [pool-107-thread-1] INFO  impl.RaftServerImpl (ServerState.java:<init>(103)) - 253df5dc-ab25-4be3-9607-c7ead1a3aece@group-7A39CDF84EEF: ConfigurationManager, init=-1: [253df5dc-ab25-4be3-9607-c7ead1a3aece:192.168.151.106:34913], old=null, confs=<EMPTY_MAP>
2019-09-25 07:27:37,152 [pool-107-thread-1] INFO  server.RaftServerConfigKeys (ConfUtils.java:logGet(43)) - raft.server.storage.dir = [/workdir/hadoop-ozone/ozonefs/target/test-dir/MiniOzoneClusterImpl-336849c0-54e0-42a2-92e3-a8dd7e6e8d6a/datanode-8/data/ratis] (custom)
2019-09-25 07:27:37,152 [pool-107-thread-1] INFO  storage.RaftStorageDirectory (RaftStorageDirectory.java:analyzeStorage(246)) - The storage directory /workdir/hadoop-ozone/ozonefs/target/test-dir/MiniOzoneClusterImpl-336849c0-54e0-42a2-92e3-a8dd7e6e8d6a/datanode-8/data/ratis/ad4d4142-bc30-4133-9fd6-7a39cdf84eef does not exist. Creating ...
2019-09-25 07:27:37,165 [pool-107-thread-1] INFO  storage.RaftStorageDirectory (RaftStorageDirectory.java:tryLock(328)) - Lock on /workdir/hadoop-ozone/ozonefs/target/test-dir/MiniOzoneClusterImpl-336849c0-54e0-42a2-92e3-a8dd7e6e8d6a/datanode-8/data/ratis/ad4d4142-bc30-4133-9fd6-7a39cdf84eef/in_use.lock acquired by nodename 14720@pr-hdds-1569-x2sr2-3486766547
2019-09-25 07:27:37,178 [pool-107-thread-1] INFO  storage.RaftStorage (RaftStorage.java:format(72)) - Storage directory /workdir/hadoop-ozone/ozonefs/target/test-dir/MiniOzoneClusterImpl-336849c0-54e0-42a2-92e3-a8dd7e6e8d6a/datanode-8/data/ratis/ad4d4142-bc30-4133-9fd6-7a39cdf84eef has been successfully formatted.
2019-09-25 07:27:37,181 [pool-107-thread-1] INFO  ratis.ContainerStateMachine (ContainerStateMachine.java:loadSnapshot(230)) - group-7A39CDF84EEF: The snapshot info is null. Setting the last applied indexto:(t:0, i:~)
2019-09-25 07:27:37,181 [pool-107-thread-1] INFO  server.RaftServerConfigKeys (ConfUtils.java:logGet(43)) - raft.server.notification.no-leader.timeout = 120s (custom)
2019-09-25 07:27:37,181 [pool-107-thread-1] INFO  server.RaftServerConfigKeys (ConfUtils.java:logGet(43)) - raft.server.log.use.memory = false (default)
2019-09-25 07:27:37,181 [pool-107-thread-1] INFO  server.RaftServerConfigKeys (ConfUtils.java:logGet(43)) - raft.server.log.purge.gap = 1000000 (custom)
2019-09-25 07:27:37,181 [pool-107-thread-1] INFO  server.RaftServerConfigKeys (ConfUtils.java:logGet(43)) - raft.server.log.appender.buffer.byte-limit = 33554432 (custom)
2019-09-25 07:27:37,182 [pool-107-thread-1] INFO  server.RaftServerConfigKeys (ConfUtils.java:logGet(43)) - raft.server.log.segment.size.max = 1048576 (custom)
2019-09-25 07:27:37,182 [pool-107-thread-1] INFO  server.RaftServerConfigKeys (ConfUtils.java:logGet(43)) - raft.server.log.segment.cache.num.max = 2 (custom)
2019-09-25 07:27:37,182 [pool-107-thread-1] INFO  segmented.SegmentedRaftLogWorker (SegmentedRaftLogWorker.java:<init>(172)) - new 253df5dc-ab25-4be3-9607-c7ead1a3aece@group-7A39CDF84EEF-SegmentedRaftLogWorker for RaftStorage:Storage Directory /workdir/hadoop-ozone/ozonefs/target/test-dir/MiniOzoneClusterImpl-336849c0-54e0-42a2-92e3-a8dd7e6e8d6a/datanode-8/data/ratis/ad4d4142-bc30-4133-9fd6-7a39cdf84eef
2019-09-25 07:27:37,182 [pool-107-thread-1] INFO  server.RaftServerConfigKeys (ConfUtils.java:logGet(43)) - raft.server.log.queue.byte-limit = 2147483647 (custom)
2019-09-25 07:27:37,182 [pool-107-thread-1] INFO  server.RaftServerConfigKeys (ConfUtils.java:logGet(43)) - raft.server.log.queue.element-limit = 1024 (custom)
2019-09-25 07:27:37,182 [pool-107-thread-1] INFO  server.RaftServerConfigKeys (ConfUtils.java:logGet(43)) - raft.server.log.segment.size.max = 1048576 (custom)
2019-09-25 07:27:37,182 [pool-107-thread-1] INFO  server.RaftServerConfigKeys (ConfUtils.java:logGet(43)) - raft.server.log.preallocated.size = 16384 (custom)
2019-09-25 07:27:37,183 [pool-107-thread-1] INFO  server.RaftServerConfigKeys (ConfUtils.java:logGet(43)) - raft.server.log.write.buffer.size = 33554432 (custom)
2019-09-25 07:27:37,183 [pool-107-thread-1] INFO  server.RaftServerConfigKeys (ConfUtils.java:logGet(43)) - raft.server.log.force.sync.num = 128 (default)
2019-09-25 07:27:37,183 [pool-107-thread-1] INFO  server.RaftServerConfigKeys (ConfUtils.java:logGet(43)) - raft.server.log.statemachine.data.sync = true (default)
2019-09-25 07:27:37,183 [pool-107-thread-1] INFO  server.RaftServerConfigKeys (ConfUtils.java:logGet(43)) - raft.server.log.statemachine.data.sync.timeout = 10s (default)
2019-09-25 07:27:37,183 [pool-107-thread-1] INFO  server.RaftServerConfigKeys (ConfUtils.java:logGet(43)) - raft.server.log.statemachine.data.sync.timeout.retry = -1 (default)
2019-09-25 07:27:37,183 [pool-107-thread-1] INFO  server.RaftServerConfigKeys (ConfUtils.java:logGet(43)) - raft.server.log.statemachine.data.caching.enabled = true (custom)
2019-09-25 07:27:37,184 [pool-107-thread-1] INFO  segmented.SegmentedRaftLogWorker (SegmentedRaftLogWorker.java:lambda$new$0(132)) - 253df5dc-ab25-4be3-9607-c7ead1a3aece@group-7A39CDF84EEF-SegmentedRaftLogWorker: flushIndex: setUnconditionally 0 -> -1
2019-09-25 07:27:37,184 [pool-107-thread-1] INFO  server.RaftServerConfigKeys (ConfUtils.java:logGet(43)) - raft.server.snapshot.auto.trigger.enabled = true (custom)
2019-09-25 07:27:37,184 [pool-107-thread-1] INFO  server.RaftServerConfigKeys (ConfUtils.java:logGet(43)) - raft.server.snapshot.auto.trigger.threshold = 10000 (custom)
2019-09-25 07:27:37,184 [pool-107-thread-1] INFO  server.RaftServerConfigKeys (ConfUtils.java:logGet(43)) - raft.server.snapshot.retention.num.files = 5 (custom)
2019-09-25 07:27:37,185 [pool-107-thread-1] INFO  server.RaftServerConfigKeys (ConfUtils.java:logGet(43)) - raft.server.retrycache.expirytime = 600000ms (custom)
2019-09-25 07:27:37,187 [pool-107-thread-1] INFO  impl.RaftServerImpl (RaftServerImpl.java:start(185)) - 253df5dc-ab25-4be3-9607-c7ead1a3aece@group-7A39CDF84EEF: start as a follower, conf=-1: [253df5dc-ab25-4be3-9607-c7ead1a3aece:192.168.151.106:34913], old=null
2019-09-25 07:27:37,187 [pool-107-thread-1] INFO  impl.RaftServerImpl (RaftServerImpl.java:setRole(174)) - 253df5dc-ab25-4be3-9607-c7ead1a3aece@group-7A39CDF84EEF: changes role from      null to FOLLOWER at term 0 for startAsFollower
2019-09-25 07:27:37,187 [pool-107-thread-1] INFO  impl.RoleInfo (RoleInfo.java:updateAndGet(143)) - 253df5dc-ab25-4be3-9607-c7ead1a3aece: start FollowerState
2019-09-25 07:27:37,197 [pool-107-thread-1] INFO  util.JmxRegister (JmxRegister.java:tryRegister(44)) - Successfully registered JMX Bean with object name Ratis:service=RaftServer,group=group-7A39CDF84EEF,id=253df5dc-ab25-4be3-9607-c7ead1a3aece
2019-09-25 07:27:37,219 [RatisPipelineUtilsThread] INFO  pipeline.PipelineStateManager (PipelineStateManager.java:addPipeline(56)) - Created pipeline Pipeline[ Id: ad4d4142-bc30-4133-9fd6-7a39cdf84eef, Nodes: 253df5dc-ab25-4be3-9607-c7ead1a3aece{ip: 192.168.151.106, host: pr-hdds-1569-x2sr2-3486766547, networkLocation: /default-rack, certSerialId: null}, Type:RATIS, Factor:ONE, State:OPEN]
2019-09-25 07:27:37,220 [RatisPipelineUtilsThread] INFO  pipeline.PipelinePlacementPolicy (PipelinePlacementPolicy.java:meetCriteria(91)) - Pipeline Placement: can't place more pipeline on heavy datanode： ac29337b-1f05-44ab-baf7-0ad511ed26a1 Heaviness: 6 limit: 5
2019-09-25 07:27:37,220 [RatisPipelineUtilsThread] INFO  pipeline.PipelinePlacementPolicy (PipelinePlacementPolicy.java:meetCriteria(91)) - Pipeline Placement: can't place more pipeline on heavy datanode： 253df5dc-ab25-4be3-9607-c7ead1a3aece Heaviness: 6 limit: 5
2019-09-25 07:27:37,220 [RatisPipelineUtilsThread] INFO  pipeline.PipelinePlacementPolicy (PipelinePlacementPolicy.java:meetCriteria(91)) - Pipeline Placement: can't place more pipeline on heavy datanode： d2544423-6c63-4eb7-9d0a-bffb9f2b5023 Heaviness: 6 limit: 5
2019-09-25 07:27:37,227 [grpc-default-executor-0] INFO  impl.RaftServerProxy (RaftServerProxy.java:addNew(89)) - c642d074-6234-4917-85d3-a38353a695f7: addNew group-92148670E2AB:[c642d074-6234-4917-85d3-a38353a695f7:192.168.151.106:41023] returns group-92148670E2AB:java.util.concurrent.CompletableFuture@19153d34[Not completed]
2019-09-25 07:27:37,228 [pool-47-thread-1] INFO  impl.RaftServerImpl (RaftServerImpl.java:<init>(95)) - c642d074-6234-4917-85d3-a38353a695f7: new RaftServerImpl for group-92148670E2AB:[c642d074-6234-4917-85d3-a38353a695f7:192.168.151.106:41023] with ContainerStateMachine:uninitialized
2019-09-25 07:27:37,228 [pool-47-thread-1] INFO  server.RaftServerConfigKeys (ConfUtils.java:logGet(43)) - raft.server.rpc.timeout.min = 5s (custom)
2019-09-25 07:27:37,228 [pool-47-thread-1] INFO  server.RaftServerConfigKeys (ConfUtils.java:logGet(43)) - raft.server.rpc.timeout.max = 5200ms (custom)
2019-09-25 07:27:37,229 [pool-47-thread-1] INFO  server.RaftServerConfigKeys (ConfUtils.java:logGet(43)) - raft.server.rpcslowness.timeout = 120s (custom)
2019-09-25 07:27:37,229 [pool-47-thread-1] INFO  server.RaftServerConfigKeys (ConfUtils.java:logGet(43)) - raft.server.sleep.deviation.threshold = 300 (default)
2019-09-25 07:27:37,229 [pool-47-thread-1] INFO  server.RaftServerConfigKeys (ConfUtils.java:logGet(43)) - raft.server.log.appender.install.snapshot.enabled = false (custom)
2019-09-25 07:27:37,229 [pool-47-thread-1] INFO  impl.RaftServerImpl (ServerState.java:<init>(103)) - c642d074-6234-4917-85d3-a38353a695f7@group-92148670E2AB: ConfigurationManager, init=-1: [c642d074-6234-4917-85d3-a38353a695f7:192.168.151.106:41023], old=null, confs=<EMPTY_MAP>
2019-09-25 07:27:37,229 [pool-47-thread-1] INFO  server.RaftServerConfigKeys (ConfUtils.java:logGet(43)) - raft.server.storage.dir = [/workdir/hadoop-ozone/ozonefs/target/test-dir/MiniOzoneClusterImpl-336849c0-54e0-42a2-92e3-a8dd7e6e8d6a/datanode-2/data/ratis] (custom)
2019-09-25 07:27:37,230 [pool-47-thread-1] INFO  storage.RaftStorageDirectory (RaftStorageDirectory.java:analyzeStorage(246)) - The storage directory /workdir/hadoop-ozone/ozonefs/target/test-dir/MiniOzoneClusterImpl-336849c0-54e0-42a2-92e3-a8dd7e6e8d6a/datanode-2/data/ratis/d90dc22d-fa10-49ee-bcf3-92148670e2ab does not exist. Creating ...
2019-09-25 07:27:37,254 [pool-47-thread-1] INFO  storage.RaftStorageDirectory (RaftStorageDirectory.java:tryLock(328)) - Lock on /workdir/hadoop-ozone/ozonefs/target/test-dir/MiniOzoneClusterImpl-336849c0-54e0-42a2-92e3-a8dd7e6e8d6a/datanode-2/data/ratis/d90dc22d-fa10-49ee-bcf3-92148670e2ab/in_use.lock acquired by nodename 14720@pr-hdds-1569-x2sr2-3486766547
2019-09-25 07:27:37,258 [Thread-285] INFO  impl.FollowerState (FollowerState.java:run(106)) - ac29337b-1f05-44ab-baf7-0ad511ed26a1:group-457751D65746 changes to CANDIDATE, lastRpcTime:5115, electionTimeout:5112ms
2019-09-25 07:27:37,260 [Thread-285] INFO  impl.RoleInfo (RoleInfo.java:shutdownFollowerState(121)) - ac29337b-1f05-44ab-baf7-0ad511ed26a1: shutdown FollowerState
2019-09-25 07:27:37,261 [Thread-285] INFO  impl.RaftServerImpl (RaftServerImpl.java:setRole(174)) - ac29337b-1f05-44ab-baf7-0ad511ed26a1@group-457751D65746: changes role from  FOLLOWER to CANDIDATE at term 0 for changeToCandidate
2019-09-25 07:27:37,264 [Thread-285] INFO  impl.RoleInfo (RoleInfo.java:updateAndGet(143)) - ac29337b-1f05-44ab-baf7-0ad511ed26a1: start LeaderElection
2019-09-25 07:27:37,268 [pool-47-thread-1] INFO  storage.RaftStorage (RaftStorage.java:format(72)) - Storage directory /workdir/hadoop-ozone/ozonefs/target/test-dir/MiniOzoneClusterImpl-336849c0-54e0-42a2-92e3-a8dd7e6e8d6a/datanode-2/data/ratis/d90dc22d-fa10-49ee-bcf3-92148670e2ab has been successfully formatted.
2019-09-25 07:27:37,285 [ac29337b-1f05-44ab-baf7-0ad511ed26a1@group-457751D65746:LeaderElection1] INFO  impl.LeaderElection (LeaderElection.java:askForVotes(182)) - ac29337b-1f05-44ab-baf7-0ad511ed26a1@group-457751D65746:LeaderElection1: begin an election at term 1 for -1: [ac29337b-1f05-44ab-baf7-0ad511ed26a1:192.168.151.106:37931], old=null
2019-09-25 07:27:37,287 [ac29337b-1f05-44ab-baf7-0ad511ed26a1@group-457751D65746:LeaderElection1] INFO  impl.RoleInfo (RoleInfo.java:shutdownLeaderElection(134)) - ac29337b-1f05-44ab-baf7-0ad511ed26a1: shutdown LeaderElection
2019-09-25 07:27:37,288 [ac29337b-1f05-44ab-baf7-0ad511ed26a1@group-457751D65746:LeaderElection1] INFO  impl.RaftServerImpl (RaftServerImpl.java:setRole(174)) - ac29337b-1f05-44ab-baf7-0ad511ed26a1@group-457751D65746: changes role from CANDIDATE to LEADER at term 1 for changeToLeader
2019-09-25 07:27:37,288 [ac29337b-1f05-44ab-baf7-0ad511ed26a1@group-457751D65746:LeaderElection1] INFO  impl.RaftServerImpl (ServerState.java:setLeader(253)) - ac29337b-1f05-44ab-baf7-0ad511ed26a1@group-457751D65746: change Leader from null to ac29337b-1f05-44ab-baf7-0ad511ed26a1 at term 1 for becomeLeader, leader elected after 5270ms
2019-09-25 07:27:37,289 [pool-47-thread-1] INFO  ratis.ContainerStateMachine (ContainerStateMachine.java:loadSnapshot(230)) - group-92148670E2AB: The snapshot info is null. Setting the last applied indexto:(t:0, i:~)
2019-09-25 07:27:37,289 [pool-47-thread-1] INFO  server.RaftServerConfigKeys (ConfUtils.java:logGet(43)) - raft.server.notification.no-leader.timeout = 120s (custom)
2019-09-25 07:27:37,289 [pool-47-thread-1] INFO  server.RaftServerConfigKeys (ConfUtils.java:logGet(43)) - raft.server.log.use.memory = false (default)
2019-09-25 07:27:37,289 [pool-47-thread-1] INFO  server.RaftServerConfigKeys (ConfUtils.java:logGet(43)) - raft.server.log.purge.gap = 1000000 (custom)
2019-09-25 07:27:37,290 [pool-47-thread-1] INFO  server.RaftServerConfigKeys (ConfUtils.java:logGet(43)) - raft.server.log.appender.buffer.byte-limit = 33554432 (custom)
2019-09-25 07:27:37,290 [pool-47-thread-1] INFO  server.RaftServerConfigKeys (ConfUtils.java:logGet(43)) - raft.server.log.segment.size.max = 1048576 (custom)
2019-09-25 07:27:37,290 [pool-47-thread-1] INFO  server.RaftServerConfigKeys (ConfUtils.java:logGet(43)) - raft.server.log.segment.cache.num.max = 2 (custom)
2019-09-25 07:27:37,290 [pool-47-thread-1] INFO  segmented.SegmentedRaftLogWorker (SegmentedRaftLogWorker.java:<init>(172)) - new c642d074-6234-4917-85d3-a38353a695f7@group-92148670E2AB-SegmentedRaftLogWorker for RaftStorage:Storage Directory /workdir/hadoop-ozone/ozonefs/target/test-dir/MiniOzoneClusterImpl-336849c0-54e0-42a2-92e3-a8dd7e6e8d6a/datanode-2/data/ratis/d90dc22d-fa10-49ee-bcf3-92148670e2ab
2019-09-25 07:27:37,290 [pool-47-thread-1] INFO  server.RaftServerConfigKeys (ConfUtils.java:logGet(43)) - raft.server.log.queue.byte-limit = 2147483647 (custom)
2019-09-25 07:27:37,290 [pool-47-thread-1] INFO  server.RaftServerConfigKeys (ConfUtils.java:logGet(43)) - raft.server.log.queue.element-limit = 1024 (custom)
2019-09-25 07:27:37,291 [pool-47-thread-1] INFO  server.RaftServerConfigKeys (ConfUtils.java:logGet(43)) - raft.server.log.segment.size.max = 1048576 (custom)
2019-09-25 07:27:37,291 [pool-47-thread-1] INFO  server.RaftServerConfigKeys (ConfUtils.java:logGet(43)) - raft.server.log.preallocated.size = 16384 (custom)
2019-09-25 07:27:37,291 [pool-47-thread-1] INFO  server.RaftServerConfigKeys (ConfUtils.java:logGet(43)) - raft.server.log.write.buffer.size = 33554432 (custom)
2019-09-25 07:27:37,291 [pool-47-thread-1] INFO  server.RaftServerConfigKeys (ConfUtils.java:logGet(43)) - raft.server.log.force.sync.num = 128 (default)
2019-09-25 07:27:37,291 [pool-47-thread-1] INFO  server.RaftServerConfigKeys (ConfUtils.java:logGet(43)) - raft.server.log.statemachine.data.sync = true (default)
2019-09-25 07:27:37,291 [pool-47-thread-1] INFO  server.RaftServerConfigKeys (ConfUtils.java:logGet(43)) - raft.server.log.statemachine.data.sync.timeout = 10s (default)
2019-09-25 07:27:37,291 [pool-47-thread-1] INFO  server.RaftServerConfigKeys (ConfUtils.java:logGet(43)) - raft.server.log.statemachine.data.sync.timeout.retry = -1 (default)
2019-09-25 07:27:37,292 [pool-47-thread-1] INFO  server.RaftServerConfigKeys (ConfUtils.java:logGet(43)) - raft.server.log.statemachine.data.caching.enabled = true (custom)
2019-09-25 07:27:37,292 [pool-47-thread-1] INFO  segmented.SegmentedRaftLogWorker (SegmentedRaftLogWorker.java:lambda$new$0(132)) - c642d074-6234-4917-85d3-a38353a695f7@group-92148670E2AB-SegmentedRaftLogWorker: flushIndex: setUnconditionally 0 -> -1
2019-09-25 07:27:37,292 [pool-47-thread-1] INFO  server.RaftServerConfigKeys (ConfUtils.java:logGet(43)) - raft.server.snapshot.auto.trigger.enabled = true (custom)
2019-09-25 07:27:37,293 [pool-47-thread-1] INFO  server.RaftServerConfigKeys (ConfUtils.java:logGet(43)) - raft.server.snapshot.auto.trigger.threshold = 10000 (custom)
2019-09-25 07:27:37,293 [pool-47-thread-1] INFO  server.RaftServerConfigKeys (ConfUtils.java:logGet(43)) - raft.server.snapshot.retention.num.files = 5 (custom)
2019-09-25 07:27:37,293 [pool-47-thread-1] INFO  server.RaftServerConfigKeys (ConfUtils.java:logGet(43)) - raft.server.retrycache.expirytime = 600000ms (custom)
2019-09-25 07:27:37,295 [ac29337b-1f05-44ab-baf7-0ad511ed26a1@group-457751D65746:LeaderElection1] INFO  server.RaftServerConfigKeys (ConfUtils.java:logGet(43)) - raft.server.staging.catchup.gap = 1000 (default)
2019-09-25 07:27:37,296 [ac29337b-1f05-44ab-baf7-0ad511ed26a1@group-457751D65746:LeaderElection1] INFO  server.RaftServerConfigKeys (ConfUtils.java:logGet(43)) - raft.server.rpc.sleep.time = 25ms (default)
2019-09-25 07:27:37,296 [pool-47-thread-1] INFO  impl.RaftServerImpl (RaftServerImpl.java:start(185)) - c642d074-6234-4917-85d3-a38353a695f7@group-92148670E2AB: start as a follower, conf=-1: [c642d074-6234-4917-85d3-a38353a695f7:192.168.151.106:41023], old=null
2019-09-25 07:27:37,296 [pool-47-thread-1] INFO  impl.RaftServerImpl (RaftServerImpl.java:setRole(174)) - c642d074-6234-4917-85d3-a38353a695f7@group-92148670E2AB: changes role from      null to FOLLOWER at term 0 for startAsFollower
2019-09-25 07:27:37,297 [pool-47-thread-1] INFO  impl.RoleInfo (RoleInfo.java:updateAndGet(143)) - c642d074-6234-4917-85d3-a38353a695f7: start FollowerState
2019-09-25 07:27:37,297 [pool-47-thread-1] INFO  util.JmxRegister (JmxRegister.java:tryRegister(44)) - Successfully registered JMX Bean with object name Ratis:service=RaftServer,group=group-92148670E2AB,id=c642d074-6234-4917-85d3-a38353a695f7
2019-09-25 07:27:37,300 [ac29337b-1f05-44ab-baf7-0ad511ed26a1@group-457751D65746:LeaderElection1] INFO  server.RaftServerConfigKeys (ConfUtils.java:logGet(43)) - raft.server.write.element-limit = 4096 (default)
2019-09-25 07:27:37,301 [RatisPipelineUtilsThread] INFO  pipeline.PipelineStateManager (PipelineStateManager.java:addPipeline(56)) - Created pipeline Pipeline[ Id: d90dc22d-fa10-49ee-bcf3-92148670e2ab, Nodes: c642d074-6234-4917-85d3-a38353a695f7{ip: 192.168.151.106, host: pr-hdds-1569-x2sr2-3486766547, networkLocation: /default-rack, certSerialId: null}, Type:RATIS, Factor:ONE, State:OPEN]
2019-09-25 07:27:37,301 [RatisPipelineUtilsThread] INFO  pipeline.PipelinePlacementPolicy (PipelinePlacementPolicy.java:meetCriteria(91)) - Pipeline Placement: can't place more pipeline on heavy datanode： ac29337b-1f05-44ab-baf7-0ad511ed26a1 Heaviness: 6 limit: 5
2019-09-25 07:27:37,301 [RatisPipelineUtilsThread] INFO  pipeline.PipelinePlacementPolicy (PipelinePlacementPolicy.java:meetCriteria(91)) - Pipeline Placement: can't place more pipeline on heavy datanode： 253df5dc-ab25-4be3-9607-c7ead1a3aece Heaviness: 6 limit: 5
2019-09-25 07:27:37,301 [RatisPipelineUtilsThread] INFO  pipeline.PipelinePlacementPolicy (PipelinePlacementPolicy.java:meetCriteria(91)) - Pipeline Placement: can't place more pipeline on heavy datanode： d2544423-6c63-4eb7-9d0a-bffb9f2b5023 Heaviness: 6 limit: 5
2019-09-25 07:27:37,305 [ac29337b-1f05-44ab-baf7-0ad511ed26a1@group-457751D65746:LeaderElection1] INFO  server.RaftServerConfigKeys (ConfUtils.java:logGet(43)) - raft.server.watch.timeout = 10s (default)
2019-09-25 07:27:37,305 [ac29337b-1f05-44ab-baf7-0ad511ed26a1@group-457751D65746:LeaderElection1] INFO  server.RaftServerConfigKeys (ConfUtils.java:logGet(43)) - raft.server.watch.timeout.denomination = 1s (default)
2019-09-25 07:27:37,306 [ac29337b-1f05-44ab-baf7-0ad511ed26a1@group-457751D65746:LeaderElection1] INFO  server.RaftServerConfigKeys (ConfUtils.java:logGet(43)) - raft.server.watch.element-limit = 65536 (default)
2019-09-25 07:27:37,309 [grpc-default-executor-0] INFO  impl.RaftServerProxy (RaftServerProxy.java:addNew(89)) - 600943d5-c424-432f-84b9-a00c1c65f122: addNew group-C76149BB5BD2:[600943d5-c424-432f-84b9-a00c1c65f122:192.168.151.106:33383] returns group-C76149BB5BD2:java.util.concurrent.CompletableFuture@41836d31[Not completed]
2019-09-25 07:27:37,313 [pool-87-thread-1] INFO  impl.RaftServerImpl (RaftServerImpl.java:<init>(95)) - 600943d5-c424-432f-84b9-a00c1c65f122: new RaftServerImpl for group-C76149BB5BD2:[600943d5-c424-432f-84b9-a00c1c65f122:192.168.151.106:33383] with ContainerStateMachine:uninitialized
2019-09-25 07:27:37,313 [pool-87-thread-1] INFO  server.RaftServerConfigKeys (ConfUtils.java:logGet(43)) - raft.server.rpc.timeout.min = 5s (custom)
2019-09-25 07:27:37,313 [pool-87-thread-1] INFO  server.RaftServerConfigKeys (ConfUtils.java:logGet(43)) - raft.server.rpc.timeout.max = 5200ms (custom)
2019-09-25 07:27:37,313 [pool-87-thread-1] INFO  server.RaftServerConfigKeys (ConfUtils.java:logGet(43)) - raft.server.rpcslowness.timeout = 120s (custom)
2019-09-25 07:27:37,314 [pool-87-thread-1] INFO  server.RaftServerConfigKeys (ConfUtils.java:logGet(43)) - raft.server.sleep.deviation.threshold = 300 (default)
2019-09-25 07:27:37,314 [pool-87-thread-1] INFO  server.RaftServerConfigKeys (ConfUtils.java:logGet(43)) - raft.server.log.appender.install.snapshot.enabled = false (custom)
2019-09-25 07:27:37,314 [pool-87-thread-1] INFO  impl.RaftServerImpl (ServerState.java:<init>(103)) - 600943d5-c424-432f-84b9-a00c1c65f122@group-C76149BB5BD2: ConfigurationManager, init=-1: [600943d5-c424-432f-84b9-a00c1c65f122:192.168.151.106:33383], old=null, confs=<EMPTY_MAP>
2019-09-25 07:27:37,314 [pool-87-thread-1] INFO  server.RaftServerConfigKeys (ConfUtils.java:logGet(43)) - raft.server.storage.dir = [/workdir/hadoop-ozone/ozonefs/target/test-dir/MiniOzoneClusterImpl-336849c0-54e0-42a2-92e3-a8dd7e6e8d6a/datanode-6/data/ratis] (custom)
2019-09-25 07:27:37,314 [pool-87-thread-1] INFO  storage.RaftStorageDirectory (RaftStorageDirectory.java:analyzeStorage(246)) - The storage directory /workdir/hadoop-ozone/ozonefs/target/test-dir/MiniOzoneClusterImpl-336849c0-54e0-42a2-92e3-a8dd7e6e8d6a/datanode-6/data/ratis/30b73383-cbe8-4b40-b52b-c76149bb5bd2 does not exist. Creating ...
2019-09-25 07:27:37,325 [ac29337b-1f05-44ab-baf7-0ad511ed26a1@group-457751D65746:LeaderElection1] INFO  impl.RoleInfo (RoleInfo.java:updateAndGet(143)) - ac29337b-1f05-44ab-baf7-0ad511ed26a1: start LeaderState
2019-09-25 07:27:37,338 [pool-87-thread-1] INFO  storage.RaftStorageDirectory (RaftStorageDirectory.java:tryLock(328)) - Lock on /workdir/hadoop-ozone/ozonefs/target/test-dir/MiniOzoneClusterImpl-336849c0-54e0-42a2-92e3-a8dd7e6e8d6a/datanode-6/data/ratis/30b73383-cbe8-4b40-b52b-c76149bb5bd2/in_use.lock acquired by nodename 14720@pr-hdds-1569-x2sr2-3486766547
2019-09-25 07:27:37,353 [pool-87-thread-1] INFO  storage.RaftStorage (RaftStorage.java:format(72)) - Storage directory /workdir/hadoop-ozone/ozonefs/target/test-dir/MiniOzoneClusterImpl-336849c0-54e0-42a2-92e3-a8dd7e6e8d6a/datanode-6/data/ratis/30b73383-cbe8-4b40-b52b-c76149bb5bd2 has been successfully formatted.
2019-09-25 07:27:37,353 [pool-87-thread-1] INFO  ratis.ContainerStateMachine (ContainerStateMachine.java:loadSnapshot(230)) - group-C76149BB5BD2: The snapshot info is null. Setting the last applied indexto:(t:0, i:~)
2019-09-25 07:27:37,354 [pool-87-thread-1] INFO  server.RaftServerConfigKeys (ConfUtils.java:logGet(43)) - raft.server.notification.no-leader.timeout = 120s (custom)
2019-09-25 07:27:37,354 [pool-87-thread-1] INFO  server.RaftServerConfigKeys (ConfUtils.java:logGet(43)) - raft.server.log.use.memory = false (default)
2019-09-25 07:27:37,354 [pool-87-thread-1] INFO  server.RaftServerConfigKeys (ConfUtils.java:logGet(43)) - raft.server.log.purge.gap = 1000000 (custom)
2019-09-25 07:27:37,354 [pool-87-thread-1] INFO  server.RaftServerConfigKeys (ConfUtils.java:logGet(43)) - raft.server.log.appender.buffer.byte-limit = 33554432 (custom)
2019-09-25 07:27:37,354 [pool-87-thread-1] INFO  server.RaftServerConfigKeys (ConfUtils.java:logGet(43)) - raft.server.log.segment.size.max = 1048576 (custom)
2019-09-25 07:27:37,354 [pool-87-thread-1] INFO  server.RaftServerConfigKeys (ConfUtils.java:logGet(43)) - raft.server.log.segment.cache.num.max = 2 (custom)
2019-09-25 07:27:37,354 [pool-87-thread-1] INFO  segmented.SegmentedRaftLogWorker (SegmentedRaftLogWorker.java:<init>(172)) - new 600943d5-c424-432f-84b9-a00c1c65f122@group-C76149BB5BD2-SegmentedRaftLogWorker for RaftStorage:Storage Directory /workdir/hadoop-ozone/ozonefs/target/test-dir/MiniOzoneClusterImpl-336849c0-54e0-42a2-92e3-a8dd7e6e8d6a/datanode-6/data/ratis/30b73383-cbe8-4b40-b52b-c76149bb5bd2
2019-09-25 07:27:37,355 [pool-87-thread-1] INFO  server.RaftServerConfigKeys (ConfUtils.java:logGet(43)) - raft.server.log.queue.byte-limit = 2147483647 (custom)
2019-09-25 07:27:37,355 [pool-87-thread-1] INFO  server.RaftServerConfigKeys (ConfUtils.java:logGet(43)) - raft.server.log.queue.element-limit = 1024 (custom)
2019-09-25 07:27:37,355 [pool-87-thread-1] INFO  server.RaftServerConfigKeys (ConfUtils.java:logGet(43)) - raft.server.log.segment.size.max = 1048576 (custom)
2019-09-25 07:27:37,355 [pool-87-thread-1] INFO  server.RaftServerConfigKeys (ConfUtils.java:logGet(43)) - raft.server.log.preallocated.size = 16384 (custom)
2019-09-25 07:27:37,355 [pool-87-thread-1] INFO  server.RaftServerConfigKeys (ConfUtils.java:logGet(43)) - raft.server.log.write.buffer.size = 33554432 (custom)
2019-09-25 07:27:37,355 [pool-87-thread-1] INFO  server.RaftServerConfigKeys (ConfUtils.java:logGet(43)) - raft.server.log.force.sync.num = 128 (default)
2019-09-25 07:27:37,355 [pool-87-thread-1] INFO  server.RaftServerConfigKeys (ConfUtils.java:logGet(43)) - raft.server.log.statemachine.data.sync = true (default)
2019-09-25 07:27:37,355 [ac29337b-1f05-44ab-baf7-0ad511ed26a1@group-457751D65746:LeaderElection1] INFO  segmented.SegmentedRaftLogWorker (SegmentedRaftLogWorker.java:startLogSegment(380)) - ac29337b-1f05-44ab-baf7-0ad511ed26a1@group-457751D65746-SegmentedRaftLogWorker: Starting segment from index:0
2019-09-25 07:27:37,355 [pool-87-thread-1] INFO  server.RaftServerConfigKeys (ConfUtils.java:logGet(43)) - raft.server.log.statemachine.data.sync.timeout = 10s (default)
2019-09-25 07:27:37,356 [pool-87-thread-1] INFO  server.RaftServerConfigKeys (ConfUtils.java:logGet(43)) - raft.server.log.statemachine.data.sync.timeout.retry = -1 (default)
2019-09-25 07:27:37,356 [pool-87-thread-1] INFO  server.RaftServerConfigKeys (ConfUtils.java:logGet(43)) - raft.server.log.statemachine.data.caching.enabled = true (custom)
2019-09-25 07:27:37,356 [pool-87-thread-1] INFO  segmented.SegmentedRaftLogWorker (SegmentedRaftLogWorker.java:lambda$new$0(132)) - 600943d5-c424-432f-84b9-a00c1c65f122@group-C76149BB5BD2-SegmentedRaftLogWorker: flushIndex: setUnconditionally 0 -> -1
2019-09-25 07:27:37,357 [pool-87-thread-1] INFO  server.RaftServerConfigKeys (ConfUtils.java:logGet(43)) - raft.server.snapshot.auto.trigger.enabled = true (custom)
2019-09-25 07:27:37,357 [pool-87-thread-1] INFO  server.RaftServerConfigKeys (ConfUtils.java:logGet(43)) - raft.server.snapshot.auto.trigger.threshold = 10000 (custom)
2019-09-25 07:27:37,357 [pool-87-thread-1] INFO  server.RaftServerConfigKeys (ConfUtils.java:logGet(43)) - raft.server.snapshot.retention.num.files = 5 (custom)
2019-09-25 07:27:37,357 [pool-87-thread-1] INFO  server.RaftServerConfigKeys (ConfUtils.java:logGet(43)) - raft.server.retrycache.expirytime = 600000ms (custom)
2019-09-25 07:27:37,360 [pool-87-thread-1] INFO  impl.RaftServerImpl (RaftServerImpl.java:start(185)) - 600943d5-c424-432f-84b9-a00c1c65f122@group-C76149BB5BD2: start as a follower, conf=-1: [600943d5-c424-432f-84b9-a00c1c65f122:192.168.151.106:33383], old=null
2019-09-25 07:27:37,360 [pool-87-thread-1] INFO  impl.RaftServerImpl (RaftServerImpl.java:setRole(174)) - 600943d5-c424-432f-84b9-a00c1c65f122@group-C76149BB5BD2: changes role from      null to FOLLOWER at term 0 for startAsFollower
2019-09-25 07:27:37,360 [pool-87-thread-1] INFO  impl.RoleInfo (RoleInfo.java:updateAndGet(143)) - 600943d5-c424-432f-84b9-a00c1c65f122: start FollowerState
2019-09-25 07:27:37,360 [pool-87-thread-1] INFO  util.JmxRegister (JmxRegister.java:tryRegister(44)) - Successfully registered JMX Bean with object name Ratis:service=RaftServer,group=group-C76149BB5BD2,id=600943d5-c424-432f-84b9-a00c1c65f122
2019-09-25 07:27:37,363 [RatisPipelineUtilsThread] INFO  pipeline.PipelineStateManager (PipelineStateManager.java:addPipeline(56)) - Created pipeline Pipeline[ Id: 30b73383-cbe8-4b40-b52b-c76149bb5bd2, Nodes: 600943d5-c424-432f-84b9-a00c1c65f122{ip: 192.168.151.106, host: pr-hdds-1569-x2sr2-3486766547, networkLocation: /default-rack, certSerialId: null}, Type:RATIS, Factor:ONE, State:OPEN]
2019-09-25 07:27:37,364 [RatisPipelineUtilsThread] INFO  pipeline.PipelinePlacementPolicy (PipelinePlacementPolicy.java:meetCriteria(91)) - Pipeline Placement: can't place more pipeline on heavy datanode： ac29337b-1f05-44ab-baf7-0ad511ed26a1 Heaviness: 6 limit: 5
2019-09-25 07:27:37,364 [RatisPipelineUtilsThread] INFO  pipeline.PipelinePlacementPolicy (PipelinePlacementPolicy.java:meetCriteria(91)) - Pipeline Placement: can't place more pipeline on heavy datanode： 253df5dc-ab25-4be3-9607-c7ead1a3aece Heaviness: 6 limit: 5
2019-09-25 07:27:37,364 [RatisPipelineUtilsThread] INFO  pipeline.PipelinePlacementPolicy (PipelinePlacementPolicy.java:meetCriteria(91)) - Pipeline Placement: can't place more pipeline on heavy datanode： d2544423-6c63-4eb7-9d0a-bffb9f2b5023 Heaviness: 6 limit: 5
2019-09-25 07:27:37,366 [ac29337b-1f05-44ab-baf7-0ad511ed26a1@group-457751D65746:LeaderElection1] INFO  impl.RaftServerImpl (ServerState.java:setRaftConf(354)) - ac29337b-1f05-44ab-baf7-0ad511ed26a1@group-457751D65746: set configuration 0: [ac29337b-1f05-44ab-baf7-0ad511ed26a1:192.168.151.106:37931], old=null at 0
2019-09-25 07:27:37,375 [grpc-default-executor-0] INFO  impl.RaftServerProxy (RaftServerProxy.java:addNew(89)) - c642d074-6234-4917-85d3-a38353a695f7: addNew group-6FC448B46C5C:[c642d074-6234-4917-85d3-a38353a695f7:192.168.151.106:41023] returns group-6FC448B46C5C:java.util.concurrent.CompletableFuture@17fbd712[Not completed]
2019-09-25 07:27:37,376 [pool-47-thread-1] INFO  impl.RaftServerImpl (RaftServerImpl.java:<init>(95)) - c642d074-6234-4917-85d3-a38353a695f7: new RaftServerImpl for group-6FC448B46C5C:[c642d074-6234-4917-85d3-a38353a695f7:192.168.151.106:41023] with ContainerStateMachine:uninitialized
2019-09-25 07:27:37,377 [pool-47-thread-1] INFO  server.RaftServerConfigKeys (ConfUtils.java:logGet(43)) - raft.server.rpc.timeout.min = 5s (custom)
2019-09-25 07:27:37,377 [pool-47-thread-1] INFO  server.RaftServerConfigKeys (ConfUtils.java:logGet(43)) - raft.server.rpc.timeout.max = 5200ms (custom)
2019-09-25 07:27:37,377 [pool-47-thread-1] INFO  server.RaftServerConfigKeys (ConfUtils.java:logGet(43)) - raft.server.rpcslowness.timeout = 120s (custom)
2019-09-25 07:27:37,377 [pool-47-thread-1] INFO  server.RaftServerConfigKeys (ConfUtils.java:logGet(43)) - raft.server.sleep.deviation.threshold = 300 (default)
2019-09-25 07:27:37,377 [pool-47-thread-1] INFO  server.RaftServerConfigKeys (ConfUtils.java:logGet(43)) - raft.server.log.appender.install.snapshot.enabled = false (custom)
2019-09-25 07:27:37,377 [pool-47-thread-1] INFO  impl.RaftServerImpl (ServerState.java:<init>(103)) - c642d074-6234-4917-85d3-a38353a695f7@group-6FC448B46C5C: ConfigurationManager, init=-1: [c642d074-6234-4917-85d3-a38353a695f7:192.168.151.106:41023], old=null, confs=<EMPTY_MAP>
2019-09-25 07:27:37,377 [pool-47-thread-1] INFO  server.RaftServerConfigKeys (ConfUtils.java:logGet(43)) - raft.server.storage.dir = [/workdir/hadoop-ozone/ozonefs/target/test-dir/MiniOzoneClusterImpl-336849c0-54e0-42a2-92e3-a8dd7e6e8d6a/datanode-2/data/ratis] (custom)
2019-09-25 07:27:37,378 [pool-47-thread-1] INFO  storage.RaftStorageDirectory (RaftStorageDirectory.java:analyzeStorage(246)) - The storage directory /workdir/hadoop-ozone/ozonefs/target/test-dir/MiniOzoneClusterImpl-336849c0-54e0-42a2-92e3-a8dd7e6e8d6a/datanode-2/data/ratis/c6e6197f-4803-4235-998b-6fc448b46c5c does not exist. Creating ...
2019-09-25 07:27:37,390 [pool-47-thread-1] INFO  storage.RaftStorageDirectory (RaftStorageDirectory.java:tryLock(328)) - Lock on /workdir/hadoop-ozone/ozonefs/target/test-dir/MiniOzoneClusterImpl-336849c0-54e0-42a2-92e3-a8dd7e6e8d6a/datanode-2/data/ratis/c6e6197f-4803-4235-998b-6fc448b46c5c/in_use.lock acquired by nodename 14720@pr-hdds-1569-x2sr2-3486766547
2019-09-25 07:27:37,404 [pool-47-thread-1] INFO  storage.RaftStorage (RaftStorage.java:format(72)) - Storage directory /workdir/hadoop-ozone/ozonefs/target/test-dir/MiniOzoneClusterImpl-336849c0-54e0-42a2-92e3-a8dd7e6e8d6a/datanode-2/data/ratis/c6e6197f-4803-4235-998b-6fc448b46c5c has been successfully formatted.
2019-09-25 07:27:37,404 [pool-47-thread-1] INFO  ratis.ContainerStateMachine (ContainerStateMachine.java:loadSnapshot(230)) - group-6FC448B46C5C: The snapshot info is null. Setting the last applied indexto:(t:0, i:~)
2019-09-25 07:27:37,404 [pool-47-thread-1] INFO  server.RaftServerConfigKeys (ConfUtils.java:logGet(43)) - raft.server.notification.no-leader.timeout = 120s (custom)
2019-09-25 07:27:37,404 [pool-47-thread-1] INFO  server.RaftServerConfigKeys (ConfUtils.java:logGet(43)) - raft.server.log.use.memory = false (default)
2019-09-25 07:27:37,404 [pool-47-thread-1] INFO  server.RaftServerConfigKeys (ConfUtils.java:logGet(43)) - raft.server.log.purge.gap = 1000000 (custom)
2019-09-25 07:27:37,404 [pool-47-thread-1] INFO  server.RaftServerConfigKeys (ConfUtils.java:logGet(43)) - raft.server.log.appender.buffer.byte-limit = 33554432 (custom)
2019-09-25 07:27:37,405 [pool-47-thread-1] INFO  server.RaftServerConfigKeys (ConfUtils.java:logGet(43)) - raft.server.log.segment.size.max = 1048576 (custom)
2019-09-25 07:27:37,405 [pool-47-thread-1] INFO  server.RaftServerConfigKeys (ConfUtils.java:logGet(43)) - raft.server.log.segment.cache.num.max = 2 (custom)
2019-09-25 07:27:37,405 [pool-47-thread-1] INFO  segmented.SegmentedRaftLogWorker (SegmentedRaftLogWorker.java:<init>(172)) - new c642d074-6234-4917-85d3-a38353a695f7@group-6FC448B46C5C-SegmentedRaftLogWorker for RaftStorage:Storage Directory /workdir/hadoop-ozone/ozonefs/target/test-dir/MiniOzoneClusterImpl-336849c0-54e0-42a2-92e3-a8dd7e6e8d6a/datanode-2/data/ratis/c6e6197f-4803-4235-998b-6fc448b46c5c
2019-09-25 07:27:37,405 [pool-47-thread-1] INFO  server.RaftServerConfigKeys (ConfUtils.java:logGet(43)) - raft.server.log.queue.byte-limit = 2147483647 (custom)
2019-09-25 07:27:37,405 [pool-47-thread-1] INFO  server.RaftServerConfigKeys (ConfUtils.java:logGet(43)) - raft.server.log.queue.element-limit = 1024 (custom)
2019-09-25 07:27:37,405 [pool-47-thread-1] INFO  server.RaftServerConfigKeys (ConfUtils.java:logGet(43)) - raft.server.log.segment.size.max = 1048576 (custom)
2019-09-25 07:27:37,405 [pool-47-thread-1] INFO  server.RaftServerConfigKeys (ConfUtils.java:logGet(43)) - raft.server.log.preallocated.size = 16384 (custom)
2019-09-25 07:27:37,406 [pool-47-thread-1] INFO  server.RaftServerConfigKeys (ConfUtils.java:logGet(43)) - raft.server.log.write.buffer.size = 33554432 (custom)
2019-09-25 07:27:37,406 [pool-47-thread-1] INFO  server.RaftServerConfigKeys (ConfUtils.java:logGet(43)) - raft.server.log.force.sync.num = 128 (default)
2019-09-25 07:27:37,406 [pool-47-thread-1] INFO  server.RaftServerConfigKeys (ConfUtils.java:logGet(43)) - raft.server.log.statemachine.data.sync = true (default)
2019-09-25 07:27:37,406 [pool-47-thread-1] INFO  server.RaftServerConfigKeys (ConfUtils.java:logGet(43)) - raft.server.log.statemachine.data.sync.timeout = 10s (default)
2019-09-25 07:27:37,406 [pool-47-thread-1] INFO  server.RaftServerConfigKeys (ConfUtils.java:logGet(43)) - raft.server.log.statemachine.data.sync.timeout.retry = -1 (default)
2019-09-25 07:27:37,406 [pool-47-thread-1] INFO  server.RaftServerConfigKeys (ConfUtils.java:logGet(43)) - raft.server.log.statemachine.data.caching.enabled = true (custom)
2019-09-25 07:27:37,407 [pool-47-thread-1] INFO  segmented.SegmentedRaftLogWorker (SegmentedRaftLogWorker.java:lambda$new$0(132)) - c642d074-6234-4917-85d3-a38353a695f7@group-6FC448B46C5C-SegmentedRaftLogWorker: flushIndex: setUnconditionally 0 -> -1
2019-09-25 07:27:37,407 [pool-47-thread-1] INFO  server.RaftServerConfigKeys (ConfUtils.java:logGet(43)) - raft.server.snapshot.auto.trigger.enabled = true (custom)
2019-09-25 07:27:37,407 [pool-47-thread-1] INFO  server.RaftServerConfigKeys (ConfUtils.java:logGet(43)) - raft.server.snapshot.auto.trigger.threshold = 10000 (custom)
2019-09-25 07:27:37,407 [pool-47-thread-1] INFO  server.RaftServerConfigKeys (ConfUtils.java:logGet(43)) - raft.server.snapshot.retention.num.files = 5 (custom)
2019-09-25 07:27:37,408 [pool-47-thread-1] INFO  server.RaftServerConfigKeys (ConfUtils.java:logGet(43)) - raft.server.retrycache.expirytime = 600000ms (custom)
2019-09-25 07:27:37,410 [pool-47-thread-1] INFO  impl.RaftServerImpl (RaftServerImpl.java:start(185)) - c642d074-6234-4917-85d3-a38353a695f7@group-6FC448B46C5C: start as a follower, conf=-1: [c642d074-6234-4917-85d3-a38353a695f7:192.168.151.106:41023], old=null
2019-09-25 07:27:37,410 [pool-47-thread-1] INFO  impl.RaftServerImpl (RaftServerImpl.java:setRole(174)) - c642d074-6234-4917-85d3-a38353a695f7@group-6FC448B46C5C: changes role from      null to FOLLOWER at term 0 for startAsFollower
2019-09-25 07:27:37,410 [pool-47-thread-1] INFO  impl.RoleInfo (RoleInfo.java:updateAndGet(143)) - c642d074-6234-4917-85d3-a38353a695f7: start FollowerState
2019-09-25 07:27:37,411 [pool-47-thread-1] INFO  util.JmxRegister (JmxRegister.java:tryRegister(44)) - Successfully registered JMX Bean with object name Ratis:service=RaftServer,group=group-6FC448B46C5C,id=c642d074-6234-4917-85d3-a38353a695f7
2019-09-25 07:27:37,414 [RatisPipelineUtilsThread] INFO  pipeline.PipelineStateManager (PipelineStateManager.java:addPipeline(56)) - Created pipeline Pipeline[ Id: c6e6197f-4803-4235-998b-6fc448b46c5c, Nodes: c642d074-6234-4917-85d3-a38353a695f7{ip: 192.168.151.106, host: pr-hdds-1569-x2sr2-3486766547, networkLocation: /default-rack, certSerialId: null}, Type:RATIS, Factor:ONE, State:OPEN]
2019-09-25 07:27:37,414 [RatisPipelineUtilsThread] INFO  pipeline.PipelinePlacementPolicy (PipelinePlacementPolicy.java:meetCriteria(91)) - Pipeline Placement: can't place more pipeline on heavy datanode： ac29337b-1f05-44ab-baf7-0ad511ed26a1 Heaviness: 6 limit: 5
2019-09-25 07:27:37,414 [RatisPipelineUtilsThread] INFO  pipeline.PipelinePlacementPolicy (PipelinePlacementPolicy.java:meetCriteria(91)) - Pipeline Placement: can't place more pipeline on heavy datanode： 253df5dc-ab25-4be3-9607-c7ead1a3aece Heaviness: 6 limit: 5
2019-09-25 07:27:37,415 [RatisPipelineUtilsThread] INFO  pipeline.PipelinePlacementPolicy (PipelinePlacementPolicy.java:meetCriteria(91)) - Pipeline Placement: can't place more pipeline on heavy datanode： d2544423-6c63-4eb7-9d0a-bffb9f2b5023 Heaviness: 6 limit: 5
2019-09-25 07:27:37,421 [grpc-default-executor-0] INFO  impl.RaftServerProxy (RaftServerProxy.java:addNew(89)) - 50e45688-d85c-45e8-a8ba-136a1a73e30a: addNew group-B8F37E3A4916:[50e45688-d85c-45e8-a8ba-136a1a73e30a:192.168.151.106:37283] returns group-B8F37E3A4916:java.util.concurrent.CompletableFuture@5effbe30[Not completed]
2019-09-25 07:27:37,422 [pool-57-thread-1] INFO  impl.RaftServerImpl (RaftServerImpl.java:<init>(95)) - 50e45688-d85c-45e8-a8ba-136a1a73e30a: new RaftServerImpl for group-B8F37E3A4916:[50e45688-d85c-45e8-a8ba-136a1a73e30a:192.168.151.106:37283] with ContainerStateMachine:uninitialized
2019-09-25 07:27:37,422 [pool-57-thread-1] INFO  server.RaftServerConfigKeys (ConfUtils.java:logGet(43)) - raft.server.rpc.timeout.min = 5s (custom)
2019-09-25 07:27:37,423 [pool-57-thread-1] INFO  server.RaftServerConfigKeys (ConfUtils.java:logGet(43)) - raft.server.rpc.timeout.max = 5200ms (custom)
2019-09-25 07:27:37,423 [pool-57-thread-1] INFO  server.RaftServerConfigKeys (ConfUtils.java:logGet(43)) - raft.server.rpcslowness.timeout = 120s (custom)
2019-09-25 07:27:37,423 [pool-57-thread-1] INFO  server.RaftServerConfigKeys (ConfUtils.java:logGet(43)) - raft.server.sleep.deviation.threshold = 300 (default)
2019-09-25 07:27:37,423 [pool-57-thread-1] INFO  server.RaftServerConfigKeys (ConfUtils.java:logGet(43)) - raft.server.log.appender.install.snapshot.enabled = false (custom)
2019-09-25 07:27:37,423 [pool-57-thread-1] INFO  impl.RaftServerImpl (ServerState.java:<init>(103)) - 50e45688-d85c-45e8-a8ba-136a1a73e30a@group-B8F37E3A4916: ConfigurationManager, init=-1: [50e45688-d85c-45e8-a8ba-136a1a73e30a:192.168.151.106:37283], old=null, confs=<EMPTY_MAP>
2019-09-25 07:27:37,423 [pool-57-thread-1] INFO  server.RaftServerConfigKeys (ConfUtils.java:logGet(43)) - raft.server.storage.dir = [/workdir/hadoop-ozone/ozonefs/target/test-dir/MiniOzoneClusterImpl-336849c0-54e0-42a2-92e3-a8dd7e6e8d6a/datanode-3/data/ratis] (custom)
2019-09-25 07:27:37,424 [pool-57-thread-1] INFO  storage.RaftStorageDirectory (RaftStorageDirectory.java:analyzeStorage(246)) - The storage directory /workdir/hadoop-ozone/ozonefs/target/test-dir/MiniOzoneClusterImpl-336849c0-54e0-42a2-92e3-a8dd7e6e8d6a/datanode-3/data/ratis/b478d00d-26b6-432a-a7fa-b8f37e3a4916 does not exist. Creating ...
2019-09-25 07:27:37,442 [pool-57-thread-1] INFO  storage.RaftStorageDirectory (RaftStorageDirectory.java:tryLock(328)) - Lock on /workdir/hadoop-ozone/ozonefs/target/test-dir/MiniOzoneClusterImpl-336849c0-54e0-42a2-92e3-a8dd7e6e8d6a/datanode-3/data/ratis/b478d00d-26b6-432a-a7fa-b8f37e3a4916/in_use.lock acquired by nodename 14720@pr-hdds-1569-x2sr2-3486766547
2019-09-25 07:27:37,463 [pool-57-thread-1] INFO  storage.RaftStorage (RaftStorage.java:format(72)) - Storage directory /workdir/hadoop-ozone/ozonefs/target/test-dir/MiniOzoneClusterImpl-336849c0-54e0-42a2-92e3-a8dd7e6e8d6a/datanode-3/data/ratis/b478d00d-26b6-432a-a7fa-b8f37e3a4916 has been successfully formatted.
2019-09-25 07:27:37,463 [pool-57-thread-1] INFO  ratis.ContainerStateMachine (ContainerStateMachine.java:loadSnapshot(230)) - group-B8F37E3A4916: The snapshot info is null. Setting the last applied indexto:(t:0, i:~)
2019-09-25 07:27:37,463 [pool-57-thread-1] INFO  server.RaftServerConfigKeys (ConfUtils.java:logGet(43)) - raft.server.notification.no-leader.timeout = 120s (custom)
2019-09-25 07:27:37,463 [pool-57-thread-1] INFO  server.RaftServerConfigKeys (ConfUtils.java:logGet(43)) - raft.server.log.use.memory = false (default)
2019-09-25 07:27:37,463 [pool-57-thread-1] INFO  server.RaftServerConfigKeys (ConfUtils.java:logGet(43)) - raft.server.log.purge.gap = 1000000 (custom)
2019-09-25 07:27:37,463 [pool-57-thread-1] INFO  server.RaftServerConfigKeys (ConfUtils.java:logGet(43)) - raft.server.log.appender.buffer.byte-limit = 33554432 (custom)
2019-09-25 07:27:37,464 [pool-57-thread-1] INFO  server.RaftServerConfigKeys (ConfUtils.java:logGet(43)) - raft.server.log.segment.size.max = 1048576 (custom)
2019-09-25 07:27:37,464 [pool-57-thread-1] INFO  server.RaftServerConfigKeys (ConfUtils.java:logGet(43)) - raft.server.log.segment.cache.num.max = 2 (custom)
2019-09-25 07:27:37,464 [pool-57-thread-1] INFO  segmented.SegmentedRaftLogWorker (SegmentedRaftLogWorker.java:<init>(172)) - new 50e45688-d85c-45e8-a8ba-136a1a73e30a@group-B8F37E3A4916-SegmentedRaftLogWorker for RaftStorage:Storage Directory /workdir/hadoop-ozone/ozonefs/target/test-dir/MiniOzoneClusterImpl-336849c0-54e0-42a2-92e3-a8dd7e6e8d6a/datanode-3/data/ratis/b478d00d-26b6-432a-a7fa-b8f37e3a4916
2019-09-25 07:27:37,464 [pool-57-thread-1] INFO  server.RaftServerConfigKeys (ConfUtils.java:logGet(43)) - raft.server.log.queue.byte-limit = 2147483647 (custom)
2019-09-25 07:27:37,464 [pool-57-thread-1] INFO  server.RaftServerConfigKeys (ConfUtils.java:logGet(43)) - raft.server.log.queue.element-limit = 1024 (custom)
2019-09-25 07:27:37,464 [pool-57-thread-1] INFO  server.RaftServerConfigKeys (ConfUtils.java:logGet(43)) - raft.server.log.segment.size.max = 1048576 (custom)
2019-09-25 07:27:37,465 [pool-57-thread-1] INFO  server.RaftServerConfigKeys (ConfUtils.java:logGet(43)) - raft.server.log.preallocated.size = 16384 (custom)
2019-09-25 07:27:37,465 [pool-57-thread-1] INFO  server.RaftServerConfigKeys (ConfUtils.java:logGet(43)) - raft.server.log.write.buffer.size = 33554432 (custom)
2019-09-25 07:27:37,465 [pool-57-thread-1] INFO  server.RaftServerConfigKeys (ConfUtils.java:logGet(43)) - raft.server.log.force.sync.num = 128 (default)
2019-09-25 07:27:37,465 [pool-57-thread-1] INFO  server.RaftServerConfigKeys (ConfUtils.java:logGet(43)) - raft.server.log.statemachine.data.sync = true (default)
2019-09-25 07:27:37,465 [pool-57-thread-1] INFO  server.RaftServerConfigKeys (ConfUtils.java:logGet(43)) - raft.server.log.statemachine.data.sync.timeout = 10s (default)
2019-09-25 07:27:37,465 [pool-57-thread-1] INFO  server.RaftServerConfigKeys (ConfUtils.java:logGet(43)) - raft.server.log.statemachine.data.sync.timeout.retry = -1 (default)
2019-09-25 07:27:37,466 [pool-57-thread-1] INFO  server.RaftServerConfigKeys (ConfUtils.java:logGet(43)) - raft.server.log.statemachine.data.caching.enabled = true (custom)
2019-09-25 07:27:37,466 [pool-57-thread-1] INFO  segmented.SegmentedRaftLogWorker (SegmentedRaftLogWorker.java:lambda$new$0(132)) - 50e45688-d85c-45e8-a8ba-136a1a73e30a@group-B8F37E3A4916-SegmentedRaftLogWorker: flushIndex: setUnconditionally 0 -> -1
2019-09-25 07:27:37,466 [pool-57-thread-1] INFO  server.RaftServerConfigKeys (ConfUtils.java:logGet(43)) - raft.server.snapshot.auto.trigger.enabled = true (custom)
2019-09-25 07:27:37,466 [pool-57-thread-1] INFO  server.RaftServerConfigKeys (ConfUtils.java:logGet(43)) - raft.server.snapshot.auto.trigger.threshold = 10000 (custom)
2019-09-25 07:27:37,466 [pool-57-thread-1] INFO  server.RaftServerConfigKeys (ConfUtils.java:logGet(43)) - raft.server.snapshot.retention.num.files = 5 (custom)
2019-09-25 07:27:37,467 [pool-57-thread-1] INFO  server.RaftServerConfigKeys (ConfUtils.java:logGet(43)) - raft.server.retrycache.expirytime = 600000ms (custom)
2019-09-25 07:27:37,469 [pool-57-thread-1] INFO  impl.RaftServerImpl (RaftServerImpl.java:start(185)) - 50e45688-d85c-45e8-a8ba-136a1a73e30a@group-B8F37E3A4916: start as a follower, conf=-1: [50e45688-d85c-45e8-a8ba-136a1a73e30a:192.168.151.106:37283], old=null
2019-09-25 07:27:37,469 [pool-57-thread-1] INFO  impl.RaftServerImpl (RaftServerImpl.java:setRole(174)) - 50e45688-d85c-45e8-a8ba-136a1a73e30a@group-B8F37E3A4916: changes role from      null to FOLLOWER at term 0 for startAsFollower
2019-09-25 07:27:37,469 [pool-57-thread-1] INFO  impl.RoleInfo (RoleInfo.java:updateAndGet(143)) - 50e45688-d85c-45e8-a8ba-136a1a73e30a: start FollowerState
2019-09-25 07:27:37,470 [pool-57-thread-1] INFO  util.JmxRegister (JmxRegister.java:tryRegister(44)) - Successfully registered JMX Bean with object name Ratis:service=RaftServer,group=group-B8F37E3A4916,id=50e45688-d85c-45e8-a8ba-136a1a73e30a
2019-09-25 07:27:37,473 [RatisPipelineUtilsThread] INFO  pipeline.PipelineStateManager (PipelineStateManager.java:addPipeline(56)) - Created pipeline Pipeline[ Id: b478d00d-26b6-432a-a7fa-b8f37e3a4916, Nodes: 50e45688-d85c-45e8-a8ba-136a1a73e30a{ip: 192.168.151.106, host: pr-hdds-1569-x2sr2-3486766547, networkLocation: /default-rack, certSerialId: null}, Type:RATIS, Factor:ONE, State:OPEN]
2019-09-25 07:27:37,473 [RatisPipelineUtilsThread] INFO  pipeline.PipelinePlacementPolicy (PipelinePlacementPolicy.java:meetCriteria(91)) - Pipeline Placement: can't place more pipeline on heavy datanode： ac29337b-1f05-44ab-baf7-0ad511ed26a1 Heaviness: 6 limit: 5
2019-09-25 07:27:37,473 [RatisPipelineUtilsThread] INFO  pipeline.PipelinePlacementPolicy (PipelinePlacementPolicy.java:meetCriteria(91)) - Pipeline Placement: can't place more pipeline on heavy datanode： 253df5dc-ab25-4be3-9607-c7ead1a3aece Heaviness: 6 limit: 5
2019-09-25 07:27:37,474 [RatisPipelineUtilsThread] INFO  pipeline.PipelinePlacementPolicy (PipelinePlacementPolicy.java:meetCriteria(91)) - Pipeline Placement: can't place more pipeline on heavy datanode： d2544423-6c63-4eb7-9d0a-bffb9f2b5023 Heaviness: 6 limit: 5
2019-09-25 07:27:37,480 [grpc-default-executor-0] INFO  impl.RaftServerProxy (RaftServerProxy.java:addNew(89)) - a0827fcf-c5ce-4373-8734-1ec063924bc7: addNew group-F6BF018D65DF:[a0827fcf-c5ce-4373-8734-1ec063924bc7:192.168.151.106:34656] returns group-F6BF018D65DF:java.util.concurrent.CompletableFuture@dcad6b5[Not completed]
2019-09-25 07:27:37,481 [pool-97-thread-1] INFO  impl.RaftServerImpl (RaftServerImpl.java:<init>(95)) - a0827fcf-c5ce-4373-8734-1ec063924bc7: new RaftServerImpl for group-F6BF018D65DF:[a0827fcf-c5ce-4373-8734-1ec063924bc7:192.168.151.106:34656] with ContainerStateMachine:uninitialized
2019-09-25 07:27:37,481 [pool-97-thread-1] INFO  server.RaftServerConfigKeys (ConfUtils.java:logGet(43)) - raft.server.rpc.timeout.min = 5s (custom)
2019-09-25 07:27:37,482 [pool-97-thread-1] INFO  server.RaftServerConfigKeys (ConfUtils.java:logGet(43)) - raft.server.rpc.timeout.max = 5200ms (custom)
2019-09-25 07:27:37,482 [pool-97-thread-1] INFO  server.RaftServerConfigKeys (ConfUtils.java:logGet(43)) - raft.server.rpcslowness.timeout = 120s (custom)
2019-09-25 07:27:37,482 [pool-97-thread-1] INFO  server.RaftServerConfigKeys (ConfUtils.java:logGet(43)) - raft.server.sleep.deviation.threshold = 300 (default)
2019-09-25 07:27:37,482 [pool-97-thread-1] INFO  server.RaftServerConfigKeys (ConfUtils.java:logGet(43)) - raft.server.log.appender.install.snapshot.enabled = false (custom)
2019-09-25 07:27:37,482 [pool-97-thread-1] INFO  impl.RaftServerImpl (ServerState.java:<init>(103)) - a0827fcf-c5ce-4373-8734-1ec063924bc7@group-F6BF018D65DF: ConfigurationManager, init=-1: [a0827fcf-c5ce-4373-8734-1ec063924bc7:192.168.151.106:34656], old=null, confs=<EMPTY_MAP>
2019-09-25 07:27:37,482 [pool-97-thread-1] INFO  server.RaftServerConfigKeys (ConfUtils.java:logGet(43)) - raft.server.storage.dir = [/workdir/hadoop-ozone/ozonefs/target/test-dir/MiniOzoneClusterImpl-336849c0-54e0-42a2-92e3-a8dd7e6e8d6a/datanode-7/data/ratis] (custom)
2019-09-25 07:27:37,483 [pool-97-thread-1] INFO  storage.RaftStorageDirectory (RaftStorageDirectory.java:analyzeStorage(246)) - The storage directory /workdir/hadoop-ozone/ozonefs/target/test-dir/MiniOzoneClusterImpl-336849c0-54e0-42a2-92e3-a8dd7e6e8d6a/datanode-7/data/ratis/ef230c16-f8f0-485d-acd1-f6bf018d65df does not exist. Creating ...
2019-09-25 07:27:37,497 [pool-97-thread-1] INFO  storage.RaftStorageDirectory (RaftStorageDirectory.java:tryLock(328)) - Lock on /workdir/hadoop-ozone/ozonefs/target/test-dir/MiniOzoneClusterImpl-336849c0-54e0-42a2-92e3-a8dd7e6e8d6a/datanode-7/data/ratis/ef230c16-f8f0-485d-acd1-f6bf018d65df/in_use.lock acquired by nodename 14720@pr-hdds-1569-x2sr2-3486766547
2019-09-25 07:27:37,509 [pool-97-thread-1] INFO  storage.RaftStorage (RaftStorage.java:format(72)) - Storage directory /workdir/hadoop-ozone/ozonefs/target/test-dir/MiniOzoneClusterImpl-336849c0-54e0-42a2-92e3-a8dd7e6e8d6a/datanode-7/data/ratis/ef230c16-f8f0-485d-acd1-f6bf018d65df has been successfully formatted.
2019-09-25 07:27:37,510 [pool-97-thread-1] INFO  ratis.ContainerStateMachine (ContainerStateMachine.java:loadSnapshot(230)) - group-F6BF018D65DF: The snapshot info is null. Setting the last applied indexto:(t:0, i:~)
2019-09-25 07:27:37,510 [pool-97-thread-1] INFO  server.RaftServerConfigKeys (ConfUtils.java:logGet(43)) - raft.server.notification.no-leader.timeout = 120s (custom)
2019-09-25 07:27:37,510 [pool-97-thread-1] INFO  server.RaftServerConfigKeys (ConfUtils.java:logGet(43)) - raft.server.log.use.memory = false (default)
2019-09-25 07:27:37,510 [pool-97-thread-1] INFO  server.RaftServerConfigKeys (ConfUtils.java:logGet(43)) - raft.server.log.purge.gap = 1000000 (custom)
2019-09-25 07:27:37,510 [pool-97-thread-1] INFO  server.RaftServerConfigKeys (ConfUtils.java:logGet(43)) - raft.server.log.appender.buffer.byte-limit = 33554432 (custom)
2019-09-25 07:27:37,510 [pool-97-thread-1] INFO  server.RaftServerConfigKeys (ConfUtils.java:logGet(43)) - raft.server.log.segment.size.max = 1048576 (custom)
2019-09-25 07:27:37,511 [pool-97-thread-1] INFO  server.RaftServerConfigKeys (ConfUtils.java:logGet(43)) - raft.server.log.segment.cache.num.max = 2 (custom)
2019-09-25 07:27:37,511 [pool-97-thread-1] INFO  segmented.SegmentedRaftLogWorker (SegmentedRaftLogWorker.java:<init>(172)) - new a0827fcf-c5ce-4373-8734-1ec063924bc7@group-F6BF018D65DF-SegmentedRaftLogWorker for RaftStorage:Storage Directory /workdir/hadoop-ozone/ozonefs/target/test-dir/MiniOzoneClusterImpl-336849c0-54e0-42a2-92e3-a8dd7e6e8d6a/datanode-7/data/ratis/ef230c16-f8f0-485d-acd1-f6bf018d65df
2019-09-25 07:27:37,511 [pool-97-thread-1] INFO  server.RaftServerConfigKeys (ConfUtils.java:logGet(43)) - raft.server.log.queue.byte-limit = 2147483647 (custom)
2019-09-25 07:27:37,511 [pool-97-thread-1] INFO  server.RaftServerConfigKeys (ConfUtils.java:logGet(43)) - raft.server.log.queue.element-limit = 1024 (custom)
2019-09-25 07:27:37,511 [pool-97-thread-1] INFO  server.RaftServerConfigKeys (ConfUtils.java:logGet(43)) - raft.server.log.segment.size.max = 1048576 (custom)
2019-09-25 07:27:37,511 [pool-97-thread-1] INFO  server.RaftServerConfigKeys (ConfUtils.java:logGet(43)) - raft.server.log.preallocated.size = 16384 (custom)
2019-09-25 07:27:37,511 [pool-97-thread-1] INFO  server.RaftServerConfigKeys (ConfUtils.java:logGet(43)) - raft.server.log.write.buffer.size = 33554432 (custom)
2019-09-25 07:27:37,512 [pool-97-thread-1] INFO  server.RaftServerConfigKeys (ConfUtils.java:logGet(43)) - raft.server.log.force.sync.num = 128 (default)
2019-09-25 07:27:37,512 [pool-97-thread-1] INFO  server.RaftServerConfigKeys (ConfUtils.java:logGet(43)) - raft.server.log.statemachine.data.sync = true (default)
2019-09-25 07:27:37,512 [pool-97-thread-1] INFO  server.RaftServerConfigKeys (ConfUtils.java:logGet(43)) - raft.server.log.statemachine.data.sync.timeout = 10s (default)
2019-09-25 07:27:37,512 [pool-97-thread-1] INFO  server.RaftServerConfigKeys (ConfUtils.java:logGet(43)) - raft.server.log.statemachine.data.sync.timeout.retry = -1 (default)
2019-09-25 07:27:37,512 [pool-97-thread-1] INFO  server.RaftServerConfigKeys (ConfUtils.java:logGet(43)) - raft.server.log.statemachine.data.caching.enabled = true (custom)
2019-09-25 07:27:37,513 [pool-97-thread-1] INFO  segmented.SegmentedRaftLogWorker (SegmentedRaftLogWorker.java:lambda$new$0(132)) - a0827fcf-c5ce-4373-8734-1ec063924bc7@group-F6BF018D65DF-SegmentedRaftLogWorker: flushIndex: setUnconditionally 0 -> -1
2019-09-25 07:27:37,513 [pool-97-thread-1] INFO  server.RaftServerConfigKeys (ConfUtils.java:logGet(43)) - raft.server.snapshot.auto.trigger.enabled = true (custom)
2019-09-25 07:27:37,513 [pool-97-thread-1] INFO  server.RaftServerConfigKeys (ConfUtils.java:logGet(43)) - raft.server.snapshot.auto.trigger.threshold = 10000 (custom)
2019-09-25 07:27:37,513 [pool-97-thread-1] INFO  server.RaftServerConfigKeys (ConfUtils.java:logGet(43)) - raft.server.snapshot.retention.num.files = 5 (custom)
2019-09-25 07:27:37,513 [pool-97-thread-1] INFO  server.RaftServerConfigKeys (ConfUtils.java:logGet(43)) - raft.server.retrycache.expirytime = 600000ms (custom)
2019-09-25 07:27:37,516 [pool-97-thread-1] INFO  impl.RaftServerImpl (RaftServerImpl.java:start(185)) - a0827fcf-c5ce-4373-8734-1ec063924bc7@group-F6BF018D65DF: start as a follower, conf=-1: [a0827fcf-c5ce-4373-8734-1ec063924bc7:192.168.151.106:34656], old=null
2019-09-25 07:27:37,516 [pool-97-thread-1] INFO  impl.RaftServerImpl (RaftServerImpl.java:setRole(174)) - a0827fcf-c5ce-4373-8734-1ec063924bc7@group-F6BF018D65DF: changes role from      null to FOLLOWER at term 0 for startAsFollower
2019-09-25 07:27:37,516 [pool-97-thread-1] INFO  impl.RoleInfo (RoleInfo.java:updateAndGet(143)) - a0827fcf-c5ce-4373-8734-1ec063924bc7: start FollowerState
2019-09-25 07:27:37,516 [pool-97-thread-1] INFO  util.JmxRegister (JmxRegister.java:tryRegister(44)) - Successfully registered JMX Bean with object name Ratis:service=RaftServer,group=group-F6BF018D65DF,id=a0827fcf-c5ce-4373-8734-1ec063924bc7
2019-09-25 07:27:37,519 [RatisPipelineUtilsThread] INFO  pipeline.PipelineStateManager (PipelineStateManager.java:addPipeline(56)) - Created pipeline Pipeline[ Id: ef230c16-f8f0-485d-acd1-f6bf018d65df, Nodes: a0827fcf-c5ce-4373-8734-1ec063924bc7{ip: 192.168.151.106, host: pr-hdds-1569-x2sr2-3486766547, networkLocation: /default-rack, certSerialId: null}, Type:RATIS, Factor:ONE, State:OPEN]
2019-09-25 07:27:37,520 [RatisPipelineUtilsThread] INFO  pipeline.PipelinePlacementPolicy (PipelinePlacementPolicy.java:meetCriteria(91)) - Pipeline Placement: can't place more pipeline on heavy datanode： ac29337b-1f05-44ab-baf7-0ad511ed26a1 Heaviness: 6 limit: 5
2019-09-25 07:27:37,520 [RatisPipelineUtilsThread] INFO  pipeline.PipelinePlacementPolicy (PipelinePlacementPolicy.java:meetCriteria(91)) - Pipeline Placement: can't place more pipeline on heavy datanode： 253df5dc-ab25-4be3-9607-c7ead1a3aece Heaviness: 6 limit: 5
2019-09-25 07:27:37,520 [RatisPipelineUtilsThread] INFO  pipeline.PipelinePlacementPolicy (PipelinePlacementPolicy.java:meetCriteria(91)) - Pipeline Placement: can't place more pipeline on heavy datanode： d2544423-6c63-4eb7-9d0a-bffb9f2b5023 Heaviness: 6 limit: 5
2019-09-25 07:27:37,527 [grpc-default-executor-0] INFO  impl.RaftServerProxy (RaftServerProxy.java:addNew(89)) - 600943d5-c424-432f-84b9-a00c1c65f122: addNew group-DFFFBD2936F1:[600943d5-c424-432f-84b9-a00c1c65f122:192.168.151.106:33383] returns group-DFFFBD2936F1:java.util.concurrent.CompletableFuture@57daf4b8[Not completed]
2019-09-25 07:27:37,528 [pool-87-thread-1] INFO  impl.RaftServerImpl (RaftServerImpl.java:<init>(95)) - 600943d5-c424-432f-84b9-a00c1c65f122: new RaftServerImpl for group-DFFFBD2936F1:[600943d5-c424-432f-84b9-a00c1c65f122:192.168.151.106:33383] with ContainerStateMachine:uninitialized
2019-09-25 07:27:37,528 [pool-87-thread-1] INFO  server.RaftServerConfigKeys (ConfUtils.java:logGet(43)) - raft.server.rpc.timeout.min = 5s (custom)
2019-09-25 07:27:37,528 [pool-87-thread-1] INFO  server.RaftServerConfigKeys (ConfUtils.java:logGet(43)) - raft.server.rpc.timeout.max = 5200ms (custom)
2019-09-25 07:27:37,528 [pool-87-thread-1] INFO  server.RaftServerConfigKeys (ConfUtils.java:logGet(43)) - raft.server.rpcslowness.timeout = 120s (custom)
2019-09-25 07:27:37,528 [pool-87-thread-1] INFO  server.RaftServerConfigKeys (ConfUtils.java:logGet(43)) - raft.server.sleep.deviation.threshold = 300 (default)
2019-09-25 07:27:37,528 [pool-87-thread-1] INFO  server.RaftServerConfigKeys (ConfUtils.java:logGet(43)) - raft.server.log.appender.install.snapshot.enabled = false (custom)
2019-09-25 07:27:37,529 [pool-87-thread-1] INFO  impl.RaftServerImpl (ServerState.java:<init>(103)) - 600943d5-c424-432f-84b9-a00c1c65f122@group-DFFFBD2936F1: ConfigurationManager, init=-1: [600943d5-c424-432f-84b9-a00c1c65f122:192.168.151.106:33383], old=null, confs=<EMPTY_MAP>
2019-09-25 07:27:37,529 [pool-87-thread-1] INFO  server.RaftServerConfigKeys (ConfUtils.java:logGet(43)) - raft.server.storage.dir = [/workdir/hadoop-ozone/ozonefs/target/test-dir/MiniOzoneClusterImpl-336849c0-54e0-42a2-92e3-a8dd7e6e8d6a/datanode-6/data/ratis] (custom)
2019-09-25 07:27:37,529 [pool-87-thread-1] INFO  storage.RaftStorageDirectory (RaftStorageDirectory.java:analyzeStorage(246)) - The storage directory /workdir/hadoop-ozone/ozonefs/target/test-dir/MiniOzoneClusterImpl-336849c0-54e0-42a2-92e3-a8dd7e6e8d6a/datanode-6/data/ratis/998de89f-d446-4f62-aaa1-dfffbd2936f1 does not exist. Creating ...
2019-09-25 07:27:37,548 [pool-87-thread-1] INFO  storage.RaftStorageDirectory (RaftStorageDirectory.java:tryLock(328)) - Lock on /workdir/hadoop-ozone/ozonefs/target/test-dir/MiniOzoneClusterImpl-336849c0-54e0-42a2-92e3-a8dd7e6e8d6a/datanode-6/data/ratis/998de89f-d446-4f62-aaa1-dfffbd2936f1/in_use.lock acquired by nodename 14720@pr-hdds-1569-x2sr2-3486766547
2019-09-25 07:27:37,563 [pool-87-thread-1] INFO  storage.RaftStorage (RaftStorage.java:format(72)) - Storage directory /workdir/hadoop-ozone/ozonefs/target/test-dir/MiniOzoneClusterImpl-336849c0-54e0-42a2-92e3-a8dd7e6e8d6a/datanode-6/data/ratis/998de89f-d446-4f62-aaa1-dfffbd2936f1 has been successfully formatted.
2019-09-25 07:27:37,563 [pool-87-thread-1] INFO  ratis.ContainerStateMachine (ContainerStateMachine.java:loadSnapshot(230)) - group-DFFFBD2936F1: The snapshot info is null. Setting the last applied indexto:(t:0, i:~)
2019-09-25 07:27:37,564 [pool-87-thread-1] INFO  server.RaftServerConfigKeys (ConfUtils.java:logGet(43)) - raft.server.notification.no-leader.timeout = 120s (custom)
2019-09-25 07:27:37,564 [pool-87-thread-1] INFO  server.RaftServerConfigKeys (ConfUtils.java:logGet(43)) - raft.server.log.use.memory = false (default)
2019-09-25 07:27:37,564 [pool-87-thread-1] INFO  server.RaftServerConfigKeys (ConfUtils.java:logGet(43)) - raft.server.log.purge.gap = 1000000 (custom)
2019-09-25 07:27:37,564 [pool-87-thread-1] INFO  server.RaftServerConfigKeys (ConfUtils.java:logGet(43)) - raft.server.log.appender.buffer.byte-limit = 33554432 (custom)
2019-09-25 07:27:37,564 [pool-87-thread-1] INFO  server.RaftServerConfigKeys (ConfUtils.java:logGet(43)) - raft.server.log.segment.size.max = 1048576 (custom)
2019-09-25 07:27:37,564 [pool-87-thread-1] INFO  server.RaftServerConfigKeys (ConfUtils.java:logGet(43)) - raft.server.log.segment.cache.num.max = 2 (custom)
2019-09-25 07:27:37,564 [pool-87-thread-1] INFO  segmented.SegmentedRaftLogWorker (SegmentedRaftLogWorker.java:<init>(172)) - new 600943d5-c424-432f-84b9-a00c1c65f122@group-DFFFBD2936F1-SegmentedRaftLogWorker for RaftStorage:Storage Directory /workdir/hadoop-ozone/ozonefs/target/test-dir/MiniOzoneClusterImpl-336849c0-54e0-42a2-92e3-a8dd7e6e8d6a/datanode-6/data/ratis/998de89f-d446-4f62-aaa1-dfffbd2936f1
2019-09-25 07:27:37,564 [pool-87-thread-1] INFO  server.RaftServerConfigKeys (ConfUtils.java:logGet(43)) - raft.server.log.queue.byte-limit = 2147483647 (custom)
2019-09-25 07:27:37,565 [pool-87-thread-1] INFO  server.RaftServerConfigKeys (ConfUtils.java:logGet(43)) - raft.server.log.queue.element-limit = 1024 (custom)
2019-09-25 07:27:37,565 [pool-87-thread-1] INFO  server.RaftServerConfigKeys (ConfUtils.java:logGet(43)) - raft.server.log.segment.size.max = 1048576 (custom)
2019-09-25 07:27:37,565 [pool-87-thread-1] INFO  server.RaftServerConfigKeys (ConfUtils.java:logGet(43)) - raft.server.log.preallocated.size = 16384 (custom)
2019-09-25 07:27:37,565 [pool-87-thread-1] INFO  server.RaftServerConfigKeys (ConfUtils.java:logGet(43)) - raft.server.log.write.buffer.size = 33554432 (custom)
2019-09-25 07:27:37,565 [pool-87-thread-1] INFO  server.RaftServerConfigKeys (ConfUtils.java:logGet(43)) - raft.server.log.force.sync.num = 128 (default)
2019-09-25 07:27:37,565 [pool-87-thread-1] INFO  server.RaftServerConfigKeys (ConfUtils.java:logGet(43)) - raft.server.log.statemachine.data.sync = true (default)
2019-09-25 07:27:37,565 [pool-87-thread-1] INFO  server.RaftServerConfigKeys (ConfUtils.java:logGet(43)) - raft.server.log.statemachine.data.sync.timeout = 10s (default)
2019-09-25 07:27:37,565 [pool-87-thread-1] INFO  server.RaftServerConfigKeys (ConfUtils.java:logGet(43)) - raft.server.log.statemachine.data.sync.timeout.retry = -1 (default)
2019-09-25 07:27:37,566 [pool-87-thread-1] INFO  server.RaftServerConfigKeys (ConfUtils.java:logGet(43)) - raft.server.log.statemachine.data.caching.enabled = true (custom)
2019-09-25 07:27:37,566 [pool-87-thread-1] INFO  segmented.SegmentedRaftLogWorker (SegmentedRaftLogWorker.java:lambda$new$0(132)) - 600943d5-c424-432f-84b9-a00c1c65f122@group-DFFFBD2936F1-SegmentedRaftLogWorker: flushIndex: setUnconditionally 0 -> -1
2019-09-25 07:27:37,566 [pool-87-thread-1] INFO  server.RaftServerConfigKeys (ConfUtils.java:logGet(43)) - raft.server.snapshot.auto.trigger.enabled = true (custom)
2019-09-25 07:27:37,567 [pool-87-thread-1] INFO  server.RaftServerConfigKeys (ConfUtils.java:logGet(43)) - raft.server.snapshot.auto.trigger.threshold = 10000 (custom)
2019-09-25 07:27:37,567 [pool-87-thread-1] INFO  server.RaftServerConfigKeys (ConfUtils.java:logGet(43)) - raft.server.snapshot.retention.num.files = 5 (custom)
2019-09-25 07:27:37,567 [pool-87-thread-1] INFO  server.RaftServerConfigKeys (ConfUtils.java:logGet(43)) - raft.server.retrycache.expirytime = 600000ms (custom)
2019-09-25 07:27:37,570 [pool-87-thread-1] INFO  impl.RaftServerImpl (RaftServerImpl.java:start(185)) - 600943d5-c424-432f-84b9-a00c1c65f122@group-DFFFBD2936F1: start as a follower, conf=-1: [600943d5-c424-432f-84b9-a00c1c65f122:192.168.151.106:33383], old=null
2019-09-25 07:27:37,570 [pool-87-thread-1] INFO  impl.RaftServerImpl (RaftServerImpl.java:setRole(174)) - 600943d5-c424-432f-84b9-a00c1c65f122@group-DFFFBD2936F1: changes role from      null to FOLLOWER at term 0 for startAsFollower
2019-09-25 07:27:37,570 [pool-87-thread-1] INFO  impl.RoleInfo (RoleInfo.java:updateAndGet(143)) - 600943d5-c424-432f-84b9-a00c1c65f122: start FollowerState
2019-09-25 07:27:37,570 [pool-87-thread-1] INFO  util.JmxRegister (JmxRegister.java:tryRegister(44)) - Successfully registered JMX Bean with object name Ratis:service=RaftServer,group=group-DFFFBD2936F1,id=600943d5-c424-432f-84b9-a00c1c65f122
2019-09-25 07:27:37,574 [RatisPipelineUtilsThread] INFO  pipeline.PipelineStateManager (PipelineStateManager.java:addPipeline(56)) - Created pipeline Pipeline[ Id: 998de89f-d446-4f62-aaa1-dfffbd2936f1, Nodes: 600943d5-c424-432f-84b9-a00c1c65f122{ip: 192.168.151.106, host: pr-hdds-1569-x2sr2-3486766547, networkLocation: /default-rack, certSerialId: null}, Type:RATIS, Factor:ONE, State:OPEN]
2019-09-25 07:27:37,574 [RatisPipelineUtilsThread] INFO  pipeline.PipelinePlacementPolicy (PipelinePlacementPolicy.java:meetCriteria(91)) - Pipeline Placement: can't place more pipeline on heavy datanode： ac29337b-1f05-44ab-baf7-0ad511ed26a1 Heaviness: 6 limit: 5
2019-09-25 07:27:37,574 [RatisPipelineUtilsThread] INFO  pipeline.PipelinePlacementPolicy (PipelinePlacementPolicy.java:meetCriteria(91)) - Pipeline Placement: can't place more pipeline on heavy datanode： 600943d5-c424-432f-84b9-a00c1c65f122 Heaviness: 6 limit: 5
2019-09-25 07:27:37,575 [RatisPipelineUtilsThread] INFO  pipeline.PipelinePlacementPolicy (PipelinePlacementPolicy.java:meetCriteria(91)) - Pipeline Placement: can't place more pipeline on heavy datanode： 253df5dc-ab25-4be3-9607-c7ead1a3aece Heaviness: 6 limit: 5
2019-09-25 07:27:37,575 [RatisPipelineUtilsThread] INFO  pipeline.PipelinePlacementPolicy (PipelinePlacementPolicy.java:meetCriteria(91)) - Pipeline Placement: can't place more pipeline on heavy datanode： d2544423-6c63-4eb7-9d0a-bffb9f2b5023 Heaviness: 6 limit: 5
2019-09-25 07:27:37,582 [grpc-default-executor-0] INFO  impl.RaftServerProxy (RaftServerProxy.java:addNew(89)) - 9cc18591-be2f-448e-af7e-d5f4fba8f5f7: addNew group-08478D7625A7:[9cc18591-be2f-448e-af7e-d5f4fba8f5f7:192.168.151.106:36443] returns group-08478D7625A7:java.util.concurrent.CompletableFuture@4e2f74cb[Not completed]
2019-09-25 07:27:37,583 [pool-37-thread-1] INFO  impl.RaftServerImpl (RaftServerImpl.java:<init>(95)) - 9cc18591-be2f-448e-af7e-d5f4fba8f5f7: new RaftServerImpl for group-08478D7625A7:[9cc18591-be2f-448e-af7e-d5f4fba8f5f7:192.168.151.106:36443] with ContainerStateMachine:uninitialized
2019-09-25 07:27:37,583 [pool-37-thread-1] INFO  server.RaftServerConfigKeys (ConfUtils.java:logGet(43)) - raft.server.rpc.timeout.min = 5s (custom)
2019-09-25 07:27:37,584 [pool-37-thread-1] INFO  server.RaftServerConfigKeys (ConfUtils.java:logGet(43)) - raft.server.rpc.timeout.max = 5200ms (custom)
2019-09-25 07:27:37,584 [pool-37-thread-1] INFO  server.RaftServerConfigKeys (ConfUtils.java:logGet(43)) - raft.server.rpcslowness.timeout = 120s (custom)
2019-09-25 07:27:37,584 [pool-37-thread-1] INFO  server.RaftServerConfigKeys (ConfUtils.java:logGet(43)) - raft.server.sleep.deviation.threshold = 300 (default)
2019-09-25 07:27:37,584 [pool-37-thread-1] INFO  server.RaftServerConfigKeys (ConfUtils.java:logGet(43)) - raft.server.log.appender.install.snapshot.enabled = false (custom)
2019-09-25 07:27:37,584 [pool-37-thread-1] INFO  impl.RaftServerImpl (ServerState.java:<init>(103)) - 9cc18591-be2f-448e-af7e-d5f4fba8f5f7@group-08478D7625A7: ConfigurationManager, init=-1: [9cc18591-be2f-448e-af7e-d5f4fba8f5f7:192.168.151.106:36443], old=null, confs=<EMPTY_MAP>
2019-09-25 07:27:37,584 [pool-37-thread-1] INFO  server.RaftServerConfigKeys (ConfUtils.java:logGet(43)) - raft.server.storage.dir = [/workdir/hadoop-ozone/ozonefs/target/test-dir/MiniOzoneClusterImpl-336849c0-54e0-42a2-92e3-a8dd7e6e8d6a/datanode-1/data/ratis] (custom)
2019-09-25 07:27:37,585 [pool-37-thread-1] INFO  storage.RaftStorageDirectory (RaftStorageDirectory.java:analyzeStorage(246)) - The storage directory /workdir/hadoop-ozone/ozonefs/target/test-dir/MiniOzoneClusterImpl-336849c0-54e0-42a2-92e3-a8dd7e6e8d6a/datanode-1/data/ratis/d72fda91-91e8-41db-8a63-08478d7625a7 does not exist. Creating ...
2019-09-25 07:27:37,605 [pool-37-thread-1] INFO  storage.RaftStorageDirectory (RaftStorageDirectory.java:tryLock(328)) - Lock on /workdir/hadoop-ozone/ozonefs/target/test-dir/MiniOzoneClusterImpl-336849c0-54e0-42a2-92e3-a8dd7e6e8d6a/datanode-1/data/ratis/d72fda91-91e8-41db-8a63-08478d7625a7/in_use.lock acquired by nodename 14720@pr-hdds-1569-x2sr2-3486766547
2019-09-25 07:27:37,605 [ac29337b-1f05-44ab-baf7-0ad511ed26a1@group-457751D65746-SegmentedRaftLogWorker] INFO  segmented.SegmentedRaftLogWorker (SegmentedRaftLogWorker.java:execute(569)) - ac29337b-1f05-44ab-baf7-0ad511ed26a1@group-457751D65746-SegmentedRaftLogWorker: created new log segment /workdir/hadoop-ozone/ozonefs/target/test-dir/MiniOzoneClusterImpl-336849c0-54e0-42a2-92e3-a8dd7e6e8d6a/datanode-0/data/ratis/4afa6443-e099-4803-8c99-457751d65746/current/log_inprogress_0
2019-09-25 07:27:37,619 [pool-37-thread-1] INFO  storage.RaftStorage (RaftStorage.java:format(72)) - Storage directory /workdir/hadoop-ozone/ozonefs/target/test-dir/MiniOzoneClusterImpl-336849c0-54e0-42a2-92e3-a8dd7e6e8d6a/datanode-1/data/ratis/d72fda91-91e8-41db-8a63-08478d7625a7 has been successfully formatted.
2019-09-25 07:27:37,619 [pool-37-thread-1] INFO  ratis.ContainerStateMachine (ContainerStateMachine.java:loadSnapshot(230)) - group-08478D7625A7: The snapshot info is null. Setting the last applied indexto:(t:0, i:~)
2019-09-25 07:27:37,619 [pool-37-thread-1] INFO  server.RaftServerConfigKeys (ConfUtils.java:logGet(43)) - raft.server.notification.no-leader.timeout = 120s (custom)
2019-09-25 07:27:37,619 [pool-37-thread-1] INFO  server.RaftServerConfigKeys (ConfUtils.java:logGet(43)) - raft.server.log.use.memory = false (default)
2019-09-25 07:27:37,619 [pool-37-thread-1] INFO  server.RaftServerConfigKeys (ConfUtils.java:logGet(43)) - raft.server.log.purge.gap = 1000000 (custom)
2019-09-25 07:27:37,620 [pool-37-thread-1] INFO  server.RaftServerConfigKeys (ConfUtils.java:logGet(43)) - raft.server.log.appender.buffer.byte-limit = 33554432 (custom)
2019-09-25 07:27:37,620 [pool-37-thread-1] INFO  server.RaftServerConfigKeys (ConfUtils.java:logGet(43)) - raft.server.log.segment.size.max = 1048576 (custom)
2019-09-25 07:27:37,620 [pool-37-thread-1] INFO  server.RaftServerConfigKeys (ConfUtils.java:logGet(43)) - raft.server.log.segment.cache.num.max = 2 (custom)
2019-09-25 07:27:37,620 [pool-37-thread-1] INFO  segmented.SegmentedRaftLogWorker (SegmentedRaftLogWorker.java:<init>(172)) - new 9cc18591-be2f-448e-af7e-d5f4fba8f5f7@group-08478D7625A7-SegmentedRaftLogWorker for RaftStorage:Storage Directory /workdir/hadoop-ozone/ozonefs/target/test-dir/MiniOzoneClusterImpl-336849c0-54e0-42a2-92e3-a8dd7e6e8d6a/datanode-1/data/ratis/d72fda91-91e8-41db-8a63-08478d7625a7
2019-09-25 07:27:37,620 [pool-37-thread-1] INFO  server.RaftServerConfigKeys (ConfUtils.java:logGet(43)) - raft.server.log.queue.byte-limit = 2147483647 (custom)
2019-09-25 07:27:37,620 [pool-37-thread-1] INFO  server.RaftServerConfigKeys (ConfUtils.java:logGet(43)) - raft.server.log.queue.element-limit = 1024 (custom)
2019-09-25 07:27:37,620 [pool-37-thread-1] INFO  server.RaftServerConfigKeys (ConfUtils.java:logGet(43)) - raft.server.log.segment.size.max = 1048576 (custom)
2019-09-25 07:27:37,620 [pool-37-thread-1] INFO  server.RaftServerConfigKeys (ConfUtils.java:logGet(43)) - raft.server.log.preallocated.size = 16384 (custom)
2019-09-25 07:27:37,621 [pool-37-thread-1] INFO  server.RaftServerConfigKeys (ConfUtils.java:logGet(43)) - raft.server.log.write.buffer.size = 33554432 (custom)
2019-09-25 07:27:37,621 [pool-37-thread-1] INFO  server.RaftServerConfigKeys (ConfUtils.java:logGet(43)) - raft.server.log.force.sync.num = 128 (default)
2019-09-25 07:27:37,621 [pool-37-thread-1] INFO  server.RaftServerConfigKeys (ConfUtils.java:logGet(43)) - raft.server.log.statemachine.data.sync = true (default)
2019-09-25 07:27:37,621 [pool-37-thread-1] INFO  server.RaftServerConfigKeys (ConfUtils.java:logGet(43)) - raft.server.log.statemachine.data.sync.timeout = 10s (default)
2019-09-25 07:27:37,621 [pool-37-thread-1] INFO  server.RaftServerConfigKeys (ConfUtils.java:logGet(43)) - raft.server.log.statemachine.data.sync.timeout.retry = -1 (default)
2019-09-25 07:27:37,621 [pool-37-thread-1] INFO  server.RaftServerConfigKeys (ConfUtils.java:logGet(43)) - raft.server.log.statemachine.data.caching.enabled = true (custom)
2019-09-25 07:27:37,622 [pool-37-thread-1] INFO  segmented.SegmentedRaftLogWorker (SegmentedRaftLogWorker.java:lambda$new$0(132)) - 9cc18591-be2f-448e-af7e-d5f4fba8f5f7@group-08478D7625A7-SegmentedRaftLogWorker: flushIndex: setUnconditionally 0 -> -1
2019-09-25 07:27:37,622 [pool-37-thread-1] INFO  server.RaftServerConfigKeys (ConfUtils.java:logGet(43)) - raft.server.snapshot.auto.trigger.enabled = true (custom)
2019-09-25 07:27:37,622 [pool-37-thread-1] INFO  server.RaftServerConfigKeys (ConfUtils.java:logGet(43)) - raft.server.snapshot.auto.trigger.threshold = 10000 (custom)
2019-09-25 07:27:37,622 [pool-37-thread-1] INFO  server.RaftServerConfigKeys (ConfUtils.java:logGet(43)) - raft.server.snapshot.retention.num.files = 5 (custom)
2019-09-25 07:27:37,622 [pool-37-thread-1] INFO  server.RaftServerConfigKeys (ConfUtils.java:logGet(43)) - raft.server.retrycache.expirytime = 600000ms (custom)
2019-09-25 07:27:37,625 [pool-37-thread-1] INFO  impl.RaftServerImpl (RaftServerImpl.java:start(185)) - 9cc18591-be2f-448e-af7e-d5f4fba8f5f7@group-08478D7625A7: start as a follower, conf=-1: [9cc18591-be2f-448e-af7e-d5f4fba8f5f7:192.168.151.106:36443], old=null
2019-09-25 07:27:37,625 [pool-37-thread-1] INFO  impl.RaftServerImpl (RaftServerImpl.java:setRole(174)) - 9cc18591-be2f-448e-af7e-d5f4fba8f5f7@group-08478D7625A7: changes role from      null to FOLLOWER at term 0 for startAsFollower
2019-09-25 07:27:37,625 [pool-37-thread-1] INFO  impl.RoleInfo (RoleInfo.java:updateAndGet(143)) - 9cc18591-be2f-448e-af7e-d5f4fba8f5f7: start FollowerState
2019-09-25 07:27:37,626 [pool-37-thread-1] INFO  util.JmxRegister (JmxRegister.java:tryRegister(44)) - Successfully registered JMX Bean with object name Ratis:service=RaftServer,group=group-08478D7625A7,id=9cc18591-be2f-448e-af7e-d5f4fba8f5f7
2019-09-25 07:27:37,629 [RatisPipelineUtilsThread] INFO  pipeline.PipelineStateManager (PipelineStateManager.java:addPipeline(56)) - Created pipeline Pipeline[ Id: d72fda91-91e8-41db-8a63-08478d7625a7, Nodes: 9cc18591-be2f-448e-af7e-d5f4fba8f5f7{ip: 192.168.151.106, host: pr-hdds-1569-x2sr2-3486766547, networkLocation: /default-rack, certSerialId: null}, Type:RATIS, Factor:ONE, State:OPEN]
2019-09-25 07:27:37,629 [RatisPipelineUtilsThread] INFO  pipeline.PipelinePlacementPolicy (PipelinePlacementPolicy.java:meetCriteria(91)) - Pipeline Placement: can't place more pipeline on heavy datanode： ac29337b-1f05-44ab-baf7-0ad511ed26a1 Heaviness: 6 limit: 5
2019-09-25 07:27:37,629 [RatisPipelineUtilsThread] INFO  pipeline.PipelinePlacementPolicy (PipelinePlacementPolicy.java:meetCriteria(91)) - Pipeline Placement: can't place more pipeline on heavy datanode： 600943d5-c424-432f-84b9-a00c1c65f122 Heaviness: 6 limit: 5
2019-09-25 07:27:37,629 [RatisPipelineUtilsThread] INFO  pipeline.PipelinePlacementPolicy (PipelinePlacementPolicy.java:meetCriteria(91)) - Pipeline Placement: can't place more pipeline on heavy datanode： 253df5dc-ab25-4be3-9607-c7ead1a3aece Heaviness: 6 limit: 5
2019-09-25 07:27:37,629 [RatisPipelineUtilsThread] INFO  pipeline.PipelinePlacementPolicy (PipelinePlacementPolicy.java:meetCriteria(91)) - Pipeline Placement: can't place more pipeline on heavy datanode： d2544423-6c63-4eb7-9d0a-bffb9f2b5023 Heaviness: 6 limit: 5
2019-09-25 07:27:37,635 [grpc-default-executor-0] INFO  impl.RaftServerProxy (RaftServerProxy.java:addNew(89)) - 50e45688-d85c-45e8-a8ba-136a1a73e30a: addNew group-C4EB2BD644B6:[50e45688-d85c-45e8-a8ba-136a1a73e30a:192.168.151.106:37283] returns group-C4EB2BD644B6:java.util.concurrent.CompletableFuture@4bc0aa8[Not completed]
2019-09-25 07:27:37,637 [pool-57-thread-1] INFO  impl.RaftServerImpl (RaftServerImpl.java:<init>(95)) - 50e45688-d85c-45e8-a8ba-136a1a73e30a: new RaftServerImpl for group-C4EB2BD644B6:[50e45688-d85c-45e8-a8ba-136a1a73e30a:192.168.151.106:37283] with ContainerStateMachine:uninitialized
2019-09-25 07:27:37,637 [pool-57-thread-1] INFO  server.RaftServerConfigKeys (ConfUtils.java:logGet(43)) - raft.server.rpc.timeout.min = 5s (custom)
2019-09-25 07:27:37,637 [pool-57-thread-1] INFO  server.RaftServerConfigKeys (ConfUtils.java:logGet(43)) - raft.server.rpc.timeout.max = 5200ms (custom)
2019-09-25 07:27:37,637 [pool-57-thread-1] INFO  server.RaftServerConfigKeys (ConfUtils.java:logGet(43)) - raft.server.rpcslowness.timeout = 120s (custom)
2019-09-25 07:27:37,638 [pool-57-thread-1] INFO  server.RaftServerConfigKeys (ConfUtils.java:logGet(43)) - raft.server.sleep.deviation.threshold = 300 (default)
2019-09-25 07:27:37,638 [pool-57-thread-1] INFO  server.RaftServerConfigKeys (ConfUtils.java:logGet(43)) - raft.server.log.appender.install.snapshot.enabled = false (custom)
2019-09-25 07:27:37,638 [pool-57-thread-1] INFO  impl.RaftServerImpl (ServerState.java:<init>(103)) - 50e45688-d85c-45e8-a8ba-136a1a73e30a@group-C4EB2BD644B6: ConfigurationManager, init=-1: [50e45688-d85c-45e8-a8ba-136a1a73e30a:192.168.151.106:37283], old=null, confs=<EMPTY_MAP>
2019-09-25 07:27:37,638 [pool-57-thread-1] INFO  server.RaftServerConfigKeys (ConfUtils.java:logGet(43)) - raft.server.storage.dir = [/workdir/hadoop-ozone/ozonefs/target/test-dir/MiniOzoneClusterImpl-336849c0-54e0-42a2-92e3-a8dd7e6e8d6a/datanode-3/data/ratis] (custom)
2019-09-25 07:27:37,638 [pool-57-thread-1] INFO  storage.RaftStorageDirectory (RaftStorageDirectory.java:analyzeStorage(246)) - The storage directory /workdir/hadoop-ozone/ozonefs/target/test-dir/MiniOzoneClusterImpl-336849c0-54e0-42a2-92e3-a8dd7e6e8d6a/datanode-3/data/ratis/1cc9db54-b590-4256-9af8-c4eb2bd644b6 does not exist. Creating ...
2019-09-25 07:27:37,664 [pool-57-thread-1] INFO  storage.RaftStorageDirectory (RaftStorageDirectory.java:tryLock(328)) - Lock on /workdir/hadoop-ozone/ozonefs/target/test-dir/MiniOzoneClusterImpl-336849c0-54e0-42a2-92e3-a8dd7e6e8d6a/datanode-3/data/ratis/1cc9db54-b590-4256-9af8-c4eb2bd644b6/in_use.lock acquired by nodename 14720@pr-hdds-1569-x2sr2-3486766547
2019-09-25 07:27:37,687 [pool-57-thread-1] INFO  storage.RaftStorage (RaftStorage.java:format(72)) - Storage directory /workdir/hadoop-ozone/ozonefs/target/test-dir/MiniOzoneClusterImpl-336849c0-54e0-42a2-92e3-a8dd7e6e8d6a/datanode-3/data/ratis/1cc9db54-b590-4256-9af8-c4eb2bd644b6 has been successfully formatted.
2019-09-25 07:27:37,687 [pool-57-thread-1] INFO  ratis.ContainerStateMachine (ContainerStateMachine.java:loadSnapshot(230)) - group-C4EB2BD644B6: The snapshot info is null. Setting the last applied indexto:(t:0, i:~)
2019-09-25 07:27:37,688 [pool-57-thread-1] INFO  server.RaftServerConfigKeys (ConfUtils.java:logGet(43)) - raft.server.notification.no-leader.timeout = 120s (custom)
2019-09-25 07:27:37,688 [pool-57-thread-1] INFO  server.RaftServerConfigKeys (ConfUtils.java:logGet(43)) - raft.server.log.use.memory = false (default)
2019-09-25 07:27:37,688 [pool-57-thread-1] INFO  server.RaftServerConfigKeys (ConfUtils.java:logGet(43)) - raft.server.log.purge.gap = 1000000 (custom)
2019-09-25 07:27:37,688 [pool-57-thread-1] INFO  server.RaftServerConfigKeys (ConfUtils.java:logGet(43)) - raft.server.log.appender.buffer.byte-limit = 33554432 (custom)
2019-09-25 07:27:37,688 [pool-57-thread-1] INFO  server.RaftServerConfigKeys (ConfUtils.java:logGet(43)) - raft.server.log.segment.size.max = 1048576 (custom)
2019-09-25 07:27:37,688 [pool-57-thread-1] INFO  server.RaftServerConfigKeys (ConfUtils.java:logGet(43)) - raft.server.log.segment.cache.num.max = 2 (custom)
2019-09-25 07:27:37,689 [pool-57-thread-1] INFO  segmented.SegmentedRaftLogWorker (SegmentedRaftLogWorker.java:<init>(172)) - new 50e45688-d85c-45e8-a8ba-136a1a73e30a@group-C4EB2BD644B6-SegmentedRaftLogWorker for RaftStorage:Storage Directory /workdir/hadoop-ozone/ozonefs/target/test-dir/MiniOzoneClusterImpl-336849c0-54e0-42a2-92e3-a8dd7e6e8d6a/datanode-3/data/ratis/1cc9db54-b590-4256-9af8-c4eb2bd644b6
2019-09-25 07:27:37,689 [pool-57-thread-1] INFO  server.RaftServerConfigKeys (ConfUtils.java:logGet(43)) - raft.server.log.queue.byte-limit = 2147483647 (custom)
2019-09-25 07:27:37,689 [pool-57-thread-1] INFO  server.RaftServerConfigKeys (ConfUtils.java:logGet(43)) - raft.server.log.queue.element-limit = 1024 (custom)
2019-09-25 07:27:37,689 [pool-57-thread-1] INFO  server.RaftServerConfigKeys (ConfUtils.java:logGet(43)) - raft.server.log.segment.size.max = 1048576 (custom)
2019-09-25 07:27:37,689 [pool-57-thread-1] INFO  server.RaftServerConfigKeys (ConfUtils.java:logGet(43)) - raft.server.log.preallocated.size = 16384 (custom)
2019-09-25 07:27:37,689 [pool-57-thread-1] INFO  server.RaftServerConfigKeys (ConfUtils.java:logGet(43)) - raft.server.log.write.buffer.size = 33554432 (custom)
2019-09-25 07:27:37,690 [pool-57-thread-1] INFO  server.RaftServerConfigKeys (ConfUtils.java:logGet(43)) - raft.server.log.force.sync.num = 128 (default)
2019-09-25 07:27:37,690 [pool-57-thread-1] INFO  server.RaftServerConfigKeys (ConfUtils.java:logGet(43)) - raft.server.log.statemachine.data.sync = true (default)
2019-09-25 07:27:37,690 [pool-57-thread-1] INFO  server.RaftServerConfigKeys (ConfUtils.java:logGet(43)) - raft.server.log.statemachine.data.sync.timeout = 10s (default)
2019-09-25 07:27:37,690 [pool-57-thread-1] INFO  server.RaftServerConfigKeys (ConfUtils.java:logGet(43)) - raft.server.log.statemachine.data.sync.timeout.retry = -1 (default)
2019-09-25 07:27:37,690 [pool-57-thread-1] INFO  server.RaftServerConfigKeys (ConfUtils.java:logGet(43)) - raft.server.log.statemachine.data.caching.enabled = true (custom)
2019-09-25 07:27:37,691 [pool-57-thread-1] INFO  segmented.SegmentedRaftLogWorker (SegmentedRaftLogWorker.java:lambda$new$0(132)) - 50e45688-d85c-45e8-a8ba-136a1a73e30a@group-C4EB2BD644B6-SegmentedRaftLogWorker: flushIndex: setUnconditionally 0 -> -1
2019-09-25 07:27:37,691 [pool-57-thread-1] INFO  server.RaftServerConfigKeys (ConfUtils.java:logGet(43)) - raft.server.snapshot.auto.trigger.enabled = true (custom)
2019-09-25 07:27:37,691 [pool-57-thread-1] INFO  server.RaftServerConfigKeys (ConfUtils.java:logGet(43)) - raft.server.snapshot.auto.trigger.threshold = 10000 (custom)
2019-09-25 07:27:37,691 [pool-57-thread-1] INFO  server.RaftServerConfigKeys (ConfUtils.java:logGet(43)) - raft.server.snapshot.retention.num.files = 5 (custom)
2019-09-25 07:27:37,691 [pool-57-thread-1] INFO  server.RaftServerConfigKeys (ConfUtils.java:logGet(43)) - raft.server.retrycache.expirytime = 600000ms (custom)
2019-09-25 07:27:37,694 [pool-57-thread-1] INFO  impl.RaftServerImpl (RaftServerImpl.java:start(185)) - 50e45688-d85c-45e8-a8ba-136a1a73e30a@group-C4EB2BD644B6: start as a follower, conf=-1: [50e45688-d85c-45e8-a8ba-136a1a73e30a:192.168.151.106:37283], old=null
2019-09-25 07:27:37,694 [pool-57-thread-1] INFO  impl.RaftServerImpl (RaftServerImpl.java:setRole(174)) - 50e45688-d85c-45e8-a8ba-136a1a73e30a@group-C4EB2BD644B6: changes role from      null to FOLLOWER at term 0 for startAsFollower
2019-09-25 07:27:37,694 [pool-57-thread-1] INFO  impl.RoleInfo (RoleInfo.java:updateAndGet(143)) - 50e45688-d85c-45e8-a8ba-136a1a73e30a: start FollowerState
2019-09-25 07:27:37,695 [pool-57-thread-1] INFO  util.JmxRegister (JmxRegister.java:tryRegister(44)) - Successfully registered JMX Bean with object name Ratis:service=RaftServer,group=group-C4EB2BD644B6,id=50e45688-d85c-45e8-a8ba-136a1a73e30a
2019-09-25 07:27:37,698 [RatisPipelineUtilsThread] INFO  pipeline.PipelineStateManager (PipelineStateManager.java:addPipeline(56)) - Created pipeline Pipeline[ Id: 1cc9db54-b590-4256-9af8-c4eb2bd644b6, Nodes: 50e45688-d85c-45e8-a8ba-136a1a73e30a{ip: 192.168.151.106, host: pr-hdds-1569-x2sr2-3486766547, networkLocation: /default-rack, certSerialId: null}, Type:RATIS, Factor:ONE, State:OPEN]
2019-09-25 07:27:37,698 [RatisPipelineUtilsThread] INFO  pipeline.PipelinePlacementPolicy (PipelinePlacementPolicy.java:meetCriteria(91)) - Pipeline Placement: can't place more pipeline on heavy datanode： 50e45688-d85c-45e8-a8ba-136a1a73e30a Heaviness: 6 limit: 5
2019-09-25 07:27:37,698 [RatisPipelineUtilsThread] INFO  pipeline.PipelinePlacementPolicy (PipelinePlacementPolicy.java:meetCriteria(91)) - Pipeline Placement: can't place more pipeline on heavy datanode： ac29337b-1f05-44ab-baf7-0ad511ed26a1 Heaviness: 6 limit: 5
2019-09-25 07:27:37,699 [RatisPipelineUtilsThread] INFO  pipeline.PipelinePlacementPolicy (PipelinePlacementPolicy.java:meetCriteria(91)) - Pipeline Placement: can't place more pipeline on heavy datanode： 600943d5-c424-432f-84b9-a00c1c65f122 Heaviness: 6 limit: 5
2019-09-25 07:27:37,699 [RatisPipelineUtilsThread] INFO  pipeline.PipelinePlacementPolicy (PipelinePlacementPolicy.java:meetCriteria(91)) - Pipeline Placement: can't place more pipeline on heavy datanode： 253df5dc-ab25-4be3-9607-c7ead1a3aece Heaviness: 6 limit: 5
2019-09-25 07:27:37,699 [RatisPipelineUtilsThread] INFO  pipeline.PipelinePlacementPolicy (PipelinePlacementPolicy.java:meetCriteria(91)) - Pipeline Placement: can't place more pipeline on heavy datanode： d2544423-6c63-4eb7-9d0a-bffb9f2b5023 Heaviness: 6 limit: 5
2019-09-25 07:27:37,705 [grpc-default-executor-0] INFO  impl.RaftServerProxy (RaftServerProxy.java:addNew(89)) - ad28d3ec-40f8-4bc1-a274-453df443249c: addNew group-E82CD6074FF6:[ad28d3ec-40f8-4bc1-a274-453df443249c:192.168.151.106:42516] returns group-E82CD6074FF6:java.util.concurrent.CompletableFuture@7f78ef5e[Not completed]
2019-09-25 07:27:37,706 [pool-77-thread-1] INFO  impl.RaftServerImpl (RaftServerImpl.java:<init>(95)) - ad28d3ec-40f8-4bc1-a274-453df443249c: new RaftServerImpl for group-E82CD6074FF6:[ad28d3ec-40f8-4bc1-a274-453df443249c:192.168.151.106:42516] with ContainerStateMachine:uninitialized
2019-09-25 07:27:37,707 [pool-77-thread-1] INFO  server.RaftServerConfigKeys (ConfUtils.java:logGet(43)) - raft.server.rpc.timeout.min = 5s (custom)
2019-09-25 07:27:37,707 [pool-77-thread-1] INFO  server.RaftServerConfigKeys (ConfUtils.java:logGet(43)) - raft.server.rpc.timeout.max = 5200ms (custom)
2019-09-25 07:27:37,707 [pool-77-thread-1] INFO  server.RaftServerConfigKeys (ConfUtils.java:logGet(43)) - raft.server.rpcslowness.timeout = 120s (custom)
2019-09-25 07:27:37,707 [pool-77-thread-1] INFO  server.RaftServerConfigKeys (ConfUtils.java:logGet(43)) - raft.server.sleep.deviation.threshold = 300 (default)
2019-09-25 07:27:37,707 [pool-77-thread-1] INFO  server.RaftServerConfigKeys (ConfUtils.java:logGet(43)) - raft.server.log.appender.install.snapshot.enabled = false (custom)
2019-09-25 07:27:37,707 [pool-77-thread-1] INFO  impl.RaftServerImpl (ServerState.java:<init>(103)) - ad28d3ec-40f8-4bc1-a274-453df443249c@group-E82CD6074FF6: ConfigurationManager, init=-1: [ad28d3ec-40f8-4bc1-a274-453df443249c:192.168.151.106:42516], old=null, confs=<EMPTY_MAP>
2019-09-25 07:27:37,708 [pool-77-thread-1] INFO  server.RaftServerConfigKeys (ConfUtils.java:logGet(43)) - raft.server.storage.dir = [/workdir/hadoop-ozone/ozonefs/target/test-dir/MiniOzoneClusterImpl-336849c0-54e0-42a2-92e3-a8dd7e6e8d6a/datanode-5/data/ratis] (custom)
2019-09-25 07:27:37,708 [pool-77-thread-1] INFO  storage.RaftStorageDirectory (RaftStorageDirectory.java:analyzeStorage(246)) - The storage directory /workdir/hadoop-ozone/ozonefs/target/test-dir/MiniOzoneClusterImpl-336849c0-54e0-42a2-92e3-a8dd7e6e8d6a/datanode-5/data/ratis/0a9f941d-8973-430e-ac96-e82cd6074ff6 does not exist. Creating ...
2019-09-25 07:27:37,731 [pool-77-thread-1] INFO  storage.RaftStorageDirectory (RaftStorageDirectory.java:tryLock(328)) - Lock on /workdir/hadoop-ozone/ozonefs/target/test-dir/MiniOzoneClusterImpl-336849c0-54e0-42a2-92e3-a8dd7e6e8d6a/datanode-5/data/ratis/0a9f941d-8973-430e-ac96-e82cd6074ff6/in_use.lock acquired by nodename 14720@pr-hdds-1569-x2sr2-3486766547
2019-09-25 07:27:37,754 [pool-77-thread-1] INFO  storage.RaftStorage (RaftStorage.java:format(72)) - Storage directory /workdir/hadoop-ozone/ozonefs/target/test-dir/MiniOzoneClusterImpl-336849c0-54e0-42a2-92e3-a8dd7e6e8d6a/datanode-5/data/ratis/0a9f941d-8973-430e-ac96-e82cd6074ff6 has been successfully formatted.
2019-09-25 07:27:37,754 [pool-77-thread-1] INFO  ratis.ContainerStateMachine (ContainerStateMachine.java:loadSnapshot(230)) - group-E82CD6074FF6: The snapshot info is null. Setting the last applied indexto:(t:0, i:~)
2019-09-25 07:27:37,754 [pool-77-thread-1] INFO  server.RaftServerConfigKeys (ConfUtils.java:logGet(43)) - raft.server.notification.no-leader.timeout = 120s (custom)
2019-09-25 07:27:37,754 [pool-77-thread-1] INFO  server.RaftServerConfigKeys (ConfUtils.java:logGet(43)) - raft.server.log.use.memory = false (default)
2019-09-25 07:27:37,755 [pool-77-thread-1] INFO  server.RaftServerConfigKeys (ConfUtils.java:logGet(43)) - raft.server.log.purge.gap = 1000000 (custom)
2019-09-25 07:27:37,755 [pool-77-thread-1] INFO  server.RaftServerConfigKeys (ConfUtils.java:logGet(43)) - raft.server.log.appender.buffer.byte-limit = 33554432 (custom)
2019-09-25 07:27:37,755 [pool-77-thread-1] INFO  server.RaftServerConfigKeys (ConfUtils.java:logGet(43)) - raft.server.log.segment.size.max = 1048576 (custom)
2019-09-25 07:27:37,755 [pool-77-thread-1] INFO  server.RaftServerConfigKeys (ConfUtils.java:logGet(43)) - raft.server.log.segment.cache.num.max = 2 (custom)
2019-09-25 07:27:37,755 [pool-77-thread-1] INFO  segmented.SegmentedRaftLogWorker (SegmentedRaftLogWorker.java:<init>(172)) - new ad28d3ec-40f8-4bc1-a274-453df443249c@group-E82CD6074FF6-SegmentedRaftLogWorker for RaftStorage:Storage Directory /workdir/hadoop-ozone/ozonefs/target/test-dir/MiniOzoneClusterImpl-336849c0-54e0-42a2-92e3-a8dd7e6e8d6a/datanode-5/data/ratis/0a9f941d-8973-430e-ac96-e82cd6074ff6
2019-09-25 07:27:37,755 [pool-77-thread-1] INFO  server.RaftServerConfigKeys (ConfUtils.java:logGet(43)) - raft.server.log.queue.byte-limit = 2147483647 (custom)
2019-09-25 07:27:37,755 [pool-77-thread-1] INFO  server.RaftServerConfigKeys (ConfUtils.java:logGet(43)) - raft.server.log.queue.element-limit = 1024 (custom)
2019-09-25 07:27:37,756 [pool-77-thread-1] INFO  server.RaftServerConfigKeys (ConfUtils.java:logGet(43)) - raft.server.log.segment.size.max = 1048576 (custom)
2019-09-25 07:27:37,756 [pool-77-thread-1] INFO  server.RaftServerConfigKeys (ConfUtils.java:logGet(43)) - raft.server.log.preallocated.size = 16384 (custom)
2019-09-25 07:27:37,756 [pool-77-thread-1] INFO  server.RaftServerConfigKeys (ConfUtils.java:logGet(43)) - raft.server.log.write.buffer.size = 33554432 (custom)
2019-09-25 07:27:37,756 [pool-77-thread-1] INFO  server.RaftServerConfigKeys (ConfUtils.java:logGet(43)) - raft.server.log.force.sync.num = 128 (default)
2019-09-25 07:27:37,756 [pool-77-thread-1] INFO  server.RaftServerConfigKeys (ConfUtils.java:logGet(43)) - raft.server.log.statemachine.data.sync = true (default)
2019-09-25 07:27:37,756 [pool-77-thread-1] INFO  server.RaftServerConfigKeys (ConfUtils.java:logGet(43)) - raft.server.log.statemachine.data.sync.timeout = 10s (default)
2019-09-25 07:27:37,756 [pool-77-thread-1] INFO  server.RaftServerConfigKeys (ConfUtils.java:logGet(43)) - raft.server.log.statemachine.data.sync.timeout.retry = -1 (default)
2019-09-25 07:27:37,757 [pool-77-thread-1] INFO  server.RaftServerConfigKeys (ConfUtils.java:logGet(43)) - raft.server.log.statemachine.data.caching.enabled = true (custom)
2019-09-25 07:27:37,757 [pool-77-thread-1] INFO  segmented.SegmentedRaftLogWorker (SegmentedRaftLogWorker.java:lambda$new$0(132)) - ad28d3ec-40f8-4bc1-a274-453df443249c@group-E82CD6074FF6-SegmentedRaftLogWorker: flushIndex: setUnconditionally 0 -> -1
2019-09-25 07:27:37,757 [pool-77-thread-1] INFO  server.RaftServerConfigKeys (ConfUtils.java:logGet(43)) - raft.server.snapshot.auto.trigger.enabled = true (custom)
2019-09-25 07:27:37,758 [pool-77-thread-1] INFO  server.RaftServerConfigKeys (ConfUtils.java:logGet(43)) - raft.server.snapshot.auto.trigger.threshold = 10000 (custom)
2019-09-25 07:27:37,758 [pool-77-thread-1] INFO  server.RaftServerConfigKeys (ConfUtils.java:logGet(43)) - raft.server.snapshot.retention.num.files = 5 (custom)
2019-09-25 07:27:37,758 [pool-77-thread-1] INFO  server.RaftServerConfigKeys (ConfUtils.java:logGet(43)) - raft.server.retrycache.expirytime = 600000ms (custom)
2019-09-25 07:27:37,760 [pool-77-thread-1] INFO  impl.RaftServerImpl (RaftServerImpl.java:start(185)) - ad28d3ec-40f8-4bc1-a274-453df443249c@group-E82CD6074FF6: start as a follower, conf=-1: [ad28d3ec-40f8-4bc1-a274-453df443249c:192.168.151.106:42516], old=null
2019-09-25 07:27:37,761 [pool-77-thread-1] INFO  impl.RaftServerImpl (RaftServerImpl.java:setRole(174)) - ad28d3ec-40f8-4bc1-a274-453df443249c@group-E82CD6074FF6: changes role from      null to FOLLOWER at term 0 for startAsFollower
2019-09-25 07:27:37,761 [pool-77-thread-1] INFO  impl.RoleInfo (RoleInfo.java:updateAndGet(143)) - ad28d3ec-40f8-4bc1-a274-453df443249c: start FollowerState
2019-09-25 07:27:37,761 [pool-77-thread-1] INFO  util.JmxRegister (JmxRegister.java:tryRegister(44)) - Successfully registered JMX Bean with object name Ratis:service=RaftServer,group=group-E82CD6074FF6,id=ad28d3ec-40f8-4bc1-a274-453df443249c
2019-09-25 07:27:37,764 [RatisPipelineUtilsThread] INFO  pipeline.PipelineStateManager (PipelineStateManager.java:addPipeline(56)) - Created pipeline Pipeline[ Id: 0a9f941d-8973-430e-ac96-e82cd6074ff6, Nodes: ad28d3ec-40f8-4bc1-a274-453df443249c{ip: 192.168.151.106, host: pr-hdds-1569-x2sr2-3486766547, networkLocation: /default-rack, certSerialId: null}, Type:RATIS, Factor:ONE, State:OPEN]
2019-09-25 07:27:37,765 [RatisPipelineUtilsThread] INFO  pipeline.PipelinePlacementPolicy (PipelinePlacementPolicy.java:meetCriteria(91)) - Pipeline Placement: can't place more pipeline on heavy datanode： 50e45688-d85c-45e8-a8ba-136a1a73e30a Heaviness: 6 limit: 5
2019-09-25 07:27:37,765 [RatisPipelineUtilsThread] INFO  pipeline.PipelinePlacementPolicy (PipelinePlacementPolicy.java:meetCriteria(91)) - Pipeline Placement: can't place more pipeline on heavy datanode： ac29337b-1f05-44ab-baf7-0ad511ed26a1 Heaviness: 6 limit: 5
2019-09-25 07:27:37,765 [RatisPipelineUtilsThread] INFO  pipeline.PipelinePlacementPolicy (PipelinePlacementPolicy.java:meetCriteria(91)) - Pipeline Placement: can't place more pipeline on heavy datanode： 600943d5-c424-432f-84b9-a00c1c65f122 Heaviness: 6 limit: 5
2019-09-25 07:27:37,765 [RatisPipelineUtilsThread] INFO  pipeline.PipelinePlacementPolicy (PipelinePlacementPolicy.java:meetCriteria(91)) - Pipeline Placement: can't place more pipeline on heavy datanode： 253df5dc-ab25-4be3-9607-c7ead1a3aece Heaviness: 6 limit: 5
2019-09-25 07:27:37,765 [RatisPipelineUtilsThread] INFO  pipeline.PipelinePlacementPolicy (PipelinePlacementPolicy.java:meetCriteria(91)) - Pipeline Placement: can't place more pipeline on heavy datanode： d2544423-6c63-4eb7-9d0a-bffb9f2b5023 Heaviness: 6 limit: 5
2019-09-25 07:27:37,765 [RatisPipelineUtilsThread] INFO  pipeline.PipelinePlacementPolicy (PipelinePlacementPolicy.java:meetCriteria(91)) - Pipeline Placement: can't place more pipeline on heavy datanode： ad28d3ec-40f8-4bc1-a274-453df443249c Heaviness: 6 limit: 5
2019-09-25 07:27:37,771 [grpc-default-executor-0] INFO  impl.RaftServerProxy (RaftServerProxy.java:addNew(89)) - a0827fcf-c5ce-4373-8734-1ec063924bc7: addNew group-B1F9B620592A:[a0827fcf-c5ce-4373-8734-1ec063924bc7:192.168.151.106:34656] returns group-B1F9B620592A:java.util.concurrent.CompletableFuture@5a520fb[Not completed]
2019-09-25 07:27:37,771 [Thread-288] INFO  impl.FollowerState (FollowerState.java:run(106)) - a0827fcf-c5ce-4373-8734-1ec063924bc7:group-007998005EE4 changes to CANDIDATE, lastRpcTime:5192, electionTimeout:5190ms
2019-09-25 07:27:37,775 [Thread-288] INFO  impl.RoleInfo (RoleInfo.java:shutdownFollowerState(121)) - a0827fcf-c5ce-4373-8734-1ec063924bc7: shutdown FollowerState
2019-09-25 07:27:37,775 [Thread-288] INFO  impl.RaftServerImpl (RaftServerImpl.java:setRole(174)) - a0827fcf-c5ce-4373-8734-1ec063924bc7@group-007998005EE4: changes role from  FOLLOWER to CANDIDATE at term 0 for changeToCandidate
2019-09-25 07:27:37,775 [pool-97-thread-1] INFO  impl.RaftServerImpl (RaftServerImpl.java:<init>(95)) - a0827fcf-c5ce-4373-8734-1ec063924bc7: new RaftServerImpl for group-B1F9B620592A:[a0827fcf-c5ce-4373-8734-1ec063924bc7:192.168.151.106:34656] with ContainerStateMachine:uninitialized
2019-09-25 07:27:37,775 [Thread-288] INFO  impl.RoleInfo (RoleInfo.java:updateAndGet(143)) - a0827fcf-c5ce-4373-8734-1ec063924bc7: start LeaderElection
2019-09-25 07:27:37,775 [pool-97-thread-1] INFO  server.RaftServerConfigKeys (ConfUtils.java:logGet(43)) - raft.server.rpc.timeout.min = 5s (custom)
2019-09-25 07:27:37,776 [pool-97-thread-1] INFO  server.RaftServerConfigKeys (ConfUtils.java:logGet(43)) - raft.server.rpc.timeout.max = 5200ms (custom)
2019-09-25 07:27:37,778 [pool-97-thread-1] INFO  server.RaftServerConfigKeys (ConfUtils.java:logGet(43)) - raft.server.rpcslowness.timeout = 120s (custom)
2019-09-25 07:27:37,781 [pool-97-thread-1] INFO  server.RaftServerConfigKeys (ConfUtils.java:logGet(43)) - raft.server.sleep.deviation.threshold = 300 (default)
2019-09-25 07:27:37,781 [pool-97-thread-1] INFO  server.RaftServerConfigKeys (ConfUtils.java:logGet(43)) - raft.server.log.appender.install.snapshot.enabled = false (custom)
2019-09-25 07:27:37,782 [pool-97-thread-1] INFO  impl.RaftServerImpl (ServerState.java:<init>(103)) - a0827fcf-c5ce-4373-8734-1ec063924bc7@group-B1F9B620592A: ConfigurationManager, init=-1: [a0827fcf-c5ce-4373-8734-1ec063924bc7:192.168.151.106:34656], old=null, confs=<EMPTY_MAP>
2019-09-25 07:27:37,782 [pool-97-thread-1] INFO  server.RaftServerConfigKeys (ConfUtils.java:logGet(43)) - raft.server.storage.dir = [/workdir/hadoop-ozone/ozonefs/target/test-dir/MiniOzoneClusterImpl-336849c0-54e0-42a2-92e3-a8dd7e6e8d6a/datanode-7/data/ratis] (custom)
2019-09-25 07:27:37,782 [pool-97-thread-1] INFO  storage.RaftStorageDirectory (RaftStorageDirectory.java:analyzeStorage(246)) - The storage directory /workdir/hadoop-ozone/ozonefs/target/test-dir/MiniOzoneClusterImpl-336849c0-54e0-42a2-92e3-a8dd7e6e8d6a/datanode-7/data/ratis/dff6ed15-09c7-410c-b61c-b1f9b620592a does not exist. Creating ...
2019-09-25 07:27:37,795 [pool-97-thread-1] INFO  storage.RaftStorageDirectory (RaftStorageDirectory.java:tryLock(328)) - Lock on /workdir/hadoop-ozone/ozonefs/target/test-dir/MiniOzoneClusterImpl-336849c0-54e0-42a2-92e3-a8dd7e6e8d6a/datanode-7/data/ratis/dff6ed15-09c7-410c-b61c-b1f9b620592a/in_use.lock acquired by nodename 14720@pr-hdds-1569-x2sr2-3486766547
2019-09-25 07:27:37,796 [a0827fcf-c5ce-4373-8734-1ec063924bc7@group-007998005EE4:LeaderElection2] INFO  impl.LeaderElection (LeaderElection.java:askForVotes(182)) - a0827fcf-c5ce-4373-8734-1ec063924bc7@group-007998005EE4:LeaderElection2: begin an election at term 1 for -1: [a0827fcf-c5ce-4373-8734-1ec063924bc7:192.168.151.106:34656], old=null
2019-09-25 07:27:37,805 [a0827fcf-c5ce-4373-8734-1ec063924bc7@group-007998005EE4:LeaderElection2] INFO  impl.RoleInfo (RoleInfo.java:shutdownLeaderElection(134)) - a0827fcf-c5ce-4373-8734-1ec063924bc7: shutdown LeaderElection
2019-09-25 07:27:37,805 [a0827fcf-c5ce-4373-8734-1ec063924bc7@group-007998005EE4:LeaderElection2] INFO  impl.RaftServerImpl (RaftServerImpl.java:setRole(174)) - a0827fcf-c5ce-4373-8734-1ec063924bc7@group-007998005EE4: changes role from CANDIDATE to LEADER at term 1 for changeToLeader
2019-09-25 07:27:37,805 [a0827fcf-c5ce-4373-8734-1ec063924bc7@group-007998005EE4:LeaderElection2] INFO  impl.RaftServerImpl (ServerState.java:setLeader(253)) - a0827fcf-c5ce-4373-8734-1ec063924bc7@group-007998005EE4: change Leader from null to a0827fcf-c5ce-4373-8734-1ec063924bc7 at term 1 for becomeLeader, leader elected after 5250ms
2019-09-25 07:27:37,805 [a0827fcf-c5ce-4373-8734-1ec063924bc7@group-007998005EE4:LeaderElection2] INFO  server.RaftServerConfigKeys (ConfUtils.java:logGet(43)) - raft.server.staging.catchup.gap = 1000 (default)
2019-09-25 07:27:37,805 [a0827fcf-c5ce-4373-8734-1ec063924bc7@group-007998005EE4:LeaderElection2] INFO  server.RaftServerConfigKeys (ConfUtils.java:logGet(43)) - raft.server.rpc.sleep.time = 25ms (default)
2019-09-25 07:27:37,806 [a0827fcf-c5ce-4373-8734-1ec063924bc7@group-007998005EE4:LeaderElection2] INFO  server.RaftServerConfigKeys (ConfUtils.java:logGet(43)) - raft.server.write.element-limit = 4096 (default)
2019-09-25 07:27:37,806 [a0827fcf-c5ce-4373-8734-1ec063924bc7@group-007998005EE4:LeaderElection2] INFO  server.RaftServerConfigKeys (ConfUtils.java:logGet(43)) - raft.server.watch.timeout = 10s (default)
2019-09-25 07:27:37,806 [a0827fcf-c5ce-4373-8734-1ec063924bc7@group-007998005EE4:LeaderElection2] INFO  server.RaftServerConfigKeys (ConfUtils.java:logGet(43)) - raft.server.watch.timeout.denomination = 1s (default)
2019-09-25 07:27:37,806 [a0827fcf-c5ce-4373-8734-1ec063924bc7@group-007998005EE4:LeaderElection2] INFO  server.RaftServerConfigKeys (ConfUtils.java:logGet(43)) - raft.server.watch.element-limit = 65536 (default)
2019-09-25 07:27:37,809 [a0827fcf-c5ce-4373-8734-1ec063924bc7@group-007998005EE4:LeaderElection2] INFO  impl.RoleInfo (RoleInfo.java:updateAndGet(143)) - a0827fcf-c5ce-4373-8734-1ec063924bc7: start LeaderState
2019-09-25 07:27:37,809 [a0827fcf-c5ce-4373-8734-1ec063924bc7@group-007998005EE4:LeaderElection2] INFO  segmented.SegmentedRaftLogWorker (SegmentedRaftLogWorker.java:startLogSegment(380)) - a0827fcf-c5ce-4373-8734-1ec063924bc7@group-007998005EE4-SegmentedRaftLogWorker: Starting segment from index:0
2019-09-25 07:27:37,810 [a0827fcf-c5ce-4373-8734-1ec063924bc7@group-007998005EE4:LeaderElection2] INFO  impl.RaftServerImpl (ServerState.java:setRaftConf(354)) - a0827fcf-c5ce-4373-8734-1ec063924bc7@group-007998005EE4: set configuration 0: [a0827fcf-c5ce-4373-8734-1ec063924bc7:192.168.151.106:34656], old=null at 0
2019-09-25 07:27:37,842 [pool-97-thread-1] INFO  storage.RaftStorage (RaftStorage.java:format(72)) - Storage directory /workdir/hadoop-ozone/ozonefs/target/test-dir/MiniOzoneClusterImpl-336849c0-54e0-42a2-92e3-a8dd7e6e8d6a/datanode-7/data/ratis/dff6ed15-09c7-410c-b61c-b1f9b620592a has been successfully formatted.
2019-09-25 07:27:37,842 [pool-97-thread-1] INFO  ratis.ContainerStateMachine (ContainerStateMachine.java:loadSnapshot(230)) - group-B1F9B620592A: The snapshot info is null. Setting the last applied indexto:(t:0, i:~)
2019-09-25 07:27:37,842 [pool-97-thread-1] INFO  server.RaftServerConfigKeys (ConfUtils.java:logGet(43)) - raft.server.notification.no-leader.timeout = 120s (custom)
2019-09-25 07:27:37,842 [pool-97-thread-1] INFO  server.RaftServerConfigKeys (ConfUtils.java:logGet(43)) - raft.server.log.use.memory = false (default)
2019-09-25 07:27:37,843 [pool-97-thread-1] INFO  server.RaftServerConfigKeys (ConfUtils.java:logGet(43)) - raft.server.log.purge.gap = 1000000 (custom)
2019-09-25 07:27:37,843 [pool-97-thread-1] INFO  server.RaftServerConfigKeys (ConfUtils.java:logGet(43)) - raft.server.log.appender.buffer.byte-limit = 33554432 (custom)
2019-09-25 07:27:37,843 [pool-97-thread-1] INFO  server.RaftServerConfigKeys (ConfUtils.java:logGet(43)) - raft.server.log.segment.size.max = 1048576 (custom)
2019-09-25 07:27:37,843 [pool-97-thread-1] INFO  server.RaftServerConfigKeys (ConfUtils.java:logGet(43)) - raft.server.log.segment.cache.num.max = 2 (custom)
2019-09-25 07:27:37,843 [pool-97-thread-1] INFO  segmented.SegmentedRaftLogWorker (SegmentedRaftLogWorker.java:<init>(172)) - new a0827fcf-c5ce-4373-8734-1ec063924bc7@group-B1F9B620592A-SegmentedRaftLogWorker for RaftStorage:Storage Directory /workdir/hadoop-ozone/ozonefs/target/test-dir/MiniOzoneClusterImpl-336849c0-54e0-42a2-92e3-a8dd7e6e8d6a/datanode-7/data/ratis/dff6ed15-09c7-410c-b61c-b1f9b620592a
2019-09-25 07:27:37,843 [pool-97-thread-1] INFO  server.RaftServerConfigKeys (ConfUtils.java:logGet(43)) - raft.server.log.queue.byte-limit = 2147483647 (custom)
2019-09-25 07:27:37,844 [pool-97-thread-1] INFO  server.RaftServerConfigKeys (ConfUtils.java:logGet(43)) - raft.server.log.queue.element-limit = 1024 (custom)
2019-09-25 07:27:37,844 [pool-97-thread-1] INFO  server.RaftServerConfigKeys (ConfUtils.java:logGet(43)) - raft.server.log.segment.size.max = 1048576 (custom)
2019-09-25 07:27:37,844 [pool-97-thread-1] INFO  server.RaftServerConfigKeys (ConfUtils.java:logGet(43)) - raft.server.log.preallocated.size = 16384 (custom)
2019-09-25 07:27:37,844 [pool-97-thread-1] INFO  server.RaftServerConfigKeys (ConfUtils.java:logGet(43)) - raft.server.log.write.buffer.size = 33554432 (custom)
2019-09-25 07:27:37,844 [pool-97-thread-1] INFO  server.RaftServerConfigKeys (ConfUtils.java:logGet(43)) - raft.server.log.force.sync.num = 128 (default)
2019-09-25 07:27:37,844 [pool-97-thread-1] INFO  server.RaftServerConfigKeys (ConfUtils.java:logGet(43)) - raft.server.log.statemachine.data.sync = true (default)
2019-09-25 07:27:37,844 [pool-97-thread-1] INFO  server.RaftServerConfigKeys (ConfUtils.java:logGet(43)) - raft.server.log.statemachine.data.sync.timeout = 10s (default)
2019-09-25 07:27:37,845 [pool-97-thread-1] INFO  server.RaftServerConfigKeys (ConfUtils.java:logGet(43)) - raft.server.log.statemachine.data.sync.timeout.retry = -1 (default)
2019-09-25 07:27:37,845 [pool-97-thread-1] INFO  server.RaftServerConfigKeys (ConfUtils.java:logGet(43)) - raft.server.log.statemachine.data.caching.enabled = true (custom)
2019-09-25 07:27:37,845 [pool-97-thread-1] INFO  segmented.SegmentedRaftLogWorker (SegmentedRaftLogWorker.java:lambda$new$0(132)) - a0827fcf-c5ce-4373-8734-1ec063924bc7@group-B1F9B620592A-SegmentedRaftLogWorker: flushIndex: setUnconditionally 0 -> -1
2019-09-25 07:27:37,845 [pool-97-thread-1] INFO  server.RaftServerConfigKeys (ConfUtils.java:logGet(43)) - raft.server.snapshot.auto.trigger.enabled = true (custom)
2019-09-25 07:27:37,846 [pool-97-thread-1] INFO  server.RaftServerConfigKeys (ConfUtils.java:logGet(43)) - raft.server.snapshot.auto.trigger.threshold = 10000 (custom)
2019-09-25 07:27:37,846 [pool-97-thread-1] INFO  server.RaftServerConfigKeys (ConfUtils.java:logGet(43)) - raft.server.snapshot.retention.num.files = 5 (custom)
2019-09-25 07:27:37,846 [pool-97-thread-1] INFO  server.RaftServerConfigKeys (ConfUtils.java:logGet(43)) - raft.server.retrycache.expirytime = 600000ms (custom)
2019-09-25 07:27:37,848 [pool-97-thread-1] INFO  impl.RaftServerImpl (RaftServerImpl.java:start(185)) - a0827fcf-c5ce-4373-8734-1ec063924bc7@group-B1F9B620592A: start as a follower, conf=-1: [a0827fcf-c5ce-4373-8734-1ec063924bc7:192.168.151.106:34656], old=null
2019-09-25 07:27:37,849 [pool-97-thread-1] INFO  impl.RaftServerImpl (RaftServerImpl.java:setRole(174)) - a0827fcf-c5ce-4373-8734-1ec063924bc7@group-B1F9B620592A: changes role from      null to FOLLOWER at term 0 for startAsFollower
2019-09-25 07:27:37,849 [pool-97-thread-1] INFO  impl.RoleInfo (RoleInfo.java:updateAndGet(143)) - a0827fcf-c5ce-4373-8734-1ec063924bc7: start FollowerState
2019-09-25 07:27:37,849 [pool-97-thread-1] INFO  util.JmxRegister (JmxRegister.java:tryRegister(44)) - Successfully registered JMX Bean with object name Ratis:service=RaftServer,group=group-B1F9B620592A,id=a0827fcf-c5ce-4373-8734-1ec063924bc7
2019-09-25 07:27:37,852 [RatisPipelineUtilsThread] INFO  pipeline.PipelineStateManager (PipelineStateManager.java:addPipeline(56)) - Created pipeline Pipeline[ Id: dff6ed15-09c7-410c-b61c-b1f9b620592a, Nodes: a0827fcf-c5ce-4373-8734-1ec063924bc7{ip: 192.168.151.106, host: pr-hdds-1569-x2sr2-3486766547, networkLocation: /default-rack, certSerialId: null}, Type:RATIS, Factor:ONE, State:OPEN]
2019-09-25 07:27:37,852 [RatisPipelineUtilsThread] INFO  pipeline.PipelinePlacementPolicy (PipelinePlacementPolicy.java:meetCriteria(91)) - Pipeline Placement: can't place more pipeline on heavy datanode： 50e45688-d85c-45e8-a8ba-136a1a73e30a Heaviness: 6 limit: 5
2019-09-25 07:27:37,852 [RatisPipelineUtilsThread] INFO  pipeline.PipelinePlacementPolicy (PipelinePlacementPolicy.java:meetCriteria(91)) - Pipeline Placement: can't place more pipeline on heavy datanode： ac29337b-1f05-44ab-baf7-0ad511ed26a1 Heaviness: 6 limit: 5
2019-09-25 07:27:37,853 [RatisPipelineUtilsThread] INFO  pipeline.PipelinePlacementPolicy (PipelinePlacementPolicy.java:meetCriteria(91)) - Pipeline Placement: can't place more pipeline on heavy datanode： 600943d5-c424-432f-84b9-a00c1c65f122 Heaviness: 6 limit: 5
2019-09-25 07:27:37,853 [RatisPipelineUtilsThread] INFO  pipeline.PipelinePlacementPolicy (PipelinePlacementPolicy.java:meetCriteria(91)) - Pipeline Placement: can't place more pipeline on heavy datanode： 253df5dc-ab25-4be3-9607-c7ead1a3aece Heaviness: 6 limit: 5
2019-09-25 07:27:37,853 [RatisPipelineUtilsThread] INFO  pipeline.PipelinePlacementPolicy (PipelinePlacementPolicy.java:meetCriteria(91)) - Pipeline Placement: can't place more pipeline on heavy datanode： d2544423-6c63-4eb7-9d0a-bffb9f2b5023 Heaviness: 6 limit: 5
2019-09-25 07:27:37,853 [RatisPipelineUtilsThread] INFO  pipeline.PipelinePlacementPolicy (PipelinePlacementPolicy.java:meetCriteria(91)) - Pipeline Placement: can't place more pipeline on heavy datanode： ad28d3ec-40f8-4bc1-a274-453df443249c Heaviness: 6 limit: 5
2019-09-25 07:27:37,854 [a0827fcf-c5ce-4373-8734-1ec063924bc7@group-007998005EE4-SegmentedRaftLogWorker] INFO  segmented.SegmentedRaftLogWorker (SegmentedRaftLogWorker.java:execute(569)) - a0827fcf-c5ce-4373-8734-1ec063924bc7@group-007998005EE4-SegmentedRaftLogWorker: created new log segment /workdir/hadoop-ozone/ozonefs/target/test-dir/MiniOzoneClusterImpl-336849c0-54e0-42a2-92e3-a8dd7e6e8d6a/datanode-7/data/ratis/c847a3c5-cb7d-45c8-83cc-007998005ee4/current/log_inprogress_0
2019-09-25 07:27:37,859 [grpc-default-executor-0] INFO  impl.RaftServerProxy (RaftServerProxy.java:addNew(89)) - a0827fcf-c5ce-4373-8734-1ec063924bc7: addNew group-282282316310:[a0827fcf-c5ce-4373-8734-1ec063924bc7:192.168.151.106:34656] returns group-282282316310:java.util.concurrent.CompletableFuture@55aca086[Not completed]
2019-09-25 07:27:37,860 [pool-97-thread-1] INFO  impl.RaftServerImpl (RaftServerImpl.java:<init>(95)) - a0827fcf-c5ce-4373-8734-1ec063924bc7: new RaftServerImpl for group-282282316310:[a0827fcf-c5ce-4373-8734-1ec063924bc7:192.168.151.106:34656] with ContainerStateMachine:uninitialized
2019-09-25 07:27:37,860 [pool-97-thread-1] INFO  server.RaftServerConfigKeys (ConfUtils.java:logGet(43)) - raft.server.rpc.timeout.min = 5s (custom)
2019-09-25 07:27:37,861 [pool-97-thread-1] INFO  server.RaftServerConfigKeys (ConfUtils.java:logGet(43)) - raft.server.rpc.timeout.max = 5200ms (custom)
2019-09-25 07:27:37,861 [pool-97-thread-1] INFO  server.RaftServerConfigKeys (ConfUtils.java:logGet(43)) - raft.server.rpcslowness.timeout = 120s (custom)
2019-09-25 07:27:37,861 [pool-97-thread-1] INFO  server.RaftServerConfigKeys (ConfUtils.java:logGet(43)) - raft.server.sleep.deviation.threshold = 300 (default)
2019-09-25 07:27:37,861 [pool-97-thread-1] INFO  server.RaftServerConfigKeys (ConfUtils.java:logGet(43)) - raft.server.log.appender.install.snapshot.enabled = false (custom)
2019-09-25 07:27:37,861 [pool-97-thread-1] INFO  impl.RaftServerImpl (ServerState.java:<init>(103)) - a0827fcf-c5ce-4373-8734-1ec063924bc7@group-282282316310: ConfigurationManager, init=-1: [a0827fcf-c5ce-4373-8734-1ec063924bc7:192.168.151.106:34656], old=null, confs=<EMPTY_MAP>
2019-09-25 07:27:37,861 [pool-97-thread-1] INFO  server.RaftServerConfigKeys (ConfUtils.java:logGet(43)) - raft.server.storage.dir = [/workdir/hadoop-ozone/ozonefs/target/test-dir/MiniOzoneClusterImpl-336849c0-54e0-42a2-92e3-a8dd7e6e8d6a/datanode-7/data/ratis] (custom)
2019-09-25 07:27:37,862 [pool-97-thread-1] INFO  storage.RaftStorageDirectory (RaftStorageDirectory.java:analyzeStorage(246)) - The storage directory /workdir/hadoop-ozone/ozonefs/target/test-dir/MiniOzoneClusterImpl-336849c0-54e0-42a2-92e3-a8dd7e6e8d6a/datanode-7/data/ratis/90ec745d-536f-48f9-81bf-282282316310 does not exist. Creating ...
2019-09-25 07:27:37,878 [pool-97-thread-1] INFO  storage.RaftStorageDirectory (RaftStorageDirectory.java:tryLock(328)) - Lock on /workdir/hadoop-ozone/ozonefs/target/test-dir/MiniOzoneClusterImpl-336849c0-54e0-42a2-92e3-a8dd7e6e8d6a/datanode-7/data/ratis/90ec745d-536f-48f9-81bf-282282316310/in_use.lock acquired by nodename 14720@pr-hdds-1569-x2sr2-3486766547
2019-09-25 07:27:37,893 [pool-97-thread-1] INFO  storage.RaftStorage (RaftStorage.java:format(72)) - Storage directory /workdir/hadoop-ozone/ozonefs/target/test-dir/MiniOzoneClusterImpl-336849c0-54e0-42a2-92e3-a8dd7e6e8d6a/datanode-7/data/ratis/90ec745d-536f-48f9-81bf-282282316310 has been successfully formatted.
2019-09-25 07:27:37,893 [pool-97-thread-1] INFO  ratis.ContainerStateMachine (ContainerStateMachine.java:loadSnapshot(230)) - group-282282316310: The snapshot info is null. Setting the last applied indexto:(t:0, i:~)
2019-09-25 07:27:37,893 [pool-97-thread-1] INFO  server.RaftServerConfigKeys (ConfUtils.java:logGet(43)) - raft.server.notification.no-leader.timeout = 120s (custom)
2019-09-25 07:27:37,893 [pool-97-thread-1] INFO  server.RaftServerConfigKeys (ConfUtils.java:logGet(43)) - raft.server.log.use.memory = false (default)
2019-09-25 07:27:37,893 [pool-97-thread-1] INFO  server.RaftServerConfigKeys (ConfUtils.java:logGet(43)) - raft.server.log.purge.gap = 1000000 (custom)
2019-09-25 07:27:37,894 [pool-97-thread-1] INFO  server.RaftServerConfigKeys (ConfUtils.java:logGet(43)) - raft.server.log.appender.buffer.byte-limit = 33554432 (custom)
2019-09-25 07:27:37,894 [pool-97-thread-1] INFO  server.RaftServerConfigKeys (ConfUtils.java:logGet(43)) - raft.server.log.segment.size.max = 1048576 (custom)
2019-09-25 07:27:37,894 [pool-97-thread-1] INFO  server.RaftServerConfigKeys (ConfUtils.java:logGet(43)) - raft.server.log.segment.cache.num.max = 2 (custom)
2019-09-25 07:27:37,894 [pool-97-thread-1] INFO  segmented.SegmentedRaftLogWorker (SegmentedRaftLogWorker.java:<init>(172)) - new a0827fcf-c5ce-4373-8734-1ec063924bc7@group-282282316310-SegmentedRaftLogWorker for RaftStorage:Storage Directory /workdir/hadoop-ozone/ozonefs/target/test-dir/MiniOzoneClusterImpl-336849c0-54e0-42a2-92e3-a8dd7e6e8d6a/datanode-7/data/ratis/90ec745d-536f-48f9-81bf-282282316310
2019-09-25 07:27:37,894 [pool-97-thread-1] INFO  server.RaftServerConfigKeys (ConfUtils.java:logGet(43)) - raft.server.log.queue.byte-limit = 2147483647 (custom)
2019-09-25 07:27:37,894 [pool-97-thread-1] INFO  server.RaftServerConfigKeys (ConfUtils.java:logGet(43)) - raft.server.log.queue.element-limit = 1024 (custom)
2019-09-25 07:27:37,894 [pool-97-thread-1] INFO  server.RaftServerConfigKeys (ConfUtils.java:logGet(43)) - raft.server.log.segment.size.max = 1048576 (custom)
2019-09-25 07:27:37,895 [pool-97-thread-1] INFO  server.RaftServerConfigKeys (ConfUtils.java:logGet(43)) - raft.server.log.preallocated.size = 16384 (custom)
2019-09-25 07:27:37,895 [pool-97-thread-1] INFO  server.RaftServerConfigKeys (ConfUtils.java:logGet(43)) - raft.server.log.write.buffer.size = 33554432 (custom)
2019-09-25 07:27:37,895 [pool-97-thread-1] INFO  server.RaftServerConfigKeys (ConfUtils.java:logGet(43)) - raft.server.log.force.sync.num = 128 (default)
2019-09-25 07:27:37,895 [pool-97-thread-1] INFO  server.RaftServerConfigKeys (ConfUtils.java:logGet(43)) - raft.server.log.statemachine.data.sync = true (default)
2019-09-25 07:27:37,895 [pool-97-thread-1] INFO  server.RaftServerConfigKeys (ConfUtils.java:logGet(43)) - raft.server.log.statemachine.data.sync.timeout = 10s (default)
2019-09-25 07:27:37,895 [pool-97-thread-1] INFO  server.RaftServerConfigKeys (ConfUtils.java:logGet(43)) - raft.server.log.statemachine.data.sync.timeout.retry = -1 (default)
2019-09-25 07:27:37,895 [pool-97-thread-1] INFO  server.RaftServerConfigKeys (ConfUtils.java:logGet(43)) - raft.server.log.statemachine.data.caching.enabled = true (custom)
2019-09-25 07:27:37,896 [pool-97-thread-1] INFO  segmented.SegmentedRaftLogWorker (SegmentedRaftLogWorker.java:lambda$new$0(132)) - a0827fcf-c5ce-4373-8734-1ec063924bc7@group-282282316310-SegmentedRaftLogWorker: flushIndex: setUnconditionally 0 -> -1
2019-09-25 07:27:37,896 [pool-97-thread-1] INFO  server.RaftServerConfigKeys (ConfUtils.java:logGet(43)) - raft.server.snapshot.auto.trigger.enabled = true (custom)
2019-09-25 07:27:37,896 [pool-97-thread-1] INFO  server.RaftServerConfigKeys (ConfUtils.java:logGet(43)) - raft.server.snapshot.auto.trigger.threshold = 10000 (custom)
2019-09-25 07:27:37,896 [pool-97-thread-1] INFO  server.RaftServerConfigKeys (ConfUtils.java:logGet(43)) - raft.server.snapshot.retention.num.files = 5 (custom)
2019-09-25 07:27:37,896 [pool-97-thread-1] INFO  server.RaftServerConfigKeys (ConfUtils.java:logGet(43)) - raft.server.retrycache.expirytime = 600000ms (custom)
2019-09-25 07:27:37,899 [pool-97-thread-1] INFO  impl.RaftServerImpl (RaftServerImpl.java:start(185)) - a0827fcf-c5ce-4373-8734-1ec063924bc7@group-282282316310: start as a follower, conf=-1: [a0827fcf-c5ce-4373-8734-1ec063924bc7:192.168.151.106:34656], old=null
2019-09-25 07:27:37,899 [pool-97-thread-1] INFO  impl.RaftServerImpl (RaftServerImpl.java:setRole(174)) - a0827fcf-c5ce-4373-8734-1ec063924bc7@group-282282316310: changes role from      null to FOLLOWER at term 0 for startAsFollower
2019-09-25 07:27:37,899 [pool-97-thread-1] INFO  impl.RoleInfo (RoleInfo.java:updateAndGet(143)) - a0827fcf-c5ce-4373-8734-1ec063924bc7: start FollowerState
2019-09-25 07:27:37,899 [pool-97-thread-1] INFO  util.JmxRegister (JmxRegister.java:tryRegister(44)) - Successfully registered JMX Bean with object name Ratis:service=RaftServer,group=group-282282316310,id=a0827fcf-c5ce-4373-8734-1ec063924bc7
2019-09-25 07:27:37,902 [RatisPipelineUtilsThread] INFO  pipeline.PipelineStateManager (PipelineStateManager.java:addPipeline(56)) - Created pipeline Pipeline[ Id: 90ec745d-536f-48f9-81bf-282282316310, Nodes: a0827fcf-c5ce-4373-8734-1ec063924bc7{ip: 192.168.151.106, host: pr-hdds-1569-x2sr2-3486766547, networkLocation: /default-rack, certSerialId: null}, Type:RATIS, Factor:ONE, State:OPEN]
2019-09-25 07:27:37,903 [RatisPipelineUtilsThread] INFO  pipeline.PipelinePlacementPolicy (PipelinePlacementPolicy.java:meetCriteria(91)) - Pipeline Placement: can't place more pipeline on heavy datanode： 50e45688-d85c-45e8-a8ba-136a1a73e30a Heaviness: 6 limit: 5
2019-09-25 07:27:37,903 [RatisPipelineUtilsThread] INFO  pipeline.PipelinePlacementPolicy (PipelinePlacementPolicy.java:meetCriteria(91)) - Pipeline Placement: can't place more pipeline on heavy datanode： ac29337b-1f05-44ab-baf7-0ad511ed26a1 Heaviness: 6 limit: 5
2019-09-25 07:27:37,903 [RatisPipelineUtilsThread] INFO  pipeline.PipelinePlacementPolicy (PipelinePlacementPolicy.java:meetCriteria(91)) - Pipeline Placement: can't place more pipeline on heavy datanode： 600943d5-c424-432f-84b9-a00c1c65f122 Heaviness: 6 limit: 5
2019-09-25 07:27:37,903 [RatisPipelineUtilsThread] INFO  pipeline.PipelinePlacementPolicy (PipelinePlacementPolicy.java:meetCriteria(91)) - Pipeline Placement: can't place more pipeline on heavy datanode： 253df5dc-ab25-4be3-9607-c7ead1a3aece Heaviness: 6 limit: 5
2019-09-25 07:27:37,903 [RatisPipelineUtilsThread] INFO  pipeline.PipelinePlacementPolicy (PipelinePlacementPolicy.java:meetCriteria(91)) - Pipeline Placement: can't place more pipeline on heavy datanode： d2544423-6c63-4eb7-9d0a-bffb9f2b5023 Heaviness: 6 limit: 5
2019-09-25 07:27:37,904 [RatisPipelineUtilsThread] INFO  pipeline.PipelinePlacementPolicy (PipelinePlacementPolicy.java:meetCriteria(91)) - Pipeline Placement: can't place more pipeline on heavy datanode： ad28d3ec-40f8-4bc1-a274-453df443249c Heaviness: 6 limit: 5
2019-09-25 07:27:37,911 [grpc-default-executor-0] INFO  impl.RaftServerProxy (RaftServerProxy.java:addNew(89)) - 9cc18591-be2f-448e-af7e-d5f4fba8f5f7: addNew group-1BB00B411B38:[9cc18591-be2f-448e-af7e-d5f4fba8f5f7:192.168.151.106:36443] returns group-1BB00B411B38:java.util.concurrent.CompletableFuture@5cd64068[Not completed]
2019-09-25 07:27:37,912 [pool-37-thread-1] INFO  impl.RaftServerImpl (RaftServerImpl.java:<init>(95)) - 9cc18591-be2f-448e-af7e-d5f4fba8f5f7: new RaftServerImpl for group-1BB00B411B38:[9cc18591-be2f-448e-af7e-d5f4fba8f5f7:192.168.151.106:36443] with ContainerStateMachine:uninitialized
2019-09-25 07:27:37,913 [pool-37-thread-1] INFO  server.RaftServerConfigKeys (ConfUtils.java:logGet(43)) - raft.server.rpc.timeout.min = 5s (custom)
2019-09-25 07:27:37,913 [pool-37-thread-1] INFO  server.RaftServerConfigKeys (ConfUtils.java:logGet(43)) - raft.server.rpc.timeout.max = 5200ms (custom)
2019-09-25 07:27:37,913 [pool-37-thread-1] INFO  server.RaftServerConfigKeys (ConfUtils.java:logGet(43)) - raft.server.rpcslowness.timeout = 120s (custom)
2019-09-25 07:27:37,913 [pool-37-thread-1] INFO  server.RaftServerConfigKeys (ConfUtils.java:logGet(43)) - raft.server.sleep.deviation.threshold = 300 (default)
2019-09-25 07:27:37,913 [pool-37-thread-1] INFO  server.RaftServerConfigKeys (ConfUtils.java:logGet(43)) - raft.server.log.appender.install.snapshot.enabled = false (custom)
2019-09-25 07:27:37,913 [pool-37-thread-1] INFO  impl.RaftServerImpl (ServerState.java:<init>(103)) - 9cc18591-be2f-448e-af7e-d5f4fba8f5f7@group-1BB00B411B38: ConfigurationManager, init=-1: [9cc18591-be2f-448e-af7e-d5f4fba8f5f7:192.168.151.106:36443], old=null, confs=<EMPTY_MAP>
2019-09-25 07:27:37,913 [pool-37-thread-1] INFO  server.RaftServerConfigKeys (ConfUtils.java:logGet(43)) - raft.server.storage.dir = [/workdir/hadoop-ozone/ozonefs/target/test-dir/MiniOzoneClusterImpl-336849c0-54e0-42a2-92e3-a8dd7e6e8d6a/datanode-1/data/ratis] (custom)
2019-09-25 07:27:37,914 [pool-37-thread-1] INFO  storage.RaftStorageDirectory (RaftStorageDirectory.java:analyzeStorage(246)) - The storage directory /workdir/hadoop-ozone/ozonefs/target/test-dir/MiniOzoneClusterImpl-336849c0-54e0-42a2-92e3-a8dd7e6e8d6a/datanode-1/data/ratis/8954b5c2-7d93-4b3b-b079-1bb00b411b38 does not exist. Creating ...
2019-09-25 07:27:37,927 [pool-37-thread-1] INFO  storage.RaftStorageDirectory (RaftStorageDirectory.java:tryLock(328)) - Lock on /workdir/hadoop-ozone/ozonefs/target/test-dir/MiniOzoneClusterImpl-336849c0-54e0-42a2-92e3-a8dd7e6e8d6a/datanode-1/data/ratis/8954b5c2-7d93-4b3b-b079-1bb00b411b38/in_use.lock acquired by nodename 14720@pr-hdds-1569-x2sr2-3486766547
2019-09-25 07:27:37,939 [pool-37-thread-1] INFO  storage.RaftStorage (RaftStorage.java:format(72)) - Storage directory /workdir/hadoop-ozone/ozonefs/target/test-dir/MiniOzoneClusterImpl-336849c0-54e0-42a2-92e3-a8dd7e6e8d6a/datanode-1/data/ratis/8954b5c2-7d93-4b3b-b079-1bb00b411b38 has been successfully formatted.
2019-09-25 07:27:37,940 [pool-37-thread-1] INFO  ratis.ContainerStateMachine (ContainerStateMachine.java:loadSnapshot(230)) - group-1BB00B411B38: The snapshot info is null. Setting the last applied indexto:(t:0, i:~)
2019-09-25 07:27:37,940 [pool-37-thread-1] INFO  server.RaftServerConfigKeys (ConfUtils.java:logGet(43)) - raft.server.notification.no-leader.timeout = 120s (custom)
2019-09-25 07:27:37,940 [pool-37-thread-1] INFO  server.RaftServerConfigKeys (ConfUtils.java:logGet(43)) - raft.server.log.use.memory = false (default)
2019-09-25 07:27:37,940 [pool-37-thread-1] INFO  server.RaftServerConfigKeys (ConfUtils.java:logGet(43)) - raft.server.log.purge.gap = 1000000 (custom)
2019-09-25 07:27:37,941 [pool-37-thread-1] INFO  server.RaftServerConfigKeys (ConfUtils.java:logGet(43)) - raft.server.log.appender.buffer.byte-limit = 33554432 (custom)
2019-09-25 07:27:37,941 [pool-37-thread-1] INFO  server.RaftServerConfigKeys (ConfUtils.java:logGet(43)) - raft.server.log.segment.size.max = 1048576 (custom)
2019-09-25 07:27:37,941 [pool-37-thread-1] INFO  server.RaftServerConfigKeys (ConfUtils.java:logGet(43)) - raft.server.log.segment.cache.num.max = 2 (custom)
2019-09-25 07:27:37,941 [pool-37-thread-1] INFO  segmented.SegmentedRaftLogWorker (SegmentedRaftLogWorker.java:<init>(172)) - new 9cc18591-be2f-448e-af7e-d5f4fba8f5f7@group-1BB00B411B38-SegmentedRaftLogWorker for RaftStorage:Storage Directory /workdir/hadoop-ozone/ozonefs/target/test-dir/MiniOzoneClusterImpl-336849c0-54e0-42a2-92e3-a8dd7e6e8d6a/datanode-1/data/ratis/8954b5c2-7d93-4b3b-b079-1bb00b411b38
2019-09-25 07:27:37,941 [pool-37-thread-1] INFO  server.RaftServerConfigKeys (ConfUtils.java:logGet(43)) - raft.server.log.queue.byte-limit = 2147483647 (custom)
2019-09-25 07:27:37,941 [pool-37-thread-1] INFO  server.RaftServerConfigKeys (ConfUtils.java:logGet(43)) - raft.server.log.queue.element-limit = 1024 (custom)
2019-09-25 07:27:37,942 [pool-37-thread-1] INFO  server.RaftServerConfigKeys (ConfUtils.java:logGet(43)) - raft.server.log.segment.size.max = 1048576 (custom)
2019-09-25 07:27:37,942 [pool-37-thread-1] INFO  server.RaftServerConfigKeys (ConfUtils.java:logGet(43)) - raft.server.log.preallocated.size = 16384 (custom)
2019-09-25 07:27:37,942 [pool-37-thread-1] INFO  server.RaftServerConfigKeys (ConfUtils.java:logGet(43)) - raft.server.log.write.buffer.size = 33554432 (custom)
2019-09-25 07:27:37,942 [pool-37-thread-1] INFO  server.RaftServerConfigKeys (ConfUtils.java:logGet(43)) - raft.server.log.force.sync.num = 128 (default)
2019-09-25 07:27:37,942 [pool-37-thread-1] INFO  server.RaftServerConfigKeys (ConfUtils.java:logGet(43)) - raft.server.log.statemachine.data.sync = true (default)
2019-09-25 07:27:37,942 [pool-37-thread-1] INFO  server.RaftServerConfigKeys (ConfUtils.java:logGet(43)) - raft.server.log.statemachine.data.sync.timeout = 10s (default)
2019-09-25 07:27:37,943 [pool-37-thread-1] INFO  server.RaftServerConfigKeys (ConfUtils.java:logGet(43)) - raft.server.log.statemachine.data.sync.timeout.retry = -1 (default)
2019-09-25 07:27:37,943 [pool-37-thread-1] INFO  server.RaftServerConfigKeys (ConfUtils.java:logGet(43)) - raft.server.log.statemachine.data.caching.enabled = true (custom)
2019-09-25 07:27:37,943 [pool-37-thread-1] INFO  segmented.SegmentedRaftLogWorker (SegmentedRaftLogWorker.java:lambda$new$0(132)) - 9cc18591-be2f-448e-af7e-d5f4fba8f5f7@group-1BB00B411B38-SegmentedRaftLogWorker: flushIndex: setUnconditionally 0 -> -1
2019-09-25 07:27:37,943 [pool-37-thread-1] INFO  server.RaftServerConfigKeys (ConfUtils.java:logGet(43)) - raft.server.snapshot.auto.trigger.enabled = true (custom)
2019-09-25 07:27:37,944 [pool-37-thread-1] INFO  server.RaftServerConfigKeys (ConfUtils.java:logGet(43)) - raft.server.snapshot.auto.trigger.threshold = 10000 (custom)
2019-09-25 07:27:37,944 [pool-37-thread-1] INFO  server.RaftServerConfigKeys (ConfUtils.java:logGet(43)) - raft.server.snapshot.retention.num.files = 5 (custom)
2019-09-25 07:27:37,944 [pool-37-thread-1] INFO  server.RaftServerConfigKeys (ConfUtils.java:logGet(43)) - raft.server.retrycache.expirytime = 600000ms (custom)
2019-09-25 07:27:37,947 [pool-37-thread-1] INFO  impl.RaftServerImpl (RaftServerImpl.java:start(185)) - 9cc18591-be2f-448e-af7e-d5f4fba8f5f7@group-1BB00B411B38: start as a follower, conf=-1: [9cc18591-be2f-448e-af7e-d5f4fba8f5f7:192.168.151.106:36443], old=null
2019-09-25 07:27:37,947 [pool-37-thread-1] INFO  impl.RaftServerImpl (RaftServerImpl.java:setRole(174)) - 9cc18591-be2f-448e-af7e-d5f4fba8f5f7@group-1BB00B411B38: changes role from      null to FOLLOWER at term 0 for startAsFollower
2019-09-25 07:27:37,947 [pool-37-thread-1] INFO  impl.RoleInfo (RoleInfo.java:updateAndGet(143)) - 9cc18591-be2f-448e-af7e-d5f4fba8f5f7: start FollowerState
2019-09-25 07:27:37,947 [pool-37-thread-1] INFO  util.JmxRegister (JmxRegister.java:tryRegister(44)) - Successfully registered JMX Bean with object name Ratis:service=RaftServer,group=group-1BB00B411B38,id=9cc18591-be2f-448e-af7e-d5f4fba8f5f7
2019-09-25 07:27:37,951 [RatisPipelineUtilsThread] INFO  pipeline.PipelineStateManager (PipelineStateManager.java:addPipeline(56)) - Created pipeline Pipeline[ Id: 8954b5c2-7d93-4b3b-b079-1bb00b411b38, Nodes: 9cc18591-be2f-448e-af7e-d5f4fba8f5f7{ip: 192.168.151.106, host: pr-hdds-1569-x2sr2-3486766547, networkLocation: /default-rack, certSerialId: null}, Type:RATIS, Factor:ONE, State:OPEN]
2019-09-25 07:27:37,951 [RatisPipelineUtilsThread] INFO  pipeline.PipelinePlacementPolicy (PipelinePlacementPolicy.java:meetCriteria(91)) - Pipeline Placement: can't place more pipeline on heavy datanode： 50e45688-d85c-45e8-a8ba-136a1a73e30a Heaviness: 6 limit: 5
2019-09-25 07:27:37,951 [RatisPipelineUtilsThread] INFO  pipeline.PipelinePlacementPolicy (PipelinePlacementPolicy.java:meetCriteria(91)) - Pipeline Placement: can't place more pipeline on heavy datanode： ac29337b-1f05-44ab-baf7-0ad511ed26a1 Heaviness: 6 limit: 5
2019-09-25 07:27:37,951 [RatisPipelineUtilsThread] INFO  pipeline.PipelinePlacementPolicy (PipelinePlacementPolicy.java:meetCriteria(91)) - Pipeline Placement: can't place more pipeline on heavy datanode： 9cc18591-be2f-448e-af7e-d5f4fba8f5f7 Heaviness: 6 limit: 5
2019-09-25 07:27:37,952 [RatisPipelineUtilsThread] INFO  pipeline.PipelinePlacementPolicy (PipelinePlacementPolicy.java:meetCriteria(91)) - Pipeline Placement: can't place more pipeline on heavy datanode： 600943d5-c424-432f-84b9-a00c1c65f122 Heaviness: 6 limit: 5
2019-09-25 07:27:37,952 [RatisPipelineUtilsThread] INFO  pipeline.PipelinePlacementPolicy (PipelinePlacementPolicy.java:meetCriteria(91)) - Pipeline Placement: can't place more pipeline on heavy datanode： 253df5dc-ab25-4be3-9607-c7ead1a3aece Heaviness: 6 limit: 5
2019-09-25 07:27:37,952 [RatisPipelineUtilsThread] INFO  pipeline.PipelinePlacementPolicy (PipelinePlacementPolicy.java:meetCriteria(91)) - Pipeline Placement: can't place more pipeline on heavy datanode： d2544423-6c63-4eb7-9d0a-bffb9f2b5023 Heaviness: 6 limit: 5
2019-09-25 07:27:37,952 [RatisPipelineUtilsThread] INFO  pipeline.PipelinePlacementPolicy (PipelinePlacementPolicy.java:meetCriteria(91)) - Pipeline Placement: can't place more pipeline on heavy datanode： ad28d3ec-40f8-4bc1-a274-453df443249c Heaviness: 6 limit: 5
2019-09-25 07:27:37,958 [grpc-default-executor-0] INFO  impl.RaftServerProxy (RaftServerProxy.java:addNew(89)) - 94a1c681-cec5-47e9-bd86-59396c1e12e6: addNew group-C3C9CFCC795B:[94a1c681-cec5-47e9-bd86-59396c1e12e6:192.168.151.106:39666] returns group-C3C9CFCC795B:java.util.concurrent.CompletableFuture@3403ee1a[Not completed]
2019-09-25 07:27:37,960 [pool-117-thread-1] INFO  impl.RaftServerImpl (RaftServerImpl.java:<init>(95)) - 94a1c681-cec5-47e9-bd86-59396c1e12e6: new RaftServerImpl for group-C3C9CFCC795B:[94a1c681-cec5-47e9-bd86-59396c1e12e6:192.168.151.106:39666] with ContainerStateMachine:uninitialized
2019-09-25 07:27:37,960 [pool-117-thread-1] INFO  server.RaftServerConfigKeys (ConfUtils.java:logGet(43)) - raft.server.rpc.timeout.min = 5s (custom)
2019-09-25 07:27:37,960 [pool-117-thread-1] INFO  server.RaftServerConfigKeys (ConfUtils.java:logGet(43)) - raft.server.rpc.timeout.max = 5200ms (custom)
2019-09-25 07:27:37,960 [pool-117-thread-1] INFO  server.RaftServerConfigKeys (ConfUtils.java:logGet(43)) - raft.server.rpcslowness.timeout = 120s (custom)
2019-09-25 07:27:37,960 [pool-117-thread-1] INFO  server.RaftServerConfigKeys (ConfUtils.java:logGet(43)) - raft.server.sleep.deviation.threshold = 300 (default)
2019-09-25 07:27:37,961 [pool-117-thread-1] INFO  server.RaftServerConfigKeys (ConfUtils.java:logGet(43)) - raft.server.log.appender.install.snapshot.enabled = false (custom)
2019-09-25 07:27:37,961 [pool-117-thread-1] INFO  impl.RaftServerImpl (ServerState.java:<init>(103)) - 94a1c681-cec5-47e9-bd86-59396c1e12e6@group-C3C9CFCC795B: ConfigurationManager, init=-1: [94a1c681-cec5-47e9-bd86-59396c1e12e6:192.168.151.106:39666], old=null, confs=<EMPTY_MAP>
2019-09-25 07:27:37,961 [pool-117-thread-1] INFO  server.RaftServerConfigKeys (ConfUtils.java:logGet(43)) - raft.server.storage.dir = [/workdir/hadoop-ozone/ozonefs/target/test-dir/MiniOzoneClusterImpl-336849c0-54e0-42a2-92e3-a8dd7e6e8d6a/datanode-9/data/ratis] (custom)
2019-09-25 07:27:37,962 [pool-117-thread-1] INFO  storage.RaftStorageDirectory (RaftStorageDirectory.java:analyzeStorage(246)) - The storage directory /workdir/hadoop-ozone/ozonefs/target/test-dir/MiniOzoneClusterImpl-336849c0-54e0-42a2-92e3-a8dd7e6e8d6a/datanode-9/data/ratis/d8399cda-bd5e-471d-815d-c3c9cfcc795b does not exist. Creating ...
2019-09-25 07:27:38,004 [pool-117-thread-1] INFO  storage.RaftStorageDirectory (RaftStorageDirectory.java:tryLock(328)) - Lock on /workdir/hadoop-ozone/ozonefs/target/test-dir/MiniOzoneClusterImpl-336849c0-54e0-42a2-92e3-a8dd7e6e8d6a/datanode-9/data/ratis/d8399cda-bd5e-471d-815d-c3c9cfcc795b/in_use.lock acquired by nodename 14720@pr-hdds-1569-x2sr2-3486766547
2019-09-25 07:27:38,027 [pool-117-thread-1] INFO  storage.RaftStorage (RaftStorage.java:format(72)) - Storage directory /workdir/hadoop-ozone/ozonefs/target/test-dir/MiniOzoneClusterImpl-336849c0-54e0-42a2-92e3-a8dd7e6e8d6a/datanode-9/data/ratis/d8399cda-bd5e-471d-815d-c3c9cfcc795b has been successfully formatted.
2019-09-25 07:27:38,028 [pool-117-thread-1] INFO  ratis.ContainerStateMachine (ContainerStateMachine.java:loadSnapshot(230)) - group-C3C9CFCC795B: The snapshot info is null. Setting the last applied indexto:(t:0, i:~)
2019-09-25 07:27:38,028 [pool-117-thread-1] INFO  server.RaftServerConfigKeys (ConfUtils.java:logGet(43)) - raft.server.notification.no-leader.timeout = 120s (custom)
2019-09-25 07:27:38,028 [pool-117-thread-1] INFO  server.RaftServerConfigKeys (ConfUtils.java:logGet(43)) - raft.server.log.use.memory = false (default)
2019-09-25 07:27:38,028 [pool-117-thread-1] INFO  server.RaftServerConfigKeys (ConfUtils.java:logGet(43)) - raft.server.log.purge.gap = 1000000 (custom)
2019-09-25 07:27:38,028 [pool-117-thread-1] INFO  server.RaftServerConfigKeys (ConfUtils.java:logGet(43)) - raft.server.log.appender.buffer.byte-limit = 33554432 (custom)
2019-09-25 07:27:38,028 [pool-117-thread-1] INFO  server.RaftServerConfigKeys (ConfUtils.java:logGet(43)) - raft.server.log.segment.size.max = 1048576 (custom)
2019-09-25 07:27:38,029 [pool-117-thread-1] INFO  server.RaftServerConfigKeys (ConfUtils.java:logGet(43)) - raft.server.log.segment.cache.num.max = 2 (custom)
2019-09-25 07:27:38,029 [pool-117-thread-1] INFO  segmented.SegmentedRaftLogWorker (SegmentedRaftLogWorker.java:<init>(172)) - new 94a1c681-cec5-47e9-bd86-59396c1e12e6@group-C3C9CFCC795B-SegmentedRaftLogWorker for RaftStorage:Storage Directory /workdir/hadoop-ozone/ozonefs/target/test-dir/MiniOzoneClusterImpl-336849c0-54e0-42a2-92e3-a8dd7e6e8d6a/datanode-9/data/ratis/d8399cda-bd5e-471d-815d-c3c9cfcc795b
2019-09-25 07:27:38,029 [pool-117-thread-1] INFO  server.RaftServerConfigKeys (ConfUtils.java:logGet(43)) - raft.server.log.queue.byte-limit = 2147483647 (custom)
2019-09-25 07:27:38,029 [pool-117-thread-1] INFO  server.RaftServerConfigKeys (ConfUtils.java:logGet(43)) - raft.server.log.queue.element-limit = 1024 (custom)
2019-09-25 07:27:38,029 [pool-117-thread-1] INFO  server.RaftServerConfigKeys (ConfUtils.java:logGet(43)) - raft.server.log.segment.size.max = 1048576 (custom)
2019-09-25 07:27:38,029 [pool-117-thread-1] INFO  server.RaftServerConfigKeys (ConfUtils.java:logGet(43)) - raft.server.log.preallocated.size = 16384 (custom)
2019-09-25 07:27:38,029 [pool-117-thread-1] INFO  server.RaftServerConfigKeys (ConfUtils.java:logGet(43)) - raft.server.log.write.buffer.size = 33554432 (custom)
2019-09-25 07:27:38,029 [pool-117-thread-1] INFO  server.RaftServerConfigKeys (ConfUtils.java:logGet(43)) - raft.server.log.force.sync.num = 128 (default)
2019-09-25 07:27:38,029 [pool-117-thread-1] INFO  server.RaftServerConfigKeys (ConfUtils.java:logGet(43)) - raft.server.log.statemachine.data.sync = true (default)
2019-09-25 07:27:38,030 [pool-117-thread-1] INFO  server.RaftServerConfigKeys (ConfUtils.java:logGet(43)) - raft.server.log.statemachine.data.sync.timeout = 10s (default)
2019-09-25 07:27:38,030 [pool-117-thread-1] INFO  server.RaftServerConfigKeys (ConfUtils.java:logGet(43)) - raft.server.log.statemachine.data.sync.timeout.retry = -1 (default)
2019-09-25 07:27:38,030 [pool-117-thread-1] INFO  server.RaftServerConfigKeys (ConfUtils.java:logGet(43)) - raft.server.log.statemachine.data.caching.enabled = true (custom)
2019-09-25 07:27:38,030 [pool-117-thread-1] INFO  segmented.SegmentedRaftLogWorker (SegmentedRaftLogWorker.java:lambda$new$0(132)) - 94a1c681-cec5-47e9-bd86-59396c1e12e6@group-C3C9CFCC795B-SegmentedRaftLogWorker: flushIndex: setUnconditionally 0 -> -1
2019-09-25 07:27:38,030 [pool-117-thread-1] INFO  server.RaftServerConfigKeys (ConfUtils.java:logGet(43)) - raft.server.snapshot.auto.trigger.enabled = true (custom)
2019-09-25 07:27:38,031 [pool-117-thread-1] INFO  server.RaftServerConfigKeys (ConfUtils.java:logGet(43)) - raft.server.snapshot.auto.trigger.threshold = 10000 (custom)
2019-09-25 07:27:38,031 [pool-117-thread-1] INFO  server.RaftServerConfigKeys (ConfUtils.java:logGet(43)) - raft.server.snapshot.retention.num.files = 5 (custom)
2019-09-25 07:27:38,031 [pool-117-thread-1] INFO  server.RaftServerConfigKeys (ConfUtils.java:logGet(43)) - raft.server.retrycache.expirytime = 600000ms (custom)
2019-09-25 07:27:38,033 [pool-117-thread-1] INFO  impl.RaftServerImpl (RaftServerImpl.java:start(185)) - 94a1c681-cec5-47e9-bd86-59396c1e12e6@group-C3C9CFCC795B: start as a follower, conf=-1: [94a1c681-cec5-47e9-bd86-59396c1e12e6:192.168.151.106:39666], old=null
2019-09-25 07:27:38,033 [pool-117-thread-1] INFO  impl.RaftServerImpl (RaftServerImpl.java:setRole(174)) - 94a1c681-cec5-47e9-bd86-59396c1e12e6@group-C3C9CFCC795B: changes role from      null to FOLLOWER at term 0 for startAsFollower
2019-09-25 07:27:38,033 [pool-117-thread-1] INFO  impl.RoleInfo (RoleInfo.java:updateAndGet(143)) - 94a1c681-cec5-47e9-bd86-59396c1e12e6: start FollowerState
2019-09-25 07:27:38,034 [pool-117-thread-1] INFO  util.JmxRegister (JmxRegister.java:tryRegister(44)) - Successfully registered JMX Bean with object name Ratis:service=RaftServer,group=group-C3C9CFCC795B,id=94a1c681-cec5-47e9-bd86-59396c1e12e6
2019-09-25 07:27:38,037 [RatisPipelineUtilsThread] INFO  pipeline.PipelineStateManager (PipelineStateManager.java:addPipeline(56)) - Created pipeline Pipeline[ Id: d8399cda-bd5e-471d-815d-c3c9cfcc795b, Nodes: 94a1c681-cec5-47e9-bd86-59396c1e12e6{ip: 192.168.151.106, host: pr-hdds-1569-x2sr2-3486766547, networkLocation: /default-rack, certSerialId: null}, Type:RATIS, Factor:ONE, State:OPEN]
2019-09-25 07:27:38,037 [RatisPipelineUtilsThread] INFO  pipeline.PipelinePlacementPolicy (PipelinePlacementPolicy.java:meetCriteria(91)) - Pipeline Placement: can't place more pipeline on heavy datanode： 50e45688-d85c-45e8-a8ba-136a1a73e30a Heaviness: 6 limit: 5
2019-09-25 07:27:38,037 [RatisPipelineUtilsThread] INFO  pipeline.PipelinePlacementPolicy (PipelinePlacementPolicy.java:meetCriteria(91)) - Pipeline Placement: can't place more pipeline on heavy datanode： ac29337b-1f05-44ab-baf7-0ad511ed26a1 Heaviness: 6 limit: 5
2019-09-25 07:27:38,037 [RatisPipelineUtilsThread] INFO  pipeline.PipelinePlacementPolicy (PipelinePlacementPolicy.java:meetCriteria(91)) - Pipeline Placement: can't place more pipeline on heavy datanode： 9cc18591-be2f-448e-af7e-d5f4fba8f5f7 Heaviness: 6 limit: 5
2019-09-25 07:27:38,038 [RatisPipelineUtilsThread] INFO  pipeline.PipelinePlacementPolicy (PipelinePlacementPolicy.java:meetCriteria(91)) - Pipeline Placement: can't place more pipeline on heavy datanode： 600943d5-c424-432f-84b9-a00c1c65f122 Heaviness: 6 limit: 5
2019-09-25 07:27:38,038 [RatisPipelineUtilsThread] INFO  pipeline.PipelinePlacementPolicy (PipelinePlacementPolicy.java:meetCriteria(91)) - Pipeline Placement: can't place more pipeline on heavy datanode： 253df5dc-ab25-4be3-9607-c7ead1a3aece Heaviness: 6 limit: 5
2019-09-25 07:27:38,038 [RatisPipelineUtilsThread] INFO  pipeline.PipelinePlacementPolicy (PipelinePlacementPolicy.java:meetCriteria(91)) - Pipeline Placement: can't place more pipeline on heavy datanode： d2544423-6c63-4eb7-9d0a-bffb9f2b5023 Heaviness: 6 limit: 5
2019-09-25 07:27:38,038 [RatisPipelineUtilsThread] INFO  pipeline.PipelinePlacementPolicy (PipelinePlacementPolicy.java:meetCriteria(91)) - Pipeline Placement: can't place more pipeline on heavy datanode： ad28d3ec-40f8-4bc1-a274-453df443249c Heaviness: 6 limit: 5
2019-09-25 07:27:38,045 [grpc-default-executor-0] INFO  impl.RaftServerProxy (RaftServerProxy.java:addNew(89)) - 94a1c681-cec5-47e9-bd86-59396c1e12e6: addNew group-577B8954E6D7:[94a1c681-cec5-47e9-bd86-59396c1e12e6:192.168.151.106:39666] returns group-577B8954E6D7:java.util.concurrent.CompletableFuture@6a73c28f[Not completed]
2019-09-25 07:27:38,046 [pool-117-thread-1] INFO  impl.RaftServerImpl (RaftServerImpl.java:<init>(95)) - 94a1c681-cec5-47e9-bd86-59396c1e12e6: new RaftServerImpl for group-577B8954E6D7:[94a1c681-cec5-47e9-bd86-59396c1e12e6:192.168.151.106:39666] with ContainerStateMachine:uninitialized
2019-09-25 07:27:38,046 [pool-117-thread-1] INFO  server.RaftServerConfigKeys (ConfUtils.java:logGet(43)) - raft.server.rpc.timeout.min = 5s (custom)
2019-09-25 07:27:38,046 [pool-117-thread-1] INFO  server.RaftServerConfigKeys (ConfUtils.java:logGet(43)) - raft.server.rpc.timeout.max = 5200ms (custom)
2019-09-25 07:27:38,046 [pool-117-thread-1] INFO  server.RaftServerConfigKeys (ConfUtils.java:logGet(43)) - raft.server.rpcslowness.timeout = 120s (custom)
2019-09-25 07:27:38,046 [pool-117-thread-1] INFO  server.RaftServerConfigKeys (ConfUtils.java:logGet(43)) - raft.server.sleep.deviation.threshold = 300 (default)
2019-09-25 07:27:38,046 [pool-117-thread-1] INFO  server.RaftServerConfigKeys (ConfUtils.java:logGet(43)) - raft.server.log.appender.install.snapshot.enabled = false (custom)
2019-09-25 07:27:38,046 [pool-117-thread-1] INFO  impl.RaftServerImpl (ServerState.java:<init>(103)) - 94a1c681-cec5-47e9-bd86-59396c1e12e6@group-577B8954E6D7: ConfigurationManager, init=-1: [94a1c681-cec5-47e9-bd86-59396c1e12e6:192.168.151.106:39666], old=null, confs=<EMPTY_MAP>
2019-09-25 07:27:38,046 [pool-117-thread-1] INFO  server.RaftServerConfigKeys (ConfUtils.java:logGet(43)) - raft.server.storage.dir = [/workdir/hadoop-ozone/ozonefs/target/test-dir/MiniOzoneClusterImpl-336849c0-54e0-42a2-92e3-a8dd7e6e8d6a/datanode-9/data/ratis] (custom)
2019-09-25 07:27:38,047 [pool-117-thread-1] INFO  storage.RaftStorageDirectory (RaftStorageDirectory.java:analyzeStorage(246)) - The storage directory /workdir/hadoop-ozone/ozonefs/target/test-dir/MiniOzoneClusterImpl-336849c0-54e0-42a2-92e3-a8dd7e6e8d6a/datanode-9/data/ratis/ee49879e-2d69-4c5b-b697-577b8954e6d7 does not exist. Creating ...
2019-09-25 07:27:38,069 [pool-117-thread-1] INFO  storage.RaftStorageDirectory (RaftStorageDirectory.java:tryLock(328)) - Lock on /workdir/hadoop-ozone/ozonefs/target/test-dir/MiniOzoneClusterImpl-336849c0-54e0-42a2-92e3-a8dd7e6e8d6a/datanode-9/data/ratis/ee49879e-2d69-4c5b-b697-577b8954e6d7/in_use.lock acquired by nodename 14720@pr-hdds-1569-x2sr2-3486766547
2019-09-25 07:27:38,094 [pool-117-thread-1] INFO  storage.RaftStorage (RaftStorage.java:format(72)) - Storage directory /workdir/hadoop-ozone/ozonefs/target/test-dir/MiniOzoneClusterImpl-336849c0-54e0-42a2-92e3-a8dd7e6e8d6a/datanode-9/data/ratis/ee49879e-2d69-4c5b-b697-577b8954e6d7 has been successfully formatted.
2019-09-25 07:27:38,095 [pool-117-thread-1] INFO  ratis.ContainerStateMachine (ContainerStateMachine.java:loadSnapshot(230)) - group-577B8954E6D7: The snapshot info is null. Setting the last applied indexto:(t:0, i:~)
2019-09-25 07:27:38,095 [pool-117-thread-1] INFO  server.RaftServerConfigKeys (ConfUtils.java:logGet(43)) - raft.server.notification.no-leader.timeout = 120s (custom)
2019-09-25 07:27:38,095 [pool-117-thread-1] INFO  server.RaftServerConfigKeys (ConfUtils.java:logGet(43)) - raft.server.log.use.memory = false (default)
2019-09-25 07:27:38,095 [pool-117-thread-1] INFO  server.RaftServerConfigKeys (ConfUtils.java:logGet(43)) - raft.server.log.purge.gap = 1000000 (custom)
2019-09-25 07:27:38,095 [pool-117-thread-1] INFO  server.RaftServerConfigKeys (ConfUtils.java:logGet(43)) - raft.server.log.appender.buffer.byte-limit = 33554432 (custom)
2019-09-25 07:27:38,095 [pool-117-thread-1] INFO  server.RaftServerConfigKeys (ConfUtils.java:logGet(43)) - raft.server.log.segment.size.max = 1048576 (custom)
2019-09-25 07:27:38,095 [pool-117-thread-1] INFO  server.RaftServerConfigKeys (ConfUtils.java:logGet(43)) - raft.server.log.segment.cache.num.max = 2 (custom)
2019-09-25 07:27:38,095 [pool-117-thread-1] INFO  segmented.SegmentedRaftLogWorker (SegmentedRaftLogWorker.java:<init>(172)) - new 94a1c681-cec5-47e9-bd86-59396c1e12e6@group-577B8954E6D7-SegmentedRaftLogWorker for RaftStorage:Storage Directory /workdir/hadoop-ozone/ozonefs/target/test-dir/MiniOzoneClusterImpl-336849c0-54e0-42a2-92e3-a8dd7e6e8d6a/datanode-9/data/ratis/ee49879e-2d69-4c5b-b697-577b8954e6d7
2019-09-25 07:27:38,095 [pool-117-thread-1] INFO  server.RaftServerConfigKeys (ConfUtils.java:logGet(43)) - raft.server.log.queue.byte-limit = 2147483647 (custom)
2019-09-25 07:27:38,096 [pool-117-thread-1] INFO  server.RaftServerConfigKeys (ConfUtils.java:logGet(43)) - raft.server.log.queue.element-limit = 1024 (custom)
2019-09-25 07:27:38,096 [pool-117-thread-1] INFO  server.RaftServerConfigKeys (ConfUtils.java:logGet(43)) - raft.server.log.segment.size.max = 1048576 (custom)
2019-09-25 07:27:38,096 [pool-117-thread-1] INFO  server.RaftServerConfigKeys (ConfUtils.java:logGet(43)) - raft.server.log.preallocated.size = 16384 (custom)
2019-09-25 07:27:38,096 [pool-117-thread-1] INFO  server.RaftServerConfigKeys (ConfUtils.java:logGet(43)) - raft.server.log.write.buffer.size = 33554432 (custom)
2019-09-25 07:27:38,096 [pool-117-thread-1] INFO  server.RaftServerConfigKeys (ConfUtils.java:logGet(43)) - raft.server.log.force.sync.num = 128 (default)
2019-09-25 07:27:38,096 [pool-117-thread-1] INFO  server.RaftServerConfigKeys (ConfUtils.java:logGet(43)) - raft.server.log.statemachine.data.sync = true (default)
2019-09-25 07:27:38,096 [pool-117-thread-1] INFO  server.RaftServerConfigKeys (ConfUtils.java:logGet(43)) - raft.server.log.statemachine.data.sync.timeout = 10s (default)
2019-09-25 07:27:38,096 [pool-117-thread-1] INFO  server.RaftServerConfigKeys (ConfUtils.java:logGet(43)) - raft.server.log.statemachine.data.sync.timeout.retry = -1 (default)
2019-09-25 07:27:38,096 [pool-117-thread-1] INFO  server.RaftServerConfigKeys (ConfUtils.java:logGet(43)) - raft.server.log.statemachine.data.caching.enabled = true (custom)
2019-09-25 07:27:38,097 [pool-117-thread-1] INFO  segmented.SegmentedRaftLogWorker (SegmentedRaftLogWorker.java:lambda$new$0(132)) - 94a1c681-cec5-47e9-bd86-59396c1e12e6@group-577B8954E6D7-SegmentedRaftLogWorker: flushIndex: setUnconditionally 0 -> -1
2019-09-25 07:27:38,097 [pool-117-thread-1] INFO  server.RaftServerConfigKeys (ConfUtils.java:logGet(43)) - raft.server.snapshot.auto.trigger.enabled = true (custom)
2019-09-25 07:27:38,097 [pool-117-thread-1] INFO  server.RaftServerConfigKeys (ConfUtils.java:logGet(43)) - raft.server.snapshot.auto.trigger.threshold = 10000 (custom)
2019-09-25 07:27:38,097 [pool-117-thread-1] INFO  server.RaftServerConfigKeys (ConfUtils.java:logGet(43)) - raft.server.snapshot.retention.num.files = 5 (custom)
2019-09-25 07:27:38,097 [pool-117-thread-1] INFO  server.RaftServerConfigKeys (ConfUtils.java:logGet(43)) - raft.server.retrycache.expirytime = 600000ms (custom)
2019-09-25 07:27:38,099 [pool-117-thread-1] INFO  impl.RaftServerImpl (RaftServerImpl.java:start(185)) - 94a1c681-cec5-47e9-bd86-59396c1e12e6@group-577B8954E6D7: start as a follower, conf=-1: [94a1c681-cec5-47e9-bd86-59396c1e12e6:192.168.151.106:39666], old=null
2019-09-25 07:27:38,099 [pool-117-thread-1] INFO  impl.RaftServerImpl (RaftServerImpl.java:setRole(174)) - 94a1c681-cec5-47e9-bd86-59396c1e12e6@group-577B8954E6D7: changes role from      null to FOLLOWER at term 0 for startAsFollower
2019-09-25 07:27:38,099 [pool-117-thread-1] INFO  impl.RoleInfo (RoleInfo.java:updateAndGet(143)) - 94a1c681-cec5-47e9-bd86-59396c1e12e6: start FollowerState
2019-09-25 07:27:38,100 [pool-117-thread-1] INFO  util.JmxRegister (JmxRegister.java:tryRegister(44)) - Successfully registered JMX Bean with object name Ratis:service=RaftServer,group=group-577B8954E6D7,id=94a1c681-cec5-47e9-bd86-59396c1e12e6
2019-09-25 07:27:38,103 [RatisPipelineUtilsThread] INFO  pipeline.PipelineStateManager (PipelineStateManager.java:addPipeline(56)) - Created pipeline Pipeline[ Id: ee49879e-2d69-4c5b-b697-577b8954e6d7, Nodes: 94a1c681-cec5-47e9-bd86-59396c1e12e6{ip: 192.168.151.106, host: pr-hdds-1569-x2sr2-3486766547, networkLocation: /default-rack, certSerialId: null}, Type:RATIS, Factor:ONE, State:OPEN]
2019-09-25 07:27:38,103 [RatisPipelineUtilsThread] INFO  pipeline.PipelinePlacementPolicy (PipelinePlacementPolicy.java:meetCriteria(91)) - Pipeline Placement: can't place more pipeline on heavy datanode： 50e45688-d85c-45e8-a8ba-136a1a73e30a Heaviness: 6 limit: 5
2019-09-25 07:27:38,103 [RatisPipelineUtilsThread] INFO  pipeline.PipelinePlacementPolicy (PipelinePlacementPolicy.java:meetCriteria(91)) - Pipeline Placement: can't place more pipeline on heavy datanode： ac29337b-1f05-44ab-baf7-0ad511ed26a1 Heaviness: 6 limit: 5
2019-09-25 07:27:38,103 [RatisPipelineUtilsThread] INFO  pipeline.PipelinePlacementPolicy (PipelinePlacementPolicy.java:meetCriteria(91)) - Pipeline Placement: can't place more pipeline on heavy datanode： 9cc18591-be2f-448e-af7e-d5f4fba8f5f7 Heaviness: 6 limit: 5
2019-09-25 07:27:38,104 [RatisPipelineUtilsThread] INFO  pipeline.PipelinePlacementPolicy (PipelinePlacementPolicy.java:meetCriteria(91)) - Pipeline Placement: can't place more pipeline on heavy datanode： 600943d5-c424-432f-84b9-a00c1c65f122 Heaviness: 6 limit: 5
2019-09-25 07:27:38,104 [RatisPipelineUtilsThread] INFO  pipeline.PipelinePlacementPolicy (PipelinePlacementPolicy.java:meetCriteria(91)) - Pipeline Placement: can't place more pipeline on heavy datanode： 253df5dc-ab25-4be3-9607-c7ead1a3aece Heaviness: 6 limit: 5
2019-09-25 07:27:38,104 [RatisPipelineUtilsThread] INFO  pipeline.PipelinePlacementPolicy (PipelinePlacementPolicy.java:meetCriteria(91)) - Pipeline Placement: can't place more pipeline on heavy datanode： d2544423-6c63-4eb7-9d0a-bffb9f2b5023 Heaviness: 6 limit: 5
2019-09-25 07:27:38,104 [RatisPipelineUtilsThread] INFO  pipeline.PipelinePlacementPolicy (PipelinePlacementPolicy.java:meetCriteria(91)) - Pipeline Placement: can't place more pipeline on heavy datanode： ad28d3ec-40f8-4bc1-a274-453df443249c Heaviness: 6 limit: 5
2019-09-25 07:27:38,111 [grpc-default-executor-0] INFO  impl.RaftServerProxy (RaftServerProxy.java:addNew(89)) - 94a1c681-cec5-47e9-bd86-59396c1e12e6: addNew group-5C0E54E4A0B7:[94a1c681-cec5-47e9-bd86-59396c1e12e6:192.168.151.106:39666] returns group-5C0E54E4A0B7:java.util.concurrent.CompletableFuture@1b5e15d4[Not completed]
2019-09-25 07:27:38,112 [pool-117-thread-1] INFO  impl.RaftServerImpl (RaftServerImpl.java:<init>(95)) - 94a1c681-cec5-47e9-bd86-59396c1e12e6: new RaftServerImpl for group-5C0E54E4A0B7:[94a1c681-cec5-47e9-bd86-59396c1e12e6:192.168.151.106:39666] with ContainerStateMachine:uninitialized
2019-09-25 07:27:38,112 [pool-117-thread-1] INFO  server.RaftServerConfigKeys (ConfUtils.java:logGet(43)) - raft.server.rpc.timeout.min = 5s (custom)
2019-09-25 07:27:38,112 [pool-117-thread-1] INFO  server.RaftServerConfigKeys (ConfUtils.java:logGet(43)) - raft.server.rpc.timeout.max = 5200ms (custom)
2019-09-25 07:27:38,113 [pool-117-thread-1] INFO  server.RaftServerConfigKeys (ConfUtils.java:logGet(43)) - raft.server.rpcslowness.timeout = 120s (custom)
2019-09-25 07:27:38,113 [pool-117-thread-1] INFO  server.RaftServerConfigKeys (ConfUtils.java:logGet(43)) - raft.server.sleep.deviation.threshold = 300 (default)
2019-09-25 07:27:38,113 [pool-117-thread-1] INFO  server.RaftServerConfigKeys (ConfUtils.java:logGet(43)) - raft.server.log.appender.install.snapshot.enabled = false (custom)
2019-09-25 07:27:38,113 [pool-117-thread-1] INFO  impl.RaftServerImpl (ServerState.java:<init>(103)) - 94a1c681-cec5-47e9-bd86-59396c1e12e6@group-5C0E54E4A0B7: ConfigurationManager, init=-1: [94a1c681-cec5-47e9-bd86-59396c1e12e6:192.168.151.106:39666], old=null, confs=<EMPTY_MAP>
2019-09-25 07:27:38,113 [pool-117-thread-1] INFO  server.RaftServerConfigKeys (ConfUtils.java:logGet(43)) - raft.server.storage.dir = [/workdir/hadoop-ozone/ozonefs/target/test-dir/MiniOzoneClusterImpl-336849c0-54e0-42a2-92e3-a8dd7e6e8d6a/datanode-9/data/ratis] (custom)
2019-09-25 07:27:38,113 [pool-117-thread-1] INFO  storage.RaftStorageDirectory (RaftStorageDirectory.java:analyzeStorage(246)) - The storage directory /workdir/hadoop-ozone/ozonefs/target/test-dir/MiniOzoneClusterImpl-336849c0-54e0-42a2-92e3-a8dd7e6e8d6a/datanode-9/data/ratis/55132e30-c5d2-4453-9071-5c0e54e4a0b7 does not exist. Creating ...
2019-09-25 07:27:38,136 [pool-117-thread-1] INFO  storage.RaftStorageDirectory (RaftStorageDirectory.java:tryLock(328)) - Lock on /workdir/hadoop-ozone/ozonefs/target/test-dir/MiniOzoneClusterImpl-336849c0-54e0-42a2-92e3-a8dd7e6e8d6a/datanode-9/data/ratis/55132e30-c5d2-4453-9071-5c0e54e4a0b7/in_use.lock acquired by nodename 14720@pr-hdds-1569-x2sr2-3486766547
2019-09-25 07:27:38,161 [pool-117-thread-1] INFO  storage.RaftStorage (RaftStorage.java:format(72)) - Storage directory /workdir/hadoop-ozone/ozonefs/target/test-dir/MiniOzoneClusterImpl-336849c0-54e0-42a2-92e3-a8dd7e6e8d6a/datanode-9/data/ratis/55132e30-c5d2-4453-9071-5c0e54e4a0b7 has been successfully formatted.
2019-09-25 07:27:38,161 [pool-117-thread-1] INFO  ratis.ContainerStateMachine (ContainerStateMachine.java:loadSnapshot(230)) - group-5C0E54E4A0B7: The snapshot info is null. Setting the last applied indexto:(t:0, i:~)
2019-09-25 07:27:38,162 [pool-117-thread-1] INFO  server.RaftServerConfigKeys (ConfUtils.java:logGet(43)) - raft.server.notification.no-leader.timeout = 120s (custom)
2019-09-25 07:27:38,162 [pool-117-thread-1] INFO  server.RaftServerConfigKeys (ConfUtils.java:logGet(43)) - raft.server.log.use.memory = false (default)
2019-09-25 07:27:38,162 [pool-117-thread-1] INFO  server.RaftServerConfigKeys (ConfUtils.java:logGet(43)) - raft.server.log.purge.gap = 1000000 (custom)
2019-09-25 07:27:38,162 [pool-117-thread-1] INFO  server.RaftServerConfigKeys (ConfUtils.java:logGet(43)) - raft.server.log.appender.buffer.byte-limit = 33554432 (custom)
2019-09-25 07:27:38,162 [pool-117-thread-1] INFO  server.RaftServerConfigKeys (ConfUtils.java:logGet(43)) - raft.server.log.segment.size.max = 1048576 (custom)
2019-09-25 07:27:38,163 [pool-117-thread-1] INFO  server.RaftServerConfigKeys (ConfUtils.java:logGet(43)) - raft.server.log.segment.cache.num.max = 2 (custom)
2019-09-25 07:27:38,163 [pool-117-thread-1] INFO  segmented.SegmentedRaftLogWorker (SegmentedRaftLogWorker.java:<init>(172)) - new 94a1c681-cec5-47e9-bd86-59396c1e12e6@group-5C0E54E4A0B7-SegmentedRaftLogWorker for RaftStorage:Storage Directory /workdir/hadoop-ozone/ozonefs/target/test-dir/MiniOzoneClusterImpl-336849c0-54e0-42a2-92e3-a8dd7e6e8d6a/datanode-9/data/ratis/55132e30-c5d2-4453-9071-5c0e54e4a0b7
2019-09-25 07:27:38,163 [pool-117-thread-1] INFO  server.RaftServerConfigKeys (ConfUtils.java:logGet(43)) - raft.server.log.queue.byte-limit = 2147483647 (custom)
2019-09-25 07:27:38,163 [pool-117-thread-1] INFO  server.RaftServerConfigKeys (ConfUtils.java:logGet(43)) - raft.server.log.queue.element-limit = 1024 (custom)
2019-09-25 07:27:38,163 [pool-117-thread-1] INFO  server.RaftServerConfigKeys (ConfUtils.java:logGet(43)) - raft.server.log.segment.size.max = 1048576 (custom)
2019-09-25 07:27:38,164 [pool-117-thread-1] INFO  server.RaftServerConfigKeys (ConfUtils.java:logGet(43)) - raft.server.log.preallocated.size = 16384 (custom)
2019-09-25 07:27:38,164 [pool-117-thread-1] INFO  server.RaftServerConfigKeys (ConfUtils.java:logGet(43)) - raft.server.log.write.buffer.size = 33554432 (custom)
2019-09-25 07:27:38,164 [pool-117-thread-1] INFO  server.RaftServerConfigKeys (ConfUtils.java:logGet(43)) - raft.server.log.force.sync.num = 128 (default)
2019-09-25 07:27:38,164 [pool-117-thread-1] INFO  server.RaftServerConfigKeys (ConfUtils.java:logGet(43)) - raft.server.log.statemachine.data.sync = true (default)
2019-09-25 07:27:38,164 [pool-117-thread-1] INFO  server.RaftServerConfigKeys (ConfUtils.java:logGet(43)) - raft.server.log.statemachine.data.sync.timeout = 10s (default)
2019-09-25 07:27:38,165 [pool-117-thread-1] INFO  server.RaftServerConfigKeys (ConfUtils.java:logGet(43)) - raft.server.log.statemachine.data.sync.timeout.retry = -1 (default)
2019-09-25 07:27:38,165 [pool-117-thread-1] INFO  server.RaftServerConfigKeys (ConfUtils.java:logGet(43)) - raft.server.log.statemachine.data.caching.enabled = true (custom)
2019-09-25 07:27:38,165 [pool-117-thread-1] INFO  segmented.SegmentedRaftLogWorker (SegmentedRaftLogWorker.java:lambda$new$0(132)) - 94a1c681-cec5-47e9-bd86-59396c1e12e6@group-5C0E54E4A0B7-SegmentedRaftLogWorker: flushIndex: setUnconditionally 0 -> -1
2019-09-25 07:27:38,166 [pool-117-thread-1] INFO  server.RaftServerConfigKeys (ConfUtils.java:logGet(43)) - raft.server.snapshot.auto.trigger.enabled = true (custom)
2019-09-25 07:27:38,166 [pool-117-thread-1] INFO  server.RaftServerConfigKeys (ConfUtils.java:logGet(43)) - raft.server.snapshot.auto.trigger.threshold = 10000 (custom)
2019-09-25 07:27:38,166 [pool-117-thread-1] INFO  server.RaftServerConfigKeys (ConfUtils.java:logGet(43)) - raft.server.snapshot.retention.num.files = 5 (custom)
2019-09-25 07:27:38,166 [pool-117-thread-1] INFO  server.RaftServerConfigKeys (ConfUtils.java:logGet(43)) - raft.server.retrycache.expirytime = 600000ms (custom)
2019-09-25 07:27:38,169 [pool-117-thread-1] INFO  impl.RaftServerImpl (RaftServerImpl.java:start(185)) - 94a1c681-cec5-47e9-bd86-59396c1e12e6@group-5C0E54E4A0B7: start as a follower, conf=-1: [94a1c681-cec5-47e9-bd86-59396c1e12e6:192.168.151.106:39666], old=null
2019-09-25 07:27:38,170 [pool-117-thread-1] INFO  impl.RaftServerImpl (RaftServerImpl.java:setRole(174)) - 94a1c681-cec5-47e9-bd86-59396c1e12e6@group-5C0E54E4A0B7: changes role from      null to FOLLOWER at term 0 for startAsFollower
2019-09-25 07:27:38,170 [pool-117-thread-1] INFO  impl.RoleInfo (RoleInfo.java:updateAndGet(143)) - 94a1c681-cec5-47e9-bd86-59396c1e12e6: start FollowerState
2019-09-25 07:27:38,170 [pool-117-thread-1] INFO  util.JmxRegister (JmxRegister.java:tryRegister(44)) - Successfully registered JMX Bean with object name Ratis:service=RaftServer,group=group-5C0E54E4A0B7,id=94a1c681-cec5-47e9-bd86-59396c1e12e6
2019-09-25 07:27:38,173 [RatisPipelineUtilsThread] INFO  pipeline.PipelineStateManager (PipelineStateManager.java:addPipeline(56)) - Created pipeline Pipeline[ Id: 55132e30-c5d2-4453-9071-5c0e54e4a0b7, Nodes: 94a1c681-cec5-47e9-bd86-59396c1e12e6{ip: 192.168.151.106, host: pr-hdds-1569-x2sr2-3486766547, networkLocation: /default-rack, certSerialId: null}, Type:RATIS, Factor:ONE, State:OPEN]
2019-09-25 07:27:38,174 [RatisPipelineUtilsThread] INFO  pipeline.PipelinePlacementPolicy (PipelinePlacementPolicy.java:meetCriteria(91)) - Pipeline Placement: can't place more pipeline on heavy datanode： 50e45688-d85c-45e8-a8ba-136a1a73e30a Heaviness: 6 limit: 5
2019-09-25 07:27:38,174 [RatisPipelineUtilsThread] INFO  pipeline.PipelinePlacementPolicy (PipelinePlacementPolicy.java:meetCriteria(91)) - Pipeline Placement: can't place more pipeline on heavy datanode： ac29337b-1f05-44ab-baf7-0ad511ed26a1 Heaviness: 6 limit: 5
2019-09-25 07:27:38,174 [RatisPipelineUtilsThread] INFO  pipeline.PipelinePlacementPolicy (PipelinePlacementPolicy.java:meetCriteria(91)) - Pipeline Placement: can't place more pipeline on heavy datanode： 9cc18591-be2f-448e-af7e-d5f4fba8f5f7 Heaviness: 6 limit: 5
2019-09-25 07:27:38,174 [RatisPipelineUtilsThread] INFO  pipeline.PipelinePlacementPolicy (PipelinePlacementPolicy.java:meetCriteria(91)) - Pipeline Placement: can't place more pipeline on heavy datanode： 600943d5-c424-432f-84b9-a00c1c65f122 Heaviness: 6 limit: 5
2019-09-25 07:27:38,174 [RatisPipelineUtilsThread] INFO  pipeline.PipelinePlacementPolicy (PipelinePlacementPolicy.java:meetCriteria(91)) - Pipeline Placement: can't place more pipeline on heavy datanode： 253df5dc-ab25-4be3-9607-c7ead1a3aece Heaviness: 6 limit: 5
2019-09-25 07:27:38,174 [RatisPipelineUtilsThread] INFO  pipeline.PipelinePlacementPolicy (PipelinePlacementPolicy.java:meetCriteria(91)) - Pipeline Placement: can't place more pipeline on heavy datanode： d2544423-6c63-4eb7-9d0a-bffb9f2b5023 Heaviness: 6 limit: 5
2019-09-25 07:27:38,175 [RatisPipelineUtilsThread] INFO  pipeline.PipelinePlacementPolicy (PipelinePlacementPolicy.java:meetCriteria(91)) - Pipeline Placement: can't place more pipeline on heavy datanode： ad28d3ec-40f8-4bc1-a274-453df443249c Heaviness: 6 limit: 5
2019-09-25 07:27:38,181 [grpc-default-executor-0] INFO  impl.RaftServerProxy (RaftServerProxy.java:addNew(89)) - c642d074-6234-4917-85d3-a38353a695f7: addNew group-390C0D4A463C:[c642d074-6234-4917-85d3-a38353a695f7:192.168.151.106:41023] returns group-390C0D4A463C:java.util.concurrent.CompletableFuture@2b7ad4ee[Not completed]
2019-09-25 07:27:38,182 [pool-47-thread-1] INFO  impl.RaftServerImpl (RaftServerImpl.java:<init>(95)) - c642d074-6234-4917-85d3-a38353a695f7: new RaftServerImpl for group-390C0D4A463C:[c642d074-6234-4917-85d3-a38353a695f7:192.168.151.106:41023] with ContainerStateMachine:uninitialized
2019-09-25 07:27:38,183 [pool-47-thread-1] INFO  server.RaftServerConfigKeys (ConfUtils.java:logGet(43)) - raft.server.rpc.timeout.min = 5s (custom)
2019-09-25 07:27:38,183 [pool-47-thread-1] INFO  server.RaftServerConfigKeys (ConfUtils.java:logGet(43)) - raft.server.rpc.timeout.max = 5200ms (custom)
2019-09-25 07:27:38,183 [pool-47-thread-1] INFO  server.RaftServerConfigKeys (ConfUtils.java:logGet(43)) - raft.server.rpcslowness.timeout = 120s (custom)
2019-09-25 07:27:38,183 [pool-47-thread-1] INFO  server.RaftServerConfigKeys (ConfUtils.java:logGet(43)) - raft.server.sleep.deviation.threshold = 300 (default)
2019-09-25 07:27:38,183 [pool-47-thread-1] INFO  server.RaftServerConfigKeys (ConfUtils.java:logGet(43)) - raft.server.log.appender.install.snapshot.enabled = false (custom)
2019-09-25 07:27:38,183 [pool-47-thread-1] INFO  impl.RaftServerImpl (ServerState.java:<init>(103)) - c642d074-6234-4917-85d3-a38353a695f7@group-390C0D4A463C: ConfigurationManager, init=-1: [c642d074-6234-4917-85d3-a38353a695f7:192.168.151.106:41023], old=null, confs=<EMPTY_MAP>
2019-09-25 07:27:38,184 [pool-47-thread-1] INFO  server.RaftServerConfigKeys (ConfUtils.java:logGet(43)) - raft.server.storage.dir = [/workdir/hadoop-ozone/ozonefs/target/test-dir/MiniOzoneClusterImpl-336849c0-54e0-42a2-92e3-a8dd7e6e8d6a/datanode-2/data/ratis] (custom)
2019-09-25 07:27:38,184 [pool-47-thread-1] INFO  storage.RaftStorageDirectory (RaftStorageDirectory.java:analyzeStorage(246)) - The storage directory /workdir/hadoop-ozone/ozonefs/target/test-dir/MiniOzoneClusterImpl-336849c0-54e0-42a2-92e3-a8dd7e6e8d6a/datanode-2/data/ratis/fef3ddd0-e933-4a48-a9a1-390c0d4a463c does not exist. Creating ...
2019-09-25 07:27:38,233 [pool-47-thread-1] INFO  storage.RaftStorageDirectory (RaftStorageDirectory.java:tryLock(328)) - Lock on /workdir/hadoop-ozone/ozonefs/target/test-dir/MiniOzoneClusterImpl-336849c0-54e0-42a2-92e3-a8dd7e6e8d6a/datanode-2/data/ratis/fef3ddd0-e933-4a48-a9a1-390c0d4a463c/in_use.lock acquired by nodename 14720@pr-hdds-1569-x2sr2-3486766547
2019-09-25 07:27:38,258 [pool-47-thread-1] INFO  storage.RaftStorage (RaftStorage.java:format(72)) - Storage directory /workdir/hadoop-ozone/ozonefs/target/test-dir/MiniOzoneClusterImpl-336849c0-54e0-42a2-92e3-a8dd7e6e8d6a/datanode-2/data/ratis/fef3ddd0-e933-4a48-a9a1-390c0d4a463c has been successfully formatted.
2019-09-25 07:27:38,259 [pool-47-thread-1] INFO  ratis.ContainerStateMachine (ContainerStateMachine.java:loadSnapshot(230)) - group-390C0D4A463C: The snapshot info is null. Setting the last applied indexto:(t:0, i:~)
2019-09-25 07:27:38,259 [pool-47-thread-1] INFO  server.RaftServerConfigKeys (ConfUtils.java:logGet(43)) - raft.server.notification.no-leader.timeout = 120s (custom)
2019-09-25 07:27:38,259 [pool-47-thread-1] INFO  server.RaftServerConfigKeys (ConfUtils.java:logGet(43)) - raft.server.log.use.memory = false (default)
2019-09-25 07:27:38,259 [pool-47-thread-1] INFO  server.RaftServerConfigKeys (ConfUtils.java:logGet(43)) - raft.server.log.purge.gap = 1000000 (custom)
2019-09-25 07:27:38,259 [pool-47-thread-1] INFO  server.RaftServerConfigKeys (ConfUtils.java:logGet(43)) - raft.server.log.appender.buffer.byte-limit = 33554432 (custom)
2019-09-25 07:27:38,259 [pool-47-thread-1] INFO  server.RaftServerConfigKeys (ConfUtils.java:logGet(43)) - raft.server.log.segment.size.max = 1048576 (custom)
2019-09-25 07:27:38,260 [pool-47-thread-1] INFO  server.RaftServerConfigKeys (ConfUtils.java:logGet(43)) - raft.server.log.segment.cache.num.max = 2 (custom)
2019-09-25 07:27:38,260 [pool-47-thread-1] INFO  segmented.SegmentedRaftLogWorker (SegmentedRaftLogWorker.java:<init>(172)) - new c642d074-6234-4917-85d3-a38353a695f7@group-390C0D4A463C-SegmentedRaftLogWorker for RaftStorage:Storage Directory /workdir/hadoop-ozone/ozonefs/target/test-dir/MiniOzoneClusterImpl-336849c0-54e0-42a2-92e3-a8dd7e6e8d6a/datanode-2/data/ratis/fef3ddd0-e933-4a48-a9a1-390c0d4a463c
2019-09-25 07:27:38,260 [pool-47-thread-1] INFO  server.RaftServerConfigKeys (ConfUtils.java:logGet(43)) - raft.server.log.queue.byte-limit = 2147483647 (custom)
2019-09-25 07:27:38,260 [pool-47-thread-1] INFO  server.RaftServerConfigKeys (ConfUtils.java:logGet(43)) - raft.server.log.queue.element-limit = 1024 (custom)
2019-09-25 07:27:38,260 [pool-47-thread-1] INFO  server.RaftServerConfigKeys (ConfUtils.java:logGet(43)) - raft.server.log.segment.size.max = 1048576 (custom)
2019-09-25 07:27:38,260 [pool-47-thread-1] INFO  server.RaftServerConfigKeys (ConfUtils.java:logGet(43)) - raft.server.log.preallocated.size = 16384 (custom)
2019-09-25 07:27:38,260 [pool-47-thread-1] INFO  server.RaftServerConfigKeys (ConfUtils.java:logGet(43)) - raft.server.log.write.buffer.size = 33554432 (custom)
2019-09-25 07:27:38,261 [pool-47-thread-1] INFO  server.RaftServerConfigKeys (ConfUtils.java:logGet(43)) - raft.server.log.force.sync.num = 128 (default)
2019-09-25 07:27:38,261 [pool-47-thread-1] INFO  server.RaftServerConfigKeys (ConfUtils.java:logGet(43)) - raft.server.log.statemachine.data.sync = true (default)
2019-09-25 07:27:38,261 [pool-47-thread-1] INFO  server.RaftServerConfigKeys (ConfUtils.java:logGet(43)) - raft.server.log.statemachine.data.sync.timeout = 10s (default)
2019-09-25 07:27:38,261 [pool-47-thread-1] INFO  server.RaftServerConfigKeys (ConfUtils.java:logGet(43)) - raft.server.log.statemachine.data.sync.timeout.retry = -1 (default)
2019-09-25 07:27:38,261 [pool-47-thread-1] INFO  server.RaftServerConfigKeys (ConfUtils.java:logGet(43)) - raft.server.log.statemachine.data.caching.enabled = true (custom)
2019-09-25 07:27:38,262 [pool-47-thread-1] INFO  segmented.SegmentedRaftLogWorker (SegmentedRaftLogWorker.java:lambda$new$0(132)) - c642d074-6234-4917-85d3-a38353a695f7@group-390C0D4A463C-SegmentedRaftLogWorker: flushIndex: setUnconditionally 0 -> -1
2019-09-25 07:27:38,262 [pool-47-thread-1] INFO  server.RaftServerConfigKeys (ConfUtils.java:logGet(43)) - raft.server.snapshot.auto.trigger.enabled = true (custom)
2019-09-25 07:27:38,262 [pool-47-thread-1] INFO  server.RaftServerConfigKeys (ConfUtils.java:logGet(43)) - raft.server.snapshot.auto.trigger.threshold = 10000 (custom)
2019-09-25 07:27:38,262 [pool-47-thread-1] INFO  server.RaftServerConfigKeys (ConfUtils.java:logGet(43)) - raft.server.snapshot.retention.num.files = 5 (custom)
2019-09-25 07:27:38,262 [pool-47-thread-1] INFO  server.RaftServerConfigKeys (ConfUtils.java:logGet(43)) - raft.server.retrycache.expirytime = 600000ms (custom)
2019-09-25 07:27:38,265 [pool-47-thread-1] INFO  impl.RaftServerImpl (RaftServerImpl.java:start(185)) - c642d074-6234-4917-85d3-a38353a695f7@group-390C0D4A463C: start as a follower, conf=-1: [c642d074-6234-4917-85d3-a38353a695f7:192.168.151.106:41023], old=null
2019-09-25 07:27:38,265 [pool-47-thread-1] INFO  impl.RaftServerImpl (RaftServerImpl.java:setRole(174)) - c642d074-6234-4917-85d3-a38353a695f7@group-390C0D4A463C: changes role from      null to FOLLOWER at term 0 for startAsFollower
2019-09-25 07:27:38,265 [pool-47-thread-1] INFO  impl.RoleInfo (RoleInfo.java:updateAndGet(143)) - c642d074-6234-4917-85d3-a38353a695f7: start FollowerState
2019-09-25 07:27:38,266 [pool-47-thread-1] INFO  util.JmxRegister (JmxRegister.java:tryRegister(44)) - Successfully registered JMX Bean with object name Ratis:service=RaftServer,group=group-390C0D4A463C,id=c642d074-6234-4917-85d3-a38353a695f7
2019-09-25 07:27:38,269 [RatisPipelineUtilsThread] INFO  pipeline.PipelineStateManager (PipelineStateManager.java:addPipeline(56)) - Created pipeline Pipeline[ Id: fef3ddd0-e933-4a48-a9a1-390c0d4a463c, Nodes: c642d074-6234-4917-85d3-a38353a695f7{ip: 192.168.151.106, host: pr-hdds-1569-x2sr2-3486766547, networkLocation: /default-rack, certSerialId: null}, Type:RATIS, Factor:ONE, State:OPEN]
2019-09-25 07:27:38,269 [RatisPipelineUtilsThread] INFO  pipeline.PipelinePlacementPolicy (PipelinePlacementPolicy.java:meetCriteria(91)) - Pipeline Placement: can't place more pipeline on heavy datanode： 50e45688-d85c-45e8-a8ba-136a1a73e30a Heaviness: 6 limit: 5
2019-09-25 07:27:38,270 [RatisPipelineUtilsThread] INFO  pipeline.PipelinePlacementPolicy (PipelinePlacementPolicy.java:meetCriteria(91)) - Pipeline Placement: can't place more pipeline on heavy datanode： ac29337b-1f05-44ab-baf7-0ad511ed26a1 Heaviness: 6 limit: 5
2019-09-25 07:27:38,270 [RatisPipelineUtilsThread] INFO  pipeline.PipelinePlacementPolicy (PipelinePlacementPolicy.java:meetCriteria(91)) - Pipeline Placement: can't place more pipeline on heavy datanode： 9cc18591-be2f-448e-af7e-d5f4fba8f5f7 Heaviness: 6 limit: 5
2019-09-25 07:27:38,270 [RatisPipelineUtilsThread] INFO  pipeline.PipelinePlacementPolicy (PipelinePlacementPolicy.java:meetCriteria(91)) - Pipeline Placement: can't place more pipeline on heavy datanode： 600943d5-c424-432f-84b9-a00c1c65f122 Heaviness: 6 limit: 5
2019-09-25 07:27:38,270 [RatisPipelineUtilsThread] INFO  pipeline.PipelinePlacementPolicy (PipelinePlacementPolicy.java:meetCriteria(91)) - Pipeline Placement: can't place more pipeline on heavy datanode： 253df5dc-ab25-4be3-9607-c7ead1a3aece Heaviness: 6 limit: 5
2019-09-25 07:27:38,270 [RatisPipelineUtilsThread] INFO  pipeline.PipelinePlacementPolicy (PipelinePlacementPolicy.java:meetCriteria(91)) - Pipeline Placement: can't place more pipeline on heavy datanode： d2544423-6c63-4eb7-9d0a-bffb9f2b5023 Heaviness: 6 limit: 5
2019-09-25 07:27:38,271 [RatisPipelineUtilsThread] INFO  pipeline.PipelinePlacementPolicy (PipelinePlacementPolicy.java:meetCriteria(91)) - Pipeline Placement: can't place more pipeline on heavy datanode： ad28d3ec-40f8-4bc1-a274-453df443249c Heaviness: 6 limit: 5
2019-09-25 07:27:38,277 [grpc-default-executor-0] INFO  impl.RaftServerProxy (RaftServerProxy.java:addNew(89)) - 94a1c681-cec5-47e9-bd86-59396c1e12e6: addNew group-7C0A21625679:[94a1c681-cec5-47e9-bd86-59396c1e12e6:192.168.151.106:39666] returns group-7C0A21625679:java.util.concurrent.CompletableFuture@42123eef[Not completed]
2019-09-25 07:27:38,278 [pool-117-thread-1] INFO  impl.RaftServerImpl (RaftServerImpl.java:<init>(95)) - 94a1c681-cec5-47e9-bd86-59396c1e12e6: new RaftServerImpl for group-7C0A21625679:[94a1c681-cec5-47e9-bd86-59396c1e12e6:192.168.151.106:39666] with ContainerStateMachine:uninitialized
2019-09-25 07:27:38,279 [pool-117-thread-1] INFO  server.RaftServerConfigKeys (ConfUtils.java:logGet(43)) - raft.server.rpc.timeout.min = 5s (custom)
2019-09-25 07:27:38,279 [pool-117-thread-1] INFO  server.RaftServerConfigKeys (ConfUtils.java:logGet(43)) - raft.server.rpc.timeout.max = 5200ms (custom)
2019-09-25 07:27:38,279 [pool-117-thread-1] INFO  server.RaftServerConfigKeys (ConfUtils.java:logGet(43)) - raft.server.rpcslowness.timeout = 120s (custom)
2019-09-25 07:27:38,279 [pool-117-thread-1] INFO  server.RaftServerConfigKeys (ConfUtils.java:logGet(43)) - raft.server.sleep.deviation.threshold = 300 (default)
2019-09-25 07:27:38,279 [pool-117-thread-1] INFO  server.RaftServerConfigKeys (ConfUtils.java:logGet(43)) - raft.server.log.appender.install.snapshot.enabled = false (custom)
2019-09-25 07:27:38,279 [pool-117-thread-1] INFO  impl.RaftServerImpl (ServerState.java:<init>(103)) - 94a1c681-cec5-47e9-bd86-59396c1e12e6@group-7C0A21625679: ConfigurationManager, init=-1: [94a1c681-cec5-47e9-bd86-59396c1e12e6:192.168.151.106:39666], old=null, confs=<EMPTY_MAP>
2019-09-25 07:27:38,280 [pool-117-thread-1] INFO  server.RaftServerConfigKeys (ConfUtils.java:logGet(43)) - raft.server.storage.dir = [/workdir/hadoop-ozone/ozonefs/target/test-dir/MiniOzoneClusterImpl-336849c0-54e0-42a2-92e3-a8dd7e6e8d6a/datanode-9/data/ratis] (custom)
2019-09-25 07:27:38,280 [pool-117-thread-1] INFO  storage.RaftStorageDirectory (RaftStorageDirectory.java:analyzeStorage(246)) - The storage directory /workdir/hadoop-ozone/ozonefs/target/test-dir/MiniOzoneClusterImpl-336849c0-54e0-42a2-92e3-a8dd7e6e8d6a/datanode-9/data/ratis/ec76cb82-bbda-42b3-9caa-7c0a21625679 does not exist. Creating ...
2019-09-25 07:27:38,310 [pool-117-thread-1] INFO  storage.RaftStorageDirectory (RaftStorageDirectory.java:tryLock(328)) - Lock on /workdir/hadoop-ozone/ozonefs/target/test-dir/MiniOzoneClusterImpl-336849c0-54e0-42a2-92e3-a8dd7e6e8d6a/datanode-9/data/ratis/ec76cb82-bbda-42b3-9caa-7c0a21625679/in_use.lock acquired by nodename 14720@pr-hdds-1569-x2sr2-3486766547
2019-09-25 07:27:38,335 [pool-117-thread-1] INFO  storage.RaftStorage (RaftStorage.java:format(72)) - Storage directory /workdir/hadoop-ozone/ozonefs/target/test-dir/MiniOzoneClusterImpl-336849c0-54e0-42a2-92e3-a8dd7e6e8d6a/datanode-9/data/ratis/ec76cb82-bbda-42b3-9caa-7c0a21625679 has been successfully formatted.
2019-09-25 07:27:38,335 [pool-117-thread-1] INFO  ratis.ContainerStateMachine (ContainerStateMachine.java:loadSnapshot(230)) - group-7C0A21625679: The snapshot info is null. Setting the last applied indexto:(t:0, i:~)
2019-09-25 07:27:38,336 [pool-117-thread-1] INFO  server.RaftServerConfigKeys (ConfUtils.java:logGet(43)) - raft.server.notification.no-leader.timeout = 120s (custom)
2019-09-25 07:27:38,336 [pool-117-thread-1] INFO  server.RaftServerConfigKeys (ConfUtils.java:logGet(43)) - raft.server.log.use.memory = false (default)
2019-09-25 07:27:38,336 [pool-117-thread-1] INFO  server.RaftServerConfigKeys (ConfUtils.java:logGet(43)) - raft.server.log.purge.gap = 1000000 (custom)
2019-09-25 07:27:38,336 [pool-117-thread-1] INFO  server.RaftServerConfigKeys (ConfUtils.java:logGet(43)) - raft.server.log.appender.buffer.byte-limit = 33554432 (custom)
2019-09-25 07:27:38,336 [pool-117-thread-1] INFO  server.RaftServerConfigKeys (ConfUtils.java:logGet(43)) - raft.server.log.segment.size.max = 1048576 (custom)
2019-09-25 07:27:38,336 [pool-117-thread-1] INFO  server.RaftServerConfigKeys (ConfUtils.java:logGet(43)) - raft.server.log.segment.cache.num.max = 2 (custom)
2019-09-25 07:27:38,337 [pool-117-thread-1] INFO  segmented.SegmentedRaftLogWorker (SegmentedRaftLogWorker.java:<init>(172)) - new 94a1c681-cec5-47e9-bd86-59396c1e12e6@group-7C0A21625679-SegmentedRaftLogWorker for RaftStorage:Storage Directory /workdir/hadoop-ozone/ozonefs/target/test-dir/MiniOzoneClusterImpl-336849c0-54e0-42a2-92e3-a8dd7e6e8d6a/datanode-9/data/ratis/ec76cb82-bbda-42b3-9caa-7c0a21625679
2019-09-25 07:27:38,337 [pool-117-thread-1] INFO  server.RaftServerConfigKeys (ConfUtils.java:logGet(43)) - raft.server.log.queue.byte-limit = 2147483647 (custom)
2019-09-25 07:27:38,337 [pool-117-thread-1] INFO  server.RaftServerConfigKeys (ConfUtils.java:logGet(43)) - raft.server.log.queue.element-limit = 1024 (custom)
2019-09-25 07:27:38,337 [pool-117-thread-1] INFO  server.RaftServerConfigKeys (ConfUtils.java:logGet(43)) - raft.server.log.segment.size.max = 1048576 (custom)
2019-09-25 07:27:38,337 [pool-117-thread-1] INFO  server.RaftServerConfigKeys (ConfUtils.java:logGet(43)) - raft.server.log.preallocated.size = 16384 (custom)
2019-09-25 07:27:38,337 [pool-117-thread-1] INFO  server.RaftServerConfigKeys (ConfUtils.java:logGet(43)) - raft.server.log.write.buffer.size = 33554432 (custom)
2019-09-25 07:27:38,337 [pool-117-thread-1] INFO  server.RaftServerConfigKeys (ConfUtils.java:logGet(43)) - raft.server.log.force.sync.num = 128 (default)
2019-09-25 07:27:38,338 [pool-117-thread-1] INFO  server.RaftServerConfigKeys (ConfUtils.java:logGet(43)) - raft.server.log.statemachine.data.sync = true (default)
2019-09-25 07:27:38,338 [pool-117-thread-1] INFO  server.RaftServerConfigKeys (ConfUtils.java:logGet(43)) - raft.server.log.statemachine.data.sync.timeout = 10s (default)
2019-09-25 07:27:38,338 [pool-117-thread-1] INFO  server.RaftServerConfigKeys (ConfUtils.java:logGet(43)) - raft.server.log.statemachine.data.sync.timeout.retry = -1 (default)
2019-09-25 07:27:38,338 [pool-117-thread-1] INFO  server.RaftServerConfigKeys (ConfUtils.java:logGet(43)) - raft.server.log.statemachine.data.caching.enabled = true (custom)
2019-09-25 07:27:38,338 [pool-117-thread-1] INFO  segmented.SegmentedRaftLogWorker (SegmentedRaftLogWorker.java:lambda$new$0(132)) - 94a1c681-cec5-47e9-bd86-59396c1e12e6@group-7C0A21625679-SegmentedRaftLogWorker: flushIndex: setUnconditionally 0 -> -1
2019-09-25 07:27:38,339 [pool-117-thread-1] INFO  server.RaftServerConfigKeys (ConfUtils.java:logGet(43)) - raft.server.snapshot.auto.trigger.enabled = true (custom)
2019-09-25 07:27:38,339 [pool-117-thread-1] INFO  server.RaftServerConfigKeys (ConfUtils.java:logGet(43)) - raft.server.snapshot.auto.trigger.threshold = 10000 (custom)
2019-09-25 07:27:38,339 [pool-117-thread-1] INFO  server.RaftServerConfigKeys (ConfUtils.java:logGet(43)) - raft.server.snapshot.retention.num.files = 5 (custom)
2019-09-25 07:27:38,339 [pool-117-thread-1] INFO  server.RaftServerConfigKeys (ConfUtils.java:logGet(43)) - raft.server.retrycache.expirytime = 600000ms (custom)
2019-09-25 07:27:38,341 [pool-117-thread-1] INFO  impl.RaftServerImpl (RaftServerImpl.java:start(185)) - 94a1c681-cec5-47e9-bd86-59396c1e12e6@group-7C0A21625679: start as a follower, conf=-1: [94a1c681-cec5-47e9-bd86-59396c1e12e6:192.168.151.106:39666], old=null
2019-09-25 07:27:38,342 [pool-117-thread-1] INFO  impl.RaftServerImpl (RaftServerImpl.java:setRole(174)) - 94a1c681-cec5-47e9-bd86-59396c1e12e6@group-7C0A21625679: changes role from      null to FOLLOWER at term 0 for startAsFollower
2019-09-25 07:27:38,342 [pool-117-thread-1] INFO  impl.RoleInfo (RoleInfo.java:updateAndGet(143)) - 94a1c681-cec5-47e9-bd86-59396c1e12e6: start FollowerState
2019-09-25 07:27:38,342 [pool-117-thread-1] INFO  util.JmxRegister (JmxRegister.java:tryRegister(44)) - Successfully registered JMX Bean with object name Ratis:service=RaftServer,group=group-7C0A21625679,id=94a1c681-cec5-47e9-bd86-59396c1e12e6
2019-09-25 07:27:38,346 [RatisPipelineUtilsThread] INFO  pipeline.PipelineStateManager (PipelineStateManager.java:addPipeline(56)) - Created pipeline Pipeline[ Id: ec76cb82-bbda-42b3-9caa-7c0a21625679, Nodes: 94a1c681-cec5-47e9-bd86-59396c1e12e6{ip: 192.168.151.106, host: pr-hdds-1569-x2sr2-3486766547, networkLocation: /default-rack, certSerialId: null}, Type:RATIS, Factor:ONE, State:OPEN]
2019-09-25 07:27:38,346 [RatisPipelineUtilsThread] INFO  pipeline.PipelinePlacementPolicy (PipelinePlacementPolicy.java:meetCriteria(91)) - Pipeline Placement: can't place more pipeline on heavy datanode： 50e45688-d85c-45e8-a8ba-136a1a73e30a Heaviness: 6 limit: 5
2019-09-25 07:27:38,346 [RatisPipelineUtilsThread] INFO  pipeline.PipelinePlacementPolicy (PipelinePlacementPolicy.java:meetCriteria(91)) - Pipeline Placement: can't place more pipeline on heavy datanode： ac29337b-1f05-44ab-baf7-0ad511ed26a1 Heaviness: 6 limit: 5
2019-09-25 07:27:38,346 [RatisPipelineUtilsThread] INFO  pipeline.PipelinePlacementPolicy (PipelinePlacementPolicy.java:meetCriteria(91)) - Pipeline Placement: can't place more pipeline on heavy datanode： 9cc18591-be2f-448e-af7e-d5f4fba8f5f7 Heaviness: 6 limit: 5
2019-09-25 07:27:38,347 [RatisPipelineUtilsThread] INFO  pipeline.PipelinePlacementPolicy (PipelinePlacementPolicy.java:meetCriteria(91)) - Pipeline Placement: can't place more pipeline on heavy datanode： 600943d5-c424-432f-84b9-a00c1c65f122 Heaviness: 6 limit: 5
2019-09-25 07:27:38,347 [RatisPipelineUtilsThread] INFO  pipeline.PipelinePlacementPolicy (PipelinePlacementPolicy.java:meetCriteria(91)) - Pipeline Placement: can't place more pipeline on heavy datanode： 253df5dc-ab25-4be3-9607-c7ead1a3aece Heaviness: 6 limit: 5
2019-09-25 07:27:38,347 [RatisPipelineUtilsThread] INFO  pipeline.PipelinePlacementPolicy (PipelinePlacementPolicy.java:meetCriteria(91)) - Pipeline Placement: can't place more pipeline on heavy datanode： d2544423-6c63-4eb7-9d0a-bffb9f2b5023 Heaviness: 6 limit: 5
2019-09-25 07:27:38,347 [RatisPipelineUtilsThread] INFO  pipeline.PipelinePlacementPolicy (PipelinePlacementPolicy.java:meetCriteria(91)) - Pipeline Placement: can't place more pipeline on heavy datanode： ad28d3ec-40f8-4bc1-a274-453df443249c Heaviness: 6 limit: 5
2019-09-25 07:27:38,347 [RatisPipelineUtilsThread] INFO  pipeline.PipelinePlacementPolicy (PipelinePlacementPolicy.java:meetCriteria(91)) - Pipeline Placement: can't place more pipeline on heavy datanode： 94a1c681-cec5-47e9-bd86-59396c1e12e6 Heaviness: 6 limit: 5
2019-09-25 07:27:38,354 [grpc-default-executor-0] INFO  impl.RaftServerProxy (RaftServerProxy.java:addNew(89)) - a0827fcf-c5ce-4373-8734-1ec063924bc7: addNew group-B7CD3802F1CF:[a0827fcf-c5ce-4373-8734-1ec063924bc7:192.168.151.106:34656] returns group-B7CD3802F1CF:java.util.concurrent.CompletableFuture@285d8fcc[Not completed]
2019-09-25 07:27:38,355 [pool-97-thread-1] INFO  impl.RaftServerImpl (RaftServerImpl.java:<init>(95)) - a0827fcf-c5ce-4373-8734-1ec063924bc7: new RaftServerImpl for group-B7CD3802F1CF:[a0827fcf-c5ce-4373-8734-1ec063924bc7:192.168.151.106:34656] with ContainerStateMachine:uninitialized
2019-09-25 07:27:38,355 [pool-97-thread-1] INFO  server.RaftServerConfigKeys (ConfUtils.java:logGet(43)) - raft.server.rpc.timeout.min = 5s (custom)
2019-09-25 07:27:38,355 [pool-97-thread-1] INFO  server.RaftServerConfigKeys (ConfUtils.java:logGet(43)) - raft.server.rpc.timeout.max = 5200ms (custom)
2019-09-25 07:27:38,356 [pool-97-thread-1] INFO  server.RaftServerConfigKeys (ConfUtils.java:logGet(43)) - raft.server.rpcslowness.timeout = 120s (custom)
2019-09-25 07:27:38,356 [pool-97-thread-1] INFO  server.RaftServerConfigKeys (ConfUtils.java:logGet(43)) - raft.server.sleep.deviation.threshold = 300 (default)
2019-09-25 07:27:38,356 [pool-97-thread-1] INFO  server.RaftServerConfigKeys (ConfUtils.java:logGet(43)) - raft.server.log.appender.install.snapshot.enabled = false (custom)
2019-09-25 07:27:38,356 [pool-97-thread-1] INFO  impl.RaftServerImpl (ServerState.java:<init>(103)) - a0827fcf-c5ce-4373-8734-1ec063924bc7@group-B7CD3802F1CF: ConfigurationManager, init=-1: [a0827fcf-c5ce-4373-8734-1ec063924bc7:192.168.151.106:34656], old=null, confs=<EMPTY_MAP>
2019-09-25 07:27:38,356 [pool-97-thread-1] INFO  server.RaftServerConfigKeys (ConfUtils.java:logGet(43)) - raft.server.storage.dir = [/workdir/hadoop-ozone/ozonefs/target/test-dir/MiniOzoneClusterImpl-336849c0-54e0-42a2-92e3-a8dd7e6e8d6a/datanode-7/data/ratis] (custom)
2019-09-25 07:27:38,357 [pool-97-thread-1] INFO  storage.RaftStorageDirectory (RaftStorageDirectory.java:analyzeStorage(246)) - The storage directory /workdir/hadoop-ozone/ozonefs/target/test-dir/MiniOzoneClusterImpl-336849c0-54e0-42a2-92e3-a8dd7e6e8d6a/datanode-7/data/ratis/4e2d8b90-7625-42da-b668-b7cd3802f1cf does not exist. Creating ...
2019-09-25 07:27:38,385 [pool-97-thread-1] INFO  storage.RaftStorageDirectory (RaftStorageDirectory.java:tryLock(328)) - Lock on /workdir/hadoop-ozone/ozonefs/target/test-dir/MiniOzoneClusterImpl-336849c0-54e0-42a2-92e3-a8dd7e6e8d6a/datanode-7/data/ratis/4e2d8b90-7625-42da-b668-b7cd3802f1cf/in_use.lock acquired by nodename 14720@pr-hdds-1569-x2sr2-3486766547
2019-09-25 07:27:38,411 [pool-97-thread-1] INFO  storage.RaftStorage (RaftStorage.java:format(72)) - Storage directory /workdir/hadoop-ozone/ozonefs/target/test-dir/MiniOzoneClusterImpl-336849c0-54e0-42a2-92e3-a8dd7e6e8d6a/datanode-7/data/ratis/4e2d8b90-7625-42da-b668-b7cd3802f1cf has been successfully formatted.
2019-09-25 07:27:38,411 [pool-97-thread-1] INFO  ratis.ContainerStateMachine (ContainerStateMachine.java:loadSnapshot(230)) - group-B7CD3802F1CF: The snapshot info is null. Setting the last applied indexto:(t:0, i:~)
2019-09-25 07:27:38,412 [pool-97-thread-1] INFO  server.RaftServerConfigKeys (ConfUtils.java:logGet(43)) - raft.server.notification.no-leader.timeout = 120s (custom)
2019-09-25 07:27:38,412 [pool-97-thread-1] INFO  server.RaftServerConfigKeys (ConfUtils.java:logGet(43)) - raft.server.log.use.memory = false (default)
2019-09-25 07:27:38,412 [pool-97-thread-1] INFO  server.RaftServerConfigKeys (ConfUtils.java:logGet(43)) - raft.server.log.purge.gap = 1000000 (custom)
2019-09-25 07:27:38,412 [pool-97-thread-1] INFO  server.RaftServerConfigKeys (ConfUtils.java:logGet(43)) - raft.server.log.appender.buffer.byte-limit = 33554432 (custom)
2019-09-25 07:27:38,412 [pool-97-thread-1] INFO  server.RaftServerConfigKeys (ConfUtils.java:logGet(43)) - raft.server.log.segment.size.max = 1048576 (custom)
2019-09-25 07:27:38,413 [pool-97-thread-1] INFO  server.RaftServerConfigKeys (ConfUtils.java:logGet(43)) - raft.server.log.segment.cache.num.max = 2 (custom)
2019-09-25 07:27:38,413 [pool-97-thread-1] INFO  segmented.SegmentedRaftLogWorker (SegmentedRaftLogWorker.java:<init>(172)) - new a0827fcf-c5ce-4373-8734-1ec063924bc7@group-B7CD3802F1CF-SegmentedRaftLogWorker for RaftStorage:Storage Directory /workdir/hadoop-ozone/ozonefs/target/test-dir/MiniOzoneClusterImpl-336849c0-54e0-42a2-92e3-a8dd7e6e8d6a/datanode-7/data/ratis/4e2d8b90-7625-42da-b668-b7cd3802f1cf
2019-09-25 07:27:38,413 [pool-97-thread-1] INFO  server.RaftServerConfigKeys (ConfUtils.java:logGet(43)) - raft.server.log.queue.byte-limit = 2147483647 (custom)
2019-09-25 07:27:38,413 [pool-97-thread-1] INFO  server.RaftServerConfigKeys (ConfUtils.java:logGet(43)) - raft.server.log.queue.element-limit = 1024 (custom)
2019-09-25 07:27:38,413 [pool-97-thread-1] INFO  server.RaftServerConfigKeys (ConfUtils.java:logGet(43)) - raft.server.log.segment.size.max = 1048576 (custom)
2019-09-25 07:27:38,414 [pool-97-thread-1] INFO  server.RaftServerConfigKeys (ConfUtils.java:logGet(43)) - raft.server.log.preallocated.size = 16384 (custom)
2019-09-25 07:27:38,414 [pool-97-thread-1] INFO  server.RaftServerConfigKeys (ConfUtils.java:logGet(43)) - raft.server.log.write.buffer.size = 33554432 (custom)
2019-09-25 07:27:38,414 [pool-97-thread-1] INFO  server.RaftServerConfigKeys (ConfUtils.java:logGet(43)) - raft.server.log.force.sync.num = 128 (default)
2019-09-25 07:27:38,414 [pool-97-thread-1] INFO  server.RaftServerConfigKeys (ConfUtils.java:logGet(43)) - raft.server.log.statemachine.data.sync = true (default)
2019-09-25 07:27:38,414 [pool-97-thread-1] INFO  server.RaftServerConfigKeys (ConfUtils.java:logGet(43)) - raft.server.log.statemachine.data.sync.timeout = 10s (default)
2019-09-25 07:27:38,414 [pool-97-thread-1] INFO  server.RaftServerConfigKeys (ConfUtils.java:logGet(43)) - raft.server.log.statemachine.data.sync.timeout.retry = -1 (default)
2019-09-25 07:27:38,415 [pool-97-thread-1] INFO  server.RaftServerConfigKeys (ConfUtils.java:logGet(43)) - raft.server.log.statemachine.data.caching.enabled = true (custom)
2019-09-25 07:27:38,415 [pool-97-thread-1] INFO  segmented.SegmentedRaftLogWorker (SegmentedRaftLogWorker.java:lambda$new$0(132)) - a0827fcf-c5ce-4373-8734-1ec063924bc7@group-B7CD3802F1CF-SegmentedRaftLogWorker: flushIndex: setUnconditionally 0 -> -1
2019-09-25 07:27:38,416 [pool-97-thread-1] INFO  server.RaftServerConfigKeys (ConfUtils.java:logGet(43)) - raft.server.snapshot.auto.trigger.enabled = true (custom)
2019-09-25 07:27:38,416 [pool-97-thread-1] INFO  server.RaftServerConfigKeys (ConfUtils.java:logGet(43)) - raft.server.snapshot.auto.trigger.threshold = 10000 (custom)
2019-09-25 07:27:38,416 [pool-97-thread-1] INFO  server.RaftServerConfigKeys (ConfUtils.java:logGet(43)) - raft.server.snapshot.retention.num.files = 5 (custom)
2019-09-25 07:27:38,416 [pool-97-thread-1] INFO  server.RaftServerConfigKeys (ConfUtils.java:logGet(43)) - raft.server.retrycache.expirytime = 600000ms (custom)
2019-09-25 07:27:38,420 [pool-97-thread-1] INFO  impl.RaftServerImpl (RaftServerImpl.java:start(185)) - a0827fcf-c5ce-4373-8734-1ec063924bc7@group-B7CD3802F1CF: start as a follower, conf=-1: [a0827fcf-c5ce-4373-8734-1ec063924bc7:192.168.151.106:34656], old=null
2019-09-25 07:27:38,420 [pool-97-thread-1] INFO  impl.RaftServerImpl (RaftServerImpl.java:setRole(174)) - a0827fcf-c5ce-4373-8734-1ec063924bc7@group-B7CD3802F1CF: changes role from      null to FOLLOWER at term 0 for startAsFollower
2019-09-25 07:27:38,420 [pool-97-thread-1] INFO  impl.RoleInfo (RoleInfo.java:updateAndGet(143)) - a0827fcf-c5ce-4373-8734-1ec063924bc7: start FollowerState
2019-09-25 07:27:38,420 [pool-97-thread-1] INFO  util.JmxRegister (JmxRegister.java:tryRegister(44)) - Successfully registered JMX Bean with object name Ratis:service=RaftServer,group=group-B7CD3802F1CF,id=a0827fcf-c5ce-4373-8734-1ec063924bc7
2019-09-25 07:27:38,424 [RatisPipelineUtilsThread] INFO  pipeline.PipelineStateManager (PipelineStateManager.java:addPipeline(56)) - Created pipeline Pipeline[ Id: 4e2d8b90-7625-42da-b668-b7cd3802f1cf, Nodes: a0827fcf-c5ce-4373-8734-1ec063924bc7{ip: 192.168.151.106, host: pr-hdds-1569-x2sr2-3486766547, networkLocation: /default-rack, certSerialId: null}, Type:RATIS, Factor:ONE, State:OPEN]
2019-09-25 07:27:38,424 [RatisPipelineUtilsThread] INFO  pipeline.PipelinePlacementPolicy (PipelinePlacementPolicy.java:meetCriteria(91)) - Pipeline Placement: can't place more pipeline on heavy datanode： 50e45688-d85c-45e8-a8ba-136a1a73e30a Heaviness: 6 limit: 5
2019-09-25 07:27:38,424 [RatisPipelineUtilsThread] INFO  pipeline.PipelinePlacementPolicy (PipelinePlacementPolicy.java:meetCriteria(91)) - Pipeline Placement: can't place more pipeline on heavy datanode： a0827fcf-c5ce-4373-8734-1ec063924bc7 Heaviness: 6 limit: 5
2019-09-25 07:27:38,424 [RatisPipelineUtilsThread] INFO  pipeline.PipelinePlacementPolicy (PipelinePlacementPolicy.java:meetCriteria(91)) - Pipeline Placement: can't place more pipeline on heavy datanode： ac29337b-1f05-44ab-baf7-0ad511ed26a1 Heaviness: 6 limit: 5
2019-09-25 07:27:38,425 [RatisPipelineUtilsThread] INFO  pipeline.PipelinePlacementPolicy (PipelinePlacementPolicy.java:meetCriteria(91)) - Pipeline Placement: can't place more pipeline on heavy datanode： 9cc18591-be2f-448e-af7e-d5f4fba8f5f7 Heaviness: 6 limit: 5
2019-09-25 07:27:38,425 [RatisPipelineUtilsThread] INFO  pipeline.PipelinePlacementPolicy (PipelinePlacementPolicy.java:meetCriteria(91)) - Pipeline Placement: can't place more pipeline on heavy datanode： 600943d5-c424-432f-84b9-a00c1c65f122 Heaviness: 6 limit: 5
2019-09-25 07:27:38,425 [RatisPipelineUtilsThread] INFO  pipeline.PipelinePlacementPolicy (PipelinePlacementPolicy.java:meetCriteria(91)) - Pipeline Placement: can't place more pipeline on heavy datanode： 253df5dc-ab25-4be3-9607-c7ead1a3aece Heaviness: 6 limit: 5
2019-09-25 07:27:38,425 [RatisPipelineUtilsThread] INFO  pipeline.PipelinePlacementPolicy (PipelinePlacementPolicy.java:meetCriteria(91)) - Pipeline Placement: can't place more pipeline on heavy datanode： d2544423-6c63-4eb7-9d0a-bffb9f2b5023 Heaviness: 6 limit: 5
2019-09-25 07:27:38,425 [RatisPipelineUtilsThread] INFO  pipeline.PipelinePlacementPolicy (PipelinePlacementPolicy.java:meetCriteria(91)) - Pipeline Placement: can't place more pipeline on heavy datanode： ad28d3ec-40f8-4bc1-a274-453df443249c Heaviness: 6 limit: 5
2019-09-25 07:27:38,425 [RatisPipelineUtilsThread] INFO  pipeline.PipelinePlacementPolicy (PipelinePlacementPolicy.java:meetCriteria(91)) - Pipeline Placement: can't place more pipeline on heavy datanode： 94a1c681-cec5-47e9-bd86-59396c1e12e6 Heaviness: 6 limit: 5
2019-09-25 07:27:38,432 [grpc-default-executor-0] INFO  impl.RaftServerProxy (RaftServerProxy.java:addNew(89)) - c642d074-6234-4917-85d3-a38353a695f7: addNew group-D079BC979AD0:[c642d074-6234-4917-85d3-a38353a695f7:192.168.151.106:41023] returns group-D079BC979AD0:java.util.concurrent.CompletableFuture@19f55a0f[Not completed]
2019-09-25 07:27:38,433 [pool-47-thread-1] INFO  impl.RaftServerImpl (RaftServerImpl.java:<init>(95)) - c642d074-6234-4917-85d3-a38353a695f7: new RaftServerImpl for group-D079BC979AD0:[c642d074-6234-4917-85d3-a38353a695f7:192.168.151.106:41023] with ContainerStateMachine:uninitialized
2019-09-25 07:27:38,433 [pool-47-thread-1] INFO  server.RaftServerConfigKeys (ConfUtils.java:logGet(43)) - raft.server.rpc.timeout.min = 5s (custom)
2019-09-25 07:27:38,433 [pool-47-thread-1] INFO  server.RaftServerConfigKeys (ConfUtils.java:logGet(43)) - raft.server.rpc.timeout.max = 5200ms (custom)
2019-09-25 07:27:38,433 [pool-47-thread-1] INFO  server.RaftServerConfigKeys (ConfUtils.java:logGet(43)) - raft.server.rpcslowness.timeout = 120s (custom)
2019-09-25 07:27:38,433 [pool-47-thread-1] INFO  server.RaftServerConfigKeys (ConfUtils.java:logGet(43)) - raft.server.sleep.deviation.threshold = 300 (default)
2019-09-25 07:27:38,433 [pool-47-thread-1] INFO  server.RaftServerConfigKeys (ConfUtils.java:logGet(43)) - raft.server.log.appender.install.snapshot.enabled = false (custom)
2019-09-25 07:27:38,434 [pool-47-thread-1] INFO  impl.RaftServerImpl (ServerState.java:<init>(103)) - c642d074-6234-4917-85d3-a38353a695f7@group-D079BC979AD0: ConfigurationManager, init=-1: [c642d074-6234-4917-85d3-a38353a695f7:192.168.151.106:41023], old=null, confs=<EMPTY_MAP>
2019-09-25 07:27:38,434 [pool-47-thread-1] INFO  server.RaftServerConfigKeys (ConfUtils.java:logGet(43)) - raft.server.storage.dir = [/workdir/hadoop-ozone/ozonefs/target/test-dir/MiniOzoneClusterImpl-336849c0-54e0-42a2-92e3-a8dd7e6e8d6a/datanode-2/data/ratis] (custom)
2019-09-25 07:27:38,434 [pool-47-thread-1] INFO  storage.RaftStorageDirectory (RaftStorageDirectory.java:analyzeStorage(246)) - The storage directory /workdir/hadoop-ozone/ozonefs/target/test-dir/MiniOzoneClusterImpl-336849c0-54e0-42a2-92e3-a8dd7e6e8d6a/datanode-2/data/ratis/ea5b6868-980b-4da5-875b-d079bc979ad0 does not exist. Creating ...
2019-09-25 07:27:38,461 [pool-47-thread-1] INFO  storage.RaftStorageDirectory (RaftStorageDirectory.java:tryLock(328)) - Lock on /workdir/hadoop-ozone/ozonefs/target/test-dir/MiniOzoneClusterImpl-336849c0-54e0-42a2-92e3-a8dd7e6e8d6a/datanode-2/data/ratis/ea5b6868-980b-4da5-875b-d079bc979ad0/in_use.lock acquired by nodename 14720@pr-hdds-1569-x2sr2-3486766547
2019-09-25 07:27:38,487 [pool-47-thread-1] INFO  storage.RaftStorage (RaftStorage.java:format(72)) - Storage directory /workdir/hadoop-ozone/ozonefs/target/test-dir/MiniOzoneClusterImpl-336849c0-54e0-42a2-92e3-a8dd7e6e8d6a/datanode-2/data/ratis/ea5b6868-980b-4da5-875b-d079bc979ad0 has been successfully formatted.
2019-09-25 07:27:38,487 [pool-47-thread-1] INFO  ratis.ContainerStateMachine (ContainerStateMachine.java:loadSnapshot(230)) - group-D079BC979AD0: The snapshot info is null. Setting the last applied indexto:(t:0, i:~)
2019-09-25 07:27:38,487 [pool-47-thread-1] INFO  server.RaftServerConfigKeys (ConfUtils.java:logGet(43)) - raft.server.notification.no-leader.timeout = 120s (custom)
2019-09-25 07:27:38,487 [pool-47-thread-1] INFO  server.RaftServerConfigKeys (ConfUtils.java:logGet(43)) - raft.server.log.use.memory = false (default)
2019-09-25 07:27:38,487 [pool-47-thread-1] INFO  server.RaftServerConfigKeys (ConfUtils.java:logGet(43)) - raft.server.log.purge.gap = 1000000 (custom)
2019-09-25 07:27:38,488 [pool-47-thread-1] INFO  server.RaftServerConfigKeys (ConfUtils.java:logGet(43)) - raft.server.log.appender.buffer.byte-limit = 33554432 (custom)
2019-09-25 07:27:38,488 [pool-47-thread-1] INFO  server.RaftServerConfigKeys (ConfUtils.java:logGet(43)) - raft.server.log.segment.size.max = 1048576 (custom)
2019-09-25 07:27:38,488 [pool-47-thread-1] INFO  server.RaftServerConfigKeys (ConfUtils.java:logGet(43)) - raft.server.log.segment.cache.num.max = 2 (custom)
2019-09-25 07:27:38,488 [pool-47-thread-1] INFO  segmented.SegmentedRaftLogWorker (SegmentedRaftLogWorker.java:<init>(172)) - new c642d074-6234-4917-85d3-a38353a695f7@group-D079BC979AD0-SegmentedRaftLogWorker for RaftStorage:Storage Directory /workdir/hadoop-ozone/ozonefs/target/test-dir/MiniOzoneClusterImpl-336849c0-54e0-42a2-92e3-a8dd7e6e8d6a/datanode-2/data/ratis/ea5b6868-980b-4da5-875b-d079bc979ad0
2019-09-25 07:27:38,488 [pool-47-thread-1] INFO  server.RaftServerConfigKeys (ConfUtils.java:logGet(43)) - raft.server.log.queue.byte-limit = 2147483647 (custom)
2019-09-25 07:27:38,488 [pool-47-thread-1] INFO  server.RaftServerConfigKeys (ConfUtils.java:logGet(43)) - raft.server.log.queue.element-limit = 1024 (custom)
2019-09-25 07:27:38,488 [pool-47-thread-1] INFO  server.RaftServerConfigKeys (ConfUtils.java:logGet(43)) - raft.server.log.segment.size.max = 1048576 (custom)
2019-09-25 07:27:38,489 [pool-47-thread-1] INFO  server.RaftServerConfigKeys (ConfUtils.java:logGet(43)) - raft.server.log.preallocated.size = 16384 (custom)
2019-09-25 07:27:38,489 [pool-47-thread-1] INFO  server.RaftServerConfigKeys (ConfUtils.java:logGet(43)) - raft.server.log.write.buffer.size = 33554432 (custom)
2019-09-25 07:27:38,489 [pool-47-thread-1] INFO  server.RaftServerConfigKeys (ConfUtils.java:logGet(43)) - raft.server.log.force.sync.num = 128 (default)
2019-09-25 07:27:38,489 [pool-47-thread-1] INFO  server.RaftServerConfigKeys (ConfUtils.java:logGet(43)) - raft.server.log.statemachine.data.sync = true (default)
2019-09-25 07:27:38,489 [pool-47-thread-1] INFO  server.RaftServerConfigKeys (ConfUtils.java:logGet(43)) - raft.server.log.statemachine.data.sync.timeout = 10s (default)
2019-09-25 07:27:38,489 [pool-47-thread-1] INFO  server.RaftServerConfigKeys (ConfUtils.java:logGet(43)) - raft.server.log.statemachine.data.sync.timeout.retry = -1 (default)
2019-09-25 07:27:38,490 [pool-47-thread-1] INFO  server.RaftServerConfigKeys (ConfUtils.java:logGet(43)) - raft.server.log.statemachine.data.caching.enabled = true (custom)
2019-09-25 07:27:38,490 [pool-47-thread-1] INFO  segmented.SegmentedRaftLogWorker (SegmentedRaftLogWorker.java:lambda$new$0(132)) - c642d074-6234-4917-85d3-a38353a695f7@group-D079BC979AD0-SegmentedRaftLogWorker: flushIndex: setUnconditionally 0 -> -1
2019-09-25 07:27:38,490 [pool-47-thread-1] INFO  server.RaftServerConfigKeys (ConfUtils.java:logGet(43)) - raft.server.snapshot.auto.trigger.enabled = true (custom)
2019-09-25 07:27:38,490 [pool-47-thread-1] INFO  server.RaftServerConfigKeys (ConfUtils.java:logGet(43)) - raft.server.snapshot.auto.trigger.threshold = 10000 (custom)
2019-09-25 07:27:38,491 [pool-47-thread-1] INFO  server.RaftServerConfigKeys (ConfUtils.java:logGet(43)) - raft.server.snapshot.retention.num.files = 5 (custom)
2019-09-25 07:27:38,491 [pool-47-thread-1] INFO  server.RaftServerConfigKeys (ConfUtils.java:logGet(43)) - raft.server.retrycache.expirytime = 600000ms (custom)
2019-09-25 07:27:38,493 [pool-47-thread-1] INFO  impl.RaftServerImpl (RaftServerImpl.java:start(185)) - c642d074-6234-4917-85d3-a38353a695f7@group-D079BC979AD0: start as a follower, conf=-1: [c642d074-6234-4917-85d3-a38353a695f7:192.168.151.106:41023], old=null
2019-09-25 07:27:38,493 [pool-47-thread-1] INFO  impl.RaftServerImpl (RaftServerImpl.java:setRole(174)) - c642d074-6234-4917-85d3-a38353a695f7@group-D079BC979AD0: changes role from      null to FOLLOWER at term 0 for startAsFollower
2019-09-25 07:27:38,494 [pool-47-thread-1] INFO  impl.RoleInfo (RoleInfo.java:updateAndGet(143)) - c642d074-6234-4917-85d3-a38353a695f7: start FollowerState
2019-09-25 07:27:38,494 [pool-47-thread-1] INFO  util.JmxRegister (JmxRegister.java:tryRegister(44)) - Successfully registered JMX Bean with object name Ratis:service=RaftServer,group=group-D079BC979AD0,id=c642d074-6234-4917-85d3-a38353a695f7
2019-09-25 07:27:38,497 [RatisPipelineUtilsThread] INFO  pipeline.PipelineStateManager (PipelineStateManager.java:addPipeline(56)) - Created pipeline Pipeline[ Id: ea5b6868-980b-4da5-875b-d079bc979ad0, Nodes: c642d074-6234-4917-85d3-a38353a695f7{ip: 192.168.151.106, host: pr-hdds-1569-x2sr2-3486766547, networkLocation: /default-rack, certSerialId: null}, Type:RATIS, Factor:ONE, State:OPEN]
2019-09-25 07:27:38,498 [RatisPipelineUtilsThread] INFO  pipeline.PipelinePlacementPolicy (PipelinePlacementPolicy.java:meetCriteria(91)) - Pipeline Placement: can't place more pipeline on heavy datanode： 50e45688-d85c-45e8-a8ba-136a1a73e30a Heaviness: 6 limit: 5
2019-09-25 07:27:38,498 [RatisPipelineUtilsThread] INFO  pipeline.PipelinePlacementPolicy (PipelinePlacementPolicy.java:meetCriteria(91)) - Pipeline Placement: can't place more pipeline on heavy datanode： a0827fcf-c5ce-4373-8734-1ec063924bc7 Heaviness: 6 limit: 5
2019-09-25 07:27:38,498 [RatisPipelineUtilsThread] INFO  pipeline.PipelinePlacementPolicy (PipelinePlacementPolicy.java:meetCriteria(91)) - Pipeline Placement: can't place more pipeline on heavy datanode： ac29337b-1f05-44ab-baf7-0ad511ed26a1 Heaviness: 6 limit: 5
2019-09-25 07:27:38,498 [RatisPipelineUtilsThread] INFO  pipeline.PipelinePlacementPolicy (PipelinePlacementPolicy.java:meetCriteria(91)) - Pipeline Placement: can't place more pipeline on heavy datanode： 9cc18591-be2f-448e-af7e-d5f4fba8f5f7 Heaviness: 6 limit: 5
2019-09-25 07:27:38,498 [RatisPipelineUtilsThread] INFO  pipeline.PipelinePlacementPolicy (PipelinePlacementPolicy.java:meetCriteria(91)) - Pipeline Placement: can't place more pipeline on heavy datanode： 600943d5-c424-432f-84b9-a00c1c65f122 Heaviness: 6 limit: 5
2019-09-25 07:27:38,498 [RatisPipelineUtilsThread] INFO  pipeline.PipelinePlacementPolicy (PipelinePlacementPolicy.java:meetCriteria(91)) - Pipeline Placement: can't place more pipeline on heavy datanode： 253df5dc-ab25-4be3-9607-c7ead1a3aece Heaviness: 6 limit: 5
2019-09-25 07:27:38,499 [RatisPipelineUtilsThread] INFO  pipeline.PipelinePlacementPolicy (PipelinePlacementPolicy.java:meetCriteria(91)) - Pipeline Placement: can't place more pipeline on heavy datanode： d2544423-6c63-4eb7-9d0a-bffb9f2b5023 Heaviness: 6 limit: 5
2019-09-25 07:27:38,499 [RatisPipelineUtilsThread] INFO  pipeline.PipelinePlacementPolicy (PipelinePlacementPolicy.java:meetCriteria(91)) - Pipeline Placement: can't place more pipeline on heavy datanode： ad28d3ec-40f8-4bc1-a274-453df443249c Heaviness: 6 limit: 5
2019-09-25 07:27:38,499 [RatisPipelineUtilsThread] INFO  pipeline.PipelinePlacementPolicy (PipelinePlacementPolicy.java:meetCriteria(91)) - Pipeline Placement: can't place more pipeline on heavy datanode： 94a1c681-cec5-47e9-bd86-59396c1e12e6 Heaviness: 6 limit: 5
2019-09-25 07:27:38,505 [grpc-default-executor-0] INFO  impl.RaftServerProxy (RaftServerProxy.java:addNew(89)) - c642d074-6234-4917-85d3-a38353a695f7: addNew group-A5FDC8C40122:[c642d074-6234-4917-85d3-a38353a695f7:192.168.151.106:41023] returns group-A5FDC8C40122:java.util.concurrent.CompletableFuture@673429e5[Not completed]
2019-09-25 07:27:38,506 [pool-47-thread-1] INFO  impl.RaftServerImpl (RaftServerImpl.java:<init>(95)) - c642d074-6234-4917-85d3-a38353a695f7: new RaftServerImpl for group-A5FDC8C40122:[c642d074-6234-4917-85d3-a38353a695f7:192.168.151.106:41023] with ContainerStateMachine:uninitialized
2019-09-25 07:27:38,506 [pool-47-thread-1] INFO  server.RaftServerConfigKeys (ConfUtils.java:logGet(43)) - raft.server.rpc.timeout.min = 5s (custom)
2019-09-25 07:27:38,506 [pool-47-thread-1] INFO  server.RaftServerConfigKeys (ConfUtils.java:logGet(43)) - raft.server.rpc.timeout.max = 5200ms (custom)
2019-09-25 07:27:38,507 [pool-47-thread-1] INFO  server.RaftServerConfigKeys (ConfUtils.java:logGet(43)) - raft.server.rpcslowness.timeout = 120s (custom)
2019-09-25 07:27:38,507 [pool-47-thread-1] INFO  server.RaftServerConfigKeys (ConfUtils.java:logGet(43)) - raft.server.sleep.deviation.threshold = 300 (default)
2019-09-25 07:27:38,507 [pool-47-thread-1] INFO  server.RaftServerConfigKeys (ConfUtils.java:logGet(43)) - raft.server.log.appender.install.snapshot.enabled = false (custom)
2019-09-25 07:27:38,507 [pool-47-thread-1] INFO  impl.RaftServerImpl (ServerState.java:<init>(103)) - c642d074-6234-4917-85d3-a38353a695f7@group-A5FDC8C40122: ConfigurationManager, init=-1: [c642d074-6234-4917-85d3-a38353a695f7:192.168.151.106:41023], old=null, confs=<EMPTY_MAP>
2019-09-25 07:27:38,507 [pool-47-thread-1] INFO  server.RaftServerConfigKeys (ConfUtils.java:logGet(43)) - raft.server.storage.dir = [/workdir/hadoop-ozone/ozonefs/target/test-dir/MiniOzoneClusterImpl-336849c0-54e0-42a2-92e3-a8dd7e6e8d6a/datanode-2/data/ratis] (custom)
2019-09-25 07:27:38,507 [pool-47-thread-1] INFO  storage.RaftStorageDirectory (RaftStorageDirectory.java:analyzeStorage(246)) - The storage directory /workdir/hadoop-ozone/ozonefs/target/test-dir/MiniOzoneClusterImpl-336849c0-54e0-42a2-92e3-a8dd7e6e8d6a/datanode-2/data/ratis/5391457d-fcd1-46c0-b991-a5fdc8c40122 does not exist. Creating ...
2019-09-25 07:27:38,537 [pool-47-thread-1] INFO  storage.RaftStorageDirectory (RaftStorageDirectory.java:tryLock(328)) - Lock on /workdir/hadoop-ozone/ozonefs/target/test-dir/MiniOzoneClusterImpl-336849c0-54e0-42a2-92e3-a8dd7e6e8d6a/datanode-2/data/ratis/5391457d-fcd1-46c0-b991-a5fdc8c40122/in_use.lock acquired by nodename 14720@pr-hdds-1569-x2sr2-3486766547
2019-09-25 07:27:38,562 [pool-47-thread-1] INFO  storage.RaftStorage (RaftStorage.java:format(72)) - Storage directory /workdir/hadoop-ozone/ozonefs/target/test-dir/MiniOzoneClusterImpl-336849c0-54e0-42a2-92e3-a8dd7e6e8d6a/datanode-2/data/ratis/5391457d-fcd1-46c0-b991-a5fdc8c40122 has been successfully formatted.
2019-09-25 07:27:38,563 [pool-47-thread-1] INFO  ratis.ContainerStateMachine (ContainerStateMachine.java:loadSnapshot(230)) - group-A5FDC8C40122: The snapshot info is null. Setting the last applied indexto:(t:0, i:~)
2019-09-25 07:27:38,563 [pool-47-thread-1] INFO  server.RaftServerConfigKeys (ConfUtils.java:logGet(43)) - raft.server.notification.no-leader.timeout = 120s (custom)
2019-09-25 07:27:38,563 [pool-47-thread-1] INFO  server.RaftServerConfigKeys (ConfUtils.java:logGet(43)) - raft.server.log.use.memory = false (default)
2019-09-25 07:27:38,563 [pool-47-thread-1] INFO  server.RaftServerConfigKeys (ConfUtils.java:logGet(43)) - raft.server.log.purge.gap = 1000000 (custom)
2019-09-25 07:27:38,563 [pool-47-thread-1] INFO  server.RaftServerConfigKeys (ConfUtils.java:logGet(43)) - raft.server.log.appender.buffer.byte-limit = 33554432 (custom)
2019-09-25 07:27:38,563 [pool-47-thread-1] INFO  server.RaftServerConfigKeys (ConfUtils.java:logGet(43)) - raft.server.log.segment.size.max = 1048576 (custom)
2019-09-25 07:27:38,563 [pool-47-thread-1] INFO  server.RaftServerConfigKeys (ConfUtils.java:logGet(43)) - raft.server.log.segment.cache.num.max = 2 (custom)
2019-09-25 07:27:38,564 [pool-47-thread-1] INFO  segmented.SegmentedRaftLogWorker (SegmentedRaftLogWorker.java:<init>(172)) - new c642d074-6234-4917-85d3-a38353a695f7@group-A5FDC8C40122-SegmentedRaftLogWorker for RaftStorage:Storage Directory /workdir/hadoop-ozone/ozonefs/target/test-dir/MiniOzoneClusterImpl-336849c0-54e0-42a2-92e3-a8dd7e6e8d6a/datanode-2/data/ratis/5391457d-fcd1-46c0-b991-a5fdc8c40122
2019-09-25 07:27:38,564 [pool-47-thread-1] INFO  server.RaftServerConfigKeys (ConfUtils.java:logGet(43)) - raft.server.log.queue.byte-limit = 2147483647 (custom)
2019-09-25 07:27:38,564 [pool-47-thread-1] INFO  server.RaftServerConfigKeys (ConfUtils.java:logGet(43)) - raft.server.log.queue.element-limit = 1024 (custom)
2019-09-25 07:27:38,564 [pool-47-thread-1] INFO  server.RaftServerConfigKeys (ConfUtils.java:logGet(43)) - raft.server.log.segment.size.max = 1048576 (custom)
2019-09-25 07:27:38,564 [pool-47-thread-1] INFO  server.RaftServerConfigKeys (ConfUtils.java:logGet(43)) - raft.server.log.preallocated.size = 16384 (custom)
2019-09-25 07:27:38,564 [pool-47-thread-1] INFO  server.RaftServerConfigKeys (ConfUtils.java:logGet(43)) - raft.server.log.write.buffer.size = 33554432 (custom)
2019-09-25 07:27:38,564 [pool-47-thread-1] INFO  server.RaftServerConfigKeys (ConfUtils.java:logGet(43)) - raft.server.log.force.sync.num = 128 (default)
2019-09-25 07:27:38,564 [pool-47-thread-1] INFO  server.RaftServerConfigKeys (ConfUtils.java:logGet(43)) - raft.server.log.statemachine.data.sync = true (default)
2019-09-25 07:27:38,565 [pool-47-thread-1] INFO  server.RaftServerConfigKeys (ConfUtils.java:logGet(43)) - raft.server.log.statemachine.data.sync.timeout = 10s (default)
2019-09-25 07:27:38,565 [pool-47-thread-1] INFO  server.RaftServerConfigKeys (ConfUtils.java:logGet(43)) - raft.server.log.statemachine.data.sync.timeout.retry = -1 (default)
2019-09-25 07:27:38,565 [pool-47-thread-1] INFO  server.RaftServerConfigKeys (ConfUtils.java:logGet(43)) - raft.server.log.statemachine.data.caching.enabled = true (custom)
2019-09-25 07:27:38,565 [pool-47-thread-1] INFO  segmented.SegmentedRaftLogWorker (SegmentedRaftLogWorker.java:lambda$new$0(132)) - c642d074-6234-4917-85d3-a38353a695f7@group-A5FDC8C40122-SegmentedRaftLogWorker: flushIndex: setUnconditionally 0 -> -1
2019-09-25 07:27:38,565 [pool-47-thread-1] INFO  server.RaftServerConfigKeys (ConfUtils.java:logGet(43)) - raft.server.snapshot.auto.trigger.enabled = true (custom)
2019-09-25 07:27:38,566 [pool-47-thread-1] INFO  server.RaftServerConfigKeys (ConfUtils.java:logGet(43)) - raft.server.snapshot.auto.trigger.threshold = 10000 (custom)
2019-09-25 07:27:38,566 [pool-47-thread-1] INFO  server.RaftServerConfigKeys (ConfUtils.java:logGet(43)) - raft.server.snapshot.retention.num.files = 5 (custom)
2019-09-25 07:27:38,566 [pool-47-thread-1] INFO  server.RaftServerConfigKeys (ConfUtils.java:logGet(43)) - raft.server.retrycache.expirytime = 600000ms (custom)
2019-09-25 07:27:38,568 [pool-47-thread-1] INFO  impl.RaftServerImpl (RaftServerImpl.java:start(185)) - c642d074-6234-4917-85d3-a38353a695f7@group-A5FDC8C40122: start as a follower, conf=-1: [c642d074-6234-4917-85d3-a38353a695f7:192.168.151.106:41023], old=null
2019-09-25 07:27:38,568 [pool-47-thread-1] INFO  impl.RaftServerImpl (RaftServerImpl.java:setRole(174)) - c642d074-6234-4917-85d3-a38353a695f7@group-A5FDC8C40122: changes role from      null to FOLLOWER at term 0 for startAsFollower
2019-09-25 07:27:38,568 [pool-47-thread-1] INFO  impl.RoleInfo (RoleInfo.java:updateAndGet(143)) - c642d074-6234-4917-85d3-a38353a695f7: start FollowerState
2019-09-25 07:27:38,569 [pool-47-thread-1] INFO  util.JmxRegister (JmxRegister.java:tryRegister(44)) - Successfully registered JMX Bean with object name Ratis:service=RaftServer,group=group-A5FDC8C40122,id=c642d074-6234-4917-85d3-a38353a695f7
2019-09-25 07:27:38,571 [RatisPipelineUtilsThread] INFO  pipeline.PipelineStateManager (PipelineStateManager.java:addPipeline(56)) - Created pipeline Pipeline[ Id: 5391457d-fcd1-46c0-b991-a5fdc8c40122, Nodes: c642d074-6234-4917-85d3-a38353a695f7{ip: 192.168.151.106, host: pr-hdds-1569-x2sr2-3486766547, networkLocation: /default-rack, certSerialId: null}, Type:RATIS, Factor:ONE, State:OPEN]
2019-09-25 07:27:38,572 [RatisPipelineUtilsThread] INFO  pipeline.PipelinePlacementPolicy (PipelinePlacementPolicy.java:meetCriteria(91)) - Pipeline Placement: can't place more pipeline on heavy datanode： 50e45688-d85c-45e8-a8ba-136a1a73e30a Heaviness: 6 limit: 5
2019-09-25 07:27:38,572 [RatisPipelineUtilsThread] INFO  pipeline.PipelinePlacementPolicy (PipelinePlacementPolicy.java:meetCriteria(91)) - Pipeline Placement: can't place more pipeline on heavy datanode： a0827fcf-c5ce-4373-8734-1ec063924bc7 Heaviness: 6 limit: 5
2019-09-25 07:27:38,572 [RatisPipelineUtilsThread] INFO  pipeline.PipelinePlacementPolicy (PipelinePlacementPolicy.java:meetCriteria(91)) - Pipeline Placement: can't place more pipeline on heavy datanode： ac29337b-1f05-44ab-baf7-0ad511ed26a1 Heaviness: 6 limit: 5
2019-09-25 07:27:38,572 [RatisPipelineUtilsThread] INFO  pipeline.PipelinePlacementPolicy (PipelinePlacementPolicy.java:meetCriteria(91)) - Pipeline Placement: can't place more pipeline on heavy datanode： 9cc18591-be2f-448e-af7e-d5f4fba8f5f7 Heaviness: 6 limit: 5
2019-09-25 07:27:38,572 [RatisPipelineUtilsThread] INFO  pipeline.PipelinePlacementPolicy (PipelinePlacementPolicy.java:meetCriteria(91)) - Pipeline Placement: can't place more pipeline on heavy datanode： c642d074-6234-4917-85d3-a38353a695f7 Heaviness: 6 limit: 5
2019-09-25 07:27:38,573 [RatisPipelineUtilsThread] INFO  pipeline.PipelinePlacementPolicy (PipelinePlacementPolicy.java:meetCriteria(91)) - Pipeline Placement: can't place more pipeline on heavy datanode： 600943d5-c424-432f-84b9-a00c1c65f122 Heaviness: 6 limit: 5
2019-09-25 07:27:38,573 [RatisPipelineUtilsThread] INFO  pipeline.PipelinePlacementPolicy (PipelinePlacementPolicy.java:meetCriteria(91)) - Pipeline Placement: can't place more pipeline on heavy datanode： 253df5dc-ab25-4be3-9607-c7ead1a3aece Heaviness: 6 limit: 5
2019-09-25 07:27:38,573 [RatisPipelineUtilsThread] INFO  pipeline.PipelinePlacementPolicy (PipelinePlacementPolicy.java:meetCriteria(91)) - Pipeline Placement: can't place more pipeline on heavy datanode： d2544423-6c63-4eb7-9d0a-bffb9f2b5023 Heaviness: 6 limit: 5
2019-09-25 07:27:38,573 [RatisPipelineUtilsThread] INFO  pipeline.PipelinePlacementPolicy (PipelinePlacementPolicy.java:meetCriteria(91)) - Pipeline Placement: can't place more pipeline on heavy datanode： ad28d3ec-40f8-4bc1-a274-453df443249c Heaviness: 6 limit: 5
2019-09-25 07:27:38,573 [RatisPipelineUtilsThread] INFO  pipeline.PipelinePlacementPolicy (PipelinePlacementPolicy.java:meetCriteria(91)) - Pipeline Placement: can't place more pipeline on heavy datanode： 94a1c681-cec5-47e9-bd86-59396c1e12e6 Heaviness: 6 limit: 5
2019-09-25 07:27:38,573 [RatisPipelineUtilsThread] ERROR pipeline.PipelinePlacementPolicy (PipelinePlacementPolicy.java:filterViableNodes(148)) - Unable to find enough nodes that meet the criteria that cannot engage in more than 5 pipelines. Nodes required: 1 Found: 0, healthy nodes count inNodeManager: 10.
2019-09-25 07:27:38,576 [RatisPipelineUtilsThread] ERROR pipeline.SCMPipelineManager (SCMPipelineManager.java:createPipeline(167)) - Pipeline creation failed.
org.apache.hadoop.hdds.scm.exceptions.SCMException: Unable to find enough nodes that meet the criteria that cannot engage in more than 5 pipelines. Nodes required: 1 Found: 0, healthy nodes count inNodeManager: 10.
	at org.apache.hadoop.hdds.scm.pipeline.PipelinePlacementPolicy.filterViableNodes(PipelinePlacementPolicy.java:149)
	at org.apache.hadoop.hdds.scm.pipeline.PipelinePlacementPolicy.chooseDatanodes(PipelinePlacementPolicy.java:172)
	at org.apache.hadoop.hdds.scm.pipeline.RatisPipelineProvider.create(RatisPipelineProvider.java:93)
	at org.apache.hadoop.hdds.scm.pipeline.PipelineFactory.create(PipelineFactory.java:58)
	at org.apache.hadoop.hdds.scm.pipeline.SCMPipelineManager.createPipeline(SCMPipelineManager.java:155)
	at org.apache.hadoop.hdds.scm.pipeline.BackgroundPipelineCreator.createPipelines(BackgroundPipelineCreator.java:99)
	at java.util.concurrent.Executors$RunnableAdapter.call(Executors.java:511)
	at java.util.concurrent.FutureTask.run(FutureTask.java:266)
	at java.util.concurrent.ScheduledThreadPoolExecutor$ScheduledFutureTask.access$201(ScheduledThreadPoolExecutor.java:180)
	at java.util.concurrent.ScheduledThreadPoolExecutor$ScheduledFutureTask.run(ScheduledThreadPoolExecutor.java:293)
	at java.util.concurrent.ThreadPoolExecutor.runWorker(ThreadPoolExecutor.java:1149)
	at java.util.concurrent.ThreadPoolExecutor$Worker.run(ThreadPoolExecutor.java:624)
	at java.lang.Thread.run(Thread.java:748)
2019-09-25 07:27:38,577 [RatisPipelineUtilsThread] INFO  pipeline.PipelinePlacementPolicy (PipelinePlacementPolicy.java:meetCriteria(91)) - Pipeline Placement: can't place more pipeline on heavy datanode： 50e45688-d85c-45e8-a8ba-136a1a73e30a Heaviness: 6 limit: 5
2019-09-25 07:27:38,578 [RatisPipelineUtilsThread] INFO  pipeline.PipelinePlacementPolicy (PipelinePlacementPolicy.java:meetCriteria(91)) - Pipeline Placement: can't place more pipeline on heavy datanode： a0827fcf-c5ce-4373-8734-1ec063924bc7 Heaviness: 6 limit: 5
2019-09-25 07:27:38,578 [RatisPipelineUtilsThread] INFO  pipeline.PipelinePlacementPolicy (PipelinePlacementPolicy.java:meetCriteria(91)) - Pipeline Placement: can't place more pipeline on heavy datanode： ac29337b-1f05-44ab-baf7-0ad511ed26a1 Heaviness: 6 limit: 5
2019-09-25 07:27:38,578 [RatisPipelineUtilsThread] INFO  pipeline.PipelinePlacementPolicy (PipelinePlacementPolicy.java:meetCriteria(91)) - Pipeline Placement: can't place more pipeline on heavy datanode： 9cc18591-be2f-448e-af7e-d5f4fba8f5f7 Heaviness: 6 limit: 5
2019-09-25 07:27:38,578 [RatisPipelineUtilsThread] INFO  pipeline.PipelinePlacementPolicy (PipelinePlacementPolicy.java:meetCriteria(91)) - Pipeline Placement: can't place more pipeline on heavy datanode： c642d074-6234-4917-85d3-a38353a695f7 Heaviness: 6 limit: 5
2019-09-25 07:27:38,578 [RatisPipelineUtilsThread] INFO  pipeline.PipelinePlacementPolicy (PipelinePlacementPolicy.java:meetCriteria(91)) - Pipeline Placement: can't place more pipeline on heavy datanode： 600943d5-c424-432f-84b9-a00c1c65f122 Heaviness: 6 limit: 5
2019-09-25 07:27:38,578 [RatisPipelineUtilsThread] INFO  pipeline.PipelinePlacementPolicy (PipelinePlacementPolicy.java:meetCriteria(91)) - Pipeline Placement: can't place more pipeline on heavy datanode： 253df5dc-ab25-4be3-9607-c7ead1a3aece Heaviness: 6 limit: 5
2019-09-25 07:27:38,579 [RatisPipelineUtilsThread] INFO  pipeline.PipelinePlacementPolicy (PipelinePlacementPolicy.java:meetCriteria(91)) - Pipeline Placement: can't place more pipeline on heavy datanode： d2544423-6c63-4eb7-9d0a-bffb9f2b5023 Heaviness: 6 limit: 5
2019-09-25 07:27:38,579 [RatisPipelineUtilsThread] INFO  pipeline.PipelinePlacementPolicy (PipelinePlacementPolicy.java:meetCriteria(91)) - Pipeline Placement: can't place more pipeline on heavy datanode： ad28d3ec-40f8-4bc1-a274-453df443249c Heaviness: 6 limit: 5
2019-09-25 07:27:38,579 [RatisPipelineUtilsThread] INFO  pipeline.PipelinePlacementPolicy (PipelinePlacementPolicy.java:meetCriteria(91)) - Pipeline Placement: can't place more pipeline on heavy datanode： 94a1c681-cec5-47e9-bd86-59396c1e12e6 Heaviness: 6 limit: 5
2019-09-25 07:27:38,579 [RatisPipelineUtilsThread] ERROR pipeline.PipelinePlacementPolicy (PipelinePlacementPolicy.java:filterViableNodes(148)) - Unable to find enough nodes that meet the criteria that cannot engage in more than 5 pipelines. Nodes required: 3 Found: 0, healthy nodes count inNodeManager: 10.
2019-09-25 07:27:38,579 [RatisPipelineUtilsThread] ERROR pipeline.SCMPipelineManager (SCMPipelineManager.java:createPipeline(167)) - Pipeline creation failed.
org.apache.hadoop.hdds.scm.exceptions.SCMException: Unable to find enough nodes that meet the criteria that cannot engage in more than 5 pipelines. Nodes required: 3 Found: 0, healthy nodes count inNodeManager: 10.
	at org.apache.hadoop.hdds.scm.pipeline.PipelinePlacementPolicy.filterViableNodes(PipelinePlacementPolicy.java:149)
	at org.apache.hadoop.hdds.scm.pipeline.PipelinePlacementPolicy.chooseDatanodes(PipelinePlacementPolicy.java:172)
	at org.apache.hadoop.hdds.scm.pipeline.RatisPipelineProvider.create(RatisPipelineProvider.java:93)
	at org.apache.hadoop.hdds.scm.pipeline.PipelineFactory.create(PipelineFactory.java:58)
	at org.apache.hadoop.hdds.scm.pipeline.SCMPipelineManager.createPipeline(SCMPipelineManager.java:155)
	at org.apache.hadoop.hdds.scm.pipeline.BackgroundPipelineCreator.createPipelines(BackgroundPipelineCreator.java:99)
	at java.util.concurrent.Executors$RunnableAdapter.call(Executors.java:511)
	at java.util.concurrent.FutureTask.run(FutureTask.java:266)
	at java.util.concurrent.ScheduledThreadPoolExecutor$ScheduledFutureTask.access$201(ScheduledThreadPoolExecutor.java:180)
	at java.util.concurrent.ScheduledThreadPoolExecutor$ScheduledFutureTask.run(ScheduledThreadPoolExecutor.java:293)
	at java.util.concurrent.ThreadPoolExecutor.runWorker(ThreadPoolExecutor.java:1149)
	at java.util.concurrent.ThreadPoolExecutor$Worker.run(ThreadPoolExecutor.java:624)
	at java.lang.Thread.run(Thread.java:748)
2019-09-25 07:27:38,580 [RatisPipelineUtilsThread] INFO  pipeline.PipelinePlacementPolicy (PipelinePlacementPolicy.java:meetCriteria(91)) - Pipeline Placement: can't place more pipeline on heavy datanode： 50e45688-d85c-45e8-a8ba-136a1a73e30a Heaviness: 6 limit: 5
2019-09-25 07:27:38,580 [RatisPipelineUtilsThread] INFO  pipeline.PipelinePlacementPolicy (PipelinePlacementPolicy.java:meetCriteria(91)) - Pipeline Placement: can't place more pipeline on heavy datanode： a0827fcf-c5ce-4373-8734-1ec063924bc7 Heaviness: 6 limit: 5
2019-09-25 07:27:38,580 [RatisPipelineUtilsThread] INFO  pipeline.PipelinePlacementPolicy (PipelinePlacementPolicy.java:meetCriteria(91)) - Pipeline Placement: can't place more pipeline on heavy datanode： ac29337b-1f05-44ab-baf7-0ad511ed26a1 Heaviness: 6 limit: 5
2019-09-25 07:27:38,580 [RatisPipelineUtilsThread] INFO  pipeline.PipelinePlacementPolicy (PipelinePlacementPolicy.java:meetCriteria(91)) - Pipeline Placement: can't place more pipeline on heavy datanode： 9cc18591-be2f-448e-af7e-d5f4fba8f5f7 Heaviness: 6 limit: 5
2019-09-25 07:27:38,580 [RatisPipelineUtilsThread] INFO  pipeline.PipelinePlacementPolicy (PipelinePlacementPolicy.java:meetCriteria(91)) - Pipeline Placement: can't place more pipeline on heavy datanode： c642d074-6234-4917-85d3-a38353a695f7 Heaviness: 6 limit: 5
2019-09-25 07:27:38,581 [RatisPipelineUtilsThread] INFO  pipeline.PipelinePlacementPolicy (PipelinePlacementPolicy.java:meetCriteria(91)) - Pipeline Placement: can't place more pipeline on heavy datanode： 600943d5-c424-432f-84b9-a00c1c65f122 Heaviness: 6 limit: 5
2019-09-25 07:27:38,581 [RatisPipelineUtilsThread] INFO  pipeline.PipelinePlacementPolicy (PipelinePlacementPolicy.java:meetCriteria(91)) - Pipeline Placement: can't place more pipeline on heavy datanode： 253df5dc-ab25-4be3-9607-c7ead1a3aece Heaviness: 6 limit: 5
2019-09-25 07:27:38,581 [RatisPipelineUtilsThread] INFO  pipeline.PipelinePlacementPolicy (PipelinePlacementPolicy.java:meetCriteria(91)) - Pipeline Placement: can't place more pipeline on heavy datanode： d2544423-6c63-4eb7-9d0a-bffb9f2b5023 Heaviness: 6 limit: 5
2019-09-25 07:27:38,581 [RatisPipelineUtilsThread] INFO  pipeline.PipelinePlacementPolicy (PipelinePlacementPolicy.java:meetCriteria(91)) - Pipeline Placement: can't place more pipeline on heavy datanode： ad28d3ec-40f8-4bc1-a274-453df443249c Heaviness: 6 limit: 5
2019-09-25 07:27:38,581 [RatisPipelineUtilsThread] INFO  pipeline.PipelinePlacementPolicy (PipelinePlacementPolicy.java:meetCriteria(91)) - Pipeline Placement: can't place more pipeline on heavy datanode： 94a1c681-cec5-47e9-bd86-59396c1e12e6 Heaviness: 6 limit: 5
2019-09-25 07:27:38,581 [RatisPipelineUtilsThread] ERROR pipeline.PipelinePlacementPolicy (PipelinePlacementPolicy.java:filterViableNodes(148)) - Unable to find enough nodes that meet the criteria that cannot engage in more than 5 pipelines. Nodes required: 1 Found: 0, healthy nodes count inNodeManager: 10.
2019-09-25 07:27:38,582 [RatisPipelineUtilsThread] ERROR pipeline.SCMPipelineManager (SCMPipelineManager.java:createPipeline(167)) - Pipeline creation failed.
org.apache.hadoop.hdds.scm.exceptions.SCMException: Unable to find enough nodes that meet the criteria that cannot engage in more than 5 pipelines. Nodes required: 1 Found: 0, healthy nodes count inNodeManager: 10.
	at org.apache.hadoop.hdds.scm.pipeline.PipelinePlacementPolicy.filterViableNodes(PipelinePlacementPolicy.java:149)
	at org.apache.hadoop.hdds.scm.pipeline.PipelinePlacementPolicy.chooseDatanodes(PipelinePlacementPolicy.java:172)
	at org.apache.hadoop.hdds.scm.pipeline.RatisPipelineProvider.create(RatisPipelineProvider.java:93)
	at org.apache.hadoop.hdds.scm.pipeline.PipelineFactory.create(PipelineFactory.java:58)
	at org.apache.hadoop.hdds.scm.pipeline.SCMPipelineManager.createPipeline(SCMPipelineManager.java:155)
	at org.apache.hadoop.hdds.scm.pipeline.BackgroundPipelineCreator.createPipelines(BackgroundPipelineCreator.java:99)
	at org.apache.hadoop.hdds.scm.pipeline.BackgroundPipelineCreator.lambda$startFixedIntervalPipelineCreator$0(BackgroundPipelineCreator.java:70)
	at java.util.concurrent.Executors$RunnableAdapter.call(Executors.java:511)
	at java.util.concurrent.FutureTask.runAndReset(FutureTask.java:308)
	at java.util.concurrent.ScheduledThreadPoolExecutor$ScheduledFutureTask.access$301(ScheduledThreadPoolExecutor.java:180)
	at java.util.concurrent.ScheduledThreadPoolExecutor$ScheduledFutureTask.run(ScheduledThreadPoolExecutor.java:294)
	at java.util.concurrent.ThreadPoolExecutor.runWorker(ThreadPoolExecutor.java:1149)
	at java.util.concurrent.ThreadPoolExecutor$Worker.run(ThreadPoolExecutor.java:624)
	at java.lang.Thread.run(Thread.java:748)
2019-09-25 07:27:38,582 [RatisPipelineUtilsThread] INFO  pipeline.PipelinePlacementPolicy (PipelinePlacementPolicy.java:meetCriteria(91)) - Pipeline Placement: can't place more pipeline on heavy datanode： 50e45688-d85c-45e8-a8ba-136a1a73e30a Heaviness: 6 limit: 5
2019-09-25 07:27:38,582 [RatisPipelineUtilsThread] INFO  pipeline.PipelinePlacementPolicy (PipelinePlacementPolicy.java:meetCriteria(91)) - Pipeline Placement: can't place more pipeline on heavy datanode： a0827fcf-c5ce-4373-8734-1ec063924bc7 Heaviness: 6 limit: 5
2019-09-25 07:27:38,582 [RatisPipelineUtilsThread] INFO  pipeline.PipelinePlacementPolicy (PipelinePlacementPolicy.java:meetCriteria(91)) - Pipeline Placement: can't place more pipeline on heavy datanode： ac29337b-1f05-44ab-baf7-0ad511ed26a1 Heaviness: 6 limit: 5
2019-09-25 07:27:38,582 [RatisPipelineUtilsThread] INFO  pipeline.PipelinePlacementPolicy (PipelinePlacementPolicy.java:meetCriteria(91)) - Pipeline Placement: can't place more pipeline on heavy datanode： 9cc18591-be2f-448e-af7e-d5f4fba8f5f7 Heaviness: 6 limit: 5
2019-09-25 07:27:38,583 [RatisPipelineUtilsThread] INFO  pipeline.PipelinePlacementPolicy (PipelinePlacementPolicy.java:meetCriteria(91)) - Pipeline Placement: can't place more pipeline on heavy datanode： c642d074-6234-4917-85d3-a38353a695f7 Heaviness: 6 limit: 5
2019-09-25 07:27:38,583 [RatisPipelineUtilsThread] INFO  pipeline.PipelinePlacementPolicy (PipelinePlacementPolicy.java:meetCriteria(91)) - Pipeline Placement: can't place more pipeline on heavy datanode： 600943d5-c424-432f-84b9-a00c1c65f122 Heaviness: 6 limit: 5
2019-09-25 07:27:38,583 [RatisPipelineUtilsThread] INFO  pipeline.PipelinePlacementPolicy (PipelinePlacementPolicy.java:meetCriteria(91)) - Pipeline Placement: can't place more pipeline on heavy datanode： 253df5dc-ab25-4be3-9607-c7ead1a3aece Heaviness: 6 limit: 5
2019-09-25 07:27:38,583 [RatisPipelineUtilsThread] INFO  pipeline.PipelinePlacementPolicy (PipelinePlacementPolicy.java:meetCriteria(91)) - Pipeline Placement: can't place more pipeline on heavy datanode： d2544423-6c63-4eb7-9d0a-bffb9f2b5023 Heaviness: 6 limit: 5
2019-09-25 07:27:38,583 [RatisPipelineUtilsThread] INFO  pipeline.PipelinePlacementPolicy (PipelinePlacementPolicy.java:meetCriteria(91)) - Pipeline Placement: can't place more pipeline on heavy datanode： ad28d3ec-40f8-4bc1-a274-453df443249c Heaviness: 6 limit: 5
2019-09-25 07:27:38,583 [RatisPipelineUtilsThread] INFO  pipeline.PipelinePlacementPolicy (PipelinePlacementPolicy.java:meetCriteria(91)) - Pipeline Placement: can't place more pipeline on heavy datanode： 94a1c681-cec5-47e9-bd86-59396c1e12e6 Heaviness: 6 limit: 5
2019-09-25 07:27:38,584 [RatisPipelineUtilsThread] ERROR pipeline.PipelinePlacementPolicy (PipelinePlacementPolicy.java:filterViableNodes(148)) - Unable to find enough nodes that meet the criteria that cannot engage in more than 5 pipelines. Nodes required: 3 Found: 0, healthy nodes count inNodeManager: 10.
2019-09-25 07:27:38,584 [RatisPipelineUtilsThread] ERROR pipeline.SCMPipelineManager (SCMPipelineManager.java:createPipeline(167)) - Pipeline creation failed.
org.apache.hadoop.hdds.scm.exceptions.SCMException: Unable to find enough nodes that meet the criteria that cannot engage in more than 5 pipelines. Nodes required: 3 Found: 0, healthy nodes count inNodeManager: 10.
	at org.apache.hadoop.hdds.scm.pipeline.PipelinePlacementPolicy.filterViableNodes(PipelinePlacementPolicy.java:149)
	at org.apache.hadoop.hdds.scm.pipeline.PipelinePlacementPolicy.chooseDatanodes(PipelinePlacementPolicy.java:172)
	at org.apache.hadoop.hdds.scm.pipeline.RatisPipelineProvider.create(RatisPipelineProvider.java:93)
	at org.apache.hadoop.hdds.scm.pipeline.PipelineFactory.create(PipelineFactory.java:58)
	at org.apache.hadoop.hdds.scm.pipeline.SCMPipelineManager.createPipeline(SCMPipelineManager.java:155)
	at org.apache.hadoop.hdds.scm.pipeline.BackgroundPipelineCreator.createPipelines(BackgroundPipelineCreator.java:99)
	at org.apache.hadoop.hdds.scm.pipeline.BackgroundPipelineCreator.lambda$startFixedIntervalPipelineCreator$0(BackgroundPipelineCreator.java:70)
	at java.util.concurrent.Executors$RunnableAdapter.call(Executors.java:511)
	at java.util.concurrent.FutureTask.runAndReset(FutureTask.java:308)
	at java.util.concurrent.ScheduledThreadPoolExecutor$ScheduledFutureTask.access$301(ScheduledThreadPoolExecutor.java:180)
	at java.util.concurrent.ScheduledThreadPoolExecutor$ScheduledFutureTask.run(ScheduledThreadPoolExecutor.java:294)
	at java.util.concurrent.ThreadPoolExecutor.runWorker(ThreadPoolExecutor.java:1149)
	at java.util.concurrent.ThreadPoolExecutor$Worker.run(ThreadPoolExecutor.java:624)
	at java.lang.Thread.run(Thread.java:748)
2019-09-25 07:27:38,649 [Thread-294] INFO  impl.FollowerState (FollowerState.java:run(106)) - 9cc18591-be2f-448e-af7e-d5f4fba8f5f7:group-CED277E4A4BD changes to CANDIDATE, lastRpcTime:5184, electionTimeout:5184ms
2019-09-25 07:27:38,649 [Thread-294] INFO  impl.RoleInfo (RoleInfo.java:shutdownFollowerState(121)) - 9cc18591-be2f-448e-af7e-d5f4fba8f5f7: shutdown FollowerState
2019-09-25 07:27:38,649 [Thread-294] INFO  impl.RaftServerImpl (RaftServerImpl.java:setRole(174)) - 9cc18591-be2f-448e-af7e-d5f4fba8f5f7@group-CED277E4A4BD: changes role from  FOLLOWER to CANDIDATE at term 0 for changeToCandidate
2019-09-25 07:27:38,649 [Thread-294] INFO  impl.RoleInfo (RoleInfo.java:updateAndGet(143)) - 9cc18591-be2f-448e-af7e-d5f4fba8f5f7: start LeaderElection
2019-09-25 07:27:38,696 [9cc18591-be2f-448e-af7e-d5f4fba8f5f7@group-CED277E4A4BD:LeaderElection3] INFO  impl.LeaderElection (LeaderElection.java:askForVotes(182)) - 9cc18591-be2f-448e-af7e-d5f4fba8f5f7@group-CED277E4A4BD:LeaderElection3: begin an election at term 1 for -1: [9cc18591-be2f-448e-af7e-d5f4fba8f5f7:192.168.151.106:36443], old=null
2019-09-25 07:27:38,699 [9cc18591-be2f-448e-af7e-d5f4fba8f5f7@group-CED277E4A4BD:LeaderElection3] INFO  impl.RoleInfo (RoleInfo.java:shutdownLeaderElection(134)) - 9cc18591-be2f-448e-af7e-d5f4fba8f5f7: shutdown LeaderElection
2019-09-25 07:27:38,699 [9cc18591-be2f-448e-af7e-d5f4fba8f5f7@group-CED277E4A4BD:LeaderElection3] INFO  impl.RaftServerImpl (RaftServerImpl.java:setRole(174)) - 9cc18591-be2f-448e-af7e-d5f4fba8f5f7@group-CED277E4A4BD: changes role from CANDIDATE to LEADER at term 1 for changeToLeader
2019-09-25 07:27:38,700 [9cc18591-be2f-448e-af7e-d5f4fba8f5f7@group-CED277E4A4BD:LeaderElection3] INFO  impl.RaftServerImpl (ServerState.java:setLeader(253)) - 9cc18591-be2f-448e-af7e-d5f4fba8f5f7@group-CED277E4A4BD: change Leader from null to 9cc18591-be2f-448e-af7e-d5f4fba8f5f7 at term 1 for becomeLeader, leader elected after 5299ms
2019-09-25 07:27:38,700 [9cc18591-be2f-448e-af7e-d5f4fba8f5f7@group-CED277E4A4BD:LeaderElection3] INFO  server.RaftServerConfigKeys (ConfUtils.java:logGet(43)) - raft.server.staging.catchup.gap = 1000 (default)
2019-09-25 07:27:38,700 [9cc18591-be2f-448e-af7e-d5f4fba8f5f7@group-CED277E4A4BD:LeaderElection3] INFO  server.RaftServerConfigKeys (ConfUtils.java:logGet(43)) - raft.server.rpc.sleep.time = 25ms (default)
2019-09-25 07:27:38,700 [9cc18591-be2f-448e-af7e-d5f4fba8f5f7@group-CED277E4A4BD:LeaderElection3] INFO  server.RaftServerConfigKeys (ConfUtils.java:logGet(43)) - raft.server.write.element-limit = 4096 (default)
2019-09-25 07:27:38,700 [9cc18591-be2f-448e-af7e-d5f4fba8f5f7@group-CED277E4A4BD:LeaderElection3] INFO  server.RaftServerConfigKeys (ConfUtils.java:logGet(43)) - raft.server.watch.timeout = 10s (default)
2019-09-25 07:27:38,701 [9cc18591-be2f-448e-af7e-d5f4fba8f5f7@group-CED277E4A4BD:LeaderElection3] INFO  server.RaftServerConfigKeys (ConfUtils.java:logGet(43)) - raft.server.watch.timeout.denomination = 1s (default)
2019-09-25 07:27:38,701 [9cc18591-be2f-448e-af7e-d5f4fba8f5f7@group-CED277E4A4BD:LeaderElection3] INFO  server.RaftServerConfigKeys (ConfUtils.java:logGet(43)) - raft.server.watch.element-limit = 65536 (default)
2019-09-25 07:27:38,703 [9cc18591-be2f-448e-af7e-d5f4fba8f5f7@group-CED277E4A4BD:LeaderElection3] INFO  impl.RoleInfo (RoleInfo.java:updateAndGet(143)) - 9cc18591-be2f-448e-af7e-d5f4fba8f5f7: start LeaderState
2019-09-25 07:27:38,704 [9cc18591-be2f-448e-af7e-d5f4fba8f5f7@group-CED277E4A4BD:LeaderElection3] INFO  segmented.SegmentedRaftLogWorker (SegmentedRaftLogWorker.java:startLogSegment(380)) - 9cc18591-be2f-448e-af7e-d5f4fba8f5f7@group-CED277E4A4BD-SegmentedRaftLogWorker: Starting segment from index:0
2019-09-25 07:27:38,704 [9cc18591-be2f-448e-af7e-d5f4fba8f5f7@group-CED277E4A4BD:LeaderElection3] INFO  impl.RaftServerImpl (ServerState.java:setRaftConf(354)) - 9cc18591-be2f-448e-af7e-d5f4fba8f5f7@group-CED277E4A4BD: set configuration 0: [9cc18591-be2f-448e-af7e-d5f4fba8f5f7:192.168.151.106:36443], old=null at 0
2019-09-25 07:27:38,750 [9cc18591-be2f-448e-af7e-d5f4fba8f5f7@group-CED277E4A4BD-SegmentedRaftLogWorker] INFO  segmented.SegmentedRaftLogWorker (SegmentedRaftLogWorker.java:execute(569)) - 9cc18591-be2f-448e-af7e-d5f4fba8f5f7@group-CED277E4A4BD-SegmentedRaftLogWorker: created new log segment /workdir/hadoop-ozone/ozonefs/target/test-dir/MiniOzoneClusterImpl-336849c0-54e0-42a2-92e3-a8dd7e6e8d6a/datanode-1/data/ratis/191c8a08-0bad-4126-9b9d-ced277e4a4bd/current/log_inprogress_0
2019-09-25 07:27:39,464 [Thread-299] INFO  impl.FollowerState (FollowerState.java:run(106)) - 9cc18591-be2f-448e-af7e-d5f4fba8f5f7:group-C33CCBC3CE50 changes to CANDIDATE, lastRpcTime:5081, electionTimeout:5081ms
2019-09-25 07:27:39,465 [Thread-299] INFO  impl.RoleInfo (RoleInfo.java:shutdownFollowerState(121)) - 9cc18591-be2f-448e-af7e-d5f4fba8f5f7: shutdown FollowerState
2019-09-25 07:27:39,465 [Thread-299] INFO  impl.RaftServerImpl (RaftServerImpl.java:setRole(174)) - 9cc18591-be2f-448e-af7e-d5f4fba8f5f7@group-C33CCBC3CE50: changes role from  FOLLOWER to CANDIDATE at term 0 for changeToCandidate
2019-09-25 07:27:39,465 [Thread-299] INFO  impl.RoleInfo (RoleInfo.java:updateAndGet(143)) - 9cc18591-be2f-448e-af7e-d5f4fba8f5f7: start LeaderElection
2019-09-25 07:27:39,493 [9cc18591-be2f-448e-af7e-d5f4fba8f5f7@group-C33CCBC3CE50:LeaderElection4] INFO  impl.LeaderElection (LeaderElection.java:askForVotes(182)) - 9cc18591-be2f-448e-af7e-d5f4fba8f5f7@group-C33CCBC3CE50:LeaderElection4: begin an election at term 1 for -1: [9cc18591-be2f-448e-af7e-d5f4fba8f5f7:192.168.151.106:36443], old=null
2019-09-25 07:27:39,494 [9cc18591-be2f-448e-af7e-d5f4fba8f5f7@group-C33CCBC3CE50:LeaderElection4] INFO  impl.RoleInfo (RoleInfo.java:shutdownLeaderElection(134)) - 9cc18591-be2f-448e-af7e-d5f4fba8f5f7: shutdown LeaderElection
2019-09-25 07:27:39,494 [9cc18591-be2f-448e-af7e-d5f4fba8f5f7@group-C33CCBC3CE50:LeaderElection4] INFO  impl.RaftServerImpl (RaftServerImpl.java:setRole(174)) - 9cc18591-be2f-448e-af7e-d5f4fba8f5f7@group-C33CCBC3CE50: changes role from CANDIDATE to LEADER at term 1 for changeToLeader
2019-09-25 07:27:39,494 [9cc18591-be2f-448e-af7e-d5f4fba8f5f7@group-C33CCBC3CE50:LeaderElection4] INFO  impl.RaftServerImpl (ServerState.java:setLeader(253)) - 9cc18591-be2f-448e-af7e-d5f4fba8f5f7@group-C33CCBC3CE50: change Leader from null to 9cc18591-be2f-448e-af7e-d5f4fba8f5f7 at term 1 for becomeLeader, leader elected after 5284ms
2019-09-25 07:27:39,494 [9cc18591-be2f-448e-af7e-d5f4fba8f5f7@group-C33CCBC3CE50:LeaderElection4] INFO  server.RaftServerConfigKeys (ConfUtils.java:logGet(43)) - raft.server.staging.catchup.gap = 1000 (default)
2019-09-25 07:27:39,494 [9cc18591-be2f-448e-af7e-d5f4fba8f5f7@group-C33CCBC3CE50:LeaderElection4] INFO  server.RaftServerConfigKeys (ConfUtils.java:logGet(43)) - raft.server.rpc.sleep.time = 25ms (default)
2019-09-25 07:27:39,494 [9cc18591-be2f-448e-af7e-d5f4fba8f5f7@group-C33CCBC3CE50:LeaderElection4] INFO  server.RaftServerConfigKeys (ConfUtils.java:logGet(43)) - raft.server.write.element-limit = 4096 (default)
2019-09-25 07:27:39,494 [9cc18591-be2f-448e-af7e-d5f4fba8f5f7@group-C33CCBC3CE50:LeaderElection4] INFO  server.RaftServerConfigKeys (ConfUtils.java:logGet(43)) - raft.server.watch.timeout = 10s (default)
2019-09-25 07:27:39,495 [9cc18591-be2f-448e-af7e-d5f4fba8f5f7@group-C33CCBC3CE50:LeaderElection4] INFO  server.RaftServerConfigKeys (ConfUtils.java:logGet(43)) - raft.server.watch.timeout.denomination = 1s (default)
2019-09-25 07:27:39,495 [9cc18591-be2f-448e-af7e-d5f4fba8f5f7@group-C33CCBC3CE50:LeaderElection4] INFO  server.RaftServerConfigKeys (ConfUtils.java:logGet(43)) - raft.server.watch.element-limit = 65536 (default)
2019-09-25 07:27:39,497 [9cc18591-be2f-448e-af7e-d5f4fba8f5f7@group-C33CCBC3CE50:LeaderElection4] INFO  impl.RoleInfo (RoleInfo.java:updateAndGet(143)) - 9cc18591-be2f-448e-af7e-d5f4fba8f5f7: start LeaderState
2019-09-25 07:27:39,497 [9cc18591-be2f-448e-af7e-d5f4fba8f5f7@group-C33CCBC3CE50:LeaderElection4] INFO  segmented.SegmentedRaftLogWorker (SegmentedRaftLogWorker.java:startLogSegment(380)) - 9cc18591-be2f-448e-af7e-d5f4fba8f5f7@group-C33CCBC3CE50-SegmentedRaftLogWorker: Starting segment from index:0
2019-09-25 07:27:39,498 [9cc18591-be2f-448e-af7e-d5f4fba8f5f7@group-C33CCBC3CE50:LeaderElection4] INFO  impl.RaftServerImpl (ServerState.java:setRaftConf(354)) - 9cc18591-be2f-448e-af7e-d5f4fba8f5f7@group-C33CCBC3CE50: set configuration 0: [9cc18591-be2f-448e-af7e-d5f4fba8f5f7:192.168.151.106:36443], old=null at 0
2019-09-25 07:27:39,536 [9cc18591-be2f-448e-af7e-d5f4fba8f5f7@group-C33CCBC3CE50-SegmentedRaftLogWorker] INFO  segmented.SegmentedRaftLogWorker (SegmentedRaftLogWorker.java:execute(569)) - 9cc18591-be2f-448e-af7e-d5f4fba8f5f7@group-C33CCBC3CE50-SegmentedRaftLogWorker: created new log segment /workdir/hadoop-ozone/ozonefs/target/test-dir/MiniOzoneClusterImpl-336849c0-54e0-42a2-92e3-a8dd7e6e8d6a/datanode-1/data/ratis/e243d3e9-7202-4b77-b9ae-c33ccbc3ce50/current/log_inprogress_0
2019-09-25 07:27:39,584 [Thread-303] INFO  impl.FollowerState (FollowerState.java:run(106)) - ac29337b-1f05-44ab-baf7-0ad511ed26a1:group-B7EB2F801EA1 changes to CANDIDATE, lastRpcTime:5095, electionTimeout:5095ms
2019-09-25 07:27:39,584 [Thread-303] INFO  impl.RoleInfo (RoleInfo.java:shutdownFollowerState(121)) - ac29337b-1f05-44ab-baf7-0ad511ed26a1: shutdown FollowerState
2019-09-25 07:27:39,584 [Thread-303] INFO  impl.RaftServerImpl (RaftServerImpl.java:setRole(174)) - ac29337b-1f05-44ab-baf7-0ad511ed26a1@group-B7EB2F801EA1: changes role from  FOLLOWER to CANDIDATE at term 0 for changeToCandidate
2019-09-25 07:27:39,585 [Thread-303] INFO  impl.RoleInfo (RoleInfo.java:updateAndGet(143)) - ac29337b-1f05-44ab-baf7-0ad511ed26a1: start LeaderElection
2019-09-25 07:27:39,606 [ac29337b-1f05-44ab-baf7-0ad511ed26a1@group-B7EB2F801EA1:LeaderElection5] INFO  impl.LeaderElection (LeaderElection.java:askForVotes(182)) - ac29337b-1f05-44ab-baf7-0ad511ed26a1@group-B7EB2F801EA1:LeaderElection5: begin an election at term 1 for -1: [ac29337b-1f05-44ab-baf7-0ad511ed26a1:192.168.151.106:37931], old=null
2019-09-25 07:27:39,606 [ac29337b-1f05-44ab-baf7-0ad511ed26a1@group-B7EB2F801EA1:LeaderElection5] INFO  impl.RoleInfo (RoleInfo.java:shutdownLeaderElection(134)) - ac29337b-1f05-44ab-baf7-0ad511ed26a1: shutdown LeaderElection
2019-09-25 07:27:39,606 [ac29337b-1f05-44ab-baf7-0ad511ed26a1@group-B7EB2F801EA1:LeaderElection5] INFO  impl.RaftServerImpl (RaftServerImpl.java:setRole(174)) - ac29337b-1f05-44ab-baf7-0ad511ed26a1@group-B7EB2F801EA1: changes role from CANDIDATE to LEADER at term 1 for changeToLeader
2019-09-25 07:27:39,606 [ac29337b-1f05-44ab-baf7-0ad511ed26a1@group-B7EB2F801EA1:LeaderElection5] INFO  impl.RaftServerImpl (ServerState.java:setLeader(253)) - ac29337b-1f05-44ab-baf7-0ad511ed26a1@group-B7EB2F801EA1: change Leader from null to ac29337b-1f05-44ab-baf7-0ad511ed26a1 at term 1 for becomeLeader, leader elected after 5124ms
2019-09-25 07:27:39,606 [ac29337b-1f05-44ab-baf7-0ad511ed26a1@group-B7EB2F801EA1:LeaderElection5] INFO  server.RaftServerConfigKeys (ConfUtils.java:logGet(43)) - raft.server.staging.catchup.gap = 1000 (default)
2019-09-25 07:27:39,606 [ac29337b-1f05-44ab-baf7-0ad511ed26a1@group-B7EB2F801EA1:LeaderElection5] INFO  server.RaftServerConfigKeys (ConfUtils.java:logGet(43)) - raft.server.rpc.sleep.time = 25ms (default)
2019-09-25 07:27:39,607 [ac29337b-1f05-44ab-baf7-0ad511ed26a1@group-B7EB2F801EA1:LeaderElection5] INFO  server.RaftServerConfigKeys (ConfUtils.java:logGet(43)) - raft.server.write.element-limit = 4096 (default)
2019-09-25 07:27:39,607 [ac29337b-1f05-44ab-baf7-0ad511ed26a1@group-B7EB2F801EA1:LeaderElection5] INFO  server.RaftServerConfigKeys (ConfUtils.java:logGet(43)) - raft.server.watch.timeout = 10s (default)
2019-09-25 07:27:39,607 [ac29337b-1f05-44ab-baf7-0ad511ed26a1@group-B7EB2F801EA1:LeaderElection5] INFO  server.RaftServerConfigKeys (ConfUtils.java:logGet(43)) - raft.server.watch.timeout.denomination = 1s (default)
2019-09-25 07:27:39,607 [ac29337b-1f05-44ab-baf7-0ad511ed26a1@group-B7EB2F801EA1:LeaderElection5] INFO  server.RaftServerConfigKeys (ConfUtils.java:logGet(43)) - raft.server.watch.element-limit = 65536 (default)
2019-09-25 07:27:39,609 [ac29337b-1f05-44ab-baf7-0ad511ed26a1@group-B7EB2F801EA1:LeaderElection5] INFO  impl.RoleInfo (RoleInfo.java:updateAndGet(143)) - ac29337b-1f05-44ab-baf7-0ad511ed26a1: start LeaderState
2019-09-25 07:27:39,609 [ac29337b-1f05-44ab-baf7-0ad511ed26a1@group-B7EB2F801EA1:LeaderElection5] INFO  segmented.SegmentedRaftLogWorker (SegmentedRaftLogWorker.java:startLogSegment(380)) - ac29337b-1f05-44ab-baf7-0ad511ed26a1@group-B7EB2F801EA1-SegmentedRaftLogWorker: Starting segment from index:0
2019-09-25 07:27:39,609 [ac29337b-1f05-44ab-baf7-0ad511ed26a1@group-B7EB2F801EA1:LeaderElection5] INFO  impl.RaftServerImpl (ServerState.java:setRaftConf(354)) - ac29337b-1f05-44ab-baf7-0ad511ed26a1@group-B7EB2F801EA1: set configuration 0: [ac29337b-1f05-44ab-baf7-0ad511ed26a1:192.168.151.106:37931], old=null at 0
2019-09-25 07:27:39,649 [ac29337b-1f05-44ab-baf7-0ad511ed26a1@group-B7EB2F801EA1-SegmentedRaftLogWorker] INFO  segmented.SegmentedRaftLogWorker (SegmentedRaftLogWorker.java:execute(569)) - ac29337b-1f05-44ab-baf7-0ad511ed26a1@group-B7EB2F801EA1-SegmentedRaftLogWorker: created new log segment /workdir/hadoop-ozone/ozonefs/target/test-dir/MiniOzoneClusterImpl-336849c0-54e0-42a2-92e3-a8dd7e6e8d6a/datanode-0/data/ratis/28e3afcc-b441-440b-98d1-b7eb2f801ea1/current/log_inprogress_0
2019-09-25 07:27:39,692 [Thread-306] INFO  impl.FollowerState (FollowerState.java:run(106)) - 253df5dc-ab25-4be3-9607-c7ead1a3aece:group-CCE8109CE683 changes to CANDIDATE, lastRpcTime:5121, electionTimeout:5119ms
2019-09-25 07:27:39,692 [Thread-306] INFO  impl.RoleInfo (RoleInfo.java:shutdownFollowerState(121)) - 253df5dc-ab25-4be3-9607-c7ead1a3aece: shutdown FollowerState
2019-09-25 07:27:39,692 [Thread-306] INFO  impl.RaftServerImpl (RaftServerImpl.java:setRole(174)) - 253df5dc-ab25-4be3-9607-c7ead1a3aece@group-CCE8109CE683: changes role from  FOLLOWER to CANDIDATE at term 0 for changeToCandidate
2019-09-25 07:27:39,692 [Thread-306] INFO  impl.RoleInfo (RoleInfo.java:updateAndGet(143)) - 253df5dc-ab25-4be3-9607-c7ead1a3aece: start LeaderElection
2019-09-25 07:27:39,716 [Thread-309] INFO  impl.FollowerState (FollowerState.java:run(106)) - 94a1c681-cec5-47e9-bd86-59396c1e12e6:group-7F7938B221AE changes to CANDIDATE, lastRpcTime:5029, electionTimeout:5029ms
2019-09-25 07:27:39,717 [Thread-309] INFO  impl.RoleInfo (RoleInfo.java:shutdownFollowerState(121)) - 94a1c681-cec5-47e9-bd86-59396c1e12e6: shutdown FollowerState
2019-09-25 07:27:39,717 [Thread-309] INFO  impl.RaftServerImpl (RaftServerImpl.java:setRole(174)) - 94a1c681-cec5-47e9-bd86-59396c1e12e6@group-7F7938B221AE: changes role from  FOLLOWER to CANDIDATE at term 0 for changeToCandidate
2019-09-25 07:27:39,717 [Thread-309] INFO  impl.RoleInfo (RoleInfo.java:updateAndGet(143)) - 94a1c681-cec5-47e9-bd86-59396c1e12e6: start LeaderElection
2019-09-25 07:27:39,827 [Thread-312] INFO  impl.FollowerState (FollowerState.java:run(106)) - 253df5dc-ab25-4be3-9607-c7ead1a3aece:group-BFBACD80169F changes to CANDIDATE, lastRpcTime:5059, electionTimeout:5059ms
2019-09-25 07:27:39,828 [Thread-312] INFO  impl.RoleInfo (RoleInfo.java:shutdownFollowerState(121)) - 253df5dc-ab25-4be3-9607-c7ead1a3aece: shutdown FollowerState
2019-09-25 07:27:39,828 [Thread-312] INFO  impl.RaftServerImpl (RaftServerImpl.java:setRole(174)) - 253df5dc-ab25-4be3-9607-c7ead1a3aece@group-BFBACD80169F: changes role from  FOLLOWER to CANDIDATE at term 0 for changeToCandidate
2019-09-25 07:27:39,828 [Thread-312] INFO  impl.RoleInfo (RoleInfo.java:updateAndGet(143)) - 253df5dc-ab25-4be3-9607-c7ead1a3aece: start LeaderElection
2019-09-25 07:27:39,912 [253df5dc-ab25-4be3-9607-c7ead1a3aece@group-BFBACD80169F:LeaderElection8] INFO  impl.LeaderElection (LeaderElection.java:askForVotes(182)) - 253df5dc-ab25-4be3-9607-c7ead1a3aece@group-BFBACD80169F:LeaderElection8: begin an election at term 1 for -1: [253df5dc-ab25-4be3-9607-c7ead1a3aece:192.168.151.106:34913], old=null
2019-09-25 07:27:39,912 [253df5dc-ab25-4be3-9607-c7ead1a3aece@group-CCE8109CE683:LeaderElection6] INFO  impl.LeaderElection (LeaderElection.java:askForVotes(182)) - 253df5dc-ab25-4be3-9607-c7ead1a3aece@group-CCE8109CE683:LeaderElection6: begin an election at term 1 for -1: [253df5dc-ab25-4be3-9607-c7ead1a3aece:192.168.151.106:34913], old=null
2019-09-25 07:27:39,912 [253df5dc-ab25-4be3-9607-c7ead1a3aece@group-BFBACD80169F:LeaderElection8] INFO  impl.RoleInfo (RoleInfo.java:shutdownLeaderElection(134)) - 253df5dc-ab25-4be3-9607-c7ead1a3aece: shutdown LeaderElection
2019-09-25 07:27:39,912 [94a1c681-cec5-47e9-bd86-59396c1e12e6@group-7F7938B221AE:LeaderElection7] INFO  impl.LeaderElection (LeaderElection.java:askForVotes(182)) - 94a1c681-cec5-47e9-bd86-59396c1e12e6@group-7F7938B221AE:LeaderElection7: begin an election at term 1 for -1: [94a1c681-cec5-47e9-bd86-59396c1e12e6:192.168.151.106:39666], old=null
2019-09-25 07:27:39,912 [253df5dc-ab25-4be3-9607-c7ead1a3aece@group-BFBACD80169F:LeaderElection8] INFO  impl.RaftServerImpl (RaftServerImpl.java:setRole(174)) - 253df5dc-ab25-4be3-9607-c7ead1a3aece@group-BFBACD80169F: changes role from CANDIDATE to LEADER at term 1 for changeToLeader
2019-09-25 07:27:39,912 [253df5dc-ab25-4be3-9607-c7ead1a3aece@group-CCE8109CE683:LeaderElection6] INFO  impl.RoleInfo (RoleInfo.java:shutdownLeaderElection(134)) - 253df5dc-ab25-4be3-9607-c7ead1a3aece: shutdown LeaderElection
2019-09-25 07:27:39,913 [253df5dc-ab25-4be3-9607-c7ead1a3aece@group-BFBACD80169F:LeaderElection8] INFO  impl.RaftServerImpl (ServerState.java:setLeader(253)) - 253df5dc-ab25-4be3-9607-c7ead1a3aece@group-BFBACD80169F: change Leader from null to 253df5dc-ab25-4be3-9607-c7ead1a3aece at term 1 for becomeLeader, leader elected after 5152ms
2019-09-25 07:27:39,913 [94a1c681-cec5-47e9-bd86-59396c1e12e6@group-7F7938B221AE:LeaderElection7] INFO  impl.RoleInfo (RoleInfo.java:shutdownLeaderElection(134)) - 94a1c681-cec5-47e9-bd86-59396c1e12e6: shutdown LeaderElection
2019-09-25 07:27:39,913 [253df5dc-ab25-4be3-9607-c7ead1a3aece@group-BFBACD80169F:LeaderElection8] INFO  server.RaftServerConfigKeys (ConfUtils.java:logGet(43)) - raft.server.staging.catchup.gap = 1000 (default)
2019-09-25 07:27:39,913 [253df5dc-ab25-4be3-9607-c7ead1a3aece@group-CCE8109CE683:LeaderElection6] INFO  impl.RaftServerImpl (RaftServerImpl.java:setRole(174)) - 253df5dc-ab25-4be3-9607-c7ead1a3aece@group-CCE8109CE683: changes role from CANDIDATE to LEADER at term 1 for changeToLeader
2019-09-25 07:27:39,913 [253df5dc-ab25-4be3-9607-c7ead1a3aece@group-BFBACD80169F:LeaderElection8] INFO  server.RaftServerConfigKeys (ConfUtils.java:logGet(43)) - raft.server.rpc.sleep.time = 25ms (default)
2019-09-25 07:27:39,913 [94a1c681-cec5-47e9-bd86-59396c1e12e6@group-7F7938B221AE:LeaderElection7] INFO  impl.RaftServerImpl (RaftServerImpl.java:setRole(174)) - 94a1c681-cec5-47e9-bd86-59396c1e12e6@group-7F7938B221AE: changes role from CANDIDATE to LEADER at term 1 for changeToLeader
2019-09-25 07:27:39,914 [253df5dc-ab25-4be3-9607-c7ead1a3aece@group-BFBACD80169F:LeaderElection8] INFO  server.RaftServerConfigKeys (ConfUtils.java:logGet(43)) - raft.server.write.element-limit = 4096 (default)
2019-09-25 07:27:39,914 [94a1c681-cec5-47e9-bd86-59396c1e12e6@group-7F7938B221AE:LeaderElection7] INFO  impl.RaftServerImpl (ServerState.java:setLeader(253)) - 94a1c681-cec5-47e9-bd86-59396c1e12e6@group-7F7938B221AE: change Leader from null to 94a1c681-cec5-47e9-bd86-59396c1e12e6 at term 1 for becomeLeader, leader elected after 5237ms
2019-09-25 07:27:39,913 [253df5dc-ab25-4be3-9607-c7ead1a3aece@group-CCE8109CE683:LeaderElection6] INFO  impl.RaftServerImpl (ServerState.java:setLeader(253)) - 253df5dc-ab25-4be3-9607-c7ead1a3aece@group-CCE8109CE683: change Leader from null to 253df5dc-ab25-4be3-9607-c7ead1a3aece at term 1 for becomeLeader, leader elected after 5355ms
2019-09-25 07:27:39,914 [94a1c681-cec5-47e9-bd86-59396c1e12e6@group-7F7938B221AE:LeaderElection7] INFO  server.RaftServerConfigKeys (ConfUtils.java:logGet(43)) - raft.server.staging.catchup.gap = 1000 (default)
2019-09-25 07:27:39,914 [253df5dc-ab25-4be3-9607-c7ead1a3aece@group-BFBACD80169F:LeaderElection8] INFO  server.RaftServerConfigKeys (ConfUtils.java:logGet(43)) - raft.server.watch.timeout = 10s (default)
2019-09-25 07:27:39,914 [94a1c681-cec5-47e9-bd86-59396c1e12e6@group-7F7938B221AE:LeaderElection7] INFO  server.RaftServerConfigKeys (ConfUtils.java:logGet(43)) - raft.server.rpc.sleep.time = 25ms (default)
2019-09-25 07:27:39,914 [253df5dc-ab25-4be3-9607-c7ead1a3aece@group-CCE8109CE683:LeaderElection6] INFO  server.RaftServerConfigKeys (ConfUtils.java:logGet(43)) - raft.server.staging.catchup.gap = 1000 (default)
2019-09-25 07:27:39,915 [94a1c681-cec5-47e9-bd86-59396c1e12e6@group-7F7938B221AE:LeaderElection7] INFO  server.RaftServerConfigKeys (ConfUtils.java:logGet(43)) - raft.server.write.element-limit = 4096 (default)
2019-09-25 07:27:39,914 [253df5dc-ab25-4be3-9607-c7ead1a3aece@group-BFBACD80169F:LeaderElection8] INFO  server.RaftServerConfigKeys (ConfUtils.java:logGet(43)) - raft.server.watch.timeout.denomination = 1s (default)
2019-09-25 07:27:39,915 [94a1c681-cec5-47e9-bd86-59396c1e12e6@group-7F7938B221AE:LeaderElection7] INFO  server.RaftServerConfigKeys (ConfUtils.java:logGet(43)) - raft.server.watch.timeout = 10s (default)
2019-09-25 07:27:39,915 [94a1c681-cec5-47e9-bd86-59396c1e12e6@group-7F7938B221AE:LeaderElection7] INFO  server.RaftServerConfigKeys (ConfUtils.java:logGet(43)) - raft.server.watch.timeout.denomination = 1s (default)
2019-09-25 07:27:39,915 [253df5dc-ab25-4be3-9607-c7ead1a3aece@group-CCE8109CE683:LeaderElection6] INFO  server.RaftServerConfigKeys (ConfUtils.java:logGet(43)) - raft.server.rpc.sleep.time = 25ms (default)
2019-09-25 07:27:39,915 [94a1c681-cec5-47e9-bd86-59396c1e12e6@group-7F7938B221AE:LeaderElection7] INFO  server.RaftServerConfigKeys (ConfUtils.java:logGet(43)) - raft.server.watch.element-limit = 65536 (default)
2019-09-25 07:27:39,915 [253df5dc-ab25-4be3-9607-c7ead1a3aece@group-BFBACD80169F:LeaderElection8] INFO  server.RaftServerConfigKeys (ConfUtils.java:logGet(43)) - raft.server.watch.element-limit = 65536 (default)
2019-09-25 07:27:39,915 [253df5dc-ab25-4be3-9607-c7ead1a3aece@group-CCE8109CE683:LeaderElection6] INFO  server.RaftServerConfigKeys (ConfUtils.java:logGet(43)) - raft.server.write.element-limit = 4096 (default)
2019-09-25 07:27:39,916 [253df5dc-ab25-4be3-9607-c7ead1a3aece@group-CCE8109CE683:LeaderElection6] INFO  server.RaftServerConfigKeys (ConfUtils.java:logGet(43)) - raft.server.watch.timeout = 10s (default)
2019-09-25 07:27:39,916 [253df5dc-ab25-4be3-9607-c7ead1a3aece@group-CCE8109CE683:LeaderElection6] INFO  server.RaftServerConfigKeys (ConfUtils.java:logGet(43)) - raft.server.watch.timeout.denomination = 1s (default)
2019-09-25 07:27:39,916 [253df5dc-ab25-4be3-9607-c7ead1a3aece@group-CCE8109CE683:LeaderElection6] INFO  server.RaftServerConfigKeys (ConfUtils.java:logGet(43)) - raft.server.watch.element-limit = 65536 (default)
2019-09-25 07:27:39,921 [94a1c681-cec5-47e9-bd86-59396c1e12e6@group-7F7938B221AE:LeaderElection7] INFO  impl.RoleInfo (RoleInfo.java:updateAndGet(143)) - 94a1c681-cec5-47e9-bd86-59396c1e12e6: start LeaderState
2019-09-25 07:27:39,921 [94a1c681-cec5-47e9-bd86-59396c1e12e6@group-7F7938B221AE:LeaderElection7] INFO  segmented.SegmentedRaftLogWorker (SegmentedRaftLogWorker.java:startLogSegment(380)) - 94a1c681-cec5-47e9-bd86-59396c1e12e6@group-7F7938B221AE-SegmentedRaftLogWorker: Starting segment from index:0
2019-09-25 07:27:39,921 [253df5dc-ab25-4be3-9607-c7ead1a3aece@group-BFBACD80169F:LeaderElection8] INFO  impl.RoleInfo (RoleInfo.java:updateAndGet(143)) - 253df5dc-ab25-4be3-9607-c7ead1a3aece: start LeaderState
2019-09-25 07:27:39,921 [253df5dc-ab25-4be3-9607-c7ead1a3aece@group-CCE8109CE683:LeaderElection6] INFO  impl.RoleInfo (RoleInfo.java:updateAndGet(143)) - 253df5dc-ab25-4be3-9607-c7ead1a3aece: start LeaderState
2019-09-25 07:27:39,922 [253df5dc-ab25-4be3-9607-c7ead1a3aece@group-BFBACD80169F:LeaderElection8] INFO  segmented.SegmentedRaftLogWorker (SegmentedRaftLogWorker.java:startLogSegment(380)) - 253df5dc-ab25-4be3-9607-c7ead1a3aece@group-BFBACD80169F-SegmentedRaftLogWorker: Starting segment from index:0
2019-09-25 07:27:39,922 [253df5dc-ab25-4be3-9607-c7ead1a3aece@group-CCE8109CE683:LeaderElection6] INFO  segmented.SegmentedRaftLogWorker (SegmentedRaftLogWorker.java:startLogSegment(380)) - 253df5dc-ab25-4be3-9607-c7ead1a3aece@group-CCE8109CE683-SegmentedRaftLogWorker: Starting segment from index:0
2019-09-25 07:27:39,922 [94a1c681-cec5-47e9-bd86-59396c1e12e6@group-7F7938B221AE:LeaderElection7] INFO  impl.RaftServerImpl (ServerState.java:setRaftConf(354)) - 94a1c681-cec5-47e9-bd86-59396c1e12e6@group-7F7938B221AE: set configuration 0: [94a1c681-cec5-47e9-bd86-59396c1e12e6:192.168.151.106:39666], old=null at 0
2019-09-25 07:27:39,953 [Thread-315] INFO  impl.FollowerState (FollowerState.java:run(106)) - 50e45688-d85c-45e8-a8ba-136a1a73e30a:group-B9507611216D changes to CANDIDATE, lastRpcTime:5084, electionTimeout:5057ms
2019-09-25 07:27:39,953 [253df5dc-ab25-4be3-9607-c7ead1a3aece@group-BFBACD80169F:LeaderElection8] INFO  impl.RaftServerImpl (ServerState.java:setRaftConf(354)) - 253df5dc-ab25-4be3-9607-c7ead1a3aece@group-BFBACD80169F: set configuration 0: [253df5dc-ab25-4be3-9607-c7ead1a3aece:192.168.151.106:34913], old=null at 0
2019-09-25 07:27:39,953 [253df5dc-ab25-4be3-9607-c7ead1a3aece@group-CCE8109CE683:LeaderElection6] INFO  impl.RaftServerImpl (ServerState.java:setRaftConf(354)) - 253df5dc-ab25-4be3-9607-c7ead1a3aece@group-CCE8109CE683: set configuration 0: [253df5dc-ab25-4be3-9607-c7ead1a3aece:192.168.151.106:34913], old=null at 0
2019-09-25 07:27:39,988 [94a1c681-cec5-47e9-bd86-59396c1e12e6@group-7F7938B221AE-SegmentedRaftLogWorker] INFO  segmented.SegmentedRaftLogWorker (SegmentedRaftLogWorker.java:execute(569)) - 94a1c681-cec5-47e9-bd86-59396c1e12e6@group-7F7938B221AE-SegmentedRaftLogWorker: created new log segment /workdir/hadoop-ozone/ozonefs/target/test-dir/MiniOzoneClusterImpl-336849c0-54e0-42a2-92e3-a8dd7e6e8d6a/datanode-9/data/ratis/80412a51-b572-4166-a59c-7f7938b221ae/current/log_inprogress_0
2019-09-25 07:27:39,992 [Thread-315] INFO  impl.RoleInfo (RoleInfo.java:shutdownFollowerState(121)) - 50e45688-d85c-45e8-a8ba-136a1a73e30a: shutdown FollowerState
2019-09-25 07:27:39,992 [Thread-315] INFO  impl.RaftServerImpl (RaftServerImpl.java:setRole(174)) - 50e45688-d85c-45e8-a8ba-136a1a73e30a@group-B9507611216D: changes role from  FOLLOWER to CANDIDATE at term 0 for changeToCandidate
2019-09-25 07:27:39,993 [Thread-315] INFO  impl.RoleInfo (RoleInfo.java:updateAndGet(143)) - 50e45688-d85c-45e8-a8ba-136a1a73e30a: start LeaderElection
2019-09-25 07:27:40,033 [253df5dc-ab25-4be3-9607-c7ead1a3aece@group-BFBACD80169F-SegmentedRaftLogWorker] INFO  segmented.SegmentedRaftLogWorker (SegmentedRaftLogWorker.java:execute(569)) - 253df5dc-ab25-4be3-9607-c7ead1a3aece@group-BFBACD80169F-SegmentedRaftLogWorker: created new log segment /workdir/hadoop-ozone/ozonefs/target/test-dir/MiniOzoneClusterImpl-336849c0-54e0-42a2-92e3-a8dd7e6e8d6a/datanode-8/data/ratis/30cc452f-ac15-4b21-af58-bfbacd80169f/current/log_inprogress_0
2019-09-25 07:27:40,052 [Thread-318] INFO  impl.FollowerState (FollowerState.java:run(106)) - 253df5dc-ab25-4be3-9607-c7ead1a3aece:group-D875D2832EDA changes to CANDIDATE, lastRpcTime:5100, electionTimeout:5100ms
2019-09-25 07:27:40,052 [Thread-318] INFO  impl.RoleInfo (RoleInfo.java:shutdownFollowerState(121)) - 253df5dc-ab25-4be3-9607-c7ead1a3aece: shutdown FollowerState
2019-09-25 07:27:40,052 [Thread-318] INFO  impl.RaftServerImpl (RaftServerImpl.java:setRole(174)) - 253df5dc-ab25-4be3-9607-c7ead1a3aece@group-D875D2832EDA: changes role from  FOLLOWER to CANDIDATE at term 0 for changeToCandidate
2019-09-25 07:27:40,052 [Thread-318] INFO  impl.RoleInfo (RoleInfo.java:updateAndGet(143)) - 253df5dc-ab25-4be3-9607-c7ead1a3aece: start LeaderElection
2019-09-25 07:27:40,148 [Thread-324] INFO  impl.FollowerState (FollowerState.java:run(106)) - 9cc18591-be2f-448e-af7e-d5f4fba8f5f7:group-6BDAEA0EFC0C changes to CANDIDATE, lastRpcTime:5033, electionTimeout:5033ms
2019-09-25 07:27:40,149 [Thread-324] INFO  impl.RoleInfo (RoleInfo.java:shutdownFollowerState(121)) - 9cc18591-be2f-448e-af7e-d5f4fba8f5f7: shutdown FollowerState
2019-09-25 07:27:40,149 [Thread-324] INFO  impl.RaftServerImpl (RaftServerImpl.java:setRole(174)) - 9cc18591-be2f-448e-af7e-d5f4fba8f5f7@group-6BDAEA0EFC0C: changes role from  FOLLOWER to CANDIDATE at term 0 for changeToCandidate
2019-09-25 07:27:40,149 [Thread-324] INFO  impl.RoleInfo (RoleInfo.java:updateAndGet(143)) - 9cc18591-be2f-448e-af7e-d5f4fba8f5f7: start LeaderElection
2019-09-25 07:27:40,156 [253df5dc-ab25-4be3-9607-c7ead1a3aece@group-CCE8109CE683-SegmentedRaftLogWorker] INFO  segmented.SegmentedRaftLogWorker (SegmentedRaftLogWorker.java:execute(569)) - 253df5dc-ab25-4be3-9607-c7ead1a3aece@group-CCE8109CE683-SegmentedRaftLogWorker: created new log segment /workdir/hadoop-ozone/ozonefs/target/test-dir/MiniOzoneClusterImpl-336849c0-54e0-42a2-92e3-a8dd7e6e8d6a/datanode-8/data/ratis/43d744ca-8c77-4481-a66a-cce8109ce683/current/log_inprogress_0
2019-09-25 07:27:40,156 [253df5dc-ab25-4be3-9607-c7ead1a3aece@group-D875D2832EDA:LeaderElection10] INFO  impl.LeaderElection (LeaderElection.java:askForVotes(182)) - 253df5dc-ab25-4be3-9607-c7ead1a3aece@group-D875D2832EDA:LeaderElection10: begin an election at term 1 for -1: [253df5dc-ab25-4be3-9607-c7ead1a3aece:192.168.151.106:34913], old=null
2019-09-25 07:27:40,156 [50e45688-d85c-45e8-a8ba-136a1a73e30a@group-B9507611216D:LeaderElection9] INFO  impl.LeaderElection (LeaderElection.java:askForVotes(182)) - 50e45688-d85c-45e8-a8ba-136a1a73e30a@group-B9507611216D:LeaderElection9: begin an election at term 1 for -1: [50e45688-d85c-45e8-a8ba-136a1a73e30a:192.168.151.106:37283], old=null
2019-09-25 07:27:40,156 [253df5dc-ab25-4be3-9607-c7ead1a3aece@group-D875D2832EDA:LeaderElection10] INFO  impl.RoleInfo (RoleInfo.java:shutdownLeaderElection(134)) - 253df5dc-ab25-4be3-9607-c7ead1a3aece: shutdown LeaderElection
2019-09-25 07:27:40,157 [50e45688-d85c-45e8-a8ba-136a1a73e30a@group-B9507611216D:LeaderElection9] INFO  impl.RoleInfo (RoleInfo.java:shutdownLeaderElection(134)) - 50e45688-d85c-45e8-a8ba-136a1a73e30a: shutdown LeaderElection
2019-09-25 07:27:40,157 [253df5dc-ab25-4be3-9607-c7ead1a3aece@group-D875D2832EDA:LeaderElection10] INFO  impl.RaftServerImpl (RaftServerImpl.java:setRole(174)) - 253df5dc-ab25-4be3-9607-c7ead1a3aece@group-D875D2832EDA: changes role from CANDIDATE to LEADER at term 1 for changeToLeader
2019-09-25 07:27:40,157 [50e45688-d85c-45e8-a8ba-136a1a73e30a@group-B9507611216D:LeaderElection9] INFO  impl.RaftServerImpl (RaftServerImpl.java:setRole(174)) - 50e45688-d85c-45e8-a8ba-136a1a73e30a@group-B9507611216D: changes role from CANDIDATE to LEADER at term 1 for changeToLeader
2019-09-25 07:27:40,157 [253df5dc-ab25-4be3-9607-c7ead1a3aece@group-D875D2832EDA:LeaderElection10] INFO  impl.RaftServerImpl (ServerState.java:setLeader(253)) - 253df5dc-ab25-4be3-9607-c7ead1a3aece@group-D875D2832EDA: change Leader from null to 253df5dc-ab25-4be3-9607-c7ead1a3aece at term 1 for becomeLeader, leader elected after 5212ms
2019-09-25 07:27:40,157 [50e45688-d85c-45e8-a8ba-136a1a73e30a@group-B9507611216D:LeaderElection9] INFO  impl.RaftServerImpl (ServerState.java:setLeader(253)) - 50e45688-d85c-45e8-a8ba-136a1a73e30a@group-B9507611216D: change Leader from null to 50e45688-d85c-45e8-a8ba-136a1a73e30a at term 1 for becomeLeader, leader elected after 5298ms
2019-09-25 07:27:40,158 [253df5dc-ab25-4be3-9607-c7ead1a3aece@group-D875D2832EDA:LeaderElection10] INFO  server.RaftServerConfigKeys (ConfUtils.java:logGet(43)) - raft.server.staging.catchup.gap = 1000 (default)
2019-09-25 07:27:40,158 [50e45688-d85c-45e8-a8ba-136a1a73e30a@group-B9507611216D:LeaderElection9] INFO  server.RaftServerConfigKeys (ConfUtils.java:logGet(43)) - raft.server.staging.catchup.gap = 1000 (default)
2019-09-25 07:27:40,158 [253df5dc-ab25-4be3-9607-c7ead1a3aece@group-D875D2832EDA:LeaderElection10] INFO  server.RaftServerConfigKeys (ConfUtils.java:logGet(43)) - raft.server.rpc.sleep.time = 25ms (default)
2019-09-25 07:27:40,158 [50e45688-d85c-45e8-a8ba-136a1a73e30a@group-B9507611216D:LeaderElection9] INFO  server.RaftServerConfigKeys (ConfUtils.java:logGet(43)) - raft.server.rpc.sleep.time = 25ms (default)
2019-09-25 07:27:40,158 [253df5dc-ab25-4be3-9607-c7ead1a3aece@group-D875D2832EDA:LeaderElection10] INFO  server.RaftServerConfigKeys (ConfUtils.java:logGet(43)) - raft.server.write.element-limit = 4096 (default)
2019-09-25 07:27:40,159 [50e45688-d85c-45e8-a8ba-136a1a73e30a@group-B9507611216D:LeaderElection9] INFO  server.RaftServerConfigKeys (ConfUtils.java:logGet(43)) - raft.server.write.element-limit = 4096 (default)
2019-09-25 07:27:40,159 [253df5dc-ab25-4be3-9607-c7ead1a3aece@group-D875D2832EDA:LeaderElection10] INFO  server.RaftServerConfigKeys (ConfUtils.java:logGet(43)) - raft.server.watch.timeout = 10s (default)
2019-09-25 07:27:40,159 [50e45688-d85c-45e8-a8ba-136a1a73e30a@group-B9507611216D:LeaderElection9] INFO  server.RaftServerConfigKeys (ConfUtils.java:logGet(43)) - raft.server.watch.timeout = 10s (default)
2019-09-25 07:27:40,159 [253df5dc-ab25-4be3-9607-c7ead1a3aece@group-D875D2832EDA:LeaderElection10] INFO  server.RaftServerConfigKeys (ConfUtils.java:logGet(43)) - raft.server.watch.timeout.denomination = 1s (default)
2019-09-25 07:27:40,159 [50e45688-d85c-45e8-a8ba-136a1a73e30a@group-B9507611216D:LeaderElection9] INFO  server.RaftServerConfigKeys (ConfUtils.java:logGet(43)) - raft.server.watch.timeout.denomination = 1s (default)
2019-09-25 07:27:40,160 [253df5dc-ab25-4be3-9607-c7ead1a3aece@group-D875D2832EDA:LeaderElection10] INFO  server.RaftServerConfigKeys (ConfUtils.java:logGet(43)) - raft.server.watch.element-limit = 65536 (default)
2019-09-25 07:27:40,160 [50e45688-d85c-45e8-a8ba-136a1a73e30a@group-B9507611216D:LeaderElection9] INFO  server.RaftServerConfigKeys (ConfUtils.java:logGet(43)) - raft.server.watch.element-limit = 65536 (default)
2019-09-25 07:27:40,408 [Thread-333] INFO  impl.FollowerState (FollowerState.java:run(106)) - 50e45688-d85c-45e8-a8ba-136a1a73e30a:group-520199872AB3 changes to CANDIDATE, lastRpcTime:5068, electionTimeout:5062ms
2019-09-25 07:27:40,409 [Thread-330] INFO  impl.FollowerState (FollowerState.java:run(106)) - ac29337b-1f05-44ab-baf7-0ad511ed26a1:group-2046F13EA959 changes to CANDIDATE, lastRpcTime:5148, electionTimeout:5099ms
2019-09-25 07:27:40,409 [Thread-333] INFO  impl.RoleInfo (RoleInfo.java:shutdownFollowerState(121)) - 50e45688-d85c-45e8-a8ba-136a1a73e30a: shutdown FollowerState
2019-09-25 07:27:40,409 [Thread-330] INFO  impl.RoleInfo (RoleInfo.java:shutdownFollowerState(121)) - ac29337b-1f05-44ab-baf7-0ad511ed26a1: shutdown FollowerState
2019-09-25 07:27:40,409 [Thread-333] INFO  impl.RaftServerImpl (RaftServerImpl.java:setRole(174)) - 50e45688-d85c-45e8-a8ba-136a1a73e30a@group-520199872AB3: changes role from  FOLLOWER to CANDIDATE at term 0 for changeToCandidate
2019-09-25 07:27:40,409 [Thread-330] INFO  impl.RaftServerImpl (RaftServerImpl.java:setRole(174)) - ac29337b-1f05-44ab-baf7-0ad511ed26a1@group-2046F13EA959: changes role from  FOLLOWER to CANDIDATE at term 0 for changeToCandidate
2019-09-25 07:27:40,410 [Thread-330] INFO  impl.RoleInfo (RoleInfo.java:updateAndGet(143)) - ac29337b-1f05-44ab-baf7-0ad511ed26a1: start LeaderElection
2019-09-25 07:27:40,410 [Thread-333] INFO  impl.RoleInfo (RoleInfo.java:updateAndGet(143)) - 50e45688-d85c-45e8-a8ba-136a1a73e30a: start LeaderElection
2019-09-25 07:27:40,410 [Thread-327] INFO  impl.FollowerState (FollowerState.java:run(106)) - 600943d5-c424-432f-84b9-a00c1c65f122:group-73AFC1BFB7B0 changes to CANDIDATE, lastRpcTime:5212, electionTimeout:5000ms
2019-09-25 07:27:40,410 [Thread-327] INFO  impl.RoleInfo (RoleInfo.java:shutdownFollowerState(121)) - 600943d5-c424-432f-84b9-a00c1c65f122: shutdown FollowerState
2019-09-25 07:27:40,410 [Thread-327] INFO  impl.RaftServerImpl (RaftServerImpl.java:setRole(174)) - 600943d5-c424-432f-84b9-a00c1c65f122@group-73AFC1BFB7B0: changes role from  FOLLOWER to CANDIDATE at term 0 for changeToCandidate
2019-09-25 07:27:40,411 [Thread-327] INFO  impl.RoleInfo (RoleInfo.java:updateAndGet(143)) - 600943d5-c424-432f-84b9-a00c1c65f122: start LeaderElection
2019-09-25 07:27:40,411 [Thread-321] INFO  impl.FollowerState (FollowerState.java:run(106)) - 600943d5-c424-432f-84b9-a00c1c65f122:group-0A2509AC6D9A changes to CANDIDATE, lastRpcTime:5362, electionTimeout:5141ms
2019-09-25 07:27:40,411 [Thread-321] INFO  impl.RoleInfo (RoleInfo.java:shutdownFollowerState(121)) - 600943d5-c424-432f-84b9-a00c1c65f122: shutdown FollowerState
2019-09-25 07:27:40,411 [Thread-321] INFO  impl.RaftServerImpl (RaftServerImpl.java:setRole(174)) - 600943d5-c424-432f-84b9-a00c1c65f122@group-0A2509AC6D9A: changes role from  FOLLOWER to CANDIDATE at term 0 for changeToCandidate
2019-09-25 07:27:40,411 [Thread-321] INFO  impl.RoleInfo (RoleInfo.java:updateAndGet(143)) - 600943d5-c424-432f-84b9-a00c1c65f122: start LeaderElection
2019-09-25 07:27:40,484 [9cc18591-be2f-448e-af7e-d5f4fba8f5f7@group-6BDAEA0EFC0C:LeaderElection11] INFO  impl.LeaderElection (LeaderElection.java:askForVotes(182)) - 9cc18591-be2f-448e-af7e-d5f4fba8f5f7@group-6BDAEA0EFC0C:LeaderElection11: begin an election at term 1 for -1: [9cc18591-be2f-448e-af7e-d5f4fba8f5f7:192.168.151.106:36443], old=null
2019-09-25 07:27:40,801 [Thread-339] INFO  impl.FollowerState (FollowerState.java:run(106)) - ad28d3ec-40f8-4bc1-a274-453df443249c:group-084A7F7FCEB7 changes to CANDIDATE, lastRpcTime:5329, electionTimeout:5060ms
2019-09-25 07:27:40,801 [Thread-342] INFO  impl.FollowerState (FollowerState.java:run(106)) - 253df5dc-ab25-4be3-9607-c7ead1a3aece:group-B65234805E4F changes to CANDIDATE, lastRpcTime:5271, electionTimeout:5090ms
2019-09-25 07:27:40,801 [Thread-336] INFO  impl.FollowerState (FollowerState.java:run(106)) - ac29337b-1f05-44ab-baf7-0ad511ed26a1:group-8F409F5E0C2F changes to CANDIDATE, lastRpcTime:5398, electionTimeout:5141ms
2019-09-25 07:27:40,802 [Thread-342] INFO  impl.RoleInfo (RoleInfo.java:shutdownFollowerState(121)) - 253df5dc-ab25-4be3-9607-c7ead1a3aece: shutdown FollowerState
2019-09-25 07:27:40,802 [Thread-339] INFO  impl.RoleInfo (RoleInfo.java:shutdownFollowerState(121)) - ad28d3ec-40f8-4bc1-a274-453df443249c: shutdown FollowerState
2019-09-25 07:27:40,801 [9cc18591-be2f-448e-af7e-d5f4fba8f5f7@group-6BDAEA0EFC0C:LeaderElection11] INFO  impl.RoleInfo (RoleInfo.java:shutdownLeaderElection(134)) - 9cc18591-be2f-448e-af7e-d5f4fba8f5f7: shutdown LeaderElection
2019-09-25 07:27:40,802 [9cc18591-be2f-448e-af7e-d5f4fba8f5f7@group-6BDAEA0EFC0C:LeaderElection11] INFO  impl.RaftServerImpl (RaftServerImpl.java:setRole(174)) - 9cc18591-be2f-448e-af7e-d5f4fba8f5f7@group-6BDAEA0EFC0C: changes role from CANDIDATE to LEADER at term 1 for changeToLeader
2019-09-25 07:27:40,802 [Thread-339] INFO  impl.RaftServerImpl (RaftServerImpl.java:setRole(174)) - ad28d3ec-40f8-4bc1-a274-453df443249c@group-084A7F7FCEB7: changes role from  FOLLOWER to CANDIDATE at term 0 for changeToCandidate
2019-09-25 07:27:40,802 [Thread-345] INFO  impl.FollowerState (FollowerState.java:run(106)) - c642d074-6234-4917-85d3-a38353a695f7:group-21F507338767 changes to CANDIDATE, lastRpcTime:5191, electionTimeout:5123ms
2019-09-25 07:27:40,802 [Thread-342] INFO  impl.RaftServerImpl (RaftServerImpl.java:setRole(174)) - 253df5dc-ab25-4be3-9607-c7ead1a3aece@group-B65234805E4F: changes role from  FOLLOWER to CANDIDATE at term 0 for changeToCandidate
2019-09-25 07:27:40,802 [Thread-336] INFO  impl.RoleInfo (RoleInfo.java:shutdownFollowerState(121)) - ac29337b-1f05-44ab-baf7-0ad511ed26a1: shutdown FollowerState
2019-09-25 07:27:40,802 [Thread-348] INFO  impl.FollowerState (FollowerState.java:run(106)) - 9cc18591-be2f-448e-af7e-d5f4fba8f5f7:group-F2A0DCBBDCF5 changes to CANDIDATE, lastRpcTime:5092, electionTimeout:5048ms
2019-09-25 07:27:40,803 [Thread-336] INFO  impl.RaftServerImpl (RaftServerImpl.java:setRole(174)) - ac29337b-1f05-44ab-baf7-0ad511ed26a1@group-8F409F5E0C2F: changes role from  FOLLOWER to CANDIDATE at term 0 for changeToCandidate
2019-09-25 07:27:40,803 [Thread-342] INFO  impl.RoleInfo (RoleInfo.java:updateAndGet(143)) - 253df5dc-ab25-4be3-9607-c7ead1a3aece: start LeaderElection
2019-09-25 07:27:40,803 [Thread-345] INFO  impl.RoleInfo (RoleInfo.java:shutdownFollowerState(121)) - c642d074-6234-4917-85d3-a38353a695f7: shutdown FollowerState
2019-09-25 07:27:40,803 [Thread-339] INFO  impl.RoleInfo (RoleInfo.java:updateAndGet(143)) - ad28d3ec-40f8-4bc1-a274-453df443249c: start LeaderElection
2019-09-25 07:27:40,802 [9cc18591-be2f-448e-af7e-d5f4fba8f5f7@group-6BDAEA0EFC0C:LeaderElection11] INFO  impl.RaftServerImpl (ServerState.java:setLeader(253)) - 9cc18591-be2f-448e-af7e-d5f4fba8f5f7@group-6BDAEA0EFC0C: change Leader from null to 9cc18591-be2f-448e-af7e-d5f4fba8f5f7 at term 1 for becomeLeader, leader elected after 5694ms
2019-09-25 07:27:40,804 [Thread-345] INFO  impl.RaftServerImpl (RaftServerImpl.java:setRole(174)) - c642d074-6234-4917-85d3-a38353a695f7@group-21F507338767: changes role from  FOLLOWER to CANDIDATE at term 0 for changeToCandidate
2019-09-25 07:27:40,834 [600943d5-c424-432f-84b9-a00c1c65f122@group-73AFC1BFB7B0:LeaderElection14] INFO  impl.LeaderElection (LeaderElection.java:askForVotes(182)) - 600943d5-c424-432f-84b9-a00c1c65f122@group-73AFC1BFB7B0:LeaderElection14: begin an election at term 1 for -1: [600943d5-c424-432f-84b9-a00c1c65f122:192.168.151.106:33383], old=null
2019-09-25 07:27:40,804 [Thread-336] INFO  impl.RoleInfo (RoleInfo.java:updateAndGet(143)) - ac29337b-1f05-44ab-baf7-0ad511ed26a1: start LeaderElection
2019-09-25 07:27:40,803 [Thread-348] INFO  impl.RoleInfo (RoleInfo.java:shutdownFollowerState(121)) - 9cc18591-be2f-448e-af7e-d5f4fba8f5f7: shutdown FollowerState
2019-09-25 07:27:40,842 [600943d5-c424-432f-84b9-a00c1c65f122@group-73AFC1BFB7B0:LeaderElection14] INFO  impl.RoleInfo (RoleInfo.java:shutdownLeaderElection(134)) - 600943d5-c424-432f-84b9-a00c1c65f122: shutdown LeaderElection
2019-09-25 07:27:40,834 [Thread-345] INFO  impl.RoleInfo (RoleInfo.java:updateAndGet(143)) - c642d074-6234-4917-85d3-a38353a695f7: start LeaderElection
2019-09-25 07:27:40,834 [ac29337b-1f05-44ab-baf7-0ad511ed26a1@group-2046F13EA959:LeaderElection13] INFO  impl.LeaderElection (LeaderElection.java:askForVotes(182)) - ac29337b-1f05-44ab-baf7-0ad511ed26a1@group-2046F13EA959:LeaderElection13: begin an election at term 1 for -1: [ac29337b-1f05-44ab-baf7-0ad511ed26a1:192.168.151.106:37931], old=null
2019-09-25 07:27:40,834 [9cc18591-be2f-448e-af7e-d5f4fba8f5f7@group-6BDAEA0EFC0C:LeaderElection11] INFO  server.RaftServerConfigKeys (ConfUtils.java:logGet(43)) - raft.server.staging.catchup.gap = 1000 (default)
2019-09-25 07:27:40,834 [50e45688-d85c-45e8-a8ba-136a1a73e30a@group-520199872AB3:LeaderElection12] INFO  impl.LeaderElection (LeaderElection.java:askForVotes(182)) - 50e45688-d85c-45e8-a8ba-136a1a73e30a@group-520199872AB3:LeaderElection12: begin an election at term 1 for -1: [50e45688-d85c-45e8-a8ba-136a1a73e30a:192.168.151.106:37283], old=null
2019-09-25 07:27:40,859 [253df5dc-ab25-4be3-9607-c7ead1a3aece@group-B65234805E4F:LeaderElection17] INFO  impl.LeaderElection (LeaderElection.java:askForVotes(182)) - 253df5dc-ab25-4be3-9607-c7ead1a3aece@group-B65234805E4F:LeaderElection17: begin an election at term 1 for -1: [253df5dc-ab25-4be3-9607-c7ead1a3aece:192.168.151.106:34913], old=null
2019-09-25 07:27:40,859 [253df5dc-ab25-4be3-9607-c7ead1a3aece@group-D875D2832EDA:LeaderElection10] INFO  impl.RoleInfo (RoleInfo.java:updateAndGet(143)) - 253df5dc-ab25-4be3-9607-c7ead1a3aece: start LeaderState
2019-09-25 07:27:40,854 [9cc18591-be2f-448e-af7e-d5f4fba8f5f7@group-6BDAEA0EFC0C:LeaderElection11] INFO  server.RaftServerConfigKeys (ConfUtils.java:logGet(43)) - raft.server.rpc.sleep.time = 25ms (default)
2019-09-25 07:27:40,854 [ac29337b-1f05-44ab-baf7-0ad511ed26a1@group-2046F13EA959:LeaderElection13] INFO  impl.RoleInfo (RoleInfo.java:shutdownLeaderElection(134)) - ac29337b-1f05-44ab-baf7-0ad511ed26a1: shutdown LeaderElection
2019-09-25 07:27:40,860 [50e45688-d85c-45e8-a8ba-136a1a73e30a@group-B9507611216D:LeaderElection9] INFO  impl.RoleInfo (RoleInfo.java:updateAndGet(143)) - 50e45688-d85c-45e8-a8ba-136a1a73e30a: start LeaderState
2019-09-25 07:27:40,848 [600943d5-c424-432f-84b9-a00c1c65f122@group-73AFC1BFB7B0:LeaderElection14] INFO  impl.RaftServerImpl (RaftServerImpl.java:setRole(174)) - 600943d5-c424-432f-84b9-a00c1c65f122@group-73AFC1BFB7B0: changes role from CANDIDATE to LEADER at term 1 for changeToLeader
2019-09-25 07:27:40,860 [600943d5-c424-432f-84b9-a00c1c65f122@group-73AFC1BFB7B0:LeaderElection14] INFO  impl.RaftServerImpl (ServerState.java:setLeader(253)) - 600943d5-c424-432f-84b9-a00c1c65f122@group-73AFC1BFB7B0: change Leader from null to 600943d5-c424-432f-84b9-a00c1c65f122 at term 1 for becomeLeader, leader elected after 5667ms
2019-09-25 07:27:40,843 [Thread-348] INFO  impl.RaftServerImpl (RaftServerImpl.java:setRole(174)) - 9cc18591-be2f-448e-af7e-d5f4fba8f5f7@group-F2A0DCBBDCF5: changes role from  FOLLOWER to CANDIDATE at term 0 for changeToCandidate
2019-09-25 07:27:40,843 [600943d5-c424-432f-84b9-a00c1c65f122@group-0A2509AC6D9A:LeaderElection15] INFO  impl.LeaderElection (LeaderElection.java:askForVotes(182)) - 600943d5-c424-432f-84b9-a00c1c65f122@group-0A2509AC6D9A:LeaderElection15: begin an election at term 1 for -1: [600943d5-c424-432f-84b9-a00c1c65f122:192.168.151.106:33383], old=null
2019-09-25 07:27:40,860 [Thread-348] INFO  impl.RoleInfo (RoleInfo.java:updateAndGet(143)) - 9cc18591-be2f-448e-af7e-d5f4fba8f5f7: start LeaderElection
2019-09-25 07:27:40,860 [600943d5-c424-432f-84b9-a00c1c65f122@group-73AFC1BFB7B0:LeaderElection14] INFO  server.RaftServerConfigKeys (ConfUtils.java:logGet(43)) - raft.server.staging.catchup.gap = 1000 (default)
2019-09-25 07:27:40,860 [50e45688-d85c-45e8-a8ba-136a1a73e30a@group-B9507611216D:LeaderElection9] INFO  segmented.SegmentedRaftLogWorker (SegmentedRaftLogWorker.java:startLogSegment(380)) - 50e45688-d85c-45e8-a8ba-136a1a73e30a@group-B9507611216D-SegmentedRaftLogWorker: Starting segment from index:0
2019-09-25 07:27:40,860 [ac29337b-1f05-44ab-baf7-0ad511ed26a1@group-2046F13EA959:LeaderElection13] INFO  impl.RaftServerImpl (RaftServerImpl.java:setRole(174)) - ac29337b-1f05-44ab-baf7-0ad511ed26a1@group-2046F13EA959: changes role from CANDIDATE to LEADER at term 1 for changeToLeader
2019-09-25 07:27:40,892 [ad28d3ec-40f8-4bc1-a274-453df443249c@group-084A7F7FCEB7:LeaderElection16] INFO  impl.LeaderElection (LeaderElection.java:askForVotes(182)) - ad28d3ec-40f8-4bc1-a274-453df443249c@group-084A7F7FCEB7:LeaderElection16: begin an election at term 1 for -1: [ad28d3ec-40f8-4bc1-a274-453df443249c:192.168.151.106:42516], old=null
2019-09-25 07:27:40,860 [9cc18591-be2f-448e-af7e-d5f4fba8f5f7@group-6BDAEA0EFC0C:LeaderElection11] INFO  server.RaftServerConfigKeys (ConfUtils.java:logGet(43)) - raft.server.write.element-limit = 4096 (default)
2019-09-25 07:27:40,893 [50e45688-d85c-45e8-a8ba-136a1a73e30a@group-B9507611216D:LeaderElection9] INFO  impl.RaftServerImpl (ServerState.java:setRaftConf(354)) - 50e45688-d85c-45e8-a8ba-136a1a73e30a@group-B9507611216D: set configuration 0: [50e45688-d85c-45e8-a8ba-136a1a73e30a:192.168.151.106:37283], old=null at 0
2019-09-25 07:27:40,860 [253df5dc-ab25-4be3-9607-c7ead1a3aece@group-D875D2832EDA:LeaderElection10] INFO  segmented.SegmentedRaftLogWorker (SegmentedRaftLogWorker.java:startLogSegment(380)) - 253df5dc-ab25-4be3-9607-c7ead1a3aece@group-D875D2832EDA-SegmentedRaftLogWorker: Starting segment from index:0
2019-09-25 07:27:40,859 [253df5dc-ab25-4be3-9607-c7ead1a3aece@group-B65234805E4F:LeaderElection17] INFO  impl.RoleInfo (RoleInfo.java:shutdownLeaderElection(134)) - 253df5dc-ab25-4be3-9607-c7ead1a3aece: shutdown LeaderElection
2019-09-25 07:27:40,859 [50e45688-d85c-45e8-a8ba-136a1a73e30a@group-520199872AB3:LeaderElection12] INFO  impl.RoleInfo (RoleInfo.java:shutdownLeaderElection(134)) - 50e45688-d85c-45e8-a8ba-136a1a73e30a: shutdown LeaderElection
2019-09-25 07:27:40,935 [253df5dc-ab25-4be3-9607-c7ead1a3aece@group-B65234805E4F:LeaderElection17] INFO  impl.RaftServerImpl (RaftServerImpl.java:setRole(174)) - 253df5dc-ab25-4be3-9607-c7ead1a3aece@group-B65234805E4F: changes role from CANDIDATE to LEADER at term 1 for changeToLeader
2019-09-25 07:27:40,935 [253df5dc-ab25-4be3-9607-c7ead1a3aece@group-B65234805E4F:LeaderElection17] INFO  impl.RaftServerImpl (ServerState.java:setLeader(253)) - 253df5dc-ab25-4be3-9607-c7ead1a3aece@group-B65234805E4F: change Leader from null to 253df5dc-ab25-4be3-9607-c7ead1a3aece at term 1 for becomeLeader, leader elected after 5414ms
2019-09-25 07:27:40,934 [9cc18591-be2f-448e-af7e-d5f4fba8f5f7@group-F2A0DCBBDCF5:LeaderElection20] INFO  impl.LeaderElection (LeaderElection.java:askForVotes(182)) - 9cc18591-be2f-448e-af7e-d5f4fba8f5f7@group-F2A0DCBBDCF5:LeaderElection20: begin an election at term 1 for -1: [9cc18591-be2f-448e-af7e-d5f4fba8f5f7:192.168.151.106:36443], old=null
2019-09-25 07:27:40,934 [Thread-351] INFO  impl.FollowerState (FollowerState.java:run(106)) - a0827fcf-c5ce-4373-8734-1ec063924bc7:group-22646A2D522A changes to CANDIDATE, lastRpcTime:5149, electionTimeout:5125ms
2019-09-25 07:27:40,893 [9cc18591-be2f-448e-af7e-d5f4fba8f5f7@group-6BDAEA0EFC0C:LeaderElection11] INFO  server.RaftServerConfigKeys (ConfUtils.java:logGet(43)) - raft.server.watch.timeout = 10s (default)
2019-09-25 07:27:40,893 [ad28d3ec-40f8-4bc1-a274-453df443249c@group-084A7F7FCEB7:LeaderElection16] INFO  impl.RoleInfo (RoleInfo.java:shutdownLeaderElection(134)) - ad28d3ec-40f8-4bc1-a274-453df443249c: shutdown LeaderElection
2019-09-25 07:27:40,892 [c642d074-6234-4917-85d3-a38353a695f7@group-21F507338767:LeaderElection19] INFO  impl.LeaderElection (LeaderElection.java:askForVotes(182)) - c642d074-6234-4917-85d3-a38353a695f7@group-21F507338767:LeaderElection19: begin an election at term 1 for -1: [c642d074-6234-4917-85d3-a38353a695f7:192.168.151.106:41023], old=null
2019-09-25 07:27:40,892 [ac29337b-1f05-44ab-baf7-0ad511ed26a1@group-2046F13EA959:LeaderElection13] INFO  impl.RaftServerImpl (ServerState.java:setLeader(253)) - ac29337b-1f05-44ab-baf7-0ad511ed26a1@group-2046F13EA959: change Leader from null to ac29337b-1f05-44ab-baf7-0ad511ed26a1 at term 1 for becomeLeader, leader elected after 5638ms
2019-09-25 07:27:40,892 [ac29337b-1f05-44ab-baf7-0ad511ed26a1@group-8F409F5E0C2F:LeaderElection18] INFO  impl.LeaderElection (LeaderElection.java:askForVotes(182)) - ac29337b-1f05-44ab-baf7-0ad511ed26a1@group-8F409F5E0C2F:LeaderElection18: begin an election at term 1 for -1: [ac29337b-1f05-44ab-baf7-0ad511ed26a1:192.168.151.106:37931], old=null
2019-09-25 07:27:40,861 [600943d5-c424-432f-84b9-a00c1c65f122@group-73AFC1BFB7B0:LeaderElection14] INFO  server.RaftServerConfigKeys (ConfUtils.java:logGet(43)) - raft.server.rpc.sleep.time = 25ms (default)
2019-09-25 07:27:40,861 [600943d5-c424-432f-84b9-a00c1c65f122@group-0A2509AC6D9A:LeaderElection15] INFO  impl.RoleInfo (RoleInfo.java:shutdownLeaderElection(134)) - 600943d5-c424-432f-84b9-a00c1c65f122: shutdown LeaderElection
2019-09-25 07:27:40,937 [600943d5-c424-432f-84b9-a00c1c65f122@group-73AFC1BFB7B0:LeaderElection14] INFO  server.RaftServerConfigKeys (ConfUtils.java:logGet(43)) - raft.server.write.element-limit = 4096 (default)
2019-09-25 07:27:40,937 [ac29337b-1f05-44ab-baf7-0ad511ed26a1@group-8F409F5E0C2F:LeaderElection18] INFO  impl.RoleInfo (RoleInfo.java:shutdownLeaderElection(134)) - ac29337b-1f05-44ab-baf7-0ad511ed26a1: shutdown LeaderElection
2019-09-25 07:27:40,936 [ac29337b-1f05-44ab-baf7-0ad511ed26a1@group-2046F13EA959:LeaderElection13] INFO  server.RaftServerConfigKeys (ConfUtils.java:logGet(43)) - raft.server.staging.catchup.gap = 1000 (default)
2019-09-25 07:27:40,936 [c642d074-6234-4917-85d3-a38353a695f7@group-21F507338767:LeaderElection19] INFO  impl.RoleInfo (RoleInfo.java:shutdownLeaderElection(134)) - c642d074-6234-4917-85d3-a38353a695f7: shutdown LeaderElection
2019-09-25 07:27:40,936 [ad28d3ec-40f8-4bc1-a274-453df443249c@group-084A7F7FCEB7:LeaderElection16] INFO  impl.RaftServerImpl (RaftServerImpl.java:setRole(174)) - ad28d3ec-40f8-4bc1-a274-453df443249c@group-084A7F7FCEB7: changes role from CANDIDATE to LEADER at term 1 for changeToLeader
2019-09-25 07:27:40,936 [9cc18591-be2f-448e-af7e-d5f4fba8f5f7@group-6BDAEA0EFC0C:LeaderElection11] INFO  server.RaftServerConfigKeys (ConfUtils.java:logGet(43)) - raft.server.watch.timeout.denomination = 1s (default)
2019-09-25 07:27:40,936 [Thread-351] INFO  impl.RoleInfo (RoleInfo.java:shutdownFollowerState(121)) - a0827fcf-c5ce-4373-8734-1ec063924bc7: shutdown FollowerState
2019-09-25 07:27:40,935 [9cc18591-be2f-448e-af7e-d5f4fba8f5f7@group-F2A0DCBBDCF5:LeaderElection20] INFO  impl.RoleInfo (RoleInfo.java:shutdownLeaderElection(134)) - 9cc18591-be2f-448e-af7e-d5f4fba8f5f7: shutdown LeaderElection
2019-09-25 07:27:40,935 [253df5dc-ab25-4be3-9607-c7ead1a3aece@group-B65234805E4F:LeaderElection17] INFO  server.RaftServerConfigKeys (ConfUtils.java:logGet(43)) - raft.server.staging.catchup.gap = 1000 (default)
2019-09-25 07:27:40,938 [253df5dc-ab25-4be3-9607-c7ead1a3aece@group-B65234805E4F:LeaderElection17] INFO  server.RaftServerConfigKeys (ConfUtils.java:logGet(43)) - raft.server.rpc.sleep.time = 25ms (default)
2019-09-25 07:27:40,935 [50e45688-d85c-45e8-a8ba-136a1a73e30a@group-520199872AB3:LeaderElection12] INFO  impl.RaftServerImpl (RaftServerImpl.java:setRole(174)) - 50e45688-d85c-45e8-a8ba-136a1a73e30a@group-520199872AB3: changes role from CANDIDATE to LEADER at term 1 for changeToLeader
2019-09-25 07:27:40,939 [50e45688-d85c-45e8-a8ba-136a1a73e30a@group-520199872AB3:LeaderElection12] INFO  impl.RaftServerImpl (ServerState.java:setLeader(253)) - 50e45688-d85c-45e8-a8ba-136a1a73e30a@group-520199872AB3: change Leader from null to 50e45688-d85c-45e8-a8ba-136a1a73e30a at term 1 for becomeLeader, leader elected after 5607ms
2019-09-25 07:27:40,935 [253df5dc-ab25-4be3-9607-c7ead1a3aece@group-D875D2832EDA:LeaderElection10] INFO  impl.RaftServerImpl (ServerState.java:setRaftConf(354)) - 253df5dc-ab25-4be3-9607-c7ead1a3aece@group-D875D2832EDA: set configuration 0: [253df5dc-ab25-4be3-9607-c7ead1a3aece:192.168.151.106:34913], old=null at 0
2019-09-25 07:27:40,939 [50e45688-d85c-45e8-a8ba-136a1a73e30a@group-520199872AB3:LeaderElection12] INFO  server.RaftServerConfigKeys (ConfUtils.java:logGet(43)) - raft.server.staging.catchup.gap = 1000 (default)
2019-09-25 07:27:40,939 [253df5dc-ab25-4be3-9607-c7ead1a3aece@group-B65234805E4F:LeaderElection17] INFO  server.RaftServerConfigKeys (ConfUtils.java:logGet(43)) - raft.server.write.element-limit = 4096 (default)
2019-09-25 07:27:40,938 [9cc18591-be2f-448e-af7e-d5f4fba8f5f7@group-F2A0DCBBDCF5:LeaderElection20] INFO  impl.RaftServerImpl (RaftServerImpl.java:setRole(174)) - 9cc18591-be2f-448e-af7e-d5f4fba8f5f7@group-F2A0DCBBDCF5: changes role from CANDIDATE to LEADER at term 1 for changeToLeader
2019-09-25 07:27:40,938 [Thread-351] INFO  impl.RaftServerImpl (RaftServerImpl.java:setRole(174)) - a0827fcf-c5ce-4373-8734-1ec063924bc7@group-22646A2D522A: changes role from  FOLLOWER to CANDIDATE at term 0 for changeToCandidate
2019-09-25 07:27:40,938 [9cc18591-be2f-448e-af7e-d5f4fba8f5f7@group-6BDAEA0EFC0C:LeaderElection11] INFO  server.RaftServerConfigKeys (ConfUtils.java:logGet(43)) - raft.server.watch.element-limit = 65536 (default)
2019-09-25 07:27:40,938 [ad28d3ec-40f8-4bc1-a274-453df443249c@group-084A7F7FCEB7:LeaderElection16] INFO  impl.RaftServerImpl (ServerState.java:setLeader(253)) - ad28d3ec-40f8-4bc1-a274-453df443249c@group-084A7F7FCEB7: change Leader from null to ad28d3ec-40f8-4bc1-a274-453df443249c at term 1 for becomeLeader, leader elected after 5473ms
2019-09-25 07:27:40,938 [c642d074-6234-4917-85d3-a38353a695f7@group-21F507338767:LeaderElection19] INFO  impl.RaftServerImpl (RaftServerImpl.java:setRole(174)) - c642d074-6234-4917-85d3-a38353a695f7@group-21F507338767: changes role from CANDIDATE to LEADER at term 1 for changeToLeader
2019-09-25 07:27:40,973 [c642d074-6234-4917-85d3-a38353a695f7@group-21F507338767:LeaderElection19] INFO  impl.RaftServerImpl (ServerState.java:setLeader(253)) - c642d074-6234-4917-85d3-a38353a695f7@group-21F507338767: change Leader from null to c642d074-6234-4917-85d3-a38353a695f7 at term 1 for becomeLeader, leader elected after 5371ms
2019-09-25 07:27:40,937 [ac29337b-1f05-44ab-baf7-0ad511ed26a1@group-2046F13EA959:LeaderElection13] INFO  server.RaftServerConfigKeys (ConfUtils.java:logGet(43)) - raft.server.rpc.sleep.time = 25ms (default)
2019-09-25 07:27:40,937 [ac29337b-1f05-44ab-baf7-0ad511ed26a1@group-8F409F5E0C2F:LeaderElection18] INFO  impl.RaftServerImpl (RaftServerImpl.java:setRole(174)) - ac29337b-1f05-44ab-baf7-0ad511ed26a1@group-8F409F5E0C2F: changes role from CANDIDATE to LEADER at term 1 for changeToLeader
2019-09-25 07:27:40,974 [ac29337b-1f05-44ab-baf7-0ad511ed26a1@group-8F409F5E0C2F:LeaderElection18] INFO  impl.RaftServerImpl (ServerState.java:setLeader(253)) - ac29337b-1f05-44ab-baf7-0ad511ed26a1@group-8F409F5E0C2F: change Leader from null to ac29337b-1f05-44ab-baf7-0ad511ed26a1 at term 1 for becomeLeader, leader elected after 5579ms
2019-09-25 07:27:40,937 [600943d5-c424-432f-84b9-a00c1c65f122@group-73AFC1BFB7B0:LeaderElection14] INFO  server.RaftServerConfigKeys (ConfUtils.java:logGet(43)) - raft.server.watch.timeout = 10s (default)
2019-09-25 07:27:40,937 [600943d5-c424-432f-84b9-a00c1c65f122@group-0A2509AC6D9A:LeaderElection15] INFO  impl.RaftServerImpl (RaftServerImpl.java:setRole(174)) - 600943d5-c424-432f-84b9-a00c1c65f122@group-0A2509AC6D9A: changes role from CANDIDATE to LEADER at term 1 for changeToLeader
2019-09-25 07:27:40,974 [600943d5-c424-432f-84b9-a00c1c65f122@group-73AFC1BFB7B0:LeaderElection14] INFO  server.RaftServerConfigKeys (ConfUtils.java:logGet(43)) - raft.server.watch.timeout.denomination = 1s (default)
2019-09-25 07:27:40,975 [600943d5-c424-432f-84b9-a00c1c65f122@group-73AFC1BFB7B0:LeaderElection14] INFO  server.RaftServerConfigKeys (ConfUtils.java:logGet(43)) - raft.server.watch.element-limit = 65536 (default)
2019-09-25 07:27:40,974 [ac29337b-1f05-44ab-baf7-0ad511ed26a1@group-8F409F5E0C2F:LeaderElection18] INFO  server.RaftServerConfigKeys (ConfUtils.java:logGet(43)) - raft.server.staging.catchup.gap = 1000 (default)
2019-09-25 07:27:40,974 [c642d074-6234-4917-85d3-a38353a695f7@group-21F507338767:LeaderElection19] INFO  server.RaftServerConfigKeys (ConfUtils.java:logGet(43)) - raft.server.staging.catchup.gap = 1000 (default)
2019-09-25 07:27:40,973 [ad28d3ec-40f8-4bc1-a274-453df443249c@group-084A7F7FCEB7:LeaderElection16] INFO  server.RaftServerConfigKeys (ConfUtils.java:logGet(43)) - raft.server.staging.catchup.gap = 1000 (default)
2019-09-25 07:27:40,973 [Thread-351] INFO  impl.RoleInfo (RoleInfo.java:updateAndGet(143)) - a0827fcf-c5ce-4373-8734-1ec063924bc7: start LeaderElection
2019-09-25 07:27:40,973 [9cc18591-be2f-448e-af7e-d5f4fba8f5f7@group-F2A0DCBBDCF5:LeaderElection20] INFO  impl.RaftServerImpl (ServerState.java:setLeader(253)) - 9cc18591-be2f-448e-af7e-d5f4fba8f5f7@group-F2A0DCBBDCF5: change Leader from null to 9cc18591-be2f-448e-af7e-d5f4fba8f5f7 at term 1 for becomeLeader, leader elected after 5278ms
2019-09-25 07:27:40,972 [253df5dc-ab25-4be3-9607-c7ead1a3aece@group-B65234805E4F:LeaderElection17] INFO  server.RaftServerConfigKeys (ConfUtils.java:logGet(43)) - raft.server.watch.timeout = 10s (default)
2019-09-25 07:27:40,972 [50e45688-d85c-45e8-a8ba-136a1a73e30a@group-520199872AB3:LeaderElection12] INFO  server.RaftServerConfigKeys (ConfUtils.java:logGet(43)) - raft.server.rpc.sleep.time = 25ms (default)
2019-09-25 07:27:40,972 [50e45688-d85c-45e8-a8ba-136a1a73e30a@group-B9507611216D-SegmentedRaftLogWorker] INFO  segmented.SegmentedRaftLogWorker (SegmentedRaftLogWorker.java:execute(569)) - 50e45688-d85c-45e8-a8ba-136a1a73e30a@group-B9507611216D-SegmentedRaftLogWorker: created new log segment /workdir/hadoop-ozone/ozonefs/target/test-dir/MiniOzoneClusterImpl-336849c0-54e0-42a2-92e3-a8dd7e6e8d6a/datanode-3/data/ratis/ead7805e-bd61-4b5d-b690-b9507611216d/current/log_inprogress_0
2019-09-25 07:27:40,972 [Thread-357] INFO  impl.FollowerState (FollowerState.java:run(106)) - d2544423-6c63-4eb7-9d0a-bffb9f2b5023:group-BA382169E2EF changes to CANDIDATE, lastRpcTime:5029, electionTimeout:5014ms
2019-09-25 07:27:40,976 [253df5dc-ab25-4be3-9607-c7ead1a3aece@group-B65234805E4F:LeaderElection17] INFO  server.RaftServerConfigKeys (ConfUtils.java:logGet(43)) - raft.server.watch.timeout.denomination = 1s (default)
2019-09-25 07:27:40,976 [9cc18591-be2f-448e-af7e-d5f4fba8f5f7@group-F2A0DCBBDCF5:LeaderElection20] INFO  server.RaftServerConfigKeys (ConfUtils.java:logGet(43)) - raft.server.staging.catchup.gap = 1000 (default)
2019-09-25 07:27:40,975 [ad28d3ec-40f8-4bc1-a274-453df443249c@group-084A7F7FCEB7:LeaderElection16] INFO  server.RaftServerConfigKeys (ConfUtils.java:logGet(43)) - raft.server.rpc.sleep.time = 25ms (default)
2019-09-25 07:27:40,975 [c642d074-6234-4917-85d3-a38353a695f7@group-21F507338767:LeaderElection19] INFO  server.RaftServerConfigKeys (ConfUtils.java:logGet(43)) - raft.server.rpc.sleep.time = 25ms (default)
2019-09-25 07:27:40,975 [ac29337b-1f05-44ab-baf7-0ad511ed26a1@group-8F409F5E0C2F:LeaderElection18] INFO  server.RaftServerConfigKeys (ConfUtils.java:logGet(43)) - raft.server.rpc.sleep.time = 25ms (default)
2019-09-25 07:27:40,974 [600943d5-c424-432f-84b9-a00c1c65f122@group-0A2509AC6D9A:LeaderElection15] INFO  impl.RaftServerImpl (ServerState.java:setLeader(253)) - 600943d5-c424-432f-84b9-a00c1c65f122@group-0A2509AC6D9A: change Leader from null to 600943d5-c424-432f-84b9-a00c1c65f122 at term 1 for becomeLeader, leader elected after 5935ms
2019-09-25 07:27:40,977 [9cc18591-be2f-448e-af7e-d5f4fba8f5f7@group-F2A0DCBBDCF5:LeaderElection20] INFO  server.RaftServerConfigKeys (ConfUtils.java:logGet(43)) - raft.server.rpc.sleep.time = 25ms (default)
2019-09-25 07:27:40,977 [253df5dc-ab25-4be3-9607-c7ead1a3aece@group-B65234805E4F:LeaderElection17] INFO  server.RaftServerConfigKeys (ConfUtils.java:logGet(43)) - raft.server.watch.element-limit = 65536 (default)
2019-09-25 07:27:40,977 [Thread-357] INFO  impl.RoleInfo (RoleInfo.java:shutdownFollowerState(121)) - d2544423-6c63-4eb7-9d0a-bffb9f2b5023: shutdown FollowerState
2019-09-25 07:27:40,978 [600943d5-c424-432f-84b9-a00c1c65f122@group-0A2509AC6D9A:LeaderElection15] INFO  server.RaftServerConfigKeys (ConfUtils.java:logGet(43)) - raft.server.staging.catchup.gap = 1000 (default)
2019-09-25 07:27:40,978 [Thread-357] INFO  impl.RaftServerImpl (RaftServerImpl.java:setRole(174)) - d2544423-6c63-4eb7-9d0a-bffb9f2b5023@group-BA382169E2EF: changes role from  FOLLOWER to CANDIDATE at term 0 for changeToCandidate
2019-09-25 07:27:40,979 [600943d5-c424-432f-84b9-a00c1c65f122@group-0A2509AC6D9A:LeaderElection15] INFO  server.RaftServerConfigKeys (ConfUtils.java:logGet(43)) - raft.server.rpc.sleep.time = 25ms (default)
2019-09-25 07:27:40,995 [Thread-354] INFO  impl.FollowerState (FollowerState.java:run(106)) - 600943d5-c424-432f-84b9-a00c1c65f122:group-D30F9EEB555A changes to CANDIDATE, lastRpcTime:5145, electionTimeout:5145ms
2019-09-25 07:27:40,995 [Thread-354] INFO  impl.RoleInfo (RoleInfo.java:shutdownFollowerState(121)) - 600943d5-c424-432f-84b9-a00c1c65f122: shutdown FollowerState
2019-09-25 07:27:40,995 [Thread-354] INFO  impl.RaftServerImpl (RaftServerImpl.java:setRole(174)) - 600943d5-c424-432f-84b9-a00c1c65f122@group-D30F9EEB555A: changes role from  FOLLOWER to CANDIDATE at term 0 for changeToCandidate
2019-09-25 07:27:40,996 [253df5dc-ab25-4be3-9607-c7ead1a3aece@group-D875D2832EDA-SegmentedRaftLogWorker] INFO  segmented.SegmentedRaftLogWorker (SegmentedRaftLogWorker.java:execute(569)) - 253df5dc-ab25-4be3-9607-c7ead1a3aece@group-D875D2832EDA-SegmentedRaftLogWorker: created new log segment /workdir/hadoop-ozone/ozonefs/target/test-dir/MiniOzoneClusterImpl-336849c0-54e0-42a2-92e3-a8dd7e6e8d6a/datanode-8/data/ratis/d16bf617-4e6a-4d73-83d3-d875d2832eda/current/log_inprogress_0
2019-09-25 07:27:41,008 [Thread-354] INFO  impl.RoleInfo (RoleInfo.java:updateAndGet(143)) - 600943d5-c424-432f-84b9-a00c1c65f122: start LeaderElection
2019-09-25 07:27:41,008 [Thread-357] INFO  impl.RoleInfo (RoleInfo.java:updateAndGet(143)) - d2544423-6c63-4eb7-9d0a-bffb9f2b5023: start LeaderElection
2019-09-25 07:27:41,009 [ac29337b-1f05-44ab-baf7-0ad511ed26a1@group-8F409F5E0C2F:LeaderElection18] INFO  server.RaftServerConfigKeys (ConfUtils.java:logGet(43)) - raft.server.write.element-limit = 4096 (default)
2019-09-25 07:27:41,008 [600943d5-c424-432f-84b9-a00c1c65f122@group-0A2509AC6D9A:LeaderElection15] INFO  server.RaftServerConfigKeys (ConfUtils.java:logGet(43)) - raft.server.write.element-limit = 4096 (default)
2019-09-25 07:27:41,009 [ac29337b-1f05-44ab-baf7-0ad511ed26a1@group-8F409F5E0C2F:LeaderElection18] INFO  server.RaftServerConfigKeys (ConfUtils.java:logGet(43)) - raft.server.watch.timeout = 10s (default)
2019-09-25 07:27:41,009 [ad28d3ec-40f8-4bc1-a274-453df443249c@group-084A7F7FCEB7:LeaderElection16] INFO  server.RaftServerConfigKeys (ConfUtils.java:logGet(43)) - raft.server.write.element-limit = 4096 (default)
2019-09-25 07:27:41,009 [50e45688-d85c-45e8-a8ba-136a1a73e30a@group-520199872AB3:LeaderElection12] INFO  server.RaftServerConfigKeys (ConfUtils.java:logGet(43)) - raft.server.write.element-limit = 4096 (default)
2019-09-25 07:27:41,009 [c642d074-6234-4917-85d3-a38353a695f7@group-21F507338767:LeaderElection19] INFO  server.RaftServerConfigKeys (ConfUtils.java:logGet(43)) - raft.server.write.element-limit = 4096 (default)
2019-09-25 07:27:41,009 [9cc18591-be2f-448e-af7e-d5f4fba8f5f7@group-F2A0DCBBDCF5:LeaderElection20] INFO  server.RaftServerConfigKeys (ConfUtils.java:logGet(43)) - raft.server.write.element-limit = 4096 (default)
2019-09-25 07:27:41,010 [c642d074-6234-4917-85d3-a38353a695f7@group-21F507338767:LeaderElection19] INFO  server.RaftServerConfigKeys (ConfUtils.java:logGet(43)) - raft.server.watch.timeout = 10s (default)
2019-09-25 07:27:41,023 [c642d074-6234-4917-85d3-a38353a695f7@group-21F507338767:LeaderElection19] INFO  server.RaftServerConfigKeys (ConfUtils.java:logGet(43)) - raft.server.watch.timeout.denomination = 1s (default)
2019-09-25 07:27:41,010 [50e45688-d85c-45e8-a8ba-136a1a73e30a@group-520199872AB3:LeaderElection12] INFO  server.RaftServerConfigKeys (ConfUtils.java:logGet(43)) - raft.server.watch.timeout = 10s (default)
2019-09-25 07:27:41,010 [ad28d3ec-40f8-4bc1-a274-453df443249c@group-084A7F7FCEB7:LeaderElection16] INFO  server.RaftServerConfigKeys (ConfUtils.java:logGet(43)) - raft.server.watch.timeout = 10s (default)
2019-09-25 07:27:41,009 [ac29337b-1f05-44ab-baf7-0ad511ed26a1@group-2046F13EA959:LeaderElection13] INFO  server.RaftServerConfigKeys (ConfUtils.java:logGet(43)) - raft.server.write.element-limit = 4096 (default)
2019-09-25 07:27:41,009 [ac29337b-1f05-44ab-baf7-0ad511ed26a1@group-8F409F5E0C2F:LeaderElection18] INFO  server.RaftServerConfigKeys (ConfUtils.java:logGet(43)) - raft.server.watch.timeout.denomination = 1s (default)
2019-09-25 07:27:41,009 [600943d5-c424-432f-84b9-a00c1c65f122@group-0A2509AC6D9A:LeaderElection15] INFO  server.RaftServerConfigKeys (ConfUtils.java:logGet(43)) - raft.server.watch.timeout = 10s (default)
2019-09-25 07:27:41,024 [ac29337b-1f05-44ab-baf7-0ad511ed26a1@group-8F409F5E0C2F:LeaderElection18] INFO  server.RaftServerConfigKeys (ConfUtils.java:logGet(43)) - raft.server.watch.element-limit = 65536 (default)
2019-09-25 07:27:41,024 [ac29337b-1f05-44ab-baf7-0ad511ed26a1@group-2046F13EA959:LeaderElection13] INFO  server.RaftServerConfigKeys (ConfUtils.java:logGet(43)) - raft.server.watch.timeout = 10s (default)
2019-09-25 07:27:41,024 [ad28d3ec-40f8-4bc1-a274-453df443249c@group-084A7F7FCEB7:LeaderElection16] INFO  server.RaftServerConfigKeys (ConfUtils.java:logGet(43)) - raft.server.watch.timeout.denomination = 1s (default)
2019-09-25 07:27:41,024 [50e45688-d85c-45e8-a8ba-136a1a73e30a@group-520199872AB3:LeaderElection12] INFO  server.RaftServerConfigKeys (ConfUtils.java:logGet(43)) - raft.server.watch.timeout.denomination = 1s (default)
2019-09-25 07:27:41,024 [c642d074-6234-4917-85d3-a38353a695f7@group-21F507338767:LeaderElection19] INFO  server.RaftServerConfigKeys (ConfUtils.java:logGet(43)) - raft.server.watch.element-limit = 65536 (default)
2019-09-25 07:27:41,017 [9cc18591-be2f-448e-af7e-d5f4fba8f5f7@group-F2A0DCBBDCF5:LeaderElection20] INFO  server.RaftServerConfigKeys (ConfUtils.java:logGet(43)) - raft.server.watch.timeout = 10s (default)
2019-09-25 07:27:41,026 [9cc18591-be2f-448e-af7e-d5f4fba8f5f7@group-F2A0DCBBDCF5:LeaderElection20] INFO  server.RaftServerConfigKeys (ConfUtils.java:logGet(43)) - raft.server.watch.timeout.denomination = 1s (default)
2019-09-25 07:27:41,025 [50e45688-d85c-45e8-a8ba-136a1a73e30a@group-520199872AB3:LeaderElection12] INFO  server.RaftServerConfigKeys (ConfUtils.java:logGet(43)) - raft.server.watch.element-limit = 65536 (default)
2019-09-25 07:27:41,025 [ad28d3ec-40f8-4bc1-a274-453df443249c@group-084A7F7FCEB7:LeaderElection16] INFO  server.RaftServerConfigKeys (ConfUtils.java:logGet(43)) - raft.server.watch.element-limit = 65536 (default)
2019-09-25 07:27:41,025 [ac29337b-1f05-44ab-baf7-0ad511ed26a1@group-2046F13EA959:LeaderElection13] INFO  server.RaftServerConfigKeys (ConfUtils.java:logGet(43)) - raft.server.watch.timeout.denomination = 1s (default)
2019-09-25 07:27:41,025 [600943d5-c424-432f-84b9-a00c1c65f122@group-0A2509AC6D9A:LeaderElection15] INFO  server.RaftServerConfigKeys (ConfUtils.java:logGet(43)) - raft.server.watch.timeout.denomination = 1s (default)
2019-09-25 07:27:41,026 [ac29337b-1f05-44ab-baf7-0ad511ed26a1@group-2046F13EA959:LeaderElection13] INFO  server.RaftServerConfigKeys (ConfUtils.java:logGet(43)) - raft.server.watch.element-limit = 65536 (default)
2019-09-25 07:27:41,026 [9cc18591-be2f-448e-af7e-d5f4fba8f5f7@group-F2A0DCBBDCF5:LeaderElection20] INFO  server.RaftServerConfigKeys (ConfUtils.java:logGet(43)) - raft.server.watch.element-limit = 65536 (default)
2019-09-25 07:27:41,027 [600943d5-c424-432f-84b9-a00c1c65f122@group-0A2509AC6D9A:LeaderElection15] INFO  server.RaftServerConfigKeys (ConfUtils.java:logGet(43)) - raft.server.watch.element-limit = 65536 (default)
2019-09-25 07:27:41,028 [9cc18591-be2f-448e-af7e-d5f4fba8f5f7@group-6BDAEA0EFC0C:LeaderElection11] INFO  impl.RoleInfo (RoleInfo.java:updateAndGet(143)) - 9cc18591-be2f-448e-af7e-d5f4fba8f5f7: start LeaderState
2019-09-25 07:27:41,028 [9cc18591-be2f-448e-af7e-d5f4fba8f5f7@group-6BDAEA0EFC0C:LeaderElection11] INFO  segmented.SegmentedRaftLogWorker (SegmentedRaftLogWorker.java:startLogSegment(380)) - 9cc18591-be2f-448e-af7e-d5f4fba8f5f7@group-6BDAEA0EFC0C-SegmentedRaftLogWorker: Starting segment from index:0
2019-09-25 07:27:41,029 [9cc18591-be2f-448e-af7e-d5f4fba8f5f7@group-6BDAEA0EFC0C:LeaderElection11] INFO  impl.RaftServerImpl (ServerState.java:setRaftConf(354)) - 9cc18591-be2f-448e-af7e-d5f4fba8f5f7@group-6BDAEA0EFC0C: set configuration 0: [9cc18591-be2f-448e-af7e-d5f4fba8f5f7:192.168.151.106:36443], old=null at 0
2019-09-25 07:27:41,062 [d2544423-6c63-4eb7-9d0a-bffb9f2b5023@group-BA382169E2EF:LeaderElection22] INFO  impl.LeaderElection (LeaderElection.java:askForVotes(182)) - d2544423-6c63-4eb7-9d0a-bffb9f2b5023@group-BA382169E2EF:LeaderElection22: begin an election at term 1 for -1: [d2544423-6c63-4eb7-9d0a-bffb9f2b5023:192.168.151.106:39699], old=null
2019-09-25 07:27:41,062 [Thread-360] INFO  impl.FollowerState (FollowerState.java:run(106)) - d2544423-6c63-4eb7-9d0a-bffb9f2b5023:group-35A7C1BE891B changes to CANDIDATE, lastRpcTime:5054, electionTimeout:5033ms
2019-09-25 07:27:41,062 [d2544423-6c63-4eb7-9d0a-bffb9f2b5023@group-BA382169E2EF:LeaderElection22] INFO  impl.RoleInfo (RoleInfo.java:shutdownLeaderElection(134)) - d2544423-6c63-4eb7-9d0a-bffb9f2b5023: shutdown LeaderElection
2019-09-25 07:27:41,062 [a0827fcf-c5ce-4373-8734-1ec063924bc7@group-22646A2D522A:LeaderElection21] INFO  impl.LeaderElection (LeaderElection.java:askForVotes(182)) - a0827fcf-c5ce-4373-8734-1ec063924bc7@group-22646A2D522A:LeaderElection21: begin an election at term 1 for -1: [a0827fcf-c5ce-4373-8734-1ec063924bc7:192.168.151.106:34656], old=null
2019-09-25 07:27:41,062 [600943d5-c424-432f-84b9-a00c1c65f122@group-D30F9EEB555A:LeaderElection23] INFO  impl.LeaderElection (LeaderElection.java:askForVotes(182)) - 600943d5-c424-432f-84b9-a00c1c65f122@group-D30F9EEB555A:LeaderElection23: begin an election at term 1 for -1: [600943d5-c424-432f-84b9-a00c1c65f122:192.168.151.106:33383], old=null
2019-09-25 07:27:41,063 [a0827fcf-c5ce-4373-8734-1ec063924bc7@group-22646A2D522A:LeaderElection21] INFO  impl.RoleInfo (RoleInfo.java:shutdownLeaderElection(134)) - a0827fcf-c5ce-4373-8734-1ec063924bc7: shutdown LeaderElection
2019-09-25 07:27:41,063 [d2544423-6c63-4eb7-9d0a-bffb9f2b5023@group-BA382169E2EF:LeaderElection22] INFO  impl.RaftServerImpl (RaftServerImpl.java:setRole(174)) - d2544423-6c63-4eb7-9d0a-bffb9f2b5023@group-BA382169E2EF: changes role from CANDIDATE to LEADER at term 1 for changeToLeader
2019-09-25 07:27:41,063 [Thread-360] INFO  impl.RoleInfo (RoleInfo.java:shutdownFollowerState(121)) - d2544423-6c63-4eb7-9d0a-bffb9f2b5023: shutdown FollowerState
2019-09-25 07:27:41,063 [a0827fcf-c5ce-4373-8734-1ec063924bc7@group-22646A2D522A:LeaderElection21] INFO  impl.RaftServerImpl (RaftServerImpl.java:setRole(174)) - a0827fcf-c5ce-4373-8734-1ec063924bc7@group-22646A2D522A: changes role from CANDIDATE to LEADER at term 1 for changeToLeader
2019-09-25 07:27:41,063 [600943d5-c424-432f-84b9-a00c1c65f122@group-D30F9EEB555A:LeaderElection23] INFO  impl.RoleInfo (RoleInfo.java:shutdownLeaderElection(134)) - 600943d5-c424-432f-84b9-a00c1c65f122: shutdown LeaderElection
2019-09-25 07:27:41,063 [a0827fcf-c5ce-4373-8734-1ec063924bc7@group-22646A2D522A:LeaderElection21] INFO  impl.RaftServerImpl (ServerState.java:setLeader(253)) - a0827fcf-c5ce-4373-8734-1ec063924bc7@group-22646A2D522A: change Leader from null to a0827fcf-c5ce-4373-8734-1ec063924bc7 at term 1 for becomeLeader, leader elected after 5285ms
2019-09-25 07:27:41,063 [Thread-360] INFO  impl.RaftServerImpl (RaftServerImpl.java:setRole(174)) - d2544423-6c63-4eb7-9d0a-bffb9f2b5023@group-35A7C1BE891B: changes role from  FOLLOWER to CANDIDATE at term 0 for changeToCandidate
2019-09-25 07:27:41,063 [d2544423-6c63-4eb7-9d0a-bffb9f2b5023@group-BA382169E2EF:LeaderElection22] INFO  impl.RaftServerImpl (ServerState.java:setLeader(253)) - d2544423-6c63-4eb7-9d0a-bffb9f2b5023@group-BA382169E2EF: change Leader from null to d2544423-6c63-4eb7-9d0a-bffb9f2b5023 at term 1 for becomeLeader, leader elected after 5131ms
2019-09-25 07:27:41,064 [Thread-360] INFO  impl.RoleInfo (RoleInfo.java:updateAndGet(143)) - d2544423-6c63-4eb7-9d0a-bffb9f2b5023: start LeaderElection
2019-09-25 07:27:41,064 [a0827fcf-c5ce-4373-8734-1ec063924bc7@group-22646A2D522A:LeaderElection21] INFO  server.RaftServerConfigKeys (ConfUtils.java:logGet(43)) - raft.server.staging.catchup.gap = 1000 (default)
2019-09-25 07:27:41,063 [600943d5-c424-432f-84b9-a00c1c65f122@group-D30F9EEB555A:LeaderElection23] INFO  impl.RaftServerImpl (RaftServerImpl.java:setRole(174)) - 600943d5-c424-432f-84b9-a00c1c65f122@group-D30F9EEB555A: changes role from CANDIDATE to LEADER at term 1 for changeToLeader
2019-09-25 07:27:41,064 [a0827fcf-c5ce-4373-8734-1ec063924bc7@group-22646A2D522A:LeaderElection21] INFO  server.RaftServerConfigKeys (ConfUtils.java:logGet(43)) - raft.server.rpc.sleep.time = 25ms (default)
2019-09-25 07:27:41,064 [d2544423-6c63-4eb7-9d0a-bffb9f2b5023@group-BA382169E2EF:LeaderElection22] INFO  server.RaftServerConfigKeys (ConfUtils.java:logGet(43)) - raft.server.staging.catchup.gap = 1000 (default)
2019-09-25 07:27:41,064 [IPC Server handler 6 on 40953] INFO  pipeline.PipelinePlacementPolicy (PipelinePlacementPolicy.java:meetCriteria(91)) - Pipeline Placement: can't place more pipeline on heavy datanode： 50e45688-d85c-45e8-a8ba-136a1a73e30a Heaviness: 6 limit: 5
2019-09-25 07:27:41,068 [IPC Server handler 6 on 40953] INFO  pipeline.PipelinePlacementPolicy (PipelinePlacementPolicy.java:meetCriteria(91)) - Pipeline Placement: can't place more pipeline on heavy datanode： a0827fcf-c5ce-4373-8734-1ec063924bc7 Heaviness: 6 limit: 5
2019-09-25 07:27:41,068 [IPC Server handler 6 on 40953] INFO  pipeline.PipelinePlacementPolicy (PipelinePlacementPolicy.java:meetCriteria(91)) - Pipeline Placement: can't place more pipeline on heavy datanode： ac29337b-1f05-44ab-baf7-0ad511ed26a1 Heaviness: 6 limit: 5
2019-09-25 07:27:41,068 [IPC Server handler 6 on 40953] INFO  pipeline.PipelinePlacementPolicy (PipelinePlacementPolicy.java:meetCriteria(91)) - Pipeline Placement: can't place more pipeline on heavy datanode： 9cc18591-be2f-448e-af7e-d5f4fba8f5f7 Heaviness: 6 limit: 5
2019-09-25 07:27:41,069 [IPC Server handler 6 on 40953] INFO  pipeline.PipelinePlacementPolicy (PipelinePlacementPolicy.java:meetCriteria(91)) - Pipeline Placement: can't place more pipeline on heavy datanode： c642d074-6234-4917-85d3-a38353a695f7 Heaviness: 6 limit: 5
2019-09-25 07:27:41,069 [IPC Server handler 6 on 40953] INFO  pipeline.PipelinePlacementPolicy (PipelinePlacementPolicy.java:meetCriteria(91)) - Pipeline Placement: can't place more pipeline on heavy datanode： 600943d5-c424-432f-84b9-a00c1c65f122 Heaviness: 6 limit: 5
2019-09-25 07:27:41,069 [IPC Server handler 6 on 40953] INFO  pipeline.PipelinePlacementPolicy (PipelinePlacementPolicy.java:meetCriteria(91)) - Pipeline Placement: can't place more pipeline on heavy datanode： 253df5dc-ab25-4be3-9607-c7ead1a3aece Heaviness: 6 limit: 5
2019-09-25 07:27:41,069 [IPC Server handler 6 on 40953] INFO  pipeline.PipelinePlacementPolicy (PipelinePlacementPolicy.java:meetCriteria(91)) - Pipeline Placement: can't place more pipeline on heavy datanode： d2544423-6c63-4eb7-9d0a-bffb9f2b5023 Heaviness: 6 limit: 5
2019-09-25 07:27:41,069 [IPC Server handler 6 on 40953] INFO  pipeline.PipelinePlacementPolicy (PipelinePlacementPolicy.java:meetCriteria(91)) - Pipeline Placement: can't place more pipeline on heavy datanode： ad28d3ec-40f8-4bc1-a274-453df443249c Heaviness: 6 limit: 5
2019-09-25 07:27:41,070 [IPC Server handler 6 on 40953] INFO  pipeline.PipelinePlacementPolicy (PipelinePlacementPolicy.java:meetCriteria(91)) - Pipeline Placement: can't place more pipeline on heavy datanode： 94a1c681-cec5-47e9-bd86-59396c1e12e6 Heaviness: 6 limit: 5
2019-09-25 07:27:41,068 [d2544423-6c63-4eb7-9d0a-bffb9f2b5023@group-BA382169E2EF:LeaderElection22] INFO  server.RaftServerConfigKeys (ConfUtils.java:logGet(43)) - raft.server.rpc.sleep.time = 25ms (default)
2019-09-25 07:27:41,067 [a0827fcf-c5ce-4373-8734-1ec063924bc7@group-22646A2D522A:LeaderElection21] INFO  server.RaftServerConfigKeys (ConfUtils.java:logGet(43)) - raft.server.write.element-limit = 4096 (default)
2019-09-25 07:27:41,064 [600943d5-c424-432f-84b9-a00c1c65f122@group-D30F9EEB555A:LeaderElection23] INFO  impl.RaftServerImpl (ServerState.java:setLeader(253)) - 600943d5-c424-432f-84b9-a00c1c65f122@group-D30F9EEB555A: change Leader from null to 600943d5-c424-432f-84b9-a00c1c65f122 at term 1 for becomeLeader, leader elected after 5222ms
2019-09-25 07:27:41,070 [a0827fcf-c5ce-4373-8734-1ec063924bc7@group-22646A2D522A:LeaderElection21] INFO  server.RaftServerConfigKeys (ConfUtils.java:logGet(43)) - raft.server.watch.timeout = 10s (default)
2019-09-25 07:27:41,070 [d2544423-6c63-4eb7-9d0a-bffb9f2b5023@group-BA382169E2EF:LeaderElection22] INFO  server.RaftServerConfigKeys (ConfUtils.java:logGet(43)) - raft.server.write.element-limit = 4096 (default)
2019-09-25 07:27:41,070 [IPC Server handler 6 on 40953] ERROR pipeline.PipelinePlacementPolicy (PipelinePlacementPolicy.java:filterViableNodes(148)) - Unable to find enough nodes that meet the criteria that cannot engage in more than 5 pipelines. Nodes required: 3 Found: 0, healthy nodes count inNodeManager: 10.
2019-09-25 07:27:41,071 [d2544423-6c63-4eb7-9d0a-bffb9f2b5023@group-BA382169E2EF:LeaderElection22] INFO  server.RaftServerConfigKeys (ConfUtils.java:logGet(43)) - raft.server.watch.timeout = 10s (default)
2019-09-25 07:27:41,071 [a0827fcf-c5ce-4373-8734-1ec063924bc7@group-22646A2D522A:LeaderElection21] INFO  server.RaftServerConfigKeys (ConfUtils.java:logGet(43)) - raft.server.watch.timeout.denomination = 1s (default)
2019-09-25 07:27:41,070 [600943d5-c424-432f-84b9-a00c1c65f122@group-D30F9EEB555A:LeaderElection23] INFO  server.RaftServerConfigKeys (ConfUtils.java:logGet(43)) - raft.server.staging.catchup.gap = 1000 (default)
2019-09-25 07:27:41,071 [a0827fcf-c5ce-4373-8734-1ec063924bc7@group-22646A2D522A:LeaderElection21] INFO  server.RaftServerConfigKeys (ConfUtils.java:logGet(43)) - raft.server.watch.element-limit = 65536 (default)
2019-09-25 07:27:41,071 [d2544423-6c63-4eb7-9d0a-bffb9f2b5023@group-BA382169E2EF:LeaderElection22] INFO  server.RaftServerConfigKeys (ConfUtils.java:logGet(43)) - raft.server.watch.timeout.denomination = 1s (default)
2019-09-25 07:27:41,071 [253df5dc-ab25-4be3-9607-c7ead1a3aece@group-B65234805E4F:LeaderElection17] INFO  impl.RoleInfo (RoleInfo.java:updateAndGet(143)) - 253df5dc-ab25-4be3-9607-c7ead1a3aece: start LeaderState
2019-09-25 07:27:41,071 [IPC Server handler 6 on 40953] ERROR pipeline.SCMPipelineManager (SCMPipelineManager.java:createPipeline(167)) - Pipeline creation failed.
org.apache.hadoop.hdds.scm.exceptions.SCMException: Unable to find enough nodes that meet the criteria that cannot engage in more than 5 pipelines. Nodes required: 3 Found: 0, healthy nodes count inNodeManager: 10.
	at org.apache.hadoop.hdds.scm.pipeline.PipelinePlacementPolicy.filterViableNodes(PipelinePlacementPolicy.java:149)
	at org.apache.hadoop.hdds.scm.pipeline.PipelinePlacementPolicy.chooseDatanodes(PipelinePlacementPolicy.java:172)
	at org.apache.hadoop.hdds.scm.pipeline.RatisPipelineProvider.create(RatisPipelineProvider.java:93)
	at org.apache.hadoop.hdds.scm.pipeline.PipelineFactory.create(PipelineFactory.java:58)
	at org.apache.hadoop.hdds.scm.pipeline.SCMPipelineManager.createPipeline(SCMPipelineManager.java:155)
	at org.apache.hadoop.hdds.scm.block.BlockManagerImpl.allocateBlock(BlockManagerImpl.java:190)
	at org.apache.hadoop.hdds.scm.server.SCMBlockProtocolServer.allocateBlock(SCMBlockProtocolServer.java:182)
	at org.apache.hadoop.ozone.protocolPB.ScmBlockLocationProtocolServerSideTranslatorPB.allocateScmBlock(ScmBlockLocationProtocolServerSideTranslatorPB.java:183)
	at org.apache.hadoop.ozone.protocolPB.ScmBlockLocationProtocolServerSideTranslatorPB.processMessage(ScmBlockLocationProtocolServerSideTranslatorPB.java:141)
	at org.apache.hadoop.ozone.protocolPB.ScmBlockLocationProtocolServerSideTranslatorPB.send(ScmBlockLocationProtocolServerSideTranslatorPB.java:116)
	at org.apache.hadoop.hdds.protocol.proto.ScmBlockLocationProtocolProtos$ScmBlockLocationProtocolService$2.callBlockingMethod(ScmBlockLocationProtocolProtos.java:13157)
	at org.apache.hadoop.ipc.ProtobufRpcEngine$Server$ProtoBufRpcInvoker.call(ProtobufRpcEngine.java:524)
	at org.apache.hadoop.ipc.RPC$Server.call(RPC.java:1025)
	at org.apache.hadoop.ipc.Server$RpcCall.run(Server.java:876)
	at org.apache.hadoop.ipc.Server$RpcCall.run(Server.java:822)
	at java.security.AccessController.doPrivileged(Native Method)
	at javax.security.auth.Subject.doAs(Subject.java:422)
	at org.apache.hadoop.security.UserGroupInformation.doAs(UserGroupInformation.java:1730)
	at org.apache.hadoop.ipc.Server$Handler.run(Server.java:2682)
2019-09-25 07:27:41,072 [600943d5-c424-432f-84b9-a00c1c65f122@group-73AFC1BFB7B0:LeaderElection14] INFO  impl.RoleInfo (RoleInfo.java:updateAndGet(143)) - 600943d5-c424-432f-84b9-a00c1c65f122: start LeaderState
2019-09-25 07:27:41,072 [253df5dc-ab25-4be3-9607-c7ead1a3aece@group-B65234805E4F:LeaderElection17] INFO  segmented.SegmentedRaftLogWorker (SegmentedRaftLogWorker.java:startLogSegment(380)) - 253df5dc-ab25-4be3-9607-c7ead1a3aece@group-B65234805E4F-SegmentedRaftLogWorker: Starting segment from index:0
2019-09-25 07:27:41,072 [d2544423-6c63-4eb7-9d0a-bffb9f2b5023@group-BA382169E2EF:LeaderElection22] INFO  server.RaftServerConfigKeys (ConfUtils.java:logGet(43)) - raft.server.watch.element-limit = 65536 (default)
2019-09-25 07:27:41,072 [600943d5-c424-432f-84b9-a00c1c65f122@group-D30F9EEB555A:LeaderElection23] INFO  server.RaftServerConfigKeys (ConfUtils.java:logGet(43)) - raft.server.rpc.sleep.time = 25ms (default)
2019-09-25 07:27:41,073 [600943d5-c424-432f-84b9-a00c1c65f122@group-73AFC1BFB7B0:LeaderElection14] INFO  segmented.SegmentedRaftLogWorker (SegmentedRaftLogWorker.java:startLogSegment(380)) - 600943d5-c424-432f-84b9-a00c1c65f122@group-73AFC1BFB7B0-SegmentedRaftLogWorker: Starting segment from index:0
2019-09-25 07:27:41,073 [IPC Server handler 6 on 40953] WARN  block.BlockManagerImpl (BlockManagerImpl.java:allocateBlock(192)) - Pipeline creation failed for type:RATIS factor:THREE. Retrying get pipelines call once.
org.apache.hadoop.hdds.scm.exceptions.SCMException: Unable to find enough nodes that meet the criteria that cannot engage in more than 5 pipelines. Nodes required: 3 Found: 0, healthy nodes count inNodeManager: 10.
	at org.apache.hadoop.hdds.scm.pipeline.PipelinePlacementPolicy.filterViableNodes(PipelinePlacementPolicy.java:149)
	at org.apache.hadoop.hdds.scm.pipeline.PipelinePlacementPolicy.chooseDatanodes(PipelinePlacementPolicy.java:172)
	at org.apache.hadoop.hdds.scm.pipeline.RatisPipelineProvider.create(RatisPipelineProvider.java:93)
	at org.apache.hadoop.hdds.scm.pipeline.PipelineFactory.create(PipelineFactory.java:58)
	at org.apache.hadoop.hdds.scm.pipeline.SCMPipelineManager.createPipeline(SCMPipelineManager.java:155)
	at org.apache.hadoop.hdds.scm.block.BlockManagerImpl.allocateBlock(BlockManagerImpl.java:190)
	at org.apache.hadoop.hdds.scm.server.SCMBlockProtocolServer.allocateBlock(SCMBlockProtocolServer.java:182)
	at org.apache.hadoop.ozone.protocolPB.ScmBlockLocationProtocolServerSideTranslatorPB.allocateScmBlock(ScmBlockLocationProtocolServerSideTranslatorPB.java:183)
	at org.apache.hadoop.ozone.protocolPB.ScmBlockLocationProtocolServerSideTranslatorPB.processMessage(ScmBlockLocationProtocolServerSideTranslatorPB.java:141)
	at org.apache.hadoop.ozone.protocolPB.ScmBlockLocationProtocolServerSideTranslatorPB.send(ScmBlockLocationProtocolServerSideTranslatorPB.java:116)
	at org.apache.hadoop.hdds.protocol.proto.ScmBlockLocationProtocolProtos$ScmBlockLocationProtocolService$2.callBlockingMethod(ScmBlockLocationProtocolProtos.java:13157)
	at org.apache.hadoop.ipc.ProtobufRpcEngine$Server$ProtoBufRpcInvoker.call(ProtobufRpcEngine.java:524)
	at org.apache.hadoop.ipc.RPC$Server.call(RPC.java:1025)
	at org.apache.hadoop.ipc.Server$RpcCall.run(Server.java:876)
	at org.apache.hadoop.ipc.Server$RpcCall.run(Server.java:822)
	at java.security.AccessController.doPrivileged(Native Method)
	at javax.security.auth.Subject.doAs(Subject.java:422)
	at org.apache.hadoop.security.UserGroupInformation.doAs(UserGroupInformation.java:1730)
	at org.apache.hadoop.ipc.Server$Handler.run(Server.java:2682)
2019-09-25 07:27:41,074 [600943d5-c424-432f-84b9-a00c1c65f122@group-73AFC1BFB7B0:LeaderElection14] INFO  impl.RaftServerImpl (ServerState.java:setRaftConf(354)) - 600943d5-c424-432f-84b9-a00c1c65f122@group-73AFC1BFB7B0: set configuration 0: [600943d5-c424-432f-84b9-a00c1c65f122:192.168.151.106:33383], old=null at 0
2019-09-25 07:27:41,073 [253df5dc-ab25-4be3-9607-c7ead1a3aece@group-B65234805E4F:LeaderElection17] INFO  impl.RaftServerImpl (ServerState.java:setRaftConf(354)) - 253df5dc-ab25-4be3-9607-c7ead1a3aece@group-B65234805E4F: set configuration 0: [253df5dc-ab25-4be3-9607-c7ead1a3aece:192.168.151.106:34913], old=null at 0
2019-09-25 07:27:41,073 [600943d5-c424-432f-84b9-a00c1c65f122@group-D30F9EEB555A:LeaderElection23] INFO  server.RaftServerConfigKeys (ConfUtils.java:logGet(43)) - raft.server.write.element-limit = 4096 (default)
2019-09-25 07:27:41,111 [d2544423-6c63-4eb7-9d0a-bffb9f2b5023@group-35A7C1BE891B:LeaderElection24] INFO  impl.LeaderElection (LeaderElection.java:askForVotes(182)) - d2544423-6c63-4eb7-9d0a-bffb9f2b5023@group-35A7C1BE891B:LeaderElection24: begin an election at term 1 for -1: [d2544423-6c63-4eb7-9d0a-bffb9f2b5023:192.168.151.106:39699], old=null
2019-09-25 07:27:41,111 [9cc18591-be2f-448e-af7e-d5f4fba8f5f7@group-6BDAEA0EFC0C-SegmentedRaftLogWorker] INFO  segmented.SegmentedRaftLogWorker (SegmentedRaftLogWorker.java:execute(569)) - 9cc18591-be2f-448e-af7e-d5f4fba8f5f7@group-6BDAEA0EFC0C-SegmentedRaftLogWorker: created new log segment /workdir/hadoop-ozone/ozonefs/target/test-dir/MiniOzoneClusterImpl-336849c0-54e0-42a2-92e3-a8dd7e6e8d6a/datanode-1/data/ratis/da9f374c-a0a0-44f1-a056-6bdaea0efc0c/current/log_inprogress_0
2019-09-25 07:27:41,074 [IPC Server handler 6 on 40953] INFO  block.BlockManagerImpl (BlockManagerImpl.java:allocateBlock(198)) - Could not find available pipeline of type:RATIS and factor:THREE even after retrying
2019-09-25 07:27:41,112 [d2544423-6c63-4eb7-9d0a-bffb9f2b5023@group-35A7C1BE891B:LeaderElection24] INFO  impl.RoleInfo (RoleInfo.java:shutdownLeaderElection(134)) - d2544423-6c63-4eb7-9d0a-bffb9f2b5023: shutdown LeaderElection
2019-09-25 07:27:41,112 [600943d5-c424-432f-84b9-a00c1c65f122@group-D30F9EEB555A:LeaderElection23] INFO  server.RaftServerConfigKeys (ConfUtils.java:logGet(43)) - raft.server.watch.timeout = 10s (default)
2019-09-25 07:27:41,112 [d2544423-6c63-4eb7-9d0a-bffb9f2b5023@group-35A7C1BE891B:LeaderElection24] INFO  impl.RaftServerImpl (RaftServerImpl.java:setRole(174)) - d2544423-6c63-4eb7-9d0a-bffb9f2b5023@group-35A7C1BE891B: changes role from CANDIDATE to LEADER at term 1 for changeToLeader
2019-09-25 07:27:41,112 [IPC Server handler 6 on 40953] ERROR block.BlockManagerImpl (BlockManagerImpl.java:allocateBlock(222)) - Unable to allocate a block for the size: 4194304, type: RATIS, factor: THREE
2019-09-25 07:27:41,112 [d2544423-6c63-4eb7-9d0a-bffb9f2b5023@group-35A7C1BE891B:LeaderElection24] INFO  impl.RaftServerImpl (ServerState.java:setLeader(253)) - d2544423-6c63-4eb7-9d0a-bffb9f2b5023@group-35A7C1BE891B: change Leader from null to d2544423-6c63-4eb7-9d0a-bffb9f2b5023 at term 1 for becomeLeader, leader elected after 5110ms
2019-09-25 07:27:41,112 [600943d5-c424-432f-84b9-a00c1c65f122@group-D30F9EEB555A:LeaderElection23] INFO  server.RaftServerConfigKeys (ConfUtils.java:logGet(43)) - raft.server.watch.timeout.denomination = 1s (default)
2019-09-25 07:27:41,113 [d2544423-6c63-4eb7-9d0a-bffb9f2b5023@group-35A7C1BE891B:LeaderElection24] INFO  server.RaftServerConfigKeys (ConfUtils.java:logGet(43)) - raft.server.staging.catchup.gap = 1000 (default)
2019-09-25 07:27:41,113 [600943d5-c424-432f-84b9-a00c1c65f122@group-D30F9EEB555A:LeaderElection23] INFO  server.RaftServerConfigKeys (ConfUtils.java:logGet(43)) - raft.server.watch.element-limit = 65536 (default)
2019-09-25 07:27:41,113 [d2544423-6c63-4eb7-9d0a-bffb9f2b5023@group-35A7C1BE891B:LeaderElection24] INFO  server.RaftServerConfigKeys (ConfUtils.java:logGet(43)) - raft.server.rpc.sleep.time = 25ms (default)
2019-09-25 07:27:41,113 [d2544423-6c63-4eb7-9d0a-bffb9f2b5023@group-35A7C1BE891B:LeaderElection24] INFO  server.RaftServerConfigKeys (ConfUtils.java:logGet(43)) - raft.server.write.element-limit = 4096 (default)
2019-09-25 07:27:41,114 [d2544423-6c63-4eb7-9d0a-bffb9f2b5023@group-35A7C1BE891B:LeaderElection24] INFO  server.RaftServerConfigKeys (ConfUtils.java:logGet(43)) - raft.server.watch.timeout = 10s (default)
2019-09-25 07:27:41,114 [d2544423-6c63-4eb7-9d0a-bffb9f2b5023@group-35A7C1BE891B:LeaderElection24] INFO  server.RaftServerConfigKeys (ConfUtils.java:logGet(43)) - raft.server.watch.timeout.denomination = 1s (default)
2019-09-25 07:27:41,114 [d2544423-6c63-4eb7-9d0a-bffb9f2b5023@group-35A7C1BE891B:LeaderElection24] INFO  server.RaftServerConfigKeys (ConfUtils.java:logGet(43)) - raft.server.watch.element-limit = 65536 (default)
2019-09-25 07:27:41,119 [ac29337b-1f05-44ab-baf7-0ad511ed26a1@group-8F409F5E0C2F:LeaderElection18] INFO  impl.RoleInfo (RoleInfo.java:updateAndGet(143)) - ac29337b-1f05-44ab-baf7-0ad511ed26a1: start LeaderState
2019-09-25 07:27:41,119 [ac29337b-1f05-44ab-baf7-0ad511ed26a1@group-8F409F5E0C2F:LeaderElection18] INFO  segmented.SegmentedRaftLogWorker (SegmentedRaftLogWorker.java:startLogSegment(380)) - ac29337b-1f05-44ab-baf7-0ad511ed26a1@group-8F409F5E0C2F-SegmentedRaftLogWorker: Starting segment from index:0
2019-09-25 07:27:41,120 [ac29337b-1f05-44ab-baf7-0ad511ed26a1@group-8F409F5E0C2F:LeaderElection18] INFO  impl.RaftServerImpl (ServerState.java:setRaftConf(354)) - ac29337b-1f05-44ab-baf7-0ad511ed26a1@group-8F409F5E0C2F: set configuration 0: [ac29337b-1f05-44ab-baf7-0ad511ed26a1:192.168.151.106:37931], old=null at 0
2019-09-25 07:27:41,157 [253df5dc-ab25-4be3-9607-c7ead1a3aece@group-B65234805E4F-SegmentedRaftLogWorker] INFO  segmented.SegmentedRaftLogWorker (SegmentedRaftLogWorker.java:execute(569)) - 253df5dc-ab25-4be3-9607-c7ead1a3aece@group-B65234805E4F-SegmentedRaftLogWorker: created new log segment /workdir/hadoop-ozone/ozonefs/target/test-dir/MiniOzoneClusterImpl-336849c0-54e0-42a2-92e3-a8dd7e6e8d6a/datanode-8/data/ratis/1260d3b8-f76f-45d7-b92e-b65234805e4f/current/log_inprogress_0
2019-09-25 07:27:41,157 [600943d5-c424-432f-84b9-a00c1c65f122@group-73AFC1BFB7B0-SegmentedRaftLogWorker] INFO  segmented.SegmentedRaftLogWorker (SegmentedRaftLogWorker.java:execute(569)) - 600943d5-c424-432f-84b9-a00c1c65f122@group-73AFC1BFB7B0-SegmentedRaftLogWorker: created new log segment /workdir/hadoop-ozone/ozonefs/target/test-dir/MiniOzoneClusterImpl-336849c0-54e0-42a2-92e3-a8dd7e6e8d6a/datanode-6/data/ratis/49704778-9f12-4bfd-ba25-73afc1bfb7b0/current/log_inprogress_0
2019-09-25 07:27:41,159 [c642d074-6234-4917-85d3-a38353a695f7@group-21F507338767:LeaderElection19] INFO  impl.RoleInfo (RoleInfo.java:updateAndGet(143)) - c642d074-6234-4917-85d3-a38353a695f7: start LeaderState
2019-09-25 07:27:41,159 [main] INFO  ozone.MiniOzoneClusterImpl (MiniOzoneClusterImpl.java:shutdown(314)) - Shutting down the Mini Ozone Cluster
2019-09-25 07:27:41,159 [c642d074-6234-4917-85d3-a38353a695f7@group-21F507338767:LeaderElection19] INFO  segmented.SegmentedRaftLogWorker (SegmentedRaftLogWorker.java:startLogSegment(380)) - c642d074-6234-4917-85d3-a38353a695f7@group-21F507338767-SegmentedRaftLogWorker: Starting segment from index:0
2019-09-25 07:27:41,160 [main] INFO  ozone.MiniOzoneClusterImpl (MiniOzoneClusterImpl.java:stop(330)) - Stopping the Mini Ozone Cluster
2019-09-25 07:27:41,160 [main] INFO  ozone.MiniOzoneClusterImpl (MiniOzoneClusterImpl.java:stopOM(400)) - Stopping the OzoneManager
2019-09-25 07:27:41,160 [c642d074-6234-4917-85d3-a38353a695f7@group-21F507338767:LeaderElection19] INFO  impl.RaftServerImpl (ServerState.java:setRaftConf(354)) - c642d074-6234-4917-85d3-a38353a695f7@group-21F507338767: set configuration 0: [c642d074-6234-4917-85d3-a38353a695f7:192.168.151.106:41023], old=null at 0
2019-09-25 07:27:41,160 [main] INFO  ipc.Server (Server.java:stop(3082)) - Stopping server on 37060
2019-09-25 07:27:41,199 [50e45688-d85c-45e8-a8ba-136a1a73e30a@group-520199872AB3:LeaderElection12] INFO  impl.RoleInfo (RoleInfo.java:updateAndGet(143)) - 50e45688-d85c-45e8-a8ba-136a1a73e30a: start LeaderState
2019-09-25 07:27:41,199 [ac29337b-1f05-44ab-baf7-0ad511ed26a1@group-8F409F5E0C2F-SegmentedRaftLogWorker] INFO  segmented.SegmentedRaftLogWorker (SegmentedRaftLogWorker.java:execute(569)) - ac29337b-1f05-44ab-baf7-0ad511ed26a1@group-8F409F5E0C2F-SegmentedRaftLogWorker: created new log segment /workdir/hadoop-ozone/ozonefs/target/test-dir/MiniOzoneClusterImpl-336849c0-54e0-42a2-92e3-a8dd7e6e8d6a/datanode-0/data/ratis/a220891f-21ae-44c7-b9bb-8f409f5e0c2f/current/log_inprogress_0
2019-09-25 07:27:41,199 [Thread-363] INFO  impl.FollowerState (FollowerState.java:run(106)) - 253df5dc-ab25-4be3-9607-c7ead1a3aece:group-47CA54FAD7E1 changes to CANDIDATE, lastRpcTime:5132, electionTimeout:5123ms
2019-09-25 07:27:41,213 [50e45688-d85c-45e8-a8ba-136a1a73e30a@group-520199872AB3:LeaderElection12] INFO  segmented.SegmentedRaftLogWorker (SegmentedRaftLogWorker.java:startLogSegment(380)) - 50e45688-d85c-45e8-a8ba-136a1a73e30a@group-520199872AB3-SegmentedRaftLogWorker: Starting segment from index:0
2019-09-25 07:27:41,216 [IPC Server listener on 37060] INFO  ipc.Server (Server.java:run(1185)) - Stopping IPC Server listener on 37060
2019-09-25 07:27:41,216 [main] INFO  ratis.OzoneManagerDoubleBuffer (OzoneManagerDoubleBuffer.java:stop(248)) - Stopping OMDoubleBuffer flush thread
2019-09-25 07:27:41,239 [Thread-363] INFO  impl.RoleInfo (RoleInfo.java:shutdownFollowerState(121)) - 253df5dc-ab25-4be3-9607-c7ead1a3aece: shutdown FollowerState
2019-09-25 07:27:41,239 [c642d074-6234-4917-85d3-a38353a695f7@group-21F507338767-SegmentedRaftLogWorker] INFO  segmented.SegmentedRaftLogWorker (SegmentedRaftLogWorker.java:execute(569)) - c642d074-6234-4917-85d3-a38353a695f7@group-21F507338767-SegmentedRaftLogWorker: created new log segment /workdir/hadoop-ozone/ozonefs/target/test-dir/MiniOzoneClusterImpl-336849c0-54e0-42a2-92e3-a8dd7e6e8d6a/datanode-2/data/ratis/4420010b-b401-444c-91dc-21f507338767/current/log_inprogress_0
2019-09-25 07:27:41,240 [50e45688-d85c-45e8-a8ba-136a1a73e30a@group-520199872AB3:LeaderElection12] INFO  impl.RaftServerImpl (ServerState.java:setRaftConf(354)) - 50e45688-d85c-45e8-a8ba-136a1a73e30a@group-520199872AB3: set configuration 0: [50e45688-d85c-45e8-a8ba-136a1a73e30a:192.168.151.106:37283], old=null at 0
2019-09-25 07:27:41,240 [Thread-363] INFO  impl.RaftServerImpl (RaftServerImpl.java:setRole(174)) - 253df5dc-ab25-4be3-9607-c7ead1a3aece@group-47CA54FAD7E1: changes role from  FOLLOWER to CANDIDATE at term 0 for changeToCandidate
2019-09-25 07:27:41,240 [ad28d3ec-40f8-4bc1-a274-453df443249c@group-084A7F7FCEB7:LeaderElection16] INFO  impl.RoleInfo (RoleInfo.java:updateAndGet(143)) - ad28d3ec-40f8-4bc1-a274-453df443249c: start LeaderState
2019-09-25 07:27:41,280 [Thread-363] INFO  impl.RoleInfo (RoleInfo.java:updateAndGet(143)) - 253df5dc-ab25-4be3-9607-c7ead1a3aece: start LeaderElection
2019-09-25 07:27:41,240 [OMDoubleBufferFlushThread] INFO  ratis.OzoneManagerDoubleBuffer (OzoneManagerDoubleBuffer.java:flushTransactions(191)) - OMDoubleBuffer flush thread OMDoubleBufferFlushThread is interrupted and will exit. OMDoubleBufferFlushThread
2019-09-25 07:27:41,280 [IPC Server Responder] INFO  ipc.Server (Server.java:run(1319)) - Stopping IPC Server Responder
2019-09-25 07:27:41,280 [Thread-366] INFO  impl.FollowerState (FollowerState.java:run(106)) - ac29337b-1f05-44ab-baf7-0ad511ed26a1:group-B56ED646394C changes to CANDIDATE, lastRpcTime:5128, electionTimeout:5106ms
2019-09-25 07:27:41,284 [9cc18591-be2f-448e-af7e-d5f4fba8f5f7@group-F2A0DCBBDCF5:LeaderElection20] INFO  impl.RoleInfo (RoleInfo.java:updateAndGet(143)) - 9cc18591-be2f-448e-af7e-d5f4fba8f5f7: start LeaderState
2019-09-25 07:27:41,281 [600943d5-c424-432f-84b9-a00c1c65f122@group-0A2509AC6D9A:LeaderElection15] INFO  impl.RoleInfo (RoleInfo.java:updateAndGet(143)) - 600943d5-c424-432f-84b9-a00c1c65f122: start LeaderState
2019-09-25 07:27:41,284 [9cc18591-be2f-448e-af7e-d5f4fba8f5f7@group-F2A0DCBBDCF5:LeaderElection20] INFO  segmented.SegmentedRaftLogWorker (SegmentedRaftLogWorker.java:startLogSegment(380)) - 9cc18591-be2f-448e-af7e-d5f4fba8f5f7@group-F2A0DCBBDCF5-SegmentedRaftLogWorker: Starting segment from index:0
2019-09-25 07:27:41,285 [600943d5-c424-432f-84b9-a00c1c65f122@group-0A2509AC6D9A:LeaderElection15] INFO  segmented.SegmentedRaftLogWorker (SegmentedRaftLogWorker.java:startLogSegment(380)) - 600943d5-c424-432f-84b9-a00c1c65f122@group-0A2509AC6D9A-SegmentedRaftLogWorker: Starting segment from index:0
2019-09-25 07:27:41,280 [ad28d3ec-40f8-4bc1-a274-453df443249c@group-084A7F7FCEB7:LeaderElection16] INFO  segmented.SegmentedRaftLogWorker (SegmentedRaftLogWorker.java:startLogSegment(380)) - ad28d3ec-40f8-4bc1-a274-453df443249c@group-084A7F7FCEB7-SegmentedRaftLogWorker: Starting segment from index:0
2019-09-25 07:27:41,285 [main] INFO  utils.BackgroundService (BackgroundService.java:shutdown(148)) - Shutting down service KeyDeletingService
2019-09-25 07:27:41,285 [9cc18591-be2f-448e-af7e-d5f4fba8f5f7@group-F2A0DCBBDCF5:LeaderElection20] INFO  impl.RaftServerImpl (ServerState.java:setRaftConf(354)) - 9cc18591-be2f-448e-af7e-d5f4fba8f5f7@group-F2A0DCBBDCF5: set configuration 0: [9cc18591-be2f-448e-af7e-d5f4fba8f5f7:192.168.151.106:36443], old=null at 0
2019-09-25 07:27:41,285 [Thread-366] INFO  impl.RoleInfo (RoleInfo.java:shutdownFollowerState(121)) - ac29337b-1f05-44ab-baf7-0ad511ed26a1: shutdown FollowerState
2019-09-25 07:27:41,358 [600943d5-c424-432f-84b9-a00c1c65f122@group-0A2509AC6D9A-SegmentedRaftLogWorker] INFO  segmented.SegmentedRaftLogWorker (SegmentedRaftLogWorker.java:execute(569)) - 600943d5-c424-432f-84b9-a00c1c65f122@group-0A2509AC6D9A-SegmentedRaftLogWorker: created new log segment /workdir/hadoop-ozone/ozonefs/target/test-dir/MiniOzoneClusterImpl-336849c0-54e0-42a2-92e3-a8dd7e6e8d6a/datanode-6/data/ratis/4959f4c6-f957-414b-ba25-0a2509ac6d9a/current/log_inprogress_0
2019-09-25 07:27:41,358 [9cc18591-be2f-448e-af7e-d5f4fba8f5f7@group-F2A0DCBBDCF5-SegmentedRaftLogWorker] INFO  segmented.SegmentedRaftLogWorker (SegmentedRaftLogWorker.java:execute(569)) - 9cc18591-be2f-448e-af7e-d5f4fba8f5f7@group-F2A0DCBBDCF5-SegmentedRaftLogWorker: created new log segment /workdir/hadoop-ozone/ozonefs/target/test-dir/MiniOzoneClusterImpl-336849c0-54e0-42a2-92e3-a8dd7e6e8d6a/datanode-1/data/ratis/6d65151b-c338-4ebb-bca4-f2a0dcbbdcf5/current/log_inprogress_0
2019-09-25 07:27:41,325 [600943d5-c424-432f-84b9-a00c1c65f122@group-0A2509AC6D9A:LeaderElection15] INFO  impl.RaftServerImpl (ServerState.java:setRaftConf(354)) - 600943d5-c424-432f-84b9-a00c1c65f122@group-0A2509AC6D9A: set configuration 0: [600943d5-c424-432f-84b9-a00c1c65f122:192.168.151.106:33383], old=null at 0
2019-09-25 07:27:41,324 [253df5dc-ab25-4be3-9607-c7ead1a3aece@group-47CA54FAD7E1:LeaderElection25] INFO  impl.LeaderElection (LeaderElection.java:askForVotes(182)) - 253df5dc-ab25-4be3-9607-c7ead1a3aece@group-47CA54FAD7E1:LeaderElection25: begin an election at term 1 for -1: [253df5dc-ab25-4be3-9607-c7ead1a3aece:192.168.151.106:34913], old=null
2019-09-25 07:27:41,324 [ad28d3ec-40f8-4bc1-a274-453df443249c@group-084A7F7FCEB7:LeaderElection16] INFO  impl.RaftServerImpl (ServerState.java:setRaftConf(354)) - ad28d3ec-40f8-4bc1-a274-453df443249c@group-084A7F7FCEB7: set configuration 0: [ad28d3ec-40f8-4bc1-a274-453df443249c:192.168.151.106:42516], old=null at 0
2019-09-25 07:27:41,324 [50e45688-d85c-45e8-a8ba-136a1a73e30a@group-520199872AB3-SegmentedRaftLogWorker] INFO  segmented.SegmentedRaftLogWorker (SegmentedRaftLogWorker.java:execute(569)) - 50e45688-d85c-45e8-a8ba-136a1a73e30a@group-520199872AB3-SegmentedRaftLogWorker: created new log segment /workdir/hadoop-ozone/ozonefs/target/test-dir/MiniOzoneClusterImpl-336849c0-54e0-42a2-92e3-a8dd7e6e8d6a/datanode-3/data/ratis/2dee6b1e-5666-4506-9b32-520199872ab3/current/log_inprogress_0
2019-09-25 07:27:41,285 [ac29337b-1f05-44ab-baf7-0ad511ed26a1@group-2046F13EA959:LeaderElection13] INFO  impl.RoleInfo (RoleInfo.java:updateAndGet(143)) - ac29337b-1f05-44ab-baf7-0ad511ed26a1: start LeaderState
2019-09-25 07:27:41,366 [ad28d3ec-40f8-4bc1-a274-453df443249c@group-084A7F7FCEB7-SegmentedRaftLogWorker] INFO  segmented.SegmentedRaftLogWorker (SegmentedRaftLogWorker.java:execute(569)) - ad28d3ec-40f8-4bc1-a274-453df443249c@group-084A7F7FCEB7-SegmentedRaftLogWorker: created new log segment /workdir/hadoop-ozone/ozonefs/target/test-dir/MiniOzoneClusterImpl-336849c0-54e0-42a2-92e3-a8dd7e6e8d6a/datanode-5/data/ratis/d7c5b194-5c34-4202-bc35-084a7f7fceb7/current/log_inprogress_0
2019-09-25 07:27:41,363 [253df5dc-ab25-4be3-9607-c7ead1a3aece@group-47CA54FAD7E1:LeaderElection25] INFO  impl.RoleInfo (RoleInfo.java:shutdownLeaderElection(134)) - 253df5dc-ab25-4be3-9607-c7ead1a3aece: shutdown LeaderElection
2019-09-25 07:27:41,358 [Thread-366] INFO  impl.RaftServerImpl (RaftServerImpl.java:setRole(174)) - ac29337b-1f05-44ab-baf7-0ad511ed26a1@group-B56ED646394C: changes role from  FOLLOWER to CANDIDATE at term 0 for changeToCandidate
2019-09-25 07:27:41,367 [253df5dc-ab25-4be3-9607-c7ead1a3aece@group-47CA54FAD7E1:LeaderElection25] INFO  impl.RaftServerImpl (RaftServerImpl.java:setRole(174)) - 253df5dc-ab25-4be3-9607-c7ead1a3aece@group-47CA54FAD7E1: changes role from CANDIDATE to LEADER at term 1 for changeToLeader
2019-09-25 07:27:41,367 [ac29337b-1f05-44ab-baf7-0ad511ed26a1@group-2046F13EA959:LeaderElection13] INFO  segmented.SegmentedRaftLogWorker (SegmentedRaftLogWorker.java:startLogSegment(380)) - ac29337b-1f05-44ab-baf7-0ad511ed26a1@group-2046F13EA959-SegmentedRaftLogWorker: Starting segment from index:0
2019-09-25 07:27:41,367 [253df5dc-ab25-4be3-9607-c7ead1a3aece@group-47CA54FAD7E1:LeaderElection25] INFO  impl.RaftServerImpl (ServerState.java:setLeader(253)) - 253df5dc-ab25-4be3-9607-c7ead1a3aece@group-47CA54FAD7E1: change Leader from null to 253df5dc-ab25-4be3-9607-c7ead1a3aece at term 1 for becomeLeader, leader elected after 5309ms
2019-09-25 07:27:41,367 [Thread-366] INFO  impl.RoleInfo (RoleInfo.java:updateAndGet(143)) - ac29337b-1f05-44ab-baf7-0ad511ed26a1: start LeaderElection
2019-09-25 07:27:41,368 [253df5dc-ab25-4be3-9607-c7ead1a3aece@group-47CA54FAD7E1:LeaderElection25] INFO  server.RaftServerConfigKeys (ConfUtils.java:logGet(43)) - raft.server.staging.catchup.gap = 1000 (default)
2019-09-25 07:27:41,368 [ac29337b-1f05-44ab-baf7-0ad511ed26a1@group-2046F13EA959:LeaderElection13] INFO  impl.RaftServerImpl (ServerState.java:setRaftConf(354)) - ac29337b-1f05-44ab-baf7-0ad511ed26a1@group-2046F13EA959: set configuration 0: [ac29337b-1f05-44ab-baf7-0ad511ed26a1:192.168.151.106:37931], old=null at 0
2019-09-25 07:27:41,368 [253df5dc-ab25-4be3-9607-c7ead1a3aece@group-47CA54FAD7E1:LeaderElection25] INFO  server.RaftServerConfigKeys (ConfUtils.java:logGet(43)) - raft.server.rpc.sleep.time = 25ms (default)
2019-09-25 07:27:41,416 [Thread-369] INFO  impl.FollowerState (FollowerState.java:run(106)) - ad28d3ec-40f8-4bc1-a274-453df443249c:group-9F2CEDCE64BC changes to CANDIDATE, lastRpcTime:5193, electionTimeout:5193ms
2019-09-25 07:27:41,416 [a0827fcf-c5ce-4373-8734-1ec063924bc7@group-22646A2D522A:LeaderElection21] INFO  impl.RoleInfo (RoleInfo.java:updateAndGet(143)) - a0827fcf-c5ce-4373-8734-1ec063924bc7: start LeaderState
2019-09-25 07:27:41,416 [Thread-375] INFO  impl.FollowerState (FollowerState.java:run(106)) - d2544423-6c63-4eb7-9d0a-bffb9f2b5023:group-924813AC41E7 changes to CANDIDATE, lastRpcTime:5046, electionTimeout:5028ms
2019-09-25 07:27:41,416 [Thread-369] INFO  impl.RoleInfo (RoleInfo.java:shutdownFollowerState(121)) - ad28d3ec-40f8-4bc1-a274-453df443249c: shutdown FollowerState
2019-09-25 07:27:41,416 [253df5dc-ab25-4be3-9607-c7ead1a3aece@group-47CA54FAD7E1:LeaderElection25] INFO  server.RaftServerConfigKeys (ConfUtils.java:logGet(43)) - raft.server.write.element-limit = 4096 (default)
2019-09-25 07:27:41,417 [Thread-375] INFO  impl.RoleInfo (RoleInfo.java:shutdownFollowerState(121)) - d2544423-6c63-4eb7-9d0a-bffb9f2b5023: shutdown FollowerState
2019-09-25 07:27:41,417 [Thread-369] INFO  impl.RaftServerImpl (RaftServerImpl.java:setRole(174)) - ad28d3ec-40f8-4bc1-a274-453df443249c@group-9F2CEDCE64BC: changes role from  FOLLOWER to CANDIDATE at term 0 for changeToCandidate
2019-09-25 07:27:41,416 [a0827fcf-c5ce-4373-8734-1ec063924bc7@group-22646A2D522A:LeaderElection21] INFO  segmented.SegmentedRaftLogWorker (SegmentedRaftLogWorker.java:startLogSegment(380)) - a0827fcf-c5ce-4373-8734-1ec063924bc7@group-22646A2D522A-SegmentedRaftLogWorker: Starting segment from index:0
2019-09-25 07:27:41,417 [d2544423-6c63-4eb7-9d0a-bffb9f2b5023@group-35A7C1BE891B:LeaderElection24] INFO  impl.RoleInfo (RoleInfo.java:updateAndGet(143)) - d2544423-6c63-4eb7-9d0a-bffb9f2b5023: start LeaderState
2019-09-25 07:27:41,417 [600943d5-c424-432f-84b9-a00c1c65f122@group-D30F9EEB555A:LeaderElection23] INFO  impl.RoleInfo (RoleInfo.java:updateAndGet(143)) - 600943d5-c424-432f-84b9-a00c1c65f122: start LeaderState
2019-09-25 07:27:41,417 [Thread-369] INFO  impl.RoleInfo (RoleInfo.java:updateAndGet(143)) - ad28d3ec-40f8-4bc1-a274-453df443249c: start LeaderElection
2019-09-25 07:27:41,417 [Thread-375] INFO  impl.RaftServerImpl (RaftServerImpl.java:setRole(174)) - d2544423-6c63-4eb7-9d0a-bffb9f2b5023@group-924813AC41E7: changes role from  FOLLOWER to CANDIDATE at term 0 for changeToCandidate
2019-09-25 07:27:41,417 [d2544423-6c63-4eb7-9d0a-bffb9f2b5023@group-BA382169E2EF:LeaderElection22] INFO  impl.RoleInfo (RoleInfo.java:updateAndGet(143)) - d2544423-6c63-4eb7-9d0a-bffb9f2b5023: start LeaderState
2019-09-25 07:27:41,417 [253df5dc-ab25-4be3-9607-c7ead1a3aece@group-47CA54FAD7E1:LeaderElection25] INFO  server.RaftServerConfigKeys (ConfUtils.java:logGet(43)) - raft.server.watch.timeout = 10s (default)
2019-09-25 07:27:41,451 [d2544423-6c63-4eb7-9d0a-bffb9f2b5023@group-BA382169E2EF:LeaderElection22] INFO  segmented.SegmentedRaftLogWorker (SegmentedRaftLogWorker.java:startLogSegment(380)) - d2544423-6c63-4eb7-9d0a-bffb9f2b5023@group-BA382169E2EF-SegmentedRaftLogWorker: Starting segment from index:0
2019-09-25 07:27:41,451 [253df5dc-ab25-4be3-9607-c7ead1a3aece@group-47CA54FAD7E1:LeaderElection25] INFO  server.RaftServerConfigKeys (ConfUtils.java:logGet(43)) - raft.server.watch.timeout.denomination = 1s (default)
2019-09-25 07:27:41,451 [253df5dc-ab25-4be3-9607-c7ead1a3aece@group-47CA54FAD7E1:LeaderElection25] INFO  server.RaftServerConfigKeys (ConfUtils.java:logGet(43)) - raft.server.watch.element-limit = 65536 (default)
2019-09-25 07:27:41,450 [ac29337b-1f05-44ab-baf7-0ad511ed26a1@group-B56ED646394C:LeaderElection26] INFO  impl.LeaderElection (LeaderElection.java:askForVotes(182)) - ac29337b-1f05-44ab-baf7-0ad511ed26a1@group-B56ED646394C:LeaderElection26: begin an election at term 1 for -1: [ac29337b-1f05-44ab-baf7-0ad511ed26a1:192.168.151.106:37931], old=null
2019-09-25 07:27:41,450 [ac29337b-1f05-44ab-baf7-0ad511ed26a1@group-2046F13EA959-SegmentedRaftLogWorker] INFO  segmented.SegmentedRaftLogWorker (SegmentedRaftLogWorker.java:execute(569)) - ac29337b-1f05-44ab-baf7-0ad511ed26a1@group-2046F13EA959-SegmentedRaftLogWorker: created new log segment /workdir/hadoop-ozone/ozonefs/target/test-dir/MiniOzoneClusterImpl-336849c0-54e0-42a2-92e3-a8dd7e6e8d6a/datanode-0/data/ratis/cf4baef4-2528-4ed9-85c2-2046f13ea959/current/log_inprogress_0
2019-09-25 07:27:41,418 [Thread-375] INFO  impl.RoleInfo (RoleInfo.java:updateAndGet(143)) - d2544423-6c63-4eb7-9d0a-bffb9f2b5023: start LeaderElection
2019-09-25 07:27:41,418 [600943d5-c424-432f-84b9-a00c1c65f122@group-D30F9EEB555A:LeaderElection23] INFO  segmented.SegmentedRaftLogWorker (SegmentedRaftLogWorker.java:startLogSegment(380)) - 600943d5-c424-432f-84b9-a00c1c65f122@group-D30F9EEB555A-SegmentedRaftLogWorker: Starting segment from index:0
2019-09-25 07:27:41,418 [main] INFO  handler.ContextHandler (ContextHandler.java:doStop(910)) - Stopped o.e.j.w.WebAppContext@6bd16207{/,null,UNAVAILABLE}{/ozoneManager}
2019-09-25 07:27:41,418 [a0827fcf-c5ce-4373-8734-1ec063924bc7@group-22646A2D522A:LeaderElection21] INFO  impl.RaftServerImpl (ServerState.java:setRaftConf(354)) - a0827fcf-c5ce-4373-8734-1ec063924bc7@group-22646A2D522A: set configuration 0: [a0827fcf-c5ce-4373-8734-1ec063924bc7:192.168.151.106:34656], old=null at 0
2019-09-25 07:27:41,417 [d2544423-6c63-4eb7-9d0a-bffb9f2b5023@group-35A7C1BE891B:LeaderElection24] INFO  segmented.SegmentedRaftLogWorker (SegmentedRaftLogWorker.java:startLogSegment(380)) - d2544423-6c63-4eb7-9d0a-bffb9f2b5023@group-35A7C1BE891B-SegmentedRaftLogWorker: Starting segment from index:0
2019-09-25 07:27:41,489 [ad28d3ec-40f8-4bc1-a274-453df443249c@group-9F2CEDCE64BC:LeaderElection27] INFO  impl.LeaderElection (LeaderElection.java:askForVotes(182)) - ad28d3ec-40f8-4bc1-a274-453df443249c@group-9F2CEDCE64BC:LeaderElection27: begin an election at term 1 for -1: [ad28d3ec-40f8-4bc1-a274-453df443249c:192.168.151.106:42516], old=null
2019-09-25 07:27:41,489 [a0827fcf-c5ce-4373-8734-1ec063924bc7@group-22646A2D522A-SegmentedRaftLogWorker] INFO  segmented.SegmentedRaftLogWorker (SegmentedRaftLogWorker.java:execute(569)) - a0827fcf-c5ce-4373-8734-1ec063924bc7@group-22646A2D522A-SegmentedRaftLogWorker: created new log segment /workdir/hadoop-ozone/ozonefs/target/test-dir/MiniOzoneClusterImpl-336849c0-54e0-42a2-92e3-a8dd7e6e8d6a/datanode-7/data/ratis/b4ce89e4-eef7-4f2c-9525-22646a2d522a/current/log_inprogress_0
2019-09-25 07:27:41,489 [600943d5-c424-432f-84b9-a00c1c65f122@group-D30F9EEB555A:LeaderElection23] INFO  impl.RaftServerImpl (ServerState.java:setRaftConf(354)) - 600943d5-c424-432f-84b9-a00c1c65f122@group-D30F9EEB555A: set configuration 0: [600943d5-c424-432f-84b9-a00c1c65f122:192.168.151.106:33383], old=null at 0
2019-09-25 07:27:41,489 [Thread-372] INFO  impl.FollowerState (FollowerState.java:run(106)) - d2544423-6c63-4eb7-9d0a-bffb9f2b5023:group-DBA5C334475D changes to CANDIDATE, lastRpcTime:5191, electionTimeout:5189ms
2019-09-25 07:27:41,452 [ac29337b-1f05-44ab-baf7-0ad511ed26a1@group-B56ED646394C:LeaderElection26] INFO  impl.RoleInfo (RoleInfo.java:shutdownLeaderElection(134)) - ac29337b-1f05-44ab-baf7-0ad511ed26a1: shutdown LeaderElection
2019-09-25 07:27:41,451 [d2544423-6c63-4eb7-9d0a-bffb9f2b5023@group-BA382169E2EF:LeaderElection22] INFO  impl.RaftServerImpl (ServerState.java:setRaftConf(354)) - d2544423-6c63-4eb7-9d0a-bffb9f2b5023@group-BA382169E2EF: set configuration 0: [d2544423-6c63-4eb7-9d0a-bffb9f2b5023:192.168.151.106:39699], old=null at 0
2019-09-25 07:27:41,531 [ac29337b-1f05-44ab-baf7-0ad511ed26a1@group-B56ED646394C:LeaderElection26] INFO  impl.RaftServerImpl (RaftServerImpl.java:setRole(174)) - ac29337b-1f05-44ab-baf7-0ad511ed26a1@group-B56ED646394C: changes role from CANDIDATE to LEADER at term 1 for changeToLeader
2019-09-25 07:27:41,531 [Thread-372] INFO  impl.RoleInfo (RoleInfo.java:shutdownFollowerState(121)) - d2544423-6c63-4eb7-9d0a-bffb9f2b5023: shutdown FollowerState
2019-09-25 07:27:41,530 [d2544423-6c63-4eb7-9d0a-bffb9f2b5023@group-924813AC41E7:LeaderElection28] INFO  impl.LeaderElection (LeaderElection.java:askForVotes(182)) - d2544423-6c63-4eb7-9d0a-bffb9f2b5023@group-924813AC41E7:LeaderElection28: begin an election at term 1 for -1: [d2544423-6c63-4eb7-9d0a-bffb9f2b5023:192.168.151.106:39699], old=null
2019-09-25 07:27:41,530 [d2544423-6c63-4eb7-9d0a-bffb9f2b5023@group-BA382169E2EF-SegmentedRaftLogWorker] INFO  segmented.SegmentedRaftLogWorker (SegmentedRaftLogWorker.java:execute(569)) - d2544423-6c63-4eb7-9d0a-bffb9f2b5023@group-BA382169E2EF-SegmentedRaftLogWorker: created new log segment /workdir/hadoop-ozone/ozonefs/target/test-dir/MiniOzoneClusterImpl-336849c0-54e0-42a2-92e3-a8dd7e6e8d6a/datanode-4/data/ratis/d660614d-b77c-44f5-a927-ba382169e2ef/current/log_inprogress_0
2019-09-25 07:27:41,530 [600943d5-c424-432f-84b9-a00c1c65f122@group-D30F9EEB555A-SegmentedRaftLogWorker] INFO  segmented.SegmentedRaftLogWorker (SegmentedRaftLogWorker.java:execute(569)) - 600943d5-c424-432f-84b9-a00c1c65f122@group-D30F9EEB555A-SegmentedRaftLogWorker: created new log segment /workdir/hadoop-ozone/ozonefs/target/test-dir/MiniOzoneClusterImpl-336849c0-54e0-42a2-92e3-a8dd7e6e8d6a/datanode-6/data/ratis/76954505-eda1-4028-af47-d30f9eeb555a/current/log_inprogress_0
2019-09-25 07:27:41,494 [d2544423-6c63-4eb7-9d0a-bffb9f2b5023@group-35A7C1BE891B:LeaderElection24] INFO  impl.RaftServerImpl (ServerState.java:setRaftConf(354)) - d2544423-6c63-4eb7-9d0a-bffb9f2b5023@group-35A7C1BE891B: set configuration 0: [d2544423-6c63-4eb7-9d0a-bffb9f2b5023:192.168.151.106:39699], old=null at 0
2019-09-25 07:27:41,494 [ad28d3ec-40f8-4bc1-a274-453df443249c@group-9F2CEDCE64BC:LeaderElection27] INFO  impl.RoleInfo (RoleInfo.java:shutdownLeaderElection(134)) - ad28d3ec-40f8-4bc1-a274-453df443249c: shutdown LeaderElection
2019-09-25 07:27:41,535 [253df5dc-ab25-4be3-9607-c7ead1a3aece@group-47CA54FAD7E1:LeaderElection25] INFO  impl.RoleInfo (RoleInfo.java:updateAndGet(143)) - 253df5dc-ab25-4be3-9607-c7ead1a3aece: start LeaderState
2019-09-25 07:27:41,535 [d2544423-6c63-4eb7-9d0a-bffb9f2b5023@group-924813AC41E7:LeaderElection28] INFO  impl.RoleInfo (RoleInfo.java:shutdownLeaderElection(134)) - d2544423-6c63-4eb7-9d0a-bffb9f2b5023: shutdown LeaderElection
2019-09-25 07:27:41,535 [Thread-372] INFO  impl.RaftServerImpl (RaftServerImpl.java:setRole(174)) - d2544423-6c63-4eb7-9d0a-bffb9f2b5023@group-DBA5C334475D: changes role from  FOLLOWER to CANDIDATE at term 0 for changeToCandidate
2019-09-25 07:27:41,535 [ac29337b-1f05-44ab-baf7-0ad511ed26a1@group-B56ED646394C:LeaderElection26] INFO  impl.RaftServerImpl (ServerState.java:setLeader(253)) - ac29337b-1f05-44ab-baf7-0ad511ed26a1@group-B56ED646394C: change Leader from null to ac29337b-1f05-44ab-baf7-0ad511ed26a1 at term 1 for becomeLeader, leader elected after 5391ms
2019-09-25 07:27:41,539 [Thread-372] INFO  impl.RoleInfo (RoleInfo.java:updateAndGet(143)) - d2544423-6c63-4eb7-9d0a-bffb9f2b5023: start LeaderElection
2019-09-25 07:27:41,539 [253df5dc-ab25-4be3-9607-c7ead1a3aece@group-47CA54FAD7E1:LeaderElection25] INFO  segmented.SegmentedRaftLogWorker (SegmentedRaftLogWorker.java:startLogSegment(380)) - 253df5dc-ab25-4be3-9607-c7ead1a3aece@group-47CA54FAD7E1-SegmentedRaftLogWorker: Starting segment from index:0
2019-09-25 07:27:41,539 [d2544423-6c63-4eb7-9d0a-bffb9f2b5023@group-924813AC41E7:LeaderElection28] INFO  impl.RaftServerImpl (RaftServerImpl.java:setRole(174)) - d2544423-6c63-4eb7-9d0a-bffb9f2b5023@group-924813AC41E7: changes role from CANDIDATE to LEADER at term 1 for changeToLeader
2019-09-25 07:27:41,539 [ad28d3ec-40f8-4bc1-a274-453df443249c@group-9F2CEDCE64BC:LeaderElection27] INFO  impl.RaftServerImpl (RaftServerImpl.java:setRole(174)) - ad28d3ec-40f8-4bc1-a274-453df443249c@group-9F2CEDCE64BC: changes role from CANDIDATE to LEADER at term 1 for changeToLeader
2019-09-25 07:27:41,543 [d2544423-6c63-4eb7-9d0a-bffb9f2b5023@group-924813AC41E7:LeaderElection28] INFO  impl.RaftServerImpl (ServerState.java:setLeader(253)) - d2544423-6c63-4eb7-9d0a-bffb9f2b5023@group-924813AC41E7: change Leader from null to d2544423-6c63-4eb7-9d0a-bffb9f2b5023 at term 1 for becomeLeader, leader elected after 5180ms
2019-09-25 07:27:41,540 [ac29337b-1f05-44ab-baf7-0ad511ed26a1@group-B56ED646394C:LeaderElection26] INFO  server.RaftServerConfigKeys (ConfUtils.java:logGet(43)) - raft.server.staging.catchup.gap = 1000 (default)
2019-09-25 07:27:41,543 [d2544423-6c63-4eb7-9d0a-bffb9f2b5023@group-924813AC41E7:LeaderElection28] INFO  server.RaftServerConfigKeys (ConfUtils.java:logGet(43)) - raft.server.staging.catchup.gap = 1000 (default)
2019-09-25 07:27:41,543 [253df5dc-ab25-4be3-9607-c7ead1a3aece@group-47CA54FAD7E1:LeaderElection25] INFO  impl.RaftServerImpl (ServerState.java:setRaftConf(354)) - 253df5dc-ab25-4be3-9607-c7ead1a3aece@group-47CA54FAD7E1: set configuration 0: [253df5dc-ab25-4be3-9607-c7ead1a3aece:192.168.151.106:34913], old=null at 0
2019-09-25 07:27:41,543 [ad28d3ec-40f8-4bc1-a274-453df443249c@group-9F2CEDCE64BC:LeaderElection27] INFO  impl.RaftServerImpl (ServerState.java:setLeader(253)) - ad28d3ec-40f8-4bc1-a274-453df443249c@group-9F2CEDCE64BC: change Leader from null to ad28d3ec-40f8-4bc1-a274-453df443249c at term 1 for becomeLeader, leader elected after 5327ms
2019-09-25 07:27:41,544 [d2544423-6c63-4eb7-9d0a-bffb9f2b5023@group-924813AC41E7:LeaderElection28] INFO  server.RaftServerConfigKeys (ConfUtils.java:logGet(43)) - raft.server.rpc.sleep.time = 25ms (default)
2019-09-25 07:27:41,544 [ac29337b-1f05-44ab-baf7-0ad511ed26a1@group-B56ED646394C:LeaderElection26] INFO  server.RaftServerConfigKeys (ConfUtils.java:logGet(43)) - raft.server.rpc.sleep.time = 25ms (default)
2019-09-25 07:27:41,547 [d2544423-6c63-4eb7-9d0a-bffb9f2b5023@group-924813AC41E7:LeaderElection28] INFO  server.RaftServerConfigKeys (ConfUtils.java:logGet(43)) - raft.server.write.element-limit = 4096 (default)
2019-09-25 07:27:41,547 [ad28d3ec-40f8-4bc1-a274-453df443249c@group-9F2CEDCE64BC:LeaderElection27] INFO  server.RaftServerConfigKeys (ConfUtils.java:logGet(43)) - raft.server.staging.catchup.gap = 1000 (default)
2019-09-25 07:27:41,548 [d2544423-6c63-4eb7-9d0a-bffb9f2b5023@group-924813AC41E7:LeaderElection28] INFO  server.RaftServerConfigKeys (ConfUtils.java:logGet(43)) - raft.server.watch.timeout = 10s (default)
2019-09-25 07:27:41,548 [ac29337b-1f05-44ab-baf7-0ad511ed26a1@group-B56ED646394C:LeaderElection26] INFO  server.RaftServerConfigKeys (ConfUtils.java:logGet(43)) - raft.server.write.element-limit = 4096 (default)
2019-09-25 07:27:41,548 [d2544423-6c63-4eb7-9d0a-bffb9f2b5023@group-35A7C1BE891B-SegmentedRaftLogWorker] INFO  segmented.SegmentedRaftLogWorker (SegmentedRaftLogWorker.java:execute(569)) - d2544423-6c63-4eb7-9d0a-bffb9f2b5023@group-35A7C1BE891B-SegmentedRaftLogWorker: created new log segment /workdir/hadoop-ozone/ozonefs/target/test-dir/MiniOzoneClusterImpl-336849c0-54e0-42a2-92e3-a8dd7e6e8d6a/datanode-4/data/ratis/f44a56c2-8a32-44d9-b64c-35a7c1be891b/current/log_inprogress_0
2019-09-25 07:27:41,548 [ac29337b-1f05-44ab-baf7-0ad511ed26a1@group-B56ED646394C:LeaderElection26] INFO  server.RaftServerConfigKeys (ConfUtils.java:logGet(43)) - raft.server.watch.timeout = 10s (default)
2019-09-25 07:27:41,548 [d2544423-6c63-4eb7-9d0a-bffb9f2b5023@group-924813AC41E7:LeaderElection28] INFO  server.RaftServerConfigKeys (ConfUtils.java:logGet(43)) - raft.server.watch.timeout.denomination = 1s (default)
2019-09-25 07:27:41,548 [ad28d3ec-40f8-4bc1-a274-453df443249c@group-9F2CEDCE64BC:LeaderElection27] INFO  server.RaftServerConfigKeys (ConfUtils.java:logGet(43)) - raft.server.rpc.sleep.time = 25ms (default)
2019-09-25 07:27:41,549 [d2544423-6c63-4eb7-9d0a-bffb9f2b5023@group-924813AC41E7:LeaderElection28] INFO  server.RaftServerConfigKeys (ConfUtils.java:logGet(43)) - raft.server.watch.element-limit = 65536 (default)
2019-09-25 07:27:41,548 [ac29337b-1f05-44ab-baf7-0ad511ed26a1@group-B56ED646394C:LeaderElection26] INFO  server.RaftServerConfigKeys (ConfUtils.java:logGet(43)) - raft.server.watch.timeout.denomination = 1s (default)
2019-09-25 07:27:41,548 [main] INFO  server.AbstractConnector (AbstractConnector.java:doStop(318)) - Stopped ServerConnector@298d9a05{HTTP/1.1,[http/1.1]}{0.0.0.0:0}
2019-09-25 07:27:41,549 [ac29337b-1f05-44ab-baf7-0ad511ed26a1@group-B56ED646394C:LeaderElection26] INFO  server.RaftServerConfigKeys (ConfUtils.java:logGet(43)) - raft.server.watch.element-limit = 65536 (default)
2019-09-25 07:27:41,549 [ad28d3ec-40f8-4bc1-a274-453df443249c@group-9F2CEDCE64BC:LeaderElection27] INFO  server.RaftServerConfigKeys (ConfUtils.java:logGet(43)) - raft.server.write.element-limit = 4096 (default)
2019-09-25 07:27:41,550 [main] INFO  handler.ContextHandler (ContextHandler.java:doStop(910)) - Stopped o.e.j.s.ServletContextHandler@30506c0d{/static,jar:file:/home/user/.m2/repository/org/apache/hadoop/hadoop-ozone-ozone-manager/0.5.0-SNAPSHOT/hadoop-ozone-ozone-manager-0.5.0-SNAPSHOT.jar!/webapps/static,UNAVAILABLE}
2019-09-25 07:27:41,550 [ad28d3ec-40f8-4bc1-a274-453df443249c@group-9F2CEDCE64BC:LeaderElection27] INFO  server.RaftServerConfigKeys (ConfUtils.java:logGet(43)) - raft.server.watch.timeout = 10s (default)
2019-09-25 07:27:41,550 [ad28d3ec-40f8-4bc1-a274-453df443249c@group-9F2CEDCE64BC:LeaderElection27] INFO  server.RaftServerConfigKeys (ConfUtils.java:logGet(43)) - raft.server.watch.timeout.denomination = 1s (default)
2019-09-25 07:27:41,550 [main] INFO  handler.ContextHandler (ContextHandler.java:doStop(910)) - Stopped o.e.j.s.ServletContextHandler@675ffd1d{/logs,file:///workdir/hadoop-ozone/ozonefs/target/log,UNAVAILABLE}
2019-09-25 07:27:41,550 [ad28d3ec-40f8-4bc1-a274-453df443249c@group-9F2CEDCE64BC:LeaderElection27] INFO  server.RaftServerConfigKeys (ConfUtils.java:logGet(43)) - raft.server.watch.element-limit = 65536 (default)
2019-09-25 07:27:41,553 [d2544423-6c63-4eb7-9d0a-bffb9f2b5023@group-924813AC41E7:LeaderElection28] INFO  impl.RoleInfo (RoleInfo.java:updateAndGet(143)) - d2544423-6c63-4eb7-9d0a-bffb9f2b5023: start LeaderState
2019-09-25 07:27:41,553 [d2544423-6c63-4eb7-9d0a-bffb9f2b5023@group-924813AC41E7:LeaderElection28] INFO  segmented.SegmentedRaftLogWorker (SegmentedRaftLogWorker.java:startLogSegment(380)) - d2544423-6c63-4eb7-9d0a-bffb9f2b5023@group-924813AC41E7-SegmentedRaftLogWorker: Starting segment from index:0
2019-09-25 07:27:41,554 [ac29337b-1f05-44ab-baf7-0ad511ed26a1@group-B56ED646394C:LeaderElection26] INFO  impl.RoleInfo (RoleInfo.java:updateAndGet(143)) - ac29337b-1f05-44ab-baf7-0ad511ed26a1: start LeaderState
2019-09-25 07:27:41,554 [ac29337b-1f05-44ab-baf7-0ad511ed26a1@group-B56ED646394C:LeaderElection26] INFO  segmented.SegmentedRaftLogWorker (SegmentedRaftLogWorker.java:startLogSegment(380)) - ac29337b-1f05-44ab-baf7-0ad511ed26a1@group-B56ED646394C-SegmentedRaftLogWorker: Starting segment from index:0
2019-09-25 07:27:41,554 [d2544423-6c63-4eb7-9d0a-bffb9f2b5023@group-924813AC41E7:LeaderElection28] INFO  impl.RaftServerImpl (ServerState.java:setRaftConf(354)) - d2544423-6c63-4eb7-9d0a-bffb9f2b5023@group-924813AC41E7: set configuration 0: [d2544423-6c63-4eb7-9d0a-bffb9f2b5023:192.168.151.106:39699], old=null at 0
2019-09-25 07:27:41,554 [ad28d3ec-40f8-4bc1-a274-453df443249c@group-9F2CEDCE64BC:LeaderElection27] INFO  impl.RoleInfo (RoleInfo.java:updateAndGet(143)) - ad28d3ec-40f8-4bc1-a274-453df443249c: start LeaderState
2019-09-25 07:27:41,583 [Thread-381] INFO  impl.FollowerState (FollowerState.java:run(106)) - ad28d3ec-40f8-4bc1-a274-453df443249c:group-8FB0F7F1CDEF changes to CANDIDATE, lastRpcTime:5056, electionTimeout:5032ms
2019-09-25 07:27:41,583 [d2544423-6c63-4eb7-9d0a-bffb9f2b5023@group-DBA5C334475D:LeaderElection29] INFO  impl.LeaderElection (LeaderElection.java:askForVotes(182)) - d2544423-6c63-4eb7-9d0a-bffb9f2b5023@group-DBA5C334475D:LeaderElection29: begin an election at term 1 for -1: [d2544423-6c63-4eb7-9d0a-bffb9f2b5023:192.168.151.106:39699], old=null
2019-09-25 07:27:41,584 [Thread-381] INFO  impl.RoleInfo (RoleInfo.java:shutdownFollowerState(121)) - ad28d3ec-40f8-4bc1-a274-453df443249c: shutdown FollowerState
2019-09-25 07:27:41,584 [ad28d3ec-40f8-4bc1-a274-453df443249c@group-9F2CEDCE64BC:LeaderElection27] INFO  segmented.SegmentedRaftLogWorker (SegmentedRaftLogWorker.java:startLogSegment(380)) - ad28d3ec-40f8-4bc1-a274-453df443249c@group-9F2CEDCE64BC-SegmentedRaftLogWorker: Starting segment from index:0
2019-09-25 07:27:41,584 [Thread-378] INFO  impl.FollowerState (FollowerState.java:run(106)) - 94a1c681-cec5-47e9-bd86-59396c1e12e6:group-4E86A460DFB3 changes to CANDIDATE, lastRpcTime:5133, electionTimeout:5133ms
2019-09-25 07:27:41,584 [ac29337b-1f05-44ab-baf7-0ad511ed26a1@group-B56ED646394C:LeaderElection26] INFO  impl.RaftServerImpl (ServerState.java:setRaftConf(354)) - ac29337b-1f05-44ab-baf7-0ad511ed26a1@group-B56ED646394C: set configuration 0: [ac29337b-1f05-44ab-baf7-0ad511ed26a1:192.168.151.106:37931], old=null at 0
2019-09-25 07:27:41,584 [Thread-378] INFO  impl.RoleInfo (RoleInfo.java:shutdownFollowerState(121)) - 94a1c681-cec5-47e9-bd86-59396c1e12e6: shutdown FollowerState
2019-09-25 07:27:41,584 [Thread-381] INFO  impl.RaftServerImpl (RaftServerImpl.java:setRole(174)) - ad28d3ec-40f8-4bc1-a274-453df443249c@group-8FB0F7F1CDEF: changes role from  FOLLOWER to CANDIDATE at term 0 for changeToCandidate
2019-09-25 07:27:41,584 [main] INFO  ozone.MiniOzoneClusterImpl (MiniOzoneClusterImpl.java:stopDatanodes(377)) - Stopping the HddsDatanodes
2019-09-25 07:27:41,584 [d2544423-6c63-4eb7-9d0a-bffb9f2b5023@group-DBA5C334475D:LeaderElection29] INFO  impl.RoleInfo (RoleInfo.java:shutdownLeaderElection(134)) - d2544423-6c63-4eb7-9d0a-bffb9f2b5023: shutdown LeaderElection
2019-09-25 07:27:41,617 [Thread-381] INFO  impl.RoleInfo (RoleInfo.java:updateAndGet(143)) - ad28d3ec-40f8-4bc1-a274-453df443249c: start LeaderElection
2019-09-25 07:27:41,616 [Thread-378] INFO  impl.RaftServerImpl (RaftServerImpl.java:setRole(174)) - 94a1c681-cec5-47e9-bd86-59396c1e12e6@group-4E86A460DFB3: changes role from  FOLLOWER to CANDIDATE at term 0 for changeToCandidate
2019-09-25 07:27:41,616 [d2544423-6c63-4eb7-9d0a-bffb9f2b5023@group-924813AC41E7-SegmentedRaftLogWorker] INFO  segmented.SegmentedRaftLogWorker (SegmentedRaftLogWorker.java:execute(569)) - d2544423-6c63-4eb7-9d0a-bffb9f2b5023@group-924813AC41E7-SegmentedRaftLogWorker: created new log segment /workdir/hadoop-ozone/ozonefs/target/test-dir/MiniOzoneClusterImpl-336849c0-54e0-42a2-92e3-a8dd7e6e8d6a/datanode-4/data/ratis/16e38e14-cb2e-4cef-b007-924813ac41e7/current/log_inprogress_0
2019-09-25 07:27:41,616 [253df5dc-ab25-4be3-9607-c7ead1a3aece@group-47CA54FAD7E1-SegmentedRaftLogWorker] INFO  segmented.SegmentedRaftLogWorker (SegmentedRaftLogWorker.java:execute(569)) - 253df5dc-ab25-4be3-9607-c7ead1a3aece@group-47CA54FAD7E1-SegmentedRaftLogWorker: created new log segment /workdir/hadoop-ozone/ozonefs/target/test-dir/MiniOzoneClusterImpl-336849c0-54e0-42a2-92e3-a8dd7e6e8d6a/datanode-8/data/ratis/d0eb2d4c-afd9-47f0-b2e2-47ca54fad7e1/current/log_inprogress_0
2019-09-25 07:27:41,585 [ad28d3ec-40f8-4bc1-a274-453df443249c@group-9F2CEDCE64BC:LeaderElection27] INFO  impl.RaftServerImpl (ServerState.java:setRaftConf(354)) - ad28d3ec-40f8-4bc1-a274-453df443249c@group-9F2CEDCE64BC: set configuration 0: [ad28d3ec-40f8-4bc1-a274-453df443249c:192.168.151.106:42516], old=null at 0
2019-09-25 07:27:41,652 [ac29337b-1f05-44ab-baf7-0ad511ed26a1@group-B56ED646394C-SegmentedRaftLogWorker] INFO  segmented.SegmentedRaftLogWorker (SegmentedRaftLogWorker.java:execute(569)) - ac29337b-1f05-44ab-baf7-0ad511ed26a1@group-B56ED646394C-SegmentedRaftLogWorker: created new log segment /workdir/hadoop-ozone/ozonefs/target/test-dir/MiniOzoneClusterImpl-336849c0-54e0-42a2-92e3-a8dd7e6e8d6a/datanode-0/data/ratis/7957240d-8c5a-4135-80d0-b56ed646394c/current/log_inprogress_0
2019-09-25 07:27:41,618 [Thread-378] INFO  impl.RoleInfo (RoleInfo.java:updateAndGet(143)) - 94a1c681-cec5-47e9-bd86-59396c1e12e6: start LeaderElection
2019-09-25 07:27:41,617 [d2544423-6c63-4eb7-9d0a-bffb9f2b5023@group-DBA5C334475D:LeaderElection29] INFO  impl.RaftServerImpl (RaftServerImpl.java:setRole(174)) - d2544423-6c63-4eb7-9d0a-bffb9f2b5023@group-DBA5C334475D: changes role from CANDIDATE to LEADER at term 1 for changeToLeader
2019-09-25 07:27:41,657 [d2544423-6c63-4eb7-9d0a-bffb9f2b5023@group-DBA5C334475D:LeaderElection29] INFO  impl.RaftServerImpl (ServerState.java:setLeader(253)) - d2544423-6c63-4eb7-9d0a-bffb9f2b5023@group-DBA5C334475D: change Leader from null to d2544423-6c63-4eb7-9d0a-bffb9f2b5023 at term 1 for becomeLeader, leader elected after 5365ms
2019-09-25 07:27:41,660 [d2544423-6c63-4eb7-9d0a-bffb9f2b5023@group-DBA5C334475D:LeaderElection29] INFO  server.RaftServerConfigKeys (ConfUtils.java:logGet(43)) - raft.server.staging.catchup.gap = 1000 (default)
2019-09-25 07:27:41,660 [d2544423-6c63-4eb7-9d0a-bffb9f2b5023@group-DBA5C334475D:LeaderElection29] INFO  server.RaftServerConfigKeys (ConfUtils.java:logGet(43)) - raft.server.rpc.sleep.time = 25ms (default)
2019-09-25 07:27:41,661 [d2544423-6c63-4eb7-9d0a-bffb9f2b5023@group-DBA5C334475D:LeaderElection29] INFO  server.RaftServerConfigKeys (ConfUtils.java:logGet(43)) - raft.server.write.element-limit = 4096 (default)
2019-09-25 07:27:41,661 [d2544423-6c63-4eb7-9d0a-bffb9f2b5023@group-DBA5C334475D:LeaderElection29] INFO  server.RaftServerConfigKeys (ConfUtils.java:logGet(43)) - raft.server.watch.timeout = 10s (default)
2019-09-25 07:27:41,661 [d2544423-6c63-4eb7-9d0a-bffb9f2b5023@group-DBA5C334475D:LeaderElection29] INFO  server.RaftServerConfigKeys (ConfUtils.java:logGet(43)) - raft.server.watch.timeout.denomination = 1s (default)
2019-09-25 07:27:41,661 [d2544423-6c63-4eb7-9d0a-bffb9f2b5023@group-DBA5C334475D:LeaderElection29] INFO  server.RaftServerConfigKeys (ConfUtils.java:logGet(43)) - raft.server.watch.element-limit = 65536 (default)
2019-09-25 07:27:41,664 [d2544423-6c63-4eb7-9d0a-bffb9f2b5023@group-DBA5C334475D:LeaderElection29] INFO  impl.RoleInfo (RoleInfo.java:updateAndGet(143)) - d2544423-6c63-4eb7-9d0a-bffb9f2b5023: start LeaderState
2019-09-25 07:27:41,664 [d2544423-6c63-4eb7-9d0a-bffb9f2b5023@group-DBA5C334475D:LeaderElection29] INFO  segmented.SegmentedRaftLogWorker (SegmentedRaftLogWorker.java:startLogSegment(380)) - d2544423-6c63-4eb7-9d0a-bffb9f2b5023@group-DBA5C334475D-SegmentedRaftLogWorker: Starting segment from index:0
2019-09-25 07:27:41,665 [ad28d3ec-40f8-4bc1-a274-453df443249c@group-9F2CEDCE64BC-SegmentedRaftLogWorker] INFO  segmented.SegmentedRaftLogWorker (SegmentedRaftLogWorker.java:execute(569)) - ad28d3ec-40f8-4bc1-a274-453df443249c@group-9F2CEDCE64BC-SegmentedRaftLogWorker: created new log segment /workdir/hadoop-ozone/ozonefs/target/test-dir/MiniOzoneClusterImpl-336849c0-54e0-42a2-92e3-a8dd7e6e8d6a/datanode-5/data/ratis/1c5f4662-029a-4dda-8d08-9f2cedce64bc/current/log_inprogress_0
2019-09-25 07:27:41,665 [ad28d3ec-40f8-4bc1-a274-453df443249c@group-8FB0F7F1CDEF:LeaderElection30] INFO  impl.LeaderElection (LeaderElection.java:askForVotes(182)) - ad28d3ec-40f8-4bc1-a274-453df443249c@group-8FB0F7F1CDEF:LeaderElection30: begin an election at term 1 for -1: [ad28d3ec-40f8-4bc1-a274-453df443249c:192.168.151.106:42516], old=null
2019-09-25 07:27:41,665 [94a1c681-cec5-47e9-bd86-59396c1e12e6@group-4E86A460DFB3:LeaderElection31] INFO  impl.LeaderElection (LeaderElection.java:askForVotes(182)) - 94a1c681-cec5-47e9-bd86-59396c1e12e6@group-4E86A460DFB3:LeaderElection31: begin an election at term 1 for -1: [94a1c681-cec5-47e9-bd86-59396c1e12e6:192.168.151.106:39666], old=null
2019-09-25 07:27:41,665 [d2544423-6c63-4eb7-9d0a-bffb9f2b5023@group-DBA5C334475D:LeaderElection29] INFO  impl.RaftServerImpl (ServerState.java:setRaftConf(354)) - d2544423-6c63-4eb7-9d0a-bffb9f2b5023@group-DBA5C334475D: set configuration 0: [d2544423-6c63-4eb7-9d0a-bffb9f2b5023:192.168.151.106:39699], old=null at 0
2019-09-25 07:27:41,665 [ad28d3ec-40f8-4bc1-a274-453df443249c@group-8FB0F7F1CDEF:LeaderElection30] INFO  impl.RoleInfo (RoleInfo.java:shutdownLeaderElection(134)) - ad28d3ec-40f8-4bc1-a274-453df443249c: shutdown LeaderElection
2019-09-25 07:27:41,665 [94a1c681-cec5-47e9-bd86-59396c1e12e6@group-4E86A460DFB3:LeaderElection31] INFO  impl.RoleInfo (RoleInfo.java:shutdownLeaderElection(134)) - 94a1c681-cec5-47e9-bd86-59396c1e12e6: shutdown LeaderElection
2019-09-25 07:27:41,703 [ad28d3ec-40f8-4bc1-a274-453df443249c@group-8FB0F7F1CDEF:LeaderElection30] INFO  impl.RaftServerImpl (RaftServerImpl.java:setRole(174)) - ad28d3ec-40f8-4bc1-a274-453df443249c@group-8FB0F7F1CDEF: changes role from CANDIDATE to LEADER at term 1 for changeToLeader
2019-09-25 07:27:41,703 [94a1c681-cec5-47e9-bd86-59396c1e12e6@group-4E86A460DFB3:LeaderElection31] INFO  impl.RaftServerImpl (RaftServerImpl.java:setRole(174)) - 94a1c681-cec5-47e9-bd86-59396c1e12e6@group-4E86A460DFB3: changes role from CANDIDATE to LEADER at term 1 for changeToLeader
2019-09-25 07:27:41,703 [ad28d3ec-40f8-4bc1-a274-453df443249c@group-8FB0F7F1CDEF:LeaderElection30] INFO  impl.RaftServerImpl (ServerState.java:setLeader(253)) - ad28d3ec-40f8-4bc1-a274-453df443249c@group-8FB0F7F1CDEF: change Leader from null to ad28d3ec-40f8-4bc1-a274-453df443249c at term 1 for becomeLeader, leader elected after 5184ms
2019-09-25 07:27:41,703 [94a1c681-cec5-47e9-bd86-59396c1e12e6@group-4E86A460DFB3:LeaderElection31] INFO  impl.RaftServerImpl (ServerState.java:setLeader(253)) - 94a1c681-cec5-47e9-bd86-59396c1e12e6@group-4E86A460DFB3: change Leader from null to 94a1c681-cec5-47e9-bd86-59396c1e12e6 at term 1 for becomeLeader, leader elected after 5259ms
2019-09-25 07:27:41,703 [ad28d3ec-40f8-4bc1-a274-453df443249c@group-8FB0F7F1CDEF:LeaderElection30] INFO  server.RaftServerConfigKeys (ConfUtils.java:logGet(43)) - raft.server.staging.catchup.gap = 1000 (default)
2019-09-25 07:27:41,703 [94a1c681-cec5-47e9-bd86-59396c1e12e6@group-4E86A460DFB3:LeaderElection31] INFO  server.RaftServerConfigKeys (ConfUtils.java:logGet(43)) - raft.server.staging.catchup.gap = 1000 (default)
2019-09-25 07:27:41,703 [ad28d3ec-40f8-4bc1-a274-453df443249c@group-8FB0F7F1CDEF:LeaderElection30] INFO  server.RaftServerConfigKeys (ConfUtils.java:logGet(43)) - raft.server.rpc.sleep.time = 25ms (default)
2019-09-25 07:27:41,703 [94a1c681-cec5-47e9-bd86-59396c1e12e6@group-4E86A460DFB3:LeaderElection31] INFO  server.RaftServerConfigKeys (ConfUtils.java:logGet(43)) - raft.server.rpc.sleep.time = 25ms (default)
2019-09-25 07:27:41,704 [ad28d3ec-40f8-4bc1-a274-453df443249c@group-8FB0F7F1CDEF:LeaderElection30] INFO  server.RaftServerConfigKeys (ConfUtils.java:logGet(43)) - raft.server.write.element-limit = 4096 (default)
2019-09-25 07:27:41,704 [94a1c681-cec5-47e9-bd86-59396c1e12e6@group-4E86A460DFB3:LeaderElection31] INFO  server.RaftServerConfigKeys (ConfUtils.java:logGet(43)) - raft.server.write.element-limit = 4096 (default)
2019-09-25 07:27:41,704 [ad28d3ec-40f8-4bc1-a274-453df443249c@group-8FB0F7F1CDEF:LeaderElection30] INFO  server.RaftServerConfigKeys (ConfUtils.java:logGet(43)) - raft.server.watch.timeout = 10s (default)
2019-09-25 07:27:41,704 [94a1c681-cec5-47e9-bd86-59396c1e12e6@group-4E86A460DFB3:LeaderElection31] INFO  server.RaftServerConfigKeys (ConfUtils.java:logGet(43)) - raft.server.watch.timeout = 10s (default)
2019-09-25 07:27:41,704 [ad28d3ec-40f8-4bc1-a274-453df443249c@group-8FB0F7F1CDEF:LeaderElection30] INFO  server.RaftServerConfigKeys (ConfUtils.java:logGet(43)) - raft.server.watch.timeout.denomination = 1s (default)
2019-09-25 07:27:41,704 [94a1c681-cec5-47e9-bd86-59396c1e12e6@group-4E86A460DFB3:LeaderElection31] INFO  server.RaftServerConfigKeys (ConfUtils.java:logGet(43)) - raft.server.watch.timeout.denomination = 1s (default)
2019-09-25 07:27:41,704 [ad28d3ec-40f8-4bc1-a274-453df443249c@group-8FB0F7F1CDEF:LeaderElection30] INFO  server.RaftServerConfigKeys (ConfUtils.java:logGet(43)) - raft.server.watch.element-limit = 65536 (default)
2019-09-25 07:27:41,705 [94a1c681-cec5-47e9-bd86-59396c1e12e6@group-4E86A460DFB3:LeaderElection31] INFO  server.RaftServerConfigKeys (ConfUtils.java:logGet(43)) - raft.server.watch.element-limit = 65536 (default)
2019-09-25 07:27:41,707 [ad28d3ec-40f8-4bc1-a274-453df443249c@group-8FB0F7F1CDEF:LeaderElection30] INFO  impl.RoleInfo (RoleInfo.java:updateAndGet(143)) - ad28d3ec-40f8-4bc1-a274-453df443249c: start LeaderState
2019-09-25 07:27:41,708 [94a1c681-cec5-47e9-bd86-59396c1e12e6@group-4E86A460DFB3:LeaderElection31] INFO  impl.RoleInfo (RoleInfo.java:updateAndGet(143)) - 94a1c681-cec5-47e9-bd86-59396c1e12e6: start LeaderState
2019-09-25 07:27:41,708 [ad28d3ec-40f8-4bc1-a274-453df443249c@group-8FB0F7F1CDEF:LeaderElection30] INFO  segmented.SegmentedRaftLogWorker (SegmentedRaftLogWorker.java:startLogSegment(380)) - ad28d3ec-40f8-4bc1-a274-453df443249c@group-8FB0F7F1CDEF-SegmentedRaftLogWorker: Starting segment from index:0
2019-09-25 07:27:41,708 [94a1c681-cec5-47e9-bd86-59396c1e12e6@group-4E86A460DFB3:LeaderElection31] INFO  segmented.SegmentedRaftLogWorker (SegmentedRaftLogWorker.java:startLogSegment(380)) - 94a1c681-cec5-47e9-bd86-59396c1e12e6@group-4E86A460DFB3-SegmentedRaftLogWorker: Starting segment from index:0
2019-09-25 07:27:41,708 [ad28d3ec-40f8-4bc1-a274-453df443249c@group-8FB0F7F1CDEF:LeaderElection30] INFO  impl.RaftServerImpl (ServerState.java:setRaftConf(354)) - ad28d3ec-40f8-4bc1-a274-453df443249c@group-8FB0F7F1CDEF: set configuration 0: [ad28d3ec-40f8-4bc1-a274-453df443249c:192.168.151.106:42516], old=null at 0
2019-09-25 07:27:41,737 [d2544423-6c63-4eb7-9d0a-bffb9f2b5023@group-DBA5C334475D-SegmentedRaftLogWorker] INFO  segmented.SegmentedRaftLogWorker (SegmentedRaftLogWorker.java:execute(569)) - d2544423-6c63-4eb7-9d0a-bffb9f2b5023@group-DBA5C334475D-SegmentedRaftLogWorker: created new log segment /workdir/hadoop-ozone/ozonefs/target/test-dir/MiniOzoneClusterImpl-336849c0-54e0-42a2-92e3-a8dd7e6e8d6a/datanode-4/data/ratis/82ceaf9e-ccc2-42e6-8ce3-dba5c334475d/current/log_inprogress_0
2019-09-25 07:27:41,737 [94a1c681-cec5-47e9-bd86-59396c1e12e6@group-4E86A460DFB3:LeaderElection31] INFO  impl.RaftServerImpl (ServerState.java:setRaftConf(354)) - 94a1c681-cec5-47e9-bd86-59396c1e12e6@group-4E86A460DFB3: set configuration 0: [94a1c681-cec5-47e9-bd86-59396c1e12e6:192.168.151.106:39666], old=null at 0
2019-09-25 07:27:41,778 [ad28d3ec-40f8-4bc1-a274-453df443249c@group-8FB0F7F1CDEF-SegmentedRaftLogWorker] INFO  segmented.SegmentedRaftLogWorker (SegmentedRaftLogWorker.java:execute(569)) - ad28d3ec-40f8-4bc1-a274-453df443249c@group-8FB0F7F1CDEF-SegmentedRaftLogWorker: created new log segment /workdir/hadoop-ozone/ozonefs/target/test-dir/MiniOzoneClusterImpl-336849c0-54e0-42a2-92e3-a8dd7e6e8d6a/datanode-5/data/ratis/913ca891-c769-4219-8851-8fb0f7f1cdef/current/log_inprogress_0
2019-09-25 07:27:41,778 [Thread-387] INFO  impl.FollowerState (FollowerState.java:run(106)) - 50e45688-d85c-45e8-a8ba-136a1a73e30a:group-2855C5931F43 changes to CANDIDATE, lastRpcTime:5098, electionTimeout:5066ms
2019-09-25 07:27:41,779 [Thread-387] INFO  impl.RoleInfo (RoleInfo.java:shutdownFollowerState(121)) - 50e45688-d85c-45e8-a8ba-136a1a73e30a: shutdown FollowerState
2019-09-25 07:27:41,779 [Thread-387] INFO  impl.RaftServerImpl (RaftServerImpl.java:setRole(174)) - 50e45688-d85c-45e8-a8ba-136a1a73e30a@group-2855C5931F43: changes role from  FOLLOWER to CANDIDATE at term 0 for changeToCandidate
2019-09-25 07:27:41,779 [Thread-387] INFO  impl.RoleInfo (RoleInfo.java:updateAndGet(143)) - 50e45688-d85c-45e8-a8ba-136a1a73e30a: start LeaderElection
2019-09-25 07:27:41,786 [Thread-384] INFO  impl.FollowerState (FollowerState.java:run(106)) - ad28d3ec-40f8-4bc1-a274-453df443249c:group-47E77F1102D2 changes to CANDIDATE, lastRpcTime:5175, electionTimeout:5175ms
2019-09-25 07:27:41,786 [Thread-384] INFO  impl.RoleInfo (RoleInfo.java:shutdownFollowerState(121)) - ad28d3ec-40f8-4bc1-a274-453df443249c: shutdown FollowerState
2019-09-25 07:27:41,786 [Thread-384] INFO  impl.RaftServerImpl (RaftServerImpl.java:setRole(174)) - ad28d3ec-40f8-4bc1-a274-453df443249c@group-47E77F1102D2: changes role from  FOLLOWER to CANDIDATE at term 0 for changeToCandidate
2019-09-25 07:27:41,786 [Thread-384] INFO  impl.RoleInfo (RoleInfo.java:updateAndGet(143)) - ad28d3ec-40f8-4bc1-a274-453df443249c: start LeaderElection
2019-09-25 07:27:41,801 [94a1c681-cec5-47e9-bd86-59396c1e12e6@group-4E86A460DFB3-SegmentedRaftLogWorker] INFO  segmented.SegmentedRaftLogWorker (SegmentedRaftLogWorker.java:execute(569)) - 94a1c681-cec5-47e9-bd86-59396c1e12e6@group-4E86A460DFB3-SegmentedRaftLogWorker: created new log segment /workdir/hadoop-ozone/ozonefs/target/test-dir/MiniOzoneClusterImpl-336849c0-54e0-42a2-92e3-a8dd7e6e8d6a/datanode-9/data/ratis/790ed0ee-4e49-4b67-9a36-4e86a460dfb3/current/log_inprogress_0
2019-09-25 07:27:41,801 [50e45688-d85c-45e8-a8ba-136a1a73e30a@group-2855C5931F43:LeaderElection32] INFO  impl.LeaderElection (LeaderElection.java:askForVotes(182)) - 50e45688-d85c-45e8-a8ba-136a1a73e30a@group-2855C5931F43:LeaderElection32: begin an election at term 1 for -1: [50e45688-d85c-45e8-a8ba-136a1a73e30a:192.168.151.106:37283], old=null
2019-09-25 07:27:41,801 [50e45688-d85c-45e8-a8ba-136a1a73e30a@group-2855C5931F43:LeaderElection32] INFO  impl.RoleInfo (RoleInfo.java:shutdownLeaderElection(134)) - 50e45688-d85c-45e8-a8ba-136a1a73e30a: shutdown LeaderElection
2019-09-25 07:27:41,801 [50e45688-d85c-45e8-a8ba-136a1a73e30a@group-2855C5931F43:LeaderElection32] INFO  impl.RaftServerImpl (RaftServerImpl.java:setRole(174)) - 50e45688-d85c-45e8-a8ba-136a1a73e30a@group-2855C5931F43: changes role from CANDIDATE to LEADER at term 1 for changeToLeader
2019-09-25 07:27:41,802 [50e45688-d85c-45e8-a8ba-136a1a73e30a@group-2855C5931F43:LeaderElection32] INFO  impl.RaftServerImpl (ServerState.java:setLeader(253)) - 50e45688-d85c-45e8-a8ba-136a1a73e30a@group-2855C5931F43: change Leader from null to 50e45688-d85c-45e8-a8ba-136a1a73e30a at term 1 for becomeLeader, leader elected after 5128ms
2019-09-25 07:27:41,802 [50e45688-d85c-45e8-a8ba-136a1a73e30a@group-2855C5931F43:LeaderElection32] INFO  server.RaftServerConfigKeys (ConfUtils.java:logGet(43)) - raft.server.staging.catchup.gap = 1000 (default)
2019-09-25 07:27:41,802 [50e45688-d85c-45e8-a8ba-136a1a73e30a@group-2855C5931F43:LeaderElection32] INFO  server.RaftServerConfigKeys (ConfUtils.java:logGet(43)) - raft.server.rpc.sleep.time = 25ms (default)
2019-09-25 07:27:41,802 [50e45688-d85c-45e8-a8ba-136a1a73e30a@group-2855C5931F43:LeaderElection32] INFO  server.RaftServerConfigKeys (ConfUtils.java:logGet(43)) - raft.server.write.element-limit = 4096 (default)
2019-09-25 07:27:41,802 [50e45688-d85c-45e8-a8ba-136a1a73e30a@group-2855C5931F43:LeaderElection32] INFO  server.RaftServerConfigKeys (ConfUtils.java:logGet(43)) - raft.server.watch.timeout = 10s (default)
2019-09-25 07:27:41,802 [50e45688-d85c-45e8-a8ba-136a1a73e30a@group-2855C5931F43:LeaderElection32] INFO  server.RaftServerConfigKeys (ConfUtils.java:logGet(43)) - raft.server.watch.timeout.denomination = 1s (default)
2019-09-25 07:27:41,803 [50e45688-d85c-45e8-a8ba-136a1a73e30a@group-2855C5931F43:LeaderElection32] INFO  server.RaftServerConfigKeys (ConfUtils.java:logGet(43)) - raft.server.watch.element-limit = 65536 (default)
2019-09-25 07:27:41,805 [50e45688-d85c-45e8-a8ba-136a1a73e30a@group-2855C5931F43:LeaderElection32] INFO  impl.RoleInfo (RoleInfo.java:updateAndGet(143)) - 50e45688-d85c-45e8-a8ba-136a1a73e30a: start LeaderState
2019-09-25 07:27:41,805 [50e45688-d85c-45e8-a8ba-136a1a73e30a@group-2855C5931F43:LeaderElection32] INFO  segmented.SegmentedRaftLogWorker (SegmentedRaftLogWorker.java:startLogSegment(380)) - 50e45688-d85c-45e8-a8ba-136a1a73e30a@group-2855C5931F43-SegmentedRaftLogWorker: Starting segment from index:0
2019-09-25 07:27:41,806 [50e45688-d85c-45e8-a8ba-136a1a73e30a@group-2855C5931F43:LeaderElection32] INFO  impl.RaftServerImpl (ServerState.java:setRaftConf(354)) - 50e45688-d85c-45e8-a8ba-136a1a73e30a@group-2855C5931F43: set configuration 0: [50e45688-d85c-45e8-a8ba-136a1a73e30a:192.168.151.106:37283], old=null at 0
2019-09-25 07:27:41,832 [ad28d3ec-40f8-4bc1-a274-453df443249c@group-47E77F1102D2:LeaderElection33] INFO  impl.LeaderElection (LeaderElection.java:askForVotes(182)) - ad28d3ec-40f8-4bc1-a274-453df443249c@group-47E77F1102D2:LeaderElection33: begin an election at term 1 for -1: [ad28d3ec-40f8-4bc1-a274-453df443249c:192.168.151.106:42516], old=null
2019-09-25 07:27:41,832 [ad28d3ec-40f8-4bc1-a274-453df443249c@group-47E77F1102D2:LeaderElection33] INFO  impl.RoleInfo (RoleInfo.java:shutdownLeaderElection(134)) - ad28d3ec-40f8-4bc1-a274-453df443249c: shutdown LeaderElection
2019-09-25 07:27:41,832 [ad28d3ec-40f8-4bc1-a274-453df443249c@group-47E77F1102D2:LeaderElection33] INFO  impl.RaftServerImpl (RaftServerImpl.java:setRole(174)) - ad28d3ec-40f8-4bc1-a274-453df443249c@group-47E77F1102D2: changes role from CANDIDATE to LEADER at term 1 for changeToLeader
2019-09-25 07:27:41,832 [ad28d3ec-40f8-4bc1-a274-453df443249c@group-47E77F1102D2:LeaderElection33] INFO  impl.RaftServerImpl (ServerState.java:setLeader(253)) - ad28d3ec-40f8-4bc1-a274-453df443249c@group-47E77F1102D2: change Leader from null to ad28d3ec-40f8-4bc1-a274-453df443249c at term 1 for becomeLeader, leader elected after 5229ms
2019-09-25 07:27:41,833 [ad28d3ec-40f8-4bc1-a274-453df443249c@group-47E77F1102D2:LeaderElection33] INFO  server.RaftServerConfigKeys (ConfUtils.java:logGet(43)) - raft.server.staging.catchup.gap = 1000 (default)
2019-09-25 07:27:41,833 [ad28d3ec-40f8-4bc1-a274-453df443249c@group-47E77F1102D2:LeaderElection33] INFO  server.RaftServerConfigKeys (ConfUtils.java:logGet(43)) - raft.server.rpc.sleep.time = 25ms (default)
2019-09-25 07:27:41,833 [ad28d3ec-40f8-4bc1-a274-453df443249c@group-47E77F1102D2:LeaderElection33] INFO  server.RaftServerConfigKeys (ConfUtils.java:logGet(43)) - raft.server.write.element-limit = 4096 (default)
2019-09-25 07:27:41,833 [ad28d3ec-40f8-4bc1-a274-453df443249c@group-47E77F1102D2:LeaderElection33] INFO  server.RaftServerConfigKeys (ConfUtils.java:logGet(43)) - raft.server.watch.timeout = 10s (default)
2019-09-25 07:27:41,833 [ad28d3ec-40f8-4bc1-a274-453df443249c@group-47E77F1102D2:LeaderElection33] INFO  server.RaftServerConfigKeys (ConfUtils.java:logGet(43)) - raft.server.watch.timeout.denomination = 1s (default)
2019-09-25 07:27:41,833 [ad28d3ec-40f8-4bc1-a274-453df443249c@group-47E77F1102D2:LeaderElection33] INFO  server.RaftServerConfigKeys (ConfUtils.java:logGet(43)) - raft.server.watch.element-limit = 65536 (default)
2019-09-25 07:27:41,835 [ad28d3ec-40f8-4bc1-a274-453df443249c@group-47E77F1102D2:LeaderElection33] INFO  impl.RoleInfo (RoleInfo.java:updateAndGet(143)) - ad28d3ec-40f8-4bc1-a274-453df443249c: start LeaderState
2019-09-25 07:27:41,836 [ad28d3ec-40f8-4bc1-a274-453df443249c@group-47E77F1102D2:LeaderElection33] INFO  segmented.SegmentedRaftLogWorker (SegmentedRaftLogWorker.java:startLogSegment(380)) - ad28d3ec-40f8-4bc1-a274-453df443249c@group-47E77F1102D2-SegmentedRaftLogWorker: Starting segment from index:0
2019-09-25 07:27:41,836 [ad28d3ec-40f8-4bc1-a274-453df443249c@group-47E77F1102D2:LeaderElection33] INFO  impl.RaftServerImpl (ServerState.java:setRaftConf(354)) - ad28d3ec-40f8-4bc1-a274-453df443249c@group-47E77F1102D2: set configuration 0: [ad28d3ec-40f8-4bc1-a274-453df443249c:192.168.151.106:42516], old=null at 0
2019-09-25 07:27:41,864 [50e45688-d85c-45e8-a8ba-136a1a73e30a@group-2855C5931F43-SegmentedRaftLogWorker] INFO  segmented.SegmentedRaftLogWorker (SegmentedRaftLogWorker.java:execute(569)) - 50e45688-d85c-45e8-a8ba-136a1a73e30a@group-2855C5931F43-SegmentedRaftLogWorker: created new log segment /workdir/hadoop-ozone/ozonefs/target/test-dir/MiniOzoneClusterImpl-336849c0-54e0-42a2-92e3-a8dd7e6e8d6a/datanode-3/data/ratis/0dc6e6e6-854b-4765-85e9-2855c5931f43/current/log_inprogress_0
2019-09-25 07:27:41,889 [ad28d3ec-40f8-4bc1-a274-453df443249c@group-47E77F1102D2-SegmentedRaftLogWorker] INFO  segmented.SegmentedRaftLogWorker (SegmentedRaftLogWorker.java:execute(569)) - ad28d3ec-40f8-4bc1-a274-453df443249c@group-47E77F1102D2-SegmentedRaftLogWorker: created new log segment /workdir/hadoop-ozone/ozonefs/target/test-dir/MiniOzoneClusterImpl-336849c0-54e0-42a2-92e3-a8dd7e6e8d6a/datanode-5/data/ratis/d812090c-3d50-4836-821f-47e77f1102d2/current/log_inprogress_0
2019-09-25 07:27:41,937 [Thread-390] INFO  impl.FollowerState (FollowerState.java:run(106)) - ad28d3ec-40f8-4bc1-a274-453df443249c:group-4A5C5E45C323 changes to CANDIDATE, lastRpcTime:5179, electionTimeout:5179ms
2019-09-25 07:27:41,937 [Thread-390] INFO  impl.RoleInfo (RoleInfo.java:shutdownFollowerState(121)) - ad28d3ec-40f8-4bc1-a274-453df443249c: shutdown FollowerState
2019-09-25 07:27:41,938 [Thread-390] INFO  impl.RaftServerImpl (RaftServerImpl.java:setRole(174)) - ad28d3ec-40f8-4bc1-a274-453df443249c@group-4A5C5E45C323: changes role from  FOLLOWER to CANDIDATE at term 0 for changeToCandidate
2019-09-25 07:27:41,938 [Thread-390] INFO  impl.RoleInfo (RoleInfo.java:updateAndGet(143)) - ad28d3ec-40f8-4bc1-a274-453df443249c: start LeaderElection
2019-09-25 07:27:41,975 [ad28d3ec-40f8-4bc1-a274-453df443249c@group-4A5C5E45C323:LeaderElection34] INFO  impl.LeaderElection (LeaderElection.java:askForVotes(182)) - ad28d3ec-40f8-4bc1-a274-453df443249c@group-4A5C5E45C323:LeaderElection34: begin an election at term 1 for -1: [ad28d3ec-40f8-4bc1-a274-453df443249c:192.168.151.106:42516], old=null
2019-09-25 07:27:41,975 [ad28d3ec-40f8-4bc1-a274-453df443249c@group-4A5C5E45C323:LeaderElection34] INFO  impl.RoleInfo (RoleInfo.java:shutdownLeaderElection(134)) - ad28d3ec-40f8-4bc1-a274-453df443249c: shutdown LeaderElection
2019-09-25 07:27:41,975 [ad28d3ec-40f8-4bc1-a274-453df443249c@group-4A5C5E45C323:LeaderElection34] INFO  impl.RaftServerImpl (RaftServerImpl.java:setRole(174)) - ad28d3ec-40f8-4bc1-a274-453df443249c@group-4A5C5E45C323: changes role from CANDIDATE to LEADER at term 1 for changeToLeader
2019-09-25 07:27:41,976 [ad28d3ec-40f8-4bc1-a274-453df443249c@group-4A5C5E45C323:LeaderElection34] INFO  impl.RaftServerImpl (ServerState.java:setLeader(253)) - ad28d3ec-40f8-4bc1-a274-453df443249c@group-4A5C5E45C323: change Leader from null to ad28d3ec-40f8-4bc1-a274-453df443249c at term 1 for becomeLeader, leader elected after 5225ms
2019-09-25 07:27:41,976 [ad28d3ec-40f8-4bc1-a274-453df443249c@group-4A5C5E45C323:LeaderElection34] INFO  server.RaftServerConfigKeys (ConfUtils.java:logGet(43)) - raft.server.staging.catchup.gap = 1000 (default)
2019-09-25 07:27:41,976 [ad28d3ec-40f8-4bc1-a274-453df443249c@group-4A5C5E45C323:LeaderElection34] INFO  server.RaftServerConfigKeys (ConfUtils.java:logGet(43)) - raft.server.rpc.sleep.time = 25ms (default)
2019-09-25 07:27:41,976 [ad28d3ec-40f8-4bc1-a274-453df443249c@group-4A5C5E45C323:LeaderElection34] INFO  server.RaftServerConfigKeys (ConfUtils.java:logGet(43)) - raft.server.write.element-limit = 4096 (default)
2019-09-25 07:27:41,976 [ad28d3ec-40f8-4bc1-a274-453df443249c@group-4A5C5E45C323:LeaderElection34] INFO  server.RaftServerConfigKeys (ConfUtils.java:logGet(43)) - raft.server.watch.timeout = 10s (default)
2019-09-25 07:27:41,976 [ad28d3ec-40f8-4bc1-a274-453df443249c@group-4A5C5E45C323:LeaderElection34] INFO  server.RaftServerConfigKeys (ConfUtils.java:logGet(43)) - raft.server.watch.timeout.denomination = 1s (default)
2019-09-25 07:27:41,976 [ad28d3ec-40f8-4bc1-a274-453df443249c@group-4A5C5E45C323:LeaderElection34] INFO  server.RaftServerConfigKeys (ConfUtils.java:logGet(43)) - raft.server.watch.element-limit = 65536 (default)
2019-09-25 07:27:41,979 [ad28d3ec-40f8-4bc1-a274-453df443249c@group-4A5C5E45C323:LeaderElection34] INFO  impl.RoleInfo (RoleInfo.java:updateAndGet(143)) - ad28d3ec-40f8-4bc1-a274-453df443249c: start LeaderState
2019-09-25 07:27:41,979 [ad28d3ec-40f8-4bc1-a274-453df443249c@group-4A5C5E45C323:LeaderElection34] INFO  segmented.SegmentedRaftLogWorker (SegmentedRaftLogWorker.java:startLogSegment(380)) - ad28d3ec-40f8-4bc1-a274-453df443249c@group-4A5C5E45C323-SegmentedRaftLogWorker: Starting segment from index:0
2019-09-25 07:27:41,979 [ad28d3ec-40f8-4bc1-a274-453df443249c@group-4A5C5E45C323:LeaderElection34] INFO  impl.RaftServerImpl (ServerState.java:setRaftConf(354)) - ad28d3ec-40f8-4bc1-a274-453df443249c@group-4A5C5E45C323: set configuration 0: [ad28d3ec-40f8-4bc1-a274-453df443249c:192.168.151.106:42516], old=null at 0
2019-09-25 07:27:42,014 [Thread-393] INFO  impl.FollowerState (FollowerState.java:run(106)) - ac29337b-1f05-44ab-baf7-0ad511ed26a1:group-2B57BDEFD9C4 changes to CANDIDATE, lastRpcTime:5201, electionTimeout:5186ms
2019-09-25 07:27:42,014 [Thread-396] INFO  impl.FollowerState (FollowerState.java:run(106)) - d2544423-6c63-4eb7-9d0a-bffb9f2b5023:group-970E55BF8B86 changes to CANDIDATE, lastRpcTime:5126, electionTimeout:5102ms
2019-09-25 07:27:42,015 [Thread-396] INFO  impl.RoleInfo (RoleInfo.java:shutdownFollowerState(121)) - d2544423-6c63-4eb7-9d0a-bffb9f2b5023: shutdown FollowerState
2019-09-25 07:27:42,015 [Thread-393] INFO  impl.RoleInfo (RoleInfo.java:shutdownFollowerState(121)) - ac29337b-1f05-44ab-baf7-0ad511ed26a1: shutdown FollowerState
2019-09-25 07:27:42,015 [Thread-396] INFO  impl.RaftServerImpl (RaftServerImpl.java:setRole(174)) - d2544423-6c63-4eb7-9d0a-bffb9f2b5023@group-970E55BF8B86: changes role from  FOLLOWER to CANDIDATE at term 0 for changeToCandidate
2019-09-25 07:27:42,015 [Thread-393] INFO  impl.RaftServerImpl (RaftServerImpl.java:setRole(174)) - ac29337b-1f05-44ab-baf7-0ad511ed26a1@group-2B57BDEFD9C4: changes role from  FOLLOWER to CANDIDATE at term 0 for changeToCandidate
2019-09-25 07:27:42,015 [Thread-396] INFO  impl.RoleInfo (RoleInfo.java:updateAndGet(143)) - d2544423-6c63-4eb7-9d0a-bffb9f2b5023: start LeaderElection
2019-09-25 07:27:42,015 [Thread-393] INFO  impl.RoleInfo (RoleInfo.java:updateAndGet(143)) - ac29337b-1f05-44ab-baf7-0ad511ed26a1: start LeaderElection
2019-09-25 07:27:42,032 [ad28d3ec-40f8-4bc1-a274-453df443249c@group-4A5C5E45C323-SegmentedRaftLogWorker] INFO  segmented.SegmentedRaftLogWorker (SegmentedRaftLogWorker.java:execute(569)) - ad28d3ec-40f8-4bc1-a274-453df443249c@group-4A5C5E45C323-SegmentedRaftLogWorker: created new log segment /workdir/hadoop-ozone/ozonefs/target/test-dir/MiniOzoneClusterImpl-336849c0-54e0-42a2-92e3-a8dd7e6e8d6a/datanode-5/data/ratis/eba36fc1-625f-493c-9d3b-4a5c5e45c323/current/log_inprogress_0
2019-09-25 07:27:42,033 [ac29337b-1f05-44ab-baf7-0ad511ed26a1@group-2B57BDEFD9C4:LeaderElection36] INFO  impl.LeaderElection (LeaderElection.java:askForVotes(182)) - ac29337b-1f05-44ab-baf7-0ad511ed26a1@group-2B57BDEFD9C4:LeaderElection36: begin an election at term 1 for -1: [ac29337b-1f05-44ab-baf7-0ad511ed26a1:192.168.151.106:37931], old=null
2019-09-25 07:27:42,033 [d2544423-6c63-4eb7-9d0a-bffb9f2b5023@group-970E55BF8B86:LeaderElection35] INFO  impl.LeaderElection (LeaderElection.java:askForVotes(182)) - d2544423-6c63-4eb7-9d0a-bffb9f2b5023@group-970E55BF8B86:LeaderElection35: begin an election at term 1 for -1: [d2544423-6c63-4eb7-9d0a-bffb9f2b5023:192.168.151.106:39699], old=null
2019-09-25 07:27:42,033 [ac29337b-1f05-44ab-baf7-0ad511ed26a1@group-2B57BDEFD9C4:LeaderElection36] INFO  impl.RoleInfo (RoleInfo.java:shutdownLeaderElection(134)) - ac29337b-1f05-44ab-baf7-0ad511ed26a1: shutdown LeaderElection
2019-09-25 07:27:42,033 [d2544423-6c63-4eb7-9d0a-bffb9f2b5023@group-970E55BF8B86:LeaderElection35] INFO  impl.RoleInfo (RoleInfo.java:shutdownLeaderElection(134)) - d2544423-6c63-4eb7-9d0a-bffb9f2b5023: shutdown LeaderElection
2019-09-25 07:27:42,033 [ac29337b-1f05-44ab-baf7-0ad511ed26a1@group-2B57BDEFD9C4:LeaderElection36] INFO  impl.RaftServerImpl (RaftServerImpl.java:setRole(174)) - ac29337b-1f05-44ab-baf7-0ad511ed26a1@group-2B57BDEFD9C4: changes role from CANDIDATE to LEADER at term 1 for changeToLeader
2019-09-25 07:27:42,033 [d2544423-6c63-4eb7-9d0a-bffb9f2b5023@group-970E55BF8B86:LeaderElection35] INFO  impl.RaftServerImpl (RaftServerImpl.java:setRole(174)) - d2544423-6c63-4eb7-9d0a-bffb9f2b5023@group-970E55BF8B86: changes role from CANDIDATE to LEADER at term 1 for changeToLeader
2019-09-25 07:27:42,033 [ac29337b-1f05-44ab-baf7-0ad511ed26a1@group-2B57BDEFD9C4:LeaderElection36] INFO  impl.RaftServerImpl (ServerState.java:setLeader(253)) - ac29337b-1f05-44ab-baf7-0ad511ed26a1@group-2B57BDEFD9C4: change Leader from null to ac29337b-1f05-44ab-baf7-0ad511ed26a1 at term 1 for becomeLeader, leader elected after 5228ms
2019-09-25 07:27:42,033 [d2544423-6c63-4eb7-9d0a-bffb9f2b5023@group-970E55BF8B86:LeaderElection35] INFO  impl.RaftServerImpl (ServerState.java:setLeader(253)) - d2544423-6c63-4eb7-9d0a-bffb9f2b5023@group-970E55BF8B86: change Leader from null to d2544423-6c63-4eb7-9d0a-bffb9f2b5023 at term 1 for becomeLeader, leader elected after 5151ms
2019-09-25 07:27:42,034 [ac29337b-1f05-44ab-baf7-0ad511ed26a1@group-2B57BDEFD9C4:LeaderElection36] INFO  server.RaftServerConfigKeys (ConfUtils.java:logGet(43)) - raft.server.staging.catchup.gap = 1000 (default)
2019-09-25 07:27:42,034 [d2544423-6c63-4eb7-9d0a-bffb9f2b5023@group-970E55BF8B86:LeaderElection35] INFO  server.RaftServerConfigKeys (ConfUtils.java:logGet(43)) - raft.server.staging.catchup.gap = 1000 (default)
2019-09-25 07:27:42,034 [ac29337b-1f05-44ab-baf7-0ad511ed26a1@group-2B57BDEFD9C4:LeaderElection36] INFO  server.RaftServerConfigKeys (ConfUtils.java:logGet(43)) - raft.server.rpc.sleep.time = 25ms (default)
2019-09-25 07:27:42,034 [d2544423-6c63-4eb7-9d0a-bffb9f2b5023@group-970E55BF8B86:LeaderElection35] INFO  server.RaftServerConfigKeys (ConfUtils.java:logGet(43)) - raft.server.rpc.sleep.time = 25ms (default)
2019-09-25 07:27:42,034 [ac29337b-1f05-44ab-baf7-0ad511ed26a1@group-2B57BDEFD9C4:LeaderElection36] INFO  server.RaftServerConfigKeys (ConfUtils.java:logGet(43)) - raft.server.write.element-limit = 4096 (default)
2019-09-25 07:27:42,034 [d2544423-6c63-4eb7-9d0a-bffb9f2b5023@group-970E55BF8B86:LeaderElection35] INFO  server.RaftServerConfigKeys (ConfUtils.java:logGet(43)) - raft.server.write.element-limit = 4096 (default)
2019-09-25 07:27:42,034 [ac29337b-1f05-44ab-baf7-0ad511ed26a1@group-2B57BDEFD9C4:LeaderElection36] INFO  server.RaftServerConfigKeys (ConfUtils.java:logGet(43)) - raft.server.watch.timeout = 10s (default)
2019-09-25 07:27:42,034 [d2544423-6c63-4eb7-9d0a-bffb9f2b5023@group-970E55BF8B86:LeaderElection35] INFO  server.RaftServerConfigKeys (ConfUtils.java:logGet(43)) - raft.server.watch.timeout = 10s (default)
2019-09-25 07:27:42,034 [ac29337b-1f05-44ab-baf7-0ad511ed26a1@group-2B57BDEFD9C4:LeaderElection36] INFO  server.RaftServerConfigKeys (ConfUtils.java:logGet(43)) - raft.server.watch.timeout.denomination = 1s (default)
2019-09-25 07:27:42,035 [d2544423-6c63-4eb7-9d0a-bffb9f2b5023@group-970E55BF8B86:LeaderElection35] INFO  server.RaftServerConfigKeys (ConfUtils.java:logGet(43)) - raft.server.watch.timeout.denomination = 1s (default)
2019-09-25 07:27:42,035 [ac29337b-1f05-44ab-baf7-0ad511ed26a1@group-2B57BDEFD9C4:LeaderElection36] INFO  server.RaftServerConfigKeys (ConfUtils.java:logGet(43)) - raft.server.watch.element-limit = 65536 (default)
2019-09-25 07:27:42,035 [d2544423-6c63-4eb7-9d0a-bffb9f2b5023@group-970E55BF8B86:LeaderElection35] INFO  server.RaftServerConfigKeys (ConfUtils.java:logGet(43)) - raft.server.watch.element-limit = 65536 (default)
2019-09-25 07:27:42,038 [ac29337b-1f05-44ab-baf7-0ad511ed26a1@group-2B57BDEFD9C4:LeaderElection36] INFO  impl.RoleInfo (RoleInfo.java:updateAndGet(143)) - ac29337b-1f05-44ab-baf7-0ad511ed26a1: start LeaderState
2019-09-25 07:27:42,038 [ac29337b-1f05-44ab-baf7-0ad511ed26a1@group-2B57BDEFD9C4:LeaderElection36] INFO  segmented.SegmentedRaftLogWorker (SegmentedRaftLogWorker.java:startLogSegment(380)) - ac29337b-1f05-44ab-baf7-0ad511ed26a1@group-2B57BDEFD9C4-SegmentedRaftLogWorker: Starting segment from index:0
2019-09-25 07:27:42,038 [d2544423-6c63-4eb7-9d0a-bffb9f2b5023@group-970E55BF8B86:LeaderElection35] INFO  impl.RoleInfo (RoleInfo.java:updateAndGet(143)) - d2544423-6c63-4eb7-9d0a-bffb9f2b5023: start LeaderState
2019-09-25 07:27:42,038 [d2544423-6c63-4eb7-9d0a-bffb9f2b5023@group-970E55BF8B86:LeaderElection35] INFO  segmented.SegmentedRaftLogWorker (SegmentedRaftLogWorker.java:startLogSegment(380)) - d2544423-6c63-4eb7-9d0a-bffb9f2b5023@group-970E55BF8B86-SegmentedRaftLogWorker: Starting segment from index:0
2019-09-25 07:27:42,038 [ac29337b-1f05-44ab-baf7-0ad511ed26a1@group-2B57BDEFD9C4:LeaderElection36] INFO  impl.RaftServerImpl (ServerState.java:setRaftConf(354)) - ac29337b-1f05-44ab-baf7-0ad511ed26a1@group-2B57BDEFD9C4: set configuration 0: [ac29337b-1f05-44ab-baf7-0ad511ed26a1:192.168.151.106:37931], old=null at 0
2019-09-25 07:27:42,076 [d2544423-6c63-4eb7-9d0a-bffb9f2b5023@group-970E55BF8B86:LeaderElection35] INFO  impl.RaftServerImpl (ServerState.java:setRaftConf(354)) - d2544423-6c63-4eb7-9d0a-bffb9f2b5023@group-970E55BF8B86: set configuration 0: [d2544423-6c63-4eb7-9d0a-bffb9f2b5023:192.168.151.106:39699], old=null at 0
2019-09-25 07:27:42,111 [ac29337b-1f05-44ab-baf7-0ad511ed26a1@group-2B57BDEFD9C4-SegmentedRaftLogWorker] INFO  segmented.SegmentedRaftLogWorker (SegmentedRaftLogWorker.java:execute(569)) - ac29337b-1f05-44ab-baf7-0ad511ed26a1@group-2B57BDEFD9C4-SegmentedRaftLogWorker: created new log segment /workdir/hadoop-ozone/ozonefs/target/test-dir/MiniOzoneClusterImpl-336849c0-54e0-42a2-92e3-a8dd7e6e8d6a/datanode-0/data/ratis/03501a3b-075f-40a5-acaf-2b57bdefd9c4/current/log_inprogress_0
2019-09-25 07:27:42,126 [d2544423-6c63-4eb7-9d0a-bffb9f2b5023@group-970E55BF8B86-SegmentedRaftLogWorker] INFO  segmented.SegmentedRaftLogWorker (SegmentedRaftLogWorker.java:execute(569)) - d2544423-6c63-4eb7-9d0a-bffb9f2b5023@group-970E55BF8B86-SegmentedRaftLogWorker: created new log segment /workdir/hadoop-ozone/ozonefs/target/test-dir/MiniOzoneClusterImpl-336849c0-54e0-42a2-92e3-a8dd7e6e8d6a/datanode-4/data/ratis/48256a9d-2e88-41df-a388-970e55bf8b86/current/log_inprogress_0
2019-09-25 07:27:42,127 [Thread-399] INFO  impl.FollowerState (FollowerState.java:run(106)) - d2544423-6c63-4eb7-9d0a-bffb9f2b5023:group-42708CF79F2C changes to CANDIDATE, lastRpcTime:5165, electionTimeout:5165ms
2019-09-25 07:27:42,127 [Thread-399] INFO  impl.RoleInfo (RoleInfo.java:shutdownFollowerState(121)) - d2544423-6c63-4eb7-9d0a-bffb9f2b5023: shutdown FollowerState
2019-09-25 07:27:42,127 [Thread-399] INFO  impl.RaftServerImpl (RaftServerImpl.java:setRole(174)) - d2544423-6c63-4eb7-9d0a-bffb9f2b5023@group-42708CF79F2C: changes role from  FOLLOWER to CANDIDATE at term 0 for changeToCandidate
2019-09-25 07:27:42,127 [Thread-399] INFO  impl.RoleInfo (RoleInfo.java:updateAndGet(143)) - d2544423-6c63-4eb7-9d0a-bffb9f2b5023: start LeaderElection
2019-09-25 07:27:42,149 [d2544423-6c63-4eb7-9d0a-bffb9f2b5023@group-42708CF79F2C:LeaderElection37] INFO  impl.LeaderElection (LeaderElection.java:askForVotes(182)) - d2544423-6c63-4eb7-9d0a-bffb9f2b5023@group-42708CF79F2C:LeaderElection37: begin an election at term 1 for -1: [d2544423-6c63-4eb7-9d0a-bffb9f2b5023:192.168.151.106:39699], old=null
2019-09-25 07:27:42,150 [d2544423-6c63-4eb7-9d0a-bffb9f2b5023@group-42708CF79F2C:LeaderElection37] INFO  impl.RoleInfo (RoleInfo.java:shutdownLeaderElection(134)) - d2544423-6c63-4eb7-9d0a-bffb9f2b5023: shutdown LeaderElection
2019-09-25 07:27:42,150 [d2544423-6c63-4eb7-9d0a-bffb9f2b5023@group-42708CF79F2C:LeaderElection37] INFO  impl.RaftServerImpl (RaftServerImpl.java:setRole(174)) - d2544423-6c63-4eb7-9d0a-bffb9f2b5023@group-42708CF79F2C: changes role from CANDIDATE to LEADER at term 1 for changeToLeader
2019-09-25 07:27:42,150 [d2544423-6c63-4eb7-9d0a-bffb9f2b5023@group-42708CF79F2C:LeaderElection37] INFO  impl.RaftServerImpl (ServerState.java:setLeader(253)) - d2544423-6c63-4eb7-9d0a-bffb9f2b5023@group-42708CF79F2C: change Leader from null to d2544423-6c63-4eb7-9d0a-bffb9f2b5023 at term 1 for becomeLeader, leader elected after 5194ms
2019-09-25 07:27:42,150 [d2544423-6c63-4eb7-9d0a-bffb9f2b5023@group-42708CF79F2C:LeaderElection37] INFO  server.RaftServerConfigKeys (ConfUtils.java:logGet(43)) - raft.server.staging.catchup.gap = 1000 (default)
2019-09-25 07:27:42,150 [d2544423-6c63-4eb7-9d0a-bffb9f2b5023@group-42708CF79F2C:LeaderElection37] INFO  server.RaftServerConfigKeys (ConfUtils.java:logGet(43)) - raft.server.rpc.sleep.time = 25ms (default)
2019-09-25 07:27:42,151 [d2544423-6c63-4eb7-9d0a-bffb9f2b5023@group-42708CF79F2C:LeaderElection37] INFO  server.RaftServerConfigKeys (ConfUtils.java:logGet(43)) - raft.server.write.element-limit = 4096 (default)
2019-09-25 07:27:42,151 [d2544423-6c63-4eb7-9d0a-bffb9f2b5023@group-42708CF79F2C:LeaderElection37] INFO  server.RaftServerConfigKeys (ConfUtils.java:logGet(43)) - raft.server.watch.timeout = 10s (default)
2019-09-25 07:27:42,151 [d2544423-6c63-4eb7-9d0a-bffb9f2b5023@group-42708CF79F2C:LeaderElection37] INFO  server.RaftServerConfigKeys (ConfUtils.java:logGet(43)) - raft.server.watch.timeout.denomination = 1s (default)
2019-09-25 07:27:42,151 [d2544423-6c63-4eb7-9d0a-bffb9f2b5023@group-42708CF79F2C:LeaderElection37] INFO  server.RaftServerConfigKeys (ConfUtils.java:logGet(43)) - raft.server.watch.element-limit = 65536 (default)
2019-09-25 07:27:42,153 [d2544423-6c63-4eb7-9d0a-bffb9f2b5023@group-42708CF79F2C:LeaderElection37] INFO  impl.RoleInfo (RoleInfo.java:updateAndGet(143)) - d2544423-6c63-4eb7-9d0a-bffb9f2b5023: start LeaderState
2019-09-25 07:27:42,154 [d2544423-6c63-4eb7-9d0a-bffb9f2b5023@group-42708CF79F2C:LeaderElection37] INFO  segmented.SegmentedRaftLogWorker (SegmentedRaftLogWorker.java:startLogSegment(380)) - d2544423-6c63-4eb7-9d0a-bffb9f2b5023@group-42708CF79F2C-SegmentedRaftLogWorker: Starting segment from index:0
2019-09-25 07:27:42,154 [d2544423-6c63-4eb7-9d0a-bffb9f2b5023@group-42708CF79F2C:LeaderElection37] INFO  impl.RaftServerImpl (ServerState.java:setRaftConf(354)) - d2544423-6c63-4eb7-9d0a-bffb9f2b5023@group-42708CF79F2C: set configuration 0: [d2544423-6c63-4eb7-9d0a-bffb9f2b5023:192.168.151.106:39699], old=null at 0
2019-09-25 07:27:42,195 [Thread-402] INFO  impl.FollowerState (FollowerState.java:run(106)) - 600943d5-c424-432f-84b9-a00c1c65f122:group-59E5EC7E7662 changes to CANDIDATE, lastRpcTime:5154, electionTimeout:5145ms
2019-09-25 07:27:42,195 [Thread-405] INFO  impl.FollowerState (FollowerState.java:run(106)) - 50e45688-d85c-45e8-a8ba-136a1a73e30a:group-5F5D2E7DBE31 changes to CANDIDATE, lastRpcTime:5079, electionTimeout:5069ms
2019-09-25 07:27:42,195 [Thread-402] INFO  impl.RoleInfo (RoleInfo.java:shutdownFollowerState(121)) - 600943d5-c424-432f-84b9-a00c1c65f122: shutdown FollowerState
2019-09-25 07:27:42,195 [Thread-405] INFO  impl.RoleInfo (RoleInfo.java:shutdownFollowerState(121)) - 50e45688-d85c-45e8-a8ba-136a1a73e30a: shutdown FollowerState
2019-09-25 07:27:42,195 [Thread-402] INFO  impl.RaftServerImpl (RaftServerImpl.java:setRole(174)) - 600943d5-c424-432f-84b9-a00c1c65f122@group-59E5EC7E7662: changes role from  FOLLOWER to CANDIDATE at term 0 for changeToCandidate
2019-09-25 07:27:42,195 [Thread-405] INFO  impl.RaftServerImpl (RaftServerImpl.java:setRole(174)) - 50e45688-d85c-45e8-a8ba-136a1a73e30a@group-5F5D2E7DBE31: changes role from  FOLLOWER to CANDIDATE at term 0 for changeToCandidate
2019-09-25 07:27:42,196 [Thread-402] INFO  impl.RoleInfo (RoleInfo.java:updateAndGet(143)) - 600943d5-c424-432f-84b9-a00c1c65f122: start LeaderElection
2019-09-25 07:27:42,196 [Thread-405] INFO  impl.RoleInfo (RoleInfo.java:updateAndGet(143)) - 50e45688-d85c-45e8-a8ba-136a1a73e30a: start LeaderElection
2019-09-25 07:27:42,218 [d2544423-6c63-4eb7-9d0a-bffb9f2b5023@group-42708CF79F2C-SegmentedRaftLogWorker] INFO  segmented.SegmentedRaftLogWorker (SegmentedRaftLogWorker.java:execute(569)) - d2544423-6c63-4eb7-9d0a-bffb9f2b5023@group-42708CF79F2C-SegmentedRaftLogWorker: created new log segment /workdir/hadoop-ozone/ozonefs/target/test-dir/MiniOzoneClusterImpl-336849c0-54e0-42a2-92e3-a8dd7e6e8d6a/datanode-4/data/ratis/335dc316-e9a7-44ed-bb57-42708cf79f2c/current/log_inprogress_0
2019-09-25 07:27:42,232 [600943d5-c424-432f-84b9-a00c1c65f122@group-59E5EC7E7662:LeaderElection38] INFO  impl.LeaderElection (LeaderElection.java:askForVotes(182)) - 600943d5-c424-432f-84b9-a00c1c65f122@group-59E5EC7E7662:LeaderElection38: begin an election at term 1 for -1: [600943d5-c424-432f-84b9-a00c1c65f122:192.168.151.106:33383], old=null
2019-09-25 07:27:42,232 [50e45688-d85c-45e8-a8ba-136a1a73e30a@group-5F5D2E7DBE31:LeaderElection39] INFO  impl.LeaderElection (LeaderElection.java:askForVotes(182)) - 50e45688-d85c-45e8-a8ba-136a1a73e30a@group-5F5D2E7DBE31:LeaderElection39: begin an election at term 1 for -1: [50e45688-d85c-45e8-a8ba-136a1a73e30a:192.168.151.106:37283], old=null
2019-09-25 07:27:42,233 [600943d5-c424-432f-84b9-a00c1c65f122@group-59E5EC7E7662:LeaderElection38] INFO  impl.RoleInfo (RoleInfo.java:shutdownLeaderElection(134)) - 600943d5-c424-432f-84b9-a00c1c65f122: shutdown LeaderElection
2019-09-25 07:27:42,233 [50e45688-d85c-45e8-a8ba-136a1a73e30a@group-5F5D2E7DBE31:LeaderElection39] INFO  impl.RoleInfo (RoleInfo.java:shutdownLeaderElection(134)) - 50e45688-d85c-45e8-a8ba-136a1a73e30a: shutdown LeaderElection
2019-09-25 07:27:42,233 [600943d5-c424-432f-84b9-a00c1c65f122@group-59E5EC7E7662:LeaderElection38] INFO  impl.RaftServerImpl (RaftServerImpl.java:setRole(174)) - 600943d5-c424-432f-84b9-a00c1c65f122@group-59E5EC7E7662: changes role from CANDIDATE to LEADER at term 1 for changeToLeader
2019-09-25 07:27:42,233 [50e45688-d85c-45e8-a8ba-136a1a73e30a@group-5F5D2E7DBE31:LeaderElection39] INFO  impl.RaftServerImpl (RaftServerImpl.java:setRole(174)) - 50e45688-d85c-45e8-a8ba-136a1a73e30a@group-5F5D2E7DBE31: changes role from CANDIDATE to LEADER at term 1 for changeToLeader
2019-09-25 07:27:42,233 [600943d5-c424-432f-84b9-a00c1c65f122@group-59E5EC7E7662:LeaderElection38] INFO  impl.RaftServerImpl (ServerState.java:setLeader(253)) - 600943d5-c424-432f-84b9-a00c1c65f122@group-59E5EC7E7662: change Leader from null to 600943d5-c424-432f-84b9-a00c1c65f122 at term 1 for becomeLeader, leader elected after 5201ms
2019-09-25 07:27:42,233 [50e45688-d85c-45e8-a8ba-136a1a73e30a@group-5F5D2E7DBE31:LeaderElection39] INFO  impl.RaftServerImpl (ServerState.java:setLeader(253)) - 50e45688-d85c-45e8-a8ba-136a1a73e30a@group-5F5D2E7DBE31: change Leader from null to 50e45688-d85c-45e8-a8ba-136a1a73e30a at term 1 for becomeLeader, leader elected after 5126ms
2019-09-25 07:27:42,233 [600943d5-c424-432f-84b9-a00c1c65f122@group-59E5EC7E7662:LeaderElection38] INFO  server.RaftServerConfigKeys (ConfUtils.java:logGet(43)) - raft.server.staging.catchup.gap = 1000 (default)
2019-09-25 07:27:42,233 [50e45688-d85c-45e8-a8ba-136a1a73e30a@group-5F5D2E7DBE31:LeaderElection39] INFO  server.RaftServerConfigKeys (ConfUtils.java:logGet(43)) - raft.server.staging.catchup.gap = 1000 (default)
2019-09-25 07:27:42,233 [600943d5-c424-432f-84b9-a00c1c65f122@group-59E5EC7E7662:LeaderElection38] INFO  server.RaftServerConfigKeys (ConfUtils.java:logGet(43)) - raft.server.rpc.sleep.time = 25ms (default)
2019-09-25 07:27:42,234 [50e45688-d85c-45e8-a8ba-136a1a73e30a@group-5F5D2E7DBE31:LeaderElection39] INFO  server.RaftServerConfigKeys (ConfUtils.java:logGet(43)) - raft.server.rpc.sleep.time = 25ms (default)
2019-09-25 07:27:42,234 [600943d5-c424-432f-84b9-a00c1c65f122@group-59E5EC7E7662:LeaderElection38] INFO  server.RaftServerConfigKeys (ConfUtils.java:logGet(43)) - raft.server.write.element-limit = 4096 (default)
2019-09-25 07:27:42,234 [50e45688-d85c-45e8-a8ba-136a1a73e30a@group-5F5D2E7DBE31:LeaderElection39] INFO  server.RaftServerConfigKeys (ConfUtils.java:logGet(43)) - raft.server.write.element-limit = 4096 (default)
2019-09-25 07:27:42,234 [600943d5-c424-432f-84b9-a00c1c65f122@group-59E5EC7E7662:LeaderElection38] INFO  server.RaftServerConfigKeys (ConfUtils.java:logGet(43)) - raft.server.watch.timeout = 10s (default)
2019-09-25 07:27:42,234 [50e45688-d85c-45e8-a8ba-136a1a73e30a@group-5F5D2E7DBE31:LeaderElection39] INFO  server.RaftServerConfigKeys (ConfUtils.java:logGet(43)) - raft.server.watch.timeout = 10s (default)
2019-09-25 07:27:42,234 [600943d5-c424-432f-84b9-a00c1c65f122@group-59E5EC7E7662:LeaderElection38] INFO  server.RaftServerConfigKeys (ConfUtils.java:logGet(43)) - raft.server.watch.timeout.denomination = 1s (default)
2019-09-25 07:27:42,234 [50e45688-d85c-45e8-a8ba-136a1a73e30a@group-5F5D2E7DBE31:LeaderElection39] INFO  server.RaftServerConfigKeys (ConfUtils.java:logGet(43)) - raft.server.watch.timeout.denomination = 1s (default)
2019-09-25 07:27:42,234 [600943d5-c424-432f-84b9-a00c1c65f122@group-59E5EC7E7662:LeaderElection38] INFO  server.RaftServerConfigKeys (ConfUtils.java:logGet(43)) - raft.server.watch.element-limit = 65536 (default)
2019-09-25 07:27:42,235 [50e45688-d85c-45e8-a8ba-136a1a73e30a@group-5F5D2E7DBE31:LeaderElection39] INFO  server.RaftServerConfigKeys (ConfUtils.java:logGet(43)) - raft.server.watch.element-limit = 65536 (default)
2019-09-25 07:27:42,237 [600943d5-c424-432f-84b9-a00c1c65f122@group-59E5EC7E7662:LeaderElection38] INFO  impl.RoleInfo (RoleInfo.java:updateAndGet(143)) - 600943d5-c424-432f-84b9-a00c1c65f122: start LeaderState
2019-09-25 07:27:42,237 [50e45688-d85c-45e8-a8ba-136a1a73e30a@group-5F5D2E7DBE31:LeaderElection39] INFO  impl.RoleInfo (RoleInfo.java:updateAndGet(143)) - 50e45688-d85c-45e8-a8ba-136a1a73e30a: start LeaderState
2019-09-25 07:27:42,237 [600943d5-c424-432f-84b9-a00c1c65f122@group-59E5EC7E7662:LeaderElection38] INFO  segmented.SegmentedRaftLogWorker (SegmentedRaftLogWorker.java:startLogSegment(380)) - 600943d5-c424-432f-84b9-a00c1c65f122@group-59E5EC7E7662-SegmentedRaftLogWorker: Starting segment from index:0
2019-09-25 07:27:42,238 [50e45688-d85c-45e8-a8ba-136a1a73e30a@group-5F5D2E7DBE31:LeaderElection39] INFO  segmented.SegmentedRaftLogWorker (SegmentedRaftLogWorker.java:startLogSegment(380)) - 50e45688-d85c-45e8-a8ba-136a1a73e30a@group-5F5D2E7DBE31-SegmentedRaftLogWorker: Starting segment from index:0
2019-09-25 07:27:42,238 [600943d5-c424-432f-84b9-a00c1c65f122@group-59E5EC7E7662:LeaderElection38] INFO  impl.RaftServerImpl (ServerState.java:setRaftConf(354)) - 600943d5-c424-432f-84b9-a00c1c65f122@group-59E5EC7E7662: set configuration 0: [600943d5-c424-432f-84b9-a00c1c65f122:192.168.151.106:33383], old=null at 0
2019-09-25 07:27:42,276 [Thread-408] INFO  impl.FollowerState (FollowerState.java:run(106)) - 253df5dc-ab25-4be3-9607-c7ead1a3aece:group-7A39CDF84EEF changes to CANDIDATE, lastRpcTime:5088, electionTimeout:5070ms
2019-09-25 07:27:42,276 [Thread-408] INFO  impl.RoleInfo (RoleInfo.java:shutdownFollowerState(121)) - 253df5dc-ab25-4be3-9607-c7ead1a3aece: shutdown FollowerState
2019-09-25 07:27:42,276 [50e45688-d85c-45e8-a8ba-136a1a73e30a@group-5F5D2E7DBE31:LeaderElection39] INFO  impl.RaftServerImpl (ServerState.java:setRaftConf(354)) - 50e45688-d85c-45e8-a8ba-136a1a73e30a@group-5F5D2E7DBE31: set configuration 0: [50e45688-d85c-45e8-a8ba-136a1a73e30a:192.168.151.106:37283], old=null at 0
2019-09-25 07:27:42,276 [Thread-408] INFO  impl.RaftServerImpl (RaftServerImpl.java:setRole(174)) - 253df5dc-ab25-4be3-9607-c7ead1a3aece@group-7A39CDF84EEF: changes role from  FOLLOWER to CANDIDATE at term 0 for changeToCandidate
2019-09-25 07:27:42,318 [600943d5-c424-432f-84b9-a00c1c65f122@group-59E5EC7E7662-SegmentedRaftLogWorker] INFO  segmented.SegmentedRaftLogWorker (SegmentedRaftLogWorker.java:execute(569)) - 600943d5-c424-432f-84b9-a00c1c65f122@group-59E5EC7E7662-SegmentedRaftLogWorker: created new log segment /workdir/hadoop-ozone/ozonefs/target/test-dir/MiniOzoneClusterImpl-336849c0-54e0-42a2-92e3-a8dd7e6e8d6a/datanode-6/data/ratis/8c9e6eec-5d90-4d39-a78b-59e5ec7e7662/current/log_inprogress_0
2019-09-25 07:27:42,318 [Thread-408] INFO  impl.RoleInfo (RoleInfo.java:updateAndGet(143)) - 253df5dc-ab25-4be3-9607-c7ead1a3aece: start LeaderElection
2019-09-25 07:27:42,342 [50e45688-d85c-45e8-a8ba-136a1a73e30a@group-5F5D2E7DBE31-SegmentedRaftLogWorker] INFO  segmented.SegmentedRaftLogWorker (SegmentedRaftLogWorker.java:execute(569)) - 50e45688-d85c-45e8-a8ba-136a1a73e30a@group-5F5D2E7DBE31-SegmentedRaftLogWorker: created new log segment /workdir/hadoop-ozone/ozonefs/target/test-dir/MiniOzoneClusterImpl-336849c0-54e0-42a2-92e3-a8dd7e6e8d6a/datanode-3/data/ratis/53925aee-74f8-4a5a-8696-5f5d2e7dbe31/current/log_inprogress_0
2019-09-25 07:27:42,342 [253df5dc-ab25-4be3-9607-c7ead1a3aece@group-7A39CDF84EEF:LeaderElection40] INFO  impl.LeaderElection (LeaderElection.java:askForVotes(182)) - 253df5dc-ab25-4be3-9607-c7ead1a3aece@group-7A39CDF84EEF:LeaderElection40: begin an election at term 1 for -1: [253df5dc-ab25-4be3-9607-c7ead1a3aece:192.168.151.106:34913], old=null
2019-09-25 07:27:42,343 [253df5dc-ab25-4be3-9607-c7ead1a3aece@group-7A39CDF84EEF:LeaderElection40] INFO  impl.RoleInfo (RoleInfo.java:shutdownLeaderElection(134)) - 253df5dc-ab25-4be3-9607-c7ead1a3aece: shutdown LeaderElection
2019-09-25 07:27:42,343 [253df5dc-ab25-4be3-9607-c7ead1a3aece@group-7A39CDF84EEF:LeaderElection40] INFO  impl.RaftServerImpl (RaftServerImpl.java:setRole(174)) - 253df5dc-ab25-4be3-9607-c7ead1a3aece@group-7A39CDF84EEF: changes role from CANDIDATE to LEADER at term 1 for changeToLeader
2019-09-25 07:27:42,343 [253df5dc-ab25-4be3-9607-c7ead1a3aece@group-7A39CDF84EEF:LeaderElection40] INFO  impl.RaftServerImpl (ServerState.java:setLeader(253)) - 253df5dc-ab25-4be3-9607-c7ead1a3aece@group-7A39CDF84EEF: change Leader from null to 253df5dc-ab25-4be3-9607-c7ead1a3aece at term 1 for becomeLeader, leader elected after 5162ms
2019-09-25 07:27:42,343 [253df5dc-ab25-4be3-9607-c7ead1a3aece@group-7A39CDF84EEF:LeaderElection40] INFO  server.RaftServerConfigKeys (ConfUtils.java:logGet(43)) - raft.server.staging.catchup.gap = 1000 (default)
2019-09-25 07:27:42,343 [253df5dc-ab25-4be3-9607-c7ead1a3aece@group-7A39CDF84EEF:LeaderElection40] INFO  server.RaftServerConfigKeys (ConfUtils.java:logGet(43)) - raft.server.rpc.sleep.time = 25ms (default)
2019-09-25 07:27:42,343 [253df5dc-ab25-4be3-9607-c7ead1a3aece@group-7A39CDF84EEF:LeaderElection40] INFO  server.RaftServerConfigKeys (ConfUtils.java:logGet(43)) - raft.server.write.element-limit = 4096 (default)
2019-09-25 07:27:42,344 [253df5dc-ab25-4be3-9607-c7ead1a3aece@group-7A39CDF84EEF:LeaderElection40] INFO  server.RaftServerConfigKeys (ConfUtils.java:logGet(43)) - raft.server.watch.timeout = 10s (default)
2019-09-25 07:27:42,344 [253df5dc-ab25-4be3-9607-c7ead1a3aece@group-7A39CDF84EEF:LeaderElection40] INFO  server.RaftServerConfigKeys (ConfUtils.java:logGet(43)) - raft.server.watch.timeout.denomination = 1s (default)
2019-09-25 07:27:42,344 [253df5dc-ab25-4be3-9607-c7ead1a3aece@group-7A39CDF84EEF:LeaderElection40] INFO  server.RaftServerConfigKeys (ConfUtils.java:logGet(43)) - raft.server.watch.element-limit = 65536 (default)
2019-09-25 07:27:42,346 [253df5dc-ab25-4be3-9607-c7ead1a3aece@group-7A39CDF84EEF:LeaderElection40] INFO  impl.RoleInfo (RoleInfo.java:updateAndGet(143)) - 253df5dc-ab25-4be3-9607-c7ead1a3aece: start LeaderState
2019-09-25 07:27:42,346 [253df5dc-ab25-4be3-9607-c7ead1a3aece@group-7A39CDF84EEF:LeaderElection40] INFO  segmented.SegmentedRaftLogWorker (SegmentedRaftLogWorker.java:startLogSegment(380)) - 253df5dc-ab25-4be3-9607-c7ead1a3aece@group-7A39CDF84EEF-SegmentedRaftLogWorker: Starting segment from index:0
2019-09-25 07:27:42,347 [253df5dc-ab25-4be3-9607-c7ead1a3aece@group-7A39CDF84EEF:LeaderElection40] INFO  impl.RaftServerImpl (ServerState.java:setRaftConf(354)) - 253df5dc-ab25-4be3-9607-c7ead1a3aece@group-7A39CDF84EEF: set configuration 0: [253df5dc-ab25-4be3-9607-c7ead1a3aece:192.168.151.106:34913], old=null at 0
2019-09-25 07:27:42,386 [Thread-413] INFO  impl.FollowerState (FollowerState.java:run(106)) - c642d074-6234-4917-85d3-a38353a695f7:group-92148670E2AB changes to CANDIDATE, lastRpcTime:5089, electionTimeout:5084ms
2019-09-25 07:27:42,386 [Thread-413] INFO  impl.RoleInfo (RoleInfo.java:shutdownFollowerState(121)) - c642d074-6234-4917-85d3-a38353a695f7: shutdown FollowerState
2019-09-25 07:27:42,386 [Thread-413] INFO  impl.RaftServerImpl (RaftServerImpl.java:setRole(174)) - c642d074-6234-4917-85d3-a38353a695f7@group-92148670E2AB: changes role from  FOLLOWER to CANDIDATE at term 0 for changeToCandidate
2019-09-25 07:27:42,386 [Thread-413] INFO  impl.RoleInfo (RoleInfo.java:updateAndGet(143)) - c642d074-6234-4917-85d3-a38353a695f7: start LeaderElection
2019-09-25 07:27:42,411 [253df5dc-ab25-4be3-9607-c7ead1a3aece@group-7A39CDF84EEF-SegmentedRaftLogWorker] INFO  segmented.SegmentedRaftLogWorker (SegmentedRaftLogWorker.java:execute(569)) - 253df5dc-ab25-4be3-9607-c7ead1a3aece@group-7A39CDF84EEF-SegmentedRaftLogWorker: created new log segment /workdir/hadoop-ozone/ozonefs/target/test-dir/MiniOzoneClusterImpl-336849c0-54e0-42a2-92e3-a8dd7e6e8d6a/datanode-8/data/ratis/ad4d4142-bc30-4133-9fd6-7a39cdf84eef/current/log_inprogress_0
2019-09-25 07:27:42,411 [c642d074-6234-4917-85d3-a38353a695f7@group-92148670E2AB:LeaderElection41] INFO  impl.LeaderElection (LeaderElection.java:askForVotes(182)) - c642d074-6234-4917-85d3-a38353a695f7@group-92148670E2AB:LeaderElection41: begin an election at term 1 for -1: [c642d074-6234-4917-85d3-a38353a695f7:192.168.151.106:41023], old=null
2019-09-25 07:27:42,411 [c642d074-6234-4917-85d3-a38353a695f7@group-92148670E2AB:LeaderElection41] INFO  impl.RoleInfo (RoleInfo.java:shutdownLeaderElection(134)) - c642d074-6234-4917-85d3-a38353a695f7: shutdown LeaderElection
2019-09-25 07:27:42,412 [c642d074-6234-4917-85d3-a38353a695f7@group-92148670E2AB:LeaderElection41] INFO  impl.RaftServerImpl (RaftServerImpl.java:setRole(174)) - c642d074-6234-4917-85d3-a38353a695f7@group-92148670E2AB: changes role from CANDIDATE to LEADER at term 1 for changeToLeader
2019-09-25 07:27:42,412 [c642d074-6234-4917-85d3-a38353a695f7@group-92148670E2AB:LeaderElection41] INFO  impl.RaftServerImpl (ServerState.java:setLeader(253)) - c642d074-6234-4917-85d3-a38353a695f7@group-92148670E2AB: change Leader from null to c642d074-6234-4917-85d3-a38353a695f7 at term 1 for becomeLeader, leader elected after 5122ms
2019-09-25 07:27:42,412 [c642d074-6234-4917-85d3-a38353a695f7@group-92148670E2AB:LeaderElection41] INFO  server.RaftServerConfigKeys (ConfUtils.java:logGet(43)) - raft.server.staging.catchup.gap = 1000 (default)
2019-09-25 07:27:42,412 [c642d074-6234-4917-85d3-a38353a695f7@group-92148670E2AB:LeaderElection41] INFO  server.RaftServerConfigKeys (ConfUtils.java:logGet(43)) - raft.server.rpc.sleep.time = 25ms (default)
2019-09-25 07:27:42,412 [c642d074-6234-4917-85d3-a38353a695f7@group-92148670E2AB:LeaderElection41] INFO  server.RaftServerConfigKeys (ConfUtils.java:logGet(43)) - raft.server.write.element-limit = 4096 (default)
2019-09-25 07:27:42,413 [c642d074-6234-4917-85d3-a38353a695f7@group-92148670E2AB:LeaderElection41] INFO  server.RaftServerConfigKeys (ConfUtils.java:logGet(43)) - raft.server.watch.timeout = 10s (default)
2019-09-25 07:27:42,413 [c642d074-6234-4917-85d3-a38353a695f7@group-92148670E2AB:LeaderElection41] INFO  server.RaftServerConfigKeys (ConfUtils.java:logGet(43)) - raft.server.watch.timeout.denomination = 1s (default)
2019-09-25 07:27:42,413 [c642d074-6234-4917-85d3-a38353a695f7@group-92148670E2AB:LeaderElection41] INFO  server.RaftServerConfigKeys (ConfUtils.java:logGet(43)) - raft.server.watch.element-limit = 65536 (default)
2019-09-25 07:27:42,416 [c642d074-6234-4917-85d3-a38353a695f7@group-92148670E2AB:LeaderElection41] INFO  impl.RoleInfo (RoleInfo.java:updateAndGet(143)) - c642d074-6234-4917-85d3-a38353a695f7: start LeaderState
2019-09-25 07:27:42,416 [Datanode State Machine Thread - 0] INFO  statemachine.DatanodeStateMachine (DatanodeStateMachine.java:lambda$startDaemon$0(350)) - Ozone container server started.
2019-09-25 07:27:42,416 [c642d074-6234-4917-85d3-a38353a695f7@group-92148670E2AB:LeaderElection41] INFO  segmented.SegmentedRaftLogWorker (SegmentedRaftLogWorker.java:startLogSegment(380)) - c642d074-6234-4917-85d3-a38353a695f7@group-92148670E2AB-SegmentedRaftLogWorker: Starting segment from index:0
2019-09-25 07:27:42,416 [c642d074-6234-4917-85d3-a38353a695f7@group-92148670E2AB:LeaderElection41] INFO  impl.RaftServerImpl (ServerState.java:setRaftConf(354)) - c642d074-6234-4917-85d3-a38353a695f7@group-92148670E2AB: set configuration 0: [c642d074-6234-4917-85d3-a38353a695f7:192.168.151.106:41023], old=null at 0
2019-09-25 07:27:42,477 [c642d074-6234-4917-85d3-a38353a695f7@group-92148670E2AB-SegmentedRaftLogWorker] INFO  segmented.SegmentedRaftLogWorker (SegmentedRaftLogWorker.java:execute(569)) - c642d074-6234-4917-85d3-a38353a695f7@group-92148670E2AB-SegmentedRaftLogWorker: created new log segment /workdir/hadoop-ozone/ozonefs/target/test-dir/MiniOzoneClusterImpl-336849c0-54e0-42a2-92e3-a8dd7e6e8d6a/datanode-2/data/ratis/d90dc22d-fa10-49ee-bcf3-92148670e2ab/current/log_inprogress_0
2019-09-25 07:27:42,485 [Thread-419] INFO  impl.FollowerState (FollowerState.java:run(106)) - c642d074-6234-4917-85d3-a38353a695f7:group-6FC448B46C5C changes to CANDIDATE, lastRpcTime:5074, electionTimeout:5074ms
2019-09-25 07:27:42,485 [Thread-419] INFO  impl.RoleInfo (RoleInfo.java:shutdownFollowerState(121)) - c642d074-6234-4917-85d3-a38353a695f7: shutdown FollowerState
2019-09-25 07:27:42,485 [Thread-419] INFO  impl.RaftServerImpl (RaftServerImpl.java:setRole(174)) - c642d074-6234-4917-85d3-a38353a695f7@group-6FC448B46C5C: changes role from  FOLLOWER to CANDIDATE at term 0 for changeToCandidate
2019-09-25 07:27:42,485 [Thread-419] INFO  impl.RoleInfo (RoleInfo.java:updateAndGet(143)) - c642d074-6234-4917-85d3-a38353a695f7: start LeaderElection
2019-09-25 07:27:42,490 [Datanode State Machine Thread - 0] INFO  statemachine.DatanodeStateMachine (DatanodeStateMachine.java:lambda$startDaemon$0(350)) - Ozone container server started.
2019-09-25 07:27:42,501 [Thread-416] INFO  impl.FollowerState (FollowerState.java:run(106)) - 600943d5-c424-432f-84b9-a00c1c65f122:group-C76149BB5BD2 changes to CANDIDATE, lastRpcTime:5140, electionTimeout:5140ms
2019-09-25 07:27:42,501 [Thread-416] INFO  impl.RoleInfo (RoleInfo.java:shutdownFollowerState(121)) - 600943d5-c424-432f-84b9-a00c1c65f122: shutdown FollowerState
2019-09-25 07:27:42,501 [Thread-416] INFO  impl.RaftServerImpl (RaftServerImpl.java:setRole(174)) - 600943d5-c424-432f-84b9-a00c1c65f122@group-C76149BB5BD2: changes role from  FOLLOWER to CANDIDATE at term 0 for changeToCandidate
2019-09-25 07:27:42,501 [Thread-416] INFO  impl.RoleInfo (RoleInfo.java:updateAndGet(143)) - 600943d5-c424-432f-84b9-a00c1c65f122: start LeaderElection
2019-09-25 07:27:42,507 [c642d074-6234-4917-85d3-a38353a695f7@group-6FC448B46C5C:LeaderElection42] INFO  impl.LeaderElection (LeaderElection.java:askForVotes(182)) - c642d074-6234-4917-85d3-a38353a695f7@group-6FC448B46C5C:LeaderElection42: begin an election at term 1 for -1: [c642d074-6234-4917-85d3-a38353a695f7:192.168.151.106:41023], old=null
2019-09-25 07:27:42,507 [c642d074-6234-4917-85d3-a38353a695f7@group-6FC448B46C5C:LeaderElection42] INFO  impl.RoleInfo (RoleInfo.java:shutdownLeaderElection(134)) - c642d074-6234-4917-85d3-a38353a695f7: shutdown LeaderElection
2019-09-25 07:27:42,507 [c642d074-6234-4917-85d3-a38353a695f7@group-6FC448B46C5C:LeaderElection42] INFO  impl.RaftServerImpl (RaftServerImpl.java:setRole(174)) - c642d074-6234-4917-85d3-a38353a695f7@group-6FC448B46C5C: changes role from CANDIDATE to LEADER at term 1 for changeToLeader
2019-09-25 07:27:42,507 [c642d074-6234-4917-85d3-a38353a695f7@group-6FC448B46C5C:LeaderElection42] INFO  impl.RaftServerImpl (ServerState.java:setLeader(253)) - c642d074-6234-4917-85d3-a38353a695f7@group-6FC448B46C5C: change Leader from null to c642d074-6234-4917-85d3-a38353a695f7 at term 1 for becomeLeader, leader elected after 5103ms
2019-09-25 07:27:42,507 [c642d074-6234-4917-85d3-a38353a695f7@group-6FC448B46C5C:LeaderElection42] INFO  server.RaftServerConfigKeys (ConfUtils.java:logGet(43)) - raft.server.staging.catchup.gap = 1000 (default)
2019-09-25 07:27:42,508 [c642d074-6234-4917-85d3-a38353a695f7@group-6FC448B46C5C:LeaderElection42] INFO  server.RaftServerConfigKeys (ConfUtils.java:logGet(43)) - raft.server.rpc.sleep.time = 25ms (default)
2019-09-25 07:27:42,508 [c642d074-6234-4917-85d3-a38353a695f7@group-6FC448B46C5C:LeaderElection42] INFO  server.RaftServerConfigKeys (ConfUtils.java:logGet(43)) - raft.server.write.element-limit = 4096 (default)
2019-09-25 07:27:42,508 [c642d074-6234-4917-85d3-a38353a695f7@group-6FC448B46C5C:LeaderElection42] INFO  server.RaftServerConfigKeys (ConfUtils.java:logGet(43)) - raft.server.watch.timeout = 10s (default)
2019-09-25 07:27:42,508 [c642d074-6234-4917-85d3-a38353a695f7@group-6FC448B46C5C:LeaderElection42] INFO  server.RaftServerConfigKeys (ConfUtils.java:logGet(43)) - raft.server.watch.timeout.denomination = 1s (default)
2019-09-25 07:27:42,508 [c642d074-6234-4917-85d3-a38353a695f7@group-6FC448B46C5C:LeaderElection42] INFO  server.RaftServerConfigKeys (ConfUtils.java:logGet(43)) - raft.server.watch.element-limit = 65536 (default)
2019-09-25 07:27:42,511 [c642d074-6234-4917-85d3-a38353a695f7@group-6FC448B46C5C:LeaderElection42] INFO  impl.RoleInfo (RoleInfo.java:updateAndGet(143)) - c642d074-6234-4917-85d3-a38353a695f7: start LeaderState
2019-09-25 07:27:42,511 [c642d074-6234-4917-85d3-a38353a695f7@group-6FC448B46C5C:LeaderElection42] INFO  segmented.SegmentedRaftLogWorker (SegmentedRaftLogWorker.java:startLogSegment(380)) - c642d074-6234-4917-85d3-a38353a695f7@group-6FC448B46C5C-SegmentedRaftLogWorker: Starting segment from index:0
2019-09-25 07:27:42,511 [c642d074-6234-4917-85d3-a38353a695f7@group-6FC448B46C5C:LeaderElection42] INFO  impl.RaftServerImpl (ServerState.java:setRaftConf(354)) - c642d074-6234-4917-85d3-a38353a695f7@group-6FC448B46C5C: set configuration 0: [c642d074-6234-4917-85d3-a38353a695f7:192.168.151.106:41023], old=null at 0
2019-09-25 07:27:42,543 [600943d5-c424-432f-84b9-a00c1c65f122@group-C76149BB5BD2:LeaderElection43] INFO  impl.LeaderElection (LeaderElection.java:askForVotes(182)) - 600943d5-c424-432f-84b9-a00c1c65f122@group-C76149BB5BD2:LeaderElection43: begin an election at term 1 for -1: [600943d5-c424-432f-84b9-a00c1c65f122:192.168.151.106:33383], old=null
2019-09-25 07:27:42,544 [600943d5-c424-432f-84b9-a00c1c65f122@group-C76149BB5BD2:LeaderElection43] INFO  impl.RoleInfo (RoleInfo.java:shutdownLeaderElection(134)) - 600943d5-c424-432f-84b9-a00c1c65f122: shutdown LeaderElection
2019-09-25 07:27:42,544 [600943d5-c424-432f-84b9-a00c1c65f122@group-C76149BB5BD2:LeaderElection43] INFO  impl.RaftServerImpl (RaftServerImpl.java:setRole(174)) - 600943d5-c424-432f-84b9-a00c1c65f122@group-C76149BB5BD2: changes role from CANDIDATE to LEADER at term 1 for changeToLeader
2019-09-25 07:27:42,544 [600943d5-c424-432f-84b9-a00c1c65f122@group-C76149BB5BD2:LeaderElection43] INFO  impl.RaftServerImpl (ServerState.java:setLeader(253)) - 600943d5-c424-432f-84b9-a00c1c65f122@group-C76149BB5BD2: change Leader from null to 600943d5-c424-432f-84b9-a00c1c65f122 at term 1 for becomeLeader, leader elected after 5190ms
2019-09-25 07:27:42,544 [600943d5-c424-432f-84b9-a00c1c65f122@group-C76149BB5BD2:LeaderElection43] INFO  server.RaftServerConfigKeys (ConfUtils.java:logGet(43)) - raft.server.staging.catchup.gap = 1000 (default)
2019-09-25 07:27:42,544 [600943d5-c424-432f-84b9-a00c1c65f122@group-C76149BB5BD2:LeaderElection43] INFO  server.RaftServerConfigKeys (ConfUtils.java:logGet(43)) - raft.server.rpc.sleep.time = 25ms (default)
2019-09-25 07:27:42,544 [600943d5-c424-432f-84b9-a00c1c65f122@group-C76149BB5BD2:LeaderElection43] INFO  server.RaftServerConfigKeys (ConfUtils.java:logGet(43)) - raft.server.write.element-limit = 4096 (default)
2019-09-25 07:27:42,545 [600943d5-c424-432f-84b9-a00c1c65f122@group-C76149BB5BD2:LeaderElection43] INFO  server.RaftServerConfigKeys (ConfUtils.java:logGet(43)) - raft.server.watch.timeout = 10s (default)
2019-09-25 07:27:42,545 [600943d5-c424-432f-84b9-a00c1c65f122@group-C76149BB5BD2:LeaderElection43] INFO  server.RaftServerConfigKeys (ConfUtils.java:logGet(43)) - raft.server.watch.timeout.denomination = 1s (default)
2019-09-25 07:27:42,545 [600943d5-c424-432f-84b9-a00c1c65f122@group-C76149BB5BD2:LeaderElection43] INFO  server.RaftServerConfigKeys (ConfUtils.java:logGet(43)) - raft.server.watch.element-limit = 65536 (default)
2019-09-25 07:27:42,547 [600943d5-c424-432f-84b9-a00c1c65f122@group-C76149BB5BD2:LeaderElection43] INFO  impl.RoleInfo (RoleInfo.java:updateAndGet(143)) - 600943d5-c424-432f-84b9-a00c1c65f122: start LeaderState
2019-09-25 07:27:42,548 [600943d5-c424-432f-84b9-a00c1c65f122@group-C76149BB5BD2:LeaderElection43] INFO  segmented.SegmentedRaftLogWorker (SegmentedRaftLogWorker.java:startLogSegment(380)) - 600943d5-c424-432f-84b9-a00c1c65f122@group-C76149BB5BD2-SegmentedRaftLogWorker: Starting segment from index:0
2019-09-25 07:27:42,548 [600943d5-c424-432f-84b9-a00c1c65f122@group-C76149BB5BD2:LeaderElection43] INFO  impl.RaftServerImpl (ServerState.java:setRaftConf(354)) - 600943d5-c424-432f-84b9-a00c1c65f122@group-C76149BB5BD2: set configuration 0: [600943d5-c424-432f-84b9-a00c1c65f122:192.168.151.106:33383], old=null at 0
2019-09-25 07:27:42,586 [c642d074-6234-4917-85d3-a38353a695f7@group-6FC448B46C5C-SegmentedRaftLogWorker] INFO  segmented.SegmentedRaftLogWorker (SegmentedRaftLogWorker.java:execute(569)) - c642d074-6234-4917-85d3-a38353a695f7@group-6FC448B46C5C-SegmentedRaftLogWorker: created new log segment /workdir/hadoop-ozone/ozonefs/target/test-dir/MiniOzoneClusterImpl-336849c0-54e0-42a2-92e3-a8dd7e6e8d6a/datanode-2/data/ratis/c6e6197f-4803-4235-998b-6fc448b46c5c/current/log_inprogress_0
2019-09-25 07:27:42,608 [600943d5-c424-432f-84b9-a00c1c65f122@group-C76149BB5BD2-SegmentedRaftLogWorker] INFO  segmented.SegmentedRaftLogWorker (SegmentedRaftLogWorker.java:execute(569)) - 600943d5-c424-432f-84b9-a00c1c65f122@group-C76149BB5BD2-SegmentedRaftLogWorker: created new log segment /workdir/hadoop-ozone/ozonefs/target/test-dir/MiniOzoneClusterImpl-336849c0-54e0-42a2-92e3-a8dd7e6e8d6a/datanode-6/data/ratis/30b73383-cbe8-4b40-b52b-c76149bb5bd2/current/log_inprogress_0
2019-09-25 07:27:42,610 [Thread-422] INFO  impl.FollowerState (FollowerState.java:run(106)) - 50e45688-d85c-45e8-a8ba-136a1a73e30a:group-B8F37E3A4916 changes to CANDIDATE, lastRpcTime:5140, electionTimeout:5140ms
2019-09-25 07:27:42,610 [Thread-422] INFO  impl.RoleInfo (RoleInfo.java:shutdownFollowerState(121)) - 50e45688-d85c-45e8-a8ba-136a1a73e30a: shutdown FollowerState
2019-09-25 07:27:42,610 [Thread-422] INFO  impl.RaftServerImpl (RaftServerImpl.java:setRole(174)) - 50e45688-d85c-45e8-a8ba-136a1a73e30a@group-B8F37E3A4916: changes role from  FOLLOWER to CANDIDATE at term 0 for changeToCandidate
2019-09-25 07:27:42,611 [Thread-422] INFO  impl.RoleInfo (RoleInfo.java:updateAndGet(143)) - 50e45688-d85c-45e8-a8ba-136a1a73e30a: start LeaderElection
2019-09-25 07:27:42,622 [Thread-425] INFO  impl.FollowerState (FollowerState.java:run(106)) - a0827fcf-c5ce-4373-8734-1ec063924bc7:group-F6BF018D65DF changes to CANDIDATE, lastRpcTime:5105, electionTimeout:5105ms
2019-09-25 07:27:42,622 [Thread-425] INFO  impl.RoleInfo (RoleInfo.java:shutdownFollowerState(121)) - a0827fcf-c5ce-4373-8734-1ec063924bc7: shutdown FollowerState
2019-09-25 07:27:42,622 [Thread-425] INFO  impl.RaftServerImpl (RaftServerImpl.java:setRole(174)) - a0827fcf-c5ce-4373-8734-1ec063924bc7@group-F6BF018D65DF: changes role from  FOLLOWER to CANDIDATE at term 0 for changeToCandidate
2019-09-25 07:27:42,622 [Thread-425] INFO  impl.RoleInfo (RoleInfo.java:updateAndGet(143)) - a0827fcf-c5ce-4373-8734-1ec063924bc7: start LeaderElection
2019-09-25 07:27:42,632 [50e45688-d85c-45e8-a8ba-136a1a73e30a@group-B8F37E3A4916:LeaderElection44] INFO  impl.LeaderElection (LeaderElection.java:askForVotes(182)) - 50e45688-d85c-45e8-a8ba-136a1a73e30a@group-B8F37E3A4916:LeaderElection44: begin an election at term 1 for -1: [50e45688-d85c-45e8-a8ba-136a1a73e30a:192.168.151.106:37283], old=null
2019-09-25 07:27:42,632 [50e45688-d85c-45e8-a8ba-136a1a73e30a@group-B8F37E3A4916:LeaderElection44] INFO  impl.RoleInfo (RoleInfo.java:shutdownLeaderElection(134)) - 50e45688-d85c-45e8-a8ba-136a1a73e30a: shutdown LeaderElection
2019-09-25 07:27:42,633 [50e45688-d85c-45e8-a8ba-136a1a73e30a@group-B8F37E3A4916:LeaderElection44] INFO  impl.RaftServerImpl (RaftServerImpl.java:setRole(174)) - 50e45688-d85c-45e8-a8ba-136a1a73e30a@group-B8F37E3A4916: changes role from CANDIDATE to LEADER at term 1 for changeToLeader
2019-09-25 07:27:42,633 [50e45688-d85c-45e8-a8ba-136a1a73e30a@group-B8F37E3A4916:LeaderElection44] INFO  impl.RaftServerImpl (ServerState.java:setLeader(253)) - 50e45688-d85c-45e8-a8ba-136a1a73e30a@group-B8F37E3A4916: change Leader from null to 50e45688-d85c-45e8-a8ba-136a1a73e30a at term 1 for becomeLeader, leader elected after 5169ms
2019-09-25 07:27:42,633 [50e45688-d85c-45e8-a8ba-136a1a73e30a@group-B8F37E3A4916:LeaderElection44] INFO  server.RaftServerConfigKeys (ConfUtils.java:logGet(43)) - raft.server.staging.catchup.gap = 1000 (default)
2019-09-25 07:27:42,633 [50e45688-d85c-45e8-a8ba-136a1a73e30a@group-B8F37E3A4916:LeaderElection44] INFO  server.RaftServerConfigKeys (ConfUtils.java:logGet(43)) - raft.server.rpc.sleep.time = 25ms (default)
2019-09-25 07:27:42,633 [50e45688-d85c-45e8-a8ba-136a1a73e30a@group-B8F37E3A4916:LeaderElection44] INFO  server.RaftServerConfigKeys (ConfUtils.java:logGet(43)) - raft.server.write.element-limit = 4096 (default)
2019-09-25 07:27:42,633 [50e45688-d85c-45e8-a8ba-136a1a73e30a@group-B8F37E3A4916:LeaderElection44] INFO  server.RaftServerConfigKeys (ConfUtils.java:logGet(43)) - raft.server.watch.timeout = 10s (default)
2019-09-25 07:27:42,633 [50e45688-d85c-45e8-a8ba-136a1a73e30a@group-B8F37E3A4916:LeaderElection44] INFO  server.RaftServerConfigKeys (ConfUtils.java:logGet(43)) - raft.server.watch.timeout.denomination = 1s (default)
2019-09-25 07:27:42,634 [50e45688-d85c-45e8-a8ba-136a1a73e30a@group-B8F37E3A4916:LeaderElection44] INFO  server.RaftServerConfigKeys (ConfUtils.java:logGet(43)) - raft.server.watch.element-limit = 65536 (default)
2019-09-25 07:27:42,636 [50e45688-d85c-45e8-a8ba-136a1a73e30a@group-B8F37E3A4916:LeaderElection44] INFO  impl.RoleInfo (RoleInfo.java:updateAndGet(143)) - 50e45688-d85c-45e8-a8ba-136a1a73e30a: start LeaderState
2019-09-25 07:27:42,636 [50e45688-d85c-45e8-a8ba-136a1a73e30a@group-B8F37E3A4916:LeaderElection44] INFO  segmented.SegmentedRaftLogWorker (SegmentedRaftLogWorker.java:startLogSegment(380)) - 50e45688-d85c-45e8-a8ba-136a1a73e30a@group-B8F37E3A4916-SegmentedRaftLogWorker: Starting segment from index:0
2019-09-25 07:27:42,637 [50e45688-d85c-45e8-a8ba-136a1a73e30a@group-B8F37E3A4916:LeaderElection44] INFO  impl.RaftServerImpl (ServerState.java:setRaftConf(354)) - 50e45688-d85c-45e8-a8ba-136a1a73e30a@group-B8F37E3A4916: set configuration 0: [50e45688-d85c-45e8-a8ba-136a1a73e30a:192.168.151.106:37283], old=null at 0
2019-09-25 07:27:42,670 [Thread-428] INFO  impl.FollowerState (FollowerState.java:run(106)) - 600943d5-c424-432f-84b9-a00c1c65f122:group-DFFFBD2936F1 changes to CANDIDATE, lastRpcTime:5099, electionTimeout:5099ms
2019-09-25 07:27:42,670 [Thread-428] INFO  impl.RoleInfo (RoleInfo.java:shutdownFollowerState(121)) - 600943d5-c424-432f-84b9-a00c1c65f122: shutdown FollowerState
2019-09-25 07:27:42,670 [a0827fcf-c5ce-4373-8734-1ec063924bc7@group-F6BF018D65DF:LeaderElection45] INFO  impl.LeaderElection (LeaderElection.java:askForVotes(182)) - a0827fcf-c5ce-4373-8734-1ec063924bc7@group-F6BF018D65DF:LeaderElection45: begin an election at term 1 for -1: [a0827fcf-c5ce-4373-8734-1ec063924bc7:192.168.151.106:34656], old=null
2019-09-25 07:27:42,670 [Thread-428] INFO  impl.RaftServerImpl (RaftServerImpl.java:setRole(174)) - 600943d5-c424-432f-84b9-a00c1c65f122@group-DFFFBD2936F1: changes role from  FOLLOWER to CANDIDATE at term 0 for changeToCandidate
2019-09-25 07:27:42,670 [a0827fcf-c5ce-4373-8734-1ec063924bc7@group-F6BF018D65DF:LeaderElection45] INFO  impl.RoleInfo (RoleInfo.java:shutdownLeaderElection(134)) - a0827fcf-c5ce-4373-8734-1ec063924bc7: shutdown LeaderElection
2019-09-25 07:27:42,671 [Thread-428] INFO  impl.RoleInfo (RoleInfo.java:updateAndGet(143)) - 600943d5-c424-432f-84b9-a00c1c65f122: start LeaderElection
2019-09-25 07:27:42,671 [a0827fcf-c5ce-4373-8734-1ec063924bc7@group-F6BF018D65DF:LeaderElection45] INFO  impl.RaftServerImpl (RaftServerImpl.java:setRole(174)) - a0827fcf-c5ce-4373-8734-1ec063924bc7@group-F6BF018D65DF: changes role from CANDIDATE to LEADER at term 1 for changeToLeader
2019-09-25 07:27:42,671 [a0827fcf-c5ce-4373-8734-1ec063924bc7@group-F6BF018D65DF:LeaderElection45] INFO  impl.RaftServerImpl (ServerState.java:setLeader(253)) - a0827fcf-c5ce-4373-8734-1ec063924bc7@group-F6BF018D65DF: change Leader from null to a0827fcf-c5ce-4373-8734-1ec063924bc7 at term 1 for becomeLeader, leader elected after 5160ms
2019-09-25 07:27:42,671 [a0827fcf-c5ce-4373-8734-1ec063924bc7@group-F6BF018D65DF:LeaderElection45] INFO  server.RaftServerConfigKeys (ConfUtils.java:logGet(43)) - raft.server.staging.catchup.gap = 1000 (default)
2019-09-25 07:27:42,671 [a0827fcf-c5ce-4373-8734-1ec063924bc7@group-F6BF018D65DF:LeaderElection45] INFO  server.RaftServerConfigKeys (ConfUtils.java:logGet(43)) - raft.server.rpc.sleep.time = 25ms (default)
2019-09-25 07:27:42,671 [a0827fcf-c5ce-4373-8734-1ec063924bc7@group-F6BF018D65DF:LeaderElection45] INFO  server.RaftServerConfigKeys (ConfUtils.java:logGet(43)) - raft.server.write.element-limit = 4096 (default)
2019-09-25 07:27:42,672 [a0827fcf-c5ce-4373-8734-1ec063924bc7@group-F6BF018D65DF:LeaderElection45] INFO  server.RaftServerConfigKeys (ConfUtils.java:logGet(43)) - raft.server.watch.timeout = 10s (default)
2019-09-25 07:27:42,672 [a0827fcf-c5ce-4373-8734-1ec063924bc7@group-F6BF018D65DF:LeaderElection45] INFO  server.RaftServerConfigKeys (ConfUtils.java:logGet(43)) - raft.server.watch.timeout.denomination = 1s (default)
2019-09-25 07:27:42,672 [a0827fcf-c5ce-4373-8734-1ec063924bc7@group-F6BF018D65DF:LeaderElection45] INFO  server.RaftServerConfigKeys (ConfUtils.java:logGet(43)) - raft.server.watch.element-limit = 65536 (default)
2019-09-25 07:27:42,674 [a0827fcf-c5ce-4373-8734-1ec063924bc7@group-F6BF018D65DF:LeaderElection45] INFO  impl.RoleInfo (RoleInfo.java:updateAndGet(143)) - a0827fcf-c5ce-4373-8734-1ec063924bc7: start LeaderState
2019-09-25 07:27:42,675 [a0827fcf-c5ce-4373-8734-1ec063924bc7@group-F6BF018D65DF:LeaderElection45] INFO  segmented.SegmentedRaftLogWorker (SegmentedRaftLogWorker.java:startLogSegment(380)) - a0827fcf-c5ce-4373-8734-1ec063924bc7@group-F6BF018D65DF-SegmentedRaftLogWorker: Starting segment from index:0
2019-09-25 07:27:42,675 [a0827fcf-c5ce-4373-8734-1ec063924bc7@group-F6BF018D65DF:LeaderElection45] INFO  impl.RaftServerImpl (ServerState.java:setRaftConf(354)) - a0827fcf-c5ce-4373-8734-1ec063924bc7@group-F6BF018D65DF: set configuration 0: [a0827fcf-c5ce-4373-8734-1ec063924bc7:192.168.151.106:34656], old=null at 0
2019-09-25 07:27:42,705 [50e45688-d85c-45e8-a8ba-136a1a73e30a@group-B8F37E3A4916-SegmentedRaftLogWorker] INFO  segmented.SegmentedRaftLogWorker (SegmentedRaftLogWorker.java:execute(569)) - 50e45688-d85c-45e8-a8ba-136a1a73e30a@group-B8F37E3A4916-SegmentedRaftLogWorker: created new log segment /workdir/hadoop-ozone/ozonefs/target/test-dir/MiniOzoneClusterImpl-336849c0-54e0-42a2-92e3-a8dd7e6e8d6a/datanode-3/data/ratis/b478d00d-26b6-432a-a7fa-b8f37e3a4916/current/log_inprogress_0
2019-09-25 07:27:42,705 [600943d5-c424-432f-84b9-a00c1c65f122@group-DFFFBD2936F1:LeaderElection46] INFO  impl.LeaderElection (LeaderElection.java:askForVotes(182)) - 600943d5-c424-432f-84b9-a00c1c65f122@group-DFFFBD2936F1:LeaderElection46: begin an election at term 1 for -1: [600943d5-c424-432f-84b9-a00c1c65f122:192.168.151.106:33383], old=null
2019-09-25 07:27:42,705 [600943d5-c424-432f-84b9-a00c1c65f122@group-DFFFBD2936F1:LeaderElection46] INFO  impl.RoleInfo (RoleInfo.java:shutdownLeaderElection(134)) - 600943d5-c424-432f-84b9-a00c1c65f122: shutdown LeaderElection
2019-09-25 07:27:42,706 [600943d5-c424-432f-84b9-a00c1c65f122@group-DFFFBD2936F1:LeaderElection46] INFO  impl.RaftServerImpl (RaftServerImpl.java:setRole(174)) - 600943d5-c424-432f-84b9-a00c1c65f122@group-DFFFBD2936F1: changes role from CANDIDATE to LEADER at term 1 for changeToLeader
2019-09-25 07:27:42,706 [600943d5-c424-432f-84b9-a00c1c65f122@group-DFFFBD2936F1:LeaderElection46] INFO  impl.RaftServerImpl (ServerState.java:setLeader(253)) - 600943d5-c424-432f-84b9-a00c1c65f122@group-DFFFBD2936F1: change Leader from null to 600943d5-c424-432f-84b9-a00c1c65f122 at term 1 for becomeLeader, leader elected after 5142ms
2019-09-25 07:27:42,706 [600943d5-c424-432f-84b9-a00c1c65f122@group-DFFFBD2936F1:LeaderElection46] INFO  server.RaftServerConfigKeys (ConfUtils.java:logGet(43)) - raft.server.staging.catchup.gap = 1000 (default)
2019-09-25 07:27:42,706 [600943d5-c424-432f-84b9-a00c1c65f122@group-DFFFBD2936F1:LeaderElection46] INFO  server.RaftServerConfigKeys (ConfUtils.java:logGet(43)) - raft.server.rpc.sleep.time = 25ms (default)
2019-09-25 07:27:42,706 [600943d5-c424-432f-84b9-a00c1c65f122@group-DFFFBD2936F1:LeaderElection46] INFO  server.RaftServerConfigKeys (ConfUtils.java:logGet(43)) - raft.server.write.element-limit = 4096 (default)
2019-09-25 07:27:42,706 [600943d5-c424-432f-84b9-a00c1c65f122@group-DFFFBD2936F1:LeaderElection46] INFO  server.RaftServerConfigKeys (ConfUtils.java:logGet(43)) - raft.server.watch.timeout = 10s (default)
2019-09-25 07:27:42,707 [600943d5-c424-432f-84b9-a00c1c65f122@group-DFFFBD2936F1:LeaderElection46] INFO  server.RaftServerConfigKeys (ConfUtils.java:logGet(43)) - raft.server.watch.timeout.denomination = 1s (default)
2019-09-25 07:27:42,707 [600943d5-c424-432f-84b9-a00c1c65f122@group-DFFFBD2936F1:LeaderElection46] INFO  server.RaftServerConfigKeys (ConfUtils.java:logGet(43)) - raft.server.watch.element-limit = 65536 (default)
2019-09-25 07:27:42,709 [600943d5-c424-432f-84b9-a00c1c65f122@group-DFFFBD2936F1:LeaderElection46] INFO  impl.RoleInfo (RoleInfo.java:updateAndGet(143)) - 600943d5-c424-432f-84b9-a00c1c65f122: start LeaderState
2019-09-25 07:27:42,710 [600943d5-c424-432f-84b9-a00c1c65f122@group-DFFFBD2936F1:LeaderElection46] INFO  segmented.SegmentedRaftLogWorker (SegmentedRaftLogWorker.java:startLogSegment(380)) - 600943d5-c424-432f-84b9-a00c1c65f122@group-DFFFBD2936F1-SegmentedRaftLogWorker: Starting segment from index:0
2019-09-25 07:27:42,710 [600943d5-c424-432f-84b9-a00c1c65f122@group-DFFFBD2936F1:LeaderElection46] INFO  impl.RaftServerImpl (ServerState.java:setRaftConf(354)) - 600943d5-c424-432f-84b9-a00c1c65f122@group-DFFFBD2936F1: set configuration 0: [600943d5-c424-432f-84b9-a00c1c65f122:192.168.151.106:33383], old=null at 0
2019-09-25 07:27:42,759 [a0827fcf-c5ce-4373-8734-1ec063924bc7@group-F6BF018D65DF-SegmentedRaftLogWorker] INFO  segmented.SegmentedRaftLogWorker (SegmentedRaftLogWorker.java:execute(569)) - a0827fcf-c5ce-4373-8734-1ec063924bc7@group-F6BF018D65DF-SegmentedRaftLogWorker: created new log segment /workdir/hadoop-ozone/ozonefs/target/test-dir/MiniOzoneClusterImpl-336849c0-54e0-42a2-92e3-a8dd7e6e8d6a/datanode-7/data/ratis/ef230c16-f8f0-485d-acd1-f6bf018d65df/current/log_inprogress_0
2019-09-25 07:27:42,771 [600943d5-c424-432f-84b9-a00c1c65f122@group-DFFFBD2936F1-SegmentedRaftLogWorker] INFO  segmented.SegmentedRaftLogWorker (SegmentedRaftLogWorker.java:execute(569)) - 600943d5-c424-432f-84b9-a00c1c65f122@group-DFFFBD2936F1-SegmentedRaftLogWorker: created new log segment /workdir/hadoop-ozone/ozonefs/target/test-dir/MiniOzoneClusterImpl-336849c0-54e0-42a2-92e3-a8dd7e6e8d6a/datanode-6/data/ratis/998de89f-d446-4f62-aaa1-dfffbd2936f1/current/log_inprogress_0
2019-09-25 07:27:42,789 [Thread-431] INFO  impl.FollowerState (FollowerState.java:run(106)) - 9cc18591-be2f-448e-af7e-d5f4fba8f5f7:group-08478D7625A7 changes to CANDIDATE, lastRpcTime:5163, electionTimeout:5163ms
2019-09-25 07:27:42,789 [Thread-431] INFO  impl.RoleInfo (RoleInfo.java:shutdownFollowerState(121)) - 9cc18591-be2f-448e-af7e-d5f4fba8f5f7: shutdown FollowerState
2019-09-25 07:27:42,789 [Thread-431] INFO  impl.RaftServerImpl (RaftServerImpl.java:setRole(174)) - 9cc18591-be2f-448e-af7e-d5f4fba8f5f7@group-08478D7625A7: changes role from  FOLLOWER to CANDIDATE at term 0 for changeToCandidate
2019-09-25 07:27:42,790 [Thread-431] INFO  impl.RoleInfo (RoleInfo.java:updateAndGet(143)) - 9cc18591-be2f-448e-af7e-d5f4fba8f5f7: start LeaderElection
2019-09-25 07:27:42,800 [Thread-434] INFO  impl.FollowerState (FollowerState.java:run(106)) - 50e45688-d85c-45e8-a8ba-136a1a73e30a:group-C4EB2BD644B6 changes to CANDIDATE, lastRpcTime:5105, electionTimeout:5105ms
2019-09-25 07:27:42,800 [Thread-434] INFO  impl.RoleInfo (RoleInfo.java:shutdownFollowerState(121)) - 50e45688-d85c-45e8-a8ba-136a1a73e30a: shutdown FollowerState
2019-09-25 07:27:42,800 [Thread-434] INFO  impl.RaftServerImpl (RaftServerImpl.java:setRole(174)) - 50e45688-d85c-45e8-a8ba-136a1a73e30a@group-C4EB2BD644B6: changes role from  FOLLOWER to CANDIDATE at term 0 for changeToCandidate
2019-09-25 07:27:42,801 [Thread-434] INFO  impl.RoleInfo (RoleInfo.java:updateAndGet(143)) - 50e45688-d85c-45e8-a8ba-136a1a73e30a: start LeaderElection
2019-09-25 07:27:42,802 [Thread-437] INFO  impl.FollowerState (FollowerState.java:run(106)) - ad28d3ec-40f8-4bc1-a274-453df443249c:group-E82CD6074FF6 changes to CANDIDATE, lastRpcTime:5041, electionTimeout:5041ms
2019-09-25 07:27:42,803 [Thread-437] INFO  impl.RoleInfo (RoleInfo.java:shutdownFollowerState(121)) - ad28d3ec-40f8-4bc1-a274-453df443249c: shutdown FollowerState
2019-09-25 07:27:42,803 [Thread-437] INFO  impl.RaftServerImpl (RaftServerImpl.java:setRole(174)) - ad28d3ec-40f8-4bc1-a274-453df443249c@group-E82CD6074FF6: changes role from  FOLLOWER to CANDIDATE at term 0 for changeToCandidate
2019-09-25 07:27:42,803 [Thread-437] INFO  impl.RoleInfo (RoleInfo.java:updateAndGet(143)) - ad28d3ec-40f8-4bc1-a274-453df443249c: start LeaderElection
2019-09-25 07:27:42,814 [9cc18591-be2f-448e-af7e-d5f4fba8f5f7@group-08478D7625A7:LeaderElection47] INFO  impl.LeaderElection (LeaderElection.java:askForVotes(182)) - 9cc18591-be2f-448e-af7e-d5f4fba8f5f7@group-08478D7625A7:LeaderElection47: begin an election at term 1 for -1: [9cc18591-be2f-448e-af7e-d5f4fba8f5f7:192.168.151.106:36443], old=null
2019-09-25 07:27:42,814 [9cc18591-be2f-448e-af7e-d5f4fba8f5f7@group-08478D7625A7:LeaderElection47] INFO  impl.RoleInfo (RoleInfo.java:shutdownLeaderElection(134)) - 9cc18591-be2f-448e-af7e-d5f4fba8f5f7: shutdown LeaderElection
2019-09-25 07:27:42,814 [9cc18591-be2f-448e-af7e-d5f4fba8f5f7@group-08478D7625A7:LeaderElection47] INFO  impl.RaftServerImpl (RaftServerImpl.java:setRole(174)) - 9cc18591-be2f-448e-af7e-d5f4fba8f5f7@group-08478D7625A7: changes role from CANDIDATE to LEADER at term 1 for changeToLeader
2019-09-25 07:27:42,814 [9cc18591-be2f-448e-af7e-d5f4fba8f5f7@group-08478D7625A7:LeaderElection47] INFO  impl.RaftServerImpl (ServerState.java:setLeader(253)) - 9cc18591-be2f-448e-af7e-d5f4fba8f5f7@group-08478D7625A7: change Leader from null to 9cc18591-be2f-448e-af7e-d5f4fba8f5f7 at term 1 for becomeLeader, leader elected after 5195ms
2019-09-25 07:27:42,814 [9cc18591-be2f-448e-af7e-d5f4fba8f5f7@group-08478D7625A7:LeaderElection47] INFO  server.RaftServerConfigKeys (ConfUtils.java:logGet(43)) - raft.server.staging.catchup.gap = 1000 (default)
2019-09-25 07:27:42,815 [9cc18591-be2f-448e-af7e-d5f4fba8f5f7@group-08478D7625A7:LeaderElection47] INFO  server.RaftServerConfigKeys (ConfUtils.java:logGet(43)) - raft.server.rpc.sleep.time = 25ms (default)
2019-09-25 07:27:42,815 [9cc18591-be2f-448e-af7e-d5f4fba8f5f7@group-08478D7625A7:LeaderElection47] INFO  server.RaftServerConfigKeys (ConfUtils.java:logGet(43)) - raft.server.write.element-limit = 4096 (default)
2019-09-25 07:27:42,815 [9cc18591-be2f-448e-af7e-d5f4fba8f5f7@group-08478D7625A7:LeaderElection47] INFO  server.RaftServerConfigKeys (ConfUtils.java:logGet(43)) - raft.server.watch.timeout = 10s (default)
2019-09-25 07:27:42,815 [9cc18591-be2f-448e-af7e-d5f4fba8f5f7@group-08478D7625A7:LeaderElection47] INFO  server.RaftServerConfigKeys (ConfUtils.java:logGet(43)) - raft.server.watch.timeout.denomination = 1s (default)
2019-09-25 07:27:42,815 [9cc18591-be2f-448e-af7e-d5f4fba8f5f7@group-08478D7625A7:LeaderElection47] INFO  server.RaftServerConfigKeys (ConfUtils.java:logGet(43)) - raft.server.watch.element-limit = 65536 (default)
2019-09-25 07:27:42,818 [9cc18591-be2f-448e-af7e-d5f4fba8f5f7@group-08478D7625A7:LeaderElection47] INFO  impl.RoleInfo (RoleInfo.java:updateAndGet(143)) - 9cc18591-be2f-448e-af7e-d5f4fba8f5f7: start LeaderState
2019-09-25 07:27:42,818 [9cc18591-be2f-448e-af7e-d5f4fba8f5f7@group-08478D7625A7:LeaderElection47] INFO  segmented.SegmentedRaftLogWorker (SegmentedRaftLogWorker.java:startLogSegment(380)) - 9cc18591-be2f-448e-af7e-d5f4fba8f5f7@group-08478D7625A7-SegmentedRaftLogWorker: Starting segment from index:0
2019-09-25 07:27:42,818 [9cc18591-be2f-448e-af7e-d5f4fba8f5f7@group-08478D7625A7:LeaderElection47] INFO  impl.RaftServerImpl (ServerState.java:setRaftConf(354)) - 9cc18591-be2f-448e-af7e-d5f4fba8f5f7@group-08478D7625A7: set configuration 0: [9cc18591-be2f-448e-af7e-d5f4fba8f5f7:192.168.151.106:36443], old=null at 0
2019-09-25 07:27:42,835 [50e45688-d85c-45e8-a8ba-136a1a73e30a@group-C4EB2BD644B6:LeaderElection48] INFO  impl.LeaderElection (LeaderElection.java:askForVotes(182)) - 50e45688-d85c-45e8-a8ba-136a1a73e30a@group-C4EB2BD644B6:LeaderElection48: begin an election at term 1 for -1: [50e45688-d85c-45e8-a8ba-136a1a73e30a:192.168.151.106:37283], old=null
2019-09-25 07:27:42,836 [ad28d3ec-40f8-4bc1-a274-453df443249c@group-E82CD6074FF6:LeaderElection49] INFO  impl.LeaderElection (LeaderElection.java:askForVotes(182)) - ad28d3ec-40f8-4bc1-a274-453df443249c@group-E82CD6074FF6:LeaderElection49: begin an election at term 1 for -1: [ad28d3ec-40f8-4bc1-a274-453df443249c:192.168.151.106:42516], old=null
2019-09-25 07:27:42,836 [50e45688-d85c-45e8-a8ba-136a1a73e30a@group-C4EB2BD644B6:LeaderElection48] INFO  impl.RoleInfo (RoleInfo.java:shutdownLeaderElection(134)) - 50e45688-d85c-45e8-a8ba-136a1a73e30a: shutdown LeaderElection
2019-09-25 07:27:42,836 [ad28d3ec-40f8-4bc1-a274-453df443249c@group-E82CD6074FF6:LeaderElection49] INFO  impl.RoleInfo (RoleInfo.java:shutdownLeaderElection(134)) - ad28d3ec-40f8-4bc1-a274-453df443249c: shutdown LeaderElection
2019-09-25 07:27:42,836 [50e45688-d85c-45e8-a8ba-136a1a73e30a@group-C4EB2BD644B6:LeaderElection48] INFO  impl.RaftServerImpl (RaftServerImpl.java:setRole(174)) - 50e45688-d85c-45e8-a8ba-136a1a73e30a@group-C4EB2BD644B6: changes role from CANDIDATE to LEADER at term 1 for changeToLeader
2019-09-25 07:27:42,836 [ad28d3ec-40f8-4bc1-a274-453df443249c@group-E82CD6074FF6:LeaderElection49] INFO  impl.RaftServerImpl (RaftServerImpl.java:setRole(174)) - ad28d3ec-40f8-4bc1-a274-453df443249c@group-E82CD6074FF6: changes role from CANDIDATE to LEADER at term 1 for changeToLeader
2019-09-25 07:27:42,836 [50e45688-d85c-45e8-a8ba-136a1a73e30a@group-C4EB2BD644B6:LeaderElection48] INFO  impl.RaftServerImpl (ServerState.java:setLeader(253)) - 50e45688-d85c-45e8-a8ba-136a1a73e30a@group-C4EB2BD644B6: change Leader from null to 50e45688-d85c-45e8-a8ba-136a1a73e30a at term 1 for becomeLeader, leader elected after 5148ms
2019-09-25 07:27:42,837 [ad28d3ec-40f8-4bc1-a274-453df443249c@group-E82CD6074FF6:LeaderElection49] INFO  impl.RaftServerImpl (ServerState.java:setLeader(253)) - ad28d3ec-40f8-4bc1-a274-453df443249c@group-E82CD6074FF6: change Leader from null to ad28d3ec-40f8-4bc1-a274-453df443249c at term 1 for becomeLeader, leader elected after 5082ms
2019-09-25 07:27:42,837 [50e45688-d85c-45e8-a8ba-136a1a73e30a@group-C4EB2BD644B6:LeaderElection48] INFO  server.RaftServerConfigKeys (ConfUtils.java:logGet(43)) - raft.server.staging.catchup.gap = 1000 (default)
2019-09-25 07:27:42,837 [ad28d3ec-40f8-4bc1-a274-453df443249c@group-E82CD6074FF6:LeaderElection49] INFO  server.RaftServerConfigKeys (ConfUtils.java:logGet(43)) - raft.server.staging.catchup.gap = 1000 (default)
2019-09-25 07:27:42,837 [50e45688-d85c-45e8-a8ba-136a1a73e30a@group-C4EB2BD644B6:LeaderElection48] INFO  server.RaftServerConfigKeys (ConfUtils.java:logGet(43)) - raft.server.rpc.sleep.time = 25ms (default)
2019-09-25 07:27:42,837 [ad28d3ec-40f8-4bc1-a274-453df443249c@group-E82CD6074FF6:LeaderElection49] INFO  server.RaftServerConfigKeys (ConfUtils.java:logGet(43)) - raft.server.rpc.sleep.time = 25ms (default)
2019-09-25 07:27:42,837 [50e45688-d85c-45e8-a8ba-136a1a73e30a@group-C4EB2BD644B6:LeaderElection48] INFO  server.RaftServerConfigKeys (ConfUtils.java:logGet(43)) - raft.server.write.element-limit = 4096 (default)
2019-09-25 07:27:42,838 [ad28d3ec-40f8-4bc1-a274-453df443249c@group-E82CD6074FF6:LeaderElection49] INFO  server.RaftServerConfigKeys (ConfUtils.java:logGet(43)) - raft.server.write.element-limit = 4096 (default)
2019-09-25 07:27:42,838 [50e45688-d85c-45e8-a8ba-136a1a73e30a@group-C4EB2BD644B6:LeaderElection48] INFO  server.RaftServerConfigKeys (ConfUtils.java:logGet(43)) - raft.server.watch.timeout = 10s (default)
2019-09-25 07:27:42,838 [ad28d3ec-40f8-4bc1-a274-453df443249c@group-E82CD6074FF6:LeaderElection49] INFO  server.RaftServerConfigKeys (ConfUtils.java:logGet(43)) - raft.server.watch.timeout = 10s (default)
2019-09-25 07:27:42,838 [50e45688-d85c-45e8-a8ba-136a1a73e30a@group-C4EB2BD644B6:LeaderElection48] INFO  server.RaftServerConfigKeys (ConfUtils.java:logGet(43)) - raft.server.watch.timeout.denomination = 1s (default)
2019-09-25 07:27:42,838 [ad28d3ec-40f8-4bc1-a274-453df443249c@group-E82CD6074FF6:LeaderElection49] INFO  server.RaftServerConfigKeys (ConfUtils.java:logGet(43)) - raft.server.watch.timeout.denomination = 1s (default)
2019-09-25 07:27:42,838 [50e45688-d85c-45e8-a8ba-136a1a73e30a@group-C4EB2BD644B6:LeaderElection48] INFO  server.RaftServerConfigKeys (ConfUtils.java:logGet(43)) - raft.server.watch.element-limit = 65536 (default)
2019-09-25 07:27:42,838 [ad28d3ec-40f8-4bc1-a274-453df443249c@group-E82CD6074FF6:LeaderElection49] INFO  server.RaftServerConfigKeys (ConfUtils.java:logGet(43)) - raft.server.watch.element-limit = 65536 (default)
2019-09-25 07:27:42,841 [50e45688-d85c-45e8-a8ba-136a1a73e30a@group-C4EB2BD644B6:LeaderElection48] INFO  impl.RoleInfo (RoleInfo.java:updateAndGet(143)) - 50e45688-d85c-45e8-a8ba-136a1a73e30a: start LeaderState
2019-09-25 07:27:42,842 [50e45688-d85c-45e8-a8ba-136a1a73e30a@group-C4EB2BD644B6:LeaderElection48] INFO  segmented.SegmentedRaftLogWorker (SegmentedRaftLogWorker.java:startLogSegment(380)) - 50e45688-d85c-45e8-a8ba-136a1a73e30a@group-C4EB2BD644B6-SegmentedRaftLogWorker: Starting segment from index:0
2019-09-25 07:27:42,842 [ad28d3ec-40f8-4bc1-a274-453df443249c@group-E82CD6074FF6:LeaderElection49] INFO  impl.RoleInfo (RoleInfo.java:updateAndGet(143)) - ad28d3ec-40f8-4bc1-a274-453df443249c: start LeaderState
2019-09-25 07:27:42,842 [50e45688-d85c-45e8-a8ba-136a1a73e30a@group-C4EB2BD644B6:LeaderElection48] INFO  impl.RaftServerImpl (ServerState.java:setRaftConf(354)) - 50e45688-d85c-45e8-a8ba-136a1a73e30a@group-C4EB2BD644B6: set configuration 0: [50e45688-d85c-45e8-a8ba-136a1a73e30a:192.168.151.106:37283], old=null at 0
2019-09-25 07:27:42,842 [ad28d3ec-40f8-4bc1-a274-453df443249c@group-E82CD6074FF6:LeaderElection49] INFO  segmented.SegmentedRaftLogWorker (SegmentedRaftLogWorker.java:startLogSegment(380)) - ad28d3ec-40f8-4bc1-a274-453df443249c@group-E82CD6074FF6-SegmentedRaftLogWorker: Starting segment from index:0
2019-09-25 07:27:42,843 [ad28d3ec-40f8-4bc1-a274-453df443249c@group-E82CD6074FF6:LeaderElection49] INFO  impl.RaftServerImpl (ServerState.java:setRaftConf(354)) - ad28d3ec-40f8-4bc1-a274-453df443249c@group-E82CD6074FF6: set configuration 0: [ad28d3ec-40f8-4bc1-a274-453df443249c:192.168.151.106:42516], old=null at 0
2019-09-25 07:27:42,873 [9cc18591-be2f-448e-af7e-d5f4fba8f5f7@group-08478D7625A7-SegmentedRaftLogWorker] INFO  segmented.SegmentedRaftLogWorker (SegmentedRaftLogWorker.java:execute(569)) - 9cc18591-be2f-448e-af7e-d5f4fba8f5f7@group-08478D7625A7-SegmentedRaftLogWorker: created new log segment /workdir/hadoop-ozone/ozonefs/target/test-dir/MiniOzoneClusterImpl-336849c0-54e0-42a2-92e3-a8dd7e6e8d6a/datanode-1/data/ratis/d72fda91-91e8-41db-8a63-08478d7625a7/current/log_inprogress_0
2019-09-25 07:27:42,910 [ad28d3ec-40f8-4bc1-a274-453df443249c@group-E82CD6074FF6-SegmentedRaftLogWorker] INFO  segmented.SegmentedRaftLogWorker (SegmentedRaftLogWorker.java:execute(569)) - ad28d3ec-40f8-4bc1-a274-453df443249c@group-E82CD6074FF6-SegmentedRaftLogWorker: created new log segment /workdir/hadoop-ozone/ozonefs/target/test-dir/MiniOzoneClusterImpl-336849c0-54e0-42a2-92e3-a8dd7e6e8d6a/datanode-5/data/ratis/0a9f941d-8973-430e-ac96-e82cd6074ff6/current/log_inprogress_0
2019-09-25 07:27:42,910 [50e45688-d85c-45e8-a8ba-136a1a73e30a@group-C4EB2BD644B6-SegmentedRaftLogWorker] INFO  segmented.SegmentedRaftLogWorker (SegmentedRaftLogWorker.java:execute(569)) - 50e45688-d85c-45e8-a8ba-136a1a73e30a@group-C4EB2BD644B6-SegmentedRaftLogWorker: created new log segment /workdir/hadoop-ozone/ozonefs/target/test-dir/MiniOzoneClusterImpl-336849c0-54e0-42a2-92e3-a8dd7e6e8d6a/datanode-3/data/ratis/1cc9db54-b590-4256-9af8-c4eb2bd644b6/current/log_inprogress_0
2019-09-25 07:27:42,928 [Thread-442] INFO  impl.FollowerState (FollowerState.java:run(106)) - a0827fcf-c5ce-4373-8734-1ec063924bc7:group-B1F9B620592A changes to CANDIDATE, lastRpcTime:5079, electionTimeout:5079ms
2019-09-25 07:27:42,929 [Thread-442] INFO  impl.RoleInfo (RoleInfo.java:shutdownFollowerState(121)) - a0827fcf-c5ce-4373-8734-1ec063924bc7: shutdown FollowerState
2019-09-25 07:27:42,929 [Thread-442] INFO  impl.RaftServerImpl (RaftServerImpl.java:setRole(174)) - a0827fcf-c5ce-4373-8734-1ec063924bc7@group-B1F9B620592A: changes role from  FOLLOWER to CANDIDATE at term 0 for changeToCandidate
2019-09-25 07:27:42,929 [Thread-442] INFO  impl.RoleInfo (RoleInfo.java:updateAndGet(143)) - a0827fcf-c5ce-4373-8734-1ec063924bc7: start LeaderElection
2019-09-25 07:27:42,953 [a0827fcf-c5ce-4373-8734-1ec063924bc7@group-B1F9B620592A:LeaderElection50] INFO  impl.LeaderElection (LeaderElection.java:askForVotes(182)) - a0827fcf-c5ce-4373-8734-1ec063924bc7@group-B1F9B620592A:LeaderElection50: begin an election at term 1 for -1: [a0827fcf-c5ce-4373-8734-1ec063924bc7:192.168.151.106:34656], old=null
2019-09-25 07:27:42,953 [a0827fcf-c5ce-4373-8734-1ec063924bc7@group-B1F9B620592A:LeaderElection50] INFO  impl.RoleInfo (RoleInfo.java:shutdownLeaderElection(134)) - a0827fcf-c5ce-4373-8734-1ec063924bc7: shutdown LeaderElection
2019-09-25 07:27:42,953 [a0827fcf-c5ce-4373-8734-1ec063924bc7@group-B1F9B620592A:LeaderElection50] INFO  impl.RaftServerImpl (RaftServerImpl.java:setRole(174)) - a0827fcf-c5ce-4373-8734-1ec063924bc7@group-B1F9B620592A: changes role from CANDIDATE to LEADER at term 1 for changeToLeader
2019-09-25 07:27:42,953 [a0827fcf-c5ce-4373-8734-1ec063924bc7@group-B1F9B620592A:LeaderElection50] INFO  impl.RaftServerImpl (ServerState.java:setLeader(253)) - a0827fcf-c5ce-4373-8734-1ec063924bc7@group-B1F9B620592A: change Leader from null to a0827fcf-c5ce-4373-8734-1ec063924bc7 at term 1 for becomeLeader, leader elected after 5111ms
2019-09-25 07:27:42,954 [a0827fcf-c5ce-4373-8734-1ec063924bc7@group-B1F9B620592A:LeaderElection50] INFO  server.RaftServerConfigKeys (ConfUtils.java:logGet(43)) - raft.server.staging.catchup.gap = 1000 (default)
2019-09-25 07:27:42,954 [a0827fcf-c5ce-4373-8734-1ec063924bc7@group-B1F9B620592A:LeaderElection50] INFO  server.RaftServerConfigKeys (ConfUtils.java:logGet(43)) - raft.server.rpc.sleep.time = 25ms (default)
2019-09-25 07:27:42,954 [a0827fcf-c5ce-4373-8734-1ec063924bc7@group-B1F9B620592A:LeaderElection50] INFO  server.RaftServerConfigKeys (ConfUtils.java:logGet(43)) - raft.server.write.element-limit = 4096 (default)
2019-09-25 07:27:42,954 [a0827fcf-c5ce-4373-8734-1ec063924bc7@group-B1F9B620592A:LeaderElection50] INFO  server.RaftServerConfigKeys (ConfUtils.java:logGet(43)) - raft.server.watch.timeout = 10s (default)
2019-09-25 07:27:42,954 [a0827fcf-c5ce-4373-8734-1ec063924bc7@group-B1F9B620592A:LeaderElection50] INFO  server.RaftServerConfigKeys (ConfUtils.java:logGet(43)) - raft.server.watch.timeout.denomination = 1s (default)
2019-09-25 07:27:42,954 [a0827fcf-c5ce-4373-8734-1ec063924bc7@group-B1F9B620592A:LeaderElection50] INFO  server.RaftServerConfigKeys (ConfUtils.java:logGet(43)) - raft.server.watch.element-limit = 65536 (default)
2019-09-25 07:27:42,957 [a0827fcf-c5ce-4373-8734-1ec063924bc7@group-B1F9B620592A:LeaderElection50] INFO  impl.RoleInfo (RoleInfo.java:updateAndGet(143)) - a0827fcf-c5ce-4373-8734-1ec063924bc7: start LeaderState
2019-09-25 07:27:42,957 [a0827fcf-c5ce-4373-8734-1ec063924bc7@group-B1F9B620592A:LeaderElection50] INFO  segmented.SegmentedRaftLogWorker (SegmentedRaftLogWorker.java:startLogSegment(380)) - a0827fcf-c5ce-4373-8734-1ec063924bc7@group-B1F9B620592A-SegmentedRaftLogWorker: Starting segment from index:0
2019-09-25 07:27:42,958 [a0827fcf-c5ce-4373-8734-1ec063924bc7@group-B1F9B620592A:LeaderElection50] INFO  impl.RaftServerImpl (ServerState.java:setRaftConf(354)) - a0827fcf-c5ce-4373-8734-1ec063924bc7@group-B1F9B620592A: set configuration 0: [a0827fcf-c5ce-4373-8734-1ec063924bc7:192.168.151.106:34656], old=null at 0
2019-09-25 07:27:43,009 [a0827fcf-c5ce-4373-8734-1ec063924bc7@group-B1F9B620592A-SegmentedRaftLogWorker] INFO  segmented.SegmentedRaftLogWorker (SegmentedRaftLogWorker.java:execute(569)) - a0827fcf-c5ce-4373-8734-1ec063924bc7@group-B1F9B620592A-SegmentedRaftLogWorker: created new log segment /workdir/hadoop-ozone/ozonefs/target/test-dir/MiniOzoneClusterImpl-336849c0-54e0-42a2-92e3-a8dd7e6e8d6a/datanode-7/data/ratis/dff6ed15-09c7-410c-b61c-b1f9b620592a/current/log_inprogress_0
2019-09-25 07:27:43,032 [Thread-448] INFO  impl.FollowerState (FollowerState.java:run(106)) - 9cc18591-be2f-448e-af7e-d5f4fba8f5f7:group-1BB00B411B38 changes to CANDIDATE, lastRpcTime:5084, electionTimeout:5084ms
2019-09-25 07:27:43,032 [Thread-448] INFO  impl.RoleInfo (RoleInfo.java:shutdownFollowerState(121)) - 9cc18591-be2f-448e-af7e-d5f4fba8f5f7: shutdown FollowerState
2019-09-25 07:27:43,032 [Thread-448] INFO  impl.RaftServerImpl (RaftServerImpl.java:setRole(174)) - 9cc18591-be2f-448e-af7e-d5f4fba8f5f7@group-1BB00B411B38: changes role from  FOLLOWER to CANDIDATE at term 0 for changeToCandidate
2019-09-25 07:27:43,032 [Thread-448] INFO  impl.RoleInfo (RoleInfo.java:updateAndGet(143)) - 9cc18591-be2f-448e-af7e-d5f4fba8f5f7: start LeaderElection
2019-09-25 07:27:43,046 [Thread-451] INFO  impl.FollowerState (FollowerState.java:run(106)) - 94a1c681-cec5-47e9-bd86-59396c1e12e6:group-C3C9CFCC795B changes to CANDIDATE, lastRpcTime:5012, electionTimeout:5012ms
2019-09-25 07:27:43,046 [Thread-451] INFO  impl.RoleInfo (RoleInfo.java:shutdownFollowerState(121)) - 94a1c681-cec5-47e9-bd86-59396c1e12e6: shutdown FollowerState
2019-09-25 07:27:43,046 [9cc18591-be2f-448e-af7e-d5f4fba8f5f7@group-1BB00B411B38:LeaderElection51] INFO  impl.LeaderElection (LeaderElection.java:askForVotes(182)) - 9cc18591-be2f-448e-af7e-d5f4fba8f5f7@group-1BB00B411B38:LeaderElection51: begin an election at term 1 for -1: [9cc18591-be2f-448e-af7e-d5f4fba8f5f7:192.168.151.106:36443], old=null
2019-09-25 07:27:43,046 [Thread-451] INFO  impl.RaftServerImpl (RaftServerImpl.java:setRole(174)) - 94a1c681-cec5-47e9-bd86-59396c1e12e6@group-C3C9CFCC795B: changes role from  FOLLOWER to CANDIDATE at term 0 for changeToCandidate
2019-09-25 07:27:43,047 [9cc18591-be2f-448e-af7e-d5f4fba8f5f7@group-1BB00B411B38:LeaderElection51] INFO  impl.RoleInfo (RoleInfo.java:shutdownLeaderElection(134)) - 9cc18591-be2f-448e-af7e-d5f4fba8f5f7: shutdown LeaderElection
2019-09-25 07:27:43,047 [Thread-451] INFO  impl.RoleInfo (RoleInfo.java:updateAndGet(143)) - 94a1c681-cec5-47e9-bd86-59396c1e12e6: start LeaderElection
2019-09-25 07:27:43,047 [9cc18591-be2f-448e-af7e-d5f4fba8f5f7@group-1BB00B411B38:LeaderElection51] INFO  impl.RaftServerImpl (RaftServerImpl.java:setRole(174)) - 9cc18591-be2f-448e-af7e-d5f4fba8f5f7@group-1BB00B411B38: changes role from CANDIDATE to LEADER at term 1 for changeToLeader
2019-09-25 07:27:43,047 [9cc18591-be2f-448e-af7e-d5f4fba8f5f7@group-1BB00B411B38:LeaderElection51] INFO  impl.RaftServerImpl (ServerState.java:setLeader(253)) - 9cc18591-be2f-448e-af7e-d5f4fba8f5f7@group-1BB00B411B38: change Leader from null to 9cc18591-be2f-448e-af7e-d5f4fba8f5f7 at term 1 for becomeLeader, leader elected after 5107ms
2019-09-25 07:27:43,047 [9cc18591-be2f-448e-af7e-d5f4fba8f5f7@group-1BB00B411B38:LeaderElection51] INFO  server.RaftServerConfigKeys (ConfUtils.java:logGet(43)) - raft.server.staging.catchup.gap = 1000 (default)
2019-09-25 07:27:43,048 [9cc18591-be2f-448e-af7e-d5f4fba8f5f7@group-1BB00B411B38:LeaderElection51] INFO  server.RaftServerConfigKeys (ConfUtils.java:logGet(43)) - raft.server.rpc.sleep.time = 25ms (default)
2019-09-25 07:27:43,048 [9cc18591-be2f-448e-af7e-d5f4fba8f5f7@group-1BB00B411B38:LeaderElection51] INFO  server.RaftServerConfigKeys (ConfUtils.java:logGet(43)) - raft.server.write.element-limit = 4096 (default)
2019-09-25 07:27:43,048 [9cc18591-be2f-448e-af7e-d5f4fba8f5f7@group-1BB00B411B38:LeaderElection51] INFO  server.RaftServerConfigKeys (ConfUtils.java:logGet(43)) - raft.server.watch.timeout = 10s (default)
2019-09-25 07:27:43,048 [9cc18591-be2f-448e-af7e-d5f4fba8f5f7@group-1BB00B411B38:LeaderElection51] INFO  server.RaftServerConfigKeys (ConfUtils.java:logGet(43)) - raft.server.watch.timeout.denomination = 1s (default)
2019-09-25 07:27:43,048 [9cc18591-be2f-448e-af7e-d5f4fba8f5f7@group-1BB00B411B38:LeaderElection51] INFO  server.RaftServerConfigKeys (ConfUtils.java:logGet(43)) - raft.server.watch.element-limit = 65536 (default)
2019-09-25 07:27:43,051 [9cc18591-be2f-448e-af7e-d5f4fba8f5f7@group-1BB00B411B38:LeaderElection51] INFO  impl.RoleInfo (RoleInfo.java:updateAndGet(143)) - 9cc18591-be2f-448e-af7e-d5f4fba8f5f7: start LeaderState
2019-09-25 07:27:43,051 [9cc18591-be2f-448e-af7e-d5f4fba8f5f7@group-1BB00B411B38:LeaderElection51] INFO  segmented.SegmentedRaftLogWorker (SegmentedRaftLogWorker.java:startLogSegment(380)) - 9cc18591-be2f-448e-af7e-d5f4fba8f5f7@group-1BB00B411B38-SegmentedRaftLogWorker: Starting segment from index:0
2019-09-25 07:27:43,052 [9cc18591-be2f-448e-af7e-d5f4fba8f5f7@group-1BB00B411B38:LeaderElection51] INFO  impl.RaftServerImpl (ServerState.java:setRaftConf(354)) - 9cc18591-be2f-448e-af7e-d5f4fba8f5f7@group-1BB00B411B38: set configuration 0: [9cc18591-be2f-448e-af7e-d5f4fba8f5f7:192.168.151.106:36443], old=null at 0
2019-09-25 07:27:43,071 [94a1c681-cec5-47e9-bd86-59396c1e12e6@group-C3C9CFCC795B:LeaderElection52] INFO  impl.LeaderElection (LeaderElection.java:askForVotes(182)) - 94a1c681-cec5-47e9-bd86-59396c1e12e6@group-C3C9CFCC795B:LeaderElection52: begin an election at term 1 for -1: [94a1c681-cec5-47e9-bd86-59396c1e12e6:192.168.151.106:39666], old=null
2019-09-25 07:27:43,071 [94a1c681-cec5-47e9-bd86-59396c1e12e6@group-C3C9CFCC795B:LeaderElection52] INFO  impl.RoleInfo (RoleInfo.java:shutdownLeaderElection(134)) - 94a1c681-cec5-47e9-bd86-59396c1e12e6: shutdown LeaderElection
2019-09-25 07:27:43,072 [94a1c681-cec5-47e9-bd86-59396c1e12e6@group-C3C9CFCC795B:LeaderElection52] INFO  impl.RaftServerImpl (RaftServerImpl.java:setRole(174)) - 94a1c681-cec5-47e9-bd86-59396c1e12e6@group-C3C9CFCC795B: changes role from CANDIDATE to LEADER at term 1 for changeToLeader
2019-09-25 07:27:43,072 [94a1c681-cec5-47e9-bd86-59396c1e12e6@group-C3C9CFCC795B:LeaderElection52] INFO  impl.RaftServerImpl (ServerState.java:setLeader(253)) - 94a1c681-cec5-47e9-bd86-59396c1e12e6@group-C3C9CFCC795B: change Leader from null to 94a1c681-cec5-47e9-bd86-59396c1e12e6 at term 1 for becomeLeader, leader elected after 5044ms
2019-09-25 07:27:43,072 [94a1c681-cec5-47e9-bd86-59396c1e12e6@group-C3C9CFCC795B:LeaderElection52] INFO  server.RaftServerConfigKeys (ConfUtils.java:logGet(43)) - raft.server.staging.catchup.gap = 1000 (default)
2019-09-25 07:27:43,072 [94a1c681-cec5-47e9-bd86-59396c1e12e6@group-C3C9CFCC795B:LeaderElection52] INFO  server.RaftServerConfigKeys (ConfUtils.java:logGet(43)) - raft.server.rpc.sleep.time = 25ms (default)
2019-09-25 07:27:43,072 [94a1c681-cec5-47e9-bd86-59396c1e12e6@group-C3C9CFCC795B:LeaderElection52] INFO  server.RaftServerConfigKeys (ConfUtils.java:logGet(43)) - raft.server.write.element-limit = 4096 (default)
2019-09-25 07:27:43,072 [94a1c681-cec5-47e9-bd86-59396c1e12e6@group-C3C9CFCC795B:LeaderElection52] INFO  server.RaftServerConfigKeys (ConfUtils.java:logGet(43)) - raft.server.watch.timeout = 10s (default)
2019-09-25 07:27:43,073 [94a1c681-cec5-47e9-bd86-59396c1e12e6@group-C3C9CFCC795B:LeaderElection52] INFO  server.RaftServerConfigKeys (ConfUtils.java:logGet(43)) - raft.server.watch.timeout.denomination = 1s (default)
2019-09-25 07:27:43,073 [94a1c681-cec5-47e9-bd86-59396c1e12e6@group-C3C9CFCC795B:LeaderElection52] INFO  server.RaftServerConfigKeys (ConfUtils.java:logGet(43)) - raft.server.watch.element-limit = 65536 (default)
2019-09-25 07:27:43,075 [94a1c681-cec5-47e9-bd86-59396c1e12e6@group-C3C9CFCC795B:LeaderElection52] INFO  impl.RoleInfo (RoleInfo.java:updateAndGet(143)) - 94a1c681-cec5-47e9-bd86-59396c1e12e6: start LeaderState
2019-09-25 07:27:43,075 [94a1c681-cec5-47e9-bd86-59396c1e12e6@group-C3C9CFCC795B:LeaderElection52] INFO  segmented.SegmentedRaftLogWorker (SegmentedRaftLogWorker.java:startLogSegment(380)) - 94a1c681-cec5-47e9-bd86-59396c1e12e6@group-C3C9CFCC795B-SegmentedRaftLogWorker: Starting segment from index:0
2019-09-25 07:27:43,076 [94a1c681-cec5-47e9-bd86-59396c1e12e6@group-C3C9CFCC795B:LeaderElection52] INFO  impl.RaftServerImpl (ServerState.java:setRaftConf(354)) - 94a1c681-cec5-47e9-bd86-59396c1e12e6@group-C3C9CFCC795B: set configuration 0: [94a1c681-cec5-47e9-bd86-59396c1e12e6:192.168.151.106:39666], old=null at 0
2019-09-25 07:27:43,091 [Thread-445] INFO  impl.FollowerState (FollowerState.java:run(106)) - a0827fcf-c5ce-4373-8734-1ec063924bc7:group-282282316310 changes to CANDIDATE, lastRpcTime:5191, electionTimeout:5191ms
2019-09-25 07:27:43,091 [Thread-445] INFO  impl.RoleInfo (RoleInfo.java:shutdownFollowerState(121)) - a0827fcf-c5ce-4373-8734-1ec063924bc7: shutdown FollowerState
2019-09-25 07:27:43,091 [Thread-445] INFO  impl.RaftServerImpl (RaftServerImpl.java:setRole(174)) - a0827fcf-c5ce-4373-8734-1ec063924bc7@group-282282316310: changes role from  FOLLOWER to CANDIDATE at term 0 for changeToCandidate
2019-09-25 07:27:43,091 [Thread-445] INFO  impl.RoleInfo (RoleInfo.java:updateAndGet(143)) - a0827fcf-c5ce-4373-8734-1ec063924bc7: start LeaderElection
2019-09-25 07:27:43,114 [9cc18591-be2f-448e-af7e-d5f4fba8f5f7@group-1BB00B411B38-SegmentedRaftLogWorker] INFO  segmented.SegmentedRaftLogWorker (SegmentedRaftLogWorker.java:execute(569)) - 9cc18591-be2f-448e-af7e-d5f4fba8f5f7@group-1BB00B411B38-SegmentedRaftLogWorker: created new log segment /workdir/hadoop-ozone/ozonefs/target/test-dir/MiniOzoneClusterImpl-336849c0-54e0-42a2-92e3-a8dd7e6e8d6a/datanode-1/data/ratis/8954b5c2-7d93-4b3b-b079-1bb00b411b38/current/log_inprogress_0
2019-09-25 07:27:43,114 [a0827fcf-c5ce-4373-8734-1ec063924bc7@group-282282316310:LeaderElection53] INFO  impl.LeaderElection (LeaderElection.java:askForVotes(182)) - a0827fcf-c5ce-4373-8734-1ec063924bc7@group-282282316310:LeaderElection53: begin an election at term 1 for -1: [a0827fcf-c5ce-4373-8734-1ec063924bc7:192.168.151.106:34656], old=null
2019-09-25 07:27:43,114 [a0827fcf-c5ce-4373-8734-1ec063924bc7@group-282282316310:LeaderElection53] INFO  impl.RoleInfo (RoleInfo.java:shutdownLeaderElection(134)) - a0827fcf-c5ce-4373-8734-1ec063924bc7: shutdown LeaderElection
2019-09-25 07:27:43,114 [a0827fcf-c5ce-4373-8734-1ec063924bc7@group-282282316310:LeaderElection53] INFO  impl.RaftServerImpl (RaftServerImpl.java:setRole(174)) - a0827fcf-c5ce-4373-8734-1ec063924bc7@group-282282316310: changes role from CANDIDATE to LEADER at term 1 for changeToLeader
2019-09-25 07:27:43,114 [a0827fcf-c5ce-4373-8734-1ec063924bc7@group-282282316310:LeaderElection53] INFO  impl.RaftServerImpl (ServerState.java:setLeader(253)) - a0827fcf-c5ce-4373-8734-1ec063924bc7@group-282282316310: change Leader from null to a0827fcf-c5ce-4373-8734-1ec063924bc7 at term 1 for becomeLeader, leader elected after 5221ms
2019-09-25 07:27:43,114 [a0827fcf-c5ce-4373-8734-1ec063924bc7@group-282282316310:LeaderElection53] INFO  server.RaftServerConfigKeys (ConfUtils.java:logGet(43)) - raft.server.staging.catchup.gap = 1000 (default)
2019-09-25 07:27:43,114 [a0827fcf-c5ce-4373-8734-1ec063924bc7@group-282282316310:LeaderElection53] INFO  server.RaftServerConfigKeys (ConfUtils.java:logGet(43)) - raft.server.rpc.sleep.time = 25ms (default)
2019-09-25 07:27:43,115 [a0827fcf-c5ce-4373-8734-1ec063924bc7@group-282282316310:LeaderElection53] INFO  server.RaftServerConfigKeys (ConfUtils.java:logGet(43)) - raft.server.write.element-limit = 4096 (default)
2019-09-25 07:27:43,115 [a0827fcf-c5ce-4373-8734-1ec063924bc7@group-282282316310:LeaderElection53] INFO  server.RaftServerConfigKeys (ConfUtils.java:logGet(43)) - raft.server.watch.timeout = 10s (default)
2019-09-25 07:27:43,115 [a0827fcf-c5ce-4373-8734-1ec063924bc7@group-282282316310:LeaderElection53] INFO  server.RaftServerConfigKeys (ConfUtils.java:logGet(43)) - raft.server.watch.timeout.denomination = 1s (default)
2019-09-25 07:27:43,115 [a0827fcf-c5ce-4373-8734-1ec063924bc7@group-282282316310:LeaderElection53] INFO  server.RaftServerConfigKeys (ConfUtils.java:logGet(43)) - raft.server.watch.element-limit = 65536 (default)
2019-09-25 07:27:43,117 [a0827fcf-c5ce-4373-8734-1ec063924bc7@group-282282316310:LeaderElection53] INFO  impl.RoleInfo (RoleInfo.java:updateAndGet(143)) - a0827fcf-c5ce-4373-8734-1ec063924bc7: start LeaderState
2019-09-25 07:27:43,117 [a0827fcf-c5ce-4373-8734-1ec063924bc7@group-282282316310:LeaderElection53] INFO  segmented.SegmentedRaftLogWorker (SegmentedRaftLogWorker.java:startLogSegment(380)) - a0827fcf-c5ce-4373-8734-1ec063924bc7@group-282282316310-SegmentedRaftLogWorker: Starting segment from index:0
2019-09-25 07:27:43,118 [a0827fcf-c5ce-4373-8734-1ec063924bc7@group-282282316310:LeaderElection53] INFO  impl.RaftServerImpl (ServerState.java:setRaftConf(354)) - a0827fcf-c5ce-4373-8734-1ec063924bc7@group-282282316310: set configuration 0: [a0827fcf-c5ce-4373-8734-1ec063924bc7:192.168.151.106:34656], old=null at 0
2019-09-25 07:27:43,134 [94a1c681-cec5-47e9-bd86-59396c1e12e6@group-C3C9CFCC795B-SegmentedRaftLogWorker] INFO  segmented.SegmentedRaftLogWorker (SegmentedRaftLogWorker.java:execute(569)) - 94a1c681-cec5-47e9-bd86-59396c1e12e6@group-C3C9CFCC795B-SegmentedRaftLogWorker: created new log segment /workdir/hadoop-ozone/ozonefs/target/test-dir/MiniOzoneClusterImpl-336849c0-54e0-42a2-92e3-a8dd7e6e8d6a/datanode-9/data/ratis/d8399cda-bd5e-471d-815d-c3c9cfcc795b/current/log_inprogress_0
2019-09-25 07:27:43,163 [a0827fcf-c5ce-4373-8734-1ec063924bc7@group-282282316310-SegmentedRaftLogWorker] INFO  segmented.SegmentedRaftLogWorker (SegmentedRaftLogWorker.java:execute(569)) - a0827fcf-c5ce-4373-8734-1ec063924bc7@group-282282316310-SegmentedRaftLogWorker: created new log segment /workdir/hadoop-ozone/ozonefs/target/test-dir/MiniOzoneClusterImpl-336849c0-54e0-42a2-92e3-a8dd7e6e8d6a/datanode-7/data/ratis/90ec745d-536f-48f9-81bf-282282316310/current/log_inprogress_0
2019-09-25 07:27:43,173 [Thread-454] INFO  impl.FollowerState (FollowerState.java:run(106)) - 94a1c681-cec5-47e9-bd86-59396c1e12e6:group-577B8954E6D7 changes to CANDIDATE, lastRpcTime:5073, electionTimeout:5073ms
2019-09-25 07:27:43,173 [Thread-454] INFO  impl.RoleInfo (RoleInfo.java:shutdownFollowerState(121)) - 94a1c681-cec5-47e9-bd86-59396c1e12e6: shutdown FollowerState
2019-09-25 07:27:43,173 [Thread-454] INFO  impl.RaftServerImpl (RaftServerImpl.java:setRole(174)) - 94a1c681-cec5-47e9-bd86-59396c1e12e6@group-577B8954E6D7: changes role from  FOLLOWER to CANDIDATE at term 0 for changeToCandidate
2019-09-25 07:27:43,173 [Thread-454] INFO  impl.RoleInfo (RoleInfo.java:updateAndGet(143)) - 94a1c681-cec5-47e9-bd86-59396c1e12e6: start LeaderElection
2019-09-25 07:27:43,187 [94a1c681-cec5-47e9-bd86-59396c1e12e6@group-577B8954E6D7:LeaderElection54] INFO  impl.LeaderElection (LeaderElection.java:askForVotes(182)) - 94a1c681-cec5-47e9-bd86-59396c1e12e6@group-577B8954E6D7:LeaderElection54: begin an election at term 1 for -1: [94a1c681-cec5-47e9-bd86-59396c1e12e6:192.168.151.106:39666], old=null
2019-09-25 07:27:43,187 [94a1c681-cec5-47e9-bd86-59396c1e12e6@group-577B8954E6D7:LeaderElection54] INFO  impl.RoleInfo (RoleInfo.java:shutdownLeaderElection(134)) - 94a1c681-cec5-47e9-bd86-59396c1e12e6: shutdown LeaderElection
2019-09-25 07:27:43,187 [94a1c681-cec5-47e9-bd86-59396c1e12e6@group-577B8954E6D7:LeaderElection54] INFO  impl.RaftServerImpl (RaftServerImpl.java:setRole(174)) - 94a1c681-cec5-47e9-bd86-59396c1e12e6@group-577B8954E6D7: changes role from CANDIDATE to LEADER at term 1 for changeToLeader
2019-09-25 07:27:43,187 [94a1c681-cec5-47e9-bd86-59396c1e12e6@group-577B8954E6D7:LeaderElection54] INFO  impl.RaftServerImpl (ServerState.java:setLeader(253)) - 94a1c681-cec5-47e9-bd86-59396c1e12e6@group-577B8954E6D7: change Leader from null to 94a1c681-cec5-47e9-bd86-59396c1e12e6 at term 1 for becomeLeader, leader elected after 5092ms
2019-09-25 07:27:43,187 [94a1c681-cec5-47e9-bd86-59396c1e12e6@group-577B8954E6D7:LeaderElection54] INFO  server.RaftServerConfigKeys (ConfUtils.java:logGet(43)) - raft.server.staging.catchup.gap = 1000 (default)
2019-09-25 07:27:43,188 [94a1c681-cec5-47e9-bd86-59396c1e12e6@group-577B8954E6D7:LeaderElection54] INFO  server.RaftServerConfigKeys (ConfUtils.java:logGet(43)) - raft.server.rpc.sleep.time = 25ms (default)
2019-09-25 07:27:43,188 [94a1c681-cec5-47e9-bd86-59396c1e12e6@group-577B8954E6D7:LeaderElection54] INFO  server.RaftServerConfigKeys (ConfUtils.java:logGet(43)) - raft.server.write.element-limit = 4096 (default)
2019-09-25 07:27:43,188 [94a1c681-cec5-47e9-bd86-59396c1e12e6@group-577B8954E6D7:LeaderElection54] INFO  server.RaftServerConfigKeys (ConfUtils.java:logGet(43)) - raft.server.watch.timeout = 10s (default)
2019-09-25 07:27:43,188 [94a1c681-cec5-47e9-bd86-59396c1e12e6@group-577B8954E6D7:LeaderElection54] INFO  server.RaftServerConfigKeys (ConfUtils.java:logGet(43)) - raft.server.watch.timeout.denomination = 1s (default)
2019-09-25 07:27:43,188 [94a1c681-cec5-47e9-bd86-59396c1e12e6@group-577B8954E6D7:LeaderElection54] INFO  server.RaftServerConfigKeys (ConfUtils.java:logGet(43)) - raft.server.watch.element-limit = 65536 (default)
2019-09-25 07:27:43,190 [94a1c681-cec5-47e9-bd86-59396c1e12e6@group-577B8954E6D7:LeaderElection54] INFO  impl.RoleInfo (RoleInfo.java:updateAndGet(143)) - 94a1c681-cec5-47e9-bd86-59396c1e12e6: start LeaderState
2019-09-25 07:27:43,191 [94a1c681-cec5-47e9-bd86-59396c1e12e6@group-577B8954E6D7:LeaderElection54] INFO  segmented.SegmentedRaftLogWorker (SegmentedRaftLogWorker.java:startLogSegment(380)) - 94a1c681-cec5-47e9-bd86-59396c1e12e6@group-577B8954E6D7-SegmentedRaftLogWorker: Starting segment from index:0
2019-09-25 07:27:43,191 [94a1c681-cec5-47e9-bd86-59396c1e12e6@group-577B8954E6D7:LeaderElection54] INFO  impl.RaftServerImpl (ServerState.java:setRaftConf(354)) - 94a1c681-cec5-47e9-bd86-59396c1e12e6@group-577B8954E6D7: set configuration 0: [94a1c681-cec5-47e9-bd86-59396c1e12e6:192.168.151.106:39666], old=null at 0
2019-09-25 07:27:43,247 [94a1c681-cec5-47e9-bd86-59396c1e12e6@group-577B8954E6D7-SegmentedRaftLogWorker] INFO  segmented.SegmentedRaftLogWorker (SegmentedRaftLogWorker.java:execute(569)) - 94a1c681-cec5-47e9-bd86-59396c1e12e6@group-577B8954E6D7-SegmentedRaftLogWorker: created new log segment /workdir/hadoop-ozone/ozonefs/target/test-dir/MiniOzoneClusterImpl-336849c0-54e0-42a2-92e3-a8dd7e6e8d6a/datanode-9/data/ratis/ee49879e-2d69-4c5b-b697-577b8954e6d7/current/log_inprogress_0
2019-09-25 07:27:43,287 [Thread-457] INFO  impl.FollowerState (FollowerState.java:run(106)) - 94a1c681-cec5-47e9-bd86-59396c1e12e6:group-5C0E54E4A0B7 changes to CANDIDATE, lastRpcTime:5117, electionTimeout:5117ms
2019-09-25 07:27:43,288 [Thread-457] INFO  impl.RoleInfo (RoleInfo.java:shutdownFollowerState(121)) - 94a1c681-cec5-47e9-bd86-59396c1e12e6: shutdown FollowerState
2019-09-25 07:27:43,288 [Thread-457] INFO  impl.RaftServerImpl (RaftServerImpl.java:setRole(174)) - 94a1c681-cec5-47e9-bd86-59396c1e12e6@group-5C0E54E4A0B7: changes role from  FOLLOWER to CANDIDATE at term 0 for changeToCandidate
2019-09-25 07:27:43,288 [Thread-457] INFO  impl.RoleInfo (RoleInfo.java:updateAndGet(143)) - 94a1c681-cec5-47e9-bd86-59396c1e12e6: start LeaderElection
2019-09-25 07:27:43,302 [94a1c681-cec5-47e9-bd86-59396c1e12e6@group-5C0E54E4A0B7:LeaderElection55] INFO  impl.LeaderElection (LeaderElection.java:askForVotes(182)) - 94a1c681-cec5-47e9-bd86-59396c1e12e6@group-5C0E54E4A0B7:LeaderElection55: begin an election at term 1 for -1: [94a1c681-cec5-47e9-bd86-59396c1e12e6:192.168.151.106:39666], old=null
2019-09-25 07:27:43,302 [94a1c681-cec5-47e9-bd86-59396c1e12e6@group-5C0E54E4A0B7:LeaderElection55] INFO  impl.RoleInfo (RoleInfo.java:shutdownLeaderElection(134)) - 94a1c681-cec5-47e9-bd86-59396c1e12e6: shutdown LeaderElection
2019-09-25 07:27:43,302 [94a1c681-cec5-47e9-bd86-59396c1e12e6@group-5C0E54E4A0B7:LeaderElection55] INFO  impl.RaftServerImpl (RaftServerImpl.java:setRole(174)) - 94a1c681-cec5-47e9-bd86-59396c1e12e6@group-5C0E54E4A0B7: changes role from CANDIDATE to LEADER at term 1 for changeToLeader
2019-09-25 07:27:43,302 [94a1c681-cec5-47e9-bd86-59396c1e12e6@group-5C0E54E4A0B7:LeaderElection55] INFO  impl.RaftServerImpl (ServerState.java:setLeader(253)) - 94a1c681-cec5-47e9-bd86-59396c1e12e6@group-5C0E54E4A0B7: change Leader from null to 94a1c681-cec5-47e9-bd86-59396c1e12e6 at term 1 for becomeLeader, leader elected after 5140ms
2019-09-25 07:27:43,302 [94a1c681-cec5-47e9-bd86-59396c1e12e6@group-5C0E54E4A0B7:LeaderElection55] INFO  server.RaftServerConfigKeys (ConfUtils.java:logGet(43)) - raft.server.staging.catchup.gap = 1000 (default)
2019-09-25 07:27:43,303 [94a1c681-cec5-47e9-bd86-59396c1e12e6@group-5C0E54E4A0B7:LeaderElection55] INFO  server.RaftServerConfigKeys (ConfUtils.java:logGet(43)) - raft.server.rpc.sleep.time = 25ms (default)
2019-09-25 07:27:43,303 [94a1c681-cec5-47e9-bd86-59396c1e12e6@group-5C0E54E4A0B7:LeaderElection55] INFO  server.RaftServerConfigKeys (ConfUtils.java:logGet(43)) - raft.server.write.element-limit = 4096 (default)
2019-09-25 07:27:43,303 [94a1c681-cec5-47e9-bd86-59396c1e12e6@group-5C0E54E4A0B7:LeaderElection55] INFO  server.RaftServerConfigKeys (ConfUtils.java:logGet(43)) - raft.server.watch.timeout = 10s (default)
2019-09-25 07:27:43,303 [94a1c681-cec5-47e9-bd86-59396c1e12e6@group-5C0E54E4A0B7:LeaderElection55] INFO  server.RaftServerConfigKeys (ConfUtils.java:logGet(43)) - raft.server.watch.timeout.denomination = 1s (default)
2019-09-25 07:27:43,303 [94a1c681-cec5-47e9-bd86-59396c1e12e6@group-5C0E54E4A0B7:LeaderElection55] INFO  server.RaftServerConfigKeys (ConfUtils.java:logGet(43)) - raft.server.watch.element-limit = 65536 (default)
2019-09-25 07:27:43,306 [94a1c681-cec5-47e9-bd86-59396c1e12e6@group-5C0E54E4A0B7:LeaderElection55] INFO  impl.RoleInfo (RoleInfo.java:updateAndGet(143)) - 94a1c681-cec5-47e9-bd86-59396c1e12e6: start LeaderState
2019-09-25 07:27:43,306 [94a1c681-cec5-47e9-bd86-59396c1e12e6@group-5C0E54E4A0B7:LeaderElection55] INFO  segmented.SegmentedRaftLogWorker (SegmentedRaftLogWorker.java:startLogSegment(380)) - 94a1c681-cec5-47e9-bd86-59396c1e12e6@group-5C0E54E4A0B7-SegmentedRaftLogWorker: Starting segment from index:0
2019-09-25 07:27:43,307 [94a1c681-cec5-47e9-bd86-59396c1e12e6@group-5C0E54E4A0B7:LeaderElection55] INFO  impl.RaftServerImpl (ServerState.java:setRaftConf(354)) - 94a1c681-cec5-47e9-bd86-59396c1e12e6@group-5C0E54E4A0B7: set configuration 0: [94a1c681-cec5-47e9-bd86-59396c1e12e6:192.168.151.106:39666], old=null at 0
2019-09-25 07:27:43,366 [94a1c681-cec5-47e9-bd86-59396c1e12e6@group-5C0E54E4A0B7-SegmentedRaftLogWorker] INFO  segmented.SegmentedRaftLogWorker (SegmentedRaftLogWorker.java:execute(569)) - 94a1c681-cec5-47e9-bd86-59396c1e12e6@group-5C0E54E4A0B7-SegmentedRaftLogWorker: created new log segment /workdir/hadoop-ozone/ozonefs/target/test-dir/MiniOzoneClusterImpl-336849c0-54e0-42a2-92e3-a8dd7e6e8d6a/datanode-9/data/ratis/55132e30-c5d2-4453-9071-5c0e54e4a0b7/current/log_inprogress_0
2019-09-25 07:27:43,381 [Thread-463] INFO  impl.FollowerState (FollowerState.java:run(106)) - 94a1c681-cec5-47e9-bd86-59396c1e12e6:group-7C0A21625679 changes to CANDIDATE, lastRpcTime:5039, electionTimeout:5039ms
2019-09-25 07:27:43,382 [Thread-463] INFO  impl.RoleInfo (RoleInfo.java:shutdownFollowerState(121)) - 94a1c681-cec5-47e9-bd86-59396c1e12e6: shutdown FollowerState
2019-09-25 07:27:43,382 [Thread-463] INFO  impl.RaftServerImpl (RaftServerImpl.java:setRole(174)) - 94a1c681-cec5-47e9-bd86-59396c1e12e6@group-7C0A21625679: changes role from  FOLLOWER to CANDIDATE at term 0 for changeToCandidate
2019-09-25 07:27:43,382 [Thread-463] INFO  impl.RoleInfo (RoleInfo.java:updateAndGet(143)) - 94a1c681-cec5-47e9-bd86-59396c1e12e6: start LeaderElection
2019-09-25 07:27:43,389 [94a1c681-cec5-47e9-bd86-59396c1e12e6@group-7C0A21625679:LeaderElection56] INFO  impl.LeaderElection (LeaderElection.java:askForVotes(182)) - 94a1c681-cec5-47e9-bd86-59396c1e12e6@group-7C0A21625679:LeaderElection56: begin an election at term 1 for -1: [94a1c681-cec5-47e9-bd86-59396c1e12e6:192.168.151.106:39666], old=null
2019-09-25 07:27:43,390 [94a1c681-cec5-47e9-bd86-59396c1e12e6@group-7C0A21625679:LeaderElection56] INFO  impl.RoleInfo (RoleInfo.java:shutdownLeaderElection(134)) - 94a1c681-cec5-47e9-bd86-59396c1e12e6: shutdown LeaderElection
2019-09-25 07:27:43,390 [94a1c681-cec5-47e9-bd86-59396c1e12e6@group-7C0A21625679:LeaderElection56] INFO  impl.RaftServerImpl (RaftServerImpl.java:setRole(174)) - 94a1c681-cec5-47e9-bd86-59396c1e12e6@group-7C0A21625679: changes role from CANDIDATE to LEADER at term 1 for changeToLeader
2019-09-25 07:27:43,390 [94a1c681-cec5-47e9-bd86-59396c1e12e6@group-7C0A21625679:LeaderElection56] INFO  impl.RaftServerImpl (ServerState.java:setLeader(253)) - 94a1c681-cec5-47e9-bd86-59396c1e12e6@group-7C0A21625679: change Leader from null to 94a1c681-cec5-47e9-bd86-59396c1e12e6 at term 1 for becomeLeader, leader elected after 5054ms
2019-09-25 07:27:43,390 [94a1c681-cec5-47e9-bd86-59396c1e12e6@group-7C0A21625679:LeaderElection56] INFO  server.RaftServerConfigKeys (ConfUtils.java:logGet(43)) - raft.server.staging.catchup.gap = 1000 (default)
2019-09-25 07:27:43,390 [94a1c681-cec5-47e9-bd86-59396c1e12e6@group-7C0A21625679:LeaderElection56] INFO  server.RaftServerConfigKeys (ConfUtils.java:logGet(43)) - raft.server.rpc.sleep.time = 25ms (default)
2019-09-25 07:27:43,390 [94a1c681-cec5-47e9-bd86-59396c1e12e6@group-7C0A21625679:LeaderElection56] INFO  server.RaftServerConfigKeys (ConfUtils.java:logGet(43)) - raft.server.write.element-limit = 4096 (default)
2019-09-25 07:27:43,391 [94a1c681-cec5-47e9-bd86-59396c1e12e6@group-7C0A21625679:LeaderElection56] INFO  server.RaftServerConfigKeys (ConfUtils.java:logGet(43)) - raft.server.watch.timeout = 10s (default)
2019-09-25 07:27:43,391 [94a1c681-cec5-47e9-bd86-59396c1e12e6@group-7C0A21625679:LeaderElection56] INFO  server.RaftServerConfigKeys (ConfUtils.java:logGet(43)) - raft.server.watch.timeout.denomination = 1s (default)
2019-09-25 07:27:43,391 [94a1c681-cec5-47e9-bd86-59396c1e12e6@group-7C0A21625679:LeaderElection56] INFO  server.RaftServerConfigKeys (ConfUtils.java:logGet(43)) - raft.server.watch.element-limit = 65536 (default)
2019-09-25 07:27:43,394 [94a1c681-cec5-47e9-bd86-59396c1e12e6@group-7C0A21625679:LeaderElection56] INFO  impl.RoleInfo (RoleInfo.java:updateAndGet(143)) - 94a1c681-cec5-47e9-bd86-59396c1e12e6: start LeaderState
2019-09-25 07:27:43,395 [94a1c681-cec5-47e9-bd86-59396c1e12e6@group-7C0A21625679:LeaderElection56] INFO  segmented.SegmentedRaftLogWorker (SegmentedRaftLogWorker.java:startLogSegment(380)) - 94a1c681-cec5-47e9-bd86-59396c1e12e6@group-7C0A21625679-SegmentedRaftLogWorker: Starting segment from index:0
2019-09-25 07:27:43,395 [94a1c681-cec5-47e9-bd86-59396c1e12e6@group-7C0A21625679:LeaderElection56] INFO  impl.RaftServerImpl (ServerState.java:setRaftConf(354)) - 94a1c681-cec5-47e9-bd86-59396c1e12e6@group-7C0A21625679: set configuration 0: [94a1c681-cec5-47e9-bd86-59396c1e12e6:192.168.151.106:39666], old=null at 0
2019-09-25 07:27:43,436 [Thread-460] INFO  impl.FollowerState (FollowerState.java:run(106)) - c642d074-6234-4917-85d3-a38353a695f7:group-390C0D4A463C changes to CANDIDATE, lastRpcTime:5170, electionTimeout:5170ms
2019-09-25 07:27:43,436 [Thread-460] INFO  impl.RoleInfo (RoleInfo.java:shutdownFollowerState(121)) - c642d074-6234-4917-85d3-a38353a695f7: shutdown FollowerState
2019-09-25 07:27:43,436 [Thread-460] INFO  impl.RaftServerImpl (RaftServerImpl.java:setRole(174)) - c642d074-6234-4917-85d3-a38353a695f7@group-390C0D4A463C: changes role from  FOLLOWER to CANDIDATE at term 0 for changeToCandidate
2019-09-25 07:27:43,437 [Thread-460] INFO  impl.RoleInfo (RoleInfo.java:updateAndGet(143)) - c642d074-6234-4917-85d3-a38353a695f7: start LeaderElection
2019-09-25 07:27:43,453 [94a1c681-cec5-47e9-bd86-59396c1e12e6@group-7C0A21625679-SegmentedRaftLogWorker] INFO  segmented.SegmentedRaftLogWorker (SegmentedRaftLogWorker.java:execute(569)) - 94a1c681-cec5-47e9-bd86-59396c1e12e6@group-7C0A21625679-SegmentedRaftLogWorker: created new log segment /workdir/hadoop-ozone/ozonefs/target/test-dir/MiniOzoneClusterImpl-336849c0-54e0-42a2-92e3-a8dd7e6e8d6a/datanode-9/data/ratis/ec76cb82-bbda-42b3-9caa-7c0a21625679/current/log_inprogress_0
2019-09-25 07:27:43,453 [c642d074-6234-4917-85d3-a38353a695f7@group-390C0D4A463C:LeaderElection57] INFO  impl.LeaderElection (LeaderElection.java:askForVotes(182)) - c642d074-6234-4917-85d3-a38353a695f7@group-390C0D4A463C:LeaderElection57: begin an election at term 1 for -1: [c642d074-6234-4917-85d3-a38353a695f7:192.168.151.106:41023], old=null
2019-09-25 07:27:43,453 [c642d074-6234-4917-85d3-a38353a695f7@group-390C0D4A463C:LeaderElection57] INFO  impl.RoleInfo (RoleInfo.java:shutdownLeaderElection(134)) - c642d074-6234-4917-85d3-a38353a695f7: shutdown LeaderElection
2019-09-25 07:27:43,453 [c642d074-6234-4917-85d3-a38353a695f7@group-390C0D4A463C:LeaderElection57] INFO  impl.RaftServerImpl (RaftServerImpl.java:setRole(174)) - c642d074-6234-4917-85d3-a38353a695f7@group-390C0D4A463C: changes role from CANDIDATE to LEADER at term 1 for changeToLeader
2019-09-25 07:27:43,453 [c642d074-6234-4917-85d3-a38353a695f7@group-390C0D4A463C:LeaderElection57] INFO  impl.RaftServerImpl (ServerState.java:setLeader(253)) - c642d074-6234-4917-85d3-a38353a695f7@group-390C0D4A463C: change Leader from null to c642d074-6234-4917-85d3-a38353a695f7 at term 1 for becomeLeader, leader elected after 5194ms
2019-09-25 07:27:43,454 [c642d074-6234-4917-85d3-a38353a695f7@group-390C0D4A463C:LeaderElection57] INFO  server.RaftServerConfigKeys (ConfUtils.java:logGet(43)) - raft.server.staging.catchup.gap = 1000 (default)
2019-09-25 07:27:43,454 [c642d074-6234-4917-85d3-a38353a695f7@group-390C0D4A463C:LeaderElection57] INFO  server.RaftServerConfigKeys (ConfUtils.java:logGet(43)) - raft.server.rpc.sleep.time = 25ms (default)
2019-09-25 07:27:43,454 [c642d074-6234-4917-85d3-a38353a695f7@group-390C0D4A463C:LeaderElection57] INFO  server.RaftServerConfigKeys (ConfUtils.java:logGet(43)) - raft.server.write.element-limit = 4096 (default)
2019-09-25 07:27:43,454 [c642d074-6234-4917-85d3-a38353a695f7@group-390C0D4A463C:LeaderElection57] INFO  server.RaftServerConfigKeys (ConfUtils.java:logGet(43)) - raft.server.watch.timeout = 10s (default)
2019-09-25 07:27:43,454 [c642d074-6234-4917-85d3-a38353a695f7@group-390C0D4A463C:LeaderElection57] INFO  server.RaftServerConfigKeys (ConfUtils.java:logGet(43)) - raft.server.watch.timeout.denomination = 1s (default)
2019-09-25 07:27:43,454 [c642d074-6234-4917-85d3-a38353a695f7@group-390C0D4A463C:LeaderElection57] INFO  server.RaftServerConfigKeys (ConfUtils.java:logGet(43)) - raft.server.watch.element-limit = 65536 (default)
2019-09-25 07:27:43,457 [c642d074-6234-4917-85d3-a38353a695f7@group-390C0D4A463C:LeaderElection57] INFO  impl.RoleInfo (RoleInfo.java:updateAndGet(143)) - c642d074-6234-4917-85d3-a38353a695f7: start LeaderState
2019-09-25 07:27:43,457 [c642d074-6234-4917-85d3-a38353a695f7@group-390C0D4A463C:LeaderElection57] INFO  segmented.SegmentedRaftLogWorker (SegmentedRaftLogWorker.java:startLogSegment(380)) - c642d074-6234-4917-85d3-a38353a695f7@group-390C0D4A463C-SegmentedRaftLogWorker: Starting segment from index:0
2019-09-25 07:27:43,458 [c642d074-6234-4917-85d3-a38353a695f7@group-390C0D4A463C:LeaderElection57] INFO  impl.RaftServerImpl (ServerState.java:setRaftConf(354)) - c642d074-6234-4917-85d3-a38353a695f7@group-390C0D4A463C: set configuration 0: [c642d074-6234-4917-85d3-a38353a695f7:192.168.151.106:41023], old=null at 0
2019-09-25 07:27:43,509 [Thread-466] INFO  impl.FollowerState (FollowerState.java:run(106)) - a0827fcf-c5ce-4373-8734-1ec063924bc7:group-B7CD3802F1CF changes to CANDIDATE, lastRpcTime:5088, electionTimeout:5088ms
2019-09-25 07:27:43,509 [Thread-466] INFO  impl.RoleInfo (RoleInfo.java:shutdownFollowerState(121)) - a0827fcf-c5ce-4373-8734-1ec063924bc7: shutdown FollowerState
2019-09-25 07:27:43,509 [Thread-466] INFO  impl.RaftServerImpl (RaftServerImpl.java:setRole(174)) - a0827fcf-c5ce-4373-8734-1ec063924bc7@group-B7CD3802F1CF: changes role from  FOLLOWER to CANDIDATE at term 0 for changeToCandidate
2019-09-25 07:27:43,509 [Thread-466] INFO  impl.RoleInfo (RoleInfo.java:updateAndGet(143)) - a0827fcf-c5ce-4373-8734-1ec063924bc7: start LeaderElection
2019-09-25 07:27:43,515 [c642d074-6234-4917-85d3-a38353a695f7@group-390C0D4A463C-SegmentedRaftLogWorker] INFO  segmented.SegmentedRaftLogWorker (SegmentedRaftLogWorker.java:execute(569)) - c642d074-6234-4917-85d3-a38353a695f7@group-390C0D4A463C-SegmentedRaftLogWorker: created new log segment /workdir/hadoop-ozone/ozonefs/target/test-dir/MiniOzoneClusterImpl-336849c0-54e0-42a2-92e3-a8dd7e6e8d6a/datanode-2/data/ratis/fef3ddd0-e933-4a48-a9a1-390c0d4a463c/current/log_inprogress_0
2019-09-25 07:27:43,547 [a0827fcf-c5ce-4373-8734-1ec063924bc7@group-B7CD3802F1CF:LeaderElection58] INFO  impl.LeaderElection (LeaderElection.java:askForVotes(182)) - a0827fcf-c5ce-4373-8734-1ec063924bc7@group-B7CD3802F1CF:LeaderElection58: begin an election at term 1 for -1: [a0827fcf-c5ce-4373-8734-1ec063924bc7:192.168.151.106:34656], old=null
2019-09-25 07:27:43,547 [a0827fcf-c5ce-4373-8734-1ec063924bc7@group-B7CD3802F1CF:LeaderElection58] INFO  impl.RoleInfo (RoleInfo.java:shutdownLeaderElection(134)) - a0827fcf-c5ce-4373-8734-1ec063924bc7: shutdown LeaderElection
2019-09-25 07:27:43,547 [a0827fcf-c5ce-4373-8734-1ec063924bc7@group-B7CD3802F1CF:LeaderElection58] INFO  impl.RaftServerImpl (RaftServerImpl.java:setRole(174)) - a0827fcf-c5ce-4373-8734-1ec063924bc7@group-B7CD3802F1CF: changes role from CANDIDATE to LEADER at term 1 for changeToLeader
2019-09-25 07:27:43,548 [a0827fcf-c5ce-4373-8734-1ec063924bc7@group-B7CD3802F1CF:LeaderElection58] INFO  impl.RaftServerImpl (ServerState.java:setLeader(253)) - a0827fcf-c5ce-4373-8734-1ec063924bc7@group-B7CD3802F1CF: change Leader from null to a0827fcf-c5ce-4373-8734-1ec063924bc7 at term 1 for becomeLeader, leader elected after 5135ms
2019-09-25 07:27:43,548 [a0827fcf-c5ce-4373-8734-1ec063924bc7@group-B7CD3802F1CF:LeaderElection58] INFO  server.RaftServerConfigKeys (ConfUtils.java:logGet(43)) - raft.server.staging.catchup.gap = 1000 (default)
2019-09-25 07:27:43,548 [a0827fcf-c5ce-4373-8734-1ec063924bc7@group-B7CD3802F1CF:LeaderElection58] INFO  server.RaftServerConfigKeys (ConfUtils.java:logGet(43)) - raft.server.rpc.sleep.time = 25ms (default)
2019-09-25 07:27:43,548 [a0827fcf-c5ce-4373-8734-1ec063924bc7@group-B7CD3802F1CF:LeaderElection58] INFO  server.RaftServerConfigKeys (ConfUtils.java:logGet(43)) - raft.server.write.element-limit = 4096 (default)
2019-09-25 07:27:43,548 [a0827fcf-c5ce-4373-8734-1ec063924bc7@group-B7CD3802F1CF:LeaderElection58] INFO  server.RaftServerConfigKeys (ConfUtils.java:logGet(43)) - raft.server.watch.timeout = 10s (default)
2019-09-25 07:27:43,548 [a0827fcf-c5ce-4373-8734-1ec063924bc7@group-B7CD3802F1CF:LeaderElection58] INFO  server.RaftServerConfigKeys (ConfUtils.java:logGet(43)) - raft.server.watch.timeout.denomination = 1s (default)
2019-09-25 07:27:43,549 [a0827fcf-c5ce-4373-8734-1ec063924bc7@group-B7CD3802F1CF:LeaderElection58] INFO  server.RaftServerConfigKeys (ConfUtils.java:logGet(43)) - raft.server.watch.element-limit = 65536 (default)
2019-09-25 07:27:43,551 [a0827fcf-c5ce-4373-8734-1ec063924bc7@group-B7CD3802F1CF:LeaderElection58] INFO  impl.RoleInfo (RoleInfo.java:updateAndGet(143)) - a0827fcf-c5ce-4373-8734-1ec063924bc7: start LeaderState
2019-09-25 07:27:43,551 [a0827fcf-c5ce-4373-8734-1ec063924bc7@group-B7CD3802F1CF:LeaderElection58] INFO  segmented.SegmentedRaftLogWorker (SegmentedRaftLogWorker.java:startLogSegment(380)) - a0827fcf-c5ce-4373-8734-1ec063924bc7@group-B7CD3802F1CF-SegmentedRaftLogWorker: Starting segment from index:0
2019-09-25 07:27:43,552 [a0827fcf-c5ce-4373-8734-1ec063924bc7@group-B7CD3802F1CF:LeaderElection58] INFO  impl.RaftServerImpl (ServerState.java:setRaftConf(354)) - a0827fcf-c5ce-4373-8734-1ec063924bc7@group-B7CD3802F1CF: set configuration 0: [a0827fcf-c5ce-4373-8734-1ec063924bc7:192.168.151.106:34656], old=null at 0
2019-09-25 07:27:43,605 [Thread-472] INFO  impl.FollowerState (FollowerState.java:run(106)) - c642d074-6234-4917-85d3-a38353a695f7:group-A5FDC8C40122 changes to CANDIDATE, lastRpcTime:5036, electionTimeout:5036ms
2019-09-25 07:27:43,605 [Thread-472] INFO  impl.RoleInfo (RoleInfo.java:shutdownFollowerState(121)) - c642d074-6234-4917-85d3-a38353a695f7: shutdown FollowerState
2019-09-25 07:27:43,605 [Thread-472] INFO  impl.RaftServerImpl (RaftServerImpl.java:setRole(174)) - c642d074-6234-4917-85d3-a38353a695f7@group-A5FDC8C40122: changes role from  FOLLOWER to CANDIDATE at term 0 for changeToCandidate
2019-09-25 07:27:43,606 [Thread-472] INFO  impl.RoleInfo (RoleInfo.java:updateAndGet(143)) - c642d074-6234-4917-85d3-a38353a695f7: start LeaderElection
2019-09-25 07:27:43,607 [a0827fcf-c5ce-4373-8734-1ec063924bc7@group-B7CD3802F1CF-SegmentedRaftLogWorker] INFO  segmented.SegmentedRaftLogWorker (SegmentedRaftLogWorker.java:execute(569)) - a0827fcf-c5ce-4373-8734-1ec063924bc7@group-B7CD3802F1CF-SegmentedRaftLogWorker: created new log segment /workdir/hadoop-ozone/ozonefs/target/test-dir/MiniOzoneClusterImpl-336849c0-54e0-42a2-92e3-a8dd7e6e8d6a/datanode-7/data/ratis/4e2d8b90-7625-42da-b668-b7cd3802f1cf/current/log_inprogress_0
2019-09-25 07:27:43,629 [c642d074-6234-4917-85d3-a38353a695f7@group-A5FDC8C40122:LeaderElection59] INFO  impl.LeaderElection (LeaderElection.java:askForVotes(182)) - c642d074-6234-4917-85d3-a38353a695f7@group-A5FDC8C40122:LeaderElection59: begin an election at term 1 for -1: [c642d074-6234-4917-85d3-a38353a695f7:192.168.151.106:41023], old=null
2019-09-25 07:27:43,630 [c642d074-6234-4917-85d3-a38353a695f7@group-A5FDC8C40122:LeaderElection59] INFO  impl.RoleInfo (RoleInfo.java:shutdownLeaderElection(134)) - c642d074-6234-4917-85d3-a38353a695f7: shutdown LeaderElection
2019-09-25 07:27:43,630 [c642d074-6234-4917-85d3-a38353a695f7@group-A5FDC8C40122:LeaderElection59] INFO  impl.RaftServerImpl (RaftServerImpl.java:setRole(174)) - c642d074-6234-4917-85d3-a38353a695f7@group-A5FDC8C40122: changes role from CANDIDATE to LEADER at term 1 for changeToLeader
2019-09-25 07:27:43,630 [c642d074-6234-4917-85d3-a38353a695f7@group-A5FDC8C40122:LeaderElection59] INFO  impl.RaftServerImpl (ServerState.java:setLeader(253)) - c642d074-6234-4917-85d3-a38353a695f7@group-A5FDC8C40122: change Leader from null to c642d074-6234-4917-85d3-a38353a695f7 at term 1 for becomeLeader, leader elected after 5067ms
2019-09-25 07:27:43,630 [c642d074-6234-4917-85d3-a38353a695f7@group-A5FDC8C40122:LeaderElection59] INFO  server.RaftServerConfigKeys (ConfUtils.java:logGet(43)) - raft.server.staging.catchup.gap = 1000 (default)
2019-09-25 07:27:43,630 [c642d074-6234-4917-85d3-a38353a695f7@group-A5FDC8C40122:LeaderElection59] INFO  server.RaftServerConfigKeys (ConfUtils.java:logGet(43)) - raft.server.rpc.sleep.time = 25ms (default)
2019-09-25 07:27:43,630 [c642d074-6234-4917-85d3-a38353a695f7@group-A5FDC8C40122:LeaderElection59] INFO  server.RaftServerConfigKeys (ConfUtils.java:logGet(43)) - raft.server.write.element-limit = 4096 (default)
2019-09-25 07:27:43,630 [c642d074-6234-4917-85d3-a38353a695f7@group-A5FDC8C40122:LeaderElection59] INFO  server.RaftServerConfigKeys (ConfUtils.java:logGet(43)) - raft.server.watch.timeout = 10s (default)
2019-09-25 07:27:43,631 [c642d074-6234-4917-85d3-a38353a695f7@group-A5FDC8C40122:LeaderElection59] INFO  server.RaftServerConfigKeys (ConfUtils.java:logGet(43)) - raft.server.watch.timeout.denomination = 1s (default)
2019-09-25 07:27:43,631 [c642d074-6234-4917-85d3-a38353a695f7@group-A5FDC8C40122:LeaderElection59] INFO  server.RaftServerConfigKeys (ConfUtils.java:logGet(43)) - raft.server.watch.element-limit = 65536 (default)
2019-09-25 07:27:43,693 [Thread-469] INFO  impl.FollowerState (FollowerState.java:run(106)) - c642d074-6234-4917-85d3-a38353a695f7:group-D079BC979AD0 changes to CANDIDATE, lastRpcTime:5198, electionTimeout:5193ms
2019-09-25 07:27:43,693 [Thread-469] INFO  impl.RoleInfo (RoleInfo.java:shutdownFollowerState(121)) - c642d074-6234-4917-85d3-a38353a695f7: shutdown FollowerState
2019-09-25 07:27:43,693 [Thread-469] INFO  impl.RaftServerImpl (RaftServerImpl.java:setRole(174)) - c642d074-6234-4917-85d3-a38353a695f7@group-D079BC979AD0: changes role from  FOLLOWER to CANDIDATE at term 0 for changeToCandidate
2019-09-25 07:27:43,716 [Thread-469] INFO  impl.RoleInfo (RoleInfo.java:updateAndGet(143)) - c642d074-6234-4917-85d3-a38353a695f7: start LeaderElection
2019-09-25 07:27:43,740 [c642d074-6234-4917-85d3-a38353a695f7@group-D079BC979AD0:LeaderElection60] INFO  impl.LeaderElection (LeaderElection.java:askForVotes(182)) - c642d074-6234-4917-85d3-a38353a695f7@group-D079BC979AD0:LeaderElection60: begin an election at term 1 for -1: [c642d074-6234-4917-85d3-a38353a695f7:192.168.151.106:41023], old=null
2019-09-25 07:27:43,740 [c642d074-6234-4917-85d3-a38353a695f7@group-D079BC979AD0:LeaderElection60] INFO  impl.RoleInfo (RoleInfo.java:shutdownLeaderElection(134)) - c642d074-6234-4917-85d3-a38353a695f7: shutdown LeaderElection
2019-09-25 07:27:43,740 [c642d074-6234-4917-85d3-a38353a695f7@group-D079BC979AD0:LeaderElection60] INFO  impl.RaftServerImpl (RaftServerImpl.java:setRole(174)) - c642d074-6234-4917-85d3-a38353a695f7@group-D079BC979AD0: changes role from CANDIDATE to LEADER at term 1 for changeToLeader
2019-09-25 07:27:43,740 [c642d074-6234-4917-85d3-a38353a695f7@group-D079BC979AD0:LeaderElection60] INFO  impl.RaftServerImpl (ServerState.java:setLeader(253)) - c642d074-6234-4917-85d3-a38353a695f7@group-D079BC979AD0: change Leader from null to c642d074-6234-4917-85d3-a38353a695f7 at term 1 for becomeLeader, leader elected after 5253ms
2019-09-25 07:27:43,741 [c642d074-6234-4917-85d3-a38353a695f7@group-D079BC979AD0:LeaderElection60] INFO  server.RaftServerConfigKeys (ConfUtils.java:logGet(43)) - raft.server.staging.catchup.gap = 1000 (default)
2019-09-25 07:27:43,741 [c642d074-6234-4917-85d3-a38353a695f7@group-D079BC979AD0:LeaderElection60] INFO  server.RaftServerConfigKeys (ConfUtils.java:logGet(43)) - raft.server.rpc.sleep.time = 25ms (default)
2019-09-25 07:27:43,741 [c642d074-6234-4917-85d3-a38353a695f7@group-D079BC979AD0:LeaderElection60] INFO  server.RaftServerConfigKeys (ConfUtils.java:logGet(43)) - raft.server.write.element-limit = 4096 (default)
2019-09-25 07:27:43,741 [c642d074-6234-4917-85d3-a38353a695f7@group-D079BC979AD0:LeaderElection60] INFO  server.RaftServerConfigKeys (ConfUtils.java:logGet(43)) - raft.server.watch.timeout = 10s (default)
2019-09-25 07:27:43,741 [c642d074-6234-4917-85d3-a38353a695f7@group-D079BC979AD0:LeaderElection60] INFO  server.RaftServerConfigKeys (ConfUtils.java:logGet(43)) - raft.server.watch.timeout.denomination = 1s (default)
2019-09-25 07:27:43,742 [c642d074-6234-4917-85d3-a38353a695f7@group-D079BC979AD0:LeaderElection60] INFO  server.RaftServerConfigKeys (ConfUtils.java:logGet(43)) - raft.server.watch.element-limit = 65536 (default)
2019-09-25 07:27:44,059 [c642d074-6234-4917-85d3-a38353a695f7@group-A5FDC8C40122:LeaderElection59] INFO  impl.RoleInfo (RoleInfo.java:updateAndGet(143)) - c642d074-6234-4917-85d3-a38353a695f7: start LeaderState
2019-09-25 07:27:44,059 [c642d074-6234-4917-85d3-a38353a695f7@group-D079BC979AD0:LeaderElection60] INFO  impl.RoleInfo (RoleInfo.java:updateAndGet(143)) - c642d074-6234-4917-85d3-a38353a695f7: start LeaderState
2019-09-25 07:27:44,060 [c642d074-6234-4917-85d3-a38353a695f7@group-D079BC979AD0:LeaderElection60] INFO  segmented.SegmentedRaftLogWorker (SegmentedRaftLogWorker.java:startLogSegment(380)) - c642d074-6234-4917-85d3-a38353a695f7@group-D079BC979AD0-SegmentedRaftLogWorker: Starting segment from index:0
2019-09-25 07:27:44,060 [c642d074-6234-4917-85d3-a38353a695f7@group-A5FDC8C40122:LeaderElection59] INFO  segmented.SegmentedRaftLogWorker (SegmentedRaftLogWorker.java:startLogSegment(380)) - c642d074-6234-4917-85d3-a38353a695f7@group-A5FDC8C40122-SegmentedRaftLogWorker: Starting segment from index:0
2019-09-25 07:27:44,061 [c642d074-6234-4917-85d3-a38353a695f7@group-A5FDC8C40122:LeaderElection59] INFO  impl.RaftServerImpl (ServerState.java:setRaftConf(354)) - c642d074-6234-4917-85d3-a38353a695f7@group-A5FDC8C40122: set configuration 0: [c642d074-6234-4917-85d3-a38353a695f7:192.168.151.106:41023], old=null at 0
2019-09-25 07:27:44,061 [c642d074-6234-4917-85d3-a38353a695f7@group-D079BC979AD0:LeaderElection60] INFO  impl.RaftServerImpl (ServerState.java:setRaftConf(354)) - c642d074-6234-4917-85d3-a38353a695f7@group-D079BC979AD0: set configuration 0: [c642d074-6234-4917-85d3-a38353a695f7:192.168.151.106:41023], old=null at 0
2019-09-25 07:27:44,121 [c642d074-6234-4917-85d3-a38353a695f7@group-D079BC979AD0-SegmentedRaftLogWorker] INFO  segmented.SegmentedRaftLogWorker (SegmentedRaftLogWorker.java:execute(569)) - c642d074-6234-4917-85d3-a38353a695f7@group-D079BC979AD0-SegmentedRaftLogWorker: created new log segment /workdir/hadoop-ozone/ozonefs/target/test-dir/MiniOzoneClusterImpl-336849c0-54e0-42a2-92e3-a8dd7e6e8d6a/datanode-2/data/ratis/ea5b6868-980b-4da5-875b-d079bc979ad0/current/log_inprogress_0
2019-09-25 07:27:44,121 [c642d074-6234-4917-85d3-a38353a695f7@group-A5FDC8C40122-SegmentedRaftLogWorker] INFO  segmented.SegmentedRaftLogWorker (SegmentedRaftLogWorker.java:execute(569)) - c642d074-6234-4917-85d3-a38353a695f7@group-A5FDC8C40122-SegmentedRaftLogWorker: created new log segment /workdir/hadoop-ozone/ozonefs/target/test-dir/MiniOzoneClusterImpl-336849c0-54e0-42a2-92e3-a8dd7e6e8d6a/datanode-2/data/ratis/5391457d-fcd1-46c0-b991-a5fdc8c40122/current/log_inprogress_0
2019-09-25 07:27:46,658 [main] INFO  ozoneimpl.OzoneContainer (OzoneContainer.java:stop(231)) - Attempting to stop container services.
2019-09-25 07:27:46,660 [main] INFO  impl.RaftServerProxy (RaftServerProxy.java:lambda$close$4(314)) - ad28d3ec-40f8-4bc1-a274-453df443249c: close
2019-09-25 07:27:46,661 [ForkJoinPool.commonPool-worker-1] INFO  ozoneimpl.OzoneContainer (OzoneContainer.java:stop(231)) - Attempting to stop container services.
2019-09-25 07:27:46,661 [ForkJoinPool.commonPool-worker-1] INFO  impl.RaftServerProxy (RaftServerProxy.java:lambda$close$4(314)) - c642d074-6234-4917-85d3-a38353a695f7: close
2019-09-25 07:27:46,663 [main] INFO  impl.RaftServerImpl (RaftServerImpl.java:lambda$shutdown$3(251)) - ad28d3ec-40f8-4bc1-a274-453df443249c@group-E82CD6074FF6: shutdown
2019-09-25 07:27:46,663 [ForkJoinPool.commonPool-worker-1] INFO  impl.RaftServerImpl (RaftServerImpl.java:lambda$shutdown$3(251)) - c642d074-6234-4917-85d3-a38353a695f7@group-A5FDC8C40122: shutdown
2019-09-25 07:27:46,663 [main] INFO  util.JmxRegister (JmxRegister.java:unregister(73)) - Successfully un-registered JMX Bean with object name Ratis:service=RaftServer,group=group-E82CD6074FF6,id=ad28d3ec-40f8-4bc1-a274-453df443249c
2019-09-25 07:27:46,663 [ForkJoinPool.commonPool-worker-1] INFO  util.JmxRegister (JmxRegister.java:unregister(73)) - Successfully un-registered JMX Bean with object name Ratis:service=RaftServer,group=group-A5FDC8C40122,id=c642d074-6234-4917-85d3-a38353a695f7
2019-09-25 07:27:46,664 [main] INFO  impl.RoleInfo (RoleInfo.java:shutdownLeaderState(104)) - ad28d3ec-40f8-4bc1-a274-453df443249c: shutdown LeaderState
2019-09-25 07:27:46,664 [ForkJoinPool.commonPool-worker-1] INFO  impl.RoleInfo (RoleInfo.java:shutdownLeaderState(104)) - c642d074-6234-4917-85d3-a38353a695f7: shutdown LeaderState
2019-09-25 07:27:46,666 [main] INFO  impl.PendingRequests (PendingRequests.java:sendNotLeaderResponses(202)) - ad28d3ec-40f8-4bc1-a274-453df443249c-PendingRequests: sendNotLeaderResponses
2019-09-25 07:27:46,666 [ForkJoinPool.commonPool-worker-1] INFO  impl.PendingRequests (PendingRequests.java:sendNotLeaderResponses(202)) - c642d074-6234-4917-85d3-a38353a695f7-PendingRequests: sendNotLeaderResponses
2019-09-25 07:27:46,673 [ForkJoinPool.commonPool-worker-1] INFO  impl.StateMachineUpdater (StateMachineUpdater.java:stopAndJoin(125)) - c642d074-6234-4917-85d3-a38353a695f7@group-A5FDC8C40122-StateMachineUpdater: set stopIndex = 0
2019-09-25 07:27:46,673 [main] INFO  impl.StateMachineUpdater (StateMachineUpdater.java:stopAndJoin(125)) - ad28d3ec-40f8-4bc1-a274-453df443249c@group-E82CD6074FF6-StateMachineUpdater: set stopIndex = 0
2019-09-25 07:27:46,677 [main] INFO  impl.RaftServerImpl (ServerState.java:close(385)) - ad28d3ec-40f8-4bc1-a274-453df443249c@group-E82CD6074FF6: closes. applyIndex: 0
2019-09-25 07:27:46,677 [ForkJoinPool.commonPool-worker-1] INFO  impl.RaftServerImpl (ServerState.java:close(385)) - c642d074-6234-4917-85d3-a38353a695f7@group-A5FDC8C40122: closes. applyIndex: 0
2019-09-25 07:27:46,679 [ad28d3ec-40f8-4bc1-a274-453df443249c@group-E82CD6074FF6-SegmentedRaftLogWorker] INFO  segmented.SegmentedRaftLogWorker (SegmentedRaftLogWorker.java:run(313)) - ad28d3ec-40f8-4bc1-a274-453df443249c@group-E82CD6074FF6-SegmentedRaftLogWorker was interrupted, exiting. There are 0 tasks remaining in the queue.
2019-09-25 07:27:46,679 [c642d074-6234-4917-85d3-a38353a695f7@group-A5FDC8C40122-SegmentedRaftLogWorker] INFO  segmented.SegmentedRaftLogWorker (SegmentedRaftLogWorker.java:run(313)) - c642d074-6234-4917-85d3-a38353a695f7@group-A5FDC8C40122-SegmentedRaftLogWorker was interrupted, exiting. There are 0 tasks remaining in the queue.
2019-09-25 07:27:46,686 [main] INFO  segmented.SegmentedRaftLogWorker (SegmentedRaftLogWorker.java:close(228)) - ad28d3ec-40f8-4bc1-a274-453df443249c@group-E82CD6074FF6-SegmentedRaftLogWorker close()
2019-09-25 07:27:46,686 [ForkJoinPool.commonPool-worker-1] INFO  segmented.SegmentedRaftLogWorker (SegmentedRaftLogWorker.java:close(228)) - c642d074-6234-4917-85d3-a38353a695f7@group-A5FDC8C40122-SegmentedRaftLogWorker close()
2019-09-25 07:27:46,695 [main] INFO  impl.RaftServerImpl (RaftServerImpl.java:lambda$shutdown$3(251)) - ad28d3ec-40f8-4bc1-a274-453df443249c@group-084A7F7FCEB7: shutdown
2019-09-25 07:27:46,695 [ForkJoinPool.commonPool-worker-1] INFO  impl.RaftServerImpl (RaftServerImpl.java:lambda$shutdown$3(251)) - c642d074-6234-4917-85d3-a38353a695f7@group-92148670E2AB: shutdown
2019-09-25 07:27:46,695 [main] INFO  util.JmxRegister (JmxRegister.java:unregister(73)) - Successfully un-registered JMX Bean with object name Ratis:service=RaftServer,group=group-084A7F7FCEB7,id=ad28d3ec-40f8-4bc1-a274-453df443249c
2019-09-25 07:27:46,696 [ForkJoinPool.commonPool-worker-1] INFO  util.JmxRegister (JmxRegister.java:unregister(73)) - Successfully un-registered JMX Bean with object name Ratis:service=RaftServer,group=group-92148670E2AB,id=c642d074-6234-4917-85d3-a38353a695f7
2019-09-25 07:27:46,696 [main] INFO  impl.RoleInfo (RoleInfo.java:shutdownLeaderState(104)) - ad28d3ec-40f8-4bc1-a274-453df443249c: shutdown LeaderState
2019-09-25 07:27:46,696 [ForkJoinPool.commonPool-worker-1] INFO  impl.RoleInfo (RoleInfo.java:shutdownLeaderState(104)) - c642d074-6234-4917-85d3-a38353a695f7: shutdown LeaderState
2019-09-25 07:27:46,697 [main] INFO  impl.PendingRequests (PendingRequests.java:sendNotLeaderResponses(202)) - ad28d3ec-40f8-4bc1-a274-453df443249c-PendingRequests: sendNotLeaderResponses
2019-09-25 07:27:46,697 [ForkJoinPool.commonPool-worker-1] INFO  impl.PendingRequests (PendingRequests.java:sendNotLeaderResponses(202)) - c642d074-6234-4917-85d3-a38353a695f7-PendingRequests: sendNotLeaderResponses
2019-09-25 07:27:46,697 [main] INFO  impl.StateMachineUpdater (StateMachineUpdater.java:stopAndJoin(125)) - ad28d3ec-40f8-4bc1-a274-453df443249c@group-084A7F7FCEB7-StateMachineUpdater: set stopIndex = 0
2019-09-25 07:27:46,698 [ForkJoinPool.commonPool-worker-1] INFO  impl.StateMachineUpdater (StateMachineUpdater.java:stopAndJoin(125)) - c642d074-6234-4917-85d3-a38353a695f7@group-92148670E2AB-StateMachineUpdater: set stopIndex = 0
2019-09-25 07:27:46,698 [main] INFO  impl.RaftServerImpl (ServerState.java:close(385)) - ad28d3ec-40f8-4bc1-a274-453df443249c@group-084A7F7FCEB7: closes. applyIndex: 0
2019-09-25 07:27:46,698 [ForkJoinPool.commonPool-worker-1] INFO  impl.RaftServerImpl (ServerState.java:close(385)) - c642d074-6234-4917-85d3-a38353a695f7@group-92148670E2AB: closes. applyIndex: 0
2019-09-25 07:27:46,699 [ad28d3ec-40f8-4bc1-a274-453df443249c@group-084A7F7FCEB7-SegmentedRaftLogWorker] INFO  segmented.SegmentedRaftLogWorker (SegmentedRaftLogWorker.java:run(313)) - ad28d3ec-40f8-4bc1-a274-453df443249c@group-084A7F7FCEB7-SegmentedRaftLogWorker was interrupted, exiting. There are 0 tasks remaining in the queue.
2019-09-25 07:27:46,699 [c642d074-6234-4917-85d3-a38353a695f7@group-92148670E2AB-SegmentedRaftLogWorker] INFO  segmented.SegmentedRaftLogWorker (SegmentedRaftLogWorker.java:run(313)) - c642d074-6234-4917-85d3-a38353a695f7@group-92148670E2AB-SegmentedRaftLogWorker was interrupted, exiting. There are 0 tasks remaining in the queue.
2019-09-25 07:27:46,702 [main] INFO  segmented.SegmentedRaftLogWorker (SegmentedRaftLogWorker.java:close(228)) - ad28d3ec-40f8-4bc1-a274-453df443249c@group-084A7F7FCEB7-SegmentedRaftLogWorker close()
2019-09-25 07:27:46,704 [ForkJoinPool.commonPool-worker-1] INFO  segmented.SegmentedRaftLogWorker (SegmentedRaftLogWorker.java:close(228)) - c642d074-6234-4917-85d3-a38353a695f7@group-92148670E2AB-SegmentedRaftLogWorker close()
2019-09-25 07:27:46,712 [main] INFO  impl.RaftServerImpl (RaftServerImpl.java:lambda$shutdown$3(251)) - ad28d3ec-40f8-4bc1-a274-453df443249c@group-4A5C5E45C323: shutdown
2019-09-25 07:27:46,718 [ForkJoinPool.commonPool-worker-1] INFO  impl.RaftServerImpl (RaftServerImpl.java:lambda$shutdown$3(251)) - c642d074-6234-4917-85d3-a38353a695f7@group-390C0D4A463C: shutdown
2019-09-25 07:27:46,719 [main] INFO  util.JmxRegister (JmxRegister.java:unregister(73)) - Successfully un-registered JMX Bean with object name Ratis:service=RaftServer,group=group-4A5C5E45C323,id=ad28d3ec-40f8-4bc1-a274-453df443249c
2019-09-25 07:27:46,719 [ForkJoinPool.commonPool-worker-1] INFO  util.JmxRegister (JmxRegister.java:unregister(73)) - Successfully un-registered JMX Bean with object name Ratis:service=RaftServer,group=group-390C0D4A463C,id=c642d074-6234-4917-85d3-a38353a695f7
2019-09-25 07:27:46,719 [main] INFO  impl.RoleInfo (RoleInfo.java:shutdownLeaderState(104)) - ad28d3ec-40f8-4bc1-a274-453df443249c: shutdown LeaderState
2019-09-25 07:27:46,719 [ForkJoinPool.commonPool-worker-1] INFO  impl.RoleInfo (RoleInfo.java:shutdownLeaderState(104)) - c642d074-6234-4917-85d3-a38353a695f7: shutdown LeaderState
2019-09-25 07:27:46,720 [main] INFO  impl.PendingRequests (PendingRequests.java:sendNotLeaderResponses(202)) - ad28d3ec-40f8-4bc1-a274-453df443249c-PendingRequests: sendNotLeaderResponses
2019-09-25 07:27:46,720 [ForkJoinPool.commonPool-worker-1] INFO  impl.PendingRequests (PendingRequests.java:sendNotLeaderResponses(202)) - c642d074-6234-4917-85d3-a38353a695f7-PendingRequests: sendNotLeaderResponses
2019-09-25 07:27:46,720 [main] INFO  impl.StateMachineUpdater (StateMachineUpdater.java:stopAndJoin(125)) - ad28d3ec-40f8-4bc1-a274-453df443249c@group-4A5C5E45C323-StateMachineUpdater: set stopIndex = 0
2019-09-25 07:27:46,721 [ForkJoinPool.commonPool-worker-1] INFO  impl.StateMachineUpdater (StateMachineUpdater.java:stopAndJoin(125)) - c642d074-6234-4917-85d3-a38353a695f7@group-390C0D4A463C-StateMachineUpdater: set stopIndex = 0
2019-09-25 07:27:46,721 [main] INFO  impl.RaftServerImpl (ServerState.java:close(385)) - ad28d3ec-40f8-4bc1-a274-453df443249c@group-4A5C5E45C323: closes. applyIndex: 0
2019-09-25 07:27:46,721 [ForkJoinPool.commonPool-worker-1] INFO  impl.RaftServerImpl (ServerState.java:close(385)) - c642d074-6234-4917-85d3-a38353a695f7@group-390C0D4A463C: closes. applyIndex: 0
2019-09-25 07:27:46,722 [ad28d3ec-40f8-4bc1-a274-453df443249c@group-4A5C5E45C323-SegmentedRaftLogWorker] INFO  segmented.SegmentedRaftLogWorker (SegmentedRaftLogWorker.java:run(313)) - ad28d3ec-40f8-4bc1-a274-453df443249c@group-4A5C5E45C323-SegmentedRaftLogWorker was interrupted, exiting. There are 0 tasks remaining in the queue.
2019-09-25 07:27:46,722 [c642d074-6234-4917-85d3-a38353a695f7@group-390C0D4A463C-SegmentedRaftLogWorker] INFO  segmented.SegmentedRaftLogWorker (SegmentedRaftLogWorker.java:run(313)) - c642d074-6234-4917-85d3-a38353a695f7@group-390C0D4A463C-SegmentedRaftLogWorker was interrupted, exiting. There are 0 tasks remaining in the queue.
2019-09-25 07:27:46,725 [main] INFO  segmented.SegmentedRaftLogWorker (SegmentedRaftLogWorker.java:close(228)) - ad28d3ec-40f8-4bc1-a274-453df443249c@group-4A5C5E45C323-SegmentedRaftLogWorker close()
2019-09-25 07:27:46,728 [ForkJoinPool.commonPool-worker-1] INFO  segmented.SegmentedRaftLogWorker (SegmentedRaftLogWorker.java:close(228)) - c642d074-6234-4917-85d3-a38353a695f7@group-390C0D4A463C-SegmentedRaftLogWorker close()
2019-09-25 07:27:46,732 [main] INFO  impl.RaftServerImpl (RaftServerImpl.java:lambda$shutdown$3(251)) - ad28d3ec-40f8-4bc1-a274-453df443249c@group-8FB0F7F1CDEF: shutdown
2019-09-25 07:27:46,738 [ForkJoinPool.commonPool-worker-1] INFO  impl.RaftServerImpl (RaftServerImpl.java:lambda$shutdown$3(251)) - c642d074-6234-4917-85d3-a38353a695f7@group-6FC448B46C5C: shutdown
2019-09-25 07:27:46,738 [main] INFO  util.JmxRegister (JmxRegister.java:unregister(73)) - Successfully un-registered JMX Bean with object name Ratis:service=RaftServer,group=group-8FB0F7F1CDEF,id=ad28d3ec-40f8-4bc1-a274-453df443249c
2019-09-25 07:27:46,739 [ForkJoinPool.commonPool-worker-1] INFO  util.JmxRegister (JmxRegister.java:unregister(73)) - Successfully un-registered JMX Bean with object name Ratis:service=RaftServer,group=group-6FC448B46C5C,id=c642d074-6234-4917-85d3-a38353a695f7
2019-09-25 07:27:46,739 [main] INFO  impl.RoleInfo (RoleInfo.java:shutdownLeaderState(104)) - ad28d3ec-40f8-4bc1-a274-453df443249c: shutdown LeaderState
2019-09-25 07:27:46,739 [ForkJoinPool.commonPool-worker-1] INFO  impl.RoleInfo (RoleInfo.java:shutdownLeaderState(104)) - c642d074-6234-4917-85d3-a38353a695f7: shutdown LeaderState
2019-09-25 07:27:46,739 [main] INFO  impl.PendingRequests (PendingRequests.java:sendNotLeaderResponses(202)) - ad28d3ec-40f8-4bc1-a274-453df443249c-PendingRequests: sendNotLeaderResponses
2019-09-25 07:27:46,740 [ForkJoinPool.commonPool-worker-1] INFO  impl.PendingRequests (PendingRequests.java:sendNotLeaderResponses(202)) - c642d074-6234-4917-85d3-a38353a695f7-PendingRequests: sendNotLeaderResponses
2019-09-25 07:27:46,740 [main] INFO  impl.StateMachineUpdater (StateMachineUpdater.java:stopAndJoin(125)) - ad28d3ec-40f8-4bc1-a274-453df443249c@group-8FB0F7F1CDEF-StateMachineUpdater: set stopIndex = 0
2019-09-25 07:27:46,740 [ForkJoinPool.commonPool-worker-1] INFO  impl.StateMachineUpdater (StateMachineUpdater.java:stopAndJoin(125)) - c642d074-6234-4917-85d3-a38353a695f7@group-6FC448B46C5C-StateMachineUpdater: set stopIndex = 0
2019-09-25 07:27:46,740 [main] INFO  impl.RaftServerImpl (ServerState.java:close(385)) - ad28d3ec-40f8-4bc1-a274-453df443249c@group-8FB0F7F1CDEF: closes. applyIndex: 0
2019-09-25 07:27:46,741 [ForkJoinPool.commonPool-worker-1] INFO  impl.RaftServerImpl (ServerState.java:close(385)) - c642d074-6234-4917-85d3-a38353a695f7@group-6FC448B46C5C: closes. applyIndex: 0
2019-09-25 07:27:46,741 [ad28d3ec-40f8-4bc1-a274-453df443249c@group-8FB0F7F1CDEF-SegmentedRaftLogWorker] INFO  segmented.SegmentedRaftLogWorker (SegmentedRaftLogWorker.java:run(313)) - ad28d3ec-40f8-4bc1-a274-453df443249c@group-8FB0F7F1CDEF-SegmentedRaftLogWorker was interrupted, exiting. There are 0 tasks remaining in the queue.
2019-09-25 07:27:46,741 [c642d074-6234-4917-85d3-a38353a695f7@group-6FC448B46C5C-SegmentedRaftLogWorker] INFO  segmented.SegmentedRaftLogWorker (SegmentedRaftLogWorker.java:run(313)) - c642d074-6234-4917-85d3-a38353a695f7@group-6FC448B46C5C-SegmentedRaftLogWorker was interrupted, exiting. There are 0 tasks remaining in the queue.
2019-09-25 07:27:46,744 [main] INFO  segmented.SegmentedRaftLogWorker (SegmentedRaftLogWorker.java:close(228)) - ad28d3ec-40f8-4bc1-a274-453df443249c@group-8FB0F7F1CDEF-SegmentedRaftLogWorker close()
2019-09-25 07:27:46,747 [ForkJoinPool.commonPool-worker-1] INFO  segmented.SegmentedRaftLogWorker (SegmentedRaftLogWorker.java:close(228)) - c642d074-6234-4917-85d3-a38353a695f7@group-6FC448B46C5C-SegmentedRaftLogWorker close()
2019-09-25 07:27:46,752 [main] INFO  impl.RaftServerImpl (RaftServerImpl.java:lambda$shutdown$3(251)) - ad28d3ec-40f8-4bc1-a274-453df443249c@group-47E77F1102D2: shutdown
2019-09-25 07:27:46,758 [ForkJoinPool.commonPool-worker-1] INFO  impl.RaftServerImpl (RaftServerImpl.java:lambda$shutdown$3(251)) - c642d074-6234-4917-85d3-a38353a695f7@group-D079BC979AD0: shutdown
2019-09-25 07:27:46,758 [main] INFO  util.JmxRegister (JmxRegister.java:unregister(73)) - Successfully un-registered JMX Bean with object name Ratis:service=RaftServer,group=group-47E77F1102D2,id=ad28d3ec-40f8-4bc1-a274-453df443249c
2019-09-25 07:27:46,758 [ForkJoinPool.commonPool-worker-1] INFO  util.JmxRegister (JmxRegister.java:unregister(73)) - Successfully un-registered JMX Bean with object name Ratis:service=RaftServer,group=group-D079BC979AD0,id=c642d074-6234-4917-85d3-a38353a695f7
2019-09-25 07:27:46,758 [main] INFO  impl.RoleInfo (RoleInfo.java:shutdownLeaderState(104)) - ad28d3ec-40f8-4bc1-a274-453df443249c: shutdown LeaderState
2019-09-25 07:27:46,759 [ForkJoinPool.commonPool-worker-1] INFO  impl.RoleInfo (RoleInfo.java:shutdownLeaderState(104)) - c642d074-6234-4917-85d3-a38353a695f7: shutdown LeaderState
2019-09-25 07:27:46,759 [main] INFO  impl.PendingRequests (PendingRequests.java:sendNotLeaderResponses(202)) - ad28d3ec-40f8-4bc1-a274-453df443249c-PendingRequests: sendNotLeaderResponses
2019-09-25 07:27:46,759 [ForkJoinPool.commonPool-worker-1] INFO  impl.PendingRequests (PendingRequests.java:sendNotLeaderResponses(202)) - c642d074-6234-4917-85d3-a38353a695f7-PendingRequests: sendNotLeaderResponses
2019-09-25 07:27:46,759 [main] INFO  impl.StateMachineUpdater (StateMachineUpdater.java:stopAndJoin(125)) - ad28d3ec-40f8-4bc1-a274-453df443249c@group-47E77F1102D2-StateMachineUpdater: set stopIndex = 0
2019-09-25 07:27:46,760 [ForkJoinPool.commonPool-worker-1] INFO  impl.StateMachineUpdater (StateMachineUpdater.java:stopAndJoin(125)) - c642d074-6234-4917-85d3-a38353a695f7@group-D079BC979AD0-StateMachineUpdater: set stopIndex = 0
2019-09-25 07:27:46,760 [main] INFO  impl.RaftServerImpl (ServerState.java:close(385)) - ad28d3ec-40f8-4bc1-a274-453df443249c@group-47E77F1102D2: closes. applyIndex: 0
2019-09-25 07:27:46,760 [ForkJoinPool.commonPool-worker-1] INFO  impl.RaftServerImpl (ServerState.java:close(385)) - c642d074-6234-4917-85d3-a38353a695f7@group-D079BC979AD0: closes. applyIndex: 0
2019-09-25 07:27:46,760 [ad28d3ec-40f8-4bc1-a274-453df443249c@group-47E77F1102D2-SegmentedRaftLogWorker] INFO  segmented.SegmentedRaftLogWorker (SegmentedRaftLogWorker.java:run(313)) - ad28d3ec-40f8-4bc1-a274-453df443249c@group-47E77F1102D2-SegmentedRaftLogWorker was interrupted, exiting. There are 0 tasks remaining in the queue.
2019-09-25 07:27:46,763 [c642d074-6234-4917-85d3-a38353a695f7@group-D079BC979AD0-SegmentedRaftLogWorker] INFO  segmented.SegmentedRaftLogWorker (SegmentedRaftLogWorker.java:run(313)) - c642d074-6234-4917-85d3-a38353a695f7@group-D079BC979AD0-SegmentedRaftLogWorker was interrupted, exiting. There are 0 tasks remaining in the queue.
2019-09-25 07:27:46,763 [main] INFO  segmented.SegmentedRaftLogWorker (SegmentedRaftLogWorker.java:close(228)) - ad28d3ec-40f8-4bc1-a274-453df443249c@group-47E77F1102D2-SegmentedRaftLogWorker close()
2019-09-25 07:27:46,766 [ForkJoinPool.commonPool-worker-1] INFO  segmented.SegmentedRaftLogWorker (SegmentedRaftLogWorker.java:close(228)) - c642d074-6234-4917-85d3-a38353a695f7@group-D079BC979AD0-SegmentedRaftLogWorker close()
2019-09-25 07:27:46,770 [main] INFO  impl.RaftServerImpl (RaftServerImpl.java:lambda$shutdown$3(251)) - ad28d3ec-40f8-4bc1-a274-453df443249c@group-9F2CEDCE64BC: shutdown
2019-09-25 07:27:46,788 [ForkJoinPool.commonPool-worker-1] INFO  impl.RaftServerImpl (RaftServerImpl.java:lambda$shutdown$3(251)) - c642d074-6234-4917-85d3-a38353a695f7@group-21F507338767: shutdown
2019-09-25 07:27:46,789 [main] INFO  util.JmxRegister (JmxRegister.java:unregister(73)) - Successfully un-registered JMX Bean with object name Ratis:service=RaftServer,group=group-9F2CEDCE64BC,id=ad28d3ec-40f8-4bc1-a274-453df443249c
2019-09-25 07:27:46,789 [ForkJoinPool.commonPool-worker-1] INFO  util.JmxRegister (JmxRegister.java:unregister(73)) - Successfully un-registered JMX Bean with object name Ratis:service=RaftServer,group=group-21F507338767,id=c642d074-6234-4917-85d3-a38353a695f7
2019-09-25 07:27:46,789 [main] INFO  impl.RoleInfo (RoleInfo.java:shutdownLeaderState(104)) - ad28d3ec-40f8-4bc1-a274-453df443249c: shutdown LeaderState
2019-09-25 07:27:46,790 [ForkJoinPool.commonPool-worker-1] INFO  impl.RoleInfo (RoleInfo.java:shutdownLeaderState(104)) - c642d074-6234-4917-85d3-a38353a695f7: shutdown LeaderState
2019-09-25 07:27:46,790 [main] INFO  impl.PendingRequests (PendingRequests.java:sendNotLeaderResponses(202)) - ad28d3ec-40f8-4bc1-a274-453df443249c-PendingRequests: sendNotLeaderResponses
2019-09-25 07:27:46,790 [ForkJoinPool.commonPool-worker-1] INFO  impl.PendingRequests (PendingRequests.java:sendNotLeaderResponses(202)) - c642d074-6234-4917-85d3-a38353a695f7-PendingRequests: sendNotLeaderResponses
2019-09-25 07:27:46,791 [main] INFO  impl.StateMachineUpdater (StateMachineUpdater.java:stopAndJoin(125)) - ad28d3ec-40f8-4bc1-a274-453df443249c@group-9F2CEDCE64BC-StateMachineUpdater: set stopIndex = 0
2019-09-25 07:27:46,791 [ForkJoinPool.commonPool-worker-1] INFO  impl.StateMachineUpdater (StateMachineUpdater.java:stopAndJoin(125)) - c642d074-6234-4917-85d3-a38353a695f7@group-21F507338767-StateMachineUpdater: set stopIndex = 0
2019-09-25 07:27:46,791 [main] INFO  impl.RaftServerImpl (ServerState.java:close(385)) - ad28d3ec-40f8-4bc1-a274-453df443249c@group-9F2CEDCE64BC: closes. applyIndex: 0
2019-09-25 07:27:46,791 [ForkJoinPool.commonPool-worker-1] INFO  impl.RaftServerImpl (ServerState.java:close(385)) - c642d074-6234-4917-85d3-a38353a695f7@group-21F507338767: closes. applyIndex: 0
2019-09-25 07:27:46,792 [ad28d3ec-40f8-4bc1-a274-453df443249c@group-9F2CEDCE64BC-SegmentedRaftLogWorker] INFO  segmented.SegmentedRaftLogWorker (SegmentedRaftLogWorker.java:run(313)) - ad28d3ec-40f8-4bc1-a274-453df443249c@group-9F2CEDCE64BC-SegmentedRaftLogWorker was interrupted, exiting. There are 0 tasks remaining in the queue.
2019-09-25 07:27:46,792 [c642d074-6234-4917-85d3-a38353a695f7@group-21F507338767-SegmentedRaftLogWorker] INFO  segmented.SegmentedRaftLogWorker (SegmentedRaftLogWorker.java:run(313)) - c642d074-6234-4917-85d3-a38353a695f7@group-21F507338767-SegmentedRaftLogWorker was interrupted, exiting. There are 0 tasks remaining in the queue.
2019-09-25 07:27:46,792 [main] INFO  segmented.SegmentedRaftLogWorker (SegmentedRaftLogWorker.java:close(228)) - ad28d3ec-40f8-4bc1-a274-453df443249c@group-9F2CEDCE64BC-SegmentedRaftLogWorker close()
2019-09-25 07:27:46,792 [ForkJoinPool.commonPool-worker-1] INFO  segmented.SegmentedRaftLogWorker (SegmentedRaftLogWorker.java:close(228)) - c642d074-6234-4917-85d3-a38353a695f7@group-21F507338767-SegmentedRaftLogWorker close()
2019-09-25 07:27:46,797 [main] INFO  server.GrpcService (GrpcService.java:closeImpl(164)) - ad28d3ec-40f8-4bc1-a274-453df443249c: shutdown server with port 42516 now
2019-09-25 07:27:46,798 [ForkJoinPool.commonPool-worker-1] INFO  server.GrpcService (GrpcService.java:closeImpl(164)) - c642d074-6234-4917-85d3-a38353a695f7: shutdown server with port 41023 now
2019-09-25 07:27:46,802 [main] INFO  server.GrpcService (GrpcService.java:closeImpl(172)) - ad28d3ec-40f8-4bc1-a274-453df443249c: shutdown server with port 42516 successfully
2019-09-25 07:27:46,804 [ForkJoinPool.commonPool-worker-1] INFO  server.GrpcService (GrpcService.java:closeImpl(172)) - c642d074-6234-4917-85d3-a38353a695f7: shutdown server with port 41023 successfully
2019-09-25 07:27:46,808 [refreshUsed-/workdir/hadoop-ozone/ozonefs/target/test-dir/MiniOzoneClusterImpl-336849c0-54e0-42a2-92e3-a8dd7e6e8d6a/datanode-2/data/containers] WARN  fs.CachingGetSpaceUsed (CachingGetSpaceUsed.java:run(183)) - Thread Interrupted waiting to refresh disk information: sleep interrupted
2019-09-25 07:27:46,816 [refreshUsed-/workdir/hadoop-ozone/ozonefs/target/test-dir/MiniOzoneClusterImpl-336849c0-54e0-42a2-92e3-a8dd7e6e8d6a/datanode-5/data/containers] WARN  fs.CachingGetSpaceUsed (CachingGetSpaceUsed.java:run(183)) - Thread Interrupted waiting to refresh disk information: sleep interrupted
2019-09-25 07:27:46,838 [ForkJoinPool.commonPool-worker-1] INFO  utils.BackgroundService (BackgroundService.java:shutdown(148)) - Shutting down service BlockDeletingService
2019-09-25 07:27:46,846 [ForkJoinPool.commonPool-worker-1] INFO  statemachine.DatanodeStateMachine (DatanodeStateMachine.java:stopDaemon(395)) - Ozone container server stopped.
2019-09-25 07:27:46,852 [ForkJoinPool.commonPool-worker-1] INFO  handler.ContextHandler (ContextHandler.java:doStop(910)) - Stopped o.e.j.w.WebAppContext@12d5c30e{/,null,UNAVAILABLE}{/hddsDatanode}
2019-09-25 07:27:46,853 [ForkJoinPool.commonPool-worker-1] INFO  server.AbstractConnector (AbstractConnector.java:doStop(318)) - Stopped ServerConnector@b887730{HTTP/1.1,[http/1.1]}{0.0.0.0:0}
2019-09-25 07:27:46,854 [ForkJoinPool.commonPool-worker-1] INFO  handler.ContextHandler (ContextHandler.java:doStop(910)) - Stopped o.e.j.s.ServletContextHandler@32130e61{/static,jar:file:/home/user/.m2/repository/org/apache/hadoop/hadoop-hdds-container-service/0.5.0-SNAPSHOT/hadoop-hdds-container-service-0.5.0-SNAPSHOT.jar!/webapps/static,UNAVAILABLE}
2019-09-25 07:27:46,856 [ForkJoinPool.commonPool-worker-1] INFO  handler.ContextHandler (ContextHandler.java:doStop(910)) - Stopped o.e.j.s.ServletContextHandler@4821aa9f{/logs,file:///workdir/hadoop-ozone/ozonefs/target/log,UNAVAILABLE}
2019-09-25 07:27:46,861 [main] INFO  utils.BackgroundService (BackgroundService.java:shutdown(148)) - Shutting down service BlockDeletingService
2019-09-25 07:27:46,866 [main] INFO  statemachine.DatanodeStateMachine (DatanodeStateMachine.java:stopDaemon(395)) - Ozone container server stopped.
2019-09-25 07:27:46,867 [main] INFO  handler.ContextHandler (ContextHandler.java:doStop(910)) - Stopped o.e.j.w.WebAppContext@6192a5d5{/,null,UNAVAILABLE}{/hddsDatanode}
2019-09-25 07:27:46,868 [main] INFO  server.AbstractConnector (AbstractConnector.java:doStop(318)) - Stopped ServerConnector@3722c145{HTTP/1.1,[http/1.1]}{0.0.0.0:0}
2019-09-25 07:27:46,868 [main] INFO  handler.ContextHandler (ContextHandler.java:doStop(910)) - Stopped o.e.j.s.ServletContextHandler@51ec2856{/static,jar:file:/home/user/.m2/repository/org/apache/hadoop/hadoop-hdds-container-service/0.5.0-SNAPSHOT/hadoop-hdds-container-service-0.5.0-SNAPSHOT.jar!/webapps/static,UNAVAILABLE}
2019-09-25 07:27:46,868 [main] INFO  handler.ContextHandler (ContextHandler.java:doStop(910)) - Stopped o.e.j.s.ServletContextHandler@6fa0450e{/logs,file:///workdir/hadoop-ozone/ozonefs/target/log,UNAVAILABLE}
2019-09-25 07:27:47,415 [Datanode State Machine Thread - 0] INFO  statemachine.DatanodeStateMachine (DatanodeStateMachine.java:lambda$startDaemon$0(350)) - Ozone container server started.
2019-09-25 07:27:47,802 [Datanode State Machine Thread - 0] INFO  statemachine.DatanodeStateMachine (DatanodeStateMachine.java:lambda$startDaemon$0(350)) - Ozone container server started.
2019-09-25 07:27:51,858 [ForkJoinPool.commonPool-worker-1] INFO  ozoneimpl.OzoneContainer (OzoneContainer.java:stop(231)) - Attempting to stop container services.
2019-09-25 07:27:51,860 [ForkJoinPool.commonPool-worker-1] INFO  impl.RaftServerProxy (RaftServerProxy.java:lambda$close$4(314)) - 50e45688-d85c-45e8-a8ba-136a1a73e30a: close
2019-09-25 07:27:51,860 [ForkJoinPool.commonPool-worker-1] INFO  impl.RaftServerImpl (RaftServerImpl.java:lambda$shutdown$3(251)) - 50e45688-d85c-45e8-a8ba-136a1a73e30a@group-520199872AB3: shutdown
2019-09-25 07:27:51,861 [ForkJoinPool.commonPool-worker-1] INFO  util.JmxRegister (JmxRegister.java:unregister(73)) - Successfully un-registered JMX Bean with object name Ratis:service=RaftServer,group=group-520199872AB3,id=50e45688-d85c-45e8-a8ba-136a1a73e30a
2019-09-25 07:27:51,861 [ForkJoinPool.commonPool-worker-1] INFO  impl.RoleInfo (RoleInfo.java:shutdownLeaderState(104)) - 50e45688-d85c-45e8-a8ba-136a1a73e30a: shutdown LeaderState
2019-09-25 07:27:51,861 [ForkJoinPool.commonPool-worker-1] INFO  impl.PendingRequests (PendingRequests.java:sendNotLeaderResponses(202)) - 50e45688-d85c-45e8-a8ba-136a1a73e30a-PendingRequests: sendNotLeaderResponses
2019-09-25 07:27:51,862 [ForkJoinPool.commonPool-worker-1] INFO  impl.StateMachineUpdater (StateMachineUpdater.java:stopAndJoin(125)) - 50e45688-d85c-45e8-a8ba-136a1a73e30a@group-520199872AB3-StateMachineUpdater: set stopIndex = 0
2019-09-25 07:27:51,863 [ForkJoinPool.commonPool-worker-1] INFO  impl.RaftServerImpl (ServerState.java:close(385)) - 50e45688-d85c-45e8-a8ba-136a1a73e30a@group-520199872AB3: closes. applyIndex: 0
2019-09-25 07:27:51,863 [50e45688-d85c-45e8-a8ba-136a1a73e30a@group-520199872AB3-SegmentedRaftLogWorker] INFO  segmented.SegmentedRaftLogWorker (SegmentedRaftLogWorker.java:run(313)) - 50e45688-d85c-45e8-a8ba-136a1a73e30a@group-520199872AB3-SegmentedRaftLogWorker was interrupted, exiting. There are 0 tasks remaining in the queue.
2019-09-25 07:27:51,864 [ForkJoinPool.commonPool-worker-1] INFO  segmented.SegmentedRaftLogWorker (SegmentedRaftLogWorker.java:close(228)) - 50e45688-d85c-45e8-a8ba-136a1a73e30a@group-520199872AB3-SegmentedRaftLogWorker close()
2019-09-25 07:27:51,869 [ForkJoinPool.commonPool-worker-1] INFO  impl.RaftServerImpl (RaftServerImpl.java:lambda$shutdown$3(251)) - 50e45688-d85c-45e8-a8ba-136a1a73e30a@group-2855C5931F43: shutdown
2019-09-25 07:27:51,869 [ForkJoinPool.commonPool-worker-1] INFO  util.JmxRegister (JmxRegister.java:unregister(73)) - Successfully un-registered JMX Bean with object name Ratis:service=RaftServer,group=group-2855C5931F43,id=50e45688-d85c-45e8-a8ba-136a1a73e30a
2019-09-25 07:27:51,869 [ForkJoinPool.commonPool-worker-1] INFO  impl.RoleInfo (RoleInfo.java:shutdownLeaderState(104)) - 50e45688-d85c-45e8-a8ba-136a1a73e30a: shutdown LeaderState
2019-09-25 07:27:51,870 [ForkJoinPool.commonPool-worker-1] INFO  impl.PendingRequests (PendingRequests.java:sendNotLeaderResponses(202)) - 50e45688-d85c-45e8-a8ba-136a1a73e30a-PendingRequests: sendNotLeaderResponses
2019-09-25 07:27:51,870 [ForkJoinPool.commonPool-worker-1] INFO  impl.StateMachineUpdater (StateMachineUpdater.java:stopAndJoin(125)) - 50e45688-d85c-45e8-a8ba-136a1a73e30a@group-2855C5931F43-StateMachineUpdater: set stopIndex = 0
2019-09-25 07:27:51,870 [main] INFO  ozoneimpl.OzoneContainer (OzoneContainer.java:stop(231)) - Attempting to stop container services.
2019-09-25 07:27:51,871 [ForkJoinPool.commonPool-worker-1] INFO  impl.RaftServerImpl (ServerState.java:close(385)) - 50e45688-d85c-45e8-a8ba-136a1a73e30a@group-2855C5931F43: closes. applyIndex: 0
2019-09-25 07:27:51,871 [main] INFO  impl.RaftServerProxy (RaftServerProxy.java:lambda$close$4(314)) - 600943d5-c424-432f-84b9-a00c1c65f122: close
2019-09-25 07:27:51,871 [50e45688-d85c-45e8-a8ba-136a1a73e30a@group-2855C5931F43-SegmentedRaftLogWorker] INFO  segmented.SegmentedRaftLogWorker (SegmentedRaftLogWorker.java:run(313)) - 50e45688-d85c-45e8-a8ba-136a1a73e30a@group-2855C5931F43-SegmentedRaftLogWorker was interrupted, exiting. There are 0 tasks remaining in the queue.
2019-09-25 07:27:51,872 [main] INFO  impl.RaftServerImpl (RaftServerImpl.java:lambda$shutdown$3(251)) - 600943d5-c424-432f-84b9-a00c1c65f122@group-0A2509AC6D9A: shutdown
2019-09-25 07:27:51,872 [ForkJoinPool.commonPool-worker-1] INFO  segmented.SegmentedRaftLogWorker (SegmentedRaftLogWorker.java:close(228)) - 50e45688-d85c-45e8-a8ba-136a1a73e30a@group-2855C5931F43-SegmentedRaftLogWorker close()
2019-09-25 07:27:51,872 [main] INFO  util.JmxRegister (JmxRegister.java:unregister(73)) - Successfully un-registered JMX Bean with object name Ratis:service=RaftServer,group=group-0A2509AC6D9A,id=600943d5-c424-432f-84b9-a00c1c65f122
2019-09-25 07:27:51,876 [ForkJoinPool.commonPool-worker-1] INFO  impl.RaftServerImpl (RaftServerImpl.java:lambda$shutdown$3(251)) - 50e45688-d85c-45e8-a8ba-136a1a73e30a@group-C4EB2BD644B6: shutdown
2019-09-25 07:27:51,876 [main] INFO  impl.RoleInfo (RoleInfo.java:shutdownLeaderState(104)) - 600943d5-c424-432f-84b9-a00c1c65f122: shutdown LeaderState
2019-09-25 07:27:51,876 [ForkJoinPool.commonPool-worker-1] INFO  util.JmxRegister (JmxRegister.java:unregister(73)) - Successfully un-registered JMX Bean with object name Ratis:service=RaftServer,group=group-C4EB2BD644B6,id=50e45688-d85c-45e8-a8ba-136a1a73e30a
2019-09-25 07:27:51,877 [main] INFO  impl.PendingRequests (PendingRequests.java:sendNotLeaderResponses(202)) - 600943d5-c424-432f-84b9-a00c1c65f122-PendingRequests: sendNotLeaderResponses
2019-09-25 07:27:51,877 [ForkJoinPool.commonPool-worker-1] INFO  impl.RoleInfo (RoleInfo.java:shutdownLeaderState(104)) - 50e45688-d85c-45e8-a8ba-136a1a73e30a: shutdown LeaderState
2019-09-25 07:27:51,878 [main] INFO  impl.StateMachineUpdater (StateMachineUpdater.java:stopAndJoin(125)) - 600943d5-c424-432f-84b9-a00c1c65f122@group-0A2509AC6D9A-StateMachineUpdater: set stopIndex = 0
2019-09-25 07:27:51,878 [ForkJoinPool.commonPool-worker-1] INFO  impl.PendingRequests (PendingRequests.java:sendNotLeaderResponses(202)) - 50e45688-d85c-45e8-a8ba-136a1a73e30a-PendingRequests: sendNotLeaderResponses
2019-09-25 07:27:51,878 [main] INFO  impl.RaftServerImpl (ServerState.java:close(385)) - 600943d5-c424-432f-84b9-a00c1c65f122@group-0A2509AC6D9A: closes. applyIndex: 0
2019-09-25 07:27:51,878 [ForkJoinPool.commonPool-worker-1] INFO  impl.StateMachineUpdater (StateMachineUpdater.java:stopAndJoin(125)) - 50e45688-d85c-45e8-a8ba-136a1a73e30a@group-C4EB2BD644B6-StateMachineUpdater: set stopIndex = 0
2019-09-25 07:27:51,879 [600943d5-c424-432f-84b9-a00c1c65f122@group-0A2509AC6D9A-SegmentedRaftLogWorker] INFO  segmented.SegmentedRaftLogWorker (SegmentedRaftLogWorker.java:run(313)) - 600943d5-c424-432f-84b9-a00c1c65f122@group-0A2509AC6D9A-SegmentedRaftLogWorker was interrupted, exiting. There are 0 tasks remaining in the queue.
2019-09-25 07:27:51,879 [ForkJoinPool.commonPool-worker-1] INFO  impl.RaftServerImpl (ServerState.java:close(385)) - 50e45688-d85c-45e8-a8ba-136a1a73e30a@group-C4EB2BD644B6: closes. applyIndex: 0
2019-09-25 07:27:51,879 [main] INFO  segmented.SegmentedRaftLogWorker (SegmentedRaftLogWorker.java:close(228)) - 600943d5-c424-432f-84b9-a00c1c65f122@group-0A2509AC6D9A-SegmentedRaftLogWorker close()
2019-09-25 07:27:51,879 [50e45688-d85c-45e8-a8ba-136a1a73e30a@group-C4EB2BD644B6-SegmentedRaftLogWorker] INFO  segmented.SegmentedRaftLogWorker (SegmentedRaftLogWorker.java:run(313)) - 50e45688-d85c-45e8-a8ba-136a1a73e30a@group-C4EB2BD644B6-SegmentedRaftLogWorker was interrupted, exiting. There are 0 tasks remaining in the queue.
2019-09-25 07:27:51,883 [main] INFO  impl.RaftServerImpl (RaftServerImpl.java:lambda$shutdown$3(251)) - 600943d5-c424-432f-84b9-a00c1c65f122@group-D30F9EEB555A: shutdown
2019-09-25 07:27:51,883 [ForkJoinPool.commonPool-worker-1] INFO  segmented.SegmentedRaftLogWorker (SegmentedRaftLogWorker.java:close(228)) - 50e45688-d85c-45e8-a8ba-136a1a73e30a@group-C4EB2BD644B6-SegmentedRaftLogWorker close()
2019-09-25 07:27:51,883 [main] INFO  util.JmxRegister (JmxRegister.java:unregister(73)) - Successfully un-registered JMX Bean with object name Ratis:service=RaftServer,group=group-D30F9EEB555A,id=600943d5-c424-432f-84b9-a00c1c65f122
2019-09-25 07:27:51,887 [main] INFO  impl.RoleInfo (RoleInfo.java:shutdownLeaderState(104)) - 600943d5-c424-432f-84b9-a00c1c65f122: shutdown LeaderState
2019-09-25 07:27:51,886 [ForkJoinPool.commonPool-worker-1] INFO  impl.RaftServerImpl (RaftServerImpl.java:lambda$shutdown$3(251)) - 50e45688-d85c-45e8-a8ba-136a1a73e30a@group-B9507611216D: shutdown
2019-09-25 07:27:51,887 [main] INFO  impl.PendingRequests (PendingRequests.java:sendNotLeaderResponses(202)) - 600943d5-c424-432f-84b9-a00c1c65f122-PendingRequests: sendNotLeaderResponses
2019-09-25 07:27:51,887 [ForkJoinPool.commonPool-worker-1] INFO  util.JmxRegister (JmxRegister.java:unregister(73)) - Successfully un-registered JMX Bean with object name Ratis:service=RaftServer,group=group-B9507611216D,id=50e45688-d85c-45e8-a8ba-136a1a73e30a
2019-09-25 07:27:51,888 [main] INFO  impl.StateMachineUpdater (StateMachineUpdater.java:stopAndJoin(125)) - 600943d5-c424-432f-84b9-a00c1c65f122@group-D30F9EEB555A-StateMachineUpdater: set stopIndex = 0
2019-09-25 07:27:51,888 [ForkJoinPool.commonPool-worker-1] INFO  impl.RoleInfo (RoleInfo.java:shutdownLeaderState(104)) - 50e45688-d85c-45e8-a8ba-136a1a73e30a: shutdown LeaderState
2019-09-25 07:27:51,888 [main] INFO  impl.RaftServerImpl (ServerState.java:close(385)) - 600943d5-c424-432f-84b9-a00c1c65f122@group-D30F9EEB555A: closes. applyIndex: 0
2019-09-25 07:27:51,889 [ForkJoinPool.commonPool-worker-1] INFO  impl.PendingRequests (PendingRequests.java:sendNotLeaderResponses(202)) - 50e45688-d85c-45e8-a8ba-136a1a73e30a-PendingRequests: sendNotLeaderResponses
2019-09-25 07:27:51,889 [600943d5-c424-432f-84b9-a00c1c65f122@group-D30F9EEB555A-SegmentedRaftLogWorker] INFO  segmented.SegmentedRaftLogWorker (SegmentedRaftLogWorker.java:run(313)) - 600943d5-c424-432f-84b9-a00c1c65f122@group-D30F9EEB555A-SegmentedRaftLogWorker was interrupted, exiting. There are 0 tasks remaining in the queue.
2019-09-25 07:27:51,889 [ForkJoinPool.commonPool-worker-1] INFO  impl.StateMachineUpdater (StateMachineUpdater.java:stopAndJoin(125)) - 50e45688-d85c-45e8-a8ba-136a1a73e30a@group-B9507611216D-StateMachineUpdater: set stopIndex = 0
2019-09-25 07:27:51,889 [main] INFO  segmented.SegmentedRaftLogWorker (SegmentedRaftLogWorker.java:close(228)) - 600943d5-c424-432f-84b9-a00c1c65f122@group-D30F9EEB555A-SegmentedRaftLogWorker close()
2019-09-25 07:27:51,890 [ForkJoinPool.commonPool-worker-1] INFO  impl.RaftServerImpl (ServerState.java:close(385)) - 50e45688-d85c-45e8-a8ba-136a1a73e30a@group-B9507611216D: closes. applyIndex: 0
2019-09-25 07:27:51,893 [main] INFO  impl.RaftServerImpl (RaftServerImpl.java:lambda$shutdown$3(251)) - 600943d5-c424-432f-84b9-a00c1c65f122@group-DFFFBD2936F1: shutdown
2019-09-25 07:27:51,893 [50e45688-d85c-45e8-a8ba-136a1a73e30a@group-B9507611216D-SegmentedRaftLogWorker] INFO  segmented.SegmentedRaftLogWorker (SegmentedRaftLogWorker.java:run(313)) - 50e45688-d85c-45e8-a8ba-136a1a73e30a@group-B9507611216D-SegmentedRaftLogWorker was interrupted, exiting. There are 0 tasks remaining in the queue.
2019-09-25 07:27:51,893 [main] INFO  util.JmxRegister (JmxRegister.java:unregister(73)) - Successfully un-registered JMX Bean with object name Ratis:service=RaftServer,group=group-DFFFBD2936F1,id=600943d5-c424-432f-84b9-a00c1c65f122
2019-09-25 07:27:51,893 [ForkJoinPool.commonPool-worker-1] INFO  segmented.SegmentedRaftLogWorker (SegmentedRaftLogWorker.java:close(228)) - 50e45688-d85c-45e8-a8ba-136a1a73e30a@group-B9507611216D-SegmentedRaftLogWorker close()
2019-09-25 07:27:51,894 [main] INFO  impl.RoleInfo (RoleInfo.java:shutdownLeaderState(104)) - 600943d5-c424-432f-84b9-a00c1c65f122: shutdown LeaderState
2019-09-25 07:27:51,896 [ForkJoinPool.commonPool-worker-1] INFO  impl.RaftServerImpl (RaftServerImpl.java:lambda$shutdown$3(251)) - 50e45688-d85c-45e8-a8ba-136a1a73e30a@group-5F5D2E7DBE31: shutdown
2019-09-25 07:27:51,897 [main] INFO  impl.PendingRequests (PendingRequests.java:sendNotLeaderResponses(202)) - 600943d5-c424-432f-84b9-a00c1c65f122-PendingRequests: sendNotLeaderResponses
2019-09-25 07:27:51,897 [ForkJoinPool.commonPool-worker-1] INFO  util.JmxRegister (JmxRegister.java:unregister(73)) - Successfully un-registered JMX Bean with object name Ratis:service=RaftServer,group=group-5F5D2E7DBE31,id=50e45688-d85c-45e8-a8ba-136a1a73e30a
2019-09-25 07:27:51,897 [main] INFO  impl.StateMachineUpdater (StateMachineUpdater.java:stopAndJoin(125)) - 600943d5-c424-432f-84b9-a00c1c65f122@group-DFFFBD2936F1-StateMachineUpdater: set stopIndex = 0
2019-09-25 07:27:51,898 [ForkJoinPool.commonPool-worker-1] INFO  impl.RoleInfo (RoleInfo.java:shutdownLeaderState(104)) - 50e45688-d85c-45e8-a8ba-136a1a73e30a: shutdown LeaderState
2019-09-25 07:27:51,898 [main] INFO  impl.RaftServerImpl (ServerState.java:close(385)) - 600943d5-c424-432f-84b9-a00c1c65f122@group-DFFFBD2936F1: closes. applyIndex: 0
2019-09-25 07:27:51,898 [ForkJoinPool.commonPool-worker-1] INFO  impl.PendingRequests (PendingRequests.java:sendNotLeaderResponses(202)) - 50e45688-d85c-45e8-a8ba-136a1a73e30a-PendingRequests: sendNotLeaderResponses
2019-09-25 07:27:51,899 [600943d5-c424-432f-84b9-a00c1c65f122@group-DFFFBD2936F1-SegmentedRaftLogWorker] INFO  segmented.SegmentedRaftLogWorker (SegmentedRaftLogWorker.java:run(313)) - 600943d5-c424-432f-84b9-a00c1c65f122@group-DFFFBD2936F1-SegmentedRaftLogWorker was interrupted, exiting. There are 0 tasks remaining in the queue.
2019-09-25 07:27:51,899 [ForkJoinPool.commonPool-worker-1] INFO  impl.StateMachineUpdater (StateMachineUpdater.java:stopAndJoin(125)) - 50e45688-d85c-45e8-a8ba-136a1a73e30a@group-5F5D2E7DBE31-StateMachineUpdater: set stopIndex = 0
2019-09-25 07:27:51,899 [main] INFO  segmented.SegmentedRaftLogWorker (SegmentedRaftLogWorker.java:close(228)) - 600943d5-c424-432f-84b9-a00c1c65f122@group-DFFFBD2936F1-SegmentedRaftLogWorker close()
2019-09-25 07:27:51,899 [ForkJoinPool.commonPool-worker-1] INFO  impl.RaftServerImpl (ServerState.java:close(385)) - 50e45688-d85c-45e8-a8ba-136a1a73e30a@group-5F5D2E7DBE31: closes. applyIndex: 0
2019-09-25 07:27:51,902 [main] INFO  impl.RaftServerImpl (RaftServerImpl.java:lambda$shutdown$3(251)) - 600943d5-c424-432f-84b9-a00c1c65f122@group-73AFC1BFB7B0: shutdown
2019-09-25 07:27:51,902 [50e45688-d85c-45e8-a8ba-136a1a73e30a@group-5F5D2E7DBE31-SegmentedRaftLogWorker] INFO  segmented.SegmentedRaftLogWorker (SegmentedRaftLogWorker.java:run(313)) - 50e45688-d85c-45e8-a8ba-136a1a73e30a@group-5F5D2E7DBE31-SegmentedRaftLogWorker was interrupted, exiting. There are 0 tasks remaining in the queue.
2019-09-25 07:27:51,903 [main] INFO  util.JmxRegister (JmxRegister.java:unregister(73)) - Successfully un-registered JMX Bean with object name Ratis:service=RaftServer,group=group-73AFC1BFB7B0,id=600943d5-c424-432f-84b9-a00c1c65f122
2019-09-25 07:27:51,903 [ForkJoinPool.commonPool-worker-1] INFO  segmented.SegmentedRaftLogWorker (SegmentedRaftLogWorker.java:close(228)) - 50e45688-d85c-45e8-a8ba-136a1a73e30a@group-5F5D2E7DBE31-SegmentedRaftLogWorker close()
2019-09-25 07:27:51,903 [main] INFO  impl.RoleInfo (RoleInfo.java:shutdownLeaderState(104)) - 600943d5-c424-432f-84b9-a00c1c65f122: shutdown LeaderState
2019-09-25 07:27:51,921 [ForkJoinPool.commonPool-worker-1] INFO  impl.RaftServerImpl (RaftServerImpl.java:lambda$shutdown$3(251)) - 50e45688-d85c-45e8-a8ba-136a1a73e30a@group-B8F37E3A4916: shutdown
2019-09-25 07:27:51,921 [main] INFO  impl.PendingRequests (PendingRequests.java:sendNotLeaderResponses(202)) - 600943d5-c424-432f-84b9-a00c1c65f122-PendingRequests: sendNotLeaderResponses
2019-09-25 07:27:51,921 [ForkJoinPool.commonPool-worker-1] INFO  util.JmxRegister (JmxRegister.java:unregister(73)) - Successfully un-registered JMX Bean with object name Ratis:service=RaftServer,group=group-B8F37E3A4916,id=50e45688-d85c-45e8-a8ba-136a1a73e30a
2019-09-25 07:27:51,922 [main] INFO  impl.StateMachineUpdater (StateMachineUpdater.java:stopAndJoin(125)) - 600943d5-c424-432f-84b9-a00c1c65f122@group-73AFC1BFB7B0-StateMachineUpdater: set stopIndex = 0
2019-09-25 07:27:51,923 [main] INFO  impl.RaftServerImpl (ServerState.java:close(385)) - 600943d5-c424-432f-84b9-a00c1c65f122@group-73AFC1BFB7B0: closes. applyIndex: 0
2019-09-25 07:27:51,922 [ForkJoinPool.commonPool-worker-1] INFO  impl.RoleInfo (RoleInfo.java:shutdownLeaderState(104)) - 50e45688-d85c-45e8-a8ba-136a1a73e30a: shutdown LeaderState
2019-09-25 07:27:51,923 [600943d5-c424-432f-84b9-a00c1c65f122@group-73AFC1BFB7B0-SegmentedRaftLogWorker] INFO  segmented.SegmentedRaftLogWorker (SegmentedRaftLogWorker.java:run(313)) - 600943d5-c424-432f-84b9-a00c1c65f122@group-73AFC1BFB7B0-SegmentedRaftLogWorker was interrupted, exiting. There are 0 tasks remaining in the queue.
2019-09-25 07:27:51,923 [ForkJoinPool.commonPool-worker-1] INFO  impl.PendingRequests (PendingRequests.java:sendNotLeaderResponses(202)) - 50e45688-d85c-45e8-a8ba-136a1a73e30a-PendingRequests: sendNotLeaderResponses
2019-09-25 07:27:51,923 [main] INFO  segmented.SegmentedRaftLogWorker (SegmentedRaftLogWorker.java:close(228)) - 600943d5-c424-432f-84b9-a00c1c65f122@group-73AFC1BFB7B0-SegmentedRaftLogWorker close()
2019-09-25 07:27:51,924 [ForkJoinPool.commonPool-worker-1] INFO  impl.StateMachineUpdater (StateMachineUpdater.java:stopAndJoin(125)) - 50e45688-d85c-45e8-a8ba-136a1a73e30a@group-B8F37E3A4916-StateMachineUpdater: set stopIndex = 0
2019-09-25 07:27:51,924 [main] INFO  impl.RaftServerImpl (RaftServerImpl.java:lambda$shutdown$3(251)) - 600943d5-c424-432f-84b9-a00c1c65f122@group-59E5EC7E7662: shutdown
2019-09-25 07:27:51,924 [ForkJoinPool.commonPool-worker-1] INFO  impl.RaftServerImpl (ServerState.java:close(385)) - 50e45688-d85c-45e8-a8ba-136a1a73e30a@group-B8F37E3A4916: closes. applyIndex: 0
2019-09-25 07:27:51,925 [main] INFO  util.JmxRegister (JmxRegister.java:unregister(73)) - Successfully un-registered JMX Bean with object name Ratis:service=RaftServer,group=group-59E5EC7E7662,id=600943d5-c424-432f-84b9-a00c1c65f122
2019-09-25 07:27:51,925 [main] INFO  impl.RoleInfo (RoleInfo.java:shutdownLeaderState(104)) - 600943d5-c424-432f-84b9-a00c1c65f122: shutdown LeaderState
2019-09-25 07:27:51,925 [50e45688-d85c-45e8-a8ba-136a1a73e30a@group-B8F37E3A4916-SegmentedRaftLogWorker] INFO  segmented.SegmentedRaftLogWorker (SegmentedRaftLogWorker.java:run(313)) - 50e45688-d85c-45e8-a8ba-136a1a73e30a@group-B8F37E3A4916-SegmentedRaftLogWorker was interrupted, exiting. There are 0 tasks remaining in the queue.
2019-09-25 07:27:51,926 [main] INFO  impl.PendingRequests (PendingRequests.java:sendNotLeaderResponses(202)) - 600943d5-c424-432f-84b9-a00c1c65f122-PendingRequests: sendNotLeaderResponses
2019-09-25 07:27:51,926 [ForkJoinPool.commonPool-worker-1] INFO  segmented.SegmentedRaftLogWorker (SegmentedRaftLogWorker.java:close(228)) - 50e45688-d85c-45e8-a8ba-136a1a73e30a@group-B8F37E3A4916-SegmentedRaftLogWorker close()
2019-09-25 07:27:51,926 [main] INFO  impl.StateMachineUpdater (StateMachineUpdater.java:stopAndJoin(125)) - 600943d5-c424-432f-84b9-a00c1c65f122@group-59E5EC7E7662-StateMachineUpdater: set stopIndex = 0
2019-09-25 07:27:51,927 [ForkJoinPool.commonPool-worker-1] INFO  server.GrpcService (GrpcService.java:closeImpl(164)) - 50e45688-d85c-45e8-a8ba-136a1a73e30a: shutdown server with port 37283 now
2019-09-25 07:27:51,927 [main] INFO  impl.RaftServerImpl (ServerState.java:close(385)) - 600943d5-c424-432f-84b9-a00c1c65f122@group-59E5EC7E7662: closes. applyIndex: 0
2019-09-25 07:27:51,927 [600943d5-c424-432f-84b9-a00c1c65f122@group-59E5EC7E7662-SegmentedRaftLogWorker] INFO  segmented.SegmentedRaftLogWorker (SegmentedRaftLogWorker.java:run(313)) - 600943d5-c424-432f-84b9-a00c1c65f122@group-59E5EC7E7662-SegmentedRaftLogWorker was interrupted, exiting. There are 0 tasks remaining in the queue.
2019-09-25 07:27:51,931 [ForkJoinPool.commonPool-worker-1] INFO  server.GrpcService (GrpcService.java:closeImpl(172)) - 50e45688-d85c-45e8-a8ba-136a1a73e30a: shutdown server with port 37283 successfully
2019-09-25 07:27:51,931 [main] INFO  segmented.SegmentedRaftLogWorker (SegmentedRaftLogWorker.java:close(228)) - 600943d5-c424-432f-84b9-a00c1c65f122@group-59E5EC7E7662-SegmentedRaftLogWorker close()
2019-09-25 07:27:51,931 [main] INFO  impl.RaftServerImpl (RaftServerImpl.java:lambda$shutdown$3(251)) - 600943d5-c424-432f-84b9-a00c1c65f122@group-C76149BB5BD2: shutdown
2019-09-25 07:27:51,932 [main] INFO  util.JmxRegister (JmxRegister.java:unregister(73)) - Successfully un-registered JMX Bean with object name Ratis:service=RaftServer,group=group-C76149BB5BD2,id=600943d5-c424-432f-84b9-a00c1c65f122
2019-09-25 07:27:51,932 [main] INFO  impl.RoleInfo (RoleInfo.java:shutdownLeaderState(104)) - 600943d5-c424-432f-84b9-a00c1c65f122: shutdown LeaderState
2019-09-25 07:27:51,932 [main] INFO  impl.PendingRequests (PendingRequests.java:sendNotLeaderResponses(202)) - 600943d5-c424-432f-84b9-a00c1c65f122-PendingRequests: sendNotLeaderResponses
2019-09-25 07:27:51,933 [main] INFO  impl.StateMachineUpdater (StateMachineUpdater.java:stopAndJoin(125)) - 600943d5-c424-432f-84b9-a00c1c65f122@group-C76149BB5BD2-StateMachineUpdater: set stopIndex = 0
2019-09-25 07:27:51,933 [main] INFO  impl.RaftServerImpl (ServerState.java:close(385)) - 600943d5-c424-432f-84b9-a00c1c65f122@group-C76149BB5BD2: closes. applyIndex: 0
2019-09-25 07:27:51,933 [600943d5-c424-432f-84b9-a00c1c65f122@group-C76149BB5BD2-SegmentedRaftLogWorker] INFO  segmented.SegmentedRaftLogWorker (SegmentedRaftLogWorker.java:run(313)) - 600943d5-c424-432f-84b9-a00c1c65f122@group-C76149BB5BD2-SegmentedRaftLogWorker was interrupted, exiting. There are 0 tasks remaining in the queue.
2019-09-25 07:27:51,934 [main] INFO  segmented.SegmentedRaftLogWorker (SegmentedRaftLogWorker.java:close(228)) - 600943d5-c424-432f-84b9-a00c1c65f122@group-C76149BB5BD2-SegmentedRaftLogWorker close()
2019-09-25 07:27:51,934 [main] INFO  server.GrpcService (GrpcService.java:closeImpl(164)) - 600943d5-c424-432f-84b9-a00c1c65f122: shutdown server with port 33383 now
2019-09-25 07:27:51,937 [main] INFO  server.GrpcService (GrpcService.java:closeImpl(172)) - 600943d5-c424-432f-84b9-a00c1c65f122: shutdown server with port 33383 successfully
2019-09-25 07:27:51,949 [refreshUsed-/workdir/hadoop-ozone/ozonefs/target/test-dir/MiniOzoneClusterImpl-336849c0-54e0-42a2-92e3-a8dd7e6e8d6a/datanode-6/data/containers] WARN  fs.CachingGetSpaceUsed (CachingGetSpaceUsed.java:run(183)) - Thread Interrupted waiting to refresh disk information: sleep interrupted
2019-09-25 07:27:51,952 [refreshUsed-/workdir/hadoop-ozone/ozonefs/target/test-dir/MiniOzoneClusterImpl-336849c0-54e0-42a2-92e3-a8dd7e6e8d6a/datanode-3/data/containers] WARN  fs.CachingGetSpaceUsed (CachingGetSpaceUsed.java:run(183)) - Thread Interrupted waiting to refresh disk information: sleep interrupted
2019-09-25 07:27:51,973 [ForkJoinPool.commonPool-worker-1] INFO  utils.BackgroundService (BackgroundService.java:shutdown(148)) - Shutting down service BlockDeletingService
2019-09-25 07:27:51,981 [ForkJoinPool.commonPool-worker-1] INFO  statemachine.DatanodeStateMachine (DatanodeStateMachine.java:stopDaemon(395)) - Ozone container server stopped.
2019-09-25 07:27:51,981 [main] INFO  utils.BackgroundService (BackgroundService.java:shutdown(148)) - Shutting down service BlockDeletingService
2019-09-25 07:27:51,990 [main] INFO  statemachine.DatanodeStateMachine (DatanodeStateMachine.java:stopDaemon(395)) - Ozone container server stopped.
2019-09-25 07:27:51,993 [main] INFO  handler.ContextHandler (ContextHandler.java:doStop(910)) - Stopped o.e.j.w.WebAppContext@3e67f5f2{/,null,UNAVAILABLE}{/hddsDatanode}
2019-09-25 07:27:51,993 [ForkJoinPool.commonPool-worker-1] INFO  handler.ContextHandler (ContextHandler.java:doStop(910)) - Stopped o.e.j.w.WebAppContext@2d3ef181{/,null,UNAVAILABLE}{/hddsDatanode}
2019-09-25 07:27:51,994 [main] INFO  server.AbstractConnector (AbstractConnector.java:doStop(318)) - Stopped ServerConnector@fd53053{HTTP/1.1,[http/1.1]}{0.0.0.0:0}
2019-09-25 07:27:51,994 [ForkJoinPool.commonPool-worker-1] INFO  server.AbstractConnector (AbstractConnector.java:doStop(318)) - Stopped ServerConnector@a2341c6{HTTP/1.1,[http/1.1]}{0.0.0.0:0}
2019-09-25 07:27:51,994 [main] INFO  handler.ContextHandler (ContextHandler.java:doStop(910)) - Stopped o.e.j.s.ServletContextHandler@446626a7{/static,jar:file:/home/user/.m2/repository/org/apache/hadoop/hadoop-hdds-container-service/0.5.0-SNAPSHOT/hadoop-hdds-container-service-0.5.0-SNAPSHOT.jar!/webapps/static,UNAVAILABLE}
2019-09-25 07:27:51,998 [ForkJoinPool.commonPool-worker-1] INFO  handler.ContextHandler (ContextHandler.java:doStop(910)) - Stopped o.e.j.s.ServletContextHandler@1a22e0ef{/static,jar:file:/home/user/.m2/repository/org/apache/hadoop/hadoop-hdds-container-service/0.5.0-SNAPSHOT/hadoop-hdds-container-service-0.5.0-SNAPSHOT.jar!/webapps/static,UNAVAILABLE}
2019-09-25 07:27:51,998 [main] INFO  handler.ContextHandler (ContextHandler.java:doStop(910)) - Stopped o.e.j.s.ServletContextHandler@5d8ab698{/logs,file:///workdir/hadoop-ozone/ozonefs/target/log,UNAVAILABLE}
2019-09-25 07:27:52,000 [ForkJoinPool.commonPool-worker-1] INFO  handler.ContextHandler (ContextHandler.java:doStop(910)) - Stopped o.e.j.s.ServletContextHandler@68868328{/logs,file:///workdir/hadoop-ozone/ozonefs/target/log,UNAVAILABLE}
2019-09-25 07:27:52,417 [Datanode State Machine Thread - 0] INFO  statemachine.DatanodeStateMachine (DatanodeStateMachine.java:lambda$startDaemon$0(350)) - Ozone container server started.
2019-09-25 07:27:52,807 [Datanode State Machine Thread - 0] INFO  statemachine.DatanodeStateMachine (DatanodeStateMachine.java:lambda$startDaemon$0(350)) - Ozone container server started.
2019-09-25 07:27:57,003 [main] INFO  ozoneimpl.OzoneContainer (OzoneContainer.java:stop(231)) - Attempting to stop container services.
2019-09-25 07:27:57,003 [ForkJoinPool.commonPool-worker-1] INFO  ozoneimpl.OzoneContainer (OzoneContainer.java:stop(231)) - Attempting to stop container services.
2019-09-25 07:27:57,004 [main] INFO  impl.RaftServerProxy (RaftServerProxy.java:lambda$close$4(314)) - 253df5dc-ab25-4be3-9607-c7ead1a3aece: close
2019-09-25 07:27:57,004 [ForkJoinPool.commonPool-worker-1] INFO  impl.RaftServerProxy (RaftServerProxy.java:lambda$close$4(314)) - d2544423-6c63-4eb7-9d0a-bffb9f2b5023: close
2019-09-25 07:27:57,004 [main] INFO  impl.RaftServerImpl (RaftServerImpl.java:lambda$shutdown$3(251)) - 253df5dc-ab25-4be3-9607-c7ead1a3aece@group-7A39CDF84EEF: shutdown
2019-09-25 07:27:57,005 [ForkJoinPool.commonPool-worker-1] INFO  impl.RaftServerImpl (RaftServerImpl.java:lambda$shutdown$3(251)) - d2544423-6c63-4eb7-9d0a-bffb9f2b5023@group-970E55BF8B86: shutdown
2019-09-25 07:27:57,005 [main] INFO  util.JmxRegister (JmxRegister.java:unregister(73)) - Successfully un-registered JMX Bean with object name Ratis:service=RaftServer,group=group-7A39CDF84EEF,id=253df5dc-ab25-4be3-9607-c7ead1a3aece
2019-09-25 07:27:57,006 [main] INFO  impl.RoleInfo (RoleInfo.java:shutdownLeaderState(104)) - 253df5dc-ab25-4be3-9607-c7ead1a3aece: shutdown LeaderState
2019-09-25 07:27:57,005 [ForkJoinPool.commonPool-worker-1] INFO  util.JmxRegister (JmxRegister.java:unregister(73)) - Successfully un-registered JMX Bean with object name Ratis:service=RaftServer,group=group-970E55BF8B86,id=d2544423-6c63-4eb7-9d0a-bffb9f2b5023
2019-09-25 07:27:57,006 [main] INFO  impl.PendingRequests (PendingRequests.java:sendNotLeaderResponses(202)) - 253df5dc-ab25-4be3-9607-c7ead1a3aece-PendingRequests: sendNotLeaderResponses
2019-09-25 07:27:57,006 [ForkJoinPool.commonPool-worker-1] INFO  impl.RoleInfo (RoleInfo.java:shutdownLeaderState(104)) - d2544423-6c63-4eb7-9d0a-bffb9f2b5023: shutdown LeaderState
2019-09-25 07:27:57,007 [main] INFO  impl.StateMachineUpdater (StateMachineUpdater.java:stopAndJoin(125)) - 253df5dc-ab25-4be3-9607-c7ead1a3aece@group-7A39CDF84EEF-StateMachineUpdater: set stopIndex = 0
2019-09-25 07:27:57,007 [ForkJoinPool.commonPool-worker-1] INFO  impl.PendingRequests (PendingRequests.java:sendNotLeaderResponses(202)) - d2544423-6c63-4eb7-9d0a-bffb9f2b5023-PendingRequests: sendNotLeaderResponses
2019-09-25 07:27:57,008 [main] INFO  impl.RaftServerImpl (ServerState.java:close(385)) - 253df5dc-ab25-4be3-9607-c7ead1a3aece@group-7A39CDF84EEF: closes. applyIndex: 0
2019-09-25 07:27:57,008 [ForkJoinPool.commonPool-worker-1] INFO  impl.StateMachineUpdater (StateMachineUpdater.java:stopAndJoin(125)) - d2544423-6c63-4eb7-9d0a-bffb9f2b5023@group-970E55BF8B86-StateMachineUpdater: set stopIndex = 0
2019-09-25 07:27:57,009 [253df5dc-ab25-4be3-9607-c7ead1a3aece@group-7A39CDF84EEF-SegmentedRaftLogWorker] INFO  segmented.SegmentedRaftLogWorker (SegmentedRaftLogWorker.java:run(313)) - 253df5dc-ab25-4be3-9607-c7ead1a3aece@group-7A39CDF84EEF-SegmentedRaftLogWorker was interrupted, exiting. There are 0 tasks remaining in the queue.
2019-09-25 07:27:57,009 [ForkJoinPool.commonPool-worker-1] INFO  impl.RaftServerImpl (ServerState.java:close(385)) - d2544423-6c63-4eb7-9d0a-bffb9f2b5023@group-970E55BF8B86: closes. applyIndex: 0
2019-09-25 07:27:57,009 [main] INFO  segmented.SegmentedRaftLogWorker (SegmentedRaftLogWorker.java:close(228)) - 253df5dc-ab25-4be3-9607-c7ead1a3aece@group-7A39CDF84EEF-SegmentedRaftLogWorker close()
2019-09-25 07:27:57,009 [d2544423-6c63-4eb7-9d0a-bffb9f2b5023@group-970E55BF8B86-SegmentedRaftLogWorker] INFO  segmented.SegmentedRaftLogWorker (SegmentedRaftLogWorker.java:run(313)) - d2544423-6c63-4eb7-9d0a-bffb9f2b5023@group-970E55BF8B86-SegmentedRaftLogWorker was interrupted, exiting. There are 0 tasks remaining in the queue.
2019-09-25 07:27:57,010 [main] INFO  impl.RaftServerImpl (RaftServerImpl.java:lambda$shutdown$3(251)) - 253df5dc-ab25-4be3-9607-c7ead1a3aece@group-CCE8109CE683: shutdown
2019-09-25 07:27:57,010 [main] INFO  util.JmxRegister (JmxRegister.java:unregister(73)) - Successfully un-registered JMX Bean with object name Ratis:service=RaftServer,group=group-CCE8109CE683,id=253df5dc-ab25-4be3-9607-c7ead1a3aece
2019-09-25 07:27:57,011 [main] INFO  impl.RoleInfo (RoleInfo.java:shutdownLeaderState(104)) - 253df5dc-ab25-4be3-9607-c7ead1a3aece: shutdown LeaderState
2019-09-25 07:27:57,011 [main] INFO  impl.PendingRequests (PendingRequests.java:sendNotLeaderResponses(202)) - 253df5dc-ab25-4be3-9607-c7ead1a3aece-PendingRequests: sendNotLeaderResponses
2019-09-25 07:27:57,012 [main] INFO  impl.StateMachineUpdater (StateMachineUpdater.java:stopAndJoin(125)) - 253df5dc-ab25-4be3-9607-c7ead1a3aece@group-CCE8109CE683-StateMachineUpdater: set stopIndex = 0
2019-09-25 07:27:57,012 [main] INFO  impl.RaftServerImpl (ServerState.java:close(385)) - 253df5dc-ab25-4be3-9607-c7ead1a3aece@group-CCE8109CE683: closes. applyIndex: 0
2019-09-25 07:27:57,013 [253df5dc-ab25-4be3-9607-c7ead1a3aece@group-CCE8109CE683-SegmentedRaftLogWorker] INFO  segmented.SegmentedRaftLogWorker (SegmentedRaftLogWorker.java:run(313)) - 253df5dc-ab25-4be3-9607-c7ead1a3aece@group-CCE8109CE683-SegmentedRaftLogWorker was interrupted, exiting. There are 0 tasks remaining in the queue.
2019-09-25 07:27:57,022 [main] INFO  segmented.SegmentedRaftLogWorker (SegmentedRaftLogWorker.java:close(228)) - 253df5dc-ab25-4be3-9607-c7ead1a3aece@group-CCE8109CE683-SegmentedRaftLogWorker close()
2019-09-25 07:27:57,022 [ForkJoinPool.commonPool-worker-1] INFO  segmented.SegmentedRaftLogWorker (SegmentedRaftLogWorker.java:close(228)) - d2544423-6c63-4eb7-9d0a-bffb9f2b5023@group-970E55BF8B86-SegmentedRaftLogWorker close()
2019-09-25 07:27:57,023 [main] INFO  impl.RaftServerImpl (RaftServerImpl.java:lambda$shutdown$3(251)) - 253df5dc-ab25-4be3-9607-c7ead1a3aece@group-B65234805E4F: shutdown
2019-09-25 07:27:57,023 [ForkJoinPool.commonPool-worker-1] INFO  impl.RaftServerImpl (RaftServerImpl.java:lambda$shutdown$3(251)) - d2544423-6c63-4eb7-9d0a-bffb9f2b5023@group-924813AC41E7: shutdown
2019-09-25 07:27:57,023 [main] INFO  util.JmxRegister (JmxRegister.java:unregister(73)) - Successfully un-registered JMX Bean with object name Ratis:service=RaftServer,group=group-B65234805E4F,id=253df5dc-ab25-4be3-9607-c7ead1a3aece
2019-09-25 07:27:57,024 [ForkJoinPool.commonPool-worker-1] INFO  util.JmxRegister (JmxRegister.java:unregister(73)) - Successfully un-registered JMX Bean with object name Ratis:service=RaftServer,group=group-924813AC41E7,id=d2544423-6c63-4eb7-9d0a-bffb9f2b5023
2019-09-25 07:27:57,024 [ForkJoinPool.commonPool-worker-1] INFO  impl.RoleInfo (RoleInfo.java:shutdownLeaderState(104)) - d2544423-6c63-4eb7-9d0a-bffb9f2b5023: shutdown LeaderState
2019-09-25 07:27:57,024 [main] INFO  impl.RoleInfo (RoleInfo.java:shutdownLeaderState(104)) - 253df5dc-ab25-4be3-9607-c7ead1a3aece: shutdown LeaderState
2019-09-25 07:27:57,025 [ForkJoinPool.commonPool-worker-1] INFO  impl.PendingRequests (PendingRequests.java:sendNotLeaderResponses(202)) - d2544423-6c63-4eb7-9d0a-bffb9f2b5023-PendingRequests: sendNotLeaderResponses
2019-09-25 07:27:57,025 [main] INFO  impl.PendingRequests (PendingRequests.java:sendNotLeaderResponses(202)) - 253df5dc-ab25-4be3-9607-c7ead1a3aece-PendingRequests: sendNotLeaderResponses
2019-09-25 07:27:57,026 [ForkJoinPool.commonPool-worker-1] INFO  impl.StateMachineUpdater (StateMachineUpdater.java:stopAndJoin(125)) - d2544423-6c63-4eb7-9d0a-bffb9f2b5023@group-924813AC41E7-StateMachineUpdater: set stopIndex = 0
2019-09-25 07:27:57,026 [main] INFO  impl.StateMachineUpdater (StateMachineUpdater.java:stopAndJoin(125)) - 253df5dc-ab25-4be3-9607-c7ead1a3aece@group-B65234805E4F-StateMachineUpdater: set stopIndex = 0
2019-09-25 07:27:57,026 [ForkJoinPool.commonPool-worker-1] INFO  impl.RaftServerImpl (ServerState.java:close(385)) - d2544423-6c63-4eb7-9d0a-bffb9f2b5023@group-924813AC41E7: closes. applyIndex: 0
2019-09-25 07:27:57,027 [main] INFO  impl.RaftServerImpl (ServerState.java:close(385)) - 253df5dc-ab25-4be3-9607-c7ead1a3aece@group-B65234805E4F: closes. applyIndex: 0
2019-09-25 07:27:57,027 [d2544423-6c63-4eb7-9d0a-bffb9f2b5023@group-924813AC41E7-SegmentedRaftLogWorker] INFO  segmented.SegmentedRaftLogWorker (SegmentedRaftLogWorker.java:run(313)) - d2544423-6c63-4eb7-9d0a-bffb9f2b5023@group-924813AC41E7-SegmentedRaftLogWorker was interrupted, exiting. There are 0 tasks remaining in the queue.
2019-09-25 07:27:57,028 [253df5dc-ab25-4be3-9607-c7ead1a3aece@group-B65234805E4F-SegmentedRaftLogWorker] INFO  segmented.SegmentedRaftLogWorker (SegmentedRaftLogWorker.java:run(313)) - 253df5dc-ab25-4be3-9607-c7ead1a3aece@group-B65234805E4F-SegmentedRaftLogWorker was interrupted, exiting. There are 0 tasks remaining in the queue.
2019-09-25 07:27:57,028 [ForkJoinPool.commonPool-worker-1] INFO  segmented.SegmentedRaftLogWorker (SegmentedRaftLogWorker.java:close(228)) - d2544423-6c63-4eb7-9d0a-bffb9f2b5023@group-924813AC41E7-SegmentedRaftLogWorker close()
2019-09-25 07:27:57,028 [main] INFO  segmented.SegmentedRaftLogWorker (SegmentedRaftLogWorker.java:close(228)) - 253df5dc-ab25-4be3-9607-c7ead1a3aece@group-B65234805E4F-SegmentedRaftLogWorker close()
2019-09-25 07:27:57,028 [ForkJoinPool.commonPool-worker-1] INFO  impl.RaftServerImpl (RaftServerImpl.java:lambda$shutdown$3(251)) - d2544423-6c63-4eb7-9d0a-bffb9f2b5023@group-DBA5C334475D: shutdown
2019-09-25 07:27:57,029 [main] INFO  impl.RaftServerImpl (RaftServerImpl.java:lambda$shutdown$3(251)) - 253df5dc-ab25-4be3-9607-c7ead1a3aece@group-BFBACD80169F: shutdown
2019-09-25 07:27:57,029 [ForkJoinPool.commonPool-worker-1] INFO  util.JmxRegister (JmxRegister.java:unregister(73)) - Successfully un-registered JMX Bean with object name Ratis:service=RaftServer,group=group-DBA5C334475D,id=d2544423-6c63-4eb7-9d0a-bffb9f2b5023
2019-09-25 07:27:57,029 [main] INFO  util.JmxRegister (JmxRegister.java:unregister(73)) - Successfully un-registered JMX Bean with object name Ratis:service=RaftServer,group=group-BFBACD80169F,id=253df5dc-ab25-4be3-9607-c7ead1a3aece
2019-09-25 07:27:57,030 [ForkJoinPool.commonPool-worker-1] INFO  impl.RoleInfo (RoleInfo.java:shutdownLeaderState(104)) - d2544423-6c63-4eb7-9d0a-bffb9f2b5023: shutdown LeaderState
2019-09-25 07:27:57,030 [main] INFO  impl.RoleInfo (RoleInfo.java:shutdownLeaderState(104)) - 253df5dc-ab25-4be3-9607-c7ead1a3aece: shutdown LeaderState
2019-09-25 07:27:57,030 [ForkJoinPool.commonPool-worker-1] INFO  impl.PendingRequests (PendingRequests.java:sendNotLeaderResponses(202)) - d2544423-6c63-4eb7-9d0a-bffb9f2b5023-PendingRequests: sendNotLeaderResponses
2019-09-25 07:27:57,031 [main] INFO  impl.PendingRequests (PendingRequests.java:sendNotLeaderResponses(202)) - 253df5dc-ab25-4be3-9607-c7ead1a3aece-PendingRequests: sendNotLeaderResponses
2019-09-25 07:27:57,031 [ForkJoinPool.commonPool-worker-1] INFO  impl.StateMachineUpdater (StateMachineUpdater.java:stopAndJoin(125)) - d2544423-6c63-4eb7-9d0a-bffb9f2b5023@group-DBA5C334475D-StateMachineUpdater: set stopIndex = 0
2019-09-25 07:27:57,032 [main] INFO  impl.StateMachineUpdater (StateMachineUpdater.java:stopAndJoin(125)) - 253df5dc-ab25-4be3-9607-c7ead1a3aece@group-BFBACD80169F-StateMachineUpdater: set stopIndex = 0
2019-09-25 07:27:57,032 [ForkJoinPool.commonPool-worker-1] INFO  impl.RaftServerImpl (ServerState.java:close(385)) - d2544423-6c63-4eb7-9d0a-bffb9f2b5023@group-DBA5C334475D: closes. applyIndex: 0
2019-09-25 07:27:57,032 [main] INFO  impl.RaftServerImpl (ServerState.java:close(385)) - 253df5dc-ab25-4be3-9607-c7ead1a3aece@group-BFBACD80169F: closes. applyIndex: 0
2019-09-25 07:27:57,033 [d2544423-6c63-4eb7-9d0a-bffb9f2b5023@group-DBA5C334475D-SegmentedRaftLogWorker] INFO  segmented.SegmentedRaftLogWorker (SegmentedRaftLogWorker.java:run(313)) - d2544423-6c63-4eb7-9d0a-bffb9f2b5023@group-DBA5C334475D-SegmentedRaftLogWorker was interrupted, exiting. There are 0 tasks remaining in the queue.
2019-09-25 07:27:57,033 [253df5dc-ab25-4be3-9607-c7ead1a3aece@group-BFBACD80169F-SegmentedRaftLogWorker] INFO  segmented.SegmentedRaftLogWorker (SegmentedRaftLogWorker.java:run(313)) - 253df5dc-ab25-4be3-9607-c7ead1a3aece@group-BFBACD80169F-SegmentedRaftLogWorker was interrupted, exiting. There are 0 tasks remaining in the queue.
2019-09-25 07:27:57,033 [ForkJoinPool.commonPool-worker-1] INFO  segmented.SegmentedRaftLogWorker (SegmentedRaftLogWorker.java:close(228)) - d2544423-6c63-4eb7-9d0a-bffb9f2b5023@group-DBA5C334475D-SegmentedRaftLogWorker close()
2019-09-25 07:27:57,034 [main] INFO  segmented.SegmentedRaftLogWorker (SegmentedRaftLogWorker.java:close(228)) - 253df5dc-ab25-4be3-9607-c7ead1a3aece@group-BFBACD80169F-SegmentedRaftLogWorker close()
2019-09-25 07:27:57,034 [ForkJoinPool.commonPool-worker-1] INFO  impl.RaftServerImpl (RaftServerImpl.java:lambda$shutdown$3(251)) - d2544423-6c63-4eb7-9d0a-bffb9f2b5023@group-BA382169E2EF: shutdown
2019-09-25 07:27:57,034 [main] INFO  impl.RaftServerImpl (RaftServerImpl.java:lambda$shutdown$3(251)) - 253df5dc-ab25-4be3-9607-c7ead1a3aece@group-D875D2832EDA: shutdown
2019-09-25 07:27:57,034 [ForkJoinPool.commonPool-worker-1] INFO  util.JmxRegister (JmxRegister.java:unregister(73)) - Successfully un-registered JMX Bean with object name Ratis:service=RaftServer,group=group-BA382169E2EF,id=d2544423-6c63-4eb7-9d0a-bffb9f2b5023
2019-09-25 07:27:57,035 [main] INFO  util.JmxRegister (JmxRegister.java:unregister(73)) - Successfully un-registered JMX Bean with object name Ratis:service=RaftServer,group=group-D875D2832EDA,id=253df5dc-ab25-4be3-9607-c7ead1a3aece
2019-09-25 07:27:57,036 [main] INFO  impl.RoleInfo (RoleInfo.java:shutdownLeaderState(104)) - 253df5dc-ab25-4be3-9607-c7ead1a3aece: shutdown LeaderState
2019-09-25 07:27:57,035 [ForkJoinPool.commonPool-worker-1] INFO  impl.RoleInfo (RoleInfo.java:shutdownLeaderState(104)) - d2544423-6c63-4eb7-9d0a-bffb9f2b5023: shutdown LeaderState
2019-09-25 07:27:57,036 [main] INFO  impl.PendingRequests (PendingRequests.java:sendNotLeaderResponses(202)) - 253df5dc-ab25-4be3-9607-c7ead1a3aece-PendingRequests: sendNotLeaderResponses
2019-09-25 07:27:57,037 [ForkJoinPool.commonPool-worker-1] INFO  impl.PendingRequests (PendingRequests.java:sendNotLeaderResponses(202)) - d2544423-6c63-4eb7-9d0a-bffb9f2b5023-PendingRequests: sendNotLeaderResponses
2019-09-25 07:27:57,037 [main] INFO  impl.StateMachineUpdater (StateMachineUpdater.java:stopAndJoin(125)) - 253df5dc-ab25-4be3-9607-c7ead1a3aece@group-D875D2832EDA-StateMachineUpdater: set stopIndex = 0
2019-09-25 07:27:57,037 [ForkJoinPool.commonPool-worker-1] INFO  impl.StateMachineUpdater (StateMachineUpdater.java:stopAndJoin(125)) - d2544423-6c63-4eb7-9d0a-bffb9f2b5023@group-BA382169E2EF-StateMachineUpdater: set stopIndex = 0
2019-09-25 07:27:57,038 [main] INFO  impl.RaftServerImpl (ServerState.java:close(385)) - 253df5dc-ab25-4be3-9607-c7ead1a3aece@group-D875D2832EDA: closes. applyIndex: 0
2019-09-25 07:27:57,038 [ForkJoinPool.commonPool-worker-1] INFO  impl.RaftServerImpl (ServerState.java:close(385)) - d2544423-6c63-4eb7-9d0a-bffb9f2b5023@group-BA382169E2EF: closes. applyIndex: 0
2019-09-25 07:27:57,039 [253df5dc-ab25-4be3-9607-c7ead1a3aece@group-D875D2832EDA-SegmentedRaftLogWorker] INFO  segmented.SegmentedRaftLogWorker (SegmentedRaftLogWorker.java:run(313)) - 253df5dc-ab25-4be3-9607-c7ead1a3aece@group-D875D2832EDA-SegmentedRaftLogWorker was interrupted, exiting. There are 0 tasks remaining in the queue.
2019-09-25 07:27:57,039 [d2544423-6c63-4eb7-9d0a-bffb9f2b5023@group-BA382169E2EF-SegmentedRaftLogWorker] INFO  segmented.SegmentedRaftLogWorker (SegmentedRaftLogWorker.java:run(313)) - d2544423-6c63-4eb7-9d0a-bffb9f2b5023@group-BA382169E2EF-SegmentedRaftLogWorker was interrupted, exiting. There are 0 tasks remaining in the queue.
2019-09-25 07:27:57,039 [main] INFO  segmented.SegmentedRaftLogWorker (SegmentedRaftLogWorker.java:close(228)) - 253df5dc-ab25-4be3-9607-c7ead1a3aece@group-D875D2832EDA-SegmentedRaftLogWorker close()
2019-09-25 07:27:57,039 [ForkJoinPool.commonPool-worker-1] INFO  segmented.SegmentedRaftLogWorker (SegmentedRaftLogWorker.java:close(228)) - d2544423-6c63-4eb7-9d0a-bffb9f2b5023@group-BA382169E2EF-SegmentedRaftLogWorker close()
2019-09-25 07:27:57,040 [main] INFO  impl.RaftServerImpl (RaftServerImpl.java:lambda$shutdown$3(251)) - 253df5dc-ab25-4be3-9607-c7ead1a3aece@group-47CA54FAD7E1: shutdown
2019-09-25 07:27:57,040 [ForkJoinPool.commonPool-worker-1] INFO  impl.RaftServerImpl (RaftServerImpl.java:lambda$shutdown$3(251)) - d2544423-6c63-4eb7-9d0a-bffb9f2b5023@group-35A7C1BE891B: shutdown
2019-09-25 07:27:57,040 [main] INFO  util.JmxRegister (JmxRegister.java:unregister(73)) - Successfully un-registered JMX Bean with object name Ratis:service=RaftServer,group=group-47CA54FAD7E1,id=253df5dc-ab25-4be3-9607-c7ead1a3aece
2019-09-25 07:27:57,041 [ForkJoinPool.commonPool-worker-1] INFO  util.JmxRegister (JmxRegister.java:unregister(73)) - Successfully un-registered JMX Bean with object name Ratis:service=RaftServer,group=group-35A7C1BE891B,id=d2544423-6c63-4eb7-9d0a-bffb9f2b5023
2019-09-25 07:27:57,041 [main] INFO  impl.RoleInfo (RoleInfo.java:shutdownLeaderState(104)) - 253df5dc-ab25-4be3-9607-c7ead1a3aece: shutdown LeaderState
2019-09-25 07:27:57,041 [ForkJoinPool.commonPool-worker-1] INFO  impl.RoleInfo (RoleInfo.java:shutdownLeaderState(104)) - d2544423-6c63-4eb7-9d0a-bffb9f2b5023: shutdown LeaderState
2019-09-25 07:27:57,042 [main] INFO  impl.PendingRequests (PendingRequests.java:sendNotLeaderResponses(202)) - 253df5dc-ab25-4be3-9607-c7ead1a3aece-PendingRequests: sendNotLeaderResponses
2019-09-25 07:27:57,042 [ForkJoinPool.commonPool-worker-1] INFO  impl.PendingRequests (PendingRequests.java:sendNotLeaderResponses(202)) - d2544423-6c63-4eb7-9d0a-bffb9f2b5023-PendingRequests: sendNotLeaderResponses
2019-09-25 07:27:57,042 [main] INFO  impl.StateMachineUpdater (StateMachineUpdater.java:stopAndJoin(125)) - 253df5dc-ab25-4be3-9607-c7ead1a3aece@group-47CA54FAD7E1-StateMachineUpdater: set stopIndex = 0
2019-09-25 07:27:57,043 [main] INFO  impl.RaftServerImpl (ServerState.java:close(385)) - 253df5dc-ab25-4be3-9607-c7ead1a3aece@group-47CA54FAD7E1: closes. applyIndex: 0
2019-09-25 07:27:57,043 [ForkJoinPool.commonPool-worker-1] INFO  impl.StateMachineUpdater (StateMachineUpdater.java:stopAndJoin(125)) - d2544423-6c63-4eb7-9d0a-bffb9f2b5023@group-35A7C1BE891B-StateMachineUpdater: set stopIndex = 0
2019-09-25 07:27:57,044 [ForkJoinPool.commonPool-worker-1] INFO  impl.RaftServerImpl (ServerState.java:close(385)) - d2544423-6c63-4eb7-9d0a-bffb9f2b5023@group-35A7C1BE891B: closes. applyIndex: 0
2019-09-25 07:27:57,044 [253df5dc-ab25-4be3-9607-c7ead1a3aece@group-47CA54FAD7E1-SegmentedRaftLogWorker] INFO  segmented.SegmentedRaftLogWorker (SegmentedRaftLogWorker.java:run(313)) - 253df5dc-ab25-4be3-9607-c7ead1a3aece@group-47CA54FAD7E1-SegmentedRaftLogWorker was interrupted, exiting. There are 0 tasks remaining in the queue.
2019-09-25 07:27:57,044 [main] INFO  segmented.SegmentedRaftLogWorker (SegmentedRaftLogWorker.java:close(228)) - 253df5dc-ab25-4be3-9607-c7ead1a3aece@group-47CA54FAD7E1-SegmentedRaftLogWorker close()
2019-09-25 07:27:57,045 [d2544423-6c63-4eb7-9d0a-bffb9f2b5023@group-35A7C1BE891B-SegmentedRaftLogWorker] INFO  segmented.SegmentedRaftLogWorker (SegmentedRaftLogWorker.java:run(313)) - d2544423-6c63-4eb7-9d0a-bffb9f2b5023@group-35A7C1BE891B-SegmentedRaftLogWorker was interrupted, exiting. There are 0 tasks remaining in the queue.
2019-09-25 07:27:57,045 [main] INFO  server.GrpcService (GrpcService.java:closeImpl(164)) - 253df5dc-ab25-4be3-9607-c7ead1a3aece: shutdown server with port 34913 now
2019-09-25 07:27:57,045 [ForkJoinPool.commonPool-worker-1] INFO  segmented.SegmentedRaftLogWorker (SegmentedRaftLogWorker.java:close(228)) - d2544423-6c63-4eb7-9d0a-bffb9f2b5023@group-35A7C1BE891B-SegmentedRaftLogWorker close()
2019-09-25 07:27:57,046 [ForkJoinPool.commonPool-worker-1] INFO  impl.RaftServerImpl (RaftServerImpl.java:lambda$shutdown$3(251)) - d2544423-6c63-4eb7-9d0a-bffb9f2b5023@group-42708CF79F2C: shutdown
2019-09-25 07:27:57,050 [main] INFO  server.GrpcService (GrpcService.java:closeImpl(172)) - 253df5dc-ab25-4be3-9607-c7ead1a3aece: shutdown server with port 34913 successfully
2019-09-25 07:27:57,050 [ForkJoinPool.commonPool-worker-1] INFO  util.JmxRegister (JmxRegister.java:unregister(73)) - Successfully un-registered JMX Bean with object name Ratis:service=RaftServer,group=group-42708CF79F2C,id=d2544423-6c63-4eb7-9d0a-bffb9f2b5023
2019-09-25 07:27:57,050 [ForkJoinPool.commonPool-worker-1] INFO  impl.RoleInfo (RoleInfo.java:shutdownLeaderState(104)) - d2544423-6c63-4eb7-9d0a-bffb9f2b5023: shutdown LeaderState
2019-09-25 07:27:57,051 [ForkJoinPool.commonPool-worker-1] INFO  impl.PendingRequests (PendingRequests.java:sendNotLeaderResponses(202)) - d2544423-6c63-4eb7-9d0a-bffb9f2b5023-PendingRequests: sendNotLeaderResponses
2019-09-25 07:27:57,051 [ForkJoinPool.commonPool-worker-1] INFO  impl.StateMachineUpdater (StateMachineUpdater.java:stopAndJoin(125)) - d2544423-6c63-4eb7-9d0a-bffb9f2b5023@group-42708CF79F2C-StateMachineUpdater: set stopIndex = 0
2019-09-25 07:27:57,051 [ForkJoinPool.commonPool-worker-1] INFO  impl.RaftServerImpl (ServerState.java:close(385)) - d2544423-6c63-4eb7-9d0a-bffb9f2b5023@group-42708CF79F2C: closes. applyIndex: 0
2019-09-25 07:27:57,052 [d2544423-6c63-4eb7-9d0a-bffb9f2b5023@group-42708CF79F2C-SegmentedRaftLogWorker] INFO  segmented.SegmentedRaftLogWorker (SegmentedRaftLogWorker.java:run(313)) - d2544423-6c63-4eb7-9d0a-bffb9f2b5023@group-42708CF79F2C-SegmentedRaftLogWorker was interrupted, exiting. There are 0 tasks remaining in the queue.
2019-09-25 07:27:57,052 [refreshUsed-/workdir/hadoop-ozone/ozonefs/target/test-dir/MiniOzoneClusterImpl-336849c0-54e0-42a2-92e3-a8dd7e6e8d6a/datanode-8/data/containers] WARN  fs.CachingGetSpaceUsed (CachingGetSpaceUsed.java:run(183)) - Thread Interrupted waiting to refresh disk information: sleep interrupted
2019-09-25 07:27:57,052 [ForkJoinPool.commonPool-worker-1] INFO  segmented.SegmentedRaftLogWorker (SegmentedRaftLogWorker.java:close(228)) - d2544423-6c63-4eb7-9d0a-bffb9f2b5023@group-42708CF79F2C-SegmentedRaftLogWorker close()
2019-09-25 07:27:57,052 [ForkJoinPool.commonPool-worker-1] INFO  server.GrpcService (GrpcService.java:closeImpl(164)) - d2544423-6c63-4eb7-9d0a-bffb9f2b5023: shutdown server with port 39699 now
2019-09-25 07:27:57,056 [ForkJoinPool.commonPool-worker-1] INFO  server.GrpcService (GrpcService.java:closeImpl(172)) - d2544423-6c63-4eb7-9d0a-bffb9f2b5023: shutdown server with port 39699 successfully
2019-09-25 07:27:57,064 [refreshUsed-/workdir/hadoop-ozone/ozonefs/target/test-dir/MiniOzoneClusterImpl-336849c0-54e0-42a2-92e3-a8dd7e6e8d6a/datanode-4/data/containers] WARN  fs.CachingGetSpaceUsed (CachingGetSpaceUsed.java:run(183)) - Thread Interrupted waiting to refresh disk information: sleep interrupted
2019-09-25 07:27:57,085 [main] INFO  utils.BackgroundService (BackgroundService.java:shutdown(148)) - Shutting down service BlockDeletingService
2019-09-25 07:27:57,092 [main] INFO  statemachine.DatanodeStateMachine (DatanodeStateMachine.java:stopDaemon(395)) - Ozone container server stopped.
2019-09-25 07:27:57,093 [ForkJoinPool.commonPool-worker-1] INFO  utils.BackgroundService (BackgroundService.java:shutdown(148)) - Shutting down service BlockDeletingService
2019-09-25 07:27:57,093 [main] INFO  handler.ContextHandler (ContextHandler.java:doStop(910)) - Stopped o.e.j.w.WebAppContext@4c86da0c{/,null,UNAVAILABLE}{/hddsDatanode}
2019-09-25 07:27:57,098 [ForkJoinPool.commonPool-worker-1] INFO  statemachine.DatanodeStateMachine (DatanodeStateMachine.java:stopDaemon(395)) - Ozone container server stopped.
2019-09-25 07:27:57,100 [main] INFO  server.AbstractConnector (AbstractConnector.java:doStop(318)) - Stopped ServerConnector@5d97caa4{HTTP/1.1,[http/1.1]}{0.0.0.0:0}
2019-09-25 07:27:57,102 [main] INFO  handler.ContextHandler (ContextHandler.java:doStop(910)) - Stopped o.e.j.s.ServletContextHandler@376c7d7d{/static,jar:file:/home/user/.m2/repository/org/apache/hadoop/hadoop-hdds-container-service/0.5.0-SNAPSHOT/hadoop-hdds-container-service-0.5.0-SNAPSHOT.jar!/webapps/static,UNAVAILABLE}
2019-09-25 07:27:57,103 [ForkJoinPool.commonPool-worker-1] INFO  handler.ContextHandler (ContextHandler.java:doStop(910)) - Stopped o.e.j.w.WebAppContext@3650d4fc{/,null,UNAVAILABLE}{/hddsDatanode}
2019-09-25 07:27:57,104 [main] INFO  handler.ContextHandler (ContextHandler.java:doStop(910)) - Stopped o.e.j.s.ServletContextHandler@69d23296{/logs,file:///workdir/hadoop-ozone/ozonefs/target/log,UNAVAILABLE}
2019-09-25 07:27:57,104 [ForkJoinPool.commonPool-worker-1] INFO  server.AbstractConnector (AbstractConnector.java:doStop(318)) - Stopped ServerConnector@aaa0f76{HTTP/1.1,[http/1.1]}{0.0.0.0:0}
2019-09-25 07:27:57,106 [ForkJoinPool.commonPool-worker-1] INFO  handler.ContextHandler (ContextHandler.java:doStop(910)) - Stopped o.e.j.s.ServletContextHandler@1b1c538d{/static,jar:file:/home/user/.m2/repository/org/apache/hadoop/hadoop-hdds-container-service/0.5.0-SNAPSHOT/hadoop-hdds-container-service-0.5.0-SNAPSHOT.jar!/webapps/static,UNAVAILABLE}
2019-09-25 07:27:57,109 [ForkJoinPool.commonPool-worker-1] INFO  handler.ContextHandler (ContextHandler.java:doStop(910)) - Stopped o.e.j.s.ServletContextHandler@5f254608{/logs,file:///workdir/hadoop-ozone/ozonefs/target/log,UNAVAILABLE}
2019-09-25 07:27:57,417 [Datanode State Machine Thread - 0] INFO  statemachine.DatanodeStateMachine (DatanodeStateMachine.java:lambda$startDaemon$0(350)) - Ozone container server started.
2019-09-25 07:27:57,805 [Datanode State Machine Thread - 0] INFO  statemachine.DatanodeStateMachine (DatanodeStateMachine.java:lambda$startDaemon$0(350)) - Ozone container server started.
2019-09-25 07:28:02,109 [main] INFO  ozoneimpl.OzoneContainer (OzoneContainer.java:stop(231)) - Attempting to stop container services.
2019-09-25 07:28:02,110 [main] INFO  impl.RaftServerProxy (RaftServerProxy.java:lambda$close$4(314)) - 94a1c681-cec5-47e9-bd86-59396c1e12e6: close
2019-09-25 07:28:02,111 [main] INFO  impl.RaftServerImpl (RaftServerImpl.java:lambda$shutdown$3(251)) - 94a1c681-cec5-47e9-bd86-59396c1e12e6@group-7C0A21625679: shutdown
2019-09-25 07:28:02,111 [main] INFO  util.JmxRegister (JmxRegister.java:unregister(73)) - Successfully un-registered JMX Bean with object name Ratis:service=RaftServer,group=group-7C0A21625679,id=94a1c681-cec5-47e9-bd86-59396c1e12e6
2019-09-25 07:28:02,111 [ForkJoinPool.commonPool-worker-1] INFO  ozoneimpl.OzoneContainer (OzoneContainer.java:stop(231)) - Attempting to stop container services.
2019-09-25 07:28:02,112 [main] INFO  impl.RoleInfo (RoleInfo.java:shutdownLeaderState(104)) - 94a1c681-cec5-47e9-bd86-59396c1e12e6: shutdown LeaderState
2019-09-25 07:28:02,112 [ForkJoinPool.commonPool-worker-1] INFO  impl.RaftServerProxy (RaftServerProxy.java:lambda$close$4(314)) - ac29337b-1f05-44ab-baf7-0ad511ed26a1: close
2019-09-25 07:28:02,113 [main] INFO  impl.PendingRequests (PendingRequests.java:sendNotLeaderResponses(202)) - 94a1c681-cec5-47e9-bd86-59396c1e12e6-PendingRequests: sendNotLeaderResponses
2019-09-25 07:28:02,113 [ForkJoinPool.commonPool-worker-1] INFO  impl.RaftServerImpl (RaftServerImpl.java:lambda$shutdown$3(251)) - ac29337b-1f05-44ab-baf7-0ad511ed26a1@group-B56ED646394C: shutdown
2019-09-25 07:28:02,113 [main] INFO  impl.StateMachineUpdater (StateMachineUpdater.java:stopAndJoin(125)) - 94a1c681-cec5-47e9-bd86-59396c1e12e6@group-7C0A21625679-StateMachineUpdater: set stopIndex = 0
2019-09-25 07:28:02,113 [ForkJoinPool.commonPool-worker-1] INFO  util.JmxRegister (JmxRegister.java:unregister(73)) - Successfully un-registered JMX Bean with object name Ratis:service=RaftServer,group=group-B56ED646394C,id=ac29337b-1f05-44ab-baf7-0ad511ed26a1
2019-09-25 07:28:02,114 [main] INFO  impl.RaftServerImpl (ServerState.java:close(385)) - 94a1c681-cec5-47e9-bd86-59396c1e12e6@group-7C0A21625679: closes. applyIndex: 0
2019-09-25 07:28:02,114 [ForkJoinPool.commonPool-worker-1] INFO  impl.RoleInfo (RoleInfo.java:shutdownLeaderState(104)) - ac29337b-1f05-44ab-baf7-0ad511ed26a1: shutdown LeaderState
2019-09-25 07:28:02,115 [94a1c681-cec5-47e9-bd86-59396c1e12e6@group-7C0A21625679-SegmentedRaftLogWorker] INFO  segmented.SegmentedRaftLogWorker (SegmentedRaftLogWorker.java:run(313)) - 94a1c681-cec5-47e9-bd86-59396c1e12e6@group-7C0A21625679-SegmentedRaftLogWorker was interrupted, exiting. There are 0 tasks remaining in the queue.
2019-09-25 07:28:02,115 [ForkJoinPool.commonPool-worker-1] INFO  impl.PendingRequests (PendingRequests.java:sendNotLeaderResponses(202)) - ac29337b-1f05-44ab-baf7-0ad511ed26a1-PendingRequests: sendNotLeaderResponses
2019-09-25 07:28:02,115 [main] INFO  segmented.SegmentedRaftLogWorker (SegmentedRaftLogWorker.java:close(228)) - 94a1c681-cec5-47e9-bd86-59396c1e12e6@group-7C0A21625679-SegmentedRaftLogWorker close()
2019-09-25 07:28:02,116 [ForkJoinPool.commonPool-worker-1] INFO  impl.StateMachineUpdater (StateMachineUpdater.java:stopAndJoin(125)) - ac29337b-1f05-44ab-baf7-0ad511ed26a1@group-B56ED646394C-StateMachineUpdater: set stopIndex = 0
2019-09-25 07:28:02,116 [main] INFO  impl.RaftServerImpl (RaftServerImpl.java:lambda$shutdown$3(251)) - 94a1c681-cec5-47e9-bd86-59396c1e12e6@group-C3C9CFCC795B: shutdown
2019-09-25 07:28:02,116 [ForkJoinPool.commonPool-worker-1] INFO  impl.RaftServerImpl (ServerState.java:close(385)) - ac29337b-1f05-44ab-baf7-0ad511ed26a1@group-B56ED646394C: closes. applyIndex: 0
2019-09-25 07:28:02,117 [main] INFO  util.JmxRegister (JmxRegister.java:unregister(73)) - Successfully un-registered JMX Bean with object name Ratis:service=RaftServer,group=group-C3C9CFCC795B,id=94a1c681-cec5-47e9-bd86-59396c1e12e6
2019-09-25 07:28:02,117 [main] INFO  impl.RoleInfo (RoleInfo.java:shutdownLeaderState(104)) - 94a1c681-cec5-47e9-bd86-59396c1e12e6: shutdown LeaderState
2019-09-25 07:28:02,117 [ac29337b-1f05-44ab-baf7-0ad511ed26a1@group-B56ED646394C-SegmentedRaftLogWorker] INFO  segmented.SegmentedRaftLogWorker (SegmentedRaftLogWorker.java:run(313)) - ac29337b-1f05-44ab-baf7-0ad511ed26a1@group-B56ED646394C-SegmentedRaftLogWorker was interrupted, exiting. There are 0 tasks remaining in the queue.
2019-09-25 07:28:02,118 [main] INFO  impl.PendingRequests (PendingRequests.java:sendNotLeaderResponses(202)) - 94a1c681-cec5-47e9-bd86-59396c1e12e6-PendingRequests: sendNotLeaderResponses
2019-09-25 07:28:02,119 [main] INFO  impl.StateMachineUpdater (StateMachineUpdater.java:stopAndJoin(125)) - 94a1c681-cec5-47e9-bd86-59396c1e12e6@group-C3C9CFCC795B-StateMachineUpdater: set stopIndex = 0
2019-09-25 07:28:02,119 [main] INFO  impl.RaftServerImpl (ServerState.java:close(385)) - 94a1c681-cec5-47e9-bd86-59396c1e12e6@group-C3C9CFCC795B: closes. applyIndex: 0
2019-09-25 07:28:02,123 [94a1c681-cec5-47e9-bd86-59396c1e12e6@group-C3C9CFCC795B-SegmentedRaftLogWorker] INFO  segmented.SegmentedRaftLogWorker (SegmentedRaftLogWorker.java:run(313)) - 94a1c681-cec5-47e9-bd86-59396c1e12e6@group-C3C9CFCC795B-SegmentedRaftLogWorker was interrupted, exiting. There are 0 tasks remaining in the queue.
2019-09-25 07:28:02,138 [ForkJoinPool.commonPool-worker-1] INFO  segmented.SegmentedRaftLogWorker (SegmentedRaftLogWorker.java:close(228)) - ac29337b-1f05-44ab-baf7-0ad511ed26a1@group-B56ED646394C-SegmentedRaftLogWorker close()
2019-09-25 07:28:02,138 [main] INFO  segmented.SegmentedRaftLogWorker (SegmentedRaftLogWorker.java:close(228)) - 94a1c681-cec5-47e9-bd86-59396c1e12e6@group-C3C9CFCC795B-SegmentedRaftLogWorker close()
2019-09-25 07:28:02,138 [ForkJoinPool.commonPool-worker-1] INFO  impl.RaftServerImpl (RaftServerImpl.java:lambda$shutdown$3(251)) - ac29337b-1f05-44ab-baf7-0ad511ed26a1@group-2B57BDEFD9C4: shutdown
2019-09-25 07:28:02,139 [main] INFO  impl.RaftServerImpl (RaftServerImpl.java:lambda$shutdown$3(251)) - 94a1c681-cec5-47e9-bd86-59396c1e12e6@group-577B8954E6D7: shutdown
2019-09-25 07:28:02,139 [ForkJoinPool.commonPool-worker-1] INFO  util.JmxRegister (JmxRegister.java:unregister(73)) - Successfully un-registered JMX Bean with object name Ratis:service=RaftServer,group=group-2B57BDEFD9C4,id=ac29337b-1f05-44ab-baf7-0ad511ed26a1
2019-09-25 07:28:02,140 [ForkJoinPool.commonPool-worker-1] INFO  impl.RoleInfo (RoleInfo.java:shutdownLeaderState(104)) - ac29337b-1f05-44ab-baf7-0ad511ed26a1: shutdown LeaderState
2019-09-25 07:28:02,140 [main] INFO  util.JmxRegister (JmxRegister.java:unregister(73)) - Successfully un-registered JMX Bean with object name Ratis:service=RaftServer,group=group-577B8954E6D7,id=94a1c681-cec5-47e9-bd86-59396c1e12e6
2019-09-25 07:28:02,140 [ForkJoinPool.commonPool-worker-1] INFO  impl.PendingRequests (PendingRequests.java:sendNotLeaderResponses(202)) - ac29337b-1f05-44ab-baf7-0ad511ed26a1-PendingRequests: sendNotLeaderResponses
2019-09-25 07:28:02,141 [main] INFO  impl.RoleInfo (RoleInfo.java:shutdownLeaderState(104)) - 94a1c681-cec5-47e9-bd86-59396c1e12e6: shutdown LeaderState
2019-09-25 07:28:02,141 [ForkJoinPool.commonPool-worker-1] INFO  impl.StateMachineUpdater (StateMachineUpdater.java:stopAndJoin(125)) - ac29337b-1f05-44ab-baf7-0ad511ed26a1@group-2B57BDEFD9C4-StateMachineUpdater: set stopIndex = 0
2019-09-25 07:28:02,142 [main] INFO  impl.PendingRequests (PendingRequests.java:sendNotLeaderResponses(202)) - 94a1c681-cec5-47e9-bd86-59396c1e12e6-PendingRequests: sendNotLeaderResponses
2019-09-25 07:28:02,142 [ForkJoinPool.commonPool-worker-1] INFO  impl.RaftServerImpl (ServerState.java:close(385)) - ac29337b-1f05-44ab-baf7-0ad511ed26a1@group-2B57BDEFD9C4: closes. applyIndex: 0
2019-09-25 07:28:02,142 [main] INFO  impl.StateMachineUpdater (StateMachineUpdater.java:stopAndJoin(125)) - 94a1c681-cec5-47e9-bd86-59396c1e12e6@group-577B8954E6D7-StateMachineUpdater: set stopIndex = 0
2019-09-25 07:28:02,143 [ac29337b-1f05-44ab-baf7-0ad511ed26a1@group-2B57BDEFD9C4-SegmentedRaftLogWorker] INFO  segmented.SegmentedRaftLogWorker (SegmentedRaftLogWorker.java:run(313)) - ac29337b-1f05-44ab-baf7-0ad511ed26a1@group-2B57BDEFD9C4-SegmentedRaftLogWorker was interrupted, exiting. There are 0 tasks remaining in the queue.
2019-09-25 07:28:02,143 [main] INFO  impl.RaftServerImpl (ServerState.java:close(385)) - 94a1c681-cec5-47e9-bd86-59396c1e12e6@group-577B8954E6D7: closes. applyIndex: 0
2019-09-25 07:28:02,143 [ForkJoinPool.commonPool-worker-1] INFO  segmented.SegmentedRaftLogWorker (SegmentedRaftLogWorker.java:close(228)) - ac29337b-1f05-44ab-baf7-0ad511ed26a1@group-2B57BDEFD9C4-SegmentedRaftLogWorker close()
2019-09-25 07:28:02,144 [94a1c681-cec5-47e9-bd86-59396c1e12e6@group-577B8954E6D7-SegmentedRaftLogWorker] INFO  segmented.SegmentedRaftLogWorker (SegmentedRaftLogWorker.java:run(313)) - 94a1c681-cec5-47e9-bd86-59396c1e12e6@group-577B8954E6D7-SegmentedRaftLogWorker was interrupted, exiting. There are 0 tasks remaining in the queue.
2019-09-25 07:28:02,144 [ForkJoinPool.commonPool-worker-1] INFO  impl.RaftServerImpl (RaftServerImpl.java:lambda$shutdown$3(251)) - ac29337b-1f05-44ab-baf7-0ad511ed26a1@group-8F409F5E0C2F: shutdown
2019-09-25 07:28:02,144 [main] INFO  segmented.SegmentedRaftLogWorker (SegmentedRaftLogWorker.java:close(228)) - 94a1c681-cec5-47e9-bd86-59396c1e12e6@group-577B8954E6D7-SegmentedRaftLogWorker close()
2019-09-25 07:28:02,144 [ForkJoinPool.commonPool-worker-1] INFO  util.JmxRegister (JmxRegister.java:unregister(73)) - Successfully un-registered JMX Bean with object name Ratis:service=RaftServer,group=group-8F409F5E0C2F,id=ac29337b-1f05-44ab-baf7-0ad511ed26a1
2019-09-25 07:28:02,145 [main] INFO  impl.RaftServerImpl (RaftServerImpl.java:lambda$shutdown$3(251)) - 94a1c681-cec5-47e9-bd86-59396c1e12e6@group-7F7938B221AE: shutdown
2019-09-25 07:28:02,145 [ForkJoinPool.commonPool-worker-1] INFO  impl.RoleInfo (RoleInfo.java:shutdownLeaderState(104)) - ac29337b-1f05-44ab-baf7-0ad511ed26a1: shutdown LeaderState
2019-09-25 07:28:02,145 [main] INFO  util.JmxRegister (JmxRegister.java:unregister(73)) - Successfully un-registered JMX Bean with object name Ratis:service=RaftServer,group=group-7F7938B221AE,id=94a1c681-cec5-47e9-bd86-59396c1e12e6
2019-09-25 07:28:02,146 [ForkJoinPool.commonPool-worker-1] INFO  impl.PendingRequests (PendingRequests.java:sendNotLeaderResponses(202)) - ac29337b-1f05-44ab-baf7-0ad511ed26a1-PendingRequests: sendNotLeaderResponses
2019-09-25 07:28:02,146 [main] INFO  impl.RoleInfo (RoleInfo.java:shutdownLeaderState(104)) - 94a1c681-cec5-47e9-bd86-59396c1e12e6: shutdown LeaderState
2019-09-25 07:28:02,146 [ForkJoinPool.commonPool-worker-1] INFO  impl.StateMachineUpdater (StateMachineUpdater.java:stopAndJoin(125)) - ac29337b-1f05-44ab-baf7-0ad511ed26a1@group-8F409F5E0C2F-StateMachineUpdater: set stopIndex = 0
2019-09-25 07:28:02,147 [main] INFO  impl.PendingRequests (PendingRequests.java:sendNotLeaderResponses(202)) - 94a1c681-cec5-47e9-bd86-59396c1e12e6-PendingRequests: sendNotLeaderResponses
2019-09-25 07:28:02,147 [ForkJoinPool.commonPool-worker-1] INFO  impl.RaftServerImpl (ServerState.java:close(385)) - ac29337b-1f05-44ab-baf7-0ad511ed26a1@group-8F409F5E0C2F: closes. applyIndex: 0
2019-09-25 07:28:02,148 [main] INFO  impl.StateMachineUpdater (StateMachineUpdater.java:stopAndJoin(125)) - 94a1c681-cec5-47e9-bd86-59396c1e12e6@group-7F7938B221AE-StateMachineUpdater: set stopIndex = 0
2019-09-25 07:28:02,148 [main] INFO  impl.RaftServerImpl (ServerState.java:close(385)) - 94a1c681-cec5-47e9-bd86-59396c1e12e6@group-7F7938B221AE: closes. applyIndex: 0
2019-09-25 07:28:02,148 [ac29337b-1f05-44ab-baf7-0ad511ed26a1@group-8F409F5E0C2F-SegmentedRaftLogWorker] INFO  segmented.SegmentedRaftLogWorker (SegmentedRaftLogWorker.java:run(313)) - ac29337b-1f05-44ab-baf7-0ad511ed26a1@group-8F409F5E0C2F-SegmentedRaftLogWorker was interrupted, exiting. There are 0 tasks remaining in the queue.
2019-09-25 07:28:02,149 [94a1c681-cec5-47e9-bd86-59396c1e12e6@group-7F7938B221AE-SegmentedRaftLogWorker] INFO  segmented.SegmentedRaftLogWorker (SegmentedRaftLogWorker.java:run(313)) - 94a1c681-cec5-47e9-bd86-59396c1e12e6@group-7F7938B221AE-SegmentedRaftLogWorker was interrupted, exiting. There are 0 tasks remaining in the queue.
2019-09-25 07:28:02,149 [ForkJoinPool.commonPool-worker-1] INFO  segmented.SegmentedRaftLogWorker (SegmentedRaftLogWorker.java:close(228)) - ac29337b-1f05-44ab-baf7-0ad511ed26a1@group-8F409F5E0C2F-SegmentedRaftLogWorker close()
2019-09-25 07:28:02,149 [main] INFO  segmented.SegmentedRaftLogWorker (SegmentedRaftLogWorker.java:close(228)) - 94a1c681-cec5-47e9-bd86-59396c1e12e6@group-7F7938B221AE-SegmentedRaftLogWorker close()
2019-09-25 07:28:02,149 [ForkJoinPool.commonPool-worker-1] INFO  impl.RaftServerImpl (RaftServerImpl.java:lambda$shutdown$3(251)) - ac29337b-1f05-44ab-baf7-0ad511ed26a1@group-457751D65746: shutdown
2019-09-25 07:28:02,150 [main] INFO  impl.RaftServerImpl (RaftServerImpl.java:lambda$shutdown$3(251)) - 94a1c681-cec5-47e9-bd86-59396c1e12e6@group-4E86A460DFB3: shutdown
2019-09-25 07:28:02,150 [ForkJoinPool.commonPool-worker-1] INFO  util.JmxRegister (JmxRegister.java:unregister(73)) - Successfully un-registered JMX Bean with object name Ratis:service=RaftServer,group=group-457751D65746,id=ac29337b-1f05-44ab-baf7-0ad511ed26a1
2019-09-25 07:28:02,151 [main] INFO  util.JmxRegister (JmxRegister.java:unregister(73)) - Successfully un-registered JMX Bean with object name Ratis:service=RaftServer,group=group-4E86A460DFB3,id=94a1c681-cec5-47e9-bd86-59396c1e12e6
2019-09-25 07:28:02,151 [ForkJoinPool.commonPool-worker-1] INFO  impl.RoleInfo (RoleInfo.java:shutdownLeaderState(104)) - ac29337b-1f05-44ab-baf7-0ad511ed26a1: shutdown LeaderState
2019-09-25 07:28:02,151 [main] INFO  impl.RoleInfo (RoleInfo.java:shutdownLeaderState(104)) - 94a1c681-cec5-47e9-bd86-59396c1e12e6: shutdown LeaderState
2019-09-25 07:28:02,152 [ForkJoinPool.commonPool-worker-1] INFO  impl.PendingRequests (PendingRequests.java:sendNotLeaderResponses(202)) - ac29337b-1f05-44ab-baf7-0ad511ed26a1-PendingRequests: sendNotLeaderResponses
2019-09-25 07:28:02,152 [main] INFO  impl.PendingRequests (PendingRequests.java:sendNotLeaderResponses(202)) - 94a1c681-cec5-47e9-bd86-59396c1e12e6-PendingRequests: sendNotLeaderResponses
2019-09-25 07:28:02,152 [ForkJoinPool.commonPool-worker-1] INFO  impl.StateMachineUpdater (StateMachineUpdater.java:stopAndJoin(125)) - ac29337b-1f05-44ab-baf7-0ad511ed26a1@group-457751D65746-StateMachineUpdater: set stopIndex = 0
2019-09-25 07:28:02,153 [main] INFO  impl.StateMachineUpdater (StateMachineUpdater.java:stopAndJoin(125)) - 94a1c681-cec5-47e9-bd86-59396c1e12e6@group-4E86A460DFB3-StateMachineUpdater: set stopIndex = 0
2019-09-25 07:28:02,153 [ForkJoinPool.commonPool-worker-1] INFO  impl.RaftServerImpl (ServerState.java:close(385)) - ac29337b-1f05-44ab-baf7-0ad511ed26a1@group-457751D65746: closes. applyIndex: 0
2019-09-25 07:28:02,153 [main] INFO  impl.RaftServerImpl (ServerState.java:close(385)) - 94a1c681-cec5-47e9-bd86-59396c1e12e6@group-4E86A460DFB3: closes. applyIndex: 0
2019-09-25 07:28:02,154 [ac29337b-1f05-44ab-baf7-0ad511ed26a1@group-457751D65746-SegmentedRaftLogWorker] INFO  segmented.SegmentedRaftLogWorker (SegmentedRaftLogWorker.java:run(313)) - ac29337b-1f05-44ab-baf7-0ad511ed26a1@group-457751D65746-SegmentedRaftLogWorker was interrupted, exiting. There are 0 tasks remaining in the queue.
2019-09-25 07:28:02,154 [94a1c681-cec5-47e9-bd86-59396c1e12e6@group-4E86A460DFB3-SegmentedRaftLogWorker] INFO  segmented.SegmentedRaftLogWorker (SegmentedRaftLogWorker.java:run(313)) - 94a1c681-cec5-47e9-bd86-59396c1e12e6@group-4E86A460DFB3-SegmentedRaftLogWorker was interrupted, exiting. There are 0 tasks remaining in the queue.
2019-09-25 07:28:02,154 [ForkJoinPool.commonPool-worker-1] INFO  segmented.SegmentedRaftLogWorker (SegmentedRaftLogWorker.java:close(228)) - ac29337b-1f05-44ab-baf7-0ad511ed26a1@group-457751D65746-SegmentedRaftLogWorker close()
2019-09-25 07:28:02,155 [main] INFO  segmented.SegmentedRaftLogWorker (SegmentedRaftLogWorker.java:close(228)) - 94a1c681-cec5-47e9-bd86-59396c1e12e6@group-4E86A460DFB3-SegmentedRaftLogWorker close()
2019-09-25 07:28:02,155 [ForkJoinPool.commonPool-worker-1] INFO  impl.RaftServerImpl (RaftServerImpl.java:lambda$shutdown$3(251)) - ac29337b-1f05-44ab-baf7-0ad511ed26a1@group-2046F13EA959: shutdown
2019-09-25 07:28:02,155 [main] INFO  impl.RaftServerImpl (RaftServerImpl.java:lambda$shutdown$3(251)) - 94a1c681-cec5-47e9-bd86-59396c1e12e6@group-5C0E54E4A0B7: shutdown
2019-09-25 07:28:02,156 [ForkJoinPool.commonPool-worker-1] INFO  util.JmxRegister (JmxRegister.java:unregister(73)) - Successfully un-registered JMX Bean with object name Ratis:service=RaftServer,group=group-2046F13EA959,id=ac29337b-1f05-44ab-baf7-0ad511ed26a1
2019-09-25 07:28:02,156 [main] INFO  util.JmxRegister (JmxRegister.java:unregister(73)) - Successfully un-registered JMX Bean with object name Ratis:service=RaftServer,group=group-5C0E54E4A0B7,id=94a1c681-cec5-47e9-bd86-59396c1e12e6
2019-09-25 07:28:02,156 [ForkJoinPool.commonPool-worker-1] INFO  impl.RoleInfo (RoleInfo.java:shutdownLeaderState(104)) - ac29337b-1f05-44ab-baf7-0ad511ed26a1: shutdown LeaderState
2019-09-25 07:28:02,157 [main] INFO  impl.RoleInfo (RoleInfo.java:shutdownLeaderState(104)) - 94a1c681-cec5-47e9-bd86-59396c1e12e6: shutdown LeaderState
2019-09-25 07:28:02,157 [ForkJoinPool.commonPool-worker-1] INFO  impl.PendingRequests (PendingRequests.java:sendNotLeaderResponses(202)) - ac29337b-1f05-44ab-baf7-0ad511ed26a1-PendingRequests: sendNotLeaderResponses
2019-09-25 07:28:02,158 [main] INFO  impl.PendingRequests (PendingRequests.java:sendNotLeaderResponses(202)) - 94a1c681-cec5-47e9-bd86-59396c1e12e6-PendingRequests: sendNotLeaderResponses
2019-09-25 07:28:02,158 [ForkJoinPool.commonPool-worker-1] INFO  impl.StateMachineUpdater (StateMachineUpdater.java:stopAndJoin(125)) - ac29337b-1f05-44ab-baf7-0ad511ed26a1@group-2046F13EA959-StateMachineUpdater: set stopIndex = 0
2019-09-25 07:28:02,158 [main] INFO  impl.StateMachineUpdater (StateMachineUpdater.java:stopAndJoin(125)) - 94a1c681-cec5-47e9-bd86-59396c1e12e6@group-5C0E54E4A0B7-StateMachineUpdater: set stopIndex = 0
2019-09-25 07:28:02,159 [main] INFO  impl.RaftServerImpl (ServerState.java:close(385)) - 94a1c681-cec5-47e9-bd86-59396c1e12e6@group-5C0E54E4A0B7: closes. applyIndex: 0
2019-09-25 07:28:02,159 [ForkJoinPool.commonPool-worker-1] INFO  impl.RaftServerImpl (ServerState.java:close(385)) - ac29337b-1f05-44ab-baf7-0ad511ed26a1@group-2046F13EA959: closes. applyIndex: 0
2019-09-25 07:28:02,160 [94a1c681-cec5-47e9-bd86-59396c1e12e6@group-5C0E54E4A0B7-SegmentedRaftLogWorker] INFO  segmented.SegmentedRaftLogWorker (SegmentedRaftLogWorker.java:run(313)) - 94a1c681-cec5-47e9-bd86-59396c1e12e6@group-5C0E54E4A0B7-SegmentedRaftLogWorker was interrupted, exiting. There are 0 tasks remaining in the queue.
2019-09-25 07:28:02,160 [ac29337b-1f05-44ab-baf7-0ad511ed26a1@group-2046F13EA959-SegmentedRaftLogWorker] INFO  segmented.SegmentedRaftLogWorker (SegmentedRaftLogWorker.java:run(313)) - ac29337b-1f05-44ab-baf7-0ad511ed26a1@group-2046F13EA959-SegmentedRaftLogWorker was interrupted, exiting. There are 0 tasks remaining in the queue.
2019-09-25 07:28:02,160 [main] INFO  segmented.SegmentedRaftLogWorker (SegmentedRaftLogWorker.java:close(228)) - 94a1c681-cec5-47e9-bd86-59396c1e12e6@group-5C0E54E4A0B7-SegmentedRaftLogWorker close()
2019-09-25 07:28:02,160 [ForkJoinPool.commonPool-worker-1] INFO  segmented.SegmentedRaftLogWorker (SegmentedRaftLogWorker.java:close(228)) - ac29337b-1f05-44ab-baf7-0ad511ed26a1@group-2046F13EA959-SegmentedRaftLogWorker close()
2019-09-25 07:28:02,161 [main] INFO  server.GrpcService (GrpcService.java:closeImpl(164)) - 94a1c681-cec5-47e9-bd86-59396c1e12e6: shutdown server with port 39666 now
2019-09-25 07:28:02,161 [ForkJoinPool.commonPool-worker-1] INFO  impl.RaftServerImpl (RaftServerImpl.java:lambda$shutdown$3(251)) - ac29337b-1f05-44ab-baf7-0ad511ed26a1@group-B7EB2F801EA1: shutdown
2019-09-25 07:28:02,164 [main] INFO  server.GrpcService (GrpcService.java:closeImpl(172)) - 94a1c681-cec5-47e9-bd86-59396c1e12e6: shutdown server with port 39666 successfully
2019-09-25 07:28:02,164 [ForkJoinPool.commonPool-worker-1] INFO  util.JmxRegister (JmxRegister.java:unregister(73)) - Successfully un-registered JMX Bean with object name Ratis:service=RaftServer,group=group-B7EB2F801EA1,id=ac29337b-1f05-44ab-baf7-0ad511ed26a1
2019-09-25 07:28:02,165 [ForkJoinPool.commonPool-worker-1] INFO  impl.RoleInfo (RoleInfo.java:shutdownLeaderState(104)) - ac29337b-1f05-44ab-baf7-0ad511ed26a1: shutdown LeaderState
2019-09-25 07:28:02,165 [ForkJoinPool.commonPool-worker-1] INFO  impl.PendingRequests (PendingRequests.java:sendNotLeaderResponses(202)) - ac29337b-1f05-44ab-baf7-0ad511ed26a1-PendingRequests: sendNotLeaderResponses
2019-09-25 07:28:02,166 [ForkJoinPool.commonPool-worker-1] INFO  impl.StateMachineUpdater (StateMachineUpdater.java:stopAndJoin(125)) - ac29337b-1f05-44ab-baf7-0ad511ed26a1@group-B7EB2F801EA1-StateMachineUpdater: set stopIndex = 0
2019-09-25 07:28:02,166 [ForkJoinPool.commonPool-worker-1] INFO  impl.RaftServerImpl (ServerState.java:close(385)) - ac29337b-1f05-44ab-baf7-0ad511ed26a1@group-B7EB2F801EA1: closes. applyIndex: 0
2019-09-25 07:28:02,167 [refreshUsed-/workdir/hadoop-ozone/ozonefs/target/test-dir/MiniOzoneClusterImpl-336849c0-54e0-42a2-92e3-a8dd7e6e8d6a/datanode-9/data/containers] WARN  fs.CachingGetSpaceUsed (CachingGetSpaceUsed.java:run(183)) - Thread Interrupted waiting to refresh disk information: sleep interrupted
2019-09-25 07:28:02,167 [ac29337b-1f05-44ab-baf7-0ad511ed26a1@group-B7EB2F801EA1-SegmentedRaftLogWorker] INFO  segmented.SegmentedRaftLogWorker (SegmentedRaftLogWorker.java:run(313)) - ac29337b-1f05-44ab-baf7-0ad511ed26a1@group-B7EB2F801EA1-SegmentedRaftLogWorker was interrupted, exiting. There are 0 tasks remaining in the queue.
2019-09-25 07:28:02,167 [ForkJoinPool.commonPool-worker-1] INFO  segmented.SegmentedRaftLogWorker (SegmentedRaftLogWorker.java:close(228)) - ac29337b-1f05-44ab-baf7-0ad511ed26a1@group-B7EB2F801EA1-SegmentedRaftLogWorker close()
2019-09-25 07:28:02,168 [ForkJoinPool.commonPool-worker-1] INFO  server.GrpcService (GrpcService.java:closeImpl(164)) - ac29337b-1f05-44ab-baf7-0ad511ed26a1: shutdown server with port 37931 now
2019-09-25 07:28:02,170 [ForkJoinPool.commonPool-worker-1] INFO  server.GrpcService (GrpcService.java:closeImpl(172)) - ac29337b-1f05-44ab-baf7-0ad511ed26a1: shutdown server with port 37931 successfully
2019-09-25 07:28:02,177 [refreshUsed-/workdir/hadoop-ozone/ozonefs/target/test-dir/MiniOzoneClusterImpl-336849c0-54e0-42a2-92e3-a8dd7e6e8d6a/datanode-0/data/containers] WARN  fs.CachingGetSpaceUsed (CachingGetSpaceUsed.java:run(183)) - Thread Interrupted waiting to refresh disk information: sleep interrupted
2019-09-25 07:28:02,196 [main] INFO  utils.BackgroundService (BackgroundService.java:shutdown(148)) - Shutting down service BlockDeletingService
2019-09-25 07:28:02,202 [main] INFO  statemachine.DatanodeStateMachine (DatanodeStateMachine.java:stopDaemon(395)) - Ozone container server stopped.
2019-09-25 07:28:02,203 [main] INFO  handler.ContextHandler (ContextHandler.java:doStop(910)) - Stopped o.e.j.w.WebAppContext@7e7f3cfd{/,null,UNAVAILABLE}{/hddsDatanode}
2019-09-25 07:28:02,204 [ForkJoinPool.commonPool-worker-1] INFO  utils.BackgroundService (BackgroundService.java:shutdown(148)) - Shutting down service BlockDeletingService
2019-09-25 07:28:02,204 [main] INFO  server.AbstractConnector (AbstractConnector.java:doStop(318)) - Stopped ServerConnector@3ae126d1{HTTP/1.1,[http/1.1]}{0.0.0.0:0}
2019-09-25 07:28:02,205 [main] INFO  handler.ContextHandler (ContextHandler.java:doStop(910)) - Stopped o.e.j.s.ServletContextHandler@6a2c717f{/static,jar:file:/home/user/.m2/repository/org/apache/hadoop/hadoop-hdds-container-service/0.5.0-SNAPSHOT/hadoop-hdds-container-service-0.5.0-SNAPSHOT.jar!/webapps/static,UNAVAILABLE}
2019-09-25 07:28:02,208 [main] INFO  handler.ContextHandler (ContextHandler.java:doStop(910)) - Stopped o.e.j.s.ServletContextHandler@41dc0598{/logs,file:///workdir/hadoop-ozone/ozonefs/target/log,UNAVAILABLE}
2019-09-25 07:28:02,209 [ForkJoinPool.commonPool-worker-1] INFO  statemachine.DatanodeStateMachine (DatanodeStateMachine.java:stopDaemon(395)) - Ozone container server stopped.
2019-09-25 07:28:02,215 [ForkJoinPool.commonPool-worker-1] INFO  handler.ContextHandler (ContextHandler.java:doStop(910)) - Stopped o.e.j.w.WebAppContext@97d0c06{/,null,UNAVAILABLE}{/hddsDatanode}
2019-09-25 07:28:02,215 [ForkJoinPool.commonPool-worker-1] INFO  server.AbstractConnector (AbstractConnector.java:doStop(318)) - Stopped ServerConnector@5e7c141d{HTTP/1.1,[http/1.1]}{0.0.0.0:0}
2019-09-25 07:28:02,217 [ForkJoinPool.commonPool-worker-1] INFO  handler.ContextHandler (ContextHandler.java:doStop(910)) - Stopped o.e.j.s.ServletContextHandler@118ffcfd{/static,jar:file:/home/user/.m2/repository/org/apache/hadoop/hadoop-hdds-container-service/0.5.0-SNAPSHOT/hadoop-hdds-container-service-0.5.0-SNAPSHOT.jar!/webapps/static,UNAVAILABLE}
2019-09-25 07:28:02,218 [ForkJoinPool.commonPool-worker-1] INFO  handler.ContextHandler (ContextHandler.java:doStop(910)) - Stopped o.e.j.s.ServletContextHandler@5a6fa56e{/logs,file:///workdir/hadoop-ozone/ozonefs/target/log,UNAVAILABLE}
2019-09-25 07:28:02,418 [Datanode State Machine Thread - 0] INFO  statemachine.DatanodeStateMachine (DatanodeStateMachine.java:lambda$startDaemon$0(350)) - Ozone container server started.
2019-09-25 07:28:02,804 [Datanode State Machine Thread - 0] INFO  statemachine.DatanodeStateMachine (DatanodeStateMachine.java:lambda$startDaemon$0(350)) - Ozone container server started.
2019-09-25 07:28:07,215 [main] INFO  ozoneimpl.OzoneContainer (OzoneContainer.java:stop(231)) - Attempting to stop container services.
2019-09-25 07:28:07,216 [main] INFO  impl.RaftServerProxy (RaftServerProxy.java:lambda$close$4(314)) - a0827fcf-c5ce-4373-8734-1ec063924bc7: close
2019-09-25 07:28:07,217 [main] INFO  impl.RaftServerImpl (RaftServerImpl.java:lambda$shutdown$3(251)) - a0827fcf-c5ce-4373-8734-1ec063924bc7@group-F6BF018D65DF: shutdown
2019-09-25 07:28:07,217 [main] INFO  util.JmxRegister (JmxRegister.java:unregister(73)) - Successfully un-registered JMX Bean with object name Ratis:service=RaftServer,group=group-F6BF018D65DF,id=a0827fcf-c5ce-4373-8734-1ec063924bc7
2019-09-25 07:28:07,218 [main] INFO  impl.RoleInfo (RoleInfo.java:shutdownLeaderState(104)) - a0827fcf-c5ce-4373-8734-1ec063924bc7: shutdown LeaderState
2019-09-25 07:28:07,218 [main] INFO  impl.PendingRequests (PendingRequests.java:sendNotLeaderResponses(202)) - a0827fcf-c5ce-4373-8734-1ec063924bc7-PendingRequests: sendNotLeaderResponses
2019-09-25 07:28:07,219 [main] INFO  impl.StateMachineUpdater (StateMachineUpdater.java:stopAndJoin(125)) - a0827fcf-c5ce-4373-8734-1ec063924bc7@group-F6BF018D65DF-StateMachineUpdater: set stopIndex = 0
2019-09-25 07:28:07,219 [main] INFO  impl.RaftServerImpl (ServerState.java:close(385)) - a0827fcf-c5ce-4373-8734-1ec063924bc7@group-F6BF018D65DF: closes. applyIndex: 0
2019-09-25 07:28:07,220 [ForkJoinPool.commonPool-worker-1] INFO  ozoneimpl.OzoneContainer (OzoneContainer.java:stop(231)) - Attempting to stop container services.
2019-09-25 07:28:07,220 [a0827fcf-c5ce-4373-8734-1ec063924bc7@group-F6BF018D65DF-SegmentedRaftLogWorker] INFO  segmented.SegmentedRaftLogWorker (SegmentedRaftLogWorker.java:run(313)) - a0827fcf-c5ce-4373-8734-1ec063924bc7@group-F6BF018D65DF-SegmentedRaftLogWorker was interrupted, exiting. There are 0 tasks remaining in the queue.
2019-09-25 07:28:07,221 [ForkJoinPool.commonPool-worker-1] INFO  impl.RaftServerProxy (RaftServerProxy.java:lambda$close$4(314)) - 9cc18591-be2f-448e-af7e-d5f4fba8f5f7: close
2019-09-25 07:28:07,221 [main] INFO  segmented.SegmentedRaftLogWorker (SegmentedRaftLogWorker.java:close(228)) - a0827fcf-c5ce-4373-8734-1ec063924bc7@group-F6BF018D65DF-SegmentedRaftLogWorker close()
2019-09-25 07:28:07,221 [ForkJoinPool.commonPool-worker-1] INFO  impl.RaftServerImpl (RaftServerImpl.java:lambda$shutdown$3(251)) - 9cc18591-be2f-448e-af7e-d5f4fba8f5f7@group-F2A0DCBBDCF5: shutdown
2019-09-25 07:28:07,222 [main] INFO  impl.RaftServerImpl (RaftServerImpl.java:lambda$shutdown$3(251)) - a0827fcf-c5ce-4373-8734-1ec063924bc7@group-007998005EE4: shutdown
2019-09-25 07:28:07,222 [ForkJoinPool.commonPool-worker-1] INFO  util.JmxRegister (JmxRegister.java:unregister(73)) - Successfully un-registered JMX Bean with object name Ratis:service=RaftServer,group=group-F2A0DCBBDCF5,id=9cc18591-be2f-448e-af7e-d5f4fba8f5f7
2019-09-25 07:28:07,222 [main] INFO  util.JmxRegister (JmxRegister.java:unregister(73)) - Successfully un-registered JMX Bean with object name Ratis:service=RaftServer,group=group-007998005EE4,id=a0827fcf-c5ce-4373-8734-1ec063924bc7
2019-09-25 07:28:07,222 [ForkJoinPool.commonPool-worker-1] INFO  impl.RoleInfo (RoleInfo.java:shutdownLeaderState(104)) - 9cc18591-be2f-448e-af7e-d5f4fba8f5f7: shutdown LeaderState
2019-09-25 07:28:07,223 [main] INFO  impl.RoleInfo (RoleInfo.java:shutdownLeaderState(104)) - a0827fcf-c5ce-4373-8734-1ec063924bc7: shutdown LeaderState
2019-09-25 07:28:07,223 [ForkJoinPool.commonPool-worker-1] INFO  impl.PendingRequests (PendingRequests.java:sendNotLeaderResponses(202)) - 9cc18591-be2f-448e-af7e-d5f4fba8f5f7-PendingRequests: sendNotLeaderResponses
2019-09-25 07:28:07,224 [main] INFO  impl.PendingRequests (PendingRequests.java:sendNotLeaderResponses(202)) - a0827fcf-c5ce-4373-8734-1ec063924bc7-PendingRequests: sendNotLeaderResponses
2019-09-25 07:28:07,224 [ForkJoinPool.commonPool-worker-1] INFO  impl.StateMachineUpdater (StateMachineUpdater.java:stopAndJoin(125)) - 9cc18591-be2f-448e-af7e-d5f4fba8f5f7@group-F2A0DCBBDCF5-StateMachineUpdater: set stopIndex = 0
2019-09-25 07:28:07,225 [main] INFO  impl.StateMachineUpdater (StateMachineUpdater.java:stopAndJoin(125)) - a0827fcf-c5ce-4373-8734-1ec063924bc7@group-007998005EE4-StateMachineUpdater: set stopIndex = 0
2019-09-25 07:28:07,225 [ForkJoinPool.commonPool-worker-1] INFO  impl.RaftServerImpl (ServerState.java:close(385)) - 9cc18591-be2f-448e-af7e-d5f4fba8f5f7@group-F2A0DCBBDCF5: closes. applyIndex: 0
2019-09-25 07:28:07,225 [main] INFO  impl.RaftServerImpl (ServerState.java:close(385)) - a0827fcf-c5ce-4373-8734-1ec063924bc7@group-007998005EE4: closes. applyIndex: 0
2019-09-25 07:28:07,226 [9cc18591-be2f-448e-af7e-d5f4fba8f5f7@group-F2A0DCBBDCF5-SegmentedRaftLogWorker] INFO  segmented.SegmentedRaftLogWorker (SegmentedRaftLogWorker.java:run(313)) - 9cc18591-be2f-448e-af7e-d5f4fba8f5f7@group-F2A0DCBBDCF5-SegmentedRaftLogWorker was interrupted, exiting. There are 0 tasks remaining in the queue.
2019-09-25 07:28:07,226 [a0827fcf-c5ce-4373-8734-1ec063924bc7@group-007998005EE4-SegmentedRaftLogWorker] INFO  segmented.SegmentedRaftLogWorker (SegmentedRaftLogWorker.java:run(313)) - a0827fcf-c5ce-4373-8734-1ec063924bc7@group-007998005EE4-SegmentedRaftLogWorker was interrupted, exiting. There are 0 tasks remaining in the queue.
2019-09-25 07:28:07,226 [ForkJoinPool.commonPool-worker-1] INFO  segmented.SegmentedRaftLogWorker (SegmentedRaftLogWorker.java:close(228)) - 9cc18591-be2f-448e-af7e-d5f4fba8f5f7@group-F2A0DCBBDCF5-SegmentedRaftLogWorker close()
2019-09-25 07:28:07,226 [main] INFO  segmented.SegmentedRaftLogWorker (SegmentedRaftLogWorker.java:close(228)) - a0827fcf-c5ce-4373-8734-1ec063924bc7@group-007998005EE4-SegmentedRaftLogWorker close()
2019-09-25 07:28:07,227 [ForkJoinPool.commonPool-worker-1] INFO  impl.RaftServerImpl (RaftServerImpl.java:lambda$shutdown$3(251)) - 9cc18591-be2f-448e-af7e-d5f4fba8f5f7@group-08478D7625A7: shutdown
2019-09-25 07:28:07,227 [main] INFO  impl.RaftServerImpl (RaftServerImpl.java:lambda$shutdown$3(251)) - a0827fcf-c5ce-4373-8734-1ec063924bc7@group-22646A2D522A: shutdown
2019-09-25 07:28:07,227 [ForkJoinPool.commonPool-worker-1] INFO  util.JmxRegister (JmxRegister.java:unregister(73)) - Successfully un-registered JMX Bean with object name Ratis:service=RaftServer,group=group-08478D7625A7,id=9cc18591-be2f-448e-af7e-d5f4fba8f5f7
2019-09-25 07:28:07,228 [main] INFO  util.JmxRegister (JmxRegister.java:unregister(73)) - Successfully un-registered JMX Bean with object name Ratis:service=RaftServer,group=group-22646A2D522A,id=a0827fcf-c5ce-4373-8734-1ec063924bc7
2019-09-25 07:28:07,228 [ForkJoinPool.commonPool-worker-1] INFO  impl.RoleInfo (RoleInfo.java:shutdownLeaderState(104)) - 9cc18591-be2f-448e-af7e-d5f4fba8f5f7: shutdown LeaderState
2019-09-25 07:28:07,228 [main] INFO  impl.RoleInfo (RoleInfo.java:shutdownLeaderState(104)) - a0827fcf-c5ce-4373-8734-1ec063924bc7: shutdown LeaderState
2019-09-25 07:28:07,229 [ForkJoinPool.commonPool-worker-1] INFO  impl.PendingRequests (PendingRequests.java:sendNotLeaderResponses(202)) - 9cc18591-be2f-448e-af7e-d5f4fba8f5f7-PendingRequests: sendNotLeaderResponses
2019-09-25 07:28:07,229 [main] INFO  impl.PendingRequests (PendingRequests.java:sendNotLeaderResponses(202)) - a0827fcf-c5ce-4373-8734-1ec063924bc7-PendingRequests: sendNotLeaderResponses
2019-09-25 07:28:07,230 [ForkJoinPool.commonPool-worker-1] INFO  impl.StateMachineUpdater (StateMachineUpdater.java:stopAndJoin(125)) - 9cc18591-be2f-448e-af7e-d5f4fba8f5f7@group-08478D7625A7-StateMachineUpdater: set stopIndex = 0
2019-09-25 07:28:07,230 [main] INFO  impl.StateMachineUpdater (StateMachineUpdater.java:stopAndJoin(125)) - a0827fcf-c5ce-4373-8734-1ec063924bc7@group-22646A2D522A-StateMachineUpdater: set stopIndex = 0
2019-09-25 07:28:07,231 [main] INFO  impl.RaftServerImpl (ServerState.java:close(385)) - a0827fcf-c5ce-4373-8734-1ec063924bc7@group-22646A2D522A: closes. applyIndex: 0
2019-09-25 07:28:07,230 [ForkJoinPool.commonPool-worker-1] INFO  impl.RaftServerImpl (ServerState.java:close(385)) - 9cc18591-be2f-448e-af7e-d5f4fba8f5f7@group-08478D7625A7: closes. applyIndex: 0
2019-09-25 07:28:07,231 [a0827fcf-c5ce-4373-8734-1ec063924bc7@group-22646A2D522A-SegmentedRaftLogWorker] INFO  segmented.SegmentedRaftLogWorker (SegmentedRaftLogWorker.java:run(313)) - a0827fcf-c5ce-4373-8734-1ec063924bc7@group-22646A2D522A-SegmentedRaftLogWorker was interrupted, exiting. There are 0 tasks remaining in the queue.
2019-09-25 07:28:07,232 [9cc18591-be2f-448e-af7e-d5f4fba8f5f7@group-08478D7625A7-SegmentedRaftLogWorker] INFO  segmented.SegmentedRaftLogWorker (SegmentedRaftLogWorker.java:run(313)) - 9cc18591-be2f-448e-af7e-d5f4fba8f5f7@group-08478D7625A7-SegmentedRaftLogWorker was interrupted, exiting. There are 0 tasks remaining in the queue.
2019-09-25 07:28:07,232 [main] INFO  segmented.SegmentedRaftLogWorker (SegmentedRaftLogWorker.java:close(228)) - a0827fcf-c5ce-4373-8734-1ec063924bc7@group-22646A2D522A-SegmentedRaftLogWorker close()
2019-09-25 07:28:07,232 [ForkJoinPool.commonPool-worker-1] INFO  segmented.SegmentedRaftLogWorker (SegmentedRaftLogWorker.java:close(228)) - 9cc18591-be2f-448e-af7e-d5f4fba8f5f7@group-08478D7625A7-SegmentedRaftLogWorker close()
2019-09-25 07:28:07,232 [main] INFO  impl.RaftServerImpl (RaftServerImpl.java:lambda$shutdown$3(251)) - a0827fcf-c5ce-4373-8734-1ec063924bc7@group-B1F9B620592A: shutdown
2019-09-25 07:28:07,232 [ForkJoinPool.commonPool-worker-1] INFO  impl.RaftServerImpl (RaftServerImpl.java:lambda$shutdown$3(251)) - 9cc18591-be2f-448e-af7e-d5f4fba8f5f7@group-CED277E4A4BD: shutdown
2019-09-25 07:28:07,233 [main] INFO  util.JmxRegister (JmxRegister.java:unregister(73)) - Successfully un-registered JMX Bean with object name Ratis:service=RaftServer,group=group-B1F9B620592A,id=a0827fcf-c5ce-4373-8734-1ec063924bc7
2019-09-25 07:28:07,233 [main] INFO  impl.RoleInfo (RoleInfo.java:shutdownLeaderState(104)) - a0827fcf-c5ce-4373-8734-1ec063924bc7: shutdown LeaderState
2019-09-25 07:28:07,233 [ForkJoinPool.commonPool-worker-1] INFO  util.JmxRegister (JmxRegister.java:unregister(73)) - Successfully un-registered JMX Bean with object name Ratis:service=RaftServer,group=group-CED277E4A4BD,id=9cc18591-be2f-448e-af7e-d5f4fba8f5f7
2019-09-25 07:28:07,234 [main] INFO  impl.PendingRequests (PendingRequests.java:sendNotLeaderResponses(202)) - a0827fcf-c5ce-4373-8734-1ec063924bc7-PendingRequests: sendNotLeaderResponses
2019-09-25 07:28:07,234 [ForkJoinPool.commonPool-worker-1] INFO  impl.RoleInfo (RoleInfo.java:shutdownLeaderState(104)) - 9cc18591-be2f-448e-af7e-d5f4fba8f5f7: shutdown LeaderState
2019-09-25 07:28:07,235 [main] INFO  impl.StateMachineUpdater (StateMachineUpdater.java:stopAndJoin(125)) - a0827fcf-c5ce-4373-8734-1ec063924bc7@group-B1F9B620592A-StateMachineUpdater: set stopIndex = 0
2019-09-25 07:28:07,235 [ForkJoinPool.commonPool-worker-1] INFO  impl.PendingRequests (PendingRequests.java:sendNotLeaderResponses(202)) - 9cc18591-be2f-448e-af7e-d5f4fba8f5f7-PendingRequests: sendNotLeaderResponses
2019-09-25 07:28:07,235 [main] INFO  impl.RaftServerImpl (ServerState.java:close(385)) - a0827fcf-c5ce-4373-8734-1ec063924bc7@group-B1F9B620592A: closes. applyIndex: 0
2019-09-25 07:28:07,236 [ForkJoinPool.commonPool-worker-1] INFO  impl.StateMachineUpdater (StateMachineUpdater.java:stopAndJoin(125)) - 9cc18591-be2f-448e-af7e-d5f4fba8f5f7@group-CED277E4A4BD-StateMachineUpdater: set stopIndex = 0
2019-09-25 07:28:07,236 [ForkJoinPool.commonPool-worker-1] INFO  impl.RaftServerImpl (ServerState.java:close(385)) - 9cc18591-be2f-448e-af7e-d5f4fba8f5f7@group-CED277E4A4BD: closes. applyIndex: 0
2019-09-25 07:28:07,236 [a0827fcf-c5ce-4373-8734-1ec063924bc7@group-B1F9B620592A-SegmentedRaftLogWorker] INFO  segmented.SegmentedRaftLogWorker (SegmentedRaftLogWorker.java:run(313)) - a0827fcf-c5ce-4373-8734-1ec063924bc7@group-B1F9B620592A-SegmentedRaftLogWorker was interrupted, exiting. There are 0 tasks remaining in the queue.
2019-09-25 07:28:07,237 [main] INFO  segmented.SegmentedRaftLogWorker (SegmentedRaftLogWorker.java:close(228)) - a0827fcf-c5ce-4373-8734-1ec063924bc7@group-B1F9B620592A-SegmentedRaftLogWorker close()
2019-09-25 07:28:07,237 [9cc18591-be2f-448e-af7e-d5f4fba8f5f7@group-CED277E4A4BD-SegmentedRaftLogWorker] INFO  segmented.SegmentedRaftLogWorker (SegmentedRaftLogWorker.java:run(313)) - 9cc18591-be2f-448e-af7e-d5f4fba8f5f7@group-CED277E4A4BD-SegmentedRaftLogWorker was interrupted, exiting. There are 0 tasks remaining in the queue.
2019-09-25 07:28:07,237 [main] INFO  impl.RaftServerImpl (RaftServerImpl.java:lambda$shutdown$3(251)) - a0827fcf-c5ce-4373-8734-1ec063924bc7@group-B7CD3802F1CF: shutdown
2019-09-25 07:28:07,238 [ForkJoinPool.commonPool-worker-1] INFO  segmented.SegmentedRaftLogWorker (SegmentedRaftLogWorker.java:close(228)) - 9cc18591-be2f-448e-af7e-d5f4fba8f5f7@group-CED277E4A4BD-SegmentedRaftLogWorker close()
2019-09-25 07:28:07,238 [main] INFO  util.JmxRegister (JmxRegister.java:unregister(73)) - Successfully un-registered JMX Bean with object name Ratis:service=RaftServer,group=group-B7CD3802F1CF,id=a0827fcf-c5ce-4373-8734-1ec063924bc7
2019-09-25 07:28:07,238 [ForkJoinPool.commonPool-worker-1] INFO  impl.RaftServerImpl (RaftServerImpl.java:lambda$shutdown$3(251)) - 9cc18591-be2f-448e-af7e-d5f4fba8f5f7@group-6BDAEA0EFC0C: shutdown
2019-09-25 07:28:07,238 [main] INFO  impl.RoleInfo (RoleInfo.java:shutdownLeaderState(104)) - a0827fcf-c5ce-4373-8734-1ec063924bc7: shutdown LeaderState
2019-09-25 07:28:07,239 [ForkJoinPool.commonPool-worker-1] INFO  util.JmxRegister (JmxRegister.java:unregister(73)) - Successfully un-registered JMX Bean with object name Ratis:service=RaftServer,group=group-6BDAEA0EFC0C,id=9cc18591-be2f-448e-af7e-d5f4fba8f5f7
2019-09-25 07:28:07,239 [main] INFO  impl.PendingRequests (PendingRequests.java:sendNotLeaderResponses(202)) - a0827fcf-c5ce-4373-8734-1ec063924bc7-PendingRequests: sendNotLeaderResponses
2019-09-25 07:28:07,239 [ForkJoinPool.commonPool-worker-1] INFO  impl.RoleInfo (RoleInfo.java:shutdownLeaderState(104)) - 9cc18591-be2f-448e-af7e-d5f4fba8f5f7: shutdown LeaderState
2019-09-25 07:28:07,240 [main] INFO  impl.StateMachineUpdater (StateMachineUpdater.java:stopAndJoin(125)) - a0827fcf-c5ce-4373-8734-1ec063924bc7@group-B7CD3802F1CF-StateMachineUpdater: set stopIndex = 0
2019-09-25 07:28:07,240 [main] INFO  impl.RaftServerImpl (ServerState.java:close(385)) - a0827fcf-c5ce-4373-8734-1ec063924bc7@group-B7CD3802F1CF: closes. applyIndex: 0
2019-09-25 07:28:07,240 [ForkJoinPool.commonPool-worker-1] INFO  impl.PendingRequests (PendingRequests.java:sendNotLeaderResponses(202)) - 9cc18591-be2f-448e-af7e-d5f4fba8f5f7-PendingRequests: sendNotLeaderResponses
2019-09-25 07:28:07,241 [a0827fcf-c5ce-4373-8734-1ec063924bc7@group-B7CD3802F1CF-SegmentedRaftLogWorker] INFO  segmented.SegmentedRaftLogWorker (SegmentedRaftLogWorker.java:run(313)) - a0827fcf-c5ce-4373-8734-1ec063924bc7@group-B7CD3802F1CF-SegmentedRaftLogWorker was interrupted, exiting. There are 0 tasks remaining in the queue.
2019-09-25 07:28:07,241 [ForkJoinPool.commonPool-worker-1] INFO  impl.StateMachineUpdater (StateMachineUpdater.java:stopAndJoin(125)) - 9cc18591-be2f-448e-af7e-d5f4fba8f5f7@group-6BDAEA0EFC0C-StateMachineUpdater: set stopIndex = 0
2019-09-25 07:28:07,241 [main] INFO  segmented.SegmentedRaftLogWorker (SegmentedRaftLogWorker.java:close(228)) - a0827fcf-c5ce-4373-8734-1ec063924bc7@group-B7CD3802F1CF-SegmentedRaftLogWorker close()
2019-09-25 07:28:07,242 [ForkJoinPool.commonPool-worker-1] INFO  impl.RaftServerImpl (ServerState.java:close(385)) - 9cc18591-be2f-448e-af7e-d5f4fba8f5f7@group-6BDAEA0EFC0C: closes. applyIndex: 0
2019-09-25 07:28:07,242 [main] INFO  impl.RaftServerImpl (RaftServerImpl.java:lambda$shutdown$3(251)) - a0827fcf-c5ce-4373-8734-1ec063924bc7@group-282282316310: shutdown
2019-09-25 07:28:07,242 [9cc18591-be2f-448e-af7e-d5f4fba8f5f7@group-6BDAEA0EFC0C-SegmentedRaftLogWorker] INFO  segmented.SegmentedRaftLogWorker (SegmentedRaftLogWorker.java:run(313)) - 9cc18591-be2f-448e-af7e-d5f4fba8f5f7@group-6BDAEA0EFC0C-SegmentedRaftLogWorker was interrupted, exiting. There are 0 tasks remaining in the queue.
2019-09-25 07:28:07,243 [main] INFO  util.JmxRegister (JmxRegister.java:unregister(73)) - Successfully un-registered JMX Bean with object name Ratis:service=RaftServer,group=group-282282316310,id=a0827fcf-c5ce-4373-8734-1ec063924bc7
2019-09-25 07:28:07,243 [main] INFO  impl.RoleInfo (RoleInfo.java:shutdownLeaderState(104)) - a0827fcf-c5ce-4373-8734-1ec063924bc7: shutdown LeaderState
2019-09-25 07:28:07,243 [ForkJoinPool.commonPool-worker-1] INFO  segmented.SegmentedRaftLogWorker (SegmentedRaftLogWorker.java:close(228)) - 9cc18591-be2f-448e-af7e-d5f4fba8f5f7@group-6BDAEA0EFC0C-SegmentedRaftLogWorker close()
2019-09-25 07:28:07,244 [main] INFO  impl.PendingRequests (PendingRequests.java:sendNotLeaderResponses(202)) - a0827fcf-c5ce-4373-8734-1ec063924bc7-PendingRequests: sendNotLeaderResponses
2019-09-25 07:28:07,244 [ForkJoinPool.commonPool-worker-1] INFO  impl.RaftServerImpl (RaftServerImpl.java:lambda$shutdown$3(251)) - 9cc18591-be2f-448e-af7e-d5f4fba8f5f7@group-C33CCBC3CE50: shutdown
2019-09-25 07:28:07,244 [main] INFO  impl.StateMachineUpdater (StateMachineUpdater.java:stopAndJoin(125)) - a0827fcf-c5ce-4373-8734-1ec063924bc7@group-282282316310-StateMachineUpdater: set stopIndex = 0
2019-09-25 07:28:07,245 [main] INFO  impl.RaftServerImpl (ServerState.java:close(385)) - a0827fcf-c5ce-4373-8734-1ec063924bc7@group-282282316310: closes. applyIndex: 0
2019-09-25 07:28:07,245 [ForkJoinPool.commonPool-worker-1] INFO  util.JmxRegister (JmxRegister.java:unregister(73)) - Successfully un-registered JMX Bean with object name Ratis:service=RaftServer,group=group-C33CCBC3CE50,id=9cc18591-be2f-448e-af7e-d5f4fba8f5f7
2019-09-25 07:28:07,245 [a0827fcf-c5ce-4373-8734-1ec063924bc7@group-282282316310-SegmentedRaftLogWorker] INFO  segmented.SegmentedRaftLogWorker (SegmentedRaftLogWorker.java:run(313)) - a0827fcf-c5ce-4373-8734-1ec063924bc7@group-282282316310-SegmentedRaftLogWorker was interrupted, exiting. There are 0 tasks remaining in the queue.
2019-09-25 07:28:07,246 [ForkJoinPool.commonPool-worker-1] INFO  impl.RoleInfo (RoleInfo.java:shutdownLeaderState(104)) - 9cc18591-be2f-448e-af7e-d5f4fba8f5f7: shutdown LeaderState
2019-09-25 07:28:07,246 [main] INFO  segmented.SegmentedRaftLogWorker (SegmentedRaftLogWorker.java:close(228)) - a0827fcf-c5ce-4373-8734-1ec063924bc7@group-282282316310-SegmentedRaftLogWorker close()
2019-09-25 07:28:07,246 [ForkJoinPool.commonPool-worker-1] INFO  impl.PendingRequests (PendingRequests.java:sendNotLeaderResponses(202)) - 9cc18591-be2f-448e-af7e-d5f4fba8f5f7-PendingRequests: sendNotLeaderResponses
2019-09-25 07:28:07,247 [main] INFO  server.GrpcService (GrpcService.java:closeImpl(164)) - a0827fcf-c5ce-4373-8734-1ec063924bc7: shutdown server with port 34656 now
2019-09-25 07:28:07,247 [ForkJoinPool.commonPool-worker-1] INFO  impl.StateMachineUpdater (StateMachineUpdater.java:stopAndJoin(125)) - 9cc18591-be2f-448e-af7e-d5f4fba8f5f7@group-C33CCBC3CE50-StateMachineUpdater: set stopIndex = 0
2019-09-25 07:28:07,247 [ForkJoinPool.commonPool-worker-1] INFO  impl.RaftServerImpl (ServerState.java:close(385)) - 9cc18591-be2f-448e-af7e-d5f4fba8f5f7@group-C33CCBC3CE50: closes. applyIndex: 0
2019-09-25 07:28:07,250 [main] INFO  server.GrpcService (GrpcService.java:closeImpl(172)) - a0827fcf-c5ce-4373-8734-1ec063924bc7: shutdown server with port 34656 successfully
2019-09-25 07:28:07,250 [9cc18591-be2f-448e-af7e-d5f4fba8f5f7@group-C33CCBC3CE50-SegmentedRaftLogWorker] INFO  segmented.SegmentedRaftLogWorker (SegmentedRaftLogWorker.java:run(313)) - 9cc18591-be2f-448e-af7e-d5f4fba8f5f7@group-C33CCBC3CE50-SegmentedRaftLogWorker was interrupted, exiting. There are 0 tasks remaining in the queue.
2019-09-25 07:28:07,251 [ForkJoinPool.commonPool-worker-1] INFO  segmented.SegmentedRaftLogWorker (SegmentedRaftLogWorker.java:close(228)) - 9cc18591-be2f-448e-af7e-d5f4fba8f5f7@group-C33CCBC3CE50-SegmentedRaftLogWorker close()
2019-09-25 07:28:07,251 [ForkJoinPool.commonPool-worker-1] INFO  impl.RaftServerImpl (RaftServerImpl.java:lambda$shutdown$3(251)) - 9cc18591-be2f-448e-af7e-d5f4fba8f5f7@group-1BB00B411B38: shutdown
2019-09-25 07:28:07,251 [ForkJoinPool.commonPool-worker-1] INFO  util.JmxRegister (JmxRegister.java:unregister(73)) - Successfully un-registered JMX Bean with object name Ratis:service=RaftServer,group=group-1BB00B411B38,id=9cc18591-be2f-448e-af7e-d5f4fba8f5f7
2019-09-25 07:28:07,252 [ForkJoinPool.commonPool-worker-1] INFO  impl.RoleInfo (RoleInfo.java:shutdownLeaderState(104)) - 9cc18591-be2f-448e-af7e-d5f4fba8f5f7: shutdown LeaderState
2019-09-25 07:28:07,252 [ForkJoinPool.commonPool-worker-1] INFO  impl.PendingRequests (PendingRequests.java:sendNotLeaderResponses(202)) - 9cc18591-be2f-448e-af7e-d5f4fba8f5f7-PendingRequests: sendNotLeaderResponses
2019-09-25 07:28:07,252 [refreshUsed-/workdir/hadoop-ozone/ozonefs/target/test-dir/MiniOzoneClusterImpl-336849c0-54e0-42a2-92e3-a8dd7e6e8d6a/datanode-7/data/containers] WARN  fs.CachingGetSpaceUsed (CachingGetSpaceUsed.java:run(183)) - Thread Interrupted waiting to refresh disk information: sleep interrupted
2019-09-25 07:28:07,252 [ForkJoinPool.commonPool-worker-1] INFO  impl.StateMachineUpdater (StateMachineUpdater.java:stopAndJoin(125)) - 9cc18591-be2f-448e-af7e-d5f4fba8f5f7@group-1BB00B411B38-StateMachineUpdater: set stopIndex = 0
2019-09-25 07:28:07,253 [ForkJoinPool.commonPool-worker-1] INFO  impl.RaftServerImpl (ServerState.java:close(385)) - 9cc18591-be2f-448e-af7e-d5f4fba8f5f7@group-1BB00B411B38: closes. applyIndex: 0
2019-09-25 07:28:07,253 [9cc18591-be2f-448e-af7e-d5f4fba8f5f7@group-1BB00B411B38-SegmentedRaftLogWorker] INFO  segmented.SegmentedRaftLogWorker (SegmentedRaftLogWorker.java:run(313)) - 9cc18591-be2f-448e-af7e-d5f4fba8f5f7@group-1BB00B411B38-SegmentedRaftLogWorker was interrupted, exiting. There are 0 tasks remaining in the queue.
2019-09-25 07:28:07,254 [ForkJoinPool.commonPool-worker-1] INFO  segmented.SegmentedRaftLogWorker (SegmentedRaftLogWorker.java:close(228)) - 9cc18591-be2f-448e-af7e-d5f4fba8f5f7@group-1BB00B411B38-SegmentedRaftLogWorker close()
2019-09-25 07:28:07,254 [ForkJoinPool.commonPool-worker-1] INFO  server.GrpcService (GrpcService.java:closeImpl(164)) - 9cc18591-be2f-448e-af7e-d5f4fba8f5f7: shutdown server with port 36443 now
2019-09-25 07:28:07,256 [ForkJoinPool.commonPool-worker-1] INFO  server.GrpcService (GrpcService.java:closeImpl(172)) - 9cc18591-be2f-448e-af7e-d5f4fba8f5f7: shutdown server with port 36443 successfully
2019-09-25 07:28:07,264 [refreshUsed-/workdir/hadoop-ozone/ozonefs/target/test-dir/MiniOzoneClusterImpl-336849c0-54e0-42a2-92e3-a8dd7e6e8d6a/datanode-1/data/containers] WARN  fs.CachingGetSpaceUsed (CachingGetSpaceUsed.java:run(183)) - Thread Interrupted waiting to refresh disk information: sleep interrupted
2019-09-25 07:28:07,283 [main] INFO  utils.BackgroundService (BackgroundService.java:shutdown(148)) - Shutting down service BlockDeletingService
2019-09-25 07:28:07,288 [main] INFO  statemachine.DatanodeStateMachine (DatanodeStateMachine.java:stopDaemon(395)) - Ozone container server stopped.
2019-09-25 07:28:07,289 [main] INFO  handler.ContextHandler (ContextHandler.java:doStop(910)) - Stopped o.e.j.w.WebAppContext@4c7e978c{/,null,UNAVAILABLE}{/hddsDatanode}
2019-09-25 07:28:07,290 [main] INFO  server.AbstractConnector (AbstractConnector.java:doStop(318)) - Stopped ServerConnector@354e7004{HTTP/1.1,[http/1.1]}{0.0.0.0:0}
2019-09-25 07:28:07,290 [main] INFO  handler.ContextHandler (ContextHandler.java:doStop(910)) - Stopped o.e.j.s.ServletContextHandler@64aad809{/static,jar:file:/home/user/.m2/repository/org/apache/hadoop/hadoop-hdds-container-service/0.5.0-SNAPSHOT/hadoop-hdds-container-service-0.5.0-SNAPSHOT.jar!/webapps/static,UNAVAILABLE}
2019-09-25 07:28:07,291 [main] INFO  handler.ContextHandler (ContextHandler.java:doStop(910)) - Stopped o.e.j.s.ServletContextHandler@7f1ef916{/logs,file:///workdir/hadoop-ozone/ozonefs/target/log,UNAVAILABLE}
2019-09-25 07:28:07,294 [ForkJoinPool.commonPool-worker-1] INFO  utils.BackgroundService (BackgroundService.java:shutdown(148)) - Shutting down service BlockDeletingService
2019-09-25 07:28:07,297 [ForkJoinPool.commonPool-worker-1] INFO  statemachine.DatanodeStateMachine (DatanodeStateMachine.java:stopDaemon(395)) - Ozone container server stopped.
2019-09-25 07:28:07,301 [ForkJoinPool.commonPool-worker-1] INFO  handler.ContextHandler (ContextHandler.java:doStop(910)) - Stopped o.e.j.w.WebAppContext@60c8a093{/,null,UNAVAILABLE}{/hddsDatanode}
2019-09-25 07:28:07,302 [ForkJoinPool.commonPool-worker-1] INFO  server.AbstractConnector (AbstractConnector.java:doStop(318)) - Stopped ServerConnector@44cffc25{HTTP/1.1,[http/1.1]}{0.0.0.0:0}
2019-09-25 07:28:07,303 [ForkJoinPool.commonPool-worker-1] INFO  handler.ContextHandler (ContextHandler.java:doStop(910)) - Stopped o.e.j.s.ServletContextHandler@2f897dab{/static,jar:file:/home/user/.m2/repository/org/apache/hadoop/hadoop-hdds-container-service/0.5.0-SNAPSHOT/hadoop-hdds-container-service-0.5.0-SNAPSHOT.jar!/webapps/static,UNAVAILABLE}
2019-09-25 07:28:07,304 [ForkJoinPool.commonPool-worker-1] INFO  handler.ContextHandler (ContextHandler.java:doStop(910)) - Stopped o.e.j.s.ServletContextHandler@1687eb01{/logs,file:///workdir/hadoop-ozone/ozonefs/target/log,UNAVAILABLE}
2019-09-25 07:28:07,306 [main] INFO  ozone.MiniOzoneClusterImpl (MiniOzoneClusterImpl.java:stopSCM(392)) - Stopping the StorageContainerManager
2019-09-25 07:28:07,306 [main] INFO  server.StorageContainerManager (StorageContainerManager.java:stop(808)) - Stopping Replication Manager Service.
2019-09-25 07:28:07,306 [main] INFO  container.ReplicationManager (ReplicationManager.java:stop(204)) - Stopping Replication Monitor Thread.
2019-09-25 07:28:07,306 [main] INFO  server.StorageContainerManager (StorageContainerManager.java:stop(815)) - Stopping Lease Manager of the command watchers
2019-09-25 07:28:07,307 [main] INFO  server.StorageContainerManager (StorageContainerManager.java:stop(822)) - Stopping datanode service RPC server
2019-09-25 07:28:07,307 [main] INFO  server.SCMDatanodeProtocolServer (SCMDatanodeProtocolServer.java:stop(367)) - Stopping the RPC server for DataNodes
2019-09-25 07:28:07,307 [main] INFO  ipc.Server (Server.java:stop(3082)) - Stopping server on 42492
2019-09-25 07:28:07,309 [IPC Server Responder] INFO  ipc.Server (Server.java:run(1319)) - Stopping IPC Server Responder
2019-09-25 07:28:07,309 [IPC Server listener on 42492] INFO  ipc.Server (Server.java:run(1185)) - Stopping IPC Server listener on 42492
2019-09-25 07:28:07,342 [SCM Heartbeat Processing Thread - 0] WARN  node.NodeStateManager (NodeStateManager.java:scheduleNextHealthCheck(655)) - Current Thread is interrupted, shutting down HB processing thread for Node Manager.
2019-09-25 07:28:07,343 [main] INFO  server.StorageContainerManager (StorageContainerManager.java:stop(830)) - Stopping block service RPC server
2019-09-25 07:28:07,343 [main] INFO  server.SCMBlockProtocolServer (SCMBlockProtocolServer.java:stop(155)) - Stopping the RPC server for Block Protocol
2019-09-25 07:28:07,343 [main] INFO  ipc.Server (Server.java:stop(3082)) - Stopping server on 40953
2019-09-25 07:28:07,345 [main] INFO  server.StorageContainerManager (StorageContainerManager.java:stop(837)) - Stopping the StorageContainerLocationProtocol RPC server
2019-09-25 07:28:07,346 [IPC Server Responder] INFO  ipc.Server (Server.java:run(1319)) - Stopping IPC Server Responder
2019-09-25 07:28:07,346 [main] INFO  server.SCMClientProtocolServer (SCMClientProtocolServer.java:stop(159)) - Stopping the RPC server for Client Protocol
2019-09-25 07:28:07,346 [IPC Server listener on 40953] INFO  ipc.Server (Server.java:run(1185)) - Stopping IPC Server listener on 40953
2019-09-25 07:28:07,346 [main] INFO  ipc.Server (Server.java:stop(3082)) - Stopping server on 41344
2019-09-25 07:28:07,349 [IPC Server listener on 41344] INFO  ipc.Server (Server.java:run(1185)) - Stopping IPC Server listener on 41344
2019-09-25 07:28:07,349 [main] INFO  server.StorageContainerManager (StorageContainerManager.java:stop(844)) - Stopping Storage Container Manager HTTP server.
2019-09-25 07:28:07,349 [IPC Server Responder] INFO  ipc.Server (Server.java:run(1319)) - Stopping IPC Server Responder
2019-09-25 07:28:07,351 [main] INFO  handler.ContextHandler (ContextHandler.java:doStop(910)) - Stopped o.e.j.w.WebAppContext@2ca47471{/,null,UNAVAILABLE}{/scm}
2019-09-25 07:28:07,351 [main] INFO  server.AbstractConnector (AbstractConnector.java:doStop(318)) - Stopped ServerConnector@26b894bd{HTTP/1.1,[http/1.1]}{0.0.0.0:0}
2019-09-25 07:28:07,352 [main] INFO  handler.ContextHandler (ContextHandler.java:doStop(910)) - Stopped o.e.j.s.ServletContextHandler@640f11a1{/static,jar:file:/home/user/.m2/repository/org/apache/hadoop/hadoop-hdds-server-scm/0.5.0-SNAPSHOT/hadoop-hdds-server-scm-0.5.0-SNAPSHOT.jar!/webapps/static,UNAVAILABLE}
2019-09-25 07:28:07,352 [main] INFO  handler.ContextHandler (ContextHandler.java:doStop(910)) - Stopped o.e.j.s.ServletContextHandler@315f43d5{/logs,file:///workdir/hadoop-ozone/ozonefs/target/log,UNAVAILABLE}
2019-09-25 07:28:07,354 [main] INFO  server.StorageContainerManager (StorageContainerManager.java:stop(855)) - Stopping Block Manager Service.
2019-09-25 07:28:07,354 [main] INFO  utils.BackgroundService (BackgroundService.java:shutdown(148)) - Shutting down service SCMBlockDeletingService
2019-09-25 07:28:07,354 [main] INFO  utils.BackgroundService (BackgroundService.java:shutdown(148)) - Shutting down service SCMBlockDeletingService
2019-09-25 07:28:07,355 [main] INFO  server.StorageContainerManager (StorageContainerManager.java:stop(877)) - Stopping SCM Event Queue.
2019-09-25 07:28:07,363 [main] INFO  impl.MetricsSystemImpl (MetricsSystemImpl.java:stop(210)) - Stopping ratis metrics system...
2019-09-25 07:28:07,382 [prometheus] INFO  impl.MetricsSinkAdapter (MetricsSinkAdapter.java:publishMetricsFromQueue(141)) - prometheus thread interrupted.
2019-09-25 07:28:07,382 [main] INFO  impl.MetricsSystemImpl (MetricsSystemImpl.java:stop(216)) - ratis metrics system stopped.
]]></system-out>
    <system-err><![CDATA[ERROR StatusLogger No Log4j 2 configuration file found. Using default configuration (logging only errors to the console), or user programmatically provided configurations. Set system property 'log4j2.debug' to show Log4j 2 internal initialization logging. See https://logging.apache.org/log4j/2.x/manual/configuration.html for instructions on how to configure Log4j 2
]]></system-err>
  </testcase>
</testsuite>