<?xml version="1.0" encoding="UTF-8"?>
<testsuite xmlns:xsi="http://www.w3.org/2001/XMLSchema-instance" xsi:noNamespaceSchemaLocation="https://maven.apache.org/surefire/maven-surefire-plugin/xsd/surefire-test-report.xsd" name="org.apache.hadoop.fs.ozone.TestOzoneFileInterfaces" time="212.688" tests="12" errors="2" skipped="0" failures="0">
  <properties>
    <property name="awt.toolkit" value="sun.awt.X11.XToolkit"/>
    <property name="file.encoding.pkg" value="sun.io"/>
    <property name="java.specification.version" value="1.8"/>
    <property name="sun.cpu.isalist" value=""/>
    <property name="sun.jnu.encoding" value="UTF-8"/>
    <property name="java.class.path" value="/workdir/hadoop-ozone/ozonefs/target/test-classes:/workdir/hadoop-ozone/ozonefs/target/classes:/home/user/.m2/repository/org/apache/hadoop/hadoop-common/3.2.0/hadoop-common-3.2.0.jar:/home/user/.m2/repository/org/apache/hadoop/hadoop-annotations/3.2.0/hadoop-annotations-3.2.0.jar:/usr/lib/jvm/java-1.8-openjdk/jre/../lib/tools.jar:/home/user/.m2/repository/com/google/guava/guava/11.0.2/guava-11.0.2.jar:/home/user/.m2/repository/commons-cli/commons-cli/1.2/commons-cli-1.2.jar:/home/user/.m2/repository/org/apache/commons/commons-math3/3.1.1/commons-math3-3.1.1.jar:/home/user/.m2/repository/org/apache/httpcomponents/httpclient/4.5.2/httpclient-4.5.2.jar:/home/user/.m2/repository/org/apache/httpcomponents/httpcore/4.4.4/httpcore-4.4.4.jar:/home/user/.m2/repository/commons-codec/commons-codec/1.11/commons-codec-1.11.jar:/home/user/.m2/repository/commons-io/commons-io/2.5/commons-io-2.5.jar:/home/user/.m2/repository/commons-net/commons-net/3.6/commons-net-3.6.jar:/home/user/.m2/repository/commons-collections/commons-collections/3.2.2/commons-collections-3.2.2.jar:/home/user/.m2/repository/javax/servlet/javax.servlet-api/3.1.0/javax.servlet-api-3.1.0.jar:/home/user/.m2/repository/org/eclipse/jetty/jetty-server/9.3.25.v20180904/jetty-server-9.3.25.v20180904.jar:/home/user/.m2/repository/org/eclipse/jetty/jetty-http/9.3.25.v20180904/jetty-http-9.3.25.v20180904.jar:/home/user/.m2/repository/org/eclipse/jetty/jetty-io/9.3.25.v20180904/jetty-io-9.3.25.v20180904.jar:/home/user/.m2/repository/org/eclipse/jetty/jetty-util/9.3.25.v20180904/jetty-util-9.3.25.v20180904.jar:/home/user/.m2/repository/org/eclipse/jetty/jetty-servlet/9.3.25.v20180904/jetty-servlet-9.3.25.v20180904.jar:/home/user/.m2/repository/org/eclipse/jetty/jetty-security/9.3.25.v20180904/jetty-security-9.3.25.v20180904.jar:/home/user/.m2/repository/org/eclipse/jetty/jetty-webapp/9.3.25.v20180904/jetty-webapp-9.3.25.v20180904.jar:/home/user/.m2/repository/org/eclipse/jetty/jetty-xml/9.3.25.v20180904/jetty-xml-9.3.25.v20180904.jar:/home/user/.m2/repository/javax/servlet/jsp/jsp-api/2.1/jsp-api-2.1.jar:/home/user/.m2/repository/com/sun/jersey/jersey-core/1.19/jersey-core-1.19.jar:/home/user/.m2/repository/javax/ws/rs/jsr311-api/1.1.1/jsr311-api-1.1.1.jar:/home/user/.m2/repository/com/sun/jersey/jersey-servlet/1.19/jersey-servlet-1.19.jar:/home/user/.m2/repository/com/sun/jersey/jersey-json/1.19/jersey-json-1.19.jar:/home/user/.m2/repository/org/codehaus/jettison/jettison/1.1/jettison-1.1.jar:/home/user/.m2/repository/com/sun/xml/bind/jaxb-impl/2.3.0.1/jaxb-impl-2.3.0.1.jar:/home/user/.m2/repository/org/codehaus/jackson/jackson-core-asl/1.9.13/jackson-core-asl-1.9.13.jar:/home/user/.m2/repository/org/codehaus/jackson/jackson-mapper-asl/1.9.13/jackson-mapper-asl-1.9.13.jar:/home/user/.m2/repository/org/codehaus/jackson/jackson-jaxrs/1.9.13/jackson-jaxrs-1.9.13.jar:/home/user/.m2/repository/org/codehaus/jackson/jackson-xc/1.9.13/jackson-xc-1.9.13.jar:/home/user/.m2/repository/com/sun/jersey/jersey-server/1.19/jersey-server-1.19.jar:/home/user/.m2/repository/commons-logging/commons-logging/1.1.3/commons-logging-1.1.3.jar:/home/user/.m2/repository/log4j/log4j/1.2.17/log4j-1.2.17.jar:/home/user/.m2/repository/commons-beanutils/commons-beanutils/1.9.4/commons-beanutils-1.9.4.jar:/home/user/.m2/repository/org/apache/commons/commons-configuration2/2.1.1/commons-configuration2-2.1.1.jar:/home/user/.m2/repository/org/apache/commons/commons-lang3/3.7/commons-lang3-3.7.jar:/home/user/.m2/repository/org/apache/commons/commons-text/1.4/commons-text-1.4.jar:/home/user/.m2/repository/org/slf4j/slf4j-api/1.7.25/slf4j-api-1.7.25.jar:/home/user/.m2/repository/org/slf4j/slf4j-log4j12/1.7.25/slf4j-log4j12-1.7.25.jar:/home/user/.m2/repository/org/apache/avro/avro/1.7.7/avro-1.7.7.jar:/home/user/.m2/repository/com/thoughtworks/paranamer/paranamer/2.3/paranamer-2.3.jar:/home/user/.m2/repository/org/xerial/snappy/snappy-java/1.0.5/snappy-java-1.0.5.jar:/home/user/.m2/repository/com/google/re2j/re2j/1.1/re2j-1.1.jar:/home/user/.m2/repository/com/google/protobuf/protobuf-java/2.5.0/protobuf-java-2.5.0.jar:/home/user/.m2/repository/com/google/code/gson/gson/2.2.4/gson-2.2.4.jar:/home/user/.m2/repository/org/apache/hadoop/hadoop-auth/3.2.0/hadoop-auth-3.2.0.jar:/home/user/.m2/repository/com/nimbusds/nimbus-jose-jwt/4.41.1/nimbus-jose-jwt-4.41.1.jar:/home/user/.m2/repository/com/github/stephenc/jcip/jcip-annotations/1.0-1/jcip-annotations-1.0-1.jar:/home/user/.m2/repository/net/minidev/json-smart/2.3/json-smart-2.3.jar:/home/user/.m2/repository/net/minidev/accessors-smart/1.2/accessors-smart-1.2.jar:/home/user/.m2/repository/org/apache/curator/curator-framework/2.12.0/curator-framework-2.12.0.jar:/home/user/.m2/repository/com/jcraft/jsch/0.1.54/jsch-0.1.54.jar:/home/user/.m2/repository/org/apache/curator/curator-client/2.12.0/curator-client-2.12.0.jar:/home/user/.m2/repository/org/apache/curator/curator-recipes/2.12.0/curator-recipes-2.12.0.jar:/home/user/.m2/repository/com/google/code/findbugs/jsr305/3.0.0/jsr305-3.0.0.jar:/home/user/.m2/repository/org/apache/htrace/htrace-core4/4.1.0-incubating/htrace-core4-4.1.0-incubating.jar:/home/user/.m2/repository/org/apache/zookeeper/zookeeper/3.4.13/zookeeper-3.4.13.jar:/home/user/.m2/repository/jline/jline/0.9.94/jline-0.9.94.jar:/home/user/.m2/repository/org/apache/yetus/audience-annotations/0.5.0/audience-annotations-0.5.0.jar:/home/user/.m2/repository/org/apache/commons/commons-compress/1.4.1/commons-compress-1.4.1.jar:/home/user/.m2/repository/org/tukaani/xz/1.0/xz-1.0.jar:/home/user/.m2/repository/org/apache/kerby/kerb-simplekdc/1.0.1/kerb-simplekdc-1.0.1.jar:/home/user/.m2/repository/org/apache/kerby/kerb-client/1.0.1/kerb-client-1.0.1.jar:/home/user/.m2/repository/org/apache/kerby/kerby-config/1.0.1/kerby-config-1.0.1.jar:/home/user/.m2/repository/org/apache/kerby/kerb-core/1.0.1/kerb-core-1.0.1.jar:/home/user/.m2/repository/org/apache/kerby/kerby-pkix/1.0.1/kerby-pkix-1.0.1.jar:/home/user/.m2/repository/org/apache/kerby/kerby-asn1/1.0.1/kerby-asn1-1.0.1.jar:/home/user/.m2/repository/org/apache/kerby/kerby-util/1.0.1/kerby-util-1.0.1.jar:/home/user/.m2/repository/org/apache/kerby/kerb-common/1.0.1/kerb-common-1.0.1.jar:/home/user/.m2/repository/org/apache/kerby/kerb-crypto/1.0.1/kerb-crypto-1.0.1.jar:/home/user/.m2/repository/org/apache/kerby/kerb-util/1.0.1/kerb-util-1.0.1.jar:/home/user/.m2/repository/org/apache/kerby/token-provider/1.0.1/token-provider-1.0.1.jar:/home/user/.m2/repository/org/apache/kerby/kerb-admin/1.0.1/kerb-admin-1.0.1.jar:/home/user/.m2/repository/org/apache/kerby/kerb-server/1.0.1/kerb-server-1.0.1.jar:/home/user/.m2/repository/org/apache/kerby/kerb-identity/1.0.1/kerb-identity-1.0.1.jar:/home/user/.m2/repository/org/apache/kerby/kerby-xdr/1.0.1/kerby-xdr-1.0.1.jar:/home/user/.m2/repository/com/fasterxml/jackson/core/jackson-databind/2.9.9/jackson-databind-2.9.9.jar:/home/user/.m2/repository/com/fasterxml/jackson/core/jackson-annotations/2.9.9/jackson-annotations-2.9.9.jar:/home/user/.m2/repository/com/fasterxml/jackson/core/jackson-core/2.9.9/jackson-core-2.9.9.jar:/home/user/.m2/repository/org/codehaus/woodstox/stax2-api/3.1.4/stax2-api-3.1.4.jar:/home/user/.m2/repository/com/fasterxml/woodstox/woodstox-core/5.0.3/woodstox-core-5.0.3.jar:/home/user/.m2/repository/dnsjava/dnsjava/2.1.7/dnsjava-2.1.7.jar:/home/user/.m2/repository/org/apache/hadoop/hadoop-hdfs/3.2.0/hadoop-hdfs-3.2.0.jar:/home/user/.m2/repository/org/eclipse/jetty/jetty-util-ajax/9.3.25.v20180904/jetty-util-ajax-9.3.25.v20180904.jar:/home/user/.m2/repository/commons-daemon/commons-daemon/1.0.13/commons-daemon-1.0.13.jar:/home/user/.m2/repository/io/netty/netty/3.10.5.Final/netty-3.10.5.Final.jar:/home/user/.m2/repository/io/netty/netty-all/4.0.52.Final/netty-all-4.0.52.Final.jar:/home/user/.m2/repository/org/fusesource/leveldbjni/leveldbjni-all/1.8/leveldbjni-all-1.8.jar:/home/user/.m2/repository/org/apache/hadoop/hadoop-hdds-common/0.5.0-SNAPSHOT/hadoop-hdds-common-0.5.0-SNAPSHOT.jar:/home/user/.m2/repository/org/apache/hadoop/hadoop-hdds-config/0.5.0-SNAPSHOT/hadoop-hdds-config-0.5.0-SNAPSHOT.jar:/home/user/.m2/repository/javax/annotation/javax.annotation-api/1.2/javax.annotation-api-1.2.jar:/home/user/.m2/repository/org/apache/ratis/ratis-server/0.4.0/ratis-server-0.4.0.jar:/home/user/.m2/repository/org/apache/ratis/ratis-thirdparty-misc/0.2.0/ratis-thirdparty-misc-0.2.0.jar:/home/user/.m2/repository/org/apache/ratis/ratis-proto/0.4.0/ratis-proto-0.4.0.jar:/home/user/.m2/repository/org/apache/ratis/ratis-common/0.4.0/ratis-common-0.4.0.jar:/home/user/.m2/repository/org/apache/ratis/ratis-client/0.4.0/ratis-client-0.4.0.jar:/home/user/.m2/repository/org/apache/ratis/ratis-metrics/0.4.0/ratis-metrics-0.4.0.jar:/home/user/.m2/repository/com/github/joshelser/dropwizard-metrics-hadoop-metrics2-reporter/0.1.2/dropwizard-metrics-hadoop-metrics2-reporter-0.1.2.jar:/home/user/.m2/repository/io/dropwizard/metrics/metrics-jvm/3.2.5/metrics-jvm-3.2.5.jar:/home/user/.m2/repository/io/dropwizard/metrics/metrics-ganglia/3.2.5/metrics-ganglia-3.2.5.jar:/home/user/.m2/repository/info/ganglia/gmetric4j/gmetric4j/1.0.7/gmetric4j-1.0.7.jar:/home/user/.m2/repository/org/apache/ratis/ratis-netty/0.4.0/ratis-netty-0.4.0.jar:/home/user/.m2/repository/org/apache/ratis/ratis-grpc/0.4.0/ratis-grpc-0.4.0.jar:/home/user/.m2/repository/org/rocksdb/rocksdbjni/6.0.1/rocksdbjni-6.0.1.jar:/home/user/.m2/repository/org/apache/logging/log4j/log4j-api/2.11.0/log4j-api-2.11.0.jar:/home/user/.m2/repository/org/apache/logging/log4j/log4j-core/2.11.0/log4j-core-2.11.0.jar:/home/user/.m2/repository/com/lmax/disruptor/3.4.2/disruptor-3.4.2.jar:/home/user/.m2/repository/org/apache/commons/commons-pool2/2.6.0/commons-pool2-2.6.0.jar:/home/user/.m2/repository/org/bouncycastle/bcpkix-jdk15on/1.60/bcpkix-jdk15on-1.60.jar:/home/user/.m2/repository/commons-validator/commons-validator/1.6/commons-validator-1.6.jar:/home/user/.m2/repository/commons-digester/commons-digester/1.8.1/commons-digester-1.8.1.jar:/home/user/.m2/repository/io/jaegertracing/jaeger-client/0.34.0/jaeger-client-0.34.0.jar:/home/user/.m2/repository/io/jaegertracing/jaeger-thrift/0.34.0/jaeger-thrift-0.34.0.jar:/home/user/.m2/repository/org/apache/thrift/libthrift/0.12.0/libthrift-0.12.0.jar:/home/user/.m2/repository/com/squareup/okhttp3/okhttp/3.9.0/okhttp-3.9.0.jar:/home/user/.m2/repository/com/squareup/okio/okio/1.13.0/okio-1.13.0.jar:/home/user/.m2/repository/io/jaegertracing/jaeger-core/0.34.0/jaeger-core-0.34.0.jar:/home/user/.m2/repository/io/jaegertracing/jaeger-tracerresolver/0.34.0/jaeger-tracerresolver-0.34.0.jar:/home/user/.m2/repository/io/opentracing/contrib/opentracing-tracerresolver/0.1.5/opentracing-tracerresolver-0.1.5.jar:/home/user/.m2/repository/io/opentracing/opentracing-util/0.31.0/opentracing-util-0.31.0.jar:/home/user/.m2/repository/io/opentracing/opentracing-api/0.31.0/opentracing-api-0.31.0.jar:/home/user/.m2/repository/io/opentracing/opentracing-noop/0.31.0/opentracing-noop-0.31.0.jar:/home/user/.m2/repository/org/yaml/snakeyaml/1.16/snakeyaml-1.16.jar:/home/user/.m2/repository/org/apache/hadoop/hadoop-hdfs-client/3.2.0/hadoop-hdfs-client-3.2.0.jar:/home/user/.m2/repository/info/picocli/picocli/3.9.6/picocli-3.9.6.jar:/home/user/.m2/repository/org/apache/hadoop/hadoop-hdds-server-scm/0.5.0-SNAPSHOT/hadoop-hdds-server-scm-0.5.0-SNAPSHOT.jar:/home/user/.m2/repository/org/apache/hadoop/hadoop-hdds-docs/0.5.0-SNAPSHOT/hadoop-hdds-docs-0.5.0-SNAPSHOT.jar:/home/user/.m2/repository/io/dropwizard/metrics/metrics-core/3.2.4/metrics-core-3.2.4.jar:/home/user/.m2/repository/org/hamcrest/hamcrest-all/1.3/hamcrest-all-1.3.jar:/home/user/.m2/repository/org/bouncycastle/bcprov-jdk15on/1.60/bcprov-jdk15on-1.60.jar:/home/user/.m2/repository/org/apache/hadoop/hadoop-hdds-server-framework/0.5.0-SNAPSHOT/hadoop-hdds-server-framework-0.5.0-SNAPSHOT.jar:/home/user/.m2/repository/org/apache/hadoop/hadoop-ozone-ozone-manager/0.5.0-SNAPSHOT/hadoop-ozone-ozone-manager-0.5.0-SNAPSHOT.jar:/home/user/.m2/repository/org/apache/hadoop/hadoop-hdds-container-service/0.5.0-SNAPSHOT/hadoop-hdds-container-service-0.5.0-SNAPSHOT.jar:/home/user/.m2/repository/org/apache/hadoop/hadoop-hdds-client/0.5.0-SNAPSHOT/hadoop-hdds-client-0.5.0-SNAPSHOT.jar:/home/user/.m2/repository/org/apache/hadoop/hadoop-ozone-common/0.5.0-SNAPSHOT/hadoop-ozone-common-0.5.0-SNAPSHOT.jar:/home/user/.m2/repository/org/apache/hadoop/hadoop-hdds-tools/0.5.0-SNAPSHOT/hadoop-hdds-tools-0.5.0-SNAPSHOT.jar:/home/user/.m2/repository/org/xerial/sqlite-jdbc/3.25.2/sqlite-jdbc-3.25.2.jar:/home/user/.m2/repository/com/google/code/findbugs/findbugs/3.0.1/findbugs-3.0.1.jar:/home/user/.m2/repository/net/jcip/jcip-annotations/1.0/jcip-annotations-1.0.jar:/home/user/.m2/repository/com/google/code/findbugs/bcel-findbugs/6.0/bcel-findbugs-6.0.jar:/home/user/.m2/repository/com/google/code/findbugs/jFormatString/2.0.1/jFormatString-2.0.1.jar:/home/user/.m2/repository/dom4j/dom4j/1.6.1/dom4j-1.6.1.jar:/home/user/.m2/repository/xml-apis/xml-apis/1.0.b2/xml-apis-1.0.b2.jar:/home/user/.m2/repository/org/ow2/asm/asm-debug-all/5.0.2/asm-debug-all-5.0.2.jar:/home/user/.m2/repository/org/ow2/asm/asm-commons/5.0.2/asm-commons-5.0.2.jar:/home/user/.m2/repository/org/ow2/asm/asm-tree/5.0.2/asm-tree-5.0.2.jar:/home/user/.m2/repository/org/ow2/asm/asm/5.0.4/asm-5.0.4.jar:/home/user/.m2/repository/commons-lang/commons-lang/2.6/commons-lang-2.6.jar:/home/user/.m2/repository/com/apple/AppleJavaExtensions/1.4/AppleJavaExtensions-1.4.jar:/home/user/.m2/repository/jaxen/jaxen/1.1.6/jaxen-1.1.6.jar:/home/user/.m2/repository/org/apache/hadoop/hadoop-common/3.2.0/hadoop-common-3.2.0-tests.jar:/home/user/.m2/repository/org/apache/hadoop/hadoop-ozone-client/0.5.0-SNAPSHOT/hadoop-ozone-client-0.5.0-SNAPSHOT.jar:/home/user/.m2/repository/org/apache/hadoop/hadoop-hdfs/3.2.0/hadoop-hdfs-3.2.0-tests.jar:/workdir/hadoop-ozone/integration-test/target/test-classes:/home/user/.m2/repository/org/apache/hadoop/hadoop-ozone-s3gateway/0.5.0-SNAPSHOT/hadoop-ozone-s3gateway-0.5.0-SNAPSHOT.jar:/home/user/.m2/repository/org/jboss/weld/servlet/weld-servlet/2.4.7.Final/weld-servlet-2.4.7.Final.jar:/home/user/.m2/repository/org/glassfish/jersey/containers/jersey-container-servlet-core/2.27/jersey-container-servlet-core-2.27.jar:/home/user/.m2/repository/org/glassfish/hk2/external/javax.inject/2.5.0-b42/javax.inject-2.5.0-b42.jar:/home/user/.m2/repository/org/glassfish/jersey/core/jersey-common/2.27/jersey-common-2.27.jar:/home/user/.m2/repository/org/glassfish/hk2/osgi-resource-locator/1.0.1/osgi-resource-locator-1.0.1.jar:/home/user/.m2/repository/javax/ws/rs/javax.ws.rs-api/2.1/javax.ws.rs-api-2.1.jar:/home/user/.m2/repository/org/glassfish/jersey/ext/cdi/jersey-cdi1x/2.27/jersey-cdi1x-2.27.jar:/home/user/.m2/repository/org/glassfish/jersey/inject/jersey-hk2/2.27/jersey-hk2-2.27.jar:/home/user/.m2/repository/org/glassfish/hk2/hk2-locator/2.5.0-b42/hk2-locator-2.5.0-b42.jar:/home/user/.m2/repository/org/javassist/javassist/3.22.0-CR2/javassist-3.22.0-CR2.jar:/home/user/.m2/repository/org/glassfish/hk2/hk2-api/2.5.0/hk2-api-2.5.0.jar:/home/user/.m2/repository/org/glassfish/hk2/external/jakarta.inject/2.5.0/jakarta.inject-2.5.0.jar:/home/user/.m2/repository/org/glassfish/hk2/hk2-utils/2.5.0/hk2-utils-2.5.0.jar:/home/user/.m2/repository/jakarta/annotation/jakarta.annotation-api/1.3.4/jakarta.annotation-api-1.3.4.jar:/home/user/.m2/repository/org/glassfish/hk2/external/aopalliance-repackaged/2.5.0/aopalliance-repackaged-2.5.0.jar:/home/user/.m2/repository/com/fasterxml/jackson/dataformat/jackson-dataformat-xml/2.9.0/jackson-dataformat-xml-2.9.0.jar:/home/user/.m2/repository/com/fasterxml/jackson/module/jackson-module-jaxb-annotations/2.9.9/jackson-module-jaxb-annotations-2.9.9.jar:/home/user/.m2/repository/javax/enterprise/cdi-api/1.2/cdi-api-1.2.jar:/home/user/.m2/repository/javax/el/javax.el-api/3.0.0/javax.el-api-3.0.0.jar:/home/user/.m2/repository/javax/interceptor/javax.interceptor-api/1.2/javax.interceptor-api-1.2.jar:/home/user/.m2/repository/javax/inject/javax.inject/1/javax.inject-1.jar:/home/user/.m2/repository/com/sun/xml/bind/jaxb-core/2.3.0.1/jaxb-core-2.3.0.1.jar:/home/user/.m2/repository/javax/xml/bind/jaxb-api/2.3.0/jaxb-api-2.3.0.jar:/home/user/.m2/repository/javax/activation/activation/1.1.1/activation-1.1.1.jar:/home/user/.m2/repository/org/apache/hadoop/hadoop-ozone-csi/0.5.0-SNAPSHOT/hadoop-ozone-csi-0.5.0-SNAPSHOT.jar:/home/user/.m2/repository/com/google/protobuf/protobuf-java-util/3.5.1/protobuf-java-util-3.5.1.jar:/home/user/.m2/repository/io/grpc/grpc-netty/1.17.1/grpc-netty-1.17.1.jar:/home/user/.m2/repository/io/grpc/grpc-core/1.17.1/grpc-core-1.17.1.jar:/home/user/.m2/repository/io/grpc/grpc-context/1.17.1/grpc-context-1.17.1.jar:/home/user/.m2/repository/com/google/errorprone/error_prone_annotations/2.2.0/error_prone_annotations-2.2.0.jar:/home/user/.m2/repository/org/codehaus/mojo/animal-sniffer-annotations/1.17/animal-sniffer-annotations-1.17.jar:/home/user/.m2/repository/io/opencensus/opencensus-api/0.17.0/opencensus-api-0.17.0.jar:/home/user/.m2/repository/io/opencensus/opencensus-contrib-grpc-metrics/0.17.0/opencensus-contrib-grpc-metrics-0.17.0.jar:/home/user/.m2/repository/io/netty/netty-codec-http2/4.1.30.Final/netty-codec-http2-4.1.30.Final.jar:/home/user/.m2/repository/io/netty/netty-codec-http/4.1.30.Final/netty-codec-http-4.1.30.Final.jar:/home/user/.m2/repository/io/netty/netty-codec/4.1.30.Final/netty-codec-4.1.30.Final.jar:/home/user/.m2/repository/io/netty/netty-handler/4.1.30.Final/netty-handler-4.1.30.Final.jar:/home/user/.m2/repository/io/netty/netty-handler-proxy/4.1.30.Final/netty-handler-proxy-4.1.30.Final.jar:/home/user/.m2/repository/io/netty/netty-codec-socks/4.1.30.Final/netty-codec-socks-4.1.30.Final.jar:/home/user/.m2/repository/io/netty/netty-transport-native-epoll/4.1.30.Final/netty-transport-native-epoll-4.1.30.Final.jar:/home/user/.m2/repository/io/netty/netty-common/4.1.30.Final/netty-common-4.1.30.Final.jar:/home/user/.m2/repository/io/netty/netty-buffer/4.1.30.Final/netty-buffer-4.1.30.Final.jar:/home/user/.m2/repository/io/netty/netty-transport/4.1.30.Final/netty-transport-4.1.30.Final.jar:/home/user/.m2/repository/io/netty/netty-resolver/4.1.30.Final/netty-resolver-4.1.30.Final.jar:/home/user/.m2/repository/io/netty/netty-transport-native-unix-common/4.1.30.Final/netty-transport-native-unix-common-4.1.30.Final.jar:/home/user/.m2/repository/io/grpc/grpc-protobuf/1.17.1/grpc-protobuf-1.17.1.jar:/home/user/.m2/repository/com/google/api/grpc/proto-google-common-protos/1.0.0/proto-google-common-protos-1.0.0.jar:/home/user/.m2/repository/io/grpc/grpc-protobuf-lite/1.17.1/grpc-protobuf-lite-1.17.1.jar:/home/user/.m2/repository/io/grpc/grpc-stub/1.17.1/grpc-stub-1.17.1.jar:/home/user/.m2/repository/org/apache/hadoop/hadoop-ozone-recon/0.5.0-SNAPSHOT/hadoop-ozone-recon-0.5.0-SNAPSHOT.jar:/home/user/.m2/repository/org/apache/hadoop/hadoop-ozone-reconcodegen/0.5.0-SNAPSHOT/hadoop-ozone-reconcodegen-0.5.0-SNAPSHOT.jar:/home/user/.m2/repository/com/google/inject/extensions/guice-multibindings/4.0/guice-multibindings-4.0.jar:/home/user/.m2/repository/com/google/inject/guice/4.0/guice-4.0.jar:/home/user/.m2/repository/aopalliance/aopalliance/1.0/aopalliance-1.0.jar:/home/user/.m2/repository/org/glassfish/jersey/containers/jersey-container-servlet/2.27/jersey-container-servlet-2.27.jar:/home/user/.m2/repository/org/glassfish/hk2/guice-bridge/2.5.0/guice-bridge-2.5.0.jar:/home/user/.m2/repository/org/glassfish/jersey/core/jersey-server/2.27/jersey-server-2.27.jar:/home/user/.m2/repository/org/glassfish/jersey/core/jersey-client/2.27/jersey-client-2.27.jar:/home/user/.m2/repository/org/glassfish/jersey/media/jersey-media-jaxb/2.27/jersey-media-jaxb-2.27.jar:/home/user/.m2/repository/javax/validation/validation-api/1.1.0.Final/validation-api-1.1.0.Final.jar:/home/user/.m2/repository/org/glassfish/jersey/media/jersey-media-json-jackson/2.27/jersey-media-json-jackson-2.27.jar:/home/user/.m2/repository/org/glassfish/jersey/ext/jersey-entity-filtering/2.27/jersey-entity-filtering-2.27.jar:/home/user/.m2/repository/com/google/inject/extensions/guice-assistedinject/4.0/guice-assistedinject-4.0.jar:/home/user/.m2/repository/org/jooq/jooq/3.11.10/jooq-3.11.10.jar:/home/user/.m2/repository/org/jooq/jooq-meta/3.11.10/jooq-meta-3.11.10.jar:/home/user/.m2/repository/org/jooq/jooq-codegen/3.11.10/jooq-codegen-3.11.10.jar:/home/user/.m2/repository/com/jolbox/bonecp/0.8.0.RELEASE/bonecp-0.8.0.RELEASE.jar:/home/user/.m2/repository/org/springframework/spring-jdbc/5.1.3.RELEASE/spring-jdbc-5.1.3.RELEASE.jar:/home/user/.m2/repository/org/springframework/spring-beans/5.1.3.RELEASE/spring-beans-5.1.3.RELEASE.jar:/home/user/.m2/repository/org/springframework/spring-core/5.1.3.RELEASE/spring-core-5.1.3.RELEASE.jar:/home/user/.m2/repository/org/springframework/spring-jcl/5.1.3.RELEASE/spring-jcl-5.1.3.RELEASE.jar:/home/user/.m2/repository/org/springframework/spring-tx/5.1.3.RELEASE/spring-tx-5.1.3.RELEASE.jar:/home/user/.m2/repository/org/mockito/mockito-all/1.10.19/mockito-all-1.10.19.jar:/home/user/.m2/repository/junit/junit/4.11/junit-4.11.jar:/home/user/.m2/repository/org/hamcrest/hamcrest-core/1.3/hamcrest-core-1.3.jar:/home/user/.m2/repository/org/apache/hadoop/hadoop-distcp/3.2.0/hadoop-distcp-3.2.0.jar:/home/user/.m2/repository/org/apache/hadoop/hadoop-distcp/3.2.0/hadoop-distcp-3.2.0-tests.jar:/home/user/.m2/repository/org/apache/hadoop/hadoop-mapreduce-client-jobclient/3.2.0/hadoop-mapreduce-client-jobclient-3.2.0.jar:/home/user/.m2/repository/org/apache/hadoop/hadoop-mapreduce-client-common/3.2.0/hadoop-mapreduce-client-common-3.2.0.jar:/home/user/.m2/repository/org/apache/hadoop/hadoop-yarn-common/3.2.0/hadoop-yarn-common-3.2.0.jar:/home/user/.m2/repository/org/apache/hadoop/hadoop-yarn-api/3.2.0/hadoop-yarn-api-3.2.0.jar:/home/user/.m2/repository/com/sun/jersey/jersey-client/1.19/jersey-client-1.19.jar:/home/user/.m2/repository/com/sun/jersey/contribs/jersey-guice/1.19/jersey-guice-1.19.jar:/home/user/.m2/repository/com/fasterxml/jackson/jaxrs/jackson-jaxrs-json-provider/2.9.9/jackson-jaxrs-json-provider-2.9.9.jar:/home/user/.m2/repository/com/fasterxml/jackson/jaxrs/jackson-jaxrs-base/2.9.9/jackson-jaxrs-base-2.9.9.jar:/home/user/.m2/repository/org/apache/hadoop/hadoop-yarn-client/3.2.0/hadoop-yarn-client-3.2.0.jar:/home/user/.m2/repository/org/apache/hadoop/hadoop-mapreduce-client-core/3.2.0/hadoop-mapreduce-client-core-3.2.0.jar:/home/user/.m2/repository/com/google/inject/extensions/guice-servlet/4.0/guice-servlet-4.0.jar:/home/user/.m2/repository/org/powermock/powermock-module-junit4/1.6.5/powermock-module-junit4-1.6.5.jar:/home/user/.m2/repository/org/powermock/powermock-module-junit4-common/1.6.5/powermock-module-junit4-common-1.6.5.jar:/home/user/.m2/repository/org/powermock/powermock-core/1.6.5/powermock-core-1.6.5.jar:/home/user/.m2/repository/org/powermock/powermock-reflect/1.6.5/powermock-reflect-1.6.5.jar:/home/user/.m2/repository/org/powermock/powermock-api-mockito/1.6.5/powermock-api-mockito-1.6.5.jar:/home/user/.m2/repository/org/mockito/mockito-core/1.10.19/mockito-core-1.10.19.jar:/home/user/.m2/repository/org/objenesis/objenesis/1.0/objenesis-1.0.jar:/home/user/.m2/repository/org/powermock/powermock-api-mockito-common/1.6.5/powermock-api-mockito-common-1.6.5.jar:/home/user/.m2/repository/org/powermock/powermock-api-support/1.6.5/powermock-api-support-1.6.5.jar:"/>
    <property name="java.vm.vendor" value="IcedTea"/>
    <property name="sun.arch.data.model" value="64"/>
    <property name="test.build.dir" value="/workdir/hadoop-ozone/ozonefs/target/test-dir"/>
    <property name="test.cache.data" value=""/>
    <property name="java.vendor.url" value="https://icedtea.classpath.org"/>
    <property name="user.timezone" value=""/>
    <property name="java.vm.specification.version" value="1.8"/>
    <property name="os.name" value="Linux"/>
    <property name="test.build.data" value="/workdir/hadoop-ozone/ozonefs/target/test-dir"/>
    <property name="user.country" value="US"/>
    <property name="sun.java.launcher" value="SUN_STANDARD"/>
    <property name="sun.boot.library.path" value="/usr/lib/jvm/java-1.8-openjdk/jre/lib/amd64"/>
    <property name="sun.java.command" value="/workdir/hadoop-ozone/ozonefs/target/surefire/surefirebooter4972320659981839228.jar /workdir/hadoop-ozone/ozonefs/target/surefire 2019-09-25T03-16-05_214-jvmRun1 surefire6432437392668015217tmp surefire_1021285986046037434769tmp"/>
    <property name="test" value="!TestMiniChaosOzoneCluster"/>
    <property name="surefire.test.class.path" value="/workdir/hadoop-ozone/ozonefs/target/test-classes:/workdir/hadoop-ozone/ozonefs/target/classes:/home/user/.m2/repository/org/apache/hadoop/hadoop-common/3.2.0/hadoop-common-3.2.0.jar:/home/user/.m2/repository/org/apache/hadoop/hadoop-annotations/3.2.0/hadoop-annotations-3.2.0.jar:/usr/lib/jvm/java-1.8-openjdk/jre/../lib/tools.jar:/home/user/.m2/repository/com/google/guava/guava/11.0.2/guava-11.0.2.jar:/home/user/.m2/repository/commons-cli/commons-cli/1.2/commons-cli-1.2.jar:/home/user/.m2/repository/org/apache/commons/commons-math3/3.1.1/commons-math3-3.1.1.jar:/home/user/.m2/repository/org/apache/httpcomponents/httpclient/4.5.2/httpclient-4.5.2.jar:/home/user/.m2/repository/org/apache/httpcomponents/httpcore/4.4.4/httpcore-4.4.4.jar:/home/user/.m2/repository/commons-codec/commons-codec/1.11/commons-codec-1.11.jar:/home/user/.m2/repository/commons-io/commons-io/2.5/commons-io-2.5.jar:/home/user/.m2/repository/commons-net/commons-net/3.6/commons-net-3.6.jar:/home/user/.m2/repository/commons-collections/commons-collections/3.2.2/commons-collections-3.2.2.jar:/home/user/.m2/repository/javax/servlet/javax.servlet-api/3.1.0/javax.servlet-api-3.1.0.jar:/home/user/.m2/repository/org/eclipse/jetty/jetty-server/9.3.25.v20180904/jetty-server-9.3.25.v20180904.jar:/home/user/.m2/repository/org/eclipse/jetty/jetty-http/9.3.25.v20180904/jetty-http-9.3.25.v20180904.jar:/home/user/.m2/repository/org/eclipse/jetty/jetty-io/9.3.25.v20180904/jetty-io-9.3.25.v20180904.jar:/home/user/.m2/repository/org/eclipse/jetty/jetty-util/9.3.25.v20180904/jetty-util-9.3.25.v20180904.jar:/home/user/.m2/repository/org/eclipse/jetty/jetty-servlet/9.3.25.v20180904/jetty-servlet-9.3.25.v20180904.jar:/home/user/.m2/repository/org/eclipse/jetty/jetty-security/9.3.25.v20180904/jetty-security-9.3.25.v20180904.jar:/home/user/.m2/repository/org/eclipse/jetty/jetty-webapp/9.3.25.v20180904/jetty-webapp-9.3.25.v20180904.jar:/home/user/.m2/repository/org/eclipse/jetty/jetty-xml/9.3.25.v20180904/jetty-xml-9.3.25.v20180904.jar:/home/user/.m2/repository/javax/servlet/jsp/jsp-api/2.1/jsp-api-2.1.jar:/home/user/.m2/repository/com/sun/jersey/jersey-core/1.19/jersey-core-1.19.jar:/home/user/.m2/repository/javax/ws/rs/jsr311-api/1.1.1/jsr311-api-1.1.1.jar:/home/user/.m2/repository/com/sun/jersey/jersey-servlet/1.19/jersey-servlet-1.19.jar:/home/user/.m2/repository/com/sun/jersey/jersey-json/1.19/jersey-json-1.19.jar:/home/user/.m2/repository/org/codehaus/jettison/jettison/1.1/jettison-1.1.jar:/home/user/.m2/repository/com/sun/xml/bind/jaxb-impl/2.3.0.1/jaxb-impl-2.3.0.1.jar:/home/user/.m2/repository/org/codehaus/jackson/jackson-core-asl/1.9.13/jackson-core-asl-1.9.13.jar:/home/user/.m2/repository/org/codehaus/jackson/jackson-mapper-asl/1.9.13/jackson-mapper-asl-1.9.13.jar:/home/user/.m2/repository/org/codehaus/jackson/jackson-jaxrs/1.9.13/jackson-jaxrs-1.9.13.jar:/home/user/.m2/repository/org/codehaus/jackson/jackson-xc/1.9.13/jackson-xc-1.9.13.jar:/home/user/.m2/repository/com/sun/jersey/jersey-server/1.19/jersey-server-1.19.jar:/home/user/.m2/repository/commons-logging/commons-logging/1.1.3/commons-logging-1.1.3.jar:/home/user/.m2/repository/log4j/log4j/1.2.17/log4j-1.2.17.jar:/home/user/.m2/repository/commons-beanutils/commons-beanutils/1.9.4/commons-beanutils-1.9.4.jar:/home/user/.m2/repository/org/apache/commons/commons-configuration2/2.1.1/commons-configuration2-2.1.1.jar:/home/user/.m2/repository/org/apache/commons/commons-lang3/3.7/commons-lang3-3.7.jar:/home/user/.m2/repository/org/apache/commons/commons-text/1.4/commons-text-1.4.jar:/home/user/.m2/repository/org/slf4j/slf4j-api/1.7.25/slf4j-api-1.7.25.jar:/home/user/.m2/repository/org/slf4j/slf4j-log4j12/1.7.25/slf4j-log4j12-1.7.25.jar:/home/user/.m2/repository/org/apache/avro/avro/1.7.7/avro-1.7.7.jar:/home/user/.m2/repository/com/thoughtworks/paranamer/paranamer/2.3/paranamer-2.3.jar:/home/user/.m2/repository/org/xerial/snappy/snappy-java/1.0.5/snappy-java-1.0.5.jar:/home/user/.m2/repository/com/google/re2j/re2j/1.1/re2j-1.1.jar:/home/user/.m2/repository/com/google/protobuf/protobuf-java/2.5.0/protobuf-java-2.5.0.jar:/home/user/.m2/repository/com/google/code/gson/gson/2.2.4/gson-2.2.4.jar:/home/user/.m2/repository/org/apache/hadoop/hadoop-auth/3.2.0/hadoop-auth-3.2.0.jar:/home/user/.m2/repository/com/nimbusds/nimbus-jose-jwt/4.41.1/nimbus-jose-jwt-4.41.1.jar:/home/user/.m2/repository/com/github/stephenc/jcip/jcip-annotations/1.0-1/jcip-annotations-1.0-1.jar:/home/user/.m2/repository/net/minidev/json-smart/2.3/json-smart-2.3.jar:/home/user/.m2/repository/net/minidev/accessors-smart/1.2/accessors-smart-1.2.jar:/home/user/.m2/repository/org/apache/curator/curator-framework/2.12.0/curator-framework-2.12.0.jar:/home/user/.m2/repository/com/jcraft/jsch/0.1.54/jsch-0.1.54.jar:/home/user/.m2/repository/org/apache/curator/curator-client/2.12.0/curator-client-2.12.0.jar:/home/user/.m2/repository/org/apache/curator/curator-recipes/2.12.0/curator-recipes-2.12.0.jar:/home/user/.m2/repository/com/google/code/findbugs/jsr305/3.0.0/jsr305-3.0.0.jar:/home/user/.m2/repository/org/apache/htrace/htrace-core4/4.1.0-incubating/htrace-core4-4.1.0-incubating.jar:/home/user/.m2/repository/org/apache/zookeeper/zookeeper/3.4.13/zookeeper-3.4.13.jar:/home/user/.m2/repository/jline/jline/0.9.94/jline-0.9.94.jar:/home/user/.m2/repository/org/apache/yetus/audience-annotations/0.5.0/audience-annotations-0.5.0.jar:/home/user/.m2/repository/org/apache/commons/commons-compress/1.4.1/commons-compress-1.4.1.jar:/home/user/.m2/repository/org/tukaani/xz/1.0/xz-1.0.jar:/home/user/.m2/repository/org/apache/kerby/kerb-simplekdc/1.0.1/kerb-simplekdc-1.0.1.jar:/home/user/.m2/repository/org/apache/kerby/kerb-client/1.0.1/kerb-client-1.0.1.jar:/home/user/.m2/repository/org/apache/kerby/kerby-config/1.0.1/kerby-config-1.0.1.jar:/home/user/.m2/repository/org/apache/kerby/kerb-core/1.0.1/kerb-core-1.0.1.jar:/home/user/.m2/repository/org/apache/kerby/kerby-pkix/1.0.1/kerby-pkix-1.0.1.jar:/home/user/.m2/repository/org/apache/kerby/kerby-asn1/1.0.1/kerby-asn1-1.0.1.jar:/home/user/.m2/repository/org/apache/kerby/kerby-util/1.0.1/kerby-util-1.0.1.jar:/home/user/.m2/repository/org/apache/kerby/kerb-common/1.0.1/kerb-common-1.0.1.jar:/home/user/.m2/repository/org/apache/kerby/kerb-crypto/1.0.1/kerb-crypto-1.0.1.jar:/home/user/.m2/repository/org/apache/kerby/kerb-util/1.0.1/kerb-util-1.0.1.jar:/home/user/.m2/repository/org/apache/kerby/token-provider/1.0.1/token-provider-1.0.1.jar:/home/user/.m2/repository/org/apache/kerby/kerb-admin/1.0.1/kerb-admin-1.0.1.jar:/home/user/.m2/repository/org/apache/kerby/kerb-server/1.0.1/kerb-server-1.0.1.jar:/home/user/.m2/repository/org/apache/kerby/kerb-identity/1.0.1/kerb-identity-1.0.1.jar:/home/user/.m2/repository/org/apache/kerby/kerby-xdr/1.0.1/kerby-xdr-1.0.1.jar:/home/user/.m2/repository/com/fasterxml/jackson/core/jackson-databind/2.9.9/jackson-databind-2.9.9.jar:/home/user/.m2/repository/com/fasterxml/jackson/core/jackson-annotations/2.9.9/jackson-annotations-2.9.9.jar:/home/user/.m2/repository/com/fasterxml/jackson/core/jackson-core/2.9.9/jackson-core-2.9.9.jar:/home/user/.m2/repository/org/codehaus/woodstox/stax2-api/3.1.4/stax2-api-3.1.4.jar:/home/user/.m2/repository/com/fasterxml/woodstox/woodstox-core/5.0.3/woodstox-core-5.0.3.jar:/home/user/.m2/repository/dnsjava/dnsjava/2.1.7/dnsjava-2.1.7.jar:/home/user/.m2/repository/org/apache/hadoop/hadoop-hdfs/3.2.0/hadoop-hdfs-3.2.0.jar:/home/user/.m2/repository/org/eclipse/jetty/jetty-util-ajax/9.3.25.v20180904/jetty-util-ajax-9.3.25.v20180904.jar:/home/user/.m2/repository/commons-daemon/commons-daemon/1.0.13/commons-daemon-1.0.13.jar:/home/user/.m2/repository/io/netty/netty/3.10.5.Final/netty-3.10.5.Final.jar:/home/user/.m2/repository/io/netty/netty-all/4.0.52.Final/netty-all-4.0.52.Final.jar:/home/user/.m2/repository/org/fusesource/leveldbjni/leveldbjni-all/1.8/leveldbjni-all-1.8.jar:/home/user/.m2/repository/org/apache/hadoop/hadoop-hdds-common/0.5.0-SNAPSHOT/hadoop-hdds-common-0.5.0-SNAPSHOT.jar:/home/user/.m2/repository/org/apache/hadoop/hadoop-hdds-config/0.5.0-SNAPSHOT/hadoop-hdds-config-0.5.0-SNAPSHOT.jar:/home/user/.m2/repository/javax/annotation/javax.annotation-api/1.2/javax.annotation-api-1.2.jar:/home/user/.m2/repository/org/apache/ratis/ratis-server/0.4.0/ratis-server-0.4.0.jar:/home/user/.m2/repository/org/apache/ratis/ratis-thirdparty-misc/0.2.0/ratis-thirdparty-misc-0.2.0.jar:/home/user/.m2/repository/org/apache/ratis/ratis-proto/0.4.0/ratis-proto-0.4.0.jar:/home/user/.m2/repository/org/apache/ratis/ratis-common/0.4.0/ratis-common-0.4.0.jar:/home/user/.m2/repository/org/apache/ratis/ratis-client/0.4.0/ratis-client-0.4.0.jar:/home/user/.m2/repository/org/apache/ratis/ratis-metrics/0.4.0/ratis-metrics-0.4.0.jar:/home/user/.m2/repository/com/github/joshelser/dropwizard-metrics-hadoop-metrics2-reporter/0.1.2/dropwizard-metrics-hadoop-metrics2-reporter-0.1.2.jar:/home/user/.m2/repository/io/dropwizard/metrics/metrics-jvm/3.2.5/metrics-jvm-3.2.5.jar:/home/user/.m2/repository/io/dropwizard/metrics/metrics-ganglia/3.2.5/metrics-ganglia-3.2.5.jar:/home/user/.m2/repository/info/ganglia/gmetric4j/gmetric4j/1.0.7/gmetric4j-1.0.7.jar:/home/user/.m2/repository/org/apache/ratis/ratis-netty/0.4.0/ratis-netty-0.4.0.jar:/home/user/.m2/repository/org/apache/ratis/ratis-grpc/0.4.0/ratis-grpc-0.4.0.jar:/home/user/.m2/repository/org/rocksdb/rocksdbjni/6.0.1/rocksdbjni-6.0.1.jar:/home/user/.m2/repository/org/apache/logging/log4j/log4j-api/2.11.0/log4j-api-2.11.0.jar:/home/user/.m2/repository/org/apache/logging/log4j/log4j-core/2.11.0/log4j-core-2.11.0.jar:/home/user/.m2/repository/com/lmax/disruptor/3.4.2/disruptor-3.4.2.jar:/home/user/.m2/repository/org/apache/commons/commons-pool2/2.6.0/commons-pool2-2.6.0.jar:/home/user/.m2/repository/org/bouncycastle/bcpkix-jdk15on/1.60/bcpkix-jdk15on-1.60.jar:/home/user/.m2/repository/commons-validator/commons-validator/1.6/commons-validator-1.6.jar:/home/user/.m2/repository/commons-digester/commons-digester/1.8.1/commons-digester-1.8.1.jar:/home/user/.m2/repository/io/jaegertracing/jaeger-client/0.34.0/jaeger-client-0.34.0.jar:/home/user/.m2/repository/io/jaegertracing/jaeger-thrift/0.34.0/jaeger-thrift-0.34.0.jar:/home/user/.m2/repository/org/apache/thrift/libthrift/0.12.0/libthrift-0.12.0.jar:/home/user/.m2/repository/com/squareup/okhttp3/okhttp/3.9.0/okhttp-3.9.0.jar:/home/user/.m2/repository/com/squareup/okio/okio/1.13.0/okio-1.13.0.jar:/home/user/.m2/repository/io/jaegertracing/jaeger-core/0.34.0/jaeger-core-0.34.0.jar:/home/user/.m2/repository/io/jaegertracing/jaeger-tracerresolver/0.34.0/jaeger-tracerresolver-0.34.0.jar:/home/user/.m2/repository/io/opentracing/contrib/opentracing-tracerresolver/0.1.5/opentracing-tracerresolver-0.1.5.jar:/home/user/.m2/repository/io/opentracing/opentracing-util/0.31.0/opentracing-util-0.31.0.jar:/home/user/.m2/repository/io/opentracing/opentracing-api/0.31.0/opentracing-api-0.31.0.jar:/home/user/.m2/repository/io/opentracing/opentracing-noop/0.31.0/opentracing-noop-0.31.0.jar:/home/user/.m2/repository/org/yaml/snakeyaml/1.16/snakeyaml-1.16.jar:/home/user/.m2/repository/org/apache/hadoop/hadoop-hdfs-client/3.2.0/hadoop-hdfs-client-3.2.0.jar:/home/user/.m2/repository/info/picocli/picocli/3.9.6/picocli-3.9.6.jar:/home/user/.m2/repository/org/apache/hadoop/hadoop-hdds-server-scm/0.5.0-SNAPSHOT/hadoop-hdds-server-scm-0.5.0-SNAPSHOT.jar:/home/user/.m2/repository/org/apache/hadoop/hadoop-hdds-docs/0.5.0-SNAPSHOT/hadoop-hdds-docs-0.5.0-SNAPSHOT.jar:/home/user/.m2/repository/io/dropwizard/metrics/metrics-core/3.2.4/metrics-core-3.2.4.jar:/home/user/.m2/repository/org/hamcrest/hamcrest-all/1.3/hamcrest-all-1.3.jar:/home/user/.m2/repository/org/bouncycastle/bcprov-jdk15on/1.60/bcprov-jdk15on-1.60.jar:/home/user/.m2/repository/org/apache/hadoop/hadoop-hdds-server-framework/0.5.0-SNAPSHOT/hadoop-hdds-server-framework-0.5.0-SNAPSHOT.jar:/home/user/.m2/repository/org/apache/hadoop/hadoop-ozone-ozone-manager/0.5.0-SNAPSHOT/hadoop-ozone-ozone-manager-0.5.0-SNAPSHOT.jar:/home/user/.m2/repository/org/apache/hadoop/hadoop-hdds-container-service/0.5.0-SNAPSHOT/hadoop-hdds-container-service-0.5.0-SNAPSHOT.jar:/home/user/.m2/repository/org/apache/hadoop/hadoop-hdds-client/0.5.0-SNAPSHOT/hadoop-hdds-client-0.5.0-SNAPSHOT.jar:/home/user/.m2/repository/org/apache/hadoop/hadoop-ozone-common/0.5.0-SNAPSHOT/hadoop-ozone-common-0.5.0-SNAPSHOT.jar:/home/user/.m2/repository/org/apache/hadoop/hadoop-hdds-tools/0.5.0-SNAPSHOT/hadoop-hdds-tools-0.5.0-SNAPSHOT.jar:/home/user/.m2/repository/org/xerial/sqlite-jdbc/3.25.2/sqlite-jdbc-3.25.2.jar:/home/user/.m2/repository/com/google/code/findbugs/findbugs/3.0.1/findbugs-3.0.1.jar:/home/user/.m2/repository/net/jcip/jcip-annotations/1.0/jcip-annotations-1.0.jar:/home/user/.m2/repository/com/google/code/findbugs/bcel-findbugs/6.0/bcel-findbugs-6.0.jar:/home/user/.m2/repository/com/google/code/findbugs/jFormatString/2.0.1/jFormatString-2.0.1.jar:/home/user/.m2/repository/dom4j/dom4j/1.6.1/dom4j-1.6.1.jar:/home/user/.m2/repository/xml-apis/xml-apis/1.0.b2/xml-apis-1.0.b2.jar:/home/user/.m2/repository/org/ow2/asm/asm-debug-all/5.0.2/asm-debug-all-5.0.2.jar:/home/user/.m2/repository/org/ow2/asm/asm-commons/5.0.2/asm-commons-5.0.2.jar:/home/user/.m2/repository/org/ow2/asm/asm-tree/5.0.2/asm-tree-5.0.2.jar:/home/user/.m2/repository/org/ow2/asm/asm/5.0.4/asm-5.0.4.jar:/home/user/.m2/repository/commons-lang/commons-lang/2.6/commons-lang-2.6.jar:/home/user/.m2/repository/com/apple/AppleJavaExtensions/1.4/AppleJavaExtensions-1.4.jar:/home/user/.m2/repository/jaxen/jaxen/1.1.6/jaxen-1.1.6.jar:/home/user/.m2/repository/org/apache/hadoop/hadoop-common/3.2.0/hadoop-common-3.2.0-tests.jar:/home/user/.m2/repository/org/apache/hadoop/hadoop-ozone-client/0.5.0-SNAPSHOT/hadoop-ozone-client-0.5.0-SNAPSHOT.jar:/home/user/.m2/repository/org/apache/hadoop/hadoop-hdfs/3.2.0/hadoop-hdfs-3.2.0-tests.jar:/workdir/hadoop-ozone/integration-test/target/test-classes:/home/user/.m2/repository/org/apache/hadoop/hadoop-ozone-s3gateway/0.5.0-SNAPSHOT/hadoop-ozone-s3gateway-0.5.0-SNAPSHOT.jar:/home/user/.m2/repository/org/jboss/weld/servlet/weld-servlet/2.4.7.Final/weld-servlet-2.4.7.Final.jar:/home/user/.m2/repository/org/glassfish/jersey/containers/jersey-container-servlet-core/2.27/jersey-container-servlet-core-2.27.jar:/home/user/.m2/repository/org/glassfish/hk2/external/javax.inject/2.5.0-b42/javax.inject-2.5.0-b42.jar:/home/user/.m2/repository/org/glassfish/jersey/core/jersey-common/2.27/jersey-common-2.27.jar:/home/user/.m2/repository/org/glassfish/hk2/osgi-resource-locator/1.0.1/osgi-resource-locator-1.0.1.jar:/home/user/.m2/repository/javax/ws/rs/javax.ws.rs-api/2.1/javax.ws.rs-api-2.1.jar:/home/user/.m2/repository/org/glassfish/jersey/ext/cdi/jersey-cdi1x/2.27/jersey-cdi1x-2.27.jar:/home/user/.m2/repository/org/glassfish/jersey/inject/jersey-hk2/2.27/jersey-hk2-2.27.jar:/home/user/.m2/repository/org/glassfish/hk2/hk2-locator/2.5.0-b42/hk2-locator-2.5.0-b42.jar:/home/user/.m2/repository/org/javassist/javassist/3.22.0-CR2/javassist-3.22.0-CR2.jar:/home/user/.m2/repository/org/glassfish/hk2/hk2-api/2.5.0/hk2-api-2.5.0.jar:/home/user/.m2/repository/org/glassfish/hk2/external/jakarta.inject/2.5.0/jakarta.inject-2.5.0.jar:/home/user/.m2/repository/org/glassfish/hk2/hk2-utils/2.5.0/hk2-utils-2.5.0.jar:/home/user/.m2/repository/jakarta/annotation/jakarta.annotation-api/1.3.4/jakarta.annotation-api-1.3.4.jar:/home/user/.m2/repository/org/glassfish/hk2/external/aopalliance-repackaged/2.5.0/aopalliance-repackaged-2.5.0.jar:/home/user/.m2/repository/com/fasterxml/jackson/dataformat/jackson-dataformat-xml/2.9.0/jackson-dataformat-xml-2.9.0.jar:/home/user/.m2/repository/com/fasterxml/jackson/module/jackson-module-jaxb-annotations/2.9.9/jackson-module-jaxb-annotations-2.9.9.jar:/home/user/.m2/repository/javax/enterprise/cdi-api/1.2/cdi-api-1.2.jar:/home/user/.m2/repository/javax/el/javax.el-api/3.0.0/javax.el-api-3.0.0.jar:/home/user/.m2/repository/javax/interceptor/javax.interceptor-api/1.2/javax.interceptor-api-1.2.jar:/home/user/.m2/repository/javax/inject/javax.inject/1/javax.inject-1.jar:/home/user/.m2/repository/com/sun/xml/bind/jaxb-core/2.3.0.1/jaxb-core-2.3.0.1.jar:/home/user/.m2/repository/javax/xml/bind/jaxb-api/2.3.0/jaxb-api-2.3.0.jar:/home/user/.m2/repository/javax/activation/activation/1.1.1/activation-1.1.1.jar:/home/user/.m2/repository/org/apache/hadoop/hadoop-ozone-csi/0.5.0-SNAPSHOT/hadoop-ozone-csi-0.5.0-SNAPSHOT.jar:/home/user/.m2/repository/com/google/protobuf/protobuf-java-util/3.5.1/protobuf-java-util-3.5.1.jar:/home/user/.m2/repository/io/grpc/grpc-netty/1.17.1/grpc-netty-1.17.1.jar:/home/user/.m2/repository/io/grpc/grpc-core/1.17.1/grpc-core-1.17.1.jar:/home/user/.m2/repository/io/grpc/grpc-context/1.17.1/grpc-context-1.17.1.jar:/home/user/.m2/repository/com/google/errorprone/error_prone_annotations/2.2.0/error_prone_annotations-2.2.0.jar:/home/user/.m2/repository/org/codehaus/mojo/animal-sniffer-annotations/1.17/animal-sniffer-annotations-1.17.jar:/home/user/.m2/repository/io/opencensus/opencensus-api/0.17.0/opencensus-api-0.17.0.jar:/home/user/.m2/repository/io/opencensus/opencensus-contrib-grpc-metrics/0.17.0/opencensus-contrib-grpc-metrics-0.17.0.jar:/home/user/.m2/repository/io/netty/netty-codec-http2/4.1.30.Final/netty-codec-http2-4.1.30.Final.jar:/home/user/.m2/repository/io/netty/netty-codec-http/4.1.30.Final/netty-codec-http-4.1.30.Final.jar:/home/user/.m2/repository/io/netty/netty-codec/4.1.30.Final/netty-codec-4.1.30.Final.jar:/home/user/.m2/repository/io/netty/netty-handler/4.1.30.Final/netty-handler-4.1.30.Final.jar:/home/user/.m2/repository/io/netty/netty-handler-proxy/4.1.30.Final/netty-handler-proxy-4.1.30.Final.jar:/home/user/.m2/repository/io/netty/netty-codec-socks/4.1.30.Final/netty-codec-socks-4.1.30.Final.jar:/home/user/.m2/repository/io/netty/netty-transport-native-epoll/4.1.30.Final/netty-transport-native-epoll-4.1.30.Final.jar:/home/user/.m2/repository/io/netty/netty-common/4.1.30.Final/netty-common-4.1.30.Final.jar:/home/user/.m2/repository/io/netty/netty-buffer/4.1.30.Final/netty-buffer-4.1.30.Final.jar:/home/user/.m2/repository/io/netty/netty-transport/4.1.30.Final/netty-transport-4.1.30.Final.jar:/home/user/.m2/repository/io/netty/netty-resolver/4.1.30.Final/netty-resolver-4.1.30.Final.jar:/home/user/.m2/repository/io/netty/netty-transport-native-unix-common/4.1.30.Final/netty-transport-native-unix-common-4.1.30.Final.jar:/home/user/.m2/repository/io/grpc/grpc-protobuf/1.17.1/grpc-protobuf-1.17.1.jar:/home/user/.m2/repository/com/google/api/grpc/proto-google-common-protos/1.0.0/proto-google-common-protos-1.0.0.jar:/home/user/.m2/repository/io/grpc/grpc-protobuf-lite/1.17.1/grpc-protobuf-lite-1.17.1.jar:/home/user/.m2/repository/io/grpc/grpc-stub/1.17.1/grpc-stub-1.17.1.jar:/home/user/.m2/repository/org/apache/hadoop/hadoop-ozone-recon/0.5.0-SNAPSHOT/hadoop-ozone-recon-0.5.0-SNAPSHOT.jar:/home/user/.m2/repository/org/apache/hadoop/hadoop-ozone-reconcodegen/0.5.0-SNAPSHOT/hadoop-ozone-reconcodegen-0.5.0-SNAPSHOT.jar:/home/user/.m2/repository/com/google/inject/extensions/guice-multibindings/4.0/guice-multibindings-4.0.jar:/home/user/.m2/repository/com/google/inject/guice/4.0/guice-4.0.jar:/home/user/.m2/repository/aopalliance/aopalliance/1.0/aopalliance-1.0.jar:/home/user/.m2/repository/org/glassfish/jersey/containers/jersey-container-servlet/2.27/jersey-container-servlet-2.27.jar:/home/user/.m2/repository/org/glassfish/hk2/guice-bridge/2.5.0/guice-bridge-2.5.0.jar:/home/user/.m2/repository/org/glassfish/jersey/core/jersey-server/2.27/jersey-server-2.27.jar:/home/user/.m2/repository/org/glassfish/jersey/core/jersey-client/2.27/jersey-client-2.27.jar:/home/user/.m2/repository/org/glassfish/jersey/media/jersey-media-jaxb/2.27/jersey-media-jaxb-2.27.jar:/home/user/.m2/repository/javax/validation/validation-api/1.1.0.Final/validation-api-1.1.0.Final.jar:/home/user/.m2/repository/org/glassfish/jersey/media/jersey-media-json-jackson/2.27/jersey-media-json-jackson-2.27.jar:/home/user/.m2/repository/org/glassfish/jersey/ext/jersey-entity-filtering/2.27/jersey-entity-filtering-2.27.jar:/home/user/.m2/repository/com/google/inject/extensions/guice-assistedinject/4.0/guice-assistedinject-4.0.jar:/home/user/.m2/repository/org/jooq/jooq/3.11.10/jooq-3.11.10.jar:/home/user/.m2/repository/org/jooq/jooq-meta/3.11.10/jooq-meta-3.11.10.jar:/home/user/.m2/repository/org/jooq/jooq-codegen/3.11.10/jooq-codegen-3.11.10.jar:/home/user/.m2/repository/com/jolbox/bonecp/0.8.0.RELEASE/bonecp-0.8.0.RELEASE.jar:/home/user/.m2/repository/org/springframework/spring-jdbc/5.1.3.RELEASE/spring-jdbc-5.1.3.RELEASE.jar:/home/user/.m2/repository/org/springframework/spring-beans/5.1.3.RELEASE/spring-beans-5.1.3.RELEASE.jar:/home/user/.m2/repository/org/springframework/spring-core/5.1.3.RELEASE/spring-core-5.1.3.RELEASE.jar:/home/user/.m2/repository/org/springframework/spring-jcl/5.1.3.RELEASE/spring-jcl-5.1.3.RELEASE.jar:/home/user/.m2/repository/org/springframework/spring-tx/5.1.3.RELEASE/spring-tx-5.1.3.RELEASE.jar:/home/user/.m2/repository/org/mockito/mockito-all/1.10.19/mockito-all-1.10.19.jar:/home/user/.m2/repository/junit/junit/4.11/junit-4.11.jar:/home/user/.m2/repository/org/hamcrest/hamcrest-core/1.3/hamcrest-core-1.3.jar:/home/user/.m2/repository/org/apache/hadoop/hadoop-distcp/3.2.0/hadoop-distcp-3.2.0.jar:/home/user/.m2/repository/org/apache/hadoop/hadoop-distcp/3.2.0/hadoop-distcp-3.2.0-tests.jar:/home/user/.m2/repository/org/apache/hadoop/hadoop-mapreduce-client-jobclient/3.2.0/hadoop-mapreduce-client-jobclient-3.2.0.jar:/home/user/.m2/repository/org/apache/hadoop/hadoop-mapreduce-client-common/3.2.0/hadoop-mapreduce-client-common-3.2.0.jar:/home/user/.m2/repository/org/apache/hadoop/hadoop-yarn-common/3.2.0/hadoop-yarn-common-3.2.0.jar:/home/user/.m2/repository/org/apache/hadoop/hadoop-yarn-api/3.2.0/hadoop-yarn-api-3.2.0.jar:/home/user/.m2/repository/com/sun/jersey/jersey-client/1.19/jersey-client-1.19.jar:/home/user/.m2/repository/com/sun/jersey/contribs/jersey-guice/1.19/jersey-guice-1.19.jar:/home/user/.m2/repository/com/fasterxml/jackson/jaxrs/jackson-jaxrs-json-provider/2.9.9/jackson-jaxrs-json-provider-2.9.9.jar:/home/user/.m2/repository/com/fasterxml/jackson/jaxrs/jackson-jaxrs-base/2.9.9/jackson-jaxrs-base-2.9.9.jar:/home/user/.m2/repository/org/apache/hadoop/hadoop-yarn-client/3.2.0/hadoop-yarn-client-3.2.0.jar:/home/user/.m2/repository/org/apache/hadoop/hadoop-mapreduce-client-core/3.2.0/hadoop-mapreduce-client-core-3.2.0.jar:/home/user/.m2/repository/com/google/inject/extensions/guice-servlet/4.0/guice-servlet-4.0.jar:/home/user/.m2/repository/org/powermock/powermock-module-junit4/1.6.5/powermock-module-junit4-1.6.5.jar:/home/user/.m2/repository/org/powermock/powermock-module-junit4-common/1.6.5/powermock-module-junit4-common-1.6.5.jar:/home/user/.m2/repository/org/powermock/powermock-core/1.6.5/powermock-core-1.6.5.jar:/home/user/.m2/repository/org/powermock/powermock-reflect/1.6.5/powermock-reflect-1.6.5.jar:/home/user/.m2/repository/org/powermock/powermock-api-mockito/1.6.5/powermock-api-mockito-1.6.5.jar:/home/user/.m2/repository/org/mockito/mockito-core/1.10.19/mockito-core-1.10.19.jar:/home/user/.m2/repository/org/objenesis/objenesis/1.0/objenesis-1.0.jar:/home/user/.m2/repository/org/powermock/powermock-api-mockito-common/1.6.5/powermock-api-mockito-common-1.6.5.jar:/home/user/.m2/repository/org/powermock/powermock-api-support/1.6.5/powermock-api-support-1.6.5.jar:"/>
    <property name="sun.cpu.endian" value="little"/>
    <property name="user.home" value="/home/user"/>
    <property name="user.language" value="en"/>
    <property name="java.specification.vendor" value="Oracle Corporation"/>
    <property name="java.home" value="/usr/lib/jvm/java-1.8-openjdk/jre"/>
    <property name="java.security.krb5.conf" value="/workdir/hadoop-ozone/ozonefs/target/test-classes/krb5.conf"/>
    <property name="basedir" value="/workdir/hadoop-ozone/ozonefs"/>
    <property name="file.separator" value="/"/>
    <property name="line.separator" value="&#10;"/>
    <property name="java.vm.specification.vendor" value="Oracle Corporation"/>
    <property name="java.specification.name" value="Java Platform API Specification"/>
    <property name="java.awt.graphicsenv" value="sun.awt.X11GraphicsEnvironment"/>
    <property name="surefire.real.class.path" value="/workdir/hadoop-ozone/ozonefs/target/surefire/surefirebooter4972320659981839228.jar"/>
    <property name="hadoop.log.dir" value="/workdir/hadoop-ozone/ozonefs/target/log"/>
    <property name="sun.boot.class.path" value="/usr/lib/jvm/java-1.8-openjdk/jre/lib/resources.jar:/usr/lib/jvm/java-1.8-openjdk/jre/lib/rt.jar:/usr/lib/jvm/java-1.8-openjdk/jre/lib/sunrsasign.jar:/usr/lib/jvm/java-1.8-openjdk/jre/lib/jsse.jar:/usr/lib/jvm/java-1.8-openjdk/jre/lib/jce.jar:/usr/lib/jvm/java-1.8-openjdk/jre/lib/charsets.jar:/usr/lib/jvm/java-1.8-openjdk/jre/lib/jfr.jar:/usr/lib/jvm/java-1.8-openjdk/jre/classes"/>
    <property name="sun.management.compiler" value="HotSpot 64-Bit Tiered Compilers"/>
    <property name="java.runtime.version" value="1.8.0_212-b04"/>
    <property name="java.net.preferIPv4Stack" value="true"/>
    <property name="user.name" value="jenkins1000"/>
    <property name="path.separator" value=":"/>
    <property name="java.security.egd" value="file:///dev/urandom"/>
    <property name="os.version" value="3.10.0-957.12.2.el7.x86_64"/>
    <property name="java.endorsed.dirs" value="/usr/lib/jvm/java-1.8-openjdk/jre/lib/endorsed"/>
    <property name="java.runtime.name" value="OpenJDK Runtime Environment"/>
    <property name="file.encoding" value="UTF-8"/>
    <property name="java.vm.name" value="OpenJDK 64-Bit Server VM"/>
    <property name="test.build.webapps" value=""/>
    <property name="localRepository" value="/home/user/.m2/repository"/>
    <property name="java.vendor.url.bug" value="https://icedtea.classpath.org/bugzilla"/>
    <property name="java.io.tmpdir" value="/tmp"/>
    <property name="require.test.libhadoop" value=""/>
    <property name="java.version" value="1.8.0_212"/>
    <property name="user.dir" value="/workdir/hadoop-ozone/ozonefs"/>
    <property name="os.arch" value="amd64"/>
    <property name="java.vm.specification.name" value="Java Virtual Machine Specification"/>
    <property name="test.build.classes" value="/workdir/hadoop-ozone/ozonefs/target/test-classes"/>
    <property name="java.awt.printerjob" value="sun.print.PSPrinterJob"/>
    <property name="sun.os.patch.level" value="unknown"/>
    <property name="hadoop.tmp.dir" value="/workdir/hadoop-ozone/ozonefs/target/tmp"/>
    <property name="java.library.path" value="/usr/lib/jvm/java-1.8-openjdk/jre/lib/amd64/server:/usr/lib/jvm/java-1.8-openjdk/jre/lib/amd64:/usr/lib/jvm/java-1.8-openjdk/jre/../lib/amd64:/workdir/hadoop-ozone/ozonefs/target/native/target/usr/local/lib:/workdir/hadoop-ozone/ozonefs/../../hadoop-common-project/hadoop-common/target/native/target/usr/local/lib:/usr/java/packages/lib/amd64:/usr/lib64:/lib64:/lib:/usr/lib"/>
    <property name="java.vm.info" value="mixed mode"/>
    <property name="java.vendor" value="IcedTea"/>
    <property name="java.vm.version" value="25.212-b04"/>
    <property name="java.ext.dirs" value="/usr/lib/jvm/java-1.8-openjdk/jre/lib/ext:/usr/java/packages/lib/ext"/>
    <property name="sun.io.unicode.encoding" value="UnicodeLittle"/>
    <property name="java.class.version" value="52.0"/>
  </properties>
  <testcase name="testOzoneManagerFileSystemInterface[0]" classname="org.apache.hadoop.fs.ozone.TestOzoneFileInterfaces" time="21.327"/>
  <testcase name="testListStatus[0]" classname="org.apache.hadoop.fs.ozone.TestOzoneFileInterfaces" time="18.687"/>
  <testcase name="testDirectory[0]" classname="org.apache.hadoop.fs.ozone.TestOzoneFileInterfaces" time="17.024"/>
  <testcase name="testPathToKey[0]" classname="org.apache.hadoop.fs.ozone.TestOzoneFileInterfaces" time="17.421"/>
  <testcase name="testFileSystemInit[0]" classname="org.apache.hadoop.fs.ozone.TestOzoneFileInterfaces" time="17.036"/>
  <testcase name="testOzFsReadWrite[0]" classname="org.apache.hadoop.fs.ozone.TestOzoneFileInterfaces" time="17.116">
    <error message="Allocated 0 blocks. Requested 1 blocks" type="INTERNAL_ERROR org.apache.hadoop.ozone.om.exceptions.OMException">INTERNAL_ERROR org.apache.hadoop.ozone.om.exceptions.OMException: Allocated 0 blocks. Requested 1 blocks
	at org.apache.hadoop.ozone.om.protocolPB.OzoneManagerProtocolClientSideTranslatorPB.handleError(OzoneManagerProtocolClientSideTranslatorPB.java:732)
	at org.apache.hadoop.ozone.om.protocolPB.OzoneManagerProtocolClientSideTranslatorPB.createFile(OzoneManagerProtocolClientSideTranslatorPB.java:1536)
	at sun.reflect.NativeMethodAccessorImpl.invoke0(Native Method)
	at sun.reflect.NativeMethodAccessorImpl.invoke(NativeMethodAccessorImpl.java:62)
	at sun.reflect.DelegatingMethodAccessorImpl.invoke(DelegatingMethodAccessorImpl.java:43)
	at java.lang.reflect.Method.invoke(Method.java:498)
	at org.apache.hadoop.hdds.tracing.TraceAllMethod.invoke(TraceAllMethod.java:66)
	at com.sun.proxy.$Proxy39.createFile(Unknown Source)
	at org.apache.hadoop.ozone.client.rpc.RpcClient.createFile(RpcClient.java:1006)
	at org.apache.hadoop.ozone.client.OzoneBucket.createFile(OzoneBucket.java:537)
	at org.apache.hadoop.fs.ozone.BasicOzoneClientAdapterImpl.createFile(BasicOzoneClientAdapterImpl.java:205)
	at org.apache.hadoop.fs.ozone.BasicOzoneFileSystem.createOutputStream(BasicOzoneFileSystem.java:250)
	at org.apache.hadoop.fs.ozone.BasicOzoneFileSystem.create(BasicOzoneFileSystem.java:231)
	at org.apache.hadoop.fs.FileSystem.create(FileSystem.java:1118)
	at org.apache.hadoop.fs.FileSystem.create(FileSystem.java:1098)
	at org.apache.hadoop.fs.FileSystem.create(FileSystem.java:987)
	at org.apache.hadoop.fs.FileSystem.create(FileSystem.java:975)
	at org.apache.hadoop.fs.ozone.TestOzoneFileInterfaces.testOzFsReadWrite(TestOzoneFileInterfaces.java:169)
	at sun.reflect.NativeMethodAccessorImpl.invoke0(Native Method)
	at sun.reflect.NativeMethodAccessorImpl.invoke(NativeMethodAccessorImpl.java:62)
	at sun.reflect.DelegatingMethodAccessorImpl.invoke(DelegatingMethodAccessorImpl.java:43)
	at java.lang.reflect.Method.invoke(Method.java:498)
	at org.junit.runners.model.FrameworkMethod$1.runReflectiveCall(FrameworkMethod.java:47)
	at org.junit.internal.runners.model.ReflectiveCallable.run(ReflectiveCallable.java:12)
	at org.junit.runners.model.FrameworkMethod.invokeExplosively(FrameworkMethod.java:44)
	at org.junit.internal.runners.statements.InvokeMethod.evaluate(InvokeMethod.java:17)
	at org.junit.internal.runners.statements.RunBefores.evaluate(RunBefores.java:26)
	at org.junit.internal.runners.statements.RunAfters.evaluate(RunAfters.java:27)
	at org.junit.runners.ParentRunner.runLeaf(ParentRunner.java:271)
	at org.junit.runners.BlockJUnit4ClassRunner.runChild(BlockJUnit4ClassRunner.java:70)
	at org.junit.runners.BlockJUnit4ClassRunner.runChild(BlockJUnit4ClassRunner.java:50)
	at org.junit.runners.ParentRunner$3.run(ParentRunner.java:238)
	at org.junit.runners.ParentRunner$1.schedule(ParentRunner.java:63)
	at org.junit.runners.ParentRunner.runChildren(ParentRunner.java:236)
	at org.junit.runners.ParentRunner.access$000(ParentRunner.java:53)
	at org.junit.runners.ParentRunner$2.evaluate(ParentRunner.java:229)
	at org.junit.runners.ParentRunner.run(ParentRunner.java:309)
	at org.junit.runners.Suite.runChild(Suite.java:127)
	at org.junit.runners.Suite.runChild(Suite.java:26)
	at org.junit.runners.ParentRunner$3.run(ParentRunner.java:238)
	at org.junit.runners.ParentRunner$1.schedule(ParentRunner.java:63)
	at org.junit.runners.ParentRunner.runChildren(ParentRunner.java:236)
	at org.junit.runners.ParentRunner.access$000(ParentRunner.java:53)
	at org.junit.runners.ParentRunner$2.evaluate(ParentRunner.java:229)
	at org.junit.runners.ParentRunner.run(ParentRunner.java:309)
	at org.apache.maven.surefire.junit4.JUnit4Provider.execute(JUnit4Provider.java:365)
	at org.apache.maven.surefire.junit4.JUnit4Provider.executeWithRerun(JUnit4Provider.java:273)
	at org.apache.maven.surefire.junit4.JUnit4Provider.executeTestSet(JUnit4Provider.java:238)
	at org.apache.maven.surefire.junit4.JUnit4Provider.invoke(JUnit4Provider.java:159)
	at org.apache.maven.surefire.booter.ForkedBooter.invokeProviderInSameClassLoader(ForkedBooter.java:384)
	at org.apache.maven.surefire.booter.ForkedBooter.runSuitesInProcess(ForkedBooter.java:345)
	at org.apache.maven.surefire.booter.ForkedBooter.execute(ForkedBooter.java:126)
	at org.apache.maven.surefire.booter.ForkedBooter.main(ForkedBooter.java:418)
</error>
    <system-out><![CDATA[2019-09-25 07:25:13,496 [main] WARN  server.ServerUtils (ServerUtils.java:getScmDbDir(145)) - ozone.scm.db.dirs is not configured. We recommend adding this setting. Falling back to ozone.metadata.dirs instead.
2019-09-25 07:25:13,543 [main] WARN  server.ServerUtils (ServerUtils.java:getScmDbDir(145)) - ozone.scm.db.dirs is not configured. We recommend adding this setting. Falling back to ozone.metadata.dirs instead.
2019-09-25 07:25:13,543 [main] WARN  server.ServerUtils (ServerUtils.java:getScmDbDir(145)) - ozone.scm.db.dirs is not configured. We recommend adding this setting. Falling back to ozone.metadata.dirs instead.
2019-09-25 07:25:13,544 [main] INFO  db.DBStoreBuilder (DBStoreBuilder.java:addTable(110)) - using custom profile for table: deletedBlocks
2019-09-25 07:25:13,544 [main] INFO  db.DBStoreBuilder (DBStoreBuilder.java:processTables(161)) - Using default column profile:DBProfile.DISK for Table:deletedBlocks
2019-09-25 07:25:13,544 [main] INFO  db.DBStoreBuilder (DBStoreBuilder.java:addTable(110)) - using custom profile for table: validCerts
2019-09-25 07:25:13,545 [main] INFO  db.DBStoreBuilder (DBStoreBuilder.java:processTables(161)) - Using default column profile:DBProfile.DISK for Table:validCerts
2019-09-25 07:25:13,545 [main] INFO  db.DBStoreBuilder (DBStoreBuilder.java:addTable(110)) - using custom profile for table: revokedCerts
2019-09-25 07:25:13,545 [main] INFO  db.DBStoreBuilder (DBStoreBuilder.java:processTables(161)) - Using default column profile:DBProfile.DISK for Table:revokedCerts
2019-09-25 07:25:13,546 [main] INFO  db.DBStoreBuilder (DBStoreBuilder.java:addTable(110)) - using custom profile for table: default
2019-09-25 07:25:13,546 [main] INFO  db.DBStoreBuilder (DBStoreBuilder.java:processTables(167)) - Using default column profile:DBProfile.DISK for Table:default
2019-09-25 07:25:13,546 [main] INFO  db.DBStoreBuilder (DBStoreBuilder.java:getDbProfile(198)) - Using default options. DBProfile.DISK
2019-09-25 07:25:13,803 [main] INFO  net.NodeSchemaLoader (NodeSchemaLoader.java:loadSchemaFromFile(125)) - Loading file from sun.misc.CompoundEnumeration@6af310c7
2019-09-25 07:25:13,804 [main] INFO  net.NodeSchemaLoader (NodeSchemaLoader.java:loadSchema(171)) - Loading network topology layer schema file
2019-09-25 07:25:13,808 [main] WARN  server.ServerUtils (ServerUtils.java:sanitizeUserArgs(70)) - ozone.scm.stale.node.interval value = 300000 is larger than max = 100000 based on the key value of ozone.scm.heartbeat.thread.interval, reset to the max value 100000.
2019-09-25 07:25:13,808 [main] WARN  server.ServerUtils (ServerUtils.java:sanitizeUserArgs(70)) - ozone.scm.stale.node.interval value = 300000 is larger than max = 100000 based on the key value of ozone.scm.heartbeat.thread.interval, reset to the max value 100000.
2019-09-25 07:25:13,809 [main] INFO  node.SCMNodeManager (SCMNodeManager.java:<init>(114)) - Entering startup safe mode.
2019-09-25 07:25:13,809 [main] INFO  algorithms.ContainerPlacementPolicyFactory (ContainerPlacementPolicyFactory.java:getPolicy(59)) - Create container placement policy of type org.apache.hadoop.hdds.scm.container.placement.algorithms.SCMContainerPlacementRandom
2019-09-25 07:25:13,810 [main] WARN  server.ServerUtils (ServerUtils.java:getScmDbDir(145)) - ozone.scm.db.dirs is not configured. We recommend adding this setting. Falling back to ozone.metadata.dirs instead.
2019-09-25 07:25:13,872 [main] INFO  pipeline.SCMPipelineManager (SCMPipelineManager.java:initializePipelineState(132)) - No pipeline exists in current db
2019-09-25 07:25:13,873 [main] WARN  server.ServerUtils (ServerUtils.java:getScmDbDir(145)) - ozone.scm.db.dirs is not configured. We recommend adding this setting. Falling back to ozone.metadata.dirs instead.
2019-09-25 07:25:13,946 [main] WARN  events.EventQueue (EventQueue.java:fireEvent(183)) - No event handler registered for event TypedEvent{payloadType=SafeModeStatus, name='SafeModeStatus'}
2019-09-25 07:25:13,946 [main] INFO  ipc.CallQueueManager (CallQueueManager.java:<init>(84)) - Using callQueue: class java.util.concurrent.LinkedBlockingQueue, queueCapacity: 2000, scheduler: class org.apache.hadoop.ipc.DefaultRpcScheduler, ipcBackoff: false.
2019-09-25 07:25:13,947 [Socket Reader #1 for port 36414] INFO  ipc.Server (Server.java:run(1074)) - Starting Socket Reader #1 for port 36414
2019-09-25 07:25:13,950 [main] INFO  ipc.CallQueueManager (CallQueueManager.java:<init>(84)) - Using callQueue: class java.util.concurrent.LinkedBlockingQueue, queueCapacity: 2000, scheduler: class org.apache.hadoop.ipc.DefaultRpcScheduler, ipcBackoff: false.
2019-09-25 07:25:13,951 [Socket Reader #1 for port 38954] INFO  ipc.Server (Server.java:run(1074)) - Starting Socket Reader #1 for port 38954
2019-09-25 07:25:13,954 [main] INFO  ipc.CallQueueManager (CallQueueManager.java:<init>(84)) - Using callQueue: class java.util.concurrent.LinkedBlockingQueue, queueCapacity: 2000, scheduler: class org.apache.hadoop.ipc.DefaultRpcScheduler, ipcBackoff: false.
2019-09-25 07:25:13,955 [Socket Reader #1 for port 32790] INFO  ipc.Server (Server.java:run(1074)) - Starting Socket Reader #1 for port 32790
2019-09-25 07:25:13,961 [main] INFO  hdfs.DFSUtil (DFSUtil.java:httpServerTemplateForNNAndJN(1641)) - Starting Web-server for scm at: http://0.0.0.0:0
2019-09-25 07:25:13,964 [main] INFO  server.AuthenticationFilter (AuthenticationFilter.java:constructSecretProvider(240)) - Unable to initialize FileSignerSecretProvider, falling back to use random secrets.
2019-09-25 07:25:13,965 [main] WARN  http.HttpRequestLog (HttpRequestLog.java:getRequestLog(97)) - Jetty request log can only be enabled using Log4j
2019-09-25 07:25:13,968 [main] INFO  http.HttpServer2 (HttpServer2.java:addGlobalFilter(975)) - Added global filter 'safety' (class=org.apache.hadoop.http.HttpServer2$QuotingInputFilter)
2019-09-25 07:25:13,969 [main] INFO  http.HttpServer2 (HttpServer2.java:addFilter(948)) - Added filter static_user_filter (class=org.apache.hadoop.http.lib.StaticUserWebFilter$StaticUserFilter) to context scm
2019-09-25 07:25:13,969 [main] INFO  http.HttpServer2 (HttpServer2.java:addFilter(958)) - Added filter static_user_filter (class=org.apache.hadoop.http.lib.StaticUserWebFilter$StaticUserFilter) to context static
2019-09-25 07:25:13,969 [main] INFO  http.HttpServer2 (HttpServer2.java:addFilter(958)) - Added filter static_user_filter (class=org.apache.hadoop.http.lib.StaticUserWebFilter$StaticUserFilter) to context logs
2019-09-25 07:25:13,972 [main] INFO  server.StorageContainerManager (StorageContainerManager.java:start(770)) - StorageContainerLocationProtocol RPC server is listening at /0.0.0.0:32790
2019-09-25 07:25:13,974 [main] WARN  impl.MetricsConfig (MetricsConfig.java:loadFirst(134)) - Cannot locate configuration: tried hadoop-metrics2-storagecontainermanager.properties,hadoop-metrics2.properties
2019-09-25 07:25:13,975 [main] INFO  impl.MetricsSystemImpl (MetricsSystemImpl.java:startTimer(374)) - Scheduled Metric snapshot period at 10 second(s).
2019-09-25 07:25:13,975 [main] INFO  impl.MetricsSystemImpl (MetricsSystemImpl.java:start(191)) - StorageContainerManager metrics system started
2019-09-25 07:25:14,037 [main] WARN  impl.MetricsSystemImpl (MetricsSystemImpl.java:register(276)) - Sink prometheus already exists!
2019-09-25 07:25:14,073 [main] INFO  server.SCMClientProtocolServer (SCMClientProtocolServer.java:start(151)) - RPC server for Client  is listening at /0.0.0.0:32790
2019-09-25 07:25:14,073 [IPC Server listener on 32790] INFO  ipc.Server (Server.java:run(1153)) - IPC Server listener on 32790: starting
2019-09-25 07:25:14,073 [IPC Server Responder] INFO  ipc.Server (Server.java:run(1314)) - IPC Server Responder: starting
2019-09-25 07:25:14,077 [main] INFO  server.StorageContainerManager (StorageContainerManager.java:start(780)) - ScmBlockLocationProtocol RPC server is listening at /0.0.0.0:38954
2019-09-25 07:25:14,077 [main] INFO  server.SCMBlockProtocolServer (SCMBlockProtocolServer.java:start(146)) - RPC server for Block Protocol is listening at /0.0.0.0:38954
2019-09-25 07:25:14,077 [IPC Server Responder] INFO  ipc.Server (Server.java:run(1314)) - IPC Server Responder: starting
2019-09-25 07:25:14,078 [IPC Server listener on 38954] INFO  ipc.Server (Server.java:run(1153)) - IPC Server listener on 38954: starting
2019-09-25 07:25:14,081 [main] INFO  server.StorageContainerManager (StorageContainerManager.java:start(784)) - ScmDatanodeProtocl RPC server is listening at /0.0.0.0:36414
2019-09-25 07:25:14,081 [main] INFO  server.SCMDatanodeProtocolServer (SCMDatanodeProtocolServer.java:start(191)) - RPC server for DataNodes is listening at /0.0.0.0:36414
2019-09-25 07:25:14,082 [IPC Server listener on 36414] INFO  ipc.Server (Server.java:run(1153)) - IPC Server listener on 36414: starting
2019-09-25 07:25:14,082 [IPC Server Responder] INFO  ipc.Server (Server.java:run(1314)) - IPC Server Responder: starting
2019-09-25 07:25:14,089 [main] INFO  http.HttpServer2 (HttpServer2.java:bindListener(1191)) - Jetty bound to port 42315
2019-09-25 07:25:14,089 [main] INFO  server.Server (Server.java:doStart(351)) - jetty-9.3.25.v20180904, build timestamp: 2018-09-04T21:11:46Z, git hash: 3ce520221d0240229c862b122d2b06c12a625732
2019-09-25 07:25:14,091 [main] INFO  handler.ContextHandler (ContextHandler.java:doStart(781)) - Started o.e.j.s.ServletContextHandler@5287ba5f{/logs,file:///workdir/hadoop-ozone/ozonefs/target/log,AVAILABLE}
2019-09-25 07:25:14,091 [main] INFO  handler.ContextHandler (ContextHandler.java:doStart(781)) - Started o.e.j.s.ServletContextHandler@6897a4a{/static,jar:file:/home/user/.m2/repository/org/apache/hadoop/hadoop-hdds-server-scm/0.5.0-SNAPSHOT/hadoop-hdds-server-scm-0.5.0-SNAPSHOT.jar!/webapps/static,AVAILABLE}
2019-09-25 07:25:14,131 [main] INFO  handler.ContextHandler (ContextHandler.java:doStart(781)) - Started o.e.j.w.WebAppContext@1e226bcd{/,file:///tmp/jetty-0.0.0.0-42315-scm-_-any-7867492113477769456.dir/webapp/,AVAILABLE}{/scm}
2019-09-25 07:25:14,131 [main] INFO  server.AbstractConnector (AbstractConnector.java:doStart(278)) - Started ServerConnector@2a8dd942{HTTP/1.1,[http/1.1]}{0.0.0.0:42315}
2019-09-25 07:25:14,133 [main] INFO  server.Server (Server.java:doStart(419)) - Started @92571ms
2019-09-25 07:25:14,133 [main] WARN  impl.MetricsSystemImpl (MetricsSystemImpl.java:register(276)) - Sink prometheus already exists!
2019-09-25 07:25:14,133 [main] INFO  server.BaseHttpServer (BaseHttpServer.java:updateConnectorAddress(215)) - HTTP server of SCM is listening at http://0.0.0.0:42315
2019-09-25 07:25:14,134 [main] WARN  server.ServerUtils (ServerUtils.java:getDBPath(222)) - ozone.om.db.dirs is not configured. We recommend adding this setting. Falling back to ozone.metadata.dirs instead.
2019-09-25 07:25:14,134 [org.apache.hadoop.util.JvmPauseMonitor$Monitor@35025a0a] INFO  util.JvmPauseMonitor (JvmPauseMonitor.java:run(188)) - Starting JVM pause monitor
2019-09-25 07:25:14,148 [main] WARN  server.ServerUtils (ServerUtils.java:getDBPath(222)) - ozone.om.db.dirs is not configured. We recommend adding this setting. Falling back to ozone.metadata.dirs instead.
2019-09-25 07:25:14,148 [main] WARN  server.ServerUtils (ServerUtils.java:getDBPath(222)) - ozone.om.db.dirs is not configured. We recommend adding this setting. Falling back to ozone.metadata.dirs instead.
2019-09-25 07:25:14,148 [main] INFO  om.OzoneManager (OzoneManager.java:setOMNodeDetails(652)) - OM Service ID is not set. Setting it to the default ID: omServiceIdDefault
2019-09-25 07:25:14,149 [main] INFO  om.OzoneManager (OzoneManager.java:setOMNodeDetails(658)) - OM Node ID is not set. Setting it to the OmStorage's OmID: 21d1d153-d796-4f1b-aa35-5efc936533bf
2019-09-25 07:25:14,149 [main] INFO  om.OzoneManager (OzoneManager.java:loadOMHAConfigs(609)) - Found matching OM address with OMServiceId: null, OMNodeId: null, RPC Address: localhost:0 and Ratis port: 9872
2019-09-25 07:25:14,159 [main] WARN  server.ServerUtils (ServerUtils.java:getDBPath(222)) - ozone.om.db.dirs is not configured. We recommend adding this setting. Falling back to ozone.metadata.dirs instead.
2019-09-25 07:25:14,159 [main] INFO  db.DBStoreBuilder (DBStoreBuilder.java:addTable(110)) - using custom profile for table: userTable
2019-09-25 07:25:14,160 [main] INFO  db.DBStoreBuilder (DBStoreBuilder.java:processTables(161)) - Using default column profile:DBProfile.DISK for Table:userTable
2019-09-25 07:25:14,160 [main] INFO  db.DBStoreBuilder (DBStoreBuilder.java:addTable(110)) - using custom profile for table: volumeTable
2019-09-25 07:25:14,160 [main] INFO  db.DBStoreBuilder (DBStoreBuilder.java:processTables(161)) - Using default column profile:DBProfile.DISK for Table:volumeTable
2019-09-25 07:25:14,160 [main] INFO  db.DBStoreBuilder (DBStoreBuilder.java:addTable(110)) - using custom profile for table: bucketTable
2019-09-25 07:25:14,160 [main] INFO  db.DBStoreBuilder (DBStoreBuilder.java:processTables(161)) - Using default column profile:DBProfile.DISK for Table:bucketTable
2019-09-25 07:25:14,160 [main] INFO  db.DBStoreBuilder (DBStoreBuilder.java:addTable(110)) - using custom profile for table: keyTable
2019-09-25 07:25:14,161 [main] INFO  db.DBStoreBuilder (DBStoreBuilder.java:processTables(161)) - Using default column profile:DBProfile.DISK for Table:keyTable
2019-09-25 07:25:14,161 [main] INFO  db.DBStoreBuilder (DBStoreBuilder.java:addTable(110)) - using custom profile for table: deletedTable
2019-09-25 07:25:14,161 [main] INFO  db.DBStoreBuilder (DBStoreBuilder.java:processTables(161)) - Using default column profile:DBProfile.DISK for Table:deletedTable
2019-09-25 07:25:14,161 [main] INFO  db.DBStoreBuilder (DBStoreBuilder.java:addTable(110)) - using custom profile for table: openKeyTable
2019-09-25 07:25:14,161 [main] INFO  db.DBStoreBuilder (DBStoreBuilder.java:processTables(161)) - Using default column profile:DBProfile.DISK for Table:openKeyTable
2019-09-25 07:25:14,161 [main] INFO  db.DBStoreBuilder (DBStoreBuilder.java:addTable(110)) - using custom profile for table: s3Table
2019-09-25 07:25:14,162 [main] INFO  db.DBStoreBuilder (DBStoreBuilder.java:processTables(161)) - Using default column profile:DBProfile.DISK for Table:s3Table
2019-09-25 07:25:14,162 [main] INFO  db.DBStoreBuilder (DBStoreBuilder.java:addTable(110)) - using custom profile for table: multipartInfoTable
2019-09-25 07:25:14,162 [main] INFO  db.DBStoreBuilder (DBStoreBuilder.java:processTables(161)) - Using default column profile:DBProfile.DISK for Table:multipartInfoTable
2019-09-25 07:25:14,162 [main] INFO  db.DBStoreBuilder (DBStoreBuilder.java:addTable(110)) - using custom profile for table: dTokenTable
2019-09-25 07:25:14,162 [main] INFO  db.DBStoreBuilder (DBStoreBuilder.java:processTables(161)) - Using default column profile:DBProfile.DISK for Table:dTokenTable
2019-09-25 07:25:14,162 [main] INFO  db.DBStoreBuilder (DBStoreBuilder.java:addTable(110)) - using custom profile for table: s3SecretTable
2019-09-25 07:25:14,162 [main] INFO  db.DBStoreBuilder (DBStoreBuilder.java:processTables(161)) - Using default column profile:DBProfile.DISK for Table:s3SecretTable
2019-09-25 07:25:14,163 [main] INFO  db.DBStoreBuilder (DBStoreBuilder.java:addTable(110)) - using custom profile for table: prefixTable
2019-09-25 07:25:14,163 [main] INFO  db.DBStoreBuilder (DBStoreBuilder.java:processTables(161)) - Using default column profile:DBProfile.DISK for Table:prefixTable
2019-09-25 07:25:14,163 [main] INFO  db.DBStoreBuilder (DBStoreBuilder.java:addTable(110)) - using custom profile for table: default
2019-09-25 07:25:14,163 [main] INFO  db.DBStoreBuilder (DBStoreBuilder.java:processTables(167)) - Using default column profile:DBProfile.DISK for Table:default
2019-09-25 07:25:14,163 [main] INFO  db.DBStoreBuilder (DBStoreBuilder.java:getDbProfile(198)) - Using default options. DBProfile.DISK
2019-09-25 07:25:14,742 [main] INFO  ipc.CallQueueManager (CallQueueManager.java:<init>(84)) - Using callQueue: class java.util.concurrent.LinkedBlockingQueue, queueCapacity: 2000, scheduler: class org.apache.hadoop.ipc.DefaultRpcScheduler, ipcBackoff: false.
2019-09-25 07:25:14,743 [Socket Reader #1 for port 46779] INFO  ipc.Server (Server.java:run(1074)) - Starting Socket Reader #1 for port 46779
2019-09-25 07:25:14,773 [main] INFO  om.OzoneManager (OzoneManager.java:start(1243)) - OzoneManager RPC server is listening at localhost/127.0.0.1:46779
2019-09-25 07:25:14,774 [main] INFO  impl.MetricsSystemImpl (MetricsSystemImpl.java:init(158)) - OzoneManager metrics system started (again)
2019-09-25 07:25:14,774 [IPC Server Responder] INFO  ipc.Server (Server.java:run(1314)) - IPC Server Responder: starting
2019-09-25 07:25:14,776 [IPC Server listener on 46779] INFO  ipc.Server (Server.java:run(1153)) - IPC Server listener on 46779: starting
2019-09-25 07:25:14,783 [main] INFO  hdfs.DFSUtil (DFSUtil.java:httpServerTemplateForNNAndJN(1641)) - Starting Web-server for ozoneManager at: http://0.0.0.0:0
2019-09-25 07:25:14,786 [main] INFO  server.AuthenticationFilter (AuthenticationFilter.java:constructSecretProvider(240)) - Unable to initialize FileSignerSecretProvider, falling back to use random secrets.
2019-09-25 07:25:14,787 [main] WARN  http.HttpRequestLog (HttpRequestLog.java:getRequestLog(97)) - Jetty request log can only be enabled using Log4j
2019-09-25 07:25:14,790 [main] INFO  http.HttpServer2 (HttpServer2.java:addGlobalFilter(975)) - Added global filter 'safety' (class=org.apache.hadoop.http.HttpServer2$QuotingInputFilter)
2019-09-25 07:25:14,791 [main] INFO  http.HttpServer2 (HttpServer2.java:addFilter(948)) - Added filter static_user_filter (class=org.apache.hadoop.http.lib.StaticUserWebFilter$StaticUserFilter) to context ozoneManager
2019-09-25 07:25:14,791 [main] INFO  http.HttpServer2 (HttpServer2.java:addFilter(958)) - Added filter static_user_filter (class=org.apache.hadoop.http.lib.StaticUserWebFilter$StaticUserFilter) to context static
2019-09-25 07:25:14,791 [main] INFO  http.HttpServer2 (HttpServer2.java:addFilter(958)) - Added filter static_user_filter (class=org.apache.hadoop.http.lib.StaticUserWebFilter$StaticUserFilter) to context logs
2019-09-25 07:25:14,792 [main] INFO  http.HttpServer2 (HttpServer2.java:bindListener(1191)) - Jetty bound to port 33361
2019-09-25 07:25:14,793 [main] INFO  server.Server (Server.java:doStart(351)) - jetty-9.3.25.v20180904, build timestamp: 2018-09-04T21:11:46Z, git hash: 3ce520221d0240229c862b122d2b06c12a625732
2019-09-25 07:25:14,795 [main] INFO  handler.ContextHandler (ContextHandler.java:doStart(781)) - Started o.e.j.s.ServletContextHandler@6c951ada{/logs,file:///workdir/hadoop-ozone/ozonefs/target/log,AVAILABLE}
2019-09-25 07:25:14,795 [main] INFO  handler.ContextHandler (ContextHandler.java:doStart(781)) - Started o.e.j.s.ServletContextHandler@3b0d3a63{/static,jar:file:/home/user/.m2/repository/org/apache/hadoop/hadoop-ozone-ozone-manager/0.5.0-SNAPSHOT/hadoop-ozone-ozone-manager-0.5.0-SNAPSHOT.jar!/webapps/static,AVAILABLE}
2019-09-25 07:25:14,861 [main] INFO  handler.ContextHandler (ContextHandler.java:doStart(781)) - Started o.e.j.w.WebAppContext@16cb9989{/,file:///tmp/jetty-0.0.0.0-33361-ozoneManager-_-any-5254667337052789300.dir/webapp/,AVAILABLE}{/ozoneManager}
2019-09-25 07:25:14,862 [main] INFO  server.AbstractConnector (AbstractConnector.java:doStart(278)) - Started ServerConnector@3dfd6220{HTTP/1.1,[http/1.1]}{0.0.0.0:33361}
2019-09-25 07:25:14,864 [main] INFO  server.Server (Server.java:doStart(419)) - Started @93302ms
2019-09-25 07:25:14,864 [main] WARN  impl.MetricsSystemImpl (MetricsSystemImpl.java:register(276)) - Sink prometheus already exists!
2019-09-25 07:25:14,865 [main] INFO  server.BaseHttpServer (BaseHttpServer.java:updateConnectorAddress(215)) - HTTP server of OZONEMANAGER is listening at http://0.0.0.0:33361
2019-09-25 07:25:14,874 [main] INFO  impl.MetricsSystemImpl (MetricsSystemImpl.java:init(158)) - HddsDatanode metrics system started (again)
2019-09-25 07:25:14,878 [main] INFO  ozone.HddsDatanodeService (HddsDatanodeService.java:start(184)) - HddsDatanodeService host:pr-hdds-1569-x2sr2-3486766547 ip:192.168.151.106
2019-09-25 07:25:14,885 [main] INFO  volume.HddsVolume (HddsVolume.java:<init>(176)) - Creating Volume: /workdir/hadoop-ozone/ozonefs/target/test-dir/MiniOzoneClusterImpl-10aaa320-0427-4efe-b245-6da614d0b375/datanode-0/data/containers/hdds of  storage type : DISK and capacity : 1482555576320
2019-09-25 07:25:14,885 [main] INFO  volume.VolumeSet (VolumeSet.java:initializeVolumeSet(170)) - Added Volume : /workdir/hadoop-ozone/ozonefs/target/test-dir/MiniOzoneClusterImpl-10aaa320-0427-4efe-b245-6da614d0b375/datanode-0/data/containers/hdds to VolumeSet
2019-09-25 07:25:14,885 [main] INFO  volume.ThrottledAsyncChecker (ThrottledAsyncChecker.java:schedule(139)) - Scheduling a check for org.apache.hadoop.ozone.container.common.volume.HddsVolume@afde064
2019-09-25 07:25:14,886 [main] INFO  volume.HddsVolumeChecker (HddsVolumeChecker.java:checkAllVolumes(202)) - Scheduled health check for volume org.apache.hadoop.ozone.container.common.volume.HddsVolume@afde064
2019-09-25 07:25:14,905 [main] INFO  impl.RaftServerProxy (ConfUtils.java:logGet(43)) - raft.rpc.type = GRPC (default)
2019-09-25 07:25:14,905 [main] INFO  grpc.GrpcFactory (GrpcFactory.java:checkPooledByteBufAllocatorUseCacheForAllThreads(45)) - PERFORMANCE WARNING: useCacheForAllThreads is true that may cause Netty to create a lot garbage objects and, as a result, trigger GC.
	It is recommended to disable useCacheForAllThreads by setting -Dorg.apache.ratis.thirdparty.io.netty.allocator.useCacheForAllThreads=false in command line.
2019-09-25 07:25:14,906 [main] INFO  grpc.GrpcConfigKeys$Server (ConfUtils.java:logGet(43)) - raft.grpc.server.port = 0 (default)
2019-09-25 07:25:14,906 [main] INFO  server.GrpcService (ConfUtils.java:logGet(43)) - raft.grpc.message.size.max = 33570816 (custom)
2019-09-25 07:25:14,906 [main] INFO  server.RaftServerConfigKeys (ConfUtils.java:logGet(43)) - raft.server.log.appender.buffer.byte-limit = 33554432 (custom)
2019-09-25 07:25:14,906 [main] INFO  server.GrpcService (ConfUtils.java:logGet(43)) - raft.grpc.flow.control.window = 1MB (=1048576) (default)
2019-09-25 07:25:14,907 [main] INFO  server.RaftServerConfigKeys (ConfUtils.java:logGet(43)) - raft.server.rpc.request.timeout = 3000ms (default)
2019-09-25 07:25:14,908 [main] INFO  server.RaftServerConfigKeys (ConfUtils.java:logGet(43)) - raft.server.storage.dir = [/workdir/hadoop-ozone/ozonefs/target/test-dir/MiniOzoneClusterImpl-10aaa320-0427-4efe-b245-6da614d0b375/datanode-0/data/ratis] (custom)
2019-09-25 07:25:14,911 [main] INFO  hdfs.DFSUtil (DFSUtil.java:httpServerTemplateForNNAndJN(1641)) - Starting Web-server for hddsDatanode at: http://0.0.0.0:0
2019-09-25 07:25:14,912 [main] INFO  server.AuthenticationFilter (AuthenticationFilter.java:constructSecretProvider(240)) - Unable to initialize FileSignerSecretProvider, falling back to use random secrets.
2019-09-25 07:25:14,913 [main] WARN  http.HttpRequestLog (HttpRequestLog.java:getRequestLog(97)) - Jetty request log can only be enabled using Log4j
2019-09-25 07:25:14,914 [main] INFO  http.HttpServer2 (HttpServer2.java:addGlobalFilter(975)) - Added global filter 'safety' (class=org.apache.hadoop.http.HttpServer2$QuotingInputFilter)
2019-09-25 07:25:14,914 [main] INFO  http.HttpServer2 (HttpServer2.java:addFilter(948)) - Added filter static_user_filter (class=org.apache.hadoop.http.lib.StaticUserWebFilter$StaticUserFilter) to context hddsDatanode
2019-09-25 07:25:14,915 [main] INFO  http.HttpServer2 (HttpServer2.java:addFilter(958)) - Added filter static_user_filter (class=org.apache.hadoop.http.lib.StaticUserWebFilter$StaticUserFilter) to context logs
2019-09-25 07:25:14,915 [main] INFO  http.HttpServer2 (HttpServer2.java:addFilter(958)) - Added filter static_user_filter (class=org.apache.hadoop.http.lib.StaticUserWebFilter$StaticUserFilter) to context static
2019-09-25 07:25:14,915 [main] INFO  http.HttpServer2 (HttpServer2.java:bindListener(1191)) - Jetty bound to port 45340
2019-09-25 07:25:14,915 [main] INFO  server.Server (Server.java:doStart(351)) - jetty-9.3.25.v20180904, build timestamp: 2018-09-04T21:11:46Z, git hash: 3ce520221d0240229c862b122d2b06c12a625732
2019-09-25 07:25:14,917 [main] INFO  handler.ContextHandler (ContextHandler.java:doStart(781)) - Started o.e.j.s.ServletContextHandler@2c9306d3{/logs,file:///workdir/hadoop-ozone/ozonefs/target/log,AVAILABLE}
2019-09-25 07:25:14,917 [main] INFO  handler.ContextHandler (ContextHandler.java:doStart(781)) - Started o.e.j.s.ServletContextHandler@2dfa02c1{/static,jar:file:/home/user/.m2/repository/org/apache/hadoop/hadoop-hdds-container-service/0.5.0-SNAPSHOT/hadoop-hdds-container-service-0.5.0-SNAPSHOT.jar!/webapps/static,AVAILABLE}
2019-09-25 07:25:14,948 [main] INFO  handler.ContextHandler (ContextHandler.java:doStart(781)) - Started o.e.j.w.WebAppContext@486bd064{/,file:///tmp/jetty-0.0.0.0-45340-hddsDatanode-_-any-4207515600578183167.dir/webapp/,AVAILABLE}{/hddsDatanode}
2019-09-25 07:25:14,949 [main] INFO  server.AbstractConnector (AbstractConnector.java:doStart(278)) - Started ServerConnector@6459f4ea{HTTP/1.1,[http/1.1]}{0.0.0.0:45340}
2019-09-25 07:25:14,950 [main] INFO  server.Server (Server.java:doStart(419)) - Started @93388ms
2019-09-25 07:25:14,950 [main] WARN  impl.MetricsSystemImpl (MetricsSystemImpl.java:register(276)) - Sink prometheus already exists!
2019-09-25 07:25:14,951 [main] INFO  server.BaseHttpServer (BaseHttpServer.java:updateConnectorAddress(215)) - HTTP server of HDDSDATANODE is listening at http://0.0.0.0:45340
2019-09-25 07:25:14,951 [main] INFO  impl.MetricsSystemImpl (MetricsSystemImpl.java:init(158)) - HddsDatanode metrics system started (again)
2019-09-25 07:25:14,955 [main] INFO  ozone.HddsDatanodeService (HddsDatanodeService.java:start(184)) - HddsDatanodeService host:pr-hdds-1569-x2sr2-3486766547 ip:192.168.151.106
2019-09-25 07:25:14,956 [org.apache.hadoop.util.JvmPauseMonitor$Monitor@b76259b] INFO  util.JvmPauseMonitor (JvmPauseMonitor.java:run(188)) - Starting JVM pause monitor
2019-09-25 07:25:14,962 [main] INFO  volume.HddsVolume (HddsVolume.java:<init>(176)) - Creating Volume: /workdir/hadoop-ozone/ozonefs/target/test-dir/MiniOzoneClusterImpl-10aaa320-0427-4efe-b245-6da614d0b375/datanode-1/data/containers/hdds of  storage type : DISK and capacity : 1482555576320
2019-09-25 07:25:14,962 [main] INFO  volume.VolumeSet (VolumeSet.java:initializeVolumeSet(170)) - Added Volume : /workdir/hadoop-ozone/ozonefs/target/test-dir/MiniOzoneClusterImpl-10aaa320-0427-4efe-b245-6da614d0b375/datanode-1/data/containers/hdds to VolumeSet
2019-09-25 07:25:14,963 [main] INFO  volume.ThrottledAsyncChecker (ThrottledAsyncChecker.java:schedule(139)) - Scheduling a check for org.apache.hadoop.ozone.container.common.volume.HddsVolume@7da1e005
2019-09-25 07:25:14,963 [main] INFO  volume.HddsVolumeChecker (HddsVolumeChecker.java:checkAllVolumes(202)) - Scheduled health check for volume org.apache.hadoop.ozone.container.common.volume.HddsVolume@7da1e005
2019-09-25 07:25:14,966 [Datanode State Machine Thread - 0] INFO  datanode.InitDatanodeState (InitDatanodeState.java:persistContainerDatanodeDetails(140)) - DatanodeDetails is persisted to /workdir/hadoop-ozone/ozonefs/target/test-dir/MiniOzoneClusterImpl-10aaa320-0427-4efe-b245-6da614d0b375/datanode-0/meta/datanode.id
2019-09-25 07:25:14,984 [main] INFO  impl.RaftServerProxy (ConfUtils.java:logGet(43)) - raft.rpc.type = GRPC (default)
2019-09-25 07:25:14,984 [main] INFO  grpc.GrpcFactory (GrpcFactory.java:checkPooledByteBufAllocatorUseCacheForAllThreads(45)) - PERFORMANCE WARNING: useCacheForAllThreads is true that may cause Netty to create a lot garbage objects and, as a result, trigger GC.
	It is recommended to disable useCacheForAllThreads by setting -Dorg.apache.ratis.thirdparty.io.netty.allocator.useCacheForAllThreads=false in command line.
2019-09-25 07:25:14,985 [main] INFO  grpc.GrpcConfigKeys$Server (ConfUtils.java:logGet(43)) - raft.grpc.server.port = 0 (default)
2019-09-25 07:25:14,985 [main] INFO  server.GrpcService (ConfUtils.java:logGet(43)) - raft.grpc.message.size.max = 33570816 (custom)
2019-09-25 07:25:14,985 [main] INFO  server.RaftServerConfigKeys (ConfUtils.java:logGet(43)) - raft.server.log.appender.buffer.byte-limit = 33554432 (custom)
2019-09-25 07:25:14,985 [main] INFO  server.GrpcService (ConfUtils.java:logGet(43)) - raft.grpc.flow.control.window = 1MB (=1048576) (default)
2019-09-25 07:25:14,985 [main] INFO  server.RaftServerConfigKeys (ConfUtils.java:logGet(43)) - raft.server.rpc.request.timeout = 3000ms (default)
2019-09-25 07:25:14,986 [main] INFO  server.RaftServerConfigKeys (ConfUtils.java:logGet(43)) - raft.server.storage.dir = [/workdir/hadoop-ozone/ozonefs/target/test-dir/MiniOzoneClusterImpl-10aaa320-0427-4efe-b245-6da614d0b375/datanode-1/data/ratis] (custom)
2019-09-25 07:25:14,987 [main] INFO  hdfs.DFSUtil (DFSUtil.java:httpServerTemplateForNNAndJN(1641)) - Starting Web-server for hddsDatanode at: http://0.0.0.0:0
2019-09-25 07:25:14,989 [main] INFO  server.AuthenticationFilter (AuthenticationFilter.java:constructSecretProvider(240)) - Unable to initialize FileSignerSecretProvider, falling back to use random secrets.
2019-09-25 07:25:14,990 [main] WARN  http.HttpRequestLog (HttpRequestLog.java:getRequestLog(97)) - Jetty request log can only be enabled using Log4j
2019-09-25 07:25:14,992 [main] INFO  http.HttpServer2 (HttpServer2.java:addGlobalFilter(975)) - Added global filter 'safety' (class=org.apache.hadoop.http.HttpServer2$QuotingInputFilter)
2019-09-25 07:25:14,993 [main] INFO  http.HttpServer2 (HttpServer2.java:addFilter(948)) - Added filter static_user_filter (class=org.apache.hadoop.http.lib.StaticUserWebFilter$StaticUserFilter) to context hddsDatanode
2019-09-25 07:25:14,994 [main] INFO  http.HttpServer2 (HttpServer2.java:addFilter(958)) - Added filter static_user_filter (class=org.apache.hadoop.http.lib.StaticUserWebFilter$StaticUserFilter) to context static
2019-09-25 07:25:14,994 [main] INFO  http.HttpServer2 (HttpServer2.java:addFilter(958)) - Added filter static_user_filter (class=org.apache.hadoop.http.lib.StaticUserWebFilter$StaticUserFilter) to context logs
2019-09-25 07:25:14,995 [main] INFO  http.HttpServer2 (HttpServer2.java:bindListener(1191)) - Jetty bound to port 44667
2019-09-25 07:25:14,995 [main] INFO  server.Server (Server.java:doStart(351)) - jetty-9.3.25.v20180904, build timestamp: 2018-09-04T21:11:46Z, git hash: 3ce520221d0240229c862b122d2b06c12a625732
2019-09-25 07:25:14,997 [main] INFO  handler.ContextHandler (ContextHandler.java:doStart(781)) - Started o.e.j.s.ServletContextHandler@2b43f314{/logs,file:///workdir/hadoop-ozone/ozonefs/target/log,AVAILABLE}
2019-09-25 07:25:14,998 [main] INFO  handler.ContextHandler (ContextHandler.java:doStart(781)) - Started o.e.j.s.ServletContextHandler@4f3356c0{/static,jar:file:/home/user/.m2/repository/org/apache/hadoop/hadoop-hdds-container-service/0.5.0-SNAPSHOT/hadoop-hdds-container-service-0.5.0-SNAPSHOT.jar!/webapps/static,AVAILABLE}
2019-09-25 07:25:15,045 [main] INFO  handler.ContextHandler (ContextHandler.java:doStart(781)) - Started o.e.j.w.WebAppContext@36c07c75{/,file:///tmp/jetty-0.0.0.0-44667-hddsDatanode-_-any-7581233174248908454.dir/webapp/,AVAILABLE}{/hddsDatanode}
2019-09-25 07:25:15,045 [main] INFO  server.AbstractConnector (AbstractConnector.java:doStart(278)) - Started ServerConnector@6750e381{HTTP/1.1,[http/1.1]}{0.0.0.0:44667}
2019-09-25 07:25:15,047 [main] INFO  server.Server (Server.java:doStart(419)) - Started @93485ms
2019-09-25 07:25:15,047 [main] WARN  impl.MetricsSystemImpl (MetricsSystemImpl.java:register(276)) - Sink prometheus already exists!
2019-09-25 07:25:15,048 [main] INFO  server.BaseHttpServer (BaseHttpServer.java:updateConnectorAddress(215)) - HTTP server of HDDSDATANODE is listening at http://0.0.0.0:44667
2019-09-25 07:25:15,049 [main] INFO  impl.MetricsSystemImpl (MetricsSystemImpl.java:init(158)) - HddsDatanode metrics system started (again)
2019-09-25 07:25:15,054 [org.apache.hadoop.util.JvmPauseMonitor$Monitor@6b7bc8a3] INFO  util.JvmPauseMonitor (JvmPauseMonitor.java:run(188)) - Starting JVM pause monitor
2019-09-25 07:25:15,055 [main] INFO  ozone.HddsDatanodeService (HddsDatanodeService.java:start(184)) - HddsDatanodeService host:pr-hdds-1569-x2sr2-3486766547 ip:192.168.151.106
2019-09-25 07:25:15,056 [Datanode State Machine Thread - 0] INFO  datanode.InitDatanodeState (InitDatanodeState.java:persistContainerDatanodeDetails(140)) - DatanodeDetails is persisted to /workdir/hadoop-ozone/ozonefs/target/test-dir/MiniOzoneClusterImpl-10aaa320-0427-4efe-b245-6da614d0b375/datanode-1/meta/datanode.id
2019-09-25 07:25:15,062 [main] INFO  volume.HddsVolume (HddsVolume.java:<init>(176)) - Creating Volume: /workdir/hadoop-ozone/ozonefs/target/test-dir/MiniOzoneClusterImpl-10aaa320-0427-4efe-b245-6da614d0b375/datanode-2/data/containers/hdds of  storage type : DISK and capacity : 1482555576320
2019-09-25 07:25:15,062 [main] INFO  volume.VolumeSet (VolumeSet.java:initializeVolumeSet(170)) - Added Volume : /workdir/hadoop-ozone/ozonefs/target/test-dir/MiniOzoneClusterImpl-10aaa320-0427-4efe-b245-6da614d0b375/datanode-2/data/containers/hdds to VolumeSet
2019-09-25 07:25:15,063 [main] INFO  volume.ThrottledAsyncChecker (ThrottledAsyncChecker.java:schedule(139)) - Scheduling a check for org.apache.hadoop.ozone.container.common.volume.HddsVolume@46a8c2b4
2019-09-25 07:25:15,063 [main] INFO  volume.HddsVolumeChecker (HddsVolumeChecker.java:checkAllVolumes(202)) - Scheduled health check for volume org.apache.hadoop.ozone.container.common.volume.HddsVolume@46a8c2b4
2019-09-25 07:25:15,085 [main] INFO  impl.RaftServerProxy (ConfUtils.java:logGet(43)) - raft.rpc.type = GRPC (default)
2019-09-25 07:25:15,086 [main] INFO  grpc.GrpcFactory (GrpcFactory.java:checkPooledByteBufAllocatorUseCacheForAllThreads(45)) - PERFORMANCE WARNING: useCacheForAllThreads is true that may cause Netty to create a lot garbage objects and, as a result, trigger GC.
	It is recommended to disable useCacheForAllThreads by setting -Dorg.apache.ratis.thirdparty.io.netty.allocator.useCacheForAllThreads=false in command line.
2019-09-25 07:25:15,086 [main] INFO  grpc.GrpcConfigKeys$Server (ConfUtils.java:logGet(43)) - raft.grpc.server.port = 0 (default)
2019-09-25 07:25:15,086 [main] INFO  server.GrpcService (ConfUtils.java:logGet(43)) - raft.grpc.message.size.max = 33570816 (custom)
2019-09-25 07:25:15,086 [main] INFO  server.RaftServerConfigKeys (ConfUtils.java:logGet(43)) - raft.server.log.appender.buffer.byte-limit = 33554432 (custom)
2019-09-25 07:25:15,087 [main] INFO  server.GrpcService (ConfUtils.java:logGet(43)) - raft.grpc.flow.control.window = 1MB (=1048576) (default)
2019-09-25 07:25:15,087 [main] INFO  server.RaftServerConfigKeys (ConfUtils.java:logGet(43)) - raft.server.rpc.request.timeout = 3000ms (default)
2019-09-25 07:25:15,087 [main] INFO  server.RaftServerConfigKeys (ConfUtils.java:logGet(43)) - raft.server.storage.dir = [/workdir/hadoop-ozone/ozonefs/target/test-dir/MiniOzoneClusterImpl-10aaa320-0427-4efe-b245-6da614d0b375/datanode-2/data/ratis] (custom)
2019-09-25 07:25:15,088 [main] INFO  hdfs.DFSUtil (DFSUtil.java:httpServerTemplateForNNAndJN(1641)) - Starting Web-server for hddsDatanode at: http://0.0.0.0:0
2019-09-25 07:25:15,090 [main] INFO  server.AuthenticationFilter (AuthenticationFilter.java:constructSecretProvider(240)) - Unable to initialize FileSignerSecretProvider, falling back to use random secrets.
2019-09-25 07:25:15,091 [main] WARN  http.HttpRequestLog (HttpRequestLog.java:getRequestLog(97)) - Jetty request log can only be enabled using Log4j
2019-09-25 07:25:15,092 [main] INFO  http.HttpServer2 (HttpServer2.java:addGlobalFilter(975)) - Added global filter 'safety' (class=org.apache.hadoop.http.HttpServer2$QuotingInputFilter)
2019-09-25 07:25:15,093 [main] INFO  http.HttpServer2 (HttpServer2.java:addFilter(948)) - Added filter static_user_filter (class=org.apache.hadoop.http.lib.StaticUserWebFilter$StaticUserFilter) to context hddsDatanode
2019-09-25 07:25:15,093 [main] INFO  http.HttpServer2 (HttpServer2.java:addFilter(958)) - Added filter static_user_filter (class=org.apache.hadoop.http.lib.StaticUserWebFilter$StaticUserFilter) to context static
2019-09-25 07:25:15,093 [main] INFO  http.HttpServer2 (HttpServer2.java:addFilter(958)) - Added filter static_user_filter (class=org.apache.hadoop.http.lib.StaticUserWebFilter$StaticUserFilter) to context logs
2019-09-25 07:25:15,094 [main] INFO  http.HttpServer2 (HttpServer2.java:bindListener(1191)) - Jetty bound to port 46146
2019-09-25 07:25:15,094 [main] INFO  server.Server (Server.java:doStart(351)) - jetty-9.3.25.v20180904, build timestamp: 2018-09-04T21:11:46Z, git hash: 3ce520221d0240229c862b122d2b06c12a625732
2019-09-25 07:25:15,096 [main] INFO  handler.ContextHandler (ContextHandler.java:doStart(781)) - Started o.e.j.s.ServletContextHandler@546ed2a0{/logs,file:///workdir/hadoop-ozone/ozonefs/target/log,AVAILABLE}
2019-09-25 07:25:15,096 [main] INFO  handler.ContextHandler (ContextHandler.java:doStart(781)) - Started o.e.j.s.ServletContextHandler@27ec8754{/static,jar:file:/home/user/.m2/repository/org/apache/hadoop/hadoop-hdds-container-service/0.5.0-SNAPSHOT/hadoop-hdds-container-service-0.5.0-SNAPSHOT.jar!/webapps/static,AVAILABLE}
2019-09-25 07:25:15,127 [main] INFO  handler.ContextHandler (ContextHandler.java:doStart(781)) - Started o.e.j.w.WebAppContext@3a0b6a{/,file:///tmp/jetty-0.0.0.0-46146-hddsDatanode-_-any-2308163672421103618.dir/webapp/,AVAILABLE}{/hddsDatanode}
2019-09-25 07:25:15,127 [main] INFO  server.AbstractConnector (AbstractConnector.java:doStart(278)) - Started ServerConnector@539c4830{HTTP/1.1,[http/1.1]}{0.0.0.0:46146}
2019-09-25 07:25:15,128 [main] INFO  server.Server (Server.java:doStart(419)) - Started @93566ms
2019-09-25 07:25:15,128 [main] WARN  impl.MetricsSystemImpl (MetricsSystemImpl.java:register(276)) - Sink prometheus already exists!
2019-09-25 07:25:15,129 [main] INFO  server.BaseHttpServer (BaseHttpServer.java:updateConnectorAddress(215)) - HTTP server of HDDSDATANODE is listening at http://0.0.0.0:46146
2019-09-25 07:25:15,130 [main] INFO  ozone.MiniOzoneClusterImpl (MiniOzoneClusterImpl.java:lambda$waitForClusterToBeReady$0(147)) - Waiting for cluster to be ready. Got 0 of 3 DN Heartbeats.
2019-09-25 07:25:15,131 [org.apache.hadoop.util.JvmPauseMonitor$Monitor@752ee50a] INFO  util.JvmPauseMonitor (JvmPauseMonitor.java:run(188)) - Starting JVM pause monitor
2019-09-25 07:25:15,132 [Datanode State Machine Thread - 0] INFO  datanode.InitDatanodeState (InitDatanodeState.java:persistContainerDatanodeDetails(140)) - DatanodeDetails is persisted to /workdir/hadoop-ozone/ozonefs/target/test-dir/MiniOzoneClusterImpl-10aaa320-0427-4efe-b245-6da614d0b375/datanode-2/meta/datanode.id
2019-09-25 07:25:16,130 [main] INFO  ozone.MiniOzoneClusterImpl (MiniOzoneClusterImpl.java:lambda$waitForClusterToBeReady$0(147)) - Waiting for cluster to be ready. Got 0 of 3 DN Heartbeats.
2019-09-25 07:25:16,980 [Datanode State Machine Thread - 0] INFO  ozoneimpl.OzoneContainer (OzoneContainer.java:start(217)) - Attempting to start container services.
2019-09-25 07:25:16,982 [Datanode State Machine Thread - 0] INFO  ozoneimpl.OzoneContainer (OzoneContainer.java:startContainerScrub(179)) - Background container scanner has been disabled.
2019-09-25 07:25:16,982 [Datanode State Machine Thread - 0] INFO  ratis.XceiverServerRatis (XceiverServerRatis.java:start(411)) - Starting XceiverServerRatis 51c9978d-707e-4bc8-8e14-3bc0e19acfd9 at port 0
2019-09-25 07:25:16,988 [Datanode State Machine Thread - 0] INFO  impl.RaftServerProxy (RaftServerProxy.java:lambda$start$3(299)) - 51c9978d-707e-4bc8-8e14-3bc0e19acfd9: start RPC server
2019-09-25 07:25:16,990 [Datanode State Machine Thread - 0] INFO  server.GrpcService (GrpcService.java:startImpl(158)) - 51c9978d-707e-4bc8-8e14-3bc0e19acfd9: GrpcService started, listening on 0.0.0.0/0.0.0.0:40511
2019-09-25 07:25:16,990 [Datanode State Machine Thread - 0] INFO  ratis.XceiverServerRatis (XceiverServerRatis.java:start(421)) - XceiverServerRatis 51c9978d-707e-4bc8-8e14-3bc0e19acfd9 is started using port 40511
2019-09-25 07:25:16,991 [Datanode State Machine Thread - 0] INFO  server.XceiverServerGrpc (XceiverServerGrpc.java:start(149)) - XceiverServerGrpc 51c9978d-707e-4bc8-8e14-3bc0e19acfd9 is started using port 40127
2019-09-25 07:25:17,071 [Datanode State Machine Thread - 0] INFO  ozoneimpl.OzoneContainer (OzoneContainer.java:start(217)) - Attempting to start container services.
2019-09-25 07:25:17,071 [Datanode State Machine Thread - 0] INFO  ozoneimpl.OzoneContainer (OzoneContainer.java:startContainerScrub(179)) - Background container scanner has been disabled.
2019-09-25 07:25:17,071 [Datanode State Machine Thread - 0] INFO  ratis.XceiverServerRatis (XceiverServerRatis.java:start(411)) - Starting XceiverServerRatis 4cb4b249-44c1-44b5-b888-23fcf00e7c3e at port 0
2019-09-25 07:25:17,077 [Datanode State Machine Thread - 0] INFO  impl.RaftServerProxy (RaftServerProxy.java:lambda$start$3(299)) - 4cb4b249-44c1-44b5-b888-23fcf00e7c3e: start RPC server
2019-09-25 07:25:17,078 [Datanode State Machine Thread - 0] INFO  server.GrpcService (GrpcService.java:startImpl(158)) - 4cb4b249-44c1-44b5-b888-23fcf00e7c3e: GrpcService started, listening on 0.0.0.0/0.0.0.0:35673
2019-09-25 07:25:17,078 [Datanode State Machine Thread - 0] INFO  ratis.XceiverServerRatis (XceiverServerRatis.java:start(421)) - XceiverServerRatis 4cb4b249-44c1-44b5-b888-23fcf00e7c3e is started using port 35673
2019-09-25 07:25:17,079 [Datanode State Machine Thread - 0] INFO  server.XceiverServerGrpc (XceiverServerGrpc.java:start(149)) - XceiverServerGrpc 4cb4b249-44c1-44b5-b888-23fcf00e7c3e is started using port 45556
2019-09-25 07:25:17,130 [main] INFO  ozone.MiniOzoneClusterImpl (MiniOzoneClusterImpl.java:lambda$waitForClusterToBeReady$0(147)) - Waiting for cluster to be ready. Got 0 of 3 DN Heartbeats.
2019-09-25 07:25:17,153 [Datanode State Machine Thread - 0] INFO  ozoneimpl.OzoneContainer (OzoneContainer.java:start(217)) - Attempting to start container services.
2019-09-25 07:25:17,153 [Datanode State Machine Thread - 0] INFO  ozoneimpl.OzoneContainer (OzoneContainer.java:startContainerScrub(179)) - Background container scanner has been disabled.
2019-09-25 07:25:17,153 [Datanode State Machine Thread - 0] INFO  ratis.XceiverServerRatis (XceiverServerRatis.java:start(411)) - Starting XceiverServerRatis 02ae206c-fcef-49cc-90ae-73b84a5bab29 at port 0
2019-09-25 07:25:17,159 [Datanode State Machine Thread - 0] INFO  impl.RaftServerProxy (RaftServerProxy.java:lambda$start$3(299)) - 02ae206c-fcef-49cc-90ae-73b84a5bab29: start RPC server
2019-09-25 07:25:17,160 [Datanode State Machine Thread - 0] INFO  server.GrpcService (GrpcService.java:startImpl(158)) - 02ae206c-fcef-49cc-90ae-73b84a5bab29: GrpcService started, listening on 0.0.0.0/0.0.0.0:38923
2019-09-25 07:25:17,160 [Datanode State Machine Thread - 0] INFO  ratis.XceiverServerRatis (XceiverServerRatis.java:start(421)) - XceiverServerRatis 02ae206c-fcef-49cc-90ae-73b84a5bab29 is started using port 38923
2019-09-25 07:25:17,161 [Datanode State Machine Thread - 0] INFO  server.XceiverServerGrpc (XceiverServerGrpc.java:start(149)) - XceiverServerGrpc 02ae206c-fcef-49cc-90ae-73b84a5bab29 is started using port 42052
2019-09-25 07:25:18,131 [main] INFO  ozone.MiniOzoneClusterImpl (MiniOzoneClusterImpl.java:lambda$waitForClusterToBeReady$0(147)) - Waiting for cluster to be ready. Got 0 of 3 DN Heartbeats.
2019-09-25 07:25:18,961 [IPC Server handler 1 on 36414] INFO  net.NetworkTopology (NetworkTopologyImpl.java:add(111)) - Added a new node: /default-rack/51c9978d-707e-4bc8-8e14-3bc0e19acfd9
2019-09-25 07:25:18,963 [IPC Server handler 1 on 36414] INFO  node.SCMNodeManager (SCMNodeManager.java:register(266)) - Registered Data node : 51c9978d-707e-4bc8-8e14-3bc0e19acfd9{ip: 192.168.151.106, host: pr-hdds-1569-x2sr2-3486766547, networkLocation: /default-rack, certSerialId: null}
2019-09-25 07:25:18,964 [EventQueue-NodeRegistrationContainerReportForDataNodeSafeModeRule] INFO  safemode.SCMSafeModeManager (DataNodeSafeModeRule.java:process(71)) - SCM in safe mode. 1 DataNodes registered, 1 required.
2019-09-25 07:25:18,966 [EventQueue-NodeRegistrationContainerReportForDataNodeSafeModeRule] INFO  safemode.SCMSafeModeManager (SCMSafeModeManager.java:validateSafeModeExitRules(177)) - ScmSafeModeManager, all rules are successfully validated
2019-09-25 07:25:18,966 [EventQueue-NodeRegistrationContainerReportForDataNodeSafeModeRule] INFO  safemode.SCMSafeModeManager (SCMSafeModeManager.java:exitSafeMode(193)) - SCM exiting safe mode.
2019-09-25 07:25:18,979 [grpc-default-executor-0] INFO  impl.RaftServerProxy (RaftServerProxy.java:addNew(89)) - 51c9978d-707e-4bc8-8e14-3bc0e19acfd9: addNew group-8B1B5FDC0F93:[51c9978d-707e-4bc8-8e14-3bc0e19acfd9:192.168.151.106:40511] returns group-8B1B5FDC0F93:java.util.concurrent.CompletableFuture@4d049270[Not completed]
2019-09-25 07:25:18,980 [pool-277-thread-1] INFO  impl.RaftServerImpl (RaftServerImpl.java:<init>(95)) - 51c9978d-707e-4bc8-8e14-3bc0e19acfd9: new RaftServerImpl for group-8B1B5FDC0F93:[51c9978d-707e-4bc8-8e14-3bc0e19acfd9:192.168.151.106:40511] with ContainerStateMachine:uninitialized
2019-09-25 07:25:18,980 [pool-277-thread-1] INFO  server.RaftServerConfigKeys (ConfUtils.java:logGet(43)) - raft.server.rpc.timeout.min = 5s (custom)
2019-09-25 07:25:18,981 [pool-277-thread-1] INFO  server.RaftServerConfigKeys (ConfUtils.java:logGet(43)) - raft.server.rpc.timeout.max = 5200ms (custom)
2019-09-25 07:25:18,981 [pool-277-thread-1] INFO  server.RaftServerConfigKeys (ConfUtils.java:logGet(43)) - raft.server.rpcslowness.timeout = 120s (custom)
2019-09-25 07:25:18,981 [pool-277-thread-1] INFO  server.RaftServerConfigKeys (ConfUtils.java:logGet(43)) - raft.server.sleep.deviation.threshold = 300 (default)
2019-09-25 07:25:18,981 [pool-277-thread-1] INFO  server.RaftServerConfigKeys (ConfUtils.java:logGet(43)) - raft.server.log.appender.install.snapshot.enabled = false (custom)
2019-09-25 07:25:18,981 [pool-277-thread-1] INFO  impl.RaftServerImpl (ServerState.java:<init>(103)) - 51c9978d-707e-4bc8-8e14-3bc0e19acfd9@group-8B1B5FDC0F93: ConfigurationManager, init=-1: [51c9978d-707e-4bc8-8e14-3bc0e19acfd9:192.168.151.106:40511], old=null, confs=<EMPTY_MAP>
2019-09-25 07:25:18,981 [pool-277-thread-1] INFO  server.RaftServerConfigKeys (ConfUtils.java:logGet(43)) - raft.server.storage.dir = [/workdir/hadoop-ozone/ozonefs/target/test-dir/MiniOzoneClusterImpl-10aaa320-0427-4efe-b245-6da614d0b375/datanode-0/data/ratis] (custom)
2019-09-25 07:25:18,982 [pool-277-thread-1] INFO  storage.RaftStorageDirectory (RaftStorageDirectory.java:analyzeStorage(246)) - The storage directory /workdir/hadoop-ozone/ozonefs/target/test-dir/MiniOzoneClusterImpl-10aaa320-0427-4efe-b245-6da614d0b375/datanode-0/data/ratis/77f12ee7-d12c-438c-8c7e-8b1b5fdc0f93 does not exist. Creating ...
2019-09-25 07:25:19,005 [pool-277-thread-1] INFO  storage.RaftStorageDirectory (RaftStorageDirectory.java:tryLock(328)) - Lock on /workdir/hadoop-ozone/ozonefs/target/test-dir/MiniOzoneClusterImpl-10aaa320-0427-4efe-b245-6da614d0b375/datanode-0/data/ratis/77f12ee7-d12c-438c-8c7e-8b1b5fdc0f93/in_use.lock acquired by nodename 6556@pr-hdds-1569-x2sr2-3486766547
2019-09-25 07:25:19,028 [pool-277-thread-1] INFO  storage.RaftStorage (RaftStorage.java:format(72)) - Storage directory /workdir/hadoop-ozone/ozonefs/target/test-dir/MiniOzoneClusterImpl-10aaa320-0427-4efe-b245-6da614d0b375/datanode-0/data/ratis/77f12ee7-d12c-438c-8c7e-8b1b5fdc0f93 has been successfully formatted.
2019-09-25 07:25:19,029 [pool-277-thread-1] INFO  ratis.ContainerStateMachine (ContainerStateMachine.java:loadSnapshot(230)) - group-8B1B5FDC0F93: The snapshot info is null. Setting the last applied indexto:(t:0, i:~)
2019-09-25 07:25:19,029 [pool-277-thread-1] INFO  server.RaftServerConfigKeys (ConfUtils.java:logGet(43)) - raft.server.notification.no-leader.timeout = 120s (custom)
2019-09-25 07:25:19,029 [pool-277-thread-1] INFO  server.RaftServerConfigKeys (ConfUtils.java:logGet(43)) - raft.server.log.use.memory = false (default)
2019-09-25 07:25:19,029 [pool-277-thread-1] INFO  server.RaftServerConfigKeys (ConfUtils.java:logGet(43)) - raft.server.log.purge.gap = 1000000 (custom)
2019-09-25 07:25:19,029 [pool-277-thread-1] INFO  server.RaftServerConfigKeys (ConfUtils.java:logGet(43)) - raft.server.log.appender.buffer.byte-limit = 33554432 (custom)
2019-09-25 07:25:19,029 [pool-277-thread-1] INFO  server.RaftServerConfigKeys (ConfUtils.java:logGet(43)) - raft.server.log.segment.size.max = 1048576 (custom)
2019-09-25 07:25:19,029 [pool-277-thread-1] INFO  server.RaftServerConfigKeys (ConfUtils.java:logGet(43)) - raft.server.log.segment.cache.num.max = 2 (custom)
2019-09-25 07:25:19,030 [pool-277-thread-1] INFO  segmented.SegmentedRaftLogWorker (SegmentedRaftLogWorker.java:<init>(172)) - new 51c9978d-707e-4bc8-8e14-3bc0e19acfd9@group-8B1B5FDC0F93-SegmentedRaftLogWorker for RaftStorage:Storage Directory /workdir/hadoop-ozone/ozonefs/target/test-dir/MiniOzoneClusterImpl-10aaa320-0427-4efe-b245-6da614d0b375/datanode-0/data/ratis/77f12ee7-d12c-438c-8c7e-8b1b5fdc0f93
2019-09-25 07:25:19,031 [pool-277-thread-1] INFO  server.RaftServerConfigKeys (ConfUtils.java:logGet(43)) - raft.server.log.queue.byte-limit = 2147483647 (custom)
2019-09-25 07:25:19,031 [pool-277-thread-1] INFO  server.RaftServerConfigKeys (ConfUtils.java:logGet(43)) - raft.server.log.queue.element-limit = 1024 (custom)
2019-09-25 07:25:19,031 [pool-277-thread-1] INFO  server.RaftServerConfigKeys (ConfUtils.java:logGet(43)) - raft.server.log.segment.size.max = 1048576 (custom)
2019-09-25 07:25:19,032 [pool-277-thread-1] INFO  server.RaftServerConfigKeys (ConfUtils.java:logGet(43)) - raft.server.log.preallocated.size = 16384 (custom)
2019-09-25 07:25:19,032 [pool-277-thread-1] INFO  server.RaftServerConfigKeys (ConfUtils.java:logGet(43)) - raft.server.log.write.buffer.size = 33554432 (custom)
2019-09-25 07:25:19,032 [pool-277-thread-1] INFO  server.RaftServerConfigKeys (ConfUtils.java:logGet(43)) - raft.server.log.force.sync.num = 128 (default)
2019-09-25 07:25:19,032 [pool-277-thread-1] INFO  server.RaftServerConfigKeys (ConfUtils.java:logGet(43)) - raft.server.log.statemachine.data.sync = true (default)
2019-09-25 07:25:19,032 [pool-277-thread-1] INFO  server.RaftServerConfigKeys (ConfUtils.java:logGet(43)) - raft.server.log.statemachine.data.sync.timeout = 10s (default)
2019-09-25 07:25:19,032 [pool-277-thread-1] INFO  server.RaftServerConfigKeys (ConfUtils.java:logGet(43)) - raft.server.log.statemachine.data.sync.timeout.retry = -1 (default)
2019-09-25 07:25:19,032 [pool-277-thread-1] INFO  server.RaftServerConfigKeys (ConfUtils.java:logGet(43)) - raft.server.log.statemachine.data.caching.enabled = true (custom)
2019-09-25 07:25:19,033 [pool-277-thread-1] INFO  segmented.SegmentedRaftLogWorker (SegmentedRaftLogWorker.java:lambda$new$0(132)) - 51c9978d-707e-4bc8-8e14-3bc0e19acfd9@group-8B1B5FDC0F93-SegmentedRaftLogWorker: flushIndex: setUnconditionally 0 -> -1
2019-09-25 07:25:19,033 [pool-277-thread-1] INFO  server.RaftServerConfigKeys (ConfUtils.java:logGet(43)) - raft.server.snapshot.auto.trigger.enabled = true (custom)
2019-09-25 07:25:19,033 [pool-277-thread-1] INFO  server.RaftServerConfigKeys (ConfUtils.java:logGet(43)) - raft.server.snapshot.auto.trigger.threshold = 10000 (custom)
2019-09-25 07:25:19,033 [pool-277-thread-1] INFO  server.RaftServerConfigKeys (ConfUtils.java:logGet(43)) - raft.server.snapshot.retention.num.files = 5 (custom)
2019-09-25 07:25:19,033 [pool-277-thread-1] INFO  server.RaftServerConfigKeys (ConfUtils.java:logGet(43)) - raft.server.retrycache.expirytime = 600000ms (custom)
2019-09-25 07:25:19,035 [pool-277-thread-1] INFO  impl.RaftServerImpl (RaftServerImpl.java:start(185)) - 51c9978d-707e-4bc8-8e14-3bc0e19acfd9@group-8B1B5FDC0F93: start as a follower, conf=-1: [51c9978d-707e-4bc8-8e14-3bc0e19acfd9:192.168.151.106:40511], old=null
2019-09-25 07:25:19,035 [pool-277-thread-1] INFO  impl.RaftServerImpl (RaftServerImpl.java:setRole(174)) - 51c9978d-707e-4bc8-8e14-3bc0e19acfd9@group-8B1B5FDC0F93: changes role from      null to FOLLOWER at term 0 for startAsFollower
2019-09-25 07:25:19,035 [pool-277-thread-1] INFO  impl.RoleInfo (RoleInfo.java:updateAndGet(143)) - 51c9978d-707e-4bc8-8e14-3bc0e19acfd9: start FollowerState
2019-09-25 07:25:19,035 [pool-277-thread-1] INFO  util.JmxRegister (JmxRegister.java:tryRegister(44)) - Successfully registered JMX Bean with object name Ratis:service=RaftServer,group=group-8B1B5FDC0F93,id=51c9978d-707e-4bc8-8e14-3bc0e19acfd9
2019-09-25 07:25:19,040 [RatisPipelineUtilsThread] INFO  pipeline.PipelineStateManager (PipelineStateManager.java:addPipeline(56)) - Created pipeline Pipeline[ Id: 77f12ee7-d12c-438c-8c7e-8b1b5fdc0f93, Nodes: 51c9978d-707e-4bc8-8e14-3bc0e19acfd9{ip: 192.168.151.106, host: pr-hdds-1569-x2sr2-3486766547, networkLocation: /default-rack, certSerialId: null}, Type:RATIS, Factor:ONE, State:OPEN]
2019-09-25 07:25:19,045 [grpc-default-executor-0] INFO  impl.RaftServerProxy (RaftServerProxy.java:addNew(89)) - 51c9978d-707e-4bc8-8e14-3bc0e19acfd9: addNew group-952EF4E7C329:[51c9978d-707e-4bc8-8e14-3bc0e19acfd9:192.168.151.106:40511] returns group-952EF4E7C329:java.util.concurrent.CompletableFuture@7c03bcee[Not completed]
2019-09-25 07:25:19,046 [pool-277-thread-1] INFO  impl.RaftServerImpl (RaftServerImpl.java:<init>(95)) - 51c9978d-707e-4bc8-8e14-3bc0e19acfd9: new RaftServerImpl for group-952EF4E7C329:[51c9978d-707e-4bc8-8e14-3bc0e19acfd9:192.168.151.106:40511] with ContainerStateMachine:uninitialized
2019-09-25 07:25:19,046 [pool-277-thread-1] INFO  server.RaftServerConfigKeys (ConfUtils.java:logGet(43)) - raft.server.rpc.timeout.min = 5s (custom)
2019-09-25 07:25:19,046 [pool-277-thread-1] INFO  server.RaftServerConfigKeys (ConfUtils.java:logGet(43)) - raft.server.rpc.timeout.max = 5200ms (custom)
2019-09-25 07:25:19,046 [pool-277-thread-1] INFO  server.RaftServerConfigKeys (ConfUtils.java:logGet(43)) - raft.server.rpcslowness.timeout = 120s (custom)
2019-09-25 07:25:19,047 [pool-277-thread-1] INFO  server.RaftServerConfigKeys (ConfUtils.java:logGet(43)) - raft.server.sleep.deviation.threshold = 300 (default)
2019-09-25 07:25:19,047 [pool-277-thread-1] INFO  server.RaftServerConfigKeys (ConfUtils.java:logGet(43)) - raft.server.log.appender.install.snapshot.enabled = false (custom)
2019-09-25 07:25:19,047 [pool-277-thread-1] INFO  impl.RaftServerImpl (ServerState.java:<init>(103)) - 51c9978d-707e-4bc8-8e14-3bc0e19acfd9@group-952EF4E7C329: ConfigurationManager, init=-1: [51c9978d-707e-4bc8-8e14-3bc0e19acfd9:192.168.151.106:40511], old=null, confs=<EMPTY_MAP>
2019-09-25 07:25:19,047 [pool-277-thread-1] INFO  server.RaftServerConfigKeys (ConfUtils.java:logGet(43)) - raft.server.storage.dir = [/workdir/hadoop-ozone/ozonefs/target/test-dir/MiniOzoneClusterImpl-10aaa320-0427-4efe-b245-6da614d0b375/datanode-0/data/ratis] (custom)
2019-09-25 07:25:19,047 [pool-277-thread-1] INFO  storage.RaftStorageDirectory (RaftStorageDirectory.java:analyzeStorage(246)) - The storage directory /workdir/hadoop-ozone/ozonefs/target/test-dir/MiniOzoneClusterImpl-10aaa320-0427-4efe-b245-6da614d0b375/datanode-0/data/ratis/fae958d6-607e-43f8-b27b-952ef4e7c329 does not exist. Creating ...
2019-09-25 07:25:19,056 [IPC Server handler 3 on 36414] INFO  net.NetworkTopology (NetworkTopologyImpl.java:add(111)) - Added a new node: /default-rack/4cb4b249-44c1-44b5-b888-23fcf00e7c3e
2019-09-25 07:25:19,056 [IPC Server handler 3 on 36414] INFO  node.SCMNodeManager (SCMNodeManager.java:register(266)) - Registered Data node : 4cb4b249-44c1-44b5-b888-23fcf00e7c3e{ip: 192.168.151.106, host: pr-hdds-1569-x2sr2-3486766547, networkLocation: /default-rack, certSerialId: null}
2019-09-25 07:25:19,070 [pool-277-thread-1] INFO  storage.RaftStorageDirectory (RaftStorageDirectory.java:tryLock(328)) - Lock on /workdir/hadoop-ozone/ozonefs/target/test-dir/MiniOzoneClusterImpl-10aaa320-0427-4efe-b245-6da614d0b375/datanode-0/data/ratis/fae958d6-607e-43f8-b27b-952ef4e7c329/in_use.lock acquired by nodename 6556@pr-hdds-1569-x2sr2-3486766547
2019-09-25 07:25:19,085 [pool-277-thread-1] INFO  storage.RaftStorage (RaftStorage.java:format(72)) - Storage directory /workdir/hadoop-ozone/ozonefs/target/test-dir/MiniOzoneClusterImpl-10aaa320-0427-4efe-b245-6da614d0b375/datanode-0/data/ratis/fae958d6-607e-43f8-b27b-952ef4e7c329 has been successfully formatted.
2019-09-25 07:25:19,086 [pool-277-thread-1] INFO  ratis.ContainerStateMachine (ContainerStateMachine.java:loadSnapshot(230)) - group-952EF4E7C329: The snapshot info is null. Setting the last applied indexto:(t:0, i:~)
2019-09-25 07:25:19,086 [pool-277-thread-1] INFO  server.RaftServerConfigKeys (ConfUtils.java:logGet(43)) - raft.server.notification.no-leader.timeout = 120s (custom)
2019-09-25 07:25:19,086 [pool-277-thread-1] INFO  server.RaftServerConfigKeys (ConfUtils.java:logGet(43)) - raft.server.log.use.memory = false (default)
2019-09-25 07:25:19,086 [pool-277-thread-1] INFO  server.RaftServerConfigKeys (ConfUtils.java:logGet(43)) - raft.server.log.purge.gap = 1000000 (custom)
2019-09-25 07:25:19,086 [pool-277-thread-1] INFO  server.RaftServerConfigKeys (ConfUtils.java:logGet(43)) - raft.server.log.appender.buffer.byte-limit = 33554432 (custom)
2019-09-25 07:25:19,086 [pool-277-thread-1] INFO  server.RaftServerConfigKeys (ConfUtils.java:logGet(43)) - raft.server.log.segment.size.max = 1048576 (custom)
2019-09-25 07:25:19,086 [pool-277-thread-1] INFO  server.RaftServerConfigKeys (ConfUtils.java:logGet(43)) - raft.server.log.segment.cache.num.max = 2 (custom)
2019-09-25 07:25:19,087 [pool-277-thread-1] INFO  segmented.SegmentedRaftLogWorker (SegmentedRaftLogWorker.java:<init>(172)) - new 51c9978d-707e-4bc8-8e14-3bc0e19acfd9@group-952EF4E7C329-SegmentedRaftLogWorker for RaftStorage:Storage Directory /workdir/hadoop-ozone/ozonefs/target/test-dir/MiniOzoneClusterImpl-10aaa320-0427-4efe-b245-6da614d0b375/datanode-0/data/ratis/fae958d6-607e-43f8-b27b-952ef4e7c329
2019-09-25 07:25:19,087 [pool-277-thread-1] INFO  server.RaftServerConfigKeys (ConfUtils.java:logGet(43)) - raft.server.log.queue.byte-limit = 2147483647 (custom)
2019-09-25 07:25:19,087 [pool-277-thread-1] INFO  server.RaftServerConfigKeys (ConfUtils.java:logGet(43)) - raft.server.log.queue.element-limit = 1024 (custom)
2019-09-25 07:25:19,087 [pool-277-thread-1] INFO  server.RaftServerConfigKeys (ConfUtils.java:logGet(43)) - raft.server.log.segment.size.max = 1048576 (custom)
2019-09-25 07:25:19,087 [pool-277-thread-1] INFO  server.RaftServerConfigKeys (ConfUtils.java:logGet(43)) - raft.server.log.preallocated.size = 16384 (custom)
2019-09-25 07:25:19,087 [pool-277-thread-1] INFO  server.RaftServerConfigKeys (ConfUtils.java:logGet(43)) - raft.server.log.write.buffer.size = 33554432 (custom)
2019-09-25 07:25:19,087 [pool-277-thread-1] INFO  server.RaftServerConfigKeys (ConfUtils.java:logGet(43)) - raft.server.log.force.sync.num = 128 (default)
2019-09-25 07:25:19,087 [pool-277-thread-1] INFO  server.RaftServerConfigKeys (ConfUtils.java:logGet(43)) - raft.server.log.statemachine.data.sync = true (default)
2019-09-25 07:25:19,088 [pool-277-thread-1] INFO  server.RaftServerConfigKeys (ConfUtils.java:logGet(43)) - raft.server.log.statemachine.data.sync.timeout = 10s (default)
2019-09-25 07:25:19,088 [pool-277-thread-1] INFO  server.RaftServerConfigKeys (ConfUtils.java:logGet(43)) - raft.server.log.statemachine.data.sync.timeout.retry = -1 (default)
2019-09-25 07:25:19,088 [pool-277-thread-1] INFO  server.RaftServerConfigKeys (ConfUtils.java:logGet(43)) - raft.server.log.statemachine.data.caching.enabled = true (custom)
2019-09-25 07:25:19,088 [pool-277-thread-1] INFO  segmented.SegmentedRaftLogWorker (SegmentedRaftLogWorker.java:lambda$new$0(132)) - 51c9978d-707e-4bc8-8e14-3bc0e19acfd9@group-952EF4E7C329-SegmentedRaftLogWorker: flushIndex: setUnconditionally 0 -> -1
2019-09-25 07:25:19,088 [pool-277-thread-1] INFO  server.RaftServerConfigKeys (ConfUtils.java:logGet(43)) - raft.server.snapshot.auto.trigger.enabled = true (custom)
2019-09-25 07:25:19,089 [pool-277-thread-1] INFO  server.RaftServerConfigKeys (ConfUtils.java:logGet(43)) - raft.server.snapshot.auto.trigger.threshold = 10000 (custom)
2019-09-25 07:25:19,089 [pool-277-thread-1] INFO  server.RaftServerConfigKeys (ConfUtils.java:logGet(43)) - raft.server.snapshot.retention.num.files = 5 (custom)
2019-09-25 07:25:19,089 [pool-277-thread-1] INFO  server.RaftServerConfigKeys (ConfUtils.java:logGet(43)) - raft.server.retrycache.expirytime = 600000ms (custom)
2019-09-25 07:25:19,091 [pool-277-thread-1] INFO  impl.RaftServerImpl (RaftServerImpl.java:start(185)) - 51c9978d-707e-4bc8-8e14-3bc0e19acfd9@group-952EF4E7C329: start as a follower, conf=-1: [51c9978d-707e-4bc8-8e14-3bc0e19acfd9:192.168.151.106:40511], old=null
2019-09-25 07:25:19,091 [pool-277-thread-1] INFO  impl.RaftServerImpl (RaftServerImpl.java:setRole(174)) - 51c9978d-707e-4bc8-8e14-3bc0e19acfd9@group-952EF4E7C329: changes role from      null to FOLLOWER at term 0 for startAsFollower
2019-09-25 07:25:19,091 [pool-277-thread-1] INFO  impl.RoleInfo (RoleInfo.java:updateAndGet(143)) - 51c9978d-707e-4bc8-8e14-3bc0e19acfd9: start FollowerState
2019-09-25 07:25:19,093 [pool-277-thread-1] INFO  util.JmxRegister (JmxRegister.java:tryRegister(44)) - Successfully registered JMX Bean with object name Ratis:service=RaftServer,group=group-952EF4E7C329,id=51c9978d-707e-4bc8-8e14-3bc0e19acfd9
2019-09-25 07:25:19,119 [RatisPipelineUtilsThread] INFO  pipeline.PipelineStateManager (PipelineStateManager.java:addPipeline(56)) - Created pipeline Pipeline[ Id: fae958d6-607e-43f8-b27b-952ef4e7c329, Nodes: 51c9978d-707e-4bc8-8e14-3bc0e19acfd9{ip: 192.168.151.106, host: pr-hdds-1569-x2sr2-3486766547, networkLocation: /default-rack, certSerialId: null}, Type:RATIS, Factor:ONE, State:OPEN]
2019-09-25 07:25:19,127 [grpc-default-executor-0] INFO  impl.RaftServerProxy (RaftServerProxy.java:addNew(89)) - 4cb4b249-44c1-44b5-b888-23fcf00e7c3e: addNew group-343BEF52D1FD:[4cb4b249-44c1-44b5-b888-23fcf00e7c3e:192.168.151.106:35673] returns group-343BEF52D1FD:java.util.concurrent.CompletableFuture@55ecd7e8[Not completed]
2019-09-25 07:25:19,128 [pool-287-thread-1] INFO  impl.RaftServerImpl (RaftServerImpl.java:<init>(95)) - 4cb4b249-44c1-44b5-b888-23fcf00e7c3e: new RaftServerImpl for group-343BEF52D1FD:[4cb4b249-44c1-44b5-b888-23fcf00e7c3e:192.168.151.106:35673] with ContainerStateMachine:uninitialized
2019-09-25 07:25:19,128 [pool-287-thread-1] INFO  server.RaftServerConfigKeys (ConfUtils.java:logGet(43)) - raft.server.rpc.timeout.min = 5s (custom)
2019-09-25 07:25:19,129 [pool-287-thread-1] INFO  server.RaftServerConfigKeys (ConfUtils.java:logGet(43)) - raft.server.rpc.timeout.max = 5200ms (custom)
2019-09-25 07:25:19,129 [pool-287-thread-1] INFO  server.RaftServerConfigKeys (ConfUtils.java:logGet(43)) - raft.server.rpcslowness.timeout = 120s (custom)
2019-09-25 07:25:19,129 [pool-287-thread-1] INFO  server.RaftServerConfigKeys (ConfUtils.java:logGet(43)) - raft.server.sleep.deviation.threshold = 300 (default)
2019-09-25 07:25:19,129 [pool-287-thread-1] INFO  server.RaftServerConfigKeys (ConfUtils.java:logGet(43)) - raft.server.log.appender.install.snapshot.enabled = false (custom)
2019-09-25 07:25:19,129 [pool-287-thread-1] INFO  impl.RaftServerImpl (ServerState.java:<init>(103)) - 4cb4b249-44c1-44b5-b888-23fcf00e7c3e@group-343BEF52D1FD: ConfigurationManager, init=-1: [4cb4b249-44c1-44b5-b888-23fcf00e7c3e:192.168.151.106:35673], old=null, confs=<EMPTY_MAP>
2019-09-25 07:25:19,129 [pool-287-thread-1] INFO  server.RaftServerConfigKeys (ConfUtils.java:logGet(43)) - raft.server.storage.dir = [/workdir/hadoop-ozone/ozonefs/target/test-dir/MiniOzoneClusterImpl-10aaa320-0427-4efe-b245-6da614d0b375/datanode-1/data/ratis] (custom)
2019-09-25 07:25:19,130 [pool-287-thread-1] INFO  storage.RaftStorageDirectory (RaftStorageDirectory.java:analyzeStorage(246)) - The storage directory /workdir/hadoop-ozone/ozonefs/target/test-dir/MiniOzoneClusterImpl-10aaa320-0427-4efe-b245-6da614d0b375/datanode-1/data/ratis/a4b1be22-5625-4da6-826e-343bef52d1fd does not exist. Creating ...
2019-09-25 07:25:19,131 [main] INFO  ozone.MiniOzoneClusterImpl (MiniOzoneClusterImpl.java:lambda$waitForClusterToBeReady$0(147)) - Waiting for cluster to be ready. Got 2 of 3 DN Heartbeats.
2019-09-25 07:25:19,132 [IPC Server handler 0 on 36414] INFO  net.NetworkTopology (NetworkTopologyImpl.java:add(111)) - Added a new node: /default-rack/02ae206c-fcef-49cc-90ae-73b84a5bab29
2019-09-25 07:25:19,132 [IPC Server handler 0 on 36414] INFO  node.SCMNodeManager (SCMNodeManager.java:register(266)) - Registered Data node : 02ae206c-fcef-49cc-90ae-73b84a5bab29{ip: 192.168.151.106, host: pr-hdds-1569-x2sr2-3486766547, networkLocation: /default-rack, certSerialId: null}
2019-09-25 07:25:19,152 [pool-287-thread-1] INFO  storage.RaftStorageDirectory (RaftStorageDirectory.java:tryLock(328)) - Lock on /workdir/hadoop-ozone/ozonefs/target/test-dir/MiniOzoneClusterImpl-10aaa320-0427-4efe-b245-6da614d0b375/datanode-1/data/ratis/a4b1be22-5625-4da6-826e-343bef52d1fd/in_use.lock acquired by nodename 6556@pr-hdds-1569-x2sr2-3486766547
2019-09-25 07:25:19,167 [pool-287-thread-1] INFO  storage.RaftStorage (RaftStorage.java:format(72)) - Storage directory /workdir/hadoop-ozone/ozonefs/target/test-dir/MiniOzoneClusterImpl-10aaa320-0427-4efe-b245-6da614d0b375/datanode-1/data/ratis/a4b1be22-5625-4da6-826e-343bef52d1fd has been successfully formatted.
2019-09-25 07:25:19,167 [pool-287-thread-1] INFO  ratis.ContainerStateMachine (ContainerStateMachine.java:loadSnapshot(230)) - group-343BEF52D1FD: The snapshot info is null. Setting the last applied indexto:(t:0, i:~)
2019-09-25 07:25:19,168 [pool-287-thread-1] INFO  server.RaftServerConfigKeys (ConfUtils.java:logGet(43)) - raft.server.notification.no-leader.timeout = 120s (custom)
2019-09-25 07:25:19,168 [pool-287-thread-1] INFO  server.RaftServerConfigKeys (ConfUtils.java:logGet(43)) - raft.server.log.use.memory = false (default)
2019-09-25 07:25:19,168 [pool-287-thread-1] INFO  server.RaftServerConfigKeys (ConfUtils.java:logGet(43)) - raft.server.log.purge.gap = 1000000 (custom)
2019-09-25 07:25:19,168 [pool-287-thread-1] INFO  server.RaftServerConfigKeys (ConfUtils.java:logGet(43)) - raft.server.log.appender.buffer.byte-limit = 33554432 (custom)
2019-09-25 07:25:19,168 [pool-287-thread-1] INFO  server.RaftServerConfigKeys (ConfUtils.java:logGet(43)) - raft.server.log.segment.size.max = 1048576 (custom)
2019-09-25 07:25:19,168 [pool-287-thread-1] INFO  server.RaftServerConfigKeys (ConfUtils.java:logGet(43)) - raft.server.log.segment.cache.num.max = 2 (custom)
2019-09-25 07:25:19,168 [pool-287-thread-1] INFO  segmented.SegmentedRaftLogWorker (SegmentedRaftLogWorker.java:<init>(172)) - new 4cb4b249-44c1-44b5-b888-23fcf00e7c3e@group-343BEF52D1FD-SegmentedRaftLogWorker for RaftStorage:Storage Directory /workdir/hadoop-ozone/ozonefs/target/test-dir/MiniOzoneClusterImpl-10aaa320-0427-4efe-b245-6da614d0b375/datanode-1/data/ratis/a4b1be22-5625-4da6-826e-343bef52d1fd
2019-09-25 07:25:19,170 [pool-287-thread-1] INFO  server.RaftServerConfigKeys (ConfUtils.java:logGet(43)) - raft.server.log.queue.byte-limit = 2147483647 (custom)
2019-09-25 07:25:19,170 [pool-287-thread-1] INFO  server.RaftServerConfigKeys (ConfUtils.java:logGet(43)) - raft.server.log.queue.element-limit = 1024 (custom)
2019-09-25 07:25:19,170 [pool-287-thread-1] INFO  server.RaftServerConfigKeys (ConfUtils.java:logGet(43)) - raft.server.log.segment.size.max = 1048576 (custom)
2019-09-25 07:25:19,170 [pool-287-thread-1] INFO  server.RaftServerConfigKeys (ConfUtils.java:logGet(43)) - raft.server.log.preallocated.size = 16384 (custom)
2019-09-25 07:25:19,170 [pool-287-thread-1] INFO  server.RaftServerConfigKeys (ConfUtils.java:logGet(43)) - raft.server.log.write.buffer.size = 33554432 (custom)
2019-09-25 07:25:19,170 [pool-287-thread-1] INFO  server.RaftServerConfigKeys (ConfUtils.java:logGet(43)) - raft.server.log.force.sync.num = 128 (default)
2019-09-25 07:25:19,170 [pool-287-thread-1] INFO  server.RaftServerConfigKeys (ConfUtils.java:logGet(43)) - raft.server.log.statemachine.data.sync = true (default)
2019-09-25 07:25:19,171 [pool-287-thread-1] INFO  server.RaftServerConfigKeys (ConfUtils.java:logGet(43)) - raft.server.log.statemachine.data.sync.timeout = 10s (default)
2019-09-25 07:25:19,171 [pool-287-thread-1] INFO  server.RaftServerConfigKeys (ConfUtils.java:logGet(43)) - raft.server.log.statemachine.data.sync.timeout.retry = -1 (default)
2019-09-25 07:25:19,171 [pool-287-thread-1] INFO  server.RaftServerConfigKeys (ConfUtils.java:logGet(43)) - raft.server.log.statemachine.data.caching.enabled = true (custom)
2019-09-25 07:25:19,171 [pool-287-thread-1] INFO  segmented.SegmentedRaftLogWorker (SegmentedRaftLogWorker.java:lambda$new$0(132)) - 4cb4b249-44c1-44b5-b888-23fcf00e7c3e@group-343BEF52D1FD-SegmentedRaftLogWorker: flushIndex: setUnconditionally 0 -> -1
2019-09-25 07:25:19,171 [pool-287-thread-1] INFO  server.RaftServerConfigKeys (ConfUtils.java:logGet(43)) - raft.server.snapshot.auto.trigger.enabled = true (custom)
2019-09-25 07:25:19,172 [pool-287-thread-1] INFO  server.RaftServerConfigKeys (ConfUtils.java:logGet(43)) - raft.server.snapshot.auto.trigger.threshold = 10000 (custom)
2019-09-25 07:25:19,172 [pool-287-thread-1] INFO  server.RaftServerConfigKeys (ConfUtils.java:logGet(43)) - raft.server.snapshot.retention.num.files = 5 (custom)
2019-09-25 07:25:19,172 [pool-287-thread-1] INFO  server.RaftServerConfigKeys (ConfUtils.java:logGet(43)) - raft.server.retrycache.expirytime = 600000ms (custom)
2019-09-25 07:25:19,173 [pool-287-thread-1] INFO  impl.RaftServerImpl (RaftServerImpl.java:start(185)) - 4cb4b249-44c1-44b5-b888-23fcf00e7c3e@group-343BEF52D1FD: start as a follower, conf=-1: [4cb4b249-44c1-44b5-b888-23fcf00e7c3e:192.168.151.106:35673], old=null
2019-09-25 07:25:19,173 [pool-287-thread-1] INFO  impl.RaftServerImpl (RaftServerImpl.java:setRole(174)) - 4cb4b249-44c1-44b5-b888-23fcf00e7c3e@group-343BEF52D1FD: changes role from      null to FOLLOWER at term 0 for startAsFollower
2019-09-25 07:25:19,173 [pool-287-thread-1] INFO  impl.RoleInfo (RoleInfo.java:updateAndGet(143)) - 4cb4b249-44c1-44b5-b888-23fcf00e7c3e: start FollowerState
2019-09-25 07:25:19,174 [pool-287-thread-1] INFO  util.JmxRegister (JmxRegister.java:tryRegister(44)) - Successfully registered JMX Bean with object name Ratis:service=RaftServer,group=group-343BEF52D1FD,id=4cb4b249-44c1-44b5-b888-23fcf00e7c3e
2019-09-25 07:25:19,176 [RatisPipelineUtilsThread] INFO  pipeline.PipelineStateManager (PipelineStateManager.java:addPipeline(56)) - Created pipeline Pipeline[ Id: a4b1be22-5625-4da6-826e-343bef52d1fd, Nodes: 4cb4b249-44c1-44b5-b888-23fcf00e7c3e{ip: 192.168.151.106, host: pr-hdds-1569-x2sr2-3486766547, networkLocation: /default-rack, certSerialId: null}, Type:RATIS, Factor:ONE, State:OPEN]
2019-09-25 07:25:19,182 [grpc-default-executor-0] INFO  impl.RaftServerProxy (RaftServerProxy.java:addNew(89)) - 51c9978d-707e-4bc8-8e14-3bc0e19acfd9: addNew group-E4294A08890B:[51c9978d-707e-4bc8-8e14-3bc0e19acfd9:192.168.151.106:40511] returns group-E4294A08890B:java.util.concurrent.CompletableFuture@5fd178e5[Not completed]
2019-09-25 07:25:19,183 [pool-277-thread-1] INFO  impl.RaftServerImpl (RaftServerImpl.java:<init>(95)) - 51c9978d-707e-4bc8-8e14-3bc0e19acfd9: new RaftServerImpl for group-E4294A08890B:[51c9978d-707e-4bc8-8e14-3bc0e19acfd9:192.168.151.106:40511] with ContainerStateMachine:uninitialized
2019-09-25 07:25:19,183 [pool-277-thread-1] INFO  server.RaftServerConfigKeys (ConfUtils.java:logGet(43)) - raft.server.rpc.timeout.min = 5s (custom)
2019-09-25 07:25:19,183 [pool-277-thread-1] INFO  server.RaftServerConfigKeys (ConfUtils.java:logGet(43)) - raft.server.rpc.timeout.max = 5200ms (custom)
2019-09-25 07:25:19,183 [pool-277-thread-1] INFO  server.RaftServerConfigKeys (ConfUtils.java:logGet(43)) - raft.server.rpcslowness.timeout = 120s (custom)
2019-09-25 07:25:19,183 [pool-277-thread-1] INFO  server.RaftServerConfigKeys (ConfUtils.java:logGet(43)) - raft.server.sleep.deviation.threshold = 300 (default)
2019-09-25 07:25:19,184 [pool-277-thread-1] INFO  server.RaftServerConfigKeys (ConfUtils.java:logGet(43)) - raft.server.log.appender.install.snapshot.enabled = false (custom)
2019-09-25 07:25:19,184 [pool-277-thread-1] INFO  impl.RaftServerImpl (ServerState.java:<init>(103)) - 51c9978d-707e-4bc8-8e14-3bc0e19acfd9@group-E4294A08890B: ConfigurationManager, init=-1: [51c9978d-707e-4bc8-8e14-3bc0e19acfd9:192.168.151.106:40511], old=null, confs=<EMPTY_MAP>
2019-09-25 07:25:19,184 [pool-277-thread-1] INFO  server.RaftServerConfigKeys (ConfUtils.java:logGet(43)) - raft.server.storage.dir = [/workdir/hadoop-ozone/ozonefs/target/test-dir/MiniOzoneClusterImpl-10aaa320-0427-4efe-b245-6da614d0b375/datanode-0/data/ratis] (custom)
2019-09-25 07:25:19,184 [pool-277-thread-1] INFO  storage.RaftStorageDirectory (RaftStorageDirectory.java:analyzeStorage(246)) - The storage directory /workdir/hadoop-ozone/ozonefs/target/test-dir/MiniOzoneClusterImpl-10aaa320-0427-4efe-b245-6da614d0b375/datanode-0/data/ratis/6e9723da-e82e-4cb3-95e1-e4294a08890b does not exist. Creating ...
2019-09-25 07:25:19,198 [pool-277-thread-1] INFO  storage.RaftStorageDirectory (RaftStorageDirectory.java:tryLock(328)) - Lock on /workdir/hadoop-ozone/ozonefs/target/test-dir/MiniOzoneClusterImpl-10aaa320-0427-4efe-b245-6da614d0b375/datanode-0/data/ratis/6e9723da-e82e-4cb3-95e1-e4294a08890b/in_use.lock acquired by nodename 6556@pr-hdds-1569-x2sr2-3486766547
2019-09-25 07:25:19,211 [pool-277-thread-1] INFO  storage.RaftStorage (RaftStorage.java:format(72)) - Storage directory /workdir/hadoop-ozone/ozonefs/target/test-dir/MiniOzoneClusterImpl-10aaa320-0427-4efe-b245-6da614d0b375/datanode-0/data/ratis/6e9723da-e82e-4cb3-95e1-e4294a08890b has been successfully formatted.
2019-09-25 07:25:19,211 [pool-277-thread-1] INFO  ratis.ContainerStateMachine (ContainerStateMachine.java:loadSnapshot(230)) - group-E4294A08890B: The snapshot info is null. Setting the last applied indexto:(t:0, i:~)
2019-09-25 07:25:19,212 [pool-277-thread-1] INFO  server.RaftServerConfigKeys (ConfUtils.java:logGet(43)) - raft.server.notification.no-leader.timeout = 120s (custom)
2019-09-25 07:25:19,212 [pool-277-thread-1] INFO  server.RaftServerConfigKeys (ConfUtils.java:logGet(43)) - raft.server.log.use.memory = false (default)
2019-09-25 07:25:19,212 [pool-277-thread-1] INFO  server.RaftServerConfigKeys (ConfUtils.java:logGet(43)) - raft.server.log.purge.gap = 1000000 (custom)
2019-09-25 07:25:19,212 [pool-277-thread-1] INFO  server.RaftServerConfigKeys (ConfUtils.java:logGet(43)) - raft.server.log.appender.buffer.byte-limit = 33554432 (custom)
2019-09-25 07:25:19,212 [pool-277-thread-1] INFO  server.RaftServerConfigKeys (ConfUtils.java:logGet(43)) - raft.server.log.segment.size.max = 1048576 (custom)
2019-09-25 07:25:19,212 [pool-277-thread-1] INFO  server.RaftServerConfigKeys (ConfUtils.java:logGet(43)) - raft.server.log.segment.cache.num.max = 2 (custom)
2019-09-25 07:25:19,212 [pool-277-thread-1] INFO  segmented.SegmentedRaftLogWorker (SegmentedRaftLogWorker.java:<init>(172)) - new 51c9978d-707e-4bc8-8e14-3bc0e19acfd9@group-E4294A08890B-SegmentedRaftLogWorker for RaftStorage:Storage Directory /workdir/hadoop-ozone/ozonefs/target/test-dir/MiniOzoneClusterImpl-10aaa320-0427-4efe-b245-6da614d0b375/datanode-0/data/ratis/6e9723da-e82e-4cb3-95e1-e4294a08890b
2019-09-25 07:25:19,212 [pool-277-thread-1] INFO  server.RaftServerConfigKeys (ConfUtils.java:logGet(43)) - raft.server.log.queue.byte-limit = 2147483647 (custom)
2019-09-25 07:25:19,212 [pool-277-thread-1] INFO  server.RaftServerConfigKeys (ConfUtils.java:logGet(43)) - raft.server.log.queue.element-limit = 1024 (custom)
2019-09-25 07:25:19,212 [pool-277-thread-1] INFO  server.RaftServerConfigKeys (ConfUtils.java:logGet(43)) - raft.server.log.segment.size.max = 1048576 (custom)
2019-09-25 07:25:19,213 [pool-277-thread-1] INFO  server.RaftServerConfigKeys (ConfUtils.java:logGet(43)) - raft.server.log.preallocated.size = 16384 (custom)
2019-09-25 07:25:19,213 [pool-277-thread-1] INFO  server.RaftServerConfigKeys (ConfUtils.java:logGet(43)) - raft.server.log.write.buffer.size = 33554432 (custom)
2019-09-25 07:25:19,213 [pool-277-thread-1] INFO  server.RaftServerConfigKeys (ConfUtils.java:logGet(43)) - raft.server.log.force.sync.num = 128 (default)
2019-09-25 07:25:19,213 [pool-277-thread-1] INFO  server.RaftServerConfigKeys (ConfUtils.java:logGet(43)) - raft.server.log.statemachine.data.sync = true (default)
2019-09-25 07:25:19,213 [pool-277-thread-1] INFO  server.RaftServerConfigKeys (ConfUtils.java:logGet(43)) - raft.server.log.statemachine.data.sync.timeout = 10s (default)
2019-09-25 07:25:19,213 [pool-277-thread-1] INFO  server.RaftServerConfigKeys (ConfUtils.java:logGet(43)) - raft.server.log.statemachine.data.sync.timeout.retry = -1 (default)
2019-09-25 07:25:19,213 [pool-277-thread-1] INFO  server.RaftServerConfigKeys (ConfUtils.java:logGet(43)) - raft.server.log.statemachine.data.caching.enabled = true (custom)
2019-09-25 07:25:19,213 [pool-277-thread-1] INFO  segmented.SegmentedRaftLogWorker (SegmentedRaftLogWorker.java:lambda$new$0(132)) - 51c9978d-707e-4bc8-8e14-3bc0e19acfd9@group-E4294A08890B-SegmentedRaftLogWorker: flushIndex: setUnconditionally 0 -> -1
2019-09-25 07:25:19,214 [pool-277-thread-1] INFO  server.RaftServerConfigKeys (ConfUtils.java:logGet(43)) - raft.server.snapshot.auto.trigger.enabled = true (custom)
2019-09-25 07:25:19,214 [pool-277-thread-1] INFO  server.RaftServerConfigKeys (ConfUtils.java:logGet(43)) - raft.server.snapshot.auto.trigger.threshold = 10000 (custom)
2019-09-25 07:25:19,214 [pool-277-thread-1] INFO  server.RaftServerConfigKeys (ConfUtils.java:logGet(43)) - raft.server.snapshot.retention.num.files = 5 (custom)
2019-09-25 07:25:19,214 [pool-277-thread-1] INFO  server.RaftServerConfigKeys (ConfUtils.java:logGet(43)) - raft.server.retrycache.expirytime = 600000ms (custom)
2019-09-25 07:25:19,215 [pool-277-thread-1] INFO  impl.RaftServerImpl (RaftServerImpl.java:start(185)) - 51c9978d-707e-4bc8-8e14-3bc0e19acfd9@group-E4294A08890B: start as a follower, conf=-1: [51c9978d-707e-4bc8-8e14-3bc0e19acfd9:192.168.151.106:40511], old=null
2019-09-25 07:25:19,215 [pool-277-thread-1] INFO  impl.RaftServerImpl (RaftServerImpl.java:setRole(174)) - 51c9978d-707e-4bc8-8e14-3bc0e19acfd9@group-E4294A08890B: changes role from      null to FOLLOWER at term 0 for startAsFollower
2019-09-25 07:25:19,215 [pool-277-thread-1] INFO  impl.RoleInfo (RoleInfo.java:updateAndGet(143)) - 51c9978d-707e-4bc8-8e14-3bc0e19acfd9: start FollowerState
2019-09-25 07:25:19,216 [pool-277-thread-1] INFO  util.JmxRegister (JmxRegister.java:tryRegister(44)) - Successfully registered JMX Bean with object name Ratis:service=RaftServer,group=group-E4294A08890B,id=51c9978d-707e-4bc8-8e14-3bc0e19acfd9
2019-09-25 07:25:19,218 [RatisPipelineUtilsThread] INFO  pipeline.PipelineStateManager (PipelineStateManager.java:addPipeline(56)) - Created pipeline Pipeline[ Id: 6e9723da-e82e-4cb3-95e1-e4294a08890b, Nodes: 51c9978d-707e-4bc8-8e14-3bc0e19acfd9{ip: 192.168.151.106, host: pr-hdds-1569-x2sr2-3486766547, networkLocation: /default-rack, certSerialId: null}, Type:RATIS, Factor:ONE, State:OPEN]
2019-09-25 07:25:19,223 [grpc-default-executor-0] INFO  impl.RaftServerProxy (RaftServerProxy.java:addNew(89)) - 4cb4b249-44c1-44b5-b888-23fcf00e7c3e: addNew group-E1808D574678:[4cb4b249-44c1-44b5-b888-23fcf00e7c3e:192.168.151.106:35673] returns group-E1808D574678:java.util.concurrent.CompletableFuture@1a0575e6[Not completed]
2019-09-25 07:25:19,224 [pool-287-thread-1] INFO  impl.RaftServerImpl (RaftServerImpl.java:<init>(95)) - 4cb4b249-44c1-44b5-b888-23fcf00e7c3e: new RaftServerImpl for group-E1808D574678:[4cb4b249-44c1-44b5-b888-23fcf00e7c3e:192.168.151.106:35673] with ContainerStateMachine:uninitialized
2019-09-25 07:25:19,224 [pool-287-thread-1] INFO  server.RaftServerConfigKeys (ConfUtils.java:logGet(43)) - raft.server.rpc.timeout.min = 5s (custom)
2019-09-25 07:25:19,225 [pool-287-thread-1] INFO  server.RaftServerConfigKeys (ConfUtils.java:logGet(43)) - raft.server.rpc.timeout.max = 5200ms (custom)
2019-09-25 07:25:19,225 [pool-287-thread-1] INFO  server.RaftServerConfigKeys (ConfUtils.java:logGet(43)) - raft.server.rpcslowness.timeout = 120s (custom)
2019-09-25 07:25:19,225 [pool-287-thread-1] INFO  server.RaftServerConfigKeys (ConfUtils.java:logGet(43)) - raft.server.sleep.deviation.threshold = 300 (default)
2019-09-25 07:25:19,225 [pool-287-thread-1] INFO  server.RaftServerConfigKeys (ConfUtils.java:logGet(43)) - raft.server.log.appender.install.snapshot.enabled = false (custom)
2019-09-25 07:25:19,225 [pool-287-thread-1] INFO  impl.RaftServerImpl (ServerState.java:<init>(103)) - 4cb4b249-44c1-44b5-b888-23fcf00e7c3e@group-E1808D574678: ConfigurationManager, init=-1: [4cb4b249-44c1-44b5-b888-23fcf00e7c3e:192.168.151.106:35673], old=null, confs=<EMPTY_MAP>
2019-09-25 07:25:19,225 [pool-287-thread-1] INFO  server.RaftServerConfigKeys (ConfUtils.java:logGet(43)) - raft.server.storage.dir = [/workdir/hadoop-ozone/ozonefs/target/test-dir/MiniOzoneClusterImpl-10aaa320-0427-4efe-b245-6da614d0b375/datanode-1/data/ratis] (custom)
2019-09-25 07:25:19,225 [pool-287-thread-1] INFO  storage.RaftStorageDirectory (RaftStorageDirectory.java:analyzeStorage(246)) - The storage directory /workdir/hadoop-ozone/ozonefs/target/test-dir/MiniOzoneClusterImpl-10aaa320-0427-4efe-b245-6da614d0b375/datanode-1/data/ratis/0d6ac5b6-b5c0-4a35-b4bd-e1808d574678 does not exist. Creating ...
2019-09-25 07:25:19,241 [pool-287-thread-1] INFO  storage.RaftStorageDirectory (RaftStorageDirectory.java:tryLock(328)) - Lock on /workdir/hadoop-ozone/ozonefs/target/test-dir/MiniOzoneClusterImpl-10aaa320-0427-4efe-b245-6da614d0b375/datanode-1/data/ratis/0d6ac5b6-b5c0-4a35-b4bd-e1808d574678/in_use.lock acquired by nodename 6556@pr-hdds-1569-x2sr2-3486766547
2019-09-25 07:25:19,268 [pool-287-thread-1] INFO  storage.RaftStorage (RaftStorage.java:format(72)) - Storage directory /workdir/hadoop-ozone/ozonefs/target/test-dir/MiniOzoneClusterImpl-10aaa320-0427-4efe-b245-6da614d0b375/datanode-1/data/ratis/0d6ac5b6-b5c0-4a35-b4bd-e1808d574678 has been successfully formatted.
2019-09-25 07:25:19,269 [pool-287-thread-1] INFO  ratis.ContainerStateMachine (ContainerStateMachine.java:loadSnapshot(230)) - group-E1808D574678: The snapshot info is null. Setting the last applied indexto:(t:0, i:~)
2019-09-25 07:25:19,269 [pool-287-thread-1] INFO  server.RaftServerConfigKeys (ConfUtils.java:logGet(43)) - raft.server.notification.no-leader.timeout = 120s (custom)
2019-09-25 07:25:19,269 [pool-287-thread-1] INFO  server.RaftServerConfigKeys (ConfUtils.java:logGet(43)) - raft.server.log.use.memory = false (default)
2019-09-25 07:25:19,269 [pool-287-thread-1] INFO  server.RaftServerConfigKeys (ConfUtils.java:logGet(43)) - raft.server.log.purge.gap = 1000000 (custom)
2019-09-25 07:25:19,269 [pool-287-thread-1] INFO  server.RaftServerConfigKeys (ConfUtils.java:logGet(43)) - raft.server.log.appender.buffer.byte-limit = 33554432 (custom)
2019-09-25 07:25:19,269 [pool-287-thread-1] INFO  server.RaftServerConfigKeys (ConfUtils.java:logGet(43)) - raft.server.log.segment.size.max = 1048576 (custom)
2019-09-25 07:25:19,269 [pool-287-thread-1] INFO  server.RaftServerConfigKeys (ConfUtils.java:logGet(43)) - raft.server.log.segment.cache.num.max = 2 (custom)
2019-09-25 07:25:19,270 [pool-287-thread-1] INFO  segmented.SegmentedRaftLogWorker (SegmentedRaftLogWorker.java:<init>(172)) - new 4cb4b249-44c1-44b5-b888-23fcf00e7c3e@group-E1808D574678-SegmentedRaftLogWorker for RaftStorage:Storage Directory /workdir/hadoop-ozone/ozonefs/target/test-dir/MiniOzoneClusterImpl-10aaa320-0427-4efe-b245-6da614d0b375/datanode-1/data/ratis/0d6ac5b6-b5c0-4a35-b4bd-e1808d574678
2019-09-25 07:25:19,270 [pool-287-thread-1] INFO  server.RaftServerConfigKeys (ConfUtils.java:logGet(43)) - raft.server.log.queue.byte-limit = 2147483647 (custom)
2019-09-25 07:25:19,270 [pool-287-thread-1] INFO  server.RaftServerConfigKeys (ConfUtils.java:logGet(43)) - raft.server.log.queue.element-limit = 1024 (custom)
2019-09-25 07:25:19,270 [pool-287-thread-1] INFO  server.RaftServerConfigKeys (ConfUtils.java:logGet(43)) - raft.server.log.segment.size.max = 1048576 (custom)
2019-09-25 07:25:19,270 [pool-287-thread-1] INFO  server.RaftServerConfigKeys (ConfUtils.java:logGet(43)) - raft.server.log.preallocated.size = 16384 (custom)
2019-09-25 07:25:19,270 [pool-287-thread-1] INFO  server.RaftServerConfigKeys (ConfUtils.java:logGet(43)) - raft.server.log.write.buffer.size = 33554432 (custom)
2019-09-25 07:25:19,270 [pool-287-thread-1] INFO  server.RaftServerConfigKeys (ConfUtils.java:logGet(43)) - raft.server.log.force.sync.num = 128 (default)
2019-09-25 07:25:19,270 [pool-287-thread-1] INFO  server.RaftServerConfigKeys (ConfUtils.java:logGet(43)) - raft.server.log.statemachine.data.sync = true (default)
2019-09-25 07:25:19,271 [pool-287-thread-1] INFO  server.RaftServerConfigKeys (ConfUtils.java:logGet(43)) - raft.server.log.statemachine.data.sync.timeout = 10s (default)
2019-09-25 07:25:19,271 [pool-287-thread-1] INFO  server.RaftServerConfigKeys (ConfUtils.java:logGet(43)) - raft.server.log.statemachine.data.sync.timeout.retry = -1 (default)
2019-09-25 07:25:19,271 [pool-287-thread-1] INFO  server.RaftServerConfigKeys (ConfUtils.java:logGet(43)) - raft.server.log.statemachine.data.caching.enabled = true (custom)
2019-09-25 07:25:19,271 [pool-287-thread-1] INFO  segmented.SegmentedRaftLogWorker (SegmentedRaftLogWorker.java:lambda$new$0(132)) - 4cb4b249-44c1-44b5-b888-23fcf00e7c3e@group-E1808D574678-SegmentedRaftLogWorker: flushIndex: setUnconditionally 0 -> -1
2019-09-25 07:25:19,272 [pool-287-thread-1] INFO  server.RaftServerConfigKeys (ConfUtils.java:logGet(43)) - raft.server.snapshot.auto.trigger.enabled = true (custom)
2019-09-25 07:25:19,272 [pool-287-thread-1] INFO  server.RaftServerConfigKeys (ConfUtils.java:logGet(43)) - raft.server.snapshot.auto.trigger.threshold = 10000 (custom)
2019-09-25 07:25:19,272 [pool-287-thread-1] INFO  server.RaftServerConfigKeys (ConfUtils.java:logGet(43)) - raft.server.snapshot.retention.num.files = 5 (custom)
2019-09-25 07:25:19,272 [pool-287-thread-1] INFO  server.RaftServerConfigKeys (ConfUtils.java:logGet(43)) - raft.server.retrycache.expirytime = 600000ms (custom)
2019-09-25 07:25:19,274 [pool-287-thread-1] INFO  impl.RaftServerImpl (RaftServerImpl.java:start(185)) - 4cb4b249-44c1-44b5-b888-23fcf00e7c3e@group-E1808D574678: start as a follower, conf=-1: [4cb4b249-44c1-44b5-b888-23fcf00e7c3e:192.168.151.106:35673], old=null
2019-09-25 07:25:19,274 [pool-287-thread-1] INFO  impl.RaftServerImpl (RaftServerImpl.java:setRole(174)) - 4cb4b249-44c1-44b5-b888-23fcf00e7c3e@group-E1808D574678: changes role from      null to FOLLOWER at term 0 for startAsFollower
2019-09-25 07:25:19,274 [pool-287-thread-1] INFO  impl.RoleInfo (RoleInfo.java:updateAndGet(143)) - 4cb4b249-44c1-44b5-b888-23fcf00e7c3e: start FollowerState
2019-09-25 07:25:19,274 [pool-287-thread-1] INFO  util.JmxRegister (JmxRegister.java:tryRegister(44)) - Successfully registered JMX Bean with object name Ratis:service=RaftServer,group=group-E1808D574678,id=4cb4b249-44c1-44b5-b888-23fcf00e7c3e
2019-09-25 07:25:19,277 [RatisPipelineUtilsThread] INFO  pipeline.PipelineStateManager (PipelineStateManager.java:addPipeline(56)) - Created pipeline Pipeline[ Id: 0d6ac5b6-b5c0-4a35-b4bd-e1808d574678, Nodes: 4cb4b249-44c1-44b5-b888-23fcf00e7c3e{ip: 192.168.151.106, host: pr-hdds-1569-x2sr2-3486766547, networkLocation: /default-rack, certSerialId: null}, Type:RATIS, Factor:ONE, State:OPEN]
2019-09-25 07:25:19,282 [grpc-default-executor-0] INFO  impl.RaftServerProxy (RaftServerProxy.java:addNew(89)) - 51c9978d-707e-4bc8-8e14-3bc0e19acfd9: addNew group-416CB926C446:[51c9978d-707e-4bc8-8e14-3bc0e19acfd9:192.168.151.106:40511] returns group-416CB926C446:java.util.concurrent.CompletableFuture@35fe231e[Not completed]
2019-09-25 07:25:19,283 [pool-277-thread-1] INFO  impl.RaftServerImpl (RaftServerImpl.java:<init>(95)) - 51c9978d-707e-4bc8-8e14-3bc0e19acfd9: new RaftServerImpl for group-416CB926C446:[51c9978d-707e-4bc8-8e14-3bc0e19acfd9:192.168.151.106:40511] with ContainerStateMachine:uninitialized
2019-09-25 07:25:19,283 [pool-277-thread-1] INFO  server.RaftServerConfigKeys (ConfUtils.java:logGet(43)) - raft.server.rpc.timeout.min = 5s (custom)
2019-09-25 07:25:19,283 [pool-277-thread-1] INFO  server.RaftServerConfigKeys (ConfUtils.java:logGet(43)) - raft.server.rpc.timeout.max = 5200ms (custom)
2019-09-25 07:25:19,283 [pool-277-thread-1] INFO  server.RaftServerConfigKeys (ConfUtils.java:logGet(43)) - raft.server.rpcslowness.timeout = 120s (custom)
2019-09-25 07:25:19,284 [pool-277-thread-1] INFO  server.RaftServerConfigKeys (ConfUtils.java:logGet(43)) - raft.server.sleep.deviation.threshold = 300 (default)
2019-09-25 07:25:19,284 [pool-277-thread-1] INFO  server.RaftServerConfigKeys (ConfUtils.java:logGet(43)) - raft.server.log.appender.install.snapshot.enabled = false (custom)
2019-09-25 07:25:19,284 [pool-277-thread-1] INFO  impl.RaftServerImpl (ServerState.java:<init>(103)) - 51c9978d-707e-4bc8-8e14-3bc0e19acfd9@group-416CB926C446: ConfigurationManager, init=-1: [51c9978d-707e-4bc8-8e14-3bc0e19acfd9:192.168.151.106:40511], old=null, confs=<EMPTY_MAP>
2019-09-25 07:25:19,284 [pool-277-thread-1] INFO  server.RaftServerConfigKeys (ConfUtils.java:logGet(43)) - raft.server.storage.dir = [/workdir/hadoop-ozone/ozonefs/target/test-dir/MiniOzoneClusterImpl-10aaa320-0427-4efe-b245-6da614d0b375/datanode-0/data/ratis] (custom)
2019-09-25 07:25:19,284 [pool-277-thread-1] INFO  storage.RaftStorageDirectory (RaftStorageDirectory.java:analyzeStorage(246)) - The storage directory /workdir/hadoop-ozone/ozonefs/target/test-dir/MiniOzoneClusterImpl-10aaa320-0427-4efe-b245-6da614d0b375/datanode-0/data/ratis/260aedfe-ed4c-4fe6-84fb-416cb926c446 does not exist. Creating ...
2019-09-25 07:25:19,302 [pool-277-thread-1] INFO  storage.RaftStorageDirectory (RaftStorageDirectory.java:tryLock(328)) - Lock on /workdir/hadoop-ozone/ozonefs/target/test-dir/MiniOzoneClusterImpl-10aaa320-0427-4efe-b245-6da614d0b375/datanode-0/data/ratis/260aedfe-ed4c-4fe6-84fb-416cb926c446/in_use.lock acquired by nodename 6556@pr-hdds-1569-x2sr2-3486766547
2019-09-25 07:25:19,327 [pool-277-thread-1] INFO  storage.RaftStorage (RaftStorage.java:format(72)) - Storage directory /workdir/hadoop-ozone/ozonefs/target/test-dir/MiniOzoneClusterImpl-10aaa320-0427-4efe-b245-6da614d0b375/datanode-0/data/ratis/260aedfe-ed4c-4fe6-84fb-416cb926c446 has been successfully formatted.
2019-09-25 07:25:19,328 [pool-277-thread-1] INFO  ratis.ContainerStateMachine (ContainerStateMachine.java:loadSnapshot(230)) - group-416CB926C446: The snapshot info is null. Setting the last applied indexto:(t:0, i:~)
2019-09-25 07:25:19,328 [pool-277-thread-1] INFO  server.RaftServerConfigKeys (ConfUtils.java:logGet(43)) - raft.server.notification.no-leader.timeout = 120s (custom)
2019-09-25 07:25:19,328 [pool-277-thread-1] INFO  server.RaftServerConfigKeys (ConfUtils.java:logGet(43)) - raft.server.log.use.memory = false (default)
2019-09-25 07:25:19,328 [pool-277-thread-1] INFO  server.RaftServerConfigKeys (ConfUtils.java:logGet(43)) - raft.server.log.purge.gap = 1000000 (custom)
2019-09-25 07:25:19,328 [pool-277-thread-1] INFO  server.RaftServerConfigKeys (ConfUtils.java:logGet(43)) - raft.server.log.appender.buffer.byte-limit = 33554432 (custom)
2019-09-25 07:25:19,328 [pool-277-thread-1] INFO  server.RaftServerConfigKeys (ConfUtils.java:logGet(43)) - raft.server.log.segment.size.max = 1048576 (custom)
2019-09-25 07:25:19,328 [pool-277-thread-1] INFO  server.RaftServerConfigKeys (ConfUtils.java:logGet(43)) - raft.server.log.segment.cache.num.max = 2 (custom)
2019-09-25 07:25:19,329 [pool-277-thread-1] INFO  segmented.SegmentedRaftLogWorker (SegmentedRaftLogWorker.java:<init>(172)) - new 51c9978d-707e-4bc8-8e14-3bc0e19acfd9@group-416CB926C446-SegmentedRaftLogWorker for RaftStorage:Storage Directory /workdir/hadoop-ozone/ozonefs/target/test-dir/MiniOzoneClusterImpl-10aaa320-0427-4efe-b245-6da614d0b375/datanode-0/data/ratis/260aedfe-ed4c-4fe6-84fb-416cb926c446
2019-09-25 07:25:19,329 [pool-277-thread-1] INFO  server.RaftServerConfigKeys (ConfUtils.java:logGet(43)) - raft.server.log.queue.byte-limit = 2147483647 (custom)
2019-09-25 07:25:19,329 [pool-277-thread-1] INFO  server.RaftServerConfigKeys (ConfUtils.java:logGet(43)) - raft.server.log.queue.element-limit = 1024 (custom)
2019-09-25 07:25:19,329 [pool-277-thread-1] INFO  server.RaftServerConfigKeys (ConfUtils.java:logGet(43)) - raft.server.log.segment.size.max = 1048576 (custom)
2019-09-25 07:25:19,329 [pool-277-thread-1] INFO  server.RaftServerConfigKeys (ConfUtils.java:logGet(43)) - raft.server.log.preallocated.size = 16384 (custom)
2019-09-25 07:25:19,329 [pool-277-thread-1] INFO  server.RaftServerConfigKeys (ConfUtils.java:logGet(43)) - raft.server.log.write.buffer.size = 33554432 (custom)
2019-09-25 07:25:19,329 [pool-277-thread-1] INFO  server.RaftServerConfigKeys (ConfUtils.java:logGet(43)) - raft.server.log.force.sync.num = 128 (default)
2019-09-25 07:25:19,329 [pool-277-thread-1] INFO  server.RaftServerConfigKeys (ConfUtils.java:logGet(43)) - raft.server.log.statemachine.data.sync = true (default)
2019-09-25 07:25:19,329 [pool-277-thread-1] INFO  server.RaftServerConfigKeys (ConfUtils.java:logGet(43)) - raft.server.log.statemachine.data.sync.timeout = 10s (default)
2019-09-25 07:25:19,330 [pool-277-thread-1] INFO  server.RaftServerConfigKeys (ConfUtils.java:logGet(43)) - raft.server.log.statemachine.data.sync.timeout.retry = -1 (default)
2019-09-25 07:25:19,330 [pool-277-thread-1] INFO  server.RaftServerConfigKeys (ConfUtils.java:logGet(43)) - raft.server.log.statemachine.data.caching.enabled = true (custom)
2019-09-25 07:25:19,330 [pool-277-thread-1] INFO  segmented.SegmentedRaftLogWorker (SegmentedRaftLogWorker.java:lambda$new$0(132)) - 51c9978d-707e-4bc8-8e14-3bc0e19acfd9@group-416CB926C446-SegmentedRaftLogWorker: flushIndex: setUnconditionally 0 -> -1
2019-09-25 07:25:19,330 [pool-277-thread-1] INFO  server.RaftServerConfigKeys (ConfUtils.java:logGet(43)) - raft.server.snapshot.auto.trigger.enabled = true (custom)
2019-09-25 07:25:19,330 [pool-277-thread-1] INFO  server.RaftServerConfigKeys (ConfUtils.java:logGet(43)) - raft.server.snapshot.auto.trigger.threshold = 10000 (custom)
2019-09-25 07:25:19,331 [pool-277-thread-1] INFO  server.RaftServerConfigKeys (ConfUtils.java:logGet(43)) - raft.server.snapshot.retention.num.files = 5 (custom)
2019-09-25 07:25:19,331 [pool-277-thread-1] INFO  server.RaftServerConfigKeys (ConfUtils.java:logGet(43)) - raft.server.retrycache.expirytime = 600000ms (custom)
2019-09-25 07:25:19,332 [pool-277-thread-1] INFO  impl.RaftServerImpl (RaftServerImpl.java:start(185)) - 51c9978d-707e-4bc8-8e14-3bc0e19acfd9@group-416CB926C446: start as a follower, conf=-1: [51c9978d-707e-4bc8-8e14-3bc0e19acfd9:192.168.151.106:40511], old=null
2019-09-25 07:25:19,333 [pool-277-thread-1] INFO  impl.RaftServerImpl (RaftServerImpl.java:setRole(174)) - 51c9978d-707e-4bc8-8e14-3bc0e19acfd9@group-416CB926C446: changes role from      null to FOLLOWER at term 0 for startAsFollower
2019-09-25 07:25:19,333 [pool-277-thread-1] INFO  impl.RoleInfo (RoleInfo.java:updateAndGet(143)) - 51c9978d-707e-4bc8-8e14-3bc0e19acfd9: start FollowerState
2019-09-25 07:25:19,333 [pool-277-thread-1] INFO  util.JmxRegister (JmxRegister.java:tryRegister(44)) - Successfully registered JMX Bean with object name Ratis:service=RaftServer,group=group-416CB926C446,id=51c9978d-707e-4bc8-8e14-3bc0e19acfd9
2019-09-25 07:25:19,336 [RatisPipelineUtilsThread] INFO  pipeline.PipelineStateManager (PipelineStateManager.java:addPipeline(56)) - Created pipeline Pipeline[ Id: 260aedfe-ed4c-4fe6-84fb-416cb926c446, Nodes: 51c9978d-707e-4bc8-8e14-3bc0e19acfd9{ip: 192.168.151.106, host: pr-hdds-1569-x2sr2-3486766547, networkLocation: /default-rack, certSerialId: null}, Type:RATIS, Factor:ONE, State:OPEN]
2019-09-25 07:25:19,341 [grpc-default-executor-0] INFO  impl.RaftServerProxy (RaftServerProxy.java:addNew(89)) - 4cb4b249-44c1-44b5-b888-23fcf00e7c3e: addNew group-008A3ADDCB5C:[4cb4b249-44c1-44b5-b888-23fcf00e7c3e:192.168.151.106:35673] returns group-008A3ADDCB5C:java.util.concurrent.CompletableFuture@a1108c[Not completed]
2019-09-25 07:25:19,342 [pool-287-thread-1] INFO  impl.RaftServerImpl (RaftServerImpl.java:<init>(95)) - 4cb4b249-44c1-44b5-b888-23fcf00e7c3e: new RaftServerImpl for group-008A3ADDCB5C:[4cb4b249-44c1-44b5-b888-23fcf00e7c3e:192.168.151.106:35673] with ContainerStateMachine:uninitialized
2019-09-25 07:25:19,343 [pool-287-thread-1] INFO  server.RaftServerConfigKeys (ConfUtils.java:logGet(43)) - raft.server.rpc.timeout.min = 5s (custom)
2019-09-25 07:25:19,343 [pool-287-thread-1] INFO  server.RaftServerConfigKeys (ConfUtils.java:logGet(43)) - raft.server.rpc.timeout.max = 5200ms (custom)
2019-09-25 07:25:19,343 [pool-287-thread-1] INFO  server.RaftServerConfigKeys (ConfUtils.java:logGet(43)) - raft.server.rpcslowness.timeout = 120s (custom)
2019-09-25 07:25:19,343 [pool-287-thread-1] INFO  server.RaftServerConfigKeys (ConfUtils.java:logGet(43)) - raft.server.sleep.deviation.threshold = 300 (default)
2019-09-25 07:25:19,343 [pool-287-thread-1] INFO  server.RaftServerConfigKeys (ConfUtils.java:logGet(43)) - raft.server.log.appender.install.snapshot.enabled = false (custom)
2019-09-25 07:25:19,343 [pool-287-thread-1] INFO  impl.RaftServerImpl (ServerState.java:<init>(103)) - 4cb4b249-44c1-44b5-b888-23fcf00e7c3e@group-008A3ADDCB5C: ConfigurationManager, init=-1: [4cb4b249-44c1-44b5-b888-23fcf00e7c3e:192.168.151.106:35673], old=null, confs=<EMPTY_MAP>
2019-09-25 07:25:19,343 [pool-287-thread-1] INFO  server.RaftServerConfigKeys (ConfUtils.java:logGet(43)) - raft.server.storage.dir = [/workdir/hadoop-ozone/ozonefs/target/test-dir/MiniOzoneClusterImpl-10aaa320-0427-4efe-b245-6da614d0b375/datanode-1/data/ratis] (custom)
2019-09-25 07:25:19,344 [pool-287-thread-1] INFO  storage.RaftStorageDirectory (RaftStorageDirectory.java:analyzeStorage(246)) - The storage directory /workdir/hadoop-ozone/ozonefs/target/test-dir/MiniOzoneClusterImpl-10aaa320-0427-4efe-b245-6da614d0b375/datanode-1/data/ratis/05b5fec6-2a22-4f04-9d71-008a3addcb5c does not exist. Creating ...
2019-09-25 07:25:19,367 [pool-287-thread-1] INFO  storage.RaftStorageDirectory (RaftStorageDirectory.java:tryLock(328)) - Lock on /workdir/hadoop-ozone/ozonefs/target/test-dir/MiniOzoneClusterImpl-10aaa320-0427-4efe-b245-6da614d0b375/datanode-1/data/ratis/05b5fec6-2a22-4f04-9d71-008a3addcb5c/in_use.lock acquired by nodename 6556@pr-hdds-1569-x2sr2-3486766547
2019-09-25 07:25:19,390 [pool-287-thread-1] INFO  storage.RaftStorage (RaftStorage.java:format(72)) - Storage directory /workdir/hadoop-ozone/ozonefs/target/test-dir/MiniOzoneClusterImpl-10aaa320-0427-4efe-b245-6da614d0b375/datanode-1/data/ratis/05b5fec6-2a22-4f04-9d71-008a3addcb5c has been successfully formatted.
2019-09-25 07:25:19,391 [pool-287-thread-1] INFO  ratis.ContainerStateMachine (ContainerStateMachine.java:loadSnapshot(230)) - group-008A3ADDCB5C: The snapshot info is null. Setting the last applied indexto:(t:0, i:~)
2019-09-25 07:25:19,391 [pool-287-thread-1] INFO  server.RaftServerConfigKeys (ConfUtils.java:logGet(43)) - raft.server.notification.no-leader.timeout = 120s (custom)
2019-09-25 07:25:19,391 [pool-287-thread-1] INFO  server.RaftServerConfigKeys (ConfUtils.java:logGet(43)) - raft.server.log.use.memory = false (default)
2019-09-25 07:25:19,391 [pool-287-thread-1] INFO  server.RaftServerConfigKeys (ConfUtils.java:logGet(43)) - raft.server.log.purge.gap = 1000000 (custom)
2019-09-25 07:25:19,391 [pool-287-thread-1] INFO  server.RaftServerConfigKeys (ConfUtils.java:logGet(43)) - raft.server.log.appender.buffer.byte-limit = 33554432 (custom)
2019-09-25 07:25:19,391 [pool-287-thread-1] INFO  server.RaftServerConfigKeys (ConfUtils.java:logGet(43)) - raft.server.log.segment.size.max = 1048576 (custom)
2019-09-25 07:25:19,392 [pool-287-thread-1] INFO  server.RaftServerConfigKeys (ConfUtils.java:logGet(43)) - raft.server.log.segment.cache.num.max = 2 (custom)
2019-09-25 07:25:19,392 [pool-287-thread-1] INFO  segmented.SegmentedRaftLogWorker (SegmentedRaftLogWorker.java:<init>(172)) - new 4cb4b249-44c1-44b5-b888-23fcf00e7c3e@group-008A3ADDCB5C-SegmentedRaftLogWorker for RaftStorage:Storage Directory /workdir/hadoop-ozone/ozonefs/target/test-dir/MiniOzoneClusterImpl-10aaa320-0427-4efe-b245-6da614d0b375/datanode-1/data/ratis/05b5fec6-2a22-4f04-9d71-008a3addcb5c
2019-09-25 07:25:19,392 [pool-287-thread-1] INFO  server.RaftServerConfigKeys (ConfUtils.java:logGet(43)) - raft.server.log.queue.byte-limit = 2147483647 (custom)
2019-09-25 07:25:19,392 [pool-287-thread-1] INFO  server.RaftServerConfigKeys (ConfUtils.java:logGet(43)) - raft.server.log.queue.element-limit = 1024 (custom)
2019-09-25 07:25:19,392 [pool-287-thread-1] INFO  server.RaftServerConfigKeys (ConfUtils.java:logGet(43)) - raft.server.log.segment.size.max = 1048576 (custom)
2019-09-25 07:25:19,392 [pool-287-thread-1] INFO  server.RaftServerConfigKeys (ConfUtils.java:logGet(43)) - raft.server.log.preallocated.size = 16384 (custom)
2019-09-25 07:25:19,392 [pool-287-thread-1] INFO  server.RaftServerConfigKeys (ConfUtils.java:logGet(43)) - raft.server.log.write.buffer.size = 33554432 (custom)
2019-09-25 07:25:19,393 [pool-287-thread-1] INFO  server.RaftServerConfigKeys (ConfUtils.java:logGet(43)) - raft.server.log.force.sync.num = 128 (default)
2019-09-25 07:25:19,393 [pool-287-thread-1] INFO  server.RaftServerConfigKeys (ConfUtils.java:logGet(43)) - raft.server.log.statemachine.data.sync = true (default)
2019-09-25 07:25:19,393 [pool-287-thread-1] INFO  server.RaftServerConfigKeys (ConfUtils.java:logGet(43)) - raft.server.log.statemachine.data.sync.timeout = 10s (default)
2019-09-25 07:25:19,393 [pool-287-thread-1] INFO  server.RaftServerConfigKeys (ConfUtils.java:logGet(43)) - raft.server.log.statemachine.data.sync.timeout.retry = -1 (default)
2019-09-25 07:25:19,393 [pool-287-thread-1] INFO  server.RaftServerConfigKeys (ConfUtils.java:logGet(43)) - raft.server.log.statemachine.data.caching.enabled = true (custom)
2019-09-25 07:25:19,394 [pool-287-thread-1] INFO  segmented.SegmentedRaftLogWorker (SegmentedRaftLogWorker.java:lambda$new$0(132)) - 4cb4b249-44c1-44b5-b888-23fcf00e7c3e@group-008A3ADDCB5C-SegmentedRaftLogWorker: flushIndex: setUnconditionally 0 -> -1
2019-09-25 07:25:19,394 [pool-287-thread-1] INFO  server.RaftServerConfigKeys (ConfUtils.java:logGet(43)) - raft.server.snapshot.auto.trigger.enabled = true (custom)
2019-09-25 07:25:19,394 [pool-287-thread-1] INFO  server.RaftServerConfigKeys (ConfUtils.java:logGet(43)) - raft.server.snapshot.auto.trigger.threshold = 10000 (custom)
2019-09-25 07:25:19,394 [pool-287-thread-1] INFO  server.RaftServerConfigKeys (ConfUtils.java:logGet(43)) - raft.server.snapshot.retention.num.files = 5 (custom)
2019-09-25 07:25:19,394 [pool-287-thread-1] INFO  server.RaftServerConfigKeys (ConfUtils.java:logGet(43)) - raft.server.retrycache.expirytime = 600000ms (custom)
2019-09-25 07:25:19,396 [pool-287-thread-1] INFO  impl.RaftServerImpl (RaftServerImpl.java:start(185)) - 4cb4b249-44c1-44b5-b888-23fcf00e7c3e@group-008A3ADDCB5C: start as a follower, conf=-1: [4cb4b249-44c1-44b5-b888-23fcf00e7c3e:192.168.151.106:35673], old=null
2019-09-25 07:25:19,396 [pool-287-thread-1] INFO  impl.RaftServerImpl (RaftServerImpl.java:setRole(174)) - 4cb4b249-44c1-44b5-b888-23fcf00e7c3e@group-008A3ADDCB5C: changes role from      null to FOLLOWER at term 0 for startAsFollower
2019-09-25 07:25:19,396 [pool-287-thread-1] INFO  impl.RoleInfo (RoleInfo.java:updateAndGet(143)) - 4cb4b249-44c1-44b5-b888-23fcf00e7c3e: start FollowerState
2019-09-25 07:25:19,397 [pool-287-thread-1] INFO  util.JmxRegister (JmxRegister.java:tryRegister(44)) - Successfully registered JMX Bean with object name Ratis:service=RaftServer,group=group-008A3ADDCB5C,id=4cb4b249-44c1-44b5-b888-23fcf00e7c3e
2019-09-25 07:25:19,400 [RatisPipelineUtilsThread] INFO  pipeline.PipelineStateManager (PipelineStateManager.java:addPipeline(56)) - Created pipeline Pipeline[ Id: 05b5fec6-2a22-4f04-9d71-008a3addcb5c, Nodes: 4cb4b249-44c1-44b5-b888-23fcf00e7c3e{ip: 192.168.151.106, host: pr-hdds-1569-x2sr2-3486766547, networkLocation: /default-rack, certSerialId: null}, Type:RATIS, Factor:ONE, State:OPEN]
2019-09-25 07:25:19,405 [grpc-default-executor-0] INFO  impl.RaftServerProxy (RaftServerProxy.java:addNew(89)) - 4cb4b249-44c1-44b5-b888-23fcf00e7c3e: addNew group-CCF9215C035E:[4cb4b249-44c1-44b5-b888-23fcf00e7c3e:192.168.151.106:35673] returns group-CCF9215C035E:java.util.concurrent.CompletableFuture@4671cc0a[Not completed]
2019-09-25 07:25:19,406 [pool-287-thread-1] INFO  impl.RaftServerImpl (RaftServerImpl.java:<init>(95)) - 4cb4b249-44c1-44b5-b888-23fcf00e7c3e: new RaftServerImpl for group-CCF9215C035E:[4cb4b249-44c1-44b5-b888-23fcf00e7c3e:192.168.151.106:35673] with ContainerStateMachine:uninitialized
2019-09-25 07:25:19,406 [pool-287-thread-1] INFO  server.RaftServerConfigKeys (ConfUtils.java:logGet(43)) - raft.server.rpc.timeout.min = 5s (custom)
2019-09-25 07:25:19,407 [pool-287-thread-1] INFO  server.RaftServerConfigKeys (ConfUtils.java:logGet(43)) - raft.server.rpc.timeout.max = 5200ms (custom)
2019-09-25 07:25:19,407 [pool-287-thread-1] INFO  server.RaftServerConfigKeys (ConfUtils.java:logGet(43)) - raft.server.rpcslowness.timeout = 120s (custom)
2019-09-25 07:25:19,407 [pool-287-thread-1] INFO  server.RaftServerConfigKeys (ConfUtils.java:logGet(43)) - raft.server.sleep.deviation.threshold = 300 (default)
2019-09-25 07:25:19,407 [pool-287-thread-1] INFO  server.RaftServerConfigKeys (ConfUtils.java:logGet(43)) - raft.server.log.appender.install.snapshot.enabled = false (custom)
2019-09-25 07:25:19,407 [pool-287-thread-1] INFO  impl.RaftServerImpl (ServerState.java:<init>(103)) - 4cb4b249-44c1-44b5-b888-23fcf00e7c3e@group-CCF9215C035E: ConfigurationManager, init=-1: [4cb4b249-44c1-44b5-b888-23fcf00e7c3e:192.168.151.106:35673], old=null, confs=<EMPTY_MAP>
2019-09-25 07:25:19,407 [pool-287-thread-1] INFO  server.RaftServerConfigKeys (ConfUtils.java:logGet(43)) - raft.server.storage.dir = [/workdir/hadoop-ozone/ozonefs/target/test-dir/MiniOzoneClusterImpl-10aaa320-0427-4efe-b245-6da614d0b375/datanode-1/data/ratis] (custom)
2019-09-25 07:25:19,408 [pool-287-thread-1] INFO  storage.RaftStorageDirectory (RaftStorageDirectory.java:analyzeStorage(246)) - The storage directory /workdir/hadoop-ozone/ozonefs/target/test-dir/MiniOzoneClusterImpl-10aaa320-0427-4efe-b245-6da614d0b375/datanode-1/data/ratis/5b7714cf-b899-4020-af21-ccf9215c035e does not exist. Creating ...
2019-09-25 07:25:19,420 [pool-287-thread-1] INFO  storage.RaftStorageDirectory (RaftStorageDirectory.java:tryLock(328)) - Lock on /workdir/hadoop-ozone/ozonefs/target/test-dir/MiniOzoneClusterImpl-10aaa320-0427-4efe-b245-6da614d0b375/datanode-1/data/ratis/5b7714cf-b899-4020-af21-ccf9215c035e/in_use.lock acquired by nodename 6556@pr-hdds-1569-x2sr2-3486766547
2019-09-25 07:25:19,433 [pool-287-thread-1] INFO  storage.RaftStorage (RaftStorage.java:format(72)) - Storage directory /workdir/hadoop-ozone/ozonefs/target/test-dir/MiniOzoneClusterImpl-10aaa320-0427-4efe-b245-6da614d0b375/datanode-1/data/ratis/5b7714cf-b899-4020-af21-ccf9215c035e has been successfully formatted.
2019-09-25 07:25:19,433 [pool-287-thread-1] INFO  ratis.ContainerStateMachine (ContainerStateMachine.java:loadSnapshot(230)) - group-CCF9215C035E: The snapshot info is null. Setting the last applied indexto:(t:0, i:~)
2019-09-25 07:25:19,433 [pool-287-thread-1] INFO  server.RaftServerConfigKeys (ConfUtils.java:logGet(43)) - raft.server.notification.no-leader.timeout = 120s (custom)
2019-09-25 07:25:19,433 [pool-287-thread-1] INFO  server.RaftServerConfigKeys (ConfUtils.java:logGet(43)) - raft.server.log.use.memory = false (default)
2019-09-25 07:25:19,434 [pool-287-thread-1] INFO  server.RaftServerConfigKeys (ConfUtils.java:logGet(43)) - raft.server.log.purge.gap = 1000000 (custom)
2019-09-25 07:25:19,434 [pool-287-thread-1] INFO  server.RaftServerConfigKeys (ConfUtils.java:logGet(43)) - raft.server.log.appender.buffer.byte-limit = 33554432 (custom)
2019-09-25 07:25:19,434 [pool-287-thread-1] INFO  server.RaftServerConfigKeys (ConfUtils.java:logGet(43)) - raft.server.log.segment.size.max = 1048576 (custom)
2019-09-25 07:25:19,434 [pool-287-thread-1] INFO  server.RaftServerConfigKeys (ConfUtils.java:logGet(43)) - raft.server.log.segment.cache.num.max = 2 (custom)
2019-09-25 07:25:19,434 [pool-287-thread-1] INFO  segmented.SegmentedRaftLogWorker (SegmentedRaftLogWorker.java:<init>(172)) - new 4cb4b249-44c1-44b5-b888-23fcf00e7c3e@group-CCF9215C035E-SegmentedRaftLogWorker for RaftStorage:Storage Directory /workdir/hadoop-ozone/ozonefs/target/test-dir/MiniOzoneClusterImpl-10aaa320-0427-4efe-b245-6da614d0b375/datanode-1/data/ratis/5b7714cf-b899-4020-af21-ccf9215c035e
2019-09-25 07:25:19,434 [pool-287-thread-1] INFO  server.RaftServerConfigKeys (ConfUtils.java:logGet(43)) - raft.server.log.queue.byte-limit = 2147483647 (custom)
2019-09-25 07:25:19,434 [pool-287-thread-1] INFO  server.RaftServerConfigKeys (ConfUtils.java:logGet(43)) - raft.server.log.queue.element-limit = 1024 (custom)
2019-09-25 07:25:19,435 [pool-287-thread-1] INFO  server.RaftServerConfigKeys (ConfUtils.java:logGet(43)) - raft.server.log.segment.size.max = 1048576 (custom)
2019-09-25 07:25:19,435 [pool-287-thread-1] INFO  server.RaftServerConfigKeys (ConfUtils.java:logGet(43)) - raft.server.log.preallocated.size = 16384 (custom)
2019-09-25 07:25:19,435 [pool-287-thread-1] INFO  server.RaftServerConfigKeys (ConfUtils.java:logGet(43)) - raft.server.log.write.buffer.size = 33554432 (custom)
2019-09-25 07:25:19,435 [pool-287-thread-1] INFO  server.RaftServerConfigKeys (ConfUtils.java:logGet(43)) - raft.server.log.force.sync.num = 128 (default)
2019-09-25 07:25:19,435 [pool-287-thread-1] INFO  server.RaftServerConfigKeys (ConfUtils.java:logGet(43)) - raft.server.log.statemachine.data.sync = true (default)
2019-09-25 07:25:19,435 [pool-287-thread-1] INFO  server.RaftServerConfigKeys (ConfUtils.java:logGet(43)) - raft.server.log.statemachine.data.sync.timeout = 10s (default)
2019-09-25 07:25:19,435 [pool-287-thread-1] INFO  server.RaftServerConfigKeys (ConfUtils.java:logGet(43)) - raft.server.log.statemachine.data.sync.timeout.retry = -1 (default)
2019-09-25 07:25:19,435 [pool-287-thread-1] INFO  server.RaftServerConfigKeys (ConfUtils.java:logGet(43)) - raft.server.log.statemachine.data.caching.enabled = true (custom)
2019-09-25 07:25:19,436 [pool-287-thread-1] INFO  segmented.SegmentedRaftLogWorker (SegmentedRaftLogWorker.java:lambda$new$0(132)) - 4cb4b249-44c1-44b5-b888-23fcf00e7c3e@group-CCF9215C035E-SegmentedRaftLogWorker: flushIndex: setUnconditionally 0 -> -1
2019-09-25 07:25:19,436 [pool-287-thread-1] INFO  server.RaftServerConfigKeys (ConfUtils.java:logGet(43)) - raft.server.snapshot.auto.trigger.enabled = true (custom)
2019-09-25 07:25:19,436 [pool-287-thread-1] INFO  server.RaftServerConfigKeys (ConfUtils.java:logGet(43)) - raft.server.snapshot.auto.trigger.threshold = 10000 (custom)
2019-09-25 07:25:19,436 [pool-287-thread-1] INFO  server.RaftServerConfigKeys (ConfUtils.java:logGet(43)) - raft.server.snapshot.retention.num.files = 5 (custom)
2019-09-25 07:25:19,436 [pool-287-thread-1] INFO  server.RaftServerConfigKeys (ConfUtils.java:logGet(43)) - raft.server.retrycache.expirytime = 600000ms (custom)
2019-09-25 07:25:19,438 [pool-287-thread-1] INFO  impl.RaftServerImpl (RaftServerImpl.java:start(185)) - 4cb4b249-44c1-44b5-b888-23fcf00e7c3e@group-CCF9215C035E: start as a follower, conf=-1: [4cb4b249-44c1-44b5-b888-23fcf00e7c3e:192.168.151.106:35673], old=null
2019-09-25 07:25:19,438 [pool-287-thread-1] INFO  impl.RaftServerImpl (RaftServerImpl.java:setRole(174)) - 4cb4b249-44c1-44b5-b888-23fcf00e7c3e@group-CCF9215C035E: changes role from      null to FOLLOWER at term 0 for startAsFollower
2019-09-25 07:25:19,438 [pool-287-thread-1] INFO  impl.RoleInfo (RoleInfo.java:updateAndGet(143)) - 4cb4b249-44c1-44b5-b888-23fcf00e7c3e: start FollowerState
2019-09-25 07:25:19,438 [pool-287-thread-1] INFO  util.JmxRegister (JmxRegister.java:tryRegister(44)) - Successfully registered JMX Bean with object name Ratis:service=RaftServer,group=group-CCF9215C035E,id=4cb4b249-44c1-44b5-b888-23fcf00e7c3e
2019-09-25 07:25:19,441 [RatisPipelineUtilsThread] INFO  pipeline.PipelineStateManager (PipelineStateManager.java:addPipeline(56)) - Created pipeline Pipeline[ Id: 5b7714cf-b899-4020-af21-ccf9215c035e, Nodes: 4cb4b249-44c1-44b5-b888-23fcf00e7c3e{ip: 192.168.151.106, host: pr-hdds-1569-x2sr2-3486766547, networkLocation: /default-rack, certSerialId: null}, Type:RATIS, Factor:ONE, State:OPEN]
2019-09-25 07:25:19,447 [grpc-default-executor-0] INFO  impl.RaftServerProxy (RaftServerProxy.java:addNew(89)) - 51c9978d-707e-4bc8-8e14-3bc0e19acfd9: addNew group-C555687442E4:[51c9978d-707e-4bc8-8e14-3bc0e19acfd9:192.168.151.106:40511] returns group-C555687442E4:java.util.concurrent.CompletableFuture@28c84e95[Not completed]
2019-09-25 07:25:19,448 [pool-277-thread-1] INFO  impl.RaftServerImpl (RaftServerImpl.java:<init>(95)) - 51c9978d-707e-4bc8-8e14-3bc0e19acfd9: new RaftServerImpl for group-C555687442E4:[51c9978d-707e-4bc8-8e14-3bc0e19acfd9:192.168.151.106:40511] with ContainerStateMachine:uninitialized
2019-09-25 07:25:19,448 [pool-277-thread-1] INFO  server.RaftServerConfigKeys (ConfUtils.java:logGet(43)) - raft.server.rpc.timeout.min = 5s (custom)
2019-09-25 07:25:19,448 [pool-277-thread-1] INFO  server.RaftServerConfigKeys (ConfUtils.java:logGet(43)) - raft.server.rpc.timeout.max = 5200ms (custom)
2019-09-25 07:25:19,449 [pool-277-thread-1] INFO  server.RaftServerConfigKeys (ConfUtils.java:logGet(43)) - raft.server.rpcslowness.timeout = 120s (custom)
2019-09-25 07:25:19,449 [pool-277-thread-1] INFO  server.RaftServerConfigKeys (ConfUtils.java:logGet(43)) - raft.server.sleep.deviation.threshold = 300 (default)
2019-09-25 07:25:19,449 [pool-277-thread-1] INFO  server.RaftServerConfigKeys (ConfUtils.java:logGet(43)) - raft.server.log.appender.install.snapshot.enabled = false (custom)
2019-09-25 07:25:19,449 [pool-277-thread-1] INFO  impl.RaftServerImpl (ServerState.java:<init>(103)) - 51c9978d-707e-4bc8-8e14-3bc0e19acfd9@group-C555687442E4: ConfigurationManager, init=-1: [51c9978d-707e-4bc8-8e14-3bc0e19acfd9:192.168.151.106:40511], old=null, confs=<EMPTY_MAP>
2019-09-25 07:25:19,449 [pool-277-thread-1] INFO  server.RaftServerConfigKeys (ConfUtils.java:logGet(43)) - raft.server.storage.dir = [/workdir/hadoop-ozone/ozonefs/target/test-dir/MiniOzoneClusterImpl-10aaa320-0427-4efe-b245-6da614d0b375/datanode-0/data/ratis] (custom)
2019-09-25 07:25:19,450 [pool-277-thread-1] INFO  storage.RaftStorageDirectory (RaftStorageDirectory.java:analyzeStorage(246)) - The storage directory /workdir/hadoop-ozone/ozonefs/target/test-dir/MiniOzoneClusterImpl-10aaa320-0427-4efe-b245-6da614d0b375/datanode-0/data/ratis/708d8af7-740e-44fa-84cc-c555687442e4 does not exist. Creating ...
2019-09-25 07:25:19,462 [pool-277-thread-1] INFO  storage.RaftStorageDirectory (RaftStorageDirectory.java:tryLock(328)) - Lock on /workdir/hadoop-ozone/ozonefs/target/test-dir/MiniOzoneClusterImpl-10aaa320-0427-4efe-b245-6da614d0b375/datanode-0/data/ratis/708d8af7-740e-44fa-84cc-c555687442e4/in_use.lock acquired by nodename 6556@pr-hdds-1569-x2sr2-3486766547
2019-09-25 07:25:19,475 [pool-277-thread-1] INFO  storage.RaftStorage (RaftStorage.java:format(72)) - Storage directory /workdir/hadoop-ozone/ozonefs/target/test-dir/MiniOzoneClusterImpl-10aaa320-0427-4efe-b245-6da614d0b375/datanode-0/data/ratis/708d8af7-740e-44fa-84cc-c555687442e4 has been successfully formatted.
2019-09-25 07:25:19,475 [pool-277-thread-1] INFO  ratis.ContainerStateMachine (ContainerStateMachine.java:loadSnapshot(230)) - group-C555687442E4: The snapshot info is null. Setting the last applied indexto:(t:0, i:~)
2019-09-25 07:25:19,475 [pool-277-thread-1] INFO  server.RaftServerConfigKeys (ConfUtils.java:logGet(43)) - raft.server.notification.no-leader.timeout = 120s (custom)
2019-09-25 07:25:19,475 [pool-277-thread-1] INFO  server.RaftServerConfigKeys (ConfUtils.java:logGet(43)) - raft.server.log.use.memory = false (default)
2019-09-25 07:25:19,476 [pool-277-thread-1] INFO  server.RaftServerConfigKeys (ConfUtils.java:logGet(43)) - raft.server.log.purge.gap = 1000000 (custom)
2019-09-25 07:25:19,476 [pool-277-thread-1] INFO  server.RaftServerConfigKeys (ConfUtils.java:logGet(43)) - raft.server.log.appender.buffer.byte-limit = 33554432 (custom)
2019-09-25 07:25:19,476 [pool-277-thread-1] INFO  server.RaftServerConfigKeys (ConfUtils.java:logGet(43)) - raft.server.log.segment.size.max = 1048576 (custom)
2019-09-25 07:25:19,476 [pool-277-thread-1] INFO  server.RaftServerConfigKeys (ConfUtils.java:logGet(43)) - raft.server.log.segment.cache.num.max = 2 (custom)
2019-09-25 07:25:19,476 [pool-277-thread-1] INFO  segmented.SegmentedRaftLogWorker (SegmentedRaftLogWorker.java:<init>(172)) - new 51c9978d-707e-4bc8-8e14-3bc0e19acfd9@group-C555687442E4-SegmentedRaftLogWorker for RaftStorage:Storage Directory /workdir/hadoop-ozone/ozonefs/target/test-dir/MiniOzoneClusterImpl-10aaa320-0427-4efe-b245-6da614d0b375/datanode-0/data/ratis/708d8af7-740e-44fa-84cc-c555687442e4
2019-09-25 07:25:19,476 [pool-277-thread-1] INFO  server.RaftServerConfigKeys (ConfUtils.java:logGet(43)) - raft.server.log.queue.byte-limit = 2147483647 (custom)
2019-09-25 07:25:19,476 [pool-277-thread-1] INFO  server.RaftServerConfigKeys (ConfUtils.java:logGet(43)) - raft.server.log.queue.element-limit = 1024 (custom)
2019-09-25 07:25:19,477 [pool-277-thread-1] INFO  server.RaftServerConfigKeys (ConfUtils.java:logGet(43)) - raft.server.log.segment.size.max = 1048576 (custom)
2019-09-25 07:25:19,477 [pool-277-thread-1] INFO  server.RaftServerConfigKeys (ConfUtils.java:logGet(43)) - raft.server.log.preallocated.size = 16384 (custom)
2019-09-25 07:25:19,477 [pool-277-thread-1] INFO  server.RaftServerConfigKeys (ConfUtils.java:logGet(43)) - raft.server.log.write.buffer.size = 33554432 (custom)
2019-09-25 07:25:19,477 [pool-277-thread-1] INFO  server.RaftServerConfigKeys (ConfUtils.java:logGet(43)) - raft.server.log.force.sync.num = 128 (default)
2019-09-25 07:25:19,477 [pool-277-thread-1] INFO  server.RaftServerConfigKeys (ConfUtils.java:logGet(43)) - raft.server.log.statemachine.data.sync = true (default)
2019-09-25 07:25:19,477 [pool-277-thread-1] INFO  server.RaftServerConfigKeys (ConfUtils.java:logGet(43)) - raft.server.log.statemachine.data.sync.timeout = 10s (default)
2019-09-25 07:25:19,477 [pool-277-thread-1] INFO  server.RaftServerConfigKeys (ConfUtils.java:logGet(43)) - raft.server.log.statemachine.data.sync.timeout.retry = -1 (default)
2019-09-25 07:25:19,477 [pool-277-thread-1] INFO  server.RaftServerConfigKeys (ConfUtils.java:logGet(43)) - raft.server.log.statemachine.data.caching.enabled = true (custom)
2019-09-25 07:25:19,478 [pool-277-thread-1] INFO  segmented.SegmentedRaftLogWorker (SegmentedRaftLogWorker.java:lambda$new$0(132)) - 51c9978d-707e-4bc8-8e14-3bc0e19acfd9@group-C555687442E4-SegmentedRaftLogWorker: flushIndex: setUnconditionally 0 -> -1
2019-09-25 07:25:19,478 [pool-277-thread-1] INFO  server.RaftServerConfigKeys (ConfUtils.java:logGet(43)) - raft.server.snapshot.auto.trigger.enabled = true (custom)
2019-09-25 07:25:19,478 [pool-277-thread-1] INFO  server.RaftServerConfigKeys (ConfUtils.java:logGet(43)) - raft.server.snapshot.auto.trigger.threshold = 10000 (custom)
2019-09-25 07:25:19,478 [pool-277-thread-1] INFO  server.RaftServerConfigKeys (ConfUtils.java:logGet(43)) - raft.server.snapshot.retention.num.files = 5 (custom)
2019-09-25 07:25:19,478 [pool-277-thread-1] INFO  server.RaftServerConfigKeys (ConfUtils.java:logGet(43)) - raft.server.retrycache.expirytime = 600000ms (custom)
2019-09-25 07:25:19,480 [pool-277-thread-1] INFO  impl.RaftServerImpl (RaftServerImpl.java:start(185)) - 51c9978d-707e-4bc8-8e14-3bc0e19acfd9@group-C555687442E4: start as a follower, conf=-1: [51c9978d-707e-4bc8-8e14-3bc0e19acfd9:192.168.151.106:40511], old=null
2019-09-25 07:25:19,480 [pool-277-thread-1] INFO  impl.RaftServerImpl (RaftServerImpl.java:setRole(174)) - 51c9978d-707e-4bc8-8e14-3bc0e19acfd9@group-C555687442E4: changes role from      null to FOLLOWER at term 0 for startAsFollower
2019-09-25 07:25:19,480 [pool-277-thread-1] INFO  impl.RoleInfo (RoleInfo.java:updateAndGet(143)) - 51c9978d-707e-4bc8-8e14-3bc0e19acfd9: start FollowerState
2019-09-25 07:25:19,481 [pool-277-thread-1] INFO  util.JmxRegister (JmxRegister.java:tryRegister(44)) - Successfully registered JMX Bean with object name Ratis:service=RaftServer,group=group-C555687442E4,id=51c9978d-707e-4bc8-8e14-3bc0e19acfd9
2019-09-25 07:25:19,483 [RatisPipelineUtilsThread] INFO  pipeline.PipelineStateManager (PipelineStateManager.java:addPipeline(56)) - Created pipeline Pipeline[ Id: 708d8af7-740e-44fa-84cc-c555687442e4, Nodes: 51c9978d-707e-4bc8-8e14-3bc0e19acfd9{ip: 192.168.151.106, host: pr-hdds-1569-x2sr2-3486766547, networkLocation: /default-rack, certSerialId: null}, Type:RATIS, Factor:ONE, State:OPEN]
2019-09-25 07:25:19,488 [grpc-default-executor-0] INFO  impl.RaftServerProxy (RaftServerProxy.java:addNew(89)) - 4cb4b249-44c1-44b5-b888-23fcf00e7c3e: addNew group-6E7023F548A8:[4cb4b249-44c1-44b5-b888-23fcf00e7c3e:192.168.151.106:35673] returns group-6E7023F548A8:java.util.concurrent.CompletableFuture@7d135e2f[Not completed]
2019-09-25 07:25:19,488 [pool-287-thread-1] INFO  impl.RaftServerImpl (RaftServerImpl.java:<init>(95)) - 4cb4b249-44c1-44b5-b888-23fcf00e7c3e: new RaftServerImpl for group-6E7023F548A8:[4cb4b249-44c1-44b5-b888-23fcf00e7c3e:192.168.151.106:35673] with ContainerStateMachine:uninitialized
2019-09-25 07:25:19,488 [pool-287-thread-1] INFO  server.RaftServerConfigKeys (ConfUtils.java:logGet(43)) - raft.server.rpc.timeout.min = 5s (custom)
2019-09-25 07:25:19,488 [pool-287-thread-1] INFO  server.RaftServerConfigKeys (ConfUtils.java:logGet(43)) - raft.server.rpc.timeout.max = 5200ms (custom)
2019-09-25 07:25:19,489 [pool-287-thread-1] INFO  server.RaftServerConfigKeys (ConfUtils.java:logGet(43)) - raft.server.rpcslowness.timeout = 120s (custom)
2019-09-25 07:25:19,489 [pool-287-thread-1] INFO  server.RaftServerConfigKeys (ConfUtils.java:logGet(43)) - raft.server.sleep.deviation.threshold = 300 (default)
2019-09-25 07:25:19,489 [pool-287-thread-1] INFO  server.RaftServerConfigKeys (ConfUtils.java:logGet(43)) - raft.server.log.appender.install.snapshot.enabled = false (custom)
2019-09-25 07:25:19,489 [pool-287-thread-1] INFO  impl.RaftServerImpl (ServerState.java:<init>(103)) - 4cb4b249-44c1-44b5-b888-23fcf00e7c3e@group-6E7023F548A8: ConfigurationManager, init=-1: [4cb4b249-44c1-44b5-b888-23fcf00e7c3e:192.168.151.106:35673], old=null, confs=<EMPTY_MAP>
2019-09-25 07:25:19,489 [pool-287-thread-1] INFO  server.RaftServerConfigKeys (ConfUtils.java:logGet(43)) - raft.server.storage.dir = [/workdir/hadoop-ozone/ozonefs/target/test-dir/MiniOzoneClusterImpl-10aaa320-0427-4efe-b245-6da614d0b375/datanode-1/data/ratis] (custom)
2019-09-25 07:25:19,489 [pool-287-thread-1] INFO  storage.RaftStorageDirectory (RaftStorageDirectory.java:analyzeStorage(246)) - The storage directory /workdir/hadoop-ozone/ozonefs/target/test-dir/MiniOzoneClusterImpl-10aaa320-0427-4efe-b245-6da614d0b375/datanode-1/data/ratis/904ca9bf-7bae-4b2f-8564-6e7023f548a8 does not exist. Creating ...
2019-09-25 07:25:19,501 [pool-287-thread-1] INFO  storage.RaftStorageDirectory (RaftStorageDirectory.java:tryLock(328)) - Lock on /workdir/hadoop-ozone/ozonefs/target/test-dir/MiniOzoneClusterImpl-10aaa320-0427-4efe-b245-6da614d0b375/datanode-1/data/ratis/904ca9bf-7bae-4b2f-8564-6e7023f548a8/in_use.lock acquired by nodename 6556@pr-hdds-1569-x2sr2-3486766547
2019-09-25 07:25:19,514 [pool-287-thread-1] INFO  storage.RaftStorage (RaftStorage.java:format(72)) - Storage directory /workdir/hadoop-ozone/ozonefs/target/test-dir/MiniOzoneClusterImpl-10aaa320-0427-4efe-b245-6da614d0b375/datanode-1/data/ratis/904ca9bf-7bae-4b2f-8564-6e7023f548a8 has been successfully formatted.
2019-09-25 07:25:19,514 [pool-287-thread-1] INFO  ratis.ContainerStateMachine (ContainerStateMachine.java:loadSnapshot(230)) - group-6E7023F548A8: The snapshot info is null. Setting the last applied indexto:(t:0, i:~)
2019-09-25 07:25:19,514 [pool-287-thread-1] INFO  server.RaftServerConfigKeys (ConfUtils.java:logGet(43)) - raft.server.notification.no-leader.timeout = 120s (custom)
2019-09-25 07:25:19,514 [pool-287-thread-1] INFO  server.RaftServerConfigKeys (ConfUtils.java:logGet(43)) - raft.server.log.use.memory = false (default)
2019-09-25 07:25:19,515 [pool-287-thread-1] INFO  server.RaftServerConfigKeys (ConfUtils.java:logGet(43)) - raft.server.log.purge.gap = 1000000 (custom)
2019-09-25 07:25:19,515 [pool-287-thread-1] INFO  server.RaftServerConfigKeys (ConfUtils.java:logGet(43)) - raft.server.log.appender.buffer.byte-limit = 33554432 (custom)
2019-09-25 07:25:19,515 [pool-287-thread-1] INFO  server.RaftServerConfigKeys (ConfUtils.java:logGet(43)) - raft.server.log.segment.size.max = 1048576 (custom)
2019-09-25 07:25:19,515 [pool-287-thread-1] INFO  server.RaftServerConfigKeys (ConfUtils.java:logGet(43)) - raft.server.log.segment.cache.num.max = 2 (custom)
2019-09-25 07:25:19,515 [pool-287-thread-1] INFO  segmented.SegmentedRaftLogWorker (SegmentedRaftLogWorker.java:<init>(172)) - new 4cb4b249-44c1-44b5-b888-23fcf00e7c3e@group-6E7023F548A8-SegmentedRaftLogWorker for RaftStorage:Storage Directory /workdir/hadoop-ozone/ozonefs/target/test-dir/MiniOzoneClusterImpl-10aaa320-0427-4efe-b245-6da614d0b375/datanode-1/data/ratis/904ca9bf-7bae-4b2f-8564-6e7023f548a8
2019-09-25 07:25:19,515 [pool-287-thread-1] INFO  server.RaftServerConfigKeys (ConfUtils.java:logGet(43)) - raft.server.log.queue.byte-limit = 2147483647 (custom)
2019-09-25 07:25:19,515 [pool-287-thread-1] INFO  server.RaftServerConfigKeys (ConfUtils.java:logGet(43)) - raft.server.log.queue.element-limit = 1024 (custom)
2019-09-25 07:25:19,515 [pool-287-thread-1] INFO  server.RaftServerConfigKeys (ConfUtils.java:logGet(43)) - raft.server.log.segment.size.max = 1048576 (custom)
2019-09-25 07:25:19,516 [pool-287-thread-1] INFO  server.RaftServerConfigKeys (ConfUtils.java:logGet(43)) - raft.server.log.preallocated.size = 16384 (custom)
2019-09-25 07:25:19,516 [pool-287-thread-1] INFO  server.RaftServerConfigKeys (ConfUtils.java:logGet(43)) - raft.server.log.write.buffer.size = 33554432 (custom)
2019-09-25 07:25:19,516 [pool-287-thread-1] INFO  server.RaftServerConfigKeys (ConfUtils.java:logGet(43)) - raft.server.log.force.sync.num = 128 (default)
2019-09-25 07:25:19,516 [pool-287-thread-1] INFO  server.RaftServerConfigKeys (ConfUtils.java:logGet(43)) - raft.server.log.statemachine.data.sync = true (default)
2019-09-25 07:25:19,516 [pool-287-thread-1] INFO  server.RaftServerConfigKeys (ConfUtils.java:logGet(43)) - raft.server.log.statemachine.data.sync.timeout = 10s (default)
2019-09-25 07:25:19,516 [pool-287-thread-1] INFO  server.RaftServerConfigKeys (ConfUtils.java:logGet(43)) - raft.server.log.statemachine.data.sync.timeout.retry = -1 (default)
2019-09-25 07:25:19,516 [pool-287-thread-1] INFO  server.RaftServerConfigKeys (ConfUtils.java:logGet(43)) - raft.server.log.statemachine.data.caching.enabled = true (custom)
2019-09-25 07:25:19,516 [pool-287-thread-1] INFO  segmented.SegmentedRaftLogWorker (SegmentedRaftLogWorker.java:lambda$new$0(132)) - 4cb4b249-44c1-44b5-b888-23fcf00e7c3e@group-6E7023F548A8-SegmentedRaftLogWorker: flushIndex: setUnconditionally 0 -> -1
2019-09-25 07:25:19,517 [pool-287-thread-1] INFO  server.RaftServerConfigKeys (ConfUtils.java:logGet(43)) - raft.server.snapshot.auto.trigger.enabled = true (custom)
2019-09-25 07:25:19,517 [pool-287-thread-1] INFO  server.RaftServerConfigKeys (ConfUtils.java:logGet(43)) - raft.server.snapshot.auto.trigger.threshold = 10000 (custom)
2019-09-25 07:25:19,517 [pool-287-thread-1] INFO  server.RaftServerConfigKeys (ConfUtils.java:logGet(43)) - raft.server.snapshot.retention.num.files = 5 (custom)
2019-09-25 07:25:19,517 [pool-287-thread-1] INFO  server.RaftServerConfigKeys (ConfUtils.java:logGet(43)) - raft.server.retrycache.expirytime = 600000ms (custom)
2019-09-25 07:25:19,519 [pool-287-thread-1] INFO  impl.RaftServerImpl (RaftServerImpl.java:start(185)) - 4cb4b249-44c1-44b5-b888-23fcf00e7c3e@group-6E7023F548A8: start as a follower, conf=-1: [4cb4b249-44c1-44b5-b888-23fcf00e7c3e:192.168.151.106:35673], old=null
2019-09-25 07:25:19,519 [pool-287-thread-1] INFO  impl.RaftServerImpl (RaftServerImpl.java:setRole(174)) - 4cb4b249-44c1-44b5-b888-23fcf00e7c3e@group-6E7023F548A8: changes role from      null to FOLLOWER at term 0 for startAsFollower
2019-09-25 07:25:19,519 [pool-287-thread-1] INFO  impl.RoleInfo (RoleInfo.java:updateAndGet(143)) - 4cb4b249-44c1-44b5-b888-23fcf00e7c3e: start FollowerState
2019-09-25 07:25:19,519 [pool-287-thread-1] INFO  util.JmxRegister (JmxRegister.java:tryRegister(44)) - Successfully registered JMX Bean with object name Ratis:service=RaftServer,group=group-6E7023F548A8,id=4cb4b249-44c1-44b5-b888-23fcf00e7c3e
2019-09-25 07:25:19,522 [RatisPipelineUtilsThread] INFO  pipeline.PipelineStateManager (PipelineStateManager.java:addPipeline(56)) - Created pipeline Pipeline[ Id: 904ca9bf-7bae-4b2f-8564-6e7023f548a8, Nodes: 4cb4b249-44c1-44b5-b888-23fcf00e7c3e{ip: 192.168.151.106, host: pr-hdds-1569-x2sr2-3486766547, networkLocation: /default-rack, certSerialId: null}, Type:RATIS, Factor:ONE, State:OPEN]
2019-09-25 07:25:19,527 [grpc-default-executor-0] INFO  impl.RaftServerProxy (RaftServerProxy.java:addNew(89)) - 4cb4b249-44c1-44b5-b888-23fcf00e7c3e: addNew group-00BF42D3BEE5:[4cb4b249-44c1-44b5-b888-23fcf00e7c3e:192.168.151.106:35673] returns group-00BF42D3BEE5:java.util.concurrent.CompletableFuture@1f532c0c[Not completed]
2019-09-25 07:25:19,527 [pool-287-thread-1] INFO  impl.RaftServerImpl (RaftServerImpl.java:<init>(95)) - 4cb4b249-44c1-44b5-b888-23fcf00e7c3e: new RaftServerImpl for group-00BF42D3BEE5:[4cb4b249-44c1-44b5-b888-23fcf00e7c3e:192.168.151.106:35673] with ContainerStateMachine:uninitialized
2019-09-25 07:25:19,528 [pool-287-thread-1] INFO  server.RaftServerConfigKeys (ConfUtils.java:logGet(43)) - raft.server.rpc.timeout.min = 5s (custom)
2019-09-25 07:25:19,528 [pool-287-thread-1] INFO  server.RaftServerConfigKeys (ConfUtils.java:logGet(43)) - raft.server.rpc.timeout.max = 5200ms (custom)
2019-09-25 07:25:19,528 [pool-287-thread-1] INFO  server.RaftServerConfigKeys (ConfUtils.java:logGet(43)) - raft.server.rpcslowness.timeout = 120s (custom)
2019-09-25 07:25:19,528 [pool-287-thread-1] INFO  server.RaftServerConfigKeys (ConfUtils.java:logGet(43)) - raft.server.sleep.deviation.threshold = 300 (default)
2019-09-25 07:25:19,528 [pool-287-thread-1] INFO  server.RaftServerConfigKeys (ConfUtils.java:logGet(43)) - raft.server.log.appender.install.snapshot.enabled = false (custom)
2019-09-25 07:25:19,528 [pool-287-thread-1] INFO  impl.RaftServerImpl (ServerState.java:<init>(103)) - 4cb4b249-44c1-44b5-b888-23fcf00e7c3e@group-00BF42D3BEE5: ConfigurationManager, init=-1: [4cb4b249-44c1-44b5-b888-23fcf00e7c3e:192.168.151.106:35673], old=null, confs=<EMPTY_MAP>
2019-09-25 07:25:19,528 [pool-287-thread-1] INFO  server.RaftServerConfigKeys (ConfUtils.java:logGet(43)) - raft.server.storage.dir = [/workdir/hadoop-ozone/ozonefs/target/test-dir/MiniOzoneClusterImpl-10aaa320-0427-4efe-b245-6da614d0b375/datanode-1/data/ratis] (custom)
2019-09-25 07:25:19,529 [pool-287-thread-1] INFO  storage.RaftStorageDirectory (RaftStorageDirectory.java:analyzeStorage(246)) - The storage directory /workdir/hadoop-ozone/ozonefs/target/test-dir/MiniOzoneClusterImpl-10aaa320-0427-4efe-b245-6da614d0b375/datanode-1/data/ratis/a1bb654d-737a-41f3-a58f-00bf42d3bee5 does not exist. Creating ...
2019-09-25 07:25:19,539 [pool-287-thread-1] INFO  storage.RaftStorageDirectory (RaftStorageDirectory.java:tryLock(328)) - Lock on /workdir/hadoop-ozone/ozonefs/target/test-dir/MiniOzoneClusterImpl-10aaa320-0427-4efe-b245-6da614d0b375/datanode-1/data/ratis/a1bb654d-737a-41f3-a58f-00bf42d3bee5/in_use.lock acquired by nodename 6556@pr-hdds-1569-x2sr2-3486766547
2019-09-25 07:25:19,550 [pool-287-thread-1] INFO  storage.RaftStorage (RaftStorage.java:format(72)) - Storage directory /workdir/hadoop-ozone/ozonefs/target/test-dir/MiniOzoneClusterImpl-10aaa320-0427-4efe-b245-6da614d0b375/datanode-1/data/ratis/a1bb654d-737a-41f3-a58f-00bf42d3bee5 has been successfully formatted.
2019-09-25 07:25:19,551 [pool-287-thread-1] INFO  ratis.ContainerStateMachine (ContainerStateMachine.java:loadSnapshot(230)) - group-00BF42D3BEE5: The snapshot info is null. Setting the last applied indexto:(t:0, i:~)
2019-09-25 07:25:19,551 [pool-287-thread-1] INFO  server.RaftServerConfigKeys (ConfUtils.java:logGet(43)) - raft.server.notification.no-leader.timeout = 120s (custom)
2019-09-25 07:25:19,551 [pool-287-thread-1] INFO  server.RaftServerConfigKeys (ConfUtils.java:logGet(43)) - raft.server.log.use.memory = false (default)
2019-09-25 07:25:19,551 [pool-287-thread-1] INFO  server.RaftServerConfigKeys (ConfUtils.java:logGet(43)) - raft.server.log.purge.gap = 1000000 (custom)
2019-09-25 07:25:19,551 [pool-287-thread-1] INFO  server.RaftServerConfigKeys (ConfUtils.java:logGet(43)) - raft.server.log.appender.buffer.byte-limit = 33554432 (custom)
2019-09-25 07:25:19,551 [pool-287-thread-1] INFO  server.RaftServerConfigKeys (ConfUtils.java:logGet(43)) - raft.server.log.segment.size.max = 1048576 (custom)
2019-09-25 07:25:19,551 [pool-287-thread-1] INFO  server.RaftServerConfigKeys (ConfUtils.java:logGet(43)) - raft.server.log.segment.cache.num.max = 2 (custom)
2019-09-25 07:25:19,552 [pool-287-thread-1] INFO  segmented.SegmentedRaftLogWorker (SegmentedRaftLogWorker.java:<init>(172)) - new 4cb4b249-44c1-44b5-b888-23fcf00e7c3e@group-00BF42D3BEE5-SegmentedRaftLogWorker for RaftStorage:Storage Directory /workdir/hadoop-ozone/ozonefs/target/test-dir/MiniOzoneClusterImpl-10aaa320-0427-4efe-b245-6da614d0b375/datanode-1/data/ratis/a1bb654d-737a-41f3-a58f-00bf42d3bee5
2019-09-25 07:25:19,552 [pool-287-thread-1] INFO  server.RaftServerConfigKeys (ConfUtils.java:logGet(43)) - raft.server.log.queue.byte-limit = 2147483647 (custom)
2019-09-25 07:25:19,552 [pool-287-thread-1] INFO  server.RaftServerConfigKeys (ConfUtils.java:logGet(43)) - raft.server.log.queue.element-limit = 1024 (custom)
2019-09-25 07:25:19,552 [pool-287-thread-1] INFO  server.RaftServerConfigKeys (ConfUtils.java:logGet(43)) - raft.server.log.segment.size.max = 1048576 (custom)
2019-09-25 07:25:19,552 [pool-287-thread-1] INFO  server.RaftServerConfigKeys (ConfUtils.java:logGet(43)) - raft.server.log.preallocated.size = 16384 (custom)
2019-09-25 07:25:19,552 [pool-287-thread-1] INFO  server.RaftServerConfigKeys (ConfUtils.java:logGet(43)) - raft.server.log.write.buffer.size = 33554432 (custom)
2019-09-25 07:25:19,552 [pool-287-thread-1] INFO  server.RaftServerConfigKeys (ConfUtils.java:logGet(43)) - raft.server.log.force.sync.num = 128 (default)
2019-09-25 07:25:19,552 [pool-287-thread-1] INFO  server.RaftServerConfigKeys (ConfUtils.java:logGet(43)) - raft.server.log.statemachine.data.sync = true (default)
2019-09-25 07:25:19,552 [pool-287-thread-1] INFO  server.RaftServerConfigKeys (ConfUtils.java:logGet(43)) - raft.server.log.statemachine.data.sync.timeout = 10s (default)
2019-09-25 07:25:19,553 [pool-287-thread-1] INFO  server.RaftServerConfigKeys (ConfUtils.java:logGet(43)) - raft.server.log.statemachine.data.sync.timeout.retry = -1 (default)
2019-09-25 07:25:19,553 [pool-287-thread-1] INFO  server.RaftServerConfigKeys (ConfUtils.java:logGet(43)) - raft.server.log.statemachine.data.caching.enabled = true (custom)
2019-09-25 07:25:19,553 [pool-287-thread-1] INFO  segmented.SegmentedRaftLogWorker (SegmentedRaftLogWorker.java:lambda$new$0(132)) - 4cb4b249-44c1-44b5-b888-23fcf00e7c3e@group-00BF42D3BEE5-SegmentedRaftLogWorker: flushIndex: setUnconditionally 0 -> -1
2019-09-25 07:25:19,553 [pool-287-thread-1] INFO  server.RaftServerConfigKeys (ConfUtils.java:logGet(43)) - raft.server.snapshot.auto.trigger.enabled = true (custom)
2019-09-25 07:25:19,553 [pool-287-thread-1] INFO  server.RaftServerConfigKeys (ConfUtils.java:logGet(43)) - raft.server.snapshot.auto.trigger.threshold = 10000 (custom)
2019-09-25 07:25:19,553 [pool-287-thread-1] INFO  server.RaftServerConfigKeys (ConfUtils.java:logGet(43)) - raft.server.snapshot.retention.num.files = 5 (custom)
2019-09-25 07:25:19,554 [pool-287-thread-1] INFO  server.RaftServerConfigKeys (ConfUtils.java:logGet(43)) - raft.server.retrycache.expirytime = 600000ms (custom)
2019-09-25 07:25:19,555 [pool-287-thread-1] INFO  impl.RaftServerImpl (RaftServerImpl.java:start(185)) - 4cb4b249-44c1-44b5-b888-23fcf00e7c3e@group-00BF42D3BEE5: start as a follower, conf=-1: [4cb4b249-44c1-44b5-b888-23fcf00e7c3e:192.168.151.106:35673], old=null
2019-09-25 07:25:19,555 [pool-287-thread-1] INFO  impl.RaftServerImpl (RaftServerImpl.java:setRole(174)) - 4cb4b249-44c1-44b5-b888-23fcf00e7c3e@group-00BF42D3BEE5: changes role from      null to FOLLOWER at term 0 for startAsFollower
2019-09-25 07:25:19,555 [pool-287-thread-1] INFO  impl.RoleInfo (RoleInfo.java:updateAndGet(143)) - 4cb4b249-44c1-44b5-b888-23fcf00e7c3e: start FollowerState
2019-09-25 07:25:19,556 [pool-287-thread-1] INFO  util.JmxRegister (JmxRegister.java:tryRegister(44)) - Successfully registered JMX Bean with object name Ratis:service=RaftServer,group=group-00BF42D3BEE5,id=4cb4b249-44c1-44b5-b888-23fcf00e7c3e
2019-09-25 07:25:19,558 [RatisPipelineUtilsThread] INFO  pipeline.PipelineStateManager (PipelineStateManager.java:addPipeline(56)) - Created pipeline Pipeline[ Id: a1bb654d-737a-41f3-a58f-00bf42d3bee5, Nodes: 4cb4b249-44c1-44b5-b888-23fcf00e7c3e{ip: 192.168.151.106, host: pr-hdds-1569-x2sr2-3486766547, networkLocation: /default-rack, certSerialId: null}, Type:RATIS, Factor:ONE, State:OPEN]
2019-09-25 07:25:19,559 [RatisPipelineUtilsThread] INFO  pipeline.PipelinePlacementPolicy (PipelinePlacementPolicy.java:meetCriteria(91)) - Pipeline Placement: can't place more pipeline on heavy datanode： 4cb4b249-44c1-44b5-b888-23fcf00e7c3e Heaviness: 6 limit: 5
2019-09-25 07:25:19,564 [grpc-default-executor-0] INFO  impl.RaftServerProxy (RaftServerProxy.java:addNew(89)) - 51c9978d-707e-4bc8-8e14-3bc0e19acfd9: addNew group-10523F59635C:[51c9978d-707e-4bc8-8e14-3bc0e19acfd9:192.168.151.106:40511] returns group-10523F59635C:java.util.concurrent.CompletableFuture@1bd75330[Not completed]
2019-09-25 07:25:19,565 [pool-277-thread-1] INFO  impl.RaftServerImpl (RaftServerImpl.java:<init>(95)) - 51c9978d-707e-4bc8-8e14-3bc0e19acfd9: new RaftServerImpl for group-10523F59635C:[51c9978d-707e-4bc8-8e14-3bc0e19acfd9:192.168.151.106:40511] with ContainerStateMachine:uninitialized
2019-09-25 07:25:19,565 [pool-277-thread-1] INFO  server.RaftServerConfigKeys (ConfUtils.java:logGet(43)) - raft.server.rpc.timeout.min = 5s (custom)
2019-09-25 07:25:19,565 [pool-277-thread-1] INFO  server.RaftServerConfigKeys (ConfUtils.java:logGet(43)) - raft.server.rpc.timeout.max = 5200ms (custom)
2019-09-25 07:25:19,565 [pool-277-thread-1] INFO  server.RaftServerConfigKeys (ConfUtils.java:logGet(43)) - raft.server.rpcslowness.timeout = 120s (custom)
2019-09-25 07:25:19,565 [pool-277-thread-1] INFO  server.RaftServerConfigKeys (ConfUtils.java:logGet(43)) - raft.server.sleep.deviation.threshold = 300 (default)
2019-09-25 07:25:19,565 [pool-277-thread-1] INFO  server.RaftServerConfigKeys (ConfUtils.java:logGet(43)) - raft.server.log.appender.install.snapshot.enabled = false (custom)
2019-09-25 07:25:19,565 [pool-277-thread-1] INFO  impl.RaftServerImpl (ServerState.java:<init>(103)) - 51c9978d-707e-4bc8-8e14-3bc0e19acfd9@group-10523F59635C: ConfigurationManager, init=-1: [51c9978d-707e-4bc8-8e14-3bc0e19acfd9:192.168.151.106:40511], old=null, confs=<EMPTY_MAP>
2019-09-25 07:25:19,566 [pool-277-thread-1] INFO  server.RaftServerConfigKeys (ConfUtils.java:logGet(43)) - raft.server.storage.dir = [/workdir/hadoop-ozone/ozonefs/target/test-dir/MiniOzoneClusterImpl-10aaa320-0427-4efe-b245-6da614d0b375/datanode-0/data/ratis] (custom)
2019-09-25 07:25:19,566 [pool-277-thread-1] INFO  storage.RaftStorageDirectory (RaftStorageDirectory.java:analyzeStorage(246)) - The storage directory /workdir/hadoop-ozone/ozonefs/target/test-dir/MiniOzoneClusterImpl-10aaa320-0427-4efe-b245-6da614d0b375/datanode-0/data/ratis/c1236aed-f443-4b25-977d-10523f59635c does not exist. Creating ...
2019-09-25 07:25:19,577 [pool-277-thread-1] INFO  storage.RaftStorageDirectory (RaftStorageDirectory.java:tryLock(328)) - Lock on /workdir/hadoop-ozone/ozonefs/target/test-dir/MiniOzoneClusterImpl-10aaa320-0427-4efe-b245-6da614d0b375/datanode-0/data/ratis/c1236aed-f443-4b25-977d-10523f59635c/in_use.lock acquired by nodename 6556@pr-hdds-1569-x2sr2-3486766547
2019-09-25 07:25:19,595 [pool-277-thread-1] INFO  storage.RaftStorage (RaftStorage.java:format(72)) - Storage directory /workdir/hadoop-ozone/ozonefs/target/test-dir/MiniOzoneClusterImpl-10aaa320-0427-4efe-b245-6da614d0b375/datanode-0/data/ratis/c1236aed-f443-4b25-977d-10523f59635c has been successfully formatted.
2019-09-25 07:25:19,595 [pool-277-thread-1] INFO  ratis.ContainerStateMachine (ContainerStateMachine.java:loadSnapshot(230)) - group-10523F59635C: The snapshot info is null. Setting the last applied indexto:(t:0, i:~)
2019-09-25 07:25:19,595 [pool-277-thread-1] INFO  server.RaftServerConfigKeys (ConfUtils.java:logGet(43)) - raft.server.notification.no-leader.timeout = 120s (custom)
2019-09-25 07:25:19,595 [pool-277-thread-1] INFO  server.RaftServerConfigKeys (ConfUtils.java:logGet(43)) - raft.server.log.use.memory = false (default)
2019-09-25 07:25:19,596 [pool-277-thread-1] INFO  server.RaftServerConfigKeys (ConfUtils.java:logGet(43)) - raft.server.log.purge.gap = 1000000 (custom)
2019-09-25 07:25:19,596 [pool-277-thread-1] INFO  server.RaftServerConfigKeys (ConfUtils.java:logGet(43)) - raft.server.log.appender.buffer.byte-limit = 33554432 (custom)
2019-09-25 07:25:19,596 [pool-277-thread-1] INFO  server.RaftServerConfigKeys (ConfUtils.java:logGet(43)) - raft.server.log.segment.size.max = 1048576 (custom)
2019-09-25 07:25:19,596 [pool-277-thread-1] INFO  server.RaftServerConfigKeys (ConfUtils.java:logGet(43)) - raft.server.log.segment.cache.num.max = 2 (custom)
2019-09-25 07:25:19,596 [pool-277-thread-1] INFO  segmented.SegmentedRaftLogWorker (SegmentedRaftLogWorker.java:<init>(172)) - new 51c9978d-707e-4bc8-8e14-3bc0e19acfd9@group-10523F59635C-SegmentedRaftLogWorker for RaftStorage:Storage Directory /workdir/hadoop-ozone/ozonefs/target/test-dir/MiniOzoneClusterImpl-10aaa320-0427-4efe-b245-6da614d0b375/datanode-0/data/ratis/c1236aed-f443-4b25-977d-10523f59635c
2019-09-25 07:25:19,596 [pool-277-thread-1] INFO  server.RaftServerConfigKeys (ConfUtils.java:logGet(43)) - raft.server.log.queue.byte-limit = 2147483647 (custom)
2019-09-25 07:25:19,596 [pool-277-thread-1] INFO  server.RaftServerConfigKeys (ConfUtils.java:logGet(43)) - raft.server.log.queue.element-limit = 1024 (custom)
2019-09-25 07:25:19,596 [pool-277-thread-1] INFO  server.RaftServerConfigKeys (ConfUtils.java:logGet(43)) - raft.server.log.segment.size.max = 1048576 (custom)
2019-09-25 07:25:19,596 [pool-277-thread-1] INFO  server.RaftServerConfigKeys (ConfUtils.java:logGet(43)) - raft.server.log.preallocated.size = 16384 (custom)
2019-09-25 07:25:19,597 [pool-277-thread-1] INFO  server.RaftServerConfigKeys (ConfUtils.java:logGet(43)) - raft.server.log.write.buffer.size = 33554432 (custom)
2019-09-25 07:25:19,597 [pool-277-thread-1] INFO  server.RaftServerConfigKeys (ConfUtils.java:logGet(43)) - raft.server.log.force.sync.num = 128 (default)
2019-09-25 07:25:19,597 [pool-277-thread-1] INFO  server.RaftServerConfigKeys (ConfUtils.java:logGet(43)) - raft.server.log.statemachine.data.sync = true (default)
2019-09-25 07:25:19,597 [pool-277-thread-1] INFO  server.RaftServerConfigKeys (ConfUtils.java:logGet(43)) - raft.server.log.statemachine.data.sync.timeout = 10s (default)
2019-09-25 07:25:19,597 [pool-277-thread-1] INFO  server.RaftServerConfigKeys (ConfUtils.java:logGet(43)) - raft.server.log.statemachine.data.sync.timeout.retry = -1 (default)
2019-09-25 07:25:19,597 [pool-277-thread-1] INFO  server.RaftServerConfigKeys (ConfUtils.java:logGet(43)) - raft.server.log.statemachine.data.caching.enabled = true (custom)
2019-09-25 07:25:19,597 [pool-277-thread-1] INFO  segmented.SegmentedRaftLogWorker (SegmentedRaftLogWorker.java:lambda$new$0(132)) - 51c9978d-707e-4bc8-8e14-3bc0e19acfd9@group-10523F59635C-SegmentedRaftLogWorker: flushIndex: setUnconditionally 0 -> -1
2019-09-25 07:25:19,598 [pool-277-thread-1] INFO  server.RaftServerConfigKeys (ConfUtils.java:logGet(43)) - raft.server.snapshot.auto.trigger.enabled = true (custom)
2019-09-25 07:25:19,598 [pool-277-thread-1] INFO  server.RaftServerConfigKeys (ConfUtils.java:logGet(43)) - raft.server.snapshot.auto.trigger.threshold = 10000 (custom)
2019-09-25 07:25:19,598 [pool-277-thread-1] INFO  server.RaftServerConfigKeys (ConfUtils.java:logGet(43)) - raft.server.snapshot.retention.num.files = 5 (custom)
2019-09-25 07:25:19,598 [pool-277-thread-1] INFO  server.RaftServerConfigKeys (ConfUtils.java:logGet(43)) - raft.server.retrycache.expirytime = 600000ms (custom)
2019-09-25 07:25:19,599 [pool-277-thread-1] INFO  impl.RaftServerImpl (RaftServerImpl.java:start(185)) - 51c9978d-707e-4bc8-8e14-3bc0e19acfd9@group-10523F59635C: start as a follower, conf=-1: [51c9978d-707e-4bc8-8e14-3bc0e19acfd9:192.168.151.106:40511], old=null
2019-09-25 07:25:19,600 [pool-277-thread-1] INFO  impl.RaftServerImpl (RaftServerImpl.java:setRole(174)) - 51c9978d-707e-4bc8-8e14-3bc0e19acfd9@group-10523F59635C: changes role from      null to FOLLOWER at term 0 for startAsFollower
2019-09-25 07:25:19,600 [pool-277-thread-1] INFO  impl.RoleInfo (RoleInfo.java:updateAndGet(143)) - 51c9978d-707e-4bc8-8e14-3bc0e19acfd9: start FollowerState
2019-09-25 07:25:19,600 [pool-277-thread-1] INFO  util.JmxRegister (JmxRegister.java:tryRegister(44)) - Successfully registered JMX Bean with object name Ratis:service=RaftServer,group=group-10523F59635C,id=51c9978d-707e-4bc8-8e14-3bc0e19acfd9
2019-09-25 07:25:19,602 [RatisPipelineUtilsThread] INFO  pipeline.PipelineStateManager (PipelineStateManager.java:addPipeline(56)) - Created pipeline Pipeline[ Id: c1236aed-f443-4b25-977d-10523f59635c, Nodes: 51c9978d-707e-4bc8-8e14-3bc0e19acfd9{ip: 192.168.151.106, host: pr-hdds-1569-x2sr2-3486766547, networkLocation: /default-rack, certSerialId: null}, Type:RATIS, Factor:ONE, State:OPEN]
2019-09-25 07:25:19,602 [RatisPipelineUtilsThread] INFO  pipeline.PipelinePlacementPolicy (PipelinePlacementPolicy.java:meetCriteria(91)) - Pipeline Placement: can't place more pipeline on heavy datanode： 51c9978d-707e-4bc8-8e14-3bc0e19acfd9 Heaviness: 6 limit: 5
2019-09-25 07:25:19,603 [RatisPipelineUtilsThread] INFO  pipeline.PipelinePlacementPolicy (PipelinePlacementPolicy.java:meetCriteria(91)) - Pipeline Placement: can't place more pipeline on heavy datanode： 4cb4b249-44c1-44b5-b888-23fcf00e7c3e Heaviness: 6 limit: 5
2019-09-25 07:25:19,611 [grpc-default-executor-0] INFO  impl.RaftServerProxy (RaftServerProxy.java:addNew(89)) - 02ae206c-fcef-49cc-90ae-73b84a5bab29: addNew group-FED0556A1E9A:[02ae206c-fcef-49cc-90ae-73b84a5bab29:192.168.151.106:38923] returns group-FED0556A1E9A:java.util.concurrent.CompletableFuture@2b00fb20[Not completed]
2019-09-25 07:25:19,612 [pool-297-thread-1] INFO  impl.RaftServerImpl (RaftServerImpl.java:<init>(95)) - 02ae206c-fcef-49cc-90ae-73b84a5bab29: new RaftServerImpl for group-FED0556A1E9A:[02ae206c-fcef-49cc-90ae-73b84a5bab29:192.168.151.106:38923] with ContainerStateMachine:uninitialized
2019-09-25 07:25:19,612 [pool-297-thread-1] INFO  server.RaftServerConfigKeys (ConfUtils.java:logGet(43)) - raft.server.rpc.timeout.min = 5s (custom)
2019-09-25 07:25:19,612 [pool-297-thread-1] INFO  server.RaftServerConfigKeys (ConfUtils.java:logGet(43)) - raft.server.rpc.timeout.max = 5200ms (custom)
2019-09-25 07:25:19,612 [pool-297-thread-1] INFO  server.RaftServerConfigKeys (ConfUtils.java:logGet(43)) - raft.server.rpcslowness.timeout = 120s (custom)
2019-09-25 07:25:19,613 [pool-297-thread-1] INFO  server.RaftServerConfigKeys (ConfUtils.java:logGet(43)) - raft.server.sleep.deviation.threshold = 300 (default)
2019-09-25 07:25:19,613 [pool-297-thread-1] INFO  server.RaftServerConfigKeys (ConfUtils.java:logGet(43)) - raft.server.log.appender.install.snapshot.enabled = false (custom)
2019-09-25 07:25:19,613 [pool-297-thread-1] INFO  impl.RaftServerImpl (ServerState.java:<init>(103)) - 02ae206c-fcef-49cc-90ae-73b84a5bab29@group-FED0556A1E9A: ConfigurationManager, init=-1: [02ae206c-fcef-49cc-90ae-73b84a5bab29:192.168.151.106:38923], old=null, confs=<EMPTY_MAP>
2019-09-25 07:25:19,613 [pool-297-thread-1] INFO  server.RaftServerConfigKeys (ConfUtils.java:logGet(43)) - raft.server.storage.dir = [/workdir/hadoop-ozone/ozonefs/target/test-dir/MiniOzoneClusterImpl-10aaa320-0427-4efe-b245-6da614d0b375/datanode-2/data/ratis] (custom)
2019-09-25 07:25:19,613 [pool-297-thread-1] INFO  storage.RaftStorageDirectory (RaftStorageDirectory.java:analyzeStorage(246)) - The storage directory /workdir/hadoop-ozone/ozonefs/target/test-dir/MiniOzoneClusterImpl-10aaa320-0427-4efe-b245-6da614d0b375/datanode-2/data/ratis/face3508-8ea7-4aa2-b26b-fed0556a1e9a does not exist. Creating ...
2019-09-25 07:25:19,636 [pool-297-thread-1] INFO  storage.RaftStorageDirectory (RaftStorageDirectory.java:tryLock(328)) - Lock on /workdir/hadoop-ozone/ozonefs/target/test-dir/MiniOzoneClusterImpl-10aaa320-0427-4efe-b245-6da614d0b375/datanode-2/data/ratis/face3508-8ea7-4aa2-b26b-fed0556a1e9a/in_use.lock acquired by nodename 6556@pr-hdds-1569-x2sr2-3486766547
2019-09-25 07:25:19,660 [pool-297-thread-1] INFO  storage.RaftStorage (RaftStorage.java:format(72)) - Storage directory /workdir/hadoop-ozone/ozonefs/target/test-dir/MiniOzoneClusterImpl-10aaa320-0427-4efe-b245-6da614d0b375/datanode-2/data/ratis/face3508-8ea7-4aa2-b26b-fed0556a1e9a has been successfully formatted.
2019-09-25 07:25:19,660 [pool-297-thread-1] INFO  ratis.ContainerStateMachine (ContainerStateMachine.java:loadSnapshot(230)) - group-FED0556A1E9A: The snapshot info is null. Setting the last applied indexto:(t:0, i:~)
2019-09-25 07:25:19,660 [pool-297-thread-1] INFO  server.RaftServerConfigKeys (ConfUtils.java:logGet(43)) - raft.server.notification.no-leader.timeout = 120s (custom)
2019-09-25 07:25:19,660 [pool-297-thread-1] INFO  server.RaftServerConfigKeys (ConfUtils.java:logGet(43)) - raft.server.log.use.memory = false (default)
2019-09-25 07:25:19,661 [pool-297-thread-1] INFO  server.RaftServerConfigKeys (ConfUtils.java:logGet(43)) - raft.server.log.purge.gap = 1000000 (custom)
2019-09-25 07:25:19,661 [pool-297-thread-1] INFO  server.RaftServerConfigKeys (ConfUtils.java:logGet(43)) - raft.server.log.appender.buffer.byte-limit = 33554432 (custom)
2019-09-25 07:25:19,661 [pool-297-thread-1] INFO  server.RaftServerConfigKeys (ConfUtils.java:logGet(43)) - raft.server.log.segment.size.max = 1048576 (custom)
2019-09-25 07:25:19,661 [pool-297-thread-1] INFO  server.RaftServerConfigKeys (ConfUtils.java:logGet(43)) - raft.server.log.segment.cache.num.max = 2 (custom)
2019-09-25 07:25:19,662 [pool-297-thread-1] INFO  segmented.SegmentedRaftLogWorker (SegmentedRaftLogWorker.java:<init>(172)) - new 02ae206c-fcef-49cc-90ae-73b84a5bab29@group-FED0556A1E9A-SegmentedRaftLogWorker for RaftStorage:Storage Directory /workdir/hadoop-ozone/ozonefs/target/test-dir/MiniOzoneClusterImpl-10aaa320-0427-4efe-b245-6da614d0b375/datanode-2/data/ratis/face3508-8ea7-4aa2-b26b-fed0556a1e9a
2019-09-25 07:25:19,664 [pool-297-thread-1] INFO  server.RaftServerConfigKeys (ConfUtils.java:logGet(43)) - raft.server.log.queue.byte-limit = 2147483647 (custom)
2019-09-25 07:25:19,664 [pool-297-thread-1] INFO  server.RaftServerConfigKeys (ConfUtils.java:logGet(43)) - raft.server.log.queue.element-limit = 1024 (custom)
2019-09-25 07:25:19,665 [pool-297-thread-1] INFO  server.RaftServerConfigKeys (ConfUtils.java:logGet(43)) - raft.server.log.segment.size.max = 1048576 (custom)
2019-09-25 07:25:19,665 [pool-297-thread-1] INFO  server.RaftServerConfigKeys (ConfUtils.java:logGet(43)) - raft.server.log.preallocated.size = 16384 (custom)
2019-09-25 07:25:19,665 [pool-297-thread-1] INFO  server.RaftServerConfigKeys (ConfUtils.java:logGet(43)) - raft.server.log.write.buffer.size = 33554432 (custom)
2019-09-25 07:25:19,665 [pool-297-thread-1] INFO  server.RaftServerConfigKeys (ConfUtils.java:logGet(43)) - raft.server.log.force.sync.num = 128 (default)
2019-09-25 07:25:19,666 [pool-297-thread-1] INFO  server.RaftServerConfigKeys (ConfUtils.java:logGet(43)) - raft.server.log.statemachine.data.sync = true (default)
2019-09-25 07:25:19,666 [pool-297-thread-1] INFO  server.RaftServerConfigKeys (ConfUtils.java:logGet(43)) - raft.server.log.statemachine.data.sync.timeout = 10s (default)
2019-09-25 07:25:19,666 [pool-297-thread-1] INFO  server.RaftServerConfigKeys (ConfUtils.java:logGet(43)) - raft.server.log.statemachine.data.sync.timeout.retry = -1 (default)
2019-09-25 07:25:19,667 [pool-297-thread-1] INFO  server.RaftServerConfigKeys (ConfUtils.java:logGet(43)) - raft.server.log.statemachine.data.caching.enabled = true (custom)
2019-09-25 07:25:19,667 [pool-297-thread-1] INFO  segmented.SegmentedRaftLogWorker (SegmentedRaftLogWorker.java:lambda$new$0(132)) - 02ae206c-fcef-49cc-90ae-73b84a5bab29@group-FED0556A1E9A-SegmentedRaftLogWorker: flushIndex: setUnconditionally 0 -> -1
2019-09-25 07:25:19,667 [pool-297-thread-1] INFO  server.RaftServerConfigKeys (ConfUtils.java:logGet(43)) - raft.server.snapshot.auto.trigger.enabled = true (custom)
2019-09-25 07:25:19,668 [pool-297-thread-1] INFO  server.RaftServerConfigKeys (ConfUtils.java:logGet(43)) - raft.server.snapshot.auto.trigger.threshold = 10000 (custom)
2019-09-25 07:25:19,668 [pool-297-thread-1] INFO  server.RaftServerConfigKeys (ConfUtils.java:logGet(43)) - raft.server.snapshot.retention.num.files = 5 (custom)
2019-09-25 07:25:19,668 [pool-297-thread-1] INFO  server.RaftServerConfigKeys (ConfUtils.java:logGet(43)) - raft.server.retrycache.expirytime = 600000ms (custom)
2019-09-25 07:25:19,670 [pool-297-thread-1] INFO  impl.RaftServerImpl (RaftServerImpl.java:start(185)) - 02ae206c-fcef-49cc-90ae-73b84a5bab29@group-FED0556A1E9A: start as a follower, conf=-1: [02ae206c-fcef-49cc-90ae-73b84a5bab29:192.168.151.106:38923], old=null
2019-09-25 07:25:19,670 [pool-297-thread-1] INFO  impl.RaftServerImpl (RaftServerImpl.java:setRole(174)) - 02ae206c-fcef-49cc-90ae-73b84a5bab29@group-FED0556A1E9A: changes role from      null to FOLLOWER at term 0 for startAsFollower
2019-09-25 07:25:19,671 [pool-297-thread-1] INFO  impl.RoleInfo (RoleInfo.java:updateAndGet(143)) - 02ae206c-fcef-49cc-90ae-73b84a5bab29: start FollowerState
2019-09-25 07:25:19,671 [pool-297-thread-1] INFO  util.JmxRegister (JmxRegister.java:tryRegister(44)) - Successfully registered JMX Bean with object name Ratis:service=RaftServer,group=group-FED0556A1E9A,id=02ae206c-fcef-49cc-90ae-73b84a5bab29
2019-09-25 07:25:19,675 [RatisPipelineUtilsThread] INFO  pipeline.PipelineStateManager (PipelineStateManager.java:addPipeline(56)) - Created pipeline Pipeline[ Id: face3508-8ea7-4aa2-b26b-fed0556a1e9a, Nodes: 02ae206c-fcef-49cc-90ae-73b84a5bab29{ip: 192.168.151.106, host: pr-hdds-1569-x2sr2-3486766547, networkLocation: /default-rack, certSerialId: null}, Type:RATIS, Factor:ONE, State:OPEN]
2019-09-25 07:25:19,675 [RatisPipelineUtilsThread] INFO  pipeline.PipelinePlacementPolicy (PipelinePlacementPolicy.java:meetCriteria(91)) - Pipeline Placement: can't place more pipeline on heavy datanode： 51c9978d-707e-4bc8-8e14-3bc0e19acfd9 Heaviness: 6 limit: 5
2019-09-25 07:25:19,675 [RatisPipelineUtilsThread] INFO  pipeline.PipelinePlacementPolicy (PipelinePlacementPolicy.java:meetCriteria(91)) - Pipeline Placement: can't place more pipeline on heavy datanode： 4cb4b249-44c1-44b5-b888-23fcf00e7c3e Heaviness: 6 limit: 5
2019-09-25 07:25:19,680 [grpc-default-executor-0] INFO  impl.RaftServerProxy (RaftServerProxy.java:addNew(89)) - 02ae206c-fcef-49cc-90ae-73b84a5bab29: addNew group-9D4322D63CA7:[02ae206c-fcef-49cc-90ae-73b84a5bab29:192.168.151.106:38923] returns group-9D4322D63CA7:java.util.concurrent.CompletableFuture@1ba88f40[Not completed]
2019-09-25 07:25:19,682 [pool-297-thread-1] INFO  impl.RaftServerImpl (RaftServerImpl.java:<init>(95)) - 02ae206c-fcef-49cc-90ae-73b84a5bab29: new RaftServerImpl for group-9D4322D63CA7:[02ae206c-fcef-49cc-90ae-73b84a5bab29:192.168.151.106:38923] with ContainerStateMachine:uninitialized
2019-09-25 07:25:19,682 [pool-297-thread-1] INFO  server.RaftServerConfigKeys (ConfUtils.java:logGet(43)) - raft.server.rpc.timeout.min = 5s (custom)
2019-09-25 07:25:19,682 [pool-297-thread-1] INFO  server.RaftServerConfigKeys (ConfUtils.java:logGet(43)) - raft.server.rpc.timeout.max = 5200ms (custom)
2019-09-25 07:25:19,682 [pool-297-thread-1] INFO  server.RaftServerConfigKeys (ConfUtils.java:logGet(43)) - raft.server.rpcslowness.timeout = 120s (custom)
2019-09-25 07:25:19,682 [pool-297-thread-1] INFO  server.RaftServerConfigKeys (ConfUtils.java:logGet(43)) - raft.server.sleep.deviation.threshold = 300 (default)
2019-09-25 07:25:19,682 [pool-297-thread-1] INFO  server.RaftServerConfigKeys (ConfUtils.java:logGet(43)) - raft.server.log.appender.install.snapshot.enabled = false (custom)
2019-09-25 07:25:19,682 [pool-297-thread-1] INFO  impl.RaftServerImpl (ServerState.java:<init>(103)) - 02ae206c-fcef-49cc-90ae-73b84a5bab29@group-9D4322D63CA7: ConfigurationManager, init=-1: [02ae206c-fcef-49cc-90ae-73b84a5bab29:192.168.151.106:38923], old=null, confs=<EMPTY_MAP>
2019-09-25 07:25:19,683 [pool-297-thread-1] INFO  server.RaftServerConfigKeys (ConfUtils.java:logGet(43)) - raft.server.storage.dir = [/workdir/hadoop-ozone/ozonefs/target/test-dir/MiniOzoneClusterImpl-10aaa320-0427-4efe-b245-6da614d0b375/datanode-2/data/ratis] (custom)
2019-09-25 07:25:19,683 [pool-297-thread-1] INFO  storage.RaftStorageDirectory (RaftStorageDirectory.java:analyzeStorage(246)) - The storage directory /workdir/hadoop-ozone/ozonefs/target/test-dir/MiniOzoneClusterImpl-10aaa320-0427-4efe-b245-6da614d0b375/datanode-2/data/ratis/2e96c187-d4e5-4c4e-ade6-9d4322d63ca7 does not exist. Creating ...
2019-09-25 07:25:19,706 [pool-297-thread-1] INFO  storage.RaftStorageDirectory (RaftStorageDirectory.java:tryLock(328)) - Lock on /workdir/hadoop-ozone/ozonefs/target/test-dir/MiniOzoneClusterImpl-10aaa320-0427-4efe-b245-6da614d0b375/datanode-2/data/ratis/2e96c187-d4e5-4c4e-ade6-9d4322d63ca7/in_use.lock acquired by nodename 6556@pr-hdds-1569-x2sr2-3486766547
2019-09-25 07:25:19,729 [pool-297-thread-1] INFO  storage.RaftStorage (RaftStorage.java:format(72)) - Storage directory /workdir/hadoop-ozone/ozonefs/target/test-dir/MiniOzoneClusterImpl-10aaa320-0427-4efe-b245-6da614d0b375/datanode-2/data/ratis/2e96c187-d4e5-4c4e-ade6-9d4322d63ca7 has been successfully formatted.
2019-09-25 07:25:19,730 [pool-297-thread-1] INFO  ratis.ContainerStateMachine (ContainerStateMachine.java:loadSnapshot(230)) - group-9D4322D63CA7: The snapshot info is null. Setting the last applied indexto:(t:0, i:~)
2019-09-25 07:25:19,730 [pool-297-thread-1] INFO  server.RaftServerConfigKeys (ConfUtils.java:logGet(43)) - raft.server.notification.no-leader.timeout = 120s (custom)
2019-09-25 07:25:19,730 [pool-297-thread-1] INFO  server.RaftServerConfigKeys (ConfUtils.java:logGet(43)) - raft.server.log.use.memory = false (default)
2019-09-25 07:25:19,730 [pool-297-thread-1] INFO  server.RaftServerConfigKeys (ConfUtils.java:logGet(43)) - raft.server.log.purge.gap = 1000000 (custom)
2019-09-25 07:25:19,730 [pool-297-thread-1] INFO  server.RaftServerConfigKeys (ConfUtils.java:logGet(43)) - raft.server.log.appender.buffer.byte-limit = 33554432 (custom)
2019-09-25 07:25:19,731 [pool-297-thread-1] INFO  server.RaftServerConfigKeys (ConfUtils.java:logGet(43)) - raft.server.log.segment.size.max = 1048576 (custom)
2019-09-25 07:25:19,731 [pool-297-thread-1] INFO  server.RaftServerConfigKeys (ConfUtils.java:logGet(43)) - raft.server.log.segment.cache.num.max = 2 (custom)
2019-09-25 07:25:19,731 [pool-297-thread-1] INFO  segmented.SegmentedRaftLogWorker (SegmentedRaftLogWorker.java:<init>(172)) - new 02ae206c-fcef-49cc-90ae-73b84a5bab29@group-9D4322D63CA7-SegmentedRaftLogWorker for RaftStorage:Storage Directory /workdir/hadoop-ozone/ozonefs/target/test-dir/MiniOzoneClusterImpl-10aaa320-0427-4efe-b245-6da614d0b375/datanode-2/data/ratis/2e96c187-d4e5-4c4e-ade6-9d4322d63ca7
2019-09-25 07:25:19,731 [pool-297-thread-1] INFO  server.RaftServerConfigKeys (ConfUtils.java:logGet(43)) - raft.server.log.queue.byte-limit = 2147483647 (custom)
2019-09-25 07:25:19,731 [pool-297-thread-1] INFO  server.RaftServerConfigKeys (ConfUtils.java:logGet(43)) - raft.server.log.queue.element-limit = 1024 (custom)
2019-09-25 07:25:19,731 [pool-297-thread-1] INFO  server.RaftServerConfigKeys (ConfUtils.java:logGet(43)) - raft.server.log.segment.size.max = 1048576 (custom)
2019-09-25 07:25:19,731 [pool-297-thread-1] INFO  server.RaftServerConfigKeys (ConfUtils.java:logGet(43)) - raft.server.log.preallocated.size = 16384 (custom)
2019-09-25 07:25:19,731 [pool-297-thread-1] INFO  server.RaftServerConfigKeys (ConfUtils.java:logGet(43)) - raft.server.log.write.buffer.size = 33554432 (custom)
2019-09-25 07:25:19,732 [pool-297-thread-1] INFO  server.RaftServerConfigKeys (ConfUtils.java:logGet(43)) - raft.server.log.force.sync.num = 128 (default)
2019-09-25 07:25:19,732 [pool-297-thread-1] INFO  server.RaftServerConfigKeys (ConfUtils.java:logGet(43)) - raft.server.log.statemachine.data.sync = true (default)
2019-09-25 07:25:19,732 [pool-297-thread-1] INFO  server.RaftServerConfigKeys (ConfUtils.java:logGet(43)) - raft.server.log.statemachine.data.sync.timeout = 10s (default)
2019-09-25 07:25:19,732 [pool-297-thread-1] INFO  server.RaftServerConfigKeys (ConfUtils.java:logGet(43)) - raft.server.log.statemachine.data.sync.timeout.retry = -1 (default)
2019-09-25 07:25:19,732 [pool-297-thread-1] INFO  server.RaftServerConfigKeys (ConfUtils.java:logGet(43)) - raft.server.log.statemachine.data.caching.enabled = true (custom)
2019-09-25 07:25:19,732 [pool-297-thread-1] INFO  segmented.SegmentedRaftLogWorker (SegmentedRaftLogWorker.java:lambda$new$0(132)) - 02ae206c-fcef-49cc-90ae-73b84a5bab29@group-9D4322D63CA7-SegmentedRaftLogWorker: flushIndex: setUnconditionally 0 -> -1
2019-09-25 07:25:19,733 [pool-297-thread-1] INFO  server.RaftServerConfigKeys (ConfUtils.java:logGet(43)) - raft.server.snapshot.auto.trigger.enabled = true (custom)
2019-09-25 07:25:19,733 [pool-297-thread-1] INFO  server.RaftServerConfigKeys (ConfUtils.java:logGet(43)) - raft.server.snapshot.auto.trigger.threshold = 10000 (custom)
2019-09-25 07:25:19,733 [pool-297-thread-1] INFO  server.RaftServerConfigKeys (ConfUtils.java:logGet(43)) - raft.server.snapshot.retention.num.files = 5 (custom)
2019-09-25 07:25:19,733 [pool-297-thread-1] INFO  server.RaftServerConfigKeys (ConfUtils.java:logGet(43)) - raft.server.retrycache.expirytime = 600000ms (custom)
2019-09-25 07:25:19,735 [pool-297-thread-1] INFO  impl.RaftServerImpl (RaftServerImpl.java:start(185)) - 02ae206c-fcef-49cc-90ae-73b84a5bab29@group-9D4322D63CA7: start as a follower, conf=-1: [02ae206c-fcef-49cc-90ae-73b84a5bab29:192.168.151.106:38923], old=null
2019-09-25 07:25:19,735 [pool-297-thread-1] INFO  impl.RaftServerImpl (RaftServerImpl.java:setRole(174)) - 02ae206c-fcef-49cc-90ae-73b84a5bab29@group-9D4322D63CA7: changes role from      null to FOLLOWER at term 0 for startAsFollower
2019-09-25 07:25:19,735 [pool-297-thread-1] INFO  impl.RoleInfo (RoleInfo.java:updateAndGet(143)) - 02ae206c-fcef-49cc-90ae-73b84a5bab29: start FollowerState
2019-09-25 07:25:19,735 [pool-297-thread-1] INFO  util.JmxRegister (JmxRegister.java:tryRegister(44)) - Successfully registered JMX Bean with object name Ratis:service=RaftServer,group=group-9D4322D63CA7,id=02ae206c-fcef-49cc-90ae-73b84a5bab29
2019-09-25 07:25:19,738 [RatisPipelineUtilsThread] INFO  pipeline.PipelineStateManager (PipelineStateManager.java:addPipeline(56)) - Created pipeline Pipeline[ Id: 2e96c187-d4e5-4c4e-ade6-9d4322d63ca7, Nodes: 02ae206c-fcef-49cc-90ae-73b84a5bab29{ip: 192.168.151.106, host: pr-hdds-1569-x2sr2-3486766547, networkLocation: /default-rack, certSerialId: null}, Type:RATIS, Factor:ONE, State:OPEN]
2019-09-25 07:25:19,738 [RatisPipelineUtilsThread] INFO  pipeline.PipelinePlacementPolicy (PipelinePlacementPolicy.java:meetCriteria(91)) - Pipeline Placement: can't place more pipeline on heavy datanode： 51c9978d-707e-4bc8-8e14-3bc0e19acfd9 Heaviness: 6 limit: 5
2019-09-25 07:25:19,738 [RatisPipelineUtilsThread] INFO  pipeline.PipelinePlacementPolicy (PipelinePlacementPolicy.java:meetCriteria(91)) - Pipeline Placement: can't place more pipeline on heavy datanode： 4cb4b249-44c1-44b5-b888-23fcf00e7c3e Heaviness: 6 limit: 5
2019-09-25 07:25:19,744 [grpc-default-executor-0] INFO  impl.RaftServerProxy (RaftServerProxy.java:addNew(89)) - 02ae206c-fcef-49cc-90ae-73b84a5bab29: addNew group-1CB393AD2F8E:[02ae206c-fcef-49cc-90ae-73b84a5bab29:192.168.151.106:38923] returns group-1CB393AD2F8E:java.util.concurrent.CompletableFuture@b3df2ef[Not completed]
2019-09-25 07:25:19,745 [pool-297-thread-1] INFO  impl.RaftServerImpl (RaftServerImpl.java:<init>(95)) - 02ae206c-fcef-49cc-90ae-73b84a5bab29: new RaftServerImpl for group-1CB393AD2F8E:[02ae206c-fcef-49cc-90ae-73b84a5bab29:192.168.151.106:38923] with ContainerStateMachine:uninitialized
2019-09-25 07:25:19,745 [pool-297-thread-1] INFO  server.RaftServerConfigKeys (ConfUtils.java:logGet(43)) - raft.server.rpc.timeout.min = 5s (custom)
2019-09-25 07:25:19,745 [pool-297-thread-1] INFO  server.RaftServerConfigKeys (ConfUtils.java:logGet(43)) - raft.server.rpc.timeout.max = 5200ms (custom)
2019-09-25 07:25:19,745 [pool-297-thread-1] INFO  server.RaftServerConfigKeys (ConfUtils.java:logGet(43)) - raft.server.rpcslowness.timeout = 120s (custom)
2019-09-25 07:25:19,745 [pool-297-thread-1] INFO  server.RaftServerConfigKeys (ConfUtils.java:logGet(43)) - raft.server.sleep.deviation.threshold = 300 (default)
2019-09-25 07:25:19,745 [pool-297-thread-1] INFO  server.RaftServerConfigKeys (ConfUtils.java:logGet(43)) - raft.server.log.appender.install.snapshot.enabled = false (custom)
2019-09-25 07:25:19,745 [pool-297-thread-1] INFO  impl.RaftServerImpl (ServerState.java:<init>(103)) - 02ae206c-fcef-49cc-90ae-73b84a5bab29@group-1CB393AD2F8E: ConfigurationManager, init=-1: [02ae206c-fcef-49cc-90ae-73b84a5bab29:192.168.151.106:38923], old=null, confs=<EMPTY_MAP>
2019-09-25 07:25:19,745 [pool-297-thread-1] INFO  server.RaftServerConfigKeys (ConfUtils.java:logGet(43)) - raft.server.storage.dir = [/workdir/hadoop-ozone/ozonefs/target/test-dir/MiniOzoneClusterImpl-10aaa320-0427-4efe-b245-6da614d0b375/datanode-2/data/ratis] (custom)
2019-09-25 07:25:19,746 [pool-297-thread-1] INFO  storage.RaftStorageDirectory (RaftStorageDirectory.java:analyzeStorage(246)) - The storage directory /workdir/hadoop-ozone/ozonefs/target/test-dir/MiniOzoneClusterImpl-10aaa320-0427-4efe-b245-6da614d0b375/datanode-2/data/ratis/097fc3cb-b4aa-4425-a068-1cb393ad2f8e does not exist. Creating ...
2019-09-25 07:25:19,759 [pool-297-thread-1] INFO  storage.RaftStorageDirectory (RaftStorageDirectory.java:tryLock(328)) - Lock on /workdir/hadoop-ozone/ozonefs/target/test-dir/MiniOzoneClusterImpl-10aaa320-0427-4efe-b245-6da614d0b375/datanode-2/data/ratis/097fc3cb-b4aa-4425-a068-1cb393ad2f8e/in_use.lock acquired by nodename 6556@pr-hdds-1569-x2sr2-3486766547
2019-09-25 07:25:19,772 [pool-297-thread-1] INFO  storage.RaftStorage (RaftStorage.java:format(72)) - Storage directory /workdir/hadoop-ozone/ozonefs/target/test-dir/MiniOzoneClusterImpl-10aaa320-0427-4efe-b245-6da614d0b375/datanode-2/data/ratis/097fc3cb-b4aa-4425-a068-1cb393ad2f8e has been successfully formatted.
2019-09-25 07:25:19,772 [pool-297-thread-1] INFO  ratis.ContainerStateMachine (ContainerStateMachine.java:loadSnapshot(230)) - group-1CB393AD2F8E: The snapshot info is null. Setting the last applied indexto:(t:0, i:~)
2019-09-25 07:25:19,772 [pool-297-thread-1] INFO  server.RaftServerConfigKeys (ConfUtils.java:logGet(43)) - raft.server.notification.no-leader.timeout = 120s (custom)
2019-09-25 07:25:19,772 [pool-297-thread-1] INFO  server.RaftServerConfigKeys (ConfUtils.java:logGet(43)) - raft.server.log.use.memory = false (default)
2019-09-25 07:25:19,772 [pool-297-thread-1] INFO  server.RaftServerConfigKeys (ConfUtils.java:logGet(43)) - raft.server.log.purge.gap = 1000000 (custom)
2019-09-25 07:25:19,773 [pool-297-thread-1] INFO  server.RaftServerConfigKeys (ConfUtils.java:logGet(43)) - raft.server.log.appender.buffer.byte-limit = 33554432 (custom)
2019-09-25 07:25:19,773 [pool-297-thread-1] INFO  server.RaftServerConfigKeys (ConfUtils.java:logGet(43)) - raft.server.log.segment.size.max = 1048576 (custom)
2019-09-25 07:25:19,773 [pool-297-thread-1] INFO  server.RaftServerConfigKeys (ConfUtils.java:logGet(43)) - raft.server.log.segment.cache.num.max = 2 (custom)
2019-09-25 07:25:19,773 [pool-297-thread-1] INFO  segmented.SegmentedRaftLogWorker (SegmentedRaftLogWorker.java:<init>(172)) - new 02ae206c-fcef-49cc-90ae-73b84a5bab29@group-1CB393AD2F8E-SegmentedRaftLogWorker for RaftStorage:Storage Directory /workdir/hadoop-ozone/ozonefs/target/test-dir/MiniOzoneClusterImpl-10aaa320-0427-4efe-b245-6da614d0b375/datanode-2/data/ratis/097fc3cb-b4aa-4425-a068-1cb393ad2f8e
2019-09-25 07:25:19,773 [pool-297-thread-1] INFO  server.RaftServerConfigKeys (ConfUtils.java:logGet(43)) - raft.server.log.queue.byte-limit = 2147483647 (custom)
2019-09-25 07:25:19,773 [pool-297-thread-1] INFO  server.RaftServerConfigKeys (ConfUtils.java:logGet(43)) - raft.server.log.queue.element-limit = 1024 (custom)
2019-09-25 07:25:19,773 [pool-297-thread-1] INFO  server.RaftServerConfigKeys (ConfUtils.java:logGet(43)) - raft.server.log.segment.size.max = 1048576 (custom)
2019-09-25 07:25:19,774 [pool-297-thread-1] INFO  server.RaftServerConfigKeys (ConfUtils.java:logGet(43)) - raft.server.log.preallocated.size = 16384 (custom)
2019-09-25 07:25:19,774 [pool-297-thread-1] INFO  server.RaftServerConfigKeys (ConfUtils.java:logGet(43)) - raft.server.log.write.buffer.size = 33554432 (custom)
2019-09-25 07:25:19,774 [pool-297-thread-1] INFO  server.RaftServerConfigKeys (ConfUtils.java:logGet(43)) - raft.server.log.force.sync.num = 128 (default)
2019-09-25 07:25:19,774 [pool-297-thread-1] INFO  server.RaftServerConfigKeys (ConfUtils.java:logGet(43)) - raft.server.log.statemachine.data.sync = true (default)
2019-09-25 07:25:19,774 [pool-297-thread-1] INFO  server.RaftServerConfigKeys (ConfUtils.java:logGet(43)) - raft.server.log.statemachine.data.sync.timeout = 10s (default)
2019-09-25 07:25:19,774 [pool-297-thread-1] INFO  server.RaftServerConfigKeys (ConfUtils.java:logGet(43)) - raft.server.log.statemachine.data.sync.timeout.retry = -1 (default)
2019-09-25 07:25:19,774 [pool-297-thread-1] INFO  server.RaftServerConfigKeys (ConfUtils.java:logGet(43)) - raft.server.log.statemachine.data.caching.enabled = true (custom)
2019-09-25 07:25:19,775 [pool-297-thread-1] INFO  segmented.SegmentedRaftLogWorker (SegmentedRaftLogWorker.java:lambda$new$0(132)) - 02ae206c-fcef-49cc-90ae-73b84a5bab29@group-1CB393AD2F8E-SegmentedRaftLogWorker: flushIndex: setUnconditionally 0 -> -1
2019-09-25 07:25:19,775 [pool-297-thread-1] INFO  server.RaftServerConfigKeys (ConfUtils.java:logGet(43)) - raft.server.snapshot.auto.trigger.enabled = true (custom)
2019-09-25 07:25:19,775 [pool-297-thread-1] INFO  server.RaftServerConfigKeys (ConfUtils.java:logGet(43)) - raft.server.snapshot.auto.trigger.threshold = 10000 (custom)
2019-09-25 07:25:19,775 [pool-297-thread-1] INFO  server.RaftServerConfigKeys (ConfUtils.java:logGet(43)) - raft.server.snapshot.retention.num.files = 5 (custom)
2019-09-25 07:25:19,775 [pool-297-thread-1] INFO  server.RaftServerConfigKeys (ConfUtils.java:logGet(43)) - raft.server.retrycache.expirytime = 600000ms (custom)
2019-09-25 07:25:19,777 [pool-297-thread-1] INFO  impl.RaftServerImpl (RaftServerImpl.java:start(185)) - 02ae206c-fcef-49cc-90ae-73b84a5bab29@group-1CB393AD2F8E: start as a follower, conf=-1: [02ae206c-fcef-49cc-90ae-73b84a5bab29:192.168.151.106:38923], old=null
2019-09-25 07:25:19,777 [pool-297-thread-1] INFO  impl.RaftServerImpl (RaftServerImpl.java:setRole(174)) - 02ae206c-fcef-49cc-90ae-73b84a5bab29@group-1CB393AD2F8E: changes role from      null to FOLLOWER at term 0 for startAsFollower
2019-09-25 07:25:19,777 [pool-297-thread-1] INFO  impl.RoleInfo (RoleInfo.java:updateAndGet(143)) - 02ae206c-fcef-49cc-90ae-73b84a5bab29: start FollowerState
2019-09-25 07:25:19,778 [pool-297-thread-1] INFO  util.JmxRegister (JmxRegister.java:tryRegister(44)) - Successfully registered JMX Bean with object name Ratis:service=RaftServer,group=group-1CB393AD2F8E,id=02ae206c-fcef-49cc-90ae-73b84a5bab29
2019-09-25 07:25:19,781 [RatisPipelineUtilsThread] INFO  pipeline.PipelineStateManager (PipelineStateManager.java:addPipeline(56)) - Created pipeline Pipeline[ Id: 097fc3cb-b4aa-4425-a068-1cb393ad2f8e, Nodes: 02ae206c-fcef-49cc-90ae-73b84a5bab29{ip: 192.168.151.106, host: pr-hdds-1569-x2sr2-3486766547, networkLocation: /default-rack, certSerialId: null}, Type:RATIS, Factor:ONE, State:OPEN]
2019-09-25 07:25:19,781 [RatisPipelineUtilsThread] INFO  pipeline.PipelinePlacementPolicy (PipelinePlacementPolicy.java:meetCriteria(91)) - Pipeline Placement: can't place more pipeline on heavy datanode： 51c9978d-707e-4bc8-8e14-3bc0e19acfd9 Heaviness: 6 limit: 5
2019-09-25 07:25:19,781 [RatisPipelineUtilsThread] INFO  pipeline.PipelinePlacementPolicy (PipelinePlacementPolicy.java:meetCriteria(91)) - Pipeline Placement: can't place more pipeline on heavy datanode： 4cb4b249-44c1-44b5-b888-23fcf00e7c3e Heaviness: 6 limit: 5
2019-09-25 07:25:19,787 [grpc-default-executor-0] INFO  impl.RaftServerProxy (RaftServerProxy.java:addNew(89)) - 02ae206c-fcef-49cc-90ae-73b84a5bab29: addNew group-A59CF723A3F6:[02ae206c-fcef-49cc-90ae-73b84a5bab29:192.168.151.106:38923] returns group-A59CF723A3F6:java.util.concurrent.CompletableFuture@2533b8c8[Not completed]
2019-09-25 07:25:19,788 [pool-297-thread-1] INFO  impl.RaftServerImpl (RaftServerImpl.java:<init>(95)) - 02ae206c-fcef-49cc-90ae-73b84a5bab29: new RaftServerImpl for group-A59CF723A3F6:[02ae206c-fcef-49cc-90ae-73b84a5bab29:192.168.151.106:38923] with ContainerStateMachine:uninitialized
2019-09-25 07:25:19,788 [pool-297-thread-1] INFO  server.RaftServerConfigKeys (ConfUtils.java:logGet(43)) - raft.server.rpc.timeout.min = 5s (custom)
2019-09-25 07:25:19,789 [pool-297-thread-1] INFO  server.RaftServerConfigKeys (ConfUtils.java:logGet(43)) - raft.server.rpc.timeout.max = 5200ms (custom)
2019-09-25 07:25:19,789 [pool-297-thread-1] INFO  server.RaftServerConfigKeys (ConfUtils.java:logGet(43)) - raft.server.rpcslowness.timeout = 120s (custom)
2019-09-25 07:25:19,789 [pool-297-thread-1] INFO  server.RaftServerConfigKeys (ConfUtils.java:logGet(43)) - raft.server.sleep.deviation.threshold = 300 (default)
2019-09-25 07:25:19,789 [pool-297-thread-1] INFO  server.RaftServerConfigKeys (ConfUtils.java:logGet(43)) - raft.server.log.appender.install.snapshot.enabled = false (custom)
2019-09-25 07:25:19,789 [pool-297-thread-1] INFO  impl.RaftServerImpl (ServerState.java:<init>(103)) - 02ae206c-fcef-49cc-90ae-73b84a5bab29@group-A59CF723A3F6: ConfigurationManager, init=-1: [02ae206c-fcef-49cc-90ae-73b84a5bab29:192.168.151.106:38923], old=null, confs=<EMPTY_MAP>
2019-09-25 07:25:19,789 [pool-297-thread-1] INFO  server.RaftServerConfigKeys (ConfUtils.java:logGet(43)) - raft.server.storage.dir = [/workdir/hadoop-ozone/ozonefs/target/test-dir/MiniOzoneClusterImpl-10aaa320-0427-4efe-b245-6da614d0b375/datanode-2/data/ratis] (custom)
2019-09-25 07:25:19,790 [pool-297-thread-1] INFO  storage.RaftStorageDirectory (RaftStorageDirectory.java:analyzeStorage(246)) - The storage directory /workdir/hadoop-ozone/ozonefs/target/test-dir/MiniOzoneClusterImpl-10aaa320-0427-4efe-b245-6da614d0b375/datanode-2/data/ratis/d978c14e-10f2-4a20-8e92-a59cf723a3f6 does not exist. Creating ...
2019-09-25 07:25:19,802 [pool-297-thread-1] INFO  storage.RaftStorageDirectory (RaftStorageDirectory.java:tryLock(328)) - Lock on /workdir/hadoop-ozone/ozonefs/target/test-dir/MiniOzoneClusterImpl-10aaa320-0427-4efe-b245-6da614d0b375/datanode-2/data/ratis/d978c14e-10f2-4a20-8e92-a59cf723a3f6/in_use.lock acquired by nodename 6556@pr-hdds-1569-x2sr2-3486766547
2019-09-25 07:25:19,815 [pool-297-thread-1] INFO  storage.RaftStorage (RaftStorage.java:format(72)) - Storage directory /workdir/hadoop-ozone/ozonefs/target/test-dir/MiniOzoneClusterImpl-10aaa320-0427-4efe-b245-6da614d0b375/datanode-2/data/ratis/d978c14e-10f2-4a20-8e92-a59cf723a3f6 has been successfully formatted.
2019-09-25 07:25:19,815 [pool-297-thread-1] INFO  ratis.ContainerStateMachine (ContainerStateMachine.java:loadSnapshot(230)) - group-A59CF723A3F6: The snapshot info is null. Setting the last applied indexto:(t:0, i:~)
2019-09-25 07:25:19,815 [pool-297-thread-1] INFO  server.RaftServerConfigKeys (ConfUtils.java:logGet(43)) - raft.server.notification.no-leader.timeout = 120s (custom)
2019-09-25 07:25:19,815 [pool-297-thread-1] INFO  server.RaftServerConfigKeys (ConfUtils.java:logGet(43)) - raft.server.log.use.memory = false (default)
2019-09-25 07:25:19,816 [pool-297-thread-1] INFO  server.RaftServerConfigKeys (ConfUtils.java:logGet(43)) - raft.server.log.purge.gap = 1000000 (custom)
2019-09-25 07:25:19,816 [pool-297-thread-1] INFO  server.RaftServerConfigKeys (ConfUtils.java:logGet(43)) - raft.server.log.appender.buffer.byte-limit = 33554432 (custom)
2019-09-25 07:25:19,816 [pool-297-thread-1] INFO  server.RaftServerConfigKeys (ConfUtils.java:logGet(43)) - raft.server.log.segment.size.max = 1048576 (custom)
2019-09-25 07:25:19,816 [pool-297-thread-1] INFO  server.RaftServerConfigKeys (ConfUtils.java:logGet(43)) - raft.server.log.segment.cache.num.max = 2 (custom)
2019-09-25 07:25:19,816 [pool-297-thread-1] INFO  segmented.SegmentedRaftLogWorker (SegmentedRaftLogWorker.java:<init>(172)) - new 02ae206c-fcef-49cc-90ae-73b84a5bab29@group-A59CF723A3F6-SegmentedRaftLogWorker for RaftStorage:Storage Directory /workdir/hadoop-ozone/ozonefs/target/test-dir/MiniOzoneClusterImpl-10aaa320-0427-4efe-b245-6da614d0b375/datanode-2/data/ratis/d978c14e-10f2-4a20-8e92-a59cf723a3f6
2019-09-25 07:25:19,816 [pool-297-thread-1] INFO  server.RaftServerConfigKeys (ConfUtils.java:logGet(43)) - raft.server.log.queue.byte-limit = 2147483647 (custom)
2019-09-25 07:25:19,816 [pool-297-thread-1] INFO  server.RaftServerConfigKeys (ConfUtils.java:logGet(43)) - raft.server.log.queue.element-limit = 1024 (custom)
2019-09-25 07:25:19,817 [pool-297-thread-1] INFO  server.RaftServerConfigKeys (ConfUtils.java:logGet(43)) - raft.server.log.segment.size.max = 1048576 (custom)
2019-09-25 07:25:19,817 [pool-297-thread-1] INFO  server.RaftServerConfigKeys (ConfUtils.java:logGet(43)) - raft.server.log.preallocated.size = 16384 (custom)
2019-09-25 07:25:19,817 [pool-297-thread-1] INFO  server.RaftServerConfigKeys (ConfUtils.java:logGet(43)) - raft.server.log.write.buffer.size = 33554432 (custom)
2019-09-25 07:25:19,817 [pool-297-thread-1] INFO  server.RaftServerConfigKeys (ConfUtils.java:logGet(43)) - raft.server.log.force.sync.num = 128 (default)
2019-09-25 07:25:19,817 [pool-297-thread-1] INFO  server.RaftServerConfigKeys (ConfUtils.java:logGet(43)) - raft.server.log.statemachine.data.sync = true (default)
2019-09-25 07:25:19,817 [pool-297-thread-1] INFO  server.RaftServerConfigKeys (ConfUtils.java:logGet(43)) - raft.server.log.statemachine.data.sync.timeout = 10s (default)
2019-09-25 07:25:19,817 [pool-297-thread-1] INFO  server.RaftServerConfigKeys (ConfUtils.java:logGet(43)) - raft.server.log.statemachine.data.sync.timeout.retry = -1 (default)
2019-09-25 07:25:19,817 [pool-297-thread-1] INFO  server.RaftServerConfigKeys (ConfUtils.java:logGet(43)) - raft.server.log.statemachine.data.caching.enabled = true (custom)
2019-09-25 07:25:19,818 [pool-297-thread-1] INFO  segmented.SegmentedRaftLogWorker (SegmentedRaftLogWorker.java:lambda$new$0(132)) - 02ae206c-fcef-49cc-90ae-73b84a5bab29@group-A59CF723A3F6-SegmentedRaftLogWorker: flushIndex: setUnconditionally 0 -> -1
2019-09-25 07:25:19,818 [pool-297-thread-1] INFO  server.RaftServerConfigKeys (ConfUtils.java:logGet(43)) - raft.server.snapshot.auto.trigger.enabled = true (custom)
2019-09-25 07:25:19,818 [pool-297-thread-1] INFO  server.RaftServerConfigKeys (ConfUtils.java:logGet(43)) - raft.server.snapshot.auto.trigger.threshold = 10000 (custom)
2019-09-25 07:25:19,818 [pool-297-thread-1] INFO  server.RaftServerConfigKeys (ConfUtils.java:logGet(43)) - raft.server.snapshot.retention.num.files = 5 (custom)
2019-09-25 07:25:19,819 [pool-297-thread-1] INFO  server.RaftServerConfigKeys (ConfUtils.java:logGet(43)) - raft.server.retrycache.expirytime = 600000ms (custom)
2019-09-25 07:25:19,820 [pool-297-thread-1] INFO  impl.RaftServerImpl (RaftServerImpl.java:start(185)) - 02ae206c-fcef-49cc-90ae-73b84a5bab29@group-A59CF723A3F6: start as a follower, conf=-1: [02ae206c-fcef-49cc-90ae-73b84a5bab29:192.168.151.106:38923], old=null
2019-09-25 07:25:19,820 [pool-297-thread-1] INFO  impl.RaftServerImpl (RaftServerImpl.java:setRole(174)) - 02ae206c-fcef-49cc-90ae-73b84a5bab29@group-A59CF723A3F6: changes role from      null to FOLLOWER at term 0 for startAsFollower
2019-09-25 07:25:19,821 [pool-297-thread-1] INFO  impl.RoleInfo (RoleInfo.java:updateAndGet(143)) - 02ae206c-fcef-49cc-90ae-73b84a5bab29: start FollowerState
2019-09-25 07:25:19,821 [pool-297-thread-1] INFO  util.JmxRegister (JmxRegister.java:tryRegister(44)) - Successfully registered JMX Bean with object name Ratis:service=RaftServer,group=group-A59CF723A3F6,id=02ae206c-fcef-49cc-90ae-73b84a5bab29
2019-09-25 07:25:19,824 [RatisPipelineUtilsThread] INFO  pipeline.PipelineStateManager (PipelineStateManager.java:addPipeline(56)) - Created pipeline Pipeline[ Id: d978c14e-10f2-4a20-8e92-a59cf723a3f6, Nodes: 02ae206c-fcef-49cc-90ae-73b84a5bab29{ip: 192.168.151.106, host: pr-hdds-1569-x2sr2-3486766547, networkLocation: /default-rack, certSerialId: null}, Type:RATIS, Factor:ONE, State:OPEN]
2019-09-25 07:25:19,824 [RatisPipelineUtilsThread] INFO  pipeline.PipelinePlacementPolicy (PipelinePlacementPolicy.java:meetCriteria(91)) - Pipeline Placement: can't place more pipeline on heavy datanode： 51c9978d-707e-4bc8-8e14-3bc0e19acfd9 Heaviness: 6 limit: 5
2019-09-25 07:25:19,824 [RatisPipelineUtilsThread] INFO  pipeline.PipelinePlacementPolicy (PipelinePlacementPolicy.java:meetCriteria(91)) - Pipeline Placement: can't place more pipeline on heavy datanode： 4cb4b249-44c1-44b5-b888-23fcf00e7c3e Heaviness: 6 limit: 5
2019-09-25 07:25:19,830 [grpc-default-executor-0] INFO  impl.RaftServerProxy (RaftServerProxy.java:addNew(89)) - 02ae206c-fcef-49cc-90ae-73b84a5bab29: addNew group-588B8E602695:[02ae206c-fcef-49cc-90ae-73b84a5bab29:192.168.151.106:38923] returns group-588B8E602695:java.util.concurrent.CompletableFuture@20f2c66d[Not completed]
2019-09-25 07:25:19,831 [pool-297-thread-1] INFO  impl.RaftServerImpl (RaftServerImpl.java:<init>(95)) - 02ae206c-fcef-49cc-90ae-73b84a5bab29: new RaftServerImpl for group-588B8E602695:[02ae206c-fcef-49cc-90ae-73b84a5bab29:192.168.151.106:38923] with ContainerStateMachine:uninitialized
2019-09-25 07:25:19,831 [pool-297-thread-1] INFO  server.RaftServerConfigKeys (ConfUtils.java:logGet(43)) - raft.server.rpc.timeout.min = 5s (custom)
2019-09-25 07:25:19,831 [pool-297-thread-1] INFO  server.RaftServerConfigKeys (ConfUtils.java:logGet(43)) - raft.server.rpc.timeout.max = 5200ms (custom)
2019-09-25 07:25:19,831 [pool-297-thread-1] INFO  server.RaftServerConfigKeys (ConfUtils.java:logGet(43)) - raft.server.rpcslowness.timeout = 120s (custom)
2019-09-25 07:25:19,832 [pool-297-thread-1] INFO  server.RaftServerConfigKeys (ConfUtils.java:logGet(43)) - raft.server.sleep.deviation.threshold = 300 (default)
2019-09-25 07:25:19,832 [pool-297-thread-1] INFO  server.RaftServerConfigKeys (ConfUtils.java:logGet(43)) - raft.server.log.appender.install.snapshot.enabled = false (custom)
2019-09-25 07:25:19,832 [pool-297-thread-1] INFO  impl.RaftServerImpl (ServerState.java:<init>(103)) - 02ae206c-fcef-49cc-90ae-73b84a5bab29@group-588B8E602695: ConfigurationManager, init=-1: [02ae206c-fcef-49cc-90ae-73b84a5bab29:192.168.151.106:38923], old=null, confs=<EMPTY_MAP>
2019-09-25 07:25:19,832 [pool-297-thread-1] INFO  server.RaftServerConfigKeys (ConfUtils.java:logGet(43)) - raft.server.storage.dir = [/workdir/hadoop-ozone/ozonefs/target/test-dir/MiniOzoneClusterImpl-10aaa320-0427-4efe-b245-6da614d0b375/datanode-2/data/ratis] (custom)
2019-09-25 07:25:19,832 [pool-297-thread-1] INFO  storage.RaftStorageDirectory (RaftStorageDirectory.java:analyzeStorage(246)) - The storage directory /workdir/hadoop-ozone/ozonefs/target/test-dir/MiniOzoneClusterImpl-10aaa320-0427-4efe-b245-6da614d0b375/datanode-2/data/ratis/048a4b72-3f6c-4602-86e7-588b8e602695 does not exist. Creating ...
2019-09-25 07:25:19,844 [pool-297-thread-1] INFO  storage.RaftStorageDirectory (RaftStorageDirectory.java:tryLock(328)) - Lock on /workdir/hadoop-ozone/ozonefs/target/test-dir/MiniOzoneClusterImpl-10aaa320-0427-4efe-b245-6da614d0b375/datanode-2/data/ratis/048a4b72-3f6c-4602-86e7-588b8e602695/in_use.lock acquired by nodename 6556@pr-hdds-1569-x2sr2-3486766547
2019-09-25 07:25:19,865 [pool-297-thread-1] INFO  storage.RaftStorage (RaftStorage.java:format(72)) - Storage directory /workdir/hadoop-ozone/ozonefs/target/test-dir/MiniOzoneClusterImpl-10aaa320-0427-4efe-b245-6da614d0b375/datanode-2/data/ratis/048a4b72-3f6c-4602-86e7-588b8e602695 has been successfully formatted.
2019-09-25 07:25:19,866 [pool-297-thread-1] INFO  ratis.ContainerStateMachine (ContainerStateMachine.java:loadSnapshot(230)) - group-588B8E602695: The snapshot info is null. Setting the last applied indexto:(t:0, i:~)
2019-09-25 07:25:19,866 [pool-297-thread-1] INFO  server.RaftServerConfigKeys (ConfUtils.java:logGet(43)) - raft.server.notification.no-leader.timeout = 120s (custom)
2019-09-25 07:25:19,866 [pool-297-thread-1] INFO  server.RaftServerConfigKeys (ConfUtils.java:logGet(43)) - raft.server.log.use.memory = false (default)
2019-09-25 07:25:19,866 [pool-297-thread-1] INFO  server.RaftServerConfigKeys (ConfUtils.java:logGet(43)) - raft.server.log.purge.gap = 1000000 (custom)
2019-09-25 07:25:19,866 [pool-297-thread-1] INFO  server.RaftServerConfigKeys (ConfUtils.java:logGet(43)) - raft.server.log.appender.buffer.byte-limit = 33554432 (custom)
2019-09-25 07:25:19,866 [pool-297-thread-1] INFO  server.RaftServerConfigKeys (ConfUtils.java:logGet(43)) - raft.server.log.segment.size.max = 1048576 (custom)
2019-09-25 07:25:19,866 [pool-297-thread-1] INFO  server.RaftServerConfigKeys (ConfUtils.java:logGet(43)) - raft.server.log.segment.cache.num.max = 2 (custom)
2019-09-25 07:25:19,866 [pool-297-thread-1] INFO  segmented.SegmentedRaftLogWorker (SegmentedRaftLogWorker.java:<init>(172)) - new 02ae206c-fcef-49cc-90ae-73b84a5bab29@group-588B8E602695-SegmentedRaftLogWorker for RaftStorage:Storage Directory /workdir/hadoop-ozone/ozonefs/target/test-dir/MiniOzoneClusterImpl-10aaa320-0427-4efe-b245-6da614d0b375/datanode-2/data/ratis/048a4b72-3f6c-4602-86e7-588b8e602695
2019-09-25 07:25:19,866 [pool-297-thread-1] INFO  server.RaftServerConfigKeys (ConfUtils.java:logGet(43)) - raft.server.log.queue.byte-limit = 2147483647 (custom)
2019-09-25 07:25:19,867 [pool-297-thread-1] INFO  server.RaftServerConfigKeys (ConfUtils.java:logGet(43)) - raft.server.log.queue.element-limit = 1024 (custom)
2019-09-25 07:25:19,867 [pool-297-thread-1] INFO  server.RaftServerConfigKeys (ConfUtils.java:logGet(43)) - raft.server.log.segment.size.max = 1048576 (custom)
2019-09-25 07:25:19,867 [pool-297-thread-1] INFO  server.RaftServerConfigKeys (ConfUtils.java:logGet(43)) - raft.server.log.preallocated.size = 16384 (custom)
2019-09-25 07:25:19,867 [pool-297-thread-1] INFO  server.RaftServerConfigKeys (ConfUtils.java:logGet(43)) - raft.server.log.write.buffer.size = 33554432 (custom)
2019-09-25 07:25:19,867 [pool-297-thread-1] INFO  server.RaftServerConfigKeys (ConfUtils.java:logGet(43)) - raft.server.log.force.sync.num = 128 (default)
2019-09-25 07:25:19,867 [pool-297-thread-1] INFO  server.RaftServerConfigKeys (ConfUtils.java:logGet(43)) - raft.server.log.statemachine.data.sync = true (default)
2019-09-25 07:25:19,867 [pool-297-thread-1] INFO  server.RaftServerConfigKeys (ConfUtils.java:logGet(43)) - raft.server.log.statemachine.data.sync.timeout = 10s (default)
2019-09-25 07:25:19,867 [pool-297-thread-1] INFO  server.RaftServerConfigKeys (ConfUtils.java:logGet(43)) - raft.server.log.statemachine.data.sync.timeout.retry = -1 (default)
2019-09-25 07:25:19,867 [pool-297-thread-1] INFO  server.RaftServerConfigKeys (ConfUtils.java:logGet(43)) - raft.server.log.statemachine.data.caching.enabled = true (custom)
2019-09-25 07:25:19,867 [pool-297-thread-1] INFO  segmented.SegmentedRaftLogWorker (SegmentedRaftLogWorker.java:lambda$new$0(132)) - 02ae206c-fcef-49cc-90ae-73b84a5bab29@group-588B8E602695-SegmentedRaftLogWorker: flushIndex: setUnconditionally 0 -> -1
2019-09-25 07:25:19,868 [pool-297-thread-1] INFO  server.RaftServerConfigKeys (ConfUtils.java:logGet(43)) - raft.server.snapshot.auto.trigger.enabled = true (custom)
2019-09-25 07:25:19,868 [pool-297-thread-1] INFO  server.RaftServerConfigKeys (ConfUtils.java:logGet(43)) - raft.server.snapshot.auto.trigger.threshold = 10000 (custom)
2019-09-25 07:25:19,868 [pool-297-thread-1] INFO  server.RaftServerConfigKeys (ConfUtils.java:logGet(43)) - raft.server.snapshot.retention.num.files = 5 (custom)
2019-09-25 07:25:19,868 [pool-297-thread-1] INFO  server.RaftServerConfigKeys (ConfUtils.java:logGet(43)) - raft.server.retrycache.expirytime = 600000ms (custom)
2019-09-25 07:25:19,869 [pool-297-thread-1] INFO  impl.RaftServerImpl (RaftServerImpl.java:start(185)) - 02ae206c-fcef-49cc-90ae-73b84a5bab29@group-588B8E602695: start as a follower, conf=-1: [02ae206c-fcef-49cc-90ae-73b84a5bab29:192.168.151.106:38923], old=null
2019-09-25 07:25:19,869 [pool-297-thread-1] INFO  impl.RaftServerImpl (RaftServerImpl.java:setRole(174)) - 02ae206c-fcef-49cc-90ae-73b84a5bab29@group-588B8E602695: changes role from      null to FOLLOWER at term 0 for startAsFollower
2019-09-25 07:25:19,869 [pool-297-thread-1] INFO  impl.RoleInfo (RoleInfo.java:updateAndGet(143)) - 02ae206c-fcef-49cc-90ae-73b84a5bab29: start FollowerState
2019-09-25 07:25:19,870 [pool-297-thread-1] INFO  util.JmxRegister (JmxRegister.java:tryRegister(44)) - Successfully registered JMX Bean with object name Ratis:service=RaftServer,group=group-588B8E602695,id=02ae206c-fcef-49cc-90ae-73b84a5bab29
2019-09-25 07:25:19,873 [RatisPipelineUtilsThread] INFO  pipeline.PipelineStateManager (PipelineStateManager.java:addPipeline(56)) - Created pipeline Pipeline[ Id: 048a4b72-3f6c-4602-86e7-588b8e602695, Nodes: 02ae206c-fcef-49cc-90ae-73b84a5bab29{ip: 192.168.151.106, host: pr-hdds-1569-x2sr2-3486766547, networkLocation: /default-rack, certSerialId: null}, Type:RATIS, Factor:ONE, State:OPEN]
2019-09-25 07:25:19,874 [RatisPipelineUtilsThread] INFO  pipeline.PipelinePlacementPolicy (PipelinePlacementPolicy.java:meetCriteria(91)) - Pipeline Placement: can't place more pipeline on heavy datanode： 51c9978d-707e-4bc8-8e14-3bc0e19acfd9 Heaviness: 6 limit: 5
2019-09-25 07:25:19,874 [RatisPipelineUtilsThread] INFO  pipeline.PipelinePlacementPolicy (PipelinePlacementPolicy.java:meetCriteria(91)) - Pipeline Placement: can't place more pipeline on heavy datanode： 4cb4b249-44c1-44b5-b888-23fcf00e7c3e Heaviness: 6 limit: 5
2019-09-25 07:25:19,879 [grpc-default-executor-0] INFO  impl.RaftServerProxy (RaftServerProxy.java:addNew(89)) - 02ae206c-fcef-49cc-90ae-73b84a5bab29: addNew group-8E75BC82D54A:[02ae206c-fcef-49cc-90ae-73b84a5bab29:192.168.151.106:38923] returns group-8E75BC82D54A:java.util.concurrent.CompletableFuture@15de5c4b[Not completed]
2019-09-25 07:25:19,880 [pool-297-thread-1] INFO  impl.RaftServerImpl (RaftServerImpl.java:<init>(95)) - 02ae206c-fcef-49cc-90ae-73b84a5bab29: new RaftServerImpl for group-8E75BC82D54A:[02ae206c-fcef-49cc-90ae-73b84a5bab29:192.168.151.106:38923] with ContainerStateMachine:uninitialized
2019-09-25 07:25:19,880 [pool-297-thread-1] INFO  server.RaftServerConfigKeys (ConfUtils.java:logGet(43)) - raft.server.rpc.timeout.min = 5s (custom)
2019-09-25 07:25:19,880 [pool-297-thread-1] INFO  server.RaftServerConfigKeys (ConfUtils.java:logGet(43)) - raft.server.rpc.timeout.max = 5200ms (custom)
2019-09-25 07:25:19,880 [pool-297-thread-1] INFO  server.RaftServerConfigKeys (ConfUtils.java:logGet(43)) - raft.server.rpcslowness.timeout = 120s (custom)
2019-09-25 07:25:19,880 [pool-297-thread-1] INFO  server.RaftServerConfigKeys (ConfUtils.java:logGet(43)) - raft.server.sleep.deviation.threshold = 300 (default)
2019-09-25 07:25:19,880 [pool-297-thread-1] INFO  server.RaftServerConfigKeys (ConfUtils.java:logGet(43)) - raft.server.log.appender.install.snapshot.enabled = false (custom)
2019-09-25 07:25:19,880 [pool-297-thread-1] INFO  impl.RaftServerImpl (ServerState.java:<init>(103)) - 02ae206c-fcef-49cc-90ae-73b84a5bab29@group-8E75BC82D54A: ConfigurationManager, init=-1: [02ae206c-fcef-49cc-90ae-73b84a5bab29:192.168.151.106:38923], old=null, confs=<EMPTY_MAP>
2019-09-25 07:25:19,880 [pool-297-thread-1] INFO  server.RaftServerConfigKeys (ConfUtils.java:logGet(43)) - raft.server.storage.dir = [/workdir/hadoop-ozone/ozonefs/target/test-dir/MiniOzoneClusterImpl-10aaa320-0427-4efe-b245-6da614d0b375/datanode-2/data/ratis] (custom)
2019-09-25 07:25:19,880 [pool-297-thread-1] INFO  storage.RaftStorageDirectory (RaftStorageDirectory.java:analyzeStorage(246)) - The storage directory /workdir/hadoop-ozone/ozonefs/target/test-dir/MiniOzoneClusterImpl-10aaa320-0427-4efe-b245-6da614d0b375/datanode-2/data/ratis/70878d23-3500-439e-8958-8e75bc82d54a does not exist. Creating ...
2019-09-25 07:25:19,900 [pool-297-thread-1] INFO  storage.RaftStorageDirectory (RaftStorageDirectory.java:tryLock(328)) - Lock on /workdir/hadoop-ozone/ozonefs/target/test-dir/MiniOzoneClusterImpl-10aaa320-0427-4efe-b245-6da614d0b375/datanode-2/data/ratis/70878d23-3500-439e-8958-8e75bc82d54a/in_use.lock acquired by nodename 6556@pr-hdds-1569-x2sr2-3486766547
2019-09-25 07:25:19,913 [pool-297-thread-1] INFO  storage.RaftStorage (RaftStorage.java:format(72)) - Storage directory /workdir/hadoop-ozone/ozonefs/target/test-dir/MiniOzoneClusterImpl-10aaa320-0427-4efe-b245-6da614d0b375/datanode-2/data/ratis/70878d23-3500-439e-8958-8e75bc82d54a has been successfully formatted.
2019-09-25 07:25:19,913 [pool-297-thread-1] INFO  ratis.ContainerStateMachine (ContainerStateMachine.java:loadSnapshot(230)) - group-8E75BC82D54A: The snapshot info is null. Setting the last applied indexto:(t:0, i:~)
2019-09-25 07:25:19,913 [pool-297-thread-1] INFO  server.RaftServerConfigKeys (ConfUtils.java:logGet(43)) - raft.server.notification.no-leader.timeout = 120s (custom)
2019-09-25 07:25:19,913 [pool-297-thread-1] INFO  server.RaftServerConfigKeys (ConfUtils.java:logGet(43)) - raft.server.log.use.memory = false (default)
2019-09-25 07:25:19,913 [pool-297-thread-1] INFO  server.RaftServerConfigKeys (ConfUtils.java:logGet(43)) - raft.server.log.purge.gap = 1000000 (custom)
2019-09-25 07:25:19,913 [pool-297-thread-1] INFO  server.RaftServerConfigKeys (ConfUtils.java:logGet(43)) - raft.server.log.appender.buffer.byte-limit = 33554432 (custom)
2019-09-25 07:25:19,913 [pool-297-thread-1] INFO  server.RaftServerConfigKeys (ConfUtils.java:logGet(43)) - raft.server.log.segment.size.max = 1048576 (custom)
2019-09-25 07:25:19,913 [pool-297-thread-1] INFO  server.RaftServerConfigKeys (ConfUtils.java:logGet(43)) - raft.server.log.segment.cache.num.max = 2 (custom)
2019-09-25 07:25:19,914 [pool-297-thread-1] INFO  segmented.SegmentedRaftLogWorker (SegmentedRaftLogWorker.java:<init>(172)) - new 02ae206c-fcef-49cc-90ae-73b84a5bab29@group-8E75BC82D54A-SegmentedRaftLogWorker for RaftStorage:Storage Directory /workdir/hadoop-ozone/ozonefs/target/test-dir/MiniOzoneClusterImpl-10aaa320-0427-4efe-b245-6da614d0b375/datanode-2/data/ratis/70878d23-3500-439e-8958-8e75bc82d54a
2019-09-25 07:25:19,914 [pool-297-thread-1] INFO  server.RaftServerConfigKeys (ConfUtils.java:logGet(43)) - raft.server.log.queue.byte-limit = 2147483647 (custom)
2019-09-25 07:25:19,914 [pool-297-thread-1] INFO  server.RaftServerConfigKeys (ConfUtils.java:logGet(43)) - raft.server.log.queue.element-limit = 1024 (custom)
2019-09-25 07:25:19,914 [pool-297-thread-1] INFO  server.RaftServerConfigKeys (ConfUtils.java:logGet(43)) - raft.server.log.segment.size.max = 1048576 (custom)
2019-09-25 07:25:19,914 [pool-297-thread-1] INFO  server.RaftServerConfigKeys (ConfUtils.java:logGet(43)) - raft.server.log.preallocated.size = 16384 (custom)
2019-09-25 07:25:19,914 [pool-297-thread-1] INFO  server.RaftServerConfigKeys (ConfUtils.java:logGet(43)) - raft.server.log.write.buffer.size = 33554432 (custom)
2019-09-25 07:25:19,914 [pool-297-thread-1] INFO  server.RaftServerConfigKeys (ConfUtils.java:logGet(43)) - raft.server.log.force.sync.num = 128 (default)
2019-09-25 07:25:19,914 [pool-297-thread-1] INFO  server.RaftServerConfigKeys (ConfUtils.java:logGet(43)) - raft.server.log.statemachine.data.sync = true (default)
2019-09-25 07:25:19,914 [pool-297-thread-1] INFO  server.RaftServerConfigKeys (ConfUtils.java:logGet(43)) - raft.server.log.statemachine.data.sync.timeout = 10s (default)
2019-09-25 07:25:19,914 [pool-297-thread-1] INFO  server.RaftServerConfigKeys (ConfUtils.java:logGet(43)) - raft.server.log.statemachine.data.sync.timeout.retry = -1 (default)
2019-09-25 07:25:19,914 [pool-297-thread-1] INFO  server.RaftServerConfigKeys (ConfUtils.java:logGet(43)) - raft.server.log.statemachine.data.caching.enabled = true (custom)
2019-09-25 07:25:19,915 [pool-297-thread-1] INFO  segmented.SegmentedRaftLogWorker (SegmentedRaftLogWorker.java:lambda$new$0(132)) - 02ae206c-fcef-49cc-90ae-73b84a5bab29@group-8E75BC82D54A-SegmentedRaftLogWorker: flushIndex: setUnconditionally 0 -> -1
2019-09-25 07:25:19,915 [pool-297-thread-1] INFO  server.RaftServerConfigKeys (ConfUtils.java:logGet(43)) - raft.server.snapshot.auto.trigger.enabled = true (custom)
2019-09-25 07:25:19,915 [pool-297-thread-1] INFO  server.RaftServerConfigKeys (ConfUtils.java:logGet(43)) - raft.server.snapshot.auto.trigger.threshold = 10000 (custom)
2019-09-25 07:25:19,915 [pool-297-thread-1] INFO  server.RaftServerConfigKeys (ConfUtils.java:logGet(43)) - raft.server.snapshot.retention.num.files = 5 (custom)
2019-09-25 07:25:19,915 [pool-297-thread-1] INFO  server.RaftServerConfigKeys (ConfUtils.java:logGet(43)) - raft.server.retrycache.expirytime = 600000ms (custom)
2019-09-25 07:25:19,916 [pool-297-thread-1] INFO  impl.RaftServerImpl (RaftServerImpl.java:start(185)) - 02ae206c-fcef-49cc-90ae-73b84a5bab29@group-8E75BC82D54A: start as a follower, conf=-1: [02ae206c-fcef-49cc-90ae-73b84a5bab29:192.168.151.106:38923], old=null
2019-09-25 07:25:19,917 [pool-297-thread-1] INFO  impl.RaftServerImpl (RaftServerImpl.java:setRole(174)) - 02ae206c-fcef-49cc-90ae-73b84a5bab29@group-8E75BC82D54A: changes role from      null to FOLLOWER at term 0 for startAsFollower
2019-09-25 07:25:19,917 [pool-297-thread-1] INFO  impl.RoleInfo (RoleInfo.java:updateAndGet(143)) - 02ae206c-fcef-49cc-90ae-73b84a5bab29: start FollowerState
2019-09-25 07:25:19,917 [pool-297-thread-1] INFO  util.JmxRegister (JmxRegister.java:tryRegister(44)) - Successfully registered JMX Bean with object name Ratis:service=RaftServer,group=group-8E75BC82D54A,id=02ae206c-fcef-49cc-90ae-73b84a5bab29
2019-09-25 07:25:19,920 [RatisPipelineUtilsThread] INFO  pipeline.PipelineStateManager (PipelineStateManager.java:addPipeline(56)) - Created pipeline Pipeline[ Id: 70878d23-3500-439e-8958-8e75bc82d54a, Nodes: 02ae206c-fcef-49cc-90ae-73b84a5bab29{ip: 192.168.151.106, host: pr-hdds-1569-x2sr2-3486766547, networkLocation: /default-rack, certSerialId: null}, Type:RATIS, Factor:ONE, State:OPEN]
2019-09-25 07:25:19,920 [RatisPipelineUtilsThread] INFO  pipeline.PipelinePlacementPolicy (PipelinePlacementPolicy.java:meetCriteria(91)) - Pipeline Placement: can't place more pipeline on heavy datanode： 51c9978d-707e-4bc8-8e14-3bc0e19acfd9 Heaviness: 6 limit: 5
2019-09-25 07:25:19,920 [RatisPipelineUtilsThread] INFO  pipeline.PipelinePlacementPolicy (PipelinePlacementPolicy.java:meetCriteria(91)) - Pipeline Placement: can't place more pipeline on heavy datanode： 02ae206c-fcef-49cc-90ae-73b84a5bab29 Heaviness: 6 limit: 5
2019-09-25 07:25:19,921 [RatisPipelineUtilsThread] INFO  pipeline.PipelinePlacementPolicy (PipelinePlacementPolicy.java:meetCriteria(91)) - Pipeline Placement: can't place more pipeline on heavy datanode： 4cb4b249-44c1-44b5-b888-23fcf00e7c3e Heaviness: 6 limit: 5
2019-09-25 07:25:19,921 [RatisPipelineUtilsThread] ERROR pipeline.PipelinePlacementPolicy (PipelinePlacementPolicy.java:filterViableNodes(148)) - Unable to find enough nodes that meet the criteria that cannot engage in more than 5 pipelines. Nodes required: 1 Found: 0, healthy nodes count inNodeManager: 3.
2019-09-25 07:25:19,921 [RatisPipelineUtilsThread] ERROR pipeline.SCMPipelineManager (SCMPipelineManager.java:createPipeline(167)) - Pipeline creation failed.
org.apache.hadoop.hdds.scm.exceptions.SCMException: Unable to find enough nodes that meet the criteria that cannot engage in more than 5 pipelines. Nodes required: 1 Found: 0, healthy nodes count inNodeManager: 3.
	at org.apache.hadoop.hdds.scm.pipeline.PipelinePlacementPolicy.filterViableNodes(PipelinePlacementPolicy.java:149)
	at org.apache.hadoop.hdds.scm.pipeline.PipelinePlacementPolicy.chooseDatanodes(PipelinePlacementPolicy.java:172)
	at org.apache.hadoop.hdds.scm.pipeline.RatisPipelineProvider.create(RatisPipelineProvider.java:93)
	at org.apache.hadoop.hdds.scm.pipeline.PipelineFactory.create(PipelineFactory.java:58)
	at org.apache.hadoop.hdds.scm.pipeline.SCMPipelineManager.createPipeline(SCMPipelineManager.java:155)
	at org.apache.hadoop.hdds.scm.pipeline.BackgroundPipelineCreator.createPipelines(BackgroundPipelineCreator.java:99)
	at java.util.concurrent.Executors$RunnableAdapter.call(Executors.java:511)
	at java.util.concurrent.FutureTask.run(FutureTask.java:266)
	at java.util.concurrent.ScheduledThreadPoolExecutor$ScheduledFutureTask.access$201(ScheduledThreadPoolExecutor.java:180)
	at java.util.concurrent.ScheduledThreadPoolExecutor$ScheduledFutureTask.run(ScheduledThreadPoolExecutor.java:293)
	at java.util.concurrent.ThreadPoolExecutor.runWorker(ThreadPoolExecutor.java:1149)
	at java.util.concurrent.ThreadPoolExecutor$Worker.run(ThreadPoolExecutor.java:624)
	at java.lang.Thread.run(Thread.java:748)
2019-09-25 07:25:19,921 [RatisPipelineUtilsThread] INFO  pipeline.PipelinePlacementPolicy (PipelinePlacementPolicy.java:meetCriteria(91)) - Pipeline Placement: can't place more pipeline on heavy datanode： 51c9978d-707e-4bc8-8e14-3bc0e19acfd9 Heaviness: 6 limit: 5
2019-09-25 07:25:19,922 [RatisPipelineUtilsThread] INFO  pipeline.PipelinePlacementPolicy (PipelinePlacementPolicy.java:meetCriteria(91)) - Pipeline Placement: can't place more pipeline on heavy datanode： 02ae206c-fcef-49cc-90ae-73b84a5bab29 Heaviness: 6 limit: 5
2019-09-25 07:25:19,922 [RatisPipelineUtilsThread] INFO  pipeline.PipelinePlacementPolicy (PipelinePlacementPolicy.java:meetCriteria(91)) - Pipeline Placement: can't place more pipeline on heavy datanode： 4cb4b249-44c1-44b5-b888-23fcf00e7c3e Heaviness: 6 limit: 5
2019-09-25 07:25:19,922 [RatisPipelineUtilsThread] ERROR pipeline.PipelinePlacementPolicy (PipelinePlacementPolicy.java:filterViableNodes(148)) - Unable to find enough nodes that meet the criteria that cannot engage in more than 5 pipelines. Nodes required: 3 Found: 0, healthy nodes count inNodeManager: 3.
2019-09-25 07:25:19,922 [RatisPipelineUtilsThread] ERROR pipeline.SCMPipelineManager (SCMPipelineManager.java:createPipeline(167)) - Pipeline creation failed.
org.apache.hadoop.hdds.scm.exceptions.SCMException: Unable to find enough nodes that meet the criteria that cannot engage in more than 5 pipelines. Nodes required: 3 Found: 0, healthy nodes count inNodeManager: 3.
	at org.apache.hadoop.hdds.scm.pipeline.PipelinePlacementPolicy.filterViableNodes(PipelinePlacementPolicy.java:149)
	at org.apache.hadoop.hdds.scm.pipeline.PipelinePlacementPolicy.chooseDatanodes(PipelinePlacementPolicy.java:172)
	at org.apache.hadoop.hdds.scm.pipeline.RatisPipelineProvider.create(RatisPipelineProvider.java:93)
	at org.apache.hadoop.hdds.scm.pipeline.PipelineFactory.create(PipelineFactory.java:58)
	at org.apache.hadoop.hdds.scm.pipeline.SCMPipelineManager.createPipeline(SCMPipelineManager.java:155)
	at org.apache.hadoop.hdds.scm.pipeline.BackgroundPipelineCreator.createPipelines(BackgroundPipelineCreator.java:99)
	at java.util.concurrent.Executors$RunnableAdapter.call(Executors.java:511)
	at java.util.concurrent.FutureTask.run(FutureTask.java:266)
	at java.util.concurrent.ScheduledThreadPoolExecutor$ScheduledFutureTask.access$201(ScheduledThreadPoolExecutor.java:180)
	at java.util.concurrent.ScheduledThreadPoolExecutor$ScheduledFutureTask.run(ScheduledThreadPoolExecutor.java:293)
	at java.util.concurrent.ThreadPoolExecutor.runWorker(ThreadPoolExecutor.java:1149)
	at java.util.concurrent.ThreadPoolExecutor$Worker.run(ThreadPoolExecutor.java:624)
	at java.lang.Thread.run(Thread.java:748)
2019-09-25 07:25:19,923 [RatisPipelineUtilsThread] INFO  pipeline.PipelinePlacementPolicy (PipelinePlacementPolicy.java:meetCriteria(91)) - Pipeline Placement: can't place more pipeline on heavy datanode： 51c9978d-707e-4bc8-8e14-3bc0e19acfd9 Heaviness: 6 limit: 5
2019-09-25 07:25:19,923 [RatisPipelineUtilsThread] INFO  pipeline.PipelinePlacementPolicy (PipelinePlacementPolicy.java:meetCriteria(91)) - Pipeline Placement: can't place more pipeline on heavy datanode： 02ae206c-fcef-49cc-90ae-73b84a5bab29 Heaviness: 6 limit: 5
2019-09-25 07:25:19,923 [RatisPipelineUtilsThread] INFO  pipeline.PipelinePlacementPolicy (PipelinePlacementPolicy.java:meetCriteria(91)) - Pipeline Placement: can't place more pipeline on heavy datanode： 4cb4b249-44c1-44b5-b888-23fcf00e7c3e Heaviness: 6 limit: 5
2019-09-25 07:25:19,923 [RatisPipelineUtilsThread] ERROR pipeline.PipelinePlacementPolicy (PipelinePlacementPolicy.java:filterViableNodes(148)) - Unable to find enough nodes that meet the criteria that cannot engage in more than 5 pipelines. Nodes required: 1 Found: 0, healthy nodes count inNodeManager: 3.
2019-09-25 07:25:19,923 [RatisPipelineUtilsThread] ERROR pipeline.SCMPipelineManager (SCMPipelineManager.java:createPipeline(167)) - Pipeline creation failed.
org.apache.hadoop.hdds.scm.exceptions.SCMException: Unable to find enough nodes that meet the criteria that cannot engage in more than 5 pipelines. Nodes required: 1 Found: 0, healthy nodes count inNodeManager: 3.
	at org.apache.hadoop.hdds.scm.pipeline.PipelinePlacementPolicy.filterViableNodes(PipelinePlacementPolicy.java:149)
	at org.apache.hadoop.hdds.scm.pipeline.PipelinePlacementPolicy.chooseDatanodes(PipelinePlacementPolicy.java:172)
	at org.apache.hadoop.hdds.scm.pipeline.RatisPipelineProvider.create(RatisPipelineProvider.java:93)
	at org.apache.hadoop.hdds.scm.pipeline.PipelineFactory.create(PipelineFactory.java:58)
	at org.apache.hadoop.hdds.scm.pipeline.SCMPipelineManager.createPipeline(SCMPipelineManager.java:155)
	at org.apache.hadoop.hdds.scm.pipeline.BackgroundPipelineCreator.createPipelines(BackgroundPipelineCreator.java:99)
	at org.apache.hadoop.hdds.scm.pipeline.BackgroundPipelineCreator.lambda$startFixedIntervalPipelineCreator$0(BackgroundPipelineCreator.java:70)
	at java.util.concurrent.Executors$RunnableAdapter.call(Executors.java:511)
	at java.util.concurrent.FutureTask.runAndReset(FutureTask.java:308)
	at java.util.concurrent.ScheduledThreadPoolExecutor$ScheduledFutureTask.access$301(ScheduledThreadPoolExecutor.java:180)
	at java.util.concurrent.ScheduledThreadPoolExecutor$ScheduledFutureTask.run(ScheduledThreadPoolExecutor.java:294)
	at java.util.concurrent.ThreadPoolExecutor.runWorker(ThreadPoolExecutor.java:1149)
	at java.util.concurrent.ThreadPoolExecutor$Worker.run(ThreadPoolExecutor.java:624)
	at java.lang.Thread.run(Thread.java:748)
2019-09-25 07:25:19,924 [RatisPipelineUtilsThread] INFO  pipeline.PipelinePlacementPolicy (PipelinePlacementPolicy.java:meetCriteria(91)) - Pipeline Placement: can't place more pipeline on heavy datanode： 51c9978d-707e-4bc8-8e14-3bc0e19acfd9 Heaviness: 6 limit: 5
2019-09-25 07:25:19,924 [RatisPipelineUtilsThread] INFO  pipeline.PipelinePlacementPolicy (PipelinePlacementPolicy.java:meetCriteria(91)) - Pipeline Placement: can't place more pipeline on heavy datanode： 02ae206c-fcef-49cc-90ae-73b84a5bab29 Heaviness: 6 limit: 5
2019-09-25 07:25:19,924 [RatisPipelineUtilsThread] INFO  pipeline.PipelinePlacementPolicy (PipelinePlacementPolicy.java:meetCriteria(91)) - Pipeline Placement: can't place more pipeline on heavy datanode： 4cb4b249-44c1-44b5-b888-23fcf00e7c3e Heaviness: 6 limit: 5
2019-09-25 07:25:19,924 [RatisPipelineUtilsThread] ERROR pipeline.PipelinePlacementPolicy (PipelinePlacementPolicy.java:filterViableNodes(148)) - Unable to find enough nodes that meet the criteria that cannot engage in more than 5 pipelines. Nodes required: 3 Found: 0, healthy nodes count inNodeManager: 3.
2019-09-25 07:25:19,924 [RatisPipelineUtilsThread] ERROR pipeline.SCMPipelineManager (SCMPipelineManager.java:createPipeline(167)) - Pipeline creation failed.
org.apache.hadoop.hdds.scm.exceptions.SCMException: Unable to find enough nodes that meet the criteria that cannot engage in more than 5 pipelines. Nodes required: 3 Found: 0, healthy nodes count inNodeManager: 3.
	at org.apache.hadoop.hdds.scm.pipeline.PipelinePlacementPolicy.filterViableNodes(PipelinePlacementPolicy.java:149)
	at org.apache.hadoop.hdds.scm.pipeline.PipelinePlacementPolicy.chooseDatanodes(PipelinePlacementPolicy.java:172)
	at org.apache.hadoop.hdds.scm.pipeline.RatisPipelineProvider.create(RatisPipelineProvider.java:93)
	at org.apache.hadoop.hdds.scm.pipeline.PipelineFactory.create(PipelineFactory.java:58)
	at org.apache.hadoop.hdds.scm.pipeline.SCMPipelineManager.createPipeline(SCMPipelineManager.java:155)
	at org.apache.hadoop.hdds.scm.pipeline.BackgroundPipelineCreator.createPipelines(BackgroundPipelineCreator.java:99)
	at org.apache.hadoop.hdds.scm.pipeline.BackgroundPipelineCreator.lambda$startFixedIntervalPipelineCreator$0(BackgroundPipelineCreator.java:70)
	at java.util.concurrent.Executors$RunnableAdapter.call(Executors.java:511)
	at java.util.concurrent.FutureTask.runAndReset(FutureTask.java:308)
	at java.util.concurrent.ScheduledThreadPoolExecutor$ScheduledFutureTask.access$301(ScheduledThreadPoolExecutor.java:180)
	at java.util.concurrent.ScheduledThreadPoolExecutor$ScheduledFutureTask.run(ScheduledThreadPoolExecutor.java:294)
	at java.util.concurrent.ThreadPoolExecutor.runWorker(ThreadPoolExecutor.java:1149)
	at java.util.concurrent.ThreadPoolExecutor$Worker.run(ThreadPoolExecutor.java:624)
	at java.lang.Thread.run(Thread.java:748)
2019-09-25 07:25:20,132 [main] INFO  ozone.MiniOzoneClusterImpl (MiniOzoneClusterImpl.java:lambda$waitForClusterToBeReady$0(147)) - Cluster is ready. Got 3 of 3 DN Heartbeats.
2019-09-25 07:25:20,181 [main] INFO  rpc.RpcClient (RpcClient.java:createVolume(276)) - Creating Volume: sjmlxvakea, with user67908 as owner.
2019-09-25 07:25:20,184 [IPC Server handler 2 on 46779] INFO  volume.OMVolumeCreateRequest (OMVolumeCreateRequest.java:validateAndUpdateCache(189)) - created volume:sjmlxvakea for user:user67908
2019-09-25 07:25:20,195 [main] INFO  rpc.RpcClient (RpcClient.java:createBucket(415)) - Creating Bucket: sjmlxvakea/nvsjrancex, with Versioning false and Storage Type set to DISK and Encryption set to false 
2019-09-25 07:25:20,266 [IPC Server handler 1 on 38954] INFO  pipeline.PipelinePlacementPolicy (PipelinePlacementPolicy.java:meetCriteria(91)) - Pipeline Placement: can't place more pipeline on heavy datanode： 51c9978d-707e-4bc8-8e14-3bc0e19acfd9 Heaviness: 6 limit: 5
2019-09-25 07:25:20,266 [IPC Server handler 1 on 38954] INFO  pipeline.PipelinePlacementPolicy (PipelinePlacementPolicy.java:meetCriteria(91)) - Pipeline Placement: can't place more pipeline on heavy datanode： 02ae206c-fcef-49cc-90ae-73b84a5bab29 Heaviness: 6 limit: 5
2019-09-25 07:25:20,266 [IPC Server handler 1 on 38954] INFO  pipeline.PipelinePlacementPolicy (PipelinePlacementPolicy.java:meetCriteria(91)) - Pipeline Placement: can't place more pipeline on heavy datanode： 4cb4b249-44c1-44b5-b888-23fcf00e7c3e Heaviness: 6 limit: 5
2019-09-25 07:25:20,266 [IPC Server handler 1 on 38954] ERROR pipeline.PipelinePlacementPolicy (PipelinePlacementPolicy.java:filterViableNodes(148)) - Unable to find enough nodes that meet the criteria that cannot engage in more than 5 pipelines. Nodes required: 3 Found: 0, healthy nodes count inNodeManager: 3.
2019-09-25 07:25:20,266 [IPC Server handler 1 on 38954] ERROR pipeline.SCMPipelineManager (SCMPipelineManager.java:createPipeline(167)) - Pipeline creation failed.
org.apache.hadoop.hdds.scm.exceptions.SCMException: Unable to find enough nodes that meet the criteria that cannot engage in more than 5 pipelines. Nodes required: 3 Found: 0, healthy nodes count inNodeManager: 3.
	at org.apache.hadoop.hdds.scm.pipeline.PipelinePlacementPolicy.filterViableNodes(PipelinePlacementPolicy.java:149)
	at org.apache.hadoop.hdds.scm.pipeline.PipelinePlacementPolicy.chooseDatanodes(PipelinePlacementPolicy.java:172)
	at org.apache.hadoop.hdds.scm.pipeline.RatisPipelineProvider.create(RatisPipelineProvider.java:93)
	at org.apache.hadoop.hdds.scm.pipeline.PipelineFactory.create(PipelineFactory.java:58)
	at org.apache.hadoop.hdds.scm.pipeline.SCMPipelineManager.createPipeline(SCMPipelineManager.java:155)
	at org.apache.hadoop.hdds.scm.block.BlockManagerImpl.allocateBlock(BlockManagerImpl.java:190)
	at org.apache.hadoop.hdds.scm.server.SCMBlockProtocolServer.allocateBlock(SCMBlockProtocolServer.java:182)
	at org.apache.hadoop.ozone.protocolPB.ScmBlockLocationProtocolServerSideTranslatorPB.allocateScmBlock(ScmBlockLocationProtocolServerSideTranslatorPB.java:183)
	at org.apache.hadoop.ozone.protocolPB.ScmBlockLocationProtocolServerSideTranslatorPB.processMessage(ScmBlockLocationProtocolServerSideTranslatorPB.java:141)
	at org.apache.hadoop.ozone.protocolPB.ScmBlockLocationProtocolServerSideTranslatorPB.send(ScmBlockLocationProtocolServerSideTranslatorPB.java:116)
	at org.apache.hadoop.hdds.protocol.proto.ScmBlockLocationProtocolProtos$ScmBlockLocationProtocolService$2.callBlockingMethod(ScmBlockLocationProtocolProtos.java:13157)
	at org.apache.hadoop.ipc.ProtobufRpcEngine$Server$ProtoBufRpcInvoker.call(ProtobufRpcEngine.java:524)
	at org.apache.hadoop.ipc.RPC$Server.call(RPC.java:1025)
	at org.apache.hadoop.ipc.Server$RpcCall.run(Server.java:876)
	at org.apache.hadoop.ipc.Server$RpcCall.run(Server.java:822)
	at java.security.AccessController.doPrivileged(Native Method)
	at javax.security.auth.Subject.doAs(Subject.java:422)
	at org.apache.hadoop.security.UserGroupInformation.doAs(UserGroupInformation.java:1730)
	at org.apache.hadoop.ipc.Server$Handler.run(Server.java:2682)
2019-09-25 07:25:20,267 [IPC Server handler 1 on 38954] WARN  block.BlockManagerImpl (BlockManagerImpl.java:allocateBlock(192)) - Pipeline creation failed for type:RATIS factor:THREE. Retrying get pipelines call once.
org.apache.hadoop.hdds.scm.exceptions.SCMException: Unable to find enough nodes that meet the criteria that cannot engage in more than 5 pipelines. Nodes required: 3 Found: 0, healthy nodes count inNodeManager: 3.
	at org.apache.hadoop.hdds.scm.pipeline.PipelinePlacementPolicy.filterViableNodes(PipelinePlacementPolicy.java:149)
	at org.apache.hadoop.hdds.scm.pipeline.PipelinePlacementPolicy.chooseDatanodes(PipelinePlacementPolicy.java:172)
	at org.apache.hadoop.hdds.scm.pipeline.RatisPipelineProvider.create(RatisPipelineProvider.java:93)
	at org.apache.hadoop.hdds.scm.pipeline.PipelineFactory.create(PipelineFactory.java:58)
	at org.apache.hadoop.hdds.scm.pipeline.SCMPipelineManager.createPipeline(SCMPipelineManager.java:155)
	at org.apache.hadoop.hdds.scm.block.BlockManagerImpl.allocateBlock(BlockManagerImpl.java:190)
	at org.apache.hadoop.hdds.scm.server.SCMBlockProtocolServer.allocateBlock(SCMBlockProtocolServer.java:182)
	at org.apache.hadoop.ozone.protocolPB.ScmBlockLocationProtocolServerSideTranslatorPB.allocateScmBlock(ScmBlockLocationProtocolServerSideTranslatorPB.java:183)
	at org.apache.hadoop.ozone.protocolPB.ScmBlockLocationProtocolServerSideTranslatorPB.processMessage(ScmBlockLocationProtocolServerSideTranslatorPB.java:141)
	at org.apache.hadoop.ozone.protocolPB.ScmBlockLocationProtocolServerSideTranslatorPB.send(ScmBlockLocationProtocolServerSideTranslatorPB.java:116)
	at org.apache.hadoop.hdds.protocol.proto.ScmBlockLocationProtocolProtos$ScmBlockLocationProtocolService$2.callBlockingMethod(ScmBlockLocationProtocolProtos.java:13157)
	at org.apache.hadoop.ipc.ProtobufRpcEngine$Server$ProtoBufRpcInvoker.call(ProtobufRpcEngine.java:524)
	at org.apache.hadoop.ipc.RPC$Server.call(RPC.java:1025)
	at org.apache.hadoop.ipc.Server$RpcCall.run(Server.java:876)
	at org.apache.hadoop.ipc.Server$RpcCall.run(Server.java:822)
	at java.security.AccessController.doPrivileged(Native Method)
	at javax.security.auth.Subject.doAs(Subject.java:422)
	at org.apache.hadoop.security.UserGroupInformation.doAs(UserGroupInformation.java:1730)
	at org.apache.hadoop.ipc.Server$Handler.run(Server.java:2682)
2019-09-25 07:25:20,267 [IPC Server handler 1 on 38954] INFO  block.BlockManagerImpl (BlockManagerImpl.java:allocateBlock(198)) - Could not find available pipeline of type:RATIS and factor:THREE even after retrying
2019-09-25 07:25:20,267 [IPC Server handler 1 on 38954] ERROR block.BlockManagerImpl (BlockManagerImpl.java:allocateBlock(222)) - Unable to allocate a block for the size: 4194304, type: RATIS, factor: THREE
2019-09-25 07:25:20,274 [main] INFO  ozone.MiniOzoneClusterImpl (MiniOzoneClusterImpl.java:shutdown(314)) - Shutting down the Mini Ozone Cluster
2019-09-25 07:25:20,274 [main] INFO  ozone.MiniOzoneClusterImpl (MiniOzoneClusterImpl.java:stop(330)) - Stopping the Mini Ozone Cluster
2019-09-25 07:25:20,274 [main] INFO  ozone.MiniOzoneClusterImpl (MiniOzoneClusterImpl.java:stopOM(400)) - Stopping the OzoneManager
2019-09-25 07:25:20,274 [main] INFO  ipc.Server (Server.java:stop(3082)) - Stopping server on 46779
2019-09-25 07:25:20,279 [IPC Server listener on 46779] INFO  ipc.Server (Server.java:run(1185)) - Stopping IPC Server listener on 46779
2019-09-25 07:25:20,279 [IPC Server Responder] INFO  ipc.Server (Server.java:run(1319)) - Stopping IPC Server Responder
2019-09-25 07:25:20,279 [main] INFO  ratis.OzoneManagerDoubleBuffer (OzoneManagerDoubleBuffer.java:stop(248)) - Stopping OMDoubleBuffer flush thread
2019-09-25 07:25:20,281 [OMDoubleBufferFlushThread] INFO  ratis.OzoneManagerDoubleBuffer (OzoneManagerDoubleBuffer.java:flushTransactions(191)) - OMDoubleBuffer flush thread OMDoubleBufferFlushThread is interrupted and will exit. OMDoubleBufferFlushThread
2019-09-25 07:25:20,281 [main] INFO  utils.BackgroundService (BackgroundService.java:shutdown(148)) - Shutting down service KeyDeletingService
2019-09-25 07:25:20,282 [main] INFO  handler.ContextHandler (ContextHandler.java:doStop(910)) - Stopped o.e.j.w.WebAppContext@16cb9989{/,null,UNAVAILABLE}{/ozoneManager}
2019-09-25 07:25:20,283 [main] INFO  server.AbstractConnector (AbstractConnector.java:doStop(318)) - Stopped ServerConnector@3dfd6220{HTTP/1.1,[http/1.1]}{0.0.0.0:0}
2019-09-25 07:25:20,283 [main] INFO  handler.ContextHandler (ContextHandler.java:doStop(910)) - Stopped o.e.j.s.ServletContextHandler@3b0d3a63{/static,jar:file:/home/user/.m2/repository/org/apache/hadoop/hadoop-ozone-ozone-manager/0.5.0-SNAPSHOT/hadoop-ozone-ozone-manager-0.5.0-SNAPSHOT.jar!/webapps/static,UNAVAILABLE}
2019-09-25 07:25:20,283 [main] INFO  handler.ContextHandler (ContextHandler.java:doStop(910)) - Stopped o.e.j.s.ServletContextHandler@6c951ada{/logs,file:///workdir/hadoop-ozone/ozonefs/target/log,UNAVAILABLE}
2019-09-25 07:25:20,285 [main] INFO  ozone.MiniOzoneClusterImpl (MiniOzoneClusterImpl.java:stopDatanodes(377)) - Stopping the HddsDatanodes
2019-09-25 07:25:20,956 [Datanode State Machine Thread - 0] INFO  statemachine.DatanodeStateMachine (DatanodeStateMachine.java:lambda$startDaemon$0(350)) - Ozone container server started.
2019-09-25 07:25:21,055 [Datanode State Machine Thread - 0] INFO  statemachine.DatanodeStateMachine (DatanodeStateMachine.java:lambda$startDaemon$0(350)) - Ozone container server started.
2019-09-25 07:25:21,967 [Thread-1492] INFO  container.ReplicationManager (ReplicationManager.java:start(163)) - Starting Replication Monitor Thread.
2019-09-25 07:25:21,970 [ReplicationMonitor] INFO  container.ReplicationManager (ReplicationManager.java:run(226)) - Replication Monitor Thread took 0 milliseconds for processing 0 containers.
2019-09-25 07:25:24,176 [Thread-1494] INFO  impl.FollowerState (FollowerState.java:run(106)) - 51c9978d-707e-4bc8-8e14-3bc0e19acfd9:group-8B1B5FDC0F93 changes to CANDIDATE, lastRpcTime:5140, electionTimeout:5140ms
2019-09-25 07:25:24,176 [Thread-1494] INFO  impl.RoleInfo (RoleInfo.java:shutdownFollowerState(121)) - 51c9978d-707e-4bc8-8e14-3bc0e19acfd9: shutdown FollowerState
2019-09-25 07:25:24,176 [Thread-1494] INFO  impl.RaftServerImpl (RaftServerImpl.java:setRole(174)) - 51c9978d-707e-4bc8-8e14-3bc0e19acfd9@group-8B1B5FDC0F93: changes role from  FOLLOWER to CANDIDATE at term 0 for changeToCandidate
2019-09-25 07:25:24,176 [Thread-1494] INFO  impl.RoleInfo (RoleInfo.java:updateAndGet(143)) - 51c9978d-707e-4bc8-8e14-3bc0e19acfd9: start LeaderElection
2019-09-25 07:25:24,203 [51c9978d-707e-4bc8-8e14-3bc0e19acfd9@group-8B1B5FDC0F93:LeaderElection82] INFO  impl.LeaderElection (LeaderElection.java:askForVotes(182)) - 51c9978d-707e-4bc8-8e14-3bc0e19acfd9@group-8B1B5FDC0F93:LeaderElection82: begin an election at term 1 for -1: [51c9978d-707e-4bc8-8e14-3bc0e19acfd9:192.168.151.106:40511], old=null
2019-09-25 07:25:24,204 [51c9978d-707e-4bc8-8e14-3bc0e19acfd9@group-8B1B5FDC0F93:LeaderElection82] INFO  impl.RoleInfo (RoleInfo.java:shutdownLeaderElection(134)) - 51c9978d-707e-4bc8-8e14-3bc0e19acfd9: shutdown LeaderElection
2019-09-25 07:25:24,204 [51c9978d-707e-4bc8-8e14-3bc0e19acfd9@group-8B1B5FDC0F93:LeaderElection82] INFO  impl.RaftServerImpl (RaftServerImpl.java:setRole(174)) - 51c9978d-707e-4bc8-8e14-3bc0e19acfd9@group-8B1B5FDC0F93: changes role from CANDIDATE to LEADER at term 1 for changeToLeader
2019-09-25 07:25:24,204 [51c9978d-707e-4bc8-8e14-3bc0e19acfd9@group-8B1B5FDC0F93:LeaderElection82] INFO  impl.RaftServerImpl (ServerState.java:setLeader(253)) - 51c9978d-707e-4bc8-8e14-3bc0e19acfd9@group-8B1B5FDC0F93: change Leader from null to 51c9978d-707e-4bc8-8e14-3bc0e19acfd9 at term 1 for becomeLeader, leader elected after 5175ms
2019-09-25 07:25:24,204 [51c9978d-707e-4bc8-8e14-3bc0e19acfd9@group-8B1B5FDC0F93:LeaderElection82] INFO  server.RaftServerConfigKeys (ConfUtils.java:logGet(43)) - raft.server.staging.catchup.gap = 1000 (default)
2019-09-25 07:25:24,204 [51c9978d-707e-4bc8-8e14-3bc0e19acfd9@group-8B1B5FDC0F93:LeaderElection82] INFO  server.RaftServerConfigKeys (ConfUtils.java:logGet(43)) - raft.server.rpc.sleep.time = 25ms (default)
2019-09-25 07:25:24,205 [51c9978d-707e-4bc8-8e14-3bc0e19acfd9@group-8B1B5FDC0F93:LeaderElection82] INFO  server.RaftServerConfigKeys (ConfUtils.java:logGet(43)) - raft.server.write.element-limit = 4096 (default)
2019-09-25 07:25:24,205 [51c9978d-707e-4bc8-8e14-3bc0e19acfd9@group-8B1B5FDC0F93:LeaderElection82] INFO  server.RaftServerConfigKeys (ConfUtils.java:logGet(43)) - raft.server.watch.timeout = 10s (default)
2019-09-25 07:25:24,205 [51c9978d-707e-4bc8-8e14-3bc0e19acfd9@group-8B1B5FDC0F93:LeaderElection82] INFO  server.RaftServerConfigKeys (ConfUtils.java:logGet(43)) - raft.server.watch.timeout.denomination = 1s (default)
2019-09-25 07:25:24,205 [51c9978d-707e-4bc8-8e14-3bc0e19acfd9@group-8B1B5FDC0F93:LeaderElection82] INFO  server.RaftServerConfigKeys (ConfUtils.java:logGet(43)) - raft.server.watch.element-limit = 65536 (default)
2019-09-25 07:25:24,207 [51c9978d-707e-4bc8-8e14-3bc0e19acfd9@group-8B1B5FDC0F93:LeaderElection82] INFO  impl.RoleInfo (RoleInfo.java:updateAndGet(143)) - 51c9978d-707e-4bc8-8e14-3bc0e19acfd9: start LeaderState
2019-09-25 07:25:24,207 [51c9978d-707e-4bc8-8e14-3bc0e19acfd9@group-8B1B5FDC0F93:LeaderElection82] INFO  segmented.SegmentedRaftLogWorker (SegmentedRaftLogWorker.java:startLogSegment(380)) - 51c9978d-707e-4bc8-8e14-3bc0e19acfd9@group-8B1B5FDC0F93-SegmentedRaftLogWorker: Starting segment from index:0
2019-09-25 07:25:24,208 [51c9978d-707e-4bc8-8e14-3bc0e19acfd9@group-8B1B5FDC0F93:LeaderElection82] INFO  impl.RaftServerImpl (ServerState.java:setRaftConf(354)) - 51c9978d-707e-4bc8-8e14-3bc0e19acfd9@group-8B1B5FDC0F93: set configuration 0: [51c9978d-707e-4bc8-8e14-3bc0e19acfd9:192.168.151.106:40511], old=null at 0
2019-09-25 07:25:24,266 [51c9978d-707e-4bc8-8e14-3bc0e19acfd9@group-8B1B5FDC0F93-SegmentedRaftLogWorker] INFO  segmented.SegmentedRaftLogWorker (SegmentedRaftLogWorker.java:execute(569)) - 51c9978d-707e-4bc8-8e14-3bc0e19acfd9@group-8B1B5FDC0F93-SegmentedRaftLogWorker: created new log segment /workdir/hadoop-ozone/ozonefs/target/test-dir/MiniOzoneClusterImpl-10aaa320-0427-4efe-b245-6da614d0b375/datanode-0/data/ratis/77f12ee7-d12c-438c-8c7e-8b1b5fdc0f93/current/log_inprogress_0
2019-09-25 07:25:24,281 [Thread-1500] INFO  impl.FollowerState (FollowerState.java:run(106)) - 4cb4b249-44c1-44b5-b888-23fcf00e7c3e:group-343BEF52D1FD changes to CANDIDATE, lastRpcTime:5107, electionTimeout:5107ms
2019-09-25 07:25:24,281 [Thread-1500] INFO  impl.RoleInfo (RoleInfo.java:shutdownFollowerState(121)) - 4cb4b249-44c1-44b5-b888-23fcf00e7c3e: shutdown FollowerState
2019-09-25 07:25:24,281 [Thread-1500] INFO  impl.RaftServerImpl (RaftServerImpl.java:setRole(174)) - 4cb4b249-44c1-44b5-b888-23fcf00e7c3e@group-343BEF52D1FD: changes role from  FOLLOWER to CANDIDATE at term 0 for changeToCandidate
2019-09-25 07:25:24,282 [Thread-1500] INFO  impl.RoleInfo (RoleInfo.java:updateAndGet(143)) - 4cb4b249-44c1-44b5-b888-23fcf00e7c3e: start LeaderElection
2019-09-25 07:25:24,293 [Thread-1497] INFO  impl.FollowerState (FollowerState.java:run(106)) - 51c9978d-707e-4bc8-8e14-3bc0e19acfd9:group-952EF4E7C329 changes to CANDIDATE, lastRpcTime:5202, electionTimeout:5200ms
2019-09-25 07:25:24,293 [Thread-1497] INFO  impl.RoleInfo (RoleInfo.java:shutdownFollowerState(121)) - 51c9978d-707e-4bc8-8e14-3bc0e19acfd9: shutdown FollowerState
2019-09-25 07:25:24,293 [Thread-1497] INFO  impl.RaftServerImpl (RaftServerImpl.java:setRole(174)) - 51c9978d-707e-4bc8-8e14-3bc0e19acfd9@group-952EF4E7C329: changes role from  FOLLOWER to CANDIDATE at term 0 for changeToCandidate
2019-09-25 07:25:24,294 [Thread-1497] INFO  impl.RoleInfo (RoleInfo.java:updateAndGet(143)) - 51c9978d-707e-4bc8-8e14-3bc0e19acfd9: start LeaderElection
2019-09-25 07:25:24,299 [Thread-1506] INFO  impl.FollowerState (FollowerState.java:run(106)) - 4cb4b249-44c1-44b5-b888-23fcf00e7c3e:group-E1808D574678 changes to CANDIDATE, lastRpcTime:5024, electionTimeout:5024ms
2019-09-25 07:25:24,299 [Thread-1506] INFO  impl.RoleInfo (RoleInfo.java:shutdownFollowerState(121)) - 4cb4b249-44c1-44b5-b888-23fcf00e7c3e: shutdown FollowerState
2019-09-25 07:25:24,299 [Thread-1506] INFO  impl.RaftServerImpl (RaftServerImpl.java:setRole(174)) - 4cb4b249-44c1-44b5-b888-23fcf00e7c3e@group-E1808D574678: changes role from  FOLLOWER to CANDIDATE at term 0 for changeToCandidate
2019-09-25 07:25:24,299 [Thread-1506] INFO  impl.RoleInfo (RoleInfo.java:updateAndGet(143)) - 4cb4b249-44c1-44b5-b888-23fcf00e7c3e: start LeaderElection
2019-09-25 07:25:24,307 [4cb4b249-44c1-44b5-b888-23fcf00e7c3e@group-343BEF52D1FD:LeaderElection83] INFO  impl.LeaderElection (LeaderElection.java:askForVotes(182)) - 4cb4b249-44c1-44b5-b888-23fcf00e7c3e@group-343BEF52D1FD:LeaderElection83: begin an election at term 1 for -1: [4cb4b249-44c1-44b5-b888-23fcf00e7c3e:192.168.151.106:35673], old=null
2019-09-25 07:25:24,308 [4cb4b249-44c1-44b5-b888-23fcf00e7c3e@group-343BEF52D1FD:LeaderElection83] INFO  impl.RoleInfo (RoleInfo.java:shutdownLeaderElection(134)) - 4cb4b249-44c1-44b5-b888-23fcf00e7c3e: shutdown LeaderElection
2019-09-25 07:25:24,308 [4cb4b249-44c1-44b5-b888-23fcf00e7c3e@group-343BEF52D1FD:LeaderElection83] INFO  impl.RaftServerImpl (RaftServerImpl.java:setRole(174)) - 4cb4b249-44c1-44b5-b888-23fcf00e7c3e@group-343BEF52D1FD: changes role from CANDIDATE to LEADER at term 1 for changeToLeader
2019-09-25 07:25:24,308 [4cb4b249-44c1-44b5-b888-23fcf00e7c3e@group-343BEF52D1FD:LeaderElection83] INFO  impl.RaftServerImpl (ServerState.java:setLeader(253)) - 4cb4b249-44c1-44b5-b888-23fcf00e7c3e@group-343BEF52D1FD: change Leader from null to 4cb4b249-44c1-44b5-b888-23fcf00e7c3e at term 1 for becomeLeader, leader elected after 5140ms
2019-09-25 07:25:24,308 [4cb4b249-44c1-44b5-b888-23fcf00e7c3e@group-343BEF52D1FD:LeaderElection83] INFO  server.RaftServerConfigKeys (ConfUtils.java:logGet(43)) - raft.server.staging.catchup.gap = 1000 (default)
2019-09-25 07:25:24,308 [4cb4b249-44c1-44b5-b888-23fcf00e7c3e@group-343BEF52D1FD:LeaderElection83] INFO  server.RaftServerConfigKeys (ConfUtils.java:logGet(43)) - raft.server.rpc.sleep.time = 25ms (default)
2019-09-25 07:25:24,308 [4cb4b249-44c1-44b5-b888-23fcf00e7c3e@group-343BEF52D1FD:LeaderElection83] INFO  server.RaftServerConfigKeys (ConfUtils.java:logGet(43)) - raft.server.write.element-limit = 4096 (default)
2019-09-25 07:25:24,308 [4cb4b249-44c1-44b5-b888-23fcf00e7c3e@group-343BEF52D1FD:LeaderElection83] INFO  server.RaftServerConfigKeys (ConfUtils.java:logGet(43)) - raft.server.watch.timeout = 10s (default)
2019-09-25 07:25:24,309 [4cb4b249-44c1-44b5-b888-23fcf00e7c3e@group-343BEF52D1FD:LeaderElection83] INFO  server.RaftServerConfigKeys (ConfUtils.java:logGet(43)) - raft.server.watch.timeout.denomination = 1s (default)
2019-09-25 07:25:24,309 [4cb4b249-44c1-44b5-b888-23fcf00e7c3e@group-343BEF52D1FD:LeaderElection83] INFO  server.RaftServerConfigKeys (ConfUtils.java:logGet(43)) - raft.server.watch.element-limit = 65536 (default)
2019-09-25 07:25:24,310 [4cb4b249-44c1-44b5-b888-23fcf00e7c3e@group-343BEF52D1FD:LeaderElection83] INFO  impl.RoleInfo (RoleInfo.java:updateAndGet(143)) - 4cb4b249-44c1-44b5-b888-23fcf00e7c3e: start LeaderState
2019-09-25 07:25:24,311 [4cb4b249-44c1-44b5-b888-23fcf00e7c3e@group-343BEF52D1FD:LeaderElection83] INFO  segmented.SegmentedRaftLogWorker (SegmentedRaftLogWorker.java:startLogSegment(380)) - 4cb4b249-44c1-44b5-b888-23fcf00e7c3e@group-343BEF52D1FD-SegmentedRaftLogWorker: Starting segment from index:0
2019-09-25 07:25:24,311 [4cb4b249-44c1-44b5-b888-23fcf00e7c3e@group-343BEF52D1FD:LeaderElection83] INFO  impl.RaftServerImpl (ServerState.java:setRaftConf(354)) - 4cb4b249-44c1-44b5-b888-23fcf00e7c3e@group-343BEF52D1FD: set configuration 0: [4cb4b249-44c1-44b5-b888-23fcf00e7c3e:192.168.151.106:35673], old=null at 0
2019-09-25 07:25:24,329 [51c9978d-707e-4bc8-8e14-3bc0e19acfd9@group-952EF4E7C329:LeaderElection84] INFO  impl.LeaderElection (LeaderElection.java:askForVotes(182)) - 51c9978d-707e-4bc8-8e14-3bc0e19acfd9@group-952EF4E7C329:LeaderElection84: begin an election at term 1 for -1: [51c9978d-707e-4bc8-8e14-3bc0e19acfd9:192.168.151.106:40511], old=null
2019-09-25 07:25:24,329 [4cb4b249-44c1-44b5-b888-23fcf00e7c3e@group-E1808D574678:LeaderElection85] INFO  impl.LeaderElection (LeaderElection.java:askForVotes(182)) - 4cb4b249-44c1-44b5-b888-23fcf00e7c3e@group-E1808D574678:LeaderElection85: begin an election at term 1 for -1: [4cb4b249-44c1-44b5-b888-23fcf00e7c3e:192.168.151.106:35673], old=null
2019-09-25 07:25:24,329 [51c9978d-707e-4bc8-8e14-3bc0e19acfd9@group-952EF4E7C329:LeaderElection84] INFO  impl.RoleInfo (RoleInfo.java:shutdownLeaderElection(134)) - 51c9978d-707e-4bc8-8e14-3bc0e19acfd9: shutdown LeaderElection
2019-09-25 07:25:24,329 [4cb4b249-44c1-44b5-b888-23fcf00e7c3e@group-E1808D574678:LeaderElection85] INFO  impl.RoleInfo (RoleInfo.java:shutdownLeaderElection(134)) - 4cb4b249-44c1-44b5-b888-23fcf00e7c3e: shutdown LeaderElection
2019-09-25 07:25:24,329 [51c9978d-707e-4bc8-8e14-3bc0e19acfd9@group-952EF4E7C329:LeaderElection84] INFO  impl.RaftServerImpl (RaftServerImpl.java:setRole(174)) - 51c9978d-707e-4bc8-8e14-3bc0e19acfd9@group-952EF4E7C329: changes role from CANDIDATE to LEADER at term 1 for changeToLeader
2019-09-25 07:25:24,329 [4cb4b249-44c1-44b5-b888-23fcf00e7c3e@group-E1808D574678:LeaderElection85] INFO  impl.RaftServerImpl (RaftServerImpl.java:setRole(174)) - 4cb4b249-44c1-44b5-b888-23fcf00e7c3e@group-E1808D574678: changes role from CANDIDATE to LEADER at term 1 for changeToLeader
2019-09-25 07:25:24,329 [51c9978d-707e-4bc8-8e14-3bc0e19acfd9@group-952EF4E7C329:LeaderElection84] INFO  impl.RaftServerImpl (ServerState.java:setLeader(253)) - 51c9978d-707e-4bc8-8e14-3bc0e19acfd9@group-952EF4E7C329: change Leader from null to 51c9978d-707e-4bc8-8e14-3bc0e19acfd9 at term 1 for becomeLeader, leader elected after 5243ms
2019-09-25 07:25:24,330 [4cb4b249-44c1-44b5-b888-23fcf00e7c3e@group-E1808D574678:LeaderElection85] INFO  impl.RaftServerImpl (ServerState.java:setLeader(253)) - 4cb4b249-44c1-44b5-b888-23fcf00e7c3e@group-E1808D574678: change Leader from null to 4cb4b249-44c1-44b5-b888-23fcf00e7c3e at term 1 for becomeLeader, leader elected after 5060ms
2019-09-25 07:25:24,330 [51c9978d-707e-4bc8-8e14-3bc0e19acfd9@group-952EF4E7C329:LeaderElection84] INFO  server.RaftServerConfigKeys (ConfUtils.java:logGet(43)) - raft.server.staging.catchup.gap = 1000 (default)
2019-09-25 07:25:24,330 [4cb4b249-44c1-44b5-b888-23fcf00e7c3e@group-E1808D574678:LeaderElection85] INFO  server.RaftServerConfigKeys (ConfUtils.java:logGet(43)) - raft.server.staging.catchup.gap = 1000 (default)
2019-09-25 07:25:24,330 [51c9978d-707e-4bc8-8e14-3bc0e19acfd9@group-952EF4E7C329:LeaderElection84] INFO  server.RaftServerConfigKeys (ConfUtils.java:logGet(43)) - raft.server.rpc.sleep.time = 25ms (default)
2019-09-25 07:25:24,330 [4cb4b249-44c1-44b5-b888-23fcf00e7c3e@group-E1808D574678:LeaderElection85] INFO  server.RaftServerConfigKeys (ConfUtils.java:logGet(43)) - raft.server.rpc.sleep.time = 25ms (default)
2019-09-25 07:25:24,330 [51c9978d-707e-4bc8-8e14-3bc0e19acfd9@group-952EF4E7C329:LeaderElection84] INFO  server.RaftServerConfigKeys (ConfUtils.java:logGet(43)) - raft.server.write.element-limit = 4096 (default)
2019-09-25 07:25:24,330 [4cb4b249-44c1-44b5-b888-23fcf00e7c3e@group-E1808D574678:LeaderElection85] INFO  server.RaftServerConfigKeys (ConfUtils.java:logGet(43)) - raft.server.write.element-limit = 4096 (default)
2019-09-25 07:25:24,330 [51c9978d-707e-4bc8-8e14-3bc0e19acfd9@group-952EF4E7C329:LeaderElection84] INFO  server.RaftServerConfigKeys (ConfUtils.java:logGet(43)) - raft.server.watch.timeout = 10s (default)
2019-09-25 07:25:24,331 [4cb4b249-44c1-44b5-b888-23fcf00e7c3e@group-E1808D574678:LeaderElection85] INFO  server.RaftServerConfigKeys (ConfUtils.java:logGet(43)) - raft.server.watch.timeout = 10s (default)
2019-09-25 07:25:24,331 [51c9978d-707e-4bc8-8e14-3bc0e19acfd9@group-952EF4E7C329:LeaderElection84] INFO  server.RaftServerConfigKeys (ConfUtils.java:logGet(43)) - raft.server.watch.timeout.denomination = 1s (default)
2019-09-25 07:25:24,331 [4cb4b249-44c1-44b5-b888-23fcf00e7c3e@group-E1808D574678:LeaderElection85] INFO  server.RaftServerConfigKeys (ConfUtils.java:logGet(43)) - raft.server.watch.timeout.denomination = 1s (default)
2019-09-25 07:25:24,331 [51c9978d-707e-4bc8-8e14-3bc0e19acfd9@group-952EF4E7C329:LeaderElection84] INFO  server.RaftServerConfigKeys (ConfUtils.java:logGet(43)) - raft.server.watch.element-limit = 65536 (default)
2019-09-25 07:25:24,331 [4cb4b249-44c1-44b5-b888-23fcf00e7c3e@group-E1808D574678:LeaderElection85] INFO  server.RaftServerConfigKeys (ConfUtils.java:logGet(43)) - raft.server.watch.element-limit = 65536 (default)
2019-09-25 07:25:24,334 [51c9978d-707e-4bc8-8e14-3bc0e19acfd9@group-952EF4E7C329:LeaderElection84] INFO  impl.RoleInfo (RoleInfo.java:updateAndGet(143)) - 51c9978d-707e-4bc8-8e14-3bc0e19acfd9: start LeaderState
2019-09-25 07:25:24,334 [4cb4b249-44c1-44b5-b888-23fcf00e7c3e@group-E1808D574678:LeaderElection85] INFO  impl.RoleInfo (RoleInfo.java:updateAndGet(143)) - 4cb4b249-44c1-44b5-b888-23fcf00e7c3e: start LeaderState
2019-09-25 07:25:24,334 [51c9978d-707e-4bc8-8e14-3bc0e19acfd9@group-952EF4E7C329:LeaderElection84] INFO  segmented.SegmentedRaftLogWorker (SegmentedRaftLogWorker.java:startLogSegment(380)) - 51c9978d-707e-4bc8-8e14-3bc0e19acfd9@group-952EF4E7C329-SegmentedRaftLogWorker: Starting segment from index:0
2019-09-25 07:25:24,334 [4cb4b249-44c1-44b5-b888-23fcf00e7c3e@group-E1808D574678:LeaderElection85] INFO  segmented.SegmentedRaftLogWorker (SegmentedRaftLogWorker.java:startLogSegment(380)) - 4cb4b249-44c1-44b5-b888-23fcf00e7c3e@group-E1808D574678-SegmentedRaftLogWorker: Starting segment from index:0
2019-09-25 07:25:24,369 [Thread-1509] INFO  impl.FollowerState (FollowerState.java:run(106)) - 51c9978d-707e-4bc8-8e14-3bc0e19acfd9:group-416CB926C446 changes to CANDIDATE, lastRpcTime:5036, electionTimeout:5036ms
2019-09-25 07:25:24,369 [Thread-1509] INFO  impl.RoleInfo (RoleInfo.java:shutdownFollowerState(121)) - 51c9978d-707e-4bc8-8e14-3bc0e19acfd9: shutdown FollowerState
2019-09-25 07:25:24,369 [Thread-1509] INFO  impl.RaftServerImpl (RaftServerImpl.java:setRole(174)) - 51c9978d-707e-4bc8-8e14-3bc0e19acfd9@group-416CB926C446: changes role from  FOLLOWER to CANDIDATE at term 0 for changeToCandidate
2019-09-25 07:25:24,374 [4cb4b249-44c1-44b5-b888-23fcf00e7c3e@group-343BEF52D1FD-SegmentedRaftLogWorker] INFO  segmented.SegmentedRaftLogWorker (SegmentedRaftLogWorker.java:execute(569)) - 4cb4b249-44c1-44b5-b888-23fcf00e7c3e@group-343BEF52D1FD-SegmentedRaftLogWorker: created new log segment /workdir/hadoop-ozone/ozonefs/target/test-dir/MiniOzoneClusterImpl-10aaa320-0427-4efe-b245-6da614d0b375/datanode-1/data/ratis/a4b1be22-5625-4da6-826e-343bef52d1fd/current/log_inprogress_0
2019-09-25 07:25:24,388 [51c9978d-707e-4bc8-8e14-3bc0e19acfd9@group-952EF4E7C329-SegmentedRaftLogWorker] INFO  segmented.SegmentedRaftLogWorker (SegmentedRaftLogWorker.java:execute(569)) - 51c9978d-707e-4bc8-8e14-3bc0e19acfd9@group-952EF4E7C329-SegmentedRaftLogWorker: created new log segment /workdir/hadoop-ozone/ozonefs/target/test-dir/MiniOzoneClusterImpl-10aaa320-0427-4efe-b245-6da614d0b375/datanode-0/data/ratis/fae958d6-607e-43f8-b27b-952ef4e7c329/current/log_inprogress_0
2019-09-25 07:25:24,408 [Thread-1503] INFO  impl.FollowerState (FollowerState.java:run(106)) - 51c9978d-707e-4bc8-8e14-3bc0e19acfd9:group-E4294A08890B changes to CANDIDATE, lastRpcTime:5192, electionTimeout:5192ms
2019-09-25 07:25:24,408 [Thread-1503] INFO  impl.RoleInfo (RoleInfo.java:shutdownFollowerState(121)) - 51c9978d-707e-4bc8-8e14-3bc0e19acfd9: shutdown FollowerState
2019-09-25 07:25:24,408 [Thread-1503] INFO  impl.RaftServerImpl (RaftServerImpl.java:setRole(174)) - 51c9978d-707e-4bc8-8e14-3bc0e19acfd9@group-E4294A08890B: changes role from  FOLLOWER to CANDIDATE at term 0 for changeToCandidate
2019-09-25 07:25:24,459 [Thread-1515] INFO  impl.FollowerState (FollowerState.java:run(106)) - 4cb4b249-44c1-44b5-b888-23fcf00e7c3e:group-CCF9215C035E changes to CANDIDATE, lastRpcTime:5021, electionTimeout:5021ms
2019-09-25 07:25:24,460 [Thread-1515] INFO  impl.RoleInfo (RoleInfo.java:shutdownFollowerState(121)) - 4cb4b249-44c1-44b5-b888-23fcf00e7c3e: shutdown FollowerState
2019-09-25 07:25:24,460 [Thread-1515] INFO  impl.RaftServerImpl (RaftServerImpl.java:setRole(174)) - 4cb4b249-44c1-44b5-b888-23fcf00e7c3e@group-CCF9215C035E: changes role from  FOLLOWER to CANDIDATE at term 0 for changeToCandidate
2019-09-25 07:25:24,491 [Thread-1512] INFO  impl.FollowerState (FollowerState.java:run(106)) - 4cb4b249-44c1-44b5-b888-23fcf00e7c3e:group-008A3ADDCB5C changes to CANDIDATE, lastRpcTime:5094, electionTimeout:5094ms
2019-09-25 07:25:24,491 [Thread-1512] INFO  impl.RoleInfo (RoleInfo.java:shutdownFollowerState(121)) - 4cb4b249-44c1-44b5-b888-23fcf00e7c3e: shutdown FollowerState
2019-09-25 07:25:24,491 [Thread-1512] INFO  impl.RaftServerImpl (RaftServerImpl.java:setRole(174)) - 4cb4b249-44c1-44b5-b888-23fcf00e7c3e@group-008A3ADDCB5C: changes role from  FOLLOWER to CANDIDATE at term 0 for changeToCandidate
2019-09-25 07:25:24,581 [Thread-1512] INFO  impl.RoleInfo (RoleInfo.java:updateAndGet(143)) - 4cb4b249-44c1-44b5-b888-23fcf00e7c3e: start LeaderElection
2019-09-25 07:25:24,581 [Thread-1509] INFO  impl.RoleInfo (RoleInfo.java:updateAndGet(143)) - 51c9978d-707e-4bc8-8e14-3bc0e19acfd9: start LeaderElection
2019-09-25 07:25:24,581 [51c9978d-707e-4bc8-8e14-3bc0e19acfd9@group-952EF4E7C329:LeaderElection84] INFO  impl.RaftServerImpl (ServerState.java:setRaftConf(354)) - 51c9978d-707e-4bc8-8e14-3bc0e19acfd9@group-952EF4E7C329: set configuration 0: [51c9978d-707e-4bc8-8e14-3bc0e19acfd9:192.168.151.106:40511], old=null at 0
2019-09-25 07:25:24,581 [Thread-1515] INFO  impl.RoleInfo (RoleInfo.java:updateAndGet(143)) - 4cb4b249-44c1-44b5-b888-23fcf00e7c3e: start LeaderElection
2019-09-25 07:25:24,581 [Thread-1503] INFO  impl.RoleInfo (RoleInfo.java:updateAndGet(143)) - 51c9978d-707e-4bc8-8e14-3bc0e19acfd9: start LeaderElection
2019-09-25 07:25:24,621 [4cb4b249-44c1-44b5-b888-23fcf00e7c3e@group-E1808D574678:LeaderElection85] INFO  impl.RaftServerImpl (ServerState.java:setRaftConf(354)) - 4cb4b249-44c1-44b5-b888-23fcf00e7c3e@group-E1808D574678: set configuration 0: [4cb4b249-44c1-44b5-b888-23fcf00e7c3e:192.168.151.106:35673], old=null at 0
2019-09-25 07:25:24,621 [Thread-1521] INFO  impl.FollowerState (FollowerState.java:run(106)) - 4cb4b249-44c1-44b5-b888-23fcf00e7c3e:group-6E7023F548A8 changes to CANDIDATE, lastRpcTime:5102, electionTimeout:5071ms
2019-09-25 07:25:24,624 [Thread-1521] INFO  impl.RoleInfo (RoleInfo.java:shutdownFollowerState(121)) - 4cb4b249-44c1-44b5-b888-23fcf00e7c3e: shutdown FollowerState
2019-09-25 07:25:24,625 [Thread-1527] INFO  impl.FollowerState (FollowerState.java:run(106)) - 51c9978d-707e-4bc8-8e14-3bc0e19acfd9:group-10523F59635C changes to CANDIDATE, lastRpcTime:5025, electionTimeout:5025ms
2019-09-25 07:25:24,625 [Thread-1521] INFO  impl.RaftServerImpl (RaftServerImpl.java:setRole(174)) - 4cb4b249-44c1-44b5-b888-23fcf00e7c3e@group-6E7023F548A8: changes role from  FOLLOWER to CANDIDATE at term 0 for changeToCandidate
2019-09-25 07:25:24,625 [Thread-1527] INFO  impl.RoleInfo (RoleInfo.java:shutdownFollowerState(121)) - 51c9978d-707e-4bc8-8e14-3bc0e19acfd9: shutdown FollowerState
2019-09-25 07:25:24,625 [Thread-1521] INFO  impl.RoleInfo (RoleInfo.java:updateAndGet(143)) - 4cb4b249-44c1-44b5-b888-23fcf00e7c3e: start LeaderElection
2019-09-25 07:25:24,626 [Thread-1527] INFO  impl.RaftServerImpl (RaftServerImpl.java:setRole(174)) - 51c9978d-707e-4bc8-8e14-3bc0e19acfd9@group-10523F59635C: changes role from  FOLLOWER to CANDIDATE at term 0 for changeToCandidate
2019-09-25 07:25:24,626 [Thread-1527] INFO  impl.RoleInfo (RoleInfo.java:updateAndGet(143)) - 51c9978d-707e-4bc8-8e14-3bc0e19acfd9: start LeaderElection
2019-09-25 07:25:24,647 [4cb4b249-44c1-44b5-b888-23fcf00e7c3e@group-E1808D574678-SegmentedRaftLogWorker] INFO  segmented.SegmentedRaftLogWorker (SegmentedRaftLogWorker.java:execute(569)) - 4cb4b249-44c1-44b5-b888-23fcf00e7c3e@group-E1808D574678-SegmentedRaftLogWorker: created new log segment /workdir/hadoop-ozone/ozonefs/target/test-dir/MiniOzoneClusterImpl-10aaa320-0427-4efe-b245-6da614d0b375/datanode-1/data/ratis/0d6ac5b6-b5c0-4a35-b4bd-e1808d574678/current/log_inprogress_0
2019-09-25 07:25:24,647 [51c9978d-707e-4bc8-8e14-3bc0e19acfd9@group-E4294A08890B:LeaderElection87] INFO  impl.LeaderElection (LeaderElection.java:askForVotes(182)) - 51c9978d-707e-4bc8-8e14-3bc0e19acfd9@group-E4294A08890B:LeaderElection87: begin an election at term 1 for -1: [51c9978d-707e-4bc8-8e14-3bc0e19acfd9:192.168.151.106:40511], old=null
2019-09-25 07:25:24,647 [51c9978d-707e-4bc8-8e14-3bc0e19acfd9@group-10523F59635C:LeaderElection91] INFO  impl.LeaderElection (LeaderElection.java:askForVotes(182)) - 51c9978d-707e-4bc8-8e14-3bc0e19acfd9@group-10523F59635C:LeaderElection91: begin an election at term 1 for -1: [51c9978d-707e-4bc8-8e14-3bc0e19acfd9:192.168.151.106:40511], old=null
2019-09-25 07:25:24,647 [4cb4b249-44c1-44b5-b888-23fcf00e7c3e@group-008A3ADDCB5C:LeaderElection89] INFO  impl.LeaderElection (LeaderElection.java:askForVotes(182)) - 4cb4b249-44c1-44b5-b888-23fcf00e7c3e@group-008A3ADDCB5C:LeaderElection89: begin an election at term 1 for -1: [4cb4b249-44c1-44b5-b888-23fcf00e7c3e:192.168.151.106:35673], old=null
2019-09-25 07:25:24,647 [4cb4b249-44c1-44b5-b888-23fcf00e7c3e@group-6E7023F548A8:LeaderElection90] INFO  impl.LeaderElection (LeaderElection.java:askForVotes(182)) - 4cb4b249-44c1-44b5-b888-23fcf00e7c3e@group-6E7023F548A8:LeaderElection90: begin an election at term 1 for -1: [4cb4b249-44c1-44b5-b888-23fcf00e7c3e:192.168.151.106:35673], old=null
2019-09-25 07:25:24,647 [4cb4b249-44c1-44b5-b888-23fcf00e7c3e@group-CCF9215C035E:LeaderElection88] INFO  impl.LeaderElection (LeaderElection.java:askForVotes(182)) - 4cb4b249-44c1-44b5-b888-23fcf00e7c3e@group-CCF9215C035E:LeaderElection88: begin an election at term 1 for -1: [4cb4b249-44c1-44b5-b888-23fcf00e7c3e:192.168.151.106:35673], old=null
2019-09-25 07:25:24,647 [51c9978d-707e-4bc8-8e14-3bc0e19acfd9@group-416CB926C446:LeaderElection86] INFO  impl.LeaderElection (LeaderElection.java:askForVotes(182)) - 51c9978d-707e-4bc8-8e14-3bc0e19acfd9@group-416CB926C446:LeaderElection86: begin an election at term 1 for -1: [51c9978d-707e-4bc8-8e14-3bc0e19acfd9:192.168.151.106:40511], old=null
2019-09-25 07:25:24,648 [4cb4b249-44c1-44b5-b888-23fcf00e7c3e@group-CCF9215C035E:LeaderElection88] INFO  impl.RoleInfo (RoleInfo.java:shutdownLeaderElection(134)) - 4cb4b249-44c1-44b5-b888-23fcf00e7c3e: shutdown LeaderElection
2019-09-25 07:25:24,648 [4cb4b249-44c1-44b5-b888-23fcf00e7c3e@group-6E7023F548A8:LeaderElection90] INFO  impl.RoleInfo (RoleInfo.java:shutdownLeaderElection(134)) - 4cb4b249-44c1-44b5-b888-23fcf00e7c3e: shutdown LeaderElection
2019-09-25 07:25:24,648 [4cb4b249-44c1-44b5-b888-23fcf00e7c3e@group-008A3ADDCB5C:LeaderElection89] INFO  impl.RoleInfo (RoleInfo.java:shutdownLeaderElection(134)) - 4cb4b249-44c1-44b5-b888-23fcf00e7c3e: shutdown LeaderElection
2019-09-25 07:25:24,648 [51c9978d-707e-4bc8-8e14-3bc0e19acfd9@group-10523F59635C:LeaderElection91] INFO  impl.RoleInfo (RoleInfo.java:shutdownLeaderElection(134)) - 51c9978d-707e-4bc8-8e14-3bc0e19acfd9: shutdown LeaderElection
2019-09-25 07:25:24,649 [51c9978d-707e-4bc8-8e14-3bc0e19acfd9@group-10523F59635C:LeaderElection91] INFO  impl.RaftServerImpl (RaftServerImpl.java:setRole(174)) - 51c9978d-707e-4bc8-8e14-3bc0e19acfd9@group-10523F59635C: changes role from CANDIDATE to LEADER at term 1 for changeToLeader
2019-09-25 07:25:24,648 [51c9978d-707e-4bc8-8e14-3bc0e19acfd9@group-E4294A08890B:LeaderElection87] INFO  impl.RoleInfo (RoleInfo.java:shutdownLeaderElection(134)) - 51c9978d-707e-4bc8-8e14-3bc0e19acfd9: shutdown LeaderElection
2019-09-25 07:25:24,649 [51c9978d-707e-4bc8-8e14-3bc0e19acfd9@group-10523F59635C:LeaderElection91] INFO  impl.RaftServerImpl (ServerState.java:setLeader(253)) - 51c9978d-707e-4bc8-8e14-3bc0e19acfd9@group-10523F59635C: change Leader from null to 51c9978d-707e-4bc8-8e14-3bc0e19acfd9 at term 1 for becomeLeader, leader elected after 5053ms
2019-09-25 07:25:24,649 [4cb4b249-44c1-44b5-b888-23fcf00e7c3e@group-008A3ADDCB5C:LeaderElection89] INFO  impl.RaftServerImpl (RaftServerImpl.java:setRole(174)) - 4cb4b249-44c1-44b5-b888-23fcf00e7c3e@group-008A3ADDCB5C: changes role from CANDIDATE to LEADER at term 1 for changeToLeader
2019-09-25 07:25:24,649 [4cb4b249-44c1-44b5-b888-23fcf00e7c3e@group-008A3ADDCB5C:LeaderElection89] INFO  impl.RaftServerImpl (ServerState.java:setLeader(253)) - 4cb4b249-44c1-44b5-b888-23fcf00e7c3e@group-008A3ADDCB5C: change Leader from null to 4cb4b249-44c1-44b5-b888-23fcf00e7c3e at term 1 for becomeLeader, leader elected after 5258ms
2019-09-25 07:25:24,648 [4cb4b249-44c1-44b5-b888-23fcf00e7c3e@group-6E7023F548A8:LeaderElection90] INFO  impl.RaftServerImpl (RaftServerImpl.java:setRole(174)) - 4cb4b249-44c1-44b5-b888-23fcf00e7c3e@group-6E7023F548A8: changes role from CANDIDATE to LEADER at term 1 for changeToLeader
2019-09-25 07:25:24,649 [4cb4b249-44c1-44b5-b888-23fcf00e7c3e@group-6E7023F548A8:LeaderElection90] INFO  impl.RaftServerImpl (ServerState.java:setLeader(253)) - 4cb4b249-44c1-44b5-b888-23fcf00e7c3e@group-6E7023F548A8: change Leader from null to 4cb4b249-44c1-44b5-b888-23fcf00e7c3e at term 1 for becomeLeader, leader elected after 5135ms
2019-09-25 07:25:24,648 [4cb4b249-44c1-44b5-b888-23fcf00e7c3e@group-CCF9215C035E:LeaderElection88] INFO  impl.RaftServerImpl (RaftServerImpl.java:setRole(174)) - 4cb4b249-44c1-44b5-b888-23fcf00e7c3e@group-CCF9215C035E: changes role from CANDIDATE to LEADER at term 1 for changeToLeader
2019-09-25 07:25:24,650 [4cb4b249-44c1-44b5-b888-23fcf00e7c3e@group-CCF9215C035E:LeaderElection88] INFO  impl.RaftServerImpl (ServerState.java:setLeader(253)) - 4cb4b249-44c1-44b5-b888-23fcf00e7c3e@group-CCF9215C035E: change Leader from null to 4cb4b249-44c1-44b5-b888-23fcf00e7c3e at term 1 for becomeLeader, leader elected after 5216ms
2019-09-25 07:25:24,648 [51c9978d-707e-4bc8-8e14-3bc0e19acfd9@group-416CB926C446:LeaderElection86] INFO  impl.RoleInfo (RoleInfo.java:shutdownLeaderElection(134)) - 51c9978d-707e-4bc8-8e14-3bc0e19acfd9: shutdown LeaderElection
2019-09-25 07:25:24,650 [4cb4b249-44c1-44b5-b888-23fcf00e7c3e@group-CCF9215C035E:LeaderElection88] INFO  server.RaftServerConfigKeys (ConfUtils.java:logGet(43)) - raft.server.staging.catchup.gap = 1000 (default)
2019-09-25 07:25:24,650 [4cb4b249-44c1-44b5-b888-23fcf00e7c3e@group-CCF9215C035E:LeaderElection88] INFO  server.RaftServerConfigKeys (ConfUtils.java:logGet(43)) - raft.server.rpc.sleep.time = 25ms (default)
2019-09-25 07:25:24,650 [4cb4b249-44c1-44b5-b888-23fcf00e7c3e@group-6E7023F548A8:LeaderElection90] INFO  server.RaftServerConfigKeys (ConfUtils.java:logGet(43)) - raft.server.staging.catchup.gap = 1000 (default)
2019-09-25 07:25:24,649 [4cb4b249-44c1-44b5-b888-23fcf00e7c3e@group-008A3ADDCB5C:LeaderElection89] INFO  server.RaftServerConfigKeys (ConfUtils.java:logGet(43)) - raft.server.staging.catchup.gap = 1000 (default)
2019-09-25 07:25:24,650 [4cb4b249-44c1-44b5-b888-23fcf00e7c3e@group-008A3ADDCB5C:LeaderElection89] INFO  server.RaftServerConfigKeys (ConfUtils.java:logGet(43)) - raft.server.rpc.sleep.time = 25ms (default)
2019-09-25 07:25:24,649 [51c9978d-707e-4bc8-8e14-3bc0e19acfd9@group-10523F59635C:LeaderElection91] INFO  server.RaftServerConfigKeys (ConfUtils.java:logGet(43)) - raft.server.staging.catchup.gap = 1000 (default)
2019-09-25 07:25:24,651 [51c9978d-707e-4bc8-8e14-3bc0e19acfd9@group-10523F59635C:LeaderElection91] INFO  server.RaftServerConfigKeys (ConfUtils.java:logGet(43)) - raft.server.rpc.sleep.time = 25ms (default)
2019-09-25 07:25:24,649 [51c9978d-707e-4bc8-8e14-3bc0e19acfd9@group-E4294A08890B:LeaderElection87] INFO  impl.RaftServerImpl (RaftServerImpl.java:setRole(174)) - 51c9978d-707e-4bc8-8e14-3bc0e19acfd9@group-E4294A08890B: changes role from CANDIDATE to LEADER at term 1 for changeToLeader
2019-09-25 07:25:24,651 [51c9978d-707e-4bc8-8e14-3bc0e19acfd9@group-10523F59635C:LeaderElection91] INFO  server.RaftServerConfigKeys (ConfUtils.java:logGet(43)) - raft.server.write.element-limit = 4096 (default)
2019-09-25 07:25:24,651 [Thread-1518] INFO  impl.FollowerState (FollowerState.java:run(106)) - 51c9978d-707e-4bc8-8e14-3bc0e19acfd9:group-C555687442E4 changes to CANDIDATE, lastRpcTime:5170, electionTimeout:5170ms
2019-09-25 07:25:24,651 [Thread-1524] INFO  impl.FollowerState (FollowerState.java:run(106)) - 4cb4b249-44c1-44b5-b888-23fcf00e7c3e:group-00BF42D3BEE5 changes to CANDIDATE, lastRpcTime:5095, electionTimeout:5095ms
2019-09-25 07:25:24,651 [4cb4b249-44c1-44b5-b888-23fcf00e7c3e@group-008A3ADDCB5C:LeaderElection89] INFO  server.RaftServerConfigKeys (ConfUtils.java:logGet(43)) - raft.server.write.element-limit = 4096 (default)
2019-09-25 07:25:24,650 [4cb4b249-44c1-44b5-b888-23fcf00e7c3e@group-6E7023F548A8:LeaderElection90] INFO  server.RaftServerConfigKeys (ConfUtils.java:logGet(43)) - raft.server.rpc.sleep.time = 25ms (default)
2019-09-25 07:25:24,650 [4cb4b249-44c1-44b5-b888-23fcf00e7c3e@group-CCF9215C035E:LeaderElection88] INFO  server.RaftServerConfigKeys (ConfUtils.java:logGet(43)) - raft.server.write.element-limit = 4096 (default)
2019-09-25 07:25:24,650 [51c9978d-707e-4bc8-8e14-3bc0e19acfd9@group-416CB926C446:LeaderElection86] INFO  impl.RaftServerImpl (RaftServerImpl.java:setRole(174)) - 51c9978d-707e-4bc8-8e14-3bc0e19acfd9@group-416CB926C446: changes role from CANDIDATE to LEADER at term 1 for changeToLeader
2019-09-25 07:25:24,652 [4cb4b249-44c1-44b5-b888-23fcf00e7c3e@group-CCF9215C035E:LeaderElection88] INFO  server.RaftServerConfigKeys (ConfUtils.java:logGet(43)) - raft.server.watch.timeout = 10s (default)
2019-09-25 07:25:24,652 [4cb4b249-44c1-44b5-b888-23fcf00e7c3e@group-6E7023F548A8:LeaderElection90] INFO  server.RaftServerConfigKeys (ConfUtils.java:logGet(43)) - raft.server.write.element-limit = 4096 (default)
2019-09-25 07:25:24,652 [4cb4b249-44c1-44b5-b888-23fcf00e7c3e@group-008A3ADDCB5C:LeaderElection89] INFO  server.RaftServerConfigKeys (ConfUtils.java:logGet(43)) - raft.server.watch.timeout = 10s (default)
2019-09-25 07:25:24,651 [Thread-1524] INFO  impl.RoleInfo (RoleInfo.java:shutdownFollowerState(121)) - 4cb4b249-44c1-44b5-b888-23fcf00e7c3e: shutdown FollowerState
2019-09-25 07:25:24,651 [Thread-1518] INFO  impl.RoleInfo (RoleInfo.java:shutdownFollowerState(121)) - 51c9978d-707e-4bc8-8e14-3bc0e19acfd9: shutdown FollowerState
2019-09-25 07:25:24,653 [Thread-1518] INFO  impl.RaftServerImpl (RaftServerImpl.java:setRole(174)) - 51c9978d-707e-4bc8-8e14-3bc0e19acfd9@group-C555687442E4: changes role from  FOLLOWER to CANDIDATE at term 0 for changeToCandidate
2019-09-25 07:25:24,651 [51c9978d-707e-4bc8-8e14-3bc0e19acfd9@group-10523F59635C:LeaderElection91] INFO  server.RaftServerConfigKeys (ConfUtils.java:logGet(43)) - raft.server.watch.timeout = 10s (default)
2019-09-25 07:25:24,651 [51c9978d-707e-4bc8-8e14-3bc0e19acfd9@group-E4294A08890B:LeaderElection87] INFO  impl.RaftServerImpl (ServerState.java:setLeader(253)) - 51c9978d-707e-4bc8-8e14-3bc0e19acfd9@group-E4294A08890B: change Leader from null to 51c9978d-707e-4bc8-8e14-3bc0e19acfd9 at term 1 for becomeLeader, leader elected after 5439ms
2019-09-25 07:25:24,653 [51c9978d-707e-4bc8-8e14-3bc0e19acfd9@group-10523F59635C:LeaderElection91] INFO  server.RaftServerConfigKeys (ConfUtils.java:logGet(43)) - raft.server.watch.timeout.denomination = 1s (default)
2019-09-25 07:25:24,653 [Thread-1518] INFO  impl.RoleInfo (RoleInfo.java:updateAndGet(143)) - 51c9978d-707e-4bc8-8e14-3bc0e19acfd9: start LeaderElection
2019-09-25 07:25:24,653 [Thread-1524] INFO  impl.RaftServerImpl (RaftServerImpl.java:setRole(174)) - 4cb4b249-44c1-44b5-b888-23fcf00e7c3e@group-00BF42D3BEE5: changes role from  FOLLOWER to CANDIDATE at term 0 for changeToCandidate
2019-09-25 07:25:24,652 [4cb4b249-44c1-44b5-b888-23fcf00e7c3e@group-008A3ADDCB5C:LeaderElection89] INFO  server.RaftServerConfigKeys (ConfUtils.java:logGet(43)) - raft.server.watch.timeout.denomination = 1s (default)
2019-09-25 07:25:24,652 [4cb4b249-44c1-44b5-b888-23fcf00e7c3e@group-6E7023F548A8:LeaderElection90] INFO  server.RaftServerConfigKeys (ConfUtils.java:logGet(43)) - raft.server.watch.timeout = 10s (default)
2019-09-25 07:25:24,652 [4cb4b249-44c1-44b5-b888-23fcf00e7c3e@group-CCF9215C035E:LeaderElection88] INFO  server.RaftServerConfigKeys (ConfUtils.java:logGet(43)) - raft.server.watch.timeout.denomination = 1s (default)
2019-09-25 07:25:24,652 [51c9978d-707e-4bc8-8e14-3bc0e19acfd9@group-416CB926C446:LeaderElection86] INFO  impl.RaftServerImpl (ServerState.java:setLeader(253)) - 51c9978d-707e-4bc8-8e14-3bc0e19acfd9@group-416CB926C446: change Leader from null to 51c9978d-707e-4bc8-8e14-3bc0e19acfd9 at term 1 for becomeLeader, leader elected after 5324ms
2019-09-25 07:25:24,655 [4cb4b249-44c1-44b5-b888-23fcf00e7c3e@group-CCF9215C035E:LeaderElection88] INFO  server.RaftServerConfigKeys (ConfUtils.java:logGet(43)) - raft.server.watch.element-limit = 65536 (default)
2019-09-25 07:25:24,655 [4cb4b249-44c1-44b5-b888-23fcf00e7c3e@group-6E7023F548A8:LeaderElection90] INFO  server.RaftServerConfigKeys (ConfUtils.java:logGet(43)) - raft.server.watch.timeout.denomination = 1s (default)
2019-09-25 07:25:24,655 [4cb4b249-44c1-44b5-b888-23fcf00e7c3e@group-008A3ADDCB5C:LeaderElection89] INFO  server.RaftServerConfigKeys (ConfUtils.java:logGet(43)) - raft.server.watch.element-limit = 65536 (default)
2019-09-25 07:25:24,654 [Thread-1524] INFO  impl.RoleInfo (RoleInfo.java:updateAndGet(143)) - 4cb4b249-44c1-44b5-b888-23fcf00e7c3e: start LeaderElection
2019-09-25 07:25:24,653 [51c9978d-707e-4bc8-8e14-3bc0e19acfd9@group-10523F59635C:LeaderElection91] INFO  server.RaftServerConfigKeys (ConfUtils.java:logGet(43)) - raft.server.watch.element-limit = 65536 (default)
2019-09-25 07:25:24,653 [51c9978d-707e-4bc8-8e14-3bc0e19acfd9@group-E4294A08890B:LeaderElection87] INFO  server.RaftServerConfigKeys (ConfUtils.java:logGet(43)) - raft.server.staging.catchup.gap = 1000 (default)
2019-09-25 07:25:24,656 [4cb4b249-44c1-44b5-b888-23fcf00e7c3e@group-6E7023F548A8:LeaderElection90] INFO  server.RaftServerConfigKeys (ConfUtils.java:logGet(43)) - raft.server.watch.element-limit = 65536 (default)
2019-09-25 07:25:24,655 [51c9978d-707e-4bc8-8e14-3bc0e19acfd9@group-416CB926C446:LeaderElection86] INFO  server.RaftServerConfigKeys (ConfUtils.java:logGet(43)) - raft.server.staging.catchup.gap = 1000 (default)
2019-09-25 07:25:24,658 [51c9978d-707e-4bc8-8e14-3bc0e19acfd9@group-E4294A08890B:LeaderElection87] INFO  server.RaftServerConfigKeys (ConfUtils.java:logGet(43)) - raft.server.rpc.sleep.time = 25ms (default)
2019-09-25 07:25:24,658 [51c9978d-707e-4bc8-8e14-3bc0e19acfd9@group-416CB926C446:LeaderElection86] INFO  server.RaftServerConfigKeys (ConfUtils.java:logGet(43)) - raft.server.rpc.sleep.time = 25ms (default)
2019-09-25 07:25:24,658 [51c9978d-707e-4bc8-8e14-3bc0e19acfd9@group-E4294A08890B:LeaderElection87] INFO  server.RaftServerConfigKeys (ConfUtils.java:logGet(43)) - raft.server.write.element-limit = 4096 (default)
2019-09-25 07:25:24,658 [51c9978d-707e-4bc8-8e14-3bc0e19acfd9@group-416CB926C446:LeaderElection86] INFO  server.RaftServerConfigKeys (ConfUtils.java:logGet(43)) - raft.server.write.element-limit = 4096 (default)
2019-09-25 07:25:24,658 [51c9978d-707e-4bc8-8e14-3bc0e19acfd9@group-416CB926C446:LeaderElection86] INFO  server.RaftServerConfigKeys (ConfUtils.java:logGet(43)) - raft.server.watch.timeout = 10s (default)
2019-09-25 07:25:24,658 [51c9978d-707e-4bc8-8e14-3bc0e19acfd9@group-E4294A08890B:LeaderElection87] INFO  server.RaftServerConfigKeys (ConfUtils.java:logGet(43)) - raft.server.watch.timeout = 10s (default)
2019-09-25 07:25:24,658 [51c9978d-707e-4bc8-8e14-3bc0e19acfd9@group-416CB926C446:LeaderElection86] INFO  server.RaftServerConfigKeys (ConfUtils.java:logGet(43)) - raft.server.watch.timeout.denomination = 1s (default)
2019-09-25 07:25:24,659 [51c9978d-707e-4bc8-8e14-3bc0e19acfd9@group-E4294A08890B:LeaderElection87] INFO  server.RaftServerConfigKeys (ConfUtils.java:logGet(43)) - raft.server.watch.timeout.denomination = 1s (default)
2019-09-25 07:25:24,659 [51c9978d-707e-4bc8-8e14-3bc0e19acfd9@group-416CB926C446:LeaderElection86] INFO  server.RaftServerConfigKeys (ConfUtils.java:logGet(43)) - raft.server.watch.element-limit = 65536 (default)
2019-09-25 07:25:24,659 [51c9978d-707e-4bc8-8e14-3bc0e19acfd9@group-E4294A08890B:LeaderElection87] INFO  server.RaftServerConfigKeys (ConfUtils.java:logGet(43)) - raft.server.watch.element-limit = 65536 (default)
2019-09-25 07:25:24,661 [4cb4b249-44c1-44b5-b888-23fcf00e7c3e@group-CCF9215C035E:LeaderElection88] INFO  impl.RoleInfo (RoleInfo.java:updateAndGet(143)) - 4cb4b249-44c1-44b5-b888-23fcf00e7c3e: start LeaderState
2019-09-25 07:25:24,662 [4cb4b249-44c1-44b5-b888-23fcf00e7c3e@group-CCF9215C035E:LeaderElection88] INFO  segmented.SegmentedRaftLogWorker (SegmentedRaftLogWorker.java:startLogSegment(380)) - 4cb4b249-44c1-44b5-b888-23fcf00e7c3e@group-CCF9215C035E-SegmentedRaftLogWorker: Starting segment from index:0
2019-09-25 07:25:24,662 [4cb4b249-44c1-44b5-b888-23fcf00e7c3e@group-CCF9215C035E:LeaderElection88] INFO  impl.RaftServerImpl (ServerState.java:setRaftConf(354)) - 4cb4b249-44c1-44b5-b888-23fcf00e7c3e@group-CCF9215C035E: set configuration 0: [4cb4b249-44c1-44b5-b888-23fcf00e7c3e:192.168.151.106:35673], old=null at 0
2019-09-25 07:25:24,663 [4cb4b249-44c1-44b5-b888-23fcf00e7c3e@group-008A3ADDCB5C:LeaderElection89] INFO  impl.RoleInfo (RoleInfo.java:updateAndGet(143)) - 4cb4b249-44c1-44b5-b888-23fcf00e7c3e: start LeaderState
2019-09-25 07:25:24,663 [4cb4b249-44c1-44b5-b888-23fcf00e7c3e@group-008A3ADDCB5C:LeaderElection89] INFO  segmented.SegmentedRaftLogWorker (SegmentedRaftLogWorker.java:startLogSegment(380)) - 4cb4b249-44c1-44b5-b888-23fcf00e7c3e@group-008A3ADDCB5C-SegmentedRaftLogWorker: Starting segment from index:0
2019-09-25 07:25:24,663 [4cb4b249-44c1-44b5-b888-23fcf00e7c3e@group-008A3ADDCB5C:LeaderElection89] INFO  impl.RaftServerImpl (ServerState.java:setRaftConf(354)) - 4cb4b249-44c1-44b5-b888-23fcf00e7c3e@group-008A3ADDCB5C: set configuration 0: [4cb4b249-44c1-44b5-b888-23fcf00e7c3e:192.168.151.106:35673], old=null at 0
2019-09-25 07:25:24,663 [51c9978d-707e-4bc8-8e14-3bc0e19acfd9@group-10523F59635C:LeaderElection91] INFO  impl.RoleInfo (RoleInfo.java:updateAndGet(143)) - 51c9978d-707e-4bc8-8e14-3bc0e19acfd9: start LeaderState
2019-09-25 07:25:24,664 [51c9978d-707e-4bc8-8e14-3bc0e19acfd9@group-10523F59635C:LeaderElection91] INFO  segmented.SegmentedRaftLogWorker (SegmentedRaftLogWorker.java:startLogSegment(380)) - 51c9978d-707e-4bc8-8e14-3bc0e19acfd9@group-10523F59635C-SegmentedRaftLogWorker: Starting segment from index:0
2019-09-25 07:25:24,664 [51c9978d-707e-4bc8-8e14-3bc0e19acfd9@group-10523F59635C:LeaderElection91] INFO  impl.RaftServerImpl (ServerState.java:setRaftConf(354)) - 51c9978d-707e-4bc8-8e14-3bc0e19acfd9@group-10523F59635C: set configuration 0: [51c9978d-707e-4bc8-8e14-3bc0e19acfd9:192.168.151.106:40511], old=null at 0
2019-09-25 07:25:24,664 [4cb4b249-44c1-44b5-b888-23fcf00e7c3e@group-6E7023F548A8:LeaderElection90] INFO  impl.RoleInfo (RoleInfo.java:updateAndGet(143)) - 4cb4b249-44c1-44b5-b888-23fcf00e7c3e: start LeaderState
2019-09-25 07:25:24,664 [4cb4b249-44c1-44b5-b888-23fcf00e7c3e@group-6E7023F548A8:LeaderElection90] INFO  segmented.SegmentedRaftLogWorker (SegmentedRaftLogWorker.java:startLogSegment(380)) - 4cb4b249-44c1-44b5-b888-23fcf00e7c3e@group-6E7023F548A8-SegmentedRaftLogWorker: Starting segment from index:0
2019-09-25 07:25:24,664 [51c9978d-707e-4bc8-8e14-3bc0e19acfd9@group-416CB926C446:LeaderElection86] INFO  impl.RoleInfo (RoleInfo.java:updateAndGet(143)) - 51c9978d-707e-4bc8-8e14-3bc0e19acfd9: start LeaderState
2019-09-25 07:25:24,664 [4cb4b249-44c1-44b5-b888-23fcf00e7c3e@group-6E7023F548A8:LeaderElection90] INFO  impl.RaftServerImpl (ServerState.java:setRaftConf(354)) - 4cb4b249-44c1-44b5-b888-23fcf00e7c3e@group-6E7023F548A8: set configuration 0: [4cb4b249-44c1-44b5-b888-23fcf00e7c3e:192.168.151.106:35673], old=null at 0
2019-09-25 07:25:24,665 [51c9978d-707e-4bc8-8e14-3bc0e19acfd9@group-416CB926C446:LeaderElection86] INFO  segmented.SegmentedRaftLogWorker (SegmentedRaftLogWorker.java:startLogSegment(380)) - 51c9978d-707e-4bc8-8e14-3bc0e19acfd9@group-416CB926C446-SegmentedRaftLogWorker: Starting segment from index:0
2019-09-25 07:25:24,664 [51c9978d-707e-4bc8-8e14-3bc0e19acfd9@group-E4294A08890B:LeaderElection87] INFO  impl.RoleInfo (RoleInfo.java:updateAndGet(143)) - 51c9978d-707e-4bc8-8e14-3bc0e19acfd9: start LeaderState
2019-09-25 07:25:24,665 [51c9978d-707e-4bc8-8e14-3bc0e19acfd9@group-E4294A08890B:LeaderElection87] INFO  segmented.SegmentedRaftLogWorker (SegmentedRaftLogWorker.java:startLogSegment(380)) - 51c9978d-707e-4bc8-8e14-3bc0e19acfd9@group-E4294A08890B-SegmentedRaftLogWorker: Starting segment from index:0
2019-09-25 07:25:24,665 [51c9978d-707e-4bc8-8e14-3bc0e19acfd9@group-416CB926C446:LeaderElection86] INFO  impl.RaftServerImpl (ServerState.java:setRaftConf(354)) - 51c9978d-707e-4bc8-8e14-3bc0e19acfd9@group-416CB926C446: set configuration 0: [51c9978d-707e-4bc8-8e14-3bc0e19acfd9:192.168.151.106:40511], old=null at 0
2019-09-25 07:25:24,665 [51c9978d-707e-4bc8-8e14-3bc0e19acfd9@group-E4294A08890B:LeaderElection87] INFO  impl.RaftServerImpl (ServerState.java:setRaftConf(354)) - 51c9978d-707e-4bc8-8e14-3bc0e19acfd9@group-E4294A08890B: set configuration 0: [51c9978d-707e-4bc8-8e14-3bc0e19acfd9:192.168.151.106:40511], old=null at 0
2019-09-25 07:25:24,679 [4cb4b249-44c1-44b5-b888-23fcf00e7c3e@group-00BF42D3BEE5:LeaderElection93] INFO  impl.LeaderElection (LeaderElection.java:askForVotes(182)) - 4cb4b249-44c1-44b5-b888-23fcf00e7c3e@group-00BF42D3BEE5:LeaderElection93: begin an election at term 1 for -1: [4cb4b249-44c1-44b5-b888-23fcf00e7c3e:192.168.151.106:35673], old=null
2019-09-25 07:25:24,679 [51c9978d-707e-4bc8-8e14-3bc0e19acfd9@group-C555687442E4:LeaderElection92] INFO  impl.LeaderElection (LeaderElection.java:askForVotes(182)) - 51c9978d-707e-4bc8-8e14-3bc0e19acfd9@group-C555687442E4:LeaderElection92: begin an election at term 1 for -1: [51c9978d-707e-4bc8-8e14-3bc0e19acfd9:192.168.151.106:40511], old=null
2019-09-25 07:25:24,679 [4cb4b249-44c1-44b5-b888-23fcf00e7c3e@group-00BF42D3BEE5:LeaderElection93] INFO  impl.RoleInfo (RoleInfo.java:shutdownLeaderElection(134)) - 4cb4b249-44c1-44b5-b888-23fcf00e7c3e: shutdown LeaderElection
2019-09-25 07:25:24,679 [51c9978d-707e-4bc8-8e14-3bc0e19acfd9@group-C555687442E4:LeaderElection92] INFO  impl.RoleInfo (RoleInfo.java:shutdownLeaderElection(134)) - 51c9978d-707e-4bc8-8e14-3bc0e19acfd9: shutdown LeaderElection
2019-09-25 07:25:24,679 [4cb4b249-44c1-44b5-b888-23fcf00e7c3e@group-00BF42D3BEE5:LeaderElection93] INFO  impl.RaftServerImpl (RaftServerImpl.java:setRole(174)) - 4cb4b249-44c1-44b5-b888-23fcf00e7c3e@group-00BF42D3BEE5: changes role from CANDIDATE to LEADER at term 1 for changeToLeader
2019-09-25 07:25:24,679 [51c9978d-707e-4bc8-8e14-3bc0e19acfd9@group-C555687442E4:LeaderElection92] INFO  impl.RaftServerImpl (RaftServerImpl.java:setRole(174)) - 51c9978d-707e-4bc8-8e14-3bc0e19acfd9@group-C555687442E4: changes role from CANDIDATE to LEADER at term 1 for changeToLeader
2019-09-25 07:25:24,679 [4cb4b249-44c1-44b5-b888-23fcf00e7c3e@group-00BF42D3BEE5:LeaderElection93] INFO  impl.RaftServerImpl (ServerState.java:setLeader(253)) - 4cb4b249-44c1-44b5-b888-23fcf00e7c3e@group-00BF42D3BEE5: change Leader from null to 4cb4b249-44c1-44b5-b888-23fcf00e7c3e at term 1 for becomeLeader, leader elected after 5128ms
2019-09-25 07:25:24,680 [51c9978d-707e-4bc8-8e14-3bc0e19acfd9@group-C555687442E4:LeaderElection92] INFO  impl.RaftServerImpl (ServerState.java:setLeader(253)) - 51c9978d-707e-4bc8-8e14-3bc0e19acfd9@group-C555687442E4: change Leader from null to 51c9978d-707e-4bc8-8e14-3bc0e19acfd9 at term 1 for becomeLeader, leader elected after 5204ms
2019-09-25 07:25:24,680 [4cb4b249-44c1-44b5-b888-23fcf00e7c3e@group-00BF42D3BEE5:LeaderElection93] INFO  server.RaftServerConfigKeys (ConfUtils.java:logGet(43)) - raft.server.staging.catchup.gap = 1000 (default)
2019-09-25 07:25:24,680 [51c9978d-707e-4bc8-8e14-3bc0e19acfd9@group-C555687442E4:LeaderElection92] INFO  server.RaftServerConfigKeys (ConfUtils.java:logGet(43)) - raft.server.staging.catchup.gap = 1000 (default)
2019-09-25 07:25:24,680 [4cb4b249-44c1-44b5-b888-23fcf00e7c3e@group-00BF42D3BEE5:LeaderElection93] INFO  server.RaftServerConfigKeys (ConfUtils.java:logGet(43)) - raft.server.rpc.sleep.time = 25ms (default)
2019-09-25 07:25:24,680 [51c9978d-707e-4bc8-8e14-3bc0e19acfd9@group-C555687442E4:LeaderElection92] INFO  server.RaftServerConfigKeys (ConfUtils.java:logGet(43)) - raft.server.rpc.sleep.time = 25ms (default)
2019-09-25 07:25:24,680 [4cb4b249-44c1-44b5-b888-23fcf00e7c3e@group-00BF42D3BEE5:LeaderElection93] INFO  server.RaftServerConfigKeys (ConfUtils.java:logGet(43)) - raft.server.write.element-limit = 4096 (default)
2019-09-25 07:25:24,680 [51c9978d-707e-4bc8-8e14-3bc0e19acfd9@group-C555687442E4:LeaderElection92] INFO  server.RaftServerConfigKeys (ConfUtils.java:logGet(43)) - raft.server.write.element-limit = 4096 (default)
2019-09-25 07:25:24,680 [4cb4b249-44c1-44b5-b888-23fcf00e7c3e@group-00BF42D3BEE5:LeaderElection93] INFO  server.RaftServerConfigKeys (ConfUtils.java:logGet(43)) - raft.server.watch.timeout = 10s (default)
2019-09-25 07:25:24,680 [51c9978d-707e-4bc8-8e14-3bc0e19acfd9@group-C555687442E4:LeaderElection92] INFO  server.RaftServerConfigKeys (ConfUtils.java:logGet(43)) - raft.server.watch.timeout = 10s (default)
2019-09-25 07:25:24,681 [4cb4b249-44c1-44b5-b888-23fcf00e7c3e@group-00BF42D3BEE5:LeaderElection93] INFO  server.RaftServerConfigKeys (ConfUtils.java:logGet(43)) - raft.server.watch.timeout.denomination = 1s (default)
2019-09-25 07:25:24,681 [51c9978d-707e-4bc8-8e14-3bc0e19acfd9@group-C555687442E4:LeaderElection92] INFO  server.RaftServerConfigKeys (ConfUtils.java:logGet(43)) - raft.server.watch.timeout.denomination = 1s (default)
2019-09-25 07:25:24,681 [4cb4b249-44c1-44b5-b888-23fcf00e7c3e@group-00BF42D3BEE5:LeaderElection93] INFO  server.RaftServerConfigKeys (ConfUtils.java:logGet(43)) - raft.server.watch.element-limit = 65536 (default)
2019-09-25 07:25:24,681 [51c9978d-707e-4bc8-8e14-3bc0e19acfd9@group-C555687442E4:LeaderElection92] INFO  server.RaftServerConfigKeys (ConfUtils.java:logGet(43)) - raft.server.watch.element-limit = 65536 (default)
2019-09-25 07:25:24,682 [4cb4b249-44c1-44b5-b888-23fcf00e7c3e@group-00BF42D3BEE5:LeaderElection93] INFO  impl.RoleInfo (RoleInfo.java:updateAndGet(143)) - 4cb4b249-44c1-44b5-b888-23fcf00e7c3e: start LeaderState
2019-09-25 07:25:24,683 [4cb4b249-44c1-44b5-b888-23fcf00e7c3e@group-00BF42D3BEE5:LeaderElection93] INFO  segmented.SegmentedRaftLogWorker (SegmentedRaftLogWorker.java:startLogSegment(380)) - 4cb4b249-44c1-44b5-b888-23fcf00e7c3e@group-00BF42D3BEE5-SegmentedRaftLogWorker: Starting segment from index:0
2019-09-25 07:25:24,696 [4cb4b249-44c1-44b5-b888-23fcf00e7c3e@group-00BF42D3BEE5:LeaderElection93] INFO  impl.RaftServerImpl (ServerState.java:setRaftConf(354)) - 4cb4b249-44c1-44b5-b888-23fcf00e7c3e@group-00BF42D3BEE5: set configuration 0: [4cb4b249-44c1-44b5-b888-23fcf00e7c3e:192.168.151.106:35673], old=null at 0
2019-09-25 07:25:24,696 [51c9978d-707e-4bc8-8e14-3bc0e19acfd9@group-C555687442E4:LeaderElection92] INFO  impl.RoleInfo (RoleInfo.java:updateAndGet(143)) - 51c9978d-707e-4bc8-8e14-3bc0e19acfd9: start LeaderState
2019-09-25 07:25:24,697 [51c9978d-707e-4bc8-8e14-3bc0e19acfd9@group-C555687442E4:LeaderElection92] INFO  segmented.SegmentedRaftLogWorker (SegmentedRaftLogWorker.java:startLogSegment(380)) - 51c9978d-707e-4bc8-8e14-3bc0e19acfd9@group-C555687442E4-SegmentedRaftLogWorker: Starting segment from index:0
2019-09-25 07:25:24,697 [51c9978d-707e-4bc8-8e14-3bc0e19acfd9@group-C555687442E4:LeaderElection92] INFO  impl.RaftServerImpl (ServerState.java:setRaftConf(354)) - 51c9978d-707e-4bc8-8e14-3bc0e19acfd9@group-C555687442E4: set configuration 0: [51c9978d-707e-4bc8-8e14-3bc0e19acfd9:192.168.151.106:40511], old=null at 0
2019-09-25 07:25:24,724 [51c9978d-707e-4bc8-8e14-3bc0e19acfd9@group-10523F59635C-SegmentedRaftLogWorker] INFO  segmented.SegmentedRaftLogWorker (SegmentedRaftLogWorker.java:execute(569)) - 51c9978d-707e-4bc8-8e14-3bc0e19acfd9@group-10523F59635C-SegmentedRaftLogWorker: created new log segment /workdir/hadoop-ozone/ozonefs/target/test-dir/MiniOzoneClusterImpl-10aaa320-0427-4efe-b245-6da614d0b375/datanode-0/data/ratis/c1236aed-f443-4b25-977d-10523f59635c/current/log_inprogress_0
2019-09-25 07:25:24,724 [4cb4b249-44c1-44b5-b888-23fcf00e7c3e@group-6E7023F548A8-SegmentedRaftLogWorker] INFO  segmented.SegmentedRaftLogWorker (SegmentedRaftLogWorker.java:execute(569)) - 4cb4b249-44c1-44b5-b888-23fcf00e7c3e@group-6E7023F548A8-SegmentedRaftLogWorker: created new log segment /workdir/hadoop-ozone/ozonefs/target/test-dir/MiniOzoneClusterImpl-10aaa320-0427-4efe-b245-6da614d0b375/datanode-1/data/ratis/904ca9bf-7bae-4b2f-8564-6e7023f548a8/current/log_inprogress_0
2019-09-25 07:25:24,724 [51c9978d-707e-4bc8-8e14-3bc0e19acfd9@group-E4294A08890B-SegmentedRaftLogWorker] INFO  segmented.SegmentedRaftLogWorker (SegmentedRaftLogWorker.java:execute(569)) - 51c9978d-707e-4bc8-8e14-3bc0e19acfd9@group-E4294A08890B-SegmentedRaftLogWorker: created new log segment /workdir/hadoop-ozone/ozonefs/target/test-dir/MiniOzoneClusterImpl-10aaa320-0427-4efe-b245-6da614d0b375/datanode-0/data/ratis/6e9723da-e82e-4cb3-95e1-e4294a08890b/current/log_inprogress_0
2019-09-25 07:25:24,724 [51c9978d-707e-4bc8-8e14-3bc0e19acfd9@group-416CB926C446-SegmentedRaftLogWorker] INFO  segmented.SegmentedRaftLogWorker (SegmentedRaftLogWorker.java:execute(569)) - 51c9978d-707e-4bc8-8e14-3bc0e19acfd9@group-416CB926C446-SegmentedRaftLogWorker: created new log segment /workdir/hadoop-ozone/ozonefs/target/test-dir/MiniOzoneClusterImpl-10aaa320-0427-4efe-b245-6da614d0b375/datanode-0/data/ratis/260aedfe-ed4c-4fe6-84fb-416cb926c446/current/log_inprogress_0
2019-09-25 07:25:24,724 [4cb4b249-44c1-44b5-b888-23fcf00e7c3e@group-008A3ADDCB5C-SegmentedRaftLogWorker] INFO  segmented.SegmentedRaftLogWorker (SegmentedRaftLogWorker.java:execute(569)) - 4cb4b249-44c1-44b5-b888-23fcf00e7c3e@group-008A3ADDCB5C-SegmentedRaftLogWorker: created new log segment /workdir/hadoop-ozone/ozonefs/target/test-dir/MiniOzoneClusterImpl-10aaa320-0427-4efe-b245-6da614d0b375/datanode-1/data/ratis/05b5fec6-2a22-4f04-9d71-008a3addcb5c/current/log_inprogress_0
2019-09-25 07:25:24,724 [4cb4b249-44c1-44b5-b888-23fcf00e7c3e@group-CCF9215C035E-SegmentedRaftLogWorker] INFO  segmented.SegmentedRaftLogWorker (SegmentedRaftLogWorker.java:execute(569)) - 4cb4b249-44c1-44b5-b888-23fcf00e7c3e@group-CCF9215C035E-SegmentedRaftLogWorker: created new log segment /workdir/hadoop-ozone/ozonefs/target/test-dir/MiniOzoneClusterImpl-10aaa320-0427-4efe-b245-6da614d0b375/datanode-1/data/ratis/5b7714cf-b899-4020-af21-ccf9215c035e/current/log_inprogress_0
2019-09-25 07:25:24,737 [51c9978d-707e-4bc8-8e14-3bc0e19acfd9@group-C555687442E4-SegmentedRaftLogWorker] INFO  segmented.SegmentedRaftLogWorker (SegmentedRaftLogWorker.java:execute(569)) - 51c9978d-707e-4bc8-8e14-3bc0e19acfd9@group-C555687442E4-SegmentedRaftLogWorker: created new log segment /workdir/hadoop-ozone/ozonefs/target/test-dir/MiniOzoneClusterImpl-10aaa320-0427-4efe-b245-6da614d0b375/datanode-0/data/ratis/708d8af7-740e-44fa-84cc-c555687442e4/current/log_inprogress_0
2019-09-25 07:25:24,737 [4cb4b249-44c1-44b5-b888-23fcf00e7c3e@group-00BF42D3BEE5-SegmentedRaftLogWorker] INFO  segmented.SegmentedRaftLogWorker (SegmentedRaftLogWorker.java:execute(569)) - 4cb4b249-44c1-44b5-b888-23fcf00e7c3e@group-00BF42D3BEE5-SegmentedRaftLogWorker: created new log segment /workdir/hadoop-ozone/ozonefs/target/test-dir/MiniOzoneClusterImpl-10aaa320-0427-4efe-b245-6da614d0b375/datanode-1/data/ratis/a1bb654d-737a-41f3-a58f-00bf42d3bee5/current/log_inprogress_0
2019-09-25 07:25:24,780 [Thread-1530] INFO  impl.FollowerState (FollowerState.java:run(106)) - 02ae206c-fcef-49cc-90ae-73b84a5bab29:group-FED0556A1E9A changes to CANDIDATE, lastRpcTime:5109, electionTimeout:5109ms
2019-09-25 07:25:24,780 [Thread-1530] INFO  impl.RoleInfo (RoleInfo.java:shutdownFollowerState(121)) - 02ae206c-fcef-49cc-90ae-73b84a5bab29: shutdown FollowerState
2019-09-25 07:25:24,781 [Thread-1530] INFO  impl.RaftServerImpl (RaftServerImpl.java:setRole(174)) - 02ae206c-fcef-49cc-90ae-73b84a5bab29@group-FED0556A1E9A: changes role from  FOLLOWER to CANDIDATE at term 0 for changeToCandidate
2019-09-25 07:25:24,781 [Thread-1530] INFO  impl.RoleInfo (RoleInfo.java:updateAndGet(143)) - 02ae206c-fcef-49cc-90ae-73b84a5bab29: start LeaderElection
2019-09-25 07:25:24,824 [02ae206c-fcef-49cc-90ae-73b84a5bab29@group-FED0556A1E9A:LeaderElection94] INFO  impl.LeaderElection (LeaderElection.java:askForVotes(182)) - 02ae206c-fcef-49cc-90ae-73b84a5bab29@group-FED0556A1E9A:LeaderElection94: begin an election at term 1 for -1: [02ae206c-fcef-49cc-90ae-73b84a5bab29:192.168.151.106:38923], old=null
2019-09-25 07:25:24,824 [02ae206c-fcef-49cc-90ae-73b84a5bab29@group-FED0556A1E9A:LeaderElection94] INFO  impl.RoleInfo (RoleInfo.java:shutdownLeaderElection(134)) - 02ae206c-fcef-49cc-90ae-73b84a5bab29: shutdown LeaderElection
2019-09-25 07:25:24,824 [02ae206c-fcef-49cc-90ae-73b84a5bab29@group-FED0556A1E9A:LeaderElection94] INFO  impl.RaftServerImpl (RaftServerImpl.java:setRole(174)) - 02ae206c-fcef-49cc-90ae-73b84a5bab29@group-FED0556A1E9A: changes role from CANDIDATE to LEADER at term 1 for changeToLeader
2019-09-25 07:25:24,824 [02ae206c-fcef-49cc-90ae-73b84a5bab29@group-FED0556A1E9A:LeaderElection94] INFO  impl.RaftServerImpl (ServerState.java:setLeader(253)) - 02ae206c-fcef-49cc-90ae-73b84a5bab29@group-FED0556A1E9A: change Leader from null to 02ae206c-fcef-49cc-90ae-73b84a5bab29 at term 1 for becomeLeader, leader elected after 5163ms
2019-09-25 07:25:24,824 [02ae206c-fcef-49cc-90ae-73b84a5bab29@group-FED0556A1E9A:LeaderElection94] INFO  server.RaftServerConfigKeys (ConfUtils.java:logGet(43)) - raft.server.staging.catchup.gap = 1000 (default)
2019-09-25 07:25:24,824 [02ae206c-fcef-49cc-90ae-73b84a5bab29@group-FED0556A1E9A:LeaderElection94] INFO  server.RaftServerConfigKeys (ConfUtils.java:logGet(43)) - raft.server.rpc.sleep.time = 25ms (default)
2019-09-25 07:25:24,825 [02ae206c-fcef-49cc-90ae-73b84a5bab29@group-FED0556A1E9A:LeaderElection94] INFO  server.RaftServerConfigKeys (ConfUtils.java:logGet(43)) - raft.server.write.element-limit = 4096 (default)
2019-09-25 07:25:24,825 [02ae206c-fcef-49cc-90ae-73b84a5bab29@group-FED0556A1E9A:LeaderElection94] INFO  server.RaftServerConfigKeys (ConfUtils.java:logGet(43)) - raft.server.watch.timeout = 10s (default)
2019-09-25 07:25:24,825 [02ae206c-fcef-49cc-90ae-73b84a5bab29@group-FED0556A1E9A:LeaderElection94] INFO  server.RaftServerConfigKeys (ConfUtils.java:logGet(43)) - raft.server.watch.timeout.denomination = 1s (default)
2019-09-25 07:25:24,825 [02ae206c-fcef-49cc-90ae-73b84a5bab29@group-FED0556A1E9A:LeaderElection94] INFO  server.RaftServerConfigKeys (ConfUtils.java:logGet(43)) - raft.server.watch.element-limit = 65536 (default)
2019-09-25 07:25:24,827 [02ae206c-fcef-49cc-90ae-73b84a5bab29@group-FED0556A1E9A:LeaderElection94] INFO  impl.RoleInfo (RoleInfo.java:updateAndGet(143)) - 02ae206c-fcef-49cc-90ae-73b84a5bab29: start LeaderState
2019-09-25 07:25:24,827 [02ae206c-fcef-49cc-90ae-73b84a5bab29@group-FED0556A1E9A:LeaderElection94] INFO  segmented.SegmentedRaftLogWorker (SegmentedRaftLogWorker.java:startLogSegment(380)) - 02ae206c-fcef-49cc-90ae-73b84a5bab29@group-FED0556A1E9A-SegmentedRaftLogWorker: Starting segment from index:0
2019-09-25 07:25:24,828 [02ae206c-fcef-49cc-90ae-73b84a5bab29@group-FED0556A1E9A:LeaderElection94] INFO  impl.RaftServerImpl (ServerState.java:setRaftConf(354)) - 02ae206c-fcef-49cc-90ae-73b84a5bab29@group-FED0556A1E9A: set configuration 0: [02ae206c-fcef-49cc-90ae-73b84a5bab29:192.168.151.106:38923], old=null at 0
2019-09-25 07:25:24,875 [02ae206c-fcef-49cc-90ae-73b84a5bab29@group-FED0556A1E9A-SegmentedRaftLogWorker] INFO  segmented.SegmentedRaftLogWorker (SegmentedRaftLogWorker.java:execute(569)) - 02ae206c-fcef-49cc-90ae-73b84a5bab29@group-FED0556A1E9A-SegmentedRaftLogWorker: created new log segment /workdir/hadoop-ozone/ozonefs/target/test-dir/MiniOzoneClusterImpl-10aaa320-0427-4efe-b245-6da614d0b375/datanode-2/data/ratis/face3508-8ea7-4aa2-b26b-fed0556a1e9a/current/log_inprogress_0
2019-09-25 07:25:24,888 [Thread-1533] INFO  impl.FollowerState (FollowerState.java:run(106)) - 02ae206c-fcef-49cc-90ae-73b84a5bab29:group-9D4322D63CA7 changes to CANDIDATE, lastRpcTime:5152, electionTimeout:5152ms
2019-09-25 07:25:24,888 [Thread-1533] INFO  impl.RoleInfo (RoleInfo.java:shutdownFollowerState(121)) - 02ae206c-fcef-49cc-90ae-73b84a5bab29: shutdown FollowerState
2019-09-25 07:25:24,888 [Thread-1533] INFO  impl.RaftServerImpl (RaftServerImpl.java:setRole(174)) - 02ae206c-fcef-49cc-90ae-73b84a5bab29@group-9D4322D63CA7: changes role from  FOLLOWER to CANDIDATE at term 0 for changeToCandidate
2019-09-25 07:25:24,888 [Thread-1536] INFO  impl.FollowerState (FollowerState.java:run(106)) - 02ae206c-fcef-49cc-90ae-73b84a5bab29:group-1CB393AD2F8E changes to CANDIDATE, lastRpcTime:5110, electionTimeout:5110ms
2019-09-25 07:25:24,888 [Thread-1533] INFO  impl.RoleInfo (RoleInfo.java:updateAndGet(143)) - 02ae206c-fcef-49cc-90ae-73b84a5bab29: start LeaderElection
2019-09-25 07:25:24,888 [Thread-1536] INFO  impl.RoleInfo (RoleInfo.java:shutdownFollowerState(121)) - 02ae206c-fcef-49cc-90ae-73b84a5bab29: shutdown FollowerState
2019-09-25 07:25:24,888 [Thread-1536] INFO  impl.RaftServerImpl (RaftServerImpl.java:setRole(174)) - 02ae206c-fcef-49cc-90ae-73b84a5bab29@group-1CB393AD2F8E: changes role from  FOLLOWER to CANDIDATE at term 0 for changeToCandidate
2019-09-25 07:25:24,891 [Thread-1536] INFO  impl.RoleInfo (RoleInfo.java:updateAndGet(143)) - 02ae206c-fcef-49cc-90ae-73b84a5bab29: start LeaderElection
2019-09-25 07:25:24,907 [02ae206c-fcef-49cc-90ae-73b84a5bab29@group-1CB393AD2F8E:LeaderElection96] INFO  impl.LeaderElection (LeaderElection.java:askForVotes(182)) - 02ae206c-fcef-49cc-90ae-73b84a5bab29@group-1CB393AD2F8E:LeaderElection96: begin an election at term 1 for -1: [02ae206c-fcef-49cc-90ae-73b84a5bab29:192.168.151.106:38923], old=null
2019-09-25 07:25:24,907 [02ae206c-fcef-49cc-90ae-73b84a5bab29@group-9D4322D63CA7:LeaderElection95] INFO  impl.LeaderElection (LeaderElection.java:askForVotes(182)) - 02ae206c-fcef-49cc-90ae-73b84a5bab29@group-9D4322D63CA7:LeaderElection95: begin an election at term 1 for -1: [02ae206c-fcef-49cc-90ae-73b84a5bab29:192.168.151.106:38923], old=null
2019-09-25 07:25:24,907 [02ae206c-fcef-49cc-90ae-73b84a5bab29@group-1CB393AD2F8E:LeaderElection96] INFO  impl.RoleInfo (RoleInfo.java:shutdownLeaderElection(134)) - 02ae206c-fcef-49cc-90ae-73b84a5bab29: shutdown LeaderElection
2019-09-25 07:25:24,907 [02ae206c-fcef-49cc-90ae-73b84a5bab29@group-9D4322D63CA7:LeaderElection95] INFO  impl.RoleInfo (RoleInfo.java:shutdownLeaderElection(134)) - 02ae206c-fcef-49cc-90ae-73b84a5bab29: shutdown LeaderElection
2019-09-25 07:25:24,907 [02ae206c-fcef-49cc-90ae-73b84a5bab29@group-1CB393AD2F8E:LeaderElection96] INFO  impl.RaftServerImpl (RaftServerImpl.java:setRole(174)) - 02ae206c-fcef-49cc-90ae-73b84a5bab29@group-1CB393AD2F8E: changes role from CANDIDATE to LEADER at term 1 for changeToLeader
2019-09-25 07:25:24,907 [02ae206c-fcef-49cc-90ae-73b84a5bab29@group-9D4322D63CA7:LeaderElection95] INFO  impl.RaftServerImpl (RaftServerImpl.java:setRole(174)) - 02ae206c-fcef-49cc-90ae-73b84a5bab29@group-9D4322D63CA7: changes role from CANDIDATE to LEADER at term 1 for changeToLeader
2019-09-25 07:25:24,907 [02ae206c-fcef-49cc-90ae-73b84a5bab29@group-1CB393AD2F8E:LeaderElection96] INFO  impl.RaftServerImpl (ServerState.java:setLeader(253)) - 02ae206c-fcef-49cc-90ae-73b84a5bab29@group-1CB393AD2F8E: change Leader from null to 02ae206c-fcef-49cc-90ae-73b84a5bab29 at term 1 for becomeLeader, leader elected after 5135ms
2019-09-25 07:25:24,908 [02ae206c-fcef-49cc-90ae-73b84a5bab29@group-9D4322D63CA7:LeaderElection95] INFO  impl.RaftServerImpl (ServerState.java:setLeader(253)) - 02ae206c-fcef-49cc-90ae-73b84a5bab29@group-9D4322D63CA7: change Leader from null to 02ae206c-fcef-49cc-90ae-73b84a5bab29 at term 1 for becomeLeader, leader elected after 5177ms
2019-09-25 07:25:24,908 [02ae206c-fcef-49cc-90ae-73b84a5bab29@group-1CB393AD2F8E:LeaderElection96] INFO  server.RaftServerConfigKeys (ConfUtils.java:logGet(43)) - raft.server.staging.catchup.gap = 1000 (default)
2019-09-25 07:25:24,908 [02ae206c-fcef-49cc-90ae-73b84a5bab29@group-9D4322D63CA7:LeaderElection95] INFO  server.RaftServerConfigKeys (ConfUtils.java:logGet(43)) - raft.server.staging.catchup.gap = 1000 (default)
2019-09-25 07:25:24,908 [02ae206c-fcef-49cc-90ae-73b84a5bab29@group-1CB393AD2F8E:LeaderElection96] INFO  server.RaftServerConfigKeys (ConfUtils.java:logGet(43)) - raft.server.rpc.sleep.time = 25ms (default)
2019-09-25 07:25:24,908 [02ae206c-fcef-49cc-90ae-73b84a5bab29@group-9D4322D63CA7:LeaderElection95] INFO  server.RaftServerConfigKeys (ConfUtils.java:logGet(43)) - raft.server.rpc.sleep.time = 25ms (default)
2019-09-25 07:25:24,908 [02ae206c-fcef-49cc-90ae-73b84a5bab29@group-1CB393AD2F8E:LeaderElection96] INFO  server.RaftServerConfigKeys (ConfUtils.java:logGet(43)) - raft.server.write.element-limit = 4096 (default)
2019-09-25 07:25:24,908 [02ae206c-fcef-49cc-90ae-73b84a5bab29@group-9D4322D63CA7:LeaderElection95] INFO  server.RaftServerConfigKeys (ConfUtils.java:logGet(43)) - raft.server.write.element-limit = 4096 (default)
2019-09-25 07:25:24,908 [02ae206c-fcef-49cc-90ae-73b84a5bab29@group-1CB393AD2F8E:LeaderElection96] INFO  server.RaftServerConfigKeys (ConfUtils.java:logGet(43)) - raft.server.watch.timeout = 10s (default)
2019-09-25 07:25:24,909 [02ae206c-fcef-49cc-90ae-73b84a5bab29@group-9D4322D63CA7:LeaderElection95] INFO  server.RaftServerConfigKeys (ConfUtils.java:logGet(43)) - raft.server.watch.timeout = 10s (default)
2019-09-25 07:25:24,909 [02ae206c-fcef-49cc-90ae-73b84a5bab29@group-1CB393AD2F8E:LeaderElection96] INFO  server.RaftServerConfigKeys (ConfUtils.java:logGet(43)) - raft.server.watch.timeout.denomination = 1s (default)
2019-09-25 07:25:24,909 [02ae206c-fcef-49cc-90ae-73b84a5bab29@group-9D4322D63CA7:LeaderElection95] INFO  server.RaftServerConfigKeys (ConfUtils.java:logGet(43)) - raft.server.watch.timeout.denomination = 1s (default)
2019-09-25 07:25:24,909 [02ae206c-fcef-49cc-90ae-73b84a5bab29@group-1CB393AD2F8E:LeaderElection96] INFO  server.RaftServerConfigKeys (ConfUtils.java:logGet(43)) - raft.server.watch.element-limit = 65536 (default)
2019-09-25 07:25:24,909 [02ae206c-fcef-49cc-90ae-73b84a5bab29@group-9D4322D63CA7:LeaderElection95] INFO  server.RaftServerConfigKeys (ConfUtils.java:logGet(43)) - raft.server.watch.element-limit = 65536 (default)
2019-09-25 07:25:24,911 [02ae206c-fcef-49cc-90ae-73b84a5bab29@group-1CB393AD2F8E:LeaderElection96] INFO  impl.RoleInfo (RoleInfo.java:updateAndGet(143)) - 02ae206c-fcef-49cc-90ae-73b84a5bab29: start LeaderState
2019-09-25 07:25:24,911 [02ae206c-fcef-49cc-90ae-73b84a5bab29@group-9D4322D63CA7:LeaderElection95] INFO  impl.RoleInfo (RoleInfo.java:updateAndGet(143)) - 02ae206c-fcef-49cc-90ae-73b84a5bab29: start LeaderState
2019-09-25 07:25:24,912 [02ae206c-fcef-49cc-90ae-73b84a5bab29@group-1CB393AD2F8E:LeaderElection96] INFO  segmented.SegmentedRaftLogWorker (SegmentedRaftLogWorker.java:startLogSegment(380)) - 02ae206c-fcef-49cc-90ae-73b84a5bab29@group-1CB393AD2F8E-SegmentedRaftLogWorker: Starting segment from index:0
2019-09-25 07:25:24,912 [02ae206c-fcef-49cc-90ae-73b84a5bab29@group-9D4322D63CA7:LeaderElection95] INFO  segmented.SegmentedRaftLogWorker (SegmentedRaftLogWorker.java:startLogSegment(380)) - 02ae206c-fcef-49cc-90ae-73b84a5bab29@group-9D4322D63CA7-SegmentedRaftLogWorker: Starting segment from index:0
2019-09-25 07:25:24,912 [02ae206c-fcef-49cc-90ae-73b84a5bab29@group-1CB393AD2F8E:LeaderElection96] INFO  impl.RaftServerImpl (ServerState.java:setRaftConf(354)) - 02ae206c-fcef-49cc-90ae-73b84a5bab29@group-1CB393AD2F8E: set configuration 0: [02ae206c-fcef-49cc-90ae-73b84a5bab29:192.168.151.106:38923], old=null at 0
2019-09-25 07:25:24,912 [02ae206c-fcef-49cc-90ae-73b84a5bab29@group-9D4322D63CA7:LeaderElection95] INFO  impl.RaftServerImpl (ServerState.java:setRaftConf(354)) - 02ae206c-fcef-49cc-90ae-73b84a5bab29@group-9D4322D63CA7: set configuration 0: [02ae206c-fcef-49cc-90ae-73b84a5bab29:192.168.151.106:38923], old=null at 0
2019-09-25 07:25:24,932 [Thread-1545] INFO  impl.FollowerState (FollowerState.java:run(106)) - 02ae206c-fcef-49cc-90ae-73b84a5bab29:group-8E75BC82D54A changes to CANDIDATE, lastRpcTime:5015, electionTimeout:5015ms
2019-09-25 07:25:24,932 [Thread-1545] INFO  impl.RoleInfo (RoleInfo.java:shutdownFollowerState(121)) - 02ae206c-fcef-49cc-90ae-73b84a5bab29: shutdown FollowerState
2019-09-25 07:25:24,933 [Thread-1545] INFO  impl.RaftServerImpl (RaftServerImpl.java:setRole(174)) - 02ae206c-fcef-49cc-90ae-73b84a5bab29@group-8E75BC82D54A: changes role from  FOLLOWER to CANDIDATE at term 0 for changeToCandidate
2019-09-25 07:25:24,933 [Thread-1545] INFO  impl.RoleInfo (RoleInfo.java:updateAndGet(143)) - 02ae206c-fcef-49cc-90ae-73b84a5bab29: start LeaderElection
2019-09-25 07:25:24,966 [02ae206c-fcef-49cc-90ae-73b84a5bab29@group-1CB393AD2F8E-SegmentedRaftLogWorker] INFO  segmented.SegmentedRaftLogWorker (SegmentedRaftLogWorker.java:execute(569)) - 02ae206c-fcef-49cc-90ae-73b84a5bab29@group-1CB393AD2F8E-SegmentedRaftLogWorker: created new log segment /workdir/hadoop-ozone/ozonefs/target/test-dir/MiniOzoneClusterImpl-10aaa320-0427-4efe-b245-6da614d0b375/datanode-2/data/ratis/097fc3cb-b4aa-4425-a068-1cb393ad2f8e/current/log_inprogress_0
2019-09-25 07:25:24,966 [02ae206c-fcef-49cc-90ae-73b84a5bab29@group-8E75BC82D54A:LeaderElection97] INFO  impl.LeaderElection (LeaderElection.java:askForVotes(182)) - 02ae206c-fcef-49cc-90ae-73b84a5bab29@group-8E75BC82D54A:LeaderElection97: begin an election at term 1 for -1: [02ae206c-fcef-49cc-90ae-73b84a5bab29:192.168.151.106:38923], old=null
2019-09-25 07:25:24,966 [02ae206c-fcef-49cc-90ae-73b84a5bab29@group-9D4322D63CA7-SegmentedRaftLogWorker] INFO  segmented.SegmentedRaftLogWorker (SegmentedRaftLogWorker.java:execute(569)) - 02ae206c-fcef-49cc-90ae-73b84a5bab29@group-9D4322D63CA7-SegmentedRaftLogWorker: created new log segment /workdir/hadoop-ozone/ozonefs/target/test-dir/MiniOzoneClusterImpl-10aaa320-0427-4efe-b245-6da614d0b375/datanode-2/data/ratis/2e96c187-d4e5-4c4e-ade6-9d4322d63ca7/current/log_inprogress_0
2019-09-25 07:25:24,966 [02ae206c-fcef-49cc-90ae-73b84a5bab29@group-8E75BC82D54A:LeaderElection97] INFO  impl.RoleInfo (RoleInfo.java:shutdownLeaderElection(134)) - 02ae206c-fcef-49cc-90ae-73b84a5bab29: shutdown LeaderElection
2019-09-25 07:25:24,966 [02ae206c-fcef-49cc-90ae-73b84a5bab29@group-8E75BC82D54A:LeaderElection97] INFO  impl.RaftServerImpl (RaftServerImpl.java:setRole(174)) - 02ae206c-fcef-49cc-90ae-73b84a5bab29@group-8E75BC82D54A: changes role from CANDIDATE to LEADER at term 1 for changeToLeader
2019-09-25 07:25:24,966 [02ae206c-fcef-49cc-90ae-73b84a5bab29@group-8E75BC82D54A:LeaderElection97] INFO  impl.RaftServerImpl (ServerState.java:setLeader(253)) - 02ae206c-fcef-49cc-90ae-73b84a5bab29@group-8E75BC82D54A: change Leader from null to 02ae206c-fcef-49cc-90ae-73b84a5bab29 at term 1 for becomeLeader, leader elected after 5053ms
2019-09-25 07:25:24,967 [02ae206c-fcef-49cc-90ae-73b84a5bab29@group-8E75BC82D54A:LeaderElection97] INFO  server.RaftServerConfigKeys (ConfUtils.java:logGet(43)) - raft.server.staging.catchup.gap = 1000 (default)
2019-09-25 07:25:24,967 [02ae206c-fcef-49cc-90ae-73b84a5bab29@group-8E75BC82D54A:LeaderElection97] INFO  server.RaftServerConfigKeys (ConfUtils.java:logGet(43)) - raft.server.rpc.sleep.time = 25ms (default)
2019-09-25 07:25:24,967 [02ae206c-fcef-49cc-90ae-73b84a5bab29@group-8E75BC82D54A:LeaderElection97] INFO  server.RaftServerConfigKeys (ConfUtils.java:logGet(43)) - raft.server.write.element-limit = 4096 (default)
2019-09-25 07:25:24,967 [02ae206c-fcef-49cc-90ae-73b84a5bab29@group-8E75BC82D54A:LeaderElection97] INFO  server.RaftServerConfigKeys (ConfUtils.java:logGet(43)) - raft.server.watch.timeout = 10s (default)
2019-09-25 07:25:24,967 [02ae206c-fcef-49cc-90ae-73b84a5bab29@group-8E75BC82D54A:LeaderElection97] INFO  server.RaftServerConfigKeys (ConfUtils.java:logGet(43)) - raft.server.watch.timeout.denomination = 1s (default)
2019-09-25 07:25:24,967 [02ae206c-fcef-49cc-90ae-73b84a5bab29@group-8E75BC82D54A:LeaderElection97] INFO  server.RaftServerConfigKeys (ConfUtils.java:logGet(43)) - raft.server.watch.element-limit = 65536 (default)
2019-09-25 07:25:24,969 [02ae206c-fcef-49cc-90ae-73b84a5bab29@group-8E75BC82D54A:LeaderElection97] INFO  impl.RoleInfo (RoleInfo.java:updateAndGet(143)) - 02ae206c-fcef-49cc-90ae-73b84a5bab29: start LeaderState
2019-09-25 07:25:24,969 [02ae206c-fcef-49cc-90ae-73b84a5bab29@group-8E75BC82D54A:LeaderElection97] INFO  segmented.SegmentedRaftLogWorker (SegmentedRaftLogWorker.java:startLogSegment(380)) - 02ae206c-fcef-49cc-90ae-73b84a5bab29@group-8E75BC82D54A-SegmentedRaftLogWorker: Starting segment from index:0
2019-09-25 07:25:24,970 [02ae206c-fcef-49cc-90ae-73b84a5bab29@group-8E75BC82D54A:LeaderElection97] INFO  impl.RaftServerImpl (ServerState.java:setRaftConf(354)) - 02ae206c-fcef-49cc-90ae-73b84a5bab29@group-8E75BC82D54A: set configuration 0: [02ae206c-fcef-49cc-90ae-73b84a5bab29:192.168.151.106:38923], old=null at 0
2019-09-25 07:25:24,992 [Thread-1539] INFO  impl.FollowerState (FollowerState.java:run(106)) - 02ae206c-fcef-49cc-90ae-73b84a5bab29:group-A59CF723A3F6 changes to CANDIDATE, lastRpcTime:5171, electionTimeout:5171ms
2019-09-25 07:25:24,992 [Thread-1539] INFO  impl.RoleInfo (RoleInfo.java:shutdownFollowerState(121)) - 02ae206c-fcef-49cc-90ae-73b84a5bab29: shutdown FollowerState
2019-09-25 07:25:24,992 [Thread-1539] INFO  impl.RaftServerImpl (RaftServerImpl.java:setRole(174)) - 02ae206c-fcef-49cc-90ae-73b84a5bab29@group-A59CF723A3F6: changes role from  FOLLOWER to CANDIDATE at term 0 for changeToCandidate
2019-09-25 07:25:24,993 [Thread-1539] INFO  impl.RoleInfo (RoleInfo.java:updateAndGet(143)) - 02ae206c-fcef-49cc-90ae-73b84a5bab29: start LeaderElection
2019-09-25 07:25:25,031 [Thread-1542] INFO  impl.FollowerState (FollowerState.java:run(106)) - 02ae206c-fcef-49cc-90ae-73b84a5bab29:group-588B8E602695 changes to CANDIDATE, lastRpcTime:5161, electionTimeout:5161ms
2019-09-25 07:25:25,031 [Thread-1542] INFO  impl.RoleInfo (RoleInfo.java:shutdownFollowerState(121)) - 02ae206c-fcef-49cc-90ae-73b84a5bab29: shutdown FollowerState
2019-09-25 07:25:25,031 [Thread-1542] INFO  impl.RaftServerImpl (RaftServerImpl.java:setRole(174)) - 02ae206c-fcef-49cc-90ae-73b84a5bab29@group-588B8E602695: changes role from  FOLLOWER to CANDIDATE at term 0 for changeToCandidate
2019-09-25 07:25:25,031 [Thread-1542] INFO  impl.RoleInfo (RoleInfo.java:updateAndGet(143)) - 02ae206c-fcef-49cc-90ae-73b84a5bab29: start LeaderElection
2019-09-25 07:25:25,031 [02ae206c-fcef-49cc-90ae-73b84a5bab29@group-8E75BC82D54A-SegmentedRaftLogWorker] INFO  segmented.SegmentedRaftLogWorker (SegmentedRaftLogWorker.java:execute(569)) - 02ae206c-fcef-49cc-90ae-73b84a5bab29@group-8E75BC82D54A-SegmentedRaftLogWorker: created new log segment /workdir/hadoop-ozone/ozonefs/target/test-dir/MiniOzoneClusterImpl-10aaa320-0427-4efe-b245-6da614d0b375/datanode-2/data/ratis/70878d23-3500-439e-8958-8e75bc82d54a/current/log_inprogress_0
2019-09-25 07:25:25,032 [02ae206c-fcef-49cc-90ae-73b84a5bab29@group-A59CF723A3F6:LeaderElection98] INFO  impl.LeaderElection (LeaderElection.java:askForVotes(182)) - 02ae206c-fcef-49cc-90ae-73b84a5bab29@group-A59CF723A3F6:LeaderElection98: begin an election at term 1 for -1: [02ae206c-fcef-49cc-90ae-73b84a5bab29:192.168.151.106:38923], old=null
2019-09-25 07:25:25,034 [02ae206c-fcef-49cc-90ae-73b84a5bab29@group-A59CF723A3F6:LeaderElection98] INFO  impl.RoleInfo (RoleInfo.java:shutdownLeaderElection(134)) - 02ae206c-fcef-49cc-90ae-73b84a5bab29: shutdown LeaderElection
2019-09-25 07:25:25,034 [02ae206c-fcef-49cc-90ae-73b84a5bab29@group-A59CF723A3F6:LeaderElection98] INFO  impl.RaftServerImpl (RaftServerImpl.java:setRole(174)) - 02ae206c-fcef-49cc-90ae-73b84a5bab29@group-A59CF723A3F6: changes role from CANDIDATE to LEADER at term 1 for changeToLeader
2019-09-25 07:25:25,034 [02ae206c-fcef-49cc-90ae-73b84a5bab29@group-A59CF723A3F6:LeaderElection98] INFO  impl.RaftServerImpl (ServerState.java:setLeader(253)) - 02ae206c-fcef-49cc-90ae-73b84a5bab29@group-A59CF723A3F6: change Leader from null to 02ae206c-fcef-49cc-90ae-73b84a5bab29 at term 1 for becomeLeader, leader elected after 5218ms
2019-09-25 07:25:25,034 [02ae206c-fcef-49cc-90ae-73b84a5bab29@group-A59CF723A3F6:LeaderElection98] INFO  server.RaftServerConfigKeys (ConfUtils.java:logGet(43)) - raft.server.staging.catchup.gap = 1000 (default)
2019-09-25 07:25:25,034 [02ae206c-fcef-49cc-90ae-73b84a5bab29@group-A59CF723A3F6:LeaderElection98] INFO  server.RaftServerConfigKeys (ConfUtils.java:logGet(43)) - raft.server.rpc.sleep.time = 25ms (default)
2019-09-25 07:25:25,034 [02ae206c-fcef-49cc-90ae-73b84a5bab29@group-A59CF723A3F6:LeaderElection98] INFO  server.RaftServerConfigKeys (ConfUtils.java:logGet(43)) - raft.server.write.element-limit = 4096 (default)
2019-09-25 07:25:25,034 [02ae206c-fcef-49cc-90ae-73b84a5bab29@group-A59CF723A3F6:LeaderElection98] INFO  server.RaftServerConfigKeys (ConfUtils.java:logGet(43)) - raft.server.watch.timeout = 10s (default)
2019-09-25 07:25:25,034 [02ae206c-fcef-49cc-90ae-73b84a5bab29@group-A59CF723A3F6:LeaderElection98] INFO  server.RaftServerConfigKeys (ConfUtils.java:logGet(43)) - raft.server.watch.timeout.denomination = 1s (default)
2019-09-25 07:25:25,034 [02ae206c-fcef-49cc-90ae-73b84a5bab29@group-A59CF723A3F6:LeaderElection98] INFO  server.RaftServerConfigKeys (ConfUtils.java:logGet(43)) - raft.server.watch.element-limit = 65536 (default)
2019-09-25 07:25:25,036 [02ae206c-fcef-49cc-90ae-73b84a5bab29@group-A59CF723A3F6:LeaderElection98] INFO  impl.RoleInfo (RoleInfo.java:updateAndGet(143)) - 02ae206c-fcef-49cc-90ae-73b84a5bab29: start LeaderState
2019-09-25 07:25:25,036 [02ae206c-fcef-49cc-90ae-73b84a5bab29@group-A59CF723A3F6:LeaderElection98] INFO  segmented.SegmentedRaftLogWorker (SegmentedRaftLogWorker.java:startLogSegment(380)) - 02ae206c-fcef-49cc-90ae-73b84a5bab29@group-A59CF723A3F6-SegmentedRaftLogWorker: Starting segment from index:0
2019-09-25 07:25:25,036 [02ae206c-fcef-49cc-90ae-73b84a5bab29@group-A59CF723A3F6:LeaderElection98] INFO  impl.RaftServerImpl (ServerState.java:setRaftConf(354)) - 02ae206c-fcef-49cc-90ae-73b84a5bab29@group-A59CF723A3F6: set configuration 0: [02ae206c-fcef-49cc-90ae-73b84a5bab29:192.168.151.106:38923], old=null at 0
2019-09-25 07:25:25,046 [02ae206c-fcef-49cc-90ae-73b84a5bab29@group-588B8E602695:LeaderElection99] INFO  impl.LeaderElection (LeaderElection.java:askForVotes(182)) - 02ae206c-fcef-49cc-90ae-73b84a5bab29@group-588B8E602695:LeaderElection99: begin an election at term 1 for -1: [02ae206c-fcef-49cc-90ae-73b84a5bab29:192.168.151.106:38923], old=null
2019-09-25 07:25:25,046 [02ae206c-fcef-49cc-90ae-73b84a5bab29@group-588B8E602695:LeaderElection99] INFO  impl.RoleInfo (RoleInfo.java:shutdownLeaderElection(134)) - 02ae206c-fcef-49cc-90ae-73b84a5bab29: shutdown LeaderElection
2019-09-25 07:25:25,046 [02ae206c-fcef-49cc-90ae-73b84a5bab29@group-588B8E602695:LeaderElection99] INFO  impl.RaftServerImpl (RaftServerImpl.java:setRole(174)) - 02ae206c-fcef-49cc-90ae-73b84a5bab29@group-588B8E602695: changes role from CANDIDATE to LEADER at term 1 for changeToLeader
2019-09-25 07:25:25,046 [02ae206c-fcef-49cc-90ae-73b84a5bab29@group-588B8E602695:LeaderElection99] INFO  impl.RaftServerImpl (ServerState.java:setLeader(253)) - 02ae206c-fcef-49cc-90ae-73b84a5bab29@group-588B8E602695: change Leader from null to 02ae206c-fcef-49cc-90ae-73b84a5bab29 at term 1 for becomeLeader, leader elected after 5180ms
2019-09-25 07:25:25,046 [02ae206c-fcef-49cc-90ae-73b84a5bab29@group-588B8E602695:LeaderElection99] INFO  server.RaftServerConfigKeys (ConfUtils.java:logGet(43)) - raft.server.staging.catchup.gap = 1000 (default)
2019-09-25 07:25:25,047 [02ae206c-fcef-49cc-90ae-73b84a5bab29@group-588B8E602695:LeaderElection99] INFO  server.RaftServerConfigKeys (ConfUtils.java:logGet(43)) - raft.server.rpc.sleep.time = 25ms (default)
2019-09-25 07:25:25,047 [02ae206c-fcef-49cc-90ae-73b84a5bab29@group-588B8E602695:LeaderElection99] INFO  server.RaftServerConfigKeys (ConfUtils.java:logGet(43)) - raft.server.write.element-limit = 4096 (default)
2019-09-25 07:25:25,047 [02ae206c-fcef-49cc-90ae-73b84a5bab29@group-588B8E602695:LeaderElection99] INFO  server.RaftServerConfigKeys (ConfUtils.java:logGet(43)) - raft.server.watch.timeout = 10s (default)
2019-09-25 07:25:25,047 [02ae206c-fcef-49cc-90ae-73b84a5bab29@group-588B8E602695:LeaderElection99] INFO  server.RaftServerConfigKeys (ConfUtils.java:logGet(43)) - raft.server.watch.timeout.denomination = 1s (default)
2019-09-25 07:25:25,047 [02ae206c-fcef-49cc-90ae-73b84a5bab29@group-588B8E602695:LeaderElection99] INFO  server.RaftServerConfigKeys (ConfUtils.java:logGet(43)) - raft.server.watch.element-limit = 65536 (default)
2019-09-25 07:25:25,049 [02ae206c-fcef-49cc-90ae-73b84a5bab29@group-588B8E602695:LeaderElection99] INFO  impl.RoleInfo (RoleInfo.java:updateAndGet(143)) - 02ae206c-fcef-49cc-90ae-73b84a5bab29: start LeaderState
2019-09-25 07:25:25,049 [02ae206c-fcef-49cc-90ae-73b84a5bab29@group-588B8E602695:LeaderElection99] INFO  segmented.SegmentedRaftLogWorker (SegmentedRaftLogWorker.java:startLogSegment(380)) - 02ae206c-fcef-49cc-90ae-73b84a5bab29@group-588B8E602695-SegmentedRaftLogWorker: Starting segment from index:0
2019-09-25 07:25:25,049 [02ae206c-fcef-49cc-90ae-73b84a5bab29@group-588B8E602695:LeaderElection99] INFO  impl.RaftServerImpl (ServerState.java:setRaftConf(354)) - 02ae206c-fcef-49cc-90ae-73b84a5bab29@group-588B8E602695: set configuration 0: [02ae206c-fcef-49cc-90ae-73b84a5bab29:192.168.151.106:38923], old=null at 0
2019-09-25 07:25:25,098 [02ae206c-fcef-49cc-90ae-73b84a5bab29@group-A59CF723A3F6-SegmentedRaftLogWorker] INFO  segmented.SegmentedRaftLogWorker (SegmentedRaftLogWorker.java:execute(569)) - 02ae206c-fcef-49cc-90ae-73b84a5bab29@group-A59CF723A3F6-SegmentedRaftLogWorker: created new log segment /workdir/hadoop-ozone/ozonefs/target/test-dir/MiniOzoneClusterImpl-10aaa320-0427-4efe-b245-6da614d0b375/datanode-2/data/ratis/d978c14e-10f2-4a20-8e92-a59cf723a3f6/current/log_inprogress_0
2019-09-25 07:25:25,099 [02ae206c-fcef-49cc-90ae-73b84a5bab29@group-588B8E602695-SegmentedRaftLogWorker] INFO  segmented.SegmentedRaftLogWorker (SegmentedRaftLogWorker.java:execute(569)) - 02ae206c-fcef-49cc-90ae-73b84a5bab29@group-588B8E602695-SegmentedRaftLogWorker: created new log segment /workdir/hadoop-ozone/ozonefs/target/test-dir/MiniOzoneClusterImpl-10aaa320-0427-4efe-b245-6da614d0b375/datanode-2/data/ratis/048a4b72-3f6c-4602-86e7-588b8e602695/current/log_inprogress_0
2019-09-25 07:25:25,286 [main] INFO  ozoneimpl.OzoneContainer (OzoneContainer.java:stop(231)) - Attempting to stop container services.
2019-09-25 07:25:25,286 [ForkJoinPool.commonPool-worker-1] INFO  ozoneimpl.OzoneContainer (OzoneContainer.java:stop(231)) - Attempting to stop container services.
2019-09-25 07:25:25,287 [main] INFO  impl.RaftServerProxy (RaftServerProxy.java:lambda$close$4(314)) - 4cb4b249-44c1-44b5-b888-23fcf00e7c3e: close
2019-09-25 07:25:25,287 [ForkJoinPool.commonPool-worker-1] INFO  impl.RaftServerProxy (RaftServerProxy.java:lambda$close$4(314)) - 51c9978d-707e-4bc8-8e14-3bc0e19acfd9: close
2019-09-25 07:25:25,287 [main] INFO  impl.RaftServerImpl (RaftServerImpl.java:lambda$shutdown$3(251)) - 4cb4b249-44c1-44b5-b888-23fcf00e7c3e@group-00BF42D3BEE5: shutdown
2019-09-25 07:25:25,287 [ForkJoinPool.commonPool-worker-1] INFO  impl.RaftServerImpl (RaftServerImpl.java:lambda$shutdown$3(251)) - 51c9978d-707e-4bc8-8e14-3bc0e19acfd9@group-C555687442E4: shutdown
2019-09-25 07:25:25,288 [main] INFO  util.JmxRegister (JmxRegister.java:unregister(73)) - Successfully un-registered JMX Bean with object name Ratis:service=RaftServer,group=group-00BF42D3BEE5,id=4cb4b249-44c1-44b5-b888-23fcf00e7c3e
2019-09-25 07:25:25,288 [ForkJoinPool.commonPool-worker-1] INFO  util.JmxRegister (JmxRegister.java:unregister(73)) - Successfully un-registered JMX Bean with object name Ratis:service=RaftServer,group=group-C555687442E4,id=51c9978d-707e-4bc8-8e14-3bc0e19acfd9
2019-09-25 07:25:25,288 [main] INFO  impl.RoleInfo (RoleInfo.java:shutdownLeaderState(104)) - 4cb4b249-44c1-44b5-b888-23fcf00e7c3e: shutdown LeaderState
2019-09-25 07:25:25,289 [ForkJoinPool.commonPool-worker-1] INFO  impl.RoleInfo (RoleInfo.java:shutdownLeaderState(104)) - 51c9978d-707e-4bc8-8e14-3bc0e19acfd9: shutdown LeaderState
2019-09-25 07:25:25,289 [main] INFO  impl.PendingRequests (PendingRequests.java:sendNotLeaderResponses(202)) - 4cb4b249-44c1-44b5-b888-23fcf00e7c3e-PendingRequests: sendNotLeaderResponses
2019-09-25 07:25:25,289 [ForkJoinPool.commonPool-worker-1] INFO  impl.PendingRequests (PendingRequests.java:sendNotLeaderResponses(202)) - 51c9978d-707e-4bc8-8e14-3bc0e19acfd9-PendingRequests: sendNotLeaderResponses
2019-09-25 07:25:25,290 [main] INFO  impl.StateMachineUpdater (StateMachineUpdater.java:stopAndJoin(125)) - 4cb4b249-44c1-44b5-b888-23fcf00e7c3e@group-00BF42D3BEE5-StateMachineUpdater: set stopIndex = 0
2019-09-25 07:25:25,290 [ForkJoinPool.commonPool-worker-1] INFO  impl.StateMachineUpdater (StateMachineUpdater.java:stopAndJoin(125)) - 51c9978d-707e-4bc8-8e14-3bc0e19acfd9@group-C555687442E4-StateMachineUpdater: set stopIndex = 0
2019-09-25 07:25:25,291 [main] INFO  impl.RaftServerImpl (ServerState.java:close(385)) - 4cb4b249-44c1-44b5-b888-23fcf00e7c3e@group-00BF42D3BEE5: closes. applyIndex: 0
2019-09-25 07:25:25,291 [ForkJoinPool.commonPool-worker-1] INFO  impl.RaftServerImpl (ServerState.java:close(385)) - 51c9978d-707e-4bc8-8e14-3bc0e19acfd9@group-C555687442E4: closes. applyIndex: 0
2019-09-25 07:25:25,292 [4cb4b249-44c1-44b5-b888-23fcf00e7c3e@group-00BF42D3BEE5-SegmentedRaftLogWorker] INFO  segmented.SegmentedRaftLogWorker (SegmentedRaftLogWorker.java:run(313)) - 4cb4b249-44c1-44b5-b888-23fcf00e7c3e@group-00BF42D3BEE5-SegmentedRaftLogWorker was interrupted, exiting. There are 0 tasks remaining in the queue.
2019-09-25 07:25:25,292 [51c9978d-707e-4bc8-8e14-3bc0e19acfd9@group-C555687442E4-SegmentedRaftLogWorker] INFO  segmented.SegmentedRaftLogWorker (SegmentedRaftLogWorker.java:run(313)) - 51c9978d-707e-4bc8-8e14-3bc0e19acfd9@group-C555687442E4-SegmentedRaftLogWorker was interrupted, exiting. There are 0 tasks remaining in the queue.
2019-09-25 07:25:25,292 [main] INFO  segmented.SegmentedRaftLogWorker (SegmentedRaftLogWorker.java:close(228)) - 4cb4b249-44c1-44b5-b888-23fcf00e7c3e@group-00BF42D3BEE5-SegmentedRaftLogWorker close()
2019-09-25 07:25:25,292 [ForkJoinPool.commonPool-worker-1] INFO  segmented.SegmentedRaftLogWorker (SegmentedRaftLogWorker.java:close(228)) - 51c9978d-707e-4bc8-8e14-3bc0e19acfd9@group-C555687442E4-SegmentedRaftLogWorker close()
2019-09-25 07:25:25,295 [main] INFO  impl.RaftServerImpl (RaftServerImpl.java:lambda$shutdown$3(251)) - 4cb4b249-44c1-44b5-b888-23fcf00e7c3e@group-343BEF52D1FD: shutdown
2019-09-25 07:25:25,297 [ForkJoinPool.commonPool-worker-1] INFO  impl.RaftServerImpl (RaftServerImpl.java:lambda$shutdown$3(251)) - 51c9978d-707e-4bc8-8e14-3bc0e19acfd9@group-952EF4E7C329: shutdown
2019-09-25 07:25:25,297 [main] INFO  util.JmxRegister (JmxRegister.java:unregister(73)) - Successfully un-registered JMX Bean with object name Ratis:service=RaftServer,group=group-343BEF52D1FD,id=4cb4b249-44c1-44b5-b888-23fcf00e7c3e
2019-09-25 07:25:25,298 [ForkJoinPool.commonPool-worker-1] INFO  util.JmxRegister (JmxRegister.java:unregister(73)) - Successfully un-registered JMX Bean with object name Ratis:service=RaftServer,group=group-952EF4E7C329,id=51c9978d-707e-4bc8-8e14-3bc0e19acfd9
2019-09-25 07:25:25,298 [main] INFO  impl.RoleInfo (RoleInfo.java:shutdownLeaderState(104)) - 4cb4b249-44c1-44b5-b888-23fcf00e7c3e: shutdown LeaderState
2019-09-25 07:25:25,298 [ForkJoinPool.commonPool-worker-1] INFO  impl.RoleInfo (RoleInfo.java:shutdownLeaderState(104)) - 51c9978d-707e-4bc8-8e14-3bc0e19acfd9: shutdown LeaderState
2019-09-25 07:25:25,299 [main] INFO  impl.PendingRequests (PendingRequests.java:sendNotLeaderResponses(202)) - 4cb4b249-44c1-44b5-b888-23fcf00e7c3e-PendingRequests: sendNotLeaderResponses
2019-09-25 07:25:25,299 [ForkJoinPool.commonPool-worker-1] INFO  impl.PendingRequests (PendingRequests.java:sendNotLeaderResponses(202)) - 51c9978d-707e-4bc8-8e14-3bc0e19acfd9-PendingRequests: sendNotLeaderResponses
2019-09-25 07:25:25,300 [main] INFO  impl.StateMachineUpdater (StateMachineUpdater.java:stopAndJoin(125)) - 4cb4b249-44c1-44b5-b888-23fcf00e7c3e@group-343BEF52D1FD-StateMachineUpdater: set stopIndex = 0
2019-09-25 07:25:25,300 [ForkJoinPool.commonPool-worker-1] INFO  impl.StateMachineUpdater (StateMachineUpdater.java:stopAndJoin(125)) - 51c9978d-707e-4bc8-8e14-3bc0e19acfd9@group-952EF4E7C329-StateMachineUpdater: set stopIndex = 0
2019-09-25 07:25:25,301 [ForkJoinPool.commonPool-worker-1] INFO  impl.RaftServerImpl (ServerState.java:close(385)) - 51c9978d-707e-4bc8-8e14-3bc0e19acfd9@group-952EF4E7C329: closes. applyIndex: 0
2019-09-25 07:25:25,300 [main] INFO  impl.RaftServerImpl (ServerState.java:close(385)) - 4cb4b249-44c1-44b5-b888-23fcf00e7c3e@group-343BEF52D1FD: closes. applyIndex: 0
2019-09-25 07:25:25,301 [51c9978d-707e-4bc8-8e14-3bc0e19acfd9@group-952EF4E7C329-SegmentedRaftLogWorker] INFO  segmented.SegmentedRaftLogWorker (SegmentedRaftLogWorker.java:run(313)) - 51c9978d-707e-4bc8-8e14-3bc0e19acfd9@group-952EF4E7C329-SegmentedRaftLogWorker was interrupted, exiting. There are 0 tasks remaining in the queue.
2019-09-25 07:25:25,301 [4cb4b249-44c1-44b5-b888-23fcf00e7c3e@group-343BEF52D1FD-SegmentedRaftLogWorker] INFO  segmented.SegmentedRaftLogWorker (SegmentedRaftLogWorker.java:run(313)) - 4cb4b249-44c1-44b5-b888-23fcf00e7c3e@group-343BEF52D1FD-SegmentedRaftLogWorker was interrupted, exiting. There are 0 tasks remaining in the queue.
2019-09-25 07:25:25,301 [ForkJoinPool.commonPool-worker-1] INFO  segmented.SegmentedRaftLogWorker (SegmentedRaftLogWorker.java:close(228)) - 51c9978d-707e-4bc8-8e14-3bc0e19acfd9@group-952EF4E7C329-SegmentedRaftLogWorker close()
2019-09-25 07:25:25,302 [main] INFO  segmented.SegmentedRaftLogWorker (SegmentedRaftLogWorker.java:close(228)) - 4cb4b249-44c1-44b5-b888-23fcf00e7c3e@group-343BEF52D1FD-SegmentedRaftLogWorker close()
2019-09-25 07:25:25,304 [ForkJoinPool.commonPool-worker-1] INFO  impl.RaftServerImpl (RaftServerImpl.java:lambda$shutdown$3(251)) - 51c9978d-707e-4bc8-8e14-3bc0e19acfd9@group-10523F59635C: shutdown
2019-09-25 07:25:25,306 [main] INFO  impl.RaftServerImpl (RaftServerImpl.java:lambda$shutdown$3(251)) - 4cb4b249-44c1-44b5-b888-23fcf00e7c3e@group-E1808D574678: shutdown
2019-09-25 07:25:25,306 [ForkJoinPool.commonPool-worker-1] INFO  util.JmxRegister (JmxRegister.java:unregister(73)) - Successfully un-registered JMX Bean with object name Ratis:service=RaftServer,group=group-10523F59635C,id=51c9978d-707e-4bc8-8e14-3bc0e19acfd9
2019-09-25 07:25:25,307 [main] INFO  util.JmxRegister (JmxRegister.java:unregister(73)) - Successfully un-registered JMX Bean with object name Ratis:service=RaftServer,group=group-E1808D574678,id=4cb4b249-44c1-44b5-b888-23fcf00e7c3e
2019-09-25 07:25:25,307 [ForkJoinPool.commonPool-worker-1] INFO  impl.RoleInfo (RoleInfo.java:shutdownLeaderState(104)) - 51c9978d-707e-4bc8-8e14-3bc0e19acfd9: shutdown LeaderState
2019-09-25 07:25:25,307 [main] INFO  impl.RoleInfo (RoleInfo.java:shutdownLeaderState(104)) - 4cb4b249-44c1-44b5-b888-23fcf00e7c3e: shutdown LeaderState
2019-09-25 07:25:25,308 [ForkJoinPool.commonPool-worker-1] INFO  impl.PendingRequests (PendingRequests.java:sendNotLeaderResponses(202)) - 51c9978d-707e-4bc8-8e14-3bc0e19acfd9-PendingRequests: sendNotLeaderResponses
2019-09-25 07:25:25,308 [main] INFO  impl.PendingRequests (PendingRequests.java:sendNotLeaderResponses(202)) - 4cb4b249-44c1-44b5-b888-23fcf00e7c3e-PendingRequests: sendNotLeaderResponses
2019-09-25 07:25:25,308 [ForkJoinPool.commonPool-worker-1] INFO  impl.StateMachineUpdater (StateMachineUpdater.java:stopAndJoin(125)) - 51c9978d-707e-4bc8-8e14-3bc0e19acfd9@group-10523F59635C-StateMachineUpdater: set stopIndex = 0
2019-09-25 07:25:25,309 [main] INFO  impl.StateMachineUpdater (StateMachineUpdater.java:stopAndJoin(125)) - 4cb4b249-44c1-44b5-b888-23fcf00e7c3e@group-E1808D574678-StateMachineUpdater: set stopIndex = 0
2019-09-25 07:25:25,309 [ForkJoinPool.commonPool-worker-1] INFO  impl.RaftServerImpl (ServerState.java:close(385)) - 51c9978d-707e-4bc8-8e14-3bc0e19acfd9@group-10523F59635C: closes. applyIndex: 0
2019-09-25 07:25:25,309 [main] INFO  impl.RaftServerImpl (ServerState.java:close(385)) - 4cb4b249-44c1-44b5-b888-23fcf00e7c3e@group-E1808D574678: closes. applyIndex: 0
2019-09-25 07:25:25,310 [51c9978d-707e-4bc8-8e14-3bc0e19acfd9@group-10523F59635C-SegmentedRaftLogWorker] INFO  segmented.SegmentedRaftLogWorker (SegmentedRaftLogWorker.java:run(313)) - 51c9978d-707e-4bc8-8e14-3bc0e19acfd9@group-10523F59635C-SegmentedRaftLogWorker was interrupted, exiting. There are 0 tasks remaining in the queue.
2019-09-25 07:25:25,310 [4cb4b249-44c1-44b5-b888-23fcf00e7c3e@group-E1808D574678-SegmentedRaftLogWorker] INFO  segmented.SegmentedRaftLogWorker (SegmentedRaftLogWorker.java:run(313)) - 4cb4b249-44c1-44b5-b888-23fcf00e7c3e@group-E1808D574678-SegmentedRaftLogWorker was interrupted, exiting. There are 0 tasks remaining in the queue.
2019-09-25 07:25:25,310 [ForkJoinPool.commonPool-worker-1] INFO  segmented.SegmentedRaftLogWorker (SegmentedRaftLogWorker.java:close(228)) - 51c9978d-707e-4bc8-8e14-3bc0e19acfd9@group-10523F59635C-SegmentedRaftLogWorker close()
2019-09-25 07:25:25,311 [main] INFO  segmented.SegmentedRaftLogWorker (SegmentedRaftLogWorker.java:close(228)) - 4cb4b249-44c1-44b5-b888-23fcf00e7c3e@group-E1808D574678-SegmentedRaftLogWorker close()
2019-09-25 07:25:25,313 [ForkJoinPool.commonPool-worker-1] INFO  impl.RaftServerImpl (RaftServerImpl.java:lambda$shutdown$3(251)) - 51c9978d-707e-4bc8-8e14-3bc0e19acfd9@group-416CB926C446: shutdown
2019-09-25 07:25:25,315 [main] INFO  impl.RaftServerImpl (RaftServerImpl.java:lambda$shutdown$3(251)) - 4cb4b249-44c1-44b5-b888-23fcf00e7c3e@group-CCF9215C035E: shutdown
2019-09-25 07:25:25,315 [ForkJoinPool.commonPool-worker-1] INFO  util.JmxRegister (JmxRegister.java:unregister(73)) - Successfully un-registered JMX Bean with object name Ratis:service=RaftServer,group=group-416CB926C446,id=51c9978d-707e-4bc8-8e14-3bc0e19acfd9
2019-09-25 07:25:25,315 [main] INFO  util.JmxRegister (JmxRegister.java:unregister(73)) - Successfully un-registered JMX Bean with object name Ratis:service=RaftServer,group=group-CCF9215C035E,id=4cb4b249-44c1-44b5-b888-23fcf00e7c3e
2019-09-25 07:25:25,316 [main] INFO  impl.RoleInfo (RoleInfo.java:shutdownLeaderState(104)) - 4cb4b249-44c1-44b5-b888-23fcf00e7c3e: shutdown LeaderState
2019-09-25 07:25:25,316 [ForkJoinPool.commonPool-worker-1] INFO  impl.RoleInfo (RoleInfo.java:shutdownLeaderState(104)) - 51c9978d-707e-4bc8-8e14-3bc0e19acfd9: shutdown LeaderState
2019-09-25 07:25:25,317 [main] INFO  impl.PendingRequests (PendingRequests.java:sendNotLeaderResponses(202)) - 4cb4b249-44c1-44b5-b888-23fcf00e7c3e-PendingRequests: sendNotLeaderResponses
2019-09-25 07:25:25,317 [ForkJoinPool.commonPool-worker-1] INFO  impl.PendingRequests (PendingRequests.java:sendNotLeaderResponses(202)) - 51c9978d-707e-4bc8-8e14-3bc0e19acfd9-PendingRequests: sendNotLeaderResponses
2019-09-25 07:25:25,317 [main] INFO  impl.StateMachineUpdater (StateMachineUpdater.java:stopAndJoin(125)) - 4cb4b249-44c1-44b5-b888-23fcf00e7c3e@group-CCF9215C035E-StateMachineUpdater: set stopIndex = 0
2019-09-25 07:25:25,318 [ForkJoinPool.commonPool-worker-1] INFO  impl.StateMachineUpdater (StateMachineUpdater.java:stopAndJoin(125)) - 51c9978d-707e-4bc8-8e14-3bc0e19acfd9@group-416CB926C446-StateMachineUpdater: set stopIndex = 0
2019-09-25 07:25:25,318 [main] INFO  impl.RaftServerImpl (ServerState.java:close(385)) - 4cb4b249-44c1-44b5-b888-23fcf00e7c3e@group-CCF9215C035E: closes. applyIndex: 0
2019-09-25 07:25:25,318 [ForkJoinPool.commonPool-worker-1] INFO  impl.RaftServerImpl (ServerState.java:close(385)) - 51c9978d-707e-4bc8-8e14-3bc0e19acfd9@group-416CB926C446: closes. applyIndex: 0
2019-09-25 07:25:25,319 [4cb4b249-44c1-44b5-b888-23fcf00e7c3e@group-CCF9215C035E-SegmentedRaftLogWorker] INFO  segmented.SegmentedRaftLogWorker (SegmentedRaftLogWorker.java:run(313)) - 4cb4b249-44c1-44b5-b888-23fcf00e7c3e@group-CCF9215C035E-SegmentedRaftLogWorker was interrupted, exiting. There are 0 tasks remaining in the queue.
2019-09-25 07:25:25,319 [51c9978d-707e-4bc8-8e14-3bc0e19acfd9@group-416CB926C446-SegmentedRaftLogWorker] INFO  segmented.SegmentedRaftLogWorker (SegmentedRaftLogWorker.java:run(313)) - 51c9978d-707e-4bc8-8e14-3bc0e19acfd9@group-416CB926C446-SegmentedRaftLogWorker was interrupted, exiting. There are 0 tasks remaining in the queue.
2019-09-25 07:25:25,319 [main] INFO  segmented.SegmentedRaftLogWorker (SegmentedRaftLogWorker.java:close(228)) - 4cb4b249-44c1-44b5-b888-23fcf00e7c3e@group-CCF9215C035E-SegmentedRaftLogWorker close()
2019-09-25 07:25:25,319 [ForkJoinPool.commonPool-worker-1] INFO  segmented.SegmentedRaftLogWorker (SegmentedRaftLogWorker.java:close(228)) - 51c9978d-707e-4bc8-8e14-3bc0e19acfd9@group-416CB926C446-SegmentedRaftLogWorker close()
2019-09-25 07:25:25,321 [main] INFO  impl.RaftServerImpl (RaftServerImpl.java:lambda$shutdown$3(251)) - 4cb4b249-44c1-44b5-b888-23fcf00e7c3e@group-6E7023F548A8: shutdown
2019-09-25 07:25:25,323 [ForkJoinPool.commonPool-worker-1] INFO  impl.RaftServerImpl (RaftServerImpl.java:lambda$shutdown$3(251)) - 51c9978d-707e-4bc8-8e14-3bc0e19acfd9@group-E4294A08890B: shutdown
2019-09-25 07:25:25,324 [main] INFO  util.JmxRegister (JmxRegister.java:unregister(73)) - Successfully un-registered JMX Bean with object name Ratis:service=RaftServer,group=group-6E7023F548A8,id=4cb4b249-44c1-44b5-b888-23fcf00e7c3e
2019-09-25 07:25:25,324 [ForkJoinPool.commonPool-worker-1] INFO  util.JmxRegister (JmxRegister.java:unregister(73)) - Successfully un-registered JMX Bean with object name Ratis:service=RaftServer,group=group-E4294A08890B,id=51c9978d-707e-4bc8-8e14-3bc0e19acfd9
2019-09-25 07:25:25,324 [main] INFO  impl.RoleInfo (RoleInfo.java:shutdownLeaderState(104)) - 4cb4b249-44c1-44b5-b888-23fcf00e7c3e: shutdown LeaderState
2019-09-25 07:25:25,325 [ForkJoinPool.commonPool-worker-1] INFO  impl.RoleInfo (RoleInfo.java:shutdownLeaderState(104)) - 51c9978d-707e-4bc8-8e14-3bc0e19acfd9: shutdown LeaderState
2019-09-25 07:25:25,325 [main] INFO  impl.PendingRequests (PendingRequests.java:sendNotLeaderResponses(202)) - 4cb4b249-44c1-44b5-b888-23fcf00e7c3e-PendingRequests: sendNotLeaderResponses
2019-09-25 07:25:25,325 [ForkJoinPool.commonPool-worker-1] INFO  impl.PendingRequests (PendingRequests.java:sendNotLeaderResponses(202)) - 51c9978d-707e-4bc8-8e14-3bc0e19acfd9-PendingRequests: sendNotLeaderResponses
2019-09-25 07:25:25,326 [main] INFO  impl.StateMachineUpdater (StateMachineUpdater.java:stopAndJoin(125)) - 4cb4b249-44c1-44b5-b888-23fcf00e7c3e@group-6E7023F548A8-StateMachineUpdater: set stopIndex = 0
2019-09-25 07:25:25,327 [main] INFO  impl.RaftServerImpl (ServerState.java:close(385)) - 4cb4b249-44c1-44b5-b888-23fcf00e7c3e@group-6E7023F548A8: closes. applyIndex: 0
2019-09-25 07:25:25,326 [ForkJoinPool.commonPool-worker-1] INFO  impl.StateMachineUpdater (StateMachineUpdater.java:stopAndJoin(125)) - 51c9978d-707e-4bc8-8e14-3bc0e19acfd9@group-E4294A08890B-StateMachineUpdater: set stopIndex = 0
2019-09-25 07:25:25,327 [4cb4b249-44c1-44b5-b888-23fcf00e7c3e@group-6E7023F548A8-SegmentedRaftLogWorker] INFO  segmented.SegmentedRaftLogWorker (SegmentedRaftLogWorker.java:run(313)) - 4cb4b249-44c1-44b5-b888-23fcf00e7c3e@group-6E7023F548A8-SegmentedRaftLogWorker was interrupted, exiting. There are 0 tasks remaining in the queue.
2019-09-25 07:25:25,327 [ForkJoinPool.commonPool-worker-1] INFO  impl.RaftServerImpl (ServerState.java:close(385)) - 51c9978d-707e-4bc8-8e14-3bc0e19acfd9@group-E4294A08890B: closes. applyIndex: 0
2019-09-25 07:25:25,327 [main] INFO  segmented.SegmentedRaftLogWorker (SegmentedRaftLogWorker.java:close(228)) - 4cb4b249-44c1-44b5-b888-23fcf00e7c3e@group-6E7023F548A8-SegmentedRaftLogWorker close()
2019-09-25 07:25:25,328 [51c9978d-707e-4bc8-8e14-3bc0e19acfd9@group-E4294A08890B-SegmentedRaftLogWorker] INFO  segmented.SegmentedRaftLogWorker (SegmentedRaftLogWorker.java:run(313)) - 51c9978d-707e-4bc8-8e14-3bc0e19acfd9@group-E4294A08890B-SegmentedRaftLogWorker was interrupted, exiting. There are 0 tasks remaining in the queue.
2019-09-25 07:25:25,330 [main] INFO  impl.RaftServerImpl (RaftServerImpl.java:lambda$shutdown$3(251)) - 4cb4b249-44c1-44b5-b888-23fcf00e7c3e@group-008A3ADDCB5C: shutdown
2019-09-25 07:25:25,330 [ForkJoinPool.commonPool-worker-1] INFO  segmented.SegmentedRaftLogWorker (SegmentedRaftLogWorker.java:close(228)) - 51c9978d-707e-4bc8-8e14-3bc0e19acfd9@group-E4294A08890B-SegmentedRaftLogWorker close()
2019-09-25 07:25:25,330 [main] INFO  util.JmxRegister (JmxRegister.java:unregister(73)) - Successfully un-registered JMX Bean with object name Ratis:service=RaftServer,group=group-008A3ADDCB5C,id=4cb4b249-44c1-44b5-b888-23fcf00e7c3e
2019-09-25 07:25:25,332 [main] INFO  impl.RoleInfo (RoleInfo.java:shutdownLeaderState(104)) - 4cb4b249-44c1-44b5-b888-23fcf00e7c3e: shutdown LeaderState
2019-09-25 07:25:25,332 [ForkJoinPool.commonPool-worker-1] INFO  impl.RaftServerImpl (RaftServerImpl.java:lambda$shutdown$3(251)) - 51c9978d-707e-4bc8-8e14-3bc0e19acfd9@group-8B1B5FDC0F93: shutdown
2019-09-25 07:25:25,333 [main] INFO  impl.PendingRequests (PendingRequests.java:sendNotLeaderResponses(202)) - 4cb4b249-44c1-44b5-b888-23fcf00e7c3e-PendingRequests: sendNotLeaderResponses
2019-09-25 07:25:25,333 [ForkJoinPool.commonPool-worker-1] INFO  util.JmxRegister (JmxRegister.java:unregister(73)) - Successfully un-registered JMX Bean with object name Ratis:service=RaftServer,group=group-8B1B5FDC0F93,id=51c9978d-707e-4bc8-8e14-3bc0e19acfd9
2019-09-25 07:25:25,334 [main] INFO  impl.StateMachineUpdater (StateMachineUpdater.java:stopAndJoin(125)) - 4cb4b249-44c1-44b5-b888-23fcf00e7c3e@group-008A3ADDCB5C-StateMachineUpdater: set stopIndex = 0
2019-09-25 07:25:25,334 [ForkJoinPool.commonPool-worker-1] INFO  impl.RoleInfo (RoleInfo.java:shutdownLeaderState(104)) - 51c9978d-707e-4bc8-8e14-3bc0e19acfd9: shutdown LeaderState
2019-09-25 07:25:25,334 [main] INFO  impl.RaftServerImpl (ServerState.java:close(385)) - 4cb4b249-44c1-44b5-b888-23fcf00e7c3e@group-008A3ADDCB5C: closes. applyIndex: 0
2019-09-25 07:25:25,335 [ForkJoinPool.commonPool-worker-1] INFO  impl.PendingRequests (PendingRequests.java:sendNotLeaderResponses(202)) - 51c9978d-707e-4bc8-8e14-3bc0e19acfd9-PendingRequests: sendNotLeaderResponses
2019-09-25 07:25:25,335 [4cb4b249-44c1-44b5-b888-23fcf00e7c3e@group-008A3ADDCB5C-SegmentedRaftLogWorker] INFO  segmented.SegmentedRaftLogWorker (SegmentedRaftLogWorker.java:run(313)) - 4cb4b249-44c1-44b5-b888-23fcf00e7c3e@group-008A3ADDCB5C-SegmentedRaftLogWorker was interrupted, exiting. There are 0 tasks remaining in the queue.
2019-09-25 07:25:25,335 [ForkJoinPool.commonPool-worker-1] INFO  impl.StateMachineUpdater (StateMachineUpdater.java:stopAndJoin(125)) - 51c9978d-707e-4bc8-8e14-3bc0e19acfd9@group-8B1B5FDC0F93-StateMachineUpdater: set stopIndex = 0
2019-09-25 07:25:25,336 [main] INFO  segmented.SegmentedRaftLogWorker (SegmentedRaftLogWorker.java:close(228)) - 4cb4b249-44c1-44b5-b888-23fcf00e7c3e@group-008A3ADDCB5C-SegmentedRaftLogWorker close()
2019-09-25 07:25:25,336 [ForkJoinPool.commonPool-worker-1] INFO  impl.RaftServerImpl (ServerState.java:close(385)) - 51c9978d-707e-4bc8-8e14-3bc0e19acfd9@group-8B1B5FDC0F93: closes. applyIndex: 0
2019-09-25 07:25:25,338 [main] INFO  server.GrpcService (GrpcService.java:closeImpl(164)) - 4cb4b249-44c1-44b5-b888-23fcf00e7c3e: shutdown server with port 35673 now
2019-09-25 07:25:25,338 [51c9978d-707e-4bc8-8e14-3bc0e19acfd9@group-8B1B5FDC0F93-SegmentedRaftLogWorker] INFO  segmented.SegmentedRaftLogWorker (SegmentedRaftLogWorker.java:run(313)) - 51c9978d-707e-4bc8-8e14-3bc0e19acfd9@group-8B1B5FDC0F93-SegmentedRaftLogWorker was interrupted, exiting. There are 0 tasks remaining in the queue.
2019-09-25 07:25:25,339 [ForkJoinPool.commonPool-worker-1] INFO  segmented.SegmentedRaftLogWorker (SegmentedRaftLogWorker.java:close(228)) - 51c9978d-707e-4bc8-8e14-3bc0e19acfd9@group-8B1B5FDC0F93-SegmentedRaftLogWorker close()
2019-09-25 07:25:25,340 [main] INFO  server.GrpcService (GrpcService.java:closeImpl(172)) - 4cb4b249-44c1-44b5-b888-23fcf00e7c3e: shutdown server with port 35673 successfully
2019-09-25 07:25:25,342 [ForkJoinPool.commonPool-worker-1] INFO  server.GrpcService (GrpcService.java:closeImpl(164)) - 51c9978d-707e-4bc8-8e14-3bc0e19acfd9: shutdown server with port 40511 now
2019-09-25 07:25:25,345 [ForkJoinPool.commonPool-worker-1] INFO  server.GrpcService (GrpcService.java:closeImpl(172)) - 51c9978d-707e-4bc8-8e14-3bc0e19acfd9: shutdown server with port 40511 successfully
2019-09-25 07:25:25,345 [refreshUsed-/workdir/hadoop-ozone/ozonefs/target/test-dir/MiniOzoneClusterImpl-10aaa320-0427-4efe-b245-6da614d0b375/datanode-1/data/containers] WARN  fs.CachingGetSpaceUsed (CachingGetSpaceUsed.java:run(183)) - Thread Interrupted waiting to refresh disk information: sleep interrupted
2019-09-25 07:25:25,352 [refreshUsed-/workdir/hadoop-ozone/ozonefs/target/test-dir/MiniOzoneClusterImpl-10aaa320-0427-4efe-b245-6da614d0b375/datanode-0/data/containers] WARN  fs.CachingGetSpaceUsed (CachingGetSpaceUsed.java:run(183)) - Thread Interrupted waiting to refresh disk information: sleep interrupted
2019-09-25 07:25:25,369 [main] INFO  utils.BackgroundService (BackgroundService.java:shutdown(148)) - Shutting down service BlockDeletingService
2019-09-25 07:25:25,380 [main] INFO  statemachine.DatanodeStateMachine (DatanodeStateMachine.java:stopDaemon(395)) - Ozone container server stopped.
2019-09-25 07:25:25,381 [main] INFO  handler.ContextHandler (ContextHandler.java:doStop(910)) - Stopped o.e.j.w.WebAppContext@36c07c75{/,null,UNAVAILABLE}{/hddsDatanode}
2019-09-25 07:25:25,381 [main] INFO  server.AbstractConnector (AbstractConnector.java:doStop(318)) - Stopped ServerConnector@6750e381{HTTP/1.1,[http/1.1]}{0.0.0.0:0}
2019-09-25 07:25:25,382 [main] INFO  handler.ContextHandler (ContextHandler.java:doStop(910)) - Stopped o.e.j.s.ServletContextHandler@4f3356c0{/static,jar:file:/home/user/.m2/repository/org/apache/hadoop/hadoop-hdds-container-service/0.5.0-SNAPSHOT/hadoop-hdds-container-service-0.5.0-SNAPSHOT.jar!/webapps/static,UNAVAILABLE}
2019-09-25 07:25:25,382 [main] INFO  handler.ContextHandler (ContextHandler.java:doStop(910)) - Stopped o.e.j.s.ServletContextHandler@2b43f314{/logs,file:///workdir/hadoop-ozone/ozonefs/target/log,UNAVAILABLE}
2019-09-25 07:25:25,385 [ForkJoinPool.commonPool-worker-1] INFO  utils.BackgroundService (BackgroundService.java:shutdown(148)) - Shutting down service BlockDeletingService
2019-09-25 07:25:25,389 [ForkJoinPool.commonPool-worker-1] INFO  statemachine.DatanodeStateMachine (DatanodeStateMachine.java:stopDaemon(395)) - Ozone container server stopped.
2019-09-25 07:25:25,393 [ForkJoinPool.commonPool-worker-1] INFO  handler.ContextHandler (ContextHandler.java:doStop(910)) - Stopped o.e.j.w.WebAppContext@486bd064{/,null,UNAVAILABLE}{/hddsDatanode}
2019-09-25 07:25:25,394 [ForkJoinPool.commonPool-worker-1] INFO  server.AbstractConnector (AbstractConnector.java:doStop(318)) - Stopped ServerConnector@6459f4ea{HTTP/1.1,[http/1.1]}{0.0.0.0:0}
2019-09-25 07:25:25,395 [ForkJoinPool.commonPool-worker-1] INFO  handler.ContextHandler (ContextHandler.java:doStop(910)) - Stopped o.e.j.s.ServletContextHandler@2dfa02c1{/static,jar:file:/home/user/.m2/repository/org/apache/hadoop/hadoop-hdds-container-service/0.5.0-SNAPSHOT/hadoop-hdds-container-service-0.5.0-SNAPSHOT.jar!/webapps/static,UNAVAILABLE}
2019-09-25 07:25:25,397 [ForkJoinPool.commonPool-worker-1] INFO  handler.ContextHandler (ContextHandler.java:doStop(910)) - Stopped o.e.j.s.ServletContextHandler@2c9306d3{/logs,file:///workdir/hadoop-ozone/ozonefs/target/log,UNAVAILABLE}
2019-09-25 07:25:26,131 [Datanode State Machine Thread - 0] INFO  statemachine.DatanodeStateMachine (DatanodeStateMachine.java:lambda$startDaemon$0(350)) - Ozone container server started.
2019-09-25 07:25:30,383 [main] INFO  ozoneimpl.OzoneContainer (OzoneContainer.java:stop(231)) - Attempting to stop container services.
2019-09-25 07:25:30,384 [main] INFO  impl.RaftServerProxy (RaftServerProxy.java:lambda$close$4(314)) - 02ae206c-fcef-49cc-90ae-73b84a5bab29: close
2019-09-25 07:25:30,384 [main] INFO  impl.RaftServerImpl (RaftServerImpl.java:lambda$shutdown$3(251)) - 02ae206c-fcef-49cc-90ae-73b84a5bab29@group-1CB393AD2F8E: shutdown
2019-09-25 07:25:30,385 [ForkJoinPool.commonPool-worker-0] INFO  impl.RaftServerImpl (RaftServerImpl.java:lambda$shutdown$3(251)) - 02ae206c-fcef-49cc-90ae-73b84a5bab29@group-FED0556A1E9A: shutdown
2019-09-25 07:25:30,385 [main] INFO  util.JmxRegister (JmxRegister.java:unregister(73)) - Successfully un-registered JMX Bean with object name Ratis:service=RaftServer,group=group-1CB393AD2F8E,id=02ae206c-fcef-49cc-90ae-73b84a5bab29
2019-09-25 07:25:30,385 [ForkJoinPool.commonPool-worker-0] INFO  util.JmxRegister (JmxRegister.java:unregister(73)) - Successfully un-registered JMX Bean with object name Ratis:service=RaftServer,group=group-FED0556A1E9A,id=02ae206c-fcef-49cc-90ae-73b84a5bab29
2019-09-25 07:25:30,386 [main] INFO  impl.RoleInfo (RoleInfo.java:shutdownLeaderState(104)) - 02ae206c-fcef-49cc-90ae-73b84a5bab29: shutdown LeaderState
2019-09-25 07:25:30,386 [ForkJoinPool.commonPool-worker-0] INFO  impl.RoleInfo (RoleInfo.java:shutdownLeaderState(104)) - 02ae206c-fcef-49cc-90ae-73b84a5bab29: shutdown LeaderState
2019-09-25 07:25:30,386 [main] INFO  impl.PendingRequests (PendingRequests.java:sendNotLeaderResponses(202)) - 02ae206c-fcef-49cc-90ae-73b84a5bab29-PendingRequests: sendNotLeaderResponses
2019-09-25 07:25:30,386 [ForkJoinPool.commonPool-worker-0] INFO  impl.PendingRequests (PendingRequests.java:sendNotLeaderResponses(202)) - 02ae206c-fcef-49cc-90ae-73b84a5bab29-PendingRequests: sendNotLeaderResponses
2019-09-25 07:25:30,387 [main] INFO  impl.StateMachineUpdater (StateMachineUpdater.java:stopAndJoin(125)) - 02ae206c-fcef-49cc-90ae-73b84a5bab29@group-1CB393AD2F8E-StateMachineUpdater: set stopIndex = 0
2019-09-25 07:25:30,387 [main] INFO  impl.RaftServerImpl (ServerState.java:close(385)) - 02ae206c-fcef-49cc-90ae-73b84a5bab29@group-1CB393AD2F8E: closes. applyIndex: 0
2019-09-25 07:25:30,387 [ForkJoinPool.commonPool-worker-0] INFO  impl.StateMachineUpdater (StateMachineUpdater.java:stopAndJoin(125)) - 02ae206c-fcef-49cc-90ae-73b84a5bab29@group-FED0556A1E9A-StateMachineUpdater: set stopIndex = 0
2019-09-25 07:25:30,388 [02ae206c-fcef-49cc-90ae-73b84a5bab29@group-1CB393AD2F8E-SegmentedRaftLogWorker] INFO  segmented.SegmentedRaftLogWorker (SegmentedRaftLogWorker.java:run(313)) - 02ae206c-fcef-49cc-90ae-73b84a5bab29@group-1CB393AD2F8E-SegmentedRaftLogWorker was interrupted, exiting. There are 0 tasks remaining in the queue.
2019-09-25 07:25:30,388 [ForkJoinPool.commonPool-worker-0] INFO  impl.RaftServerImpl (ServerState.java:close(385)) - 02ae206c-fcef-49cc-90ae-73b84a5bab29@group-FED0556A1E9A: closes. applyIndex: 0
2019-09-25 07:25:30,388 [main] INFO  segmented.SegmentedRaftLogWorker (SegmentedRaftLogWorker.java:close(228)) - 02ae206c-fcef-49cc-90ae-73b84a5bab29@group-1CB393AD2F8E-SegmentedRaftLogWorker close()
2019-09-25 07:25:30,389 [02ae206c-fcef-49cc-90ae-73b84a5bab29@group-FED0556A1E9A-SegmentedRaftLogWorker] INFO  segmented.SegmentedRaftLogWorker (SegmentedRaftLogWorker.java:run(313)) - 02ae206c-fcef-49cc-90ae-73b84a5bab29@group-FED0556A1E9A-SegmentedRaftLogWorker was interrupted, exiting. There are 0 tasks remaining in the queue.
2019-09-25 07:25:30,391 [main] INFO  impl.RaftServerImpl (RaftServerImpl.java:lambda$shutdown$3(251)) - 02ae206c-fcef-49cc-90ae-73b84a5bab29@group-9D4322D63CA7: shutdown
2019-09-25 07:25:30,392 [main] INFO  util.JmxRegister (JmxRegister.java:unregister(73)) - Successfully un-registered JMX Bean with object name Ratis:service=RaftServer,group=group-9D4322D63CA7,id=02ae206c-fcef-49cc-90ae-73b84a5bab29
2019-09-25 07:25:30,392 [main] INFO  impl.RoleInfo (RoleInfo.java:shutdownLeaderState(104)) - 02ae206c-fcef-49cc-90ae-73b84a5bab29: shutdown LeaderState
2019-09-25 07:25:30,392 [main] INFO  impl.PendingRequests (PendingRequests.java:sendNotLeaderResponses(202)) - 02ae206c-fcef-49cc-90ae-73b84a5bab29-PendingRequests: sendNotLeaderResponses
2019-09-25 07:25:30,393 [main] INFO  impl.StateMachineUpdater (StateMachineUpdater.java:stopAndJoin(125)) - 02ae206c-fcef-49cc-90ae-73b84a5bab29@group-9D4322D63CA7-StateMachineUpdater: set stopIndex = 0
2019-09-25 07:25:30,393 [main] INFO  impl.RaftServerImpl (ServerState.java:close(385)) - 02ae206c-fcef-49cc-90ae-73b84a5bab29@group-9D4322D63CA7: closes. applyIndex: 0
2019-09-25 07:25:30,394 [02ae206c-fcef-49cc-90ae-73b84a5bab29@group-9D4322D63CA7-SegmentedRaftLogWorker] INFO  segmented.SegmentedRaftLogWorker (SegmentedRaftLogWorker.java:run(313)) - 02ae206c-fcef-49cc-90ae-73b84a5bab29@group-9D4322D63CA7-SegmentedRaftLogWorker was interrupted, exiting. There are 0 tasks remaining in the queue.
2019-09-25 07:25:30,401 [main] INFO  segmented.SegmentedRaftLogWorker (SegmentedRaftLogWorker.java:close(228)) - 02ae206c-fcef-49cc-90ae-73b84a5bab29@group-9D4322D63CA7-SegmentedRaftLogWorker close()
2019-09-25 07:25:30,401 [ForkJoinPool.commonPool-worker-0] INFO  segmented.SegmentedRaftLogWorker (SegmentedRaftLogWorker.java:close(228)) - 02ae206c-fcef-49cc-90ae-73b84a5bab29@group-FED0556A1E9A-SegmentedRaftLogWorker close()
2019-09-25 07:25:30,404 [main] INFO  impl.RaftServerImpl (RaftServerImpl.java:lambda$shutdown$3(251)) - 02ae206c-fcef-49cc-90ae-73b84a5bab29@group-A59CF723A3F6: shutdown
2019-09-25 07:25:30,406 [main] INFO  util.JmxRegister (JmxRegister.java:unregister(73)) - Successfully un-registered JMX Bean with object name Ratis:service=RaftServer,group=group-A59CF723A3F6,id=02ae206c-fcef-49cc-90ae-73b84a5bab29
2019-09-25 07:25:30,406 [main] INFO  impl.RoleInfo (RoleInfo.java:shutdownLeaderState(104)) - 02ae206c-fcef-49cc-90ae-73b84a5bab29: shutdown LeaderState
2019-09-25 07:25:30,407 [main] INFO  impl.PendingRequests (PendingRequests.java:sendNotLeaderResponses(202)) - 02ae206c-fcef-49cc-90ae-73b84a5bab29-PendingRequests: sendNotLeaderResponses
2019-09-25 07:25:30,407 [main] INFO  impl.StateMachineUpdater (StateMachineUpdater.java:stopAndJoin(125)) - 02ae206c-fcef-49cc-90ae-73b84a5bab29@group-A59CF723A3F6-StateMachineUpdater: set stopIndex = 0
2019-09-25 07:25:30,408 [main] INFO  impl.RaftServerImpl (ServerState.java:close(385)) - 02ae206c-fcef-49cc-90ae-73b84a5bab29@group-A59CF723A3F6: closes. applyIndex: 0
2019-09-25 07:25:30,408 [02ae206c-fcef-49cc-90ae-73b84a5bab29@group-A59CF723A3F6-SegmentedRaftLogWorker] INFO  segmented.SegmentedRaftLogWorker (SegmentedRaftLogWorker.java:run(313)) - 02ae206c-fcef-49cc-90ae-73b84a5bab29@group-A59CF723A3F6-SegmentedRaftLogWorker was interrupted, exiting. There are 0 tasks remaining in the queue.
2019-09-25 07:25:30,408 [main] INFO  segmented.SegmentedRaftLogWorker (SegmentedRaftLogWorker.java:close(228)) - 02ae206c-fcef-49cc-90ae-73b84a5bab29@group-A59CF723A3F6-SegmentedRaftLogWorker close()
2019-09-25 07:25:30,410 [main] INFO  impl.RaftServerImpl (RaftServerImpl.java:lambda$shutdown$3(251)) - 02ae206c-fcef-49cc-90ae-73b84a5bab29@group-588B8E602695: shutdown
2019-09-25 07:25:30,411 [main] INFO  util.JmxRegister (JmxRegister.java:unregister(73)) - Successfully un-registered JMX Bean with object name Ratis:service=RaftServer,group=group-588B8E602695,id=02ae206c-fcef-49cc-90ae-73b84a5bab29
2019-09-25 07:25:30,411 [main] INFO  impl.RoleInfo (RoleInfo.java:shutdownLeaderState(104)) - 02ae206c-fcef-49cc-90ae-73b84a5bab29: shutdown LeaderState
2019-09-25 07:25:30,412 [main] INFO  impl.PendingRequests (PendingRequests.java:sendNotLeaderResponses(202)) - 02ae206c-fcef-49cc-90ae-73b84a5bab29-PendingRequests: sendNotLeaderResponses
2019-09-25 07:25:30,412 [main] INFO  impl.StateMachineUpdater (StateMachineUpdater.java:stopAndJoin(125)) - 02ae206c-fcef-49cc-90ae-73b84a5bab29@group-588B8E602695-StateMachineUpdater: set stopIndex = 0
2019-09-25 07:25:30,413 [main] INFO  impl.RaftServerImpl (ServerState.java:close(385)) - 02ae206c-fcef-49cc-90ae-73b84a5bab29@group-588B8E602695: closes. applyIndex: 0
2019-09-25 07:25:30,413 [02ae206c-fcef-49cc-90ae-73b84a5bab29@group-588B8E602695-SegmentedRaftLogWorker] INFO  segmented.SegmentedRaftLogWorker (SegmentedRaftLogWorker.java:run(313)) - 02ae206c-fcef-49cc-90ae-73b84a5bab29@group-588B8E602695-SegmentedRaftLogWorker was interrupted, exiting. There are 0 tasks remaining in the queue.
2019-09-25 07:25:30,413 [main] INFO  segmented.SegmentedRaftLogWorker (SegmentedRaftLogWorker.java:close(228)) - 02ae206c-fcef-49cc-90ae-73b84a5bab29@group-588B8E602695-SegmentedRaftLogWorker close()
2019-09-25 07:25:30,415 [main] INFO  impl.RaftServerImpl (RaftServerImpl.java:lambda$shutdown$3(251)) - 02ae206c-fcef-49cc-90ae-73b84a5bab29@group-8E75BC82D54A: shutdown
2019-09-25 07:25:30,416 [main] INFO  util.JmxRegister (JmxRegister.java:unregister(73)) - Successfully un-registered JMX Bean with object name Ratis:service=RaftServer,group=group-8E75BC82D54A,id=02ae206c-fcef-49cc-90ae-73b84a5bab29
2019-09-25 07:25:30,416 [main] INFO  impl.RoleInfo (RoleInfo.java:shutdownLeaderState(104)) - 02ae206c-fcef-49cc-90ae-73b84a5bab29: shutdown LeaderState
2019-09-25 07:25:30,417 [main] INFO  impl.PendingRequests (PendingRequests.java:sendNotLeaderResponses(202)) - 02ae206c-fcef-49cc-90ae-73b84a5bab29-PendingRequests: sendNotLeaderResponses
2019-09-25 07:25:30,417 [main] INFO  impl.StateMachineUpdater (StateMachineUpdater.java:stopAndJoin(125)) - 02ae206c-fcef-49cc-90ae-73b84a5bab29@group-8E75BC82D54A-StateMachineUpdater: set stopIndex = 0
2019-09-25 07:25:30,418 [main] INFO  impl.RaftServerImpl (ServerState.java:close(385)) - 02ae206c-fcef-49cc-90ae-73b84a5bab29@group-8E75BC82D54A: closes. applyIndex: 0
2019-09-25 07:25:30,418 [02ae206c-fcef-49cc-90ae-73b84a5bab29@group-8E75BC82D54A-SegmentedRaftLogWorker] INFO  segmented.SegmentedRaftLogWorker (SegmentedRaftLogWorker.java:run(313)) - 02ae206c-fcef-49cc-90ae-73b84a5bab29@group-8E75BC82D54A-SegmentedRaftLogWorker was interrupted, exiting. There are 0 tasks remaining in the queue.
2019-09-25 07:25:30,418 [main] INFO  segmented.SegmentedRaftLogWorker (SegmentedRaftLogWorker.java:close(228)) - 02ae206c-fcef-49cc-90ae-73b84a5bab29@group-8E75BC82D54A-SegmentedRaftLogWorker close()
2019-09-25 07:25:30,420 [main] INFO  server.GrpcService (GrpcService.java:closeImpl(164)) - 02ae206c-fcef-49cc-90ae-73b84a5bab29: shutdown server with port 38923 now
2019-09-25 07:25:30,422 [main] INFO  server.GrpcService (GrpcService.java:closeImpl(172)) - 02ae206c-fcef-49cc-90ae-73b84a5bab29: shutdown server with port 38923 successfully
2019-09-25 07:25:30,424 [refreshUsed-/workdir/hadoop-ozone/ozonefs/target/test-dir/MiniOzoneClusterImpl-10aaa320-0427-4efe-b245-6da614d0b375/datanode-2/data/containers] WARN  fs.CachingGetSpaceUsed (CachingGetSpaceUsed.java:run(183)) - Thread Interrupted waiting to refresh disk information: sleep interrupted
2019-09-25 07:25:30,453 [main] INFO  utils.BackgroundService (BackgroundService.java:shutdown(148)) - Shutting down service BlockDeletingService
2019-09-25 07:25:30,458 [main] INFO  statemachine.DatanodeStateMachine (DatanodeStateMachine.java:stopDaemon(395)) - Ozone container server stopped.
2019-09-25 07:25:30,459 [main] INFO  handler.ContextHandler (ContextHandler.java:doStop(910)) - Stopped o.e.j.w.WebAppContext@3a0b6a{/,null,UNAVAILABLE}{/hddsDatanode}
2019-09-25 07:25:30,460 [main] INFO  server.AbstractConnector (AbstractConnector.java:doStop(318)) - Stopped ServerConnector@539c4830{HTTP/1.1,[http/1.1]}{0.0.0.0:0}
2019-09-25 07:25:30,460 [main] INFO  handler.ContextHandler (ContextHandler.java:doStop(910)) - Stopped o.e.j.s.ServletContextHandler@27ec8754{/static,jar:file:/home/user/.m2/repository/org/apache/hadoop/hadoop-hdds-container-service/0.5.0-SNAPSHOT/hadoop-hdds-container-service-0.5.0-SNAPSHOT.jar!/webapps/static,UNAVAILABLE}
2019-09-25 07:25:30,461 [main] INFO  handler.ContextHandler (ContextHandler.java:doStop(910)) - Stopped o.e.j.s.ServletContextHandler@546ed2a0{/logs,file:///workdir/hadoop-ozone/ozonefs/target/log,UNAVAILABLE}
2019-09-25 07:25:30,462 [main] INFO  ozone.MiniOzoneClusterImpl (MiniOzoneClusterImpl.java:stopSCM(392)) - Stopping the StorageContainerManager
2019-09-25 07:25:30,462 [main] INFO  server.StorageContainerManager (StorageContainerManager.java:stop(808)) - Stopping Replication Manager Service.
2019-09-25 07:25:30,462 [main] INFO  container.ReplicationManager (ReplicationManager.java:stop(204)) - Stopping Replication Monitor Thread.
2019-09-25 07:25:30,463 [main] INFO  server.StorageContainerManager (StorageContainerManager.java:stop(815)) - Stopping Lease Manager of the command watchers
2019-09-25 07:25:30,463 [main] INFO  server.StorageContainerManager (StorageContainerManager.java:stop(822)) - Stopping datanode service RPC server
2019-09-25 07:25:30,463 [main] INFO  server.SCMDatanodeProtocolServer (SCMDatanodeProtocolServer.java:stop(367)) - Stopping the RPC server for DataNodes
2019-09-25 07:25:30,463 [main] INFO  ipc.Server (Server.java:stop(3082)) - Stopping server on 36414
2019-09-25 07:25:30,466 [IPC Server listener on 36414] INFO  ipc.Server (Server.java:run(1185)) - Stopping IPC Server listener on 36414
2019-09-25 07:25:30,469 [IPC Server Responder] INFO  ipc.Server (Server.java:run(1319)) - Stopping IPC Server Responder
2019-09-25 07:25:30,531 [SCM Heartbeat Processing Thread - 0] WARN  node.NodeStateManager (NodeStateManager.java:scheduleNextHealthCheck(655)) - Current Thread is interrupted, shutting down HB processing thread for Node Manager.
2019-09-25 07:25:30,531 [main] INFO  server.StorageContainerManager (StorageContainerManager.java:stop(830)) - Stopping block service RPC server
2019-09-25 07:25:30,531 [main] INFO  server.SCMBlockProtocolServer (SCMBlockProtocolServer.java:stop(155)) - Stopping the RPC server for Block Protocol
2019-09-25 07:25:30,532 [main] INFO  ipc.Server (Server.java:stop(3082)) - Stopping server on 38954
2019-09-25 07:25:30,541 [main] INFO  server.StorageContainerManager (StorageContainerManager.java:stop(837)) - Stopping the StorageContainerLocationProtocol RPC server
2019-09-25 07:25:30,541 [IPC Server Responder] INFO  ipc.Server (Server.java:run(1319)) - Stopping IPC Server Responder
2019-09-25 07:25:30,541 [main] INFO  server.SCMClientProtocolServer (SCMClientProtocolServer.java:stop(159)) - Stopping the RPC server for Client Protocol
2019-09-25 07:25:30,542 [main] INFO  ipc.Server (Server.java:stop(3082)) - Stopping server on 32790
2019-09-25 07:25:30,541 [IPC Server listener on 38954] INFO  ipc.Server (Server.java:run(1185)) - Stopping IPC Server listener on 38954
2019-09-25 07:25:30,546 [IPC Server listener on 32790] INFO  ipc.Server (Server.java:run(1185)) - Stopping IPC Server listener on 32790
2019-09-25 07:25:30,546 [main] INFO  server.StorageContainerManager (StorageContainerManager.java:stop(844)) - Stopping Storage Container Manager HTTP server.
2019-09-25 07:25:30,547 [IPC Server Responder] INFO  ipc.Server (Server.java:run(1319)) - Stopping IPC Server Responder
2019-09-25 07:25:30,549 [main] INFO  handler.ContextHandler (ContextHandler.java:doStop(910)) - Stopped o.e.j.w.WebAppContext@1e226bcd{/,null,UNAVAILABLE}{/scm}
2019-09-25 07:25:30,550 [main] INFO  server.AbstractConnector (AbstractConnector.java:doStop(318)) - Stopped ServerConnector@2a8dd942{HTTP/1.1,[http/1.1]}{0.0.0.0:0}
2019-09-25 07:25:30,550 [main] INFO  handler.ContextHandler (ContextHandler.java:doStop(910)) - Stopped o.e.j.s.ServletContextHandler@6897a4a{/static,jar:file:/home/user/.m2/repository/org/apache/hadoop/hadoop-hdds-server-scm/0.5.0-SNAPSHOT/hadoop-hdds-server-scm-0.5.0-SNAPSHOT.jar!/webapps/static,UNAVAILABLE}
2019-09-25 07:25:30,550 [main] INFO  handler.ContextHandler (ContextHandler.java:doStop(910)) - Stopped o.e.j.s.ServletContextHandler@5287ba5f{/logs,file:///workdir/hadoop-ozone/ozonefs/target/log,UNAVAILABLE}
2019-09-25 07:25:30,552 [main] INFO  server.StorageContainerManager (StorageContainerManager.java:stop(855)) - Stopping Block Manager Service.
2019-09-25 07:25:30,552 [main] INFO  utils.BackgroundService (BackgroundService.java:shutdown(148)) - Shutting down service SCMBlockDeletingService
2019-09-25 07:25:30,553 [main] INFO  utils.BackgroundService (BackgroundService.java:shutdown(148)) - Shutting down service SCMBlockDeletingService
2019-09-25 07:25:30,553 [main] INFO  server.StorageContainerManager (StorageContainerManager.java:stop(877)) - Stopping SCM Event Queue.
2019-09-25 07:25:30,556 [main] INFO  impl.MetricsSystemImpl (MetricsSystemImpl.java:stop(210)) - Stopping HddsDatanode metrics system...
2019-09-25 07:25:30,562 [main] INFO  impl.MetricsSystemImpl (MetricsSystemImpl.java:stop(216)) - HddsDatanode metrics system stopped.
]]></system-out>
  </testcase>
  <testcase name="testOzoneManagerFileSystemInterface[1]" classname="org.apache.hadoop.fs.ozone.TestOzoneFileInterfaces" time="17.332"/>
  <testcase name="testListStatus[1]" classname="org.apache.hadoop.fs.ozone.TestOzoneFileInterfaces" time="17.039"/>
  <testcase name="testDirectory[1]" classname="org.apache.hadoop.fs.ozone.TestOzoneFileInterfaces" time="17.128"/>
  <testcase name="testPathToKey[1]" classname="org.apache.hadoop.fs.ozone.TestOzoneFileInterfaces" time="17.591"/>
  <testcase name="testFileSystemInit[1]" classname="org.apache.hadoop.fs.ozone.TestOzoneFileInterfaces" time="17.306"/>
  <testcase name="testOzFsReadWrite[1]" classname="org.apache.hadoop.fs.ozone.TestOzoneFileInterfaces" time="17.589">
    <error message="Allocated 0 blocks. Requested 1 blocks" type="INTERNAL_ERROR org.apache.hadoop.ozone.om.exceptions.OMException">INTERNAL_ERROR org.apache.hadoop.ozone.om.exceptions.OMException: Allocated 0 blocks. Requested 1 blocks
	at org.apache.hadoop.ozone.om.protocolPB.OzoneManagerProtocolClientSideTranslatorPB.handleError(OzoneManagerProtocolClientSideTranslatorPB.java:732)
	at org.apache.hadoop.ozone.om.protocolPB.OzoneManagerProtocolClientSideTranslatorPB.createFile(OzoneManagerProtocolClientSideTranslatorPB.java:1536)
	at sun.reflect.NativeMethodAccessorImpl.invoke0(Native Method)
	at sun.reflect.NativeMethodAccessorImpl.invoke(NativeMethodAccessorImpl.java:62)
	at sun.reflect.DelegatingMethodAccessorImpl.invoke(DelegatingMethodAccessorImpl.java:43)
	at java.lang.reflect.Method.invoke(Method.java:498)
	at org.apache.hadoop.hdds.tracing.TraceAllMethod.invoke(TraceAllMethod.java:66)
	at com.sun.proxy.$Proxy39.createFile(Unknown Source)
	at org.apache.hadoop.ozone.client.rpc.RpcClient.createFile(RpcClient.java:1006)
	at org.apache.hadoop.ozone.client.OzoneBucket.createFile(OzoneBucket.java:537)
	at org.apache.hadoop.fs.ozone.BasicOzoneClientAdapterImpl.createFile(BasicOzoneClientAdapterImpl.java:205)
	at org.apache.hadoop.fs.ozone.BasicOzoneFileSystem.createOutputStream(BasicOzoneFileSystem.java:250)
	at org.apache.hadoop.fs.ozone.BasicOzoneFileSystem.create(BasicOzoneFileSystem.java:231)
	at org.apache.hadoop.fs.FileSystem.create(FileSystem.java:1118)
	at org.apache.hadoop.fs.FileSystem.create(FileSystem.java:1098)
	at org.apache.hadoop.fs.FileSystem.create(FileSystem.java:987)
	at org.apache.hadoop.fs.FileSystem.create(FileSystem.java:975)
	at org.apache.hadoop.fs.ozone.TestOzoneFileInterfaces.testOzFsReadWrite(TestOzoneFileInterfaces.java:169)
	at sun.reflect.NativeMethodAccessorImpl.invoke0(Native Method)
	at sun.reflect.NativeMethodAccessorImpl.invoke(NativeMethodAccessorImpl.java:62)
	at sun.reflect.DelegatingMethodAccessorImpl.invoke(DelegatingMethodAccessorImpl.java:43)
	at java.lang.reflect.Method.invoke(Method.java:498)
	at org.junit.runners.model.FrameworkMethod$1.runReflectiveCall(FrameworkMethod.java:47)
	at org.junit.internal.runners.model.ReflectiveCallable.run(ReflectiveCallable.java:12)
	at org.junit.runners.model.FrameworkMethod.invokeExplosively(FrameworkMethod.java:44)
	at org.junit.internal.runners.statements.InvokeMethod.evaluate(InvokeMethod.java:17)
	at org.junit.internal.runners.statements.RunBefores.evaluate(RunBefores.java:26)
	at org.junit.internal.runners.statements.RunAfters.evaluate(RunAfters.java:27)
	at org.junit.runners.ParentRunner.runLeaf(ParentRunner.java:271)
	at org.junit.runners.BlockJUnit4ClassRunner.runChild(BlockJUnit4ClassRunner.java:70)
	at org.junit.runners.BlockJUnit4ClassRunner.runChild(BlockJUnit4ClassRunner.java:50)
	at org.junit.runners.ParentRunner$3.run(ParentRunner.java:238)
	at org.junit.runners.ParentRunner$1.schedule(ParentRunner.java:63)
	at org.junit.runners.ParentRunner.runChildren(ParentRunner.java:236)
	at org.junit.runners.ParentRunner.access$000(ParentRunner.java:53)
	at org.junit.runners.ParentRunner$2.evaluate(ParentRunner.java:229)
	at org.junit.runners.ParentRunner.run(ParentRunner.java:309)
	at org.junit.runners.Suite.runChild(Suite.java:127)
	at org.junit.runners.Suite.runChild(Suite.java:26)
	at org.junit.runners.ParentRunner$3.run(ParentRunner.java:238)
	at org.junit.runners.ParentRunner$1.schedule(ParentRunner.java:63)
	at org.junit.runners.ParentRunner.runChildren(ParentRunner.java:236)
	at org.junit.runners.ParentRunner.access$000(ParentRunner.java:53)
	at org.junit.runners.ParentRunner$2.evaluate(ParentRunner.java:229)
	at org.junit.runners.ParentRunner.run(ParentRunner.java:309)
	at org.apache.maven.surefire.junit4.JUnit4Provider.execute(JUnit4Provider.java:365)
	at org.apache.maven.surefire.junit4.JUnit4Provider.executeWithRerun(JUnit4Provider.java:273)
	at org.apache.maven.surefire.junit4.JUnit4Provider.executeTestSet(JUnit4Provider.java:238)
	at org.apache.maven.surefire.junit4.JUnit4Provider.invoke(JUnit4Provider.java:159)
	at org.apache.maven.surefire.booter.ForkedBooter.invokeProviderInSameClassLoader(ForkedBooter.java:384)
	at org.apache.maven.surefire.booter.ForkedBooter.runSuitesInProcess(ForkedBooter.java:345)
	at org.apache.maven.surefire.booter.ForkedBooter.execute(ForkedBooter.java:126)
	at org.apache.maven.surefire.booter.ForkedBooter.main(ForkedBooter.java:418)
</error>
    <system-out><![CDATA[2019-09-25 07:26:57,005 [main] WARN  server.ServerUtils (ServerUtils.java:getScmDbDir(145)) - ozone.scm.db.dirs is not configured. We recommend adding this setting. Falling back to ozone.metadata.dirs instead.
2019-09-25 07:26:57,031 [main] WARN  server.ServerUtils (ServerUtils.java:getScmDbDir(145)) - ozone.scm.db.dirs is not configured. We recommend adding this setting. Falling back to ozone.metadata.dirs instead.
2019-09-25 07:26:57,032 [main] WARN  server.ServerUtils (ServerUtils.java:getScmDbDir(145)) - ozone.scm.db.dirs is not configured. We recommend adding this setting. Falling back to ozone.metadata.dirs instead.
2019-09-25 07:26:57,032 [main] INFO  db.DBStoreBuilder (DBStoreBuilder.java:addTable(110)) - using custom profile for table: deletedBlocks
2019-09-25 07:26:57,032 [main] INFO  db.DBStoreBuilder (DBStoreBuilder.java:processTables(161)) - Using default column profile:DBProfile.DISK for Table:deletedBlocks
2019-09-25 07:26:57,033 [main] INFO  db.DBStoreBuilder (DBStoreBuilder.java:addTable(110)) - using custom profile for table: validCerts
2019-09-25 07:26:57,033 [main] INFO  db.DBStoreBuilder (DBStoreBuilder.java:processTables(161)) - Using default column profile:DBProfile.DISK for Table:validCerts
2019-09-25 07:26:57,033 [main] INFO  db.DBStoreBuilder (DBStoreBuilder.java:addTable(110)) - using custom profile for table: revokedCerts
2019-09-25 07:26:57,034 [main] INFO  db.DBStoreBuilder (DBStoreBuilder.java:processTables(161)) - Using default column profile:DBProfile.DISK for Table:revokedCerts
2019-09-25 07:26:57,034 [main] INFO  db.DBStoreBuilder (DBStoreBuilder.java:addTable(110)) - using custom profile for table: default
2019-09-25 07:26:57,034 [main] INFO  db.DBStoreBuilder (DBStoreBuilder.java:processTables(167)) - Using default column profile:DBProfile.DISK for Table:default
2019-09-25 07:26:57,034 [main] INFO  db.DBStoreBuilder (DBStoreBuilder.java:getDbProfile(198)) - Using default options. DBProfile.DISK
2019-09-25 07:26:57,188 [main] INFO  net.NodeSchemaLoader (NodeSchemaLoader.java:loadSchemaFromFile(125)) - Loading file from sun.misc.CompoundEnumeration@20231384
2019-09-25 07:26:57,188 [main] INFO  net.NodeSchemaLoader (NodeSchemaLoader.java:loadSchema(171)) - Loading network topology layer schema file
2019-09-25 07:26:57,192 [main] WARN  server.ServerUtils (ServerUtils.java:sanitizeUserArgs(70)) - ozone.scm.stale.node.interval value = 300000 is larger than max = 100000 based on the key value of ozone.scm.heartbeat.thread.interval, reset to the max value 100000.
2019-09-25 07:26:57,192 [main] WARN  server.ServerUtils (ServerUtils.java:sanitizeUserArgs(70)) - ozone.scm.stale.node.interval value = 300000 is larger than max = 100000 based on the key value of ozone.scm.heartbeat.thread.interval, reset to the max value 100000.
2019-09-25 07:26:57,193 [main] INFO  node.SCMNodeManager (SCMNodeManager.java:<init>(114)) - Entering startup safe mode.
2019-09-25 07:26:57,193 [main] INFO  algorithms.ContainerPlacementPolicyFactory (ContainerPlacementPolicyFactory.java:getPolicy(59)) - Create container placement policy of type org.apache.hadoop.hdds.scm.container.placement.algorithms.SCMContainerPlacementRandom
2019-09-25 07:26:57,194 [main] WARN  server.ServerUtils (ServerUtils.java:getScmDbDir(145)) - ozone.scm.db.dirs is not configured. We recommend adding this setting. Falling back to ozone.metadata.dirs instead.
2019-09-25 07:26:57,230 [main] INFO  pipeline.SCMPipelineManager (SCMPipelineManager.java:initializePipelineState(132)) - No pipeline exists in current db
2019-09-25 07:26:57,231 [main] WARN  server.ServerUtils (ServerUtils.java:getScmDbDir(145)) - ozone.scm.db.dirs is not configured. We recommend adding this setting. Falling back to ozone.metadata.dirs instead.
2019-09-25 07:26:57,279 [main] WARN  events.EventQueue (EventQueue.java:fireEvent(183)) - No event handler registered for event TypedEvent{payloadType=SafeModeStatus, name='SafeModeStatus'}
2019-09-25 07:26:57,280 [main] INFO  ipc.CallQueueManager (CallQueueManager.java:<init>(84)) - Using callQueue: class java.util.concurrent.LinkedBlockingQueue, queueCapacity: 2000, scheduler: class org.apache.hadoop.ipc.DefaultRpcScheduler, ipcBackoff: false.
2019-09-25 07:26:57,281 [Socket Reader #1 for port 43825] INFO  ipc.Server (Server.java:run(1074)) - Starting Socket Reader #1 for port 43825
2019-09-25 07:26:57,283 [main] INFO  ipc.CallQueueManager (CallQueueManager.java:<init>(84)) - Using callQueue: class java.util.concurrent.LinkedBlockingQueue, queueCapacity: 2000, scheduler: class org.apache.hadoop.ipc.DefaultRpcScheduler, ipcBackoff: false.
2019-09-25 07:26:57,284 [Socket Reader #1 for port 37456] INFO  ipc.Server (Server.java:run(1074)) - Starting Socket Reader #1 for port 37456
2019-09-25 07:26:57,286 [main] INFO  ipc.CallQueueManager (CallQueueManager.java:<init>(84)) - Using callQueue: class java.util.concurrent.LinkedBlockingQueue, queueCapacity: 2000, scheduler: class org.apache.hadoop.ipc.DefaultRpcScheduler, ipcBackoff: false.
2019-09-25 07:26:57,287 [Socket Reader #1 for port 40503] INFO  ipc.Server (Server.java:run(1074)) - Starting Socket Reader #1 for port 40503
2019-09-25 07:26:57,289 [main] INFO  hdfs.DFSUtil (DFSUtil.java:httpServerTemplateForNNAndJN(1641)) - Starting Web-server for scm at: http://0.0.0.0:0
2019-09-25 07:26:57,292 [main] INFO  server.AuthenticationFilter (AuthenticationFilter.java:constructSecretProvider(240)) - Unable to initialize FileSignerSecretProvider, falling back to use random secrets.
2019-09-25 07:26:57,292 [main] WARN  http.HttpRequestLog (HttpRequestLog.java:getRequestLog(97)) - Jetty request log can only be enabled using Log4j
2019-09-25 07:26:57,294 [main] INFO  http.HttpServer2 (HttpServer2.java:addGlobalFilter(975)) - Added global filter 'safety' (class=org.apache.hadoop.http.HttpServer2$QuotingInputFilter)
2019-09-25 07:26:57,295 [main] INFO  http.HttpServer2 (HttpServer2.java:addFilter(948)) - Added filter static_user_filter (class=org.apache.hadoop.http.lib.StaticUserWebFilter$StaticUserFilter) to context scm
2019-09-25 07:26:57,295 [main] INFO  http.HttpServer2 (HttpServer2.java:addFilter(958)) - Added filter static_user_filter (class=org.apache.hadoop.http.lib.StaticUserWebFilter$StaticUserFilter) to context static
2019-09-25 07:26:57,295 [main] INFO  http.HttpServer2 (HttpServer2.java:addFilter(958)) - Added filter static_user_filter (class=org.apache.hadoop.http.lib.StaticUserWebFilter$StaticUserFilter) to context logs
2019-09-25 07:26:57,297 [main] INFO  server.StorageContainerManager (StorageContainerManager.java:start(770)) - StorageContainerLocationProtocol RPC server is listening at /0.0.0.0:40503
2019-09-25 07:26:57,299 [main] WARN  impl.MetricsConfig (MetricsConfig.java:loadFirst(134)) - Cannot locate configuration: tried hadoop-metrics2-storagecontainermanager.properties,hadoop-metrics2.properties
2019-09-25 07:26:57,300 [main] INFO  impl.MetricsSystemImpl (MetricsSystemImpl.java:startTimer(374)) - Scheduled Metric snapshot period at 10 second(s).
2019-09-25 07:26:57,300 [main] INFO  impl.MetricsSystemImpl (MetricsSystemImpl.java:start(191)) - StorageContainerManager metrics system started
2019-09-25 07:26:57,426 [main] WARN  impl.MetricsSystemImpl (MetricsSystemImpl.java:register(276)) - Sink prometheus already exists!
2019-09-25 07:26:57,610 [main] INFO  server.SCMClientProtocolServer (SCMClientProtocolServer.java:start(151)) - RPC server for Client  is listening at /0.0.0.0:40503
2019-09-25 07:26:57,610 [IPC Server Responder] INFO  ipc.Server (Server.java:run(1314)) - IPC Server Responder: starting
2019-09-25 07:26:57,611 [IPC Server listener on 40503] INFO  ipc.Server (Server.java:run(1153)) - IPC Server listener on 40503: starting
2019-09-25 07:26:57,617 [main] INFO  server.StorageContainerManager (StorageContainerManager.java:start(780)) - ScmBlockLocationProtocol RPC server is listening at /0.0.0.0:37456
2019-09-25 07:26:57,618 [main] INFO  server.SCMBlockProtocolServer (SCMBlockProtocolServer.java:start(146)) - RPC server for Block Protocol is listening at /0.0.0.0:37456
2019-09-25 07:26:57,618 [IPC Server Responder] INFO  ipc.Server (Server.java:run(1314)) - IPC Server Responder: starting
2019-09-25 07:26:57,618 [IPC Server listener on 37456] INFO  ipc.Server (Server.java:run(1153)) - IPC Server listener on 37456: starting
2019-09-25 07:26:57,625 [main] INFO  server.StorageContainerManager (StorageContainerManager.java:start(784)) - ScmDatanodeProtocl RPC server is listening at /0.0.0.0:43825
2019-09-25 07:26:57,625 [main] INFO  server.SCMDatanodeProtocolServer (SCMDatanodeProtocolServer.java:start(191)) - RPC server for DataNodes is listening at /0.0.0.0:43825
2019-09-25 07:26:57,626 [IPC Server Responder] INFO  ipc.Server (Server.java:run(1314)) - IPC Server Responder: starting
2019-09-25 07:26:57,626 [IPC Server listener on 43825] INFO  ipc.Server (Server.java:run(1153)) - IPC Server listener on 43825: starting
2019-09-25 07:26:57,632 [main] INFO  http.HttpServer2 (HttpServer2.java:bindListener(1191)) - Jetty bound to port 34170
2019-09-25 07:26:57,632 [main] INFO  server.Server (Server.java:doStart(351)) - jetty-9.3.25.v20180904, build timestamp: 2018-09-04T21:11:46Z, git hash: 3ce520221d0240229c862b122d2b06c12a625732
2019-09-25 07:26:57,633 [main] INFO  handler.ContextHandler (ContextHandler.java:doStart(781)) - Started o.e.j.s.ServletContextHandler@5b490d5e{/logs,file:///workdir/hadoop-ozone/ozonefs/target/log,AVAILABLE}
2019-09-25 07:26:57,634 [main] INFO  handler.ContextHandler (ContextHandler.java:doStart(781)) - Started o.e.j.s.ServletContextHandler@26270b77{/static,jar:file:/home/user/.m2/repository/org/apache/hadoop/hadoop-hdds-server-scm/0.5.0-SNAPSHOT/hadoop-hdds-server-scm-0.5.0-SNAPSHOT.jar!/webapps/static,AVAILABLE}
2019-09-25 07:26:57,673 [main] INFO  handler.ContextHandler (ContextHandler.java:doStart(781)) - Started o.e.j.w.WebAppContext@5402612e{/,file:///tmp/jetty-0.0.0.0-34170-scm-_-any-5265432334560222277.dir/webapp/,AVAILABLE}{/scm}
2019-09-25 07:26:57,673 [main] INFO  server.AbstractConnector (AbstractConnector.java:doStart(278)) - Started ServerConnector@43445fc6{HTTP/1.1,[http/1.1]}{0.0.0.0:34170}
2019-09-25 07:26:57,673 [main] INFO  server.Server (Server.java:doStart(419)) - Started @196112ms
2019-09-25 07:26:57,676 [main] WARN  impl.MetricsSystemImpl (MetricsSystemImpl.java:register(276)) - Sink prometheus already exists!
2019-09-25 07:26:57,677 [main] INFO  server.BaseHttpServer (BaseHttpServer.java:updateConnectorAddress(215)) - HTTP server of SCM is listening at http://0.0.0.0:34170
2019-09-25 07:26:57,677 [main] WARN  server.ServerUtils (ServerUtils.java:getDBPath(222)) - ozone.om.db.dirs is not configured. We recommend adding this setting. Falling back to ozone.metadata.dirs instead.
2019-09-25 07:26:57,677 [org.apache.hadoop.util.JvmPauseMonitor$Monitor@17befef0] INFO  util.JvmPauseMonitor (JvmPauseMonitor.java:run(188)) - Starting JVM pause monitor
2019-09-25 07:26:57,693 [main] WARN  server.ServerUtils (ServerUtils.java:getDBPath(222)) - ozone.om.db.dirs is not configured. We recommend adding this setting. Falling back to ozone.metadata.dirs instead.
2019-09-25 07:26:57,693 [main] WARN  server.ServerUtils (ServerUtils.java:getDBPath(222)) - ozone.om.db.dirs is not configured. We recommend adding this setting. Falling back to ozone.metadata.dirs instead.
2019-09-25 07:26:57,693 [main] INFO  om.OzoneManager (OzoneManager.java:setOMNodeDetails(652)) - OM Service ID is not set. Setting it to the default ID: omServiceIdDefault
2019-09-25 07:26:57,693 [main] INFO  om.OzoneManager (OzoneManager.java:setOMNodeDetails(658)) - OM Node ID is not set. Setting it to the OmStorage's OmID: adecf262-3f3f-4078-84aa-1436a0c1f816
2019-09-25 07:26:57,693 [main] INFO  om.OzoneManager (OzoneManager.java:loadOMHAConfigs(609)) - Found matching OM address with OMServiceId: null, OMNodeId: null, RPC Address: localhost:0 and Ratis port: 9872
2019-09-25 07:26:57,702 [main] WARN  server.ServerUtils (ServerUtils.java:getDBPath(222)) - ozone.om.db.dirs is not configured. We recommend adding this setting. Falling back to ozone.metadata.dirs instead.
2019-09-25 07:26:57,703 [main] INFO  db.DBStoreBuilder (DBStoreBuilder.java:addTable(110)) - using custom profile for table: userTable
2019-09-25 07:26:57,703 [main] INFO  db.DBStoreBuilder (DBStoreBuilder.java:processTables(161)) - Using default column profile:DBProfile.DISK for Table:userTable
2019-09-25 07:26:57,703 [main] INFO  db.DBStoreBuilder (DBStoreBuilder.java:addTable(110)) - using custom profile for table: volumeTable
2019-09-25 07:26:57,703 [main] INFO  db.DBStoreBuilder (DBStoreBuilder.java:processTables(161)) - Using default column profile:DBProfile.DISK for Table:volumeTable
2019-09-25 07:26:57,703 [main] INFO  db.DBStoreBuilder (DBStoreBuilder.java:addTable(110)) - using custom profile for table: bucketTable
2019-09-25 07:26:57,703 [main] INFO  db.DBStoreBuilder (DBStoreBuilder.java:processTables(161)) - Using default column profile:DBProfile.DISK for Table:bucketTable
2019-09-25 07:26:57,704 [main] INFO  db.DBStoreBuilder (DBStoreBuilder.java:addTable(110)) - using custom profile for table: keyTable
2019-09-25 07:26:57,704 [main] INFO  db.DBStoreBuilder (DBStoreBuilder.java:processTables(161)) - Using default column profile:DBProfile.DISK for Table:keyTable
2019-09-25 07:26:57,704 [main] INFO  db.DBStoreBuilder (DBStoreBuilder.java:addTable(110)) - using custom profile for table: deletedTable
2019-09-25 07:26:57,704 [main] INFO  db.DBStoreBuilder (DBStoreBuilder.java:processTables(161)) - Using default column profile:DBProfile.DISK for Table:deletedTable
2019-09-25 07:26:57,704 [main] INFO  db.DBStoreBuilder (DBStoreBuilder.java:addTable(110)) - using custom profile for table: openKeyTable
2019-09-25 07:26:57,704 [main] INFO  db.DBStoreBuilder (DBStoreBuilder.java:processTables(161)) - Using default column profile:DBProfile.DISK for Table:openKeyTable
2019-09-25 07:26:57,705 [main] INFO  db.DBStoreBuilder (DBStoreBuilder.java:addTable(110)) - using custom profile for table: s3Table
2019-09-25 07:26:57,705 [main] INFO  db.DBStoreBuilder (DBStoreBuilder.java:processTables(161)) - Using default column profile:DBProfile.DISK for Table:s3Table
2019-09-25 07:26:57,705 [main] INFO  db.DBStoreBuilder (DBStoreBuilder.java:addTable(110)) - using custom profile for table: multipartInfoTable
2019-09-25 07:26:57,705 [main] INFO  db.DBStoreBuilder (DBStoreBuilder.java:processTables(161)) - Using default column profile:DBProfile.DISK for Table:multipartInfoTable
2019-09-25 07:26:57,705 [main] INFO  db.DBStoreBuilder (DBStoreBuilder.java:addTable(110)) - using custom profile for table: dTokenTable
2019-09-25 07:26:57,705 [main] INFO  db.DBStoreBuilder (DBStoreBuilder.java:processTables(161)) - Using default column profile:DBProfile.DISK for Table:dTokenTable
2019-09-25 07:26:57,706 [main] INFO  db.DBStoreBuilder (DBStoreBuilder.java:addTable(110)) - using custom profile for table: s3SecretTable
2019-09-25 07:26:57,706 [main] INFO  db.DBStoreBuilder (DBStoreBuilder.java:processTables(161)) - Using default column profile:DBProfile.DISK for Table:s3SecretTable
2019-09-25 07:26:57,706 [main] INFO  db.DBStoreBuilder (DBStoreBuilder.java:addTable(110)) - using custom profile for table: prefixTable
2019-09-25 07:26:57,706 [main] INFO  db.DBStoreBuilder (DBStoreBuilder.java:processTables(161)) - Using default column profile:DBProfile.DISK for Table:prefixTable
2019-09-25 07:26:57,706 [main] INFO  db.DBStoreBuilder (DBStoreBuilder.java:addTable(110)) - using custom profile for table: default
2019-09-25 07:26:57,706 [main] INFO  db.DBStoreBuilder (DBStoreBuilder.java:processTables(167)) - Using default column profile:DBProfile.DISK for Table:default
2019-09-25 07:26:57,706 [main] INFO  db.DBStoreBuilder (DBStoreBuilder.java:getDbProfile(198)) - Using default options. DBProfile.DISK
2019-09-25 07:26:58,250 [main] INFO  ipc.CallQueueManager (CallQueueManager.java:<init>(84)) - Using callQueue: class java.util.concurrent.LinkedBlockingQueue, queueCapacity: 2000, scheduler: class org.apache.hadoop.ipc.DefaultRpcScheduler, ipcBackoff: false.
2019-09-25 07:26:58,251 [Socket Reader #1 for port 42412] INFO  ipc.Server (Server.java:run(1074)) - Starting Socket Reader #1 for port 42412
2019-09-25 07:26:58,274 [main] INFO  om.OzoneManager (OzoneManager.java:start(1243)) - OzoneManager RPC server is listening at localhost/127.0.0.1:42412
2019-09-25 07:26:58,274 [main] INFO  impl.MetricsSystemImpl (MetricsSystemImpl.java:init(158)) - OzoneManager metrics system started (again)
2019-09-25 07:26:58,275 [IPC Server Responder] INFO  ipc.Server (Server.java:run(1314)) - IPC Server Responder: starting
2019-09-25 07:26:58,275 [IPC Server listener on 42412] INFO  ipc.Server (Server.java:run(1153)) - IPC Server listener on 42412: starting
2019-09-25 07:26:58,292 [main] INFO  hdfs.DFSUtil (DFSUtil.java:httpServerTemplateForNNAndJN(1641)) - Starting Web-server for ozoneManager at: http://0.0.0.0:0
2019-09-25 07:26:58,294 [main] INFO  server.AuthenticationFilter (AuthenticationFilter.java:constructSecretProvider(240)) - Unable to initialize FileSignerSecretProvider, falling back to use random secrets.
2019-09-25 07:26:58,294 [main] WARN  http.HttpRequestLog (HttpRequestLog.java:getRequestLog(97)) - Jetty request log can only be enabled using Log4j
2019-09-25 07:26:58,296 [main] INFO  http.HttpServer2 (HttpServer2.java:addGlobalFilter(975)) - Added global filter 'safety' (class=org.apache.hadoop.http.HttpServer2$QuotingInputFilter)
2019-09-25 07:26:58,297 [main] INFO  http.HttpServer2 (HttpServer2.java:addFilter(948)) - Added filter static_user_filter (class=org.apache.hadoop.http.lib.StaticUserWebFilter$StaticUserFilter) to context ozoneManager
2019-09-25 07:26:58,297 [main] INFO  http.HttpServer2 (HttpServer2.java:addFilter(958)) - Added filter static_user_filter (class=org.apache.hadoop.http.lib.StaticUserWebFilter$StaticUserFilter) to context logs
2019-09-25 07:26:58,298 [main] INFO  http.HttpServer2 (HttpServer2.java:addFilter(958)) - Added filter static_user_filter (class=org.apache.hadoop.http.lib.StaticUserWebFilter$StaticUserFilter) to context static
2019-09-25 07:26:58,298 [main] INFO  http.HttpServer2 (HttpServer2.java:bindListener(1191)) - Jetty bound to port 46707
2019-09-25 07:26:58,299 [main] INFO  server.Server (Server.java:doStart(351)) - jetty-9.3.25.v20180904, build timestamp: 2018-09-04T21:11:46Z, git hash: 3ce520221d0240229c862b122d2b06c12a625732
2019-09-25 07:26:58,300 [main] INFO  handler.ContextHandler (ContextHandler.java:doStart(781)) - Started o.e.j.s.ServletContextHandler@5f3ddc86{/logs,file:///workdir/hadoop-ozone/ozonefs/target/log,AVAILABLE}
2019-09-25 07:26:58,301 [main] INFO  handler.ContextHandler (ContextHandler.java:doStart(781)) - Started o.e.j.s.ServletContextHandler@336d28a1{/static,jar:file:/home/user/.m2/repository/org/apache/hadoop/hadoop-ozone-ozone-manager/0.5.0-SNAPSHOT/hadoop-ozone-ozone-manager-0.5.0-SNAPSHOT.jar!/webapps/static,AVAILABLE}
2019-09-25 07:26:58,366 [main] INFO  handler.ContextHandler (ContextHandler.java:doStart(781)) - Started o.e.j.w.WebAppContext@2e0652ab{/,file:///tmp/jetty-0.0.0.0-46707-ozoneManager-_-any-8988217598505182665.dir/webapp/,AVAILABLE}{/ozoneManager}
2019-09-25 07:26:58,367 [main] INFO  server.AbstractConnector (AbstractConnector.java:doStart(278)) - Started ServerConnector@22c29aa8{HTTP/1.1,[http/1.1]}{0.0.0.0:46707}
2019-09-25 07:26:58,370 [main] INFO  server.Server (Server.java:doStart(419)) - Started @196808ms
2019-09-25 07:26:58,370 [main] WARN  impl.MetricsSystemImpl (MetricsSystemImpl.java:register(276)) - Sink prometheus already exists!
2019-09-25 07:26:58,371 [main] INFO  server.BaseHttpServer (BaseHttpServer.java:updateConnectorAddress(215)) - HTTP server of OZONEMANAGER is listening at http://0.0.0.0:46707
2019-09-25 07:26:58,377 [main] INFO  impl.MetricsSystemImpl (MetricsSystemImpl.java:init(158)) - HddsDatanode metrics system started (again)
2019-09-25 07:26:58,388 [main] INFO  ozone.HddsDatanodeService (HddsDatanodeService.java:start(184)) - HddsDatanodeService host:pr-hdds-1569-x2sr2-3486766547 ip:192.168.151.106
2019-09-25 07:26:58,396 [main] INFO  volume.HddsVolume (HddsVolume.java:<init>(176)) - Creating Volume: /workdir/hadoop-ozone/ozonefs/target/test-dir/MiniOzoneClusterImpl-9ed784a4-cad3-4d57-bc40-122284458440/datanode-0/data/containers/hdds of  storage type : DISK and capacity : 1482555576320
2019-09-25 07:26:58,396 [main] INFO  volume.VolumeSet (VolumeSet.java:initializeVolumeSet(170)) - Added Volume : /workdir/hadoop-ozone/ozonefs/target/test-dir/MiniOzoneClusterImpl-9ed784a4-cad3-4d57-bc40-122284458440/datanode-0/data/containers/hdds to VolumeSet
2019-09-25 07:26:58,396 [main] INFO  volume.ThrottledAsyncChecker (ThrottledAsyncChecker.java:schedule(139)) - Scheduling a check for org.apache.hadoop.ozone.container.common.volume.HddsVolume@1e258d3b
2019-09-25 07:26:58,397 [main] INFO  volume.HddsVolumeChecker (HddsVolumeChecker.java:checkAllVolumes(202)) - Scheduled health check for volume org.apache.hadoop.ozone.container.common.volume.HddsVolume@1e258d3b
2019-09-25 07:26:58,418 [main] INFO  impl.RaftServerProxy (ConfUtils.java:logGet(43)) - raft.rpc.type = GRPC (default)
2019-09-25 07:26:58,418 [main] INFO  grpc.GrpcFactory (GrpcFactory.java:checkPooledByteBufAllocatorUseCacheForAllThreads(45)) - PERFORMANCE WARNING: useCacheForAllThreads is true that may cause Netty to create a lot garbage objects and, as a result, trigger GC.
	It is recommended to disable useCacheForAllThreads by setting -Dorg.apache.ratis.thirdparty.io.netty.allocator.useCacheForAllThreads=false in command line.
2019-09-25 07:26:58,418 [main] INFO  grpc.GrpcConfigKeys$Server (ConfUtils.java:logGet(43)) - raft.grpc.server.port = 0 (default)
2019-09-25 07:26:58,418 [main] INFO  server.GrpcService (ConfUtils.java:logGet(43)) - raft.grpc.message.size.max = 33570816 (custom)
2019-09-25 07:26:58,418 [main] INFO  server.RaftServerConfigKeys (ConfUtils.java:logGet(43)) - raft.server.log.appender.buffer.byte-limit = 33554432 (custom)
2019-09-25 07:26:58,419 [main] INFO  server.GrpcService (ConfUtils.java:logGet(43)) - raft.grpc.flow.control.window = 1MB (=1048576) (default)
2019-09-25 07:26:58,419 [main] INFO  server.RaftServerConfigKeys (ConfUtils.java:logGet(43)) - raft.server.rpc.request.timeout = 3000ms (default)
2019-09-25 07:26:58,419 [main] INFO  server.RaftServerConfigKeys (ConfUtils.java:logGet(43)) - raft.server.storage.dir = [/workdir/hadoop-ozone/ozonefs/target/test-dir/MiniOzoneClusterImpl-9ed784a4-cad3-4d57-bc40-122284458440/datanode-0/data/ratis] (custom)
2019-09-25 07:26:58,421 [main] INFO  hdfs.DFSUtil (DFSUtil.java:httpServerTemplateForNNAndJN(1641)) - Starting Web-server for hddsDatanode at: http://0.0.0.0:0
2019-09-25 07:26:58,422 [main] INFO  server.AuthenticationFilter (AuthenticationFilter.java:constructSecretProvider(240)) - Unable to initialize FileSignerSecretProvider, falling back to use random secrets.
2019-09-25 07:26:58,422 [main] WARN  http.HttpRequestLog (HttpRequestLog.java:getRequestLog(97)) - Jetty request log can only be enabled using Log4j
2019-09-25 07:26:58,423 [main] INFO  http.HttpServer2 (HttpServer2.java:addGlobalFilter(975)) - Added global filter 'safety' (class=org.apache.hadoop.http.HttpServer2$QuotingInputFilter)
2019-09-25 07:26:58,424 [main] INFO  http.HttpServer2 (HttpServer2.java:addFilter(948)) - Added filter static_user_filter (class=org.apache.hadoop.http.lib.StaticUserWebFilter$StaticUserFilter) to context hddsDatanode
2019-09-25 07:26:58,424 [main] INFO  http.HttpServer2 (HttpServer2.java:addFilter(958)) - Added filter static_user_filter (class=org.apache.hadoop.http.lib.StaticUserWebFilter$StaticUserFilter) to context logs
2019-09-25 07:26:58,424 [main] INFO  http.HttpServer2 (HttpServer2.java:addFilter(958)) - Added filter static_user_filter (class=org.apache.hadoop.http.lib.StaticUserWebFilter$StaticUserFilter) to context static
2019-09-25 07:26:58,425 [main] INFO  http.HttpServer2 (HttpServer2.java:bindListener(1191)) - Jetty bound to port 42999
2019-09-25 07:26:58,425 [main] INFO  server.Server (Server.java:doStart(351)) - jetty-9.3.25.v20180904, build timestamp: 2018-09-04T21:11:46Z, git hash: 3ce520221d0240229c862b122d2b06c12a625732
2019-09-25 07:26:58,426 [main] INFO  handler.ContextHandler (ContextHandler.java:doStart(781)) - Started o.e.j.s.ServletContextHandler@6b7c4734{/logs,file:///workdir/hadoop-ozone/ozonefs/target/log,AVAILABLE}
2019-09-25 07:26:58,427 [main] INFO  handler.ContextHandler (ContextHandler.java:doStart(781)) - Started o.e.j.s.ServletContextHandler@380fdcf2{/static,jar:file:/home/user/.m2/repository/org/apache/hadoop/hadoop-hdds-container-service/0.5.0-SNAPSHOT/hadoop-hdds-container-service-0.5.0-SNAPSHOT.jar!/webapps/static,AVAILABLE}
2019-09-25 07:26:58,454 [main] INFO  handler.ContextHandler (ContextHandler.java:doStart(781)) - Started o.e.j.w.WebAppContext@13f4048e{/,file:///tmp/jetty-0.0.0.0-42999-hddsDatanode-_-any-8361482291265731635.dir/webapp/,AVAILABLE}{/hddsDatanode}
2019-09-25 07:26:58,455 [main] INFO  server.AbstractConnector (AbstractConnector.java:doStart(278)) - Started ServerConnector@5477d90e{HTTP/1.1,[http/1.1]}{0.0.0.0:42999}
2019-09-25 07:26:58,455 [main] INFO  server.Server (Server.java:doStart(419)) - Started @196893ms
2019-09-25 07:26:58,458 [main] WARN  impl.MetricsSystemImpl (MetricsSystemImpl.java:register(276)) - Sink prometheus already exists!
2019-09-25 07:26:58,458 [main] INFO  server.BaseHttpServer (BaseHttpServer.java:updateConnectorAddress(215)) - HTTP server of HDDSDATANODE is listening at http://0.0.0.0:42999
2019-09-25 07:26:58,459 [main] INFO  impl.MetricsSystemImpl (MetricsSystemImpl.java:init(158)) - HddsDatanode metrics system started (again)
2019-09-25 07:26:58,467 [main] INFO  ozone.HddsDatanodeService (HddsDatanodeService.java:start(184)) - HddsDatanodeService host:pr-hdds-1569-x2sr2-3486766547 ip:192.168.151.106
2019-09-25 07:26:58,467 [org.apache.hadoop.util.JvmPauseMonitor$Monitor@dd49744] INFO  util.JvmPauseMonitor (JvmPauseMonitor.java:run(188)) - Starting JVM pause monitor
2019-09-25 07:26:58,469 [Datanode State Machine Thread - 0] INFO  datanode.InitDatanodeState (InitDatanodeState.java:persistContainerDatanodeDetails(140)) - DatanodeDetails is persisted to /workdir/hadoop-ozone/ozonefs/target/test-dir/MiniOzoneClusterImpl-9ed784a4-cad3-4d57-bc40-122284458440/datanode-0/meta/datanode.id
2019-09-25 07:26:58,476 [main] INFO  volume.HddsVolume (HddsVolume.java:<init>(176)) - Creating Volume: /workdir/hadoop-ozone/ozonefs/target/test-dir/MiniOzoneClusterImpl-9ed784a4-cad3-4d57-bc40-122284458440/datanode-1/data/containers/hdds of  storage type : DISK and capacity : 1482555576320
2019-09-25 07:26:58,476 [main] INFO  volume.VolumeSet (VolumeSet.java:initializeVolumeSet(170)) - Added Volume : /workdir/hadoop-ozone/ozonefs/target/test-dir/MiniOzoneClusterImpl-9ed784a4-cad3-4d57-bc40-122284458440/datanode-1/data/containers/hdds to VolumeSet
2019-09-25 07:26:58,476 [main] INFO  volume.ThrottledAsyncChecker (ThrottledAsyncChecker.java:schedule(139)) - Scheduling a check for org.apache.hadoop.ozone.container.common.volume.HddsVolume@459d2ee6
2019-09-25 07:26:58,477 [main] INFO  volume.HddsVolumeChecker (HddsVolumeChecker.java:checkAllVolumes(202)) - Scheduled health check for volume org.apache.hadoop.ozone.container.common.volume.HddsVolume@459d2ee6
2019-09-25 07:26:58,496 [main] INFO  impl.RaftServerProxy (ConfUtils.java:logGet(43)) - raft.rpc.type = GRPC (default)
2019-09-25 07:26:58,497 [main] INFO  grpc.GrpcFactory (GrpcFactory.java:checkPooledByteBufAllocatorUseCacheForAllThreads(45)) - PERFORMANCE WARNING: useCacheForAllThreads is true that may cause Netty to create a lot garbage objects and, as a result, trigger GC.
	It is recommended to disable useCacheForAllThreads by setting -Dorg.apache.ratis.thirdparty.io.netty.allocator.useCacheForAllThreads=false in command line.
2019-09-25 07:26:58,497 [main] INFO  grpc.GrpcConfigKeys$Server (ConfUtils.java:logGet(43)) - raft.grpc.server.port = 0 (default)
2019-09-25 07:26:58,497 [main] INFO  server.GrpcService (ConfUtils.java:logGet(43)) - raft.grpc.message.size.max = 33570816 (custom)
2019-09-25 07:26:58,497 [main] INFO  server.RaftServerConfigKeys (ConfUtils.java:logGet(43)) - raft.server.log.appender.buffer.byte-limit = 33554432 (custom)
2019-09-25 07:26:58,497 [main] INFO  server.GrpcService (ConfUtils.java:logGet(43)) - raft.grpc.flow.control.window = 1MB (=1048576) (default)
2019-09-25 07:26:58,497 [main] INFO  server.RaftServerConfigKeys (ConfUtils.java:logGet(43)) - raft.server.rpc.request.timeout = 3000ms (default)
2019-09-25 07:26:58,498 [main] INFO  server.RaftServerConfigKeys (ConfUtils.java:logGet(43)) - raft.server.storage.dir = [/workdir/hadoop-ozone/ozonefs/target/test-dir/MiniOzoneClusterImpl-9ed784a4-cad3-4d57-bc40-122284458440/datanode-1/data/ratis] (custom)
2019-09-25 07:26:58,499 [main] INFO  hdfs.DFSUtil (DFSUtil.java:httpServerTemplateForNNAndJN(1641)) - Starting Web-server for hddsDatanode at: http://0.0.0.0:0
2019-09-25 07:26:58,500 [main] INFO  server.AuthenticationFilter (AuthenticationFilter.java:constructSecretProvider(240)) - Unable to initialize FileSignerSecretProvider, falling back to use random secrets.
2019-09-25 07:26:58,500 [main] WARN  http.HttpRequestLog (HttpRequestLog.java:getRequestLog(97)) - Jetty request log can only be enabled using Log4j
2019-09-25 07:26:58,501 [main] INFO  http.HttpServer2 (HttpServer2.java:addGlobalFilter(975)) - Added global filter 'safety' (class=org.apache.hadoop.http.HttpServer2$QuotingInputFilter)
2019-09-25 07:26:58,502 [main] INFO  http.HttpServer2 (HttpServer2.java:addFilter(948)) - Added filter static_user_filter (class=org.apache.hadoop.http.lib.StaticUserWebFilter$StaticUserFilter) to context hddsDatanode
2019-09-25 07:26:58,502 [main] INFO  http.HttpServer2 (HttpServer2.java:addFilter(958)) - Added filter static_user_filter (class=org.apache.hadoop.http.lib.StaticUserWebFilter$StaticUserFilter) to context static
2019-09-25 07:26:58,502 [main] INFO  http.HttpServer2 (HttpServer2.java:addFilter(958)) - Added filter static_user_filter (class=org.apache.hadoop.http.lib.StaticUserWebFilter$StaticUserFilter) to context logs
2019-09-25 07:26:58,503 [main] INFO  http.HttpServer2 (HttpServer2.java:bindListener(1191)) - Jetty bound to port 45073
2019-09-25 07:26:58,503 [main] INFO  server.Server (Server.java:doStart(351)) - jetty-9.3.25.v20180904, build timestamp: 2018-09-04T21:11:46Z, git hash: 3ce520221d0240229c862b122d2b06c12a625732
2019-09-25 07:26:58,504 [main] INFO  handler.ContextHandler (ContextHandler.java:doStart(781)) - Started o.e.j.s.ServletContextHandler@45e639ee{/logs,file:///workdir/hadoop-ozone/ozonefs/target/log,AVAILABLE}
2019-09-25 07:26:58,504 [main] INFO  handler.ContextHandler (ContextHandler.java:doStart(781)) - Started o.e.j.s.ServletContextHandler@fbbd90c{/static,jar:file:/home/user/.m2/repository/org/apache/hadoop/hadoop-hdds-container-service/0.5.0-SNAPSHOT/hadoop-hdds-container-service-0.5.0-SNAPSHOT.jar!/webapps/static,AVAILABLE}
2019-09-25 07:26:58,531 [main] INFO  handler.ContextHandler (ContextHandler.java:doStart(781)) - Started o.e.j.w.WebAppContext@76dc36e5{/,file:///tmp/jetty-0.0.0.0-45073-hddsDatanode-_-any-3716568613749914359.dir/webapp/,AVAILABLE}{/hddsDatanode}
2019-09-25 07:26:58,531 [main] INFO  server.AbstractConnector (AbstractConnector.java:doStart(278)) - Started ServerConnector@2a54c92e{HTTP/1.1,[http/1.1]}{0.0.0.0:45073}
2019-09-25 07:26:58,531 [main] INFO  server.Server (Server.java:doStart(419)) - Started @196970ms
2019-09-25 07:26:58,535 [main] WARN  impl.MetricsSystemImpl (MetricsSystemImpl.java:register(276)) - Sink prometheus already exists!
2019-09-25 07:26:58,535 [main] INFO  server.BaseHttpServer (BaseHttpServer.java:updateConnectorAddress(215)) - HTTP server of HDDSDATANODE is listening at http://0.0.0.0:45073
2019-09-25 07:26:58,536 [main] INFO  impl.MetricsSystemImpl (MetricsSystemImpl.java:init(158)) - HddsDatanode metrics system started (again)
2019-09-25 07:26:58,545 [main] INFO  ozone.HddsDatanodeService (HddsDatanodeService.java:start(184)) - HddsDatanodeService host:pr-hdds-1569-x2sr2-3486766547 ip:192.168.151.106
2019-09-25 07:26:58,545 [org.apache.hadoop.util.JvmPauseMonitor$Monitor@9bafd31] INFO  util.JvmPauseMonitor (JvmPauseMonitor.java:run(188)) - Starting JVM pause monitor
2019-09-25 07:26:58,547 [Datanode State Machine Thread - 0] INFO  datanode.InitDatanodeState (InitDatanodeState.java:persistContainerDatanodeDetails(140)) - DatanodeDetails is persisted to /workdir/hadoop-ozone/ozonefs/target/test-dir/MiniOzoneClusterImpl-9ed784a4-cad3-4d57-bc40-122284458440/datanode-1/meta/datanode.id
2019-09-25 07:26:58,553 [main] INFO  volume.HddsVolume (HddsVolume.java:<init>(176)) - Creating Volume: /workdir/hadoop-ozone/ozonefs/target/test-dir/MiniOzoneClusterImpl-9ed784a4-cad3-4d57-bc40-122284458440/datanode-2/data/containers/hdds of  storage type : DISK and capacity : 1482555576320
2019-09-25 07:26:58,553 [main] INFO  volume.VolumeSet (VolumeSet.java:initializeVolumeSet(170)) - Added Volume : /workdir/hadoop-ozone/ozonefs/target/test-dir/MiniOzoneClusterImpl-9ed784a4-cad3-4d57-bc40-122284458440/datanode-2/data/containers/hdds to VolumeSet
2019-09-25 07:26:58,553 [main] INFO  volume.ThrottledAsyncChecker (ThrottledAsyncChecker.java:schedule(139)) - Scheduling a check for org.apache.hadoop.ozone.container.common.volume.HddsVolume@40ac0a56
2019-09-25 07:26:58,554 [main] INFO  volume.HddsVolumeChecker (HddsVolumeChecker.java:checkAllVolumes(202)) - Scheduled health check for volume org.apache.hadoop.ozone.container.common.volume.HddsVolume@40ac0a56
2019-09-25 07:26:58,571 [main] INFO  impl.RaftServerProxy (ConfUtils.java:logGet(43)) - raft.rpc.type = GRPC (default)
2019-09-25 07:26:58,571 [main] INFO  grpc.GrpcFactory (GrpcFactory.java:checkPooledByteBufAllocatorUseCacheForAllThreads(45)) - PERFORMANCE WARNING: useCacheForAllThreads is true that may cause Netty to create a lot garbage objects and, as a result, trigger GC.
	It is recommended to disable useCacheForAllThreads by setting -Dorg.apache.ratis.thirdparty.io.netty.allocator.useCacheForAllThreads=false in command line.
2019-09-25 07:26:58,571 [main] INFO  grpc.GrpcConfigKeys$Server (ConfUtils.java:logGet(43)) - raft.grpc.server.port = 0 (default)
2019-09-25 07:26:58,572 [main] INFO  server.GrpcService (ConfUtils.java:logGet(43)) - raft.grpc.message.size.max = 33570816 (custom)
2019-09-25 07:26:58,572 [main] INFO  server.RaftServerConfigKeys (ConfUtils.java:logGet(43)) - raft.server.log.appender.buffer.byte-limit = 33554432 (custom)
2019-09-25 07:26:58,572 [main] INFO  server.GrpcService (ConfUtils.java:logGet(43)) - raft.grpc.flow.control.window = 1MB (=1048576) (default)
2019-09-25 07:26:58,572 [main] INFO  server.RaftServerConfigKeys (ConfUtils.java:logGet(43)) - raft.server.rpc.request.timeout = 3000ms (default)
2019-09-25 07:26:58,572 [main] INFO  server.RaftServerConfigKeys (ConfUtils.java:logGet(43)) - raft.server.storage.dir = [/workdir/hadoop-ozone/ozonefs/target/test-dir/MiniOzoneClusterImpl-9ed784a4-cad3-4d57-bc40-122284458440/datanode-2/data/ratis] (custom)
2019-09-25 07:26:58,573 [main] INFO  hdfs.DFSUtil (DFSUtil.java:httpServerTemplateForNNAndJN(1641)) - Starting Web-server for hddsDatanode at: http://0.0.0.0:0
2019-09-25 07:26:58,574 [main] INFO  server.AuthenticationFilter (AuthenticationFilter.java:constructSecretProvider(240)) - Unable to initialize FileSignerSecretProvider, falling back to use random secrets.
2019-09-25 07:26:58,575 [main] WARN  http.HttpRequestLog (HttpRequestLog.java:getRequestLog(97)) - Jetty request log can only be enabled using Log4j
2019-09-25 07:26:58,576 [main] INFO  http.HttpServer2 (HttpServer2.java:addGlobalFilter(975)) - Added global filter 'safety' (class=org.apache.hadoop.http.HttpServer2$QuotingInputFilter)
2019-09-25 07:26:58,576 [main] INFO  http.HttpServer2 (HttpServer2.java:addFilter(948)) - Added filter static_user_filter (class=org.apache.hadoop.http.lib.StaticUserWebFilter$StaticUserFilter) to context hddsDatanode
2019-09-25 07:26:58,576 [main] INFO  http.HttpServer2 (HttpServer2.java:addFilter(958)) - Added filter static_user_filter (class=org.apache.hadoop.http.lib.StaticUserWebFilter$StaticUserFilter) to context logs
2019-09-25 07:26:58,577 [main] INFO  http.HttpServer2 (HttpServer2.java:addFilter(958)) - Added filter static_user_filter (class=org.apache.hadoop.http.lib.StaticUserWebFilter$StaticUserFilter) to context static
2019-09-25 07:26:58,577 [main] INFO  http.HttpServer2 (HttpServer2.java:bindListener(1191)) - Jetty bound to port 40475
2019-09-25 07:26:58,577 [main] INFO  server.Server (Server.java:doStart(351)) - jetty-9.3.25.v20180904, build timestamp: 2018-09-04T21:11:46Z, git hash: 3ce520221d0240229c862b122d2b06c12a625732
2019-09-25 07:26:58,579 [main] INFO  handler.ContextHandler (ContextHandler.java:doStart(781)) - Started o.e.j.s.ServletContextHandler@1ff542a3{/logs,file:///workdir/hadoop-ozone/ozonefs/target/log,AVAILABLE}
2019-09-25 07:26:58,579 [main] INFO  handler.ContextHandler (ContextHandler.java:doStart(781)) - Started o.e.j.s.ServletContextHandler@54387873{/static,jar:file:/home/user/.m2/repository/org/apache/hadoop/hadoop-hdds-container-service/0.5.0-SNAPSHOT/hadoop-hdds-container-service-0.5.0-SNAPSHOT.jar!/webapps/static,AVAILABLE}
2019-09-25 07:26:58,605 [main] INFO  handler.ContextHandler (ContextHandler.java:doStart(781)) - Started o.e.j.w.WebAppContext@28e48b65{/,file:///tmp/jetty-0.0.0.0-40475-hddsDatanode-_-any-6854162527943215299.dir/webapp/,AVAILABLE}{/hddsDatanode}
2019-09-25 07:26:58,606 [main] INFO  server.AbstractConnector (AbstractConnector.java:doStart(278)) - Started ServerConnector@6cde0c69{HTTP/1.1,[http/1.1]}{0.0.0.0:40475}
2019-09-25 07:26:58,606 [main] INFO  server.Server (Server.java:doStart(419)) - Started @197044ms
2019-09-25 07:26:58,609 [main] WARN  impl.MetricsSystemImpl (MetricsSystemImpl.java:register(276)) - Sink prometheus already exists!
2019-09-25 07:26:58,610 [main] INFO  server.BaseHttpServer (BaseHttpServer.java:updateConnectorAddress(215)) - HTTP server of HDDSDATANODE is listening at http://0.0.0.0:40475
2019-09-25 07:26:58,610 [main] INFO  ozone.MiniOzoneClusterImpl (MiniOzoneClusterImpl.java:lambda$waitForClusterToBeReady$0(147)) - Waiting for cluster to be ready. Got 0 of 3 DN Heartbeats.
2019-09-25 07:26:58,611 [org.apache.hadoop.util.JvmPauseMonitor$Monitor@2c571f21] INFO  util.JvmPauseMonitor (JvmPauseMonitor.java:run(188)) - Starting JVM pause monitor
2019-09-25 07:26:58,613 [Datanode State Machine Thread - 0] INFO  datanode.InitDatanodeState (InitDatanodeState.java:persistContainerDatanodeDetails(140)) - DatanodeDetails is persisted to /workdir/hadoop-ozone/ozonefs/target/test-dir/MiniOzoneClusterImpl-9ed784a4-cad3-4d57-bc40-122284458440/datanode-2/meta/datanode.id
2019-09-25 07:26:59,610 [main] INFO  ozone.MiniOzoneClusterImpl (MiniOzoneClusterImpl.java:lambda$waitForClusterToBeReady$0(147)) - Waiting for cluster to be ready. Got 0 of 3 DN Heartbeats.
2019-09-25 07:27:00,489 [Datanode State Machine Thread - 0] INFO  ozoneimpl.OzoneContainer (OzoneContainer.java:start(217)) - Attempting to start container services.
2019-09-25 07:27:00,490 [Datanode State Machine Thread - 0] INFO  ozoneimpl.OzoneContainer (OzoneContainer.java:startContainerScrub(179)) - Background container scanner has been disabled.
2019-09-25 07:27:00,490 [Datanode State Machine Thread - 0] INFO  ratis.XceiverServerRatis (XceiverServerRatis.java:start(411)) - Starting XceiverServerRatis 51b39504-7a0f-4457-92f3-98ebea21e5f7 at port 0
2019-09-25 07:27:00,496 [Datanode State Machine Thread - 0] INFO  impl.RaftServerProxy (RaftServerProxy.java:lambda$start$3(299)) - 51b39504-7a0f-4457-92f3-98ebea21e5f7: start RPC server
2019-09-25 07:27:00,498 [Datanode State Machine Thread - 0] INFO  server.GrpcService (GrpcService.java:startImpl(158)) - 51b39504-7a0f-4457-92f3-98ebea21e5f7: GrpcService started, listening on 0.0.0.0/0.0.0.0:42082
2019-09-25 07:27:00,498 [Datanode State Machine Thread - 0] INFO  ratis.XceiverServerRatis (XceiverServerRatis.java:start(421)) - XceiverServerRatis 51b39504-7a0f-4457-92f3-98ebea21e5f7 is started using port 42082
2019-09-25 07:27:00,499 [Datanode State Machine Thread - 0] INFO  server.XceiverServerGrpc (XceiverServerGrpc.java:start(149)) - XceiverServerGrpc 51b39504-7a0f-4457-92f3-98ebea21e5f7 is started using port 41839
2019-09-25 07:27:00,569 [Datanode State Machine Thread - 0] INFO  ozoneimpl.OzoneContainer (OzoneContainer.java:start(217)) - Attempting to start container services.
2019-09-25 07:27:00,569 [Datanode State Machine Thread - 0] INFO  ozoneimpl.OzoneContainer (OzoneContainer.java:startContainerScrub(179)) - Background container scanner has been disabled.
2019-09-25 07:27:00,569 [Datanode State Machine Thread - 0] INFO  ratis.XceiverServerRatis (XceiverServerRatis.java:start(411)) - Starting XceiverServerRatis 99d4f85b-b086-4679-bd31-e70102e86432 at port 0
2019-09-25 07:27:00,576 [Datanode State Machine Thread - 0] INFO  impl.RaftServerProxy (RaftServerProxy.java:lambda$start$3(299)) - 99d4f85b-b086-4679-bd31-e70102e86432: start RPC server
2019-09-25 07:27:00,579 [Datanode State Machine Thread - 0] INFO  server.GrpcService (GrpcService.java:startImpl(158)) - 99d4f85b-b086-4679-bd31-e70102e86432: GrpcService started, listening on 0.0.0.0/0.0.0.0:43975
2019-09-25 07:27:00,579 [Datanode State Machine Thread - 0] INFO  ratis.XceiverServerRatis (XceiverServerRatis.java:start(421)) - XceiverServerRatis 99d4f85b-b086-4679-bd31-e70102e86432 is started using port 43975
2019-09-25 07:27:00,582 [Datanode State Machine Thread - 0] INFO  server.XceiverServerGrpc (XceiverServerGrpc.java:start(149)) - XceiverServerGrpc 99d4f85b-b086-4679-bd31-e70102e86432 is started using port 34538
2019-09-25 07:27:00,611 [main] INFO  ozone.MiniOzoneClusterImpl (MiniOzoneClusterImpl.java:lambda$waitForClusterToBeReady$0(147)) - Waiting for cluster to be ready. Got 0 of 3 DN Heartbeats.
2019-09-25 07:27:00,636 [Datanode State Machine Thread - 0] INFO  ozoneimpl.OzoneContainer (OzoneContainer.java:start(217)) - Attempting to start container services.
2019-09-25 07:27:00,636 [Datanode State Machine Thread - 0] INFO  ozoneimpl.OzoneContainer (OzoneContainer.java:startContainerScrub(179)) - Background container scanner has been disabled.
2019-09-25 07:27:00,636 [Datanode State Machine Thread - 0] INFO  ratis.XceiverServerRatis (XceiverServerRatis.java:start(411)) - Starting XceiverServerRatis 21837d35-6fee-45df-90a1-45cbd93f8221 at port 0
2019-09-25 07:27:00,642 [Datanode State Machine Thread - 0] INFO  impl.RaftServerProxy (RaftServerProxy.java:lambda$start$3(299)) - 21837d35-6fee-45df-90a1-45cbd93f8221: start RPC server
2019-09-25 07:27:00,646 [Datanode State Machine Thread - 0] INFO  server.GrpcService (GrpcService.java:startImpl(158)) - 21837d35-6fee-45df-90a1-45cbd93f8221: GrpcService started, listening on 0.0.0.0/0.0.0.0:46516
2019-09-25 07:27:00,646 [Datanode State Machine Thread - 0] INFO  ratis.XceiverServerRatis (XceiverServerRatis.java:start(421)) - XceiverServerRatis 21837d35-6fee-45df-90a1-45cbd93f8221 is started using port 46516
2019-09-25 07:27:00,647 [Datanode State Machine Thread - 0] INFO  server.XceiverServerGrpc (XceiverServerGrpc.java:start(149)) - XceiverServerGrpc 21837d35-6fee-45df-90a1-45cbd93f8221 is started using port 40142
2019-09-25 07:27:01,611 [main] INFO  ozone.MiniOzoneClusterImpl (MiniOzoneClusterImpl.java:lambda$waitForClusterToBeReady$0(147)) - Waiting for cluster to be ready. Got 0 of 3 DN Heartbeats.
2019-09-25 07:27:02,473 [IPC Server handler 0 on 43825] INFO  net.NetworkTopology (NetworkTopologyImpl.java:add(111)) - Added a new node: /default-rack/51b39504-7a0f-4457-92f3-98ebea21e5f7
2019-09-25 07:27:02,476 [IPC Server handler 0 on 43825] INFO  node.SCMNodeManager (SCMNodeManager.java:register(266)) - Registered Data node : 51b39504-7a0f-4457-92f3-98ebea21e5f7{ip: 192.168.151.106, host: pr-hdds-1569-x2sr2-3486766547, networkLocation: /default-rack, certSerialId: null}
2019-09-25 07:27:02,477 [EventQueue-NodeRegistrationContainerReportForDataNodeSafeModeRule] INFO  safemode.SCMSafeModeManager (DataNodeSafeModeRule.java:process(71)) - SCM in safe mode. 1 DataNodes registered, 1 required.
2019-09-25 07:27:02,479 [EventQueue-NodeRegistrationContainerReportForDataNodeSafeModeRule] INFO  safemode.SCMSafeModeManager (SCMSafeModeManager.java:validateSafeModeExitRules(177)) - ScmSafeModeManager, all rules are successfully validated
2019-09-25 07:27:02,479 [EventQueue-NodeRegistrationContainerReportForDataNodeSafeModeRule] INFO  safemode.SCMSafeModeManager (SCMSafeModeManager.java:exitSafeMode(193)) - SCM exiting safe mode.
2019-09-25 07:27:02,488 [grpc-default-executor-0] INFO  impl.RaftServerProxy (RaftServerProxy.java:addNew(89)) - 51b39504-7a0f-4457-92f3-98ebea21e5f7: addNew group-821EE6C9E51C:[51b39504-7a0f-4457-92f3-98ebea21e5f7:192.168.151.106:42082] returns group-821EE6C9E51C:java.util.concurrent.CompletableFuture@7a835489[Not completed]
2019-09-25 07:27:02,490 [pool-577-thread-1] INFO  impl.RaftServerImpl (RaftServerImpl.java:<init>(95)) - 51b39504-7a0f-4457-92f3-98ebea21e5f7: new RaftServerImpl for group-821EE6C9E51C:[51b39504-7a0f-4457-92f3-98ebea21e5f7:192.168.151.106:42082] with ContainerStateMachine:uninitialized
2019-09-25 07:27:02,490 [pool-577-thread-1] INFO  server.RaftServerConfigKeys (ConfUtils.java:logGet(43)) - raft.server.rpc.timeout.min = 5s (custom)
2019-09-25 07:27:02,490 [pool-577-thread-1] INFO  server.RaftServerConfigKeys (ConfUtils.java:logGet(43)) - raft.server.rpc.timeout.max = 5200ms (custom)
2019-09-25 07:27:02,490 [pool-577-thread-1] INFO  server.RaftServerConfigKeys (ConfUtils.java:logGet(43)) - raft.server.rpcslowness.timeout = 120s (custom)
2019-09-25 07:27:02,490 [pool-577-thread-1] INFO  server.RaftServerConfigKeys (ConfUtils.java:logGet(43)) - raft.server.sleep.deviation.threshold = 300 (default)
2019-09-25 07:27:02,490 [pool-577-thread-1] INFO  server.RaftServerConfigKeys (ConfUtils.java:logGet(43)) - raft.server.log.appender.install.snapshot.enabled = false (custom)
2019-09-25 07:27:02,490 [pool-577-thread-1] INFO  impl.RaftServerImpl (ServerState.java:<init>(103)) - 51b39504-7a0f-4457-92f3-98ebea21e5f7@group-821EE6C9E51C: ConfigurationManager, init=-1: [51b39504-7a0f-4457-92f3-98ebea21e5f7:192.168.151.106:42082], old=null, confs=<EMPTY_MAP>
2019-09-25 07:27:02,491 [pool-577-thread-1] INFO  server.RaftServerConfigKeys (ConfUtils.java:logGet(43)) - raft.server.storage.dir = [/workdir/hadoop-ozone/ozonefs/target/test-dir/MiniOzoneClusterImpl-9ed784a4-cad3-4d57-bc40-122284458440/datanode-0/data/ratis] (custom)
2019-09-25 07:27:02,491 [pool-577-thread-1] INFO  storage.RaftStorageDirectory (RaftStorageDirectory.java:analyzeStorage(246)) - The storage directory /workdir/hadoop-ozone/ozonefs/target/test-dir/MiniOzoneClusterImpl-9ed784a4-cad3-4d57-bc40-122284458440/datanode-0/data/ratis/1414eb91-f347-4673-a15c-821ee6c9e51c does not exist. Creating ...
2019-09-25 07:27:02,547 [IPC Server handler 2 on 43825] INFO  net.NetworkTopology (NetworkTopologyImpl.java:add(111)) - Added a new node: /default-rack/99d4f85b-b086-4679-bd31-e70102e86432
2019-09-25 07:27:02,547 [IPC Server handler 2 on 43825] INFO  node.SCMNodeManager (SCMNodeManager.java:register(266)) - Registered Data node : 99d4f85b-b086-4679-bd31-e70102e86432{ip: 192.168.151.106, host: pr-hdds-1569-x2sr2-3486766547, networkLocation: /default-rack, certSerialId: null}
2019-09-25 07:27:02,600 [pool-577-thread-1] INFO  storage.RaftStorageDirectory (RaftStorageDirectory.java:tryLock(328)) - Lock on /workdir/hadoop-ozone/ozonefs/target/test-dir/MiniOzoneClusterImpl-9ed784a4-cad3-4d57-bc40-122284458440/datanode-0/data/ratis/1414eb91-f347-4673-a15c-821ee6c9e51c/in_use.lock acquired by nodename 6556@pr-hdds-1569-x2sr2-3486766547
2019-09-25 07:27:02,612 [main] INFO  ozone.MiniOzoneClusterImpl (MiniOzoneClusterImpl.java:lambda$waitForClusterToBeReady$0(147)) - Waiting for cluster to be ready. Got 2 of 3 DN Heartbeats.
2019-09-25 07:27:02,613 [IPC Server handler 3 on 43825] INFO  net.NetworkTopology (NetworkTopologyImpl.java:add(111)) - Added a new node: /default-rack/21837d35-6fee-45df-90a1-45cbd93f8221
2019-09-25 07:27:02,614 [IPC Server handler 3 on 43825] INFO  node.SCMNodeManager (SCMNodeManager.java:register(266)) - Registered Data node : 21837d35-6fee-45df-90a1-45cbd93f8221{ip: 192.168.151.106, host: pr-hdds-1569-x2sr2-3486766547, networkLocation: /default-rack, certSerialId: null}
2019-09-25 07:27:03,475 [pool-577-thread-1] INFO  storage.RaftStorage (RaftStorage.java:format(72)) - Storage directory /workdir/hadoop-ozone/ozonefs/target/test-dir/MiniOzoneClusterImpl-9ed784a4-cad3-4d57-bc40-122284458440/datanode-0/data/ratis/1414eb91-f347-4673-a15c-821ee6c9e51c has been successfully formatted.
2019-09-25 07:27:03,476 [pool-577-thread-1] INFO  ratis.ContainerStateMachine (ContainerStateMachine.java:loadSnapshot(230)) - group-821EE6C9E51C: The snapshot info is null. Setting the last applied indexto:(t:0, i:~)
2019-09-25 07:27:03,476 [pool-577-thread-1] INFO  server.RaftServerConfigKeys (ConfUtils.java:logGet(43)) - raft.server.notification.no-leader.timeout = 120s (custom)
2019-09-25 07:27:03,476 [pool-577-thread-1] INFO  server.RaftServerConfigKeys (ConfUtils.java:logGet(43)) - raft.server.log.use.memory = false (default)
2019-09-25 07:27:03,476 [pool-577-thread-1] INFO  server.RaftServerConfigKeys (ConfUtils.java:logGet(43)) - raft.server.log.purge.gap = 1000000 (custom)
2019-09-25 07:27:03,477 [pool-577-thread-1] INFO  server.RaftServerConfigKeys (ConfUtils.java:logGet(43)) - raft.server.log.appender.buffer.byte-limit = 33554432 (custom)
2019-09-25 07:27:03,477 [pool-577-thread-1] INFO  server.RaftServerConfigKeys (ConfUtils.java:logGet(43)) - raft.server.log.segment.size.max = 1048576 (custom)
2019-09-25 07:27:03,477 [pool-577-thread-1] INFO  server.RaftServerConfigKeys (ConfUtils.java:logGet(43)) - raft.server.log.segment.cache.num.max = 2 (custom)
2019-09-25 07:27:03,477 [pool-577-thread-1] INFO  segmented.SegmentedRaftLogWorker (SegmentedRaftLogWorker.java:<init>(172)) - new 51b39504-7a0f-4457-92f3-98ebea21e5f7@group-821EE6C9E51C-SegmentedRaftLogWorker for RaftStorage:Storage Directory /workdir/hadoop-ozone/ozonefs/target/test-dir/MiniOzoneClusterImpl-9ed784a4-cad3-4d57-bc40-122284458440/datanode-0/data/ratis/1414eb91-f347-4673-a15c-821ee6c9e51c
2019-09-25 07:27:03,479 [pool-577-thread-1] INFO  server.RaftServerConfigKeys (ConfUtils.java:logGet(43)) - raft.server.log.queue.byte-limit = 2147483647 (custom)
2019-09-25 07:27:03,479 [pool-577-thread-1] INFO  server.RaftServerConfigKeys (ConfUtils.java:logGet(43)) - raft.server.log.queue.element-limit = 1024 (custom)
2019-09-25 07:27:03,479 [pool-577-thread-1] INFO  server.RaftServerConfigKeys (ConfUtils.java:logGet(43)) - raft.server.log.segment.size.max = 1048576 (custom)
2019-09-25 07:27:03,479 [pool-577-thread-1] INFO  server.RaftServerConfigKeys (ConfUtils.java:logGet(43)) - raft.server.log.preallocated.size = 16384 (custom)
2019-09-25 07:27:03,480 [pool-577-thread-1] INFO  server.RaftServerConfigKeys (ConfUtils.java:logGet(43)) - raft.server.log.write.buffer.size = 33554432 (custom)
2019-09-25 07:27:03,480 [pool-577-thread-1] INFO  server.RaftServerConfigKeys (ConfUtils.java:logGet(43)) - raft.server.log.force.sync.num = 128 (default)
2019-09-25 07:27:03,480 [pool-577-thread-1] INFO  server.RaftServerConfigKeys (ConfUtils.java:logGet(43)) - raft.server.log.statemachine.data.sync = true (default)
2019-09-25 07:27:03,480 [pool-577-thread-1] INFO  server.RaftServerConfigKeys (ConfUtils.java:logGet(43)) - raft.server.log.statemachine.data.sync.timeout = 10s (default)
2019-09-25 07:27:03,480 [pool-577-thread-1] INFO  server.RaftServerConfigKeys (ConfUtils.java:logGet(43)) - raft.server.log.statemachine.data.sync.timeout.retry = -1 (default)
2019-09-25 07:27:03,480 [pool-577-thread-1] INFO  server.RaftServerConfigKeys (ConfUtils.java:logGet(43)) - raft.server.log.statemachine.data.caching.enabled = true (custom)
2019-09-25 07:27:03,481 [pool-577-thread-1] INFO  segmented.SegmentedRaftLogWorker (SegmentedRaftLogWorker.java:lambda$new$0(132)) - 51b39504-7a0f-4457-92f3-98ebea21e5f7@group-821EE6C9E51C-SegmentedRaftLogWorker: flushIndex: setUnconditionally 0 -> -1
2019-09-25 07:27:03,481 [pool-577-thread-1] INFO  server.RaftServerConfigKeys (ConfUtils.java:logGet(43)) - raft.server.snapshot.auto.trigger.enabled = true (custom)
2019-09-25 07:27:03,481 [pool-577-thread-1] INFO  server.RaftServerConfigKeys (ConfUtils.java:logGet(43)) - raft.server.snapshot.auto.trigger.threshold = 10000 (custom)
2019-09-25 07:27:03,481 [pool-577-thread-1] INFO  server.RaftServerConfigKeys (ConfUtils.java:logGet(43)) - raft.server.snapshot.retention.num.files = 5 (custom)
2019-09-25 07:27:03,482 [pool-577-thread-1] INFO  server.RaftServerConfigKeys (ConfUtils.java:logGet(43)) - raft.server.retrycache.expirytime = 600000ms (custom)
2019-09-25 07:27:03,483 [pool-577-thread-1] INFO  impl.RaftServerImpl (RaftServerImpl.java:start(185)) - 51b39504-7a0f-4457-92f3-98ebea21e5f7@group-821EE6C9E51C: start as a follower, conf=-1: [51b39504-7a0f-4457-92f3-98ebea21e5f7:192.168.151.106:42082], old=null
2019-09-25 07:27:03,483 [pool-577-thread-1] INFO  impl.RaftServerImpl (RaftServerImpl.java:setRole(174)) - 51b39504-7a0f-4457-92f3-98ebea21e5f7@group-821EE6C9E51C: changes role from      null to FOLLOWER at term 0 for startAsFollower
2019-09-25 07:27:03,483 [pool-577-thread-1] INFO  impl.RoleInfo (RoleInfo.java:updateAndGet(143)) - 51b39504-7a0f-4457-92f3-98ebea21e5f7: start FollowerState
2019-09-25 07:27:03,484 [pool-577-thread-1] INFO  util.JmxRegister (JmxRegister.java:tryRegister(44)) - Successfully registered JMX Bean with object name Ratis:service=RaftServer,group=group-821EE6C9E51C,id=51b39504-7a0f-4457-92f3-98ebea21e5f7
2019-09-25 07:27:03,487 [RatisPipelineUtilsThread] INFO  pipeline.PipelineStateManager (PipelineStateManager.java:addPipeline(56)) - Created pipeline Pipeline[ Id: 1414eb91-f347-4673-a15c-821ee6c9e51c, Nodes: 51b39504-7a0f-4457-92f3-98ebea21e5f7{ip: 192.168.151.106, host: pr-hdds-1569-x2sr2-3486766547, networkLocation: /default-rack, certSerialId: null}, Type:RATIS, Factor:ONE, State:OPEN]
2019-09-25 07:27:03,496 [grpc-default-executor-0] INFO  impl.RaftServerProxy (RaftServerProxy.java:addNew(89)) - 99d4f85b-b086-4679-bd31-e70102e86432: addNew group-8483F9A29BF1:[99d4f85b-b086-4679-bd31-e70102e86432:192.168.151.106:43975] returns group-8483F9A29BF1:java.util.concurrent.CompletableFuture@7a6b8f1e[Not completed]
2019-09-25 07:27:03,497 [pool-587-thread-1] INFO  impl.RaftServerImpl (RaftServerImpl.java:<init>(95)) - 99d4f85b-b086-4679-bd31-e70102e86432: new RaftServerImpl for group-8483F9A29BF1:[99d4f85b-b086-4679-bd31-e70102e86432:192.168.151.106:43975] with ContainerStateMachine:uninitialized
2019-09-25 07:27:03,497 [pool-587-thread-1] INFO  server.RaftServerConfigKeys (ConfUtils.java:logGet(43)) - raft.server.rpc.timeout.min = 5s (custom)
2019-09-25 07:27:03,497 [pool-587-thread-1] INFO  server.RaftServerConfigKeys (ConfUtils.java:logGet(43)) - raft.server.rpc.timeout.max = 5200ms (custom)
2019-09-25 07:27:03,497 [pool-587-thread-1] INFO  server.RaftServerConfigKeys (ConfUtils.java:logGet(43)) - raft.server.rpcslowness.timeout = 120s (custom)
2019-09-25 07:27:03,498 [pool-587-thread-1] INFO  server.RaftServerConfigKeys (ConfUtils.java:logGet(43)) - raft.server.sleep.deviation.threshold = 300 (default)
2019-09-25 07:27:03,498 [pool-587-thread-1] INFO  server.RaftServerConfigKeys (ConfUtils.java:logGet(43)) - raft.server.log.appender.install.snapshot.enabled = false (custom)
2019-09-25 07:27:03,498 [pool-587-thread-1] INFO  impl.RaftServerImpl (ServerState.java:<init>(103)) - 99d4f85b-b086-4679-bd31-e70102e86432@group-8483F9A29BF1: ConfigurationManager, init=-1: [99d4f85b-b086-4679-bd31-e70102e86432:192.168.151.106:43975], old=null, confs=<EMPTY_MAP>
2019-09-25 07:27:03,498 [pool-587-thread-1] INFO  server.RaftServerConfigKeys (ConfUtils.java:logGet(43)) - raft.server.storage.dir = [/workdir/hadoop-ozone/ozonefs/target/test-dir/MiniOzoneClusterImpl-9ed784a4-cad3-4d57-bc40-122284458440/datanode-1/data/ratis] (custom)
2019-09-25 07:27:03,498 [pool-587-thread-1] INFO  storage.RaftStorageDirectory (RaftStorageDirectory.java:analyzeStorage(246)) - The storage directory /workdir/hadoop-ozone/ozonefs/target/test-dir/MiniOzoneClusterImpl-9ed784a4-cad3-4d57-bc40-122284458440/datanode-1/data/ratis/a9f45470-79fb-4625-9b22-8483f9a29bf1 does not exist. Creating ...
2019-09-25 07:27:03,523 [pool-587-thread-1] INFO  storage.RaftStorageDirectory (RaftStorageDirectory.java:tryLock(328)) - Lock on /workdir/hadoop-ozone/ozonefs/target/test-dir/MiniOzoneClusterImpl-9ed784a4-cad3-4d57-bc40-122284458440/datanode-1/data/ratis/a9f45470-79fb-4625-9b22-8483f9a29bf1/in_use.lock acquired by nodename 6556@pr-hdds-1569-x2sr2-3486766547
2019-09-25 07:27:03,536 [pool-587-thread-1] INFO  storage.RaftStorage (RaftStorage.java:format(72)) - Storage directory /workdir/hadoop-ozone/ozonefs/target/test-dir/MiniOzoneClusterImpl-9ed784a4-cad3-4d57-bc40-122284458440/datanode-1/data/ratis/a9f45470-79fb-4625-9b22-8483f9a29bf1 has been successfully formatted.
2019-09-25 07:27:03,537 [pool-587-thread-1] INFO  ratis.ContainerStateMachine (ContainerStateMachine.java:loadSnapshot(230)) - group-8483F9A29BF1: The snapshot info is null. Setting the last applied indexto:(t:0, i:~)
2019-09-25 07:27:03,537 [pool-587-thread-1] INFO  server.RaftServerConfigKeys (ConfUtils.java:logGet(43)) - raft.server.notification.no-leader.timeout = 120s (custom)
2019-09-25 07:27:03,537 [pool-587-thread-1] INFO  server.RaftServerConfigKeys (ConfUtils.java:logGet(43)) - raft.server.log.use.memory = false (default)
2019-09-25 07:27:03,537 [pool-587-thread-1] INFO  server.RaftServerConfigKeys (ConfUtils.java:logGet(43)) - raft.server.log.purge.gap = 1000000 (custom)
2019-09-25 07:27:03,537 [pool-587-thread-1] INFO  server.RaftServerConfigKeys (ConfUtils.java:logGet(43)) - raft.server.log.appender.buffer.byte-limit = 33554432 (custom)
2019-09-25 07:27:03,537 [pool-587-thread-1] INFO  server.RaftServerConfigKeys (ConfUtils.java:logGet(43)) - raft.server.log.segment.size.max = 1048576 (custom)
2019-09-25 07:27:03,537 [pool-587-thread-1] INFO  server.RaftServerConfigKeys (ConfUtils.java:logGet(43)) - raft.server.log.segment.cache.num.max = 2 (custom)
2019-09-25 07:27:03,538 [pool-587-thread-1] INFO  segmented.SegmentedRaftLogWorker (SegmentedRaftLogWorker.java:<init>(172)) - new 99d4f85b-b086-4679-bd31-e70102e86432@group-8483F9A29BF1-SegmentedRaftLogWorker for RaftStorage:Storage Directory /workdir/hadoop-ozone/ozonefs/target/test-dir/MiniOzoneClusterImpl-9ed784a4-cad3-4d57-bc40-122284458440/datanode-1/data/ratis/a9f45470-79fb-4625-9b22-8483f9a29bf1
2019-09-25 07:27:03,540 [pool-587-thread-1] INFO  server.RaftServerConfigKeys (ConfUtils.java:logGet(43)) - raft.server.log.queue.byte-limit = 2147483647 (custom)
2019-09-25 07:27:03,540 [pool-587-thread-1] INFO  server.RaftServerConfigKeys (ConfUtils.java:logGet(43)) - raft.server.log.queue.element-limit = 1024 (custom)
2019-09-25 07:27:03,540 [pool-587-thread-1] INFO  server.RaftServerConfigKeys (ConfUtils.java:logGet(43)) - raft.server.log.segment.size.max = 1048576 (custom)
2019-09-25 07:27:03,540 [pool-587-thread-1] INFO  server.RaftServerConfigKeys (ConfUtils.java:logGet(43)) - raft.server.log.preallocated.size = 16384 (custom)
2019-09-25 07:27:03,541 [pool-587-thread-1] INFO  server.RaftServerConfigKeys (ConfUtils.java:logGet(43)) - raft.server.log.write.buffer.size = 33554432 (custom)
2019-09-25 07:27:03,541 [pool-587-thread-1] INFO  server.RaftServerConfigKeys (ConfUtils.java:logGet(43)) - raft.server.log.force.sync.num = 128 (default)
2019-09-25 07:27:03,541 [pool-587-thread-1] INFO  server.RaftServerConfigKeys (ConfUtils.java:logGet(43)) - raft.server.log.statemachine.data.sync = true (default)
2019-09-25 07:27:03,541 [pool-587-thread-1] INFO  server.RaftServerConfigKeys (ConfUtils.java:logGet(43)) - raft.server.log.statemachine.data.sync.timeout = 10s (default)
2019-09-25 07:27:03,541 [pool-587-thread-1] INFO  server.RaftServerConfigKeys (ConfUtils.java:logGet(43)) - raft.server.log.statemachine.data.sync.timeout.retry = -1 (default)
2019-09-25 07:27:03,542 [pool-587-thread-1] INFO  server.RaftServerConfigKeys (ConfUtils.java:logGet(43)) - raft.server.log.statemachine.data.caching.enabled = true (custom)
2019-09-25 07:27:03,542 [pool-587-thread-1] INFO  segmented.SegmentedRaftLogWorker (SegmentedRaftLogWorker.java:lambda$new$0(132)) - 99d4f85b-b086-4679-bd31-e70102e86432@group-8483F9A29BF1-SegmentedRaftLogWorker: flushIndex: setUnconditionally 0 -> -1
2019-09-25 07:27:03,543 [pool-587-thread-1] INFO  server.RaftServerConfigKeys (ConfUtils.java:logGet(43)) - raft.server.snapshot.auto.trigger.enabled = true (custom)
2019-09-25 07:27:03,543 [pool-587-thread-1] INFO  server.RaftServerConfigKeys (ConfUtils.java:logGet(43)) - raft.server.snapshot.auto.trigger.threshold = 10000 (custom)
2019-09-25 07:27:03,543 [pool-587-thread-1] INFO  server.RaftServerConfigKeys (ConfUtils.java:logGet(43)) - raft.server.snapshot.retention.num.files = 5 (custom)
2019-09-25 07:27:03,543 [pool-587-thread-1] INFO  server.RaftServerConfigKeys (ConfUtils.java:logGet(43)) - raft.server.retrycache.expirytime = 600000ms (custom)
2019-09-25 07:27:03,545 [pool-587-thread-1] INFO  impl.RaftServerImpl (RaftServerImpl.java:start(185)) - 99d4f85b-b086-4679-bd31-e70102e86432@group-8483F9A29BF1: start as a follower, conf=-1: [99d4f85b-b086-4679-bd31-e70102e86432:192.168.151.106:43975], old=null
2019-09-25 07:27:03,546 [pool-587-thread-1] INFO  impl.RaftServerImpl (RaftServerImpl.java:setRole(174)) - 99d4f85b-b086-4679-bd31-e70102e86432@group-8483F9A29BF1: changes role from      null to FOLLOWER at term 0 for startAsFollower
2019-09-25 07:27:03,546 [pool-587-thread-1] INFO  impl.RoleInfo (RoleInfo.java:updateAndGet(143)) - 99d4f85b-b086-4679-bd31-e70102e86432: start FollowerState
2019-09-25 07:27:03,546 [pool-587-thread-1] INFO  util.JmxRegister (JmxRegister.java:tryRegister(44)) - Successfully registered JMX Bean with object name Ratis:service=RaftServer,group=group-8483F9A29BF1,id=99d4f85b-b086-4679-bd31-e70102e86432
2019-09-25 07:27:03,549 [RatisPipelineUtilsThread] INFO  pipeline.PipelineStateManager (PipelineStateManager.java:addPipeline(56)) - Created pipeline Pipeline[ Id: a9f45470-79fb-4625-9b22-8483f9a29bf1, Nodes: 99d4f85b-b086-4679-bd31-e70102e86432{ip: 192.168.151.106, host: pr-hdds-1569-x2sr2-3486766547, networkLocation: /default-rack, certSerialId: null}, Type:RATIS, Factor:ONE, State:OPEN]
2019-09-25 07:27:03,554 [grpc-default-executor-0] INFO  impl.RaftServerProxy (RaftServerProxy.java:addNew(89)) - 51b39504-7a0f-4457-92f3-98ebea21e5f7: addNew group-64A4DC6E3FB8:[51b39504-7a0f-4457-92f3-98ebea21e5f7:192.168.151.106:42082] returns group-64A4DC6E3FB8:java.util.concurrent.CompletableFuture@166afdf6[Not completed]
2019-09-25 07:27:03,555 [pool-577-thread-1] INFO  impl.RaftServerImpl (RaftServerImpl.java:<init>(95)) - 51b39504-7a0f-4457-92f3-98ebea21e5f7: new RaftServerImpl for group-64A4DC6E3FB8:[51b39504-7a0f-4457-92f3-98ebea21e5f7:192.168.151.106:42082] with ContainerStateMachine:uninitialized
2019-09-25 07:27:03,555 [pool-577-thread-1] INFO  server.RaftServerConfigKeys (ConfUtils.java:logGet(43)) - raft.server.rpc.timeout.min = 5s (custom)
2019-09-25 07:27:03,555 [pool-577-thread-1] INFO  server.RaftServerConfigKeys (ConfUtils.java:logGet(43)) - raft.server.rpc.timeout.max = 5200ms (custom)
2019-09-25 07:27:03,556 [pool-577-thread-1] INFO  server.RaftServerConfigKeys (ConfUtils.java:logGet(43)) - raft.server.rpcslowness.timeout = 120s (custom)
2019-09-25 07:27:03,556 [pool-577-thread-1] INFO  server.RaftServerConfigKeys (ConfUtils.java:logGet(43)) - raft.server.sleep.deviation.threshold = 300 (default)
2019-09-25 07:27:03,556 [pool-577-thread-1] INFO  server.RaftServerConfigKeys (ConfUtils.java:logGet(43)) - raft.server.log.appender.install.snapshot.enabled = false (custom)
2019-09-25 07:27:03,556 [pool-577-thread-1] INFO  impl.RaftServerImpl (ServerState.java:<init>(103)) - 51b39504-7a0f-4457-92f3-98ebea21e5f7@group-64A4DC6E3FB8: ConfigurationManager, init=-1: [51b39504-7a0f-4457-92f3-98ebea21e5f7:192.168.151.106:42082], old=null, confs=<EMPTY_MAP>
2019-09-25 07:27:03,556 [pool-577-thread-1] INFO  server.RaftServerConfigKeys (ConfUtils.java:logGet(43)) - raft.server.storage.dir = [/workdir/hadoop-ozone/ozonefs/target/test-dir/MiniOzoneClusterImpl-9ed784a4-cad3-4d57-bc40-122284458440/datanode-0/data/ratis] (custom)
2019-09-25 07:27:03,556 [pool-577-thread-1] INFO  storage.RaftStorageDirectory (RaftStorageDirectory.java:analyzeStorage(246)) - The storage directory /workdir/hadoop-ozone/ozonefs/target/test-dir/MiniOzoneClusterImpl-9ed784a4-cad3-4d57-bc40-122284458440/datanode-0/data/ratis/4a5ebb24-325d-4120-a895-64a4dc6e3fb8 does not exist. Creating ...
2019-09-25 07:27:03,569 [pool-577-thread-1] INFO  storage.RaftStorageDirectory (RaftStorageDirectory.java:tryLock(328)) - Lock on /workdir/hadoop-ozone/ozonefs/target/test-dir/MiniOzoneClusterImpl-9ed784a4-cad3-4d57-bc40-122284458440/datanode-0/data/ratis/4a5ebb24-325d-4120-a895-64a4dc6e3fb8/in_use.lock acquired by nodename 6556@pr-hdds-1569-x2sr2-3486766547
2019-09-25 07:27:03,582 [pool-577-thread-1] INFO  storage.RaftStorage (RaftStorage.java:format(72)) - Storage directory /workdir/hadoop-ozone/ozonefs/target/test-dir/MiniOzoneClusterImpl-9ed784a4-cad3-4d57-bc40-122284458440/datanode-0/data/ratis/4a5ebb24-325d-4120-a895-64a4dc6e3fb8 has been successfully formatted.
2019-09-25 07:27:03,582 [pool-577-thread-1] INFO  ratis.ContainerStateMachine (ContainerStateMachine.java:loadSnapshot(230)) - group-64A4DC6E3FB8: The snapshot info is null. Setting the last applied indexto:(t:0, i:~)
2019-09-25 07:27:03,582 [pool-577-thread-1] INFO  server.RaftServerConfigKeys (ConfUtils.java:logGet(43)) - raft.server.notification.no-leader.timeout = 120s (custom)
2019-09-25 07:27:03,583 [pool-577-thread-1] INFO  server.RaftServerConfigKeys (ConfUtils.java:logGet(43)) - raft.server.log.use.memory = false (default)
2019-09-25 07:27:03,583 [pool-577-thread-1] INFO  server.RaftServerConfigKeys (ConfUtils.java:logGet(43)) - raft.server.log.purge.gap = 1000000 (custom)
2019-09-25 07:27:03,583 [pool-577-thread-1] INFO  server.RaftServerConfigKeys (ConfUtils.java:logGet(43)) - raft.server.log.appender.buffer.byte-limit = 33554432 (custom)
2019-09-25 07:27:03,583 [pool-577-thread-1] INFO  server.RaftServerConfigKeys (ConfUtils.java:logGet(43)) - raft.server.log.segment.size.max = 1048576 (custom)
2019-09-25 07:27:03,583 [pool-577-thread-1] INFO  server.RaftServerConfigKeys (ConfUtils.java:logGet(43)) - raft.server.log.segment.cache.num.max = 2 (custom)
2019-09-25 07:27:03,583 [pool-577-thread-1] INFO  segmented.SegmentedRaftLogWorker (SegmentedRaftLogWorker.java:<init>(172)) - new 51b39504-7a0f-4457-92f3-98ebea21e5f7@group-64A4DC6E3FB8-SegmentedRaftLogWorker for RaftStorage:Storage Directory /workdir/hadoop-ozone/ozonefs/target/test-dir/MiniOzoneClusterImpl-9ed784a4-cad3-4d57-bc40-122284458440/datanode-0/data/ratis/4a5ebb24-325d-4120-a895-64a4dc6e3fb8
2019-09-25 07:27:03,583 [pool-577-thread-1] INFO  server.RaftServerConfigKeys (ConfUtils.java:logGet(43)) - raft.server.log.queue.byte-limit = 2147483647 (custom)
2019-09-25 07:27:03,584 [pool-577-thread-1] INFO  server.RaftServerConfigKeys (ConfUtils.java:logGet(43)) - raft.server.log.queue.element-limit = 1024 (custom)
2019-09-25 07:27:03,584 [pool-577-thread-1] INFO  server.RaftServerConfigKeys (ConfUtils.java:logGet(43)) - raft.server.log.segment.size.max = 1048576 (custom)
2019-09-25 07:27:03,584 [pool-577-thread-1] INFO  server.RaftServerConfigKeys (ConfUtils.java:logGet(43)) - raft.server.log.preallocated.size = 16384 (custom)
2019-09-25 07:27:03,584 [pool-577-thread-1] INFO  server.RaftServerConfigKeys (ConfUtils.java:logGet(43)) - raft.server.log.write.buffer.size = 33554432 (custom)
2019-09-25 07:27:03,584 [pool-577-thread-1] INFO  server.RaftServerConfigKeys (ConfUtils.java:logGet(43)) - raft.server.log.force.sync.num = 128 (default)
2019-09-25 07:27:03,584 [pool-577-thread-1] INFO  server.RaftServerConfigKeys (ConfUtils.java:logGet(43)) - raft.server.log.statemachine.data.sync = true (default)
2019-09-25 07:27:03,584 [pool-577-thread-1] INFO  server.RaftServerConfigKeys (ConfUtils.java:logGet(43)) - raft.server.log.statemachine.data.sync.timeout = 10s (default)
2019-09-25 07:27:03,585 [pool-577-thread-1] INFO  server.RaftServerConfigKeys (ConfUtils.java:logGet(43)) - raft.server.log.statemachine.data.sync.timeout.retry = -1 (default)
2019-09-25 07:27:03,585 [pool-577-thread-1] INFO  server.RaftServerConfigKeys (ConfUtils.java:logGet(43)) - raft.server.log.statemachine.data.caching.enabled = true (custom)
2019-09-25 07:27:03,585 [pool-577-thread-1] INFO  segmented.SegmentedRaftLogWorker (SegmentedRaftLogWorker.java:lambda$new$0(132)) - 51b39504-7a0f-4457-92f3-98ebea21e5f7@group-64A4DC6E3FB8-SegmentedRaftLogWorker: flushIndex: setUnconditionally 0 -> -1
2019-09-25 07:27:03,585 [pool-577-thread-1] INFO  server.RaftServerConfigKeys (ConfUtils.java:logGet(43)) - raft.server.snapshot.auto.trigger.enabled = true (custom)
2019-09-25 07:27:03,585 [pool-577-thread-1] INFO  server.RaftServerConfigKeys (ConfUtils.java:logGet(43)) - raft.server.snapshot.auto.trigger.threshold = 10000 (custom)
2019-09-25 07:27:03,586 [pool-577-thread-1] INFO  server.RaftServerConfigKeys (ConfUtils.java:logGet(43)) - raft.server.snapshot.retention.num.files = 5 (custom)
2019-09-25 07:27:03,586 [pool-577-thread-1] INFO  server.RaftServerConfigKeys (ConfUtils.java:logGet(43)) - raft.server.retrycache.expirytime = 600000ms (custom)
2019-09-25 07:27:03,587 [pool-577-thread-1] INFO  impl.RaftServerImpl (RaftServerImpl.java:start(185)) - 51b39504-7a0f-4457-92f3-98ebea21e5f7@group-64A4DC6E3FB8: start as a follower, conf=-1: [51b39504-7a0f-4457-92f3-98ebea21e5f7:192.168.151.106:42082], old=null
2019-09-25 07:27:03,587 [pool-577-thread-1] INFO  impl.RaftServerImpl (RaftServerImpl.java:setRole(174)) - 51b39504-7a0f-4457-92f3-98ebea21e5f7@group-64A4DC6E3FB8: changes role from      null to FOLLOWER at term 0 for startAsFollower
2019-09-25 07:27:03,588 [pool-577-thread-1] INFO  impl.RoleInfo (RoleInfo.java:updateAndGet(143)) - 51b39504-7a0f-4457-92f3-98ebea21e5f7: start FollowerState
2019-09-25 07:27:03,588 [pool-577-thread-1] INFO  util.JmxRegister (JmxRegister.java:tryRegister(44)) - Successfully registered JMX Bean with object name Ratis:service=RaftServer,group=group-64A4DC6E3FB8,id=51b39504-7a0f-4457-92f3-98ebea21e5f7
2019-09-25 07:27:03,591 [RatisPipelineUtilsThread] INFO  pipeline.PipelineStateManager (PipelineStateManager.java:addPipeline(56)) - Created pipeline Pipeline[ Id: 4a5ebb24-325d-4120-a895-64a4dc6e3fb8, Nodes: 51b39504-7a0f-4457-92f3-98ebea21e5f7{ip: 192.168.151.106, host: pr-hdds-1569-x2sr2-3486766547, networkLocation: /default-rack, certSerialId: null}, Type:RATIS, Factor:ONE, State:OPEN]
2019-09-25 07:27:03,596 [grpc-default-executor-0] INFO  impl.RaftServerProxy (RaftServerProxy.java:addNew(89)) - 99d4f85b-b086-4679-bd31-e70102e86432: addNew group-4CB54DAAF739:[99d4f85b-b086-4679-bd31-e70102e86432:192.168.151.106:43975] returns group-4CB54DAAF739:java.util.concurrent.CompletableFuture@616fa0ab[Not completed]
2019-09-25 07:27:03,597 [pool-587-thread-1] INFO  impl.RaftServerImpl (RaftServerImpl.java:<init>(95)) - 99d4f85b-b086-4679-bd31-e70102e86432: new RaftServerImpl for group-4CB54DAAF739:[99d4f85b-b086-4679-bd31-e70102e86432:192.168.151.106:43975] with ContainerStateMachine:uninitialized
2019-09-25 07:27:03,597 [pool-587-thread-1] INFO  server.RaftServerConfigKeys (ConfUtils.java:logGet(43)) - raft.server.rpc.timeout.min = 5s (custom)
2019-09-25 07:27:03,597 [pool-587-thread-1] INFO  server.RaftServerConfigKeys (ConfUtils.java:logGet(43)) - raft.server.rpc.timeout.max = 5200ms (custom)
2019-09-25 07:27:03,597 [pool-587-thread-1] INFO  server.RaftServerConfigKeys (ConfUtils.java:logGet(43)) - raft.server.rpcslowness.timeout = 120s (custom)
2019-09-25 07:27:03,597 [pool-587-thread-1] INFO  server.RaftServerConfigKeys (ConfUtils.java:logGet(43)) - raft.server.sleep.deviation.threshold = 300 (default)
2019-09-25 07:27:03,597 [pool-587-thread-1] INFO  server.RaftServerConfigKeys (ConfUtils.java:logGet(43)) - raft.server.log.appender.install.snapshot.enabled = false (custom)
2019-09-25 07:27:03,598 [pool-587-thread-1] INFO  impl.RaftServerImpl (ServerState.java:<init>(103)) - 99d4f85b-b086-4679-bd31-e70102e86432@group-4CB54DAAF739: ConfigurationManager, init=-1: [99d4f85b-b086-4679-bd31-e70102e86432:192.168.151.106:43975], old=null, confs=<EMPTY_MAP>
2019-09-25 07:27:03,598 [pool-587-thread-1] INFO  server.RaftServerConfigKeys (ConfUtils.java:logGet(43)) - raft.server.storage.dir = [/workdir/hadoop-ozone/ozonefs/target/test-dir/MiniOzoneClusterImpl-9ed784a4-cad3-4d57-bc40-122284458440/datanode-1/data/ratis] (custom)
2019-09-25 07:27:03,598 [pool-587-thread-1] INFO  storage.RaftStorageDirectory (RaftStorageDirectory.java:analyzeStorage(246)) - The storage directory /workdir/hadoop-ozone/ozonefs/target/test-dir/MiniOzoneClusterImpl-9ed784a4-cad3-4d57-bc40-122284458440/datanode-1/data/ratis/b005335c-0e48-4696-9b6c-4cb54daaf739 does not exist. Creating ...
2019-09-25 07:27:03,612 [pool-587-thread-1] INFO  storage.RaftStorageDirectory (RaftStorageDirectory.java:tryLock(328)) - Lock on /workdir/hadoop-ozone/ozonefs/target/test-dir/MiniOzoneClusterImpl-9ed784a4-cad3-4d57-bc40-122284458440/datanode-1/data/ratis/b005335c-0e48-4696-9b6c-4cb54daaf739/in_use.lock acquired by nodename 6556@pr-hdds-1569-x2sr2-3486766547
2019-09-25 07:27:03,612 [main] INFO  ozone.MiniOzoneClusterImpl (MiniOzoneClusterImpl.java:lambda$waitForClusterToBeReady$0(147)) - Cluster is ready. Got 3 of 3 DN Heartbeats.
2019-09-25 07:27:03,640 [pool-587-thread-1] INFO  storage.RaftStorage (RaftStorage.java:format(72)) - Storage directory /workdir/hadoop-ozone/ozonefs/target/test-dir/MiniOzoneClusterImpl-9ed784a4-cad3-4d57-bc40-122284458440/datanode-1/data/ratis/b005335c-0e48-4696-9b6c-4cb54daaf739 has been successfully formatted.
2019-09-25 07:27:03,640 [pool-587-thread-1] INFO  ratis.ContainerStateMachine (ContainerStateMachine.java:loadSnapshot(230)) - group-4CB54DAAF739: The snapshot info is null. Setting the last applied indexto:(t:0, i:~)
2019-09-25 07:27:03,640 [pool-587-thread-1] INFO  server.RaftServerConfigKeys (ConfUtils.java:logGet(43)) - raft.server.notification.no-leader.timeout = 120s (custom)
2019-09-25 07:27:03,640 [pool-587-thread-1] INFO  server.RaftServerConfigKeys (ConfUtils.java:logGet(43)) - raft.server.log.use.memory = false (default)
2019-09-25 07:27:03,640 [pool-587-thread-1] INFO  server.RaftServerConfigKeys (ConfUtils.java:logGet(43)) - raft.server.log.purge.gap = 1000000 (custom)
2019-09-25 07:27:03,641 [pool-587-thread-1] INFO  server.RaftServerConfigKeys (ConfUtils.java:logGet(43)) - raft.server.log.appender.buffer.byte-limit = 33554432 (custom)
2019-09-25 07:27:03,665 [pool-587-thread-1] INFO  server.RaftServerConfigKeys (ConfUtils.java:logGet(43)) - raft.server.log.segment.size.max = 1048576 (custom)
2019-09-25 07:27:03,666 [pool-587-thread-1] INFO  server.RaftServerConfigKeys (ConfUtils.java:logGet(43)) - raft.server.log.segment.cache.num.max = 2 (custom)
2019-09-25 07:27:03,666 [pool-587-thread-1] INFO  segmented.SegmentedRaftLogWorker (SegmentedRaftLogWorker.java:<init>(172)) - new 99d4f85b-b086-4679-bd31-e70102e86432@group-4CB54DAAF739-SegmentedRaftLogWorker for RaftStorage:Storage Directory /workdir/hadoop-ozone/ozonefs/target/test-dir/MiniOzoneClusterImpl-9ed784a4-cad3-4d57-bc40-122284458440/datanode-1/data/ratis/b005335c-0e48-4696-9b6c-4cb54daaf739
2019-09-25 07:27:03,666 [pool-587-thread-1] INFO  server.RaftServerConfigKeys (ConfUtils.java:logGet(43)) - raft.server.log.queue.byte-limit = 2147483647 (custom)
2019-09-25 07:27:03,666 [pool-587-thread-1] INFO  server.RaftServerConfigKeys (ConfUtils.java:logGet(43)) - raft.server.log.queue.element-limit = 1024 (custom)
2019-09-25 07:27:03,666 [pool-587-thread-1] INFO  server.RaftServerConfigKeys (ConfUtils.java:logGet(43)) - raft.server.log.segment.size.max = 1048576 (custom)
2019-09-25 07:27:03,667 [pool-587-thread-1] INFO  server.RaftServerConfigKeys (ConfUtils.java:logGet(43)) - raft.server.log.preallocated.size = 16384 (custom)
2019-09-25 07:27:03,667 [pool-587-thread-1] INFO  server.RaftServerConfigKeys (ConfUtils.java:logGet(43)) - raft.server.log.write.buffer.size = 33554432 (custom)
2019-09-25 07:27:03,667 [pool-587-thread-1] INFO  server.RaftServerConfigKeys (ConfUtils.java:logGet(43)) - raft.server.log.force.sync.num = 128 (default)
2019-09-25 07:27:03,667 [pool-587-thread-1] INFO  server.RaftServerConfigKeys (ConfUtils.java:logGet(43)) - raft.server.log.statemachine.data.sync = true (default)
2019-09-25 07:27:03,667 [pool-587-thread-1] INFO  server.RaftServerConfigKeys (ConfUtils.java:logGet(43)) - raft.server.log.statemachine.data.sync.timeout = 10s (default)
2019-09-25 07:27:03,667 [pool-587-thread-1] INFO  server.RaftServerConfigKeys (ConfUtils.java:logGet(43)) - raft.server.log.statemachine.data.sync.timeout.retry = -1 (default)
2019-09-25 07:27:03,668 [pool-587-thread-1] INFO  server.RaftServerConfigKeys (ConfUtils.java:logGet(43)) - raft.server.log.statemachine.data.caching.enabled = true (custom)
2019-09-25 07:27:03,668 [pool-587-thread-1] INFO  segmented.SegmentedRaftLogWorker (SegmentedRaftLogWorker.java:lambda$new$0(132)) - 99d4f85b-b086-4679-bd31-e70102e86432@group-4CB54DAAF739-SegmentedRaftLogWorker: flushIndex: setUnconditionally 0 -> -1
2019-09-25 07:27:03,668 [pool-587-thread-1] INFO  server.RaftServerConfigKeys (ConfUtils.java:logGet(43)) - raft.server.snapshot.auto.trigger.enabled = true (custom)
2019-09-25 07:27:03,671 [pool-587-thread-1] INFO  server.RaftServerConfigKeys (ConfUtils.java:logGet(43)) - raft.server.snapshot.auto.trigger.threshold = 10000 (custom)
2019-09-25 07:27:03,671 [pool-587-thread-1] INFO  server.RaftServerConfigKeys (ConfUtils.java:logGet(43)) - raft.server.snapshot.retention.num.files = 5 (custom)
2019-09-25 07:27:03,671 [pool-587-thread-1] INFO  server.RaftServerConfigKeys (ConfUtils.java:logGet(43)) - raft.server.retrycache.expirytime = 600000ms (custom)
2019-09-25 07:27:03,673 [pool-587-thread-1] INFO  impl.RaftServerImpl (RaftServerImpl.java:start(185)) - 99d4f85b-b086-4679-bd31-e70102e86432@group-4CB54DAAF739: start as a follower, conf=-1: [99d4f85b-b086-4679-bd31-e70102e86432:192.168.151.106:43975], old=null
2019-09-25 07:27:03,673 [pool-587-thread-1] INFO  impl.RaftServerImpl (RaftServerImpl.java:setRole(174)) - 99d4f85b-b086-4679-bd31-e70102e86432@group-4CB54DAAF739: changes role from      null to FOLLOWER at term 0 for startAsFollower
2019-09-25 07:27:03,673 [pool-587-thread-1] INFO  impl.RoleInfo (RoleInfo.java:updateAndGet(143)) - 99d4f85b-b086-4679-bd31-e70102e86432: start FollowerState
2019-09-25 07:27:03,674 [pool-587-thread-1] INFO  util.JmxRegister (JmxRegister.java:tryRegister(44)) - Successfully registered JMX Bean with object name Ratis:service=RaftServer,group=group-4CB54DAAF739,id=99d4f85b-b086-4679-bd31-e70102e86432
2019-09-25 07:27:03,676 [RatisPipelineUtilsThread] INFO  pipeline.PipelineStateManager (PipelineStateManager.java:addPipeline(56)) - Created pipeline Pipeline[ Id: b005335c-0e48-4696-9b6c-4cb54daaf739, Nodes: 99d4f85b-b086-4679-bd31-e70102e86432{ip: 192.168.151.106, host: pr-hdds-1569-x2sr2-3486766547, networkLocation: /default-rack, certSerialId: null}, Type:RATIS, Factor:ONE, State:OPEN]
2019-09-25 07:27:03,685 [grpc-default-executor-0] INFO  impl.RaftServerProxy (RaftServerProxy.java:addNew(89)) - 21837d35-6fee-45df-90a1-45cbd93f8221: addNew group-D85464BAA862:[21837d35-6fee-45df-90a1-45cbd93f8221:192.168.151.106:46516] returns group-D85464BAA862:java.util.concurrent.CompletableFuture@4eccb235[Not completed]
2019-09-25 07:27:03,689 [main] INFO  rpc.RpcClient (RpcClient.java:createVolume(276)) - Creating Volume: ldgxqxglal, with user79227 as owner.
2019-09-25 07:27:03,691 [pool-597-thread-1] INFO  impl.RaftServerImpl (RaftServerImpl.java:<init>(95)) - 21837d35-6fee-45df-90a1-45cbd93f8221: new RaftServerImpl for group-D85464BAA862:[21837d35-6fee-45df-90a1-45cbd93f8221:192.168.151.106:46516] with ContainerStateMachine:uninitialized
2019-09-25 07:27:03,691 [pool-597-thread-1] INFO  server.RaftServerConfigKeys (ConfUtils.java:logGet(43)) - raft.server.rpc.timeout.min = 5s (custom)
2019-09-25 07:27:03,691 [pool-597-thread-1] INFO  server.RaftServerConfigKeys (ConfUtils.java:logGet(43)) - raft.server.rpc.timeout.max = 5200ms (custom)
2019-09-25 07:27:03,691 [pool-597-thread-1] INFO  server.RaftServerConfigKeys (ConfUtils.java:logGet(43)) - raft.server.rpcslowness.timeout = 120s (custom)
2019-09-25 07:27:03,691 [pool-597-thread-1] INFO  server.RaftServerConfigKeys (ConfUtils.java:logGet(43)) - raft.server.sleep.deviation.threshold = 300 (default)
2019-09-25 07:27:03,691 [pool-597-thread-1] INFO  server.RaftServerConfigKeys (ConfUtils.java:logGet(43)) - raft.server.log.appender.install.snapshot.enabled = false (custom)
2019-09-25 07:27:03,691 [pool-597-thread-1] INFO  impl.RaftServerImpl (ServerState.java:<init>(103)) - 21837d35-6fee-45df-90a1-45cbd93f8221@group-D85464BAA862: ConfigurationManager, init=-1: [21837d35-6fee-45df-90a1-45cbd93f8221:192.168.151.106:46516], old=null, confs=<EMPTY_MAP>
2019-09-25 07:27:03,692 [pool-597-thread-1] INFO  server.RaftServerConfigKeys (ConfUtils.java:logGet(43)) - raft.server.storage.dir = [/workdir/hadoop-ozone/ozonefs/target/test-dir/MiniOzoneClusterImpl-9ed784a4-cad3-4d57-bc40-122284458440/datanode-2/data/ratis] (custom)
2019-09-25 07:27:03,692 [IPC Server handler 2 on 42412] INFO  volume.OMVolumeCreateRequest (OMVolumeCreateRequest.java:validateAndUpdateCache(189)) - created volume:ldgxqxglal for user:user79227
2019-09-25 07:27:03,692 [pool-597-thread-1] INFO  storage.RaftStorageDirectory (RaftStorageDirectory.java:analyzeStorage(246)) - The storage directory /workdir/hadoop-ozone/ozonefs/target/test-dir/MiniOzoneClusterImpl-9ed784a4-cad3-4d57-bc40-122284458440/datanode-2/data/ratis/2f991368-2605-4780-89e3-d85464baa862 does not exist. Creating ...
2019-09-25 07:27:03,706 [pool-597-thread-1] INFO  storage.RaftStorageDirectory (RaftStorageDirectory.java:tryLock(328)) - Lock on /workdir/hadoop-ozone/ozonefs/target/test-dir/MiniOzoneClusterImpl-9ed784a4-cad3-4d57-bc40-122284458440/datanode-2/data/ratis/2f991368-2605-4780-89e3-d85464baa862/in_use.lock acquired by nodename 6556@pr-hdds-1569-x2sr2-3486766547
2019-09-25 07:27:03,707 [main] INFO  rpc.RpcClient (RpcClient.java:createBucket(415)) - Creating Bucket: ldgxqxglal/hmahfnckfq, with Versioning false and Storage Type set to DISK and Encryption set to false 
2019-09-25 07:27:03,720 [pool-597-thread-1] INFO  storage.RaftStorage (RaftStorage.java:format(72)) - Storage directory /workdir/hadoop-ozone/ozonefs/target/test-dir/MiniOzoneClusterImpl-9ed784a4-cad3-4d57-bc40-122284458440/datanode-2/data/ratis/2f991368-2605-4780-89e3-d85464baa862 has been successfully formatted.
2019-09-25 07:27:03,720 [pool-597-thread-1] INFO  ratis.ContainerStateMachine (ContainerStateMachine.java:loadSnapshot(230)) - group-D85464BAA862: The snapshot info is null. Setting the last applied indexto:(t:0, i:~)
2019-09-25 07:27:03,720 [pool-597-thread-1] INFO  server.RaftServerConfigKeys (ConfUtils.java:logGet(43)) - raft.server.notification.no-leader.timeout = 120s (custom)
2019-09-25 07:27:03,720 [pool-597-thread-1] INFO  server.RaftServerConfigKeys (ConfUtils.java:logGet(43)) - raft.server.log.use.memory = false (default)
2019-09-25 07:27:03,720 [pool-597-thread-1] INFO  server.RaftServerConfigKeys (ConfUtils.java:logGet(43)) - raft.server.log.purge.gap = 1000000 (custom)
2019-09-25 07:27:03,721 [pool-597-thread-1] INFO  server.RaftServerConfigKeys (ConfUtils.java:logGet(43)) - raft.server.log.appender.buffer.byte-limit = 33554432 (custom)
2019-09-25 07:27:03,721 [pool-597-thread-1] INFO  server.RaftServerConfigKeys (ConfUtils.java:logGet(43)) - raft.server.log.segment.size.max = 1048576 (custom)
2019-09-25 07:27:03,721 [pool-597-thread-1] INFO  server.RaftServerConfigKeys (ConfUtils.java:logGet(43)) - raft.server.log.segment.cache.num.max = 2 (custom)
2019-09-25 07:27:03,721 [pool-597-thread-1] INFO  segmented.SegmentedRaftLogWorker (SegmentedRaftLogWorker.java:<init>(172)) - new 21837d35-6fee-45df-90a1-45cbd93f8221@group-D85464BAA862-SegmentedRaftLogWorker for RaftStorage:Storage Directory /workdir/hadoop-ozone/ozonefs/target/test-dir/MiniOzoneClusterImpl-9ed784a4-cad3-4d57-bc40-122284458440/datanode-2/data/ratis/2f991368-2605-4780-89e3-d85464baa862
2019-09-25 07:27:03,723 [pool-597-thread-1] INFO  server.RaftServerConfigKeys (ConfUtils.java:logGet(43)) - raft.server.log.queue.byte-limit = 2147483647 (custom)
2019-09-25 07:27:03,723 [pool-597-thread-1] INFO  server.RaftServerConfigKeys (ConfUtils.java:logGet(43)) - raft.server.log.queue.element-limit = 1024 (custom)
2019-09-25 07:27:03,723 [pool-597-thread-1] INFO  server.RaftServerConfigKeys (ConfUtils.java:logGet(43)) - raft.server.log.segment.size.max = 1048576 (custom)
2019-09-25 07:27:03,723 [pool-597-thread-1] INFO  server.RaftServerConfigKeys (ConfUtils.java:logGet(43)) - raft.server.log.preallocated.size = 16384 (custom)
2019-09-25 07:27:03,723 [pool-597-thread-1] INFO  server.RaftServerConfigKeys (ConfUtils.java:logGet(43)) - raft.server.log.write.buffer.size = 33554432 (custom)
2019-09-25 07:27:03,724 [pool-597-thread-1] INFO  server.RaftServerConfigKeys (ConfUtils.java:logGet(43)) - raft.server.log.force.sync.num = 128 (default)
2019-09-25 07:27:03,724 [pool-597-thread-1] INFO  server.RaftServerConfigKeys (ConfUtils.java:logGet(43)) - raft.server.log.statemachine.data.sync = true (default)
2019-09-25 07:27:03,724 [pool-597-thread-1] INFO  server.RaftServerConfigKeys (ConfUtils.java:logGet(43)) - raft.server.log.statemachine.data.sync.timeout = 10s (default)
2019-09-25 07:27:03,724 [pool-597-thread-1] INFO  server.RaftServerConfigKeys (ConfUtils.java:logGet(43)) - raft.server.log.statemachine.data.sync.timeout.retry = -1 (default)
2019-09-25 07:27:03,724 [pool-597-thread-1] INFO  server.RaftServerConfigKeys (ConfUtils.java:logGet(43)) - raft.server.log.statemachine.data.caching.enabled = true (custom)
2019-09-25 07:27:03,725 [pool-597-thread-1] INFO  segmented.SegmentedRaftLogWorker (SegmentedRaftLogWorker.java:lambda$new$0(132)) - 21837d35-6fee-45df-90a1-45cbd93f8221@group-D85464BAA862-SegmentedRaftLogWorker: flushIndex: setUnconditionally 0 -> -1
2019-09-25 07:27:03,725 [pool-597-thread-1] INFO  server.RaftServerConfigKeys (ConfUtils.java:logGet(43)) - raft.server.snapshot.auto.trigger.enabled = true (custom)
2019-09-25 07:27:03,725 [pool-597-thread-1] INFO  server.RaftServerConfigKeys (ConfUtils.java:logGet(43)) - raft.server.snapshot.auto.trigger.threshold = 10000 (custom)
2019-09-25 07:27:03,725 [pool-597-thread-1] INFO  server.RaftServerConfigKeys (ConfUtils.java:logGet(43)) - raft.server.snapshot.retention.num.files = 5 (custom)
2019-09-25 07:27:03,725 [pool-597-thread-1] INFO  server.RaftServerConfigKeys (ConfUtils.java:logGet(43)) - raft.server.retrycache.expirytime = 600000ms (custom)
2019-09-25 07:27:03,727 [pool-597-thread-1] INFO  impl.RaftServerImpl (RaftServerImpl.java:start(185)) - 21837d35-6fee-45df-90a1-45cbd93f8221@group-D85464BAA862: start as a follower, conf=-1: [21837d35-6fee-45df-90a1-45cbd93f8221:192.168.151.106:46516], old=null
2019-09-25 07:27:03,727 [pool-597-thread-1] INFO  impl.RaftServerImpl (RaftServerImpl.java:setRole(174)) - 21837d35-6fee-45df-90a1-45cbd93f8221@group-D85464BAA862: changes role from      null to FOLLOWER at term 0 for startAsFollower
2019-09-25 07:27:03,727 [pool-597-thread-1] INFO  impl.RoleInfo (RoleInfo.java:updateAndGet(143)) - 21837d35-6fee-45df-90a1-45cbd93f8221: start FollowerState
2019-09-25 07:27:03,727 [pool-597-thread-1] INFO  util.JmxRegister (JmxRegister.java:tryRegister(44)) - Successfully registered JMX Bean with object name Ratis:service=RaftServer,group=group-D85464BAA862,id=21837d35-6fee-45df-90a1-45cbd93f8221
2019-09-25 07:27:03,730 [RatisPipelineUtilsThread] INFO  pipeline.PipelineStateManager (PipelineStateManager.java:addPipeline(56)) - Created pipeline Pipeline[ Id: 2f991368-2605-4780-89e3-d85464baa862, Nodes: 21837d35-6fee-45df-90a1-45cbd93f8221{ip: 192.168.151.106, host: pr-hdds-1569-x2sr2-3486766547, networkLocation: /default-rack, certSerialId: null}, Type:RATIS, Factor:ONE, State:OPEN]
2019-09-25 07:27:03,734 [grpc-default-executor-0] INFO  impl.RaftServerProxy (RaftServerProxy.java:addNew(89)) - 99d4f85b-b086-4679-bd31-e70102e86432: addNew group-7AE34BBE9FA0:[99d4f85b-b086-4679-bd31-e70102e86432:192.168.151.106:43975] returns group-7AE34BBE9FA0:java.util.concurrent.CompletableFuture@5afe722e[Not completed]
2019-09-25 07:27:03,735 [pool-587-thread-1] INFO  impl.RaftServerImpl (RaftServerImpl.java:<init>(95)) - 99d4f85b-b086-4679-bd31-e70102e86432: new RaftServerImpl for group-7AE34BBE9FA0:[99d4f85b-b086-4679-bd31-e70102e86432:192.168.151.106:43975] with ContainerStateMachine:uninitialized
2019-09-25 07:27:03,735 [pool-587-thread-1] INFO  server.RaftServerConfigKeys (ConfUtils.java:logGet(43)) - raft.server.rpc.timeout.min = 5s (custom)
2019-09-25 07:27:03,736 [pool-587-thread-1] INFO  server.RaftServerConfigKeys (ConfUtils.java:logGet(43)) - raft.server.rpc.timeout.max = 5200ms (custom)
2019-09-25 07:27:03,736 [pool-587-thread-1] INFO  server.RaftServerConfigKeys (ConfUtils.java:logGet(43)) - raft.server.rpcslowness.timeout = 120s (custom)
2019-09-25 07:27:03,736 [pool-587-thread-1] INFO  server.RaftServerConfigKeys (ConfUtils.java:logGet(43)) - raft.server.sleep.deviation.threshold = 300 (default)
2019-09-25 07:27:03,736 [pool-587-thread-1] INFO  server.RaftServerConfigKeys (ConfUtils.java:logGet(43)) - raft.server.log.appender.install.snapshot.enabled = false (custom)
2019-09-25 07:27:03,736 [pool-587-thread-1] INFO  impl.RaftServerImpl (ServerState.java:<init>(103)) - 99d4f85b-b086-4679-bd31-e70102e86432@group-7AE34BBE9FA0: ConfigurationManager, init=-1: [99d4f85b-b086-4679-bd31-e70102e86432:192.168.151.106:43975], old=null, confs=<EMPTY_MAP>
2019-09-25 07:27:03,736 [pool-587-thread-1] INFO  server.RaftServerConfigKeys (ConfUtils.java:logGet(43)) - raft.server.storage.dir = [/workdir/hadoop-ozone/ozonefs/target/test-dir/MiniOzoneClusterImpl-9ed784a4-cad3-4d57-bc40-122284458440/datanode-1/data/ratis] (custom)
2019-09-25 07:27:03,737 [pool-587-thread-1] INFO  storage.RaftStorageDirectory (RaftStorageDirectory.java:analyzeStorage(246)) - The storage directory /workdir/hadoop-ozone/ozonefs/target/test-dir/MiniOzoneClusterImpl-9ed784a4-cad3-4d57-bc40-122284458440/datanode-1/data/ratis/f0761147-0d17-4d1a-850e-7ae34bbe9fa0 does not exist. Creating ...
2019-09-25 07:27:03,748 [pool-587-thread-1] INFO  storage.RaftStorageDirectory (RaftStorageDirectory.java:tryLock(328)) - Lock on /workdir/hadoop-ozone/ozonefs/target/test-dir/MiniOzoneClusterImpl-9ed784a4-cad3-4d57-bc40-122284458440/datanode-1/data/ratis/f0761147-0d17-4d1a-850e-7ae34bbe9fa0/in_use.lock acquired by nodename 6556@pr-hdds-1569-x2sr2-3486766547
2019-09-25 07:27:03,775 [pool-587-thread-1] INFO  storage.RaftStorage (RaftStorage.java:format(72)) - Storage directory /workdir/hadoop-ozone/ozonefs/target/test-dir/MiniOzoneClusterImpl-9ed784a4-cad3-4d57-bc40-122284458440/datanode-1/data/ratis/f0761147-0d17-4d1a-850e-7ae34bbe9fa0 has been successfully formatted.
2019-09-25 07:27:03,776 [pool-587-thread-1] INFO  ratis.ContainerStateMachine (ContainerStateMachine.java:loadSnapshot(230)) - group-7AE34BBE9FA0: The snapshot info is null. Setting the last applied indexto:(t:0, i:~)
2019-09-25 07:27:03,776 [pool-587-thread-1] INFO  server.RaftServerConfigKeys (ConfUtils.java:logGet(43)) - raft.server.notification.no-leader.timeout = 120s (custom)
2019-09-25 07:27:03,776 [pool-587-thread-1] INFO  server.RaftServerConfigKeys (ConfUtils.java:logGet(43)) - raft.server.log.use.memory = false (default)
2019-09-25 07:27:03,776 [pool-587-thread-1] INFO  server.RaftServerConfigKeys (ConfUtils.java:logGet(43)) - raft.server.log.purge.gap = 1000000 (custom)
2019-09-25 07:27:03,776 [pool-587-thread-1] INFO  server.RaftServerConfigKeys (ConfUtils.java:logGet(43)) - raft.server.log.appender.buffer.byte-limit = 33554432 (custom)
2019-09-25 07:27:03,777 [pool-587-thread-1] INFO  server.RaftServerConfigKeys (ConfUtils.java:logGet(43)) - raft.server.log.segment.size.max = 1048576 (custom)
2019-09-25 07:27:03,777 [pool-587-thread-1] INFO  server.RaftServerConfigKeys (ConfUtils.java:logGet(43)) - raft.server.log.segment.cache.num.max = 2 (custom)
2019-09-25 07:27:03,777 [pool-587-thread-1] INFO  segmented.SegmentedRaftLogWorker (SegmentedRaftLogWorker.java:<init>(172)) - new 99d4f85b-b086-4679-bd31-e70102e86432@group-7AE34BBE9FA0-SegmentedRaftLogWorker for RaftStorage:Storage Directory /workdir/hadoop-ozone/ozonefs/target/test-dir/MiniOzoneClusterImpl-9ed784a4-cad3-4d57-bc40-122284458440/datanode-1/data/ratis/f0761147-0d17-4d1a-850e-7ae34bbe9fa0
2019-09-25 07:27:03,777 [pool-587-thread-1] INFO  server.RaftServerConfigKeys (ConfUtils.java:logGet(43)) - raft.server.log.queue.byte-limit = 2147483647 (custom)
2019-09-25 07:27:03,777 [pool-587-thread-1] INFO  server.RaftServerConfigKeys (ConfUtils.java:logGet(43)) - raft.server.log.queue.element-limit = 1024 (custom)
2019-09-25 07:27:03,777 [pool-587-thread-1] INFO  server.RaftServerConfigKeys (ConfUtils.java:logGet(43)) - raft.server.log.segment.size.max = 1048576 (custom)
2019-09-25 07:27:03,777 [pool-587-thread-1] INFO  server.RaftServerConfigKeys (ConfUtils.java:logGet(43)) - raft.server.log.preallocated.size = 16384 (custom)
2019-09-25 07:27:03,777 [pool-587-thread-1] INFO  server.RaftServerConfigKeys (ConfUtils.java:logGet(43)) - raft.server.log.write.buffer.size = 33554432 (custom)
2019-09-25 07:27:03,777 [pool-587-thread-1] INFO  server.RaftServerConfigKeys (ConfUtils.java:logGet(43)) - raft.server.log.force.sync.num = 128 (default)
2019-09-25 07:27:03,777 [pool-587-thread-1] INFO  server.RaftServerConfigKeys (ConfUtils.java:logGet(43)) - raft.server.log.statemachine.data.sync = true (default)
2019-09-25 07:27:03,778 [pool-587-thread-1] INFO  server.RaftServerConfigKeys (ConfUtils.java:logGet(43)) - raft.server.log.statemachine.data.sync.timeout = 10s (default)
2019-09-25 07:27:03,778 [pool-587-thread-1] INFO  server.RaftServerConfigKeys (ConfUtils.java:logGet(43)) - raft.server.log.statemachine.data.sync.timeout.retry = -1 (default)
2019-09-25 07:27:03,778 [pool-587-thread-1] INFO  server.RaftServerConfigKeys (ConfUtils.java:logGet(43)) - raft.server.log.statemachine.data.caching.enabled = true (custom)
2019-09-25 07:27:03,778 [pool-587-thread-1] INFO  segmented.SegmentedRaftLogWorker (SegmentedRaftLogWorker.java:lambda$new$0(132)) - 99d4f85b-b086-4679-bd31-e70102e86432@group-7AE34BBE9FA0-SegmentedRaftLogWorker: flushIndex: setUnconditionally 0 -> -1
2019-09-25 07:27:03,778 [pool-587-thread-1] INFO  server.RaftServerConfigKeys (ConfUtils.java:logGet(43)) - raft.server.snapshot.auto.trigger.enabled = true (custom)
2019-09-25 07:27:03,779 [pool-587-thread-1] INFO  server.RaftServerConfigKeys (ConfUtils.java:logGet(43)) - raft.server.snapshot.auto.trigger.threshold = 10000 (custom)
2019-09-25 07:27:03,779 [pool-587-thread-1] INFO  server.RaftServerConfigKeys (ConfUtils.java:logGet(43)) - raft.server.snapshot.retention.num.files = 5 (custom)
2019-09-25 07:27:03,779 [pool-587-thread-1] INFO  server.RaftServerConfigKeys (ConfUtils.java:logGet(43)) - raft.server.retrycache.expirytime = 600000ms (custom)
2019-09-25 07:27:03,780 [pool-587-thread-1] INFO  impl.RaftServerImpl (RaftServerImpl.java:start(185)) - 99d4f85b-b086-4679-bd31-e70102e86432@group-7AE34BBE9FA0: start as a follower, conf=-1: [99d4f85b-b086-4679-bd31-e70102e86432:192.168.151.106:43975], old=null
2019-09-25 07:27:03,780 [pool-587-thread-1] INFO  impl.RaftServerImpl (RaftServerImpl.java:setRole(174)) - 99d4f85b-b086-4679-bd31-e70102e86432@group-7AE34BBE9FA0: changes role from      null to FOLLOWER at term 0 for startAsFollower
2019-09-25 07:27:03,781 [pool-587-thread-1] INFO  impl.RoleInfo (RoleInfo.java:updateAndGet(143)) - 99d4f85b-b086-4679-bd31-e70102e86432: start FollowerState
2019-09-25 07:27:03,781 [pool-587-thread-1] INFO  util.JmxRegister (JmxRegister.java:tryRegister(44)) - Successfully registered JMX Bean with object name Ratis:service=RaftServer,group=group-7AE34BBE9FA0,id=99d4f85b-b086-4679-bd31-e70102e86432
2019-09-25 07:27:03,784 [RatisPipelineUtilsThread] INFO  pipeline.PipelineStateManager (PipelineStateManager.java:addPipeline(56)) - Created pipeline Pipeline[ Id: f0761147-0d17-4d1a-850e-7ae34bbe9fa0, Nodes: 99d4f85b-b086-4679-bd31-e70102e86432{ip: 192.168.151.106, host: pr-hdds-1569-x2sr2-3486766547, networkLocation: /default-rack, certSerialId: null}, Type:RATIS, Factor:ONE, State:OPEN]
2019-09-25 07:27:03,788 [grpc-default-executor-0] INFO  impl.RaftServerProxy (RaftServerProxy.java:addNew(89)) - 51b39504-7a0f-4457-92f3-98ebea21e5f7: addNew group-26C72AA1766C:[51b39504-7a0f-4457-92f3-98ebea21e5f7:192.168.151.106:42082] returns group-26C72AA1766C:java.util.concurrent.CompletableFuture@1eb405a4[Not completed]
2019-09-25 07:27:03,790 [pool-577-thread-1] INFO  impl.RaftServerImpl (RaftServerImpl.java:<init>(95)) - 51b39504-7a0f-4457-92f3-98ebea21e5f7: new RaftServerImpl for group-26C72AA1766C:[51b39504-7a0f-4457-92f3-98ebea21e5f7:192.168.151.106:42082] with ContainerStateMachine:uninitialized
2019-09-25 07:27:03,790 [pool-577-thread-1] INFO  server.RaftServerConfigKeys (ConfUtils.java:logGet(43)) - raft.server.rpc.timeout.min = 5s (custom)
2019-09-25 07:27:03,790 [pool-577-thread-1] INFO  server.RaftServerConfigKeys (ConfUtils.java:logGet(43)) - raft.server.rpc.timeout.max = 5200ms (custom)
2019-09-25 07:27:03,790 [pool-577-thread-1] INFO  server.RaftServerConfigKeys (ConfUtils.java:logGet(43)) - raft.server.rpcslowness.timeout = 120s (custom)
2019-09-25 07:27:03,790 [pool-577-thread-1] INFO  server.RaftServerConfigKeys (ConfUtils.java:logGet(43)) - raft.server.sleep.deviation.threshold = 300 (default)
2019-09-25 07:27:03,790 [pool-577-thread-1] INFO  server.RaftServerConfigKeys (ConfUtils.java:logGet(43)) - raft.server.log.appender.install.snapshot.enabled = false (custom)
2019-09-25 07:27:03,790 [pool-577-thread-1] INFO  impl.RaftServerImpl (ServerState.java:<init>(103)) - 51b39504-7a0f-4457-92f3-98ebea21e5f7@group-26C72AA1766C: ConfigurationManager, init=-1: [51b39504-7a0f-4457-92f3-98ebea21e5f7:192.168.151.106:42082], old=null, confs=<EMPTY_MAP>
2019-09-25 07:27:03,791 [pool-577-thread-1] INFO  server.RaftServerConfigKeys (ConfUtils.java:logGet(43)) - raft.server.storage.dir = [/workdir/hadoop-ozone/ozonefs/target/test-dir/MiniOzoneClusterImpl-9ed784a4-cad3-4d57-bc40-122284458440/datanode-0/data/ratis] (custom)
2019-09-25 07:27:03,791 [pool-577-thread-1] INFO  storage.RaftStorageDirectory (RaftStorageDirectory.java:analyzeStorage(246)) - The storage directory /workdir/hadoop-ozone/ozonefs/target/test-dir/MiniOzoneClusterImpl-9ed784a4-cad3-4d57-bc40-122284458440/datanode-0/data/ratis/fd5092a8-22c3-4869-ab24-26c72aa1766c does not exist. Creating ...
2019-09-25 07:27:03,804 [pool-577-thread-1] INFO  storage.RaftStorageDirectory (RaftStorageDirectory.java:tryLock(328)) - Lock on /workdir/hadoop-ozone/ozonefs/target/test-dir/MiniOzoneClusterImpl-9ed784a4-cad3-4d57-bc40-122284458440/datanode-0/data/ratis/fd5092a8-22c3-4869-ab24-26c72aa1766c/in_use.lock acquired by nodename 6556@pr-hdds-1569-x2sr2-3486766547
2019-09-25 07:27:03,817 [pool-577-thread-1] INFO  storage.RaftStorage (RaftStorage.java:format(72)) - Storage directory /workdir/hadoop-ozone/ozonefs/target/test-dir/MiniOzoneClusterImpl-9ed784a4-cad3-4d57-bc40-122284458440/datanode-0/data/ratis/fd5092a8-22c3-4869-ab24-26c72aa1766c has been successfully formatted.
2019-09-25 07:27:03,817 [pool-577-thread-1] INFO  ratis.ContainerStateMachine (ContainerStateMachine.java:loadSnapshot(230)) - group-26C72AA1766C: The snapshot info is null. Setting the last applied indexto:(t:0, i:~)
2019-09-25 07:27:03,817 [pool-577-thread-1] INFO  server.RaftServerConfigKeys (ConfUtils.java:logGet(43)) - raft.server.notification.no-leader.timeout = 120s (custom)
2019-09-25 07:27:03,817 [pool-577-thread-1] INFO  server.RaftServerConfigKeys (ConfUtils.java:logGet(43)) - raft.server.log.use.memory = false (default)
2019-09-25 07:27:03,817 [pool-577-thread-1] INFO  server.RaftServerConfigKeys (ConfUtils.java:logGet(43)) - raft.server.log.purge.gap = 1000000 (custom)
2019-09-25 07:27:03,818 [pool-577-thread-1] INFO  server.RaftServerConfigKeys (ConfUtils.java:logGet(43)) - raft.server.log.appender.buffer.byte-limit = 33554432 (custom)
2019-09-25 07:27:03,818 [pool-577-thread-1] INFO  server.RaftServerConfigKeys (ConfUtils.java:logGet(43)) - raft.server.log.segment.size.max = 1048576 (custom)
2019-09-25 07:27:03,818 [pool-577-thread-1] INFO  server.RaftServerConfigKeys (ConfUtils.java:logGet(43)) - raft.server.log.segment.cache.num.max = 2 (custom)
2019-09-25 07:27:03,818 [pool-577-thread-1] INFO  segmented.SegmentedRaftLogWorker (SegmentedRaftLogWorker.java:<init>(172)) - new 51b39504-7a0f-4457-92f3-98ebea21e5f7@group-26C72AA1766C-SegmentedRaftLogWorker for RaftStorage:Storage Directory /workdir/hadoop-ozone/ozonefs/target/test-dir/MiniOzoneClusterImpl-9ed784a4-cad3-4d57-bc40-122284458440/datanode-0/data/ratis/fd5092a8-22c3-4869-ab24-26c72aa1766c
2019-09-25 07:27:03,818 [pool-577-thread-1] INFO  server.RaftServerConfigKeys (ConfUtils.java:logGet(43)) - raft.server.log.queue.byte-limit = 2147483647 (custom)
2019-09-25 07:27:03,818 [pool-577-thread-1] INFO  server.RaftServerConfigKeys (ConfUtils.java:logGet(43)) - raft.server.log.queue.element-limit = 1024 (custom)
2019-09-25 07:27:03,818 [pool-577-thread-1] INFO  server.RaftServerConfigKeys (ConfUtils.java:logGet(43)) - raft.server.log.segment.size.max = 1048576 (custom)
2019-09-25 07:27:03,818 [pool-577-thread-1] INFO  server.RaftServerConfigKeys (ConfUtils.java:logGet(43)) - raft.server.log.preallocated.size = 16384 (custom)
2019-09-25 07:27:03,819 [pool-577-thread-1] INFO  server.RaftServerConfigKeys (ConfUtils.java:logGet(43)) - raft.server.log.write.buffer.size = 33554432 (custom)
2019-09-25 07:27:03,819 [pool-577-thread-1] INFO  server.RaftServerConfigKeys (ConfUtils.java:logGet(43)) - raft.server.log.force.sync.num = 128 (default)
2019-09-25 07:27:03,819 [pool-577-thread-1] INFO  server.RaftServerConfigKeys (ConfUtils.java:logGet(43)) - raft.server.log.statemachine.data.sync = true (default)
2019-09-25 07:27:03,819 [pool-577-thread-1] INFO  server.RaftServerConfigKeys (ConfUtils.java:logGet(43)) - raft.server.log.statemachine.data.sync.timeout = 10s (default)
2019-09-25 07:27:03,819 [pool-577-thread-1] INFO  server.RaftServerConfigKeys (ConfUtils.java:logGet(43)) - raft.server.log.statemachine.data.sync.timeout.retry = -1 (default)
2019-09-25 07:27:03,819 [pool-577-thread-1] INFO  server.RaftServerConfigKeys (ConfUtils.java:logGet(43)) - raft.server.log.statemachine.data.caching.enabled = true (custom)
2019-09-25 07:27:03,819 [pool-577-thread-1] INFO  segmented.SegmentedRaftLogWorker (SegmentedRaftLogWorker.java:lambda$new$0(132)) - 51b39504-7a0f-4457-92f3-98ebea21e5f7@group-26C72AA1766C-SegmentedRaftLogWorker: flushIndex: setUnconditionally 0 -> -1
2019-09-25 07:27:03,820 [pool-577-thread-1] INFO  server.RaftServerConfigKeys (ConfUtils.java:logGet(43)) - raft.server.snapshot.auto.trigger.enabled = true (custom)
2019-09-25 07:27:03,820 [pool-577-thread-1] INFO  server.RaftServerConfigKeys (ConfUtils.java:logGet(43)) - raft.server.snapshot.auto.trigger.threshold = 10000 (custom)
2019-09-25 07:27:03,820 [pool-577-thread-1] INFO  server.RaftServerConfigKeys (ConfUtils.java:logGet(43)) - raft.server.snapshot.retention.num.files = 5 (custom)
2019-09-25 07:27:03,820 [pool-577-thread-1] INFO  server.RaftServerConfigKeys (ConfUtils.java:logGet(43)) - raft.server.retrycache.expirytime = 600000ms (custom)
2019-09-25 07:27:03,822 [pool-577-thread-1] INFO  impl.RaftServerImpl (RaftServerImpl.java:start(185)) - 51b39504-7a0f-4457-92f3-98ebea21e5f7@group-26C72AA1766C: start as a follower, conf=-1: [51b39504-7a0f-4457-92f3-98ebea21e5f7:192.168.151.106:42082], old=null
2019-09-25 07:27:03,822 [pool-577-thread-1] INFO  impl.RaftServerImpl (RaftServerImpl.java:setRole(174)) - 51b39504-7a0f-4457-92f3-98ebea21e5f7@group-26C72AA1766C: changes role from      null to FOLLOWER at term 0 for startAsFollower
2019-09-25 07:27:03,822 [pool-577-thread-1] INFO  impl.RoleInfo (RoleInfo.java:updateAndGet(143)) - 51b39504-7a0f-4457-92f3-98ebea21e5f7: start FollowerState
2019-09-25 07:27:03,822 [pool-577-thread-1] INFO  util.JmxRegister (JmxRegister.java:tryRegister(44)) - Successfully registered JMX Bean with object name Ratis:service=RaftServer,group=group-26C72AA1766C,id=51b39504-7a0f-4457-92f3-98ebea21e5f7
2019-09-25 07:27:03,825 [RatisPipelineUtilsThread] INFO  pipeline.PipelineStateManager (PipelineStateManager.java:addPipeline(56)) - Created pipeline Pipeline[ Id: fd5092a8-22c3-4869-ab24-26c72aa1766c, Nodes: 51b39504-7a0f-4457-92f3-98ebea21e5f7{ip: 192.168.151.106, host: pr-hdds-1569-x2sr2-3486766547, networkLocation: /default-rack, certSerialId: null}, Type:RATIS, Factor:ONE, State:OPEN]
2019-09-25 07:27:03,831 [grpc-default-executor-0] INFO  impl.RaftServerProxy (RaftServerProxy.java:addNew(89)) - 99d4f85b-b086-4679-bd31-e70102e86432: addNew group-6135575B23D6:[99d4f85b-b086-4679-bd31-e70102e86432:192.168.151.106:43975] returns group-6135575B23D6:java.util.concurrent.CompletableFuture@34864e98[Not completed]
2019-09-25 07:27:03,832 [pool-587-thread-1] INFO  impl.RaftServerImpl (RaftServerImpl.java:<init>(95)) - 99d4f85b-b086-4679-bd31-e70102e86432: new RaftServerImpl for group-6135575B23D6:[99d4f85b-b086-4679-bd31-e70102e86432:192.168.151.106:43975] with ContainerStateMachine:uninitialized
2019-09-25 07:27:03,832 [pool-587-thread-1] INFO  server.RaftServerConfigKeys (ConfUtils.java:logGet(43)) - raft.server.rpc.timeout.min = 5s (custom)
2019-09-25 07:27:03,832 [pool-587-thread-1] INFO  server.RaftServerConfigKeys (ConfUtils.java:logGet(43)) - raft.server.rpc.timeout.max = 5200ms (custom)
2019-09-25 07:27:03,832 [pool-587-thread-1] INFO  server.RaftServerConfigKeys (ConfUtils.java:logGet(43)) - raft.server.rpcslowness.timeout = 120s (custom)
2019-09-25 07:27:03,832 [pool-587-thread-1] INFO  server.RaftServerConfigKeys (ConfUtils.java:logGet(43)) - raft.server.sleep.deviation.threshold = 300 (default)
2019-09-25 07:27:03,833 [pool-587-thread-1] INFO  server.RaftServerConfigKeys (ConfUtils.java:logGet(43)) - raft.server.log.appender.install.snapshot.enabled = false (custom)
2019-09-25 07:27:03,833 [pool-587-thread-1] INFO  impl.RaftServerImpl (ServerState.java:<init>(103)) - 99d4f85b-b086-4679-bd31-e70102e86432@group-6135575B23D6: ConfigurationManager, init=-1: [99d4f85b-b086-4679-bd31-e70102e86432:192.168.151.106:43975], old=null, confs=<EMPTY_MAP>
2019-09-25 07:27:03,833 [pool-587-thread-1] INFO  server.RaftServerConfigKeys (ConfUtils.java:logGet(43)) - raft.server.storage.dir = [/workdir/hadoop-ozone/ozonefs/target/test-dir/MiniOzoneClusterImpl-9ed784a4-cad3-4d57-bc40-122284458440/datanode-1/data/ratis] (custom)
2019-09-25 07:27:03,833 [pool-587-thread-1] INFO  storage.RaftStorageDirectory (RaftStorageDirectory.java:analyzeStorage(246)) - The storage directory /workdir/hadoop-ozone/ozonefs/target/test-dir/MiniOzoneClusterImpl-9ed784a4-cad3-4d57-bc40-122284458440/datanode-1/data/ratis/a5d8471e-a568-4acd-8645-6135575b23d6 does not exist. Creating ...
2019-09-25 07:27:03,846 [pool-587-thread-1] INFO  storage.RaftStorageDirectory (RaftStorageDirectory.java:tryLock(328)) - Lock on /workdir/hadoop-ozone/ozonefs/target/test-dir/MiniOzoneClusterImpl-9ed784a4-cad3-4d57-bc40-122284458440/datanode-1/data/ratis/a5d8471e-a568-4acd-8645-6135575b23d6/in_use.lock acquired by nodename 6556@pr-hdds-1569-x2sr2-3486766547
2019-09-25 07:27:03,859 [pool-587-thread-1] INFO  storage.RaftStorage (RaftStorage.java:format(72)) - Storage directory /workdir/hadoop-ozone/ozonefs/target/test-dir/MiniOzoneClusterImpl-9ed784a4-cad3-4d57-bc40-122284458440/datanode-1/data/ratis/a5d8471e-a568-4acd-8645-6135575b23d6 has been successfully formatted.
2019-09-25 07:27:03,859 [pool-587-thread-1] INFO  ratis.ContainerStateMachine (ContainerStateMachine.java:loadSnapshot(230)) - group-6135575B23D6: The snapshot info is null. Setting the last applied indexto:(t:0, i:~)
2019-09-25 07:27:03,860 [pool-587-thread-1] INFO  server.RaftServerConfigKeys (ConfUtils.java:logGet(43)) - raft.server.notification.no-leader.timeout = 120s (custom)
2019-09-25 07:27:03,860 [pool-587-thread-1] INFO  server.RaftServerConfigKeys (ConfUtils.java:logGet(43)) - raft.server.log.use.memory = false (default)
2019-09-25 07:27:03,860 [pool-587-thread-1] INFO  server.RaftServerConfigKeys (ConfUtils.java:logGet(43)) - raft.server.log.purge.gap = 1000000 (custom)
2019-09-25 07:27:03,860 [pool-587-thread-1] INFO  server.RaftServerConfigKeys (ConfUtils.java:logGet(43)) - raft.server.log.appender.buffer.byte-limit = 33554432 (custom)
2019-09-25 07:27:03,860 [pool-587-thread-1] INFO  server.RaftServerConfigKeys (ConfUtils.java:logGet(43)) - raft.server.log.segment.size.max = 1048576 (custom)
2019-09-25 07:27:03,860 [pool-587-thread-1] INFO  server.RaftServerConfigKeys (ConfUtils.java:logGet(43)) - raft.server.log.segment.cache.num.max = 2 (custom)
2019-09-25 07:27:03,861 [pool-587-thread-1] INFO  segmented.SegmentedRaftLogWorker (SegmentedRaftLogWorker.java:<init>(172)) - new 99d4f85b-b086-4679-bd31-e70102e86432@group-6135575B23D6-SegmentedRaftLogWorker for RaftStorage:Storage Directory /workdir/hadoop-ozone/ozonefs/target/test-dir/MiniOzoneClusterImpl-9ed784a4-cad3-4d57-bc40-122284458440/datanode-1/data/ratis/a5d8471e-a568-4acd-8645-6135575b23d6
2019-09-25 07:27:03,861 [pool-587-thread-1] INFO  server.RaftServerConfigKeys (ConfUtils.java:logGet(43)) - raft.server.log.queue.byte-limit = 2147483647 (custom)
2019-09-25 07:27:03,861 [pool-587-thread-1] INFO  server.RaftServerConfigKeys (ConfUtils.java:logGet(43)) - raft.server.log.queue.element-limit = 1024 (custom)
2019-09-25 07:27:03,861 [pool-587-thread-1] INFO  server.RaftServerConfigKeys (ConfUtils.java:logGet(43)) - raft.server.log.segment.size.max = 1048576 (custom)
2019-09-25 07:27:03,861 [pool-587-thread-1] INFO  server.RaftServerConfigKeys (ConfUtils.java:logGet(43)) - raft.server.log.preallocated.size = 16384 (custom)
2019-09-25 07:27:03,861 [pool-587-thread-1] INFO  server.RaftServerConfigKeys (ConfUtils.java:logGet(43)) - raft.server.log.write.buffer.size = 33554432 (custom)
2019-09-25 07:27:03,861 [pool-587-thread-1] INFO  server.RaftServerConfigKeys (ConfUtils.java:logGet(43)) - raft.server.log.force.sync.num = 128 (default)
2019-09-25 07:27:03,862 [pool-587-thread-1] INFO  server.RaftServerConfigKeys (ConfUtils.java:logGet(43)) - raft.server.log.statemachine.data.sync = true (default)
2019-09-25 07:27:03,862 [pool-587-thread-1] INFO  server.RaftServerConfigKeys (ConfUtils.java:logGet(43)) - raft.server.log.statemachine.data.sync.timeout = 10s (default)
2019-09-25 07:27:03,862 [pool-587-thread-1] INFO  server.RaftServerConfigKeys (ConfUtils.java:logGet(43)) - raft.server.log.statemachine.data.sync.timeout.retry = -1 (default)
2019-09-25 07:27:03,862 [pool-587-thread-1] INFO  server.RaftServerConfigKeys (ConfUtils.java:logGet(43)) - raft.server.log.statemachine.data.caching.enabled = true (custom)
2019-09-25 07:27:03,862 [pool-587-thread-1] INFO  segmented.SegmentedRaftLogWorker (SegmentedRaftLogWorker.java:lambda$new$0(132)) - 99d4f85b-b086-4679-bd31-e70102e86432@group-6135575B23D6-SegmentedRaftLogWorker: flushIndex: setUnconditionally 0 -> -1
2019-09-25 07:27:03,863 [pool-587-thread-1] INFO  server.RaftServerConfigKeys (ConfUtils.java:logGet(43)) - raft.server.snapshot.auto.trigger.enabled = true (custom)
2019-09-25 07:27:03,863 [pool-587-thread-1] INFO  server.RaftServerConfigKeys (ConfUtils.java:logGet(43)) - raft.server.snapshot.auto.trigger.threshold = 10000 (custom)
2019-09-25 07:27:03,863 [pool-587-thread-1] INFO  server.RaftServerConfigKeys (ConfUtils.java:logGet(43)) - raft.server.snapshot.retention.num.files = 5 (custom)
2019-09-25 07:27:03,863 [pool-587-thread-1] INFO  server.RaftServerConfigKeys (ConfUtils.java:logGet(43)) - raft.server.retrycache.expirytime = 600000ms (custom)
2019-09-25 07:27:03,865 [pool-587-thread-1] INFO  impl.RaftServerImpl (RaftServerImpl.java:start(185)) - 99d4f85b-b086-4679-bd31-e70102e86432@group-6135575B23D6: start as a follower, conf=-1: [99d4f85b-b086-4679-bd31-e70102e86432:192.168.151.106:43975], old=null
2019-09-25 07:27:03,865 [pool-587-thread-1] INFO  impl.RaftServerImpl (RaftServerImpl.java:setRole(174)) - 99d4f85b-b086-4679-bd31-e70102e86432@group-6135575B23D6: changes role from      null to FOLLOWER at term 0 for startAsFollower
2019-09-25 07:27:03,865 [pool-587-thread-1] INFO  impl.RoleInfo (RoleInfo.java:updateAndGet(143)) - 99d4f85b-b086-4679-bd31-e70102e86432: start FollowerState
2019-09-25 07:27:03,865 [pool-587-thread-1] INFO  util.JmxRegister (JmxRegister.java:tryRegister(44)) - Successfully registered JMX Bean with object name Ratis:service=RaftServer,group=group-6135575B23D6,id=99d4f85b-b086-4679-bd31-e70102e86432
2019-09-25 07:27:03,868 [RatisPipelineUtilsThread] INFO  pipeline.PipelineStateManager (PipelineStateManager.java:addPipeline(56)) - Created pipeline Pipeline[ Id: a5d8471e-a568-4acd-8645-6135575b23d6, Nodes: 99d4f85b-b086-4679-bd31-e70102e86432{ip: 192.168.151.106, host: pr-hdds-1569-x2sr2-3486766547, networkLocation: /default-rack, certSerialId: null}, Type:RATIS, Factor:ONE, State:OPEN]
2019-09-25 07:27:03,873 [grpc-default-executor-0] INFO  impl.RaftServerProxy (RaftServerProxy.java:addNew(89)) - 99d4f85b-b086-4679-bd31-e70102e86432: addNew group-AB51FAFEFD90:[99d4f85b-b086-4679-bd31-e70102e86432:192.168.151.106:43975] returns group-AB51FAFEFD90:java.util.concurrent.CompletableFuture@2de5499e[Not completed]
2019-09-25 07:27:03,874 [pool-587-thread-1] INFO  impl.RaftServerImpl (RaftServerImpl.java:<init>(95)) - 99d4f85b-b086-4679-bd31-e70102e86432: new RaftServerImpl for group-AB51FAFEFD90:[99d4f85b-b086-4679-bd31-e70102e86432:192.168.151.106:43975] with ContainerStateMachine:uninitialized
2019-09-25 07:27:03,875 [pool-587-thread-1] INFO  server.RaftServerConfigKeys (ConfUtils.java:logGet(43)) - raft.server.rpc.timeout.min = 5s (custom)
2019-09-25 07:27:03,875 [pool-587-thread-1] INFO  server.RaftServerConfigKeys (ConfUtils.java:logGet(43)) - raft.server.rpc.timeout.max = 5200ms (custom)
2019-09-25 07:27:03,875 [pool-587-thread-1] INFO  server.RaftServerConfigKeys (ConfUtils.java:logGet(43)) - raft.server.rpcslowness.timeout = 120s (custom)
2019-09-25 07:27:03,875 [pool-587-thread-1] INFO  server.RaftServerConfigKeys (ConfUtils.java:logGet(43)) - raft.server.sleep.deviation.threshold = 300 (default)
2019-09-25 07:27:03,875 [pool-587-thread-1] INFO  server.RaftServerConfigKeys (ConfUtils.java:logGet(43)) - raft.server.log.appender.install.snapshot.enabled = false (custom)
2019-09-25 07:27:03,875 [pool-587-thread-1] INFO  impl.RaftServerImpl (ServerState.java:<init>(103)) - 99d4f85b-b086-4679-bd31-e70102e86432@group-AB51FAFEFD90: ConfigurationManager, init=-1: [99d4f85b-b086-4679-bd31-e70102e86432:192.168.151.106:43975], old=null, confs=<EMPTY_MAP>
2019-09-25 07:27:03,875 [pool-587-thread-1] INFO  server.RaftServerConfigKeys (ConfUtils.java:logGet(43)) - raft.server.storage.dir = [/workdir/hadoop-ozone/ozonefs/target/test-dir/MiniOzoneClusterImpl-9ed784a4-cad3-4d57-bc40-122284458440/datanode-1/data/ratis] (custom)
2019-09-25 07:27:03,876 [pool-587-thread-1] INFO  storage.RaftStorageDirectory (RaftStorageDirectory.java:analyzeStorage(246)) - The storage directory /workdir/hadoop-ozone/ozonefs/target/test-dir/MiniOzoneClusterImpl-9ed784a4-cad3-4d57-bc40-122284458440/datanode-1/data/ratis/a35c35c6-2e6c-47b2-a04d-ab51fafefd90 does not exist. Creating ...
2019-09-25 07:27:03,901 [pool-587-thread-1] INFO  storage.RaftStorageDirectory (RaftStorageDirectory.java:tryLock(328)) - Lock on /workdir/hadoop-ozone/ozonefs/target/test-dir/MiniOzoneClusterImpl-9ed784a4-cad3-4d57-bc40-122284458440/datanode-1/data/ratis/a35c35c6-2e6c-47b2-a04d-ab51fafefd90/in_use.lock acquired by nodename 6556@pr-hdds-1569-x2sr2-3486766547
2019-09-25 07:27:03,913 [pool-587-thread-1] INFO  storage.RaftStorage (RaftStorage.java:format(72)) - Storage directory /workdir/hadoop-ozone/ozonefs/target/test-dir/MiniOzoneClusterImpl-9ed784a4-cad3-4d57-bc40-122284458440/datanode-1/data/ratis/a35c35c6-2e6c-47b2-a04d-ab51fafefd90 has been successfully formatted.
2019-09-25 07:27:03,914 [pool-587-thread-1] INFO  ratis.ContainerStateMachine (ContainerStateMachine.java:loadSnapshot(230)) - group-AB51FAFEFD90: The snapshot info is null. Setting the last applied indexto:(t:0, i:~)
2019-09-25 07:27:03,914 [pool-587-thread-1] INFO  server.RaftServerConfigKeys (ConfUtils.java:logGet(43)) - raft.server.notification.no-leader.timeout = 120s (custom)
2019-09-25 07:27:03,914 [pool-587-thread-1] INFO  server.RaftServerConfigKeys (ConfUtils.java:logGet(43)) - raft.server.log.use.memory = false (default)
2019-09-25 07:27:03,914 [pool-587-thread-1] INFO  server.RaftServerConfigKeys (ConfUtils.java:logGet(43)) - raft.server.log.purge.gap = 1000000 (custom)
2019-09-25 07:27:03,914 [pool-587-thread-1] INFO  server.RaftServerConfigKeys (ConfUtils.java:logGet(43)) - raft.server.log.appender.buffer.byte-limit = 33554432 (custom)
2019-09-25 07:27:03,915 [pool-587-thread-1] INFO  server.RaftServerConfigKeys (ConfUtils.java:logGet(43)) - raft.server.log.segment.size.max = 1048576 (custom)
2019-09-25 07:27:03,915 [pool-587-thread-1] INFO  server.RaftServerConfigKeys (ConfUtils.java:logGet(43)) - raft.server.log.segment.cache.num.max = 2 (custom)
2019-09-25 07:27:03,915 [pool-587-thread-1] INFO  segmented.SegmentedRaftLogWorker (SegmentedRaftLogWorker.java:<init>(172)) - new 99d4f85b-b086-4679-bd31-e70102e86432@group-AB51FAFEFD90-SegmentedRaftLogWorker for RaftStorage:Storage Directory /workdir/hadoop-ozone/ozonefs/target/test-dir/MiniOzoneClusterImpl-9ed784a4-cad3-4d57-bc40-122284458440/datanode-1/data/ratis/a35c35c6-2e6c-47b2-a04d-ab51fafefd90
2019-09-25 07:27:03,915 [pool-587-thread-1] INFO  server.RaftServerConfigKeys (ConfUtils.java:logGet(43)) - raft.server.log.queue.byte-limit = 2147483647 (custom)
2019-09-25 07:27:03,915 [pool-587-thread-1] INFO  server.RaftServerConfigKeys (ConfUtils.java:logGet(43)) - raft.server.log.queue.element-limit = 1024 (custom)
2019-09-25 07:27:03,915 [pool-587-thread-1] INFO  server.RaftServerConfigKeys (ConfUtils.java:logGet(43)) - raft.server.log.segment.size.max = 1048576 (custom)
2019-09-25 07:27:03,915 [pool-587-thread-1] INFO  server.RaftServerConfigKeys (ConfUtils.java:logGet(43)) - raft.server.log.preallocated.size = 16384 (custom)
2019-09-25 07:27:03,915 [pool-587-thread-1] INFO  server.RaftServerConfigKeys (ConfUtils.java:logGet(43)) - raft.server.log.write.buffer.size = 33554432 (custom)
2019-09-25 07:27:03,916 [pool-587-thread-1] INFO  server.RaftServerConfigKeys (ConfUtils.java:logGet(43)) - raft.server.log.force.sync.num = 128 (default)
2019-09-25 07:27:03,916 [pool-587-thread-1] INFO  server.RaftServerConfigKeys (ConfUtils.java:logGet(43)) - raft.server.log.statemachine.data.sync = true (default)
2019-09-25 07:27:03,916 [pool-587-thread-1] INFO  server.RaftServerConfigKeys (ConfUtils.java:logGet(43)) - raft.server.log.statemachine.data.sync.timeout = 10s (default)
2019-09-25 07:27:03,916 [pool-587-thread-1] INFO  server.RaftServerConfigKeys (ConfUtils.java:logGet(43)) - raft.server.log.statemachine.data.sync.timeout.retry = -1 (default)
2019-09-25 07:27:03,916 [pool-587-thread-1] INFO  server.RaftServerConfigKeys (ConfUtils.java:logGet(43)) - raft.server.log.statemachine.data.caching.enabled = true (custom)
2019-09-25 07:27:03,916 [pool-587-thread-1] INFO  segmented.SegmentedRaftLogWorker (SegmentedRaftLogWorker.java:lambda$new$0(132)) - 99d4f85b-b086-4679-bd31-e70102e86432@group-AB51FAFEFD90-SegmentedRaftLogWorker: flushIndex: setUnconditionally 0 -> -1
2019-09-25 07:27:03,917 [pool-587-thread-1] INFO  server.RaftServerConfigKeys (ConfUtils.java:logGet(43)) - raft.server.snapshot.auto.trigger.enabled = true (custom)
2019-09-25 07:27:03,917 [pool-587-thread-1] INFO  server.RaftServerConfigKeys (ConfUtils.java:logGet(43)) - raft.server.snapshot.auto.trigger.threshold = 10000 (custom)
2019-09-25 07:27:03,917 [pool-587-thread-1] INFO  server.RaftServerConfigKeys (ConfUtils.java:logGet(43)) - raft.server.snapshot.retention.num.files = 5 (custom)
2019-09-25 07:27:03,917 [pool-587-thread-1] INFO  server.RaftServerConfigKeys (ConfUtils.java:logGet(43)) - raft.server.retrycache.expirytime = 600000ms (custom)
2019-09-25 07:27:03,919 [pool-587-thread-1] INFO  impl.RaftServerImpl (RaftServerImpl.java:start(185)) - 99d4f85b-b086-4679-bd31-e70102e86432@group-AB51FAFEFD90: start as a follower, conf=-1: [99d4f85b-b086-4679-bd31-e70102e86432:192.168.151.106:43975], old=null
2019-09-25 07:27:03,919 [pool-587-thread-1] INFO  impl.RaftServerImpl (RaftServerImpl.java:setRole(174)) - 99d4f85b-b086-4679-bd31-e70102e86432@group-AB51FAFEFD90: changes role from      null to FOLLOWER at term 0 for startAsFollower
2019-09-25 07:27:03,919 [pool-587-thread-1] INFO  impl.RoleInfo (RoleInfo.java:updateAndGet(143)) - 99d4f85b-b086-4679-bd31-e70102e86432: start FollowerState
2019-09-25 07:27:03,920 [pool-587-thread-1] INFO  util.JmxRegister (JmxRegister.java:tryRegister(44)) - Successfully registered JMX Bean with object name Ratis:service=RaftServer,group=group-AB51FAFEFD90,id=99d4f85b-b086-4679-bd31-e70102e86432
2019-09-25 07:27:03,922 [RatisPipelineUtilsThread] INFO  pipeline.PipelineStateManager (PipelineStateManager.java:addPipeline(56)) - Created pipeline Pipeline[ Id: a35c35c6-2e6c-47b2-a04d-ab51fafefd90, Nodes: 99d4f85b-b086-4679-bd31-e70102e86432{ip: 192.168.151.106, host: pr-hdds-1569-x2sr2-3486766547, networkLocation: /default-rack, certSerialId: null}, Type:RATIS, Factor:ONE, State:OPEN]
2019-09-25 07:27:03,928 [grpc-default-executor-0] INFO  impl.RaftServerProxy (RaftServerProxy.java:addNew(89)) - 99d4f85b-b086-4679-bd31-e70102e86432: addNew group-65B013ED8493:[99d4f85b-b086-4679-bd31-e70102e86432:192.168.151.106:43975] returns group-65B013ED8493:java.util.concurrent.CompletableFuture@374d364f[Not completed]
2019-09-25 07:27:03,929 [pool-587-thread-1] INFO  impl.RaftServerImpl (RaftServerImpl.java:<init>(95)) - 99d4f85b-b086-4679-bd31-e70102e86432: new RaftServerImpl for group-65B013ED8493:[99d4f85b-b086-4679-bd31-e70102e86432:192.168.151.106:43975] with ContainerStateMachine:uninitialized
2019-09-25 07:27:03,929 [pool-587-thread-1] INFO  server.RaftServerConfigKeys (ConfUtils.java:logGet(43)) - raft.server.rpc.timeout.min = 5s (custom)
2019-09-25 07:27:03,929 [pool-587-thread-1] INFO  server.RaftServerConfigKeys (ConfUtils.java:logGet(43)) - raft.server.rpc.timeout.max = 5200ms (custom)
2019-09-25 07:27:03,929 [pool-587-thread-1] INFO  server.RaftServerConfigKeys (ConfUtils.java:logGet(43)) - raft.server.rpcslowness.timeout = 120s (custom)
2019-09-25 07:27:03,929 [pool-587-thread-1] INFO  server.RaftServerConfigKeys (ConfUtils.java:logGet(43)) - raft.server.sleep.deviation.threshold = 300 (default)
2019-09-25 07:27:03,929 [pool-587-thread-1] INFO  server.RaftServerConfigKeys (ConfUtils.java:logGet(43)) - raft.server.log.appender.install.snapshot.enabled = false (custom)
2019-09-25 07:27:03,929 [pool-587-thread-1] INFO  impl.RaftServerImpl (ServerState.java:<init>(103)) - 99d4f85b-b086-4679-bd31-e70102e86432@group-65B013ED8493: ConfigurationManager, init=-1: [99d4f85b-b086-4679-bd31-e70102e86432:192.168.151.106:43975], old=null, confs=<EMPTY_MAP>
2019-09-25 07:27:03,930 [pool-587-thread-1] INFO  server.RaftServerConfigKeys (ConfUtils.java:logGet(43)) - raft.server.storage.dir = [/workdir/hadoop-ozone/ozonefs/target/test-dir/MiniOzoneClusterImpl-9ed784a4-cad3-4d57-bc40-122284458440/datanode-1/data/ratis] (custom)
2019-09-25 07:27:03,930 [pool-587-thread-1] INFO  storage.RaftStorageDirectory (RaftStorageDirectory.java:analyzeStorage(246)) - The storage directory /workdir/hadoop-ozone/ozonefs/target/test-dir/MiniOzoneClusterImpl-9ed784a4-cad3-4d57-bc40-122284458440/datanode-1/data/ratis/f6ea6a40-159a-4025-8e3d-65b013ed8493 does not exist. Creating ...
2019-09-25 07:27:03,942 [pool-587-thread-1] INFO  storage.RaftStorageDirectory (RaftStorageDirectory.java:tryLock(328)) - Lock on /workdir/hadoop-ozone/ozonefs/target/test-dir/MiniOzoneClusterImpl-9ed784a4-cad3-4d57-bc40-122284458440/datanode-1/data/ratis/f6ea6a40-159a-4025-8e3d-65b013ed8493/in_use.lock acquired by nodename 6556@pr-hdds-1569-x2sr2-3486766547
2019-09-25 07:27:03,955 [pool-587-thread-1] INFO  storage.RaftStorage (RaftStorage.java:format(72)) - Storage directory /workdir/hadoop-ozone/ozonefs/target/test-dir/MiniOzoneClusterImpl-9ed784a4-cad3-4d57-bc40-122284458440/datanode-1/data/ratis/f6ea6a40-159a-4025-8e3d-65b013ed8493 has been successfully formatted.
2019-09-25 07:27:03,955 [pool-587-thread-1] INFO  ratis.ContainerStateMachine (ContainerStateMachine.java:loadSnapshot(230)) - group-65B013ED8493: The snapshot info is null. Setting the last applied indexto:(t:0, i:~)
2019-09-25 07:27:03,956 [pool-587-thread-1] INFO  server.RaftServerConfigKeys (ConfUtils.java:logGet(43)) - raft.server.notification.no-leader.timeout = 120s (custom)
2019-09-25 07:27:03,956 [pool-587-thread-1] INFO  server.RaftServerConfigKeys (ConfUtils.java:logGet(43)) - raft.server.log.use.memory = false (default)
2019-09-25 07:27:03,956 [pool-587-thread-1] INFO  server.RaftServerConfigKeys (ConfUtils.java:logGet(43)) - raft.server.log.purge.gap = 1000000 (custom)
2019-09-25 07:27:03,956 [pool-587-thread-1] INFO  server.RaftServerConfigKeys (ConfUtils.java:logGet(43)) - raft.server.log.appender.buffer.byte-limit = 33554432 (custom)
2019-09-25 07:27:03,956 [pool-587-thread-1] INFO  server.RaftServerConfigKeys (ConfUtils.java:logGet(43)) - raft.server.log.segment.size.max = 1048576 (custom)
2019-09-25 07:27:03,956 [pool-587-thread-1] INFO  server.RaftServerConfigKeys (ConfUtils.java:logGet(43)) - raft.server.log.segment.cache.num.max = 2 (custom)
2019-09-25 07:27:03,956 [pool-587-thread-1] INFO  segmented.SegmentedRaftLogWorker (SegmentedRaftLogWorker.java:<init>(172)) - new 99d4f85b-b086-4679-bd31-e70102e86432@group-65B013ED8493-SegmentedRaftLogWorker for RaftStorage:Storage Directory /workdir/hadoop-ozone/ozonefs/target/test-dir/MiniOzoneClusterImpl-9ed784a4-cad3-4d57-bc40-122284458440/datanode-1/data/ratis/f6ea6a40-159a-4025-8e3d-65b013ed8493
2019-09-25 07:27:03,957 [pool-587-thread-1] INFO  server.RaftServerConfigKeys (ConfUtils.java:logGet(43)) - raft.server.log.queue.byte-limit = 2147483647 (custom)
2019-09-25 07:27:03,957 [pool-587-thread-1] INFO  server.RaftServerConfigKeys (ConfUtils.java:logGet(43)) - raft.server.log.queue.element-limit = 1024 (custom)
2019-09-25 07:27:03,957 [pool-587-thread-1] INFO  server.RaftServerConfigKeys (ConfUtils.java:logGet(43)) - raft.server.log.segment.size.max = 1048576 (custom)
2019-09-25 07:27:03,957 [pool-587-thread-1] INFO  server.RaftServerConfigKeys (ConfUtils.java:logGet(43)) - raft.server.log.preallocated.size = 16384 (custom)
2019-09-25 07:27:03,957 [pool-587-thread-1] INFO  server.RaftServerConfigKeys (ConfUtils.java:logGet(43)) - raft.server.log.write.buffer.size = 33554432 (custom)
2019-09-25 07:27:03,957 [pool-587-thread-1] INFO  server.RaftServerConfigKeys (ConfUtils.java:logGet(43)) - raft.server.log.force.sync.num = 128 (default)
2019-09-25 07:27:03,957 [pool-587-thread-1] INFO  server.RaftServerConfigKeys (ConfUtils.java:logGet(43)) - raft.server.log.statemachine.data.sync = true (default)
2019-09-25 07:27:03,958 [pool-587-thread-1] INFO  server.RaftServerConfigKeys (ConfUtils.java:logGet(43)) - raft.server.log.statemachine.data.sync.timeout = 10s (default)
2019-09-25 07:27:03,958 [pool-587-thread-1] INFO  server.RaftServerConfigKeys (ConfUtils.java:logGet(43)) - raft.server.log.statemachine.data.sync.timeout.retry = -1 (default)
2019-09-25 07:27:03,958 [pool-587-thread-1] INFO  server.RaftServerConfigKeys (ConfUtils.java:logGet(43)) - raft.server.log.statemachine.data.caching.enabled = true (custom)
2019-09-25 07:27:03,958 [pool-587-thread-1] INFO  segmented.SegmentedRaftLogWorker (SegmentedRaftLogWorker.java:lambda$new$0(132)) - 99d4f85b-b086-4679-bd31-e70102e86432@group-65B013ED8493-SegmentedRaftLogWorker: flushIndex: setUnconditionally 0 -> -1
2019-09-25 07:27:03,958 [pool-587-thread-1] INFO  server.RaftServerConfigKeys (ConfUtils.java:logGet(43)) - raft.server.snapshot.auto.trigger.enabled = true (custom)
2019-09-25 07:27:03,959 [pool-587-thread-1] INFO  server.RaftServerConfigKeys (ConfUtils.java:logGet(43)) - raft.server.snapshot.auto.trigger.threshold = 10000 (custom)
2019-09-25 07:27:03,959 [pool-587-thread-1] INFO  server.RaftServerConfigKeys (ConfUtils.java:logGet(43)) - raft.server.snapshot.retention.num.files = 5 (custom)
2019-09-25 07:27:03,959 [pool-587-thread-1] INFO  server.RaftServerConfigKeys (ConfUtils.java:logGet(43)) - raft.server.retrycache.expirytime = 600000ms (custom)
2019-09-25 07:27:03,961 [pool-587-thread-1] INFO  impl.RaftServerImpl (RaftServerImpl.java:start(185)) - 99d4f85b-b086-4679-bd31-e70102e86432@group-65B013ED8493: start as a follower, conf=-1: [99d4f85b-b086-4679-bd31-e70102e86432:192.168.151.106:43975], old=null
2019-09-25 07:27:03,961 [pool-587-thread-1] INFO  impl.RaftServerImpl (RaftServerImpl.java:setRole(174)) - 99d4f85b-b086-4679-bd31-e70102e86432@group-65B013ED8493: changes role from      null to FOLLOWER at term 0 for startAsFollower
2019-09-25 07:27:03,961 [pool-587-thread-1] INFO  impl.RoleInfo (RoleInfo.java:updateAndGet(143)) - 99d4f85b-b086-4679-bd31-e70102e86432: start FollowerState
2019-09-25 07:27:03,961 [pool-587-thread-1] INFO  util.JmxRegister (JmxRegister.java:tryRegister(44)) - Successfully registered JMX Bean with object name Ratis:service=RaftServer,group=group-65B013ED8493,id=99d4f85b-b086-4679-bd31-e70102e86432
2019-09-25 07:27:03,964 [RatisPipelineUtilsThread] INFO  pipeline.PipelineStateManager (PipelineStateManager.java:addPipeline(56)) - Created pipeline Pipeline[ Id: f6ea6a40-159a-4025-8e3d-65b013ed8493, Nodes: 99d4f85b-b086-4679-bd31-e70102e86432{ip: 192.168.151.106, host: pr-hdds-1569-x2sr2-3486766547, networkLocation: /default-rack, certSerialId: null}, Type:RATIS, Factor:ONE, State:OPEN]
2019-09-25 07:27:03,964 [RatisPipelineUtilsThread] INFO  pipeline.PipelinePlacementPolicy (PipelinePlacementPolicy.java:meetCriteria(91)) - Pipeline Placement: can't place more pipeline on heavy datanode： 99d4f85b-b086-4679-bd31-e70102e86432 Heaviness: 6 limit: 5
2019-09-25 07:27:03,969 [grpc-default-executor-0] INFO  impl.RaftServerProxy (RaftServerProxy.java:addNew(89)) - 51b39504-7a0f-4457-92f3-98ebea21e5f7: addNew group-B2FE594843A6:[51b39504-7a0f-4457-92f3-98ebea21e5f7:192.168.151.106:42082] returns group-B2FE594843A6:java.util.concurrent.CompletableFuture@341e904f[Not completed]
2019-09-25 07:27:03,970 [pool-577-thread-1] INFO  impl.RaftServerImpl (RaftServerImpl.java:<init>(95)) - 51b39504-7a0f-4457-92f3-98ebea21e5f7: new RaftServerImpl for group-B2FE594843A6:[51b39504-7a0f-4457-92f3-98ebea21e5f7:192.168.151.106:42082] with ContainerStateMachine:uninitialized
2019-09-25 07:27:03,971 [pool-577-thread-1] INFO  server.RaftServerConfigKeys (ConfUtils.java:logGet(43)) - raft.server.rpc.timeout.min = 5s (custom)
2019-09-25 07:27:03,971 [pool-577-thread-1] INFO  server.RaftServerConfigKeys (ConfUtils.java:logGet(43)) - raft.server.rpc.timeout.max = 5200ms (custom)
2019-09-25 07:27:03,971 [pool-577-thread-1] INFO  server.RaftServerConfigKeys (ConfUtils.java:logGet(43)) - raft.server.rpcslowness.timeout = 120s (custom)
2019-09-25 07:27:03,971 [pool-577-thread-1] INFO  server.RaftServerConfigKeys (ConfUtils.java:logGet(43)) - raft.server.sleep.deviation.threshold = 300 (default)
2019-09-25 07:27:03,971 [pool-577-thread-1] INFO  server.RaftServerConfigKeys (ConfUtils.java:logGet(43)) - raft.server.log.appender.install.snapshot.enabled = false (custom)
2019-09-25 07:27:03,971 [pool-577-thread-1] INFO  impl.RaftServerImpl (ServerState.java:<init>(103)) - 51b39504-7a0f-4457-92f3-98ebea21e5f7@group-B2FE594843A6: ConfigurationManager, init=-1: [51b39504-7a0f-4457-92f3-98ebea21e5f7:192.168.151.106:42082], old=null, confs=<EMPTY_MAP>
2019-09-25 07:27:03,972 [pool-577-thread-1] INFO  server.RaftServerConfigKeys (ConfUtils.java:logGet(43)) - raft.server.storage.dir = [/workdir/hadoop-ozone/ozonefs/target/test-dir/MiniOzoneClusterImpl-9ed784a4-cad3-4d57-bc40-122284458440/datanode-0/data/ratis] (custom)
2019-09-25 07:27:03,972 [pool-577-thread-1] INFO  storage.RaftStorageDirectory (RaftStorageDirectory.java:analyzeStorage(246)) - The storage directory /workdir/hadoop-ozone/ozonefs/target/test-dir/MiniOzoneClusterImpl-9ed784a4-cad3-4d57-bc40-122284458440/datanode-0/data/ratis/2e75803a-7c65-426b-9aeb-b2fe594843a6 does not exist. Creating ...
2019-09-25 07:27:03,985 [pool-577-thread-1] INFO  storage.RaftStorageDirectory (RaftStorageDirectory.java:tryLock(328)) - Lock on /workdir/hadoop-ozone/ozonefs/target/test-dir/MiniOzoneClusterImpl-9ed784a4-cad3-4d57-bc40-122284458440/datanode-0/data/ratis/2e75803a-7c65-426b-9aeb-b2fe594843a6/in_use.lock acquired by nodename 6556@pr-hdds-1569-x2sr2-3486766547
2019-09-25 07:27:03,998 [pool-577-thread-1] INFO  storage.RaftStorage (RaftStorage.java:format(72)) - Storage directory /workdir/hadoop-ozone/ozonefs/target/test-dir/MiniOzoneClusterImpl-9ed784a4-cad3-4d57-bc40-122284458440/datanode-0/data/ratis/2e75803a-7c65-426b-9aeb-b2fe594843a6 has been successfully formatted.
2019-09-25 07:27:03,998 [pool-577-thread-1] INFO  ratis.ContainerStateMachine (ContainerStateMachine.java:loadSnapshot(230)) - group-B2FE594843A6: The snapshot info is null. Setting the last applied indexto:(t:0, i:~)
2019-09-25 07:27:03,998 [pool-577-thread-1] INFO  server.RaftServerConfigKeys (ConfUtils.java:logGet(43)) - raft.server.notification.no-leader.timeout = 120s (custom)
2019-09-25 07:27:03,999 [pool-577-thread-1] INFO  server.RaftServerConfigKeys (ConfUtils.java:logGet(43)) - raft.server.log.use.memory = false (default)
2019-09-25 07:27:03,999 [pool-577-thread-1] INFO  server.RaftServerConfigKeys (ConfUtils.java:logGet(43)) - raft.server.log.purge.gap = 1000000 (custom)
2019-09-25 07:27:03,999 [pool-577-thread-1] INFO  server.RaftServerConfigKeys (ConfUtils.java:logGet(43)) - raft.server.log.appender.buffer.byte-limit = 33554432 (custom)
2019-09-25 07:27:03,999 [pool-577-thread-1] INFO  server.RaftServerConfigKeys (ConfUtils.java:logGet(43)) - raft.server.log.segment.size.max = 1048576 (custom)
2019-09-25 07:27:03,999 [pool-577-thread-1] INFO  server.RaftServerConfigKeys (ConfUtils.java:logGet(43)) - raft.server.log.segment.cache.num.max = 2 (custom)
2019-09-25 07:27:03,999 [pool-577-thread-1] INFO  segmented.SegmentedRaftLogWorker (SegmentedRaftLogWorker.java:<init>(172)) - new 51b39504-7a0f-4457-92f3-98ebea21e5f7@group-B2FE594843A6-SegmentedRaftLogWorker for RaftStorage:Storage Directory /workdir/hadoop-ozone/ozonefs/target/test-dir/MiniOzoneClusterImpl-9ed784a4-cad3-4d57-bc40-122284458440/datanode-0/data/ratis/2e75803a-7c65-426b-9aeb-b2fe594843a6
2019-09-25 07:27:03,999 [pool-577-thread-1] INFO  server.RaftServerConfigKeys (ConfUtils.java:logGet(43)) - raft.server.log.queue.byte-limit = 2147483647 (custom)
2019-09-25 07:27:04,000 [pool-577-thread-1] INFO  server.RaftServerConfigKeys (ConfUtils.java:logGet(43)) - raft.server.log.queue.element-limit = 1024 (custom)
2019-09-25 07:27:04,000 [pool-577-thread-1] INFO  server.RaftServerConfigKeys (ConfUtils.java:logGet(43)) - raft.server.log.segment.size.max = 1048576 (custom)
2019-09-25 07:27:04,000 [pool-577-thread-1] INFO  server.RaftServerConfigKeys (ConfUtils.java:logGet(43)) - raft.server.log.preallocated.size = 16384 (custom)
2019-09-25 07:27:04,000 [pool-577-thread-1] INFO  server.RaftServerConfigKeys (ConfUtils.java:logGet(43)) - raft.server.log.write.buffer.size = 33554432 (custom)
2019-09-25 07:27:04,000 [pool-577-thread-1] INFO  server.RaftServerConfigKeys (ConfUtils.java:logGet(43)) - raft.server.log.force.sync.num = 128 (default)
2019-09-25 07:27:04,000 [pool-577-thread-1] INFO  server.RaftServerConfigKeys (ConfUtils.java:logGet(43)) - raft.server.log.statemachine.data.sync = true (default)
2019-09-25 07:27:04,000 [pool-577-thread-1] INFO  server.RaftServerConfigKeys (ConfUtils.java:logGet(43)) - raft.server.log.statemachine.data.sync.timeout = 10s (default)
2019-09-25 07:27:04,001 [pool-577-thread-1] INFO  server.RaftServerConfigKeys (ConfUtils.java:logGet(43)) - raft.server.log.statemachine.data.sync.timeout.retry = -1 (default)
2019-09-25 07:27:04,001 [pool-577-thread-1] INFO  server.RaftServerConfigKeys (ConfUtils.java:logGet(43)) - raft.server.log.statemachine.data.caching.enabled = true (custom)
2019-09-25 07:27:04,001 [pool-577-thread-1] INFO  segmented.SegmentedRaftLogWorker (SegmentedRaftLogWorker.java:lambda$new$0(132)) - 51b39504-7a0f-4457-92f3-98ebea21e5f7@group-B2FE594843A6-SegmentedRaftLogWorker: flushIndex: setUnconditionally 0 -> -1
2019-09-25 07:27:04,001 [pool-577-thread-1] INFO  server.RaftServerConfigKeys (ConfUtils.java:logGet(43)) - raft.server.snapshot.auto.trigger.enabled = true (custom)
2019-09-25 07:27:04,001 [pool-577-thread-1] INFO  server.RaftServerConfigKeys (ConfUtils.java:logGet(43)) - raft.server.snapshot.auto.trigger.threshold = 10000 (custom)
2019-09-25 07:27:04,002 [pool-577-thread-1] INFO  server.RaftServerConfigKeys (ConfUtils.java:logGet(43)) - raft.server.snapshot.retention.num.files = 5 (custom)
2019-09-25 07:27:04,002 [pool-577-thread-1] INFO  server.RaftServerConfigKeys (ConfUtils.java:logGet(43)) - raft.server.retrycache.expirytime = 600000ms (custom)
2019-09-25 07:27:04,003 [pool-577-thread-1] INFO  impl.RaftServerImpl (RaftServerImpl.java:start(185)) - 51b39504-7a0f-4457-92f3-98ebea21e5f7@group-B2FE594843A6: start as a follower, conf=-1: [51b39504-7a0f-4457-92f3-98ebea21e5f7:192.168.151.106:42082], old=null
2019-09-25 07:27:04,003 [pool-577-thread-1] INFO  impl.RaftServerImpl (RaftServerImpl.java:setRole(174)) - 51b39504-7a0f-4457-92f3-98ebea21e5f7@group-B2FE594843A6: changes role from      null to FOLLOWER at term 0 for startAsFollower
2019-09-25 07:27:04,004 [pool-577-thread-1] INFO  impl.RoleInfo (RoleInfo.java:updateAndGet(143)) - 51b39504-7a0f-4457-92f3-98ebea21e5f7: start FollowerState
2019-09-25 07:27:04,004 [pool-577-thread-1] INFO  util.JmxRegister (JmxRegister.java:tryRegister(44)) - Successfully registered JMX Bean with object name Ratis:service=RaftServer,group=group-B2FE594843A6,id=51b39504-7a0f-4457-92f3-98ebea21e5f7
2019-09-25 07:27:04,007 [RatisPipelineUtilsThread] INFO  pipeline.PipelineStateManager (PipelineStateManager.java:addPipeline(56)) - Created pipeline Pipeline[ Id: 2e75803a-7c65-426b-9aeb-b2fe594843a6, Nodes: 51b39504-7a0f-4457-92f3-98ebea21e5f7{ip: 192.168.151.106, host: pr-hdds-1569-x2sr2-3486766547, networkLocation: /default-rack, certSerialId: null}, Type:RATIS, Factor:ONE, State:OPEN]
2019-09-25 07:27:04,007 [RatisPipelineUtilsThread] INFO  pipeline.PipelinePlacementPolicy (PipelinePlacementPolicy.java:meetCriteria(91)) - Pipeline Placement: can't place more pipeline on heavy datanode： 99d4f85b-b086-4679-bd31-e70102e86432 Heaviness: 6 limit: 5
2019-09-25 07:27:04,012 [grpc-default-executor-0] INFO  impl.RaftServerProxy (RaftServerProxy.java:addNew(89)) - 51b39504-7a0f-4457-92f3-98ebea21e5f7: addNew group-10BE2A9545C5:[51b39504-7a0f-4457-92f3-98ebea21e5f7:192.168.151.106:42082] returns group-10BE2A9545C5:java.util.concurrent.CompletableFuture@119ed8f8[Not completed]
2019-09-25 07:27:04,013 [pool-577-thread-1] INFO  impl.RaftServerImpl (RaftServerImpl.java:<init>(95)) - 51b39504-7a0f-4457-92f3-98ebea21e5f7: new RaftServerImpl for group-10BE2A9545C5:[51b39504-7a0f-4457-92f3-98ebea21e5f7:192.168.151.106:42082] with ContainerStateMachine:uninitialized
2019-09-25 07:27:04,013 [pool-577-thread-1] INFO  server.RaftServerConfigKeys (ConfUtils.java:logGet(43)) - raft.server.rpc.timeout.min = 5s (custom)
2019-09-25 07:27:04,013 [pool-577-thread-1] INFO  server.RaftServerConfigKeys (ConfUtils.java:logGet(43)) - raft.server.rpc.timeout.max = 5200ms (custom)
2019-09-25 07:27:04,013 [pool-577-thread-1] INFO  server.RaftServerConfigKeys (ConfUtils.java:logGet(43)) - raft.server.rpcslowness.timeout = 120s (custom)
2019-09-25 07:27:04,013 [pool-577-thread-1] INFO  server.RaftServerConfigKeys (ConfUtils.java:logGet(43)) - raft.server.sleep.deviation.threshold = 300 (default)
2019-09-25 07:27:04,014 [pool-577-thread-1] INFO  server.RaftServerConfigKeys (ConfUtils.java:logGet(43)) - raft.server.log.appender.install.snapshot.enabled = false (custom)
2019-09-25 07:27:04,014 [pool-577-thread-1] INFO  impl.RaftServerImpl (ServerState.java:<init>(103)) - 51b39504-7a0f-4457-92f3-98ebea21e5f7@group-10BE2A9545C5: ConfigurationManager, init=-1: [51b39504-7a0f-4457-92f3-98ebea21e5f7:192.168.151.106:42082], old=null, confs=<EMPTY_MAP>
2019-09-25 07:27:04,014 [pool-577-thread-1] INFO  server.RaftServerConfigKeys (ConfUtils.java:logGet(43)) - raft.server.storage.dir = [/workdir/hadoop-ozone/ozonefs/target/test-dir/MiniOzoneClusterImpl-9ed784a4-cad3-4d57-bc40-122284458440/datanode-0/data/ratis] (custom)
2019-09-25 07:27:04,014 [pool-577-thread-1] INFO  storage.RaftStorageDirectory (RaftStorageDirectory.java:analyzeStorage(246)) - The storage directory /workdir/hadoop-ozone/ozonefs/target/test-dir/MiniOzoneClusterImpl-9ed784a4-cad3-4d57-bc40-122284458440/datanode-0/data/ratis/fcfe1919-4f1f-4975-b768-10be2a9545c5 does not exist. Creating ...
2019-09-25 07:27:04,027 [pool-577-thread-1] INFO  storage.RaftStorageDirectory (RaftStorageDirectory.java:tryLock(328)) - Lock on /workdir/hadoop-ozone/ozonefs/target/test-dir/MiniOzoneClusterImpl-9ed784a4-cad3-4d57-bc40-122284458440/datanode-0/data/ratis/fcfe1919-4f1f-4975-b768-10be2a9545c5/in_use.lock acquired by nodename 6556@pr-hdds-1569-x2sr2-3486766547
2019-09-25 07:27:04,039 [pool-577-thread-1] INFO  storage.RaftStorage (RaftStorage.java:format(72)) - Storage directory /workdir/hadoop-ozone/ozonefs/target/test-dir/MiniOzoneClusterImpl-9ed784a4-cad3-4d57-bc40-122284458440/datanode-0/data/ratis/fcfe1919-4f1f-4975-b768-10be2a9545c5 has been successfully formatted.
2019-09-25 07:27:04,039 [pool-577-thread-1] INFO  ratis.ContainerStateMachine (ContainerStateMachine.java:loadSnapshot(230)) - group-10BE2A9545C5: The snapshot info is null. Setting the last applied indexto:(t:0, i:~)
2019-09-25 07:27:04,040 [pool-577-thread-1] INFO  server.RaftServerConfigKeys (ConfUtils.java:logGet(43)) - raft.server.notification.no-leader.timeout = 120s (custom)
2019-09-25 07:27:04,040 [pool-577-thread-1] INFO  server.RaftServerConfigKeys (ConfUtils.java:logGet(43)) - raft.server.log.use.memory = false (default)
2019-09-25 07:27:04,040 [pool-577-thread-1] INFO  server.RaftServerConfigKeys (ConfUtils.java:logGet(43)) - raft.server.log.purge.gap = 1000000 (custom)
2019-09-25 07:27:04,040 [pool-577-thread-1] INFO  server.RaftServerConfigKeys (ConfUtils.java:logGet(43)) - raft.server.log.appender.buffer.byte-limit = 33554432 (custom)
2019-09-25 07:27:04,040 [pool-577-thread-1] INFO  server.RaftServerConfigKeys (ConfUtils.java:logGet(43)) - raft.server.log.segment.size.max = 1048576 (custom)
2019-09-25 07:27:04,040 [pool-577-thread-1] INFO  server.RaftServerConfigKeys (ConfUtils.java:logGet(43)) - raft.server.log.segment.cache.num.max = 2 (custom)
2019-09-25 07:27:04,040 [pool-577-thread-1] INFO  segmented.SegmentedRaftLogWorker (SegmentedRaftLogWorker.java:<init>(172)) - new 51b39504-7a0f-4457-92f3-98ebea21e5f7@group-10BE2A9545C5-SegmentedRaftLogWorker for RaftStorage:Storage Directory /workdir/hadoop-ozone/ozonefs/target/test-dir/MiniOzoneClusterImpl-9ed784a4-cad3-4d57-bc40-122284458440/datanode-0/data/ratis/fcfe1919-4f1f-4975-b768-10be2a9545c5
2019-09-25 07:27:04,040 [pool-577-thread-1] INFO  server.RaftServerConfigKeys (ConfUtils.java:logGet(43)) - raft.server.log.queue.byte-limit = 2147483647 (custom)
2019-09-25 07:27:04,041 [pool-577-thread-1] INFO  server.RaftServerConfigKeys (ConfUtils.java:logGet(43)) - raft.server.log.queue.element-limit = 1024 (custom)
2019-09-25 07:27:04,041 [pool-577-thread-1] INFO  server.RaftServerConfigKeys (ConfUtils.java:logGet(43)) - raft.server.log.segment.size.max = 1048576 (custom)
2019-09-25 07:27:04,041 [pool-577-thread-1] INFO  server.RaftServerConfigKeys (ConfUtils.java:logGet(43)) - raft.server.log.preallocated.size = 16384 (custom)
2019-09-25 07:27:04,041 [pool-577-thread-1] INFO  server.RaftServerConfigKeys (ConfUtils.java:logGet(43)) - raft.server.log.write.buffer.size = 33554432 (custom)
2019-09-25 07:27:04,041 [pool-577-thread-1] INFO  server.RaftServerConfigKeys (ConfUtils.java:logGet(43)) - raft.server.log.force.sync.num = 128 (default)
2019-09-25 07:27:04,041 [pool-577-thread-1] INFO  server.RaftServerConfigKeys (ConfUtils.java:logGet(43)) - raft.server.log.statemachine.data.sync = true (default)
2019-09-25 07:27:04,041 [pool-577-thread-1] INFO  server.RaftServerConfigKeys (ConfUtils.java:logGet(43)) - raft.server.log.statemachine.data.sync.timeout = 10s (default)
2019-09-25 07:27:04,041 [pool-577-thread-1] INFO  server.RaftServerConfigKeys (ConfUtils.java:logGet(43)) - raft.server.log.statemachine.data.sync.timeout.retry = -1 (default)
2019-09-25 07:27:04,041 [pool-577-thread-1] INFO  server.RaftServerConfigKeys (ConfUtils.java:logGet(43)) - raft.server.log.statemachine.data.caching.enabled = true (custom)
2019-09-25 07:27:04,042 [pool-577-thread-1] INFO  segmented.SegmentedRaftLogWorker (SegmentedRaftLogWorker.java:lambda$new$0(132)) - 51b39504-7a0f-4457-92f3-98ebea21e5f7@group-10BE2A9545C5-SegmentedRaftLogWorker: flushIndex: setUnconditionally 0 -> -1
2019-09-25 07:27:04,042 [pool-577-thread-1] INFO  server.RaftServerConfigKeys (ConfUtils.java:logGet(43)) - raft.server.snapshot.auto.trigger.enabled = true (custom)
2019-09-25 07:27:04,042 [pool-577-thread-1] INFO  server.RaftServerConfigKeys (ConfUtils.java:logGet(43)) - raft.server.snapshot.auto.trigger.threshold = 10000 (custom)
2019-09-25 07:27:04,042 [pool-577-thread-1] INFO  server.RaftServerConfigKeys (ConfUtils.java:logGet(43)) - raft.server.snapshot.retention.num.files = 5 (custom)
2019-09-25 07:27:04,042 [pool-577-thread-1] INFO  server.RaftServerConfigKeys (ConfUtils.java:logGet(43)) - raft.server.retrycache.expirytime = 600000ms (custom)
2019-09-25 07:27:04,044 [pool-577-thread-1] INFO  impl.RaftServerImpl (RaftServerImpl.java:start(185)) - 51b39504-7a0f-4457-92f3-98ebea21e5f7@group-10BE2A9545C5: start as a follower, conf=-1: [51b39504-7a0f-4457-92f3-98ebea21e5f7:192.168.151.106:42082], old=null
2019-09-25 07:27:04,044 [pool-577-thread-1] INFO  impl.RaftServerImpl (RaftServerImpl.java:setRole(174)) - 51b39504-7a0f-4457-92f3-98ebea21e5f7@group-10BE2A9545C5: changes role from      null to FOLLOWER at term 0 for startAsFollower
2019-09-25 07:27:04,044 [pool-577-thread-1] INFO  impl.RoleInfo (RoleInfo.java:updateAndGet(143)) - 51b39504-7a0f-4457-92f3-98ebea21e5f7: start FollowerState
2019-09-25 07:27:04,044 [pool-577-thread-1] INFO  util.JmxRegister (JmxRegister.java:tryRegister(44)) - Successfully registered JMX Bean with object name Ratis:service=RaftServer,group=group-10BE2A9545C5,id=51b39504-7a0f-4457-92f3-98ebea21e5f7
2019-09-25 07:27:04,047 [RatisPipelineUtilsThread] INFO  pipeline.PipelineStateManager (PipelineStateManager.java:addPipeline(56)) - Created pipeline Pipeline[ Id: fcfe1919-4f1f-4975-b768-10be2a9545c5, Nodes: 51b39504-7a0f-4457-92f3-98ebea21e5f7{ip: 192.168.151.106, host: pr-hdds-1569-x2sr2-3486766547, networkLocation: /default-rack, certSerialId: null}, Type:RATIS, Factor:ONE, State:OPEN]
2019-09-25 07:27:04,048 [RatisPipelineUtilsThread] INFO  pipeline.PipelinePlacementPolicy (PipelinePlacementPolicy.java:meetCriteria(91)) - Pipeline Placement: can't place more pipeline on heavy datanode： 99d4f85b-b086-4679-bd31-e70102e86432 Heaviness: 6 limit: 5
2019-09-25 07:27:04,053 [grpc-default-executor-0] INFO  impl.RaftServerProxy (RaftServerProxy.java:addNew(89)) - 51b39504-7a0f-4457-92f3-98ebea21e5f7: addNew group-B7D109A0C428:[51b39504-7a0f-4457-92f3-98ebea21e5f7:192.168.151.106:42082] returns group-B7D109A0C428:java.util.concurrent.CompletableFuture@6675cc41[Not completed]
2019-09-25 07:27:04,054 [pool-577-thread-1] INFO  impl.RaftServerImpl (RaftServerImpl.java:<init>(95)) - 51b39504-7a0f-4457-92f3-98ebea21e5f7: new RaftServerImpl for group-B7D109A0C428:[51b39504-7a0f-4457-92f3-98ebea21e5f7:192.168.151.106:42082] with ContainerStateMachine:uninitialized
2019-09-25 07:27:04,054 [pool-577-thread-1] INFO  server.RaftServerConfigKeys (ConfUtils.java:logGet(43)) - raft.server.rpc.timeout.min = 5s (custom)
2019-09-25 07:27:04,054 [pool-577-thread-1] INFO  server.RaftServerConfigKeys (ConfUtils.java:logGet(43)) - raft.server.rpc.timeout.max = 5200ms (custom)
2019-09-25 07:27:04,054 [pool-577-thread-1] INFO  server.RaftServerConfigKeys (ConfUtils.java:logGet(43)) - raft.server.rpcslowness.timeout = 120s (custom)
2019-09-25 07:27:04,054 [pool-577-thread-1] INFO  server.RaftServerConfigKeys (ConfUtils.java:logGet(43)) - raft.server.sleep.deviation.threshold = 300 (default)
2019-09-25 07:27:04,054 [pool-577-thread-1] INFO  server.RaftServerConfigKeys (ConfUtils.java:logGet(43)) - raft.server.log.appender.install.snapshot.enabled = false (custom)
2019-09-25 07:27:04,054 [pool-577-thread-1] INFO  impl.RaftServerImpl (ServerState.java:<init>(103)) - 51b39504-7a0f-4457-92f3-98ebea21e5f7@group-B7D109A0C428: ConfigurationManager, init=-1: [51b39504-7a0f-4457-92f3-98ebea21e5f7:192.168.151.106:42082], old=null, confs=<EMPTY_MAP>
2019-09-25 07:27:04,054 [pool-577-thread-1] INFO  server.RaftServerConfigKeys (ConfUtils.java:logGet(43)) - raft.server.storage.dir = [/workdir/hadoop-ozone/ozonefs/target/test-dir/MiniOzoneClusterImpl-9ed784a4-cad3-4d57-bc40-122284458440/datanode-0/data/ratis] (custom)
2019-09-25 07:27:04,055 [pool-577-thread-1] INFO  storage.RaftStorageDirectory (RaftStorageDirectory.java:analyzeStorage(246)) - The storage directory /workdir/hadoop-ozone/ozonefs/target/test-dir/MiniOzoneClusterImpl-9ed784a4-cad3-4d57-bc40-122284458440/datanode-0/data/ratis/987b57ec-ccd5-4730-8aed-b7d109a0c428 does not exist. Creating ...
2019-09-25 07:27:04,067 [pool-577-thread-1] INFO  storage.RaftStorageDirectory (RaftStorageDirectory.java:tryLock(328)) - Lock on /workdir/hadoop-ozone/ozonefs/target/test-dir/MiniOzoneClusterImpl-9ed784a4-cad3-4d57-bc40-122284458440/datanode-0/data/ratis/987b57ec-ccd5-4730-8aed-b7d109a0c428/in_use.lock acquired by nodename 6556@pr-hdds-1569-x2sr2-3486766547
2019-09-25 07:27:04,080 [pool-577-thread-1] INFO  storage.RaftStorage (RaftStorage.java:format(72)) - Storage directory /workdir/hadoop-ozone/ozonefs/target/test-dir/MiniOzoneClusterImpl-9ed784a4-cad3-4d57-bc40-122284458440/datanode-0/data/ratis/987b57ec-ccd5-4730-8aed-b7d109a0c428 has been successfully formatted.
2019-09-25 07:27:04,080 [pool-577-thread-1] INFO  ratis.ContainerStateMachine (ContainerStateMachine.java:loadSnapshot(230)) - group-B7D109A0C428: The snapshot info is null. Setting the last applied indexto:(t:0, i:~)
2019-09-25 07:27:04,080 [pool-577-thread-1] INFO  server.RaftServerConfigKeys (ConfUtils.java:logGet(43)) - raft.server.notification.no-leader.timeout = 120s (custom)
2019-09-25 07:27:04,080 [pool-577-thread-1] INFO  server.RaftServerConfigKeys (ConfUtils.java:logGet(43)) - raft.server.log.use.memory = false (default)
2019-09-25 07:27:04,080 [pool-577-thread-1] INFO  server.RaftServerConfigKeys (ConfUtils.java:logGet(43)) - raft.server.log.purge.gap = 1000000 (custom)
2019-09-25 07:27:04,080 [pool-577-thread-1] INFO  server.RaftServerConfigKeys (ConfUtils.java:logGet(43)) - raft.server.log.appender.buffer.byte-limit = 33554432 (custom)
2019-09-25 07:27:04,080 [pool-577-thread-1] INFO  server.RaftServerConfigKeys (ConfUtils.java:logGet(43)) - raft.server.log.segment.size.max = 1048576 (custom)
2019-09-25 07:27:04,080 [pool-577-thread-1] INFO  server.RaftServerConfigKeys (ConfUtils.java:logGet(43)) - raft.server.log.segment.cache.num.max = 2 (custom)
2019-09-25 07:27:04,081 [pool-577-thread-1] INFO  segmented.SegmentedRaftLogWorker (SegmentedRaftLogWorker.java:<init>(172)) - new 51b39504-7a0f-4457-92f3-98ebea21e5f7@group-B7D109A0C428-SegmentedRaftLogWorker for RaftStorage:Storage Directory /workdir/hadoop-ozone/ozonefs/target/test-dir/MiniOzoneClusterImpl-9ed784a4-cad3-4d57-bc40-122284458440/datanode-0/data/ratis/987b57ec-ccd5-4730-8aed-b7d109a0c428
2019-09-25 07:27:04,081 [pool-577-thread-1] INFO  server.RaftServerConfigKeys (ConfUtils.java:logGet(43)) - raft.server.log.queue.byte-limit = 2147483647 (custom)
2019-09-25 07:27:04,081 [pool-577-thread-1] INFO  server.RaftServerConfigKeys (ConfUtils.java:logGet(43)) - raft.server.log.queue.element-limit = 1024 (custom)
2019-09-25 07:27:04,081 [pool-577-thread-1] INFO  server.RaftServerConfigKeys (ConfUtils.java:logGet(43)) - raft.server.log.segment.size.max = 1048576 (custom)
2019-09-25 07:27:04,081 [pool-577-thread-1] INFO  server.RaftServerConfigKeys (ConfUtils.java:logGet(43)) - raft.server.log.preallocated.size = 16384 (custom)
2019-09-25 07:27:04,081 [pool-577-thread-1] INFO  server.RaftServerConfigKeys (ConfUtils.java:logGet(43)) - raft.server.log.write.buffer.size = 33554432 (custom)
2019-09-25 07:27:04,081 [pool-577-thread-1] INFO  server.RaftServerConfigKeys (ConfUtils.java:logGet(43)) - raft.server.log.force.sync.num = 128 (default)
2019-09-25 07:27:04,081 [pool-577-thread-1] INFO  server.RaftServerConfigKeys (ConfUtils.java:logGet(43)) - raft.server.log.statemachine.data.sync = true (default)
2019-09-25 07:27:04,081 [pool-577-thread-1] INFO  server.RaftServerConfigKeys (ConfUtils.java:logGet(43)) - raft.server.log.statemachine.data.sync.timeout = 10s (default)
2019-09-25 07:27:04,082 [pool-577-thread-1] INFO  server.RaftServerConfigKeys (ConfUtils.java:logGet(43)) - raft.server.log.statemachine.data.sync.timeout.retry = -1 (default)
2019-09-25 07:27:04,082 [pool-577-thread-1] INFO  server.RaftServerConfigKeys (ConfUtils.java:logGet(43)) - raft.server.log.statemachine.data.caching.enabled = true (custom)
2019-09-25 07:27:04,082 [pool-577-thread-1] INFO  segmented.SegmentedRaftLogWorker (SegmentedRaftLogWorker.java:lambda$new$0(132)) - 51b39504-7a0f-4457-92f3-98ebea21e5f7@group-B7D109A0C428-SegmentedRaftLogWorker: flushIndex: setUnconditionally 0 -> -1
2019-09-25 07:27:04,082 [pool-577-thread-1] INFO  server.RaftServerConfigKeys (ConfUtils.java:logGet(43)) - raft.server.snapshot.auto.trigger.enabled = true (custom)
2019-09-25 07:27:04,082 [pool-577-thread-1] INFO  server.RaftServerConfigKeys (ConfUtils.java:logGet(43)) - raft.server.snapshot.auto.trigger.threshold = 10000 (custom)
2019-09-25 07:27:04,082 [pool-577-thread-1] INFO  server.RaftServerConfigKeys (ConfUtils.java:logGet(43)) - raft.server.snapshot.retention.num.files = 5 (custom)
2019-09-25 07:27:04,083 [pool-577-thread-1] INFO  server.RaftServerConfigKeys (ConfUtils.java:logGet(43)) - raft.server.retrycache.expirytime = 600000ms (custom)
2019-09-25 07:27:04,084 [pool-577-thread-1] INFO  impl.RaftServerImpl (RaftServerImpl.java:start(185)) - 51b39504-7a0f-4457-92f3-98ebea21e5f7@group-B7D109A0C428: start as a follower, conf=-1: [51b39504-7a0f-4457-92f3-98ebea21e5f7:192.168.151.106:42082], old=null
2019-09-25 07:27:04,084 [pool-577-thread-1] INFO  impl.RaftServerImpl (RaftServerImpl.java:setRole(174)) - 51b39504-7a0f-4457-92f3-98ebea21e5f7@group-B7D109A0C428: changes role from      null to FOLLOWER at term 0 for startAsFollower
2019-09-25 07:27:04,084 [pool-577-thread-1] INFO  impl.RoleInfo (RoleInfo.java:updateAndGet(143)) - 51b39504-7a0f-4457-92f3-98ebea21e5f7: start FollowerState
2019-09-25 07:27:04,084 [pool-577-thread-1] INFO  util.JmxRegister (JmxRegister.java:tryRegister(44)) - Successfully registered JMX Bean with object name Ratis:service=RaftServer,group=group-B7D109A0C428,id=51b39504-7a0f-4457-92f3-98ebea21e5f7
2019-09-25 07:27:04,087 [RatisPipelineUtilsThread] INFO  pipeline.PipelineStateManager (PipelineStateManager.java:addPipeline(56)) - Created pipeline Pipeline[ Id: 987b57ec-ccd5-4730-8aed-b7d109a0c428, Nodes: 51b39504-7a0f-4457-92f3-98ebea21e5f7{ip: 192.168.151.106, host: pr-hdds-1569-x2sr2-3486766547, networkLocation: /default-rack, certSerialId: null}, Type:RATIS, Factor:ONE, State:OPEN]
2019-09-25 07:27:04,088 [RatisPipelineUtilsThread] INFO  pipeline.PipelinePlacementPolicy (PipelinePlacementPolicy.java:meetCriteria(91)) - Pipeline Placement: can't place more pipeline on heavy datanode： 51b39504-7a0f-4457-92f3-98ebea21e5f7 Heaviness: 6 limit: 5
2019-09-25 07:27:04,088 [RatisPipelineUtilsThread] INFO  pipeline.PipelinePlacementPolicy (PipelinePlacementPolicy.java:meetCriteria(91)) - Pipeline Placement: can't place more pipeline on heavy datanode： 99d4f85b-b086-4679-bd31-e70102e86432 Heaviness: 6 limit: 5
2019-09-25 07:27:04,093 [grpc-default-executor-0] INFO  impl.RaftServerProxy (RaftServerProxy.java:addNew(89)) - 21837d35-6fee-45df-90a1-45cbd93f8221: addNew group-123A74154292:[21837d35-6fee-45df-90a1-45cbd93f8221:192.168.151.106:46516] returns group-123A74154292:java.util.concurrent.CompletableFuture@35c0b42e[Not completed]
2019-09-25 07:27:04,094 [pool-597-thread-1] INFO  impl.RaftServerImpl (RaftServerImpl.java:<init>(95)) - 21837d35-6fee-45df-90a1-45cbd93f8221: new RaftServerImpl for group-123A74154292:[21837d35-6fee-45df-90a1-45cbd93f8221:192.168.151.106:46516] with ContainerStateMachine:uninitialized
2019-09-25 07:27:04,094 [pool-597-thread-1] INFO  server.RaftServerConfigKeys (ConfUtils.java:logGet(43)) - raft.server.rpc.timeout.min = 5s (custom)
2019-09-25 07:27:04,094 [pool-597-thread-1] INFO  server.RaftServerConfigKeys (ConfUtils.java:logGet(43)) - raft.server.rpc.timeout.max = 5200ms (custom)
2019-09-25 07:27:04,095 [pool-597-thread-1] INFO  server.RaftServerConfigKeys (ConfUtils.java:logGet(43)) - raft.server.rpcslowness.timeout = 120s (custom)
2019-09-25 07:27:04,095 [pool-597-thread-1] INFO  server.RaftServerConfigKeys (ConfUtils.java:logGet(43)) - raft.server.sleep.deviation.threshold = 300 (default)
2019-09-25 07:27:04,095 [pool-597-thread-1] INFO  server.RaftServerConfigKeys (ConfUtils.java:logGet(43)) - raft.server.log.appender.install.snapshot.enabled = false (custom)
2019-09-25 07:27:04,095 [pool-597-thread-1] INFO  impl.RaftServerImpl (ServerState.java:<init>(103)) - 21837d35-6fee-45df-90a1-45cbd93f8221@group-123A74154292: ConfigurationManager, init=-1: [21837d35-6fee-45df-90a1-45cbd93f8221:192.168.151.106:46516], old=null, confs=<EMPTY_MAP>
2019-09-25 07:27:04,095 [pool-597-thread-1] INFO  server.RaftServerConfigKeys (ConfUtils.java:logGet(43)) - raft.server.storage.dir = [/workdir/hadoop-ozone/ozonefs/target/test-dir/MiniOzoneClusterImpl-9ed784a4-cad3-4d57-bc40-122284458440/datanode-2/data/ratis] (custom)
2019-09-25 07:27:04,096 [pool-597-thread-1] INFO  storage.RaftStorageDirectory (RaftStorageDirectory.java:analyzeStorage(246)) - The storage directory /workdir/hadoop-ozone/ozonefs/target/test-dir/MiniOzoneClusterImpl-9ed784a4-cad3-4d57-bc40-122284458440/datanode-2/data/ratis/7a32b977-25c8-48a6-92d5-123a74154292 does not exist. Creating ...
2019-09-25 07:27:04,110 [pool-597-thread-1] INFO  storage.RaftStorageDirectory (RaftStorageDirectory.java:tryLock(328)) - Lock on /workdir/hadoop-ozone/ozonefs/target/test-dir/MiniOzoneClusterImpl-9ed784a4-cad3-4d57-bc40-122284458440/datanode-2/data/ratis/7a32b977-25c8-48a6-92d5-123a74154292/in_use.lock acquired by nodename 6556@pr-hdds-1569-x2sr2-3486766547
2019-09-25 07:27:04,123 [pool-597-thread-1] INFO  storage.RaftStorage (RaftStorage.java:format(72)) - Storage directory /workdir/hadoop-ozone/ozonefs/target/test-dir/MiniOzoneClusterImpl-9ed784a4-cad3-4d57-bc40-122284458440/datanode-2/data/ratis/7a32b977-25c8-48a6-92d5-123a74154292 has been successfully formatted.
2019-09-25 07:27:04,123 [pool-597-thread-1] INFO  ratis.ContainerStateMachine (ContainerStateMachine.java:loadSnapshot(230)) - group-123A74154292: The snapshot info is null. Setting the last applied indexto:(t:0, i:~)
2019-09-25 07:27:04,123 [pool-597-thread-1] INFO  server.RaftServerConfigKeys (ConfUtils.java:logGet(43)) - raft.server.notification.no-leader.timeout = 120s (custom)
2019-09-25 07:27:04,124 [pool-597-thread-1] INFO  server.RaftServerConfigKeys (ConfUtils.java:logGet(43)) - raft.server.log.use.memory = false (default)
2019-09-25 07:27:04,124 [pool-597-thread-1] INFO  server.RaftServerConfigKeys (ConfUtils.java:logGet(43)) - raft.server.log.purge.gap = 1000000 (custom)
2019-09-25 07:27:04,124 [pool-597-thread-1] INFO  server.RaftServerConfigKeys (ConfUtils.java:logGet(43)) - raft.server.log.appender.buffer.byte-limit = 33554432 (custom)
2019-09-25 07:27:04,124 [pool-597-thread-1] INFO  server.RaftServerConfigKeys (ConfUtils.java:logGet(43)) - raft.server.log.segment.size.max = 1048576 (custom)
2019-09-25 07:27:04,124 [pool-597-thread-1] INFO  server.RaftServerConfigKeys (ConfUtils.java:logGet(43)) - raft.server.log.segment.cache.num.max = 2 (custom)
2019-09-25 07:27:04,124 [pool-597-thread-1] INFO  segmented.SegmentedRaftLogWorker (SegmentedRaftLogWorker.java:<init>(172)) - new 21837d35-6fee-45df-90a1-45cbd93f8221@group-123A74154292-SegmentedRaftLogWorker for RaftStorage:Storage Directory /workdir/hadoop-ozone/ozonefs/target/test-dir/MiniOzoneClusterImpl-9ed784a4-cad3-4d57-bc40-122284458440/datanode-2/data/ratis/7a32b977-25c8-48a6-92d5-123a74154292
2019-09-25 07:27:04,125 [pool-597-thread-1] INFO  server.RaftServerConfigKeys (ConfUtils.java:logGet(43)) - raft.server.log.queue.byte-limit = 2147483647 (custom)
2019-09-25 07:27:04,125 [pool-597-thread-1] INFO  server.RaftServerConfigKeys (ConfUtils.java:logGet(43)) - raft.server.log.queue.element-limit = 1024 (custom)
2019-09-25 07:27:04,125 [pool-597-thread-1] INFO  server.RaftServerConfigKeys (ConfUtils.java:logGet(43)) - raft.server.log.segment.size.max = 1048576 (custom)
2019-09-25 07:27:04,125 [pool-597-thread-1] INFO  server.RaftServerConfigKeys (ConfUtils.java:logGet(43)) - raft.server.log.preallocated.size = 16384 (custom)
2019-09-25 07:27:04,125 [pool-597-thread-1] INFO  server.RaftServerConfigKeys (ConfUtils.java:logGet(43)) - raft.server.log.write.buffer.size = 33554432 (custom)
2019-09-25 07:27:04,125 [pool-597-thread-1] INFO  server.RaftServerConfigKeys (ConfUtils.java:logGet(43)) - raft.server.log.force.sync.num = 128 (default)
2019-09-25 07:27:04,125 [pool-597-thread-1] INFO  server.RaftServerConfigKeys (ConfUtils.java:logGet(43)) - raft.server.log.statemachine.data.sync = true (default)
2019-09-25 07:27:04,125 [pool-597-thread-1] INFO  server.RaftServerConfigKeys (ConfUtils.java:logGet(43)) - raft.server.log.statemachine.data.sync.timeout = 10s (default)
2019-09-25 07:27:04,126 [pool-597-thread-1] INFO  server.RaftServerConfigKeys (ConfUtils.java:logGet(43)) - raft.server.log.statemachine.data.sync.timeout.retry = -1 (default)
2019-09-25 07:27:04,126 [pool-597-thread-1] INFO  server.RaftServerConfigKeys (ConfUtils.java:logGet(43)) - raft.server.log.statemachine.data.caching.enabled = true (custom)
2019-09-25 07:27:04,126 [pool-597-thread-1] INFO  segmented.SegmentedRaftLogWorker (SegmentedRaftLogWorker.java:lambda$new$0(132)) - 21837d35-6fee-45df-90a1-45cbd93f8221@group-123A74154292-SegmentedRaftLogWorker: flushIndex: setUnconditionally 0 -> -1
2019-09-25 07:27:04,126 [pool-597-thread-1] INFO  server.RaftServerConfigKeys (ConfUtils.java:logGet(43)) - raft.server.snapshot.auto.trigger.enabled = true (custom)
2019-09-25 07:27:04,127 [pool-597-thread-1] INFO  server.RaftServerConfigKeys (ConfUtils.java:logGet(43)) - raft.server.snapshot.auto.trigger.threshold = 10000 (custom)
2019-09-25 07:27:04,127 [pool-597-thread-1] INFO  server.RaftServerConfigKeys (ConfUtils.java:logGet(43)) - raft.server.snapshot.retention.num.files = 5 (custom)
2019-09-25 07:27:04,127 [pool-597-thread-1] INFO  server.RaftServerConfigKeys (ConfUtils.java:logGet(43)) - raft.server.retrycache.expirytime = 600000ms (custom)
2019-09-25 07:27:04,129 [pool-597-thread-1] INFO  impl.RaftServerImpl (RaftServerImpl.java:start(185)) - 21837d35-6fee-45df-90a1-45cbd93f8221@group-123A74154292: start as a follower, conf=-1: [21837d35-6fee-45df-90a1-45cbd93f8221:192.168.151.106:46516], old=null
2019-09-25 07:27:04,129 [pool-597-thread-1] INFO  impl.RaftServerImpl (RaftServerImpl.java:setRole(174)) - 21837d35-6fee-45df-90a1-45cbd93f8221@group-123A74154292: changes role from      null to FOLLOWER at term 0 for startAsFollower
2019-09-25 07:27:04,129 [pool-597-thread-1] INFO  impl.RoleInfo (RoleInfo.java:updateAndGet(143)) - 21837d35-6fee-45df-90a1-45cbd93f8221: start FollowerState
2019-09-25 07:27:04,129 [pool-597-thread-1] INFO  util.JmxRegister (JmxRegister.java:tryRegister(44)) - Successfully registered JMX Bean with object name Ratis:service=RaftServer,group=group-123A74154292,id=21837d35-6fee-45df-90a1-45cbd93f8221
2019-09-25 07:27:04,132 [RatisPipelineUtilsThread] INFO  pipeline.PipelineStateManager (PipelineStateManager.java:addPipeline(56)) - Created pipeline Pipeline[ Id: 7a32b977-25c8-48a6-92d5-123a74154292, Nodes: 21837d35-6fee-45df-90a1-45cbd93f8221{ip: 192.168.151.106, host: pr-hdds-1569-x2sr2-3486766547, networkLocation: /default-rack, certSerialId: null}, Type:RATIS, Factor:ONE, State:OPEN]
2019-09-25 07:27:04,133 [RatisPipelineUtilsThread] INFO  pipeline.PipelinePlacementPolicy (PipelinePlacementPolicy.java:meetCriteria(91)) - Pipeline Placement: can't place more pipeline on heavy datanode： 51b39504-7a0f-4457-92f3-98ebea21e5f7 Heaviness: 6 limit: 5
2019-09-25 07:27:04,133 [RatisPipelineUtilsThread] INFO  pipeline.PipelinePlacementPolicy (PipelinePlacementPolicy.java:meetCriteria(91)) - Pipeline Placement: can't place more pipeline on heavy datanode： 99d4f85b-b086-4679-bd31-e70102e86432 Heaviness: 6 limit: 5
2019-09-25 07:27:04,138 [grpc-default-executor-0] INFO  impl.RaftServerProxy (RaftServerProxy.java:addNew(89)) - 21837d35-6fee-45df-90a1-45cbd93f8221: addNew group-BB52FB927AC4:[21837d35-6fee-45df-90a1-45cbd93f8221:192.168.151.106:46516] returns group-BB52FB927AC4:java.util.concurrent.CompletableFuture@163c0658[Not completed]
2019-09-25 07:27:04,139 [pool-597-thread-1] INFO  impl.RaftServerImpl (RaftServerImpl.java:<init>(95)) - 21837d35-6fee-45df-90a1-45cbd93f8221: new RaftServerImpl for group-BB52FB927AC4:[21837d35-6fee-45df-90a1-45cbd93f8221:192.168.151.106:46516] with ContainerStateMachine:uninitialized
2019-09-25 07:27:04,139 [pool-597-thread-1] INFO  server.RaftServerConfigKeys (ConfUtils.java:logGet(43)) - raft.server.rpc.timeout.min = 5s (custom)
2019-09-25 07:27:04,139 [pool-597-thread-1] INFO  server.RaftServerConfigKeys (ConfUtils.java:logGet(43)) - raft.server.rpc.timeout.max = 5200ms (custom)
2019-09-25 07:27:04,139 [pool-597-thread-1] INFO  server.RaftServerConfigKeys (ConfUtils.java:logGet(43)) - raft.server.rpcslowness.timeout = 120s (custom)
2019-09-25 07:27:04,139 [pool-597-thread-1] INFO  server.RaftServerConfigKeys (ConfUtils.java:logGet(43)) - raft.server.sleep.deviation.threshold = 300 (default)
2019-09-25 07:27:04,139 [pool-597-thread-1] INFO  server.RaftServerConfigKeys (ConfUtils.java:logGet(43)) - raft.server.log.appender.install.snapshot.enabled = false (custom)
2019-09-25 07:27:04,140 [pool-597-thread-1] INFO  impl.RaftServerImpl (ServerState.java:<init>(103)) - 21837d35-6fee-45df-90a1-45cbd93f8221@group-BB52FB927AC4: ConfigurationManager, init=-1: [21837d35-6fee-45df-90a1-45cbd93f8221:192.168.151.106:46516], old=null, confs=<EMPTY_MAP>
2019-09-25 07:27:04,140 [pool-597-thread-1] INFO  server.RaftServerConfigKeys (ConfUtils.java:logGet(43)) - raft.server.storage.dir = [/workdir/hadoop-ozone/ozonefs/target/test-dir/MiniOzoneClusterImpl-9ed784a4-cad3-4d57-bc40-122284458440/datanode-2/data/ratis] (custom)
2019-09-25 07:27:04,140 [pool-597-thread-1] INFO  storage.RaftStorageDirectory (RaftStorageDirectory.java:analyzeStorage(246)) - The storage directory /workdir/hadoop-ozone/ozonefs/target/test-dir/MiniOzoneClusterImpl-9ed784a4-cad3-4d57-bc40-122284458440/datanode-2/data/ratis/fbf6bb02-2947-42e6-b671-bb52fb927ac4 does not exist. Creating ...
2019-09-25 07:27:04,155 [pool-597-thread-1] INFO  storage.RaftStorageDirectory (RaftStorageDirectory.java:tryLock(328)) - Lock on /workdir/hadoop-ozone/ozonefs/target/test-dir/MiniOzoneClusterImpl-9ed784a4-cad3-4d57-bc40-122284458440/datanode-2/data/ratis/fbf6bb02-2947-42e6-b671-bb52fb927ac4/in_use.lock acquired by nodename 6556@pr-hdds-1569-x2sr2-3486766547
2019-09-25 07:27:04,168 [pool-597-thread-1] INFO  storage.RaftStorage (RaftStorage.java:format(72)) - Storage directory /workdir/hadoop-ozone/ozonefs/target/test-dir/MiniOzoneClusterImpl-9ed784a4-cad3-4d57-bc40-122284458440/datanode-2/data/ratis/fbf6bb02-2947-42e6-b671-bb52fb927ac4 has been successfully formatted.
2019-09-25 07:27:04,168 [pool-597-thread-1] INFO  ratis.ContainerStateMachine (ContainerStateMachine.java:loadSnapshot(230)) - group-BB52FB927AC4: The snapshot info is null. Setting the last applied indexto:(t:0, i:~)
2019-09-25 07:27:04,168 [pool-597-thread-1] INFO  server.RaftServerConfigKeys (ConfUtils.java:logGet(43)) - raft.server.notification.no-leader.timeout = 120s (custom)
2019-09-25 07:27:04,168 [pool-597-thread-1] INFO  server.RaftServerConfigKeys (ConfUtils.java:logGet(43)) - raft.server.log.use.memory = false (default)
2019-09-25 07:27:04,169 [pool-597-thread-1] INFO  server.RaftServerConfigKeys (ConfUtils.java:logGet(43)) - raft.server.log.purge.gap = 1000000 (custom)
2019-09-25 07:27:04,169 [pool-597-thread-1] INFO  server.RaftServerConfigKeys (ConfUtils.java:logGet(43)) - raft.server.log.appender.buffer.byte-limit = 33554432 (custom)
2019-09-25 07:27:04,169 [pool-597-thread-1] INFO  server.RaftServerConfigKeys (ConfUtils.java:logGet(43)) - raft.server.log.segment.size.max = 1048576 (custom)
2019-09-25 07:27:04,169 [pool-597-thread-1] INFO  server.RaftServerConfigKeys (ConfUtils.java:logGet(43)) - raft.server.log.segment.cache.num.max = 2 (custom)
2019-09-25 07:27:04,169 [pool-597-thread-1] INFO  segmented.SegmentedRaftLogWorker (SegmentedRaftLogWorker.java:<init>(172)) - new 21837d35-6fee-45df-90a1-45cbd93f8221@group-BB52FB927AC4-SegmentedRaftLogWorker for RaftStorage:Storage Directory /workdir/hadoop-ozone/ozonefs/target/test-dir/MiniOzoneClusterImpl-9ed784a4-cad3-4d57-bc40-122284458440/datanode-2/data/ratis/fbf6bb02-2947-42e6-b671-bb52fb927ac4
2019-09-25 07:27:04,169 [pool-597-thread-1] INFO  server.RaftServerConfigKeys (ConfUtils.java:logGet(43)) - raft.server.log.queue.byte-limit = 2147483647 (custom)
2019-09-25 07:27:04,169 [pool-597-thread-1] INFO  server.RaftServerConfigKeys (ConfUtils.java:logGet(43)) - raft.server.log.queue.element-limit = 1024 (custom)
2019-09-25 07:27:04,170 [pool-597-thread-1] INFO  server.RaftServerConfigKeys (ConfUtils.java:logGet(43)) - raft.server.log.segment.size.max = 1048576 (custom)
2019-09-25 07:27:04,170 [pool-597-thread-1] INFO  server.RaftServerConfigKeys (ConfUtils.java:logGet(43)) - raft.server.log.preallocated.size = 16384 (custom)
2019-09-25 07:27:04,170 [pool-597-thread-1] INFO  server.RaftServerConfigKeys (ConfUtils.java:logGet(43)) - raft.server.log.write.buffer.size = 33554432 (custom)
2019-09-25 07:27:04,170 [pool-597-thread-1] INFO  server.RaftServerConfigKeys (ConfUtils.java:logGet(43)) - raft.server.log.force.sync.num = 128 (default)
2019-09-25 07:27:04,170 [pool-597-thread-1] INFO  server.RaftServerConfigKeys (ConfUtils.java:logGet(43)) - raft.server.log.statemachine.data.sync = true (default)
2019-09-25 07:27:04,170 [pool-597-thread-1] INFO  server.RaftServerConfigKeys (ConfUtils.java:logGet(43)) - raft.server.log.statemachine.data.sync.timeout = 10s (default)
2019-09-25 07:27:04,170 [pool-597-thread-1] INFO  server.RaftServerConfigKeys (ConfUtils.java:logGet(43)) - raft.server.log.statemachine.data.sync.timeout.retry = -1 (default)
2019-09-25 07:27:04,170 [pool-597-thread-1] INFO  server.RaftServerConfigKeys (ConfUtils.java:logGet(43)) - raft.server.log.statemachine.data.caching.enabled = true (custom)
2019-09-25 07:27:04,171 [pool-597-thread-1] INFO  segmented.SegmentedRaftLogWorker (SegmentedRaftLogWorker.java:lambda$new$0(132)) - 21837d35-6fee-45df-90a1-45cbd93f8221@group-BB52FB927AC4-SegmentedRaftLogWorker: flushIndex: setUnconditionally 0 -> -1
2019-09-25 07:27:04,171 [pool-597-thread-1] INFO  server.RaftServerConfigKeys (ConfUtils.java:logGet(43)) - raft.server.snapshot.auto.trigger.enabled = true (custom)
2019-09-25 07:27:04,171 [pool-597-thread-1] INFO  server.RaftServerConfigKeys (ConfUtils.java:logGet(43)) - raft.server.snapshot.auto.trigger.threshold = 10000 (custom)
2019-09-25 07:27:04,171 [pool-597-thread-1] INFO  server.RaftServerConfigKeys (ConfUtils.java:logGet(43)) - raft.server.snapshot.retention.num.files = 5 (custom)
2019-09-25 07:27:04,171 [pool-597-thread-1] INFO  server.RaftServerConfigKeys (ConfUtils.java:logGet(43)) - raft.server.retrycache.expirytime = 600000ms (custom)
2019-09-25 07:27:04,173 [pool-597-thread-1] INFO  impl.RaftServerImpl (RaftServerImpl.java:start(185)) - 21837d35-6fee-45df-90a1-45cbd93f8221@group-BB52FB927AC4: start as a follower, conf=-1: [21837d35-6fee-45df-90a1-45cbd93f8221:192.168.151.106:46516], old=null
2019-09-25 07:27:04,173 [pool-597-thread-1] INFO  impl.RaftServerImpl (RaftServerImpl.java:setRole(174)) - 21837d35-6fee-45df-90a1-45cbd93f8221@group-BB52FB927AC4: changes role from      null to FOLLOWER at term 0 for startAsFollower
2019-09-25 07:27:04,173 [pool-597-thread-1] INFO  impl.RoleInfo (RoleInfo.java:updateAndGet(143)) - 21837d35-6fee-45df-90a1-45cbd93f8221: start FollowerState
2019-09-25 07:27:04,174 [pool-597-thread-1] INFO  util.JmxRegister (JmxRegister.java:tryRegister(44)) - Successfully registered JMX Bean with object name Ratis:service=RaftServer,group=group-BB52FB927AC4,id=21837d35-6fee-45df-90a1-45cbd93f8221
2019-09-25 07:27:04,177 [RatisPipelineUtilsThread] INFO  pipeline.PipelineStateManager (PipelineStateManager.java:addPipeline(56)) - Created pipeline Pipeline[ Id: fbf6bb02-2947-42e6-b671-bb52fb927ac4, Nodes: 21837d35-6fee-45df-90a1-45cbd93f8221{ip: 192.168.151.106, host: pr-hdds-1569-x2sr2-3486766547, networkLocation: /default-rack, certSerialId: null}, Type:RATIS, Factor:ONE, State:OPEN]
2019-09-25 07:27:04,177 [RatisPipelineUtilsThread] INFO  pipeline.PipelinePlacementPolicy (PipelinePlacementPolicy.java:meetCriteria(91)) - Pipeline Placement: can't place more pipeline on heavy datanode： 51b39504-7a0f-4457-92f3-98ebea21e5f7 Heaviness: 6 limit: 5
2019-09-25 07:27:04,177 [RatisPipelineUtilsThread] INFO  pipeline.PipelinePlacementPolicy (PipelinePlacementPolicy.java:meetCriteria(91)) - Pipeline Placement: can't place more pipeline on heavy datanode： 99d4f85b-b086-4679-bd31-e70102e86432 Heaviness: 6 limit: 5
2019-09-25 07:27:04,182 [grpc-default-executor-0] INFO  impl.RaftServerProxy (RaftServerProxy.java:addNew(89)) - 21837d35-6fee-45df-90a1-45cbd93f8221: addNew group-697B11EBF445:[21837d35-6fee-45df-90a1-45cbd93f8221:192.168.151.106:46516] returns group-697B11EBF445:java.util.concurrent.CompletableFuture@34a4270[Not completed]
2019-09-25 07:27:04,183 [pool-597-thread-1] INFO  impl.RaftServerImpl (RaftServerImpl.java:<init>(95)) - 21837d35-6fee-45df-90a1-45cbd93f8221: new RaftServerImpl for group-697B11EBF445:[21837d35-6fee-45df-90a1-45cbd93f8221:192.168.151.106:46516] with ContainerStateMachine:uninitialized
2019-09-25 07:27:04,183 [pool-597-thread-1] INFO  server.RaftServerConfigKeys (ConfUtils.java:logGet(43)) - raft.server.rpc.timeout.min = 5s (custom)
2019-09-25 07:27:04,184 [pool-597-thread-1] INFO  server.RaftServerConfigKeys (ConfUtils.java:logGet(43)) - raft.server.rpc.timeout.max = 5200ms (custom)
2019-09-25 07:27:04,184 [pool-597-thread-1] INFO  server.RaftServerConfigKeys (ConfUtils.java:logGet(43)) - raft.server.rpcslowness.timeout = 120s (custom)
2019-09-25 07:27:04,184 [pool-597-thread-1] INFO  server.RaftServerConfigKeys (ConfUtils.java:logGet(43)) - raft.server.sleep.deviation.threshold = 300 (default)
2019-09-25 07:27:04,184 [pool-597-thread-1] INFO  server.RaftServerConfigKeys (ConfUtils.java:logGet(43)) - raft.server.log.appender.install.snapshot.enabled = false (custom)
2019-09-25 07:27:04,184 [pool-597-thread-1] INFO  impl.RaftServerImpl (ServerState.java:<init>(103)) - 21837d35-6fee-45df-90a1-45cbd93f8221@group-697B11EBF445: ConfigurationManager, init=-1: [21837d35-6fee-45df-90a1-45cbd93f8221:192.168.151.106:46516], old=null, confs=<EMPTY_MAP>
2019-09-25 07:27:04,184 [pool-597-thread-1] INFO  server.RaftServerConfigKeys (ConfUtils.java:logGet(43)) - raft.server.storage.dir = [/workdir/hadoop-ozone/ozonefs/target/test-dir/MiniOzoneClusterImpl-9ed784a4-cad3-4d57-bc40-122284458440/datanode-2/data/ratis] (custom)
2019-09-25 07:27:04,184 [pool-597-thread-1] INFO  storage.RaftStorageDirectory (RaftStorageDirectory.java:analyzeStorage(246)) - The storage directory /workdir/hadoop-ozone/ozonefs/target/test-dir/MiniOzoneClusterImpl-9ed784a4-cad3-4d57-bc40-122284458440/datanode-2/data/ratis/1e46e23e-b06d-4d56-ba30-697b11ebf445 does not exist. Creating ...
2019-09-25 07:27:04,197 [pool-597-thread-1] INFO  storage.RaftStorageDirectory (RaftStorageDirectory.java:tryLock(328)) - Lock on /workdir/hadoop-ozone/ozonefs/target/test-dir/MiniOzoneClusterImpl-9ed784a4-cad3-4d57-bc40-122284458440/datanode-2/data/ratis/1e46e23e-b06d-4d56-ba30-697b11ebf445/in_use.lock acquired by nodename 6556@pr-hdds-1569-x2sr2-3486766547
2019-09-25 07:27:04,210 [pool-597-thread-1] INFO  storage.RaftStorage (RaftStorage.java:format(72)) - Storage directory /workdir/hadoop-ozone/ozonefs/target/test-dir/MiniOzoneClusterImpl-9ed784a4-cad3-4d57-bc40-122284458440/datanode-2/data/ratis/1e46e23e-b06d-4d56-ba30-697b11ebf445 has been successfully formatted.
2019-09-25 07:27:04,210 [pool-597-thread-1] INFO  ratis.ContainerStateMachine (ContainerStateMachine.java:loadSnapshot(230)) - group-697B11EBF445: The snapshot info is null. Setting the last applied indexto:(t:0, i:~)
2019-09-25 07:27:04,210 [pool-597-thread-1] INFO  server.RaftServerConfigKeys (ConfUtils.java:logGet(43)) - raft.server.notification.no-leader.timeout = 120s (custom)
2019-09-25 07:27:04,211 [pool-597-thread-1] INFO  server.RaftServerConfigKeys (ConfUtils.java:logGet(43)) - raft.server.log.use.memory = false (default)
2019-09-25 07:27:04,211 [pool-597-thread-1] INFO  server.RaftServerConfigKeys (ConfUtils.java:logGet(43)) - raft.server.log.purge.gap = 1000000 (custom)
2019-09-25 07:27:04,211 [pool-597-thread-1] INFO  server.RaftServerConfigKeys (ConfUtils.java:logGet(43)) - raft.server.log.appender.buffer.byte-limit = 33554432 (custom)
2019-09-25 07:27:04,211 [pool-597-thread-1] INFO  server.RaftServerConfigKeys (ConfUtils.java:logGet(43)) - raft.server.log.segment.size.max = 1048576 (custom)
2019-09-25 07:27:04,211 [pool-597-thread-1] INFO  server.RaftServerConfigKeys (ConfUtils.java:logGet(43)) - raft.server.log.segment.cache.num.max = 2 (custom)
2019-09-25 07:27:04,211 [pool-597-thread-1] INFO  segmented.SegmentedRaftLogWorker (SegmentedRaftLogWorker.java:<init>(172)) - new 21837d35-6fee-45df-90a1-45cbd93f8221@group-697B11EBF445-SegmentedRaftLogWorker for RaftStorage:Storage Directory /workdir/hadoop-ozone/ozonefs/target/test-dir/MiniOzoneClusterImpl-9ed784a4-cad3-4d57-bc40-122284458440/datanode-2/data/ratis/1e46e23e-b06d-4d56-ba30-697b11ebf445
2019-09-25 07:27:04,211 [pool-597-thread-1] INFO  server.RaftServerConfigKeys (ConfUtils.java:logGet(43)) - raft.server.log.queue.byte-limit = 2147483647 (custom)
2019-09-25 07:27:04,211 [pool-597-thread-1] INFO  server.RaftServerConfigKeys (ConfUtils.java:logGet(43)) - raft.server.log.queue.element-limit = 1024 (custom)
2019-09-25 07:27:04,212 [pool-597-thread-1] INFO  server.RaftServerConfigKeys (ConfUtils.java:logGet(43)) - raft.server.log.segment.size.max = 1048576 (custom)
2019-09-25 07:27:04,212 [pool-597-thread-1] INFO  server.RaftServerConfigKeys (ConfUtils.java:logGet(43)) - raft.server.log.preallocated.size = 16384 (custom)
2019-09-25 07:27:04,212 [pool-597-thread-1] INFO  server.RaftServerConfigKeys (ConfUtils.java:logGet(43)) - raft.server.log.write.buffer.size = 33554432 (custom)
2019-09-25 07:27:04,212 [pool-597-thread-1] INFO  server.RaftServerConfigKeys (ConfUtils.java:logGet(43)) - raft.server.log.force.sync.num = 128 (default)
2019-09-25 07:27:04,212 [pool-597-thread-1] INFO  server.RaftServerConfigKeys (ConfUtils.java:logGet(43)) - raft.server.log.statemachine.data.sync = true (default)
2019-09-25 07:27:04,212 [pool-597-thread-1] INFO  server.RaftServerConfigKeys (ConfUtils.java:logGet(43)) - raft.server.log.statemachine.data.sync.timeout = 10s (default)
2019-09-25 07:27:04,212 [pool-597-thread-1] INFO  server.RaftServerConfigKeys (ConfUtils.java:logGet(43)) - raft.server.log.statemachine.data.sync.timeout.retry = -1 (default)
2019-09-25 07:27:04,212 [pool-597-thread-1] INFO  server.RaftServerConfigKeys (ConfUtils.java:logGet(43)) - raft.server.log.statemachine.data.caching.enabled = true (custom)
2019-09-25 07:27:04,213 [pool-597-thread-1] INFO  segmented.SegmentedRaftLogWorker (SegmentedRaftLogWorker.java:lambda$new$0(132)) - 21837d35-6fee-45df-90a1-45cbd93f8221@group-697B11EBF445-SegmentedRaftLogWorker: flushIndex: setUnconditionally 0 -> -1
2019-09-25 07:27:04,213 [pool-597-thread-1] INFO  server.RaftServerConfigKeys (ConfUtils.java:logGet(43)) - raft.server.snapshot.auto.trigger.enabled = true (custom)
2019-09-25 07:27:04,213 [pool-597-thread-1] INFO  server.RaftServerConfigKeys (ConfUtils.java:logGet(43)) - raft.server.snapshot.auto.trigger.threshold = 10000 (custom)
2019-09-25 07:27:04,213 [pool-597-thread-1] INFO  server.RaftServerConfigKeys (ConfUtils.java:logGet(43)) - raft.server.snapshot.retention.num.files = 5 (custom)
2019-09-25 07:27:04,213 [pool-597-thread-1] INFO  server.RaftServerConfigKeys (ConfUtils.java:logGet(43)) - raft.server.retrycache.expirytime = 600000ms (custom)
2019-09-25 07:27:04,215 [pool-597-thread-1] INFO  impl.RaftServerImpl (RaftServerImpl.java:start(185)) - 21837d35-6fee-45df-90a1-45cbd93f8221@group-697B11EBF445: start as a follower, conf=-1: [21837d35-6fee-45df-90a1-45cbd93f8221:192.168.151.106:46516], old=null
2019-09-25 07:27:04,215 [pool-597-thread-1] INFO  impl.RaftServerImpl (RaftServerImpl.java:setRole(174)) - 21837d35-6fee-45df-90a1-45cbd93f8221@group-697B11EBF445: changes role from      null to FOLLOWER at term 0 for startAsFollower
2019-09-25 07:27:04,215 [pool-597-thread-1] INFO  impl.RoleInfo (RoleInfo.java:updateAndGet(143)) - 21837d35-6fee-45df-90a1-45cbd93f8221: start FollowerState
2019-09-25 07:27:04,215 [pool-597-thread-1] INFO  util.JmxRegister (JmxRegister.java:tryRegister(44)) - Successfully registered JMX Bean with object name Ratis:service=RaftServer,group=group-697B11EBF445,id=21837d35-6fee-45df-90a1-45cbd93f8221
2019-09-25 07:27:04,218 [RatisPipelineUtilsThread] INFO  pipeline.PipelineStateManager (PipelineStateManager.java:addPipeline(56)) - Created pipeline Pipeline[ Id: 1e46e23e-b06d-4d56-ba30-697b11ebf445, Nodes: 21837d35-6fee-45df-90a1-45cbd93f8221{ip: 192.168.151.106, host: pr-hdds-1569-x2sr2-3486766547, networkLocation: /default-rack, certSerialId: null}, Type:RATIS, Factor:ONE, State:OPEN]
2019-09-25 07:27:04,218 [RatisPipelineUtilsThread] INFO  pipeline.PipelinePlacementPolicy (PipelinePlacementPolicy.java:meetCriteria(91)) - Pipeline Placement: can't place more pipeline on heavy datanode： 51b39504-7a0f-4457-92f3-98ebea21e5f7 Heaviness: 6 limit: 5
2019-09-25 07:27:04,219 [RatisPipelineUtilsThread] INFO  pipeline.PipelinePlacementPolicy (PipelinePlacementPolicy.java:meetCriteria(91)) - Pipeline Placement: can't place more pipeline on heavy datanode： 99d4f85b-b086-4679-bd31-e70102e86432 Heaviness: 6 limit: 5
2019-09-25 07:27:04,224 [grpc-default-executor-0] INFO  impl.RaftServerProxy (RaftServerProxy.java:addNew(89)) - 21837d35-6fee-45df-90a1-45cbd93f8221: addNew group-BFB3CEA3D620:[21837d35-6fee-45df-90a1-45cbd93f8221:192.168.151.106:46516] returns group-BFB3CEA3D620:java.util.concurrent.CompletableFuture@356147b3[Not completed]
2019-09-25 07:27:04,225 [pool-597-thread-1] INFO  impl.RaftServerImpl (RaftServerImpl.java:<init>(95)) - 21837d35-6fee-45df-90a1-45cbd93f8221: new RaftServerImpl for group-BFB3CEA3D620:[21837d35-6fee-45df-90a1-45cbd93f8221:192.168.151.106:46516] with ContainerStateMachine:uninitialized
2019-09-25 07:27:04,225 [pool-597-thread-1] INFO  server.RaftServerConfigKeys (ConfUtils.java:logGet(43)) - raft.server.rpc.timeout.min = 5s (custom)
2019-09-25 07:27:04,225 [pool-597-thread-1] INFO  server.RaftServerConfigKeys (ConfUtils.java:logGet(43)) - raft.server.rpc.timeout.max = 5200ms (custom)
2019-09-25 07:27:04,225 [pool-597-thread-1] INFO  server.RaftServerConfigKeys (ConfUtils.java:logGet(43)) - raft.server.rpcslowness.timeout = 120s (custom)
2019-09-25 07:27:04,225 [pool-597-thread-1] INFO  server.RaftServerConfigKeys (ConfUtils.java:logGet(43)) - raft.server.sleep.deviation.threshold = 300 (default)
2019-09-25 07:27:04,225 [pool-597-thread-1] INFO  server.RaftServerConfigKeys (ConfUtils.java:logGet(43)) - raft.server.log.appender.install.snapshot.enabled = false (custom)
2019-09-25 07:27:04,225 [pool-597-thread-1] INFO  impl.RaftServerImpl (ServerState.java:<init>(103)) - 21837d35-6fee-45df-90a1-45cbd93f8221@group-BFB3CEA3D620: ConfigurationManager, init=-1: [21837d35-6fee-45df-90a1-45cbd93f8221:192.168.151.106:46516], old=null, confs=<EMPTY_MAP>
2019-09-25 07:27:04,226 [pool-597-thread-1] INFO  server.RaftServerConfigKeys (ConfUtils.java:logGet(43)) - raft.server.storage.dir = [/workdir/hadoop-ozone/ozonefs/target/test-dir/MiniOzoneClusterImpl-9ed784a4-cad3-4d57-bc40-122284458440/datanode-2/data/ratis] (custom)
2019-09-25 07:27:04,226 [pool-597-thread-1] INFO  storage.RaftStorageDirectory (RaftStorageDirectory.java:analyzeStorage(246)) - The storage directory /workdir/hadoop-ozone/ozonefs/target/test-dir/MiniOzoneClusterImpl-9ed784a4-cad3-4d57-bc40-122284458440/datanode-2/data/ratis/dc1d695b-68e6-466b-9575-bfb3cea3d620 does not exist. Creating ...
2019-09-25 07:27:04,237 [pool-597-thread-1] INFO  storage.RaftStorageDirectory (RaftStorageDirectory.java:tryLock(328)) - Lock on /workdir/hadoop-ozone/ozonefs/target/test-dir/MiniOzoneClusterImpl-9ed784a4-cad3-4d57-bc40-122284458440/datanode-2/data/ratis/dc1d695b-68e6-466b-9575-bfb3cea3d620/in_use.lock acquired by nodename 6556@pr-hdds-1569-x2sr2-3486766547
2019-09-25 07:27:04,248 [pool-597-thread-1] INFO  storage.RaftStorage (RaftStorage.java:format(72)) - Storage directory /workdir/hadoop-ozone/ozonefs/target/test-dir/MiniOzoneClusterImpl-9ed784a4-cad3-4d57-bc40-122284458440/datanode-2/data/ratis/dc1d695b-68e6-466b-9575-bfb3cea3d620 has been successfully formatted.
2019-09-25 07:27:04,248 [pool-597-thread-1] INFO  ratis.ContainerStateMachine (ContainerStateMachine.java:loadSnapshot(230)) - group-BFB3CEA3D620: The snapshot info is null. Setting the last applied indexto:(t:0, i:~)
2019-09-25 07:27:04,248 [pool-597-thread-1] INFO  server.RaftServerConfigKeys (ConfUtils.java:logGet(43)) - raft.server.notification.no-leader.timeout = 120s (custom)
2019-09-25 07:27:04,248 [pool-597-thread-1] INFO  server.RaftServerConfigKeys (ConfUtils.java:logGet(43)) - raft.server.log.use.memory = false (default)
2019-09-25 07:27:04,248 [pool-597-thread-1] INFO  server.RaftServerConfigKeys (ConfUtils.java:logGet(43)) - raft.server.log.purge.gap = 1000000 (custom)
2019-09-25 07:27:04,249 [pool-597-thread-1] INFO  server.RaftServerConfigKeys (ConfUtils.java:logGet(43)) - raft.server.log.appender.buffer.byte-limit = 33554432 (custom)
2019-09-25 07:27:04,249 [pool-597-thread-1] INFO  server.RaftServerConfigKeys (ConfUtils.java:logGet(43)) - raft.server.log.segment.size.max = 1048576 (custom)
2019-09-25 07:27:04,249 [pool-597-thread-1] INFO  server.RaftServerConfigKeys (ConfUtils.java:logGet(43)) - raft.server.log.segment.cache.num.max = 2 (custom)
2019-09-25 07:27:04,249 [pool-597-thread-1] INFO  segmented.SegmentedRaftLogWorker (SegmentedRaftLogWorker.java:<init>(172)) - new 21837d35-6fee-45df-90a1-45cbd93f8221@group-BFB3CEA3D620-SegmentedRaftLogWorker for RaftStorage:Storage Directory /workdir/hadoop-ozone/ozonefs/target/test-dir/MiniOzoneClusterImpl-9ed784a4-cad3-4d57-bc40-122284458440/datanode-2/data/ratis/dc1d695b-68e6-466b-9575-bfb3cea3d620
2019-09-25 07:27:04,249 [pool-597-thread-1] INFO  server.RaftServerConfigKeys (ConfUtils.java:logGet(43)) - raft.server.log.queue.byte-limit = 2147483647 (custom)
2019-09-25 07:27:04,249 [pool-597-thread-1] INFO  server.RaftServerConfigKeys (ConfUtils.java:logGet(43)) - raft.server.log.queue.element-limit = 1024 (custom)
2019-09-25 07:27:04,249 [pool-597-thread-1] INFO  server.RaftServerConfigKeys (ConfUtils.java:logGet(43)) - raft.server.log.segment.size.max = 1048576 (custom)
2019-09-25 07:27:04,249 [pool-597-thread-1] INFO  server.RaftServerConfigKeys (ConfUtils.java:logGet(43)) - raft.server.log.preallocated.size = 16384 (custom)
2019-09-25 07:27:04,249 [pool-597-thread-1] INFO  server.RaftServerConfigKeys (ConfUtils.java:logGet(43)) - raft.server.log.write.buffer.size = 33554432 (custom)
2019-09-25 07:27:04,250 [pool-597-thread-1] INFO  server.RaftServerConfigKeys (ConfUtils.java:logGet(43)) - raft.server.log.force.sync.num = 128 (default)
2019-09-25 07:27:04,250 [pool-597-thread-1] INFO  server.RaftServerConfigKeys (ConfUtils.java:logGet(43)) - raft.server.log.statemachine.data.sync = true (default)
2019-09-25 07:27:04,250 [pool-597-thread-1] INFO  server.RaftServerConfigKeys (ConfUtils.java:logGet(43)) - raft.server.log.statemachine.data.sync.timeout = 10s (default)
2019-09-25 07:27:04,250 [pool-597-thread-1] INFO  server.RaftServerConfigKeys (ConfUtils.java:logGet(43)) - raft.server.log.statemachine.data.sync.timeout.retry = -1 (default)
2019-09-25 07:27:04,250 [pool-597-thread-1] INFO  server.RaftServerConfigKeys (ConfUtils.java:logGet(43)) - raft.server.log.statemachine.data.caching.enabled = true (custom)
2019-09-25 07:27:04,250 [pool-597-thread-1] INFO  segmented.SegmentedRaftLogWorker (SegmentedRaftLogWorker.java:lambda$new$0(132)) - 21837d35-6fee-45df-90a1-45cbd93f8221@group-BFB3CEA3D620-SegmentedRaftLogWorker: flushIndex: setUnconditionally 0 -> -1
2019-09-25 07:27:04,251 [pool-597-thread-1] INFO  server.RaftServerConfigKeys (ConfUtils.java:logGet(43)) - raft.server.snapshot.auto.trigger.enabled = true (custom)
2019-09-25 07:27:04,251 [pool-597-thread-1] INFO  server.RaftServerConfigKeys (ConfUtils.java:logGet(43)) - raft.server.snapshot.auto.trigger.threshold = 10000 (custom)
2019-09-25 07:27:04,251 [pool-597-thread-1] INFO  server.RaftServerConfigKeys (ConfUtils.java:logGet(43)) - raft.server.snapshot.retention.num.files = 5 (custom)
2019-09-25 07:27:04,251 [pool-597-thread-1] INFO  server.RaftServerConfigKeys (ConfUtils.java:logGet(43)) - raft.server.retrycache.expirytime = 600000ms (custom)
2019-09-25 07:27:04,252 [pool-597-thread-1] INFO  impl.RaftServerImpl (RaftServerImpl.java:start(185)) - 21837d35-6fee-45df-90a1-45cbd93f8221@group-BFB3CEA3D620: start as a follower, conf=-1: [21837d35-6fee-45df-90a1-45cbd93f8221:192.168.151.106:46516], old=null
2019-09-25 07:27:04,252 [pool-597-thread-1] INFO  impl.RaftServerImpl (RaftServerImpl.java:setRole(174)) - 21837d35-6fee-45df-90a1-45cbd93f8221@group-BFB3CEA3D620: changes role from      null to FOLLOWER at term 0 for startAsFollower
2019-09-25 07:27:04,252 [pool-597-thread-1] INFO  impl.RoleInfo (RoleInfo.java:updateAndGet(143)) - 21837d35-6fee-45df-90a1-45cbd93f8221: start FollowerState
2019-09-25 07:27:04,253 [pool-597-thread-1] INFO  util.JmxRegister (JmxRegister.java:tryRegister(44)) - Successfully registered JMX Bean with object name Ratis:service=RaftServer,group=group-BFB3CEA3D620,id=21837d35-6fee-45df-90a1-45cbd93f8221
2019-09-25 07:27:04,255 [RatisPipelineUtilsThread] INFO  pipeline.PipelineStateManager (PipelineStateManager.java:addPipeline(56)) - Created pipeline Pipeline[ Id: dc1d695b-68e6-466b-9575-bfb3cea3d620, Nodes: 21837d35-6fee-45df-90a1-45cbd93f8221{ip: 192.168.151.106, host: pr-hdds-1569-x2sr2-3486766547, networkLocation: /default-rack, certSerialId: null}, Type:RATIS, Factor:ONE, State:OPEN]
2019-09-25 07:27:04,255 [RatisPipelineUtilsThread] INFO  pipeline.PipelinePlacementPolicy (PipelinePlacementPolicy.java:meetCriteria(91)) - Pipeline Placement: can't place more pipeline on heavy datanode： 51b39504-7a0f-4457-92f3-98ebea21e5f7 Heaviness: 6 limit: 5
2019-09-25 07:27:04,256 [RatisPipelineUtilsThread] INFO  pipeline.PipelinePlacementPolicy (PipelinePlacementPolicy.java:meetCriteria(91)) - Pipeline Placement: can't place more pipeline on heavy datanode： 99d4f85b-b086-4679-bd31-e70102e86432 Heaviness: 6 limit: 5
2019-09-25 07:27:04,261 [grpc-default-executor-0] INFO  impl.RaftServerProxy (RaftServerProxy.java:addNew(89)) - 21837d35-6fee-45df-90a1-45cbd93f8221: addNew group-0F032C0D2920:[21837d35-6fee-45df-90a1-45cbd93f8221:192.168.151.106:46516] returns group-0F032C0D2920:java.util.concurrent.CompletableFuture@891fc4e[Not completed]
2019-09-25 07:27:04,261 [pool-597-thread-1] INFO  impl.RaftServerImpl (RaftServerImpl.java:<init>(95)) - 21837d35-6fee-45df-90a1-45cbd93f8221: new RaftServerImpl for group-0F032C0D2920:[21837d35-6fee-45df-90a1-45cbd93f8221:192.168.151.106:46516] with ContainerStateMachine:uninitialized
2019-09-25 07:27:04,261 [pool-597-thread-1] INFO  server.RaftServerConfigKeys (ConfUtils.java:logGet(43)) - raft.server.rpc.timeout.min = 5s (custom)
2019-09-25 07:27:04,261 [pool-597-thread-1] INFO  server.RaftServerConfigKeys (ConfUtils.java:logGet(43)) - raft.server.rpc.timeout.max = 5200ms (custom)
2019-09-25 07:27:04,262 [pool-597-thread-1] INFO  server.RaftServerConfigKeys (ConfUtils.java:logGet(43)) - raft.server.rpcslowness.timeout = 120s (custom)
2019-09-25 07:27:04,262 [pool-597-thread-1] INFO  server.RaftServerConfigKeys (ConfUtils.java:logGet(43)) - raft.server.sleep.deviation.threshold = 300 (default)
2019-09-25 07:27:04,262 [pool-597-thread-1] INFO  server.RaftServerConfigKeys (ConfUtils.java:logGet(43)) - raft.server.log.appender.install.snapshot.enabled = false (custom)
2019-09-25 07:27:04,262 [pool-597-thread-1] INFO  impl.RaftServerImpl (ServerState.java:<init>(103)) - 21837d35-6fee-45df-90a1-45cbd93f8221@group-0F032C0D2920: ConfigurationManager, init=-1: [21837d35-6fee-45df-90a1-45cbd93f8221:192.168.151.106:46516], old=null, confs=<EMPTY_MAP>
2019-09-25 07:27:04,262 [pool-597-thread-1] INFO  server.RaftServerConfigKeys (ConfUtils.java:logGet(43)) - raft.server.storage.dir = [/workdir/hadoop-ozone/ozonefs/target/test-dir/MiniOzoneClusterImpl-9ed784a4-cad3-4d57-bc40-122284458440/datanode-2/data/ratis] (custom)
2019-09-25 07:27:04,262 [pool-597-thread-1] INFO  storage.RaftStorageDirectory (RaftStorageDirectory.java:analyzeStorage(246)) - The storage directory /workdir/hadoop-ozone/ozonefs/target/test-dir/MiniOzoneClusterImpl-9ed784a4-cad3-4d57-bc40-122284458440/datanode-2/data/ratis/d55be8e6-b7cd-4457-8524-0f032c0d2920 does not exist. Creating ...
2019-09-25 07:27:04,285 [pool-597-thread-1] INFO  storage.RaftStorageDirectory (RaftStorageDirectory.java:tryLock(328)) - Lock on /workdir/hadoop-ozone/ozonefs/target/test-dir/MiniOzoneClusterImpl-9ed784a4-cad3-4d57-bc40-122284458440/datanode-2/data/ratis/d55be8e6-b7cd-4457-8524-0f032c0d2920/in_use.lock acquired by nodename 6556@pr-hdds-1569-x2sr2-3486766547
2019-09-25 07:27:04,297 [pool-597-thread-1] INFO  storage.RaftStorage (RaftStorage.java:format(72)) - Storage directory /workdir/hadoop-ozone/ozonefs/target/test-dir/MiniOzoneClusterImpl-9ed784a4-cad3-4d57-bc40-122284458440/datanode-2/data/ratis/d55be8e6-b7cd-4457-8524-0f032c0d2920 has been successfully formatted.
2019-09-25 07:27:04,297 [pool-597-thread-1] INFO  ratis.ContainerStateMachine (ContainerStateMachine.java:loadSnapshot(230)) - group-0F032C0D2920: The snapshot info is null. Setting the last applied indexto:(t:0, i:~)
2019-09-25 07:27:04,297 [pool-597-thread-1] INFO  server.RaftServerConfigKeys (ConfUtils.java:logGet(43)) - raft.server.notification.no-leader.timeout = 120s (custom)
2019-09-25 07:27:04,297 [pool-597-thread-1] INFO  server.RaftServerConfigKeys (ConfUtils.java:logGet(43)) - raft.server.log.use.memory = false (default)
2019-09-25 07:27:04,297 [pool-597-thread-1] INFO  server.RaftServerConfigKeys (ConfUtils.java:logGet(43)) - raft.server.log.purge.gap = 1000000 (custom)
2019-09-25 07:27:04,297 [pool-597-thread-1] INFO  server.RaftServerConfigKeys (ConfUtils.java:logGet(43)) - raft.server.log.appender.buffer.byte-limit = 33554432 (custom)
2019-09-25 07:27:04,298 [pool-597-thread-1] INFO  server.RaftServerConfigKeys (ConfUtils.java:logGet(43)) - raft.server.log.segment.size.max = 1048576 (custom)
2019-09-25 07:27:04,298 [pool-597-thread-1] INFO  server.RaftServerConfigKeys (ConfUtils.java:logGet(43)) - raft.server.log.segment.cache.num.max = 2 (custom)
2019-09-25 07:27:04,298 [pool-597-thread-1] INFO  segmented.SegmentedRaftLogWorker (SegmentedRaftLogWorker.java:<init>(172)) - new 21837d35-6fee-45df-90a1-45cbd93f8221@group-0F032C0D2920-SegmentedRaftLogWorker for RaftStorage:Storage Directory /workdir/hadoop-ozone/ozonefs/target/test-dir/MiniOzoneClusterImpl-9ed784a4-cad3-4d57-bc40-122284458440/datanode-2/data/ratis/d55be8e6-b7cd-4457-8524-0f032c0d2920
2019-09-25 07:27:04,298 [pool-597-thread-1] INFO  server.RaftServerConfigKeys (ConfUtils.java:logGet(43)) - raft.server.log.queue.byte-limit = 2147483647 (custom)
2019-09-25 07:27:04,298 [pool-597-thread-1] INFO  server.RaftServerConfigKeys (ConfUtils.java:logGet(43)) - raft.server.log.queue.element-limit = 1024 (custom)
2019-09-25 07:27:04,298 [pool-597-thread-1] INFO  server.RaftServerConfigKeys (ConfUtils.java:logGet(43)) - raft.server.log.segment.size.max = 1048576 (custom)
2019-09-25 07:27:04,298 [pool-597-thread-1] INFO  server.RaftServerConfigKeys (ConfUtils.java:logGet(43)) - raft.server.log.preallocated.size = 16384 (custom)
2019-09-25 07:27:04,298 [pool-597-thread-1] INFO  server.RaftServerConfigKeys (ConfUtils.java:logGet(43)) - raft.server.log.write.buffer.size = 33554432 (custom)
2019-09-25 07:27:04,298 [pool-597-thread-1] INFO  server.RaftServerConfigKeys (ConfUtils.java:logGet(43)) - raft.server.log.force.sync.num = 128 (default)
2019-09-25 07:27:04,298 [pool-597-thread-1] INFO  server.RaftServerConfigKeys (ConfUtils.java:logGet(43)) - raft.server.log.statemachine.data.sync = true (default)
2019-09-25 07:27:04,298 [pool-597-thread-1] INFO  server.RaftServerConfigKeys (ConfUtils.java:logGet(43)) - raft.server.log.statemachine.data.sync.timeout = 10s (default)
2019-09-25 07:27:04,299 [pool-597-thread-1] INFO  server.RaftServerConfigKeys (ConfUtils.java:logGet(43)) - raft.server.log.statemachine.data.sync.timeout.retry = -1 (default)
2019-09-25 07:27:04,299 [pool-597-thread-1] INFO  server.RaftServerConfigKeys (ConfUtils.java:logGet(43)) - raft.server.log.statemachine.data.caching.enabled = true (custom)
2019-09-25 07:27:04,299 [pool-597-thread-1] INFO  segmented.SegmentedRaftLogWorker (SegmentedRaftLogWorker.java:lambda$new$0(132)) - 21837d35-6fee-45df-90a1-45cbd93f8221@group-0F032C0D2920-SegmentedRaftLogWorker: flushIndex: setUnconditionally 0 -> -1
2019-09-25 07:27:04,299 [pool-597-thread-1] INFO  server.RaftServerConfigKeys (ConfUtils.java:logGet(43)) - raft.server.snapshot.auto.trigger.enabled = true (custom)
2019-09-25 07:27:04,299 [pool-597-thread-1] INFO  server.RaftServerConfigKeys (ConfUtils.java:logGet(43)) - raft.server.snapshot.auto.trigger.threshold = 10000 (custom)
2019-09-25 07:27:04,299 [pool-597-thread-1] INFO  server.RaftServerConfigKeys (ConfUtils.java:logGet(43)) - raft.server.snapshot.retention.num.files = 5 (custom)
2019-09-25 07:27:04,300 [pool-597-thread-1] INFO  server.RaftServerConfigKeys (ConfUtils.java:logGet(43)) - raft.server.retrycache.expirytime = 600000ms (custom)
2019-09-25 07:27:04,301 [pool-597-thread-1] INFO  impl.RaftServerImpl (RaftServerImpl.java:start(185)) - 21837d35-6fee-45df-90a1-45cbd93f8221@group-0F032C0D2920: start as a follower, conf=-1: [21837d35-6fee-45df-90a1-45cbd93f8221:192.168.151.106:46516], old=null
2019-09-25 07:27:04,301 [pool-597-thread-1] INFO  impl.RaftServerImpl (RaftServerImpl.java:setRole(174)) - 21837d35-6fee-45df-90a1-45cbd93f8221@group-0F032C0D2920: changes role from      null to FOLLOWER at term 0 for startAsFollower
2019-09-25 07:27:04,301 [pool-597-thread-1] INFO  impl.RoleInfo (RoleInfo.java:updateAndGet(143)) - 21837d35-6fee-45df-90a1-45cbd93f8221: start FollowerState
2019-09-25 07:27:04,301 [pool-597-thread-1] INFO  util.JmxRegister (JmxRegister.java:tryRegister(44)) - Successfully registered JMX Bean with object name Ratis:service=RaftServer,group=group-0F032C0D2920,id=21837d35-6fee-45df-90a1-45cbd93f8221
2019-09-25 07:27:04,303 [RatisPipelineUtilsThread] INFO  pipeline.PipelineStateManager (PipelineStateManager.java:addPipeline(56)) - Created pipeline Pipeline[ Id: d55be8e6-b7cd-4457-8524-0f032c0d2920, Nodes: 21837d35-6fee-45df-90a1-45cbd93f8221{ip: 192.168.151.106, host: pr-hdds-1569-x2sr2-3486766547, networkLocation: /default-rack, certSerialId: null}, Type:RATIS, Factor:ONE, State:OPEN]
2019-09-25 07:27:04,304 [RatisPipelineUtilsThread] INFO  pipeline.PipelinePlacementPolicy (PipelinePlacementPolicy.java:meetCriteria(91)) - Pipeline Placement: can't place more pipeline on heavy datanode： 51b39504-7a0f-4457-92f3-98ebea21e5f7 Heaviness: 6 limit: 5
2019-09-25 07:27:04,304 [RatisPipelineUtilsThread] INFO  pipeline.PipelinePlacementPolicy (PipelinePlacementPolicy.java:meetCriteria(91)) - Pipeline Placement: can't place more pipeline on heavy datanode： 21837d35-6fee-45df-90a1-45cbd93f8221 Heaviness: 6 limit: 5
2019-09-25 07:27:04,304 [RatisPipelineUtilsThread] INFO  pipeline.PipelinePlacementPolicy (PipelinePlacementPolicy.java:meetCriteria(91)) - Pipeline Placement: can't place more pipeline on heavy datanode： 99d4f85b-b086-4679-bd31-e70102e86432 Heaviness: 6 limit: 5
2019-09-25 07:27:04,304 [RatisPipelineUtilsThread] ERROR pipeline.PipelinePlacementPolicy (PipelinePlacementPolicy.java:filterViableNodes(148)) - Unable to find enough nodes that meet the criteria that cannot engage in more than 5 pipelines. Nodes required: 1 Found: 0, healthy nodes count inNodeManager: 3.
2019-09-25 07:27:04,304 [RatisPipelineUtilsThread] ERROR pipeline.SCMPipelineManager (SCMPipelineManager.java:createPipeline(167)) - Pipeline creation failed.
org.apache.hadoop.hdds.scm.exceptions.SCMException: Unable to find enough nodes that meet the criteria that cannot engage in more than 5 pipelines. Nodes required: 1 Found: 0, healthy nodes count inNodeManager: 3.
	at org.apache.hadoop.hdds.scm.pipeline.PipelinePlacementPolicy.filterViableNodes(PipelinePlacementPolicy.java:149)
	at org.apache.hadoop.hdds.scm.pipeline.PipelinePlacementPolicy.chooseDatanodes(PipelinePlacementPolicy.java:172)
	at org.apache.hadoop.hdds.scm.pipeline.RatisPipelineProvider.create(RatisPipelineProvider.java:93)
	at org.apache.hadoop.hdds.scm.pipeline.PipelineFactory.create(PipelineFactory.java:58)
	at org.apache.hadoop.hdds.scm.pipeline.SCMPipelineManager.createPipeline(SCMPipelineManager.java:155)
	at org.apache.hadoop.hdds.scm.pipeline.BackgroundPipelineCreator.createPipelines(BackgroundPipelineCreator.java:99)
	at java.util.concurrent.Executors$RunnableAdapter.call(Executors.java:511)
	at java.util.concurrent.FutureTask.run(FutureTask.java:266)
	at java.util.concurrent.ScheduledThreadPoolExecutor$ScheduledFutureTask.access$201(ScheduledThreadPoolExecutor.java:180)
	at java.util.concurrent.ScheduledThreadPoolExecutor$ScheduledFutureTask.run(ScheduledThreadPoolExecutor.java:293)
	at java.util.concurrent.ThreadPoolExecutor.runWorker(ThreadPoolExecutor.java:1149)
	at java.util.concurrent.ThreadPoolExecutor$Worker.run(ThreadPoolExecutor.java:624)
	at java.lang.Thread.run(Thread.java:748)
2019-09-25 07:27:04,305 [RatisPipelineUtilsThread] INFO  pipeline.PipelinePlacementPolicy (PipelinePlacementPolicy.java:meetCriteria(91)) - Pipeline Placement: can't place more pipeline on heavy datanode： 51b39504-7a0f-4457-92f3-98ebea21e5f7 Heaviness: 6 limit: 5
2019-09-25 07:27:04,305 [RatisPipelineUtilsThread] INFO  pipeline.PipelinePlacementPolicy (PipelinePlacementPolicy.java:meetCriteria(91)) - Pipeline Placement: can't place more pipeline on heavy datanode： 21837d35-6fee-45df-90a1-45cbd93f8221 Heaviness: 6 limit: 5
2019-09-25 07:27:04,305 [RatisPipelineUtilsThread] INFO  pipeline.PipelinePlacementPolicy (PipelinePlacementPolicy.java:meetCriteria(91)) - Pipeline Placement: can't place more pipeline on heavy datanode： 99d4f85b-b086-4679-bd31-e70102e86432 Heaviness: 6 limit: 5
2019-09-25 07:27:04,305 [RatisPipelineUtilsThread] ERROR pipeline.PipelinePlacementPolicy (PipelinePlacementPolicy.java:filterViableNodes(148)) - Unable to find enough nodes that meet the criteria that cannot engage in more than 5 pipelines. Nodes required: 3 Found: 0, healthy nodes count inNodeManager: 3.
2019-09-25 07:27:04,305 [RatisPipelineUtilsThread] ERROR pipeline.SCMPipelineManager (SCMPipelineManager.java:createPipeline(167)) - Pipeline creation failed.
org.apache.hadoop.hdds.scm.exceptions.SCMException: Unable to find enough nodes that meet the criteria that cannot engage in more than 5 pipelines. Nodes required: 3 Found: 0, healthy nodes count inNodeManager: 3.
	at org.apache.hadoop.hdds.scm.pipeline.PipelinePlacementPolicy.filterViableNodes(PipelinePlacementPolicy.java:149)
	at org.apache.hadoop.hdds.scm.pipeline.PipelinePlacementPolicy.chooseDatanodes(PipelinePlacementPolicy.java:172)
	at org.apache.hadoop.hdds.scm.pipeline.RatisPipelineProvider.create(RatisPipelineProvider.java:93)
	at org.apache.hadoop.hdds.scm.pipeline.PipelineFactory.create(PipelineFactory.java:58)
	at org.apache.hadoop.hdds.scm.pipeline.SCMPipelineManager.createPipeline(SCMPipelineManager.java:155)
	at org.apache.hadoop.hdds.scm.pipeline.BackgroundPipelineCreator.createPipelines(BackgroundPipelineCreator.java:99)
	at java.util.concurrent.Executors$RunnableAdapter.call(Executors.java:511)
	at java.util.concurrent.FutureTask.run(FutureTask.java:266)
	at java.util.concurrent.ScheduledThreadPoolExecutor$ScheduledFutureTask.access$201(ScheduledThreadPoolExecutor.java:180)
	at java.util.concurrent.ScheduledThreadPoolExecutor$ScheduledFutureTask.run(ScheduledThreadPoolExecutor.java:293)
	at java.util.concurrent.ThreadPoolExecutor.runWorker(ThreadPoolExecutor.java:1149)
	at java.util.concurrent.ThreadPoolExecutor$Worker.run(ThreadPoolExecutor.java:624)
	at java.lang.Thread.run(Thread.java:748)
2019-09-25 07:27:04,306 [RatisPipelineUtilsThread] INFO  pipeline.PipelinePlacementPolicy (PipelinePlacementPolicy.java:meetCriteria(91)) - Pipeline Placement: can't place more pipeline on heavy datanode： 51b39504-7a0f-4457-92f3-98ebea21e5f7 Heaviness: 6 limit: 5
2019-09-25 07:27:04,306 [RatisPipelineUtilsThread] INFO  pipeline.PipelinePlacementPolicy (PipelinePlacementPolicy.java:meetCriteria(91)) - Pipeline Placement: can't place more pipeline on heavy datanode： 21837d35-6fee-45df-90a1-45cbd93f8221 Heaviness: 6 limit: 5
2019-09-25 07:27:04,306 [RatisPipelineUtilsThread] INFO  pipeline.PipelinePlacementPolicy (PipelinePlacementPolicy.java:meetCriteria(91)) - Pipeline Placement: can't place more pipeline on heavy datanode： 99d4f85b-b086-4679-bd31-e70102e86432 Heaviness: 6 limit: 5
2019-09-25 07:27:04,306 [RatisPipelineUtilsThread] ERROR pipeline.PipelinePlacementPolicy (PipelinePlacementPolicy.java:filterViableNodes(148)) - Unable to find enough nodes that meet the criteria that cannot engage in more than 5 pipelines. Nodes required: 1 Found: 0, healthy nodes count inNodeManager: 3.
2019-09-25 07:27:04,306 [RatisPipelineUtilsThread] ERROR pipeline.SCMPipelineManager (SCMPipelineManager.java:createPipeline(167)) - Pipeline creation failed.
org.apache.hadoop.hdds.scm.exceptions.SCMException: Unable to find enough nodes that meet the criteria that cannot engage in more than 5 pipelines. Nodes required: 1 Found: 0, healthy nodes count inNodeManager: 3.
	at org.apache.hadoop.hdds.scm.pipeline.PipelinePlacementPolicy.filterViableNodes(PipelinePlacementPolicy.java:149)
	at org.apache.hadoop.hdds.scm.pipeline.PipelinePlacementPolicy.chooseDatanodes(PipelinePlacementPolicy.java:172)
	at org.apache.hadoop.hdds.scm.pipeline.RatisPipelineProvider.create(RatisPipelineProvider.java:93)
	at org.apache.hadoop.hdds.scm.pipeline.PipelineFactory.create(PipelineFactory.java:58)
	at org.apache.hadoop.hdds.scm.pipeline.SCMPipelineManager.createPipeline(SCMPipelineManager.java:155)
	at org.apache.hadoop.hdds.scm.pipeline.BackgroundPipelineCreator.createPipelines(BackgroundPipelineCreator.java:99)
	at org.apache.hadoop.hdds.scm.pipeline.BackgroundPipelineCreator.lambda$startFixedIntervalPipelineCreator$0(BackgroundPipelineCreator.java:70)
	at java.util.concurrent.Executors$RunnableAdapter.call(Executors.java:511)
	at java.util.concurrent.FutureTask.runAndReset(FutureTask.java:308)
	at java.util.concurrent.ScheduledThreadPoolExecutor$ScheduledFutureTask.access$301(ScheduledThreadPoolExecutor.java:180)
	at java.util.concurrent.ScheduledThreadPoolExecutor$ScheduledFutureTask.run(ScheduledThreadPoolExecutor.java:294)
	at java.util.concurrent.ThreadPoolExecutor.runWorker(ThreadPoolExecutor.java:1149)
	at java.util.concurrent.ThreadPoolExecutor$Worker.run(ThreadPoolExecutor.java:624)
	at java.lang.Thread.run(Thread.java:748)
2019-09-25 07:27:04,307 [RatisPipelineUtilsThread] INFO  pipeline.PipelinePlacementPolicy (PipelinePlacementPolicy.java:meetCriteria(91)) - Pipeline Placement: can't place more pipeline on heavy datanode： 51b39504-7a0f-4457-92f3-98ebea21e5f7 Heaviness: 6 limit: 5
2019-09-25 07:27:04,307 [RatisPipelineUtilsThread] INFO  pipeline.PipelinePlacementPolicy (PipelinePlacementPolicy.java:meetCriteria(91)) - Pipeline Placement: can't place more pipeline on heavy datanode： 21837d35-6fee-45df-90a1-45cbd93f8221 Heaviness: 6 limit: 5
2019-09-25 07:27:04,307 [RatisPipelineUtilsThread] INFO  pipeline.PipelinePlacementPolicy (PipelinePlacementPolicy.java:meetCriteria(91)) - Pipeline Placement: can't place more pipeline on heavy datanode： 99d4f85b-b086-4679-bd31-e70102e86432 Heaviness: 6 limit: 5
2019-09-25 07:27:04,307 [RatisPipelineUtilsThread] ERROR pipeline.PipelinePlacementPolicy (PipelinePlacementPolicy.java:filterViableNodes(148)) - Unable to find enough nodes that meet the criteria that cannot engage in more than 5 pipelines. Nodes required: 3 Found: 0, healthy nodes count inNodeManager: 3.
2019-09-25 07:27:04,307 [RatisPipelineUtilsThread] ERROR pipeline.SCMPipelineManager (SCMPipelineManager.java:createPipeline(167)) - Pipeline creation failed.
org.apache.hadoop.hdds.scm.exceptions.SCMException: Unable to find enough nodes that meet the criteria that cannot engage in more than 5 pipelines. Nodes required: 3 Found: 0, healthy nodes count inNodeManager: 3.
	at org.apache.hadoop.hdds.scm.pipeline.PipelinePlacementPolicy.filterViableNodes(PipelinePlacementPolicy.java:149)
	at org.apache.hadoop.hdds.scm.pipeline.PipelinePlacementPolicy.chooseDatanodes(PipelinePlacementPolicy.java:172)
	at org.apache.hadoop.hdds.scm.pipeline.RatisPipelineProvider.create(RatisPipelineProvider.java:93)
	at org.apache.hadoop.hdds.scm.pipeline.PipelineFactory.create(PipelineFactory.java:58)
	at org.apache.hadoop.hdds.scm.pipeline.SCMPipelineManager.createPipeline(SCMPipelineManager.java:155)
	at org.apache.hadoop.hdds.scm.pipeline.BackgroundPipelineCreator.createPipelines(BackgroundPipelineCreator.java:99)
	at org.apache.hadoop.hdds.scm.pipeline.BackgroundPipelineCreator.lambda$startFixedIntervalPipelineCreator$0(BackgroundPipelineCreator.java:70)
	at java.util.concurrent.Executors$RunnableAdapter.call(Executors.java:511)
	at java.util.concurrent.FutureTask.runAndReset(FutureTask.java:308)
	at java.util.concurrent.ScheduledThreadPoolExecutor$ScheduledFutureTask.access$301(ScheduledThreadPoolExecutor.java:180)
	at java.util.concurrent.ScheduledThreadPoolExecutor$ScheduledFutureTask.run(ScheduledThreadPoolExecutor.java:294)
	at java.util.concurrent.ThreadPoolExecutor.runWorker(ThreadPoolExecutor.java:1149)
	at java.util.concurrent.ThreadPoolExecutor$Worker.run(ThreadPoolExecutor.java:624)
	at java.lang.Thread.run(Thread.java:748)
2019-09-25 07:27:04,308 [IPC Server handler 2 on 37456] INFO  pipeline.PipelinePlacementPolicy (PipelinePlacementPolicy.java:meetCriteria(91)) - Pipeline Placement: can't place more pipeline on heavy datanode： 51b39504-7a0f-4457-92f3-98ebea21e5f7 Heaviness: 6 limit: 5
2019-09-25 07:27:04,308 [IPC Server handler 2 on 37456] INFO  pipeline.PipelinePlacementPolicy (PipelinePlacementPolicy.java:meetCriteria(91)) - Pipeline Placement: can't place more pipeline on heavy datanode： 21837d35-6fee-45df-90a1-45cbd93f8221 Heaviness: 6 limit: 5
2019-09-25 07:27:04,308 [IPC Server handler 2 on 37456] INFO  pipeline.PipelinePlacementPolicy (PipelinePlacementPolicy.java:meetCriteria(91)) - Pipeline Placement: can't place more pipeline on heavy datanode： 99d4f85b-b086-4679-bd31-e70102e86432 Heaviness: 6 limit: 5
2019-09-25 07:27:04,308 [IPC Server handler 2 on 37456] ERROR pipeline.PipelinePlacementPolicy (PipelinePlacementPolicy.java:filterViableNodes(148)) - Unable to find enough nodes that meet the criteria that cannot engage in more than 5 pipelines. Nodes required: 3 Found: 0, healthy nodes count inNodeManager: 3.
2019-09-25 07:27:04,309 [IPC Server handler 2 on 37456] ERROR pipeline.SCMPipelineManager (SCMPipelineManager.java:createPipeline(167)) - Pipeline creation failed.
org.apache.hadoop.hdds.scm.exceptions.SCMException: Unable to find enough nodes that meet the criteria that cannot engage in more than 5 pipelines. Nodes required: 3 Found: 0, healthy nodes count inNodeManager: 3.
	at org.apache.hadoop.hdds.scm.pipeline.PipelinePlacementPolicy.filterViableNodes(PipelinePlacementPolicy.java:149)
	at org.apache.hadoop.hdds.scm.pipeline.PipelinePlacementPolicy.chooseDatanodes(PipelinePlacementPolicy.java:172)
	at org.apache.hadoop.hdds.scm.pipeline.RatisPipelineProvider.create(RatisPipelineProvider.java:93)
	at org.apache.hadoop.hdds.scm.pipeline.PipelineFactory.create(PipelineFactory.java:58)
	at org.apache.hadoop.hdds.scm.pipeline.SCMPipelineManager.createPipeline(SCMPipelineManager.java:155)
	at org.apache.hadoop.hdds.scm.block.BlockManagerImpl.allocateBlock(BlockManagerImpl.java:190)
	at org.apache.hadoop.hdds.scm.server.SCMBlockProtocolServer.allocateBlock(SCMBlockProtocolServer.java:182)
	at org.apache.hadoop.ozone.protocolPB.ScmBlockLocationProtocolServerSideTranslatorPB.allocateScmBlock(ScmBlockLocationProtocolServerSideTranslatorPB.java:183)
	at org.apache.hadoop.ozone.protocolPB.ScmBlockLocationProtocolServerSideTranslatorPB.processMessage(ScmBlockLocationProtocolServerSideTranslatorPB.java:141)
	at org.apache.hadoop.ozone.protocolPB.ScmBlockLocationProtocolServerSideTranslatorPB.send(ScmBlockLocationProtocolServerSideTranslatorPB.java:116)
	at org.apache.hadoop.hdds.protocol.proto.ScmBlockLocationProtocolProtos$ScmBlockLocationProtocolService$2.callBlockingMethod(ScmBlockLocationProtocolProtos.java:13157)
	at org.apache.hadoop.ipc.ProtobufRpcEngine$Server$ProtoBufRpcInvoker.call(ProtobufRpcEngine.java:524)
	at org.apache.hadoop.ipc.RPC$Server.call(RPC.java:1025)
	at org.apache.hadoop.ipc.Server$RpcCall.run(Server.java:876)
	at org.apache.hadoop.ipc.Server$RpcCall.run(Server.java:822)
	at java.security.AccessController.doPrivileged(Native Method)
	at javax.security.auth.Subject.doAs(Subject.java:422)
	at org.apache.hadoop.security.UserGroupInformation.doAs(UserGroupInformation.java:1730)
	at org.apache.hadoop.ipc.Server$Handler.run(Server.java:2682)
2019-09-25 07:27:04,309 [IPC Server handler 2 on 37456] WARN  block.BlockManagerImpl (BlockManagerImpl.java:allocateBlock(192)) - Pipeline creation failed for type:RATIS factor:THREE. Retrying get pipelines call once.
org.apache.hadoop.hdds.scm.exceptions.SCMException: Unable to find enough nodes that meet the criteria that cannot engage in more than 5 pipelines. Nodes required: 3 Found: 0, healthy nodes count inNodeManager: 3.
	at org.apache.hadoop.hdds.scm.pipeline.PipelinePlacementPolicy.filterViableNodes(PipelinePlacementPolicy.java:149)
	at org.apache.hadoop.hdds.scm.pipeline.PipelinePlacementPolicy.chooseDatanodes(PipelinePlacementPolicy.java:172)
	at org.apache.hadoop.hdds.scm.pipeline.RatisPipelineProvider.create(RatisPipelineProvider.java:93)
	at org.apache.hadoop.hdds.scm.pipeline.PipelineFactory.create(PipelineFactory.java:58)
	at org.apache.hadoop.hdds.scm.pipeline.SCMPipelineManager.createPipeline(SCMPipelineManager.java:155)
	at org.apache.hadoop.hdds.scm.block.BlockManagerImpl.allocateBlock(BlockManagerImpl.java:190)
	at org.apache.hadoop.hdds.scm.server.SCMBlockProtocolServer.allocateBlock(SCMBlockProtocolServer.java:182)
	at org.apache.hadoop.ozone.protocolPB.ScmBlockLocationProtocolServerSideTranslatorPB.allocateScmBlock(ScmBlockLocationProtocolServerSideTranslatorPB.java:183)
	at org.apache.hadoop.ozone.protocolPB.ScmBlockLocationProtocolServerSideTranslatorPB.processMessage(ScmBlockLocationProtocolServerSideTranslatorPB.java:141)
	at org.apache.hadoop.ozone.protocolPB.ScmBlockLocationProtocolServerSideTranslatorPB.send(ScmBlockLocationProtocolServerSideTranslatorPB.java:116)
	at org.apache.hadoop.hdds.protocol.proto.ScmBlockLocationProtocolProtos$ScmBlockLocationProtocolService$2.callBlockingMethod(ScmBlockLocationProtocolProtos.java:13157)
	at org.apache.hadoop.ipc.ProtobufRpcEngine$Server$ProtoBufRpcInvoker.call(ProtobufRpcEngine.java:524)
	at org.apache.hadoop.ipc.RPC$Server.call(RPC.java:1025)
	at org.apache.hadoop.ipc.Server$RpcCall.run(Server.java:876)
	at org.apache.hadoop.ipc.Server$RpcCall.run(Server.java:822)
	at java.security.AccessController.doPrivileged(Native Method)
	at javax.security.auth.Subject.doAs(Subject.java:422)
	at org.apache.hadoop.security.UserGroupInformation.doAs(UserGroupInformation.java:1730)
	at org.apache.hadoop.ipc.Server$Handler.run(Server.java:2682)
2019-09-25 07:27:04,309 [IPC Server handler 2 on 37456] INFO  block.BlockManagerImpl (BlockManagerImpl.java:allocateBlock(198)) - Could not find available pipeline of type:RATIS and factor:THREE even after retrying
2019-09-25 07:27:04,309 [IPC Server handler 2 on 37456] ERROR block.BlockManagerImpl (BlockManagerImpl.java:allocateBlock(222)) - Unable to allocate a block for the size: 4194304, type: RATIS, factor: THREE
2019-09-25 07:27:04,314 [main] INFO  ozone.MiniOzoneClusterImpl (MiniOzoneClusterImpl.java:shutdown(314)) - Shutting down the Mini Ozone Cluster
2019-09-25 07:27:04,315 [main] INFO  ozone.MiniOzoneClusterImpl (MiniOzoneClusterImpl.java:stop(330)) - Stopping the Mini Ozone Cluster
2019-09-25 07:27:04,315 [main] INFO  ozone.MiniOzoneClusterImpl (MiniOzoneClusterImpl.java:stopOM(400)) - Stopping the OzoneManager
2019-09-25 07:27:04,315 [main] INFO  ipc.Server (Server.java:stop(3082)) - Stopping server on 42412
2019-09-25 07:27:04,326 [IPC Server listener on 42412] INFO  ipc.Server (Server.java:run(1185)) - Stopping IPC Server listener on 42412
2019-09-25 07:27:04,326 [main] INFO  ratis.OzoneManagerDoubleBuffer (OzoneManagerDoubleBuffer.java:stop(248)) - Stopping OMDoubleBuffer flush thread
2019-09-25 07:27:04,326 [IPC Server Responder] INFO  ipc.Server (Server.java:run(1319)) - Stopping IPC Server Responder
2019-09-25 07:27:04,328 [OMDoubleBufferFlushThread] INFO  ratis.OzoneManagerDoubleBuffer (OzoneManagerDoubleBuffer.java:flushTransactions(191)) - OMDoubleBuffer flush thread OMDoubleBufferFlushThread is interrupted and will exit. OMDoubleBufferFlushThread
2019-09-25 07:27:04,329 [main] INFO  utils.BackgroundService (BackgroundService.java:shutdown(148)) - Shutting down service KeyDeletingService
2019-09-25 07:27:04,330 [main] INFO  handler.ContextHandler (ContextHandler.java:doStop(910)) - Stopped o.e.j.w.WebAppContext@2e0652ab{/,null,UNAVAILABLE}{/ozoneManager}
2019-09-25 07:27:04,331 [main] INFO  server.AbstractConnector (AbstractConnector.java:doStop(318)) - Stopped ServerConnector@22c29aa8{HTTP/1.1,[http/1.1]}{0.0.0.0:0}
2019-09-25 07:27:04,331 [main] INFO  handler.ContextHandler (ContextHandler.java:doStop(910)) - Stopped o.e.j.s.ServletContextHandler@336d28a1{/static,jar:file:/home/user/.m2/repository/org/apache/hadoop/hadoop-ozone-ozone-manager/0.5.0-SNAPSHOT/hadoop-ozone-ozone-manager-0.5.0-SNAPSHOT.jar!/webapps/static,UNAVAILABLE}
2019-09-25 07:27:04,331 [main] INFO  handler.ContextHandler (ContextHandler.java:doStop(910)) - Stopped o.e.j.s.ServletContextHandler@5f3ddc86{/logs,file:///workdir/hadoop-ozone/ozonefs/target/log,UNAVAILABLE}
2019-09-25 07:27:04,333 [main] INFO  ozone.MiniOzoneClusterImpl (MiniOzoneClusterImpl.java:stopDatanodes(377)) - Stopping the HddsDatanodes
2019-09-25 07:27:04,467 [Datanode State Machine Thread - 0] INFO  statemachine.DatanodeStateMachine (DatanodeStateMachine.java:lambda$startDaemon$0(350)) - Ozone container server started.
2019-09-25 07:27:04,545 [Datanode State Machine Thread - 0] INFO  statemachine.DatanodeStateMachine (DatanodeStateMachine.java:lambda$startDaemon$0(350)) - Ozone container server started.
2019-09-25 07:27:05,480 [Thread-3064] INFO  container.ReplicationManager (ReplicationManager.java:start(163)) - Starting Replication Monitor Thread.
2019-09-25 07:27:05,484 [ReplicationMonitor] INFO  container.ReplicationManager (ReplicationManager.java:run(226)) - Replication Monitor Thread took 0 milliseconds for processing 0 containers.
2019-09-25 07:27:08,588 [Thread-3072] INFO  impl.FollowerState (FollowerState.java:run(106)) - 51b39504-7a0f-4457-92f3-98ebea21e5f7:group-64A4DC6E3FB8 changes to CANDIDATE, lastRpcTime:5000, electionTimeout:5000ms
2019-09-25 07:27:08,588 [Thread-3072] INFO  impl.RoleInfo (RoleInfo.java:shutdownFollowerState(121)) - 51b39504-7a0f-4457-92f3-98ebea21e5f7: shutdown FollowerState
2019-09-25 07:27:08,589 [Thread-3072] INFO  impl.RaftServerImpl (RaftServerImpl.java:setRole(174)) - 51b39504-7a0f-4457-92f3-98ebea21e5f7@group-64A4DC6E3FB8: changes role from  FOLLOWER to CANDIDATE at term 0 for changeToCandidate
2019-09-25 07:27:08,589 [Thread-3072] INFO  impl.RoleInfo (RoleInfo.java:updateAndGet(143)) - 51b39504-7a0f-4457-92f3-98ebea21e5f7: start LeaderElection
2019-09-25 07:27:08,617 [51b39504-7a0f-4457-92f3-98ebea21e5f7@group-64A4DC6E3FB8:LeaderElection183] INFO  impl.LeaderElection (LeaderElection.java:askForVotes(182)) - 51b39504-7a0f-4457-92f3-98ebea21e5f7@group-64A4DC6E3FB8:LeaderElection183: begin an election at term 1 for -1: [51b39504-7a0f-4457-92f3-98ebea21e5f7:192.168.151.106:42082], old=null
2019-09-25 07:27:08,617 [51b39504-7a0f-4457-92f3-98ebea21e5f7@group-64A4DC6E3FB8:LeaderElection183] INFO  impl.RoleInfo (RoleInfo.java:shutdownLeaderElection(134)) - 51b39504-7a0f-4457-92f3-98ebea21e5f7: shutdown LeaderElection
2019-09-25 07:27:08,617 [51b39504-7a0f-4457-92f3-98ebea21e5f7@group-64A4DC6E3FB8:LeaderElection183] INFO  impl.RaftServerImpl (RaftServerImpl.java:setRole(174)) - 51b39504-7a0f-4457-92f3-98ebea21e5f7@group-64A4DC6E3FB8: changes role from CANDIDATE to LEADER at term 1 for changeToLeader
2019-09-25 07:27:08,617 [51b39504-7a0f-4457-92f3-98ebea21e5f7@group-64A4DC6E3FB8:LeaderElection183] INFO  impl.RaftServerImpl (ServerState.java:setLeader(253)) - 51b39504-7a0f-4457-92f3-98ebea21e5f7@group-64A4DC6E3FB8: change Leader from null to 51b39504-7a0f-4457-92f3-98ebea21e5f7 at term 1 for becomeLeader, leader elected after 5035ms
2019-09-25 07:27:08,618 [51b39504-7a0f-4457-92f3-98ebea21e5f7@group-64A4DC6E3FB8:LeaderElection183] INFO  server.RaftServerConfigKeys (ConfUtils.java:logGet(43)) - raft.server.staging.catchup.gap = 1000 (default)
2019-09-25 07:27:08,618 [51b39504-7a0f-4457-92f3-98ebea21e5f7@group-64A4DC6E3FB8:LeaderElection183] INFO  server.RaftServerConfigKeys (ConfUtils.java:logGet(43)) - raft.server.rpc.sleep.time = 25ms (default)
2019-09-25 07:27:08,618 [51b39504-7a0f-4457-92f3-98ebea21e5f7@group-64A4DC6E3FB8:LeaderElection183] INFO  server.RaftServerConfigKeys (ConfUtils.java:logGet(43)) - raft.server.write.element-limit = 4096 (default)
2019-09-25 07:27:08,618 [51b39504-7a0f-4457-92f3-98ebea21e5f7@group-64A4DC6E3FB8:LeaderElection183] INFO  server.RaftServerConfigKeys (ConfUtils.java:logGet(43)) - raft.server.watch.timeout = 10s (default)
2019-09-25 07:27:08,618 [51b39504-7a0f-4457-92f3-98ebea21e5f7@group-64A4DC6E3FB8:LeaderElection183] INFO  server.RaftServerConfigKeys (ConfUtils.java:logGet(43)) - raft.server.watch.timeout.denomination = 1s (default)
2019-09-25 07:27:08,618 [51b39504-7a0f-4457-92f3-98ebea21e5f7@group-64A4DC6E3FB8:LeaderElection183] INFO  server.RaftServerConfigKeys (ConfUtils.java:logGet(43)) - raft.server.watch.element-limit = 65536 (default)
2019-09-25 07:27:08,620 [51b39504-7a0f-4457-92f3-98ebea21e5f7@group-64A4DC6E3FB8:LeaderElection183] INFO  impl.RoleInfo (RoleInfo.java:updateAndGet(143)) - 51b39504-7a0f-4457-92f3-98ebea21e5f7: start LeaderState
2019-09-25 07:27:08,620 [51b39504-7a0f-4457-92f3-98ebea21e5f7@group-64A4DC6E3FB8:LeaderElection183] INFO  segmented.SegmentedRaftLogWorker (SegmentedRaftLogWorker.java:startLogSegment(380)) - 51b39504-7a0f-4457-92f3-98ebea21e5f7@group-64A4DC6E3FB8-SegmentedRaftLogWorker: Starting segment from index:0
2019-09-25 07:27:08,621 [51b39504-7a0f-4457-92f3-98ebea21e5f7@group-64A4DC6E3FB8:LeaderElection183] INFO  impl.RaftServerImpl (ServerState.java:setRaftConf(354)) - 51b39504-7a0f-4457-92f3-98ebea21e5f7@group-64A4DC6E3FB8: set configuration 0: [51b39504-7a0f-4457-92f3-98ebea21e5f7:192.168.151.106:42082], old=null at 0
2019-09-25 07:27:08,662 [Thread-3066] INFO  impl.FollowerState (FollowerState.java:run(106)) - 51b39504-7a0f-4457-92f3-98ebea21e5f7:group-821EE6C9E51C changes to CANDIDATE, lastRpcTime:5178, electionTimeout:5178ms
2019-09-25 07:27:08,662 [Thread-3066] INFO  impl.RoleInfo (RoleInfo.java:shutdownFollowerState(121)) - 51b39504-7a0f-4457-92f3-98ebea21e5f7: shutdown FollowerState
2019-09-25 07:27:08,662 [Thread-3066] INFO  impl.RaftServerImpl (RaftServerImpl.java:setRole(174)) - 51b39504-7a0f-4457-92f3-98ebea21e5f7@group-821EE6C9E51C: changes role from  FOLLOWER to CANDIDATE at term 0 for changeToCandidate
2019-09-25 07:27:08,663 [Thread-3066] INFO  impl.RoleInfo (RoleInfo.java:updateAndGet(143)) - 51b39504-7a0f-4457-92f3-98ebea21e5f7: start LeaderElection
2019-09-25 07:27:08,677 [51b39504-7a0f-4457-92f3-98ebea21e5f7@group-64A4DC6E3FB8-SegmentedRaftLogWorker] INFO  segmented.SegmentedRaftLogWorker (SegmentedRaftLogWorker.java:execute(569)) - 51b39504-7a0f-4457-92f3-98ebea21e5f7@group-64A4DC6E3FB8-SegmentedRaftLogWorker: created new log segment /workdir/hadoop-ozone/ozonefs/target/test-dir/MiniOzoneClusterImpl-9ed784a4-cad3-4d57-bc40-122284458440/datanode-0/data/ratis/4a5ebb24-325d-4120-a895-64a4dc6e3fb8/current/log_inprogress_0
2019-09-25 07:27:08,677 [Thread-3069] INFO  impl.FollowerState (FollowerState.java:run(106)) - 99d4f85b-b086-4679-bd31-e70102e86432:group-8483F9A29BF1 changes to CANDIDATE, lastRpcTime:5131, electionTimeout:5131ms
2019-09-25 07:27:08,678 [Thread-3069] INFO  impl.RoleInfo (RoleInfo.java:shutdownFollowerState(121)) - 99d4f85b-b086-4679-bd31-e70102e86432: shutdown FollowerState
2019-09-25 07:27:08,678 [Thread-3069] INFO  impl.RaftServerImpl (RaftServerImpl.java:setRole(174)) - 99d4f85b-b086-4679-bd31-e70102e86432@group-8483F9A29BF1: changes role from  FOLLOWER to CANDIDATE at term 0 for changeToCandidate
2019-09-25 07:27:08,678 [Thread-3069] INFO  impl.RoleInfo (RoleInfo.java:updateAndGet(143)) - 99d4f85b-b086-4679-bd31-e70102e86432: start LeaderElection
2019-09-25 07:27:08,699 [99d4f85b-b086-4679-bd31-e70102e86432@group-8483F9A29BF1:LeaderElection185] INFO  impl.LeaderElection (LeaderElection.java:askForVotes(182)) - 99d4f85b-b086-4679-bd31-e70102e86432@group-8483F9A29BF1:LeaderElection185: begin an election at term 1 for -1: [99d4f85b-b086-4679-bd31-e70102e86432:192.168.151.106:43975], old=null
2019-09-25 07:27:08,699 [51b39504-7a0f-4457-92f3-98ebea21e5f7@group-821EE6C9E51C:LeaderElection184] INFO  impl.LeaderElection (LeaderElection.java:askForVotes(182)) - 51b39504-7a0f-4457-92f3-98ebea21e5f7@group-821EE6C9E51C:LeaderElection184: begin an election at term 1 for -1: [51b39504-7a0f-4457-92f3-98ebea21e5f7:192.168.151.106:42082], old=null
2019-09-25 07:27:08,699 [99d4f85b-b086-4679-bd31-e70102e86432@group-8483F9A29BF1:LeaderElection185] INFO  impl.RoleInfo (RoleInfo.java:shutdownLeaderElection(134)) - 99d4f85b-b086-4679-bd31-e70102e86432: shutdown LeaderElection
2019-09-25 07:27:08,699 [51b39504-7a0f-4457-92f3-98ebea21e5f7@group-821EE6C9E51C:LeaderElection184] INFO  impl.RoleInfo (RoleInfo.java:shutdownLeaderElection(134)) - 51b39504-7a0f-4457-92f3-98ebea21e5f7: shutdown LeaderElection
2019-09-25 07:27:08,699 [99d4f85b-b086-4679-bd31-e70102e86432@group-8483F9A29BF1:LeaderElection185] INFO  impl.RaftServerImpl (RaftServerImpl.java:setRole(174)) - 99d4f85b-b086-4679-bd31-e70102e86432@group-8483F9A29BF1: changes role from CANDIDATE to LEADER at term 1 for changeToLeader
2019-09-25 07:27:08,699 [51b39504-7a0f-4457-92f3-98ebea21e5f7@group-821EE6C9E51C:LeaderElection184] INFO  impl.RaftServerImpl (RaftServerImpl.java:setRole(174)) - 51b39504-7a0f-4457-92f3-98ebea21e5f7@group-821EE6C9E51C: changes role from CANDIDATE to LEADER at term 1 for changeToLeader
2019-09-25 07:27:08,700 [99d4f85b-b086-4679-bd31-e70102e86432@group-8483F9A29BF1:LeaderElection185] INFO  impl.RaftServerImpl (ServerState.java:setLeader(253)) - 99d4f85b-b086-4679-bd31-e70102e86432@group-8483F9A29BF1: change Leader from null to 99d4f85b-b086-4679-bd31-e70102e86432 at term 1 for becomeLeader, leader elected after 5162ms
2019-09-25 07:27:08,700 [51b39504-7a0f-4457-92f3-98ebea21e5f7@group-821EE6C9E51C:LeaderElection184] INFO  impl.RaftServerImpl (ServerState.java:setLeader(253)) - 51b39504-7a0f-4457-92f3-98ebea21e5f7@group-821EE6C9E51C: change Leader from null to 51b39504-7a0f-4457-92f3-98ebea21e5f7 at term 1 for becomeLeader, leader elected after 5223ms
2019-09-25 07:27:08,700 [99d4f85b-b086-4679-bd31-e70102e86432@group-8483F9A29BF1:LeaderElection185] INFO  server.RaftServerConfigKeys (ConfUtils.java:logGet(43)) - raft.server.staging.catchup.gap = 1000 (default)
2019-09-25 07:27:08,700 [51b39504-7a0f-4457-92f3-98ebea21e5f7@group-821EE6C9E51C:LeaderElection184] INFO  server.RaftServerConfigKeys (ConfUtils.java:logGet(43)) - raft.server.staging.catchup.gap = 1000 (default)
2019-09-25 07:27:08,700 [99d4f85b-b086-4679-bd31-e70102e86432@group-8483F9A29BF1:LeaderElection185] INFO  server.RaftServerConfigKeys (ConfUtils.java:logGet(43)) - raft.server.rpc.sleep.time = 25ms (default)
2019-09-25 07:27:08,700 [51b39504-7a0f-4457-92f3-98ebea21e5f7@group-821EE6C9E51C:LeaderElection184] INFO  server.RaftServerConfigKeys (ConfUtils.java:logGet(43)) - raft.server.rpc.sleep.time = 25ms (default)
2019-09-25 07:27:08,700 [99d4f85b-b086-4679-bd31-e70102e86432@group-8483F9A29BF1:LeaderElection185] INFO  server.RaftServerConfigKeys (ConfUtils.java:logGet(43)) - raft.server.write.element-limit = 4096 (default)
2019-09-25 07:27:08,701 [51b39504-7a0f-4457-92f3-98ebea21e5f7@group-821EE6C9E51C:LeaderElection184] INFO  server.RaftServerConfigKeys (ConfUtils.java:logGet(43)) - raft.server.write.element-limit = 4096 (default)
2019-09-25 07:27:08,701 [99d4f85b-b086-4679-bd31-e70102e86432@group-8483F9A29BF1:LeaderElection185] INFO  server.RaftServerConfigKeys (ConfUtils.java:logGet(43)) - raft.server.watch.timeout = 10s (default)
2019-09-25 07:27:08,701 [51b39504-7a0f-4457-92f3-98ebea21e5f7@group-821EE6C9E51C:LeaderElection184] INFO  server.RaftServerConfigKeys (ConfUtils.java:logGet(43)) - raft.server.watch.timeout = 10s (default)
2019-09-25 07:27:08,701 [99d4f85b-b086-4679-bd31-e70102e86432@group-8483F9A29BF1:LeaderElection185] INFO  server.RaftServerConfigKeys (ConfUtils.java:logGet(43)) - raft.server.watch.timeout.denomination = 1s (default)
2019-09-25 07:27:08,701 [51b39504-7a0f-4457-92f3-98ebea21e5f7@group-821EE6C9E51C:LeaderElection184] INFO  server.RaftServerConfigKeys (ConfUtils.java:logGet(43)) - raft.server.watch.timeout.denomination = 1s (default)
2019-09-25 07:27:08,701 [99d4f85b-b086-4679-bd31-e70102e86432@group-8483F9A29BF1:LeaderElection185] INFO  server.RaftServerConfigKeys (ConfUtils.java:logGet(43)) - raft.server.watch.element-limit = 65536 (default)
2019-09-25 07:27:08,701 [51b39504-7a0f-4457-92f3-98ebea21e5f7@group-821EE6C9E51C:LeaderElection184] INFO  server.RaftServerConfigKeys (ConfUtils.java:logGet(43)) - raft.server.watch.element-limit = 65536 (default)
2019-09-25 07:27:08,704 [99d4f85b-b086-4679-bd31-e70102e86432@group-8483F9A29BF1:LeaderElection185] INFO  impl.RoleInfo (RoleInfo.java:updateAndGet(143)) - 99d4f85b-b086-4679-bd31-e70102e86432: start LeaderState
2019-09-25 07:27:08,705 [51b39504-7a0f-4457-92f3-98ebea21e5f7@group-821EE6C9E51C:LeaderElection184] INFO  impl.RoleInfo (RoleInfo.java:updateAndGet(143)) - 51b39504-7a0f-4457-92f3-98ebea21e5f7: start LeaderState
2019-09-25 07:27:08,705 [99d4f85b-b086-4679-bd31-e70102e86432@group-8483F9A29BF1:LeaderElection185] INFO  segmented.SegmentedRaftLogWorker (SegmentedRaftLogWorker.java:startLogSegment(380)) - 99d4f85b-b086-4679-bd31-e70102e86432@group-8483F9A29BF1-SegmentedRaftLogWorker: Starting segment from index:0
2019-09-25 07:27:08,705 [51b39504-7a0f-4457-92f3-98ebea21e5f7@group-821EE6C9E51C:LeaderElection184] INFO  segmented.SegmentedRaftLogWorker (SegmentedRaftLogWorker.java:startLogSegment(380)) - 51b39504-7a0f-4457-92f3-98ebea21e5f7@group-821EE6C9E51C-SegmentedRaftLogWorker: Starting segment from index:0
2019-09-25 07:27:08,705 [99d4f85b-b086-4679-bd31-e70102e86432@group-8483F9A29BF1:LeaderElection185] INFO  impl.RaftServerImpl (ServerState.java:setRaftConf(354)) - 99d4f85b-b086-4679-bd31-e70102e86432@group-8483F9A29BF1: set configuration 0: [99d4f85b-b086-4679-bd31-e70102e86432:192.168.151.106:43975], old=null at 0
2019-09-25 07:27:08,705 [51b39504-7a0f-4457-92f3-98ebea21e5f7@group-821EE6C9E51C:LeaderElection184] INFO  impl.RaftServerImpl (ServerState.java:setRaftConf(354)) - 51b39504-7a0f-4457-92f3-98ebea21e5f7@group-821EE6C9E51C: set configuration 0: [51b39504-7a0f-4457-92f3-98ebea21e5f7:192.168.151.106:42082], old=null at 0
2019-09-25 07:27:08,753 [51b39504-7a0f-4457-92f3-98ebea21e5f7@group-821EE6C9E51C-SegmentedRaftLogWorker] INFO  segmented.SegmentedRaftLogWorker (SegmentedRaftLogWorker.java:execute(569)) - 51b39504-7a0f-4457-92f3-98ebea21e5f7@group-821EE6C9E51C-SegmentedRaftLogWorker: created new log segment /workdir/hadoop-ozone/ozonefs/target/test-dir/MiniOzoneClusterImpl-9ed784a4-cad3-4d57-bc40-122284458440/datanode-0/data/ratis/1414eb91-f347-4673-a15c-821ee6c9e51c/current/log_inprogress_0
2019-09-25 07:27:08,753 [99d4f85b-b086-4679-bd31-e70102e86432@group-8483F9A29BF1-SegmentedRaftLogWorker] INFO  segmented.SegmentedRaftLogWorker (SegmentedRaftLogWorker.java:execute(569)) - 99d4f85b-b086-4679-bd31-e70102e86432@group-8483F9A29BF1-SegmentedRaftLogWorker: created new log segment /workdir/hadoop-ozone/ozonefs/target/test-dir/MiniOzoneClusterImpl-9ed784a4-cad3-4d57-bc40-122284458440/datanode-1/data/ratis/a9f45470-79fb-4625-9b22-8483f9a29bf1/current/log_inprogress_0
2019-09-25 07:27:08,868 [Thread-3077] INFO  impl.FollowerState (FollowerState.java:run(106)) - 99d4f85b-b086-4679-bd31-e70102e86432:group-4CB54DAAF739 changes to CANDIDATE, lastRpcTime:5194, electionTimeout:5194ms
2019-09-25 07:27:08,868 [Thread-3077] INFO  impl.RoleInfo (RoleInfo.java:shutdownFollowerState(121)) - 99d4f85b-b086-4679-bd31-e70102e86432: shutdown FollowerState
2019-09-25 07:27:08,868 [Thread-3077] INFO  impl.RaftServerImpl (RaftServerImpl.java:setRole(174)) - 99d4f85b-b086-4679-bd31-e70102e86432@group-4CB54DAAF739: changes role from  FOLLOWER to CANDIDATE at term 0 for changeToCandidate
2019-09-25 07:27:08,868 [Thread-3077] INFO  impl.RoleInfo (RoleInfo.java:updateAndGet(143)) - 99d4f85b-b086-4679-bd31-e70102e86432: start LeaderElection
2019-09-25 07:27:08,885 [Thread-3084] INFO  impl.FollowerState (FollowerState.java:run(106)) - 99d4f85b-b086-4679-bd31-e70102e86432:group-7AE34BBE9FA0 changes to CANDIDATE, lastRpcTime:5104, electionTimeout:5104ms
2019-09-25 07:27:08,885 [Thread-3084] INFO  impl.RoleInfo (RoleInfo.java:shutdownFollowerState(121)) - 99d4f85b-b086-4679-bd31-e70102e86432: shutdown FollowerState
2019-09-25 07:27:08,885 [Thread-3084] INFO  impl.RaftServerImpl (RaftServerImpl.java:setRole(174)) - 99d4f85b-b086-4679-bd31-e70102e86432@group-7AE34BBE9FA0: changes role from  FOLLOWER to CANDIDATE at term 0 for changeToCandidate
2019-09-25 07:27:08,886 [Thread-3084] INFO  impl.RoleInfo (RoleInfo.java:updateAndGet(143)) - 99d4f85b-b086-4679-bd31-e70102e86432: start LeaderElection
2019-09-25 07:27:08,920 [Thread-3081] INFO  impl.FollowerState (FollowerState.java:run(106)) - 21837d35-6fee-45df-90a1-45cbd93f8221:group-D85464BAA862 changes to CANDIDATE, lastRpcTime:5192, electionTimeout:5192ms
2019-09-25 07:27:08,920 [Thread-3081] INFO  impl.RoleInfo (RoleInfo.java:shutdownFollowerState(121)) - 21837d35-6fee-45df-90a1-45cbd93f8221: shutdown FollowerState
2019-09-25 07:27:08,920 [Thread-3081] INFO  impl.RaftServerImpl (RaftServerImpl.java:setRole(174)) - 21837d35-6fee-45df-90a1-45cbd93f8221@group-D85464BAA862: changes role from  FOLLOWER to CANDIDATE at term 0 for changeToCandidate
2019-09-25 07:27:08,920 [Thread-3081] INFO  impl.RoleInfo (RoleInfo.java:updateAndGet(143)) - 21837d35-6fee-45df-90a1-45cbd93f8221: start LeaderElection
2019-09-25 07:27:08,938 [Thread-3093] INFO  impl.FollowerState (FollowerState.java:run(106)) - 99d4f85b-b086-4679-bd31-e70102e86432:group-AB51FAFEFD90 changes to CANDIDATE, lastRpcTime:5018, electionTimeout:5018ms
2019-09-25 07:27:08,938 [Thread-3093] INFO  impl.RoleInfo (RoleInfo.java:shutdownFollowerState(121)) - 99d4f85b-b086-4679-bd31-e70102e86432: shutdown FollowerState
2019-09-25 07:27:08,938 [Thread-3093] INFO  impl.RaftServerImpl (RaftServerImpl.java:setRole(174)) - 99d4f85b-b086-4679-bd31-e70102e86432@group-AB51FAFEFD90: changes role from  FOLLOWER to CANDIDATE at term 0 for changeToCandidate
2019-09-25 07:27:08,938 [Thread-3093] INFO  impl.RoleInfo (RoleInfo.java:updateAndGet(143)) - 99d4f85b-b086-4679-bd31-e70102e86432: start LeaderElection
2019-09-25 07:27:09,013 [Thread-3087] INFO  impl.FollowerState (FollowerState.java:run(106)) - 51b39504-7a0f-4457-92f3-98ebea21e5f7:group-26C72AA1766C changes to CANDIDATE, lastRpcTime:5191, electionTimeout:5191ms
2019-09-25 07:27:09,014 [Thread-3087] INFO  impl.RoleInfo (RoleInfo.java:shutdownFollowerState(121)) - 51b39504-7a0f-4457-92f3-98ebea21e5f7: shutdown FollowerState
2019-09-25 07:27:09,014 [Thread-3087] INFO  impl.RaftServerImpl (RaftServerImpl.java:setRole(174)) - 51b39504-7a0f-4457-92f3-98ebea21e5f7@group-26C72AA1766C: changes role from  FOLLOWER to CANDIDATE at term 0 for changeToCandidate
2019-09-25 07:27:09,014 [Thread-3087] INFO  impl.RoleInfo (RoleInfo.java:updateAndGet(143)) - 51b39504-7a0f-4457-92f3-98ebea21e5f7: start LeaderElection
2019-09-25 07:27:09,054 [Thread-3090] INFO  impl.FollowerState (FollowerState.java:run(106)) - 99d4f85b-b086-4679-bd31-e70102e86432:group-6135575B23D6 changes to CANDIDATE, lastRpcTime:5188, electionTimeout:5188ms
2019-09-25 07:27:09,054 [Thread-3090] INFO  impl.RoleInfo (RoleInfo.java:shutdownFollowerState(121)) - 99d4f85b-b086-4679-bd31-e70102e86432: shutdown FollowerState
2019-09-25 07:27:09,054 [Thread-3090] INFO  impl.RaftServerImpl (RaftServerImpl.java:setRole(174)) - 99d4f85b-b086-4679-bd31-e70102e86432@group-6135575B23D6: changes role from  FOLLOWER to CANDIDATE at term 0 for changeToCandidate
2019-09-25 07:27:09,054 [Thread-3090] INFO  impl.RoleInfo (RoleInfo.java:updateAndGet(143)) - 99d4f85b-b086-4679-bd31-e70102e86432: start LeaderElection
2019-09-25 07:27:09,057 [Thread-3096] INFO  impl.FollowerState (FollowerState.java:run(106)) - 99d4f85b-b086-4679-bd31-e70102e86432:group-65B013ED8493 changes to CANDIDATE, lastRpcTime:5096, electionTimeout:5095ms
2019-09-25 07:27:09,057 [Thread-3096] INFO  impl.RoleInfo (RoleInfo.java:shutdownFollowerState(121)) - 99d4f85b-b086-4679-bd31-e70102e86432: shutdown FollowerState
2019-09-25 07:27:09,057 [Thread-3096] INFO  impl.RaftServerImpl (RaftServerImpl.java:setRole(174)) - 99d4f85b-b086-4679-bd31-e70102e86432@group-65B013ED8493: changes role from  FOLLOWER to CANDIDATE at term 0 for changeToCandidate
2019-09-25 07:27:09,057 [Thread-3096] INFO  impl.RoleInfo (RoleInfo.java:updateAndGet(143)) - 99d4f85b-b086-4679-bd31-e70102e86432: start LeaderElection
2019-09-25 07:27:09,101 [Thread-3099] INFO  impl.FollowerState (FollowerState.java:run(106)) - 51b39504-7a0f-4457-92f3-98ebea21e5f7:group-B2FE594843A6 changes to CANDIDATE, lastRpcTime:5097, electionTimeout:5097ms
2019-09-25 07:27:09,101 [Thread-3099] INFO  impl.RoleInfo (RoleInfo.java:shutdownFollowerState(121)) - 51b39504-7a0f-4457-92f3-98ebea21e5f7: shutdown FollowerState
2019-09-25 07:27:09,101 [Thread-3099] INFO  impl.RaftServerImpl (RaftServerImpl.java:setRole(174)) - 51b39504-7a0f-4457-92f3-98ebea21e5f7@group-B2FE594843A6: changes role from  FOLLOWER to CANDIDATE at term 0 for changeToCandidate
2019-09-25 07:27:09,102 [Thread-3099] INFO  impl.RoleInfo (RoleInfo.java:updateAndGet(143)) - 51b39504-7a0f-4457-92f3-98ebea21e5f7: start LeaderElection
2019-09-25 07:27:09,136 [99d4f85b-b086-4679-bd31-e70102e86432@group-7AE34BBE9FA0:LeaderElection187] INFO  impl.LeaderElection (LeaderElection.java:askForVotes(182)) - 99d4f85b-b086-4679-bd31-e70102e86432@group-7AE34BBE9FA0:LeaderElection187: begin an election at term 1 for -1: [99d4f85b-b086-4679-bd31-e70102e86432:192.168.151.106:43975], old=null
2019-09-25 07:27:09,136 [99d4f85b-b086-4679-bd31-e70102e86432@group-4CB54DAAF739:LeaderElection186] INFO  impl.LeaderElection (LeaderElection.java:askForVotes(182)) - 99d4f85b-b086-4679-bd31-e70102e86432@group-4CB54DAAF739:LeaderElection186: begin an election at term 1 for -1: [99d4f85b-b086-4679-bd31-e70102e86432:192.168.151.106:43975], old=null
2019-09-25 07:27:09,136 [99d4f85b-b086-4679-bd31-e70102e86432@group-7AE34BBE9FA0:LeaderElection187] INFO  impl.RoleInfo (RoleInfo.java:shutdownLeaderElection(134)) - 99d4f85b-b086-4679-bd31-e70102e86432: shutdown LeaderElection
2019-09-25 07:27:09,136 [99d4f85b-b086-4679-bd31-e70102e86432@group-4CB54DAAF739:LeaderElection186] INFO  impl.RoleInfo (RoleInfo.java:shutdownLeaderElection(134)) - 99d4f85b-b086-4679-bd31-e70102e86432: shutdown LeaderElection
2019-09-25 07:27:09,136 [99d4f85b-b086-4679-bd31-e70102e86432@group-7AE34BBE9FA0:LeaderElection187] INFO  impl.RaftServerImpl (RaftServerImpl.java:setRole(174)) - 99d4f85b-b086-4679-bd31-e70102e86432@group-7AE34BBE9FA0: changes role from CANDIDATE to LEADER at term 1 for changeToLeader
2019-09-25 07:27:09,136 [99d4f85b-b086-4679-bd31-e70102e86432@group-4CB54DAAF739:LeaderElection186] INFO  impl.RaftServerImpl (RaftServerImpl.java:setRole(174)) - 99d4f85b-b086-4679-bd31-e70102e86432@group-4CB54DAAF739: changes role from CANDIDATE to LEADER at term 1 for changeToLeader
2019-09-25 07:27:09,136 [99d4f85b-b086-4679-bd31-e70102e86432@group-7AE34BBE9FA0:LeaderElection187] INFO  impl.RaftServerImpl (ServerState.java:setLeader(253)) - 99d4f85b-b086-4679-bd31-e70102e86432@group-7AE34BBE9FA0: change Leader from null to 99d4f85b-b086-4679-bd31-e70102e86432 at term 1 for becomeLeader, leader elected after 5360ms
2019-09-25 07:27:09,136 [99d4f85b-b086-4679-bd31-e70102e86432@group-4CB54DAAF739:LeaderElection186] INFO  impl.RaftServerImpl (ServerState.java:setLeader(253)) - 99d4f85b-b086-4679-bd31-e70102e86432@group-4CB54DAAF739: change Leader from null to 99d4f85b-b086-4679-bd31-e70102e86432 at term 1 for becomeLeader, leader elected after 5496ms
2019-09-25 07:27:09,136 [99d4f85b-b086-4679-bd31-e70102e86432@group-7AE34BBE9FA0:LeaderElection187] INFO  server.RaftServerConfigKeys (ConfUtils.java:logGet(43)) - raft.server.staging.catchup.gap = 1000 (default)
2019-09-25 07:27:09,137 [99d4f85b-b086-4679-bd31-e70102e86432@group-4CB54DAAF739:LeaderElection186] INFO  server.RaftServerConfigKeys (ConfUtils.java:logGet(43)) - raft.server.staging.catchup.gap = 1000 (default)
2019-09-25 07:27:09,137 [99d4f85b-b086-4679-bd31-e70102e86432@group-7AE34BBE9FA0:LeaderElection187] INFO  server.RaftServerConfigKeys (ConfUtils.java:logGet(43)) - raft.server.rpc.sleep.time = 25ms (default)
2019-09-25 07:27:09,137 [99d4f85b-b086-4679-bd31-e70102e86432@group-4CB54DAAF739:LeaderElection186] INFO  server.RaftServerConfigKeys (ConfUtils.java:logGet(43)) - raft.server.rpc.sleep.time = 25ms (default)
2019-09-25 07:27:09,137 [99d4f85b-b086-4679-bd31-e70102e86432@group-7AE34BBE9FA0:LeaderElection187] INFO  server.RaftServerConfigKeys (ConfUtils.java:logGet(43)) - raft.server.write.element-limit = 4096 (default)
2019-09-25 07:27:09,137 [99d4f85b-b086-4679-bd31-e70102e86432@group-4CB54DAAF739:LeaderElection186] INFO  server.RaftServerConfigKeys (ConfUtils.java:logGet(43)) - raft.server.write.element-limit = 4096 (default)
2019-09-25 07:27:09,137 [99d4f85b-b086-4679-bd31-e70102e86432@group-7AE34BBE9FA0:LeaderElection187] INFO  server.RaftServerConfigKeys (ConfUtils.java:logGet(43)) - raft.server.watch.timeout = 10s (default)
2019-09-25 07:27:09,137 [99d4f85b-b086-4679-bd31-e70102e86432@group-4CB54DAAF739:LeaderElection186] INFO  server.RaftServerConfigKeys (ConfUtils.java:logGet(43)) - raft.server.watch.timeout = 10s (default)
2019-09-25 07:27:09,137 [99d4f85b-b086-4679-bd31-e70102e86432@group-7AE34BBE9FA0:LeaderElection187] INFO  server.RaftServerConfigKeys (ConfUtils.java:logGet(43)) - raft.server.watch.timeout.denomination = 1s (default)
2019-09-25 07:27:09,138 [99d4f85b-b086-4679-bd31-e70102e86432@group-4CB54DAAF739:LeaderElection186] INFO  server.RaftServerConfigKeys (ConfUtils.java:logGet(43)) - raft.server.watch.timeout.denomination = 1s (default)
2019-09-25 07:27:09,138 [99d4f85b-b086-4679-bd31-e70102e86432@group-7AE34BBE9FA0:LeaderElection187] INFO  server.RaftServerConfigKeys (ConfUtils.java:logGet(43)) - raft.server.watch.element-limit = 65536 (default)
2019-09-25 07:27:09,138 [99d4f85b-b086-4679-bd31-e70102e86432@group-4CB54DAAF739:LeaderElection186] INFO  server.RaftServerConfigKeys (ConfUtils.java:logGet(43)) - raft.server.watch.element-limit = 65536 (default)
2019-09-25 07:27:09,140 [99d4f85b-b086-4679-bd31-e70102e86432@group-7AE34BBE9FA0:LeaderElection187] INFO  impl.RoleInfo (RoleInfo.java:updateAndGet(143)) - 99d4f85b-b086-4679-bd31-e70102e86432: start LeaderState
2019-09-25 07:27:09,140 [99d4f85b-b086-4679-bd31-e70102e86432@group-4CB54DAAF739:LeaderElection186] INFO  impl.RoleInfo (RoleInfo.java:updateAndGet(143)) - 99d4f85b-b086-4679-bd31-e70102e86432: start LeaderState
2019-09-25 07:27:09,140 [99d4f85b-b086-4679-bd31-e70102e86432@group-7AE34BBE9FA0:LeaderElection187] INFO  segmented.SegmentedRaftLogWorker (SegmentedRaftLogWorker.java:startLogSegment(380)) - 99d4f85b-b086-4679-bd31-e70102e86432@group-7AE34BBE9FA0-SegmentedRaftLogWorker: Starting segment from index:0
2019-09-25 07:27:09,140 [99d4f85b-b086-4679-bd31-e70102e86432@group-4CB54DAAF739:LeaderElection186] INFO  segmented.SegmentedRaftLogWorker (SegmentedRaftLogWorker.java:startLogSegment(380)) - 99d4f85b-b086-4679-bd31-e70102e86432@group-4CB54DAAF739-SegmentedRaftLogWorker: Starting segment from index:0
2019-09-25 07:27:09,141 [99d4f85b-b086-4679-bd31-e70102e86432@group-7AE34BBE9FA0:LeaderElection187] INFO  impl.RaftServerImpl (ServerState.java:setRaftConf(354)) - 99d4f85b-b086-4679-bd31-e70102e86432@group-7AE34BBE9FA0: set configuration 0: [99d4f85b-b086-4679-bd31-e70102e86432:192.168.151.106:43975], old=null at 0
2019-09-25 07:27:09,141 [99d4f85b-b086-4679-bd31-e70102e86432@group-4CB54DAAF739:LeaderElection186] INFO  impl.RaftServerImpl (ServerState.java:setRaftConf(354)) - 99d4f85b-b086-4679-bd31-e70102e86432@group-4CB54DAAF739: set configuration 0: [99d4f85b-b086-4679-bd31-e70102e86432:192.168.151.106:43975], old=null at 0
2019-09-25 07:27:09,144 [Thread-3105] INFO  impl.FollowerState (FollowerState.java:run(106)) - 51b39504-7a0f-4457-92f3-98ebea21e5f7:group-B7D109A0C428 changes to CANDIDATE, lastRpcTime:5059, electionTimeout:5059ms
2019-09-25 07:27:09,144 [Thread-3105] INFO  impl.RoleInfo (RoleInfo.java:shutdownFollowerState(121)) - 51b39504-7a0f-4457-92f3-98ebea21e5f7: shutdown FollowerState
2019-09-25 07:27:09,144 [Thread-3105] INFO  impl.RaftServerImpl (RaftServerImpl.java:setRole(174)) - 51b39504-7a0f-4457-92f3-98ebea21e5f7@group-B7D109A0C428: changes role from  FOLLOWER to CANDIDATE at term 0 for changeToCandidate
2019-09-25 07:27:09,144 [Thread-3105] INFO  impl.RoleInfo (RoleInfo.java:updateAndGet(143)) - 51b39504-7a0f-4457-92f3-98ebea21e5f7: start LeaderElection
2019-09-25 07:27:09,200 [Thread-3102] INFO  impl.FollowerState (FollowerState.java:run(106)) - 51b39504-7a0f-4457-92f3-98ebea21e5f7:group-10BE2A9545C5 changes to CANDIDATE, lastRpcTime:5156, electionTimeout:5156ms
2019-09-25 07:27:09,201 [Thread-3102] INFO  impl.RoleInfo (RoleInfo.java:shutdownFollowerState(121)) - 51b39504-7a0f-4457-92f3-98ebea21e5f7: shutdown FollowerState
2019-09-25 07:27:09,201 [Thread-3102] INFO  impl.RaftServerImpl (RaftServerImpl.java:setRole(174)) - 51b39504-7a0f-4457-92f3-98ebea21e5f7@group-10BE2A9545C5: changes role from  FOLLOWER to CANDIDATE at term 0 for changeToCandidate
2019-09-25 07:27:09,201 [Thread-3102] INFO  impl.RoleInfo (RoleInfo.java:updateAndGet(143)) - 51b39504-7a0f-4457-92f3-98ebea21e5f7: start LeaderElection
2019-09-25 07:27:09,253 [Thread-3111] INFO  impl.FollowerState (FollowerState.java:run(106)) - 21837d35-6fee-45df-90a1-45cbd93f8221:group-BB52FB927AC4 changes to CANDIDATE, lastRpcTime:5079, electionTimeout:5079ms
2019-09-25 07:27:09,253 [Thread-3111] INFO  impl.RoleInfo (RoleInfo.java:shutdownFollowerState(121)) - 21837d35-6fee-45df-90a1-45cbd93f8221: shutdown FollowerState
2019-09-25 07:27:09,253 [Thread-3111] INFO  impl.RaftServerImpl (RaftServerImpl.java:setRole(174)) - 21837d35-6fee-45df-90a1-45cbd93f8221@group-BB52FB927AC4: changes role from  FOLLOWER to CANDIDATE at term 0 for changeToCandidate
2019-09-25 07:27:09,253 [Thread-3111] INFO  impl.RoleInfo (RoleInfo.java:updateAndGet(143)) - 21837d35-6fee-45df-90a1-45cbd93f8221: start LeaderElection
2019-09-25 07:27:09,297 [Thread-3114] INFO  impl.FollowerState (FollowerState.java:run(106)) - 21837d35-6fee-45df-90a1-45cbd93f8221:group-697B11EBF445 changes to CANDIDATE, lastRpcTime:5081, electionTimeout:5081ms
2019-09-25 07:27:09,297 [Thread-3114] INFO  impl.RoleInfo (RoleInfo.java:shutdownFollowerState(121)) - 21837d35-6fee-45df-90a1-45cbd93f8221: shutdown FollowerState
2019-09-25 07:27:09,297 [Thread-3114] INFO  impl.RaftServerImpl (RaftServerImpl.java:setRole(174)) - 21837d35-6fee-45df-90a1-45cbd93f8221@group-697B11EBF445: changes role from  FOLLOWER to CANDIDATE at term 0 for changeToCandidate
2019-09-25 07:27:09,297 [Thread-3114] INFO  impl.RoleInfo (RoleInfo.java:updateAndGet(143)) - 21837d35-6fee-45df-90a1-45cbd93f8221: start LeaderElection
2019-09-25 07:27:09,308 [Thread-3108] INFO  impl.FollowerState (FollowerState.java:run(106)) - 21837d35-6fee-45df-90a1-45cbd93f8221:group-123A74154292 changes to CANDIDATE, lastRpcTime:5179, electionTimeout:5179ms
2019-09-25 07:27:09,309 [Thread-3108] INFO  impl.RoleInfo (RoleInfo.java:shutdownFollowerState(121)) - 21837d35-6fee-45df-90a1-45cbd93f8221: shutdown FollowerState
2019-09-25 07:27:09,309 [Thread-3108] INFO  impl.RaftServerImpl (RaftServerImpl.java:setRole(174)) - 21837d35-6fee-45df-90a1-45cbd93f8221@group-123A74154292: changes role from  FOLLOWER to CANDIDATE at term 0 for changeToCandidate
2019-09-25 07:27:09,309 [Thread-3108] INFO  impl.RoleInfo (RoleInfo.java:updateAndGet(143)) - 21837d35-6fee-45df-90a1-45cbd93f8221: start LeaderElection
2019-09-25 07:27:09,334 [main] INFO  ozoneimpl.OzoneContainer (OzoneContainer.java:stop(231)) - Attempting to stop container services.
2019-09-25 07:27:09,334 [ForkJoinPool.commonPool-worker-0] INFO  ozoneimpl.OzoneContainer (OzoneContainer.java:stop(231)) - Attempting to stop container services.
2019-09-25 07:27:09,334 [main] INFO  impl.RaftServerProxy (RaftServerProxy.java:lambda$close$4(314)) - 99d4f85b-b086-4679-bd31-e70102e86432: close
2019-09-25 07:27:09,335 [ForkJoinPool.commonPool-worker-0] INFO  impl.RaftServerProxy (RaftServerProxy.java:lambda$close$4(314)) - 51b39504-7a0f-4457-92f3-98ebea21e5f7: close
2019-09-25 07:27:09,335 [main] INFO  impl.RaftServerImpl (RaftServerImpl.java:lambda$shutdown$3(251)) - 99d4f85b-b086-4679-bd31-e70102e86432@group-AB51FAFEFD90: shutdown
2019-09-25 07:27:09,335 [ForkJoinPool.commonPool-worker-0] INFO  impl.RaftServerImpl (RaftServerImpl.java:lambda$shutdown$3(251)) - 51b39504-7a0f-4457-92f3-98ebea21e5f7@group-821EE6C9E51C: shutdown
2019-09-25 07:27:09,335 [main] INFO  util.JmxRegister (JmxRegister.java:unregister(73)) - Successfully un-registered JMX Bean with object name Ratis:service=RaftServer,group=group-AB51FAFEFD90,id=99d4f85b-b086-4679-bd31-e70102e86432
2019-09-25 07:27:09,336 [ForkJoinPool.commonPool-worker-0] INFO  util.JmxRegister (JmxRegister.java:unregister(73)) - Successfully un-registered JMX Bean with object name Ratis:service=RaftServer,group=group-821EE6C9E51C,id=51b39504-7a0f-4457-92f3-98ebea21e5f7
2019-09-25 07:27:09,336 [main] INFO  impl.RoleInfo (RoleInfo.java:shutdownLeaderElection(134)) - 99d4f85b-b086-4679-bd31-e70102e86432: shutdown LeaderElection
2019-09-25 07:27:09,336 [ForkJoinPool.commonPool-worker-0] INFO  impl.RoleInfo (RoleInfo.java:shutdownLeaderState(104)) - 51b39504-7a0f-4457-92f3-98ebea21e5f7: shutdown LeaderState
2019-09-25 07:27:09,337 [main] INFO  impl.StateMachineUpdater (StateMachineUpdater.java:stopAndJoin(125)) - 99d4f85b-b086-4679-bd31-e70102e86432@group-AB51FAFEFD90-StateMachineUpdater: set stopIndex = -1
2019-09-25 07:27:09,337 [ForkJoinPool.commonPool-worker-0] INFO  impl.PendingRequests (PendingRequests.java:sendNotLeaderResponses(202)) - 51b39504-7a0f-4457-92f3-98ebea21e5f7-PendingRequests: sendNotLeaderResponses
2019-09-25 07:27:09,337 [main] INFO  impl.RaftServerImpl (ServerState.java:close(385)) - 99d4f85b-b086-4679-bd31-e70102e86432@group-AB51FAFEFD90: closes. applyIndex: -1
2019-09-25 07:27:09,338 [ForkJoinPool.commonPool-worker-0] INFO  impl.StateMachineUpdater (StateMachineUpdater.java:stopAndJoin(125)) - 51b39504-7a0f-4457-92f3-98ebea21e5f7@group-821EE6C9E51C-StateMachineUpdater: set stopIndex = 0
2019-09-25 07:27:09,338 [99d4f85b-b086-4679-bd31-e70102e86432@group-AB51FAFEFD90-SegmentedRaftLogWorker] INFO  segmented.SegmentedRaftLogWorker (SegmentedRaftLogWorker.java:run(313)) - 99d4f85b-b086-4679-bd31-e70102e86432@group-AB51FAFEFD90-SegmentedRaftLogWorker was interrupted, exiting. There are 0 tasks remaining in the queue.
2019-09-25 07:27:09,338 [ForkJoinPool.commonPool-worker-0] INFO  impl.RaftServerImpl (ServerState.java:close(385)) - 51b39504-7a0f-4457-92f3-98ebea21e5f7@group-821EE6C9E51C: closes. applyIndex: 0
2019-09-25 07:27:09,339 [main] INFO  segmented.SegmentedRaftLogWorker (SegmentedRaftLogWorker.java:close(228)) - 99d4f85b-b086-4679-bd31-e70102e86432@group-AB51FAFEFD90-SegmentedRaftLogWorker close()
2019-09-25 07:27:09,339 [51b39504-7a0f-4457-92f3-98ebea21e5f7@group-821EE6C9E51C-SegmentedRaftLogWorker] INFO  segmented.SegmentedRaftLogWorker (SegmentedRaftLogWorker.java:run(313)) - 51b39504-7a0f-4457-92f3-98ebea21e5f7@group-821EE6C9E51C-SegmentedRaftLogWorker was interrupted, exiting. There are 0 tasks remaining in the queue.
2019-09-25 07:27:09,342 [Thread-3117] INFO  impl.FollowerState (FollowerState.java:run(106)) - 21837d35-6fee-45df-90a1-45cbd93f8221:group-BFB3CEA3D620 changes to CANDIDATE, lastRpcTime:5089, electionTimeout:5089ms
2019-09-25 07:27:09,342 [main] INFO  impl.RaftServerImpl (RaftServerImpl.java:lambda$shutdown$3(251)) - 99d4f85b-b086-4679-bd31-e70102e86432@group-65B013ED8493: shutdown
2019-09-25 07:27:09,342 [main] INFO  util.JmxRegister (JmxRegister.java:unregister(73)) - Successfully un-registered JMX Bean with object name Ratis:service=RaftServer,group=group-65B013ED8493,id=99d4f85b-b086-4679-bd31-e70102e86432
2019-09-25 07:27:09,342 [ForkJoinPool.commonPool-worker-0] INFO  segmented.SegmentedRaftLogWorker (SegmentedRaftLogWorker.java:close(228)) - 51b39504-7a0f-4457-92f3-98ebea21e5f7@group-821EE6C9E51C-SegmentedRaftLogWorker close()
2019-09-25 07:27:09,342 [Thread-3117] INFO  impl.RoleInfo (RoleInfo.java:shutdownFollowerState(121)) - 21837d35-6fee-45df-90a1-45cbd93f8221: shutdown FollowerState
2019-09-25 07:27:09,343 [main] INFO  impl.RoleInfo (RoleInfo.java:shutdownLeaderElection(134)) - 99d4f85b-b086-4679-bd31-e70102e86432: shutdown LeaderElection
2019-09-25 07:27:09,345 [ForkJoinPool.commonPool-worker-0] INFO  impl.RaftServerImpl (RaftServerImpl.java:lambda$shutdown$3(251)) - 51b39504-7a0f-4457-92f3-98ebea21e5f7@group-B7D109A0C428: shutdown
2019-09-25 07:27:09,345 [Thread-3117] INFO  impl.RaftServerImpl (RaftServerImpl.java:setRole(174)) - 21837d35-6fee-45df-90a1-45cbd93f8221@group-BFB3CEA3D620: changes role from  FOLLOWER to CANDIDATE at term 0 for changeToCandidate
2019-09-25 07:27:09,346 [ForkJoinPool.commonPool-worker-0] INFO  util.JmxRegister (JmxRegister.java:unregister(73)) - Successfully un-registered JMX Bean with object name Ratis:service=RaftServer,group=group-B7D109A0C428,id=51b39504-7a0f-4457-92f3-98ebea21e5f7
2019-09-25 07:27:09,346 [ForkJoinPool.commonPool-worker-0] INFO  impl.RoleInfo (RoleInfo.java:shutdownLeaderElection(134)) - 51b39504-7a0f-4457-92f3-98ebea21e5f7: shutdown LeaderElection
2019-09-25 07:27:09,346 [main] INFO  impl.StateMachineUpdater (StateMachineUpdater.java:stopAndJoin(125)) - 99d4f85b-b086-4679-bd31-e70102e86432@group-65B013ED8493-StateMachineUpdater: set stopIndex = -1
2019-09-25 07:27:09,347 [main] INFO  impl.RaftServerImpl (ServerState.java:close(385)) - 99d4f85b-b086-4679-bd31-e70102e86432@group-65B013ED8493: closes. applyIndex: -1
2019-09-25 07:27:09,347 [ForkJoinPool.commonPool-worker-0] INFO  impl.StateMachineUpdater (StateMachineUpdater.java:stopAndJoin(125)) - 51b39504-7a0f-4457-92f3-98ebea21e5f7@group-B7D109A0C428-StateMachineUpdater: set stopIndex = -1
2019-09-25 07:27:09,348 [ForkJoinPool.commonPool-worker-0] INFO  impl.RaftServerImpl (ServerState.java:close(385)) - 51b39504-7a0f-4457-92f3-98ebea21e5f7@group-B7D109A0C428: closes. applyIndex: -1
2019-09-25 07:27:09,346 [Thread-3117] INFO  impl.RoleInfo (RoleInfo.java:updateAndGet(143)) - 21837d35-6fee-45df-90a1-45cbd93f8221: start LeaderElection
2019-09-25 07:27:09,348 [51b39504-7a0f-4457-92f3-98ebea21e5f7@group-B7D109A0C428-SegmentedRaftLogWorker] INFO  segmented.SegmentedRaftLogWorker (SegmentedRaftLogWorker.java:run(313)) - 51b39504-7a0f-4457-92f3-98ebea21e5f7@group-B7D109A0C428-SegmentedRaftLogWorker was interrupted, exiting. There are 0 tasks remaining in the queue.
2019-09-25 07:27:09,347 [99d4f85b-b086-4679-bd31-e70102e86432@group-65B013ED8493-SegmentedRaftLogWorker] INFO  segmented.SegmentedRaftLogWorker (SegmentedRaftLogWorker.java:run(313)) - 99d4f85b-b086-4679-bd31-e70102e86432@group-65B013ED8493-SegmentedRaftLogWorker was interrupted, exiting. There are 0 tasks remaining in the queue.
2019-09-25 07:27:09,348 [ForkJoinPool.commonPool-worker-0] INFO  segmented.SegmentedRaftLogWorker (SegmentedRaftLogWorker.java:close(228)) - 51b39504-7a0f-4457-92f3-98ebea21e5f7@group-B7D109A0C428-SegmentedRaftLogWorker close()
2019-09-25 07:27:09,351 [main] INFO  segmented.SegmentedRaftLogWorker (SegmentedRaftLogWorker.java:close(228)) - 99d4f85b-b086-4679-bd31-e70102e86432@group-65B013ED8493-SegmentedRaftLogWorker close()
2019-09-25 07:27:09,354 [ForkJoinPool.commonPool-worker-0] INFO  impl.RaftServerImpl (RaftServerImpl.java:lambda$shutdown$3(251)) - 51b39504-7a0f-4457-92f3-98ebea21e5f7@group-64A4DC6E3FB8: shutdown
2019-09-25 07:27:09,356 [main] INFO  impl.RaftServerImpl (RaftServerImpl.java:lambda$shutdown$3(251)) - 99d4f85b-b086-4679-bd31-e70102e86432@group-8483F9A29BF1: shutdown
2019-09-25 07:27:09,356 [ForkJoinPool.commonPool-worker-0] INFO  util.JmxRegister (JmxRegister.java:unregister(73)) - Successfully un-registered JMX Bean with object name Ratis:service=RaftServer,group=group-64A4DC6E3FB8,id=51b39504-7a0f-4457-92f3-98ebea21e5f7
2019-09-25 07:27:09,357 [main] INFO  util.JmxRegister (JmxRegister.java:unregister(73)) - Successfully un-registered JMX Bean with object name Ratis:service=RaftServer,group=group-8483F9A29BF1,id=99d4f85b-b086-4679-bd31-e70102e86432
2019-09-25 07:27:09,357 [main] INFO  impl.RoleInfo (RoleInfo.java:shutdownLeaderState(104)) - 99d4f85b-b086-4679-bd31-e70102e86432: shutdown LeaderState
2019-09-25 07:27:09,357 [ForkJoinPool.commonPool-worker-0] INFO  impl.RoleInfo (RoleInfo.java:shutdownLeaderState(104)) - 51b39504-7a0f-4457-92f3-98ebea21e5f7: shutdown LeaderState
2019-09-25 07:27:09,358 [main] INFO  impl.PendingRequests (PendingRequests.java:sendNotLeaderResponses(202)) - 99d4f85b-b086-4679-bd31-e70102e86432-PendingRequests: sendNotLeaderResponses
2019-09-25 07:27:09,358 [ForkJoinPool.commonPool-worker-0] INFO  impl.PendingRequests (PendingRequests.java:sendNotLeaderResponses(202)) - 51b39504-7a0f-4457-92f3-98ebea21e5f7-PendingRequests: sendNotLeaderResponses
2019-09-25 07:27:09,358 [main] INFO  impl.StateMachineUpdater (StateMachineUpdater.java:stopAndJoin(125)) - 99d4f85b-b086-4679-bd31-e70102e86432@group-8483F9A29BF1-StateMachineUpdater: set stopIndex = 0
2019-09-25 07:27:09,359 [main] INFO  impl.RaftServerImpl (ServerState.java:close(385)) - 99d4f85b-b086-4679-bd31-e70102e86432@group-8483F9A29BF1: closes. applyIndex: 0
2019-09-25 07:27:09,359 [ForkJoinPool.commonPool-worker-0] INFO  impl.StateMachineUpdater (StateMachineUpdater.java:stopAndJoin(125)) - 51b39504-7a0f-4457-92f3-98ebea21e5f7@group-64A4DC6E3FB8-StateMachineUpdater: set stopIndex = 0
2019-09-25 07:27:09,360 [99d4f85b-b086-4679-bd31-e70102e86432@group-8483F9A29BF1-SegmentedRaftLogWorker] INFO  segmented.SegmentedRaftLogWorker (SegmentedRaftLogWorker.java:run(313)) - 99d4f85b-b086-4679-bd31-e70102e86432@group-8483F9A29BF1-SegmentedRaftLogWorker was interrupted, exiting. There are 0 tasks remaining in the queue.
2019-09-25 07:27:09,360 [ForkJoinPool.commonPool-worker-0] INFO  impl.RaftServerImpl (ServerState.java:close(385)) - 51b39504-7a0f-4457-92f3-98ebea21e5f7@group-64A4DC6E3FB8: closes. applyIndex: 0
2019-09-25 07:27:09,360 [main] INFO  segmented.SegmentedRaftLogWorker (SegmentedRaftLogWorker.java:close(228)) - 99d4f85b-b086-4679-bd31-e70102e86432@group-8483F9A29BF1-SegmentedRaftLogWorker close()
2019-09-25 07:27:09,360 [51b39504-7a0f-4457-92f3-98ebea21e5f7@group-64A4DC6E3FB8-SegmentedRaftLogWorker] INFO  segmented.SegmentedRaftLogWorker (SegmentedRaftLogWorker.java:run(313)) - 51b39504-7a0f-4457-92f3-98ebea21e5f7@group-64A4DC6E3FB8-SegmentedRaftLogWorker was interrupted, exiting. There are 0 tasks remaining in the queue.
2019-09-25 07:27:09,363 [main] INFO  impl.RaftServerImpl (RaftServerImpl.java:lambda$shutdown$3(251)) - 99d4f85b-b086-4679-bd31-e70102e86432@group-4CB54DAAF739: shutdown
2019-09-25 07:27:09,363 [ForkJoinPool.commonPool-worker-0] INFO  segmented.SegmentedRaftLogWorker (SegmentedRaftLogWorker.java:close(228)) - 51b39504-7a0f-4457-92f3-98ebea21e5f7@group-64A4DC6E3FB8-SegmentedRaftLogWorker close()
2019-09-25 07:27:09,363 [main] INFO  util.JmxRegister (JmxRegister.java:unregister(73)) - Successfully un-registered JMX Bean with object name Ratis:service=RaftServer,group=group-4CB54DAAF739,id=99d4f85b-b086-4679-bd31-e70102e86432
2019-09-25 07:27:09,365 [main] INFO  impl.RoleInfo (RoleInfo.java:shutdownLeaderState(104)) - 99d4f85b-b086-4679-bd31-e70102e86432: shutdown LeaderState
2019-09-25 07:27:09,365 [ForkJoinPool.commonPool-worker-0] INFO  impl.RaftServerImpl (RaftServerImpl.java:lambda$shutdown$3(251)) - 51b39504-7a0f-4457-92f3-98ebea21e5f7@group-B2FE594843A6: shutdown
2019-09-25 07:27:09,366 [main] INFO  impl.PendingRequests (PendingRequests.java:sendNotLeaderResponses(202)) - 99d4f85b-b086-4679-bd31-e70102e86432-PendingRequests: sendNotLeaderResponses
2019-09-25 07:27:09,366 [ForkJoinPool.commonPool-worker-0] INFO  util.JmxRegister (JmxRegister.java:unregister(73)) - Successfully un-registered JMX Bean with object name Ratis:service=RaftServer,group=group-B2FE594843A6,id=51b39504-7a0f-4457-92f3-98ebea21e5f7
2019-09-25 07:27:09,366 [main] INFO  impl.StateMachineUpdater (StateMachineUpdater.java:stopAndJoin(125)) - 99d4f85b-b086-4679-bd31-e70102e86432@group-4CB54DAAF739-StateMachineUpdater: set stopIndex = -1
2019-09-25 07:27:09,367 [main] INFO  impl.RaftServerImpl (ServerState.java:close(385)) - 99d4f85b-b086-4679-bd31-e70102e86432@group-4CB54DAAF739: closes. applyIndex: -1
2019-09-25 07:27:09,367 [ForkJoinPool.commonPool-worker-0] INFO  impl.RoleInfo (RoleInfo.java:shutdownLeaderElection(134)) - 51b39504-7a0f-4457-92f3-98ebea21e5f7: shutdown LeaderElection
2019-09-25 07:27:09,368 [ForkJoinPool.commonPool-worker-0] INFO  impl.StateMachineUpdater (StateMachineUpdater.java:stopAndJoin(125)) - 51b39504-7a0f-4457-92f3-98ebea21e5f7@group-B2FE594843A6-StateMachineUpdater: set stopIndex = -1
2019-09-25 07:27:09,368 [ForkJoinPool.commonPool-worker-0] INFO  impl.RaftServerImpl (ServerState.java:close(385)) - 51b39504-7a0f-4457-92f3-98ebea21e5f7@group-B2FE594843A6: closes. applyIndex: -1
2019-09-25 07:27:09,368 [51b39504-7a0f-4457-92f3-98ebea21e5f7@group-B2FE594843A6-SegmentedRaftLogWorker] INFO  segmented.SegmentedRaftLogWorker (SegmentedRaftLogWorker.java:run(313)) - 51b39504-7a0f-4457-92f3-98ebea21e5f7@group-B2FE594843A6-SegmentedRaftLogWorker was interrupted, exiting. There are 0 tasks remaining in the queue.
2019-09-25 07:27:09,368 [ForkJoinPool.commonPool-worker-0] INFO  segmented.SegmentedRaftLogWorker (SegmentedRaftLogWorker.java:close(228)) - 51b39504-7a0f-4457-92f3-98ebea21e5f7@group-B2FE594843A6-SegmentedRaftLogWorker close()
2019-09-25 07:27:09,371 [ForkJoinPool.commonPool-worker-0] INFO  impl.RaftServerImpl (RaftServerImpl.java:lambda$shutdown$3(251)) - 51b39504-7a0f-4457-92f3-98ebea21e5f7@group-10BE2A9545C5: shutdown
2019-09-25 07:27:09,371 [ForkJoinPool.commonPool-worker-0] INFO  util.JmxRegister (JmxRegister.java:unregister(73)) - Successfully un-registered JMX Bean with object name Ratis:service=RaftServer,group=group-10BE2A9545C5,id=51b39504-7a0f-4457-92f3-98ebea21e5f7
2019-09-25 07:27:09,371 [ForkJoinPool.commonPool-worker-0] INFO  impl.RoleInfo (RoleInfo.java:shutdownLeaderElection(134)) - 51b39504-7a0f-4457-92f3-98ebea21e5f7: shutdown LeaderElection
2019-09-25 07:27:09,371 [ForkJoinPool.commonPool-worker-0] INFO  impl.StateMachineUpdater (StateMachineUpdater.java:stopAndJoin(125)) - 51b39504-7a0f-4457-92f3-98ebea21e5f7@group-10BE2A9545C5-StateMachineUpdater: set stopIndex = -1
2019-09-25 07:27:09,372 [ForkJoinPool.commonPool-worker-0] INFO  impl.RaftServerImpl (ServerState.java:close(385)) - 51b39504-7a0f-4457-92f3-98ebea21e5f7@group-10BE2A9545C5: closes. applyIndex: -1
2019-09-25 07:27:09,372 [51b39504-7a0f-4457-92f3-98ebea21e5f7@group-10BE2A9545C5-SegmentedRaftLogWorker] INFO  segmented.SegmentedRaftLogWorker (SegmentedRaftLogWorker.java:run(313)) - 51b39504-7a0f-4457-92f3-98ebea21e5f7@group-10BE2A9545C5-SegmentedRaftLogWorker was interrupted, exiting. There are 0 tasks remaining in the queue.
2019-09-25 07:27:09,372 [ForkJoinPool.commonPool-worker-0] INFO  segmented.SegmentedRaftLogWorker (SegmentedRaftLogWorker.java:close(228)) - 51b39504-7a0f-4457-92f3-98ebea21e5f7@group-10BE2A9545C5-SegmentedRaftLogWorker close()
2019-09-25 07:27:09,376 [ForkJoinPool.commonPool-worker-0] INFO  impl.RaftServerImpl (RaftServerImpl.java:lambda$shutdown$3(251)) - 51b39504-7a0f-4457-92f3-98ebea21e5f7@group-26C72AA1766C: shutdown
2019-09-25 07:27:09,376 [ForkJoinPool.commonPool-worker-0] INFO  util.JmxRegister (JmxRegister.java:unregister(73)) - Successfully un-registered JMX Bean with object name Ratis:service=RaftServer,group=group-26C72AA1766C,id=51b39504-7a0f-4457-92f3-98ebea21e5f7
2019-09-25 07:27:09,376 [ForkJoinPool.commonPool-worker-0] INFO  impl.RoleInfo (RoleInfo.java:shutdownLeaderElection(134)) - 51b39504-7a0f-4457-92f3-98ebea21e5f7: shutdown LeaderElection
2019-09-25 07:27:09,376 [ForkJoinPool.commonPool-worker-0] INFO  impl.StateMachineUpdater (StateMachineUpdater.java:stopAndJoin(125)) - 51b39504-7a0f-4457-92f3-98ebea21e5f7@group-26C72AA1766C-StateMachineUpdater: set stopIndex = -1
2019-09-25 07:27:09,377 [ForkJoinPool.commonPool-worker-0] INFO  impl.RaftServerImpl (ServerState.java:close(385)) - 51b39504-7a0f-4457-92f3-98ebea21e5f7@group-26C72AA1766C: closes. applyIndex: -1
2019-09-25 07:27:09,377 [51b39504-7a0f-4457-92f3-98ebea21e5f7@group-26C72AA1766C-SegmentedRaftLogWorker] INFO  segmented.SegmentedRaftLogWorker (SegmentedRaftLogWorker.java:run(313)) - 51b39504-7a0f-4457-92f3-98ebea21e5f7@group-26C72AA1766C-SegmentedRaftLogWorker was interrupted, exiting. There are 0 tasks remaining in the queue.
2019-09-25 07:27:09,377 [ForkJoinPool.commonPool-worker-0] INFO  segmented.SegmentedRaftLogWorker (SegmentedRaftLogWorker.java:close(228)) - 51b39504-7a0f-4457-92f3-98ebea21e5f7@group-26C72AA1766C-SegmentedRaftLogWorker close()
2019-09-25 07:27:09,380 [ForkJoinPool.commonPool-worker-0] INFO  server.GrpcService (GrpcService.java:closeImpl(164)) - 51b39504-7a0f-4457-92f3-98ebea21e5f7: shutdown server with port 42082 now
2019-09-25 07:27:09,383 [ForkJoinPool.commonPool-worker-0] INFO  server.GrpcService (GrpcService.java:closeImpl(172)) - 51b39504-7a0f-4457-92f3-98ebea21e5f7: shutdown server with port 42082 successfully
2019-09-25 07:27:09,388 [refreshUsed-/workdir/hadoop-ozone/ozonefs/target/test-dir/MiniOzoneClusterImpl-9ed784a4-cad3-4d57-bc40-122284458440/datanode-0/data/containers] WARN  fs.CachingGetSpaceUsed (CachingGetSpaceUsed.java:run(183)) - Thread Interrupted waiting to refresh disk information: sleep interrupted
2019-09-25 07:27:09,408 [ForkJoinPool.commonPool-worker-0] INFO  utils.BackgroundService (BackgroundService.java:shutdown(148)) - Shutting down service BlockDeletingService
2019-09-25 07:27:09,414 [ForkJoinPool.commonPool-worker-0] INFO  statemachine.DatanodeStateMachine (DatanodeStateMachine.java:stopDaemon(395)) - Ozone container server stopped.
2019-09-25 07:27:09,419 [ForkJoinPool.commonPool-worker-0] INFO  handler.ContextHandler (ContextHandler.java:doStop(910)) - Stopped o.e.j.w.WebAppContext@13f4048e{/,null,UNAVAILABLE}{/hddsDatanode}
2019-09-25 07:27:09,419 [ForkJoinPool.commonPool-worker-0] INFO  server.AbstractConnector (AbstractConnector.java:doStop(318)) - Stopped ServerConnector@5477d90e{HTTP/1.1,[http/1.1]}{0.0.0.0:0}
2019-09-25 07:27:09,421 [ForkJoinPool.commonPool-worker-0] INFO  handler.ContextHandler (ContextHandler.java:doStop(910)) - Stopped o.e.j.s.ServletContextHandler@380fdcf2{/static,jar:file:/home/user/.m2/repository/org/apache/hadoop/hadoop-hdds-container-service/0.5.0-SNAPSHOT/hadoop-hdds-container-service-0.5.0-SNAPSHOT.jar!/webapps/static,UNAVAILABLE}
2019-09-25 07:27:09,423 [ForkJoinPool.commonPool-worker-0] INFO  handler.ContextHandler (ContextHandler.java:doStop(910)) - Stopped o.e.j.s.ServletContextHandler@6b7c4734{/logs,file:///workdir/hadoop-ozone/ozonefs/target/log,UNAVAILABLE}
2019-09-25 07:27:09,466 [Thread-3120] INFO  impl.FollowerState (FollowerState.java:run(106)) - 21837d35-6fee-45df-90a1-45cbd93f8221:group-0F032C0D2920 changes to CANDIDATE, lastRpcTime:5165, electionTimeout:5165ms
2019-09-25 07:27:09,467 [Thread-3120] INFO  impl.RoleInfo (RoleInfo.java:shutdownFollowerState(121)) - 21837d35-6fee-45df-90a1-45cbd93f8221: shutdown FollowerState
2019-09-25 07:27:09,467 [Thread-3120] INFO  impl.RaftServerImpl (RaftServerImpl.java:setRole(174)) - 21837d35-6fee-45df-90a1-45cbd93f8221@group-0F032C0D2920: changes role from  FOLLOWER to CANDIDATE at term 0 for changeToCandidate
2019-09-25 07:27:09,467 [Thread-3120] INFO  impl.RoleInfo (RoleInfo.java:updateAndGet(143)) - 21837d35-6fee-45df-90a1-45cbd93f8221: start LeaderElection
2019-09-25 07:27:09,610 [21837d35-6fee-45df-90a1-45cbd93f8221@group-D85464BAA862:LeaderElection188] INFO  impl.LeaderElection (LeaderElection.java:askForVotes(182)) - 21837d35-6fee-45df-90a1-45cbd93f8221@group-D85464BAA862:LeaderElection188: begin an election at term 1 for -1: [21837d35-6fee-45df-90a1-45cbd93f8221:192.168.151.106:46516], old=null
2019-09-25 07:27:09,610 [51b39504-7a0f-4457-92f3-98ebea21e5f7@group-26C72AA1766C:LeaderElection190] INFO  impl.LeaderElection (LeaderElection.java:askForVotes(182)) - 51b39504-7a0f-4457-92f3-98ebea21e5f7@group-26C72AA1766C:LeaderElection190: begin an election at term 1 for -1: [51b39504-7a0f-4457-92f3-98ebea21e5f7:192.168.151.106:42082], old=null
2019-09-25 07:27:09,610 [21837d35-6fee-45df-90a1-45cbd93f8221@group-D85464BAA862:LeaderElection188] INFO  impl.RoleInfo (RoleInfo.java:shutdownLeaderElection(134)) - 21837d35-6fee-45df-90a1-45cbd93f8221: shutdown LeaderElection
2019-09-25 07:27:09,610 [99d4f85b-b086-4679-bd31-e70102e86432@group-AB51FAFEFD90:LeaderElection189] INFO  impl.LeaderElection (LeaderElection.java:askForVotes(182)) - 99d4f85b-b086-4679-bd31-e70102e86432@group-AB51FAFEFD90:LeaderElection189: begin an election at term 1 for -1: [99d4f85b-b086-4679-bd31-e70102e86432:192.168.151.106:43975], old=null
2019-09-25 07:27:09,610 [51b39504-7a0f-4457-92f3-98ebea21e5f7@group-B2FE594843A6:LeaderElection193] INFO  impl.LeaderElection (LeaderElection.java:askForVotes(182)) - 51b39504-7a0f-4457-92f3-98ebea21e5f7@group-B2FE594843A6:LeaderElection193: begin an election at term 1 for -1: [51b39504-7a0f-4457-92f3-98ebea21e5f7:192.168.151.106:42082], old=null
2019-09-25 07:27:09,610 [99d4f85b-b086-4679-bd31-e70102e86432@group-6135575B23D6:LeaderElection191] INFO  impl.LeaderElection (LeaderElection.java:askForVotes(182)) - 99d4f85b-b086-4679-bd31-e70102e86432@group-6135575B23D6:LeaderElection191: begin an election at term 1 for -1: [99d4f85b-b086-4679-bd31-e70102e86432:192.168.151.106:43975], old=null
2019-09-25 07:27:09,610 [99d4f85b-b086-4679-bd31-e70102e86432@group-65B013ED8493:LeaderElection192] INFO  impl.LeaderElection (LeaderElection.java:askForVotes(182)) - 99d4f85b-b086-4679-bd31-e70102e86432@group-65B013ED8493:LeaderElection192: begin an election at term 1 for -1: [99d4f85b-b086-4679-bd31-e70102e86432:192.168.151.106:43975], old=null
2019-09-25 07:27:09,611 [99d4f85b-b086-4679-bd31-e70102e86432@group-6135575B23D6:LeaderElection191] INFO  impl.RoleInfo (RoleInfo.java:shutdownLeaderElection(134)) - 99d4f85b-b086-4679-bd31-e70102e86432: shutdown LeaderElection
2019-09-25 07:27:09,610 [51b39504-7a0f-4457-92f3-98ebea21e5f7@group-B2FE594843A6:LeaderElection193] INFO  impl.LeaderElection (LogUtils.java:infoOrTrace(149)) - Failed 51b39504-7a0f-4457-92f3-98ebea21e5f7@group-B2FE594843A6:LeaderElection193, state=CLOSING: {}
java.lang.IllegalArgumentException: 51b39504-7a0f-4457-92f3-98ebea21e5f7@group-B2FE594843A6-SegmentedRaftLog is expected to be opened but it is CLOSED
	at org.apache.ratis.util.OpenCloseState.assertOpen(OpenCloseState.java:63)
	at org.apache.ratis.server.raftlog.RaftLog.checkLogState(RaftLog.java:102)
	at org.apache.ratis.server.raftlog.segmented.SegmentedRaftLog.getLastEntryTermIndex(SegmentedRaftLog.java:324)
	at org.apache.ratis.server.impl.LeaderElection.askForVotes(LeaderElection.java:184)
	at org.apache.ratis.server.impl.LeaderElection.run(LeaderElection.java:133)
	at java.lang.Thread.run(Thread.java:748)
Caused by: org.apache.ratis.util.OpenCloseState$CloseTrace: Close 51b39504-7a0f-4457-92f3-98ebea21e5f7@group-B2FE594843A6-SegmentedRaftLog
	at org.apache.ratis.util.OpenCloseState.lambda$close$1(OpenCloseState.java:109)
	at java.util.concurrent.atomic.AtomicReference.getAndUpdate(AtomicReference.java:160)
	at org.apache.ratis.util.OpenCloseState.close(OpenCloseState.java:109)
	at org.apache.ratis.server.raftlog.RaftLog.close(RaftLog.java:437)
	at org.apache.ratis.server.raftlog.segmented.SegmentedRaftLog.close(SegmentedRaftLog.java:476)
	at org.apache.ratis.server.impl.ServerState.close(ServerState.java:387)
	at org.apache.ratis.server.impl.RaftServerImpl.lambda$shutdown$3(RaftServerImpl.java:273)
	at org.apache.ratis.util.LifeCycle.lambda$checkStateAndClose$2(LifeCycle.java:231)
	at org.apache.ratis.util.LifeCycle.checkStateAndClose(LifeCycle.java:251)
	at org.apache.ratis.util.LifeCycle.checkStateAndClose(LifeCycle.java:229)
	at org.apache.ratis.server.impl.RaftServerImpl.shutdown(RaftServerImpl.java:250)
	at org.apache.ratis.server.impl.RaftServerProxy$ImplMap.lambda$close$0(RaftServerProxy.java:107)
	at java.util.stream.ForEachOps$ForEachOp$OfRef.accept(ForEachOps.java:184)
	at java.util.stream.ReferencePipeline$3$1.accept(ReferencePipeline.java:193)
	at java.util.concurrent.ConcurrentHashMap$ValueSpliterator.forEachRemaining(ConcurrentHashMap.java:3566)
	at java.util.stream.AbstractPipeline.copyInto(AbstractPipeline.java:482)
	at java.util.stream.ForEachOps$ForEachTask.compute(ForEachOps.java:291)
	at java.util.concurrent.CountedCompleter.exec(CountedCompleter.java:731)
	at java.util.concurrent.ForkJoinTask.doExec(ForkJoinTask.java:289)
	at java.util.concurrent.ForkJoinPool.helpComplete(ForkJoinPool.java:1870)
	at java.util.concurrent.ForkJoinPool.awaitJoin(ForkJoinPool.java:2045)
	at java.util.concurrent.ForkJoinTask.doInvoke(ForkJoinTask.java:404)
	at java.util.concurrent.ForkJoinTask.invoke(ForkJoinTask.java:734)
	at java.util.stream.ForEachOps$ForEachOp.evaluateParallel(ForEachOps.java:160)
	at java.util.stream.ForEachOps$ForEachOp$OfRef.evaluateParallel(ForEachOps.java:174)
	at java.util.stream.AbstractPipeline.evaluate(AbstractPipeline.java:233)
	at java.util.stream.ReferencePipeline.forEach(ReferencePipeline.java:418)
	at org.apache.ratis.server.impl.RaftServerProxy$ImplMap.close(RaftServerProxy.java:107)
	at org.apache.ratis.server.impl.RaftServerProxy.lambda$close$4(RaftServerProxy.java:315)
	at org.apache.ratis.util.LifeCycle.lambda$checkStateAndClose$2(LifeCycle.java:231)
	at org.apache.ratis.util.LifeCycle.checkStateAndClose(LifeCycle.java:251)
	at org.apache.ratis.util.LifeCycle.checkStateAndClose(LifeCycle.java:229)
	at org.apache.ratis.server.impl.RaftServerProxy.close(RaftServerProxy.java:313)
	at org.apache.hadoop.ozone.container.common.transport.server.ratis.XceiverServerRatis.stop(XceiverServerRatis.java:441)
	at org.apache.hadoop.ozone.container.ozoneimpl.OzoneContainer.stop(OzoneContainer.java:233)
	at org.apache.hadoop.ozone.container.common.statemachine.DatanodeStateMachine.close(DatanodeStateMachine.java:270)
	at org.apache.hadoop.ozone.container.common.statemachine.DatanodeStateMachine.stopDaemon(DatanodeStateMachine.java:394)
	at org.apache.hadoop.ozone.HddsDatanodeService.stop(HddsDatanodeService.java:457)
	at org.apache.hadoop.ozone.MiniOzoneClusterImpl.stopDatanode(MiniOzoneClusterImpl.java:385)
	at java.util.stream.ForEachOps$ForEachOp$OfRef.accept(ForEachOps.java:184)
	at java.util.ArrayList$ArrayListSpliterator.forEachRemaining(ArrayList.java:1382)
	at java.util.stream.AbstractPipeline.copyInto(AbstractPipeline.java:482)
	at java.util.stream.ForEachOps$ForEachTask.compute(ForEachOps.java:291)
	at java.util.concurrent.CountedCompleter.exec(CountedCompleter.java:731)
	at java.util.concurrent.ForkJoinTask.doExec(ForkJoinTask.java:289)
	at java.util.concurrent.ForkJoinPool$WorkQueue.runTask(ForkJoinPool.java:1056)
	at java.util.concurrent.ForkJoinPool.runWorker(ForkJoinPool.java:1692)
	at java.util.concurrent.ForkJoinWorkerThread.run(ForkJoinWorkerThread.java:157)
2019-09-25 07:27:09,614 [51b39504-7a0f-4457-92f3-98ebea21e5f7@group-B2FE594843A6:LeaderElection193] INFO  impl.LeaderElection (LeaderElection.java:run(140)) - 51b39504-7a0f-4457-92f3-98ebea21e5f7@group-B2FE594843A6:LeaderElection193: IllegalArgumentException is safely ignored since this is already CLOSING
2019-09-25 07:27:09,610 [99d4f85b-b086-4679-bd31-e70102e86432@group-AB51FAFEFD90:LeaderElection189] INFO  impl.LeaderElection (LogUtils.java:infoOrTrace(149)) - Failed 99d4f85b-b086-4679-bd31-e70102e86432@group-AB51FAFEFD90:LeaderElection189, state=CLOSING: {}
java.lang.IllegalArgumentException: 99d4f85b-b086-4679-bd31-e70102e86432@group-AB51FAFEFD90-SegmentedRaftLog is expected to be opened but it is CLOSED
	at org.apache.ratis.util.OpenCloseState.assertOpen(OpenCloseState.java:63)
	at org.apache.ratis.server.raftlog.RaftLog.checkLogState(RaftLog.java:102)
	at org.apache.ratis.server.raftlog.segmented.SegmentedRaftLog.getLastEntryTermIndex(SegmentedRaftLog.java:324)
	at org.apache.ratis.server.impl.LeaderElection.askForVotes(LeaderElection.java:184)
	at org.apache.ratis.server.impl.LeaderElection.run(LeaderElection.java:133)
	at java.lang.Thread.run(Thread.java:748)
Caused by: org.apache.ratis.util.OpenCloseState$CloseTrace: Close 99d4f85b-b086-4679-bd31-e70102e86432@group-AB51FAFEFD90-SegmentedRaftLog
	at org.apache.ratis.util.OpenCloseState.lambda$close$1(OpenCloseState.java:109)
	at java.util.concurrent.atomic.AtomicReference.getAndUpdate(AtomicReference.java:160)
	at org.apache.ratis.util.OpenCloseState.close(OpenCloseState.java:109)
	at org.apache.ratis.server.raftlog.RaftLog.close(RaftLog.java:437)
	at org.apache.ratis.server.raftlog.segmented.SegmentedRaftLog.close(SegmentedRaftLog.java:476)
	at org.apache.ratis.server.impl.ServerState.close(ServerState.java:387)
	at org.apache.ratis.server.impl.RaftServerImpl.lambda$shutdown$3(RaftServerImpl.java:273)
	at org.apache.ratis.util.LifeCycle.lambda$checkStateAndClose$2(LifeCycle.java:231)
	at org.apache.ratis.util.LifeCycle.checkStateAndClose(LifeCycle.java:251)
	at org.apache.ratis.util.LifeCycle.checkStateAndClose(LifeCycle.java:229)
	at org.apache.ratis.server.impl.RaftServerImpl.shutdown(RaftServerImpl.java:250)
	at org.apache.ratis.server.impl.RaftServerProxy$ImplMap.lambda$close$0(RaftServerProxy.java:107)
	at java.util.stream.ForEachOps$ForEachOp$OfRef.accept(ForEachOps.java:184)
	at java.util.stream.ReferencePipeline$3$1.accept(ReferencePipeline.java:193)
	at java.util.concurrent.ConcurrentHashMap$ValueSpliterator.forEachRemaining(ConcurrentHashMap.java:3566)
	at java.util.stream.AbstractPipeline.copyInto(AbstractPipeline.java:482)
	at java.util.stream.ForEachOps$ForEachTask.compute(ForEachOps.java:291)
	at java.util.concurrent.CountedCompleter.exec(CountedCompleter.java:731)
	at java.util.concurrent.ForkJoinTask.doExec(ForkJoinTask.java:289)
	at java.util.concurrent.ForkJoinTask.doInvoke(ForkJoinTask.java:401)
	at java.util.concurrent.ForkJoinTask.invoke(ForkJoinTask.java:734)
	at java.util.stream.ForEachOps$ForEachOp.evaluateParallel(ForEachOps.java:160)
	at java.util.stream.ForEachOps$ForEachOp$OfRef.evaluateParallel(ForEachOps.java:174)
	at java.util.stream.AbstractPipeline.evaluate(AbstractPipeline.java:233)
	at java.util.stream.ReferencePipeline.forEach(ReferencePipeline.java:418)
	at org.apache.ratis.server.impl.RaftServerProxy$ImplMap.close(RaftServerProxy.java:107)
	at org.apache.ratis.server.impl.RaftServerProxy.lambda$close$4(RaftServerProxy.java:315)
	at org.apache.ratis.util.LifeCycle.lambda$checkStateAndClose$2(LifeCycle.java:231)
	at org.apache.ratis.util.LifeCycle.checkStateAndClose(LifeCycle.java:251)
	at org.apache.ratis.util.LifeCycle.checkStateAndClose(LifeCycle.java:229)
	at org.apache.ratis.server.impl.RaftServerProxy.close(RaftServerProxy.java:313)
	at org.apache.hadoop.ozone.container.common.transport.server.ratis.XceiverServerRatis.stop(XceiverServerRatis.java:441)
	at org.apache.hadoop.ozone.container.ozoneimpl.OzoneContainer.stop(OzoneContainer.java:233)
	at org.apache.hadoop.ozone.container.common.statemachine.DatanodeStateMachine.close(DatanodeStateMachine.java:270)
	at org.apache.hadoop.ozone.container.common.statemachine.DatanodeStateMachine.stopDaemon(DatanodeStateMachine.java:394)
	at org.apache.hadoop.ozone.HddsDatanodeService.stop(HddsDatanodeService.java:457)
	at org.apache.hadoop.ozone.MiniOzoneClusterImpl.stopDatanode(MiniOzoneClusterImpl.java:385)
	at java.util.stream.ForEachOps$ForEachOp$OfRef.accept(ForEachOps.java:184)
	at java.util.ArrayList$ArrayListSpliterator.forEachRemaining(ArrayList.java:1382)
	at java.util.stream.AbstractPipeline.copyInto(AbstractPipeline.java:482)
	at java.util.stream.ForEachOps$ForEachTask.compute(ForEachOps.java:291)
	at java.util.concurrent.CountedCompleter.exec(CountedCompleter.java:731)
	at java.util.concurrent.ForkJoinTask.doExec(ForkJoinTask.java:289)
	at java.util.concurrent.ForkJoinTask.doInvoke(ForkJoinTask.java:401)
	at java.util.concurrent.ForkJoinTask.invoke(ForkJoinTask.java:734)
	at java.util.stream.ForEachOps$ForEachOp.evaluateParallel(ForEachOps.java:160)
	at java.util.stream.ForEachOps$ForEachOp$OfRef.evaluateParallel(ForEachOps.java:174)
	at java.util.stream.AbstractPipeline.evaluate(AbstractPipeline.java:233)
	at java.util.stream.ReferencePipeline.forEach(ReferencePipeline.java:418)
	at java.util.stream.ReferencePipeline$Head.forEach(ReferencePipeline.java:583)
	at org.apache.hadoop.ozone.MiniOzoneClusterImpl.stopDatanodes(MiniOzoneClusterImpl.java:379)
	at org.apache.hadoop.ozone.MiniOzoneClusterImpl.stop(MiniOzoneClusterImpl.java:332)
	at org.apache.hadoop.ozone.MiniOzoneClusterImpl.shutdown(MiniOzoneClusterImpl.java:319)
	at org.apache.hadoop.fs.ozone.TestOzoneFileInterfaces.teardown(TestOzoneFileInterfaces.java:145)
	at sun.reflect.NativeMethodAccessorImpl.invoke0(Native Method)
	at sun.reflect.NativeMethodAccessorImpl.invoke(NativeMethodAccessorImpl.java:62)
	at sun.reflect.DelegatingMethodAccessorImpl.invoke(DelegatingMethodAccessorImpl.java:43)
	at java.lang.reflect.Method.invoke(Method.java:498)
	at org.junit.runners.model.FrameworkMethod$1.runReflectiveCall(FrameworkMethod.java:47)
	at org.junit.internal.runners.model.ReflectiveCallable.run(ReflectiveCallable.java:12)
	at org.junit.runners.model.FrameworkMethod.invokeExplosively(FrameworkMethod.java:44)
	at org.junit.internal.runners.statements.RunAfters.evaluate(RunAfters.java:33)
	at org.junit.runners.ParentRunner.runLeaf(ParentRunner.java:271)
	at org.junit.runners.BlockJUnit4ClassRunner.runChild(BlockJUnit4ClassRunner.java:70)
	at org.junit.runners.BlockJUnit4ClassRunner.runChild(BlockJUnit4ClassRunner.java:50)
	at org.junit.runners.ParentRunner$3.run(ParentRunner.java:238)
	at org.junit.runners.ParentRunner$1.schedule(ParentRunner.java:63)
	at org.junit.runners.ParentRunner.runChildren(ParentRunner.java:236)
	at org.junit.runners.ParentRunner.access$000(ParentRunner.java:53)
	at org.junit.runners.ParentRunner$2.evaluate(ParentRunner.java:229)
	at org.junit.runners.ParentRunner.run(ParentRunner.java:309)
	at org.junit.runners.Suite.runChild(Suite.java:127)
	at org.junit.runners.Suite.runChild(Suite.java:26)
	at org.junit.runners.ParentRunner$3.run(ParentRunner.java:238)
	at org.junit.runners.ParentRunner$1.schedule(ParentRunner.java:63)
	at org.junit.runners.ParentRunner.runChildren(ParentRunner.java:236)
	at org.junit.runners.ParentRunner.access$000(ParentRunner.java:53)
	at org.junit.runners.ParentRunner$2.evaluate(ParentRunner.java:229)
	at org.junit.runners.ParentRunner.run(ParentRunner.java:309)
	at org.apache.maven.surefire.junit4.JUnit4Provider.execute(JUnit4Provider.java:365)
	at org.apache.maven.surefire.junit4.JUnit4Provider.executeWithRerun(JUnit4Provider.java:273)
	at org.apache.maven.surefire.junit4.JUnit4Provider.executeTestSet(JUnit4Provider.java:238)
	at org.apache.maven.surefire.junit4.JUnit4Provider.invoke(JUnit4Provider.java:159)
	at org.apache.maven.surefire.booter.ForkedBooter.invokeProviderInSameClassLoader(ForkedBooter.java:384)
	at org.apache.maven.surefire.booter.ForkedBooter.runSuitesInProcess(ForkedBooter.java:345)
	at org.apache.maven.surefire.booter.ForkedBooter.execute(ForkedBooter.java:126)
	at org.apache.maven.surefire.booter.ForkedBooter.main(ForkedBooter.java:418)
2019-09-25 07:27:09,617 [99d4f85b-b086-4679-bd31-e70102e86432@group-AB51FAFEFD90:LeaderElection189] INFO  impl.LeaderElection (LeaderElection.java:run(140)) - 99d4f85b-b086-4679-bd31-e70102e86432@group-AB51FAFEFD90:LeaderElection189: IllegalArgumentException is safely ignored since this is already CLOSING
2019-09-25 07:27:09,610 [21837d35-6fee-45df-90a1-45cbd93f8221@group-D85464BAA862:LeaderElection188] INFO  impl.RaftServerImpl (RaftServerImpl.java:setRole(174)) - 21837d35-6fee-45df-90a1-45cbd93f8221@group-D85464BAA862: changes role from CANDIDATE to LEADER at term 1 for changeToLeader
2019-09-25 07:27:09,610 [51b39504-7a0f-4457-92f3-98ebea21e5f7@group-26C72AA1766C:LeaderElection190] INFO  impl.LeaderElection (LogUtils.java:infoOrTrace(149)) - Failed 51b39504-7a0f-4457-92f3-98ebea21e5f7@group-26C72AA1766C:LeaderElection190, state=CLOSING: {}
java.lang.IllegalArgumentException: 51b39504-7a0f-4457-92f3-98ebea21e5f7@group-26C72AA1766C-SegmentedRaftLog is expected to be opened but it is CLOSED
	at org.apache.ratis.util.OpenCloseState.assertOpen(OpenCloseState.java:63)
	at org.apache.ratis.server.raftlog.RaftLog.checkLogState(RaftLog.java:102)
	at org.apache.ratis.server.raftlog.segmented.SegmentedRaftLog.getLastEntryTermIndex(SegmentedRaftLog.java:324)
	at org.apache.ratis.server.impl.LeaderElection.askForVotes(LeaderElection.java:184)
	at org.apache.ratis.server.impl.LeaderElection.run(LeaderElection.java:133)
	at java.lang.Thread.run(Thread.java:748)
Caused by: org.apache.ratis.util.OpenCloseState$CloseTrace: Close 51b39504-7a0f-4457-92f3-98ebea21e5f7@group-26C72AA1766C-SegmentedRaftLog
	at org.apache.ratis.util.OpenCloseState.lambda$close$1(OpenCloseState.java:109)
	at java.util.concurrent.atomic.AtomicReference.getAndUpdate(AtomicReference.java:160)
	at org.apache.ratis.util.OpenCloseState.close(OpenCloseState.java:109)
	at org.apache.ratis.server.raftlog.RaftLog.close(RaftLog.java:437)
	at org.apache.ratis.server.raftlog.segmented.SegmentedRaftLog.close(SegmentedRaftLog.java:476)
	at org.apache.ratis.server.impl.ServerState.close(ServerState.java:387)
	at org.apache.ratis.server.impl.RaftServerImpl.lambda$shutdown$3(RaftServerImpl.java:273)
	at org.apache.ratis.util.LifeCycle.lambda$checkStateAndClose$2(LifeCycle.java:231)
	at org.apache.ratis.util.LifeCycle.checkStateAndClose(LifeCycle.java:251)
	at org.apache.ratis.util.LifeCycle.checkStateAndClose(LifeCycle.java:229)
	at org.apache.ratis.server.impl.RaftServerImpl.shutdown(RaftServerImpl.java:250)
	at org.apache.ratis.server.impl.RaftServerProxy$ImplMap.lambda$close$0(RaftServerProxy.java:107)
	at java.util.stream.ForEachOps$ForEachOp$OfRef.accept(ForEachOps.java:184)
	at java.util.stream.ReferencePipeline$3$1.accept(ReferencePipeline.java:193)
	at java.util.concurrent.ConcurrentHashMap$ValueSpliterator.forEachRemaining(ConcurrentHashMap.java:3566)
	at java.util.stream.AbstractPipeline.copyInto(AbstractPipeline.java:482)
	at java.util.stream.ForEachOps$ForEachTask.compute(ForEachOps.java:291)
	at java.util.concurrent.CountedCompleter.exec(CountedCompleter.java:731)
	at java.util.concurrent.ForkJoinTask.doExec(ForkJoinTask.java:289)
	at java.util.concurrent.ForkJoinPool.helpComplete(ForkJoinPool.java:1870)
	at java.util.concurrent.ForkJoinPool.awaitJoin(ForkJoinPool.java:2045)
	at java.util.concurrent.ForkJoinTask.doInvoke(ForkJoinTask.java:404)
	at java.util.concurrent.ForkJoinTask.invoke(ForkJoinTask.java:734)
	at java.util.stream.ForEachOps$ForEachOp.evaluateParallel(ForEachOps.java:160)
	at java.util.stream.ForEachOps$ForEachOp$OfRef.evaluateParallel(ForEachOps.java:174)
	at java.util.stream.AbstractPipeline.evaluate(AbstractPipeline.java:233)
	at java.util.stream.ReferencePipeline.forEach(ReferencePipeline.java:418)
	at org.apache.ratis.server.impl.RaftServerProxy$ImplMap.close(RaftServerProxy.java:107)
	at org.apache.ratis.server.impl.RaftServerProxy.lambda$close$4(RaftServerProxy.java:315)
	at org.apache.ratis.util.LifeCycle.lambda$checkStateAndClose$2(LifeCycle.java:231)
	at org.apache.ratis.util.LifeCycle.checkStateAndClose(LifeCycle.java:251)
	at org.apache.ratis.util.LifeCycle.checkStateAndClose(LifeCycle.java:229)
	at org.apache.ratis.server.impl.RaftServerProxy.close(RaftServerProxy.java:313)
	at org.apache.hadoop.ozone.container.common.transport.server.ratis.XceiverServerRatis.stop(XceiverServerRatis.java:441)
	at org.apache.hadoop.ozone.container.ozoneimpl.OzoneContainer.stop(OzoneContainer.java:233)
	at org.apache.hadoop.ozone.container.common.statemachine.DatanodeStateMachine.close(DatanodeStateMachine.java:270)
	at org.apache.hadoop.ozone.container.common.statemachine.DatanodeStateMachine.stopDaemon(DatanodeStateMachine.java:394)
	at org.apache.hadoop.ozone.HddsDatanodeService.stop(HddsDatanodeService.java:457)
	at org.apache.hadoop.ozone.MiniOzoneClusterImpl.stopDatanode(MiniOzoneClusterImpl.java:385)
	at java.util.stream.ForEachOps$ForEachOp$OfRef.accept(ForEachOps.java:184)
	at java.util.ArrayList$ArrayListSpliterator.forEachRemaining(ArrayList.java:1382)
	at java.util.stream.AbstractPipeline.copyInto(AbstractPipeline.java:482)
	at java.util.stream.ForEachOps$ForEachTask.compute(ForEachOps.java:291)
	at java.util.concurrent.CountedCompleter.exec(CountedCompleter.java:731)
	at java.util.concurrent.ForkJoinTask.doExec(ForkJoinTask.java:289)
	at java.util.concurrent.ForkJoinPool$WorkQueue.runTask(ForkJoinPool.java:1056)
	at java.util.concurrent.ForkJoinPool.runWorker(ForkJoinPool.java:1692)
	at java.util.concurrent.ForkJoinWorkerThread.run(ForkJoinWorkerThread.java:157)
2019-09-25 07:27:09,620 [51b39504-7a0f-4457-92f3-98ebea21e5f7@group-26C72AA1766C:LeaderElection190] INFO  impl.LeaderElection (LeaderElection.java:run(140)) - 51b39504-7a0f-4457-92f3-98ebea21e5f7@group-26C72AA1766C:LeaderElection190: IllegalArgumentException is safely ignored since this is already CLOSING
2019-09-25 07:27:09,617 [21837d35-6fee-45df-90a1-45cbd93f8221@group-D85464BAA862:LeaderElection188] INFO  impl.RaftServerImpl (ServerState.java:setLeader(253)) - 21837d35-6fee-45df-90a1-45cbd93f8221@group-D85464BAA862: change Leader from null to 21837d35-6fee-45df-90a1-45cbd93f8221 at term 1 for becomeLeader, leader elected after 5897ms
2019-09-25 07:27:09,614 [Datanode State Machine Thread - 0] INFO  statemachine.DatanodeStateMachine (DatanodeStateMachine.java:lambda$startDaemon$0(350)) - Ozone container server started.
2019-09-25 07:27:09,611 [99d4f85b-b086-4679-bd31-e70102e86432@group-6135575B23D6:LeaderElection191] INFO  impl.RaftServerImpl (RaftServerImpl.java:setRole(174)) - 99d4f85b-b086-4679-bd31-e70102e86432@group-6135575B23D6: changes role from CANDIDATE to LEADER at term 1 for changeToLeader
2019-09-25 07:27:09,620 [99d4f85b-b086-4679-bd31-e70102e86432@group-6135575B23D6:LeaderElection191] INFO  impl.RaftServerImpl (ServerState.java:setLeader(253)) - 99d4f85b-b086-4679-bd31-e70102e86432@group-6135575B23D6: change Leader from null to 99d4f85b-b086-4679-bd31-e70102e86432 at term 1 for becomeLeader, leader elected after 5760ms
2019-09-25 07:27:09,611 [99d4f85b-b086-4679-bd31-e70102e86432@group-65B013ED8493:LeaderElection192] INFO  impl.LeaderElection (LogUtils.java:infoOrTrace(149)) - Failed 99d4f85b-b086-4679-bd31-e70102e86432@group-65B013ED8493:LeaderElection192, state=CLOSING: {}
java.lang.IllegalArgumentException: 99d4f85b-b086-4679-bd31-e70102e86432@group-65B013ED8493-SegmentedRaftLog is expected to be opened but it is CLOSED
	at org.apache.ratis.util.OpenCloseState.assertOpen(OpenCloseState.java:63)
	at org.apache.ratis.server.raftlog.RaftLog.checkLogState(RaftLog.java:102)
	at org.apache.ratis.server.raftlog.segmented.SegmentedRaftLog.getLastEntryTermIndex(SegmentedRaftLog.java:324)
	at org.apache.ratis.server.impl.LeaderElection.askForVotes(LeaderElection.java:184)
	at org.apache.ratis.server.impl.LeaderElection.run(LeaderElection.java:133)
	at java.lang.Thread.run(Thread.java:748)
Caused by: org.apache.ratis.util.OpenCloseState$CloseTrace: Close 99d4f85b-b086-4679-bd31-e70102e86432@group-65B013ED8493-SegmentedRaftLog
	at org.apache.ratis.util.OpenCloseState.lambda$close$1(OpenCloseState.java:109)
	at java.util.concurrent.atomic.AtomicReference.getAndUpdate(AtomicReference.java:160)
	at org.apache.ratis.util.OpenCloseState.close(OpenCloseState.java:109)
	at org.apache.ratis.server.raftlog.RaftLog.close(RaftLog.java:437)
	at org.apache.ratis.server.raftlog.segmented.SegmentedRaftLog.close(SegmentedRaftLog.java:476)
	at org.apache.ratis.server.impl.ServerState.close(ServerState.java:387)
	at org.apache.ratis.server.impl.RaftServerImpl.lambda$shutdown$3(RaftServerImpl.java:273)
	at org.apache.ratis.util.LifeCycle.lambda$checkStateAndClose$2(LifeCycle.java:231)
	at org.apache.ratis.util.LifeCycle.checkStateAndClose(LifeCycle.java:251)
	at org.apache.ratis.util.LifeCycle.checkStateAndClose(LifeCycle.java:229)
	at org.apache.ratis.server.impl.RaftServerImpl.shutdown(RaftServerImpl.java:250)
	at org.apache.ratis.server.impl.RaftServerProxy$ImplMap.lambda$close$0(RaftServerProxy.java:107)
	at java.util.stream.ForEachOps$ForEachOp$OfRef.accept(ForEachOps.java:184)
	at java.util.stream.ReferencePipeline$3$1.accept(ReferencePipeline.java:193)
	at java.util.concurrent.ConcurrentHashMap$ValueSpliterator.forEachRemaining(ConcurrentHashMap.java:3566)
	at java.util.stream.AbstractPipeline.copyInto(AbstractPipeline.java:482)
	at java.util.stream.ForEachOps$ForEachTask.compute(ForEachOps.java:291)
	at java.util.concurrent.CountedCompleter.exec(CountedCompleter.java:731)
	at java.util.concurrent.ForkJoinTask.doExec(ForkJoinTask.java:289)
	at java.util.concurrent.ForkJoinTask.doInvoke(ForkJoinTask.java:401)
	at java.util.concurrent.ForkJoinTask.invoke(ForkJoinTask.java:734)
	at java.util.stream.ForEachOps$ForEachOp.evaluateParallel(ForEachOps.java:160)
	at java.util.stream.ForEachOps$ForEachOp$OfRef.evaluateParallel(ForEachOps.java:174)
	at java.util.stream.AbstractPipeline.evaluate(AbstractPipeline.java:233)
	at java.util.stream.ReferencePipeline.forEach(ReferencePipeline.java:418)
	at org.apache.ratis.server.impl.RaftServerProxy$ImplMap.close(RaftServerProxy.java:107)
	at org.apache.ratis.server.impl.RaftServerProxy.lambda$close$4(RaftServerProxy.java:315)
	at org.apache.ratis.util.LifeCycle.lambda$checkStateAndClose$2(LifeCycle.java:231)
	at org.apache.ratis.util.LifeCycle.checkStateAndClose(LifeCycle.java:251)
	at org.apache.ratis.util.LifeCycle.checkStateAndClose(LifeCycle.java:229)
	at org.apache.ratis.server.impl.RaftServerProxy.close(RaftServerProxy.java:313)
	at org.apache.hadoop.ozone.container.common.transport.server.ratis.XceiverServerRatis.stop(XceiverServerRatis.java:441)
	at org.apache.hadoop.ozone.container.ozoneimpl.OzoneContainer.stop(OzoneContainer.java:233)
	at org.apache.hadoop.ozone.container.common.statemachine.DatanodeStateMachine.close(DatanodeStateMachine.java:270)
	at org.apache.hadoop.ozone.container.common.statemachine.DatanodeStateMachine.stopDaemon(DatanodeStateMachine.java:394)
	at org.apache.hadoop.ozone.HddsDatanodeService.stop(HddsDatanodeService.java:457)
	at org.apache.hadoop.ozone.MiniOzoneClusterImpl.stopDatanode(MiniOzoneClusterImpl.java:385)
	at java.util.stream.ForEachOps$ForEachOp$OfRef.accept(ForEachOps.java:184)
	at java.util.ArrayList$ArrayListSpliterator.forEachRemaining(ArrayList.java:1382)
	at java.util.stream.AbstractPipeline.copyInto(AbstractPipeline.java:482)
	at java.util.stream.ForEachOps$ForEachTask.compute(ForEachOps.java:291)
	at java.util.concurrent.CountedCompleter.exec(CountedCompleter.java:731)
	at java.util.concurrent.ForkJoinTask.doExec(ForkJoinTask.java:289)
	at java.util.concurrent.ForkJoinTask.doInvoke(ForkJoinTask.java:401)
	at java.util.concurrent.ForkJoinTask.invoke(ForkJoinTask.java:734)
	at java.util.stream.ForEachOps$ForEachOp.evaluateParallel(ForEachOps.java:160)
	at java.util.stream.ForEachOps$ForEachOp$OfRef.evaluateParallel(ForEachOps.java:174)
	at java.util.stream.AbstractPipeline.evaluate(AbstractPipeline.java:233)
	at java.util.stream.ReferencePipeline.forEach(ReferencePipeline.java:418)
	at java.util.stream.ReferencePipeline$Head.forEach(ReferencePipeline.java:583)
	at org.apache.hadoop.ozone.MiniOzoneClusterImpl.stopDatanodes(MiniOzoneClusterImpl.java:379)
	at org.apache.hadoop.ozone.MiniOzoneClusterImpl.stop(MiniOzoneClusterImpl.java:332)
	at org.apache.hadoop.ozone.MiniOzoneClusterImpl.shutdown(MiniOzoneClusterImpl.java:319)
	at org.apache.hadoop.fs.ozone.TestOzoneFileInterfaces.teardown(TestOzoneFileInterfaces.java:145)
	at sun.reflect.NativeMethodAccessorImpl.invoke0(Native Method)
	at sun.reflect.NativeMethodAccessorImpl.invoke(NativeMethodAccessorImpl.java:62)
	at sun.reflect.DelegatingMethodAccessorImpl.invoke(DelegatingMethodAccessorImpl.java:43)
	at java.lang.reflect.Method.invoke(Method.java:498)
	at org.junit.runners.model.FrameworkMethod$1.runReflectiveCall(FrameworkMethod.java:47)
	at org.junit.internal.runners.model.ReflectiveCallable.run(ReflectiveCallable.java:12)
	at org.junit.runners.model.FrameworkMethod.invokeExplosively(FrameworkMethod.java:44)
	at org.junit.internal.runners.statements.RunAfters.evaluate(RunAfters.java:33)
	at org.junit.runners.ParentRunner.runLeaf(ParentRunner.java:271)
	at org.junit.runners.BlockJUnit4ClassRunner.runChild(BlockJUnit4ClassRunner.java:70)
	at org.junit.runners.BlockJUnit4ClassRunner.runChild(BlockJUnit4ClassRunner.java:50)
	at org.junit.runners.ParentRunner$3.run(ParentRunner.java:238)
	at org.junit.runners.ParentRunner$1.schedule(ParentRunner.java:63)
	at org.junit.runners.ParentRunner.runChildren(ParentRunner.java:236)
	at org.junit.runners.ParentRunner.access$000(ParentRunner.java:53)
	at org.junit.runners.ParentRunner$2.evaluate(ParentRunner.java:229)
	at org.junit.runners.ParentRunner.run(ParentRunner.java:309)
	at org.junit.runners.Suite.runChild(Suite.java:127)
	at org.junit.runners.Suite.runChild(Suite.java:26)
	at org.junit.runners.ParentRunner$3.run(ParentRunner.java:238)
	at org.junit.runners.ParentRunner$1.schedule(ParentRunner.java:63)
	at org.junit.runners.ParentRunner.runChildren(ParentRunner.java:236)
	at org.junit.runners.ParentRunner.access$000(ParentRunner.java:53)
	at org.junit.runners.ParentRunner$2.evaluate(ParentRunner.java:229)
	at org.junit.runners.ParentRunner.run(ParentRunner.java:309)
	at org.apache.maven.surefire.junit4.JUnit4Provider.execute(JUnit4Provider.java:365)
	at org.apache.maven.surefire.junit4.JUnit4Provider.executeWithRerun(JUnit4Provider.java:273)
	at org.apache.maven.surefire.junit4.JUnit4Provider.executeTestSet(JUnit4Provider.java:238)
	at org.apache.maven.surefire.junit4.JUnit4Provider.invoke(JUnit4Provider.java:159)
	at org.apache.maven.surefire.booter.ForkedBooter.invokeProviderInSameClassLoader(ForkedBooter.java:384)
	at org.apache.maven.surefire.booter.ForkedBooter.runSuitesInProcess(ForkedBooter.java:345)
	at org.apache.maven.surefire.booter.ForkedBooter.execute(ForkedBooter.java:126)
	at org.apache.maven.surefire.booter.ForkedBooter.main(ForkedBooter.java:418)
2019-09-25 07:27:09,620 [99d4f85b-b086-4679-bd31-e70102e86432@group-6135575B23D6:LeaderElection191] INFO  server.RaftServerConfigKeys (ConfUtils.java:logGet(43)) - raft.server.staging.catchup.gap = 1000 (default)
2019-09-25 07:27:09,620 [21837d35-6fee-45df-90a1-45cbd93f8221@group-D85464BAA862:LeaderElection188] INFO  server.RaftServerConfigKeys (ConfUtils.java:logGet(43)) - raft.server.staging.catchup.gap = 1000 (default)
2019-09-25 07:27:09,623 [99d4f85b-b086-4679-bd31-e70102e86432@group-6135575B23D6:LeaderElection191] INFO  server.RaftServerConfigKeys (ConfUtils.java:logGet(43)) - raft.server.rpc.sleep.time = 25ms (default)
2019-09-25 07:27:09,623 [99d4f85b-b086-4679-bd31-e70102e86432@group-65B013ED8493:LeaderElection192] INFO  impl.LeaderElection (LeaderElection.java:run(140)) - 99d4f85b-b086-4679-bd31-e70102e86432@group-65B013ED8493:LeaderElection192: IllegalArgumentException is safely ignored since this is already CLOSING
2019-09-25 07:27:09,623 [99d4f85b-b086-4679-bd31-e70102e86432@group-6135575B23D6:LeaderElection191] INFO  server.RaftServerConfigKeys (ConfUtils.java:logGet(43)) - raft.server.write.element-limit = 4096 (default)
2019-09-25 07:27:09,623 [21837d35-6fee-45df-90a1-45cbd93f8221@group-D85464BAA862:LeaderElection188] INFO  server.RaftServerConfigKeys (ConfUtils.java:logGet(43)) - raft.server.rpc.sleep.time = 25ms (default)
2019-09-25 07:27:09,623 [99d4f85b-b086-4679-bd31-e70102e86432@group-6135575B23D6:LeaderElection191] INFO  server.RaftServerConfigKeys (ConfUtils.java:logGet(43)) - raft.server.watch.timeout = 10s (default)
2019-09-25 07:27:09,624 [21837d35-6fee-45df-90a1-45cbd93f8221@group-D85464BAA862:LeaderElection188] INFO  server.RaftServerConfigKeys (ConfUtils.java:logGet(43)) - raft.server.write.element-limit = 4096 (default)
2019-09-25 07:27:09,624 [99d4f85b-b086-4679-bd31-e70102e86432@group-6135575B23D6:LeaderElection191] INFO  server.RaftServerConfigKeys (ConfUtils.java:logGet(43)) - raft.server.watch.timeout.denomination = 1s (default)
2019-09-25 07:27:09,624 [21837d35-6fee-45df-90a1-45cbd93f8221@group-D85464BAA862:LeaderElection188] INFO  server.RaftServerConfigKeys (ConfUtils.java:logGet(43)) - raft.server.watch.timeout = 10s (default)
2019-09-25 07:27:09,624 [99d4f85b-b086-4679-bd31-e70102e86432@group-6135575B23D6:LeaderElection191] INFO  server.RaftServerConfigKeys (ConfUtils.java:logGet(43)) - raft.server.watch.element-limit = 65536 (default)
2019-09-25 07:27:09,624 [21837d35-6fee-45df-90a1-45cbd93f8221@group-D85464BAA862:LeaderElection188] INFO  server.RaftServerConfigKeys (ConfUtils.java:logGet(43)) - raft.server.watch.timeout.denomination = 1s (default)
2019-09-25 07:27:09,624 [21837d35-6fee-45df-90a1-45cbd93f8221@group-D85464BAA862:LeaderElection188] INFO  server.RaftServerConfigKeys (ConfUtils.java:logGet(43)) - raft.server.watch.element-limit = 65536 (default)
2019-09-25 07:27:09,627 [99d4f85b-b086-4679-bd31-e70102e86432@group-6135575B23D6:LeaderElection191] INFO  impl.RoleInfo (RoleInfo.java:updateAndGet(143)) - 99d4f85b-b086-4679-bd31-e70102e86432: start LeaderState
2019-09-25 07:27:09,627 [21837d35-6fee-45df-90a1-45cbd93f8221@group-D85464BAA862:LeaderElection188] INFO  impl.RoleInfo (RoleInfo.java:updateAndGet(143)) - 21837d35-6fee-45df-90a1-45cbd93f8221: start LeaderState
2019-09-25 07:27:09,627 [99d4f85b-b086-4679-bd31-e70102e86432@group-6135575B23D6:LeaderElection191] INFO  segmented.SegmentedRaftLogWorker (SegmentedRaftLogWorker.java:startLogSegment(380)) - 99d4f85b-b086-4679-bd31-e70102e86432@group-6135575B23D6-SegmentedRaftLogWorker: Starting segment from index:0
2019-09-25 07:27:09,627 [21837d35-6fee-45df-90a1-45cbd93f8221@group-D85464BAA862:LeaderElection188] INFO  segmented.SegmentedRaftLogWorker (SegmentedRaftLogWorker.java:startLogSegment(380)) - 21837d35-6fee-45df-90a1-45cbd93f8221@group-D85464BAA862-SegmentedRaftLogWorker: Starting segment from index:0
2019-09-25 07:27:09,627 [99d4f85b-b086-4679-bd31-e70102e86432@group-6135575B23D6:LeaderElection191] INFO  impl.RaftServerImpl (ServerState.java:setRaftConf(354)) - 99d4f85b-b086-4679-bd31-e70102e86432@group-6135575B23D6: set configuration 0: [99d4f85b-b086-4679-bd31-e70102e86432:192.168.151.106:43975], old=null at 0
2019-09-25 07:27:09,627 [21837d35-6fee-45df-90a1-45cbd93f8221@group-D85464BAA862:LeaderElection188] INFO  impl.RaftServerImpl (ServerState.java:setRaftConf(354)) - 21837d35-6fee-45df-90a1-45cbd93f8221@group-D85464BAA862: set configuration 0: [21837d35-6fee-45df-90a1-45cbd93f8221:192.168.151.106:46516], old=null at 0
2019-09-25 07:27:10,359 [99d4f85b-b086-4679-bd31-e70102e86432@group-7AE34BBE9FA0-SegmentedRaftLogWorker] INFO  segmented.SegmentedRaftLogWorker (SegmentedRaftLogWorker.java:execute(569)) - 99d4f85b-b086-4679-bd31-e70102e86432@group-7AE34BBE9FA0-SegmentedRaftLogWorker: created new log segment /workdir/hadoop-ozone/ozonefs/target/test-dir/MiniOzoneClusterImpl-9ed784a4-cad3-4d57-bc40-122284458440/datanode-1/data/ratis/f0761147-0d17-4d1a-850e-7ae34bbe9fa0/current/log_inprogress_0
2019-09-25 07:27:10,359 [99d4f85b-b086-4679-bd31-e70102e86432@group-4CB54DAAF739-SegmentedRaftLogWorker] WARN  segmented.SegmentedRaftLogOutputStream (SegmentedRaftLogOutputStream.java:<init>(77)) - Hit IOException while creating log segment /workdir/hadoop-ozone/ozonefs/target/test-dir/MiniOzoneClusterImpl-9ed784a4-cad3-4d57-bc40-122284458440/datanode-1/data/ratis/b005335c-0e48-4696-9b6c-4cb54daaf739/current/log_inprogress_0, delete the partial file.
2019-09-25 07:27:10,360 [21837d35-6fee-45df-90a1-45cbd93f8221@group-0F032C0D2920:LeaderElection200] INFO  impl.LeaderElection (LeaderElection.java:askForVotes(182)) - 21837d35-6fee-45df-90a1-45cbd93f8221@group-0F032C0D2920:LeaderElection200: begin an election at term 1 for -1: [21837d35-6fee-45df-90a1-45cbd93f8221:192.168.151.106:46516], old=null
2019-09-25 07:27:10,360 [main] INFO  segmented.SegmentedRaftLogWorker (SegmentedRaftLogWorker.java:close(228)) - 99d4f85b-b086-4679-bd31-e70102e86432@group-4CB54DAAF739-SegmentedRaftLogWorker close()
2019-09-25 07:27:10,360 [21837d35-6fee-45df-90a1-45cbd93f8221@group-123A74154292:LeaderElection198] INFO  impl.LeaderElection (LeaderElection.java:askForVotes(182)) - 21837d35-6fee-45df-90a1-45cbd93f8221@group-123A74154292:LeaderElection198: begin an election at term 1 for -1: [21837d35-6fee-45df-90a1-45cbd93f8221:192.168.151.106:46516], old=null
2019-09-25 07:27:10,364 [21837d35-6fee-45df-90a1-45cbd93f8221@group-D85464BAA862-SegmentedRaftLogWorker] INFO  segmented.SegmentedRaftLogWorker (SegmentedRaftLogWorker.java:execute(569)) - 21837d35-6fee-45df-90a1-45cbd93f8221@group-D85464BAA862-SegmentedRaftLogWorker: created new log segment /workdir/hadoop-ozone/ozonefs/target/test-dir/MiniOzoneClusterImpl-9ed784a4-cad3-4d57-bc40-122284458440/datanode-2/data/ratis/2f991368-2605-4780-89e3-d85464baa862/current/log_inprogress_0
2019-09-25 07:27:10,360 [51b39504-7a0f-4457-92f3-98ebea21e5f7@group-B7D109A0C428:LeaderElection194] INFO  impl.LeaderElection (LeaderElection.java:askForVotes(182)) - 51b39504-7a0f-4457-92f3-98ebea21e5f7@group-B7D109A0C428:LeaderElection194: begin an election at term 1 for -1: [51b39504-7a0f-4457-92f3-98ebea21e5f7:192.168.151.106:42082], old=null
2019-09-25 07:27:10,360 [21837d35-6fee-45df-90a1-45cbd93f8221@group-BB52FB927AC4:LeaderElection196] INFO  impl.LeaderElection (LeaderElection.java:askForVotes(182)) - 21837d35-6fee-45df-90a1-45cbd93f8221@group-BB52FB927AC4:LeaderElection196: begin an election at term 1 for -1: [21837d35-6fee-45df-90a1-45cbd93f8221:192.168.151.106:46516], old=null
2019-09-25 07:27:10,360 [51b39504-7a0f-4457-92f3-98ebea21e5f7@group-10BE2A9545C5:LeaderElection195] INFO  impl.LeaderElection (LeaderElection.java:askForVotes(182)) - 51b39504-7a0f-4457-92f3-98ebea21e5f7@group-10BE2A9545C5:LeaderElection195: begin an election at term 1 for -1: [51b39504-7a0f-4457-92f3-98ebea21e5f7:192.168.151.106:42082], old=null
2019-09-25 07:27:10,360 [21837d35-6fee-45df-90a1-45cbd93f8221@group-BFB3CEA3D620:LeaderElection199] INFO  impl.LeaderElection (LeaderElection.java:askForVotes(182)) - 21837d35-6fee-45df-90a1-45cbd93f8221@group-BFB3CEA3D620:LeaderElection199: begin an election at term 1 for -1: [21837d35-6fee-45df-90a1-45cbd93f8221:192.168.151.106:46516], old=null
2019-09-25 07:27:10,360 [21837d35-6fee-45df-90a1-45cbd93f8221@group-697B11EBF445:LeaderElection197] INFO  impl.LeaderElection (LeaderElection.java:askForVotes(182)) - 21837d35-6fee-45df-90a1-45cbd93f8221@group-697B11EBF445:LeaderElection197: begin an election at term 1 for -1: [21837d35-6fee-45df-90a1-45cbd93f8221:192.168.151.106:46516], old=null
2019-09-25 07:27:10,365 [21837d35-6fee-45df-90a1-45cbd93f8221@group-BFB3CEA3D620:LeaderElection199] INFO  impl.RoleInfo (RoleInfo.java:shutdownLeaderElection(134)) - 21837d35-6fee-45df-90a1-45cbd93f8221: shutdown LeaderElection
2019-09-25 07:27:10,365 [51b39504-7a0f-4457-92f3-98ebea21e5f7@group-10BE2A9545C5:LeaderElection195] INFO  impl.LeaderElection (LogUtils.java:infoOrTrace(149)) - Failed 51b39504-7a0f-4457-92f3-98ebea21e5f7@group-10BE2A9545C5:LeaderElection195, state=CLOSING: {}
java.lang.IllegalArgumentException: 51b39504-7a0f-4457-92f3-98ebea21e5f7@group-10BE2A9545C5-SegmentedRaftLog is expected to be opened but it is CLOSED
	at org.apache.ratis.util.OpenCloseState.assertOpen(OpenCloseState.java:63)
	at org.apache.ratis.server.raftlog.RaftLog.checkLogState(RaftLog.java:102)
	at org.apache.ratis.server.raftlog.segmented.SegmentedRaftLog.getLastEntryTermIndex(SegmentedRaftLog.java:324)
	at org.apache.ratis.server.impl.LeaderElection.askForVotes(LeaderElection.java:184)
	at org.apache.ratis.server.impl.LeaderElection.run(LeaderElection.java:133)
	at java.lang.Thread.run(Thread.java:748)
Caused by: org.apache.ratis.util.OpenCloseState$CloseTrace: Close 51b39504-7a0f-4457-92f3-98ebea21e5f7@group-10BE2A9545C5-SegmentedRaftLog
	at org.apache.ratis.util.OpenCloseState.lambda$close$1(OpenCloseState.java:109)
	at java.util.concurrent.atomic.AtomicReference.getAndUpdate(AtomicReference.java:160)
	at org.apache.ratis.util.OpenCloseState.close(OpenCloseState.java:109)
	at org.apache.ratis.server.raftlog.RaftLog.close(RaftLog.java:437)
	at org.apache.ratis.server.raftlog.segmented.SegmentedRaftLog.close(SegmentedRaftLog.java:476)
	at org.apache.ratis.server.impl.ServerState.close(ServerState.java:387)
	at org.apache.ratis.server.impl.RaftServerImpl.lambda$shutdown$3(RaftServerImpl.java:273)
	at org.apache.ratis.util.LifeCycle.lambda$checkStateAndClose$2(LifeCycle.java:231)
	at org.apache.ratis.util.LifeCycle.checkStateAndClose(LifeCycle.java:251)
	at org.apache.ratis.util.LifeCycle.checkStateAndClose(LifeCycle.java:229)
	at org.apache.ratis.server.impl.RaftServerImpl.shutdown(RaftServerImpl.java:250)
	at org.apache.ratis.server.impl.RaftServerProxy$ImplMap.lambda$close$0(RaftServerProxy.java:107)
	at java.util.stream.ForEachOps$ForEachOp$OfRef.accept(ForEachOps.java:184)
	at java.util.stream.ReferencePipeline$3$1.accept(ReferencePipeline.java:193)
	at java.util.concurrent.ConcurrentHashMap$ValueSpliterator.forEachRemaining(ConcurrentHashMap.java:3566)
	at java.util.stream.AbstractPipeline.copyInto(AbstractPipeline.java:482)
	at java.util.stream.ForEachOps$ForEachTask.compute(ForEachOps.java:291)
	at java.util.concurrent.CountedCompleter.exec(CountedCompleter.java:731)
	at java.util.concurrent.ForkJoinTask.doExec(ForkJoinTask.java:289)
	at java.util.concurrent.ForkJoinPool.helpComplete(ForkJoinPool.java:1870)
	at java.util.concurrent.ForkJoinPool.awaitJoin(ForkJoinPool.java:2045)
	at java.util.concurrent.ForkJoinTask.doInvoke(ForkJoinTask.java:404)
	at java.util.concurrent.ForkJoinTask.invoke(ForkJoinTask.java:734)
	at java.util.stream.ForEachOps$ForEachOp.evaluateParallel(ForEachOps.java:160)
	at java.util.stream.ForEachOps$ForEachOp$OfRef.evaluateParallel(ForEachOps.java:174)
	at java.util.stream.AbstractPipeline.evaluate(AbstractPipeline.java:233)
	at java.util.stream.ReferencePipeline.forEach(ReferencePipeline.java:418)
	at org.apache.ratis.server.impl.RaftServerProxy$ImplMap.close(RaftServerProxy.java:107)
	at org.apache.ratis.server.impl.RaftServerProxy.lambda$close$4(RaftServerProxy.java:315)
	at org.apache.ratis.util.LifeCycle.lambda$checkStateAndClose$2(LifeCycle.java:231)
	at org.apache.ratis.util.LifeCycle.checkStateAndClose(LifeCycle.java:251)
	at org.apache.ratis.util.LifeCycle.checkStateAndClose(LifeCycle.java:229)
	at org.apache.ratis.server.impl.RaftServerProxy.close(RaftServerProxy.java:313)
	at org.apache.hadoop.ozone.container.common.transport.server.ratis.XceiverServerRatis.stop(XceiverServerRatis.java:441)
	at org.apache.hadoop.ozone.container.ozoneimpl.OzoneContainer.stop(OzoneContainer.java:233)
	at org.apache.hadoop.ozone.container.common.statemachine.DatanodeStateMachine.close(DatanodeStateMachine.java:270)
	at org.apache.hadoop.ozone.container.common.statemachine.DatanodeStateMachine.stopDaemon(DatanodeStateMachine.java:394)
	at org.apache.hadoop.ozone.HddsDatanodeService.stop(HddsDatanodeService.java:457)
	at org.apache.hadoop.ozone.MiniOzoneClusterImpl.stopDatanode(MiniOzoneClusterImpl.java:385)
	at java.util.stream.ForEachOps$ForEachOp$OfRef.accept(ForEachOps.java:184)
	at java.util.ArrayList$ArrayListSpliterator.forEachRemaining(ArrayList.java:1382)
	at java.util.stream.AbstractPipeline.copyInto(AbstractPipeline.java:482)
	at java.util.stream.ForEachOps$ForEachTask.compute(ForEachOps.java:291)
	at java.util.concurrent.CountedCompleter.exec(CountedCompleter.java:731)
	at java.util.concurrent.ForkJoinTask.doExec(ForkJoinTask.java:289)
	at java.util.concurrent.ForkJoinPool$WorkQueue.runTask(ForkJoinPool.java:1056)
	at java.util.concurrent.ForkJoinPool.runWorker(ForkJoinPool.java:1692)
	at java.util.concurrent.ForkJoinWorkerThread.run(ForkJoinWorkerThread.java:157)
2019-09-25 07:27:10,368 [51b39504-7a0f-4457-92f3-98ebea21e5f7@group-10BE2A9545C5:LeaderElection195] INFO  impl.LeaderElection (LeaderElection.java:run(140)) - 51b39504-7a0f-4457-92f3-98ebea21e5f7@group-10BE2A9545C5:LeaderElection195: IllegalArgumentException is safely ignored since this is already CLOSING
2019-09-25 07:27:10,365 [21837d35-6fee-45df-90a1-45cbd93f8221@group-BB52FB927AC4:LeaderElection196] INFO  impl.RoleInfo (RoleInfo.java:shutdownLeaderElection(134)) - 21837d35-6fee-45df-90a1-45cbd93f8221: shutdown LeaderElection
2019-09-25 07:27:10,365 [51b39504-7a0f-4457-92f3-98ebea21e5f7@group-B7D109A0C428:LeaderElection194] INFO  impl.LeaderElection (LogUtils.java:infoOrTrace(149)) - Failed 51b39504-7a0f-4457-92f3-98ebea21e5f7@group-B7D109A0C428:LeaderElection194, state=CLOSING: {}
java.lang.IllegalArgumentException: 51b39504-7a0f-4457-92f3-98ebea21e5f7@group-B7D109A0C428-SegmentedRaftLog is expected to be opened but it is CLOSED
	at org.apache.ratis.util.OpenCloseState.assertOpen(OpenCloseState.java:63)
	at org.apache.ratis.server.raftlog.RaftLog.checkLogState(RaftLog.java:102)
	at org.apache.ratis.server.raftlog.segmented.SegmentedRaftLog.getLastEntryTermIndex(SegmentedRaftLog.java:324)
	at org.apache.ratis.server.impl.LeaderElection.askForVotes(LeaderElection.java:184)
	at org.apache.ratis.server.impl.LeaderElection.run(LeaderElection.java:133)
	at java.lang.Thread.run(Thread.java:748)
Caused by: org.apache.ratis.util.OpenCloseState$CloseTrace: Close 51b39504-7a0f-4457-92f3-98ebea21e5f7@group-B7D109A0C428-SegmentedRaftLog
	at org.apache.ratis.util.OpenCloseState.lambda$close$1(OpenCloseState.java:109)
	at java.util.concurrent.atomic.AtomicReference.getAndUpdate(AtomicReference.java:160)
	at org.apache.ratis.util.OpenCloseState.close(OpenCloseState.java:109)
	at org.apache.ratis.server.raftlog.RaftLog.close(RaftLog.java:437)
	at org.apache.ratis.server.raftlog.segmented.SegmentedRaftLog.close(SegmentedRaftLog.java:476)
	at org.apache.ratis.server.impl.ServerState.close(ServerState.java:387)
	at org.apache.ratis.server.impl.RaftServerImpl.lambda$shutdown$3(RaftServerImpl.java:273)
	at org.apache.ratis.util.LifeCycle.lambda$checkStateAndClose$2(LifeCycle.java:231)
	at org.apache.ratis.util.LifeCycle.checkStateAndClose(LifeCycle.java:251)
	at org.apache.ratis.util.LifeCycle.checkStateAndClose(LifeCycle.java:229)
	at org.apache.ratis.server.impl.RaftServerImpl.shutdown(RaftServerImpl.java:250)
	at org.apache.ratis.server.impl.RaftServerProxy$ImplMap.lambda$close$0(RaftServerProxy.java:107)
	at java.util.stream.ForEachOps$ForEachOp$OfRef.accept(ForEachOps.java:184)
	at java.util.stream.ReferencePipeline$3$1.accept(ReferencePipeline.java:193)
	at java.util.concurrent.ConcurrentHashMap$ValueSpliterator.forEachRemaining(ConcurrentHashMap.java:3566)
	at java.util.stream.AbstractPipeline.copyInto(AbstractPipeline.java:482)
	at java.util.stream.ForEachOps$ForEachTask.compute(ForEachOps.java:291)
	at java.util.concurrent.CountedCompleter.exec(CountedCompleter.java:731)
	at java.util.concurrent.ForkJoinTask.doExec(ForkJoinTask.java:289)
	at java.util.concurrent.ForkJoinTask.doInvoke(ForkJoinTask.java:401)
	at java.util.concurrent.ForkJoinTask.invoke(ForkJoinTask.java:734)
	at java.util.stream.ForEachOps$ForEachOp.evaluateParallel(ForEachOps.java:160)
	at java.util.stream.ForEachOps$ForEachOp$OfRef.evaluateParallel(ForEachOps.java:174)
	at java.util.stream.AbstractPipeline.evaluate(AbstractPipeline.java:233)
	at java.util.stream.ReferencePipeline.forEach(ReferencePipeline.java:418)
	at org.apache.ratis.server.impl.RaftServerProxy$ImplMap.close(RaftServerProxy.java:107)
	at org.apache.ratis.server.impl.RaftServerProxy.lambda$close$4(RaftServerProxy.java:315)
	at org.apache.ratis.util.LifeCycle.lambda$checkStateAndClose$2(LifeCycle.java:231)
	at org.apache.ratis.util.LifeCycle.checkStateAndClose(LifeCycle.java:251)
	at org.apache.ratis.util.LifeCycle.checkStateAndClose(LifeCycle.java:229)
	at org.apache.ratis.server.impl.RaftServerProxy.close(RaftServerProxy.java:313)
	at org.apache.hadoop.ozone.container.common.transport.server.ratis.XceiverServerRatis.stop(XceiverServerRatis.java:441)
	at org.apache.hadoop.ozone.container.ozoneimpl.OzoneContainer.stop(OzoneContainer.java:233)
	at org.apache.hadoop.ozone.container.common.statemachine.DatanodeStateMachine.close(DatanodeStateMachine.java:270)
	at org.apache.hadoop.ozone.container.common.statemachine.DatanodeStateMachine.stopDaemon(DatanodeStateMachine.java:394)
	at org.apache.hadoop.ozone.HddsDatanodeService.stop(HddsDatanodeService.java:457)
	at org.apache.hadoop.ozone.MiniOzoneClusterImpl.stopDatanode(MiniOzoneClusterImpl.java:385)
	at java.util.stream.ForEachOps$ForEachOp$OfRef.accept(ForEachOps.java:184)
	at java.util.ArrayList$ArrayListSpliterator.forEachRemaining(ArrayList.java:1382)
	at java.util.stream.AbstractPipeline.copyInto(AbstractPipeline.java:482)
	at java.util.stream.ForEachOps$ForEachTask.compute(ForEachOps.java:291)
	at java.util.concurrent.CountedCompleter.exec(CountedCompleter.java:731)
	at java.util.concurrent.ForkJoinTask.doExec(ForkJoinTask.java:289)
	at java.util.concurrent.ForkJoinPool$WorkQueue.runTask(ForkJoinPool.java:1056)
	at java.util.concurrent.ForkJoinPool.runWorker(ForkJoinPool.java:1692)
	at java.util.concurrent.ForkJoinWorkerThread.run(ForkJoinWorkerThread.java:157)
2019-09-25 07:27:10,371 [51b39504-7a0f-4457-92f3-98ebea21e5f7@group-B7D109A0C428:LeaderElection194] INFO  impl.LeaderElection (LeaderElection.java:run(140)) - 51b39504-7a0f-4457-92f3-98ebea21e5f7@group-B7D109A0C428:LeaderElection194: IllegalArgumentException is safely ignored since this is already CLOSING
2019-09-25 07:27:10,364 [21837d35-6fee-45df-90a1-45cbd93f8221@group-123A74154292:LeaderElection198] INFO  impl.RoleInfo (RoleInfo.java:shutdownLeaderElection(134)) - 21837d35-6fee-45df-90a1-45cbd93f8221: shutdown LeaderElection
2019-09-25 07:27:10,364 [99d4f85b-b086-4679-bd31-e70102e86432@group-6135575B23D6-SegmentedRaftLogWorker] INFO  segmented.SegmentedRaftLogWorker (SegmentedRaftLogWorker.java:execute(569)) - 99d4f85b-b086-4679-bd31-e70102e86432@group-6135575B23D6-SegmentedRaftLogWorker: created new log segment /workdir/hadoop-ozone/ozonefs/target/test-dir/MiniOzoneClusterImpl-9ed784a4-cad3-4d57-bc40-122284458440/datanode-1/data/ratis/a5d8471e-a568-4acd-8645-6135575b23d6/current/log_inprogress_0
2019-09-25 07:27:10,364 [main] INFO  impl.RaftServerImpl (RaftServerImpl.java:lambda$shutdown$3(251)) - 99d4f85b-b086-4679-bd31-e70102e86432@group-6135575B23D6: shutdown
2019-09-25 07:27:10,360 [21837d35-6fee-45df-90a1-45cbd93f8221@group-0F032C0D2920:LeaderElection200] INFO  impl.RoleInfo (RoleInfo.java:shutdownLeaderElection(134)) - 21837d35-6fee-45df-90a1-45cbd93f8221: shutdown LeaderElection
2019-09-25 07:27:10,372 [main] INFO  util.JmxRegister (JmxRegister.java:unregister(73)) - Successfully un-registered JMX Bean with object name Ratis:service=RaftServer,group=group-6135575B23D6,id=99d4f85b-b086-4679-bd31-e70102e86432
2019-09-25 07:27:10,373 [main] INFO  impl.RoleInfo (RoleInfo.java:shutdownLeaderState(104)) - 99d4f85b-b086-4679-bd31-e70102e86432: shutdown LeaderState
2019-09-25 07:27:10,372 [21837d35-6fee-45df-90a1-45cbd93f8221@group-123A74154292:LeaderElection198] INFO  impl.RaftServerImpl (RaftServerImpl.java:setRole(174)) - 21837d35-6fee-45df-90a1-45cbd93f8221@group-123A74154292: changes role from CANDIDATE to LEADER at term 1 for changeToLeader
2019-09-25 07:27:10,369 [21837d35-6fee-45df-90a1-45cbd93f8221@group-BB52FB927AC4:LeaderElection196] INFO  impl.RaftServerImpl (RaftServerImpl.java:setRole(174)) - 21837d35-6fee-45df-90a1-45cbd93f8221@group-BB52FB927AC4: changes role from CANDIDATE to LEADER at term 1 for changeToLeader
2019-09-25 07:27:10,374 [21837d35-6fee-45df-90a1-45cbd93f8221@group-BB52FB927AC4:LeaderElection196] INFO  impl.RaftServerImpl (ServerState.java:setLeader(253)) - 21837d35-6fee-45df-90a1-45cbd93f8221@group-BB52FB927AC4: change Leader from null to 21837d35-6fee-45df-90a1-45cbd93f8221 at term 1 for becomeLeader, leader elected after 6205ms
2019-09-25 07:27:10,366 [21837d35-6fee-45df-90a1-45cbd93f8221@group-BFB3CEA3D620:LeaderElection199] INFO  impl.RaftServerImpl (RaftServerImpl.java:setRole(174)) - 21837d35-6fee-45df-90a1-45cbd93f8221@group-BFB3CEA3D620: changes role from CANDIDATE to LEADER at term 1 for changeToLeader
2019-09-25 07:27:10,374 [21837d35-6fee-45df-90a1-45cbd93f8221@group-BFB3CEA3D620:LeaderElection199] INFO  impl.RaftServerImpl (ServerState.java:setLeader(253)) - 21837d35-6fee-45df-90a1-45cbd93f8221@group-BFB3CEA3D620: change Leader from null to 21837d35-6fee-45df-90a1-45cbd93f8221 at term 1 for becomeLeader, leader elected after 6125ms
2019-09-25 07:27:10,365 [21837d35-6fee-45df-90a1-45cbd93f8221@group-697B11EBF445:LeaderElection197] INFO  impl.RoleInfo (RoleInfo.java:shutdownLeaderElection(134)) - 21837d35-6fee-45df-90a1-45cbd93f8221: shutdown LeaderElection
2019-09-25 07:27:10,374 [21837d35-6fee-45df-90a1-45cbd93f8221@group-BFB3CEA3D620:LeaderElection199] INFO  server.RaftServerConfigKeys (ConfUtils.java:logGet(43)) - raft.server.staging.catchup.gap = 1000 (default)
2019-09-25 07:27:10,374 [21837d35-6fee-45df-90a1-45cbd93f8221@group-BB52FB927AC4:LeaderElection196] INFO  server.RaftServerConfigKeys (ConfUtils.java:logGet(43)) - raft.server.staging.catchup.gap = 1000 (default)
2019-09-25 07:27:10,374 [21837d35-6fee-45df-90a1-45cbd93f8221@group-BB52FB927AC4:LeaderElection196] INFO  server.RaftServerConfigKeys (ConfUtils.java:logGet(43)) - raft.server.rpc.sleep.time = 25ms (default)
2019-09-25 07:27:10,374 [21837d35-6fee-45df-90a1-45cbd93f8221@group-123A74154292:LeaderElection198] INFO  impl.RaftServerImpl (ServerState.java:setLeader(253)) - 21837d35-6fee-45df-90a1-45cbd93f8221@group-123A74154292: change Leader from null to 21837d35-6fee-45df-90a1-45cbd93f8221 at term 1 for becomeLeader, leader elected after 6250ms
2019-09-25 07:27:10,373 [main] INFO  impl.PendingRequests (PendingRequests.java:sendNotLeaderResponses(202)) - 99d4f85b-b086-4679-bd31-e70102e86432-PendingRequests: sendNotLeaderResponses
2019-09-25 07:27:10,373 [21837d35-6fee-45df-90a1-45cbd93f8221@group-0F032C0D2920:LeaderElection200] INFO  impl.RaftServerImpl (RaftServerImpl.java:setRole(174)) - 21837d35-6fee-45df-90a1-45cbd93f8221@group-0F032C0D2920: changes role from CANDIDATE to LEADER at term 1 for changeToLeader
2019-09-25 07:27:10,375 [main] INFO  impl.StateMachineUpdater (StateMachineUpdater.java:stopAndJoin(125)) - 99d4f85b-b086-4679-bd31-e70102e86432@group-6135575B23D6-StateMachineUpdater: set stopIndex = -1
2019-09-25 07:27:10,376 [main] INFO  impl.RaftServerImpl (ServerState.java:close(385)) - 99d4f85b-b086-4679-bd31-e70102e86432@group-6135575B23D6: closes. applyIndex: -1
2019-09-25 07:27:10,375 [21837d35-6fee-45df-90a1-45cbd93f8221@group-123A74154292:LeaderElection198] INFO  server.RaftServerConfigKeys (ConfUtils.java:logGet(43)) - raft.server.staging.catchup.gap = 1000 (default)
2019-09-25 07:27:10,375 [21837d35-6fee-45df-90a1-45cbd93f8221@group-BB52FB927AC4:LeaderElection196] INFO  server.RaftServerConfigKeys (ConfUtils.java:logGet(43)) - raft.server.write.element-limit = 4096 (default)
2019-09-25 07:27:10,374 [21837d35-6fee-45df-90a1-45cbd93f8221@group-BFB3CEA3D620:LeaderElection199] INFO  server.RaftServerConfigKeys (ConfUtils.java:logGet(43)) - raft.server.rpc.sleep.time = 25ms (default)
2019-09-25 07:27:10,374 [21837d35-6fee-45df-90a1-45cbd93f8221@group-697B11EBF445:LeaderElection197] INFO  impl.RaftServerImpl (RaftServerImpl.java:setRole(174)) - 21837d35-6fee-45df-90a1-45cbd93f8221@group-697B11EBF445: changes role from CANDIDATE to LEADER at term 1 for changeToLeader
2019-09-25 07:27:10,377 [21837d35-6fee-45df-90a1-45cbd93f8221@group-BFB3CEA3D620:LeaderElection199] INFO  server.RaftServerConfigKeys (ConfUtils.java:logGet(43)) - raft.server.write.element-limit = 4096 (default)
2019-09-25 07:27:10,377 [21837d35-6fee-45df-90a1-45cbd93f8221@group-BB52FB927AC4:LeaderElection196] INFO  server.RaftServerConfigKeys (ConfUtils.java:logGet(43)) - raft.server.watch.timeout = 10s (default)
2019-09-25 07:27:10,377 [21837d35-6fee-45df-90a1-45cbd93f8221@group-BB52FB927AC4:LeaderElection196] INFO  server.RaftServerConfigKeys (ConfUtils.java:logGet(43)) - raft.server.watch.timeout.denomination = 1s (default)
2019-09-25 07:27:10,377 [21837d35-6fee-45df-90a1-45cbd93f8221@group-123A74154292:LeaderElection198] INFO  server.RaftServerConfigKeys (ConfUtils.java:logGet(43)) - raft.server.rpc.sleep.time = 25ms (default)
2019-09-25 07:27:10,375 [21837d35-6fee-45df-90a1-45cbd93f8221@group-0F032C0D2920:LeaderElection200] INFO  impl.RaftServerImpl (ServerState.java:setLeader(253)) - 21837d35-6fee-45df-90a1-45cbd93f8221@group-0F032C0D2920: change Leader from null to 21837d35-6fee-45df-90a1-45cbd93f8221 at term 1 for becomeLeader, leader elected after 6078ms
2019-09-25 07:27:10,378 [21837d35-6fee-45df-90a1-45cbd93f8221@group-123A74154292:LeaderElection198] INFO  server.RaftServerConfigKeys (ConfUtils.java:logGet(43)) - raft.server.write.element-limit = 4096 (default)
2019-09-25 07:27:10,377 [21837d35-6fee-45df-90a1-45cbd93f8221@group-BB52FB927AC4:LeaderElection196] INFO  server.RaftServerConfigKeys (ConfUtils.java:logGet(43)) - raft.server.watch.element-limit = 65536 (default)
2019-09-25 07:27:10,377 [21837d35-6fee-45df-90a1-45cbd93f8221@group-BFB3CEA3D620:LeaderElection199] INFO  server.RaftServerConfigKeys (ConfUtils.java:logGet(43)) - raft.server.watch.timeout = 10s (default)
2019-09-25 07:27:10,377 [21837d35-6fee-45df-90a1-45cbd93f8221@group-697B11EBF445:LeaderElection197] INFO  impl.RaftServerImpl (ServerState.java:setLeader(253)) - 21837d35-6fee-45df-90a1-45cbd93f8221@group-697B11EBF445: change Leader from null to 21837d35-6fee-45df-90a1-45cbd93f8221 at term 1 for becomeLeader, leader elected after 6166ms
2019-09-25 07:27:10,378 [21837d35-6fee-45df-90a1-45cbd93f8221@group-BFB3CEA3D620:LeaderElection199] INFO  server.RaftServerConfigKeys (ConfUtils.java:logGet(43)) - raft.server.watch.timeout.denomination = 1s (default)
2019-09-25 07:27:10,379 [21837d35-6fee-45df-90a1-45cbd93f8221@group-BFB3CEA3D620:LeaderElection199] INFO  server.RaftServerConfigKeys (ConfUtils.java:logGet(43)) - raft.server.watch.element-limit = 65536 (default)
2019-09-25 07:27:10,378 [21837d35-6fee-45df-90a1-45cbd93f8221@group-123A74154292:LeaderElection198] INFO  server.RaftServerConfigKeys (ConfUtils.java:logGet(43)) - raft.server.watch.timeout = 10s (default)
2019-09-25 07:27:10,379 [21837d35-6fee-45df-90a1-45cbd93f8221@group-123A74154292:LeaderElection198] INFO  server.RaftServerConfigKeys (ConfUtils.java:logGet(43)) - raft.server.watch.timeout.denomination = 1s (default)
2019-09-25 07:27:10,378 [21837d35-6fee-45df-90a1-45cbd93f8221@group-0F032C0D2920:LeaderElection200] INFO  server.RaftServerConfigKeys (ConfUtils.java:logGet(43)) - raft.server.staging.catchup.gap = 1000 (default)
2019-09-25 07:27:10,379 [21837d35-6fee-45df-90a1-45cbd93f8221@group-123A74154292:LeaderElection198] INFO  server.RaftServerConfigKeys (ConfUtils.java:logGet(43)) - raft.server.watch.element-limit = 65536 (default)
2019-09-25 07:27:10,379 [21837d35-6fee-45df-90a1-45cbd93f8221@group-697B11EBF445:LeaderElection197] INFO  server.RaftServerConfigKeys (ConfUtils.java:logGet(43)) - raft.server.staging.catchup.gap = 1000 (default)
2019-09-25 07:27:10,379 [21837d35-6fee-45df-90a1-45cbd93f8221@group-0F032C0D2920:LeaderElection200] INFO  server.RaftServerConfigKeys (ConfUtils.java:logGet(43)) - raft.server.rpc.sleep.time = 25ms (default)
2019-09-25 07:27:10,379 [21837d35-6fee-45df-90a1-45cbd93f8221@group-697B11EBF445:LeaderElection197] INFO  server.RaftServerConfigKeys (ConfUtils.java:logGet(43)) - raft.server.rpc.sleep.time = 25ms (default)
2019-09-25 07:27:10,380 [21837d35-6fee-45df-90a1-45cbd93f8221@group-0F032C0D2920:LeaderElection200] INFO  server.RaftServerConfigKeys (ConfUtils.java:logGet(43)) - raft.server.write.element-limit = 4096 (default)
2019-09-25 07:27:10,380 [21837d35-6fee-45df-90a1-45cbd93f8221@group-697B11EBF445:LeaderElection197] INFO  server.RaftServerConfigKeys (ConfUtils.java:logGet(43)) - raft.server.write.element-limit = 4096 (default)
2019-09-25 07:27:10,380 [21837d35-6fee-45df-90a1-45cbd93f8221@group-0F032C0D2920:LeaderElection200] INFO  server.RaftServerConfigKeys (ConfUtils.java:logGet(43)) - raft.server.watch.timeout = 10s (default)
2019-09-25 07:27:10,380 [21837d35-6fee-45df-90a1-45cbd93f8221@group-697B11EBF445:LeaderElection197] INFO  server.RaftServerConfigKeys (ConfUtils.java:logGet(43)) - raft.server.watch.timeout = 10s (default)
2019-09-25 07:27:10,380 [21837d35-6fee-45df-90a1-45cbd93f8221@group-0F032C0D2920:LeaderElection200] INFO  server.RaftServerConfigKeys (ConfUtils.java:logGet(43)) - raft.server.watch.timeout.denomination = 1s (default)
2019-09-25 07:27:10,380 [21837d35-6fee-45df-90a1-45cbd93f8221@group-697B11EBF445:LeaderElection197] INFO  server.RaftServerConfigKeys (ConfUtils.java:logGet(43)) - raft.server.watch.timeout.denomination = 1s (default)
2019-09-25 07:27:10,381 [21837d35-6fee-45df-90a1-45cbd93f8221@group-0F032C0D2920:LeaderElection200] INFO  server.RaftServerConfigKeys (ConfUtils.java:logGet(43)) - raft.server.watch.element-limit = 65536 (default)
2019-09-25 07:27:10,381 [21837d35-6fee-45df-90a1-45cbd93f8221@group-BB52FB927AC4:LeaderElection196] INFO  impl.RoleInfo (RoleInfo.java:updateAndGet(143)) - 21837d35-6fee-45df-90a1-45cbd93f8221: start LeaderState
2019-09-25 07:27:10,381 [21837d35-6fee-45df-90a1-45cbd93f8221@group-697B11EBF445:LeaderElection197] INFO  server.RaftServerConfigKeys (ConfUtils.java:logGet(43)) - raft.server.watch.element-limit = 65536 (default)
2019-09-25 07:27:10,381 [21837d35-6fee-45df-90a1-45cbd93f8221@group-BB52FB927AC4:LeaderElection196] INFO  segmented.SegmentedRaftLogWorker (SegmentedRaftLogWorker.java:startLogSegment(380)) - 21837d35-6fee-45df-90a1-45cbd93f8221@group-BB52FB927AC4-SegmentedRaftLogWorker: Starting segment from index:0
2019-09-25 07:27:10,382 [21837d35-6fee-45df-90a1-45cbd93f8221@group-BB52FB927AC4:LeaderElection196] INFO  impl.RaftServerImpl (ServerState.java:setRaftConf(354)) - 21837d35-6fee-45df-90a1-45cbd93f8221@group-BB52FB927AC4: set configuration 0: [21837d35-6fee-45df-90a1-45cbd93f8221:192.168.151.106:46516], old=null at 0
2019-09-25 07:27:10,382 [21837d35-6fee-45df-90a1-45cbd93f8221@group-BFB3CEA3D620:LeaderElection199] INFO  impl.RoleInfo (RoleInfo.java:updateAndGet(143)) - 21837d35-6fee-45df-90a1-45cbd93f8221: start LeaderState
2019-09-25 07:27:10,382 [21837d35-6fee-45df-90a1-45cbd93f8221@group-BFB3CEA3D620:LeaderElection199] INFO  segmented.SegmentedRaftLogWorker (SegmentedRaftLogWorker.java:startLogSegment(380)) - 21837d35-6fee-45df-90a1-45cbd93f8221@group-BFB3CEA3D620-SegmentedRaftLogWorker: Starting segment from index:0
2019-09-25 07:27:10,383 [21837d35-6fee-45df-90a1-45cbd93f8221@group-BFB3CEA3D620:LeaderElection199] INFO  impl.RaftServerImpl (ServerState.java:setRaftConf(354)) - 21837d35-6fee-45df-90a1-45cbd93f8221@group-BFB3CEA3D620: set configuration 0: [21837d35-6fee-45df-90a1-45cbd93f8221:192.168.151.106:46516], old=null at 0
2019-09-25 07:27:10,383 [21837d35-6fee-45df-90a1-45cbd93f8221@group-123A74154292:LeaderElection198] INFO  impl.RoleInfo (RoleInfo.java:updateAndGet(143)) - 21837d35-6fee-45df-90a1-45cbd93f8221: start LeaderState
2019-09-25 07:27:10,383 [21837d35-6fee-45df-90a1-45cbd93f8221@group-123A74154292:LeaderElection198] INFO  segmented.SegmentedRaftLogWorker (SegmentedRaftLogWorker.java:startLogSegment(380)) - 21837d35-6fee-45df-90a1-45cbd93f8221@group-123A74154292-SegmentedRaftLogWorker: Starting segment from index:0
2019-09-25 07:27:10,383 [21837d35-6fee-45df-90a1-45cbd93f8221@group-123A74154292:LeaderElection198] INFO  impl.RaftServerImpl (ServerState.java:setRaftConf(354)) - 21837d35-6fee-45df-90a1-45cbd93f8221@group-123A74154292: set configuration 0: [21837d35-6fee-45df-90a1-45cbd93f8221:192.168.151.106:46516], old=null at 0
2019-09-25 07:27:10,384 [21837d35-6fee-45df-90a1-45cbd93f8221@group-0F032C0D2920:LeaderElection200] INFO  impl.RoleInfo (RoleInfo.java:updateAndGet(143)) - 21837d35-6fee-45df-90a1-45cbd93f8221: start LeaderState
2019-09-25 07:27:10,385 [21837d35-6fee-45df-90a1-45cbd93f8221@group-0F032C0D2920:LeaderElection200] INFO  segmented.SegmentedRaftLogWorker (SegmentedRaftLogWorker.java:startLogSegment(380)) - 21837d35-6fee-45df-90a1-45cbd93f8221@group-0F032C0D2920-SegmentedRaftLogWorker: Starting segment from index:0
2019-09-25 07:27:10,385 [21837d35-6fee-45df-90a1-45cbd93f8221@group-697B11EBF445:LeaderElection197] INFO  impl.RoleInfo (RoleInfo.java:updateAndGet(143)) - 21837d35-6fee-45df-90a1-45cbd93f8221: start LeaderState
2019-09-25 07:27:10,385 [21837d35-6fee-45df-90a1-45cbd93f8221@group-697B11EBF445:LeaderElection197] INFO  segmented.SegmentedRaftLogWorker (SegmentedRaftLogWorker.java:startLogSegment(380)) - 21837d35-6fee-45df-90a1-45cbd93f8221@group-697B11EBF445-SegmentedRaftLogWorker: Starting segment from index:0
2019-09-25 07:27:10,385 [21837d35-6fee-45df-90a1-45cbd93f8221@group-0F032C0D2920:LeaderElection200] INFO  impl.RaftServerImpl (ServerState.java:setRaftConf(354)) - 21837d35-6fee-45df-90a1-45cbd93f8221@group-0F032C0D2920: set configuration 0: [21837d35-6fee-45df-90a1-45cbd93f8221:192.168.151.106:46516], old=null at 0
2019-09-25 07:27:10,386 [21837d35-6fee-45df-90a1-45cbd93f8221@group-697B11EBF445:LeaderElection197] INFO  impl.RaftServerImpl (ServerState.java:setRaftConf(354)) - 21837d35-6fee-45df-90a1-45cbd93f8221@group-697B11EBF445: set configuration 0: [21837d35-6fee-45df-90a1-45cbd93f8221:192.168.151.106:46516], old=null at 0
2019-09-25 07:27:10,677 [99d4f85b-b086-4679-bd31-e70102e86432@group-6135575B23D6-SegmentedRaftLogWorker] INFO  segmented.SegmentedRaftLogWorker (SegmentedRaftLogWorker.java:run(320)) - 99d4f85b-b086-4679-bd31-e70102e86432@group-6135575B23D6-SegmentedRaftLogWorker got closed and hit exception
java.lang.NullPointerException
	at org.apache.hadoop.hdds.protocol.proto.StorageContainerDatanodeProtocolProtos$ClosePipelineInfo$Builder.setDetailedReason(StorageContainerDatanodeProtocolProtos.java:19487)
	at org.apache.hadoop.ozone.container.common.transport.server.ratis.XceiverServerRatis.triggerPipelineClose(XceiverServerRatis.java:564)
	at org.apache.hadoop.ozone.container.common.transport.server.ratis.XceiverServerRatis.handleNodeLogFailure(XceiverServerRatis.java:663)
	at org.apache.hadoop.ozone.container.common.transport.server.ratis.ContainerStateMachine.notifyLogFailed(ContainerStateMachine.java:812)
	at org.apache.ratis.server.raftlog.segmented.SegmentedRaftLogWorker$WriteLog.failed(SegmentedRaftLogWorker.java:455)
	at org.apache.ratis.server.raftlog.segmented.SegmentedRaftLogWorker.run(SegmentedRaftLogWorker.java:297)
	at java.lang.Thread.run(Thread.java:748)
2019-09-25 07:27:10,678 [main] INFO  segmented.SegmentedRaftLogWorker (SegmentedRaftLogWorker.java:close(228)) - 99d4f85b-b086-4679-bd31-e70102e86432@group-6135575B23D6-SegmentedRaftLogWorker close()
2019-09-25 07:27:10,682 [main] INFO  impl.RaftServerImpl (RaftServerImpl.java:lambda$shutdown$3(251)) - 99d4f85b-b086-4679-bd31-e70102e86432@group-7AE34BBE9FA0: shutdown
2019-09-25 07:27:10,682 [main] INFO  util.JmxRegister (JmxRegister.java:unregister(73)) - Successfully un-registered JMX Bean with object name Ratis:service=RaftServer,group=group-7AE34BBE9FA0,id=99d4f85b-b086-4679-bd31-e70102e86432
2019-09-25 07:27:10,683 [main] INFO  impl.RoleInfo (RoleInfo.java:shutdownLeaderState(104)) - 99d4f85b-b086-4679-bd31-e70102e86432: shutdown LeaderState
2019-09-25 07:27:10,684 [main] INFO  impl.PendingRequests (PendingRequests.java:sendNotLeaderResponses(202)) - 99d4f85b-b086-4679-bd31-e70102e86432-PendingRequests: sendNotLeaderResponses
2019-09-25 07:27:10,684 [main] INFO  impl.StateMachineUpdater (StateMachineUpdater.java:stopAndJoin(125)) - 99d4f85b-b086-4679-bd31-e70102e86432@group-7AE34BBE9FA0-StateMachineUpdater: set stopIndex = 0
2019-09-25 07:27:10,685 [main] INFO  impl.RaftServerImpl (ServerState.java:close(385)) - 99d4f85b-b086-4679-bd31-e70102e86432@group-7AE34BBE9FA0: closes. applyIndex: 0
2019-09-25 07:27:10,685 [99d4f85b-b086-4679-bd31-e70102e86432@group-7AE34BBE9FA0-SegmentedRaftLogWorker] INFO  segmented.SegmentedRaftLogWorker (SegmentedRaftLogWorker.java:run(313)) - 99d4f85b-b086-4679-bd31-e70102e86432@group-7AE34BBE9FA0-SegmentedRaftLogWorker was interrupted, exiting. There are 0 tasks remaining in the queue.
2019-09-25 07:27:10,685 [main] INFO  segmented.SegmentedRaftLogWorker (SegmentedRaftLogWorker.java:close(228)) - 99d4f85b-b086-4679-bd31-e70102e86432@group-7AE34BBE9FA0-SegmentedRaftLogWorker close()
2019-09-25 07:27:10,688 [21837d35-6fee-45df-90a1-45cbd93f8221@group-123A74154292-SegmentedRaftLogWorker] INFO  segmented.SegmentedRaftLogWorker (SegmentedRaftLogWorker.java:execute(569)) - 21837d35-6fee-45df-90a1-45cbd93f8221@group-123A74154292-SegmentedRaftLogWorker: created new log segment /workdir/hadoop-ozone/ozonefs/target/test-dir/MiniOzoneClusterImpl-9ed784a4-cad3-4d57-bc40-122284458440/datanode-2/data/ratis/7a32b977-25c8-48a6-92d5-123a74154292/current/log_inprogress_0
2019-09-25 07:27:10,688 [21837d35-6fee-45df-90a1-45cbd93f8221@group-BFB3CEA3D620-SegmentedRaftLogWorker] INFO  segmented.SegmentedRaftLogWorker (SegmentedRaftLogWorker.java:execute(569)) - 21837d35-6fee-45df-90a1-45cbd93f8221@group-BFB3CEA3D620-SegmentedRaftLogWorker: created new log segment /workdir/hadoop-ozone/ozonefs/target/test-dir/MiniOzoneClusterImpl-9ed784a4-cad3-4d57-bc40-122284458440/datanode-2/data/ratis/dc1d695b-68e6-466b-9575-bfb3cea3d620/current/log_inprogress_0
2019-09-25 07:27:10,688 [21837d35-6fee-45df-90a1-45cbd93f8221@group-697B11EBF445-SegmentedRaftLogWorker] INFO  segmented.SegmentedRaftLogWorker (SegmentedRaftLogWorker.java:execute(569)) - 21837d35-6fee-45df-90a1-45cbd93f8221@group-697B11EBF445-SegmentedRaftLogWorker: created new log segment /workdir/hadoop-ozone/ozonefs/target/test-dir/MiniOzoneClusterImpl-9ed784a4-cad3-4d57-bc40-122284458440/datanode-2/data/ratis/1e46e23e-b06d-4d56-ba30-697b11ebf445/current/log_inprogress_0
2019-09-25 07:27:10,688 [21837d35-6fee-45df-90a1-45cbd93f8221@group-BB52FB927AC4-SegmentedRaftLogWorker] INFO  segmented.SegmentedRaftLogWorker (SegmentedRaftLogWorker.java:execute(569)) - 21837d35-6fee-45df-90a1-45cbd93f8221@group-BB52FB927AC4-SegmentedRaftLogWorker: created new log segment /workdir/hadoop-ozone/ozonefs/target/test-dir/MiniOzoneClusterImpl-9ed784a4-cad3-4d57-bc40-122284458440/datanode-2/data/ratis/fbf6bb02-2947-42e6-b671-bb52fb927ac4/current/log_inprogress_0
2019-09-25 07:27:10,688 [21837d35-6fee-45df-90a1-45cbd93f8221@group-0F032C0D2920-SegmentedRaftLogWorker] INFO  segmented.SegmentedRaftLogWorker (SegmentedRaftLogWorker.java:execute(569)) - 21837d35-6fee-45df-90a1-45cbd93f8221@group-0F032C0D2920-SegmentedRaftLogWorker: created new log segment /workdir/hadoop-ozone/ozonefs/target/test-dir/MiniOzoneClusterImpl-9ed784a4-cad3-4d57-bc40-122284458440/datanode-2/data/ratis/d55be8e6-b7cd-4457-8524-0f032c0d2920/current/log_inprogress_0
2019-09-25 07:27:10,688 [main] INFO  server.GrpcService (GrpcService.java:closeImpl(164)) - 99d4f85b-b086-4679-bd31-e70102e86432: shutdown server with port 43975 now
2019-09-25 07:27:10,692 [main] INFO  server.GrpcService (GrpcService.java:closeImpl(172)) - 99d4f85b-b086-4679-bd31-e70102e86432: shutdown server with port 43975 successfully
2019-09-25 07:27:10,694 [refreshUsed-/workdir/hadoop-ozone/ozonefs/target/test-dir/MiniOzoneClusterImpl-9ed784a4-cad3-4d57-bc40-122284458440/datanode-1/data/containers] WARN  fs.CachingGetSpaceUsed (CachingGetSpaceUsed.java:run(183)) - Thread Interrupted waiting to refresh disk information: sleep interrupted
2019-09-25 07:27:10,721 [main] INFO  utils.BackgroundService (BackgroundService.java:shutdown(148)) - Shutting down service BlockDeletingService
2019-09-25 07:27:10,728 [main] INFO  statemachine.DatanodeStateMachine (DatanodeStateMachine.java:stopDaemon(395)) - Ozone container server stopped.
2019-09-25 07:27:10,745 [main] INFO  handler.ContextHandler (ContextHandler.java:doStop(910)) - Stopped o.e.j.w.WebAppContext@76dc36e5{/,null,UNAVAILABLE}{/hddsDatanode}
2019-09-25 07:27:10,746 [main] INFO  server.AbstractConnector (AbstractConnector.java:doStop(318)) - Stopped ServerConnector@2a54c92e{HTTP/1.1,[http/1.1]}{0.0.0.0:0}
2019-09-25 07:27:10,747 [main] INFO  handler.ContextHandler (ContextHandler.java:doStop(910)) - Stopped o.e.j.s.ServletContextHandler@fbbd90c{/static,jar:file:/home/user/.m2/repository/org/apache/hadoop/hadoop-hdds-container-service/0.5.0-SNAPSHOT/hadoop-hdds-container-service-0.5.0-SNAPSHOT.jar!/webapps/static,UNAVAILABLE}
2019-09-25 07:27:10,747 [main] INFO  handler.ContextHandler (ContextHandler.java:doStop(910)) - Stopped o.e.j.s.ServletContextHandler@45e639ee{/logs,file:///workdir/hadoop-ozone/ozonefs/target/log,UNAVAILABLE}
2019-09-25 07:27:14,424 [ForkJoinPool.commonPool-worker-0] INFO  ozoneimpl.OzoneContainer (OzoneContainer.java:stop(231)) - Attempting to stop container services.
2019-09-25 07:27:14,425 [ForkJoinPool.commonPool-worker-0] INFO  impl.RaftServerProxy (RaftServerProxy.java:lambda$close$4(314)) - 21837d35-6fee-45df-90a1-45cbd93f8221: close
2019-09-25 07:27:14,425 [ForkJoinPool.commonPool-worker-0] INFO  impl.RaftServerImpl (RaftServerImpl.java:lambda$shutdown$3(251)) - 21837d35-6fee-45df-90a1-45cbd93f8221@group-697B11EBF445: shutdown
2019-09-25 07:27:14,425 [ForkJoinPool.commonPool-worker-0] INFO  util.JmxRegister (JmxRegister.java:unregister(73)) - Successfully un-registered JMX Bean with object name Ratis:service=RaftServer,group=group-697B11EBF445,id=21837d35-6fee-45df-90a1-45cbd93f8221
2019-09-25 07:27:14,426 [ForkJoinPool.commonPool-worker-0] INFO  impl.RoleInfo (RoleInfo.java:shutdownLeaderState(104)) - 21837d35-6fee-45df-90a1-45cbd93f8221: shutdown LeaderState
2019-09-25 07:27:14,426 [ForkJoinPool.commonPool-worker-0] INFO  impl.PendingRequests (PendingRequests.java:sendNotLeaderResponses(202)) - 21837d35-6fee-45df-90a1-45cbd93f8221-PendingRequests: sendNotLeaderResponses
2019-09-25 07:27:14,426 [ForkJoinPool.commonPool-worker-0] INFO  impl.StateMachineUpdater (StateMachineUpdater.java:stopAndJoin(125)) - 21837d35-6fee-45df-90a1-45cbd93f8221@group-697B11EBF445-StateMachineUpdater: set stopIndex = 0
2019-09-25 07:27:14,427 [ForkJoinPool.commonPool-worker-0] INFO  impl.RaftServerImpl (ServerState.java:close(385)) - 21837d35-6fee-45df-90a1-45cbd93f8221@group-697B11EBF445: closes. applyIndex: 0
2019-09-25 07:27:14,427 [21837d35-6fee-45df-90a1-45cbd93f8221@group-697B11EBF445-SegmentedRaftLogWorker] INFO  segmented.SegmentedRaftLogWorker (SegmentedRaftLogWorker.java:run(313)) - 21837d35-6fee-45df-90a1-45cbd93f8221@group-697B11EBF445-SegmentedRaftLogWorker was interrupted, exiting. There are 0 tasks remaining in the queue.
2019-09-25 07:27:14,428 [ForkJoinPool.commonPool-worker-0] INFO  segmented.SegmentedRaftLogWorker (SegmentedRaftLogWorker.java:close(228)) - 21837d35-6fee-45df-90a1-45cbd93f8221@group-697B11EBF445-SegmentedRaftLogWorker close()
2019-09-25 07:27:14,431 [ForkJoinPool.commonPool-worker-0] INFO  impl.RaftServerImpl (RaftServerImpl.java:lambda$shutdown$3(251)) - 21837d35-6fee-45df-90a1-45cbd93f8221@group-BB52FB927AC4: shutdown
2019-09-25 07:27:14,431 [ForkJoinPool.commonPool-worker-0] INFO  util.JmxRegister (JmxRegister.java:unregister(73)) - Successfully un-registered JMX Bean with object name Ratis:service=RaftServer,group=group-BB52FB927AC4,id=21837d35-6fee-45df-90a1-45cbd93f8221
2019-09-25 07:27:14,432 [ForkJoinPool.commonPool-worker-0] INFO  impl.RoleInfo (RoleInfo.java:shutdownLeaderState(104)) - 21837d35-6fee-45df-90a1-45cbd93f8221: shutdown LeaderState
2019-09-25 07:27:14,432 [ForkJoinPool.commonPool-worker-0] INFO  impl.PendingRequests (PendingRequests.java:sendNotLeaderResponses(202)) - 21837d35-6fee-45df-90a1-45cbd93f8221-PendingRequests: sendNotLeaderResponses
2019-09-25 07:27:14,432 [ForkJoinPool.commonPool-worker-0] INFO  impl.StateMachineUpdater (StateMachineUpdater.java:stopAndJoin(125)) - 21837d35-6fee-45df-90a1-45cbd93f8221@group-BB52FB927AC4-StateMachineUpdater: set stopIndex = 0
2019-09-25 07:27:14,432 [ForkJoinPool.commonPool-worker-0] INFO  impl.RaftServerImpl (ServerState.java:close(385)) - 21837d35-6fee-45df-90a1-45cbd93f8221@group-BB52FB927AC4: closes. applyIndex: 0
2019-09-25 07:27:14,433 [21837d35-6fee-45df-90a1-45cbd93f8221@group-BB52FB927AC4-SegmentedRaftLogWorker] INFO  segmented.SegmentedRaftLogWorker (SegmentedRaftLogWorker.java:run(313)) - 21837d35-6fee-45df-90a1-45cbd93f8221@group-BB52FB927AC4-SegmentedRaftLogWorker was interrupted, exiting. There are 0 tasks remaining in the queue.
2019-09-25 07:27:14,433 [ForkJoinPool.commonPool-worker-0] INFO  segmented.SegmentedRaftLogWorker (SegmentedRaftLogWorker.java:close(228)) - 21837d35-6fee-45df-90a1-45cbd93f8221@group-BB52FB927AC4-SegmentedRaftLogWorker close()
2019-09-25 07:27:14,435 [ForkJoinPool.commonPool-worker-0] INFO  impl.RaftServerImpl (RaftServerImpl.java:lambda$shutdown$3(251)) - 21837d35-6fee-45df-90a1-45cbd93f8221@group-123A74154292: shutdown
2019-09-25 07:27:14,435 [ForkJoinPool.commonPool-worker-0] INFO  util.JmxRegister (JmxRegister.java:unregister(73)) - Successfully un-registered JMX Bean with object name Ratis:service=RaftServer,group=group-123A74154292,id=21837d35-6fee-45df-90a1-45cbd93f8221
2019-09-25 07:27:14,435 [ForkJoinPool.commonPool-worker-0] INFO  impl.RoleInfo (RoleInfo.java:shutdownLeaderState(104)) - 21837d35-6fee-45df-90a1-45cbd93f8221: shutdown LeaderState
2019-09-25 07:27:14,435 [ForkJoinPool.commonPool-worker-0] INFO  impl.PendingRequests (PendingRequests.java:sendNotLeaderResponses(202)) - 21837d35-6fee-45df-90a1-45cbd93f8221-PendingRequests: sendNotLeaderResponses
2019-09-25 07:27:14,436 [ForkJoinPool.commonPool-worker-0] INFO  impl.StateMachineUpdater (StateMachineUpdater.java:stopAndJoin(125)) - 21837d35-6fee-45df-90a1-45cbd93f8221@group-123A74154292-StateMachineUpdater: set stopIndex = 0
2019-09-25 07:27:14,436 [ForkJoinPool.commonPool-worker-0] INFO  impl.RaftServerImpl (ServerState.java:close(385)) - 21837d35-6fee-45df-90a1-45cbd93f8221@group-123A74154292: closes. applyIndex: 0
2019-09-25 07:27:14,436 [21837d35-6fee-45df-90a1-45cbd93f8221@group-123A74154292-SegmentedRaftLogWorker] INFO  segmented.SegmentedRaftLogWorker (SegmentedRaftLogWorker.java:run(313)) - 21837d35-6fee-45df-90a1-45cbd93f8221@group-123A74154292-SegmentedRaftLogWorker was interrupted, exiting. There are 0 tasks remaining in the queue.
2019-09-25 07:27:14,436 [ForkJoinPool.commonPool-worker-0] INFO  segmented.SegmentedRaftLogWorker (SegmentedRaftLogWorker.java:close(228)) - 21837d35-6fee-45df-90a1-45cbd93f8221@group-123A74154292-SegmentedRaftLogWorker close()
2019-09-25 07:27:14,438 [ForkJoinPool.commonPool-worker-0] INFO  impl.RaftServerImpl (RaftServerImpl.java:lambda$shutdown$3(251)) - 21837d35-6fee-45df-90a1-45cbd93f8221@group-D85464BAA862: shutdown
2019-09-25 07:27:14,439 [ForkJoinPool.commonPool-worker-0] INFO  util.JmxRegister (JmxRegister.java:unregister(73)) - Successfully un-registered JMX Bean with object name Ratis:service=RaftServer,group=group-D85464BAA862,id=21837d35-6fee-45df-90a1-45cbd93f8221
2019-09-25 07:27:14,439 [ForkJoinPool.commonPool-worker-0] INFO  impl.RoleInfo (RoleInfo.java:shutdownLeaderState(104)) - 21837d35-6fee-45df-90a1-45cbd93f8221: shutdown LeaderState
2019-09-25 07:27:14,439 [ForkJoinPool.commonPool-worker-0] INFO  impl.PendingRequests (PendingRequests.java:sendNotLeaderResponses(202)) - 21837d35-6fee-45df-90a1-45cbd93f8221-PendingRequests: sendNotLeaderResponses
2019-09-25 07:27:14,439 [ForkJoinPool.commonPool-worker-0] INFO  impl.StateMachineUpdater (StateMachineUpdater.java:stopAndJoin(125)) - 21837d35-6fee-45df-90a1-45cbd93f8221@group-D85464BAA862-StateMachineUpdater: set stopIndex = 0
2019-09-25 07:27:14,439 [ForkJoinPool.commonPool-worker-0] INFO  impl.RaftServerImpl (ServerState.java:close(385)) - 21837d35-6fee-45df-90a1-45cbd93f8221@group-D85464BAA862: closes. applyIndex: 0
2019-09-25 07:27:14,440 [21837d35-6fee-45df-90a1-45cbd93f8221@group-D85464BAA862-SegmentedRaftLogWorker] INFO  segmented.SegmentedRaftLogWorker (SegmentedRaftLogWorker.java:run(313)) - 21837d35-6fee-45df-90a1-45cbd93f8221@group-D85464BAA862-SegmentedRaftLogWorker was interrupted, exiting. There are 0 tasks remaining in the queue.
2019-09-25 07:27:14,440 [ForkJoinPool.commonPool-worker-0] INFO  segmented.SegmentedRaftLogWorker (SegmentedRaftLogWorker.java:close(228)) - 21837d35-6fee-45df-90a1-45cbd93f8221@group-D85464BAA862-SegmentedRaftLogWorker close()
2019-09-25 07:27:14,442 [ForkJoinPool.commonPool-worker-0] INFO  impl.RaftServerImpl (RaftServerImpl.java:lambda$shutdown$3(251)) - 21837d35-6fee-45df-90a1-45cbd93f8221@group-0F032C0D2920: shutdown
2019-09-25 07:27:14,442 [ForkJoinPool.commonPool-worker-0] INFO  util.JmxRegister (JmxRegister.java:unregister(73)) - Successfully un-registered JMX Bean with object name Ratis:service=RaftServer,group=group-0F032C0D2920,id=21837d35-6fee-45df-90a1-45cbd93f8221
2019-09-25 07:27:14,442 [ForkJoinPool.commonPool-worker-0] INFO  impl.RoleInfo (RoleInfo.java:shutdownLeaderState(104)) - 21837d35-6fee-45df-90a1-45cbd93f8221: shutdown LeaderState
2019-09-25 07:27:14,443 [ForkJoinPool.commonPool-worker-0] INFO  impl.PendingRequests (PendingRequests.java:sendNotLeaderResponses(202)) - 21837d35-6fee-45df-90a1-45cbd93f8221-PendingRequests: sendNotLeaderResponses
2019-09-25 07:27:14,443 [ForkJoinPool.commonPool-worker-0] INFO  impl.StateMachineUpdater (StateMachineUpdater.java:stopAndJoin(125)) - 21837d35-6fee-45df-90a1-45cbd93f8221@group-0F032C0D2920-StateMachineUpdater: set stopIndex = 0
2019-09-25 07:27:14,443 [ForkJoinPool.commonPool-worker-0] INFO  impl.RaftServerImpl (ServerState.java:close(385)) - 21837d35-6fee-45df-90a1-45cbd93f8221@group-0F032C0D2920: closes. applyIndex: 0
2019-09-25 07:27:14,443 [21837d35-6fee-45df-90a1-45cbd93f8221@group-0F032C0D2920-SegmentedRaftLogWorker] INFO  segmented.SegmentedRaftLogWorker (SegmentedRaftLogWorker.java:run(313)) - 21837d35-6fee-45df-90a1-45cbd93f8221@group-0F032C0D2920-SegmentedRaftLogWorker was interrupted, exiting. There are 0 tasks remaining in the queue.
2019-09-25 07:27:14,443 [ForkJoinPool.commonPool-worker-0] INFO  segmented.SegmentedRaftLogWorker (SegmentedRaftLogWorker.java:close(228)) - 21837d35-6fee-45df-90a1-45cbd93f8221@group-0F032C0D2920-SegmentedRaftLogWorker close()
2019-09-25 07:27:14,445 [ForkJoinPool.commonPool-worker-0] INFO  impl.RaftServerImpl (RaftServerImpl.java:lambda$shutdown$3(251)) - 21837d35-6fee-45df-90a1-45cbd93f8221@group-BFB3CEA3D620: shutdown
2019-09-25 07:27:14,446 [ForkJoinPool.commonPool-worker-0] INFO  util.JmxRegister (JmxRegister.java:unregister(73)) - Successfully un-registered JMX Bean with object name Ratis:service=RaftServer,group=group-BFB3CEA3D620,id=21837d35-6fee-45df-90a1-45cbd93f8221
2019-09-25 07:27:14,446 [ForkJoinPool.commonPool-worker-0] INFO  impl.RoleInfo (RoleInfo.java:shutdownLeaderState(104)) - 21837d35-6fee-45df-90a1-45cbd93f8221: shutdown LeaderState
2019-09-25 07:27:14,446 [ForkJoinPool.commonPool-worker-0] INFO  impl.PendingRequests (PendingRequests.java:sendNotLeaderResponses(202)) - 21837d35-6fee-45df-90a1-45cbd93f8221-PendingRequests: sendNotLeaderResponses
2019-09-25 07:27:14,446 [ForkJoinPool.commonPool-worker-0] INFO  impl.StateMachineUpdater (StateMachineUpdater.java:stopAndJoin(125)) - 21837d35-6fee-45df-90a1-45cbd93f8221@group-BFB3CEA3D620-StateMachineUpdater: set stopIndex = 0
2019-09-25 07:27:14,446 [ForkJoinPool.commonPool-worker-0] INFO  impl.RaftServerImpl (ServerState.java:close(385)) - 21837d35-6fee-45df-90a1-45cbd93f8221@group-BFB3CEA3D620: closes. applyIndex: 0
2019-09-25 07:27:14,447 [21837d35-6fee-45df-90a1-45cbd93f8221@group-BFB3CEA3D620-SegmentedRaftLogWorker] INFO  segmented.SegmentedRaftLogWorker (SegmentedRaftLogWorker.java:run(313)) - 21837d35-6fee-45df-90a1-45cbd93f8221@group-BFB3CEA3D620-SegmentedRaftLogWorker was interrupted, exiting. There are 0 tasks remaining in the queue.
2019-09-25 07:27:14,447 [ForkJoinPool.commonPool-worker-0] INFO  segmented.SegmentedRaftLogWorker (SegmentedRaftLogWorker.java:close(228)) - 21837d35-6fee-45df-90a1-45cbd93f8221@group-BFB3CEA3D620-SegmentedRaftLogWorker close()
2019-09-25 07:27:14,449 [ForkJoinPool.commonPool-worker-0] INFO  server.GrpcService (GrpcService.java:closeImpl(164)) - 21837d35-6fee-45df-90a1-45cbd93f8221: shutdown server with port 46516 now
2019-09-25 07:27:14,451 [ForkJoinPool.commonPool-worker-0] INFO  server.GrpcService (GrpcService.java:closeImpl(172)) - 21837d35-6fee-45df-90a1-45cbd93f8221: shutdown server with port 46516 successfully
2019-09-25 07:27:14,455 [refreshUsed-/workdir/hadoop-ozone/ozonefs/target/test-dir/MiniOzoneClusterImpl-9ed784a4-cad3-4d57-bc40-122284458440/datanode-2/data/containers] WARN  fs.CachingGetSpaceUsed (CachingGetSpaceUsed.java:run(183)) - Thread Interrupted waiting to refresh disk information: sleep interrupted
2019-09-25 07:27:14,472 [ForkJoinPool.commonPool-worker-0] INFO  utils.BackgroundService (BackgroundService.java:shutdown(148)) - Shutting down service BlockDeletingService
2019-09-25 07:27:14,477 [ForkJoinPool.commonPool-worker-0] INFO  statemachine.DatanodeStateMachine (DatanodeStateMachine.java:stopDaemon(395)) - Ozone container server stopped.
2019-09-25 07:27:14,483 [ForkJoinPool.commonPool-worker-0] INFO  handler.ContextHandler (ContextHandler.java:doStop(910)) - Stopped o.e.j.w.WebAppContext@28e48b65{/,null,UNAVAILABLE}{/hddsDatanode}
2019-09-25 07:27:14,483 [ForkJoinPool.commonPool-worker-0] INFO  server.AbstractConnector (AbstractConnector.java:doStop(318)) - Stopped ServerConnector@6cde0c69{HTTP/1.1,[http/1.1]}{0.0.0.0:0}
2019-09-25 07:27:14,486 [ForkJoinPool.commonPool-worker-0] INFO  handler.ContextHandler (ContextHandler.java:doStop(910)) - Stopped o.e.j.s.ServletContextHandler@54387873{/static,jar:file:/home/user/.m2/repository/org/apache/hadoop/hadoop-hdds-container-service/0.5.0-SNAPSHOT/hadoop-hdds-container-service-0.5.0-SNAPSHOT.jar!/webapps/static,UNAVAILABLE}
2019-09-25 07:27:14,488 [ForkJoinPool.commonPool-worker-0] INFO  handler.ContextHandler (ContextHandler.java:doStop(910)) - Stopped o.e.j.s.ServletContextHandler@1ff542a3{/logs,file:///workdir/hadoop-ozone/ozonefs/target/log,UNAVAILABLE}
2019-09-25 07:27:14,488 [main] INFO  ozone.MiniOzoneClusterImpl (MiniOzoneClusterImpl.java:stopSCM(392)) - Stopping the StorageContainerManager
2019-09-25 07:27:14,489 [main] INFO  server.StorageContainerManager (StorageContainerManager.java:stop(808)) - Stopping Replication Manager Service.
2019-09-25 07:27:14,489 [main] INFO  container.ReplicationManager (ReplicationManager.java:stop(204)) - Stopping Replication Monitor Thread.
2019-09-25 07:27:14,489 [main] INFO  server.StorageContainerManager (StorageContainerManager.java:stop(815)) - Stopping Lease Manager of the command watchers
2019-09-25 07:27:14,489 [main] INFO  server.StorageContainerManager (StorageContainerManager.java:stop(822)) - Stopping datanode service RPC server
2019-09-25 07:27:14,490 [main] INFO  server.SCMDatanodeProtocolServer (SCMDatanodeProtocolServer.java:stop(367)) - Stopping the RPC server for DataNodes
2019-09-25 07:27:14,490 [main] INFO  ipc.Server (Server.java:stop(3082)) - Stopping server on 43825
2019-09-25 07:27:14,492 [IPC Server listener on 43825] INFO  ipc.Server (Server.java:run(1185)) - Stopping IPC Server listener on 43825
2019-09-25 07:27:14,492 [IPC Server Responder] INFO  ipc.Server (Server.java:run(1319)) - Stopping IPC Server Responder
2019-09-25 07:27:14,523 [SCM Heartbeat Processing Thread - 0] WARN  node.NodeStateManager (NodeStateManager.java:scheduleNextHealthCheck(655)) - Current Thread is interrupted, shutting down HB processing thread for Node Manager.
2019-09-25 07:27:14,524 [main] INFO  server.StorageContainerManager (StorageContainerManager.java:stop(830)) - Stopping block service RPC server
2019-09-25 07:27:14,524 [main] INFO  server.SCMBlockProtocolServer (SCMBlockProtocolServer.java:stop(155)) - Stopping the RPC server for Block Protocol
2019-09-25 07:27:14,524 [main] INFO  ipc.Server (Server.java:stop(3082)) - Stopping server on 37456
2019-09-25 07:27:14,527 [main] INFO  server.StorageContainerManager (StorageContainerManager.java:stop(837)) - Stopping the StorageContainerLocationProtocol RPC server
2019-09-25 07:27:14,527 [IPC Server Responder] INFO  ipc.Server (Server.java:run(1319)) - Stopping IPC Server Responder
2019-09-25 07:27:14,527 [IPC Server listener on 37456] INFO  ipc.Server (Server.java:run(1185)) - Stopping IPC Server listener on 37456
2019-09-25 07:27:14,527 [main] INFO  server.SCMClientProtocolServer (SCMClientProtocolServer.java:stop(159)) - Stopping the RPC server for Client Protocol
2019-09-25 07:27:14,529 [main] INFO  ipc.Server (Server.java:stop(3082)) - Stopping server on 40503
2019-09-25 07:27:14,531 [main] INFO  server.StorageContainerManager (StorageContainerManager.java:stop(844)) - Stopping Storage Container Manager HTTP server.
2019-09-25 07:27:14,533 [IPC Server Responder] INFO  ipc.Server (Server.java:run(1319)) - Stopping IPC Server Responder
2019-09-25 07:27:14,533 [IPC Server listener on 40503] INFO  ipc.Server (Server.java:run(1185)) - Stopping IPC Server listener on 40503
2019-09-25 07:27:14,535 [main] INFO  handler.ContextHandler (ContextHandler.java:doStop(910)) - Stopped o.e.j.w.WebAppContext@5402612e{/,null,UNAVAILABLE}{/scm}
2019-09-25 07:27:14,536 [main] INFO  server.AbstractConnector (AbstractConnector.java:doStop(318)) - Stopped ServerConnector@43445fc6{HTTP/1.1,[http/1.1]}{0.0.0.0:0}
2019-09-25 07:27:14,536 [main] INFO  handler.ContextHandler (ContextHandler.java:doStop(910)) - Stopped o.e.j.s.ServletContextHandler@26270b77{/static,jar:file:/home/user/.m2/repository/org/apache/hadoop/hadoop-hdds-server-scm/0.5.0-SNAPSHOT/hadoop-hdds-server-scm-0.5.0-SNAPSHOT.jar!/webapps/static,UNAVAILABLE}
2019-09-25 07:27:14,536 [main] INFO  handler.ContextHandler (ContextHandler.java:doStop(910)) - Stopped o.e.j.s.ServletContextHandler@5b490d5e{/logs,file:///workdir/hadoop-ozone/ozonefs/target/log,UNAVAILABLE}
2019-09-25 07:27:14,537 [main] INFO  server.StorageContainerManager (StorageContainerManager.java:stop(855)) - Stopping Block Manager Service.
2019-09-25 07:27:14,537 [main] INFO  utils.BackgroundService (BackgroundService.java:shutdown(148)) - Shutting down service SCMBlockDeletingService
2019-09-25 07:27:14,538 [main] INFO  utils.BackgroundService (BackgroundService.java:shutdown(148)) - Shutting down service SCMBlockDeletingService
2019-09-25 07:27:14,538 [main] INFO  server.StorageContainerManager (StorageContainerManager.java:stop(877)) - Stopping SCM Event Queue.
2019-09-25 07:27:14,547 [main] INFO  impl.MetricsSystemImpl (MetricsSystemImpl.java:stop(210)) - Stopping HddsDatanode metrics system...
2019-09-25 07:27:14,556 [main] INFO  impl.MetricsSystemImpl (MetricsSystemImpl.java:stop(216)) - HddsDatanode metrics system stopped.
]]></system-out>
  </testcase>
</testsuite>