<?xml version="1.0" encoding="UTF-8"?>
<testsuite xmlns:xsi="http://www.w3.org/2001/XMLSchema-instance" xsi:noNamespaceSchemaLocation="https://maven.apache.org/surefire/maven-surefire-plugin/xsd/surefire-test-report.xsd" name="org.apache.hadoop.ozone.client.rpc.TestMultiBlockWritesWithDnFailures" time="144.247" tests="2" errors="1" skipped="0" failures="0">
  <properties>
    <property name="awt.toolkit" value="sun.awt.X11.XToolkit"/>
    <property name="file.encoding.pkg" value="sun.io"/>
    <property name="java.specification.version" value="1.8"/>
    <property name="sun.cpu.isalist" value=""/>
    <property name="sun.jnu.encoding" value="UTF-8"/>
    <property name="java.class.path" value="/workdir/hadoop-ozone/integration-test/target/test-classes:/workdir/hadoop-ozone/integration-test/target/classes:/home/user/.m2/repository/org/apache/hadoop/hadoop-ozone-common/0.5.0-SNAPSHOT/hadoop-ozone-common-0.5.0-SNAPSHOT.jar:/home/user/.m2/repository/org/apache/commons/commons-compress/1.4.1/commons-compress-1.4.1.jar:/home/user/.m2/repository/org/tukaani/xz/1.0/xz-1.0.jar:/home/user/.m2/repository/org/apache/hadoop/hadoop-common/3.2.0/hadoop-common-3.2.0.jar:/home/user/.m2/repository/org/apache/hadoop/hadoop-hdfs/3.2.0/hadoop-hdfs-3.2.0.jar:/home/user/.m2/repository/org/apache/hadoop/hadoop-hdfs-client/3.2.0/hadoop-hdfs-client-3.2.0.jar:/home/user/.m2/repository/com/fasterxml/jackson/core/jackson-annotations/2.9.5/jackson-annotations-2.9.5.jar:/home/user/.m2/repository/org/apache/hadoop/hadoop-hdds-common/0.5.0-SNAPSHOT/hadoop-hdds-common-0.5.0-SNAPSHOT.jar:/home/user/.m2/repository/javax/annotation/javax.annotation-api/1.2/javax.annotation-api-1.2.jar:/home/user/.m2/repository/org/apache/ratis/ratis-server/0.4.0-78e95b9-SNAPSHOT/ratis-server-0.4.0-78e95b9-SNAPSHOT.jar:/home/user/.m2/repository/org/apache/ratis/ratis-thirdparty-misc/0.2.0/ratis-thirdparty-misc-0.2.0.jar:/home/user/.m2/repository/org/apache/ratis/ratis-proto/0.4.0-78e95b9-SNAPSHOT/ratis-proto-0.4.0-78e95b9-SNAPSHOT.jar:/home/user/.m2/repository/org/apache/ratis/ratis-common/0.4.0-78e95b9-SNAPSHOT/ratis-common-0.4.0-78e95b9-SNAPSHOT.jar:/home/user/.m2/repository/org/apache/ratis/ratis-client/0.4.0-78e95b9-SNAPSHOT/ratis-client-0.4.0-78e95b9-SNAPSHOT.jar:/home/user/.m2/repository/org/apache/ratis/ratis-metrics/0.4.0-78e95b9-SNAPSHOT/ratis-metrics-0.4.0-78e95b9-SNAPSHOT.jar:/home/user/.m2/repository/com/github/joshelser/dropwizard-metrics-hadoop-metrics2-reporter/0.1.2/dropwizard-metrics-hadoop-metrics2-reporter-0.1.2.jar:/home/user/.m2/repository/io/dropwizard/metrics/metrics-jvm/3.2.5/metrics-jvm-3.2.5.jar:/home/user/.m2/repository/io/dropwizard/metrics/metrics-ganglia/3.2.5/metrics-ganglia-3.2.5.jar:/home/user/.m2/repository/info/ganglia/gmetric4j/gmetric4j/1.0.7/gmetric4j-1.0.7.jar:/home/user/.m2/repository/org/apache/ratis/ratis-netty/0.4.0-78e95b9-SNAPSHOT/ratis-netty-0.4.0-78e95b9-SNAPSHOT.jar:/home/user/.m2/repository/org/apache/ratis/ratis-grpc/0.4.0-78e95b9-SNAPSHOT/ratis-grpc-0.4.0-78e95b9-SNAPSHOT.jar:/home/user/.m2/repository/org/rocksdb/rocksdbjni/6.0.1/rocksdbjni-6.0.1.jar:/home/user/.m2/repository/org/apache/logging/log4j/log4j-api/2.11.0/log4j-api-2.11.0.jar:/home/user/.m2/repository/org/apache/logging/log4j/log4j-core/2.11.0/log4j-core-2.11.0.jar:/home/user/.m2/repository/com/lmax/disruptor/3.4.2/disruptor-3.4.2.jar:/home/user/.m2/repository/org/apache/commons/commons-pool2/2.6.0/commons-pool2-2.6.0.jar:/home/user/.m2/repository/org/bouncycastle/bcpkix-jdk15on/1.60/bcpkix-jdk15on-1.60.jar:/home/user/.m2/repository/commons-validator/commons-validator/1.6/commons-validator-1.6.jar:/home/user/.m2/repository/commons-digester/commons-digester/1.8.1/commons-digester-1.8.1.jar:/home/user/.m2/repository/io/jaegertracing/jaeger-client/0.33.1/jaeger-client-0.33.1.jar:/home/user/.m2/repository/io/jaegertracing/jaeger-thrift/0.33.1/jaeger-thrift-0.33.1.jar:/home/user/.m2/repository/org/apache/thrift/libthrift/0.11.0/libthrift-0.11.0.jar:/home/user/.m2/repository/com/squareup/okhttp3/okhttp/3.9.0/okhttp-3.9.0.jar:/home/user/.m2/repository/com/squareup/okio/okio/1.13.0/okio-1.13.0.jar:/home/user/.m2/repository/io/jaegertracing/jaeger-core/0.33.1/jaeger-core-0.33.1.jar:/home/user/.m2/repository/io/jaegertracing/jaeger-tracerresolver/0.33.1/jaeger-tracerresolver-0.33.1.jar:/home/user/.m2/repository/io/opentracing/contrib/opentracing-tracerresolver/0.1.5/opentracing-tracerresolver-0.1.5.jar:/home/user/.m2/repository/io/opentracing/opentracing-util/0.31.0/opentracing-util-0.31.0.jar:/home/user/.m2/repository/io/opentracing/opentracing-api/0.31.0/opentracing-api-0.31.0.jar:/home/user/.m2/repository/io/opentracing/opentracing-noop/0.31.0/opentracing-noop-0.31.0.jar:/home/user/.m2/repository/org/apache/hadoop/hadoop-hdds-server-framework/0.5.0-SNAPSHOT/hadoop-hdds-server-framework-0.5.0-SNAPSHOT.jar:/home/user/.m2/repository/org/apache/hadoop/hadoop-hdds-container-service/0.5.0-SNAPSHOT/hadoop-hdds-container-service-0.5.0-SNAPSHOT.jar:/home/user/.m2/repository/org/apache/hadoop/hadoop-hdds-client/0.5.0-SNAPSHOT/hadoop-hdds-client-0.5.0-SNAPSHOT.jar:/home/user/.m2/repository/org/apache/hadoop/hadoop-hdds-tools/0.5.0-SNAPSHOT/hadoop-hdds-tools-0.5.0-SNAPSHOT.jar:/home/user/.m2/repository/org/apache/hadoop/hadoop-hdds-server-scm/0.5.0-SNAPSHOT/hadoop-hdds-server-scm-0.5.0-SNAPSHOT.jar:/home/user/.m2/repository/org/apache/hadoop/hadoop-hdds-docs/0.5.0-SNAPSHOT/hadoop-hdds-docs-0.5.0-SNAPSHOT.jar:/home/user/.m2/repository/io/dropwizard/metrics/metrics-core/3.2.4/metrics-core-3.2.4.jar:/home/user/.m2/repository/org/hamcrest/hamcrest-all/1.3/hamcrest-all-1.3.jar:/home/user/.m2/repository/org/bouncycastle/bcprov-jdk15on/1.60/bcprov-jdk15on-1.60.jar:/home/user/.m2/repository/info/picocli/picocli/3.9.6/picocli-3.9.6.jar:/home/user/.m2/repository/com/google/protobuf/protobuf-java/2.5.0/protobuf-java-2.5.0.jar:/home/user/.m2/repository/com/google/guava/guava/11.0.2/guava-11.0.2.jar:/home/user/.m2/repository/org/apache/hadoop/hadoop-ozone-ozone-manager/0.5.0-SNAPSHOT/hadoop-ozone-ozone-manager-0.5.0-SNAPSHOT.jar:/home/user/.m2/repository/org/apache/hadoop/hadoop-minikdc/3.2.0/hadoop-minikdc-3.2.0.jar:/home/user/.m2/repository/commons-io/commons-io/2.5/commons-io-2.5.jar:/home/user/.m2/repository/org/apache/kerby/kerb-simplekdc/1.0.1/kerb-simplekdc-1.0.1.jar:/home/user/.m2/repository/org/apache/kerby/kerb-client/1.0.1/kerb-client-1.0.1.jar:/home/user/.m2/repository/org/apache/kerby/kerby-config/1.0.1/kerby-config-1.0.1.jar:/home/user/.m2/repository/org/apache/kerby/kerb-core/1.0.1/kerb-core-1.0.1.jar:/home/user/.m2/repository/org/apache/kerby/kerby-pkix/1.0.1/kerby-pkix-1.0.1.jar:/home/user/.m2/repository/org/apache/kerby/kerby-asn1/1.0.1/kerby-asn1-1.0.1.jar:/home/user/.m2/repository/org/apache/kerby/kerby-util/1.0.1/kerby-util-1.0.1.jar:/home/user/.m2/repository/org/apache/kerby/kerb-common/1.0.1/kerb-common-1.0.1.jar:/home/user/.m2/repository/org/apache/kerby/kerb-crypto/1.0.1/kerb-crypto-1.0.1.jar:/home/user/.m2/repository/org/apache/kerby/kerb-util/1.0.1/kerb-util-1.0.1.jar:/home/user/.m2/repository/org/apache/kerby/token-provider/1.0.1/token-provider-1.0.1.jar:/home/user/.m2/repository/org/apache/kerby/kerb-admin/1.0.1/kerb-admin-1.0.1.jar:/home/user/.m2/repository/org/apache/kerby/kerb-server/1.0.1/kerb-server-1.0.1.jar:/home/user/.m2/repository/org/apache/kerby/kerb-identity/1.0.1/kerb-identity-1.0.1.jar:/home/user/.m2/repository/org/apache/kerby/kerby-xdr/1.0.1/kerby-xdr-1.0.1.jar:/home/user/.m2/repository/org/slf4j/slf4j-log4j12/1.7.25/slf4j-log4j12-1.7.25.jar:/home/user/.m2/repository/org/apache/hadoop/hadoop-ozone-s3gateway/0.5.0-SNAPSHOT/hadoop-ozone-s3gateway-0.5.0-SNAPSHOT.jar:/home/user/.m2/repository/org/jboss/weld/servlet/weld-servlet/2.4.7.Final/weld-servlet-2.4.7.Final.jar:/home/user/.m2/repository/org/glassfish/jersey/containers/jersey-container-servlet-core/2.27/jersey-container-servlet-core-2.27.jar:/home/user/.m2/repository/org/glassfish/hk2/external/javax.inject/2.5.0-b42/javax.inject-2.5.0-b42.jar:/home/user/.m2/repository/org/glassfish/jersey/core/jersey-common/2.27/jersey-common-2.27.jar:/home/user/.m2/repository/org/glassfish/hk2/osgi-resource-locator/1.0.1/osgi-resource-locator-1.0.1.jar:/home/user/.m2/repository/javax/ws/rs/javax.ws.rs-api/2.1/javax.ws.rs-api-2.1.jar:/home/user/.m2/repository/org/glassfish/jersey/ext/cdi/jersey-cdi1x/2.27/jersey-cdi1x-2.27.jar:/home/user/.m2/repository/org/glassfish/jersey/inject/jersey-hk2/2.27/jersey-hk2-2.27.jar:/home/user/.m2/repository/org/glassfish/hk2/hk2-locator/2.5.0-b42/hk2-locator-2.5.0-b42.jar:/home/user/.m2/repository/org/javassist/javassist/3.22.0-CR2/javassist-3.22.0-CR2.jar:/home/user/.m2/repository/org/glassfish/hk2/hk2-api/2.5.0/hk2-api-2.5.0.jar:/home/user/.m2/repository/org/glassfish/hk2/external/jakarta.inject/2.5.0/jakarta.inject-2.5.0.jar:/home/user/.m2/repository/org/glassfish/hk2/hk2-utils/2.5.0/hk2-utils-2.5.0.jar:/home/user/.m2/repository/jakarta/annotation/jakarta.annotation-api/1.3.4/jakarta.annotation-api-1.3.4.jar:/home/user/.m2/repository/org/glassfish/hk2/external/aopalliance-repackaged/2.5.0/aopalliance-repackaged-2.5.0.jar:/home/user/.m2/repository/com/fasterxml/jackson/dataformat/jackson-dataformat-xml/2.9.0/jackson-dataformat-xml-2.9.0.jar:/home/user/.m2/repository/com/fasterxml/jackson/core/jackson-core/2.9.5/jackson-core-2.9.5.jar:/home/user/.m2/repository/com/fasterxml/jackson/module/jackson-module-jaxb-annotations/2.9.5/jackson-module-jaxb-annotations-2.9.5.jar:/home/user/.m2/repository/javax/enterprise/cdi-api/1.2/cdi-api-1.2.jar:/home/user/.m2/repository/javax/el/javax.el-api/3.0.0/javax.el-api-3.0.0.jar:/home/user/.m2/repository/javax/interceptor/javax.interceptor-api/1.2/javax.interceptor-api-1.2.jar:/home/user/.m2/repository/javax/inject/javax.inject/1/javax.inject-1.jar:/home/user/.m2/repository/com/sun/xml/bind/jaxb-impl/2.3.0.1/jaxb-impl-2.3.0.1.jar:/home/user/.m2/repository/com/sun/xml/bind/jaxb-core/2.3.0.1/jaxb-core-2.3.0.1.jar:/home/user/.m2/repository/javax/xml/bind/jaxb-api/2.3.0/jaxb-api-2.3.0.jar:/home/user/.m2/repository/javax/activation/activation/1.1.1/activation-1.1.1.jar:/home/user/.m2/repository/org/apache/hadoop/hadoop-ozone-csi/0.5.0-SNAPSHOT/hadoop-ozone-csi-0.5.0-SNAPSHOT.jar:/home/user/.m2/repository/com/google/protobuf/protobuf-java-util/3.5.1/protobuf-java-util-3.5.1.jar:/home/user/.m2/repository/org/apache/hadoop/hadoop-hdds-config/0.5.0-SNAPSHOT/hadoop-hdds-config-0.5.0-SNAPSHOT.jar:/home/user/.m2/repository/io/grpc/grpc-netty/1.17.1/grpc-netty-1.17.1.jar:/home/user/.m2/repository/io/grpc/grpc-core/1.17.1/grpc-core-1.17.1.jar:/home/user/.m2/repository/io/grpc/grpc-context/1.17.1/grpc-context-1.17.1.jar:/home/user/.m2/repository/com/google/errorprone/error_prone_annotations/2.2.0/error_prone_annotations-2.2.0.jar:/home/user/.m2/repository/org/codehaus/mojo/animal-sniffer-annotations/1.17/animal-sniffer-annotations-1.17.jar:/home/user/.m2/repository/io/opencensus/opencensus-api/0.17.0/opencensus-api-0.17.0.jar:/home/user/.m2/repository/io/opencensus/opencensus-contrib-grpc-metrics/0.17.0/opencensus-contrib-grpc-metrics-0.17.0.jar:/home/user/.m2/repository/io/netty/netty-codec-http2/4.1.30.Final/netty-codec-http2-4.1.30.Final.jar:/home/user/.m2/repository/io/netty/netty-codec-http/4.1.30.Final/netty-codec-http-4.1.30.Final.jar:/home/user/.m2/repository/io/netty/netty-codec/4.1.30.Final/netty-codec-4.1.30.Final.jar:/home/user/.m2/repository/io/netty/netty-handler/4.1.30.Final/netty-handler-4.1.30.Final.jar:/home/user/.m2/repository/io/netty/netty-handler-proxy/4.1.30.Final/netty-handler-proxy-4.1.30.Final.jar:/home/user/.m2/repository/io/netty/netty-codec-socks/4.1.30.Final/netty-codec-socks-4.1.30.Final.jar:/home/user/.m2/repository/io/netty/netty-transport-native-epoll/4.1.30.Final/netty-transport-native-epoll-4.1.30.Final.jar:/home/user/.m2/repository/io/netty/netty-common/4.1.30.Final/netty-common-4.1.30.Final.jar:/home/user/.m2/repository/io/netty/netty-buffer/4.1.30.Final/netty-buffer-4.1.30.Final.jar:/home/user/.m2/repository/io/netty/netty-transport/4.1.30.Final/netty-transport-4.1.30.Final.jar:/home/user/.m2/repository/io/netty/netty-resolver/4.1.30.Final/netty-resolver-4.1.30.Final.jar:/home/user/.m2/repository/io/netty/netty-transport-native-unix-common/4.1.30.Final/netty-transport-native-unix-common-4.1.30.Final.jar:/home/user/.m2/repository/io/grpc/grpc-protobuf/1.17.1/grpc-protobuf-1.17.1.jar:/home/user/.m2/repository/com/google/api/grpc/proto-google-common-protos/1.0.0/proto-google-common-protos-1.0.0.jar:/home/user/.m2/repository/io/grpc/grpc-protobuf-lite/1.17.1/grpc-protobuf-lite-1.17.1.jar:/home/user/.m2/repository/io/grpc/grpc-stub/1.17.1/grpc-stub-1.17.1.jar:/home/user/.m2/repository/org/apache/hadoop/hadoop-ozone-recon/0.5.0-SNAPSHOT/hadoop-ozone-recon-0.5.0-SNAPSHOT.jar:/home/user/.m2/repository/org/apache/hadoop/hadoop-ozone-reconcodegen/0.5.0-SNAPSHOT/hadoop-ozone-reconcodegen-0.5.0-SNAPSHOT.jar:/home/user/.m2/repository/com/google/inject/extensions/guice-multibindings/4.0/guice-multibindings-4.0.jar:/home/user/.m2/repository/com/google/inject/guice/4.0/guice-4.0.jar:/home/user/.m2/repository/aopalliance/aopalliance/1.0/aopalliance-1.0.jar:/home/user/.m2/repository/com/google/inject/extensions/guice-servlet/4.0/guice-servlet-4.0.jar:/home/user/.m2/repository/org/glassfish/jersey/containers/jersey-container-servlet/2.27/jersey-container-servlet-2.27.jar:/home/user/.m2/repository/org/glassfish/hk2/guice-bridge/2.5.0/guice-bridge-2.5.0.jar:/home/user/.m2/repository/org/glassfish/jersey/core/jersey-server/2.27/jersey-server-2.27.jar:/home/user/.m2/repository/org/glassfish/jersey/core/jersey-client/2.27/jersey-client-2.27.jar:/home/user/.m2/repository/org/glassfish/jersey/media/jersey-media-jaxb/2.27/jersey-media-jaxb-2.27.jar:/home/user/.m2/repository/javax/validation/validation-api/1.1.0.Final/validation-api-1.1.0.Final.jar:/home/user/.m2/repository/org/glassfish/jersey/media/jersey-media-json-jackson/2.27/jersey-media-json-jackson-2.27.jar:/home/user/.m2/repository/org/glassfish/jersey/ext/jersey-entity-filtering/2.27/jersey-entity-filtering-2.27.jar:/home/user/.m2/repository/com/google/inject/extensions/guice-assistedinject/4.0/guice-assistedinject-4.0.jar:/home/user/.m2/repository/org/jooq/jooq/3.11.10/jooq-3.11.10.jar:/home/user/.m2/repository/org/jooq/jooq-meta/3.11.10/jooq-meta-3.11.10.jar:/home/user/.m2/repository/org/jooq/jooq-codegen/3.11.10/jooq-codegen-3.11.10.jar:/home/user/.m2/repository/com/jolbox/bonecp/0.8.0.RELEASE/bonecp-0.8.0.RELEASE.jar:/home/user/.m2/repository/org/xerial/sqlite-jdbc/3.25.2/sqlite-jdbc-3.25.2.jar:/home/user/.m2/repository/org/springframework/spring-jdbc/5.1.3.RELEASE/spring-jdbc-5.1.3.RELEASE.jar:/home/user/.m2/repository/org/springframework/spring-beans/5.1.3.RELEASE/spring-beans-5.1.3.RELEASE.jar:/home/user/.m2/repository/org/springframework/spring-core/5.1.3.RELEASE/spring-core-5.1.3.RELEASE.jar:/home/user/.m2/repository/org/springframework/spring-jcl/5.1.3.RELEASE/spring-jcl-5.1.3.RELEASE.jar:/home/user/.m2/repository/org/springframework/spring-tx/5.1.3.RELEASE/spring-tx-5.1.3.RELEASE.jar:/home/user/.m2/repository/org/apache/hadoop/hadoop-ozone-client/0.5.0-SNAPSHOT/hadoop-ozone-client-0.5.0-SNAPSHOT.jar:/home/user/.m2/repository/commons-lang/commons-lang/2.6/commons-lang-2.6.jar:/home/user/.m2/repository/org/apache/hadoop/hadoop-ozone-ozone-manager/0.5.0-SNAPSHOT/hadoop-ozone-ozone-manager-0.5.0-SNAPSHOT-tests.jar:/home/user/.m2/repository/junit/junit/4.11/junit-4.11.jar:/home/user/.m2/repository/org/hamcrest/hamcrest-core/1.3/hamcrest-core-1.3.jar:/home/user/.m2/repository/org/openjdk/jmh/jmh-core/1.19/jmh-core-1.19.jar:/home/user/.m2/repository/net/sf/jopt-simple/jopt-simple/4.6/jopt-simple-4.6.jar:/home/user/.m2/repository/org/apache/commons/commons-math3/3.1.1/commons-math3-3.1.1.jar:/home/user/.m2/repository/org/openjdk/jmh/jmh-generator-annprocess/1.19/jmh-generator-annprocess-1.19.jar:/home/user/.m2/repository/org/mockito/mockito-all/1.8.5/mockito-all-1.8.5.jar:/home/user/.m2/repository/org/apache/hadoop/hadoop-kms/3.2.0/hadoop-kms-3.2.0.jar:/home/user/.m2/repository/org/apache/hadoop/hadoop-auth/3.2.0/hadoop-auth-3.2.0.jar:/home/user/.m2/repository/com/nimbusds/nimbus-jose-jwt/4.41.1/nimbus-jose-jwt-4.41.1.jar:/home/user/.m2/repository/com/github/stephenc/jcip/jcip-annotations/1.0-1/jcip-annotations-1.0-1.jar:/home/user/.m2/repository/net/minidev/json-smart/2.3/json-smart-2.3.jar:/home/user/.m2/repository/net/minidev/accessors-smart/1.2/accessors-smart-1.2.jar:/home/user/.m2/repository/org/ow2/asm/asm/5.0.4/asm-5.0.4.jar:/home/user/.m2/repository/org/apache/curator/curator-framework/2.12.0/curator-framework-2.12.0.jar:/home/user/.m2/repository/com/sun/jersey/jersey-core/1.19/jersey-core-1.19.jar:/home/user/.m2/repository/javax/ws/rs/jsr311-api/1.1.1/jsr311-api-1.1.1.jar:/home/user/.m2/repository/com/sun/jersey/jersey-server/1.19/jersey-server-1.19.jar:/home/user/.m2/repository/javax/servlet/javax.servlet-api/3.1.0/javax.servlet-api-3.1.0.jar:/home/user/.m2/repository/org/eclipse/jetty/jetty-server/9.3.24.v20180605/jetty-server-9.3.24.v20180605.jar:/home/user/.m2/repository/org/eclipse/jetty/jetty-http/9.3.24.v20180605/jetty-http-9.3.24.v20180605.jar:/home/user/.m2/repository/org/eclipse/jetty/jetty-io/9.3.24.v20180605/jetty-io-9.3.24.v20180605.jar:/home/user/.m2/repository/org/eclipse/jetty/jetty-webapp/9.3.24.v20180605/jetty-webapp-9.3.24.v20180605.jar:/home/user/.m2/repository/org/eclipse/jetty/jetty-xml/9.3.24.v20180605/jetty-xml-9.3.24.v20180605.jar:/home/user/.m2/repository/log4j/log4j/1.2.17/log4j-1.2.17.jar:/home/user/.m2/repository/org/slf4j/slf4j-api/1.7.25/slf4j-api-1.7.25.jar:/home/user/.m2/repository/org/slf4j/jul-to-slf4j/1.7.25/jul-to-slf4j-1.7.25.jar:/home/user/.m2/repository/org/eclipse/jetty/jetty-util/9.3.24.v20180605/jetty-util-9.3.24.v20180605.jar:/home/user/.m2/repository/com/fasterxml/jackson/core/jackson-databind/2.9.5/jackson-databind-2.9.5.jar:/home/user/.m2/repository/org/apache/hadoop/hadoop-kms/3.2.0/hadoop-kms-3.2.0-tests.jar:/home/user/.m2/repository/org/apache/hadoop/hadoop-hdds-server-scm/0.5.0-SNAPSHOT/hadoop-hdds-server-scm-0.5.0-SNAPSHOT-tests.jar:/home/user/.m2/repository/org/apache/hadoop/hadoop-hdds-container-service/0.5.0-SNAPSHOT/hadoop-hdds-container-service-0.5.0-SNAPSHOT-tests.jar:/home/user/.m2/repository/org/yaml/snakeyaml/1.16/snakeyaml-1.16.jar:/home/user/.m2/repository/org/apache/hadoop/hadoop-common/3.2.0/hadoop-common-3.2.0-tests.jar:/home/user/.m2/repository/org/apache/hadoop/hadoop-annotations/3.2.0/hadoop-annotations-3.2.0.jar:/usr/lib/jvm/java-1.8-openjdk/jre/../lib/tools.jar:/home/user/.m2/repository/commons-cli/commons-cli/1.2/commons-cli-1.2.jar:/home/user/.m2/repository/org/apache/httpcomponents/httpclient/4.5.2/httpclient-4.5.2.jar:/home/user/.m2/repository/org/apache/httpcomponents/httpcore/4.4.4/httpcore-4.4.4.jar:/home/user/.m2/repository/commons-codec/commons-codec/1.11/commons-codec-1.11.jar:/home/user/.m2/repository/commons-net/commons-net/3.6/commons-net-3.6.jar:/home/user/.m2/repository/commons-collections/commons-collections/3.2.2/commons-collections-3.2.2.jar:/home/user/.m2/repository/org/eclipse/jetty/jetty-servlet/9.3.24.v20180605/jetty-servlet-9.3.24.v20180605.jar:/home/user/.m2/repository/org/eclipse/jetty/jetty-security/9.3.24.v20180605/jetty-security-9.3.24.v20180605.jar:/home/user/.m2/repository/javax/servlet/jsp/jsp-api/2.1/jsp-api-2.1.jar:/home/user/.m2/repository/com/sun/jersey/jersey-servlet/1.19/jersey-servlet-1.19.jar:/home/user/.m2/repository/com/sun/jersey/jersey-json/1.19/jersey-json-1.19.jar:/home/user/.m2/repository/org/codehaus/jettison/jettison/1.1/jettison-1.1.jar:/home/user/.m2/repository/org/codehaus/jackson/jackson-core-asl/1.9.13/jackson-core-asl-1.9.13.jar:/home/user/.m2/repository/org/codehaus/jackson/jackson-mapper-asl/1.9.13/jackson-mapper-asl-1.9.13.jar:/home/user/.m2/repository/org/codehaus/jackson/jackson-jaxrs/1.9.13/jackson-jaxrs-1.9.13.jar:/home/user/.m2/repository/org/codehaus/jackson/jackson-xc/1.9.13/jackson-xc-1.9.13.jar:/home/user/.m2/repository/commons-logging/commons-logging/1.1.3/commons-logging-1.1.3.jar:/home/user/.m2/repository/commons-beanutils/commons-beanutils/1.9.3/commons-beanutils-1.9.3.jar:/home/user/.m2/repository/org/apache/commons/commons-configuration2/2.1.1/commons-configuration2-2.1.1.jar:/home/user/.m2/repository/org/apache/commons/commons-lang3/3.7/commons-lang3-3.7.jar:/home/user/.m2/repository/org/apache/commons/commons-text/1.4/commons-text-1.4.jar:/home/user/.m2/repository/org/apache/avro/avro/1.7.7/avro-1.7.7.jar:/home/user/.m2/repository/com/thoughtworks/paranamer/paranamer/2.3/paranamer-2.3.jar:/home/user/.m2/repository/org/xerial/snappy/snappy-java/1.0.5/snappy-java-1.0.5.jar:/home/user/.m2/repository/com/google/re2j/re2j/1.1/re2j-1.1.jar:/home/user/.m2/repository/com/google/code/gson/gson/2.2.4/gson-2.2.4.jar:/home/user/.m2/repository/com/jcraft/jsch/0.1.54/jsch-0.1.54.jar:/home/user/.m2/repository/org/apache/curator/curator-client/2.12.0/curator-client-2.12.0.jar:/home/user/.m2/repository/org/apache/curator/curator-recipes/2.12.0/curator-recipes-2.12.0.jar:/home/user/.m2/repository/com/google/code/findbugs/jsr305/3.0.0/jsr305-3.0.0.jar:/home/user/.m2/repository/org/apache/htrace/htrace-core4/4.1.0-incubating/htrace-core4-4.1.0-incubating.jar:/home/user/.m2/repository/org/apache/zookeeper/zookeeper/3.4.13/zookeeper-3.4.13.jar:/home/user/.m2/repository/org/apache/yetus/audience-annotations/0.5.0/audience-annotations-0.5.0.jar:/home/user/.m2/repository/org/codehaus/woodstox/stax2-api/3.1.4/stax2-api-3.1.4.jar:/home/user/.m2/repository/com/fasterxml/woodstox/woodstox-core/5.0.3/woodstox-core-5.0.3.jar:/home/user/.m2/repository/dnsjava/dnsjava/2.1.7/dnsjava-2.1.7.jar:/home/user/.m2/repository/org/apache/hadoop/hadoop-hdfs/3.2.0/hadoop-hdfs-3.2.0-tests.jar:/home/user/.m2/repository/org/eclipse/jetty/jetty-util-ajax/9.3.24.v20180605/jetty-util-ajax-9.3.24.v20180605.jar:/home/user/.m2/repository/commons-daemon/commons-daemon/1.0.13/commons-daemon-1.0.13.jar:/home/user/.m2/repository/io/netty/netty/3.10.5.Final/netty-3.10.5.Final.jar:/home/user/.m2/repository/io/netty/netty-all/4.0.52.Final/netty-all-4.0.52.Final.jar:/home/user/.m2/repository/org/fusesource/leveldbjni/leveldbjni-all/1.8/leveldbjni-all-1.8.jar:"/>
    <property name="java.vm.vendor" value="IcedTea"/>
    <property name="sun.arch.data.model" value="64"/>
    <property name="test.build.dir" value="/workdir/hadoop-ozone/integration-test/target/test-dir"/>
    <property name="test.cache.data" value=""/>
    <property name="java.vendor.url" value="https://icedtea.classpath.org"/>
    <property name="user.timezone" value=""/>
    <property name="java.vm.specification.version" value="1.8"/>
    <property name="os.name" value="Linux"/>
    <property name="test.build.data" value="/workdir/hadoop-ozone/integration-test/target/test-dir"/>
    <property name="user.country" value="US"/>
    <property name="sun.java.launcher" value="SUN_STANDARD"/>
    <property name="sun.boot.library.path" value="/usr/lib/jvm/java-1.8-openjdk/jre/lib/amd64"/>
    <property name="sun.java.command" value="/workdir/hadoop-ozone/integration-test/target/surefire/surefirebooter368994589309246843.jar /workdir/hadoop-ozone/integration-test/target/surefire 2019-09-12T05-13-24_692-jvmRun1 surefire1745243534868532884tmp surefire_527558341440071656771tmp"/>
    <property name="test" value="!TestMiniChaosOzoneCluster"/>
    <property name="surefire.test.class.path" value="/workdir/hadoop-ozone/integration-test/target/test-classes:/workdir/hadoop-ozone/integration-test/target/classes:/home/user/.m2/repository/org/apache/hadoop/hadoop-ozone-common/0.5.0-SNAPSHOT/hadoop-ozone-common-0.5.0-SNAPSHOT.jar:/home/user/.m2/repository/org/apache/commons/commons-compress/1.4.1/commons-compress-1.4.1.jar:/home/user/.m2/repository/org/tukaani/xz/1.0/xz-1.0.jar:/home/user/.m2/repository/org/apache/hadoop/hadoop-common/3.2.0/hadoop-common-3.2.0.jar:/home/user/.m2/repository/org/apache/hadoop/hadoop-hdfs/3.2.0/hadoop-hdfs-3.2.0.jar:/home/user/.m2/repository/org/apache/hadoop/hadoop-hdfs-client/3.2.0/hadoop-hdfs-client-3.2.0.jar:/home/user/.m2/repository/com/fasterxml/jackson/core/jackson-annotations/2.9.5/jackson-annotations-2.9.5.jar:/home/user/.m2/repository/org/apache/hadoop/hadoop-hdds-common/0.5.0-SNAPSHOT/hadoop-hdds-common-0.5.0-SNAPSHOT.jar:/home/user/.m2/repository/javax/annotation/javax.annotation-api/1.2/javax.annotation-api-1.2.jar:/home/user/.m2/repository/org/apache/ratis/ratis-server/0.4.0-78e95b9-SNAPSHOT/ratis-server-0.4.0-78e95b9-SNAPSHOT.jar:/home/user/.m2/repository/org/apache/ratis/ratis-thirdparty-misc/0.2.0/ratis-thirdparty-misc-0.2.0.jar:/home/user/.m2/repository/org/apache/ratis/ratis-proto/0.4.0-78e95b9-SNAPSHOT/ratis-proto-0.4.0-78e95b9-SNAPSHOT.jar:/home/user/.m2/repository/org/apache/ratis/ratis-common/0.4.0-78e95b9-SNAPSHOT/ratis-common-0.4.0-78e95b9-SNAPSHOT.jar:/home/user/.m2/repository/org/apache/ratis/ratis-client/0.4.0-78e95b9-SNAPSHOT/ratis-client-0.4.0-78e95b9-SNAPSHOT.jar:/home/user/.m2/repository/org/apache/ratis/ratis-metrics/0.4.0-78e95b9-SNAPSHOT/ratis-metrics-0.4.0-78e95b9-SNAPSHOT.jar:/home/user/.m2/repository/com/github/joshelser/dropwizard-metrics-hadoop-metrics2-reporter/0.1.2/dropwizard-metrics-hadoop-metrics2-reporter-0.1.2.jar:/home/user/.m2/repository/io/dropwizard/metrics/metrics-jvm/3.2.5/metrics-jvm-3.2.5.jar:/home/user/.m2/repository/io/dropwizard/metrics/metrics-ganglia/3.2.5/metrics-ganglia-3.2.5.jar:/home/user/.m2/repository/info/ganglia/gmetric4j/gmetric4j/1.0.7/gmetric4j-1.0.7.jar:/home/user/.m2/repository/org/apache/ratis/ratis-netty/0.4.0-78e95b9-SNAPSHOT/ratis-netty-0.4.0-78e95b9-SNAPSHOT.jar:/home/user/.m2/repository/org/apache/ratis/ratis-grpc/0.4.0-78e95b9-SNAPSHOT/ratis-grpc-0.4.0-78e95b9-SNAPSHOT.jar:/home/user/.m2/repository/org/rocksdb/rocksdbjni/6.0.1/rocksdbjni-6.0.1.jar:/home/user/.m2/repository/org/apache/logging/log4j/log4j-api/2.11.0/log4j-api-2.11.0.jar:/home/user/.m2/repository/org/apache/logging/log4j/log4j-core/2.11.0/log4j-core-2.11.0.jar:/home/user/.m2/repository/com/lmax/disruptor/3.4.2/disruptor-3.4.2.jar:/home/user/.m2/repository/org/apache/commons/commons-pool2/2.6.0/commons-pool2-2.6.0.jar:/home/user/.m2/repository/org/bouncycastle/bcpkix-jdk15on/1.60/bcpkix-jdk15on-1.60.jar:/home/user/.m2/repository/commons-validator/commons-validator/1.6/commons-validator-1.6.jar:/home/user/.m2/repository/commons-digester/commons-digester/1.8.1/commons-digester-1.8.1.jar:/home/user/.m2/repository/io/jaegertracing/jaeger-client/0.33.1/jaeger-client-0.33.1.jar:/home/user/.m2/repository/io/jaegertracing/jaeger-thrift/0.33.1/jaeger-thrift-0.33.1.jar:/home/user/.m2/repository/org/apache/thrift/libthrift/0.11.0/libthrift-0.11.0.jar:/home/user/.m2/repository/com/squareup/okhttp3/okhttp/3.9.0/okhttp-3.9.0.jar:/home/user/.m2/repository/com/squareup/okio/okio/1.13.0/okio-1.13.0.jar:/home/user/.m2/repository/io/jaegertracing/jaeger-core/0.33.1/jaeger-core-0.33.1.jar:/home/user/.m2/repository/io/jaegertracing/jaeger-tracerresolver/0.33.1/jaeger-tracerresolver-0.33.1.jar:/home/user/.m2/repository/io/opentracing/contrib/opentracing-tracerresolver/0.1.5/opentracing-tracerresolver-0.1.5.jar:/home/user/.m2/repository/io/opentracing/opentracing-util/0.31.0/opentracing-util-0.31.0.jar:/home/user/.m2/repository/io/opentracing/opentracing-api/0.31.0/opentracing-api-0.31.0.jar:/home/user/.m2/repository/io/opentracing/opentracing-noop/0.31.0/opentracing-noop-0.31.0.jar:/home/user/.m2/repository/org/apache/hadoop/hadoop-hdds-server-framework/0.5.0-SNAPSHOT/hadoop-hdds-server-framework-0.5.0-SNAPSHOT.jar:/home/user/.m2/repository/org/apache/hadoop/hadoop-hdds-container-service/0.5.0-SNAPSHOT/hadoop-hdds-container-service-0.5.0-SNAPSHOT.jar:/home/user/.m2/repository/org/apache/hadoop/hadoop-hdds-client/0.5.0-SNAPSHOT/hadoop-hdds-client-0.5.0-SNAPSHOT.jar:/home/user/.m2/repository/org/apache/hadoop/hadoop-hdds-tools/0.5.0-SNAPSHOT/hadoop-hdds-tools-0.5.0-SNAPSHOT.jar:/home/user/.m2/repository/org/apache/hadoop/hadoop-hdds-server-scm/0.5.0-SNAPSHOT/hadoop-hdds-server-scm-0.5.0-SNAPSHOT.jar:/home/user/.m2/repository/org/apache/hadoop/hadoop-hdds-docs/0.5.0-SNAPSHOT/hadoop-hdds-docs-0.5.0-SNAPSHOT.jar:/home/user/.m2/repository/io/dropwizard/metrics/metrics-core/3.2.4/metrics-core-3.2.4.jar:/home/user/.m2/repository/org/hamcrest/hamcrest-all/1.3/hamcrest-all-1.3.jar:/home/user/.m2/repository/org/bouncycastle/bcprov-jdk15on/1.60/bcprov-jdk15on-1.60.jar:/home/user/.m2/repository/info/picocli/picocli/3.9.6/picocli-3.9.6.jar:/home/user/.m2/repository/com/google/protobuf/protobuf-java/2.5.0/protobuf-java-2.5.0.jar:/home/user/.m2/repository/com/google/guava/guava/11.0.2/guava-11.0.2.jar:/home/user/.m2/repository/org/apache/hadoop/hadoop-ozone-ozone-manager/0.5.0-SNAPSHOT/hadoop-ozone-ozone-manager-0.5.0-SNAPSHOT.jar:/home/user/.m2/repository/org/apache/hadoop/hadoop-minikdc/3.2.0/hadoop-minikdc-3.2.0.jar:/home/user/.m2/repository/commons-io/commons-io/2.5/commons-io-2.5.jar:/home/user/.m2/repository/org/apache/kerby/kerb-simplekdc/1.0.1/kerb-simplekdc-1.0.1.jar:/home/user/.m2/repository/org/apache/kerby/kerb-client/1.0.1/kerb-client-1.0.1.jar:/home/user/.m2/repository/org/apache/kerby/kerby-config/1.0.1/kerby-config-1.0.1.jar:/home/user/.m2/repository/org/apache/kerby/kerb-core/1.0.1/kerb-core-1.0.1.jar:/home/user/.m2/repository/org/apache/kerby/kerby-pkix/1.0.1/kerby-pkix-1.0.1.jar:/home/user/.m2/repository/org/apache/kerby/kerby-asn1/1.0.1/kerby-asn1-1.0.1.jar:/home/user/.m2/repository/org/apache/kerby/kerby-util/1.0.1/kerby-util-1.0.1.jar:/home/user/.m2/repository/org/apache/kerby/kerb-common/1.0.1/kerb-common-1.0.1.jar:/home/user/.m2/repository/org/apache/kerby/kerb-crypto/1.0.1/kerb-crypto-1.0.1.jar:/home/user/.m2/repository/org/apache/kerby/kerb-util/1.0.1/kerb-util-1.0.1.jar:/home/user/.m2/repository/org/apache/kerby/token-provider/1.0.1/token-provider-1.0.1.jar:/home/user/.m2/repository/org/apache/kerby/kerb-admin/1.0.1/kerb-admin-1.0.1.jar:/home/user/.m2/repository/org/apache/kerby/kerb-server/1.0.1/kerb-server-1.0.1.jar:/home/user/.m2/repository/org/apache/kerby/kerb-identity/1.0.1/kerb-identity-1.0.1.jar:/home/user/.m2/repository/org/apache/kerby/kerby-xdr/1.0.1/kerby-xdr-1.0.1.jar:/home/user/.m2/repository/org/slf4j/slf4j-log4j12/1.7.25/slf4j-log4j12-1.7.25.jar:/home/user/.m2/repository/org/apache/hadoop/hadoop-ozone-s3gateway/0.5.0-SNAPSHOT/hadoop-ozone-s3gateway-0.5.0-SNAPSHOT.jar:/home/user/.m2/repository/org/jboss/weld/servlet/weld-servlet/2.4.7.Final/weld-servlet-2.4.7.Final.jar:/home/user/.m2/repository/org/glassfish/jersey/containers/jersey-container-servlet-core/2.27/jersey-container-servlet-core-2.27.jar:/home/user/.m2/repository/org/glassfish/hk2/external/javax.inject/2.5.0-b42/javax.inject-2.5.0-b42.jar:/home/user/.m2/repository/org/glassfish/jersey/core/jersey-common/2.27/jersey-common-2.27.jar:/home/user/.m2/repository/org/glassfish/hk2/osgi-resource-locator/1.0.1/osgi-resource-locator-1.0.1.jar:/home/user/.m2/repository/javax/ws/rs/javax.ws.rs-api/2.1/javax.ws.rs-api-2.1.jar:/home/user/.m2/repository/org/glassfish/jersey/ext/cdi/jersey-cdi1x/2.27/jersey-cdi1x-2.27.jar:/home/user/.m2/repository/org/glassfish/jersey/inject/jersey-hk2/2.27/jersey-hk2-2.27.jar:/home/user/.m2/repository/org/glassfish/hk2/hk2-locator/2.5.0-b42/hk2-locator-2.5.0-b42.jar:/home/user/.m2/repository/org/javassist/javassist/3.22.0-CR2/javassist-3.22.0-CR2.jar:/home/user/.m2/repository/org/glassfish/hk2/hk2-api/2.5.0/hk2-api-2.5.0.jar:/home/user/.m2/repository/org/glassfish/hk2/external/jakarta.inject/2.5.0/jakarta.inject-2.5.0.jar:/home/user/.m2/repository/org/glassfish/hk2/hk2-utils/2.5.0/hk2-utils-2.5.0.jar:/home/user/.m2/repository/jakarta/annotation/jakarta.annotation-api/1.3.4/jakarta.annotation-api-1.3.4.jar:/home/user/.m2/repository/org/glassfish/hk2/external/aopalliance-repackaged/2.5.0/aopalliance-repackaged-2.5.0.jar:/home/user/.m2/repository/com/fasterxml/jackson/dataformat/jackson-dataformat-xml/2.9.0/jackson-dataformat-xml-2.9.0.jar:/home/user/.m2/repository/com/fasterxml/jackson/core/jackson-core/2.9.5/jackson-core-2.9.5.jar:/home/user/.m2/repository/com/fasterxml/jackson/module/jackson-module-jaxb-annotations/2.9.5/jackson-module-jaxb-annotations-2.9.5.jar:/home/user/.m2/repository/javax/enterprise/cdi-api/1.2/cdi-api-1.2.jar:/home/user/.m2/repository/javax/el/javax.el-api/3.0.0/javax.el-api-3.0.0.jar:/home/user/.m2/repository/javax/interceptor/javax.interceptor-api/1.2/javax.interceptor-api-1.2.jar:/home/user/.m2/repository/javax/inject/javax.inject/1/javax.inject-1.jar:/home/user/.m2/repository/com/sun/xml/bind/jaxb-impl/2.3.0.1/jaxb-impl-2.3.0.1.jar:/home/user/.m2/repository/com/sun/xml/bind/jaxb-core/2.3.0.1/jaxb-core-2.3.0.1.jar:/home/user/.m2/repository/javax/xml/bind/jaxb-api/2.3.0/jaxb-api-2.3.0.jar:/home/user/.m2/repository/javax/activation/activation/1.1.1/activation-1.1.1.jar:/home/user/.m2/repository/org/apache/hadoop/hadoop-ozone-csi/0.5.0-SNAPSHOT/hadoop-ozone-csi-0.5.0-SNAPSHOT.jar:/home/user/.m2/repository/com/google/protobuf/protobuf-java-util/3.5.1/protobuf-java-util-3.5.1.jar:/home/user/.m2/repository/org/apache/hadoop/hadoop-hdds-config/0.5.0-SNAPSHOT/hadoop-hdds-config-0.5.0-SNAPSHOT.jar:/home/user/.m2/repository/io/grpc/grpc-netty/1.17.1/grpc-netty-1.17.1.jar:/home/user/.m2/repository/io/grpc/grpc-core/1.17.1/grpc-core-1.17.1.jar:/home/user/.m2/repository/io/grpc/grpc-context/1.17.1/grpc-context-1.17.1.jar:/home/user/.m2/repository/com/google/errorprone/error_prone_annotations/2.2.0/error_prone_annotations-2.2.0.jar:/home/user/.m2/repository/org/codehaus/mojo/animal-sniffer-annotations/1.17/animal-sniffer-annotations-1.17.jar:/home/user/.m2/repository/io/opencensus/opencensus-api/0.17.0/opencensus-api-0.17.0.jar:/home/user/.m2/repository/io/opencensus/opencensus-contrib-grpc-metrics/0.17.0/opencensus-contrib-grpc-metrics-0.17.0.jar:/home/user/.m2/repository/io/netty/netty-codec-http2/4.1.30.Final/netty-codec-http2-4.1.30.Final.jar:/home/user/.m2/repository/io/netty/netty-codec-http/4.1.30.Final/netty-codec-http-4.1.30.Final.jar:/home/user/.m2/repository/io/netty/netty-codec/4.1.30.Final/netty-codec-4.1.30.Final.jar:/home/user/.m2/repository/io/netty/netty-handler/4.1.30.Final/netty-handler-4.1.30.Final.jar:/home/user/.m2/repository/io/netty/netty-handler-proxy/4.1.30.Final/netty-handler-proxy-4.1.30.Final.jar:/home/user/.m2/repository/io/netty/netty-codec-socks/4.1.30.Final/netty-codec-socks-4.1.30.Final.jar:/home/user/.m2/repository/io/netty/netty-transport-native-epoll/4.1.30.Final/netty-transport-native-epoll-4.1.30.Final.jar:/home/user/.m2/repository/io/netty/netty-common/4.1.30.Final/netty-common-4.1.30.Final.jar:/home/user/.m2/repository/io/netty/netty-buffer/4.1.30.Final/netty-buffer-4.1.30.Final.jar:/home/user/.m2/repository/io/netty/netty-transport/4.1.30.Final/netty-transport-4.1.30.Final.jar:/home/user/.m2/repository/io/netty/netty-resolver/4.1.30.Final/netty-resolver-4.1.30.Final.jar:/home/user/.m2/repository/io/netty/netty-transport-native-unix-common/4.1.30.Final/netty-transport-native-unix-common-4.1.30.Final.jar:/home/user/.m2/repository/io/grpc/grpc-protobuf/1.17.1/grpc-protobuf-1.17.1.jar:/home/user/.m2/repository/com/google/api/grpc/proto-google-common-protos/1.0.0/proto-google-common-protos-1.0.0.jar:/home/user/.m2/repository/io/grpc/grpc-protobuf-lite/1.17.1/grpc-protobuf-lite-1.17.1.jar:/home/user/.m2/repository/io/grpc/grpc-stub/1.17.1/grpc-stub-1.17.1.jar:/home/user/.m2/repository/org/apache/hadoop/hadoop-ozone-recon/0.5.0-SNAPSHOT/hadoop-ozone-recon-0.5.0-SNAPSHOT.jar:/home/user/.m2/repository/org/apache/hadoop/hadoop-ozone-reconcodegen/0.5.0-SNAPSHOT/hadoop-ozone-reconcodegen-0.5.0-SNAPSHOT.jar:/home/user/.m2/repository/com/google/inject/extensions/guice-multibindings/4.0/guice-multibindings-4.0.jar:/home/user/.m2/repository/com/google/inject/guice/4.0/guice-4.0.jar:/home/user/.m2/repository/aopalliance/aopalliance/1.0/aopalliance-1.0.jar:/home/user/.m2/repository/com/google/inject/extensions/guice-servlet/4.0/guice-servlet-4.0.jar:/home/user/.m2/repository/org/glassfish/jersey/containers/jersey-container-servlet/2.27/jersey-container-servlet-2.27.jar:/home/user/.m2/repository/org/glassfish/hk2/guice-bridge/2.5.0/guice-bridge-2.5.0.jar:/home/user/.m2/repository/org/glassfish/jersey/core/jersey-server/2.27/jersey-server-2.27.jar:/home/user/.m2/repository/org/glassfish/jersey/core/jersey-client/2.27/jersey-client-2.27.jar:/home/user/.m2/repository/org/glassfish/jersey/media/jersey-media-jaxb/2.27/jersey-media-jaxb-2.27.jar:/home/user/.m2/repository/javax/validation/validation-api/1.1.0.Final/validation-api-1.1.0.Final.jar:/home/user/.m2/repository/org/glassfish/jersey/media/jersey-media-json-jackson/2.27/jersey-media-json-jackson-2.27.jar:/home/user/.m2/repository/org/glassfish/jersey/ext/jersey-entity-filtering/2.27/jersey-entity-filtering-2.27.jar:/home/user/.m2/repository/com/google/inject/extensions/guice-assistedinject/4.0/guice-assistedinject-4.0.jar:/home/user/.m2/repository/org/jooq/jooq/3.11.10/jooq-3.11.10.jar:/home/user/.m2/repository/org/jooq/jooq-meta/3.11.10/jooq-meta-3.11.10.jar:/home/user/.m2/repository/org/jooq/jooq-codegen/3.11.10/jooq-codegen-3.11.10.jar:/home/user/.m2/repository/com/jolbox/bonecp/0.8.0.RELEASE/bonecp-0.8.0.RELEASE.jar:/home/user/.m2/repository/org/xerial/sqlite-jdbc/3.25.2/sqlite-jdbc-3.25.2.jar:/home/user/.m2/repository/org/springframework/spring-jdbc/5.1.3.RELEASE/spring-jdbc-5.1.3.RELEASE.jar:/home/user/.m2/repository/org/springframework/spring-beans/5.1.3.RELEASE/spring-beans-5.1.3.RELEASE.jar:/home/user/.m2/repository/org/springframework/spring-core/5.1.3.RELEASE/spring-core-5.1.3.RELEASE.jar:/home/user/.m2/repository/org/springframework/spring-jcl/5.1.3.RELEASE/spring-jcl-5.1.3.RELEASE.jar:/home/user/.m2/repository/org/springframework/spring-tx/5.1.3.RELEASE/spring-tx-5.1.3.RELEASE.jar:/home/user/.m2/repository/org/apache/hadoop/hadoop-ozone-client/0.5.0-SNAPSHOT/hadoop-ozone-client-0.5.0-SNAPSHOT.jar:/home/user/.m2/repository/commons-lang/commons-lang/2.6/commons-lang-2.6.jar:/home/user/.m2/repository/org/apache/hadoop/hadoop-ozone-ozone-manager/0.5.0-SNAPSHOT/hadoop-ozone-ozone-manager-0.5.0-SNAPSHOT-tests.jar:/home/user/.m2/repository/junit/junit/4.11/junit-4.11.jar:/home/user/.m2/repository/org/hamcrest/hamcrest-core/1.3/hamcrest-core-1.3.jar:/home/user/.m2/repository/org/openjdk/jmh/jmh-core/1.19/jmh-core-1.19.jar:/home/user/.m2/repository/net/sf/jopt-simple/jopt-simple/4.6/jopt-simple-4.6.jar:/home/user/.m2/repository/org/apache/commons/commons-math3/3.1.1/commons-math3-3.1.1.jar:/home/user/.m2/repository/org/openjdk/jmh/jmh-generator-annprocess/1.19/jmh-generator-annprocess-1.19.jar:/home/user/.m2/repository/org/mockito/mockito-all/1.8.5/mockito-all-1.8.5.jar:/home/user/.m2/repository/org/apache/hadoop/hadoop-kms/3.2.0/hadoop-kms-3.2.0.jar:/home/user/.m2/repository/org/apache/hadoop/hadoop-auth/3.2.0/hadoop-auth-3.2.0.jar:/home/user/.m2/repository/com/nimbusds/nimbus-jose-jwt/4.41.1/nimbus-jose-jwt-4.41.1.jar:/home/user/.m2/repository/com/github/stephenc/jcip/jcip-annotations/1.0-1/jcip-annotations-1.0-1.jar:/home/user/.m2/repository/net/minidev/json-smart/2.3/json-smart-2.3.jar:/home/user/.m2/repository/net/minidev/accessors-smart/1.2/accessors-smart-1.2.jar:/home/user/.m2/repository/org/ow2/asm/asm/5.0.4/asm-5.0.4.jar:/home/user/.m2/repository/org/apache/curator/curator-framework/2.12.0/curator-framework-2.12.0.jar:/home/user/.m2/repository/com/sun/jersey/jersey-core/1.19/jersey-core-1.19.jar:/home/user/.m2/repository/javax/ws/rs/jsr311-api/1.1.1/jsr311-api-1.1.1.jar:/home/user/.m2/repository/com/sun/jersey/jersey-server/1.19/jersey-server-1.19.jar:/home/user/.m2/repository/javax/servlet/javax.servlet-api/3.1.0/javax.servlet-api-3.1.0.jar:/home/user/.m2/repository/org/eclipse/jetty/jetty-server/9.3.24.v20180605/jetty-server-9.3.24.v20180605.jar:/home/user/.m2/repository/org/eclipse/jetty/jetty-http/9.3.24.v20180605/jetty-http-9.3.24.v20180605.jar:/home/user/.m2/repository/org/eclipse/jetty/jetty-io/9.3.24.v20180605/jetty-io-9.3.24.v20180605.jar:/home/user/.m2/repository/org/eclipse/jetty/jetty-webapp/9.3.24.v20180605/jetty-webapp-9.3.24.v20180605.jar:/home/user/.m2/repository/org/eclipse/jetty/jetty-xml/9.3.24.v20180605/jetty-xml-9.3.24.v20180605.jar:/home/user/.m2/repository/log4j/log4j/1.2.17/log4j-1.2.17.jar:/home/user/.m2/repository/org/slf4j/slf4j-api/1.7.25/slf4j-api-1.7.25.jar:/home/user/.m2/repository/org/slf4j/jul-to-slf4j/1.7.25/jul-to-slf4j-1.7.25.jar:/home/user/.m2/repository/org/eclipse/jetty/jetty-util/9.3.24.v20180605/jetty-util-9.3.24.v20180605.jar:/home/user/.m2/repository/com/fasterxml/jackson/core/jackson-databind/2.9.5/jackson-databind-2.9.5.jar:/home/user/.m2/repository/org/apache/hadoop/hadoop-kms/3.2.0/hadoop-kms-3.2.0-tests.jar:/home/user/.m2/repository/org/apache/hadoop/hadoop-hdds-server-scm/0.5.0-SNAPSHOT/hadoop-hdds-server-scm-0.5.0-SNAPSHOT-tests.jar:/home/user/.m2/repository/org/apache/hadoop/hadoop-hdds-container-service/0.5.0-SNAPSHOT/hadoop-hdds-container-service-0.5.0-SNAPSHOT-tests.jar:/home/user/.m2/repository/org/yaml/snakeyaml/1.16/snakeyaml-1.16.jar:/home/user/.m2/repository/org/apache/hadoop/hadoop-common/3.2.0/hadoop-common-3.2.0-tests.jar:/home/user/.m2/repository/org/apache/hadoop/hadoop-annotations/3.2.0/hadoop-annotations-3.2.0.jar:/usr/lib/jvm/java-1.8-openjdk/jre/../lib/tools.jar:/home/user/.m2/repository/commons-cli/commons-cli/1.2/commons-cli-1.2.jar:/home/user/.m2/repository/org/apache/httpcomponents/httpclient/4.5.2/httpclient-4.5.2.jar:/home/user/.m2/repository/org/apache/httpcomponents/httpcore/4.4.4/httpcore-4.4.4.jar:/home/user/.m2/repository/commons-codec/commons-codec/1.11/commons-codec-1.11.jar:/home/user/.m2/repository/commons-net/commons-net/3.6/commons-net-3.6.jar:/home/user/.m2/repository/commons-collections/commons-collections/3.2.2/commons-collections-3.2.2.jar:/home/user/.m2/repository/org/eclipse/jetty/jetty-servlet/9.3.24.v20180605/jetty-servlet-9.3.24.v20180605.jar:/home/user/.m2/repository/org/eclipse/jetty/jetty-security/9.3.24.v20180605/jetty-security-9.3.24.v20180605.jar:/home/user/.m2/repository/javax/servlet/jsp/jsp-api/2.1/jsp-api-2.1.jar:/home/user/.m2/repository/com/sun/jersey/jersey-servlet/1.19/jersey-servlet-1.19.jar:/home/user/.m2/repository/com/sun/jersey/jersey-json/1.19/jersey-json-1.19.jar:/home/user/.m2/repository/org/codehaus/jettison/jettison/1.1/jettison-1.1.jar:/home/user/.m2/repository/org/codehaus/jackson/jackson-core-asl/1.9.13/jackson-core-asl-1.9.13.jar:/home/user/.m2/repository/org/codehaus/jackson/jackson-mapper-asl/1.9.13/jackson-mapper-asl-1.9.13.jar:/home/user/.m2/repository/org/codehaus/jackson/jackson-jaxrs/1.9.13/jackson-jaxrs-1.9.13.jar:/home/user/.m2/repository/org/codehaus/jackson/jackson-xc/1.9.13/jackson-xc-1.9.13.jar:/home/user/.m2/repository/commons-logging/commons-logging/1.1.3/commons-logging-1.1.3.jar:/home/user/.m2/repository/commons-beanutils/commons-beanutils/1.9.3/commons-beanutils-1.9.3.jar:/home/user/.m2/repository/org/apache/commons/commons-configuration2/2.1.1/commons-configuration2-2.1.1.jar:/home/user/.m2/repository/org/apache/commons/commons-lang3/3.7/commons-lang3-3.7.jar:/home/user/.m2/repository/org/apache/commons/commons-text/1.4/commons-text-1.4.jar:/home/user/.m2/repository/org/apache/avro/avro/1.7.7/avro-1.7.7.jar:/home/user/.m2/repository/com/thoughtworks/paranamer/paranamer/2.3/paranamer-2.3.jar:/home/user/.m2/repository/org/xerial/snappy/snappy-java/1.0.5/snappy-java-1.0.5.jar:/home/user/.m2/repository/com/google/re2j/re2j/1.1/re2j-1.1.jar:/home/user/.m2/repository/com/google/code/gson/gson/2.2.4/gson-2.2.4.jar:/home/user/.m2/repository/com/jcraft/jsch/0.1.54/jsch-0.1.54.jar:/home/user/.m2/repository/org/apache/curator/curator-client/2.12.0/curator-client-2.12.0.jar:/home/user/.m2/repository/org/apache/curator/curator-recipes/2.12.0/curator-recipes-2.12.0.jar:/home/user/.m2/repository/com/google/code/findbugs/jsr305/3.0.0/jsr305-3.0.0.jar:/home/user/.m2/repository/org/apache/htrace/htrace-core4/4.1.0-incubating/htrace-core4-4.1.0-incubating.jar:/home/user/.m2/repository/org/apache/zookeeper/zookeeper/3.4.13/zookeeper-3.4.13.jar:/home/user/.m2/repository/org/apache/yetus/audience-annotations/0.5.0/audience-annotations-0.5.0.jar:/home/user/.m2/repository/org/codehaus/woodstox/stax2-api/3.1.4/stax2-api-3.1.4.jar:/home/user/.m2/repository/com/fasterxml/woodstox/woodstox-core/5.0.3/woodstox-core-5.0.3.jar:/home/user/.m2/repository/dnsjava/dnsjava/2.1.7/dnsjava-2.1.7.jar:/home/user/.m2/repository/org/apache/hadoop/hadoop-hdfs/3.2.0/hadoop-hdfs-3.2.0-tests.jar:/home/user/.m2/repository/org/eclipse/jetty/jetty-util-ajax/9.3.24.v20180605/jetty-util-ajax-9.3.24.v20180605.jar:/home/user/.m2/repository/commons-daemon/commons-daemon/1.0.13/commons-daemon-1.0.13.jar:/home/user/.m2/repository/io/netty/netty/3.10.5.Final/netty-3.10.5.Final.jar:/home/user/.m2/repository/io/netty/netty-all/4.0.52.Final/netty-all-4.0.52.Final.jar:/home/user/.m2/repository/org/fusesource/leveldbjni/leveldbjni-all/1.8/leveldbjni-all-1.8.jar:"/>
    <property name="sun.cpu.endian" value="little"/>
    <property name="user.home" value="/home/user"/>
    <property name="user.language" value="en"/>
    <property name="java.specification.vendor" value="Oracle Corporation"/>
    <property name="java.home" value="/usr/lib/jvm/java-1.8-openjdk/jre"/>
    <property name="java.security.krb5.conf" value="/workdir/hadoop-ozone/integration-test/target/test-classes/krb5.conf"/>
    <property name="basedir" value="/workdir/hadoop-ozone/integration-test"/>
    <property name="file.separator" value="/"/>
    <property name="line.separator" value="&#10;"/>
    <property name="java.vm.specification.vendor" value="Oracle Corporation"/>
    <property name="java.specification.name" value="Java Platform API Specification"/>
    <property name="java.awt.graphicsenv" value="sun.awt.X11GraphicsEnvironment"/>
    <property name="surefire.real.class.path" value="/workdir/hadoop-ozone/integration-test/target/surefire/surefirebooter368994589309246843.jar"/>
    <property name="hadoop.log.dir" value="/workdir/hadoop-ozone/integration-test/target/log"/>
    <property name="sun.boot.class.path" value="/usr/lib/jvm/java-1.8-openjdk/jre/lib/resources.jar:/usr/lib/jvm/java-1.8-openjdk/jre/lib/rt.jar:/usr/lib/jvm/java-1.8-openjdk/jre/lib/sunrsasign.jar:/usr/lib/jvm/java-1.8-openjdk/jre/lib/jsse.jar:/usr/lib/jvm/java-1.8-openjdk/jre/lib/jce.jar:/usr/lib/jvm/java-1.8-openjdk/jre/lib/charsets.jar:/usr/lib/jvm/java-1.8-openjdk/jre/lib/jfr.jar:/usr/lib/jvm/java-1.8-openjdk/jre/classes"/>
    <property name="sun.management.compiler" value="HotSpot 64-Bit Tiered Compilers"/>
    <property name="java.runtime.version" value="1.8.0_212-b04"/>
    <property name="java.net.preferIPv4Stack" value="true"/>
    <property name="user.name" value="jenkins1000"/>
    <property name="path.separator" value=":"/>
    <property name="java.security.egd" value="file:///dev/urandom"/>
    <property name="os.version" value="3.10.0-957.12.2.el7.x86_64"/>
    <property name="java.endorsed.dirs" value="/usr/lib/jvm/java-1.8-openjdk/jre/lib/endorsed"/>
    <property name="java.runtime.name" value="OpenJDK Runtime Environment"/>
    <property name="file.encoding" value="UTF-8"/>
    <property name="java.vm.name" value="OpenJDK 64-Bit Server VM"/>
    <property name="test.build.webapps" value=""/>
    <property name="localRepository" value="/home/user/.m2/repository"/>
    <property name="java.vendor.url.bug" value="https://icedtea.classpath.org/bugzilla"/>
    <property name="java.io.tmpdir" value="/tmp"/>
    <property name="require.test.libhadoop" value=""/>
    <property name="java.version" value="1.8.0_212"/>
    <property name="user.dir" value="/workdir/hadoop-ozone/integration-test"/>
    <property name="os.arch" value="amd64"/>
    <property name="java.vm.specification.name" value="Java Virtual Machine Specification"/>
    <property name="test.build.classes" value="/workdir/hadoop-ozone/integration-test/target/test-classes"/>
    <property name="java.awt.printerjob" value="sun.print.PSPrinterJob"/>
    <property name="sun.os.patch.level" value="unknown"/>
    <property name="hadoop.tmp.dir" value="/workdir/hadoop-ozone/integration-test/target/tmp"/>
    <property name="java.library.path" value="/usr/lib/jvm/java-1.8-openjdk/jre/lib/amd64/server:/usr/lib/jvm/java-1.8-openjdk/jre/lib/amd64:/usr/lib/jvm/java-1.8-openjdk/jre/../lib/amd64:/workdir/hadoop-ozone/integration-test/target/native/target/usr/local/lib:/workdir/hadoop-ozone/integration-test/../../hadoop-common-project/hadoop-common/target/native/target/usr/local/lib:/usr/java/packages/lib/amd64:/usr/lib64:/lib64:/lib:/usr/lib"/>
    <property name="java.vm.info" value="mixed mode"/>
    <property name="java.vendor" value="IcedTea"/>
    <property name="java.vm.version" value="25.212-b04"/>
    <property name="java.ext.dirs" value="/usr/lib/jvm/java-1.8-openjdk/jre/lib/ext:/usr/java/packages/lib/ext"/>
    <property name="sun.io.unicode.encoding" value="UnicodeLittle"/>
    <property name="java.class.version" value="52.0"/>
  </properties>
  <testcase name="testMultiBlockWritesWithIntermittentDnFailures" classname="org.apache.hadoop.ozone.client.rpc.TestMultiBlockWritesWithDnFailures" time="105.55">
    <error message="Allocated 0 blocks. Requested 1 blocks" type="INTERNAL_ERROR org.apache.hadoop.ozone.om.exceptions.OMException">INTERNAL_ERROR org.apache.hadoop.ozone.om.exceptions.OMException: Allocated 0 blocks. Requested 1 blocks
	at org.apache.hadoop.ozone.om.protocolPB.OzoneManagerProtocolClientSideTranslatorPB.handleError(OzoneManagerProtocolClientSideTranslatorPB.java:724)
	at org.apache.hadoop.ozone.om.protocolPB.OzoneManagerProtocolClientSideTranslatorPB.allocateBlock(OzoneManagerProtocolClientSideTranslatorPB.java:756)
	at sun.reflect.NativeMethodAccessorImpl.invoke0(Native Method)
	at sun.reflect.NativeMethodAccessorImpl.invoke(NativeMethodAccessorImpl.java:62)
	at sun.reflect.DelegatingMethodAccessorImpl.invoke(DelegatingMethodAccessorImpl.java:43)
	at java.lang.reflect.Method.invoke(Method.java:498)
	at org.apache.hadoop.hdds.tracing.TraceAllMethod.invoke(TraceAllMethod.java:66)
	at com.sun.proxy.$Proxy36.allocateBlock(Unknown Source)
	at org.apache.hadoop.ozone.client.io.BlockOutputStreamEntryPool.allocateNewBlock(BlockOutputStreamEntryPool.java:248)
	at org.apache.hadoop.ozone.client.io.BlockOutputStreamEntryPool.allocateBlockIfNeeded(BlockOutputStreamEntryPool.java:296)
	at org.apache.hadoop.ozone.client.io.KeyOutputStream.handleWrite(KeyOutputStream.java:201)
	at org.apache.hadoop.ozone.client.io.KeyOutputStream.handleRetry(KeyOutputStream.java:376)
	at org.apache.hadoop.ozone.client.io.KeyOutputStream.handleException(KeyOutputStream.java:325)
	at org.apache.hadoop.ozone.client.io.KeyOutputStream.handleWrite(KeyOutputStream.java:231)
	at org.apache.hadoop.ozone.client.io.KeyOutputStream.write(KeyOutputStream.java:193)
	at org.apache.hadoop.ozone.client.io.OzoneOutputStream.write(OzoneOutputStream.java:49)
	at java.io.OutputStream.write(OutputStream.java:75)
	at org.apache.hadoop.ozone.client.rpc.TestMultiBlockWritesWithDnFailures.testMultiBlockWritesWithIntermittentDnFailures(TestMultiBlockWritesWithDnFailures.java:196)
	at sun.reflect.NativeMethodAccessorImpl.invoke0(Native Method)
	at sun.reflect.NativeMethodAccessorImpl.invoke(NativeMethodAccessorImpl.java:62)
	at sun.reflect.DelegatingMethodAccessorImpl.invoke(DelegatingMethodAccessorImpl.java:43)
	at java.lang.reflect.Method.invoke(Method.java:498)
	at org.junit.runners.model.FrameworkMethod$1.runReflectiveCall(FrameworkMethod.java:47)
	at org.junit.internal.runners.model.ReflectiveCallable.run(ReflectiveCallable.java:12)
	at org.junit.runners.model.FrameworkMethod.invokeExplosively(FrameworkMethod.java:44)
	at org.junit.internal.runners.statements.InvokeMethod.evaluate(InvokeMethod.java:17)
	at org.junit.internal.runners.statements.RunAfters.evaluate(RunAfters.java:27)
	at org.junit.runners.ParentRunner.runLeaf(ParentRunner.java:271)
	at org.junit.runners.BlockJUnit4ClassRunner.runChild(BlockJUnit4ClassRunner.java:70)
	at org.junit.runners.BlockJUnit4ClassRunner.runChild(BlockJUnit4ClassRunner.java:50)
	at org.junit.runners.ParentRunner$3.run(ParentRunner.java:238)
	at org.junit.runners.ParentRunner$1.schedule(ParentRunner.java:63)
	at org.junit.runners.ParentRunner.runChildren(ParentRunner.java:236)
	at org.junit.runners.ParentRunner.access$000(ParentRunner.java:53)
	at org.junit.runners.ParentRunner$2.evaluate(ParentRunner.java:229)
	at org.junit.runners.ParentRunner.run(ParentRunner.java:309)
	at org.apache.maven.surefire.junit4.JUnit4Provider.execute(JUnit4Provider.java:365)
	at org.apache.maven.surefire.junit4.JUnit4Provider.executeWithRerun(JUnit4Provider.java:273)
	at org.apache.maven.surefire.junit4.JUnit4Provider.executeTestSet(JUnit4Provider.java:238)
	at org.apache.maven.surefire.junit4.JUnit4Provider.invoke(JUnit4Provider.java:159)
	at org.apache.maven.surefire.booter.ForkedBooter.invokeProviderInSameClassLoader(ForkedBooter.java:384)
	at org.apache.maven.surefire.booter.ForkedBooter.runSuitesInProcess(ForkedBooter.java:345)
	at org.apache.maven.surefire.booter.ForkedBooter.execute(ForkedBooter.java:126)
	at org.apache.maven.surefire.booter.ForkedBooter.main(ForkedBooter.java:418)
</error>
    <system-out><![CDATA[2019-09-12 06:39:05,025 [main] WARN  server.ServerUtils (ServerUtils.java:getScmDbDir(145)) - ozone.scm.db.dirs is not configured. We recommend adding this setting. Falling back to ozone.metadata.dirs instead.
2019-09-12 06:39:05,184 [main] WARN  server.ServerUtils (ServerUtils.java:getScmDbDir(145)) - ozone.scm.db.dirs is not configured. We recommend adding this setting. Falling back to ozone.metadata.dirs instead.
2019-09-12 06:39:05,188 [main] WARN  server.ServerUtils (ServerUtils.java:getScmDbDir(145)) - ozone.scm.db.dirs is not configured. We recommend adding this setting. Falling back to ozone.metadata.dirs instead.
2019-09-12 06:39:05,209 [main] INFO  util.log (Log.java:initialized(192)) - Logging initialized @946ms
2019-09-12 06:39:05,311 [main] INFO  db.DBStoreBuilder (DBStoreBuilder.java:addTable(110)) - using custom profile for table: deletedBlocks
2019-09-12 06:39:05,312 [main] INFO  db.DBStoreBuilder (DBStoreBuilder.java:processTables(161)) - Using default column profile:DBProfile.DISK for Table:deletedBlocks
2019-09-12 06:39:05,312 [main] INFO  db.DBStoreBuilder (DBStoreBuilder.java:addTable(110)) - using custom profile for table: validCerts
2019-09-12 06:39:05,312 [main] INFO  db.DBStoreBuilder (DBStoreBuilder.java:processTables(161)) - Using default column profile:DBProfile.DISK for Table:validCerts
2019-09-12 06:39:05,313 [main] INFO  db.DBStoreBuilder (DBStoreBuilder.java:addTable(110)) - using custom profile for table: revokedCerts
2019-09-12 06:39:05,313 [main] INFO  db.DBStoreBuilder (DBStoreBuilder.java:processTables(161)) - Using default column profile:DBProfile.DISK for Table:revokedCerts
2019-09-12 06:39:05,325 [main] INFO  db.DBStoreBuilder (DBStoreBuilder.java:addTable(110)) - using custom profile for table: default
2019-09-12 06:39:05,325 [main] INFO  db.DBStoreBuilder (DBStoreBuilder.java:processTables(167)) - Using default column profile:DBProfile.DISK for Table:default
2019-09-12 06:39:05,327 [main] INFO  db.DBStoreBuilder (DBStoreBuilder.java:getDbProfile(198)) - Using default options. DBProfile.DISK
2019-09-12 06:39:05,644 [main] INFO  net.NodeSchemaLoader (NodeSchemaLoader.java:loadSchemaFromFile(125)) - Loading file from sun.misc.CompoundEnumeration@3270d194
2019-09-12 06:39:05,646 [main] INFO  net.NodeSchemaLoader (NodeSchemaLoader.java:loadSchema(171)) - Loading network topology layer schema file
2019-09-12 06:39:05,708 [main] INFO  node.SCMNodeManager (SCMNodeManager.java:<init>(114)) - Entering startup safe mode.
2019-09-12 06:39:05,769 [main] INFO  algorithms.ContainerPlacementPolicyFactory (ContainerPlacementPolicyFactory.java:getPolicy(57)) - Create container placement policy of type org.apache.hadoop.hdds.scm.container.placement.algorithms.SCMContainerPlacementRandom
2019-09-12 06:39:05,781 [main] WARN  server.ServerUtils (ServerUtils.java:getScmDbDir(145)) - ozone.scm.db.dirs is not configured. We recommend adding this setting. Falling back to ozone.metadata.dirs instead.
2019-09-12 06:39:05,880 [main] INFO  pipeline.SCMPipelineManager (SCMPipelineManager.java:initializePipelineState(128)) - No pipeline exists in current db
2019-09-12 06:39:05,883 [main] WARN  server.ServerUtils (ServerUtils.java:getScmDbDir(145)) - ozone.scm.db.dirs is not configured. We recommend adding this setting. Falling back to ozone.metadata.dirs instead.
2019-09-12 06:39:06,044 [main] WARN  events.EventQueue (EventQueue.java:fireEvent(183)) - No event handler registered for event TypedEvent{payloadType=SafeModeStatus, name='SafeModeStatus'}
2019-09-12 06:39:06,423 [main] INFO  ipc.CallQueueManager (CallQueueManager.java:<init>(84)) - Using callQueue: class java.util.concurrent.LinkedBlockingQueue, queueCapacity: 2000, scheduler: class org.apache.hadoop.ipc.DefaultRpcScheduler, ipcBackoff: false.
2019-09-12 06:39:06,450 [Socket Reader #1 for port 33197] INFO  ipc.Server (Server.java:run(1074)) - Starting Socket Reader #1 for port 33197
2019-09-12 06:39:06,580 [main] INFO  ipc.CallQueueManager (CallQueueManager.java:<init>(84)) - Using callQueue: class java.util.concurrent.LinkedBlockingQueue, queueCapacity: 2000, scheduler: class org.apache.hadoop.ipc.DefaultRpcScheduler, ipcBackoff: false.
2019-09-12 06:39:06,581 [Socket Reader #1 for port 35485] INFO  ipc.Server (Server.java:run(1074)) - Starting Socket Reader #1 for port 35485
2019-09-12 06:39:06,591 [main] INFO  ipc.CallQueueManager (CallQueueManager.java:<init>(84)) - Using callQueue: class java.util.concurrent.LinkedBlockingQueue, queueCapacity: 2000, scheduler: class org.apache.hadoop.ipc.DefaultRpcScheduler, ipcBackoff: false.
2019-09-12 06:39:06,592 [Socket Reader #1 for port 33798] INFO  ipc.Server (Server.java:run(1074)) - Starting Socket Reader #1 for port 33798
2019-09-12 06:39:06,618 [main] INFO  hdfs.DFSUtil (DFSUtil.java:httpServerTemplateForNNAndJN(1641)) - Starting Web-server for scm at: http://0.0.0.0:0
2019-09-12 06:39:06,779 [main] INFO  server.AuthenticationFilter (AuthenticationFilter.java:constructSecretProvider(240)) - Unable to initialize FileSignerSecretProvider, falling back to use random secrets.
2019-09-12 06:39:06,787 [main] WARN  http.HttpRequestLog (HttpRequestLog.java:getRequestLog(97)) - Jetty request log can only be enabled using Log4j
2019-09-12 06:39:06,794 [main] INFO  http.HttpServer2 (HttpServer2.java:addGlobalFilter(975)) - Added global filter 'safety' (class=org.apache.hadoop.http.HttpServer2$QuotingInputFilter)
2019-09-12 06:39:06,796 [main] INFO  http.HttpServer2 (HttpServer2.java:addFilter(948)) - Added filter static_user_filter (class=org.apache.hadoop.http.lib.StaticUserWebFilter$StaticUserFilter) to context scm
2019-09-12 06:39:06,796 [main] INFO  http.HttpServer2 (HttpServer2.java:addFilter(958)) - Added filter static_user_filter (class=org.apache.hadoop.http.lib.StaticUserWebFilter$StaticUserFilter) to context logs
2019-09-12 06:39:06,796 [main] INFO  http.HttpServer2 (HttpServer2.java:addFilter(958)) - Added filter static_user_filter (class=org.apache.hadoop.http.lib.StaticUserWebFilter$StaticUserFilter) to context static
2019-09-12 06:39:06,826 [main] INFO  server.StorageContainerManager (StorageContainerManager.java:start(763)) - StorageContainerLocationProtocol RPC server is listening at /0.0.0.0:33798
2019-09-12 06:39:06,895 [main] WARN  impl.MetricsConfig (MetricsConfig.java:loadFirst(134)) - Cannot locate configuration: tried hadoop-metrics2-storagecontainermanager.properties,hadoop-metrics2.properties
2019-09-12 06:39:06,908 [main] INFO  impl.MetricsSystemImpl (MetricsSystemImpl.java:startTimer(374)) - Scheduled Metric snapshot period at 10 second(s).
2019-09-12 06:39:06,909 [main] INFO  impl.MetricsSystemImpl (MetricsSystemImpl.java:start(191)) - StorageContainerManager metrics system started
2019-09-12 06:39:07,212 [main] INFO  server.SCMClientProtocolServer (SCMClientProtocolServer.java:start(151)) - RPC server for Client  is listening at /0.0.0.0:33798
2019-09-12 06:39:07,212 [IPC Server listener on 33798] INFO  ipc.Server (Server.java:run(1153)) - IPC Server listener on 33798: starting
2019-09-12 06:39:07,212 [IPC Server Responder] INFO  ipc.Server (Server.java:run(1314)) - IPC Server Responder: starting
2019-09-12 06:39:07,215 [main] INFO  server.StorageContainerManager (StorageContainerManager.java:start(773)) - ScmBlockLocationProtocol RPC server is listening at /0.0.0.0:35485
2019-09-12 06:39:07,216 [main] INFO  server.SCMBlockProtocolServer (SCMBlockProtocolServer.java:start(146)) - RPC server for Block Protocol is listening at /0.0.0.0:35485
2019-09-12 06:39:07,217 [IPC Server Responder] INFO  ipc.Server (Server.java:run(1314)) - IPC Server Responder: starting
2019-09-12 06:39:07,217 [IPC Server listener on 35485] INFO  ipc.Server (Server.java:run(1153)) - IPC Server listener on 35485: starting
2019-09-12 06:39:07,219 [main] INFO  server.StorageContainerManager (StorageContainerManager.java:start(777)) - ScmDatanodeProtocl RPC server is listening at /0.0.0.0:33197
2019-09-12 06:39:07,219 [main] INFO  server.SCMDatanodeProtocolServer (SCMDatanodeProtocolServer.java:start(191)) - RPC server for DataNodes is listening at /0.0.0.0:33197
2019-09-12 06:39:07,219 [IPC Server Responder] INFO  ipc.Server (Server.java:run(1314)) - IPC Server Responder: starting
2019-09-12 06:39:07,219 [IPC Server listener on 33197] INFO  ipc.Server (Server.java:run(1153)) - IPC Server listener on 33197: starting
2019-09-12 06:39:07,223 [main] INFO  http.HttpServer2 (HttpServer2.java:bindListener(1191)) - Jetty bound to port 36152
2019-09-12 06:39:07,225 [main] INFO  server.Server (Server.java:doStart(351)) - jetty-9.3.24.v20180605, build timestamp: 2018-06-05T17:11:56Z, git hash: 84205aa28f11a4f31f2a3b86d1bba2cc8ab69827
2019-09-12 06:39:07,264 [main] INFO  handler.ContextHandler (ContextHandler.java:doStart(781)) - Started o.e.j.s.ServletContextHandler@732f29af{/logs,file:///workdir/hadoop-ozone/integration-test/target/log,AVAILABLE}
2019-09-12 06:39:07,265 [main] INFO  handler.ContextHandler (ContextHandler.java:doStart(781)) - Started o.e.j.s.ServletContextHandler@6622fc65{/static,file:///workdir/hadoop-ozone/integration-test/target/test-classes/webapps/static,AVAILABLE}
2019-09-12 06:39:07,301 [main] INFO  handler.ContextHandler (ContextHandler.java:doStart(781)) - Started o.e.j.w.WebAppContext@7555b920{/,file:///workdir/hadoop-ozone/integration-test/target/test-classes/webapps/scm/,AVAILABLE}{/scm}
2019-09-12 06:39:07,307 [main] INFO  server.AbstractConnector (AbstractConnector.java:doStart(278)) - Started ServerConnector@6db66836{HTTP/1.1,[http/1.1]}{0.0.0.0:36152}
2019-09-12 06:39:07,308 [main] INFO  server.Server (Server.java:doStart(419)) - Started @3045ms
2019-09-12 06:39:07,310 [main] INFO  impl.MetricsSinkAdapter (MetricsSinkAdapter.java:start(204)) - Sink prometheus started
2019-09-12 06:39:07,310 [main] INFO  impl.MetricsSystemImpl (MetricsSystemImpl.java:registerSink(301)) - Registered sink prometheus
2019-09-12 06:39:07,312 [main] INFO  server.BaseHttpServer (BaseHttpServer.java:updateConnectorAddress(215)) - HTTP server of SCM is listening at http://0.0.0.0:36152
2019-09-12 06:39:07,320 [org.apache.hadoop.util.JvmPauseMonitor$Monitor@78461bc4] INFO  util.JvmPauseMonitor (JvmPauseMonitor.java:run(188)) - Starting JVM pause monitor
2019-09-12 06:39:07,326 [main] WARN  server.ServerUtils (ServerUtils.java:getDBPath(222)) - ozone.om.db.dirs is not configured. We recommend adding this setting. Falling back to ozone.metadata.dirs instead.
2019-09-12 06:39:07,469 [main] WARN  server.ServerUtils (ServerUtils.java:getDBPath(222)) - ozone.om.db.dirs is not configured. We recommend adding this setting. Falling back to ozone.metadata.dirs instead.
2019-09-12 06:39:07,470 [main] WARN  server.ServerUtils (ServerUtils.java:getDBPath(222)) - ozone.om.db.dirs is not configured. We recommend adding this setting. Falling back to ozone.metadata.dirs instead.
2019-09-12 06:39:07,471 [main] INFO  om.OzoneManager (OzoneManager.java:setOMNodeDetails(649)) - OM Service ID is not set. Setting it to the default ID: omServiceIdDefault
2019-09-12 06:39:07,472 [main] INFO  om.OzoneManager (OzoneManager.java:setOMNodeDetails(655)) - OM Node ID is not set. Setting it to the OmStorage's OmID: f97b27f9-e2e3-4b81-b18b-12b17f8b367e
2019-09-12 06:39:07,473 [main] INFO  om.OzoneManager (OzoneManager.java:loadOMHAConfigs(606)) - Found matching OM address with OMServiceId: null, OMNodeId: null, RPC Address: localhost:0 and Ratis port: 9872
2019-09-12 06:39:08,296 [main] WARN  server.ServerUtils (ServerUtils.java:getDBPath(222)) - ozone.om.db.dirs is not configured. We recommend adding this setting. Falling back to ozone.metadata.dirs instead.
2019-09-12 06:39:08,304 [main] INFO  db.DBStoreBuilder (DBStoreBuilder.java:addTable(110)) - using custom profile for table: userTable
2019-09-12 06:39:08,304 [main] INFO  db.DBStoreBuilder (DBStoreBuilder.java:processTables(161)) - Using default column profile:DBProfile.DISK for Table:userTable
2019-09-12 06:39:08,304 [main] INFO  db.DBStoreBuilder (DBStoreBuilder.java:addTable(110)) - using custom profile for table: volumeTable
2019-09-12 06:39:08,304 [main] INFO  db.DBStoreBuilder (DBStoreBuilder.java:processTables(161)) - Using default column profile:DBProfile.DISK for Table:volumeTable
2019-09-12 06:39:08,305 [main] INFO  db.DBStoreBuilder (DBStoreBuilder.java:addTable(110)) - using custom profile for table: bucketTable
2019-09-12 06:39:08,305 [main] INFO  db.DBStoreBuilder (DBStoreBuilder.java:processTables(161)) - Using default column profile:DBProfile.DISK for Table:bucketTable
2019-09-12 06:39:08,305 [main] INFO  db.DBStoreBuilder (DBStoreBuilder.java:addTable(110)) - using custom profile for table: keyTable
2019-09-12 06:39:08,305 [main] INFO  db.DBStoreBuilder (DBStoreBuilder.java:processTables(161)) - Using default column profile:DBProfile.DISK for Table:keyTable
2019-09-12 06:39:08,306 [main] INFO  db.DBStoreBuilder (DBStoreBuilder.java:addTable(110)) - using custom profile for table: deletedTable
2019-09-12 06:39:08,306 [main] INFO  db.DBStoreBuilder (DBStoreBuilder.java:processTables(161)) - Using default column profile:DBProfile.DISK for Table:deletedTable
2019-09-12 06:39:08,306 [main] INFO  db.DBStoreBuilder (DBStoreBuilder.java:addTable(110)) - using custom profile for table: openKeyTable
2019-09-12 06:39:08,306 [main] INFO  db.DBStoreBuilder (DBStoreBuilder.java:processTables(161)) - Using default column profile:DBProfile.DISK for Table:openKeyTable
2019-09-12 06:39:08,307 [main] INFO  db.DBStoreBuilder (DBStoreBuilder.java:addTable(110)) - using custom profile for table: s3Table
2019-09-12 06:39:08,307 [main] INFO  db.DBStoreBuilder (DBStoreBuilder.java:processTables(161)) - Using default column profile:DBProfile.DISK for Table:s3Table
2019-09-12 06:39:08,307 [main] INFO  db.DBStoreBuilder (DBStoreBuilder.java:addTable(110)) - using custom profile for table: multipartInfoTable
2019-09-12 06:39:08,307 [main] INFO  db.DBStoreBuilder (DBStoreBuilder.java:processTables(161)) - Using default column profile:DBProfile.DISK for Table:multipartInfoTable
2019-09-12 06:39:08,308 [main] INFO  db.DBStoreBuilder (DBStoreBuilder.java:addTable(110)) - using custom profile for table: dTokenTable
2019-09-12 06:39:08,308 [main] INFO  db.DBStoreBuilder (DBStoreBuilder.java:processTables(161)) - Using default column profile:DBProfile.DISK for Table:dTokenTable
2019-09-12 06:39:08,308 [main] INFO  db.DBStoreBuilder (DBStoreBuilder.java:addTable(110)) - using custom profile for table: s3SecretTable
2019-09-12 06:39:08,309 [main] INFO  db.DBStoreBuilder (DBStoreBuilder.java:processTables(161)) - Using default column profile:DBProfile.DISK for Table:s3SecretTable
2019-09-12 06:39:08,309 [main] INFO  db.DBStoreBuilder (DBStoreBuilder.java:addTable(110)) - using custom profile for table: prefixTable
2019-09-12 06:39:08,309 [main] INFO  db.DBStoreBuilder (DBStoreBuilder.java:processTables(161)) - Using default column profile:DBProfile.DISK for Table:prefixTable
2019-09-12 06:39:08,309 [main] INFO  db.DBStoreBuilder (DBStoreBuilder.java:addTable(110)) - using custom profile for table: default
2019-09-12 06:39:08,310 [main] INFO  db.DBStoreBuilder (DBStoreBuilder.java:processTables(167)) - Using default column profile:DBProfile.DISK for Table:default
2019-09-12 06:39:08,310 [main] INFO  db.DBStoreBuilder (DBStoreBuilder.java:getDbProfile(198)) - Using default options. DBProfile.DISK
2019-09-12 06:39:09,111 [main] INFO  ipc.CallQueueManager (CallQueueManager.java:<init>(84)) - Using callQueue: class java.util.concurrent.LinkedBlockingQueue, queueCapacity: 2000, scheduler: class org.apache.hadoop.ipc.DefaultRpcScheduler, ipcBackoff: false.
2019-09-12 06:39:09,113 [Socket Reader #1 for port 37697] INFO  ipc.Server (Server.java:run(1074)) - Starting Socket Reader #1 for port 37697
2019-09-12 06:39:09,136 [main] INFO  om.OzoneManager (OzoneManager.java:start(1240)) - OzoneManager RPC server is listening at localhost/127.0.0.1:37697
2019-09-12 06:39:09,136 [main] INFO  impl.MetricsSystemImpl (MetricsSystemImpl.java:init(158)) - OzoneManager metrics system started (again)
2019-09-12 06:39:09,137 [IPC Server Responder] INFO  ipc.Server (Server.java:run(1314)) - IPC Server Responder: starting
2019-09-12 06:39:09,138 [IPC Server listener on 37697] INFO  ipc.Server (Server.java:run(1153)) - IPC Server listener on 37697: starting
2019-09-12 06:39:09,143 [main] INFO  hdfs.DFSUtil (DFSUtil.java:httpServerTemplateForNNAndJN(1641)) - Starting Web-server for ozoneManager at: http://0.0.0.0:0
2019-09-12 06:39:09,145 [main] INFO  server.AuthenticationFilter (AuthenticationFilter.java:constructSecretProvider(240)) - Unable to initialize FileSignerSecretProvider, falling back to use random secrets.
2019-09-12 06:39:09,146 [main] WARN  http.HttpRequestLog (HttpRequestLog.java:getRequestLog(97)) - Jetty request log can only be enabled using Log4j
2019-09-12 06:39:09,149 [main] INFO  http.HttpServer2 (HttpServer2.java:addGlobalFilter(975)) - Added global filter 'safety' (class=org.apache.hadoop.http.HttpServer2$QuotingInputFilter)
2019-09-12 06:39:09,150 [main] INFO  http.HttpServer2 (HttpServer2.java:addFilter(948)) - Added filter static_user_filter (class=org.apache.hadoop.http.lib.StaticUserWebFilter$StaticUserFilter) to context ozoneManager
2019-09-12 06:39:09,150 [main] INFO  http.HttpServer2 (HttpServer2.java:addFilter(958)) - Added filter static_user_filter (class=org.apache.hadoop.http.lib.StaticUserWebFilter$StaticUserFilter) to context logs
2019-09-12 06:39:09,151 [main] INFO  http.HttpServer2 (HttpServer2.java:addFilter(958)) - Added filter static_user_filter (class=org.apache.hadoop.http.lib.StaticUserWebFilter$StaticUserFilter) to context static
2019-09-12 06:39:09,153 [main] INFO  http.HttpServer2 (HttpServer2.java:bindListener(1191)) - Jetty bound to port 36907
2019-09-12 06:39:09,154 [main] INFO  server.Server (Server.java:doStart(351)) - jetty-9.3.24.v20180605, build timestamp: 2018-06-05T17:11:56Z, git hash: 84205aa28f11a4f31f2a3b86d1bba2cc8ab69827
2019-09-12 06:39:09,156 [main] INFO  handler.ContextHandler (ContextHandler.java:doStart(781)) - Started o.e.j.s.ServletContextHandler@25d3cfc8{/logs,file:///workdir/hadoop-ozone/integration-test/target/log,AVAILABLE}
2019-09-12 06:39:09,156 [main] INFO  handler.ContextHandler (ContextHandler.java:doStart(781)) - Started o.e.j.s.ServletContextHandler@2571066a{/static,file:///workdir/hadoop-ozone/integration-test/target/test-classes/webapps/static,AVAILABLE}
2019-09-12 06:39:09,162 [main] INFO  handler.ContextHandler (ContextHandler.java:doStart(781)) - Started o.e.j.w.WebAppContext@444548a0{/,file:///workdir/hadoop-ozone/integration-test/target/test-classes/webapps/ozoneManager/,AVAILABLE}{/ozoneManager}
2019-09-12 06:39:09,163 [main] INFO  server.AbstractConnector (AbstractConnector.java:doStart(278)) - Started ServerConnector@3766c667{HTTP/1.1,[http/1.1]}{0.0.0.0:36907}
2019-09-12 06:39:09,164 [main] INFO  server.Server (Server.java:doStart(419)) - Started @4900ms
2019-09-12 06:39:09,164 [main] WARN  impl.MetricsSystemImpl (MetricsSystemImpl.java:register(276)) - Sink prometheus already exists!
2019-09-12 06:39:09,164 [main] INFO  server.BaseHttpServer (BaseHttpServer.java:updateConnectorAddress(215)) - HTTP server of OZONEMANAGER is listening at http://0.0.0.0:36907
2019-09-12 06:39:09,497 [main] INFO  impl.MetricsSystemImpl (MetricsSystemImpl.java:init(158)) - HddsDatanode metrics system started (again)
2019-09-12 06:39:09,558 [main] INFO  ozone.HddsDatanodeService (HddsDatanodeService.java:start(184)) - HddsDatanodeService host:trunk-nightly-20190912-4gc2t-2068889165 ip:192.168.34.52
2019-09-12 06:39:09,606 [main] INFO  volume.HddsVolume (HddsVolume.java:<init>(176)) - Creating Volume: /workdir/hadoop-ozone/integration-test/target/test-dir/MiniOzoneClusterImpl-37405de7-47da-4aca-9355-033741c24d37/datanode-0/data/containers/hdds of  storage type : DISK and capacity : 1482555576320
2019-09-12 06:39:09,610 [main] INFO  volume.VolumeSet (VolumeSet.java:initializeVolumeSet(170)) - Added Volume : /workdir/hadoop-ozone/integration-test/target/test-dir/MiniOzoneClusterImpl-37405de7-47da-4aca-9355-033741c24d37/datanode-0/data/containers/hdds to VolumeSet
2019-09-12 06:39:09,616 [main] INFO  volume.ThrottledAsyncChecker (ThrottledAsyncChecker.java:schedule(139)) - Scheduling a check for org.apache.hadoop.ozone.container.common.volume.HddsVolume@7e2f86e6
2019-09-12 06:39:09,643 [main] INFO  volume.HddsVolumeChecker (HddsVolumeChecker.java:checkAllVolumes(202)) - Scheduled health check for volume org.apache.hadoop.ozone.container.common.volume.HddsVolume@7e2f86e6
2019-09-12 06:39:09,773 [main] INFO  impl.RaftServerProxy (ConfUtils.java:logGet(43)) - raft.rpc.type = GRPC (default)
2019-09-12 06:39:09,838 [main] INFO  grpc.GrpcFactory (GrpcFactory.java:checkPooledByteBufAllocatorUseCacheForAllThreads(45)) - PERFORMANCE WARNING: useCacheForAllThreads is true that may cause Netty to create a lot garbage objects and, as a result, trigger GC.
	It is recommended to disable useCacheForAllThreads by setting -Dorg.apache.ratis.thirdparty.io.netty.allocator.useCacheForAllThreads=false in command line.
2019-09-12 06:39:09,843 [main] INFO  grpc.GrpcConfigKeys$Server (ConfUtils.java:logGet(43)) - raft.grpc.server.port = 0 (default)
2019-09-12 06:39:09,844 [main] INFO  server.GrpcService (ConfUtils.java:logGet(43)) - raft.grpc.message.size.max = 33570816 (custom)
2019-09-12 06:39:09,845 [main] INFO  server.RaftServerConfigKeys (ConfUtils.java:logGet(43)) - raft.server.log.appender.buffer.byte-limit = 33554432 (custom)
2019-09-12 06:39:09,846 [main] INFO  server.GrpcService (ConfUtils.java:logGet(43)) - raft.grpc.flow.control.window = 1MB (=1048576) (default)
2019-09-12 06:39:09,847 [main] INFO  server.RaftServerConfigKeys (ConfUtils.java:logGet(43)) - raft.server.rpc.request.timeout = 3000ms (default)
2019-09-12 06:39:09,990 [main] INFO  server.RaftServerConfigKeys (ConfUtils.java:logGet(43)) - raft.server.storage.dir = [/workdir/hadoop-ozone/integration-test/target/test-dir/MiniOzoneClusterImpl-37405de7-47da-4aca-9355-033741c24d37/datanode-0/data/ratis] (custom)
2019-09-12 06:39:10,036 [main] INFO  hdfs.DFSUtil (DFSUtil.java:httpServerTemplateForNNAndJN(1641)) - Starting Web-server for hddsDatanode at: http://0.0.0.0:0
2019-09-12 06:39:10,038 [main] INFO  server.AuthenticationFilter (AuthenticationFilter.java:constructSecretProvider(240)) - Unable to initialize FileSignerSecretProvider, falling back to use random secrets.
2019-09-12 06:39:10,039 [main] WARN  http.HttpRequestLog (HttpRequestLog.java:getRequestLog(97)) - Jetty request log can only be enabled using Log4j
2019-09-12 06:39:10,041 [main] INFO  http.HttpServer2 (HttpServer2.java:addGlobalFilter(975)) - Added global filter 'safety' (class=org.apache.hadoop.http.HttpServer2$QuotingInputFilter)
2019-09-12 06:39:10,042 [main] INFO  http.HttpServer2 (HttpServer2.java:addFilter(948)) - Added filter static_user_filter (class=org.apache.hadoop.http.lib.StaticUserWebFilter$StaticUserFilter) to context hddsDatanode
2019-09-12 06:39:10,042 [main] INFO  http.HttpServer2 (HttpServer2.java:addFilter(958)) - Added filter static_user_filter (class=org.apache.hadoop.http.lib.StaticUserWebFilter$StaticUserFilter) to context logs
2019-09-12 06:39:10,042 [main] INFO  http.HttpServer2 (HttpServer2.java:addFilter(958)) - Added filter static_user_filter (class=org.apache.hadoop.http.lib.StaticUserWebFilter$StaticUserFilter) to context static
2019-09-12 06:39:10,043 [main] INFO  http.HttpServer2 (HttpServer2.java:bindListener(1191)) - Jetty bound to port 42314
2019-09-12 06:39:10,043 [main] INFO  server.Server (Server.java:doStart(351)) - jetty-9.3.24.v20180605, build timestamp: 2018-06-05T17:11:56Z, git hash: 84205aa28f11a4f31f2a3b86d1bba2cc8ab69827
2019-09-12 06:39:10,046 [main] INFO  handler.ContextHandler (ContextHandler.java:doStart(781)) - Started o.e.j.s.ServletContextHandler@1effd53c{/logs,file:///workdir/hadoop-ozone/integration-test/target/log,AVAILABLE}
2019-09-12 06:39:10,046 [main] INFO  handler.ContextHandler (ContextHandler.java:doStart(781)) - Started o.e.j.s.ServletContextHandler@6920614{/static,jar:file:/home/user/.m2/repository/org/apache/hadoop/hadoop-hdds-container-service/0.5.0-SNAPSHOT/hadoop-hdds-container-service-0.5.0-SNAPSHOT.jar!/webapps/static,AVAILABLE}
2019-09-12 06:39:10,080 [main] INFO  handler.ContextHandler (ContextHandler.java:doStart(781)) - Started o.e.j.w.WebAppContext@476fe690{/,file:///tmp/jetty-0.0.0.0-42314-hddsDatanode-_-any-68184479613448471.dir/webapp/,AVAILABLE}{/hddsDatanode}
2019-09-12 06:39:10,081 [main] INFO  server.AbstractConnector (AbstractConnector.java:doStart(278)) - Started ServerConnector@7a0e7ecd{HTTP/1.1,[http/1.1]}{0.0.0.0:42314}
2019-09-12 06:39:10,081 [main] INFO  server.Server (Server.java:doStart(419)) - Started @5818ms
2019-09-12 06:39:10,082 [main] WARN  impl.MetricsSystemImpl (MetricsSystemImpl.java:register(276)) - Sink prometheus already exists!
2019-09-12 06:39:10,083 [main] INFO  server.BaseHttpServer (BaseHttpServer.java:updateConnectorAddress(215)) - HTTP server of HDDSDATANODE is listening at http://0.0.0.0:42314
2019-09-12 06:39:10,084 [main] INFO  impl.MetricsSystemImpl (MetricsSystemImpl.java:init(158)) - HddsDatanode metrics system started (again)
2019-09-12 06:39:10,087 [main] INFO  ozone.HddsDatanodeService (HddsDatanodeService.java:start(184)) - HddsDatanodeService host:trunk-nightly-20190912-4gc2t-2068889165 ip:192.168.34.52
2019-09-12 06:39:10,088 [org.apache.hadoop.util.JvmPauseMonitor$Monitor@49aa75f8] INFO  util.JvmPauseMonitor (JvmPauseMonitor.java:run(188)) - Starting JVM pause monitor
2019-09-12 06:39:10,095 [main] INFO  volume.HddsVolume (HddsVolume.java:<init>(176)) - Creating Volume: /workdir/hadoop-ozone/integration-test/target/test-dir/MiniOzoneClusterImpl-37405de7-47da-4aca-9355-033741c24d37/datanode-1/data/containers/hdds of  storage type : DISK and capacity : 1482555576320
2019-09-12 06:39:10,095 [main] INFO  volume.VolumeSet (VolumeSet.java:initializeVolumeSet(170)) - Added Volume : /workdir/hadoop-ozone/integration-test/target/test-dir/MiniOzoneClusterImpl-37405de7-47da-4aca-9355-033741c24d37/datanode-1/data/containers/hdds to VolumeSet
2019-09-12 06:39:10,096 [main] INFO  volume.ThrottledAsyncChecker (ThrottledAsyncChecker.java:schedule(139)) - Scheduling a check for org.apache.hadoop.ozone.container.common.volume.HddsVolume@2eae4349
2019-09-12 06:39:10,096 [main] INFO  volume.HddsVolumeChecker (HddsVolumeChecker.java:checkAllVolumes(202)) - Scheduled health check for volume org.apache.hadoop.ozone.container.common.volume.HddsVolume@2eae4349
2019-09-12 06:39:10,110 [main] INFO  impl.RaftServerProxy (ConfUtils.java:logGet(43)) - raft.rpc.type = GRPC (default)
2019-09-12 06:39:10,111 [main] INFO  grpc.GrpcFactory (GrpcFactory.java:checkPooledByteBufAllocatorUseCacheForAllThreads(45)) - PERFORMANCE WARNING: useCacheForAllThreads is true that may cause Netty to create a lot garbage objects and, as a result, trigger GC.
	It is recommended to disable useCacheForAllThreads by setting -Dorg.apache.ratis.thirdparty.io.netty.allocator.useCacheForAllThreads=false in command line.
2019-09-12 06:39:10,111 [main] INFO  grpc.GrpcConfigKeys$Server (ConfUtils.java:logGet(43)) - raft.grpc.server.port = 0 (default)
2019-09-12 06:39:10,111 [main] INFO  server.GrpcService (ConfUtils.java:logGet(43)) - raft.grpc.message.size.max = 33570816 (custom)
2019-09-12 06:39:10,112 [main] INFO  server.RaftServerConfigKeys (ConfUtils.java:logGet(43)) - raft.server.log.appender.buffer.byte-limit = 33554432 (custom)
2019-09-12 06:39:10,112 [main] INFO  server.GrpcService (ConfUtils.java:logGet(43)) - raft.grpc.flow.control.window = 1MB (=1048576) (default)
2019-09-12 06:39:10,112 [main] INFO  server.RaftServerConfigKeys (ConfUtils.java:logGet(43)) - raft.server.rpc.request.timeout = 3000ms (default)
2019-09-12 06:39:10,113 [main] INFO  server.RaftServerConfigKeys (ConfUtils.java:logGet(43)) - raft.server.storage.dir = [/workdir/hadoop-ozone/integration-test/target/test-dir/MiniOzoneClusterImpl-37405de7-47da-4aca-9355-033741c24d37/datanode-1/data/ratis] (custom)
2019-09-12 06:39:10,115 [main] INFO  hdfs.DFSUtil (DFSUtil.java:httpServerTemplateForNNAndJN(1641)) - Starting Web-server for hddsDatanode at: http://0.0.0.0:0
2019-09-12 06:39:10,117 [main] INFO  server.AuthenticationFilter (AuthenticationFilter.java:constructSecretProvider(240)) - Unable to initialize FileSignerSecretProvider, falling back to use random secrets.
2019-09-12 06:39:10,118 [main] WARN  http.HttpRequestLog (HttpRequestLog.java:getRequestLog(97)) - Jetty request log can only be enabled using Log4j
2019-09-12 06:39:10,120 [main] INFO  http.HttpServer2 (HttpServer2.java:addGlobalFilter(975)) - Added global filter 'safety' (class=org.apache.hadoop.http.HttpServer2$QuotingInputFilter)
2019-09-12 06:39:10,120 [main] INFO  http.HttpServer2 (HttpServer2.java:addFilter(948)) - Added filter static_user_filter (class=org.apache.hadoop.http.lib.StaticUserWebFilter$StaticUserFilter) to context hddsDatanode
2019-09-12 06:39:10,120 [main] INFO  http.HttpServer2 (HttpServer2.java:addFilter(958)) - Added filter static_user_filter (class=org.apache.hadoop.http.lib.StaticUserWebFilter$StaticUserFilter) to context static
2019-09-12 06:39:10,121 [main] INFO  http.HttpServer2 (HttpServer2.java:addFilter(958)) - Added filter static_user_filter (class=org.apache.hadoop.http.lib.StaticUserWebFilter$StaticUserFilter) to context logs
2019-09-12 06:39:10,121 [main] INFO  http.HttpServer2 (HttpServer2.java:bindListener(1191)) - Jetty bound to port 40682
2019-09-12 06:39:10,122 [main] INFO  server.Server (Server.java:doStart(351)) - jetty-9.3.24.v20180605, build timestamp: 2018-06-05T17:11:56Z, git hash: 84205aa28f11a4f31f2a3b86d1bba2cc8ab69827
2019-09-12 06:39:10,127 [main] INFO  handler.ContextHandler (ContextHandler.java:doStart(781)) - Started o.e.j.s.ServletContextHandler@26cb5207{/logs,file:///workdir/hadoop-ozone/integration-test/target/log,AVAILABLE}
2019-09-12 06:39:10,127 [main] INFO  handler.ContextHandler (ContextHandler.java:doStart(781)) - Started o.e.j.s.ServletContextHandler@18d910b3{/static,jar:file:/home/user/.m2/repository/org/apache/hadoop/hadoop-hdds-container-service/0.5.0-SNAPSHOT/hadoop-hdds-container-service-0.5.0-SNAPSHOT.jar!/webapps/static,AVAILABLE}
2019-09-12 06:39:10,180 [main] INFO  handler.ContextHandler (ContextHandler.java:doStart(781)) - Started o.e.j.w.WebAppContext@49faf066{/,file:///tmp/jetty-0.0.0.0-40682-hddsDatanode-_-any-8244518383941423538.dir/webapp/,AVAILABLE}{/hddsDatanode}
2019-09-12 06:39:10,183 [main] INFO  server.AbstractConnector (AbstractConnector.java:doStart(278)) - Started ServerConnector@6f94a5a5{HTTP/1.1,[http/1.1]}{0.0.0.0:40682}
2019-09-12 06:39:10,184 [main] INFO  server.Server (Server.java:doStart(419)) - Started @5921ms
2019-09-12 06:39:10,185 [main] WARN  impl.MetricsSystemImpl (MetricsSystemImpl.java:register(276)) - Sink prometheus already exists!
2019-09-12 06:39:10,186 [main] INFO  server.BaseHttpServer (BaseHttpServer.java:updateConnectorAddress(215)) - HTTP server of HDDSDATANODE is listening at http://0.0.0.0:40682
2019-09-12 06:39:10,187 [main] INFO  impl.MetricsSystemImpl (MetricsSystemImpl.java:init(158)) - HddsDatanode metrics system started (again)
2019-09-12 06:39:10,190 [org.apache.hadoop.util.JvmPauseMonitor$Monitor@155428a4] INFO  util.JvmPauseMonitor (JvmPauseMonitor.java:run(188)) - Starting JVM pause monitor
2019-09-12 06:39:10,194 [main] INFO  ozone.HddsDatanodeService (HddsDatanodeService.java:start(184)) - HddsDatanodeService host:trunk-nightly-20190912-4gc2t-2068889165 ip:192.168.34.52
2019-09-12 06:39:10,195 [Datanode State Machine Thread - 0] INFO  datanode.InitDatanodeState (InitDatanodeState.java:persistContainerDatanodeDetails(140)) - DatanodeDetails is persisted to /workdir/hadoop-ozone/integration-test/target/test-dir/MiniOzoneClusterImpl-37405de7-47da-4aca-9355-033741c24d37/datanode-0/meta/datanode.id
2019-09-12 06:39:10,198 [Datanode State Machine Thread - 0] INFO  datanode.InitDatanodeState (InitDatanodeState.java:persistContainerDatanodeDetails(140)) - DatanodeDetails is persisted to /workdir/hadoop-ozone/integration-test/target/test-dir/MiniOzoneClusterImpl-37405de7-47da-4aca-9355-033741c24d37/datanode-1/meta/datanode.id
2019-09-12 06:39:10,204 [main] INFO  volume.HddsVolume (HddsVolume.java:<init>(176)) - Creating Volume: /workdir/hadoop-ozone/integration-test/target/test-dir/MiniOzoneClusterImpl-37405de7-47da-4aca-9355-033741c24d37/datanode-2/data/containers/hdds of  storage type : DISK and capacity : 1482555576320
2019-09-12 06:39:10,205 [main] INFO  volume.VolumeSet (VolumeSet.java:initializeVolumeSet(170)) - Added Volume : /workdir/hadoop-ozone/integration-test/target/test-dir/MiniOzoneClusterImpl-37405de7-47da-4aca-9355-033741c24d37/datanode-2/data/containers/hdds to VolumeSet
2019-09-12 06:39:10,205 [main] INFO  volume.ThrottledAsyncChecker (ThrottledAsyncChecker.java:schedule(139)) - Scheduling a check for org.apache.hadoop.ozone.container.common.volume.HddsVolume@5b5e7036
2019-09-12 06:39:10,206 [main] INFO  volume.HddsVolumeChecker (HddsVolumeChecker.java:checkAllVolumes(202)) - Scheduled health check for volume org.apache.hadoop.ozone.container.common.volume.HddsVolume@5b5e7036
2019-09-12 06:39:10,227 [main] INFO  impl.RaftServerProxy (ConfUtils.java:logGet(43)) - raft.rpc.type = GRPC (default)
2019-09-12 06:39:10,227 [main] INFO  grpc.GrpcFactory (GrpcFactory.java:checkPooledByteBufAllocatorUseCacheForAllThreads(45)) - PERFORMANCE WARNING: useCacheForAllThreads is true that may cause Netty to create a lot garbage objects and, as a result, trigger GC.
	It is recommended to disable useCacheForAllThreads by setting -Dorg.apache.ratis.thirdparty.io.netty.allocator.useCacheForAllThreads=false in command line.
2019-09-12 06:39:10,228 [main] INFO  grpc.GrpcConfigKeys$Server (ConfUtils.java:logGet(43)) - raft.grpc.server.port = 0 (default)
2019-09-12 06:39:10,228 [main] INFO  server.GrpcService (ConfUtils.java:logGet(43)) - raft.grpc.message.size.max = 33570816 (custom)
2019-09-12 06:39:10,228 [main] INFO  server.RaftServerConfigKeys (ConfUtils.java:logGet(43)) - raft.server.log.appender.buffer.byte-limit = 33554432 (custom)
2019-09-12 06:39:10,229 [main] INFO  server.GrpcService (ConfUtils.java:logGet(43)) - raft.grpc.flow.control.window = 1MB (=1048576) (default)
2019-09-12 06:39:10,229 [main] INFO  server.RaftServerConfigKeys (ConfUtils.java:logGet(43)) - raft.server.rpc.request.timeout = 3000ms (default)
2019-09-12 06:39:10,230 [main] INFO  server.RaftServerConfigKeys (ConfUtils.java:logGet(43)) - raft.server.storage.dir = [/workdir/hadoop-ozone/integration-test/target/test-dir/MiniOzoneClusterImpl-37405de7-47da-4aca-9355-033741c24d37/datanode-2/data/ratis] (custom)
2019-09-12 06:39:10,233 [main] INFO  hdfs.DFSUtil (DFSUtil.java:httpServerTemplateForNNAndJN(1641)) - Starting Web-server for hddsDatanode at: http://0.0.0.0:0
2019-09-12 06:39:10,234 [main] INFO  server.AuthenticationFilter (AuthenticationFilter.java:constructSecretProvider(240)) - Unable to initialize FileSignerSecretProvider, falling back to use random secrets.
2019-09-12 06:39:10,235 [main] WARN  http.HttpRequestLog (HttpRequestLog.java:getRequestLog(97)) - Jetty request log can only be enabled using Log4j
2019-09-12 06:39:10,237 [main] INFO  http.HttpServer2 (HttpServer2.java:addGlobalFilter(975)) - Added global filter 'safety' (class=org.apache.hadoop.http.HttpServer2$QuotingInputFilter)
2019-09-12 06:39:10,238 [main] INFO  http.HttpServer2 (HttpServer2.java:addFilter(948)) - Added filter static_user_filter (class=org.apache.hadoop.http.lib.StaticUserWebFilter$StaticUserFilter) to context hddsDatanode
2019-09-12 06:39:10,238 [main] INFO  http.HttpServer2 (HttpServer2.java:addFilter(958)) - Added filter static_user_filter (class=org.apache.hadoop.http.lib.StaticUserWebFilter$StaticUserFilter) to context logs
2019-09-12 06:39:10,238 [main] INFO  http.HttpServer2 (HttpServer2.java:addFilter(958)) - Added filter static_user_filter (class=org.apache.hadoop.http.lib.StaticUserWebFilter$StaticUserFilter) to context static
2019-09-12 06:39:10,239 [main] INFO  http.HttpServer2 (HttpServer2.java:bindListener(1191)) - Jetty bound to port 46235
2019-09-12 06:39:10,240 [main] INFO  server.Server (Server.java:doStart(351)) - jetty-9.3.24.v20180605, build timestamp: 2018-06-05T17:11:56Z, git hash: 84205aa28f11a4f31f2a3b86d1bba2cc8ab69827
2019-09-12 06:39:10,242 [main] INFO  handler.ContextHandler (ContextHandler.java:doStart(781)) - Started o.e.j.s.ServletContextHandler@54d8c20d{/logs,file:///workdir/hadoop-ozone/integration-test/target/log,AVAILABLE}
2019-09-12 06:39:10,243 [main] INFO  handler.ContextHandler (ContextHandler.java:doStart(781)) - Started o.e.j.s.ServletContextHandler@44536de4{/static,jar:file:/home/user/.m2/repository/org/apache/hadoop/hadoop-hdds-container-service/0.5.0-SNAPSHOT/hadoop-hdds-container-service-0.5.0-SNAPSHOT.jar!/webapps/static,AVAILABLE}
2019-09-12 06:39:10,278 [main] INFO  handler.ContextHandler (ContextHandler.java:doStart(781)) - Started o.e.j.w.WebAppContext@2f2bff16{/,file:///tmp/jetty-0.0.0.0-46235-hddsDatanode-_-any-4755559136866714424.dir/webapp/,AVAILABLE}{/hddsDatanode}
2019-09-12 06:39:10,278 [main] INFO  server.AbstractConnector (AbstractConnector.java:doStart(278)) - Started ServerConnector@75de29c0{HTTP/1.1,[http/1.1]}{0.0.0.0:46235}
2019-09-12 06:39:10,279 [main] INFO  server.Server (Server.java:doStart(419)) - Started @6016ms
2019-09-12 06:39:10,280 [main] WARN  impl.MetricsSystemImpl (MetricsSystemImpl.java:register(276)) - Sink prometheus already exists!
2019-09-12 06:39:10,281 [main] INFO  server.BaseHttpServer (BaseHttpServer.java:updateConnectorAddress(215)) - HTTP server of HDDSDATANODE is listening at http://0.0.0.0:46235
2019-09-12 06:39:10,281 [main] INFO  impl.MetricsSystemImpl (MetricsSystemImpl.java:init(158)) - HddsDatanode metrics system started (again)
2019-09-12 06:39:10,284 [main] INFO  ozone.HddsDatanodeService (HddsDatanodeService.java:start(184)) - HddsDatanodeService host:trunk-nightly-20190912-4gc2t-2068889165 ip:192.168.34.52
2019-09-12 06:39:10,284 [org.apache.hadoop.util.JvmPauseMonitor$Monitor@383c7f2c] INFO  util.JvmPauseMonitor (JvmPauseMonitor.java:run(188)) - Starting JVM pause monitor
2019-09-12 06:39:10,288 [Datanode State Machine Thread - 0] INFO  datanode.InitDatanodeState (InitDatanodeState.java:persistContainerDatanodeDetails(140)) - DatanodeDetails is persisted to /workdir/hadoop-ozone/integration-test/target/test-dir/MiniOzoneClusterImpl-37405de7-47da-4aca-9355-033741c24d37/datanode-2/meta/datanode.id
2019-09-12 06:39:10,291 [main] INFO  volume.HddsVolume (HddsVolume.java:<init>(176)) - Creating Volume: /workdir/hadoop-ozone/integration-test/target/test-dir/MiniOzoneClusterImpl-37405de7-47da-4aca-9355-033741c24d37/datanode-3/data/containers/hdds of  storage type : DISK and capacity : 1482555576320
2019-09-12 06:39:10,293 [main] INFO  volume.VolumeSet (VolumeSet.java:initializeVolumeSet(170)) - Added Volume : /workdir/hadoop-ozone/integration-test/target/test-dir/MiniOzoneClusterImpl-37405de7-47da-4aca-9355-033741c24d37/datanode-3/data/containers/hdds to VolumeSet
2019-09-12 06:39:10,293 [main] INFO  volume.ThrottledAsyncChecker (ThrottledAsyncChecker.java:schedule(139)) - Scheduling a check for org.apache.hadoop.ozone.container.common.volume.HddsVolume@6342d610
2019-09-12 06:39:10,293 [main] INFO  volume.HddsVolumeChecker (HddsVolumeChecker.java:checkAllVolumes(202)) - Scheduled health check for volume org.apache.hadoop.ozone.container.common.volume.HddsVolume@6342d610
2019-09-12 06:39:10,306 [main] INFO  impl.RaftServerProxy (ConfUtils.java:logGet(43)) - raft.rpc.type = GRPC (default)
2019-09-12 06:39:10,306 [main] INFO  grpc.GrpcFactory (GrpcFactory.java:checkPooledByteBufAllocatorUseCacheForAllThreads(45)) - PERFORMANCE WARNING: useCacheForAllThreads is true that may cause Netty to create a lot garbage objects and, as a result, trigger GC.
	It is recommended to disable useCacheForAllThreads by setting -Dorg.apache.ratis.thirdparty.io.netty.allocator.useCacheForAllThreads=false in command line.
2019-09-12 06:39:10,307 [main] INFO  grpc.GrpcConfigKeys$Server (ConfUtils.java:logGet(43)) - raft.grpc.server.port = 0 (default)
2019-09-12 06:39:10,307 [main] INFO  server.GrpcService (ConfUtils.java:logGet(43)) - raft.grpc.message.size.max = 33570816 (custom)
2019-09-12 06:39:10,307 [main] INFO  server.RaftServerConfigKeys (ConfUtils.java:logGet(43)) - raft.server.log.appender.buffer.byte-limit = 33554432 (custom)
2019-09-12 06:39:10,307 [main] INFO  server.GrpcService (ConfUtils.java:logGet(43)) - raft.grpc.flow.control.window = 1MB (=1048576) (default)
2019-09-12 06:39:10,308 [main] INFO  server.RaftServerConfigKeys (ConfUtils.java:logGet(43)) - raft.server.rpc.request.timeout = 3000ms (default)
2019-09-12 06:39:10,308 [main] INFO  server.RaftServerConfigKeys (ConfUtils.java:logGet(43)) - raft.server.storage.dir = [/workdir/hadoop-ozone/integration-test/target/test-dir/MiniOzoneClusterImpl-37405de7-47da-4aca-9355-033741c24d37/datanode-3/data/ratis] (custom)
2019-09-12 06:39:10,309 [main] INFO  hdfs.DFSUtil (DFSUtil.java:httpServerTemplateForNNAndJN(1641)) - Starting Web-server for hddsDatanode at: http://0.0.0.0:0
2019-09-12 06:39:10,311 [main] INFO  server.AuthenticationFilter (AuthenticationFilter.java:constructSecretProvider(240)) - Unable to initialize FileSignerSecretProvider, falling back to use random secrets.
2019-09-12 06:39:10,311 [main] WARN  http.HttpRequestLog (HttpRequestLog.java:getRequestLog(97)) - Jetty request log can only be enabled using Log4j
2019-09-12 06:39:10,313 [main] INFO  http.HttpServer2 (HttpServer2.java:addGlobalFilter(975)) - Added global filter 'safety' (class=org.apache.hadoop.http.HttpServer2$QuotingInputFilter)
2019-09-12 06:39:10,313 [main] INFO  http.HttpServer2 (HttpServer2.java:addFilter(948)) - Added filter static_user_filter (class=org.apache.hadoop.http.lib.StaticUserWebFilter$StaticUserFilter) to context hddsDatanode
2019-09-12 06:39:10,313 [main] INFO  http.HttpServer2 (HttpServer2.java:addFilter(958)) - Added filter static_user_filter (class=org.apache.hadoop.http.lib.StaticUserWebFilter$StaticUserFilter) to context static
2019-09-12 06:39:10,313 [main] INFO  http.HttpServer2 (HttpServer2.java:addFilter(958)) - Added filter static_user_filter (class=org.apache.hadoop.http.lib.StaticUserWebFilter$StaticUserFilter) to context logs
2019-09-12 06:39:10,314 [main] INFO  http.HttpServer2 (HttpServer2.java:bindListener(1191)) - Jetty bound to port 46137
2019-09-12 06:39:10,314 [main] INFO  server.Server (Server.java:doStart(351)) - jetty-9.3.24.v20180605, build timestamp: 2018-06-05T17:11:56Z, git hash: 84205aa28f11a4f31f2a3b86d1bba2cc8ab69827
2019-09-12 06:39:10,319 [main] INFO  handler.ContextHandler (ContextHandler.java:doStart(781)) - Started o.e.j.s.ServletContextHandler@74ecacc3{/logs,file:///workdir/hadoop-ozone/integration-test/target/log,AVAILABLE}
2019-09-12 06:39:10,320 [main] INFO  handler.ContextHandler (ContextHandler.java:doStart(781)) - Started o.e.j.s.ServletContextHandler@53b7ce6{/static,jar:file:/home/user/.m2/repository/org/apache/hadoop/hadoop-hdds-container-service/0.5.0-SNAPSHOT/hadoop-hdds-container-service-0.5.0-SNAPSHOT.jar!/webapps/static,AVAILABLE}
2019-09-12 06:39:10,353 [main] INFO  handler.ContextHandler (ContextHandler.java:doStart(781)) - Started o.e.j.w.WebAppContext@7d44a19{/,file:///tmp/jetty-0.0.0.0-46137-hddsDatanode-_-any-6256070315180181360.dir/webapp/,AVAILABLE}{/hddsDatanode}
2019-09-12 06:39:10,353 [main] INFO  server.AbstractConnector (AbstractConnector.java:doStart(278)) - Started ServerConnector@1fb2d5e{HTTP/1.1,[http/1.1]}{0.0.0.0:46137}
2019-09-12 06:39:10,355 [main] INFO  server.Server (Server.java:doStart(419)) - Started @6091ms
2019-09-12 06:39:10,356 [main] WARN  impl.MetricsSystemImpl (MetricsSystemImpl.java:register(276)) - Sink prometheus already exists!
2019-09-12 06:39:10,357 [main] INFO  server.BaseHttpServer (BaseHttpServer.java:updateConnectorAddress(215)) - HTTP server of HDDSDATANODE is listening at http://0.0.0.0:46137
2019-09-12 06:39:10,357 [main] INFO  impl.MetricsSystemImpl (MetricsSystemImpl.java:init(158)) - HddsDatanode metrics system started (again)
2019-09-12 06:39:10,360 [main] INFO  ozone.HddsDatanodeService (HddsDatanodeService.java:start(184)) - HddsDatanodeService host:trunk-nightly-20190912-4gc2t-2068889165 ip:192.168.34.52
2019-09-12 06:39:10,361 [org.apache.hadoop.util.JvmPauseMonitor$Monitor@184794] INFO  util.JvmPauseMonitor (JvmPauseMonitor.java:run(188)) - Starting JVM pause monitor
2019-09-12 06:39:10,364 [Datanode State Machine Thread - 0] INFO  datanode.InitDatanodeState (InitDatanodeState.java:persistContainerDatanodeDetails(140)) - DatanodeDetails is persisted to /workdir/hadoop-ozone/integration-test/target/test-dir/MiniOzoneClusterImpl-37405de7-47da-4aca-9355-033741c24d37/datanode-3/meta/datanode.id
2019-09-12 06:39:10,369 [main] INFO  volume.HddsVolume (HddsVolume.java:<init>(176)) - Creating Volume: /workdir/hadoop-ozone/integration-test/target/test-dir/MiniOzoneClusterImpl-37405de7-47da-4aca-9355-033741c24d37/datanode-4/data/containers/hdds of  storage type : DISK and capacity : 1482555576320
2019-09-12 06:39:10,369 [main] INFO  volume.VolumeSet (VolumeSet.java:initializeVolumeSet(170)) - Added Volume : /workdir/hadoop-ozone/integration-test/target/test-dir/MiniOzoneClusterImpl-37405de7-47da-4aca-9355-033741c24d37/datanode-4/data/containers/hdds to VolumeSet
2019-09-12 06:39:10,370 [main] INFO  volume.ThrottledAsyncChecker (ThrottledAsyncChecker.java:schedule(139)) - Scheduling a check for org.apache.hadoop.ozone.container.common.volume.HddsVolume@73844119
2019-09-12 06:39:10,370 [main] INFO  volume.HddsVolumeChecker (HddsVolumeChecker.java:checkAllVolumes(202)) - Scheduled health check for volume org.apache.hadoop.ozone.container.common.volume.HddsVolume@73844119
2019-09-12 06:39:10,383 [main] INFO  impl.RaftServerProxy (ConfUtils.java:logGet(43)) - raft.rpc.type = GRPC (default)
2019-09-12 06:39:10,383 [main] INFO  grpc.GrpcFactory (GrpcFactory.java:checkPooledByteBufAllocatorUseCacheForAllThreads(45)) - PERFORMANCE WARNING: useCacheForAllThreads is true that may cause Netty to create a lot garbage objects and, as a result, trigger GC.
	It is recommended to disable useCacheForAllThreads by setting -Dorg.apache.ratis.thirdparty.io.netty.allocator.useCacheForAllThreads=false in command line.
2019-09-12 06:39:10,383 [main] INFO  grpc.GrpcConfigKeys$Server (ConfUtils.java:logGet(43)) - raft.grpc.server.port = 0 (default)
2019-09-12 06:39:10,384 [main] INFO  server.GrpcService (ConfUtils.java:logGet(43)) - raft.grpc.message.size.max = 33570816 (custom)
2019-09-12 06:39:10,384 [main] INFO  server.RaftServerConfigKeys (ConfUtils.java:logGet(43)) - raft.server.log.appender.buffer.byte-limit = 33554432 (custom)
2019-09-12 06:39:10,384 [main] INFO  server.GrpcService (ConfUtils.java:logGet(43)) - raft.grpc.flow.control.window = 1MB (=1048576) (default)
2019-09-12 06:39:10,384 [main] INFO  server.RaftServerConfigKeys (ConfUtils.java:logGet(43)) - raft.server.rpc.request.timeout = 3000ms (default)
2019-09-12 06:39:10,385 [main] INFO  server.RaftServerConfigKeys (ConfUtils.java:logGet(43)) - raft.server.storage.dir = [/workdir/hadoop-ozone/integration-test/target/test-dir/MiniOzoneClusterImpl-37405de7-47da-4aca-9355-033741c24d37/datanode-4/data/ratis] (custom)
2019-09-12 06:39:10,386 [main] INFO  hdfs.DFSUtil (DFSUtil.java:httpServerTemplateForNNAndJN(1641)) - Starting Web-server for hddsDatanode at: http://0.0.0.0:0
2019-09-12 06:39:10,388 [main] INFO  server.AuthenticationFilter (AuthenticationFilter.java:constructSecretProvider(240)) - Unable to initialize FileSignerSecretProvider, falling back to use random secrets.
2019-09-12 06:39:10,388 [main] WARN  http.HttpRequestLog (HttpRequestLog.java:getRequestLog(97)) - Jetty request log can only be enabled using Log4j
2019-09-12 06:39:10,390 [main] INFO  http.HttpServer2 (HttpServer2.java:addGlobalFilter(975)) - Added global filter 'safety' (class=org.apache.hadoop.http.HttpServer2$QuotingInputFilter)
2019-09-12 06:39:10,390 [main] INFO  http.HttpServer2 (HttpServer2.java:addFilter(948)) - Added filter static_user_filter (class=org.apache.hadoop.http.lib.StaticUserWebFilter$StaticUserFilter) to context hddsDatanode
2019-09-12 06:39:10,390 [main] INFO  http.HttpServer2 (HttpServer2.java:addFilter(958)) - Added filter static_user_filter (class=org.apache.hadoop.http.lib.StaticUserWebFilter$StaticUserFilter) to context logs
2019-09-12 06:39:10,391 [main] INFO  http.HttpServer2 (HttpServer2.java:addFilter(958)) - Added filter static_user_filter (class=org.apache.hadoop.http.lib.StaticUserWebFilter$StaticUserFilter) to context static
2019-09-12 06:39:10,391 [main] INFO  http.HttpServer2 (HttpServer2.java:bindListener(1191)) - Jetty bound to port 40165
2019-09-12 06:39:10,391 [main] INFO  server.Server (Server.java:doStart(351)) - jetty-9.3.24.v20180605, build timestamp: 2018-06-05T17:11:56Z, git hash: 84205aa28f11a4f31f2a3b86d1bba2cc8ab69827
2019-09-12 06:39:10,394 [main] INFO  handler.ContextHandler (ContextHandler.java:doStart(781)) - Started o.e.j.s.ServletContextHandler@77a074b4{/logs,file:///workdir/hadoop-ozone/integration-test/target/log,AVAILABLE}
2019-09-12 06:39:10,394 [main] INFO  handler.ContextHandler (ContextHandler.java:doStart(781)) - Started o.e.j.s.ServletContextHandler@6c0e13b7{/static,jar:file:/home/user/.m2/repository/org/apache/hadoop/hadoop-hdds-container-service/0.5.0-SNAPSHOT/hadoop-hdds-container-service-0.5.0-SNAPSHOT.jar!/webapps/static,AVAILABLE}
2019-09-12 06:39:10,422 [main] INFO  handler.ContextHandler (ContextHandler.java:doStart(781)) - Started o.e.j.w.WebAppContext@38ed139b{/,file:///tmp/jetty-0.0.0.0-40165-hddsDatanode-_-any-321018416493536397.dir/webapp/,AVAILABLE}{/hddsDatanode}
2019-09-12 06:39:10,423 [main] INFO  server.AbstractConnector (AbstractConnector.java:doStart(278)) - Started ServerConnector@a5272be{HTTP/1.1,[http/1.1]}{0.0.0.0:40165}
2019-09-12 06:39:10,424 [main] INFO  server.Server (Server.java:doStart(419)) - Started @6161ms
2019-09-12 06:39:10,424 [main] WARN  impl.MetricsSystemImpl (MetricsSystemImpl.java:register(276)) - Sink prometheus already exists!
2019-09-12 06:39:10,428 [main] INFO  server.BaseHttpServer (BaseHttpServer.java:updateConnectorAddress(215)) - HTTP server of HDDSDATANODE is listening at http://0.0.0.0:40165
2019-09-12 06:39:10,428 [main] INFO  impl.MetricsSystemImpl (MetricsSystemImpl.java:init(158)) - HddsDatanode metrics system started (again)
2019-09-12 06:39:10,431 [main] INFO  ozone.HddsDatanodeService (HddsDatanodeService.java:start(184)) - HddsDatanodeService host:trunk-nightly-20190912-4gc2t-2068889165 ip:192.168.34.52
2019-09-12 06:39:10,432 [org.apache.hadoop.util.JvmPauseMonitor$Monitor@3c0dc130] INFO  util.JvmPauseMonitor (JvmPauseMonitor.java:run(188)) - Starting JVM pause monitor
2019-09-12 06:39:10,435 [Datanode State Machine Thread - 0] INFO  datanode.InitDatanodeState (InitDatanodeState.java:persistContainerDatanodeDetails(140)) - DatanodeDetails is persisted to /workdir/hadoop-ozone/integration-test/target/test-dir/MiniOzoneClusterImpl-37405de7-47da-4aca-9355-033741c24d37/datanode-4/meta/datanode.id
2019-09-12 06:39:10,440 [main] INFO  volume.HddsVolume (HddsVolume.java:<init>(176)) - Creating Volume: /workdir/hadoop-ozone/integration-test/target/test-dir/MiniOzoneClusterImpl-37405de7-47da-4aca-9355-033741c24d37/datanode-5/data/containers/hdds of  storage type : DISK and capacity : 1482555576320
2019-09-12 06:39:10,440 [main] INFO  volume.VolumeSet (VolumeSet.java:initializeVolumeSet(170)) - Added Volume : /workdir/hadoop-ozone/integration-test/target/test-dir/MiniOzoneClusterImpl-37405de7-47da-4aca-9355-033741c24d37/datanode-5/data/containers/hdds to VolumeSet
2019-09-12 06:39:10,440 [main] INFO  volume.ThrottledAsyncChecker (ThrottledAsyncChecker.java:schedule(139)) - Scheduling a check for org.apache.hadoop.ozone.container.common.volume.HddsVolume@2938127d
2019-09-12 06:39:10,441 [main] INFO  volume.HddsVolumeChecker (HddsVolumeChecker.java:checkAllVolumes(202)) - Scheduled health check for volume org.apache.hadoop.ozone.container.common.volume.HddsVolume@2938127d
2019-09-12 06:39:10,459 [main] INFO  impl.RaftServerProxy (ConfUtils.java:logGet(43)) - raft.rpc.type = GRPC (default)
2019-09-12 06:39:10,459 [main] INFO  grpc.GrpcFactory (GrpcFactory.java:checkPooledByteBufAllocatorUseCacheForAllThreads(45)) - PERFORMANCE WARNING: useCacheForAllThreads is true that may cause Netty to create a lot garbage objects and, as a result, trigger GC.
	It is recommended to disable useCacheForAllThreads by setting -Dorg.apache.ratis.thirdparty.io.netty.allocator.useCacheForAllThreads=false in command line.
2019-09-12 06:39:10,459 [main] INFO  grpc.GrpcConfigKeys$Server (ConfUtils.java:logGet(43)) - raft.grpc.server.port = 0 (default)
2019-09-12 06:39:10,460 [main] INFO  server.GrpcService (ConfUtils.java:logGet(43)) - raft.grpc.message.size.max = 33570816 (custom)
2019-09-12 06:39:10,460 [main] INFO  server.RaftServerConfigKeys (ConfUtils.java:logGet(43)) - raft.server.log.appender.buffer.byte-limit = 33554432 (custom)
2019-09-12 06:39:10,460 [main] INFO  server.GrpcService (ConfUtils.java:logGet(43)) - raft.grpc.flow.control.window = 1MB (=1048576) (default)
2019-09-12 06:39:10,460 [main] INFO  server.RaftServerConfigKeys (ConfUtils.java:logGet(43)) - raft.server.rpc.request.timeout = 3000ms (default)
2019-09-12 06:39:10,461 [main] INFO  server.RaftServerConfigKeys (ConfUtils.java:logGet(43)) - raft.server.storage.dir = [/workdir/hadoop-ozone/integration-test/target/test-dir/MiniOzoneClusterImpl-37405de7-47da-4aca-9355-033741c24d37/datanode-5/data/ratis] (custom)
2019-09-12 06:39:10,462 [main] INFO  hdfs.DFSUtil (DFSUtil.java:httpServerTemplateForNNAndJN(1641)) - Starting Web-server for hddsDatanode at: http://0.0.0.0:0
2019-09-12 06:39:10,464 [main] INFO  server.AuthenticationFilter (AuthenticationFilter.java:constructSecretProvider(240)) - Unable to initialize FileSignerSecretProvider, falling back to use random secrets.
2019-09-12 06:39:10,464 [main] WARN  http.HttpRequestLog (HttpRequestLog.java:getRequestLog(97)) - Jetty request log can only be enabled using Log4j
2019-09-12 06:39:10,465 [main] INFO  http.HttpServer2 (HttpServer2.java:addGlobalFilter(975)) - Added global filter 'safety' (class=org.apache.hadoop.http.HttpServer2$QuotingInputFilter)
2019-09-12 06:39:10,466 [main] INFO  http.HttpServer2 (HttpServer2.java:addFilter(948)) - Added filter static_user_filter (class=org.apache.hadoop.http.lib.StaticUserWebFilter$StaticUserFilter) to context hddsDatanode
2019-09-12 06:39:10,466 [main] INFO  http.HttpServer2 (HttpServer2.java:addFilter(958)) - Added filter static_user_filter (class=org.apache.hadoop.http.lib.StaticUserWebFilter$StaticUserFilter) to context static
2019-09-12 06:39:10,466 [main] INFO  http.HttpServer2 (HttpServer2.java:addFilter(958)) - Added filter static_user_filter (class=org.apache.hadoop.http.lib.StaticUserWebFilter$StaticUserFilter) to context logs
2019-09-12 06:39:10,467 [main] INFO  http.HttpServer2 (HttpServer2.java:bindListener(1191)) - Jetty bound to port 42102
2019-09-12 06:39:10,467 [main] INFO  server.Server (Server.java:doStart(351)) - jetty-9.3.24.v20180605, build timestamp: 2018-06-05T17:11:56Z, git hash: 84205aa28f11a4f31f2a3b86d1bba2cc8ab69827
2019-09-12 06:39:10,469 [main] INFO  handler.ContextHandler (ContextHandler.java:doStart(781)) - Started o.e.j.s.ServletContextHandler@75d4a80f{/logs,file:///workdir/hadoop-ozone/integration-test/target/log,AVAILABLE}
2019-09-12 06:39:10,470 [main] INFO  handler.ContextHandler (ContextHandler.java:doStart(781)) - Started o.e.j.s.ServletContextHandler@ccf91df{/static,jar:file:/home/user/.m2/repository/org/apache/hadoop/hadoop-hdds-container-service/0.5.0-SNAPSHOT/hadoop-hdds-container-service-0.5.0-SNAPSHOT.jar!/webapps/static,AVAILABLE}
2019-09-12 06:39:10,498 [main] INFO  handler.ContextHandler (ContextHandler.java:doStart(781)) - Started o.e.j.w.WebAppContext@3c83468e{/,file:///tmp/jetty-0.0.0.0-42102-hddsDatanode-_-any-3079118180007956978.dir/webapp/,AVAILABLE}{/hddsDatanode}
2019-09-12 06:39:10,499 [main] INFO  server.AbstractConnector (AbstractConnector.java:doStart(278)) - Started ServerConnector@272ce069{HTTP/1.1,[http/1.1]}{0.0.0.0:42102}
2019-09-12 06:39:10,500 [main] INFO  server.Server (Server.java:doStart(419)) - Started @6237ms
2019-09-12 06:39:10,500 [main] WARN  impl.MetricsSystemImpl (MetricsSystemImpl.java:register(276)) - Sink prometheus already exists!
2019-09-12 06:39:10,501 [main] INFO  server.BaseHttpServer (BaseHttpServer.java:updateConnectorAddress(215)) - HTTP server of HDDSDATANODE is listening at http://0.0.0.0:42102
2019-09-12 06:39:10,501 [main] INFO  impl.MetricsSystemImpl (MetricsSystemImpl.java:init(158)) - HddsDatanode metrics system started (again)
2019-09-12 06:39:10,506 [org.apache.hadoop.util.JvmPauseMonitor$Monitor@182db88f] INFO  util.JvmPauseMonitor (JvmPauseMonitor.java:run(188)) - Starting JVM pause monitor
2019-09-12 06:39:10,506 [main] INFO  ozone.HddsDatanodeService (HddsDatanodeService.java:start(184)) - HddsDatanodeService host:trunk-nightly-20190912-4gc2t-2068889165 ip:192.168.34.52
2019-09-12 06:39:10,509 [Datanode State Machine Thread - 0] INFO  datanode.InitDatanodeState (InitDatanodeState.java:persistContainerDatanodeDetails(140)) - DatanodeDetails is persisted to /workdir/hadoop-ozone/integration-test/target/test-dir/MiniOzoneClusterImpl-37405de7-47da-4aca-9355-033741c24d37/datanode-5/meta/datanode.id
2019-09-12 06:39:10,515 [main] INFO  volume.HddsVolume (HddsVolume.java:<init>(176)) - Creating Volume: /workdir/hadoop-ozone/integration-test/target/test-dir/MiniOzoneClusterImpl-37405de7-47da-4aca-9355-033741c24d37/datanode-6/data/containers/hdds of  storage type : DISK and capacity : 1482555576320
2019-09-12 06:39:10,516 [main] INFO  volume.VolumeSet (VolumeSet.java:initializeVolumeSet(170)) - Added Volume : /workdir/hadoop-ozone/integration-test/target/test-dir/MiniOzoneClusterImpl-37405de7-47da-4aca-9355-033741c24d37/datanode-6/data/containers/hdds to VolumeSet
2019-09-12 06:39:10,516 [main] INFO  volume.ThrottledAsyncChecker (ThrottledAsyncChecker.java:schedule(139)) - Scheduling a check for org.apache.hadoop.ozone.container.common.volume.HddsVolume@2dc3271b
2019-09-12 06:39:10,517 [main] INFO  volume.HddsVolumeChecker (HddsVolumeChecker.java:checkAllVolumes(202)) - Scheduled health check for volume org.apache.hadoop.ozone.container.common.volume.HddsVolume@2dc3271b
2019-09-12 06:39:10,531 [main] INFO  impl.RaftServerProxy (ConfUtils.java:logGet(43)) - raft.rpc.type = GRPC (default)
2019-09-12 06:39:10,531 [main] INFO  grpc.GrpcFactory (GrpcFactory.java:checkPooledByteBufAllocatorUseCacheForAllThreads(45)) - PERFORMANCE WARNING: useCacheForAllThreads is true that may cause Netty to create a lot garbage objects and, as a result, trigger GC.
	It is recommended to disable useCacheForAllThreads by setting -Dorg.apache.ratis.thirdparty.io.netty.allocator.useCacheForAllThreads=false in command line.
2019-09-12 06:39:10,531 [main] INFO  grpc.GrpcConfigKeys$Server (ConfUtils.java:logGet(43)) - raft.grpc.server.port = 0 (default)
2019-09-12 06:39:10,532 [main] INFO  server.GrpcService (ConfUtils.java:logGet(43)) - raft.grpc.message.size.max = 33570816 (custom)
2019-09-12 06:39:10,532 [main] INFO  server.RaftServerConfigKeys (ConfUtils.java:logGet(43)) - raft.server.log.appender.buffer.byte-limit = 33554432 (custom)
2019-09-12 06:39:10,532 [main] INFO  server.GrpcService (ConfUtils.java:logGet(43)) - raft.grpc.flow.control.window = 1MB (=1048576) (default)
2019-09-12 06:39:10,532 [main] INFO  server.RaftServerConfigKeys (ConfUtils.java:logGet(43)) - raft.server.rpc.request.timeout = 3000ms (default)
2019-09-12 06:39:10,533 [main] INFO  server.RaftServerConfigKeys (ConfUtils.java:logGet(43)) - raft.server.storage.dir = [/workdir/hadoop-ozone/integration-test/target/test-dir/MiniOzoneClusterImpl-37405de7-47da-4aca-9355-033741c24d37/datanode-6/data/ratis] (custom)
2019-09-12 06:39:10,534 [main] INFO  hdfs.DFSUtil (DFSUtil.java:httpServerTemplateForNNAndJN(1641)) - Starting Web-server for hddsDatanode at: http://0.0.0.0:0
2019-09-12 06:39:10,535 [main] INFO  server.AuthenticationFilter (AuthenticationFilter.java:constructSecretProvider(240)) - Unable to initialize FileSignerSecretProvider, falling back to use random secrets.
2019-09-12 06:39:10,536 [main] WARN  http.HttpRequestLog (HttpRequestLog.java:getRequestLog(97)) - Jetty request log can only be enabled using Log4j
2019-09-12 06:39:10,538 [main] INFO  http.HttpServer2 (HttpServer2.java:addGlobalFilter(975)) - Added global filter 'safety' (class=org.apache.hadoop.http.HttpServer2$QuotingInputFilter)
2019-09-12 06:39:10,539 [main] INFO  http.HttpServer2 (HttpServer2.java:addFilter(948)) - Added filter static_user_filter (class=org.apache.hadoop.http.lib.StaticUserWebFilter$StaticUserFilter) to context hddsDatanode
2019-09-12 06:39:10,539 [main] INFO  http.HttpServer2 (HttpServer2.java:addFilter(958)) - Added filter static_user_filter (class=org.apache.hadoop.http.lib.StaticUserWebFilter$StaticUserFilter) to context logs
2019-09-12 06:39:10,539 [main] INFO  http.HttpServer2 (HttpServer2.java:addFilter(958)) - Added filter static_user_filter (class=org.apache.hadoop.http.lib.StaticUserWebFilter$StaticUserFilter) to context static
2019-09-12 06:39:10,540 [main] INFO  http.HttpServer2 (HttpServer2.java:bindListener(1191)) - Jetty bound to port 37352
2019-09-12 06:39:10,540 [main] INFO  server.Server (Server.java:doStart(351)) - jetty-9.3.24.v20180605, build timestamp: 2018-06-05T17:11:56Z, git hash: 84205aa28f11a4f31f2a3b86d1bba2cc8ab69827
2019-09-12 06:39:10,542 [main] INFO  handler.ContextHandler (ContextHandler.java:doStart(781)) - Started o.e.j.s.ServletContextHandler@1a22e0ef{/logs,file:///workdir/hadoop-ozone/integration-test/target/log,AVAILABLE}
2019-09-12 06:39:10,542 [main] INFO  handler.ContextHandler (ContextHandler.java:doStart(781)) - Started o.e.j.s.ServletContextHandler@3b920bdc{/static,jar:file:/home/user/.m2/repository/org/apache/hadoop/hadoop-hdds-container-service/0.5.0-SNAPSHOT/hadoop-hdds-container-service-0.5.0-SNAPSHOT.jar!/webapps/static,AVAILABLE}
2019-09-12 06:39:10,571 [main] INFO  handler.ContextHandler (ContextHandler.java:doStart(781)) - Started o.e.j.w.WebAppContext@6e4c0d8c{/,file:///tmp/jetty-0.0.0.0-37352-hddsDatanode-_-any-2036389715461064198.dir/webapp/,AVAILABLE}{/hddsDatanode}
2019-09-12 06:39:10,572 [main] INFO  server.AbstractConnector (AbstractConnector.java:doStart(278)) - Started ServerConnector@3e3315d9{HTTP/1.1,[http/1.1]}{0.0.0.0:37352}
2019-09-12 06:39:10,573 [main] INFO  server.Server (Server.java:doStart(419)) - Started @6310ms
2019-09-12 06:39:10,573 [main] WARN  impl.MetricsSystemImpl (MetricsSystemImpl.java:register(276)) - Sink prometheus already exists!
2019-09-12 06:39:10,574 [main] INFO  server.BaseHttpServer (BaseHttpServer.java:updateConnectorAddress(215)) - HTTP server of HDDSDATANODE is listening at http://0.0.0.0:37352
2019-09-12 06:39:10,574 [main] INFO  impl.MetricsSystemImpl (MetricsSystemImpl.java:init(158)) - HddsDatanode metrics system started (again)
2019-09-12 06:39:10,578 [org.apache.hadoop.util.JvmPauseMonitor$Monitor@1108dd6a] INFO  util.JvmPauseMonitor (JvmPauseMonitor.java:run(188)) - Starting JVM pause monitor
2019-09-12 06:39:10,579 [main] INFO  ozone.HddsDatanodeService (HddsDatanodeService.java:start(184)) - HddsDatanodeService host:trunk-nightly-20190912-4gc2t-2068889165 ip:192.168.34.52
2019-09-12 06:39:10,581 [Datanode State Machine Thread - 0] INFO  datanode.InitDatanodeState (InitDatanodeState.java:persistContainerDatanodeDetails(140)) - DatanodeDetails is persisted to /workdir/hadoop-ozone/integration-test/target/test-dir/MiniOzoneClusterImpl-37405de7-47da-4aca-9355-033741c24d37/datanode-6/meta/datanode.id
2019-09-12 06:39:10,589 [main] INFO  volume.HddsVolume (HddsVolume.java:<init>(176)) - Creating Volume: /workdir/hadoop-ozone/integration-test/target/test-dir/MiniOzoneClusterImpl-37405de7-47da-4aca-9355-033741c24d37/datanode-7/data/containers/hdds of  storage type : DISK and capacity : 1482555576320
2019-09-12 06:39:10,589 [main] INFO  volume.VolumeSet (VolumeSet.java:initializeVolumeSet(170)) - Added Volume : /workdir/hadoop-ozone/integration-test/target/test-dir/MiniOzoneClusterImpl-37405de7-47da-4aca-9355-033741c24d37/datanode-7/data/containers/hdds to VolumeSet
2019-09-12 06:39:10,589 [main] INFO  volume.ThrottledAsyncChecker (ThrottledAsyncChecker.java:schedule(139)) - Scheduling a check for org.apache.hadoop.ozone.container.common.volume.HddsVolume@6d6bbd35
2019-09-12 06:39:10,590 [main] INFO  volume.HddsVolumeChecker (HddsVolumeChecker.java:checkAllVolumes(202)) - Scheduled health check for volume org.apache.hadoop.ozone.container.common.volume.HddsVolume@6d6bbd35
2019-09-12 06:39:10,604 [main] INFO  impl.RaftServerProxy (ConfUtils.java:logGet(43)) - raft.rpc.type = GRPC (default)
2019-09-12 06:39:10,604 [main] INFO  grpc.GrpcFactory (GrpcFactory.java:checkPooledByteBufAllocatorUseCacheForAllThreads(45)) - PERFORMANCE WARNING: useCacheForAllThreads is true that may cause Netty to create a lot garbage objects and, as a result, trigger GC.
	It is recommended to disable useCacheForAllThreads by setting -Dorg.apache.ratis.thirdparty.io.netty.allocator.useCacheForAllThreads=false in command line.
2019-09-12 06:39:10,604 [main] INFO  grpc.GrpcConfigKeys$Server (ConfUtils.java:logGet(43)) - raft.grpc.server.port = 0 (default)
2019-09-12 06:39:10,604 [main] INFO  server.GrpcService (ConfUtils.java:logGet(43)) - raft.grpc.message.size.max = 33570816 (custom)
2019-09-12 06:39:10,605 [main] INFO  server.RaftServerConfigKeys (ConfUtils.java:logGet(43)) - raft.server.log.appender.buffer.byte-limit = 33554432 (custom)
2019-09-12 06:39:10,605 [main] INFO  server.GrpcService (ConfUtils.java:logGet(43)) - raft.grpc.flow.control.window = 1MB (=1048576) (default)
2019-09-12 06:39:10,605 [main] INFO  server.RaftServerConfigKeys (ConfUtils.java:logGet(43)) - raft.server.rpc.request.timeout = 3000ms (default)
2019-09-12 06:39:10,606 [main] INFO  server.RaftServerConfigKeys (ConfUtils.java:logGet(43)) - raft.server.storage.dir = [/workdir/hadoop-ozone/integration-test/target/test-dir/MiniOzoneClusterImpl-37405de7-47da-4aca-9355-033741c24d37/datanode-7/data/ratis] (custom)
2019-09-12 06:39:10,609 [main] INFO  hdfs.DFSUtil (DFSUtil.java:httpServerTemplateForNNAndJN(1641)) - Starting Web-server for hddsDatanode at: http://0.0.0.0:0
2019-09-12 06:39:10,610 [main] INFO  server.AuthenticationFilter (AuthenticationFilter.java:constructSecretProvider(240)) - Unable to initialize FileSignerSecretProvider, falling back to use random secrets.
2019-09-12 06:39:10,610 [main] WARN  http.HttpRequestLog (HttpRequestLog.java:getRequestLog(97)) - Jetty request log can only be enabled using Log4j
2019-09-12 06:39:10,612 [main] INFO  http.HttpServer2 (HttpServer2.java:addGlobalFilter(975)) - Added global filter 'safety' (class=org.apache.hadoop.http.HttpServer2$QuotingInputFilter)
2019-09-12 06:39:10,612 [main] INFO  http.HttpServer2 (HttpServer2.java:addFilter(948)) - Added filter static_user_filter (class=org.apache.hadoop.http.lib.StaticUserWebFilter$StaticUserFilter) to context hddsDatanode
2019-09-12 06:39:10,612 [main] INFO  http.HttpServer2 (HttpServer2.java:addFilter(958)) - Added filter static_user_filter (class=org.apache.hadoop.http.lib.StaticUserWebFilter$StaticUserFilter) to context static
2019-09-12 06:39:10,613 [main] INFO  http.HttpServer2 (HttpServer2.java:addFilter(958)) - Added filter static_user_filter (class=org.apache.hadoop.http.lib.StaticUserWebFilter$StaticUserFilter) to context logs
2019-09-12 06:39:10,614 [main] INFO  http.HttpServer2 (HttpServer2.java:bindListener(1191)) - Jetty bound to port 35796
2019-09-12 06:39:10,614 [main] INFO  server.Server (Server.java:doStart(351)) - jetty-9.3.24.v20180605, build timestamp: 2018-06-05T17:11:56Z, git hash: 84205aa28f11a4f31f2a3b86d1bba2cc8ab69827
2019-09-12 06:39:10,615 [main] INFO  handler.ContextHandler (ContextHandler.java:doStart(781)) - Started o.e.j.s.ServletContextHandler@7a81065e{/logs,file:///workdir/hadoop-ozone/integration-test/target/log,AVAILABLE}
2019-09-12 06:39:10,616 [main] INFO  handler.ContextHandler (ContextHandler.java:doStart(781)) - Started o.e.j.s.ServletContextHandler@75181b50{/static,jar:file:/home/user/.m2/repository/org/apache/hadoop/hadoop-hdds-container-service/0.5.0-SNAPSHOT/hadoop-hdds-container-service-0.5.0-SNAPSHOT.jar!/webapps/static,AVAILABLE}
2019-09-12 06:39:10,645 [main] INFO  handler.ContextHandler (ContextHandler.java:doStart(781)) - Started o.e.j.w.WebAppContext@2f4e40d7{/,file:///tmp/jetty-0.0.0.0-35796-hddsDatanode-_-any-3134930715256789881.dir/webapp/,AVAILABLE}{/hddsDatanode}
2019-09-12 06:39:10,646 [main] INFO  server.AbstractConnector (AbstractConnector.java:doStart(278)) - Started ServerConnector@60e9c3a5{HTTP/1.1,[http/1.1]}{0.0.0.0:35796}
2019-09-12 06:39:10,646 [main] INFO  server.Server (Server.java:doStart(419)) - Started @6383ms
2019-09-12 06:39:10,646 [main] WARN  impl.MetricsSystemImpl (MetricsSystemImpl.java:register(276)) - Sink prometheus already exists!
2019-09-12 06:39:10,647 [main] INFO  server.BaseHttpServer (BaseHttpServer.java:updateConnectorAddress(215)) - HTTP server of HDDSDATANODE is listening at http://0.0.0.0:35796
2019-09-12 06:39:10,648 [main] INFO  impl.MetricsSystemImpl (MetricsSystemImpl.java:init(158)) - HddsDatanode metrics system started (again)
2019-09-12 06:39:10,652 [org.apache.hadoop.util.JvmPauseMonitor$Monitor@1e569c9b] INFO  util.JvmPauseMonitor (JvmPauseMonitor.java:run(188)) - Starting JVM pause monitor
2019-09-12 06:39:10,652 [main] INFO  ozone.HddsDatanodeService (HddsDatanodeService.java:start(184)) - HddsDatanodeService host:trunk-nightly-20190912-4gc2t-2068889165 ip:192.168.34.52
2019-09-12 06:39:10,656 [Datanode State Machine Thread - 0] INFO  datanode.InitDatanodeState (InitDatanodeState.java:persistContainerDatanodeDetails(140)) - DatanodeDetails is persisted to /workdir/hadoop-ozone/integration-test/target/test-dir/MiniOzoneClusterImpl-37405de7-47da-4aca-9355-033741c24d37/datanode-7/meta/datanode.id
2019-09-12 06:39:10,663 [main] INFO  volume.HddsVolume (HddsVolume.java:<init>(176)) - Creating Volume: /workdir/hadoop-ozone/integration-test/target/test-dir/MiniOzoneClusterImpl-37405de7-47da-4aca-9355-033741c24d37/datanode-8/data/containers/hdds of  storage type : DISK and capacity : 1482555576320
2019-09-12 06:39:10,664 [main] INFO  volume.VolumeSet (VolumeSet.java:initializeVolumeSet(170)) - Added Volume : /workdir/hadoop-ozone/integration-test/target/test-dir/MiniOzoneClusterImpl-37405de7-47da-4aca-9355-033741c24d37/datanode-8/data/containers/hdds to VolumeSet
2019-09-12 06:39:10,664 [main] INFO  volume.ThrottledAsyncChecker (ThrottledAsyncChecker.java:schedule(139)) - Scheduling a check for org.apache.hadoop.ozone.container.common.volume.HddsVolume@1947596f
2019-09-12 06:39:10,665 [main] INFO  volume.HddsVolumeChecker (HddsVolumeChecker.java:checkAllVolumes(202)) - Scheduled health check for volume org.apache.hadoop.ozone.container.common.volume.HddsVolume@1947596f
2019-09-12 06:39:10,689 [main] INFO  impl.RaftServerProxy (ConfUtils.java:logGet(43)) - raft.rpc.type = GRPC (default)
2019-09-12 06:39:10,690 [main] INFO  grpc.GrpcFactory (GrpcFactory.java:checkPooledByteBufAllocatorUseCacheForAllThreads(45)) - PERFORMANCE WARNING: useCacheForAllThreads is true that may cause Netty to create a lot garbage objects and, as a result, trigger GC.
	It is recommended to disable useCacheForAllThreads by setting -Dorg.apache.ratis.thirdparty.io.netty.allocator.useCacheForAllThreads=false in command line.
2019-09-12 06:39:10,690 [main] INFO  grpc.GrpcConfigKeys$Server (ConfUtils.java:logGet(43)) - raft.grpc.server.port = 0 (default)
2019-09-12 06:39:10,691 [main] INFO  server.GrpcService (ConfUtils.java:logGet(43)) - raft.grpc.message.size.max = 33570816 (custom)
2019-09-12 06:39:10,691 [main] INFO  server.RaftServerConfigKeys (ConfUtils.java:logGet(43)) - raft.server.log.appender.buffer.byte-limit = 33554432 (custom)
2019-09-12 06:39:10,691 [main] INFO  server.GrpcService (ConfUtils.java:logGet(43)) - raft.grpc.flow.control.window = 1MB (=1048576) (default)
2019-09-12 06:39:10,692 [main] INFO  server.RaftServerConfigKeys (ConfUtils.java:logGet(43)) - raft.server.rpc.request.timeout = 3000ms (default)
2019-09-12 06:39:10,693 [main] INFO  server.RaftServerConfigKeys (ConfUtils.java:logGet(43)) - raft.server.storage.dir = [/workdir/hadoop-ozone/integration-test/target/test-dir/MiniOzoneClusterImpl-37405de7-47da-4aca-9355-033741c24d37/datanode-8/data/ratis] (custom)
2019-09-12 06:39:10,695 [main] INFO  hdfs.DFSUtil (DFSUtil.java:httpServerTemplateForNNAndJN(1641)) - Starting Web-server for hddsDatanode at: http://0.0.0.0:0
2019-09-12 06:39:10,696 [main] INFO  server.AuthenticationFilter (AuthenticationFilter.java:constructSecretProvider(240)) - Unable to initialize FileSignerSecretProvider, falling back to use random secrets.
2019-09-12 06:39:10,697 [main] WARN  http.HttpRequestLog (HttpRequestLog.java:getRequestLog(97)) - Jetty request log can only be enabled using Log4j
2019-09-12 06:39:10,698 [main] INFO  http.HttpServer2 (HttpServer2.java:addGlobalFilter(975)) - Added global filter 'safety' (class=org.apache.hadoop.http.HttpServer2$QuotingInputFilter)
2019-09-12 06:39:10,699 [main] INFO  http.HttpServer2 (HttpServer2.java:addFilter(948)) - Added filter static_user_filter (class=org.apache.hadoop.http.lib.StaticUserWebFilter$StaticUserFilter) to context hddsDatanode
2019-09-12 06:39:10,699 [main] INFO  http.HttpServer2 (HttpServer2.java:addFilter(958)) - Added filter static_user_filter (class=org.apache.hadoop.http.lib.StaticUserWebFilter$StaticUserFilter) to context logs
2019-09-12 06:39:10,699 [main] INFO  http.HttpServer2 (HttpServer2.java:addFilter(958)) - Added filter static_user_filter (class=org.apache.hadoop.http.lib.StaticUserWebFilter$StaticUserFilter) to context static
2019-09-12 06:39:10,700 [main] INFO  http.HttpServer2 (HttpServer2.java:bindListener(1191)) - Jetty bound to port 39128
2019-09-12 06:39:10,700 [main] INFO  server.Server (Server.java:doStart(351)) - jetty-9.3.24.v20180605, build timestamp: 2018-06-05T17:11:56Z, git hash: 84205aa28f11a4f31f2a3b86d1bba2cc8ab69827
2019-09-12 06:39:10,702 [main] INFO  handler.ContextHandler (ContextHandler.java:doStart(781)) - Started o.e.j.s.ServletContextHandler@30ca0779{/logs,file:///workdir/hadoop-ozone/integration-test/target/log,AVAILABLE}
2019-09-12 06:39:10,702 [main] INFO  handler.ContextHandler (ContextHandler.java:doStart(781)) - Started o.e.j.s.ServletContextHandler@47be0f9b{/static,jar:file:/home/user/.m2/repository/org/apache/hadoop/hadoop-hdds-container-service/0.5.0-SNAPSHOT/hadoop-hdds-container-service-0.5.0-SNAPSHOT.jar!/webapps/static,AVAILABLE}
2019-09-12 06:39:10,730 [main] INFO  handler.ContextHandler (ContextHandler.java:doStart(781)) - Started o.e.j.w.WebAppContext@33063f5b{/,file:///tmp/jetty-0.0.0.0-39128-hddsDatanode-_-any-1264707890338847802.dir/webapp/,AVAILABLE}{/hddsDatanode}
2019-09-12 06:39:10,731 [main] INFO  server.AbstractConnector (AbstractConnector.java:doStart(278)) - Started ServerConnector@15405bd6{HTTP/1.1,[http/1.1]}{0.0.0.0:39128}
2019-09-12 06:39:10,731 [main] INFO  server.Server (Server.java:doStart(419)) - Started @6468ms
2019-09-12 06:39:10,731 [main] WARN  impl.MetricsSystemImpl (MetricsSystemImpl.java:register(276)) - Sink prometheus already exists!
2019-09-12 06:39:10,732 [main] INFO  server.BaseHttpServer (BaseHttpServer.java:updateConnectorAddress(215)) - HTTP server of HDDSDATANODE is listening at http://0.0.0.0:39128
2019-09-12 06:39:10,732 [main] INFO  impl.MetricsSystemImpl (MetricsSystemImpl.java:init(158)) - HddsDatanode metrics system started (again)
2019-09-12 06:39:10,737 [org.apache.hadoop.util.JvmPauseMonitor$Monitor@75f210b5] INFO  util.JvmPauseMonitor (JvmPauseMonitor.java:run(188)) - Starting JVM pause monitor
2019-09-12 06:39:10,737 [main] INFO  ozone.HddsDatanodeService (HddsDatanodeService.java:start(184)) - HddsDatanodeService host:trunk-nightly-20190912-4gc2t-2068889165 ip:192.168.34.52
2019-09-12 06:39:10,740 [Datanode State Machine Thread - 0] INFO  datanode.InitDatanodeState (InitDatanodeState.java:persistContainerDatanodeDetails(140)) - DatanodeDetails is persisted to /workdir/hadoop-ozone/integration-test/target/test-dir/MiniOzoneClusterImpl-37405de7-47da-4aca-9355-033741c24d37/datanode-8/meta/datanode.id
2019-09-12 06:39:10,745 [main] INFO  volume.HddsVolume (HddsVolume.java:<init>(176)) - Creating Volume: /workdir/hadoop-ozone/integration-test/target/test-dir/MiniOzoneClusterImpl-37405de7-47da-4aca-9355-033741c24d37/datanode-9/data/containers/hdds of  storage type : DISK and capacity : 1482555576320
2019-09-12 06:39:10,745 [main] INFO  volume.VolumeSet (VolumeSet.java:initializeVolumeSet(170)) - Added Volume : /workdir/hadoop-ozone/integration-test/target/test-dir/MiniOzoneClusterImpl-37405de7-47da-4aca-9355-033741c24d37/datanode-9/data/containers/hdds to VolumeSet
2019-09-12 06:39:10,746 [main] INFO  volume.ThrottledAsyncChecker (ThrottledAsyncChecker.java:schedule(139)) - Scheduling a check for org.apache.hadoop.ozone.container.common.volume.HddsVolume@765ffb14
2019-09-12 06:39:10,746 [main] INFO  volume.HddsVolumeChecker (HddsVolumeChecker.java:checkAllVolumes(202)) - Scheduled health check for volume org.apache.hadoop.ozone.container.common.volume.HddsVolume@765ffb14
2019-09-12 06:39:10,759 [main] INFO  impl.RaftServerProxy (ConfUtils.java:logGet(43)) - raft.rpc.type = GRPC (default)
2019-09-12 06:39:10,760 [main] INFO  grpc.GrpcFactory (GrpcFactory.java:checkPooledByteBufAllocatorUseCacheForAllThreads(45)) - PERFORMANCE WARNING: useCacheForAllThreads is true that may cause Netty to create a lot garbage objects and, as a result, trigger GC.
	It is recommended to disable useCacheForAllThreads by setting -Dorg.apache.ratis.thirdparty.io.netty.allocator.useCacheForAllThreads=false in command line.
2019-09-12 06:39:10,760 [main] INFO  grpc.GrpcConfigKeys$Server (ConfUtils.java:logGet(43)) - raft.grpc.server.port = 0 (default)
2019-09-12 06:39:10,760 [main] INFO  server.GrpcService (ConfUtils.java:logGet(43)) - raft.grpc.message.size.max = 33570816 (custom)
2019-09-12 06:39:10,760 [main] INFO  server.RaftServerConfigKeys (ConfUtils.java:logGet(43)) - raft.server.log.appender.buffer.byte-limit = 33554432 (custom)
2019-09-12 06:39:10,760 [main] INFO  server.GrpcService (ConfUtils.java:logGet(43)) - raft.grpc.flow.control.window = 1MB (=1048576) (default)
2019-09-12 06:39:10,761 [main] INFO  server.RaftServerConfigKeys (ConfUtils.java:logGet(43)) - raft.server.rpc.request.timeout = 3000ms (default)
2019-09-12 06:39:10,761 [main] INFO  server.RaftServerConfigKeys (ConfUtils.java:logGet(43)) - raft.server.storage.dir = [/workdir/hadoop-ozone/integration-test/target/test-dir/MiniOzoneClusterImpl-37405de7-47da-4aca-9355-033741c24d37/datanode-9/data/ratis] (custom)
2019-09-12 06:39:10,763 [main] INFO  hdfs.DFSUtil (DFSUtil.java:httpServerTemplateForNNAndJN(1641)) - Starting Web-server for hddsDatanode at: http://0.0.0.0:0
2019-09-12 06:39:10,764 [main] INFO  server.AuthenticationFilter (AuthenticationFilter.java:constructSecretProvider(240)) - Unable to initialize FileSignerSecretProvider, falling back to use random secrets.
2019-09-12 06:39:10,765 [main] WARN  http.HttpRequestLog (HttpRequestLog.java:getRequestLog(97)) - Jetty request log can only be enabled using Log4j
2019-09-12 06:39:10,768 [main] INFO  http.HttpServer2 (HttpServer2.java:addGlobalFilter(975)) - Added global filter 'safety' (class=org.apache.hadoop.http.HttpServer2$QuotingInputFilter)
2019-09-12 06:39:10,769 [main] INFO  http.HttpServer2 (HttpServer2.java:addFilter(948)) - Added filter static_user_filter (class=org.apache.hadoop.http.lib.StaticUserWebFilter$StaticUserFilter) to context hddsDatanode
2019-09-12 06:39:10,769 [main] INFO  http.HttpServer2 (HttpServer2.java:addFilter(958)) - Added filter static_user_filter (class=org.apache.hadoop.http.lib.StaticUserWebFilter$StaticUserFilter) to context logs
2019-09-12 06:39:10,769 [main] INFO  http.HttpServer2 (HttpServer2.java:addFilter(958)) - Added filter static_user_filter (class=org.apache.hadoop.http.lib.StaticUserWebFilter$StaticUserFilter) to context static
2019-09-12 06:39:10,771 [main] INFO  http.HttpServer2 (HttpServer2.java:bindListener(1191)) - Jetty bound to port 35448
2019-09-12 06:39:10,771 [main] INFO  server.Server (Server.java:doStart(351)) - jetty-9.3.24.v20180605, build timestamp: 2018-06-05T17:11:56Z, git hash: 84205aa28f11a4f31f2a3b86d1bba2cc8ab69827
2019-09-12 06:39:10,774 [main] INFO  handler.ContextHandler (ContextHandler.java:doStart(781)) - Started o.e.j.s.ServletContextHandler@5578be42{/logs,file:///workdir/hadoop-ozone/integration-test/target/log,AVAILABLE}
2019-09-12 06:39:10,775 [main] INFO  handler.ContextHandler (ContextHandler.java:doStart(781)) - Started o.e.j.s.ServletContextHandler@136965e3{/static,jar:file:/home/user/.m2/repository/org/apache/hadoop/hadoop-hdds-container-service/0.5.0-SNAPSHOT/hadoop-hdds-container-service-0.5.0-SNAPSHOT.jar!/webapps/static,AVAILABLE}
2019-09-12 06:39:10,825 [main] INFO  handler.ContextHandler (ContextHandler.java:doStart(781)) - Started o.e.j.w.WebAppContext@26bbe604{/,file:///tmp/jetty-0.0.0.0-35448-hddsDatanode-_-any-1407641564144492515.dir/webapp/,AVAILABLE}{/hddsDatanode}
2019-09-12 06:39:10,827 [main] INFO  server.AbstractConnector (AbstractConnector.java:doStart(278)) - Started ServerConnector@fe34b86{HTTP/1.1,[http/1.1]}{0.0.0.0:35448}
2019-09-12 06:39:10,828 [main] INFO  server.Server (Server.java:doStart(419)) - Started @6565ms
2019-09-12 06:39:10,828 [main] WARN  impl.MetricsSystemImpl (MetricsSystemImpl.java:register(276)) - Sink prometheus already exists!
2019-09-12 06:39:10,829 [main] INFO  server.BaseHttpServer (BaseHttpServer.java:updateConnectorAddress(215)) - HTTP server of HDDSDATANODE is listening at http://0.0.0.0:35448
2019-09-12 06:39:10,835 [org.apache.hadoop.util.JvmPauseMonitor$Monitor@f9e940f] INFO  util.JvmPauseMonitor (JvmPauseMonitor.java:run(188)) - Starting JVM pause monitor
2019-09-12 06:39:10,836 [main] INFO  ozone.MiniOzoneClusterImpl (MiniOzoneClusterImpl.java:lambda$waitForClusterToBeReady$0(140)) - Waiting for cluster to be ready. Got 0 of 10 DN Heartbeats.
2019-09-12 06:39:10,839 [Datanode State Machine Thread - 0] INFO  datanode.InitDatanodeState (InitDatanodeState.java:persistContainerDatanodeDetails(140)) - DatanodeDetails is persisted to /workdir/hadoop-ozone/integration-test/target/test-dir/MiniOzoneClusterImpl-37405de7-47da-4aca-9355-033741c24d37/datanode-9/meta/datanode.id
2019-09-12 06:39:11,837 [main] INFO  ozone.MiniOzoneClusterImpl (MiniOzoneClusterImpl.java:lambda$waitForClusterToBeReady$0(140)) - Waiting for cluster to be ready. Got 0 of 10 DN Heartbeats.
2019-09-12 06:39:12,174 [Datanode State Machine Thread - 0] INFO  ozoneimpl.OzoneContainer (OzoneContainer.java:start(217)) - Attempting to start container services.
2019-09-12 06:39:12,176 [Datanode State Machine Thread - 0] INFO  ozoneimpl.OzoneContainer (OzoneContainer.java:startContainerScrub(179)) - Background container scanner has been disabled.
2019-09-12 06:39:12,177 [Datanode State Machine Thread - 0] INFO  ratis.XceiverServerRatis (XceiverServerRatis.java:start(404)) - Starting XceiverServerRatis 996a256c-fd43-494a-96f3-903b907c5248 at port 0
2019-09-12 06:39:12,201 [Datanode State Machine Thread - 0] INFO  impl.RaftServerProxy (RaftServerProxy.java:lambda$start$3(299)) - 996a256c-fd43-494a-96f3-903b907c5248: start RPC server
2019-09-12 06:39:12,207 [Datanode State Machine Thread - 0] INFO  ozoneimpl.OzoneContainer (OzoneContainer.java:start(217)) - Attempting to start container services.
2019-09-12 06:39:12,213 [Datanode State Machine Thread - 0] INFO  ozoneimpl.OzoneContainer (OzoneContainer.java:startContainerScrub(179)) - Background container scanner has been disabled.
2019-09-12 06:39:12,213 [Datanode State Machine Thread - 0] INFO  ratis.XceiverServerRatis (XceiverServerRatis.java:start(404)) - Starting XceiverServerRatis 3ae969e4-2e35-40bf-9e0e-95acae9da5a5 at port 0
2019-09-12 06:39:12,222 [Datanode State Machine Thread - 0] INFO  impl.RaftServerProxy (RaftServerProxy.java:lambda$start$3(299)) - 3ae969e4-2e35-40bf-9e0e-95acae9da5a5: start RPC server
2019-09-12 06:39:12,302 [Datanode State Machine Thread - 0] INFO  ozoneimpl.OzoneContainer (OzoneContainer.java:start(217)) - Attempting to start container services.
2019-09-12 06:39:12,303 [Datanode State Machine Thread - 0] INFO  ozoneimpl.OzoneContainer (OzoneContainer.java:startContainerScrub(179)) - Background container scanner has been disabled.
2019-09-12 06:39:12,303 [Datanode State Machine Thread - 0] INFO  ratis.XceiverServerRatis (XceiverServerRatis.java:start(404)) - Starting XceiverServerRatis d503967e-137a-4fd9-bc45-44203e981a69 at port 0
2019-09-12 06:39:12,311 [Datanode State Machine Thread - 0] INFO  impl.RaftServerProxy (RaftServerProxy.java:lambda$start$3(299)) - d503967e-137a-4fd9-bc45-44203e981a69: start RPC server
2019-09-12 06:39:12,358 [Datanode State Machine Thread - 0] INFO  server.GrpcService (GrpcService.java:startImpl(158)) - d503967e-137a-4fd9-bc45-44203e981a69: GrpcService started, listening on 0.0.0.0/0.0.0.0:46648
2019-09-12 06:39:12,359 [Datanode State Machine Thread - 0] INFO  server.GrpcService (GrpcService.java:startImpl(158)) - 996a256c-fd43-494a-96f3-903b907c5248: GrpcService started, listening on 0.0.0.0/0.0.0.0:43167
2019-09-12 06:39:12,359 [Datanode State Machine Thread - 0] INFO  ratis.XceiverServerRatis (XceiverServerRatis.java:start(414)) - XceiverServerRatis d503967e-137a-4fd9-bc45-44203e981a69 is started using port 46648
2019-09-12 06:39:12,359 [Datanode State Machine Thread - 0] INFO  server.GrpcService (GrpcService.java:startImpl(158)) - 3ae969e4-2e35-40bf-9e0e-95acae9da5a5: GrpcService started, listening on 0.0.0.0/0.0.0.0:34023
2019-09-12 06:39:12,359 [Datanode State Machine Thread - 0] INFO  ratis.XceiverServerRatis (XceiverServerRatis.java:start(414)) - XceiverServerRatis 996a256c-fd43-494a-96f3-903b907c5248 is started using port 43167
2019-09-12 06:39:12,360 [Datanode State Machine Thread - 0] INFO  ratis.XceiverServerRatis (XceiverServerRatis.java:start(414)) - XceiverServerRatis 3ae969e4-2e35-40bf-9e0e-95acae9da5a5 is started using port 34023
2019-09-12 06:39:12,365 [Datanode State Machine Thread - 0] INFO  server.XceiverServerGrpc (XceiverServerGrpc.java:start(163)) - XceiverServerGrpc d503967e-137a-4fd9-bc45-44203e981a69 is started using port 42486
2019-09-12 06:39:12,365 [Datanode State Machine Thread - 0] INFO  server.XceiverServerGrpc (XceiverServerGrpc.java:start(163)) - XceiverServerGrpc 3ae969e4-2e35-40bf-9e0e-95acae9da5a5 is started using port 40791
2019-09-12 06:39:12,366 [Datanode State Machine Thread - 0] INFO  server.XceiverServerGrpc (XceiverServerGrpc.java:start(163)) - XceiverServerGrpc 996a256c-fd43-494a-96f3-903b907c5248 is started using port 40182
2019-09-12 06:39:12,383 [Datanode State Machine Thread - 0] INFO  ozoneimpl.OzoneContainer (OzoneContainer.java:start(217)) - Attempting to start container services.
2019-09-12 06:39:12,383 [Datanode State Machine Thread - 0] INFO  ozoneimpl.OzoneContainer (OzoneContainer.java:startContainerScrub(179)) - Background container scanner has been disabled.
2019-09-12 06:39:12,383 [Datanode State Machine Thread - 0] INFO  ratis.XceiverServerRatis (XceiverServerRatis.java:start(404)) - Starting XceiverServerRatis e1cdc330-b298-4f7e-9f8c-e697349a5e69 at port 0
2019-09-12 06:39:12,391 [Datanode State Machine Thread - 0] INFO  impl.RaftServerProxy (RaftServerProxy.java:lambda$start$3(299)) - e1cdc330-b298-4f7e-9f8c-e697349a5e69: start RPC server
2019-09-12 06:39:12,393 [Datanode State Machine Thread - 0] INFO  server.GrpcService (GrpcService.java:startImpl(158)) - e1cdc330-b298-4f7e-9f8c-e697349a5e69: GrpcService started, listening on 0.0.0.0/0.0.0.0:34054
2019-09-12 06:39:12,393 [Datanode State Machine Thread - 0] INFO  ratis.XceiverServerRatis (XceiverServerRatis.java:start(414)) - XceiverServerRatis e1cdc330-b298-4f7e-9f8c-e697349a5e69 is started using port 34054
2019-09-12 06:39:12,396 [Datanode State Machine Thread - 0] INFO  server.XceiverServerGrpc (XceiverServerGrpc.java:start(163)) - XceiverServerGrpc e1cdc330-b298-4f7e-9f8c-e697349a5e69 is started using port 37232
2019-09-12 06:39:12,448 [Datanode State Machine Thread - 0] INFO  ozoneimpl.OzoneContainer (OzoneContainer.java:start(217)) - Attempting to start container services.
2019-09-12 06:39:12,448 [Datanode State Machine Thread - 0] INFO  ozoneimpl.OzoneContainer (OzoneContainer.java:startContainerScrub(179)) - Background container scanner has been disabled.
2019-09-12 06:39:12,449 [Datanode State Machine Thread - 0] INFO  ratis.XceiverServerRatis (XceiverServerRatis.java:start(404)) - Starting XceiverServerRatis 5ecf13a7-acad-498a-ad7b-6f285dbc97e2 at port 0
2019-09-12 06:39:12,454 [Datanode State Machine Thread - 0] INFO  impl.RaftServerProxy (RaftServerProxy.java:lambda$start$3(299)) - 5ecf13a7-acad-498a-ad7b-6f285dbc97e2: start RPC server
2019-09-12 06:39:12,457 [Datanode State Machine Thread - 0] INFO  server.GrpcService (GrpcService.java:startImpl(158)) - 5ecf13a7-acad-498a-ad7b-6f285dbc97e2: GrpcService started, listening on 0.0.0.0/0.0.0.0:41223
2019-09-12 06:39:12,457 [Datanode State Machine Thread - 0] INFO  ratis.XceiverServerRatis (XceiverServerRatis.java:start(414)) - XceiverServerRatis 5ecf13a7-acad-498a-ad7b-6f285dbc97e2 is started using port 41223
2019-09-12 06:39:12,459 [Datanode State Machine Thread - 0] INFO  server.XceiverServerGrpc (XceiverServerGrpc.java:start(163)) - XceiverServerGrpc 5ecf13a7-acad-498a-ad7b-6f285dbc97e2 is started using port 35780
2019-09-12 06:39:12,522 [Datanode State Machine Thread - 0] INFO  ozoneimpl.OzoneContainer (OzoneContainer.java:start(217)) - Attempting to start container services.
2019-09-12 06:39:12,522 [Datanode State Machine Thread - 0] INFO  ozoneimpl.OzoneContainer (OzoneContainer.java:startContainerScrub(179)) - Background container scanner has been disabled.
2019-09-12 06:39:12,522 [Datanode State Machine Thread - 0] INFO  ratis.XceiverServerRatis (XceiverServerRatis.java:start(404)) - Starting XceiverServerRatis a2418947-6d3b-4038-833d-0b4f506c9c75 at port 0
2019-09-12 06:39:12,529 [Datanode State Machine Thread - 0] INFO  impl.RaftServerProxy (RaftServerProxy.java:lambda$start$3(299)) - a2418947-6d3b-4038-833d-0b4f506c9c75: start RPC server
2019-09-12 06:39:12,533 [Datanode State Machine Thread - 0] INFO  server.GrpcService (GrpcService.java:startImpl(158)) - a2418947-6d3b-4038-833d-0b4f506c9c75: GrpcService started, listening on 0.0.0.0/0.0.0.0:32895
2019-09-12 06:39:12,533 [Datanode State Machine Thread - 0] INFO  ratis.XceiverServerRatis (XceiverServerRatis.java:start(414)) - XceiverServerRatis a2418947-6d3b-4038-833d-0b4f506c9c75 is started using port 32895
2019-09-12 06:39:12,537 [Datanode State Machine Thread - 0] INFO  server.XceiverServerGrpc (XceiverServerGrpc.java:start(163)) - XceiverServerGrpc a2418947-6d3b-4038-833d-0b4f506c9c75 is started using port 42397
2019-09-12 06:39:12,594 [Datanode State Machine Thread - 0] INFO  ozoneimpl.OzoneContainer (OzoneContainer.java:start(217)) - Attempting to start container services.
2019-09-12 06:39:12,595 [Datanode State Machine Thread - 0] INFO  ozoneimpl.OzoneContainer (OzoneContainer.java:startContainerScrub(179)) - Background container scanner has been disabled.
2019-09-12 06:39:12,595 [Datanode State Machine Thread - 0] INFO  ratis.XceiverServerRatis (XceiverServerRatis.java:start(404)) - Starting XceiverServerRatis e48d04e8-2c1f-410d-8bfb-5a732d356112 at port 0
2019-09-12 06:39:12,602 [Datanode State Machine Thread - 0] INFO  impl.RaftServerProxy (RaftServerProxy.java:lambda$start$3(299)) - e48d04e8-2c1f-410d-8bfb-5a732d356112: start RPC server
2019-09-12 06:39:12,606 [Datanode State Machine Thread - 0] INFO  server.GrpcService (GrpcService.java:startImpl(158)) - e48d04e8-2c1f-410d-8bfb-5a732d356112: GrpcService started, listening on 0.0.0.0/0.0.0.0:38245
2019-09-12 06:39:12,606 [Datanode State Machine Thread - 0] INFO  ratis.XceiverServerRatis (XceiverServerRatis.java:start(414)) - XceiverServerRatis e48d04e8-2c1f-410d-8bfb-5a732d356112 is started using port 38245
2019-09-12 06:39:12,610 [Datanode State Machine Thread - 0] INFO  server.XceiverServerGrpc (XceiverServerGrpc.java:start(163)) - XceiverServerGrpc e48d04e8-2c1f-410d-8bfb-5a732d356112 is started using port 40249
2019-09-12 06:39:12,677 [Datanode State Machine Thread - 0] INFO  ozoneimpl.OzoneContainer (OzoneContainer.java:start(217)) - Attempting to start container services.
2019-09-12 06:39:12,677 [Datanode State Machine Thread - 0] INFO  ozoneimpl.OzoneContainer (OzoneContainer.java:startContainerScrub(179)) - Background container scanner has been disabled.
2019-09-12 06:39:12,677 [Datanode State Machine Thread - 0] INFO  ratis.XceiverServerRatis (XceiverServerRatis.java:start(404)) - Starting XceiverServerRatis 9d685984-4448-42b4-b390-543822753f3a at port 0
2019-09-12 06:39:12,684 [Datanode State Machine Thread - 0] INFO  impl.RaftServerProxy (RaftServerProxy.java:lambda$start$3(299)) - 9d685984-4448-42b4-b390-543822753f3a: start RPC server
2019-09-12 06:39:12,689 [Datanode State Machine Thread - 0] INFO  server.GrpcService (GrpcService.java:startImpl(158)) - 9d685984-4448-42b4-b390-543822753f3a: GrpcService started, listening on 0.0.0.0/0.0.0.0:35205
2019-09-12 06:39:12,689 [Datanode State Machine Thread - 0] INFO  ratis.XceiverServerRatis (XceiverServerRatis.java:start(414)) - XceiverServerRatis 9d685984-4448-42b4-b390-543822753f3a is started using port 35205
2019-09-12 06:39:12,693 [Datanode State Machine Thread - 0] INFO  server.XceiverServerGrpc (XceiverServerGrpc.java:start(163)) - XceiverServerGrpc 9d685984-4448-42b4-b390-543822753f3a is started using port 41377
2019-09-12 06:39:12,754 [Datanode State Machine Thread - 0] INFO  ozoneimpl.OzoneContainer (OzoneContainer.java:start(217)) - Attempting to start container services.
2019-09-12 06:39:12,754 [Datanode State Machine Thread - 0] INFO  ozoneimpl.OzoneContainer (OzoneContainer.java:startContainerScrub(179)) - Background container scanner has been disabled.
2019-09-12 06:39:12,754 [Datanode State Machine Thread - 0] INFO  ratis.XceiverServerRatis (XceiverServerRatis.java:start(404)) - Starting XceiverServerRatis 760f3a61-bfa2-4d4e-85d8-817950efb624 at port 0
2019-09-12 06:39:12,761 [Datanode State Machine Thread - 0] INFO  impl.RaftServerProxy (RaftServerProxy.java:lambda$start$3(299)) - 760f3a61-bfa2-4d4e-85d8-817950efb624: start RPC server
2019-09-12 06:39:12,766 [Datanode State Machine Thread - 0] INFO  server.GrpcService (GrpcService.java:startImpl(158)) - 760f3a61-bfa2-4d4e-85d8-817950efb624: GrpcService started, listening on 0.0.0.0/0.0.0.0:44136
2019-09-12 06:39:12,766 [Datanode State Machine Thread - 0] INFO  ratis.XceiverServerRatis (XceiverServerRatis.java:start(414)) - XceiverServerRatis 760f3a61-bfa2-4d4e-85d8-817950efb624 is started using port 44136
2019-09-12 06:39:12,771 [Datanode State Machine Thread - 0] INFO  server.XceiverServerGrpc (XceiverServerGrpc.java:start(163)) - XceiverServerGrpc 760f3a61-bfa2-4d4e-85d8-817950efb624 is started using port 40634
2019-09-12 06:39:12,837 [main] INFO  ozone.MiniOzoneClusterImpl (MiniOzoneClusterImpl.java:lambda$waitForClusterToBeReady$0(140)) - Waiting for cluster to be ready. Got 0 of 10 DN Heartbeats.
2019-09-12 06:39:12,853 [Datanode State Machine Thread - 0] INFO  ozoneimpl.OzoneContainer (OzoneContainer.java:start(217)) - Attempting to start container services.
2019-09-12 06:39:12,853 [Datanode State Machine Thread - 0] INFO  ozoneimpl.OzoneContainer (OzoneContainer.java:startContainerScrub(179)) - Background container scanner has been disabled.
2019-09-12 06:39:12,853 [Datanode State Machine Thread - 0] INFO  ratis.XceiverServerRatis (XceiverServerRatis.java:start(404)) - Starting XceiverServerRatis 24c53ee4-03df-424b-8e99-1fd221f7be60 at port 0
2019-09-12 06:39:12,860 [Datanode State Machine Thread - 0] INFO  impl.RaftServerProxy (RaftServerProxy.java:lambda$start$3(299)) - 24c53ee4-03df-424b-8e99-1fd221f7be60: start RPC server
2019-09-12 06:39:12,874 [Datanode State Machine Thread - 0] INFO  server.GrpcService (GrpcService.java:startImpl(158)) - 24c53ee4-03df-424b-8e99-1fd221f7be60: GrpcService started, listening on 0.0.0.0/0.0.0.0:44173
2019-09-12 06:39:12,874 [Datanode State Machine Thread - 0] INFO  ratis.XceiverServerRatis (XceiverServerRatis.java:start(414)) - XceiverServerRatis 24c53ee4-03df-424b-8e99-1fd221f7be60 is started using port 44173
2019-09-12 06:39:12,895 [Datanode State Machine Thread - 0] INFO  server.XceiverServerGrpc (XceiverServerGrpc.java:start(163)) - XceiverServerGrpc 24c53ee4-03df-424b-8e99-1fd221f7be60 is started using port 44116
2019-09-12 06:39:13,838 [main] INFO  ozone.MiniOzoneClusterImpl (MiniOzoneClusterImpl.java:lambda$waitForClusterToBeReady$0(140)) - Waiting for cluster to be ready. Got 0 of 10 DN Heartbeats.
2019-09-12 06:39:14,136 [IPC Server handler 7 on 33197] INFO  net.NetworkTopology (NetworkTopologyImpl.java:add(110)) - Added a new node: /default-rack/996a256c-fd43-494a-96f3-903b907c5248
2019-09-12 06:39:14,137 [IPC Server handler 7 on 33197] INFO  node.SCMNodeManager (SCMNodeManager.java:register(266)) - Registered Data node : 996a256c-fd43-494a-96f3-903b907c5248{ip: 192.168.34.52, host: trunk-nightly-20190912-4gc2t-2068889165, networkLocation: /default-rack, certSerialId: null}
2019-09-12 06:39:14,142 [EventQueue-NodeRegistrationContainerReportForDataNodeSafeModeRule] INFO  safemode.SCMSafeModeManager (DataNodeSafeModeRule.java:process(71)) - SCM in safe mode. 1 DataNodes registered, 1 required.
2019-09-12 06:39:14,143 [EventQueue-NodeRegistrationContainerReportForContainerSafeModeRule] INFO  safemode.SCMSafeModeManager (SCMSafeModeManager.java:validateSafeModeExitRules(177)) - ScmSafeModeManager, all rules are successfully validated
2019-09-12 06:39:14,143 [EventQueue-NodeRegistrationContainerReportForContainerSafeModeRule] INFO  safemode.SCMSafeModeManager (SCMSafeModeManager.java:exitSafeMode(193)) - SCM exiting safe mode.
2019-09-12 06:39:14,193 [IPC Server handler 9 on 33197] INFO  net.NetworkTopology (NetworkTopologyImpl.java:add(110)) - Added a new node: /default-rack/3ae969e4-2e35-40bf-9e0e-95acae9da5a5
2019-09-12 06:39:14,194 [IPC Server handler 9 on 33197] INFO  node.SCMNodeManager (SCMNodeManager.java:register(266)) - Registered Data node : 3ae969e4-2e35-40bf-9e0e-95acae9da5a5{ip: 192.168.34.52, host: trunk-nightly-20190912-4gc2t-2068889165, networkLocation: /default-rack, certSerialId: null}
2019-09-12 06:39:14,290 [IPC Server handler 12 on 33197] INFO  net.NetworkTopology (NetworkTopologyImpl.java:add(110)) - Added a new node: /default-rack/d503967e-137a-4fd9-bc45-44203e981a69
2019-09-12 06:39:14,290 [IPC Server handler 12 on 33197] INFO  node.SCMNodeManager (SCMNodeManager.java:register(266)) - Registered Data node : d503967e-137a-4fd9-bc45-44203e981a69{ip: 192.168.34.52, host: trunk-nightly-20190912-4gc2t-2068889165, networkLocation: /default-rack, certSerialId: null}
2019-09-12 06:39:14,367 [IPC Server handler 14 on 33197] INFO  net.NetworkTopology (NetworkTopologyImpl.java:add(110)) - Added a new node: /default-rack/e1cdc330-b298-4f7e-9f8c-e697349a5e69
2019-09-12 06:39:14,367 [IPC Server handler 14 on 33197] INFO  node.SCMNodeManager (SCMNodeManager.java:register(266)) - Registered Data node : e1cdc330-b298-4f7e-9f8c-e697349a5e69{ip: 192.168.34.52, host: trunk-nightly-20190912-4gc2t-2068889165, networkLocation: /default-rack, certSerialId: null}
2019-09-12 06:39:14,436 [IPC Server handler 19 on 33197] INFO  net.NetworkTopology (NetworkTopologyImpl.java:add(110)) - Added a new node: /default-rack/5ecf13a7-acad-498a-ad7b-6f285dbc97e2
2019-09-12 06:39:14,436 [IPC Server handler 19 on 33197] INFO  node.SCMNodeManager (SCMNodeManager.java:register(266)) - Registered Data node : 5ecf13a7-acad-498a-ad7b-6f285dbc97e2{ip: 192.168.34.52, host: trunk-nightly-20190912-4gc2t-2068889165, networkLocation: /default-rack, certSerialId: null}
2019-09-12 06:39:14,518 [IPC Server handler 13 on 33197] INFO  net.NetworkTopology (NetworkTopologyImpl.java:add(110)) - Added a new node: /default-rack/a2418947-6d3b-4038-833d-0b4f506c9c75
2019-09-12 06:39:14,518 [IPC Server handler 13 on 33197] INFO  node.SCMNodeManager (SCMNodeManager.java:register(266)) - Registered Data node : a2418947-6d3b-4038-833d-0b4f506c9c75{ip: 192.168.34.52, host: trunk-nightly-20190912-4gc2t-2068889165, networkLocation: /default-rack, certSerialId: null}
2019-09-12 06:39:14,582 [IPC Server handler 18 on 33197] INFO  net.NetworkTopology (NetworkTopologyImpl.java:add(110)) - Added a new node: /default-rack/e48d04e8-2c1f-410d-8bfb-5a732d356112
2019-09-12 06:39:14,583 [IPC Server handler 18 on 33197] INFO  node.SCMNodeManager (SCMNodeManager.java:register(266)) - Registered Data node : e48d04e8-2c1f-410d-8bfb-5a732d356112{ip: 192.168.34.52, host: trunk-nightly-20190912-4gc2t-2068889165, networkLocation: /default-rack, certSerialId: null}
2019-09-12 06:39:14,655 [IPC Server handler 10 on 33197] INFO  net.NetworkTopology (NetworkTopologyImpl.java:add(110)) - Added a new node: /default-rack/9d685984-4448-42b4-b390-543822753f3a
2019-09-12 06:39:14,656 [IPC Server handler 10 on 33197] INFO  node.SCMNodeManager (SCMNodeManager.java:register(266)) - Registered Data node : 9d685984-4448-42b4-b390-543822753f3a{ip: 192.168.34.52, host: trunk-nightly-20190912-4gc2t-2068889165, networkLocation: /default-rack, certSerialId: null}
2019-09-12 06:39:14,687 [grpc-default-executor-0] INFO  impl.RaftServerProxy (RaftServerProxy.java:addNew(89)) - 996a256c-fd43-494a-96f3-903b907c5248: addNew group-74C3AED4701A:[996a256c-fd43-494a-96f3-903b907c5248:192.168.34.52:43167] returns group-74C3AED4701A:java.util.concurrent.CompletableFuture@13ed096a[Not completed]
2019-09-12 06:39:14,720 [pool-27-thread-1] INFO  impl.RaftServerImpl (RaftServerImpl.java:<init>(95)) - 996a256c-fd43-494a-96f3-903b907c5248: new RaftServerImpl for group-74C3AED4701A:[996a256c-fd43-494a-96f3-903b907c5248:192.168.34.52:43167] with ContainerStateMachine:uninitialized
2019-09-12 06:39:14,723 [pool-27-thread-1] INFO  server.RaftServerConfigKeys (ConfUtils.java:logGet(43)) - raft.server.rpc.timeout.min = 1s (custom)
2019-09-12 06:39:14,733 [pool-27-thread-1] INFO  server.RaftServerConfigKeys (ConfUtils.java:logGet(43)) - raft.server.rpc.timeout.max = 1200ms (custom)
2019-09-12 06:39:14,735 [pool-27-thread-1] INFO  server.RaftServerConfigKeys (ConfUtils.java:logGet(43)) - raft.server.rpcslowness.timeout = 120s (custom)
2019-09-12 06:39:14,736 [pool-27-thread-1] INFO  server.RaftServerConfigKeys (ConfUtils.java:logGet(43)) - raft.server.sleep.deviation.threshold = 300 (default)
2019-09-12 06:39:14,737 [pool-27-thread-1] INFO  server.RaftServerConfigKeys (ConfUtils.java:logGet(43)) - raft.server.log.appender.install.snapshot.enabled = false (custom)
2019-09-12 06:39:14,741 [IPC Server handler 6 on 33197] INFO  net.NetworkTopology (NetworkTopologyImpl.java:add(110)) - Added a new node: /default-rack/760f3a61-bfa2-4d4e-85d8-817950efb624
2019-09-12 06:39:14,742 [IPC Server handler 6 on 33197] INFO  node.SCMNodeManager (SCMNodeManager.java:register(266)) - Registered Data node : 760f3a61-bfa2-4d4e-85d8-817950efb624{ip: 192.168.34.52, host: trunk-nightly-20190912-4gc2t-2068889165, networkLocation: /default-rack, certSerialId: null}
2019-09-12 06:39:14,748 [pool-27-thread-1] INFO  impl.RaftServerImpl (ServerState.java:<init>(103)) - 996a256c-fd43-494a-96f3-903b907c5248@group-74C3AED4701A: ConfigurationManager, init=-1: [996a256c-fd43-494a-96f3-903b907c5248:192.168.34.52:43167], old=null, confs=<EMPTY_MAP>
2019-09-12 06:39:14,749 [pool-27-thread-1] INFO  server.RaftServerConfigKeys (ConfUtils.java:logGet(43)) - raft.server.storage.dir = [/workdir/hadoop-ozone/integration-test/target/test-dir/MiniOzoneClusterImpl-37405de7-47da-4aca-9355-033741c24d37/datanode-0/data/ratis] (custom)
2019-09-12 06:39:14,757 [pool-27-thread-1] INFO  storage.RaftStorageDirectory (RaftStorageDirectory.java:analyzeStorage(246)) - The storage directory /workdir/hadoop-ozone/integration-test/target/test-dir/MiniOzoneClusterImpl-37405de7-47da-4aca-9355-033741c24d37/datanode-0/data/ratis/ab9ab4df-1b9f-4af8-b7ff-74c3aed4701a does not exist. Creating ...
2019-09-12 06:39:14,774 [pool-27-thread-1] INFO  storage.RaftStorageDirectory (RaftStorageDirectory.java:tryLock(328)) - Lock on /workdir/hadoop-ozone/integration-test/target/test-dir/MiniOzoneClusterImpl-37405de7-47da-4aca-9355-033741c24d37/datanode-0/data/ratis/ab9ab4df-1b9f-4af8-b7ff-74c3aed4701a/in_use.lock acquired by nodename 11046@trunk-nightly-20190912-4gc2t-2068889165
2019-09-12 06:39:14,791 [pool-27-thread-1] INFO  storage.RaftStorage (RaftStorage.java:format(72)) - Storage directory /workdir/hadoop-ozone/integration-test/target/test-dir/MiniOzoneClusterImpl-37405de7-47da-4aca-9355-033741c24d37/datanode-0/data/ratis/ab9ab4df-1b9f-4af8-b7ff-74c3aed4701a has been successfully formatted.
2019-09-12 06:39:14,793 [pool-27-thread-1] INFO  ratis.ContainerStateMachine (ContainerStateMachine.java:loadSnapshot(230)) - group-74C3AED4701A: The snapshot info is null. Setting the last applied indexto:(t:0, i:~)
2019-09-12 06:39:14,794 [pool-27-thread-1] INFO  server.RaftServerConfigKeys (ConfUtils.java:logGet(43)) - raft.server.notification.no-leader.timeout = 120s (custom)
2019-09-12 06:39:14,796 [pool-27-thread-1] INFO  server.RaftServerConfigKeys (ConfUtils.java:logGet(43)) - raft.server.log.use.memory = false (default)
2019-09-12 06:39:14,802 [pool-27-thread-1] INFO  server.RaftServerConfigKeys (ConfUtils.java:logGet(43)) - raft.server.log.purge.gap = 1000000 (custom)
2019-09-12 06:39:14,802 [pool-27-thread-1] INFO  server.RaftServerConfigKeys (ConfUtils.java:logGet(43)) - raft.server.log.appender.buffer.byte-limit = 33554432 (custom)
2019-09-12 06:39:14,805 [pool-27-thread-1] INFO  server.RaftServerConfigKeys (ConfUtils.java:logGet(43)) - raft.server.log.segment.size.max = 1048576 (custom)
2019-09-12 06:39:14,810 [pool-27-thread-1] INFO  server.RaftServerConfigKeys (ConfUtils.java:logGet(43)) - raft.server.log.segment.cache.num.max = 2 (custom)
2019-09-12 06:39:14,815 [pool-27-thread-1] INFO  segmented.SegmentedRaftLogWorker (SegmentedRaftLogWorker.java:<init>(172)) - new 996a256c-fd43-494a-96f3-903b907c5248@group-74C3AED4701A-SegmentedRaftLogWorker for RaftStorage:Storage Directory /workdir/hadoop-ozone/integration-test/target/test-dir/MiniOzoneClusterImpl-37405de7-47da-4aca-9355-033741c24d37/datanode-0/data/ratis/ab9ab4df-1b9f-4af8-b7ff-74c3aed4701a
2019-09-12 06:39:14,817 [pool-27-thread-1] INFO  impl.MetricsSystemImpl (MetricsSystemImpl.java:init(158)) - ratis metrics system started (again)
2019-09-12 06:39:14,847 [main] INFO  ozone.MiniOzoneClusterImpl (MiniOzoneClusterImpl.java:lambda$waitForClusterToBeReady$0(140)) - Waiting for cluster to be ready. Got 9 of 10 DN Heartbeats.
2019-09-12 06:39:14,856 [IPC Server handler 7 on 33197] INFO  net.NetworkTopology (NetworkTopologyImpl.java:add(110)) - Added a new node: /default-rack/24c53ee4-03df-424b-8e99-1fd221f7be60
2019-09-12 06:39:14,856 [IPC Server handler 7 on 33197] INFO  node.SCMNodeManager (SCMNodeManager.java:register(266)) - Registered Data node : 24c53ee4-03df-424b-8e99-1fd221f7be60{ip: 192.168.34.52, host: trunk-nightly-20190912-4gc2t-2068889165, networkLocation: /default-rack, certSerialId: null}
2019-09-12 06:39:14,871 [pool-27-thread-1] INFO  server.RaftServerConfigKeys (ConfUtils.java:logGet(43)) - raft.server.log.queue.byte-limit = 2147483647 (custom)
2019-09-12 06:39:14,872 [pool-27-thread-1] INFO  server.RaftServerConfigKeys (ConfUtils.java:logGet(43)) - raft.server.log.queue.element-limit = 1024 (custom)
2019-09-12 06:39:14,875 [pool-27-thread-1] INFO  server.RaftServerConfigKeys (ConfUtils.java:logGet(43)) - raft.server.log.segment.size.max = 1048576 (custom)
2019-09-12 06:39:14,875 [pool-27-thread-1] INFO  server.RaftServerConfigKeys (ConfUtils.java:logGet(43)) - raft.server.log.preallocated.size = 16384 (custom)
2019-09-12 06:39:14,876 [pool-27-thread-1] INFO  server.RaftServerConfigKeys (ConfUtils.java:logGet(43)) - raft.server.log.write.buffer.size = 33554432 (custom)
2019-09-12 06:39:14,876 [pool-27-thread-1] INFO  server.RaftServerConfigKeys (ConfUtils.java:logGet(43)) - raft.server.log.force.sync.num = 128 (default)
2019-09-12 06:39:14,877 [pool-27-thread-1] INFO  server.RaftServerConfigKeys (ConfUtils.java:logGet(43)) - raft.server.log.statemachine.data.sync = true (default)
2019-09-12 06:39:14,877 [pool-27-thread-1] INFO  server.RaftServerConfigKeys (ConfUtils.java:logGet(43)) - raft.server.log.statemachine.data.sync.timeout = 10s (default)
2019-09-12 06:39:14,878 [pool-27-thread-1] INFO  server.RaftServerConfigKeys (ConfUtils.java:logGet(43)) - raft.server.log.statemachine.data.sync.timeout.retry = -1 (default)
2019-09-12 06:39:14,886 [pool-27-thread-1] INFO  server.RaftServerConfigKeys (ConfUtils.java:logGet(43)) - raft.server.log.statemachine.data.caching.enabled = true (custom)
2019-09-12 06:39:14,891 [pool-27-thread-1] INFO  segmented.SegmentedRaftLogWorker (SegmentedRaftLogWorker.java:lambda$new$0(132)) - 996a256c-fd43-494a-96f3-903b907c5248@group-74C3AED4701A-SegmentedRaftLogWorker: flushIndex: setUnconditionally 0 -> -1
2019-09-12 06:39:14,895 [pool-27-thread-1] INFO  server.RaftServerConfigKeys (ConfUtils.java:logGet(43)) - raft.server.snapshot.auto.trigger.enabled = true (custom)
2019-09-12 06:39:14,896 [pool-27-thread-1] INFO  server.RaftServerConfigKeys (ConfUtils.java:logGet(43)) - raft.server.snapshot.auto.trigger.threshold = 10000 (custom)
2019-09-12 06:39:14,896 [pool-27-thread-1] INFO  server.RaftServerConfigKeys (ConfUtils.java:logGet(43)) - raft.server.snapshot.retention.num.files = -1 (default)
2019-09-12 06:39:14,897 [pool-27-thread-1] INFO  server.RaftServerConfigKeys (ConfUtils.java:logGet(43)) - raft.server.retrycache.expirytime = 600000ms (custom)
2019-09-12 06:39:14,922 [pool-27-thread-1] INFO  impl.RaftServerImpl (RaftServerImpl.java:start(185)) - 996a256c-fd43-494a-96f3-903b907c5248@group-74C3AED4701A: start as a follower, conf=-1: [996a256c-fd43-494a-96f3-903b907c5248:192.168.34.52:43167], old=null
2019-09-12 06:39:14,923 [pool-27-thread-1] INFO  impl.RaftServerImpl (RaftServerImpl.java:setRole(174)) - 996a256c-fd43-494a-96f3-903b907c5248@group-74C3AED4701A: changes role from      null to FOLLOWER at term 0 for startAsFollower
2019-09-12 06:39:14,924 [pool-27-thread-1] INFO  impl.RoleInfo (RoleInfo.java:updateAndGet(143)) - 996a256c-fd43-494a-96f3-903b907c5248: start FollowerState
2019-09-12 06:39:14,926 [pool-27-thread-1] INFO  util.JmxRegister (JmxRegister.java:tryRegister(44)) - Successfully registered JMX Bean with object name Ratis:service=RaftServer,group=group-74C3AED4701A,id=996a256c-fd43-494a-96f3-903b907c5248
2019-09-12 06:39:15,018 [RatisPipelineUtilsThread] INFO  pipeline.PipelineStateManager (PipelineStateManager.java:addPipeline(56)) - Created pipeline Pipeline[ Id: ab9ab4df-1b9f-4af8-b7ff-74c3aed4701a, Nodes: 996a256c-fd43-494a-96f3-903b907c5248{ip: 192.168.34.52, host: trunk-nightly-20190912-4gc2t-2068889165, networkLocation: /default-rack, certSerialId: null}, Type:RATIS, Factor:ONE, State:OPEN]
2019-09-12 06:39:15,054 [grpc-default-executor-0] INFO  impl.RaftServerProxy (RaftServerProxy.java:addNew(89)) - 5ecf13a7-acad-498a-ad7b-6f285dbc97e2: addNew group-82268D16D026:[5ecf13a7-acad-498a-ad7b-6f285dbc97e2:192.168.34.52:41223] returns group-82268D16D026:java.util.concurrent.CompletableFuture@22764acc[Not completed]
2019-09-12 06:39:15,128 [pool-67-thread-1] INFO  impl.RaftServerImpl (RaftServerImpl.java:<init>(95)) - 5ecf13a7-acad-498a-ad7b-6f285dbc97e2: new RaftServerImpl for group-82268D16D026:[5ecf13a7-acad-498a-ad7b-6f285dbc97e2:192.168.34.52:41223] with ContainerStateMachine:uninitialized
2019-09-12 06:39:15,129 [pool-67-thread-1] INFO  server.RaftServerConfigKeys (ConfUtils.java:logGet(43)) - raft.server.rpc.timeout.min = 1s (custom)
2019-09-12 06:39:15,130 [pool-67-thread-1] INFO  server.RaftServerConfigKeys (ConfUtils.java:logGet(43)) - raft.server.rpc.timeout.max = 1200ms (custom)
2019-09-12 06:39:15,130 [pool-67-thread-1] INFO  server.RaftServerConfigKeys (ConfUtils.java:logGet(43)) - raft.server.rpcslowness.timeout = 120s (custom)
2019-09-12 06:39:15,130 [pool-67-thread-1] INFO  server.RaftServerConfigKeys (ConfUtils.java:logGet(43)) - raft.server.sleep.deviation.threshold = 300 (default)
2019-09-12 06:39:15,130 [pool-67-thread-1] INFO  server.RaftServerConfigKeys (ConfUtils.java:logGet(43)) - raft.server.log.appender.install.snapshot.enabled = false (custom)
2019-09-12 06:39:15,130 [pool-67-thread-1] INFO  impl.RaftServerImpl (ServerState.java:<init>(103)) - 5ecf13a7-acad-498a-ad7b-6f285dbc97e2@group-82268D16D026: ConfigurationManager, init=-1: [5ecf13a7-acad-498a-ad7b-6f285dbc97e2:192.168.34.52:41223], old=null, confs=<EMPTY_MAP>
2019-09-12 06:39:15,130 [pool-67-thread-1] INFO  server.RaftServerConfigKeys (ConfUtils.java:logGet(43)) - raft.server.storage.dir = [/workdir/hadoop-ozone/integration-test/target/test-dir/MiniOzoneClusterImpl-37405de7-47da-4aca-9355-033741c24d37/datanode-4/data/ratis] (custom)
2019-09-12 06:39:15,131 [pool-67-thread-1] INFO  storage.RaftStorageDirectory (RaftStorageDirectory.java:analyzeStorage(246)) - The storage directory /workdir/hadoop-ozone/integration-test/target/test-dir/MiniOzoneClusterImpl-37405de7-47da-4aca-9355-033741c24d37/datanode-4/data/ratis/9dded4a1-ce34-4223-9c5e-82268d16d026 does not exist. Creating ...
2019-09-12 06:39:15,145 [pool-67-thread-1] INFO  storage.RaftStorageDirectory (RaftStorageDirectory.java:tryLock(328)) - Lock on /workdir/hadoop-ozone/integration-test/target/test-dir/MiniOzoneClusterImpl-37405de7-47da-4aca-9355-033741c24d37/datanode-4/data/ratis/9dded4a1-ce34-4223-9c5e-82268d16d026/in_use.lock acquired by nodename 11046@trunk-nightly-20190912-4gc2t-2068889165
2019-09-12 06:39:15,158 [pool-67-thread-1] INFO  storage.RaftStorage (RaftStorage.java:format(72)) - Storage directory /workdir/hadoop-ozone/integration-test/target/test-dir/MiniOzoneClusterImpl-37405de7-47da-4aca-9355-033741c24d37/datanode-4/data/ratis/9dded4a1-ce34-4223-9c5e-82268d16d026 has been successfully formatted.
2019-09-12 06:39:15,161 [pool-67-thread-1] INFO  ratis.ContainerStateMachine (ContainerStateMachine.java:loadSnapshot(230)) - group-82268D16D026: The snapshot info is null. Setting the last applied indexto:(t:0, i:~)
2019-09-12 06:39:15,163 [pool-67-thread-1] INFO  server.RaftServerConfigKeys (ConfUtils.java:logGet(43)) - raft.server.notification.no-leader.timeout = 120s (custom)
2019-09-12 06:39:15,164 [pool-67-thread-1] INFO  server.RaftServerConfigKeys (ConfUtils.java:logGet(43)) - raft.server.log.use.memory = false (default)
2019-09-12 06:39:15,164 [pool-67-thread-1] INFO  server.RaftServerConfigKeys (ConfUtils.java:logGet(43)) - raft.server.log.purge.gap = 1000000 (custom)
2019-09-12 06:39:15,164 [pool-67-thread-1] INFO  server.RaftServerConfigKeys (ConfUtils.java:logGet(43)) - raft.server.log.appender.buffer.byte-limit = 33554432 (custom)
2019-09-12 06:39:15,164 [pool-67-thread-1] INFO  server.RaftServerConfigKeys (ConfUtils.java:logGet(43)) - raft.server.log.segment.size.max = 1048576 (custom)
2019-09-12 06:39:15,164 [pool-67-thread-1] INFO  server.RaftServerConfigKeys (ConfUtils.java:logGet(43)) - raft.server.log.segment.cache.num.max = 2 (custom)
2019-09-12 06:39:15,164 [pool-67-thread-1] INFO  segmented.SegmentedRaftLogWorker (SegmentedRaftLogWorker.java:<init>(172)) - new 5ecf13a7-acad-498a-ad7b-6f285dbc97e2@group-82268D16D026-SegmentedRaftLogWorker for RaftStorage:Storage Directory /workdir/hadoop-ozone/integration-test/target/test-dir/MiniOzoneClusterImpl-37405de7-47da-4aca-9355-033741c24d37/datanode-4/data/ratis/9dded4a1-ce34-4223-9c5e-82268d16d026
2019-09-12 06:39:15,171 [pool-67-thread-1] INFO  server.RaftServerConfigKeys (ConfUtils.java:logGet(43)) - raft.server.log.queue.byte-limit = 2147483647 (custom)
2019-09-12 06:39:15,171 [pool-67-thread-1] INFO  server.RaftServerConfigKeys (ConfUtils.java:logGet(43)) - raft.server.log.queue.element-limit = 1024 (custom)
2019-09-12 06:39:15,171 [pool-67-thread-1] INFO  server.RaftServerConfigKeys (ConfUtils.java:logGet(43)) - raft.server.log.segment.size.max = 1048576 (custom)
2019-09-12 06:39:15,172 [pool-67-thread-1] INFO  server.RaftServerConfigKeys (ConfUtils.java:logGet(43)) - raft.server.log.preallocated.size = 16384 (custom)
2019-09-12 06:39:15,172 [pool-67-thread-1] INFO  server.RaftServerConfigKeys (ConfUtils.java:logGet(43)) - raft.server.log.write.buffer.size = 33554432 (custom)
2019-09-12 06:39:15,172 [pool-67-thread-1] INFO  server.RaftServerConfigKeys (ConfUtils.java:logGet(43)) - raft.server.log.force.sync.num = 128 (default)
2019-09-12 06:39:15,172 [pool-67-thread-1] INFO  server.RaftServerConfigKeys (ConfUtils.java:logGet(43)) - raft.server.log.statemachine.data.sync = true (default)
2019-09-12 06:39:15,172 [pool-67-thread-1] INFO  server.RaftServerConfigKeys (ConfUtils.java:logGet(43)) - raft.server.log.statemachine.data.sync.timeout = 10s (default)
2019-09-12 06:39:15,172 [pool-67-thread-1] INFO  server.RaftServerConfigKeys (ConfUtils.java:logGet(43)) - raft.server.log.statemachine.data.sync.timeout.retry = -1 (default)
2019-09-12 06:39:15,172 [pool-67-thread-1] INFO  server.RaftServerConfigKeys (ConfUtils.java:logGet(43)) - raft.server.log.statemachine.data.caching.enabled = true (custom)
2019-09-12 06:39:15,173 [pool-67-thread-1] INFO  segmented.SegmentedRaftLogWorker (SegmentedRaftLogWorker.java:lambda$new$0(132)) - 5ecf13a7-acad-498a-ad7b-6f285dbc97e2@group-82268D16D026-SegmentedRaftLogWorker: flushIndex: setUnconditionally 0 -> -1
2019-09-12 06:39:15,173 [pool-67-thread-1] INFO  server.RaftServerConfigKeys (ConfUtils.java:logGet(43)) - raft.server.snapshot.auto.trigger.enabled = true (custom)
2019-09-12 06:39:15,173 [pool-67-thread-1] INFO  server.RaftServerConfigKeys (ConfUtils.java:logGet(43)) - raft.server.snapshot.auto.trigger.threshold = 10000 (custom)
2019-09-12 06:39:15,173 [pool-67-thread-1] INFO  server.RaftServerConfigKeys (ConfUtils.java:logGet(43)) - raft.server.snapshot.retention.num.files = -1 (default)
2019-09-12 06:39:15,173 [pool-67-thread-1] INFO  server.RaftServerConfigKeys (ConfUtils.java:logGet(43)) - raft.server.retrycache.expirytime = 600000ms (custom)
2019-09-12 06:39:15,177 [pool-67-thread-1] INFO  impl.RaftServerImpl (RaftServerImpl.java:start(185)) - 5ecf13a7-acad-498a-ad7b-6f285dbc97e2@group-82268D16D026: start as a follower, conf=-1: [5ecf13a7-acad-498a-ad7b-6f285dbc97e2:192.168.34.52:41223], old=null
2019-09-12 06:39:15,177 [pool-67-thread-1] INFO  impl.RaftServerImpl (RaftServerImpl.java:setRole(174)) - 5ecf13a7-acad-498a-ad7b-6f285dbc97e2@group-82268D16D026: changes role from      null to FOLLOWER at term 0 for startAsFollower
2019-09-12 06:39:15,177 [pool-67-thread-1] INFO  impl.RoleInfo (RoleInfo.java:updateAndGet(143)) - 5ecf13a7-acad-498a-ad7b-6f285dbc97e2: start FollowerState
2019-09-12 06:39:15,180 [pool-67-thread-1] INFO  util.JmxRegister (JmxRegister.java:tryRegister(44)) - Successfully registered JMX Bean with object name Ratis:service=RaftServer,group=group-82268D16D026,id=5ecf13a7-acad-498a-ad7b-6f285dbc97e2
2019-09-12 06:39:15,200 [RatisPipelineUtilsThread] INFO  pipeline.PipelineStateManager (PipelineStateManager.java:addPipeline(56)) - Created pipeline Pipeline[ Id: 9dded4a1-ce34-4223-9c5e-82268d16d026, Nodes: 5ecf13a7-acad-498a-ad7b-6f285dbc97e2{ip: 192.168.34.52, host: trunk-nightly-20190912-4gc2t-2068889165, networkLocation: /default-rack, certSerialId: null}, Type:RATIS, Factor:ONE, State:OPEN]
2019-09-12 06:39:15,229 [grpc-default-executor-0] INFO  impl.RaftServerProxy (RaftServerProxy.java:addNew(89)) - e1cdc330-b298-4f7e-9f8c-e697349a5e69: addNew group-8FE4ECFCCB53:[e1cdc330-b298-4f7e-9f8c-e697349a5e69:192.168.34.52:34054] returns group-8FE4ECFCCB53:java.util.concurrent.CompletableFuture@2074e95[Not completed]
2019-09-12 06:39:15,272 [pool-57-thread-1] INFO  impl.RaftServerImpl (RaftServerImpl.java:<init>(95)) - e1cdc330-b298-4f7e-9f8c-e697349a5e69: new RaftServerImpl for group-8FE4ECFCCB53:[e1cdc330-b298-4f7e-9f8c-e697349a5e69:192.168.34.52:34054] with ContainerStateMachine:uninitialized
2019-09-12 06:39:15,272 [pool-57-thread-1] INFO  server.RaftServerConfigKeys (ConfUtils.java:logGet(43)) - raft.server.rpc.timeout.min = 1s (custom)
2019-09-12 06:39:15,273 [pool-57-thread-1] INFO  server.RaftServerConfigKeys (ConfUtils.java:logGet(43)) - raft.server.rpc.timeout.max = 1200ms (custom)
2019-09-12 06:39:15,273 [pool-57-thread-1] INFO  server.RaftServerConfigKeys (ConfUtils.java:logGet(43)) - raft.server.rpcslowness.timeout = 120s (custom)
2019-09-12 06:39:15,273 [pool-57-thread-1] INFO  server.RaftServerConfigKeys (ConfUtils.java:logGet(43)) - raft.server.sleep.deviation.threshold = 300 (default)
2019-09-12 06:39:15,273 [pool-57-thread-1] INFO  server.RaftServerConfigKeys (ConfUtils.java:logGet(43)) - raft.server.log.appender.install.snapshot.enabled = false (custom)
2019-09-12 06:39:15,273 [pool-57-thread-1] INFO  impl.RaftServerImpl (ServerState.java:<init>(103)) - e1cdc330-b298-4f7e-9f8c-e697349a5e69@group-8FE4ECFCCB53: ConfigurationManager, init=-1: [e1cdc330-b298-4f7e-9f8c-e697349a5e69:192.168.34.52:34054], old=null, confs=<EMPTY_MAP>
2019-09-12 06:39:15,274 [pool-57-thread-1] INFO  server.RaftServerConfigKeys (ConfUtils.java:logGet(43)) - raft.server.storage.dir = [/workdir/hadoop-ozone/integration-test/target/test-dir/MiniOzoneClusterImpl-37405de7-47da-4aca-9355-033741c24d37/datanode-3/data/ratis] (custom)
2019-09-12 06:39:15,274 [pool-57-thread-1] INFO  storage.RaftStorageDirectory (RaftStorageDirectory.java:analyzeStorage(246)) - The storage directory /workdir/hadoop-ozone/integration-test/target/test-dir/MiniOzoneClusterImpl-37405de7-47da-4aca-9355-033741c24d37/datanode-3/data/ratis/cc200e1a-7227-4245-bd78-8fe4ecfccb53 does not exist. Creating ...
2019-09-12 06:39:15,287 [pool-57-thread-1] INFO  storage.RaftStorageDirectory (RaftStorageDirectory.java:tryLock(328)) - Lock on /workdir/hadoop-ozone/integration-test/target/test-dir/MiniOzoneClusterImpl-37405de7-47da-4aca-9355-033741c24d37/datanode-3/data/ratis/cc200e1a-7227-4245-bd78-8fe4ecfccb53/in_use.lock acquired by nodename 11046@trunk-nightly-20190912-4gc2t-2068889165
2019-09-12 06:39:15,300 [pool-57-thread-1] INFO  storage.RaftStorage (RaftStorage.java:format(72)) - Storage directory /workdir/hadoop-ozone/integration-test/target/test-dir/MiniOzoneClusterImpl-37405de7-47da-4aca-9355-033741c24d37/datanode-3/data/ratis/cc200e1a-7227-4245-bd78-8fe4ecfccb53 has been successfully formatted.
2019-09-12 06:39:15,301 [pool-57-thread-1] INFO  ratis.ContainerStateMachine (ContainerStateMachine.java:loadSnapshot(230)) - group-8FE4ECFCCB53: The snapshot info is null. Setting the last applied indexto:(t:0, i:~)
2019-09-12 06:39:15,301 [pool-57-thread-1] INFO  server.RaftServerConfigKeys (ConfUtils.java:logGet(43)) - raft.server.notification.no-leader.timeout = 120s (custom)
2019-09-12 06:39:15,301 [pool-57-thread-1] INFO  server.RaftServerConfigKeys (ConfUtils.java:logGet(43)) - raft.server.log.use.memory = false (default)
2019-09-12 06:39:15,301 [pool-57-thread-1] INFO  server.RaftServerConfigKeys (ConfUtils.java:logGet(43)) - raft.server.log.purge.gap = 1000000 (custom)
2019-09-12 06:39:15,302 [pool-57-thread-1] INFO  server.RaftServerConfigKeys (ConfUtils.java:logGet(43)) - raft.server.log.appender.buffer.byte-limit = 33554432 (custom)
2019-09-12 06:39:15,302 [pool-57-thread-1] INFO  server.RaftServerConfigKeys (ConfUtils.java:logGet(43)) - raft.server.log.segment.size.max = 1048576 (custom)
2019-09-12 06:39:15,302 [pool-57-thread-1] INFO  server.RaftServerConfigKeys (ConfUtils.java:logGet(43)) - raft.server.log.segment.cache.num.max = 2 (custom)
2019-09-12 06:39:15,302 [pool-57-thread-1] INFO  segmented.SegmentedRaftLogWorker (SegmentedRaftLogWorker.java:<init>(172)) - new e1cdc330-b298-4f7e-9f8c-e697349a5e69@group-8FE4ECFCCB53-SegmentedRaftLogWorker for RaftStorage:Storage Directory /workdir/hadoop-ozone/integration-test/target/test-dir/MiniOzoneClusterImpl-37405de7-47da-4aca-9355-033741c24d37/datanode-3/data/ratis/cc200e1a-7227-4245-bd78-8fe4ecfccb53
2019-09-12 06:39:15,361 [pool-57-thread-1] INFO  server.RaftServerConfigKeys (ConfUtils.java:logGet(43)) - raft.server.log.queue.byte-limit = 2147483647 (custom)
2019-09-12 06:39:15,361 [pool-57-thread-1] INFO  server.RaftServerConfigKeys (ConfUtils.java:logGet(43)) - raft.server.log.queue.element-limit = 1024 (custom)
2019-09-12 06:39:15,362 [pool-57-thread-1] INFO  server.RaftServerConfigKeys (ConfUtils.java:logGet(43)) - raft.server.log.segment.size.max = 1048576 (custom)
2019-09-12 06:39:15,362 [pool-57-thread-1] INFO  server.RaftServerConfigKeys (ConfUtils.java:logGet(43)) - raft.server.log.preallocated.size = 16384 (custom)
2019-09-12 06:39:15,362 [pool-57-thread-1] INFO  server.RaftServerConfigKeys (ConfUtils.java:logGet(43)) - raft.server.log.write.buffer.size = 33554432 (custom)
2019-09-12 06:39:15,362 [pool-57-thread-1] INFO  server.RaftServerConfigKeys (ConfUtils.java:logGet(43)) - raft.server.log.force.sync.num = 128 (default)
2019-09-12 06:39:15,362 [pool-57-thread-1] INFO  server.RaftServerConfigKeys (ConfUtils.java:logGet(43)) - raft.server.log.statemachine.data.sync = true (default)
2019-09-12 06:39:15,363 [pool-57-thread-1] INFO  server.RaftServerConfigKeys (ConfUtils.java:logGet(43)) - raft.server.log.statemachine.data.sync.timeout = 10s (default)
2019-09-12 06:39:15,363 [pool-57-thread-1] INFO  server.RaftServerConfigKeys (ConfUtils.java:logGet(43)) - raft.server.log.statemachine.data.sync.timeout.retry = -1 (default)
2019-09-12 06:39:15,363 [pool-57-thread-1] INFO  server.RaftServerConfigKeys (ConfUtils.java:logGet(43)) - raft.server.log.statemachine.data.caching.enabled = true (custom)
2019-09-12 06:39:15,364 [pool-57-thread-1] INFO  segmented.SegmentedRaftLogWorker (SegmentedRaftLogWorker.java:lambda$new$0(132)) - e1cdc330-b298-4f7e-9f8c-e697349a5e69@group-8FE4ECFCCB53-SegmentedRaftLogWorker: flushIndex: setUnconditionally 0 -> -1
2019-09-12 06:39:15,364 [pool-57-thread-1] INFO  server.RaftServerConfigKeys (ConfUtils.java:logGet(43)) - raft.server.snapshot.auto.trigger.enabled = true (custom)
2019-09-12 06:39:15,364 [pool-57-thread-1] INFO  server.RaftServerConfigKeys (ConfUtils.java:logGet(43)) - raft.server.snapshot.auto.trigger.threshold = 10000 (custom)
2019-09-12 06:39:15,364 [pool-57-thread-1] INFO  server.RaftServerConfigKeys (ConfUtils.java:logGet(43)) - raft.server.snapshot.retention.num.files = -1 (default)
2019-09-12 06:39:15,365 [pool-57-thread-1] INFO  server.RaftServerConfigKeys (ConfUtils.java:logGet(43)) - raft.server.retrycache.expirytime = 600000ms (custom)
2019-09-12 06:39:15,370 [pool-57-thread-1] INFO  impl.RaftServerImpl (RaftServerImpl.java:start(185)) - e1cdc330-b298-4f7e-9f8c-e697349a5e69@group-8FE4ECFCCB53: start as a follower, conf=-1: [e1cdc330-b298-4f7e-9f8c-e697349a5e69:192.168.34.52:34054], old=null
2019-09-12 06:39:15,370 [pool-57-thread-1] INFO  impl.RaftServerImpl (RaftServerImpl.java:setRole(174)) - e1cdc330-b298-4f7e-9f8c-e697349a5e69@group-8FE4ECFCCB53: changes role from      null to FOLLOWER at term 0 for startAsFollower
2019-09-12 06:39:15,370 [pool-57-thread-1] INFO  impl.RoleInfo (RoleInfo.java:updateAndGet(143)) - e1cdc330-b298-4f7e-9f8c-e697349a5e69: start FollowerState
2019-09-12 06:39:15,371 [pool-57-thread-1] INFO  util.JmxRegister (JmxRegister.java:tryRegister(44)) - Successfully registered JMX Bean with object name Ratis:service=RaftServer,group=group-8FE4ECFCCB53,id=e1cdc330-b298-4f7e-9f8c-e697349a5e69
2019-09-12 06:39:15,385 [RatisPipelineUtilsThread] INFO  pipeline.PipelineStateManager (PipelineStateManager.java:addPipeline(56)) - Created pipeline Pipeline[ Id: cc200e1a-7227-4245-bd78-8fe4ecfccb53, Nodes: e1cdc330-b298-4f7e-9f8c-e697349a5e69{ip: 192.168.34.52, host: trunk-nightly-20190912-4gc2t-2068889165, networkLocation: /default-rack, certSerialId: null}, Type:RATIS, Factor:ONE, State:OPEN]
2019-09-12 06:39:15,407 [grpc-default-executor-0] INFO  impl.RaftServerProxy (RaftServerProxy.java:addNew(89)) - 9d685984-4448-42b4-b390-543822753f3a: addNew group-BA9862F295CA:[9d685984-4448-42b4-b390-543822753f3a:192.168.34.52:35205] returns group-BA9862F295CA:java.util.concurrent.CompletableFuture@23167083[Not completed]
2019-09-12 06:39:15,413 [pool-97-thread-1] INFO  impl.RaftServerImpl (RaftServerImpl.java:<init>(95)) - 9d685984-4448-42b4-b390-543822753f3a: new RaftServerImpl for group-BA9862F295CA:[9d685984-4448-42b4-b390-543822753f3a:192.168.34.52:35205] with ContainerStateMachine:uninitialized
2019-09-12 06:39:15,413 [pool-97-thread-1] INFO  server.RaftServerConfigKeys (ConfUtils.java:logGet(43)) - raft.server.rpc.timeout.min = 1s (custom)
2019-09-12 06:39:15,413 [pool-97-thread-1] INFO  server.RaftServerConfigKeys (ConfUtils.java:logGet(43)) - raft.server.rpc.timeout.max = 1200ms (custom)
2019-09-12 06:39:15,413 [pool-97-thread-1] INFO  server.RaftServerConfigKeys (ConfUtils.java:logGet(43)) - raft.server.rpcslowness.timeout = 120s (custom)
2019-09-12 06:39:15,414 [pool-97-thread-1] INFO  server.RaftServerConfigKeys (ConfUtils.java:logGet(43)) - raft.server.sleep.deviation.threshold = 300 (default)
2019-09-12 06:39:15,414 [pool-97-thread-1] INFO  server.RaftServerConfigKeys (ConfUtils.java:logGet(43)) - raft.server.log.appender.install.snapshot.enabled = false (custom)
2019-09-12 06:39:15,414 [pool-97-thread-1] INFO  impl.RaftServerImpl (ServerState.java:<init>(103)) - 9d685984-4448-42b4-b390-543822753f3a@group-BA9862F295CA: ConfigurationManager, init=-1: [9d685984-4448-42b4-b390-543822753f3a:192.168.34.52:35205], old=null, confs=<EMPTY_MAP>
2019-09-12 06:39:15,414 [pool-97-thread-1] INFO  server.RaftServerConfigKeys (ConfUtils.java:logGet(43)) - raft.server.storage.dir = [/workdir/hadoop-ozone/integration-test/target/test-dir/MiniOzoneClusterImpl-37405de7-47da-4aca-9355-033741c24d37/datanode-7/data/ratis] (custom)
2019-09-12 06:39:15,415 [pool-97-thread-1] INFO  storage.RaftStorageDirectory (RaftStorageDirectory.java:analyzeStorage(246)) - The storage directory /workdir/hadoop-ozone/integration-test/target/test-dir/MiniOzoneClusterImpl-37405de7-47da-4aca-9355-033741c24d37/datanode-7/data/ratis/4e2f8f7f-cd47-4dc4-a580-ba9862f295ca does not exist. Creating ...
2019-09-12 06:39:15,429 [pool-97-thread-1] INFO  storage.RaftStorageDirectory (RaftStorageDirectory.java:tryLock(328)) - Lock on /workdir/hadoop-ozone/integration-test/target/test-dir/MiniOzoneClusterImpl-37405de7-47da-4aca-9355-033741c24d37/datanode-7/data/ratis/4e2f8f7f-cd47-4dc4-a580-ba9862f295ca/in_use.lock acquired by nodename 11046@trunk-nightly-20190912-4gc2t-2068889165
2019-09-12 06:39:15,443 [pool-97-thread-1] INFO  storage.RaftStorage (RaftStorage.java:format(72)) - Storage directory /workdir/hadoop-ozone/integration-test/target/test-dir/MiniOzoneClusterImpl-37405de7-47da-4aca-9355-033741c24d37/datanode-7/data/ratis/4e2f8f7f-cd47-4dc4-a580-ba9862f295ca has been successfully formatted.
2019-09-12 06:39:15,444 [pool-97-thread-1] INFO  ratis.ContainerStateMachine (ContainerStateMachine.java:loadSnapshot(230)) - group-BA9862F295CA: The snapshot info is null. Setting the last applied indexto:(t:0, i:~)
2019-09-12 06:39:15,444 [pool-97-thread-1] INFO  server.RaftServerConfigKeys (ConfUtils.java:logGet(43)) - raft.server.notification.no-leader.timeout = 120s (custom)
2019-09-12 06:39:15,444 [pool-97-thread-1] INFO  server.RaftServerConfigKeys (ConfUtils.java:logGet(43)) - raft.server.log.use.memory = false (default)
2019-09-12 06:39:15,444 [pool-97-thread-1] INFO  server.RaftServerConfigKeys (ConfUtils.java:logGet(43)) - raft.server.log.purge.gap = 1000000 (custom)
2019-09-12 06:39:15,444 [pool-97-thread-1] INFO  server.RaftServerConfigKeys (ConfUtils.java:logGet(43)) - raft.server.log.appender.buffer.byte-limit = 33554432 (custom)
2019-09-12 06:39:15,444 [pool-97-thread-1] INFO  server.RaftServerConfigKeys (ConfUtils.java:logGet(43)) - raft.server.log.segment.size.max = 1048576 (custom)
2019-09-12 06:39:15,445 [pool-97-thread-1] INFO  server.RaftServerConfigKeys (ConfUtils.java:logGet(43)) - raft.server.log.segment.cache.num.max = 2 (custom)
2019-09-12 06:39:15,445 [pool-97-thread-1] INFO  segmented.SegmentedRaftLogWorker (SegmentedRaftLogWorker.java:<init>(172)) - new 9d685984-4448-42b4-b390-543822753f3a@group-BA9862F295CA-SegmentedRaftLogWorker for RaftStorage:Storage Directory /workdir/hadoop-ozone/integration-test/target/test-dir/MiniOzoneClusterImpl-37405de7-47da-4aca-9355-033741c24d37/datanode-7/data/ratis/4e2f8f7f-cd47-4dc4-a580-ba9862f295ca
2019-09-12 06:39:15,448 [pool-97-thread-1] INFO  server.RaftServerConfigKeys (ConfUtils.java:logGet(43)) - raft.server.log.queue.byte-limit = 2147483647 (custom)
2019-09-12 06:39:15,448 [pool-97-thread-1] INFO  server.RaftServerConfigKeys (ConfUtils.java:logGet(43)) - raft.server.log.queue.element-limit = 1024 (custom)
2019-09-12 06:39:15,448 [pool-97-thread-1] INFO  server.RaftServerConfigKeys (ConfUtils.java:logGet(43)) - raft.server.log.segment.size.max = 1048576 (custom)
2019-09-12 06:39:15,448 [pool-97-thread-1] INFO  server.RaftServerConfigKeys (ConfUtils.java:logGet(43)) - raft.server.log.preallocated.size = 16384 (custom)
2019-09-12 06:39:15,449 [pool-97-thread-1] INFO  server.RaftServerConfigKeys (ConfUtils.java:logGet(43)) - raft.server.log.write.buffer.size = 33554432 (custom)
2019-09-12 06:39:15,449 [pool-97-thread-1] INFO  server.RaftServerConfigKeys (ConfUtils.java:logGet(43)) - raft.server.log.force.sync.num = 128 (default)
2019-09-12 06:39:15,449 [pool-97-thread-1] INFO  server.RaftServerConfigKeys (ConfUtils.java:logGet(43)) - raft.server.log.statemachine.data.sync = true (default)
2019-09-12 06:39:15,449 [pool-97-thread-1] INFO  server.RaftServerConfigKeys (ConfUtils.java:logGet(43)) - raft.server.log.statemachine.data.sync.timeout = 10s (default)
2019-09-12 06:39:15,449 [pool-97-thread-1] INFO  server.RaftServerConfigKeys (ConfUtils.java:logGet(43)) - raft.server.log.statemachine.data.sync.timeout.retry = -1 (default)
2019-09-12 06:39:15,449 [pool-97-thread-1] INFO  server.RaftServerConfigKeys (ConfUtils.java:logGet(43)) - raft.server.log.statemachine.data.caching.enabled = true (custom)
2019-09-12 06:39:15,450 [pool-97-thread-1] INFO  segmented.SegmentedRaftLogWorker (SegmentedRaftLogWorker.java:lambda$new$0(132)) - 9d685984-4448-42b4-b390-543822753f3a@group-BA9862F295CA-SegmentedRaftLogWorker: flushIndex: setUnconditionally 0 -> -1
2019-09-12 06:39:15,450 [pool-97-thread-1] INFO  server.RaftServerConfigKeys (ConfUtils.java:logGet(43)) - raft.server.snapshot.auto.trigger.enabled = true (custom)
2019-09-12 06:39:15,450 [pool-97-thread-1] INFO  server.RaftServerConfigKeys (ConfUtils.java:logGet(43)) - raft.server.snapshot.auto.trigger.threshold = 10000 (custom)
2019-09-12 06:39:15,450 [pool-97-thread-1] INFO  server.RaftServerConfigKeys (ConfUtils.java:logGet(43)) - raft.server.snapshot.retention.num.files = -1 (default)
2019-09-12 06:39:15,450 [pool-97-thread-1] INFO  server.RaftServerConfigKeys (ConfUtils.java:logGet(43)) - raft.server.retrycache.expirytime = 600000ms (custom)
2019-09-12 06:39:15,453 [pool-97-thread-1] INFO  impl.RaftServerImpl (RaftServerImpl.java:start(185)) - 9d685984-4448-42b4-b390-543822753f3a@group-BA9862F295CA: start as a follower, conf=-1: [9d685984-4448-42b4-b390-543822753f3a:192.168.34.52:35205], old=null
2019-09-12 06:39:15,454 [pool-97-thread-1] INFO  impl.RaftServerImpl (RaftServerImpl.java:setRole(174)) - 9d685984-4448-42b4-b390-543822753f3a@group-BA9862F295CA: changes role from      null to FOLLOWER at term 0 for startAsFollower
2019-09-12 06:39:15,454 [pool-97-thread-1] INFO  impl.RoleInfo (RoleInfo.java:updateAndGet(143)) - 9d685984-4448-42b4-b390-543822753f3a: start FollowerState
2019-09-12 06:39:15,454 [pool-97-thread-1] INFO  util.JmxRegister (JmxRegister.java:tryRegister(44)) - Successfully registered JMX Bean with object name Ratis:service=RaftServer,group=group-BA9862F295CA,id=9d685984-4448-42b4-b390-543822753f3a
2019-09-12 06:39:15,479 [RatisPipelineUtilsThread] INFO  pipeline.PipelineStateManager (PipelineStateManager.java:addPipeline(56)) - Created pipeline Pipeline[ Id: 4e2f8f7f-cd47-4dc4-a580-ba9862f295ca, Nodes: 9d685984-4448-42b4-b390-543822753f3a{ip: 192.168.34.52, host: trunk-nightly-20190912-4gc2t-2068889165, networkLocation: /default-rack, certSerialId: null}, Type:RATIS, Factor:ONE, State:OPEN]
2019-09-12 06:39:15,500 [grpc-default-executor-1] INFO  impl.RaftServerProxy (RaftServerProxy.java:addNew(89)) - e48d04e8-2c1f-410d-8bfb-5a732d356112: addNew group-9736B014CBA9:[e48d04e8-2c1f-410d-8bfb-5a732d356112:192.168.34.52:38245] returns group-9736B014CBA9:java.util.concurrent.CompletableFuture@5b5dc956[Not completed]
2019-09-12 06:39:15,506 [pool-87-thread-1] INFO  impl.RaftServerImpl (RaftServerImpl.java:<init>(95)) - e48d04e8-2c1f-410d-8bfb-5a732d356112: new RaftServerImpl for group-9736B014CBA9:[e48d04e8-2c1f-410d-8bfb-5a732d356112:192.168.34.52:38245] with ContainerStateMachine:uninitialized
2019-09-12 06:39:15,506 [pool-87-thread-1] INFO  server.RaftServerConfigKeys (ConfUtils.java:logGet(43)) - raft.server.rpc.timeout.min = 1s (custom)
2019-09-12 06:39:15,507 [pool-87-thread-1] INFO  server.RaftServerConfigKeys (ConfUtils.java:logGet(43)) - raft.server.rpc.timeout.max = 1200ms (custom)
2019-09-12 06:39:15,507 [pool-87-thread-1] INFO  server.RaftServerConfigKeys (ConfUtils.java:logGet(43)) - raft.server.rpcslowness.timeout = 120s (custom)
2019-09-12 06:39:15,507 [pool-87-thread-1] INFO  server.RaftServerConfigKeys (ConfUtils.java:logGet(43)) - raft.server.sleep.deviation.threshold = 300 (default)
2019-09-12 06:39:15,507 [pool-87-thread-1] INFO  server.RaftServerConfigKeys (ConfUtils.java:logGet(43)) - raft.server.log.appender.install.snapshot.enabled = false (custom)
2019-09-12 06:39:15,507 [pool-87-thread-1] INFO  impl.RaftServerImpl (ServerState.java:<init>(103)) - e48d04e8-2c1f-410d-8bfb-5a732d356112@group-9736B014CBA9: ConfigurationManager, init=-1: [e48d04e8-2c1f-410d-8bfb-5a732d356112:192.168.34.52:38245], old=null, confs=<EMPTY_MAP>
2019-09-12 06:39:15,508 [pool-87-thread-1] INFO  server.RaftServerConfigKeys (ConfUtils.java:logGet(43)) - raft.server.storage.dir = [/workdir/hadoop-ozone/integration-test/target/test-dir/MiniOzoneClusterImpl-37405de7-47da-4aca-9355-033741c24d37/datanode-6/data/ratis] (custom)
2019-09-12 06:39:15,508 [pool-87-thread-1] INFO  storage.RaftStorageDirectory (RaftStorageDirectory.java:analyzeStorage(246)) - The storage directory /workdir/hadoop-ozone/integration-test/target/test-dir/MiniOzoneClusterImpl-37405de7-47da-4aca-9355-033741c24d37/datanode-6/data/ratis/12aaf6ea-2b8e-4a58-94b0-9736b014cba9 does not exist. Creating ...
2019-09-12 06:39:15,521 [pool-87-thread-1] INFO  storage.RaftStorageDirectory (RaftStorageDirectory.java:tryLock(328)) - Lock on /workdir/hadoop-ozone/integration-test/target/test-dir/MiniOzoneClusterImpl-37405de7-47da-4aca-9355-033741c24d37/datanode-6/data/ratis/12aaf6ea-2b8e-4a58-94b0-9736b014cba9/in_use.lock acquired by nodename 11046@trunk-nightly-20190912-4gc2t-2068889165
2019-09-12 06:39:15,534 [pool-87-thread-1] INFO  storage.RaftStorage (RaftStorage.java:format(72)) - Storage directory /workdir/hadoop-ozone/integration-test/target/test-dir/MiniOzoneClusterImpl-37405de7-47da-4aca-9355-033741c24d37/datanode-6/data/ratis/12aaf6ea-2b8e-4a58-94b0-9736b014cba9 has been successfully formatted.
2019-09-12 06:39:15,535 [pool-87-thread-1] INFO  ratis.ContainerStateMachine (ContainerStateMachine.java:loadSnapshot(230)) - group-9736B014CBA9: The snapshot info is null. Setting the last applied indexto:(t:0, i:~)
2019-09-12 06:39:15,535 [pool-87-thread-1] INFO  server.RaftServerConfigKeys (ConfUtils.java:logGet(43)) - raft.server.notification.no-leader.timeout = 120s (custom)
2019-09-12 06:39:15,535 [pool-87-thread-1] INFO  server.RaftServerConfigKeys (ConfUtils.java:logGet(43)) - raft.server.log.use.memory = false (default)
2019-09-12 06:39:15,535 [pool-87-thread-1] INFO  server.RaftServerConfigKeys (ConfUtils.java:logGet(43)) - raft.server.log.purge.gap = 1000000 (custom)
2019-09-12 06:39:15,535 [pool-87-thread-1] INFO  server.RaftServerConfigKeys (ConfUtils.java:logGet(43)) - raft.server.log.appender.buffer.byte-limit = 33554432 (custom)
2019-09-12 06:39:15,536 [pool-87-thread-1] INFO  server.RaftServerConfigKeys (ConfUtils.java:logGet(43)) - raft.server.log.segment.size.max = 1048576 (custom)
2019-09-12 06:39:15,536 [pool-87-thread-1] INFO  server.RaftServerConfigKeys (ConfUtils.java:logGet(43)) - raft.server.log.segment.cache.num.max = 2 (custom)
2019-09-12 06:39:15,536 [pool-87-thread-1] INFO  segmented.SegmentedRaftLogWorker (SegmentedRaftLogWorker.java:<init>(172)) - new e48d04e8-2c1f-410d-8bfb-5a732d356112@group-9736B014CBA9-SegmentedRaftLogWorker for RaftStorage:Storage Directory /workdir/hadoop-ozone/integration-test/target/test-dir/MiniOzoneClusterImpl-37405de7-47da-4aca-9355-033741c24d37/datanode-6/data/ratis/12aaf6ea-2b8e-4a58-94b0-9736b014cba9
2019-09-12 06:39:15,540 [pool-87-thread-1] INFO  server.RaftServerConfigKeys (ConfUtils.java:logGet(43)) - raft.server.log.queue.byte-limit = 2147483647 (custom)
2019-09-12 06:39:15,541 [pool-87-thread-1] INFO  server.RaftServerConfigKeys (ConfUtils.java:logGet(43)) - raft.server.log.queue.element-limit = 1024 (custom)
2019-09-12 06:39:15,541 [pool-87-thread-1] INFO  server.RaftServerConfigKeys (ConfUtils.java:logGet(43)) - raft.server.log.segment.size.max = 1048576 (custom)
2019-09-12 06:39:15,541 [pool-87-thread-1] INFO  server.RaftServerConfigKeys (ConfUtils.java:logGet(43)) - raft.server.log.preallocated.size = 16384 (custom)
2019-09-12 06:39:15,541 [pool-87-thread-1] INFO  server.RaftServerConfigKeys (ConfUtils.java:logGet(43)) - raft.server.log.write.buffer.size = 33554432 (custom)
2019-09-12 06:39:15,541 [pool-87-thread-1] INFO  server.RaftServerConfigKeys (ConfUtils.java:logGet(43)) - raft.server.log.force.sync.num = 128 (default)
2019-09-12 06:39:15,541 [pool-87-thread-1] INFO  server.RaftServerConfigKeys (ConfUtils.java:logGet(43)) - raft.server.log.statemachine.data.sync = true (default)
2019-09-12 06:39:15,542 [pool-87-thread-1] INFO  server.RaftServerConfigKeys (ConfUtils.java:logGet(43)) - raft.server.log.statemachine.data.sync.timeout = 10s (default)
2019-09-12 06:39:15,542 [pool-87-thread-1] INFO  server.RaftServerConfigKeys (ConfUtils.java:logGet(43)) - raft.server.log.statemachine.data.sync.timeout.retry = -1 (default)
2019-09-12 06:39:15,542 [pool-87-thread-1] INFO  server.RaftServerConfigKeys (ConfUtils.java:logGet(43)) - raft.server.log.statemachine.data.caching.enabled = true (custom)
2019-09-12 06:39:15,542 [pool-87-thread-1] INFO  segmented.SegmentedRaftLogWorker (SegmentedRaftLogWorker.java:lambda$new$0(132)) - e48d04e8-2c1f-410d-8bfb-5a732d356112@group-9736B014CBA9-SegmentedRaftLogWorker: flushIndex: setUnconditionally 0 -> -1
2019-09-12 06:39:15,543 [pool-87-thread-1] INFO  server.RaftServerConfigKeys (ConfUtils.java:logGet(43)) - raft.server.snapshot.auto.trigger.enabled = true (custom)
2019-09-12 06:39:15,543 [pool-87-thread-1] INFO  server.RaftServerConfigKeys (ConfUtils.java:logGet(43)) - raft.server.snapshot.auto.trigger.threshold = 10000 (custom)
2019-09-12 06:39:15,543 [pool-87-thread-1] INFO  server.RaftServerConfigKeys (ConfUtils.java:logGet(43)) - raft.server.snapshot.retention.num.files = -1 (default)
2019-09-12 06:39:15,543 [pool-87-thread-1] INFO  server.RaftServerConfigKeys (ConfUtils.java:logGet(43)) - raft.server.retrycache.expirytime = 600000ms (custom)
2019-09-12 06:39:15,548 [pool-87-thread-1] INFO  impl.RaftServerImpl (RaftServerImpl.java:start(185)) - e48d04e8-2c1f-410d-8bfb-5a732d356112@group-9736B014CBA9: start as a follower, conf=-1: [e48d04e8-2c1f-410d-8bfb-5a732d356112:192.168.34.52:38245], old=null
2019-09-12 06:39:15,548 [pool-87-thread-1] INFO  impl.RaftServerImpl (RaftServerImpl.java:setRole(174)) - e48d04e8-2c1f-410d-8bfb-5a732d356112@group-9736B014CBA9: changes role from      null to FOLLOWER at term 0 for startAsFollower
2019-09-12 06:39:15,548 [pool-87-thread-1] INFO  impl.RoleInfo (RoleInfo.java:updateAndGet(143)) - e48d04e8-2c1f-410d-8bfb-5a732d356112: start FollowerState
2019-09-12 06:39:15,549 [pool-87-thread-1] INFO  util.JmxRegister (JmxRegister.java:tryRegister(44)) - Successfully registered JMX Bean with object name Ratis:service=RaftServer,group=group-9736B014CBA9,id=e48d04e8-2c1f-410d-8bfb-5a732d356112
2019-09-12 06:39:15,562 [RatisPipelineUtilsThread] INFO  pipeline.PipelineStateManager (PipelineStateManager.java:addPipeline(56)) - Created pipeline Pipeline[ Id: 12aaf6ea-2b8e-4a58-94b0-9736b014cba9, Nodes: e48d04e8-2c1f-410d-8bfb-5a732d356112{ip: 192.168.34.52, host: trunk-nightly-20190912-4gc2t-2068889165, networkLocation: /default-rack, certSerialId: null}, Type:RATIS, Factor:ONE, State:OPEN]
2019-09-12 06:39:15,583 [grpc-default-executor-1] INFO  impl.RaftServerProxy (RaftServerProxy.java:addNew(89)) - 760f3a61-bfa2-4d4e-85d8-817950efb624: addNew group-942E54ADB06C:[760f3a61-bfa2-4d4e-85d8-817950efb624:192.168.34.52:44136] returns group-942E54ADB06C:java.util.concurrent.CompletableFuture@1e923321[Not completed]
2019-09-12 06:39:15,589 [pool-107-thread-1] INFO  impl.RaftServerImpl (RaftServerImpl.java:<init>(95)) - 760f3a61-bfa2-4d4e-85d8-817950efb624: new RaftServerImpl for group-942E54ADB06C:[760f3a61-bfa2-4d4e-85d8-817950efb624:192.168.34.52:44136] with ContainerStateMachine:uninitialized
2019-09-12 06:39:15,589 [pool-107-thread-1] INFO  server.RaftServerConfigKeys (ConfUtils.java:logGet(43)) - raft.server.rpc.timeout.min = 1s (custom)
2019-09-12 06:39:15,589 [pool-107-thread-1] INFO  server.RaftServerConfigKeys (ConfUtils.java:logGet(43)) - raft.server.rpc.timeout.max = 1200ms (custom)
2019-09-12 06:39:15,589 [pool-107-thread-1] INFO  server.RaftServerConfigKeys (ConfUtils.java:logGet(43)) - raft.server.rpcslowness.timeout = 120s (custom)
2019-09-12 06:39:15,589 [pool-107-thread-1] INFO  server.RaftServerConfigKeys (ConfUtils.java:logGet(43)) - raft.server.sleep.deviation.threshold = 300 (default)
2019-09-12 06:39:15,590 [pool-107-thread-1] INFO  server.RaftServerConfigKeys (ConfUtils.java:logGet(43)) - raft.server.log.appender.install.snapshot.enabled = false (custom)
2019-09-12 06:39:15,590 [pool-107-thread-1] INFO  impl.RaftServerImpl (ServerState.java:<init>(103)) - 760f3a61-bfa2-4d4e-85d8-817950efb624@group-942E54ADB06C: ConfigurationManager, init=-1: [760f3a61-bfa2-4d4e-85d8-817950efb624:192.168.34.52:44136], old=null, confs=<EMPTY_MAP>
2019-09-12 06:39:15,590 [pool-107-thread-1] INFO  server.RaftServerConfigKeys (ConfUtils.java:logGet(43)) - raft.server.storage.dir = [/workdir/hadoop-ozone/integration-test/target/test-dir/MiniOzoneClusterImpl-37405de7-47da-4aca-9355-033741c24d37/datanode-8/data/ratis] (custom)
2019-09-12 06:39:15,590 [pool-107-thread-1] INFO  storage.RaftStorageDirectory (RaftStorageDirectory.java:analyzeStorage(246)) - The storage directory /workdir/hadoop-ozone/integration-test/target/test-dir/MiniOzoneClusterImpl-37405de7-47da-4aca-9355-033741c24d37/datanode-8/data/ratis/9f4e1179-6700-417b-97cd-942e54adb06c does not exist. Creating ...
2019-09-12 06:39:15,603 [pool-107-thread-1] INFO  storage.RaftStorageDirectory (RaftStorageDirectory.java:tryLock(328)) - Lock on /workdir/hadoop-ozone/integration-test/target/test-dir/MiniOzoneClusterImpl-37405de7-47da-4aca-9355-033741c24d37/datanode-8/data/ratis/9f4e1179-6700-417b-97cd-942e54adb06c/in_use.lock acquired by nodename 11046@trunk-nightly-20190912-4gc2t-2068889165
2019-09-12 06:39:15,624 [pool-107-thread-1] INFO  storage.RaftStorage (RaftStorage.java:format(72)) - Storage directory /workdir/hadoop-ozone/integration-test/target/test-dir/MiniOzoneClusterImpl-37405de7-47da-4aca-9355-033741c24d37/datanode-8/data/ratis/9f4e1179-6700-417b-97cd-942e54adb06c has been successfully formatted.
2019-09-12 06:39:15,624 [pool-107-thread-1] INFO  ratis.ContainerStateMachine (ContainerStateMachine.java:loadSnapshot(230)) - group-942E54ADB06C: The snapshot info is null. Setting the last applied indexto:(t:0, i:~)
2019-09-12 06:39:15,624 [pool-107-thread-1] INFO  server.RaftServerConfigKeys (ConfUtils.java:logGet(43)) - raft.server.notification.no-leader.timeout = 120s (custom)
2019-09-12 06:39:15,624 [pool-107-thread-1] INFO  server.RaftServerConfigKeys (ConfUtils.java:logGet(43)) - raft.server.log.use.memory = false (default)
2019-09-12 06:39:15,625 [pool-107-thread-1] INFO  server.RaftServerConfigKeys (ConfUtils.java:logGet(43)) - raft.server.log.purge.gap = 1000000 (custom)
2019-09-12 06:39:15,625 [pool-107-thread-1] INFO  server.RaftServerConfigKeys (ConfUtils.java:logGet(43)) - raft.server.log.appender.buffer.byte-limit = 33554432 (custom)
2019-09-12 06:39:15,625 [pool-107-thread-1] INFO  server.RaftServerConfigKeys (ConfUtils.java:logGet(43)) - raft.server.log.segment.size.max = 1048576 (custom)
2019-09-12 06:39:15,625 [pool-107-thread-1] INFO  server.RaftServerConfigKeys (ConfUtils.java:logGet(43)) - raft.server.log.segment.cache.num.max = 2 (custom)
2019-09-12 06:39:15,625 [pool-107-thread-1] INFO  segmented.SegmentedRaftLogWorker (SegmentedRaftLogWorker.java:<init>(172)) - new 760f3a61-bfa2-4d4e-85d8-817950efb624@group-942E54ADB06C-SegmentedRaftLogWorker for RaftStorage:Storage Directory /workdir/hadoop-ozone/integration-test/target/test-dir/MiniOzoneClusterImpl-37405de7-47da-4aca-9355-033741c24d37/datanode-8/data/ratis/9f4e1179-6700-417b-97cd-942e54adb06c
2019-09-12 06:39:15,628 [pool-107-thread-1] INFO  server.RaftServerConfigKeys (ConfUtils.java:logGet(43)) - raft.server.log.queue.byte-limit = 2147483647 (custom)
2019-09-12 06:39:15,628 [pool-107-thread-1] INFO  server.RaftServerConfigKeys (ConfUtils.java:logGet(43)) - raft.server.log.queue.element-limit = 1024 (custom)
2019-09-12 06:39:15,628 [pool-107-thread-1] INFO  server.RaftServerConfigKeys (ConfUtils.java:logGet(43)) - raft.server.log.segment.size.max = 1048576 (custom)
2019-09-12 06:39:15,628 [pool-107-thread-1] INFO  server.RaftServerConfigKeys (ConfUtils.java:logGet(43)) - raft.server.log.preallocated.size = 16384 (custom)
2019-09-12 06:39:15,628 [pool-107-thread-1] INFO  server.RaftServerConfigKeys (ConfUtils.java:logGet(43)) - raft.server.log.write.buffer.size = 33554432 (custom)
2019-09-12 06:39:15,628 [pool-107-thread-1] INFO  server.RaftServerConfigKeys (ConfUtils.java:logGet(43)) - raft.server.log.force.sync.num = 128 (default)
2019-09-12 06:39:15,628 [pool-107-thread-1] INFO  server.RaftServerConfigKeys (ConfUtils.java:logGet(43)) - raft.server.log.statemachine.data.sync = true (default)
2019-09-12 06:39:15,629 [pool-107-thread-1] INFO  server.RaftServerConfigKeys (ConfUtils.java:logGet(43)) - raft.server.log.statemachine.data.sync.timeout = 10s (default)
2019-09-12 06:39:15,629 [pool-107-thread-1] INFO  server.RaftServerConfigKeys (ConfUtils.java:logGet(43)) - raft.server.log.statemachine.data.sync.timeout.retry = -1 (default)
2019-09-12 06:39:15,629 [pool-107-thread-1] INFO  server.RaftServerConfigKeys (ConfUtils.java:logGet(43)) - raft.server.log.statemachine.data.caching.enabled = true (custom)
2019-09-12 06:39:15,629 [pool-107-thread-1] INFO  segmented.SegmentedRaftLogWorker (SegmentedRaftLogWorker.java:lambda$new$0(132)) - 760f3a61-bfa2-4d4e-85d8-817950efb624@group-942E54ADB06C-SegmentedRaftLogWorker: flushIndex: setUnconditionally 0 -> -1
2019-09-12 06:39:15,629 [pool-107-thread-1] INFO  server.RaftServerConfigKeys (ConfUtils.java:logGet(43)) - raft.server.snapshot.auto.trigger.enabled = true (custom)
2019-09-12 06:39:15,630 [pool-107-thread-1] INFO  server.RaftServerConfigKeys (ConfUtils.java:logGet(43)) - raft.server.snapshot.auto.trigger.threshold = 10000 (custom)
2019-09-12 06:39:15,630 [pool-107-thread-1] INFO  server.RaftServerConfigKeys (ConfUtils.java:logGet(43)) - raft.server.snapshot.retention.num.files = -1 (default)
2019-09-12 06:39:15,630 [pool-107-thread-1] INFO  server.RaftServerConfigKeys (ConfUtils.java:logGet(43)) - raft.server.retrycache.expirytime = 600000ms (custom)
2019-09-12 06:39:15,632 [pool-107-thread-1] INFO  impl.RaftServerImpl (RaftServerImpl.java:start(185)) - 760f3a61-bfa2-4d4e-85d8-817950efb624@group-942E54ADB06C: start as a follower, conf=-1: [760f3a61-bfa2-4d4e-85d8-817950efb624:192.168.34.52:44136], old=null
2019-09-12 06:39:15,632 [pool-107-thread-1] INFO  impl.RaftServerImpl (RaftServerImpl.java:setRole(174)) - 760f3a61-bfa2-4d4e-85d8-817950efb624@group-942E54ADB06C: changes role from      null to FOLLOWER at term 0 for startAsFollower
2019-09-12 06:39:15,633 [pool-107-thread-1] INFO  impl.RoleInfo (RoleInfo.java:updateAndGet(143)) - 760f3a61-bfa2-4d4e-85d8-817950efb624: start FollowerState
2019-09-12 06:39:15,633 [pool-107-thread-1] INFO  util.JmxRegister (JmxRegister.java:tryRegister(44)) - Successfully registered JMX Bean with object name Ratis:service=RaftServer,group=group-942E54ADB06C,id=760f3a61-bfa2-4d4e-85d8-817950efb624
2019-09-12 06:39:15,649 [RatisPipelineUtilsThread] INFO  pipeline.PipelineStateManager (PipelineStateManager.java:addPipeline(56)) - Created pipeline Pipeline[ Id: 9f4e1179-6700-417b-97cd-942e54adb06c, Nodes: 760f3a61-bfa2-4d4e-85d8-817950efb624{ip: 192.168.34.52, host: trunk-nightly-20190912-4gc2t-2068889165, networkLocation: /default-rack, certSerialId: null}, Type:RATIS, Factor:ONE, State:OPEN]
2019-09-12 06:39:15,671 [grpc-default-executor-1] INFO  impl.RaftServerProxy (RaftServerProxy.java:addNew(89)) - 24c53ee4-03df-424b-8e99-1fd221f7be60: addNew group-33659DE75C71:[24c53ee4-03df-424b-8e99-1fd221f7be60:192.168.34.52:44173] returns group-33659DE75C71:java.util.concurrent.CompletableFuture@7a4f3c22[Not completed]
2019-09-12 06:39:15,680 [pool-117-thread-1] INFO  impl.RaftServerImpl (RaftServerImpl.java:<init>(95)) - 24c53ee4-03df-424b-8e99-1fd221f7be60: new RaftServerImpl for group-33659DE75C71:[24c53ee4-03df-424b-8e99-1fd221f7be60:192.168.34.52:44173] with ContainerStateMachine:uninitialized
2019-09-12 06:39:15,680 [pool-117-thread-1] INFO  server.RaftServerConfigKeys (ConfUtils.java:logGet(43)) - raft.server.rpc.timeout.min = 1s (custom)
2019-09-12 06:39:15,681 [pool-117-thread-1] INFO  server.RaftServerConfigKeys (ConfUtils.java:logGet(43)) - raft.server.rpc.timeout.max = 1200ms (custom)
2019-09-12 06:39:15,681 [pool-117-thread-1] INFO  server.RaftServerConfigKeys (ConfUtils.java:logGet(43)) - raft.server.rpcslowness.timeout = 120s (custom)
2019-09-12 06:39:15,681 [pool-117-thread-1] INFO  server.RaftServerConfigKeys (ConfUtils.java:logGet(43)) - raft.server.sleep.deviation.threshold = 300 (default)
2019-09-12 06:39:15,681 [pool-117-thread-1] INFO  server.RaftServerConfigKeys (ConfUtils.java:logGet(43)) - raft.server.log.appender.install.snapshot.enabled = false (custom)
2019-09-12 06:39:15,681 [pool-117-thread-1] INFO  impl.RaftServerImpl (ServerState.java:<init>(103)) - 24c53ee4-03df-424b-8e99-1fd221f7be60@group-33659DE75C71: ConfigurationManager, init=-1: [24c53ee4-03df-424b-8e99-1fd221f7be60:192.168.34.52:44173], old=null, confs=<EMPTY_MAP>
2019-09-12 06:39:15,682 [pool-117-thread-1] INFO  server.RaftServerConfigKeys (ConfUtils.java:logGet(43)) - raft.server.storage.dir = [/workdir/hadoop-ozone/integration-test/target/test-dir/MiniOzoneClusterImpl-37405de7-47da-4aca-9355-033741c24d37/datanode-9/data/ratis] (custom)
2019-09-12 06:39:15,682 [pool-117-thread-1] INFO  storage.RaftStorageDirectory (RaftStorageDirectory.java:analyzeStorage(246)) - The storage directory /workdir/hadoop-ozone/integration-test/target/test-dir/MiniOzoneClusterImpl-37405de7-47da-4aca-9355-033741c24d37/datanode-9/data/ratis/35305c04-9a14-4345-9917-33659de75c71 does not exist. Creating ...
2019-09-12 06:39:15,696 [pool-117-thread-1] INFO  storage.RaftStorageDirectory (RaftStorageDirectory.java:tryLock(328)) - Lock on /workdir/hadoop-ozone/integration-test/target/test-dir/MiniOzoneClusterImpl-37405de7-47da-4aca-9355-033741c24d37/datanode-9/data/ratis/35305c04-9a14-4345-9917-33659de75c71/in_use.lock acquired by nodename 11046@trunk-nightly-20190912-4gc2t-2068889165
2019-09-12 06:39:15,709 [pool-117-thread-1] INFO  storage.RaftStorage (RaftStorage.java:format(72)) - Storage directory /workdir/hadoop-ozone/integration-test/target/test-dir/MiniOzoneClusterImpl-37405de7-47da-4aca-9355-033741c24d37/datanode-9/data/ratis/35305c04-9a14-4345-9917-33659de75c71 has been successfully formatted.
2019-09-12 06:39:15,709 [pool-117-thread-1] INFO  ratis.ContainerStateMachine (ContainerStateMachine.java:loadSnapshot(230)) - group-33659DE75C71: The snapshot info is null. Setting the last applied indexto:(t:0, i:~)
2019-09-12 06:39:15,710 [pool-117-thread-1] INFO  server.RaftServerConfigKeys (ConfUtils.java:logGet(43)) - raft.server.notification.no-leader.timeout = 120s (custom)
2019-09-12 06:39:15,710 [pool-117-thread-1] INFO  server.RaftServerConfigKeys (ConfUtils.java:logGet(43)) - raft.server.log.use.memory = false (default)
2019-09-12 06:39:15,710 [pool-117-thread-1] INFO  server.RaftServerConfigKeys (ConfUtils.java:logGet(43)) - raft.server.log.purge.gap = 1000000 (custom)
2019-09-12 06:39:15,710 [pool-117-thread-1] INFO  server.RaftServerConfigKeys (ConfUtils.java:logGet(43)) - raft.server.log.appender.buffer.byte-limit = 33554432 (custom)
2019-09-12 06:39:15,710 [pool-117-thread-1] INFO  server.RaftServerConfigKeys (ConfUtils.java:logGet(43)) - raft.server.log.segment.size.max = 1048576 (custom)
2019-09-12 06:39:15,711 [pool-117-thread-1] INFO  server.RaftServerConfigKeys (ConfUtils.java:logGet(43)) - raft.server.log.segment.cache.num.max = 2 (custom)
2019-09-12 06:39:15,711 [pool-117-thread-1] INFO  segmented.SegmentedRaftLogWorker (SegmentedRaftLogWorker.java:<init>(172)) - new 24c53ee4-03df-424b-8e99-1fd221f7be60@group-33659DE75C71-SegmentedRaftLogWorker for RaftStorage:Storage Directory /workdir/hadoop-ozone/integration-test/target/test-dir/MiniOzoneClusterImpl-37405de7-47da-4aca-9355-033741c24d37/datanode-9/data/ratis/35305c04-9a14-4345-9917-33659de75c71
2019-09-12 06:39:15,714 [pool-117-thread-1] INFO  server.RaftServerConfigKeys (ConfUtils.java:logGet(43)) - raft.server.log.queue.byte-limit = 2147483647 (custom)
2019-09-12 06:39:15,715 [pool-117-thread-1] INFO  server.RaftServerConfigKeys (ConfUtils.java:logGet(43)) - raft.server.log.queue.element-limit = 1024 (custom)
2019-09-12 06:39:15,715 [pool-117-thread-1] INFO  server.RaftServerConfigKeys (ConfUtils.java:logGet(43)) - raft.server.log.segment.size.max = 1048576 (custom)
2019-09-12 06:39:15,715 [pool-117-thread-1] INFO  server.RaftServerConfigKeys (ConfUtils.java:logGet(43)) - raft.server.log.preallocated.size = 16384 (custom)
2019-09-12 06:39:15,715 [pool-117-thread-1] INFO  server.RaftServerConfigKeys (ConfUtils.java:logGet(43)) - raft.server.log.write.buffer.size = 33554432 (custom)
2019-09-12 06:39:15,715 [pool-117-thread-1] INFO  server.RaftServerConfigKeys (ConfUtils.java:logGet(43)) - raft.server.log.force.sync.num = 128 (default)
2019-09-12 06:39:15,716 [pool-117-thread-1] INFO  server.RaftServerConfigKeys (ConfUtils.java:logGet(43)) - raft.server.log.statemachine.data.sync = true (default)
2019-09-12 06:39:15,716 [pool-117-thread-1] INFO  server.RaftServerConfigKeys (ConfUtils.java:logGet(43)) - raft.server.log.statemachine.data.sync.timeout = 10s (default)
2019-09-12 06:39:15,716 [pool-117-thread-1] INFO  server.RaftServerConfigKeys (ConfUtils.java:logGet(43)) - raft.server.log.statemachine.data.sync.timeout.retry = -1 (default)
2019-09-12 06:39:15,716 [pool-117-thread-1] INFO  server.RaftServerConfigKeys (ConfUtils.java:logGet(43)) - raft.server.log.statemachine.data.caching.enabled = true (custom)
2019-09-12 06:39:15,717 [pool-117-thread-1] INFO  segmented.SegmentedRaftLogWorker (SegmentedRaftLogWorker.java:lambda$new$0(132)) - 24c53ee4-03df-424b-8e99-1fd221f7be60@group-33659DE75C71-SegmentedRaftLogWorker: flushIndex: setUnconditionally 0 -> -1
2019-09-12 06:39:15,717 [pool-117-thread-1] INFO  server.RaftServerConfigKeys (ConfUtils.java:logGet(43)) - raft.server.snapshot.auto.trigger.enabled = true (custom)
2019-09-12 06:39:15,717 [pool-117-thread-1] INFO  server.RaftServerConfigKeys (ConfUtils.java:logGet(43)) - raft.server.snapshot.auto.trigger.threshold = 10000 (custom)
2019-09-12 06:39:15,717 [pool-117-thread-1] INFO  server.RaftServerConfigKeys (ConfUtils.java:logGet(43)) - raft.server.snapshot.retention.num.files = -1 (default)
2019-09-12 06:39:15,717 [pool-117-thread-1] INFO  server.RaftServerConfigKeys (ConfUtils.java:logGet(43)) - raft.server.retrycache.expirytime = 600000ms (custom)
2019-09-12 06:39:15,721 [pool-117-thread-1] INFO  impl.RaftServerImpl (RaftServerImpl.java:start(185)) - 24c53ee4-03df-424b-8e99-1fd221f7be60@group-33659DE75C71: start as a follower, conf=-1: [24c53ee4-03df-424b-8e99-1fd221f7be60:192.168.34.52:44173], old=null
2019-09-12 06:39:15,721 [pool-117-thread-1] INFO  impl.RaftServerImpl (RaftServerImpl.java:setRole(174)) - 24c53ee4-03df-424b-8e99-1fd221f7be60@group-33659DE75C71: changes role from      null to FOLLOWER at term 0 for startAsFollower
2019-09-12 06:39:15,721 [pool-117-thread-1] INFO  impl.RoleInfo (RoleInfo.java:updateAndGet(143)) - 24c53ee4-03df-424b-8e99-1fd221f7be60: start FollowerState
2019-09-12 06:39:15,721 [pool-117-thread-1] INFO  util.JmxRegister (JmxRegister.java:tryRegister(44)) - Successfully registered JMX Bean with object name Ratis:service=RaftServer,group=group-33659DE75C71,id=24c53ee4-03df-424b-8e99-1fd221f7be60
2019-09-12 06:39:15,743 [RatisPipelineUtilsThread] INFO  pipeline.PipelineStateManager (PipelineStateManager.java:addPipeline(56)) - Created pipeline Pipeline[ Id: 35305c04-9a14-4345-9917-33659de75c71, Nodes: 24c53ee4-03df-424b-8e99-1fd221f7be60{ip: 192.168.34.52, host: trunk-nightly-20190912-4gc2t-2068889165, networkLocation: /default-rack, certSerialId: null}, Type:RATIS, Factor:ONE, State:OPEN]
2019-09-12 06:39:15,771 [grpc-default-executor-1] INFO  impl.RaftServerProxy (RaftServerProxy.java:addNew(89)) - d503967e-137a-4fd9-bc45-44203e981a69: addNew group-C39041EE6A6F:[d503967e-137a-4fd9-bc45-44203e981a69:192.168.34.52:46648] returns group-C39041EE6A6F:java.util.concurrent.CompletableFuture@7dacbf67[Not completed]
2019-09-12 06:39:15,777 [pool-47-thread-1] INFO  impl.RaftServerImpl (RaftServerImpl.java:<init>(95)) - d503967e-137a-4fd9-bc45-44203e981a69: new RaftServerImpl for group-C39041EE6A6F:[d503967e-137a-4fd9-bc45-44203e981a69:192.168.34.52:46648] with ContainerStateMachine:uninitialized
2019-09-12 06:39:15,777 [pool-47-thread-1] INFO  server.RaftServerConfigKeys (ConfUtils.java:logGet(43)) - raft.server.rpc.timeout.min = 1s (custom)
2019-09-12 06:39:15,777 [pool-47-thread-1] INFO  server.RaftServerConfigKeys (ConfUtils.java:logGet(43)) - raft.server.rpc.timeout.max = 1200ms (custom)
2019-09-12 06:39:15,777 [pool-47-thread-1] INFO  server.RaftServerConfigKeys (ConfUtils.java:logGet(43)) - raft.server.rpcslowness.timeout = 120s (custom)
2019-09-12 06:39:15,777 [pool-47-thread-1] INFO  server.RaftServerConfigKeys (ConfUtils.java:logGet(43)) - raft.server.sleep.deviation.threshold = 300 (default)
2019-09-12 06:39:15,778 [pool-47-thread-1] INFO  server.RaftServerConfigKeys (ConfUtils.java:logGet(43)) - raft.server.log.appender.install.snapshot.enabled = false (custom)
2019-09-12 06:39:15,778 [pool-47-thread-1] INFO  impl.RaftServerImpl (ServerState.java:<init>(103)) - d503967e-137a-4fd9-bc45-44203e981a69@group-C39041EE6A6F: ConfigurationManager, init=-1: [d503967e-137a-4fd9-bc45-44203e981a69:192.168.34.52:46648], old=null, confs=<EMPTY_MAP>
2019-09-12 06:39:15,778 [pool-47-thread-1] INFO  server.RaftServerConfigKeys (ConfUtils.java:logGet(43)) - raft.server.storage.dir = [/workdir/hadoop-ozone/integration-test/target/test-dir/MiniOzoneClusterImpl-37405de7-47da-4aca-9355-033741c24d37/datanode-2/data/ratis] (custom)
2019-09-12 06:39:15,779 [pool-47-thread-1] INFO  storage.RaftStorageDirectory (RaftStorageDirectory.java:analyzeStorage(246)) - The storage directory /workdir/hadoop-ozone/integration-test/target/test-dir/MiniOzoneClusterImpl-37405de7-47da-4aca-9355-033741c24d37/datanode-2/data/ratis/a324997f-2c17-417b-98c4-c39041ee6a6f does not exist. Creating ...
2019-09-12 06:39:15,803 [pool-47-thread-1] INFO  storage.RaftStorageDirectory (RaftStorageDirectory.java:tryLock(328)) - Lock on /workdir/hadoop-ozone/integration-test/target/test-dir/MiniOzoneClusterImpl-37405de7-47da-4aca-9355-033741c24d37/datanode-2/data/ratis/a324997f-2c17-417b-98c4-c39041ee6a6f/in_use.lock acquired by nodename 11046@trunk-nightly-20190912-4gc2t-2068889165
2019-09-12 06:39:15,816 [pool-47-thread-1] INFO  storage.RaftStorage (RaftStorage.java:format(72)) - Storage directory /workdir/hadoop-ozone/integration-test/target/test-dir/MiniOzoneClusterImpl-37405de7-47da-4aca-9355-033741c24d37/datanode-2/data/ratis/a324997f-2c17-417b-98c4-c39041ee6a6f has been successfully formatted.
2019-09-12 06:39:15,816 [pool-47-thread-1] INFO  ratis.ContainerStateMachine (ContainerStateMachine.java:loadSnapshot(230)) - group-C39041EE6A6F: The snapshot info is null. Setting the last applied indexto:(t:0, i:~)
2019-09-12 06:39:15,817 [pool-47-thread-1] INFO  server.RaftServerConfigKeys (ConfUtils.java:logGet(43)) - raft.server.notification.no-leader.timeout = 120s (custom)
2019-09-12 06:39:15,817 [pool-47-thread-1] INFO  server.RaftServerConfigKeys (ConfUtils.java:logGet(43)) - raft.server.log.use.memory = false (default)
2019-09-12 06:39:15,817 [pool-47-thread-1] INFO  server.RaftServerConfigKeys (ConfUtils.java:logGet(43)) - raft.server.log.purge.gap = 1000000 (custom)
2019-09-12 06:39:15,817 [pool-47-thread-1] INFO  server.RaftServerConfigKeys (ConfUtils.java:logGet(43)) - raft.server.log.appender.buffer.byte-limit = 33554432 (custom)
2019-09-12 06:39:15,817 [pool-47-thread-1] INFO  server.RaftServerConfigKeys (ConfUtils.java:logGet(43)) - raft.server.log.segment.size.max = 1048576 (custom)
2019-09-12 06:39:15,818 [pool-47-thread-1] INFO  server.RaftServerConfigKeys (ConfUtils.java:logGet(43)) - raft.server.log.segment.cache.num.max = 2 (custom)
2019-09-12 06:39:15,818 [pool-47-thread-1] INFO  segmented.SegmentedRaftLogWorker (SegmentedRaftLogWorker.java:<init>(172)) - new d503967e-137a-4fd9-bc45-44203e981a69@group-C39041EE6A6F-SegmentedRaftLogWorker for RaftStorage:Storage Directory /workdir/hadoop-ozone/integration-test/target/test-dir/MiniOzoneClusterImpl-37405de7-47da-4aca-9355-033741c24d37/datanode-2/data/ratis/a324997f-2c17-417b-98c4-c39041ee6a6f
2019-09-12 06:39:15,821 [pool-47-thread-1] INFO  server.RaftServerConfigKeys (ConfUtils.java:logGet(43)) - raft.server.log.queue.byte-limit = 2147483647 (custom)
2019-09-12 06:39:15,822 [pool-47-thread-1] INFO  server.RaftServerConfigKeys (ConfUtils.java:logGet(43)) - raft.server.log.queue.element-limit = 1024 (custom)
2019-09-12 06:39:15,822 [pool-47-thread-1] INFO  server.RaftServerConfigKeys (ConfUtils.java:logGet(43)) - raft.server.log.segment.size.max = 1048576 (custom)
2019-09-12 06:39:15,822 [pool-47-thread-1] INFO  server.RaftServerConfigKeys (ConfUtils.java:logGet(43)) - raft.server.log.preallocated.size = 16384 (custom)
2019-09-12 06:39:15,822 [pool-47-thread-1] INFO  server.RaftServerConfigKeys (ConfUtils.java:logGet(43)) - raft.server.log.write.buffer.size = 33554432 (custom)
2019-09-12 06:39:15,822 [pool-47-thread-1] INFO  server.RaftServerConfigKeys (ConfUtils.java:logGet(43)) - raft.server.log.force.sync.num = 128 (default)
2019-09-12 06:39:15,822 [pool-47-thread-1] INFO  server.RaftServerConfigKeys (ConfUtils.java:logGet(43)) - raft.server.log.statemachine.data.sync = true (default)
2019-09-12 06:39:15,823 [pool-47-thread-1] INFO  server.RaftServerConfigKeys (ConfUtils.java:logGet(43)) - raft.server.log.statemachine.data.sync.timeout = 10s (default)
2019-09-12 06:39:15,823 [pool-47-thread-1] INFO  server.RaftServerConfigKeys (ConfUtils.java:logGet(43)) - raft.server.log.statemachine.data.sync.timeout.retry = -1 (default)
2019-09-12 06:39:15,823 [pool-47-thread-1] INFO  server.RaftServerConfigKeys (ConfUtils.java:logGet(43)) - raft.server.log.statemachine.data.caching.enabled = true (custom)
2019-09-12 06:39:15,823 [pool-47-thread-1] INFO  segmented.SegmentedRaftLogWorker (SegmentedRaftLogWorker.java:lambda$new$0(132)) - d503967e-137a-4fd9-bc45-44203e981a69@group-C39041EE6A6F-SegmentedRaftLogWorker: flushIndex: setUnconditionally 0 -> -1
2019-09-12 06:39:15,824 [pool-47-thread-1] INFO  server.RaftServerConfigKeys (ConfUtils.java:logGet(43)) - raft.server.snapshot.auto.trigger.enabled = true (custom)
2019-09-12 06:39:15,824 [pool-47-thread-1] INFO  server.RaftServerConfigKeys (ConfUtils.java:logGet(43)) - raft.server.snapshot.auto.trigger.threshold = 10000 (custom)
2019-09-12 06:39:15,824 [pool-47-thread-1] INFO  server.RaftServerConfigKeys (ConfUtils.java:logGet(43)) - raft.server.snapshot.retention.num.files = -1 (default)
2019-09-12 06:39:15,824 [pool-47-thread-1] INFO  server.RaftServerConfigKeys (ConfUtils.java:logGet(43)) - raft.server.retrycache.expirytime = 600000ms (custom)
2019-09-12 06:39:15,828 [pool-47-thread-1] INFO  impl.RaftServerImpl (RaftServerImpl.java:start(185)) - d503967e-137a-4fd9-bc45-44203e981a69@group-C39041EE6A6F: start as a follower, conf=-1: [d503967e-137a-4fd9-bc45-44203e981a69:192.168.34.52:46648], old=null
2019-09-12 06:39:15,828 [pool-47-thread-1] INFO  impl.RaftServerImpl (RaftServerImpl.java:setRole(174)) - d503967e-137a-4fd9-bc45-44203e981a69@group-C39041EE6A6F: changes role from      null to FOLLOWER at term 0 for startAsFollower
2019-09-12 06:39:15,828 [pool-47-thread-1] INFO  impl.RoleInfo (RoleInfo.java:updateAndGet(143)) - d503967e-137a-4fd9-bc45-44203e981a69: start FollowerState
2019-09-12 06:39:15,893 [pool-47-thread-1] INFO  util.JmxRegister (JmxRegister.java:tryRegister(44)) - Successfully registered JMX Bean with object name Ratis:service=RaftServer,group=group-C39041EE6A6F,id=d503967e-137a-4fd9-bc45-44203e981a69
2019-09-12 06:39:15,893 [main] INFO  ozone.MiniOzoneClusterImpl (MiniOzoneClusterImpl.java:lambda$waitForClusterToBeReady$0(140)) - Cluster is ready. Got 10 of 10 DN Heartbeats.
2019-09-12 06:39:15,929 [RatisPipelineUtilsThread] INFO  pipeline.PipelineStateManager (PipelineStateManager.java:addPipeline(56)) - Created pipeline Pipeline[ Id: a324997f-2c17-417b-98c4-c39041ee6a6f, Nodes: d503967e-137a-4fd9-bc45-44203e981a69{ip: 192.168.34.52, host: trunk-nightly-20190912-4gc2t-2068889165, networkLocation: /default-rack, certSerialId: null}, Type:RATIS, Factor:ONE, State:OPEN]
2019-09-12 06:39:15,996 [grpc-default-executor-1] INFO  impl.RaftServerProxy (RaftServerProxy.java:addNew(89)) - 3ae969e4-2e35-40bf-9e0e-95acae9da5a5: addNew group-D98DF6F48314:[3ae969e4-2e35-40bf-9e0e-95acae9da5a5:192.168.34.52:34023] returns group-D98DF6F48314:java.util.concurrent.CompletableFuture@280ed096[Not completed]
2019-09-12 06:39:16,007 [pool-37-thread-1] INFO  impl.RaftServerImpl (RaftServerImpl.java:<init>(95)) - 3ae969e4-2e35-40bf-9e0e-95acae9da5a5: new RaftServerImpl for group-D98DF6F48314:[3ae969e4-2e35-40bf-9e0e-95acae9da5a5:192.168.34.52:34023] with ContainerStateMachine:uninitialized
2019-09-12 06:39:16,008 [pool-37-thread-1] INFO  server.RaftServerConfigKeys (ConfUtils.java:logGet(43)) - raft.server.rpc.timeout.min = 1s (custom)
2019-09-12 06:39:16,008 [pool-37-thread-1] INFO  server.RaftServerConfigKeys (ConfUtils.java:logGet(43)) - raft.server.rpc.timeout.max = 1200ms (custom)
2019-09-12 06:39:16,008 [pool-37-thread-1] INFO  server.RaftServerConfigKeys (ConfUtils.java:logGet(43)) - raft.server.rpcslowness.timeout = 120s (custom)
2019-09-12 06:39:16,008 [pool-37-thread-1] INFO  server.RaftServerConfigKeys (ConfUtils.java:logGet(43)) - raft.server.sleep.deviation.threshold = 300 (default)
2019-09-12 06:39:16,008 [pool-37-thread-1] INFO  server.RaftServerConfigKeys (ConfUtils.java:logGet(43)) - raft.server.log.appender.install.snapshot.enabled = false (custom)
2019-09-12 06:39:16,008 [pool-37-thread-1] INFO  impl.RaftServerImpl (ServerState.java:<init>(103)) - 3ae969e4-2e35-40bf-9e0e-95acae9da5a5@group-D98DF6F48314: ConfigurationManager, init=-1: [3ae969e4-2e35-40bf-9e0e-95acae9da5a5:192.168.34.52:34023], old=null, confs=<EMPTY_MAP>
2019-09-12 06:39:16,009 [pool-37-thread-1] INFO  server.RaftServerConfigKeys (ConfUtils.java:logGet(43)) - raft.server.storage.dir = [/workdir/hadoop-ozone/integration-test/target/test-dir/MiniOzoneClusterImpl-37405de7-47da-4aca-9355-033741c24d37/datanode-1/data/ratis] (custom)
2019-09-12 06:39:16,009 [pool-37-thread-1] INFO  storage.RaftStorageDirectory (RaftStorageDirectory.java:analyzeStorage(246)) - The storage directory /workdir/hadoop-ozone/integration-test/target/test-dir/MiniOzoneClusterImpl-37405de7-47da-4aca-9355-033741c24d37/datanode-1/data/ratis/e689bb71-0493-49a1-80d2-d98df6f48314 does not exist. Creating ...
2019-09-12 06:39:16,023 [pool-37-thread-1] INFO  storage.RaftStorageDirectory (RaftStorageDirectory.java:tryLock(328)) - Lock on /workdir/hadoop-ozone/integration-test/target/test-dir/MiniOzoneClusterImpl-37405de7-47da-4aca-9355-033741c24d37/datanode-1/data/ratis/e689bb71-0493-49a1-80d2-d98df6f48314/in_use.lock acquired by nodename 11046@trunk-nightly-20190912-4gc2t-2068889165
2019-09-12 06:39:16,037 [pool-37-thread-1] INFO  storage.RaftStorage (RaftStorage.java:format(72)) - Storage directory /workdir/hadoop-ozone/integration-test/target/test-dir/MiniOzoneClusterImpl-37405de7-47da-4aca-9355-033741c24d37/datanode-1/data/ratis/e689bb71-0493-49a1-80d2-d98df6f48314 has been successfully formatted.
2019-09-12 06:39:16,037 [pool-37-thread-1] INFO  ratis.ContainerStateMachine (ContainerStateMachine.java:loadSnapshot(230)) - group-D98DF6F48314: The snapshot info is null. Setting the last applied indexto:(t:0, i:~)
2019-09-12 06:39:16,040 [pool-37-thread-1] INFO  server.RaftServerConfigKeys (ConfUtils.java:logGet(43)) - raft.server.notification.no-leader.timeout = 120s (custom)
2019-09-12 06:39:16,040 [pool-37-thread-1] INFO  server.RaftServerConfigKeys (ConfUtils.java:logGet(43)) - raft.server.log.use.memory = false (default)
2019-09-12 06:39:16,040 [pool-37-thread-1] INFO  server.RaftServerConfigKeys (ConfUtils.java:logGet(43)) - raft.server.log.purge.gap = 1000000 (custom)
2019-09-12 06:39:16,040 [pool-37-thread-1] INFO  server.RaftServerConfigKeys (ConfUtils.java:logGet(43)) - raft.server.log.appender.buffer.byte-limit = 33554432 (custom)
2019-09-12 06:39:16,040 [pool-37-thread-1] INFO  server.RaftServerConfigKeys (ConfUtils.java:logGet(43)) - raft.server.log.segment.size.max = 1048576 (custom)
2019-09-12 06:39:16,041 [pool-37-thread-1] INFO  server.RaftServerConfigKeys (ConfUtils.java:logGet(43)) - raft.server.log.segment.cache.num.max = 2 (custom)
2019-09-12 06:39:16,041 [pool-37-thread-1] INFO  segmented.SegmentedRaftLogWorker (SegmentedRaftLogWorker.java:<init>(172)) - new 3ae969e4-2e35-40bf-9e0e-95acae9da5a5@group-D98DF6F48314-SegmentedRaftLogWorker for RaftStorage:Storage Directory /workdir/hadoop-ozone/integration-test/target/test-dir/MiniOzoneClusterImpl-37405de7-47da-4aca-9355-033741c24d37/datanode-1/data/ratis/e689bb71-0493-49a1-80d2-d98df6f48314
2019-09-12 06:39:16,043 [pool-37-thread-1] INFO  server.RaftServerConfigKeys (ConfUtils.java:logGet(43)) - raft.server.log.queue.byte-limit = 2147483647 (custom)
2019-09-12 06:39:16,043 [pool-37-thread-1] INFO  server.RaftServerConfigKeys (ConfUtils.java:logGet(43)) - raft.server.log.queue.element-limit = 1024 (custom)
2019-09-12 06:39:16,043 [pool-37-thread-1] INFO  server.RaftServerConfigKeys (ConfUtils.java:logGet(43)) - raft.server.log.segment.size.max = 1048576 (custom)
2019-09-12 06:39:16,043 [pool-37-thread-1] INFO  server.RaftServerConfigKeys (ConfUtils.java:logGet(43)) - raft.server.log.preallocated.size = 16384 (custom)
2019-09-12 06:39:16,044 [pool-37-thread-1] INFO  server.RaftServerConfigKeys (ConfUtils.java:logGet(43)) - raft.server.log.write.buffer.size = 33554432 (custom)
2019-09-12 06:39:16,044 [pool-37-thread-1] INFO  server.RaftServerConfigKeys (ConfUtils.java:logGet(43)) - raft.server.log.force.sync.num = 128 (default)
2019-09-12 06:39:16,044 [pool-37-thread-1] INFO  server.RaftServerConfigKeys (ConfUtils.java:logGet(43)) - raft.server.log.statemachine.data.sync = true (default)
2019-09-12 06:39:16,044 [pool-37-thread-1] INFO  server.RaftServerConfigKeys (ConfUtils.java:logGet(43)) - raft.server.log.statemachine.data.sync.timeout = 10s (default)
2019-09-12 06:39:16,044 [pool-37-thread-1] INFO  server.RaftServerConfigKeys (ConfUtils.java:logGet(43)) - raft.server.log.statemachine.data.sync.timeout.retry = -1 (default)
2019-09-12 06:39:16,046 [pool-37-thread-1] INFO  server.RaftServerConfigKeys (ConfUtils.java:logGet(43)) - raft.server.log.statemachine.data.caching.enabled = true (custom)
2019-09-12 06:39:16,047 [pool-37-thread-1] INFO  segmented.SegmentedRaftLogWorker (SegmentedRaftLogWorker.java:lambda$new$0(132)) - 3ae969e4-2e35-40bf-9e0e-95acae9da5a5@group-D98DF6F48314-SegmentedRaftLogWorker: flushIndex: setUnconditionally 0 -> -1
2019-09-12 06:39:16,047 [pool-37-thread-1] INFO  server.RaftServerConfigKeys (ConfUtils.java:logGet(43)) - raft.server.snapshot.auto.trigger.enabled = true (custom)
2019-09-12 06:39:16,047 [pool-37-thread-1] INFO  server.RaftServerConfigKeys (ConfUtils.java:logGet(43)) - raft.server.snapshot.auto.trigger.threshold = 10000 (custom)
2019-09-12 06:39:16,047 [pool-37-thread-1] INFO  server.RaftServerConfigKeys (ConfUtils.java:logGet(43)) - raft.server.snapshot.retention.num.files = -1 (default)
2019-09-12 06:39:16,047 [pool-37-thread-1] INFO  server.RaftServerConfigKeys (ConfUtils.java:logGet(43)) - raft.server.retrycache.expirytime = 600000ms (custom)
2019-09-12 06:39:16,049 [pool-37-thread-1] INFO  impl.RaftServerImpl (RaftServerImpl.java:start(185)) - 3ae969e4-2e35-40bf-9e0e-95acae9da5a5@group-D98DF6F48314: start as a follower, conf=-1: [3ae969e4-2e35-40bf-9e0e-95acae9da5a5:192.168.34.52:34023], old=null
2019-09-12 06:39:16,050 [pool-37-thread-1] INFO  impl.RaftServerImpl (RaftServerImpl.java:setRole(174)) - 3ae969e4-2e35-40bf-9e0e-95acae9da5a5@group-D98DF6F48314: changes role from      null to FOLLOWER at term 0 for startAsFollower
2019-09-12 06:39:16,050 [pool-37-thread-1] INFO  impl.RoleInfo (RoleInfo.java:updateAndGet(143)) - 3ae969e4-2e35-40bf-9e0e-95acae9da5a5: start FollowerState
2019-09-12 06:39:16,050 [pool-37-thread-1] INFO  util.JmxRegister (JmxRegister.java:tryRegister(44)) - Successfully registered JMX Bean with object name Ratis:service=RaftServer,group=group-D98DF6F48314,id=3ae969e4-2e35-40bf-9e0e-95acae9da5a5
2019-09-12 06:39:16,065 [RatisPipelineUtilsThread] INFO  pipeline.PipelineStateManager (PipelineStateManager.java:addPipeline(56)) - Created pipeline Pipeline[ Id: e689bb71-0493-49a1-80d2-d98df6f48314, Nodes: 3ae969e4-2e35-40bf-9e0e-95acae9da5a5{ip: 192.168.34.52, host: trunk-nightly-20190912-4gc2t-2068889165, networkLocation: /default-rack, certSerialId: null}, Type:RATIS, Factor:ONE, State:OPEN]
2019-09-12 06:39:16,096 [grpc-default-executor-1] INFO  impl.RaftServerProxy (RaftServerProxy.java:addNew(89)) - a2418947-6d3b-4038-833d-0b4f506c9c75: addNew group-DDC3329050F3:[a2418947-6d3b-4038-833d-0b4f506c9c75:192.168.34.52:32895] returns group-DDC3329050F3:java.util.concurrent.CompletableFuture@77dad325[Not completed]
2019-09-12 06:39:16,099 [pool-77-thread-1] INFO  impl.RaftServerImpl (RaftServerImpl.java:<init>(95)) - a2418947-6d3b-4038-833d-0b4f506c9c75: new RaftServerImpl for group-DDC3329050F3:[a2418947-6d3b-4038-833d-0b4f506c9c75:192.168.34.52:32895] with ContainerStateMachine:uninitialized
2019-09-12 06:39:16,099 [pool-77-thread-1] INFO  server.RaftServerConfigKeys (ConfUtils.java:logGet(43)) - raft.server.rpc.timeout.min = 1s (custom)
2019-09-12 06:39:16,099 [pool-77-thread-1] INFO  server.RaftServerConfigKeys (ConfUtils.java:logGet(43)) - raft.server.rpc.timeout.max = 1200ms (custom)
2019-09-12 06:39:16,099 [pool-77-thread-1] INFO  server.RaftServerConfigKeys (ConfUtils.java:logGet(43)) - raft.server.rpcslowness.timeout = 120s (custom)
2019-09-12 06:39:16,100 [pool-77-thread-1] INFO  server.RaftServerConfigKeys (ConfUtils.java:logGet(43)) - raft.server.sleep.deviation.threshold = 300 (default)
2019-09-12 06:39:16,100 [pool-77-thread-1] INFO  server.RaftServerConfigKeys (ConfUtils.java:logGet(43)) - raft.server.log.appender.install.snapshot.enabled = false (custom)
2019-09-12 06:39:16,100 [pool-77-thread-1] INFO  impl.RaftServerImpl (ServerState.java:<init>(103)) - a2418947-6d3b-4038-833d-0b4f506c9c75@group-DDC3329050F3: ConfigurationManager, init=-1: [a2418947-6d3b-4038-833d-0b4f506c9c75:192.168.34.52:32895], old=null, confs=<EMPTY_MAP>
2019-09-12 06:39:16,100 [pool-77-thread-1] INFO  server.RaftServerConfigKeys (ConfUtils.java:logGet(43)) - raft.server.storage.dir = [/workdir/hadoop-ozone/integration-test/target/test-dir/MiniOzoneClusterImpl-37405de7-47da-4aca-9355-033741c24d37/datanode-5/data/ratis] (custom)
2019-09-12 06:39:16,101 [pool-77-thread-1] INFO  storage.RaftStorageDirectory (RaftStorageDirectory.java:analyzeStorage(246)) - The storage directory /workdir/hadoop-ozone/integration-test/target/test-dir/MiniOzoneClusterImpl-37405de7-47da-4aca-9355-033741c24d37/datanode-5/data/ratis/23756322-e4d1-47bf-9f41-ddc3329050f3 does not exist. Creating ...
2019-09-12 06:39:16,113 [Thread-285] INFO  impl.FollowerState (FollowerState.java:run(106)) - 996a256c-fd43-494a-96f3-903b907c5248:group-74C3AED4701A changes to CANDIDATE, lastRpcTime:1188, electionTimeout:1188ms
2019-09-12 06:39:16,114 [pool-77-thread-1] INFO  storage.RaftStorageDirectory (RaftStorageDirectory.java:tryLock(328)) - Lock on /workdir/hadoop-ozone/integration-test/target/test-dir/MiniOzoneClusterImpl-37405de7-47da-4aca-9355-033741c24d37/datanode-5/data/ratis/23756322-e4d1-47bf-9f41-ddc3329050f3/in_use.lock acquired by nodename 11046@trunk-nightly-20190912-4gc2t-2068889165
2019-09-12 06:39:16,114 [Thread-285] INFO  impl.RoleInfo (RoleInfo.java:shutdownFollowerState(121)) - 996a256c-fd43-494a-96f3-903b907c5248: shutdown FollowerState
2019-09-12 06:39:16,115 [Thread-285] INFO  impl.RaftServerImpl (RaftServerImpl.java:setRole(174)) - 996a256c-fd43-494a-96f3-903b907c5248@group-74C3AED4701A: changes role from  FOLLOWER to CANDIDATE at term 0 for changeToCandidate
2019-09-12 06:39:16,122 [Thread-285] INFO  impl.RoleInfo (RoleInfo.java:updateAndGet(143)) - 996a256c-fd43-494a-96f3-903b907c5248: start LeaderElection
2019-09-12 06:39:16,127 [pool-77-thread-1] INFO  storage.RaftStorage (RaftStorage.java:format(72)) - Storage directory /workdir/hadoop-ozone/integration-test/target/test-dir/MiniOzoneClusterImpl-37405de7-47da-4aca-9355-033741c24d37/datanode-5/data/ratis/23756322-e4d1-47bf-9f41-ddc3329050f3 has been successfully formatted.
2019-09-12 06:39:16,129 [pool-77-thread-1] INFO  ratis.ContainerStateMachine (ContainerStateMachine.java:loadSnapshot(230)) - group-DDC3329050F3: The snapshot info is null. Setting the last applied indexto:(t:0, i:~)
2019-09-12 06:39:16,129 [pool-77-thread-1] INFO  server.RaftServerConfigKeys (ConfUtils.java:logGet(43)) - raft.server.notification.no-leader.timeout = 120s (custom)
2019-09-12 06:39:16,129 [pool-77-thread-1] INFO  server.RaftServerConfigKeys (ConfUtils.java:logGet(43)) - raft.server.log.use.memory = false (default)
2019-09-12 06:39:16,130 [pool-77-thread-1] INFO  server.RaftServerConfigKeys (ConfUtils.java:logGet(43)) - raft.server.log.purge.gap = 1000000 (custom)
2019-09-12 06:39:16,130 [pool-77-thread-1] INFO  server.RaftServerConfigKeys (ConfUtils.java:logGet(43)) - raft.server.log.appender.buffer.byte-limit = 33554432 (custom)
2019-09-12 06:39:16,130 [pool-77-thread-1] INFO  server.RaftServerConfigKeys (ConfUtils.java:logGet(43)) - raft.server.log.segment.size.max = 1048576 (custom)
2019-09-12 06:39:16,130 [pool-77-thread-1] INFO  server.RaftServerConfigKeys (ConfUtils.java:logGet(43)) - raft.server.log.segment.cache.num.max = 2 (custom)
2019-09-12 06:39:16,130 [pool-77-thread-1] INFO  segmented.SegmentedRaftLogWorker (SegmentedRaftLogWorker.java:<init>(172)) - new a2418947-6d3b-4038-833d-0b4f506c9c75@group-DDC3329050F3-SegmentedRaftLogWorker for RaftStorage:Storage Directory /workdir/hadoop-ozone/integration-test/target/test-dir/MiniOzoneClusterImpl-37405de7-47da-4aca-9355-033741c24d37/datanode-5/data/ratis/23756322-e4d1-47bf-9f41-ddc3329050f3
2019-09-12 06:39:16,135 [pool-77-thread-1] INFO  server.RaftServerConfigKeys (ConfUtils.java:logGet(43)) - raft.server.log.queue.byte-limit = 2147483647 (custom)
2019-09-12 06:39:16,136 [pool-77-thread-1] INFO  server.RaftServerConfigKeys (ConfUtils.java:logGet(43)) - raft.server.log.queue.element-limit = 1024 (custom)
2019-09-12 06:39:16,136 [pool-77-thread-1] INFO  server.RaftServerConfigKeys (ConfUtils.java:logGet(43)) - raft.server.log.segment.size.max = 1048576 (custom)
2019-09-12 06:39:16,136 [pool-77-thread-1] INFO  server.RaftServerConfigKeys (ConfUtils.java:logGet(43)) - raft.server.log.preallocated.size = 16384 (custom)
2019-09-12 06:39:16,136 [pool-77-thread-1] INFO  server.RaftServerConfigKeys (ConfUtils.java:logGet(43)) - raft.server.log.write.buffer.size = 33554432 (custom)
2019-09-12 06:39:16,136 [pool-77-thread-1] INFO  server.RaftServerConfigKeys (ConfUtils.java:logGet(43)) - raft.server.log.force.sync.num = 128 (default)
2019-09-12 06:39:16,137 [pool-77-thread-1] INFO  server.RaftServerConfigKeys (ConfUtils.java:logGet(43)) - raft.server.log.statemachine.data.sync = true (default)
2019-09-12 06:39:16,137 [pool-77-thread-1] INFO  server.RaftServerConfigKeys (ConfUtils.java:logGet(43)) - raft.server.log.statemachine.data.sync.timeout = 10s (default)
2019-09-12 06:39:16,137 [pool-77-thread-1] INFO  server.RaftServerConfigKeys (ConfUtils.java:logGet(43)) - raft.server.log.statemachine.data.sync.timeout.retry = -1 (default)
2019-09-12 06:39:16,137 [pool-77-thread-1] INFO  server.RaftServerConfigKeys (ConfUtils.java:logGet(43)) - raft.server.log.statemachine.data.caching.enabled = true (custom)
2019-09-12 06:39:16,138 [pool-77-thread-1] INFO  segmented.SegmentedRaftLogWorker (SegmentedRaftLogWorker.java:lambda$new$0(132)) - a2418947-6d3b-4038-833d-0b4f506c9c75@group-DDC3329050F3-SegmentedRaftLogWorker: flushIndex: setUnconditionally 0 -> -1
2019-09-12 06:39:16,138 [pool-77-thread-1] INFO  server.RaftServerConfigKeys (ConfUtils.java:logGet(43)) - raft.server.snapshot.auto.trigger.enabled = true (custom)
2019-09-12 06:39:16,138 [pool-77-thread-1] INFO  server.RaftServerConfigKeys (ConfUtils.java:logGet(43)) - raft.server.snapshot.auto.trigger.threshold = 10000 (custom)
2019-09-12 06:39:16,138 [pool-77-thread-1] INFO  server.RaftServerConfigKeys (ConfUtils.java:logGet(43)) - raft.server.snapshot.retention.num.files = -1 (default)
2019-09-12 06:39:16,138 [pool-77-thread-1] INFO  server.RaftServerConfigKeys (ConfUtils.java:logGet(43)) - raft.server.retrycache.expirytime = 600000ms (custom)
2019-09-12 06:39:16,141 [pool-77-thread-1] INFO  impl.RaftServerImpl (RaftServerImpl.java:start(185)) - a2418947-6d3b-4038-833d-0b4f506c9c75@group-DDC3329050F3: start as a follower, conf=-1: [a2418947-6d3b-4038-833d-0b4f506c9c75:192.168.34.52:32895], old=null
2019-09-12 06:39:16,141 [996a256c-fd43-494a-96f3-903b907c5248@group-74C3AED4701A:LeaderElection1] INFO  impl.LeaderElection (LeaderElection.java:askForVotes(182)) - 996a256c-fd43-494a-96f3-903b907c5248@group-74C3AED4701A:LeaderElection1: begin an election at term 1 for -1: [996a256c-fd43-494a-96f3-903b907c5248:192.168.34.52:43167], old=null
2019-09-12 06:39:16,142 [pool-77-thread-1] INFO  impl.RaftServerImpl (RaftServerImpl.java:setRole(174)) - a2418947-6d3b-4038-833d-0b4f506c9c75@group-DDC3329050F3: changes role from      null to FOLLOWER at term 0 for startAsFollower
2019-09-12 06:39:16,142 [pool-77-thread-1] INFO  impl.RoleInfo (RoleInfo.java:updateAndGet(143)) - a2418947-6d3b-4038-833d-0b4f506c9c75: start FollowerState
2019-09-12 06:39:16,142 [pool-77-thread-1] INFO  util.JmxRegister (JmxRegister.java:tryRegister(44)) - Successfully registered JMX Bean with object name Ratis:service=RaftServer,group=group-DDC3329050F3,id=a2418947-6d3b-4038-833d-0b4f506c9c75
2019-09-12 06:39:16,143 [996a256c-fd43-494a-96f3-903b907c5248@group-74C3AED4701A:LeaderElection1] INFO  impl.RoleInfo (RoleInfo.java:shutdownLeaderElection(134)) - 996a256c-fd43-494a-96f3-903b907c5248: shutdown LeaderElection
2019-09-12 06:39:16,144 [996a256c-fd43-494a-96f3-903b907c5248@group-74C3AED4701A:LeaderElection1] INFO  impl.RaftServerImpl (RaftServerImpl.java:setRole(174)) - 996a256c-fd43-494a-96f3-903b907c5248@group-74C3AED4701A: changes role from CANDIDATE to LEADER at term 1 for changeToLeader
2019-09-12 06:39:16,144 [996a256c-fd43-494a-96f3-903b907c5248@group-74C3AED4701A:LeaderElection1] INFO  impl.RaftServerImpl (ServerState.java:setLeader(253)) - 996a256c-fd43-494a-96f3-903b907c5248@group-74C3AED4701A: change Leader from null to 996a256c-fd43-494a-96f3-903b907c5248 at term 1 for becomeLeader, leader elected after 1349ms
2019-09-12 06:39:16,157 [RatisPipelineUtilsThread] INFO  pipeline.PipelineStateManager (PipelineStateManager.java:addPipeline(56)) - Created pipeline Pipeline[ Id: 23756322-e4d1-47bf-9f41-ddc3329050f3, Nodes: a2418947-6d3b-4038-833d-0b4f506c9c75{ip: 192.168.34.52, host: trunk-nightly-20190912-4gc2t-2068889165, networkLocation: /default-rack, certSerialId: null}, Type:RATIS, Factor:ONE, State:OPEN]
2019-09-12 06:39:16,158 [996a256c-fd43-494a-96f3-903b907c5248@group-74C3AED4701A:LeaderElection1] INFO  server.RaftServerConfigKeys (ConfUtils.java:logGet(43)) - raft.server.staging.catchup.gap = 1000 (default)
2019-09-12 06:39:16,158 [996a256c-fd43-494a-96f3-903b907c5248@group-74C3AED4701A:LeaderElection1] INFO  server.RaftServerConfigKeys (ConfUtils.java:logGet(43)) - raft.server.rpc.sleep.time = 25ms (default)
2019-09-12 06:39:16,163 [996a256c-fd43-494a-96f3-903b907c5248@group-74C3AED4701A:LeaderElection1] INFO  server.RaftServerConfigKeys (ConfUtils.java:logGet(43)) - raft.server.write.element-limit = 4096 (default)
2019-09-12 06:39:16,179 [996a256c-fd43-494a-96f3-903b907c5248@group-74C3AED4701A:LeaderElection1] INFO  server.RaftServerConfigKeys (ConfUtils.java:logGet(43)) - raft.server.watch.timeout = 10s (default)
2019-09-12 06:39:16,179 [996a256c-fd43-494a-96f3-903b907c5248@group-74C3AED4701A:LeaderElection1] INFO  server.RaftServerConfigKeys (ConfUtils.java:logGet(43)) - raft.server.watch.timeout.denomination = 1s (default)
2019-09-12 06:39:16,183 [996a256c-fd43-494a-96f3-903b907c5248@group-74C3AED4701A:LeaderElection1] INFO  server.RaftServerConfigKeys (ConfUtils.java:logGet(43)) - raft.server.watch.element-limit = 65536 (default)
2019-09-12 06:39:16,187 [grpc-default-executor-2] INFO  impl.RaftServerProxy (RaftServerProxy.java:addNew(89)) - 996a256c-fd43-494a-96f3-903b907c5248: addNew group-C5E42DFE1AE1:[996a256c-fd43-494a-96f3-903b907c5248:192.168.34.52:43167, 5ecf13a7-acad-498a-ad7b-6f285dbc97e2:192.168.34.52:41223, e1cdc330-b298-4f7e-9f8c-e697349a5e69:192.168.34.52:34054] returns group-C5E42DFE1AE1:java.util.concurrent.CompletableFuture@5d02fbc7[Not completed]
2019-09-12 06:39:16,188 [grpc-default-executor-1] INFO  impl.RaftServerProxy (RaftServerProxy.java:addNew(89)) - 5ecf13a7-acad-498a-ad7b-6f285dbc97e2: addNew group-C5E42DFE1AE1:[996a256c-fd43-494a-96f3-903b907c5248:192.168.34.52:43167, 5ecf13a7-acad-498a-ad7b-6f285dbc97e2:192.168.34.52:41223, e1cdc330-b298-4f7e-9f8c-e697349a5e69:192.168.34.52:34054] returns group-C5E42DFE1AE1:java.util.concurrent.CompletableFuture@58073bd7[Not completed]
2019-09-12 06:39:16,195 [grpc-default-executor-1] INFO  impl.RaftServerProxy (RaftServerProxy.java:addNew(89)) - e1cdc330-b298-4f7e-9f8c-e697349a5e69: addNew group-C5E42DFE1AE1:[996a256c-fd43-494a-96f3-903b907c5248:192.168.34.52:43167, 5ecf13a7-acad-498a-ad7b-6f285dbc97e2:192.168.34.52:41223, e1cdc330-b298-4f7e-9f8c-e697349a5e69:192.168.34.52:34054] returns group-C5E42DFE1AE1:java.util.concurrent.CompletableFuture@79658809[Not completed]
2019-09-12 06:39:16,196 [pool-67-thread-1] INFO  impl.RaftServerImpl (RaftServerImpl.java:<init>(95)) - 5ecf13a7-acad-498a-ad7b-6f285dbc97e2: new RaftServerImpl for group-C5E42DFE1AE1:[996a256c-fd43-494a-96f3-903b907c5248:192.168.34.52:43167, 5ecf13a7-acad-498a-ad7b-6f285dbc97e2:192.168.34.52:41223, e1cdc330-b298-4f7e-9f8c-e697349a5e69:192.168.34.52:34054] with ContainerStateMachine:uninitialized
2019-09-12 06:39:16,196 [pool-67-thread-1] INFO  server.RaftServerConfigKeys (ConfUtils.java:logGet(43)) - raft.server.rpc.timeout.min = 1s (custom)
2019-09-12 06:39:16,196 [pool-67-thread-1] INFO  server.RaftServerConfigKeys (ConfUtils.java:logGet(43)) - raft.server.rpc.timeout.max = 1200ms (custom)
2019-09-12 06:39:16,196 [pool-67-thread-1] INFO  server.RaftServerConfigKeys (ConfUtils.java:logGet(43)) - raft.server.rpcslowness.timeout = 120s (custom)
2019-09-12 06:39:16,196 [pool-67-thread-1] INFO  server.RaftServerConfigKeys (ConfUtils.java:logGet(43)) - raft.server.sleep.deviation.threshold = 300 (default)
2019-09-12 06:39:16,196 [pool-67-thread-1] INFO  server.RaftServerConfigKeys (ConfUtils.java:logGet(43)) - raft.server.log.appender.install.snapshot.enabled = false (custom)
2019-09-12 06:39:16,197 [pool-67-thread-1] INFO  impl.RaftServerImpl (ServerState.java:<init>(103)) - 5ecf13a7-acad-498a-ad7b-6f285dbc97e2@group-C5E42DFE1AE1: ConfigurationManager, init=-1: [996a256c-fd43-494a-96f3-903b907c5248:192.168.34.52:43167, 5ecf13a7-acad-498a-ad7b-6f285dbc97e2:192.168.34.52:41223, e1cdc330-b298-4f7e-9f8c-e697349a5e69:192.168.34.52:34054], old=null, confs=<EMPTY_MAP>
2019-09-12 06:39:16,197 [pool-57-thread-1] INFO  impl.RaftServerImpl (RaftServerImpl.java:<init>(95)) - e1cdc330-b298-4f7e-9f8c-e697349a5e69: new RaftServerImpl for group-C5E42DFE1AE1:[996a256c-fd43-494a-96f3-903b907c5248:192.168.34.52:43167, 5ecf13a7-acad-498a-ad7b-6f285dbc97e2:192.168.34.52:41223, e1cdc330-b298-4f7e-9f8c-e697349a5e69:192.168.34.52:34054] with ContainerStateMachine:uninitialized
2019-09-12 06:39:16,197 [pool-67-thread-1] INFO  server.RaftServerConfigKeys (ConfUtils.java:logGet(43)) - raft.server.storage.dir = [/workdir/hadoop-ozone/integration-test/target/test-dir/MiniOzoneClusterImpl-37405de7-47da-4aca-9355-033741c24d37/datanode-4/data/ratis] (custom)
2019-09-12 06:39:16,197 [pool-57-thread-1] INFO  server.RaftServerConfigKeys (ConfUtils.java:logGet(43)) - raft.server.rpc.timeout.min = 1s (custom)
2019-09-12 06:39:16,197 [pool-57-thread-1] INFO  server.RaftServerConfigKeys (ConfUtils.java:logGet(43)) - raft.server.rpc.timeout.max = 1200ms (custom)
2019-09-12 06:39:16,197 [pool-67-thread-1] INFO  storage.RaftStorageDirectory (RaftStorageDirectory.java:analyzeStorage(246)) - The storage directory /workdir/hadoop-ozone/integration-test/target/test-dir/MiniOzoneClusterImpl-37405de7-47da-4aca-9355-033741c24d37/datanode-4/data/ratis/6e0c92e2-c840-41d7-8bdb-c5e42dfe1ae1 does not exist. Creating ...
2019-09-12 06:39:16,197 [pool-57-thread-1] INFO  server.RaftServerConfigKeys (ConfUtils.java:logGet(43)) - raft.server.rpcslowness.timeout = 120s (custom)
2019-09-12 06:39:16,197 [pool-27-thread-1] INFO  impl.RaftServerImpl (RaftServerImpl.java:<init>(95)) - 996a256c-fd43-494a-96f3-903b907c5248: new RaftServerImpl for group-C5E42DFE1AE1:[996a256c-fd43-494a-96f3-903b907c5248:192.168.34.52:43167, 5ecf13a7-acad-498a-ad7b-6f285dbc97e2:192.168.34.52:41223, e1cdc330-b298-4f7e-9f8c-e697349a5e69:192.168.34.52:34054] with ContainerStateMachine:uninitialized
2019-09-12 06:39:16,197 [pool-57-thread-1] INFO  server.RaftServerConfigKeys (ConfUtils.java:logGet(43)) - raft.server.sleep.deviation.threshold = 300 (default)
2019-09-12 06:39:16,198 [pool-27-thread-1] INFO  server.RaftServerConfigKeys (ConfUtils.java:logGet(43)) - raft.server.rpc.timeout.min = 1s (custom)
2019-09-12 06:39:16,198 [pool-57-thread-1] INFO  server.RaftServerConfigKeys (ConfUtils.java:logGet(43)) - raft.server.log.appender.install.snapshot.enabled = false (custom)
2019-09-12 06:39:16,198 [pool-27-thread-1] INFO  server.RaftServerConfigKeys (ConfUtils.java:logGet(43)) - raft.server.rpc.timeout.max = 1200ms (custom)
2019-09-12 06:39:16,198 [pool-57-thread-1] INFO  impl.RaftServerImpl (ServerState.java:<init>(103)) - e1cdc330-b298-4f7e-9f8c-e697349a5e69@group-C5E42DFE1AE1: ConfigurationManager, init=-1: [996a256c-fd43-494a-96f3-903b907c5248:192.168.34.52:43167, 5ecf13a7-acad-498a-ad7b-6f285dbc97e2:192.168.34.52:41223, e1cdc330-b298-4f7e-9f8c-e697349a5e69:192.168.34.52:34054], old=null, confs=<EMPTY_MAP>
2019-09-12 06:39:16,198 [pool-27-thread-1] INFO  server.RaftServerConfigKeys (ConfUtils.java:logGet(43)) - raft.server.rpcslowness.timeout = 120s (custom)
2019-09-12 06:39:16,198 [pool-27-thread-1] INFO  server.RaftServerConfigKeys (ConfUtils.java:logGet(43)) - raft.server.sleep.deviation.threshold = 300 (default)
2019-09-12 06:39:16,198 [pool-57-thread-1] INFO  server.RaftServerConfigKeys (ConfUtils.java:logGet(43)) - raft.server.storage.dir = [/workdir/hadoop-ozone/integration-test/target/test-dir/MiniOzoneClusterImpl-37405de7-47da-4aca-9355-033741c24d37/datanode-3/data/ratis] (custom)
2019-09-12 06:39:16,198 [pool-27-thread-1] INFO  server.RaftServerConfigKeys (ConfUtils.java:logGet(43)) - raft.server.log.appender.install.snapshot.enabled = false (custom)
2019-09-12 06:39:16,198 [pool-27-thread-1] INFO  impl.RaftServerImpl (ServerState.java:<init>(103)) - 996a256c-fd43-494a-96f3-903b907c5248@group-C5E42DFE1AE1: ConfigurationManager, init=-1: [996a256c-fd43-494a-96f3-903b907c5248:192.168.34.52:43167, 5ecf13a7-acad-498a-ad7b-6f285dbc97e2:192.168.34.52:41223, e1cdc330-b298-4f7e-9f8c-e697349a5e69:192.168.34.52:34054], old=null, confs=<EMPTY_MAP>
2019-09-12 06:39:16,198 [pool-27-thread-1] INFO  server.RaftServerConfigKeys (ConfUtils.java:logGet(43)) - raft.server.storage.dir = [/workdir/hadoop-ozone/integration-test/target/test-dir/MiniOzoneClusterImpl-37405de7-47da-4aca-9355-033741c24d37/datanode-0/data/ratis] (custom)
2019-09-12 06:39:16,199 [pool-57-thread-1] INFO  storage.RaftStorageDirectory (RaftStorageDirectory.java:analyzeStorage(246)) - The storage directory /workdir/hadoop-ozone/integration-test/target/test-dir/MiniOzoneClusterImpl-37405de7-47da-4aca-9355-033741c24d37/datanode-3/data/ratis/6e0c92e2-c840-41d7-8bdb-c5e42dfe1ae1 does not exist. Creating ...
2019-09-12 06:39:16,199 [pool-27-thread-1] INFO  storage.RaftStorageDirectory (RaftStorageDirectory.java:analyzeStorage(246)) - The storage directory /workdir/hadoop-ozone/integration-test/target/test-dir/MiniOzoneClusterImpl-37405de7-47da-4aca-9355-033741c24d37/datanode-0/data/ratis/6e0c92e2-c840-41d7-8bdb-c5e42dfe1ae1 does not exist. Creating ...
2019-09-12 06:39:16,203 [996a256c-fd43-494a-96f3-903b907c5248@group-74C3AED4701A:LeaderElection1] INFO  impl.RoleInfo (RoleInfo.java:updateAndGet(143)) - 996a256c-fd43-494a-96f3-903b907c5248: start LeaderState
2019-09-12 06:39:16,222 [pool-27-thread-1] INFO  storage.RaftStorageDirectory (RaftStorageDirectory.java:tryLock(328)) - Lock on /workdir/hadoop-ozone/integration-test/target/test-dir/MiniOzoneClusterImpl-37405de7-47da-4aca-9355-033741c24d37/datanode-0/data/ratis/6e0c92e2-c840-41d7-8bdb-c5e42dfe1ae1/in_use.lock acquired by nodename 11046@trunk-nightly-20190912-4gc2t-2068889165
2019-09-12 06:39:16,222 [pool-57-thread-1] INFO  storage.RaftStorageDirectory (RaftStorageDirectory.java:tryLock(328)) - Lock on /workdir/hadoop-ozone/integration-test/target/test-dir/MiniOzoneClusterImpl-37405de7-47da-4aca-9355-033741c24d37/datanode-3/data/ratis/6e0c92e2-c840-41d7-8bdb-c5e42dfe1ae1/in_use.lock acquired by nodename 11046@trunk-nightly-20190912-4gc2t-2068889165
2019-09-12 06:39:16,222 [pool-67-thread-1] INFO  storage.RaftStorageDirectory (RaftStorageDirectory.java:tryLock(328)) - Lock on /workdir/hadoop-ozone/integration-test/target/test-dir/MiniOzoneClusterImpl-37405de7-47da-4aca-9355-033741c24d37/datanode-4/data/ratis/6e0c92e2-c840-41d7-8bdb-c5e42dfe1ae1/in_use.lock acquired by nodename 11046@trunk-nightly-20190912-4gc2t-2068889165
2019-09-12 06:39:16,227 [996a256c-fd43-494a-96f3-903b907c5248@group-74C3AED4701A:LeaderElection1] INFO  segmented.SegmentedRaftLogWorker (SegmentedRaftLogWorker.java:startLogSegment(380)) - 996a256c-fd43-494a-96f3-903b907c5248@group-74C3AED4701A-SegmentedRaftLogWorker: Starting segment from index:0
2019-09-12 06:39:16,235 [996a256c-fd43-494a-96f3-903b907c5248@group-74C3AED4701A:LeaderElection1] INFO  impl.RaftServerImpl (ServerState.java:setRaftConf(354)) - 996a256c-fd43-494a-96f3-903b907c5248@group-74C3AED4701A: set configuration 0: [996a256c-fd43-494a-96f3-903b907c5248:192.168.34.52:43167], old=null at 0
2019-09-12 06:39:16,241 [Thread-288] INFO  impl.FollowerState (FollowerState.java:run(106)) - 5ecf13a7-acad-498a-ad7b-6f285dbc97e2:group-82268D16D026 changes to CANDIDATE, lastRpcTime:1063, electionTimeout:1061ms
2019-09-12 06:39:16,243 [Thread-288] INFO  impl.RoleInfo (RoleInfo.java:shutdownFollowerState(121)) - 5ecf13a7-acad-498a-ad7b-6f285dbc97e2: shutdown FollowerState
2019-09-12 06:39:16,243 [Thread-288] INFO  impl.RaftServerImpl (RaftServerImpl.java:setRole(174)) - 5ecf13a7-acad-498a-ad7b-6f285dbc97e2@group-82268D16D026: changes role from  FOLLOWER to CANDIDATE at term 0 for changeToCandidate
2019-09-12 06:39:16,244 [Thread-288] INFO  impl.RoleInfo (RoleInfo.java:updateAndGet(143)) - 5ecf13a7-acad-498a-ad7b-6f285dbc97e2: start LeaderElection
2019-09-12 06:39:16,250 [pool-67-thread-1] INFO  storage.RaftStorage (RaftStorage.java:format(72)) - Storage directory /workdir/hadoop-ozone/integration-test/target/test-dir/MiniOzoneClusterImpl-37405de7-47da-4aca-9355-033741c24d37/datanode-4/data/ratis/6e0c92e2-c840-41d7-8bdb-c5e42dfe1ae1 has been successfully formatted.
2019-09-12 06:39:16,250 [pool-27-thread-1] INFO  storage.RaftStorage (RaftStorage.java:format(72)) - Storage directory /workdir/hadoop-ozone/integration-test/target/test-dir/MiniOzoneClusterImpl-37405de7-47da-4aca-9355-033741c24d37/datanode-0/data/ratis/6e0c92e2-c840-41d7-8bdb-c5e42dfe1ae1 has been successfully formatted.
2019-09-12 06:39:16,250 [pool-57-thread-1] INFO  storage.RaftStorage (RaftStorage.java:format(72)) - Storage directory /workdir/hadoop-ozone/integration-test/target/test-dir/MiniOzoneClusterImpl-37405de7-47da-4aca-9355-033741c24d37/datanode-3/data/ratis/6e0c92e2-c840-41d7-8bdb-c5e42dfe1ae1 has been successfully formatted.
2019-09-12 06:39:16,250 [pool-27-thread-1] INFO  ratis.ContainerStateMachine (ContainerStateMachine.java:loadSnapshot(230)) - group-C5E42DFE1AE1: The snapshot info is null. Setting the last applied indexto:(t:0, i:~)
2019-09-12 06:39:16,250 [pool-67-thread-1] INFO  ratis.ContainerStateMachine (ContainerStateMachine.java:loadSnapshot(230)) - group-C5E42DFE1AE1: The snapshot info is null. Setting the last applied indexto:(t:0, i:~)
2019-09-12 06:39:16,250 [pool-27-thread-1] INFO  server.RaftServerConfigKeys (ConfUtils.java:logGet(43)) - raft.server.notification.no-leader.timeout = 120s (custom)
2019-09-12 06:39:16,250 [pool-57-thread-1] INFO  ratis.ContainerStateMachine (ContainerStateMachine.java:loadSnapshot(230)) - group-C5E42DFE1AE1: The snapshot info is null. Setting the last applied indexto:(t:0, i:~)
2019-09-12 06:39:16,251 [pool-27-thread-1] INFO  server.RaftServerConfigKeys (ConfUtils.java:logGet(43)) - raft.server.log.use.memory = false (default)
2019-09-12 06:39:16,250 [pool-67-thread-1] INFO  server.RaftServerConfigKeys (ConfUtils.java:logGet(43)) - raft.server.notification.no-leader.timeout = 120s (custom)
2019-09-12 06:39:16,251 [pool-27-thread-1] INFO  server.RaftServerConfigKeys (ConfUtils.java:logGet(43)) - raft.server.log.purge.gap = 1000000 (custom)
2019-09-12 06:39:16,251 [pool-57-thread-1] INFO  server.RaftServerConfigKeys (ConfUtils.java:logGet(43)) - raft.server.notification.no-leader.timeout = 120s (custom)
2019-09-12 06:39:16,251 [pool-27-thread-1] INFO  server.RaftServerConfigKeys (ConfUtils.java:logGet(43)) - raft.server.log.appender.buffer.byte-limit = 33554432 (custom)
2019-09-12 06:39:16,251 [pool-67-thread-1] INFO  server.RaftServerConfigKeys (ConfUtils.java:logGet(43)) - raft.server.log.use.memory = false (default)
2019-09-12 06:39:16,251 [pool-27-thread-1] INFO  server.RaftServerConfigKeys (ConfUtils.java:logGet(43)) - raft.server.log.segment.size.max = 1048576 (custom)
2019-09-12 06:39:16,251 [pool-57-thread-1] INFO  server.RaftServerConfigKeys (ConfUtils.java:logGet(43)) - raft.server.log.use.memory = false (default)
2019-09-12 06:39:16,252 [pool-27-thread-1] INFO  server.RaftServerConfigKeys (ConfUtils.java:logGet(43)) - raft.server.log.segment.cache.num.max = 2 (custom)
2019-09-12 06:39:16,252 [pool-67-thread-1] INFO  server.RaftServerConfigKeys (ConfUtils.java:logGet(43)) - raft.server.log.purge.gap = 1000000 (custom)
2019-09-12 06:39:16,252 [pool-27-thread-1] INFO  segmented.SegmentedRaftLogWorker (SegmentedRaftLogWorker.java:<init>(172)) - new 996a256c-fd43-494a-96f3-903b907c5248@group-C5E42DFE1AE1-SegmentedRaftLogWorker for RaftStorage:Storage Directory /workdir/hadoop-ozone/integration-test/target/test-dir/MiniOzoneClusterImpl-37405de7-47da-4aca-9355-033741c24d37/datanode-0/data/ratis/6e0c92e2-c840-41d7-8bdb-c5e42dfe1ae1
2019-09-12 06:39:16,252 [pool-57-thread-1] INFO  server.RaftServerConfigKeys (ConfUtils.java:logGet(43)) - raft.server.log.purge.gap = 1000000 (custom)
2019-09-12 06:39:16,252 [pool-27-thread-1] INFO  server.RaftServerConfigKeys (ConfUtils.java:logGet(43)) - raft.server.log.queue.byte-limit = 2147483647 (custom)
2019-09-12 06:39:16,252 [pool-67-thread-1] INFO  server.RaftServerConfigKeys (ConfUtils.java:logGet(43)) - raft.server.log.appender.buffer.byte-limit = 33554432 (custom)
2019-09-12 06:39:16,252 [pool-27-thread-1] INFO  server.RaftServerConfigKeys (ConfUtils.java:logGet(43)) - raft.server.log.queue.element-limit = 1024 (custom)
2019-09-12 06:39:16,252 [pool-57-thread-1] INFO  server.RaftServerConfigKeys (ConfUtils.java:logGet(43)) - raft.server.log.appender.buffer.byte-limit = 33554432 (custom)
2019-09-12 06:39:16,253 [pool-27-thread-1] INFO  server.RaftServerConfigKeys (ConfUtils.java:logGet(43)) - raft.server.log.segment.size.max = 1048576 (custom)
2019-09-12 06:39:16,253 [pool-67-thread-1] INFO  server.RaftServerConfigKeys (ConfUtils.java:logGet(43)) - raft.server.log.segment.size.max = 1048576 (custom)
2019-09-12 06:39:16,253 [pool-27-thread-1] INFO  server.RaftServerConfigKeys (ConfUtils.java:logGet(43)) - raft.server.log.preallocated.size = 16384 (custom)
2019-09-12 06:39:16,253 [pool-57-thread-1] INFO  server.RaftServerConfigKeys (ConfUtils.java:logGet(43)) - raft.server.log.segment.size.max = 1048576 (custom)
2019-09-12 06:39:16,253 [pool-27-thread-1] INFO  server.RaftServerConfigKeys (ConfUtils.java:logGet(43)) - raft.server.log.write.buffer.size = 33554432 (custom)
2019-09-12 06:39:16,253 [pool-67-thread-1] INFO  server.RaftServerConfigKeys (ConfUtils.java:logGet(43)) - raft.server.log.segment.cache.num.max = 2 (custom)
2019-09-12 06:39:16,253 [pool-27-thread-1] INFO  server.RaftServerConfigKeys (ConfUtils.java:logGet(43)) - raft.server.log.force.sync.num = 128 (default)
2019-09-12 06:39:16,254 [pool-27-thread-1] INFO  server.RaftServerConfigKeys (ConfUtils.java:logGet(43)) - raft.server.log.statemachine.data.sync = true (default)
2019-09-12 06:39:16,253 [pool-57-thread-1] INFO  server.RaftServerConfigKeys (ConfUtils.java:logGet(43)) - raft.server.log.segment.cache.num.max = 2 (custom)
2019-09-12 06:39:16,254 [pool-27-thread-1] INFO  server.RaftServerConfigKeys (ConfUtils.java:logGet(43)) - raft.server.log.statemachine.data.sync.timeout = 10s (default)
2019-09-12 06:39:16,254 [pool-67-thread-1] INFO  segmented.SegmentedRaftLogWorker (SegmentedRaftLogWorker.java:<init>(172)) - new 5ecf13a7-acad-498a-ad7b-6f285dbc97e2@group-C5E42DFE1AE1-SegmentedRaftLogWorker for RaftStorage:Storage Directory /workdir/hadoop-ozone/integration-test/target/test-dir/MiniOzoneClusterImpl-37405de7-47da-4aca-9355-033741c24d37/datanode-4/data/ratis/6e0c92e2-c840-41d7-8bdb-c5e42dfe1ae1
2019-09-12 06:39:16,254 [pool-27-thread-1] INFO  server.RaftServerConfigKeys (ConfUtils.java:logGet(43)) - raft.server.log.statemachine.data.sync.timeout.retry = -1 (default)
2019-09-12 06:39:16,254 [pool-57-thread-1] INFO  segmented.SegmentedRaftLogWorker (SegmentedRaftLogWorker.java:<init>(172)) - new e1cdc330-b298-4f7e-9f8c-e697349a5e69@group-C5E42DFE1AE1-SegmentedRaftLogWorker for RaftStorage:Storage Directory /workdir/hadoop-ozone/integration-test/target/test-dir/MiniOzoneClusterImpl-37405de7-47da-4aca-9355-033741c24d37/datanode-3/data/ratis/6e0c92e2-c840-41d7-8bdb-c5e42dfe1ae1
2019-09-12 06:39:16,254 [pool-27-thread-1] INFO  server.RaftServerConfigKeys (ConfUtils.java:logGet(43)) - raft.server.log.statemachine.data.caching.enabled = true (custom)
2019-09-12 06:39:16,255 [pool-57-thread-1] INFO  server.RaftServerConfigKeys (ConfUtils.java:logGet(43)) - raft.server.log.queue.byte-limit = 2147483647 (custom)
2019-09-12 06:39:16,254 [pool-67-thread-1] INFO  server.RaftServerConfigKeys (ConfUtils.java:logGet(43)) - raft.server.log.queue.byte-limit = 2147483647 (custom)
2019-09-12 06:39:16,255 [pool-27-thread-1] INFO  segmented.SegmentedRaftLogWorker (SegmentedRaftLogWorker.java:lambda$new$0(132)) - 996a256c-fd43-494a-96f3-903b907c5248@group-C5E42DFE1AE1-SegmentedRaftLogWorker: flushIndex: setUnconditionally 0 -> -1
2019-09-12 06:39:16,255 [pool-57-thread-1] INFO  server.RaftServerConfigKeys (ConfUtils.java:logGet(43)) - raft.server.log.queue.element-limit = 1024 (custom)
2019-09-12 06:39:16,255 [pool-67-thread-1] INFO  server.RaftServerConfigKeys (ConfUtils.java:logGet(43)) - raft.server.log.queue.element-limit = 1024 (custom)
2019-09-12 06:39:16,255 [pool-57-thread-1] INFO  server.RaftServerConfigKeys (ConfUtils.java:logGet(43)) - raft.server.log.segment.size.max = 1048576 (custom)
2019-09-12 06:39:16,255 [pool-27-thread-1] INFO  server.RaftServerConfigKeys (ConfUtils.java:logGet(43)) - raft.server.snapshot.auto.trigger.enabled = true (custom)
2019-09-12 06:39:16,255 [pool-57-thread-1] INFO  server.RaftServerConfigKeys (ConfUtils.java:logGet(43)) - raft.server.log.preallocated.size = 16384 (custom)
2019-09-12 06:39:16,255 [pool-67-thread-1] INFO  server.RaftServerConfigKeys (ConfUtils.java:logGet(43)) - raft.server.log.segment.size.max = 1048576 (custom)
2019-09-12 06:39:16,256 [pool-57-thread-1] INFO  server.RaftServerConfigKeys (ConfUtils.java:logGet(43)) - raft.server.log.write.buffer.size = 33554432 (custom)
2019-09-12 06:39:16,255 [pool-27-thread-1] INFO  server.RaftServerConfigKeys (ConfUtils.java:logGet(43)) - raft.server.snapshot.auto.trigger.threshold = 10000 (custom)
2019-09-12 06:39:16,256 [pool-57-thread-1] INFO  server.RaftServerConfigKeys (ConfUtils.java:logGet(43)) - raft.server.log.force.sync.num = 128 (default)
2019-09-12 06:39:16,256 [pool-67-thread-1] INFO  server.RaftServerConfigKeys (ConfUtils.java:logGet(43)) - raft.server.log.preallocated.size = 16384 (custom)
2019-09-12 06:39:16,256 [pool-57-thread-1] INFO  server.RaftServerConfigKeys (ConfUtils.java:logGet(43)) - raft.server.log.statemachine.data.sync = true (default)
2019-09-12 06:39:16,256 [pool-27-thread-1] INFO  server.RaftServerConfigKeys (ConfUtils.java:logGet(43)) - raft.server.snapshot.retention.num.files = -1 (default)
2019-09-12 06:39:16,256 [pool-57-thread-1] INFO  server.RaftServerConfigKeys (ConfUtils.java:logGet(43)) - raft.server.log.statemachine.data.sync.timeout = 10s (default)
2019-09-12 06:39:16,256 [pool-67-thread-1] INFO  server.RaftServerConfigKeys (ConfUtils.java:logGet(43)) - raft.server.log.write.buffer.size = 33554432 (custom)
2019-09-12 06:39:16,257 [pool-57-thread-1] INFO  server.RaftServerConfigKeys (ConfUtils.java:logGet(43)) - raft.server.log.statemachine.data.sync.timeout.retry = -1 (default)
2019-09-12 06:39:16,257 [pool-27-thread-1] INFO  server.RaftServerConfigKeys (ConfUtils.java:logGet(43)) - raft.server.retrycache.expirytime = 600000ms (custom)
2019-09-12 06:39:16,257 [pool-57-thread-1] INFO  server.RaftServerConfigKeys (ConfUtils.java:logGet(43)) - raft.server.log.statemachine.data.caching.enabled = true (custom)
2019-09-12 06:39:16,257 [pool-67-thread-1] INFO  server.RaftServerConfigKeys (ConfUtils.java:logGet(43)) - raft.server.log.force.sync.num = 128 (default)
2019-09-12 06:39:16,257 [pool-67-thread-1] INFO  server.RaftServerConfigKeys (ConfUtils.java:logGet(43)) - raft.server.log.statemachine.data.sync = true (default)
2019-09-12 06:39:16,257 [pool-57-thread-1] INFO  segmented.SegmentedRaftLogWorker (SegmentedRaftLogWorker.java:lambda$new$0(132)) - e1cdc330-b298-4f7e-9f8c-e697349a5e69@group-C5E42DFE1AE1-SegmentedRaftLogWorker: flushIndex: setUnconditionally 0 -> -1
2019-09-12 06:39:16,257 [pool-67-thread-1] INFO  server.RaftServerConfigKeys (ConfUtils.java:logGet(43)) - raft.server.log.statemachine.data.sync.timeout = 10s (default)
2019-09-12 06:39:16,258 [pool-67-thread-1] INFO  server.RaftServerConfigKeys (ConfUtils.java:logGet(43)) - raft.server.log.statemachine.data.sync.timeout.retry = -1 (default)
2019-09-12 06:39:16,258 [pool-57-thread-1] INFO  server.RaftServerConfigKeys (ConfUtils.java:logGet(43)) - raft.server.snapshot.auto.trigger.enabled = true (custom)
2019-09-12 06:39:16,258 [pool-67-thread-1] INFO  server.RaftServerConfigKeys (ConfUtils.java:logGet(43)) - raft.server.log.statemachine.data.caching.enabled = true (custom)
2019-09-12 06:39:16,258 [pool-57-thread-1] INFO  server.RaftServerConfigKeys (ConfUtils.java:logGet(43)) - raft.server.snapshot.auto.trigger.threshold = 10000 (custom)
2019-09-12 06:39:16,258 [pool-67-thread-1] INFO  segmented.SegmentedRaftLogWorker (SegmentedRaftLogWorker.java:lambda$new$0(132)) - 5ecf13a7-acad-498a-ad7b-6f285dbc97e2@group-C5E42DFE1AE1-SegmentedRaftLogWorker: flushIndex: setUnconditionally 0 -> -1
2019-09-12 06:39:16,258 [pool-57-thread-1] INFO  server.RaftServerConfigKeys (ConfUtils.java:logGet(43)) - raft.server.snapshot.retention.num.files = -1 (default)
2019-09-12 06:39:16,258 [pool-67-thread-1] INFO  server.RaftServerConfigKeys (ConfUtils.java:logGet(43)) - raft.server.snapshot.auto.trigger.enabled = true (custom)
2019-09-12 06:39:16,258 [pool-67-thread-1] INFO  server.RaftServerConfigKeys (ConfUtils.java:logGet(43)) - raft.server.snapshot.auto.trigger.threshold = 10000 (custom)
2019-09-12 06:39:16,258 [pool-57-thread-1] INFO  server.RaftServerConfigKeys (ConfUtils.java:logGet(43)) - raft.server.retrycache.expirytime = 600000ms (custom)
2019-09-12 06:39:16,258 [pool-67-thread-1] INFO  server.RaftServerConfigKeys (ConfUtils.java:logGet(43)) - raft.server.snapshot.retention.num.files = -1 (default)
2019-09-12 06:39:16,259 [pool-67-thread-1] INFO  server.RaftServerConfigKeys (ConfUtils.java:logGet(43)) - raft.server.retrycache.expirytime = 600000ms (custom)
2019-09-12 06:39:16,259 [pool-27-thread-1] INFO  impl.RaftServerImpl (RaftServerImpl.java:start(185)) - 996a256c-fd43-494a-96f3-903b907c5248@group-C5E42DFE1AE1: start as a follower, conf=-1: [996a256c-fd43-494a-96f3-903b907c5248:192.168.34.52:43167, 5ecf13a7-acad-498a-ad7b-6f285dbc97e2:192.168.34.52:41223, e1cdc330-b298-4f7e-9f8c-e697349a5e69:192.168.34.52:34054], old=null
2019-09-12 06:39:16,260 [pool-27-thread-1] INFO  impl.RaftServerImpl (RaftServerImpl.java:setRole(174)) - 996a256c-fd43-494a-96f3-903b907c5248@group-C5E42DFE1AE1: changes role from      null to FOLLOWER at term 0 for startAsFollower
2019-09-12 06:39:16,260 [pool-27-thread-1] INFO  impl.RoleInfo (RoleInfo.java:updateAndGet(143)) - 996a256c-fd43-494a-96f3-903b907c5248: start FollowerState
2019-09-12 06:39:16,260 [pool-27-thread-1] INFO  util.JmxRegister (JmxRegister.java:tryRegister(44)) - Successfully registered JMX Bean with object name Ratis:service=RaftServer,group=group-C5E42DFE1AE1,id=996a256c-fd43-494a-96f3-903b907c5248
2019-09-12 06:39:16,262 [pool-57-thread-1] INFO  impl.RaftServerImpl (RaftServerImpl.java:start(185)) - e1cdc330-b298-4f7e-9f8c-e697349a5e69@group-C5E42DFE1AE1: start as a follower, conf=-1: [996a256c-fd43-494a-96f3-903b907c5248:192.168.34.52:43167, 5ecf13a7-acad-498a-ad7b-6f285dbc97e2:192.168.34.52:41223, e1cdc330-b298-4f7e-9f8c-e697349a5e69:192.168.34.52:34054], old=null
2019-09-12 06:39:16,262 [pool-67-thread-1] INFO  impl.RaftServerImpl (RaftServerImpl.java:start(185)) - 5ecf13a7-acad-498a-ad7b-6f285dbc97e2@group-C5E42DFE1AE1: start as a follower, conf=-1: [996a256c-fd43-494a-96f3-903b907c5248:192.168.34.52:43167, 5ecf13a7-acad-498a-ad7b-6f285dbc97e2:192.168.34.52:41223, e1cdc330-b298-4f7e-9f8c-e697349a5e69:192.168.34.52:34054], old=null
2019-09-12 06:39:16,262 [pool-67-thread-1] INFO  impl.RaftServerImpl (RaftServerImpl.java:setRole(174)) - 5ecf13a7-acad-498a-ad7b-6f285dbc97e2@group-C5E42DFE1AE1: changes role from      null to FOLLOWER at term 0 for startAsFollower
2019-09-12 06:39:16,262 [pool-57-thread-1] INFO  impl.RaftServerImpl (RaftServerImpl.java:setRole(174)) - e1cdc330-b298-4f7e-9f8c-e697349a5e69@group-C5E42DFE1AE1: changes role from      null to FOLLOWER at term 0 for startAsFollower
2019-09-12 06:39:16,262 [pool-67-thread-1] INFO  impl.RoleInfo (RoleInfo.java:updateAndGet(143)) - 5ecf13a7-acad-498a-ad7b-6f285dbc97e2: start FollowerState
2019-09-12 06:39:16,262 [pool-57-thread-1] INFO  impl.RoleInfo (RoleInfo.java:updateAndGet(143)) - e1cdc330-b298-4f7e-9f8c-e697349a5e69: start FollowerState
2019-09-12 06:39:16,262 [pool-67-thread-1] INFO  util.JmxRegister (JmxRegister.java:tryRegister(44)) - Successfully registered JMX Bean with object name Ratis:service=RaftServer,group=group-C5E42DFE1AE1,id=5ecf13a7-acad-498a-ad7b-6f285dbc97e2
2019-09-12 06:39:16,263 [pool-57-thread-1] INFO  util.JmxRegister (JmxRegister.java:tryRegister(44)) - Successfully registered JMX Bean with object name Ratis:service=RaftServer,group=group-C5E42DFE1AE1,id=e1cdc330-b298-4f7e-9f8c-e697349a5e69
2019-09-12 06:39:16,270 [5ecf13a7-acad-498a-ad7b-6f285dbc97e2@group-82268D16D026:LeaderElection2] INFO  impl.LeaderElection (LeaderElection.java:askForVotes(182)) - 5ecf13a7-acad-498a-ad7b-6f285dbc97e2@group-82268D16D026:LeaderElection2: begin an election at term 1 for -1: [5ecf13a7-acad-498a-ad7b-6f285dbc97e2:192.168.34.52:41223], old=null
2019-09-12 06:39:16,272 [5ecf13a7-acad-498a-ad7b-6f285dbc97e2@group-82268D16D026:LeaderElection2] INFO  impl.RoleInfo (RoleInfo.java:shutdownLeaderElection(134)) - 5ecf13a7-acad-498a-ad7b-6f285dbc97e2: shutdown LeaderElection
2019-09-12 06:39:16,272 [5ecf13a7-acad-498a-ad7b-6f285dbc97e2@group-82268D16D026:LeaderElection2] INFO  impl.RaftServerImpl (RaftServerImpl.java:setRole(174)) - 5ecf13a7-acad-498a-ad7b-6f285dbc97e2@group-82268D16D026: changes role from CANDIDATE to LEADER at term 1 for changeToLeader
2019-09-12 06:39:16,273 [5ecf13a7-acad-498a-ad7b-6f285dbc97e2@group-82268D16D026:LeaderElection2] INFO  impl.RaftServerImpl (ServerState.java:setLeader(253)) - 5ecf13a7-acad-498a-ad7b-6f285dbc97e2@group-82268D16D026: change Leader from null to 5ecf13a7-acad-498a-ad7b-6f285dbc97e2 at term 1 for becomeLeader, leader elected after 1109ms
2019-09-12 06:39:16,275 [5ecf13a7-acad-498a-ad7b-6f285dbc97e2@group-82268D16D026:LeaderElection2] INFO  server.RaftServerConfigKeys (ConfUtils.java:logGet(43)) - raft.server.staging.catchup.gap = 1000 (default)
2019-09-12 06:39:16,277 [5ecf13a7-acad-498a-ad7b-6f285dbc97e2@group-82268D16D026:LeaderElection2] INFO  server.RaftServerConfigKeys (ConfUtils.java:logGet(43)) - raft.server.rpc.sleep.time = 25ms (default)
2019-09-12 06:39:16,279 [5ecf13a7-acad-498a-ad7b-6f285dbc97e2@group-82268D16D026:LeaderElection2] INFO  server.RaftServerConfigKeys (ConfUtils.java:logGet(43)) - raft.server.write.element-limit = 4096 (default)
2019-09-12 06:39:16,282 [5ecf13a7-acad-498a-ad7b-6f285dbc97e2@group-82268D16D026:LeaderElection2] INFO  server.RaftServerConfigKeys (ConfUtils.java:logGet(43)) - raft.server.watch.timeout = 10s (default)
2019-09-12 06:39:16,284 [5ecf13a7-acad-498a-ad7b-6f285dbc97e2@group-82268D16D026:LeaderElection2] INFO  server.RaftServerConfigKeys (ConfUtils.java:logGet(43)) - raft.server.watch.timeout.denomination = 1s (default)
2019-09-12 06:39:16,284 [5ecf13a7-acad-498a-ad7b-6f285dbc97e2@group-82268D16D026:LeaderElection2] INFO  server.RaftServerConfigKeys (ConfUtils.java:logGet(43)) - raft.server.watch.element-limit = 65536 (default)
2019-09-12 06:39:16,297 [RatisPipelineUtilsThread] INFO  pipeline.PipelineStateManager (PipelineStateManager.java:addPipeline(56)) - Created pipeline Pipeline[ Id: 6e0c92e2-c840-41d7-8bdb-c5e42dfe1ae1, Nodes: 5ecf13a7-acad-498a-ad7b-6f285dbc97e2{ip: 192.168.34.52, host: trunk-nightly-20190912-4gc2t-2068889165, networkLocation: /default-rack, certSerialId: null}996a256c-fd43-494a-96f3-903b907c5248{ip: 192.168.34.52, host: trunk-nightly-20190912-4gc2t-2068889165, networkLocation: /default-rack, certSerialId: null}e1cdc330-b298-4f7e-9f8c-e697349a5e69{ip: 192.168.34.52, host: trunk-nightly-20190912-4gc2t-2068889165, networkLocation: /default-rack, certSerialId: null}, Type:RATIS, Factor:THREE, State:OPEN]
2019-09-12 06:39:16,300 [5ecf13a7-acad-498a-ad7b-6f285dbc97e2@group-82268D16D026:LeaderElection2] INFO  impl.RoleInfo (RoleInfo.java:updateAndGet(143)) - 5ecf13a7-acad-498a-ad7b-6f285dbc97e2: start LeaderState
2019-09-12 06:39:16,300 [5ecf13a7-acad-498a-ad7b-6f285dbc97e2@group-82268D16D026:LeaderElection2] INFO  segmented.SegmentedRaftLogWorker (SegmentedRaftLogWorker.java:startLogSegment(380)) - 5ecf13a7-acad-498a-ad7b-6f285dbc97e2@group-82268D16D026-SegmentedRaftLogWorker: Starting segment from index:0
2019-09-12 06:39:16,305 [5ecf13a7-acad-498a-ad7b-6f285dbc97e2@group-82268D16D026:LeaderElection2] INFO  impl.RaftServerImpl (ServerState.java:setRaftConf(354)) - 5ecf13a7-acad-498a-ad7b-6f285dbc97e2@group-82268D16D026: set configuration 0: [5ecf13a7-acad-498a-ad7b-6f285dbc97e2:192.168.34.52:41223], old=null at 0
2019-09-12 06:39:16,321 [grpc-default-executor-1] INFO  impl.RaftServerProxy (RaftServerProxy.java:addNew(89)) - e48d04e8-2c1f-410d-8bfb-5a732d356112: addNew group-B034F0427A69:[760f3a61-bfa2-4d4e-85d8-817950efb624:192.168.34.52:44136, 9d685984-4448-42b4-b390-543822753f3a:192.168.34.52:35205, e48d04e8-2c1f-410d-8bfb-5a732d356112:192.168.34.52:38245] returns group-B034F0427A69:java.util.concurrent.CompletableFuture@67c27f4f[Not completed]
2019-09-12 06:39:16,325 [grpc-default-executor-0] INFO  impl.RaftServerProxy (RaftServerProxy.java:addNew(89)) - 9d685984-4448-42b4-b390-543822753f3a: addNew group-B034F0427A69:[760f3a61-bfa2-4d4e-85d8-817950efb624:192.168.34.52:44136, 9d685984-4448-42b4-b390-543822753f3a:192.168.34.52:35205, e48d04e8-2c1f-410d-8bfb-5a732d356112:192.168.34.52:38245] returns group-B034F0427A69:java.util.concurrent.CompletableFuture@407012eb[Not completed]
2019-09-12 06:39:16,329 [grpc-default-executor-1] INFO  impl.RaftServerProxy (RaftServerProxy.java:addNew(89)) - 760f3a61-bfa2-4d4e-85d8-817950efb624: addNew group-B034F0427A69:[760f3a61-bfa2-4d4e-85d8-817950efb624:192.168.34.52:44136, 9d685984-4448-42b4-b390-543822753f3a:192.168.34.52:35205, e48d04e8-2c1f-410d-8bfb-5a732d356112:192.168.34.52:38245] returns group-B034F0427A69:java.util.concurrent.CompletableFuture@1004c55a[Not completed]
2019-09-12 06:39:16,329 [pool-87-thread-1] INFO  impl.RaftServerImpl (RaftServerImpl.java:<init>(95)) - e48d04e8-2c1f-410d-8bfb-5a732d356112: new RaftServerImpl for group-B034F0427A69:[760f3a61-bfa2-4d4e-85d8-817950efb624:192.168.34.52:44136, 9d685984-4448-42b4-b390-543822753f3a:192.168.34.52:35205, e48d04e8-2c1f-410d-8bfb-5a732d356112:192.168.34.52:38245] with ContainerStateMachine:uninitialized
2019-09-12 06:39:16,330 [pool-87-thread-1] INFO  server.RaftServerConfigKeys (ConfUtils.java:logGet(43)) - raft.server.rpc.timeout.min = 1s (custom)
2019-09-12 06:39:16,330 [pool-87-thread-1] INFO  server.RaftServerConfigKeys (ConfUtils.java:logGet(43)) - raft.server.rpc.timeout.max = 1200ms (custom)
2019-09-12 06:39:16,330 [pool-97-thread-1] INFO  impl.RaftServerImpl (RaftServerImpl.java:<init>(95)) - 9d685984-4448-42b4-b390-543822753f3a: new RaftServerImpl for group-B034F0427A69:[760f3a61-bfa2-4d4e-85d8-817950efb624:192.168.34.52:44136, 9d685984-4448-42b4-b390-543822753f3a:192.168.34.52:35205, e48d04e8-2c1f-410d-8bfb-5a732d356112:192.168.34.52:38245] with ContainerStateMachine:uninitialized
2019-09-12 06:39:16,330 [pool-87-thread-1] INFO  server.RaftServerConfigKeys (ConfUtils.java:logGet(43)) - raft.server.rpcslowness.timeout = 120s (custom)
2019-09-12 06:39:16,330 [pool-97-thread-1] INFO  server.RaftServerConfigKeys (ConfUtils.java:logGet(43)) - raft.server.rpc.timeout.min = 1s (custom)
2019-09-12 06:39:16,330 [pool-87-thread-1] INFO  server.RaftServerConfigKeys (ConfUtils.java:logGet(43)) - raft.server.sleep.deviation.threshold = 300 (default)
2019-09-12 06:39:16,331 [pool-107-thread-1] INFO  impl.RaftServerImpl (RaftServerImpl.java:<init>(95)) - 760f3a61-bfa2-4d4e-85d8-817950efb624: new RaftServerImpl for group-B034F0427A69:[760f3a61-bfa2-4d4e-85d8-817950efb624:192.168.34.52:44136, 9d685984-4448-42b4-b390-543822753f3a:192.168.34.52:35205, e48d04e8-2c1f-410d-8bfb-5a732d356112:192.168.34.52:38245] with ContainerStateMachine:uninitialized
2019-09-12 06:39:16,331 [pool-97-thread-1] INFO  server.RaftServerConfigKeys (ConfUtils.java:logGet(43)) - raft.server.rpc.timeout.max = 1200ms (custom)
2019-09-12 06:39:16,331 [pool-107-thread-1] INFO  server.RaftServerConfigKeys (ConfUtils.java:logGet(43)) - raft.server.rpc.timeout.min = 1s (custom)
2019-09-12 06:39:16,331 [pool-87-thread-1] INFO  server.RaftServerConfigKeys (ConfUtils.java:logGet(43)) - raft.server.log.appender.install.snapshot.enabled = false (custom)
2019-09-12 06:39:16,331 [pool-107-thread-1] INFO  server.RaftServerConfigKeys (ConfUtils.java:logGet(43)) - raft.server.rpc.timeout.max = 1200ms (custom)
2019-09-12 06:39:16,331 [pool-97-thread-1] INFO  server.RaftServerConfigKeys (ConfUtils.java:logGet(43)) - raft.server.rpcslowness.timeout = 120s (custom)
2019-09-12 06:39:16,331 [pool-107-thread-1] INFO  server.RaftServerConfigKeys (ConfUtils.java:logGet(43)) - raft.server.rpcslowness.timeout = 120s (custom)
2019-09-12 06:39:16,331 [pool-87-thread-1] INFO  impl.RaftServerImpl (ServerState.java:<init>(103)) - e48d04e8-2c1f-410d-8bfb-5a732d356112@group-B034F0427A69: ConfigurationManager, init=-1: [760f3a61-bfa2-4d4e-85d8-817950efb624:192.168.34.52:44136, 9d685984-4448-42b4-b390-543822753f3a:192.168.34.52:35205, e48d04e8-2c1f-410d-8bfb-5a732d356112:192.168.34.52:38245], old=null, confs=<EMPTY_MAP>
2019-09-12 06:39:16,331 [pool-107-thread-1] INFO  server.RaftServerConfigKeys (ConfUtils.java:logGet(43)) - raft.server.sleep.deviation.threshold = 300 (default)
2019-09-12 06:39:16,331 [pool-97-thread-1] INFO  server.RaftServerConfigKeys (ConfUtils.java:logGet(43)) - raft.server.sleep.deviation.threshold = 300 (default)
2019-09-12 06:39:16,332 [pool-87-thread-1] INFO  server.RaftServerConfigKeys (ConfUtils.java:logGet(43)) - raft.server.storage.dir = [/workdir/hadoop-ozone/integration-test/target/test-dir/MiniOzoneClusterImpl-37405de7-47da-4aca-9355-033741c24d37/datanode-6/data/ratis] (custom)
2019-09-12 06:39:16,332 [pool-107-thread-1] INFO  server.RaftServerConfigKeys (ConfUtils.java:logGet(43)) - raft.server.log.appender.install.snapshot.enabled = false (custom)
2019-09-12 06:39:16,332 [pool-97-thread-1] INFO  server.RaftServerConfigKeys (ConfUtils.java:logGet(43)) - raft.server.log.appender.install.snapshot.enabled = false (custom)
2019-09-12 06:39:16,332 [pool-107-thread-1] INFO  impl.RaftServerImpl (ServerState.java:<init>(103)) - 760f3a61-bfa2-4d4e-85d8-817950efb624@group-B034F0427A69: ConfigurationManager, init=-1: [760f3a61-bfa2-4d4e-85d8-817950efb624:192.168.34.52:44136, 9d685984-4448-42b4-b390-543822753f3a:192.168.34.52:35205, e48d04e8-2c1f-410d-8bfb-5a732d356112:192.168.34.52:38245], old=null, confs=<EMPTY_MAP>
2019-09-12 06:39:16,332 [pool-97-thread-1] INFO  impl.RaftServerImpl (ServerState.java:<init>(103)) - 9d685984-4448-42b4-b390-543822753f3a@group-B034F0427A69: ConfigurationManager, init=-1: [760f3a61-bfa2-4d4e-85d8-817950efb624:192.168.34.52:44136, 9d685984-4448-42b4-b390-543822753f3a:192.168.34.52:35205, e48d04e8-2c1f-410d-8bfb-5a732d356112:192.168.34.52:38245], old=null, confs=<EMPTY_MAP>
2019-09-12 06:39:16,332 [pool-107-thread-1] INFO  server.RaftServerConfigKeys (ConfUtils.java:logGet(43)) - raft.server.storage.dir = [/workdir/hadoop-ozone/integration-test/target/test-dir/MiniOzoneClusterImpl-37405de7-47da-4aca-9355-033741c24d37/datanode-8/data/ratis] (custom)
2019-09-12 06:39:16,333 [pool-97-thread-1] INFO  server.RaftServerConfigKeys (ConfUtils.java:logGet(43)) - raft.server.storage.dir = [/workdir/hadoop-ozone/integration-test/target/test-dir/MiniOzoneClusterImpl-37405de7-47da-4aca-9355-033741c24d37/datanode-7/data/ratis] (custom)
2019-09-12 06:39:16,332 [pool-87-thread-1] INFO  storage.RaftStorageDirectory (RaftStorageDirectory.java:analyzeStorage(246)) - The storage directory /workdir/hadoop-ozone/integration-test/target/test-dir/MiniOzoneClusterImpl-37405de7-47da-4aca-9355-033741c24d37/datanode-6/data/ratis/0a74ecfd-3b1d-4619-a0a9-b034f0427a69 does not exist. Creating ...
2019-09-12 06:39:16,333 [pool-107-thread-1] INFO  storage.RaftStorageDirectory (RaftStorageDirectory.java:analyzeStorage(246)) - The storage directory /workdir/hadoop-ozone/integration-test/target/test-dir/MiniOzoneClusterImpl-37405de7-47da-4aca-9355-033741c24d37/datanode-8/data/ratis/0a74ecfd-3b1d-4619-a0a9-b034f0427a69 does not exist. Creating ...
2019-09-12 06:39:16,333 [pool-97-thread-1] INFO  storage.RaftStorageDirectory (RaftStorageDirectory.java:analyzeStorage(246)) - The storage directory /workdir/hadoop-ozone/integration-test/target/test-dir/MiniOzoneClusterImpl-37405de7-47da-4aca-9355-033741c24d37/datanode-7/data/ratis/0a74ecfd-3b1d-4619-a0a9-b034f0427a69 does not exist. Creating ...
2019-09-12 06:39:16,346 [pool-107-thread-1] INFO  storage.RaftStorageDirectory (RaftStorageDirectory.java:tryLock(328)) - Lock on /workdir/hadoop-ozone/integration-test/target/test-dir/MiniOzoneClusterImpl-37405de7-47da-4aca-9355-033741c24d37/datanode-8/data/ratis/0a74ecfd-3b1d-4619-a0a9-b034f0427a69/in_use.lock acquired by nodename 11046@trunk-nightly-20190912-4gc2t-2068889165
2019-09-12 06:39:16,346 [pool-87-thread-1] INFO  storage.RaftStorageDirectory (RaftStorageDirectory.java:tryLock(328)) - Lock on /workdir/hadoop-ozone/integration-test/target/test-dir/MiniOzoneClusterImpl-37405de7-47da-4aca-9355-033741c24d37/datanode-6/data/ratis/0a74ecfd-3b1d-4619-a0a9-b034f0427a69/in_use.lock acquired by nodename 11046@trunk-nightly-20190912-4gc2t-2068889165
2019-09-12 06:39:16,347 [pool-97-thread-1] INFO  storage.RaftStorageDirectory (RaftStorageDirectory.java:tryLock(328)) - Lock on /workdir/hadoop-ozone/integration-test/target/test-dir/MiniOzoneClusterImpl-37405de7-47da-4aca-9355-033741c24d37/datanode-7/data/ratis/0a74ecfd-3b1d-4619-a0a9-b034f0427a69/in_use.lock acquired by nodename 11046@trunk-nightly-20190912-4gc2t-2068889165
2019-09-12 06:39:16,373 [pool-97-thread-1] INFO  storage.RaftStorage (RaftStorage.java:format(72)) - Storage directory /workdir/hadoop-ozone/integration-test/target/test-dir/MiniOzoneClusterImpl-37405de7-47da-4aca-9355-033741c24d37/datanode-7/data/ratis/0a74ecfd-3b1d-4619-a0a9-b034f0427a69 has been successfully formatted.
2019-09-12 06:39:16,373 [pool-87-thread-1] INFO  storage.RaftStorage (RaftStorage.java:format(72)) - Storage directory /workdir/hadoop-ozone/integration-test/target/test-dir/MiniOzoneClusterImpl-37405de7-47da-4aca-9355-033741c24d37/datanode-6/data/ratis/0a74ecfd-3b1d-4619-a0a9-b034f0427a69 has been successfully formatted.
2019-09-12 06:39:16,373 [pool-107-thread-1] INFO  storage.RaftStorage (RaftStorage.java:format(72)) - Storage directory /workdir/hadoop-ozone/integration-test/target/test-dir/MiniOzoneClusterImpl-37405de7-47da-4aca-9355-033741c24d37/datanode-8/data/ratis/0a74ecfd-3b1d-4619-a0a9-b034f0427a69 has been successfully formatted.
2019-09-12 06:39:16,374 [pool-87-thread-1] INFO  ratis.ContainerStateMachine (ContainerStateMachine.java:loadSnapshot(230)) - group-B034F0427A69: The snapshot info is null. Setting the last applied indexto:(t:0, i:~)
2019-09-12 06:39:16,374 [pool-107-thread-1] INFO  ratis.ContainerStateMachine (ContainerStateMachine.java:loadSnapshot(230)) - group-B034F0427A69: The snapshot info is null. Setting the last applied indexto:(t:0, i:~)
2019-09-12 06:39:16,374 [pool-97-thread-1] INFO  ratis.ContainerStateMachine (ContainerStateMachine.java:loadSnapshot(230)) - group-B034F0427A69: The snapshot info is null. Setting the last applied indexto:(t:0, i:~)
2019-09-12 06:39:16,374 [pool-107-thread-1] INFO  server.RaftServerConfigKeys (ConfUtils.java:logGet(43)) - raft.server.notification.no-leader.timeout = 120s (custom)
2019-09-12 06:39:16,374 [pool-87-thread-1] INFO  server.RaftServerConfigKeys (ConfUtils.java:logGet(43)) - raft.server.notification.no-leader.timeout = 120s (custom)
2019-09-12 06:39:16,374 [pool-107-thread-1] INFO  server.RaftServerConfigKeys (ConfUtils.java:logGet(43)) - raft.server.log.use.memory = false (default)
2019-09-12 06:39:16,374 [pool-97-thread-1] INFO  server.RaftServerConfigKeys (ConfUtils.java:logGet(43)) - raft.server.notification.no-leader.timeout = 120s (custom)
2019-09-12 06:39:16,375 [pool-107-thread-1] INFO  server.RaftServerConfigKeys (ConfUtils.java:logGet(43)) - raft.server.log.purge.gap = 1000000 (custom)
2019-09-12 06:39:16,374 [pool-87-thread-1] INFO  server.RaftServerConfigKeys (ConfUtils.java:logGet(43)) - raft.server.log.use.memory = false (default)
2019-09-12 06:39:16,375 [pool-107-thread-1] INFO  server.RaftServerConfigKeys (ConfUtils.java:logGet(43)) - raft.server.log.appender.buffer.byte-limit = 33554432 (custom)
2019-09-12 06:39:16,375 [pool-97-thread-1] INFO  server.RaftServerConfigKeys (ConfUtils.java:logGet(43)) - raft.server.log.use.memory = false (default)
2019-09-12 06:39:16,375 [pool-107-thread-1] INFO  server.RaftServerConfigKeys (ConfUtils.java:logGet(43)) - raft.server.log.segment.size.max = 1048576 (custom)
2019-09-12 06:39:16,375 [pool-87-thread-1] INFO  server.RaftServerConfigKeys (ConfUtils.java:logGet(43)) - raft.server.log.purge.gap = 1000000 (custom)
2019-09-12 06:39:16,375 [pool-107-thread-1] INFO  server.RaftServerConfigKeys (ConfUtils.java:logGet(43)) - raft.server.log.segment.cache.num.max = 2 (custom)
2019-09-12 06:39:16,375 [pool-97-thread-1] INFO  server.RaftServerConfigKeys (ConfUtils.java:logGet(43)) - raft.server.log.purge.gap = 1000000 (custom)
2019-09-12 06:39:16,375 [pool-107-thread-1] INFO  segmented.SegmentedRaftLogWorker (SegmentedRaftLogWorker.java:<init>(172)) - new 760f3a61-bfa2-4d4e-85d8-817950efb624@group-B034F0427A69-SegmentedRaftLogWorker for RaftStorage:Storage Directory /workdir/hadoop-ozone/integration-test/target/test-dir/MiniOzoneClusterImpl-37405de7-47da-4aca-9355-033741c24d37/datanode-8/data/ratis/0a74ecfd-3b1d-4619-a0a9-b034f0427a69
2019-09-12 06:39:16,375 [pool-87-thread-1] INFO  server.RaftServerConfigKeys (ConfUtils.java:logGet(43)) - raft.server.log.appender.buffer.byte-limit = 33554432 (custom)
2019-09-12 06:39:16,376 [pool-107-thread-1] INFO  server.RaftServerConfigKeys (ConfUtils.java:logGet(43)) - raft.server.log.queue.byte-limit = 2147483647 (custom)
2019-09-12 06:39:16,375 [pool-97-thread-1] INFO  server.RaftServerConfigKeys (ConfUtils.java:logGet(43)) - raft.server.log.appender.buffer.byte-limit = 33554432 (custom)
2019-09-12 06:39:16,376 [pool-107-thread-1] INFO  server.RaftServerConfigKeys (ConfUtils.java:logGet(43)) - raft.server.log.queue.element-limit = 1024 (custom)
2019-09-12 06:39:16,376 [pool-87-thread-1] INFO  server.RaftServerConfigKeys (ConfUtils.java:logGet(43)) - raft.server.log.segment.size.max = 1048576 (custom)
2019-09-12 06:39:16,376 [pool-107-thread-1] INFO  server.RaftServerConfigKeys (ConfUtils.java:logGet(43)) - raft.server.log.segment.size.max = 1048576 (custom)
2019-09-12 06:39:16,376 [pool-97-thread-1] INFO  server.RaftServerConfigKeys (ConfUtils.java:logGet(43)) - raft.server.log.segment.size.max = 1048576 (custom)
2019-09-12 06:39:16,376 [pool-107-thread-1] INFO  server.RaftServerConfigKeys (ConfUtils.java:logGet(43)) - raft.server.log.preallocated.size = 16384 (custom)
2019-09-12 06:39:16,376 [pool-87-thread-1] INFO  server.RaftServerConfigKeys (ConfUtils.java:logGet(43)) - raft.server.log.segment.cache.num.max = 2 (custom)
2019-09-12 06:39:16,376 [pool-107-thread-1] INFO  server.RaftServerConfigKeys (ConfUtils.java:logGet(43)) - raft.server.log.write.buffer.size = 33554432 (custom)
2019-09-12 06:39:16,376 [pool-97-thread-1] INFO  server.RaftServerConfigKeys (ConfUtils.java:logGet(43)) - raft.server.log.segment.cache.num.max = 2 (custom)
2019-09-12 06:39:16,377 [pool-107-thread-1] INFO  server.RaftServerConfigKeys (ConfUtils.java:logGet(43)) - raft.server.log.force.sync.num = 128 (default)
2019-09-12 06:39:16,376 [pool-87-thread-1] INFO  segmented.SegmentedRaftLogWorker (SegmentedRaftLogWorker.java:<init>(172)) - new e48d04e8-2c1f-410d-8bfb-5a732d356112@group-B034F0427A69-SegmentedRaftLogWorker for RaftStorage:Storage Directory /workdir/hadoop-ozone/integration-test/target/test-dir/MiniOzoneClusterImpl-37405de7-47da-4aca-9355-033741c24d37/datanode-6/data/ratis/0a74ecfd-3b1d-4619-a0a9-b034f0427a69
2019-09-12 06:39:16,377 [pool-107-thread-1] INFO  server.RaftServerConfigKeys (ConfUtils.java:logGet(43)) - raft.server.log.statemachine.data.sync = true (default)
2019-09-12 06:39:16,377 [pool-97-thread-1] INFO  segmented.SegmentedRaftLogWorker (SegmentedRaftLogWorker.java:<init>(172)) - new 9d685984-4448-42b4-b390-543822753f3a@group-B034F0427A69-SegmentedRaftLogWorker for RaftStorage:Storage Directory /workdir/hadoop-ozone/integration-test/target/test-dir/MiniOzoneClusterImpl-37405de7-47da-4aca-9355-033741c24d37/datanode-7/data/ratis/0a74ecfd-3b1d-4619-a0a9-b034f0427a69
2019-09-12 06:39:16,377 [pool-107-thread-1] INFO  server.RaftServerConfigKeys (ConfUtils.java:logGet(43)) - raft.server.log.statemachine.data.sync.timeout = 10s (default)
2019-09-12 06:39:16,377 [pool-87-thread-1] INFO  server.RaftServerConfigKeys (ConfUtils.java:logGet(43)) - raft.server.log.queue.byte-limit = 2147483647 (custom)
2019-09-12 06:39:16,377 [pool-107-thread-1] INFO  server.RaftServerConfigKeys (ConfUtils.java:logGet(43)) - raft.server.log.statemachine.data.sync.timeout.retry = -1 (default)
2019-09-12 06:39:16,377 [pool-97-thread-1] INFO  server.RaftServerConfigKeys (ConfUtils.java:logGet(43)) - raft.server.log.queue.byte-limit = 2147483647 (custom)
2019-09-12 06:39:16,377 [pool-107-thread-1] INFO  server.RaftServerConfigKeys (ConfUtils.java:logGet(43)) - raft.server.log.statemachine.data.caching.enabled = true (custom)
2019-09-12 06:39:16,377 [pool-87-thread-1] INFO  server.RaftServerConfigKeys (ConfUtils.java:logGet(43)) - raft.server.log.queue.element-limit = 1024 (custom)
2019-09-12 06:39:16,377 [pool-97-thread-1] INFO  server.RaftServerConfigKeys (ConfUtils.java:logGet(43)) - raft.server.log.queue.element-limit = 1024 (custom)
2019-09-12 06:39:16,378 [pool-107-thread-1] INFO  segmented.SegmentedRaftLogWorker (SegmentedRaftLogWorker.java:lambda$new$0(132)) - 760f3a61-bfa2-4d4e-85d8-817950efb624@group-B034F0427A69-SegmentedRaftLogWorker: flushIndex: setUnconditionally 0 -> -1
2019-09-12 06:39:16,378 [pool-87-thread-1] INFO  server.RaftServerConfigKeys (ConfUtils.java:logGet(43)) - raft.server.log.segment.size.max = 1048576 (custom)
2019-09-12 06:39:16,386 [pool-107-thread-1] INFO  server.RaftServerConfigKeys (ConfUtils.java:logGet(43)) - raft.server.snapshot.auto.trigger.enabled = true (custom)
2019-09-12 06:39:16,380 [pool-97-thread-1] INFO  server.RaftServerConfigKeys (ConfUtils.java:logGet(43)) - raft.server.log.segment.size.max = 1048576 (custom)
2019-09-12 06:39:16,386 [pool-107-thread-1] INFO  server.RaftServerConfigKeys (ConfUtils.java:logGet(43)) - raft.server.snapshot.auto.trigger.threshold = 10000 (custom)
2019-09-12 06:39:16,387 [pool-107-thread-1] INFO  server.RaftServerConfigKeys (ConfUtils.java:logGet(43)) - raft.server.snapshot.retention.num.files = -1 (default)
2019-09-12 06:39:16,386 [pool-87-thread-1] INFO  server.RaftServerConfigKeys (ConfUtils.java:logGet(43)) - raft.server.log.preallocated.size = 16384 (custom)
2019-09-12 06:39:16,387 [pool-107-thread-1] INFO  server.RaftServerConfigKeys (ConfUtils.java:logGet(43)) - raft.server.retrycache.expirytime = 600000ms (custom)
2019-09-12 06:39:16,387 [pool-97-thread-1] INFO  server.RaftServerConfigKeys (ConfUtils.java:logGet(43)) - raft.server.log.preallocated.size = 16384 (custom)
2019-09-12 06:39:16,387 [pool-87-thread-1] INFO  server.RaftServerConfigKeys (ConfUtils.java:logGet(43)) - raft.server.log.write.buffer.size = 33554432 (custom)
2019-09-12 06:39:16,387 [pool-97-thread-1] INFO  server.RaftServerConfigKeys (ConfUtils.java:logGet(43)) - raft.server.log.write.buffer.size = 33554432 (custom)
2019-09-12 06:39:16,387 [pool-87-thread-1] INFO  server.RaftServerConfigKeys (ConfUtils.java:logGet(43)) - raft.server.log.force.sync.num = 128 (default)
2019-09-12 06:39:16,387 [pool-97-thread-1] INFO  server.RaftServerConfigKeys (ConfUtils.java:logGet(43)) - raft.server.log.force.sync.num = 128 (default)
2019-09-12 06:39:16,387 [pool-87-thread-1] INFO  server.RaftServerConfigKeys (ConfUtils.java:logGet(43)) - raft.server.log.statemachine.data.sync = true (default)
2019-09-12 06:39:16,388 [pool-97-thread-1] INFO  server.RaftServerConfigKeys (ConfUtils.java:logGet(43)) - raft.server.log.statemachine.data.sync = true (default)
2019-09-12 06:39:16,388 [pool-87-thread-1] INFO  server.RaftServerConfigKeys (ConfUtils.java:logGet(43)) - raft.server.log.statemachine.data.sync.timeout = 10s (default)
2019-09-12 06:39:16,388 [pool-97-thread-1] INFO  server.RaftServerConfigKeys (ConfUtils.java:logGet(43)) - raft.server.log.statemachine.data.sync.timeout = 10s (default)
2019-09-12 06:39:16,388 [pool-87-thread-1] INFO  server.RaftServerConfigKeys (ConfUtils.java:logGet(43)) - raft.server.log.statemachine.data.sync.timeout.retry = -1 (default)
2019-09-12 06:39:16,388 [pool-97-thread-1] INFO  server.RaftServerConfigKeys (ConfUtils.java:logGet(43)) - raft.server.log.statemachine.data.sync.timeout.retry = -1 (default)
2019-09-12 06:39:16,388 [pool-87-thread-1] INFO  server.RaftServerConfigKeys (ConfUtils.java:logGet(43)) - raft.server.log.statemachine.data.caching.enabled = true (custom)
2019-09-12 06:39:16,388 [pool-97-thread-1] INFO  server.RaftServerConfigKeys (ConfUtils.java:logGet(43)) - raft.server.log.statemachine.data.caching.enabled = true (custom)
2019-09-12 06:39:16,388 [pool-87-thread-1] INFO  segmented.SegmentedRaftLogWorker (SegmentedRaftLogWorker.java:lambda$new$0(132)) - e48d04e8-2c1f-410d-8bfb-5a732d356112@group-B034F0427A69-SegmentedRaftLogWorker: flushIndex: setUnconditionally 0 -> -1
2019-09-12 06:39:16,389 [pool-97-thread-1] INFO  segmented.SegmentedRaftLogWorker (SegmentedRaftLogWorker.java:lambda$new$0(132)) - 9d685984-4448-42b4-b390-543822753f3a@group-B034F0427A69-SegmentedRaftLogWorker: flushIndex: setUnconditionally 0 -> -1
2019-09-12 06:39:16,389 [pool-87-thread-1] INFO  server.RaftServerConfigKeys (ConfUtils.java:logGet(43)) - raft.server.snapshot.auto.trigger.enabled = true (custom)
2019-09-12 06:39:16,389 [pool-87-thread-1] INFO  server.RaftServerConfigKeys (ConfUtils.java:logGet(43)) - raft.server.snapshot.auto.trigger.threshold = 10000 (custom)
2019-09-12 06:39:16,389 [pool-97-thread-1] INFO  server.RaftServerConfigKeys (ConfUtils.java:logGet(43)) - raft.server.snapshot.auto.trigger.enabled = true (custom)
2019-09-12 06:39:16,389 [pool-87-thread-1] INFO  server.RaftServerConfigKeys (ConfUtils.java:logGet(43)) - raft.server.snapshot.retention.num.files = -1 (default)
2019-09-12 06:39:16,389 [pool-107-thread-1] INFO  impl.RaftServerImpl (RaftServerImpl.java:start(185)) - 760f3a61-bfa2-4d4e-85d8-817950efb624@group-B034F0427A69: start as a follower, conf=-1: [760f3a61-bfa2-4d4e-85d8-817950efb624:192.168.34.52:44136, 9d685984-4448-42b4-b390-543822753f3a:192.168.34.52:35205, e48d04e8-2c1f-410d-8bfb-5a732d356112:192.168.34.52:38245], old=null
2019-09-12 06:39:16,389 [pool-87-thread-1] INFO  server.RaftServerConfigKeys (ConfUtils.java:logGet(43)) - raft.server.retrycache.expirytime = 600000ms (custom)
2019-09-12 06:39:16,389 [pool-97-thread-1] INFO  server.RaftServerConfigKeys (ConfUtils.java:logGet(43)) - raft.server.snapshot.auto.trigger.threshold = 10000 (custom)
2019-09-12 06:39:16,389 [pool-107-thread-1] INFO  impl.RaftServerImpl (RaftServerImpl.java:setRole(174)) - 760f3a61-bfa2-4d4e-85d8-817950efb624@group-B034F0427A69: changes role from      null to FOLLOWER at term 0 for startAsFollower
2019-09-12 06:39:16,389 [pool-97-thread-1] INFO  server.RaftServerConfigKeys (ConfUtils.java:logGet(43)) - raft.server.snapshot.retention.num.files = -1 (default)
2019-09-12 06:39:16,389 [pool-107-thread-1] INFO  impl.RoleInfo (RoleInfo.java:updateAndGet(143)) - 760f3a61-bfa2-4d4e-85d8-817950efb624: start FollowerState
2019-09-12 06:39:16,390 [pool-97-thread-1] INFO  server.RaftServerConfigKeys (ConfUtils.java:logGet(43)) - raft.server.retrycache.expirytime = 600000ms (custom)
2019-09-12 06:39:16,390 [pool-107-thread-1] INFO  util.JmxRegister (JmxRegister.java:tryRegister(44)) - Successfully registered JMX Bean with object name Ratis:service=RaftServer,group=group-B034F0427A69,id=760f3a61-bfa2-4d4e-85d8-817950efb624
2019-09-12 06:39:16,391 [pool-87-thread-1] INFO  impl.RaftServerImpl (RaftServerImpl.java:start(185)) - e48d04e8-2c1f-410d-8bfb-5a732d356112@group-B034F0427A69: start as a follower, conf=-1: [760f3a61-bfa2-4d4e-85d8-817950efb624:192.168.34.52:44136, 9d685984-4448-42b4-b390-543822753f3a:192.168.34.52:35205, e48d04e8-2c1f-410d-8bfb-5a732d356112:192.168.34.52:38245], old=null
2019-09-12 06:39:16,391 [pool-87-thread-1] INFO  impl.RaftServerImpl (RaftServerImpl.java:setRole(174)) - e48d04e8-2c1f-410d-8bfb-5a732d356112@group-B034F0427A69: changes role from      null to FOLLOWER at term 0 for startAsFollower
2019-09-12 06:39:16,391 [pool-87-thread-1] INFO  impl.RoleInfo (RoleInfo.java:updateAndGet(143)) - e48d04e8-2c1f-410d-8bfb-5a732d356112: start FollowerState
2019-09-12 06:39:16,392 [pool-87-thread-1] INFO  util.JmxRegister (JmxRegister.java:tryRegister(44)) - Successfully registered JMX Bean with object name Ratis:service=RaftServer,group=group-B034F0427A69,id=e48d04e8-2c1f-410d-8bfb-5a732d356112
2019-09-12 06:39:16,392 [pool-97-thread-1] INFO  impl.RaftServerImpl (RaftServerImpl.java:start(185)) - 9d685984-4448-42b4-b390-543822753f3a@group-B034F0427A69: start as a follower, conf=-1: [760f3a61-bfa2-4d4e-85d8-817950efb624:192.168.34.52:44136, 9d685984-4448-42b4-b390-543822753f3a:192.168.34.52:35205, e48d04e8-2c1f-410d-8bfb-5a732d356112:192.168.34.52:38245], old=null
2019-09-12 06:39:16,392 [pool-97-thread-1] INFO  impl.RaftServerImpl (RaftServerImpl.java:setRole(174)) - 9d685984-4448-42b4-b390-543822753f3a@group-B034F0427A69: changes role from      null to FOLLOWER at term 0 for startAsFollower
2019-09-12 06:39:16,398 [pool-97-thread-1] INFO  impl.RoleInfo (RoleInfo.java:updateAndGet(143)) - 9d685984-4448-42b4-b390-543822753f3a: start FollowerState
2019-09-12 06:39:16,407 [pool-97-thread-1] INFO  util.JmxRegister (JmxRegister.java:tryRegister(44)) - Successfully registered JMX Bean with object name Ratis:service=RaftServer,group=group-B034F0427A69,id=9d685984-4448-42b4-b390-543822753f3a
2019-09-12 06:39:16,415 [RatisPipelineUtilsThread] INFO  pipeline.PipelineStateManager (PipelineStateManager.java:addPipeline(56)) - Created pipeline Pipeline[ Id: 0a74ecfd-3b1d-4619-a0a9-b034f0427a69, Nodes: 9d685984-4448-42b4-b390-543822753f3a{ip: 192.168.34.52, host: trunk-nightly-20190912-4gc2t-2068889165, networkLocation: /default-rack, certSerialId: null}e48d04e8-2c1f-410d-8bfb-5a732d356112{ip: 192.168.34.52, host: trunk-nightly-20190912-4gc2t-2068889165, networkLocation: /default-rack, certSerialId: null}760f3a61-bfa2-4d4e-85d8-817950efb624{ip: 192.168.34.52, host: trunk-nightly-20190912-4gc2t-2068889165, networkLocation: /default-rack, certSerialId: null}, Type:RATIS, Factor:THREE, State:OPEN]
2019-09-12 06:39:16,444 [grpc-default-executor-2] INFO  impl.RaftServerProxy (RaftServerProxy.java:addNew(89)) - 3ae969e4-2e35-40bf-9e0e-95acae9da5a5: addNew group-3C3ABBECBF4F:[d503967e-137a-4fd9-bc45-44203e981a69:192.168.34.52:46648, 24c53ee4-03df-424b-8e99-1fd221f7be60:192.168.34.52:44173, 3ae969e4-2e35-40bf-9e0e-95acae9da5a5:192.168.34.52:34023] returns group-3C3ABBECBF4F:java.util.concurrent.CompletableFuture@2952017f[Not completed]
2019-09-12 06:39:16,444 [grpc-default-executor-0] INFO  impl.RaftServerProxy (RaftServerProxy.java:addNew(89)) - d503967e-137a-4fd9-bc45-44203e981a69: addNew group-3C3ABBECBF4F:[d503967e-137a-4fd9-bc45-44203e981a69:192.168.34.52:46648, 24c53ee4-03df-424b-8e99-1fd221f7be60:192.168.34.52:44173, 3ae969e4-2e35-40bf-9e0e-95acae9da5a5:192.168.34.52:34023] returns group-3C3ABBECBF4F:java.util.concurrent.CompletableFuture@1edc1712[Not completed]
2019-09-12 06:39:16,449 [pool-37-thread-1] INFO  impl.RaftServerImpl (RaftServerImpl.java:<init>(95)) - 3ae969e4-2e35-40bf-9e0e-95acae9da5a5: new RaftServerImpl for group-3C3ABBECBF4F:[d503967e-137a-4fd9-bc45-44203e981a69:192.168.34.52:46648, 24c53ee4-03df-424b-8e99-1fd221f7be60:192.168.34.52:44173, 3ae969e4-2e35-40bf-9e0e-95acae9da5a5:192.168.34.52:34023] with ContainerStateMachine:uninitialized
2019-09-12 06:39:16,450 [pool-37-thread-1] INFO  server.RaftServerConfigKeys (ConfUtils.java:logGet(43)) - raft.server.rpc.timeout.min = 1s (custom)
2019-09-12 06:39:16,450 [grpc-default-executor-2] INFO  impl.RaftServerProxy (RaftServerProxy.java:addNew(89)) - 24c53ee4-03df-424b-8e99-1fd221f7be60: addNew group-3C3ABBECBF4F:[d503967e-137a-4fd9-bc45-44203e981a69:192.168.34.52:46648, 24c53ee4-03df-424b-8e99-1fd221f7be60:192.168.34.52:44173, 3ae969e4-2e35-40bf-9e0e-95acae9da5a5:192.168.34.52:34023] returns group-3C3ABBECBF4F:java.util.concurrent.CompletableFuture@63c40b51[Not completed]
2019-09-12 06:39:16,450 [pool-37-thread-1] INFO  server.RaftServerConfigKeys (ConfUtils.java:logGet(43)) - raft.server.rpc.timeout.max = 1200ms (custom)
2019-09-12 06:39:16,450 [pool-37-thread-1] INFO  server.RaftServerConfigKeys (ConfUtils.java:logGet(43)) - raft.server.rpcslowness.timeout = 120s (custom)
2019-09-12 06:39:16,450 [pool-37-thread-1] INFO  server.RaftServerConfigKeys (ConfUtils.java:logGet(43)) - raft.server.sleep.deviation.threshold = 300 (default)
2019-09-12 06:39:16,450 [pool-37-thread-1] INFO  server.RaftServerConfigKeys (ConfUtils.java:logGet(43)) - raft.server.log.appender.install.snapshot.enabled = false (custom)
2019-09-12 06:39:16,451 [pool-47-thread-1] INFO  impl.RaftServerImpl (RaftServerImpl.java:<init>(95)) - d503967e-137a-4fd9-bc45-44203e981a69: new RaftServerImpl for group-3C3ABBECBF4F:[d503967e-137a-4fd9-bc45-44203e981a69:192.168.34.52:46648, 24c53ee4-03df-424b-8e99-1fd221f7be60:192.168.34.52:44173, 3ae969e4-2e35-40bf-9e0e-95acae9da5a5:192.168.34.52:34023] with ContainerStateMachine:uninitialized
2019-09-12 06:39:16,451 [pool-37-thread-1] INFO  impl.RaftServerImpl (ServerState.java:<init>(103)) - 3ae969e4-2e35-40bf-9e0e-95acae9da5a5@group-3C3ABBECBF4F: ConfigurationManager, init=-1: [d503967e-137a-4fd9-bc45-44203e981a69:192.168.34.52:46648, 24c53ee4-03df-424b-8e99-1fd221f7be60:192.168.34.52:44173, 3ae969e4-2e35-40bf-9e0e-95acae9da5a5:192.168.34.52:34023], old=null, confs=<EMPTY_MAP>
2019-09-12 06:39:16,451 [pool-47-thread-1] INFO  server.RaftServerConfigKeys (ConfUtils.java:logGet(43)) - raft.server.rpc.timeout.min = 1s (custom)
2019-09-12 06:39:16,451 [pool-37-thread-1] INFO  server.RaftServerConfigKeys (ConfUtils.java:logGet(43)) - raft.server.storage.dir = [/workdir/hadoop-ozone/integration-test/target/test-dir/MiniOzoneClusterImpl-37405de7-47da-4aca-9355-033741c24d37/datanode-1/data/ratis] (custom)
2019-09-12 06:39:16,451 [pool-47-thread-1] INFO  server.RaftServerConfigKeys (ConfUtils.java:logGet(43)) - raft.server.rpc.timeout.max = 1200ms (custom)
2019-09-12 06:39:16,451 [pool-47-thread-1] INFO  server.RaftServerConfigKeys (ConfUtils.java:logGet(43)) - raft.server.rpcslowness.timeout = 120s (custom)
2019-09-12 06:39:16,451 [pool-37-thread-1] INFO  storage.RaftStorageDirectory (RaftStorageDirectory.java:analyzeStorage(246)) - The storage directory /workdir/hadoop-ozone/integration-test/target/test-dir/MiniOzoneClusterImpl-37405de7-47da-4aca-9355-033741c24d37/datanode-1/data/ratis/d2999b0e-6ab5-4d00-8298-3c3abbecbf4f does not exist. Creating ...
2019-09-12 06:39:16,451 [pool-117-thread-1] INFO  impl.RaftServerImpl (RaftServerImpl.java:<init>(95)) - 24c53ee4-03df-424b-8e99-1fd221f7be60: new RaftServerImpl for group-3C3ABBECBF4F:[d503967e-137a-4fd9-bc45-44203e981a69:192.168.34.52:46648, 24c53ee4-03df-424b-8e99-1fd221f7be60:192.168.34.52:44173, 3ae969e4-2e35-40bf-9e0e-95acae9da5a5:192.168.34.52:34023] with ContainerStateMachine:uninitialized
2019-09-12 06:39:16,451 [pool-47-thread-1] INFO  server.RaftServerConfigKeys (ConfUtils.java:logGet(43)) - raft.server.sleep.deviation.threshold = 300 (default)
2019-09-12 06:39:16,452 [pool-117-thread-1] INFO  server.RaftServerConfigKeys (ConfUtils.java:logGet(43)) - raft.server.rpc.timeout.min = 1s (custom)
2019-09-12 06:39:16,452 [pool-47-thread-1] INFO  server.RaftServerConfigKeys (ConfUtils.java:logGet(43)) - raft.server.log.appender.install.snapshot.enabled = false (custom)
2019-09-12 06:39:16,452 [pool-117-thread-1] INFO  server.RaftServerConfigKeys (ConfUtils.java:logGet(43)) - raft.server.rpc.timeout.max = 1200ms (custom)
2019-09-12 06:39:16,452 [pool-47-thread-1] INFO  impl.RaftServerImpl (ServerState.java:<init>(103)) - d503967e-137a-4fd9-bc45-44203e981a69@group-3C3ABBECBF4F: ConfigurationManager, init=-1: [d503967e-137a-4fd9-bc45-44203e981a69:192.168.34.52:46648, 24c53ee4-03df-424b-8e99-1fd221f7be60:192.168.34.52:44173, 3ae969e4-2e35-40bf-9e0e-95acae9da5a5:192.168.34.52:34023], old=null, confs=<EMPTY_MAP>
2019-09-12 06:39:16,452 [pool-117-thread-1] INFO  server.RaftServerConfigKeys (ConfUtils.java:logGet(43)) - raft.server.rpcslowness.timeout = 120s (custom)
2019-09-12 06:39:16,452 [pool-47-thread-1] INFO  server.RaftServerConfigKeys (ConfUtils.java:logGet(43)) - raft.server.storage.dir = [/workdir/hadoop-ozone/integration-test/target/test-dir/MiniOzoneClusterImpl-37405de7-47da-4aca-9355-033741c24d37/datanode-2/data/ratis] (custom)
2019-09-12 06:39:16,452 [pool-117-thread-1] INFO  server.RaftServerConfigKeys (ConfUtils.java:logGet(43)) - raft.server.sleep.deviation.threshold = 300 (default)
2019-09-12 06:39:16,453 [pool-117-thread-1] INFO  server.RaftServerConfigKeys (ConfUtils.java:logGet(43)) - raft.server.log.appender.install.snapshot.enabled = false (custom)
2019-09-12 06:39:16,453 [pool-47-thread-1] INFO  storage.RaftStorageDirectory (RaftStorageDirectory.java:analyzeStorage(246)) - The storage directory /workdir/hadoop-ozone/integration-test/target/test-dir/MiniOzoneClusterImpl-37405de7-47da-4aca-9355-033741c24d37/datanode-2/data/ratis/d2999b0e-6ab5-4d00-8298-3c3abbecbf4f does not exist. Creating ...
2019-09-12 06:39:16,453 [pool-117-thread-1] INFO  impl.RaftServerImpl (ServerState.java:<init>(103)) - 24c53ee4-03df-424b-8e99-1fd221f7be60@group-3C3ABBECBF4F: ConfigurationManager, init=-1: [d503967e-137a-4fd9-bc45-44203e981a69:192.168.34.52:46648, 24c53ee4-03df-424b-8e99-1fd221f7be60:192.168.34.52:44173, 3ae969e4-2e35-40bf-9e0e-95acae9da5a5:192.168.34.52:34023], old=null, confs=<EMPTY_MAP>
2019-09-12 06:39:16,453 [pool-117-thread-1] INFO  server.RaftServerConfigKeys (ConfUtils.java:logGet(43)) - raft.server.storage.dir = [/workdir/hadoop-ozone/integration-test/target/test-dir/MiniOzoneClusterImpl-37405de7-47da-4aca-9355-033741c24d37/datanode-9/data/ratis] (custom)
2019-09-12 06:39:16,454 [pool-117-thread-1] INFO  storage.RaftStorageDirectory (RaftStorageDirectory.java:analyzeStorage(246)) - The storage directory /workdir/hadoop-ozone/integration-test/target/test-dir/MiniOzoneClusterImpl-37405de7-47da-4aca-9355-033741c24d37/datanode-9/data/ratis/d2999b0e-6ab5-4d00-8298-3c3abbecbf4f does not exist. Creating ...
2019-09-12 06:39:16,477 [pool-117-thread-1] INFO  storage.RaftStorageDirectory (RaftStorageDirectory.java:tryLock(328)) - Lock on /workdir/hadoop-ozone/integration-test/target/test-dir/MiniOzoneClusterImpl-37405de7-47da-4aca-9355-033741c24d37/datanode-9/data/ratis/d2999b0e-6ab5-4d00-8298-3c3abbecbf4f/in_use.lock acquired by nodename 11046@trunk-nightly-20190912-4gc2t-2068889165
2019-09-12 06:39:16,477 [pool-37-thread-1] INFO  storage.RaftStorageDirectory (RaftStorageDirectory.java:tryLock(328)) - Lock on /workdir/hadoop-ozone/integration-test/target/test-dir/MiniOzoneClusterImpl-37405de7-47da-4aca-9355-033741c24d37/datanode-1/data/ratis/d2999b0e-6ab5-4d00-8298-3c3abbecbf4f/in_use.lock acquired by nodename 11046@trunk-nightly-20190912-4gc2t-2068889165
2019-09-12 06:39:16,477 [pool-47-thread-1] INFO  storage.RaftStorageDirectory (RaftStorageDirectory.java:tryLock(328)) - Lock on /workdir/hadoop-ozone/integration-test/target/test-dir/MiniOzoneClusterImpl-37405de7-47da-4aca-9355-033741c24d37/datanode-2/data/ratis/d2999b0e-6ab5-4d00-8298-3c3abbecbf4f/in_use.lock acquired by nodename 11046@trunk-nightly-20190912-4gc2t-2068889165
2019-09-12 06:39:16,503 [pool-117-thread-1] INFO  storage.RaftStorage (RaftStorage.java:format(72)) - Storage directory /workdir/hadoop-ozone/integration-test/target/test-dir/MiniOzoneClusterImpl-37405de7-47da-4aca-9355-033741c24d37/datanode-9/data/ratis/d2999b0e-6ab5-4d00-8298-3c3abbecbf4f has been successfully formatted.
2019-09-12 06:39:16,503 [pool-47-thread-1] INFO  storage.RaftStorage (RaftStorage.java:format(72)) - Storage directory /workdir/hadoop-ozone/integration-test/target/test-dir/MiniOzoneClusterImpl-37405de7-47da-4aca-9355-033741c24d37/datanode-2/data/ratis/d2999b0e-6ab5-4d00-8298-3c3abbecbf4f has been successfully formatted.
2019-09-12 06:39:16,503 [pool-37-thread-1] INFO  storage.RaftStorage (RaftStorage.java:format(72)) - Storage directory /workdir/hadoop-ozone/integration-test/target/test-dir/MiniOzoneClusterImpl-37405de7-47da-4aca-9355-033741c24d37/datanode-1/data/ratis/d2999b0e-6ab5-4d00-8298-3c3abbecbf4f has been successfully formatted.
2019-09-12 06:39:16,503 [pool-117-thread-1] INFO  ratis.ContainerStateMachine (ContainerStateMachine.java:loadSnapshot(230)) - group-3C3ABBECBF4F: The snapshot info is null. Setting the last applied indexto:(t:0, i:~)
2019-09-12 06:39:16,503 [pool-47-thread-1] INFO  ratis.ContainerStateMachine (ContainerStateMachine.java:loadSnapshot(230)) - group-3C3ABBECBF4F: The snapshot info is null. Setting the last applied indexto:(t:0, i:~)
2019-09-12 06:39:16,503 [pool-37-thread-1] INFO  ratis.ContainerStateMachine (ContainerStateMachine.java:loadSnapshot(230)) - group-3C3ABBECBF4F: The snapshot info is null. Setting the last applied indexto:(t:0, i:~)
2019-09-12 06:39:16,503 [pool-117-thread-1] INFO  server.RaftServerConfigKeys (ConfUtils.java:logGet(43)) - raft.server.notification.no-leader.timeout = 120s (custom)
2019-09-12 06:39:16,504 [pool-37-thread-1] INFO  server.RaftServerConfigKeys (ConfUtils.java:logGet(43)) - raft.server.notification.no-leader.timeout = 120s (custom)
2019-09-12 06:39:16,503 [pool-47-thread-1] INFO  server.RaftServerConfigKeys (ConfUtils.java:logGet(43)) - raft.server.notification.no-leader.timeout = 120s (custom)
2019-09-12 06:39:16,504 [pool-37-thread-1] INFO  server.RaftServerConfigKeys (ConfUtils.java:logGet(43)) - raft.server.log.use.memory = false (default)
2019-09-12 06:39:16,504 [pool-117-thread-1] INFO  server.RaftServerConfigKeys (ConfUtils.java:logGet(43)) - raft.server.log.use.memory = false (default)
2019-09-12 06:39:16,504 [pool-37-thread-1] INFO  server.RaftServerConfigKeys (ConfUtils.java:logGet(43)) - raft.server.log.purge.gap = 1000000 (custom)
2019-09-12 06:39:16,504 [pool-117-thread-1] INFO  server.RaftServerConfigKeys (ConfUtils.java:logGet(43)) - raft.server.log.purge.gap = 1000000 (custom)
2019-09-12 06:39:16,504 [pool-47-thread-1] INFO  server.RaftServerConfigKeys (ConfUtils.java:logGet(43)) - raft.server.log.use.memory = false (default)
2019-09-12 06:39:16,504 [pool-117-thread-1] INFO  server.RaftServerConfigKeys (ConfUtils.java:logGet(43)) - raft.server.log.appender.buffer.byte-limit = 33554432 (custom)
2019-09-12 06:39:16,504 [pool-37-thread-1] INFO  server.RaftServerConfigKeys (ConfUtils.java:logGet(43)) - raft.server.log.appender.buffer.byte-limit = 33554432 (custom)
2019-09-12 06:39:16,505 [pool-117-thread-1] INFO  server.RaftServerConfigKeys (ConfUtils.java:logGet(43)) - raft.server.log.segment.size.max = 1048576 (custom)
2019-09-12 06:39:16,505 [pool-37-thread-1] INFO  server.RaftServerConfigKeys (ConfUtils.java:logGet(43)) - raft.server.log.segment.size.max = 1048576 (custom)
2019-09-12 06:39:16,505 [pool-47-thread-1] INFO  server.RaftServerConfigKeys (ConfUtils.java:logGet(43)) - raft.server.log.purge.gap = 1000000 (custom)
2019-09-12 06:39:16,505 [pool-37-thread-1] INFO  server.RaftServerConfigKeys (ConfUtils.java:logGet(43)) - raft.server.log.segment.cache.num.max = 2 (custom)
2019-09-12 06:39:16,505 [pool-117-thread-1] INFO  server.RaftServerConfigKeys (ConfUtils.java:logGet(43)) - raft.server.log.segment.cache.num.max = 2 (custom)
2019-09-12 06:39:16,505 [pool-37-thread-1] INFO  segmented.SegmentedRaftLogWorker (SegmentedRaftLogWorker.java:<init>(172)) - new 3ae969e4-2e35-40bf-9e0e-95acae9da5a5@group-3C3ABBECBF4F-SegmentedRaftLogWorker for RaftStorage:Storage Directory /workdir/hadoop-ozone/integration-test/target/test-dir/MiniOzoneClusterImpl-37405de7-47da-4aca-9355-033741c24d37/datanode-1/data/ratis/d2999b0e-6ab5-4d00-8298-3c3abbecbf4f
2019-09-12 06:39:16,505 [pool-47-thread-1] INFO  server.RaftServerConfigKeys (ConfUtils.java:logGet(43)) - raft.server.log.appender.buffer.byte-limit = 33554432 (custom)
2019-09-12 06:39:16,506 [pool-37-thread-1] INFO  server.RaftServerConfigKeys (ConfUtils.java:logGet(43)) - raft.server.log.queue.byte-limit = 2147483647 (custom)
2019-09-12 06:39:16,506 [pool-117-thread-1] INFO  segmented.SegmentedRaftLogWorker (SegmentedRaftLogWorker.java:<init>(172)) - new 24c53ee4-03df-424b-8e99-1fd221f7be60@group-3C3ABBECBF4F-SegmentedRaftLogWorker for RaftStorage:Storage Directory /workdir/hadoop-ozone/integration-test/target/test-dir/MiniOzoneClusterImpl-37405de7-47da-4aca-9355-033741c24d37/datanode-9/data/ratis/d2999b0e-6ab5-4d00-8298-3c3abbecbf4f
2019-09-12 06:39:16,506 [pool-37-thread-1] INFO  server.RaftServerConfigKeys (ConfUtils.java:logGet(43)) - raft.server.log.queue.element-limit = 1024 (custom)
2019-09-12 06:39:16,506 [pool-47-thread-1] INFO  server.RaftServerConfigKeys (ConfUtils.java:logGet(43)) - raft.server.log.segment.size.max = 1048576 (custom)
2019-09-12 06:39:16,506 [pool-37-thread-1] INFO  server.RaftServerConfigKeys (ConfUtils.java:logGet(43)) - raft.server.log.segment.size.max = 1048576 (custom)
2019-09-12 06:39:16,506 [pool-117-thread-1] INFO  server.RaftServerConfigKeys (ConfUtils.java:logGet(43)) - raft.server.log.queue.byte-limit = 2147483647 (custom)
2019-09-12 06:39:16,507 [pool-37-thread-1] INFO  server.RaftServerConfigKeys (ConfUtils.java:logGet(43)) - raft.server.log.preallocated.size = 16384 (custom)
2019-09-12 06:39:16,507 [pool-37-thread-1] INFO  server.RaftServerConfigKeys (ConfUtils.java:logGet(43)) - raft.server.log.write.buffer.size = 33554432 (custom)
2019-09-12 06:39:16,506 [pool-47-thread-1] INFO  server.RaftServerConfigKeys (ConfUtils.java:logGet(43)) - raft.server.log.segment.cache.num.max = 2 (custom)
2019-09-12 06:39:16,507 [pool-37-thread-1] INFO  server.RaftServerConfigKeys (ConfUtils.java:logGet(43)) - raft.server.log.force.sync.num = 128 (default)
2019-09-12 06:39:16,507 [pool-117-thread-1] INFO  server.RaftServerConfigKeys (ConfUtils.java:logGet(43)) - raft.server.log.queue.element-limit = 1024 (custom)
2019-09-12 06:39:16,507 [pool-37-thread-1] INFO  server.RaftServerConfigKeys (ConfUtils.java:logGet(43)) - raft.server.log.statemachine.data.sync = true (default)
2019-09-12 06:39:16,507 [pool-47-thread-1] INFO  segmented.SegmentedRaftLogWorker (SegmentedRaftLogWorker.java:<init>(172)) - new d503967e-137a-4fd9-bc45-44203e981a69@group-3C3ABBECBF4F-SegmentedRaftLogWorker for RaftStorage:Storage Directory /workdir/hadoop-ozone/integration-test/target/test-dir/MiniOzoneClusterImpl-37405de7-47da-4aca-9355-033741c24d37/datanode-2/data/ratis/d2999b0e-6ab5-4d00-8298-3c3abbecbf4f
2019-09-12 06:39:16,507 [pool-37-thread-1] INFO  server.RaftServerConfigKeys (ConfUtils.java:logGet(43)) - raft.server.log.statemachine.data.sync.timeout = 10s (default)
2019-09-12 06:39:16,507 [pool-117-thread-1] INFO  server.RaftServerConfigKeys (ConfUtils.java:logGet(43)) - raft.server.log.segment.size.max = 1048576 (custom)
2019-09-12 06:39:16,508 [pool-37-thread-1] INFO  server.RaftServerConfigKeys (ConfUtils.java:logGet(43)) - raft.server.log.statemachine.data.sync.timeout.retry = -1 (default)
2019-09-12 06:39:16,508 [pool-47-thread-1] INFO  server.RaftServerConfigKeys (ConfUtils.java:logGet(43)) - raft.server.log.queue.byte-limit = 2147483647 (custom)
2019-09-12 06:39:16,508 [pool-37-thread-1] INFO  server.RaftServerConfigKeys (ConfUtils.java:logGet(43)) - raft.server.log.statemachine.data.caching.enabled = true (custom)
2019-09-12 06:39:16,508 [pool-117-thread-1] INFO  server.RaftServerConfigKeys (ConfUtils.java:logGet(43)) - raft.server.log.preallocated.size = 16384 (custom)
2019-09-12 06:39:16,508 [pool-47-thread-1] INFO  server.RaftServerConfigKeys (ConfUtils.java:logGet(43)) - raft.server.log.queue.element-limit = 1024 (custom)
2019-09-12 06:39:16,509 [pool-37-thread-1] INFO  segmented.SegmentedRaftLogWorker (SegmentedRaftLogWorker.java:lambda$new$0(132)) - 3ae969e4-2e35-40bf-9e0e-95acae9da5a5@group-3C3ABBECBF4F-SegmentedRaftLogWorker: flushIndex: setUnconditionally 0 -> -1
2019-09-12 06:39:16,508 [pool-117-thread-1] INFO  server.RaftServerConfigKeys (ConfUtils.java:logGet(43)) - raft.server.log.write.buffer.size = 33554432 (custom)
2019-09-12 06:39:16,509 [pool-47-thread-1] INFO  server.RaftServerConfigKeys (ConfUtils.java:logGet(43)) - raft.server.log.segment.size.max = 1048576 (custom)
2019-09-12 06:39:16,509 [pool-37-thread-1] INFO  server.RaftServerConfigKeys (ConfUtils.java:logGet(43)) - raft.server.snapshot.auto.trigger.enabled = true (custom)
2019-09-12 06:39:16,509 [pool-117-thread-1] INFO  server.RaftServerConfigKeys (ConfUtils.java:logGet(43)) - raft.server.log.force.sync.num = 128 (default)
2019-09-12 06:39:16,510 [pool-117-thread-1] INFO  server.RaftServerConfigKeys (ConfUtils.java:logGet(43)) - raft.server.log.statemachine.data.sync = true (default)
2019-09-12 06:39:16,510 [pool-117-thread-1] INFO  server.RaftServerConfigKeys (ConfUtils.java:logGet(43)) - raft.server.log.statemachine.data.sync.timeout = 10s (default)
2019-09-12 06:39:16,510 [pool-117-thread-1] INFO  server.RaftServerConfigKeys (ConfUtils.java:logGet(43)) - raft.server.log.statemachine.data.sync.timeout.retry = -1 (default)
2019-09-12 06:39:16,510 [pool-117-thread-1] INFO  server.RaftServerConfigKeys (ConfUtils.java:logGet(43)) - raft.server.log.statemachine.data.caching.enabled = true (custom)
2019-09-12 06:39:16,509 [pool-37-thread-1] INFO  server.RaftServerConfigKeys (ConfUtils.java:logGet(43)) - raft.server.snapshot.auto.trigger.threshold = 10000 (custom)
2019-09-12 06:39:16,511 [pool-37-thread-1] INFO  server.RaftServerConfigKeys (ConfUtils.java:logGet(43)) - raft.server.snapshot.retention.num.files = -1 (default)
2019-09-12 06:39:16,511 [pool-37-thread-1] INFO  server.RaftServerConfigKeys (ConfUtils.java:logGet(43)) - raft.server.retrycache.expirytime = 600000ms (custom)
2019-09-12 06:39:16,509 [pool-47-thread-1] INFO  server.RaftServerConfigKeys (ConfUtils.java:logGet(43)) - raft.server.log.preallocated.size = 16384 (custom)
2019-09-12 06:39:16,510 [pool-117-thread-1] INFO  segmented.SegmentedRaftLogWorker (SegmentedRaftLogWorker.java:lambda$new$0(132)) - 24c53ee4-03df-424b-8e99-1fd221f7be60@group-3C3ABBECBF4F-SegmentedRaftLogWorker: flushIndex: setUnconditionally 0 -> -1
2019-09-12 06:39:16,512 [pool-47-thread-1] INFO  server.RaftServerConfigKeys (ConfUtils.java:logGet(43)) - raft.server.log.write.buffer.size = 33554432 (custom)
2019-09-12 06:39:16,512 [pool-117-thread-1] INFO  server.RaftServerConfigKeys (ConfUtils.java:logGet(43)) - raft.server.snapshot.auto.trigger.enabled = true (custom)
2019-09-12 06:39:16,512 [pool-47-thread-1] INFO  server.RaftServerConfigKeys (ConfUtils.java:logGet(43)) - raft.server.log.force.sync.num = 128 (default)
2019-09-12 06:39:16,512 [pool-117-thread-1] INFO  server.RaftServerConfigKeys (ConfUtils.java:logGet(43)) - raft.server.snapshot.auto.trigger.threshold = 10000 (custom)
2019-09-12 06:39:16,512 [pool-47-thread-1] INFO  server.RaftServerConfigKeys (ConfUtils.java:logGet(43)) - raft.server.log.statemachine.data.sync = true (default)
2019-09-12 06:39:16,513 [pool-117-thread-1] INFO  server.RaftServerConfigKeys (ConfUtils.java:logGet(43)) - raft.server.snapshot.retention.num.files = -1 (default)
2019-09-12 06:39:16,513 [pool-47-thread-1] INFO  server.RaftServerConfigKeys (ConfUtils.java:logGet(43)) - raft.server.log.statemachine.data.sync.timeout = 10s (default)
2019-09-12 06:39:16,513 [pool-117-thread-1] INFO  server.RaftServerConfigKeys (ConfUtils.java:logGet(43)) - raft.server.retrycache.expirytime = 600000ms (custom)
2019-09-12 06:39:16,513 [pool-47-thread-1] INFO  server.RaftServerConfigKeys (ConfUtils.java:logGet(43)) - raft.server.log.statemachine.data.sync.timeout.retry = -1 (default)
2019-09-12 06:39:16,514 [pool-47-thread-1] INFO  server.RaftServerConfigKeys (ConfUtils.java:logGet(43)) - raft.server.log.statemachine.data.caching.enabled = true (custom)
2019-09-12 06:39:16,514 [pool-47-thread-1] INFO  segmented.SegmentedRaftLogWorker (SegmentedRaftLogWorker.java:lambda$new$0(132)) - d503967e-137a-4fd9-bc45-44203e981a69@group-3C3ABBECBF4F-SegmentedRaftLogWorker: flushIndex: setUnconditionally 0 -> -1
2019-09-12 06:39:16,516 [pool-37-thread-1] INFO  impl.RaftServerImpl (RaftServerImpl.java:start(185)) - 3ae969e4-2e35-40bf-9e0e-95acae9da5a5@group-3C3ABBECBF4F: start as a follower, conf=-1: [d503967e-137a-4fd9-bc45-44203e981a69:192.168.34.52:46648, 24c53ee4-03df-424b-8e99-1fd221f7be60:192.168.34.52:44173, 3ae969e4-2e35-40bf-9e0e-95acae9da5a5:192.168.34.52:34023], old=null
2019-09-12 06:39:16,516 [pool-37-thread-1] INFO  impl.RaftServerImpl (RaftServerImpl.java:setRole(174)) - 3ae969e4-2e35-40bf-9e0e-95acae9da5a5@group-3C3ABBECBF4F: changes role from      null to FOLLOWER at term 0 for startAsFollower
2019-09-12 06:39:16,524 [pool-47-thread-1] INFO  server.RaftServerConfigKeys (ConfUtils.java:logGet(43)) - raft.server.snapshot.auto.trigger.enabled = true (custom)
2019-09-12 06:39:16,524 [pool-37-thread-1] INFO  impl.RoleInfo (RoleInfo.java:updateAndGet(143)) - 3ae969e4-2e35-40bf-9e0e-95acae9da5a5: start FollowerState
2019-09-12 06:39:16,525 [pool-47-thread-1] INFO  server.RaftServerConfigKeys (ConfUtils.java:logGet(43)) - raft.server.snapshot.auto.trigger.threshold = 10000 (custom)
2019-09-12 06:39:16,525 [pool-117-thread-1] INFO  impl.RaftServerImpl (RaftServerImpl.java:start(185)) - 24c53ee4-03df-424b-8e99-1fd221f7be60@group-3C3ABBECBF4F: start as a follower, conf=-1: [d503967e-137a-4fd9-bc45-44203e981a69:192.168.34.52:46648, 24c53ee4-03df-424b-8e99-1fd221f7be60:192.168.34.52:44173, 3ae969e4-2e35-40bf-9e0e-95acae9da5a5:192.168.34.52:34023], old=null
2019-09-12 06:39:16,525 [pool-47-thread-1] INFO  server.RaftServerConfigKeys (ConfUtils.java:logGet(43)) - raft.server.snapshot.retention.num.files = -1 (default)
2019-09-12 06:39:16,525 [pool-37-thread-1] INFO  util.JmxRegister (JmxRegister.java:tryRegister(44)) - Successfully registered JMX Bean with object name Ratis:service=RaftServer,group=group-3C3ABBECBF4F,id=3ae969e4-2e35-40bf-9e0e-95acae9da5a5
2019-09-12 06:39:16,525 [pool-117-thread-1] INFO  impl.RaftServerImpl (RaftServerImpl.java:setRole(174)) - 24c53ee4-03df-424b-8e99-1fd221f7be60@group-3C3ABBECBF4F: changes role from      null to FOLLOWER at term 0 for startAsFollower
2019-09-12 06:39:16,526 [pool-117-thread-1] INFO  impl.RoleInfo (RoleInfo.java:updateAndGet(143)) - 24c53ee4-03df-424b-8e99-1fd221f7be60: start FollowerState
2019-09-12 06:39:16,526 [pool-117-thread-1] INFO  util.JmxRegister (JmxRegister.java:tryRegister(44)) - Successfully registered JMX Bean with object name Ratis:service=RaftServer,group=group-3C3ABBECBF4F,id=24c53ee4-03df-424b-8e99-1fd221f7be60
2019-09-12 06:39:16,525 [pool-47-thread-1] INFO  server.RaftServerConfigKeys (ConfUtils.java:logGet(43)) - raft.server.retrycache.expirytime = 600000ms (custom)
2019-09-12 06:39:16,540 [pool-47-thread-1] INFO  impl.RaftServerImpl (RaftServerImpl.java:start(185)) - d503967e-137a-4fd9-bc45-44203e981a69@group-3C3ABBECBF4F: start as a follower, conf=-1: [d503967e-137a-4fd9-bc45-44203e981a69:192.168.34.52:46648, 24c53ee4-03df-424b-8e99-1fd221f7be60:192.168.34.52:44173, 3ae969e4-2e35-40bf-9e0e-95acae9da5a5:192.168.34.52:34023], old=null
2019-09-12 06:39:16,541 [pool-47-thread-1] INFO  impl.RaftServerImpl (RaftServerImpl.java:setRole(174)) - d503967e-137a-4fd9-bc45-44203e981a69@group-3C3ABBECBF4F: changes role from      null to FOLLOWER at term 0 for startAsFollower
2019-09-12 06:39:16,541 [pool-47-thread-1] INFO  impl.RoleInfo (RoleInfo.java:updateAndGet(143)) - d503967e-137a-4fd9-bc45-44203e981a69: start FollowerState
2019-09-12 06:39:16,541 [pool-47-thread-1] INFO  util.JmxRegister (JmxRegister.java:tryRegister(44)) - Successfully registered JMX Bean with object name Ratis:service=RaftServer,group=group-3C3ABBECBF4F,id=d503967e-137a-4fd9-bc45-44203e981a69
2019-09-12 06:39:16,544 [Thread-294] INFO  impl.FollowerState (FollowerState.java:run(106)) - 9d685984-4448-42b4-b390-543822753f3a:group-BA9862F295CA changes to CANDIDATE, lastRpcTime:1090, electionTimeout:1089ms
2019-09-12 06:39:16,544 [Thread-294] INFO  impl.RoleInfo (RoleInfo.java:shutdownFollowerState(121)) - 9d685984-4448-42b4-b390-543822753f3a: shutdown FollowerState
2019-09-12 06:39:16,544 [Thread-294] INFO  impl.RaftServerImpl (RaftServerImpl.java:setRole(174)) - 9d685984-4448-42b4-b390-543822753f3a@group-BA9862F295CA: changes role from  FOLLOWER to CANDIDATE at term 0 for changeToCandidate
2019-09-12 06:39:16,544 [Thread-294] INFO  impl.RoleInfo (RoleInfo.java:updateAndGet(143)) - 9d685984-4448-42b4-b390-543822753f3a: start LeaderElection
2019-09-12 06:39:16,557 [RatisPipelineUtilsThread] INFO  pipeline.PipelineStateManager (PipelineStateManager.java:addPipeline(56)) - Created pipeline Pipeline[ Id: d2999b0e-6ab5-4d00-8298-3c3abbecbf4f, Nodes: 24c53ee4-03df-424b-8e99-1fd221f7be60{ip: 192.168.34.52, host: trunk-nightly-20190912-4gc2t-2068889165, networkLocation: /default-rack, certSerialId: null}d503967e-137a-4fd9-bc45-44203e981a69{ip: 192.168.34.52, host: trunk-nightly-20190912-4gc2t-2068889165, networkLocation: /default-rack, certSerialId: null}3ae969e4-2e35-40bf-9e0e-95acae9da5a5{ip: 192.168.34.52, host: trunk-nightly-20190912-4gc2t-2068889165, networkLocation: /default-rack, certSerialId: null}, Type:RATIS, Factor:THREE, State:OPEN]
2019-09-12 06:39:16,584 [Thread-291] INFO  impl.FollowerState (FollowerState.java:run(106)) - e1cdc330-b298-4f7e-9f8c-e697349a5e69:group-8FE4ECFCCB53 changes to CANDIDATE, lastRpcTime:1213, electionTimeout:1195ms
2019-09-12 06:39:16,584 [9d685984-4448-42b4-b390-543822753f3a@group-BA9862F295CA:LeaderElection3] INFO  impl.LeaderElection (LeaderElection.java:askForVotes(182)) - 9d685984-4448-42b4-b390-543822753f3a@group-BA9862F295CA:LeaderElection3: begin an election at term 1 for -1: [9d685984-4448-42b4-b390-543822753f3a:192.168.34.52:35205], old=null
2019-09-12 06:39:16,587 [Thread-291] INFO  impl.RoleInfo (RoleInfo.java:shutdownFollowerState(121)) - e1cdc330-b298-4f7e-9f8c-e697349a5e69: shutdown FollowerState
2019-09-12 06:39:16,587 [9d685984-4448-42b4-b390-543822753f3a@group-BA9862F295CA:LeaderElection3] INFO  impl.RoleInfo (RoleInfo.java:shutdownLeaderElection(134)) - 9d685984-4448-42b4-b390-543822753f3a: shutdown LeaderElection
2019-09-12 06:39:16,587 [Thread-291] INFO  impl.RaftServerImpl (RaftServerImpl.java:setRole(174)) - e1cdc330-b298-4f7e-9f8c-e697349a5e69@group-8FE4ECFCCB53: changes role from  FOLLOWER to CANDIDATE at term 0 for changeToCandidate
2019-09-12 06:39:16,591 [9d685984-4448-42b4-b390-543822753f3a@group-BA9862F295CA:LeaderElection3] INFO  impl.RaftServerImpl (RaftServerImpl.java:setRole(174)) - 9d685984-4448-42b4-b390-543822753f3a@group-BA9862F295CA: changes role from CANDIDATE to LEADER at term 1 for changeToLeader
2019-09-12 06:39:16,591 [9d685984-4448-42b4-b390-543822753f3a@group-BA9862F295CA:LeaderElection3] INFO  impl.RaftServerImpl (ServerState.java:setLeader(253)) - 9d685984-4448-42b4-b390-543822753f3a@group-BA9862F295CA: change Leader from null to 9d685984-4448-42b4-b390-543822753f3a at term 1 for becomeLeader, leader elected after 1146ms
2019-09-12 06:39:16,591 [Thread-291] INFO  impl.RoleInfo (RoleInfo.java:updateAndGet(143)) - e1cdc330-b298-4f7e-9f8c-e697349a5e69: start LeaderElection
2019-09-12 06:39:16,591 [9d685984-4448-42b4-b390-543822753f3a@group-BA9862F295CA:LeaderElection3] INFO  server.RaftServerConfigKeys (ConfUtils.java:logGet(43)) - raft.server.staging.catchup.gap = 1000 (default)
2019-09-12 06:39:16,591 [9d685984-4448-42b4-b390-543822753f3a@group-BA9862F295CA:LeaderElection3] INFO  server.RaftServerConfigKeys (ConfUtils.java:logGet(43)) - raft.server.rpc.sleep.time = 25ms (default)
2019-09-12 06:39:16,596 [9d685984-4448-42b4-b390-543822753f3a@group-BA9862F295CA:LeaderElection3] INFO  server.RaftServerConfigKeys (ConfUtils.java:logGet(43)) - raft.server.write.element-limit = 4096 (default)
2019-09-12 06:39:16,597 [9d685984-4448-42b4-b390-543822753f3a@group-BA9862F295CA:LeaderElection3] INFO  server.RaftServerConfigKeys (ConfUtils.java:logGet(43)) - raft.server.watch.timeout = 10s (default)
2019-09-12 06:39:16,597 [9d685984-4448-42b4-b390-543822753f3a@group-BA9862F295CA:LeaderElection3] INFO  server.RaftServerConfigKeys (ConfUtils.java:logGet(43)) - raft.server.watch.timeout.denomination = 1s (default)
2019-09-12 06:39:16,597 [9d685984-4448-42b4-b390-543822753f3a@group-BA9862F295CA:LeaderElection3] INFO  server.RaftServerConfigKeys (ConfUtils.java:logGet(43)) - raft.server.watch.element-limit = 65536 (default)
2019-09-12 06:39:16,600 [9d685984-4448-42b4-b390-543822753f3a@group-BA9862F295CA:LeaderElection3] INFO  impl.RoleInfo (RoleInfo.java:updateAndGet(143)) - 9d685984-4448-42b4-b390-543822753f3a: start LeaderState
2019-09-12 06:39:16,600 [9d685984-4448-42b4-b390-543822753f3a@group-BA9862F295CA:LeaderElection3] INFO  segmented.SegmentedRaftLogWorker (SegmentedRaftLogWorker.java:startLogSegment(380)) - 9d685984-4448-42b4-b390-543822753f3a@group-BA9862F295CA-SegmentedRaftLogWorker: Starting segment from index:0
2019-09-12 06:39:16,600 [9d685984-4448-42b4-b390-543822753f3a@group-BA9862F295CA:LeaderElection3] INFO  impl.RaftServerImpl (ServerState.java:setRaftConf(354)) - 9d685984-4448-42b4-b390-543822753f3a@group-BA9862F295CA: set configuration 0: [9d685984-4448-42b4-b390-543822753f3a:192.168.34.52:35205], old=null at 0
2019-09-12 06:39:16,627 [996a256c-fd43-494a-96f3-903b907c5248@group-74C3AED4701A-SegmentedRaftLogWorker] INFO  segmented.SegmentedRaftLogWorker (SegmentedRaftLogWorker.java:execute(569)) - 996a256c-fd43-494a-96f3-903b907c5248@group-74C3AED4701A-SegmentedRaftLogWorker: created new log segment /workdir/hadoop-ozone/integration-test/target/test-dir/MiniOzoneClusterImpl-37405de7-47da-4aca-9355-033741c24d37/datanode-0/data/ratis/ab9ab4df-1b9f-4af8-b7ff-74c3aed4701a/current/log_inprogress_0
2019-09-12 06:39:16,627 [e1cdc330-b298-4f7e-9f8c-e697349a5e69@group-8FE4ECFCCB53:LeaderElection4] INFO  impl.LeaderElection (LeaderElection.java:askForVotes(182)) - e1cdc330-b298-4f7e-9f8c-e697349a5e69@group-8FE4ECFCCB53:LeaderElection4: begin an election at term 1 for -1: [e1cdc330-b298-4f7e-9f8c-e697349a5e69:192.168.34.52:34054], old=null
2019-09-12 06:39:16,627 [5ecf13a7-acad-498a-ad7b-6f285dbc97e2@group-82268D16D026-SegmentedRaftLogWorker] INFO  segmented.SegmentedRaftLogWorker (SegmentedRaftLogWorker.java:execute(569)) - 5ecf13a7-acad-498a-ad7b-6f285dbc97e2@group-82268D16D026-SegmentedRaftLogWorker: created new log segment /workdir/hadoop-ozone/integration-test/target/test-dir/MiniOzoneClusterImpl-37405de7-47da-4aca-9355-033741c24d37/datanode-4/data/ratis/9dded4a1-ce34-4223-9c5e-82268d16d026/current/log_inprogress_0
2019-09-12 06:39:16,627 [e1cdc330-b298-4f7e-9f8c-e697349a5e69@group-8FE4ECFCCB53:LeaderElection4] INFO  impl.RoleInfo (RoleInfo.java:shutdownLeaderElection(134)) - e1cdc330-b298-4f7e-9f8c-e697349a5e69: shutdown LeaderElection
2019-09-12 06:39:16,628 [e1cdc330-b298-4f7e-9f8c-e697349a5e69@group-8FE4ECFCCB53:LeaderElection4] INFO  impl.RaftServerImpl (RaftServerImpl.java:setRole(174)) - e1cdc330-b298-4f7e-9f8c-e697349a5e69@group-8FE4ECFCCB53: changes role from CANDIDATE to LEADER at term 1 for changeToLeader
2019-09-12 06:39:16,628 [e1cdc330-b298-4f7e-9f8c-e697349a5e69@group-8FE4ECFCCB53:LeaderElection4] INFO  impl.RaftServerImpl (ServerState.java:setLeader(253)) - e1cdc330-b298-4f7e-9f8c-e697349a5e69@group-8FE4ECFCCB53: change Leader from null to e1cdc330-b298-4f7e-9f8c-e697349a5e69 at term 1 for becomeLeader, leader elected after 1326ms
2019-09-12 06:39:16,628 [e1cdc330-b298-4f7e-9f8c-e697349a5e69@group-8FE4ECFCCB53:LeaderElection4] INFO  server.RaftServerConfigKeys (ConfUtils.java:logGet(43)) - raft.server.staging.catchup.gap = 1000 (default)
2019-09-12 06:39:16,628 [e1cdc330-b298-4f7e-9f8c-e697349a5e69@group-8FE4ECFCCB53:LeaderElection4] INFO  server.RaftServerConfigKeys (ConfUtils.java:logGet(43)) - raft.server.rpc.sleep.time = 25ms (default)
2019-09-12 06:39:16,628 [e1cdc330-b298-4f7e-9f8c-e697349a5e69@group-8FE4ECFCCB53:LeaderElection4] INFO  server.RaftServerConfigKeys (ConfUtils.java:logGet(43)) - raft.server.write.element-limit = 4096 (default)
2019-09-12 06:39:16,629 [e1cdc330-b298-4f7e-9f8c-e697349a5e69@group-8FE4ECFCCB53:LeaderElection4] INFO  server.RaftServerConfigKeys (ConfUtils.java:logGet(43)) - raft.server.watch.timeout = 10s (default)
2019-09-12 06:39:16,629 [e1cdc330-b298-4f7e-9f8c-e697349a5e69@group-8FE4ECFCCB53:LeaderElection4] INFO  server.RaftServerConfigKeys (ConfUtils.java:logGet(43)) - raft.server.watch.timeout.denomination = 1s (default)
2019-09-12 06:39:16,632 [e1cdc330-b298-4f7e-9f8c-e697349a5e69@group-8FE4ECFCCB53:LeaderElection4] INFO  server.RaftServerConfigKeys (ConfUtils.java:logGet(43)) - raft.server.watch.element-limit = 65536 (default)
2019-09-12 06:39:16,637 [e1cdc330-b298-4f7e-9f8c-e697349a5e69@group-8FE4ECFCCB53:LeaderElection4] INFO  impl.RoleInfo (RoleInfo.java:updateAndGet(143)) - e1cdc330-b298-4f7e-9f8c-e697349a5e69: start LeaderState
2019-09-12 06:39:16,638 [e1cdc330-b298-4f7e-9f8c-e697349a5e69@group-8FE4ECFCCB53:LeaderElection4] INFO  segmented.SegmentedRaftLogWorker (SegmentedRaftLogWorker.java:startLogSegment(380)) - e1cdc330-b298-4f7e-9f8c-e697349a5e69@group-8FE4ECFCCB53-SegmentedRaftLogWorker: Starting segment from index:0
2019-09-12 06:39:16,638 [e1cdc330-b298-4f7e-9f8c-e697349a5e69@group-8FE4ECFCCB53:LeaderElection4] INFO  impl.RaftServerImpl (ServerState.java:setRaftConf(354)) - e1cdc330-b298-4f7e-9f8c-e697349a5e69@group-8FE4ECFCCB53: set configuration 0: [e1cdc330-b298-4f7e-9f8c-e697349a5e69:192.168.34.52:34054], old=null at 0
2019-09-12 06:39:16,641 [9d685984-4448-42b4-b390-543822753f3a@group-BA9862F295CA-SegmentedRaftLogWorker] INFO  segmented.SegmentedRaftLogWorker (SegmentedRaftLogWorker.java:execute(569)) - 9d685984-4448-42b4-b390-543822753f3a@group-BA9862F295CA-SegmentedRaftLogWorker: created new log segment /workdir/hadoop-ozone/integration-test/target/test-dir/MiniOzoneClusterImpl-37405de7-47da-4aca-9355-033741c24d37/datanode-7/data/ratis/4e2f8f7f-cd47-4dc4-a580-ba9862f295ca/current/log_inprogress_0
2019-09-12 06:39:16,687 [Thread-300] INFO  impl.FollowerState (FollowerState.java:run(106)) - 760f3a61-bfa2-4d4e-85d8-817950efb624:group-942E54ADB06C changes to CANDIDATE, lastRpcTime:1054, electionTimeout:1052ms
2019-09-12 06:39:16,687 [Thread-300] INFO  impl.RoleInfo (RoleInfo.java:shutdownFollowerState(121)) - 760f3a61-bfa2-4d4e-85d8-817950efb624: shutdown FollowerState
2019-09-12 06:39:16,687 [Thread-300] INFO  impl.RaftServerImpl (RaftServerImpl.java:setRole(174)) - 760f3a61-bfa2-4d4e-85d8-817950efb624@group-942E54ADB06C: changes role from  FOLLOWER to CANDIDATE at term 0 for changeToCandidate
2019-09-12 06:39:16,691 [Thread-300] INFO  impl.RoleInfo (RoleInfo.java:updateAndGet(143)) - 760f3a61-bfa2-4d4e-85d8-817950efb624: start LeaderElection
2019-09-12 06:39:16,712 [e1cdc330-b298-4f7e-9f8c-e697349a5e69@group-8FE4ECFCCB53-SegmentedRaftLogWorker] INFO  segmented.SegmentedRaftLogWorker (SegmentedRaftLogWorker.java:execute(569)) - e1cdc330-b298-4f7e-9f8c-e697349a5e69@group-8FE4ECFCCB53-SegmentedRaftLogWorker: created new log segment /workdir/hadoop-ozone/integration-test/target/test-dir/MiniOzoneClusterImpl-37405de7-47da-4aca-9355-033741c24d37/datanode-3/data/ratis/cc200e1a-7227-4245-bd78-8fe4ecfccb53/current/log_inprogress_0
2019-09-12 06:39:16,712 [760f3a61-bfa2-4d4e-85d8-817950efb624@group-942E54ADB06C:LeaderElection5] INFO  impl.LeaderElection (LeaderElection.java:askForVotes(182)) - 760f3a61-bfa2-4d4e-85d8-817950efb624@group-942E54ADB06C:LeaderElection5: begin an election at term 1 for -1: [760f3a61-bfa2-4d4e-85d8-817950efb624:192.168.34.52:44136], old=null
2019-09-12 06:39:16,712 [760f3a61-bfa2-4d4e-85d8-817950efb624@group-942E54ADB06C:LeaderElection5] INFO  impl.RoleInfo (RoleInfo.java:shutdownLeaderElection(134)) - 760f3a61-bfa2-4d4e-85d8-817950efb624: shutdown LeaderElection
2019-09-12 06:39:16,713 [760f3a61-bfa2-4d4e-85d8-817950efb624@group-942E54ADB06C:LeaderElection5] INFO  impl.RaftServerImpl (RaftServerImpl.java:setRole(174)) - 760f3a61-bfa2-4d4e-85d8-817950efb624@group-942E54ADB06C: changes role from CANDIDATE to LEADER at term 1 for changeToLeader
2019-09-12 06:39:16,713 [760f3a61-bfa2-4d4e-85d8-817950efb624@group-942E54ADB06C:LeaderElection5] INFO  impl.RaftServerImpl (ServerState.java:setLeader(253)) - 760f3a61-bfa2-4d4e-85d8-817950efb624@group-942E54ADB06C: change Leader from null to 760f3a61-bfa2-4d4e-85d8-817950efb624 at term 1 for becomeLeader, leader elected after 1088ms
2019-09-12 06:39:16,713 [760f3a61-bfa2-4d4e-85d8-817950efb624@group-942E54ADB06C:LeaderElection5] INFO  server.RaftServerConfigKeys (ConfUtils.java:logGet(43)) - raft.server.staging.catchup.gap = 1000 (default)
2019-09-12 06:39:16,713 [760f3a61-bfa2-4d4e-85d8-817950efb624@group-942E54ADB06C:LeaderElection5] INFO  server.RaftServerConfigKeys (ConfUtils.java:logGet(43)) - raft.server.rpc.sleep.time = 25ms (default)
2019-09-12 06:39:16,713 [760f3a61-bfa2-4d4e-85d8-817950efb624@group-942E54ADB06C:LeaderElection5] INFO  server.RaftServerConfigKeys (ConfUtils.java:logGet(43)) - raft.server.write.element-limit = 4096 (default)
2019-09-12 06:39:16,713 [760f3a61-bfa2-4d4e-85d8-817950efb624@group-942E54ADB06C:LeaderElection5] INFO  server.RaftServerConfigKeys (ConfUtils.java:logGet(43)) - raft.server.watch.timeout = 10s (default)
2019-09-12 06:39:16,713 [760f3a61-bfa2-4d4e-85d8-817950efb624@group-942E54ADB06C:LeaderElection5] INFO  server.RaftServerConfigKeys (ConfUtils.java:logGet(43)) - raft.server.watch.timeout.denomination = 1s (default)
2019-09-12 06:39:16,713 [760f3a61-bfa2-4d4e-85d8-817950efb624@group-942E54ADB06C:LeaderElection5] INFO  server.RaftServerConfigKeys (ConfUtils.java:logGet(43)) - raft.server.watch.element-limit = 65536 (default)
2019-09-12 06:39:16,715 [760f3a61-bfa2-4d4e-85d8-817950efb624@group-942E54ADB06C:LeaderElection5] INFO  impl.RoleInfo (RoleInfo.java:updateAndGet(143)) - 760f3a61-bfa2-4d4e-85d8-817950efb624: start LeaderState
2019-09-12 06:39:16,716 [760f3a61-bfa2-4d4e-85d8-817950efb624@group-942E54ADB06C:LeaderElection5] INFO  segmented.SegmentedRaftLogWorker (SegmentedRaftLogWorker.java:startLogSegment(380)) - 760f3a61-bfa2-4d4e-85d8-817950efb624@group-942E54ADB06C-SegmentedRaftLogWorker: Starting segment from index:0
2019-09-12 06:39:16,716 [760f3a61-bfa2-4d4e-85d8-817950efb624@group-942E54ADB06C:LeaderElection5] INFO  impl.RaftServerImpl (ServerState.java:setRaftConf(354)) - 760f3a61-bfa2-4d4e-85d8-817950efb624@group-942E54ADB06C: set configuration 0: [760f3a61-bfa2-4d4e-85d8-817950efb624:192.168.34.52:44136], old=null at 0
2019-09-12 06:39:16,750 [Thread-297] INFO  impl.FollowerState (FollowerState.java:run(106)) - e48d04e8-2c1f-410d-8bfb-5a732d356112:group-9736B014CBA9 changes to CANDIDATE, lastRpcTime:1202, electionTimeout:1200ms
2019-09-12 06:39:16,751 [Thread-297] INFO  impl.RoleInfo (RoleInfo.java:shutdownFollowerState(121)) - e48d04e8-2c1f-410d-8bfb-5a732d356112: shutdown FollowerState
2019-09-12 06:39:16,751 [Thread-297] INFO  impl.RaftServerImpl (RaftServerImpl.java:setRole(174)) - e48d04e8-2c1f-410d-8bfb-5a732d356112@group-9736B014CBA9: changes role from  FOLLOWER to CANDIDATE at term 0 for changeToCandidate
2019-09-12 06:39:16,754 [Thread-297] INFO  impl.RoleInfo (RoleInfo.java:updateAndGet(143)) - e48d04e8-2c1f-410d-8bfb-5a732d356112: start LeaderElection
2019-09-12 06:39:16,765 [760f3a61-bfa2-4d4e-85d8-817950efb624@group-942E54ADB06C-SegmentedRaftLogWorker] INFO  segmented.SegmentedRaftLogWorker (SegmentedRaftLogWorker.java:execute(569)) - 760f3a61-bfa2-4d4e-85d8-817950efb624@group-942E54ADB06C-SegmentedRaftLogWorker: created new log segment /workdir/hadoop-ozone/integration-test/target/test-dir/MiniOzoneClusterImpl-37405de7-47da-4aca-9355-033741c24d37/datanode-8/data/ratis/9f4e1179-6700-417b-97cd-942e54adb06c/current/log_inprogress_0
2019-09-12 06:39:16,779 [e48d04e8-2c1f-410d-8bfb-5a732d356112@group-9736B014CBA9:LeaderElection6] INFO  impl.LeaderElection (LeaderElection.java:askForVotes(182)) - e48d04e8-2c1f-410d-8bfb-5a732d356112@group-9736B014CBA9:LeaderElection6: begin an election at term 1 for -1: [e48d04e8-2c1f-410d-8bfb-5a732d356112:192.168.34.52:38245], old=null
2019-09-12 06:39:16,779 [e48d04e8-2c1f-410d-8bfb-5a732d356112@group-9736B014CBA9:LeaderElection6] INFO  impl.RoleInfo (RoleInfo.java:shutdownLeaderElection(134)) - e48d04e8-2c1f-410d-8bfb-5a732d356112: shutdown LeaderElection
2019-09-12 06:39:16,780 [e48d04e8-2c1f-410d-8bfb-5a732d356112@group-9736B014CBA9:LeaderElection6] INFO  impl.RaftServerImpl (RaftServerImpl.java:setRole(174)) - e48d04e8-2c1f-410d-8bfb-5a732d356112@group-9736B014CBA9: changes role from CANDIDATE to LEADER at term 1 for changeToLeader
2019-09-12 06:39:16,780 [e48d04e8-2c1f-410d-8bfb-5a732d356112@group-9736B014CBA9:LeaderElection6] INFO  impl.RaftServerImpl (ServerState.java:setLeader(253)) - e48d04e8-2c1f-410d-8bfb-5a732d356112@group-9736B014CBA9: change Leader from null to e48d04e8-2c1f-410d-8bfb-5a732d356112 at term 1 for becomeLeader, leader elected after 1244ms
2019-09-12 06:39:16,780 [e48d04e8-2c1f-410d-8bfb-5a732d356112@group-9736B014CBA9:LeaderElection6] INFO  server.RaftServerConfigKeys (ConfUtils.java:logGet(43)) - raft.server.staging.catchup.gap = 1000 (default)
2019-09-12 06:39:16,780 [e48d04e8-2c1f-410d-8bfb-5a732d356112@group-9736B014CBA9:LeaderElection6] INFO  server.RaftServerConfigKeys (ConfUtils.java:logGet(43)) - raft.server.rpc.sleep.time = 25ms (default)
2019-09-12 06:39:16,780 [e48d04e8-2c1f-410d-8bfb-5a732d356112@group-9736B014CBA9:LeaderElection6] INFO  server.RaftServerConfigKeys (ConfUtils.java:logGet(43)) - raft.server.write.element-limit = 4096 (default)
2019-09-12 06:39:16,780 [e48d04e8-2c1f-410d-8bfb-5a732d356112@group-9736B014CBA9:LeaderElection6] INFO  server.RaftServerConfigKeys (ConfUtils.java:logGet(43)) - raft.server.watch.timeout = 10s (default)
2019-09-12 06:39:16,781 [e48d04e8-2c1f-410d-8bfb-5a732d356112@group-9736B014CBA9:LeaderElection6] INFO  server.RaftServerConfigKeys (ConfUtils.java:logGet(43)) - raft.server.watch.timeout.denomination = 1s (default)
2019-09-12 06:39:16,781 [e48d04e8-2c1f-410d-8bfb-5a732d356112@group-9736B014CBA9:LeaderElection6] INFO  server.RaftServerConfigKeys (ConfUtils.java:logGet(43)) - raft.server.watch.element-limit = 65536 (default)
2019-09-12 06:39:16,784 [e48d04e8-2c1f-410d-8bfb-5a732d356112@group-9736B014CBA9:LeaderElection6] INFO  impl.RoleInfo (RoleInfo.java:updateAndGet(143)) - e48d04e8-2c1f-410d-8bfb-5a732d356112: start LeaderState
2019-09-12 06:39:16,784 [e48d04e8-2c1f-410d-8bfb-5a732d356112@group-9736B014CBA9:LeaderElection6] INFO  segmented.SegmentedRaftLogWorker (SegmentedRaftLogWorker.java:startLogSegment(380)) - e48d04e8-2c1f-410d-8bfb-5a732d356112@group-9736B014CBA9-SegmentedRaftLogWorker: Starting segment from index:0
2019-09-12 06:39:16,785 [e48d04e8-2c1f-410d-8bfb-5a732d356112@group-9736B014CBA9:LeaderElection6] INFO  impl.RaftServerImpl (ServerState.java:setRaftConf(354)) - e48d04e8-2c1f-410d-8bfb-5a732d356112@group-9736B014CBA9: set configuration 0: [e48d04e8-2c1f-410d-8bfb-5a732d356112:192.168.34.52:38245], old=null at 0
2019-09-12 06:39:16,825 [e48d04e8-2c1f-410d-8bfb-5a732d356112@group-9736B014CBA9-SegmentedRaftLogWorker] INFO  segmented.SegmentedRaftLogWorker (SegmentedRaftLogWorker.java:execute(569)) - e48d04e8-2c1f-410d-8bfb-5a732d356112@group-9736B014CBA9-SegmentedRaftLogWorker: created new log segment /workdir/hadoop-ozone/integration-test/target/test-dir/MiniOzoneClusterImpl-37405de7-47da-4aca-9355-033741c24d37/datanode-6/data/ratis/12aaf6ea-2b8e-4a58-94b0-9736b014cba9/current/log_inprogress_0
2019-09-12 06:39:16,851 [Thread-303] INFO  impl.FollowerState (FollowerState.java:run(106)) - 24c53ee4-03df-424b-8e99-1fd221f7be60:group-33659DE75C71 changes to CANDIDATE, lastRpcTime:1130, electionTimeout:1130ms
2019-09-12 06:39:16,852 [Thread-303] INFO  impl.RoleInfo (RoleInfo.java:shutdownFollowerState(121)) - 24c53ee4-03df-424b-8e99-1fd221f7be60: shutdown FollowerState
2019-09-12 06:39:16,852 [Thread-303] INFO  impl.RaftServerImpl (RaftServerImpl.java:setRole(174)) - 24c53ee4-03df-424b-8e99-1fd221f7be60@group-33659DE75C71: changes role from  FOLLOWER to CANDIDATE at term 0 for changeToCandidate
2019-09-12 06:39:16,852 [Thread-303] INFO  impl.RoleInfo (RoleInfo.java:updateAndGet(143)) - 24c53ee4-03df-424b-8e99-1fd221f7be60: start LeaderElection
2019-09-12 06:39:16,873 [24c53ee4-03df-424b-8e99-1fd221f7be60@group-33659DE75C71:LeaderElection7] INFO  impl.LeaderElection (LeaderElection.java:askForVotes(182)) - 24c53ee4-03df-424b-8e99-1fd221f7be60@group-33659DE75C71:LeaderElection7: begin an election at term 1 for -1: [24c53ee4-03df-424b-8e99-1fd221f7be60:192.168.34.52:44173], old=null
2019-09-12 06:39:16,873 [24c53ee4-03df-424b-8e99-1fd221f7be60@group-33659DE75C71:LeaderElection7] INFO  impl.RoleInfo (RoleInfo.java:shutdownLeaderElection(134)) - 24c53ee4-03df-424b-8e99-1fd221f7be60: shutdown LeaderElection
2019-09-12 06:39:16,873 [24c53ee4-03df-424b-8e99-1fd221f7be60@group-33659DE75C71:LeaderElection7] INFO  impl.RaftServerImpl (RaftServerImpl.java:setRole(174)) - 24c53ee4-03df-424b-8e99-1fd221f7be60@group-33659DE75C71: changes role from CANDIDATE to LEADER at term 1 for changeToLeader
2019-09-12 06:39:16,873 [24c53ee4-03df-424b-8e99-1fd221f7be60@group-33659DE75C71:LeaderElection7] INFO  impl.RaftServerImpl (ServerState.java:setLeader(253)) - 24c53ee4-03df-424b-8e99-1fd221f7be60@group-33659DE75C71: change Leader from null to 24c53ee4-03df-424b-8e99-1fd221f7be60 at term 1 for becomeLeader, leader elected after 1163ms
2019-09-12 06:39:16,873 [24c53ee4-03df-424b-8e99-1fd221f7be60@group-33659DE75C71:LeaderElection7] INFO  server.RaftServerConfigKeys (ConfUtils.java:logGet(43)) - raft.server.staging.catchup.gap = 1000 (default)
2019-09-12 06:39:16,874 [24c53ee4-03df-424b-8e99-1fd221f7be60@group-33659DE75C71:LeaderElection7] INFO  server.RaftServerConfigKeys (ConfUtils.java:logGet(43)) - raft.server.rpc.sleep.time = 25ms (default)
2019-09-12 06:39:16,874 [24c53ee4-03df-424b-8e99-1fd221f7be60@group-33659DE75C71:LeaderElection7] INFO  server.RaftServerConfigKeys (ConfUtils.java:logGet(43)) - raft.server.write.element-limit = 4096 (default)
2019-09-12 06:39:16,874 [24c53ee4-03df-424b-8e99-1fd221f7be60@group-33659DE75C71:LeaderElection7] INFO  server.RaftServerConfigKeys (ConfUtils.java:logGet(43)) - raft.server.watch.timeout = 10s (default)
2019-09-12 06:39:16,874 [24c53ee4-03df-424b-8e99-1fd221f7be60@group-33659DE75C71:LeaderElection7] INFO  server.RaftServerConfigKeys (ConfUtils.java:logGet(43)) - raft.server.watch.timeout.denomination = 1s (default)
2019-09-12 06:39:16,874 [24c53ee4-03df-424b-8e99-1fd221f7be60@group-33659DE75C71:LeaderElection7] INFO  server.RaftServerConfigKeys (ConfUtils.java:logGet(43)) - raft.server.watch.element-limit = 65536 (default)
2019-09-12 06:39:16,878 [24c53ee4-03df-424b-8e99-1fd221f7be60@group-33659DE75C71:LeaderElection7] INFO  impl.RoleInfo (RoleInfo.java:updateAndGet(143)) - 24c53ee4-03df-424b-8e99-1fd221f7be60: start LeaderState
2019-09-12 06:39:16,878 [24c53ee4-03df-424b-8e99-1fd221f7be60@group-33659DE75C71:LeaderElection7] INFO  segmented.SegmentedRaftLogWorker (SegmentedRaftLogWorker.java:startLogSegment(380)) - 24c53ee4-03df-424b-8e99-1fd221f7be60@group-33659DE75C71-SegmentedRaftLogWorker: Starting segment from index:0
2019-09-12 06:39:16,879 [24c53ee4-03df-424b-8e99-1fd221f7be60@group-33659DE75C71:LeaderElection7] INFO  impl.RaftServerImpl (ServerState.java:setRaftConf(354)) - 24c53ee4-03df-424b-8e99-1fd221f7be60@group-33659DE75C71: set configuration 0: [24c53ee4-03df-424b-8e99-1fd221f7be60:192.168.34.52:44173], old=null at 0
2019-09-12 06:39:16,943 [24c53ee4-03df-424b-8e99-1fd221f7be60@group-33659DE75C71-SegmentedRaftLogWorker] INFO  segmented.SegmentedRaftLogWorker (SegmentedRaftLogWorker.java:execute(569)) - 24c53ee4-03df-424b-8e99-1fd221f7be60@group-33659DE75C71-SegmentedRaftLogWorker: created new log segment /workdir/hadoop-ozone/integration-test/target/test-dir/MiniOzoneClusterImpl-37405de7-47da-4aca-9355-033741c24d37/datanode-9/data/ratis/35305c04-9a14-4345-9917-33659de75c71/current/log_inprogress_0
2019-09-12 06:39:17,088 [Thread-306] INFO  impl.FollowerState (FollowerState.java:run(106)) - d503967e-137a-4fd9-bc45-44203e981a69:group-C39041EE6A6F changes to CANDIDATE, lastRpcTime:1259, electionTimeout:1188ms
2019-09-12 06:39:17,088 [Thread-306] INFO  impl.RoleInfo (RoleInfo.java:shutdownFollowerState(121)) - d503967e-137a-4fd9-bc45-44203e981a69: shutdown FollowerState
2019-09-12 06:39:17,088 [Thread-306] INFO  impl.RaftServerImpl (RaftServerImpl.java:setRole(174)) - d503967e-137a-4fd9-bc45-44203e981a69@group-C39041EE6A6F: changes role from  FOLLOWER to CANDIDATE at term 0 for changeToCandidate
2019-09-12 06:39:17,092 [main] INFO  rpc.RpcClient (RpcClient.java:createVolume(301)) - Creating Volume: datanodefailurehandlingtest, with jenkins1000 as owner.
2019-09-12 06:39:17,108 [Thread-306] INFO  impl.RoleInfo (RoleInfo.java:updateAndGet(143)) - d503967e-137a-4fd9-bc45-44203e981a69: start LeaderElection
2019-09-12 06:39:17,141 [d503967e-137a-4fd9-bc45-44203e981a69@group-C39041EE6A6F:LeaderElection8] INFO  impl.LeaderElection (LeaderElection.java:askForVotes(182)) - d503967e-137a-4fd9-bc45-44203e981a69@group-C39041EE6A6F:LeaderElection8: begin an election at term 1 for -1: [d503967e-137a-4fd9-bc45-44203e981a69:192.168.34.52:46648], old=null
2019-09-12 06:39:17,141 [d503967e-137a-4fd9-bc45-44203e981a69@group-C39041EE6A6F:LeaderElection8] INFO  impl.RoleInfo (RoleInfo.java:shutdownLeaderElection(134)) - d503967e-137a-4fd9-bc45-44203e981a69: shutdown LeaderElection
2019-09-12 06:39:17,142 [d503967e-137a-4fd9-bc45-44203e981a69@group-C39041EE6A6F:LeaderElection8] INFO  impl.RaftServerImpl (RaftServerImpl.java:setRole(174)) - d503967e-137a-4fd9-bc45-44203e981a69@group-C39041EE6A6F: changes role from CANDIDATE to LEADER at term 1 for changeToLeader
2019-09-12 06:39:17,142 [d503967e-137a-4fd9-bc45-44203e981a69@group-C39041EE6A6F:LeaderElection8] INFO  impl.RaftServerImpl (ServerState.java:setLeader(253)) - d503967e-137a-4fd9-bc45-44203e981a69@group-C39041EE6A6F: change Leader from null to d503967e-137a-4fd9-bc45-44203e981a69 at term 1 for becomeLeader, leader elected after 1325ms
2019-09-12 06:39:17,142 [d503967e-137a-4fd9-bc45-44203e981a69@group-C39041EE6A6F:LeaderElection8] INFO  server.RaftServerConfigKeys (ConfUtils.java:logGet(43)) - raft.server.staging.catchup.gap = 1000 (default)
2019-09-12 06:39:17,142 [d503967e-137a-4fd9-bc45-44203e981a69@group-C39041EE6A6F:LeaderElection8] INFO  server.RaftServerConfigKeys (ConfUtils.java:logGet(43)) - raft.server.rpc.sleep.time = 25ms (default)
2019-09-12 06:39:17,165 [d503967e-137a-4fd9-bc45-44203e981a69@group-C39041EE6A6F:LeaderElection8] INFO  server.RaftServerConfigKeys (ConfUtils.java:logGet(43)) - raft.server.write.element-limit = 4096 (default)
2019-09-12 06:39:17,165 [d503967e-137a-4fd9-bc45-44203e981a69@group-C39041EE6A6F:LeaderElection8] INFO  server.RaftServerConfigKeys (ConfUtils.java:logGet(43)) - raft.server.watch.timeout = 10s (default)
2019-09-12 06:39:17,165 [d503967e-137a-4fd9-bc45-44203e981a69@group-C39041EE6A6F:LeaderElection8] INFO  server.RaftServerConfigKeys (ConfUtils.java:logGet(43)) - raft.server.watch.timeout.denomination = 1s (default)
2019-09-12 06:39:17,165 [d503967e-137a-4fd9-bc45-44203e981a69@group-C39041EE6A6F:LeaderElection8] INFO  server.RaftServerConfigKeys (ConfUtils.java:logGet(43)) - raft.server.watch.element-limit = 65536 (default)
2019-09-12 06:39:17,170 [Thread-309] INFO  impl.FollowerState (FollowerState.java:run(106)) - 3ae969e4-2e35-40bf-9e0e-95acae9da5a5:group-D98DF6F48314 changes to CANDIDATE, lastRpcTime:1120, electionTimeout:1119ms
2019-09-12 06:39:17,170 [Thread-309] INFO  impl.RoleInfo (RoleInfo.java:shutdownFollowerState(121)) - 3ae969e4-2e35-40bf-9e0e-95acae9da5a5: shutdown FollowerState
2019-09-12 06:39:17,170 [Thread-309] INFO  impl.RaftServerImpl (RaftServerImpl.java:setRole(174)) - 3ae969e4-2e35-40bf-9e0e-95acae9da5a5@group-D98DF6F48314: changes role from  FOLLOWER to CANDIDATE at term 0 for changeToCandidate
2019-09-12 06:39:17,500 [Thread-309] INFO  impl.RoleInfo (RoleInfo.java:updateAndGet(143)) - 3ae969e4-2e35-40bf-9e0e-95acae9da5a5: start LeaderElection
2019-09-12 06:39:17,521 [Thread-322] INFO  impl.FollowerState (FollowerState.java:run(106)) - 5ecf13a7-acad-498a-ad7b-6f285dbc97e2:group-C5E42DFE1AE1 changes to CANDIDATE, lastRpcTime:1258, electionTimeout:1159ms
2019-09-12 06:39:17,515 [Thread-313] INFO  impl.FollowerState (FollowerState.java:run(106)) - a2418947-6d3b-4038-833d-0b4f506c9c75:group-DDC3329050F3 changes to CANDIDATE, lastRpcTime:1372, electionTimeout:1132ms
2019-09-12 06:39:17,515 [Thread-320] INFO  impl.FollowerState (FollowerState.java:run(106)) - 996a256c-fd43-494a-96f3-903b907c5248:group-C5E42DFE1AE1 changes to CANDIDATE, lastRpcTime:1254, electionTimeout:1010ms
2019-09-12 06:39:17,514 [Thread-323] INFO  impl.FollowerState (FollowerState.java:run(106)) - e1cdc330-b298-4f7e-9f8c-e697349a5e69:group-C5E42DFE1AE1 changes to CANDIDATE, lastRpcTime:1251, electionTimeout:1059ms
2019-09-12 06:39:17,523 [Thread-313] INFO  impl.RoleInfo (RoleInfo.java:shutdownFollowerState(121)) - a2418947-6d3b-4038-833d-0b4f506c9c75: shutdown FollowerState
2019-09-12 06:39:17,523 [Thread-323] INFO  impl.RoleInfo (RoleInfo.java:shutdownFollowerState(121)) - e1cdc330-b298-4f7e-9f8c-e697349a5e69: shutdown FollowerState
2019-09-12 06:39:17,523 [Thread-320] INFO  impl.RoleInfo (RoleInfo.java:shutdownFollowerState(121)) - 996a256c-fd43-494a-96f3-903b907c5248: shutdown FollowerState
2019-09-12 06:39:17,527 [Thread-323] INFO  impl.RaftServerImpl (RaftServerImpl.java:setRole(174)) - e1cdc330-b298-4f7e-9f8c-e697349a5e69@group-C5E42DFE1AE1: changes role from  FOLLOWER to CANDIDATE at term 0 for changeToCandidate
2019-09-12 06:39:17,528 [Thread-313] INFO  impl.RaftServerImpl (RaftServerImpl.java:setRole(174)) - a2418947-6d3b-4038-833d-0b4f506c9c75@group-DDC3329050F3: changes role from  FOLLOWER to CANDIDATE at term 0 for changeToCandidate
2019-09-12 06:39:17,531 [Thread-313] INFO  impl.RoleInfo (RoleInfo.java:updateAndGet(143)) - a2418947-6d3b-4038-833d-0b4f506c9c75: start LeaderElection
2019-09-12 06:39:17,531 [Thread-322] INFO  impl.RoleInfo (RoleInfo.java:shutdownFollowerState(121)) - 5ecf13a7-acad-498a-ad7b-6f285dbc97e2: shutdown FollowerState
2019-09-12 06:39:17,531 [Thread-322] INFO  impl.RaftServerImpl (RaftServerImpl.java:setRole(174)) - 5ecf13a7-acad-498a-ad7b-6f285dbc97e2@group-C5E42DFE1AE1: changes role from  FOLLOWER to CANDIDATE at term 0 for changeToCandidate
2019-09-12 06:39:17,535 [Thread-322] INFO  impl.RoleInfo (RoleInfo.java:updateAndGet(143)) - 5ecf13a7-acad-498a-ad7b-6f285dbc97e2: start LeaderElection
2019-09-12 06:39:17,535 [Thread-320] INFO  impl.RaftServerImpl (RaftServerImpl.java:setRole(174)) - 996a256c-fd43-494a-96f3-903b907c5248@group-C5E42DFE1AE1: changes role from  FOLLOWER to CANDIDATE at term 0 for changeToCandidate
2019-09-12 06:39:17,535 [Thread-333] INFO  impl.FollowerState (FollowerState.java:run(106)) - e48d04e8-2c1f-410d-8bfb-5a732d356112:group-B034F0427A69 changes to CANDIDATE, lastRpcTime:1144, electionTimeout:1142ms
2019-09-12 06:39:17,535 [Thread-323] INFO  impl.RoleInfo (RoleInfo.java:updateAndGet(143)) - e1cdc330-b298-4f7e-9f8c-e697349a5e69: start LeaderElection
2019-09-12 06:39:17,538 [Thread-320] INFO  impl.RoleInfo (RoleInfo.java:updateAndGet(143)) - 996a256c-fd43-494a-96f3-903b907c5248: start LeaderElection
2019-09-12 06:39:17,538 [Thread-333] INFO  impl.RoleInfo (RoleInfo.java:shutdownFollowerState(121)) - e48d04e8-2c1f-410d-8bfb-5a732d356112: shutdown FollowerState
2019-09-12 06:39:17,545 [Thread-333] INFO  impl.RaftServerImpl (RaftServerImpl.java:setRole(174)) - e48d04e8-2c1f-410d-8bfb-5a732d356112@group-B034F0427A69: changes role from  FOLLOWER to CANDIDATE at term 0 for changeToCandidate
2019-09-12 06:39:17,546 [Thread-333] INFO  impl.RoleInfo (RoleInfo.java:updateAndGet(143)) - e48d04e8-2c1f-410d-8bfb-5a732d356112: start LeaderElection
2019-09-12 06:39:17,549 [Thread-335] INFO  impl.FollowerState (FollowerState.java:run(106)) - 9d685984-4448-42b4-b390-543822753f3a:group-B034F0427A69 changes to CANDIDATE, lastRpcTime:1151, electionTimeout:1142ms
2019-09-12 06:39:17,549 [Thread-341] INFO  impl.FollowerState (FollowerState.java:run(106)) - 24c53ee4-03df-424b-8e99-1fd221f7be60:group-3C3ABBECBF4F changes to CANDIDATE, lastRpcTime:1023, electionTimeout:1023ms
2019-09-12 06:39:17,549 [Thread-335] INFO  impl.RoleInfo (RoleInfo.java:shutdownFollowerState(121)) - 9d685984-4448-42b4-b390-543822753f3a: shutdown FollowerState
2019-09-12 06:39:17,549 [Thread-341] INFO  impl.RoleInfo (RoleInfo.java:shutdownFollowerState(121)) - 24c53ee4-03df-424b-8e99-1fd221f7be60: shutdown FollowerState
2019-09-12 06:39:17,549 [Thread-335] INFO  impl.RaftServerImpl (RaftServerImpl.java:setRole(174)) - 9d685984-4448-42b4-b390-543822753f3a@group-B034F0427A69: changes role from  FOLLOWER to CANDIDATE at term 0 for changeToCandidate
2019-09-12 06:39:17,550 [Thread-341] INFO  impl.RaftServerImpl (RaftServerImpl.java:setRole(174)) - 24c53ee4-03df-424b-8e99-1fd221f7be60@group-3C3ABBECBF4F: changes role from  FOLLOWER to CANDIDATE at term 0 for changeToCandidate
2019-09-12 06:39:17,556 [Thread-330] INFO  impl.FollowerState (FollowerState.java:run(106)) - 760f3a61-bfa2-4d4e-85d8-817950efb624:group-B034F0427A69 changes to CANDIDATE, lastRpcTime:1166, electionTimeout:1166ms
2019-09-12 06:39:17,556 [Thread-330] INFO  impl.RoleInfo (RoleInfo.java:shutdownFollowerState(121)) - 760f3a61-bfa2-4d4e-85d8-817950efb624: shutdown FollowerState
2019-09-12 06:39:17,557 [Thread-330] INFO  impl.RaftServerImpl (RaftServerImpl.java:setRole(174)) - 760f3a61-bfa2-4d4e-85d8-817950efb624@group-B034F0427A69: changes role from  FOLLOWER to CANDIDATE at term 0 for changeToCandidate
2019-09-12 06:39:17,575 [a2418947-6d3b-4038-833d-0b4f506c9c75@group-DDC3329050F3:LeaderElection10] INFO  impl.LeaderElection (LeaderElection.java:askForVotes(182)) - a2418947-6d3b-4038-833d-0b4f506c9c75@group-DDC3329050F3:LeaderElection10: begin an election at term 1 for -1: [a2418947-6d3b-4038-833d-0b4f506c9c75:192.168.34.52:32895], old=null
2019-09-12 06:39:17,575 [5ecf13a7-acad-498a-ad7b-6f285dbc97e2@group-C5E42DFE1AE1:LeaderElection11] INFO  impl.LeaderElection (LeaderElection.java:askForVotes(182)) - 5ecf13a7-acad-498a-ad7b-6f285dbc97e2@group-C5E42DFE1AE1:LeaderElection11: begin an election at term 1 for -1: [996a256c-fd43-494a-96f3-903b907c5248:192.168.34.52:43167, 5ecf13a7-acad-498a-ad7b-6f285dbc97e2:192.168.34.52:41223, e1cdc330-b298-4f7e-9f8c-e697349a5e69:192.168.34.52:34054], old=null
2019-09-12 06:39:17,575 [Thread-335] INFO  impl.RoleInfo (RoleInfo.java:updateAndGet(143)) - 9d685984-4448-42b4-b390-543822753f3a: start LeaderElection
2019-09-12 06:39:17,575 [3ae969e4-2e35-40bf-9e0e-95acae9da5a5@group-D98DF6F48314:LeaderElection9] INFO  impl.LeaderElection (LeaderElection.java:askForVotes(182)) - 3ae969e4-2e35-40bf-9e0e-95acae9da5a5@group-D98DF6F48314:LeaderElection9: begin an election at term 1 for -1: [3ae969e4-2e35-40bf-9e0e-95acae9da5a5:192.168.34.52:34023], old=null
2019-09-12 06:39:17,575 [Thread-341] INFO  impl.RoleInfo (RoleInfo.java:updateAndGet(143)) - 24c53ee4-03df-424b-8e99-1fd221f7be60: start LeaderElection
2019-09-12 06:39:17,575 [Thread-330] INFO  impl.RoleInfo (RoleInfo.java:updateAndGet(143)) - 760f3a61-bfa2-4d4e-85d8-817950efb624: start LeaderElection
2019-09-12 06:39:17,581 [3ae969e4-2e35-40bf-9e0e-95acae9da5a5@group-D98DF6F48314:LeaderElection9] INFO  impl.RoleInfo (RoleInfo.java:shutdownLeaderElection(134)) - 3ae969e4-2e35-40bf-9e0e-95acae9da5a5: shutdown LeaderElection
2019-09-12 06:39:17,576 [a2418947-6d3b-4038-833d-0b4f506c9c75@group-DDC3329050F3:LeaderElection10] INFO  impl.RoleInfo (RoleInfo.java:shutdownLeaderElection(134)) - a2418947-6d3b-4038-833d-0b4f506c9c75: shutdown LeaderElection
2019-09-12 06:39:17,582 [3ae969e4-2e35-40bf-9e0e-95acae9da5a5@group-D98DF6F48314:LeaderElection9] INFO  impl.RaftServerImpl (RaftServerImpl.java:setRole(174)) - 3ae969e4-2e35-40bf-9e0e-95acae9da5a5@group-D98DF6F48314: changes role from CANDIDATE to LEADER at term 1 for changeToLeader
2019-09-12 06:39:17,582 [a2418947-6d3b-4038-833d-0b4f506c9c75@group-DDC3329050F3:LeaderElection10] INFO  impl.RaftServerImpl (RaftServerImpl.java:setRole(174)) - a2418947-6d3b-4038-833d-0b4f506c9c75@group-DDC3329050F3: changes role from CANDIDATE to LEADER at term 1 for changeToLeader
2019-09-12 06:39:17,582 [3ae969e4-2e35-40bf-9e0e-95acae9da5a5@group-D98DF6F48314:LeaderElection9] INFO  impl.RaftServerImpl (ServerState.java:setLeader(253)) - 3ae969e4-2e35-40bf-9e0e-95acae9da5a5@group-D98DF6F48314: change Leader from null to 3ae969e4-2e35-40bf-9e0e-95acae9da5a5 at term 1 for becomeLeader, leader elected after 1542ms
2019-09-12 06:39:17,582 [a2418947-6d3b-4038-833d-0b4f506c9c75@group-DDC3329050F3:LeaderElection10] INFO  impl.RaftServerImpl (ServerState.java:setLeader(253)) - a2418947-6d3b-4038-833d-0b4f506c9c75@group-DDC3329050F3: change Leader from null to a2418947-6d3b-4038-833d-0b4f506c9c75 at term 1 for becomeLeader, leader elected after 1452ms
2019-09-12 06:39:17,582 [3ae969e4-2e35-40bf-9e0e-95acae9da5a5@group-D98DF6F48314:LeaderElection9] INFO  server.RaftServerConfigKeys (ConfUtils.java:logGet(43)) - raft.server.staging.catchup.gap = 1000 (default)
2019-09-12 06:39:17,582 [a2418947-6d3b-4038-833d-0b4f506c9c75@group-DDC3329050F3:LeaderElection10] INFO  server.RaftServerConfigKeys (ConfUtils.java:logGet(43)) - raft.server.staging.catchup.gap = 1000 (default)
2019-09-12 06:39:17,585 [3ae969e4-2e35-40bf-9e0e-95acae9da5a5@group-D98DF6F48314:LeaderElection9] INFO  server.RaftServerConfigKeys (ConfUtils.java:logGet(43)) - raft.server.rpc.sleep.time = 25ms (default)
2019-09-12 06:39:17,596 [996a256c-fd43-494a-96f3-903b907c5248@group-C5E42DFE1AE1:LeaderElection13] INFO  impl.LeaderElection (LeaderElection.java:askForVotes(182)) - 996a256c-fd43-494a-96f3-903b907c5248@group-C5E42DFE1AE1:LeaderElection13: begin an election at term 1 for -1: [996a256c-fd43-494a-96f3-903b907c5248:192.168.34.52:43167, 5ecf13a7-acad-498a-ad7b-6f285dbc97e2:192.168.34.52:41223, e1cdc330-b298-4f7e-9f8c-e697349a5e69:192.168.34.52:34054], old=null
2019-09-12 06:39:17,586 [a2418947-6d3b-4038-833d-0b4f506c9c75@group-DDC3329050F3:LeaderElection10] INFO  server.RaftServerConfigKeys (ConfUtils.java:logGet(43)) - raft.server.rpc.sleep.time = 25ms (default)
2019-09-12 06:39:17,596 [3ae969e4-2e35-40bf-9e0e-95acae9da5a5@group-D98DF6F48314:LeaderElection9] INFO  server.RaftServerConfigKeys (ConfUtils.java:logGet(43)) - raft.server.write.element-limit = 4096 (default)
2019-09-12 06:39:17,605 [a2418947-6d3b-4038-833d-0b4f506c9c75@group-DDC3329050F3:LeaderElection10] INFO  server.RaftServerConfigKeys (ConfUtils.java:logGet(43)) - raft.server.write.element-limit = 4096 (default)
2019-09-12 06:39:17,606 [3ae969e4-2e35-40bf-9e0e-95acae9da5a5@group-D98DF6F48314:LeaderElection9] INFO  server.RaftServerConfigKeys (ConfUtils.java:logGet(43)) - raft.server.watch.timeout = 10s (default)
2019-09-12 06:39:17,606 [a2418947-6d3b-4038-833d-0b4f506c9c75@group-DDC3329050F3:LeaderElection10] INFO  server.RaftServerConfigKeys (ConfUtils.java:logGet(43)) - raft.server.watch.timeout = 10s (default)
2019-09-12 06:39:17,606 [3ae969e4-2e35-40bf-9e0e-95acae9da5a5@group-D98DF6F48314:LeaderElection9] INFO  server.RaftServerConfigKeys (ConfUtils.java:logGet(43)) - raft.server.watch.timeout.denomination = 1s (default)
2019-09-12 06:39:17,609 [a2418947-6d3b-4038-833d-0b4f506c9c75@group-DDC3329050F3:LeaderElection10] INFO  server.RaftServerConfigKeys (ConfUtils.java:logGet(43)) - raft.server.watch.timeout.denomination = 1s (default)
2019-09-12 06:39:17,609 [3ae969e4-2e35-40bf-9e0e-95acae9da5a5@group-D98DF6F48314:LeaderElection9] INFO  server.RaftServerConfigKeys (ConfUtils.java:logGet(43)) - raft.server.watch.element-limit = 65536 (default)
2019-09-12 06:39:17,610 [a2418947-6d3b-4038-833d-0b4f506c9c75@group-DDC3329050F3:LeaderElection10] INFO  server.RaftServerConfigKeys (ConfUtils.java:logGet(43)) - raft.server.watch.element-limit = 65536 (default)
2019-09-12 06:39:17,621 [760f3a61-bfa2-4d4e-85d8-817950efb624@group-B034F0427A69:LeaderElection17] INFO  impl.LeaderElection (LeaderElection.java:askForVotes(182)) - 760f3a61-bfa2-4d4e-85d8-817950efb624@group-B034F0427A69:LeaderElection17: begin an election at term 1 for -1: [760f3a61-bfa2-4d4e-85d8-817950efb624:192.168.34.52:44136, 9d685984-4448-42b4-b390-543822753f3a:192.168.34.52:35205, e48d04e8-2c1f-410d-8bfb-5a732d356112:192.168.34.52:38245], old=null
2019-09-12 06:39:17,621 [e48d04e8-2c1f-410d-8bfb-5a732d356112@group-B034F0427A69:LeaderElection14] INFO  impl.LeaderElection (LeaderElection.java:askForVotes(182)) - e48d04e8-2c1f-410d-8bfb-5a732d356112@group-B034F0427A69:LeaderElection14: begin an election at term 1 for -1: [760f3a61-bfa2-4d4e-85d8-817950efb624:192.168.34.52:44136, 9d685984-4448-42b4-b390-543822753f3a:192.168.34.52:35205, e48d04e8-2c1f-410d-8bfb-5a732d356112:192.168.34.52:38245], old=null
2019-09-12 06:39:17,621 [e1cdc330-b298-4f7e-9f8c-e697349a5e69@group-C5E42DFE1AE1:LeaderElection12] INFO  impl.LeaderElection (LeaderElection.java:askForVotes(182)) - e1cdc330-b298-4f7e-9f8c-e697349a5e69@group-C5E42DFE1AE1:LeaderElection12: begin an election at term 1 for -1: [996a256c-fd43-494a-96f3-903b907c5248:192.168.34.52:43167, 5ecf13a7-acad-498a-ad7b-6f285dbc97e2:192.168.34.52:41223, e1cdc330-b298-4f7e-9f8c-e697349a5e69:192.168.34.52:34054], old=null
2019-09-12 06:39:17,623 [IPC Server handler 1 on 37697] INFO  volume.OMVolumeCreateRequest (OMVolumeCreateRequest.java:validateAndUpdateCache(189)) - created volume:datanodefailurehandlingtest for user:jenkins1000
2019-09-12 06:39:17,637 [24c53ee4-03df-424b-8e99-1fd221f7be60@group-3C3ABBECBF4F:LeaderElection16] INFO  impl.LeaderElection (LeaderElection.java:askForVotes(182)) - 24c53ee4-03df-424b-8e99-1fd221f7be60@group-3C3ABBECBF4F:LeaderElection16: begin an election at term 1 for -1: [d503967e-137a-4fd9-bc45-44203e981a69:192.168.34.52:46648, 24c53ee4-03df-424b-8e99-1fd221f7be60:192.168.34.52:44173, 3ae969e4-2e35-40bf-9e0e-95acae9da5a5:192.168.34.52:34023], old=null
2019-09-12 06:39:17,637 [9d685984-4448-42b4-b390-543822753f3a@group-B034F0427A69:LeaderElection15] INFO  impl.LeaderElection (LeaderElection.java:askForVotes(182)) - 9d685984-4448-42b4-b390-543822753f3a@group-B034F0427A69:LeaderElection15: begin an election at term 1 for -1: [760f3a61-bfa2-4d4e-85d8-817950efb624:192.168.34.52:44136, 9d685984-4448-42b4-b390-543822753f3a:192.168.34.52:35205, e48d04e8-2c1f-410d-8bfb-5a732d356112:192.168.34.52:38245], old=null
2019-09-12 06:39:17,666 [Thread-339] INFO  impl.FollowerState (FollowerState.java:run(106)) - 3ae969e4-2e35-40bf-9e0e-95acae9da5a5:group-3C3ABBECBF4F changes to CANDIDATE, lastRpcTime:1141, electionTimeout:1134ms
2019-09-12 06:39:17,666 [Thread-339] INFO  impl.RoleInfo (RoleInfo.java:shutdownFollowerState(121)) - 3ae969e4-2e35-40bf-9e0e-95acae9da5a5: shutdown FollowerState
2019-09-12 06:39:17,667 [Thread-339] INFO  impl.RaftServerImpl (RaftServerImpl.java:setRole(174)) - 3ae969e4-2e35-40bf-9e0e-95acae9da5a5@group-3C3ABBECBF4F: changes role from  FOLLOWER to CANDIDATE at term 0 for changeToCandidate
2019-09-12 06:39:17,667 [Thread-339] INFO  impl.RoleInfo (RoleInfo.java:updateAndGet(143)) - 3ae969e4-2e35-40bf-9e0e-95acae9da5a5: start LeaderElection
2019-09-12 06:39:17,717 [3ae969e4-2e35-40bf-9e0e-95acae9da5a5@group-3C3ABBECBF4F:LeaderElection18] INFO  impl.LeaderElection (LeaderElection.java:askForVotes(182)) - 3ae969e4-2e35-40bf-9e0e-95acae9da5a5@group-3C3ABBECBF4F:LeaderElection18: begin an election at term 1 for -1: [d503967e-137a-4fd9-bc45-44203e981a69:192.168.34.52:46648, 24c53ee4-03df-424b-8e99-1fd221f7be60:192.168.34.52:44173, 3ae969e4-2e35-40bf-9e0e-95acae9da5a5:192.168.34.52:34023], old=null
2019-09-12 06:39:17,722 [Thread-344] INFO  impl.FollowerState (FollowerState.java:run(106)) - d503967e-137a-4fd9-bc45-44203e981a69:group-3C3ABBECBF4F changes to CANDIDATE, lastRpcTime:1181, electionTimeout:1181ms
2019-09-12 06:39:17,722 [Thread-344] INFO  impl.RoleInfo (RoleInfo.java:shutdownFollowerState(121)) - d503967e-137a-4fd9-bc45-44203e981a69: shutdown FollowerState
2019-09-12 06:39:17,723 [Thread-344] INFO  impl.RaftServerImpl (RaftServerImpl.java:setRole(174)) - d503967e-137a-4fd9-bc45-44203e981a69@group-3C3ABBECBF4F: changes role from  FOLLOWER to CANDIDATE at term 0 for changeToCandidate
2019-09-12 06:39:17,728 [Thread-344] INFO  impl.RoleInfo (RoleInfo.java:updateAndGet(143)) - d503967e-137a-4fd9-bc45-44203e981a69: start LeaderElection
2019-09-12 06:39:17,787 [d503967e-137a-4fd9-bc45-44203e981a69@group-3C3ABBECBF4F:LeaderElection19] INFO  impl.LeaderElection (LeaderElection.java:askForVotes(182)) - d503967e-137a-4fd9-bc45-44203e981a69@group-3C3ABBECBF4F:LeaderElection19: begin an election at term 1 for -1: [d503967e-137a-4fd9-bc45-44203e981a69:192.168.34.52:46648, 24c53ee4-03df-424b-8e99-1fd221f7be60:192.168.34.52:44173, 3ae969e4-2e35-40bf-9e0e-95acae9da5a5:192.168.34.52:34023], old=null
2019-09-12 06:39:17,833 [main] INFO  rpc.RpcClient (RpcClient.java:createBucket(440)) - Creating Bucket: datanodefailurehandlingtest/datanodefailurehandlingtest, with Versioning false and Storage Type set to DISK and Encryption set to false 
2019-09-12 06:39:17,859 [Thread-283] INFO  container.ReplicationManager (ReplicationManager.java:start(162)) - Starting Replication Monitor Thread.
2019-09-12 06:39:17,866 [ReplicationMonitor] INFO  container.ReplicationManager (ReplicationManager.java:run(225)) - Replication Monitor Thread took 2 milliseconds for processing 0 containers.
2019-09-12 06:39:17,866 [a2418947-6d3b-4038-833d-0b4f506c9c75@group-DDC3329050F3:LeaderElection10] INFO  impl.RoleInfo (RoleInfo.java:updateAndGet(143)) - a2418947-6d3b-4038-833d-0b4f506c9c75: start LeaderState
2019-09-12 06:39:17,868 [a2418947-6d3b-4038-833d-0b4f506c9c75@group-DDC3329050F3:LeaderElection10] INFO  segmented.SegmentedRaftLogWorker (SegmentedRaftLogWorker.java:startLogSegment(380)) - a2418947-6d3b-4038-833d-0b4f506c9c75@group-DDC3329050F3-SegmentedRaftLogWorker: Starting segment from index:0
2019-09-12 06:39:17,870 [3ae969e4-2e35-40bf-9e0e-95acae9da5a5@group-D98DF6F48314:LeaderElection9] INFO  impl.RoleInfo (RoleInfo.java:updateAndGet(143)) - 3ae969e4-2e35-40bf-9e0e-95acae9da5a5: start LeaderState
2019-09-12 06:39:17,872 [3ae969e4-2e35-40bf-9e0e-95acae9da5a5@group-D98DF6F48314:LeaderElection9] INFO  segmented.SegmentedRaftLogWorker (SegmentedRaftLogWorker.java:startLogSegment(380)) - 3ae969e4-2e35-40bf-9e0e-95acae9da5a5@group-D98DF6F48314-SegmentedRaftLogWorker: Starting segment from index:0
2019-09-12 06:39:17,872 [a2418947-6d3b-4038-833d-0b4f506c9c75@group-DDC3329050F3:LeaderElection10] INFO  impl.RaftServerImpl (ServerState.java:setRaftConf(354)) - a2418947-6d3b-4038-833d-0b4f506c9c75@group-DDC3329050F3: set configuration 0: [a2418947-6d3b-4038-833d-0b4f506c9c75:192.168.34.52:32895], old=null at 0
2019-09-12 06:39:17,872 [d503967e-137a-4fd9-bc45-44203e981a69@group-C39041EE6A6F:LeaderElection8] INFO  impl.RoleInfo (RoleInfo.java:updateAndGet(143)) - d503967e-137a-4fd9-bc45-44203e981a69: start LeaderState
2019-09-12 06:39:17,909 [3ae969e4-2e35-40bf-9e0e-95acae9da5a5@group-D98DF6F48314:LeaderElection9] INFO  impl.RaftServerImpl (ServerState.java:setRaftConf(354)) - 3ae969e4-2e35-40bf-9e0e-95acae9da5a5@group-D98DF6F48314: set configuration 0: [3ae969e4-2e35-40bf-9e0e-95acae9da5a5:192.168.34.52:34023], old=null at 0
2019-09-12 06:39:17,909 [d503967e-137a-4fd9-bc45-44203e981a69@group-C39041EE6A6F:LeaderElection8] INFO  segmented.SegmentedRaftLogWorker (SegmentedRaftLogWorker.java:startLogSegment(380)) - d503967e-137a-4fd9-bc45-44203e981a69@group-C39041EE6A6F-SegmentedRaftLogWorker: Starting segment from index:0
2019-09-12 06:39:17,946 [a2418947-6d3b-4038-833d-0b4f506c9c75@group-DDC3329050F3-SegmentedRaftLogWorker] INFO  segmented.SegmentedRaftLogWorker (SegmentedRaftLogWorker.java:execute(569)) - a2418947-6d3b-4038-833d-0b4f506c9c75@group-DDC3329050F3-SegmentedRaftLogWorker: created new log segment /workdir/hadoop-ozone/integration-test/target/test-dir/MiniOzoneClusterImpl-37405de7-47da-4aca-9355-033741c24d37/datanode-5/data/ratis/23756322-e4d1-47bf-9f41-ddc3329050f3/current/log_inprogress_0
2019-09-12 06:39:17,984 [3ae969e4-2e35-40bf-9e0e-95acae9da5a5@group-D98DF6F48314-SegmentedRaftLogWorker] INFO  segmented.SegmentedRaftLogWorker (SegmentedRaftLogWorker.java:execute(569)) - 3ae969e4-2e35-40bf-9e0e-95acae9da5a5@group-D98DF6F48314-SegmentedRaftLogWorker: created new log segment /workdir/hadoop-ozone/integration-test/target/test-dir/MiniOzoneClusterImpl-37405de7-47da-4aca-9355-033741c24d37/datanode-1/data/ratis/e689bb71-0493-49a1-80d2-d98df6f48314/current/log_inprogress_0
2019-09-12 06:39:17,984 [d503967e-137a-4fd9-bc45-44203e981a69@group-C39041EE6A6F:LeaderElection8] INFO  impl.RaftServerImpl (ServerState.java:setRaftConf(354)) - d503967e-137a-4fd9-bc45-44203e981a69@group-C39041EE6A6F: set configuration 0: [d503967e-137a-4fd9-bc45-44203e981a69:192.168.34.52:46648], old=null at 0
2019-09-12 06:39:18,005 [e48d04e8-2c1f-410d-8bfb-5a732d356112@group-B034F0427A69:LeaderElection14] INFO  impl.LeaderElection (LeaderElection.java:logAndReturn(56)) - e48d04e8-2c1f-410d-8bfb-5a732d356112@group-B034F0427A69:LeaderElection14: Election REJECTED; received 2 response(s) [e48d04e8-2c1f-410d-8bfb-5a732d356112<-760f3a61-bfa2-4d4e-85d8-817950efb624#0:FAIL-t1, e48d04e8-2c1f-410d-8bfb-5a732d356112<-9d685984-4448-42b4-b390-543822753f3a#0:FAIL-t1] and 0 exception(s); e48d04e8-2c1f-410d-8bfb-5a732d356112@group-B034F0427A69:t1, leader=null, voted=e48d04e8-2c1f-410d-8bfb-5a732d356112, raftlog=e48d04e8-2c1f-410d-8bfb-5a732d356112@group-B034F0427A69-SegmentedRaftLog:OPENED:c-1,f-1,i0, conf=-1: [760f3a61-bfa2-4d4e-85d8-817950efb624:192.168.34.52:44136, 9d685984-4448-42b4-b390-543822753f3a:192.168.34.52:35205, e48d04e8-2c1f-410d-8bfb-5a732d356112:192.168.34.52:38245], old=null
2019-09-12 06:39:18,005 [996a256c-fd43-494a-96f3-903b907c5248@group-C5E42DFE1AE1:LeaderElection13] INFO  impl.LeaderElection (LeaderElection.java:logAndReturn(56)) - 996a256c-fd43-494a-96f3-903b907c5248@group-C5E42DFE1AE1:LeaderElection13: Election REJECTED; received 2 response(s) [996a256c-fd43-494a-96f3-903b907c5248<-5ecf13a7-acad-498a-ad7b-6f285dbc97e2#0:FAIL-t1, 996a256c-fd43-494a-96f3-903b907c5248<-e1cdc330-b298-4f7e-9f8c-e697349a5e69#0:FAIL-t1] and 0 exception(s); 996a256c-fd43-494a-96f3-903b907c5248@group-C5E42DFE1AE1:t1, leader=null, voted=996a256c-fd43-494a-96f3-903b907c5248, raftlog=996a256c-fd43-494a-96f3-903b907c5248@group-C5E42DFE1AE1-SegmentedRaftLog:OPENED:c-1,f-1,i0, conf=-1: [996a256c-fd43-494a-96f3-903b907c5248:192.168.34.52:43167, 5ecf13a7-acad-498a-ad7b-6f285dbc97e2:192.168.34.52:41223, e1cdc330-b298-4f7e-9f8c-e697349a5e69:192.168.34.52:34054], old=null
2019-09-12 06:39:18,005 [5ecf13a7-acad-498a-ad7b-6f285dbc97e2@group-C5E42DFE1AE1:LeaderElection11] INFO  impl.LeaderElection (LeaderElection.java:logAndReturn(56)) - 5ecf13a7-acad-498a-ad7b-6f285dbc97e2@group-C5E42DFE1AE1:LeaderElection11: Election REJECTED; received 2 response(s) [5ecf13a7-acad-498a-ad7b-6f285dbc97e2<-996a256c-fd43-494a-96f3-903b907c5248#0:FAIL-t1, 5ecf13a7-acad-498a-ad7b-6f285dbc97e2<-e1cdc330-b298-4f7e-9f8c-e697349a5e69#0:FAIL-t1] and 0 exception(s); 5ecf13a7-acad-498a-ad7b-6f285dbc97e2@group-C5E42DFE1AE1:t1, leader=null, voted=5ecf13a7-acad-498a-ad7b-6f285dbc97e2, raftlog=5ecf13a7-acad-498a-ad7b-6f285dbc97e2@group-C5E42DFE1AE1-SegmentedRaftLog:OPENED:c-1,f-1,i0, conf=-1: [996a256c-fd43-494a-96f3-903b907c5248:192.168.34.52:43167, 5ecf13a7-acad-498a-ad7b-6f285dbc97e2:192.168.34.52:41223, e1cdc330-b298-4f7e-9f8c-e697349a5e69:192.168.34.52:34054], old=null
2019-09-12 06:39:18,008 [d503967e-137a-4fd9-bc45-44203e981a69@group-C39041EE6A6F-SegmentedRaftLogWorker] INFO  segmented.SegmentedRaftLogWorker (SegmentedRaftLogWorker.java:execute(569)) - d503967e-137a-4fd9-bc45-44203e981a69@group-C39041EE6A6F-SegmentedRaftLogWorker: created new log segment /workdir/hadoop-ozone/integration-test/target/test-dir/MiniOzoneClusterImpl-37405de7-47da-4aca-9355-033741c24d37/datanode-2/data/ratis/a324997f-2c17-417b-98c4-c39041ee6a6f/current/log_inprogress_0
2019-09-12 06:39:18,012 [e48d04e8-2c1f-410d-8bfb-5a732d356112@group-B034F0427A69:LeaderElection14] INFO  impl.RaftServerImpl (RaftServerImpl.java:setRole(174)) - e48d04e8-2c1f-410d-8bfb-5a732d356112@group-B034F0427A69: changes role from CANDIDATE to FOLLOWER at term 1 for DISCOVERED_A_NEW_TERM
2019-09-12 06:39:18,014 [e48d04e8-2c1f-410d-8bfb-5a732d356112@group-B034F0427A69:LeaderElection14] INFO  impl.RoleInfo (RoleInfo.java:shutdownLeaderElection(134)) - e48d04e8-2c1f-410d-8bfb-5a732d356112: shutdown LeaderElection
2019-09-12 06:39:18,014 [996a256c-fd43-494a-96f3-903b907c5248@group-C5E42DFE1AE1:LeaderElection13] INFO  impl.RaftServerImpl (RaftServerImpl.java:setRole(174)) - 996a256c-fd43-494a-96f3-903b907c5248@group-C5E42DFE1AE1: changes role from CANDIDATE to FOLLOWER at term 1 for DISCOVERED_A_NEW_TERM
2019-09-12 06:39:18,015 [996a256c-fd43-494a-96f3-903b907c5248@group-C5E42DFE1AE1:LeaderElection13] INFO  impl.RoleInfo (RoleInfo.java:shutdownLeaderElection(134)) - 996a256c-fd43-494a-96f3-903b907c5248: shutdown LeaderElection
2019-09-12 06:39:18,018 [24c53ee4-03df-424b-8e99-1fd221f7be60@group-3C3ABBECBF4F:LeaderElection16] INFO  impl.LeaderElection (LeaderElection.java:logAndReturn(56)) - 24c53ee4-03df-424b-8e99-1fd221f7be60@group-3C3ABBECBF4F:LeaderElection16: Election REJECTED; received 2 response(s) [24c53ee4-03df-424b-8e99-1fd221f7be60<-d503967e-137a-4fd9-bc45-44203e981a69#0:FAIL-t1, 24c53ee4-03df-424b-8e99-1fd221f7be60<-3ae969e4-2e35-40bf-9e0e-95acae9da5a5#0:FAIL-t1] and 0 exception(s); 24c53ee4-03df-424b-8e99-1fd221f7be60@group-3C3ABBECBF4F:t1, leader=null, voted=24c53ee4-03df-424b-8e99-1fd221f7be60, raftlog=24c53ee4-03df-424b-8e99-1fd221f7be60@group-3C3ABBECBF4F-SegmentedRaftLog:OPENED:c-1,f-1,i0, conf=-1: [d503967e-137a-4fd9-bc45-44203e981a69:192.168.34.52:46648, 24c53ee4-03df-424b-8e99-1fd221f7be60:192.168.34.52:44173, 3ae969e4-2e35-40bf-9e0e-95acae9da5a5:192.168.34.52:34023], old=null
2019-09-12 06:39:18,021 [996a256c-fd43-494a-96f3-903b907c5248@group-C5E42DFE1AE1:LeaderElection13] INFO  impl.RoleInfo (RoleInfo.java:updateAndGet(143)) - 996a256c-fd43-494a-96f3-903b907c5248: start FollowerState
2019-09-12 06:39:18,021 [5ecf13a7-acad-498a-ad7b-6f285dbc97e2@group-C5E42DFE1AE1:LeaderElection11] INFO  impl.RaftServerImpl (RaftServerImpl.java:setRole(174)) - 5ecf13a7-acad-498a-ad7b-6f285dbc97e2@group-C5E42DFE1AE1: changes role from CANDIDATE to FOLLOWER at term 1 for DISCOVERED_A_NEW_TERM
2019-09-12 06:39:18,028 [5ecf13a7-acad-498a-ad7b-6f285dbc97e2@group-C5E42DFE1AE1:LeaderElection11] INFO  impl.RoleInfo (RoleInfo.java:shutdownLeaderElection(134)) - 5ecf13a7-acad-498a-ad7b-6f285dbc97e2: shutdown LeaderElection
2019-09-12 06:39:18,021 [24c53ee4-03df-424b-8e99-1fd221f7be60@group-3C3ABBECBF4F:LeaderElection16] INFO  impl.RaftServerImpl (RaftServerImpl.java:setRole(174)) - 24c53ee4-03df-424b-8e99-1fd221f7be60@group-3C3ABBECBF4F: changes role from CANDIDATE to FOLLOWER at term 1 for DISCOVERED_A_NEW_TERM
2019-09-12 06:39:18,030 [e48d04e8-2c1f-410d-8bfb-5a732d356112@group-B034F0427A69:LeaderElection14] INFO  impl.RoleInfo (RoleInfo.java:updateAndGet(143)) - e48d04e8-2c1f-410d-8bfb-5a732d356112: start FollowerState
2019-09-12 06:39:18,031 [24c53ee4-03df-424b-8e99-1fd221f7be60@group-3C3ABBECBF4F:LeaderElection16] INFO  impl.RoleInfo (RoleInfo.java:shutdownLeaderElection(134)) - 24c53ee4-03df-424b-8e99-1fd221f7be60: shutdown LeaderElection
2019-09-12 06:39:18,039 [24c53ee4-03df-424b-8e99-1fd221f7be60@group-3C3ABBECBF4F:LeaderElection16] INFO  impl.RoleInfo (RoleInfo.java:updateAndGet(143)) - 24c53ee4-03df-424b-8e99-1fd221f7be60: start FollowerState
2019-09-12 06:39:18,039 [5ecf13a7-acad-498a-ad7b-6f285dbc97e2@group-C5E42DFE1AE1:LeaderElection11] INFO  impl.RoleInfo (RoleInfo.java:updateAndGet(143)) - 5ecf13a7-acad-498a-ad7b-6f285dbc97e2: start FollowerState
2019-09-12 06:39:18,040 [760f3a61-bfa2-4d4e-85d8-817950efb624@group-B034F0427A69:LeaderElection17] INFO  impl.LeaderElection (LeaderElection.java:logAndReturn(56)) - 760f3a61-bfa2-4d4e-85d8-817950efb624@group-B034F0427A69:LeaderElection17: Election REJECTED; received 2 response(s) [760f3a61-bfa2-4d4e-85d8-817950efb624<-9d685984-4448-42b4-b390-543822753f3a#0:FAIL-t1, 760f3a61-bfa2-4d4e-85d8-817950efb624<-e48d04e8-2c1f-410d-8bfb-5a732d356112#0:FAIL-t1] and 0 exception(s); 760f3a61-bfa2-4d4e-85d8-817950efb624@group-B034F0427A69:t1, leader=null, voted=760f3a61-bfa2-4d4e-85d8-817950efb624, raftlog=760f3a61-bfa2-4d4e-85d8-817950efb624@group-B034F0427A69-SegmentedRaftLog:OPENED:c-1,f-1,i0, conf=-1: [760f3a61-bfa2-4d4e-85d8-817950efb624:192.168.34.52:44136, 9d685984-4448-42b4-b390-543822753f3a:192.168.34.52:35205, e48d04e8-2c1f-410d-8bfb-5a732d356112:192.168.34.52:38245], old=null
2019-09-12 06:39:18,051 [760f3a61-bfa2-4d4e-85d8-817950efb624@group-B034F0427A69:LeaderElection17] INFO  impl.RaftServerImpl (RaftServerImpl.java:setRole(174)) - 760f3a61-bfa2-4d4e-85d8-817950efb624@group-B034F0427A69: changes role from CANDIDATE to FOLLOWER at term 1 for DISCOVERED_A_NEW_TERM
2019-09-12 06:39:18,051 [760f3a61-bfa2-4d4e-85d8-817950efb624@group-B034F0427A69:LeaderElection17] INFO  impl.RoleInfo (RoleInfo.java:shutdownLeaderElection(134)) - 760f3a61-bfa2-4d4e-85d8-817950efb624: shutdown LeaderElection
2019-09-12 06:39:18,051 [760f3a61-bfa2-4d4e-85d8-817950efb624@group-B034F0427A69:LeaderElection17] INFO  impl.RoleInfo (RoleInfo.java:updateAndGet(143)) - 760f3a61-bfa2-4d4e-85d8-817950efb624: start FollowerState
2019-09-12 06:39:18,052 [9d685984-4448-42b4-b390-543822753f3a@group-B034F0427A69:LeaderElection15] INFO  impl.LeaderElection (LeaderElection.java:logAndReturn(56)) - 9d685984-4448-42b4-b390-543822753f3a@group-B034F0427A69:LeaderElection15: Election REJECTED; received 2 response(s) [9d685984-4448-42b4-b390-543822753f3a<-760f3a61-bfa2-4d4e-85d8-817950efb624#0:FAIL-t1, 9d685984-4448-42b4-b390-543822753f3a<-e48d04e8-2c1f-410d-8bfb-5a732d356112#0:FAIL-t1] and 0 exception(s); 9d685984-4448-42b4-b390-543822753f3a@group-B034F0427A69:t1, leader=null, voted=9d685984-4448-42b4-b390-543822753f3a, raftlog=9d685984-4448-42b4-b390-543822753f3a@group-B034F0427A69-SegmentedRaftLog:OPENED:c-1,f-1,i0, conf=-1: [760f3a61-bfa2-4d4e-85d8-817950efb624:192.168.34.52:44136, 9d685984-4448-42b4-b390-543822753f3a:192.168.34.52:35205, e48d04e8-2c1f-410d-8bfb-5a732d356112:192.168.34.52:38245], old=null
2019-09-12 06:39:18,054 [9d685984-4448-42b4-b390-543822753f3a@group-B034F0427A69:LeaderElection15] INFO  impl.RaftServerImpl (RaftServerImpl.java:setRole(174)) - 9d685984-4448-42b4-b390-543822753f3a@group-B034F0427A69: changes role from CANDIDATE to FOLLOWER at term 1 for DISCOVERED_A_NEW_TERM
2019-09-12 06:39:18,055 [9d685984-4448-42b4-b390-543822753f3a@group-B034F0427A69:LeaderElection15] INFO  impl.RoleInfo (RoleInfo.java:shutdownLeaderElection(134)) - 9d685984-4448-42b4-b390-543822753f3a: shutdown LeaderElection
2019-09-12 06:39:18,055 [9d685984-4448-42b4-b390-543822753f3a@group-B034F0427A69:LeaderElection15] INFO  impl.RoleInfo (RoleInfo.java:updateAndGet(143)) - 9d685984-4448-42b4-b390-543822753f3a: start FollowerState
2019-09-12 06:39:18,055 [e1cdc330-b298-4f7e-9f8c-e697349a5e69@group-C5E42DFE1AE1:LeaderElection12] INFO  impl.LeaderElection (LeaderElection.java:logAndReturn(56)) - e1cdc330-b298-4f7e-9f8c-e697349a5e69@group-C5E42DFE1AE1:LeaderElection12: Election REJECTED; received 2 response(s) [e1cdc330-b298-4f7e-9f8c-e697349a5e69<-996a256c-fd43-494a-96f3-903b907c5248#0:FAIL-t1, e1cdc330-b298-4f7e-9f8c-e697349a5e69<-5ecf13a7-acad-498a-ad7b-6f285dbc97e2#0:FAIL-t1] and 0 exception(s); e1cdc330-b298-4f7e-9f8c-e697349a5e69@group-C5E42DFE1AE1:t1, leader=null, voted=e1cdc330-b298-4f7e-9f8c-e697349a5e69, raftlog=e1cdc330-b298-4f7e-9f8c-e697349a5e69@group-C5E42DFE1AE1-SegmentedRaftLog:OPENED:c-1,f-1,i0, conf=-1: [996a256c-fd43-494a-96f3-903b907c5248:192.168.34.52:43167, 5ecf13a7-acad-498a-ad7b-6f285dbc97e2:192.168.34.52:41223, e1cdc330-b298-4f7e-9f8c-e697349a5e69:192.168.34.52:34054], old=null
2019-09-12 06:39:18,058 [e1cdc330-b298-4f7e-9f8c-e697349a5e69@group-C5E42DFE1AE1:LeaderElection12] INFO  impl.RaftServerImpl (RaftServerImpl.java:setRole(174)) - e1cdc330-b298-4f7e-9f8c-e697349a5e69@group-C5E42DFE1AE1: changes role from CANDIDATE to FOLLOWER at term 1 for DISCOVERED_A_NEW_TERM
2019-09-12 06:39:18,058 [e1cdc330-b298-4f7e-9f8c-e697349a5e69@group-C5E42DFE1AE1:LeaderElection12] INFO  impl.RoleInfo (RoleInfo.java:shutdownLeaderElection(134)) - e1cdc330-b298-4f7e-9f8c-e697349a5e69: shutdown LeaderElection
2019-09-12 06:39:18,059 [e1cdc330-b298-4f7e-9f8c-e697349a5e69@group-C5E42DFE1AE1:LeaderElection12] INFO  impl.RoleInfo (RoleInfo.java:updateAndGet(143)) - e1cdc330-b298-4f7e-9f8c-e697349a5e69: start FollowerState
2019-09-12 06:39:18,069 [3ae969e4-2e35-40bf-9e0e-95acae9da5a5@group-3C3ABBECBF4F:LeaderElection18] INFO  impl.LeaderElection (LeaderElection.java:logAndReturn(56)) - 3ae969e4-2e35-40bf-9e0e-95acae9da5a5@group-3C3ABBECBF4F:LeaderElection18: Election REJECTED; received 2 response(s) [3ae969e4-2e35-40bf-9e0e-95acae9da5a5<-d503967e-137a-4fd9-bc45-44203e981a69#0:FAIL-t1, 3ae969e4-2e35-40bf-9e0e-95acae9da5a5<-24c53ee4-03df-424b-8e99-1fd221f7be60#0:FAIL-t1] and 0 exception(s); 3ae969e4-2e35-40bf-9e0e-95acae9da5a5@group-3C3ABBECBF4F:t1, leader=null, voted=3ae969e4-2e35-40bf-9e0e-95acae9da5a5, raftlog=3ae969e4-2e35-40bf-9e0e-95acae9da5a5@group-3C3ABBECBF4F-SegmentedRaftLog:OPENED:c-1,f-1,i0, conf=-1: [d503967e-137a-4fd9-bc45-44203e981a69:192.168.34.52:46648, 24c53ee4-03df-424b-8e99-1fd221f7be60:192.168.34.52:44173, 3ae969e4-2e35-40bf-9e0e-95acae9da5a5:192.168.34.52:34023], old=null
2019-09-12 06:39:18,072 [3ae969e4-2e35-40bf-9e0e-95acae9da5a5@group-3C3ABBECBF4F:LeaderElection18] INFO  impl.RaftServerImpl (RaftServerImpl.java:setRole(174)) - 3ae969e4-2e35-40bf-9e0e-95acae9da5a5@group-3C3ABBECBF4F: changes role from CANDIDATE to FOLLOWER at term 1 for DISCOVERED_A_NEW_TERM
2019-09-12 06:39:18,072 [3ae969e4-2e35-40bf-9e0e-95acae9da5a5@group-3C3ABBECBF4F:LeaderElection18] INFO  impl.RoleInfo (RoleInfo.java:shutdownLeaderElection(134)) - 3ae969e4-2e35-40bf-9e0e-95acae9da5a5: shutdown LeaderElection
2019-09-12 06:39:18,072 [3ae969e4-2e35-40bf-9e0e-95acae9da5a5@group-3C3ABBECBF4F:LeaderElection18] INFO  impl.RoleInfo (RoleInfo.java:updateAndGet(143)) - 3ae969e4-2e35-40bf-9e0e-95acae9da5a5: start FollowerState
2019-09-12 06:39:18,075 [d503967e-137a-4fd9-bc45-44203e981a69@group-3C3ABBECBF4F:LeaderElection19] INFO  impl.LeaderElection (LeaderElection.java:logAndReturn(56)) - d503967e-137a-4fd9-bc45-44203e981a69@group-3C3ABBECBF4F:LeaderElection19: Election REJECTED; received 2 response(s) [d503967e-137a-4fd9-bc45-44203e981a69<-24c53ee4-03df-424b-8e99-1fd221f7be60#0:FAIL-t1, d503967e-137a-4fd9-bc45-44203e981a69<-3ae969e4-2e35-40bf-9e0e-95acae9da5a5#0:FAIL-t1] and 0 exception(s); d503967e-137a-4fd9-bc45-44203e981a69@group-3C3ABBECBF4F:t1, leader=null, voted=d503967e-137a-4fd9-bc45-44203e981a69, raftlog=d503967e-137a-4fd9-bc45-44203e981a69@group-3C3ABBECBF4F-SegmentedRaftLog:OPENED:c-1,f-1,i0, conf=-1: [d503967e-137a-4fd9-bc45-44203e981a69:192.168.34.52:46648, 24c53ee4-03df-424b-8e99-1fd221f7be60:192.168.34.52:44173, 3ae969e4-2e35-40bf-9e0e-95acae9da5a5:192.168.34.52:34023], old=null
2019-09-12 06:39:18,077 [d503967e-137a-4fd9-bc45-44203e981a69@group-3C3ABBECBF4F:LeaderElection19] INFO  impl.RaftServerImpl (RaftServerImpl.java:setRole(174)) - d503967e-137a-4fd9-bc45-44203e981a69@group-3C3ABBECBF4F: changes role from CANDIDATE to FOLLOWER at term 1 for DISCOVERED_A_NEW_TERM
2019-09-12 06:39:18,077 [d503967e-137a-4fd9-bc45-44203e981a69@group-3C3ABBECBF4F:LeaderElection19] INFO  impl.RoleInfo (RoleInfo.java:shutdownLeaderElection(134)) - d503967e-137a-4fd9-bc45-44203e981a69: shutdown LeaderElection
2019-09-12 06:39:18,078 [d503967e-137a-4fd9-bc45-44203e981a69@group-3C3ABBECBF4F:LeaderElection19] INFO  impl.RoleInfo (RoleInfo.java:updateAndGet(143)) - d503967e-137a-4fd9-bc45-44203e981a69: start FollowerState
2019-09-12 06:39:18,325 [main] INFO  impl.MetricsSystemImpl (MetricsSystemImpl.java:init(158)) - XceiverClientMetrics metrics system started (again)
2019-09-12 06:39:18,475 [grpc-default-executor-7] INFO  client.GrpcClientProtocolClient (GrpcClientProtocolClient.java:onNext(264)) - client-1D911A7C9929->9d685984-4448-42b4-b390-543822753f3a: receive RaftClientReply:client-1D911A7C9929->9d685984-4448-42b4-b390-543822753f3a@group-B034F0427A69, cid=19, FAILED org.apache.ratis.protocol.NotLeaderException: Server 9d685984-4448-42b4-b390-543822753f3a@group-B034F0427A69 is not the leader, logIndex=0, commits[9d685984-4448-42b4-b390-543822753f3a:c-1]
2019-09-12 06:39:19,060 [Thread-395] INFO  impl.FollowerState (FollowerState.java:run(106)) - 24c53ee4-03df-424b-8e99-1fd221f7be60:group-3C3ABBECBF4F changes to CANDIDATE, lastRpcTime:1021, electionTimeout:1009ms
2019-09-12 06:39:19,061 [Thread-395] INFO  impl.RoleInfo (RoleInfo.java:shutdownFollowerState(121)) - 24c53ee4-03df-424b-8e99-1fd221f7be60: shutdown FollowerState
2019-09-12 06:39:19,061 [Thread-395] INFO  impl.RaftServerImpl (RaftServerImpl.java:setRole(174)) - 24c53ee4-03df-424b-8e99-1fd221f7be60@group-3C3ABBECBF4F: changes role from  FOLLOWER to CANDIDATE at term 1 for changeToCandidate
2019-09-12 06:39:19,061 [Thread-395] INFO  impl.RoleInfo (RoleInfo.java:updateAndGet(143)) - 24c53ee4-03df-424b-8e99-1fd221f7be60: start LeaderElection
2019-09-12 06:39:19,074 [Thread-393] INFO  impl.FollowerState (FollowerState.java:run(106)) - 996a256c-fd43-494a-96f3-903b907c5248:group-C5E42DFE1AE1 changes to CANDIDATE, lastRpcTime:1053, electionTimeout:1015ms
2019-09-12 06:39:19,074 [Thread-397] INFO  impl.FollowerState (FollowerState.java:run(106)) - 9d685984-4448-42b4-b390-543822753f3a:group-B034F0427A69 changes to CANDIDATE, lastRpcTime:1019, electionTimeout:1016ms
2019-09-12 06:39:19,075 [Thread-393] INFO  impl.RoleInfo (RoleInfo.java:shutdownFollowerState(121)) - 996a256c-fd43-494a-96f3-903b907c5248: shutdown FollowerState
2019-09-12 06:39:19,075 [Thread-397] INFO  impl.RoleInfo (RoleInfo.java:shutdownFollowerState(121)) - 9d685984-4448-42b4-b390-543822753f3a: shutdown FollowerState
2019-09-12 06:39:19,075 [Thread-397] INFO  impl.RaftServerImpl (RaftServerImpl.java:setRole(174)) - 9d685984-4448-42b4-b390-543822753f3a@group-B034F0427A69: changes role from  FOLLOWER to CANDIDATE at term 1 for changeToCandidate
2019-09-12 06:39:19,075 [Thread-393] INFO  impl.RaftServerImpl (RaftServerImpl.java:setRole(174)) - 996a256c-fd43-494a-96f3-903b907c5248@group-C5E42DFE1AE1: changes role from  FOLLOWER to CANDIDATE at term 1 for changeToCandidate
2019-09-12 06:39:19,075 [Thread-397] INFO  impl.RoleInfo (RoleInfo.java:updateAndGet(143)) - 9d685984-4448-42b4-b390-543822753f3a: start LeaderElection
2019-09-12 06:39:19,075 [Thread-393] INFO  impl.RoleInfo (RoleInfo.java:updateAndGet(143)) - 996a256c-fd43-494a-96f3-903b907c5248: start LeaderElection
2019-09-12 06:39:19,080 [Thread-394] INFO  impl.FollowerState (FollowerState.java:run(106)) - 5ecf13a7-acad-498a-ad7b-6f285dbc97e2:group-C5E42DFE1AE1 changes to CANDIDATE, lastRpcTime:1041, electionTimeout:1029ms
2019-09-12 06:39:19,081 [Thread-394] INFO  impl.RoleInfo (RoleInfo.java:shutdownFollowerState(121)) - 5ecf13a7-acad-498a-ad7b-6f285dbc97e2: shutdown FollowerState
2019-09-12 06:39:19,081 [Thread-394] INFO  impl.RaftServerImpl (RaftServerImpl.java:setRole(174)) - 5ecf13a7-acad-498a-ad7b-6f285dbc97e2@group-C5E42DFE1AE1: changes role from  FOLLOWER to CANDIDATE at term 1 for changeToCandidate
2019-09-12 06:39:19,081 [Thread-394] INFO  impl.RoleInfo (RoleInfo.java:updateAndGet(143)) - 5ecf13a7-acad-498a-ad7b-6f285dbc97e2: start LeaderElection
2019-09-12 06:39:19,101 [9d685984-4448-42b4-b390-543822753f3a@group-B034F0427A69:LeaderElection21] INFO  impl.LeaderElection (LeaderElection.java:askForVotes(182)) - 9d685984-4448-42b4-b390-543822753f3a@group-B034F0427A69:LeaderElection21: begin an election at term 2 for -1: [760f3a61-bfa2-4d4e-85d8-817950efb624:192.168.34.52:44136, 9d685984-4448-42b4-b390-543822753f3a:192.168.34.52:35205, e48d04e8-2c1f-410d-8bfb-5a732d356112:192.168.34.52:38245], old=null
2019-09-12 06:39:19,101 [5ecf13a7-acad-498a-ad7b-6f285dbc97e2@group-C5E42DFE1AE1:LeaderElection23] INFO  impl.LeaderElection (LeaderElection.java:askForVotes(182)) - 5ecf13a7-acad-498a-ad7b-6f285dbc97e2@group-C5E42DFE1AE1:LeaderElection23: begin an election at term 2 for -1: [996a256c-fd43-494a-96f3-903b907c5248:192.168.34.52:43167, 5ecf13a7-acad-498a-ad7b-6f285dbc97e2:192.168.34.52:41223, e1cdc330-b298-4f7e-9f8c-e697349a5e69:192.168.34.52:34054], old=null
2019-09-12 06:39:19,101 [24c53ee4-03df-424b-8e99-1fd221f7be60@group-3C3ABBECBF4F:LeaderElection20] INFO  impl.LeaderElection (LeaderElection.java:askForVotes(182)) - 24c53ee4-03df-424b-8e99-1fd221f7be60@group-3C3ABBECBF4F:LeaderElection20: begin an election at term 2 for -1: [d503967e-137a-4fd9-bc45-44203e981a69:192.168.34.52:46648, 24c53ee4-03df-424b-8e99-1fd221f7be60:192.168.34.52:44173, 3ae969e4-2e35-40bf-9e0e-95acae9da5a5:192.168.34.52:34023], old=null
2019-09-12 06:39:19,101 [996a256c-fd43-494a-96f3-903b907c5248@group-C5E42DFE1AE1:LeaderElection22] INFO  impl.LeaderElection (LeaderElection.java:askForVotes(182)) - 996a256c-fd43-494a-96f3-903b907c5248@group-C5E42DFE1AE1:LeaderElection22: begin an election at term 2 for -1: [996a256c-fd43-494a-96f3-903b907c5248:192.168.34.52:43167, 5ecf13a7-acad-498a-ad7b-6f285dbc97e2:192.168.34.52:41223, e1cdc330-b298-4f7e-9f8c-e697349a5e69:192.168.34.52:34054], old=null
2019-09-12 06:39:19,109 [Thread-400] INFO  impl.FollowerState (FollowerState.java:run(106)) - d503967e-137a-4fd9-bc45-44203e981a69:group-3C3ABBECBF4F changes to CANDIDATE, lastRpcTime:1031, electionTimeout:1029ms
2019-09-12 06:39:19,109 [Thread-400] INFO  impl.RoleInfo (RoleInfo.java:shutdownFollowerState(121)) - d503967e-137a-4fd9-bc45-44203e981a69: shutdown FollowerState
2019-09-12 06:39:19,109 [Thread-400] INFO  impl.RaftServerImpl (RaftServerImpl.java:setRole(174)) - d503967e-137a-4fd9-bc45-44203e981a69@group-3C3ABBECBF4F: changes role from  FOLLOWER to CANDIDATE at term 1 for changeToCandidate
2019-09-12 06:39:19,109 [Thread-400] INFO  impl.RoleInfo (RoleInfo.java:updateAndGet(143)) - d503967e-137a-4fd9-bc45-44203e981a69: start LeaderElection
2019-09-12 06:39:19,118 [grpc-default-executor-12] INFO  impl.RaftServerImpl (RaftServerImpl.java:setRole(174)) - e48d04e8-2c1f-410d-8bfb-5a732d356112@group-B034F0427A69: changes role from  FOLLOWER to FOLLOWER at term 2 for recognizeCandidate:9d685984-4448-42b4-b390-543822753f3a
2019-09-12 06:39:19,118 [grpc-default-executor-3] INFO  impl.RaftServerImpl (RaftServerImpl.java:setRole(174)) - e1cdc330-b298-4f7e-9f8c-e697349a5e69@group-C5E42DFE1AE1: changes role from  FOLLOWER to FOLLOWER at term 2 for recognizeCandidate:5ecf13a7-acad-498a-ad7b-6f285dbc97e2
2019-09-12 06:39:19,119 [grpc-default-executor-3] INFO  impl.RoleInfo (RoleInfo.java:shutdownFollowerState(121)) - e1cdc330-b298-4f7e-9f8c-e697349a5e69: shutdown FollowerState
2019-09-12 06:39:19,119 [grpc-default-executor-12] INFO  impl.RoleInfo (RoleInfo.java:shutdownFollowerState(121)) - e48d04e8-2c1f-410d-8bfb-5a732d356112: shutdown FollowerState
2019-09-12 06:39:19,119 [Thread-398] INFO  impl.FollowerState (FollowerState.java:run(115)) - e1cdc330-b298-4f7e-9f8c-e697349a5e69: FollowerState was interrupted: java.lang.InterruptedException: sleep interrupted
2019-09-12 06:39:19,119 [grpc-default-executor-3] INFO  impl.RoleInfo (RoleInfo.java:updateAndGet(143)) - e1cdc330-b298-4f7e-9f8c-e697349a5e69: start FollowerState
2019-09-12 06:39:19,119 [grpc-default-executor-4] INFO  impl.RaftServerImpl (RaftServerImpl.java:setRole(174)) - 3ae969e4-2e35-40bf-9e0e-95acae9da5a5@group-3C3ABBECBF4F: changes role from  FOLLOWER to FOLLOWER at term 2 for recognizeCandidate:24c53ee4-03df-424b-8e99-1fd221f7be60
2019-09-12 06:39:19,119 [Thread-392] INFO  impl.FollowerState (FollowerState.java:run(115)) - e48d04e8-2c1f-410d-8bfb-5a732d356112: FollowerState was interrupted: java.lang.InterruptedException: sleep interrupted
2019-09-12 06:39:19,119 [grpc-default-executor-12] INFO  impl.RoleInfo (RoleInfo.java:updateAndGet(143)) - e48d04e8-2c1f-410d-8bfb-5a732d356112: start FollowerState
2019-09-12 06:39:19,119 [grpc-default-executor-6] INFO  impl.RaftServerImpl (RaftServerImpl.java:setRole(174)) - 760f3a61-bfa2-4d4e-85d8-817950efb624@group-B034F0427A69: changes role from  FOLLOWER to FOLLOWER at term 2 for recognizeCandidate:9d685984-4448-42b4-b390-543822753f3a
2019-09-12 06:39:19,120 [grpc-default-executor-4] INFO  impl.RoleInfo (RoleInfo.java:shutdownFollowerState(121)) - 3ae969e4-2e35-40bf-9e0e-95acae9da5a5: shutdown FollowerState
2019-09-12 06:39:19,120 [grpc-default-executor-6] INFO  impl.RoleInfo (RoleInfo.java:shutdownFollowerState(121)) - 760f3a61-bfa2-4d4e-85d8-817950efb624: shutdown FollowerState
2019-09-12 06:39:19,120 [grpc-default-executor-4] INFO  impl.RoleInfo (RoleInfo.java:updateAndGet(143)) - 3ae969e4-2e35-40bf-9e0e-95acae9da5a5: start FollowerState
2019-09-12 06:39:19,120 [Thread-399] INFO  impl.FollowerState (FollowerState.java:run(115)) - 3ae969e4-2e35-40bf-9e0e-95acae9da5a5: FollowerState was interrupted: java.lang.InterruptedException: sleep interrupted
2019-09-12 06:39:19,121 [Thread-396] INFO  impl.FollowerState (FollowerState.java:run(115)) - 760f3a61-bfa2-4d4e-85d8-817950efb624: FollowerState was interrupted: java.lang.InterruptedException: sleep interrupted
2019-09-12 06:39:19,121 [grpc-default-executor-6] INFO  impl.RoleInfo (RoleInfo.java:updateAndGet(143)) - 760f3a61-bfa2-4d4e-85d8-817950efb624: start FollowerState
2019-09-12 06:39:19,132 [d503967e-137a-4fd9-bc45-44203e981a69@group-3C3ABBECBF4F:LeaderElection24] INFO  impl.LeaderElection (LeaderElection.java:askForVotes(182)) - d503967e-137a-4fd9-bc45-44203e981a69@group-3C3ABBECBF4F:LeaderElection24: begin an election at term 2 for -1: [d503967e-137a-4fd9-bc45-44203e981a69:192.168.34.52:46648, 24c53ee4-03df-424b-8e99-1fd221f7be60:192.168.34.52:44173, 3ae969e4-2e35-40bf-9e0e-95acae9da5a5:192.168.34.52:34023], old=null
2019-09-12 06:39:19,134 [9d685984-4448-42b4-b390-543822753f3a@group-B034F0427A69:LeaderElection21] INFO  impl.LeaderElection (LeaderElection.java:logAndReturn(56)) - 9d685984-4448-42b4-b390-543822753f3a@group-B034F0427A69:LeaderElection21: Election PASSED; received 1 response(s) [9d685984-4448-42b4-b390-543822753f3a<-e48d04e8-2c1f-410d-8bfb-5a732d356112#0:OK-t2] and 0 exception(s); 9d685984-4448-42b4-b390-543822753f3a@group-B034F0427A69:t2, leader=null, voted=9d685984-4448-42b4-b390-543822753f3a, raftlog=9d685984-4448-42b4-b390-543822753f3a@group-B034F0427A69-SegmentedRaftLog:OPENED:c-1,f-1,i0, conf=-1: [760f3a61-bfa2-4d4e-85d8-817950efb624:192.168.34.52:44136, 9d685984-4448-42b4-b390-543822753f3a:192.168.34.52:35205, e48d04e8-2c1f-410d-8bfb-5a732d356112:192.168.34.52:38245], old=null
2019-09-12 06:39:19,134 [9d685984-4448-42b4-b390-543822753f3a@group-B034F0427A69:LeaderElection21] INFO  impl.RoleInfo (RoleInfo.java:shutdownLeaderElection(134)) - 9d685984-4448-42b4-b390-543822753f3a: shutdown LeaderElection
2019-09-12 06:39:19,137 [9d685984-4448-42b4-b390-543822753f3a@group-B034F0427A69:LeaderElection21] INFO  impl.RaftServerImpl (RaftServerImpl.java:setRole(174)) - 9d685984-4448-42b4-b390-543822753f3a@group-B034F0427A69: changes role from CANDIDATE to LEADER at term 2 for changeToLeader
2019-09-12 06:39:19,137 [9d685984-4448-42b4-b390-543822753f3a@group-B034F0427A69:LeaderElection21] INFO  impl.RaftServerImpl (ServerState.java:setLeader(253)) - 9d685984-4448-42b4-b390-543822753f3a@group-B034F0427A69: change Leader from null to 9d685984-4448-42b4-b390-543822753f3a at term 2 for becomeLeader, leader elected after 2763ms
2019-09-12 06:39:19,137 [996a256c-fd43-494a-96f3-903b907c5248@group-C5E42DFE1AE1:LeaderElection22] INFO  impl.LeaderElection (LeaderElection.java:logAndReturn(56)) - 996a256c-fd43-494a-96f3-903b907c5248@group-C5E42DFE1AE1:LeaderElection22: Election REJECTED; received 2 response(s) [996a256c-fd43-494a-96f3-903b907c5248<-5ecf13a7-acad-498a-ad7b-6f285dbc97e2#0:FAIL-t2, 996a256c-fd43-494a-96f3-903b907c5248<-e1cdc330-b298-4f7e-9f8c-e697349a5e69#0:FAIL-t2] and 0 exception(s); 996a256c-fd43-494a-96f3-903b907c5248@group-C5E42DFE1AE1:t2, leader=null, voted=996a256c-fd43-494a-96f3-903b907c5248, raftlog=996a256c-fd43-494a-96f3-903b907c5248@group-C5E42DFE1AE1-SegmentedRaftLog:OPENED:c-1,f-1,i0, conf=-1: [996a256c-fd43-494a-96f3-903b907c5248:192.168.34.52:43167, 5ecf13a7-acad-498a-ad7b-6f285dbc97e2:192.168.34.52:41223, e1cdc330-b298-4f7e-9f8c-e697349a5e69:192.168.34.52:34054], old=null
2019-09-12 06:39:19,140 [9d685984-4448-42b4-b390-543822753f3a@group-B034F0427A69:LeaderElection21] INFO  server.RaftServerConfigKeys (ConfUtils.java:logGet(43)) - raft.server.staging.catchup.gap = 1000 (default)
2019-09-12 06:39:19,140 [996a256c-fd43-494a-96f3-903b907c5248@group-C5E42DFE1AE1:LeaderElection22] INFO  impl.RaftServerImpl (RaftServerImpl.java:setRole(174)) - 996a256c-fd43-494a-96f3-903b907c5248@group-C5E42DFE1AE1: changes role from CANDIDATE to FOLLOWER at term 2 for DISCOVERED_A_NEW_TERM
2019-09-12 06:39:19,140 [9d685984-4448-42b4-b390-543822753f3a@group-B034F0427A69:LeaderElection21] INFO  server.RaftServerConfigKeys (ConfUtils.java:logGet(43)) - raft.server.rpc.sleep.time = 25ms (default)
2019-09-12 06:39:19,143 [996a256c-fd43-494a-96f3-903b907c5248@group-C5E42DFE1AE1:LeaderElection22] INFO  impl.RoleInfo (RoleInfo.java:shutdownLeaderElection(134)) - 996a256c-fd43-494a-96f3-903b907c5248: shutdown LeaderElection
2019-09-12 06:39:19,143 [9d685984-4448-42b4-b390-543822753f3a@group-B034F0427A69:LeaderElection21] INFO  server.RaftServerConfigKeys (ConfUtils.java:logGet(43)) - raft.server.write.element-limit = 4096 (default)
2019-09-12 06:39:19,143 [996a256c-fd43-494a-96f3-903b907c5248@group-C5E42DFE1AE1:LeaderElection22] INFO  impl.RoleInfo (RoleInfo.java:updateAndGet(143)) - 996a256c-fd43-494a-96f3-903b907c5248: start FollowerState
2019-09-12 06:39:19,143 [24c53ee4-03df-424b-8e99-1fd221f7be60@group-3C3ABBECBF4F:LeaderElection20] INFO  impl.LeaderElection (LeaderElection.java:logAndReturn(56)) - 24c53ee4-03df-424b-8e99-1fd221f7be60@group-3C3ABBECBF4F:LeaderElection20: Election PASSED; received 2 response(s) [24c53ee4-03df-424b-8e99-1fd221f7be60<-d503967e-137a-4fd9-bc45-44203e981a69#0:FAIL-t2, 24c53ee4-03df-424b-8e99-1fd221f7be60<-3ae969e4-2e35-40bf-9e0e-95acae9da5a5#0:OK-t2] and 0 exception(s); 24c53ee4-03df-424b-8e99-1fd221f7be60@group-3C3ABBECBF4F:t2, leader=null, voted=24c53ee4-03df-424b-8e99-1fd221f7be60, raftlog=24c53ee4-03df-424b-8e99-1fd221f7be60@group-3C3ABBECBF4F-SegmentedRaftLog:OPENED:c-1,f-1,i0, conf=-1: [d503967e-137a-4fd9-bc45-44203e981a69:192.168.34.52:46648, 24c53ee4-03df-424b-8e99-1fd221f7be60:192.168.34.52:44173, 3ae969e4-2e35-40bf-9e0e-95acae9da5a5:192.168.34.52:34023], old=null
2019-09-12 06:39:19,143 [9d685984-4448-42b4-b390-543822753f3a@group-B034F0427A69:LeaderElection21] INFO  server.RaftServerConfigKeys (ConfUtils.java:logGet(43)) - raft.server.watch.timeout = 10s (default)
2019-09-12 06:39:19,147 [5ecf13a7-acad-498a-ad7b-6f285dbc97e2@group-C5E42DFE1AE1:LeaderElection23] INFO  impl.LeaderElection (LeaderElection.java:logAndReturn(56)) - 5ecf13a7-acad-498a-ad7b-6f285dbc97e2@group-C5E42DFE1AE1:LeaderElection23: Election PASSED; received 2 response(s) [5ecf13a7-acad-498a-ad7b-6f285dbc97e2<-996a256c-fd43-494a-96f3-903b907c5248#0:FAIL-t2, 5ecf13a7-acad-498a-ad7b-6f285dbc97e2<-e1cdc330-b298-4f7e-9f8c-e697349a5e69#0:OK-t2] and 0 exception(s); 5ecf13a7-acad-498a-ad7b-6f285dbc97e2@group-C5E42DFE1AE1:t2, leader=null, voted=5ecf13a7-acad-498a-ad7b-6f285dbc97e2, raftlog=5ecf13a7-acad-498a-ad7b-6f285dbc97e2@group-C5E42DFE1AE1-SegmentedRaftLog:OPENED:c-1,f-1,i0, conf=-1: [996a256c-fd43-494a-96f3-903b907c5248:192.168.34.52:43167, 5ecf13a7-acad-498a-ad7b-6f285dbc97e2:192.168.34.52:41223, e1cdc330-b298-4f7e-9f8c-e697349a5e69:192.168.34.52:34054], old=null
2019-09-12 06:39:19,147 [24c53ee4-03df-424b-8e99-1fd221f7be60@group-3C3ABBECBF4F:LeaderElection20] INFO  impl.RoleInfo (RoleInfo.java:shutdownLeaderElection(134)) - 24c53ee4-03df-424b-8e99-1fd221f7be60: shutdown LeaderElection
2019-09-12 06:39:19,150 [9d685984-4448-42b4-b390-543822753f3a@group-B034F0427A69:LeaderElection21] INFO  server.RaftServerConfigKeys (ConfUtils.java:logGet(43)) - raft.server.watch.timeout.denomination = 1s (default)
2019-09-12 06:39:19,153 [5ecf13a7-acad-498a-ad7b-6f285dbc97e2@group-C5E42DFE1AE1:LeaderElection23] INFO  impl.RoleInfo (RoleInfo.java:shutdownLeaderElection(134)) - 5ecf13a7-acad-498a-ad7b-6f285dbc97e2: shutdown LeaderElection
2019-09-12 06:39:19,165 [9d685984-4448-42b4-b390-543822753f3a@group-B034F0427A69:LeaderElection21] INFO  server.RaftServerConfigKeys (ConfUtils.java:logGet(43)) - raft.server.watch.element-limit = 65536 (default)
2019-09-12 06:39:19,165 [24c53ee4-03df-424b-8e99-1fd221f7be60@group-3C3ABBECBF4F:LeaderElection20] INFO  impl.RaftServerImpl (RaftServerImpl.java:setRole(174)) - 24c53ee4-03df-424b-8e99-1fd221f7be60@group-3C3ABBECBF4F: changes role from CANDIDATE to LEADER at term 2 for changeToLeader
2019-09-12 06:39:19,165 [5ecf13a7-acad-498a-ad7b-6f285dbc97e2@group-C5E42DFE1AE1:LeaderElection23] INFO  impl.RaftServerImpl (RaftServerImpl.java:setRole(174)) - 5ecf13a7-acad-498a-ad7b-6f285dbc97e2@group-C5E42DFE1AE1: changes role from CANDIDATE to LEADER at term 2 for changeToLeader
2019-09-12 06:39:19,165 [24c53ee4-03df-424b-8e99-1fd221f7be60@group-3C3ABBECBF4F:LeaderElection20] INFO  impl.RaftServerImpl (ServerState.java:setLeader(253)) - 24c53ee4-03df-424b-8e99-1fd221f7be60@group-3C3ABBECBF4F: change Leader from null to 24c53ee4-03df-424b-8e99-1fd221f7be60 at term 2 for becomeLeader, leader elected after 2662ms
2019-09-12 06:39:19,166 [5ecf13a7-acad-498a-ad7b-6f285dbc97e2@group-C5E42DFE1AE1:LeaderElection23] INFO  impl.RaftServerImpl (ServerState.java:setLeader(253)) - 5ecf13a7-acad-498a-ad7b-6f285dbc97e2@group-C5E42DFE1AE1: change Leader from null to 5ecf13a7-acad-498a-ad7b-6f285dbc97e2 at term 2 for becomeLeader, leader elected after 2915ms
2019-09-12 06:39:19,166 [24c53ee4-03df-424b-8e99-1fd221f7be60@group-3C3ABBECBF4F:LeaderElection20] INFO  server.RaftServerConfigKeys (ConfUtils.java:logGet(43)) - raft.server.staging.catchup.gap = 1000 (default)
2019-09-12 06:39:19,166 [5ecf13a7-acad-498a-ad7b-6f285dbc97e2@group-C5E42DFE1AE1:LeaderElection23] INFO  server.RaftServerConfigKeys (ConfUtils.java:logGet(43)) - raft.server.staging.catchup.gap = 1000 (default)
2019-09-12 06:39:19,166 [24c53ee4-03df-424b-8e99-1fd221f7be60@group-3C3ABBECBF4F:LeaderElection20] INFO  server.RaftServerConfigKeys (ConfUtils.java:logGet(43)) - raft.server.rpc.sleep.time = 25ms (default)
2019-09-12 06:39:19,166 [5ecf13a7-acad-498a-ad7b-6f285dbc97e2@group-C5E42DFE1AE1:LeaderElection23] INFO  server.RaftServerConfigKeys (ConfUtils.java:logGet(43)) - raft.server.rpc.sleep.time = 25ms (default)
2019-09-12 06:39:19,166 [24c53ee4-03df-424b-8e99-1fd221f7be60@group-3C3ABBECBF4F:LeaderElection20] INFO  server.RaftServerConfigKeys (ConfUtils.java:logGet(43)) - raft.server.write.element-limit = 4096 (default)
2019-09-12 06:39:19,167 [5ecf13a7-acad-498a-ad7b-6f285dbc97e2@group-C5E42DFE1AE1:LeaderElection23] INFO  server.RaftServerConfigKeys (ConfUtils.java:logGet(43)) - raft.server.write.element-limit = 4096 (default)
2019-09-12 06:39:19,167 [24c53ee4-03df-424b-8e99-1fd221f7be60@group-3C3ABBECBF4F:LeaderElection20] INFO  server.RaftServerConfigKeys (ConfUtils.java:logGet(43)) - raft.server.watch.timeout = 10s (default)
2019-09-12 06:39:19,167 [5ecf13a7-acad-498a-ad7b-6f285dbc97e2@group-C5E42DFE1AE1:LeaderElection23] INFO  server.RaftServerConfigKeys (ConfUtils.java:logGet(43)) - raft.server.watch.timeout = 10s (default)
2019-09-12 06:39:19,167 [24c53ee4-03df-424b-8e99-1fd221f7be60@group-3C3ABBECBF4F:LeaderElection20] INFO  server.RaftServerConfigKeys (ConfUtils.java:logGet(43)) - raft.server.watch.timeout.denomination = 1s (default)
2019-09-12 06:39:19,167 [5ecf13a7-acad-498a-ad7b-6f285dbc97e2@group-C5E42DFE1AE1:LeaderElection23] INFO  server.RaftServerConfigKeys (ConfUtils.java:logGet(43)) - raft.server.watch.timeout.denomination = 1s (default)
2019-09-12 06:39:19,167 [24c53ee4-03df-424b-8e99-1fd221f7be60@group-3C3ABBECBF4F:LeaderElection20] INFO  server.RaftServerConfigKeys (ConfUtils.java:logGet(43)) - raft.server.watch.element-limit = 65536 (default)
2019-09-12 06:39:19,168 [5ecf13a7-acad-498a-ad7b-6f285dbc97e2@group-C5E42DFE1AE1:LeaderElection23] INFO  server.RaftServerConfigKeys (ConfUtils.java:logGet(43)) - raft.server.watch.element-limit = 65536 (default)
2019-09-12 06:39:19,168 [d503967e-137a-4fd9-bc45-44203e981a69@group-3C3ABBECBF4F:LeaderElection24] INFO  impl.LeaderElection (LeaderElection.java:logAndReturn(56)) - d503967e-137a-4fd9-bc45-44203e981a69@group-3C3ABBECBF4F:LeaderElection24: Election REJECTED; received 2 response(s) [d503967e-137a-4fd9-bc45-44203e981a69<-24c53ee4-03df-424b-8e99-1fd221f7be60#0:FAIL-t2, d503967e-137a-4fd9-bc45-44203e981a69<-3ae969e4-2e35-40bf-9e0e-95acae9da5a5#0:FAIL-t2] and 0 exception(s); d503967e-137a-4fd9-bc45-44203e981a69@group-3C3ABBECBF4F:t2, leader=null, voted=d503967e-137a-4fd9-bc45-44203e981a69, raftlog=d503967e-137a-4fd9-bc45-44203e981a69@group-3C3ABBECBF4F-SegmentedRaftLog:OPENED:c-1,f-1,i0, conf=-1: [d503967e-137a-4fd9-bc45-44203e981a69:192.168.34.52:46648, 24c53ee4-03df-424b-8e99-1fd221f7be60:192.168.34.52:44173, 3ae969e4-2e35-40bf-9e0e-95acae9da5a5:192.168.34.52:34023], old=null
2019-09-12 06:39:19,169 [d503967e-137a-4fd9-bc45-44203e981a69@group-3C3ABBECBF4F:LeaderElection24] INFO  impl.RaftServerImpl (RaftServerImpl.java:setRole(174)) - d503967e-137a-4fd9-bc45-44203e981a69@group-3C3ABBECBF4F: changes role from CANDIDATE to FOLLOWER at term 2 for DISCOVERED_A_NEW_TERM
2019-09-12 06:39:19,177 [d503967e-137a-4fd9-bc45-44203e981a69@group-3C3ABBECBF4F:LeaderElection24] INFO  impl.RoleInfo (RoleInfo.java:shutdownLeaderElection(134)) - d503967e-137a-4fd9-bc45-44203e981a69: shutdown LeaderElection
2019-09-12 06:39:19,177 [d503967e-137a-4fd9-bc45-44203e981a69@group-3C3ABBECBF4F:LeaderElection24] INFO  impl.RoleInfo (RoleInfo.java:updateAndGet(143)) - d503967e-137a-4fd9-bc45-44203e981a69: start FollowerState
2019-09-12 06:39:19,181 [5ecf13a7-acad-498a-ad7b-6f285dbc97e2@group-C5E42DFE1AE1:LeaderElection23] INFO  server.RaftServerConfigKeys (ConfUtils.java:logGet(43)) - raft.server.log.appender.snapshot.chunk.size.max = 16MB (=16777216) (default)
2019-09-12 06:39:19,183 [24c53ee4-03df-424b-8e99-1fd221f7be60@group-3C3ABBECBF4F:LeaderElection20] INFO  server.RaftServerConfigKeys (ConfUtils.java:logGet(43)) - raft.server.log.appender.snapshot.chunk.size.max = 16MB (=16777216) (default)
2019-09-12 06:39:19,181 [9d685984-4448-42b4-b390-543822753f3a@group-B034F0427A69:LeaderElection21] INFO  server.RaftServerConfigKeys (ConfUtils.java:logGet(43)) - raft.server.log.appender.snapshot.chunk.size.max = 16MB (=16777216) (default)
2019-09-12 06:39:19,184 [24c53ee4-03df-424b-8e99-1fd221f7be60@group-3C3ABBECBF4F:LeaderElection20] INFO  server.RaftServerConfigKeys (ConfUtils.java:logGet(43)) - raft.server.log.appender.buffer.byte-limit = 33554432 (custom)
2019-09-12 06:39:19,184 [5ecf13a7-acad-498a-ad7b-6f285dbc97e2@group-C5E42DFE1AE1:LeaderElection23] INFO  server.RaftServerConfigKeys (ConfUtils.java:logGet(43)) - raft.server.log.appender.buffer.byte-limit = 33554432 (custom)
2019-09-12 06:39:19,184 [9d685984-4448-42b4-b390-543822753f3a@group-B034F0427A69:LeaderElection21] INFO  server.RaftServerConfigKeys (ConfUtils.java:logGet(43)) - raft.server.log.appender.buffer.byte-limit = 33554432 (custom)
2019-09-12 06:39:19,184 [24c53ee4-03df-424b-8e99-1fd221f7be60@group-3C3ABBECBF4F:LeaderElection20] INFO  server.RaftServerConfigKeys (ConfUtils.java:logGet(43)) - raft.server.log.appender.buffer.element-limit = 1 (custom)
2019-09-12 06:39:19,185 [5ecf13a7-acad-498a-ad7b-6f285dbc97e2@group-C5E42DFE1AE1:LeaderElection23] INFO  server.RaftServerConfigKeys (ConfUtils.java:logGet(43)) - raft.server.log.appender.buffer.element-limit = 1 (custom)
2019-09-12 06:39:19,184 [9d685984-4448-42b4-b390-543822753f3a@group-B034F0427A69:LeaderElection21] INFO  server.RaftServerConfigKeys (ConfUtils.java:logGet(43)) - raft.server.log.appender.buffer.element-limit = 1 (custom)
2019-09-12 06:39:19,188 [24c53ee4-03df-424b-8e99-1fd221f7be60@group-3C3ABBECBF4F:LeaderElection20] INFO  grpc.GrpcConfigKeys$Server (ConfUtils.java:logGet(43)) - raft.grpc.server.leader.outstanding.appends.max = 128 (default)
2019-09-12 06:39:19,188 [9d685984-4448-42b4-b390-543822753f3a@group-B034F0427A69:LeaderElection21] INFO  grpc.GrpcConfigKeys$Server (ConfUtils.java:logGet(43)) - raft.grpc.server.leader.outstanding.appends.max = 128 (default)
2019-09-12 06:39:19,188 [5ecf13a7-acad-498a-ad7b-6f285dbc97e2@group-C5E42DFE1AE1:LeaderElection23] INFO  grpc.GrpcConfigKeys$Server (ConfUtils.java:logGet(43)) - raft.grpc.server.leader.outstanding.appends.max = 128 (default)
2019-09-12 06:39:19,191 [9d685984-4448-42b4-b390-543822753f3a@group-B034F0427A69:LeaderElection21] INFO  server.RaftServerConfigKeys (ConfUtils.java:logGet(43)) - raft.server.rpc.request.timeout = 3000ms (default)
2019-09-12 06:39:19,191 [24c53ee4-03df-424b-8e99-1fd221f7be60@group-3C3ABBECBF4F:LeaderElection20] INFO  server.RaftServerConfigKeys (ConfUtils.java:logGet(43)) - raft.server.rpc.request.timeout = 3000ms (default)
2019-09-12 06:39:19,191 [9d685984-4448-42b4-b390-543822753f3a@group-B034F0427A69:LeaderElection21] INFO  server.RaftServerConfigKeys (ConfUtils.java:logGet(43)) - raft.server.log.appender.install.snapshot.enabled = false (custom)
2019-09-12 06:39:19,191 [5ecf13a7-acad-498a-ad7b-6f285dbc97e2@group-C5E42DFE1AE1:LeaderElection23] INFO  server.RaftServerConfigKeys (ConfUtils.java:logGet(43)) - raft.server.rpc.request.timeout = 3000ms (default)
2019-09-12 06:39:19,192 [5ecf13a7-acad-498a-ad7b-6f285dbc97e2@group-C5E42DFE1AE1:LeaderElection23] INFO  server.RaftServerConfigKeys (ConfUtils.java:logGet(43)) - raft.server.log.appender.install.snapshot.enabled = false (custom)
2019-09-12 06:39:19,191 [24c53ee4-03df-424b-8e99-1fd221f7be60@group-3C3ABBECBF4F:LeaderElection20] INFO  server.RaftServerConfigKeys (ConfUtils.java:logGet(43)) - raft.server.log.appender.install.snapshot.enabled = false (custom)
2019-09-12 06:39:19,192 [5ecf13a7-acad-498a-ad7b-6f285dbc97e2@group-C5E42DFE1AE1:LeaderElection23] INFO  server.RaftServerConfigKeys (ConfUtils.java:logGet(43)) - raft.server.log.appender.snapshot.chunk.size.max = 16MB (=16777216) (default)
2019-09-12 06:39:19,192 [9d685984-4448-42b4-b390-543822753f3a@group-B034F0427A69:LeaderElection21] INFO  server.RaftServerConfigKeys (ConfUtils.java:logGet(43)) - raft.server.log.appender.snapshot.chunk.size.max = 16MB (=16777216) (default)
2019-09-12 06:39:19,192 [24c53ee4-03df-424b-8e99-1fd221f7be60@group-3C3ABBECBF4F:LeaderElection20] INFO  server.RaftServerConfigKeys (ConfUtils.java:logGet(43)) - raft.server.log.appender.snapshot.chunk.size.max = 16MB (=16777216) (default)
2019-09-12 06:39:19,193 [9d685984-4448-42b4-b390-543822753f3a@group-B034F0427A69:LeaderElection21] INFO  server.RaftServerConfigKeys (ConfUtils.java:logGet(43)) - raft.server.log.appender.buffer.byte-limit = 33554432 (custom)
2019-09-12 06:39:19,193 [5ecf13a7-acad-498a-ad7b-6f285dbc97e2@group-C5E42DFE1AE1:LeaderElection23] INFO  server.RaftServerConfigKeys (ConfUtils.java:logGet(43)) - raft.server.log.appender.buffer.byte-limit = 33554432 (custom)
2019-09-12 06:39:19,193 [9d685984-4448-42b4-b390-543822753f3a@group-B034F0427A69:LeaderElection21] INFO  server.RaftServerConfigKeys (ConfUtils.java:logGet(43)) - raft.server.log.appender.buffer.element-limit = 1 (custom)
2019-09-12 06:39:19,193 [24c53ee4-03df-424b-8e99-1fd221f7be60@group-3C3ABBECBF4F:LeaderElection20] INFO  server.RaftServerConfigKeys (ConfUtils.java:logGet(43)) - raft.server.log.appender.buffer.byte-limit = 33554432 (custom)
2019-09-12 06:39:19,194 [9d685984-4448-42b4-b390-543822753f3a@group-B034F0427A69:LeaderElection21] INFO  grpc.GrpcConfigKeys$Server (ConfUtils.java:logGet(43)) - raft.grpc.server.leader.outstanding.appends.max = 128 (default)
2019-09-12 06:39:19,193 [5ecf13a7-acad-498a-ad7b-6f285dbc97e2@group-C5E42DFE1AE1:LeaderElection23] INFO  server.RaftServerConfigKeys (ConfUtils.java:logGet(43)) - raft.server.log.appender.buffer.element-limit = 1 (custom)
2019-09-12 06:39:19,194 [9d685984-4448-42b4-b390-543822753f3a@group-B034F0427A69:LeaderElection21] INFO  server.RaftServerConfigKeys (ConfUtils.java:logGet(43)) - raft.server.rpc.request.timeout = 3000ms (default)
2019-09-12 06:39:19,194 [9d685984-4448-42b4-b390-543822753f3a@group-B034F0427A69:LeaderElection21] INFO  server.RaftServerConfigKeys (ConfUtils.java:logGet(43)) - raft.server.log.appender.install.snapshot.enabled = false (custom)
2019-09-12 06:39:19,194 [24c53ee4-03df-424b-8e99-1fd221f7be60@group-3C3ABBECBF4F:LeaderElection20] INFO  server.RaftServerConfigKeys (ConfUtils.java:logGet(43)) - raft.server.log.appender.buffer.element-limit = 1 (custom)
2019-09-12 06:39:19,194 [5ecf13a7-acad-498a-ad7b-6f285dbc97e2@group-C5E42DFE1AE1:LeaderElection23] INFO  grpc.GrpcConfigKeys$Server (ConfUtils.java:logGet(43)) - raft.grpc.server.leader.outstanding.appends.max = 128 (default)
2019-09-12 06:39:19,195 [24c53ee4-03df-424b-8e99-1fd221f7be60@group-3C3ABBECBF4F:LeaderElection20] INFO  grpc.GrpcConfigKeys$Server (ConfUtils.java:logGet(43)) - raft.grpc.server.leader.outstanding.appends.max = 128 (default)
2019-09-12 06:39:19,195 [5ecf13a7-acad-498a-ad7b-6f285dbc97e2@group-C5E42DFE1AE1:LeaderElection23] INFO  server.RaftServerConfigKeys (ConfUtils.java:logGet(43)) - raft.server.rpc.request.timeout = 3000ms (default)
2019-09-12 06:39:19,195 [24c53ee4-03df-424b-8e99-1fd221f7be60@group-3C3ABBECBF4F:LeaderElection20] INFO  server.RaftServerConfigKeys (ConfUtils.java:logGet(43)) - raft.server.rpc.request.timeout = 3000ms (default)
2019-09-12 06:39:19,195 [5ecf13a7-acad-498a-ad7b-6f285dbc97e2@group-C5E42DFE1AE1:LeaderElection23] INFO  server.RaftServerConfigKeys (ConfUtils.java:logGet(43)) - raft.server.log.appender.install.snapshot.enabled = false (custom)
2019-09-12 06:39:19,195 [24c53ee4-03df-424b-8e99-1fd221f7be60@group-3C3ABBECBF4F:LeaderElection20] INFO  server.RaftServerConfigKeys (ConfUtils.java:logGet(43)) - raft.server.log.appender.install.snapshot.enabled = false (custom)
2019-09-12 06:39:19,196 [24c53ee4-03df-424b-8e99-1fd221f7be60@group-3C3ABBECBF4F:LeaderElection20] INFO  impl.RoleInfo (RoleInfo.java:updateAndGet(143)) - 24c53ee4-03df-424b-8e99-1fd221f7be60: start LeaderState
2019-09-12 06:39:19,196 [9d685984-4448-42b4-b390-543822753f3a@group-B034F0427A69:LeaderElection21] INFO  impl.RoleInfo (RoleInfo.java:updateAndGet(143)) - 9d685984-4448-42b4-b390-543822753f3a: start LeaderState
2019-09-12 06:39:19,196 [5ecf13a7-acad-498a-ad7b-6f285dbc97e2@group-C5E42DFE1AE1:LeaderElection23] INFO  impl.RoleInfo (RoleInfo.java:updateAndGet(143)) - 5ecf13a7-acad-498a-ad7b-6f285dbc97e2: start LeaderState
2019-09-12 06:39:19,196 [24c53ee4-03df-424b-8e99-1fd221f7be60@group-3C3ABBECBF4F:LeaderElection20] INFO  segmented.SegmentedRaftLogWorker (SegmentedRaftLogWorker.java:startLogSegment(380)) - 24c53ee4-03df-424b-8e99-1fd221f7be60@group-3C3ABBECBF4F-SegmentedRaftLogWorker: Starting segment from index:0
2019-09-12 06:39:19,196 [5ecf13a7-acad-498a-ad7b-6f285dbc97e2@group-C5E42DFE1AE1:LeaderElection23] INFO  segmented.SegmentedRaftLogWorker (SegmentedRaftLogWorker.java:startLogSegment(380)) - 5ecf13a7-acad-498a-ad7b-6f285dbc97e2@group-C5E42DFE1AE1-SegmentedRaftLogWorker: Starting segment from index:0
2019-09-12 06:39:19,196 [9d685984-4448-42b4-b390-543822753f3a@group-B034F0427A69:LeaderElection21] INFO  segmented.SegmentedRaftLogWorker (SegmentedRaftLogWorker.java:startLogSegment(380)) - 9d685984-4448-42b4-b390-543822753f3a@group-B034F0427A69-SegmentedRaftLogWorker: Starting segment from index:0
2019-09-12 06:39:19,197 [24c53ee4-03df-424b-8e99-1fd221f7be60@group-3C3ABBECBF4F:LeaderElection20] INFO  impl.RaftServerImpl (ServerState.java:setRaftConf(354)) - 24c53ee4-03df-424b-8e99-1fd221f7be60@group-3C3ABBECBF4F: set configuration 0: [d503967e-137a-4fd9-bc45-44203e981a69:192.168.34.52:46648, 24c53ee4-03df-424b-8e99-1fd221f7be60:192.168.34.52:44173, 3ae969e4-2e35-40bf-9e0e-95acae9da5a5:192.168.34.52:34023], old=null at 0
2019-09-12 06:39:19,197 [9d685984-4448-42b4-b390-543822753f3a@group-B034F0427A69:LeaderElection21] INFO  impl.RaftServerImpl (ServerState.java:setRaftConf(354)) - 9d685984-4448-42b4-b390-543822753f3a@group-B034F0427A69: set configuration 0: [760f3a61-bfa2-4d4e-85d8-817950efb624:192.168.34.52:44136, 9d685984-4448-42b4-b390-543822753f3a:192.168.34.52:35205, e48d04e8-2c1f-410d-8bfb-5a732d356112:192.168.34.52:38245], old=null at 0
2019-09-12 06:39:19,228 [5ecf13a7-acad-498a-ad7b-6f285dbc97e2@group-C5E42DFE1AE1:LeaderElection23] INFO  impl.RaftServerImpl (ServerState.java:setRaftConf(354)) - 5ecf13a7-acad-498a-ad7b-6f285dbc97e2@group-C5E42DFE1AE1: set configuration 0: [996a256c-fd43-494a-96f3-903b907c5248:192.168.34.52:43167, 5ecf13a7-acad-498a-ad7b-6f285dbc97e2:192.168.34.52:41223, e1cdc330-b298-4f7e-9f8c-e697349a5e69:192.168.34.52:34054], old=null at 0
2019-09-12 06:39:19,241 [24c53ee4-03df-424b-8e99-1fd221f7be60@group-3C3ABBECBF4F-SegmentedRaftLogWorker] INFO  segmented.SegmentedRaftLogWorker (SegmentedRaftLogWorker.java:execute(569)) - 24c53ee4-03df-424b-8e99-1fd221f7be60@group-3C3ABBECBF4F-SegmentedRaftLogWorker: created new log segment /workdir/hadoop-ozone/integration-test/target/test-dir/MiniOzoneClusterImpl-37405de7-47da-4aca-9355-033741c24d37/datanode-9/data/ratis/d2999b0e-6ab5-4d00-8298-3c3abbecbf4f/current/log_inprogress_0
2019-09-12 06:39:19,241 [5ecf13a7-acad-498a-ad7b-6f285dbc97e2@group-C5E42DFE1AE1-SegmentedRaftLogWorker] INFO  segmented.SegmentedRaftLogWorker (SegmentedRaftLogWorker.java:execute(569)) - 5ecf13a7-acad-498a-ad7b-6f285dbc97e2@group-C5E42DFE1AE1-SegmentedRaftLogWorker: created new log segment /workdir/hadoop-ozone/integration-test/target/test-dir/MiniOzoneClusterImpl-37405de7-47da-4aca-9355-033741c24d37/datanode-4/data/ratis/6e0c92e2-c840-41d7-8bdb-c5e42dfe1ae1/current/log_inprogress_0
2019-09-12 06:39:19,241 [9d685984-4448-42b4-b390-543822753f3a@group-B034F0427A69-SegmentedRaftLogWorker] INFO  segmented.SegmentedRaftLogWorker (SegmentedRaftLogWorker.java:execute(569)) - 9d685984-4448-42b4-b390-543822753f3a@group-B034F0427A69-SegmentedRaftLogWorker: created new log segment /workdir/hadoop-ozone/integration-test/target/test-dir/MiniOzoneClusterImpl-37405de7-47da-4aca-9355-033741c24d37/datanode-7/data/ratis/0a74ecfd-3b1d-4619-a0a9-b034f0427a69/current/log_inprogress_0
2019-09-12 06:39:19,258 [grpc-default-executor-3] INFO  impl.RaftServerImpl (ServerState.java:setLeader(253)) - 3ae969e4-2e35-40bf-9e0e-95acae9da5a5@group-3C3ABBECBF4F: change Leader from null to 24c53ee4-03df-424b-8e99-1fd221f7be60 at term 2 for appendEntries, leader elected after 2754ms
2019-09-12 06:39:19,258 [grpc-default-executor-7] INFO  impl.RaftServerImpl (ServerState.java:setLeader(253)) - 760f3a61-bfa2-4d4e-85d8-817950efb624@group-B034F0427A69: change Leader from null to 9d685984-4448-42b4-b390-543822753f3a at term 2 for appendEntries, leader elected after 2884ms
2019-09-12 06:39:19,258 [grpc-default-executor-9] INFO  impl.RaftServerImpl (ServerState.java:setLeader(253)) - 996a256c-fd43-494a-96f3-903b907c5248@group-C5E42DFE1AE1: change Leader from null to 5ecf13a7-acad-498a-ad7b-6f285dbc97e2 at term 2 for appendEntries, leader elected after 3007ms
2019-09-12 06:39:19,258 [grpc-default-executor-12] INFO  impl.RaftServerImpl (ServerState.java:setLeader(253)) - e1cdc330-b298-4f7e-9f8c-e697349a5e69@group-C5E42DFE1AE1: change Leader from null to 5ecf13a7-acad-498a-ad7b-6f285dbc97e2 at term 2 for appendEntries, leader elected after 3007ms
2019-09-12 06:39:19,258 [grpc-default-executor-4] INFO  impl.RaftServerImpl (ServerState.java:setLeader(253)) - d503967e-137a-4fd9-bc45-44203e981a69@group-3C3ABBECBF4F: change Leader from null to 24c53ee4-03df-424b-8e99-1fd221f7be60 at term 2 for appendEntries, leader elected after 2754ms
2019-09-12 06:39:19,259 [grpc-default-executor-6] INFO  impl.RaftServerImpl (ServerState.java:setLeader(253)) - e48d04e8-2c1f-410d-8bfb-5a732d356112@group-B034F0427A69: change Leader from null to 9d685984-4448-42b4-b390-543822753f3a at term 2 for appendEntries, leader elected after 2884ms
2019-09-12 06:39:19,298 [grpc-default-executor-4] INFO  impl.RaftServerImpl (ServerState.java:setRaftConf(354)) - 760f3a61-bfa2-4d4e-85d8-817950efb624@group-B034F0427A69: set configuration 0: [760f3a61-bfa2-4d4e-85d8-817950efb624:192.168.34.52:44136, 9d685984-4448-42b4-b390-543822753f3a:192.168.34.52:35205, e48d04e8-2c1f-410d-8bfb-5a732d356112:192.168.34.52:38245], old=null at 0
2019-09-12 06:39:19,298 [grpc-default-executor-12] INFO  impl.RaftServerImpl (ServerState.java:setRaftConf(354)) - d503967e-137a-4fd9-bc45-44203e981a69@group-3C3ABBECBF4F: set configuration 0: [d503967e-137a-4fd9-bc45-44203e981a69:192.168.34.52:46648, 24c53ee4-03df-424b-8e99-1fd221f7be60:192.168.34.52:44173, 3ae969e4-2e35-40bf-9e0e-95acae9da5a5:192.168.34.52:34023], old=null at 0
2019-09-12 06:39:19,298 [grpc-default-executor-4] INFO  segmented.SegmentedRaftLogWorker (SegmentedRaftLogWorker.java:startLogSegment(380)) - 760f3a61-bfa2-4d4e-85d8-817950efb624@group-B034F0427A69-SegmentedRaftLogWorker: Starting segment from index:0
2019-09-12 06:39:19,298 [grpc-default-executor-7] INFO  impl.RaftServerImpl (ServerState.java:setRaftConf(354)) - e48d04e8-2c1f-410d-8bfb-5a732d356112@group-B034F0427A69: set configuration 0: [760f3a61-bfa2-4d4e-85d8-817950efb624:192.168.34.52:44136, 9d685984-4448-42b4-b390-543822753f3a:192.168.34.52:35205, e48d04e8-2c1f-410d-8bfb-5a732d356112:192.168.34.52:38245], old=null at 0
2019-09-12 06:39:19,298 [grpc-default-executor-6] INFO  impl.RaftServerImpl (ServerState.java:setRaftConf(354)) - 996a256c-fd43-494a-96f3-903b907c5248@group-C5E42DFE1AE1: set configuration 0: [996a256c-fd43-494a-96f3-903b907c5248:192.168.34.52:43167, 5ecf13a7-acad-498a-ad7b-6f285dbc97e2:192.168.34.52:41223, e1cdc330-b298-4f7e-9f8c-e697349a5e69:192.168.34.52:34054], old=null at 0
2019-09-12 06:39:19,298 [grpc-default-executor-9] INFO  impl.RaftServerImpl (ServerState.java:setRaftConf(354)) - e1cdc330-b298-4f7e-9f8c-e697349a5e69@group-C5E42DFE1AE1: set configuration 0: [996a256c-fd43-494a-96f3-903b907c5248:192.168.34.52:43167, 5ecf13a7-acad-498a-ad7b-6f285dbc97e2:192.168.34.52:41223, e1cdc330-b298-4f7e-9f8c-e697349a5e69:192.168.34.52:34054], old=null at 0
2019-09-12 06:39:19,298 [grpc-default-executor-3] INFO  impl.RaftServerImpl (ServerState.java:setRaftConf(354)) - 3ae969e4-2e35-40bf-9e0e-95acae9da5a5@group-3C3ABBECBF4F: set configuration 0: [d503967e-137a-4fd9-bc45-44203e981a69:192.168.34.52:46648, 24c53ee4-03df-424b-8e99-1fd221f7be60:192.168.34.52:44173, 3ae969e4-2e35-40bf-9e0e-95acae9da5a5:192.168.34.52:34023], old=null at 0
2019-09-12 06:39:19,299 [grpc-default-executor-9] INFO  segmented.SegmentedRaftLogWorker (SegmentedRaftLogWorker.java:startLogSegment(380)) - e1cdc330-b298-4f7e-9f8c-e697349a5e69@group-C5E42DFE1AE1-SegmentedRaftLogWorker: Starting segment from index:0
2019-09-12 06:39:19,299 [grpc-default-executor-6] INFO  segmented.SegmentedRaftLogWorker (SegmentedRaftLogWorker.java:startLogSegment(380)) - 996a256c-fd43-494a-96f3-903b907c5248@group-C5E42DFE1AE1-SegmentedRaftLogWorker: Starting segment from index:0
2019-09-12 06:39:19,299 [grpc-default-executor-7] INFO  segmented.SegmentedRaftLogWorker (SegmentedRaftLogWorker.java:startLogSegment(380)) - e48d04e8-2c1f-410d-8bfb-5a732d356112@group-B034F0427A69-SegmentedRaftLogWorker: Starting segment from index:0
2019-09-12 06:39:19,298 [grpc-default-executor-12] INFO  segmented.SegmentedRaftLogWorker (SegmentedRaftLogWorker.java:startLogSegment(380)) - d503967e-137a-4fd9-bc45-44203e981a69@group-3C3ABBECBF4F-SegmentedRaftLogWorker: Starting segment from index:0
2019-09-12 06:39:19,299 [grpc-default-executor-3] INFO  segmented.SegmentedRaftLogWorker (SegmentedRaftLogWorker.java:startLogSegment(380)) - 3ae969e4-2e35-40bf-9e0e-95acae9da5a5@group-3C3ABBECBF4F-SegmentedRaftLogWorker: Starting segment from index:0
2019-09-12 06:39:19,338 [760f3a61-bfa2-4d4e-85d8-817950efb624@group-B034F0427A69-SegmentedRaftLogWorker] INFO  segmented.SegmentedRaftLogWorker (SegmentedRaftLogWorker.java:execute(569)) - 760f3a61-bfa2-4d4e-85d8-817950efb624@group-B034F0427A69-SegmentedRaftLogWorker: created new log segment /workdir/hadoop-ozone/integration-test/target/test-dir/MiniOzoneClusterImpl-37405de7-47da-4aca-9355-033741c24d37/datanode-8/data/ratis/0a74ecfd-3b1d-4619-a0a9-b034f0427a69/current/log_inprogress_0
2019-09-12 06:39:19,338 [d503967e-137a-4fd9-bc45-44203e981a69@group-3C3ABBECBF4F-SegmentedRaftLogWorker] INFO  segmented.SegmentedRaftLogWorker (SegmentedRaftLogWorker.java:execute(569)) - d503967e-137a-4fd9-bc45-44203e981a69@group-3C3ABBECBF4F-SegmentedRaftLogWorker: created new log segment /workdir/hadoop-ozone/integration-test/target/test-dir/MiniOzoneClusterImpl-37405de7-47da-4aca-9355-033741c24d37/datanode-2/data/ratis/d2999b0e-6ab5-4d00-8298-3c3abbecbf4f/current/log_inprogress_0
2019-09-12 06:39:19,338 [3ae969e4-2e35-40bf-9e0e-95acae9da5a5@group-3C3ABBECBF4F-SegmentedRaftLogWorker] INFO  segmented.SegmentedRaftLogWorker (SegmentedRaftLogWorker.java:execute(569)) - 3ae969e4-2e35-40bf-9e0e-95acae9da5a5@group-3C3ABBECBF4F-SegmentedRaftLogWorker: created new log segment /workdir/hadoop-ozone/integration-test/target/test-dir/MiniOzoneClusterImpl-37405de7-47da-4aca-9355-033741c24d37/datanode-1/data/ratis/d2999b0e-6ab5-4d00-8298-3c3abbecbf4f/current/log_inprogress_0
2019-09-12 06:39:19,338 [996a256c-fd43-494a-96f3-903b907c5248@group-C5E42DFE1AE1-SegmentedRaftLogWorker] INFO  segmented.SegmentedRaftLogWorker (SegmentedRaftLogWorker.java:execute(569)) - 996a256c-fd43-494a-96f3-903b907c5248@group-C5E42DFE1AE1-SegmentedRaftLogWorker: created new log segment /workdir/hadoop-ozone/integration-test/target/test-dir/MiniOzoneClusterImpl-37405de7-47da-4aca-9355-033741c24d37/datanode-0/data/ratis/6e0c92e2-c840-41d7-8bdb-c5e42dfe1ae1/current/log_inprogress_0
2019-09-12 06:39:19,351 [e1cdc330-b298-4f7e-9f8c-e697349a5e69@group-C5E42DFE1AE1-SegmentedRaftLogWorker] INFO  segmented.SegmentedRaftLogWorker (SegmentedRaftLogWorker.java:execute(569)) - e1cdc330-b298-4f7e-9f8c-e697349a5e69@group-C5E42DFE1AE1-SegmentedRaftLogWorker: created new log segment /workdir/hadoop-ozone/integration-test/target/test-dir/MiniOzoneClusterImpl-37405de7-47da-4aca-9355-033741c24d37/datanode-3/data/ratis/6e0c92e2-c840-41d7-8bdb-c5e42dfe1ae1/current/log_inprogress_0
2019-09-12 06:39:19,351 [e48d04e8-2c1f-410d-8bfb-5a732d356112@group-B034F0427A69-SegmentedRaftLogWorker] INFO  segmented.SegmentedRaftLogWorker (SegmentedRaftLogWorker.java:execute(569)) - e48d04e8-2c1f-410d-8bfb-5a732d356112@group-B034F0427A69-SegmentedRaftLogWorker: created new log segment /workdir/hadoop-ozone/integration-test/target/test-dir/MiniOzoneClusterImpl-37405de7-47da-4aca-9355-033741c24d37/datanode-6/data/ratis/0a74ecfd-3b1d-4619-a0a9-b034f0427a69/current/log_inprogress_0
2019-09-12 06:39:19,527 [grpc-default-executor-7] INFO  client.GrpcClientProtocolClient (GrpcClientProtocolClient.java:onNext(264)) - client-1D911A7C9929->e48d04e8-2c1f-410d-8bfb-5a732d356112: receive RaftClientReply:client-1D911A7C9929->e48d04e8-2c1f-410d-8bfb-5a732d356112@group-B034F0427A69, cid=19, FAILED org.apache.ratis.protocol.NotLeaderException: Server e48d04e8-2c1f-410d-8bfb-5a732d356112@group-B034F0427A69 is not the leader 9d685984-4448-42b4-b390-543822753f3a:192.168.34.52:35205, logIndex=0, commits[e48d04e8-2c1f-410d-8bfb-5a732d356112:c0, 760f3a61-bfa2-4d4e-85d8-817950efb624:c-1, 9d685984-4448-42b4-b390-543822753f3a:c0]
2019-09-12 06:39:19,882 [grpc-default-executor-6] INFO  client.GrpcClientProtocolClient (GrpcClientProtocolClient.java:onNext(264)) - client-1D911A7C9929->9d685984-4448-42b4-b390-543822753f3a: receive RaftClientReply:client-1D911A7C9929->9d685984-4448-42b4-b390-543822753f3a@group-B034F0427A69, cid=19, SUCCESS, logIndex=1, commits[9d685984-4448-42b4-b390-543822753f3a:c2, 760f3a61-bfa2-4d4e-85d8-817950efb624:c1, e48d04e8-2c1f-410d-8bfb-5a732d356112:c0]
2019-09-12 06:39:20,032 [grpc-default-executor-3] INFO  client.GrpcClientProtocolClient (GrpcClientProtocolClient.java:onNext(264)) - client-1D911A7C9929->9d685984-4448-42b4-b390-543822753f3a: receive RaftClientReply:client-1D911A7C9929->9d685984-4448-42b4-b390-543822753f3a@group-B034F0427A69, cid=20, SUCCESS, logIndex=3, commits[9d685984-4448-42b4-b390-543822753f3a:c8, 760f3a61-bfa2-4d4e-85d8-817950efb624:c5, e48d04e8-2c1f-410d-8bfb-5a732d356112:c5]
2019-09-12 06:39:20,041 [grpc-default-executor-3] INFO  client.GrpcClientProtocolClient (GrpcClientProtocolClient.java:onNext(264)) - client-1D911A7C9929->9d685984-4448-42b4-b390-543822753f3a: receive RaftClientReply:client-1D911A7C9929->9d685984-4448-42b4-b390-543822753f3a@group-B034F0427A69, cid=21, SUCCESS, logIndex=4, commits[9d685984-4448-42b4-b390-543822753f3a:c8, 760f3a61-bfa2-4d4e-85d8-817950efb624:c5, e48d04e8-2c1f-410d-8bfb-5a732d356112:c5]
2019-09-12 06:39:20,148 [grpc-default-executor-3] INFO  client.GrpcClientProtocolClient (GrpcClientProtocolClient.java:onNext(264)) - client-1D911A7C9929->9d685984-4448-42b4-b390-543822753f3a: receive RaftClientReply:client-1D911A7C9929->9d685984-4448-42b4-b390-543822753f3a@group-B034F0427A69, cid=22, SUCCESS, logIndex=5, commits[9d685984-4448-42b4-b390-543822753f3a:c8, 760f3a61-bfa2-4d4e-85d8-817950efb624:c5, e48d04e8-2c1f-410d-8bfb-5a732d356112:c5]
2019-09-12 06:39:20,195 [grpc-default-executor-6] INFO  client.GrpcClientProtocolClient (GrpcClientProtocolClient.java:onNext(264)) - client-1D911A7C9929->9d685984-4448-42b4-b390-543822753f3a: receive RaftClientReply:client-1D911A7C9929->9d685984-4448-42b4-b390-543822753f3a@group-B034F0427A69, cid=23, SUCCESS, logIndex=9, commits[9d685984-4448-42b4-b390-543822753f3a:c9, 760f3a61-bfa2-4d4e-85d8-817950efb624:c8, e48d04e8-2c1f-410d-8bfb-5a732d356112:c8]
2019-09-12 06:39:20,215 [grpc-default-executor-3] INFO  client.GrpcClientProtocolClient (GrpcClientProtocolClient.java:onNext(264)) - client-1D911A7C9929->9d685984-4448-42b4-b390-543822753f3a: receive RaftClientReply:client-1D911A7C9929->9d685984-4448-42b4-b390-543822753f3a@group-B034F0427A69, cid=24, SUCCESS, logIndex=10, commits[9d685984-4448-42b4-b390-543822753f3a:c12, 760f3a61-bfa2-4d4e-85d8-817950efb624:c9, e48d04e8-2c1f-410d-8bfb-5a732d356112:c8]
2019-09-12 06:39:20,216 [grpc-default-executor-3] INFO  client.GrpcClientProtocolClient (GrpcClientProtocolClient.java:onNext(264)) - client-1D911A7C9929->9d685984-4448-42b4-b390-543822753f3a: receive RaftClientReply:client-1D911A7C9929->9d685984-4448-42b4-b390-543822753f3a@group-B034F0427A69, cid=25, SUCCESS, logIndex=11, commits[9d685984-4448-42b4-b390-543822753f3a:c13, 760f3a61-bfa2-4d4e-85d8-817950efb624:c9, e48d04e8-2c1f-410d-8bfb-5a732d356112:c9]
2019-09-12 06:39:20,217 [grpc-default-executor-3] INFO  client.GrpcClientProtocolClient (GrpcClientProtocolClient.java:onNext(264)) - client-1D911A7C9929->9d685984-4448-42b4-b390-543822753f3a: receive RaftClientReply:client-1D911A7C9929->9d685984-4448-42b4-b390-543822753f3a@group-B034F0427A69, cid=26, SUCCESS, logIndex=12, commits[9d685984-4448-42b4-b390-543822753f3a:c13, 760f3a61-bfa2-4d4e-85d8-817950efb624:c9, e48d04e8-2c1f-410d-8bfb-5a732d356112:c9]
2019-09-12 06:39:20,237 [grpc-default-executor-3] INFO  client.GrpcClientProtocolClient (GrpcClientProtocolClient.java:onNext(264)) - client-1D911A7C9929->9d685984-4448-42b4-b390-543822753f3a: receive RaftClientReply:client-1D911A7C9929->9d685984-4448-42b4-b390-543822753f3a@group-B034F0427A69, cid=27, SUCCESS, logIndex=0, commits[9d685984-4448-42b4-b390-543822753f3a:c15, 760f3a61-bfa2-4d4e-85d8-817950efb624:c13, e48d04e8-2c1f-410d-8bfb-5a732d356112:c13]
2019-09-12 06:39:20,241 [grpc-default-executor-3] INFO  client.GrpcClientProtocolClient (GrpcClientProtocolClient.java:onNext(264)) - client-1D911A7C9929->9d685984-4448-42b4-b390-543822753f3a: receive RaftClientReply:client-1D911A7C9929->9d685984-4448-42b4-b390-543822753f3a@group-B034F0427A69, cid=28, SUCCESS, logIndex=0, commits[9d685984-4448-42b4-b390-543822753f3a:c16, 760f3a61-bfa2-4d4e-85d8-817950efb624:c13, e48d04e8-2c1f-410d-8bfb-5a732d356112:c13]
2019-09-12 06:39:20,410 [grpc-default-executor-6] INFO  client.GrpcClientProtocolClient (GrpcClientProtocolClient.java:onNext(264)) - client-8B9783ACE8AA->24c53ee4-03df-424b-8e99-1fd221f7be60: receive RaftClientReply:client-8B9783ACE8AA->24c53ee4-03df-424b-8e99-1fd221f7be60@group-3C3ABBECBF4F, cid=29, SUCCESS, logIndex=1, commits[24c53ee4-03df-424b-8e99-1fd221f7be60:c1, d503967e-137a-4fd9-bc45-44203e981a69:c0, 3ae969e4-2e35-40bf-9e0e-95acae9da5a5:c0]
2019-09-12 06:39:20,549 [grpc-default-executor-7] INFO  client.GrpcClientProtocolClient (GrpcClientProtocolClient.java:onNext(264)) - client-8B9783ACE8AA->24c53ee4-03df-424b-8e99-1fd221f7be60: receive RaftClientReply:client-8B9783ACE8AA->24c53ee4-03df-424b-8e99-1fd221f7be60@group-3C3ABBECBF4F, cid=30, SUCCESS, logIndex=3, commits[24c53ee4-03df-424b-8e99-1fd221f7be60:c8, d503967e-137a-4fd9-bc45-44203e981a69:c6, 3ae969e4-2e35-40bf-9e0e-95acae9da5a5:c6]
2019-09-12 06:39:20,550 [grpc-default-executor-7] INFO  client.GrpcClientProtocolClient (GrpcClientProtocolClient.java:onNext(264)) - client-8B9783ACE8AA->24c53ee4-03df-424b-8e99-1fd221f7be60: receive RaftClientReply:client-8B9783ACE8AA->24c53ee4-03df-424b-8e99-1fd221f7be60@group-3C3ABBECBF4F, cid=31, SUCCESS, logIndex=4, commits[24c53ee4-03df-424b-8e99-1fd221f7be60:c8, d503967e-137a-4fd9-bc45-44203e981a69:c6, 3ae969e4-2e35-40bf-9e0e-95acae9da5a5:c6]
2019-09-12 06:39:20,630 [grpc-default-executor-7] INFO  client.GrpcClientProtocolClient (GrpcClientProtocolClient.java:onNext(264)) - client-8B9783ACE8AA->24c53ee4-03df-424b-8e99-1fd221f7be60: receive RaftClientReply:client-8B9783ACE8AA->24c53ee4-03df-424b-8e99-1fd221f7be60@group-3C3ABBECBF4F, cid=32, SUCCESS, logIndex=5, commits[24c53ee4-03df-424b-8e99-1fd221f7be60:c8, d503967e-137a-4fd9-bc45-44203e981a69:c6, 3ae969e4-2e35-40bf-9e0e-95acae9da5a5:c6]
2019-09-12 06:39:20,671 [grpc-default-executor-7] INFO  client.GrpcClientProtocolClient (GrpcClientProtocolClient.java:onNext(264)) - client-8B9783ACE8AA->24c53ee4-03df-424b-8e99-1fd221f7be60: receive RaftClientReply:client-8B9783ACE8AA->24c53ee4-03df-424b-8e99-1fd221f7be60@group-3C3ABBECBF4F, cid=33, SUCCESS, logIndex=9, commits[24c53ee4-03df-424b-8e99-1fd221f7be60:c10, d503967e-137a-4fd9-bc45-44203e981a69:c8, 3ae969e4-2e35-40bf-9e0e-95acae9da5a5:c8]
2019-09-12 06:39:20,672 [grpc-default-executor-7] INFO  client.GrpcClientProtocolClient (GrpcClientProtocolClient.java:onNext(264)) - client-8B9783ACE8AA->24c53ee4-03df-424b-8e99-1fd221f7be60: receive RaftClientReply:client-8B9783ACE8AA->24c53ee4-03df-424b-8e99-1fd221f7be60@group-3C3ABBECBF4F, cid=34, SUCCESS, logIndex=10, commits[24c53ee4-03df-424b-8e99-1fd221f7be60:c10, d503967e-137a-4fd9-bc45-44203e981a69:c8, 3ae969e4-2e35-40bf-9e0e-95acae9da5a5:c8]
2019-09-12 06:39:20,678 [grpc-default-executor-3] INFO  client.GrpcClientProtocolClient (GrpcClientProtocolClient.java:onNext(264)) - client-8B9783ACE8AA->24c53ee4-03df-424b-8e99-1fd221f7be60: receive RaftClientReply:client-8B9783ACE8AA->24c53ee4-03df-424b-8e99-1fd221f7be60@group-3C3ABBECBF4F, cid=35, SUCCESS, logIndex=11, commits[24c53ee4-03df-424b-8e99-1fd221f7be60:c12, d503967e-137a-4fd9-bc45-44203e981a69:c8, 3ae969e4-2e35-40bf-9e0e-95acae9da5a5:c8]
2019-09-12 06:39:20,679 [grpc-default-executor-3] INFO  client.GrpcClientProtocolClient (GrpcClientProtocolClient.java:onNext(264)) - client-8B9783ACE8AA->24c53ee4-03df-424b-8e99-1fd221f7be60: receive RaftClientReply:client-8B9783ACE8AA->24c53ee4-03df-424b-8e99-1fd221f7be60@group-3C3ABBECBF4F, cid=36, SUCCESS, logIndex=12, commits[24c53ee4-03df-424b-8e99-1fd221f7be60:c12, d503967e-137a-4fd9-bc45-44203e981a69:c8, 3ae969e4-2e35-40bf-9e0e-95acae9da5a5:c8]
2019-09-12 06:39:20,696 [grpc-default-executor-7] INFO  client.GrpcClientProtocolClient (GrpcClientProtocolClient.java:onNext(264)) - client-8B9783ACE8AA->24c53ee4-03df-424b-8e99-1fd221f7be60: receive RaftClientReply:client-8B9783ACE8AA->24c53ee4-03df-424b-8e99-1fd221f7be60@group-3C3ABBECBF4F, cid=37, SUCCESS, logIndex=0, commits[24c53ee4-03df-424b-8e99-1fd221f7be60:c13, d503967e-137a-4fd9-bc45-44203e981a69:c10, 3ae969e4-2e35-40bf-9e0e-95acae9da5a5:c10]
2019-09-12 06:39:20,702 [grpc-default-executor-7] INFO  client.GrpcClientProtocolClient (GrpcClientProtocolClient.java:onNext(264)) - client-8B9783ACE8AA->24c53ee4-03df-424b-8e99-1fd221f7be60: receive RaftClientReply:client-8B9783ACE8AA->24c53ee4-03df-424b-8e99-1fd221f7be60@group-3C3ABBECBF4F, cid=38, SUCCESS, logIndex=0, commits[24c53ee4-03df-424b-8e99-1fd221f7be60:c14, d503967e-137a-4fd9-bc45-44203e981a69:c12, 3ae969e4-2e35-40bf-9e0e-95acae9da5a5:c12]
2019-09-12 06:39:23,715 [java.util.concurrent.ThreadPoolExecutor$Worker@7bd075af[State = -1, empty queue]] WARN  server.GrpcLogAppender (GrpcLogAppender.java:timeoutAppendRequest(200)) - 24c53ee4-03df-424b-8e99-1fd221f7be60@group-3C3ABBECBF4F->d503967e-137a-4fd9-bc45-44203e981a69-GrpcLogAppender: appendEntries Timeout, request=24c53ee4-03df-424b-8e99-1fd221f7be60->d503967e-137a-4fd9-bc45-44203e981a69#19-t2, previous=(t:2, i:16), leaderCommit=16, initializing? false, entries: size=1, first=(t:2, i:17), STATEMACHINELOGENTRY, client-8B9783ACE8AA, cid=39
2019-09-12 06:39:23,715 [java.util.concurrent.ThreadPoolExecutor$Worker@24fb95e3[State = -1, empty queue]] WARN  server.GrpcLogAppender (GrpcLogAppender.java:timeoutAppendRequest(200)) - 24c53ee4-03df-424b-8e99-1fd221f7be60@group-3C3ABBECBF4F->3ae969e4-2e35-40bf-9e0e-95acae9da5a5-GrpcLogAppender: appendEntries Timeout, request=24c53ee4-03df-424b-8e99-1fd221f7be60->3ae969e4-2e35-40bf-9e0e-95acae9da5a5#19-t2, previous=(t:2, i:16), leaderCommit=16, initializing? false, entries: size=1, first=(t:2, i:17), STATEMACHINELOGENTRY, client-8B9783ACE8AA, cid=39
2019-09-12 06:39:23,720 [java.util.concurrent.ThreadPoolExecutor$Worker@7bd075af[State = -1, empty queue]] WARN  server.GrpcLogAppender (GrpcLogAppender.java:timeoutAppendRequest(200)) - 24c53ee4-03df-424b-8e99-1fd221f7be60@group-3C3ABBECBF4F->d503967e-137a-4fd9-bc45-44203e981a69-GrpcLogAppender: appendEntries Timeout, request=24c53ee4-03df-424b-8e99-1fd221f7be60->d503967e-137a-4fd9-bc45-44203e981a69#20-t2, previous=(t:2, i:17), leaderCommit=16, initializing? false, entries: size=1, first=(t:2, i:18), STATEMACHINELOGENTRY, client-8B9783ACE8AA, cid=40
2019-09-12 06:39:23,723 [java.util.concurrent.ThreadPoolExecutor$Worker@24fb95e3[State = -1, empty queue]] WARN  server.GrpcLogAppender (GrpcLogAppender.java:timeoutAppendRequest(200)) - 24c53ee4-03df-424b-8e99-1fd221f7be60@group-3C3ABBECBF4F->3ae969e4-2e35-40bf-9e0e-95acae9da5a5-GrpcLogAppender: appendEntries Timeout, request=24c53ee4-03df-424b-8e99-1fd221f7be60->3ae969e4-2e35-40bf-9e0e-95acae9da5a5#20-t2, previous=(t:2, i:17), leaderCommit=16, initializing? false, entries: size=1, first=(t:2, i:18), STATEMACHINELOGENTRY, client-8B9783ACE8AA, cid=40
2019-09-12 06:39:23,736 [java.util.concurrent.ThreadPoolExecutor$Worker@7bd075af[State = -1, empty queue]] WARN  server.GrpcLogAppender (GrpcLogAppender.java:timeoutAppendRequest(200)) - 24c53ee4-03df-424b-8e99-1fd221f7be60@group-3C3ABBECBF4F->d503967e-137a-4fd9-bc45-44203e981a69-GrpcLogAppender: appendEntries Timeout, request=24c53ee4-03df-424b-8e99-1fd221f7be60->d503967e-137a-4fd9-bc45-44203e981a69#21-t2, previous=(t:2, i:18), leaderCommit=16, initializing? false, entries: size=1, first=(t:2, i:19), STATEMACHINELOGENTRY, client-8B9783ACE8AA, cid=41
2019-09-12 06:39:23,736 [java.util.concurrent.ThreadPoolExecutor$Worker@24fb95e3[State = -1, empty queue]] WARN  server.GrpcLogAppender (GrpcLogAppender.java:timeoutAppendRequest(200)) - 24c53ee4-03df-424b-8e99-1fd221f7be60@group-3C3ABBECBF4F->3ae969e4-2e35-40bf-9e0e-95acae9da5a5-GrpcLogAppender: appendEntries Timeout, request=24c53ee4-03df-424b-8e99-1fd221f7be60->3ae969e4-2e35-40bf-9e0e-95acae9da5a5#21-t2, previous=(t:2, i:18), leaderCommit=16, initializing? false, entries: size=1, first=(t:2, i:19), STATEMACHINELOGENTRY, client-8B9783ACE8AA, cid=41
2019-09-12 06:39:23,743 [java.util.concurrent.ThreadPoolExecutor$Worker@7bd075af[State = -1, empty queue]] WARN  server.GrpcLogAppender (GrpcLogAppender.java:timeoutAppendRequest(200)) - 24c53ee4-03df-424b-8e99-1fd221f7be60@group-3C3ABBECBF4F->d503967e-137a-4fd9-bc45-44203e981a69-GrpcLogAppender: appendEntries Timeout, request=24c53ee4-03df-424b-8e99-1fd221f7be60->d503967e-137a-4fd9-bc45-44203e981a69#22-t2, previous=(t:2, i:19), leaderCommit=16, initializing? false, entries: size=1, first=(t:2, i:20), STATEMACHINELOGENTRY, client-8B9783ACE8AA, cid=42
2019-09-12 06:39:23,746 [java.util.concurrent.ThreadPoolExecutor$Worker@24fb95e3[State = -1, empty queue]] WARN  server.GrpcLogAppender (GrpcLogAppender.java:timeoutAppendRequest(200)) - 24c53ee4-03df-424b-8e99-1fd221f7be60@group-3C3ABBECBF4F->3ae969e4-2e35-40bf-9e0e-95acae9da5a5-GrpcLogAppender: appendEntries Timeout, request=24c53ee4-03df-424b-8e99-1fd221f7be60->3ae969e4-2e35-40bf-9e0e-95acae9da5a5#22-t2, previous=(t:2, i:19), leaderCommit=16, initializing? false, entries: size=1, first=(t:2, i:20), STATEMACHINELOGENTRY, client-8B9783ACE8AA, cid=42
2019-09-12 06:39:24,225 [java.util.concurrent.ThreadPoolExecutor$Worker@7bd075af[State = -1, empty queue]] WARN  server.GrpcLogAppender (GrpcLogAppender.java:timeoutAppendRequest(200)) - 24c53ee4-03df-424b-8e99-1fd221f7be60@group-3C3ABBECBF4F->d503967e-137a-4fd9-bc45-44203e981a69-GrpcLogAppender: appendEntries Timeout, request=24c53ee4-03df-424b-8e99-1fd221f7be60->d503967e-137a-4fd9-bc45-44203e981a69#23-t2, previous=(t:2, i:20), leaderCommit=16, initializing? false, entries: <empty>
2019-09-12 06:39:24,229 [java.util.concurrent.ThreadPoolExecutor$Worker@24fb95e3[State = -1, empty queue]] WARN  server.GrpcLogAppender (GrpcLogAppender.java:timeoutAppendRequest(200)) - 24c53ee4-03df-424b-8e99-1fd221f7be60@group-3C3ABBECBF4F->3ae969e4-2e35-40bf-9e0e-95acae9da5a5-GrpcLogAppender: appendEntries Timeout, request=24c53ee4-03df-424b-8e99-1fd221f7be60->3ae969e4-2e35-40bf-9e0e-95acae9da5a5#23-t2, previous=(t:2, i:20), leaderCommit=16, initializing? false, entries: <empty>
2019-09-12 06:39:24,726 [java.util.concurrent.ThreadPoolExecutor$Worker@7bd075af[State = -1, empty queue]] WARN  server.GrpcLogAppender (GrpcLogAppender.java:timeoutAppendRequest(200)) - 24c53ee4-03df-424b-8e99-1fd221f7be60@group-3C3ABBECBF4F->d503967e-137a-4fd9-bc45-44203e981a69-GrpcLogAppender: appendEntries Timeout, request=24c53ee4-03df-424b-8e99-1fd221f7be60->d503967e-137a-4fd9-bc45-44203e981a69#24-t2, previous=(t:2, i:20), leaderCommit=16, initializing? false, entries: <empty>
2019-09-12 06:39:24,726 [java.util.concurrent.ThreadPoolExecutor$Worker@24fb95e3[State = -1, empty queue]] WARN  server.GrpcLogAppender (GrpcLogAppender.java:timeoutAppendRequest(200)) - 24c53ee4-03df-424b-8e99-1fd221f7be60@group-3C3ABBECBF4F->3ae969e4-2e35-40bf-9e0e-95acae9da5a5-GrpcLogAppender: appendEntries Timeout, request=24c53ee4-03df-424b-8e99-1fd221f7be60->3ae969e4-2e35-40bf-9e0e-95acae9da5a5#24-t2, previous=(t:2, i:20), leaderCommit=16, initializing? false, entries: <empty>
2019-09-12 06:39:25,226 [java.util.concurrent.ThreadPoolExecutor$Worker@7bd075af[State = -1, empty queue]] WARN  server.GrpcLogAppender (GrpcLogAppender.java:timeoutAppendRequest(200)) - 24c53ee4-03df-424b-8e99-1fd221f7be60@group-3C3ABBECBF4F->d503967e-137a-4fd9-bc45-44203e981a69-GrpcLogAppender: appendEntries Timeout, request=24c53ee4-03df-424b-8e99-1fd221f7be60->d503967e-137a-4fd9-bc45-44203e981a69#25-t2, previous=(t:2, i:20), leaderCommit=16, initializing? false, entries: <empty>
2019-09-12 06:39:25,227 [java.util.concurrent.ThreadPoolExecutor$Worker@24fb95e3[State = -1, empty queue]] WARN  server.GrpcLogAppender (GrpcLogAppender.java:timeoutAppendRequest(200)) - 24c53ee4-03df-424b-8e99-1fd221f7be60@group-3C3ABBECBF4F->3ae969e4-2e35-40bf-9e0e-95acae9da5a5-GrpcLogAppender: appendEntries Timeout, request=24c53ee4-03df-424b-8e99-1fd221f7be60->3ae969e4-2e35-40bf-9e0e-95acae9da5a5#25-t2, previous=(t:2, i:20), leaderCommit=16, initializing? false, entries: <empty>
2019-09-12 06:39:25,727 [java.util.concurrent.ThreadPoolExecutor$Worker@7bd075af[State = -1, empty queue]] WARN  server.GrpcLogAppender (GrpcLogAppender.java:timeoutAppendRequest(200)) - 24c53ee4-03df-424b-8e99-1fd221f7be60@group-3C3ABBECBF4F->d503967e-137a-4fd9-bc45-44203e981a69-GrpcLogAppender: appendEntries Timeout, request=24c53ee4-03df-424b-8e99-1fd221f7be60->d503967e-137a-4fd9-bc45-44203e981a69#26-t2, previous=(t:2, i:20), leaderCommit=16, initializing? false, entries: <empty>
2019-09-12 06:39:25,727 [java.util.concurrent.ThreadPoolExecutor$Worker@24fb95e3[State = -1, empty queue]] WARN  server.GrpcLogAppender (GrpcLogAppender.java:timeoutAppendRequest(200)) - 24c53ee4-03df-424b-8e99-1fd221f7be60@group-3C3ABBECBF4F->3ae969e4-2e35-40bf-9e0e-95acae9da5a5-GrpcLogAppender: appendEntries Timeout, request=24c53ee4-03df-424b-8e99-1fd221f7be60->3ae969e4-2e35-40bf-9e0e-95acae9da5a5#26-t2, previous=(t:2, i:20), leaderCommit=16, initializing? false, entries: <empty>
2019-09-12 06:39:25,810 [grpc-default-executor-3] INFO  client.GrpcClientProtocolClient (GrpcClientProtocolClient.java:onNext(264)) - client-8B9783ACE8AA->3ae969e4-2e35-40bf-9e0e-95acae9da5a5: receive RaftClientReply:client-8B9783ACE8AA->3ae969e4-2e35-40bf-9e0e-95acae9da5a5@group-3C3ABBECBF4F, cid=39, FAILED org.apache.ratis.protocol.NotLeaderException: Server 3ae969e4-2e35-40bf-9e0e-95acae9da5a5@group-3C3ABBECBF4F is not the leader 24c53ee4-03df-424b-8e99-1fd221f7be60:192.168.34.52:44173, logIndex=0, commits[3ae969e4-2e35-40bf-9e0e-95acae9da5a5:c16, d503967e-137a-4fd9-bc45-44203e981a69:c12, 24c53ee4-03df-424b-8e99-1fd221f7be60:c16]
2019-09-12 06:39:26,228 [java.util.concurrent.ThreadPoolExecutor$Worker@7bd075af[State = -1, empty queue]] WARN  server.GrpcLogAppender (GrpcLogAppender.java:timeoutAppendRequest(200)) - 24c53ee4-03df-424b-8e99-1fd221f7be60@group-3C3ABBECBF4F->d503967e-137a-4fd9-bc45-44203e981a69-GrpcLogAppender: appendEntries Timeout, request=24c53ee4-03df-424b-8e99-1fd221f7be60->d503967e-137a-4fd9-bc45-44203e981a69#27-t2, previous=(t:2, i:20), leaderCommit=16, initializing? false, entries: <empty>
2019-09-12 06:39:26,228 [java.util.concurrent.ThreadPoolExecutor$Worker@24fb95e3[State = -1, empty queue]] WARN  server.GrpcLogAppender (GrpcLogAppender.java:timeoutAppendRequest(200)) - 24c53ee4-03df-424b-8e99-1fd221f7be60@group-3C3ABBECBF4F->3ae969e4-2e35-40bf-9e0e-95acae9da5a5-GrpcLogAppender: appendEntries Timeout, request=24c53ee4-03df-424b-8e99-1fd221f7be60->3ae969e4-2e35-40bf-9e0e-95acae9da5a5#27-t2, previous=(t:2, i:20), leaderCommit=16, initializing? false, entries: <empty>
2019-09-12 06:39:26,740 [java.util.concurrent.ThreadPoolExecutor$Worker@24fb95e3[State = -1, empty queue]] WARN  server.GrpcLogAppender (GrpcLogAppender.java:timeoutAppendRequest(200)) - 24c53ee4-03df-424b-8e99-1fd221f7be60@group-3C3ABBECBF4F->3ae969e4-2e35-40bf-9e0e-95acae9da5a5-GrpcLogAppender: appendEntries Timeout, request=24c53ee4-03df-424b-8e99-1fd221f7be60->3ae969e4-2e35-40bf-9e0e-95acae9da5a5#28-t2, previous=(t:2, i:20), leaderCommit=16, initializing? false, entries: <empty>
2019-09-12 06:39:26,740 [java.util.concurrent.ThreadPoolExecutor$Worker@7bd075af[State = -1, empty queue]] WARN  server.GrpcLogAppender (GrpcLogAppender.java:timeoutAppendRequest(200)) - 24c53ee4-03df-424b-8e99-1fd221f7be60@group-3C3ABBECBF4F->d503967e-137a-4fd9-bc45-44203e981a69-GrpcLogAppender: appendEntries Timeout, request=24c53ee4-03df-424b-8e99-1fd221f7be60->d503967e-137a-4fd9-bc45-44203e981a69#28-t2, previous=(t:2, i:20), leaderCommit=16, initializing? false, entries: <empty>
2019-09-12 06:39:27,248 [java.util.concurrent.ThreadPoolExecutor$Worker@7bd075af[State = -1, empty queue]] WARN  server.GrpcLogAppender (GrpcLogAppender.java:timeoutAppendRequest(200)) - 24c53ee4-03df-424b-8e99-1fd221f7be60@group-3C3ABBECBF4F->d503967e-137a-4fd9-bc45-44203e981a69-GrpcLogAppender: appendEntries Timeout, request=24c53ee4-03df-424b-8e99-1fd221f7be60->d503967e-137a-4fd9-bc45-44203e981a69#29-t2, previous=(t:2, i:20), leaderCommit=16, initializing? false, entries: <empty>
2019-09-12 06:39:27,248 [java.util.concurrent.ThreadPoolExecutor$Worker@24fb95e3[State = -1, empty queue]] WARN  server.GrpcLogAppender (GrpcLogAppender.java:timeoutAppendRequest(200)) - 24c53ee4-03df-424b-8e99-1fd221f7be60@group-3C3ABBECBF4F->3ae969e4-2e35-40bf-9e0e-95acae9da5a5-GrpcLogAppender: appendEntries Timeout, request=24c53ee4-03df-424b-8e99-1fd221f7be60->3ae969e4-2e35-40bf-9e0e-95acae9da5a5#29-t2, previous=(t:2, i:20), leaderCommit=16, initializing? false, entries: <empty>
2019-09-12 06:39:27,741 [java.util.concurrent.ThreadPoolExecutor$Worker@7bd075af[State = -1, empty queue]] WARN  server.GrpcLogAppender (GrpcLogAppender.java:timeoutAppendRequest(200)) - 24c53ee4-03df-424b-8e99-1fd221f7be60@group-3C3ABBECBF4F->d503967e-137a-4fd9-bc45-44203e981a69-GrpcLogAppender: appendEntries Timeout, request=24c53ee4-03df-424b-8e99-1fd221f7be60->d503967e-137a-4fd9-bc45-44203e981a69#30-t2, previous=(t:2, i:20), leaderCommit=16, initializing? false, entries: <empty>
2019-09-12 06:39:27,741 [java.util.concurrent.ThreadPoolExecutor$Worker@24fb95e3[State = -1, empty queue]] WARN  server.GrpcLogAppender (GrpcLogAppender.java:timeoutAppendRequest(200)) - 24c53ee4-03df-424b-8e99-1fd221f7be60@group-3C3ABBECBF4F->3ae969e4-2e35-40bf-9e0e-95acae9da5a5-GrpcLogAppender: appendEntries Timeout, request=24c53ee4-03df-424b-8e99-1fd221f7be60->3ae969e4-2e35-40bf-9e0e-95acae9da5a5#30-t2, previous=(t:2, i:20), leaderCommit=16, initializing? false, entries: <empty>
2019-09-12 06:39:28,242 [java.util.concurrent.ThreadPoolExecutor$Worker@7bd075af[State = -1, empty queue]] WARN  server.GrpcLogAppender (GrpcLogAppender.java:timeoutAppendRequest(200)) - 24c53ee4-03df-424b-8e99-1fd221f7be60@group-3C3ABBECBF4F->d503967e-137a-4fd9-bc45-44203e981a69-GrpcLogAppender: appendEntries Timeout, request=24c53ee4-03df-424b-8e99-1fd221f7be60->d503967e-137a-4fd9-bc45-44203e981a69#31-t2, previous=(t:2, i:20), leaderCommit=16, initializing? false, entries: <empty>
2019-09-12 06:39:28,242 [java.util.concurrent.ThreadPoolExecutor$Worker@24fb95e3[State = -1, empty queue]] WARN  server.GrpcLogAppender (GrpcLogAppender.java:timeoutAppendRequest(200)) - 24c53ee4-03df-424b-8e99-1fd221f7be60@group-3C3ABBECBF4F->3ae969e4-2e35-40bf-9e0e-95acae9da5a5-GrpcLogAppender: appendEntries Timeout, request=24c53ee4-03df-424b-8e99-1fd221f7be60->3ae969e4-2e35-40bf-9e0e-95acae9da5a5#31-t2, previous=(t:2, i:20), leaderCommit=16, initializing? false, entries: <empty>
2019-09-12 06:39:28,744 [java.util.concurrent.ThreadPoolExecutor$Worker@7bd075af[State = -1, empty queue]] WARN  server.GrpcLogAppender (GrpcLogAppender.java:timeoutAppendRequest(200)) - 24c53ee4-03df-424b-8e99-1fd221f7be60@group-3C3ABBECBF4F->d503967e-137a-4fd9-bc45-44203e981a69-GrpcLogAppender: appendEntries Timeout, request=24c53ee4-03df-424b-8e99-1fd221f7be60->d503967e-137a-4fd9-bc45-44203e981a69#32-t2, previous=(t:2, i:20), leaderCommit=16, initializing? false, entries: <empty>
2019-09-12 06:39:28,744 [java.util.concurrent.ThreadPoolExecutor$Worker@24fb95e3[State = -1, empty queue]] WARN  server.GrpcLogAppender (GrpcLogAppender.java:timeoutAppendRequest(200)) - 24c53ee4-03df-424b-8e99-1fd221f7be60@group-3C3ABBECBF4F->3ae969e4-2e35-40bf-9e0e-95acae9da5a5-GrpcLogAppender: appendEntries Timeout, request=24c53ee4-03df-424b-8e99-1fd221f7be60->3ae969e4-2e35-40bf-9e0e-95acae9da5a5#32-t2, previous=(t:2, i:20), leaderCommit=16, initializing? false, entries: <empty>
2019-09-12 06:39:29,244 [java.util.concurrent.ThreadPoolExecutor$Worker@7bd075af[State = -1, empty queue]] WARN  server.GrpcLogAppender (GrpcLogAppender.java:timeoutAppendRequest(200)) - 24c53ee4-03df-424b-8e99-1fd221f7be60@group-3C3ABBECBF4F->d503967e-137a-4fd9-bc45-44203e981a69-GrpcLogAppender: appendEntries Timeout, request=24c53ee4-03df-424b-8e99-1fd221f7be60->d503967e-137a-4fd9-bc45-44203e981a69#33-t2, previous=(t:2, i:20), leaderCommit=16, initializing? false, entries: <empty>
2019-09-12 06:39:29,244 [java.util.concurrent.ThreadPoolExecutor$Worker@24fb95e3[State = -1, empty queue]] WARN  server.GrpcLogAppender (GrpcLogAppender.java:timeoutAppendRequest(200)) - 24c53ee4-03df-424b-8e99-1fd221f7be60@group-3C3ABBECBF4F->3ae969e4-2e35-40bf-9e0e-95acae9da5a5-GrpcLogAppender: appendEntries Timeout, request=24c53ee4-03df-424b-8e99-1fd221f7be60->3ae969e4-2e35-40bf-9e0e-95acae9da5a5#33-t2, previous=(t:2, i:20), leaderCommit=16, initializing? false, entries: <empty>
2019-09-12 06:39:29,745 [java.util.concurrent.ThreadPoolExecutor$Worker@24fb95e3[State = -1, empty queue]] WARN  server.GrpcLogAppender (GrpcLogAppender.java:timeoutAppendRequest(200)) - 24c53ee4-03df-424b-8e99-1fd221f7be60@group-3C3ABBECBF4F->3ae969e4-2e35-40bf-9e0e-95acae9da5a5-GrpcLogAppender: appendEntries Timeout, request=24c53ee4-03df-424b-8e99-1fd221f7be60->3ae969e4-2e35-40bf-9e0e-95acae9da5a5#34-t2, previous=(t:2, i:20), leaderCommit=16, initializing? false, entries: <empty>
2019-09-12 06:39:29,745 [java.util.concurrent.ThreadPoolExecutor$Worker@7bd075af[State = -1, empty queue]] WARN  server.GrpcLogAppender (GrpcLogAppender.java:timeoutAppendRequest(200)) - 24c53ee4-03df-424b-8e99-1fd221f7be60@group-3C3ABBECBF4F->d503967e-137a-4fd9-bc45-44203e981a69-GrpcLogAppender: appendEntries Timeout, request=24c53ee4-03df-424b-8e99-1fd221f7be60->d503967e-137a-4fd9-bc45-44203e981a69#34-t2, previous=(t:2, i:20), leaderCommit=16, initializing? false, entries: <empty>
2019-09-12 06:39:30,251 [java.util.concurrent.ThreadPoolExecutor$Worker@7bd075af[State = -1, empty queue]] WARN  server.GrpcLogAppender (GrpcLogAppender.java:timeoutAppendRequest(200)) - 24c53ee4-03df-424b-8e99-1fd221f7be60@group-3C3ABBECBF4F->d503967e-137a-4fd9-bc45-44203e981a69-GrpcLogAppender: appendEntries Timeout, request=24c53ee4-03df-424b-8e99-1fd221f7be60->d503967e-137a-4fd9-bc45-44203e981a69#35-t2, previous=(t:2, i:20), leaderCommit=16, initializing? false, entries: <empty>
2019-09-12 06:39:30,251 [java.util.concurrent.ThreadPoolExecutor$Worker@24fb95e3[State = -1, empty queue]] WARN  server.GrpcLogAppender (GrpcLogAppender.java:timeoutAppendRequest(200)) - 24c53ee4-03df-424b-8e99-1fd221f7be60@group-3C3ABBECBF4F->3ae969e4-2e35-40bf-9e0e-95acae9da5a5-GrpcLogAppender: appendEntries Timeout, request=24c53ee4-03df-424b-8e99-1fd221f7be60->3ae969e4-2e35-40bf-9e0e-95acae9da5a5#35-t2, previous=(t:2, i:20), leaderCommit=16, initializing? false, entries: <empty>
2019-09-12 06:39:30,716 [24c53ee4-03df-424b-8e99-1fd221f7be60@group-3C3ABBECBF4F-SegmentedRaftLogWorker] WARN  segmented.SegmentedRaftLogWorker (SegmentedRaftLogWorker.java:getFromFuture(90)) - Timeout 0/~
org.apache.ratis.protocol.TimeoutIOException: Timeout 10s: WriteLog:17: (t:2, i:17), STATEMACHINELOGENTRY, client-8B9783ACE8AA, cid=39-writeStateMachineData
	at org.apache.ratis.util.IOUtils.getFromFuture(IOUtils.java:87)
	at org.apache.ratis.server.raftlog.segmented.SegmentedRaftLogWorker$StateMachineDataPolicy.getFromFuture(SegmentedRaftLogWorker.java:87)
	at org.apache.ratis.server.raftlog.segmented.SegmentedRaftLogWorker$WriteLog.execute(SegmentedRaftLogWorker.java:477)
	at org.apache.ratis.server.raftlog.segmented.SegmentedRaftLogWorker.run(SegmentedRaftLogWorker.java:289)
	at java.lang.Thread.run(Thread.java:748)
Caused by: java.util.concurrent.TimeoutException
	at java.util.concurrent.CompletableFuture.timedGet(CompletableFuture.java:1771)
	at java.util.concurrent.CompletableFuture.get(CompletableFuture.java:1915)
	at org.apache.ratis.util.IOUtils.getFromFuture(IOUtils.java:79)
	... 4 more
2019-09-12 06:39:30,723 [3ae969e4-2e35-40bf-9e0e-95acae9da5a5@group-3C3ABBECBF4F-SegmentedRaftLogWorker] WARN  segmented.SegmentedRaftLogWorker (SegmentedRaftLogWorker.java:getFromFuture(90)) - Timeout 0/~
org.apache.ratis.protocol.TimeoutIOException: Timeout 10s: WriteLog:17: (t:2, i:17), STATEMACHINELOGENTRY, client-8B9783ACE8AA, cid=39-writeStateMachineData
	at org.apache.ratis.util.IOUtils.getFromFuture(IOUtils.java:87)
	at org.apache.ratis.server.raftlog.segmented.SegmentedRaftLogWorker$StateMachineDataPolicy.getFromFuture(SegmentedRaftLogWorker.java:87)
	at org.apache.ratis.server.raftlog.segmented.SegmentedRaftLogWorker$WriteLog.execute(SegmentedRaftLogWorker.java:477)
	at org.apache.ratis.server.raftlog.segmented.SegmentedRaftLogWorker.run(SegmentedRaftLogWorker.java:289)
	at java.lang.Thread.run(Thread.java:748)
Caused by: java.util.concurrent.TimeoutException
	at java.util.concurrent.CompletableFuture.timedGet(CompletableFuture.java:1771)
	at java.util.concurrent.CompletableFuture.get(CompletableFuture.java:1915)
	at org.apache.ratis.util.IOUtils.getFromFuture(IOUtils.java:79)
	... 4 more
2019-09-12 06:39:30,725 [d503967e-137a-4fd9-bc45-44203e981a69@group-3C3ABBECBF4F-SegmentedRaftLogWorker] WARN  segmented.SegmentedRaftLogWorker (SegmentedRaftLogWorker.java:getFromFuture(90)) - Timeout 0/~
org.apache.ratis.protocol.TimeoutIOException: Timeout 10s: WriteLog:17: (t:2, i:17), STATEMACHINELOGENTRY, client-8B9783ACE8AA, cid=39-writeStateMachineData
	at org.apache.ratis.util.IOUtils.getFromFuture(IOUtils.java:87)
	at org.apache.ratis.server.raftlog.segmented.SegmentedRaftLogWorker$StateMachineDataPolicy.getFromFuture(SegmentedRaftLogWorker.java:87)
	at org.apache.ratis.server.raftlog.segmented.SegmentedRaftLogWorker$WriteLog.execute(SegmentedRaftLogWorker.java:477)
	at org.apache.ratis.server.raftlog.segmented.SegmentedRaftLogWorker.run(SegmentedRaftLogWorker.java:289)
	at java.lang.Thread.run(Thread.java:748)
Caused by: java.util.concurrent.TimeoutException
	at java.util.concurrent.CompletableFuture.timedGet(CompletableFuture.java:1771)
	at java.util.concurrent.CompletableFuture.get(CompletableFuture.java:1915)
	at org.apache.ratis.util.IOUtils.getFromFuture(IOUtils.java:79)
	... 4 more
2019-09-12 06:39:30,752 [java.util.concurrent.ThreadPoolExecutor$Worker@24fb95e3[State = -1, empty queue]] WARN  server.GrpcLogAppender (GrpcLogAppender.java:timeoutAppendRequest(200)) - 24c53ee4-03df-424b-8e99-1fd221f7be60@group-3C3ABBECBF4F->3ae969e4-2e35-40bf-9e0e-95acae9da5a5-GrpcLogAppender: appendEntries Timeout, request=24c53ee4-03df-424b-8e99-1fd221f7be60->3ae969e4-2e35-40bf-9e0e-95acae9da5a5#36-t2, previous=(t:2, i:20), leaderCommit=16, initializing? false, entries: <empty>
2019-09-12 06:39:30,752 [java.util.concurrent.ThreadPoolExecutor$Worker@7bd075af[State = -1, empty queue]] WARN  server.GrpcLogAppender (GrpcLogAppender.java:timeoutAppendRequest(200)) - 24c53ee4-03df-424b-8e99-1fd221f7be60@group-3C3ABBECBF4F->d503967e-137a-4fd9-bc45-44203e981a69-GrpcLogAppender: appendEntries Timeout, request=24c53ee4-03df-424b-8e99-1fd221f7be60->d503967e-137a-4fd9-bc45-44203e981a69#36-t2, previous=(t:2, i:20), leaderCommit=16, initializing? false, entries: <empty>
2019-09-12 06:39:30,862 [grpc-default-executor-3] INFO  client.GrpcClientProtocolClient (GrpcClientProtocolClient.java:onNext(264)) - client-8B9783ACE8AA->3ae969e4-2e35-40bf-9e0e-95acae9da5a5: receive RaftClientReply:client-8B9783ACE8AA->3ae969e4-2e35-40bf-9e0e-95acae9da5a5@group-3C3ABBECBF4F, cid=39, FAILED org.apache.ratis.protocol.NotLeaderException: Server 3ae969e4-2e35-40bf-9e0e-95acae9da5a5@group-3C3ABBECBF4F is not the leader 24c53ee4-03df-424b-8e99-1fd221f7be60:192.168.34.52:44173, logIndex=0, commits[3ae969e4-2e35-40bf-9e0e-95acae9da5a5:c16, d503967e-137a-4fd9-bc45-44203e981a69:c12, 24c53ee4-03df-424b-8e99-1fd221f7be60:c16]
2019-09-12 06:39:31,252 [java.util.concurrent.ThreadPoolExecutor$Worker@7bd075af[State = -1, empty queue]] WARN  server.GrpcLogAppender (GrpcLogAppender.java:timeoutAppendRequest(200)) - 24c53ee4-03df-424b-8e99-1fd221f7be60@group-3C3ABBECBF4F->d503967e-137a-4fd9-bc45-44203e981a69-GrpcLogAppender: appendEntries Timeout, request=24c53ee4-03df-424b-8e99-1fd221f7be60->d503967e-137a-4fd9-bc45-44203e981a69#37-t2, previous=(t:2, i:20), leaderCommit=16, initializing? false, entries: <empty>
2019-09-12 06:39:31,252 [java.util.concurrent.ThreadPoolExecutor$Worker@24fb95e3[State = -1, empty queue]] WARN  server.GrpcLogAppender (GrpcLogAppender.java:timeoutAppendRequest(200)) - 24c53ee4-03df-424b-8e99-1fd221f7be60@group-3C3ABBECBF4F->3ae969e4-2e35-40bf-9e0e-95acae9da5a5-GrpcLogAppender: appendEntries Timeout, request=24c53ee4-03df-424b-8e99-1fd221f7be60->3ae969e4-2e35-40bf-9e0e-95acae9da5a5#37-t2, previous=(t:2, i:20), leaderCommit=16, initializing? false, entries: <empty>
2019-09-12 06:39:31,753 [java.util.concurrent.ThreadPoolExecutor$Worker@7bd075af[State = -1, empty queue]] WARN  server.GrpcLogAppender (GrpcLogAppender.java:timeoutAppendRequest(200)) - 24c53ee4-03df-424b-8e99-1fd221f7be60@group-3C3ABBECBF4F->d503967e-137a-4fd9-bc45-44203e981a69-GrpcLogAppender: appendEntries Timeout, request=24c53ee4-03df-424b-8e99-1fd221f7be60->d503967e-137a-4fd9-bc45-44203e981a69#38-t2, previous=(t:2, i:20), leaderCommit=16, initializing? false, entries: <empty>
2019-09-12 06:39:31,753 [java.util.concurrent.ThreadPoolExecutor$Worker@24fb95e3[State = -1, empty queue]] WARN  server.GrpcLogAppender (GrpcLogAppender.java:timeoutAppendRequest(200)) - 24c53ee4-03df-424b-8e99-1fd221f7be60@group-3C3ABBECBF4F->3ae969e4-2e35-40bf-9e0e-95acae9da5a5-GrpcLogAppender: appendEntries Timeout, request=24c53ee4-03df-424b-8e99-1fd221f7be60->3ae969e4-2e35-40bf-9e0e-95acae9da5a5#38-t2, previous=(t:2, i:20), leaderCommit=16, initializing? false, entries: <empty>
2019-09-12 06:39:32,253 [java.util.concurrent.ThreadPoolExecutor$Worker@7bd075af[State = -1, empty queue]] WARN  server.GrpcLogAppender (GrpcLogAppender.java:timeoutAppendRequest(200)) - 24c53ee4-03df-424b-8e99-1fd221f7be60@group-3C3ABBECBF4F->d503967e-137a-4fd9-bc45-44203e981a69-GrpcLogAppender: appendEntries Timeout, request=24c53ee4-03df-424b-8e99-1fd221f7be60->d503967e-137a-4fd9-bc45-44203e981a69#39-t2, previous=(t:2, i:20), leaderCommit=16, initializing? false, entries: <empty>
2019-09-12 06:39:32,253 [java.util.concurrent.ThreadPoolExecutor$Worker@24fb95e3[State = -1, empty queue]] WARN  server.GrpcLogAppender (GrpcLogAppender.java:timeoutAppendRequest(200)) - 24c53ee4-03df-424b-8e99-1fd221f7be60@group-3C3ABBECBF4F->3ae969e4-2e35-40bf-9e0e-95acae9da5a5-GrpcLogAppender: appendEntries Timeout, request=24c53ee4-03df-424b-8e99-1fd221f7be60->3ae969e4-2e35-40bf-9e0e-95acae9da5a5#39-t2, previous=(t:2, i:20), leaderCommit=16, initializing? false, entries: <empty>
2019-09-12 06:39:32,754 [java.util.concurrent.ThreadPoolExecutor$Worker@7bd075af[State = -1, empty queue]] WARN  server.GrpcLogAppender (GrpcLogAppender.java:timeoutAppendRequest(200)) - 24c53ee4-03df-424b-8e99-1fd221f7be60@group-3C3ABBECBF4F->d503967e-137a-4fd9-bc45-44203e981a69-GrpcLogAppender: appendEntries Timeout, request=24c53ee4-03df-424b-8e99-1fd221f7be60->d503967e-137a-4fd9-bc45-44203e981a69#40-t2, previous=(t:2, i:20), leaderCommit=16, initializing? false, entries: <empty>
2019-09-12 06:39:32,754 [java.util.concurrent.ThreadPoolExecutor$Worker@24fb95e3[State = -1, empty queue]] WARN  server.GrpcLogAppender (GrpcLogAppender.java:timeoutAppendRequest(200)) - 24c53ee4-03df-424b-8e99-1fd221f7be60@group-3C3ABBECBF4F->3ae969e4-2e35-40bf-9e0e-95acae9da5a5-GrpcLogAppender: appendEntries Timeout, request=24c53ee4-03df-424b-8e99-1fd221f7be60->3ae969e4-2e35-40bf-9e0e-95acae9da5a5#40-t2, previous=(t:2, i:20), leaderCommit=16, initializing? false, entries: <empty>
2019-09-12 06:39:33,255 [java.util.concurrent.ThreadPoolExecutor$Worker@7bd075af[State = -1, empty queue]] WARN  server.GrpcLogAppender (GrpcLogAppender.java:timeoutAppendRequest(200)) - 24c53ee4-03df-424b-8e99-1fd221f7be60@group-3C3ABBECBF4F->d503967e-137a-4fd9-bc45-44203e981a69-GrpcLogAppender: appendEntries Timeout, request=24c53ee4-03df-424b-8e99-1fd221f7be60->d503967e-137a-4fd9-bc45-44203e981a69#41-t2, previous=(t:2, i:20), leaderCommit=16, initializing? false, entries: <empty>
2019-09-12 06:39:33,255 [java.util.concurrent.ThreadPoolExecutor$Worker@24fb95e3[State = -1, empty queue]] WARN  server.GrpcLogAppender (GrpcLogAppender.java:timeoutAppendRequest(200)) - 24c53ee4-03df-424b-8e99-1fd221f7be60@group-3C3ABBECBF4F->3ae969e4-2e35-40bf-9e0e-95acae9da5a5-GrpcLogAppender: appendEntries Timeout, request=24c53ee4-03df-424b-8e99-1fd221f7be60->3ae969e4-2e35-40bf-9e0e-95acae9da5a5#41-t2, previous=(t:2, i:20), leaderCommit=16, initializing? false, entries: <empty>
2019-09-12 06:39:33,755 [java.util.concurrent.ThreadPoolExecutor$Worker@24fb95e3[State = -1, empty queue]] WARN  server.GrpcLogAppender (GrpcLogAppender.java:timeoutAppendRequest(200)) - 24c53ee4-03df-424b-8e99-1fd221f7be60@group-3C3ABBECBF4F->3ae969e4-2e35-40bf-9e0e-95acae9da5a5-GrpcLogAppender: appendEntries Timeout, request=24c53ee4-03df-424b-8e99-1fd221f7be60->3ae969e4-2e35-40bf-9e0e-95acae9da5a5#42-t2, previous=(t:2, i:20), leaderCommit=16, initializing? false, entries: <empty>
2019-09-12 06:39:33,755 [java.util.concurrent.ThreadPoolExecutor$Worker@7bd075af[State = -1, empty queue]] WARN  server.GrpcLogAppender (GrpcLogAppender.java:timeoutAppendRequest(200)) - 24c53ee4-03df-424b-8e99-1fd221f7be60@group-3C3ABBECBF4F->d503967e-137a-4fd9-bc45-44203e981a69-GrpcLogAppender: appendEntries Timeout, request=24c53ee4-03df-424b-8e99-1fd221f7be60->d503967e-137a-4fd9-bc45-44203e981a69#42-t2, previous=(t:2, i:20), leaderCommit=16, initializing? false, entries: <empty>
2019-09-12 06:39:34,257 [java.util.concurrent.ThreadPoolExecutor$Worker@24fb95e3[State = -1, empty queue]] WARN  server.GrpcLogAppender (GrpcLogAppender.java:timeoutAppendRequest(200)) - 24c53ee4-03df-424b-8e99-1fd221f7be60@group-3C3ABBECBF4F->3ae969e4-2e35-40bf-9e0e-95acae9da5a5-GrpcLogAppender: appendEntries Timeout, request=24c53ee4-03df-424b-8e99-1fd221f7be60->3ae969e4-2e35-40bf-9e0e-95acae9da5a5#43-t2, previous=(t:2, i:20), leaderCommit=16, initializing? false, entries: <empty>
2019-09-12 06:39:34,257 [java.util.concurrent.ThreadPoolExecutor$Worker@7bd075af[State = -1, empty queue]] WARN  server.GrpcLogAppender (GrpcLogAppender.java:timeoutAppendRequest(200)) - 24c53ee4-03df-424b-8e99-1fd221f7be60@group-3C3ABBECBF4F->d503967e-137a-4fd9-bc45-44203e981a69-GrpcLogAppender: appendEntries Timeout, request=24c53ee4-03df-424b-8e99-1fd221f7be60->d503967e-137a-4fd9-bc45-44203e981a69#43-t2, previous=(t:2, i:20), leaderCommit=16, initializing? false, entries: <empty>
2019-09-12 06:39:34,758 [java.util.concurrent.ThreadPoolExecutor$Worker@7bd075af[State = -1, empty queue]] WARN  server.GrpcLogAppender (GrpcLogAppender.java:timeoutAppendRequest(200)) - 24c53ee4-03df-424b-8e99-1fd221f7be60@group-3C3ABBECBF4F->d503967e-137a-4fd9-bc45-44203e981a69-GrpcLogAppender: appendEntries Timeout, request=24c53ee4-03df-424b-8e99-1fd221f7be60->d503967e-137a-4fd9-bc45-44203e981a69#44-t2, previous=(t:2, i:20), leaderCommit=16, initializing? false, entries: <empty>
2019-09-12 06:39:34,758 [java.util.concurrent.ThreadPoolExecutor$Worker@24fb95e3[State = -1, empty queue]] WARN  server.GrpcLogAppender (GrpcLogAppender.java:timeoutAppendRequest(200)) - 24c53ee4-03df-424b-8e99-1fd221f7be60@group-3C3ABBECBF4F->3ae969e4-2e35-40bf-9e0e-95acae9da5a5-GrpcLogAppender: appendEntries Timeout, request=24c53ee4-03df-424b-8e99-1fd221f7be60->3ae969e4-2e35-40bf-9e0e-95acae9da5a5#44-t2, previous=(t:2, i:20), leaderCommit=16, initializing? false, entries: <empty>
2019-09-12 06:39:35,259 [java.util.concurrent.ThreadPoolExecutor$Worker@24fb95e3[State = -1, empty queue]] WARN  server.GrpcLogAppender (GrpcLogAppender.java:timeoutAppendRequest(200)) - 24c53ee4-03df-424b-8e99-1fd221f7be60@group-3C3ABBECBF4F->3ae969e4-2e35-40bf-9e0e-95acae9da5a5-GrpcLogAppender: appendEntries Timeout, request=24c53ee4-03df-424b-8e99-1fd221f7be60->3ae969e4-2e35-40bf-9e0e-95acae9da5a5#45-t2, previous=(t:2, i:20), leaderCommit=16, initializing? false, entries: <empty>
2019-09-12 06:39:35,259 [java.util.concurrent.ThreadPoolExecutor$Worker@7bd075af[State = -1, empty queue]] WARN  server.GrpcLogAppender (GrpcLogAppender.java:timeoutAppendRequest(200)) - 24c53ee4-03df-424b-8e99-1fd221f7be60@group-3C3ABBECBF4F->d503967e-137a-4fd9-bc45-44203e981a69-GrpcLogAppender: appendEntries Timeout, request=24c53ee4-03df-424b-8e99-1fd221f7be60->d503967e-137a-4fd9-bc45-44203e981a69#45-t2, previous=(t:2, i:20), leaderCommit=16, initializing? false, entries: <empty>
2019-09-12 06:39:35,759 [java.util.concurrent.ThreadPoolExecutor$Worker@24fb95e3[State = -1, empty queue]] WARN  server.GrpcLogAppender (GrpcLogAppender.java:timeoutAppendRequest(200)) - 24c53ee4-03df-424b-8e99-1fd221f7be60@group-3C3ABBECBF4F->3ae969e4-2e35-40bf-9e0e-95acae9da5a5-GrpcLogAppender: appendEntries Timeout, request=24c53ee4-03df-424b-8e99-1fd221f7be60->3ae969e4-2e35-40bf-9e0e-95acae9da5a5#46-t2, previous=(t:2, i:20), leaderCommit=16, initializing? false, entries: <empty>
2019-09-12 06:39:35,759 [java.util.concurrent.ThreadPoolExecutor$Worker@7bd075af[State = -1, empty queue]] WARN  server.GrpcLogAppender (GrpcLogAppender.java:timeoutAppendRequest(200)) - 24c53ee4-03df-424b-8e99-1fd221f7be60@group-3C3ABBECBF4F->d503967e-137a-4fd9-bc45-44203e981a69-GrpcLogAppender: appendEntries Timeout, request=24c53ee4-03df-424b-8e99-1fd221f7be60->d503967e-137a-4fd9-bc45-44203e981a69#46-t2, previous=(t:2, i:20), leaderCommit=16, initializing? false, entries: <empty>
2019-09-12 06:39:35,932 [grpc-default-executor-12] INFO  client.GrpcClientProtocolClient (GrpcClientProtocolClient.java:onNext(264)) - client-8B9783ACE8AA->d503967e-137a-4fd9-bc45-44203e981a69: receive RaftClientReply:client-8B9783ACE8AA->d503967e-137a-4fd9-bc45-44203e981a69@group-3C3ABBECBF4F, cid=39, FAILED org.apache.ratis.protocol.NotLeaderException: Server d503967e-137a-4fd9-bc45-44203e981a69@group-3C3ABBECBF4F is not the leader 24c53ee4-03df-424b-8e99-1fd221f7be60:192.168.34.52:44173, logIndex=0, commits[d503967e-137a-4fd9-bc45-44203e981a69:c16, 24c53ee4-03df-424b-8e99-1fd221f7be60:c16, 3ae969e4-2e35-40bf-9e0e-95acae9da5a5:c12]
2019-09-12 06:39:36,261 [java.util.concurrent.ThreadPoolExecutor$Worker@7bd075af[State = -1, empty queue]] WARN  server.GrpcLogAppender (GrpcLogAppender.java:timeoutAppendRequest(200)) - 24c53ee4-03df-424b-8e99-1fd221f7be60@group-3C3ABBECBF4F->d503967e-137a-4fd9-bc45-44203e981a69-GrpcLogAppender: appendEntries Timeout, request=24c53ee4-03df-424b-8e99-1fd221f7be60->d503967e-137a-4fd9-bc45-44203e981a69#47-t2, previous=(t:2, i:20), leaderCommit=16, initializing? false, entries: <empty>
2019-09-12 06:39:36,261 [java.util.concurrent.ThreadPoolExecutor$Worker@24fb95e3[State = -1, empty queue]] WARN  server.GrpcLogAppender (GrpcLogAppender.java:timeoutAppendRequest(200)) - 24c53ee4-03df-424b-8e99-1fd221f7be60@group-3C3ABBECBF4F->3ae969e4-2e35-40bf-9e0e-95acae9da5a5-GrpcLogAppender: appendEntries Timeout, request=24c53ee4-03df-424b-8e99-1fd221f7be60->3ae969e4-2e35-40bf-9e0e-95acae9da5a5#47-t2, previous=(t:2, i:20), leaderCommit=16, initializing? false, entries: <empty>
2019-09-12 06:39:36,761 [java.util.concurrent.ThreadPoolExecutor$Worker@7bd075af[State = -1, empty queue]] WARN  server.GrpcLogAppender (GrpcLogAppender.java:timeoutAppendRequest(200)) - 24c53ee4-03df-424b-8e99-1fd221f7be60@group-3C3ABBECBF4F->d503967e-137a-4fd9-bc45-44203e981a69-GrpcLogAppender: appendEntries Timeout, request=24c53ee4-03df-424b-8e99-1fd221f7be60->d503967e-137a-4fd9-bc45-44203e981a69#48-t2, previous=(t:2, i:20), leaderCommit=16, initializing? false, entries: <empty>
2019-09-12 06:39:36,761 [java.util.concurrent.ThreadPoolExecutor$Worker@24fb95e3[State = -1, empty queue]] WARN  server.GrpcLogAppender (GrpcLogAppender.java:timeoutAppendRequest(200)) - 24c53ee4-03df-424b-8e99-1fd221f7be60@group-3C3ABBECBF4F->3ae969e4-2e35-40bf-9e0e-95acae9da5a5-GrpcLogAppender: appendEntries Timeout, request=24c53ee4-03df-424b-8e99-1fd221f7be60->3ae969e4-2e35-40bf-9e0e-95acae9da5a5#48-t2, previous=(t:2, i:20), leaderCommit=16, initializing? false, entries: <empty>
2019-09-12 06:39:37,262 [java.util.concurrent.ThreadPoolExecutor$Worker@24fb95e3[State = -1, empty queue]] WARN  server.GrpcLogAppender (GrpcLogAppender.java:timeoutAppendRequest(200)) - 24c53ee4-03df-424b-8e99-1fd221f7be60@group-3C3ABBECBF4F->3ae969e4-2e35-40bf-9e0e-95acae9da5a5-GrpcLogAppender: appendEntries Timeout, request=24c53ee4-03df-424b-8e99-1fd221f7be60->3ae969e4-2e35-40bf-9e0e-95acae9da5a5#49-t2, previous=(t:2, i:20), leaderCommit=16, initializing? false, entries: <empty>
2019-09-12 06:39:37,262 [java.util.concurrent.ThreadPoolExecutor$Worker@7bd075af[State = -1, empty queue]] WARN  server.GrpcLogAppender (GrpcLogAppender.java:timeoutAppendRequest(200)) - 24c53ee4-03df-424b-8e99-1fd221f7be60@group-3C3ABBECBF4F->d503967e-137a-4fd9-bc45-44203e981a69-GrpcLogAppender: appendEntries Timeout, request=24c53ee4-03df-424b-8e99-1fd221f7be60->d503967e-137a-4fd9-bc45-44203e981a69#49-t2, previous=(t:2, i:20), leaderCommit=16, initializing? false, entries: <empty>
2019-09-12 06:39:37,762 [java.util.concurrent.ThreadPoolExecutor$Worker@24fb95e3[State = -1, empty queue]] WARN  server.GrpcLogAppender (GrpcLogAppender.java:timeoutAppendRequest(200)) - 24c53ee4-03df-424b-8e99-1fd221f7be60@group-3C3ABBECBF4F->3ae969e4-2e35-40bf-9e0e-95acae9da5a5-GrpcLogAppender: appendEntries Timeout, request=24c53ee4-03df-424b-8e99-1fd221f7be60->3ae969e4-2e35-40bf-9e0e-95acae9da5a5#50-t2, previous=(t:2, i:20), leaderCommit=16, initializing? false, entries: <empty>
2019-09-12 06:39:37,762 [java.util.concurrent.ThreadPoolExecutor$Worker@7bd075af[State = -1, empty queue]] WARN  server.GrpcLogAppender (GrpcLogAppender.java:timeoutAppendRequest(200)) - 24c53ee4-03df-424b-8e99-1fd221f7be60@group-3C3ABBECBF4F->d503967e-137a-4fd9-bc45-44203e981a69-GrpcLogAppender: appendEntries Timeout, request=24c53ee4-03df-424b-8e99-1fd221f7be60->d503967e-137a-4fd9-bc45-44203e981a69#50-t2, previous=(t:2, i:20), leaderCommit=16, initializing? false, entries: <empty>
2019-09-12 06:39:38,263 [java.util.concurrent.ThreadPoolExecutor$Worker@24fb95e3[State = -1, empty queue]] WARN  server.GrpcLogAppender (GrpcLogAppender.java:timeoutAppendRequest(200)) - 24c53ee4-03df-424b-8e99-1fd221f7be60@group-3C3ABBECBF4F->3ae969e4-2e35-40bf-9e0e-95acae9da5a5-GrpcLogAppender: appendEntries Timeout, request=24c53ee4-03df-424b-8e99-1fd221f7be60->3ae969e4-2e35-40bf-9e0e-95acae9da5a5#51-t2, previous=(t:2, i:20), leaderCommit=16, initializing? false, entries: <empty>
2019-09-12 06:39:38,263 [java.util.concurrent.ThreadPoolExecutor$Worker@7bd075af[State = -1, empty queue]] WARN  server.GrpcLogAppender (GrpcLogAppender.java:timeoutAppendRequest(200)) - 24c53ee4-03df-424b-8e99-1fd221f7be60@group-3C3ABBECBF4F->d503967e-137a-4fd9-bc45-44203e981a69-GrpcLogAppender: appendEntries Timeout, request=24c53ee4-03df-424b-8e99-1fd221f7be60->d503967e-137a-4fd9-bc45-44203e981a69#51-t2, previous=(t:2, i:20), leaderCommit=16, initializing? false, entries: <empty>
2019-09-12 06:39:38,763 [java.util.concurrent.ThreadPoolExecutor$Worker@7bd075af[State = -1, empty queue]] WARN  server.GrpcLogAppender (GrpcLogAppender.java:timeoutAppendRequest(200)) - 24c53ee4-03df-424b-8e99-1fd221f7be60@group-3C3ABBECBF4F->d503967e-137a-4fd9-bc45-44203e981a69-GrpcLogAppender: appendEntries Timeout, request=24c53ee4-03df-424b-8e99-1fd221f7be60->d503967e-137a-4fd9-bc45-44203e981a69#52-t2, previous=(t:2, i:20), leaderCommit=16, initializing? false, entries: <empty>
2019-09-12 06:39:38,763 [java.util.concurrent.ThreadPoolExecutor$Worker@24fb95e3[State = -1, empty queue]] WARN  server.GrpcLogAppender (GrpcLogAppender.java:timeoutAppendRequest(200)) - 24c53ee4-03df-424b-8e99-1fd221f7be60@group-3C3ABBECBF4F->3ae969e4-2e35-40bf-9e0e-95acae9da5a5-GrpcLogAppender: appendEntries Timeout, request=24c53ee4-03df-424b-8e99-1fd221f7be60->3ae969e4-2e35-40bf-9e0e-95acae9da5a5#52-t2, previous=(t:2, i:20), leaderCommit=16, initializing? false, entries: <empty>
2019-09-12 06:39:38,958 [main] WARN  io.KeyOutputStream (KeyOutputStream.java:handleException(276)) - Encountered exception java.io.IOException: Unexpected Storage Container Exception: java.util.concurrent.CompletionException: java.util.concurrent.CompletionException: org.apache.ratis.protocol.RaftRetryFailureException: Failed RaftClientRequest:client-8B9783ACE8AA->24c53ee4-03df-424b-8e99-1fd221f7be60@group-3C3ABBECBF4F, cid=39, seq=9*, RW, org.apache.hadoop.hdds.scm.XceiverClientRatis$$Lambda$453/518159731@6b4e8fa for 10 attempts with RetryLimited(maxAttempts=10, sleepTime=1000ms) on the pipeline Pipeline[ Id: d2999b0e-6ab5-4d00-8298-3c3abbecbf4f, Nodes: 24c53ee4-03df-424b-8e99-1fd221f7be60{ip: 192.168.34.52, host: trunk-nightly-20190912-4gc2t-2068889165, networkLocation: /default-rack, certSerialId: null}d503967e-137a-4fd9-bc45-44203e981a69{ip: 192.168.34.52, host: trunk-nightly-20190912-4gc2t-2068889165, networkLocation: /default-rack, certSerialId: null}3ae969e4-2e35-40bf-9e0e-95acae9da5a5{ip: 192.168.34.52, host: trunk-nightly-20190912-4gc2t-2068889165, networkLocation: /default-rack, certSerialId: null}, Type:RATIS, Factor:THREE, State:OPEN]. The last committed block length is 0, uncommitted data length is 2097152 retry count 0
2019-09-12 06:39:39,181 [grpc-default-executor-3] INFO  client.GrpcClientProtocolClient (GrpcClientProtocolClient.java:onNext(264)) - client-C89BF4EDCA02->5ecf13a7-acad-498a-ad7b-6f285dbc97e2: receive RaftClientReply:client-C89BF4EDCA02->5ecf13a7-acad-498a-ad7b-6f285dbc97e2@group-C5E42DFE1AE1, cid=43, SUCCESS, logIndex=1, commits[5ecf13a7-acad-498a-ad7b-6f285dbc97e2:c1, 996a256c-fd43-494a-96f3-903b907c5248:c0, e1cdc330-b298-4f7e-9f8c-e697349a5e69:c0]
2019-09-12 06:39:39,444 [grpc-default-executor-7] INFO  client.GrpcClientProtocolClient (GrpcClientProtocolClient.java:onNext(264)) - client-C89BF4EDCA02->5ecf13a7-acad-498a-ad7b-6f285dbc97e2: receive RaftClientReply:client-C89BF4EDCA02->5ecf13a7-acad-498a-ad7b-6f285dbc97e2@group-C5E42DFE1AE1, cid=44, SUCCESS, logIndex=3, commits[5ecf13a7-acad-498a-ad7b-6f285dbc97e2:c7, 996a256c-fd43-494a-96f3-903b907c5248:c5, e1cdc330-b298-4f7e-9f8c-e697349a5e69:c5]
2019-09-12 06:39:39,451 [java.util.concurrent.ThreadPoolExecutor$Worker@7bd075af[State = -1, empty queue]] WARN  server.GrpcLogAppender (GrpcLogAppender.java:timeoutAppendRequest(200)) - 24c53ee4-03df-424b-8e99-1fd221f7be60@group-3C3ABBECBF4F->d503967e-137a-4fd9-bc45-44203e981a69-GrpcLogAppender: appendEntries Timeout, request=24c53ee4-03df-424b-8e99-1fd221f7be60->d503967e-137a-4fd9-bc45-44203e981a69#53-t2, previous=(t:2, i:20), leaderCommit=16, initializing? false, entries: <empty>
2019-09-12 06:39:39,451 [java.util.concurrent.ThreadPoolExecutor$Worker@24fb95e3[State = -1, empty queue]] WARN  server.GrpcLogAppender (GrpcLogAppender.java:timeoutAppendRequest(200)) - 24c53ee4-03df-424b-8e99-1fd221f7be60@group-3C3ABBECBF4F->3ae969e4-2e35-40bf-9e0e-95acae9da5a5-GrpcLogAppender: appendEntries Timeout, request=24c53ee4-03df-424b-8e99-1fd221f7be60->3ae969e4-2e35-40bf-9e0e-95acae9da5a5#53-t2, previous=(t:2, i:20), leaderCommit=16, initializing? false, entries: <empty>
2019-09-12 06:39:39,452 [grpc-default-executor-12] INFO  client.GrpcClientProtocolClient (GrpcClientProtocolClient.java:onNext(264)) - client-C89BF4EDCA02->5ecf13a7-acad-498a-ad7b-6f285dbc97e2: receive RaftClientReply:client-C89BF4EDCA02->5ecf13a7-acad-498a-ad7b-6f285dbc97e2@group-C5E42DFE1AE1, cid=45, SUCCESS, logIndex=4, commits[5ecf13a7-acad-498a-ad7b-6f285dbc97e2:c7, 996a256c-fd43-494a-96f3-903b907c5248:c5, e1cdc330-b298-4f7e-9f8c-e697349a5e69:c5]
2019-09-12 06:39:39,506 [grpc-default-executor-12] INFO  client.GrpcClientProtocolClient (GrpcClientProtocolClient.java:onNext(264)) - client-C89BF4EDCA02->5ecf13a7-acad-498a-ad7b-6f285dbc97e2: receive RaftClientReply:client-C89BF4EDCA02->5ecf13a7-acad-498a-ad7b-6f285dbc97e2@group-C5E42DFE1AE1, cid=46, SUCCESS, logIndex=6, commits[5ecf13a7-acad-498a-ad7b-6f285dbc97e2:c8, 996a256c-fd43-494a-96f3-903b907c5248:c6, e1cdc330-b298-4f7e-9f8c-e697349a5e69:c6]
2019-09-12 06:39:39,762 [Datanode State Machine Thread - 0] INFO  statemachine.DatanodeStateMachine (DatanodeStateMachine.java:lambda$startDaemon$0(350)) - Ozone container server started.
2019-09-12 06:39:39,765 [java.util.concurrent.ThreadPoolExecutor$Worker@7bd075af[State = -1, empty queue]] WARN  server.GrpcLogAppender (GrpcLogAppender.java:timeoutAppendRequest(200)) - 24c53ee4-03df-424b-8e99-1fd221f7be60@group-3C3ABBECBF4F->d503967e-137a-4fd9-bc45-44203e981a69-GrpcLogAppender: appendEntries Timeout, request=24c53ee4-03df-424b-8e99-1fd221f7be60->d503967e-137a-4fd9-bc45-44203e981a69#54-t2, previous=(t:2, i:20), leaderCommit=16, initializing? false, entries: <empty>
2019-09-12 06:39:39,765 [java.util.concurrent.ThreadPoolExecutor$Worker@24fb95e3[State = -1, empty queue]] WARN  server.GrpcLogAppender (GrpcLogAppender.java:timeoutAppendRequest(200)) - 24c53ee4-03df-424b-8e99-1fd221f7be60@group-3C3ABBECBF4F->3ae969e4-2e35-40bf-9e0e-95acae9da5a5-GrpcLogAppender: appendEntries Timeout, request=24c53ee4-03df-424b-8e99-1fd221f7be60->3ae969e4-2e35-40bf-9e0e-95acae9da5a5#54-t2, previous=(t:2, i:20), leaderCommit=16, initializing? false, entries: <empty>
2019-09-12 06:39:40,266 [java.util.concurrent.ThreadPoolExecutor$Worker@24fb95e3[State = -1, empty queue]] WARN  server.GrpcLogAppender (GrpcLogAppender.java:timeoutAppendRequest(200)) - 24c53ee4-03df-424b-8e99-1fd221f7be60@group-3C3ABBECBF4F->3ae969e4-2e35-40bf-9e0e-95acae9da5a5-GrpcLogAppender: appendEntries Timeout, request=24c53ee4-03df-424b-8e99-1fd221f7be60->3ae969e4-2e35-40bf-9e0e-95acae9da5a5#55-t2, previous=(t:2, i:20), leaderCommit=16, initializing? false, entries: <empty>
2019-09-12 06:39:40,266 [java.util.concurrent.ThreadPoolExecutor$Worker@7bd075af[State = -1, empty queue]] WARN  server.GrpcLogAppender (GrpcLogAppender.java:timeoutAppendRequest(200)) - 24c53ee4-03df-424b-8e99-1fd221f7be60@group-3C3ABBECBF4F->d503967e-137a-4fd9-bc45-44203e981a69-GrpcLogAppender: appendEntries Timeout, request=24c53ee4-03df-424b-8e99-1fd221f7be60->d503967e-137a-4fd9-bc45-44203e981a69#55-t2, previous=(t:2, i:20), leaderCommit=16, initializing? false, entries: <empty>
2019-09-12 06:39:40,719 [24c53ee4-03df-424b-8e99-1fd221f7be60@group-3C3ABBECBF4F-SegmentedRaftLogWorker] WARN  segmented.SegmentedRaftLogWorker (SegmentedRaftLogWorker.java:getFromFuture(90)) - Timeout 1/~
org.apache.ratis.protocol.TimeoutIOException: Timeout 10s: WriteLog:17: (t:2, i:17), STATEMACHINELOGENTRY, client-8B9783ACE8AA, cid=39-writeStateMachineData
	at org.apache.ratis.util.IOUtils.getFromFuture(IOUtils.java:87)
	at org.apache.ratis.server.raftlog.segmented.SegmentedRaftLogWorker$StateMachineDataPolicy.getFromFuture(SegmentedRaftLogWorker.java:87)
	at org.apache.ratis.server.raftlog.segmented.SegmentedRaftLogWorker$WriteLog.execute(SegmentedRaftLogWorker.java:477)
	at org.apache.ratis.server.raftlog.segmented.SegmentedRaftLogWorker.run(SegmentedRaftLogWorker.java:289)
	at java.lang.Thread.run(Thread.java:748)
Caused by: java.util.concurrent.TimeoutException
	at java.util.concurrent.CompletableFuture.timedGet(CompletableFuture.java:1771)
	at java.util.concurrent.CompletableFuture.get(CompletableFuture.java:1915)
	at org.apache.ratis.util.IOUtils.getFromFuture(IOUtils.java:79)
	... 4 more
2019-09-12 06:39:40,724 [3ae969e4-2e35-40bf-9e0e-95acae9da5a5@group-3C3ABBECBF4F-SegmentedRaftLogWorker] WARN  segmented.SegmentedRaftLogWorker (SegmentedRaftLogWorker.java:getFromFuture(90)) - Timeout 1/~
org.apache.ratis.protocol.TimeoutIOException: Timeout 10s: WriteLog:17: (t:2, i:17), STATEMACHINELOGENTRY, client-8B9783ACE8AA, cid=39-writeStateMachineData
	at org.apache.ratis.util.IOUtils.getFromFuture(IOUtils.java:87)
	at org.apache.ratis.server.raftlog.segmented.SegmentedRaftLogWorker$StateMachineDataPolicy.getFromFuture(SegmentedRaftLogWorker.java:87)
	at org.apache.ratis.server.raftlog.segmented.SegmentedRaftLogWorker$WriteLog.execute(SegmentedRaftLogWorker.java:477)
	at org.apache.ratis.server.raftlog.segmented.SegmentedRaftLogWorker.run(SegmentedRaftLogWorker.java:289)
	at java.lang.Thread.run(Thread.java:748)
Caused by: java.util.concurrent.TimeoutException
	at java.util.concurrent.CompletableFuture.timedGet(CompletableFuture.java:1771)
	at java.util.concurrent.CompletableFuture.get(CompletableFuture.java:1915)
	at org.apache.ratis.util.IOUtils.getFromFuture(IOUtils.java:79)
	... 4 more
2019-09-12 06:39:40,726 [d503967e-137a-4fd9-bc45-44203e981a69@group-3C3ABBECBF4F-SegmentedRaftLogWorker] WARN  segmented.SegmentedRaftLogWorker (SegmentedRaftLogWorker.java:getFromFuture(90)) - Timeout 1/~
org.apache.ratis.protocol.TimeoutIOException: Timeout 10s: WriteLog:17: (t:2, i:17), STATEMACHINELOGENTRY, client-8B9783ACE8AA, cid=39-writeStateMachineData
	at org.apache.ratis.util.IOUtils.getFromFuture(IOUtils.java:87)
	at org.apache.ratis.server.raftlog.segmented.SegmentedRaftLogWorker$StateMachineDataPolicy.getFromFuture(SegmentedRaftLogWorker.java:87)
	at org.apache.ratis.server.raftlog.segmented.SegmentedRaftLogWorker$WriteLog.execute(SegmentedRaftLogWorker.java:477)
	at org.apache.ratis.server.raftlog.segmented.SegmentedRaftLogWorker.run(SegmentedRaftLogWorker.java:289)
	at java.lang.Thread.run(Thread.java:748)
Caused by: java.util.concurrent.TimeoutException
	at java.util.concurrent.CompletableFuture.timedGet(CompletableFuture.java:1771)
	at java.util.concurrent.CompletableFuture.get(CompletableFuture.java:1915)
	at org.apache.ratis.util.IOUtils.getFromFuture(IOUtils.java:79)
	... 4 more
2019-09-12 06:39:40,766 [java.util.concurrent.ThreadPoolExecutor$Worker@24fb95e3[State = -1, empty queue]] WARN  server.GrpcLogAppender (GrpcLogAppender.java:timeoutAppendRequest(200)) - 24c53ee4-03df-424b-8e99-1fd221f7be60@group-3C3ABBECBF4F->3ae969e4-2e35-40bf-9e0e-95acae9da5a5-GrpcLogAppender: appendEntries Timeout, request=24c53ee4-03df-424b-8e99-1fd221f7be60->3ae969e4-2e35-40bf-9e0e-95acae9da5a5#56-t2, previous=(t:2, i:20), leaderCommit=16, initializing? false, entries: <empty>
2019-09-12 06:39:40,766 [java.util.concurrent.ThreadPoolExecutor$Worker@7bd075af[State = -1, empty queue]] WARN  server.GrpcLogAppender (GrpcLogAppender.java:timeoutAppendRequest(200)) - 24c53ee4-03df-424b-8e99-1fd221f7be60@group-3C3ABBECBF4F->d503967e-137a-4fd9-bc45-44203e981a69-GrpcLogAppender: appendEntries Timeout, request=24c53ee4-03df-424b-8e99-1fd221f7be60->d503967e-137a-4fd9-bc45-44203e981a69#56-t2, previous=(t:2, i:20), leaderCommit=16, initializing? false, entries: <empty>
2019-09-12 06:39:41,266 [java.util.concurrent.ThreadPoolExecutor$Worker@7bd075af[State = -1, empty queue]] WARN  server.GrpcLogAppender (GrpcLogAppender.java:timeoutAppendRequest(200)) - 24c53ee4-03df-424b-8e99-1fd221f7be60@group-3C3ABBECBF4F->d503967e-137a-4fd9-bc45-44203e981a69-GrpcLogAppender: appendEntries Timeout, request=24c53ee4-03df-424b-8e99-1fd221f7be60->d503967e-137a-4fd9-bc45-44203e981a69#57-t2, previous=(t:2, i:20), leaderCommit=16, initializing? false, entries: <empty>
2019-09-12 06:39:41,266 [java.util.concurrent.ThreadPoolExecutor$Worker@24fb95e3[State = -1, empty queue]] WARN  server.GrpcLogAppender (GrpcLogAppender.java:timeoutAppendRequest(200)) - 24c53ee4-03df-424b-8e99-1fd221f7be60@group-3C3ABBECBF4F->3ae969e4-2e35-40bf-9e0e-95acae9da5a5-GrpcLogAppender: appendEntries Timeout, request=24c53ee4-03df-424b-8e99-1fd221f7be60->3ae969e4-2e35-40bf-9e0e-95acae9da5a5#57-t2, previous=(t:2, i:20), leaderCommit=16, initializing? false, entries: <empty>
2019-09-12 06:39:41,770 [java.util.concurrent.ThreadPoolExecutor$Worker@7bd075af[State = -1, empty queue]] WARN  server.GrpcLogAppender (GrpcLogAppender.java:timeoutAppendRequest(200)) - 24c53ee4-03df-424b-8e99-1fd221f7be60@group-3C3ABBECBF4F->d503967e-137a-4fd9-bc45-44203e981a69-GrpcLogAppender: appendEntries Timeout, request=24c53ee4-03df-424b-8e99-1fd221f7be60->d503967e-137a-4fd9-bc45-44203e981a69#58-t2, previous=(t:2, i:20), leaderCommit=16, initializing? false, entries: <empty>
2019-09-12 06:39:41,770 [java.util.concurrent.ThreadPoolExecutor$Worker@24fb95e3[State = -1, empty queue]] WARN  server.GrpcLogAppender (GrpcLogAppender.java:timeoutAppendRequest(200)) - 24c53ee4-03df-424b-8e99-1fd221f7be60@group-3C3ABBECBF4F->3ae969e4-2e35-40bf-9e0e-95acae9da5a5-GrpcLogAppender: appendEntries Timeout, request=24c53ee4-03df-424b-8e99-1fd221f7be60->3ae969e4-2e35-40bf-9e0e-95acae9da5a5#58-t2, previous=(t:2, i:20), leaderCommit=16, initializing? false, entries: <empty>
2019-09-12 06:39:42,451 [java.util.concurrent.ThreadPoolExecutor$Worker@24fb95e3[State = -1, empty queue]] WARN  server.GrpcLogAppender (GrpcLogAppender.java:timeoutAppendRequest(200)) - 24c53ee4-03df-424b-8e99-1fd221f7be60@group-3C3ABBECBF4F->3ae969e4-2e35-40bf-9e0e-95acae9da5a5-GrpcLogAppender: appendEntries Timeout, request=24c53ee4-03df-424b-8e99-1fd221f7be60->3ae969e4-2e35-40bf-9e0e-95acae9da5a5#59-t2, previous=(t:2, i:20), leaderCommit=16, initializing? false, entries: <empty>
2019-09-12 06:39:42,451 [java.util.concurrent.ThreadPoolExecutor$Worker@7bd075af[State = -1, empty queue]] WARN  server.GrpcLogAppender (GrpcLogAppender.java:timeoutAppendRequest(200)) - 24c53ee4-03df-424b-8e99-1fd221f7be60@group-3C3ABBECBF4F->d503967e-137a-4fd9-bc45-44203e981a69-GrpcLogAppender: appendEntries Timeout, request=24c53ee4-03df-424b-8e99-1fd221f7be60->d503967e-137a-4fd9-bc45-44203e981a69#59-t2, previous=(t:2, i:20), leaderCommit=16, initializing? false, entries: <empty>
2019-09-12 06:39:42,952 [java.util.concurrent.ThreadPoolExecutor$Worker@7bd075af[State = -1, empty queue]] WARN  server.GrpcLogAppender (GrpcLogAppender.java:timeoutAppendRequest(200)) - 24c53ee4-03df-424b-8e99-1fd221f7be60@group-3C3ABBECBF4F->d503967e-137a-4fd9-bc45-44203e981a69-GrpcLogAppender: appendEntries Timeout, request=24c53ee4-03df-424b-8e99-1fd221f7be60->d503967e-137a-4fd9-bc45-44203e981a69#60-t2, previous=(t:2, i:20), leaderCommit=16, initializing? false, entries: <empty>
2019-09-12 06:39:42,952 [java.util.concurrent.ThreadPoolExecutor$Worker@24fb95e3[State = -1, empty queue]] WARN  server.GrpcLogAppender (GrpcLogAppender.java:timeoutAppendRequest(200)) - 24c53ee4-03df-424b-8e99-1fd221f7be60@group-3C3ABBECBF4F->3ae969e4-2e35-40bf-9e0e-95acae9da5a5-GrpcLogAppender: appendEntries Timeout, request=24c53ee4-03df-424b-8e99-1fd221f7be60->3ae969e4-2e35-40bf-9e0e-95acae9da5a5#60-t2, previous=(t:2, i:20), leaderCommit=16, initializing? false, entries: <empty>
2019-09-12 06:39:43,452 [java.util.concurrent.ThreadPoolExecutor$Worker@7bd075af[State = -1, empty queue]] WARN  server.GrpcLogAppender (GrpcLogAppender.java:timeoutAppendRequest(200)) - 24c53ee4-03df-424b-8e99-1fd221f7be60@group-3C3ABBECBF4F->d503967e-137a-4fd9-bc45-44203e981a69-GrpcLogAppender: appendEntries Timeout, request=24c53ee4-03df-424b-8e99-1fd221f7be60->d503967e-137a-4fd9-bc45-44203e981a69#61-t2, previous=(t:2, i:20), leaderCommit=16, initializing? false, entries: <empty>
2019-09-12 06:39:43,452 [java.util.concurrent.ThreadPoolExecutor$Worker@24fb95e3[State = -1, empty queue]] WARN  server.GrpcLogAppender (GrpcLogAppender.java:timeoutAppendRequest(200)) - 24c53ee4-03df-424b-8e99-1fd221f7be60@group-3C3ABBECBF4F->3ae969e4-2e35-40bf-9e0e-95acae9da5a5-GrpcLogAppender: appendEntries Timeout, request=24c53ee4-03df-424b-8e99-1fd221f7be60->3ae969e4-2e35-40bf-9e0e-95acae9da5a5#61-t2, previous=(t:2, i:20), leaderCommit=16, initializing? false, entries: <empty>
2019-09-12 06:39:43,953 [java.util.concurrent.ThreadPoolExecutor$Worker@24fb95e3[State = -1, empty queue]] WARN  server.GrpcLogAppender (GrpcLogAppender.java:timeoutAppendRequest(200)) - 24c53ee4-03df-424b-8e99-1fd221f7be60@group-3C3ABBECBF4F->3ae969e4-2e35-40bf-9e0e-95acae9da5a5-GrpcLogAppender: appendEntries Timeout, request=24c53ee4-03df-424b-8e99-1fd221f7be60->3ae969e4-2e35-40bf-9e0e-95acae9da5a5#62-t2, previous=(t:2, i:20), leaderCommit=16, initializing? false, entries: <empty>
2019-09-12 06:39:43,953 [java.util.concurrent.ThreadPoolExecutor$Worker@7bd075af[State = -1, empty queue]] WARN  server.GrpcLogAppender (GrpcLogAppender.java:timeoutAppendRequest(200)) - 24c53ee4-03df-424b-8e99-1fd221f7be60@group-3C3ABBECBF4F->d503967e-137a-4fd9-bc45-44203e981a69-GrpcLogAppender: appendEntries Timeout, request=24c53ee4-03df-424b-8e99-1fd221f7be60->d503967e-137a-4fd9-bc45-44203e981a69#62-t2, previous=(t:2, i:20), leaderCommit=16, initializing? false, entries: <empty>
2019-09-12 06:39:44,453 [java.util.concurrent.ThreadPoolExecutor$Worker@24fb95e3[State = -1, empty queue]] WARN  server.GrpcLogAppender (GrpcLogAppender.java:timeoutAppendRequest(200)) - 24c53ee4-03df-424b-8e99-1fd221f7be60@group-3C3ABBECBF4F->3ae969e4-2e35-40bf-9e0e-95acae9da5a5-GrpcLogAppender: appendEntries Timeout, request=24c53ee4-03df-424b-8e99-1fd221f7be60->3ae969e4-2e35-40bf-9e0e-95acae9da5a5#63-t2, previous=(t:2, i:20), leaderCommit=16, initializing? false, entries: <empty>
2019-09-12 06:39:44,453 [java.util.concurrent.ThreadPoolExecutor$Worker@7bd075af[State = -1, empty queue]] WARN  server.GrpcLogAppender (GrpcLogAppender.java:timeoutAppendRequest(200)) - 24c53ee4-03df-424b-8e99-1fd221f7be60@group-3C3ABBECBF4F->d503967e-137a-4fd9-bc45-44203e981a69-GrpcLogAppender: appendEntries Timeout, request=24c53ee4-03df-424b-8e99-1fd221f7be60->d503967e-137a-4fd9-bc45-44203e981a69#63-t2, previous=(t:2, i:20), leaderCommit=16, initializing? false, entries: <empty>
2019-09-12 06:39:44,511 [main] INFO  ozoneimpl.OzoneContainer (OzoneContainer.java:stop(231)) - Attempting to stop container services.
2019-09-12 06:39:44,512 [main] INFO  impl.RaftServerProxy (RaftServerProxy.java:lambda$close$4(314)) - 9d685984-4448-42b4-b390-543822753f3a: close
2019-09-12 06:39:44,514 [main] INFO  impl.RaftServerImpl (RaftServerImpl.java:lambda$shutdown$3(251)) - 9d685984-4448-42b4-b390-543822753f3a@group-BA9862F295CA: shutdown
2019-09-12 06:39:44,514 [ForkJoinPool.commonPool-worker-0] INFO  impl.RaftServerImpl (RaftServerImpl.java:lambda$shutdown$3(251)) - 9d685984-4448-42b4-b390-543822753f3a@group-B034F0427A69: shutdown
2019-09-12 06:39:44,515 [main] INFO  util.JmxRegister (JmxRegister.java:unregister(73)) - Successfully un-registered JMX Bean with object name Ratis:service=RaftServer,group=group-BA9862F295CA,id=9d685984-4448-42b4-b390-543822753f3a
2019-09-12 06:39:44,515 [ForkJoinPool.commonPool-worker-0] INFO  util.JmxRegister (JmxRegister.java:unregister(73)) - Successfully un-registered JMX Bean with object name Ratis:service=RaftServer,group=group-B034F0427A69,id=9d685984-4448-42b4-b390-543822753f3a
2019-09-12 06:39:44,515 [main] INFO  impl.RoleInfo (RoleInfo.java:shutdownLeaderState(104)) - 9d685984-4448-42b4-b390-543822753f3a: shutdown LeaderState
2019-09-12 06:39:44,516 [ForkJoinPool.commonPool-worker-0] INFO  impl.RoleInfo (RoleInfo.java:shutdownLeaderState(104)) - 9d685984-4448-42b4-b390-543822753f3a: shutdown LeaderState
2019-09-12 06:39:44,523 [ForkJoinPool.commonPool-worker-0] INFO  impl.PendingRequests (PendingRequests.java:sendNotLeaderResponses(202)) - 9d685984-4448-42b4-b390-543822753f3a-PendingRequests: sendNotLeaderResponses
2019-09-12 06:39:44,523 [org.apache.ratis.server.impl.LogAppender$AppenderDaemon$$Lambda$528/1164135786@1a0cf9a6] WARN  server.GrpcLogAppender (GrpcLogAppender.java:mayWait(143)) - 9d685984-4448-42b4-b390-543822753f3a@group-B034F0427A69->e48d04e8-2c1f-410d-8bfb-5a732d356112-GrpcLogAppender: Wait interrupted by java.lang.InterruptedException
2019-09-12 06:39:44,524 [main] INFO  impl.PendingRequests (PendingRequests.java:sendNotLeaderResponses(202)) - 9d685984-4448-42b4-b390-543822753f3a-PendingRequests: sendNotLeaderResponses
2019-09-12 06:39:44,526 [org.apache.ratis.server.impl.LogAppender$AppenderDaemon$$Lambda$528/1164135786@ab53661] WARN  server.GrpcLogAppender (GrpcLogAppender.java:mayWait(143)) - 9d685984-4448-42b4-b390-543822753f3a@group-B034F0427A69->760f3a61-bfa2-4d4e-85d8-817950efb624-GrpcLogAppender: Wait interrupted by java.lang.InterruptedException
2019-09-12 06:39:44,528 [grpc-default-executor-3] INFO  server.GrpcServerProtocolService (GrpcServerProtocolService.java:onCompleted(113)) - 760f3a61-bfa2-4d4e-85d8-817950efb624: Completed APPEND_ENTRIES, lastRequest: 9d685984-4448-42b4-b390-543822753f3a->760f3a61-bfa2-4d4e-85d8-817950efb624#65-t2, previous=(t:2, i:16), leaderCommit=16, initializing? false, entries: <empty>
2019-09-12 06:39:44,536 [main] INFO  impl.StateMachineUpdater (StateMachineUpdater.java:stopAndJoin(125)) - 9d685984-4448-42b4-b390-543822753f3a@group-BA9862F295CA-StateMachineUpdater: set stopIndex = 0
2019-09-12 06:39:44,533 [grpc-default-executor-12] INFO  server.GrpcServerProtocolService (GrpcServerProtocolService.java:onCompleted(113)) - e48d04e8-2c1f-410d-8bfb-5a732d356112: Completed APPEND_ENTRIES, lastRequest: 9d685984-4448-42b4-b390-543822753f3a->e48d04e8-2c1f-410d-8bfb-5a732d356112#65-t2, previous=(t:2, i:16), leaderCommit=16, initializing? false, entries: <empty>
2019-09-12 06:39:44,539 [main] INFO  impl.RaftServerImpl (ServerState.java:close(385)) - 9d685984-4448-42b4-b390-543822753f3a@group-BA9862F295CA: closes. applyIndex: 0
2019-09-12 06:39:44,536 [ForkJoinPool.commonPool-worker-0] INFO  impl.StateMachineUpdater (StateMachineUpdater.java:stopAndJoin(125)) - 9d685984-4448-42b4-b390-543822753f3a@group-B034F0427A69-StateMachineUpdater: set stopIndex = 16
2019-09-12 06:39:44,539 [9d685984-4448-42b4-b390-543822753f3a@group-B034F0427A69-StateMachineUpdater] INFO  ratis.ContainerStateMachine (ContainerStateMachine.java:takeSnapshot(289)) - group-B034F0427A69: Taking a snapshot at:(t:2, i:13) file /workdir/hadoop-ozone/integration-test/target/test-dir/MiniOzoneClusterImpl-37405de7-47da-4aca-9355-033741c24d37/datanode-7/data/ratis/0a74ecfd-3b1d-4619-a0a9-b034f0427a69/sm/snapshot.2_13
2019-09-12 06:39:44,540 [grpc-default-executor-6] INFO  server.GrpcLogAppender (GrpcLogAppender.java:onCompleted(293)) - 9d685984-4448-42b4-b390-543822753f3a@group-B034F0427A69->e48d04e8-2c1f-410d-8bfb-5a732d356112-AppendLogResponseHandler: follower responses appendEntries COMPLETED
2019-09-12 06:39:44,540 [grpc-default-executor-3] INFO  server.GrpcLogAppender (GrpcLogAppender.java:onCompleted(293)) - 9d685984-4448-42b4-b390-543822753f3a@group-B034F0427A69->760f3a61-bfa2-4d4e-85d8-817950efb624-AppendLogResponseHandler: follower responses appendEntries COMPLETED
2019-09-12 06:39:44,546 [grpc-default-executor-3] INFO  impl.FollowerInfo (FollowerInfo.java:lambda$new$0(51)) - 9d685984-4448-42b4-b390-543822753f3a@group-B034F0427A69->760f3a61-bfa2-4d4e-85d8-817950efb624: nextIndex: updateUnconditionally 17 -> 16
2019-09-12 06:39:44,546 [grpc-default-executor-6] INFO  impl.FollowerInfo (FollowerInfo.java:lambda$new$0(51)) - 9d685984-4448-42b4-b390-543822753f3a@group-B034F0427A69->e48d04e8-2c1f-410d-8bfb-5a732d356112: nextIndex: updateUnconditionally 17 -> 16
2019-09-12 06:39:44,550 [9d685984-4448-42b4-b390-543822753f3a@group-BA9862F295CA-SegmentedRaftLogWorker] INFO  segmented.SegmentedRaftLogWorker (SegmentedRaftLogWorker.java:run(313)) - 9d685984-4448-42b4-b390-543822753f3a@group-BA9862F295CA-SegmentedRaftLogWorker was interrupted, exiting. There are 0 tasks remaining in the queue.
2019-09-12 06:39:44,553 [main] INFO  segmented.SegmentedRaftLogWorker (SegmentedRaftLogWorker.java:close(228)) - 9d685984-4448-42b4-b390-543822753f3a@group-BA9862F295CA-SegmentedRaftLogWorker close()
2019-09-12 06:39:44,590 [9d685984-4448-42b4-b390-543822753f3a@group-B034F0427A69-StateMachineUpdater] INFO  ratis.ContainerStateMachine (ContainerStateMachine.java:takeSnapshot(300)) - group-B034F0427A69: Finished taking a snapshot at:(t:2, i:13) file:/workdir/hadoop-ozone/integration-test/target/test-dir/MiniOzoneClusterImpl-37405de7-47da-4aca-9355-033741c24d37/datanode-7/data/ratis/0a74ecfd-3b1d-4619-a0a9-b034f0427a69/sm/snapshot.2_13 time:51
2019-09-12 06:39:44,590 [9d685984-4448-42b4-b390-543822753f3a@group-B034F0427A69-StateMachineUpdater] INFO  impl.StateMachineUpdater (StateMachineUpdater.java:takeSnapshot(258)) - 9d685984-4448-42b4-b390-543822753f3a@group-B034F0427A69-StateMachineUpdater: Took a snapshot at index 13
2019-09-12 06:39:44,590 [9d685984-4448-42b4-b390-543822753f3a@group-B034F0427A69-StateMachineUpdater] INFO  impl.StateMachineUpdater (StateMachineUpdater.java:lambda$new$0(83)) - 9d685984-4448-42b4-b390-543822753f3a@group-B034F0427A69-StateMachineUpdater: snapshotIndex: updateIncreasingly -1 -> 13
2019-09-12 06:39:44,595 [9d685984-4448-42b4-b390-543822753f3a@group-B034F0427A69-StateMachineUpdater] INFO  ratis.ContainerStateMachine (ContainerStateMachine.java:takeSnapshot(289)) - group-B034F0427A69: Taking a snapshot at:(t:2, i:13) file /workdir/hadoop-ozone/integration-test/target/test-dir/MiniOzoneClusterImpl-37405de7-47da-4aca-9355-033741c24d37/datanode-7/data/ratis/0a74ecfd-3b1d-4619-a0a9-b034f0427a69/sm/snapshot.2_13
2019-09-12 06:39:44,607 [9d685984-4448-42b4-b390-543822753f3a@group-B034F0427A69-StateMachineUpdater] INFO  ratis.ContainerStateMachine (ContainerStateMachine.java:takeSnapshot(300)) - group-B034F0427A69: Finished taking a snapshot at:(t:2, i:13) file:/workdir/hadoop-ozone/integration-test/target/test-dir/MiniOzoneClusterImpl-37405de7-47da-4aca-9355-033741c24d37/datanode-7/data/ratis/0a74ecfd-3b1d-4619-a0a9-b034f0427a69/sm/snapshot.2_13 time:13
2019-09-12 06:39:44,607 [9d685984-4448-42b4-b390-543822753f3a@group-B034F0427A69-StateMachineUpdater] INFO  impl.StateMachineUpdater (StateMachineUpdater.java:takeSnapshot(258)) - 9d685984-4448-42b4-b390-543822753f3a@group-B034F0427A69-StateMachineUpdater: Took a snapshot at index 13
2019-09-12 06:39:44,608 [9d685984-4448-42b4-b390-543822753f3a@group-B034F0427A69-StateMachineUpdater] INFO  impl.StateMachineUpdater (StateMachineUpdater.java:lambda$new$0(83)) - 9d685984-4448-42b4-b390-543822753f3a@group-B034F0427A69-StateMachineUpdater: snapshotIndex: updateIncreasingly 13 -> 13
2019-09-12 06:39:44,608 [ForkJoinPool.commonPool-worker-0] INFO  impl.RaftServerImpl (ServerState.java:close(385)) - 9d685984-4448-42b4-b390-543822753f3a@group-B034F0427A69: closes. applyIndex: 16
2019-09-12 06:39:44,609 [9d685984-4448-42b4-b390-543822753f3a@group-B034F0427A69-SegmentedRaftLogWorker] INFO  segmented.SegmentedRaftLogWorker (SegmentedRaftLogWorker.java:run(313)) - 9d685984-4448-42b4-b390-543822753f3a@group-B034F0427A69-SegmentedRaftLogWorker was interrupted, exiting. There are 0 tasks remaining in the queue.
2019-09-12 06:39:44,612 [ForkJoinPool.commonPool-worker-0] INFO  segmented.SegmentedRaftLogWorker (SegmentedRaftLogWorker.java:close(228)) - 9d685984-4448-42b4-b390-543822753f3a@group-B034F0427A69-SegmentedRaftLogWorker close()
2019-09-12 06:39:44,613 [main] INFO  server.GrpcService (GrpcService.java:closeImpl(164)) - 9d685984-4448-42b4-b390-543822753f3a: shutdown server with port 35205 now
2019-09-12 06:39:44,618 [grpc-default-executor-3] WARN  client.GrpcClientProtocolService (LogUtils.java:warn(134)) - 2-UnorderedRequestStreamObserver2: onError: org.apache.ratis.thirdparty.io.grpc.StatusRuntimeException: CANCELLED: cancelled before receiving half close
2019-09-12 06:39:44,618 [main] INFO  server.GrpcService (GrpcService.java:closeImpl(172)) - 9d685984-4448-42b4-b390-543822753f3a: shutdown server with port 35205 successfully
2019-09-12 06:39:44,631 [refreshUsed-/workdir/hadoop-ozone/integration-test/target/test-dir/MiniOzoneClusterImpl-37405de7-47da-4aca-9355-033741c24d37/datanode-7/data/containers] WARN  fs.CachingGetSpaceUsed (CachingGetSpaceUsed.java:run(183)) - Thread Interrupted waiting to refresh disk information: sleep interrupted
2019-09-12 06:39:44,647 [main] INFO  utils.BackgroundService (BackgroundService.java:shutdown(148)) - Shutting down service BlockDeletingService
2019-09-12 06:39:44,653 [main] INFO  statemachine.DatanodeStateMachine (DatanodeStateMachine.java:stopDaemon(395)) - Ozone container server stopped.
2019-09-12 06:39:44,659 [main] INFO  handler.ContextHandler (ContextHandler.java:doStop(910)) - Stopped o.e.j.w.WebAppContext@2f4e40d7{/,null,UNAVAILABLE}{/hddsDatanode}
2019-09-12 06:39:44,666 [main] INFO  server.AbstractConnector (AbstractConnector.java:doStop(318)) - Stopped ServerConnector@60e9c3a5{HTTP/1.1,[http/1.1]}{0.0.0.0:0}
2019-09-12 06:39:44,666 [main] INFO  handler.ContextHandler (ContextHandler.java:doStop(910)) - Stopped o.e.j.s.ServletContextHandler@75181b50{/static,jar:file:/home/user/.m2/repository/org/apache/hadoop/hadoop-hdds-container-service/0.5.0-SNAPSHOT/hadoop-hdds-container-service-0.5.0-SNAPSHOT.jar!/webapps/static,UNAVAILABLE}
2019-09-12 06:39:44,666 [main] INFO  handler.ContextHandler (ContextHandler.java:doStop(910)) - Stopped o.e.j.s.ServletContextHandler@7a81065e{/logs,file:///workdir/hadoop-ozone/integration-test/target/log,UNAVAILABLE}
2019-09-12 06:39:44,717 [grpc-default-executor-6] INFO  client.GrpcClientProtocolClient (GrpcClientProtocolClient.java:onNext(264)) - client-C89BF4EDCA02->5ecf13a7-acad-498a-ad7b-6f285dbc97e2: receive RaftClientReply:client-C89BF4EDCA02->5ecf13a7-acad-498a-ad7b-6f285dbc97e2@group-C5E42DFE1AE1, cid=47, SUCCESS, logIndex=9, commits[5ecf13a7-acad-498a-ad7b-6f285dbc97e2:c10, 996a256c-fd43-494a-96f3-903b907c5248:c8, e1cdc330-b298-4f7e-9f8c-e697349a5e69:c8]
2019-09-12 06:39:44,719 [grpc-default-executor-12] INFO  client.GrpcClientProtocolClient (GrpcClientProtocolClient.java:onNext(264)) - client-C89BF4EDCA02->5ecf13a7-acad-498a-ad7b-6f285dbc97e2: receive RaftClientReply:client-C89BF4EDCA02->5ecf13a7-acad-498a-ad7b-6f285dbc97e2@group-C5E42DFE1AE1, cid=48, SUCCESS, logIndex=10, commits[5ecf13a7-acad-498a-ad7b-6f285dbc97e2:c10, 996a256c-fd43-494a-96f3-903b907c5248:c8, e1cdc330-b298-4f7e-9f8c-e697349a5e69:c8]
2019-09-12 06:39:44,731 [grpc-default-executor-12] INFO  client.GrpcClientProtocolClient (GrpcClientProtocolClient.java:onNext(264)) - client-C89BF4EDCA02->5ecf13a7-acad-498a-ad7b-6f285dbc97e2: receive RaftClientReply:client-C89BF4EDCA02->5ecf13a7-acad-498a-ad7b-6f285dbc97e2@group-C5E42DFE1AE1, cid=49, SUCCESS, logIndex=11, commits[5ecf13a7-acad-498a-ad7b-6f285dbc97e2:c11, 996a256c-fd43-494a-96f3-903b907c5248:c8, e1cdc330-b298-4f7e-9f8c-e697349a5e69:c8]
2019-09-12 06:39:44,733 [grpc-default-executor-12] INFO  client.GrpcClientProtocolClient (GrpcClientProtocolClient.java:onNext(264)) - client-C89BF4EDCA02->5ecf13a7-acad-498a-ad7b-6f285dbc97e2: receive RaftClientReply:client-C89BF4EDCA02->5ecf13a7-acad-498a-ad7b-6f285dbc97e2@group-C5E42DFE1AE1, cid=50, SUCCESS, logIndex=12, commits[5ecf13a7-acad-498a-ad7b-6f285dbc97e2:c15, 996a256c-fd43-494a-96f3-903b907c5248:c11, e1cdc330-b298-4f7e-9f8c-e697349a5e69:c10]
2019-09-12 06:39:44,747 [grpc-default-executor-12] INFO  client.GrpcClientProtocolClient (GrpcClientProtocolClient.java:onNext(264)) - client-C89BF4EDCA02->5ecf13a7-acad-498a-ad7b-6f285dbc97e2: receive RaftClientReply:client-C89BF4EDCA02->5ecf13a7-acad-498a-ad7b-6f285dbc97e2@group-C5E42DFE1AE1, cid=51, SUCCESS, logIndex=0, commits[5ecf13a7-acad-498a-ad7b-6f285dbc97e2:c16, 996a256c-fd43-494a-96f3-903b907c5248:c12, e1cdc330-b298-4f7e-9f8c-e697349a5e69:c12]
2019-09-12 06:39:44,954 [java.util.concurrent.ThreadPoolExecutor$Worker@7bd075af[State = -1, empty queue]] WARN  server.GrpcLogAppender (GrpcLogAppender.java:timeoutAppendRequest(200)) - 24c53ee4-03df-424b-8e99-1fd221f7be60@group-3C3ABBECBF4F->d503967e-137a-4fd9-bc45-44203e981a69-GrpcLogAppender: appendEntries Timeout, request=24c53ee4-03df-424b-8e99-1fd221f7be60->d503967e-137a-4fd9-bc45-44203e981a69#64-t2, previous=(t:2, i:20), leaderCommit=16, initializing? false, entries: <empty>
2019-09-12 06:39:44,954 [java.util.concurrent.ThreadPoolExecutor$Worker@24fb95e3[State = -1, empty queue]] WARN  server.GrpcLogAppender (GrpcLogAppender.java:timeoutAppendRequest(200)) - 24c53ee4-03df-424b-8e99-1fd221f7be60@group-3C3ABBECBF4F->3ae969e4-2e35-40bf-9e0e-95acae9da5a5-GrpcLogAppender: appendEntries Timeout, request=24c53ee4-03df-424b-8e99-1fd221f7be60->3ae969e4-2e35-40bf-9e0e-95acae9da5a5#64-t2, previous=(t:2, i:20), leaderCommit=16, initializing? false, entries: <empty>
2019-09-12 06:39:45,454 [java.util.concurrent.ThreadPoolExecutor$Worker@7bd075af[State = -1, empty queue]] WARN  server.GrpcLogAppender (GrpcLogAppender.java:timeoutAppendRequest(200)) - 24c53ee4-03df-424b-8e99-1fd221f7be60@group-3C3ABBECBF4F->d503967e-137a-4fd9-bc45-44203e981a69-GrpcLogAppender: appendEntries Timeout, request=24c53ee4-03df-424b-8e99-1fd221f7be60->d503967e-137a-4fd9-bc45-44203e981a69#65-t2, previous=(t:2, i:20), leaderCommit=16, initializing? false, entries: <empty>
2019-09-12 06:39:45,454 [java.util.concurrent.ThreadPoolExecutor$Worker@24fb95e3[State = -1, empty queue]] WARN  server.GrpcLogAppender (GrpcLogAppender.java:timeoutAppendRequest(200)) - 24c53ee4-03df-424b-8e99-1fd221f7be60@group-3C3ABBECBF4F->3ae969e4-2e35-40bf-9e0e-95acae9da5a5-GrpcLogAppender: appendEntries Timeout, request=24c53ee4-03df-424b-8e99-1fd221f7be60->3ae969e4-2e35-40bf-9e0e-95acae9da5a5#65-t2, previous=(t:2, i:20), leaderCommit=16, initializing? false, entries: <empty>
2019-09-12 06:39:45,602 [Thread-419] INFO  impl.FollowerState (FollowerState.java:run(106)) - e48d04e8-2c1f-410d-8bfb-5a732d356112:group-B034F0427A69 changes to CANDIDATE, lastRpcTime:1125, electionTimeout:1086ms
2019-09-12 06:39:45,602 [Thread-419] INFO  impl.RoleInfo (RoleInfo.java:shutdownFollowerState(121)) - e48d04e8-2c1f-410d-8bfb-5a732d356112: shutdown FollowerState
2019-09-12 06:39:45,603 [Thread-419] INFO  impl.RaftServerImpl (RaftServerImpl.java:setRole(174)) - e48d04e8-2c1f-410d-8bfb-5a732d356112@group-B034F0427A69: changes role from  FOLLOWER to CANDIDATE at term 2 for changeToCandidate
2019-09-12 06:39:45,603 [Thread-419] INFO  impl.RoleInfo (RoleInfo.java:updateAndGet(143)) - e48d04e8-2c1f-410d-8bfb-5a732d356112: start LeaderElection
2019-09-12 06:39:45,606 [e48d04e8-2c1f-410d-8bfb-5a732d356112@group-B034F0427A69:LeaderElection25] INFO  impl.RaftServerImpl (ServerState.java:setLeader(253)) - e48d04e8-2c1f-410d-8bfb-5a732d356112@group-B034F0427A69: change Leader from 9d685984-4448-42b4-b390-543822753f3a to null at term 2 for initElection
2019-09-12 06:39:45,620 [e48d04e8-2c1f-410d-8bfb-5a732d356112@group-B034F0427A69:LeaderElection25] INFO  impl.LeaderElection (LeaderElection.java:askForVotes(182)) - e48d04e8-2c1f-410d-8bfb-5a732d356112@group-B034F0427A69:LeaderElection25: begin an election at term 3 for 0: [760f3a61-bfa2-4d4e-85d8-817950efb624:192.168.34.52:44136, 9d685984-4448-42b4-b390-543822753f3a:192.168.34.52:35205, e48d04e8-2c1f-410d-8bfb-5a732d356112:192.168.34.52:38245], old=null
2019-09-12 06:39:45,623 [grpc-default-executor-9] INFO  impl.RaftServerImpl (ServerState.java:setLeader(253)) - 760f3a61-bfa2-4d4e-85d8-817950efb624@group-B034F0427A69: change Leader from 9d685984-4448-42b4-b390-543822753f3a to null at term 3 for updateCurrentTerm
2019-09-12 06:39:45,623 [grpc-default-executor-9] INFO  impl.RaftServerImpl (RaftServerImpl.java:setRole(174)) - 760f3a61-bfa2-4d4e-85d8-817950efb624@group-B034F0427A69: changes role from  FOLLOWER to FOLLOWER at term 3 for recognizeCandidate:e48d04e8-2c1f-410d-8bfb-5a732d356112
2019-09-12 06:39:45,624 [grpc-default-executor-9] INFO  impl.RoleInfo (RoleInfo.java:shutdownFollowerState(121)) - 760f3a61-bfa2-4d4e-85d8-817950efb624: shutdown FollowerState
2019-09-12 06:39:45,624 [grpc-default-executor-9] INFO  impl.RoleInfo (RoleInfo.java:updateAndGet(143)) - 760f3a61-bfa2-4d4e-85d8-817950efb624: start FollowerState
2019-09-12 06:39:45,624 [Thread-421] INFO  impl.FollowerState (FollowerState.java:run(115)) - 760f3a61-bfa2-4d4e-85d8-817950efb624: FollowerState was interrupted: java.lang.InterruptedException: sleep interrupted
2019-09-12 06:39:45,638 [e48d04e8-2c1f-410d-8bfb-5a732d356112@group-B034F0427A69:LeaderElection25] INFO  impl.LeaderElection (LogUtils.java:infoOrTrace(149)) - e48d04e8-2c1f-410d-8bfb-5a732d356112@group-B034F0427A69:LeaderElection25 got exception when requesting votes: {}
java.util.concurrent.ExecutionException: org.apache.ratis.thirdparty.io.grpc.StatusRuntimeException: UNAVAILABLE: io exception
	at java.util.concurrent.FutureTask.report(FutureTask.java:122)
	at java.util.concurrent.FutureTask.get(FutureTask.java:192)
	at org.apache.ratis.server.impl.LeaderElection.waitForResults(LeaderElection.java:263)
	at org.apache.ratis.server.impl.LeaderElection.askForVotes(LeaderElection.java:201)
	at org.apache.ratis.server.impl.LeaderElection.run(LeaderElection.java:133)
	at java.lang.Thread.run(Thread.java:748)
Caused by: org.apache.ratis.thirdparty.io.grpc.StatusRuntimeException: UNAVAILABLE: io exception
	at org.apache.ratis.thirdparty.io.grpc.stub.ClientCalls.toStatusRuntimeException(ClientCalls.java:233)
	at org.apache.ratis.thirdparty.io.grpc.stub.ClientCalls.getUnchecked(ClientCalls.java:214)
	at org.apache.ratis.thirdparty.io.grpc.stub.ClientCalls.blockingUnaryCall(ClientCalls.java:139)
	at org.apache.ratis.proto.grpc.RaftServerProtocolServiceGrpc$RaftServerProtocolServiceBlockingStub.requestVote(RaftServerProtocolServiceGrpc.java:265)
	at org.apache.ratis.grpc.server.GrpcServerProtocolClient.requestVote(GrpcServerProtocolClient.java:90)
	at org.apache.ratis.grpc.server.GrpcService.requestVote(GrpcService.java:204)
	at org.apache.ratis.server.impl.LeaderElection.lambda$submitRequests$1(LeaderElection.java:238)
	at java.util.concurrent.FutureTask.run(FutureTask.java:266)
	at java.util.concurrent.Executors$RunnableAdapter.call(Executors.java:511)
	at java.util.concurrent.FutureTask.run(FutureTask.java:266)
	at java.util.concurrent.ThreadPoolExecutor.runWorker(ThreadPoolExecutor.java:1149)
	at java.util.concurrent.ThreadPoolExecutor$Worker.run(ThreadPoolExecutor.java:624)
	... 1 more
Caused by: org.apache.ratis.thirdparty.io.netty.channel.AbstractChannel$AnnotatedConnectException: Connection refused: /192.168.34.52:35205
	at sun.nio.ch.SocketChannelImpl.checkConnect(Native Method)
	at sun.nio.ch.SocketChannelImpl.finishConnect(SocketChannelImpl.java:717)
	at org.apache.ratis.thirdparty.io.netty.channel.socket.nio.NioSocketChannel.doFinishConnect(NioSocketChannel.java:327)
	at org.apache.ratis.thirdparty.io.netty.channel.nio.AbstractNioChannel$AbstractNioUnsafe.finishConnect(AbstractNioChannel.java:340)
	at org.apache.ratis.thirdparty.io.netty.channel.nio.NioEventLoop.processSelectedKey(NioEventLoop.java:632)
	at org.apache.ratis.thirdparty.io.netty.channel.nio.NioEventLoop.processSelectedKeysOptimized(NioEventLoop.java:579)
	at org.apache.ratis.thirdparty.io.netty.channel.nio.NioEventLoop.processSelectedKeys(NioEventLoop.java:496)
	at org.apache.ratis.thirdparty.io.netty.channel.nio.NioEventLoop.run(NioEventLoop.java:458)
	at org.apache.ratis.thirdparty.io.netty.util.concurrent.SingleThreadEventExecutor$5.run(SingleThreadEventExecutor.java:897)
	at org.apache.ratis.thirdparty.io.netty.util.concurrent.FastThreadLocalRunnable.run(FastThreadLocalRunnable.java:30)
	... 1 more
Caused by: java.net.ConnectException: Connection refused
	... 11 more
2019-09-12 06:39:45,643 [e48d04e8-2c1f-410d-8bfb-5a732d356112@group-B034F0427A69:LeaderElection25] INFO  impl.LeaderElection (LeaderElection.java:logAndReturn(56)) - e48d04e8-2c1f-410d-8bfb-5a732d356112@group-B034F0427A69:LeaderElection25: Election PASSED; received 1 response(s) [e48d04e8-2c1f-410d-8bfb-5a732d356112<-760f3a61-bfa2-4d4e-85d8-817950efb624#0:OK-t3] and 1 exception(s); e48d04e8-2c1f-410d-8bfb-5a732d356112@group-B034F0427A69:t3, leader=null, voted=e48d04e8-2c1f-410d-8bfb-5a732d356112, raftlog=e48d04e8-2c1f-410d-8bfb-5a732d356112@group-B034F0427A69-SegmentedRaftLog:OPENED:c16,f16,i16, conf=0: [760f3a61-bfa2-4d4e-85d8-817950efb624:192.168.34.52:44136, 9d685984-4448-42b4-b390-543822753f3a:192.168.34.52:35205, e48d04e8-2c1f-410d-8bfb-5a732d356112:192.168.34.52:38245], old=null
2019-09-12 06:39:45,643 [e48d04e8-2c1f-410d-8bfb-5a732d356112@group-B034F0427A69:LeaderElection25] INFO  impl.LeaderElection (LogUtils.java:infoOrTrace(149)) -   Exception 0: {}
java.util.concurrent.ExecutionException: org.apache.ratis.thirdparty.io.grpc.StatusRuntimeException: UNAVAILABLE: io exception
	at java.util.concurrent.FutureTask.report(FutureTask.java:122)
	at java.util.concurrent.FutureTask.get(FutureTask.java:192)
	at org.apache.ratis.server.impl.LeaderElection.waitForResults(LeaderElection.java:263)
	at org.apache.ratis.server.impl.LeaderElection.askForVotes(LeaderElection.java:201)
	at org.apache.ratis.server.impl.LeaderElection.run(LeaderElection.java:133)
	at java.lang.Thread.run(Thread.java:748)
Caused by: org.apache.ratis.thirdparty.io.grpc.StatusRuntimeException: UNAVAILABLE: io exception
	at org.apache.ratis.thirdparty.io.grpc.stub.ClientCalls.toStatusRuntimeException(ClientCalls.java:233)
	at org.apache.ratis.thirdparty.io.grpc.stub.ClientCalls.getUnchecked(ClientCalls.java:214)
	at org.apache.ratis.thirdparty.io.grpc.stub.ClientCalls.blockingUnaryCall(ClientCalls.java:139)
	at org.apache.ratis.proto.grpc.RaftServerProtocolServiceGrpc$RaftServerProtocolServiceBlockingStub.requestVote(RaftServerProtocolServiceGrpc.java:265)
	at org.apache.ratis.grpc.server.GrpcServerProtocolClient.requestVote(GrpcServerProtocolClient.java:90)
	at org.apache.ratis.grpc.server.GrpcService.requestVote(GrpcService.java:204)
	at org.apache.ratis.server.impl.LeaderElection.lambda$submitRequests$1(LeaderElection.java:238)
	at java.util.concurrent.FutureTask.run(FutureTask.java:266)
	at java.util.concurrent.Executors$RunnableAdapter.call(Executors.java:511)
	at java.util.concurrent.FutureTask.run(FutureTask.java:266)
	at java.util.concurrent.ThreadPoolExecutor.runWorker(ThreadPoolExecutor.java:1149)
	at java.util.concurrent.ThreadPoolExecutor$Worker.run(ThreadPoolExecutor.java:624)
	... 1 more
Caused by: org.apache.ratis.thirdparty.io.netty.channel.AbstractChannel$AnnotatedConnectException: Connection refused: /192.168.34.52:35205
	at sun.nio.ch.SocketChannelImpl.checkConnect(Native Method)
	at sun.nio.ch.SocketChannelImpl.finishConnect(SocketChannelImpl.java:717)
	at org.apache.ratis.thirdparty.io.netty.channel.socket.nio.NioSocketChannel.doFinishConnect(NioSocketChannel.java:327)
	at org.apache.ratis.thirdparty.io.netty.channel.nio.AbstractNioChannel$AbstractNioUnsafe.finishConnect(AbstractNioChannel.java:340)
	at org.apache.ratis.thirdparty.io.netty.channel.nio.NioEventLoop.processSelectedKey(NioEventLoop.java:632)
	at org.apache.ratis.thirdparty.io.netty.channel.nio.NioEventLoop.processSelectedKeysOptimized(NioEventLoop.java:579)
	at org.apache.ratis.thirdparty.io.netty.channel.nio.NioEventLoop.processSelectedKeys(NioEventLoop.java:496)
	at org.apache.ratis.thirdparty.io.netty.channel.nio.NioEventLoop.run(NioEventLoop.java:458)
	at org.apache.ratis.thirdparty.io.netty.util.concurrent.SingleThreadEventExecutor$5.run(SingleThreadEventExecutor.java:897)
	at org.apache.ratis.thirdparty.io.netty.util.concurrent.FastThreadLocalRunnable.run(FastThreadLocalRunnable.java:30)
	... 1 more
Caused by: java.net.ConnectException: Connection refused
	... 11 more
2019-09-12 06:39:45,644 [e48d04e8-2c1f-410d-8bfb-5a732d356112@group-B034F0427A69:LeaderElection25] INFO  impl.RoleInfo (RoleInfo.java:shutdownLeaderElection(134)) - e48d04e8-2c1f-410d-8bfb-5a732d356112: shutdown LeaderElection
2019-09-12 06:39:45,644 [e48d04e8-2c1f-410d-8bfb-5a732d356112@group-B034F0427A69:LeaderElection25] INFO  impl.RaftServerImpl (RaftServerImpl.java:setRole(174)) - e48d04e8-2c1f-410d-8bfb-5a732d356112@group-B034F0427A69: changes role from CANDIDATE to LEADER at term 3 for changeToLeader
2019-09-12 06:39:45,644 [e48d04e8-2c1f-410d-8bfb-5a732d356112@group-B034F0427A69:LeaderElection25] INFO  impl.RaftServerImpl (ServerState.java:setLeader(253)) - e48d04e8-2c1f-410d-8bfb-5a732d356112@group-B034F0427A69: change Leader from null to e48d04e8-2c1f-410d-8bfb-5a732d356112 at term 3 for becomeLeader, leader elected after 37ms
2019-09-12 06:39:45,644 [e48d04e8-2c1f-410d-8bfb-5a732d356112@group-B034F0427A69:LeaderElection25] INFO  server.RaftServerConfigKeys (ConfUtils.java:logGet(43)) - raft.server.staging.catchup.gap = 1000 (default)
2019-09-12 06:39:45,645 [e48d04e8-2c1f-410d-8bfb-5a732d356112@group-B034F0427A69:LeaderElection25] INFO  server.RaftServerConfigKeys (ConfUtils.java:logGet(43)) - raft.server.rpc.sleep.time = 25ms (default)
2019-09-12 06:39:45,645 [e48d04e8-2c1f-410d-8bfb-5a732d356112@group-B034F0427A69:LeaderElection25] INFO  server.RaftServerConfigKeys (ConfUtils.java:logGet(43)) - raft.server.write.element-limit = 4096 (default)
2019-09-12 06:39:45,645 [e48d04e8-2c1f-410d-8bfb-5a732d356112@group-B034F0427A69:LeaderElection25] INFO  server.RaftServerConfigKeys (ConfUtils.java:logGet(43)) - raft.server.watch.timeout = 10s (default)
2019-09-12 06:39:45,645 [e48d04e8-2c1f-410d-8bfb-5a732d356112@group-B034F0427A69:LeaderElection25] INFO  server.RaftServerConfigKeys (ConfUtils.java:logGet(43)) - raft.server.watch.timeout.denomination = 1s (default)
2019-09-12 06:39:45,645 [e48d04e8-2c1f-410d-8bfb-5a732d356112@group-B034F0427A69:LeaderElection25] INFO  server.RaftServerConfigKeys (ConfUtils.java:logGet(43)) - raft.server.watch.element-limit = 65536 (default)
2019-09-12 06:39:45,649 [e48d04e8-2c1f-410d-8bfb-5a732d356112@group-B034F0427A69:LeaderElection25] INFO  server.RaftServerConfigKeys (ConfUtils.java:logGet(43)) - raft.server.log.appender.snapshot.chunk.size.max = 16MB (=16777216) (default)
2019-09-12 06:39:45,650 [e48d04e8-2c1f-410d-8bfb-5a732d356112@group-B034F0427A69:LeaderElection25] INFO  server.RaftServerConfigKeys (ConfUtils.java:logGet(43)) - raft.server.log.appender.buffer.byte-limit = 33554432 (custom)
2019-09-12 06:39:45,650 [e48d04e8-2c1f-410d-8bfb-5a732d356112@group-B034F0427A69:LeaderElection25] INFO  server.RaftServerConfigKeys (ConfUtils.java:logGet(43)) - raft.server.log.appender.buffer.element-limit = 1 (custom)
2019-09-12 06:39:45,650 [e48d04e8-2c1f-410d-8bfb-5a732d356112@group-B034F0427A69:LeaderElection25] INFO  grpc.GrpcConfigKeys$Server (ConfUtils.java:logGet(43)) - raft.grpc.server.leader.outstanding.appends.max = 128 (default)
2019-09-12 06:39:45,650 [e48d04e8-2c1f-410d-8bfb-5a732d356112@group-B034F0427A69:LeaderElection25] INFO  server.RaftServerConfigKeys (ConfUtils.java:logGet(43)) - raft.server.rpc.request.timeout = 3000ms (default)
2019-09-12 06:39:45,650 [e48d04e8-2c1f-410d-8bfb-5a732d356112@group-B034F0427A69:LeaderElection25] INFO  server.RaftServerConfigKeys (ConfUtils.java:logGet(43)) - raft.server.log.appender.install.snapshot.enabled = false (custom)
2019-09-12 06:39:45,651 [e48d04e8-2c1f-410d-8bfb-5a732d356112@group-B034F0427A69:LeaderElection25] INFO  server.RaftServerConfigKeys (ConfUtils.java:logGet(43)) - raft.server.log.appender.snapshot.chunk.size.max = 16MB (=16777216) (default)
2019-09-12 06:39:45,651 [e48d04e8-2c1f-410d-8bfb-5a732d356112@group-B034F0427A69:LeaderElection25] INFO  server.RaftServerConfigKeys (ConfUtils.java:logGet(43)) - raft.server.log.appender.buffer.byte-limit = 33554432 (custom)
2019-09-12 06:39:45,651 [e48d04e8-2c1f-410d-8bfb-5a732d356112@group-B034F0427A69:LeaderElection25] INFO  server.RaftServerConfigKeys (ConfUtils.java:logGet(43)) - raft.server.log.appender.buffer.element-limit = 1 (custom)
2019-09-12 06:39:45,651 [e48d04e8-2c1f-410d-8bfb-5a732d356112@group-B034F0427A69:LeaderElection25] INFO  grpc.GrpcConfigKeys$Server (ConfUtils.java:logGet(43)) - raft.grpc.server.leader.outstanding.appends.max = 128 (default)
2019-09-12 06:39:45,651 [e48d04e8-2c1f-410d-8bfb-5a732d356112@group-B034F0427A69:LeaderElection25] INFO  server.RaftServerConfigKeys (ConfUtils.java:logGet(43)) - raft.server.rpc.request.timeout = 3000ms (default)
2019-09-12 06:39:45,652 [e48d04e8-2c1f-410d-8bfb-5a732d356112@group-B034F0427A69:LeaderElection25] INFO  server.RaftServerConfigKeys (ConfUtils.java:logGet(43)) - raft.server.log.appender.install.snapshot.enabled = false (custom)
2019-09-12 06:39:45,652 [e48d04e8-2c1f-410d-8bfb-5a732d356112@group-B034F0427A69:LeaderElection25] INFO  impl.RoleInfo (RoleInfo.java:updateAndGet(143)) - e48d04e8-2c1f-410d-8bfb-5a732d356112: start LeaderState
2019-09-12 06:39:45,653 [e48d04e8-2c1f-410d-8bfb-5a732d356112@group-B034F0427A69:LeaderElection25] INFO  segmented.SegmentedRaftLogWorker (SegmentedRaftLogWorker.java:rollLogSegment(385)) - e48d04e8-2c1f-410d-8bfb-5a732d356112@group-B034F0427A69-SegmentedRaftLogWorker: Rolling segment log-0_16 to index:16
2019-09-12 06:39:45,655 [e48d04e8-2c1f-410d-8bfb-5a732d356112@group-B034F0427A69:LeaderElection25] INFO  impl.RaftServerImpl (ServerState.java:setRaftConf(354)) - e48d04e8-2c1f-410d-8bfb-5a732d356112@group-B034F0427A69: set configuration 17: [760f3a61-bfa2-4d4e-85d8-817950efb624:192.168.34.52:44136, 9d685984-4448-42b4-b390-543822753f3a:192.168.34.52:35205, e48d04e8-2c1f-410d-8bfb-5a732d356112:192.168.34.52:38245], old=null at 17
2019-09-12 06:39:45,656 [grpc-default-executor-9] WARN  server.GrpcLogAppender (LogUtils.java:warn(134)) - e48d04e8-2c1f-410d-8bfb-5a732d356112@group-B034F0427A69->9d685984-4448-42b4-b390-543822753f3a-AppendLogResponseHandler: Failed appendEntries: org.apache.ratis.thirdparty.io.grpc.StatusRuntimeException: UNAVAILABLE: io exception
2019-09-12 06:39:45,658 [e48d04e8-2c1f-410d-8bfb-5a732d356112@group-B034F0427A69-SegmentedRaftLogWorker] INFO  segmented.SegmentedRaftLogWorker (SegmentedRaftLogWorker.java:execute(526)) - e48d04e8-2c1f-410d-8bfb-5a732d356112@group-B034F0427A69-SegmentedRaftLogWorker: Rolled log segment from /workdir/hadoop-ozone/integration-test/target/test-dir/MiniOzoneClusterImpl-37405de7-47da-4aca-9355-033741c24d37/datanode-6/data/ratis/0a74ecfd-3b1d-4619-a0a9-b034f0427a69/current/log_inprogress_0 to /workdir/hadoop-ozone/integration-test/target/test-dir/MiniOzoneClusterImpl-37405de7-47da-4aca-9355-033741c24d37/datanode-6/data/ratis/0a74ecfd-3b1d-4619-a0a9-b034f0427a69/current/log_0-16
2019-09-12 06:39:45,661 [grpc-default-executor-9] INFO  impl.FollowerInfo (FollowerInfo.java:lambda$new$0(51)) - e48d04e8-2c1f-410d-8bfb-5a732d356112@group-B034F0427A69->9d685984-4448-42b4-b390-543822753f3a: nextIndex: updateUnconditionally 17 -> 1
2019-09-12 06:39:45,662 [grpc-default-executor-9] INFO  impl.RaftServerImpl (ServerState.java:setLeader(253)) - 760f3a61-bfa2-4d4e-85d8-817950efb624@group-B034F0427A69: change Leader from null to e48d04e8-2c1f-410d-8bfb-5a732d356112 at term 3 for appendEntries, leader elected after 38ms
2019-09-12 06:39:45,664 [grpc-default-executor-9] INFO  impl.RaftServerImpl (ServerState.java:setRaftConf(354)) - 760f3a61-bfa2-4d4e-85d8-817950efb624@group-B034F0427A69: set configuration 17: [760f3a61-bfa2-4d4e-85d8-817950efb624:192.168.34.52:44136, 9d685984-4448-42b4-b390-543822753f3a:192.168.34.52:35205, e48d04e8-2c1f-410d-8bfb-5a732d356112:192.168.34.52:38245], old=null at 17
2019-09-12 06:39:45,665 [grpc-default-executor-9] INFO  segmented.SegmentedRaftLogWorker (SegmentedRaftLogWorker.java:rollLogSegment(385)) - 760f3a61-bfa2-4d4e-85d8-817950efb624@group-B034F0427A69-SegmentedRaftLogWorker: Rolling segment log-0_16 to index:16
2019-09-12 06:39:45,665 [760f3a61-bfa2-4d4e-85d8-817950efb624@group-B034F0427A69-SegmentedRaftLogWorker] INFO  segmented.SegmentedRaftLogWorker (SegmentedRaftLogWorker.java:execute(526)) - 760f3a61-bfa2-4d4e-85d8-817950efb624@group-B034F0427A69-SegmentedRaftLogWorker: Rolled log segment from /workdir/hadoop-ozone/integration-test/target/test-dir/MiniOzoneClusterImpl-37405de7-47da-4aca-9355-033741c24d37/datanode-8/data/ratis/0a74ecfd-3b1d-4619-a0a9-b034f0427a69/current/log_inprogress_0 to /workdir/hadoop-ozone/integration-test/target/test-dir/MiniOzoneClusterImpl-37405de7-47da-4aca-9355-033741c24d37/datanode-8/data/ratis/0a74ecfd-3b1d-4619-a0a9-b034f0427a69/current/log_0-16
2019-09-12 06:39:45,722 [e48d04e8-2c1f-410d-8bfb-5a732d356112@group-B034F0427A69-SegmentedRaftLogWorker] INFO  segmented.SegmentedRaftLogWorker (SegmentedRaftLogWorker.java:execute(569)) - e48d04e8-2c1f-410d-8bfb-5a732d356112@group-B034F0427A69-SegmentedRaftLogWorker: created new log segment /workdir/hadoop-ozone/integration-test/target/test-dir/MiniOzoneClusterImpl-37405de7-47da-4aca-9355-033741c24d37/datanode-6/data/ratis/0a74ecfd-3b1d-4619-a0a9-b034f0427a69/current/log_inprogress_17
2019-09-12 06:39:45,735 [760f3a61-bfa2-4d4e-85d8-817950efb624@group-B034F0427A69-SegmentedRaftLogWorker] INFO  segmented.SegmentedRaftLogWorker (SegmentedRaftLogWorker.java:execute(569)) - 760f3a61-bfa2-4d4e-85d8-817950efb624@group-B034F0427A69-SegmentedRaftLogWorker: created new log segment /workdir/hadoop-ozone/integration-test/target/test-dir/MiniOzoneClusterImpl-37405de7-47da-4aca-9355-033741c24d37/datanode-8/data/ratis/0a74ecfd-3b1d-4619-a0a9-b034f0427a69/current/log_inprogress_17
2019-09-12 06:39:45,780 [grpc-default-executor-6] WARN  server.GrpcLogAppender (LogUtils.java:warn(134)) - e48d04e8-2c1f-410d-8bfb-5a732d356112@group-B034F0427A69->9d685984-4448-42b4-b390-543822753f3a-AppendLogResponseHandler: Failed appendEntries: org.apache.ratis.thirdparty.io.grpc.StatusRuntimeException: UNAVAILABLE: io exception
2019-09-12 06:39:45,783 [grpc-default-executor-6] INFO  impl.FollowerInfo (FollowerInfo.java:lambda$new$0(51)) - e48d04e8-2c1f-410d-8bfb-5a732d356112@group-B034F0427A69->9d685984-4448-42b4-b390-543822753f3a: nextIndex: updateUnconditionally 2 -> 1
2019-09-12 06:39:45,954 [java.util.concurrent.ThreadPoolExecutor$Worker@24fb95e3[State = -1, empty queue]] WARN  server.GrpcLogAppender (GrpcLogAppender.java:timeoutAppendRequest(200)) - 24c53ee4-03df-424b-8e99-1fd221f7be60@group-3C3ABBECBF4F->3ae969e4-2e35-40bf-9e0e-95acae9da5a5-GrpcLogAppender: appendEntries Timeout, request=24c53ee4-03df-424b-8e99-1fd221f7be60->3ae969e4-2e35-40bf-9e0e-95acae9da5a5#66-t2, previous=(t:2, i:20), leaderCommit=16, initializing? false, entries: <empty>
2019-09-12 06:39:45,954 [java.util.concurrent.ThreadPoolExecutor$Worker@7bd075af[State = -1, empty queue]] WARN  server.GrpcLogAppender (GrpcLogAppender.java:timeoutAppendRequest(200)) - 24c53ee4-03df-424b-8e99-1fd221f7be60@group-3C3ABBECBF4F->d503967e-137a-4fd9-bc45-44203e981a69-GrpcLogAppender: appendEntries Timeout, request=24c53ee4-03df-424b-8e99-1fd221f7be60->d503967e-137a-4fd9-bc45-44203e981a69#66-t2, previous=(t:2, i:20), leaderCommit=16, initializing? false, entries: <empty>
2019-09-12 06:39:46,282 [grpc-default-executor-9] WARN  server.GrpcLogAppender (LogUtils.java:warn(134)) - e48d04e8-2c1f-410d-8bfb-5a732d356112@group-B034F0427A69->9d685984-4448-42b4-b390-543822753f3a-AppendLogResponseHandler: Failed appendEntries: org.apache.ratis.thirdparty.io.grpc.StatusRuntimeException: UNAVAILABLE: io exception
2019-09-12 06:39:46,287 [grpc-default-executor-9] INFO  impl.FollowerInfo (FollowerInfo.java:lambda$new$0(51)) - e48d04e8-2c1f-410d-8bfb-5a732d356112@group-B034F0427A69->9d685984-4448-42b4-b390-543822753f3a: nextIndex: updateUnconditionally 1 -> 0
2019-09-12 06:39:46,455 [java.util.concurrent.ThreadPoolExecutor$Worker@24fb95e3[State = -1, empty queue]] WARN  server.GrpcLogAppender (GrpcLogAppender.java:timeoutAppendRequest(200)) - 24c53ee4-03df-424b-8e99-1fd221f7be60@group-3C3ABBECBF4F->3ae969e4-2e35-40bf-9e0e-95acae9da5a5-GrpcLogAppender: appendEntries Timeout, request=24c53ee4-03df-424b-8e99-1fd221f7be60->3ae969e4-2e35-40bf-9e0e-95acae9da5a5#67-t2, previous=(t:2, i:20), leaderCommit=16, initializing? false, entries: <empty>
2019-09-12 06:39:46,455 [java.util.concurrent.ThreadPoolExecutor$Worker@7bd075af[State = -1, empty queue]] WARN  server.GrpcLogAppender (GrpcLogAppender.java:timeoutAppendRequest(200)) - 24c53ee4-03df-424b-8e99-1fd221f7be60@group-3C3ABBECBF4F->d503967e-137a-4fd9-bc45-44203e981a69-GrpcLogAppender: appendEntries Timeout, request=24c53ee4-03df-424b-8e99-1fd221f7be60->d503967e-137a-4fd9-bc45-44203e981a69#67-t2, previous=(t:2, i:20), leaderCommit=16, initializing? false, entries: <empty>
2019-09-12 06:39:46,783 [grpc-default-executor-6] WARN  server.GrpcLogAppender (LogUtils.java:warn(134)) - e48d04e8-2c1f-410d-8bfb-5a732d356112@group-B034F0427A69->9d685984-4448-42b4-b390-543822753f3a-AppendLogResponseHandler: Failed appendEntries: org.apache.ratis.thirdparty.io.grpc.StatusRuntimeException: UNAVAILABLE: io exception
2019-09-12 06:39:46,788 [grpc-default-executor-6] INFO  impl.FollowerInfo (FollowerInfo.java:lambda$new$0(51)) - e48d04e8-2c1f-410d-8bfb-5a732d356112@group-B034F0427A69->9d685984-4448-42b4-b390-543822753f3a: nextIndex: updateUnconditionally 0 -> 0
2019-09-12 06:39:46,956 [java.util.concurrent.ThreadPoolExecutor$Worker@7bd075af[State = -1, empty queue]] WARN  server.GrpcLogAppender (GrpcLogAppender.java:timeoutAppendRequest(200)) - 24c53ee4-03df-424b-8e99-1fd221f7be60@group-3C3ABBECBF4F->d503967e-137a-4fd9-bc45-44203e981a69-GrpcLogAppender: appendEntries Timeout, request=24c53ee4-03df-424b-8e99-1fd221f7be60->d503967e-137a-4fd9-bc45-44203e981a69#68-t2, previous=(t:2, i:20), leaderCommit=16, initializing? false, entries: <empty>
2019-09-12 06:39:46,956 [java.util.concurrent.ThreadPoolExecutor$Worker@24fb95e3[State = -1, empty queue]] WARN  server.GrpcLogAppender (GrpcLogAppender.java:timeoutAppendRequest(200)) - 24c53ee4-03df-424b-8e99-1fd221f7be60@group-3C3ABBECBF4F->3ae969e4-2e35-40bf-9e0e-95acae9da5a5-GrpcLogAppender: appendEntries Timeout, request=24c53ee4-03df-424b-8e99-1fd221f7be60->3ae969e4-2e35-40bf-9e0e-95acae9da5a5#68-t2, previous=(t:2, i:20), leaderCommit=16, initializing? false, entries: <empty>
2019-09-12 06:39:47,284 [grpc-default-executor-9] WARN  server.GrpcLogAppender (LogUtils.java:warn(134)) - e48d04e8-2c1f-410d-8bfb-5a732d356112@group-B034F0427A69->9d685984-4448-42b4-b390-543822753f3a-AppendLogResponseHandler: Failed appendEntries: org.apache.ratis.thirdparty.io.grpc.StatusRuntimeException: UNAVAILABLE: io exception
2019-09-12 06:39:47,290 [grpc-default-executor-9] INFO  impl.FollowerInfo (FollowerInfo.java:lambda$new$0(51)) - e48d04e8-2c1f-410d-8bfb-5a732d356112@group-B034F0427A69->9d685984-4448-42b4-b390-543822753f3a: nextIndex: updateUnconditionally 0 -> 0
2019-09-12 06:39:47,457 [java.util.concurrent.ThreadPoolExecutor$Worker@24fb95e3[State = -1, empty queue]] WARN  server.GrpcLogAppender (GrpcLogAppender.java:timeoutAppendRequest(200)) - 24c53ee4-03df-424b-8e99-1fd221f7be60@group-3C3ABBECBF4F->3ae969e4-2e35-40bf-9e0e-95acae9da5a5-GrpcLogAppender: appendEntries Timeout, request=24c53ee4-03df-424b-8e99-1fd221f7be60->3ae969e4-2e35-40bf-9e0e-95acae9da5a5#69-t2, previous=(t:2, i:20), leaderCommit=16, initializing? false, entries: <empty>
2019-09-12 06:39:47,457 [java.util.concurrent.ThreadPoolExecutor$Worker@7bd075af[State = -1, empty queue]] WARN  server.GrpcLogAppender (GrpcLogAppender.java:timeoutAppendRequest(200)) - 24c53ee4-03df-424b-8e99-1fd221f7be60@group-3C3ABBECBF4F->d503967e-137a-4fd9-bc45-44203e981a69-GrpcLogAppender: appendEntries Timeout, request=24c53ee4-03df-424b-8e99-1fd221f7be60->d503967e-137a-4fd9-bc45-44203e981a69#69-t2, previous=(t:2, i:20), leaderCommit=16, initializing? false, entries: <empty>
2019-09-12 06:39:47,757 [java.util.concurrent.ThreadPoolExecutor$Worker@6586fa4d[State = -1, empty queue]] WARN  server.GrpcLogAppender (GrpcLogAppender.java:timeoutAppendRequest(200)) - 5ecf13a7-acad-498a-ad7b-6f285dbc97e2@group-C5E42DFE1AE1->996a256c-fd43-494a-96f3-903b907c5248-GrpcLogAppender: appendEntries Timeout, request=5ecf13a7-acad-498a-ad7b-6f285dbc97e2->996a256c-fd43-494a-96f3-903b907c5248#66-t2, previous=(t:2, i:16), leaderCommit=16, initializing? false, entries: size=1, first=(t:2, i:17), STATEMACHINELOGENTRY, client-C89BF4EDCA02, cid=52
2019-09-12 06:39:47,757 [java.util.concurrent.ThreadPoolExecutor$Worker@3e497bcb[State = -1, empty queue]] WARN  server.GrpcLogAppender (GrpcLogAppender.java:timeoutAppendRequest(200)) - 5ecf13a7-acad-498a-ad7b-6f285dbc97e2@group-C5E42DFE1AE1->e1cdc330-b298-4f7e-9f8c-e697349a5e69-GrpcLogAppender: appendEntries Timeout, request=5ecf13a7-acad-498a-ad7b-6f285dbc97e2->e1cdc330-b298-4f7e-9f8c-e697349a5e69#66-t2, previous=(t:2, i:16), leaderCommit=16, initializing? false, entries: size=1, first=(t:2, i:17), STATEMACHINELOGENTRY, client-C89BF4EDCA02, cid=52
2019-09-12 06:39:47,757 [java.util.concurrent.ThreadPoolExecutor$Worker@6586fa4d[State = -1, empty queue]] WARN  server.GrpcLogAppender (GrpcLogAppender.java:timeoutAppendRequest(200)) - 5ecf13a7-acad-498a-ad7b-6f285dbc97e2@group-C5E42DFE1AE1->996a256c-fd43-494a-96f3-903b907c5248-GrpcLogAppender: appendEntries Timeout, request=5ecf13a7-acad-498a-ad7b-6f285dbc97e2->996a256c-fd43-494a-96f3-903b907c5248#67-t2, previous=(t:2, i:17), leaderCommit=16, initializing? false, entries: size=1, first=(t:2, i:18), STATEMACHINELOGENTRY, client-C89BF4EDCA02, cid=53
2019-09-12 06:39:47,762 [java.util.concurrent.ThreadPoolExecutor$Worker@3e497bcb[State = -1, empty queue]] WARN  server.GrpcLogAppender (GrpcLogAppender.java:timeoutAppendRequest(200)) - 5ecf13a7-acad-498a-ad7b-6f285dbc97e2@group-C5E42DFE1AE1->e1cdc330-b298-4f7e-9f8c-e697349a5e69-GrpcLogAppender: appendEntries Timeout, request=5ecf13a7-acad-498a-ad7b-6f285dbc97e2->e1cdc330-b298-4f7e-9f8c-e697349a5e69#67-t2, previous=(t:2, i:17), leaderCommit=16, initializing? false, entries: size=1, first=(t:2, i:18), STATEMACHINELOGENTRY, client-C89BF4EDCA02, cid=53
2019-09-12 06:39:47,767 [java.util.concurrent.ThreadPoolExecutor$Worker@3e497bcb[State = -1, empty queue]] WARN  server.GrpcLogAppender (GrpcLogAppender.java:timeoutAppendRequest(200)) - 5ecf13a7-acad-498a-ad7b-6f285dbc97e2@group-C5E42DFE1AE1->e1cdc330-b298-4f7e-9f8c-e697349a5e69-GrpcLogAppender: appendEntries Timeout, request=5ecf13a7-acad-498a-ad7b-6f285dbc97e2->e1cdc330-b298-4f7e-9f8c-e697349a5e69#68-t2, previous=(t:2, i:18), leaderCommit=16, initializing? false, entries: size=1, first=(t:2, i:19), STATEMACHINELOGENTRY, client-C89BF4EDCA02, cid=54
2019-09-12 06:39:47,767 [java.util.concurrent.ThreadPoolExecutor$Worker@6586fa4d[State = -1, empty queue]] WARN  server.GrpcLogAppender (GrpcLogAppender.java:timeoutAppendRequest(200)) - 5ecf13a7-acad-498a-ad7b-6f285dbc97e2@group-C5E42DFE1AE1->996a256c-fd43-494a-96f3-903b907c5248-GrpcLogAppender: appendEntries Timeout, request=5ecf13a7-acad-498a-ad7b-6f285dbc97e2->996a256c-fd43-494a-96f3-903b907c5248#68-t2, previous=(t:2, i:18), leaderCommit=16, initializing? false, entries: size=1, first=(t:2, i:19), STATEMACHINELOGENTRY, client-C89BF4EDCA02, cid=54
2019-09-12 06:39:47,770 [java.util.concurrent.ThreadPoolExecutor$Worker@3e497bcb[State = -1, empty queue]] WARN  server.GrpcLogAppender (GrpcLogAppender.java:timeoutAppendRequest(200)) - 5ecf13a7-acad-498a-ad7b-6f285dbc97e2@group-C5E42DFE1AE1->e1cdc330-b298-4f7e-9f8c-e697349a5e69-GrpcLogAppender: appendEntries Timeout, request=5ecf13a7-acad-498a-ad7b-6f285dbc97e2->e1cdc330-b298-4f7e-9f8c-e697349a5e69#69-t2, previous=(t:2, i:19), leaderCommit=16, initializing? false, entries: size=1, first=(t:2, i:20), STATEMACHINELOGENTRY, client-C89BF4EDCA02, cid=55
2019-09-12 06:39:47,773 [java.util.concurrent.ThreadPoolExecutor$Worker@6586fa4d[State = -1, empty queue]] WARN  server.GrpcLogAppender (GrpcLogAppender.java:timeoutAppendRequest(200)) - 5ecf13a7-acad-498a-ad7b-6f285dbc97e2@group-C5E42DFE1AE1->996a256c-fd43-494a-96f3-903b907c5248-GrpcLogAppender: appendEntries Timeout, request=5ecf13a7-acad-498a-ad7b-6f285dbc97e2->996a256c-fd43-494a-96f3-903b907c5248#69-t2, previous=(t:2, i:19), leaderCommit=16, initializing? false, entries: size=1, first=(t:2, i:20), STATEMACHINELOGENTRY, client-C89BF4EDCA02, cid=55
2019-09-12 06:39:47,785 [grpc-default-executor-6] WARN  server.GrpcLogAppender (LogUtils.java:warn(134)) - e48d04e8-2c1f-410d-8bfb-5a732d356112@group-B034F0427A69->9d685984-4448-42b4-b390-543822753f3a-AppendLogResponseHandler: Failed appendEntries: org.apache.ratis.thirdparty.io.grpc.StatusRuntimeException: UNAVAILABLE: io exception
2019-09-12 06:39:47,791 [grpc-default-executor-6] INFO  impl.FollowerInfo (FollowerInfo.java:lambda$new$0(51)) - e48d04e8-2c1f-410d-8bfb-5a732d356112@group-B034F0427A69->9d685984-4448-42b4-b390-543822753f3a: nextIndex: updateUnconditionally 0 -> 0
2019-09-12 06:39:47,957 [java.util.concurrent.ThreadPoolExecutor$Worker@7bd075af[State = -1, empty queue]] WARN  server.GrpcLogAppender (GrpcLogAppender.java:timeoutAppendRequest(200)) - 24c53ee4-03df-424b-8e99-1fd221f7be60@group-3C3ABBECBF4F->d503967e-137a-4fd9-bc45-44203e981a69-GrpcLogAppender: appendEntries Timeout, request=24c53ee4-03df-424b-8e99-1fd221f7be60->d503967e-137a-4fd9-bc45-44203e981a69#70-t2, previous=(t:2, i:20), leaderCommit=16, initializing? false, entries: <empty>
2019-09-12 06:39:47,972 [java.util.concurrent.ThreadPoolExecutor$Worker@24fb95e3[State = -1, empty queue]] WARN  server.GrpcLogAppender (GrpcLogAppender.java:timeoutAppendRequest(200)) - 24c53ee4-03df-424b-8e99-1fd221f7be60@group-3C3ABBECBF4F->3ae969e4-2e35-40bf-9e0e-95acae9da5a5-GrpcLogAppender: appendEntries Timeout, request=24c53ee4-03df-424b-8e99-1fd221f7be60->3ae969e4-2e35-40bf-9e0e-95acae9da5a5#70-t2, previous=(t:2, i:20), leaderCommit=16, initializing? false, entries: <empty>
2019-09-12 06:39:48,267 [java.util.concurrent.ThreadPoolExecutor$Worker@6586fa4d[State = -1, empty queue]] WARN  server.GrpcLogAppender (GrpcLogAppender.java:timeoutAppendRequest(200)) - 5ecf13a7-acad-498a-ad7b-6f285dbc97e2@group-C5E42DFE1AE1->996a256c-fd43-494a-96f3-903b907c5248-GrpcLogAppender: appendEntries Timeout, request=5ecf13a7-acad-498a-ad7b-6f285dbc97e2->996a256c-fd43-494a-96f3-903b907c5248#70-t2, previous=(t:2, i:20), leaderCommit=16, initializing? false, entries: <empty>
2019-09-12 06:39:48,268 [java.util.concurrent.ThreadPoolExecutor$Worker@3e497bcb[State = -1, empty queue]] WARN  server.GrpcLogAppender (GrpcLogAppender.java:timeoutAppendRequest(200)) - 5ecf13a7-acad-498a-ad7b-6f285dbc97e2@group-C5E42DFE1AE1->e1cdc330-b298-4f7e-9f8c-e697349a5e69-GrpcLogAppender: appendEntries Timeout, request=5ecf13a7-acad-498a-ad7b-6f285dbc97e2->e1cdc330-b298-4f7e-9f8c-e697349a5e69#70-t2, previous=(t:2, i:20), leaderCommit=16, initializing? false, entries: <empty>
2019-09-12 06:39:48,286 [grpc-default-executor-9] WARN  server.GrpcLogAppender (LogUtils.java:warn(134)) - e48d04e8-2c1f-410d-8bfb-5a732d356112@group-B034F0427A69->9d685984-4448-42b4-b390-543822753f3a-AppendLogResponseHandler: Failed appendEntries: org.apache.ratis.thirdparty.io.grpc.StatusRuntimeException: UNAVAILABLE: io exception
2019-09-12 06:39:48,291 [grpc-default-executor-9] INFO  impl.FollowerInfo (FollowerInfo.java:lambda$new$0(51)) - e48d04e8-2c1f-410d-8bfb-5a732d356112@group-B034F0427A69->9d685984-4448-42b4-b390-543822753f3a: nextIndex: updateUnconditionally 0 -> 0
2019-09-12 06:39:48,457 [java.util.concurrent.ThreadPoolExecutor$Worker@7bd075af[State = -1, empty queue]] WARN  server.GrpcLogAppender (GrpcLogAppender.java:timeoutAppendRequest(200)) - 24c53ee4-03df-424b-8e99-1fd221f7be60@group-3C3ABBECBF4F->d503967e-137a-4fd9-bc45-44203e981a69-GrpcLogAppender: appendEntries Timeout, request=24c53ee4-03df-424b-8e99-1fd221f7be60->d503967e-137a-4fd9-bc45-44203e981a69#71-t2, previous=(t:2, i:20), leaderCommit=16, initializing? false, entries: <empty>
2019-09-12 06:39:48,457 [java.util.concurrent.ThreadPoolExecutor$Worker@24fb95e3[State = -1, empty queue]] WARN  server.GrpcLogAppender (GrpcLogAppender.java:timeoutAppendRequest(200)) - 24c53ee4-03df-424b-8e99-1fd221f7be60@group-3C3ABBECBF4F->3ae969e4-2e35-40bf-9e0e-95acae9da5a5-GrpcLogAppender: appendEntries Timeout, request=24c53ee4-03df-424b-8e99-1fd221f7be60->3ae969e4-2e35-40bf-9e0e-95acae9da5a5#71-t2, previous=(t:2, i:20), leaderCommit=16, initializing? false, entries: <empty>
2019-09-12 06:39:48,768 [java.util.concurrent.ThreadPoolExecutor$Worker@6586fa4d[State = -1, empty queue]] WARN  server.GrpcLogAppender (GrpcLogAppender.java:timeoutAppendRequest(200)) - 5ecf13a7-acad-498a-ad7b-6f285dbc97e2@group-C5E42DFE1AE1->996a256c-fd43-494a-96f3-903b907c5248-GrpcLogAppender: appendEntries Timeout, request=5ecf13a7-acad-498a-ad7b-6f285dbc97e2->996a256c-fd43-494a-96f3-903b907c5248#71-t2, previous=(t:2, i:20), leaderCommit=16, initializing? false, entries: <empty>
2019-09-12 06:39:48,768 [java.util.concurrent.ThreadPoolExecutor$Worker@3e497bcb[State = -1, empty queue]] WARN  server.GrpcLogAppender (GrpcLogAppender.java:timeoutAppendRequest(200)) - 5ecf13a7-acad-498a-ad7b-6f285dbc97e2@group-C5E42DFE1AE1->e1cdc330-b298-4f7e-9f8c-e697349a5e69-GrpcLogAppender: appendEntries Timeout, request=5ecf13a7-acad-498a-ad7b-6f285dbc97e2->e1cdc330-b298-4f7e-9f8c-e697349a5e69#71-t2, previous=(t:2, i:20), leaderCommit=16, initializing? false, entries: <empty>
2019-09-12 06:39:48,788 [grpc-default-executor-6] WARN  server.GrpcLogAppender (LogUtils.java:warn(134)) - e48d04e8-2c1f-410d-8bfb-5a732d356112@group-B034F0427A69->9d685984-4448-42b4-b390-543822753f3a-AppendLogResponseHandler: Failed appendEntries: org.apache.ratis.thirdparty.io.grpc.StatusRuntimeException: UNAVAILABLE: io exception
2019-09-12 06:39:48,807 [grpc-default-executor-6] INFO  impl.FollowerInfo (FollowerInfo.java:lambda$new$0(51)) - e48d04e8-2c1f-410d-8bfb-5a732d356112@group-B034F0427A69->9d685984-4448-42b4-b390-543822753f3a: nextIndex: updateUnconditionally 0 -> 0
2019-09-12 06:39:48,958 [java.util.concurrent.ThreadPoolExecutor$Worker@7bd075af[State = -1, empty queue]] WARN  server.GrpcLogAppender (GrpcLogAppender.java:timeoutAppendRequest(200)) - 24c53ee4-03df-424b-8e99-1fd221f7be60@group-3C3ABBECBF4F->d503967e-137a-4fd9-bc45-44203e981a69-GrpcLogAppender: appendEntries Timeout, request=24c53ee4-03df-424b-8e99-1fd221f7be60->d503967e-137a-4fd9-bc45-44203e981a69#72-t2, previous=(t:2, i:20), leaderCommit=16, initializing? false, entries: <empty>
2019-09-12 06:39:48,958 [java.util.concurrent.ThreadPoolExecutor$Worker@24fb95e3[State = -1, empty queue]] WARN  server.GrpcLogAppender (GrpcLogAppender.java:timeoutAppendRequest(200)) - 24c53ee4-03df-424b-8e99-1fd221f7be60@group-3C3ABBECBF4F->3ae969e4-2e35-40bf-9e0e-95acae9da5a5-GrpcLogAppender: appendEntries Timeout, request=24c53ee4-03df-424b-8e99-1fd221f7be60->3ae969e4-2e35-40bf-9e0e-95acae9da5a5#72-t2, previous=(t:2, i:20), leaderCommit=16, initializing? false, entries: <empty>
2019-09-12 06:39:49,268 [java.util.concurrent.ThreadPoolExecutor$Worker@6586fa4d[State = -1, empty queue]] WARN  server.GrpcLogAppender (GrpcLogAppender.java:timeoutAppendRequest(200)) - 5ecf13a7-acad-498a-ad7b-6f285dbc97e2@group-C5E42DFE1AE1->996a256c-fd43-494a-96f3-903b907c5248-GrpcLogAppender: appendEntries Timeout, request=5ecf13a7-acad-498a-ad7b-6f285dbc97e2->996a256c-fd43-494a-96f3-903b907c5248#72-t2, previous=(t:2, i:20), leaderCommit=16, initializing? false, entries: <empty>
2019-09-12 06:39:49,268 [java.util.concurrent.ThreadPoolExecutor$Worker@3e497bcb[State = -1, empty queue]] WARN  server.GrpcLogAppender (GrpcLogAppender.java:timeoutAppendRequest(200)) - 5ecf13a7-acad-498a-ad7b-6f285dbc97e2@group-C5E42DFE1AE1->e1cdc330-b298-4f7e-9f8c-e697349a5e69-GrpcLogAppender: appendEntries Timeout, request=5ecf13a7-acad-498a-ad7b-6f285dbc97e2->e1cdc330-b298-4f7e-9f8c-e697349a5e69#72-t2, previous=(t:2, i:20), leaderCommit=16, initializing? false, entries: <empty>
2019-09-12 06:39:49,289 [grpc-default-executor-9] WARN  server.GrpcLogAppender (LogUtils.java:warn(134)) - e48d04e8-2c1f-410d-8bfb-5a732d356112@group-B034F0427A69->9d685984-4448-42b4-b390-543822753f3a-AppendLogResponseHandler: Failed appendEntries: org.apache.ratis.thirdparty.io.grpc.StatusRuntimeException: UNAVAILABLE: io exception
2019-09-12 06:39:49,296 [grpc-default-executor-9] INFO  impl.FollowerInfo (FollowerInfo.java:lambda$new$0(51)) - e48d04e8-2c1f-410d-8bfb-5a732d356112@group-B034F0427A69->9d685984-4448-42b4-b390-543822753f3a: nextIndex: updateUnconditionally 0 -> 0
2019-09-12 06:39:49,458 [java.util.concurrent.ThreadPoolExecutor$Worker@7bd075af[State = -1, empty queue]] WARN  server.GrpcLogAppender (GrpcLogAppender.java:timeoutAppendRequest(200)) - 24c53ee4-03df-424b-8e99-1fd221f7be60@group-3C3ABBECBF4F->d503967e-137a-4fd9-bc45-44203e981a69-GrpcLogAppender: appendEntries Timeout, request=24c53ee4-03df-424b-8e99-1fd221f7be60->d503967e-137a-4fd9-bc45-44203e981a69#73-t2, previous=(t:2, i:20), leaderCommit=16, initializing? false, entries: <empty>
2019-09-12 06:39:49,458 [java.util.concurrent.ThreadPoolExecutor$Worker@24fb95e3[State = -1, empty queue]] WARN  server.GrpcLogAppender (GrpcLogAppender.java:timeoutAppendRequest(200)) - 24c53ee4-03df-424b-8e99-1fd221f7be60@group-3C3ABBECBF4F->3ae969e4-2e35-40bf-9e0e-95acae9da5a5-GrpcLogAppender: appendEntries Timeout, request=24c53ee4-03df-424b-8e99-1fd221f7be60->3ae969e4-2e35-40bf-9e0e-95acae9da5a5#73-t2, previous=(t:2, i:20), leaderCommit=16, initializing? false, entries: <empty>
2019-09-12 06:39:49,768 [java.util.concurrent.ThreadPoolExecutor$Worker@6586fa4d[State = -1, empty queue]] WARN  server.GrpcLogAppender (GrpcLogAppender.java:timeoutAppendRequest(200)) - 5ecf13a7-acad-498a-ad7b-6f285dbc97e2@group-C5E42DFE1AE1->996a256c-fd43-494a-96f3-903b907c5248-GrpcLogAppender: appendEntries Timeout, request=5ecf13a7-acad-498a-ad7b-6f285dbc97e2->996a256c-fd43-494a-96f3-903b907c5248#73-t2, previous=(t:2, i:20), leaderCommit=16, initializing? false, entries: <empty>
2019-09-12 06:39:49,769 [java.util.concurrent.ThreadPoolExecutor$Worker@3e497bcb[State = -1, empty queue]] WARN  server.GrpcLogAppender (GrpcLogAppender.java:timeoutAppendRequest(200)) - 5ecf13a7-acad-498a-ad7b-6f285dbc97e2@group-C5E42DFE1AE1->e1cdc330-b298-4f7e-9f8c-e697349a5e69-GrpcLogAppender: appendEntries Timeout, request=5ecf13a7-acad-498a-ad7b-6f285dbc97e2->e1cdc330-b298-4f7e-9f8c-e697349a5e69#73-t2, previous=(t:2, i:20), leaderCommit=16, initializing? false, entries: <empty>
2019-09-12 06:39:49,793 [grpc-default-executor-12] WARN  server.GrpcLogAppender (LogUtils.java:warn(134)) - e48d04e8-2c1f-410d-8bfb-5a732d356112@group-B034F0427A69->9d685984-4448-42b4-b390-543822753f3a-AppendLogResponseHandler: Failed appendEntries: org.apache.ratis.thirdparty.io.grpc.StatusRuntimeException: UNAVAILABLE: io exception
2019-09-12 06:39:49,797 [grpc-default-executor-12] INFO  impl.FollowerInfo (FollowerInfo.java:lambda$new$0(51)) - e48d04e8-2c1f-410d-8bfb-5a732d356112@group-B034F0427A69->9d685984-4448-42b4-b390-543822753f3a: nextIndex: updateUnconditionally 0 -> 0
2019-09-12 06:39:49,806 [grpc-default-executor-6] INFO  client.GrpcClientProtocolClient (GrpcClientProtocolClient.java:onNext(264)) - client-C89BF4EDCA02->e1cdc330-b298-4f7e-9f8c-e697349a5e69: receive RaftClientReply:client-C89BF4EDCA02->e1cdc330-b298-4f7e-9f8c-e697349a5e69@group-C5E42DFE1AE1, cid=52, FAILED org.apache.ratis.protocol.NotLeaderException: Server e1cdc330-b298-4f7e-9f8c-e697349a5e69@group-C5E42DFE1AE1 is not the leader 5ecf13a7-acad-498a-ad7b-6f285dbc97e2:192.168.34.52:41223, logIndex=0, commits[e1cdc330-b298-4f7e-9f8c-e697349a5e69:c16, 996a256c-fd43-494a-96f3-903b907c5248:c12, 5ecf13a7-acad-498a-ad7b-6f285dbc97e2:c16]
2019-09-12 06:39:49,958 [java.util.concurrent.ThreadPoolExecutor$Worker@7bd075af[State = -1, empty queue]] WARN  server.GrpcLogAppender (GrpcLogAppender.java:timeoutAppendRequest(200)) - 24c53ee4-03df-424b-8e99-1fd221f7be60@group-3C3ABBECBF4F->d503967e-137a-4fd9-bc45-44203e981a69-GrpcLogAppender: appendEntries Timeout, request=24c53ee4-03df-424b-8e99-1fd221f7be60->d503967e-137a-4fd9-bc45-44203e981a69#74-t2, previous=(t:2, i:20), leaderCommit=16, initializing? false, entries: <empty>
2019-09-12 06:39:49,958 [java.util.concurrent.ThreadPoolExecutor$Worker@24fb95e3[State = -1, empty queue]] WARN  server.GrpcLogAppender (GrpcLogAppender.java:timeoutAppendRequest(200)) - 24c53ee4-03df-424b-8e99-1fd221f7be60@group-3C3ABBECBF4F->3ae969e4-2e35-40bf-9e0e-95acae9da5a5-GrpcLogAppender: appendEntries Timeout, request=24c53ee4-03df-424b-8e99-1fd221f7be60->3ae969e4-2e35-40bf-9e0e-95acae9da5a5#74-t2, previous=(t:2, i:20), leaderCommit=16, initializing? false, entries: <empty>
2019-09-12 06:39:50,269 [java.util.concurrent.ThreadPoolExecutor$Worker@6586fa4d[State = -1, empty queue]] WARN  server.GrpcLogAppender (GrpcLogAppender.java:timeoutAppendRequest(200)) - 5ecf13a7-acad-498a-ad7b-6f285dbc97e2@group-C5E42DFE1AE1->996a256c-fd43-494a-96f3-903b907c5248-GrpcLogAppender: appendEntries Timeout, request=5ecf13a7-acad-498a-ad7b-6f285dbc97e2->996a256c-fd43-494a-96f3-903b907c5248#74-t2, previous=(t:2, i:20), leaderCommit=16, initializing? false, entries: <empty>
2019-09-12 06:39:50,269 [java.util.concurrent.ThreadPoolExecutor$Worker@3e497bcb[State = -1, empty queue]] WARN  server.GrpcLogAppender (GrpcLogAppender.java:timeoutAppendRequest(200)) - 5ecf13a7-acad-498a-ad7b-6f285dbc97e2@group-C5E42DFE1AE1->e1cdc330-b298-4f7e-9f8c-e697349a5e69-GrpcLogAppender: appendEntries Timeout, request=5ecf13a7-acad-498a-ad7b-6f285dbc97e2->e1cdc330-b298-4f7e-9f8c-e697349a5e69#74-t2, previous=(t:2, i:20), leaderCommit=16, initializing? false, entries: <empty>
2019-09-12 06:39:50,294 [grpc-default-executor-9] WARN  server.GrpcLogAppender (LogUtils.java:warn(134)) - e48d04e8-2c1f-410d-8bfb-5a732d356112@group-B034F0427A69->9d685984-4448-42b4-b390-543822753f3a-AppendLogResponseHandler: Failed appendEntries: org.apache.ratis.thirdparty.io.grpc.StatusRuntimeException: UNAVAILABLE: io exception
2019-09-12 06:39:50,299 [grpc-default-executor-9] INFO  impl.FollowerInfo (FollowerInfo.java:lambda$new$0(51)) - e48d04e8-2c1f-410d-8bfb-5a732d356112@group-B034F0427A69->9d685984-4448-42b4-b390-543822753f3a: nextIndex: updateUnconditionally 0 -> 0
2019-09-12 06:39:50,458 [java.util.concurrent.ThreadPoolExecutor$Worker@7bd075af[State = -1, empty queue]] WARN  server.GrpcLogAppender (GrpcLogAppender.java:timeoutAppendRequest(200)) - 24c53ee4-03df-424b-8e99-1fd221f7be60@group-3C3ABBECBF4F->d503967e-137a-4fd9-bc45-44203e981a69-GrpcLogAppender: appendEntries Timeout, request=24c53ee4-03df-424b-8e99-1fd221f7be60->d503967e-137a-4fd9-bc45-44203e981a69#75-t2, previous=(t:2, i:20), leaderCommit=16, initializing? false, entries: <empty>
2019-09-12 06:39:50,459 [java.util.concurrent.ThreadPoolExecutor$Worker@24fb95e3[State = -1, empty queue]] WARN  server.GrpcLogAppender (GrpcLogAppender.java:timeoutAppendRequest(200)) - 24c53ee4-03df-424b-8e99-1fd221f7be60@group-3C3ABBECBF4F->3ae969e4-2e35-40bf-9e0e-95acae9da5a5-GrpcLogAppender: appendEntries Timeout, request=24c53ee4-03df-424b-8e99-1fd221f7be60->3ae969e4-2e35-40bf-9e0e-95acae9da5a5#75-t2, previous=(t:2, i:20), leaderCommit=16, initializing? false, entries: <empty>
2019-09-12 06:39:50,720 [24c53ee4-03df-424b-8e99-1fd221f7be60@group-3C3ABBECBF4F-SegmentedRaftLogWorker] WARN  segmented.SegmentedRaftLogWorker (SegmentedRaftLogWorker.java:getFromFuture(90)) - Timeout 2/~
org.apache.ratis.protocol.TimeoutIOException: Timeout 10s: WriteLog:17: (t:2, i:17), STATEMACHINELOGENTRY, client-8B9783ACE8AA, cid=39-writeStateMachineData
	at org.apache.ratis.util.IOUtils.getFromFuture(IOUtils.java:87)
	at org.apache.ratis.server.raftlog.segmented.SegmentedRaftLogWorker$StateMachineDataPolicy.getFromFuture(SegmentedRaftLogWorker.java:87)
	at org.apache.ratis.server.raftlog.segmented.SegmentedRaftLogWorker$WriteLog.execute(SegmentedRaftLogWorker.java:477)
	at org.apache.ratis.server.raftlog.segmented.SegmentedRaftLogWorker.run(SegmentedRaftLogWorker.java:289)
	at java.lang.Thread.run(Thread.java:748)
Caused by: java.util.concurrent.TimeoutException
	at java.util.concurrent.CompletableFuture.timedGet(CompletableFuture.java:1771)
	at java.util.concurrent.CompletableFuture.get(CompletableFuture.java:1915)
	at org.apache.ratis.util.IOUtils.getFromFuture(IOUtils.java:79)
	... 4 more
2019-09-12 06:39:50,725 [3ae969e4-2e35-40bf-9e0e-95acae9da5a5@group-3C3ABBECBF4F-SegmentedRaftLogWorker] WARN  segmented.SegmentedRaftLogWorker (SegmentedRaftLogWorker.java:getFromFuture(90)) - Timeout 2/~
org.apache.ratis.protocol.TimeoutIOException: Timeout 10s: WriteLog:17: (t:2, i:17), STATEMACHINELOGENTRY, client-8B9783ACE8AA, cid=39-writeStateMachineData
	at org.apache.ratis.util.IOUtils.getFromFuture(IOUtils.java:87)
	at org.apache.ratis.server.raftlog.segmented.SegmentedRaftLogWorker$StateMachineDataPolicy.getFromFuture(SegmentedRaftLogWorker.java:87)
	at org.apache.ratis.server.raftlog.segmented.SegmentedRaftLogWorker$WriteLog.execute(SegmentedRaftLogWorker.java:477)
	at org.apache.ratis.server.raftlog.segmented.SegmentedRaftLogWorker.run(SegmentedRaftLogWorker.java:289)
	at java.lang.Thread.run(Thread.java:748)
Caused by: java.util.concurrent.TimeoutException
	at java.util.concurrent.CompletableFuture.timedGet(CompletableFuture.java:1771)
	at java.util.concurrent.CompletableFuture.get(CompletableFuture.java:1915)
	at org.apache.ratis.util.IOUtils.getFromFuture(IOUtils.java:79)
	... 4 more
2019-09-12 06:39:50,726 [d503967e-137a-4fd9-bc45-44203e981a69@group-3C3ABBECBF4F-SegmentedRaftLogWorker] WARN  segmented.SegmentedRaftLogWorker (SegmentedRaftLogWorker.java:getFromFuture(90)) - Timeout 2/~
org.apache.ratis.protocol.TimeoutIOException: Timeout 10s: WriteLog:17: (t:2, i:17), STATEMACHINELOGENTRY, client-8B9783ACE8AA, cid=39-writeStateMachineData
	at org.apache.ratis.util.IOUtils.getFromFuture(IOUtils.java:87)
	at org.apache.ratis.server.raftlog.segmented.SegmentedRaftLogWorker$StateMachineDataPolicy.getFromFuture(SegmentedRaftLogWorker.java:87)
	at org.apache.ratis.server.raftlog.segmented.SegmentedRaftLogWorker$WriteLog.execute(SegmentedRaftLogWorker.java:477)
	at org.apache.ratis.server.raftlog.segmented.SegmentedRaftLogWorker.run(SegmentedRaftLogWorker.java:289)
	at java.lang.Thread.run(Thread.java:748)
Caused by: java.util.concurrent.TimeoutException
	at java.util.concurrent.CompletableFuture.timedGet(CompletableFuture.java:1771)
	at java.util.concurrent.CompletableFuture.get(CompletableFuture.java:1915)
	at org.apache.ratis.util.IOUtils.getFromFuture(IOUtils.java:79)
	... 4 more
2019-09-12 06:39:50,770 [java.util.concurrent.ThreadPoolExecutor$Worker@3e497bcb[State = -1, empty queue]] WARN  server.GrpcLogAppender (GrpcLogAppender.java:timeoutAppendRequest(200)) - 5ecf13a7-acad-498a-ad7b-6f285dbc97e2@group-C5E42DFE1AE1->e1cdc330-b298-4f7e-9f8c-e697349a5e69-GrpcLogAppender: appendEntries Timeout, request=5ecf13a7-acad-498a-ad7b-6f285dbc97e2->e1cdc330-b298-4f7e-9f8c-e697349a5e69#75-t2, previous=(t:2, i:20), leaderCommit=16, initializing? false, entries: <empty>
2019-09-12 06:39:50,770 [java.util.concurrent.ThreadPoolExecutor$Worker@6586fa4d[State = -1, empty queue]] WARN  server.GrpcLogAppender (GrpcLogAppender.java:timeoutAppendRequest(200)) - 5ecf13a7-acad-498a-ad7b-6f285dbc97e2@group-C5E42DFE1AE1->996a256c-fd43-494a-96f3-903b907c5248-GrpcLogAppender: appendEntries Timeout, request=5ecf13a7-acad-498a-ad7b-6f285dbc97e2->996a256c-fd43-494a-96f3-903b907c5248#75-t2, previous=(t:2, i:20), leaderCommit=16, initializing? false, entries: <empty>
2019-09-12 06:39:50,795 [grpc-default-executor-12] WARN  server.GrpcLogAppender (LogUtils.java:warn(134)) - e48d04e8-2c1f-410d-8bfb-5a732d356112@group-B034F0427A69->9d685984-4448-42b4-b390-543822753f3a-AppendLogResponseHandler: Failed appendEntries: org.apache.ratis.thirdparty.io.grpc.StatusRuntimeException: UNAVAILABLE: io exception
2019-09-12 06:39:50,801 [grpc-default-executor-12] INFO  impl.FollowerInfo (FollowerInfo.java:lambda$new$0(51)) - e48d04e8-2c1f-410d-8bfb-5a732d356112@group-B034F0427A69->9d685984-4448-42b4-b390-543822753f3a: nextIndex: updateUnconditionally 0 -> 0
2019-09-12 06:39:50,972 [java.util.concurrent.ThreadPoolExecutor$Worker@7bd075af[State = -1, empty queue]] WARN  server.GrpcLogAppender (GrpcLogAppender.java:timeoutAppendRequest(200)) - 24c53ee4-03df-424b-8e99-1fd221f7be60@group-3C3ABBECBF4F->d503967e-137a-4fd9-bc45-44203e981a69-GrpcLogAppender: appendEntries Timeout, request=24c53ee4-03df-424b-8e99-1fd221f7be60->d503967e-137a-4fd9-bc45-44203e981a69#76-t2, previous=(t:2, i:20), leaderCommit=16, initializing? false, entries: <empty>
2019-09-12 06:39:50,972 [java.util.concurrent.ThreadPoolExecutor$Worker@24fb95e3[State = -1, empty queue]] WARN  server.GrpcLogAppender (GrpcLogAppender.java:timeoutAppendRequest(200)) - 24c53ee4-03df-424b-8e99-1fd221f7be60@group-3C3ABBECBF4F->3ae969e4-2e35-40bf-9e0e-95acae9da5a5-GrpcLogAppender: appendEntries Timeout, request=24c53ee4-03df-424b-8e99-1fd221f7be60->3ae969e4-2e35-40bf-9e0e-95acae9da5a5#76-t2, previous=(t:2, i:20), leaderCommit=16, initializing? false, entries: <empty>
2019-09-12 06:39:51,270 [java.util.concurrent.ThreadPoolExecutor$Worker@6586fa4d[State = -1, empty queue]] WARN  server.GrpcLogAppender (GrpcLogAppender.java:timeoutAppendRequest(200)) - 5ecf13a7-acad-498a-ad7b-6f285dbc97e2@group-C5E42DFE1AE1->996a256c-fd43-494a-96f3-903b907c5248-GrpcLogAppender: appendEntries Timeout, request=5ecf13a7-acad-498a-ad7b-6f285dbc97e2->996a256c-fd43-494a-96f3-903b907c5248#76-t2, previous=(t:2, i:20), leaderCommit=16, initializing? false, entries: <empty>
2019-09-12 06:39:51,270 [java.util.concurrent.ThreadPoolExecutor$Worker@3e497bcb[State = -1, empty queue]] WARN  server.GrpcLogAppender (GrpcLogAppender.java:timeoutAppendRequest(200)) - 5ecf13a7-acad-498a-ad7b-6f285dbc97e2@group-C5E42DFE1AE1->e1cdc330-b298-4f7e-9f8c-e697349a5e69-GrpcLogAppender: appendEntries Timeout, request=5ecf13a7-acad-498a-ad7b-6f285dbc97e2->e1cdc330-b298-4f7e-9f8c-e697349a5e69#76-t2, previous=(t:2, i:20), leaderCommit=16, initializing? false, entries: <empty>
2019-09-12 06:39:51,296 [grpc-default-executor-9] WARN  server.GrpcLogAppender (LogUtils.java:warn(134)) - e48d04e8-2c1f-410d-8bfb-5a732d356112@group-B034F0427A69->9d685984-4448-42b4-b390-543822753f3a-AppendLogResponseHandler: Failed appendEntries: org.apache.ratis.thirdparty.io.grpc.StatusRuntimeException: UNAVAILABLE: io exception
2019-09-12 06:39:51,301 [grpc-default-executor-9] INFO  impl.FollowerInfo (FollowerInfo.java:lambda$new$0(51)) - e48d04e8-2c1f-410d-8bfb-5a732d356112@group-B034F0427A69->9d685984-4448-42b4-b390-543822753f3a: nextIndex: updateUnconditionally 0 -> 0
2019-09-12 06:39:51,472 [java.util.concurrent.ThreadPoolExecutor$Worker@7bd075af[State = -1, empty queue]] WARN  server.GrpcLogAppender (GrpcLogAppender.java:timeoutAppendRequest(200)) - 24c53ee4-03df-424b-8e99-1fd221f7be60@group-3C3ABBECBF4F->d503967e-137a-4fd9-bc45-44203e981a69-GrpcLogAppender: appendEntries Timeout, request=24c53ee4-03df-424b-8e99-1fd221f7be60->d503967e-137a-4fd9-bc45-44203e981a69#77-t2, previous=(t:2, i:20), leaderCommit=16, initializing? false, entries: <empty>
2019-09-12 06:39:51,472 [java.util.concurrent.ThreadPoolExecutor$Worker@24fb95e3[State = -1, empty queue]] WARN  server.GrpcLogAppender (GrpcLogAppender.java:timeoutAppendRequest(200)) - 24c53ee4-03df-424b-8e99-1fd221f7be60@group-3C3ABBECBF4F->3ae969e4-2e35-40bf-9e0e-95acae9da5a5-GrpcLogAppender: appendEntries Timeout, request=24c53ee4-03df-424b-8e99-1fd221f7be60->3ae969e4-2e35-40bf-9e0e-95acae9da5a5#77-t2, previous=(t:2, i:20), leaderCommit=16, initializing? false, entries: <empty>
2019-09-12 06:39:51,771 [java.util.concurrent.ThreadPoolExecutor$Worker@3e497bcb[State = -1, empty queue]] WARN  server.GrpcLogAppender (GrpcLogAppender.java:timeoutAppendRequest(200)) - 5ecf13a7-acad-498a-ad7b-6f285dbc97e2@group-C5E42DFE1AE1->e1cdc330-b298-4f7e-9f8c-e697349a5e69-GrpcLogAppender: appendEntries Timeout, request=5ecf13a7-acad-498a-ad7b-6f285dbc97e2->e1cdc330-b298-4f7e-9f8c-e697349a5e69#77-t2, previous=(t:2, i:20), leaderCommit=16, initializing? false, entries: <empty>
2019-09-12 06:39:51,771 [java.util.concurrent.ThreadPoolExecutor$Worker@6586fa4d[State = -1, empty queue]] WARN  server.GrpcLogAppender (GrpcLogAppender.java:timeoutAppendRequest(200)) - 5ecf13a7-acad-498a-ad7b-6f285dbc97e2@group-C5E42DFE1AE1->996a256c-fd43-494a-96f3-903b907c5248-GrpcLogAppender: appendEntries Timeout, request=5ecf13a7-acad-498a-ad7b-6f285dbc97e2->996a256c-fd43-494a-96f3-903b907c5248#77-t2, previous=(t:2, i:20), leaderCommit=16, initializing? false, entries: <empty>
2019-09-12 06:39:51,799 [grpc-default-executor-6] WARN  server.GrpcLogAppender (LogUtils.java:warn(134)) - e48d04e8-2c1f-410d-8bfb-5a732d356112@group-B034F0427A69->9d685984-4448-42b4-b390-543822753f3a-AppendLogResponseHandler: Failed appendEntries: org.apache.ratis.thirdparty.io.grpc.StatusRuntimeException: UNAVAILABLE: io exception
2019-09-12 06:39:51,803 [grpc-default-executor-6] INFO  impl.FollowerInfo (FollowerInfo.java:lambda$new$0(51)) - e48d04e8-2c1f-410d-8bfb-5a732d356112@group-B034F0427A69->9d685984-4448-42b4-b390-543822753f3a: nextIndex: updateUnconditionally 0 -> 0
2019-09-12 06:39:51,973 [java.util.concurrent.ThreadPoolExecutor$Worker@24fb95e3[State = -1, empty queue]] WARN  server.GrpcLogAppender (GrpcLogAppender.java:timeoutAppendRequest(200)) - 24c53ee4-03df-424b-8e99-1fd221f7be60@group-3C3ABBECBF4F->3ae969e4-2e35-40bf-9e0e-95acae9da5a5-GrpcLogAppender: appendEntries Timeout, request=24c53ee4-03df-424b-8e99-1fd221f7be60->3ae969e4-2e35-40bf-9e0e-95acae9da5a5#78-t2, previous=(t:2, i:20), leaderCommit=16, initializing? false, entries: <empty>
2019-09-12 06:39:51,973 [java.util.concurrent.ThreadPoolExecutor$Worker@7bd075af[State = -1, empty queue]] WARN  server.GrpcLogAppender (GrpcLogAppender.java:timeoutAppendRequest(200)) - 24c53ee4-03df-424b-8e99-1fd221f7be60@group-3C3ABBECBF4F->d503967e-137a-4fd9-bc45-44203e981a69-GrpcLogAppender: appendEntries Timeout, request=24c53ee4-03df-424b-8e99-1fd221f7be60->d503967e-137a-4fd9-bc45-44203e981a69#78-t2, previous=(t:2, i:20), leaderCommit=16, initializing? false, entries: <empty>
2019-09-12 06:39:52,272 [java.util.concurrent.ThreadPoolExecutor$Worker@3e497bcb[State = -1, empty queue]] WARN  server.GrpcLogAppender (GrpcLogAppender.java:timeoutAppendRequest(200)) - 5ecf13a7-acad-498a-ad7b-6f285dbc97e2@group-C5E42DFE1AE1->e1cdc330-b298-4f7e-9f8c-e697349a5e69-GrpcLogAppender: appendEntries Timeout, request=5ecf13a7-acad-498a-ad7b-6f285dbc97e2->e1cdc330-b298-4f7e-9f8c-e697349a5e69#78-t2, previous=(t:2, i:20), leaderCommit=16, initializing? false, entries: <empty>
2019-09-12 06:39:52,272 [java.util.concurrent.ThreadPoolExecutor$Worker@6586fa4d[State = -1, empty queue]] WARN  server.GrpcLogAppender (GrpcLogAppender.java:timeoutAppendRequest(200)) - 5ecf13a7-acad-498a-ad7b-6f285dbc97e2@group-C5E42DFE1AE1->996a256c-fd43-494a-96f3-903b907c5248-GrpcLogAppender: appendEntries Timeout, request=5ecf13a7-acad-498a-ad7b-6f285dbc97e2->996a256c-fd43-494a-96f3-903b907c5248#78-t2, previous=(t:2, i:20), leaderCommit=16, initializing? false, entries: <empty>
2019-09-12 06:39:52,299 [grpc-default-executor-9] WARN  server.GrpcLogAppender (LogUtils.java:warn(134)) - e48d04e8-2c1f-410d-8bfb-5a732d356112@group-B034F0427A69->9d685984-4448-42b4-b390-543822753f3a-AppendLogResponseHandler: Failed appendEntries: org.apache.ratis.thirdparty.io.grpc.StatusRuntimeException: UNAVAILABLE: io exception
2019-09-12 06:39:52,303 [grpc-default-executor-9] INFO  impl.FollowerInfo (FollowerInfo.java:lambda$new$0(51)) - e48d04e8-2c1f-410d-8bfb-5a732d356112@group-B034F0427A69->9d685984-4448-42b4-b390-543822753f3a: nextIndex: updateUnconditionally 0 -> 0
2019-09-12 06:39:52,473 [java.util.concurrent.ThreadPoolExecutor$Worker@24fb95e3[State = -1, empty queue]] WARN  server.GrpcLogAppender (GrpcLogAppender.java:timeoutAppendRequest(200)) - 24c53ee4-03df-424b-8e99-1fd221f7be60@group-3C3ABBECBF4F->3ae969e4-2e35-40bf-9e0e-95acae9da5a5-GrpcLogAppender: appendEntries Timeout, request=24c53ee4-03df-424b-8e99-1fd221f7be60->3ae969e4-2e35-40bf-9e0e-95acae9da5a5#79-t2, previous=(t:2, i:20), leaderCommit=16, initializing? false, entries: <empty>
2019-09-12 06:39:52,473 [java.util.concurrent.ThreadPoolExecutor$Worker@7bd075af[State = -1, empty queue]] WARN  server.GrpcLogAppender (GrpcLogAppender.java:timeoutAppendRequest(200)) - 24c53ee4-03df-424b-8e99-1fd221f7be60@group-3C3ABBECBF4F->d503967e-137a-4fd9-bc45-44203e981a69-GrpcLogAppender: appendEntries Timeout, request=24c53ee4-03df-424b-8e99-1fd221f7be60->d503967e-137a-4fd9-bc45-44203e981a69#79-t2, previous=(t:2, i:20), leaderCommit=16, initializing? false, entries: <empty>
2019-09-12 06:39:52,772 [java.util.concurrent.ThreadPoolExecutor$Worker@3e497bcb[State = -1, empty queue]] WARN  server.GrpcLogAppender (GrpcLogAppender.java:timeoutAppendRequest(200)) - 5ecf13a7-acad-498a-ad7b-6f285dbc97e2@group-C5E42DFE1AE1->e1cdc330-b298-4f7e-9f8c-e697349a5e69-GrpcLogAppender: appendEntries Timeout, request=5ecf13a7-acad-498a-ad7b-6f285dbc97e2->e1cdc330-b298-4f7e-9f8c-e697349a5e69#79-t2, previous=(t:2, i:20), leaderCommit=16, initializing? false, entries: <empty>
2019-09-12 06:39:52,772 [java.util.concurrent.ThreadPoolExecutor$Worker@6586fa4d[State = -1, empty queue]] WARN  server.GrpcLogAppender (GrpcLogAppender.java:timeoutAppendRequest(200)) - 5ecf13a7-acad-498a-ad7b-6f285dbc97e2@group-C5E42DFE1AE1->996a256c-fd43-494a-96f3-903b907c5248-GrpcLogAppender: appendEntries Timeout, request=5ecf13a7-acad-498a-ad7b-6f285dbc97e2->996a256c-fd43-494a-96f3-903b907c5248#79-t2, previous=(t:2, i:20), leaderCommit=16, initializing? false, entries: <empty>
2019-09-12 06:39:52,801 [grpc-default-executor-12] WARN  server.GrpcLogAppender (LogUtils.java:warn(134)) - e48d04e8-2c1f-410d-8bfb-5a732d356112@group-B034F0427A69->9d685984-4448-42b4-b390-543822753f3a-AppendLogResponseHandler: Failed appendEntries: org.apache.ratis.thirdparty.io.grpc.StatusRuntimeException: UNAVAILABLE: io exception
2019-09-12 06:39:52,810 [grpc-default-executor-12] INFO  impl.FollowerInfo (FollowerInfo.java:lambda$new$0(51)) - e48d04e8-2c1f-410d-8bfb-5a732d356112@group-B034F0427A69->9d685984-4448-42b4-b390-543822753f3a: nextIndex: updateUnconditionally 0 -> 0
2019-09-12 06:39:52,973 [java.util.concurrent.ThreadPoolExecutor$Worker@7bd075af[State = -1, empty queue]] WARN  server.GrpcLogAppender (GrpcLogAppender.java:timeoutAppendRequest(200)) - 24c53ee4-03df-424b-8e99-1fd221f7be60@group-3C3ABBECBF4F->d503967e-137a-4fd9-bc45-44203e981a69-GrpcLogAppender: appendEntries Timeout, request=24c53ee4-03df-424b-8e99-1fd221f7be60->d503967e-137a-4fd9-bc45-44203e981a69#80-t2, previous=(t:2, i:20), leaderCommit=16, initializing? false, entries: <empty>
2019-09-12 06:39:52,973 [java.util.concurrent.ThreadPoolExecutor$Worker@24fb95e3[State = -1, empty queue]] WARN  server.GrpcLogAppender (GrpcLogAppender.java:timeoutAppendRequest(200)) - 24c53ee4-03df-424b-8e99-1fd221f7be60@group-3C3ABBECBF4F->3ae969e4-2e35-40bf-9e0e-95acae9da5a5-GrpcLogAppender: appendEntries Timeout, request=24c53ee4-03df-424b-8e99-1fd221f7be60->3ae969e4-2e35-40bf-9e0e-95acae9da5a5#80-t2, previous=(t:2, i:20), leaderCommit=16, initializing? false, entries: <empty>
2019-09-12 06:39:53,273 [java.util.concurrent.ThreadPoolExecutor$Worker@6586fa4d[State = -1, empty queue]] WARN  server.GrpcLogAppender (GrpcLogAppender.java:timeoutAppendRequest(200)) - 5ecf13a7-acad-498a-ad7b-6f285dbc97e2@group-C5E42DFE1AE1->996a256c-fd43-494a-96f3-903b907c5248-GrpcLogAppender: appendEntries Timeout, request=5ecf13a7-acad-498a-ad7b-6f285dbc97e2->996a256c-fd43-494a-96f3-903b907c5248#80-t2, previous=(t:2, i:20), leaderCommit=16, initializing? false, entries: <empty>
2019-09-12 06:39:53,273 [java.util.concurrent.ThreadPoolExecutor$Worker@3e497bcb[State = -1, empty queue]] WARN  server.GrpcLogAppender (GrpcLogAppender.java:timeoutAppendRequest(200)) - 5ecf13a7-acad-498a-ad7b-6f285dbc97e2@group-C5E42DFE1AE1->e1cdc330-b298-4f7e-9f8c-e697349a5e69-GrpcLogAppender: appendEntries Timeout, request=5ecf13a7-acad-498a-ad7b-6f285dbc97e2->e1cdc330-b298-4f7e-9f8c-e697349a5e69#80-t2, previous=(t:2, i:20), leaderCommit=16, initializing? false, entries: <empty>
2019-09-12 06:39:53,302 [grpc-default-executor-9] WARN  server.GrpcLogAppender (LogUtils.java:warn(134)) - e48d04e8-2c1f-410d-8bfb-5a732d356112@group-B034F0427A69->9d685984-4448-42b4-b390-543822753f3a-AppendLogResponseHandler: Failed appendEntries: org.apache.ratis.thirdparty.io.grpc.StatusRuntimeException: UNAVAILABLE: io exception
2019-09-12 06:39:53,307 [grpc-default-executor-9] INFO  impl.FollowerInfo (FollowerInfo.java:lambda$new$0(51)) - e48d04e8-2c1f-410d-8bfb-5a732d356112@group-B034F0427A69->9d685984-4448-42b4-b390-543822753f3a: nextIndex: updateUnconditionally 0 -> 0
2019-09-12 06:39:53,473 [java.util.concurrent.ThreadPoolExecutor$Worker@24fb95e3[State = -1, empty queue]] WARN  server.GrpcLogAppender (GrpcLogAppender.java:timeoutAppendRequest(200)) - 24c53ee4-03df-424b-8e99-1fd221f7be60@group-3C3ABBECBF4F->3ae969e4-2e35-40bf-9e0e-95acae9da5a5-GrpcLogAppender: appendEntries Timeout, request=24c53ee4-03df-424b-8e99-1fd221f7be60->3ae969e4-2e35-40bf-9e0e-95acae9da5a5#81-t2, previous=(t:2, i:20), leaderCommit=16, initializing? false, entries: <empty>
2019-09-12 06:39:53,474 [java.util.concurrent.ThreadPoolExecutor$Worker@7bd075af[State = -1, empty queue]] WARN  server.GrpcLogAppender (GrpcLogAppender.java:timeoutAppendRequest(200)) - 24c53ee4-03df-424b-8e99-1fd221f7be60@group-3C3ABBECBF4F->d503967e-137a-4fd9-bc45-44203e981a69-GrpcLogAppender: appendEntries Timeout, request=24c53ee4-03df-424b-8e99-1fd221f7be60->d503967e-137a-4fd9-bc45-44203e981a69#81-t2, previous=(t:2, i:20), leaderCommit=16, initializing? false, entries: <empty>
2019-09-12 06:39:53,773 [java.util.concurrent.ThreadPoolExecutor$Worker@3e497bcb[State = -1, empty queue]] WARN  server.GrpcLogAppender (GrpcLogAppender.java:timeoutAppendRequest(200)) - 5ecf13a7-acad-498a-ad7b-6f285dbc97e2@group-C5E42DFE1AE1->e1cdc330-b298-4f7e-9f8c-e697349a5e69-GrpcLogAppender: appendEntries Timeout, request=5ecf13a7-acad-498a-ad7b-6f285dbc97e2->e1cdc330-b298-4f7e-9f8c-e697349a5e69#81-t2, previous=(t:2, i:20), leaderCommit=16, initializing? false, entries: <empty>
2019-09-12 06:39:53,773 [java.util.concurrent.ThreadPoolExecutor$Worker@6586fa4d[State = -1, empty queue]] WARN  server.GrpcLogAppender (GrpcLogAppender.java:timeoutAppendRequest(200)) - 5ecf13a7-acad-498a-ad7b-6f285dbc97e2@group-C5E42DFE1AE1->996a256c-fd43-494a-96f3-903b907c5248-GrpcLogAppender: appendEntries Timeout, request=5ecf13a7-acad-498a-ad7b-6f285dbc97e2->996a256c-fd43-494a-96f3-903b907c5248#81-t2, previous=(t:2, i:20), leaderCommit=16, initializing? false, entries: <empty>
2019-09-12 06:39:53,805 [grpc-default-executor-6] WARN  server.GrpcLogAppender (LogUtils.java:warn(134)) - e48d04e8-2c1f-410d-8bfb-5a732d356112@group-B034F0427A69->9d685984-4448-42b4-b390-543822753f3a-AppendLogResponseHandler: Failed appendEntries: org.apache.ratis.thirdparty.io.grpc.StatusRuntimeException: UNAVAILABLE: io exception
2019-09-12 06:39:53,812 [grpc-default-executor-6] INFO  impl.FollowerInfo (FollowerInfo.java:lambda$new$0(51)) - e48d04e8-2c1f-410d-8bfb-5a732d356112@group-B034F0427A69->9d685984-4448-42b4-b390-543822753f3a: nextIndex: updateUnconditionally 0 -> 0
2019-09-12 06:39:53,974 [java.util.concurrent.ThreadPoolExecutor$Worker@7bd075af[State = -1, empty queue]] WARN  server.GrpcLogAppender (GrpcLogAppender.java:timeoutAppendRequest(200)) - 24c53ee4-03df-424b-8e99-1fd221f7be60@group-3C3ABBECBF4F->d503967e-137a-4fd9-bc45-44203e981a69-GrpcLogAppender: appendEntries Timeout, request=24c53ee4-03df-424b-8e99-1fd221f7be60->d503967e-137a-4fd9-bc45-44203e981a69#82-t2, previous=(t:2, i:20), leaderCommit=16, initializing? false, entries: <empty>
2019-09-12 06:39:53,974 [java.util.concurrent.ThreadPoolExecutor$Worker@24fb95e3[State = -1, empty queue]] WARN  server.GrpcLogAppender (GrpcLogAppender.java:timeoutAppendRequest(200)) - 24c53ee4-03df-424b-8e99-1fd221f7be60@group-3C3ABBECBF4F->3ae969e4-2e35-40bf-9e0e-95acae9da5a5-GrpcLogAppender: appendEntries Timeout, request=24c53ee4-03df-424b-8e99-1fd221f7be60->3ae969e4-2e35-40bf-9e0e-95acae9da5a5#82-t2, previous=(t:2, i:20), leaderCommit=16, initializing? false, entries: <empty>
2019-09-12 06:39:54,273 [java.util.concurrent.ThreadPoolExecutor$Worker@3e497bcb[State = -1, empty queue]] WARN  server.GrpcLogAppender (GrpcLogAppender.java:timeoutAppendRequest(200)) - 5ecf13a7-acad-498a-ad7b-6f285dbc97e2@group-C5E42DFE1AE1->e1cdc330-b298-4f7e-9f8c-e697349a5e69-GrpcLogAppender: appendEntries Timeout, request=5ecf13a7-acad-498a-ad7b-6f285dbc97e2->e1cdc330-b298-4f7e-9f8c-e697349a5e69#82-t2, previous=(t:2, i:20), leaderCommit=16, initializing? false, entries: <empty>
2019-09-12 06:39:54,273 [java.util.concurrent.ThreadPoolExecutor$Worker@6586fa4d[State = -1, empty queue]] WARN  server.GrpcLogAppender (GrpcLogAppender.java:timeoutAppendRequest(200)) - 5ecf13a7-acad-498a-ad7b-6f285dbc97e2@group-C5E42DFE1AE1->996a256c-fd43-494a-96f3-903b907c5248-GrpcLogAppender: appendEntries Timeout, request=5ecf13a7-acad-498a-ad7b-6f285dbc97e2->996a256c-fd43-494a-96f3-903b907c5248#82-t2, previous=(t:2, i:20), leaderCommit=16, initializing? false, entries: <empty>
2019-09-12 06:39:54,305 [grpc-default-executor-9] WARN  server.GrpcLogAppender (LogUtils.java:warn(134)) - e48d04e8-2c1f-410d-8bfb-5a732d356112@group-B034F0427A69->9d685984-4448-42b4-b390-543822753f3a-AppendLogResponseHandler: Failed appendEntries: org.apache.ratis.thirdparty.io.grpc.StatusRuntimeException: UNAVAILABLE: io exception
2019-09-12 06:39:54,309 [grpc-default-executor-9] INFO  impl.FollowerInfo (FollowerInfo.java:lambda$new$0(51)) - e48d04e8-2c1f-410d-8bfb-5a732d356112@group-B034F0427A69->9d685984-4448-42b4-b390-543822753f3a: nextIndex: updateUnconditionally 0 -> 0
2019-09-12 06:39:54,474 [java.util.concurrent.ThreadPoolExecutor$Worker@24fb95e3[State = -1, empty queue]] WARN  server.GrpcLogAppender (GrpcLogAppender.java:timeoutAppendRequest(200)) - 24c53ee4-03df-424b-8e99-1fd221f7be60@group-3C3ABBECBF4F->3ae969e4-2e35-40bf-9e0e-95acae9da5a5-GrpcLogAppender: appendEntries Timeout, request=24c53ee4-03df-424b-8e99-1fd221f7be60->3ae969e4-2e35-40bf-9e0e-95acae9da5a5#83-t2, previous=(t:2, i:20), leaderCommit=16, initializing? false, entries: <empty>
2019-09-12 06:39:54,474 [java.util.concurrent.ThreadPoolExecutor$Worker@7bd075af[State = -1, empty queue]] WARN  server.GrpcLogAppender (GrpcLogAppender.java:timeoutAppendRequest(200)) - 24c53ee4-03df-424b-8e99-1fd221f7be60@group-3C3ABBECBF4F->d503967e-137a-4fd9-bc45-44203e981a69-GrpcLogAppender: appendEntries Timeout, request=24c53ee4-03df-424b-8e99-1fd221f7be60->d503967e-137a-4fd9-bc45-44203e981a69#83-t2, previous=(t:2, i:20), leaderCommit=16, initializing? false, entries: <empty>
2019-09-12 06:39:54,767 [5ecf13a7-acad-498a-ad7b-6f285dbc97e2@group-C5E42DFE1AE1-SegmentedRaftLogWorker] WARN  segmented.SegmentedRaftLogWorker (SegmentedRaftLogWorker.java:getFromFuture(90)) - Timeout 0/~
org.apache.ratis.protocol.TimeoutIOException: Timeout 10s: WriteLog:17: (t:2, i:17), STATEMACHINELOGENTRY, client-C89BF4EDCA02, cid=52-writeStateMachineData
	at org.apache.ratis.util.IOUtils.getFromFuture(IOUtils.java:87)
	at org.apache.ratis.server.raftlog.segmented.SegmentedRaftLogWorker$StateMachineDataPolicy.getFromFuture(SegmentedRaftLogWorker.java:87)
	at org.apache.ratis.server.raftlog.segmented.SegmentedRaftLogWorker$WriteLog.execute(SegmentedRaftLogWorker.java:477)
	at org.apache.ratis.server.raftlog.segmented.SegmentedRaftLogWorker.run(SegmentedRaftLogWorker.java:289)
	at java.lang.Thread.run(Thread.java:748)
Caused by: java.util.concurrent.TimeoutException
	at java.util.concurrent.CompletableFuture.timedGet(CompletableFuture.java:1771)
	at java.util.concurrent.CompletableFuture.get(CompletableFuture.java:1915)
	at org.apache.ratis.util.IOUtils.getFromFuture(IOUtils.java:79)
	... 4 more
2019-09-12 06:39:54,767 [e1cdc330-b298-4f7e-9f8c-e697349a5e69@group-C5E42DFE1AE1-SegmentedRaftLogWorker] WARN  segmented.SegmentedRaftLogWorker (SegmentedRaftLogWorker.java:getFromFuture(90)) - Timeout 0/~
org.apache.ratis.protocol.TimeoutIOException: Timeout 10s: WriteLog:17: (t:2, i:17), STATEMACHINELOGENTRY, client-C89BF4EDCA02, cid=52-writeStateMachineData
	at org.apache.ratis.util.IOUtils.getFromFuture(IOUtils.java:87)
	at org.apache.ratis.server.raftlog.segmented.SegmentedRaftLogWorker$StateMachineDataPolicy.getFromFuture(SegmentedRaftLogWorker.java:87)
	at org.apache.ratis.server.raftlog.segmented.SegmentedRaftLogWorker$WriteLog.execute(SegmentedRaftLogWorker.java:477)
	at org.apache.ratis.server.raftlog.segmented.SegmentedRaftLogWorker.run(SegmentedRaftLogWorker.java:289)
	at java.lang.Thread.run(Thread.java:748)
Caused by: java.util.concurrent.TimeoutException
	at java.util.concurrent.CompletableFuture.timedGet(CompletableFuture.java:1771)
	at java.util.concurrent.CompletableFuture.get(CompletableFuture.java:1915)
	at org.apache.ratis.util.IOUtils.getFromFuture(IOUtils.java:79)
	... 4 more
2019-09-12 06:39:54,767 [996a256c-fd43-494a-96f3-903b907c5248@group-C5E42DFE1AE1-SegmentedRaftLogWorker] WARN  segmented.SegmentedRaftLogWorker (SegmentedRaftLogWorker.java:getFromFuture(90)) - Timeout 0/~
org.apache.ratis.protocol.TimeoutIOException: Timeout 10s: WriteLog:17: (t:2, i:17), STATEMACHINELOGENTRY, client-C89BF4EDCA02, cid=52-writeStateMachineData
	at org.apache.ratis.util.IOUtils.getFromFuture(IOUtils.java:87)
	at org.apache.ratis.server.raftlog.segmented.SegmentedRaftLogWorker$StateMachineDataPolicy.getFromFuture(SegmentedRaftLogWorker.java:87)
	at org.apache.ratis.server.raftlog.segmented.SegmentedRaftLogWorker$WriteLog.execute(SegmentedRaftLogWorker.java:477)
	at org.apache.ratis.server.raftlog.segmented.SegmentedRaftLogWorker.run(SegmentedRaftLogWorker.java:289)
	at java.lang.Thread.run(Thread.java:748)
Caused by: java.util.concurrent.TimeoutException
	at java.util.concurrent.CompletableFuture.timedGet(CompletableFuture.java:1771)
	at java.util.concurrent.CompletableFuture.get(CompletableFuture.java:1915)
	at org.apache.ratis.util.IOUtils.getFromFuture(IOUtils.java:79)
	... 4 more
2019-09-12 06:39:54,774 [java.util.concurrent.ThreadPoolExecutor$Worker@6586fa4d[State = -1, empty queue]] WARN  server.GrpcLogAppender (GrpcLogAppender.java:timeoutAppendRequest(200)) - 5ecf13a7-acad-498a-ad7b-6f285dbc97e2@group-C5E42DFE1AE1->996a256c-fd43-494a-96f3-903b907c5248-GrpcLogAppender: appendEntries Timeout, request=5ecf13a7-acad-498a-ad7b-6f285dbc97e2->996a256c-fd43-494a-96f3-903b907c5248#83-t2, previous=(t:2, i:20), leaderCommit=16, initializing? false, entries: <empty>
2019-09-12 06:39:54,774 [java.util.concurrent.ThreadPoolExecutor$Worker@3e497bcb[State = -1, empty queue]] WARN  server.GrpcLogAppender (GrpcLogAppender.java:timeoutAppendRequest(200)) - 5ecf13a7-acad-498a-ad7b-6f285dbc97e2@group-C5E42DFE1AE1->e1cdc330-b298-4f7e-9f8c-e697349a5e69-GrpcLogAppender: appendEntries Timeout, request=5ecf13a7-acad-498a-ad7b-6f285dbc97e2->e1cdc330-b298-4f7e-9f8c-e697349a5e69#83-t2, previous=(t:2, i:20), leaderCommit=16, initializing? false, entries: <empty>
2019-09-12 06:39:54,832 [grpc-default-executor-6] WARN  server.GrpcLogAppender (LogUtils.java:warn(134)) - e48d04e8-2c1f-410d-8bfb-5a732d356112@group-B034F0427A69->9d685984-4448-42b4-b390-543822753f3a-AppendLogResponseHandler: Failed appendEntries: org.apache.ratis.thirdparty.io.grpc.StatusRuntimeException: UNAVAILABLE: io exception
2019-09-12 06:39:54,836 [grpc-default-executor-6] INFO  impl.FollowerInfo (FollowerInfo.java:lambda$new$0(51)) - e48d04e8-2c1f-410d-8bfb-5a732d356112@group-B034F0427A69->9d685984-4448-42b4-b390-543822753f3a: nextIndex: updateUnconditionally 0 -> 0
2019-09-12 06:39:54,853 [grpc-default-executor-6] INFO  client.GrpcClientProtocolClient (GrpcClientProtocolClient.java:onNext(264)) - client-C89BF4EDCA02->e1cdc330-b298-4f7e-9f8c-e697349a5e69: receive RaftClientReply:client-C89BF4EDCA02->e1cdc330-b298-4f7e-9f8c-e697349a5e69@group-C5E42DFE1AE1, cid=52, FAILED org.apache.ratis.protocol.NotLeaderException: Server e1cdc330-b298-4f7e-9f8c-e697349a5e69@group-C5E42DFE1AE1 is not the leader 5ecf13a7-acad-498a-ad7b-6f285dbc97e2:192.168.34.52:41223, logIndex=0, commits[e1cdc330-b298-4f7e-9f8c-e697349a5e69:c16, 996a256c-fd43-494a-96f3-903b907c5248:c12, 5ecf13a7-acad-498a-ad7b-6f285dbc97e2:c16]
2019-09-12 06:39:54,974 [java.util.concurrent.ThreadPoolExecutor$Worker@24fb95e3[State = -1, empty queue]] WARN  server.GrpcLogAppender (GrpcLogAppender.java:timeoutAppendRequest(200)) - 24c53ee4-03df-424b-8e99-1fd221f7be60@group-3C3ABBECBF4F->3ae969e4-2e35-40bf-9e0e-95acae9da5a5-GrpcLogAppender: appendEntries Timeout, request=24c53ee4-03df-424b-8e99-1fd221f7be60->3ae969e4-2e35-40bf-9e0e-95acae9da5a5#84-t2, previous=(t:2, i:20), leaderCommit=16, initializing? false, entries: <empty>
2019-09-12 06:39:54,974 [java.util.concurrent.ThreadPoolExecutor$Worker@7bd075af[State = -1, empty queue]] WARN  server.GrpcLogAppender (GrpcLogAppender.java:timeoutAppendRequest(200)) - 24c53ee4-03df-424b-8e99-1fd221f7be60@group-3C3ABBECBF4F->d503967e-137a-4fd9-bc45-44203e981a69-GrpcLogAppender: appendEntries Timeout, request=24c53ee4-03df-424b-8e99-1fd221f7be60->d503967e-137a-4fd9-bc45-44203e981a69#84-t2, previous=(t:2, i:20), leaderCommit=16, initializing? false, entries: <empty>
2019-09-12 06:39:55,274 [java.util.concurrent.ThreadPoolExecutor$Worker@3e497bcb[State = -1, empty queue]] WARN  server.GrpcLogAppender (GrpcLogAppender.java:timeoutAppendRequest(200)) - 5ecf13a7-acad-498a-ad7b-6f285dbc97e2@group-C5E42DFE1AE1->e1cdc330-b298-4f7e-9f8c-e697349a5e69-GrpcLogAppender: appendEntries Timeout, request=5ecf13a7-acad-498a-ad7b-6f285dbc97e2->e1cdc330-b298-4f7e-9f8c-e697349a5e69#84-t2, previous=(t:2, i:20), leaderCommit=16, initializing? false, entries: <empty>
2019-09-12 06:39:55,274 [java.util.concurrent.ThreadPoolExecutor$Worker@6586fa4d[State = -1, empty queue]] WARN  server.GrpcLogAppender (GrpcLogAppender.java:timeoutAppendRequest(200)) - 5ecf13a7-acad-498a-ad7b-6f285dbc97e2@group-C5E42DFE1AE1->996a256c-fd43-494a-96f3-903b907c5248-GrpcLogAppender: appendEntries Timeout, request=5ecf13a7-acad-498a-ad7b-6f285dbc97e2->996a256c-fd43-494a-96f3-903b907c5248#84-t2, previous=(t:2, i:20), leaderCommit=16, initializing? false, entries: <empty>
2019-09-12 06:39:55,307 [grpc-default-executor-12] WARN  server.GrpcLogAppender (LogUtils.java:warn(134)) - e48d04e8-2c1f-410d-8bfb-5a732d356112@group-B034F0427A69->9d685984-4448-42b4-b390-543822753f3a-AppendLogResponseHandler: Failed appendEntries: org.apache.ratis.thirdparty.io.grpc.StatusRuntimeException: UNAVAILABLE: io exception
2019-09-12 06:39:55,311 [grpc-default-executor-12] INFO  impl.FollowerInfo (FollowerInfo.java:lambda$new$0(51)) - e48d04e8-2c1f-410d-8bfb-5a732d356112@group-B034F0427A69->9d685984-4448-42b4-b390-543822753f3a: nextIndex: updateUnconditionally 0 -> 0
2019-09-12 06:39:55,475 [java.util.concurrent.ThreadPoolExecutor$Worker@24fb95e3[State = -1, empty queue]] WARN  server.GrpcLogAppender (GrpcLogAppender.java:timeoutAppendRequest(200)) - 24c53ee4-03df-424b-8e99-1fd221f7be60@group-3C3ABBECBF4F->3ae969e4-2e35-40bf-9e0e-95acae9da5a5-GrpcLogAppender: appendEntries Timeout, request=24c53ee4-03df-424b-8e99-1fd221f7be60->3ae969e4-2e35-40bf-9e0e-95acae9da5a5#85-t2, previous=(t:2, i:20), leaderCommit=16, initializing? false, entries: <empty>
2019-09-12 06:39:55,475 [java.util.concurrent.ThreadPoolExecutor$Worker@7bd075af[State = -1, empty queue]] WARN  server.GrpcLogAppender (GrpcLogAppender.java:timeoutAppendRequest(200)) - 24c53ee4-03df-424b-8e99-1fd221f7be60@group-3C3ABBECBF4F->d503967e-137a-4fd9-bc45-44203e981a69-GrpcLogAppender: appendEntries Timeout, request=24c53ee4-03df-424b-8e99-1fd221f7be60->d503967e-137a-4fd9-bc45-44203e981a69#85-t2, previous=(t:2, i:20), leaderCommit=16, initializing? false, entries: <empty>
2019-09-12 06:39:55,775 [java.util.concurrent.ThreadPoolExecutor$Worker@3e497bcb[State = -1, empty queue]] WARN  server.GrpcLogAppender (GrpcLogAppender.java:timeoutAppendRequest(200)) - 5ecf13a7-acad-498a-ad7b-6f285dbc97e2@group-C5E42DFE1AE1->e1cdc330-b298-4f7e-9f8c-e697349a5e69-GrpcLogAppender: appendEntries Timeout, request=5ecf13a7-acad-498a-ad7b-6f285dbc97e2->e1cdc330-b298-4f7e-9f8c-e697349a5e69#85-t2, previous=(t:2, i:20), leaderCommit=16, initializing? false, entries: <empty>
2019-09-12 06:39:55,775 [java.util.concurrent.ThreadPoolExecutor$Worker@6586fa4d[State = -1, empty queue]] WARN  server.GrpcLogAppender (GrpcLogAppender.java:timeoutAppendRequest(200)) - 5ecf13a7-acad-498a-ad7b-6f285dbc97e2@group-C5E42DFE1AE1->996a256c-fd43-494a-96f3-903b907c5248-GrpcLogAppender: appendEntries Timeout, request=5ecf13a7-acad-498a-ad7b-6f285dbc97e2->996a256c-fd43-494a-96f3-903b907c5248#85-t2, previous=(t:2, i:20), leaderCommit=16, initializing? false, entries: <empty>
2019-09-12 06:39:55,808 [grpc-default-executor-6] WARN  server.GrpcLogAppender (LogUtils.java:warn(134)) - e48d04e8-2c1f-410d-8bfb-5a732d356112@group-B034F0427A69->9d685984-4448-42b4-b390-543822753f3a-AppendLogResponseHandler: Failed appendEntries: org.apache.ratis.thirdparty.io.grpc.StatusRuntimeException: UNAVAILABLE: io exception
2019-09-12 06:39:55,811 [grpc-default-executor-6] INFO  impl.FollowerInfo (FollowerInfo.java:lambda$new$0(51)) - e48d04e8-2c1f-410d-8bfb-5a732d356112@group-B034F0427A69->9d685984-4448-42b4-b390-543822753f3a: nextIndex: updateUnconditionally 0 -> 0
2019-09-12 06:39:55,975 [java.util.concurrent.ThreadPoolExecutor$Worker@7bd075af[State = -1, empty queue]] WARN  server.GrpcLogAppender (GrpcLogAppender.java:timeoutAppendRequest(200)) - 24c53ee4-03df-424b-8e99-1fd221f7be60@group-3C3ABBECBF4F->d503967e-137a-4fd9-bc45-44203e981a69-GrpcLogAppender: appendEntries Timeout, request=24c53ee4-03df-424b-8e99-1fd221f7be60->d503967e-137a-4fd9-bc45-44203e981a69#86-t2, previous=(t:2, i:20), leaderCommit=16, initializing? false, entries: <empty>
2019-09-12 06:39:55,975 [java.util.concurrent.ThreadPoolExecutor$Worker@24fb95e3[State = -1, empty queue]] WARN  server.GrpcLogAppender (GrpcLogAppender.java:timeoutAppendRequest(200)) - 24c53ee4-03df-424b-8e99-1fd221f7be60@group-3C3ABBECBF4F->3ae969e4-2e35-40bf-9e0e-95acae9da5a5-GrpcLogAppender: appendEntries Timeout, request=24c53ee4-03df-424b-8e99-1fd221f7be60->3ae969e4-2e35-40bf-9e0e-95acae9da5a5#86-t2, previous=(t:2, i:20), leaderCommit=16, initializing? false, entries: <empty>
2019-09-12 06:39:56,275 [java.util.concurrent.ThreadPoolExecutor$Worker@3e497bcb[State = -1, empty queue]] WARN  server.GrpcLogAppender (GrpcLogAppender.java:timeoutAppendRequest(200)) - 5ecf13a7-acad-498a-ad7b-6f285dbc97e2@group-C5E42DFE1AE1->e1cdc330-b298-4f7e-9f8c-e697349a5e69-GrpcLogAppender: appendEntries Timeout, request=5ecf13a7-acad-498a-ad7b-6f285dbc97e2->e1cdc330-b298-4f7e-9f8c-e697349a5e69#86-t2, previous=(t:2, i:20), leaderCommit=16, initializing? false, entries: <empty>
2019-09-12 06:39:56,275 [java.util.concurrent.ThreadPoolExecutor$Worker@6586fa4d[State = -1, empty queue]] WARN  server.GrpcLogAppender (GrpcLogAppender.java:timeoutAppendRequest(200)) - 5ecf13a7-acad-498a-ad7b-6f285dbc97e2@group-C5E42DFE1AE1->996a256c-fd43-494a-96f3-903b907c5248-GrpcLogAppender: appendEntries Timeout, request=5ecf13a7-acad-498a-ad7b-6f285dbc97e2->996a256c-fd43-494a-96f3-903b907c5248#86-t2, previous=(t:2, i:20), leaderCommit=16, initializing? false, entries: <empty>
2019-09-12 06:39:56,308 [grpc-default-executor-9] WARN  server.GrpcLogAppender (LogUtils.java:warn(134)) - e48d04e8-2c1f-410d-8bfb-5a732d356112@group-B034F0427A69->9d685984-4448-42b4-b390-543822753f3a-AppendLogResponseHandler: Failed appendEntries: org.apache.ratis.thirdparty.io.grpc.StatusRuntimeException: UNAVAILABLE: io exception
2019-09-12 06:39:56,312 [grpc-default-executor-9] INFO  impl.FollowerInfo (FollowerInfo.java:lambda$new$0(51)) - e48d04e8-2c1f-410d-8bfb-5a732d356112@group-B034F0427A69->9d685984-4448-42b4-b390-543822753f3a: nextIndex: updateUnconditionally 0 -> 0
2019-09-12 06:39:56,476 [java.util.concurrent.ThreadPoolExecutor$Worker@24fb95e3[State = -1, empty queue]] WARN  server.GrpcLogAppender (GrpcLogAppender.java:timeoutAppendRequest(200)) - 24c53ee4-03df-424b-8e99-1fd221f7be60@group-3C3ABBECBF4F->3ae969e4-2e35-40bf-9e0e-95acae9da5a5-GrpcLogAppender: appendEntries Timeout, request=24c53ee4-03df-424b-8e99-1fd221f7be60->3ae969e4-2e35-40bf-9e0e-95acae9da5a5#87-t2, previous=(t:2, i:20), leaderCommit=16, initializing? false, entries: <empty>
2019-09-12 06:39:56,476 [java.util.concurrent.ThreadPoolExecutor$Worker@7bd075af[State = -1, empty queue]] WARN  server.GrpcLogAppender (GrpcLogAppender.java:timeoutAppendRequest(200)) - 24c53ee4-03df-424b-8e99-1fd221f7be60@group-3C3ABBECBF4F->d503967e-137a-4fd9-bc45-44203e981a69-GrpcLogAppender: appendEntries Timeout, request=24c53ee4-03df-424b-8e99-1fd221f7be60->d503967e-137a-4fd9-bc45-44203e981a69#87-t2, previous=(t:2, i:20), leaderCommit=16, initializing? false, entries: <empty>
2019-09-12 06:39:56,776 [java.util.concurrent.ThreadPoolExecutor$Worker@3e497bcb[State = -1, empty queue]] WARN  server.GrpcLogAppender (GrpcLogAppender.java:timeoutAppendRequest(200)) - 5ecf13a7-acad-498a-ad7b-6f285dbc97e2@group-C5E42DFE1AE1->e1cdc330-b298-4f7e-9f8c-e697349a5e69-GrpcLogAppender: appendEntries Timeout, request=5ecf13a7-acad-498a-ad7b-6f285dbc97e2->e1cdc330-b298-4f7e-9f8c-e697349a5e69#87-t2, previous=(t:2, i:20), leaderCommit=16, initializing? false, entries: <empty>
2019-09-12 06:39:56,776 [java.util.concurrent.ThreadPoolExecutor$Worker@6586fa4d[State = -1, empty queue]] WARN  server.GrpcLogAppender (GrpcLogAppender.java:timeoutAppendRequest(200)) - 5ecf13a7-acad-498a-ad7b-6f285dbc97e2@group-C5E42DFE1AE1->996a256c-fd43-494a-96f3-903b907c5248-GrpcLogAppender: appendEntries Timeout, request=5ecf13a7-acad-498a-ad7b-6f285dbc97e2->996a256c-fd43-494a-96f3-903b907c5248#87-t2, previous=(t:2, i:20), leaderCommit=16, initializing? false, entries: <empty>
2019-09-12 06:39:56,809 [grpc-default-executor-9] WARN  server.GrpcLogAppender (LogUtils.java:warn(134)) - e48d04e8-2c1f-410d-8bfb-5a732d356112@group-B034F0427A69->9d685984-4448-42b4-b390-543822753f3a-AppendLogResponseHandler: Failed appendEntries: org.apache.ratis.thirdparty.io.grpc.StatusRuntimeException: UNAVAILABLE: io exception
2019-09-12 06:39:56,813 [grpc-default-executor-9] INFO  impl.FollowerInfo (FollowerInfo.java:lambda$new$0(51)) - e48d04e8-2c1f-410d-8bfb-5a732d356112@group-B034F0427A69->9d685984-4448-42b4-b390-543822753f3a: nextIndex: updateUnconditionally 0 -> 0
2019-09-12 06:39:56,976 [java.util.concurrent.ThreadPoolExecutor$Worker@24fb95e3[State = -1, empty queue]] WARN  server.GrpcLogAppender (GrpcLogAppender.java:timeoutAppendRequest(200)) - 24c53ee4-03df-424b-8e99-1fd221f7be60@group-3C3ABBECBF4F->3ae969e4-2e35-40bf-9e0e-95acae9da5a5-GrpcLogAppender: appendEntries Timeout, request=24c53ee4-03df-424b-8e99-1fd221f7be60->3ae969e4-2e35-40bf-9e0e-95acae9da5a5#88-t2, previous=(t:2, i:20), leaderCommit=16, initializing? false, entries: <empty>
2019-09-12 06:39:56,976 [java.util.concurrent.ThreadPoolExecutor$Worker@7bd075af[State = -1, empty queue]] WARN  server.GrpcLogAppender (GrpcLogAppender.java:timeoutAppendRequest(200)) - 24c53ee4-03df-424b-8e99-1fd221f7be60@group-3C3ABBECBF4F->d503967e-137a-4fd9-bc45-44203e981a69-GrpcLogAppender: appendEntries Timeout, request=24c53ee4-03df-424b-8e99-1fd221f7be60->d503967e-137a-4fd9-bc45-44203e981a69#88-t2, previous=(t:2, i:20), leaderCommit=16, initializing? false, entries: <empty>
2019-09-12 06:39:57,276 [java.util.concurrent.ThreadPoolExecutor$Worker@3e497bcb[State = -1, empty queue]] WARN  server.GrpcLogAppender (GrpcLogAppender.java:timeoutAppendRequest(200)) - 5ecf13a7-acad-498a-ad7b-6f285dbc97e2@group-C5E42DFE1AE1->e1cdc330-b298-4f7e-9f8c-e697349a5e69-GrpcLogAppender: appendEntries Timeout, request=5ecf13a7-acad-498a-ad7b-6f285dbc97e2->e1cdc330-b298-4f7e-9f8c-e697349a5e69#88-t2, previous=(t:2, i:20), leaderCommit=16, initializing? false, entries: <empty>
2019-09-12 06:39:57,276 [java.util.concurrent.ThreadPoolExecutor$Worker@6586fa4d[State = -1, empty queue]] WARN  server.GrpcLogAppender (GrpcLogAppender.java:timeoutAppendRequest(200)) - 5ecf13a7-acad-498a-ad7b-6f285dbc97e2@group-C5E42DFE1AE1->996a256c-fd43-494a-96f3-903b907c5248-GrpcLogAppender: appendEntries Timeout, request=5ecf13a7-acad-498a-ad7b-6f285dbc97e2->996a256c-fd43-494a-96f3-903b907c5248#88-t2, previous=(t:2, i:20), leaderCommit=16, initializing? false, entries: <empty>
2019-09-12 06:39:57,310 [grpc-default-executor-6] WARN  server.GrpcLogAppender (LogUtils.java:warn(134)) - e48d04e8-2c1f-410d-8bfb-5a732d356112@group-B034F0427A69->9d685984-4448-42b4-b390-543822753f3a-AppendLogResponseHandler: Failed appendEntries: org.apache.ratis.thirdparty.io.grpc.StatusRuntimeException: UNAVAILABLE: io exception
2019-09-12 06:39:57,319 [grpc-default-executor-6] INFO  impl.FollowerInfo (FollowerInfo.java:lambda$new$0(51)) - e48d04e8-2c1f-410d-8bfb-5a732d356112@group-B034F0427A69->9d685984-4448-42b4-b390-543822753f3a: nextIndex: updateUnconditionally 0 -> 0
2019-09-12 06:39:57,476 [java.util.concurrent.ThreadPoolExecutor$Worker@24fb95e3[State = -1, empty queue]] WARN  server.GrpcLogAppender (GrpcLogAppender.java:timeoutAppendRequest(200)) - 24c53ee4-03df-424b-8e99-1fd221f7be60@group-3C3ABBECBF4F->3ae969e4-2e35-40bf-9e0e-95acae9da5a5-GrpcLogAppender: appendEntries Timeout, request=24c53ee4-03df-424b-8e99-1fd221f7be60->3ae969e4-2e35-40bf-9e0e-95acae9da5a5#89-t2, previous=(t:2, i:20), leaderCommit=16, initializing? false, entries: <empty>
2019-09-12 06:39:57,476 [java.util.concurrent.ThreadPoolExecutor$Worker@7bd075af[State = -1, empty queue]] WARN  server.GrpcLogAppender (GrpcLogAppender.java:timeoutAppendRequest(200)) - 24c53ee4-03df-424b-8e99-1fd221f7be60@group-3C3ABBECBF4F->d503967e-137a-4fd9-bc45-44203e981a69-GrpcLogAppender: appendEntries Timeout, request=24c53ee4-03df-424b-8e99-1fd221f7be60->d503967e-137a-4fd9-bc45-44203e981a69#89-t2, previous=(t:2, i:20), leaderCommit=16, initializing? false, entries: <empty>
2019-09-12 06:39:57,776 [java.util.concurrent.ThreadPoolExecutor$Worker@3e497bcb[State = -1, empty queue]] WARN  server.GrpcLogAppender (GrpcLogAppender.java:timeoutAppendRequest(200)) - 5ecf13a7-acad-498a-ad7b-6f285dbc97e2@group-C5E42DFE1AE1->e1cdc330-b298-4f7e-9f8c-e697349a5e69-GrpcLogAppender: appendEntries Timeout, request=5ecf13a7-acad-498a-ad7b-6f285dbc97e2->e1cdc330-b298-4f7e-9f8c-e697349a5e69#89-t2, previous=(t:2, i:20), leaderCommit=16, initializing? false, entries: <empty>
2019-09-12 06:39:57,776 [java.util.concurrent.ThreadPoolExecutor$Worker@6586fa4d[State = -1, empty queue]] WARN  server.GrpcLogAppender (GrpcLogAppender.java:timeoutAppendRequest(200)) - 5ecf13a7-acad-498a-ad7b-6f285dbc97e2@group-C5E42DFE1AE1->996a256c-fd43-494a-96f3-903b907c5248-GrpcLogAppender: appendEntries Timeout, request=5ecf13a7-acad-498a-ad7b-6f285dbc97e2->996a256c-fd43-494a-96f3-903b907c5248#89-t2, previous=(t:2, i:20), leaderCommit=16, initializing? false, entries: <empty>
2019-09-12 06:39:57,811 [grpc-default-executor-12] WARN  server.GrpcLogAppender (LogUtils.java:warn(134)) - e48d04e8-2c1f-410d-8bfb-5a732d356112@group-B034F0427A69->9d685984-4448-42b4-b390-543822753f3a-AppendLogResponseHandler: Failed appendEntries: org.apache.ratis.thirdparty.io.grpc.StatusRuntimeException: UNAVAILABLE: io exception
2019-09-12 06:39:57,812 [grpc-default-executor-12] INFO  impl.FollowerInfo (FollowerInfo.java:lambda$new$0(51)) - e48d04e8-2c1f-410d-8bfb-5a732d356112@group-B034F0427A69->9d685984-4448-42b4-b390-543822753f3a: nextIndex: updateUnconditionally 0 -> 0
2019-09-12 06:39:57,977 [java.util.concurrent.ThreadPoolExecutor$Worker@24fb95e3[State = -1, empty queue]] WARN  server.GrpcLogAppender (GrpcLogAppender.java:timeoutAppendRequest(200)) - 24c53ee4-03df-424b-8e99-1fd221f7be60@group-3C3ABBECBF4F->3ae969e4-2e35-40bf-9e0e-95acae9da5a5-GrpcLogAppender: appendEntries Timeout, request=24c53ee4-03df-424b-8e99-1fd221f7be60->3ae969e4-2e35-40bf-9e0e-95acae9da5a5#90-t2, previous=(t:2, i:20), leaderCommit=16, initializing? false, entries: <empty>
2019-09-12 06:39:57,977 [java.util.concurrent.ThreadPoolExecutor$Worker@7bd075af[State = -1, empty queue]] WARN  server.GrpcLogAppender (GrpcLogAppender.java:timeoutAppendRequest(200)) - 24c53ee4-03df-424b-8e99-1fd221f7be60@group-3C3ABBECBF4F->d503967e-137a-4fd9-bc45-44203e981a69-GrpcLogAppender: appendEntries Timeout, request=24c53ee4-03df-424b-8e99-1fd221f7be60->d503967e-137a-4fd9-bc45-44203e981a69#90-t2, previous=(t:2, i:20), leaderCommit=16, initializing? false, entries: <empty>
2019-09-12 06:39:58,277 [java.util.concurrent.ThreadPoolExecutor$Worker@6586fa4d[State = -1, empty queue]] WARN  server.GrpcLogAppender (GrpcLogAppender.java:timeoutAppendRequest(200)) - 5ecf13a7-acad-498a-ad7b-6f285dbc97e2@group-C5E42DFE1AE1->996a256c-fd43-494a-96f3-903b907c5248-GrpcLogAppender: appendEntries Timeout, request=5ecf13a7-acad-498a-ad7b-6f285dbc97e2->996a256c-fd43-494a-96f3-903b907c5248#90-t2, previous=(t:2, i:20), leaderCommit=16, initializing? false, entries: <empty>
2019-09-12 06:39:58,277 [java.util.concurrent.ThreadPoolExecutor$Worker@3e497bcb[State = -1, empty queue]] WARN  server.GrpcLogAppender (GrpcLogAppender.java:timeoutAppendRequest(200)) - 5ecf13a7-acad-498a-ad7b-6f285dbc97e2@group-C5E42DFE1AE1->e1cdc330-b298-4f7e-9f8c-e697349a5e69-GrpcLogAppender: appendEntries Timeout, request=5ecf13a7-acad-498a-ad7b-6f285dbc97e2->e1cdc330-b298-4f7e-9f8c-e697349a5e69#90-t2, previous=(t:2, i:20), leaderCommit=16, initializing? false, entries: <empty>
2019-09-12 06:39:58,312 [grpc-default-executor-6] WARN  server.GrpcLogAppender (LogUtils.java:warn(134)) - e48d04e8-2c1f-410d-8bfb-5a732d356112@group-B034F0427A69->9d685984-4448-42b4-b390-543822753f3a-AppendLogResponseHandler: Failed appendEntries: org.apache.ratis.thirdparty.io.grpc.StatusRuntimeException: UNAVAILABLE: io exception
2019-09-12 06:39:58,313 [grpc-default-executor-6] INFO  impl.FollowerInfo (FollowerInfo.java:lambda$new$0(51)) - e48d04e8-2c1f-410d-8bfb-5a732d356112@group-B034F0427A69->9d685984-4448-42b4-b390-543822753f3a: nextIndex: updateUnconditionally 0 -> 0
2019-09-12 06:39:58,477 [java.util.concurrent.ThreadPoolExecutor$Worker@24fb95e3[State = -1, empty queue]] WARN  server.GrpcLogAppender (GrpcLogAppender.java:timeoutAppendRequest(200)) - 24c53ee4-03df-424b-8e99-1fd221f7be60@group-3C3ABBECBF4F->3ae969e4-2e35-40bf-9e0e-95acae9da5a5-GrpcLogAppender: appendEntries Timeout, request=24c53ee4-03df-424b-8e99-1fd221f7be60->3ae969e4-2e35-40bf-9e0e-95acae9da5a5#91-t2, previous=(t:2, i:20), leaderCommit=16, initializing? false, entries: <empty>
2019-09-12 06:39:58,477 [java.util.concurrent.ThreadPoolExecutor$Worker@7bd075af[State = -1, empty queue]] WARN  server.GrpcLogAppender (GrpcLogAppender.java:timeoutAppendRequest(200)) - 24c53ee4-03df-424b-8e99-1fd221f7be60@group-3C3ABBECBF4F->d503967e-137a-4fd9-bc45-44203e981a69-GrpcLogAppender: appendEntries Timeout, request=24c53ee4-03df-424b-8e99-1fd221f7be60->d503967e-137a-4fd9-bc45-44203e981a69#91-t2, previous=(t:2, i:20), leaderCommit=16, initializing? false, entries: <empty>
2019-09-12 06:39:58,777 [java.util.concurrent.ThreadPoolExecutor$Worker@3e497bcb[State = -1, empty queue]] WARN  server.GrpcLogAppender (GrpcLogAppender.java:timeoutAppendRequest(200)) - 5ecf13a7-acad-498a-ad7b-6f285dbc97e2@group-C5E42DFE1AE1->e1cdc330-b298-4f7e-9f8c-e697349a5e69-GrpcLogAppender: appendEntries Timeout, request=5ecf13a7-acad-498a-ad7b-6f285dbc97e2->e1cdc330-b298-4f7e-9f8c-e697349a5e69#91-t2, previous=(t:2, i:20), leaderCommit=16, initializing? false, entries: <empty>
2019-09-12 06:39:58,777 [java.util.concurrent.ThreadPoolExecutor$Worker@6586fa4d[State = -1, empty queue]] WARN  server.GrpcLogAppender (GrpcLogAppender.java:timeoutAppendRequest(200)) - 5ecf13a7-acad-498a-ad7b-6f285dbc97e2@group-C5E42DFE1AE1->996a256c-fd43-494a-96f3-903b907c5248-GrpcLogAppender: appendEntries Timeout, request=5ecf13a7-acad-498a-ad7b-6f285dbc97e2->996a256c-fd43-494a-96f3-903b907c5248#91-t2, previous=(t:2, i:20), leaderCommit=16, initializing? false, entries: <empty>
2019-09-12 06:39:58,814 [grpc-default-executor-9] WARN  server.GrpcLogAppender (LogUtils.java:warn(134)) - e48d04e8-2c1f-410d-8bfb-5a732d356112@group-B034F0427A69->9d685984-4448-42b4-b390-543822753f3a-AppendLogResponseHandler: Failed appendEntries: org.apache.ratis.thirdparty.io.grpc.StatusRuntimeException: UNAVAILABLE: io exception
2019-09-12 06:39:58,814 [grpc-default-executor-9] INFO  impl.FollowerInfo (FollowerInfo.java:lambda$new$0(51)) - e48d04e8-2c1f-410d-8bfb-5a732d356112@group-B034F0427A69->9d685984-4448-42b4-b390-543822753f3a: nextIndex: updateUnconditionally 0 -> 0
2019-09-12 06:39:58,977 [java.util.concurrent.ThreadPoolExecutor$Worker@24fb95e3[State = -1, empty queue]] WARN  server.GrpcLogAppender (GrpcLogAppender.java:timeoutAppendRequest(200)) - 24c53ee4-03df-424b-8e99-1fd221f7be60@group-3C3ABBECBF4F->3ae969e4-2e35-40bf-9e0e-95acae9da5a5-GrpcLogAppender: appendEntries Timeout, request=24c53ee4-03df-424b-8e99-1fd221f7be60->3ae969e4-2e35-40bf-9e0e-95acae9da5a5#92-t2, previous=(t:2, i:20), leaderCommit=16, initializing? false, entries: <empty>
2019-09-12 06:39:58,977 [java.util.concurrent.ThreadPoolExecutor$Worker@7bd075af[State = -1, empty queue]] WARN  server.GrpcLogAppender (GrpcLogAppender.java:timeoutAppendRequest(200)) - 24c53ee4-03df-424b-8e99-1fd221f7be60@group-3C3ABBECBF4F->d503967e-137a-4fd9-bc45-44203e981a69-GrpcLogAppender: appendEntries Timeout, request=24c53ee4-03df-424b-8e99-1fd221f7be60->d503967e-137a-4fd9-bc45-44203e981a69#92-t2, previous=(t:2, i:20), leaderCommit=16, initializing? false, entries: <empty>
2019-09-12 06:39:59,277 [java.util.concurrent.ThreadPoolExecutor$Worker@3e497bcb[State = -1, empty queue]] WARN  server.GrpcLogAppender (GrpcLogAppender.java:timeoutAppendRequest(200)) - 5ecf13a7-acad-498a-ad7b-6f285dbc97e2@group-C5E42DFE1AE1->e1cdc330-b298-4f7e-9f8c-e697349a5e69-GrpcLogAppender: appendEntries Timeout, request=5ecf13a7-acad-498a-ad7b-6f285dbc97e2->e1cdc330-b298-4f7e-9f8c-e697349a5e69#92-t2, previous=(t:2, i:20), leaderCommit=16, initializing? false, entries: <empty>
2019-09-12 06:39:59,277 [java.util.concurrent.ThreadPoolExecutor$Worker@6586fa4d[State = -1, empty queue]] WARN  server.GrpcLogAppender (GrpcLogAppender.java:timeoutAppendRequest(200)) - 5ecf13a7-acad-498a-ad7b-6f285dbc97e2@group-C5E42DFE1AE1->996a256c-fd43-494a-96f3-903b907c5248-GrpcLogAppender: appendEntries Timeout, request=5ecf13a7-acad-498a-ad7b-6f285dbc97e2->996a256c-fd43-494a-96f3-903b907c5248#92-t2, previous=(t:2, i:20), leaderCommit=16, initializing? false, entries: <empty>
2019-09-12 06:39:59,314 [grpc-default-executor-6] WARN  server.GrpcLogAppender (LogUtils.java:warn(134)) - e48d04e8-2c1f-410d-8bfb-5a732d356112@group-B034F0427A69->9d685984-4448-42b4-b390-543822753f3a-AppendLogResponseHandler: Failed appendEntries: org.apache.ratis.thirdparty.io.grpc.StatusRuntimeException: UNAVAILABLE: io exception
2019-09-12 06:39:59,314 [grpc-default-executor-6] INFO  impl.FollowerInfo (FollowerInfo.java:lambda$new$0(51)) - e48d04e8-2c1f-410d-8bfb-5a732d356112@group-B034F0427A69->9d685984-4448-42b4-b390-543822753f3a: nextIndex: updateUnconditionally 0 -> 0
2019-09-12 06:39:59,477 [java.util.concurrent.ThreadPoolExecutor$Worker@7bd075af[State = -1, empty queue]] WARN  server.GrpcLogAppender (GrpcLogAppender.java:timeoutAppendRequest(200)) - 24c53ee4-03df-424b-8e99-1fd221f7be60@group-3C3ABBECBF4F->d503967e-137a-4fd9-bc45-44203e981a69-GrpcLogAppender: appendEntries Timeout, request=24c53ee4-03df-424b-8e99-1fd221f7be60->d503967e-137a-4fd9-bc45-44203e981a69#93-t2, previous=(t:2, i:20), leaderCommit=16, initializing? false, entries: <empty>
2019-09-12 06:39:59,477 [java.util.concurrent.ThreadPoolExecutor$Worker@24fb95e3[State = -1, empty queue]] WARN  server.GrpcLogAppender (GrpcLogAppender.java:timeoutAppendRequest(200)) - 24c53ee4-03df-424b-8e99-1fd221f7be60@group-3C3ABBECBF4F->3ae969e4-2e35-40bf-9e0e-95acae9da5a5-GrpcLogAppender: appendEntries Timeout, request=24c53ee4-03df-424b-8e99-1fd221f7be60->3ae969e4-2e35-40bf-9e0e-95acae9da5a5#93-t2, previous=(t:2, i:20), leaderCommit=16, initializing? false, entries: <empty>
2019-09-12 06:39:59,778 [java.util.concurrent.ThreadPoolExecutor$Worker@3e497bcb[State = -1, empty queue]] WARN  server.GrpcLogAppender (GrpcLogAppender.java:timeoutAppendRequest(200)) - 5ecf13a7-acad-498a-ad7b-6f285dbc97e2@group-C5E42DFE1AE1->e1cdc330-b298-4f7e-9f8c-e697349a5e69-GrpcLogAppender: appendEntries Timeout, request=5ecf13a7-acad-498a-ad7b-6f285dbc97e2->e1cdc330-b298-4f7e-9f8c-e697349a5e69#93-t2, previous=(t:2, i:20), leaderCommit=16, initializing? false, entries: <empty>
2019-09-12 06:39:59,778 [java.util.concurrent.ThreadPoolExecutor$Worker@6586fa4d[State = -1, empty queue]] WARN  server.GrpcLogAppender (GrpcLogAppender.java:timeoutAppendRequest(200)) - 5ecf13a7-acad-498a-ad7b-6f285dbc97e2@group-C5E42DFE1AE1->996a256c-fd43-494a-96f3-903b907c5248-GrpcLogAppender: appendEntries Timeout, request=5ecf13a7-acad-498a-ad7b-6f285dbc97e2->996a256c-fd43-494a-96f3-903b907c5248#93-t2, previous=(t:2, i:20), leaderCommit=16, initializing? false, entries: <empty>
2019-09-12 06:39:59,815 [grpc-default-executor-9] WARN  server.GrpcLogAppender (LogUtils.java:warn(134)) - e48d04e8-2c1f-410d-8bfb-5a732d356112@group-B034F0427A69->9d685984-4448-42b4-b390-543822753f3a-AppendLogResponseHandler: Failed appendEntries: org.apache.ratis.thirdparty.io.grpc.StatusRuntimeException: UNAVAILABLE: io exception
2019-09-12 06:39:59,816 [grpc-default-executor-9] INFO  impl.FollowerInfo (FollowerInfo.java:lambda$new$0(51)) - e48d04e8-2c1f-410d-8bfb-5a732d356112@group-B034F0427A69->9d685984-4448-42b4-b390-543822753f3a: nextIndex: updateUnconditionally 0 -> 0
2019-09-12 06:39:59,910 [grpc-default-executor-6] INFO  client.GrpcClientProtocolClient (GrpcClientProtocolClient.java:onNext(264)) - client-C89BF4EDCA02->996a256c-fd43-494a-96f3-903b907c5248: receive RaftClientReply:client-C89BF4EDCA02->996a256c-fd43-494a-96f3-903b907c5248@group-C5E42DFE1AE1, cid=52, FAILED org.apache.ratis.protocol.NotLeaderException: Server 996a256c-fd43-494a-96f3-903b907c5248@group-C5E42DFE1AE1 is not the leader 5ecf13a7-acad-498a-ad7b-6f285dbc97e2:192.168.34.52:41223, logIndex=0, commits[996a256c-fd43-494a-96f3-903b907c5248:c16, 5ecf13a7-acad-498a-ad7b-6f285dbc97e2:c16, e1cdc330-b298-4f7e-9f8c-e697349a5e69:c12]
2019-09-12 06:39:59,978 [java.util.concurrent.ThreadPoolExecutor$Worker@24fb95e3[State = -1, empty queue]] WARN  server.GrpcLogAppender (GrpcLogAppender.java:timeoutAppendRequest(200)) - 24c53ee4-03df-424b-8e99-1fd221f7be60@group-3C3ABBECBF4F->3ae969e4-2e35-40bf-9e0e-95acae9da5a5-GrpcLogAppender: appendEntries Timeout, request=24c53ee4-03df-424b-8e99-1fd221f7be60->3ae969e4-2e35-40bf-9e0e-95acae9da5a5#94-t2, previous=(t:2, i:20), leaderCommit=16, initializing? false, entries: <empty>
2019-09-12 06:39:59,978 [java.util.concurrent.ThreadPoolExecutor$Worker@7bd075af[State = -1, empty queue]] WARN  server.GrpcLogAppender (GrpcLogAppender.java:timeoutAppendRequest(200)) - 24c53ee4-03df-424b-8e99-1fd221f7be60@group-3C3ABBECBF4F->d503967e-137a-4fd9-bc45-44203e981a69-GrpcLogAppender: appendEntries Timeout, request=24c53ee4-03df-424b-8e99-1fd221f7be60->d503967e-137a-4fd9-bc45-44203e981a69#94-t2, previous=(t:2, i:20), leaderCommit=16, initializing? false, entries: <empty>
2019-09-12 06:40:00,278 [java.util.concurrent.ThreadPoolExecutor$Worker@3e497bcb[State = -1, empty queue]] WARN  server.GrpcLogAppender (GrpcLogAppender.java:timeoutAppendRequest(200)) - 5ecf13a7-acad-498a-ad7b-6f285dbc97e2@group-C5E42DFE1AE1->e1cdc330-b298-4f7e-9f8c-e697349a5e69-GrpcLogAppender: appendEntries Timeout, request=5ecf13a7-acad-498a-ad7b-6f285dbc97e2->e1cdc330-b298-4f7e-9f8c-e697349a5e69#94-t2, previous=(t:2, i:20), leaderCommit=16, initializing? false, entries: <empty>
2019-09-12 06:40:00,278 [java.util.concurrent.ThreadPoolExecutor$Worker@6586fa4d[State = -1, empty queue]] WARN  server.GrpcLogAppender (GrpcLogAppender.java:timeoutAppendRequest(200)) - 5ecf13a7-acad-498a-ad7b-6f285dbc97e2@group-C5E42DFE1AE1->996a256c-fd43-494a-96f3-903b907c5248-GrpcLogAppender: appendEntries Timeout, request=5ecf13a7-acad-498a-ad7b-6f285dbc97e2->996a256c-fd43-494a-96f3-903b907c5248#94-t2, previous=(t:2, i:20), leaderCommit=16, initializing? false, entries: <empty>
2019-09-12 06:40:00,316 [grpc-default-executor-12] WARN  server.GrpcLogAppender (LogUtils.java:warn(134)) - e48d04e8-2c1f-410d-8bfb-5a732d356112@group-B034F0427A69->9d685984-4448-42b4-b390-543822753f3a-AppendLogResponseHandler: Failed appendEntries: org.apache.ratis.thirdparty.io.grpc.StatusRuntimeException: UNAVAILABLE: io exception
2019-09-12 06:40:00,316 [grpc-default-executor-12] INFO  impl.FollowerInfo (FollowerInfo.java:lambda$new$0(51)) - e48d04e8-2c1f-410d-8bfb-5a732d356112@group-B034F0427A69->9d685984-4448-42b4-b390-543822753f3a: nextIndex: updateUnconditionally 0 -> 0
2019-09-12 06:40:00,478 [java.util.concurrent.ThreadPoolExecutor$Worker@24fb95e3[State = -1, empty queue]] WARN  server.GrpcLogAppender (GrpcLogAppender.java:timeoutAppendRequest(200)) - 24c53ee4-03df-424b-8e99-1fd221f7be60@group-3C3ABBECBF4F->3ae969e4-2e35-40bf-9e0e-95acae9da5a5-GrpcLogAppender: appendEntries Timeout, request=24c53ee4-03df-424b-8e99-1fd221f7be60->3ae969e4-2e35-40bf-9e0e-95acae9da5a5#95-t2, previous=(t:2, i:20), leaderCommit=16, initializing? false, entries: <empty>
2019-09-12 06:40:00,478 [java.util.concurrent.ThreadPoolExecutor$Worker@7bd075af[State = -1, empty queue]] WARN  server.GrpcLogAppender (GrpcLogAppender.java:timeoutAppendRequest(200)) - 24c53ee4-03df-424b-8e99-1fd221f7be60@group-3C3ABBECBF4F->d503967e-137a-4fd9-bc45-44203e981a69-GrpcLogAppender: appendEntries Timeout, request=24c53ee4-03df-424b-8e99-1fd221f7be60->d503967e-137a-4fd9-bc45-44203e981a69#95-t2, previous=(t:2, i:20), leaderCommit=16, initializing? false, entries: <empty>
2019-09-12 06:40:00,721 [24c53ee4-03df-424b-8e99-1fd221f7be60@group-3C3ABBECBF4F-SegmentedRaftLogWorker] WARN  segmented.SegmentedRaftLogWorker (SegmentedRaftLogWorker.java:getFromFuture(90)) - Timeout 3/~
org.apache.ratis.protocol.TimeoutIOException: Timeout 10s: WriteLog:17: (t:2, i:17), STATEMACHINELOGENTRY, client-8B9783ACE8AA, cid=39-writeStateMachineData
	at org.apache.ratis.util.IOUtils.getFromFuture(IOUtils.java:87)
	at org.apache.ratis.server.raftlog.segmented.SegmentedRaftLogWorker$StateMachineDataPolicy.getFromFuture(SegmentedRaftLogWorker.java:87)
	at org.apache.ratis.server.raftlog.segmented.SegmentedRaftLogWorker$WriteLog.execute(SegmentedRaftLogWorker.java:477)
	at org.apache.ratis.server.raftlog.segmented.SegmentedRaftLogWorker.run(SegmentedRaftLogWorker.java:289)
	at java.lang.Thread.run(Thread.java:748)
Caused by: java.util.concurrent.TimeoutException
	at java.util.concurrent.CompletableFuture.timedGet(CompletableFuture.java:1771)
	at java.util.concurrent.CompletableFuture.get(CompletableFuture.java:1915)
	at org.apache.ratis.util.IOUtils.getFromFuture(IOUtils.java:79)
	... 4 more
2019-09-12 06:40:00,725 [3ae969e4-2e35-40bf-9e0e-95acae9da5a5@group-3C3ABBECBF4F-SegmentedRaftLogWorker] WARN  segmented.SegmentedRaftLogWorker (SegmentedRaftLogWorker.java:getFromFuture(90)) - Timeout 3/~
org.apache.ratis.protocol.TimeoutIOException: Timeout 10s: WriteLog:17: (t:2, i:17), STATEMACHINELOGENTRY, client-8B9783ACE8AA, cid=39-writeStateMachineData
	at org.apache.ratis.util.IOUtils.getFromFuture(IOUtils.java:87)
	at org.apache.ratis.server.raftlog.segmented.SegmentedRaftLogWorker$StateMachineDataPolicy.getFromFuture(SegmentedRaftLogWorker.java:87)
	at org.apache.ratis.server.raftlog.segmented.SegmentedRaftLogWorker$WriteLog.execute(SegmentedRaftLogWorker.java:477)
	at org.apache.ratis.server.raftlog.segmented.SegmentedRaftLogWorker.run(SegmentedRaftLogWorker.java:289)
	at java.lang.Thread.run(Thread.java:748)
Caused by: java.util.concurrent.TimeoutException
	at java.util.concurrent.CompletableFuture.timedGet(CompletableFuture.java:1771)
	at java.util.concurrent.CompletableFuture.get(CompletableFuture.java:1915)
	at org.apache.ratis.util.IOUtils.getFromFuture(IOUtils.java:79)
	... 4 more
2019-09-12 06:40:00,727 [d503967e-137a-4fd9-bc45-44203e981a69@group-3C3ABBECBF4F-SegmentedRaftLogWorker] WARN  segmented.SegmentedRaftLogWorker (SegmentedRaftLogWorker.java:getFromFuture(90)) - Timeout 3/~
org.apache.ratis.protocol.TimeoutIOException: Timeout 10s: WriteLog:17: (t:2, i:17), STATEMACHINELOGENTRY, client-8B9783ACE8AA, cid=39-writeStateMachineData
	at org.apache.ratis.util.IOUtils.getFromFuture(IOUtils.java:87)
	at org.apache.ratis.server.raftlog.segmented.SegmentedRaftLogWorker$StateMachineDataPolicy.getFromFuture(SegmentedRaftLogWorker.java:87)
	at org.apache.ratis.server.raftlog.segmented.SegmentedRaftLogWorker$WriteLog.execute(SegmentedRaftLogWorker.java:477)
	at org.apache.ratis.server.raftlog.segmented.SegmentedRaftLogWorker.run(SegmentedRaftLogWorker.java:289)
	at java.lang.Thread.run(Thread.java:748)
Caused by: java.util.concurrent.TimeoutException
	at java.util.concurrent.CompletableFuture.timedGet(CompletableFuture.java:1771)
	at java.util.concurrent.CompletableFuture.get(CompletableFuture.java:1915)
	at org.apache.ratis.util.IOUtils.getFromFuture(IOUtils.java:79)
	... 4 more
2019-09-12 06:40:00,778 [java.util.concurrent.ThreadPoolExecutor$Worker@3e497bcb[State = -1, empty queue]] WARN  server.GrpcLogAppender (GrpcLogAppender.java:timeoutAppendRequest(200)) - 5ecf13a7-acad-498a-ad7b-6f285dbc97e2@group-C5E42DFE1AE1->e1cdc330-b298-4f7e-9f8c-e697349a5e69-GrpcLogAppender: appendEntries Timeout, request=5ecf13a7-acad-498a-ad7b-6f285dbc97e2->e1cdc330-b298-4f7e-9f8c-e697349a5e69#95-t2, previous=(t:2, i:20), leaderCommit=16, initializing? false, entries: <empty>
2019-09-12 06:40:00,778 [java.util.concurrent.ThreadPoolExecutor$Worker@6586fa4d[State = -1, empty queue]] WARN  server.GrpcLogAppender (GrpcLogAppender.java:timeoutAppendRequest(200)) - 5ecf13a7-acad-498a-ad7b-6f285dbc97e2@group-C5E42DFE1AE1->996a256c-fd43-494a-96f3-903b907c5248-GrpcLogAppender: appendEntries Timeout, request=5ecf13a7-acad-498a-ad7b-6f285dbc97e2->996a256c-fd43-494a-96f3-903b907c5248#95-t2, previous=(t:2, i:20), leaderCommit=16, initializing? false, entries: <empty>
2019-09-12 06:40:00,817 [grpc-default-executor-6] WARN  server.GrpcLogAppender (LogUtils.java:warn(134)) - e48d04e8-2c1f-410d-8bfb-5a732d356112@group-B034F0427A69->9d685984-4448-42b4-b390-543822753f3a-AppendLogResponseHandler: Failed appendEntries: org.apache.ratis.thirdparty.io.grpc.StatusRuntimeException: UNAVAILABLE: io exception
2019-09-12 06:40:00,817 [grpc-default-executor-6] INFO  impl.FollowerInfo (FollowerInfo.java:lambda$new$0(51)) - e48d04e8-2c1f-410d-8bfb-5a732d356112@group-B034F0427A69->9d685984-4448-42b4-b390-543822753f3a: nextIndex: updateUnconditionally 0 -> 0
2019-09-12 06:40:00,979 [java.util.concurrent.ThreadPoolExecutor$Worker@24fb95e3[State = -1, empty queue]] WARN  server.GrpcLogAppender (GrpcLogAppender.java:timeoutAppendRequest(200)) - 24c53ee4-03df-424b-8e99-1fd221f7be60@group-3C3ABBECBF4F->3ae969e4-2e35-40bf-9e0e-95acae9da5a5-GrpcLogAppender: appendEntries Timeout, request=24c53ee4-03df-424b-8e99-1fd221f7be60->3ae969e4-2e35-40bf-9e0e-95acae9da5a5#96-t2, previous=(t:2, i:20), leaderCommit=16, initializing? false, entries: <empty>
2019-09-12 06:40:00,979 [java.util.concurrent.ThreadPoolExecutor$Worker@7bd075af[State = -1, empty queue]] WARN  server.GrpcLogAppender (GrpcLogAppender.java:timeoutAppendRequest(200)) - 24c53ee4-03df-424b-8e99-1fd221f7be60@group-3C3ABBECBF4F->d503967e-137a-4fd9-bc45-44203e981a69-GrpcLogAppender: appendEntries Timeout, request=24c53ee4-03df-424b-8e99-1fd221f7be60->d503967e-137a-4fd9-bc45-44203e981a69#96-t2, previous=(t:2, i:20), leaderCommit=16, initializing? false, entries: <empty>
2019-09-12 06:40:01,279 [java.util.concurrent.ThreadPoolExecutor$Worker@3e497bcb[State = -1, empty queue]] WARN  server.GrpcLogAppender (GrpcLogAppender.java:timeoutAppendRequest(200)) - 5ecf13a7-acad-498a-ad7b-6f285dbc97e2@group-C5E42DFE1AE1->e1cdc330-b298-4f7e-9f8c-e697349a5e69-GrpcLogAppender: appendEntries Timeout, request=5ecf13a7-acad-498a-ad7b-6f285dbc97e2->e1cdc330-b298-4f7e-9f8c-e697349a5e69#96-t2, previous=(t:2, i:20), leaderCommit=16, initializing? false, entries: <empty>
2019-09-12 06:40:01,279 [java.util.concurrent.ThreadPoolExecutor$Worker@6586fa4d[State = -1, empty queue]] WARN  server.GrpcLogAppender (GrpcLogAppender.java:timeoutAppendRequest(200)) - 5ecf13a7-acad-498a-ad7b-6f285dbc97e2@group-C5E42DFE1AE1->996a256c-fd43-494a-96f3-903b907c5248-GrpcLogAppender: appendEntries Timeout, request=5ecf13a7-acad-498a-ad7b-6f285dbc97e2->996a256c-fd43-494a-96f3-903b907c5248#96-t2, previous=(t:2, i:20), leaderCommit=16, initializing? false, entries: <empty>
2019-09-12 06:40:01,319 [grpc-default-executor-12] WARN  server.GrpcLogAppender (LogUtils.java:warn(134)) - e48d04e8-2c1f-410d-8bfb-5a732d356112@group-B034F0427A69->9d685984-4448-42b4-b390-543822753f3a-AppendLogResponseHandler: Failed appendEntries: org.apache.ratis.thirdparty.io.grpc.StatusRuntimeException: UNAVAILABLE: io exception
2019-09-12 06:40:01,319 [grpc-default-executor-12] INFO  impl.FollowerInfo (FollowerInfo.java:lambda$new$0(51)) - e48d04e8-2c1f-410d-8bfb-5a732d356112@group-B034F0427A69->9d685984-4448-42b4-b390-543822753f3a: nextIndex: updateUnconditionally 0 -> 0
2019-09-12 06:40:01,479 [java.util.concurrent.ThreadPoolExecutor$Worker@24fb95e3[State = -1, empty queue]] WARN  server.GrpcLogAppender (GrpcLogAppender.java:timeoutAppendRequest(200)) - 24c53ee4-03df-424b-8e99-1fd221f7be60@group-3C3ABBECBF4F->3ae969e4-2e35-40bf-9e0e-95acae9da5a5-GrpcLogAppender: appendEntries Timeout, request=24c53ee4-03df-424b-8e99-1fd221f7be60->3ae969e4-2e35-40bf-9e0e-95acae9da5a5#97-t2, previous=(t:2, i:20), leaderCommit=16, initializing? false, entries: <empty>
2019-09-12 06:40:01,479 [java.util.concurrent.ThreadPoolExecutor$Worker@7bd075af[State = -1, empty queue]] WARN  server.GrpcLogAppender (GrpcLogAppender.java:timeoutAppendRequest(200)) - 24c53ee4-03df-424b-8e99-1fd221f7be60@group-3C3ABBECBF4F->d503967e-137a-4fd9-bc45-44203e981a69-GrpcLogAppender: appendEntries Timeout, request=24c53ee4-03df-424b-8e99-1fd221f7be60->d503967e-137a-4fd9-bc45-44203e981a69#97-t2, previous=(t:2, i:20), leaderCommit=16, initializing? false, entries: <empty>
2019-09-12 06:40:01,780 [java.util.concurrent.ThreadPoolExecutor$Worker@3e497bcb[State = -1, empty queue]] WARN  server.GrpcLogAppender (GrpcLogAppender.java:timeoutAppendRequest(200)) - 5ecf13a7-acad-498a-ad7b-6f285dbc97e2@group-C5E42DFE1AE1->e1cdc330-b298-4f7e-9f8c-e697349a5e69-GrpcLogAppender: appendEntries Timeout, request=5ecf13a7-acad-498a-ad7b-6f285dbc97e2->e1cdc330-b298-4f7e-9f8c-e697349a5e69#97-t2, previous=(t:2, i:20), leaderCommit=16, initializing? false, entries: <empty>
2019-09-12 06:40:01,780 [java.util.concurrent.ThreadPoolExecutor$Worker@6586fa4d[State = -1, empty queue]] WARN  server.GrpcLogAppender (GrpcLogAppender.java:timeoutAppendRequest(200)) - 5ecf13a7-acad-498a-ad7b-6f285dbc97e2@group-C5E42DFE1AE1->996a256c-fd43-494a-96f3-903b907c5248-GrpcLogAppender: appendEntries Timeout, request=5ecf13a7-acad-498a-ad7b-6f285dbc97e2->996a256c-fd43-494a-96f3-903b907c5248#97-t2, previous=(t:2, i:20), leaderCommit=16, initializing? false, entries: <empty>
2019-09-12 06:40:01,820 [grpc-default-executor-9] WARN  server.GrpcLogAppender (LogUtils.java:warn(134)) - e48d04e8-2c1f-410d-8bfb-5a732d356112@group-B034F0427A69->9d685984-4448-42b4-b390-543822753f3a-AppendLogResponseHandler: Failed appendEntries: org.apache.ratis.thirdparty.io.grpc.StatusRuntimeException: UNAVAILABLE: io exception
2019-09-12 06:40:01,820 [grpc-default-executor-9] INFO  impl.FollowerInfo (FollowerInfo.java:lambda$new$0(51)) - e48d04e8-2c1f-410d-8bfb-5a732d356112@group-B034F0427A69->9d685984-4448-42b4-b390-543822753f3a: nextIndex: updateUnconditionally 0 -> 0
2019-09-12 06:40:01,979 [java.util.concurrent.ThreadPoolExecutor$Worker@24fb95e3[State = -1, empty queue]] WARN  server.GrpcLogAppender (GrpcLogAppender.java:timeoutAppendRequest(200)) - 24c53ee4-03df-424b-8e99-1fd221f7be60@group-3C3ABBECBF4F->3ae969e4-2e35-40bf-9e0e-95acae9da5a5-GrpcLogAppender: appendEntries Timeout, request=24c53ee4-03df-424b-8e99-1fd221f7be60->3ae969e4-2e35-40bf-9e0e-95acae9da5a5#98-t2, previous=(t:2, i:20), leaderCommit=16, initializing? false, entries: <empty>
2019-09-12 06:40:01,979 [java.util.concurrent.ThreadPoolExecutor$Worker@7bd075af[State = -1, empty queue]] WARN  server.GrpcLogAppender (GrpcLogAppender.java:timeoutAppendRequest(200)) - 24c53ee4-03df-424b-8e99-1fd221f7be60@group-3C3ABBECBF4F->d503967e-137a-4fd9-bc45-44203e981a69-GrpcLogAppender: appendEntries Timeout, request=24c53ee4-03df-424b-8e99-1fd221f7be60->d503967e-137a-4fd9-bc45-44203e981a69#98-t2, previous=(t:2, i:20), leaderCommit=16, initializing? false, entries: <empty>
2019-09-12 06:40:02,280 [java.util.concurrent.ThreadPoolExecutor$Worker@3e497bcb[State = -1, empty queue]] WARN  server.GrpcLogAppender (GrpcLogAppender.java:timeoutAppendRequest(200)) - 5ecf13a7-acad-498a-ad7b-6f285dbc97e2@group-C5E42DFE1AE1->e1cdc330-b298-4f7e-9f8c-e697349a5e69-GrpcLogAppender: appendEntries Timeout, request=5ecf13a7-acad-498a-ad7b-6f285dbc97e2->e1cdc330-b298-4f7e-9f8c-e697349a5e69#98-t2, previous=(t:2, i:20), leaderCommit=16, initializing? false, entries: <empty>
2019-09-12 06:40:02,280 [java.util.concurrent.ThreadPoolExecutor$Worker@6586fa4d[State = -1, empty queue]] WARN  server.GrpcLogAppender (GrpcLogAppender.java:timeoutAppendRequest(200)) - 5ecf13a7-acad-498a-ad7b-6f285dbc97e2@group-C5E42DFE1AE1->996a256c-fd43-494a-96f3-903b907c5248-GrpcLogAppender: appendEntries Timeout, request=5ecf13a7-acad-498a-ad7b-6f285dbc97e2->996a256c-fd43-494a-96f3-903b907c5248#98-t2, previous=(t:2, i:20), leaderCommit=16, initializing? false, entries: <empty>
2019-09-12 06:40:02,320 [grpc-default-executor-6] WARN  server.GrpcLogAppender (LogUtils.java:warn(134)) - e48d04e8-2c1f-410d-8bfb-5a732d356112@group-B034F0427A69->9d685984-4448-42b4-b390-543822753f3a-AppendLogResponseHandler: Failed appendEntries: org.apache.ratis.thirdparty.io.grpc.StatusRuntimeException: UNAVAILABLE: io exception
2019-09-12 06:40:02,321 [grpc-default-executor-6] INFO  impl.FollowerInfo (FollowerInfo.java:lambda$new$0(51)) - e48d04e8-2c1f-410d-8bfb-5a732d356112@group-B034F0427A69->9d685984-4448-42b4-b390-543822753f3a: nextIndex: updateUnconditionally 0 -> 0
2019-09-12 06:40:02,479 [java.util.concurrent.ThreadPoolExecutor$Worker@24fb95e3[State = -1, empty queue]] WARN  server.GrpcLogAppender (GrpcLogAppender.java:timeoutAppendRequest(200)) - 24c53ee4-03df-424b-8e99-1fd221f7be60@group-3C3ABBECBF4F->3ae969e4-2e35-40bf-9e0e-95acae9da5a5-GrpcLogAppender: appendEntries Timeout, request=24c53ee4-03df-424b-8e99-1fd221f7be60->3ae969e4-2e35-40bf-9e0e-95acae9da5a5#99-t2, previous=(t:2, i:20), leaderCommit=16, initializing? false, entries: <empty>
2019-09-12 06:40:02,479 [java.util.concurrent.ThreadPoolExecutor$Worker@7bd075af[State = -1, empty queue]] WARN  server.GrpcLogAppender (GrpcLogAppender.java:timeoutAppendRequest(200)) - 24c53ee4-03df-424b-8e99-1fd221f7be60@group-3C3ABBECBF4F->d503967e-137a-4fd9-bc45-44203e981a69-GrpcLogAppender: appendEntries Timeout, request=24c53ee4-03df-424b-8e99-1fd221f7be60->d503967e-137a-4fd9-bc45-44203e981a69#99-t2, previous=(t:2, i:20), leaderCommit=16, initializing? false, entries: <empty>
2019-09-12 06:40:02,780 [java.util.concurrent.ThreadPoolExecutor$Worker@6586fa4d[State = -1, empty queue]] WARN  server.GrpcLogAppender (GrpcLogAppender.java:timeoutAppendRequest(200)) - 5ecf13a7-acad-498a-ad7b-6f285dbc97e2@group-C5E42DFE1AE1->996a256c-fd43-494a-96f3-903b907c5248-GrpcLogAppender: appendEntries Timeout, request=5ecf13a7-acad-498a-ad7b-6f285dbc97e2->996a256c-fd43-494a-96f3-903b907c5248#99-t2, previous=(t:2, i:20), leaderCommit=16, initializing? false, entries: <empty>
2019-09-12 06:40:02,780 [java.util.concurrent.ThreadPoolExecutor$Worker@3e497bcb[State = -1, empty queue]] WARN  server.GrpcLogAppender (GrpcLogAppender.java:timeoutAppendRequest(200)) - 5ecf13a7-acad-498a-ad7b-6f285dbc97e2@group-C5E42DFE1AE1->e1cdc330-b298-4f7e-9f8c-e697349a5e69-GrpcLogAppender: appendEntries Timeout, request=5ecf13a7-acad-498a-ad7b-6f285dbc97e2->e1cdc330-b298-4f7e-9f8c-e697349a5e69#99-t2, previous=(t:2, i:20), leaderCommit=16, initializing? false, entries: <empty>
2019-09-12 06:40:02,821 [grpc-default-executor-12] WARN  server.GrpcLogAppender (LogUtils.java:warn(134)) - e48d04e8-2c1f-410d-8bfb-5a732d356112@group-B034F0427A69->9d685984-4448-42b4-b390-543822753f3a-AppendLogResponseHandler: Failed appendEntries: org.apache.ratis.thirdparty.io.grpc.StatusRuntimeException: UNAVAILABLE: io exception
2019-09-12 06:40:02,822 [grpc-default-executor-12] INFO  impl.FollowerInfo (FollowerInfo.java:lambda$new$0(51)) - e48d04e8-2c1f-410d-8bfb-5a732d356112@group-B034F0427A69->9d685984-4448-42b4-b390-543822753f3a: nextIndex: updateUnconditionally 0 -> 0
2019-09-12 06:40:02,931 [main] WARN  io.KeyOutputStream (KeyOutputStream.java:handleException(276)) - Encountered exception java.io.IOException: Unexpected Storage Container Exception: java.util.concurrent.CompletionException: java.util.concurrent.CompletionException: org.apache.ratis.protocol.RaftRetryFailureException: Failed RaftClientRequest:client-C89BF4EDCA02->5ecf13a7-acad-498a-ad7b-6f285dbc97e2@group-C5E42DFE1AE1, cid=52, seq=9*, RW, org.apache.hadoop.hdds.scm.XceiverClientRatis$$Lambda$453/518159731@45206bfa for 10 attempts with RetryLimited(maxAttempts=10, sleepTime=1000ms) on the pipeline Pipeline[ Id: 6e0c92e2-c840-41d7-8bdb-c5e42dfe1ae1, Nodes: 5ecf13a7-acad-498a-ad7b-6f285dbc97e2{ip: 192.168.34.52, host: trunk-nightly-20190912-4gc2t-2068889165, networkLocation: /default-rack, certSerialId: null}996a256c-fd43-494a-96f3-903b907c5248{ip: 192.168.34.52, host: trunk-nightly-20190912-4gc2t-2068889165, networkLocation: /default-rack, certSerialId: null}e1cdc330-b298-4f7e-9f8c-e697349a5e69{ip: 192.168.34.52, host: trunk-nightly-20190912-4gc2t-2068889165, networkLocation: /default-rack, certSerialId: null}, Type:RATIS, Factor:THREE, State:OPEN]. The last committed block length is 0, uncommitted data length is 2097152 retry count 0
2019-09-12 06:40:02,979 [java.util.concurrent.ThreadPoolExecutor$Worker@24fb95e3[State = -1, empty queue]] WARN  server.GrpcLogAppender (GrpcLogAppender.java:timeoutAppendRequest(200)) - 24c53ee4-03df-424b-8e99-1fd221f7be60@group-3C3ABBECBF4F->3ae969e4-2e35-40bf-9e0e-95acae9da5a5-GrpcLogAppender: appendEntries Timeout, request=24c53ee4-03df-424b-8e99-1fd221f7be60->3ae969e4-2e35-40bf-9e0e-95acae9da5a5#100-t2, previous=(t:2, i:20), leaderCommit=16, initializing? false, entries: <empty>
2019-09-12 06:40:02,979 [java.util.concurrent.ThreadPoolExecutor$Worker@7bd075af[State = -1, empty queue]] WARN  server.GrpcLogAppender (GrpcLogAppender.java:timeoutAppendRequest(200)) - 24c53ee4-03df-424b-8e99-1fd221f7be60@group-3C3ABBECBF4F->d503967e-137a-4fd9-bc45-44203e981a69-GrpcLogAppender: appendEntries Timeout, request=24c53ee4-03df-424b-8e99-1fd221f7be60->d503967e-137a-4fd9-bc45-44203e981a69#100-t2, previous=(t:2, i:20), leaderCommit=16, initializing? false, entries: <empty>
2019-09-12 06:40:03,280 [java.util.concurrent.ThreadPoolExecutor$Worker@6586fa4d[State = -1, empty queue]] WARN  server.GrpcLogAppender (GrpcLogAppender.java:timeoutAppendRequest(200)) - 5ecf13a7-acad-498a-ad7b-6f285dbc97e2@group-C5E42DFE1AE1->996a256c-fd43-494a-96f3-903b907c5248-GrpcLogAppender: appendEntries Timeout, request=5ecf13a7-acad-498a-ad7b-6f285dbc97e2->996a256c-fd43-494a-96f3-903b907c5248#100-t2, previous=(t:2, i:20), leaderCommit=16, initializing? false, entries: <empty>
2019-09-12 06:40:03,280 [java.util.concurrent.ThreadPoolExecutor$Worker@3e497bcb[State = -1, empty queue]] WARN  server.GrpcLogAppender (GrpcLogAppender.java:timeoutAppendRequest(200)) - 5ecf13a7-acad-498a-ad7b-6f285dbc97e2@group-C5E42DFE1AE1->e1cdc330-b298-4f7e-9f8c-e697349a5e69-GrpcLogAppender: appendEntries Timeout, request=5ecf13a7-acad-498a-ad7b-6f285dbc97e2->e1cdc330-b298-4f7e-9f8c-e697349a5e69#100-t2, previous=(t:2, i:20), leaderCommit=16, initializing? false, entries: <empty>
2019-09-12 06:40:03,322 [grpc-default-executor-7] WARN  server.GrpcLogAppender (LogUtils.java:warn(134)) - e48d04e8-2c1f-410d-8bfb-5a732d356112@group-B034F0427A69->9d685984-4448-42b4-b390-543822753f3a-AppendLogResponseHandler: Failed appendEntries: org.apache.ratis.thirdparty.io.grpc.StatusRuntimeException: UNAVAILABLE: io exception
2019-09-12 06:40:03,323 [grpc-default-executor-7] INFO  impl.FollowerInfo (FollowerInfo.java:lambda$new$0(51)) - e48d04e8-2c1f-410d-8bfb-5a732d356112@group-B034F0427A69->9d685984-4448-42b4-b390-543822753f3a: nextIndex: updateUnconditionally 0 -> 0
2019-09-12 06:40:03,480 [java.util.concurrent.ThreadPoolExecutor$Worker@24fb95e3[State = -1, empty queue]] WARN  server.GrpcLogAppender (GrpcLogAppender.java:timeoutAppendRequest(200)) - 24c53ee4-03df-424b-8e99-1fd221f7be60@group-3C3ABBECBF4F->3ae969e4-2e35-40bf-9e0e-95acae9da5a5-GrpcLogAppender: appendEntries Timeout, request=24c53ee4-03df-424b-8e99-1fd221f7be60->3ae969e4-2e35-40bf-9e0e-95acae9da5a5#101-t2, previous=(t:2, i:20), leaderCommit=16, initializing? false, entries: <empty>
2019-09-12 06:40:03,480 [java.util.concurrent.ThreadPoolExecutor$Worker@7bd075af[State = -1, empty queue]] WARN  server.GrpcLogAppender (GrpcLogAppender.java:timeoutAppendRequest(200)) - 24c53ee4-03df-424b-8e99-1fd221f7be60@group-3C3ABBECBF4F->d503967e-137a-4fd9-bc45-44203e981a69-GrpcLogAppender: appendEntries Timeout, request=24c53ee4-03df-424b-8e99-1fd221f7be60->d503967e-137a-4fd9-bc45-44203e981a69#101-t2, previous=(t:2, i:20), leaderCommit=16, initializing? false, entries: <empty>
2019-09-12 06:40:03,781 [java.util.concurrent.ThreadPoolExecutor$Worker@6586fa4d[State = -1, empty queue]] WARN  server.GrpcLogAppender (GrpcLogAppender.java:timeoutAppendRequest(200)) - 5ecf13a7-acad-498a-ad7b-6f285dbc97e2@group-C5E42DFE1AE1->996a256c-fd43-494a-96f3-903b907c5248-GrpcLogAppender: appendEntries Timeout, request=5ecf13a7-acad-498a-ad7b-6f285dbc97e2->996a256c-fd43-494a-96f3-903b907c5248#101-t2, previous=(t:2, i:20), leaderCommit=16, initializing? false, entries: <empty>
2019-09-12 06:40:03,781 [java.util.concurrent.ThreadPoolExecutor$Worker@3e497bcb[State = -1, empty queue]] WARN  server.GrpcLogAppender (GrpcLogAppender.java:timeoutAppendRequest(200)) - 5ecf13a7-acad-498a-ad7b-6f285dbc97e2@group-C5E42DFE1AE1->e1cdc330-b298-4f7e-9f8c-e697349a5e69-GrpcLogAppender: appendEntries Timeout, request=5ecf13a7-acad-498a-ad7b-6f285dbc97e2->e1cdc330-b298-4f7e-9f8c-e697349a5e69#101-t2, previous=(t:2, i:20), leaderCommit=16, initializing? false, entries: <empty>
2019-09-12 06:40:03,823 [grpc-default-executor-6] WARN  server.GrpcLogAppender (LogUtils.java:warn(134)) - e48d04e8-2c1f-410d-8bfb-5a732d356112@group-B034F0427A69->9d685984-4448-42b4-b390-543822753f3a-AppendLogResponseHandler: Failed appendEntries: org.apache.ratis.thirdparty.io.grpc.StatusRuntimeException: UNAVAILABLE: io exception
2019-09-12 06:40:03,823 [grpc-default-executor-6] INFO  impl.FollowerInfo (FollowerInfo.java:lambda$new$0(51)) - e48d04e8-2c1f-410d-8bfb-5a732d356112@group-B034F0427A69->9d685984-4448-42b4-b390-543822753f3a: nextIndex: updateUnconditionally 0 -> 0
2019-09-12 06:40:03,980 [java.util.concurrent.ThreadPoolExecutor$Worker@24fb95e3[State = -1, empty queue]] WARN  server.GrpcLogAppender (GrpcLogAppender.java:timeoutAppendRequest(200)) - 24c53ee4-03df-424b-8e99-1fd221f7be60@group-3C3ABBECBF4F->3ae969e4-2e35-40bf-9e0e-95acae9da5a5-GrpcLogAppender: appendEntries Timeout, request=24c53ee4-03df-424b-8e99-1fd221f7be60->3ae969e4-2e35-40bf-9e0e-95acae9da5a5#102-t2, previous=(t:2, i:20), leaderCommit=16, initializing? false, entries: <empty>
2019-09-12 06:40:03,981 [java.util.concurrent.ThreadPoolExecutor$Worker@7bd075af[State = -1, empty queue]] WARN  server.GrpcLogAppender (GrpcLogAppender.java:timeoutAppendRequest(200)) - 24c53ee4-03df-424b-8e99-1fd221f7be60@group-3C3ABBECBF4F->d503967e-137a-4fd9-bc45-44203e981a69-GrpcLogAppender: appendEntries Timeout, request=24c53ee4-03df-424b-8e99-1fd221f7be60->d503967e-137a-4fd9-bc45-44203e981a69#102-t2, previous=(t:2, i:20), leaderCommit=16, initializing? false, entries: <empty>
2019-09-12 06:40:04,054 [grpc-default-executor-9] WARN  server.GrpcLogAppender (LogUtils.java:warn(134)) - e48d04e8-2c1f-410d-8bfb-5a732d356112@group-B034F0427A69->9d685984-4448-42b4-b390-543822753f3a-AppendLogResponseHandler: Failed appendEntries: org.apache.ratis.thirdparty.io.grpc.StatusRuntimeException: UNAVAILABLE: io exception
2019-09-12 06:40:04,055 [grpc-default-executor-9] INFO  impl.FollowerInfo (FollowerInfo.java:lambda$new$0(51)) - e48d04e8-2c1f-410d-8bfb-5a732d356112@group-B034F0427A69->9d685984-4448-42b4-b390-543822753f3a: nextIndex: updateUnconditionally 1 -> 0
2019-09-12 06:40:04,184 [grpc-default-executor-6] INFO  client.GrpcClientProtocolClient (GrpcClientProtocolClient.java:onNext(264)) - client-DEDF7BC23D58->e48d04e8-2c1f-410d-8bfb-5a732d356112: receive RaftClientReply:client-DEDF7BC23D58->e48d04e8-2c1f-410d-8bfb-5a732d356112@group-B034F0427A69, cid=56, SUCCESS, logIndex=19, commits[e48d04e8-2c1f-410d-8bfb-5a732d356112:c19, 760f3a61-bfa2-4d4e-85d8-817950efb624:c18, 9d685984-4448-42b4-b390-543822753f3a:c16]
2019-09-12 06:40:04,184 [grpc-default-executor-12] WARN  server.GrpcLogAppender (LogUtils.java:warn(134)) - e48d04e8-2c1f-410d-8bfb-5a732d356112@group-B034F0427A69->9d685984-4448-42b4-b390-543822753f3a-AppendLogResponseHandler: Failed appendEntries: org.apache.ratis.thirdparty.io.grpc.StatusRuntimeException: UNAVAILABLE: io exception
2019-09-12 06:40:04,188 [grpc-default-executor-12] INFO  impl.FollowerInfo (FollowerInfo.java:lambda$new$0(51)) - e48d04e8-2c1f-410d-8bfb-5a732d356112@group-B034F0427A69->9d685984-4448-42b4-b390-543822753f3a: nextIndex: updateUnconditionally 1 -> 0
2019-09-12 06:40:04,197 [grpc-default-executor-7] WARN  server.GrpcLogAppender (LogUtils.java:warn(134)) - e48d04e8-2c1f-410d-8bfb-5a732d356112@group-B034F0427A69->9d685984-4448-42b4-b390-543822753f3a-AppendLogResponseHandler: Failed appendEntries: org.apache.ratis.thirdparty.io.grpc.StatusRuntimeException: UNAVAILABLE: io exception
2019-09-12 06:40:04,198 [grpc-default-executor-7] INFO  impl.FollowerInfo (FollowerInfo.java:lambda$new$0(51)) - e48d04e8-2c1f-410d-8bfb-5a732d356112@group-B034F0427A69->9d685984-4448-42b4-b390-543822753f3a: nextIndex: updateUnconditionally 1 -> 0
2019-09-12 06:40:04,202 [grpc-default-executor-9] WARN  server.GrpcLogAppender (LogUtils.java:warn(134)) - e48d04e8-2c1f-410d-8bfb-5a732d356112@group-B034F0427A69->9d685984-4448-42b4-b390-543822753f3a-AppendLogResponseHandler: Failed appendEntries: org.apache.ratis.thirdparty.io.grpc.StatusRuntimeException: UNAVAILABLE: io exception
2019-09-12 06:40:04,203 [grpc-default-executor-9] INFO  impl.FollowerInfo (FollowerInfo.java:lambda$new$0(51)) - e48d04e8-2c1f-410d-8bfb-5a732d356112@group-B034F0427A69->9d685984-4448-42b4-b390-543822753f3a: nextIndex: updateUnconditionally 1 -> 0
2019-09-12 06:40:04,206 [grpc-default-executor-7] WARN  server.GrpcLogAppender (LogUtils.java:warn(134)) - e48d04e8-2c1f-410d-8bfb-5a732d356112@group-B034F0427A69->9d685984-4448-42b4-b390-543822753f3a-AppendLogResponseHandler: Failed appendEntries: org.apache.ratis.thirdparty.io.grpc.StatusRuntimeException: UNAVAILABLE: io exception
2019-09-12 06:40:04,207 [grpc-default-executor-7] INFO  impl.FollowerInfo (FollowerInfo.java:lambda$new$0(51)) - e48d04e8-2c1f-410d-8bfb-5a732d356112@group-B034F0427A69->9d685984-4448-42b4-b390-543822753f3a: nextIndex: updateUnconditionally 1 -> 0
2019-09-12 06:40:04,219 [grpc-default-executor-9] WARN  server.GrpcLogAppender (LogUtils.java:warn(134)) - e48d04e8-2c1f-410d-8bfb-5a732d356112@group-B034F0427A69->9d685984-4448-42b4-b390-543822753f3a-AppendLogResponseHandler: Failed appendEntries: org.apache.ratis.thirdparty.io.grpc.StatusRuntimeException: UNAVAILABLE: io exception
2019-09-12 06:40:04,219 [grpc-default-executor-9] INFO  impl.FollowerInfo (FollowerInfo.java:lambda$new$0(51)) - e48d04e8-2c1f-410d-8bfb-5a732d356112@group-B034F0427A69->9d685984-4448-42b4-b390-543822753f3a: nextIndex: updateUnconditionally 1 -> 0
2019-09-12 06:40:04,231 [grpc-default-executor-7] WARN  server.GrpcLogAppender (LogUtils.java:warn(134)) - e48d04e8-2c1f-410d-8bfb-5a732d356112@group-B034F0427A69->9d685984-4448-42b4-b390-543822753f3a-AppendLogResponseHandler: Failed appendEntries: org.apache.ratis.thirdparty.io.grpc.StatusRuntimeException: UNAVAILABLE: io exception
2019-09-12 06:40:04,231 [grpc-default-executor-7] INFO  impl.FollowerInfo (FollowerInfo.java:lambda$new$0(51)) - e48d04e8-2c1f-410d-8bfb-5a732d356112@group-B034F0427A69->9d685984-4448-42b4-b390-543822753f3a: nextIndex: updateUnconditionally 1 -> 0
2019-09-12 06:40:04,234 [grpc-default-executor-12] WARN  server.GrpcLogAppender (LogUtils.java:warn(134)) - e48d04e8-2c1f-410d-8bfb-5a732d356112@group-B034F0427A69->9d685984-4448-42b4-b390-543822753f3a-AppendLogResponseHandler: Failed appendEntries: org.apache.ratis.thirdparty.io.grpc.StatusRuntimeException: UNAVAILABLE: io exception
2019-09-12 06:40:04,235 [grpc-default-executor-12] INFO  impl.FollowerInfo (FollowerInfo.java:lambda$new$0(51)) - e48d04e8-2c1f-410d-8bfb-5a732d356112@group-B034F0427A69->9d685984-4448-42b4-b390-543822753f3a: nextIndex: updateUnconditionally 1 -> 0
2019-09-12 06:40:04,254 [grpc-default-executor-12] INFO  client.GrpcClientProtocolClient (GrpcClientProtocolClient.java:onNext(264)) - client-DEDF7BC23D58->e48d04e8-2c1f-410d-8bfb-5a732d356112: receive RaftClientReply:client-DEDF7BC23D58->e48d04e8-2c1f-410d-8bfb-5a732d356112@group-B034F0427A69, cid=57, SUCCESS, logIndex=21, commits[e48d04e8-2c1f-410d-8bfb-5a732d356112:c26, 760f3a61-bfa2-4d4e-85d8-817950efb624:c23, 9d685984-4448-42b4-b390-543822753f3a:c16]
2019-09-12 06:40:04,255 [grpc-default-executor-12] INFO  client.GrpcClientProtocolClient (GrpcClientProtocolClient.java:onNext(264)) - client-DEDF7BC23D58->e48d04e8-2c1f-410d-8bfb-5a732d356112: receive RaftClientReply:client-DEDF7BC23D58->e48d04e8-2c1f-410d-8bfb-5a732d356112@group-B034F0427A69, cid=58, SUCCESS, logIndex=22, commits[e48d04e8-2c1f-410d-8bfb-5a732d356112:c26, 760f3a61-bfa2-4d4e-85d8-817950efb624:c23, 9d685984-4448-42b4-b390-543822753f3a:c16]
2019-09-12 06:40:04,281 [java.util.concurrent.ThreadPoolExecutor$Worker@3e497bcb[State = -1, empty queue]] WARN  server.GrpcLogAppender (GrpcLogAppender.java:timeoutAppendRequest(200)) - 5ecf13a7-acad-498a-ad7b-6f285dbc97e2@group-C5E42DFE1AE1->e1cdc330-b298-4f7e-9f8c-e697349a5e69-GrpcLogAppender: appendEntries Timeout, request=5ecf13a7-acad-498a-ad7b-6f285dbc97e2->e1cdc330-b298-4f7e-9f8c-e697349a5e69#102-t2, previous=(t:2, i:20), leaderCommit=16, initializing? false, entries: <empty>
2019-09-12 06:40:04,281 [java.util.concurrent.ThreadPoolExecutor$Worker@6586fa4d[State = -1, empty queue]] WARN  server.GrpcLogAppender (GrpcLogAppender.java:timeoutAppendRequest(200)) - 5ecf13a7-acad-498a-ad7b-6f285dbc97e2@group-C5E42DFE1AE1->996a256c-fd43-494a-96f3-903b907c5248-GrpcLogAppender: appendEntries Timeout, request=5ecf13a7-acad-498a-ad7b-6f285dbc97e2->996a256c-fd43-494a-96f3-903b907c5248#102-t2, previous=(t:2, i:20), leaderCommit=16, initializing? false, entries: <empty>
2019-09-12 06:40:04,284 [grpc-default-executor-7] INFO  client.GrpcClientProtocolClient (GrpcClientProtocolClient.java:onNext(264)) - client-DEDF7BC23D58->e48d04e8-2c1f-410d-8bfb-5a732d356112: receive RaftClientReply:client-DEDF7BC23D58->e48d04e8-2c1f-410d-8bfb-5a732d356112@group-B034F0427A69, cid=59, SUCCESS, logIndex=23, commits[e48d04e8-2c1f-410d-8bfb-5a732d356112:c26, 760f3a61-bfa2-4d4e-85d8-817950efb624:c23, 9d685984-4448-42b4-b390-543822753f3a:c16]
2019-09-12 06:40:04,481 [java.util.concurrent.ThreadPoolExecutor$Worker@24fb95e3[State = -1, empty queue]] WARN  server.GrpcLogAppender (GrpcLogAppender.java:timeoutAppendRequest(200)) - 24c53ee4-03df-424b-8e99-1fd221f7be60@group-3C3ABBECBF4F->3ae969e4-2e35-40bf-9e0e-95acae9da5a5-GrpcLogAppender: appendEntries Timeout, request=24c53ee4-03df-424b-8e99-1fd221f7be60->3ae969e4-2e35-40bf-9e0e-95acae9da5a5#103-t2, previous=(t:2, i:20), leaderCommit=16, initializing? false, entries: <empty>
2019-09-12 06:40:04,481 [java.util.concurrent.ThreadPoolExecutor$Worker@7bd075af[State = -1, empty queue]] WARN  server.GrpcLogAppender (GrpcLogAppender.java:timeoutAppendRequest(200)) - 24c53ee4-03df-424b-8e99-1fd221f7be60@group-3C3ABBECBF4F->d503967e-137a-4fd9-bc45-44203e981a69-GrpcLogAppender: appendEntries Timeout, request=24c53ee4-03df-424b-8e99-1fd221f7be60->d503967e-137a-4fd9-bc45-44203e981a69#103-t2, previous=(t:2, i:20), leaderCommit=16, initializing? false, entries: <empty>
2019-09-12 06:40:04,736 [grpc-default-executor-9] WARN  server.GrpcLogAppender (LogUtils.java:warn(134)) - e48d04e8-2c1f-410d-8bfb-5a732d356112@group-B034F0427A69->9d685984-4448-42b4-b390-543822753f3a-AppendLogResponseHandler: Failed appendEntries: org.apache.ratis.thirdparty.io.grpc.StatusRuntimeException: UNAVAILABLE: io exception
2019-09-12 06:40:04,737 [grpc-default-executor-9] INFO  impl.FollowerInfo (FollowerInfo.java:lambda$new$0(51)) - e48d04e8-2c1f-410d-8bfb-5a732d356112@group-B034F0427A69->9d685984-4448-42b4-b390-543822753f3a: nextIndex: updateUnconditionally 0 -> 0
2019-09-12 06:40:04,768 [5ecf13a7-acad-498a-ad7b-6f285dbc97e2@group-C5E42DFE1AE1-SegmentedRaftLogWorker] WARN  segmented.SegmentedRaftLogWorker (SegmentedRaftLogWorker.java:getFromFuture(90)) - Timeout 1/~
org.apache.ratis.protocol.TimeoutIOException: Timeout 10s: WriteLog:17: (t:2, i:17), STATEMACHINELOGENTRY, client-C89BF4EDCA02, cid=52-writeStateMachineData
	at org.apache.ratis.util.IOUtils.getFromFuture(IOUtils.java:87)
	at org.apache.ratis.server.raftlog.segmented.SegmentedRaftLogWorker$StateMachineDataPolicy.getFromFuture(SegmentedRaftLogWorker.java:87)
	at org.apache.ratis.server.raftlog.segmented.SegmentedRaftLogWorker$WriteLog.execute(SegmentedRaftLogWorker.java:477)
	at org.apache.ratis.server.raftlog.segmented.SegmentedRaftLogWorker.run(SegmentedRaftLogWorker.java:289)
	at java.lang.Thread.run(Thread.java:748)
Caused by: java.util.concurrent.TimeoutException
	at java.util.concurrent.CompletableFuture.timedGet(CompletableFuture.java:1771)
	at java.util.concurrent.CompletableFuture.get(CompletableFuture.java:1915)
	at org.apache.ratis.util.IOUtils.getFromFuture(IOUtils.java:79)
	... 4 more
2019-09-12 06:40:04,768 [e1cdc330-b298-4f7e-9f8c-e697349a5e69@group-C5E42DFE1AE1-SegmentedRaftLogWorker] WARN  segmented.SegmentedRaftLogWorker (SegmentedRaftLogWorker.java:getFromFuture(90)) - Timeout 1/~
org.apache.ratis.protocol.TimeoutIOException: Timeout 10s: WriteLog:17: (t:2, i:17), STATEMACHINELOGENTRY, client-C89BF4EDCA02, cid=52-writeStateMachineData
	at org.apache.ratis.util.IOUtils.getFromFuture(IOUtils.java:87)
	at org.apache.ratis.server.raftlog.segmented.SegmentedRaftLogWorker$StateMachineDataPolicy.getFromFuture(SegmentedRaftLogWorker.java:87)
	at org.apache.ratis.server.raftlog.segmented.SegmentedRaftLogWorker$WriteLog.execute(SegmentedRaftLogWorker.java:477)
	at org.apache.ratis.server.raftlog.segmented.SegmentedRaftLogWorker.run(SegmentedRaftLogWorker.java:289)
	at java.lang.Thread.run(Thread.java:748)
Caused by: java.util.concurrent.TimeoutException
	at java.util.concurrent.CompletableFuture.timedGet(CompletableFuture.java:1771)
	at java.util.concurrent.CompletableFuture.get(CompletableFuture.java:1915)
	at org.apache.ratis.util.IOUtils.getFromFuture(IOUtils.java:79)
	... 4 more
2019-09-12 06:40:04,769 [996a256c-fd43-494a-96f3-903b907c5248@group-C5E42DFE1AE1-SegmentedRaftLogWorker] WARN  segmented.SegmentedRaftLogWorker (SegmentedRaftLogWorker.java:getFromFuture(90)) - Timeout 1/~
org.apache.ratis.protocol.TimeoutIOException: Timeout 10s: WriteLog:17: (t:2, i:17), STATEMACHINELOGENTRY, client-C89BF4EDCA02, cid=52-writeStateMachineData
	at org.apache.ratis.util.IOUtils.getFromFuture(IOUtils.java:87)
	at org.apache.ratis.server.raftlog.segmented.SegmentedRaftLogWorker$StateMachineDataPolicy.getFromFuture(SegmentedRaftLogWorker.java:87)
	at org.apache.ratis.server.raftlog.segmented.SegmentedRaftLogWorker$WriteLog.execute(SegmentedRaftLogWorker.java:477)
	at org.apache.ratis.server.raftlog.segmented.SegmentedRaftLogWorker.run(SegmentedRaftLogWorker.java:289)
	at java.lang.Thread.run(Thread.java:748)
Caused by: java.util.concurrent.TimeoutException
	at java.util.concurrent.CompletableFuture.timedGet(CompletableFuture.java:1771)
	at java.util.concurrent.CompletableFuture.get(CompletableFuture.java:1915)
	at org.apache.ratis.util.IOUtils.getFromFuture(IOUtils.java:79)
	... 4 more
2019-09-12 06:40:04,781 [java.util.concurrent.ThreadPoolExecutor$Worker@3e497bcb[State = -1, empty queue]] WARN  server.GrpcLogAppender (GrpcLogAppender.java:timeoutAppendRequest(200)) - 5ecf13a7-acad-498a-ad7b-6f285dbc97e2@group-C5E42DFE1AE1->e1cdc330-b298-4f7e-9f8c-e697349a5e69-GrpcLogAppender: appendEntries Timeout, request=5ecf13a7-acad-498a-ad7b-6f285dbc97e2->e1cdc330-b298-4f7e-9f8c-e697349a5e69#103-t2, previous=(t:2, i:20), leaderCommit=16, initializing? false, entries: <empty>
2019-09-12 06:40:04,781 [java.util.concurrent.ThreadPoolExecutor$Worker@6586fa4d[State = -1, empty queue]] WARN  server.GrpcLogAppender (GrpcLogAppender.java:timeoutAppendRequest(200)) - 5ecf13a7-acad-498a-ad7b-6f285dbc97e2@group-C5E42DFE1AE1->996a256c-fd43-494a-96f3-903b907c5248-GrpcLogAppender: appendEntries Timeout, request=5ecf13a7-acad-498a-ad7b-6f285dbc97e2->996a256c-fd43-494a-96f3-903b907c5248#103-t2, previous=(t:2, i:20), leaderCommit=16, initializing? false, entries: <empty>
2019-09-12 06:40:04,981 [java.util.concurrent.ThreadPoolExecutor$Worker@24fb95e3[State = -1, empty queue]] WARN  server.GrpcLogAppender (GrpcLogAppender.java:timeoutAppendRequest(200)) - 24c53ee4-03df-424b-8e99-1fd221f7be60@group-3C3ABBECBF4F->3ae969e4-2e35-40bf-9e0e-95acae9da5a5-GrpcLogAppender: appendEntries Timeout, request=24c53ee4-03df-424b-8e99-1fd221f7be60->3ae969e4-2e35-40bf-9e0e-95acae9da5a5#104-t2, previous=(t:2, i:20), leaderCommit=16, initializing? false, entries: <empty>
2019-09-12 06:40:04,981 [java.util.concurrent.ThreadPoolExecutor$Worker@7bd075af[State = -1, empty queue]] WARN  server.GrpcLogAppender (GrpcLogAppender.java:timeoutAppendRequest(200)) - 24c53ee4-03df-424b-8e99-1fd221f7be60@group-3C3ABBECBF4F->d503967e-137a-4fd9-bc45-44203e981a69-GrpcLogAppender: appendEntries Timeout, request=24c53ee4-03df-424b-8e99-1fd221f7be60->d503967e-137a-4fd9-bc45-44203e981a69#104-t2, previous=(t:2, i:20), leaderCommit=16, initializing? false, entries: <empty>
2019-09-12 06:40:05,237 [grpc-default-executor-12] WARN  server.GrpcLogAppender (LogUtils.java:warn(134)) - e48d04e8-2c1f-410d-8bfb-5a732d356112@group-B034F0427A69->9d685984-4448-42b4-b390-543822753f3a-AppendLogResponseHandler: Failed appendEntries: org.apache.ratis.thirdparty.io.grpc.StatusRuntimeException: UNAVAILABLE: io exception
2019-09-12 06:40:05,237 [grpc-default-executor-12] INFO  impl.FollowerInfo (FollowerInfo.java:lambda$new$0(51)) - e48d04e8-2c1f-410d-8bfb-5a732d356112@group-B034F0427A69->9d685984-4448-42b4-b390-543822753f3a: nextIndex: updateUnconditionally 0 -> 0
2019-09-12 06:40:05,282 [java.util.concurrent.ThreadPoolExecutor$Worker@6586fa4d[State = -1, empty queue]] WARN  server.GrpcLogAppender (GrpcLogAppender.java:timeoutAppendRequest(200)) - 5ecf13a7-acad-498a-ad7b-6f285dbc97e2@group-C5E42DFE1AE1->996a256c-fd43-494a-96f3-903b907c5248-GrpcLogAppender: appendEntries Timeout, request=5ecf13a7-acad-498a-ad7b-6f285dbc97e2->996a256c-fd43-494a-96f3-903b907c5248#104-t2, previous=(t:2, i:20), leaderCommit=16, initializing? false, entries: <empty>
2019-09-12 06:40:05,282 [java.util.concurrent.ThreadPoolExecutor$Worker@3e497bcb[State = -1, empty queue]] WARN  server.GrpcLogAppender (GrpcLogAppender.java:timeoutAppendRequest(200)) - 5ecf13a7-acad-498a-ad7b-6f285dbc97e2@group-C5E42DFE1AE1->e1cdc330-b298-4f7e-9f8c-e697349a5e69-GrpcLogAppender: appendEntries Timeout, request=5ecf13a7-acad-498a-ad7b-6f285dbc97e2->e1cdc330-b298-4f7e-9f8c-e697349a5e69#104-t2, previous=(t:2, i:20), leaderCommit=16, initializing? false, entries: <empty>
2019-09-12 06:40:05,481 [java.util.concurrent.ThreadPoolExecutor$Worker@24fb95e3[State = -1, empty queue]] WARN  server.GrpcLogAppender (GrpcLogAppender.java:timeoutAppendRequest(200)) - 24c53ee4-03df-424b-8e99-1fd221f7be60@group-3C3ABBECBF4F->3ae969e4-2e35-40bf-9e0e-95acae9da5a5-GrpcLogAppender: appendEntries Timeout, request=24c53ee4-03df-424b-8e99-1fd221f7be60->3ae969e4-2e35-40bf-9e0e-95acae9da5a5#105-t2, previous=(t:2, i:20), leaderCommit=16, initializing? false, entries: <empty>
2019-09-12 06:40:05,481 [java.util.concurrent.ThreadPoolExecutor$Worker@7bd075af[State = -1, empty queue]] WARN  server.GrpcLogAppender (GrpcLogAppender.java:timeoutAppendRequest(200)) - 24c53ee4-03df-424b-8e99-1fd221f7be60@group-3C3ABBECBF4F->d503967e-137a-4fd9-bc45-44203e981a69-GrpcLogAppender: appendEntries Timeout, request=24c53ee4-03df-424b-8e99-1fd221f7be60->d503967e-137a-4fd9-bc45-44203e981a69#105-t2, previous=(t:2, i:20), leaderCommit=16, initializing? false, entries: <empty>
2019-09-12 06:40:05,739 [grpc-default-executor-7] WARN  server.GrpcLogAppender (LogUtils.java:warn(134)) - e48d04e8-2c1f-410d-8bfb-5a732d356112@group-B034F0427A69->9d685984-4448-42b4-b390-543822753f3a-AppendLogResponseHandler: Failed appendEntries: org.apache.ratis.thirdparty.io.grpc.StatusRuntimeException: UNAVAILABLE: io exception
2019-09-12 06:40:05,739 [grpc-default-executor-7] INFO  impl.FollowerInfo (FollowerInfo.java:lambda$new$0(51)) - e48d04e8-2c1f-410d-8bfb-5a732d356112@group-B034F0427A69->9d685984-4448-42b4-b390-543822753f3a: nextIndex: updateUnconditionally 0 -> 0
2019-09-12 06:40:05,782 [java.util.concurrent.ThreadPoolExecutor$Worker@3e497bcb[State = -1, empty queue]] WARN  server.GrpcLogAppender (GrpcLogAppender.java:timeoutAppendRequest(200)) - 5ecf13a7-acad-498a-ad7b-6f285dbc97e2@group-C5E42DFE1AE1->e1cdc330-b298-4f7e-9f8c-e697349a5e69-GrpcLogAppender: appendEntries Timeout, request=5ecf13a7-acad-498a-ad7b-6f285dbc97e2->e1cdc330-b298-4f7e-9f8c-e697349a5e69#105-t2, previous=(t:2, i:20), leaderCommit=16, initializing? false, entries: <empty>
2019-09-12 06:40:05,782 [java.util.concurrent.ThreadPoolExecutor$Worker@6586fa4d[State = -1, empty queue]] WARN  server.GrpcLogAppender (GrpcLogAppender.java:timeoutAppendRequest(200)) - 5ecf13a7-acad-498a-ad7b-6f285dbc97e2@group-C5E42DFE1AE1->996a256c-fd43-494a-96f3-903b907c5248-GrpcLogAppender: appendEntries Timeout, request=5ecf13a7-acad-498a-ad7b-6f285dbc97e2->996a256c-fd43-494a-96f3-903b907c5248#105-t2, previous=(t:2, i:20), leaderCommit=16, initializing? false, entries: <empty>
2019-09-12 06:40:05,994 [java.util.concurrent.ThreadPoolExecutor$Worker@7bd075af[State = -1, empty queue]] WARN  server.GrpcLogAppender (GrpcLogAppender.java:timeoutAppendRequest(200)) - 24c53ee4-03df-424b-8e99-1fd221f7be60@group-3C3ABBECBF4F->d503967e-137a-4fd9-bc45-44203e981a69-GrpcLogAppender: appendEntries Timeout, request=24c53ee4-03df-424b-8e99-1fd221f7be60->d503967e-137a-4fd9-bc45-44203e981a69#106-t2, previous=(t:2, i:20), leaderCommit=16, initializing? false, entries: <empty>
2019-09-12 06:40:05,994 [java.util.concurrent.ThreadPoolExecutor$Worker@24fb95e3[State = -1, empty queue]] WARN  server.GrpcLogAppender (GrpcLogAppender.java:timeoutAppendRequest(200)) - 24c53ee4-03df-424b-8e99-1fd221f7be60@group-3C3ABBECBF4F->3ae969e4-2e35-40bf-9e0e-95acae9da5a5-GrpcLogAppender: appendEntries Timeout, request=24c53ee4-03df-424b-8e99-1fd221f7be60->3ae969e4-2e35-40bf-9e0e-95acae9da5a5#106-t2, previous=(t:2, i:20), leaderCommit=16, initializing? false, entries: <empty>
2019-09-12 06:40:06,240 [grpc-default-executor-12] WARN  server.GrpcLogAppender (LogUtils.java:warn(134)) - e48d04e8-2c1f-410d-8bfb-5a732d356112@group-B034F0427A69->9d685984-4448-42b4-b390-543822753f3a-AppendLogResponseHandler: Failed appendEntries: org.apache.ratis.thirdparty.io.grpc.StatusRuntimeException: UNAVAILABLE: io exception
2019-09-12 06:40:06,240 [grpc-default-executor-12] INFO  impl.FollowerInfo (FollowerInfo.java:lambda$new$0(51)) - e48d04e8-2c1f-410d-8bfb-5a732d356112@group-B034F0427A69->9d685984-4448-42b4-b390-543822753f3a: nextIndex: updateUnconditionally 0 -> 0
2019-09-12 06:40:06,282 [java.util.concurrent.ThreadPoolExecutor$Worker@3e497bcb[State = -1, empty queue]] WARN  server.GrpcLogAppender (GrpcLogAppender.java:timeoutAppendRequest(200)) - 5ecf13a7-acad-498a-ad7b-6f285dbc97e2@group-C5E42DFE1AE1->e1cdc330-b298-4f7e-9f8c-e697349a5e69-GrpcLogAppender: appendEntries Timeout, request=5ecf13a7-acad-498a-ad7b-6f285dbc97e2->e1cdc330-b298-4f7e-9f8c-e697349a5e69#106-t2, previous=(t:2, i:20), leaderCommit=16, initializing? false, entries: <empty>
2019-09-12 06:40:06,282 [java.util.concurrent.ThreadPoolExecutor$Worker@6586fa4d[State = -1, empty queue]] WARN  server.GrpcLogAppender (GrpcLogAppender.java:timeoutAppendRequest(200)) - 5ecf13a7-acad-498a-ad7b-6f285dbc97e2@group-C5E42DFE1AE1->996a256c-fd43-494a-96f3-903b907c5248-GrpcLogAppender: appendEntries Timeout, request=5ecf13a7-acad-498a-ad7b-6f285dbc97e2->996a256c-fd43-494a-96f3-903b907c5248#106-t2, previous=(t:2, i:20), leaderCommit=16, initializing? false, entries: <empty>
2019-09-12 06:40:06,494 [java.util.concurrent.ThreadPoolExecutor$Worker@7bd075af[State = -1, empty queue]] WARN  server.GrpcLogAppender (GrpcLogAppender.java:timeoutAppendRequest(200)) - 24c53ee4-03df-424b-8e99-1fd221f7be60@group-3C3ABBECBF4F->d503967e-137a-4fd9-bc45-44203e981a69-GrpcLogAppender: appendEntries Timeout, request=24c53ee4-03df-424b-8e99-1fd221f7be60->d503967e-137a-4fd9-bc45-44203e981a69#107-t2, previous=(t:2, i:20), leaderCommit=16, initializing? false, entries: <empty>
2019-09-12 06:40:06,494 [java.util.concurrent.ThreadPoolExecutor$Worker@24fb95e3[State = -1, empty queue]] WARN  server.GrpcLogAppender (GrpcLogAppender.java:timeoutAppendRequest(200)) - 24c53ee4-03df-424b-8e99-1fd221f7be60@group-3C3ABBECBF4F->3ae969e4-2e35-40bf-9e0e-95acae9da5a5-GrpcLogAppender: appendEntries Timeout, request=24c53ee4-03df-424b-8e99-1fd221f7be60->3ae969e4-2e35-40bf-9e0e-95acae9da5a5#107-t2, previous=(t:2, i:20), leaderCommit=16, initializing? false, entries: <empty>
2019-09-12 06:40:06,743 [grpc-default-executor-7] WARN  server.GrpcLogAppender (LogUtils.java:warn(134)) - e48d04e8-2c1f-410d-8bfb-5a732d356112@group-B034F0427A69->9d685984-4448-42b4-b390-543822753f3a-AppendLogResponseHandler: Failed appendEntries: org.apache.ratis.thirdparty.io.grpc.StatusRuntimeException: UNAVAILABLE: io exception
2019-09-12 06:40:06,743 [grpc-default-executor-7] INFO  impl.FollowerInfo (FollowerInfo.java:lambda$new$0(51)) - e48d04e8-2c1f-410d-8bfb-5a732d356112@group-B034F0427A69->9d685984-4448-42b4-b390-543822753f3a: nextIndex: updateUnconditionally 0 -> 0
2019-09-12 06:40:06,783 [java.util.concurrent.ThreadPoolExecutor$Worker@3e497bcb[State = -1, empty queue]] WARN  server.GrpcLogAppender (GrpcLogAppender.java:timeoutAppendRequest(200)) - 5ecf13a7-acad-498a-ad7b-6f285dbc97e2@group-C5E42DFE1AE1->e1cdc330-b298-4f7e-9f8c-e697349a5e69-GrpcLogAppender: appendEntries Timeout, request=5ecf13a7-acad-498a-ad7b-6f285dbc97e2->e1cdc330-b298-4f7e-9f8c-e697349a5e69#107-t2, previous=(t:2, i:20), leaderCommit=16, initializing? false, entries: <empty>
2019-09-12 06:40:06,783 [java.util.concurrent.ThreadPoolExecutor$Worker@6586fa4d[State = -1, empty queue]] WARN  server.GrpcLogAppender (GrpcLogAppender.java:timeoutAppendRequest(200)) - 5ecf13a7-acad-498a-ad7b-6f285dbc97e2@group-C5E42DFE1AE1->996a256c-fd43-494a-96f3-903b907c5248-GrpcLogAppender: appendEntries Timeout, request=5ecf13a7-acad-498a-ad7b-6f285dbc97e2->996a256c-fd43-494a-96f3-903b907c5248#107-t2, previous=(t:2, i:20), leaderCommit=16, initializing? false, entries: <empty>
2019-09-12 06:40:06,994 [java.util.concurrent.ThreadPoolExecutor$Worker@24fb95e3[State = -1, empty queue]] WARN  server.GrpcLogAppender (GrpcLogAppender.java:timeoutAppendRequest(200)) - 24c53ee4-03df-424b-8e99-1fd221f7be60@group-3C3ABBECBF4F->3ae969e4-2e35-40bf-9e0e-95acae9da5a5-GrpcLogAppender: appendEntries Timeout, request=24c53ee4-03df-424b-8e99-1fd221f7be60->3ae969e4-2e35-40bf-9e0e-95acae9da5a5#108-t2, previous=(t:2, i:20), leaderCommit=16, initializing? false, entries: <empty>
2019-09-12 06:40:06,994 [java.util.concurrent.ThreadPoolExecutor$Worker@7bd075af[State = -1, empty queue]] WARN  server.GrpcLogAppender (GrpcLogAppender.java:timeoutAppendRequest(200)) - 24c53ee4-03df-424b-8e99-1fd221f7be60@group-3C3ABBECBF4F->d503967e-137a-4fd9-bc45-44203e981a69-GrpcLogAppender: appendEntries Timeout, request=24c53ee4-03df-424b-8e99-1fd221f7be60->d503967e-137a-4fd9-bc45-44203e981a69#108-t2, previous=(t:2, i:20), leaderCommit=16, initializing? false, entries: <empty>
2019-09-12 06:40:07,246 [grpc-default-executor-9] WARN  server.GrpcLogAppender (LogUtils.java:warn(134)) - e48d04e8-2c1f-410d-8bfb-5a732d356112@group-B034F0427A69->9d685984-4448-42b4-b390-543822753f3a-AppendLogResponseHandler: Failed appendEntries: org.apache.ratis.thirdparty.io.grpc.StatusRuntimeException: UNAVAILABLE: io exception
2019-09-12 06:40:07,247 [grpc-default-executor-9] INFO  impl.FollowerInfo (FollowerInfo.java:lambda$new$0(51)) - e48d04e8-2c1f-410d-8bfb-5a732d356112@group-B034F0427A69->9d685984-4448-42b4-b390-543822753f3a: nextIndex: updateUnconditionally 0 -> 0
2019-09-12 06:40:07,283 [java.util.concurrent.ThreadPoolExecutor$Worker@3e497bcb[State = -1, empty queue]] WARN  server.GrpcLogAppender (GrpcLogAppender.java:timeoutAppendRequest(200)) - 5ecf13a7-acad-498a-ad7b-6f285dbc97e2@group-C5E42DFE1AE1->e1cdc330-b298-4f7e-9f8c-e697349a5e69-GrpcLogAppender: appendEntries Timeout, request=5ecf13a7-acad-498a-ad7b-6f285dbc97e2->e1cdc330-b298-4f7e-9f8c-e697349a5e69#108-t2, previous=(t:2, i:20), leaderCommit=16, initializing? false, entries: <empty>
2019-09-12 06:40:07,283 [java.util.concurrent.ThreadPoolExecutor$Worker@6586fa4d[State = -1, empty queue]] WARN  server.GrpcLogAppender (GrpcLogAppender.java:timeoutAppendRequest(200)) - 5ecf13a7-acad-498a-ad7b-6f285dbc97e2@group-C5E42DFE1AE1->996a256c-fd43-494a-96f3-903b907c5248-GrpcLogAppender: appendEntries Timeout, request=5ecf13a7-acad-498a-ad7b-6f285dbc97e2->996a256c-fd43-494a-96f3-903b907c5248#108-t2, previous=(t:2, i:20), leaderCommit=16, initializing? false, entries: <empty>
2019-09-12 06:40:07,494 [java.util.concurrent.ThreadPoolExecutor$Worker@24fb95e3[State = -1, empty queue]] WARN  server.GrpcLogAppender (GrpcLogAppender.java:timeoutAppendRequest(200)) - 24c53ee4-03df-424b-8e99-1fd221f7be60@group-3C3ABBECBF4F->3ae969e4-2e35-40bf-9e0e-95acae9da5a5-GrpcLogAppender: appendEntries Timeout, request=24c53ee4-03df-424b-8e99-1fd221f7be60->3ae969e4-2e35-40bf-9e0e-95acae9da5a5#109-t2, previous=(t:2, i:20), leaderCommit=16, initializing? false, entries: <empty>
2019-09-12 06:40:07,494 [java.util.concurrent.ThreadPoolExecutor$Worker@7bd075af[State = -1, empty queue]] WARN  server.GrpcLogAppender (GrpcLogAppender.java:timeoutAppendRequest(200)) - 24c53ee4-03df-424b-8e99-1fd221f7be60@group-3C3ABBECBF4F->d503967e-137a-4fd9-bc45-44203e981a69-GrpcLogAppender: appendEntries Timeout, request=24c53ee4-03df-424b-8e99-1fd221f7be60->d503967e-137a-4fd9-bc45-44203e981a69#109-t2, previous=(t:2, i:20), leaderCommit=16, initializing? false, entries: <empty>
2019-09-12 06:40:07,746 [grpc-default-executor-12] WARN  server.GrpcLogAppender (LogUtils.java:warn(134)) - e48d04e8-2c1f-410d-8bfb-5a732d356112@group-B034F0427A69->9d685984-4448-42b4-b390-543822753f3a-AppendLogResponseHandler: Failed appendEntries: org.apache.ratis.thirdparty.io.grpc.StatusRuntimeException: UNAVAILABLE: io exception
2019-09-12 06:40:07,747 [grpc-default-executor-12] INFO  impl.FollowerInfo (FollowerInfo.java:lambda$new$0(51)) - e48d04e8-2c1f-410d-8bfb-5a732d356112@group-B034F0427A69->9d685984-4448-42b4-b390-543822753f3a: nextIndex: updateUnconditionally 0 -> 0
2019-09-12 06:40:07,783 [java.util.concurrent.ThreadPoolExecutor$Worker@3e497bcb[State = -1, empty queue]] WARN  server.GrpcLogAppender (GrpcLogAppender.java:timeoutAppendRequest(200)) - 5ecf13a7-acad-498a-ad7b-6f285dbc97e2@group-C5E42DFE1AE1->e1cdc330-b298-4f7e-9f8c-e697349a5e69-GrpcLogAppender: appendEntries Timeout, request=5ecf13a7-acad-498a-ad7b-6f285dbc97e2->e1cdc330-b298-4f7e-9f8c-e697349a5e69#109-t2, previous=(t:2, i:20), leaderCommit=16, initializing? false, entries: <empty>
2019-09-12 06:40:07,783 [java.util.concurrent.ThreadPoolExecutor$Worker@6586fa4d[State = -1, empty queue]] WARN  server.GrpcLogAppender (GrpcLogAppender.java:timeoutAppendRequest(200)) - 5ecf13a7-acad-498a-ad7b-6f285dbc97e2@group-C5E42DFE1AE1->996a256c-fd43-494a-96f3-903b907c5248-GrpcLogAppender: appendEntries Timeout, request=5ecf13a7-acad-498a-ad7b-6f285dbc97e2->996a256c-fd43-494a-96f3-903b907c5248#109-t2, previous=(t:2, i:20), leaderCommit=16, initializing? false, entries: <empty>
2019-09-12 06:40:07,995 [java.util.concurrent.ThreadPoolExecutor$Worker@7bd075af[State = -1, empty queue]] WARN  server.GrpcLogAppender (GrpcLogAppender.java:timeoutAppendRequest(200)) - 24c53ee4-03df-424b-8e99-1fd221f7be60@group-3C3ABBECBF4F->d503967e-137a-4fd9-bc45-44203e981a69-GrpcLogAppender: appendEntries Timeout, request=24c53ee4-03df-424b-8e99-1fd221f7be60->d503967e-137a-4fd9-bc45-44203e981a69#110-t2, previous=(t:2, i:20), leaderCommit=16, initializing? false, entries: <empty>
2019-09-12 06:40:07,995 [java.util.concurrent.ThreadPoolExecutor$Worker@24fb95e3[State = -1, empty queue]] WARN  server.GrpcLogAppender (GrpcLogAppender.java:timeoutAppendRequest(200)) - 24c53ee4-03df-424b-8e99-1fd221f7be60@group-3C3ABBECBF4F->3ae969e4-2e35-40bf-9e0e-95acae9da5a5-GrpcLogAppender: appendEntries Timeout, request=24c53ee4-03df-424b-8e99-1fd221f7be60->3ae969e4-2e35-40bf-9e0e-95acae9da5a5#110-t2, previous=(t:2, i:20), leaderCommit=16, initializing? false, entries: <empty>
2019-09-12 06:40:08,247 [grpc-default-executor-9] WARN  server.GrpcLogAppender (LogUtils.java:warn(134)) - e48d04e8-2c1f-410d-8bfb-5a732d356112@group-B034F0427A69->9d685984-4448-42b4-b390-543822753f3a-AppendLogResponseHandler: Failed appendEntries: org.apache.ratis.thirdparty.io.grpc.StatusRuntimeException: UNAVAILABLE: io exception
2019-09-12 06:40:08,248 [grpc-default-executor-9] INFO  impl.FollowerInfo (FollowerInfo.java:lambda$new$0(51)) - e48d04e8-2c1f-410d-8bfb-5a732d356112@group-B034F0427A69->9d685984-4448-42b4-b390-543822753f3a: nextIndex: updateUnconditionally 0 -> 0
2019-09-12 06:40:08,284 [java.util.concurrent.ThreadPoolExecutor$Worker@6586fa4d[State = -1, empty queue]] WARN  server.GrpcLogAppender (GrpcLogAppender.java:timeoutAppendRequest(200)) - 5ecf13a7-acad-498a-ad7b-6f285dbc97e2@group-C5E42DFE1AE1->996a256c-fd43-494a-96f3-903b907c5248-GrpcLogAppender: appendEntries Timeout, request=5ecf13a7-acad-498a-ad7b-6f285dbc97e2->996a256c-fd43-494a-96f3-903b907c5248#110-t2, previous=(t:2, i:20), leaderCommit=16, initializing? false, entries: <empty>
2019-09-12 06:40:08,284 [java.util.concurrent.ThreadPoolExecutor$Worker@3e497bcb[State = -1, empty queue]] WARN  server.GrpcLogAppender (GrpcLogAppender.java:timeoutAppendRequest(200)) - 5ecf13a7-acad-498a-ad7b-6f285dbc97e2@group-C5E42DFE1AE1->e1cdc330-b298-4f7e-9f8c-e697349a5e69-GrpcLogAppender: appendEntries Timeout, request=5ecf13a7-acad-498a-ad7b-6f285dbc97e2->e1cdc330-b298-4f7e-9f8c-e697349a5e69#110-t2, previous=(t:2, i:20), leaderCommit=16, initializing? false, entries: <empty>
2019-09-12 06:40:08,495 [java.util.concurrent.ThreadPoolExecutor$Worker@7bd075af[State = -1, empty queue]] WARN  server.GrpcLogAppender (GrpcLogAppender.java:timeoutAppendRequest(200)) - 24c53ee4-03df-424b-8e99-1fd221f7be60@group-3C3ABBECBF4F->d503967e-137a-4fd9-bc45-44203e981a69-GrpcLogAppender: appendEntries Timeout, request=24c53ee4-03df-424b-8e99-1fd221f7be60->d503967e-137a-4fd9-bc45-44203e981a69#111-t2, previous=(t:2, i:20), leaderCommit=16, initializing? false, entries: <empty>
2019-09-12 06:40:08,495 [java.util.concurrent.ThreadPoolExecutor$Worker@24fb95e3[State = -1, empty queue]] WARN  server.GrpcLogAppender (GrpcLogAppender.java:timeoutAppendRequest(200)) - 24c53ee4-03df-424b-8e99-1fd221f7be60@group-3C3ABBECBF4F->3ae969e4-2e35-40bf-9e0e-95acae9da5a5-GrpcLogAppender: appendEntries Timeout, request=24c53ee4-03df-424b-8e99-1fd221f7be60->3ae969e4-2e35-40bf-9e0e-95acae9da5a5#111-t2, previous=(t:2, i:20), leaderCommit=16, initializing? false, entries: <empty>
2019-09-12 06:40:08,749 [grpc-default-executor-12] WARN  server.GrpcLogAppender (LogUtils.java:warn(134)) - e48d04e8-2c1f-410d-8bfb-5a732d356112@group-B034F0427A69->9d685984-4448-42b4-b390-543822753f3a-AppendLogResponseHandler: Failed appendEntries: org.apache.ratis.thirdparty.io.grpc.StatusRuntimeException: UNAVAILABLE: io exception
2019-09-12 06:40:08,749 [grpc-default-executor-12] INFO  impl.FollowerInfo (FollowerInfo.java:lambda$new$0(51)) - e48d04e8-2c1f-410d-8bfb-5a732d356112@group-B034F0427A69->9d685984-4448-42b4-b390-543822753f3a: nextIndex: updateUnconditionally 0 -> 0
2019-09-12 06:40:08,784 [java.util.concurrent.ThreadPoolExecutor$Worker@3e497bcb[State = -1, empty queue]] WARN  server.GrpcLogAppender (GrpcLogAppender.java:timeoutAppendRequest(200)) - 5ecf13a7-acad-498a-ad7b-6f285dbc97e2@group-C5E42DFE1AE1->e1cdc330-b298-4f7e-9f8c-e697349a5e69-GrpcLogAppender: appendEntries Timeout, request=5ecf13a7-acad-498a-ad7b-6f285dbc97e2->e1cdc330-b298-4f7e-9f8c-e697349a5e69#111-t2, previous=(t:2, i:20), leaderCommit=16, initializing? false, entries: <empty>
2019-09-12 06:40:08,784 [java.util.concurrent.ThreadPoolExecutor$Worker@6586fa4d[State = -1, empty queue]] WARN  server.GrpcLogAppender (GrpcLogAppender.java:timeoutAppendRequest(200)) - 5ecf13a7-acad-498a-ad7b-6f285dbc97e2@group-C5E42DFE1AE1->996a256c-fd43-494a-96f3-903b907c5248-GrpcLogAppender: appendEntries Timeout, request=5ecf13a7-acad-498a-ad7b-6f285dbc97e2->996a256c-fd43-494a-96f3-903b907c5248#111-t2, previous=(t:2, i:20), leaderCommit=16, initializing? false, entries: <empty>
2019-09-12 06:40:08,995 [java.util.concurrent.ThreadPoolExecutor$Worker@24fb95e3[State = -1, empty queue]] WARN  server.GrpcLogAppender (GrpcLogAppender.java:timeoutAppendRequest(200)) - 24c53ee4-03df-424b-8e99-1fd221f7be60@group-3C3ABBECBF4F->3ae969e4-2e35-40bf-9e0e-95acae9da5a5-GrpcLogAppender: appendEntries Timeout, request=24c53ee4-03df-424b-8e99-1fd221f7be60->3ae969e4-2e35-40bf-9e0e-95acae9da5a5#112-t2, previous=(t:2, i:20), leaderCommit=16, initializing? false, entries: <empty>
2019-09-12 06:40:08,995 [java.util.concurrent.ThreadPoolExecutor$Worker@7bd075af[State = -1, empty queue]] WARN  server.GrpcLogAppender (GrpcLogAppender.java:timeoutAppendRequest(200)) - 24c53ee4-03df-424b-8e99-1fd221f7be60@group-3C3ABBECBF4F->d503967e-137a-4fd9-bc45-44203e981a69-GrpcLogAppender: appendEntries Timeout, request=24c53ee4-03df-424b-8e99-1fd221f7be60->d503967e-137a-4fd9-bc45-44203e981a69#112-t2, previous=(t:2, i:20), leaderCommit=16, initializing? false, entries: <empty>
2019-09-12 06:40:09,249 [grpc-default-executor-9] WARN  server.GrpcLogAppender (LogUtils.java:warn(134)) - e48d04e8-2c1f-410d-8bfb-5a732d356112@group-B034F0427A69->9d685984-4448-42b4-b390-543822753f3a-AppendLogResponseHandler: Failed appendEntries: org.apache.ratis.thirdparty.io.grpc.StatusRuntimeException: UNAVAILABLE: io exception
2019-09-12 06:40:09,249 [grpc-default-executor-9] INFO  impl.FollowerInfo (FollowerInfo.java:lambda$new$0(51)) - e48d04e8-2c1f-410d-8bfb-5a732d356112@group-B034F0427A69->9d685984-4448-42b4-b390-543822753f3a: nextIndex: updateUnconditionally 0 -> 0
2019-09-12 06:40:09,284 [java.util.concurrent.ThreadPoolExecutor$Worker@3e497bcb[State = -1, empty queue]] WARN  server.GrpcLogAppender (GrpcLogAppender.java:timeoutAppendRequest(200)) - 5ecf13a7-acad-498a-ad7b-6f285dbc97e2@group-C5E42DFE1AE1->e1cdc330-b298-4f7e-9f8c-e697349a5e69-GrpcLogAppender: appendEntries Timeout, request=5ecf13a7-acad-498a-ad7b-6f285dbc97e2->e1cdc330-b298-4f7e-9f8c-e697349a5e69#112-t2, previous=(t:2, i:20), leaderCommit=16, initializing? false, entries: <empty>
2019-09-12 06:40:09,284 [java.util.concurrent.ThreadPoolExecutor$Worker@6586fa4d[State = -1, empty queue]] WARN  server.GrpcLogAppender (GrpcLogAppender.java:timeoutAppendRequest(200)) - 5ecf13a7-acad-498a-ad7b-6f285dbc97e2@group-C5E42DFE1AE1->996a256c-fd43-494a-96f3-903b907c5248-GrpcLogAppender: appendEntries Timeout, request=5ecf13a7-acad-498a-ad7b-6f285dbc97e2->996a256c-fd43-494a-96f3-903b907c5248#112-t2, previous=(t:2, i:20), leaderCommit=16, initializing? false, entries: <empty>
2019-09-12 06:40:09,286 [main] WARN  scm.XceiverClientRatis (XceiverClientRatis.java:watchForCommit(262)) - 3 way commit failed on pipeline Pipeline[ Id: 0a74ecfd-3b1d-4619-a0a9-b034f0427a69, Nodes: 9d685984-4448-42b4-b390-543822753f3a{ip: 192.168.34.52, host: trunk-nightly-20190912-4gc2t-2068889165, networkLocation: /default-rack, certSerialId: null}e48d04e8-2c1f-410d-8bfb-5a732d356112{ip: 192.168.34.52, host: trunk-nightly-20190912-4gc2t-2068889165, networkLocation: /default-rack, certSerialId: null}760f3a61-bfa2-4d4e-85d8-817950efb624{ip: 192.168.34.52, host: trunk-nightly-20190912-4gc2t-2068889165, networkLocation: /default-rack, certSerialId: null}, Type:RATIS, Factor:THREE, State:OPEN]
java.util.concurrent.TimeoutException
	at java.util.concurrent.CompletableFuture.timedGet(CompletableFuture.java:1771)
	at java.util.concurrent.CompletableFuture.get(CompletableFuture.java:1915)
	at org.apache.hadoop.hdds.scm.XceiverClientRatis.watchForCommit(XceiverClientRatis.java:259)
	at org.apache.hadoop.hdds.scm.storage.CommitWatcher.watchForCommit(CommitWatcher.java:194)
	at org.apache.hadoop.hdds.scm.storage.CommitWatcher.watchOnFirstIndex(CommitWatcher.java:135)
	at org.apache.hadoop.hdds.scm.storage.BlockOutputStream.watchForCommit(BlockOutputStream.java:347)
	at org.apache.hadoop.hdds.scm.storage.BlockOutputStream.handleFullBuffer(BlockOutputStream.java:324)
	at org.apache.hadoop.hdds.scm.storage.BlockOutputStream.writeOnRetry(BlockOutputStream.java:302)
	at org.apache.hadoop.ozone.client.io.BlockOutputStreamEntry.writeOnRetry(BlockOutputStreamEntry.java:200)
	at org.apache.hadoop.ozone.client.io.KeyOutputStream.handleWrite(KeyOutputStream.java:209)
	at org.apache.hadoop.ozone.client.io.KeyOutputStream.handleRetry(KeyOutputStream.java:376)
	at org.apache.hadoop.ozone.client.io.KeyOutputStream.handleException(KeyOutputStream.java:325)
	at org.apache.hadoop.ozone.client.io.KeyOutputStream.handleWrite(KeyOutputStream.java:231)
	at org.apache.hadoop.ozone.client.io.KeyOutputStream.write(KeyOutputStream.java:193)
	at org.apache.hadoop.ozone.client.io.OzoneOutputStream.write(OzoneOutputStream.java:49)
	at java.io.OutputStream.write(OutputStream.java:75)
	at org.apache.hadoop.ozone.client.rpc.TestMultiBlockWritesWithDnFailures.testMultiBlockWritesWithIntermittentDnFailures(TestMultiBlockWritesWithDnFailures.java:192)
	at sun.reflect.NativeMethodAccessorImpl.invoke0(Native Method)
	at sun.reflect.NativeMethodAccessorImpl.invoke(NativeMethodAccessorImpl.java:62)
	at sun.reflect.DelegatingMethodAccessorImpl.invoke(DelegatingMethodAccessorImpl.java:43)
	at java.lang.reflect.Method.invoke(Method.java:498)
	at org.junit.runners.model.FrameworkMethod$1.runReflectiveCall(FrameworkMethod.java:47)
	at org.junit.internal.runners.model.ReflectiveCallable.run(ReflectiveCallable.java:12)
	at org.junit.runners.model.FrameworkMethod.invokeExplosively(FrameworkMethod.java:44)
	at org.junit.internal.runners.statements.InvokeMethod.evaluate(InvokeMethod.java:17)
	at org.junit.internal.runners.statements.RunAfters.evaluate(RunAfters.java:27)
	at org.junit.runners.ParentRunner.runLeaf(ParentRunner.java:271)
	at org.junit.runners.BlockJUnit4ClassRunner.runChild(BlockJUnit4ClassRunner.java:70)
	at org.junit.runners.BlockJUnit4ClassRunner.runChild(BlockJUnit4ClassRunner.java:50)
	at org.junit.runners.ParentRunner$3.run(ParentRunner.java:238)
	at org.junit.runners.ParentRunner$1.schedule(ParentRunner.java:63)
	at org.junit.runners.ParentRunner.runChildren(ParentRunner.java:236)
	at org.junit.runners.ParentRunner.access$000(ParentRunner.java:53)
	at org.junit.runners.ParentRunner$2.evaluate(ParentRunner.java:229)
	at org.junit.runners.ParentRunner.run(ParentRunner.java:309)
	at org.apache.maven.surefire.junit4.JUnit4Provider.execute(JUnit4Provider.java:365)
	at org.apache.maven.surefire.junit4.JUnit4Provider.executeWithRerun(JUnit4Provider.java:273)
	at org.apache.maven.surefire.junit4.JUnit4Provider.executeTestSet(JUnit4Provider.java:238)
	at org.apache.maven.surefire.junit4.JUnit4Provider.invoke(JUnit4Provider.java:159)
	at org.apache.maven.surefire.booter.ForkedBooter.invokeProviderInSameClassLoader(ForkedBooter.java:384)
	at org.apache.maven.surefire.booter.ForkedBooter.runSuitesInProcess(ForkedBooter.java:345)
	at org.apache.maven.surefire.booter.ForkedBooter.execute(ForkedBooter.java:126)
	at org.apache.maven.surefire.booter.ForkedBooter.main(ForkedBooter.java:418)
2019-09-12 06:40:09,292 [grpc-default-executor-12] INFO  client.GrpcClientProtocolClient (GrpcClientProtocolClient.java:onNext(264)) - client-DEDF7BC23D58->e48d04e8-2c1f-410d-8bfb-5a732d356112: receive RaftClientReply:client-DEDF7BC23D58->e48d04e8-2c1f-410d-8bfb-5a732d356112@group-B034F0427A69, cid=61, SUCCESS, logIndex=0, commits[e48d04e8-2c1f-410d-8bfb-5a732d356112:c26, 760f3a61-bfa2-4d4e-85d8-817950efb624:c26, 9d685984-4448-42b4-b390-543822753f3a:c16]
2019-09-12 06:40:09,295 [main] INFO  scm.XceiverClientRatis (XceiverClientRatis.java:lambda$watchForCommit$7(280)) - Could not commit index 21 on pipeline Pipeline[ Id: 0a74ecfd-3b1d-4619-a0a9-b034f0427a69, Nodes: 9d685984-4448-42b4-b390-543822753f3a{ip: 192.168.34.52, host: trunk-nightly-20190912-4gc2t-2068889165, networkLocation: /default-rack, certSerialId: null}e48d04e8-2c1f-410d-8bfb-5a732d356112{ip: 192.168.34.52, host: trunk-nightly-20190912-4gc2t-2068889165, networkLocation: /default-rack, certSerialId: null}760f3a61-bfa2-4d4e-85d8-817950efb624{ip: 192.168.34.52, host: trunk-nightly-20190912-4gc2t-2068889165, networkLocation: /default-rack, certSerialId: null}, Type:RATIS, Factor:THREE, State:OPEN] to all the nodes. Server 9d685984-4448-42b4-b390-543822753f3a has failed. Committed by majority.
2019-09-12 06:40:09,296 [main] WARN  storage.BlockOutputStream (BlockOutputStream.java:watchForCommit(353)) - Failed to commit BlockId conID: 7 locID: 102778169129172999 bcsId: 23 on Pipeline[ Id: 0a74ecfd-3b1d-4619-a0a9-b034f0427a69, Nodes: 9d685984-4448-42b4-b390-543822753f3a{ip: 192.168.34.52, host: trunk-nightly-20190912-4gc2t-2068889165, networkLocation: /default-rack, certSerialId: null}e48d04e8-2c1f-410d-8bfb-5a732d356112{ip: 192.168.34.52, host: trunk-nightly-20190912-4gc2t-2068889165, networkLocation: /default-rack, certSerialId: null}760f3a61-bfa2-4d4e-85d8-817950efb624{ip: 192.168.34.52, host: trunk-nightly-20190912-4gc2t-2068889165, networkLocation: /default-rack, certSerialId: null}, Type:RATIS, Factor:THREE, State:OPEN]. Failed nodes: [9d685984-4448-42b4-b390-543822753f3a{ip: null, host: null, networkLocation: /default-rack, certSerialId: null}]
2019-09-12 06:40:09,307 [grpc-default-executor-7] WARN  server.GrpcLogAppender (LogUtils.java:warn(134)) - e48d04e8-2c1f-410d-8bfb-5a732d356112@group-B034F0427A69->9d685984-4448-42b4-b390-543822753f3a-AppendLogResponseHandler: Failed appendEntries: org.apache.ratis.thirdparty.io.grpc.StatusRuntimeException: UNAVAILABLE: io exception
2019-09-12 06:40:09,307 [grpc-default-executor-7] INFO  impl.FollowerInfo (FollowerInfo.java:lambda$new$0(51)) - e48d04e8-2c1f-410d-8bfb-5a732d356112@group-B034F0427A69->9d685984-4448-42b4-b390-543822753f3a: nextIndex: updateUnconditionally 1 -> 0
2019-09-12 06:40:09,325 [grpc-default-executor-12] WARN  server.GrpcLogAppender (LogUtils.java:warn(134)) - e48d04e8-2c1f-410d-8bfb-5a732d356112@group-B034F0427A69->9d685984-4448-42b4-b390-543822753f3a-AppendLogResponseHandler: Failed appendEntries: org.apache.ratis.thirdparty.io.grpc.StatusRuntimeException: UNAVAILABLE: io exception
2019-09-12 06:40:09,325 [grpc-default-executor-9] INFO  client.GrpcClientProtocolClient (GrpcClientProtocolClient.java:onNext(264)) - client-DEDF7BC23D58->e48d04e8-2c1f-410d-8bfb-5a732d356112: receive RaftClientReply:client-DEDF7BC23D58->e48d04e8-2c1f-410d-8bfb-5a732d356112@group-B034F0427A69, cid=62, SUCCESS, logIndex=27, commits[e48d04e8-2c1f-410d-8bfb-5a732d356112:c28, 760f3a61-bfa2-4d4e-85d8-817950efb624:c26, 9d685984-4448-42b4-b390-543822753f3a:c16]
2019-09-12 06:40:09,326 [grpc-default-executor-12] INFO  impl.FollowerInfo (FollowerInfo.java:lambda$new$0(51)) - e48d04e8-2c1f-410d-8bfb-5a732d356112@group-B034F0427A69->9d685984-4448-42b4-b390-543822753f3a: nextIndex: updateUnconditionally 1 -> 0
2019-09-12 06:40:09,327 [grpc-default-executor-12] INFO  client.GrpcClientProtocolClient (GrpcClientProtocolClient.java:onNext(264)) - client-DEDF7BC23D58->e48d04e8-2c1f-410d-8bfb-5a732d356112: receive RaftClientReply:client-DEDF7BC23D58->e48d04e8-2c1f-410d-8bfb-5a732d356112@group-B034F0427A69, cid=63, SUCCESS, logIndex=28, commits[e48d04e8-2c1f-410d-8bfb-5a732d356112:c28, 760f3a61-bfa2-4d4e-85d8-817950efb624:c26, 9d685984-4448-42b4-b390-543822753f3a:c16]
2019-09-12 06:40:09,338 [grpc-default-executor-7] WARN  server.GrpcLogAppender (LogUtils.java:warn(134)) - e48d04e8-2c1f-410d-8bfb-5a732d356112@group-B034F0427A69->9d685984-4448-42b4-b390-543822753f3a-AppendLogResponseHandler: Failed appendEntries: org.apache.ratis.thirdparty.io.grpc.StatusRuntimeException: UNAVAILABLE: io exception
2019-09-12 06:40:09,338 [grpc-default-executor-7] INFO  impl.FollowerInfo (FollowerInfo.java:lambda$new$0(51)) - e48d04e8-2c1f-410d-8bfb-5a732d356112@group-B034F0427A69->9d685984-4448-42b4-b390-543822753f3a: nextIndex: updateUnconditionally 1 -> 0
2019-09-12 06:40:09,497 [java.util.concurrent.ThreadPoolExecutor$Worker@24fb95e3[State = -1, empty queue]] WARN  server.GrpcLogAppender (GrpcLogAppender.java:timeoutAppendRequest(200)) - 24c53ee4-03df-424b-8e99-1fd221f7be60@group-3C3ABBECBF4F->3ae969e4-2e35-40bf-9e0e-95acae9da5a5-GrpcLogAppender: appendEntries Timeout, request=24c53ee4-03df-424b-8e99-1fd221f7be60->3ae969e4-2e35-40bf-9e0e-95acae9da5a5#113-t2, previous=(t:2, i:20), leaderCommit=16, initializing? false, entries: <empty>
2019-09-12 06:40:09,497 [java.util.concurrent.ThreadPoolExecutor$Worker@7bd075af[State = -1, empty queue]] WARN  server.GrpcLogAppender (GrpcLogAppender.java:timeoutAppendRequest(200)) - 24c53ee4-03df-424b-8e99-1fd221f7be60@group-3C3ABBECBF4F->d503967e-137a-4fd9-bc45-44203e981a69-GrpcLogAppender: appendEntries Timeout, request=24c53ee4-03df-424b-8e99-1fd221f7be60->d503967e-137a-4fd9-bc45-44203e981a69#113-t2, previous=(t:2, i:20), leaderCommit=16, initializing? false, entries: <empty>
2019-09-12 06:40:09,785 [java.util.concurrent.ThreadPoolExecutor$Worker@6586fa4d[State = -1, empty queue]] WARN  server.GrpcLogAppender (GrpcLogAppender.java:timeoutAppendRequest(200)) - 5ecf13a7-acad-498a-ad7b-6f285dbc97e2@group-C5E42DFE1AE1->996a256c-fd43-494a-96f3-903b907c5248-GrpcLogAppender: appendEntries Timeout, request=5ecf13a7-acad-498a-ad7b-6f285dbc97e2->996a256c-fd43-494a-96f3-903b907c5248#113-t2, previous=(t:2, i:20), leaderCommit=16, initializing? false, entries: <empty>
2019-09-12 06:40:09,785 [java.util.concurrent.ThreadPoolExecutor$Worker@3e497bcb[State = -1, empty queue]] WARN  server.GrpcLogAppender (GrpcLogAppender.java:timeoutAppendRequest(200)) - 5ecf13a7-acad-498a-ad7b-6f285dbc97e2@group-C5E42DFE1AE1->e1cdc330-b298-4f7e-9f8c-e697349a5e69-GrpcLogAppender: appendEntries Timeout, request=5ecf13a7-acad-498a-ad7b-6f285dbc97e2->e1cdc330-b298-4f7e-9f8c-e697349a5e69#113-t2, previous=(t:2, i:20), leaderCommit=16, initializing? false, entries: <empty>
2019-09-12 06:40:09,839 [grpc-default-executor-9] WARN  server.GrpcLogAppender (LogUtils.java:warn(134)) - e48d04e8-2c1f-410d-8bfb-5a732d356112@group-B034F0427A69->9d685984-4448-42b4-b390-543822753f3a-AppendLogResponseHandler: Failed appendEntries: org.apache.ratis.thirdparty.io.grpc.StatusRuntimeException: UNAVAILABLE: io exception
2019-09-12 06:40:09,840 [grpc-default-executor-9] INFO  impl.FollowerInfo (FollowerInfo.java:lambda$new$0(51)) - e48d04e8-2c1f-410d-8bfb-5a732d356112@group-B034F0427A69->9d685984-4448-42b4-b390-543822753f3a: nextIndex: updateUnconditionally 0 -> 0
2019-09-12 06:40:09,997 [java.util.concurrent.ThreadPoolExecutor$Worker@24fb95e3[State = -1, empty queue]] WARN  server.GrpcLogAppender (GrpcLogAppender.java:timeoutAppendRequest(200)) - 24c53ee4-03df-424b-8e99-1fd221f7be60@group-3C3ABBECBF4F->3ae969e4-2e35-40bf-9e0e-95acae9da5a5-GrpcLogAppender: appendEntries Timeout, request=24c53ee4-03df-424b-8e99-1fd221f7be60->3ae969e4-2e35-40bf-9e0e-95acae9da5a5#114-t2, previous=(t:2, i:20), leaderCommit=16, initializing? false, entries: <empty>
2019-09-12 06:40:09,997 [java.util.concurrent.ThreadPoolExecutor$Worker@7bd075af[State = -1, empty queue]] WARN  server.GrpcLogAppender (GrpcLogAppender.java:timeoutAppendRequest(200)) - 24c53ee4-03df-424b-8e99-1fd221f7be60@group-3C3ABBECBF4F->d503967e-137a-4fd9-bc45-44203e981a69-GrpcLogAppender: appendEntries Timeout, request=24c53ee4-03df-424b-8e99-1fd221f7be60->d503967e-137a-4fd9-bc45-44203e981a69#114-t2, previous=(t:2, i:20), leaderCommit=16, initializing? false, entries: <empty>
2019-09-12 06:40:10,148 [Datanode State Machine Thread - 0] INFO  statemachine.DatanodeStateMachine (DatanodeStateMachine.java:lambda$startDaemon$0(350)) - Ozone container server started.
2019-09-12 06:40:10,285 [java.util.concurrent.ThreadPoolExecutor$Worker@3e497bcb[State = -1, empty queue]] WARN  server.GrpcLogAppender (GrpcLogAppender.java:timeoutAppendRequest(200)) - 5ecf13a7-acad-498a-ad7b-6f285dbc97e2@group-C5E42DFE1AE1->e1cdc330-b298-4f7e-9f8c-e697349a5e69-GrpcLogAppender: appendEntries Timeout, request=5ecf13a7-acad-498a-ad7b-6f285dbc97e2->e1cdc330-b298-4f7e-9f8c-e697349a5e69#114-t2, previous=(t:2, i:20), leaderCommit=16, initializing? false, entries: <empty>
2019-09-12 06:40:10,285 [java.util.concurrent.ThreadPoolExecutor$Worker@6586fa4d[State = -1, empty queue]] WARN  server.GrpcLogAppender (GrpcLogAppender.java:timeoutAppendRequest(200)) - 5ecf13a7-acad-498a-ad7b-6f285dbc97e2@group-C5E42DFE1AE1->996a256c-fd43-494a-96f3-903b907c5248-GrpcLogAppender: appendEntries Timeout, request=5ecf13a7-acad-498a-ad7b-6f285dbc97e2->996a256c-fd43-494a-96f3-903b907c5248#114-t2, previous=(t:2, i:20), leaderCommit=16, initializing? false, entries: <empty>
2019-09-12 06:40:10,340 [grpc-default-executor-12] WARN  server.GrpcLogAppender (LogUtils.java:warn(134)) - e48d04e8-2c1f-410d-8bfb-5a732d356112@group-B034F0427A69->9d685984-4448-42b4-b390-543822753f3a-AppendLogResponseHandler: Failed appendEntries: org.apache.ratis.thirdparty.io.grpc.StatusRuntimeException: UNAVAILABLE: io exception
2019-09-12 06:40:10,341 [grpc-default-executor-12] INFO  impl.FollowerInfo (FollowerInfo.java:lambda$new$0(51)) - e48d04e8-2c1f-410d-8bfb-5a732d356112@group-B034F0427A69->9d685984-4448-42b4-b390-543822753f3a: nextIndex: updateUnconditionally 0 -> 0
2019-09-12 06:40:10,497 [java.util.concurrent.ThreadPoolExecutor$Worker@7bd075af[State = -1, empty queue]] WARN  server.GrpcLogAppender (GrpcLogAppender.java:timeoutAppendRequest(200)) - 24c53ee4-03df-424b-8e99-1fd221f7be60@group-3C3ABBECBF4F->d503967e-137a-4fd9-bc45-44203e981a69-GrpcLogAppender: appendEntries Timeout, request=24c53ee4-03df-424b-8e99-1fd221f7be60->d503967e-137a-4fd9-bc45-44203e981a69#115-t2, previous=(t:2, i:20), leaderCommit=16, initializing? false, entries: <empty>
2019-09-12 06:40:10,497 [java.util.concurrent.ThreadPoolExecutor$Worker@24fb95e3[State = -1, empty queue]] WARN  server.GrpcLogAppender (GrpcLogAppender.java:timeoutAppendRequest(200)) - 24c53ee4-03df-424b-8e99-1fd221f7be60@group-3C3ABBECBF4F->3ae969e4-2e35-40bf-9e0e-95acae9da5a5-GrpcLogAppender: appendEntries Timeout, request=24c53ee4-03df-424b-8e99-1fd221f7be60->3ae969e4-2e35-40bf-9e0e-95acae9da5a5#115-t2, previous=(t:2, i:20), leaderCommit=16, initializing? false, entries: <empty>
2019-09-12 06:40:10,722 [24c53ee4-03df-424b-8e99-1fd221f7be60@group-3C3ABBECBF4F-SegmentedRaftLogWorker] WARN  segmented.SegmentedRaftLogWorker (SegmentedRaftLogWorker.java:getFromFuture(90)) - Timeout 4/~
org.apache.ratis.protocol.TimeoutIOException: Timeout 10s: WriteLog:17: (t:2, i:17), STATEMACHINELOGENTRY, client-8B9783ACE8AA, cid=39-writeStateMachineData
	at org.apache.ratis.util.IOUtils.getFromFuture(IOUtils.java:87)
	at org.apache.ratis.server.raftlog.segmented.SegmentedRaftLogWorker$StateMachineDataPolicy.getFromFuture(SegmentedRaftLogWorker.java:87)
	at org.apache.ratis.server.raftlog.segmented.SegmentedRaftLogWorker$WriteLog.execute(SegmentedRaftLogWorker.java:477)
	at org.apache.ratis.server.raftlog.segmented.SegmentedRaftLogWorker.run(SegmentedRaftLogWorker.java:289)
	at java.lang.Thread.run(Thread.java:748)
Caused by: java.util.concurrent.TimeoutException
	at java.util.concurrent.CompletableFuture.timedGet(CompletableFuture.java:1771)
	at java.util.concurrent.CompletableFuture.get(CompletableFuture.java:1915)
	at org.apache.ratis.util.IOUtils.getFromFuture(IOUtils.java:79)
	... 4 more
2019-09-12 06:40:10,748 [d503967e-137a-4fd9-bc45-44203e981a69@group-3C3ABBECBF4F-SegmentedRaftLogWorker] WARN  segmented.SegmentedRaftLogWorker (SegmentedRaftLogWorker.java:getFromFuture(90)) - Timeout 4/~
org.apache.ratis.protocol.TimeoutIOException: Timeout 10s: WriteLog:17: (t:2, i:17), STATEMACHINELOGENTRY, client-8B9783ACE8AA, cid=39-writeStateMachineData
	at org.apache.ratis.util.IOUtils.getFromFuture(IOUtils.java:87)
	at org.apache.ratis.server.raftlog.segmented.SegmentedRaftLogWorker$StateMachineDataPolicy.getFromFuture(SegmentedRaftLogWorker.java:87)
	at org.apache.ratis.server.raftlog.segmented.SegmentedRaftLogWorker$WriteLog.execute(SegmentedRaftLogWorker.java:477)
	at org.apache.ratis.server.raftlog.segmented.SegmentedRaftLogWorker.run(SegmentedRaftLogWorker.java:289)
	at java.lang.Thread.run(Thread.java:748)
Caused by: java.util.concurrent.TimeoutException
	at java.util.concurrent.CompletableFuture.timedGet(CompletableFuture.java:1771)
	at java.util.concurrent.CompletableFuture.get(CompletableFuture.java:1915)
	at org.apache.ratis.util.IOUtils.getFromFuture(IOUtils.java:79)
	... 4 more
2019-09-12 06:40:10,748 [3ae969e4-2e35-40bf-9e0e-95acae9da5a5@group-3C3ABBECBF4F-SegmentedRaftLogWorker] WARN  segmented.SegmentedRaftLogWorker (SegmentedRaftLogWorker.java:getFromFuture(90)) - Timeout 4/~
org.apache.ratis.protocol.TimeoutIOException: Timeout 10s: WriteLog:17: (t:2, i:17), STATEMACHINELOGENTRY, client-8B9783ACE8AA, cid=39-writeStateMachineData
	at org.apache.ratis.util.IOUtils.getFromFuture(IOUtils.java:87)
	at org.apache.ratis.server.raftlog.segmented.SegmentedRaftLogWorker$StateMachineDataPolicy.getFromFuture(SegmentedRaftLogWorker.java:87)
	at org.apache.ratis.server.raftlog.segmented.SegmentedRaftLogWorker$WriteLog.execute(SegmentedRaftLogWorker.java:477)
	at org.apache.ratis.server.raftlog.segmented.SegmentedRaftLogWorker.run(SegmentedRaftLogWorker.java:289)
	at java.lang.Thread.run(Thread.java:748)
Caused by: java.util.concurrent.TimeoutException
	at java.util.concurrent.CompletableFuture.timedGet(CompletableFuture.java:1771)
	at java.util.concurrent.CompletableFuture.get(CompletableFuture.java:1915)
	at org.apache.ratis.util.IOUtils.getFromFuture(IOUtils.java:79)
	... 4 more
2019-09-12 06:40:10,785 [java.util.concurrent.ThreadPoolExecutor$Worker@3e497bcb[State = -1, empty queue]] WARN  server.GrpcLogAppender (GrpcLogAppender.java:timeoutAppendRequest(200)) - 5ecf13a7-acad-498a-ad7b-6f285dbc97e2@group-C5E42DFE1AE1->e1cdc330-b298-4f7e-9f8c-e697349a5e69-GrpcLogAppender: appendEntries Timeout, request=5ecf13a7-acad-498a-ad7b-6f285dbc97e2->e1cdc330-b298-4f7e-9f8c-e697349a5e69#115-t2, previous=(t:2, i:20), leaderCommit=16, initializing? false, entries: <empty>
2019-09-12 06:40:10,785 [java.util.concurrent.ThreadPoolExecutor$Worker@6586fa4d[State = -1, empty queue]] WARN  server.GrpcLogAppender (GrpcLogAppender.java:timeoutAppendRequest(200)) - 5ecf13a7-acad-498a-ad7b-6f285dbc97e2@group-C5E42DFE1AE1->996a256c-fd43-494a-96f3-903b907c5248-GrpcLogAppender: appendEntries Timeout, request=5ecf13a7-acad-498a-ad7b-6f285dbc97e2->996a256c-fd43-494a-96f3-903b907c5248#115-t2, previous=(t:2, i:20), leaderCommit=16, initializing? false, entries: <empty>
2019-09-12 06:40:10,841 [grpc-default-executor-7] WARN  server.GrpcLogAppender (LogUtils.java:warn(134)) - e48d04e8-2c1f-410d-8bfb-5a732d356112@group-B034F0427A69->9d685984-4448-42b4-b390-543822753f3a-AppendLogResponseHandler: Failed appendEntries: org.apache.ratis.thirdparty.io.grpc.StatusRuntimeException: UNAVAILABLE: io exception
2019-09-12 06:40:10,841 [grpc-default-executor-7] INFO  impl.FollowerInfo (FollowerInfo.java:lambda$new$0(51)) - e48d04e8-2c1f-410d-8bfb-5a732d356112@group-B034F0427A69->9d685984-4448-42b4-b390-543822753f3a: nextIndex: updateUnconditionally 0 -> 0
2019-09-12 06:40:10,998 [java.util.concurrent.ThreadPoolExecutor$Worker@24fb95e3[State = -1, empty queue]] WARN  server.GrpcLogAppender (GrpcLogAppender.java:timeoutAppendRequest(200)) - 24c53ee4-03df-424b-8e99-1fd221f7be60@group-3C3ABBECBF4F->3ae969e4-2e35-40bf-9e0e-95acae9da5a5-GrpcLogAppender: appendEntries Timeout, request=24c53ee4-03df-424b-8e99-1fd221f7be60->3ae969e4-2e35-40bf-9e0e-95acae9da5a5#116-t2, previous=(t:2, i:20), leaderCommit=16, initializing? false, entries: <empty>
2019-09-12 06:40:10,998 [java.util.concurrent.ThreadPoolExecutor$Worker@7bd075af[State = -1, empty queue]] WARN  server.GrpcLogAppender (GrpcLogAppender.java:timeoutAppendRequest(200)) - 24c53ee4-03df-424b-8e99-1fd221f7be60@group-3C3ABBECBF4F->d503967e-137a-4fd9-bc45-44203e981a69-GrpcLogAppender: appendEntries Timeout, request=24c53ee4-03df-424b-8e99-1fd221f7be60->d503967e-137a-4fd9-bc45-44203e981a69#116-t2, previous=(t:2, i:20), leaderCommit=16, initializing? false, entries: <empty>
2019-09-12 06:40:11,286 [java.util.concurrent.ThreadPoolExecutor$Worker@6586fa4d[State = -1, empty queue]] WARN  server.GrpcLogAppender (GrpcLogAppender.java:timeoutAppendRequest(200)) - 5ecf13a7-acad-498a-ad7b-6f285dbc97e2@group-C5E42DFE1AE1->996a256c-fd43-494a-96f3-903b907c5248-GrpcLogAppender: appendEntries Timeout, request=5ecf13a7-acad-498a-ad7b-6f285dbc97e2->996a256c-fd43-494a-96f3-903b907c5248#116-t2, previous=(t:2, i:20), leaderCommit=16, initializing? false, entries: <empty>
2019-09-12 06:40:11,286 [java.util.concurrent.ThreadPoolExecutor$Worker@3e497bcb[State = -1, empty queue]] WARN  server.GrpcLogAppender (GrpcLogAppender.java:timeoutAppendRequest(200)) - 5ecf13a7-acad-498a-ad7b-6f285dbc97e2@group-C5E42DFE1AE1->e1cdc330-b298-4f7e-9f8c-e697349a5e69-GrpcLogAppender: appendEntries Timeout, request=5ecf13a7-acad-498a-ad7b-6f285dbc97e2->e1cdc330-b298-4f7e-9f8c-e697349a5e69#116-t2, previous=(t:2, i:20), leaderCommit=16, initializing? false, entries: <empty>
2019-09-12 06:40:11,342 [grpc-default-executor-9] WARN  server.GrpcLogAppender (LogUtils.java:warn(134)) - e48d04e8-2c1f-410d-8bfb-5a732d356112@group-B034F0427A69->9d685984-4448-42b4-b390-543822753f3a-AppendLogResponseHandler: Failed appendEntries: org.apache.ratis.thirdparty.io.grpc.StatusRuntimeException: UNAVAILABLE: io exception
2019-09-12 06:40:11,342 [grpc-default-executor-9] INFO  impl.FollowerInfo (FollowerInfo.java:lambda$new$0(51)) - e48d04e8-2c1f-410d-8bfb-5a732d356112@group-B034F0427A69->9d685984-4448-42b4-b390-543822753f3a: nextIndex: updateUnconditionally 0 -> 0
2019-09-12 06:40:11,498 [java.util.concurrent.ThreadPoolExecutor$Worker@24fb95e3[State = -1, empty queue]] WARN  server.GrpcLogAppender (GrpcLogAppender.java:timeoutAppendRequest(200)) - 24c53ee4-03df-424b-8e99-1fd221f7be60@group-3C3ABBECBF4F->3ae969e4-2e35-40bf-9e0e-95acae9da5a5-GrpcLogAppender: appendEntries Timeout, request=24c53ee4-03df-424b-8e99-1fd221f7be60->3ae969e4-2e35-40bf-9e0e-95acae9da5a5#117-t2, previous=(t:2, i:20), leaderCommit=16, initializing? false, entries: <empty>
2019-09-12 06:40:11,498 [java.util.concurrent.ThreadPoolExecutor$Worker@7bd075af[State = -1, empty queue]] WARN  server.GrpcLogAppender (GrpcLogAppender.java:timeoutAppendRequest(200)) - 24c53ee4-03df-424b-8e99-1fd221f7be60@group-3C3ABBECBF4F->d503967e-137a-4fd9-bc45-44203e981a69-GrpcLogAppender: appendEntries Timeout, request=24c53ee4-03df-424b-8e99-1fd221f7be60->d503967e-137a-4fd9-bc45-44203e981a69#117-t2, previous=(t:2, i:20), leaderCommit=16, initializing? false, entries: <empty>
2019-09-12 06:40:11,786 [java.util.concurrent.ThreadPoolExecutor$Worker@6586fa4d[State = -1, empty queue]] WARN  server.GrpcLogAppender (GrpcLogAppender.java:timeoutAppendRequest(200)) - 5ecf13a7-acad-498a-ad7b-6f285dbc97e2@group-C5E42DFE1AE1->996a256c-fd43-494a-96f3-903b907c5248-GrpcLogAppender: appendEntries Timeout, request=5ecf13a7-acad-498a-ad7b-6f285dbc97e2->996a256c-fd43-494a-96f3-903b907c5248#117-t2, previous=(t:2, i:20), leaderCommit=16, initializing? false, entries: <empty>
2019-09-12 06:40:11,786 [java.util.concurrent.ThreadPoolExecutor$Worker@3e497bcb[State = -1, empty queue]] WARN  server.GrpcLogAppender (GrpcLogAppender.java:timeoutAppendRequest(200)) - 5ecf13a7-acad-498a-ad7b-6f285dbc97e2@group-C5E42DFE1AE1->e1cdc330-b298-4f7e-9f8c-e697349a5e69-GrpcLogAppender: appendEntries Timeout, request=5ecf13a7-acad-498a-ad7b-6f285dbc97e2->e1cdc330-b298-4f7e-9f8c-e697349a5e69#117-t2, previous=(t:2, i:20), leaderCommit=16, initializing? false, entries: <empty>
2019-09-12 06:40:11,843 [grpc-default-executor-7] WARN  server.GrpcLogAppender (LogUtils.java:warn(134)) - e48d04e8-2c1f-410d-8bfb-5a732d356112@group-B034F0427A69->9d685984-4448-42b4-b390-543822753f3a-AppendLogResponseHandler: Failed appendEntries: org.apache.ratis.thirdparty.io.grpc.StatusRuntimeException: UNAVAILABLE: io exception
2019-09-12 06:40:11,843 [grpc-default-executor-7] INFO  impl.FollowerInfo (FollowerInfo.java:lambda$new$0(51)) - e48d04e8-2c1f-410d-8bfb-5a732d356112@group-B034F0427A69->9d685984-4448-42b4-b390-543822753f3a: nextIndex: updateUnconditionally 0 -> 0
2019-09-12 06:40:11,998 [java.util.concurrent.ThreadPoolExecutor$Worker@24fb95e3[State = -1, empty queue]] WARN  server.GrpcLogAppender (GrpcLogAppender.java:timeoutAppendRequest(200)) - 24c53ee4-03df-424b-8e99-1fd221f7be60@group-3C3ABBECBF4F->3ae969e4-2e35-40bf-9e0e-95acae9da5a5-GrpcLogAppender: appendEntries Timeout, request=24c53ee4-03df-424b-8e99-1fd221f7be60->3ae969e4-2e35-40bf-9e0e-95acae9da5a5#118-t2, previous=(t:2, i:20), leaderCommit=16, initializing? false, entries: <empty>
2019-09-12 06:40:11,998 [java.util.concurrent.ThreadPoolExecutor$Worker@7bd075af[State = -1, empty queue]] WARN  server.GrpcLogAppender (GrpcLogAppender.java:timeoutAppendRequest(200)) - 24c53ee4-03df-424b-8e99-1fd221f7be60@group-3C3ABBECBF4F->d503967e-137a-4fd9-bc45-44203e981a69-GrpcLogAppender: appendEntries Timeout, request=24c53ee4-03df-424b-8e99-1fd221f7be60->d503967e-137a-4fd9-bc45-44203e981a69#118-t2, previous=(t:2, i:20), leaderCommit=16, initializing? false, entries: <empty>
2019-09-12 06:40:12,286 [java.util.concurrent.ThreadPoolExecutor$Worker@3e497bcb[State = -1, empty queue]] WARN  server.GrpcLogAppender (GrpcLogAppender.java:timeoutAppendRequest(200)) - 5ecf13a7-acad-498a-ad7b-6f285dbc97e2@group-C5E42DFE1AE1->e1cdc330-b298-4f7e-9f8c-e697349a5e69-GrpcLogAppender: appendEntries Timeout, request=5ecf13a7-acad-498a-ad7b-6f285dbc97e2->e1cdc330-b298-4f7e-9f8c-e697349a5e69#118-t2, previous=(t:2, i:20), leaderCommit=16, initializing? false, entries: <empty>
2019-09-12 06:40:12,286 [java.util.concurrent.ThreadPoolExecutor$Worker@6586fa4d[State = -1, empty queue]] WARN  server.GrpcLogAppender (GrpcLogAppender.java:timeoutAppendRequest(200)) - 5ecf13a7-acad-498a-ad7b-6f285dbc97e2@group-C5E42DFE1AE1->996a256c-fd43-494a-96f3-903b907c5248-GrpcLogAppender: appendEntries Timeout, request=5ecf13a7-acad-498a-ad7b-6f285dbc97e2->996a256c-fd43-494a-96f3-903b907c5248#118-t2, previous=(t:2, i:20), leaderCommit=16, initializing? false, entries: <empty>
2019-09-12 06:40:12,344 [grpc-default-executor-12] WARN  server.GrpcLogAppender (LogUtils.java:warn(134)) - e48d04e8-2c1f-410d-8bfb-5a732d356112@group-B034F0427A69->9d685984-4448-42b4-b390-543822753f3a-AppendLogResponseHandler: Failed appendEntries: org.apache.ratis.thirdparty.io.grpc.StatusRuntimeException: UNAVAILABLE: io exception
2019-09-12 06:40:12,344 [grpc-default-executor-12] INFO  impl.FollowerInfo (FollowerInfo.java:lambda$new$0(51)) - e48d04e8-2c1f-410d-8bfb-5a732d356112@group-B034F0427A69->9d685984-4448-42b4-b390-543822753f3a: nextIndex: updateUnconditionally 0 -> 0
2019-09-12 06:40:12,498 [java.util.concurrent.ThreadPoolExecutor$Worker@7bd075af[State = -1, empty queue]] WARN  server.GrpcLogAppender (GrpcLogAppender.java:timeoutAppendRequest(200)) - 24c53ee4-03df-424b-8e99-1fd221f7be60@group-3C3ABBECBF4F->d503967e-137a-4fd9-bc45-44203e981a69-GrpcLogAppender: appendEntries Timeout, request=24c53ee4-03df-424b-8e99-1fd221f7be60->d503967e-137a-4fd9-bc45-44203e981a69#119-t2, previous=(t:2, i:20), leaderCommit=16, initializing? false, entries: <empty>
2019-09-12 06:40:12,498 [java.util.concurrent.ThreadPoolExecutor$Worker@24fb95e3[State = -1, empty queue]] WARN  server.GrpcLogAppender (GrpcLogAppender.java:timeoutAppendRequest(200)) - 24c53ee4-03df-424b-8e99-1fd221f7be60@group-3C3ABBECBF4F->3ae969e4-2e35-40bf-9e0e-95acae9da5a5-GrpcLogAppender: appendEntries Timeout, request=24c53ee4-03df-424b-8e99-1fd221f7be60->3ae969e4-2e35-40bf-9e0e-95acae9da5a5#119-t2, previous=(t:2, i:20), leaderCommit=16, initializing? false, entries: <empty>
2019-09-12 06:40:12,787 [java.util.concurrent.ThreadPoolExecutor$Worker@3e497bcb[State = -1, empty queue]] WARN  server.GrpcLogAppender (GrpcLogAppender.java:timeoutAppendRequest(200)) - 5ecf13a7-acad-498a-ad7b-6f285dbc97e2@group-C5E42DFE1AE1->e1cdc330-b298-4f7e-9f8c-e697349a5e69-GrpcLogAppender: appendEntries Timeout, request=5ecf13a7-acad-498a-ad7b-6f285dbc97e2->e1cdc330-b298-4f7e-9f8c-e697349a5e69#119-t2, previous=(t:2, i:20), leaderCommit=16, initializing? false, entries: <empty>
2019-09-12 06:40:12,787 [java.util.concurrent.ThreadPoolExecutor$Worker@6586fa4d[State = -1, empty queue]] WARN  server.GrpcLogAppender (GrpcLogAppender.java:timeoutAppendRequest(200)) - 5ecf13a7-acad-498a-ad7b-6f285dbc97e2@group-C5E42DFE1AE1->996a256c-fd43-494a-96f3-903b907c5248-GrpcLogAppender: appendEntries Timeout, request=5ecf13a7-acad-498a-ad7b-6f285dbc97e2->996a256c-fd43-494a-96f3-903b907c5248#119-t2, previous=(t:2, i:20), leaderCommit=16, initializing? false, entries: <empty>
2019-09-12 06:40:12,845 [grpc-default-executor-7] WARN  server.GrpcLogAppender (LogUtils.java:warn(134)) - e48d04e8-2c1f-410d-8bfb-5a732d356112@group-B034F0427A69->9d685984-4448-42b4-b390-543822753f3a-AppendLogResponseHandler: Failed appendEntries: org.apache.ratis.thirdparty.io.grpc.StatusRuntimeException: UNAVAILABLE: io exception
2019-09-12 06:40:12,845 [grpc-default-executor-7] INFO  impl.FollowerInfo (FollowerInfo.java:lambda$new$0(51)) - e48d04e8-2c1f-410d-8bfb-5a732d356112@group-B034F0427A69->9d685984-4448-42b4-b390-543822753f3a: nextIndex: updateUnconditionally 0 -> 0
2019-09-12 06:40:12,999 [java.util.concurrent.ThreadPoolExecutor$Worker@7bd075af[State = -1, empty queue]] WARN  server.GrpcLogAppender (GrpcLogAppender.java:timeoutAppendRequest(200)) - 24c53ee4-03df-424b-8e99-1fd221f7be60@group-3C3ABBECBF4F->d503967e-137a-4fd9-bc45-44203e981a69-GrpcLogAppender: appendEntries Timeout, request=24c53ee4-03df-424b-8e99-1fd221f7be60->d503967e-137a-4fd9-bc45-44203e981a69#120-t2, previous=(t:2, i:20), leaderCommit=16, initializing? false, entries: <empty>
2019-09-12 06:40:12,999 [java.util.concurrent.ThreadPoolExecutor$Worker@24fb95e3[State = -1, empty queue]] WARN  server.GrpcLogAppender (GrpcLogAppender.java:timeoutAppendRequest(200)) - 24c53ee4-03df-424b-8e99-1fd221f7be60@group-3C3ABBECBF4F->3ae969e4-2e35-40bf-9e0e-95acae9da5a5-GrpcLogAppender: appendEntries Timeout, request=24c53ee4-03df-424b-8e99-1fd221f7be60->3ae969e4-2e35-40bf-9e0e-95acae9da5a5#120-t2, previous=(t:2, i:20), leaderCommit=16, initializing? false, entries: <empty>
2019-09-12 06:40:13,287 [java.util.concurrent.ThreadPoolExecutor$Worker@6586fa4d[State = -1, empty queue]] WARN  server.GrpcLogAppender (GrpcLogAppender.java:timeoutAppendRequest(200)) - 5ecf13a7-acad-498a-ad7b-6f285dbc97e2@group-C5E42DFE1AE1->996a256c-fd43-494a-96f3-903b907c5248-GrpcLogAppender: appendEntries Timeout, request=5ecf13a7-acad-498a-ad7b-6f285dbc97e2->996a256c-fd43-494a-96f3-903b907c5248#120-t2, previous=(t:2, i:20), leaderCommit=16, initializing? false, entries: <empty>
2019-09-12 06:40:13,287 [java.util.concurrent.ThreadPoolExecutor$Worker@3e497bcb[State = -1, empty queue]] WARN  server.GrpcLogAppender (GrpcLogAppender.java:timeoutAppendRequest(200)) - 5ecf13a7-acad-498a-ad7b-6f285dbc97e2@group-C5E42DFE1AE1->e1cdc330-b298-4f7e-9f8c-e697349a5e69-GrpcLogAppender: appendEntries Timeout, request=5ecf13a7-acad-498a-ad7b-6f285dbc97e2->e1cdc330-b298-4f7e-9f8c-e697349a5e69#120-t2, previous=(t:2, i:20), leaderCommit=16, initializing? false, entries: <empty>
2019-09-12 06:40:13,345 [grpc-default-executor-12] WARN  server.GrpcLogAppender (LogUtils.java:warn(134)) - e48d04e8-2c1f-410d-8bfb-5a732d356112@group-B034F0427A69->9d685984-4448-42b4-b390-543822753f3a-AppendLogResponseHandler: Failed appendEntries: org.apache.ratis.thirdparty.io.grpc.StatusRuntimeException: UNAVAILABLE: io exception
2019-09-12 06:40:13,346 [grpc-default-executor-12] INFO  impl.FollowerInfo (FollowerInfo.java:lambda$new$0(51)) - e48d04e8-2c1f-410d-8bfb-5a732d356112@group-B034F0427A69->9d685984-4448-42b4-b390-543822753f3a: nextIndex: updateUnconditionally 0 -> 0
2019-09-12 06:40:13,499 [java.util.concurrent.ThreadPoolExecutor$Worker@7bd075af[State = -1, empty queue]] WARN  server.GrpcLogAppender (GrpcLogAppender.java:timeoutAppendRequest(200)) - 24c53ee4-03df-424b-8e99-1fd221f7be60@group-3C3ABBECBF4F->d503967e-137a-4fd9-bc45-44203e981a69-GrpcLogAppender: appendEntries Timeout, request=24c53ee4-03df-424b-8e99-1fd221f7be60->d503967e-137a-4fd9-bc45-44203e981a69#121-t2, previous=(t:2, i:20), leaderCommit=16, initializing? false, entries: <empty>
2019-09-12 06:40:13,499 [java.util.concurrent.ThreadPoolExecutor$Worker@24fb95e3[State = -1, empty queue]] WARN  server.GrpcLogAppender (GrpcLogAppender.java:timeoutAppendRequest(200)) - 24c53ee4-03df-424b-8e99-1fd221f7be60@group-3C3ABBECBF4F->3ae969e4-2e35-40bf-9e0e-95acae9da5a5-GrpcLogAppender: appendEntries Timeout, request=24c53ee4-03df-424b-8e99-1fd221f7be60->3ae969e4-2e35-40bf-9e0e-95acae9da5a5#121-t2, previous=(t:2, i:20), leaderCommit=16, initializing? false, entries: <empty>
2019-09-12 06:40:13,787 [java.util.concurrent.ThreadPoolExecutor$Worker@3e497bcb[State = -1, empty queue]] WARN  server.GrpcLogAppender (GrpcLogAppender.java:timeoutAppendRequest(200)) - 5ecf13a7-acad-498a-ad7b-6f285dbc97e2@group-C5E42DFE1AE1->e1cdc330-b298-4f7e-9f8c-e697349a5e69-GrpcLogAppender: appendEntries Timeout, request=5ecf13a7-acad-498a-ad7b-6f285dbc97e2->e1cdc330-b298-4f7e-9f8c-e697349a5e69#121-t2, previous=(t:2, i:20), leaderCommit=16, initializing? false, entries: <empty>
2019-09-12 06:40:13,787 [java.util.concurrent.ThreadPoolExecutor$Worker@6586fa4d[State = -1, empty queue]] WARN  server.GrpcLogAppender (GrpcLogAppender.java:timeoutAppendRequest(200)) - 5ecf13a7-acad-498a-ad7b-6f285dbc97e2@group-C5E42DFE1AE1->996a256c-fd43-494a-96f3-903b907c5248-GrpcLogAppender: appendEntries Timeout, request=5ecf13a7-acad-498a-ad7b-6f285dbc97e2->996a256c-fd43-494a-96f3-903b907c5248#121-t2, previous=(t:2, i:20), leaderCommit=16, initializing? false, entries: <empty>
2019-09-12 06:40:13,846 [grpc-default-executor-9] WARN  server.GrpcLogAppender (LogUtils.java:warn(134)) - e48d04e8-2c1f-410d-8bfb-5a732d356112@group-B034F0427A69->9d685984-4448-42b4-b390-543822753f3a-AppendLogResponseHandler: Failed appendEntries: org.apache.ratis.thirdparty.io.grpc.StatusRuntimeException: UNAVAILABLE: io exception
2019-09-12 06:40:13,847 [grpc-default-executor-9] INFO  impl.FollowerInfo (FollowerInfo.java:lambda$new$0(51)) - e48d04e8-2c1f-410d-8bfb-5a732d356112@group-B034F0427A69->9d685984-4448-42b4-b390-543822753f3a: nextIndex: updateUnconditionally 0 -> 0
2019-09-12 06:40:13,999 [java.util.concurrent.ThreadPoolExecutor$Worker@24fb95e3[State = -1, empty queue]] WARN  server.GrpcLogAppender (GrpcLogAppender.java:timeoutAppendRequest(200)) - 24c53ee4-03df-424b-8e99-1fd221f7be60@group-3C3ABBECBF4F->3ae969e4-2e35-40bf-9e0e-95acae9da5a5-GrpcLogAppender: appendEntries Timeout, request=24c53ee4-03df-424b-8e99-1fd221f7be60->3ae969e4-2e35-40bf-9e0e-95acae9da5a5#122-t2, previous=(t:2, i:20), leaderCommit=16, initializing? false, entries: <empty>
2019-09-12 06:40:13,999 [java.util.concurrent.ThreadPoolExecutor$Worker@7bd075af[State = -1, empty queue]] WARN  server.GrpcLogAppender (GrpcLogAppender.java:timeoutAppendRequest(200)) - 24c53ee4-03df-424b-8e99-1fd221f7be60@group-3C3ABBECBF4F->d503967e-137a-4fd9-bc45-44203e981a69-GrpcLogAppender: appendEntries Timeout, request=24c53ee4-03df-424b-8e99-1fd221f7be60->d503967e-137a-4fd9-bc45-44203e981a69#122-t2, previous=(t:2, i:20), leaderCommit=16, initializing? false, entries: <empty>
2019-09-12 06:40:14,288 [java.util.concurrent.ThreadPoolExecutor$Worker@3e497bcb[State = -1, empty queue]] WARN  server.GrpcLogAppender (GrpcLogAppender.java:timeoutAppendRequest(200)) - 5ecf13a7-acad-498a-ad7b-6f285dbc97e2@group-C5E42DFE1AE1->e1cdc330-b298-4f7e-9f8c-e697349a5e69-GrpcLogAppender: appendEntries Timeout, request=5ecf13a7-acad-498a-ad7b-6f285dbc97e2->e1cdc330-b298-4f7e-9f8c-e697349a5e69#122-t2, previous=(t:2, i:20), leaderCommit=16, initializing? false, entries: <empty>
2019-09-12 06:40:14,288 [java.util.concurrent.ThreadPoolExecutor$Worker@6586fa4d[State = -1, empty queue]] WARN  server.GrpcLogAppender (GrpcLogAppender.java:timeoutAppendRequest(200)) - 5ecf13a7-acad-498a-ad7b-6f285dbc97e2@group-C5E42DFE1AE1->996a256c-fd43-494a-96f3-903b907c5248-GrpcLogAppender: appendEntries Timeout, request=5ecf13a7-acad-498a-ad7b-6f285dbc97e2->996a256c-fd43-494a-96f3-903b907c5248#122-t2, previous=(t:2, i:20), leaderCommit=16, initializing? false, entries: <empty>
2019-09-12 06:40:14,328 [main] INFO  ozoneimpl.OzoneContainer (OzoneContainer.java:stop(231)) - Attempting to stop container services.
2019-09-12 06:40:14,329 [main] INFO  impl.RaftServerProxy (RaftServerProxy.java:lambda$close$4(314)) - e48d04e8-2c1f-410d-8bfb-5a732d356112: close
2019-09-12 06:40:14,330 [main] INFO  impl.RaftServerImpl (RaftServerImpl.java:lambda$shutdown$3(251)) - e48d04e8-2c1f-410d-8bfb-5a732d356112@group-B034F0427A69: shutdown
2019-09-12 06:40:14,330 [main] INFO  util.JmxRegister (JmxRegister.java:unregister(73)) - Successfully un-registered JMX Bean with object name Ratis:service=RaftServer,group=group-B034F0427A69,id=e48d04e8-2c1f-410d-8bfb-5a732d356112
2019-09-12 06:40:14,331 [main] INFO  impl.RoleInfo (RoleInfo.java:shutdownLeaderState(104)) - e48d04e8-2c1f-410d-8bfb-5a732d356112: shutdown LeaderState
2019-09-12 06:40:14,337 [org.apache.ratis.server.impl.LogAppender$AppenderDaemon$$Lambda$528/1164135786@1555ce2] WARN  server.GrpcLogAppender (GrpcLogAppender.java:mayWait(143)) - e48d04e8-2c1f-410d-8bfb-5a732d356112@group-B034F0427A69->9d685984-4448-42b4-b390-543822753f3a-GrpcLogAppender: Wait interrupted by java.lang.InterruptedException
2019-09-12 06:40:14,337 [org.apache.ratis.server.impl.LogAppender$AppenderDaemon$$Lambda$528/1164135786@7bc0cffb] WARN  server.GrpcLogAppender (GrpcLogAppender.java:mayWait(143)) - e48d04e8-2c1f-410d-8bfb-5a732d356112@group-B034F0427A69->760f3a61-bfa2-4d4e-85d8-817950efb624-GrpcLogAppender: Wait interrupted by java.lang.InterruptedException
2019-09-12 06:40:14,337 [main] INFO  impl.PendingRequests (PendingRequests.java:sendNotLeaderResponses(202)) - e48d04e8-2c1f-410d-8bfb-5a732d356112-PendingRequests: sendNotLeaderResponses
2019-09-12 06:40:14,338 [grpc-default-executor-12] INFO  server.GrpcServerProtocolService (GrpcServerProtocolService.java:onCompleted(113)) - 760f3a61-bfa2-4d4e-85d8-817950efb624: Completed APPEND_ENTRIES, lastRequest: e48d04e8-2c1f-410d-8bfb-5a732d356112->760f3a61-bfa2-4d4e-85d8-817950efb624#69-t3, previous=(t:3, i:30), leaderCommit=30, initializing? false, entries: <empty>
2019-09-12 06:40:14,339 [grpc-default-executor-12] INFO  server.GrpcLogAppender (GrpcLogAppender.java:onCompleted(293)) - e48d04e8-2c1f-410d-8bfb-5a732d356112@group-B034F0427A69->760f3a61-bfa2-4d4e-85d8-817950efb624-AppendLogResponseHandler: follower responses appendEntries COMPLETED
2019-09-12 06:40:14,339 [grpc-default-executor-12] INFO  impl.FollowerInfo (FollowerInfo.java:lambda$new$0(51)) - e48d04e8-2c1f-410d-8bfb-5a732d356112@group-B034F0427A69->760f3a61-bfa2-4d4e-85d8-817950efb624: nextIndex: updateUnconditionally 31 -> 30
2019-09-12 06:40:14,343 [Thread-1252] INFO  client.GrpcClientProtocolService (GrpcClientProtocolService.java:lambda$processClientRequest$0(278)) - Failed RaftClientRequest:client-DEDF7BC23D58->e48d04e8-2c1f-410d-8bfb-5a732d356112@group-B034F0427A69, cid=60, seq=0, Watch-ALL_COMMITTED(21), Message:<EMPTY>, reply=RaftClientReply:client-DEDF7BC23D58->e48d04e8-2c1f-410d-8bfb-5a732d356112@group-B034F0427A69, cid=60, FAILED org.apache.ratis.protocol.NotLeaderException: Server e48d04e8-2c1f-410d-8bfb-5a732d356112@group-B034F0427A69 is not the leader, logIndex=0, commits[e48d04e8-2c1f-410d-8bfb-5a732d356112:c30]
2019-09-12 06:40:14,339 [Thread-1251] INFO  client.GrpcClientProtocolService (GrpcClientProtocolService.java:lambda$processClientRequest$0(278)) - Failed RaftClientRequest:client-DEDF7BC23D58->e48d04e8-2c1f-410d-8bfb-5a732d356112@group-B034F0427A69, cid=60, seq=0, Watch-ALL_COMMITTED(21), Message:<EMPTY>, reply=RaftClientReply:client-DEDF7BC23D58->e48d04e8-2c1f-410d-8bfb-5a732d356112@group-B034F0427A69, cid=60, FAILED org.apache.ratis.protocol.NotLeaderException: Server e48d04e8-2c1f-410d-8bfb-5a732d356112@group-B034F0427A69 is not the leader, logIndex=0, commits[e48d04e8-2c1f-410d-8bfb-5a732d356112:c30]
2019-09-12 06:40:14,343 [main] INFO  impl.StateMachineUpdater (StateMachineUpdater.java:stopAndJoin(125)) - e48d04e8-2c1f-410d-8bfb-5a732d356112@group-B034F0427A69-StateMachineUpdater: set stopIndex = 30
2019-09-12 06:40:14,343 [Thread-1253] INFO  client.GrpcClientProtocolService (GrpcClientProtocolService.java:lambda$processClientRequest$0(278)) - Failed RaftClientRequest:client-DEDF7BC23D58->e48d04e8-2c1f-410d-8bfb-5a732d356112@group-B034F0427A69, cid=60, seq=0, Watch-ALL_COMMITTED(21), Message:<EMPTY>, reply=RaftClientReply:client-DEDF7BC23D58->e48d04e8-2c1f-410d-8bfb-5a732d356112@group-B034F0427A69, cid=60, FAILED org.apache.ratis.protocol.NotLeaderException: Server e48d04e8-2c1f-410d-8bfb-5a732d356112@group-B034F0427A69 is not the leader, logIndex=0, commits[e48d04e8-2c1f-410d-8bfb-5a732d356112:c30]
2019-09-12 06:40:14,343 [e48d04e8-2c1f-410d-8bfb-5a732d356112@group-B034F0427A69-StateMachineUpdater] INFO  ratis.ContainerStateMachine (ContainerStateMachine.java:takeSnapshot(289)) - group-B034F0427A69: Taking a snapshot at:(t:3, i:28) file /workdir/hadoop-ozone/integration-test/target/test-dir/MiniOzoneClusterImpl-37405de7-47da-4aca-9355-033741c24d37/datanode-6/data/ratis/0a74ecfd-3b1d-4619-a0a9-b034f0427a69/sm/snapshot.3_28
2019-09-12 06:40:14,344 [grpc-default-executor-12] INFO  client.GrpcClientProtocolClient (GrpcClientProtocolClient.java:onNext(264)) - client-DEDF7BC23D58->e48d04e8-2c1f-410d-8bfb-5a732d356112: receive RaftClientReply:client-DEDF7BC23D58->e48d04e8-2c1f-410d-8bfb-5a732d356112@group-B034F0427A69, cid=60, FAILED org.apache.ratis.protocol.NotLeaderException: Server e48d04e8-2c1f-410d-8bfb-5a732d356112@group-B034F0427A69 is not the leader, logIndex=0, commits[e48d04e8-2c1f-410d-8bfb-5a732d356112:c30]
2019-09-12 06:40:14,345 [grpc-default-executor-12] INFO  client.GrpcClientProtocolClient (GrpcClientProtocolClient.java:onNext(264)) - client-DEDF7BC23D58->e48d04e8-2c1f-410d-8bfb-5a732d356112: receive RaftClientReply:client-DEDF7BC23D58->e48d04e8-2c1f-410d-8bfb-5a732d356112@group-B034F0427A69, cid=60, FAILED org.apache.ratis.protocol.NotLeaderException: Server e48d04e8-2c1f-410d-8bfb-5a732d356112@group-B034F0427A69 is not the leader, logIndex=0, commits[e48d04e8-2c1f-410d-8bfb-5a732d356112:c30]
2019-09-12 06:40:14,369 [e48d04e8-2c1f-410d-8bfb-5a732d356112@group-B034F0427A69-StateMachineUpdater] INFO  ratis.ContainerStateMachine (ContainerStateMachine.java:takeSnapshot(300)) - group-B034F0427A69: Finished taking a snapshot at:(t:3, i:28) file:/workdir/hadoop-ozone/integration-test/target/test-dir/MiniOzoneClusterImpl-37405de7-47da-4aca-9355-033741c24d37/datanode-6/data/ratis/0a74ecfd-3b1d-4619-a0a9-b034f0427a69/sm/snapshot.3_28 time:26
2019-09-12 06:40:14,369 [e48d04e8-2c1f-410d-8bfb-5a732d356112@group-B034F0427A69-StateMachineUpdater] INFO  impl.StateMachineUpdater (StateMachineUpdater.java:takeSnapshot(258)) - e48d04e8-2c1f-410d-8bfb-5a732d356112@group-B034F0427A69-StateMachineUpdater: Took a snapshot at index 28
2019-09-12 06:40:14,369 [e48d04e8-2c1f-410d-8bfb-5a732d356112@group-B034F0427A69-StateMachineUpdater] INFO  impl.StateMachineUpdater (StateMachineUpdater.java:lambda$new$0(83)) - e48d04e8-2c1f-410d-8bfb-5a732d356112@group-B034F0427A69-StateMachineUpdater: snapshotIndex: updateIncreasingly -1 -> 28
2019-09-12 06:40:14,370 [e48d04e8-2c1f-410d-8bfb-5a732d356112@group-B034F0427A69-StateMachineUpdater] INFO  ratis.ContainerStateMachine (ContainerStateMachine.java:takeSnapshot(289)) - group-B034F0427A69: Taking a snapshot at:(t:3, i:28) file /workdir/hadoop-ozone/integration-test/target/test-dir/MiniOzoneClusterImpl-37405de7-47da-4aca-9355-033741c24d37/datanode-6/data/ratis/0a74ecfd-3b1d-4619-a0a9-b034f0427a69/sm/snapshot.3_28
2019-09-12 06:40:14,386 [e48d04e8-2c1f-410d-8bfb-5a732d356112@group-B034F0427A69-StateMachineUpdater] INFO  ratis.ContainerStateMachine (ContainerStateMachine.java:takeSnapshot(300)) - group-B034F0427A69: Finished taking a snapshot at:(t:3, i:28) file:/workdir/hadoop-ozone/integration-test/target/test-dir/MiniOzoneClusterImpl-37405de7-47da-4aca-9355-033741c24d37/datanode-6/data/ratis/0a74ecfd-3b1d-4619-a0a9-b034f0427a69/sm/snapshot.3_28 time:17
2019-09-12 06:40:14,386 [e48d04e8-2c1f-410d-8bfb-5a732d356112@group-B034F0427A69-StateMachineUpdater] INFO  impl.StateMachineUpdater (StateMachineUpdater.java:takeSnapshot(258)) - e48d04e8-2c1f-410d-8bfb-5a732d356112@group-B034F0427A69-StateMachineUpdater: Took a snapshot at index 28
2019-09-12 06:40:14,386 [e48d04e8-2c1f-410d-8bfb-5a732d356112@group-B034F0427A69-StateMachineUpdater] INFO  impl.StateMachineUpdater (StateMachineUpdater.java:lambda$new$0(83)) - e48d04e8-2c1f-410d-8bfb-5a732d356112@group-B034F0427A69-StateMachineUpdater: snapshotIndex: updateIncreasingly 28 -> 28
2019-09-12 06:40:14,387 [main] INFO  impl.RaftServerImpl (ServerState.java:close(385)) - e48d04e8-2c1f-410d-8bfb-5a732d356112@group-B034F0427A69: closes. applyIndex: 30
2019-09-12 06:40:14,388 [e48d04e8-2c1f-410d-8bfb-5a732d356112@group-B034F0427A69-SegmentedRaftLogWorker] INFO  segmented.SegmentedRaftLogWorker (SegmentedRaftLogWorker.java:run(313)) - e48d04e8-2c1f-410d-8bfb-5a732d356112@group-B034F0427A69-SegmentedRaftLogWorker was interrupted, exiting. There are 0 tasks remaining in the queue.
2019-09-12 06:40:14,391 [main] INFO  segmented.SegmentedRaftLogWorker (SegmentedRaftLogWorker.java:close(228)) - e48d04e8-2c1f-410d-8bfb-5a732d356112@group-B034F0427A69-SegmentedRaftLogWorker close()
2019-09-12 06:40:14,396 [main] INFO  impl.RaftServerImpl (RaftServerImpl.java:lambda$shutdown$3(251)) - e48d04e8-2c1f-410d-8bfb-5a732d356112@group-9736B014CBA9: shutdown
2019-09-12 06:40:14,397 [main] INFO  util.JmxRegister (JmxRegister.java:unregister(73)) - Successfully un-registered JMX Bean with object name Ratis:service=RaftServer,group=group-9736B014CBA9,id=e48d04e8-2c1f-410d-8bfb-5a732d356112
2019-09-12 06:40:14,397 [main] INFO  impl.RoleInfo (RoleInfo.java:shutdownLeaderState(104)) - e48d04e8-2c1f-410d-8bfb-5a732d356112: shutdown LeaderState
2019-09-12 06:40:14,398 [main] INFO  impl.PendingRequests (PendingRequests.java:sendNotLeaderResponses(202)) - e48d04e8-2c1f-410d-8bfb-5a732d356112-PendingRequests: sendNotLeaderResponses
2019-09-12 06:40:14,398 [main] INFO  impl.StateMachineUpdater (StateMachineUpdater.java:stopAndJoin(125)) - e48d04e8-2c1f-410d-8bfb-5a732d356112@group-9736B014CBA9-StateMachineUpdater: set stopIndex = 0
2019-09-12 06:40:14,399 [main] INFO  impl.RaftServerImpl (ServerState.java:close(385)) - e48d04e8-2c1f-410d-8bfb-5a732d356112@group-9736B014CBA9: closes. applyIndex: 0
2019-09-12 06:40:14,400 [e48d04e8-2c1f-410d-8bfb-5a732d356112@group-9736B014CBA9-SegmentedRaftLogWorker] INFO  segmented.SegmentedRaftLogWorker (SegmentedRaftLogWorker.java:run(313)) - e48d04e8-2c1f-410d-8bfb-5a732d356112@group-9736B014CBA9-SegmentedRaftLogWorker was interrupted, exiting. There are 0 tasks remaining in the queue.
2019-09-12 06:40:14,402 [main] INFO  segmented.SegmentedRaftLogWorker (SegmentedRaftLogWorker.java:close(228)) - e48d04e8-2c1f-410d-8bfb-5a732d356112@group-9736B014CBA9-SegmentedRaftLogWorker close()
2019-09-12 06:40:14,407 [main] INFO  server.GrpcService (GrpcService.java:closeImpl(164)) - e48d04e8-2c1f-410d-8bfb-5a732d356112: shutdown server with port 38245 now
2019-09-12 06:40:14,408 [main] INFO  server.GrpcService (GrpcService.java:closeImpl(172)) - e48d04e8-2c1f-410d-8bfb-5a732d356112: shutdown server with port 38245 successfully
2019-09-12 06:40:14,409 [refreshUsed-/workdir/hadoop-ozone/integration-test/target/test-dir/MiniOzoneClusterImpl-37405de7-47da-4aca-9355-033741c24d37/datanode-6/data/containers] WARN  fs.CachingGetSpaceUsed (CachingGetSpaceUsed.java:run(183)) - Thread Interrupted waiting to refresh disk information: sleep interrupted
2019-09-12 06:40:14,436 [main] INFO  utils.BackgroundService (BackgroundService.java:shutdown(148)) - Shutting down service BlockDeletingService
2019-09-12 06:40:14,442 [main] INFO  statemachine.DatanodeStateMachine (DatanodeStateMachine.java:stopDaemon(395)) - Ozone container server stopped.
2019-09-12 06:40:14,447 [main] INFO  handler.ContextHandler (ContextHandler.java:doStop(910)) - Stopped o.e.j.w.WebAppContext@6e4c0d8c{/,null,UNAVAILABLE}{/hddsDatanode}
2019-09-12 06:40:14,448 [main] INFO  server.AbstractConnector (AbstractConnector.java:doStop(318)) - Stopped ServerConnector@3e3315d9{HTTP/1.1,[http/1.1]}{0.0.0.0:0}
2019-09-12 06:40:14,448 [main] INFO  handler.ContextHandler (ContextHandler.java:doStop(910)) - Stopped o.e.j.s.ServletContextHandler@3b920bdc{/static,jar:file:/home/user/.m2/repository/org/apache/hadoop/hadoop-hdds-container-service/0.5.0-SNAPSHOT/hadoop-hdds-container-service-0.5.0-SNAPSHOT.jar!/webapps/static,UNAVAILABLE}
2019-09-12 06:40:14,449 [main] INFO  handler.ContextHandler (ContextHandler.java:doStop(910)) - Stopped o.e.j.s.ServletContextHandler@1a22e0ef{/logs,file:///workdir/hadoop-ozone/integration-test/target/log,UNAVAILABLE}
2019-09-12 06:40:14,500 [java.util.concurrent.ThreadPoolExecutor$Worker@24fb95e3[State = -1, empty queue]] WARN  server.GrpcLogAppender (GrpcLogAppender.java:timeoutAppendRequest(200)) - 24c53ee4-03df-424b-8e99-1fd221f7be60@group-3C3ABBECBF4F->3ae969e4-2e35-40bf-9e0e-95acae9da5a5-GrpcLogAppender: appendEntries Timeout, request=24c53ee4-03df-424b-8e99-1fd221f7be60->3ae969e4-2e35-40bf-9e0e-95acae9da5a5#123-t2, previous=(t:2, i:20), leaderCommit=16, initializing? false, entries: <empty>
2019-09-12 06:40:14,500 [java.util.concurrent.ThreadPoolExecutor$Worker@7bd075af[State = -1, empty queue]] WARN  server.GrpcLogAppender (GrpcLogAppender.java:timeoutAppendRequest(200)) - 24c53ee4-03df-424b-8e99-1fd221f7be60@group-3C3ABBECBF4F->d503967e-137a-4fd9-bc45-44203e981a69-GrpcLogAppender: appendEntries Timeout, request=24c53ee4-03df-424b-8e99-1fd221f7be60->d503967e-137a-4fd9-bc45-44203e981a69#123-t2, previous=(t:2, i:20), leaderCommit=16, initializing? false, entries: <empty>
2019-09-12 06:40:14,768 [5ecf13a7-acad-498a-ad7b-6f285dbc97e2@group-C5E42DFE1AE1-SegmentedRaftLogWorker] WARN  segmented.SegmentedRaftLogWorker (SegmentedRaftLogWorker.java:getFromFuture(90)) - Timeout 2/~
org.apache.ratis.protocol.TimeoutIOException: Timeout 10s: WriteLog:17: (t:2, i:17), STATEMACHINELOGENTRY, client-C89BF4EDCA02, cid=52-writeStateMachineData
	at org.apache.ratis.util.IOUtils.getFromFuture(IOUtils.java:87)
	at org.apache.ratis.server.raftlog.segmented.SegmentedRaftLogWorker$StateMachineDataPolicy.getFromFuture(SegmentedRaftLogWorker.java:87)
	at org.apache.ratis.server.raftlog.segmented.SegmentedRaftLogWorker$WriteLog.execute(SegmentedRaftLogWorker.java:477)
	at org.apache.ratis.server.raftlog.segmented.SegmentedRaftLogWorker.run(SegmentedRaftLogWorker.java:289)
	at java.lang.Thread.run(Thread.java:748)
Caused by: java.util.concurrent.TimeoutException
	at java.util.concurrent.CompletableFuture.timedGet(CompletableFuture.java:1771)
	at java.util.concurrent.CompletableFuture.get(CompletableFuture.java:1915)
	at org.apache.ratis.util.IOUtils.getFromFuture(IOUtils.java:79)
	... 4 more
2019-09-12 06:40:14,769 [e1cdc330-b298-4f7e-9f8c-e697349a5e69@group-C5E42DFE1AE1-SegmentedRaftLogWorker] WARN  segmented.SegmentedRaftLogWorker (SegmentedRaftLogWorker.java:getFromFuture(90)) - Timeout 2/~
org.apache.ratis.protocol.TimeoutIOException: Timeout 10s: WriteLog:17: (t:2, i:17), STATEMACHINELOGENTRY, client-C89BF4EDCA02, cid=52-writeStateMachineData
	at org.apache.ratis.util.IOUtils.getFromFuture(IOUtils.java:87)
	at org.apache.ratis.server.raftlog.segmented.SegmentedRaftLogWorker$StateMachineDataPolicy.getFromFuture(SegmentedRaftLogWorker.java:87)
	at org.apache.ratis.server.raftlog.segmented.SegmentedRaftLogWorker$WriteLog.execute(SegmentedRaftLogWorker.java:477)
	at org.apache.ratis.server.raftlog.segmented.SegmentedRaftLogWorker.run(SegmentedRaftLogWorker.java:289)
	at java.lang.Thread.run(Thread.java:748)
Caused by: java.util.concurrent.TimeoutException
	at java.util.concurrent.CompletableFuture.timedGet(CompletableFuture.java:1771)
	at java.util.concurrent.CompletableFuture.get(CompletableFuture.java:1915)
	at org.apache.ratis.util.IOUtils.getFromFuture(IOUtils.java:79)
	... 4 more
2019-09-12 06:40:14,773 [996a256c-fd43-494a-96f3-903b907c5248@group-C5E42DFE1AE1-SegmentedRaftLogWorker] WARN  segmented.SegmentedRaftLogWorker (SegmentedRaftLogWorker.java:getFromFuture(90)) - Timeout 2/~
org.apache.ratis.protocol.TimeoutIOException: Timeout 10s: WriteLog:17: (t:2, i:17), STATEMACHINELOGENTRY, client-C89BF4EDCA02, cid=52-writeStateMachineData
	at org.apache.ratis.util.IOUtils.getFromFuture(IOUtils.java:87)
	at org.apache.ratis.server.raftlog.segmented.SegmentedRaftLogWorker$StateMachineDataPolicy.getFromFuture(SegmentedRaftLogWorker.java:87)
	at org.apache.ratis.server.raftlog.segmented.SegmentedRaftLogWorker$WriteLog.execute(SegmentedRaftLogWorker.java:477)
	at org.apache.ratis.server.raftlog.segmented.SegmentedRaftLogWorker.run(SegmentedRaftLogWorker.java:289)
	at java.lang.Thread.run(Thread.java:748)
Caused by: java.util.concurrent.TimeoutException
	at java.util.concurrent.CompletableFuture.timedGet(CompletableFuture.java:1771)
	at java.util.concurrent.CompletableFuture.get(CompletableFuture.java:1915)
	at org.apache.ratis.util.IOUtils.getFromFuture(IOUtils.java:79)
	... 4 more
2019-09-12 06:40:14,788 [java.util.concurrent.ThreadPoolExecutor$Worker@3e497bcb[State = -1, empty queue]] WARN  server.GrpcLogAppender (GrpcLogAppender.java:timeoutAppendRequest(200)) - 5ecf13a7-acad-498a-ad7b-6f285dbc97e2@group-C5E42DFE1AE1->e1cdc330-b298-4f7e-9f8c-e697349a5e69-GrpcLogAppender: appendEntries Timeout, request=5ecf13a7-acad-498a-ad7b-6f285dbc97e2->e1cdc330-b298-4f7e-9f8c-e697349a5e69#123-t2, previous=(t:2, i:20), leaderCommit=16, initializing? false, entries: <empty>
2019-09-12 06:40:14,788 [java.util.concurrent.ThreadPoolExecutor$Worker@6586fa4d[State = -1, empty queue]] WARN  server.GrpcLogAppender (GrpcLogAppender.java:timeoutAppendRequest(200)) - 5ecf13a7-acad-498a-ad7b-6f285dbc97e2@group-C5E42DFE1AE1->996a256c-fd43-494a-96f3-903b907c5248-GrpcLogAppender: appendEntries Timeout, request=5ecf13a7-acad-498a-ad7b-6f285dbc97e2->996a256c-fd43-494a-96f3-903b907c5248#123-t2, previous=(t:2, i:20), leaderCommit=16, initializing? false, entries: <empty>
2019-09-12 06:40:15,000 [java.util.concurrent.ThreadPoolExecutor$Worker@7bd075af[State = -1, empty queue]] WARN  server.GrpcLogAppender (GrpcLogAppender.java:timeoutAppendRequest(200)) - 24c53ee4-03df-424b-8e99-1fd221f7be60@group-3C3ABBECBF4F->d503967e-137a-4fd9-bc45-44203e981a69-GrpcLogAppender: appendEntries Timeout, request=24c53ee4-03df-424b-8e99-1fd221f7be60->d503967e-137a-4fd9-bc45-44203e981a69#124-t2, previous=(t:2, i:20), leaderCommit=16, initializing? false, entries: <empty>
2019-09-12 06:40:15,000 [java.util.concurrent.ThreadPoolExecutor$Worker@24fb95e3[State = -1, empty queue]] WARN  server.GrpcLogAppender (GrpcLogAppender.java:timeoutAppendRequest(200)) - 24c53ee4-03df-424b-8e99-1fd221f7be60@group-3C3ABBECBF4F->3ae969e4-2e35-40bf-9e0e-95acae9da5a5-GrpcLogAppender: appendEntries Timeout, request=24c53ee4-03df-424b-8e99-1fd221f7be60->3ae969e4-2e35-40bf-9e0e-95acae9da5a5#124-t2, previous=(t:2, i:20), leaderCommit=16, initializing? false, entries: <empty>
2019-09-12 06:40:15,288 [java.util.concurrent.ThreadPoolExecutor$Worker@3e497bcb[State = -1, empty queue]] WARN  server.GrpcLogAppender (GrpcLogAppender.java:timeoutAppendRequest(200)) - 5ecf13a7-acad-498a-ad7b-6f285dbc97e2@group-C5E42DFE1AE1->e1cdc330-b298-4f7e-9f8c-e697349a5e69-GrpcLogAppender: appendEntries Timeout, request=5ecf13a7-acad-498a-ad7b-6f285dbc97e2->e1cdc330-b298-4f7e-9f8c-e697349a5e69#124-t2, previous=(t:2, i:20), leaderCommit=16, initializing? false, entries: <empty>
2019-09-12 06:40:15,288 [java.util.concurrent.ThreadPoolExecutor$Worker@6586fa4d[State = -1, empty queue]] WARN  server.GrpcLogAppender (GrpcLogAppender.java:timeoutAppendRequest(200)) - 5ecf13a7-acad-498a-ad7b-6f285dbc97e2@group-C5E42DFE1AE1->996a256c-fd43-494a-96f3-903b907c5248-GrpcLogAppender: appendEntries Timeout, request=5ecf13a7-acad-498a-ad7b-6f285dbc97e2->996a256c-fd43-494a-96f3-903b907c5248#124-t2, previous=(t:2, i:20), leaderCommit=16, initializing? false, entries: <empty>
2019-09-12 06:40:15,349 [Thread-1264] INFO  client.GrpcClientProtocolService (GrpcClientProtocolService.java:lambda$processClientRequest$0(278)) - Failed RaftClientRequest:client-DEDF7BC23D58->760f3a61-bfa2-4d4e-85d8-817950efb624@group-B034F0427A69, cid=60, seq=0, Watch-ALL_COMMITTED(21), Message:<EMPTY>, reply=RaftClientReply:client-DEDF7BC23D58->760f3a61-bfa2-4d4e-85d8-817950efb624@group-B034F0427A69, cid=60, FAILED org.apache.ratis.protocol.NotLeaderException: Server 760f3a61-bfa2-4d4e-85d8-817950efb624@group-B034F0427A69 is not the leader e48d04e8-2c1f-410d-8bfb-5a732d356112:192.168.34.52:38245, logIndex=0, commits[760f3a61-bfa2-4d4e-85d8-817950efb624:c30, 9d685984-4448-42b4-b390-543822753f3a:c16, e48d04e8-2c1f-410d-8bfb-5a732d356112:c30]
2019-09-12 06:40:15,353 [grpc-default-executor-12] INFO  client.GrpcClientProtocolClient (GrpcClientProtocolClient.java:onNext(264)) - client-DEDF7BC23D58->760f3a61-bfa2-4d4e-85d8-817950efb624: receive RaftClientReply:client-DEDF7BC23D58->760f3a61-bfa2-4d4e-85d8-817950efb624@group-B034F0427A69, cid=60, FAILED org.apache.ratis.protocol.NotLeaderException: Server 760f3a61-bfa2-4d4e-85d8-817950efb624@group-B034F0427A69 is not the leader e48d04e8-2c1f-410d-8bfb-5a732d356112:192.168.34.52:38245, logIndex=0, commits[760f3a61-bfa2-4d4e-85d8-817950efb624:c30, 9d685984-4448-42b4-b390-543822753f3a:c16, e48d04e8-2c1f-410d-8bfb-5a732d356112:c30]
2019-09-12 06:40:15,500 [java.util.concurrent.ThreadPoolExecutor$Worker@7bd075af[State = -1, empty queue]] WARN  server.GrpcLogAppender (GrpcLogAppender.java:timeoutAppendRequest(200)) - 24c53ee4-03df-424b-8e99-1fd221f7be60@group-3C3ABBECBF4F->d503967e-137a-4fd9-bc45-44203e981a69-GrpcLogAppender: appendEntries Timeout, request=24c53ee4-03df-424b-8e99-1fd221f7be60->d503967e-137a-4fd9-bc45-44203e981a69#125-t2, previous=(t:2, i:20), leaderCommit=16, initializing? false, entries: <empty>
2019-09-12 06:40:15,500 [java.util.concurrent.ThreadPoolExecutor$Worker@24fb95e3[State = -1, empty queue]] WARN  server.GrpcLogAppender (GrpcLogAppender.java:timeoutAppendRequest(200)) - 24c53ee4-03df-424b-8e99-1fd221f7be60@group-3C3ABBECBF4F->3ae969e4-2e35-40bf-9e0e-95acae9da5a5-GrpcLogAppender: appendEntries Timeout, request=24c53ee4-03df-424b-8e99-1fd221f7be60->3ae969e4-2e35-40bf-9e0e-95acae9da5a5#125-t2, previous=(t:2, i:20), leaderCommit=16, initializing? false, entries: <empty>
2019-09-12 06:40:15,778 [Thread-907] INFO  impl.FollowerState (FollowerState.java:run(106)) - 760f3a61-bfa2-4d4e-85d8-817950efb624:group-B034F0427A69 changes to CANDIDATE, lastRpcTime:1925, electionTimeout:1090ms
2019-09-12 06:40:15,778 [Thread-907] INFO  impl.RoleInfo (RoleInfo.java:shutdownFollowerState(121)) - 760f3a61-bfa2-4d4e-85d8-817950efb624: shutdown FollowerState
2019-09-12 06:40:15,779 [Thread-907] INFO  impl.RaftServerImpl (RaftServerImpl.java:setRole(174)) - 760f3a61-bfa2-4d4e-85d8-817950efb624@group-B034F0427A69: changes role from  FOLLOWER to CANDIDATE at term 3 for changeToCandidate
2019-09-12 06:40:15,779 [Thread-907] INFO  impl.RoleInfo (RoleInfo.java:updateAndGet(143)) - 760f3a61-bfa2-4d4e-85d8-817950efb624: start LeaderElection
2019-09-12 06:40:15,782 [760f3a61-bfa2-4d4e-85d8-817950efb624@group-B034F0427A69:LeaderElection26] INFO  impl.RaftServerImpl (ServerState.java:setLeader(253)) - 760f3a61-bfa2-4d4e-85d8-817950efb624@group-B034F0427A69: change Leader from e48d04e8-2c1f-410d-8bfb-5a732d356112 to null at term 3 for initElection
2019-09-12 06:40:15,789 [java.util.concurrent.ThreadPoolExecutor$Worker@3e497bcb[State = -1, empty queue]] WARN  server.GrpcLogAppender (GrpcLogAppender.java:timeoutAppendRequest(200)) - 5ecf13a7-acad-498a-ad7b-6f285dbc97e2@group-C5E42DFE1AE1->e1cdc330-b298-4f7e-9f8c-e697349a5e69-GrpcLogAppender: appendEntries Timeout, request=5ecf13a7-acad-498a-ad7b-6f285dbc97e2->e1cdc330-b298-4f7e-9f8c-e697349a5e69#125-t2, previous=(t:2, i:20), leaderCommit=16, initializing? false, entries: <empty>
2019-09-12 06:40:15,789 [java.util.concurrent.ThreadPoolExecutor$Worker@6586fa4d[State = -1, empty queue]] WARN  server.GrpcLogAppender (GrpcLogAppender.java:timeoutAppendRequest(200)) - 5ecf13a7-acad-498a-ad7b-6f285dbc97e2@group-C5E42DFE1AE1->996a256c-fd43-494a-96f3-903b907c5248-GrpcLogAppender: appendEntries Timeout, request=5ecf13a7-acad-498a-ad7b-6f285dbc97e2->996a256c-fd43-494a-96f3-903b907c5248#125-t2, previous=(t:2, i:20), leaderCommit=16, initializing? false, entries: <empty>
2019-09-12 06:40:15,797 [760f3a61-bfa2-4d4e-85d8-817950efb624@group-B034F0427A69:LeaderElection26] INFO  impl.LeaderElection (LeaderElection.java:askForVotes(182)) - 760f3a61-bfa2-4d4e-85d8-817950efb624@group-B034F0427A69:LeaderElection26: begin an election at term 4 for 17: [760f3a61-bfa2-4d4e-85d8-817950efb624:192.168.34.52:44136, 9d685984-4448-42b4-b390-543822753f3a:192.168.34.52:35205, e48d04e8-2c1f-410d-8bfb-5a732d356112:192.168.34.52:38245], old=null
2019-09-12 06:40:15,800 [760f3a61-bfa2-4d4e-85d8-817950efb624@group-B034F0427A69:LeaderElection26] INFO  impl.LeaderElection (LogUtils.java:infoOrTrace(149)) - 760f3a61-bfa2-4d4e-85d8-817950efb624@group-B034F0427A69:LeaderElection26 got exception when requesting votes: {}
java.util.concurrent.ExecutionException: org.apache.ratis.thirdparty.io.grpc.StatusRuntimeException: UNAVAILABLE: io exception
	at java.util.concurrent.FutureTask.report(FutureTask.java:122)
	at java.util.concurrent.FutureTask.get(FutureTask.java:192)
	at org.apache.ratis.server.impl.LeaderElection.waitForResults(LeaderElection.java:263)
	at org.apache.ratis.server.impl.LeaderElection.askForVotes(LeaderElection.java:201)
	at org.apache.ratis.server.impl.LeaderElection.run(LeaderElection.java:133)
	at java.lang.Thread.run(Thread.java:748)
Caused by: org.apache.ratis.thirdparty.io.grpc.StatusRuntimeException: UNAVAILABLE: io exception
	at org.apache.ratis.thirdparty.io.grpc.stub.ClientCalls.toStatusRuntimeException(ClientCalls.java:233)
	at org.apache.ratis.thirdparty.io.grpc.stub.ClientCalls.getUnchecked(ClientCalls.java:214)
	at org.apache.ratis.thirdparty.io.grpc.stub.ClientCalls.blockingUnaryCall(ClientCalls.java:139)
	at org.apache.ratis.proto.grpc.RaftServerProtocolServiceGrpc$RaftServerProtocolServiceBlockingStub.requestVote(RaftServerProtocolServiceGrpc.java:265)
	at org.apache.ratis.grpc.server.GrpcServerProtocolClient.requestVote(GrpcServerProtocolClient.java:90)
	at org.apache.ratis.grpc.server.GrpcService.requestVote(GrpcService.java:204)
	at org.apache.ratis.server.impl.LeaderElection.lambda$submitRequests$1(LeaderElection.java:238)
	at java.util.concurrent.FutureTask.run(FutureTask.java:266)
	at java.util.concurrent.Executors$RunnableAdapter.call(Executors.java:511)
	at java.util.concurrent.FutureTask.run(FutureTask.java:266)
	at java.util.concurrent.ThreadPoolExecutor.runWorker(ThreadPoolExecutor.java:1149)
	at java.util.concurrent.ThreadPoolExecutor$Worker.run(ThreadPoolExecutor.java:624)
	... 1 more
Caused by: org.apache.ratis.thirdparty.io.netty.channel.AbstractChannel$AnnotatedConnectException: Connection refused: /192.168.34.52:38245
	at sun.nio.ch.SocketChannelImpl.checkConnect(Native Method)
	at sun.nio.ch.SocketChannelImpl.finishConnect(SocketChannelImpl.java:717)
	at org.apache.ratis.thirdparty.io.netty.channel.socket.nio.NioSocketChannel.doFinishConnect(NioSocketChannel.java:327)
	at org.apache.ratis.thirdparty.io.netty.channel.nio.AbstractNioChannel$AbstractNioUnsafe.finishConnect(AbstractNioChannel.java:340)
	at org.apache.ratis.thirdparty.io.netty.channel.nio.NioEventLoop.processSelectedKey(NioEventLoop.java:632)
	at org.apache.ratis.thirdparty.io.netty.channel.nio.NioEventLoop.processSelectedKeysOptimized(NioEventLoop.java:579)
	at org.apache.ratis.thirdparty.io.netty.channel.nio.NioEventLoop.processSelectedKeys(NioEventLoop.java:496)
	at org.apache.ratis.thirdparty.io.netty.channel.nio.NioEventLoop.run(NioEventLoop.java:458)
	at org.apache.ratis.thirdparty.io.netty.util.concurrent.SingleThreadEventExecutor$5.run(SingleThreadEventExecutor.java:897)
	at org.apache.ratis.thirdparty.io.netty.util.concurrent.FastThreadLocalRunnable.run(FastThreadLocalRunnable.java:30)
	... 1 more
Caused by: java.net.ConnectException: Connection refused
	... 11 more
2019-09-12 06:40:15,803 [760f3a61-bfa2-4d4e-85d8-817950efb624@group-B034F0427A69:LeaderElection26] INFO  impl.LeaderElection (LogUtils.java:infoOrTrace(149)) - 760f3a61-bfa2-4d4e-85d8-817950efb624@group-B034F0427A69:LeaderElection26 got exception when requesting votes: {}
java.util.concurrent.ExecutionException: org.apache.ratis.thirdparty.io.grpc.StatusRuntimeException: UNAVAILABLE: io exception
	at java.util.concurrent.FutureTask.report(FutureTask.java:122)
	at java.util.concurrent.FutureTask.get(FutureTask.java:192)
	at org.apache.ratis.server.impl.LeaderElection.waitForResults(LeaderElection.java:263)
	at org.apache.ratis.server.impl.LeaderElection.askForVotes(LeaderElection.java:201)
	at org.apache.ratis.server.impl.LeaderElection.run(LeaderElection.java:133)
	at java.lang.Thread.run(Thread.java:748)
Caused by: org.apache.ratis.thirdparty.io.grpc.StatusRuntimeException: UNAVAILABLE: io exception
	at org.apache.ratis.thirdparty.io.grpc.stub.ClientCalls.toStatusRuntimeException(ClientCalls.java:233)
	at org.apache.ratis.thirdparty.io.grpc.stub.ClientCalls.getUnchecked(ClientCalls.java:214)
	at org.apache.ratis.thirdparty.io.grpc.stub.ClientCalls.blockingUnaryCall(ClientCalls.java:139)
	at org.apache.ratis.proto.grpc.RaftServerProtocolServiceGrpc$RaftServerProtocolServiceBlockingStub.requestVote(RaftServerProtocolServiceGrpc.java:265)
	at org.apache.ratis.grpc.server.GrpcServerProtocolClient.requestVote(GrpcServerProtocolClient.java:90)
	at org.apache.ratis.grpc.server.GrpcService.requestVote(GrpcService.java:204)
	at org.apache.ratis.server.impl.LeaderElection.lambda$submitRequests$1(LeaderElection.java:238)
	at java.util.concurrent.FutureTask.run(FutureTask.java:266)
	at java.util.concurrent.Executors$RunnableAdapter.call(Executors.java:511)
	at java.util.concurrent.FutureTask.run(FutureTask.java:266)
	at java.util.concurrent.ThreadPoolExecutor.runWorker(ThreadPoolExecutor.java:1149)
	at java.util.concurrent.ThreadPoolExecutor$Worker.run(ThreadPoolExecutor.java:624)
	... 1 more
Caused by: org.apache.ratis.thirdparty.io.netty.channel.AbstractChannel$AnnotatedConnectException: Connection refused: /192.168.34.52:35205
	at sun.nio.ch.SocketChannelImpl.checkConnect(Native Method)
	at sun.nio.ch.SocketChannelImpl.finishConnect(SocketChannelImpl.java:717)
	at org.apache.ratis.thirdparty.io.netty.channel.socket.nio.NioSocketChannel.doFinishConnect(NioSocketChannel.java:327)
	at org.apache.ratis.thirdparty.io.netty.channel.nio.AbstractNioChannel$AbstractNioUnsafe.finishConnect(AbstractNioChannel.java:340)
	at org.apache.ratis.thirdparty.io.netty.channel.nio.NioEventLoop.processSelectedKey(NioEventLoop.java:632)
	at org.apache.ratis.thirdparty.io.netty.channel.nio.NioEventLoop.processSelectedKeysOptimized(NioEventLoop.java:579)
	at org.apache.ratis.thirdparty.io.netty.channel.nio.NioEventLoop.processSelectedKeys(NioEventLoop.java:496)
	at org.apache.ratis.thirdparty.io.netty.channel.nio.NioEventLoop.run(NioEventLoop.java:458)
	at org.apache.ratis.thirdparty.io.netty.util.concurrent.SingleThreadEventExecutor$5.run(SingleThreadEventExecutor.java:897)
	at org.apache.ratis.thirdparty.io.netty.util.concurrent.FastThreadLocalRunnable.run(FastThreadLocalRunnable.java:30)
	... 1 more
Caused by: java.net.ConnectException: Connection refused
	... 11 more
2019-09-12 06:40:15,806 [760f3a61-bfa2-4d4e-85d8-817950efb624@group-B034F0427A69:LeaderElection26] INFO  impl.LeaderElection (LeaderElection.java:logAndReturn(56)) - 760f3a61-bfa2-4d4e-85d8-817950efb624@group-B034F0427A69:LeaderElection26: Election REJECTED; received 0 response(s) [] and 2 exception(s); 760f3a61-bfa2-4d4e-85d8-817950efb624@group-B034F0427A69:t4, leader=null, voted=760f3a61-bfa2-4d4e-85d8-817950efb624, raftlog=760f3a61-bfa2-4d4e-85d8-817950efb624@group-B034F0427A69-SegmentedRaftLog:OPENED:c30,f30,i30, conf=17: [760f3a61-bfa2-4d4e-85d8-817950efb624:192.168.34.52:44136, 9d685984-4448-42b4-b390-543822753f3a:192.168.34.52:35205, e48d04e8-2c1f-410d-8bfb-5a732d356112:192.168.34.52:38245], old=null
2019-09-12 06:40:15,807 [760f3a61-bfa2-4d4e-85d8-817950efb624@group-B034F0427A69:LeaderElection26] INFO  impl.LeaderElection (LogUtils.java:infoOrTrace(149)) -   Exception 0: {}
java.util.concurrent.ExecutionException: org.apache.ratis.thirdparty.io.grpc.StatusRuntimeException: UNAVAILABLE: io exception
	at java.util.concurrent.FutureTask.report(FutureTask.java:122)
	at java.util.concurrent.FutureTask.get(FutureTask.java:192)
	at org.apache.ratis.server.impl.LeaderElection.waitForResults(LeaderElection.java:263)
	at org.apache.ratis.server.impl.LeaderElection.askForVotes(LeaderElection.java:201)
	at org.apache.ratis.server.impl.LeaderElection.run(LeaderElection.java:133)
	at java.lang.Thread.run(Thread.java:748)
Caused by: org.apache.ratis.thirdparty.io.grpc.StatusRuntimeException: UNAVAILABLE: io exception
	at org.apache.ratis.thirdparty.io.grpc.stub.ClientCalls.toStatusRuntimeException(ClientCalls.java:233)
	at org.apache.ratis.thirdparty.io.grpc.stub.ClientCalls.getUnchecked(ClientCalls.java:214)
	at org.apache.ratis.thirdparty.io.grpc.stub.ClientCalls.blockingUnaryCall(ClientCalls.java:139)
	at org.apache.ratis.proto.grpc.RaftServerProtocolServiceGrpc$RaftServerProtocolServiceBlockingStub.requestVote(RaftServerProtocolServiceGrpc.java:265)
	at org.apache.ratis.grpc.server.GrpcServerProtocolClient.requestVote(GrpcServerProtocolClient.java:90)
	at org.apache.ratis.grpc.server.GrpcService.requestVote(GrpcService.java:204)
	at org.apache.ratis.server.impl.LeaderElection.lambda$submitRequests$1(LeaderElection.java:238)
	at java.util.concurrent.FutureTask.run(FutureTask.java:266)
	at java.util.concurrent.Executors$RunnableAdapter.call(Executors.java:511)
	at java.util.concurrent.FutureTask.run(FutureTask.java:266)
	at java.util.concurrent.ThreadPoolExecutor.runWorker(ThreadPoolExecutor.java:1149)
	at java.util.concurrent.ThreadPoolExecutor$Worker.run(ThreadPoolExecutor.java:624)
	... 1 more
Caused by: org.apache.ratis.thirdparty.io.netty.channel.AbstractChannel$AnnotatedConnectException: Connection refused: /192.168.34.52:38245
	at sun.nio.ch.SocketChannelImpl.checkConnect(Native Method)
	at sun.nio.ch.SocketChannelImpl.finishConnect(SocketChannelImpl.java:717)
	at org.apache.ratis.thirdparty.io.netty.channel.socket.nio.NioSocketChannel.doFinishConnect(NioSocketChannel.java:327)
	at org.apache.ratis.thirdparty.io.netty.channel.nio.AbstractNioChannel$AbstractNioUnsafe.finishConnect(AbstractNioChannel.java:340)
	at org.apache.ratis.thirdparty.io.netty.channel.nio.NioEventLoop.processSelectedKey(NioEventLoop.java:632)
	at org.apache.ratis.thirdparty.io.netty.channel.nio.NioEventLoop.processSelectedKeysOptimized(NioEventLoop.java:579)
	at org.apache.ratis.thirdparty.io.netty.channel.nio.NioEventLoop.processSelectedKeys(NioEventLoop.java:496)
	at org.apache.ratis.thirdparty.io.netty.channel.nio.NioEventLoop.run(NioEventLoop.java:458)
	at org.apache.ratis.thirdparty.io.netty.util.concurrent.SingleThreadEventExecutor$5.run(SingleThreadEventExecutor.java:897)
	at org.apache.ratis.thirdparty.io.netty.util.concurrent.FastThreadLocalRunnable.run(FastThreadLocalRunnable.java:30)
	... 1 more
Caused by: java.net.ConnectException: Connection refused
	... 11 more
2019-09-12 06:40:15,807 [760f3a61-bfa2-4d4e-85d8-817950efb624@group-B034F0427A69:LeaderElection26] INFO  impl.LeaderElection (LogUtils.java:infoOrTrace(149)) -   Exception 1: {}
java.util.concurrent.ExecutionException: org.apache.ratis.thirdparty.io.grpc.StatusRuntimeException: UNAVAILABLE: io exception
	at java.util.concurrent.FutureTask.report(FutureTask.java:122)
	at java.util.concurrent.FutureTask.get(FutureTask.java:192)
	at org.apache.ratis.server.impl.LeaderElection.waitForResults(LeaderElection.java:263)
	at org.apache.ratis.server.impl.LeaderElection.askForVotes(LeaderElection.java:201)
	at org.apache.ratis.server.impl.LeaderElection.run(LeaderElection.java:133)
	at java.lang.Thread.run(Thread.java:748)
Caused by: org.apache.ratis.thirdparty.io.grpc.StatusRuntimeException: UNAVAILABLE: io exception
	at org.apache.ratis.thirdparty.io.grpc.stub.ClientCalls.toStatusRuntimeException(ClientCalls.java:233)
	at org.apache.ratis.thirdparty.io.grpc.stub.ClientCalls.getUnchecked(ClientCalls.java:214)
	at org.apache.ratis.thirdparty.io.grpc.stub.ClientCalls.blockingUnaryCall(ClientCalls.java:139)
	at org.apache.ratis.proto.grpc.RaftServerProtocolServiceGrpc$RaftServerProtocolServiceBlockingStub.requestVote(RaftServerProtocolServiceGrpc.java:265)
	at org.apache.ratis.grpc.server.GrpcServerProtocolClient.requestVote(GrpcServerProtocolClient.java:90)
	at org.apache.ratis.grpc.server.GrpcService.requestVote(GrpcService.java:204)
	at org.apache.ratis.server.impl.LeaderElection.lambda$submitRequests$1(LeaderElection.java:238)
	at java.util.concurrent.FutureTask.run(FutureTask.java:266)
	at java.util.concurrent.Executors$RunnableAdapter.call(Executors.java:511)
	at java.util.concurrent.FutureTask.run(FutureTask.java:266)
	at java.util.concurrent.ThreadPoolExecutor.runWorker(ThreadPoolExecutor.java:1149)
	at java.util.concurrent.ThreadPoolExecutor$Worker.run(ThreadPoolExecutor.java:624)
	... 1 more
Caused by: org.apache.ratis.thirdparty.io.netty.channel.AbstractChannel$AnnotatedConnectException: Connection refused: /192.168.34.52:35205
	at sun.nio.ch.SocketChannelImpl.checkConnect(Native Method)
	at sun.nio.ch.SocketChannelImpl.finishConnect(SocketChannelImpl.java:717)
	at org.apache.ratis.thirdparty.io.netty.channel.socket.nio.NioSocketChannel.doFinishConnect(NioSocketChannel.java:327)
	at org.apache.ratis.thirdparty.io.netty.channel.nio.AbstractNioChannel$AbstractNioUnsafe.finishConnect(AbstractNioChannel.java:340)
	at org.apache.ratis.thirdparty.io.netty.channel.nio.NioEventLoop.processSelectedKey(NioEventLoop.java:632)
	at org.apache.ratis.thirdparty.io.netty.channel.nio.NioEventLoop.processSelectedKeysOptimized(NioEventLoop.java:579)
	at org.apache.ratis.thirdparty.io.netty.channel.nio.NioEventLoop.processSelectedKeys(NioEventLoop.java:496)
	at org.apache.ratis.thirdparty.io.netty.channel.nio.NioEventLoop.run(NioEventLoop.java:458)
	at org.apache.ratis.thirdparty.io.netty.util.concurrent.SingleThreadEventExecutor$5.run(SingleThreadEventExecutor.java:897)
	at org.apache.ratis.thirdparty.io.netty.util.concurrent.FastThreadLocalRunnable.run(FastThreadLocalRunnable.java:30)
	... 1 more
Caused by: java.net.ConnectException: Connection refused
	... 11 more
2019-09-12 06:40:15,807 [760f3a61-bfa2-4d4e-85d8-817950efb624@group-B034F0427A69:LeaderElection26] INFO  impl.RaftServerImpl (RaftServerImpl.java:setRole(174)) - 760f3a61-bfa2-4d4e-85d8-817950efb624@group-B034F0427A69: changes role from CANDIDATE to FOLLOWER at term 4 for DISCOVERED_A_NEW_TERM
2019-09-12 06:40:15,808 [760f3a61-bfa2-4d4e-85d8-817950efb624@group-B034F0427A69:LeaderElection26] INFO  impl.RoleInfo (RoleInfo.java:shutdownLeaderElection(134)) - 760f3a61-bfa2-4d4e-85d8-817950efb624: shutdown LeaderElection
2019-09-12 06:40:15,808 [760f3a61-bfa2-4d4e-85d8-817950efb624@group-B034F0427A69:LeaderElection26] INFO  impl.RoleInfo (RoleInfo.java:updateAndGet(143)) - 760f3a61-bfa2-4d4e-85d8-817950efb624: start FollowerState
2019-09-12 06:40:16,001 [java.util.concurrent.ThreadPoolExecutor$Worker@7bd075af[State = -1, empty queue]] WARN  server.GrpcLogAppender (GrpcLogAppender.java:timeoutAppendRequest(200)) - 24c53ee4-03df-424b-8e99-1fd221f7be60@group-3C3ABBECBF4F->d503967e-137a-4fd9-bc45-44203e981a69-GrpcLogAppender: appendEntries Timeout, request=24c53ee4-03df-424b-8e99-1fd221f7be60->d503967e-137a-4fd9-bc45-44203e981a69#126-t2, previous=(t:2, i:20), leaderCommit=16, initializing? false, entries: <empty>
2019-09-12 06:40:16,001 [java.util.concurrent.ThreadPoolExecutor$Worker@24fb95e3[State = -1, empty queue]] WARN  server.GrpcLogAppender (GrpcLogAppender.java:timeoutAppendRequest(200)) - 24c53ee4-03df-424b-8e99-1fd221f7be60@group-3C3ABBECBF4F->3ae969e4-2e35-40bf-9e0e-95acae9da5a5-GrpcLogAppender: appendEntries Timeout, request=24c53ee4-03df-424b-8e99-1fd221f7be60->3ae969e4-2e35-40bf-9e0e-95acae9da5a5#126-t2, previous=(t:2, i:20), leaderCommit=16, initializing? false, entries: <empty>
2019-09-12 06:40:16,289 [java.util.concurrent.ThreadPoolExecutor$Worker@3e497bcb[State = -1, empty queue]] WARN  server.GrpcLogAppender (GrpcLogAppender.java:timeoutAppendRequest(200)) - 5ecf13a7-acad-498a-ad7b-6f285dbc97e2@group-C5E42DFE1AE1->e1cdc330-b298-4f7e-9f8c-e697349a5e69-GrpcLogAppender: appendEntries Timeout, request=5ecf13a7-acad-498a-ad7b-6f285dbc97e2->e1cdc330-b298-4f7e-9f8c-e697349a5e69#126-t2, previous=(t:2, i:20), leaderCommit=16, initializing? false, entries: <empty>
2019-09-12 06:40:16,291 [java.util.concurrent.ThreadPoolExecutor$Worker@6586fa4d[State = -1, empty queue]] WARN  server.GrpcLogAppender (GrpcLogAppender.java:timeoutAppendRequest(200)) - 5ecf13a7-acad-498a-ad7b-6f285dbc97e2@group-C5E42DFE1AE1->996a256c-fd43-494a-96f3-903b907c5248-GrpcLogAppender: appendEntries Timeout, request=5ecf13a7-acad-498a-ad7b-6f285dbc97e2->996a256c-fd43-494a-96f3-903b907c5248#126-t2, previous=(t:2, i:20), leaderCommit=16, initializing? false, entries: <empty>
2019-09-12 06:40:16,381 [Thread-1282] INFO  client.GrpcClientProtocolService (GrpcClientProtocolService.java:lambda$processClientRequest$0(278)) - Failed RaftClientRequest:client-DEDF7BC23D58->760f3a61-bfa2-4d4e-85d8-817950efb624@group-B034F0427A69, cid=60, seq=0, Watch-ALL_COMMITTED(21), Message:<EMPTY>, reply=RaftClientReply:client-DEDF7BC23D58->760f3a61-bfa2-4d4e-85d8-817950efb624@group-B034F0427A69, cid=60, FAILED org.apache.ratis.protocol.NotLeaderException: Server 760f3a61-bfa2-4d4e-85d8-817950efb624@group-B034F0427A69 is not the leader, logIndex=0, commits[760f3a61-bfa2-4d4e-85d8-817950efb624:c30, 9d685984-4448-42b4-b390-543822753f3a:c16, e48d04e8-2c1f-410d-8bfb-5a732d356112:c30]
2019-09-12 06:40:16,387 [grpc-default-executor-12] INFO  client.GrpcClientProtocolClient (GrpcClientProtocolClient.java:onNext(264)) - client-DEDF7BC23D58->760f3a61-bfa2-4d4e-85d8-817950efb624: receive RaftClientReply:client-DEDF7BC23D58->760f3a61-bfa2-4d4e-85d8-817950efb624@group-B034F0427A69, cid=60, FAILED org.apache.ratis.protocol.NotLeaderException: Server 760f3a61-bfa2-4d4e-85d8-817950efb624@group-B034F0427A69 is not the leader, logIndex=0, commits[760f3a61-bfa2-4d4e-85d8-817950efb624:c30, 9d685984-4448-42b4-b390-543822753f3a:c16, e48d04e8-2c1f-410d-8bfb-5a732d356112:c30]
2019-09-12 06:40:16,501 [java.util.concurrent.ThreadPoolExecutor$Worker@7bd075af[State = -1, empty queue]] WARN  server.GrpcLogAppender (GrpcLogAppender.java:timeoutAppendRequest(200)) - 24c53ee4-03df-424b-8e99-1fd221f7be60@group-3C3ABBECBF4F->d503967e-137a-4fd9-bc45-44203e981a69-GrpcLogAppender: appendEntries Timeout, request=24c53ee4-03df-424b-8e99-1fd221f7be60->d503967e-137a-4fd9-bc45-44203e981a69#127-t2, previous=(t:2, i:20), leaderCommit=16, initializing? false, entries: <empty>
2019-09-12 06:40:16,501 [java.util.concurrent.ThreadPoolExecutor$Worker@24fb95e3[State = -1, empty queue]] WARN  server.GrpcLogAppender (GrpcLogAppender.java:timeoutAppendRequest(200)) - 24c53ee4-03df-424b-8e99-1fd221f7be60@group-3C3ABBECBF4F->3ae969e4-2e35-40bf-9e0e-95acae9da5a5-GrpcLogAppender: appendEntries Timeout, request=24c53ee4-03df-424b-8e99-1fd221f7be60->3ae969e4-2e35-40bf-9e0e-95acae9da5a5#127-t2, previous=(t:2, i:20), leaderCommit=16, initializing? false, entries: <empty>
2019-09-12 06:40:16,790 [java.util.concurrent.ThreadPoolExecutor$Worker@3e497bcb[State = -1, empty queue]] WARN  server.GrpcLogAppender (GrpcLogAppender.java:timeoutAppendRequest(200)) - 5ecf13a7-acad-498a-ad7b-6f285dbc97e2@group-C5E42DFE1AE1->e1cdc330-b298-4f7e-9f8c-e697349a5e69-GrpcLogAppender: appendEntries Timeout, request=5ecf13a7-acad-498a-ad7b-6f285dbc97e2->e1cdc330-b298-4f7e-9f8c-e697349a5e69#127-t2, previous=(t:2, i:20), leaderCommit=16, initializing? false, entries: <empty>
2019-09-12 06:40:16,790 [java.util.concurrent.ThreadPoolExecutor$Worker@6586fa4d[State = -1, empty queue]] WARN  server.GrpcLogAppender (GrpcLogAppender.java:timeoutAppendRequest(200)) - 5ecf13a7-acad-498a-ad7b-6f285dbc97e2@group-C5E42DFE1AE1->996a256c-fd43-494a-96f3-903b907c5248-GrpcLogAppender: appendEntries Timeout, request=5ecf13a7-acad-498a-ad7b-6f285dbc97e2->996a256c-fd43-494a-96f3-903b907c5248#127-t2, previous=(t:2, i:20), leaderCommit=16, initializing? false, entries: <empty>
2019-09-12 06:40:16,878 [Thread-1275] INFO  impl.FollowerState (FollowerState.java:run(106)) - 760f3a61-bfa2-4d4e-85d8-817950efb624:group-B034F0427A69 changes to CANDIDATE, lastRpcTime:1069, electionTimeout:1069ms
2019-09-12 06:40:16,878 [Thread-1275] INFO  impl.RoleInfo (RoleInfo.java:shutdownFollowerState(121)) - 760f3a61-bfa2-4d4e-85d8-817950efb624: shutdown FollowerState
2019-09-12 06:40:16,878 [Thread-1275] INFO  impl.RaftServerImpl (RaftServerImpl.java:setRole(174)) - 760f3a61-bfa2-4d4e-85d8-817950efb624@group-B034F0427A69: changes role from  FOLLOWER to CANDIDATE at term 4 for changeToCandidate
2019-09-12 06:40:16,878 [Thread-1275] INFO  impl.RoleInfo (RoleInfo.java:updateAndGet(143)) - 760f3a61-bfa2-4d4e-85d8-817950efb624: start LeaderElection
2019-09-12 06:40:16,895 [760f3a61-bfa2-4d4e-85d8-817950efb624@group-B034F0427A69:LeaderElection27] INFO  impl.LeaderElection (LeaderElection.java:askForVotes(182)) - 760f3a61-bfa2-4d4e-85d8-817950efb624@group-B034F0427A69:LeaderElection27: begin an election at term 5 for 17: [760f3a61-bfa2-4d4e-85d8-817950efb624:192.168.34.52:44136, 9d685984-4448-42b4-b390-543822753f3a:192.168.34.52:35205, e48d04e8-2c1f-410d-8bfb-5a732d356112:192.168.34.52:38245], old=null
2019-09-12 06:40:16,897 [760f3a61-bfa2-4d4e-85d8-817950efb624@group-B034F0427A69:LeaderElection27] INFO  impl.LeaderElection (LogUtils.java:infoOrTrace(149)) - 760f3a61-bfa2-4d4e-85d8-817950efb624@group-B034F0427A69:LeaderElection27 got exception when requesting votes: {}
java.util.concurrent.ExecutionException: org.apache.ratis.thirdparty.io.grpc.StatusRuntimeException: UNAVAILABLE: io exception
	at java.util.concurrent.FutureTask.report(FutureTask.java:122)
	at java.util.concurrent.FutureTask.get(FutureTask.java:192)
	at org.apache.ratis.server.impl.LeaderElection.waitForResults(LeaderElection.java:263)
	at org.apache.ratis.server.impl.LeaderElection.askForVotes(LeaderElection.java:201)
	at org.apache.ratis.server.impl.LeaderElection.run(LeaderElection.java:133)
	at java.lang.Thread.run(Thread.java:748)
Caused by: org.apache.ratis.thirdparty.io.grpc.StatusRuntimeException: UNAVAILABLE: io exception
	at org.apache.ratis.thirdparty.io.grpc.stub.ClientCalls.toStatusRuntimeException(ClientCalls.java:233)
	at org.apache.ratis.thirdparty.io.grpc.stub.ClientCalls.getUnchecked(ClientCalls.java:214)
	at org.apache.ratis.thirdparty.io.grpc.stub.ClientCalls.blockingUnaryCall(ClientCalls.java:139)
	at org.apache.ratis.proto.grpc.RaftServerProtocolServiceGrpc$RaftServerProtocolServiceBlockingStub.requestVote(RaftServerProtocolServiceGrpc.java:265)
	at org.apache.ratis.grpc.server.GrpcServerProtocolClient.requestVote(GrpcServerProtocolClient.java:90)
	at org.apache.ratis.grpc.server.GrpcService.requestVote(GrpcService.java:204)
	at org.apache.ratis.server.impl.LeaderElection.lambda$submitRequests$1(LeaderElection.java:238)
	at java.util.concurrent.FutureTask.run(FutureTask.java:266)
	at java.util.concurrent.Executors$RunnableAdapter.call(Executors.java:511)
	at java.util.concurrent.FutureTask.run(FutureTask.java:266)
	at java.util.concurrent.ThreadPoolExecutor.runWorker(ThreadPoolExecutor.java:1149)
	at java.util.concurrent.ThreadPoolExecutor$Worker.run(ThreadPoolExecutor.java:624)
	... 1 more
Caused by: org.apache.ratis.thirdparty.io.netty.channel.AbstractChannel$AnnotatedConnectException: Connection refused: /192.168.34.52:38245
	at sun.nio.ch.SocketChannelImpl.checkConnect(Native Method)
	at sun.nio.ch.SocketChannelImpl.finishConnect(SocketChannelImpl.java:717)
	at org.apache.ratis.thirdparty.io.netty.channel.socket.nio.NioSocketChannel.doFinishConnect(NioSocketChannel.java:327)
	at org.apache.ratis.thirdparty.io.netty.channel.nio.AbstractNioChannel$AbstractNioUnsafe.finishConnect(AbstractNioChannel.java:340)
	at org.apache.ratis.thirdparty.io.netty.channel.nio.NioEventLoop.processSelectedKey(NioEventLoop.java:632)
	at org.apache.ratis.thirdparty.io.netty.channel.nio.NioEventLoop.processSelectedKeysOptimized(NioEventLoop.java:579)
	at org.apache.ratis.thirdparty.io.netty.channel.nio.NioEventLoop.processSelectedKeys(NioEventLoop.java:496)
	at org.apache.ratis.thirdparty.io.netty.channel.nio.NioEventLoop.run(NioEventLoop.java:458)
	at org.apache.ratis.thirdparty.io.netty.util.concurrent.SingleThreadEventExecutor$5.run(SingleThreadEventExecutor.java:897)
	at org.apache.ratis.thirdparty.io.netty.util.concurrent.FastThreadLocalRunnable.run(FastThreadLocalRunnable.java:30)
	... 1 more
Caused by: java.net.ConnectException: Connection refused
	... 11 more
2019-09-12 06:40:16,901 [760f3a61-bfa2-4d4e-85d8-817950efb624@group-B034F0427A69:LeaderElection27] INFO  impl.LeaderElection (LogUtils.java:infoOrTrace(149)) - 760f3a61-bfa2-4d4e-85d8-817950efb624@group-B034F0427A69:LeaderElection27 got exception when requesting votes: {}
java.util.concurrent.ExecutionException: org.apache.ratis.thirdparty.io.grpc.StatusRuntimeException: UNAVAILABLE: io exception
	at java.util.concurrent.FutureTask.report(FutureTask.java:122)
	at java.util.concurrent.FutureTask.get(FutureTask.java:192)
	at org.apache.ratis.server.impl.LeaderElection.waitForResults(LeaderElection.java:263)
	at org.apache.ratis.server.impl.LeaderElection.askForVotes(LeaderElection.java:201)
	at org.apache.ratis.server.impl.LeaderElection.run(LeaderElection.java:133)
	at java.lang.Thread.run(Thread.java:748)
Caused by: org.apache.ratis.thirdparty.io.grpc.StatusRuntimeException: UNAVAILABLE: io exception
	at org.apache.ratis.thirdparty.io.grpc.stub.ClientCalls.toStatusRuntimeException(ClientCalls.java:233)
	at org.apache.ratis.thirdparty.io.grpc.stub.ClientCalls.getUnchecked(ClientCalls.java:214)
	at org.apache.ratis.thirdparty.io.grpc.stub.ClientCalls.blockingUnaryCall(ClientCalls.java:139)
	at org.apache.ratis.proto.grpc.RaftServerProtocolServiceGrpc$RaftServerProtocolServiceBlockingStub.requestVote(RaftServerProtocolServiceGrpc.java:265)
	at org.apache.ratis.grpc.server.GrpcServerProtocolClient.requestVote(GrpcServerProtocolClient.java:90)
	at org.apache.ratis.grpc.server.GrpcService.requestVote(GrpcService.java:204)
	at org.apache.ratis.server.impl.LeaderElection.lambda$submitRequests$1(LeaderElection.java:238)
	at java.util.concurrent.FutureTask.run(FutureTask.java:266)
	at java.util.concurrent.Executors$RunnableAdapter.call(Executors.java:511)
	at java.util.concurrent.FutureTask.run(FutureTask.java:266)
	at java.util.concurrent.ThreadPoolExecutor.runWorker(ThreadPoolExecutor.java:1149)
	at java.util.concurrent.ThreadPoolExecutor$Worker.run(ThreadPoolExecutor.java:624)
	... 1 more
Caused by: org.apache.ratis.thirdparty.io.netty.channel.AbstractChannel$AnnotatedConnectException: Connection refused: /192.168.34.52:35205
	at sun.nio.ch.SocketChannelImpl.checkConnect(Native Method)
	at sun.nio.ch.SocketChannelImpl.finishConnect(SocketChannelImpl.java:717)
	at org.apache.ratis.thirdparty.io.netty.channel.socket.nio.NioSocketChannel.doFinishConnect(NioSocketChannel.java:327)
	at org.apache.ratis.thirdparty.io.netty.channel.nio.AbstractNioChannel$AbstractNioUnsafe.finishConnect(AbstractNioChannel.java:340)
	at org.apache.ratis.thirdparty.io.netty.channel.nio.NioEventLoop.processSelectedKey(NioEventLoop.java:632)
	at org.apache.ratis.thirdparty.io.netty.channel.nio.NioEventLoop.processSelectedKeysOptimized(NioEventLoop.java:579)
	at org.apache.ratis.thirdparty.io.netty.channel.nio.NioEventLoop.processSelectedKeys(NioEventLoop.java:496)
	at org.apache.ratis.thirdparty.io.netty.channel.nio.NioEventLoop.run(NioEventLoop.java:458)
	at org.apache.ratis.thirdparty.io.netty.util.concurrent.SingleThreadEventExecutor$5.run(SingleThreadEventExecutor.java:897)
	at org.apache.ratis.thirdparty.io.netty.util.concurrent.FastThreadLocalRunnable.run(FastThreadLocalRunnable.java:30)
	... 1 more
Caused by: java.net.ConnectException: Connection refused
	... 11 more
2019-09-12 06:40:16,903 [760f3a61-bfa2-4d4e-85d8-817950efb624@group-B034F0427A69:LeaderElection27] INFO  impl.LeaderElection (LeaderElection.java:logAndReturn(56)) - 760f3a61-bfa2-4d4e-85d8-817950efb624@group-B034F0427A69:LeaderElection27: Election REJECTED; received 0 response(s) [] and 2 exception(s); 760f3a61-bfa2-4d4e-85d8-817950efb624@group-B034F0427A69:t5, leader=null, voted=760f3a61-bfa2-4d4e-85d8-817950efb624, raftlog=760f3a61-bfa2-4d4e-85d8-817950efb624@group-B034F0427A69-SegmentedRaftLog:OPENED:c30,f30,i30, conf=17: [760f3a61-bfa2-4d4e-85d8-817950efb624:192.168.34.52:44136, 9d685984-4448-42b4-b390-543822753f3a:192.168.34.52:35205, e48d04e8-2c1f-410d-8bfb-5a732d356112:192.168.34.52:38245], old=null
2019-09-12 06:40:16,903 [760f3a61-bfa2-4d4e-85d8-817950efb624@group-B034F0427A69:LeaderElection27] INFO  impl.LeaderElection (LogUtils.java:infoOrTrace(149)) -   Exception 0: {}
java.util.concurrent.ExecutionException: org.apache.ratis.thirdparty.io.grpc.StatusRuntimeException: UNAVAILABLE: io exception
	at java.util.concurrent.FutureTask.report(FutureTask.java:122)
	at java.util.concurrent.FutureTask.get(FutureTask.java:192)
	at org.apache.ratis.server.impl.LeaderElection.waitForResults(LeaderElection.java:263)
	at org.apache.ratis.server.impl.LeaderElection.askForVotes(LeaderElection.java:201)
	at org.apache.ratis.server.impl.LeaderElection.run(LeaderElection.java:133)
	at java.lang.Thread.run(Thread.java:748)
Caused by: org.apache.ratis.thirdparty.io.grpc.StatusRuntimeException: UNAVAILABLE: io exception
	at org.apache.ratis.thirdparty.io.grpc.stub.ClientCalls.toStatusRuntimeException(ClientCalls.java:233)
	at org.apache.ratis.thirdparty.io.grpc.stub.ClientCalls.getUnchecked(ClientCalls.java:214)
	at org.apache.ratis.thirdparty.io.grpc.stub.ClientCalls.blockingUnaryCall(ClientCalls.java:139)
	at org.apache.ratis.proto.grpc.RaftServerProtocolServiceGrpc$RaftServerProtocolServiceBlockingStub.requestVote(RaftServerProtocolServiceGrpc.java:265)
	at org.apache.ratis.grpc.server.GrpcServerProtocolClient.requestVote(GrpcServerProtocolClient.java:90)
	at org.apache.ratis.grpc.server.GrpcService.requestVote(GrpcService.java:204)
	at org.apache.ratis.server.impl.LeaderElection.lambda$submitRequests$1(LeaderElection.java:238)
	at java.util.concurrent.FutureTask.run(FutureTask.java:266)
	at java.util.concurrent.Executors$RunnableAdapter.call(Executors.java:511)
	at java.util.concurrent.FutureTask.run(FutureTask.java:266)
	at java.util.concurrent.ThreadPoolExecutor.runWorker(ThreadPoolExecutor.java:1149)
	at java.util.concurrent.ThreadPoolExecutor$Worker.run(ThreadPoolExecutor.java:624)
	... 1 more
Caused by: org.apache.ratis.thirdparty.io.netty.channel.AbstractChannel$AnnotatedConnectException: Connection refused: /192.168.34.52:38245
	at sun.nio.ch.SocketChannelImpl.checkConnect(Native Method)
	at sun.nio.ch.SocketChannelImpl.finishConnect(SocketChannelImpl.java:717)
	at org.apache.ratis.thirdparty.io.netty.channel.socket.nio.NioSocketChannel.doFinishConnect(NioSocketChannel.java:327)
	at org.apache.ratis.thirdparty.io.netty.channel.nio.AbstractNioChannel$AbstractNioUnsafe.finishConnect(AbstractNioChannel.java:340)
	at org.apache.ratis.thirdparty.io.netty.channel.nio.NioEventLoop.processSelectedKey(NioEventLoop.java:632)
	at org.apache.ratis.thirdparty.io.netty.channel.nio.NioEventLoop.processSelectedKeysOptimized(NioEventLoop.java:579)
	at org.apache.ratis.thirdparty.io.netty.channel.nio.NioEventLoop.processSelectedKeys(NioEventLoop.java:496)
	at org.apache.ratis.thirdparty.io.netty.channel.nio.NioEventLoop.run(NioEventLoop.java:458)
	at org.apache.ratis.thirdparty.io.netty.util.concurrent.SingleThreadEventExecutor$5.run(SingleThreadEventExecutor.java:897)
	at org.apache.ratis.thirdparty.io.netty.util.concurrent.FastThreadLocalRunnable.run(FastThreadLocalRunnable.java:30)
	... 1 more
Caused by: java.net.ConnectException: Connection refused
	... 11 more
2019-09-12 06:40:16,904 [760f3a61-bfa2-4d4e-85d8-817950efb624@group-B034F0427A69:LeaderElection27] INFO  impl.LeaderElection (LogUtils.java:infoOrTrace(149)) -   Exception 1: {}
java.util.concurrent.ExecutionException: org.apache.ratis.thirdparty.io.grpc.StatusRuntimeException: UNAVAILABLE: io exception
	at java.util.concurrent.FutureTask.report(FutureTask.java:122)
	at java.util.concurrent.FutureTask.get(FutureTask.java:192)
	at org.apache.ratis.server.impl.LeaderElection.waitForResults(LeaderElection.java:263)
	at org.apache.ratis.server.impl.LeaderElection.askForVotes(LeaderElection.java:201)
	at org.apache.ratis.server.impl.LeaderElection.run(LeaderElection.java:133)
	at java.lang.Thread.run(Thread.java:748)
Caused by: org.apache.ratis.thirdparty.io.grpc.StatusRuntimeException: UNAVAILABLE: io exception
	at org.apache.ratis.thirdparty.io.grpc.stub.ClientCalls.toStatusRuntimeException(ClientCalls.java:233)
	at org.apache.ratis.thirdparty.io.grpc.stub.ClientCalls.getUnchecked(ClientCalls.java:214)
	at org.apache.ratis.thirdparty.io.grpc.stub.ClientCalls.blockingUnaryCall(ClientCalls.java:139)
	at org.apache.ratis.proto.grpc.RaftServerProtocolServiceGrpc$RaftServerProtocolServiceBlockingStub.requestVote(RaftServerProtocolServiceGrpc.java:265)
	at org.apache.ratis.grpc.server.GrpcServerProtocolClient.requestVote(GrpcServerProtocolClient.java:90)
	at org.apache.ratis.grpc.server.GrpcService.requestVote(GrpcService.java:204)
	at org.apache.ratis.server.impl.LeaderElection.lambda$submitRequests$1(LeaderElection.java:238)
	at java.util.concurrent.FutureTask.run(FutureTask.java:266)
	at java.util.concurrent.Executors$RunnableAdapter.call(Executors.java:511)
	at java.util.concurrent.FutureTask.run(FutureTask.java:266)
	at java.util.concurrent.ThreadPoolExecutor.runWorker(ThreadPoolExecutor.java:1149)
	at java.util.concurrent.ThreadPoolExecutor$Worker.run(ThreadPoolExecutor.java:624)
	... 1 more
Caused by: org.apache.ratis.thirdparty.io.netty.channel.AbstractChannel$AnnotatedConnectException: Connection refused: /192.168.34.52:35205
	at sun.nio.ch.SocketChannelImpl.checkConnect(Native Method)
	at sun.nio.ch.SocketChannelImpl.finishConnect(SocketChannelImpl.java:717)
	at org.apache.ratis.thirdparty.io.netty.channel.socket.nio.NioSocketChannel.doFinishConnect(NioSocketChannel.java:327)
	at org.apache.ratis.thirdparty.io.netty.channel.nio.AbstractNioChannel$AbstractNioUnsafe.finishConnect(AbstractNioChannel.java:340)
	at org.apache.ratis.thirdparty.io.netty.channel.nio.NioEventLoop.processSelectedKey(NioEventLoop.java:632)
	at org.apache.ratis.thirdparty.io.netty.channel.nio.NioEventLoop.processSelectedKeysOptimized(NioEventLoop.java:579)
	at org.apache.ratis.thirdparty.io.netty.channel.nio.NioEventLoop.processSelectedKeys(NioEventLoop.java:496)
	at org.apache.ratis.thirdparty.io.netty.channel.nio.NioEventLoop.run(NioEventLoop.java:458)
	at org.apache.ratis.thirdparty.io.netty.util.concurrent.SingleThreadEventExecutor$5.run(SingleThreadEventExecutor.java:897)
	at org.apache.ratis.thirdparty.io.netty.util.concurrent.FastThreadLocalRunnable.run(FastThreadLocalRunnable.java:30)
	... 1 more
Caused by: java.net.ConnectException: Connection refused
	... 11 more
2019-09-12 06:40:16,904 [760f3a61-bfa2-4d4e-85d8-817950efb624@group-B034F0427A69:LeaderElection27] INFO  impl.RaftServerImpl (RaftServerImpl.java:setRole(174)) - 760f3a61-bfa2-4d4e-85d8-817950efb624@group-B034F0427A69: changes role from CANDIDATE to FOLLOWER at term 5 for DISCOVERED_A_NEW_TERM
2019-09-12 06:40:16,904 [760f3a61-bfa2-4d4e-85d8-817950efb624@group-B034F0427A69:LeaderElection27] INFO  impl.RoleInfo (RoleInfo.java:shutdownLeaderElection(134)) - 760f3a61-bfa2-4d4e-85d8-817950efb624: shutdown LeaderElection
2019-09-12 06:40:16,905 [760f3a61-bfa2-4d4e-85d8-817950efb624@group-B034F0427A69:LeaderElection27] INFO  impl.RoleInfo (RoleInfo.java:updateAndGet(143)) - 760f3a61-bfa2-4d4e-85d8-817950efb624: start FollowerState
2019-09-12 06:40:17,001 [java.util.concurrent.ThreadPoolExecutor$Worker@24fb95e3[State = -1, empty queue]] WARN  server.GrpcLogAppender (GrpcLogAppender.java:timeoutAppendRequest(200)) - 24c53ee4-03df-424b-8e99-1fd221f7be60@group-3C3ABBECBF4F->3ae969e4-2e35-40bf-9e0e-95acae9da5a5-GrpcLogAppender: appendEntries Timeout, request=24c53ee4-03df-424b-8e99-1fd221f7be60->3ae969e4-2e35-40bf-9e0e-95acae9da5a5#128-t2, previous=(t:2, i:20), leaderCommit=16, initializing? false, entries: <empty>
2019-09-12 06:40:17,001 [java.util.concurrent.ThreadPoolExecutor$Worker@7bd075af[State = -1, empty queue]] WARN  server.GrpcLogAppender (GrpcLogAppender.java:timeoutAppendRequest(200)) - 24c53ee4-03df-424b-8e99-1fd221f7be60@group-3C3ABBECBF4F->d503967e-137a-4fd9-bc45-44203e981a69-GrpcLogAppender: appendEntries Timeout, request=24c53ee4-03df-424b-8e99-1fd221f7be60->d503967e-137a-4fd9-bc45-44203e981a69#128-t2, previous=(t:2, i:20), leaderCommit=16, initializing? false, entries: <empty>
2019-09-12 06:40:17,290 [java.util.concurrent.ThreadPoolExecutor$Worker@3e497bcb[State = -1, empty queue]] WARN  server.GrpcLogAppender (GrpcLogAppender.java:timeoutAppendRequest(200)) - 5ecf13a7-acad-498a-ad7b-6f285dbc97e2@group-C5E42DFE1AE1->e1cdc330-b298-4f7e-9f8c-e697349a5e69-GrpcLogAppender: appendEntries Timeout, request=5ecf13a7-acad-498a-ad7b-6f285dbc97e2->e1cdc330-b298-4f7e-9f8c-e697349a5e69#128-t2, previous=(t:2, i:20), leaderCommit=16, initializing? false, entries: <empty>
2019-09-12 06:40:17,290 [java.util.concurrent.ThreadPoolExecutor$Worker@6586fa4d[State = -1, empty queue]] WARN  server.GrpcLogAppender (GrpcLogAppender.java:timeoutAppendRequest(200)) - 5ecf13a7-acad-498a-ad7b-6f285dbc97e2@group-C5E42DFE1AE1->996a256c-fd43-494a-96f3-903b907c5248-GrpcLogAppender: appendEntries Timeout, request=5ecf13a7-acad-498a-ad7b-6f285dbc97e2->996a256c-fd43-494a-96f3-903b907c5248#128-t2, previous=(t:2, i:20), leaderCommit=16, initializing? false, entries: <empty>
2019-09-12 06:40:17,502 [java.util.concurrent.ThreadPoolExecutor$Worker@24fb95e3[State = -1, empty queue]] WARN  server.GrpcLogAppender (GrpcLogAppender.java:timeoutAppendRequest(200)) - 24c53ee4-03df-424b-8e99-1fd221f7be60@group-3C3ABBECBF4F->3ae969e4-2e35-40bf-9e0e-95acae9da5a5-GrpcLogAppender: appendEntries Timeout, request=24c53ee4-03df-424b-8e99-1fd221f7be60->3ae969e4-2e35-40bf-9e0e-95acae9da5a5#129-t2, previous=(t:2, i:20), leaderCommit=16, initializing? false, entries: <empty>
2019-09-12 06:40:17,502 [java.util.concurrent.ThreadPoolExecutor$Worker@7bd075af[State = -1, empty queue]] WARN  server.GrpcLogAppender (GrpcLogAppender.java:timeoutAppendRequest(200)) - 24c53ee4-03df-424b-8e99-1fd221f7be60@group-3C3ABBECBF4F->d503967e-137a-4fd9-bc45-44203e981a69-GrpcLogAppender: appendEntries Timeout, request=24c53ee4-03df-424b-8e99-1fd221f7be60->d503967e-137a-4fd9-bc45-44203e981a69#129-t2, previous=(t:2, i:20), leaderCommit=16, initializing? false, entries: <empty>
2019-09-12 06:40:17,790 [java.util.concurrent.ThreadPoolExecutor$Worker@3e497bcb[State = -1, empty queue]] WARN  server.GrpcLogAppender (GrpcLogAppender.java:timeoutAppendRequest(200)) - 5ecf13a7-acad-498a-ad7b-6f285dbc97e2@group-C5E42DFE1AE1->e1cdc330-b298-4f7e-9f8c-e697349a5e69-GrpcLogAppender: appendEntries Timeout, request=5ecf13a7-acad-498a-ad7b-6f285dbc97e2->e1cdc330-b298-4f7e-9f8c-e697349a5e69#129-t2, previous=(t:2, i:20), leaderCommit=16, initializing? false, entries: <empty>
2019-09-12 06:40:17,790 [java.util.concurrent.ThreadPoolExecutor$Worker@6586fa4d[State = -1, empty queue]] WARN  server.GrpcLogAppender (GrpcLogAppender.java:timeoutAppendRequest(200)) - 5ecf13a7-acad-498a-ad7b-6f285dbc97e2@group-C5E42DFE1AE1->996a256c-fd43-494a-96f3-903b907c5248-GrpcLogAppender: appendEntries Timeout, request=5ecf13a7-acad-498a-ad7b-6f285dbc97e2->996a256c-fd43-494a-96f3-903b907c5248#129-t2, previous=(t:2, i:20), leaderCommit=16, initializing? false, entries: <empty>
2019-09-12 06:40:18,002 [java.util.concurrent.ThreadPoolExecutor$Worker@7bd075af[State = -1, empty queue]] WARN  server.GrpcLogAppender (GrpcLogAppender.java:timeoutAppendRequest(200)) - 24c53ee4-03df-424b-8e99-1fd221f7be60@group-3C3ABBECBF4F->d503967e-137a-4fd9-bc45-44203e981a69-GrpcLogAppender: appendEntries Timeout, request=24c53ee4-03df-424b-8e99-1fd221f7be60->d503967e-137a-4fd9-bc45-44203e981a69#130-t2, previous=(t:2, i:20), leaderCommit=16, initializing? false, entries: <empty>
2019-09-12 06:40:18,002 [java.util.concurrent.ThreadPoolExecutor$Worker@24fb95e3[State = -1, empty queue]] WARN  server.GrpcLogAppender (GrpcLogAppender.java:timeoutAppendRequest(200)) - 24c53ee4-03df-424b-8e99-1fd221f7be60@group-3C3ABBECBF4F->3ae969e4-2e35-40bf-9e0e-95acae9da5a5-GrpcLogAppender: appendEntries Timeout, request=24c53ee4-03df-424b-8e99-1fd221f7be60->3ae969e4-2e35-40bf-9e0e-95acae9da5a5#130-t2, previous=(t:2, i:20), leaderCommit=16, initializing? false, entries: <empty>
2019-09-12 06:40:18,051 [Thread-1291] INFO  impl.FollowerState (FollowerState.java:run(106)) - 760f3a61-bfa2-4d4e-85d8-817950efb624:group-B034F0427A69 changes to CANDIDATE, lastRpcTime:1146, electionTimeout:1146ms
2019-09-12 06:40:18,051 [Thread-1291] INFO  impl.RoleInfo (RoleInfo.java:shutdownFollowerState(121)) - 760f3a61-bfa2-4d4e-85d8-817950efb624: shutdown FollowerState
2019-09-12 06:40:18,052 [Thread-1291] INFO  impl.RaftServerImpl (RaftServerImpl.java:setRole(174)) - 760f3a61-bfa2-4d4e-85d8-817950efb624@group-B034F0427A69: changes role from  FOLLOWER to CANDIDATE at term 5 for changeToCandidate
2019-09-12 06:40:18,052 [Thread-1291] INFO  impl.RoleInfo (RoleInfo.java:updateAndGet(143)) - 760f3a61-bfa2-4d4e-85d8-817950efb624: start LeaderElection
2019-09-12 06:40:18,069 [760f3a61-bfa2-4d4e-85d8-817950efb624@group-B034F0427A69:LeaderElection28] INFO  impl.LeaderElection (LeaderElection.java:askForVotes(182)) - 760f3a61-bfa2-4d4e-85d8-817950efb624@group-B034F0427A69:LeaderElection28: begin an election at term 6 for 17: [760f3a61-bfa2-4d4e-85d8-817950efb624:192.168.34.52:44136, 9d685984-4448-42b4-b390-543822753f3a:192.168.34.52:35205, e48d04e8-2c1f-410d-8bfb-5a732d356112:192.168.34.52:38245], old=null
2019-09-12 06:40:18,070 [760f3a61-bfa2-4d4e-85d8-817950efb624@group-B034F0427A69:LeaderElection28] INFO  impl.LeaderElection (LogUtils.java:infoOrTrace(149)) - 760f3a61-bfa2-4d4e-85d8-817950efb624@group-B034F0427A69:LeaderElection28 got exception when requesting votes: {}
java.util.concurrent.ExecutionException: org.apache.ratis.thirdparty.io.grpc.StatusRuntimeException: UNAVAILABLE: io exception
	at java.util.concurrent.FutureTask.report(FutureTask.java:122)
	at java.util.concurrent.FutureTask.get(FutureTask.java:192)
	at org.apache.ratis.server.impl.LeaderElection.waitForResults(LeaderElection.java:263)
	at org.apache.ratis.server.impl.LeaderElection.askForVotes(LeaderElection.java:201)
	at org.apache.ratis.server.impl.LeaderElection.run(LeaderElection.java:133)
	at java.lang.Thread.run(Thread.java:748)
Caused by: org.apache.ratis.thirdparty.io.grpc.StatusRuntimeException: UNAVAILABLE: io exception
	at org.apache.ratis.thirdparty.io.grpc.stub.ClientCalls.toStatusRuntimeException(ClientCalls.java:233)
	at org.apache.ratis.thirdparty.io.grpc.stub.ClientCalls.getUnchecked(ClientCalls.java:214)
	at org.apache.ratis.thirdparty.io.grpc.stub.ClientCalls.blockingUnaryCall(ClientCalls.java:139)
	at org.apache.ratis.proto.grpc.RaftServerProtocolServiceGrpc$RaftServerProtocolServiceBlockingStub.requestVote(RaftServerProtocolServiceGrpc.java:265)
	at org.apache.ratis.grpc.server.GrpcServerProtocolClient.requestVote(GrpcServerProtocolClient.java:90)
	at org.apache.ratis.grpc.server.GrpcService.requestVote(GrpcService.java:204)
	at org.apache.ratis.server.impl.LeaderElection.lambda$submitRequests$1(LeaderElection.java:238)
	at java.util.concurrent.FutureTask.run(FutureTask.java:266)
	at java.util.concurrent.Executors$RunnableAdapter.call(Executors.java:511)
	at java.util.concurrent.FutureTask.run(FutureTask.java:266)
	at java.util.concurrent.ThreadPoolExecutor.runWorker(ThreadPoolExecutor.java:1149)
	at java.util.concurrent.ThreadPoolExecutor$Worker.run(ThreadPoolExecutor.java:624)
	... 1 more
Caused by: org.apache.ratis.thirdparty.io.netty.channel.AbstractChannel$AnnotatedConnectException: Connection refused: /192.168.34.52:35205
	at sun.nio.ch.SocketChannelImpl.checkConnect(Native Method)
	at sun.nio.ch.SocketChannelImpl.finishConnect(SocketChannelImpl.java:717)
	at org.apache.ratis.thirdparty.io.netty.channel.socket.nio.NioSocketChannel.doFinishConnect(NioSocketChannel.java:327)
	at org.apache.ratis.thirdparty.io.netty.channel.nio.AbstractNioChannel$AbstractNioUnsafe.finishConnect(AbstractNioChannel.java:340)
	at org.apache.ratis.thirdparty.io.netty.channel.nio.NioEventLoop.processSelectedKey(NioEventLoop.java:632)
	at org.apache.ratis.thirdparty.io.netty.channel.nio.NioEventLoop.processSelectedKeysOptimized(NioEventLoop.java:579)
	at org.apache.ratis.thirdparty.io.netty.channel.nio.NioEventLoop.processSelectedKeys(NioEventLoop.java:496)
	at org.apache.ratis.thirdparty.io.netty.channel.nio.NioEventLoop.run(NioEventLoop.java:458)
	at org.apache.ratis.thirdparty.io.netty.util.concurrent.SingleThreadEventExecutor$5.run(SingleThreadEventExecutor.java:897)
	at org.apache.ratis.thirdparty.io.netty.util.concurrent.FastThreadLocalRunnable.run(FastThreadLocalRunnable.java:30)
	... 1 more
Caused by: java.net.ConnectException: Connection refused
	... 11 more
2019-09-12 06:40:18,073 [760f3a61-bfa2-4d4e-85d8-817950efb624@group-B034F0427A69:LeaderElection28] INFO  impl.LeaderElection (LogUtils.java:infoOrTrace(149)) - 760f3a61-bfa2-4d4e-85d8-817950efb624@group-B034F0427A69:LeaderElection28 got exception when requesting votes: {}
java.util.concurrent.ExecutionException: org.apache.ratis.thirdparty.io.grpc.StatusRuntimeException: UNAVAILABLE: io exception
	at java.util.concurrent.FutureTask.report(FutureTask.java:122)
	at java.util.concurrent.FutureTask.get(FutureTask.java:192)
	at org.apache.ratis.server.impl.LeaderElection.waitForResults(LeaderElection.java:263)
	at org.apache.ratis.server.impl.LeaderElection.askForVotes(LeaderElection.java:201)
	at org.apache.ratis.server.impl.LeaderElection.run(LeaderElection.java:133)
	at java.lang.Thread.run(Thread.java:748)
Caused by: org.apache.ratis.thirdparty.io.grpc.StatusRuntimeException: UNAVAILABLE: io exception
	at org.apache.ratis.thirdparty.io.grpc.stub.ClientCalls.toStatusRuntimeException(ClientCalls.java:233)
	at org.apache.ratis.thirdparty.io.grpc.stub.ClientCalls.getUnchecked(ClientCalls.java:214)
	at org.apache.ratis.thirdparty.io.grpc.stub.ClientCalls.blockingUnaryCall(ClientCalls.java:139)
	at org.apache.ratis.proto.grpc.RaftServerProtocolServiceGrpc$RaftServerProtocolServiceBlockingStub.requestVote(RaftServerProtocolServiceGrpc.java:265)
	at org.apache.ratis.grpc.server.GrpcServerProtocolClient.requestVote(GrpcServerProtocolClient.java:90)
	at org.apache.ratis.grpc.server.GrpcService.requestVote(GrpcService.java:204)
	at org.apache.ratis.server.impl.LeaderElection.lambda$submitRequests$1(LeaderElection.java:238)
	at java.util.concurrent.FutureTask.run(FutureTask.java:266)
	at java.util.concurrent.Executors$RunnableAdapter.call(Executors.java:511)
	at java.util.concurrent.FutureTask.run(FutureTask.java:266)
	at java.util.concurrent.ThreadPoolExecutor.runWorker(ThreadPoolExecutor.java:1149)
	at java.util.concurrent.ThreadPoolExecutor$Worker.run(ThreadPoolExecutor.java:624)
	... 1 more
Caused by: org.apache.ratis.thirdparty.io.netty.channel.AbstractChannel$AnnotatedConnectException: Connection refused: /192.168.34.52:38245
	at sun.nio.ch.SocketChannelImpl.checkConnect(Native Method)
	at sun.nio.ch.SocketChannelImpl.finishConnect(SocketChannelImpl.java:717)
	at org.apache.ratis.thirdparty.io.netty.channel.socket.nio.NioSocketChannel.doFinishConnect(NioSocketChannel.java:327)
	at org.apache.ratis.thirdparty.io.netty.channel.nio.AbstractNioChannel$AbstractNioUnsafe.finishConnect(AbstractNioChannel.java:340)
	at org.apache.ratis.thirdparty.io.netty.channel.nio.NioEventLoop.processSelectedKey(NioEventLoop.java:632)
	at org.apache.ratis.thirdparty.io.netty.channel.nio.NioEventLoop.processSelectedKeysOptimized(NioEventLoop.java:579)
	at org.apache.ratis.thirdparty.io.netty.channel.nio.NioEventLoop.processSelectedKeys(NioEventLoop.java:496)
	at org.apache.ratis.thirdparty.io.netty.channel.nio.NioEventLoop.run(NioEventLoop.java:458)
	at org.apache.ratis.thirdparty.io.netty.util.concurrent.SingleThreadEventExecutor$5.run(SingleThreadEventExecutor.java:897)
	at org.apache.ratis.thirdparty.io.netty.util.concurrent.FastThreadLocalRunnable.run(FastThreadLocalRunnable.java:30)
	... 1 more
Caused by: java.net.ConnectException: Connection refused
	... 11 more
2019-09-12 06:40:18,076 [760f3a61-bfa2-4d4e-85d8-817950efb624@group-B034F0427A69:LeaderElection28] INFO  impl.LeaderElection (LeaderElection.java:logAndReturn(56)) - 760f3a61-bfa2-4d4e-85d8-817950efb624@group-B034F0427A69:LeaderElection28: Election REJECTED; received 0 response(s) [] and 2 exception(s); 760f3a61-bfa2-4d4e-85d8-817950efb624@group-B034F0427A69:t6, leader=null, voted=760f3a61-bfa2-4d4e-85d8-817950efb624, raftlog=760f3a61-bfa2-4d4e-85d8-817950efb624@group-B034F0427A69-SegmentedRaftLog:OPENED:c30,f30,i30, conf=17: [760f3a61-bfa2-4d4e-85d8-817950efb624:192.168.34.52:44136, 9d685984-4448-42b4-b390-543822753f3a:192.168.34.52:35205, e48d04e8-2c1f-410d-8bfb-5a732d356112:192.168.34.52:38245], old=null
2019-09-12 06:40:18,076 [760f3a61-bfa2-4d4e-85d8-817950efb624@group-B034F0427A69:LeaderElection28] INFO  impl.LeaderElection (LogUtils.java:infoOrTrace(149)) -   Exception 0: {}
java.util.concurrent.ExecutionException: org.apache.ratis.thirdparty.io.grpc.StatusRuntimeException: UNAVAILABLE: io exception
	at java.util.concurrent.FutureTask.report(FutureTask.java:122)
	at java.util.concurrent.FutureTask.get(FutureTask.java:192)
	at org.apache.ratis.server.impl.LeaderElection.waitForResults(LeaderElection.java:263)
	at org.apache.ratis.server.impl.LeaderElection.askForVotes(LeaderElection.java:201)
	at org.apache.ratis.server.impl.LeaderElection.run(LeaderElection.java:133)
	at java.lang.Thread.run(Thread.java:748)
Caused by: org.apache.ratis.thirdparty.io.grpc.StatusRuntimeException: UNAVAILABLE: io exception
	at org.apache.ratis.thirdparty.io.grpc.stub.ClientCalls.toStatusRuntimeException(ClientCalls.java:233)
	at org.apache.ratis.thirdparty.io.grpc.stub.ClientCalls.getUnchecked(ClientCalls.java:214)
	at org.apache.ratis.thirdparty.io.grpc.stub.ClientCalls.blockingUnaryCall(ClientCalls.java:139)
	at org.apache.ratis.proto.grpc.RaftServerProtocolServiceGrpc$RaftServerProtocolServiceBlockingStub.requestVote(RaftServerProtocolServiceGrpc.java:265)
	at org.apache.ratis.grpc.server.GrpcServerProtocolClient.requestVote(GrpcServerProtocolClient.java:90)
	at org.apache.ratis.grpc.server.GrpcService.requestVote(GrpcService.java:204)
	at org.apache.ratis.server.impl.LeaderElection.lambda$submitRequests$1(LeaderElection.java:238)
	at java.util.concurrent.FutureTask.run(FutureTask.java:266)
	at java.util.concurrent.Executors$RunnableAdapter.call(Executors.java:511)
	at java.util.concurrent.FutureTask.run(FutureTask.java:266)
	at java.util.concurrent.ThreadPoolExecutor.runWorker(ThreadPoolExecutor.java:1149)
	at java.util.concurrent.ThreadPoolExecutor$Worker.run(ThreadPoolExecutor.java:624)
	... 1 more
Caused by: org.apache.ratis.thirdparty.io.netty.channel.AbstractChannel$AnnotatedConnectException: Connection refused: /192.168.34.52:35205
	at sun.nio.ch.SocketChannelImpl.checkConnect(Native Method)
	at sun.nio.ch.SocketChannelImpl.finishConnect(SocketChannelImpl.java:717)
	at org.apache.ratis.thirdparty.io.netty.channel.socket.nio.NioSocketChannel.doFinishConnect(NioSocketChannel.java:327)
	at org.apache.ratis.thirdparty.io.netty.channel.nio.AbstractNioChannel$AbstractNioUnsafe.finishConnect(AbstractNioChannel.java:340)
	at org.apache.ratis.thirdparty.io.netty.channel.nio.NioEventLoop.processSelectedKey(NioEventLoop.java:632)
	at org.apache.ratis.thirdparty.io.netty.channel.nio.NioEventLoop.processSelectedKeysOptimized(NioEventLoop.java:579)
	at org.apache.ratis.thirdparty.io.netty.channel.nio.NioEventLoop.processSelectedKeys(NioEventLoop.java:496)
	at org.apache.ratis.thirdparty.io.netty.channel.nio.NioEventLoop.run(NioEventLoop.java:458)
	at org.apache.ratis.thirdparty.io.netty.util.concurrent.SingleThreadEventExecutor$5.run(SingleThreadEventExecutor.java:897)
	at org.apache.ratis.thirdparty.io.netty.util.concurrent.FastThreadLocalRunnable.run(FastThreadLocalRunnable.java:30)
	... 1 more
Caused by: java.net.ConnectException: Connection refused
	... 11 more
2019-09-12 06:40:18,076 [760f3a61-bfa2-4d4e-85d8-817950efb624@group-B034F0427A69:LeaderElection28] INFO  impl.LeaderElection (LogUtils.java:infoOrTrace(149)) -   Exception 1: {}
java.util.concurrent.ExecutionException: org.apache.ratis.thirdparty.io.grpc.StatusRuntimeException: UNAVAILABLE: io exception
	at java.util.concurrent.FutureTask.report(FutureTask.java:122)
	at java.util.concurrent.FutureTask.get(FutureTask.java:192)
	at org.apache.ratis.server.impl.LeaderElection.waitForResults(LeaderElection.java:263)
	at org.apache.ratis.server.impl.LeaderElection.askForVotes(LeaderElection.java:201)
	at org.apache.ratis.server.impl.LeaderElection.run(LeaderElection.java:133)
	at java.lang.Thread.run(Thread.java:748)
Caused by: org.apache.ratis.thirdparty.io.grpc.StatusRuntimeException: UNAVAILABLE: io exception
	at org.apache.ratis.thirdparty.io.grpc.stub.ClientCalls.toStatusRuntimeException(ClientCalls.java:233)
	at org.apache.ratis.thirdparty.io.grpc.stub.ClientCalls.getUnchecked(ClientCalls.java:214)
	at org.apache.ratis.thirdparty.io.grpc.stub.ClientCalls.blockingUnaryCall(ClientCalls.java:139)
	at org.apache.ratis.proto.grpc.RaftServerProtocolServiceGrpc$RaftServerProtocolServiceBlockingStub.requestVote(RaftServerProtocolServiceGrpc.java:265)
	at org.apache.ratis.grpc.server.GrpcServerProtocolClient.requestVote(GrpcServerProtocolClient.java:90)
	at org.apache.ratis.grpc.server.GrpcService.requestVote(GrpcService.java:204)
	at org.apache.ratis.server.impl.LeaderElection.lambda$submitRequests$1(LeaderElection.java:238)
	at java.util.concurrent.FutureTask.run(FutureTask.java:266)
	at java.util.concurrent.Executors$RunnableAdapter.call(Executors.java:511)
	at java.util.concurrent.FutureTask.run(FutureTask.java:266)
	at java.util.concurrent.ThreadPoolExecutor.runWorker(ThreadPoolExecutor.java:1149)
	at java.util.concurrent.ThreadPoolExecutor$Worker.run(ThreadPoolExecutor.java:624)
	... 1 more
Caused by: org.apache.ratis.thirdparty.io.netty.channel.AbstractChannel$AnnotatedConnectException: Connection refused: /192.168.34.52:38245
	at sun.nio.ch.SocketChannelImpl.checkConnect(Native Method)
	at sun.nio.ch.SocketChannelImpl.finishConnect(SocketChannelImpl.java:717)
	at org.apache.ratis.thirdparty.io.netty.channel.socket.nio.NioSocketChannel.doFinishConnect(NioSocketChannel.java:327)
	at org.apache.ratis.thirdparty.io.netty.channel.nio.AbstractNioChannel$AbstractNioUnsafe.finishConnect(AbstractNioChannel.java:340)
	at org.apache.ratis.thirdparty.io.netty.channel.nio.NioEventLoop.processSelectedKey(NioEventLoop.java:632)
	at org.apache.ratis.thirdparty.io.netty.channel.nio.NioEventLoop.processSelectedKeysOptimized(NioEventLoop.java:579)
	at org.apache.ratis.thirdparty.io.netty.channel.nio.NioEventLoop.processSelectedKeys(NioEventLoop.java:496)
	at org.apache.ratis.thirdparty.io.netty.channel.nio.NioEventLoop.run(NioEventLoop.java:458)
	at org.apache.ratis.thirdparty.io.netty.util.concurrent.SingleThreadEventExecutor$5.run(SingleThreadEventExecutor.java:897)
	at org.apache.ratis.thirdparty.io.netty.util.concurrent.FastThreadLocalRunnable.run(FastThreadLocalRunnable.java:30)
	... 1 more
Caused by: java.net.ConnectException: Connection refused
	... 11 more
2019-09-12 06:40:18,077 [760f3a61-bfa2-4d4e-85d8-817950efb624@group-B034F0427A69:LeaderElection28] INFO  impl.RaftServerImpl (RaftServerImpl.java:setRole(174)) - 760f3a61-bfa2-4d4e-85d8-817950efb624@group-B034F0427A69: changes role from CANDIDATE to FOLLOWER at term 6 for DISCOVERED_A_NEW_TERM
2019-09-12 06:40:18,077 [760f3a61-bfa2-4d4e-85d8-817950efb624@group-B034F0427A69:LeaderElection28] INFO  impl.RoleInfo (RoleInfo.java:shutdownLeaderElection(134)) - 760f3a61-bfa2-4d4e-85d8-817950efb624: shutdown LeaderElection
2019-09-12 06:40:18,077 [760f3a61-bfa2-4d4e-85d8-817950efb624@group-B034F0427A69:LeaderElection28] INFO  impl.RoleInfo (RoleInfo.java:updateAndGet(143)) - 760f3a61-bfa2-4d4e-85d8-817950efb624: start FollowerState
2019-09-12 06:40:18,291 [java.util.concurrent.ThreadPoolExecutor$Worker@3e497bcb[State = -1, empty queue]] WARN  server.GrpcLogAppender (GrpcLogAppender.java:timeoutAppendRequest(200)) - 5ecf13a7-acad-498a-ad7b-6f285dbc97e2@group-C5E42DFE1AE1->e1cdc330-b298-4f7e-9f8c-e697349a5e69-GrpcLogAppender: appendEntries Timeout, request=5ecf13a7-acad-498a-ad7b-6f285dbc97e2->e1cdc330-b298-4f7e-9f8c-e697349a5e69#130-t2, previous=(t:2, i:20), leaderCommit=16, initializing? false, entries: <empty>
2019-09-12 06:40:18,291 [java.util.concurrent.ThreadPoolExecutor$Worker@6586fa4d[State = -1, empty queue]] WARN  server.GrpcLogAppender (GrpcLogAppender.java:timeoutAppendRequest(200)) - 5ecf13a7-acad-498a-ad7b-6f285dbc97e2@group-C5E42DFE1AE1->996a256c-fd43-494a-96f3-903b907c5248-GrpcLogAppender: appendEntries Timeout, request=5ecf13a7-acad-498a-ad7b-6f285dbc97e2->996a256c-fd43-494a-96f3-903b907c5248#130-t2, previous=(t:2, i:20), leaderCommit=16, initializing? false, entries: <empty>
2019-09-12 06:40:18,408 [Thread-1313] INFO  client.GrpcClientProtocolService (GrpcClientProtocolService.java:lambda$processClientRequest$0(278)) - Failed RaftClientRequest:client-DEDF7BC23D58->760f3a61-bfa2-4d4e-85d8-817950efb624@group-B034F0427A69, cid=60, seq=0, Watch-ALL_COMMITTED(21), Message:<EMPTY>, reply=RaftClientReply:client-DEDF7BC23D58->760f3a61-bfa2-4d4e-85d8-817950efb624@group-B034F0427A69, cid=60, FAILED org.apache.ratis.protocol.NotLeaderException: Server 760f3a61-bfa2-4d4e-85d8-817950efb624@group-B034F0427A69 is not the leader, logIndex=0, commits[760f3a61-bfa2-4d4e-85d8-817950efb624:c30, 9d685984-4448-42b4-b390-543822753f3a:c16, e48d04e8-2c1f-410d-8bfb-5a732d356112:c30]
2019-09-12 06:40:18,414 [grpc-default-executor-7] INFO  client.GrpcClientProtocolClient (GrpcClientProtocolClient.java:onNext(264)) - client-DEDF7BC23D58->760f3a61-bfa2-4d4e-85d8-817950efb624: receive RaftClientReply:client-DEDF7BC23D58->760f3a61-bfa2-4d4e-85d8-817950efb624@group-B034F0427A69, cid=60, FAILED org.apache.ratis.protocol.NotLeaderException: Server 760f3a61-bfa2-4d4e-85d8-817950efb624@group-B034F0427A69 is not the leader, logIndex=0, commits[760f3a61-bfa2-4d4e-85d8-817950efb624:c30, 9d685984-4448-42b4-b390-543822753f3a:c16, e48d04e8-2c1f-410d-8bfb-5a732d356112:c30]
2019-09-12 06:40:18,502 [java.util.concurrent.ThreadPoolExecutor$Worker@24fb95e3[State = -1, empty queue]] WARN  server.GrpcLogAppender (GrpcLogAppender.java:timeoutAppendRequest(200)) - 24c53ee4-03df-424b-8e99-1fd221f7be60@group-3C3ABBECBF4F->3ae969e4-2e35-40bf-9e0e-95acae9da5a5-GrpcLogAppender: appendEntries Timeout, request=24c53ee4-03df-424b-8e99-1fd221f7be60->3ae969e4-2e35-40bf-9e0e-95acae9da5a5#131-t2, previous=(t:2, i:20), leaderCommit=16, initializing? false, entries: <empty>
2019-09-12 06:40:18,502 [java.util.concurrent.ThreadPoolExecutor$Worker@7bd075af[State = -1, empty queue]] WARN  server.GrpcLogAppender (GrpcLogAppender.java:timeoutAppendRequest(200)) - 24c53ee4-03df-424b-8e99-1fd221f7be60@group-3C3ABBECBF4F->d503967e-137a-4fd9-bc45-44203e981a69-GrpcLogAppender: appendEntries Timeout, request=24c53ee4-03df-424b-8e99-1fd221f7be60->d503967e-137a-4fd9-bc45-44203e981a69#131-t2, previous=(t:2, i:20), leaderCommit=16, initializing? false, entries: <empty>
2019-09-12 06:40:18,791 [java.util.concurrent.ThreadPoolExecutor$Worker@3e497bcb[State = -1, empty queue]] WARN  server.GrpcLogAppender (GrpcLogAppender.java:timeoutAppendRequest(200)) - 5ecf13a7-acad-498a-ad7b-6f285dbc97e2@group-C5E42DFE1AE1->e1cdc330-b298-4f7e-9f8c-e697349a5e69-GrpcLogAppender: appendEntries Timeout, request=5ecf13a7-acad-498a-ad7b-6f285dbc97e2->e1cdc330-b298-4f7e-9f8c-e697349a5e69#131-t2, previous=(t:2, i:20), leaderCommit=16, initializing? false, entries: <empty>
2019-09-12 06:40:18,791 [java.util.concurrent.ThreadPoolExecutor$Worker@6586fa4d[State = -1, empty queue]] WARN  server.GrpcLogAppender (GrpcLogAppender.java:timeoutAppendRequest(200)) - 5ecf13a7-acad-498a-ad7b-6f285dbc97e2@group-C5E42DFE1AE1->996a256c-fd43-494a-96f3-903b907c5248-GrpcLogAppender: appendEntries Timeout, request=5ecf13a7-acad-498a-ad7b-6f285dbc97e2->996a256c-fd43-494a-96f3-903b907c5248#131-t2, previous=(t:2, i:20), leaderCommit=16, initializing? false, entries: <empty>
2019-09-12 06:40:19,003 [java.util.concurrent.ThreadPoolExecutor$Worker@24fb95e3[State = -1, empty queue]] WARN  server.GrpcLogAppender (GrpcLogAppender.java:timeoutAppendRequest(200)) - 24c53ee4-03df-424b-8e99-1fd221f7be60@group-3C3ABBECBF4F->3ae969e4-2e35-40bf-9e0e-95acae9da5a5-GrpcLogAppender: appendEntries Timeout, request=24c53ee4-03df-424b-8e99-1fd221f7be60->3ae969e4-2e35-40bf-9e0e-95acae9da5a5#132-t2, previous=(t:2, i:20), leaderCommit=16, initializing? false, entries: <empty>
2019-09-12 06:40:19,003 [java.util.concurrent.ThreadPoolExecutor$Worker@7bd075af[State = -1, empty queue]] WARN  server.GrpcLogAppender (GrpcLogAppender.java:timeoutAppendRequest(200)) - 24c53ee4-03df-424b-8e99-1fd221f7be60@group-3C3ABBECBF4F->d503967e-137a-4fd9-bc45-44203e981a69-GrpcLogAppender: appendEntries Timeout, request=24c53ee4-03df-424b-8e99-1fd221f7be60->d503967e-137a-4fd9-bc45-44203e981a69#132-t2, previous=(t:2, i:20), leaderCommit=16, initializing? false, entries: <empty>
2019-09-12 06:40:19,255 [Thread-1308] INFO  impl.FollowerState (FollowerState.java:run(106)) - 760f3a61-bfa2-4d4e-85d8-817950efb624:group-B034F0427A69 changes to CANDIDATE, lastRpcTime:1177, electionTimeout:1177ms
2019-09-12 06:40:19,255 [Thread-1308] INFO  impl.RoleInfo (RoleInfo.java:shutdownFollowerState(121)) - 760f3a61-bfa2-4d4e-85d8-817950efb624: shutdown FollowerState
2019-09-12 06:40:19,255 [Thread-1308] INFO  impl.RaftServerImpl (RaftServerImpl.java:setRole(174)) - 760f3a61-bfa2-4d4e-85d8-817950efb624@group-B034F0427A69: changes role from  FOLLOWER to CANDIDATE at term 6 for changeToCandidate
2019-09-12 06:40:19,255 [Thread-1308] INFO  impl.RoleInfo (RoleInfo.java:updateAndGet(143)) - 760f3a61-bfa2-4d4e-85d8-817950efb624: start LeaderElection
2019-09-12 06:40:19,273 [760f3a61-bfa2-4d4e-85d8-817950efb624@group-B034F0427A69:LeaderElection29] INFO  impl.LeaderElection (LeaderElection.java:askForVotes(182)) - 760f3a61-bfa2-4d4e-85d8-817950efb624@group-B034F0427A69:LeaderElection29: begin an election at term 7 for 17: [760f3a61-bfa2-4d4e-85d8-817950efb624:192.168.34.52:44136, 9d685984-4448-42b4-b390-543822753f3a:192.168.34.52:35205, e48d04e8-2c1f-410d-8bfb-5a732d356112:192.168.34.52:38245], old=null
2019-09-12 06:40:19,276 [760f3a61-bfa2-4d4e-85d8-817950efb624@group-B034F0427A69:LeaderElection29] INFO  impl.LeaderElection (LogUtils.java:infoOrTrace(149)) - 760f3a61-bfa2-4d4e-85d8-817950efb624@group-B034F0427A69:LeaderElection29 got exception when requesting votes: {}
java.util.concurrent.ExecutionException: org.apache.ratis.thirdparty.io.grpc.StatusRuntimeException: UNAVAILABLE: io exception
	at java.util.concurrent.FutureTask.report(FutureTask.java:122)
	at java.util.concurrent.FutureTask.get(FutureTask.java:192)
	at org.apache.ratis.server.impl.LeaderElection.waitForResults(LeaderElection.java:263)
	at org.apache.ratis.server.impl.LeaderElection.askForVotes(LeaderElection.java:201)
	at org.apache.ratis.server.impl.LeaderElection.run(LeaderElection.java:133)
	at java.lang.Thread.run(Thread.java:748)
Caused by: org.apache.ratis.thirdparty.io.grpc.StatusRuntimeException: UNAVAILABLE: io exception
	at org.apache.ratis.thirdparty.io.grpc.stub.ClientCalls.toStatusRuntimeException(ClientCalls.java:233)
	at org.apache.ratis.thirdparty.io.grpc.stub.ClientCalls.getUnchecked(ClientCalls.java:214)
	at org.apache.ratis.thirdparty.io.grpc.stub.ClientCalls.blockingUnaryCall(ClientCalls.java:139)
	at org.apache.ratis.proto.grpc.RaftServerProtocolServiceGrpc$RaftServerProtocolServiceBlockingStub.requestVote(RaftServerProtocolServiceGrpc.java:265)
	at org.apache.ratis.grpc.server.GrpcServerProtocolClient.requestVote(GrpcServerProtocolClient.java:90)
	at org.apache.ratis.grpc.server.GrpcService.requestVote(GrpcService.java:204)
	at org.apache.ratis.server.impl.LeaderElection.lambda$submitRequests$1(LeaderElection.java:238)
	at java.util.concurrent.FutureTask.run(FutureTask.java:266)
	at java.util.concurrent.Executors$RunnableAdapter.call(Executors.java:511)
	at java.util.concurrent.FutureTask.run(FutureTask.java:266)
	at java.util.concurrent.ThreadPoolExecutor.runWorker(ThreadPoolExecutor.java:1149)
	at java.util.concurrent.ThreadPoolExecutor$Worker.run(ThreadPoolExecutor.java:624)
	... 1 more
Caused by: org.apache.ratis.thirdparty.io.netty.channel.AbstractChannel$AnnotatedConnectException: Connection refused: /192.168.34.52:35205
	at sun.nio.ch.SocketChannelImpl.checkConnect(Native Method)
	at sun.nio.ch.SocketChannelImpl.finishConnect(SocketChannelImpl.java:717)
	at org.apache.ratis.thirdparty.io.netty.channel.socket.nio.NioSocketChannel.doFinishConnect(NioSocketChannel.java:327)
	at org.apache.ratis.thirdparty.io.netty.channel.nio.AbstractNioChannel$AbstractNioUnsafe.finishConnect(AbstractNioChannel.java:340)
	at org.apache.ratis.thirdparty.io.netty.channel.nio.NioEventLoop.processSelectedKey(NioEventLoop.java:632)
	at org.apache.ratis.thirdparty.io.netty.channel.nio.NioEventLoop.processSelectedKeysOptimized(NioEventLoop.java:579)
	at org.apache.ratis.thirdparty.io.netty.channel.nio.NioEventLoop.processSelectedKeys(NioEventLoop.java:496)
	at org.apache.ratis.thirdparty.io.netty.channel.nio.NioEventLoop.run(NioEventLoop.java:458)
	at org.apache.ratis.thirdparty.io.netty.util.concurrent.SingleThreadEventExecutor$5.run(SingleThreadEventExecutor.java:897)
	at org.apache.ratis.thirdparty.io.netty.util.concurrent.FastThreadLocalRunnable.run(FastThreadLocalRunnable.java:30)
	... 1 more
Caused by: java.net.ConnectException: Connection refused
	... 11 more
2019-09-12 06:40:19,281 [760f3a61-bfa2-4d4e-85d8-817950efb624@group-B034F0427A69:LeaderElection29] INFO  impl.LeaderElection (LogUtils.java:infoOrTrace(149)) - 760f3a61-bfa2-4d4e-85d8-817950efb624@group-B034F0427A69:LeaderElection29 got exception when requesting votes: {}
java.util.concurrent.ExecutionException: org.apache.ratis.thirdparty.io.grpc.StatusRuntimeException: UNAVAILABLE: io exception
	at java.util.concurrent.FutureTask.report(FutureTask.java:122)
	at java.util.concurrent.FutureTask.get(FutureTask.java:192)
	at org.apache.ratis.server.impl.LeaderElection.waitForResults(LeaderElection.java:263)
	at org.apache.ratis.server.impl.LeaderElection.askForVotes(LeaderElection.java:201)
	at org.apache.ratis.server.impl.LeaderElection.run(LeaderElection.java:133)
	at java.lang.Thread.run(Thread.java:748)
Caused by: org.apache.ratis.thirdparty.io.grpc.StatusRuntimeException: UNAVAILABLE: io exception
	at org.apache.ratis.thirdparty.io.grpc.stub.ClientCalls.toStatusRuntimeException(ClientCalls.java:233)
	at org.apache.ratis.thirdparty.io.grpc.stub.ClientCalls.getUnchecked(ClientCalls.java:214)
	at org.apache.ratis.thirdparty.io.grpc.stub.ClientCalls.blockingUnaryCall(ClientCalls.java:139)
	at org.apache.ratis.proto.grpc.RaftServerProtocolServiceGrpc$RaftServerProtocolServiceBlockingStub.requestVote(RaftServerProtocolServiceGrpc.java:265)
	at org.apache.ratis.grpc.server.GrpcServerProtocolClient.requestVote(GrpcServerProtocolClient.java:90)
	at org.apache.ratis.grpc.server.GrpcService.requestVote(GrpcService.java:204)
	at org.apache.ratis.server.impl.LeaderElection.lambda$submitRequests$1(LeaderElection.java:238)
	at java.util.concurrent.FutureTask.run(FutureTask.java:266)
	at java.util.concurrent.Executors$RunnableAdapter.call(Executors.java:511)
	at java.util.concurrent.FutureTask.run(FutureTask.java:266)
	at java.util.concurrent.ThreadPoolExecutor.runWorker(ThreadPoolExecutor.java:1149)
	at java.util.concurrent.ThreadPoolExecutor$Worker.run(ThreadPoolExecutor.java:624)
	... 1 more
Caused by: org.apache.ratis.thirdparty.io.netty.channel.AbstractChannel$AnnotatedConnectException: Connection refused: /192.168.34.52:38245
	at sun.nio.ch.SocketChannelImpl.checkConnect(Native Method)
	at sun.nio.ch.SocketChannelImpl.finishConnect(SocketChannelImpl.java:717)
	at org.apache.ratis.thirdparty.io.netty.channel.socket.nio.NioSocketChannel.doFinishConnect(NioSocketChannel.java:327)
	at org.apache.ratis.thirdparty.io.netty.channel.nio.AbstractNioChannel$AbstractNioUnsafe.finishConnect(AbstractNioChannel.java:340)
	at org.apache.ratis.thirdparty.io.netty.channel.nio.NioEventLoop.processSelectedKey(NioEventLoop.java:632)
	at org.apache.ratis.thirdparty.io.netty.channel.nio.NioEventLoop.processSelectedKeysOptimized(NioEventLoop.java:579)
	at org.apache.ratis.thirdparty.io.netty.channel.nio.NioEventLoop.processSelectedKeys(NioEventLoop.java:496)
	at org.apache.ratis.thirdparty.io.netty.channel.nio.NioEventLoop.run(NioEventLoop.java:458)
	at org.apache.ratis.thirdparty.io.netty.util.concurrent.SingleThreadEventExecutor$5.run(SingleThreadEventExecutor.java:897)
	at org.apache.ratis.thirdparty.io.netty.util.concurrent.FastThreadLocalRunnable.run(FastThreadLocalRunnable.java:30)
	... 1 more
Caused by: java.net.ConnectException: Connection refused
	... 11 more
2019-09-12 06:40:19,286 [760f3a61-bfa2-4d4e-85d8-817950efb624@group-B034F0427A69:LeaderElection29] INFO  impl.LeaderElection (LeaderElection.java:logAndReturn(56)) - 760f3a61-bfa2-4d4e-85d8-817950efb624@group-B034F0427A69:LeaderElection29: Election REJECTED; received 0 response(s) [] and 2 exception(s); 760f3a61-bfa2-4d4e-85d8-817950efb624@group-B034F0427A69:t7, leader=null, voted=760f3a61-bfa2-4d4e-85d8-817950efb624, raftlog=760f3a61-bfa2-4d4e-85d8-817950efb624@group-B034F0427A69-SegmentedRaftLog:OPENED:c30,f30,i30, conf=17: [760f3a61-bfa2-4d4e-85d8-817950efb624:192.168.34.52:44136, 9d685984-4448-42b4-b390-543822753f3a:192.168.34.52:35205, e48d04e8-2c1f-410d-8bfb-5a732d356112:192.168.34.52:38245], old=null
2019-09-12 06:40:19,286 [760f3a61-bfa2-4d4e-85d8-817950efb624@group-B034F0427A69:LeaderElection29] INFO  impl.LeaderElection (LogUtils.java:infoOrTrace(149)) -   Exception 0: {}
java.util.concurrent.ExecutionException: org.apache.ratis.thirdparty.io.grpc.StatusRuntimeException: UNAVAILABLE: io exception
	at java.util.concurrent.FutureTask.report(FutureTask.java:122)
	at java.util.concurrent.FutureTask.get(FutureTask.java:192)
	at org.apache.ratis.server.impl.LeaderElection.waitForResults(LeaderElection.java:263)
	at org.apache.ratis.server.impl.LeaderElection.askForVotes(LeaderElection.java:201)
	at org.apache.ratis.server.impl.LeaderElection.run(LeaderElection.java:133)
	at java.lang.Thread.run(Thread.java:748)
Caused by: org.apache.ratis.thirdparty.io.grpc.StatusRuntimeException: UNAVAILABLE: io exception
	at org.apache.ratis.thirdparty.io.grpc.stub.ClientCalls.toStatusRuntimeException(ClientCalls.java:233)
	at org.apache.ratis.thirdparty.io.grpc.stub.ClientCalls.getUnchecked(ClientCalls.java:214)
	at org.apache.ratis.thirdparty.io.grpc.stub.ClientCalls.blockingUnaryCall(ClientCalls.java:139)
	at org.apache.ratis.proto.grpc.RaftServerProtocolServiceGrpc$RaftServerProtocolServiceBlockingStub.requestVote(RaftServerProtocolServiceGrpc.java:265)
	at org.apache.ratis.grpc.server.GrpcServerProtocolClient.requestVote(GrpcServerProtocolClient.java:90)
	at org.apache.ratis.grpc.server.GrpcService.requestVote(GrpcService.java:204)
	at org.apache.ratis.server.impl.LeaderElection.lambda$submitRequests$1(LeaderElection.java:238)
	at java.util.concurrent.FutureTask.run(FutureTask.java:266)
	at java.util.concurrent.Executors$RunnableAdapter.call(Executors.java:511)
	at java.util.concurrent.FutureTask.run(FutureTask.java:266)
	at java.util.concurrent.ThreadPoolExecutor.runWorker(ThreadPoolExecutor.java:1149)
	at java.util.concurrent.ThreadPoolExecutor$Worker.run(ThreadPoolExecutor.java:624)
	... 1 more
Caused by: org.apache.ratis.thirdparty.io.netty.channel.AbstractChannel$AnnotatedConnectException: Connection refused: /192.168.34.52:35205
	at sun.nio.ch.SocketChannelImpl.checkConnect(Native Method)
	at sun.nio.ch.SocketChannelImpl.finishConnect(SocketChannelImpl.java:717)
	at org.apache.ratis.thirdparty.io.netty.channel.socket.nio.NioSocketChannel.doFinishConnect(NioSocketChannel.java:327)
	at org.apache.ratis.thirdparty.io.netty.channel.nio.AbstractNioChannel$AbstractNioUnsafe.finishConnect(AbstractNioChannel.java:340)
	at org.apache.ratis.thirdparty.io.netty.channel.nio.NioEventLoop.processSelectedKey(NioEventLoop.java:632)
	at org.apache.ratis.thirdparty.io.netty.channel.nio.NioEventLoop.processSelectedKeysOptimized(NioEventLoop.java:579)
	at org.apache.ratis.thirdparty.io.netty.channel.nio.NioEventLoop.processSelectedKeys(NioEventLoop.java:496)
	at org.apache.ratis.thirdparty.io.netty.channel.nio.NioEventLoop.run(NioEventLoop.java:458)
	at org.apache.ratis.thirdparty.io.netty.util.concurrent.SingleThreadEventExecutor$5.run(SingleThreadEventExecutor.java:897)
	at org.apache.ratis.thirdparty.io.netty.util.concurrent.FastThreadLocalRunnable.run(FastThreadLocalRunnable.java:30)
	... 1 more
Caused by: java.net.ConnectException: Connection refused
	... 11 more
2019-09-12 06:40:19,287 [760f3a61-bfa2-4d4e-85d8-817950efb624@group-B034F0427A69:LeaderElection29] INFO  impl.LeaderElection (LogUtils.java:infoOrTrace(149)) -   Exception 1: {}
java.util.concurrent.ExecutionException: org.apache.ratis.thirdparty.io.grpc.StatusRuntimeException: UNAVAILABLE: io exception
	at java.util.concurrent.FutureTask.report(FutureTask.java:122)
	at java.util.concurrent.FutureTask.get(FutureTask.java:192)
	at org.apache.ratis.server.impl.LeaderElection.waitForResults(LeaderElection.java:263)
	at org.apache.ratis.server.impl.LeaderElection.askForVotes(LeaderElection.java:201)
	at org.apache.ratis.server.impl.LeaderElection.run(LeaderElection.java:133)
	at java.lang.Thread.run(Thread.java:748)
Caused by: org.apache.ratis.thirdparty.io.grpc.StatusRuntimeException: UNAVAILABLE: io exception
	at org.apache.ratis.thirdparty.io.grpc.stub.ClientCalls.toStatusRuntimeException(ClientCalls.java:233)
	at org.apache.ratis.thirdparty.io.grpc.stub.ClientCalls.getUnchecked(ClientCalls.java:214)
	at org.apache.ratis.thirdparty.io.grpc.stub.ClientCalls.blockingUnaryCall(ClientCalls.java:139)
	at org.apache.ratis.proto.grpc.RaftServerProtocolServiceGrpc$RaftServerProtocolServiceBlockingStub.requestVote(RaftServerProtocolServiceGrpc.java:265)
	at org.apache.ratis.grpc.server.GrpcServerProtocolClient.requestVote(GrpcServerProtocolClient.java:90)
	at org.apache.ratis.grpc.server.GrpcService.requestVote(GrpcService.java:204)
	at org.apache.ratis.server.impl.LeaderElection.lambda$submitRequests$1(LeaderElection.java:238)
	at java.util.concurrent.FutureTask.run(FutureTask.java:266)
	at java.util.concurrent.Executors$RunnableAdapter.call(Executors.java:511)
	at java.util.concurrent.FutureTask.run(FutureTask.java:266)
	at java.util.concurrent.ThreadPoolExecutor.runWorker(ThreadPoolExecutor.java:1149)
	at java.util.concurrent.ThreadPoolExecutor$Worker.run(ThreadPoolExecutor.java:624)
	... 1 more
Caused by: org.apache.ratis.thirdparty.io.netty.channel.AbstractChannel$AnnotatedConnectException: Connection refused: /192.168.34.52:38245
	at sun.nio.ch.SocketChannelImpl.checkConnect(Native Method)
	at sun.nio.ch.SocketChannelImpl.finishConnect(SocketChannelImpl.java:717)
	at org.apache.ratis.thirdparty.io.netty.channel.socket.nio.NioSocketChannel.doFinishConnect(NioSocketChannel.java:327)
	at org.apache.ratis.thirdparty.io.netty.channel.nio.AbstractNioChannel$AbstractNioUnsafe.finishConnect(AbstractNioChannel.java:340)
	at org.apache.ratis.thirdparty.io.netty.channel.nio.NioEventLoop.processSelectedKey(NioEventLoop.java:632)
	at org.apache.ratis.thirdparty.io.netty.channel.nio.NioEventLoop.processSelectedKeysOptimized(NioEventLoop.java:579)
	at org.apache.ratis.thirdparty.io.netty.channel.nio.NioEventLoop.processSelectedKeys(NioEventLoop.java:496)
	at org.apache.ratis.thirdparty.io.netty.channel.nio.NioEventLoop.run(NioEventLoop.java:458)
	at org.apache.ratis.thirdparty.io.netty.util.concurrent.SingleThreadEventExecutor$5.run(SingleThreadEventExecutor.java:897)
	at org.apache.ratis.thirdparty.io.netty.util.concurrent.FastThreadLocalRunnable.run(FastThreadLocalRunnable.java:30)
	... 1 more
Caused by: java.net.ConnectException: Connection refused
	... 11 more
2019-09-12 06:40:19,287 [760f3a61-bfa2-4d4e-85d8-817950efb624@group-B034F0427A69:LeaderElection29] INFO  impl.RaftServerImpl (RaftServerImpl.java:setRole(174)) - 760f3a61-bfa2-4d4e-85d8-817950efb624@group-B034F0427A69: changes role from CANDIDATE to FOLLOWER at term 7 for DISCOVERED_A_NEW_TERM
2019-09-12 06:40:19,288 [760f3a61-bfa2-4d4e-85d8-817950efb624@group-B034F0427A69:LeaderElection29] INFO  impl.RoleInfo (RoleInfo.java:shutdownLeaderElection(134)) - 760f3a61-bfa2-4d4e-85d8-817950efb624: shutdown LeaderElection
2019-09-12 06:40:19,288 [760f3a61-bfa2-4d4e-85d8-817950efb624@group-B034F0427A69:LeaderElection29] INFO  impl.RoleInfo (RoleInfo.java:updateAndGet(143)) - 760f3a61-bfa2-4d4e-85d8-817950efb624: start FollowerState
2019-09-12 06:40:19,292 [java.util.concurrent.ThreadPoolExecutor$Worker@6586fa4d[State = -1, empty queue]] WARN  server.GrpcLogAppender (GrpcLogAppender.java:timeoutAppendRequest(200)) - 5ecf13a7-acad-498a-ad7b-6f285dbc97e2@group-C5E42DFE1AE1->996a256c-fd43-494a-96f3-903b907c5248-GrpcLogAppender: appendEntries Timeout, request=5ecf13a7-acad-498a-ad7b-6f285dbc97e2->996a256c-fd43-494a-96f3-903b907c5248#132-t2, previous=(t:2, i:20), leaderCommit=16, initializing? false, entries: <empty>
2019-09-12 06:40:19,292 [java.util.concurrent.ThreadPoolExecutor$Worker@3e497bcb[State = -1, empty queue]] WARN  server.GrpcLogAppender (GrpcLogAppender.java:timeoutAppendRequest(200)) - 5ecf13a7-acad-498a-ad7b-6f285dbc97e2@group-C5E42DFE1AE1->e1cdc330-b298-4f7e-9f8c-e697349a5e69-GrpcLogAppender: appendEntries Timeout, request=5ecf13a7-acad-498a-ad7b-6f285dbc97e2->e1cdc330-b298-4f7e-9f8c-e697349a5e69#132-t2, previous=(t:2, i:20), leaderCommit=16, initializing? false, entries: <empty>
2019-09-12 06:40:19,425 [Thread-1329] INFO  client.GrpcClientProtocolService (GrpcClientProtocolService.java:lambda$processClientRequest$0(278)) - Failed RaftClientRequest:client-DEDF7BC23D58->760f3a61-bfa2-4d4e-85d8-817950efb624@group-B034F0427A69, cid=60, seq=0, Watch-ALL_COMMITTED(21), Message:<EMPTY>, reply=RaftClientReply:client-DEDF7BC23D58->760f3a61-bfa2-4d4e-85d8-817950efb624@group-B034F0427A69, cid=60, FAILED org.apache.ratis.protocol.NotLeaderException: Server 760f3a61-bfa2-4d4e-85d8-817950efb624@group-B034F0427A69 is not the leader, logIndex=0, commits[760f3a61-bfa2-4d4e-85d8-817950efb624:c30, 9d685984-4448-42b4-b390-543822753f3a:c16, e48d04e8-2c1f-410d-8bfb-5a732d356112:c30]
2019-09-12 06:40:19,429 [grpc-default-executor-12] INFO  client.GrpcClientProtocolClient (GrpcClientProtocolClient.java:onNext(264)) - client-DEDF7BC23D58->760f3a61-bfa2-4d4e-85d8-817950efb624: receive RaftClientReply:client-DEDF7BC23D58->760f3a61-bfa2-4d4e-85d8-817950efb624@group-B034F0427A69, cid=60, FAILED org.apache.ratis.protocol.NotLeaderException: Server 760f3a61-bfa2-4d4e-85d8-817950efb624@group-B034F0427A69 is not the leader, logIndex=0, commits[760f3a61-bfa2-4d4e-85d8-817950efb624:c30, 9d685984-4448-42b4-b390-543822753f3a:c16, e48d04e8-2c1f-410d-8bfb-5a732d356112:c30]
2019-09-12 06:40:19,503 [java.util.concurrent.ThreadPoolExecutor$Worker@7bd075af[State = -1, empty queue]] WARN  server.GrpcLogAppender (GrpcLogAppender.java:timeoutAppendRequest(200)) - 24c53ee4-03df-424b-8e99-1fd221f7be60@group-3C3ABBECBF4F->d503967e-137a-4fd9-bc45-44203e981a69-GrpcLogAppender: appendEntries Timeout, request=24c53ee4-03df-424b-8e99-1fd221f7be60->d503967e-137a-4fd9-bc45-44203e981a69#133-t2, previous=(t:2, i:20), leaderCommit=16, initializing? false, entries: <empty>
2019-09-12 06:40:19,503 [java.util.concurrent.ThreadPoolExecutor$Worker@24fb95e3[State = -1, empty queue]] WARN  server.GrpcLogAppender (GrpcLogAppender.java:timeoutAppendRequest(200)) - 24c53ee4-03df-424b-8e99-1fd221f7be60@group-3C3ABBECBF4F->3ae969e4-2e35-40bf-9e0e-95acae9da5a5-GrpcLogAppender: appendEntries Timeout, request=24c53ee4-03df-424b-8e99-1fd221f7be60->3ae969e4-2e35-40bf-9e0e-95acae9da5a5#133-t2, previous=(t:2, i:20), leaderCommit=16, initializing? false, entries: <empty>
2019-09-12 06:40:19,793 [java.util.concurrent.ThreadPoolExecutor$Worker@3e497bcb[State = -1, empty queue]] WARN  server.GrpcLogAppender (GrpcLogAppender.java:timeoutAppendRequest(200)) - 5ecf13a7-acad-498a-ad7b-6f285dbc97e2@group-C5E42DFE1AE1->e1cdc330-b298-4f7e-9f8c-e697349a5e69-GrpcLogAppender: appendEntries Timeout, request=5ecf13a7-acad-498a-ad7b-6f285dbc97e2->e1cdc330-b298-4f7e-9f8c-e697349a5e69#133-t2, previous=(t:2, i:20), leaderCommit=16, initializing? false, entries: <empty>
2019-09-12 06:40:19,793 [java.util.concurrent.ThreadPoolExecutor$Worker@6586fa4d[State = -1, empty queue]] WARN  server.GrpcLogAppender (GrpcLogAppender.java:timeoutAppendRequest(200)) - 5ecf13a7-acad-498a-ad7b-6f285dbc97e2@group-C5E42DFE1AE1->996a256c-fd43-494a-96f3-903b907c5248-GrpcLogAppender: appendEntries Timeout, request=5ecf13a7-acad-498a-ad7b-6f285dbc97e2->996a256c-fd43-494a-96f3-903b907c5248#133-t2, previous=(t:2, i:20), leaderCommit=16, initializing? false, entries: <empty>
2019-09-12 06:40:20,003 [java.util.concurrent.ThreadPoolExecutor$Worker@7bd075af[State = -1, empty queue]] WARN  server.GrpcLogAppender (GrpcLogAppender.java:timeoutAppendRequest(200)) - 24c53ee4-03df-424b-8e99-1fd221f7be60@group-3C3ABBECBF4F->d503967e-137a-4fd9-bc45-44203e981a69-GrpcLogAppender: appendEntries Timeout, request=24c53ee4-03df-424b-8e99-1fd221f7be60->d503967e-137a-4fd9-bc45-44203e981a69#134-t2, previous=(t:2, i:20), leaderCommit=16, initializing? false, entries: <empty>
2019-09-12 06:40:20,003 [java.util.concurrent.ThreadPoolExecutor$Worker@24fb95e3[State = -1, empty queue]] WARN  server.GrpcLogAppender (GrpcLogAppender.java:timeoutAppendRequest(200)) - 24c53ee4-03df-424b-8e99-1fd221f7be60@group-3C3ABBECBF4F->3ae969e4-2e35-40bf-9e0e-95acae9da5a5-GrpcLogAppender: appendEntries Timeout, request=24c53ee4-03df-424b-8e99-1fd221f7be60->3ae969e4-2e35-40bf-9e0e-95acae9da5a5#134-t2, previous=(t:2, i:20), leaderCommit=16, initializing? false, entries: <empty>
2019-09-12 06:40:20,293 [java.util.concurrent.ThreadPoolExecutor$Worker@3e497bcb[State = -1, empty queue]] WARN  server.GrpcLogAppender (GrpcLogAppender.java:timeoutAppendRequest(200)) - 5ecf13a7-acad-498a-ad7b-6f285dbc97e2@group-C5E42DFE1AE1->e1cdc330-b298-4f7e-9f8c-e697349a5e69-GrpcLogAppender: appendEntries Timeout, request=5ecf13a7-acad-498a-ad7b-6f285dbc97e2->e1cdc330-b298-4f7e-9f8c-e697349a5e69#134-t2, previous=(t:2, i:20), leaderCommit=16, initializing? false, entries: <empty>
2019-09-12 06:40:20,293 [java.util.concurrent.ThreadPoolExecutor$Worker@6586fa4d[State = -1, empty queue]] WARN  server.GrpcLogAppender (GrpcLogAppender.java:timeoutAppendRequest(200)) - 5ecf13a7-acad-498a-ad7b-6f285dbc97e2@group-C5E42DFE1AE1->996a256c-fd43-494a-96f3-903b907c5248-GrpcLogAppender: appendEntries Timeout, request=5ecf13a7-acad-498a-ad7b-6f285dbc97e2->996a256c-fd43-494a-96f3-903b907c5248#134-t2, previous=(t:2, i:20), leaderCommit=16, initializing? false, entries: <empty>
2019-09-12 06:40:20,355 [Thread-1324] INFO  impl.FollowerState (FollowerState.java:run(106)) - 760f3a61-bfa2-4d4e-85d8-817950efb624:group-B034F0427A69 changes to CANDIDATE, lastRpcTime:1066, electionTimeout:1066ms
2019-09-12 06:40:20,355 [Thread-1324] INFO  impl.RoleInfo (RoleInfo.java:shutdownFollowerState(121)) - 760f3a61-bfa2-4d4e-85d8-817950efb624: shutdown FollowerState
2019-09-12 06:40:20,355 [Thread-1324] INFO  impl.RaftServerImpl (RaftServerImpl.java:setRole(174)) - 760f3a61-bfa2-4d4e-85d8-817950efb624@group-B034F0427A69: changes role from  FOLLOWER to CANDIDATE at term 7 for changeToCandidate
2019-09-12 06:40:20,355 [Thread-1324] INFO  impl.RoleInfo (RoleInfo.java:updateAndGet(143)) - 760f3a61-bfa2-4d4e-85d8-817950efb624: start LeaderElection
2019-09-12 06:40:20,371 [760f3a61-bfa2-4d4e-85d8-817950efb624@group-B034F0427A69:LeaderElection30] INFO  impl.LeaderElection (LeaderElection.java:askForVotes(182)) - 760f3a61-bfa2-4d4e-85d8-817950efb624@group-B034F0427A69:LeaderElection30: begin an election at term 8 for 17: [760f3a61-bfa2-4d4e-85d8-817950efb624:192.168.34.52:44136, 9d685984-4448-42b4-b390-543822753f3a:192.168.34.52:35205, e48d04e8-2c1f-410d-8bfb-5a732d356112:192.168.34.52:38245], old=null
2019-09-12 06:40:20,372 [760f3a61-bfa2-4d4e-85d8-817950efb624@group-B034F0427A69:LeaderElection30] INFO  impl.LeaderElection (LogUtils.java:infoOrTrace(149)) - 760f3a61-bfa2-4d4e-85d8-817950efb624@group-B034F0427A69:LeaderElection30 got exception when requesting votes: {}
java.util.concurrent.ExecutionException: org.apache.ratis.thirdparty.io.grpc.StatusRuntimeException: UNAVAILABLE: io exception
	at java.util.concurrent.FutureTask.report(FutureTask.java:122)
	at java.util.concurrent.FutureTask.get(FutureTask.java:192)
	at org.apache.ratis.server.impl.LeaderElection.waitForResults(LeaderElection.java:263)
	at org.apache.ratis.server.impl.LeaderElection.askForVotes(LeaderElection.java:201)
	at org.apache.ratis.server.impl.LeaderElection.run(LeaderElection.java:133)
	at java.lang.Thread.run(Thread.java:748)
Caused by: org.apache.ratis.thirdparty.io.grpc.StatusRuntimeException: UNAVAILABLE: io exception
	at org.apache.ratis.thirdparty.io.grpc.stub.ClientCalls.toStatusRuntimeException(ClientCalls.java:233)
	at org.apache.ratis.thirdparty.io.grpc.stub.ClientCalls.getUnchecked(ClientCalls.java:214)
	at org.apache.ratis.thirdparty.io.grpc.stub.ClientCalls.blockingUnaryCall(ClientCalls.java:139)
	at org.apache.ratis.proto.grpc.RaftServerProtocolServiceGrpc$RaftServerProtocolServiceBlockingStub.requestVote(RaftServerProtocolServiceGrpc.java:265)
	at org.apache.ratis.grpc.server.GrpcServerProtocolClient.requestVote(GrpcServerProtocolClient.java:90)
	at org.apache.ratis.grpc.server.GrpcService.requestVote(GrpcService.java:204)
	at org.apache.ratis.server.impl.LeaderElection.lambda$submitRequests$1(LeaderElection.java:238)
	at java.util.concurrent.FutureTask.run(FutureTask.java:266)
	at java.util.concurrent.Executors$RunnableAdapter.call(Executors.java:511)
	at java.util.concurrent.FutureTask.run(FutureTask.java:266)
	at java.util.concurrent.ThreadPoolExecutor.runWorker(ThreadPoolExecutor.java:1149)
	at java.util.concurrent.ThreadPoolExecutor$Worker.run(ThreadPoolExecutor.java:624)
	... 1 more
Caused by: org.apache.ratis.thirdparty.io.netty.channel.AbstractChannel$AnnotatedConnectException: Connection refused: /192.168.34.52:35205
	at sun.nio.ch.SocketChannelImpl.checkConnect(Native Method)
	at sun.nio.ch.SocketChannelImpl.finishConnect(SocketChannelImpl.java:717)
	at org.apache.ratis.thirdparty.io.netty.channel.socket.nio.NioSocketChannel.doFinishConnect(NioSocketChannel.java:327)
	at org.apache.ratis.thirdparty.io.netty.channel.nio.AbstractNioChannel$AbstractNioUnsafe.finishConnect(AbstractNioChannel.java:340)
	at org.apache.ratis.thirdparty.io.netty.channel.nio.NioEventLoop.processSelectedKey(NioEventLoop.java:632)
	at org.apache.ratis.thirdparty.io.netty.channel.nio.NioEventLoop.processSelectedKeysOptimized(NioEventLoop.java:579)
	at org.apache.ratis.thirdparty.io.netty.channel.nio.NioEventLoop.processSelectedKeys(NioEventLoop.java:496)
	at org.apache.ratis.thirdparty.io.netty.channel.nio.NioEventLoop.run(NioEventLoop.java:458)
	at org.apache.ratis.thirdparty.io.netty.util.concurrent.SingleThreadEventExecutor$5.run(SingleThreadEventExecutor.java:897)
	at org.apache.ratis.thirdparty.io.netty.util.concurrent.FastThreadLocalRunnable.run(FastThreadLocalRunnable.java:30)
	... 1 more
Caused by: java.net.ConnectException: Connection refused
	... 11 more
2019-09-12 06:40:20,375 [760f3a61-bfa2-4d4e-85d8-817950efb624@group-B034F0427A69:LeaderElection30] INFO  impl.LeaderElection (LogUtils.java:infoOrTrace(149)) - 760f3a61-bfa2-4d4e-85d8-817950efb624@group-B034F0427A69:LeaderElection30 got exception when requesting votes: {}
java.util.concurrent.ExecutionException: org.apache.ratis.thirdparty.io.grpc.StatusRuntimeException: UNAVAILABLE: io exception
	at java.util.concurrent.FutureTask.report(FutureTask.java:122)
	at java.util.concurrent.FutureTask.get(FutureTask.java:192)
	at org.apache.ratis.server.impl.LeaderElection.waitForResults(LeaderElection.java:263)
	at org.apache.ratis.server.impl.LeaderElection.askForVotes(LeaderElection.java:201)
	at org.apache.ratis.server.impl.LeaderElection.run(LeaderElection.java:133)
	at java.lang.Thread.run(Thread.java:748)
Caused by: org.apache.ratis.thirdparty.io.grpc.StatusRuntimeException: UNAVAILABLE: io exception
	at org.apache.ratis.thirdparty.io.grpc.stub.ClientCalls.toStatusRuntimeException(ClientCalls.java:233)
	at org.apache.ratis.thirdparty.io.grpc.stub.ClientCalls.getUnchecked(ClientCalls.java:214)
	at org.apache.ratis.thirdparty.io.grpc.stub.ClientCalls.blockingUnaryCall(ClientCalls.java:139)
	at org.apache.ratis.proto.grpc.RaftServerProtocolServiceGrpc$RaftServerProtocolServiceBlockingStub.requestVote(RaftServerProtocolServiceGrpc.java:265)
	at org.apache.ratis.grpc.server.GrpcServerProtocolClient.requestVote(GrpcServerProtocolClient.java:90)
	at org.apache.ratis.grpc.server.GrpcService.requestVote(GrpcService.java:204)
	at org.apache.ratis.server.impl.LeaderElection.lambda$submitRequests$1(LeaderElection.java:238)
	at java.util.concurrent.FutureTask.run(FutureTask.java:266)
	at java.util.concurrent.Executors$RunnableAdapter.call(Executors.java:511)
	at java.util.concurrent.FutureTask.run(FutureTask.java:266)
	at java.util.concurrent.ThreadPoolExecutor.runWorker(ThreadPoolExecutor.java:1149)
	at java.util.concurrent.ThreadPoolExecutor$Worker.run(ThreadPoolExecutor.java:624)
	... 1 more
Caused by: org.apache.ratis.thirdparty.io.netty.channel.AbstractChannel$AnnotatedConnectException: Connection refused: /192.168.34.52:38245
	at sun.nio.ch.SocketChannelImpl.checkConnect(Native Method)
	at sun.nio.ch.SocketChannelImpl.finishConnect(SocketChannelImpl.java:717)
	at org.apache.ratis.thirdparty.io.netty.channel.socket.nio.NioSocketChannel.doFinishConnect(NioSocketChannel.java:327)
	at org.apache.ratis.thirdparty.io.netty.channel.nio.AbstractNioChannel$AbstractNioUnsafe.finishConnect(AbstractNioChannel.java:340)
	at org.apache.ratis.thirdparty.io.netty.channel.nio.NioEventLoop.processSelectedKey(NioEventLoop.java:632)
	at org.apache.ratis.thirdparty.io.netty.channel.nio.NioEventLoop.processSelectedKeysOptimized(NioEventLoop.java:579)
	at org.apache.ratis.thirdparty.io.netty.channel.nio.NioEventLoop.processSelectedKeys(NioEventLoop.java:496)
	at org.apache.ratis.thirdparty.io.netty.channel.nio.NioEventLoop.run(NioEventLoop.java:458)
	at org.apache.ratis.thirdparty.io.netty.util.concurrent.SingleThreadEventExecutor$5.run(SingleThreadEventExecutor.java:897)
	at org.apache.ratis.thirdparty.io.netty.util.concurrent.FastThreadLocalRunnable.run(FastThreadLocalRunnable.java:30)
	... 1 more
Caused by: java.net.ConnectException: Connection refused
	... 11 more
2019-09-12 06:40:20,378 [760f3a61-bfa2-4d4e-85d8-817950efb624@group-B034F0427A69:LeaderElection30] INFO  impl.LeaderElection (LeaderElection.java:logAndReturn(56)) - 760f3a61-bfa2-4d4e-85d8-817950efb624@group-B034F0427A69:LeaderElection30: Election REJECTED; received 0 response(s) [] and 2 exception(s); 760f3a61-bfa2-4d4e-85d8-817950efb624@group-B034F0427A69:t8, leader=null, voted=760f3a61-bfa2-4d4e-85d8-817950efb624, raftlog=760f3a61-bfa2-4d4e-85d8-817950efb624@group-B034F0427A69-SegmentedRaftLog:OPENED:c30,f30,i30, conf=17: [760f3a61-bfa2-4d4e-85d8-817950efb624:192.168.34.52:44136, 9d685984-4448-42b4-b390-543822753f3a:192.168.34.52:35205, e48d04e8-2c1f-410d-8bfb-5a732d356112:192.168.34.52:38245], old=null
2019-09-12 06:40:20,378 [760f3a61-bfa2-4d4e-85d8-817950efb624@group-B034F0427A69:LeaderElection30] INFO  impl.LeaderElection (LogUtils.java:infoOrTrace(149)) -   Exception 0: {}
java.util.concurrent.ExecutionException: org.apache.ratis.thirdparty.io.grpc.StatusRuntimeException: UNAVAILABLE: io exception
	at java.util.concurrent.FutureTask.report(FutureTask.java:122)
	at java.util.concurrent.FutureTask.get(FutureTask.java:192)
	at org.apache.ratis.server.impl.LeaderElection.waitForResults(LeaderElection.java:263)
	at org.apache.ratis.server.impl.LeaderElection.askForVotes(LeaderElection.java:201)
	at org.apache.ratis.server.impl.LeaderElection.run(LeaderElection.java:133)
	at java.lang.Thread.run(Thread.java:748)
Caused by: org.apache.ratis.thirdparty.io.grpc.StatusRuntimeException: UNAVAILABLE: io exception
	at org.apache.ratis.thirdparty.io.grpc.stub.ClientCalls.toStatusRuntimeException(ClientCalls.java:233)
	at org.apache.ratis.thirdparty.io.grpc.stub.ClientCalls.getUnchecked(ClientCalls.java:214)
	at org.apache.ratis.thirdparty.io.grpc.stub.ClientCalls.blockingUnaryCall(ClientCalls.java:139)
	at org.apache.ratis.proto.grpc.RaftServerProtocolServiceGrpc$RaftServerProtocolServiceBlockingStub.requestVote(RaftServerProtocolServiceGrpc.java:265)
	at org.apache.ratis.grpc.server.GrpcServerProtocolClient.requestVote(GrpcServerProtocolClient.java:90)
	at org.apache.ratis.grpc.server.GrpcService.requestVote(GrpcService.java:204)
	at org.apache.ratis.server.impl.LeaderElection.lambda$submitRequests$1(LeaderElection.java:238)
	at java.util.concurrent.FutureTask.run(FutureTask.java:266)
	at java.util.concurrent.Executors$RunnableAdapter.call(Executors.java:511)
	at java.util.concurrent.FutureTask.run(FutureTask.java:266)
	at java.util.concurrent.ThreadPoolExecutor.runWorker(ThreadPoolExecutor.java:1149)
	at java.util.concurrent.ThreadPoolExecutor$Worker.run(ThreadPoolExecutor.java:624)
	... 1 more
Caused by: org.apache.ratis.thirdparty.io.netty.channel.AbstractChannel$AnnotatedConnectException: Connection refused: /192.168.34.52:35205
	at sun.nio.ch.SocketChannelImpl.checkConnect(Native Method)
	at sun.nio.ch.SocketChannelImpl.finishConnect(SocketChannelImpl.java:717)
	at org.apache.ratis.thirdparty.io.netty.channel.socket.nio.NioSocketChannel.doFinishConnect(NioSocketChannel.java:327)
	at org.apache.ratis.thirdparty.io.netty.channel.nio.AbstractNioChannel$AbstractNioUnsafe.finishConnect(AbstractNioChannel.java:340)
	at org.apache.ratis.thirdparty.io.netty.channel.nio.NioEventLoop.processSelectedKey(NioEventLoop.java:632)
	at org.apache.ratis.thirdparty.io.netty.channel.nio.NioEventLoop.processSelectedKeysOptimized(NioEventLoop.java:579)
	at org.apache.ratis.thirdparty.io.netty.channel.nio.NioEventLoop.processSelectedKeys(NioEventLoop.java:496)
	at org.apache.ratis.thirdparty.io.netty.channel.nio.NioEventLoop.run(NioEventLoop.java:458)
	at org.apache.ratis.thirdparty.io.netty.util.concurrent.SingleThreadEventExecutor$5.run(SingleThreadEventExecutor.java:897)
	at org.apache.ratis.thirdparty.io.netty.util.concurrent.FastThreadLocalRunnable.run(FastThreadLocalRunnable.java:30)
	... 1 more
Caused by: java.net.ConnectException: Connection refused
	... 11 more
2019-09-12 06:40:20,378 [760f3a61-bfa2-4d4e-85d8-817950efb624@group-B034F0427A69:LeaderElection30] INFO  impl.LeaderElection (LogUtils.java:infoOrTrace(149)) -   Exception 1: {}
java.util.concurrent.ExecutionException: org.apache.ratis.thirdparty.io.grpc.StatusRuntimeException: UNAVAILABLE: io exception
	at java.util.concurrent.FutureTask.report(FutureTask.java:122)
	at java.util.concurrent.FutureTask.get(FutureTask.java:192)
	at org.apache.ratis.server.impl.LeaderElection.waitForResults(LeaderElection.java:263)
	at org.apache.ratis.server.impl.LeaderElection.askForVotes(LeaderElection.java:201)
	at org.apache.ratis.server.impl.LeaderElection.run(LeaderElection.java:133)
	at java.lang.Thread.run(Thread.java:748)
Caused by: org.apache.ratis.thirdparty.io.grpc.StatusRuntimeException: UNAVAILABLE: io exception
	at org.apache.ratis.thirdparty.io.grpc.stub.ClientCalls.toStatusRuntimeException(ClientCalls.java:233)
	at org.apache.ratis.thirdparty.io.grpc.stub.ClientCalls.getUnchecked(ClientCalls.java:214)
	at org.apache.ratis.thirdparty.io.grpc.stub.ClientCalls.blockingUnaryCall(ClientCalls.java:139)
	at org.apache.ratis.proto.grpc.RaftServerProtocolServiceGrpc$RaftServerProtocolServiceBlockingStub.requestVote(RaftServerProtocolServiceGrpc.java:265)
	at org.apache.ratis.grpc.server.GrpcServerProtocolClient.requestVote(GrpcServerProtocolClient.java:90)
	at org.apache.ratis.grpc.server.GrpcService.requestVote(GrpcService.java:204)
	at org.apache.ratis.server.impl.LeaderElection.lambda$submitRequests$1(LeaderElection.java:238)
	at java.util.concurrent.FutureTask.run(FutureTask.java:266)
	at java.util.concurrent.Executors$RunnableAdapter.call(Executors.java:511)
	at java.util.concurrent.FutureTask.run(FutureTask.java:266)
	at java.util.concurrent.ThreadPoolExecutor.runWorker(ThreadPoolExecutor.java:1149)
	at java.util.concurrent.ThreadPoolExecutor$Worker.run(ThreadPoolExecutor.java:624)
	... 1 more
Caused by: org.apache.ratis.thirdparty.io.netty.channel.AbstractChannel$AnnotatedConnectException: Connection refused: /192.168.34.52:38245
	at sun.nio.ch.SocketChannelImpl.checkConnect(Native Method)
	at sun.nio.ch.SocketChannelImpl.finishConnect(SocketChannelImpl.java:717)
	at org.apache.ratis.thirdparty.io.netty.channel.socket.nio.NioSocketChannel.doFinishConnect(NioSocketChannel.java:327)
	at org.apache.ratis.thirdparty.io.netty.channel.nio.AbstractNioChannel$AbstractNioUnsafe.finishConnect(AbstractNioChannel.java:340)
	at org.apache.ratis.thirdparty.io.netty.channel.nio.NioEventLoop.processSelectedKey(NioEventLoop.java:632)
	at org.apache.ratis.thirdparty.io.netty.channel.nio.NioEventLoop.processSelectedKeysOptimized(NioEventLoop.java:579)
	at org.apache.ratis.thirdparty.io.netty.channel.nio.NioEventLoop.processSelectedKeys(NioEventLoop.java:496)
	at org.apache.ratis.thirdparty.io.netty.channel.nio.NioEventLoop.run(NioEventLoop.java:458)
	at org.apache.ratis.thirdparty.io.netty.util.concurrent.SingleThreadEventExecutor$5.run(SingleThreadEventExecutor.java:897)
	at org.apache.ratis.thirdparty.io.netty.util.concurrent.FastThreadLocalRunnable.run(FastThreadLocalRunnable.java:30)
	... 1 more
Caused by: java.net.ConnectException: Connection refused
	... 11 more
2019-09-12 06:40:20,379 [760f3a61-bfa2-4d4e-85d8-817950efb624@group-B034F0427A69:LeaderElection30] INFO  impl.RaftServerImpl (RaftServerImpl.java:setRole(174)) - 760f3a61-bfa2-4d4e-85d8-817950efb624@group-B034F0427A69: changes role from CANDIDATE to FOLLOWER at term 8 for DISCOVERED_A_NEW_TERM
2019-09-12 06:40:20,379 [760f3a61-bfa2-4d4e-85d8-817950efb624@group-B034F0427A69:LeaderElection30] INFO  impl.RoleInfo (RoleInfo.java:shutdownLeaderElection(134)) - 760f3a61-bfa2-4d4e-85d8-817950efb624: shutdown LeaderElection
2019-09-12 06:40:20,380 [760f3a61-bfa2-4d4e-85d8-817950efb624@group-B034F0427A69:LeaderElection30] INFO  impl.RoleInfo (RoleInfo.java:updateAndGet(143)) - 760f3a61-bfa2-4d4e-85d8-817950efb624: start FollowerState
2019-09-12 06:40:20,504 [java.util.concurrent.ThreadPoolExecutor$Worker@7bd075af[State = -1, empty queue]] WARN  server.GrpcLogAppender (GrpcLogAppender.java:timeoutAppendRequest(200)) - 24c53ee4-03df-424b-8e99-1fd221f7be60@group-3C3ABBECBF4F->d503967e-137a-4fd9-bc45-44203e981a69-GrpcLogAppender: appendEntries Timeout, request=24c53ee4-03df-424b-8e99-1fd221f7be60->d503967e-137a-4fd9-bc45-44203e981a69#135-t2, previous=(t:2, i:20), leaderCommit=16, initializing? false, entries: <empty>
2019-09-12 06:40:20,504 [java.util.concurrent.ThreadPoolExecutor$Worker@24fb95e3[State = -1, empty queue]] WARN  server.GrpcLogAppender (GrpcLogAppender.java:timeoutAppendRequest(200)) - 24c53ee4-03df-424b-8e99-1fd221f7be60@group-3C3ABBECBF4F->3ae969e4-2e35-40bf-9e0e-95acae9da5a5-GrpcLogAppender: appendEntries Timeout, request=24c53ee4-03df-424b-8e99-1fd221f7be60->3ae969e4-2e35-40bf-9e0e-95acae9da5a5#135-t2, previous=(t:2, i:20), leaderCommit=16, initializing? false, entries: <empty>
2019-09-12 06:40:20,749 [24c53ee4-03df-424b-8e99-1fd221f7be60@group-3C3ABBECBF4F-SegmentedRaftLogWorker] WARN  segmented.SegmentedRaftLogWorker (SegmentedRaftLogWorker.java:getFromFuture(90)) - Timeout 5/~
org.apache.ratis.protocol.TimeoutIOException: Timeout 10s: WriteLog:17: (t:2, i:17), STATEMACHINELOGENTRY, client-8B9783ACE8AA, cid=39-writeStateMachineData
	at org.apache.ratis.util.IOUtils.getFromFuture(IOUtils.java:87)
	at org.apache.ratis.server.raftlog.segmented.SegmentedRaftLogWorker$StateMachineDataPolicy.getFromFuture(SegmentedRaftLogWorker.java:87)
	at org.apache.ratis.server.raftlog.segmented.SegmentedRaftLogWorker$WriteLog.execute(SegmentedRaftLogWorker.java:477)
	at org.apache.ratis.server.raftlog.segmented.SegmentedRaftLogWorker.run(SegmentedRaftLogWorker.java:289)
	at java.lang.Thread.run(Thread.java:748)
Caused by: java.util.concurrent.TimeoutException
	at java.util.concurrent.CompletableFuture.timedGet(CompletableFuture.java:1771)
	at java.util.concurrent.CompletableFuture.get(CompletableFuture.java:1915)
	at org.apache.ratis.util.IOUtils.getFromFuture(IOUtils.java:79)
	... 4 more
2019-09-12 06:40:20,749 [d503967e-137a-4fd9-bc45-44203e981a69@group-3C3ABBECBF4F-SegmentedRaftLogWorker] WARN  segmented.SegmentedRaftLogWorker (SegmentedRaftLogWorker.java:getFromFuture(90)) - Timeout 5/~
org.apache.ratis.protocol.TimeoutIOException: Timeout 10s: WriteLog:17: (t:2, i:17), STATEMACHINELOGENTRY, client-8B9783ACE8AA, cid=39-writeStateMachineData
	at org.apache.ratis.util.IOUtils.getFromFuture(IOUtils.java:87)
	at org.apache.ratis.server.raftlog.segmented.SegmentedRaftLogWorker$StateMachineDataPolicy.getFromFuture(SegmentedRaftLogWorker.java:87)
	at org.apache.ratis.server.raftlog.segmented.SegmentedRaftLogWorker$WriteLog.execute(SegmentedRaftLogWorker.java:477)
	at org.apache.ratis.server.raftlog.segmented.SegmentedRaftLogWorker.run(SegmentedRaftLogWorker.java:289)
	at java.lang.Thread.run(Thread.java:748)
Caused by: java.util.concurrent.TimeoutException
	at java.util.concurrent.CompletableFuture.timedGet(CompletableFuture.java:1771)
	at java.util.concurrent.CompletableFuture.get(CompletableFuture.java:1915)
	at org.apache.ratis.util.IOUtils.getFromFuture(IOUtils.java:79)
	... 4 more
2019-09-12 06:40:20,750 [3ae969e4-2e35-40bf-9e0e-95acae9da5a5@group-3C3ABBECBF4F-SegmentedRaftLogWorker] WARN  segmented.SegmentedRaftLogWorker (SegmentedRaftLogWorker.java:getFromFuture(90)) - Timeout 5/~
org.apache.ratis.protocol.TimeoutIOException: Timeout 10s: WriteLog:17: (t:2, i:17), STATEMACHINELOGENTRY, client-8B9783ACE8AA, cid=39-writeStateMachineData
	at org.apache.ratis.util.IOUtils.getFromFuture(IOUtils.java:87)
	at org.apache.ratis.server.raftlog.segmented.SegmentedRaftLogWorker$StateMachineDataPolicy.getFromFuture(SegmentedRaftLogWorker.java:87)
	at org.apache.ratis.server.raftlog.segmented.SegmentedRaftLogWorker$WriteLog.execute(SegmentedRaftLogWorker.java:477)
	at org.apache.ratis.server.raftlog.segmented.SegmentedRaftLogWorker.run(SegmentedRaftLogWorker.java:289)
	at java.lang.Thread.run(Thread.java:748)
Caused by: java.util.concurrent.TimeoutException
	at java.util.concurrent.CompletableFuture.timedGet(CompletableFuture.java:1771)
	at java.util.concurrent.CompletableFuture.get(CompletableFuture.java:1915)
	at org.apache.ratis.util.IOUtils.getFromFuture(IOUtils.java:79)
	... 4 more
2019-09-12 06:40:20,793 [java.util.concurrent.ThreadPoolExecutor$Worker@6586fa4d[State = -1, empty queue]] WARN  server.GrpcLogAppender (GrpcLogAppender.java:timeoutAppendRequest(200)) - 5ecf13a7-acad-498a-ad7b-6f285dbc97e2@group-C5E42DFE1AE1->996a256c-fd43-494a-96f3-903b907c5248-GrpcLogAppender: appendEntries Timeout, request=5ecf13a7-acad-498a-ad7b-6f285dbc97e2->996a256c-fd43-494a-96f3-903b907c5248#135-t2, previous=(t:2, i:20), leaderCommit=16, initializing? false, entries: <empty>
2019-09-12 06:40:20,793 [java.util.concurrent.ThreadPoolExecutor$Worker@3e497bcb[State = -1, empty queue]] WARN  server.GrpcLogAppender (GrpcLogAppender.java:timeoutAppendRequest(200)) - 5ecf13a7-acad-498a-ad7b-6f285dbc97e2@group-C5E42DFE1AE1->e1cdc330-b298-4f7e-9f8c-e697349a5e69-GrpcLogAppender: appendEntries Timeout, request=5ecf13a7-acad-498a-ad7b-6f285dbc97e2->e1cdc330-b298-4f7e-9f8c-e697349a5e69#135-t2, previous=(t:2, i:20), leaderCommit=16, initializing? false, entries: <empty>
2019-09-12 06:40:21,004 [java.util.concurrent.ThreadPoolExecutor$Worker@7bd075af[State = -1, empty queue]] WARN  server.GrpcLogAppender (GrpcLogAppender.java:timeoutAppendRequest(200)) - 24c53ee4-03df-424b-8e99-1fd221f7be60@group-3C3ABBECBF4F->d503967e-137a-4fd9-bc45-44203e981a69-GrpcLogAppender: appendEntries Timeout, request=24c53ee4-03df-424b-8e99-1fd221f7be60->d503967e-137a-4fd9-bc45-44203e981a69#136-t2, previous=(t:2, i:20), leaderCommit=16, initializing? false, entries: <empty>
2019-09-12 06:40:21,004 [java.util.concurrent.ThreadPoolExecutor$Worker@24fb95e3[State = -1, empty queue]] WARN  server.GrpcLogAppender (GrpcLogAppender.java:timeoutAppendRequest(200)) - 24c53ee4-03df-424b-8e99-1fd221f7be60@group-3C3ABBECBF4F->3ae969e4-2e35-40bf-9e0e-95acae9da5a5-GrpcLogAppender: appendEntries Timeout, request=24c53ee4-03df-424b-8e99-1fd221f7be60->3ae969e4-2e35-40bf-9e0e-95acae9da5a5#136-t2, previous=(t:2, i:20), leaderCommit=16, initializing? false, entries: <empty>
2019-09-12 06:40:21,294 [java.util.concurrent.ThreadPoolExecutor$Worker@6586fa4d[State = -1, empty queue]] WARN  server.GrpcLogAppender (GrpcLogAppender.java:timeoutAppendRequest(200)) - 5ecf13a7-acad-498a-ad7b-6f285dbc97e2@group-C5E42DFE1AE1->996a256c-fd43-494a-96f3-903b907c5248-GrpcLogAppender: appendEntries Timeout, request=5ecf13a7-acad-498a-ad7b-6f285dbc97e2->996a256c-fd43-494a-96f3-903b907c5248#136-t2, previous=(t:2, i:20), leaderCommit=16, initializing? false, entries: <empty>
2019-09-12 06:40:21,294 [java.util.concurrent.ThreadPoolExecutor$Worker@3e497bcb[State = -1, empty queue]] WARN  server.GrpcLogAppender (GrpcLogAppender.java:timeoutAppendRequest(200)) - 5ecf13a7-acad-498a-ad7b-6f285dbc97e2@group-C5E42DFE1AE1->e1cdc330-b298-4f7e-9f8c-e697349a5e69-GrpcLogAppender: appendEntries Timeout, request=5ecf13a7-acad-498a-ad7b-6f285dbc97e2->e1cdc330-b298-4f7e-9f8c-e697349a5e69#136-t2, previous=(t:2, i:20), leaderCommit=16, initializing? false, entries: <empty>
2019-09-12 06:40:21,476 [Thread-1342] INFO  impl.FollowerState (FollowerState.java:run(106)) - 760f3a61-bfa2-4d4e-85d8-817950efb624:group-B034F0427A69 changes to CANDIDATE, lastRpcTime:1096, electionTimeout:1096ms
2019-09-12 06:40:21,476 [Thread-1342] INFO  impl.RoleInfo (RoleInfo.java:shutdownFollowerState(121)) - 760f3a61-bfa2-4d4e-85d8-817950efb624: shutdown FollowerState
2019-09-12 06:40:21,477 [Thread-1342] INFO  impl.RaftServerImpl (RaftServerImpl.java:setRole(174)) - 760f3a61-bfa2-4d4e-85d8-817950efb624@group-B034F0427A69: changes role from  FOLLOWER to CANDIDATE at term 8 for changeToCandidate
2019-09-12 06:40:21,477 [Thread-1342] INFO  impl.RoleInfo (RoleInfo.java:updateAndGet(143)) - 760f3a61-bfa2-4d4e-85d8-817950efb624: start LeaderElection
2019-09-12 06:40:21,493 [760f3a61-bfa2-4d4e-85d8-817950efb624@group-B034F0427A69:LeaderElection31] INFO  impl.LeaderElection (LeaderElection.java:askForVotes(182)) - 760f3a61-bfa2-4d4e-85d8-817950efb624@group-B034F0427A69:LeaderElection31: begin an election at term 9 for 17: [760f3a61-bfa2-4d4e-85d8-817950efb624:192.168.34.52:44136, 9d685984-4448-42b4-b390-543822753f3a:192.168.34.52:35205, e48d04e8-2c1f-410d-8bfb-5a732d356112:192.168.34.52:38245], old=null
2019-09-12 06:40:21,494 [760f3a61-bfa2-4d4e-85d8-817950efb624@group-B034F0427A69:LeaderElection31] INFO  impl.LeaderElection (LogUtils.java:infoOrTrace(149)) - 760f3a61-bfa2-4d4e-85d8-817950efb624@group-B034F0427A69:LeaderElection31 got exception when requesting votes: {}
java.util.concurrent.ExecutionException: org.apache.ratis.thirdparty.io.grpc.StatusRuntimeException: UNAVAILABLE: io exception
	at java.util.concurrent.FutureTask.report(FutureTask.java:122)
	at java.util.concurrent.FutureTask.get(FutureTask.java:192)
	at org.apache.ratis.server.impl.LeaderElection.waitForResults(LeaderElection.java:263)
	at org.apache.ratis.server.impl.LeaderElection.askForVotes(LeaderElection.java:201)
	at org.apache.ratis.server.impl.LeaderElection.run(LeaderElection.java:133)
	at java.lang.Thread.run(Thread.java:748)
Caused by: org.apache.ratis.thirdparty.io.grpc.StatusRuntimeException: UNAVAILABLE: io exception
	at org.apache.ratis.thirdparty.io.grpc.stub.ClientCalls.toStatusRuntimeException(ClientCalls.java:233)
	at org.apache.ratis.thirdparty.io.grpc.stub.ClientCalls.getUnchecked(ClientCalls.java:214)
	at org.apache.ratis.thirdparty.io.grpc.stub.ClientCalls.blockingUnaryCall(ClientCalls.java:139)
	at org.apache.ratis.proto.grpc.RaftServerProtocolServiceGrpc$RaftServerProtocolServiceBlockingStub.requestVote(RaftServerProtocolServiceGrpc.java:265)
	at org.apache.ratis.grpc.server.GrpcServerProtocolClient.requestVote(GrpcServerProtocolClient.java:90)
	at org.apache.ratis.grpc.server.GrpcService.requestVote(GrpcService.java:204)
	at org.apache.ratis.server.impl.LeaderElection.lambda$submitRequests$1(LeaderElection.java:238)
	at java.util.concurrent.FutureTask.run(FutureTask.java:266)
	at java.util.concurrent.Executors$RunnableAdapter.call(Executors.java:511)
	at java.util.concurrent.FutureTask.run(FutureTask.java:266)
	at java.util.concurrent.ThreadPoolExecutor.runWorker(ThreadPoolExecutor.java:1149)
	at java.util.concurrent.ThreadPoolExecutor$Worker.run(ThreadPoolExecutor.java:624)
	... 1 more
Caused by: org.apache.ratis.thirdparty.io.netty.channel.AbstractChannel$AnnotatedConnectException: Connection refused: /192.168.34.52:35205
	at sun.nio.ch.SocketChannelImpl.checkConnect(Native Method)
	at sun.nio.ch.SocketChannelImpl.finishConnect(SocketChannelImpl.java:717)
	at org.apache.ratis.thirdparty.io.netty.channel.socket.nio.NioSocketChannel.doFinishConnect(NioSocketChannel.java:327)
	at org.apache.ratis.thirdparty.io.netty.channel.nio.AbstractNioChannel$AbstractNioUnsafe.finishConnect(AbstractNioChannel.java:340)
	at org.apache.ratis.thirdparty.io.netty.channel.nio.NioEventLoop.processSelectedKey(NioEventLoop.java:632)
	at org.apache.ratis.thirdparty.io.netty.channel.nio.NioEventLoop.processSelectedKeysOptimized(NioEventLoop.java:579)
	at org.apache.ratis.thirdparty.io.netty.channel.nio.NioEventLoop.processSelectedKeys(NioEventLoop.java:496)
	at org.apache.ratis.thirdparty.io.netty.channel.nio.NioEventLoop.run(NioEventLoop.java:458)
	at org.apache.ratis.thirdparty.io.netty.util.concurrent.SingleThreadEventExecutor$5.run(SingleThreadEventExecutor.java:897)
	at org.apache.ratis.thirdparty.io.netty.util.concurrent.FastThreadLocalRunnable.run(FastThreadLocalRunnable.java:30)
	... 1 more
Caused by: java.net.ConnectException: Connection refused
	... 11 more
2019-09-12 06:40:21,497 [760f3a61-bfa2-4d4e-85d8-817950efb624@group-B034F0427A69:LeaderElection31] INFO  impl.LeaderElection (LogUtils.java:infoOrTrace(149)) - 760f3a61-bfa2-4d4e-85d8-817950efb624@group-B034F0427A69:LeaderElection31 got exception when requesting votes: {}
java.util.concurrent.ExecutionException: org.apache.ratis.thirdparty.io.grpc.StatusRuntimeException: UNAVAILABLE: io exception
	at java.util.concurrent.FutureTask.report(FutureTask.java:122)
	at java.util.concurrent.FutureTask.get(FutureTask.java:192)
	at org.apache.ratis.server.impl.LeaderElection.waitForResults(LeaderElection.java:263)
	at org.apache.ratis.server.impl.LeaderElection.askForVotes(LeaderElection.java:201)
	at org.apache.ratis.server.impl.LeaderElection.run(LeaderElection.java:133)
	at java.lang.Thread.run(Thread.java:748)
Caused by: org.apache.ratis.thirdparty.io.grpc.StatusRuntimeException: UNAVAILABLE: io exception
	at org.apache.ratis.thirdparty.io.grpc.stub.ClientCalls.toStatusRuntimeException(ClientCalls.java:233)
	at org.apache.ratis.thirdparty.io.grpc.stub.ClientCalls.getUnchecked(ClientCalls.java:214)
	at org.apache.ratis.thirdparty.io.grpc.stub.ClientCalls.blockingUnaryCall(ClientCalls.java:139)
	at org.apache.ratis.proto.grpc.RaftServerProtocolServiceGrpc$RaftServerProtocolServiceBlockingStub.requestVote(RaftServerProtocolServiceGrpc.java:265)
	at org.apache.ratis.grpc.server.GrpcServerProtocolClient.requestVote(GrpcServerProtocolClient.java:90)
	at org.apache.ratis.grpc.server.GrpcService.requestVote(GrpcService.java:204)
	at org.apache.ratis.server.impl.LeaderElection.lambda$submitRequests$1(LeaderElection.java:238)
	at java.util.concurrent.FutureTask.run(FutureTask.java:266)
	at java.util.concurrent.Executors$RunnableAdapter.call(Executors.java:511)
	at java.util.concurrent.FutureTask.run(FutureTask.java:266)
	at java.util.concurrent.ThreadPoolExecutor.runWorker(ThreadPoolExecutor.java:1149)
	at java.util.concurrent.ThreadPoolExecutor$Worker.run(ThreadPoolExecutor.java:624)
	... 1 more
Caused by: org.apache.ratis.thirdparty.io.netty.channel.AbstractChannel$AnnotatedConnectException: Connection refused: /192.168.34.52:38245
	at sun.nio.ch.SocketChannelImpl.checkConnect(Native Method)
	at sun.nio.ch.SocketChannelImpl.finishConnect(SocketChannelImpl.java:717)
	at org.apache.ratis.thirdparty.io.netty.channel.socket.nio.NioSocketChannel.doFinishConnect(NioSocketChannel.java:327)
	at org.apache.ratis.thirdparty.io.netty.channel.nio.AbstractNioChannel$AbstractNioUnsafe.finishConnect(AbstractNioChannel.java:340)
	at org.apache.ratis.thirdparty.io.netty.channel.nio.NioEventLoop.processSelectedKey(NioEventLoop.java:632)
	at org.apache.ratis.thirdparty.io.netty.channel.nio.NioEventLoop.processSelectedKeysOptimized(NioEventLoop.java:579)
	at org.apache.ratis.thirdparty.io.netty.channel.nio.NioEventLoop.processSelectedKeys(NioEventLoop.java:496)
	at org.apache.ratis.thirdparty.io.netty.channel.nio.NioEventLoop.run(NioEventLoop.java:458)
	at org.apache.ratis.thirdparty.io.netty.util.concurrent.SingleThreadEventExecutor$5.run(SingleThreadEventExecutor.java:897)
	at org.apache.ratis.thirdparty.io.netty.util.concurrent.FastThreadLocalRunnable.run(FastThreadLocalRunnable.java:30)
	... 1 more
Caused by: java.net.ConnectException: Connection refused
	... 11 more
2019-09-12 06:40:21,500 [760f3a61-bfa2-4d4e-85d8-817950efb624@group-B034F0427A69:LeaderElection31] INFO  impl.LeaderElection (LeaderElection.java:logAndReturn(56)) - 760f3a61-bfa2-4d4e-85d8-817950efb624@group-B034F0427A69:LeaderElection31: Election REJECTED; received 0 response(s) [] and 2 exception(s); 760f3a61-bfa2-4d4e-85d8-817950efb624@group-B034F0427A69:t9, leader=null, voted=760f3a61-bfa2-4d4e-85d8-817950efb624, raftlog=760f3a61-bfa2-4d4e-85d8-817950efb624@group-B034F0427A69-SegmentedRaftLog:OPENED:c30,f30,i30, conf=17: [760f3a61-bfa2-4d4e-85d8-817950efb624:192.168.34.52:44136, 9d685984-4448-42b4-b390-543822753f3a:192.168.34.52:35205, e48d04e8-2c1f-410d-8bfb-5a732d356112:192.168.34.52:38245], old=null
2019-09-12 06:40:21,500 [760f3a61-bfa2-4d4e-85d8-817950efb624@group-B034F0427A69:LeaderElection31] INFO  impl.LeaderElection (LogUtils.java:infoOrTrace(149)) -   Exception 0: {}
java.util.concurrent.ExecutionException: org.apache.ratis.thirdparty.io.grpc.StatusRuntimeException: UNAVAILABLE: io exception
	at java.util.concurrent.FutureTask.report(FutureTask.java:122)
	at java.util.concurrent.FutureTask.get(FutureTask.java:192)
	at org.apache.ratis.server.impl.LeaderElection.waitForResults(LeaderElection.java:263)
	at org.apache.ratis.server.impl.LeaderElection.askForVotes(LeaderElection.java:201)
	at org.apache.ratis.server.impl.LeaderElection.run(LeaderElection.java:133)
	at java.lang.Thread.run(Thread.java:748)
Caused by: org.apache.ratis.thirdparty.io.grpc.StatusRuntimeException: UNAVAILABLE: io exception
	at org.apache.ratis.thirdparty.io.grpc.stub.ClientCalls.toStatusRuntimeException(ClientCalls.java:233)
	at org.apache.ratis.thirdparty.io.grpc.stub.ClientCalls.getUnchecked(ClientCalls.java:214)
	at org.apache.ratis.thirdparty.io.grpc.stub.ClientCalls.blockingUnaryCall(ClientCalls.java:139)
	at org.apache.ratis.proto.grpc.RaftServerProtocolServiceGrpc$RaftServerProtocolServiceBlockingStub.requestVote(RaftServerProtocolServiceGrpc.java:265)
	at org.apache.ratis.grpc.server.GrpcServerProtocolClient.requestVote(GrpcServerProtocolClient.java:90)
	at org.apache.ratis.grpc.server.GrpcService.requestVote(GrpcService.java:204)
	at org.apache.ratis.server.impl.LeaderElection.lambda$submitRequests$1(LeaderElection.java:238)
	at java.util.concurrent.FutureTask.run(FutureTask.java:266)
	at java.util.concurrent.Executors$RunnableAdapter.call(Executors.java:511)
	at java.util.concurrent.FutureTask.run(FutureTask.java:266)
	at java.util.concurrent.ThreadPoolExecutor.runWorker(ThreadPoolExecutor.java:1149)
	at java.util.concurrent.ThreadPoolExecutor$Worker.run(ThreadPoolExecutor.java:624)
	... 1 more
Caused by: org.apache.ratis.thirdparty.io.netty.channel.AbstractChannel$AnnotatedConnectException: Connection refused: /192.168.34.52:35205
	at sun.nio.ch.SocketChannelImpl.checkConnect(Native Method)
	at sun.nio.ch.SocketChannelImpl.finishConnect(SocketChannelImpl.java:717)
	at org.apache.ratis.thirdparty.io.netty.channel.socket.nio.NioSocketChannel.doFinishConnect(NioSocketChannel.java:327)
	at org.apache.ratis.thirdparty.io.netty.channel.nio.AbstractNioChannel$AbstractNioUnsafe.finishConnect(AbstractNioChannel.java:340)
	at org.apache.ratis.thirdparty.io.netty.channel.nio.NioEventLoop.processSelectedKey(NioEventLoop.java:632)
	at org.apache.ratis.thirdparty.io.netty.channel.nio.NioEventLoop.processSelectedKeysOptimized(NioEventLoop.java:579)
	at org.apache.ratis.thirdparty.io.netty.channel.nio.NioEventLoop.processSelectedKeys(NioEventLoop.java:496)
	at org.apache.ratis.thirdparty.io.netty.channel.nio.NioEventLoop.run(NioEventLoop.java:458)
	at org.apache.ratis.thirdparty.io.netty.util.concurrent.SingleThreadEventExecutor$5.run(SingleThreadEventExecutor.java:897)
	at org.apache.ratis.thirdparty.io.netty.util.concurrent.FastThreadLocalRunnable.run(FastThreadLocalRunnable.java:30)
	... 1 more
Caused by: java.net.ConnectException: Connection refused
	... 11 more
2019-09-12 06:40:21,501 [760f3a61-bfa2-4d4e-85d8-817950efb624@group-B034F0427A69:LeaderElection31] INFO  impl.LeaderElection (LogUtils.java:infoOrTrace(149)) -   Exception 1: {}
java.util.concurrent.ExecutionException: org.apache.ratis.thirdparty.io.grpc.StatusRuntimeException: UNAVAILABLE: io exception
	at java.util.concurrent.FutureTask.report(FutureTask.java:122)
	at java.util.concurrent.FutureTask.get(FutureTask.java:192)
	at org.apache.ratis.server.impl.LeaderElection.waitForResults(LeaderElection.java:263)
	at org.apache.ratis.server.impl.LeaderElection.askForVotes(LeaderElection.java:201)
	at org.apache.ratis.server.impl.LeaderElection.run(LeaderElection.java:133)
	at java.lang.Thread.run(Thread.java:748)
Caused by: org.apache.ratis.thirdparty.io.grpc.StatusRuntimeException: UNAVAILABLE: io exception
	at org.apache.ratis.thirdparty.io.grpc.stub.ClientCalls.toStatusRuntimeException(ClientCalls.java:233)
	at org.apache.ratis.thirdparty.io.grpc.stub.ClientCalls.getUnchecked(ClientCalls.java:214)
	at org.apache.ratis.thirdparty.io.grpc.stub.ClientCalls.blockingUnaryCall(ClientCalls.java:139)
	at org.apache.ratis.proto.grpc.RaftServerProtocolServiceGrpc$RaftServerProtocolServiceBlockingStub.requestVote(RaftServerProtocolServiceGrpc.java:265)
	at org.apache.ratis.grpc.server.GrpcServerProtocolClient.requestVote(GrpcServerProtocolClient.java:90)
	at org.apache.ratis.grpc.server.GrpcService.requestVote(GrpcService.java:204)
	at org.apache.ratis.server.impl.LeaderElection.lambda$submitRequests$1(LeaderElection.java:238)
	at java.util.concurrent.FutureTask.run(FutureTask.java:266)
	at java.util.concurrent.Executors$RunnableAdapter.call(Executors.java:511)
	at java.util.concurrent.FutureTask.run(FutureTask.java:266)
	at java.util.concurrent.ThreadPoolExecutor.runWorker(ThreadPoolExecutor.java:1149)
	at java.util.concurrent.ThreadPoolExecutor$Worker.run(ThreadPoolExecutor.java:624)
	... 1 more
Caused by: org.apache.ratis.thirdparty.io.netty.channel.AbstractChannel$AnnotatedConnectException: Connection refused: /192.168.34.52:38245
	at sun.nio.ch.SocketChannelImpl.checkConnect(Native Method)
	at sun.nio.ch.SocketChannelImpl.finishConnect(SocketChannelImpl.java:717)
	at org.apache.ratis.thirdparty.io.netty.channel.socket.nio.NioSocketChannel.doFinishConnect(NioSocketChannel.java:327)
	at org.apache.ratis.thirdparty.io.netty.channel.nio.AbstractNioChannel$AbstractNioUnsafe.finishConnect(AbstractNioChannel.java:340)
	at org.apache.ratis.thirdparty.io.netty.channel.nio.NioEventLoop.processSelectedKey(NioEventLoop.java:632)
	at org.apache.ratis.thirdparty.io.netty.channel.nio.NioEventLoop.processSelectedKeysOptimized(NioEventLoop.java:579)
	at org.apache.ratis.thirdparty.io.netty.channel.nio.NioEventLoop.processSelectedKeys(NioEventLoop.java:496)
	at org.apache.ratis.thirdparty.io.netty.channel.nio.NioEventLoop.run(NioEventLoop.java:458)
	at org.apache.ratis.thirdparty.io.netty.util.concurrent.SingleThreadEventExecutor$5.run(SingleThreadEventExecutor.java:897)
	at org.apache.ratis.thirdparty.io.netty.util.concurrent.FastThreadLocalRunnable.run(FastThreadLocalRunnable.java:30)
	... 1 more
Caused by: java.net.ConnectException: Connection refused
	... 11 more
2019-09-12 06:40:21,501 [760f3a61-bfa2-4d4e-85d8-817950efb624@group-B034F0427A69:LeaderElection31] INFO  impl.RaftServerImpl (RaftServerImpl.java:setRole(174)) - 760f3a61-bfa2-4d4e-85d8-817950efb624@group-B034F0427A69: changes role from CANDIDATE to FOLLOWER at term 9 for DISCOVERED_A_NEW_TERM
2019-09-12 06:40:21,501 [760f3a61-bfa2-4d4e-85d8-817950efb624@group-B034F0427A69:LeaderElection31] INFO  impl.RoleInfo (RoleInfo.java:shutdownLeaderElection(134)) - 760f3a61-bfa2-4d4e-85d8-817950efb624: shutdown LeaderElection
2019-09-12 06:40:21,501 [760f3a61-bfa2-4d4e-85d8-817950efb624@group-B034F0427A69:LeaderElection31] INFO  impl.RoleInfo (RoleInfo.java:updateAndGet(143)) - 760f3a61-bfa2-4d4e-85d8-817950efb624: start FollowerState
2019-09-12 06:40:21,504 [java.util.concurrent.ThreadPoolExecutor$Worker@7bd075af[State = -1, empty queue]] WARN  server.GrpcLogAppender (GrpcLogAppender.java:timeoutAppendRequest(200)) - 24c53ee4-03df-424b-8e99-1fd221f7be60@group-3C3ABBECBF4F->d503967e-137a-4fd9-bc45-44203e981a69-GrpcLogAppender: appendEntries Timeout, request=24c53ee4-03df-424b-8e99-1fd221f7be60->d503967e-137a-4fd9-bc45-44203e981a69#137-t2, previous=(t:2, i:20), leaderCommit=16, initializing? false, entries: <empty>
2019-09-12 06:40:21,504 [java.util.concurrent.ThreadPoolExecutor$Worker@24fb95e3[State = -1, empty queue]] WARN  server.GrpcLogAppender (GrpcLogAppender.java:timeoutAppendRequest(200)) - 24c53ee4-03df-424b-8e99-1fd221f7be60@group-3C3ABBECBF4F->3ae969e4-2e35-40bf-9e0e-95acae9da5a5-GrpcLogAppender: appendEntries Timeout, request=24c53ee4-03df-424b-8e99-1fd221f7be60->3ae969e4-2e35-40bf-9e0e-95acae9da5a5#137-t2, previous=(t:2, i:20), leaderCommit=16, initializing? false, entries: <empty>
2019-09-12 06:40:21,794 [java.util.concurrent.ThreadPoolExecutor$Worker@6586fa4d[State = -1, empty queue]] WARN  server.GrpcLogAppender (GrpcLogAppender.java:timeoutAppendRequest(200)) - 5ecf13a7-acad-498a-ad7b-6f285dbc97e2@group-C5E42DFE1AE1->996a256c-fd43-494a-96f3-903b907c5248-GrpcLogAppender: appendEntries Timeout, request=5ecf13a7-acad-498a-ad7b-6f285dbc97e2->996a256c-fd43-494a-96f3-903b907c5248#137-t2, previous=(t:2, i:20), leaderCommit=16, initializing? false, entries: <empty>
2019-09-12 06:40:21,794 [java.util.concurrent.ThreadPoolExecutor$Worker@3e497bcb[State = -1, empty queue]] WARN  server.GrpcLogAppender (GrpcLogAppender.java:timeoutAppendRequest(200)) - 5ecf13a7-acad-498a-ad7b-6f285dbc97e2@group-C5E42DFE1AE1->e1cdc330-b298-4f7e-9f8c-e697349a5e69-GrpcLogAppender: appendEntries Timeout, request=5ecf13a7-acad-498a-ad7b-6f285dbc97e2->e1cdc330-b298-4f7e-9f8c-e697349a5e69#137-t2, previous=(t:2, i:20), leaderCommit=16, initializing? false, entries: <empty>
2019-09-12 06:40:22,004 [java.util.concurrent.ThreadPoolExecutor$Worker@7bd075af[State = -1, empty queue]] WARN  server.GrpcLogAppender (GrpcLogAppender.java:timeoutAppendRequest(200)) - 24c53ee4-03df-424b-8e99-1fd221f7be60@group-3C3ABBECBF4F->d503967e-137a-4fd9-bc45-44203e981a69-GrpcLogAppender: appendEntries Timeout, request=24c53ee4-03df-424b-8e99-1fd221f7be60->d503967e-137a-4fd9-bc45-44203e981a69#138-t2, previous=(t:2, i:20), leaderCommit=16, initializing? false, entries: <empty>
2019-09-12 06:40:22,005 [java.util.concurrent.ThreadPoolExecutor$Worker@24fb95e3[State = -1, empty queue]] WARN  server.GrpcLogAppender (GrpcLogAppender.java:timeoutAppendRequest(200)) - 24c53ee4-03df-424b-8e99-1fd221f7be60@group-3C3ABBECBF4F->3ae969e4-2e35-40bf-9e0e-95acae9da5a5-GrpcLogAppender: appendEntries Timeout, request=24c53ee4-03df-424b-8e99-1fd221f7be60->3ae969e4-2e35-40bf-9e0e-95acae9da5a5#138-t2, previous=(t:2, i:20), leaderCommit=16, initializing? false, entries: <empty>
2019-09-12 06:40:22,294 [java.util.concurrent.ThreadPoolExecutor$Worker@6586fa4d[State = -1, empty queue]] WARN  server.GrpcLogAppender (GrpcLogAppender.java:timeoutAppendRequest(200)) - 5ecf13a7-acad-498a-ad7b-6f285dbc97e2@group-C5E42DFE1AE1->996a256c-fd43-494a-96f3-903b907c5248-GrpcLogAppender: appendEntries Timeout, request=5ecf13a7-acad-498a-ad7b-6f285dbc97e2->996a256c-fd43-494a-96f3-903b907c5248#138-t2, previous=(t:2, i:20), leaderCommit=16, initializing? false, entries: <empty>
2019-09-12 06:40:22,294 [java.util.concurrent.ThreadPoolExecutor$Worker@3e497bcb[State = -1, empty queue]] WARN  server.GrpcLogAppender (GrpcLogAppender.java:timeoutAppendRequest(200)) - 5ecf13a7-acad-498a-ad7b-6f285dbc97e2@group-C5E42DFE1AE1->e1cdc330-b298-4f7e-9f8c-e697349a5e69-GrpcLogAppender: appendEntries Timeout, request=5ecf13a7-acad-498a-ad7b-6f285dbc97e2->e1cdc330-b298-4f7e-9f8c-e697349a5e69#138-t2, previous=(t:2, i:20), leaderCommit=16, initializing? false, entries: <empty>
2019-09-12 06:40:22,505 [java.util.concurrent.ThreadPoolExecutor$Worker@7bd075af[State = -1, empty queue]] WARN  server.GrpcLogAppender (GrpcLogAppender.java:timeoutAppendRequest(200)) - 24c53ee4-03df-424b-8e99-1fd221f7be60@group-3C3ABBECBF4F->d503967e-137a-4fd9-bc45-44203e981a69-GrpcLogAppender: appendEntries Timeout, request=24c53ee4-03df-424b-8e99-1fd221f7be60->d503967e-137a-4fd9-bc45-44203e981a69#139-t2, previous=(t:2, i:20), leaderCommit=16, initializing? false, entries: <empty>
2019-09-12 06:40:22,505 [java.util.concurrent.ThreadPoolExecutor$Worker@24fb95e3[State = -1, empty queue]] WARN  server.GrpcLogAppender (GrpcLogAppender.java:timeoutAppendRequest(200)) - 24c53ee4-03df-424b-8e99-1fd221f7be60@group-3C3ABBECBF4F->3ae969e4-2e35-40bf-9e0e-95acae9da5a5-GrpcLogAppender: appendEntries Timeout, request=24c53ee4-03df-424b-8e99-1fd221f7be60->3ae969e4-2e35-40bf-9e0e-95acae9da5a5#139-t2, previous=(t:2, i:20), leaderCommit=16, initializing? false, entries: <empty>
2019-09-12 06:40:22,572 [Thread-1357] INFO  impl.FollowerState (FollowerState.java:run(106)) - 760f3a61-bfa2-4d4e-85d8-817950efb624:group-B034F0427A69 changes to CANDIDATE, lastRpcTime:1070, electionTimeout:1070ms
2019-09-12 06:40:22,572 [Thread-1357] INFO  impl.RoleInfo (RoleInfo.java:shutdownFollowerState(121)) - 760f3a61-bfa2-4d4e-85d8-817950efb624: shutdown FollowerState
2019-09-12 06:40:22,572 [Thread-1357] INFO  impl.RaftServerImpl (RaftServerImpl.java:setRole(174)) - 760f3a61-bfa2-4d4e-85d8-817950efb624@group-B034F0427A69: changes role from  FOLLOWER to CANDIDATE at term 9 for changeToCandidate
2019-09-12 06:40:22,573 [Thread-1357] INFO  impl.RoleInfo (RoleInfo.java:updateAndGet(143)) - 760f3a61-bfa2-4d4e-85d8-817950efb624: start LeaderElection
2019-09-12 06:40:22,589 [760f3a61-bfa2-4d4e-85d8-817950efb624@group-B034F0427A69:LeaderElection32] INFO  impl.LeaderElection (LeaderElection.java:askForVotes(182)) - 760f3a61-bfa2-4d4e-85d8-817950efb624@group-B034F0427A69:LeaderElection32: begin an election at term 10 for 17: [760f3a61-bfa2-4d4e-85d8-817950efb624:192.168.34.52:44136, 9d685984-4448-42b4-b390-543822753f3a:192.168.34.52:35205, e48d04e8-2c1f-410d-8bfb-5a732d356112:192.168.34.52:38245], old=null
2019-09-12 06:40:22,590 [760f3a61-bfa2-4d4e-85d8-817950efb624@group-B034F0427A69:LeaderElection32] INFO  impl.LeaderElection (LogUtils.java:infoOrTrace(149)) - 760f3a61-bfa2-4d4e-85d8-817950efb624@group-B034F0427A69:LeaderElection32 got exception when requesting votes: {}
java.util.concurrent.ExecutionException: org.apache.ratis.thirdparty.io.grpc.StatusRuntimeException: UNAVAILABLE: io exception
	at java.util.concurrent.FutureTask.report(FutureTask.java:122)
	at java.util.concurrent.FutureTask.get(FutureTask.java:192)
	at org.apache.ratis.server.impl.LeaderElection.waitForResults(LeaderElection.java:263)
	at org.apache.ratis.server.impl.LeaderElection.askForVotes(LeaderElection.java:201)
	at org.apache.ratis.server.impl.LeaderElection.run(LeaderElection.java:133)
	at java.lang.Thread.run(Thread.java:748)
Caused by: org.apache.ratis.thirdparty.io.grpc.StatusRuntimeException: UNAVAILABLE: io exception
	at org.apache.ratis.thirdparty.io.grpc.stub.ClientCalls.toStatusRuntimeException(ClientCalls.java:233)
	at org.apache.ratis.thirdparty.io.grpc.stub.ClientCalls.getUnchecked(ClientCalls.java:214)
	at org.apache.ratis.thirdparty.io.grpc.stub.ClientCalls.blockingUnaryCall(ClientCalls.java:139)
	at org.apache.ratis.proto.grpc.RaftServerProtocolServiceGrpc$RaftServerProtocolServiceBlockingStub.requestVote(RaftServerProtocolServiceGrpc.java:265)
	at org.apache.ratis.grpc.server.GrpcServerProtocolClient.requestVote(GrpcServerProtocolClient.java:90)
	at org.apache.ratis.grpc.server.GrpcService.requestVote(GrpcService.java:204)
	at org.apache.ratis.server.impl.LeaderElection.lambda$submitRequests$1(LeaderElection.java:238)
	at java.util.concurrent.FutureTask.run(FutureTask.java:266)
	at java.util.concurrent.Executors$RunnableAdapter.call(Executors.java:511)
	at java.util.concurrent.FutureTask.run(FutureTask.java:266)
	at java.util.concurrent.ThreadPoolExecutor.runWorker(ThreadPoolExecutor.java:1149)
	at java.util.concurrent.ThreadPoolExecutor$Worker.run(ThreadPoolExecutor.java:624)
	... 1 more
Caused by: org.apache.ratis.thirdparty.io.netty.channel.AbstractChannel$AnnotatedConnectException: Connection refused: /192.168.34.52:35205
	at sun.nio.ch.SocketChannelImpl.checkConnect(Native Method)
	at sun.nio.ch.SocketChannelImpl.finishConnect(SocketChannelImpl.java:717)
	at org.apache.ratis.thirdparty.io.netty.channel.socket.nio.NioSocketChannel.doFinishConnect(NioSocketChannel.java:327)
	at org.apache.ratis.thirdparty.io.netty.channel.nio.AbstractNioChannel$AbstractNioUnsafe.finishConnect(AbstractNioChannel.java:340)
	at org.apache.ratis.thirdparty.io.netty.channel.nio.NioEventLoop.processSelectedKey(NioEventLoop.java:632)
	at org.apache.ratis.thirdparty.io.netty.channel.nio.NioEventLoop.processSelectedKeysOptimized(NioEventLoop.java:579)
	at org.apache.ratis.thirdparty.io.netty.channel.nio.NioEventLoop.processSelectedKeys(NioEventLoop.java:496)
	at org.apache.ratis.thirdparty.io.netty.channel.nio.NioEventLoop.run(NioEventLoop.java:458)
	at org.apache.ratis.thirdparty.io.netty.util.concurrent.SingleThreadEventExecutor$5.run(SingleThreadEventExecutor.java:897)
	at org.apache.ratis.thirdparty.io.netty.util.concurrent.FastThreadLocalRunnable.run(FastThreadLocalRunnable.java:30)
	... 1 more
Caused by: java.net.ConnectException: Connection refused
	... 11 more
2019-09-12 06:40:22,593 [760f3a61-bfa2-4d4e-85d8-817950efb624@group-B034F0427A69:LeaderElection32] INFO  impl.LeaderElection (LogUtils.java:infoOrTrace(149)) - 760f3a61-bfa2-4d4e-85d8-817950efb624@group-B034F0427A69:LeaderElection32 got exception when requesting votes: {}
java.util.concurrent.ExecutionException: org.apache.ratis.thirdparty.io.grpc.StatusRuntimeException: UNAVAILABLE: io exception
	at java.util.concurrent.FutureTask.report(FutureTask.java:122)
	at java.util.concurrent.FutureTask.get(FutureTask.java:192)
	at org.apache.ratis.server.impl.LeaderElection.waitForResults(LeaderElection.java:263)
	at org.apache.ratis.server.impl.LeaderElection.askForVotes(LeaderElection.java:201)
	at org.apache.ratis.server.impl.LeaderElection.run(LeaderElection.java:133)
	at java.lang.Thread.run(Thread.java:748)
Caused by: org.apache.ratis.thirdparty.io.grpc.StatusRuntimeException: UNAVAILABLE: io exception
	at org.apache.ratis.thirdparty.io.grpc.stub.ClientCalls.toStatusRuntimeException(ClientCalls.java:233)
	at org.apache.ratis.thirdparty.io.grpc.stub.ClientCalls.getUnchecked(ClientCalls.java:214)
	at org.apache.ratis.thirdparty.io.grpc.stub.ClientCalls.blockingUnaryCall(ClientCalls.java:139)
	at org.apache.ratis.proto.grpc.RaftServerProtocolServiceGrpc$RaftServerProtocolServiceBlockingStub.requestVote(RaftServerProtocolServiceGrpc.java:265)
	at org.apache.ratis.grpc.server.GrpcServerProtocolClient.requestVote(GrpcServerProtocolClient.java:90)
	at org.apache.ratis.grpc.server.GrpcService.requestVote(GrpcService.java:204)
	at org.apache.ratis.server.impl.LeaderElection.lambda$submitRequests$1(LeaderElection.java:238)
	at java.util.concurrent.FutureTask.run(FutureTask.java:266)
	at java.util.concurrent.Executors$RunnableAdapter.call(Executors.java:511)
	at java.util.concurrent.FutureTask.run(FutureTask.java:266)
	at java.util.concurrent.ThreadPoolExecutor.runWorker(ThreadPoolExecutor.java:1149)
	at java.util.concurrent.ThreadPoolExecutor$Worker.run(ThreadPoolExecutor.java:624)
	... 1 more
Caused by: org.apache.ratis.thirdparty.io.netty.channel.AbstractChannel$AnnotatedConnectException: Connection refused: /192.168.34.52:38245
	at sun.nio.ch.SocketChannelImpl.checkConnect(Native Method)
	at sun.nio.ch.SocketChannelImpl.finishConnect(SocketChannelImpl.java:717)
	at org.apache.ratis.thirdparty.io.netty.channel.socket.nio.NioSocketChannel.doFinishConnect(NioSocketChannel.java:327)
	at org.apache.ratis.thirdparty.io.netty.channel.nio.AbstractNioChannel$AbstractNioUnsafe.finishConnect(AbstractNioChannel.java:340)
	at org.apache.ratis.thirdparty.io.netty.channel.nio.NioEventLoop.processSelectedKey(NioEventLoop.java:632)
	at org.apache.ratis.thirdparty.io.netty.channel.nio.NioEventLoop.processSelectedKeysOptimized(NioEventLoop.java:579)
	at org.apache.ratis.thirdparty.io.netty.channel.nio.NioEventLoop.processSelectedKeys(NioEventLoop.java:496)
	at org.apache.ratis.thirdparty.io.netty.channel.nio.NioEventLoop.run(NioEventLoop.java:458)
	at org.apache.ratis.thirdparty.io.netty.util.concurrent.SingleThreadEventExecutor$5.run(SingleThreadEventExecutor.java:897)
	at org.apache.ratis.thirdparty.io.netty.util.concurrent.FastThreadLocalRunnable.run(FastThreadLocalRunnable.java:30)
	... 1 more
Caused by: java.net.ConnectException: Connection refused
	... 11 more
2019-09-12 06:40:22,596 [760f3a61-bfa2-4d4e-85d8-817950efb624@group-B034F0427A69:LeaderElection32] INFO  impl.LeaderElection (LeaderElection.java:logAndReturn(56)) - 760f3a61-bfa2-4d4e-85d8-817950efb624@group-B034F0427A69:LeaderElection32: Election REJECTED; received 0 response(s) [] and 2 exception(s); 760f3a61-bfa2-4d4e-85d8-817950efb624@group-B034F0427A69:t10, leader=null, voted=760f3a61-bfa2-4d4e-85d8-817950efb624, raftlog=760f3a61-bfa2-4d4e-85d8-817950efb624@group-B034F0427A69-SegmentedRaftLog:OPENED:c30,f30,i30, conf=17: [760f3a61-bfa2-4d4e-85d8-817950efb624:192.168.34.52:44136, 9d685984-4448-42b4-b390-543822753f3a:192.168.34.52:35205, e48d04e8-2c1f-410d-8bfb-5a732d356112:192.168.34.52:38245], old=null
2019-09-12 06:40:22,596 [760f3a61-bfa2-4d4e-85d8-817950efb624@group-B034F0427A69:LeaderElection32] INFO  impl.LeaderElection (LogUtils.java:infoOrTrace(149)) -   Exception 0: {}
java.util.concurrent.ExecutionException: org.apache.ratis.thirdparty.io.grpc.StatusRuntimeException: UNAVAILABLE: io exception
	at java.util.concurrent.FutureTask.report(FutureTask.java:122)
	at java.util.concurrent.FutureTask.get(FutureTask.java:192)
	at org.apache.ratis.server.impl.LeaderElection.waitForResults(LeaderElection.java:263)
	at org.apache.ratis.server.impl.LeaderElection.askForVotes(LeaderElection.java:201)
	at org.apache.ratis.server.impl.LeaderElection.run(LeaderElection.java:133)
	at java.lang.Thread.run(Thread.java:748)
Caused by: org.apache.ratis.thirdparty.io.grpc.StatusRuntimeException: UNAVAILABLE: io exception
	at org.apache.ratis.thirdparty.io.grpc.stub.ClientCalls.toStatusRuntimeException(ClientCalls.java:233)
	at org.apache.ratis.thirdparty.io.grpc.stub.ClientCalls.getUnchecked(ClientCalls.java:214)
	at org.apache.ratis.thirdparty.io.grpc.stub.ClientCalls.blockingUnaryCall(ClientCalls.java:139)
	at org.apache.ratis.proto.grpc.RaftServerProtocolServiceGrpc$RaftServerProtocolServiceBlockingStub.requestVote(RaftServerProtocolServiceGrpc.java:265)
	at org.apache.ratis.grpc.server.GrpcServerProtocolClient.requestVote(GrpcServerProtocolClient.java:90)
	at org.apache.ratis.grpc.server.GrpcService.requestVote(GrpcService.java:204)
	at org.apache.ratis.server.impl.LeaderElection.lambda$submitRequests$1(LeaderElection.java:238)
	at java.util.concurrent.FutureTask.run(FutureTask.java:266)
	at java.util.concurrent.Executors$RunnableAdapter.call(Executors.java:511)
	at java.util.concurrent.FutureTask.run(FutureTask.java:266)
	at java.util.concurrent.ThreadPoolExecutor.runWorker(ThreadPoolExecutor.java:1149)
	at java.util.concurrent.ThreadPoolExecutor$Worker.run(ThreadPoolExecutor.java:624)
	... 1 more
Caused by: org.apache.ratis.thirdparty.io.netty.channel.AbstractChannel$AnnotatedConnectException: Connection refused: /192.168.34.52:35205
	at sun.nio.ch.SocketChannelImpl.checkConnect(Native Method)
	at sun.nio.ch.SocketChannelImpl.finishConnect(SocketChannelImpl.java:717)
	at org.apache.ratis.thirdparty.io.netty.channel.socket.nio.NioSocketChannel.doFinishConnect(NioSocketChannel.java:327)
	at org.apache.ratis.thirdparty.io.netty.channel.nio.AbstractNioChannel$AbstractNioUnsafe.finishConnect(AbstractNioChannel.java:340)
	at org.apache.ratis.thirdparty.io.netty.channel.nio.NioEventLoop.processSelectedKey(NioEventLoop.java:632)
	at org.apache.ratis.thirdparty.io.netty.channel.nio.NioEventLoop.processSelectedKeysOptimized(NioEventLoop.java:579)
	at org.apache.ratis.thirdparty.io.netty.channel.nio.NioEventLoop.processSelectedKeys(NioEventLoop.java:496)
	at org.apache.ratis.thirdparty.io.netty.channel.nio.NioEventLoop.run(NioEventLoop.java:458)
	at org.apache.ratis.thirdparty.io.netty.util.concurrent.SingleThreadEventExecutor$5.run(SingleThreadEventExecutor.java:897)
	at org.apache.ratis.thirdparty.io.netty.util.concurrent.FastThreadLocalRunnable.run(FastThreadLocalRunnable.java:30)
	... 1 more
Caused by: java.net.ConnectException: Connection refused
	... 11 more
2019-09-12 06:40:22,596 [760f3a61-bfa2-4d4e-85d8-817950efb624@group-B034F0427A69:LeaderElection32] INFO  impl.LeaderElection (LogUtils.java:infoOrTrace(149)) -   Exception 1: {}
java.util.concurrent.ExecutionException: org.apache.ratis.thirdparty.io.grpc.StatusRuntimeException: UNAVAILABLE: io exception
	at java.util.concurrent.FutureTask.report(FutureTask.java:122)
	at java.util.concurrent.FutureTask.get(FutureTask.java:192)
	at org.apache.ratis.server.impl.LeaderElection.waitForResults(LeaderElection.java:263)
	at org.apache.ratis.server.impl.LeaderElection.askForVotes(LeaderElection.java:201)
	at org.apache.ratis.server.impl.LeaderElection.run(LeaderElection.java:133)
	at java.lang.Thread.run(Thread.java:748)
Caused by: org.apache.ratis.thirdparty.io.grpc.StatusRuntimeException: UNAVAILABLE: io exception
	at org.apache.ratis.thirdparty.io.grpc.stub.ClientCalls.toStatusRuntimeException(ClientCalls.java:233)
	at org.apache.ratis.thirdparty.io.grpc.stub.ClientCalls.getUnchecked(ClientCalls.java:214)
	at org.apache.ratis.thirdparty.io.grpc.stub.ClientCalls.blockingUnaryCall(ClientCalls.java:139)
	at org.apache.ratis.proto.grpc.RaftServerProtocolServiceGrpc$RaftServerProtocolServiceBlockingStub.requestVote(RaftServerProtocolServiceGrpc.java:265)
	at org.apache.ratis.grpc.server.GrpcServerProtocolClient.requestVote(GrpcServerProtocolClient.java:90)
	at org.apache.ratis.grpc.server.GrpcService.requestVote(GrpcService.java:204)
	at org.apache.ratis.server.impl.LeaderElection.lambda$submitRequests$1(LeaderElection.java:238)
	at java.util.concurrent.FutureTask.run(FutureTask.java:266)
	at java.util.concurrent.Executors$RunnableAdapter.call(Executors.java:511)
	at java.util.concurrent.FutureTask.run(FutureTask.java:266)
	at java.util.concurrent.ThreadPoolExecutor.runWorker(ThreadPoolExecutor.java:1149)
	at java.util.concurrent.ThreadPoolExecutor$Worker.run(ThreadPoolExecutor.java:624)
	... 1 more
Caused by: org.apache.ratis.thirdparty.io.netty.channel.AbstractChannel$AnnotatedConnectException: Connection refused: /192.168.34.52:38245
	at sun.nio.ch.SocketChannelImpl.checkConnect(Native Method)
	at sun.nio.ch.SocketChannelImpl.finishConnect(SocketChannelImpl.java:717)
	at org.apache.ratis.thirdparty.io.netty.channel.socket.nio.NioSocketChannel.doFinishConnect(NioSocketChannel.java:327)
	at org.apache.ratis.thirdparty.io.netty.channel.nio.AbstractNioChannel$AbstractNioUnsafe.finishConnect(AbstractNioChannel.java:340)
	at org.apache.ratis.thirdparty.io.netty.channel.nio.NioEventLoop.processSelectedKey(NioEventLoop.java:632)
	at org.apache.ratis.thirdparty.io.netty.channel.nio.NioEventLoop.processSelectedKeysOptimized(NioEventLoop.java:579)
	at org.apache.ratis.thirdparty.io.netty.channel.nio.NioEventLoop.processSelectedKeys(NioEventLoop.java:496)
	at org.apache.ratis.thirdparty.io.netty.channel.nio.NioEventLoop.run(NioEventLoop.java:458)
	at org.apache.ratis.thirdparty.io.netty.util.concurrent.SingleThreadEventExecutor$5.run(SingleThreadEventExecutor.java:897)
	at org.apache.ratis.thirdparty.io.netty.util.concurrent.FastThreadLocalRunnable.run(FastThreadLocalRunnable.java:30)
	... 1 more
Caused by: java.net.ConnectException: Connection refused
	... 11 more
2019-09-12 06:40:22,597 [760f3a61-bfa2-4d4e-85d8-817950efb624@group-B034F0427A69:LeaderElection32] INFO  impl.RaftServerImpl (RaftServerImpl.java:setRole(174)) - 760f3a61-bfa2-4d4e-85d8-817950efb624@group-B034F0427A69: changes role from CANDIDATE to FOLLOWER at term 10 for DISCOVERED_A_NEW_TERM
2019-09-12 06:40:22,597 [760f3a61-bfa2-4d4e-85d8-817950efb624@group-B034F0427A69:LeaderElection32] INFO  impl.RoleInfo (RoleInfo.java:shutdownLeaderElection(134)) - 760f3a61-bfa2-4d4e-85d8-817950efb624: shutdown LeaderElection
2019-09-12 06:40:22,597 [760f3a61-bfa2-4d4e-85d8-817950efb624@group-B034F0427A69:LeaderElection32] INFO  impl.RoleInfo (RoleInfo.java:updateAndGet(143)) - 760f3a61-bfa2-4d4e-85d8-817950efb624: start FollowerState
2019-09-12 06:40:22,795 [java.util.concurrent.ThreadPoolExecutor$Worker@6586fa4d[State = -1, empty queue]] WARN  server.GrpcLogAppender (GrpcLogAppender.java:timeoutAppendRequest(200)) - 5ecf13a7-acad-498a-ad7b-6f285dbc97e2@group-C5E42DFE1AE1->996a256c-fd43-494a-96f3-903b907c5248-GrpcLogAppender: appendEntries Timeout, request=5ecf13a7-acad-498a-ad7b-6f285dbc97e2->996a256c-fd43-494a-96f3-903b907c5248#139-t2, previous=(t:2, i:20), leaderCommit=16, initializing? false, entries: <empty>
2019-09-12 06:40:22,795 [java.util.concurrent.ThreadPoolExecutor$Worker@3e497bcb[State = -1, empty queue]] WARN  server.GrpcLogAppender (GrpcLogAppender.java:timeoutAppendRequest(200)) - 5ecf13a7-acad-498a-ad7b-6f285dbc97e2@group-C5E42DFE1AE1->e1cdc330-b298-4f7e-9f8c-e697349a5e69-GrpcLogAppender: appendEntries Timeout, request=5ecf13a7-acad-498a-ad7b-6f285dbc97e2->e1cdc330-b298-4f7e-9f8c-e697349a5e69#139-t2, previous=(t:2, i:20), leaderCommit=16, initializing? false, entries: <empty>
2019-09-12 06:40:23,005 [java.util.concurrent.ThreadPoolExecutor$Worker@24fb95e3[State = -1, empty queue]] WARN  server.GrpcLogAppender (GrpcLogAppender.java:timeoutAppendRequest(200)) - 24c53ee4-03df-424b-8e99-1fd221f7be60@group-3C3ABBECBF4F->3ae969e4-2e35-40bf-9e0e-95acae9da5a5-GrpcLogAppender: appendEntries Timeout, request=24c53ee4-03df-424b-8e99-1fd221f7be60->3ae969e4-2e35-40bf-9e0e-95acae9da5a5#140-t2, previous=(t:2, i:20), leaderCommit=16, initializing? false, entries: <empty>
2019-09-12 06:40:23,005 [java.util.concurrent.ThreadPoolExecutor$Worker@7bd075af[State = -1, empty queue]] WARN  server.GrpcLogAppender (GrpcLogAppender.java:timeoutAppendRequest(200)) - 24c53ee4-03df-424b-8e99-1fd221f7be60@group-3C3ABBECBF4F->d503967e-137a-4fd9-bc45-44203e981a69-GrpcLogAppender: appendEntries Timeout, request=24c53ee4-03df-424b-8e99-1fd221f7be60->d503967e-137a-4fd9-bc45-44203e981a69#140-t2, previous=(t:2, i:20), leaderCommit=16, initializing? false, entries: <empty>
2019-09-12 06:40:23,295 [java.util.concurrent.ThreadPoolExecutor$Worker@3e497bcb[State = -1, empty queue]] WARN  server.GrpcLogAppender (GrpcLogAppender.java:timeoutAppendRequest(200)) - 5ecf13a7-acad-498a-ad7b-6f285dbc97e2@group-C5E42DFE1AE1->e1cdc330-b298-4f7e-9f8c-e697349a5e69-GrpcLogAppender: appendEntries Timeout, request=5ecf13a7-acad-498a-ad7b-6f285dbc97e2->e1cdc330-b298-4f7e-9f8c-e697349a5e69#140-t2, previous=(t:2, i:20), leaderCommit=16, initializing? false, entries: <empty>
2019-09-12 06:40:23,295 [java.util.concurrent.ThreadPoolExecutor$Worker@6586fa4d[State = -1, empty queue]] WARN  server.GrpcLogAppender (GrpcLogAppender.java:timeoutAppendRequest(200)) - 5ecf13a7-acad-498a-ad7b-6f285dbc97e2@group-C5E42DFE1AE1->996a256c-fd43-494a-96f3-903b907c5248-GrpcLogAppender: appendEntries Timeout, request=5ecf13a7-acad-498a-ad7b-6f285dbc97e2->996a256c-fd43-494a-96f3-903b907c5248#140-t2, previous=(t:2, i:20), leaderCommit=16, initializing? false, entries: <empty>
2019-09-12 06:40:23,469 [grpc-default-executor-12] INFO  client.GrpcClientProtocolClient (GrpcClientProtocolClient.java:onNext(264)) - client-DEDF7BC23D58->760f3a61-bfa2-4d4e-85d8-817950efb624: receive RaftClientReply:client-DEDF7BC23D58->760f3a61-bfa2-4d4e-85d8-817950efb624@group-B034F0427A69, cid=64, FAILED org.apache.ratis.protocol.NotLeaderException: Server 760f3a61-bfa2-4d4e-85d8-817950efb624@group-B034F0427A69 is not the leader, logIndex=0, commits[760f3a61-bfa2-4d4e-85d8-817950efb624:c30, 9d685984-4448-42b4-b390-543822753f3a:c16, e48d04e8-2c1f-410d-8bfb-5a732d356112:c30]
2019-09-12 06:40:23,505 [java.util.concurrent.ThreadPoolExecutor$Worker@24fb95e3[State = -1, empty queue]] WARN  server.GrpcLogAppender (GrpcLogAppender.java:timeoutAppendRequest(200)) - 24c53ee4-03df-424b-8e99-1fd221f7be60@group-3C3ABBECBF4F->3ae969e4-2e35-40bf-9e0e-95acae9da5a5-GrpcLogAppender: appendEntries Timeout, request=24c53ee4-03df-424b-8e99-1fd221f7be60->3ae969e4-2e35-40bf-9e0e-95acae9da5a5#141-t2, previous=(t:2, i:20), leaderCommit=16, initializing? false, entries: <empty>
2019-09-12 06:40:23,505 [java.util.concurrent.ThreadPoolExecutor$Worker@7bd075af[State = -1, empty queue]] WARN  server.GrpcLogAppender (GrpcLogAppender.java:timeoutAppendRequest(200)) - 24c53ee4-03df-424b-8e99-1fd221f7be60@group-3C3ABBECBF4F->d503967e-137a-4fd9-bc45-44203e981a69-GrpcLogAppender: appendEntries Timeout, request=24c53ee4-03df-424b-8e99-1fd221f7be60->d503967e-137a-4fd9-bc45-44203e981a69#141-t2, previous=(t:2, i:20), leaderCommit=16, initializing? false, entries: <empty>
2019-09-12 06:40:23,748 [Thread-1372] INFO  impl.FollowerState (FollowerState.java:run(106)) - 760f3a61-bfa2-4d4e-85d8-817950efb624:group-B034F0427A69 changes to CANDIDATE, lastRpcTime:1151, electionTimeout:1151ms
2019-09-12 06:40:23,749 [Thread-1372] INFO  impl.RoleInfo (RoleInfo.java:shutdownFollowerState(121)) - 760f3a61-bfa2-4d4e-85d8-817950efb624: shutdown FollowerState
2019-09-12 06:40:23,749 [Thread-1372] INFO  impl.RaftServerImpl (RaftServerImpl.java:setRole(174)) - 760f3a61-bfa2-4d4e-85d8-817950efb624@group-B034F0427A69: changes role from  FOLLOWER to CANDIDATE at term 10 for changeToCandidate
2019-09-12 06:40:23,749 [Thread-1372] INFO  impl.RoleInfo (RoleInfo.java:updateAndGet(143)) - 760f3a61-bfa2-4d4e-85d8-817950efb624: start LeaderElection
2019-09-12 06:40:23,767 [760f3a61-bfa2-4d4e-85d8-817950efb624@group-B034F0427A69:LeaderElection33] INFO  impl.LeaderElection (LeaderElection.java:askForVotes(182)) - 760f3a61-bfa2-4d4e-85d8-817950efb624@group-B034F0427A69:LeaderElection33: begin an election at term 11 for 17: [760f3a61-bfa2-4d4e-85d8-817950efb624:192.168.34.52:44136, 9d685984-4448-42b4-b390-543822753f3a:192.168.34.52:35205, e48d04e8-2c1f-410d-8bfb-5a732d356112:192.168.34.52:38245], old=null
2019-09-12 06:40:23,768 [760f3a61-bfa2-4d4e-85d8-817950efb624@group-B034F0427A69:LeaderElection33] INFO  impl.LeaderElection (LogUtils.java:infoOrTrace(149)) - 760f3a61-bfa2-4d4e-85d8-817950efb624@group-B034F0427A69:LeaderElection33 got exception when requesting votes: {}
java.util.concurrent.ExecutionException: org.apache.ratis.thirdparty.io.grpc.StatusRuntimeException: UNAVAILABLE: io exception
	at java.util.concurrent.FutureTask.report(FutureTask.java:122)
	at java.util.concurrent.FutureTask.get(FutureTask.java:192)
	at org.apache.ratis.server.impl.LeaderElection.waitForResults(LeaderElection.java:263)
	at org.apache.ratis.server.impl.LeaderElection.askForVotes(LeaderElection.java:201)
	at org.apache.ratis.server.impl.LeaderElection.run(LeaderElection.java:133)
	at java.lang.Thread.run(Thread.java:748)
Caused by: org.apache.ratis.thirdparty.io.grpc.StatusRuntimeException: UNAVAILABLE: io exception
	at org.apache.ratis.thirdparty.io.grpc.stub.ClientCalls.toStatusRuntimeException(ClientCalls.java:233)
	at org.apache.ratis.thirdparty.io.grpc.stub.ClientCalls.getUnchecked(ClientCalls.java:214)
	at org.apache.ratis.thirdparty.io.grpc.stub.ClientCalls.blockingUnaryCall(ClientCalls.java:139)
	at org.apache.ratis.proto.grpc.RaftServerProtocolServiceGrpc$RaftServerProtocolServiceBlockingStub.requestVote(RaftServerProtocolServiceGrpc.java:265)
	at org.apache.ratis.grpc.server.GrpcServerProtocolClient.requestVote(GrpcServerProtocolClient.java:90)
	at org.apache.ratis.grpc.server.GrpcService.requestVote(GrpcService.java:204)
	at org.apache.ratis.server.impl.LeaderElection.lambda$submitRequests$1(LeaderElection.java:238)
	at java.util.concurrent.FutureTask.run(FutureTask.java:266)
	at java.util.concurrent.Executors$RunnableAdapter.call(Executors.java:511)
	at java.util.concurrent.FutureTask.run(FutureTask.java:266)
	at java.util.concurrent.ThreadPoolExecutor.runWorker(ThreadPoolExecutor.java:1149)
	at java.util.concurrent.ThreadPoolExecutor$Worker.run(ThreadPoolExecutor.java:624)
	... 1 more
Caused by: org.apache.ratis.thirdparty.io.netty.channel.AbstractChannel$AnnotatedConnectException: Connection refused: /192.168.34.52:38245
	at sun.nio.ch.SocketChannelImpl.checkConnect(Native Method)
	at sun.nio.ch.SocketChannelImpl.finishConnect(SocketChannelImpl.java:717)
	at org.apache.ratis.thirdparty.io.netty.channel.socket.nio.NioSocketChannel.doFinishConnect(NioSocketChannel.java:327)
	at org.apache.ratis.thirdparty.io.netty.channel.nio.AbstractNioChannel$AbstractNioUnsafe.finishConnect(AbstractNioChannel.java:340)
	at org.apache.ratis.thirdparty.io.netty.channel.nio.NioEventLoop.processSelectedKey(NioEventLoop.java:632)
	at org.apache.ratis.thirdparty.io.netty.channel.nio.NioEventLoop.processSelectedKeysOptimized(NioEventLoop.java:579)
	at org.apache.ratis.thirdparty.io.netty.channel.nio.NioEventLoop.processSelectedKeys(NioEventLoop.java:496)
	at org.apache.ratis.thirdparty.io.netty.channel.nio.NioEventLoop.run(NioEventLoop.java:458)
	at org.apache.ratis.thirdparty.io.netty.util.concurrent.SingleThreadEventExecutor$5.run(SingleThreadEventExecutor.java:897)
	at org.apache.ratis.thirdparty.io.netty.util.concurrent.FastThreadLocalRunnable.run(FastThreadLocalRunnable.java:30)
	... 1 more
Caused by: java.net.ConnectException: Connection refused
	... 11 more
2019-09-12 06:40:23,771 [760f3a61-bfa2-4d4e-85d8-817950efb624@group-B034F0427A69:LeaderElection33] INFO  impl.LeaderElection (LogUtils.java:infoOrTrace(149)) - 760f3a61-bfa2-4d4e-85d8-817950efb624@group-B034F0427A69:LeaderElection33 got exception when requesting votes: {}
java.util.concurrent.ExecutionException: org.apache.ratis.thirdparty.io.grpc.StatusRuntimeException: UNAVAILABLE: io exception
	at java.util.concurrent.FutureTask.report(FutureTask.java:122)
	at java.util.concurrent.FutureTask.get(FutureTask.java:192)
	at org.apache.ratis.server.impl.LeaderElection.waitForResults(LeaderElection.java:263)
	at org.apache.ratis.server.impl.LeaderElection.askForVotes(LeaderElection.java:201)
	at org.apache.ratis.server.impl.LeaderElection.run(LeaderElection.java:133)
	at java.lang.Thread.run(Thread.java:748)
Caused by: org.apache.ratis.thirdparty.io.grpc.StatusRuntimeException: UNAVAILABLE: io exception
	at org.apache.ratis.thirdparty.io.grpc.stub.ClientCalls.toStatusRuntimeException(ClientCalls.java:233)
	at org.apache.ratis.thirdparty.io.grpc.stub.ClientCalls.getUnchecked(ClientCalls.java:214)
	at org.apache.ratis.thirdparty.io.grpc.stub.ClientCalls.blockingUnaryCall(ClientCalls.java:139)
	at org.apache.ratis.proto.grpc.RaftServerProtocolServiceGrpc$RaftServerProtocolServiceBlockingStub.requestVote(RaftServerProtocolServiceGrpc.java:265)
	at org.apache.ratis.grpc.server.GrpcServerProtocolClient.requestVote(GrpcServerProtocolClient.java:90)
	at org.apache.ratis.grpc.server.GrpcService.requestVote(GrpcService.java:204)
	at org.apache.ratis.server.impl.LeaderElection.lambda$submitRequests$1(LeaderElection.java:238)
	at java.util.concurrent.FutureTask.run(FutureTask.java:266)
	at java.util.concurrent.Executors$RunnableAdapter.call(Executors.java:511)
	at java.util.concurrent.FutureTask.run(FutureTask.java:266)
	at java.util.concurrent.ThreadPoolExecutor.runWorker(ThreadPoolExecutor.java:1149)
	at java.util.concurrent.ThreadPoolExecutor$Worker.run(ThreadPoolExecutor.java:624)
	... 1 more
Caused by: org.apache.ratis.thirdparty.io.netty.channel.AbstractChannel$AnnotatedConnectException: Connection refused: /192.168.34.52:35205
	at sun.nio.ch.SocketChannelImpl.checkConnect(Native Method)
	at sun.nio.ch.SocketChannelImpl.finishConnect(SocketChannelImpl.java:717)
	at org.apache.ratis.thirdparty.io.netty.channel.socket.nio.NioSocketChannel.doFinishConnect(NioSocketChannel.java:327)
	at org.apache.ratis.thirdparty.io.netty.channel.nio.AbstractNioChannel$AbstractNioUnsafe.finishConnect(AbstractNioChannel.java:340)
	at org.apache.ratis.thirdparty.io.netty.channel.nio.NioEventLoop.processSelectedKey(NioEventLoop.java:632)
	at org.apache.ratis.thirdparty.io.netty.channel.nio.NioEventLoop.processSelectedKeysOptimized(NioEventLoop.java:579)
	at org.apache.ratis.thirdparty.io.netty.channel.nio.NioEventLoop.processSelectedKeys(NioEventLoop.java:496)
	at org.apache.ratis.thirdparty.io.netty.channel.nio.NioEventLoop.run(NioEventLoop.java:458)
	at org.apache.ratis.thirdparty.io.netty.util.concurrent.SingleThreadEventExecutor$5.run(SingleThreadEventExecutor.java:897)
	at org.apache.ratis.thirdparty.io.netty.util.concurrent.FastThreadLocalRunnable.run(FastThreadLocalRunnable.java:30)
	... 1 more
Caused by: java.net.ConnectException: Connection refused
	... 11 more
2019-09-12 06:40:23,774 [760f3a61-bfa2-4d4e-85d8-817950efb624@group-B034F0427A69:LeaderElection33] INFO  impl.LeaderElection (LeaderElection.java:logAndReturn(56)) - 760f3a61-bfa2-4d4e-85d8-817950efb624@group-B034F0427A69:LeaderElection33: Election REJECTED; received 0 response(s) [] and 2 exception(s); 760f3a61-bfa2-4d4e-85d8-817950efb624@group-B034F0427A69:t11, leader=null, voted=760f3a61-bfa2-4d4e-85d8-817950efb624, raftlog=760f3a61-bfa2-4d4e-85d8-817950efb624@group-B034F0427A69-SegmentedRaftLog:OPENED:c30,f30,i30, conf=17: [760f3a61-bfa2-4d4e-85d8-817950efb624:192.168.34.52:44136, 9d685984-4448-42b4-b390-543822753f3a:192.168.34.52:35205, e48d04e8-2c1f-410d-8bfb-5a732d356112:192.168.34.52:38245], old=null
2019-09-12 06:40:23,774 [760f3a61-bfa2-4d4e-85d8-817950efb624@group-B034F0427A69:LeaderElection33] INFO  impl.LeaderElection (LogUtils.java:infoOrTrace(149)) -   Exception 0: {}
java.util.concurrent.ExecutionException: org.apache.ratis.thirdparty.io.grpc.StatusRuntimeException: UNAVAILABLE: io exception
	at java.util.concurrent.FutureTask.report(FutureTask.java:122)
	at java.util.concurrent.FutureTask.get(FutureTask.java:192)
	at org.apache.ratis.server.impl.LeaderElection.waitForResults(LeaderElection.java:263)
	at org.apache.ratis.server.impl.LeaderElection.askForVotes(LeaderElection.java:201)
	at org.apache.ratis.server.impl.LeaderElection.run(LeaderElection.java:133)
	at java.lang.Thread.run(Thread.java:748)
Caused by: org.apache.ratis.thirdparty.io.grpc.StatusRuntimeException: UNAVAILABLE: io exception
	at org.apache.ratis.thirdparty.io.grpc.stub.ClientCalls.toStatusRuntimeException(ClientCalls.java:233)
	at org.apache.ratis.thirdparty.io.grpc.stub.ClientCalls.getUnchecked(ClientCalls.java:214)
	at org.apache.ratis.thirdparty.io.grpc.stub.ClientCalls.blockingUnaryCall(ClientCalls.java:139)
	at org.apache.ratis.proto.grpc.RaftServerProtocolServiceGrpc$RaftServerProtocolServiceBlockingStub.requestVote(RaftServerProtocolServiceGrpc.java:265)
	at org.apache.ratis.grpc.server.GrpcServerProtocolClient.requestVote(GrpcServerProtocolClient.java:90)
	at org.apache.ratis.grpc.server.GrpcService.requestVote(GrpcService.java:204)
	at org.apache.ratis.server.impl.LeaderElection.lambda$submitRequests$1(LeaderElection.java:238)
	at java.util.concurrent.FutureTask.run(FutureTask.java:266)
	at java.util.concurrent.Executors$RunnableAdapter.call(Executors.java:511)
	at java.util.concurrent.FutureTask.run(FutureTask.java:266)
	at java.util.concurrent.ThreadPoolExecutor.runWorker(ThreadPoolExecutor.java:1149)
	at java.util.concurrent.ThreadPoolExecutor$Worker.run(ThreadPoolExecutor.java:624)
	... 1 more
Caused by: org.apache.ratis.thirdparty.io.netty.channel.AbstractChannel$AnnotatedConnectException: Connection refused: /192.168.34.52:38245
	at sun.nio.ch.SocketChannelImpl.checkConnect(Native Method)
	at sun.nio.ch.SocketChannelImpl.finishConnect(SocketChannelImpl.java:717)
	at org.apache.ratis.thirdparty.io.netty.channel.socket.nio.NioSocketChannel.doFinishConnect(NioSocketChannel.java:327)
	at org.apache.ratis.thirdparty.io.netty.channel.nio.AbstractNioChannel$AbstractNioUnsafe.finishConnect(AbstractNioChannel.java:340)
	at org.apache.ratis.thirdparty.io.netty.channel.nio.NioEventLoop.processSelectedKey(NioEventLoop.java:632)
	at org.apache.ratis.thirdparty.io.netty.channel.nio.NioEventLoop.processSelectedKeysOptimized(NioEventLoop.java:579)
	at org.apache.ratis.thirdparty.io.netty.channel.nio.NioEventLoop.processSelectedKeys(NioEventLoop.java:496)
	at org.apache.ratis.thirdparty.io.netty.channel.nio.NioEventLoop.run(NioEventLoop.java:458)
	at org.apache.ratis.thirdparty.io.netty.util.concurrent.SingleThreadEventExecutor$5.run(SingleThreadEventExecutor.java:897)
	at org.apache.ratis.thirdparty.io.netty.util.concurrent.FastThreadLocalRunnable.run(FastThreadLocalRunnable.java:30)
	... 1 more
Caused by: java.net.ConnectException: Connection refused
	... 11 more
2019-09-12 06:40:23,775 [760f3a61-bfa2-4d4e-85d8-817950efb624@group-B034F0427A69:LeaderElection33] INFO  impl.LeaderElection (LogUtils.java:infoOrTrace(149)) -   Exception 1: {}
java.util.concurrent.ExecutionException: org.apache.ratis.thirdparty.io.grpc.StatusRuntimeException: UNAVAILABLE: io exception
	at java.util.concurrent.FutureTask.report(FutureTask.java:122)
	at java.util.concurrent.FutureTask.get(FutureTask.java:192)
	at org.apache.ratis.server.impl.LeaderElection.waitForResults(LeaderElection.java:263)
	at org.apache.ratis.server.impl.LeaderElection.askForVotes(LeaderElection.java:201)
	at org.apache.ratis.server.impl.LeaderElection.run(LeaderElection.java:133)
	at java.lang.Thread.run(Thread.java:748)
Caused by: org.apache.ratis.thirdparty.io.grpc.StatusRuntimeException: UNAVAILABLE: io exception
	at org.apache.ratis.thirdparty.io.grpc.stub.ClientCalls.toStatusRuntimeException(ClientCalls.java:233)
	at org.apache.ratis.thirdparty.io.grpc.stub.ClientCalls.getUnchecked(ClientCalls.java:214)
	at org.apache.ratis.thirdparty.io.grpc.stub.ClientCalls.blockingUnaryCall(ClientCalls.java:139)
	at org.apache.ratis.proto.grpc.RaftServerProtocolServiceGrpc$RaftServerProtocolServiceBlockingStub.requestVote(RaftServerProtocolServiceGrpc.java:265)
	at org.apache.ratis.grpc.server.GrpcServerProtocolClient.requestVote(GrpcServerProtocolClient.java:90)
	at org.apache.ratis.grpc.server.GrpcService.requestVote(GrpcService.java:204)
	at org.apache.ratis.server.impl.LeaderElection.lambda$submitRequests$1(LeaderElection.java:238)
	at java.util.concurrent.FutureTask.run(FutureTask.java:266)
	at java.util.concurrent.Executors$RunnableAdapter.call(Executors.java:511)
	at java.util.concurrent.FutureTask.run(FutureTask.java:266)
	at java.util.concurrent.ThreadPoolExecutor.runWorker(ThreadPoolExecutor.java:1149)
	at java.util.concurrent.ThreadPoolExecutor$Worker.run(ThreadPoolExecutor.java:624)
	... 1 more
Caused by: org.apache.ratis.thirdparty.io.netty.channel.AbstractChannel$AnnotatedConnectException: Connection refused: /192.168.34.52:35205
	at sun.nio.ch.SocketChannelImpl.checkConnect(Native Method)
	at sun.nio.ch.SocketChannelImpl.finishConnect(SocketChannelImpl.java:717)
	at org.apache.ratis.thirdparty.io.netty.channel.socket.nio.NioSocketChannel.doFinishConnect(NioSocketChannel.java:327)
	at org.apache.ratis.thirdparty.io.netty.channel.nio.AbstractNioChannel$AbstractNioUnsafe.finishConnect(AbstractNioChannel.java:340)
	at org.apache.ratis.thirdparty.io.netty.channel.nio.NioEventLoop.processSelectedKey(NioEventLoop.java:632)
	at org.apache.ratis.thirdparty.io.netty.channel.nio.NioEventLoop.processSelectedKeysOptimized(NioEventLoop.java:579)
	at org.apache.ratis.thirdparty.io.netty.channel.nio.NioEventLoop.processSelectedKeys(NioEventLoop.java:496)
	at org.apache.ratis.thirdparty.io.netty.channel.nio.NioEventLoop.run(NioEventLoop.java:458)
	at org.apache.ratis.thirdparty.io.netty.util.concurrent.SingleThreadEventExecutor$5.run(SingleThreadEventExecutor.java:897)
	at org.apache.ratis.thirdparty.io.netty.util.concurrent.FastThreadLocalRunnable.run(FastThreadLocalRunnable.java:30)
	... 1 more
Caused by: java.net.ConnectException: Connection refused
	... 11 more
2019-09-12 06:40:23,775 [760f3a61-bfa2-4d4e-85d8-817950efb624@group-B034F0427A69:LeaderElection33] INFO  impl.RaftServerImpl (RaftServerImpl.java:setRole(174)) - 760f3a61-bfa2-4d4e-85d8-817950efb624@group-B034F0427A69: changes role from CANDIDATE to FOLLOWER at term 11 for DISCOVERED_A_NEW_TERM
2019-09-12 06:40:23,775 [760f3a61-bfa2-4d4e-85d8-817950efb624@group-B034F0427A69:LeaderElection33] INFO  impl.RoleInfo (RoleInfo.java:shutdownLeaderElection(134)) - 760f3a61-bfa2-4d4e-85d8-817950efb624: shutdown LeaderElection
2019-09-12 06:40:23,776 [760f3a61-bfa2-4d4e-85d8-817950efb624@group-B034F0427A69:LeaderElection33] INFO  impl.RoleInfo (RoleInfo.java:updateAndGet(143)) - 760f3a61-bfa2-4d4e-85d8-817950efb624: start FollowerState
2019-09-12 06:40:23,795 [java.util.concurrent.ThreadPoolExecutor$Worker@6586fa4d[State = -1, empty queue]] WARN  server.GrpcLogAppender (GrpcLogAppender.java:timeoutAppendRequest(200)) - 5ecf13a7-acad-498a-ad7b-6f285dbc97e2@group-C5E42DFE1AE1->996a256c-fd43-494a-96f3-903b907c5248-GrpcLogAppender: appendEntries Timeout, request=5ecf13a7-acad-498a-ad7b-6f285dbc97e2->996a256c-fd43-494a-96f3-903b907c5248#141-t2, previous=(t:2, i:20), leaderCommit=16, initializing? false, entries: <empty>
2019-09-12 06:40:23,795 [java.util.concurrent.ThreadPoolExecutor$Worker@3e497bcb[State = -1, empty queue]] WARN  server.GrpcLogAppender (GrpcLogAppender.java:timeoutAppendRequest(200)) - 5ecf13a7-acad-498a-ad7b-6f285dbc97e2@group-C5E42DFE1AE1->e1cdc330-b298-4f7e-9f8c-e697349a5e69-GrpcLogAppender: appendEntries Timeout, request=5ecf13a7-acad-498a-ad7b-6f285dbc97e2->e1cdc330-b298-4f7e-9f8c-e697349a5e69#141-t2, previous=(t:2, i:20), leaderCommit=16, initializing? false, entries: <empty>
2019-09-12 06:40:24,006 [java.util.concurrent.ThreadPoolExecutor$Worker@7bd075af[State = -1, empty queue]] WARN  server.GrpcLogAppender (GrpcLogAppender.java:timeoutAppendRequest(200)) - 24c53ee4-03df-424b-8e99-1fd221f7be60@group-3C3ABBECBF4F->d503967e-137a-4fd9-bc45-44203e981a69-GrpcLogAppender: appendEntries Timeout, request=24c53ee4-03df-424b-8e99-1fd221f7be60->d503967e-137a-4fd9-bc45-44203e981a69#142-t2, previous=(t:2, i:20), leaderCommit=16, initializing? false, entries: <empty>
2019-09-12 06:40:24,006 [java.util.concurrent.ThreadPoolExecutor$Worker@24fb95e3[State = -1, empty queue]] WARN  server.GrpcLogAppender (GrpcLogAppender.java:timeoutAppendRequest(200)) - 24c53ee4-03df-424b-8e99-1fd221f7be60@group-3C3ABBECBF4F->3ae969e4-2e35-40bf-9e0e-95acae9da5a5-GrpcLogAppender: appendEntries Timeout, request=24c53ee4-03df-424b-8e99-1fd221f7be60->3ae969e4-2e35-40bf-9e0e-95acae9da5a5#142-t2, previous=(t:2, i:20), leaderCommit=16, initializing? false, entries: <empty>
2019-09-12 06:40:24,295 [java.util.concurrent.ThreadPoolExecutor$Worker@6586fa4d[State = -1, empty queue]] WARN  server.GrpcLogAppender (GrpcLogAppender.java:timeoutAppendRequest(200)) - 5ecf13a7-acad-498a-ad7b-6f285dbc97e2@group-C5E42DFE1AE1->996a256c-fd43-494a-96f3-903b907c5248-GrpcLogAppender: appendEntries Timeout, request=5ecf13a7-acad-498a-ad7b-6f285dbc97e2->996a256c-fd43-494a-96f3-903b907c5248#142-t2, previous=(t:2, i:20), leaderCommit=16, initializing? false, entries: <empty>
2019-09-12 06:40:24,295 [java.util.concurrent.ThreadPoolExecutor$Worker@3e497bcb[State = -1, empty queue]] WARN  server.GrpcLogAppender (GrpcLogAppender.java:timeoutAppendRequest(200)) - 5ecf13a7-acad-498a-ad7b-6f285dbc97e2@group-C5E42DFE1AE1->e1cdc330-b298-4f7e-9f8c-e697349a5e69-GrpcLogAppender: appendEntries Timeout, request=5ecf13a7-acad-498a-ad7b-6f285dbc97e2->e1cdc330-b298-4f7e-9f8c-e697349a5e69#142-t2, previous=(t:2, i:20), leaderCommit=16, initializing? false, entries: <empty>
2019-09-12 06:40:24,506 [java.util.concurrent.ThreadPoolExecutor$Worker@24fb95e3[State = -1, empty queue]] WARN  server.GrpcLogAppender (GrpcLogAppender.java:timeoutAppendRequest(200)) - 24c53ee4-03df-424b-8e99-1fd221f7be60@group-3C3ABBECBF4F->3ae969e4-2e35-40bf-9e0e-95acae9da5a5-GrpcLogAppender: appendEntries Timeout, request=24c53ee4-03df-424b-8e99-1fd221f7be60->3ae969e4-2e35-40bf-9e0e-95acae9da5a5#143-t2, previous=(t:2, i:20), leaderCommit=16, initializing? false, entries: <empty>
2019-09-12 06:40:24,506 [main] WARN  io.KeyOutputStream (KeyOutputStream.java:handleException(276)) - Encountered exception java.io.IOException: Unexpected Storage Container Exception: java.util.concurrent.CompletionException: java.util.concurrent.CompletionException: org.apache.ratis.protocol.RaftRetryFailureException: Failed RaftClientRequest:client-DEDF7BC23D58->9d685984-4448-42b4-b390-543822753f3a@group-B034F0427A69, cid=64, seq=7*, RW, org.apache.hadoop.hdds.scm.XceiverClientRatis$$Lambda$453/518159731@713a898c for 10 attempts with RetryLimited(maxAttempts=10, sleepTime=1000ms) on the pipeline Pipeline[ Id: 0a74ecfd-3b1d-4619-a0a9-b034f0427a69, Nodes: 9d685984-4448-42b4-b390-543822753f3a{ip: 192.168.34.52, host: trunk-nightly-20190912-4gc2t-2068889165, networkLocation: /default-rack, certSerialId: null}e48d04e8-2c1f-410d-8bfb-5a732d356112{ip: 192.168.34.52, host: trunk-nightly-20190912-4gc2t-2068889165, networkLocation: /default-rack, certSerialId: null}760f3a61-bfa2-4d4e-85d8-817950efb624{ip: 192.168.34.52, host: trunk-nightly-20190912-4gc2t-2068889165, networkLocation: /default-rack, certSerialId: null}, Type:RATIS, Factor:THREE, State:OPEN]. The last committed block length is 2097152, uncommitted data length is 2097152 retry count 0
2019-09-12 06:40:24,506 [java.util.concurrent.ThreadPoolExecutor$Worker@7bd075af[State = -1, empty queue]] WARN  server.GrpcLogAppender (GrpcLogAppender.java:timeoutAppendRequest(200)) - 24c53ee4-03df-424b-8e99-1fd221f7be60@group-3C3ABBECBF4F->d503967e-137a-4fd9-bc45-44203e981a69-GrpcLogAppender: appendEntries Timeout, request=24c53ee4-03df-424b-8e99-1fd221f7be60->d503967e-137a-4fd9-bc45-44203e981a69#143-t2, previous=(t:2, i:20), leaderCommit=16, initializing? false, entries: <empty>
2019-09-12 06:40:24,542 [IPC Server handler 2 on 35485] WARN  block.BlockManagerImpl (BlockManagerImpl.java:allocateBlock(192)) - Pipeline creation failed for type:RATIS factor:THREE. Retrying get pipelines call once.
org.apache.hadoop.hdds.scm.pipeline.InsufficientDatanodesException: Cannot create pipeline of factor 3 using 1 nodes.
	at org.apache.hadoop.hdds.scm.pipeline.RatisPipelineProvider.create(RatisPipelineProvider.java:152)
	at org.apache.hadoop.hdds.scm.pipeline.PipelineFactory.create(PipelineFactory.java:57)
	at org.apache.hadoop.hdds.scm.pipeline.SCMPipelineManager.createPipeline(SCMPipelineManager.java:151)
	at org.apache.hadoop.hdds.scm.block.BlockManagerImpl.allocateBlock(BlockManagerImpl.java:190)
	at org.apache.hadoop.hdds.scm.server.SCMBlockProtocolServer.allocateBlock(SCMBlockProtocolServer.java:182)
	at org.apache.hadoop.ozone.protocolPB.ScmBlockLocationProtocolServerSideTranslatorPB.allocateScmBlock(ScmBlockLocationProtocolServerSideTranslatorPB.java:183)
	at org.apache.hadoop.ozone.protocolPB.ScmBlockLocationProtocolServerSideTranslatorPB.processMessage(ScmBlockLocationProtocolServerSideTranslatorPB.java:141)
	at org.apache.hadoop.ozone.protocolPB.ScmBlockLocationProtocolServerSideTranslatorPB.send(ScmBlockLocationProtocolServerSideTranslatorPB.java:116)
	at org.apache.hadoop.hdds.protocol.proto.ScmBlockLocationProtocolProtos$ScmBlockLocationProtocolService$2.callBlockingMethod(ScmBlockLocationProtocolProtos.java:13157)
	at org.apache.hadoop.ipc.ProtobufRpcEngine$Server$ProtoBufRpcInvoker.call(ProtobufRpcEngine.java:524)
	at org.apache.hadoop.ipc.RPC$Server.call(RPC.java:1025)
	at org.apache.hadoop.ipc.Server$RpcCall.run(Server.java:876)
	at org.apache.hadoop.ipc.Server$RpcCall.run(Server.java:822)
	at java.security.AccessController.doPrivileged(Native Method)
	at javax.security.auth.Subject.doAs(Subject.java:422)
	at org.apache.hadoop.security.UserGroupInformation.doAs(UserGroupInformation.java:1730)
	at org.apache.hadoop.ipc.Server$Handler.run(Server.java:2682)
2019-09-12 06:40:24,543 [IPC Server handler 2 on 35485] INFO  block.BlockManagerImpl (BlockManagerImpl.java:allocateBlock(198)) - Could not find available pipeline of type:RATIS and factor:THREE even after retrying
2019-09-12 06:40:24,544 [IPC Server handler 2 on 35485] ERROR block.BlockManagerImpl (BlockManagerImpl.java:allocateBlock(222)) - Unable to allocate a block for the size: 4194304, type: RATIS, factor: THREE
2019-09-12 06:40:24,552 [main] ERROR io.BlockOutputStreamEntryPool (BlockOutputStreamEntryPool.java:allocateBlockIfNeeded(299)) - Try to allocate more blocks for write failed, already allocated 0 blocks for this write.
INTERNAL_ERROR org.apache.hadoop.ozone.om.exceptions.OMException: Allocated 0 blocks. Requested 1 blocks
	at org.apache.hadoop.ozone.om.protocolPB.OzoneManagerProtocolClientSideTranslatorPB.handleError(OzoneManagerProtocolClientSideTranslatorPB.java:724)
	at org.apache.hadoop.ozone.om.protocolPB.OzoneManagerProtocolClientSideTranslatorPB.allocateBlock(OzoneManagerProtocolClientSideTranslatorPB.java:756)
	at sun.reflect.NativeMethodAccessorImpl.invoke0(Native Method)
	at sun.reflect.NativeMethodAccessorImpl.invoke(NativeMethodAccessorImpl.java:62)
	at sun.reflect.DelegatingMethodAccessorImpl.invoke(DelegatingMethodAccessorImpl.java:43)
	at java.lang.reflect.Method.invoke(Method.java:498)
	at org.apache.hadoop.hdds.tracing.TraceAllMethod.invoke(TraceAllMethod.java:66)
	at com.sun.proxy.$Proxy36.allocateBlock(Unknown Source)
	at org.apache.hadoop.ozone.client.io.BlockOutputStreamEntryPool.allocateNewBlock(BlockOutputStreamEntryPool.java:248)
	at org.apache.hadoop.ozone.client.io.BlockOutputStreamEntryPool.allocateBlockIfNeeded(BlockOutputStreamEntryPool.java:296)
	at org.apache.hadoop.ozone.client.io.KeyOutputStream.handleWrite(KeyOutputStream.java:201)
	at org.apache.hadoop.ozone.client.io.KeyOutputStream.handleRetry(KeyOutputStream.java:376)
	at org.apache.hadoop.ozone.client.io.KeyOutputStream.handleException(KeyOutputStream.java:325)
	at org.apache.hadoop.ozone.client.io.KeyOutputStream.handleWrite(KeyOutputStream.java:231)
	at org.apache.hadoop.ozone.client.io.KeyOutputStream.write(KeyOutputStream.java:193)
	at org.apache.hadoop.ozone.client.io.OzoneOutputStream.write(OzoneOutputStream.java:49)
	at java.io.OutputStream.write(OutputStream.java:75)
	at org.apache.hadoop.ozone.client.rpc.TestMultiBlockWritesWithDnFailures.testMultiBlockWritesWithIntermittentDnFailures(TestMultiBlockWritesWithDnFailures.java:196)
	at sun.reflect.NativeMethodAccessorImpl.invoke0(Native Method)
	at sun.reflect.NativeMethodAccessorImpl.invoke(NativeMethodAccessorImpl.java:62)
	at sun.reflect.DelegatingMethodAccessorImpl.invoke(DelegatingMethodAccessorImpl.java:43)
	at java.lang.reflect.Method.invoke(Method.java:498)
	at org.junit.runners.model.FrameworkMethod$1.runReflectiveCall(FrameworkMethod.java:47)
	at org.junit.internal.runners.model.ReflectiveCallable.run(ReflectiveCallable.java:12)
	at org.junit.runners.model.FrameworkMethod.invokeExplosively(FrameworkMethod.java:44)
	at org.junit.internal.runners.statements.InvokeMethod.evaluate(InvokeMethod.java:17)
	at org.junit.internal.runners.statements.RunAfters.evaluate(RunAfters.java:27)
	at org.junit.runners.ParentRunner.runLeaf(ParentRunner.java:271)
	at org.junit.runners.BlockJUnit4ClassRunner.runChild(BlockJUnit4ClassRunner.java:70)
	at org.junit.runners.BlockJUnit4ClassRunner.runChild(BlockJUnit4ClassRunner.java:50)
	at org.junit.runners.ParentRunner$3.run(ParentRunner.java:238)
	at org.junit.runners.ParentRunner$1.schedule(ParentRunner.java:63)
	at org.junit.runners.ParentRunner.runChildren(ParentRunner.java:236)
	at org.junit.runners.ParentRunner.access$000(ParentRunner.java:53)
	at org.junit.runners.ParentRunner$2.evaluate(ParentRunner.java:229)
	at org.junit.runners.ParentRunner.run(ParentRunner.java:309)
	at org.apache.maven.surefire.junit4.JUnit4Provider.execute(JUnit4Provider.java:365)
	at org.apache.maven.surefire.junit4.JUnit4Provider.executeWithRerun(JUnit4Provider.java:273)
	at org.apache.maven.surefire.junit4.JUnit4Provider.executeTestSet(JUnit4Provider.java:238)
	at org.apache.maven.surefire.junit4.JUnit4Provider.invoke(JUnit4Provider.java:159)
	at org.apache.maven.surefire.booter.ForkedBooter.invokeProviderInSameClassLoader(ForkedBooter.java:384)
	at org.apache.maven.surefire.booter.ForkedBooter.runSuitesInProcess(ForkedBooter.java:345)
	at org.apache.maven.surefire.booter.ForkedBooter.execute(ForkedBooter.java:126)
	at org.apache.maven.surefire.booter.ForkedBooter.main(ForkedBooter.java:418)
2019-09-12 06:40:24,553 [main] INFO  ozone.MiniOzoneClusterImpl (MiniOzoneClusterImpl.java:shutdown(307)) - Shutting down the Mini Ozone Cluster
2019-09-12 06:40:24,554 [main] INFO  ozone.MiniOzoneClusterImpl (MiniOzoneClusterImpl.java:stop(322)) - Stopping the Mini Ozone Cluster
2019-09-12 06:40:24,554 [main] INFO  ozone.MiniOzoneClusterImpl (MiniOzoneClusterImpl.java:stop(324)) - Stopping the OzoneManager
2019-09-12 06:40:24,555 [main] INFO  ipc.Server (Server.java:stop(3082)) - Stopping server on 37697
2019-09-12 06:40:24,575 [IPC Server listener on 37697] INFO  ipc.Server (Server.java:run(1185)) - Stopping IPC Server listener on 37697
2019-09-12 06:40:24,577 [main] INFO  ratis.OzoneManagerDoubleBuffer (OzoneManagerDoubleBuffer.java:stop(248)) - Stopping OMDoubleBuffer flush thread
2019-09-12 06:40:24,579 [IPC Server Responder] INFO  ipc.Server (Server.java:run(1319)) - Stopping IPC Server Responder
2019-09-12 06:40:24,583 [OMDoubleBufferFlushThread] INFO  ratis.OzoneManagerDoubleBuffer (OzoneManagerDoubleBuffer.java:flushTransactions(191)) - OMDoubleBuffer flush thread OMDoubleBufferFlushThread is interrupted and will exit. OMDoubleBufferFlushThread
2019-09-12 06:40:24,592 [main] INFO  utils.BackgroundService (BackgroundService.java:shutdown(148)) - Shutting down service KeyDeletingService
2019-09-12 06:40:24,614 [main] INFO  handler.ContextHandler (ContextHandler.java:doStop(910)) - Stopped o.e.j.w.WebAppContext@444548a0{/,null,UNAVAILABLE}{/ozoneManager}
2019-09-12 06:40:24,615 [main] INFO  server.AbstractConnector (AbstractConnector.java:doStop(318)) - Stopped ServerConnector@3766c667{HTTP/1.1,[http/1.1]}{0.0.0.0:0}
2019-09-12 06:40:24,615 [main] INFO  handler.ContextHandler (ContextHandler.java:doStop(910)) - Stopped o.e.j.s.ServletContextHandler@2571066a{/static,file:///workdir/hadoop-ozone/integration-test/target/test-classes/webapps/static,UNAVAILABLE}
2019-09-12 06:40:24,616 [main] INFO  handler.ContextHandler (ContextHandler.java:doStop(910)) - Stopped o.e.j.s.ServletContextHandler@25d3cfc8{/logs,file:///workdir/hadoop-ozone/integration-test/target/log,UNAVAILABLE}
2019-09-12 06:40:24,620 [main] INFO  ozone.MiniOzoneClusterImpl (MiniOzoneClusterImpl.java:stop(330)) - Shutting the HddsDatanodes
2019-09-12 06:40:24,769 [5ecf13a7-acad-498a-ad7b-6f285dbc97e2@group-C5E42DFE1AE1-SegmentedRaftLogWorker] WARN  segmented.SegmentedRaftLogWorker (SegmentedRaftLogWorker.java:getFromFuture(90)) - Timeout 3/~
org.apache.ratis.protocol.TimeoutIOException: Timeout 10s: WriteLog:17: (t:2, i:17), STATEMACHINELOGENTRY, client-C89BF4EDCA02, cid=52-writeStateMachineData
	at org.apache.ratis.util.IOUtils.getFromFuture(IOUtils.java:87)
	at org.apache.ratis.server.raftlog.segmented.SegmentedRaftLogWorker$StateMachineDataPolicy.getFromFuture(SegmentedRaftLogWorker.java:87)
	at org.apache.ratis.server.raftlog.segmented.SegmentedRaftLogWorker$WriteLog.execute(SegmentedRaftLogWorker.java:477)
	at org.apache.ratis.server.raftlog.segmented.SegmentedRaftLogWorker.run(SegmentedRaftLogWorker.java:289)
	at java.lang.Thread.run(Thread.java:748)
Caused by: java.util.concurrent.TimeoutException
	at java.util.concurrent.CompletableFuture.timedGet(CompletableFuture.java:1771)
	at java.util.concurrent.CompletableFuture.get(CompletableFuture.java:1915)
	at org.apache.ratis.util.IOUtils.getFromFuture(IOUtils.java:79)
	... 4 more
2019-09-12 06:40:24,773 [e1cdc330-b298-4f7e-9f8c-e697349a5e69@group-C5E42DFE1AE1-SegmentedRaftLogWorker] WARN  segmented.SegmentedRaftLogWorker (SegmentedRaftLogWorker.java:getFromFuture(90)) - Timeout 3/~
org.apache.ratis.protocol.TimeoutIOException: Timeout 10s: WriteLog:17: (t:2, i:17), STATEMACHINELOGENTRY, client-C89BF4EDCA02, cid=52-writeStateMachineData
	at org.apache.ratis.util.IOUtils.getFromFuture(IOUtils.java:87)
	at org.apache.ratis.server.raftlog.segmented.SegmentedRaftLogWorker$StateMachineDataPolicy.getFromFuture(SegmentedRaftLogWorker.java:87)
	at org.apache.ratis.server.raftlog.segmented.SegmentedRaftLogWorker$WriteLog.execute(SegmentedRaftLogWorker.java:477)
	at org.apache.ratis.server.raftlog.segmented.SegmentedRaftLogWorker.run(SegmentedRaftLogWorker.java:289)
	at java.lang.Thread.run(Thread.java:748)
Caused by: java.util.concurrent.TimeoutException
	at java.util.concurrent.CompletableFuture.timedGet(CompletableFuture.java:1771)
	at java.util.concurrent.CompletableFuture.get(CompletableFuture.java:1915)
	at org.apache.ratis.util.IOUtils.getFromFuture(IOUtils.java:79)
	... 4 more
2019-09-12 06:40:24,774 [996a256c-fd43-494a-96f3-903b907c5248@group-C5E42DFE1AE1-SegmentedRaftLogWorker] WARN  segmented.SegmentedRaftLogWorker (SegmentedRaftLogWorker.java:getFromFuture(90)) - Timeout 3/~
org.apache.ratis.protocol.TimeoutIOException: Timeout 10s: WriteLog:17: (t:2, i:17), STATEMACHINELOGENTRY, client-C89BF4EDCA02, cid=52-writeStateMachineData
	at org.apache.ratis.util.IOUtils.getFromFuture(IOUtils.java:87)
	at org.apache.ratis.server.raftlog.segmented.SegmentedRaftLogWorker$StateMachineDataPolicy.getFromFuture(SegmentedRaftLogWorker.java:87)
	at org.apache.ratis.server.raftlog.segmented.SegmentedRaftLogWorker$WriteLog.execute(SegmentedRaftLogWorker.java:477)
	at org.apache.ratis.server.raftlog.segmented.SegmentedRaftLogWorker.run(SegmentedRaftLogWorker.java:289)
	at java.lang.Thread.run(Thread.java:748)
Caused by: java.util.concurrent.TimeoutException
	at java.util.concurrent.CompletableFuture.timedGet(CompletableFuture.java:1771)
	at java.util.concurrent.CompletableFuture.get(CompletableFuture.java:1915)
	at org.apache.ratis.util.IOUtils.getFromFuture(IOUtils.java:79)
	... 4 more
2019-09-12 06:40:24,796 [java.util.concurrent.ThreadPoolExecutor$Worker@6586fa4d[State = -1, empty queue]] WARN  server.GrpcLogAppender (GrpcLogAppender.java:timeoutAppendRequest(200)) - 5ecf13a7-acad-498a-ad7b-6f285dbc97e2@group-C5E42DFE1AE1->996a256c-fd43-494a-96f3-903b907c5248-GrpcLogAppender: appendEntries Timeout, request=5ecf13a7-acad-498a-ad7b-6f285dbc97e2->996a256c-fd43-494a-96f3-903b907c5248#143-t2, previous=(t:2, i:20), leaderCommit=16, initializing? false, entries: <empty>
2019-09-12 06:40:24,796 [java.util.concurrent.ThreadPoolExecutor$Worker@3e497bcb[State = -1, empty queue]] WARN  server.GrpcLogAppender (GrpcLogAppender.java:timeoutAppendRequest(200)) - 5ecf13a7-acad-498a-ad7b-6f285dbc97e2@group-C5E42DFE1AE1->e1cdc330-b298-4f7e-9f8c-e697349a5e69-GrpcLogAppender: appendEntries Timeout, request=5ecf13a7-acad-498a-ad7b-6f285dbc97e2->e1cdc330-b298-4f7e-9f8c-e697349a5e69#143-t2, previous=(t:2, i:20), leaderCommit=16, initializing? false, entries: <empty>
2019-09-12 06:40:24,882 [Thread-1386] INFO  impl.FollowerState (FollowerState.java:run(106)) - 760f3a61-bfa2-4d4e-85d8-817950efb624:group-B034F0427A69 changes to CANDIDATE, lastRpcTime:1106, electionTimeout:1106ms
2019-09-12 06:40:24,882 [Thread-1386] INFO  impl.RoleInfo (RoleInfo.java:shutdownFollowerState(121)) - 760f3a61-bfa2-4d4e-85d8-817950efb624: shutdown FollowerState
2019-09-12 06:40:24,882 [Thread-1386] INFO  impl.RaftServerImpl (RaftServerImpl.java:setRole(174)) - 760f3a61-bfa2-4d4e-85d8-817950efb624@group-B034F0427A69: changes role from  FOLLOWER to CANDIDATE at term 11 for changeToCandidate
2019-09-12 06:40:24,883 [Thread-1386] INFO  impl.RoleInfo (RoleInfo.java:updateAndGet(143)) - 760f3a61-bfa2-4d4e-85d8-817950efb624: start LeaderElection
2019-09-12 06:40:24,883 [Datanode State Machine Thread - 0] INFO  statemachine.DatanodeStateMachine (DatanodeStateMachine.java:lambda$startDaemon$0(350)) - Ozone container server started.
2019-09-12 06:40:24,921 [760f3a61-bfa2-4d4e-85d8-817950efb624@group-B034F0427A69:LeaderElection34] INFO  impl.LeaderElection (LeaderElection.java:askForVotes(182)) - 760f3a61-bfa2-4d4e-85d8-817950efb624@group-B034F0427A69:LeaderElection34: begin an election at term 12 for 17: [760f3a61-bfa2-4d4e-85d8-817950efb624:192.168.34.52:44136, 9d685984-4448-42b4-b390-543822753f3a:192.168.34.52:35205, e48d04e8-2c1f-410d-8bfb-5a732d356112:192.168.34.52:38245], old=null
2019-09-12 06:40:24,922 [760f3a61-bfa2-4d4e-85d8-817950efb624@group-B034F0427A69:LeaderElection34] INFO  impl.LeaderElection (LogUtils.java:infoOrTrace(149)) - 760f3a61-bfa2-4d4e-85d8-817950efb624@group-B034F0427A69:LeaderElection34 got exception when requesting votes: {}
java.util.concurrent.ExecutionException: org.apache.ratis.thirdparty.io.grpc.StatusRuntimeException: UNAVAILABLE: io exception
	at java.util.concurrent.FutureTask.report(FutureTask.java:122)
	at java.util.concurrent.FutureTask.get(FutureTask.java:192)
	at org.apache.ratis.server.impl.LeaderElection.waitForResults(LeaderElection.java:263)
	at org.apache.ratis.server.impl.LeaderElection.askForVotes(LeaderElection.java:201)
	at org.apache.ratis.server.impl.LeaderElection.run(LeaderElection.java:133)
	at java.lang.Thread.run(Thread.java:748)
Caused by: org.apache.ratis.thirdparty.io.grpc.StatusRuntimeException: UNAVAILABLE: io exception
	at org.apache.ratis.thirdparty.io.grpc.stub.ClientCalls.toStatusRuntimeException(ClientCalls.java:233)
	at org.apache.ratis.thirdparty.io.grpc.stub.ClientCalls.getUnchecked(ClientCalls.java:214)
	at org.apache.ratis.thirdparty.io.grpc.stub.ClientCalls.blockingUnaryCall(ClientCalls.java:139)
	at org.apache.ratis.proto.grpc.RaftServerProtocolServiceGrpc$RaftServerProtocolServiceBlockingStub.requestVote(RaftServerProtocolServiceGrpc.java:265)
	at org.apache.ratis.grpc.server.GrpcServerProtocolClient.requestVote(GrpcServerProtocolClient.java:90)
	at org.apache.ratis.grpc.server.GrpcService.requestVote(GrpcService.java:204)
	at org.apache.ratis.server.impl.LeaderElection.lambda$submitRequests$1(LeaderElection.java:238)
	at java.util.concurrent.FutureTask.run(FutureTask.java:266)
	at java.util.concurrent.Executors$RunnableAdapter.call(Executors.java:511)
	at java.util.concurrent.FutureTask.run(FutureTask.java:266)
	at java.util.concurrent.ThreadPoolExecutor.runWorker(ThreadPoolExecutor.java:1149)
	at java.util.concurrent.ThreadPoolExecutor$Worker.run(ThreadPoolExecutor.java:624)
	... 1 more
Caused by: org.apache.ratis.thirdparty.io.netty.channel.AbstractChannel$AnnotatedConnectException: Connection refused: /192.168.34.52:38245
	at sun.nio.ch.SocketChannelImpl.checkConnect(Native Method)
	at sun.nio.ch.SocketChannelImpl.finishConnect(SocketChannelImpl.java:717)
	at org.apache.ratis.thirdparty.io.netty.channel.socket.nio.NioSocketChannel.doFinishConnect(NioSocketChannel.java:327)
	at org.apache.ratis.thirdparty.io.netty.channel.nio.AbstractNioChannel$AbstractNioUnsafe.finishConnect(AbstractNioChannel.java:340)
	at org.apache.ratis.thirdparty.io.netty.channel.nio.NioEventLoop.processSelectedKey(NioEventLoop.java:632)
	at org.apache.ratis.thirdparty.io.netty.channel.nio.NioEventLoop.processSelectedKeysOptimized(NioEventLoop.java:579)
	at org.apache.ratis.thirdparty.io.netty.channel.nio.NioEventLoop.processSelectedKeys(NioEventLoop.java:496)
	at org.apache.ratis.thirdparty.io.netty.channel.nio.NioEventLoop.run(NioEventLoop.java:458)
	at org.apache.ratis.thirdparty.io.netty.util.concurrent.SingleThreadEventExecutor$5.run(SingleThreadEventExecutor.java:897)
	at org.apache.ratis.thirdparty.io.netty.util.concurrent.FastThreadLocalRunnable.run(FastThreadLocalRunnable.java:30)
	... 1 more
Caused by: java.net.ConnectException: Connection refused
	... 11 more
2019-09-12 06:40:24,926 [760f3a61-bfa2-4d4e-85d8-817950efb624@group-B034F0427A69:LeaderElection34] INFO  impl.LeaderElection (LogUtils.java:infoOrTrace(149)) - 760f3a61-bfa2-4d4e-85d8-817950efb624@group-B034F0427A69:LeaderElection34 got exception when requesting votes: {}
java.util.concurrent.ExecutionException: org.apache.ratis.thirdparty.io.grpc.StatusRuntimeException: UNAVAILABLE: io exception
	at java.util.concurrent.FutureTask.report(FutureTask.java:122)
	at java.util.concurrent.FutureTask.get(FutureTask.java:192)
	at org.apache.ratis.server.impl.LeaderElection.waitForResults(LeaderElection.java:263)
	at org.apache.ratis.server.impl.LeaderElection.askForVotes(LeaderElection.java:201)
	at org.apache.ratis.server.impl.LeaderElection.run(LeaderElection.java:133)
	at java.lang.Thread.run(Thread.java:748)
Caused by: org.apache.ratis.thirdparty.io.grpc.StatusRuntimeException: UNAVAILABLE: io exception
	at org.apache.ratis.thirdparty.io.grpc.stub.ClientCalls.toStatusRuntimeException(ClientCalls.java:233)
	at org.apache.ratis.thirdparty.io.grpc.stub.ClientCalls.getUnchecked(ClientCalls.java:214)
	at org.apache.ratis.thirdparty.io.grpc.stub.ClientCalls.blockingUnaryCall(ClientCalls.java:139)
	at org.apache.ratis.proto.grpc.RaftServerProtocolServiceGrpc$RaftServerProtocolServiceBlockingStub.requestVote(RaftServerProtocolServiceGrpc.java:265)
	at org.apache.ratis.grpc.server.GrpcServerProtocolClient.requestVote(GrpcServerProtocolClient.java:90)
	at org.apache.ratis.grpc.server.GrpcService.requestVote(GrpcService.java:204)
	at org.apache.ratis.server.impl.LeaderElection.lambda$submitRequests$1(LeaderElection.java:238)
	at java.util.concurrent.FutureTask.run(FutureTask.java:266)
	at java.util.concurrent.Executors$RunnableAdapter.call(Executors.java:511)
	at java.util.concurrent.FutureTask.run(FutureTask.java:266)
	at java.util.concurrent.ThreadPoolExecutor.runWorker(ThreadPoolExecutor.java:1149)
	at java.util.concurrent.ThreadPoolExecutor$Worker.run(ThreadPoolExecutor.java:624)
	... 1 more
Caused by: org.apache.ratis.thirdparty.io.netty.channel.AbstractChannel$AnnotatedConnectException: Connection refused: /192.168.34.52:35205
	at sun.nio.ch.SocketChannelImpl.checkConnect(Native Method)
	at sun.nio.ch.SocketChannelImpl.finishConnect(SocketChannelImpl.java:717)
	at org.apache.ratis.thirdparty.io.netty.channel.socket.nio.NioSocketChannel.doFinishConnect(NioSocketChannel.java:327)
	at org.apache.ratis.thirdparty.io.netty.channel.nio.AbstractNioChannel$AbstractNioUnsafe.finishConnect(AbstractNioChannel.java:340)
	at org.apache.ratis.thirdparty.io.netty.channel.nio.NioEventLoop.processSelectedKey(NioEventLoop.java:632)
	at org.apache.ratis.thirdparty.io.netty.channel.nio.NioEventLoop.processSelectedKeysOptimized(NioEventLoop.java:579)
	at org.apache.ratis.thirdparty.io.netty.channel.nio.NioEventLoop.processSelectedKeys(NioEventLoop.java:496)
	at org.apache.ratis.thirdparty.io.netty.channel.nio.NioEventLoop.run(NioEventLoop.java:458)
	at org.apache.ratis.thirdparty.io.netty.util.concurrent.SingleThreadEventExecutor$5.run(SingleThreadEventExecutor.java:897)
	at org.apache.ratis.thirdparty.io.netty.util.concurrent.FastThreadLocalRunnable.run(FastThreadLocalRunnable.java:30)
	... 1 more
Caused by: java.net.ConnectException: Connection refused
	... 11 more
2019-09-12 06:40:24,930 [760f3a61-bfa2-4d4e-85d8-817950efb624@group-B034F0427A69:LeaderElection34] INFO  impl.LeaderElection (LeaderElection.java:logAndReturn(56)) - 760f3a61-bfa2-4d4e-85d8-817950efb624@group-B034F0427A69:LeaderElection34: Election REJECTED; received 0 response(s) [] and 2 exception(s); 760f3a61-bfa2-4d4e-85d8-817950efb624@group-B034F0427A69:t12, leader=null, voted=760f3a61-bfa2-4d4e-85d8-817950efb624, raftlog=760f3a61-bfa2-4d4e-85d8-817950efb624@group-B034F0427A69-SegmentedRaftLog:OPENED:c30,f30,i30, conf=17: [760f3a61-bfa2-4d4e-85d8-817950efb624:192.168.34.52:44136, 9d685984-4448-42b4-b390-543822753f3a:192.168.34.52:35205, e48d04e8-2c1f-410d-8bfb-5a732d356112:192.168.34.52:38245], old=null
2019-09-12 06:40:24,930 [760f3a61-bfa2-4d4e-85d8-817950efb624@group-B034F0427A69:LeaderElection34] INFO  impl.LeaderElection (LogUtils.java:infoOrTrace(149)) -   Exception 0: {}
java.util.concurrent.ExecutionException: org.apache.ratis.thirdparty.io.grpc.StatusRuntimeException: UNAVAILABLE: io exception
	at java.util.concurrent.FutureTask.report(FutureTask.java:122)
	at java.util.concurrent.FutureTask.get(FutureTask.java:192)
	at org.apache.ratis.server.impl.LeaderElection.waitForResults(LeaderElection.java:263)
	at org.apache.ratis.server.impl.LeaderElection.askForVotes(LeaderElection.java:201)
	at org.apache.ratis.server.impl.LeaderElection.run(LeaderElection.java:133)
	at java.lang.Thread.run(Thread.java:748)
Caused by: org.apache.ratis.thirdparty.io.grpc.StatusRuntimeException: UNAVAILABLE: io exception
	at org.apache.ratis.thirdparty.io.grpc.stub.ClientCalls.toStatusRuntimeException(ClientCalls.java:233)
	at org.apache.ratis.thirdparty.io.grpc.stub.ClientCalls.getUnchecked(ClientCalls.java:214)
	at org.apache.ratis.thirdparty.io.grpc.stub.ClientCalls.blockingUnaryCall(ClientCalls.java:139)
	at org.apache.ratis.proto.grpc.RaftServerProtocolServiceGrpc$RaftServerProtocolServiceBlockingStub.requestVote(RaftServerProtocolServiceGrpc.java:265)
	at org.apache.ratis.grpc.server.GrpcServerProtocolClient.requestVote(GrpcServerProtocolClient.java:90)
	at org.apache.ratis.grpc.server.GrpcService.requestVote(GrpcService.java:204)
	at org.apache.ratis.server.impl.LeaderElection.lambda$submitRequests$1(LeaderElection.java:238)
	at java.util.concurrent.FutureTask.run(FutureTask.java:266)
	at java.util.concurrent.Executors$RunnableAdapter.call(Executors.java:511)
	at java.util.concurrent.FutureTask.run(FutureTask.java:266)
	at java.util.concurrent.ThreadPoolExecutor.runWorker(ThreadPoolExecutor.java:1149)
	at java.util.concurrent.ThreadPoolExecutor$Worker.run(ThreadPoolExecutor.java:624)
	... 1 more
Caused by: org.apache.ratis.thirdparty.io.netty.channel.AbstractChannel$AnnotatedConnectException: Connection refused: /192.168.34.52:38245
	at sun.nio.ch.SocketChannelImpl.checkConnect(Native Method)
	at sun.nio.ch.SocketChannelImpl.finishConnect(SocketChannelImpl.java:717)
	at org.apache.ratis.thirdparty.io.netty.channel.socket.nio.NioSocketChannel.doFinishConnect(NioSocketChannel.java:327)
	at org.apache.ratis.thirdparty.io.netty.channel.nio.AbstractNioChannel$AbstractNioUnsafe.finishConnect(AbstractNioChannel.java:340)
	at org.apache.ratis.thirdparty.io.netty.channel.nio.NioEventLoop.processSelectedKey(NioEventLoop.java:632)
	at org.apache.ratis.thirdparty.io.netty.channel.nio.NioEventLoop.processSelectedKeysOptimized(NioEventLoop.java:579)
	at org.apache.ratis.thirdparty.io.netty.channel.nio.NioEventLoop.processSelectedKeys(NioEventLoop.java:496)
	at org.apache.ratis.thirdparty.io.netty.channel.nio.NioEventLoop.run(NioEventLoop.java:458)
	at org.apache.ratis.thirdparty.io.netty.util.concurrent.SingleThreadEventExecutor$5.run(SingleThreadEventExecutor.java:897)
	at org.apache.ratis.thirdparty.io.netty.util.concurrent.FastThreadLocalRunnable.run(FastThreadLocalRunnable.java:30)
	... 1 more
Caused by: java.net.ConnectException: Connection refused
	... 11 more
2019-09-12 06:40:24,930 [760f3a61-bfa2-4d4e-85d8-817950efb624@group-B034F0427A69:LeaderElection34] INFO  impl.LeaderElection (LogUtils.java:infoOrTrace(149)) -   Exception 1: {}
java.util.concurrent.ExecutionException: org.apache.ratis.thirdparty.io.grpc.StatusRuntimeException: UNAVAILABLE: io exception
	at java.util.concurrent.FutureTask.report(FutureTask.java:122)
	at java.util.concurrent.FutureTask.get(FutureTask.java:192)
	at org.apache.ratis.server.impl.LeaderElection.waitForResults(LeaderElection.java:263)
	at org.apache.ratis.server.impl.LeaderElection.askForVotes(LeaderElection.java:201)
	at org.apache.ratis.server.impl.LeaderElection.run(LeaderElection.java:133)
	at java.lang.Thread.run(Thread.java:748)
Caused by: org.apache.ratis.thirdparty.io.grpc.StatusRuntimeException: UNAVAILABLE: io exception
	at org.apache.ratis.thirdparty.io.grpc.stub.ClientCalls.toStatusRuntimeException(ClientCalls.java:233)
	at org.apache.ratis.thirdparty.io.grpc.stub.ClientCalls.getUnchecked(ClientCalls.java:214)
	at org.apache.ratis.thirdparty.io.grpc.stub.ClientCalls.blockingUnaryCall(ClientCalls.java:139)
	at org.apache.ratis.proto.grpc.RaftServerProtocolServiceGrpc$RaftServerProtocolServiceBlockingStub.requestVote(RaftServerProtocolServiceGrpc.java:265)
	at org.apache.ratis.grpc.server.GrpcServerProtocolClient.requestVote(GrpcServerProtocolClient.java:90)
	at org.apache.ratis.grpc.server.GrpcService.requestVote(GrpcService.java:204)
	at org.apache.ratis.server.impl.LeaderElection.lambda$submitRequests$1(LeaderElection.java:238)
	at java.util.concurrent.FutureTask.run(FutureTask.java:266)
	at java.util.concurrent.Executors$RunnableAdapter.call(Executors.java:511)
	at java.util.concurrent.FutureTask.run(FutureTask.java:266)
	at java.util.concurrent.ThreadPoolExecutor.runWorker(ThreadPoolExecutor.java:1149)
	at java.util.concurrent.ThreadPoolExecutor$Worker.run(ThreadPoolExecutor.java:624)
	... 1 more
Caused by: org.apache.ratis.thirdparty.io.netty.channel.AbstractChannel$AnnotatedConnectException: Connection refused: /192.168.34.52:35205
	at sun.nio.ch.SocketChannelImpl.checkConnect(Native Method)
	at sun.nio.ch.SocketChannelImpl.finishConnect(SocketChannelImpl.java:717)
	at org.apache.ratis.thirdparty.io.netty.channel.socket.nio.NioSocketChannel.doFinishConnect(NioSocketChannel.java:327)
	at org.apache.ratis.thirdparty.io.netty.channel.nio.AbstractNioChannel$AbstractNioUnsafe.finishConnect(AbstractNioChannel.java:340)
	at org.apache.ratis.thirdparty.io.netty.channel.nio.NioEventLoop.processSelectedKey(NioEventLoop.java:632)
	at org.apache.ratis.thirdparty.io.netty.channel.nio.NioEventLoop.processSelectedKeysOptimized(NioEventLoop.java:579)
	at org.apache.ratis.thirdparty.io.netty.channel.nio.NioEventLoop.processSelectedKeys(NioEventLoop.java:496)
	at org.apache.ratis.thirdparty.io.netty.channel.nio.NioEventLoop.run(NioEventLoop.java:458)
	at org.apache.ratis.thirdparty.io.netty.util.concurrent.SingleThreadEventExecutor$5.run(SingleThreadEventExecutor.java:897)
	at org.apache.ratis.thirdparty.io.netty.util.concurrent.FastThreadLocalRunnable.run(FastThreadLocalRunnable.java:30)
	... 1 more
Caused by: java.net.ConnectException: Connection refused
	... 11 more
2019-09-12 06:40:24,931 [760f3a61-bfa2-4d4e-85d8-817950efb624@group-B034F0427A69:LeaderElection34] INFO  impl.RaftServerImpl (RaftServerImpl.java:setRole(174)) - 760f3a61-bfa2-4d4e-85d8-817950efb624@group-B034F0427A69: changes role from CANDIDATE to FOLLOWER at term 12 for DISCOVERED_A_NEW_TERM
2019-09-12 06:40:24,931 [760f3a61-bfa2-4d4e-85d8-817950efb624@group-B034F0427A69:LeaderElection34] INFO  impl.RoleInfo (RoleInfo.java:shutdownLeaderElection(134)) - 760f3a61-bfa2-4d4e-85d8-817950efb624: shutdown LeaderElection
2019-09-12 06:40:24,931 [760f3a61-bfa2-4d4e-85d8-817950efb624@group-B034F0427A69:LeaderElection34] INFO  impl.RoleInfo (RoleInfo.java:updateAndGet(143)) - 760f3a61-bfa2-4d4e-85d8-817950efb624: start FollowerState
2019-09-12 06:40:25,006 [java.util.concurrent.ThreadPoolExecutor$Worker@24fb95e3[State = -1, empty queue]] WARN  server.GrpcLogAppender (GrpcLogAppender.java:timeoutAppendRequest(200)) - 24c53ee4-03df-424b-8e99-1fd221f7be60@group-3C3ABBECBF4F->3ae969e4-2e35-40bf-9e0e-95acae9da5a5-GrpcLogAppender: appendEntries Timeout, request=24c53ee4-03df-424b-8e99-1fd221f7be60->3ae969e4-2e35-40bf-9e0e-95acae9da5a5#144-t2, previous=(t:2, i:20), leaderCommit=16, initializing? false, entries: <empty>
2019-09-12 06:40:25,006 [java.util.concurrent.ThreadPoolExecutor$Worker@7bd075af[State = -1, empty queue]] WARN  server.GrpcLogAppender (GrpcLogAppender.java:timeoutAppendRequest(200)) - 24c53ee4-03df-424b-8e99-1fd221f7be60@group-3C3ABBECBF4F->d503967e-137a-4fd9-bc45-44203e981a69-GrpcLogAppender: appendEntries Timeout, request=24c53ee4-03df-424b-8e99-1fd221f7be60->d503967e-137a-4fd9-bc45-44203e981a69#144-t2, previous=(t:2, i:20), leaderCommit=16, initializing? false, entries: <empty>
2019-09-12 06:40:25,297 [java.util.concurrent.ThreadPoolExecutor$Worker@6586fa4d[State = -1, empty queue]] WARN  server.GrpcLogAppender (GrpcLogAppender.java:timeoutAppendRequest(200)) - 5ecf13a7-acad-498a-ad7b-6f285dbc97e2@group-C5E42DFE1AE1->996a256c-fd43-494a-96f3-903b907c5248-GrpcLogAppender: appendEntries Timeout, request=5ecf13a7-acad-498a-ad7b-6f285dbc97e2->996a256c-fd43-494a-96f3-903b907c5248#144-t2, previous=(t:2, i:20), leaderCommit=16, initializing? false, entries: <empty>
2019-09-12 06:40:25,297 [java.util.concurrent.ThreadPoolExecutor$Worker@3e497bcb[State = -1, empty queue]] WARN  server.GrpcLogAppender (GrpcLogAppender.java:timeoutAppendRequest(200)) - 5ecf13a7-acad-498a-ad7b-6f285dbc97e2@group-C5E42DFE1AE1->e1cdc330-b298-4f7e-9f8c-e697349a5e69-GrpcLogAppender: appendEntries Timeout, request=5ecf13a7-acad-498a-ad7b-6f285dbc97e2->e1cdc330-b298-4f7e-9f8c-e697349a5e69#144-t2, previous=(t:2, i:20), leaderCommit=16, initializing? false, entries: <empty>
2019-09-12 06:40:25,507 [java.util.concurrent.ThreadPoolExecutor$Worker@7bd075af[State = -1, empty queue]] WARN  server.GrpcLogAppender (GrpcLogAppender.java:timeoutAppendRequest(200)) - 24c53ee4-03df-424b-8e99-1fd221f7be60@group-3C3ABBECBF4F->d503967e-137a-4fd9-bc45-44203e981a69-GrpcLogAppender: appendEntries Timeout, request=24c53ee4-03df-424b-8e99-1fd221f7be60->d503967e-137a-4fd9-bc45-44203e981a69#145-t2, previous=(t:2, i:20), leaderCommit=16, initializing? false, entries: <empty>
2019-09-12 06:40:25,507 [java.util.concurrent.ThreadPoolExecutor$Worker@24fb95e3[State = -1, empty queue]] WARN  server.GrpcLogAppender (GrpcLogAppender.java:timeoutAppendRequest(200)) - 24c53ee4-03df-424b-8e99-1fd221f7be60@group-3C3ABBECBF4F->3ae969e4-2e35-40bf-9e0e-95acae9da5a5-GrpcLogAppender: appendEntries Timeout, request=24c53ee4-03df-424b-8e99-1fd221f7be60->3ae969e4-2e35-40bf-9e0e-95acae9da5a5#145-t2, previous=(t:2, i:20), leaderCommit=16, initializing? false, entries: <empty>
2019-09-12 06:40:25,546 [Datanode State Machine Thread - 0] INFO  statemachine.DatanodeStateMachine (DatanodeStateMachine.java:lambda$startDaemon$0(350)) - Ozone container server started.
2019-09-12 06:40:25,797 [java.util.concurrent.ThreadPoolExecutor$Worker@6586fa4d[State = -1, empty queue]] WARN  server.GrpcLogAppender (GrpcLogAppender.java:timeoutAppendRequest(200)) - 5ecf13a7-acad-498a-ad7b-6f285dbc97e2@group-C5E42DFE1AE1->996a256c-fd43-494a-96f3-903b907c5248-GrpcLogAppender: appendEntries Timeout, request=5ecf13a7-acad-498a-ad7b-6f285dbc97e2->996a256c-fd43-494a-96f3-903b907c5248#145-t2, previous=(t:2, i:20), leaderCommit=16, initializing? false, entries: <empty>
2019-09-12 06:40:25,797 [java.util.concurrent.ThreadPoolExecutor$Worker@3e497bcb[State = -1, empty queue]] WARN  server.GrpcLogAppender (GrpcLogAppender.java:timeoutAppendRequest(200)) - 5ecf13a7-acad-498a-ad7b-6f285dbc97e2@group-C5E42DFE1AE1->e1cdc330-b298-4f7e-9f8c-e697349a5e69-GrpcLogAppender: appendEntries Timeout, request=5ecf13a7-acad-498a-ad7b-6f285dbc97e2->e1cdc330-b298-4f7e-9f8c-e697349a5e69#145-t2, previous=(t:2, i:20), leaderCommit=16, initializing? false, entries: <empty>
2019-09-12 06:40:26,006 [Thread-1403] INFO  impl.FollowerState (FollowerState.java:run(106)) - 760f3a61-bfa2-4d4e-85d8-817950efb624:group-B034F0427A69 changes to CANDIDATE, lastRpcTime:1074, electionTimeout:1074ms
2019-09-12 06:40:26,006 [Thread-1403] INFO  impl.RoleInfo (RoleInfo.java:shutdownFollowerState(121)) - 760f3a61-bfa2-4d4e-85d8-817950efb624: shutdown FollowerState
2019-09-12 06:40:26,006 [Thread-1403] INFO  impl.RaftServerImpl (RaftServerImpl.java:setRole(174)) - 760f3a61-bfa2-4d4e-85d8-817950efb624@group-B034F0427A69: changes role from  FOLLOWER to CANDIDATE at term 12 for changeToCandidate
2019-09-12 06:40:26,006 [Thread-1403] INFO  impl.RoleInfo (RoleInfo.java:updateAndGet(143)) - 760f3a61-bfa2-4d4e-85d8-817950efb624: start LeaderElection
2019-09-12 06:40:26,009 [java.util.concurrent.ThreadPoolExecutor$Worker@7bd075af[State = -1, empty queue]] WARN  server.GrpcLogAppender (GrpcLogAppender.java:timeoutAppendRequest(200)) - 24c53ee4-03df-424b-8e99-1fd221f7be60@group-3C3ABBECBF4F->d503967e-137a-4fd9-bc45-44203e981a69-GrpcLogAppender: appendEntries Timeout, request=24c53ee4-03df-424b-8e99-1fd221f7be60->d503967e-137a-4fd9-bc45-44203e981a69#146-t2, previous=(t:2, i:20), leaderCommit=16, initializing? false, entries: <empty>
2019-09-12 06:40:26,009 [java.util.concurrent.ThreadPoolExecutor$Worker@24fb95e3[State = -1, empty queue]] WARN  server.GrpcLogAppender (GrpcLogAppender.java:timeoutAppendRequest(200)) - 24c53ee4-03df-424b-8e99-1fd221f7be60@group-3C3ABBECBF4F->3ae969e4-2e35-40bf-9e0e-95acae9da5a5-GrpcLogAppender: appendEntries Timeout, request=24c53ee4-03df-424b-8e99-1fd221f7be60->3ae969e4-2e35-40bf-9e0e-95acae9da5a5#146-t2, previous=(t:2, i:20), leaderCommit=16, initializing? false, entries: <empty>
2019-09-12 06:40:26,023 [760f3a61-bfa2-4d4e-85d8-817950efb624@group-B034F0427A69:LeaderElection35] INFO  impl.LeaderElection (LeaderElection.java:askForVotes(182)) - 760f3a61-bfa2-4d4e-85d8-817950efb624@group-B034F0427A69:LeaderElection35: begin an election at term 13 for 17: [760f3a61-bfa2-4d4e-85d8-817950efb624:192.168.34.52:44136, 9d685984-4448-42b4-b390-543822753f3a:192.168.34.52:35205, e48d04e8-2c1f-410d-8bfb-5a732d356112:192.168.34.52:38245], old=null
2019-09-12 06:40:26,025 [760f3a61-bfa2-4d4e-85d8-817950efb624@group-B034F0427A69:LeaderElection35] INFO  impl.LeaderElection (LogUtils.java:infoOrTrace(149)) - 760f3a61-bfa2-4d4e-85d8-817950efb624@group-B034F0427A69:LeaderElection35 got exception when requesting votes: {}
java.util.concurrent.ExecutionException: org.apache.ratis.thirdparty.io.grpc.StatusRuntimeException: UNAVAILABLE: io exception
	at java.util.concurrent.FutureTask.report(FutureTask.java:122)
	at java.util.concurrent.FutureTask.get(FutureTask.java:192)
	at org.apache.ratis.server.impl.LeaderElection.waitForResults(LeaderElection.java:263)
	at org.apache.ratis.server.impl.LeaderElection.askForVotes(LeaderElection.java:201)
	at org.apache.ratis.server.impl.LeaderElection.run(LeaderElection.java:133)
	at java.lang.Thread.run(Thread.java:748)
Caused by: org.apache.ratis.thirdparty.io.grpc.StatusRuntimeException: UNAVAILABLE: io exception
	at org.apache.ratis.thirdparty.io.grpc.stub.ClientCalls.toStatusRuntimeException(ClientCalls.java:233)
	at org.apache.ratis.thirdparty.io.grpc.stub.ClientCalls.getUnchecked(ClientCalls.java:214)
	at org.apache.ratis.thirdparty.io.grpc.stub.ClientCalls.blockingUnaryCall(ClientCalls.java:139)
	at org.apache.ratis.proto.grpc.RaftServerProtocolServiceGrpc$RaftServerProtocolServiceBlockingStub.requestVote(RaftServerProtocolServiceGrpc.java:265)
	at org.apache.ratis.grpc.server.GrpcServerProtocolClient.requestVote(GrpcServerProtocolClient.java:90)
	at org.apache.ratis.grpc.server.GrpcService.requestVote(GrpcService.java:204)
	at org.apache.ratis.server.impl.LeaderElection.lambda$submitRequests$1(LeaderElection.java:238)
	at java.util.concurrent.FutureTask.run(FutureTask.java:266)
	at java.util.concurrent.Executors$RunnableAdapter.call(Executors.java:511)
	at java.util.concurrent.FutureTask.run(FutureTask.java:266)
	at java.util.concurrent.ThreadPoolExecutor.runWorker(ThreadPoolExecutor.java:1149)
	at java.util.concurrent.ThreadPoolExecutor$Worker.run(ThreadPoolExecutor.java:624)
	... 1 more
Caused by: org.apache.ratis.thirdparty.io.netty.channel.AbstractChannel$AnnotatedConnectException: Connection refused: /192.168.34.52:35205
	at sun.nio.ch.SocketChannelImpl.checkConnect(Native Method)
	at sun.nio.ch.SocketChannelImpl.finishConnect(SocketChannelImpl.java:717)
	at org.apache.ratis.thirdparty.io.netty.channel.socket.nio.NioSocketChannel.doFinishConnect(NioSocketChannel.java:327)
	at org.apache.ratis.thirdparty.io.netty.channel.nio.AbstractNioChannel$AbstractNioUnsafe.finishConnect(AbstractNioChannel.java:340)
	at org.apache.ratis.thirdparty.io.netty.channel.nio.NioEventLoop.processSelectedKey(NioEventLoop.java:632)
	at org.apache.ratis.thirdparty.io.netty.channel.nio.NioEventLoop.processSelectedKeysOptimized(NioEventLoop.java:579)
	at org.apache.ratis.thirdparty.io.netty.channel.nio.NioEventLoop.processSelectedKeys(NioEventLoop.java:496)
	at org.apache.ratis.thirdparty.io.netty.channel.nio.NioEventLoop.run(NioEventLoop.java:458)
	at org.apache.ratis.thirdparty.io.netty.util.concurrent.SingleThreadEventExecutor$5.run(SingleThreadEventExecutor.java:897)
	at org.apache.ratis.thirdparty.io.netty.util.concurrent.FastThreadLocalRunnable.run(FastThreadLocalRunnable.java:30)
	... 1 more
Caused by: java.net.ConnectException: Connection refused
	... 11 more
2019-09-12 06:40:26,042 [760f3a61-bfa2-4d4e-85d8-817950efb624@group-B034F0427A69:LeaderElection35] INFO  impl.LeaderElection (LogUtils.java:infoOrTrace(149)) - 760f3a61-bfa2-4d4e-85d8-817950efb624@group-B034F0427A69:LeaderElection35 got exception when requesting votes: {}
java.util.concurrent.ExecutionException: org.apache.ratis.thirdparty.io.grpc.StatusRuntimeException: UNAVAILABLE: io exception
	at java.util.concurrent.FutureTask.report(FutureTask.java:122)
	at java.util.concurrent.FutureTask.get(FutureTask.java:192)
	at org.apache.ratis.server.impl.LeaderElection.waitForResults(LeaderElection.java:263)
	at org.apache.ratis.server.impl.LeaderElection.askForVotes(LeaderElection.java:201)
	at org.apache.ratis.server.impl.LeaderElection.run(LeaderElection.java:133)
	at java.lang.Thread.run(Thread.java:748)
Caused by: org.apache.ratis.thirdparty.io.grpc.StatusRuntimeException: UNAVAILABLE: io exception
	at org.apache.ratis.thirdparty.io.grpc.stub.ClientCalls.toStatusRuntimeException(ClientCalls.java:233)
	at org.apache.ratis.thirdparty.io.grpc.stub.ClientCalls.getUnchecked(ClientCalls.java:214)
	at org.apache.ratis.thirdparty.io.grpc.stub.ClientCalls.blockingUnaryCall(ClientCalls.java:139)
	at org.apache.ratis.proto.grpc.RaftServerProtocolServiceGrpc$RaftServerProtocolServiceBlockingStub.requestVote(RaftServerProtocolServiceGrpc.java:265)
	at org.apache.ratis.grpc.server.GrpcServerProtocolClient.requestVote(GrpcServerProtocolClient.java:90)
	at org.apache.ratis.grpc.server.GrpcService.requestVote(GrpcService.java:204)
	at org.apache.ratis.server.impl.LeaderElection.lambda$submitRequests$1(LeaderElection.java:238)
	at java.util.concurrent.FutureTask.run(FutureTask.java:266)
	at java.util.concurrent.Executors$RunnableAdapter.call(Executors.java:511)
	at java.util.concurrent.FutureTask.run(FutureTask.java:266)
	at java.util.concurrent.ThreadPoolExecutor.runWorker(ThreadPoolExecutor.java:1149)
	at java.util.concurrent.ThreadPoolExecutor$Worker.run(ThreadPoolExecutor.java:624)
	... 1 more
Caused by: org.apache.ratis.thirdparty.io.netty.channel.AbstractChannel$AnnotatedConnectException: Connection refused: /192.168.34.52:38245
	at sun.nio.ch.SocketChannelImpl.checkConnect(Native Method)
	at sun.nio.ch.SocketChannelImpl.finishConnect(SocketChannelImpl.java:717)
	at org.apache.ratis.thirdparty.io.netty.channel.socket.nio.NioSocketChannel.doFinishConnect(NioSocketChannel.java:327)
	at org.apache.ratis.thirdparty.io.netty.channel.nio.AbstractNioChannel$AbstractNioUnsafe.finishConnect(AbstractNioChannel.java:340)
	at org.apache.ratis.thirdparty.io.netty.channel.nio.NioEventLoop.processSelectedKey(NioEventLoop.java:632)
	at org.apache.ratis.thirdparty.io.netty.channel.nio.NioEventLoop.processSelectedKeysOptimized(NioEventLoop.java:579)
	at org.apache.ratis.thirdparty.io.netty.channel.nio.NioEventLoop.processSelectedKeys(NioEventLoop.java:496)
	at org.apache.ratis.thirdparty.io.netty.channel.nio.NioEventLoop.run(NioEventLoop.java:458)
	at org.apache.ratis.thirdparty.io.netty.util.concurrent.SingleThreadEventExecutor$5.run(SingleThreadEventExecutor.java:897)
	at org.apache.ratis.thirdparty.io.netty.util.concurrent.FastThreadLocalRunnable.run(FastThreadLocalRunnable.java:30)
	... 1 more
Caused by: java.net.ConnectException: Connection refused
	... 11 more
2019-09-12 06:40:26,042 [760f3a61-bfa2-4d4e-85d8-817950efb624@group-B034F0427A69:LeaderElection35] INFO  impl.LeaderElection (LeaderElection.java:logAndReturn(56)) - 760f3a61-bfa2-4d4e-85d8-817950efb624@group-B034F0427A69:LeaderElection35: Election REJECTED; received 0 response(s) [] and 2 exception(s); 760f3a61-bfa2-4d4e-85d8-817950efb624@group-B034F0427A69:t13, leader=null, voted=760f3a61-bfa2-4d4e-85d8-817950efb624, raftlog=760f3a61-bfa2-4d4e-85d8-817950efb624@group-B034F0427A69-SegmentedRaftLog:OPENED:c30,f30,i30, conf=17: [760f3a61-bfa2-4d4e-85d8-817950efb624:192.168.34.52:44136, 9d685984-4448-42b4-b390-543822753f3a:192.168.34.52:35205, e48d04e8-2c1f-410d-8bfb-5a732d356112:192.168.34.52:38245], old=null
2019-09-12 06:40:26,042 [760f3a61-bfa2-4d4e-85d8-817950efb624@group-B034F0427A69:LeaderElection35] INFO  impl.LeaderElection (LogUtils.java:infoOrTrace(149)) -   Exception 0: {}
java.util.concurrent.ExecutionException: org.apache.ratis.thirdparty.io.grpc.StatusRuntimeException: UNAVAILABLE: io exception
	at java.util.concurrent.FutureTask.report(FutureTask.java:122)
	at java.util.concurrent.FutureTask.get(FutureTask.java:192)
	at org.apache.ratis.server.impl.LeaderElection.waitForResults(LeaderElection.java:263)
	at org.apache.ratis.server.impl.LeaderElection.askForVotes(LeaderElection.java:201)
	at org.apache.ratis.server.impl.LeaderElection.run(LeaderElection.java:133)
	at java.lang.Thread.run(Thread.java:748)
Caused by: org.apache.ratis.thirdparty.io.grpc.StatusRuntimeException: UNAVAILABLE: io exception
	at org.apache.ratis.thirdparty.io.grpc.stub.ClientCalls.toStatusRuntimeException(ClientCalls.java:233)
	at org.apache.ratis.thirdparty.io.grpc.stub.ClientCalls.getUnchecked(ClientCalls.java:214)
	at org.apache.ratis.thirdparty.io.grpc.stub.ClientCalls.blockingUnaryCall(ClientCalls.java:139)
	at org.apache.ratis.proto.grpc.RaftServerProtocolServiceGrpc$RaftServerProtocolServiceBlockingStub.requestVote(RaftServerProtocolServiceGrpc.java:265)
	at org.apache.ratis.grpc.server.GrpcServerProtocolClient.requestVote(GrpcServerProtocolClient.java:90)
	at org.apache.ratis.grpc.server.GrpcService.requestVote(GrpcService.java:204)
	at org.apache.ratis.server.impl.LeaderElection.lambda$submitRequests$1(LeaderElection.java:238)
	at java.util.concurrent.FutureTask.run(FutureTask.java:266)
	at java.util.concurrent.Executors$RunnableAdapter.call(Executors.java:511)
	at java.util.concurrent.FutureTask.run(FutureTask.java:266)
	at java.util.concurrent.ThreadPoolExecutor.runWorker(ThreadPoolExecutor.java:1149)
	at java.util.concurrent.ThreadPoolExecutor$Worker.run(ThreadPoolExecutor.java:624)
	... 1 more
Caused by: org.apache.ratis.thirdparty.io.netty.channel.AbstractChannel$AnnotatedConnectException: Connection refused: /192.168.34.52:35205
	at sun.nio.ch.SocketChannelImpl.checkConnect(Native Method)
	at sun.nio.ch.SocketChannelImpl.finishConnect(SocketChannelImpl.java:717)
	at org.apache.ratis.thirdparty.io.netty.channel.socket.nio.NioSocketChannel.doFinishConnect(NioSocketChannel.java:327)
	at org.apache.ratis.thirdparty.io.netty.channel.nio.AbstractNioChannel$AbstractNioUnsafe.finishConnect(AbstractNioChannel.java:340)
	at org.apache.ratis.thirdparty.io.netty.channel.nio.NioEventLoop.processSelectedKey(NioEventLoop.java:632)
	at org.apache.ratis.thirdparty.io.netty.channel.nio.NioEventLoop.processSelectedKeysOptimized(NioEventLoop.java:579)
	at org.apache.ratis.thirdparty.io.netty.channel.nio.NioEventLoop.processSelectedKeys(NioEventLoop.java:496)
	at org.apache.ratis.thirdparty.io.netty.channel.nio.NioEventLoop.run(NioEventLoop.java:458)
	at org.apache.ratis.thirdparty.io.netty.util.concurrent.SingleThreadEventExecutor$5.run(SingleThreadEventExecutor.java:897)
	at org.apache.ratis.thirdparty.io.netty.util.concurrent.FastThreadLocalRunnable.run(FastThreadLocalRunnable.java:30)
	... 1 more
Caused by: java.net.ConnectException: Connection refused
	... 11 more
2019-09-12 06:40:26,043 [760f3a61-bfa2-4d4e-85d8-817950efb624@group-B034F0427A69:LeaderElection35] INFO  impl.LeaderElection (LogUtils.java:infoOrTrace(149)) -   Exception 1: {}
java.util.concurrent.ExecutionException: org.apache.ratis.thirdparty.io.grpc.StatusRuntimeException: UNAVAILABLE: io exception
	at java.util.concurrent.FutureTask.report(FutureTask.java:122)
	at java.util.concurrent.FutureTask.get(FutureTask.java:192)
	at org.apache.ratis.server.impl.LeaderElection.waitForResults(LeaderElection.java:263)
	at org.apache.ratis.server.impl.LeaderElection.askForVotes(LeaderElection.java:201)
	at org.apache.ratis.server.impl.LeaderElection.run(LeaderElection.java:133)
	at java.lang.Thread.run(Thread.java:748)
Caused by: org.apache.ratis.thirdparty.io.grpc.StatusRuntimeException: UNAVAILABLE: io exception
	at org.apache.ratis.thirdparty.io.grpc.stub.ClientCalls.toStatusRuntimeException(ClientCalls.java:233)
	at org.apache.ratis.thirdparty.io.grpc.stub.ClientCalls.getUnchecked(ClientCalls.java:214)
	at org.apache.ratis.thirdparty.io.grpc.stub.ClientCalls.blockingUnaryCall(ClientCalls.java:139)
	at org.apache.ratis.proto.grpc.RaftServerProtocolServiceGrpc$RaftServerProtocolServiceBlockingStub.requestVote(RaftServerProtocolServiceGrpc.java:265)
	at org.apache.ratis.grpc.server.GrpcServerProtocolClient.requestVote(GrpcServerProtocolClient.java:90)
	at org.apache.ratis.grpc.server.GrpcService.requestVote(GrpcService.java:204)
	at org.apache.ratis.server.impl.LeaderElection.lambda$submitRequests$1(LeaderElection.java:238)
	at java.util.concurrent.FutureTask.run(FutureTask.java:266)
	at java.util.concurrent.Executors$RunnableAdapter.call(Executors.java:511)
	at java.util.concurrent.FutureTask.run(FutureTask.java:266)
	at java.util.concurrent.ThreadPoolExecutor.runWorker(ThreadPoolExecutor.java:1149)
	at java.util.concurrent.ThreadPoolExecutor$Worker.run(ThreadPoolExecutor.java:624)
	... 1 more
Caused by: org.apache.ratis.thirdparty.io.netty.channel.AbstractChannel$AnnotatedConnectException: Connection refused: /192.168.34.52:38245
	at sun.nio.ch.SocketChannelImpl.checkConnect(Native Method)
	at sun.nio.ch.SocketChannelImpl.finishConnect(SocketChannelImpl.java:717)
	at org.apache.ratis.thirdparty.io.netty.channel.socket.nio.NioSocketChannel.doFinishConnect(NioSocketChannel.java:327)
	at org.apache.ratis.thirdparty.io.netty.channel.nio.AbstractNioChannel$AbstractNioUnsafe.finishConnect(AbstractNioChannel.java:340)
	at org.apache.ratis.thirdparty.io.netty.channel.nio.NioEventLoop.processSelectedKey(NioEventLoop.java:632)
	at org.apache.ratis.thirdparty.io.netty.channel.nio.NioEventLoop.processSelectedKeysOptimized(NioEventLoop.java:579)
	at org.apache.ratis.thirdparty.io.netty.channel.nio.NioEventLoop.processSelectedKeys(NioEventLoop.java:496)
	at org.apache.ratis.thirdparty.io.netty.channel.nio.NioEventLoop.run(NioEventLoop.java:458)
	at org.apache.ratis.thirdparty.io.netty.util.concurrent.SingleThreadEventExecutor$5.run(SingleThreadEventExecutor.java:897)
	at org.apache.ratis.thirdparty.io.netty.util.concurrent.FastThreadLocalRunnable.run(FastThreadLocalRunnable.java:30)
	... 1 more
Caused by: java.net.ConnectException: Connection refused
	... 11 more
2019-09-12 06:40:26,043 [760f3a61-bfa2-4d4e-85d8-817950efb624@group-B034F0427A69:LeaderElection35] INFO  impl.RaftServerImpl (RaftServerImpl.java:setRole(174)) - 760f3a61-bfa2-4d4e-85d8-817950efb624@group-B034F0427A69: changes role from CANDIDATE to FOLLOWER at term 13 for DISCOVERED_A_NEW_TERM
2019-09-12 06:40:26,044 [760f3a61-bfa2-4d4e-85d8-817950efb624@group-B034F0427A69:LeaderElection35] INFO  impl.RoleInfo (RoleInfo.java:shutdownLeaderElection(134)) - 760f3a61-bfa2-4d4e-85d8-817950efb624: shutdown LeaderElection
2019-09-12 06:40:26,044 [760f3a61-bfa2-4d4e-85d8-817950efb624@group-B034F0427A69:LeaderElection35] INFO  impl.RoleInfo (RoleInfo.java:updateAndGet(143)) - 760f3a61-bfa2-4d4e-85d8-817950efb624: start FollowerState
2019-09-12 06:40:26,298 [java.util.concurrent.ThreadPoolExecutor$Worker@3e497bcb[State = -1, empty queue]] WARN  server.GrpcLogAppender (GrpcLogAppender.java:timeoutAppendRequest(200)) - 5ecf13a7-acad-498a-ad7b-6f285dbc97e2@group-C5E42DFE1AE1->e1cdc330-b298-4f7e-9f8c-e697349a5e69-GrpcLogAppender: appendEntries Timeout, request=5ecf13a7-acad-498a-ad7b-6f285dbc97e2->e1cdc330-b298-4f7e-9f8c-e697349a5e69#146-t2, previous=(t:2, i:20), leaderCommit=16, initializing? false, entries: <empty>
2019-09-12 06:40:26,298 [java.util.concurrent.ThreadPoolExecutor$Worker@6586fa4d[State = -1, empty queue]] WARN  server.GrpcLogAppender (GrpcLogAppender.java:timeoutAppendRequest(200)) - 5ecf13a7-acad-498a-ad7b-6f285dbc97e2@group-C5E42DFE1AE1->996a256c-fd43-494a-96f3-903b907c5248-GrpcLogAppender: appendEntries Timeout, request=5ecf13a7-acad-498a-ad7b-6f285dbc97e2->996a256c-fd43-494a-96f3-903b907c5248#146-t2, previous=(t:2, i:20), leaderCommit=16, initializing? false, entries: <empty>
2019-09-12 06:40:26,507 [java.util.concurrent.ThreadPoolExecutor$Worker@24fb95e3[State = -1, empty queue]] WARN  server.GrpcLogAppender (GrpcLogAppender.java:timeoutAppendRequest(200)) - 24c53ee4-03df-424b-8e99-1fd221f7be60@group-3C3ABBECBF4F->3ae969e4-2e35-40bf-9e0e-95acae9da5a5-GrpcLogAppender: appendEntries Timeout, request=24c53ee4-03df-424b-8e99-1fd221f7be60->3ae969e4-2e35-40bf-9e0e-95acae9da5a5#147-t2, previous=(t:2, i:20), leaderCommit=16, initializing? false, entries: <empty>
2019-09-12 06:40:26,507 [java.util.concurrent.ThreadPoolExecutor$Worker@7bd075af[State = -1, empty queue]] WARN  server.GrpcLogAppender (GrpcLogAppender.java:timeoutAppendRequest(200)) - 24c53ee4-03df-424b-8e99-1fd221f7be60@group-3C3ABBECBF4F->d503967e-137a-4fd9-bc45-44203e981a69-GrpcLogAppender: appendEntries Timeout, request=24c53ee4-03df-424b-8e99-1fd221f7be60->d503967e-137a-4fd9-bc45-44203e981a69#147-t2, previous=(t:2, i:20), leaderCommit=16, initializing? false, entries: <empty>
2019-09-12 06:40:26,798 [java.util.concurrent.ThreadPoolExecutor$Worker@3e497bcb[State = -1, empty queue]] WARN  server.GrpcLogAppender (GrpcLogAppender.java:timeoutAppendRequest(200)) - 5ecf13a7-acad-498a-ad7b-6f285dbc97e2@group-C5E42DFE1AE1->e1cdc330-b298-4f7e-9f8c-e697349a5e69-GrpcLogAppender: appendEntries Timeout, request=5ecf13a7-acad-498a-ad7b-6f285dbc97e2->e1cdc330-b298-4f7e-9f8c-e697349a5e69#147-t2, previous=(t:2, i:20), leaderCommit=16, initializing? false, entries: <empty>
2019-09-12 06:40:26,798 [java.util.concurrent.ThreadPoolExecutor$Worker@6586fa4d[State = -1, empty queue]] WARN  server.GrpcLogAppender (GrpcLogAppender.java:timeoutAppendRequest(200)) - 5ecf13a7-acad-498a-ad7b-6f285dbc97e2@group-C5E42DFE1AE1->996a256c-fd43-494a-96f3-903b907c5248-GrpcLogAppender: appendEntries Timeout, request=5ecf13a7-acad-498a-ad7b-6f285dbc97e2->996a256c-fd43-494a-96f3-903b907c5248#147-t2, previous=(t:2, i:20), leaderCommit=16, initializing? false, entries: <empty>
2019-09-12 06:40:27,008 [java.util.concurrent.ThreadPoolExecutor$Worker@7bd075af[State = -1, empty queue]] WARN  server.GrpcLogAppender (GrpcLogAppender.java:timeoutAppendRequest(200)) - 24c53ee4-03df-424b-8e99-1fd221f7be60@group-3C3ABBECBF4F->d503967e-137a-4fd9-bc45-44203e981a69-GrpcLogAppender: appendEntries Timeout, request=24c53ee4-03df-424b-8e99-1fd221f7be60->d503967e-137a-4fd9-bc45-44203e981a69#148-t2, previous=(t:2, i:20), leaderCommit=16, initializing? false, entries: <empty>
2019-09-12 06:40:27,008 [java.util.concurrent.ThreadPoolExecutor$Worker@24fb95e3[State = -1, empty queue]] WARN  server.GrpcLogAppender (GrpcLogAppender.java:timeoutAppendRequest(200)) - 24c53ee4-03df-424b-8e99-1fd221f7be60@group-3C3ABBECBF4F->3ae969e4-2e35-40bf-9e0e-95acae9da5a5-GrpcLogAppender: appendEntries Timeout, request=24c53ee4-03df-424b-8e99-1fd221f7be60->3ae969e4-2e35-40bf-9e0e-95acae9da5a5#148-t2, previous=(t:2, i:20), leaderCommit=16, initializing? false, entries: <empty>
2019-09-12 06:40:27,196 [Thread-1417] INFO  impl.FollowerState (FollowerState.java:run(106)) - 760f3a61-bfa2-4d4e-85d8-817950efb624:group-B034F0427A69 changes to CANDIDATE, lastRpcTime:1152, electionTimeout:1152ms
2019-09-12 06:40:27,196 [Thread-1417] INFO  impl.RoleInfo (RoleInfo.java:shutdownFollowerState(121)) - 760f3a61-bfa2-4d4e-85d8-817950efb624: shutdown FollowerState
2019-09-12 06:40:27,196 [Thread-1417] INFO  impl.RaftServerImpl (RaftServerImpl.java:setRole(174)) - 760f3a61-bfa2-4d4e-85d8-817950efb624@group-B034F0427A69: changes role from  FOLLOWER to CANDIDATE at term 13 for changeToCandidate
2019-09-12 06:40:27,197 [Thread-1417] INFO  impl.RoleInfo (RoleInfo.java:updateAndGet(143)) - 760f3a61-bfa2-4d4e-85d8-817950efb624: start LeaderElection
2019-09-12 06:40:27,221 [760f3a61-bfa2-4d4e-85d8-817950efb624@group-B034F0427A69:LeaderElection36] INFO  impl.LeaderElection (LeaderElection.java:askForVotes(182)) - 760f3a61-bfa2-4d4e-85d8-817950efb624@group-B034F0427A69:LeaderElection36: begin an election at term 14 for 17: [760f3a61-bfa2-4d4e-85d8-817950efb624:192.168.34.52:44136, 9d685984-4448-42b4-b390-543822753f3a:192.168.34.52:35205, e48d04e8-2c1f-410d-8bfb-5a732d356112:192.168.34.52:38245], old=null
2019-09-12 06:40:27,222 [760f3a61-bfa2-4d4e-85d8-817950efb624@group-B034F0427A69:LeaderElection36] INFO  impl.LeaderElection (LogUtils.java:infoOrTrace(149)) - 760f3a61-bfa2-4d4e-85d8-817950efb624@group-B034F0427A69:LeaderElection36 got exception when requesting votes: {}
java.util.concurrent.ExecutionException: org.apache.ratis.thirdparty.io.grpc.StatusRuntimeException: UNAVAILABLE: io exception
	at java.util.concurrent.FutureTask.report(FutureTask.java:122)
	at java.util.concurrent.FutureTask.get(FutureTask.java:192)
	at org.apache.ratis.server.impl.LeaderElection.waitForResults(LeaderElection.java:263)
	at org.apache.ratis.server.impl.LeaderElection.askForVotes(LeaderElection.java:201)
	at org.apache.ratis.server.impl.LeaderElection.run(LeaderElection.java:133)
	at java.lang.Thread.run(Thread.java:748)
Caused by: org.apache.ratis.thirdparty.io.grpc.StatusRuntimeException: UNAVAILABLE: io exception
	at org.apache.ratis.thirdparty.io.grpc.stub.ClientCalls.toStatusRuntimeException(ClientCalls.java:233)
	at org.apache.ratis.thirdparty.io.grpc.stub.ClientCalls.getUnchecked(ClientCalls.java:214)
	at org.apache.ratis.thirdparty.io.grpc.stub.ClientCalls.blockingUnaryCall(ClientCalls.java:139)
	at org.apache.ratis.proto.grpc.RaftServerProtocolServiceGrpc$RaftServerProtocolServiceBlockingStub.requestVote(RaftServerProtocolServiceGrpc.java:265)
	at org.apache.ratis.grpc.server.GrpcServerProtocolClient.requestVote(GrpcServerProtocolClient.java:90)
	at org.apache.ratis.grpc.server.GrpcService.requestVote(GrpcService.java:204)
	at org.apache.ratis.server.impl.LeaderElection.lambda$submitRequests$1(LeaderElection.java:238)
	at java.util.concurrent.FutureTask.run(FutureTask.java:266)
	at java.util.concurrent.Executors$RunnableAdapter.call(Executors.java:511)
	at java.util.concurrent.FutureTask.run(FutureTask.java:266)
	at java.util.concurrent.ThreadPoolExecutor.runWorker(ThreadPoolExecutor.java:1149)
	at java.util.concurrent.ThreadPoolExecutor$Worker.run(ThreadPoolExecutor.java:624)
	... 1 more
Caused by: org.apache.ratis.thirdparty.io.netty.channel.AbstractChannel$AnnotatedConnectException: Connection refused: /192.168.34.52:35205
	at sun.nio.ch.SocketChannelImpl.checkConnect(Native Method)
	at sun.nio.ch.SocketChannelImpl.finishConnect(SocketChannelImpl.java:717)
	at org.apache.ratis.thirdparty.io.netty.channel.socket.nio.NioSocketChannel.doFinishConnect(NioSocketChannel.java:327)
	at org.apache.ratis.thirdparty.io.netty.channel.nio.AbstractNioChannel$AbstractNioUnsafe.finishConnect(AbstractNioChannel.java:340)
	at org.apache.ratis.thirdparty.io.netty.channel.nio.NioEventLoop.processSelectedKey(NioEventLoop.java:632)
	at org.apache.ratis.thirdparty.io.netty.channel.nio.NioEventLoop.processSelectedKeysOptimized(NioEventLoop.java:579)
	at org.apache.ratis.thirdparty.io.netty.channel.nio.NioEventLoop.processSelectedKeys(NioEventLoop.java:496)
	at org.apache.ratis.thirdparty.io.netty.channel.nio.NioEventLoop.run(NioEventLoop.java:458)
	at org.apache.ratis.thirdparty.io.netty.util.concurrent.SingleThreadEventExecutor$5.run(SingleThreadEventExecutor.java:897)
	at org.apache.ratis.thirdparty.io.netty.util.concurrent.FastThreadLocalRunnable.run(FastThreadLocalRunnable.java:30)
	... 1 more
Caused by: java.net.ConnectException: Connection refused
	... 11 more
2019-09-12 06:40:27,224 [760f3a61-bfa2-4d4e-85d8-817950efb624@group-B034F0427A69:LeaderElection36] INFO  impl.LeaderElection (LogUtils.java:infoOrTrace(149)) - 760f3a61-bfa2-4d4e-85d8-817950efb624@group-B034F0427A69:LeaderElection36 got exception when requesting votes: {}
java.util.concurrent.ExecutionException: org.apache.ratis.thirdparty.io.grpc.StatusRuntimeException: UNAVAILABLE: io exception
	at java.util.concurrent.FutureTask.report(FutureTask.java:122)
	at java.util.concurrent.FutureTask.get(FutureTask.java:192)
	at org.apache.ratis.server.impl.LeaderElection.waitForResults(LeaderElection.java:263)
	at org.apache.ratis.server.impl.LeaderElection.askForVotes(LeaderElection.java:201)
	at org.apache.ratis.server.impl.LeaderElection.run(LeaderElection.java:133)
	at java.lang.Thread.run(Thread.java:748)
Caused by: org.apache.ratis.thirdparty.io.grpc.StatusRuntimeException: UNAVAILABLE: io exception
	at org.apache.ratis.thirdparty.io.grpc.stub.ClientCalls.toStatusRuntimeException(ClientCalls.java:233)
	at org.apache.ratis.thirdparty.io.grpc.stub.ClientCalls.getUnchecked(ClientCalls.java:214)
	at org.apache.ratis.thirdparty.io.grpc.stub.ClientCalls.blockingUnaryCall(ClientCalls.java:139)
	at org.apache.ratis.proto.grpc.RaftServerProtocolServiceGrpc$RaftServerProtocolServiceBlockingStub.requestVote(RaftServerProtocolServiceGrpc.java:265)
	at org.apache.ratis.grpc.server.GrpcServerProtocolClient.requestVote(GrpcServerProtocolClient.java:90)
	at org.apache.ratis.grpc.server.GrpcService.requestVote(GrpcService.java:204)
	at org.apache.ratis.server.impl.LeaderElection.lambda$submitRequests$1(LeaderElection.java:238)
	at java.util.concurrent.FutureTask.run(FutureTask.java:266)
	at java.util.concurrent.Executors$RunnableAdapter.call(Executors.java:511)
	at java.util.concurrent.FutureTask.run(FutureTask.java:266)
	at java.util.concurrent.ThreadPoolExecutor.runWorker(ThreadPoolExecutor.java:1149)
	at java.util.concurrent.ThreadPoolExecutor$Worker.run(ThreadPoolExecutor.java:624)
	... 1 more
Caused by: org.apache.ratis.thirdparty.io.netty.channel.AbstractChannel$AnnotatedConnectException: Connection refused: /192.168.34.52:38245
	at sun.nio.ch.SocketChannelImpl.checkConnect(Native Method)
	at sun.nio.ch.SocketChannelImpl.finishConnect(SocketChannelImpl.java:717)
	at org.apache.ratis.thirdparty.io.netty.channel.socket.nio.NioSocketChannel.doFinishConnect(NioSocketChannel.java:327)
	at org.apache.ratis.thirdparty.io.netty.channel.nio.AbstractNioChannel$AbstractNioUnsafe.finishConnect(AbstractNioChannel.java:340)
	at org.apache.ratis.thirdparty.io.netty.channel.nio.NioEventLoop.processSelectedKey(NioEventLoop.java:632)
	at org.apache.ratis.thirdparty.io.netty.channel.nio.NioEventLoop.processSelectedKeysOptimized(NioEventLoop.java:579)
	at org.apache.ratis.thirdparty.io.netty.channel.nio.NioEventLoop.processSelectedKeys(NioEventLoop.java:496)
	at org.apache.ratis.thirdparty.io.netty.channel.nio.NioEventLoop.run(NioEventLoop.java:458)
	at org.apache.ratis.thirdparty.io.netty.util.concurrent.SingleThreadEventExecutor$5.run(SingleThreadEventExecutor.java:897)
	at org.apache.ratis.thirdparty.io.netty.util.concurrent.FastThreadLocalRunnable.run(FastThreadLocalRunnable.java:30)
	... 1 more
Caused by: java.net.ConnectException: Connection refused
	... 11 more
2019-09-12 06:40:27,226 [760f3a61-bfa2-4d4e-85d8-817950efb624@group-B034F0427A69:LeaderElection36] INFO  impl.LeaderElection (LeaderElection.java:logAndReturn(56)) - 760f3a61-bfa2-4d4e-85d8-817950efb624@group-B034F0427A69:LeaderElection36: Election REJECTED; received 0 response(s) [] and 2 exception(s); 760f3a61-bfa2-4d4e-85d8-817950efb624@group-B034F0427A69:t14, leader=null, voted=760f3a61-bfa2-4d4e-85d8-817950efb624, raftlog=760f3a61-bfa2-4d4e-85d8-817950efb624@group-B034F0427A69-SegmentedRaftLog:OPENED:c30,f30,i30, conf=17: [760f3a61-bfa2-4d4e-85d8-817950efb624:192.168.34.52:44136, 9d685984-4448-42b4-b390-543822753f3a:192.168.34.52:35205, e48d04e8-2c1f-410d-8bfb-5a732d356112:192.168.34.52:38245], old=null
2019-09-12 06:40:27,226 [760f3a61-bfa2-4d4e-85d8-817950efb624@group-B034F0427A69:LeaderElection36] INFO  impl.LeaderElection (LogUtils.java:infoOrTrace(149)) -   Exception 0: {}
java.util.concurrent.ExecutionException: org.apache.ratis.thirdparty.io.grpc.StatusRuntimeException: UNAVAILABLE: io exception
	at java.util.concurrent.FutureTask.report(FutureTask.java:122)
	at java.util.concurrent.FutureTask.get(FutureTask.java:192)
	at org.apache.ratis.server.impl.LeaderElection.waitForResults(LeaderElection.java:263)
	at org.apache.ratis.server.impl.LeaderElection.askForVotes(LeaderElection.java:201)
	at org.apache.ratis.server.impl.LeaderElection.run(LeaderElection.java:133)
	at java.lang.Thread.run(Thread.java:748)
Caused by: org.apache.ratis.thirdparty.io.grpc.StatusRuntimeException: UNAVAILABLE: io exception
	at org.apache.ratis.thirdparty.io.grpc.stub.ClientCalls.toStatusRuntimeException(ClientCalls.java:233)
	at org.apache.ratis.thirdparty.io.grpc.stub.ClientCalls.getUnchecked(ClientCalls.java:214)
	at org.apache.ratis.thirdparty.io.grpc.stub.ClientCalls.blockingUnaryCall(ClientCalls.java:139)
	at org.apache.ratis.proto.grpc.RaftServerProtocolServiceGrpc$RaftServerProtocolServiceBlockingStub.requestVote(RaftServerProtocolServiceGrpc.java:265)
	at org.apache.ratis.grpc.server.GrpcServerProtocolClient.requestVote(GrpcServerProtocolClient.java:90)
	at org.apache.ratis.grpc.server.GrpcService.requestVote(GrpcService.java:204)
	at org.apache.ratis.server.impl.LeaderElection.lambda$submitRequests$1(LeaderElection.java:238)
	at java.util.concurrent.FutureTask.run(FutureTask.java:266)
	at java.util.concurrent.Executors$RunnableAdapter.call(Executors.java:511)
	at java.util.concurrent.FutureTask.run(FutureTask.java:266)
	at java.util.concurrent.ThreadPoolExecutor.runWorker(ThreadPoolExecutor.java:1149)
	at java.util.concurrent.ThreadPoolExecutor$Worker.run(ThreadPoolExecutor.java:624)
	... 1 more
Caused by: org.apache.ratis.thirdparty.io.netty.channel.AbstractChannel$AnnotatedConnectException: Connection refused: /192.168.34.52:35205
	at sun.nio.ch.SocketChannelImpl.checkConnect(Native Method)
	at sun.nio.ch.SocketChannelImpl.finishConnect(SocketChannelImpl.java:717)
	at org.apache.ratis.thirdparty.io.netty.channel.socket.nio.NioSocketChannel.doFinishConnect(NioSocketChannel.java:327)
	at org.apache.ratis.thirdparty.io.netty.channel.nio.AbstractNioChannel$AbstractNioUnsafe.finishConnect(AbstractNioChannel.java:340)
	at org.apache.ratis.thirdparty.io.netty.channel.nio.NioEventLoop.processSelectedKey(NioEventLoop.java:632)
	at org.apache.ratis.thirdparty.io.netty.channel.nio.NioEventLoop.processSelectedKeysOptimized(NioEventLoop.java:579)
	at org.apache.ratis.thirdparty.io.netty.channel.nio.NioEventLoop.processSelectedKeys(NioEventLoop.java:496)
	at org.apache.ratis.thirdparty.io.netty.channel.nio.NioEventLoop.run(NioEventLoop.java:458)
	at org.apache.ratis.thirdparty.io.netty.util.concurrent.SingleThreadEventExecutor$5.run(SingleThreadEventExecutor.java:897)
	at org.apache.ratis.thirdparty.io.netty.util.concurrent.FastThreadLocalRunnable.run(FastThreadLocalRunnable.java:30)
	... 1 more
Caused by: java.net.ConnectException: Connection refused
	... 11 more
2019-09-12 06:40:27,227 [760f3a61-bfa2-4d4e-85d8-817950efb624@group-B034F0427A69:LeaderElection36] INFO  impl.LeaderElection (LogUtils.java:infoOrTrace(149)) -   Exception 1: {}
java.util.concurrent.ExecutionException: org.apache.ratis.thirdparty.io.grpc.StatusRuntimeException: UNAVAILABLE: io exception
	at java.util.concurrent.FutureTask.report(FutureTask.java:122)
	at java.util.concurrent.FutureTask.get(FutureTask.java:192)
	at org.apache.ratis.server.impl.LeaderElection.waitForResults(LeaderElection.java:263)
	at org.apache.ratis.server.impl.LeaderElection.askForVotes(LeaderElection.java:201)
	at org.apache.ratis.server.impl.LeaderElection.run(LeaderElection.java:133)
	at java.lang.Thread.run(Thread.java:748)
Caused by: org.apache.ratis.thirdparty.io.grpc.StatusRuntimeException: UNAVAILABLE: io exception
	at org.apache.ratis.thirdparty.io.grpc.stub.ClientCalls.toStatusRuntimeException(ClientCalls.java:233)
	at org.apache.ratis.thirdparty.io.grpc.stub.ClientCalls.getUnchecked(ClientCalls.java:214)
	at org.apache.ratis.thirdparty.io.grpc.stub.ClientCalls.blockingUnaryCall(ClientCalls.java:139)
	at org.apache.ratis.proto.grpc.RaftServerProtocolServiceGrpc$RaftServerProtocolServiceBlockingStub.requestVote(RaftServerProtocolServiceGrpc.java:265)
	at org.apache.ratis.grpc.server.GrpcServerProtocolClient.requestVote(GrpcServerProtocolClient.java:90)
	at org.apache.ratis.grpc.server.GrpcService.requestVote(GrpcService.java:204)
	at org.apache.ratis.server.impl.LeaderElection.lambda$submitRequests$1(LeaderElection.java:238)
	at java.util.concurrent.FutureTask.run(FutureTask.java:266)
	at java.util.concurrent.Executors$RunnableAdapter.call(Executors.java:511)
	at java.util.concurrent.FutureTask.run(FutureTask.java:266)
	at java.util.concurrent.ThreadPoolExecutor.runWorker(ThreadPoolExecutor.java:1149)
	at java.util.concurrent.ThreadPoolExecutor$Worker.run(ThreadPoolExecutor.java:624)
	... 1 more
Caused by: org.apache.ratis.thirdparty.io.netty.channel.AbstractChannel$AnnotatedConnectException: Connection refused: /192.168.34.52:38245
	at sun.nio.ch.SocketChannelImpl.checkConnect(Native Method)
	at sun.nio.ch.SocketChannelImpl.finishConnect(SocketChannelImpl.java:717)
	at org.apache.ratis.thirdparty.io.netty.channel.socket.nio.NioSocketChannel.doFinishConnect(NioSocketChannel.java:327)
	at org.apache.ratis.thirdparty.io.netty.channel.nio.AbstractNioChannel$AbstractNioUnsafe.finishConnect(AbstractNioChannel.java:340)
	at org.apache.ratis.thirdparty.io.netty.channel.nio.NioEventLoop.processSelectedKey(NioEventLoop.java:632)
	at org.apache.ratis.thirdparty.io.netty.channel.nio.NioEventLoop.processSelectedKeysOptimized(NioEventLoop.java:579)
	at org.apache.ratis.thirdparty.io.netty.channel.nio.NioEventLoop.processSelectedKeys(NioEventLoop.java:496)
	at org.apache.ratis.thirdparty.io.netty.channel.nio.NioEventLoop.run(NioEventLoop.java:458)
	at org.apache.ratis.thirdparty.io.netty.util.concurrent.SingleThreadEventExecutor$5.run(SingleThreadEventExecutor.java:897)
	at org.apache.ratis.thirdparty.io.netty.util.concurrent.FastThreadLocalRunnable.run(FastThreadLocalRunnable.java:30)
	... 1 more
Caused by: java.net.ConnectException: Connection refused
	... 11 more
2019-09-12 06:40:27,227 [760f3a61-bfa2-4d4e-85d8-817950efb624@group-B034F0427A69:LeaderElection36] INFO  impl.RaftServerImpl (RaftServerImpl.java:setRole(174)) - 760f3a61-bfa2-4d4e-85d8-817950efb624@group-B034F0427A69: changes role from CANDIDATE to FOLLOWER at term 14 for DISCOVERED_A_NEW_TERM
2019-09-12 06:40:27,228 [760f3a61-bfa2-4d4e-85d8-817950efb624@group-B034F0427A69:LeaderElection36] INFO  impl.RoleInfo (RoleInfo.java:shutdownLeaderElection(134)) - 760f3a61-bfa2-4d4e-85d8-817950efb624: shutdown LeaderElection
2019-09-12 06:40:27,228 [760f3a61-bfa2-4d4e-85d8-817950efb624@group-B034F0427A69:LeaderElection36] INFO  impl.RoleInfo (RoleInfo.java:updateAndGet(143)) - 760f3a61-bfa2-4d4e-85d8-817950efb624: start FollowerState
2019-09-12 06:40:27,299 [java.util.concurrent.ThreadPoolExecutor$Worker@3e497bcb[State = -1, empty queue]] WARN  server.GrpcLogAppender (GrpcLogAppender.java:timeoutAppendRequest(200)) - 5ecf13a7-acad-498a-ad7b-6f285dbc97e2@group-C5E42DFE1AE1->e1cdc330-b298-4f7e-9f8c-e697349a5e69-GrpcLogAppender: appendEntries Timeout, request=5ecf13a7-acad-498a-ad7b-6f285dbc97e2->e1cdc330-b298-4f7e-9f8c-e697349a5e69#148-t2, previous=(t:2, i:20), leaderCommit=16, initializing? false, entries: <empty>
2019-09-12 06:40:27,299 [java.util.concurrent.ThreadPoolExecutor$Worker@6586fa4d[State = -1, empty queue]] WARN  server.GrpcLogAppender (GrpcLogAppender.java:timeoutAppendRequest(200)) - 5ecf13a7-acad-498a-ad7b-6f285dbc97e2@group-C5E42DFE1AE1->996a256c-fd43-494a-96f3-903b907c5248-GrpcLogAppender: appendEntries Timeout, request=5ecf13a7-acad-498a-ad7b-6f285dbc97e2->996a256c-fd43-494a-96f3-903b907c5248#148-t2, previous=(t:2, i:20), leaderCommit=16, initializing? false, entries: <empty>
2019-09-12 06:40:27,508 [java.util.concurrent.ThreadPoolExecutor$Worker@24fb95e3[State = -1, empty queue]] WARN  server.GrpcLogAppender (GrpcLogAppender.java:timeoutAppendRequest(200)) - 24c53ee4-03df-424b-8e99-1fd221f7be60@group-3C3ABBECBF4F->3ae969e4-2e35-40bf-9e0e-95acae9da5a5-GrpcLogAppender: appendEntries Timeout, request=24c53ee4-03df-424b-8e99-1fd221f7be60->3ae969e4-2e35-40bf-9e0e-95acae9da5a5#149-t2, previous=(t:2, i:20), leaderCommit=16, initializing? false, entries: <empty>
2019-09-12 06:40:27,508 [java.util.concurrent.ThreadPoolExecutor$Worker@7bd075af[State = -1, empty queue]] WARN  server.GrpcLogAppender (GrpcLogAppender.java:timeoutAppendRequest(200)) - 24c53ee4-03df-424b-8e99-1fd221f7be60@group-3C3ABBECBF4F->d503967e-137a-4fd9-bc45-44203e981a69-GrpcLogAppender: appendEntries Timeout, request=24c53ee4-03df-424b-8e99-1fd221f7be60->d503967e-137a-4fd9-bc45-44203e981a69#149-t2, previous=(t:2, i:20), leaderCommit=16, initializing? false, entries: <empty>
2019-09-12 06:40:27,799 [java.util.concurrent.ThreadPoolExecutor$Worker@3e497bcb[State = -1, empty queue]] WARN  server.GrpcLogAppender (GrpcLogAppender.java:timeoutAppendRequest(200)) - 5ecf13a7-acad-498a-ad7b-6f285dbc97e2@group-C5E42DFE1AE1->e1cdc330-b298-4f7e-9f8c-e697349a5e69-GrpcLogAppender: appendEntries Timeout, request=5ecf13a7-acad-498a-ad7b-6f285dbc97e2->e1cdc330-b298-4f7e-9f8c-e697349a5e69#149-t2, previous=(t:2, i:20), leaderCommit=16, initializing? false, entries: <empty>
2019-09-12 06:40:27,799 [java.util.concurrent.ThreadPoolExecutor$Worker@6586fa4d[State = -1, empty queue]] WARN  server.GrpcLogAppender (GrpcLogAppender.java:timeoutAppendRequest(200)) - 5ecf13a7-acad-498a-ad7b-6f285dbc97e2@group-C5E42DFE1AE1->996a256c-fd43-494a-96f3-903b907c5248-GrpcLogAppender: appendEntries Timeout, request=5ecf13a7-acad-498a-ad7b-6f285dbc97e2->996a256c-fd43-494a-96f3-903b907c5248#149-t2, previous=(t:2, i:20), leaderCommit=16, initializing? false, entries: <empty>
2019-09-12 06:40:28,008 [java.util.concurrent.ThreadPoolExecutor$Worker@7bd075af[State = -1, empty queue]] WARN  server.GrpcLogAppender (GrpcLogAppender.java:timeoutAppendRequest(200)) - 24c53ee4-03df-424b-8e99-1fd221f7be60@group-3C3ABBECBF4F->d503967e-137a-4fd9-bc45-44203e981a69-GrpcLogAppender: appendEntries Timeout, request=24c53ee4-03df-424b-8e99-1fd221f7be60->d503967e-137a-4fd9-bc45-44203e981a69#150-t2, previous=(t:2, i:20), leaderCommit=16, initializing? false, entries: <empty>
2019-09-12 06:40:28,008 [java.util.concurrent.ThreadPoolExecutor$Worker@24fb95e3[State = -1, empty queue]] WARN  server.GrpcLogAppender (GrpcLogAppender.java:timeoutAppendRequest(200)) - 24c53ee4-03df-424b-8e99-1fd221f7be60@group-3C3ABBECBF4F->3ae969e4-2e35-40bf-9e0e-95acae9da5a5-GrpcLogAppender: appendEntries Timeout, request=24c53ee4-03df-424b-8e99-1fd221f7be60->3ae969e4-2e35-40bf-9e0e-95acae9da5a5#150-t2, previous=(t:2, i:20), leaderCommit=16, initializing? false, entries: <empty>
2019-09-12 06:40:28,299 [java.util.concurrent.ThreadPoolExecutor$Worker@3e497bcb[State = -1, empty queue]] WARN  server.GrpcLogAppender (GrpcLogAppender.java:timeoutAppendRequest(200)) - 5ecf13a7-acad-498a-ad7b-6f285dbc97e2@group-C5E42DFE1AE1->e1cdc330-b298-4f7e-9f8c-e697349a5e69-GrpcLogAppender: appendEntries Timeout, request=5ecf13a7-acad-498a-ad7b-6f285dbc97e2->e1cdc330-b298-4f7e-9f8c-e697349a5e69#150-t2, previous=(t:2, i:20), leaderCommit=16, initializing? false, entries: <empty>
2019-09-12 06:40:28,299 [java.util.concurrent.ThreadPoolExecutor$Worker@6586fa4d[State = -1, empty queue]] WARN  server.GrpcLogAppender (GrpcLogAppender.java:timeoutAppendRequest(200)) - 5ecf13a7-acad-498a-ad7b-6f285dbc97e2@group-C5E42DFE1AE1->996a256c-fd43-494a-96f3-903b907c5248-GrpcLogAppender: appendEntries Timeout, request=5ecf13a7-acad-498a-ad7b-6f285dbc97e2->996a256c-fd43-494a-96f3-903b907c5248#150-t2, previous=(t:2, i:20), leaderCommit=16, initializing? false, entries: <empty>
2019-09-12 06:40:28,385 [Thread-1429] INFO  impl.FollowerState (FollowerState.java:run(106)) - 760f3a61-bfa2-4d4e-85d8-817950efb624:group-B034F0427A69 changes to CANDIDATE, lastRpcTime:1156, electionTimeout:1156ms
2019-09-12 06:40:28,385 [Thread-1429] INFO  impl.RoleInfo (RoleInfo.java:shutdownFollowerState(121)) - 760f3a61-bfa2-4d4e-85d8-817950efb624: shutdown FollowerState
2019-09-12 06:40:28,385 [Thread-1429] INFO  impl.RaftServerImpl (RaftServerImpl.java:setRole(174)) - 760f3a61-bfa2-4d4e-85d8-817950efb624@group-B034F0427A69: changes role from  FOLLOWER to CANDIDATE at term 14 for changeToCandidate
2019-09-12 06:40:28,385 [Thread-1429] INFO  impl.RoleInfo (RoleInfo.java:updateAndGet(143)) - 760f3a61-bfa2-4d4e-85d8-817950efb624: start LeaderElection
2019-09-12 06:40:28,417 [760f3a61-bfa2-4d4e-85d8-817950efb624@group-B034F0427A69:LeaderElection37] INFO  impl.LeaderElection (LeaderElection.java:askForVotes(182)) - 760f3a61-bfa2-4d4e-85d8-817950efb624@group-B034F0427A69:LeaderElection37: begin an election at term 15 for 17: [760f3a61-bfa2-4d4e-85d8-817950efb624:192.168.34.52:44136, 9d685984-4448-42b4-b390-543822753f3a:192.168.34.52:35205, e48d04e8-2c1f-410d-8bfb-5a732d356112:192.168.34.52:38245], old=null
2019-09-12 06:40:28,420 [760f3a61-bfa2-4d4e-85d8-817950efb624@group-B034F0427A69:LeaderElection37] INFO  impl.LeaderElection (LogUtils.java:infoOrTrace(149)) - 760f3a61-bfa2-4d4e-85d8-817950efb624@group-B034F0427A69:LeaderElection37 got exception when requesting votes: {}
java.util.concurrent.ExecutionException: org.apache.ratis.thirdparty.io.grpc.StatusRuntimeException: UNAVAILABLE: io exception
	at java.util.concurrent.FutureTask.report(FutureTask.java:122)
	at java.util.concurrent.FutureTask.get(FutureTask.java:192)
	at org.apache.ratis.server.impl.LeaderElection.waitForResults(LeaderElection.java:263)
	at org.apache.ratis.server.impl.LeaderElection.askForVotes(LeaderElection.java:201)
	at org.apache.ratis.server.impl.LeaderElection.run(LeaderElection.java:133)
	at java.lang.Thread.run(Thread.java:748)
Caused by: org.apache.ratis.thirdparty.io.grpc.StatusRuntimeException: UNAVAILABLE: io exception
	at org.apache.ratis.thirdparty.io.grpc.stub.ClientCalls.toStatusRuntimeException(ClientCalls.java:233)
	at org.apache.ratis.thirdparty.io.grpc.stub.ClientCalls.getUnchecked(ClientCalls.java:214)
	at org.apache.ratis.thirdparty.io.grpc.stub.ClientCalls.blockingUnaryCall(ClientCalls.java:139)
	at org.apache.ratis.proto.grpc.RaftServerProtocolServiceGrpc$RaftServerProtocolServiceBlockingStub.requestVote(RaftServerProtocolServiceGrpc.java:265)
	at org.apache.ratis.grpc.server.GrpcServerProtocolClient.requestVote(GrpcServerProtocolClient.java:90)
	at org.apache.ratis.grpc.server.GrpcService.requestVote(GrpcService.java:204)
	at org.apache.ratis.server.impl.LeaderElection.lambda$submitRequests$1(LeaderElection.java:238)
	at java.util.concurrent.FutureTask.run(FutureTask.java:266)
	at java.util.concurrent.Executors$RunnableAdapter.call(Executors.java:511)
	at java.util.concurrent.FutureTask.run(FutureTask.java:266)
	at java.util.concurrent.ThreadPoolExecutor.runWorker(ThreadPoolExecutor.java:1149)
	at java.util.concurrent.ThreadPoolExecutor$Worker.run(ThreadPoolExecutor.java:624)
	... 1 more
Caused by: org.apache.ratis.thirdparty.io.netty.channel.AbstractChannel$AnnotatedConnectException: Connection refused: /192.168.34.52:35205
	at sun.nio.ch.SocketChannelImpl.checkConnect(Native Method)
	at sun.nio.ch.SocketChannelImpl.finishConnect(SocketChannelImpl.java:717)
	at org.apache.ratis.thirdparty.io.netty.channel.socket.nio.NioSocketChannel.doFinishConnect(NioSocketChannel.java:327)
	at org.apache.ratis.thirdparty.io.netty.channel.nio.AbstractNioChannel$AbstractNioUnsafe.finishConnect(AbstractNioChannel.java:340)
	at org.apache.ratis.thirdparty.io.netty.channel.nio.NioEventLoop.processSelectedKey(NioEventLoop.java:632)
	at org.apache.ratis.thirdparty.io.netty.channel.nio.NioEventLoop.processSelectedKeysOptimized(NioEventLoop.java:579)
	at org.apache.ratis.thirdparty.io.netty.channel.nio.NioEventLoop.processSelectedKeys(NioEventLoop.java:496)
	at org.apache.ratis.thirdparty.io.netty.channel.nio.NioEventLoop.run(NioEventLoop.java:458)
	at org.apache.ratis.thirdparty.io.netty.util.concurrent.SingleThreadEventExecutor$5.run(SingleThreadEventExecutor.java:897)
	at org.apache.ratis.thirdparty.io.netty.util.concurrent.FastThreadLocalRunnable.run(FastThreadLocalRunnable.java:30)
	... 1 more
Caused by: java.net.ConnectException: Connection refused
	... 11 more
2019-09-12 06:40:28,423 [760f3a61-bfa2-4d4e-85d8-817950efb624@group-B034F0427A69:LeaderElection37] INFO  impl.LeaderElection (LogUtils.java:infoOrTrace(149)) - 760f3a61-bfa2-4d4e-85d8-817950efb624@group-B034F0427A69:LeaderElection37 got exception when requesting votes: {}
java.util.concurrent.ExecutionException: org.apache.ratis.thirdparty.io.grpc.StatusRuntimeException: UNAVAILABLE: io exception
	at java.util.concurrent.FutureTask.report(FutureTask.java:122)
	at java.util.concurrent.FutureTask.get(FutureTask.java:192)
	at org.apache.ratis.server.impl.LeaderElection.waitForResults(LeaderElection.java:263)
	at org.apache.ratis.server.impl.LeaderElection.askForVotes(LeaderElection.java:201)
	at org.apache.ratis.server.impl.LeaderElection.run(LeaderElection.java:133)
	at java.lang.Thread.run(Thread.java:748)
Caused by: org.apache.ratis.thirdparty.io.grpc.StatusRuntimeException: UNAVAILABLE: io exception
	at org.apache.ratis.thirdparty.io.grpc.stub.ClientCalls.toStatusRuntimeException(ClientCalls.java:233)
	at org.apache.ratis.thirdparty.io.grpc.stub.ClientCalls.getUnchecked(ClientCalls.java:214)
	at org.apache.ratis.thirdparty.io.grpc.stub.ClientCalls.blockingUnaryCall(ClientCalls.java:139)
	at org.apache.ratis.proto.grpc.RaftServerProtocolServiceGrpc$RaftServerProtocolServiceBlockingStub.requestVote(RaftServerProtocolServiceGrpc.java:265)
	at org.apache.ratis.grpc.server.GrpcServerProtocolClient.requestVote(GrpcServerProtocolClient.java:90)
	at org.apache.ratis.grpc.server.GrpcService.requestVote(GrpcService.java:204)
	at org.apache.ratis.server.impl.LeaderElection.lambda$submitRequests$1(LeaderElection.java:238)
	at java.util.concurrent.FutureTask.run(FutureTask.java:266)
	at java.util.concurrent.Executors$RunnableAdapter.call(Executors.java:511)
	at java.util.concurrent.FutureTask.run(FutureTask.java:266)
	at java.util.concurrent.ThreadPoolExecutor.runWorker(ThreadPoolExecutor.java:1149)
	at java.util.concurrent.ThreadPoolExecutor$Worker.run(ThreadPoolExecutor.java:624)
	... 1 more
Caused by: org.apache.ratis.thirdparty.io.netty.channel.AbstractChannel$AnnotatedConnectException: Connection refused: /192.168.34.52:38245
	at sun.nio.ch.SocketChannelImpl.checkConnect(Native Method)
	at sun.nio.ch.SocketChannelImpl.finishConnect(SocketChannelImpl.java:717)
	at org.apache.ratis.thirdparty.io.netty.channel.socket.nio.NioSocketChannel.doFinishConnect(NioSocketChannel.java:327)
	at org.apache.ratis.thirdparty.io.netty.channel.nio.AbstractNioChannel$AbstractNioUnsafe.finishConnect(AbstractNioChannel.java:340)
	at org.apache.ratis.thirdparty.io.netty.channel.nio.NioEventLoop.processSelectedKey(NioEventLoop.java:632)
	at org.apache.ratis.thirdparty.io.netty.channel.nio.NioEventLoop.processSelectedKeysOptimized(NioEventLoop.java:579)
	at org.apache.ratis.thirdparty.io.netty.channel.nio.NioEventLoop.processSelectedKeys(NioEventLoop.java:496)
	at org.apache.ratis.thirdparty.io.netty.channel.nio.NioEventLoop.run(NioEventLoop.java:458)
	at org.apache.ratis.thirdparty.io.netty.util.concurrent.SingleThreadEventExecutor$5.run(SingleThreadEventExecutor.java:897)
	at org.apache.ratis.thirdparty.io.netty.util.concurrent.FastThreadLocalRunnable.run(FastThreadLocalRunnable.java:30)
	... 1 more
Caused by: java.net.ConnectException: Connection refused
	... 11 more
2019-09-12 06:40:28,427 [760f3a61-bfa2-4d4e-85d8-817950efb624@group-B034F0427A69:LeaderElection37] INFO  impl.LeaderElection (LeaderElection.java:logAndReturn(56)) - 760f3a61-bfa2-4d4e-85d8-817950efb624@group-B034F0427A69:LeaderElection37: Election REJECTED; received 0 response(s) [] and 2 exception(s); 760f3a61-bfa2-4d4e-85d8-817950efb624@group-B034F0427A69:t15, leader=null, voted=760f3a61-bfa2-4d4e-85d8-817950efb624, raftlog=760f3a61-bfa2-4d4e-85d8-817950efb624@group-B034F0427A69-SegmentedRaftLog:OPENED:c30,f30,i30, conf=17: [760f3a61-bfa2-4d4e-85d8-817950efb624:192.168.34.52:44136, 9d685984-4448-42b4-b390-543822753f3a:192.168.34.52:35205, e48d04e8-2c1f-410d-8bfb-5a732d356112:192.168.34.52:38245], old=null
2019-09-12 06:40:28,427 [760f3a61-bfa2-4d4e-85d8-817950efb624@group-B034F0427A69:LeaderElection37] INFO  impl.LeaderElection (LogUtils.java:infoOrTrace(149)) -   Exception 0: {}
java.util.concurrent.ExecutionException: org.apache.ratis.thirdparty.io.grpc.StatusRuntimeException: UNAVAILABLE: io exception
	at java.util.concurrent.FutureTask.report(FutureTask.java:122)
	at java.util.concurrent.FutureTask.get(FutureTask.java:192)
	at org.apache.ratis.server.impl.LeaderElection.waitForResults(LeaderElection.java:263)
	at org.apache.ratis.server.impl.LeaderElection.askForVotes(LeaderElection.java:201)
	at org.apache.ratis.server.impl.LeaderElection.run(LeaderElection.java:133)
	at java.lang.Thread.run(Thread.java:748)
Caused by: org.apache.ratis.thirdparty.io.grpc.StatusRuntimeException: UNAVAILABLE: io exception
	at org.apache.ratis.thirdparty.io.grpc.stub.ClientCalls.toStatusRuntimeException(ClientCalls.java:233)
	at org.apache.ratis.thirdparty.io.grpc.stub.ClientCalls.getUnchecked(ClientCalls.java:214)
	at org.apache.ratis.thirdparty.io.grpc.stub.ClientCalls.blockingUnaryCall(ClientCalls.java:139)
	at org.apache.ratis.proto.grpc.RaftServerProtocolServiceGrpc$RaftServerProtocolServiceBlockingStub.requestVote(RaftServerProtocolServiceGrpc.java:265)
	at org.apache.ratis.grpc.server.GrpcServerProtocolClient.requestVote(GrpcServerProtocolClient.java:90)
	at org.apache.ratis.grpc.server.GrpcService.requestVote(GrpcService.java:204)
	at org.apache.ratis.server.impl.LeaderElection.lambda$submitRequests$1(LeaderElection.java:238)
	at java.util.concurrent.FutureTask.run(FutureTask.java:266)
	at java.util.concurrent.Executors$RunnableAdapter.call(Executors.java:511)
	at java.util.concurrent.FutureTask.run(FutureTask.java:266)
	at java.util.concurrent.ThreadPoolExecutor.runWorker(ThreadPoolExecutor.java:1149)
	at java.util.concurrent.ThreadPoolExecutor$Worker.run(ThreadPoolExecutor.java:624)
	... 1 more
Caused by: org.apache.ratis.thirdparty.io.netty.channel.AbstractChannel$AnnotatedConnectException: Connection refused: /192.168.34.52:35205
	at sun.nio.ch.SocketChannelImpl.checkConnect(Native Method)
	at sun.nio.ch.SocketChannelImpl.finishConnect(SocketChannelImpl.java:717)
	at org.apache.ratis.thirdparty.io.netty.channel.socket.nio.NioSocketChannel.doFinishConnect(NioSocketChannel.java:327)
	at org.apache.ratis.thirdparty.io.netty.channel.nio.AbstractNioChannel$AbstractNioUnsafe.finishConnect(AbstractNioChannel.java:340)
	at org.apache.ratis.thirdparty.io.netty.channel.nio.NioEventLoop.processSelectedKey(NioEventLoop.java:632)
	at org.apache.ratis.thirdparty.io.netty.channel.nio.NioEventLoop.processSelectedKeysOptimized(NioEventLoop.java:579)
	at org.apache.ratis.thirdparty.io.netty.channel.nio.NioEventLoop.processSelectedKeys(NioEventLoop.java:496)
	at org.apache.ratis.thirdparty.io.netty.channel.nio.NioEventLoop.run(NioEventLoop.java:458)
	at org.apache.ratis.thirdparty.io.netty.util.concurrent.SingleThreadEventExecutor$5.run(SingleThreadEventExecutor.java:897)
	at org.apache.ratis.thirdparty.io.netty.util.concurrent.FastThreadLocalRunnable.run(FastThreadLocalRunnable.java:30)
	... 1 more
Caused by: java.net.ConnectException: Connection refused
	... 11 more
2019-09-12 06:40:28,427 [760f3a61-bfa2-4d4e-85d8-817950efb624@group-B034F0427A69:LeaderElection37] INFO  impl.LeaderElection (LogUtils.java:infoOrTrace(149)) -   Exception 1: {}
java.util.concurrent.ExecutionException: org.apache.ratis.thirdparty.io.grpc.StatusRuntimeException: UNAVAILABLE: io exception
	at java.util.concurrent.FutureTask.report(FutureTask.java:122)
	at java.util.concurrent.FutureTask.get(FutureTask.java:192)
	at org.apache.ratis.server.impl.LeaderElection.waitForResults(LeaderElection.java:263)
	at org.apache.ratis.server.impl.LeaderElection.askForVotes(LeaderElection.java:201)
	at org.apache.ratis.server.impl.LeaderElection.run(LeaderElection.java:133)
	at java.lang.Thread.run(Thread.java:748)
Caused by: org.apache.ratis.thirdparty.io.grpc.StatusRuntimeException: UNAVAILABLE: io exception
	at org.apache.ratis.thirdparty.io.grpc.stub.ClientCalls.toStatusRuntimeException(ClientCalls.java:233)
	at org.apache.ratis.thirdparty.io.grpc.stub.ClientCalls.getUnchecked(ClientCalls.java:214)
	at org.apache.ratis.thirdparty.io.grpc.stub.ClientCalls.blockingUnaryCall(ClientCalls.java:139)
	at org.apache.ratis.proto.grpc.RaftServerProtocolServiceGrpc$RaftServerProtocolServiceBlockingStub.requestVote(RaftServerProtocolServiceGrpc.java:265)
	at org.apache.ratis.grpc.server.GrpcServerProtocolClient.requestVote(GrpcServerProtocolClient.java:90)
	at org.apache.ratis.grpc.server.GrpcService.requestVote(GrpcService.java:204)
	at org.apache.ratis.server.impl.LeaderElection.lambda$submitRequests$1(LeaderElection.java:238)
	at java.util.concurrent.FutureTask.run(FutureTask.java:266)
	at java.util.concurrent.Executors$RunnableAdapter.call(Executors.java:511)
	at java.util.concurrent.FutureTask.run(FutureTask.java:266)
	at java.util.concurrent.ThreadPoolExecutor.runWorker(ThreadPoolExecutor.java:1149)
	at java.util.concurrent.ThreadPoolExecutor$Worker.run(ThreadPoolExecutor.java:624)
	... 1 more
Caused by: org.apache.ratis.thirdparty.io.netty.channel.AbstractChannel$AnnotatedConnectException: Connection refused: /192.168.34.52:38245
	at sun.nio.ch.SocketChannelImpl.checkConnect(Native Method)
	at sun.nio.ch.SocketChannelImpl.finishConnect(SocketChannelImpl.java:717)
	at org.apache.ratis.thirdparty.io.netty.channel.socket.nio.NioSocketChannel.doFinishConnect(NioSocketChannel.java:327)
	at org.apache.ratis.thirdparty.io.netty.channel.nio.AbstractNioChannel$AbstractNioUnsafe.finishConnect(AbstractNioChannel.java:340)
	at org.apache.ratis.thirdparty.io.netty.channel.nio.NioEventLoop.processSelectedKey(NioEventLoop.java:632)
	at org.apache.ratis.thirdparty.io.netty.channel.nio.NioEventLoop.processSelectedKeysOptimized(NioEventLoop.java:579)
	at org.apache.ratis.thirdparty.io.netty.channel.nio.NioEventLoop.processSelectedKeys(NioEventLoop.java:496)
	at org.apache.ratis.thirdparty.io.netty.channel.nio.NioEventLoop.run(NioEventLoop.java:458)
	at org.apache.ratis.thirdparty.io.netty.util.concurrent.SingleThreadEventExecutor$5.run(SingleThreadEventExecutor.java:897)
	at org.apache.ratis.thirdparty.io.netty.util.concurrent.FastThreadLocalRunnable.run(FastThreadLocalRunnable.java:30)
	... 1 more
Caused by: java.net.ConnectException: Connection refused
	... 11 more
2019-09-12 06:40:28,428 [760f3a61-bfa2-4d4e-85d8-817950efb624@group-B034F0427A69:LeaderElection37] INFO  impl.RaftServerImpl (RaftServerImpl.java:setRole(174)) - 760f3a61-bfa2-4d4e-85d8-817950efb624@group-B034F0427A69: changes role from CANDIDATE to FOLLOWER at term 15 for DISCOVERED_A_NEW_TERM
2019-09-12 06:40:28,428 [760f3a61-bfa2-4d4e-85d8-817950efb624@group-B034F0427A69:LeaderElection37] INFO  impl.RoleInfo (RoleInfo.java:shutdownLeaderElection(134)) - 760f3a61-bfa2-4d4e-85d8-817950efb624: shutdown LeaderElection
2019-09-12 06:40:28,428 [760f3a61-bfa2-4d4e-85d8-817950efb624@group-B034F0427A69:LeaderElection37] INFO  impl.RoleInfo (RoleInfo.java:updateAndGet(143)) - 760f3a61-bfa2-4d4e-85d8-817950efb624: start FollowerState
2019-09-12 06:40:28,509 [java.util.concurrent.ThreadPoolExecutor$Worker@24fb95e3[State = -1, empty queue]] WARN  server.GrpcLogAppender (GrpcLogAppender.java:timeoutAppendRequest(200)) - 24c53ee4-03df-424b-8e99-1fd221f7be60@group-3C3ABBECBF4F->3ae969e4-2e35-40bf-9e0e-95acae9da5a5-GrpcLogAppender: appendEntries Timeout, request=24c53ee4-03df-424b-8e99-1fd221f7be60->3ae969e4-2e35-40bf-9e0e-95acae9da5a5#151-t2, previous=(t:2, i:20), leaderCommit=16, initializing? false, entries: <empty>
2019-09-12 06:40:28,509 [java.util.concurrent.ThreadPoolExecutor$Worker@7bd075af[State = -1, empty queue]] WARN  server.GrpcLogAppender (GrpcLogAppender.java:timeoutAppendRequest(200)) - 24c53ee4-03df-424b-8e99-1fd221f7be60@group-3C3ABBECBF4F->d503967e-137a-4fd9-bc45-44203e981a69-GrpcLogAppender: appendEntries Timeout, request=24c53ee4-03df-424b-8e99-1fd221f7be60->d503967e-137a-4fd9-bc45-44203e981a69#151-t2, previous=(t:2, i:20), leaderCommit=16, initializing? false, entries: <empty>
2019-09-12 06:40:28,800 [java.util.concurrent.ThreadPoolExecutor$Worker@6586fa4d[State = -1, empty queue]] WARN  server.GrpcLogAppender (GrpcLogAppender.java:timeoutAppendRequest(200)) - 5ecf13a7-acad-498a-ad7b-6f285dbc97e2@group-C5E42DFE1AE1->996a256c-fd43-494a-96f3-903b907c5248-GrpcLogAppender: appendEntries Timeout, request=5ecf13a7-acad-498a-ad7b-6f285dbc97e2->996a256c-fd43-494a-96f3-903b907c5248#151-t2, previous=(t:2, i:20), leaderCommit=16, initializing? false, entries: <empty>
2019-09-12 06:40:28,800 [java.util.concurrent.ThreadPoolExecutor$Worker@3e497bcb[State = -1, empty queue]] WARN  server.GrpcLogAppender (GrpcLogAppender.java:timeoutAppendRequest(200)) - 5ecf13a7-acad-498a-ad7b-6f285dbc97e2@group-C5E42DFE1AE1->e1cdc330-b298-4f7e-9f8c-e697349a5e69-GrpcLogAppender: appendEntries Timeout, request=5ecf13a7-acad-498a-ad7b-6f285dbc97e2->e1cdc330-b298-4f7e-9f8c-e697349a5e69#151-t2, previous=(t:2, i:20), leaderCommit=16, initializing? false, entries: <empty>
2019-09-12 06:40:29,010 [java.util.concurrent.ThreadPoolExecutor$Worker@24fb95e3[State = -1, empty queue]] WARN  server.GrpcLogAppender (GrpcLogAppender.java:timeoutAppendRequest(200)) - 24c53ee4-03df-424b-8e99-1fd221f7be60@group-3C3ABBECBF4F->3ae969e4-2e35-40bf-9e0e-95acae9da5a5-GrpcLogAppender: appendEntries Timeout, request=24c53ee4-03df-424b-8e99-1fd221f7be60->3ae969e4-2e35-40bf-9e0e-95acae9da5a5#152-t2, previous=(t:2, i:20), leaderCommit=16, initializing? false, entries: <empty>
2019-09-12 06:40:29,010 [java.util.concurrent.ThreadPoolExecutor$Worker@7bd075af[State = -1, empty queue]] WARN  server.GrpcLogAppender (GrpcLogAppender.java:timeoutAppendRequest(200)) - 24c53ee4-03df-424b-8e99-1fd221f7be60@group-3C3ABBECBF4F->d503967e-137a-4fd9-bc45-44203e981a69-GrpcLogAppender: appendEntries Timeout, request=24c53ee4-03df-424b-8e99-1fd221f7be60->d503967e-137a-4fd9-bc45-44203e981a69#152-t2, previous=(t:2, i:20), leaderCommit=16, initializing? false, entries: <empty>
2019-09-12 06:40:29,300 [java.util.concurrent.ThreadPoolExecutor$Worker@3e497bcb[State = -1, empty queue]] WARN  server.GrpcLogAppender (GrpcLogAppender.java:timeoutAppendRequest(200)) - 5ecf13a7-acad-498a-ad7b-6f285dbc97e2@group-C5E42DFE1AE1->e1cdc330-b298-4f7e-9f8c-e697349a5e69-GrpcLogAppender: appendEntries Timeout, request=5ecf13a7-acad-498a-ad7b-6f285dbc97e2->e1cdc330-b298-4f7e-9f8c-e697349a5e69#152-t2, previous=(t:2, i:20), leaderCommit=16, initializing? false, entries: <empty>
2019-09-12 06:40:29,300 [java.util.concurrent.ThreadPoolExecutor$Worker@6586fa4d[State = -1, empty queue]] WARN  server.GrpcLogAppender (GrpcLogAppender.java:timeoutAppendRequest(200)) - 5ecf13a7-acad-498a-ad7b-6f285dbc97e2@group-C5E42DFE1AE1->996a256c-fd43-494a-96f3-903b907c5248-GrpcLogAppender: appendEntries Timeout, request=5ecf13a7-acad-498a-ad7b-6f285dbc97e2->996a256c-fd43-494a-96f3-903b907c5248#152-t2, previous=(t:2, i:20), leaderCommit=16, initializing? false, entries: <empty>
2019-09-12 06:40:29,510 [java.util.concurrent.ThreadPoolExecutor$Worker@7bd075af[State = -1, empty queue]] WARN  server.GrpcLogAppender (GrpcLogAppender.java:timeoutAppendRequest(200)) - 24c53ee4-03df-424b-8e99-1fd221f7be60@group-3C3ABBECBF4F->d503967e-137a-4fd9-bc45-44203e981a69-GrpcLogAppender: appendEntries Timeout, request=24c53ee4-03df-424b-8e99-1fd221f7be60->d503967e-137a-4fd9-bc45-44203e981a69#153-t2, previous=(t:2, i:20), leaderCommit=16, initializing? false, entries: <empty>
2019-09-12 06:40:29,510 [java.util.concurrent.ThreadPoolExecutor$Worker@24fb95e3[State = -1, empty queue]] WARN  server.GrpcLogAppender (GrpcLogAppender.java:timeoutAppendRequest(200)) - 24c53ee4-03df-424b-8e99-1fd221f7be60@group-3C3ABBECBF4F->3ae969e4-2e35-40bf-9e0e-95acae9da5a5-GrpcLogAppender: appendEntries Timeout, request=24c53ee4-03df-424b-8e99-1fd221f7be60->3ae969e4-2e35-40bf-9e0e-95acae9da5a5#153-t2, previous=(t:2, i:20), leaderCommit=16, initializing? false, entries: <empty>
2019-09-12 06:40:29,516 [Thread-1443] INFO  impl.FollowerState (FollowerState.java:run(106)) - 760f3a61-bfa2-4d4e-85d8-817950efb624:group-B034F0427A69 changes to CANDIDATE, lastRpcTime:1087, electionTimeout:1087ms
2019-09-12 06:40:29,516 [Thread-1443] INFO  impl.RoleInfo (RoleInfo.java:shutdownFollowerState(121)) - 760f3a61-bfa2-4d4e-85d8-817950efb624: shutdown FollowerState
2019-09-12 06:40:29,516 [Thread-1443] INFO  impl.RaftServerImpl (RaftServerImpl.java:setRole(174)) - 760f3a61-bfa2-4d4e-85d8-817950efb624@group-B034F0427A69: changes role from  FOLLOWER to CANDIDATE at term 15 for changeToCandidate
2019-09-12 06:40:29,516 [Thread-1443] INFO  impl.RoleInfo (RoleInfo.java:updateAndGet(143)) - 760f3a61-bfa2-4d4e-85d8-817950efb624: start LeaderElection
2019-09-12 06:40:29,548 [760f3a61-bfa2-4d4e-85d8-817950efb624@group-B034F0427A69:LeaderElection38] INFO  impl.LeaderElection (LeaderElection.java:askForVotes(182)) - 760f3a61-bfa2-4d4e-85d8-817950efb624@group-B034F0427A69:LeaderElection38: begin an election at term 16 for 17: [760f3a61-bfa2-4d4e-85d8-817950efb624:192.168.34.52:44136, 9d685984-4448-42b4-b390-543822753f3a:192.168.34.52:35205, e48d04e8-2c1f-410d-8bfb-5a732d356112:192.168.34.52:38245], old=null
2019-09-12 06:40:29,549 [760f3a61-bfa2-4d4e-85d8-817950efb624@group-B034F0427A69:LeaderElection38] INFO  impl.LeaderElection (LogUtils.java:infoOrTrace(149)) - 760f3a61-bfa2-4d4e-85d8-817950efb624@group-B034F0427A69:LeaderElection38 got exception when requesting votes: {}
java.util.concurrent.ExecutionException: org.apache.ratis.thirdparty.io.grpc.StatusRuntimeException: UNAVAILABLE: io exception
	at java.util.concurrent.FutureTask.report(FutureTask.java:122)
	at java.util.concurrent.FutureTask.get(FutureTask.java:192)
	at org.apache.ratis.server.impl.LeaderElection.waitForResults(LeaderElection.java:263)
	at org.apache.ratis.server.impl.LeaderElection.askForVotes(LeaderElection.java:201)
	at org.apache.ratis.server.impl.LeaderElection.run(LeaderElection.java:133)
	at java.lang.Thread.run(Thread.java:748)
Caused by: org.apache.ratis.thirdparty.io.grpc.StatusRuntimeException: UNAVAILABLE: io exception
	at org.apache.ratis.thirdparty.io.grpc.stub.ClientCalls.toStatusRuntimeException(ClientCalls.java:233)
	at org.apache.ratis.thirdparty.io.grpc.stub.ClientCalls.getUnchecked(ClientCalls.java:214)
	at org.apache.ratis.thirdparty.io.grpc.stub.ClientCalls.blockingUnaryCall(ClientCalls.java:139)
	at org.apache.ratis.proto.grpc.RaftServerProtocolServiceGrpc$RaftServerProtocolServiceBlockingStub.requestVote(RaftServerProtocolServiceGrpc.java:265)
	at org.apache.ratis.grpc.server.GrpcServerProtocolClient.requestVote(GrpcServerProtocolClient.java:90)
	at org.apache.ratis.grpc.server.GrpcService.requestVote(GrpcService.java:204)
	at org.apache.ratis.server.impl.LeaderElection.lambda$submitRequests$1(LeaderElection.java:238)
	at java.util.concurrent.FutureTask.run(FutureTask.java:266)
	at java.util.concurrent.Executors$RunnableAdapter.call(Executors.java:511)
	at java.util.concurrent.FutureTask.run(FutureTask.java:266)
	at java.util.concurrent.ThreadPoolExecutor.runWorker(ThreadPoolExecutor.java:1149)
	at java.util.concurrent.ThreadPoolExecutor$Worker.run(ThreadPoolExecutor.java:624)
	... 1 more
Caused by: org.apache.ratis.thirdparty.io.netty.channel.AbstractChannel$AnnotatedConnectException: Connection refused: /192.168.34.52:35205
	at sun.nio.ch.SocketChannelImpl.checkConnect(Native Method)
	at sun.nio.ch.SocketChannelImpl.finishConnect(SocketChannelImpl.java:717)
	at org.apache.ratis.thirdparty.io.netty.channel.socket.nio.NioSocketChannel.doFinishConnect(NioSocketChannel.java:327)
	at org.apache.ratis.thirdparty.io.netty.channel.nio.AbstractNioChannel$AbstractNioUnsafe.finishConnect(AbstractNioChannel.java:340)
	at org.apache.ratis.thirdparty.io.netty.channel.nio.NioEventLoop.processSelectedKey(NioEventLoop.java:632)
	at org.apache.ratis.thirdparty.io.netty.channel.nio.NioEventLoop.processSelectedKeysOptimized(NioEventLoop.java:579)
	at org.apache.ratis.thirdparty.io.netty.channel.nio.NioEventLoop.processSelectedKeys(NioEventLoop.java:496)
	at org.apache.ratis.thirdparty.io.netty.channel.nio.NioEventLoop.run(NioEventLoop.java:458)
	at org.apache.ratis.thirdparty.io.netty.util.concurrent.SingleThreadEventExecutor$5.run(SingleThreadEventExecutor.java:897)
	at org.apache.ratis.thirdparty.io.netty.util.concurrent.FastThreadLocalRunnable.run(FastThreadLocalRunnable.java:30)
	... 1 more
Caused by: java.net.ConnectException: Connection refused
	... 11 more
2019-09-12 06:40:29,552 [760f3a61-bfa2-4d4e-85d8-817950efb624@group-B034F0427A69:LeaderElection38] INFO  impl.LeaderElection (LogUtils.java:infoOrTrace(149)) - 760f3a61-bfa2-4d4e-85d8-817950efb624@group-B034F0427A69:LeaderElection38 got exception when requesting votes: {}
java.util.concurrent.ExecutionException: org.apache.ratis.thirdparty.io.grpc.StatusRuntimeException: UNAVAILABLE: io exception
	at java.util.concurrent.FutureTask.report(FutureTask.java:122)
	at java.util.concurrent.FutureTask.get(FutureTask.java:192)
	at org.apache.ratis.server.impl.LeaderElection.waitForResults(LeaderElection.java:263)
	at org.apache.ratis.server.impl.LeaderElection.askForVotes(LeaderElection.java:201)
	at org.apache.ratis.server.impl.LeaderElection.run(LeaderElection.java:133)
	at java.lang.Thread.run(Thread.java:748)
Caused by: org.apache.ratis.thirdparty.io.grpc.StatusRuntimeException: UNAVAILABLE: io exception
	at org.apache.ratis.thirdparty.io.grpc.stub.ClientCalls.toStatusRuntimeException(ClientCalls.java:233)
	at org.apache.ratis.thirdparty.io.grpc.stub.ClientCalls.getUnchecked(ClientCalls.java:214)
	at org.apache.ratis.thirdparty.io.grpc.stub.ClientCalls.blockingUnaryCall(ClientCalls.java:139)
	at org.apache.ratis.proto.grpc.RaftServerProtocolServiceGrpc$RaftServerProtocolServiceBlockingStub.requestVote(RaftServerProtocolServiceGrpc.java:265)
	at org.apache.ratis.grpc.server.GrpcServerProtocolClient.requestVote(GrpcServerProtocolClient.java:90)
	at org.apache.ratis.grpc.server.GrpcService.requestVote(GrpcService.java:204)
	at org.apache.ratis.server.impl.LeaderElection.lambda$submitRequests$1(LeaderElection.java:238)
	at java.util.concurrent.FutureTask.run(FutureTask.java:266)
	at java.util.concurrent.Executors$RunnableAdapter.call(Executors.java:511)
	at java.util.concurrent.FutureTask.run(FutureTask.java:266)
	at java.util.concurrent.ThreadPoolExecutor.runWorker(ThreadPoolExecutor.java:1149)
	at java.util.concurrent.ThreadPoolExecutor$Worker.run(ThreadPoolExecutor.java:624)
	... 1 more
Caused by: org.apache.ratis.thirdparty.io.netty.channel.AbstractChannel$AnnotatedConnectException: Connection refused: /192.168.34.52:38245
	at sun.nio.ch.SocketChannelImpl.checkConnect(Native Method)
	at sun.nio.ch.SocketChannelImpl.finishConnect(SocketChannelImpl.java:717)
	at org.apache.ratis.thirdparty.io.netty.channel.socket.nio.NioSocketChannel.doFinishConnect(NioSocketChannel.java:327)
	at org.apache.ratis.thirdparty.io.netty.channel.nio.AbstractNioChannel$AbstractNioUnsafe.finishConnect(AbstractNioChannel.java:340)
	at org.apache.ratis.thirdparty.io.netty.channel.nio.NioEventLoop.processSelectedKey(NioEventLoop.java:632)
	at org.apache.ratis.thirdparty.io.netty.channel.nio.NioEventLoop.processSelectedKeysOptimized(NioEventLoop.java:579)
	at org.apache.ratis.thirdparty.io.netty.channel.nio.NioEventLoop.processSelectedKeys(NioEventLoop.java:496)
	at org.apache.ratis.thirdparty.io.netty.channel.nio.NioEventLoop.run(NioEventLoop.java:458)
	at org.apache.ratis.thirdparty.io.netty.util.concurrent.SingleThreadEventExecutor$5.run(SingleThreadEventExecutor.java:897)
	at org.apache.ratis.thirdparty.io.netty.util.concurrent.FastThreadLocalRunnable.run(FastThreadLocalRunnable.java:30)
	... 1 more
Caused by: java.net.ConnectException: Connection refused
	... 11 more
2019-09-12 06:40:29,555 [760f3a61-bfa2-4d4e-85d8-817950efb624@group-B034F0427A69:LeaderElection38] INFO  impl.LeaderElection (LeaderElection.java:logAndReturn(56)) - 760f3a61-bfa2-4d4e-85d8-817950efb624@group-B034F0427A69:LeaderElection38: Election REJECTED; received 0 response(s) [] and 2 exception(s); 760f3a61-bfa2-4d4e-85d8-817950efb624@group-B034F0427A69:t16, leader=null, voted=760f3a61-bfa2-4d4e-85d8-817950efb624, raftlog=760f3a61-bfa2-4d4e-85d8-817950efb624@group-B034F0427A69-SegmentedRaftLog:OPENED:c30,f30,i30, conf=17: [760f3a61-bfa2-4d4e-85d8-817950efb624:192.168.34.52:44136, 9d685984-4448-42b4-b390-543822753f3a:192.168.34.52:35205, e48d04e8-2c1f-410d-8bfb-5a732d356112:192.168.34.52:38245], old=null
2019-09-12 06:40:29,555 [760f3a61-bfa2-4d4e-85d8-817950efb624@group-B034F0427A69:LeaderElection38] INFO  impl.LeaderElection (LogUtils.java:infoOrTrace(149)) -   Exception 0: {}
java.util.concurrent.ExecutionException: org.apache.ratis.thirdparty.io.grpc.StatusRuntimeException: UNAVAILABLE: io exception
	at java.util.concurrent.FutureTask.report(FutureTask.java:122)
	at java.util.concurrent.FutureTask.get(FutureTask.java:192)
	at org.apache.ratis.server.impl.LeaderElection.waitForResults(LeaderElection.java:263)
	at org.apache.ratis.server.impl.LeaderElection.askForVotes(LeaderElection.java:201)
	at org.apache.ratis.server.impl.LeaderElection.run(LeaderElection.java:133)
	at java.lang.Thread.run(Thread.java:748)
Caused by: org.apache.ratis.thirdparty.io.grpc.StatusRuntimeException: UNAVAILABLE: io exception
	at org.apache.ratis.thirdparty.io.grpc.stub.ClientCalls.toStatusRuntimeException(ClientCalls.java:233)
	at org.apache.ratis.thirdparty.io.grpc.stub.ClientCalls.getUnchecked(ClientCalls.java:214)
	at org.apache.ratis.thirdparty.io.grpc.stub.ClientCalls.blockingUnaryCall(ClientCalls.java:139)
	at org.apache.ratis.proto.grpc.RaftServerProtocolServiceGrpc$RaftServerProtocolServiceBlockingStub.requestVote(RaftServerProtocolServiceGrpc.java:265)
	at org.apache.ratis.grpc.server.GrpcServerProtocolClient.requestVote(GrpcServerProtocolClient.java:90)
	at org.apache.ratis.grpc.server.GrpcService.requestVote(GrpcService.java:204)
	at org.apache.ratis.server.impl.LeaderElection.lambda$submitRequests$1(LeaderElection.java:238)
	at java.util.concurrent.FutureTask.run(FutureTask.java:266)
	at java.util.concurrent.Executors$RunnableAdapter.call(Executors.java:511)
	at java.util.concurrent.FutureTask.run(FutureTask.java:266)
	at java.util.concurrent.ThreadPoolExecutor.runWorker(ThreadPoolExecutor.java:1149)
	at java.util.concurrent.ThreadPoolExecutor$Worker.run(ThreadPoolExecutor.java:624)
	... 1 more
Caused by: org.apache.ratis.thirdparty.io.netty.channel.AbstractChannel$AnnotatedConnectException: Connection refused: /192.168.34.52:35205
	at sun.nio.ch.SocketChannelImpl.checkConnect(Native Method)
	at sun.nio.ch.SocketChannelImpl.finishConnect(SocketChannelImpl.java:717)
	at org.apache.ratis.thirdparty.io.netty.channel.socket.nio.NioSocketChannel.doFinishConnect(NioSocketChannel.java:327)
	at org.apache.ratis.thirdparty.io.netty.channel.nio.AbstractNioChannel$AbstractNioUnsafe.finishConnect(AbstractNioChannel.java:340)
	at org.apache.ratis.thirdparty.io.netty.channel.nio.NioEventLoop.processSelectedKey(NioEventLoop.java:632)
	at org.apache.ratis.thirdparty.io.netty.channel.nio.NioEventLoop.processSelectedKeysOptimized(NioEventLoop.java:579)
	at org.apache.ratis.thirdparty.io.netty.channel.nio.NioEventLoop.processSelectedKeys(NioEventLoop.java:496)
	at org.apache.ratis.thirdparty.io.netty.channel.nio.NioEventLoop.run(NioEventLoop.java:458)
	at org.apache.ratis.thirdparty.io.netty.util.concurrent.SingleThreadEventExecutor$5.run(SingleThreadEventExecutor.java:897)
	at org.apache.ratis.thirdparty.io.netty.util.concurrent.FastThreadLocalRunnable.run(FastThreadLocalRunnable.java:30)
	... 1 more
Caused by: java.net.ConnectException: Connection refused
	... 11 more
2019-09-12 06:40:29,556 [760f3a61-bfa2-4d4e-85d8-817950efb624@group-B034F0427A69:LeaderElection38] INFO  impl.LeaderElection (LogUtils.java:infoOrTrace(149)) -   Exception 1: {}
java.util.concurrent.ExecutionException: org.apache.ratis.thirdparty.io.grpc.StatusRuntimeException: UNAVAILABLE: io exception
	at java.util.concurrent.FutureTask.report(FutureTask.java:122)
	at java.util.concurrent.FutureTask.get(FutureTask.java:192)
	at org.apache.ratis.server.impl.LeaderElection.waitForResults(LeaderElection.java:263)
	at org.apache.ratis.server.impl.LeaderElection.askForVotes(LeaderElection.java:201)
	at org.apache.ratis.server.impl.LeaderElection.run(LeaderElection.java:133)
	at java.lang.Thread.run(Thread.java:748)
Caused by: org.apache.ratis.thirdparty.io.grpc.StatusRuntimeException: UNAVAILABLE: io exception
	at org.apache.ratis.thirdparty.io.grpc.stub.ClientCalls.toStatusRuntimeException(ClientCalls.java:233)
	at org.apache.ratis.thirdparty.io.grpc.stub.ClientCalls.getUnchecked(ClientCalls.java:214)
	at org.apache.ratis.thirdparty.io.grpc.stub.ClientCalls.blockingUnaryCall(ClientCalls.java:139)
	at org.apache.ratis.proto.grpc.RaftServerProtocolServiceGrpc$RaftServerProtocolServiceBlockingStub.requestVote(RaftServerProtocolServiceGrpc.java:265)
	at org.apache.ratis.grpc.server.GrpcServerProtocolClient.requestVote(GrpcServerProtocolClient.java:90)
	at org.apache.ratis.grpc.server.GrpcService.requestVote(GrpcService.java:204)
	at org.apache.ratis.server.impl.LeaderElection.lambda$submitRequests$1(LeaderElection.java:238)
	at java.util.concurrent.FutureTask.run(FutureTask.java:266)
	at java.util.concurrent.Executors$RunnableAdapter.call(Executors.java:511)
	at java.util.concurrent.FutureTask.run(FutureTask.java:266)
	at java.util.concurrent.ThreadPoolExecutor.runWorker(ThreadPoolExecutor.java:1149)
	at java.util.concurrent.ThreadPoolExecutor$Worker.run(ThreadPoolExecutor.java:624)
	... 1 more
Caused by: org.apache.ratis.thirdparty.io.netty.channel.AbstractChannel$AnnotatedConnectException: Connection refused: /192.168.34.52:38245
	at sun.nio.ch.SocketChannelImpl.checkConnect(Native Method)
	at sun.nio.ch.SocketChannelImpl.finishConnect(SocketChannelImpl.java:717)
	at org.apache.ratis.thirdparty.io.netty.channel.socket.nio.NioSocketChannel.doFinishConnect(NioSocketChannel.java:327)
	at org.apache.ratis.thirdparty.io.netty.channel.nio.AbstractNioChannel$AbstractNioUnsafe.finishConnect(AbstractNioChannel.java:340)
	at org.apache.ratis.thirdparty.io.netty.channel.nio.NioEventLoop.processSelectedKey(NioEventLoop.java:632)
	at org.apache.ratis.thirdparty.io.netty.channel.nio.NioEventLoop.processSelectedKeysOptimized(NioEventLoop.java:579)
	at org.apache.ratis.thirdparty.io.netty.channel.nio.NioEventLoop.processSelectedKeys(NioEventLoop.java:496)
	at org.apache.ratis.thirdparty.io.netty.channel.nio.NioEventLoop.run(NioEventLoop.java:458)
	at org.apache.ratis.thirdparty.io.netty.util.concurrent.SingleThreadEventExecutor$5.run(SingleThreadEventExecutor.java:897)
	at org.apache.ratis.thirdparty.io.netty.util.concurrent.FastThreadLocalRunnable.run(FastThreadLocalRunnable.java:30)
	... 1 more
Caused by: java.net.ConnectException: Connection refused
	... 11 more
2019-09-12 06:40:29,556 [760f3a61-bfa2-4d4e-85d8-817950efb624@group-B034F0427A69:LeaderElection38] INFO  impl.RaftServerImpl (RaftServerImpl.java:setRole(174)) - 760f3a61-bfa2-4d4e-85d8-817950efb624@group-B034F0427A69: changes role from CANDIDATE to FOLLOWER at term 16 for DISCOVERED_A_NEW_TERM
2019-09-12 06:40:29,556 [760f3a61-bfa2-4d4e-85d8-817950efb624@group-B034F0427A69:LeaderElection38] INFO  impl.RoleInfo (RoleInfo.java:shutdownLeaderElection(134)) - 760f3a61-bfa2-4d4e-85d8-817950efb624: shutdown LeaderElection
2019-09-12 06:40:29,556 [760f3a61-bfa2-4d4e-85d8-817950efb624@group-B034F0427A69:LeaderElection38] INFO  impl.RoleInfo (RoleInfo.java:updateAndGet(143)) - 760f3a61-bfa2-4d4e-85d8-817950efb624: start FollowerState
2019-09-12 06:40:29,623 [ForkJoinPool.commonPool-worker-1] INFO  ozoneimpl.OzoneContainer (OzoneContainer.java:stop(231)) - Attempting to stop container services.
2019-09-12 06:40:29,623 [main] INFO  ozoneimpl.OzoneContainer (OzoneContainer.java:stop(231)) - Attempting to stop container services.
2019-09-12 06:40:29,624 [ForkJoinPool.commonPool-worker-1] INFO  impl.RaftServerProxy (RaftServerProxy.java:lambda$close$4(314)) - d503967e-137a-4fd9-bc45-44203e981a69: close
2019-09-12 06:40:29,625 [main] INFO  impl.RaftServerProxy (RaftServerProxy.java:lambda$close$4(314)) - a2418947-6d3b-4038-833d-0b4f506c9c75: close
2019-09-12 06:40:29,625 [ForkJoinPool.commonPool-worker-1] INFO  impl.RaftServerImpl (RaftServerImpl.java:lambda$shutdown$3(251)) - d503967e-137a-4fd9-bc45-44203e981a69@group-C39041EE6A6F: shutdown
2019-09-12 06:40:29,625 [main] INFO  impl.RaftServerImpl (RaftServerImpl.java:lambda$shutdown$3(251)) - a2418947-6d3b-4038-833d-0b4f506c9c75@group-DDC3329050F3: shutdown
2019-09-12 06:40:29,626 [ForkJoinPool.commonPool-worker-1] INFO  util.JmxRegister (JmxRegister.java:unregister(73)) - Successfully un-registered JMX Bean with object name Ratis:service=RaftServer,group=group-C39041EE6A6F,id=d503967e-137a-4fd9-bc45-44203e981a69
2019-09-12 06:40:29,626 [main] INFO  util.JmxRegister (JmxRegister.java:unregister(73)) - Successfully un-registered JMX Bean with object name Ratis:service=RaftServer,group=group-DDC3329050F3,id=a2418947-6d3b-4038-833d-0b4f506c9c75
2019-09-12 06:40:29,626 [ForkJoinPool.commonPool-worker-1] INFO  impl.RoleInfo (RoleInfo.java:shutdownLeaderState(104)) - d503967e-137a-4fd9-bc45-44203e981a69: shutdown LeaderState
2019-09-12 06:40:29,627 [main] INFO  impl.RoleInfo (RoleInfo.java:shutdownLeaderState(104)) - a2418947-6d3b-4038-833d-0b4f506c9c75: shutdown LeaderState
2019-09-12 06:40:29,627 [ForkJoinPool.commonPool-worker-1] INFO  impl.PendingRequests (PendingRequests.java:sendNotLeaderResponses(202)) - d503967e-137a-4fd9-bc45-44203e981a69-PendingRequests: sendNotLeaderResponses
2019-09-12 06:40:29,627 [main] INFO  impl.PendingRequests (PendingRequests.java:sendNotLeaderResponses(202)) - a2418947-6d3b-4038-833d-0b4f506c9c75-PendingRequests: sendNotLeaderResponses
2019-09-12 06:40:29,628 [ForkJoinPool.commonPool-worker-1] INFO  impl.StateMachineUpdater (StateMachineUpdater.java:stopAndJoin(125)) - d503967e-137a-4fd9-bc45-44203e981a69@group-C39041EE6A6F-StateMachineUpdater: set stopIndex = 0
2019-09-12 06:40:29,628 [main] INFO  impl.StateMachineUpdater (StateMachineUpdater.java:stopAndJoin(125)) - a2418947-6d3b-4038-833d-0b4f506c9c75@group-DDC3329050F3-StateMachineUpdater: set stopIndex = 0
2019-09-12 06:40:29,629 [ForkJoinPool.commonPool-worker-1] INFO  impl.RaftServerImpl (ServerState.java:close(385)) - d503967e-137a-4fd9-bc45-44203e981a69@group-C39041EE6A6F: closes. applyIndex: 0
2019-09-12 06:40:29,629 [main] INFO  impl.RaftServerImpl (ServerState.java:close(385)) - a2418947-6d3b-4038-833d-0b4f506c9c75@group-DDC3329050F3: closes. applyIndex: 0
2019-09-12 06:40:29,630 [d503967e-137a-4fd9-bc45-44203e981a69@group-C39041EE6A6F-SegmentedRaftLogWorker] INFO  segmented.SegmentedRaftLogWorker (SegmentedRaftLogWorker.java:run(313)) - d503967e-137a-4fd9-bc45-44203e981a69@group-C39041EE6A6F-SegmentedRaftLogWorker was interrupted, exiting. There are 0 tasks remaining in the queue.
2019-09-12 06:40:29,633 [a2418947-6d3b-4038-833d-0b4f506c9c75@group-DDC3329050F3-SegmentedRaftLogWorker] INFO  segmented.SegmentedRaftLogWorker (SegmentedRaftLogWorker.java:run(313)) - a2418947-6d3b-4038-833d-0b4f506c9c75@group-DDC3329050F3-SegmentedRaftLogWorker was interrupted, exiting. There are 0 tasks remaining in the queue.
2019-09-12 06:40:29,633 [ForkJoinPool.commonPool-worker-1] INFO  segmented.SegmentedRaftLogWorker (SegmentedRaftLogWorker.java:close(228)) - d503967e-137a-4fd9-bc45-44203e981a69@group-C39041EE6A6F-SegmentedRaftLogWorker close()
2019-09-12 06:40:29,639 [ForkJoinPool.commonPool-worker-1] INFO  impl.RaftServerImpl (RaftServerImpl.java:lambda$shutdown$3(251)) - d503967e-137a-4fd9-bc45-44203e981a69@group-3C3ABBECBF4F: shutdown
2019-09-12 06:40:29,639 [main] INFO  segmented.SegmentedRaftLogWorker (SegmentedRaftLogWorker.java:close(228)) - a2418947-6d3b-4038-833d-0b4f506c9c75@group-DDC3329050F3-SegmentedRaftLogWorker close()
2019-09-12 06:40:29,640 [ForkJoinPool.commonPool-worker-1] INFO  util.JmxRegister (JmxRegister.java:unregister(73)) - Successfully un-registered JMX Bean with object name Ratis:service=RaftServer,group=group-3C3ABBECBF4F,id=d503967e-137a-4fd9-bc45-44203e981a69
2019-09-12 06:40:29,644 [main] INFO  server.GrpcService (GrpcService.java:closeImpl(164)) - a2418947-6d3b-4038-833d-0b4f506c9c75: shutdown server with port 32895 now
2019-09-12 06:40:29,645 [ForkJoinPool.commonPool-worker-1] INFO  impl.RoleInfo (RoleInfo.java:shutdownFollowerState(121)) - d503967e-137a-4fd9-bc45-44203e981a69: shutdown FollowerState
2019-09-12 06:40:29,645 [ForkJoinPool.commonPool-worker-1] INFO  impl.StateMachineUpdater (StateMachineUpdater.java:stopAndJoin(125)) - d503967e-137a-4fd9-bc45-44203e981a69@group-3C3ABBECBF4F-StateMachineUpdater: set stopIndex = 16
2019-09-12 06:40:29,648 [d503967e-137a-4fd9-bc45-44203e981a69@group-3C3ABBECBF4F-StateMachineUpdater] INFO  ratis.ContainerStateMachine (ContainerStateMachine.java:takeSnapshot(289)) - group-3C3ABBECBF4F: Taking a snapshot at:(t:2, i:12) file /workdir/hadoop-ozone/integration-test/target/test-dir/MiniOzoneClusterImpl-37405de7-47da-4aca-9355-033741c24d37/datanode-2/data/ratis/d2999b0e-6ab5-4d00-8298-3c3abbecbf4f/sm/snapshot.2_12
2019-09-12 06:40:29,648 [Thread-428] INFO  impl.FollowerState (FollowerState.java:run(115)) - d503967e-137a-4fd9-bc45-44203e981a69: FollowerState was interrupted: java.lang.InterruptedException: sleep interrupted
2019-09-12 06:40:29,648 [main] INFO  server.GrpcService (GrpcService.java:closeImpl(172)) - a2418947-6d3b-4038-833d-0b4f506c9c75: shutdown server with port 32895 successfully
2019-09-12 06:40:29,653 [refreshUsed-/workdir/hadoop-ozone/integration-test/target/test-dir/MiniOzoneClusterImpl-37405de7-47da-4aca-9355-033741c24d37/datanode-5/data/containers] WARN  fs.CachingGetSpaceUsed (CachingGetSpaceUsed.java:run(183)) - Thread Interrupted waiting to refresh disk information: sleep interrupted
2019-09-12 06:40:29,663 [d503967e-137a-4fd9-bc45-44203e981a69@group-3C3ABBECBF4F-StateMachineUpdater] INFO  ratis.ContainerStateMachine (ContainerStateMachine.java:takeSnapshot(300)) - group-3C3ABBECBF4F: Finished taking a snapshot at:(t:2, i:12) file:/workdir/hadoop-ozone/integration-test/target/test-dir/MiniOzoneClusterImpl-37405de7-47da-4aca-9355-033741c24d37/datanode-2/data/ratis/d2999b0e-6ab5-4d00-8298-3c3abbecbf4f/sm/snapshot.2_12 time:18
2019-09-12 06:40:29,664 [d503967e-137a-4fd9-bc45-44203e981a69@group-3C3ABBECBF4F-StateMachineUpdater] INFO  impl.StateMachineUpdater (StateMachineUpdater.java:takeSnapshot(258)) - d503967e-137a-4fd9-bc45-44203e981a69@group-3C3ABBECBF4F-StateMachineUpdater: Took a snapshot at index 12
2019-09-12 06:40:29,664 [d503967e-137a-4fd9-bc45-44203e981a69@group-3C3ABBECBF4F-StateMachineUpdater] INFO  impl.StateMachineUpdater (StateMachineUpdater.java:lambda$new$0(83)) - d503967e-137a-4fd9-bc45-44203e981a69@group-3C3ABBECBF4F-StateMachineUpdater: snapshotIndex: updateIncreasingly -1 -> 12
2019-09-12 06:40:29,664 [d503967e-137a-4fd9-bc45-44203e981a69@group-3C3ABBECBF4F-StateMachineUpdater] INFO  ratis.ContainerStateMachine (ContainerStateMachine.java:takeSnapshot(289)) - group-3C3ABBECBF4F: Taking a snapshot at:(t:2, i:12) file /workdir/hadoop-ozone/integration-test/target/test-dir/MiniOzoneClusterImpl-37405de7-47da-4aca-9355-033741c24d37/datanode-2/data/ratis/d2999b0e-6ab5-4d00-8298-3c3abbecbf4f/sm/snapshot.2_12
2019-09-12 06:40:29,676 [d503967e-137a-4fd9-bc45-44203e981a69@group-3C3ABBECBF4F-StateMachineUpdater] INFO  ratis.ContainerStateMachine (ContainerStateMachine.java:takeSnapshot(300)) - group-3C3ABBECBF4F: Finished taking a snapshot at:(t:2, i:12) file:/workdir/hadoop-ozone/integration-test/target/test-dir/MiniOzoneClusterImpl-37405de7-47da-4aca-9355-033741c24d37/datanode-2/data/ratis/d2999b0e-6ab5-4d00-8298-3c3abbecbf4f/sm/snapshot.2_12 time:13
2019-09-12 06:40:29,676 [d503967e-137a-4fd9-bc45-44203e981a69@group-3C3ABBECBF4F-StateMachineUpdater] INFO  impl.StateMachineUpdater (StateMachineUpdater.java:takeSnapshot(258)) - d503967e-137a-4fd9-bc45-44203e981a69@group-3C3ABBECBF4F-StateMachineUpdater: Took a snapshot at index 12
2019-09-12 06:40:29,676 [d503967e-137a-4fd9-bc45-44203e981a69@group-3C3ABBECBF4F-StateMachineUpdater] INFO  impl.StateMachineUpdater (StateMachineUpdater.java:lambda$new$0(83)) - d503967e-137a-4fd9-bc45-44203e981a69@group-3C3ABBECBF4F-StateMachineUpdater: snapshotIndex: updateIncreasingly 12 -> 12
2019-09-12 06:40:29,677 [ForkJoinPool.commonPool-worker-1] INFO  impl.RaftServerImpl (ServerState.java:close(385)) - d503967e-137a-4fd9-bc45-44203e981a69@group-3C3ABBECBF4F: closes. applyIndex: 16
2019-09-12 06:40:29,678 [main] INFO  utils.BackgroundService (BackgroundService.java:shutdown(148)) - Shutting down service BlockDeletingService
2019-09-12 06:40:29,684 [main] INFO  statemachine.DatanodeStateMachine (DatanodeStateMachine.java:stopDaemon(395)) - Ozone container server stopped.
2019-09-12 06:40:29,686 [main] INFO  handler.ContextHandler (ContextHandler.java:doStop(910)) - Stopped o.e.j.w.WebAppContext@3c83468e{/,null,UNAVAILABLE}{/hddsDatanode}
2019-09-12 06:40:29,688 [main] INFO  server.AbstractConnector (AbstractConnector.java:doStop(318)) - Stopped ServerConnector@272ce069{HTTP/1.1,[http/1.1]}{0.0.0.0:0}
2019-09-12 06:40:29,688 [main] INFO  handler.ContextHandler (ContextHandler.java:doStop(910)) - Stopped o.e.j.s.ServletContextHandler@ccf91df{/static,jar:file:/home/user/.m2/repository/org/apache/hadoop/hadoop-hdds-container-service/0.5.0-SNAPSHOT/hadoop-hdds-container-service-0.5.0-SNAPSHOT.jar!/webapps/static,UNAVAILABLE}
2019-09-12 06:40:29,689 [main] INFO  handler.ContextHandler (ContextHandler.java:doStop(910)) - Stopped o.e.j.s.ServletContextHandler@75d4a80f{/logs,file:///workdir/hadoop-ozone/integration-test/target/log,UNAVAILABLE}
2019-09-12 06:40:29,698 [d503967e-137a-4fd9-bc45-44203e981a69@group-3C3ABBECBF4F-SegmentedRaftLogWorker] ERROR ratis.XceiverServerRatis (XceiverServerRatis.java:triggerPipelineClose(568)) - pipeline Action CLOSE  on pipeline PipelineID=d2999b0e-6ab5-4d00-8298-3c3abbecbf4f.Reason : WriteLog:17: (t:2, i:17), STATEMACHINELOGENTRY, client-8B9783ACE8AA, cid=39-writeStateMachineData interrupted.
2019-09-12 06:40:29,701 [ForkJoinPool.commonPool-worker-1] INFO  segmented.SegmentedRaftLogWorker (SegmentedRaftLogWorker.java:close(228)) - d503967e-137a-4fd9-bc45-44203e981a69@group-3C3ABBECBF4F-SegmentedRaftLogWorker close()
2019-09-12 06:40:29,704 [ForkJoinPool.commonPool-worker-1] INFO  server.GrpcService (GrpcService.java:closeImpl(164)) - d503967e-137a-4fd9-bc45-44203e981a69: shutdown server with port 46648 now
2019-09-12 06:40:29,705 [ForkJoinPool.commonPool-worker-1] INFO  server.GrpcService (GrpcService.java:closeImpl(172)) - d503967e-137a-4fd9-bc45-44203e981a69: shutdown server with port 46648 successfully
2019-09-12 06:40:29,706 [grpc-default-executor-12] WARN  server.GrpcLogAppender (LogUtils.java:warn(134)) - 24c53ee4-03df-424b-8e99-1fd221f7be60@group-3C3ABBECBF4F->d503967e-137a-4fd9-bc45-44203e981a69-AppendLogResponseHandler: Failed appendEntries: org.apache.ratis.thirdparty.io.grpc.StatusRuntimeException: CANCELLED: HTTP/2 error code: CANCEL
Received Rst Stream
2019-09-12 06:40:29,706 [grpc-default-executor-12] INFO  impl.FollowerInfo (FollowerInfo.java:lambda$new$0(51)) - 24c53ee4-03df-424b-8e99-1fd221f7be60@group-3C3ABBECBF4F->d503967e-137a-4fd9-bc45-44203e981a69: nextIndex: updateUnconditionally 21 -> 17
2019-09-12 06:40:29,707 [grpc-default-executor-7] WARN  server.GrpcServerProtocolService (LogUtils.java:warn(134)) - d503967e-137a-4fd9-bc45-44203e981a69: installSnapshot onError, lastRequest: 24c53ee4-03df-424b-8e99-1fd221f7be60->d503967e-137a-4fd9-bc45-44203e981a69#159-t2, previous=(t:2, i:20), leaderCommit=16, initializing? false, entries: <empty>: org.apache.ratis.thirdparty.io.grpc.StatusRuntimeException: CANCELLED: cancelled before receiving half close
2019-09-12 06:40:29,707 [refreshUsed-/workdir/hadoop-ozone/integration-test/target/test-dir/MiniOzoneClusterImpl-37405de7-47da-4aca-9355-033741c24d37/datanode-2/data/containers] WARN  fs.CachingGetSpaceUsed (CachingGetSpaceUsed.java:run(183)) - Thread Interrupted waiting to refresh disk information: sleep interrupted
2019-09-12 06:40:29,725 [ForkJoinPool.commonPool-worker-1] INFO  utils.BackgroundService (BackgroundService.java:shutdown(148)) - Shutting down service BlockDeletingService
2019-09-12 06:40:29,729 [ForkJoinPool.commonPool-worker-1] INFO  statemachine.DatanodeStateMachine (DatanodeStateMachine.java:stopDaemon(395)) - Ozone container server stopped.
2019-09-12 06:40:29,734 [ForkJoinPool.commonPool-worker-1] INFO  handler.ContextHandler (ContextHandler.java:doStop(910)) - Stopped o.e.j.w.WebAppContext@2f2bff16{/,null,UNAVAILABLE}{/hddsDatanode}
2019-09-12 06:40:29,734 [ForkJoinPool.commonPool-worker-1] INFO  server.AbstractConnector (AbstractConnector.java:doStop(318)) - Stopped ServerConnector@75de29c0{HTTP/1.1,[http/1.1]}{0.0.0.0:0}
2019-09-12 06:40:29,736 [ForkJoinPool.commonPool-worker-1] INFO  handler.ContextHandler (ContextHandler.java:doStop(910)) - Stopped o.e.j.s.ServletContextHandler@44536de4{/static,jar:file:/home/user/.m2/repository/org/apache/hadoop/hadoop-hdds-container-service/0.5.0-SNAPSHOT/hadoop-hdds-container-service-0.5.0-SNAPSHOT.jar!/webapps/static,UNAVAILABLE}
2019-09-12 06:40:29,737 [ForkJoinPool.commonPool-worker-1] INFO  handler.ContextHandler (ContextHandler.java:doStop(910)) - Stopped o.e.j.s.ServletContextHandler@54d8c20d{/logs,file:///workdir/hadoop-ozone/integration-test/target/log,UNAVAILABLE}
2019-09-12 06:40:29,800 [java.util.concurrent.ThreadPoolExecutor$Worker@6586fa4d[State = -1, empty queue]] WARN  server.GrpcLogAppender (GrpcLogAppender.java:timeoutAppendRequest(200)) - 5ecf13a7-acad-498a-ad7b-6f285dbc97e2@group-C5E42DFE1AE1->996a256c-fd43-494a-96f3-903b907c5248-GrpcLogAppender: appendEntries Timeout, request=5ecf13a7-acad-498a-ad7b-6f285dbc97e2->996a256c-fd43-494a-96f3-903b907c5248#153-t2, previous=(t:2, i:20), leaderCommit=16, initializing? false, entries: <empty>
2019-09-12 06:40:29,800 [java.util.concurrent.ThreadPoolExecutor$Worker@3e497bcb[State = -1, empty queue]] WARN  server.GrpcLogAppender (GrpcLogAppender.java:timeoutAppendRequest(200)) - 5ecf13a7-acad-498a-ad7b-6f285dbc97e2@group-C5E42DFE1AE1->e1cdc330-b298-4f7e-9f8c-e697349a5e69-GrpcLogAppender: appendEntries Timeout, request=5ecf13a7-acad-498a-ad7b-6f285dbc97e2->e1cdc330-b298-4f7e-9f8c-e697349a5e69#153-t2, previous=(t:2, i:20), leaderCommit=16, initializing? false, entries: <empty>
2019-09-12 06:40:29,904 [Datanode State Machine Thread - 0] INFO  statemachine.DatanodeStateMachine (DatanodeStateMachine.java:lambda$startDaemon$0(350)) - Ozone container server started.
2019-09-12 06:40:30,010 [java.util.concurrent.ThreadPoolExecutor$Worker@24fb95e3[State = -1, empty queue]] WARN  server.GrpcLogAppender (GrpcLogAppender.java:timeoutAppendRequest(200)) - 24c53ee4-03df-424b-8e99-1fd221f7be60@group-3C3ABBECBF4F->3ae969e4-2e35-40bf-9e0e-95acae9da5a5-GrpcLogAppender: appendEntries Timeout, request=24c53ee4-03df-424b-8e99-1fd221f7be60->3ae969e4-2e35-40bf-9e0e-95acae9da5a5#154-t2, previous=(t:2, i:20), leaderCommit=16, initializing? false, entries: <empty>
2019-09-12 06:40:30,016 [grpc-default-executor-6] WARN  server.GrpcLogAppender (LogUtils.java:warn(134)) - 24c53ee4-03df-424b-8e99-1fd221f7be60@group-3C3ABBECBF4F->d503967e-137a-4fd9-bc45-44203e981a69-AppendLogResponseHandler: Failed appendEntries: org.apache.ratis.thirdparty.io.grpc.StatusRuntimeException: UNAVAILABLE: io exception
2019-09-12 06:40:30,016 [grpc-default-executor-6] INFO  impl.FollowerInfo (FollowerInfo.java:lambda$new$0(51)) - 24c53ee4-03df-424b-8e99-1fd221f7be60@group-3C3ABBECBF4F->d503967e-137a-4fd9-bc45-44203e981a69: nextIndex: updateUnconditionally 17 -> 16
2019-09-12 06:40:30,165 [Datanode State Machine Thread - 0] INFO  statemachine.DatanodeStateMachine (DatanodeStateMachine.java:lambda$startDaemon$0(350)) - Ozone container server started.
2019-09-12 06:40:30,301 [java.util.concurrent.ThreadPoolExecutor$Worker@6586fa4d[State = -1, empty queue]] WARN  server.GrpcLogAppender (GrpcLogAppender.java:timeoutAppendRequest(200)) - 5ecf13a7-acad-498a-ad7b-6f285dbc97e2@group-C5E42DFE1AE1->996a256c-fd43-494a-96f3-903b907c5248-GrpcLogAppender: appendEntries Timeout, request=5ecf13a7-acad-498a-ad7b-6f285dbc97e2->996a256c-fd43-494a-96f3-903b907c5248#154-t2, previous=(t:2, i:20), leaderCommit=16, initializing? false, entries: <empty>
2019-09-12 06:40:30,301 [java.util.concurrent.ThreadPoolExecutor$Worker@3e497bcb[State = -1, empty queue]] WARN  server.GrpcLogAppender (GrpcLogAppender.java:timeoutAppendRequest(200)) - 5ecf13a7-acad-498a-ad7b-6f285dbc97e2@group-C5E42DFE1AE1->e1cdc330-b298-4f7e-9f8c-e697349a5e69-GrpcLogAppender: appendEntries Timeout, request=5ecf13a7-acad-498a-ad7b-6f285dbc97e2->e1cdc330-b298-4f7e-9f8c-e697349a5e69#154-t2, previous=(t:2, i:20), leaderCommit=16, initializing? false, entries: <empty>
2019-09-12 06:40:30,511 [java.util.concurrent.ThreadPoolExecutor$Worker@24fb95e3[State = -1, empty queue]] WARN  server.GrpcLogAppender (GrpcLogAppender.java:timeoutAppendRequest(200)) - 24c53ee4-03df-424b-8e99-1fd221f7be60@group-3C3ABBECBF4F->3ae969e4-2e35-40bf-9e0e-95acae9da5a5-GrpcLogAppender: appendEntries Timeout, request=24c53ee4-03df-424b-8e99-1fd221f7be60->3ae969e4-2e35-40bf-9e0e-95acae9da5a5#155-t2, previous=(t:2, i:20), leaderCommit=16, initializing? false, entries: <empty>
2019-09-12 06:40:30,517 [grpc-default-executor-12] WARN  server.GrpcLogAppender (LogUtils.java:warn(134)) - 24c53ee4-03df-424b-8e99-1fd221f7be60@group-3C3ABBECBF4F->d503967e-137a-4fd9-bc45-44203e981a69-AppendLogResponseHandler: Failed appendEntries: org.apache.ratis.thirdparty.io.grpc.StatusRuntimeException: UNAVAILABLE: io exception
2019-09-12 06:40:30,517 [grpc-default-executor-12] INFO  impl.FollowerInfo (FollowerInfo.java:lambda$new$0(51)) - 24c53ee4-03df-424b-8e99-1fd221f7be60@group-3C3ABBECBF4F->d503967e-137a-4fd9-bc45-44203e981a69: nextIndex: updateUnconditionally 16 -> 15
2019-09-12 06:40:30,660 [Thread-1457] INFO  impl.FollowerState (FollowerState.java:run(106)) - 760f3a61-bfa2-4d4e-85d8-817950efb624:group-B034F0427A69 changes to CANDIDATE, lastRpcTime:1103, electionTimeout:1103ms
2019-09-12 06:40:30,660 [Thread-1457] INFO  impl.RoleInfo (RoleInfo.java:shutdownFollowerState(121)) - 760f3a61-bfa2-4d4e-85d8-817950efb624: shutdown FollowerState
2019-09-12 06:40:30,660 [Thread-1457] INFO  impl.RaftServerImpl (RaftServerImpl.java:setRole(174)) - 760f3a61-bfa2-4d4e-85d8-817950efb624@group-B034F0427A69: changes role from  FOLLOWER to CANDIDATE at term 16 for changeToCandidate
2019-09-12 06:40:30,661 [Thread-1457] INFO  impl.RoleInfo (RoleInfo.java:updateAndGet(143)) - 760f3a61-bfa2-4d4e-85d8-817950efb624: start LeaderElection
2019-09-12 06:40:30,677 [760f3a61-bfa2-4d4e-85d8-817950efb624@group-B034F0427A69:LeaderElection39] INFO  impl.LeaderElection (LeaderElection.java:askForVotes(182)) - 760f3a61-bfa2-4d4e-85d8-817950efb624@group-B034F0427A69:LeaderElection39: begin an election at term 17 for 17: [760f3a61-bfa2-4d4e-85d8-817950efb624:192.168.34.52:44136, 9d685984-4448-42b4-b390-543822753f3a:192.168.34.52:35205, e48d04e8-2c1f-410d-8bfb-5a732d356112:192.168.34.52:38245], old=null
2019-09-12 06:40:30,678 [760f3a61-bfa2-4d4e-85d8-817950efb624@group-B034F0427A69:LeaderElection39] INFO  impl.LeaderElection (LogUtils.java:infoOrTrace(149)) - 760f3a61-bfa2-4d4e-85d8-817950efb624@group-B034F0427A69:LeaderElection39 got exception when requesting votes: {}
java.util.concurrent.ExecutionException: org.apache.ratis.thirdparty.io.grpc.StatusRuntimeException: UNAVAILABLE: io exception
	at java.util.concurrent.FutureTask.report(FutureTask.java:122)
	at java.util.concurrent.FutureTask.get(FutureTask.java:192)
	at org.apache.ratis.server.impl.LeaderElection.waitForResults(LeaderElection.java:263)
	at org.apache.ratis.server.impl.LeaderElection.askForVotes(LeaderElection.java:201)
	at org.apache.ratis.server.impl.LeaderElection.run(LeaderElection.java:133)
	at java.lang.Thread.run(Thread.java:748)
Caused by: org.apache.ratis.thirdparty.io.grpc.StatusRuntimeException: UNAVAILABLE: io exception
	at org.apache.ratis.thirdparty.io.grpc.stub.ClientCalls.toStatusRuntimeException(ClientCalls.java:233)
	at org.apache.ratis.thirdparty.io.grpc.stub.ClientCalls.getUnchecked(ClientCalls.java:214)
	at org.apache.ratis.thirdparty.io.grpc.stub.ClientCalls.blockingUnaryCall(ClientCalls.java:139)
	at org.apache.ratis.proto.grpc.RaftServerProtocolServiceGrpc$RaftServerProtocolServiceBlockingStub.requestVote(RaftServerProtocolServiceGrpc.java:265)
	at org.apache.ratis.grpc.server.GrpcServerProtocolClient.requestVote(GrpcServerProtocolClient.java:90)
	at org.apache.ratis.grpc.server.GrpcService.requestVote(GrpcService.java:204)
	at org.apache.ratis.server.impl.LeaderElection.lambda$submitRequests$1(LeaderElection.java:238)
	at java.util.concurrent.FutureTask.run(FutureTask.java:266)
	at java.util.concurrent.Executors$RunnableAdapter.call(Executors.java:511)
	at java.util.concurrent.FutureTask.run(FutureTask.java:266)
	at java.util.concurrent.ThreadPoolExecutor.runWorker(ThreadPoolExecutor.java:1149)
	at java.util.concurrent.ThreadPoolExecutor$Worker.run(ThreadPoolExecutor.java:624)
	... 1 more
Caused by: org.apache.ratis.thirdparty.io.netty.channel.AbstractChannel$AnnotatedConnectException: Connection refused: /192.168.34.52:38245
	at sun.nio.ch.SocketChannelImpl.checkConnect(Native Method)
	at sun.nio.ch.SocketChannelImpl.finishConnect(SocketChannelImpl.java:717)
	at org.apache.ratis.thirdparty.io.netty.channel.socket.nio.NioSocketChannel.doFinishConnect(NioSocketChannel.java:327)
	at org.apache.ratis.thirdparty.io.netty.channel.nio.AbstractNioChannel$AbstractNioUnsafe.finishConnect(AbstractNioChannel.java:340)
	at org.apache.ratis.thirdparty.io.netty.channel.nio.NioEventLoop.processSelectedKey(NioEventLoop.java:632)
	at org.apache.ratis.thirdparty.io.netty.channel.nio.NioEventLoop.processSelectedKeysOptimized(NioEventLoop.java:579)
	at org.apache.ratis.thirdparty.io.netty.channel.nio.NioEventLoop.processSelectedKeys(NioEventLoop.java:496)
	at org.apache.ratis.thirdparty.io.netty.channel.nio.NioEventLoop.run(NioEventLoop.java:458)
	at org.apache.ratis.thirdparty.io.netty.util.concurrent.SingleThreadEventExecutor$5.run(SingleThreadEventExecutor.java:897)
	at org.apache.ratis.thirdparty.io.netty.util.concurrent.FastThreadLocalRunnable.run(FastThreadLocalRunnable.java:30)
	... 1 more
Caused by: java.net.ConnectException: Connection refused
	... 11 more
2019-09-12 06:40:30,680 [760f3a61-bfa2-4d4e-85d8-817950efb624@group-B034F0427A69:LeaderElection39] INFO  impl.LeaderElection (LogUtils.java:infoOrTrace(149)) - 760f3a61-bfa2-4d4e-85d8-817950efb624@group-B034F0427A69:LeaderElection39 got exception when requesting votes: {}
java.util.concurrent.ExecutionException: org.apache.ratis.thirdparty.io.grpc.StatusRuntimeException: UNAVAILABLE: io exception
	at java.util.concurrent.FutureTask.report(FutureTask.java:122)
	at java.util.concurrent.FutureTask.get(FutureTask.java:192)
	at org.apache.ratis.server.impl.LeaderElection.waitForResults(LeaderElection.java:263)
	at org.apache.ratis.server.impl.LeaderElection.askForVotes(LeaderElection.java:201)
	at org.apache.ratis.server.impl.LeaderElection.run(LeaderElection.java:133)
	at java.lang.Thread.run(Thread.java:748)
Caused by: org.apache.ratis.thirdparty.io.grpc.StatusRuntimeException: UNAVAILABLE: io exception
	at org.apache.ratis.thirdparty.io.grpc.stub.ClientCalls.toStatusRuntimeException(ClientCalls.java:233)
	at org.apache.ratis.thirdparty.io.grpc.stub.ClientCalls.getUnchecked(ClientCalls.java:214)
	at org.apache.ratis.thirdparty.io.grpc.stub.ClientCalls.blockingUnaryCall(ClientCalls.java:139)
	at org.apache.ratis.proto.grpc.RaftServerProtocolServiceGrpc$RaftServerProtocolServiceBlockingStub.requestVote(RaftServerProtocolServiceGrpc.java:265)
	at org.apache.ratis.grpc.server.GrpcServerProtocolClient.requestVote(GrpcServerProtocolClient.java:90)
	at org.apache.ratis.grpc.server.GrpcService.requestVote(GrpcService.java:204)
	at org.apache.ratis.server.impl.LeaderElection.lambda$submitRequests$1(LeaderElection.java:238)
	at java.util.concurrent.FutureTask.run(FutureTask.java:266)
	at java.util.concurrent.Executors$RunnableAdapter.call(Executors.java:511)
	at java.util.concurrent.FutureTask.run(FutureTask.java:266)
	at java.util.concurrent.ThreadPoolExecutor.runWorker(ThreadPoolExecutor.java:1149)
	at java.util.concurrent.ThreadPoolExecutor$Worker.run(ThreadPoolExecutor.java:624)
	... 1 more
Caused by: org.apache.ratis.thirdparty.io.netty.channel.AbstractChannel$AnnotatedConnectException: Connection refused: /192.168.34.52:35205
	at sun.nio.ch.SocketChannelImpl.checkConnect(Native Method)
	at sun.nio.ch.SocketChannelImpl.finishConnect(SocketChannelImpl.java:717)
	at org.apache.ratis.thirdparty.io.netty.channel.socket.nio.NioSocketChannel.doFinishConnect(NioSocketChannel.java:327)
	at org.apache.ratis.thirdparty.io.netty.channel.nio.AbstractNioChannel$AbstractNioUnsafe.finishConnect(AbstractNioChannel.java:340)
	at org.apache.ratis.thirdparty.io.netty.channel.nio.NioEventLoop.processSelectedKey(NioEventLoop.java:632)
	at org.apache.ratis.thirdparty.io.netty.channel.nio.NioEventLoop.processSelectedKeysOptimized(NioEventLoop.java:579)
	at org.apache.ratis.thirdparty.io.netty.channel.nio.NioEventLoop.processSelectedKeys(NioEventLoop.java:496)
	at org.apache.ratis.thirdparty.io.netty.channel.nio.NioEventLoop.run(NioEventLoop.java:458)
	at org.apache.ratis.thirdparty.io.netty.util.concurrent.SingleThreadEventExecutor$5.run(SingleThreadEventExecutor.java:897)
	at org.apache.ratis.thirdparty.io.netty.util.concurrent.FastThreadLocalRunnable.run(FastThreadLocalRunnable.java:30)
	... 1 more
Caused by: java.net.ConnectException: Connection refused
	... 11 more
2019-09-12 06:40:30,682 [760f3a61-bfa2-4d4e-85d8-817950efb624@group-B034F0427A69:LeaderElection39] INFO  impl.LeaderElection (LeaderElection.java:logAndReturn(56)) - 760f3a61-bfa2-4d4e-85d8-817950efb624@group-B034F0427A69:LeaderElection39: Election REJECTED; received 0 response(s) [] and 2 exception(s); 760f3a61-bfa2-4d4e-85d8-817950efb624@group-B034F0427A69:t17, leader=null, voted=760f3a61-bfa2-4d4e-85d8-817950efb624, raftlog=760f3a61-bfa2-4d4e-85d8-817950efb624@group-B034F0427A69-SegmentedRaftLog:OPENED:c30,f30,i30, conf=17: [760f3a61-bfa2-4d4e-85d8-817950efb624:192.168.34.52:44136, 9d685984-4448-42b4-b390-543822753f3a:192.168.34.52:35205, e48d04e8-2c1f-410d-8bfb-5a732d356112:192.168.34.52:38245], old=null
2019-09-12 06:40:30,683 [760f3a61-bfa2-4d4e-85d8-817950efb624@group-B034F0427A69:LeaderElection39] INFO  impl.LeaderElection (LogUtils.java:infoOrTrace(149)) -   Exception 0: {}
java.util.concurrent.ExecutionException: org.apache.ratis.thirdparty.io.grpc.StatusRuntimeException: UNAVAILABLE: io exception
	at java.util.concurrent.FutureTask.report(FutureTask.java:122)
	at java.util.concurrent.FutureTask.get(FutureTask.java:192)
	at org.apache.ratis.server.impl.LeaderElection.waitForResults(LeaderElection.java:263)
	at org.apache.ratis.server.impl.LeaderElection.askForVotes(LeaderElection.java:201)
	at org.apache.ratis.server.impl.LeaderElection.run(LeaderElection.java:133)
	at java.lang.Thread.run(Thread.java:748)
Caused by: org.apache.ratis.thirdparty.io.grpc.StatusRuntimeException: UNAVAILABLE: io exception
	at org.apache.ratis.thirdparty.io.grpc.stub.ClientCalls.toStatusRuntimeException(ClientCalls.java:233)
	at org.apache.ratis.thirdparty.io.grpc.stub.ClientCalls.getUnchecked(ClientCalls.java:214)
	at org.apache.ratis.thirdparty.io.grpc.stub.ClientCalls.blockingUnaryCall(ClientCalls.java:139)
	at org.apache.ratis.proto.grpc.RaftServerProtocolServiceGrpc$RaftServerProtocolServiceBlockingStub.requestVote(RaftServerProtocolServiceGrpc.java:265)
	at org.apache.ratis.grpc.server.GrpcServerProtocolClient.requestVote(GrpcServerProtocolClient.java:90)
	at org.apache.ratis.grpc.server.GrpcService.requestVote(GrpcService.java:204)
	at org.apache.ratis.server.impl.LeaderElection.lambda$submitRequests$1(LeaderElection.java:238)
	at java.util.concurrent.FutureTask.run(FutureTask.java:266)
	at java.util.concurrent.Executors$RunnableAdapter.call(Executors.java:511)
	at java.util.concurrent.FutureTask.run(FutureTask.java:266)
	at java.util.concurrent.ThreadPoolExecutor.runWorker(ThreadPoolExecutor.java:1149)
	at java.util.concurrent.ThreadPoolExecutor$Worker.run(ThreadPoolExecutor.java:624)
	... 1 more
Caused by: org.apache.ratis.thirdparty.io.netty.channel.AbstractChannel$AnnotatedConnectException: Connection refused: /192.168.34.52:38245
	at sun.nio.ch.SocketChannelImpl.checkConnect(Native Method)
	at sun.nio.ch.SocketChannelImpl.finishConnect(SocketChannelImpl.java:717)
	at org.apache.ratis.thirdparty.io.netty.channel.socket.nio.NioSocketChannel.doFinishConnect(NioSocketChannel.java:327)
	at org.apache.ratis.thirdparty.io.netty.channel.nio.AbstractNioChannel$AbstractNioUnsafe.finishConnect(AbstractNioChannel.java:340)
	at org.apache.ratis.thirdparty.io.netty.channel.nio.NioEventLoop.processSelectedKey(NioEventLoop.java:632)
	at org.apache.ratis.thirdparty.io.netty.channel.nio.NioEventLoop.processSelectedKeysOptimized(NioEventLoop.java:579)
	at org.apache.ratis.thirdparty.io.netty.channel.nio.NioEventLoop.processSelectedKeys(NioEventLoop.java:496)
	at org.apache.ratis.thirdparty.io.netty.channel.nio.NioEventLoop.run(NioEventLoop.java:458)
	at org.apache.ratis.thirdparty.io.netty.util.concurrent.SingleThreadEventExecutor$5.run(SingleThreadEventExecutor.java:897)
	at org.apache.ratis.thirdparty.io.netty.util.concurrent.FastThreadLocalRunnable.run(FastThreadLocalRunnable.java:30)
	... 1 more
Caused by: java.net.ConnectException: Connection refused
	... 11 more
2019-09-12 06:40:30,683 [760f3a61-bfa2-4d4e-85d8-817950efb624@group-B034F0427A69:LeaderElection39] INFO  impl.LeaderElection (LogUtils.java:infoOrTrace(149)) -   Exception 1: {}
java.util.concurrent.ExecutionException: org.apache.ratis.thirdparty.io.grpc.StatusRuntimeException: UNAVAILABLE: io exception
	at java.util.concurrent.FutureTask.report(FutureTask.java:122)
	at java.util.concurrent.FutureTask.get(FutureTask.java:192)
	at org.apache.ratis.server.impl.LeaderElection.waitForResults(LeaderElection.java:263)
	at org.apache.ratis.server.impl.LeaderElection.askForVotes(LeaderElection.java:201)
	at org.apache.ratis.server.impl.LeaderElection.run(LeaderElection.java:133)
	at java.lang.Thread.run(Thread.java:748)
Caused by: org.apache.ratis.thirdparty.io.grpc.StatusRuntimeException: UNAVAILABLE: io exception
	at org.apache.ratis.thirdparty.io.grpc.stub.ClientCalls.toStatusRuntimeException(ClientCalls.java:233)
	at org.apache.ratis.thirdparty.io.grpc.stub.ClientCalls.getUnchecked(ClientCalls.java:214)
	at org.apache.ratis.thirdparty.io.grpc.stub.ClientCalls.blockingUnaryCall(ClientCalls.java:139)
	at org.apache.ratis.proto.grpc.RaftServerProtocolServiceGrpc$RaftServerProtocolServiceBlockingStub.requestVote(RaftServerProtocolServiceGrpc.java:265)
	at org.apache.ratis.grpc.server.GrpcServerProtocolClient.requestVote(GrpcServerProtocolClient.java:90)
	at org.apache.ratis.grpc.server.GrpcService.requestVote(GrpcService.java:204)
	at org.apache.ratis.server.impl.LeaderElection.lambda$submitRequests$1(LeaderElection.java:238)
	at java.util.concurrent.FutureTask.run(FutureTask.java:266)
	at java.util.concurrent.Executors$RunnableAdapter.call(Executors.java:511)
	at java.util.concurrent.FutureTask.run(FutureTask.java:266)
	at java.util.concurrent.ThreadPoolExecutor.runWorker(ThreadPoolExecutor.java:1149)
	at java.util.concurrent.ThreadPoolExecutor$Worker.run(ThreadPoolExecutor.java:624)
	... 1 more
Caused by: org.apache.ratis.thirdparty.io.netty.channel.AbstractChannel$AnnotatedConnectException: Connection refused: /192.168.34.52:35205
	at sun.nio.ch.SocketChannelImpl.checkConnect(Native Method)
	at sun.nio.ch.SocketChannelImpl.finishConnect(SocketChannelImpl.java:717)
	at org.apache.ratis.thirdparty.io.netty.channel.socket.nio.NioSocketChannel.doFinishConnect(NioSocketChannel.java:327)
	at org.apache.ratis.thirdparty.io.netty.channel.nio.AbstractNioChannel$AbstractNioUnsafe.finishConnect(AbstractNioChannel.java:340)
	at org.apache.ratis.thirdparty.io.netty.channel.nio.NioEventLoop.processSelectedKey(NioEventLoop.java:632)
	at org.apache.ratis.thirdparty.io.netty.channel.nio.NioEventLoop.processSelectedKeysOptimized(NioEventLoop.java:579)
	at org.apache.ratis.thirdparty.io.netty.channel.nio.NioEventLoop.processSelectedKeys(NioEventLoop.java:496)
	at org.apache.ratis.thirdparty.io.netty.channel.nio.NioEventLoop.run(NioEventLoop.java:458)
	at org.apache.ratis.thirdparty.io.netty.util.concurrent.SingleThreadEventExecutor$5.run(SingleThreadEventExecutor.java:897)
	at org.apache.ratis.thirdparty.io.netty.util.concurrent.FastThreadLocalRunnable.run(FastThreadLocalRunnable.java:30)
	... 1 more
Caused by: java.net.ConnectException: Connection refused
	... 11 more
2019-09-12 06:40:30,683 [760f3a61-bfa2-4d4e-85d8-817950efb624@group-B034F0427A69:LeaderElection39] INFO  impl.RaftServerImpl (RaftServerImpl.java:setRole(174)) - 760f3a61-bfa2-4d4e-85d8-817950efb624@group-B034F0427A69: changes role from CANDIDATE to FOLLOWER at term 17 for DISCOVERED_A_NEW_TERM
2019-09-12 06:40:30,683 [760f3a61-bfa2-4d4e-85d8-817950efb624@group-B034F0427A69:LeaderElection39] INFO  impl.RoleInfo (RoleInfo.java:shutdownLeaderElection(134)) - 760f3a61-bfa2-4d4e-85d8-817950efb624: shutdown LeaderElection
2019-09-12 06:40:30,683 [760f3a61-bfa2-4d4e-85d8-817950efb624@group-B034F0427A69:LeaderElection39] INFO  impl.RoleInfo (RoleInfo.java:updateAndGet(143)) - 760f3a61-bfa2-4d4e-85d8-817950efb624: start FollowerState
2019-09-12 06:40:30,750 [24c53ee4-03df-424b-8e99-1fd221f7be60@group-3C3ABBECBF4F-SegmentedRaftLogWorker] WARN  segmented.SegmentedRaftLogWorker (SegmentedRaftLogWorker.java:getFromFuture(90)) - Timeout 6/~
org.apache.ratis.protocol.TimeoutIOException: Timeout 10s: WriteLog:17: (t:2, i:17), STATEMACHINELOGENTRY, client-8B9783ACE8AA, cid=39-writeStateMachineData
	at org.apache.ratis.util.IOUtils.getFromFuture(IOUtils.java:87)
	at org.apache.ratis.server.raftlog.segmented.SegmentedRaftLogWorker$StateMachineDataPolicy.getFromFuture(SegmentedRaftLogWorker.java:87)
	at org.apache.ratis.server.raftlog.segmented.SegmentedRaftLogWorker$WriteLog.execute(SegmentedRaftLogWorker.java:477)
	at org.apache.ratis.server.raftlog.segmented.SegmentedRaftLogWorker.run(SegmentedRaftLogWorker.java:289)
	at java.lang.Thread.run(Thread.java:748)
Caused by: java.util.concurrent.TimeoutException
	at java.util.concurrent.CompletableFuture.timedGet(CompletableFuture.java:1771)
	at java.util.concurrent.CompletableFuture.get(CompletableFuture.java:1915)
	at org.apache.ratis.util.IOUtils.getFromFuture(IOUtils.java:79)
	... 4 more
2019-09-12 06:40:30,751 [3ae969e4-2e35-40bf-9e0e-95acae9da5a5@group-3C3ABBECBF4F-SegmentedRaftLogWorker] WARN  segmented.SegmentedRaftLogWorker (SegmentedRaftLogWorker.java:getFromFuture(90)) - Timeout 6/~
org.apache.ratis.protocol.TimeoutIOException: Timeout 10s: WriteLog:17: (t:2, i:17), STATEMACHINELOGENTRY, client-8B9783ACE8AA, cid=39-writeStateMachineData
	at org.apache.ratis.util.IOUtils.getFromFuture(IOUtils.java:87)
	at org.apache.ratis.server.raftlog.segmented.SegmentedRaftLogWorker$StateMachineDataPolicy.getFromFuture(SegmentedRaftLogWorker.java:87)
	at org.apache.ratis.server.raftlog.segmented.SegmentedRaftLogWorker$WriteLog.execute(SegmentedRaftLogWorker.java:477)
	at org.apache.ratis.server.raftlog.segmented.SegmentedRaftLogWorker.run(SegmentedRaftLogWorker.java:289)
	at java.lang.Thread.run(Thread.java:748)
Caused by: java.util.concurrent.TimeoutException
	at java.util.concurrent.CompletableFuture.timedGet(CompletableFuture.java:1771)
	at java.util.concurrent.CompletableFuture.get(CompletableFuture.java:1915)
	at org.apache.ratis.util.IOUtils.getFromFuture(IOUtils.java:79)
	... 4 more
2019-09-12 06:40:30,802 [java.util.concurrent.ThreadPoolExecutor$Worker@6586fa4d[State = -1, empty queue]] WARN  server.GrpcLogAppender (GrpcLogAppender.java:timeoutAppendRequest(200)) - 5ecf13a7-acad-498a-ad7b-6f285dbc97e2@group-C5E42DFE1AE1->996a256c-fd43-494a-96f3-903b907c5248-GrpcLogAppender: appendEntries Timeout, request=5ecf13a7-acad-498a-ad7b-6f285dbc97e2->996a256c-fd43-494a-96f3-903b907c5248#155-t2, previous=(t:2, i:20), leaderCommit=16, initializing? false, entries: <empty>
2019-09-12 06:40:30,802 [java.util.concurrent.ThreadPoolExecutor$Worker@3e497bcb[State = -1, empty queue]] WARN  server.GrpcLogAppender (GrpcLogAppender.java:timeoutAppendRequest(200)) - 5ecf13a7-acad-498a-ad7b-6f285dbc97e2@group-C5E42DFE1AE1->e1cdc330-b298-4f7e-9f8c-e697349a5e69-GrpcLogAppender: appendEntries Timeout, request=5ecf13a7-acad-498a-ad7b-6f285dbc97e2->e1cdc330-b298-4f7e-9f8c-e697349a5e69#155-t2, previous=(t:2, i:20), leaderCommit=16, initializing? false, entries: <empty>
2019-09-12 06:40:31,012 [java.util.concurrent.ThreadPoolExecutor$Worker@24fb95e3[State = -1, empty queue]] WARN  server.GrpcLogAppender (GrpcLogAppender.java:timeoutAppendRequest(200)) - 24c53ee4-03df-424b-8e99-1fd221f7be60@group-3C3ABBECBF4F->3ae969e4-2e35-40bf-9e0e-95acae9da5a5-GrpcLogAppender: appendEntries Timeout, request=24c53ee4-03df-424b-8e99-1fd221f7be60->3ae969e4-2e35-40bf-9e0e-95acae9da5a5#156-t2, previous=(t:2, i:20), leaderCommit=16, initializing? false, entries: <empty>
2019-09-12 06:40:31,018 [grpc-default-executor-6] WARN  server.GrpcLogAppender (LogUtils.java:warn(134)) - 24c53ee4-03df-424b-8e99-1fd221f7be60@group-3C3ABBECBF4F->d503967e-137a-4fd9-bc45-44203e981a69-AppendLogResponseHandler: Failed appendEntries: org.apache.ratis.thirdparty.io.grpc.StatusRuntimeException: UNAVAILABLE: io exception
2019-09-12 06:40:31,019 [grpc-default-executor-6] INFO  impl.FollowerInfo (FollowerInfo.java:lambda$new$0(51)) - 24c53ee4-03df-424b-8e99-1fd221f7be60@group-3C3ABBECBF4F->d503967e-137a-4fd9-bc45-44203e981a69: nextIndex: updateUnconditionally 15 -> 14
2019-09-12 06:40:31,302 [java.util.concurrent.ThreadPoolExecutor$Worker@3e497bcb[State = -1, empty queue]] WARN  server.GrpcLogAppender (GrpcLogAppender.java:timeoutAppendRequest(200)) - 5ecf13a7-acad-498a-ad7b-6f285dbc97e2@group-C5E42DFE1AE1->e1cdc330-b298-4f7e-9f8c-e697349a5e69-GrpcLogAppender: appendEntries Timeout, request=5ecf13a7-acad-498a-ad7b-6f285dbc97e2->e1cdc330-b298-4f7e-9f8c-e697349a5e69#156-t2, previous=(t:2, i:20), leaderCommit=16, initializing? false, entries: <empty>
2019-09-12 06:40:31,302 [java.util.concurrent.ThreadPoolExecutor$Worker@6586fa4d[State = -1, empty queue]] WARN  server.GrpcLogAppender (GrpcLogAppender.java:timeoutAppendRequest(200)) - 5ecf13a7-acad-498a-ad7b-6f285dbc97e2@group-C5E42DFE1AE1->996a256c-fd43-494a-96f3-903b907c5248-GrpcLogAppender: appendEntries Timeout, request=5ecf13a7-acad-498a-ad7b-6f285dbc97e2->996a256c-fd43-494a-96f3-903b907c5248#156-t2, previous=(t:2, i:20), leaderCommit=16, initializing? false, entries: <empty>
2019-09-12 06:40:31,512 [java.util.concurrent.ThreadPoolExecutor$Worker@24fb95e3[State = -1, empty queue]] WARN  server.GrpcLogAppender (GrpcLogAppender.java:timeoutAppendRequest(200)) - 24c53ee4-03df-424b-8e99-1fd221f7be60@group-3C3ABBECBF4F->3ae969e4-2e35-40bf-9e0e-95acae9da5a5-GrpcLogAppender: appendEntries Timeout, request=24c53ee4-03df-424b-8e99-1fd221f7be60->3ae969e4-2e35-40bf-9e0e-95acae9da5a5#157-t2, previous=(t:2, i:20), leaderCommit=16, initializing? false, entries: <empty>
2019-09-12 06:40:31,519 [grpc-default-executor-7] WARN  server.GrpcLogAppender (LogUtils.java:warn(134)) - 24c53ee4-03df-424b-8e99-1fd221f7be60@group-3C3ABBECBF4F->d503967e-137a-4fd9-bc45-44203e981a69-AppendLogResponseHandler: Failed appendEntries: org.apache.ratis.thirdparty.io.grpc.StatusRuntimeException: UNAVAILABLE: io exception
2019-09-12 06:40:31,520 [grpc-default-executor-7] INFO  impl.FollowerInfo (FollowerInfo.java:lambda$new$0(51)) - 24c53ee4-03df-424b-8e99-1fd221f7be60@group-3C3ABBECBF4F->d503967e-137a-4fd9-bc45-44203e981a69: nextIndex: updateUnconditionally 14 -> 13
2019-09-12 06:40:31,803 [java.util.concurrent.ThreadPoolExecutor$Worker@6586fa4d[State = -1, empty queue]] WARN  server.GrpcLogAppender (GrpcLogAppender.java:timeoutAppendRequest(200)) - 5ecf13a7-acad-498a-ad7b-6f285dbc97e2@group-C5E42DFE1AE1->996a256c-fd43-494a-96f3-903b907c5248-GrpcLogAppender: appendEntries Timeout, request=5ecf13a7-acad-498a-ad7b-6f285dbc97e2->996a256c-fd43-494a-96f3-903b907c5248#157-t2, previous=(t:2, i:20), leaderCommit=16, initializing? false, entries: <empty>
2019-09-12 06:40:31,803 [java.util.concurrent.ThreadPoolExecutor$Worker@3e497bcb[State = -1, empty queue]] WARN  server.GrpcLogAppender (GrpcLogAppender.java:timeoutAppendRequest(200)) - 5ecf13a7-acad-498a-ad7b-6f285dbc97e2@group-C5E42DFE1AE1->e1cdc330-b298-4f7e-9f8c-e697349a5e69-GrpcLogAppender: appendEntries Timeout, request=5ecf13a7-acad-498a-ad7b-6f285dbc97e2->e1cdc330-b298-4f7e-9f8c-e697349a5e69#157-t2, previous=(t:2, i:20), leaderCommit=16, initializing? false, entries: <empty>
2019-09-12 06:40:31,868 [Thread-1468] INFO  impl.FollowerState (FollowerState.java:run(106)) - 760f3a61-bfa2-4d4e-85d8-817950efb624:group-B034F0427A69 changes to CANDIDATE, lastRpcTime:1184, electionTimeout:1184ms
2019-09-12 06:40:31,868 [Thread-1468] INFO  impl.RoleInfo (RoleInfo.java:shutdownFollowerState(121)) - 760f3a61-bfa2-4d4e-85d8-817950efb624: shutdown FollowerState
2019-09-12 06:40:31,868 [Thread-1468] INFO  impl.RaftServerImpl (RaftServerImpl.java:setRole(174)) - 760f3a61-bfa2-4d4e-85d8-817950efb624@group-B034F0427A69: changes role from  FOLLOWER to CANDIDATE at term 17 for changeToCandidate
2019-09-12 06:40:31,869 [Thread-1468] INFO  impl.RoleInfo (RoleInfo.java:updateAndGet(143)) - 760f3a61-bfa2-4d4e-85d8-817950efb624: start LeaderElection
2019-09-12 06:40:31,887 [760f3a61-bfa2-4d4e-85d8-817950efb624@group-B034F0427A69:LeaderElection40] INFO  impl.LeaderElection (LeaderElection.java:askForVotes(182)) - 760f3a61-bfa2-4d4e-85d8-817950efb624@group-B034F0427A69:LeaderElection40: begin an election at term 18 for 17: [760f3a61-bfa2-4d4e-85d8-817950efb624:192.168.34.52:44136, 9d685984-4448-42b4-b390-543822753f3a:192.168.34.52:35205, e48d04e8-2c1f-410d-8bfb-5a732d356112:192.168.34.52:38245], old=null
2019-09-12 06:40:31,890 [760f3a61-bfa2-4d4e-85d8-817950efb624@group-B034F0427A69:LeaderElection40] INFO  impl.LeaderElection (LogUtils.java:infoOrTrace(149)) - 760f3a61-bfa2-4d4e-85d8-817950efb624@group-B034F0427A69:LeaderElection40 got exception when requesting votes: {}
java.util.concurrent.ExecutionException: org.apache.ratis.thirdparty.io.grpc.StatusRuntimeException: UNAVAILABLE: io exception
	at java.util.concurrent.FutureTask.report(FutureTask.java:122)
	at java.util.concurrent.FutureTask.get(FutureTask.java:192)
	at org.apache.ratis.server.impl.LeaderElection.waitForResults(LeaderElection.java:263)
	at org.apache.ratis.server.impl.LeaderElection.askForVotes(LeaderElection.java:201)
	at org.apache.ratis.server.impl.LeaderElection.run(LeaderElection.java:133)
	at java.lang.Thread.run(Thread.java:748)
Caused by: org.apache.ratis.thirdparty.io.grpc.StatusRuntimeException: UNAVAILABLE: io exception
	at org.apache.ratis.thirdparty.io.grpc.stub.ClientCalls.toStatusRuntimeException(ClientCalls.java:233)
	at org.apache.ratis.thirdparty.io.grpc.stub.ClientCalls.getUnchecked(ClientCalls.java:214)
	at org.apache.ratis.thirdparty.io.grpc.stub.ClientCalls.blockingUnaryCall(ClientCalls.java:139)
	at org.apache.ratis.proto.grpc.RaftServerProtocolServiceGrpc$RaftServerProtocolServiceBlockingStub.requestVote(RaftServerProtocolServiceGrpc.java:265)
	at org.apache.ratis.grpc.server.GrpcServerProtocolClient.requestVote(GrpcServerProtocolClient.java:90)
	at org.apache.ratis.grpc.server.GrpcService.requestVote(GrpcService.java:204)
	at org.apache.ratis.server.impl.LeaderElection.lambda$submitRequests$1(LeaderElection.java:238)
	at java.util.concurrent.FutureTask.run(FutureTask.java:266)
	at java.util.concurrent.Executors$RunnableAdapter.call(Executors.java:511)
	at java.util.concurrent.FutureTask.run(FutureTask.java:266)
	at java.util.concurrent.ThreadPoolExecutor.runWorker(ThreadPoolExecutor.java:1149)
	at java.util.concurrent.ThreadPoolExecutor$Worker.run(ThreadPoolExecutor.java:624)
	... 1 more
Caused by: org.apache.ratis.thirdparty.io.netty.channel.AbstractChannel$AnnotatedConnectException: Connection refused: /192.168.34.52:35205
	at sun.nio.ch.SocketChannelImpl.checkConnect(Native Method)
	at sun.nio.ch.SocketChannelImpl.finishConnect(SocketChannelImpl.java:717)
	at org.apache.ratis.thirdparty.io.netty.channel.socket.nio.NioSocketChannel.doFinishConnect(NioSocketChannel.java:327)
	at org.apache.ratis.thirdparty.io.netty.channel.nio.AbstractNioChannel$AbstractNioUnsafe.finishConnect(AbstractNioChannel.java:340)
	at org.apache.ratis.thirdparty.io.netty.channel.nio.NioEventLoop.processSelectedKey(NioEventLoop.java:632)
	at org.apache.ratis.thirdparty.io.netty.channel.nio.NioEventLoop.processSelectedKeysOptimized(NioEventLoop.java:579)
	at org.apache.ratis.thirdparty.io.netty.channel.nio.NioEventLoop.processSelectedKeys(NioEventLoop.java:496)
	at org.apache.ratis.thirdparty.io.netty.channel.nio.NioEventLoop.run(NioEventLoop.java:458)
	at org.apache.ratis.thirdparty.io.netty.util.concurrent.SingleThreadEventExecutor$5.run(SingleThreadEventExecutor.java:897)
	at org.apache.ratis.thirdparty.io.netty.util.concurrent.FastThreadLocalRunnable.run(FastThreadLocalRunnable.java:30)
	... 1 more
Caused by: java.net.ConnectException: Connection refused
	... 11 more
2019-09-12 06:40:31,893 [760f3a61-bfa2-4d4e-85d8-817950efb624@group-B034F0427A69:LeaderElection40] INFO  impl.LeaderElection (LogUtils.java:infoOrTrace(149)) - 760f3a61-bfa2-4d4e-85d8-817950efb624@group-B034F0427A69:LeaderElection40 got exception when requesting votes: {}
java.util.concurrent.ExecutionException: org.apache.ratis.thirdparty.io.grpc.StatusRuntimeException: UNAVAILABLE: io exception
	at java.util.concurrent.FutureTask.report(FutureTask.java:122)
	at java.util.concurrent.FutureTask.get(FutureTask.java:192)
	at org.apache.ratis.server.impl.LeaderElection.waitForResults(LeaderElection.java:263)
	at org.apache.ratis.server.impl.LeaderElection.askForVotes(LeaderElection.java:201)
	at org.apache.ratis.server.impl.LeaderElection.run(LeaderElection.java:133)
	at java.lang.Thread.run(Thread.java:748)
Caused by: org.apache.ratis.thirdparty.io.grpc.StatusRuntimeException: UNAVAILABLE: io exception
	at org.apache.ratis.thirdparty.io.grpc.stub.ClientCalls.toStatusRuntimeException(ClientCalls.java:233)
	at org.apache.ratis.thirdparty.io.grpc.stub.ClientCalls.getUnchecked(ClientCalls.java:214)
	at org.apache.ratis.thirdparty.io.grpc.stub.ClientCalls.blockingUnaryCall(ClientCalls.java:139)
	at org.apache.ratis.proto.grpc.RaftServerProtocolServiceGrpc$RaftServerProtocolServiceBlockingStub.requestVote(RaftServerProtocolServiceGrpc.java:265)
	at org.apache.ratis.grpc.server.GrpcServerProtocolClient.requestVote(GrpcServerProtocolClient.java:90)
	at org.apache.ratis.grpc.server.GrpcService.requestVote(GrpcService.java:204)
	at org.apache.ratis.server.impl.LeaderElection.lambda$submitRequests$1(LeaderElection.java:238)
	at java.util.concurrent.FutureTask.run(FutureTask.java:266)
	at java.util.concurrent.Executors$RunnableAdapter.call(Executors.java:511)
	at java.util.concurrent.FutureTask.run(FutureTask.java:266)
	at java.util.concurrent.ThreadPoolExecutor.runWorker(ThreadPoolExecutor.java:1149)
	at java.util.concurrent.ThreadPoolExecutor$Worker.run(ThreadPoolExecutor.java:624)
	... 1 more
Caused by: org.apache.ratis.thirdparty.io.netty.channel.AbstractChannel$AnnotatedConnectException: Connection refused: /192.168.34.52:38245
	at sun.nio.ch.SocketChannelImpl.checkConnect(Native Method)
	at sun.nio.ch.SocketChannelImpl.finishConnect(SocketChannelImpl.java:717)
	at org.apache.ratis.thirdparty.io.netty.channel.socket.nio.NioSocketChannel.doFinishConnect(NioSocketChannel.java:327)
	at org.apache.ratis.thirdparty.io.netty.channel.nio.AbstractNioChannel$AbstractNioUnsafe.finishConnect(AbstractNioChannel.java:340)
	at org.apache.ratis.thirdparty.io.netty.channel.nio.NioEventLoop.processSelectedKey(NioEventLoop.java:632)
	at org.apache.ratis.thirdparty.io.netty.channel.nio.NioEventLoop.processSelectedKeysOptimized(NioEventLoop.java:579)
	at org.apache.ratis.thirdparty.io.netty.channel.nio.NioEventLoop.processSelectedKeys(NioEventLoop.java:496)
	at org.apache.ratis.thirdparty.io.netty.channel.nio.NioEventLoop.run(NioEventLoop.java:458)
	at org.apache.ratis.thirdparty.io.netty.util.concurrent.SingleThreadEventExecutor$5.run(SingleThreadEventExecutor.java:897)
	at org.apache.ratis.thirdparty.io.netty.util.concurrent.FastThreadLocalRunnable.run(FastThreadLocalRunnable.java:30)
	... 1 more
Caused by: java.net.ConnectException: Connection refused
	... 11 more
2019-09-12 06:40:31,897 [760f3a61-bfa2-4d4e-85d8-817950efb624@group-B034F0427A69:LeaderElection40] INFO  impl.LeaderElection (LeaderElection.java:logAndReturn(56)) - 760f3a61-bfa2-4d4e-85d8-817950efb624@group-B034F0427A69:LeaderElection40: Election REJECTED; received 0 response(s) [] and 2 exception(s); 760f3a61-bfa2-4d4e-85d8-817950efb624@group-B034F0427A69:t18, leader=null, voted=760f3a61-bfa2-4d4e-85d8-817950efb624, raftlog=760f3a61-bfa2-4d4e-85d8-817950efb624@group-B034F0427A69-SegmentedRaftLog:OPENED:c30,f30,i30, conf=17: [760f3a61-bfa2-4d4e-85d8-817950efb624:192.168.34.52:44136, 9d685984-4448-42b4-b390-543822753f3a:192.168.34.52:35205, e48d04e8-2c1f-410d-8bfb-5a732d356112:192.168.34.52:38245], old=null
2019-09-12 06:40:31,897 [760f3a61-bfa2-4d4e-85d8-817950efb624@group-B034F0427A69:LeaderElection40] INFO  impl.LeaderElection (LogUtils.java:infoOrTrace(149)) -   Exception 0: {}
java.util.concurrent.ExecutionException: org.apache.ratis.thirdparty.io.grpc.StatusRuntimeException: UNAVAILABLE: io exception
	at java.util.concurrent.FutureTask.report(FutureTask.java:122)
	at java.util.concurrent.FutureTask.get(FutureTask.java:192)
	at org.apache.ratis.server.impl.LeaderElection.waitForResults(LeaderElection.java:263)
	at org.apache.ratis.server.impl.LeaderElection.askForVotes(LeaderElection.java:201)
	at org.apache.ratis.server.impl.LeaderElection.run(LeaderElection.java:133)
	at java.lang.Thread.run(Thread.java:748)
Caused by: org.apache.ratis.thirdparty.io.grpc.StatusRuntimeException: UNAVAILABLE: io exception
	at org.apache.ratis.thirdparty.io.grpc.stub.ClientCalls.toStatusRuntimeException(ClientCalls.java:233)
	at org.apache.ratis.thirdparty.io.grpc.stub.ClientCalls.getUnchecked(ClientCalls.java:214)
	at org.apache.ratis.thirdparty.io.grpc.stub.ClientCalls.blockingUnaryCall(ClientCalls.java:139)
	at org.apache.ratis.proto.grpc.RaftServerProtocolServiceGrpc$RaftServerProtocolServiceBlockingStub.requestVote(RaftServerProtocolServiceGrpc.java:265)
	at org.apache.ratis.grpc.server.GrpcServerProtocolClient.requestVote(GrpcServerProtocolClient.java:90)
	at org.apache.ratis.grpc.server.GrpcService.requestVote(GrpcService.java:204)
	at org.apache.ratis.server.impl.LeaderElection.lambda$submitRequests$1(LeaderElection.java:238)
	at java.util.concurrent.FutureTask.run(FutureTask.java:266)
	at java.util.concurrent.Executors$RunnableAdapter.call(Executors.java:511)
	at java.util.concurrent.FutureTask.run(FutureTask.java:266)
	at java.util.concurrent.ThreadPoolExecutor.runWorker(ThreadPoolExecutor.java:1149)
	at java.util.concurrent.ThreadPoolExecutor$Worker.run(ThreadPoolExecutor.java:624)
	... 1 more
Caused by: org.apache.ratis.thirdparty.io.netty.channel.AbstractChannel$AnnotatedConnectException: Connection refused: /192.168.34.52:35205
	at sun.nio.ch.SocketChannelImpl.checkConnect(Native Method)
	at sun.nio.ch.SocketChannelImpl.finishConnect(SocketChannelImpl.java:717)
	at org.apache.ratis.thirdparty.io.netty.channel.socket.nio.NioSocketChannel.doFinishConnect(NioSocketChannel.java:327)
	at org.apache.ratis.thirdparty.io.netty.channel.nio.AbstractNioChannel$AbstractNioUnsafe.finishConnect(AbstractNioChannel.java:340)
	at org.apache.ratis.thirdparty.io.netty.channel.nio.NioEventLoop.processSelectedKey(NioEventLoop.java:632)
	at org.apache.ratis.thirdparty.io.netty.channel.nio.NioEventLoop.processSelectedKeysOptimized(NioEventLoop.java:579)
	at org.apache.ratis.thirdparty.io.netty.channel.nio.NioEventLoop.processSelectedKeys(NioEventLoop.java:496)
	at org.apache.ratis.thirdparty.io.netty.channel.nio.NioEventLoop.run(NioEventLoop.java:458)
	at org.apache.ratis.thirdparty.io.netty.util.concurrent.SingleThreadEventExecutor$5.run(SingleThreadEventExecutor.java:897)
	at org.apache.ratis.thirdparty.io.netty.util.concurrent.FastThreadLocalRunnable.run(FastThreadLocalRunnable.java:30)
	... 1 more
Caused by: java.net.ConnectException: Connection refused
	... 11 more
2019-09-12 06:40:31,897 [760f3a61-bfa2-4d4e-85d8-817950efb624@group-B034F0427A69:LeaderElection40] INFO  impl.LeaderElection (LogUtils.java:infoOrTrace(149)) -   Exception 1: {}
java.util.concurrent.ExecutionException: org.apache.ratis.thirdparty.io.grpc.StatusRuntimeException: UNAVAILABLE: io exception
	at java.util.concurrent.FutureTask.report(FutureTask.java:122)
	at java.util.concurrent.FutureTask.get(FutureTask.java:192)
	at org.apache.ratis.server.impl.LeaderElection.waitForResults(LeaderElection.java:263)
	at org.apache.ratis.server.impl.LeaderElection.askForVotes(LeaderElection.java:201)
	at org.apache.ratis.server.impl.LeaderElection.run(LeaderElection.java:133)
	at java.lang.Thread.run(Thread.java:748)
Caused by: org.apache.ratis.thirdparty.io.grpc.StatusRuntimeException: UNAVAILABLE: io exception
	at org.apache.ratis.thirdparty.io.grpc.stub.ClientCalls.toStatusRuntimeException(ClientCalls.java:233)
	at org.apache.ratis.thirdparty.io.grpc.stub.ClientCalls.getUnchecked(ClientCalls.java:214)
	at org.apache.ratis.thirdparty.io.grpc.stub.ClientCalls.blockingUnaryCall(ClientCalls.java:139)
	at org.apache.ratis.proto.grpc.RaftServerProtocolServiceGrpc$RaftServerProtocolServiceBlockingStub.requestVote(RaftServerProtocolServiceGrpc.java:265)
	at org.apache.ratis.grpc.server.GrpcServerProtocolClient.requestVote(GrpcServerProtocolClient.java:90)
	at org.apache.ratis.grpc.server.GrpcService.requestVote(GrpcService.java:204)
	at org.apache.ratis.server.impl.LeaderElection.lambda$submitRequests$1(LeaderElection.java:238)
	at java.util.concurrent.FutureTask.run(FutureTask.java:266)
	at java.util.concurrent.Executors$RunnableAdapter.call(Executors.java:511)
	at java.util.concurrent.FutureTask.run(FutureTask.java:266)
	at java.util.concurrent.ThreadPoolExecutor.runWorker(ThreadPoolExecutor.java:1149)
	at java.util.concurrent.ThreadPoolExecutor$Worker.run(ThreadPoolExecutor.java:624)
	... 1 more
Caused by: org.apache.ratis.thirdparty.io.netty.channel.AbstractChannel$AnnotatedConnectException: Connection refused: /192.168.34.52:38245
	at sun.nio.ch.SocketChannelImpl.checkConnect(Native Method)
	at sun.nio.ch.SocketChannelImpl.finishConnect(SocketChannelImpl.java:717)
	at org.apache.ratis.thirdparty.io.netty.channel.socket.nio.NioSocketChannel.doFinishConnect(NioSocketChannel.java:327)
	at org.apache.ratis.thirdparty.io.netty.channel.nio.AbstractNioChannel$AbstractNioUnsafe.finishConnect(AbstractNioChannel.java:340)
	at org.apache.ratis.thirdparty.io.netty.channel.nio.NioEventLoop.processSelectedKey(NioEventLoop.java:632)
	at org.apache.ratis.thirdparty.io.netty.channel.nio.NioEventLoop.processSelectedKeysOptimized(NioEventLoop.java:579)
	at org.apache.ratis.thirdparty.io.netty.channel.nio.NioEventLoop.processSelectedKeys(NioEventLoop.java:496)
	at org.apache.ratis.thirdparty.io.netty.channel.nio.NioEventLoop.run(NioEventLoop.java:458)
	at org.apache.ratis.thirdparty.io.netty.util.concurrent.SingleThreadEventExecutor$5.run(SingleThreadEventExecutor.java:897)
	at org.apache.ratis.thirdparty.io.netty.util.concurrent.FastThreadLocalRunnable.run(FastThreadLocalRunnable.java:30)
	... 1 more
Caused by: java.net.ConnectException: Connection refused
	... 11 more
2019-09-12 06:40:31,898 [760f3a61-bfa2-4d4e-85d8-817950efb624@group-B034F0427A69:LeaderElection40] INFO  impl.RaftServerImpl (RaftServerImpl.java:setRole(174)) - 760f3a61-bfa2-4d4e-85d8-817950efb624@group-B034F0427A69: changes role from CANDIDATE to FOLLOWER at term 18 for DISCOVERED_A_NEW_TERM
2019-09-12 06:40:31,899 [760f3a61-bfa2-4d4e-85d8-817950efb624@group-B034F0427A69:LeaderElection40] INFO  impl.RoleInfo (RoleInfo.java:shutdownLeaderElection(134)) - 760f3a61-bfa2-4d4e-85d8-817950efb624: shutdown LeaderElection
2019-09-12 06:40:31,899 [760f3a61-bfa2-4d4e-85d8-817950efb624@group-B034F0427A69:LeaderElection40] INFO  impl.RoleInfo (RoleInfo.java:updateAndGet(143)) - 760f3a61-bfa2-4d4e-85d8-817950efb624: start FollowerState
2019-09-12 06:40:32,013 [java.util.concurrent.ThreadPoolExecutor$Worker@24fb95e3[State = -1, empty queue]] WARN  server.GrpcLogAppender (GrpcLogAppender.java:timeoutAppendRequest(200)) - 24c53ee4-03df-424b-8e99-1fd221f7be60@group-3C3ABBECBF4F->3ae969e4-2e35-40bf-9e0e-95acae9da5a5-GrpcLogAppender: appendEntries Timeout, request=24c53ee4-03df-424b-8e99-1fd221f7be60->3ae969e4-2e35-40bf-9e0e-95acae9da5a5#158-t2, previous=(t:2, i:20), leaderCommit=16, initializing? false, entries: <empty>
2019-09-12 06:40:32,021 [grpc-default-executor-6] WARN  server.GrpcLogAppender (LogUtils.java:warn(134)) - 24c53ee4-03df-424b-8e99-1fd221f7be60@group-3C3ABBECBF4F->d503967e-137a-4fd9-bc45-44203e981a69-AppendLogResponseHandler: Failed appendEntries: org.apache.ratis.thirdparty.io.grpc.StatusRuntimeException: UNAVAILABLE: io exception
2019-09-12 06:40:32,022 [grpc-default-executor-6] INFO  impl.FollowerInfo (FollowerInfo.java:lambda$new$0(51)) - 24c53ee4-03df-424b-8e99-1fd221f7be60@group-3C3ABBECBF4F->d503967e-137a-4fd9-bc45-44203e981a69: nextIndex: updateUnconditionally 13 -> 12
2019-09-12 06:40:32,303 [java.util.concurrent.ThreadPoolExecutor$Worker@6586fa4d[State = -1, empty queue]] WARN  server.GrpcLogAppender (GrpcLogAppender.java:timeoutAppendRequest(200)) - 5ecf13a7-acad-498a-ad7b-6f285dbc97e2@group-C5E42DFE1AE1->996a256c-fd43-494a-96f3-903b907c5248-GrpcLogAppender: appendEntries Timeout, request=5ecf13a7-acad-498a-ad7b-6f285dbc97e2->996a256c-fd43-494a-96f3-903b907c5248#158-t2, previous=(t:2, i:20), leaderCommit=16, initializing? false, entries: <empty>
2019-09-12 06:40:32,303 [java.util.concurrent.ThreadPoolExecutor$Worker@3e497bcb[State = -1, empty queue]] WARN  server.GrpcLogAppender (GrpcLogAppender.java:timeoutAppendRequest(200)) - 5ecf13a7-acad-498a-ad7b-6f285dbc97e2@group-C5E42DFE1AE1->e1cdc330-b298-4f7e-9f8c-e697349a5e69-GrpcLogAppender: appendEntries Timeout, request=5ecf13a7-acad-498a-ad7b-6f285dbc97e2->e1cdc330-b298-4f7e-9f8c-e697349a5e69#158-t2, previous=(t:2, i:20), leaderCommit=16, initializing? false, entries: <empty>
2019-09-12 06:40:32,513 [java.util.concurrent.ThreadPoolExecutor$Worker@24fb95e3[State = -1, empty queue]] WARN  server.GrpcLogAppender (GrpcLogAppender.java:timeoutAppendRequest(200)) - 24c53ee4-03df-424b-8e99-1fd221f7be60@group-3C3ABBECBF4F->3ae969e4-2e35-40bf-9e0e-95acae9da5a5-GrpcLogAppender: appendEntries Timeout, request=24c53ee4-03df-424b-8e99-1fd221f7be60->3ae969e4-2e35-40bf-9e0e-95acae9da5a5#159-t2, previous=(t:2, i:20), leaderCommit=16, initializing? false, entries: <empty>
2019-09-12 06:40:32,521 [grpc-default-executor-12] WARN  server.GrpcLogAppender (LogUtils.java:warn(134)) - 24c53ee4-03df-424b-8e99-1fd221f7be60@group-3C3ABBECBF4F->d503967e-137a-4fd9-bc45-44203e981a69-AppendLogResponseHandler: Failed appendEntries: org.apache.ratis.thirdparty.io.grpc.StatusRuntimeException: UNAVAILABLE: io exception
2019-09-12 06:40:32,522 [grpc-default-executor-12] INFO  impl.FollowerInfo (FollowerInfo.java:lambda$new$0(51)) - 24c53ee4-03df-424b-8e99-1fd221f7be60@group-3C3ABBECBF4F->d503967e-137a-4fd9-bc45-44203e981a69: nextIndex: updateUnconditionally 12 -> 11
2019-09-12 06:40:32,803 [java.util.concurrent.ThreadPoolExecutor$Worker@3e497bcb[State = -1, empty queue]] WARN  server.GrpcLogAppender (GrpcLogAppender.java:timeoutAppendRequest(200)) - 5ecf13a7-acad-498a-ad7b-6f285dbc97e2@group-C5E42DFE1AE1->e1cdc330-b298-4f7e-9f8c-e697349a5e69-GrpcLogAppender: appendEntries Timeout, request=5ecf13a7-acad-498a-ad7b-6f285dbc97e2->e1cdc330-b298-4f7e-9f8c-e697349a5e69#159-t2, previous=(t:2, i:20), leaderCommit=16, initializing? false, entries: <empty>
2019-09-12 06:40:32,803 [java.util.concurrent.ThreadPoolExecutor$Worker@6586fa4d[State = -1, empty queue]] WARN  server.GrpcLogAppender (GrpcLogAppender.java:timeoutAppendRequest(200)) - 5ecf13a7-acad-498a-ad7b-6f285dbc97e2@group-C5E42DFE1AE1->996a256c-fd43-494a-96f3-903b907c5248-GrpcLogAppender: appendEntries Timeout, request=5ecf13a7-acad-498a-ad7b-6f285dbc97e2->996a256c-fd43-494a-96f3-903b907c5248#159-t2, previous=(t:2, i:20), leaderCommit=16, initializing? false, entries: <empty>
2019-09-12 06:40:32,974 [Thread-1480] INFO  impl.FollowerState (FollowerState.java:run(106)) - 760f3a61-bfa2-4d4e-85d8-817950efb624:group-B034F0427A69 changes to CANDIDATE, lastRpcTime:1075, electionTimeout:1075ms
2019-09-12 06:40:32,975 [Thread-1480] INFO  impl.RoleInfo (RoleInfo.java:shutdownFollowerState(121)) - 760f3a61-bfa2-4d4e-85d8-817950efb624: shutdown FollowerState
2019-09-12 06:40:32,975 [Thread-1480] INFO  impl.RaftServerImpl (RaftServerImpl.java:setRole(174)) - 760f3a61-bfa2-4d4e-85d8-817950efb624@group-B034F0427A69: changes role from  FOLLOWER to CANDIDATE at term 18 for changeToCandidate
2019-09-12 06:40:32,976 [Thread-1480] INFO  impl.RoleInfo (RoleInfo.java:updateAndGet(143)) - 760f3a61-bfa2-4d4e-85d8-817950efb624: start LeaderElection
2019-09-12 06:40:33,004 [760f3a61-bfa2-4d4e-85d8-817950efb624@group-B034F0427A69:LeaderElection41] INFO  impl.LeaderElection (LeaderElection.java:askForVotes(182)) - 760f3a61-bfa2-4d4e-85d8-817950efb624@group-B034F0427A69:LeaderElection41: begin an election at term 19 for 17: [760f3a61-bfa2-4d4e-85d8-817950efb624:192.168.34.52:44136, 9d685984-4448-42b4-b390-543822753f3a:192.168.34.52:35205, e48d04e8-2c1f-410d-8bfb-5a732d356112:192.168.34.52:38245], old=null
2019-09-12 06:40:33,005 [760f3a61-bfa2-4d4e-85d8-817950efb624@group-B034F0427A69:LeaderElection41] INFO  impl.LeaderElection (LogUtils.java:infoOrTrace(149)) - 760f3a61-bfa2-4d4e-85d8-817950efb624@group-B034F0427A69:LeaderElection41 got exception when requesting votes: {}
java.util.concurrent.ExecutionException: org.apache.ratis.thirdparty.io.grpc.StatusRuntimeException: UNAVAILABLE: io exception
	at java.util.concurrent.FutureTask.report(FutureTask.java:122)
	at java.util.concurrent.FutureTask.get(FutureTask.java:192)
	at org.apache.ratis.server.impl.LeaderElection.waitForResults(LeaderElection.java:263)
	at org.apache.ratis.server.impl.LeaderElection.askForVotes(LeaderElection.java:201)
	at org.apache.ratis.server.impl.LeaderElection.run(LeaderElection.java:133)
	at java.lang.Thread.run(Thread.java:748)
Caused by: org.apache.ratis.thirdparty.io.grpc.StatusRuntimeException: UNAVAILABLE: io exception
	at org.apache.ratis.thirdparty.io.grpc.stub.ClientCalls.toStatusRuntimeException(ClientCalls.java:233)
	at org.apache.ratis.thirdparty.io.grpc.stub.ClientCalls.getUnchecked(ClientCalls.java:214)
	at org.apache.ratis.thirdparty.io.grpc.stub.ClientCalls.blockingUnaryCall(ClientCalls.java:139)
	at org.apache.ratis.proto.grpc.RaftServerProtocolServiceGrpc$RaftServerProtocolServiceBlockingStub.requestVote(RaftServerProtocolServiceGrpc.java:265)
	at org.apache.ratis.grpc.server.GrpcServerProtocolClient.requestVote(GrpcServerProtocolClient.java:90)
	at org.apache.ratis.grpc.server.GrpcService.requestVote(GrpcService.java:204)
	at org.apache.ratis.server.impl.LeaderElection.lambda$submitRequests$1(LeaderElection.java:238)
	at java.util.concurrent.FutureTask.run(FutureTask.java:266)
	at java.util.concurrent.Executors$RunnableAdapter.call(Executors.java:511)
	at java.util.concurrent.FutureTask.run(FutureTask.java:266)
	at java.util.concurrent.ThreadPoolExecutor.runWorker(ThreadPoolExecutor.java:1149)
	at java.util.concurrent.ThreadPoolExecutor$Worker.run(ThreadPoolExecutor.java:624)
	... 1 more
Caused by: org.apache.ratis.thirdparty.io.netty.channel.AbstractChannel$AnnotatedConnectException: Connection refused: /192.168.34.52:35205
	at sun.nio.ch.SocketChannelImpl.checkConnect(Native Method)
	at sun.nio.ch.SocketChannelImpl.finishConnect(SocketChannelImpl.java:717)
	at org.apache.ratis.thirdparty.io.netty.channel.socket.nio.NioSocketChannel.doFinishConnect(NioSocketChannel.java:327)
	at org.apache.ratis.thirdparty.io.netty.channel.nio.AbstractNioChannel$AbstractNioUnsafe.finishConnect(AbstractNioChannel.java:340)
	at org.apache.ratis.thirdparty.io.netty.channel.nio.NioEventLoop.processSelectedKey(NioEventLoop.java:632)
	at org.apache.ratis.thirdparty.io.netty.channel.nio.NioEventLoop.processSelectedKeysOptimized(NioEventLoop.java:579)
	at org.apache.ratis.thirdparty.io.netty.channel.nio.NioEventLoop.processSelectedKeys(NioEventLoop.java:496)
	at org.apache.ratis.thirdparty.io.netty.channel.nio.NioEventLoop.run(NioEventLoop.java:458)
	at org.apache.ratis.thirdparty.io.netty.util.concurrent.SingleThreadEventExecutor$5.run(SingleThreadEventExecutor.java:897)
	at org.apache.ratis.thirdparty.io.netty.util.concurrent.FastThreadLocalRunnable.run(FastThreadLocalRunnable.java:30)
	... 1 more
Caused by: java.net.ConnectException: Connection refused
	... 11 more
2019-09-12 06:40:33,008 [760f3a61-bfa2-4d4e-85d8-817950efb624@group-B034F0427A69:LeaderElection41] INFO  impl.LeaderElection (LogUtils.java:infoOrTrace(149)) - 760f3a61-bfa2-4d4e-85d8-817950efb624@group-B034F0427A69:LeaderElection41 got exception when requesting votes: {}
java.util.concurrent.ExecutionException: org.apache.ratis.thirdparty.io.grpc.StatusRuntimeException: UNAVAILABLE: io exception
	at java.util.concurrent.FutureTask.report(FutureTask.java:122)
	at java.util.concurrent.FutureTask.get(FutureTask.java:192)
	at org.apache.ratis.server.impl.LeaderElection.waitForResults(LeaderElection.java:263)
	at org.apache.ratis.server.impl.LeaderElection.askForVotes(LeaderElection.java:201)
	at org.apache.ratis.server.impl.LeaderElection.run(LeaderElection.java:133)
	at java.lang.Thread.run(Thread.java:748)
Caused by: org.apache.ratis.thirdparty.io.grpc.StatusRuntimeException: UNAVAILABLE: io exception
	at org.apache.ratis.thirdparty.io.grpc.stub.ClientCalls.toStatusRuntimeException(ClientCalls.java:233)
	at org.apache.ratis.thirdparty.io.grpc.stub.ClientCalls.getUnchecked(ClientCalls.java:214)
	at org.apache.ratis.thirdparty.io.grpc.stub.ClientCalls.blockingUnaryCall(ClientCalls.java:139)
	at org.apache.ratis.proto.grpc.RaftServerProtocolServiceGrpc$RaftServerProtocolServiceBlockingStub.requestVote(RaftServerProtocolServiceGrpc.java:265)
	at org.apache.ratis.grpc.server.GrpcServerProtocolClient.requestVote(GrpcServerProtocolClient.java:90)
	at org.apache.ratis.grpc.server.GrpcService.requestVote(GrpcService.java:204)
	at org.apache.ratis.server.impl.LeaderElection.lambda$submitRequests$1(LeaderElection.java:238)
	at java.util.concurrent.FutureTask.run(FutureTask.java:266)
	at java.util.concurrent.Executors$RunnableAdapter.call(Executors.java:511)
	at java.util.concurrent.FutureTask.run(FutureTask.java:266)
	at java.util.concurrent.ThreadPoolExecutor.runWorker(ThreadPoolExecutor.java:1149)
	at java.util.concurrent.ThreadPoolExecutor$Worker.run(ThreadPoolExecutor.java:624)
	... 1 more
Caused by: org.apache.ratis.thirdparty.io.netty.channel.AbstractChannel$AnnotatedConnectException: Connection refused: /192.168.34.52:38245
	at sun.nio.ch.SocketChannelImpl.checkConnect(Native Method)
	at sun.nio.ch.SocketChannelImpl.finishConnect(SocketChannelImpl.java:717)
	at org.apache.ratis.thirdparty.io.netty.channel.socket.nio.NioSocketChannel.doFinishConnect(NioSocketChannel.java:327)
	at org.apache.ratis.thirdparty.io.netty.channel.nio.AbstractNioChannel$AbstractNioUnsafe.finishConnect(AbstractNioChannel.java:340)
	at org.apache.ratis.thirdparty.io.netty.channel.nio.NioEventLoop.processSelectedKey(NioEventLoop.java:632)
	at org.apache.ratis.thirdparty.io.netty.channel.nio.NioEventLoop.processSelectedKeysOptimized(NioEventLoop.java:579)
	at org.apache.ratis.thirdparty.io.netty.channel.nio.NioEventLoop.processSelectedKeys(NioEventLoop.java:496)
	at org.apache.ratis.thirdparty.io.netty.channel.nio.NioEventLoop.run(NioEventLoop.java:458)
	at org.apache.ratis.thirdparty.io.netty.util.concurrent.SingleThreadEventExecutor$5.run(SingleThreadEventExecutor.java:897)
	at org.apache.ratis.thirdparty.io.netty.util.concurrent.FastThreadLocalRunnable.run(FastThreadLocalRunnable.java:30)
	... 1 more
Caused by: java.net.ConnectException: Connection refused
	... 11 more
2019-09-12 06:40:33,010 [760f3a61-bfa2-4d4e-85d8-817950efb624@group-B034F0427A69:LeaderElection41] INFO  impl.LeaderElection (LeaderElection.java:logAndReturn(56)) - 760f3a61-bfa2-4d4e-85d8-817950efb624@group-B034F0427A69:LeaderElection41: Election REJECTED; received 0 response(s) [] and 2 exception(s); 760f3a61-bfa2-4d4e-85d8-817950efb624@group-B034F0427A69:t19, leader=null, voted=760f3a61-bfa2-4d4e-85d8-817950efb624, raftlog=760f3a61-bfa2-4d4e-85d8-817950efb624@group-B034F0427A69-SegmentedRaftLog:OPENED:c30,f30,i30, conf=17: [760f3a61-bfa2-4d4e-85d8-817950efb624:192.168.34.52:44136, 9d685984-4448-42b4-b390-543822753f3a:192.168.34.52:35205, e48d04e8-2c1f-410d-8bfb-5a732d356112:192.168.34.52:38245], old=null
2019-09-12 06:40:33,010 [760f3a61-bfa2-4d4e-85d8-817950efb624@group-B034F0427A69:LeaderElection41] INFO  impl.LeaderElection (LogUtils.java:infoOrTrace(149)) -   Exception 0: {}
java.util.concurrent.ExecutionException: org.apache.ratis.thirdparty.io.grpc.StatusRuntimeException: UNAVAILABLE: io exception
	at java.util.concurrent.FutureTask.report(FutureTask.java:122)
	at java.util.concurrent.FutureTask.get(FutureTask.java:192)
	at org.apache.ratis.server.impl.LeaderElection.waitForResults(LeaderElection.java:263)
	at org.apache.ratis.server.impl.LeaderElection.askForVotes(LeaderElection.java:201)
	at org.apache.ratis.server.impl.LeaderElection.run(LeaderElection.java:133)
	at java.lang.Thread.run(Thread.java:748)
Caused by: org.apache.ratis.thirdparty.io.grpc.StatusRuntimeException: UNAVAILABLE: io exception
	at org.apache.ratis.thirdparty.io.grpc.stub.ClientCalls.toStatusRuntimeException(ClientCalls.java:233)
	at org.apache.ratis.thirdparty.io.grpc.stub.ClientCalls.getUnchecked(ClientCalls.java:214)
	at org.apache.ratis.thirdparty.io.grpc.stub.ClientCalls.blockingUnaryCall(ClientCalls.java:139)
	at org.apache.ratis.proto.grpc.RaftServerProtocolServiceGrpc$RaftServerProtocolServiceBlockingStub.requestVote(RaftServerProtocolServiceGrpc.java:265)
	at org.apache.ratis.grpc.server.GrpcServerProtocolClient.requestVote(GrpcServerProtocolClient.java:90)
	at org.apache.ratis.grpc.server.GrpcService.requestVote(GrpcService.java:204)
	at org.apache.ratis.server.impl.LeaderElection.lambda$submitRequests$1(LeaderElection.java:238)
	at java.util.concurrent.FutureTask.run(FutureTask.java:266)
	at java.util.concurrent.Executors$RunnableAdapter.call(Executors.java:511)
	at java.util.concurrent.FutureTask.run(FutureTask.java:266)
	at java.util.concurrent.ThreadPoolExecutor.runWorker(ThreadPoolExecutor.java:1149)
	at java.util.concurrent.ThreadPoolExecutor$Worker.run(ThreadPoolExecutor.java:624)
	... 1 more
Caused by: org.apache.ratis.thirdparty.io.netty.channel.AbstractChannel$AnnotatedConnectException: Connection refused: /192.168.34.52:35205
	at sun.nio.ch.SocketChannelImpl.checkConnect(Native Method)
	at sun.nio.ch.SocketChannelImpl.finishConnect(SocketChannelImpl.java:717)
	at org.apache.ratis.thirdparty.io.netty.channel.socket.nio.NioSocketChannel.doFinishConnect(NioSocketChannel.java:327)
	at org.apache.ratis.thirdparty.io.netty.channel.nio.AbstractNioChannel$AbstractNioUnsafe.finishConnect(AbstractNioChannel.java:340)
	at org.apache.ratis.thirdparty.io.netty.channel.nio.NioEventLoop.processSelectedKey(NioEventLoop.java:632)
	at org.apache.ratis.thirdparty.io.netty.channel.nio.NioEventLoop.processSelectedKeysOptimized(NioEventLoop.java:579)
	at org.apache.ratis.thirdparty.io.netty.channel.nio.NioEventLoop.processSelectedKeys(NioEventLoop.java:496)
	at org.apache.ratis.thirdparty.io.netty.channel.nio.NioEventLoop.run(NioEventLoop.java:458)
	at org.apache.ratis.thirdparty.io.netty.util.concurrent.SingleThreadEventExecutor$5.run(SingleThreadEventExecutor.java:897)
	at org.apache.ratis.thirdparty.io.netty.util.concurrent.FastThreadLocalRunnable.run(FastThreadLocalRunnable.java:30)
	... 1 more
Caused by: java.net.ConnectException: Connection refused
	... 11 more
2019-09-12 06:40:33,010 [760f3a61-bfa2-4d4e-85d8-817950efb624@group-B034F0427A69:LeaderElection41] INFO  impl.LeaderElection (LogUtils.java:infoOrTrace(149)) -   Exception 1: {}
java.util.concurrent.ExecutionException: org.apache.ratis.thirdparty.io.grpc.StatusRuntimeException: UNAVAILABLE: io exception
	at java.util.concurrent.FutureTask.report(FutureTask.java:122)
	at java.util.concurrent.FutureTask.get(FutureTask.java:192)
	at org.apache.ratis.server.impl.LeaderElection.waitForResults(LeaderElection.java:263)
	at org.apache.ratis.server.impl.LeaderElection.askForVotes(LeaderElection.java:201)
	at org.apache.ratis.server.impl.LeaderElection.run(LeaderElection.java:133)
	at java.lang.Thread.run(Thread.java:748)
Caused by: org.apache.ratis.thirdparty.io.grpc.StatusRuntimeException: UNAVAILABLE: io exception
	at org.apache.ratis.thirdparty.io.grpc.stub.ClientCalls.toStatusRuntimeException(ClientCalls.java:233)
	at org.apache.ratis.thirdparty.io.grpc.stub.ClientCalls.getUnchecked(ClientCalls.java:214)
	at org.apache.ratis.thirdparty.io.grpc.stub.ClientCalls.blockingUnaryCall(ClientCalls.java:139)
	at org.apache.ratis.proto.grpc.RaftServerProtocolServiceGrpc$RaftServerProtocolServiceBlockingStub.requestVote(RaftServerProtocolServiceGrpc.java:265)
	at org.apache.ratis.grpc.server.GrpcServerProtocolClient.requestVote(GrpcServerProtocolClient.java:90)
	at org.apache.ratis.grpc.server.GrpcService.requestVote(GrpcService.java:204)
	at org.apache.ratis.server.impl.LeaderElection.lambda$submitRequests$1(LeaderElection.java:238)
	at java.util.concurrent.FutureTask.run(FutureTask.java:266)
	at java.util.concurrent.Executors$RunnableAdapter.call(Executors.java:511)
	at java.util.concurrent.FutureTask.run(FutureTask.java:266)
	at java.util.concurrent.ThreadPoolExecutor.runWorker(ThreadPoolExecutor.java:1149)
	at java.util.concurrent.ThreadPoolExecutor$Worker.run(ThreadPoolExecutor.java:624)
	... 1 more
Caused by: org.apache.ratis.thirdparty.io.netty.channel.AbstractChannel$AnnotatedConnectException: Connection refused: /192.168.34.52:38245
	at sun.nio.ch.SocketChannelImpl.checkConnect(Native Method)
	at sun.nio.ch.SocketChannelImpl.finishConnect(SocketChannelImpl.java:717)
	at org.apache.ratis.thirdparty.io.netty.channel.socket.nio.NioSocketChannel.doFinishConnect(NioSocketChannel.java:327)
	at org.apache.ratis.thirdparty.io.netty.channel.nio.AbstractNioChannel$AbstractNioUnsafe.finishConnect(AbstractNioChannel.java:340)
	at org.apache.ratis.thirdparty.io.netty.channel.nio.NioEventLoop.processSelectedKey(NioEventLoop.java:632)
	at org.apache.ratis.thirdparty.io.netty.channel.nio.NioEventLoop.processSelectedKeysOptimized(NioEventLoop.java:579)
	at org.apache.ratis.thirdparty.io.netty.channel.nio.NioEventLoop.processSelectedKeys(NioEventLoop.java:496)
	at org.apache.ratis.thirdparty.io.netty.channel.nio.NioEventLoop.run(NioEventLoop.java:458)
	at org.apache.ratis.thirdparty.io.netty.util.concurrent.SingleThreadEventExecutor$5.run(SingleThreadEventExecutor.java:897)
	at org.apache.ratis.thirdparty.io.netty.util.concurrent.FastThreadLocalRunnable.run(FastThreadLocalRunnable.java:30)
	... 1 more
Caused by: java.net.ConnectException: Connection refused
	... 11 more
2019-09-12 06:40:33,011 [760f3a61-bfa2-4d4e-85d8-817950efb624@group-B034F0427A69:LeaderElection41] INFO  impl.RaftServerImpl (RaftServerImpl.java:setRole(174)) - 760f3a61-bfa2-4d4e-85d8-817950efb624@group-B034F0427A69: changes role from CANDIDATE to FOLLOWER at term 19 for DISCOVERED_A_NEW_TERM
2019-09-12 06:40:33,011 [760f3a61-bfa2-4d4e-85d8-817950efb624@group-B034F0427A69:LeaderElection41] INFO  impl.RoleInfo (RoleInfo.java:shutdownLeaderElection(134)) - 760f3a61-bfa2-4d4e-85d8-817950efb624: shutdown LeaderElection
2019-09-12 06:40:33,011 [760f3a61-bfa2-4d4e-85d8-817950efb624@group-B034F0427A69:LeaderElection41] INFO  impl.RoleInfo (RoleInfo.java:updateAndGet(143)) - 760f3a61-bfa2-4d4e-85d8-817950efb624: start FollowerState
2019-09-12 06:40:33,013 [java.util.concurrent.ThreadPoolExecutor$Worker@24fb95e3[State = -1, empty queue]] WARN  server.GrpcLogAppender (GrpcLogAppender.java:timeoutAppendRequest(200)) - 24c53ee4-03df-424b-8e99-1fd221f7be60@group-3C3ABBECBF4F->3ae969e4-2e35-40bf-9e0e-95acae9da5a5-GrpcLogAppender: appendEntries Timeout, request=24c53ee4-03df-424b-8e99-1fd221f7be60->3ae969e4-2e35-40bf-9e0e-95acae9da5a5#160-t2, previous=(t:2, i:20), leaderCommit=16, initializing? false, entries: <empty>
2019-09-12 06:40:33,022 [grpc-default-executor-12] WARN  server.GrpcLogAppender (LogUtils.java:warn(134)) - 24c53ee4-03df-424b-8e99-1fd221f7be60@group-3C3ABBECBF4F->d503967e-137a-4fd9-bc45-44203e981a69-AppendLogResponseHandler: Failed appendEntries: org.apache.ratis.thirdparty.io.grpc.StatusRuntimeException: UNAVAILABLE: io exception
2019-09-12 06:40:33,023 [grpc-default-executor-12] INFO  impl.FollowerInfo (FollowerInfo.java:lambda$new$0(51)) - 24c53ee4-03df-424b-8e99-1fd221f7be60@group-3C3ABBECBF4F->d503967e-137a-4fd9-bc45-44203e981a69: nextIndex: updateUnconditionally 11 -> 10
2019-09-12 06:40:33,303 [java.util.concurrent.ThreadPoolExecutor$Worker@3e497bcb[State = -1, empty queue]] WARN  server.GrpcLogAppender (GrpcLogAppender.java:timeoutAppendRequest(200)) - 5ecf13a7-acad-498a-ad7b-6f285dbc97e2@group-C5E42DFE1AE1->e1cdc330-b298-4f7e-9f8c-e697349a5e69-GrpcLogAppender: appendEntries Timeout, request=5ecf13a7-acad-498a-ad7b-6f285dbc97e2->e1cdc330-b298-4f7e-9f8c-e697349a5e69#160-t2, previous=(t:2, i:20), leaderCommit=16, initializing? false, entries: <empty>
2019-09-12 06:40:33,303 [java.util.concurrent.ThreadPoolExecutor$Worker@6586fa4d[State = -1, empty queue]] WARN  server.GrpcLogAppender (GrpcLogAppender.java:timeoutAppendRequest(200)) - 5ecf13a7-acad-498a-ad7b-6f285dbc97e2@group-C5E42DFE1AE1->996a256c-fd43-494a-96f3-903b907c5248-GrpcLogAppender: appendEntries Timeout, request=5ecf13a7-acad-498a-ad7b-6f285dbc97e2->996a256c-fd43-494a-96f3-903b907c5248#160-t2, previous=(t:2, i:20), leaderCommit=16, initializing? false, entries: <empty>
2019-09-12 06:40:33,514 [java.util.concurrent.ThreadPoolExecutor$Worker@24fb95e3[State = -1, empty queue]] WARN  server.GrpcLogAppender (GrpcLogAppender.java:timeoutAppendRequest(200)) - 24c53ee4-03df-424b-8e99-1fd221f7be60@group-3C3ABBECBF4F->3ae969e4-2e35-40bf-9e0e-95acae9da5a5-GrpcLogAppender: appendEntries Timeout, request=24c53ee4-03df-424b-8e99-1fd221f7be60->3ae969e4-2e35-40bf-9e0e-95acae9da5a5#161-t2, previous=(t:2, i:20), leaderCommit=16, initializing? false, entries: <empty>
2019-09-12 06:40:33,524 [grpc-default-executor-6] WARN  server.GrpcLogAppender (LogUtils.java:warn(134)) - 24c53ee4-03df-424b-8e99-1fd221f7be60@group-3C3ABBECBF4F->d503967e-137a-4fd9-bc45-44203e981a69-AppendLogResponseHandler: Failed appendEntries: org.apache.ratis.thirdparty.io.grpc.StatusRuntimeException: UNAVAILABLE: io exception
2019-09-12 06:40:33,525 [grpc-default-executor-6] INFO  impl.FollowerInfo (FollowerInfo.java:lambda$new$0(51)) - 24c53ee4-03df-424b-8e99-1fd221f7be60@group-3C3ABBECBF4F->d503967e-137a-4fd9-bc45-44203e981a69: nextIndex: updateUnconditionally 10 -> 9
2019-09-12 06:40:33,804 [java.util.concurrent.ThreadPoolExecutor$Worker@3e497bcb[State = -1, empty queue]] WARN  server.GrpcLogAppender (GrpcLogAppender.java:timeoutAppendRequest(200)) - 5ecf13a7-acad-498a-ad7b-6f285dbc97e2@group-C5E42DFE1AE1->e1cdc330-b298-4f7e-9f8c-e697349a5e69-GrpcLogAppender: appendEntries Timeout, request=5ecf13a7-acad-498a-ad7b-6f285dbc97e2->e1cdc330-b298-4f7e-9f8c-e697349a5e69#161-t2, previous=(t:2, i:20), leaderCommit=16, initializing? false, entries: <empty>
2019-09-12 06:40:33,804 [java.util.concurrent.ThreadPoolExecutor$Worker@6586fa4d[State = -1, empty queue]] WARN  server.GrpcLogAppender (GrpcLogAppender.java:timeoutAppendRequest(200)) - 5ecf13a7-acad-498a-ad7b-6f285dbc97e2@group-C5E42DFE1AE1->996a256c-fd43-494a-96f3-903b907c5248-GrpcLogAppender: appendEntries Timeout, request=5ecf13a7-acad-498a-ad7b-6f285dbc97e2->996a256c-fd43-494a-96f3-903b907c5248#161-t2, previous=(t:2, i:20), leaderCommit=16, initializing? false, entries: <empty>
2019-09-12 06:40:34,014 [java.util.concurrent.ThreadPoolExecutor$Worker@24fb95e3[State = -1, empty queue]] WARN  server.GrpcLogAppender (GrpcLogAppender.java:timeoutAppendRequest(200)) - 24c53ee4-03df-424b-8e99-1fd221f7be60@group-3C3ABBECBF4F->3ae969e4-2e35-40bf-9e0e-95acae9da5a5-GrpcLogAppender: appendEntries Timeout, request=24c53ee4-03df-424b-8e99-1fd221f7be60->3ae969e4-2e35-40bf-9e0e-95acae9da5a5#162-t2, previous=(t:2, i:20), leaderCommit=16, initializing? false, entries: <empty>
2019-09-12 06:40:34,026 [grpc-default-executor-12] WARN  server.GrpcLogAppender (LogUtils.java:warn(134)) - 24c53ee4-03df-424b-8e99-1fd221f7be60@group-3C3ABBECBF4F->d503967e-137a-4fd9-bc45-44203e981a69-AppendLogResponseHandler: Failed appendEntries: org.apache.ratis.thirdparty.io.grpc.StatusRuntimeException: UNAVAILABLE: io exception
2019-09-12 06:40:34,026 [grpc-default-executor-12] INFO  impl.FollowerInfo (FollowerInfo.java:lambda$new$0(51)) - 24c53ee4-03df-424b-8e99-1fd221f7be60@group-3C3ABBECBF4F->d503967e-137a-4fd9-bc45-44203e981a69: nextIndex: updateUnconditionally 9 -> 8
2019-09-12 06:40:34,168 [Thread-1490] INFO  impl.FollowerState (FollowerState.java:run(106)) - 760f3a61-bfa2-4d4e-85d8-817950efb624:group-B034F0427A69 changes to CANDIDATE, lastRpcTime:1157, electionTimeout:1157ms
2019-09-12 06:40:34,169 [Thread-1490] INFO  impl.RoleInfo (RoleInfo.java:shutdownFollowerState(121)) - 760f3a61-bfa2-4d4e-85d8-817950efb624: shutdown FollowerState
2019-09-12 06:40:34,169 [Thread-1490] INFO  impl.RaftServerImpl (RaftServerImpl.java:setRole(174)) - 760f3a61-bfa2-4d4e-85d8-817950efb624@group-B034F0427A69: changes role from  FOLLOWER to CANDIDATE at term 19 for changeToCandidate
2019-09-12 06:40:34,169 [Thread-1490] INFO  impl.RoleInfo (RoleInfo.java:updateAndGet(143)) - 760f3a61-bfa2-4d4e-85d8-817950efb624: start LeaderElection
2019-09-12 06:40:34,193 [760f3a61-bfa2-4d4e-85d8-817950efb624@group-B034F0427A69:LeaderElection42] INFO  impl.LeaderElection (LeaderElection.java:askForVotes(182)) - 760f3a61-bfa2-4d4e-85d8-817950efb624@group-B034F0427A69:LeaderElection42: begin an election at term 20 for 17: [760f3a61-bfa2-4d4e-85d8-817950efb624:192.168.34.52:44136, 9d685984-4448-42b4-b390-543822753f3a:192.168.34.52:35205, e48d04e8-2c1f-410d-8bfb-5a732d356112:192.168.34.52:38245], old=null
2019-09-12 06:40:34,195 [760f3a61-bfa2-4d4e-85d8-817950efb624@group-B034F0427A69:LeaderElection42] INFO  impl.LeaderElection (LogUtils.java:infoOrTrace(149)) - 760f3a61-bfa2-4d4e-85d8-817950efb624@group-B034F0427A69:LeaderElection42 got exception when requesting votes: {}
java.util.concurrent.ExecutionException: org.apache.ratis.thirdparty.io.grpc.StatusRuntimeException: UNAVAILABLE: io exception
	at java.util.concurrent.FutureTask.report(FutureTask.java:122)
	at java.util.concurrent.FutureTask.get(FutureTask.java:192)
	at org.apache.ratis.server.impl.LeaderElection.waitForResults(LeaderElection.java:263)
	at org.apache.ratis.server.impl.LeaderElection.askForVotes(LeaderElection.java:201)
	at org.apache.ratis.server.impl.LeaderElection.run(LeaderElection.java:133)
	at java.lang.Thread.run(Thread.java:748)
Caused by: org.apache.ratis.thirdparty.io.grpc.StatusRuntimeException: UNAVAILABLE: io exception
	at org.apache.ratis.thirdparty.io.grpc.stub.ClientCalls.toStatusRuntimeException(ClientCalls.java:233)
	at org.apache.ratis.thirdparty.io.grpc.stub.ClientCalls.getUnchecked(ClientCalls.java:214)
	at org.apache.ratis.thirdparty.io.grpc.stub.ClientCalls.blockingUnaryCall(ClientCalls.java:139)
	at org.apache.ratis.proto.grpc.RaftServerProtocolServiceGrpc$RaftServerProtocolServiceBlockingStub.requestVote(RaftServerProtocolServiceGrpc.java:265)
	at org.apache.ratis.grpc.server.GrpcServerProtocolClient.requestVote(GrpcServerProtocolClient.java:90)
	at org.apache.ratis.grpc.server.GrpcService.requestVote(GrpcService.java:204)
	at org.apache.ratis.server.impl.LeaderElection.lambda$submitRequests$1(LeaderElection.java:238)
	at java.util.concurrent.FutureTask.run(FutureTask.java:266)
	at java.util.concurrent.Executors$RunnableAdapter.call(Executors.java:511)
	at java.util.concurrent.FutureTask.run(FutureTask.java:266)
	at java.util.concurrent.ThreadPoolExecutor.runWorker(ThreadPoolExecutor.java:1149)
	at java.util.concurrent.ThreadPoolExecutor$Worker.run(ThreadPoolExecutor.java:624)
	... 1 more
Caused by: org.apache.ratis.thirdparty.io.netty.channel.AbstractChannel$AnnotatedConnectException: Connection refused: /192.168.34.52:35205
	at sun.nio.ch.SocketChannelImpl.checkConnect(Native Method)
	at sun.nio.ch.SocketChannelImpl.finishConnect(SocketChannelImpl.java:717)
	at org.apache.ratis.thirdparty.io.netty.channel.socket.nio.NioSocketChannel.doFinishConnect(NioSocketChannel.java:327)
	at org.apache.ratis.thirdparty.io.netty.channel.nio.AbstractNioChannel$AbstractNioUnsafe.finishConnect(AbstractNioChannel.java:340)
	at org.apache.ratis.thirdparty.io.netty.channel.nio.NioEventLoop.processSelectedKey(NioEventLoop.java:632)
	at org.apache.ratis.thirdparty.io.netty.channel.nio.NioEventLoop.processSelectedKeysOptimized(NioEventLoop.java:579)
	at org.apache.ratis.thirdparty.io.netty.channel.nio.NioEventLoop.processSelectedKeys(NioEventLoop.java:496)
	at org.apache.ratis.thirdparty.io.netty.channel.nio.NioEventLoop.run(NioEventLoop.java:458)
	at org.apache.ratis.thirdparty.io.netty.util.concurrent.SingleThreadEventExecutor$5.run(SingleThreadEventExecutor.java:897)
	at org.apache.ratis.thirdparty.io.netty.util.concurrent.FastThreadLocalRunnable.run(FastThreadLocalRunnable.java:30)
	... 1 more
Caused by: java.net.ConnectException: Connection refused
	... 11 more
2019-09-12 06:40:34,197 [760f3a61-bfa2-4d4e-85d8-817950efb624@group-B034F0427A69:LeaderElection42] INFO  impl.LeaderElection (LogUtils.java:infoOrTrace(149)) - 760f3a61-bfa2-4d4e-85d8-817950efb624@group-B034F0427A69:LeaderElection42 got exception when requesting votes: {}
java.util.concurrent.ExecutionException: org.apache.ratis.thirdparty.io.grpc.StatusRuntimeException: UNAVAILABLE: io exception
	at java.util.concurrent.FutureTask.report(FutureTask.java:122)
	at java.util.concurrent.FutureTask.get(FutureTask.java:192)
	at org.apache.ratis.server.impl.LeaderElection.waitForResults(LeaderElection.java:263)
	at org.apache.ratis.server.impl.LeaderElection.askForVotes(LeaderElection.java:201)
	at org.apache.ratis.server.impl.LeaderElection.run(LeaderElection.java:133)
	at java.lang.Thread.run(Thread.java:748)
Caused by: org.apache.ratis.thirdparty.io.grpc.StatusRuntimeException: UNAVAILABLE: io exception
	at org.apache.ratis.thirdparty.io.grpc.stub.ClientCalls.toStatusRuntimeException(ClientCalls.java:233)
	at org.apache.ratis.thirdparty.io.grpc.stub.ClientCalls.getUnchecked(ClientCalls.java:214)
	at org.apache.ratis.thirdparty.io.grpc.stub.ClientCalls.blockingUnaryCall(ClientCalls.java:139)
	at org.apache.ratis.proto.grpc.RaftServerProtocolServiceGrpc$RaftServerProtocolServiceBlockingStub.requestVote(RaftServerProtocolServiceGrpc.java:265)
	at org.apache.ratis.grpc.server.GrpcServerProtocolClient.requestVote(GrpcServerProtocolClient.java:90)
	at org.apache.ratis.grpc.server.GrpcService.requestVote(GrpcService.java:204)
	at org.apache.ratis.server.impl.LeaderElection.lambda$submitRequests$1(LeaderElection.java:238)
	at java.util.concurrent.FutureTask.run(FutureTask.java:266)
	at java.util.concurrent.Executors$RunnableAdapter.call(Executors.java:511)
	at java.util.concurrent.FutureTask.run(FutureTask.java:266)
	at java.util.concurrent.ThreadPoolExecutor.runWorker(ThreadPoolExecutor.java:1149)
	at java.util.concurrent.ThreadPoolExecutor$Worker.run(ThreadPoolExecutor.java:624)
	... 1 more
Caused by: org.apache.ratis.thirdparty.io.netty.channel.AbstractChannel$AnnotatedConnectException: Connection refused: /192.168.34.52:38245
	at sun.nio.ch.SocketChannelImpl.checkConnect(Native Method)
	at sun.nio.ch.SocketChannelImpl.finishConnect(SocketChannelImpl.java:717)
	at org.apache.ratis.thirdparty.io.netty.channel.socket.nio.NioSocketChannel.doFinishConnect(NioSocketChannel.java:327)
	at org.apache.ratis.thirdparty.io.netty.channel.nio.AbstractNioChannel$AbstractNioUnsafe.finishConnect(AbstractNioChannel.java:340)
	at org.apache.ratis.thirdparty.io.netty.channel.nio.NioEventLoop.processSelectedKey(NioEventLoop.java:632)
	at org.apache.ratis.thirdparty.io.netty.channel.nio.NioEventLoop.processSelectedKeysOptimized(NioEventLoop.java:579)
	at org.apache.ratis.thirdparty.io.netty.channel.nio.NioEventLoop.processSelectedKeys(NioEventLoop.java:496)
	at org.apache.ratis.thirdparty.io.netty.channel.nio.NioEventLoop.run(NioEventLoop.java:458)
	at org.apache.ratis.thirdparty.io.netty.util.concurrent.SingleThreadEventExecutor$5.run(SingleThreadEventExecutor.java:897)
	at org.apache.ratis.thirdparty.io.netty.util.concurrent.FastThreadLocalRunnable.run(FastThreadLocalRunnable.java:30)
	... 1 more
Caused by: java.net.ConnectException: Connection refused
	... 11 more
2019-09-12 06:40:34,199 [760f3a61-bfa2-4d4e-85d8-817950efb624@group-B034F0427A69:LeaderElection42] INFO  impl.LeaderElection (LeaderElection.java:logAndReturn(56)) - 760f3a61-bfa2-4d4e-85d8-817950efb624@group-B034F0427A69:LeaderElection42: Election REJECTED; received 0 response(s) [] and 2 exception(s); 760f3a61-bfa2-4d4e-85d8-817950efb624@group-B034F0427A69:t20, leader=null, voted=760f3a61-bfa2-4d4e-85d8-817950efb624, raftlog=760f3a61-bfa2-4d4e-85d8-817950efb624@group-B034F0427A69-SegmentedRaftLog:OPENED:c30,f30,i30, conf=17: [760f3a61-bfa2-4d4e-85d8-817950efb624:192.168.34.52:44136, 9d685984-4448-42b4-b390-543822753f3a:192.168.34.52:35205, e48d04e8-2c1f-410d-8bfb-5a732d356112:192.168.34.52:38245], old=null
2019-09-12 06:40:34,199 [760f3a61-bfa2-4d4e-85d8-817950efb624@group-B034F0427A69:LeaderElection42] INFO  impl.LeaderElection (LogUtils.java:infoOrTrace(149)) -   Exception 0: {}
java.util.concurrent.ExecutionException: org.apache.ratis.thirdparty.io.grpc.StatusRuntimeException: UNAVAILABLE: io exception
	at java.util.concurrent.FutureTask.report(FutureTask.java:122)
	at java.util.concurrent.FutureTask.get(FutureTask.java:192)
	at org.apache.ratis.server.impl.LeaderElection.waitForResults(LeaderElection.java:263)
	at org.apache.ratis.server.impl.LeaderElection.askForVotes(LeaderElection.java:201)
	at org.apache.ratis.server.impl.LeaderElection.run(LeaderElection.java:133)
	at java.lang.Thread.run(Thread.java:748)
Caused by: org.apache.ratis.thirdparty.io.grpc.StatusRuntimeException: UNAVAILABLE: io exception
	at org.apache.ratis.thirdparty.io.grpc.stub.ClientCalls.toStatusRuntimeException(ClientCalls.java:233)
	at org.apache.ratis.thirdparty.io.grpc.stub.ClientCalls.getUnchecked(ClientCalls.java:214)
	at org.apache.ratis.thirdparty.io.grpc.stub.ClientCalls.blockingUnaryCall(ClientCalls.java:139)
	at org.apache.ratis.proto.grpc.RaftServerProtocolServiceGrpc$RaftServerProtocolServiceBlockingStub.requestVote(RaftServerProtocolServiceGrpc.java:265)
	at org.apache.ratis.grpc.server.GrpcServerProtocolClient.requestVote(GrpcServerProtocolClient.java:90)
	at org.apache.ratis.grpc.server.GrpcService.requestVote(GrpcService.java:204)
	at org.apache.ratis.server.impl.LeaderElection.lambda$submitRequests$1(LeaderElection.java:238)
	at java.util.concurrent.FutureTask.run(FutureTask.java:266)
	at java.util.concurrent.Executors$RunnableAdapter.call(Executors.java:511)
	at java.util.concurrent.FutureTask.run(FutureTask.java:266)
	at java.util.concurrent.ThreadPoolExecutor.runWorker(ThreadPoolExecutor.java:1149)
	at java.util.concurrent.ThreadPoolExecutor$Worker.run(ThreadPoolExecutor.java:624)
	... 1 more
Caused by: org.apache.ratis.thirdparty.io.netty.channel.AbstractChannel$AnnotatedConnectException: Connection refused: /192.168.34.52:35205
	at sun.nio.ch.SocketChannelImpl.checkConnect(Native Method)
	at sun.nio.ch.SocketChannelImpl.finishConnect(SocketChannelImpl.java:717)
	at org.apache.ratis.thirdparty.io.netty.channel.socket.nio.NioSocketChannel.doFinishConnect(NioSocketChannel.java:327)
	at org.apache.ratis.thirdparty.io.netty.channel.nio.AbstractNioChannel$AbstractNioUnsafe.finishConnect(AbstractNioChannel.java:340)
	at org.apache.ratis.thirdparty.io.netty.channel.nio.NioEventLoop.processSelectedKey(NioEventLoop.java:632)
	at org.apache.ratis.thirdparty.io.netty.channel.nio.NioEventLoop.processSelectedKeysOptimized(NioEventLoop.java:579)
	at org.apache.ratis.thirdparty.io.netty.channel.nio.NioEventLoop.processSelectedKeys(NioEventLoop.java:496)
	at org.apache.ratis.thirdparty.io.netty.channel.nio.NioEventLoop.run(NioEventLoop.java:458)
	at org.apache.ratis.thirdparty.io.netty.util.concurrent.SingleThreadEventExecutor$5.run(SingleThreadEventExecutor.java:897)
	at org.apache.ratis.thirdparty.io.netty.util.concurrent.FastThreadLocalRunnable.run(FastThreadLocalRunnable.java:30)
	... 1 more
Caused by: java.net.ConnectException: Connection refused
	... 11 more
2019-09-12 06:40:34,200 [760f3a61-bfa2-4d4e-85d8-817950efb624@group-B034F0427A69:LeaderElection42] INFO  impl.LeaderElection (LogUtils.java:infoOrTrace(149)) -   Exception 1: {}
java.util.concurrent.ExecutionException: org.apache.ratis.thirdparty.io.grpc.StatusRuntimeException: UNAVAILABLE: io exception
	at java.util.concurrent.FutureTask.report(FutureTask.java:122)
	at java.util.concurrent.FutureTask.get(FutureTask.java:192)
	at org.apache.ratis.server.impl.LeaderElection.waitForResults(LeaderElection.java:263)
	at org.apache.ratis.server.impl.LeaderElection.askForVotes(LeaderElection.java:201)
	at org.apache.ratis.server.impl.LeaderElection.run(LeaderElection.java:133)
	at java.lang.Thread.run(Thread.java:748)
Caused by: org.apache.ratis.thirdparty.io.grpc.StatusRuntimeException: UNAVAILABLE: io exception
	at org.apache.ratis.thirdparty.io.grpc.stub.ClientCalls.toStatusRuntimeException(ClientCalls.java:233)
	at org.apache.ratis.thirdparty.io.grpc.stub.ClientCalls.getUnchecked(ClientCalls.java:214)
	at org.apache.ratis.thirdparty.io.grpc.stub.ClientCalls.blockingUnaryCall(ClientCalls.java:139)
	at org.apache.ratis.proto.grpc.RaftServerProtocolServiceGrpc$RaftServerProtocolServiceBlockingStub.requestVote(RaftServerProtocolServiceGrpc.java:265)
	at org.apache.ratis.grpc.server.GrpcServerProtocolClient.requestVote(GrpcServerProtocolClient.java:90)
	at org.apache.ratis.grpc.server.GrpcService.requestVote(GrpcService.java:204)
	at org.apache.ratis.server.impl.LeaderElection.lambda$submitRequests$1(LeaderElection.java:238)
	at java.util.concurrent.FutureTask.run(FutureTask.java:266)
	at java.util.concurrent.Executors$RunnableAdapter.call(Executors.java:511)
	at java.util.concurrent.FutureTask.run(FutureTask.java:266)
	at java.util.concurrent.ThreadPoolExecutor.runWorker(ThreadPoolExecutor.java:1149)
	at java.util.concurrent.ThreadPoolExecutor$Worker.run(ThreadPoolExecutor.java:624)
	... 1 more
Caused by: org.apache.ratis.thirdparty.io.netty.channel.AbstractChannel$AnnotatedConnectException: Connection refused: /192.168.34.52:38245
	at sun.nio.ch.SocketChannelImpl.checkConnect(Native Method)
	at sun.nio.ch.SocketChannelImpl.finishConnect(SocketChannelImpl.java:717)
	at org.apache.ratis.thirdparty.io.netty.channel.socket.nio.NioSocketChannel.doFinishConnect(NioSocketChannel.java:327)
	at org.apache.ratis.thirdparty.io.netty.channel.nio.AbstractNioChannel$AbstractNioUnsafe.finishConnect(AbstractNioChannel.java:340)
	at org.apache.ratis.thirdparty.io.netty.channel.nio.NioEventLoop.processSelectedKey(NioEventLoop.java:632)
	at org.apache.ratis.thirdparty.io.netty.channel.nio.NioEventLoop.processSelectedKeysOptimized(NioEventLoop.java:579)
	at org.apache.ratis.thirdparty.io.netty.channel.nio.NioEventLoop.processSelectedKeys(NioEventLoop.java:496)
	at org.apache.ratis.thirdparty.io.netty.channel.nio.NioEventLoop.run(NioEventLoop.java:458)
	at org.apache.ratis.thirdparty.io.netty.util.concurrent.SingleThreadEventExecutor$5.run(SingleThreadEventExecutor.java:897)
	at org.apache.ratis.thirdparty.io.netty.util.concurrent.FastThreadLocalRunnable.run(FastThreadLocalRunnable.java:30)
	... 1 more
Caused by: java.net.ConnectException: Connection refused
	... 11 more
2019-09-12 06:40:34,201 [760f3a61-bfa2-4d4e-85d8-817950efb624@group-B034F0427A69:LeaderElection42] INFO  impl.RaftServerImpl (RaftServerImpl.java:setRole(174)) - 760f3a61-bfa2-4d4e-85d8-817950efb624@group-B034F0427A69: changes role from CANDIDATE to FOLLOWER at term 20 for DISCOVERED_A_NEW_TERM
2019-09-12 06:40:34,201 [760f3a61-bfa2-4d4e-85d8-817950efb624@group-B034F0427A69:LeaderElection42] INFO  impl.RoleInfo (RoleInfo.java:shutdownLeaderElection(134)) - 760f3a61-bfa2-4d4e-85d8-817950efb624: shutdown LeaderElection
2019-09-12 06:40:34,201 [760f3a61-bfa2-4d4e-85d8-817950efb624@group-B034F0427A69:LeaderElection42] INFO  impl.RoleInfo (RoleInfo.java:updateAndGet(143)) - 760f3a61-bfa2-4d4e-85d8-817950efb624: start FollowerState
2019-09-12 06:40:34,305 [java.util.concurrent.ThreadPoolExecutor$Worker@6586fa4d[State = -1, empty queue]] WARN  server.GrpcLogAppender (GrpcLogAppender.java:timeoutAppendRequest(200)) - 5ecf13a7-acad-498a-ad7b-6f285dbc97e2@group-C5E42DFE1AE1->996a256c-fd43-494a-96f3-903b907c5248-GrpcLogAppender: appendEntries Timeout, request=5ecf13a7-acad-498a-ad7b-6f285dbc97e2->996a256c-fd43-494a-96f3-903b907c5248#162-t2, previous=(t:2, i:20), leaderCommit=16, initializing? false, entries: <empty>
2019-09-12 06:40:34,305 [java.util.concurrent.ThreadPoolExecutor$Worker@3e497bcb[State = -1, empty queue]] WARN  server.GrpcLogAppender (GrpcLogAppender.java:timeoutAppendRequest(200)) - 5ecf13a7-acad-498a-ad7b-6f285dbc97e2@group-C5E42DFE1AE1->e1cdc330-b298-4f7e-9f8c-e697349a5e69-GrpcLogAppender: appendEntries Timeout, request=5ecf13a7-acad-498a-ad7b-6f285dbc97e2->e1cdc330-b298-4f7e-9f8c-e697349a5e69#162-t2, previous=(t:2, i:20), leaderCommit=16, initializing? false, entries: <empty>
2019-09-12 06:40:34,514 [java.util.concurrent.ThreadPoolExecutor$Worker@24fb95e3[State = -1, empty queue]] WARN  server.GrpcLogAppender (GrpcLogAppender.java:timeoutAppendRequest(200)) - 24c53ee4-03df-424b-8e99-1fd221f7be60@group-3C3ABBECBF4F->3ae969e4-2e35-40bf-9e0e-95acae9da5a5-GrpcLogAppender: appendEntries Timeout, request=24c53ee4-03df-424b-8e99-1fd221f7be60->3ae969e4-2e35-40bf-9e0e-95acae9da5a5#163-t2, previous=(t:2, i:20), leaderCommit=16, initializing? false, entries: <empty>
2019-09-12 06:40:34,525 [grpc-default-executor-6] WARN  server.GrpcLogAppender (LogUtils.java:warn(134)) - 24c53ee4-03df-424b-8e99-1fd221f7be60@group-3C3ABBECBF4F->d503967e-137a-4fd9-bc45-44203e981a69-AppendLogResponseHandler: Failed appendEntries: org.apache.ratis.thirdparty.io.grpc.StatusRuntimeException: UNAVAILABLE: io exception
2019-09-12 06:40:34,526 [grpc-default-executor-6] INFO  impl.FollowerInfo (FollowerInfo.java:lambda$new$0(51)) - 24c53ee4-03df-424b-8e99-1fd221f7be60@group-3C3ABBECBF4F->d503967e-137a-4fd9-bc45-44203e981a69: nextIndex: updateUnconditionally 8 -> 7
2019-09-12 06:40:34,691 [main] INFO  ozoneimpl.OzoneContainer (OzoneContainer.java:stop(231)) - Attempting to stop container services.
2019-09-12 06:40:34,692 [main] INFO  impl.RaftServerProxy (RaftServerProxy.java:lambda$close$4(314)) - 760f3a61-bfa2-4d4e-85d8-817950efb624: close
2019-09-12 06:40:34,693 [main] INFO  impl.RaftServerImpl (RaftServerImpl.java:lambda$shutdown$3(251)) - 760f3a61-bfa2-4d4e-85d8-817950efb624@group-B034F0427A69: shutdown
2019-09-12 06:40:34,694 [main] INFO  util.JmxRegister (JmxRegister.java:unregister(73)) - Successfully un-registered JMX Bean with object name Ratis:service=RaftServer,group=group-B034F0427A69,id=760f3a61-bfa2-4d4e-85d8-817950efb624
2019-09-12 06:40:34,694 [main] INFO  impl.RoleInfo (RoleInfo.java:shutdownFollowerState(121)) - 760f3a61-bfa2-4d4e-85d8-817950efb624: shutdown FollowerState
2019-09-12 06:40:34,695 [main] INFO  impl.StateMachineUpdater (StateMachineUpdater.java:stopAndJoin(125)) - 760f3a61-bfa2-4d4e-85d8-817950efb624@group-B034F0427A69-StateMachineUpdater: set stopIndex = 30
2019-09-12 06:40:34,695 [760f3a61-bfa2-4d4e-85d8-817950efb624@group-B034F0427A69-StateMachineUpdater] INFO  ratis.ContainerStateMachine (ContainerStateMachine.java:takeSnapshot(289)) - group-B034F0427A69: Taking a snapshot at:(t:3, i:28) file /workdir/hadoop-ozone/integration-test/target/test-dir/MiniOzoneClusterImpl-37405de7-47da-4aca-9355-033741c24d37/datanode-8/data/ratis/0a74ecfd-3b1d-4619-a0a9-b034f0427a69/sm/snapshot.3_28
2019-09-12 06:40:34,695 [Thread-1501] INFO  impl.FollowerState (FollowerState.java:run(115)) - 760f3a61-bfa2-4d4e-85d8-817950efb624: FollowerState was interrupted: java.lang.InterruptedException: sleep interrupted
2019-09-12 06:40:34,710 [760f3a61-bfa2-4d4e-85d8-817950efb624@group-B034F0427A69-StateMachineUpdater] INFO  ratis.ContainerStateMachine (ContainerStateMachine.java:takeSnapshot(300)) - group-B034F0427A69: Finished taking a snapshot at:(t:3, i:28) file:/workdir/hadoop-ozone/integration-test/target/test-dir/MiniOzoneClusterImpl-37405de7-47da-4aca-9355-033741c24d37/datanode-8/data/ratis/0a74ecfd-3b1d-4619-a0a9-b034f0427a69/sm/snapshot.3_28 time:15
2019-09-12 06:40:34,710 [760f3a61-bfa2-4d4e-85d8-817950efb624@group-B034F0427A69-StateMachineUpdater] INFO  impl.StateMachineUpdater (StateMachineUpdater.java:takeSnapshot(258)) - 760f3a61-bfa2-4d4e-85d8-817950efb624@group-B034F0427A69-StateMachineUpdater: Took a snapshot at index 28
2019-09-12 06:40:34,710 [760f3a61-bfa2-4d4e-85d8-817950efb624@group-B034F0427A69-StateMachineUpdater] INFO  impl.StateMachineUpdater (StateMachineUpdater.java:lambda$new$0(83)) - 760f3a61-bfa2-4d4e-85d8-817950efb624@group-B034F0427A69-StateMachineUpdater: snapshotIndex: updateIncreasingly -1 -> 28
2019-09-12 06:40:34,711 [760f3a61-bfa2-4d4e-85d8-817950efb624@group-B034F0427A69-StateMachineUpdater] INFO  ratis.ContainerStateMachine (ContainerStateMachine.java:takeSnapshot(289)) - group-B034F0427A69: Taking a snapshot at:(t:3, i:28) file /workdir/hadoop-ozone/integration-test/target/test-dir/MiniOzoneClusterImpl-37405de7-47da-4aca-9355-033741c24d37/datanode-8/data/ratis/0a74ecfd-3b1d-4619-a0a9-b034f0427a69/sm/snapshot.3_28
2019-09-12 06:40:34,723 [760f3a61-bfa2-4d4e-85d8-817950efb624@group-B034F0427A69-StateMachineUpdater] INFO  ratis.ContainerStateMachine (ContainerStateMachine.java:takeSnapshot(300)) - group-B034F0427A69: Finished taking a snapshot at:(t:3, i:28) file:/workdir/hadoop-ozone/integration-test/target/test-dir/MiniOzoneClusterImpl-37405de7-47da-4aca-9355-033741c24d37/datanode-8/data/ratis/0a74ecfd-3b1d-4619-a0a9-b034f0427a69/sm/snapshot.3_28 time:12
2019-09-12 06:40:34,723 [760f3a61-bfa2-4d4e-85d8-817950efb624@group-B034F0427A69-StateMachineUpdater] INFO  impl.StateMachineUpdater (StateMachineUpdater.java:takeSnapshot(258)) - 760f3a61-bfa2-4d4e-85d8-817950efb624@group-B034F0427A69-StateMachineUpdater: Took a snapshot at index 28
2019-09-12 06:40:34,723 [760f3a61-bfa2-4d4e-85d8-817950efb624@group-B034F0427A69-StateMachineUpdater] INFO  impl.StateMachineUpdater (StateMachineUpdater.java:lambda$new$0(83)) - 760f3a61-bfa2-4d4e-85d8-817950efb624@group-B034F0427A69-StateMachineUpdater: snapshotIndex: updateIncreasingly 28 -> 28
2019-09-12 06:40:34,724 [main] INFO  impl.RaftServerImpl (ServerState.java:close(385)) - 760f3a61-bfa2-4d4e-85d8-817950efb624@group-B034F0427A69: closes. applyIndex: 30
2019-09-12 06:40:34,725 [760f3a61-bfa2-4d4e-85d8-817950efb624@group-B034F0427A69-SegmentedRaftLogWorker] INFO  segmented.SegmentedRaftLogWorker (SegmentedRaftLogWorker.java:run(313)) - 760f3a61-bfa2-4d4e-85d8-817950efb624@group-B034F0427A69-SegmentedRaftLogWorker was interrupted, exiting. There are 0 tasks remaining in the queue.
2019-09-12 06:40:34,727 [main] INFO  segmented.SegmentedRaftLogWorker (SegmentedRaftLogWorker.java:close(228)) - 760f3a61-bfa2-4d4e-85d8-817950efb624@group-B034F0427A69-SegmentedRaftLogWorker close()
2019-09-12 06:40:34,729 [main] INFO  impl.RaftServerImpl (RaftServerImpl.java:lambda$shutdown$3(251)) - 760f3a61-bfa2-4d4e-85d8-817950efb624@group-942E54ADB06C: shutdown
2019-09-12 06:40:34,730 [main] INFO  util.JmxRegister (JmxRegister.java:unregister(73)) - Successfully un-registered JMX Bean with object name Ratis:service=RaftServer,group=group-942E54ADB06C,id=760f3a61-bfa2-4d4e-85d8-817950efb624
2019-09-12 06:40:34,730 [main] INFO  impl.RoleInfo (RoleInfo.java:shutdownLeaderState(104)) - 760f3a61-bfa2-4d4e-85d8-817950efb624: shutdown LeaderState
2019-09-12 06:40:34,731 [main] INFO  impl.PendingRequests (PendingRequests.java:sendNotLeaderResponses(202)) - 760f3a61-bfa2-4d4e-85d8-817950efb624-PendingRequests: sendNotLeaderResponses
2019-09-12 06:40:34,732 [main] INFO  impl.StateMachineUpdater (StateMachineUpdater.java:stopAndJoin(125)) - 760f3a61-bfa2-4d4e-85d8-817950efb624@group-942E54ADB06C-StateMachineUpdater: set stopIndex = 0
2019-09-12 06:40:34,732 [main] INFO  impl.RaftServerImpl (ServerState.java:close(385)) - 760f3a61-bfa2-4d4e-85d8-817950efb624@group-942E54ADB06C: closes. applyIndex: 0
2019-09-12 06:40:34,733 [760f3a61-bfa2-4d4e-85d8-817950efb624@group-942E54ADB06C-SegmentedRaftLogWorker] INFO  segmented.SegmentedRaftLogWorker (SegmentedRaftLogWorker.java:run(313)) - 760f3a61-bfa2-4d4e-85d8-817950efb624@group-942E54ADB06C-SegmentedRaftLogWorker was interrupted, exiting. There are 0 tasks remaining in the queue.
2019-09-12 06:40:34,734 [main] INFO  segmented.SegmentedRaftLogWorker (SegmentedRaftLogWorker.java:close(228)) - 760f3a61-bfa2-4d4e-85d8-817950efb624@group-942E54ADB06C-SegmentedRaftLogWorker close()
2019-09-12 06:40:34,737 [main] INFO  server.GrpcService (GrpcService.java:closeImpl(164)) - 760f3a61-bfa2-4d4e-85d8-817950efb624: shutdown server with port 44136 now
2019-09-12 06:40:34,738 [main] INFO  server.GrpcService (GrpcService.java:closeImpl(172)) - 760f3a61-bfa2-4d4e-85d8-817950efb624: shutdown server with port 44136 successfully
2019-09-12 06:40:34,739 [ForkJoinPool.commonPool-worker-1] INFO  ozoneimpl.OzoneContainer (OzoneContainer.java:stop(231)) - Attempting to stop container services.
2019-09-12 06:40:34,740 [ForkJoinPool.commonPool-worker-1] INFO  impl.RaftServerProxy (RaftServerProxy.java:lambda$close$4(314)) - e1cdc330-b298-4f7e-9f8c-e697349a5e69: close
2019-09-12 06:40:34,740 [ForkJoinPool.commonPool-worker-1] INFO  impl.RaftServerImpl (RaftServerImpl.java:lambda$shutdown$3(251)) - e1cdc330-b298-4f7e-9f8c-e697349a5e69@group-C5E42DFE1AE1: shutdown
2019-09-12 06:40:34,741 [ForkJoinPool.commonPool-worker-1] INFO  util.JmxRegister (JmxRegister.java:unregister(73)) - Successfully un-registered JMX Bean with object name Ratis:service=RaftServer,group=group-C5E42DFE1AE1,id=e1cdc330-b298-4f7e-9f8c-e697349a5e69
2019-09-12 06:40:34,741 [refreshUsed-/workdir/hadoop-ozone/integration-test/target/test-dir/MiniOzoneClusterImpl-37405de7-47da-4aca-9355-033741c24d37/datanode-8/data/containers] WARN  fs.CachingGetSpaceUsed (CachingGetSpaceUsed.java:run(183)) - Thread Interrupted waiting to refresh disk information: sleep interrupted
2019-09-12 06:40:34,741 [ForkJoinPool.commonPool-worker-1] INFO  impl.RoleInfo (RoleInfo.java:shutdownFollowerState(121)) - e1cdc330-b298-4f7e-9f8c-e697349a5e69: shutdown FollowerState
2019-09-12 06:40:34,741 [ForkJoinPool.commonPool-worker-1] INFO  impl.StateMachineUpdater (StateMachineUpdater.java:stopAndJoin(125)) - e1cdc330-b298-4f7e-9f8c-e697349a5e69@group-C5E42DFE1AE1-StateMachineUpdater: set stopIndex = 16
2019-09-12 06:40:34,742 [Thread-418] INFO  impl.FollowerState (FollowerState.java:run(115)) - e1cdc330-b298-4f7e-9f8c-e697349a5e69: FollowerState was interrupted: java.lang.InterruptedException: sleep interrupted
2019-09-12 06:40:34,742 [e1cdc330-b298-4f7e-9f8c-e697349a5e69@group-C5E42DFE1AE1-StateMachineUpdater] INFO  ratis.ContainerStateMachine (ContainerStateMachine.java:takeSnapshot(289)) - group-C5E42DFE1AE1: Taking a snapshot at:(t:2, i:12) file /workdir/hadoop-ozone/integration-test/target/test-dir/MiniOzoneClusterImpl-37405de7-47da-4aca-9355-033741c24d37/datanode-3/data/ratis/6e0c92e2-c840-41d7-8bdb-c5e42dfe1ae1/sm/snapshot.2_12
2019-09-12 06:40:34,757 [e1cdc330-b298-4f7e-9f8c-e697349a5e69@group-C5E42DFE1AE1-StateMachineUpdater] INFO  ratis.ContainerStateMachine (ContainerStateMachine.java:takeSnapshot(300)) - group-C5E42DFE1AE1: Finished taking a snapshot at:(t:2, i:12) file:/workdir/hadoop-ozone/integration-test/target/test-dir/MiniOzoneClusterImpl-37405de7-47da-4aca-9355-033741c24d37/datanode-3/data/ratis/6e0c92e2-c840-41d7-8bdb-c5e42dfe1ae1/sm/snapshot.2_12 time:16
2019-09-12 06:40:34,757 [e1cdc330-b298-4f7e-9f8c-e697349a5e69@group-C5E42DFE1AE1-StateMachineUpdater] INFO  impl.StateMachineUpdater (StateMachineUpdater.java:takeSnapshot(258)) - e1cdc330-b298-4f7e-9f8c-e697349a5e69@group-C5E42DFE1AE1-StateMachineUpdater: Took a snapshot at index 12
2019-09-12 06:40:34,758 [e1cdc330-b298-4f7e-9f8c-e697349a5e69@group-C5E42DFE1AE1-StateMachineUpdater] INFO  impl.StateMachineUpdater (StateMachineUpdater.java:lambda$new$0(83)) - e1cdc330-b298-4f7e-9f8c-e697349a5e69@group-C5E42DFE1AE1-StateMachineUpdater: snapshotIndex: updateIncreasingly -1 -> 12
2019-09-12 06:40:34,758 [e1cdc330-b298-4f7e-9f8c-e697349a5e69@group-C5E42DFE1AE1-StateMachineUpdater] INFO  ratis.ContainerStateMachine (ContainerStateMachine.java:takeSnapshot(289)) - group-C5E42DFE1AE1: Taking a snapshot at:(t:2, i:12) file /workdir/hadoop-ozone/integration-test/target/test-dir/MiniOzoneClusterImpl-37405de7-47da-4aca-9355-033741c24d37/datanode-3/data/ratis/6e0c92e2-c840-41d7-8bdb-c5e42dfe1ae1/sm/snapshot.2_12
2019-09-12 06:40:34,766 [main] INFO  utils.BackgroundService (BackgroundService.java:shutdown(148)) - Shutting down service BlockDeletingService
2019-09-12 06:40:34,771 [main] INFO  statemachine.DatanodeStateMachine (DatanodeStateMachine.java:stopDaemon(395)) - Ozone container server stopped.
2019-09-12 06:40:34,771 [5ecf13a7-acad-498a-ad7b-6f285dbc97e2@group-C5E42DFE1AE1-SegmentedRaftLogWorker] WARN  segmented.SegmentedRaftLogWorker (SegmentedRaftLogWorker.java:getFromFuture(90)) - Timeout 4/~
org.apache.ratis.protocol.TimeoutIOException: Timeout 10s: WriteLog:17: (t:2, i:17), STATEMACHINELOGENTRY, client-C89BF4EDCA02, cid=52-writeStateMachineData
	at org.apache.ratis.util.IOUtils.getFromFuture(IOUtils.java:87)
	at org.apache.ratis.server.raftlog.segmented.SegmentedRaftLogWorker$StateMachineDataPolicy.getFromFuture(SegmentedRaftLogWorker.java:87)
	at org.apache.ratis.server.raftlog.segmented.SegmentedRaftLogWorker$WriteLog.execute(SegmentedRaftLogWorker.java:477)
	at org.apache.ratis.server.raftlog.segmented.SegmentedRaftLogWorker.run(SegmentedRaftLogWorker.java:289)
	at java.lang.Thread.run(Thread.java:748)
Caused by: java.util.concurrent.TimeoutException
	at java.util.concurrent.CompletableFuture.timedGet(CompletableFuture.java:1771)
	at java.util.concurrent.CompletableFuture.get(CompletableFuture.java:1915)
	at org.apache.ratis.util.IOUtils.getFromFuture(IOUtils.java:79)
	... 4 more
2019-09-12 06:40:34,771 [e1cdc330-b298-4f7e-9f8c-e697349a5e69@group-C5E42DFE1AE1-StateMachineUpdater] INFO  ratis.ContainerStateMachine (ContainerStateMachine.java:takeSnapshot(300)) - group-C5E42DFE1AE1: Finished taking a snapshot at:(t:2, i:12) file:/workdir/hadoop-ozone/integration-test/target/test-dir/MiniOzoneClusterImpl-37405de7-47da-4aca-9355-033741c24d37/datanode-3/data/ratis/6e0c92e2-c840-41d7-8bdb-c5e42dfe1ae1/sm/snapshot.2_12 time:13
2019-09-12 06:40:34,772 [e1cdc330-b298-4f7e-9f8c-e697349a5e69@group-C5E42DFE1AE1-StateMachineUpdater] INFO  impl.StateMachineUpdater (StateMachineUpdater.java:takeSnapshot(258)) - e1cdc330-b298-4f7e-9f8c-e697349a5e69@group-C5E42DFE1AE1-StateMachineUpdater: Took a snapshot at index 12
2019-09-12 06:40:34,772 [e1cdc330-b298-4f7e-9f8c-e697349a5e69@group-C5E42DFE1AE1-StateMachineUpdater] INFO  impl.StateMachineUpdater (StateMachineUpdater.java:lambda$new$0(83)) - e1cdc330-b298-4f7e-9f8c-e697349a5e69@group-C5E42DFE1AE1-StateMachineUpdater: snapshotIndex: updateIncreasingly 12 -> 12
2019-09-12 06:40:34,772 [ForkJoinPool.commonPool-worker-1] INFO  impl.RaftServerImpl (ServerState.java:close(385)) - e1cdc330-b298-4f7e-9f8c-e697349a5e69@group-C5E42DFE1AE1: closes. applyIndex: 16
2019-09-12 06:40:34,773 [main] INFO  handler.ContextHandler (ContextHandler.java:doStop(910)) - Stopped o.e.j.w.WebAppContext@33063f5b{/,null,UNAVAILABLE}{/hddsDatanode}
2019-09-12 06:40:34,775 [996a256c-fd43-494a-96f3-903b907c5248@group-C5E42DFE1AE1-SegmentedRaftLogWorker] WARN  segmented.SegmentedRaftLogWorker (SegmentedRaftLogWorker.java:getFromFuture(90)) - Timeout 4/~
org.apache.ratis.protocol.TimeoutIOException: Timeout 10s: WriteLog:17: (t:2, i:17), STATEMACHINELOGENTRY, client-C89BF4EDCA02, cid=52-writeStateMachineData
	at org.apache.ratis.util.IOUtils.getFromFuture(IOUtils.java:87)
	at org.apache.ratis.server.raftlog.segmented.SegmentedRaftLogWorker$StateMachineDataPolicy.getFromFuture(SegmentedRaftLogWorker.java:87)
	at org.apache.ratis.server.raftlog.segmented.SegmentedRaftLogWorker$WriteLog.execute(SegmentedRaftLogWorker.java:477)
	at org.apache.ratis.server.raftlog.segmented.SegmentedRaftLogWorker.run(SegmentedRaftLogWorker.java:289)
	at java.lang.Thread.run(Thread.java:748)
Caused by: java.util.concurrent.TimeoutException
	at java.util.concurrent.CompletableFuture.timedGet(CompletableFuture.java:1771)
	at java.util.concurrent.CompletableFuture.get(CompletableFuture.java:1915)
	at org.apache.ratis.util.IOUtils.getFromFuture(IOUtils.java:79)
	... 4 more
2019-09-12 06:40:34,775 [e1cdc330-b298-4f7e-9f8c-e697349a5e69@group-C5E42DFE1AE1-SegmentedRaftLogWorker] ERROR ratis.XceiverServerRatis (XceiverServerRatis.java:triggerPipelineClose(568)) - pipeline Action CLOSE  on pipeline PipelineID=6e0c92e2-c840-41d7-8bdb-c5e42dfe1ae1.Reason : WriteLog:17: (t:2, i:17), STATEMACHINELOGENTRY, client-C89BF4EDCA02, cid=52-writeStateMachineData interrupted.
2019-09-12 06:40:34,776 [main] INFO  server.AbstractConnector (AbstractConnector.java:doStop(318)) - Stopped ServerConnector@15405bd6{HTTP/1.1,[http/1.1]}{0.0.0.0:0}
2019-09-12 06:40:34,778 [ForkJoinPool.commonPool-worker-1] INFO  segmented.SegmentedRaftLogWorker (SegmentedRaftLogWorker.java:close(228)) - e1cdc330-b298-4f7e-9f8c-e697349a5e69@group-C5E42DFE1AE1-SegmentedRaftLogWorker close()
2019-09-12 06:40:34,778 [main] INFO  handler.ContextHandler (ContextHandler.java:doStop(910)) - Stopped o.e.j.s.ServletContextHandler@47be0f9b{/static,jar:file:/home/user/.m2/repository/org/apache/hadoop/hadoop-hdds-container-service/0.5.0-SNAPSHOT/hadoop-hdds-container-service-0.5.0-SNAPSHOT.jar!/webapps/static,UNAVAILABLE}
2019-09-12 06:40:34,781 [ForkJoinPool.commonPool-worker-1] INFO  impl.RaftServerImpl (RaftServerImpl.java:lambda$shutdown$3(251)) - e1cdc330-b298-4f7e-9f8c-e697349a5e69@group-8FE4ECFCCB53: shutdown
2019-09-12 06:40:34,782 [main] INFO  handler.ContextHandler (ContextHandler.java:doStop(910)) - Stopped o.e.j.s.ServletContextHandler@30ca0779{/logs,file:///workdir/hadoop-ozone/integration-test/target/log,UNAVAILABLE}
2019-09-12 06:40:34,782 [ForkJoinPool.commonPool-worker-1] INFO  util.JmxRegister (JmxRegister.java:unregister(73)) - Successfully un-registered JMX Bean with object name Ratis:service=RaftServer,group=group-8FE4ECFCCB53,id=e1cdc330-b298-4f7e-9f8c-e697349a5e69
2019-09-12 06:40:34,782 [ForkJoinPool.commonPool-worker-1] INFO  impl.RoleInfo (RoleInfo.java:shutdownLeaderState(104)) - e1cdc330-b298-4f7e-9f8c-e697349a5e69: shutdown LeaderState
2019-09-12 06:40:34,783 [ForkJoinPool.commonPool-worker-1] INFO  impl.PendingRequests (PendingRequests.java:sendNotLeaderResponses(202)) - e1cdc330-b298-4f7e-9f8c-e697349a5e69-PendingRequests: sendNotLeaderResponses
2019-09-12 06:40:34,783 [ForkJoinPool.commonPool-worker-1] INFO  impl.StateMachineUpdater (StateMachineUpdater.java:stopAndJoin(125)) - e1cdc330-b298-4f7e-9f8c-e697349a5e69@group-8FE4ECFCCB53-StateMachineUpdater: set stopIndex = 0
2019-09-12 06:40:34,783 [ForkJoinPool.commonPool-worker-1] INFO  impl.RaftServerImpl (ServerState.java:close(385)) - e1cdc330-b298-4f7e-9f8c-e697349a5e69@group-8FE4ECFCCB53: closes. applyIndex: 0
2019-09-12 06:40:34,784 [e1cdc330-b298-4f7e-9f8c-e697349a5e69@group-8FE4ECFCCB53-SegmentedRaftLogWorker] INFO  segmented.SegmentedRaftLogWorker (SegmentedRaftLogWorker.java:run(313)) - e1cdc330-b298-4f7e-9f8c-e697349a5e69@group-8FE4ECFCCB53-SegmentedRaftLogWorker was interrupted, exiting. There are 0 tasks remaining in the queue.
2019-09-12 06:40:34,794 [ForkJoinPool.commonPool-worker-1] INFO  segmented.SegmentedRaftLogWorker (SegmentedRaftLogWorker.java:close(228)) - e1cdc330-b298-4f7e-9f8c-e697349a5e69@group-8FE4ECFCCB53-SegmentedRaftLogWorker close()
2019-09-12 06:40:34,795 [ForkJoinPool.commonPool-worker-1] INFO  server.GrpcService (GrpcService.java:closeImpl(164)) - e1cdc330-b298-4f7e-9f8c-e697349a5e69: shutdown server with port 34054 now
2019-09-12 06:40:34,796 [grpc-default-executor-12] WARN  server.GrpcServerProtocolService (LogUtils.java:warn(134)) - e1cdc330-b298-4f7e-9f8c-e697349a5e69: installSnapshot onError, lastRequest: 5ecf13a7-acad-498a-ad7b-6f285dbc97e2->e1cdc330-b298-4f7e-9f8c-e697349a5e69#168-t2, previous=(t:2, i:20), leaderCommit=16, initializing? false, entries: <empty>: org.apache.ratis.thirdparty.io.grpc.StatusRuntimeException: CANCELLED: cancelled before receiving half close
2019-09-12 06:40:34,797 [grpc-default-executor-7] WARN  server.GrpcLogAppender (LogUtils.java:warn(134)) - 5ecf13a7-acad-498a-ad7b-6f285dbc97e2@group-C5E42DFE1AE1->e1cdc330-b298-4f7e-9f8c-e697349a5e69-AppendLogResponseHandler: Failed appendEntries: org.apache.ratis.thirdparty.io.grpc.StatusRuntimeException: CANCELLED: HTTP/2 error code: CANCEL
Received Rst Stream
2019-09-12 06:40:34,797 [ForkJoinPool.commonPool-worker-1] INFO  server.GrpcService (GrpcService.java:closeImpl(172)) - e1cdc330-b298-4f7e-9f8c-e697349a5e69: shutdown server with port 34054 successfully
2019-09-12 06:40:34,803 [grpc-default-executor-7] INFO  impl.FollowerInfo (FollowerInfo.java:lambda$new$0(51)) - 5ecf13a7-acad-498a-ad7b-6f285dbc97e2@group-C5E42DFE1AE1->e1cdc330-b298-4f7e-9f8c-e697349a5e69: nextIndex: updateUnconditionally 21 -> 17
2019-09-12 06:40:34,804 [refreshUsed-/workdir/hadoop-ozone/integration-test/target/test-dir/MiniOzoneClusterImpl-37405de7-47da-4aca-9355-033741c24d37/datanode-3/data/containers] WARN  fs.CachingGetSpaceUsed (CachingGetSpaceUsed.java:run(183)) - Thread Interrupted waiting to refresh disk information: sleep interrupted
2019-09-12 06:40:34,806 [java.util.concurrent.ThreadPoolExecutor$Worker@6586fa4d[State = -1, empty queue]] WARN  server.GrpcLogAppender (GrpcLogAppender.java:timeoutAppendRequest(200)) - 5ecf13a7-acad-498a-ad7b-6f285dbc97e2@group-C5E42DFE1AE1->996a256c-fd43-494a-96f3-903b907c5248-GrpcLogAppender: appendEntries Timeout, request=5ecf13a7-acad-498a-ad7b-6f285dbc97e2->996a256c-fd43-494a-96f3-903b907c5248#163-t2, previous=(t:2, i:20), leaderCommit=16, initializing? false, entries: <empty>
2019-09-12 06:40:34,811 [grpc-default-executor-6] WARN  server.GrpcLogAppender (LogUtils.java:warn(134)) - 5ecf13a7-acad-498a-ad7b-6f285dbc97e2@group-C5E42DFE1AE1->e1cdc330-b298-4f7e-9f8c-e697349a5e69-AppendLogResponseHandler: Failed appendEntries: org.apache.ratis.thirdparty.io.grpc.StatusRuntimeException: UNAVAILABLE: io exception
2019-09-12 06:40:34,811 [grpc-default-executor-6] INFO  impl.FollowerInfo (FollowerInfo.java:lambda$new$0(51)) - 5ecf13a7-acad-498a-ad7b-6f285dbc97e2@group-C5E42DFE1AE1->e1cdc330-b298-4f7e-9f8c-e697349a5e69: nextIndex: updateUnconditionally 17 -> 16
2019-09-12 06:40:34,824 [ForkJoinPool.commonPool-worker-1] INFO  utils.BackgroundService (BackgroundService.java:shutdown(148)) - Shutting down service BlockDeletingService
2019-09-12 06:40:34,829 [ForkJoinPool.commonPool-worker-1] INFO  statemachine.DatanodeStateMachine (DatanodeStateMachine.java:stopDaemon(395)) - Ozone container server stopped.
2019-09-12 06:40:34,834 [ForkJoinPool.commonPool-worker-1] INFO  handler.ContextHandler (ContextHandler.java:doStop(910)) - Stopped o.e.j.w.WebAppContext@7d44a19{/,null,UNAVAILABLE}{/hddsDatanode}
2019-09-12 06:40:34,835 [ForkJoinPool.commonPool-worker-1] INFO  server.AbstractConnector (AbstractConnector.java:doStop(318)) - Stopped ServerConnector@1fb2d5e{HTTP/1.1,[http/1.1]}{0.0.0.0:0}
2019-09-12 06:40:34,837 [ForkJoinPool.commonPool-worker-1] INFO  handler.ContextHandler (ContextHandler.java:doStop(910)) - Stopped o.e.j.s.ServletContextHandler@53b7ce6{/static,jar:file:/home/user/.m2/repository/org/apache/hadoop/hadoop-hdds-container-service/0.5.0-SNAPSHOT/hadoop-hdds-container-service-0.5.0-SNAPSHOT.jar!/webapps/static,UNAVAILABLE}
2019-09-12 06:40:34,838 [ForkJoinPool.commonPool-worker-1] INFO  handler.ContextHandler (ContextHandler.java:doStop(910)) - Stopped o.e.j.s.ServletContextHandler@74ecacc3{/logs,file:///workdir/hadoop-ozone/integration-test/target/log,UNAVAILABLE}
2019-09-12 06:40:34,890 [Datanode State Machine Thread - 0] INFO  statemachine.DatanodeStateMachine (DatanodeStateMachine.java:lambda$startDaemon$0(350)) - Ozone container server started.
2019-09-12 06:40:34,901 [Datanode State Machine Thread - 0] INFO  statemachine.DatanodeStateMachine (DatanodeStateMachine.java:lambda$startDaemon$0(350)) - Ozone container server started.
2019-09-12 06:40:35,015 [java.util.concurrent.ThreadPoolExecutor$Worker@24fb95e3[State = -1, empty queue]] WARN  server.GrpcLogAppender (GrpcLogAppender.java:timeoutAppendRequest(200)) - 24c53ee4-03df-424b-8e99-1fd221f7be60@group-3C3ABBECBF4F->3ae969e4-2e35-40bf-9e0e-95acae9da5a5-GrpcLogAppender: appendEntries Timeout, request=24c53ee4-03df-424b-8e99-1fd221f7be60->3ae969e4-2e35-40bf-9e0e-95acae9da5a5#164-t2, previous=(t:2, i:20), leaderCommit=16, initializing? false, entries: <empty>
2019-09-12 06:40:35,026 [grpc-default-executor-12] WARN  server.GrpcLogAppender (LogUtils.java:warn(134)) - 24c53ee4-03df-424b-8e99-1fd221f7be60@group-3C3ABBECBF4F->d503967e-137a-4fd9-bc45-44203e981a69-AppendLogResponseHandler: Failed appendEntries: org.apache.ratis.thirdparty.io.grpc.StatusRuntimeException: UNAVAILABLE: io exception
2019-09-12 06:40:35,026 [grpc-default-executor-12] INFO  impl.FollowerInfo (FollowerInfo.java:lambda$new$0(51)) - 24c53ee4-03df-424b-8e99-1fd221f7be60@group-3C3ABBECBF4F->d503967e-137a-4fd9-bc45-44203e981a69: nextIndex: updateUnconditionally 7 -> 6
2019-09-12 06:40:35,306 [java.util.concurrent.ThreadPoolExecutor$Worker@6586fa4d[State = -1, empty queue]] WARN  server.GrpcLogAppender (GrpcLogAppender.java:timeoutAppendRequest(200)) - 5ecf13a7-acad-498a-ad7b-6f285dbc97e2@group-C5E42DFE1AE1->996a256c-fd43-494a-96f3-903b907c5248-GrpcLogAppender: appendEntries Timeout, request=5ecf13a7-acad-498a-ad7b-6f285dbc97e2->996a256c-fd43-494a-96f3-903b907c5248#164-t2, previous=(t:2, i:20), leaderCommit=16, initializing? false, entries: <empty>
2019-09-12 06:40:35,311 [grpc-default-executor-7] WARN  server.GrpcLogAppender (LogUtils.java:warn(134)) - 5ecf13a7-acad-498a-ad7b-6f285dbc97e2@group-C5E42DFE1AE1->e1cdc330-b298-4f7e-9f8c-e697349a5e69-AppendLogResponseHandler: Failed appendEntries: org.apache.ratis.thirdparty.io.grpc.StatusRuntimeException: UNAVAILABLE: io exception
2019-09-12 06:40:35,311 [grpc-default-executor-7] INFO  impl.FollowerInfo (FollowerInfo.java:lambda$new$0(51)) - 5ecf13a7-acad-498a-ad7b-6f285dbc97e2@group-C5E42DFE1AE1->e1cdc330-b298-4f7e-9f8c-e697349a5e69: nextIndex: updateUnconditionally 16 -> 15
2019-09-12 06:40:35,515 [java.util.concurrent.ThreadPoolExecutor$Worker@24fb95e3[State = -1, empty queue]] WARN  server.GrpcLogAppender (GrpcLogAppender.java:timeoutAppendRequest(200)) - 24c53ee4-03df-424b-8e99-1fd221f7be60@group-3C3ABBECBF4F->3ae969e4-2e35-40bf-9e0e-95acae9da5a5-GrpcLogAppender: appendEntries Timeout, request=24c53ee4-03df-424b-8e99-1fd221f7be60->3ae969e4-2e35-40bf-9e0e-95acae9da5a5#165-t2, previous=(t:2, i:20), leaderCommit=16, initializing? false, entries: <empty>
2019-09-12 06:40:35,527 [grpc-default-executor-12] WARN  server.GrpcLogAppender (LogUtils.java:warn(134)) - 24c53ee4-03df-424b-8e99-1fd221f7be60@group-3C3ABBECBF4F->d503967e-137a-4fd9-bc45-44203e981a69-AppendLogResponseHandler: Failed appendEntries: org.apache.ratis.thirdparty.io.grpc.StatusRuntimeException: UNAVAILABLE: io exception
2019-09-12 06:40:35,527 [grpc-default-executor-12] INFO  impl.FollowerInfo (FollowerInfo.java:lambda$new$0(51)) - 24c53ee4-03df-424b-8e99-1fd221f7be60@group-3C3ABBECBF4F->d503967e-137a-4fd9-bc45-44203e981a69: nextIndex: updateUnconditionally 6 -> 5
2019-09-12 06:40:35,806 [java.util.concurrent.ThreadPoolExecutor$Worker@6586fa4d[State = -1, empty queue]] WARN  server.GrpcLogAppender (GrpcLogAppender.java:timeoutAppendRequest(200)) - 5ecf13a7-acad-498a-ad7b-6f285dbc97e2@group-C5E42DFE1AE1->996a256c-fd43-494a-96f3-903b907c5248-GrpcLogAppender: appendEntries Timeout, request=5ecf13a7-acad-498a-ad7b-6f285dbc97e2->996a256c-fd43-494a-96f3-903b907c5248#165-t2, previous=(t:2, i:20), leaderCommit=16, initializing? false, entries: <empty>
2019-09-12 06:40:35,811 [grpc-default-executor-6] WARN  server.GrpcLogAppender (LogUtils.java:warn(134)) - 5ecf13a7-acad-498a-ad7b-6f285dbc97e2@group-C5E42DFE1AE1->e1cdc330-b298-4f7e-9f8c-e697349a5e69-AppendLogResponseHandler: Failed appendEntries: org.apache.ratis.thirdparty.io.grpc.StatusRuntimeException: UNAVAILABLE: io exception
2019-09-12 06:40:35,812 [grpc-default-executor-6] INFO  impl.FollowerInfo (FollowerInfo.java:lambda$new$0(51)) - 5ecf13a7-acad-498a-ad7b-6f285dbc97e2@group-C5E42DFE1AE1->e1cdc330-b298-4f7e-9f8c-e697349a5e69: nextIndex: updateUnconditionally 15 -> 14
2019-09-12 06:40:36,015 [java.util.concurrent.ThreadPoolExecutor$Worker@24fb95e3[State = -1, empty queue]] WARN  server.GrpcLogAppender (GrpcLogAppender.java:timeoutAppendRequest(200)) - 24c53ee4-03df-424b-8e99-1fd221f7be60@group-3C3ABBECBF4F->3ae969e4-2e35-40bf-9e0e-95acae9da5a5-GrpcLogAppender: appendEntries Timeout, request=24c53ee4-03df-424b-8e99-1fd221f7be60->3ae969e4-2e35-40bf-9e0e-95acae9da5a5#166-t2, previous=(t:2, i:20), leaderCommit=16, initializing? false, entries: <empty>
2019-09-12 06:40:36,028 [grpc-default-executor-7] WARN  server.GrpcLogAppender (LogUtils.java:warn(134)) - 24c53ee4-03df-424b-8e99-1fd221f7be60@group-3C3ABBECBF4F->d503967e-137a-4fd9-bc45-44203e981a69-AppendLogResponseHandler: Failed appendEntries: org.apache.ratis.thirdparty.io.grpc.StatusRuntimeException: UNAVAILABLE: io exception
2019-09-12 06:40:36,028 [grpc-default-executor-7] INFO  impl.FollowerInfo (FollowerInfo.java:lambda$new$0(51)) - 24c53ee4-03df-424b-8e99-1fd221f7be60@group-3C3ABBECBF4F->d503967e-137a-4fd9-bc45-44203e981a69: nextIndex: updateUnconditionally 5 -> 4
2019-09-12 06:40:36,307 [java.util.concurrent.ThreadPoolExecutor$Worker@6586fa4d[State = -1, empty queue]] WARN  server.GrpcLogAppender (GrpcLogAppender.java:timeoutAppendRequest(200)) - 5ecf13a7-acad-498a-ad7b-6f285dbc97e2@group-C5E42DFE1AE1->996a256c-fd43-494a-96f3-903b907c5248-GrpcLogAppender: appendEntries Timeout, request=5ecf13a7-acad-498a-ad7b-6f285dbc97e2->996a256c-fd43-494a-96f3-903b907c5248#166-t2, previous=(t:2, i:20), leaderCommit=16, initializing? false, entries: <empty>
2019-09-12 06:40:36,312 [grpc-default-executor-12] WARN  server.GrpcLogAppender (LogUtils.java:warn(134)) - 5ecf13a7-acad-498a-ad7b-6f285dbc97e2@group-C5E42DFE1AE1->e1cdc330-b298-4f7e-9f8c-e697349a5e69-AppendLogResponseHandler: Failed appendEntries: org.apache.ratis.thirdparty.io.grpc.StatusRuntimeException: UNAVAILABLE: io exception
2019-09-12 06:40:36,312 [grpc-default-executor-12] INFO  impl.FollowerInfo (FollowerInfo.java:lambda$new$0(51)) - 5ecf13a7-acad-498a-ad7b-6f285dbc97e2@group-C5E42DFE1AE1->e1cdc330-b298-4f7e-9f8c-e697349a5e69: nextIndex: updateUnconditionally 14 -> 13
2019-09-12 06:40:36,516 [java.util.concurrent.ThreadPoolExecutor$Worker@24fb95e3[State = -1, empty queue]] WARN  server.GrpcLogAppender (GrpcLogAppender.java:timeoutAppendRequest(200)) - 24c53ee4-03df-424b-8e99-1fd221f7be60@group-3C3ABBECBF4F->3ae969e4-2e35-40bf-9e0e-95acae9da5a5-GrpcLogAppender: appendEntries Timeout, request=24c53ee4-03df-424b-8e99-1fd221f7be60->3ae969e4-2e35-40bf-9e0e-95acae9da5a5#167-t2, previous=(t:2, i:20), leaderCommit=16, initializing? false, entries: <empty>
2019-09-12 06:40:36,528 [grpc-default-executor-6] WARN  server.GrpcLogAppender (LogUtils.java:warn(134)) - 24c53ee4-03df-424b-8e99-1fd221f7be60@group-3C3ABBECBF4F->d503967e-137a-4fd9-bc45-44203e981a69-AppendLogResponseHandler: Failed appendEntries: org.apache.ratis.thirdparty.io.grpc.StatusRuntimeException: UNAVAILABLE: io exception
2019-09-12 06:40:36,529 [grpc-default-executor-6] INFO  impl.FollowerInfo (FollowerInfo.java:lambda$new$0(51)) - 24c53ee4-03df-424b-8e99-1fd221f7be60@group-3C3ABBECBF4F->d503967e-137a-4fd9-bc45-44203e981a69: nextIndex: updateUnconditionally 4 -> 3
2019-09-12 06:40:36,807 [java.util.concurrent.ThreadPoolExecutor$Worker@6586fa4d[State = -1, empty queue]] WARN  server.GrpcLogAppender (GrpcLogAppender.java:timeoutAppendRequest(200)) - 5ecf13a7-acad-498a-ad7b-6f285dbc97e2@group-C5E42DFE1AE1->996a256c-fd43-494a-96f3-903b907c5248-GrpcLogAppender: appendEntries Timeout, request=5ecf13a7-acad-498a-ad7b-6f285dbc97e2->996a256c-fd43-494a-96f3-903b907c5248#167-t2, previous=(t:2, i:20), leaderCommit=16, initializing? false, entries: <empty>
2019-09-12 06:40:36,812 [grpc-default-executor-7] WARN  server.GrpcLogAppender (LogUtils.java:warn(134)) - 5ecf13a7-acad-498a-ad7b-6f285dbc97e2@group-C5E42DFE1AE1->e1cdc330-b298-4f7e-9f8c-e697349a5e69-AppendLogResponseHandler: Failed appendEntries: org.apache.ratis.thirdparty.io.grpc.StatusRuntimeException: UNAVAILABLE: io exception
2019-09-12 06:40:36,813 [grpc-default-executor-7] INFO  impl.FollowerInfo (FollowerInfo.java:lambda$new$0(51)) - 5ecf13a7-acad-498a-ad7b-6f285dbc97e2@group-C5E42DFE1AE1->e1cdc330-b298-4f7e-9f8c-e697349a5e69: nextIndex: updateUnconditionally 13 -> 12
2019-09-12 06:40:37,016 [java.util.concurrent.ThreadPoolExecutor$Worker@24fb95e3[State = -1, empty queue]] WARN  server.GrpcLogAppender (GrpcLogAppender.java:timeoutAppendRequest(200)) - 24c53ee4-03df-424b-8e99-1fd221f7be60@group-3C3ABBECBF4F->3ae969e4-2e35-40bf-9e0e-95acae9da5a5-GrpcLogAppender: appendEntries Timeout, request=24c53ee4-03df-424b-8e99-1fd221f7be60->3ae969e4-2e35-40bf-9e0e-95acae9da5a5#168-t2, previous=(t:2, i:20), leaderCommit=16, initializing? false, entries: <empty>
2019-09-12 06:40:37,224 [grpc-default-executor-7] WARN  server.GrpcLogAppender (LogUtils.java:warn(134)) - 24c53ee4-03df-424b-8e99-1fd221f7be60@group-3C3ABBECBF4F->d503967e-137a-4fd9-bc45-44203e981a69-AppendLogResponseHandler: Failed appendEntries: org.apache.ratis.thirdparty.io.grpc.StatusRuntimeException: UNAVAILABLE: io exception
2019-09-12 06:40:37,225 [grpc-default-executor-7] INFO  impl.FollowerInfo (FollowerInfo.java:lambda$new$0(51)) - 24c53ee4-03df-424b-8e99-1fd221f7be60@group-3C3ABBECBF4F->d503967e-137a-4fd9-bc45-44203e981a69: nextIndex: updateUnconditionally 3 -> 2
2019-09-12 06:40:37,307 [java.util.concurrent.ThreadPoolExecutor$Worker@6586fa4d[State = -1, empty queue]] WARN  server.GrpcLogAppender (GrpcLogAppender.java:timeoutAppendRequest(200)) - 5ecf13a7-acad-498a-ad7b-6f285dbc97e2@group-C5E42DFE1AE1->996a256c-fd43-494a-96f3-903b907c5248-GrpcLogAppender: appendEntries Timeout, request=5ecf13a7-acad-498a-ad7b-6f285dbc97e2->996a256c-fd43-494a-96f3-903b907c5248#168-t2, previous=(t:2, i:20), leaderCommit=16, initializing? false, entries: <empty>
2019-09-12 06:40:37,314 [grpc-default-executor-12] WARN  server.GrpcLogAppender (LogUtils.java:warn(134)) - 5ecf13a7-acad-498a-ad7b-6f285dbc97e2@group-C5E42DFE1AE1->e1cdc330-b298-4f7e-9f8c-e697349a5e69-AppendLogResponseHandler: Failed appendEntries: org.apache.ratis.thirdparty.io.grpc.StatusRuntimeException: UNAVAILABLE: io exception
2019-09-12 06:40:37,314 [grpc-default-executor-12] INFO  impl.FollowerInfo (FollowerInfo.java:lambda$new$0(51)) - 5ecf13a7-acad-498a-ad7b-6f285dbc97e2@group-C5E42DFE1AE1->e1cdc330-b298-4f7e-9f8c-e697349a5e69: nextIndex: updateUnconditionally 12 -> 11
2019-09-12 06:40:37,517 [java.util.concurrent.ThreadPoolExecutor$Worker@24fb95e3[State = -1, empty queue]] WARN  server.GrpcLogAppender (GrpcLogAppender.java:timeoutAppendRequest(200)) - 24c53ee4-03df-424b-8e99-1fd221f7be60@group-3C3ABBECBF4F->3ae969e4-2e35-40bf-9e0e-95acae9da5a5-GrpcLogAppender: appendEntries Timeout, request=24c53ee4-03df-424b-8e99-1fd221f7be60->3ae969e4-2e35-40bf-9e0e-95acae9da5a5#169-t2, previous=(t:2, i:20), leaderCommit=16, initializing? false, entries: <empty>
2019-09-12 06:40:37,669 [grpc-default-executor-6] WARN  server.GrpcLogAppender (LogUtils.java:warn(134)) - 24c53ee4-03df-424b-8e99-1fd221f7be60@group-3C3ABBECBF4F->d503967e-137a-4fd9-bc45-44203e981a69-AppendLogResponseHandler: Failed appendEntries: org.apache.ratis.thirdparty.io.grpc.StatusRuntimeException: UNAVAILABLE: io exception
2019-09-12 06:40:37,670 [grpc-default-executor-6] INFO  impl.FollowerInfo (FollowerInfo.java:lambda$new$0(51)) - 24c53ee4-03df-424b-8e99-1fd221f7be60@group-3C3ABBECBF4F->d503967e-137a-4fd9-bc45-44203e981a69: nextIndex: updateUnconditionally 2 -> 1
2019-09-12 06:40:37,808 [java.util.concurrent.ThreadPoolExecutor$Worker@6586fa4d[State = -1, empty queue]] WARN  server.GrpcLogAppender (GrpcLogAppender.java:timeoutAppendRequest(200)) - 5ecf13a7-acad-498a-ad7b-6f285dbc97e2@group-C5E42DFE1AE1->996a256c-fd43-494a-96f3-903b907c5248-GrpcLogAppender: appendEntries Timeout, request=5ecf13a7-acad-498a-ad7b-6f285dbc97e2->996a256c-fd43-494a-96f3-903b907c5248#169-t2, previous=(t:2, i:20), leaderCommit=16, initializing? false, entries: <empty>
2019-09-12 06:40:37,815 [grpc-default-executor-7] WARN  server.GrpcLogAppender (LogUtils.java:warn(134)) - 5ecf13a7-acad-498a-ad7b-6f285dbc97e2@group-C5E42DFE1AE1->e1cdc330-b298-4f7e-9f8c-e697349a5e69-AppendLogResponseHandler: Failed appendEntries: org.apache.ratis.thirdparty.io.grpc.StatusRuntimeException: UNAVAILABLE: io exception
2019-09-12 06:40:37,815 [grpc-default-executor-7] INFO  impl.FollowerInfo (FollowerInfo.java:lambda$new$0(51)) - 5ecf13a7-acad-498a-ad7b-6f285dbc97e2@group-C5E42DFE1AE1->e1cdc330-b298-4f7e-9f8c-e697349a5e69: nextIndex: updateUnconditionally 11 -> 10
2019-09-12 06:40:38,017 [java.util.concurrent.ThreadPoolExecutor$Worker@24fb95e3[State = -1, empty queue]] WARN  server.GrpcLogAppender (GrpcLogAppender.java:timeoutAppendRequest(200)) - 24c53ee4-03df-424b-8e99-1fd221f7be60@group-3C3ABBECBF4F->3ae969e4-2e35-40bf-9e0e-95acae9da5a5-GrpcLogAppender: appendEntries Timeout, request=24c53ee4-03df-424b-8e99-1fd221f7be60->3ae969e4-2e35-40bf-9e0e-95acae9da5a5#170-t2, previous=(t:2, i:20), leaderCommit=16, initializing? false, entries: <empty>
2019-09-12 06:40:38,172 [grpc-default-executor-12] WARN  server.GrpcLogAppender (LogUtils.java:warn(134)) - 24c53ee4-03df-424b-8e99-1fd221f7be60@group-3C3ABBECBF4F->d503967e-137a-4fd9-bc45-44203e981a69-AppendLogResponseHandler: Failed appendEntries: org.apache.ratis.thirdparty.io.grpc.StatusRuntimeException: UNAVAILABLE: io exception
2019-09-12 06:40:38,172 [grpc-default-executor-12] INFO  impl.FollowerInfo (FollowerInfo.java:lambda$new$0(51)) - 24c53ee4-03df-424b-8e99-1fd221f7be60@group-3C3ABBECBF4F->d503967e-137a-4fd9-bc45-44203e981a69: nextIndex: updateUnconditionally 1 -> 0
2019-09-12 06:40:38,308 [java.util.concurrent.ThreadPoolExecutor$Worker@6586fa4d[State = -1, empty queue]] WARN  server.GrpcLogAppender (GrpcLogAppender.java:timeoutAppendRequest(200)) - 5ecf13a7-acad-498a-ad7b-6f285dbc97e2@group-C5E42DFE1AE1->996a256c-fd43-494a-96f3-903b907c5248-GrpcLogAppender: appendEntries Timeout, request=5ecf13a7-acad-498a-ad7b-6f285dbc97e2->996a256c-fd43-494a-96f3-903b907c5248#170-t2, previous=(t:2, i:20), leaderCommit=16, initializing? false, entries: <empty>
2019-09-12 06:40:38,315 [grpc-default-executor-7] WARN  server.GrpcLogAppender (LogUtils.java:warn(134)) - 5ecf13a7-acad-498a-ad7b-6f285dbc97e2@group-C5E42DFE1AE1->e1cdc330-b298-4f7e-9f8c-e697349a5e69-AppendLogResponseHandler: Failed appendEntries: org.apache.ratis.thirdparty.io.grpc.StatusRuntimeException: UNAVAILABLE: io exception
2019-09-12 06:40:38,315 [grpc-default-executor-7] INFO  impl.FollowerInfo (FollowerInfo.java:lambda$new$0(51)) - 5ecf13a7-acad-498a-ad7b-6f285dbc97e2@group-C5E42DFE1AE1->e1cdc330-b298-4f7e-9f8c-e697349a5e69: nextIndex: updateUnconditionally 10 -> 9
2019-09-12 06:40:38,517 [java.util.concurrent.ThreadPoolExecutor$Worker@24fb95e3[State = -1, empty queue]] WARN  server.GrpcLogAppender (GrpcLogAppender.java:timeoutAppendRequest(200)) - 24c53ee4-03df-424b-8e99-1fd221f7be60@group-3C3ABBECBF4F->3ae969e4-2e35-40bf-9e0e-95acae9da5a5-GrpcLogAppender: appendEntries Timeout, request=24c53ee4-03df-424b-8e99-1fd221f7be60->3ae969e4-2e35-40bf-9e0e-95acae9da5a5#171-t2, previous=(t:2, i:20), leaderCommit=16, initializing? false, entries: <empty>
2019-09-12 06:40:38,673 [grpc-default-executor-6] WARN  server.GrpcLogAppender (LogUtils.java:warn(134)) - 24c53ee4-03df-424b-8e99-1fd221f7be60@group-3C3ABBECBF4F->d503967e-137a-4fd9-bc45-44203e981a69-AppendLogResponseHandler: Failed appendEntries: org.apache.ratis.thirdparty.io.grpc.StatusRuntimeException: UNAVAILABLE: io exception
2019-09-12 06:40:38,673 [grpc-default-executor-6] INFO  impl.FollowerInfo (FollowerInfo.java:lambda$new$0(51)) - 24c53ee4-03df-424b-8e99-1fd221f7be60@group-3C3ABBECBF4F->d503967e-137a-4fd9-bc45-44203e981a69: nextIndex: updateUnconditionally 0 -> 0
2019-09-12 06:40:38,808 [java.util.concurrent.ThreadPoolExecutor$Worker@6586fa4d[State = -1, empty queue]] WARN  server.GrpcLogAppender (GrpcLogAppender.java:timeoutAppendRequest(200)) - 5ecf13a7-acad-498a-ad7b-6f285dbc97e2@group-C5E42DFE1AE1->996a256c-fd43-494a-96f3-903b907c5248-GrpcLogAppender: appendEntries Timeout, request=5ecf13a7-acad-498a-ad7b-6f285dbc97e2->996a256c-fd43-494a-96f3-903b907c5248#171-t2, previous=(t:2, i:20), leaderCommit=16, initializing? false, entries: <empty>
2019-09-12 06:40:38,815 [grpc-default-executor-7] WARN  server.GrpcLogAppender (LogUtils.java:warn(134)) - 5ecf13a7-acad-498a-ad7b-6f285dbc97e2@group-C5E42DFE1AE1->e1cdc330-b298-4f7e-9f8c-e697349a5e69-AppendLogResponseHandler: Failed appendEntries: org.apache.ratis.thirdparty.io.grpc.StatusRuntimeException: UNAVAILABLE: io exception
2019-09-12 06:40:38,816 [grpc-default-executor-7] INFO  impl.FollowerInfo (FollowerInfo.java:lambda$new$0(51)) - 5ecf13a7-acad-498a-ad7b-6f285dbc97e2@group-C5E42DFE1AE1->e1cdc330-b298-4f7e-9f8c-e697349a5e69: nextIndex: updateUnconditionally 9 -> 8
2019-09-12 06:40:39,018 [java.util.concurrent.ThreadPoolExecutor$Worker@24fb95e3[State = -1, empty queue]] WARN  server.GrpcLogAppender (GrpcLogAppender.java:timeoutAppendRequest(200)) - 24c53ee4-03df-424b-8e99-1fd221f7be60@group-3C3ABBECBF4F->3ae969e4-2e35-40bf-9e0e-95acae9da5a5-GrpcLogAppender: appendEntries Timeout, request=24c53ee4-03df-424b-8e99-1fd221f7be60->3ae969e4-2e35-40bf-9e0e-95acae9da5a5#172-t2, previous=(t:2, i:20), leaderCommit=16, initializing? false, entries: <empty>
2019-09-12 06:40:39,175 [grpc-default-executor-7] WARN  server.GrpcLogAppender (LogUtils.java:warn(134)) - 24c53ee4-03df-424b-8e99-1fd221f7be60@group-3C3ABBECBF4F->d503967e-137a-4fd9-bc45-44203e981a69-AppendLogResponseHandler: Failed appendEntries: org.apache.ratis.thirdparty.io.grpc.StatusRuntimeException: UNAVAILABLE: io exception
2019-09-12 06:40:39,175 [grpc-default-executor-7] INFO  impl.FollowerInfo (FollowerInfo.java:lambda$new$0(51)) - 24c53ee4-03df-424b-8e99-1fd221f7be60@group-3C3ABBECBF4F->d503967e-137a-4fd9-bc45-44203e981a69: nextIndex: updateUnconditionally 0 -> 0
2019-09-12 06:40:39,309 [java.util.concurrent.ThreadPoolExecutor$Worker@6586fa4d[State = -1, empty queue]] WARN  server.GrpcLogAppender (GrpcLogAppender.java:timeoutAppendRequest(200)) - 5ecf13a7-acad-498a-ad7b-6f285dbc97e2@group-C5E42DFE1AE1->996a256c-fd43-494a-96f3-903b907c5248-GrpcLogAppender: appendEntries Timeout, request=5ecf13a7-acad-498a-ad7b-6f285dbc97e2->996a256c-fd43-494a-96f3-903b907c5248#172-t2, previous=(t:2, i:20), leaderCommit=16, initializing? false, entries: <empty>
2019-09-12 06:40:39,317 [grpc-default-executor-12] WARN  server.GrpcLogAppender (LogUtils.java:warn(134)) - 5ecf13a7-acad-498a-ad7b-6f285dbc97e2@group-C5E42DFE1AE1->e1cdc330-b298-4f7e-9f8c-e697349a5e69-AppendLogResponseHandler: Failed appendEntries: org.apache.ratis.thirdparty.io.grpc.StatusRuntimeException: UNAVAILABLE: io exception
2019-09-12 06:40:39,317 [grpc-default-executor-12] INFO  impl.FollowerInfo (FollowerInfo.java:lambda$new$0(51)) - 5ecf13a7-acad-498a-ad7b-6f285dbc97e2@group-C5E42DFE1AE1->e1cdc330-b298-4f7e-9f8c-e697349a5e69: nextIndex: updateUnconditionally 8 -> 7
2019-09-12 06:40:39,518 [java.util.concurrent.ThreadPoolExecutor$Worker@24fb95e3[State = -1, empty queue]] WARN  server.GrpcLogAppender (GrpcLogAppender.java:timeoutAppendRequest(200)) - 24c53ee4-03df-424b-8e99-1fd221f7be60@group-3C3ABBECBF4F->3ae969e4-2e35-40bf-9e0e-95acae9da5a5-GrpcLogAppender: appendEntries Timeout, request=24c53ee4-03df-424b-8e99-1fd221f7be60->3ae969e4-2e35-40bf-9e0e-95acae9da5a5#173-t2, previous=(t:2, i:20), leaderCommit=16, initializing? false, entries: <empty>
2019-09-12 06:40:39,674 [grpc-default-executor-6] WARN  server.GrpcLogAppender (LogUtils.java:warn(134)) - 24c53ee4-03df-424b-8e99-1fd221f7be60@group-3C3ABBECBF4F->d503967e-137a-4fd9-bc45-44203e981a69-AppendLogResponseHandler: Failed appendEntries: org.apache.ratis.thirdparty.io.grpc.StatusRuntimeException: UNAVAILABLE: io exception
2019-09-12 06:40:39,675 [grpc-default-executor-6] INFO  impl.FollowerInfo (FollowerInfo.java:lambda$new$0(51)) - 24c53ee4-03df-424b-8e99-1fd221f7be60@group-3C3ABBECBF4F->d503967e-137a-4fd9-bc45-44203e981a69: nextIndex: updateUnconditionally 0 -> 0
2019-09-12 06:40:39,784 [main] INFO  ozoneimpl.OzoneContainer (OzoneContainer.java:stop(231)) - Attempting to stop container services.
2019-09-12 06:40:39,785 [main] INFO  impl.RaftServerProxy (RaftServerProxy.java:lambda$close$4(314)) - 24c53ee4-03df-424b-8e99-1fd221f7be60: close
2019-09-12 06:40:39,786 [main] INFO  impl.RaftServerImpl (RaftServerImpl.java:lambda$shutdown$3(251)) - 24c53ee4-03df-424b-8e99-1fd221f7be60@group-33659DE75C71: shutdown
2019-09-12 06:40:39,786 [main] INFO  util.JmxRegister (JmxRegister.java:unregister(73)) - Successfully un-registered JMX Bean with object name Ratis:service=RaftServer,group=group-33659DE75C71,id=24c53ee4-03df-424b-8e99-1fd221f7be60
2019-09-12 06:40:39,787 [main] INFO  impl.RoleInfo (RoleInfo.java:shutdownLeaderState(104)) - 24c53ee4-03df-424b-8e99-1fd221f7be60: shutdown LeaderState
2019-09-12 06:40:39,787 [main] INFO  impl.PendingRequests (PendingRequests.java:sendNotLeaderResponses(202)) - 24c53ee4-03df-424b-8e99-1fd221f7be60-PendingRequests: sendNotLeaderResponses
2019-09-12 06:40:39,788 [main] INFO  impl.StateMachineUpdater (StateMachineUpdater.java:stopAndJoin(125)) - 24c53ee4-03df-424b-8e99-1fd221f7be60@group-33659DE75C71-StateMachineUpdater: set stopIndex = 0
2019-09-12 06:40:39,789 [main] INFO  impl.RaftServerImpl (ServerState.java:close(385)) - 24c53ee4-03df-424b-8e99-1fd221f7be60@group-33659DE75C71: closes. applyIndex: 0
2019-09-12 06:40:39,789 [24c53ee4-03df-424b-8e99-1fd221f7be60@group-33659DE75C71-SegmentedRaftLogWorker] INFO  segmented.SegmentedRaftLogWorker (SegmentedRaftLogWorker.java:run(313)) - 24c53ee4-03df-424b-8e99-1fd221f7be60@group-33659DE75C71-SegmentedRaftLogWorker was interrupted, exiting. There are 0 tasks remaining in the queue.
2019-09-12 06:40:39,790 [main] INFO  segmented.SegmentedRaftLogWorker (SegmentedRaftLogWorker.java:close(228)) - 24c53ee4-03df-424b-8e99-1fd221f7be60@group-33659DE75C71-SegmentedRaftLogWorker close()
2019-09-12 06:40:39,792 [main] INFO  impl.RaftServerImpl (RaftServerImpl.java:lambda$shutdown$3(251)) - 24c53ee4-03df-424b-8e99-1fd221f7be60@group-3C3ABBECBF4F: shutdown
2019-09-12 06:40:39,792 [main] INFO  util.JmxRegister (JmxRegister.java:unregister(73)) - Successfully un-registered JMX Bean with object name Ratis:service=RaftServer,group=group-3C3ABBECBF4F,id=24c53ee4-03df-424b-8e99-1fd221f7be60
2019-09-12 06:40:39,793 [main] INFO  impl.RoleInfo (RoleInfo.java:shutdownLeaderState(104)) - 24c53ee4-03df-424b-8e99-1fd221f7be60: shutdown LeaderState
2019-09-12 06:40:39,795 [org.apache.ratis.server.impl.LogAppender$AppenderDaemon$$Lambda$528/1164135786@6bdc1957] WARN  server.GrpcLogAppender (GrpcLogAppender.java:mayWait(143)) - 24c53ee4-03df-424b-8e99-1fd221f7be60@group-3C3ABBECBF4F->d503967e-137a-4fd9-bc45-44203e981a69-GrpcLogAppender: Wait interrupted by java.lang.InterruptedException
2019-09-12 06:40:39,795 [org.apache.ratis.server.impl.LogAppender$AppenderDaemon$$Lambda$528/1164135786@8de2f4c] WARN  server.GrpcLogAppender (GrpcLogAppender.java:mayWait(143)) - 24c53ee4-03df-424b-8e99-1fd221f7be60@group-3C3ABBECBF4F->3ae969e4-2e35-40bf-9e0e-95acae9da5a5-GrpcLogAppender: Wait interrupted by java.lang.InterruptedException
2019-09-12 06:40:39,795 [main] INFO  impl.PendingRequests (PendingRequests.java:sendNotLeaderResponses(202)) - 24c53ee4-03df-424b-8e99-1fd221f7be60-PendingRequests: sendNotLeaderResponses
2019-09-12 06:40:39,796 [grpc-default-executor-6] INFO  server.GrpcServerProtocolService (GrpcServerProtocolService.java:onCompleted(113)) - 3ae969e4-2e35-40bf-9e0e-95acae9da5a5: Completed APPEND_ENTRIES, lastRequest: 24c53ee4-03df-424b-8e99-1fd221f7be60->3ae969e4-2e35-40bf-9e0e-95acae9da5a5#179-t2, previous=(t:2, i:20), leaderCommit=16, initializing? false, entries: <empty>
2019-09-12 06:40:39,800 [main] INFO  impl.StateMachineUpdater (StateMachineUpdater.java:stopAndJoin(125)) - 24c53ee4-03df-424b-8e99-1fd221f7be60@group-3C3ABBECBF4F-StateMachineUpdater: set stopIndex = 16
2019-09-12 06:40:39,800 [24c53ee4-03df-424b-8e99-1fd221f7be60@group-3C3ABBECBF4F-StateMachineUpdater] INFO  ratis.ContainerStateMachine (ContainerStateMachine.java:takeSnapshot(289)) - group-3C3ABBECBF4F: Taking a snapshot at:(t:2, i:12) file /workdir/hadoop-ozone/integration-test/target/test-dir/MiniOzoneClusterImpl-37405de7-47da-4aca-9355-033741c24d37/datanode-9/data/ratis/d2999b0e-6ab5-4d00-8298-3c3abbecbf4f/sm/snapshot.2_12
2019-09-12 06:40:39,801 [grpc-default-executor-6] INFO  server.GrpcLogAppender (GrpcLogAppender.java:onCompleted(293)) - 24c53ee4-03df-424b-8e99-1fd221f7be60@group-3C3ABBECBF4F->3ae969e4-2e35-40bf-9e0e-95acae9da5a5-AppendLogResponseHandler: follower responses appendEntries COMPLETED
2019-09-12 06:40:39,801 [grpc-default-executor-6] INFO  impl.FollowerInfo (FollowerInfo.java:lambda$new$0(51)) - 24c53ee4-03df-424b-8e99-1fd221f7be60@group-3C3ABBECBF4F->3ae969e4-2e35-40bf-9e0e-95acae9da5a5: nextIndex: updateUnconditionally 21 -> 17
2019-09-12 06:40:39,804 [24c53ee4-03df-424b-8e99-1fd221f7be60@group-3C3ABBECBF4F-StateMachineUpdater] INFO  ratis.ContainerStateMachine (ContainerStateMachine.java:takeSnapshot(300)) - group-3C3ABBECBF4F: Finished taking a snapshot at:(t:2, i:12) file:/workdir/hadoop-ozone/integration-test/target/test-dir/MiniOzoneClusterImpl-37405de7-47da-4aca-9355-033741c24d37/datanode-9/data/ratis/d2999b0e-6ab5-4d00-8298-3c3abbecbf4f/sm/snapshot.2_12 time:4
2019-09-12 06:40:39,804 [24c53ee4-03df-424b-8e99-1fd221f7be60@group-3C3ABBECBF4F-StateMachineUpdater] INFO  impl.StateMachineUpdater (StateMachineUpdater.java:takeSnapshot(258)) - 24c53ee4-03df-424b-8e99-1fd221f7be60@group-3C3ABBECBF4F-StateMachineUpdater: Took a snapshot at index 12
2019-09-12 06:40:39,804 [24c53ee4-03df-424b-8e99-1fd221f7be60@group-3C3ABBECBF4F-StateMachineUpdater] INFO  impl.StateMachineUpdater (StateMachineUpdater.java:lambda$new$0(83)) - 24c53ee4-03df-424b-8e99-1fd221f7be60@group-3C3ABBECBF4F-StateMachineUpdater: snapshotIndex: updateIncreasingly -1 -> 12
2019-09-12 06:40:39,804 [24c53ee4-03df-424b-8e99-1fd221f7be60@group-3C3ABBECBF4F-StateMachineUpdater] INFO  ratis.ContainerStateMachine (ContainerStateMachine.java:takeSnapshot(289)) - group-3C3ABBECBF4F: Taking a snapshot at:(t:2, i:12) file /workdir/hadoop-ozone/integration-test/target/test-dir/MiniOzoneClusterImpl-37405de7-47da-4aca-9355-033741c24d37/datanode-9/data/ratis/d2999b0e-6ab5-4d00-8298-3c3abbecbf4f/sm/snapshot.2_12
2019-09-12 06:40:39,809 [java.util.concurrent.ThreadPoolExecutor$Worker@6586fa4d[State = -1, empty queue]] WARN  server.GrpcLogAppender (GrpcLogAppender.java:timeoutAppendRequest(200)) - 5ecf13a7-acad-498a-ad7b-6f285dbc97e2@group-C5E42DFE1AE1->996a256c-fd43-494a-96f3-903b907c5248-GrpcLogAppender: appendEntries Timeout, request=5ecf13a7-acad-498a-ad7b-6f285dbc97e2->996a256c-fd43-494a-96f3-903b907c5248#173-t2, previous=(t:2, i:20), leaderCommit=16, initializing? false, entries: <empty>
2019-09-12 06:40:39,816 [24c53ee4-03df-424b-8e99-1fd221f7be60@group-3C3ABBECBF4F-StateMachineUpdater] INFO  ratis.ContainerStateMachine (ContainerStateMachine.java:takeSnapshot(300)) - group-3C3ABBECBF4F: Finished taking a snapshot at:(t:2, i:12) file:/workdir/hadoop-ozone/integration-test/target/test-dir/MiniOzoneClusterImpl-37405de7-47da-4aca-9355-033741c24d37/datanode-9/data/ratis/d2999b0e-6ab5-4d00-8298-3c3abbecbf4f/sm/snapshot.2_12 time:12
2019-09-12 06:40:39,817 [24c53ee4-03df-424b-8e99-1fd221f7be60@group-3C3ABBECBF4F-StateMachineUpdater] INFO  impl.StateMachineUpdater (StateMachineUpdater.java:takeSnapshot(258)) - 24c53ee4-03df-424b-8e99-1fd221f7be60@group-3C3ABBECBF4F-StateMachineUpdater: Took a snapshot at index 12
2019-09-12 06:40:39,817 [grpc-default-executor-7] WARN  server.GrpcLogAppender (LogUtils.java:warn(134)) - 5ecf13a7-acad-498a-ad7b-6f285dbc97e2@group-C5E42DFE1AE1->e1cdc330-b298-4f7e-9f8c-e697349a5e69-AppendLogResponseHandler: Failed appendEntries: org.apache.ratis.thirdparty.io.grpc.StatusRuntimeException: UNAVAILABLE: io exception
2019-09-12 06:40:39,817 [24c53ee4-03df-424b-8e99-1fd221f7be60@group-3C3ABBECBF4F-StateMachineUpdater] INFO  impl.StateMachineUpdater (StateMachineUpdater.java:lambda$new$0(83)) - 24c53ee4-03df-424b-8e99-1fd221f7be60@group-3C3ABBECBF4F-StateMachineUpdater: snapshotIndex: updateIncreasingly 12 -> 12
2019-09-12 06:40:39,817 [grpc-default-executor-7] INFO  impl.FollowerInfo (FollowerInfo.java:lambda$new$0(51)) - 5ecf13a7-acad-498a-ad7b-6f285dbc97e2@group-C5E42DFE1AE1->e1cdc330-b298-4f7e-9f8c-e697349a5e69: nextIndex: updateUnconditionally 7 -> 6
2019-09-12 06:40:39,817 [main] INFO  impl.RaftServerImpl (ServerState.java:close(385)) - 24c53ee4-03df-424b-8e99-1fd221f7be60@group-3C3ABBECBF4F: closes. applyIndex: 16
2019-09-12 06:40:39,819 [24c53ee4-03df-424b-8e99-1fd221f7be60@group-3C3ABBECBF4F-SegmentedRaftLogWorker] ERROR ratis.XceiverServerRatis (XceiverServerRatis.java:triggerPipelineClose(568)) - pipeline Action CLOSE  on pipeline PipelineID=d2999b0e-6ab5-4d00-8298-3c3abbecbf4f.Reason : WriteLog:17: (t:2, i:17), STATEMACHINELOGENTRY, client-8B9783ACE8AA, cid=39-writeStateMachineData interrupted.
2019-09-12 06:40:39,819 [main] INFO  segmented.SegmentedRaftLogWorker (SegmentedRaftLogWorker.java:close(228)) - 24c53ee4-03df-424b-8e99-1fd221f7be60@group-3C3ABBECBF4F-SegmentedRaftLogWorker close()
2019-09-12 06:40:39,821 [main] INFO  server.GrpcService (GrpcService.java:closeImpl(164)) - 24c53ee4-03df-424b-8e99-1fd221f7be60: shutdown server with port 44173 now
2019-09-12 06:40:39,822 [main] INFO  server.GrpcService (GrpcService.java:closeImpl(172)) - 24c53ee4-03df-424b-8e99-1fd221f7be60: shutdown server with port 44173 successfully
2019-09-12 06:40:39,824 [refreshUsed-/workdir/hadoop-ozone/integration-test/target/test-dir/MiniOzoneClusterImpl-37405de7-47da-4aca-9355-033741c24d37/datanode-9/data/containers] WARN  fs.CachingGetSpaceUsed (CachingGetSpaceUsed.java:run(183)) - Thread Interrupted waiting to refresh disk information: sleep interrupted
2019-09-12 06:40:39,843 [ForkJoinPool.commonPool-worker-1] INFO  ozoneimpl.OzoneContainer (OzoneContainer.java:stop(231)) - Attempting to stop container services.
2019-09-12 06:40:39,843 [ForkJoinPool.commonPool-worker-1] INFO  impl.RaftServerProxy (RaftServerProxy.java:lambda$close$4(314)) - 5ecf13a7-acad-498a-ad7b-6f285dbc97e2: close
2019-09-12 06:40:39,844 [ForkJoinPool.commonPool-worker-1] INFO  impl.RaftServerImpl (RaftServerImpl.java:lambda$shutdown$3(251)) - 5ecf13a7-acad-498a-ad7b-6f285dbc97e2@group-82268D16D026: shutdown
2019-09-12 06:40:39,844 [ForkJoinPool.commonPool-worker-1] INFO  util.JmxRegister (JmxRegister.java:unregister(73)) - Successfully un-registered JMX Bean with object name Ratis:service=RaftServer,group=group-82268D16D026,id=5ecf13a7-acad-498a-ad7b-6f285dbc97e2
2019-09-12 06:40:39,844 [ForkJoinPool.commonPool-worker-1] INFO  impl.RoleInfo (RoleInfo.java:shutdownLeaderState(104)) - 5ecf13a7-acad-498a-ad7b-6f285dbc97e2: shutdown LeaderState
2019-09-12 06:40:39,845 [ForkJoinPool.commonPool-worker-1] INFO  impl.PendingRequests (PendingRequests.java:sendNotLeaderResponses(202)) - 5ecf13a7-acad-498a-ad7b-6f285dbc97e2-PendingRequests: sendNotLeaderResponses
2019-09-12 06:40:39,845 [ForkJoinPool.commonPool-worker-1] INFO  impl.StateMachineUpdater (StateMachineUpdater.java:stopAndJoin(125)) - 5ecf13a7-acad-498a-ad7b-6f285dbc97e2@group-82268D16D026-StateMachineUpdater: set stopIndex = 0
2019-09-12 06:40:39,846 [ForkJoinPool.commonPool-worker-1] INFO  impl.RaftServerImpl (ServerState.java:close(385)) - 5ecf13a7-acad-498a-ad7b-6f285dbc97e2@group-82268D16D026: closes. applyIndex: 0
2019-09-12 06:40:39,846 [main] INFO  utils.BackgroundService (BackgroundService.java:shutdown(148)) - Shutting down service BlockDeletingService
2019-09-12 06:40:39,846 [5ecf13a7-acad-498a-ad7b-6f285dbc97e2@group-82268D16D026-SegmentedRaftLogWorker] INFO  segmented.SegmentedRaftLogWorker (SegmentedRaftLogWorker.java:run(313)) - 5ecf13a7-acad-498a-ad7b-6f285dbc97e2@group-82268D16D026-SegmentedRaftLogWorker was interrupted, exiting. There are 0 tasks remaining in the queue.
2019-09-12 06:40:39,846 [ForkJoinPool.commonPool-worker-1] INFO  segmented.SegmentedRaftLogWorker (SegmentedRaftLogWorker.java:close(228)) - 5ecf13a7-acad-498a-ad7b-6f285dbc97e2@group-82268D16D026-SegmentedRaftLogWorker close()
2019-09-12 06:40:39,851 [main] INFO  statemachine.DatanodeStateMachine (DatanodeStateMachine.java:stopDaemon(395)) - Ozone container server stopped.
2019-09-12 06:40:39,851 [ForkJoinPool.commonPool-worker-1] INFO  impl.RaftServerImpl (RaftServerImpl.java:lambda$shutdown$3(251)) - 5ecf13a7-acad-498a-ad7b-6f285dbc97e2@group-C5E42DFE1AE1: shutdown
2019-09-12 06:40:39,852 [ForkJoinPool.commonPool-worker-1] INFO  util.JmxRegister (JmxRegister.java:unregister(73)) - Successfully un-registered JMX Bean with object name Ratis:service=RaftServer,group=group-C5E42DFE1AE1,id=5ecf13a7-acad-498a-ad7b-6f285dbc97e2
2019-09-12 06:40:39,852 [ForkJoinPool.commonPool-worker-1] INFO  impl.RoleInfo (RoleInfo.java:shutdownLeaderState(104)) - 5ecf13a7-acad-498a-ad7b-6f285dbc97e2: shutdown LeaderState
2019-09-12 06:40:39,854 [ForkJoinPool.commonPool-worker-1] INFO  impl.PendingRequests (PendingRequests.java:sendNotLeaderResponses(202)) - 5ecf13a7-acad-498a-ad7b-6f285dbc97e2-PendingRequests: sendNotLeaderResponses
2019-09-12 06:40:39,854 [org.apache.ratis.server.impl.LogAppender$AppenderDaemon$$Lambda$528/1164135786@61d5bb76] WARN  server.GrpcLogAppender (GrpcLogAppender.java:mayWait(143)) - 5ecf13a7-acad-498a-ad7b-6f285dbc97e2@group-C5E42DFE1AE1->996a256c-fd43-494a-96f3-903b907c5248-GrpcLogAppender: Wait interrupted by java.lang.InterruptedException
2019-09-12 06:40:39,854 [org.apache.ratis.server.impl.LogAppender$AppenderDaemon$$Lambda$528/1164135786@7ad19538] WARN  server.GrpcLogAppender (GrpcLogAppender.java:mayWait(143)) - 5ecf13a7-acad-498a-ad7b-6f285dbc97e2@group-C5E42DFE1AE1->e1cdc330-b298-4f7e-9f8c-e697349a5e69-GrpcLogAppender: Wait interrupted by java.lang.InterruptedException
2019-09-12 06:40:39,854 [main] INFO  handler.ContextHandler (ContextHandler.java:doStop(910)) - Stopped o.e.j.w.WebAppContext@26bbe604{/,null,UNAVAILABLE}{/hddsDatanode}
2019-09-12 06:40:39,855 [grpc-default-executor-7] INFO  server.GrpcServerProtocolService (GrpcServerProtocolService.java:onCompleted(113)) - 996a256c-fd43-494a-96f3-903b907c5248: Completed APPEND_ENTRIES, lastRequest: 5ecf13a7-acad-498a-ad7b-6f285dbc97e2->996a256c-fd43-494a-96f3-903b907c5248#179-t2, previous=(t:2, i:20), leaderCommit=16, initializing? false, entries: <empty>
2019-09-12 06:40:39,857 [ForkJoinPool.commonPool-worker-1] INFO  impl.StateMachineUpdater (StateMachineUpdater.java:stopAndJoin(125)) - 5ecf13a7-acad-498a-ad7b-6f285dbc97e2@group-C5E42DFE1AE1-StateMachineUpdater: set stopIndex = 16
2019-09-12 06:40:39,857 [5ecf13a7-acad-498a-ad7b-6f285dbc97e2@group-C5E42DFE1AE1-StateMachineUpdater] INFO  ratis.ContainerStateMachine (ContainerStateMachine.java:takeSnapshot(289)) - group-C5E42DFE1AE1: Taking a snapshot at:(t:2, i:15) file /workdir/hadoop-ozone/integration-test/target/test-dir/MiniOzoneClusterImpl-37405de7-47da-4aca-9355-033741c24d37/datanode-4/data/ratis/6e0c92e2-c840-41d7-8bdb-c5e42dfe1ae1/sm/snapshot.2_15
2019-09-12 06:40:39,857 [main] INFO  server.AbstractConnector (AbstractConnector.java:doStop(318)) - Stopped ServerConnector@fe34b86{HTTP/1.1,[http/1.1]}{0.0.0.0:0}
2019-09-12 06:40:39,857 [grpc-default-executor-7] INFO  server.GrpcLogAppender (GrpcLogAppender.java:onCompleted(293)) - 5ecf13a7-acad-498a-ad7b-6f285dbc97e2@group-C5E42DFE1AE1->996a256c-fd43-494a-96f3-903b907c5248-AppendLogResponseHandler: follower responses appendEntries COMPLETED
2019-09-12 06:40:39,857 [main] INFO  handler.ContextHandler (ContextHandler.java:doStop(910)) - Stopped o.e.j.s.ServletContextHandler@136965e3{/static,jar:file:/home/user/.m2/repository/org/apache/hadoop/hadoop-hdds-container-service/0.5.0-SNAPSHOT/hadoop-hdds-container-service-0.5.0-SNAPSHOT.jar!/webapps/static,UNAVAILABLE}
2019-09-12 06:40:39,858 [grpc-default-executor-7] INFO  impl.FollowerInfo (FollowerInfo.java:lambda$new$0(51)) - 5ecf13a7-acad-498a-ad7b-6f285dbc97e2@group-C5E42DFE1AE1->996a256c-fd43-494a-96f3-903b907c5248: nextIndex: updateUnconditionally 21 -> 17
2019-09-12 06:40:39,858 [main] INFO  handler.ContextHandler (ContextHandler.java:doStop(910)) - Stopped o.e.j.s.ServletContextHandler@5578be42{/logs,file:///workdir/hadoop-ozone/integration-test/target/log,UNAVAILABLE}
2019-09-12 06:40:39,872 [5ecf13a7-acad-498a-ad7b-6f285dbc97e2@group-C5E42DFE1AE1-StateMachineUpdater] INFO  ratis.ContainerStateMachine (ContainerStateMachine.java:takeSnapshot(300)) - group-C5E42DFE1AE1: Finished taking a snapshot at:(t:2, i:15) file:/workdir/hadoop-ozone/integration-test/target/test-dir/MiniOzoneClusterImpl-37405de7-47da-4aca-9355-033741c24d37/datanode-4/data/ratis/6e0c92e2-c840-41d7-8bdb-c5e42dfe1ae1/sm/snapshot.2_15 time:15
2019-09-12 06:40:39,872 [5ecf13a7-acad-498a-ad7b-6f285dbc97e2@group-C5E42DFE1AE1-StateMachineUpdater] INFO  impl.StateMachineUpdater (StateMachineUpdater.java:takeSnapshot(258)) - 5ecf13a7-acad-498a-ad7b-6f285dbc97e2@group-C5E42DFE1AE1-StateMachineUpdater: Took a snapshot at index 15
2019-09-12 06:40:39,872 [5ecf13a7-acad-498a-ad7b-6f285dbc97e2@group-C5E42DFE1AE1-StateMachineUpdater] INFO  impl.StateMachineUpdater (StateMachineUpdater.java:lambda$new$0(83)) - 5ecf13a7-acad-498a-ad7b-6f285dbc97e2@group-C5E42DFE1AE1-StateMachineUpdater: snapshotIndex: updateIncreasingly -1 -> 15
2019-09-12 06:40:39,872 [5ecf13a7-acad-498a-ad7b-6f285dbc97e2@group-C5E42DFE1AE1-StateMachineUpdater] INFO  ratis.ContainerStateMachine (ContainerStateMachine.java:takeSnapshot(289)) - group-C5E42DFE1AE1: Taking a snapshot at:(t:2, i:15) file /workdir/hadoop-ozone/integration-test/target/test-dir/MiniOzoneClusterImpl-37405de7-47da-4aca-9355-033741c24d37/datanode-4/data/ratis/6e0c92e2-c840-41d7-8bdb-c5e42dfe1ae1/sm/snapshot.2_15
2019-09-12 06:40:39,875 [5ecf13a7-acad-498a-ad7b-6f285dbc97e2@group-C5E42DFE1AE1-StateMachineUpdater] INFO  ratis.ContainerStateMachine (ContainerStateMachine.java:takeSnapshot(300)) - group-C5E42DFE1AE1: Finished taking a snapshot at:(t:2, i:15) file:/workdir/hadoop-ozone/integration-test/target/test-dir/MiniOzoneClusterImpl-37405de7-47da-4aca-9355-033741c24d37/datanode-4/data/ratis/6e0c92e2-c840-41d7-8bdb-c5e42dfe1ae1/sm/snapshot.2_15 time:3
2019-09-12 06:40:39,875 [5ecf13a7-acad-498a-ad7b-6f285dbc97e2@group-C5E42DFE1AE1-StateMachineUpdater] INFO  impl.StateMachineUpdater (StateMachineUpdater.java:takeSnapshot(258)) - 5ecf13a7-acad-498a-ad7b-6f285dbc97e2@group-C5E42DFE1AE1-StateMachineUpdater: Took a snapshot at index 15
2019-09-12 06:40:39,875 [5ecf13a7-acad-498a-ad7b-6f285dbc97e2@group-C5E42DFE1AE1-StateMachineUpdater] INFO  impl.StateMachineUpdater (StateMachineUpdater.java:lambda$new$0(83)) - 5ecf13a7-acad-498a-ad7b-6f285dbc97e2@group-C5E42DFE1AE1-StateMachineUpdater: snapshotIndex: updateIncreasingly 15 -> 15
2019-09-12 06:40:39,875 [ForkJoinPool.commonPool-worker-1] INFO  impl.RaftServerImpl (ServerState.java:close(385)) - 5ecf13a7-acad-498a-ad7b-6f285dbc97e2@group-C5E42DFE1AE1: closes. applyIndex: 16
2019-09-12 06:40:39,877 [5ecf13a7-acad-498a-ad7b-6f285dbc97e2@group-C5E42DFE1AE1-SegmentedRaftLogWorker] ERROR ratis.XceiverServerRatis (XceiverServerRatis.java:triggerPipelineClose(568)) - pipeline Action CLOSE  on pipeline PipelineID=6e0c92e2-c840-41d7-8bdb-c5e42dfe1ae1.Reason : WriteLog:17: (t:2, i:17), STATEMACHINELOGENTRY, client-C89BF4EDCA02, cid=52-writeStateMachineData interrupted.
2019-09-12 06:40:39,877 [ForkJoinPool.commonPool-worker-1] INFO  segmented.SegmentedRaftLogWorker (SegmentedRaftLogWorker.java:close(228)) - 5ecf13a7-acad-498a-ad7b-6f285dbc97e2@group-C5E42DFE1AE1-SegmentedRaftLogWorker close()
2019-09-12 06:40:39,878 [ForkJoinPool.commonPool-worker-1] INFO  server.GrpcService (GrpcService.java:closeImpl(164)) - 5ecf13a7-acad-498a-ad7b-6f285dbc97e2: shutdown server with port 41223 now
2019-09-12 06:40:39,879 [ForkJoinPool.commonPool-worker-1] INFO  server.GrpcService (GrpcService.java:closeImpl(172)) - 5ecf13a7-acad-498a-ad7b-6f285dbc97e2: shutdown server with port 41223 successfully
2019-09-12 06:40:39,881 [refreshUsed-/workdir/hadoop-ozone/integration-test/target/test-dir/MiniOzoneClusterImpl-37405de7-47da-4aca-9355-033741c24d37/datanode-4/data/containers] WARN  fs.CachingGetSpaceUsed (CachingGetSpaceUsed.java:run(183)) - Thread Interrupted waiting to refresh disk information: sleep interrupted
2019-09-12 06:40:39,897 [ForkJoinPool.commonPool-worker-1] INFO  utils.BackgroundService (BackgroundService.java:shutdown(148)) - Shutting down service BlockDeletingService
2019-09-12 06:40:39,899 [ForkJoinPool.commonPool-worker-1] INFO  statemachine.DatanodeStateMachine (DatanodeStateMachine.java:stopDaemon(395)) - Ozone container server stopped.
2019-09-12 06:40:39,902 [ForkJoinPool.commonPool-worker-1] INFO  handler.ContextHandler (ContextHandler.java:doStop(910)) - Stopped o.e.j.w.WebAppContext@38ed139b{/,null,UNAVAILABLE}{/hddsDatanode}
2019-09-12 06:40:39,902 [ForkJoinPool.commonPool-worker-1] INFO  server.AbstractConnector (AbstractConnector.java:doStop(318)) - Stopped ServerConnector@a5272be{HTTP/1.1,[http/1.1]}{0.0.0.0:0}
2019-09-12 06:40:39,902 [Datanode State Machine Thread - 0] INFO  statemachine.DatanodeStateMachine (DatanodeStateMachine.java:lambda$startDaemon$0(350)) - Ozone container server started.
2019-09-12 06:40:39,904 [ForkJoinPool.commonPool-worker-1] INFO  handler.ContextHandler (ContextHandler.java:doStop(910)) - Stopped o.e.j.s.ServletContextHandler@6c0e13b7{/static,jar:file:/home/user/.m2/repository/org/apache/hadoop/hadoop-hdds-container-service/0.5.0-SNAPSHOT/hadoop-hdds-container-service-0.5.0-SNAPSHOT.jar!/webapps/static,UNAVAILABLE}
2019-09-12 06:40:39,905 [ForkJoinPool.commonPool-worker-1] INFO  handler.ContextHandler (ContextHandler.java:doStop(910)) - Stopped o.e.j.s.ServletContextHandler@77a074b4{/logs,file:///workdir/hadoop-ozone/integration-test/target/log,UNAVAILABLE}
2019-09-12 06:40:40,751 [3ae969e4-2e35-40bf-9e0e-95acae9da5a5@group-3C3ABBECBF4F-SegmentedRaftLogWorker] WARN  segmented.SegmentedRaftLogWorker (SegmentedRaftLogWorker.java:getFromFuture(90)) - Timeout 7/~
org.apache.ratis.protocol.TimeoutIOException: Timeout 10s: WriteLog:17: (t:2, i:17), STATEMACHINELOGENTRY, client-8B9783ACE8AA, cid=39-writeStateMachineData
	at org.apache.ratis.util.IOUtils.getFromFuture(IOUtils.java:87)
	at org.apache.ratis.server.raftlog.segmented.SegmentedRaftLogWorker$StateMachineDataPolicy.getFromFuture(SegmentedRaftLogWorker.java:87)
	at org.apache.ratis.server.raftlog.segmented.SegmentedRaftLogWorker$WriteLog.execute(SegmentedRaftLogWorker.java:477)
	at org.apache.ratis.server.raftlog.segmented.SegmentedRaftLogWorker.run(SegmentedRaftLogWorker.java:289)
	at java.lang.Thread.run(Thread.java:748)
Caused by: java.util.concurrent.TimeoutException
	at java.util.concurrent.CompletableFuture.timedGet(CompletableFuture.java:1771)
	at java.util.concurrent.CompletableFuture.get(CompletableFuture.java:1915)
	at org.apache.ratis.util.IOUtils.getFromFuture(IOUtils.java:79)
	... 4 more
2019-09-12 06:40:44,776 [996a256c-fd43-494a-96f3-903b907c5248@group-C5E42DFE1AE1-SegmentedRaftLogWorker] WARN  segmented.SegmentedRaftLogWorker (SegmentedRaftLogWorker.java:getFromFuture(90)) - Timeout 5/~
org.apache.ratis.protocol.TimeoutIOException: Timeout 10s: WriteLog:17: (t:2, i:17), STATEMACHINELOGENTRY, client-C89BF4EDCA02, cid=52-writeStateMachineData
	at org.apache.ratis.util.IOUtils.getFromFuture(IOUtils.java:87)
	at org.apache.ratis.server.raftlog.segmented.SegmentedRaftLogWorker$StateMachineDataPolicy.getFromFuture(SegmentedRaftLogWorker.java:87)
	at org.apache.ratis.server.raftlog.segmented.SegmentedRaftLogWorker$WriteLog.execute(SegmentedRaftLogWorker.java:477)
	at org.apache.ratis.server.raftlog.segmented.SegmentedRaftLogWorker.run(SegmentedRaftLogWorker.java:289)
	at java.lang.Thread.run(Thread.java:748)
Caused by: java.util.concurrent.TimeoutException
	at java.util.concurrent.CompletableFuture.timedGet(CompletableFuture.java:1771)
	at java.util.concurrent.CompletableFuture.get(CompletableFuture.java:1915)
	at org.apache.ratis.util.IOUtils.getFromFuture(IOUtils.java:79)
	... 4 more
2019-09-12 06:40:44,860 [main] INFO  ozoneimpl.OzoneContainer (OzoneContainer.java:stop(231)) - Attempting to stop container services.
2019-09-12 06:40:44,861 [main] INFO  impl.RaftServerProxy (RaftServerProxy.java:lambda$close$4(314)) - 996a256c-fd43-494a-96f3-903b907c5248: close
2019-09-12 06:40:44,861 [main] INFO  impl.RaftServerImpl (RaftServerImpl.java:lambda$shutdown$3(251)) - 996a256c-fd43-494a-96f3-903b907c5248@group-74C3AED4701A: shutdown
2019-09-12 06:40:44,861 [ForkJoinPool.commonPool-worker-0] INFO  impl.RaftServerImpl (RaftServerImpl.java:lambda$shutdown$3(251)) - 996a256c-fd43-494a-96f3-903b907c5248@group-C5E42DFE1AE1: shutdown
2019-09-12 06:40:44,862 [main] INFO  util.JmxRegister (JmxRegister.java:unregister(73)) - Successfully un-registered JMX Bean with object name Ratis:service=RaftServer,group=group-74C3AED4701A,id=996a256c-fd43-494a-96f3-903b907c5248
2019-09-12 06:40:44,862 [ForkJoinPool.commonPool-worker-0] INFO  util.JmxRegister (JmxRegister.java:unregister(73)) - Successfully un-registered JMX Bean with object name Ratis:service=RaftServer,group=group-C5E42DFE1AE1,id=996a256c-fd43-494a-96f3-903b907c5248
2019-09-12 06:40:44,863 [main] INFO  impl.RoleInfo (RoleInfo.java:shutdownLeaderState(104)) - 996a256c-fd43-494a-96f3-903b907c5248: shutdown LeaderState
2019-09-12 06:40:44,863 [ForkJoinPool.commonPool-worker-0] INFO  impl.RoleInfo (RoleInfo.java:shutdownFollowerState(121)) - 996a256c-fd43-494a-96f3-903b907c5248: shutdown FollowerState
2019-09-12 06:40:44,864 [ForkJoinPool.commonPool-worker-0] INFO  impl.StateMachineUpdater (StateMachineUpdater.java:stopAndJoin(125)) - 996a256c-fd43-494a-96f3-903b907c5248@group-C5E42DFE1AE1-StateMachineUpdater: set stopIndex = 16
2019-09-12 06:40:44,864 [Thread-425] INFO  impl.FollowerState (FollowerState.java:run(115)) - 996a256c-fd43-494a-96f3-903b907c5248: FollowerState was interrupted: java.lang.InterruptedException: sleep interrupted
2019-09-12 06:40:44,864 [996a256c-fd43-494a-96f3-903b907c5248@group-C5E42DFE1AE1-StateMachineUpdater] INFO  ratis.ContainerStateMachine (ContainerStateMachine.java:takeSnapshot(289)) - group-C5E42DFE1AE1: Taking a snapshot at:(t:2, i:12) file /workdir/hadoop-ozone/integration-test/target/test-dir/MiniOzoneClusterImpl-37405de7-47da-4aca-9355-033741c24d37/datanode-0/data/ratis/6e0c92e2-c840-41d7-8bdb-c5e42dfe1ae1/sm/snapshot.2_12
2019-09-12 06:40:44,864 [main] INFO  impl.PendingRequests (PendingRequests.java:sendNotLeaderResponses(202)) - 996a256c-fd43-494a-96f3-903b907c5248-PendingRequests: sendNotLeaderResponses
2019-09-12 06:40:44,865 [main] INFO  impl.StateMachineUpdater (StateMachineUpdater.java:stopAndJoin(125)) - 996a256c-fd43-494a-96f3-903b907c5248@group-74C3AED4701A-StateMachineUpdater: set stopIndex = 0
2019-09-12 06:40:44,865 [main] INFO  impl.RaftServerImpl (ServerState.java:close(385)) - 996a256c-fd43-494a-96f3-903b907c5248@group-74C3AED4701A: closes. applyIndex: 0
2019-09-12 06:40:44,866 [996a256c-fd43-494a-96f3-903b907c5248@group-74C3AED4701A-SegmentedRaftLogWorker] INFO  segmented.SegmentedRaftLogWorker (SegmentedRaftLogWorker.java:run(313)) - 996a256c-fd43-494a-96f3-903b907c5248@group-74C3AED4701A-SegmentedRaftLogWorker was interrupted, exiting. There are 0 tasks remaining in the queue.
2019-09-12 06:40:44,867 [main] INFO  segmented.SegmentedRaftLogWorker (SegmentedRaftLogWorker.java:close(228)) - 996a256c-fd43-494a-96f3-903b907c5248@group-74C3AED4701A-SegmentedRaftLogWorker close()
2019-09-12 06:40:44,877 [996a256c-fd43-494a-96f3-903b907c5248@group-C5E42DFE1AE1-StateMachineUpdater] INFO  ratis.ContainerStateMachine (ContainerStateMachine.java:takeSnapshot(300)) - group-C5E42DFE1AE1: Finished taking a snapshot at:(t:2, i:12) file:/workdir/hadoop-ozone/integration-test/target/test-dir/MiniOzoneClusterImpl-37405de7-47da-4aca-9355-033741c24d37/datanode-0/data/ratis/6e0c92e2-c840-41d7-8bdb-c5e42dfe1ae1/sm/snapshot.2_12 time:13
2019-09-12 06:40:44,877 [996a256c-fd43-494a-96f3-903b907c5248@group-C5E42DFE1AE1-StateMachineUpdater] INFO  impl.StateMachineUpdater (StateMachineUpdater.java:takeSnapshot(258)) - 996a256c-fd43-494a-96f3-903b907c5248@group-C5E42DFE1AE1-StateMachineUpdater: Took a snapshot at index 12
2019-09-12 06:40:44,877 [996a256c-fd43-494a-96f3-903b907c5248@group-C5E42DFE1AE1-StateMachineUpdater] INFO  impl.StateMachineUpdater (StateMachineUpdater.java:lambda$new$0(83)) - 996a256c-fd43-494a-96f3-903b907c5248@group-C5E42DFE1AE1-StateMachineUpdater: snapshotIndex: updateIncreasingly -1 -> 12
2019-09-12 06:40:44,878 [996a256c-fd43-494a-96f3-903b907c5248@group-C5E42DFE1AE1-StateMachineUpdater] INFO  ratis.ContainerStateMachine (ContainerStateMachine.java:takeSnapshot(289)) - group-C5E42DFE1AE1: Taking a snapshot at:(t:2, i:12) file /workdir/hadoop-ozone/integration-test/target/test-dir/MiniOzoneClusterImpl-37405de7-47da-4aca-9355-033741c24d37/datanode-0/data/ratis/6e0c92e2-c840-41d7-8bdb-c5e42dfe1ae1/sm/snapshot.2_12
2019-09-12 06:40:44,890 [996a256c-fd43-494a-96f3-903b907c5248@group-C5E42DFE1AE1-StateMachineUpdater] INFO  ratis.ContainerStateMachine (ContainerStateMachine.java:takeSnapshot(300)) - group-C5E42DFE1AE1: Finished taking a snapshot at:(t:2, i:12) file:/workdir/hadoop-ozone/integration-test/target/test-dir/MiniOzoneClusterImpl-37405de7-47da-4aca-9355-033741c24d37/datanode-0/data/ratis/6e0c92e2-c840-41d7-8bdb-c5e42dfe1ae1/sm/snapshot.2_12 time:13
2019-09-12 06:40:44,890 [996a256c-fd43-494a-96f3-903b907c5248@group-C5E42DFE1AE1-StateMachineUpdater] INFO  impl.StateMachineUpdater (StateMachineUpdater.java:takeSnapshot(258)) - 996a256c-fd43-494a-96f3-903b907c5248@group-C5E42DFE1AE1-StateMachineUpdater: Took a snapshot at index 12
2019-09-12 06:40:44,891 [996a256c-fd43-494a-96f3-903b907c5248@group-C5E42DFE1AE1-StateMachineUpdater] INFO  impl.StateMachineUpdater (StateMachineUpdater.java:lambda$new$0(83)) - 996a256c-fd43-494a-96f3-903b907c5248@group-C5E42DFE1AE1-StateMachineUpdater: snapshotIndex: updateIncreasingly 12 -> 12
2019-09-12 06:40:44,891 [ForkJoinPool.commonPool-worker-0] INFO  impl.RaftServerImpl (ServerState.java:close(385)) - 996a256c-fd43-494a-96f3-903b907c5248@group-C5E42DFE1AE1: closes. applyIndex: 16
2019-09-12 06:40:44,893 [996a256c-fd43-494a-96f3-903b907c5248@group-C5E42DFE1AE1-SegmentedRaftLogWorker] ERROR ratis.XceiverServerRatis (XceiverServerRatis.java:triggerPipelineClose(568)) - pipeline Action CLOSE  on pipeline PipelineID=6e0c92e2-c840-41d7-8bdb-c5e42dfe1ae1.Reason : WriteLog:17: (t:2, i:17), STATEMACHINELOGENTRY, client-C89BF4EDCA02, cid=52-writeStateMachineData interrupted.
2019-09-12 06:40:44,893 [ForkJoinPool.commonPool-worker-0] INFO  segmented.SegmentedRaftLogWorker (SegmentedRaftLogWorker.java:close(228)) - 996a256c-fd43-494a-96f3-903b907c5248@group-C5E42DFE1AE1-SegmentedRaftLogWorker close()
2019-09-12 06:40:44,895 [main] INFO  server.GrpcService (GrpcService.java:closeImpl(164)) - 996a256c-fd43-494a-96f3-903b907c5248: shutdown server with port 43167 now
2019-09-12 06:40:44,896 [main] INFO  server.GrpcService (GrpcService.java:closeImpl(172)) - 996a256c-fd43-494a-96f3-903b907c5248: shutdown server with port 43167 successfully
2019-09-12 06:40:44,901 [refreshUsed-/workdir/hadoop-ozone/integration-test/target/test-dir/MiniOzoneClusterImpl-37405de7-47da-4aca-9355-033741c24d37/datanode-0/data/containers] WARN  fs.CachingGetSpaceUsed (CachingGetSpaceUsed.java:run(183)) - Thread Interrupted waiting to refresh disk information: sleep interrupted
2019-09-12 06:40:44,917 [main] INFO  utils.BackgroundService (BackgroundService.java:shutdown(148)) - Shutting down service BlockDeletingService
2019-09-12 06:40:44,921 [main] INFO  statemachine.DatanodeStateMachine (DatanodeStateMachine.java:stopDaemon(395)) - Ozone container server stopped.
2019-09-12 06:40:44,923 [main] INFO  handler.ContextHandler (ContextHandler.java:doStop(910)) - Stopped o.e.j.w.WebAppContext@476fe690{/,null,UNAVAILABLE}{/hddsDatanode}
2019-09-12 06:40:44,924 [main] INFO  server.AbstractConnector (AbstractConnector.java:doStop(318)) - Stopped ServerConnector@7a0e7ecd{HTTP/1.1,[http/1.1]}{0.0.0.0:0}
2019-09-12 06:40:44,924 [main] INFO  handler.ContextHandler (ContextHandler.java:doStop(910)) - Stopped o.e.j.s.ServletContextHandler@6920614{/static,jar:file:/home/user/.m2/repository/org/apache/hadoop/hadoop-hdds-container-service/0.5.0-SNAPSHOT/hadoop-hdds-container-service-0.5.0-SNAPSHOT.jar!/webapps/static,UNAVAILABLE}
2019-09-12 06:40:44,924 [main] INFO  handler.ContextHandler (ContextHandler.java:doStop(910)) - Stopped o.e.j.s.ServletContextHandler@1effd53c{/logs,file:///workdir/hadoop-ozone/integration-test/target/log,UNAVAILABLE}
2019-09-12 06:40:45,892 [Datanode State Machine Thread - 0] INFO  statemachine.DatanodeStateMachine (DatanodeStateMachine.java:lambda$startDaemon$0(350)) - Ozone container server started.
2019-09-12 06:40:49,927 [main] INFO  ozoneimpl.OzoneContainer (OzoneContainer.java:stop(231)) - Attempting to stop container services.
2019-09-12 06:40:49,929 [main] INFO  impl.RaftServerProxy (RaftServerProxy.java:lambda$close$4(314)) - 3ae969e4-2e35-40bf-9e0e-95acae9da5a5: close
2019-09-12 06:40:49,930 [main] INFO  impl.RaftServerImpl (RaftServerImpl.java:lambda$shutdown$3(251)) - 3ae969e4-2e35-40bf-9e0e-95acae9da5a5@group-3C3ABBECBF4F: shutdown
2019-09-12 06:40:49,931 [main] INFO  util.JmxRegister (JmxRegister.java:unregister(73)) - Successfully un-registered JMX Bean with object name Ratis:service=RaftServer,group=group-3C3ABBECBF4F,id=3ae969e4-2e35-40bf-9e0e-95acae9da5a5
2019-09-12 06:40:49,931 [main] INFO  impl.RoleInfo (RoleInfo.java:shutdownFollowerState(121)) - 3ae969e4-2e35-40bf-9e0e-95acae9da5a5: shutdown FollowerState
2019-09-12 06:40:49,932 [main] INFO  impl.StateMachineUpdater (StateMachineUpdater.java:stopAndJoin(125)) - 3ae969e4-2e35-40bf-9e0e-95acae9da5a5@group-3C3ABBECBF4F-StateMachineUpdater: set stopIndex = 16
2019-09-12 06:40:49,932 [3ae969e4-2e35-40bf-9e0e-95acae9da5a5@group-3C3ABBECBF4F-StateMachineUpdater] INFO  ratis.ContainerStateMachine (ContainerStateMachine.java:takeSnapshot(289)) - group-3C3ABBECBF4F: Taking a snapshot at:(t:2, i:12) file /workdir/hadoop-ozone/integration-test/target/test-dir/MiniOzoneClusterImpl-37405de7-47da-4aca-9355-033741c24d37/datanode-1/data/ratis/d2999b0e-6ab5-4d00-8298-3c3abbecbf4f/sm/snapshot.2_12
2019-09-12 06:40:49,932 [Thread-420] INFO  impl.FollowerState (FollowerState.java:run(115)) - 3ae969e4-2e35-40bf-9e0e-95acae9da5a5: FollowerState was interrupted: java.lang.InterruptedException: sleep interrupted
2019-09-12 06:40:49,946 [3ae969e4-2e35-40bf-9e0e-95acae9da5a5@group-3C3ABBECBF4F-StateMachineUpdater] INFO  ratis.ContainerStateMachine (ContainerStateMachine.java:takeSnapshot(300)) - group-3C3ABBECBF4F: Finished taking a snapshot at:(t:2, i:12) file:/workdir/hadoop-ozone/integration-test/target/test-dir/MiniOzoneClusterImpl-37405de7-47da-4aca-9355-033741c24d37/datanode-1/data/ratis/d2999b0e-6ab5-4d00-8298-3c3abbecbf4f/sm/snapshot.2_12 time:14
2019-09-12 06:40:49,946 [3ae969e4-2e35-40bf-9e0e-95acae9da5a5@group-3C3ABBECBF4F-StateMachineUpdater] INFO  impl.StateMachineUpdater (StateMachineUpdater.java:takeSnapshot(258)) - 3ae969e4-2e35-40bf-9e0e-95acae9da5a5@group-3C3ABBECBF4F-StateMachineUpdater: Took a snapshot at index 12
2019-09-12 06:40:49,946 [3ae969e4-2e35-40bf-9e0e-95acae9da5a5@group-3C3ABBECBF4F-StateMachineUpdater] INFO  impl.StateMachineUpdater (StateMachineUpdater.java:lambda$new$0(83)) - 3ae969e4-2e35-40bf-9e0e-95acae9da5a5@group-3C3ABBECBF4F-StateMachineUpdater: snapshotIndex: updateIncreasingly -1 -> 12
2019-09-12 06:40:49,947 [3ae969e4-2e35-40bf-9e0e-95acae9da5a5@group-3C3ABBECBF4F-StateMachineUpdater] INFO  ratis.ContainerStateMachine (ContainerStateMachine.java:takeSnapshot(289)) - group-3C3ABBECBF4F: Taking a snapshot at:(t:2, i:12) file /workdir/hadoop-ozone/integration-test/target/test-dir/MiniOzoneClusterImpl-37405de7-47da-4aca-9355-033741c24d37/datanode-1/data/ratis/d2999b0e-6ab5-4d00-8298-3c3abbecbf4f/sm/snapshot.2_12
2019-09-12 06:40:49,959 [3ae969e4-2e35-40bf-9e0e-95acae9da5a5@group-3C3ABBECBF4F-StateMachineUpdater] INFO  ratis.ContainerStateMachine (ContainerStateMachine.java:takeSnapshot(300)) - group-3C3ABBECBF4F: Finished taking a snapshot at:(t:2, i:12) file:/workdir/hadoop-ozone/integration-test/target/test-dir/MiniOzoneClusterImpl-37405de7-47da-4aca-9355-033741c24d37/datanode-1/data/ratis/d2999b0e-6ab5-4d00-8298-3c3abbecbf4f/sm/snapshot.2_12 time:12
2019-09-12 06:40:49,959 [3ae969e4-2e35-40bf-9e0e-95acae9da5a5@group-3C3ABBECBF4F-StateMachineUpdater] INFO  impl.StateMachineUpdater (StateMachineUpdater.java:takeSnapshot(258)) - 3ae969e4-2e35-40bf-9e0e-95acae9da5a5@group-3C3ABBECBF4F-StateMachineUpdater: Took a snapshot at index 12
2019-09-12 06:40:49,959 [3ae969e4-2e35-40bf-9e0e-95acae9da5a5@group-3C3ABBECBF4F-StateMachineUpdater] INFO  impl.StateMachineUpdater (StateMachineUpdater.java:lambda$new$0(83)) - 3ae969e4-2e35-40bf-9e0e-95acae9da5a5@group-3C3ABBECBF4F-StateMachineUpdater: snapshotIndex: updateIncreasingly 12 -> 12
2019-09-12 06:40:49,959 [main] INFO  impl.RaftServerImpl (ServerState.java:close(385)) - 3ae969e4-2e35-40bf-9e0e-95acae9da5a5@group-3C3ABBECBF4F: closes. applyIndex: 16
2019-09-12 06:40:49,962 [3ae969e4-2e35-40bf-9e0e-95acae9da5a5@group-3C3ABBECBF4F-SegmentedRaftLogWorker] ERROR ratis.XceiverServerRatis (XceiverServerRatis.java:triggerPipelineClose(568)) - pipeline Action CLOSE  on pipeline PipelineID=d2999b0e-6ab5-4d00-8298-3c3abbecbf4f.Reason : WriteLog:17: (t:2, i:17), STATEMACHINELOGENTRY, client-8B9783ACE8AA, cid=39-writeStateMachineData interrupted.
2019-09-12 06:40:49,963 [main] INFO  segmented.SegmentedRaftLogWorker (SegmentedRaftLogWorker.java:close(228)) - 3ae969e4-2e35-40bf-9e0e-95acae9da5a5@group-3C3ABBECBF4F-SegmentedRaftLogWorker close()
2019-09-12 06:40:49,964 [main] INFO  impl.RaftServerImpl (RaftServerImpl.java:lambda$shutdown$3(251)) - 3ae969e4-2e35-40bf-9e0e-95acae9da5a5@group-D98DF6F48314: shutdown
2019-09-12 06:40:49,965 [main] INFO  util.JmxRegister (JmxRegister.java:unregister(73)) - Successfully un-registered JMX Bean with object name Ratis:service=RaftServer,group=group-D98DF6F48314,id=3ae969e4-2e35-40bf-9e0e-95acae9da5a5
2019-09-12 06:40:49,965 [main] INFO  impl.RoleInfo (RoleInfo.java:shutdownLeaderState(104)) - 3ae969e4-2e35-40bf-9e0e-95acae9da5a5: shutdown LeaderState
2019-09-12 06:40:49,966 [main] INFO  impl.PendingRequests (PendingRequests.java:sendNotLeaderResponses(202)) - 3ae969e4-2e35-40bf-9e0e-95acae9da5a5-PendingRequests: sendNotLeaderResponses
2019-09-12 06:40:49,966 [main] INFO  impl.StateMachineUpdater (StateMachineUpdater.java:stopAndJoin(125)) - 3ae969e4-2e35-40bf-9e0e-95acae9da5a5@group-D98DF6F48314-StateMachineUpdater: set stopIndex = 0
2019-09-12 06:40:49,967 [main] INFO  impl.RaftServerImpl (ServerState.java:close(385)) - 3ae969e4-2e35-40bf-9e0e-95acae9da5a5@group-D98DF6F48314: closes. applyIndex: 0
2019-09-12 06:40:49,967 [3ae969e4-2e35-40bf-9e0e-95acae9da5a5@group-D98DF6F48314-SegmentedRaftLogWorker] INFO  segmented.SegmentedRaftLogWorker (SegmentedRaftLogWorker.java:run(313)) - 3ae969e4-2e35-40bf-9e0e-95acae9da5a5@group-D98DF6F48314-SegmentedRaftLogWorker was interrupted, exiting. There are 0 tasks remaining in the queue.
2019-09-12 06:40:49,968 [main] INFO  segmented.SegmentedRaftLogWorker (SegmentedRaftLogWorker.java:close(228)) - 3ae969e4-2e35-40bf-9e0e-95acae9da5a5@group-D98DF6F48314-SegmentedRaftLogWorker close()
2019-09-12 06:40:49,969 [main] INFO  server.GrpcService (GrpcService.java:closeImpl(164)) - 3ae969e4-2e35-40bf-9e0e-95acae9da5a5: shutdown server with port 34023 now
2019-09-12 06:40:49,970 [main] INFO  server.GrpcService (GrpcService.java:closeImpl(172)) - 3ae969e4-2e35-40bf-9e0e-95acae9da5a5: shutdown server with port 34023 successfully
2019-09-12 06:40:49,977 [refreshUsed-/workdir/hadoop-ozone/integration-test/target/test-dir/MiniOzoneClusterImpl-37405de7-47da-4aca-9355-033741c24d37/datanode-1/data/containers] WARN  fs.CachingGetSpaceUsed (CachingGetSpaceUsed.java:run(183)) - Thread Interrupted waiting to refresh disk information: sleep interrupted
2019-09-12 06:40:49,997 [main] INFO  utils.BackgroundService (BackgroundService.java:shutdown(148)) - Shutting down service BlockDeletingService
2019-09-12 06:40:50,000 [main] INFO  statemachine.DatanodeStateMachine (DatanodeStateMachine.java:stopDaemon(395)) - Ozone container server stopped.
2019-09-12 06:40:50,002 [main] INFO  handler.ContextHandler (ContextHandler.java:doStop(910)) - Stopped o.e.j.w.WebAppContext@49faf066{/,null,UNAVAILABLE}{/hddsDatanode}
2019-09-12 06:40:50,003 [main] INFO  server.AbstractConnector (AbstractConnector.java:doStop(318)) - Stopped ServerConnector@6f94a5a5{HTTP/1.1,[http/1.1]}{0.0.0.0:0}
2019-09-12 06:40:50,003 [main] INFO  handler.ContextHandler (ContextHandler.java:doStop(910)) - Stopped o.e.j.s.ServletContextHandler@18d910b3{/static,jar:file:/home/user/.m2/repository/org/apache/hadoop/hadoop-hdds-container-service/0.5.0-SNAPSHOT/hadoop-hdds-container-service-0.5.0-SNAPSHOT.jar!/webapps/static,UNAVAILABLE}
2019-09-12 06:40:50,004 [main] INFO  handler.ContextHandler (ContextHandler.java:doStop(910)) - Stopped o.e.j.s.ServletContextHandler@26cb5207{/logs,file:///workdir/hadoop-ozone/integration-test/target/log,UNAVAILABLE}
2019-09-12 06:40:50,005 [main] INFO  ozone.MiniOzoneClusterImpl (MiniOzoneClusterImpl.java:stop(339)) - Stopping the StorageContainerManager
2019-09-12 06:40:50,006 [main] INFO  server.StorageContainerManager (StorageContainerManager.java:stop(801)) - Stopping Replication Manager Service.
2019-09-12 06:40:50,006 [main] INFO  container.ReplicationManager (ReplicationManager.java:stop(203)) - Stopping Replication Monitor Thread.
2019-09-12 06:40:50,006 [main] INFO  server.StorageContainerManager (StorageContainerManager.java:stop(808)) - Stopping Lease Manager of the command watchers
2019-09-12 06:40:50,006 [main] INFO  server.StorageContainerManager (StorageContainerManager.java:stop(815)) - Stopping datanode service RPC server
2019-09-12 06:40:50,007 [main] INFO  server.SCMDatanodeProtocolServer (SCMDatanodeProtocolServer.java:stop(367)) - Stopping the RPC server for DataNodes
2019-09-12 06:40:50,007 [main] INFO  ipc.Server (Server.java:stop(3082)) - Stopping server on 33197
2019-09-12 06:40:50,009 [IPC Server listener on 33197] INFO  ipc.Server (Server.java:run(1185)) - Stopping IPC Server listener on 33197
2019-09-12 06:40:50,009 [IPC Server Responder] INFO  ipc.Server (Server.java:run(1319)) - Stopping IPC Server Responder
2019-09-12 06:40:50,084 [SCM Heartbeat Processing Thread - 0] WARN  node.NodeStateManager (NodeStateManager.java:scheduleNextHealthCheck(646)) - Current Thread is interrupted, shutting down HB processing thread for Node Manager.
2019-09-12 06:40:50,085 [main] INFO  server.StorageContainerManager (StorageContainerManager.java:stop(823)) - Stopping block service RPC server
2019-09-12 06:40:50,085 [main] INFO  server.SCMBlockProtocolServer (SCMBlockProtocolServer.java:stop(155)) - Stopping the RPC server for Block Protocol
2019-09-12 06:40:50,086 [main] INFO  ipc.Server (Server.java:stop(3082)) - Stopping server on 35485
2019-09-12 06:40:50,088 [IPC Server listener on 35485] INFO  ipc.Server (Server.java:run(1185)) - Stopping IPC Server listener on 35485
2019-09-12 06:40:50,088 [IPC Server Responder] INFO  ipc.Server (Server.java:run(1319)) - Stopping IPC Server Responder
2019-09-12 06:40:50,088 [main] INFO  server.StorageContainerManager (StorageContainerManager.java:stop(830)) - Stopping the StorageContainerLocationProtocol RPC server
2019-09-12 06:40:50,089 [main] INFO  server.SCMClientProtocolServer (SCMClientProtocolServer.java:stop(159)) - Stopping the RPC server for Client Protocol
2019-09-12 06:40:50,089 [main] INFO  ipc.Server (Server.java:stop(3082)) - Stopping server on 33798
2019-09-12 06:40:50,094 [IPC Server listener on 33798] INFO  ipc.Server (Server.java:run(1185)) - Stopping IPC Server listener on 33798
2019-09-12 06:40:50,095 [IPC Server Responder] INFO  ipc.Server (Server.java:run(1319)) - Stopping IPC Server Responder
2019-09-12 06:40:50,095 [main] INFO  server.StorageContainerManager (StorageContainerManager.java:stop(837)) - Stopping Storage Container Manager HTTP server.
2019-09-12 06:40:50,096 [main] INFO  handler.ContextHandler (ContextHandler.java:doStop(910)) - Stopped o.e.j.w.WebAppContext@7555b920{/,null,UNAVAILABLE}{/scm}
2019-09-12 06:40:50,097 [main] INFO  server.AbstractConnector (AbstractConnector.java:doStop(318)) - Stopped ServerConnector@6db66836{HTTP/1.1,[http/1.1]}{0.0.0.0:0}
2019-09-12 06:40:50,098 [main] INFO  handler.ContextHandler (ContextHandler.java:doStop(910)) - Stopped o.e.j.s.ServletContextHandler@6622fc65{/static,file:///workdir/hadoop-ozone/integration-test/target/test-classes/webapps/static,UNAVAILABLE}
2019-09-12 06:40:50,099 [main] INFO  handler.ContextHandler (ContextHandler.java:doStop(910)) - Stopped o.e.j.s.ServletContextHandler@732f29af{/logs,file:///workdir/hadoop-ozone/integration-test/target/log,UNAVAILABLE}
2019-09-12 06:40:50,100 [main] INFO  server.StorageContainerManager (StorageContainerManager.java:stop(848)) - Stopping Block Manager Service.
2019-09-12 06:40:50,101 [main] INFO  utils.BackgroundService (BackgroundService.java:shutdown(148)) - Shutting down service SCMBlockDeletingService
2019-09-12 06:40:50,101 [main] INFO  utils.BackgroundService (BackgroundService.java:shutdown(148)) - Shutting down service SCMBlockDeletingService
2019-09-12 06:40:50,102 [main] INFO  server.StorageContainerManager (StorageContainerManager.java:stop(870)) - Stopping SCM Event Queue.
2019-09-12 06:40:50,108 [main] INFO  impl.MetricsSystemImpl (MetricsSystemImpl.java:stop(210)) - Stopping XceiverClientMetrics metrics system...
2019-09-12 06:40:50,120 [prometheus] INFO  impl.MetricsSinkAdapter (MetricsSinkAdapter.java:publishMetricsFromQueue(141)) - prometheus thread interrupted.
2019-09-12 06:40:50,120 [main] INFO  impl.MetricsSystemImpl (MetricsSystemImpl.java:stop(216)) - XceiverClientMetrics metrics system stopped.
]]></system-out>
    <system-err><![CDATA[ERROR StatusLogger No Log4j 2 configuration file found. Using default configuration (logging only errors to the console), or user programmatically provided configurations. Set system property 'log4j2.debug' to show Log4j 2 internal initialization logging. See https://logging.apache.org/log4j/2.x/manual/configuration.html for instructions on how to configure Log4j 2
Sep 12, 2019 6:40:29 AM org.apache.ratis.thirdparty.io.grpc.internal.SerializingExecutor run
SEVERE: Exception while executing runnable org.apache.ratis.thirdparty.io.grpc.internal.ServerImpl$JumpToApplicationThreadServerStreamListener$1Closed@2470b3dc
org.apache.ratis.thirdparty.io.grpc.StatusRuntimeException: CANCELLED: call already cancelled
	at org.apache.ratis.thirdparty.io.grpc.Status.asRuntimeException(Status.java:517)
	at org.apache.ratis.thirdparty.io.grpc.stub.ServerCalls$ServerCallStreamObserverImpl.onCompleted(ServerCalls.java:356)
	at org.apache.ratis.grpc.server.GrpcServerProtocolService$ServerRequestStreamObserver.onError(GrpcServerProtocolService.java:121)
	at org.apache.ratis.thirdparty.io.grpc.stub.ServerCalls$StreamingServerCallHandler$StreamingServerCallListener.onCancel(ServerCalls.java:269)
	at org.apache.ratis.thirdparty.io.grpc.internal.ServerCallImpl$ServerStreamListenerImpl.closed(ServerCallImpl.java:293)
	at org.apache.ratis.thirdparty.io.grpc.internal.ServerImpl$JumpToApplicationThreadServerStreamListener$1Closed.runInContext(ServerImpl.java:741)
	at org.apache.ratis.thirdparty.io.grpc.internal.ContextRunnable.run(ContextRunnable.java:37)
	at org.apache.ratis.thirdparty.io.grpc.internal.SerializingExecutor.run(SerializingExecutor.java:123)
	at java.util.concurrent.ThreadPoolExecutor.runWorker(ThreadPoolExecutor.java:1149)
	at java.util.concurrent.ThreadPoolExecutor$Worker.run(ThreadPoolExecutor.java:624)
	at java.lang.Thread.run(Thread.java:748)

Sep 12, 2019 6:40:34 AM org.apache.ratis.thirdparty.io.grpc.internal.SerializingExecutor run
SEVERE: Exception while executing runnable org.apache.ratis.thirdparty.io.grpc.internal.ServerImpl$JumpToApplicationThreadServerStreamListener$1Closed@804aa03
org.apache.ratis.thirdparty.io.grpc.StatusRuntimeException: CANCELLED: call already cancelled
	at org.apache.ratis.thirdparty.io.grpc.Status.asRuntimeException(Status.java:517)
	at org.apache.ratis.thirdparty.io.grpc.stub.ServerCalls$ServerCallStreamObserverImpl.onCompleted(ServerCalls.java:356)
	at org.apache.ratis.grpc.server.GrpcServerProtocolService$ServerRequestStreamObserver.onError(GrpcServerProtocolService.java:121)
	at org.apache.ratis.thirdparty.io.grpc.stub.ServerCalls$StreamingServerCallHandler$StreamingServerCallListener.onCancel(ServerCalls.java:269)
	at org.apache.ratis.thirdparty.io.grpc.internal.ServerCallImpl$ServerStreamListenerImpl.closed(ServerCallImpl.java:293)
	at org.apache.ratis.thirdparty.io.grpc.internal.ServerImpl$JumpToApplicationThreadServerStreamListener$1Closed.runInContext(ServerImpl.java:741)
	at org.apache.ratis.thirdparty.io.grpc.internal.ContextRunnable.run(ContextRunnable.java:37)
	at org.apache.ratis.thirdparty.io.grpc.internal.SerializingExecutor.run(SerializingExecutor.java:123)
	at java.util.concurrent.ThreadPoolExecutor.runWorker(ThreadPoolExecutor.java:1149)
	at java.util.concurrent.ThreadPoolExecutor$Worker.run(ThreadPoolExecutor.java:624)
	at java.lang.Thread.run(Thread.java:748)

]]></system-err>
  </testcase>
  <testcase name="testMultiBlockWritesWithDnFailures" classname="org.apache.hadoop.ozone.client.rpc.TestMultiBlockWritesWithDnFailures" time="38.631"/>
</testsuite>